<?xml version="1.0" encoding="UTF-8"?>
<testsuite xmlns:xsi="http://www.w3.org/2001/XMLSchema-instance" xsi:noNamespaceSchemaLocation="https://maven.apache.org/surefire/maven-surefire-plugin/xsd/surefire-test-report.xsd" version="3.0.2" name="org.apache.hadoop.ozone.client.rpc.TestFailureHandlingByClient" time="218.877" tests="7" errors="0" skipped="0" failures="2">
  <properties>
    <property name="java.specification.version" value="21"/>
    <property name="sun.jnu.encoding" value="UTF-8"/>
    <property name="java.class.path" value="/home/runner/work/ozone/ozone/hadoop-ozone/integration-test/target/test-classes:/home/runner/work/ozone/ozone/hadoop-ozone/integration-test/target/classes:/home/runner/.m2/repository/ch/qos/reload4j/reload4j/1.2.26/reload4j-1.2.26.jar:/home/runner/.m2/repository/com/fasterxml/jackson/core/jackson-core/2.16.2/jackson-core-2.16.2.jar:/home/runner/.m2/repository/com/fasterxml/jackson/core/jackson-databind/2.16.2/jackson-databind-2.16.2.jar:/home/runner/.m2/repository/com/fasterxml/jackson/core/jackson-annotations/2.16.2/jackson-annotations-2.16.2.jar:/home/runner/.m2/repository/com/github/stephenc/jcip/jcip-annotations/1.0-1/jcip-annotations-1.0-1.jar:/home/runner/.m2/repository/com/google/guava/guava/33.5.0-jre/guava-33.5.0-jre.jar:/home/runner/.m2/repository/com/google/guava/failureaccess/1.0.3/failureaccess-1.0.3.jar:/home/runner/.m2/repository/com/google/guava/listenablefuture/9999.0-empty-to-avoid-conflict-with-guava/listenablefuture-9999.0-empty-to-avoid-conflict-with-guava.jar:/home/runner/.m2/repository/org/jspecify/jspecify/1.0.0/jspecify-1.0.0.jar:/home/runner/.m2/repository/com/google/errorprone/error_prone_annotations/2.29.2/error_prone_annotations-2.29.2.jar:/home/runner/.m2/repository/com/google/j2objc/j2objc-annotations/3.1/j2objc-annotations-3.1.jar:/home/runner/.m2/repository/com/google/protobuf/protobuf-java/2.5.0/protobuf-java-2.5.0.jar:/home/runner/.m2/repository/com/squareup/okhttp3/okhttp/4.12.0/okhttp-4.12.0.jar:/home/runner/.m2/repository/com/squareup/okio/okio/3.6.0/okio-3.6.0.jar:/home/runner/.m2/repository/com/squareup/okio/okio-jvm/3.6.0/okio-jvm-3.6.0.jar:/home/runner/.m2/repository/org/jetbrains/kotlin/kotlin-stdlib-common/1.9.25/kotlin-stdlib-common-1.9.25.jar:/home/runner/.m2/repository/org/jetbrains/kotlin/kotlin-stdlib-jdk8/1.9.25/kotlin-stdlib-jdk8-1.9.25.jar:/home/runner/.m2/repository/org/jetbrains/kotlin/kotlin-stdlib/1.9.25/kotlin-stdlib-1.9.25.jar:/home/runner/.m2/repository/org/jetbrains/annotations/13.0/annotations-13.0.jar:/home/runner/.m2/repository/org/jetbrains/kotlin/kotlin-stdlib-jdk7/1.9.25/kotlin-stdlib-jdk7-1.9.25.jar:/home/runner/.m2/repository/commons-codec/commons-codec/1.18.0/commons-codec-1.18.0.jar:/home/runner/.m2/repository/commons-io/commons-io/2.18.0/commons-io-2.18.0.jar:/home/runner/.m2/repository/commons-validator/commons-validator/1.10.0/commons-validator-1.10.0.jar:/home/runner/.m2/repository/commons-beanutils/commons-beanutils/1.11.0/commons-beanutils-1.11.0.jar:/home/runner/.m2/repository/commons-digester/commons-digester/2.1/commons-digester-2.1.jar:/home/runner/.m2/repository/commons-collections/commons-collections/3.2.2/commons-collections-3.2.2.jar:/home/runner/.m2/repository/info/picocli/picocli/4.7.7/picocli-4.7.7.jar:/home/runner/.m2/repository/jakarta/annotation/jakarta.annotation-api/2.1.1/jakarta.annotation-api-2.1.1.jar:/home/runner/.m2/repository/jakarta/xml/bind/jakarta.xml.bind-api/2.3.3/jakarta.xml.bind-api-2.3.3.jar:/home/runner/.m2/repository/jakarta/activation/jakarta.activation-api/1.2.2/jakarta.activation-api-1.2.2.jar:/home/runner/.m2/repository/javax/servlet/javax.servlet-api/3.1.0/javax.servlet-api-3.1.0.jar:/home/runner/.m2/repository/javax/ws/rs/jsr311-api/1.1.1/jsr311-api-1.1.1.jar:/home/runner/.m2/repository/org/apache/commons/commons-compress/1.27.1/commons-compress-1.27.1.jar:/home/runner/.m2/repository/org/apache/commons/commons-lang3/3.18.0/commons-lang3-3.18.0.jar:/home/runner/.m2/repository/org/apache/commons/commons-text/1.13.1/commons-text-1.13.1.jar:/home/runner/.m2/repository/org/apache/hadoop/hadoop-auth/3.4.2/hadoop-auth-3.4.2.jar:/home/runner/.m2/repository/com/nimbusds/nimbus-jose-jwt/10.4/nimbus-jose-jwt-10.4.jar:/home/runner/.m2/repository/io/dropwizard/metrics/metrics-core/3.2.6/metrics-core-3.2.6.jar:/home/runner/.m2/repository/org/apache/kerby/kerb-core/1.0.1/kerb-core-1.0.1.jar:/home/runner/.m2/repository/org/apache/kerby/kerby-pkix/1.0.1/kerby-pkix-1.0.1.jar:/home/runner/.m2/repository/org/apache/kerby/kerby-asn1/1.0.1/kerby-asn1-1.0.1.jar:/home/runner/.m2/repository/org/apache/kerby/kerb-util/1.0.1/kerb-util-1.0.1.jar:/home/runner/.m2/repository/org/apache/kerby/kerby-config/1.0.1/kerby-config-1.0.1.jar:/home/runner/.m2/repository/org/apache/kerby/kerb-crypto/1.0.1/kerb-crypto-1.0.1.jar:/home/runner/.m2/repository/org/apache/hadoop/thirdparty/hadoop-shaded-guava/1.4.0/hadoop-shaded-guava-1.4.0.jar:/home/runner/.m2/repository/org/apache/hadoop/hadoop-common/3.4.2/hadoop-common-3.4.2.jar:/home/runner/.m2/repository/org/apache/hadoop/thirdparty/hadoop-shaded-protobuf_3_25/1.4.0/hadoop-shaded-protobuf_3_25-1.4.0.jar:/home/runner/.m2/repository/org/apache/hadoop/hadoop-annotations/3.4.2/hadoop-annotations-3.4.2.jar:/home/runner/.m2/repository/commons-cli/commons-cli/1.8.0/commons-cli-1.8.0.jar:/home/runner/.m2/repository/commons-net/commons-net/3.11.1/commons-net-3.11.1.jar:/home/runner/.m2/repository/org/apache/commons/commons-collections4/4.4/commons-collections4-4.4.jar:/home/runner/.m2/repository/org/eclipse/jetty/jetty-server/9.4.58.v20250814/jetty-server-9.4.58.v20250814.jar:/home/runner/.m2/repository/org/eclipse/jetty/jetty-io/9.4.58.v20250814/jetty-io-9.4.58.v20250814.jar:/home/runner/.m2/repository/org/eclipse/jetty/jetty-util/9.4.58.v20250814/jetty-util-9.4.58.v20250814.jar:/home/runner/.m2/repository/org/eclipse/jetty/jetty-servlet/9.4.58.v20250814/jetty-servlet-9.4.58.v20250814.jar:/home/runner/.m2/repository/org/eclipse/jetty/jetty-security/9.4.58.v20250814/jetty-security-9.4.58.v20250814.jar:/home/runner/.m2/repository/org/eclipse/jetty/jetty-webapp/9.4.58.v20250814/jetty-webapp-9.4.58.v20250814.jar:/home/runner/.m2/repository/org/eclipse/jetty/jetty-xml/9.4.58.v20250814/jetty-xml-9.4.58.v20250814.jar:/home/runner/.m2/repository/javax/servlet/jsp/jsp-api/2.1/jsp-api-2.1.jar:/home/runner/.m2/repository/org/codehaus/jettison/jettison/1.5.4/jettison-1.5.4.jar:/home/runner/.m2/repository/org/apache/commons/commons-configuration2/2.12.0/commons-configuration2-2.12.0.jar:/home/runner/.m2/repository/com/google/re2j/re2j/1.7/re2j-1.7.jar:/home/runner/.m2/repository/com/google/code/gson/gson/2.13.1/gson-2.13.1.jar:/home/runner/.m2/repository/com/jcraft/jsch/0.1.55/jsch-0.1.55.jar:/home/runner/.m2/repository/io/netty/netty-handler/4.1.119.Final/netty-handler-4.1.119.Final.jar:/home/runner/.m2/repository/io/netty/netty-resolver/4.1.119.Final/netty-resolver-4.1.119.Final.jar:/home/runner/.m2/repository/io/netty/netty-transport-native-epoll/4.1.119.Final/netty-transport-native-epoll-4.1.119.Final.jar:/home/runner/.m2/repository/org/bouncycastle/bcprov-jdk18on/1.81/bcprov-jdk18on-1.81.jar:/home/runner/.m2/repository/org/codehaus/woodstox/stax2-api/4.2.1/stax2-api-4.2.1.jar:/home/runner/.m2/repository/com/fasterxml/woodstox/woodstox-core/5.4.0/woodstox-core-5.4.0.jar:/home/runner/.m2/repository/dnsjava/dnsjava/3.6.1/dnsjava-3.6.1.jar:/home/runner/.m2/repository/org/apache/hadoop/hadoop-common/3.4.2/hadoop-common-3.4.2-tests.jar:/home/runner/.m2/repository/org/apache/commons/commons-math3/3.6.1/commons-math3-3.6.1.jar:/home/runner/.m2/repository/com/sun/jersey/jersey-core/1.19.4/jersey-core-1.19.4.jar:/home/runner/.m2/repository/com/sun/jersey/jersey-servlet/1.19.4/jersey-servlet-1.19.4.jar:/home/runner/.m2/repository/com/github/pjfanning/jersey-json/1.22.0/jersey-json-1.22.0.jar:/home/runner/.m2/repository/com/sun/xml/bind/jaxb-impl/2.2.3-1/jaxb-impl-2.2.3-1.jar:/home/runner/.m2/repository/com/sun/jersey/jersey-server/1.19.4/jersey-server-1.19.4.jar:/home/runner/.m2/repository/org/slf4j/slf4j-reload4j/2.0.17/slf4j-reload4j-2.0.17.jar:/home/runner/.m2/repository/org/apache/avro/avro/1.11.4/avro-1.11.4.jar:/home/runner/.m2/repository/org/apache/curator/curator-client/4.2.0/curator-client-4.2.0.jar:/home/runner/.m2/repository/org/apache/curator/curator-recipes/5.2.0/curator-recipes-5.2.0.jar:/home/runner/.m2/repository/org/apache/curator/curator-framework/4.2.0/curator-framework-4.2.0.jar:/home/runner/.m2/repository/com/google/code/findbugs/jsr305/3.0.2/jsr305-3.0.2.jar:/home/runner/.m2/repository/org/apache/zookeeper/zookeeper/3.8.4/zookeeper-3.8.4.jar:/home/runner/.m2/repository/org/apache/zookeeper/zookeeper-jute/3.8.4/zookeeper-jute-3.8.4.jar:/home/runner/.m2/repository/org/apache/yetus/audience-annotations/0.12.0/audience-annotations-0.12.0.jar:/home/runner/.m2/repository/org/xerial/snappy/snappy-java/1.1.10.8/snappy-java-1.1.10.8.jar:/home/runner/.m2/repository/org/apache/hadoop/hadoop-distcp/3.4.2/hadoop-distcp-3.4.2.jar:/home/runner/.m2/repository/org/apache/hadoop/hadoop-distcp/3.4.2/hadoop-distcp-3.4.2-tests.jar:/home/runner/.m2/repository/org/apache/hadoop/hadoop-hdfs/3.4.2/hadoop-hdfs-3.4.2.jar:/home/runner/.m2/repository/org/eclipse/jetty/jetty-util-ajax/9.4.58.v20250814/jetty-util-ajax-9.4.58.v20250814.jar:/home/runner/.m2/repository/commons-daemon/commons-daemon/1.4.0/commons-daemon-1.4.0.jar:/home/runner/.m2/repository/org/apache/hadoop/hadoop-hdfs/3.4.2/hadoop-hdfs-3.4.2-tests.jar:/home/runner/.m2/repository/io/netty/netty-all/4.1.119.Final/netty-all-4.1.119.Final.jar:/home/runner/.m2/repository/io/netty/netty-codec-dns/4.1.119.Final/netty-codec-dns-4.1.119.Final.jar:/home/runner/.m2/repository/io/netty/netty-codec-haproxy/4.1.119.Final/netty-codec-haproxy-4.1.119.Final.jar:/home/runner/.m2/repository/io/netty/netty-codec-http/4.1.119.Final/netty-codec-http-4.1.119.Final.jar:/home/runner/.m2/repository/io/netty/netty-codec-memcache/4.1.119.Final/netty-codec-memcache-4.1.119.Final.jar:/home/runner/.m2/repository/io/netty/netty-codec-mqtt/4.1.119.Final/netty-codec-mqtt-4.1.119.Final.jar:/home/runner/.m2/repository/io/netty/netty-codec-redis/4.1.119.Final/netty-codec-redis-4.1.119.Final.jar:/home/runner/.m2/repository/io/netty/netty-codec-smtp/4.1.119.Final/netty-codec-smtp-4.1.119.Final.jar:/home/runner/.m2/repository/io/netty/netty-codec-socks/4.1.119.Final/netty-codec-socks-4.1.119.Final.jar:/home/runner/.m2/repository/io/netty/netty-codec-stomp/4.1.119.Final/netty-codec-stomp-4.1.119.Final.jar:/home/runner/.m2/repository/io/netty/netty-codec-xml/4.1.119.Final/netty-codec-xml-4.1.119.Final.jar:/home/runner/.m2/repository/io/netty/netty-handler-ssl-ocsp/4.1.119.Final/netty-handler-ssl-ocsp-4.1.119.Final.jar:/home/runner/.m2/repository/io/netty/netty-resolver-dns/4.1.119.Final/netty-resolver-dns-4.1.119.Final.jar:/home/runner/.m2/repository/io/netty/netty-transport-rxtx/4.1.119.Final/netty-transport-rxtx-4.1.119.Final.jar:/home/runner/.m2/repository/io/netty/netty-transport-sctp/4.1.119.Final/netty-transport-sctp-4.1.119.Final.jar:/home/runner/.m2/repository/io/netty/netty-transport-udt/4.1.119.Final/netty-transport-udt-4.1.119.Final.jar:/home/runner/.m2/repository/io/netty/netty-transport-classes-kqueue/4.1.119.Final/netty-transport-classes-kqueue-4.1.119.Final.jar:/home/runner/.m2/repository/io/netty/netty-resolver-dns-classes-macos/4.1.119.Final/netty-resolver-dns-classes-macos-4.1.119.Final.jar:/home/runner/.m2/repository/io/netty/netty-transport-native-epoll/4.1.119.Final/netty-transport-native-epoll-4.1.119.Final-linux-aarch_64.jar:/home/runner/.m2/repository/io/netty/netty-transport-native-epoll/4.1.119.Final/netty-transport-native-epoll-4.1.119.Final-linux-riscv64.jar:/home/runner/.m2/repository/io/netty/netty-transport-native-kqueue/4.1.119.Final/netty-transport-native-kqueue-4.1.119.Final-osx-x86_64.jar:/home/runner/.m2/repository/io/netty/netty-transport-native-kqueue/4.1.119.Final/netty-transport-native-kqueue-4.1.119.Final-osx-aarch_64.jar:/home/runner/.m2/repository/io/netty/netty-resolver-dns-native-macos/4.1.119.Final/netty-resolver-dns-native-macos-4.1.119.Final-osx-x86_64.jar:/home/runner/.m2/repository/io/netty/netty-resolver-dns-native-macos/4.1.119.Final/netty-resolver-dns-native-macos-4.1.119.Final-osx-aarch_64.jar:/home/runner/.m2/repository/org/fusesource/leveldbjni/leveldbjni-all/1.8/leveldbjni-all-1.8.jar:/home/runner/.m2/repository/org/apache/hadoop/hadoop-hdfs-client/3.4.2/hadoop-hdfs-client-3.4.2.jar:/home/runner/.m2/repository/org/apache/hadoop/hadoop-kms/3.4.2/hadoop-kms-3.4.2.jar:/home/runner/.m2/repository/org/apache/hadoop/hadoop-kms/3.4.2/hadoop-kms-3.4.2-tests.jar:/home/runner/.m2/repository/org/apache/hadoop/hadoop-mapreduce-client-core/3.4.2/hadoop-mapreduce-client-core-3.4.2.jar:/home/runner/.m2/repository/org/apache/hadoop/hadoop-yarn-client/3.4.2/hadoop-yarn-client-3.4.2.jar:/home/runner/.m2/repository/org/eclipse/jetty/websocket/websocket-client/9.4.57.v20241219/websocket-client-9.4.57.v20241219.jar:/home/runner/.m2/repository/org/eclipse/jetty/jetty-client/9.4.58.v20250814/jetty-client-9.4.58.v20250814.jar:/home/runner/.m2/repository/org/eclipse/jetty/websocket/websocket-common/9.4.57.v20241219/websocket-common-9.4.57.v20241219.jar:/home/runner/.m2/repository/org/eclipse/jetty/websocket/websocket-api/9.4.57.v20241219/websocket-api-9.4.57.v20241219.jar:/home/runner/.m2/repository/org/apache/hadoop/hadoop-yarn-api/3.4.2/hadoop-yarn-api-3.4.2.jar:/home/runner/.m2/repository/org/apache/hadoop/hadoop-yarn-common/3.4.2/hadoop-yarn-common-3.4.2.jar:/home/runner/.m2/repository/javax/xml/bind/jaxb-api/2.2.11/jaxb-api-2.2.11.jar:/home/runner/.m2/repository/com/sun/jersey/contribs/jersey-guice/1.19.4/jersey-guice-1.19.4.jar:/home/runner/.m2/repository/com/fasterxml/jackson/module/jackson-module-jaxb-annotations/2.16.2/jackson-module-jaxb-annotations-2.16.2.jar:/home/runner/.m2/repository/com/fasterxml/jackson/jaxrs/jackson-jaxrs-json-provider/2.16.2/jackson-jaxrs-json-provider-2.16.2.jar:/home/runner/.m2/repository/com/google/inject/extensions/guice-servlet/6.0.0/guice-servlet-6.0.0.jar:/home/runner/.m2/repository/org/apache/hadoop/hadoop-mapreduce-client-jobclient/3.4.2/hadoop-mapreduce-client-jobclient-3.4.2.jar:/home/runner/.m2/repository/org/apache/hadoop/hadoop-mapreduce-client-common/3.4.2/hadoop-mapreduce-client-common-3.4.2.jar:/home/runner/.m2/repository/org/apache/hadoop/hadoop-minikdc/3.4.2/hadoop-minikdc-3.4.2.jar:/home/runner/.m2/repository/org/apache/kerby/kerb-simplekdc/2.0.3/kerb-simplekdc-2.0.3.jar:/home/runner/.m2/repository/org/apache/kerby/kerb-client/2.0.3/kerb-client-2.0.3.jar:/home/runner/.m2/repository/org/apache/kerby/kerb-common/2.0.3/kerb-common-2.0.3.jar:/home/runner/.m2/repository/org/apache/kerby/token-provider/2.0.3/token-provider-2.0.3.jar:/home/runner/.m2/repository/org/apache/kerby/kerb-admin/2.0.3/kerb-admin-2.0.3.jar:/home/runner/.m2/repository/org/apache/kerby/kerb-server/2.0.3/kerb-server-2.0.3.jar:/home/runner/.m2/repository/org/apache/kerby/kerb-identity/2.0.3/kerb-identity-2.0.3.jar:/home/runner/.m2/repository/org/apache/kerby/kerby-xdr/2.0.3/kerby-xdr-2.0.3.jar:/home/runner/.m2/repository/junit/junit/4.13.2/junit-4.13.2.jar:/home/runner/.m2/repository/org/hamcrest/hamcrest-core/1.3/hamcrest-core-1.3.jar:/home/runner/.m2/repository/org/apache/httpcomponents/httpclient/4.5.14/httpclient-4.5.14.jar:/home/runner/.m2/repository/org/apache/httpcomponents/httpcore/4.4.16/httpcore-4.4.16.jar:/home/runner/.m2/repository/org/apache/kerby/kerby-util/1.0.1/kerby-util-1.0.1.jar:/home/runner/work/ozone/ozone/hadoop-hdds/client/target/hdds-client-2.1.0-SNAPSHOT.jar:/home/runner/work/ozone/ozone/hadoop-hdds/erasurecode/target/hdds-erasurecode-2.1.0-SNAPSHOT.jar:/home/runner/work/ozone/ozone/hadoop-hdds/common/target/hdds-common-2.1.0-SNAPSHOT.jar:/home/runner/.m2/repository/com/fasterxml/jackson/datatype/jackson-datatype-jsr310/2.16.2/jackson-datatype-jsr310-2.16.2.jar:/home/runner/.m2/repository/io/opentelemetry/opentelemetry-api/1.54.1/opentelemetry-api-1.54.1.jar:/home/runner/.m2/repository/io/opentelemetry/opentelemetry-context/1.54.1/opentelemetry-context-1.54.1.jar:/home/runner/.m2/repository/io/opentelemetry/opentelemetry-common/1.54.1/opentelemetry-common-1.54.1.jar:/home/runner/.m2/repository/io/opentelemetry/opentelemetry-exporter-otlp/1.54.1/opentelemetry-exporter-otlp-1.54.1.jar:/home/runner/.m2/repository/io/opentelemetry/opentelemetry-sdk-metrics/1.54.1/opentelemetry-sdk-metrics-1.54.1.jar:/home/runner/.m2/repository/io/opentelemetry/opentelemetry-sdk-logs/1.54.1/opentelemetry-sdk-logs-1.54.1.jar:/home/runner/.m2/repository/io/opentelemetry/opentelemetry-exporter-otlp-common/1.54.1/opentelemetry-exporter-otlp-common-1.54.1.jar:/home/runner/.m2/repository/io/opentelemetry/opentelemetry-exporter-common/1.54.1/opentelemetry-exporter-common-1.54.1.jar:/home/runner/.m2/repository/io/opentelemetry/opentelemetry-exporter-sender-okhttp/1.54.1/opentelemetry-exporter-sender-okhttp-1.54.1.jar:/home/runner/.m2/repository/com/squareup/okhttp3/okhttp-jvm/5.1.0/okhttp-jvm-5.1.0.jar:/home/runner/.m2/repository/io/opentelemetry/opentelemetry-sdk-extension-autoconfigure-spi/1.54.1/opentelemetry-sdk-extension-autoconfigure-spi-1.54.1.jar:/home/runner/.m2/repository/io/opentelemetry/opentelemetry-sdk/1.54.1/opentelemetry-sdk-1.54.1.jar:/home/runner/.m2/repository/io/opentelemetry/opentelemetry-sdk-common/1.54.1/opentelemetry-sdk-common-1.54.1.jar:/home/runner/.m2/repository/io/opentelemetry/opentelemetry-sdk-trace/1.54.1/opentelemetry-sdk-trace-1.54.1.jar:/home/runner/.m2/repository/org/apache/ratis/ratis-netty/3.2.0/ratis-netty-3.2.0.jar:/home/runner/.m2/repository/org/yaml/snakeyaml/2.5/snakeyaml-2.5.jar:/home/runner/.m2/repository/org/apache/ratis/ratis-metrics-dropwizard3/3.2.0/ratis-metrics-dropwizard3-3.2.0.jar:/home/runner/.m2/repository/org/slf4j/jcl-over-slf4j/2.0.17/jcl-over-slf4j-2.0.17.jar:/home/runner/work/ozone/ozone/hadoop-hdds/common/target/hdds-common-2.1.0-SNAPSHOT-tests.jar:/home/runner/work/ozone/ozone/hadoop-hdds/config/target/hdds-config-2.1.0-SNAPSHOT.jar:/home/runner/work/ozone/ozone/hadoop-hdds/container-service/target/hdds-container-service-2.1.0-SNAPSHOT.jar:/home/runner/.m2/repository/io/netty/netty-buffer/4.1.119.Final/netty-buffer-4.1.119.Final.jar:/home/runner/.m2/repository/io/netty/netty-codec/4.1.119.Final/netty-codec-4.1.119.Final.jar:/home/runner/.m2/repository/io/netty/netty-common/4.1.119.Final/netty-common-4.1.119.Final.jar:/home/runner/.m2/repository/io/netty/netty-transport/4.1.119.Final/netty-transport-4.1.119.Final.jar:/home/runner/.m2/repository/org/apache/logging/log4j/log4j-api/2.25.0/log4j-api-2.25.0.jar:/home/runner/.m2/repository/com/github/luben/zstd-jni/1.5.7-5/zstd-jni-1.5.7-5.jar:/home/runner/.m2/repository/log4j/apache-log4j-extras/1.2.17/apache-log4j-extras-1.2.17.jar:/home/runner/.m2/repository/org/glassfish/jaxb/jaxb-runtime/2.3.9/jaxb-runtime-2.3.9.jar:/home/runner/.m2/repository/org/glassfish/jaxb/txw2/2.3.9/txw2-2.3.9.jar:/home/runner/.m2/repository/com/sun/istack/istack-commons-runtime/3.0.12/istack-commons-runtime-3.0.12.jar:/home/runner/.m2/repository/com/sun/activation/jakarta.activation/1.2.2/jakarta.activation-1.2.2.jar:/home/runner/work/ozone/ozone/hadoop-hdds/container-service/target/hdds-container-service-2.1.0-SNAPSHOT-tests.jar:/home/runner/work/ozone/ozone/hadoop-hdds/interface-admin/target/hdds-interface-admin-2.1.0-SNAPSHOT.jar:/home/runner/work/ozone/ozone/hadoop-hdds/interface-client/target/hdds-interface-client-2.1.0-SNAPSHOT.jar:/home/runner/work/ozone/ozone/hadoop-hdds/interface-server/target/hdds-interface-server-2.1.0-SNAPSHOT.jar:/home/runner/work/ozone/ozone/hadoop-hdds/managed-rocksdb/target/hdds-managed-rocksdb-2.1.0-SNAPSHOT.jar:/home/runner/work/ozone/ozone/hadoop-hdds/rocks-native/target/hdds-rocks-native-2.1.0-SNAPSHOT.jar:/home/runner/work/ozone/ozone/hadoop-hdds/framework/target/hdds-server-framework-2.1.0-SNAPSHOT.jar:/home/runner/.m2/repository/com/github/jnr/jnr-constants/0.10.4/jnr-constants-0.10.4.jar:/home/runner/.m2/repository/com/github/jnr/jnr-posix/3.1.20/jnr-posix-3.1.20.jar:/home/runner/.m2/repository/com/github/jnr/jnr-ffi/2.2.17/jnr-ffi-2.2.17.jar:/home/runner/.m2/repository/com/github/jnr/jffi/1.3.13/jffi-1.3.13.jar:/home/runner/.m2/repository/com/github/jnr/jffi/1.3.13/jffi-1.3.13-native.jar:/home/runner/.m2/repository/org/ow2/asm/asm/9.7.1/asm-9.7.1.jar:/home/runner/.m2/repository/org/ow2/asm/asm-commons/9.7.1/asm-commons-9.7.1.jar:/home/runner/.m2/repository/org/ow2/asm/asm-analysis/9.7.1/asm-analysis-9.7.1.jar:/home/runner/.m2/repository/org/ow2/asm/asm-tree/9.7.1/asm-tree-9.7.1.jar:/home/runner/.m2/repository/org/ow2/asm/asm-util/9.7.1/asm-util-9.7.1.jar:/home/runner/.m2/repository/com/github/jnr/jnr-a64asm/1.0.0/jnr-a64asm-1.0.0.jar:/home/runner/.m2/repository/com/github/jnr/jnr-x86asm/1.0.2/jnr-x86asm-1.0.2.jar:/home/runner/.m2/repository/commons-fileupload/commons-fileupload/1.6.0/commons-fileupload-1.6.0.jar:/home/runner/.m2/repository/io/grpc/grpc-api/1.71.0/grpc-api-1.71.0.jar:/home/runner/.m2/repository/io/prometheus/simpleclient/0.16.0/simpleclient-0.16.0.jar:/home/runner/.m2/repository/io/prometheus/simpleclient_common/0.16.0/simpleclient_common-0.16.0.jar:/home/runner/.m2/repository/io/prometheus/simpleclient_dropwizard/0.16.0/simpleclient_dropwizard-0.16.0.jar:/home/runner/.m2/repository/jakarta/ws/rs/jakarta.ws.rs-api/2.1.6/jakarta.ws.rs-api-2.1.6.jar:/home/runner/.m2/repository/org/eclipse/jetty/jetty-http/9.4.58.v20250814/jetty-http-9.4.58.v20250814.jar:/home/runner/.m2/repository/org/glassfish/jersey/containers/jersey-container-servlet-core/2.47/jersey-container-servlet-core-2.47.jar:/home/runner/.m2/repository/org/glassfish/jersey/core/jersey-server/2.47/jersey-server-2.47.jar:/home/runner/.m2/repository/org/glassfish/jersey/core/jersey-client/2.47/jersey-client-2.47.jar:/home/runner/.m2/repository/com/lmax/disruptor/3.4.4/disruptor-3.4.4.jar:/home/runner/.m2/repository/org/apache/logging/log4j/log4j-core/2.25.0/log4j-core-2.25.0.jar:/home/runner/work/ozone/ozone/hadoop-hdds/framework/target/hdds-server-framework-2.1.0-SNAPSHOT-tests.jar:/home/runner/work/ozone/ozone/hadoop-hdds/server-scm/target/hdds-server-scm-2.1.0-SNAPSHOT.jar:/home/runner/work/ozone/ozone/hadoop-hdds/server-scm/target/hdds-server-scm-2.1.0-SNAPSHOT-tests.jar:/home/runner/work/ozone/ozone/hadoop-hdds/test-utils/target/hdds-test-utils-2.1.0-SNAPSHOT-tests.jar:/home/runner/work/ozone/ozone/hadoop-ozone/cli-admin/target/ozone-cli-admin-2.1.0-SNAPSHOT.jar:/home/runner/work/ozone/ozone/hadoop-ozone/cli-shell/target/ozone-cli-shell-2.1.0-SNAPSHOT.jar:/home/runner/.m2/repository/info/picocli/picocli-shell-jline3/4.7.7/picocli-shell-jline3-4.7.7.jar:/home/runner/.m2/repository/org/jline/jline/3.30.6/jline-3.30.6.jar:/home/runner/work/ozone/ozone/hadoop-ozone/client/target/ozone-client-2.1.0-SNAPSHOT.jar:/home/runner/work/ozone/ozone/hadoop-ozone/common/target/ozone-common-2.1.0-SNAPSHOT.jar:/home/runner/.m2/repository/io/grpc/grpc-netty/1.71.0/grpc-netty-1.71.0.jar:/home/runner/.m2/repository/org/codehaus/mojo/animal-sniffer-annotations/1.24/animal-sniffer-annotations-1.24.jar:/home/runner/.m2/repository/io/grpc/grpc-core/1.71.0/grpc-core-1.71.0.jar:/home/runner/.m2/repository/com/google/android/annotations/4.1.1.4/annotations-4.1.1.4.jar:/home/runner/.m2/repository/io/grpc/grpc-context/1.71.0/grpc-context-1.71.0.jar:/home/runner/.m2/repository/io/perfmark/perfmark-api/0.27.0/perfmark-api-0.27.0.jar:/home/runner/.m2/repository/io/grpc/grpc-util/1.71.0/grpc-util-1.71.0.jar:/home/runner/.m2/repository/io/netty/netty-codec-http2/4.1.119.Final/netty-codec-http2-4.1.119.Final.jar:/home/runner/.m2/repository/io/netty/netty-handler-proxy/4.1.119.Final/netty-handler-proxy-4.1.119.Final.jar:/home/runner/.m2/repository/io/netty/netty-tcnative-boringssl-static/2.0.70.Final/netty-tcnative-boringssl-static-2.0.70.Final.jar:/home/runner/.m2/repository/io/netty/netty-tcnative-classes/2.0.70.Final/netty-tcnative-classes-2.0.70.Final.jar:/home/runner/.m2/repository/io/netty/netty-tcnative-boringssl-static/2.0.70.Final/netty-tcnative-boringssl-static-2.0.70.Final-linux-x86_64.jar:/home/runner/.m2/repository/io/netty/netty-tcnative-boringssl-static/2.0.70.Final/netty-tcnative-boringssl-static-2.0.70.Final-linux-aarch_64.jar:/home/runner/.m2/repository/io/netty/netty-tcnative-boringssl-static/2.0.70.Final/netty-tcnative-boringssl-static-2.0.70.Final-osx-x86_64.jar:/home/runner/.m2/repository/io/netty/netty-tcnative-boringssl-static/2.0.70.Final/netty-tcnative-boringssl-static-2.0.70.Final-osx-aarch_64.jar:/home/runner/.m2/repository/io/netty/netty-tcnative-boringssl-static/2.0.70.Final/netty-tcnative-boringssl-static-2.0.70.Final-windows-x86_64.jar:/home/runner/work/ozone/ozone/hadoop-ozone/csi/target/ozone-csi-2.1.0-SNAPSHOT.jar:/home/runner/.m2/repository/io/grpc/grpc-protobuf/1.71.0/grpc-protobuf-1.71.0.jar:/home/runner/.m2/repository/com/google/api/grpc/proto-google-common-protos/2.51.0/proto-google-common-protos-2.51.0.jar:/home/runner/.m2/repository/io/grpc/grpc-protobuf-lite/1.71.0/grpc-protobuf-lite-1.71.0.jar:/home/runner/.m2/repository/io/grpc/grpc-stub/1.71.0/grpc-stub-1.71.0.jar:/home/runner/.m2/repository/io/netty/netty-transport-classes-epoll/4.1.119.Final/netty-transport-classes-epoll-4.1.119.Final.jar:/home/runner/.m2/repository/io/netty/netty-transport-native-unix-common/4.1.119.Final/netty-transport-native-unix-common-4.1.119.Final.jar:/home/runner/.m2/repository/io/netty/netty-transport-native-epoll/4.1.119.Final/netty-transport-native-epoll-4.1.119.Final-linux-x86_64.jar:/home/runner/work/ozone/ozone/hadoop-ozone/ozonefs/target/ozone-filesystem-2.1.0-SNAPSHOT.jar:/home/runner/work/ozone/ozone/hadoop-ozone/ozonefs-common/target/ozone-filesystem-common-2.1.0-SNAPSHOT.jar:/home/runner/work/ozone/ozone/hadoop-ozone/freon/target/ozone-freon-2.1.0-SNAPSHOT.jar:/home/runner/.m2/repository/com/amazonaws/aws-java-sdk-core/1.12.788/aws-java-sdk-core-1.12.788.jar:/home/runner/.m2/repository/com/fasterxml/jackson/dataformat/jackson-dataformat-cbor/2.16.2/jackson-dataformat-cbor-2.16.2.jar:/home/runner/.m2/repository/joda-time/joda-time/2.12.7/joda-time-2.12.7.jar:/home/runner/.m2/repository/com/amazonaws/aws-java-sdk-s3/1.12.788/aws-java-sdk-s3-1.12.788.jar:/home/runner/.m2/repository/com/amazonaws/aws-java-sdk-kms/1.12.788/aws-java-sdk-kms-1.12.788.jar:/home/runner/.m2/repository/com/amazonaws/jmespath-java/1.12.788/jmespath-java-1.12.788.jar:/home/runner/work/ozone/ozone/hadoop-ozone/interface-client/target/ozone-interface-client-2.1.0-SNAPSHOT.jar:/home/runner/work/ozone/ozone/hadoop-ozone/interface-storage/target/ozone-interface-storage-2.1.0-SNAPSHOT.jar:/home/runner/work/ozone/ozone/hadoop-ozone/ozone-manager/target/ozone-manager-2.1.0-SNAPSHOT.jar:/home/runner/.m2/repository/org/apache/commons/commons-pool2/2.12.1/commons-pool2-2.12.1.jar:/home/runner/.m2/repository/org/aspectj/aspectjrt/1.9.24/aspectjrt-1.9.24.jar:/home/runner/work/ozone/ozone/hadoop-ozone/ozone-manager/target/ozone-manager-2.1.0-SNAPSHOT-tests.jar:/home/runner/work/ozone/ozone/hadoop-ozone/mini-cluster/target/ozone-mini-cluster-2.1.0-SNAPSHOT.jar:/home/runner/work/ozone/ozone/hadoop-ozone/multitenancy-ranger/target/ozone-multitenancy-ranger-2.1.0-SNAPSHOT.jar:/home/runner/.m2/repository/com/sun/jersey/jersey-client/1.19.4/jersey-client-1.19.4.jar:/home/runner/.m2/repository/org/apache/ranger/ranger-plugins-common/2.6.0/ranger-plugins-common-2.6.0.jar:/home/runner/.m2/repository/com/fasterxml/jackson/jaxrs/jackson-jaxrs-base/2.16.2/jackson-jaxrs-base-2.16.2.jar:/home/runner/.m2/repository/com/kstruct/gethostname4j/1.0.0/gethostname4j-1.0.0.jar:/home/runner/.m2/repository/commons-lang/commons-lang/2.6/commons-lang-2.6.jar:/home/runner/.m2/repository/net/java/dev/jna/jna/5.2.0/jna-5.2.0.jar:/home/runner/.m2/repository/net/java/dev/jna/jna-platform/5.2.0/jna-platform-5.2.0.jar:/home/runner/.m2/repository/org/apache/ranger/ranger-plugin-classloader/2.6.0/ranger-plugin-classloader-2.6.0.jar:/home/runner/.m2/repository/org/apache/ranger/ranger-plugins-audit/2.6.0/ranger-plugins-audit-2.6.0.jar:/home/runner/.m2/repository/com/amazonaws/aws-java-sdk-logs/1.12.765/aws-java-sdk-logs-1.12.765.jar:/home/runner/.m2/repository/com/carrotsearch/hppc/0.8.0/hppc-0.8.0.jar:/home/runner/.m2/repository/io/airlift/aircompressor/0.27/aircompressor-0.27.jar:/home/runner/.m2/repository/org/apache/httpcomponents/httpasyncclient/4.1.4/httpasyncclient-4.1.4.jar:/home/runner/.m2/repository/org/apache/httpcomponents/httpcore-nio/4.4.16/httpcore-nio-4.4.16.jar:/home/runner/.m2/repository/org/apache/httpcomponents/httpmime/4.5.13/httpmime-4.5.13.jar:/home/runner/.m2/repository/org/apache/orc/orc-core/1.5.8/orc-core-1.5.8.jar:/home/runner/.m2/repository/org/apache/orc/orc-shims/1.5.8/orc-shims-1.5.8.jar:/home/runner/.m2/repository/org/apache/ranger/ranger-plugins-cred/2.6.0/ranger-plugins-cred-2.6.0.jar:/home/runner/work/ozone/ozone/hadoop-ozone/recon/target/ozone-recon-2.1.0-SNAPSHOT.jar:/home/runner/.m2/repository/aopalliance/aopalliance/1.0/aopalliance-1.0.jar:/home/runner/.m2/repository/com/google/inject/guice/6.0.0/guice-6.0.0.jar:/home/runner/.m2/repository/jakarta/inject/jakarta.inject-api/2.0.1/jakarta.inject-api-2.0.1.jar:/home/runner/.m2/repository/com/jolbox/bonecp/0.8.0.RELEASE/bonecp-0.8.0.RELEASE.jar:/home/runner/.m2/repository/jakarta/validation/jakarta.validation-api/2.0.2/jakarta.validation-api-2.0.2.jar:/home/runner/.m2/repository/javax/annotation/javax.annotation-api/1.3.2/javax.annotation-api-1.3.2.jar:/home/runner/.m2/repository/javax/inject/javax.inject/1/javax.inject-1.jar:/home/runner/.m2/repository/org/apache/derby/derby/10.14.2.0/derby-10.14.2.0.jar:/home/runner/.m2/repository/org/glassfish/hk2/guice-bridge/2.6.1/guice-bridge-2.6.1.jar:/home/runner/.m2/repository/org/glassfish/hk2/hk2-api/2.6.1/hk2-api-2.6.1.jar:/home/runner/.m2/repository/org/glassfish/hk2/hk2-utils/2.6.1/hk2-utils-2.6.1.jar:/home/runner/.m2/repository/org/glassfish/hk2/external/aopalliance-repackaged/2.6.1/aopalliance-repackaged-2.6.1.jar:/home/runner/.m2/repository/org/glassfish/jersey/core/jersey-common/2.47/jersey-common-2.47.jar:/home/runner/.m2/repository/org/glassfish/hk2/osgi-resource-locator/1.0.3/osgi-resource-locator-1.0.3.jar:/home/runner/.m2/repository/org/jooq/jooq/3.11.10/jooq-3.11.10.jar:/home/runner/.m2/repository/org/springframework/spring-core/5.3.39/spring-core-5.3.39.jar:/home/runner/.m2/repository/org/springframework/spring-jdbc/5.3.39/spring-jdbc-5.3.39.jar:/home/runner/.m2/repository/org/springframework/spring-beans/5.3.39/spring-beans-5.3.39.jar:/home/runner/.m2/repository/org/springframework/spring-tx/5.3.39/spring-tx-5.3.39.jar:/home/runner/.m2/repository/org/xerial/sqlite-jdbc/3.50.3.0/sqlite-jdbc-3.50.3.0.jar:/home/runner/.m2/repository/com/google/inject/extensions/guice-assistedinject/6.0.0/guice-assistedinject-6.0.0.jar:/home/runner/.m2/repository/org/glassfish/hk2/external/jakarta.inject/2.6.1/jakarta.inject-2.6.1.jar:/home/runner/.m2/repository/org/glassfish/jersey/inject/jersey-hk2/2.47/jersey-hk2-2.47.jar:/home/runner/.m2/repository/org/glassfish/hk2/hk2-locator/2.6.1/hk2-locator-2.6.1.jar:/home/runner/.m2/repository/org/glassfish/jersey/media/jersey-media-jaxb/2.47/jersey-media-jaxb-2.47.jar:/home/runner/.m2/repository/org/glassfish/jersey/media/jersey-media-json-jackson/2.47/jersey-media-json-jackson-2.47.jar:/home/runner/.m2/repository/org/glassfish/jersey/ext/jersey-entity-filtering/2.47/jersey-entity-filtering-2.47.jar:/home/runner/work/ozone/ozone/hadoop-ozone/recon-codegen/target/ozone-reconcodegen-2.1.0-SNAPSHOT.jar:/home/runner/.m2/repository/org/jooq/jooq-codegen/3.11.10/jooq-codegen-3.11.10.jar:/home/runner/.m2/repository/org/jooq/jooq-meta/3.11.10/jooq-meta-3.11.10.jar:/home/runner/work/ozone/ozone/hadoop-ozone/s3gateway/target/ozone-s3gateway-2.1.0-SNAPSHOT.jar:/home/runner/work/ozone/ozone/hadoop-ozone/tools/target/ozone-tools-2.1.0-SNAPSHOT.jar:/home/runner/.m2/repository/com/github/vlsi/mxgraph/jgraphx/3.9.12/jgraphx-3.9.12.jar:/home/runner/.m2/repository/org/apache/ratis/ratis-shell/3.2.0/ratis-shell-3.2.0.jar:/home/runner/.m2/repository/org/apache/ratis/ratis-tools/3.2.0/ratis-tools-3.2.0.jar:/home/runner/.m2/repository/org/jgrapht/jgrapht-core/1.4.0/jgrapht-core-1.4.0.jar:/home/runner/.m2/repository/org/jheaps/jheaps/0.11/jheaps-0.11.jar:/home/runner/.m2/repository/org/jgrapht/jgrapht-ext/1.4.0/jgrapht-ext-1.4.0.jar:/home/runner/work/ozone/ozone/hadoop-hdds/rocksdb-checkpoint-differ/target/rocksdb-checkpoint-differ-2.1.0-SNAPSHOT.jar:/home/runner/.m2/repository/org/apache/ranger/ranger-intg/2.6.0/ranger-intg-2.6.0.jar:/home/runner/.m2/repository/org/apache/ratis/ratis-client/3.2.0/ratis-client-3.2.0.jar:/home/runner/.m2/repository/org/apache/ratis/ratis-common/3.2.0/ratis-common-3.2.0.jar:/home/runner/.m2/repository/org/apache/ratis/ratis-grpc/3.2.0/ratis-grpc-3.2.0.jar:/home/runner/.m2/repository/org/apache/ratis/ratis-metrics-api/3.2.0/ratis-metrics-api-3.2.0.jar:/home/runner/.m2/repository/org/apache/ratis/ratis-proto/3.2.0/ratis-proto-3.2.0.jar:/home/runner/.m2/repository/org/apache/ratis/ratis-server/3.2.0/ratis-server-3.2.0.jar:/home/runner/.m2/repository/org/apache/ratis/ratis-server-api/3.2.0/ratis-server-api-3.2.0.jar:/home/runner/.m2/repository/org/apache/ratis/ratis-thirdparty-misc/1.0.9/ratis-thirdparty-misc-1.0.9.jar:/home/runner/.m2/repository/org/bouncycastle/bcpkix-jdk18on/1.81/bcpkix-jdk18on-1.81.jar:/home/runner/.m2/repository/org/bouncycastle/bcutil-jdk18on/1.81/bcutil-jdk18on-1.81.jar:/home/runner/.m2/repository/org/hamcrest/hamcrest/2.2/hamcrest-2.2.jar:/home/runner/.m2/repository/org/reflections/reflections/0.10.2/reflections-0.10.2.jar:/home/runner/.m2/repository/org/javassist/javassist/3.30.2-GA/javassist-3.30.2-GA.jar:/home/runner/.m2/repository/org/rocksdb/rocksdbjni/7.7.3/rocksdbjni-7.7.3.jar:/home/runner/.m2/repository/org/slf4j/jul-to-slf4j/2.0.17/jul-to-slf4j-2.0.17.jar:/home/runner/.m2/repository/org/slf4j/slf4j-api/2.0.17/slf4j-api-2.0.17.jar:/home/runner/.m2/repository/org/assertj/assertj-core/3.27.6/assertj-core-3.27.6.jar:/home/runner/.m2/repository/net/bytebuddy/byte-buddy/1.17.7/byte-buddy-1.17.7.jar:/home/runner/.m2/repository/org/junit/jupiter/junit-jupiter-api/5.14.0/junit-jupiter-api-5.14.0.jar:/home/runner/.m2/repository/org/opentest4j/opentest4j/1.3.0/opentest4j-1.3.0.jar:/home/runner/.m2/repository/org/junit/platform/junit-platform-commons/1.14.0/junit-platform-commons-1.14.0.jar:/home/runner/.m2/repository/org/apiguardian/apiguardian-api/1.1.2/apiguardian-api-1.1.2.jar:/home/runner/.m2/repository/org/junit/jupiter/junit-jupiter-params/5.14.0/junit-jupiter-params-5.14.0.jar:/home/runner/.m2/repository/org/mockito/mockito-core/4.11.0/mockito-core-4.11.0.jar:/home/runner/.m2/repository/net/bytebuddy/byte-buddy-agent/1.12.19/byte-buddy-agent-1.12.19.jar:/home/runner/.m2/repository/org/objenesis/objenesis/3.3/objenesis-3.3.jar:/home/runner/.m2/repository/org/mockito/mockito-inline/4.11.0/mockito-inline-4.11.0.jar:/home/runner/.m2/repository/org/mockito/mockito-junit-jupiter/4.11.0/mockito-junit-jupiter-4.11.0.jar:/home/runner/work/ozone/ozone/hadoop-ozone/integration-test/target/gradle-enterprise/test-listeners.jar:"/>
    <property name="java.vm.vendor" value="Eclipse Adoptium"/>
    <property name="sun.arch.data.model" value="64"/>
    <property name="test.build.dir" value="/home/runner/work/ozone/ozone/hadoop-ozone/integration-test/target/test-dir"/>
    <property name="test.cache.data" value=""/>
    <property name="java.vendor.url" value="https://adoptium.net/"/>
    <property name="user.timezone" value="Etc/UTC"/>
    <property name="maven-surefire-plugin.argLineAccessArgs" value=" --add-opens java.management/com.sun.jmx.mbeanserver=ALL-UNNAMED --add-exports java.management/com.sun.jmx.mbeanserver=ALL-UNNAMED --add-opens java.base/java.nio=ALL-UNNAMED --add-opens java.base/java.lang=ALL-UNNAMED --add-opens java.base/java.lang.reflect=ALL-UNNAMED"/>
    <property name="os.name" value="Linux"/>
    <property name="java.vm.specification.version" value="21"/>
    <property name="test.build.data" value="/home/runner/work/ozone/ozone/hadoop-ozone/integration-test/target/test-dir"/>
    <property name="sun.java.launcher" value="SUN_STANDARD"/>
    <property name="sun.boot.library.path" value="/usr/lib/jvm/temurin-21-jdk-amd64/lib"/>
    <property name="sun.java.command" value="/home/runner/work/ozone/ozone/hadoop-ozone/integration-test/target/surefire/surefirebooter-20251010102220425_581.jar /home/runner/work/ozone/ozone/hadoop-ozone/integration-test/target/surefire 2025-10-10T10-17-54_955-jvmRun1 surefire-20251010102220425_579tmp surefire_31-20251010102220425_580tmp"/>
    <property name="jdk.debug" value="release"/>
    <property name="native.lib.tmp.dir" value="/tmp"/>
    <property name="surefire.test.class.path" value="/home/runner/work/ozone/ozone/hadoop-ozone/integration-test/target/test-classes:/home/runner/work/ozone/ozone/hadoop-ozone/integration-test/target/classes:/home/runner/.m2/repository/ch/qos/reload4j/reload4j/1.2.26/reload4j-1.2.26.jar:/home/runner/.m2/repository/com/fasterxml/jackson/core/jackson-core/2.16.2/jackson-core-2.16.2.jar:/home/runner/.m2/repository/com/fasterxml/jackson/core/jackson-databind/2.16.2/jackson-databind-2.16.2.jar:/home/runner/.m2/repository/com/fasterxml/jackson/core/jackson-annotations/2.16.2/jackson-annotations-2.16.2.jar:/home/runner/.m2/repository/com/github/stephenc/jcip/jcip-annotations/1.0-1/jcip-annotations-1.0-1.jar:/home/runner/.m2/repository/com/google/guava/guava/33.5.0-jre/guava-33.5.0-jre.jar:/home/runner/.m2/repository/com/google/guava/failureaccess/1.0.3/failureaccess-1.0.3.jar:/home/runner/.m2/repository/com/google/guava/listenablefuture/9999.0-empty-to-avoid-conflict-with-guava/listenablefuture-9999.0-empty-to-avoid-conflict-with-guava.jar:/home/runner/.m2/repository/org/jspecify/jspecify/1.0.0/jspecify-1.0.0.jar:/home/runner/.m2/repository/com/google/errorprone/error_prone_annotations/2.29.2/error_prone_annotations-2.29.2.jar:/home/runner/.m2/repository/com/google/j2objc/j2objc-annotations/3.1/j2objc-annotations-3.1.jar:/home/runner/.m2/repository/com/google/protobuf/protobuf-java/2.5.0/protobuf-java-2.5.0.jar:/home/runner/.m2/repository/com/squareup/okhttp3/okhttp/4.12.0/okhttp-4.12.0.jar:/home/runner/.m2/repository/com/squareup/okio/okio/3.6.0/okio-3.6.0.jar:/home/runner/.m2/repository/com/squareup/okio/okio-jvm/3.6.0/okio-jvm-3.6.0.jar:/home/runner/.m2/repository/org/jetbrains/kotlin/kotlin-stdlib-common/1.9.25/kotlin-stdlib-common-1.9.25.jar:/home/runner/.m2/repository/org/jetbrains/kotlin/kotlin-stdlib-jdk8/1.9.25/kotlin-stdlib-jdk8-1.9.25.jar:/home/runner/.m2/repository/org/jetbrains/kotlin/kotlin-stdlib/1.9.25/kotlin-stdlib-1.9.25.jar:/home/runner/.m2/repository/org/jetbrains/annotations/13.0/annotations-13.0.jar:/home/runner/.m2/repository/org/jetbrains/kotlin/kotlin-stdlib-jdk7/1.9.25/kotlin-stdlib-jdk7-1.9.25.jar:/home/runner/.m2/repository/commons-codec/commons-codec/1.18.0/commons-codec-1.18.0.jar:/home/runner/.m2/repository/commons-io/commons-io/2.18.0/commons-io-2.18.0.jar:/home/runner/.m2/repository/commons-validator/commons-validator/1.10.0/commons-validator-1.10.0.jar:/home/runner/.m2/repository/commons-beanutils/commons-beanutils/1.11.0/commons-beanutils-1.11.0.jar:/home/runner/.m2/repository/commons-digester/commons-digester/2.1/commons-digester-2.1.jar:/home/runner/.m2/repository/commons-collections/commons-collections/3.2.2/commons-collections-3.2.2.jar:/home/runner/.m2/repository/info/picocli/picocli/4.7.7/picocli-4.7.7.jar:/home/runner/.m2/repository/jakarta/annotation/jakarta.annotation-api/2.1.1/jakarta.annotation-api-2.1.1.jar:/home/runner/.m2/repository/jakarta/xml/bind/jakarta.xml.bind-api/2.3.3/jakarta.xml.bind-api-2.3.3.jar:/home/runner/.m2/repository/jakarta/activation/jakarta.activation-api/1.2.2/jakarta.activation-api-1.2.2.jar:/home/runner/.m2/repository/javax/servlet/javax.servlet-api/3.1.0/javax.servlet-api-3.1.0.jar:/home/runner/.m2/repository/javax/ws/rs/jsr311-api/1.1.1/jsr311-api-1.1.1.jar:/home/runner/.m2/repository/org/apache/commons/commons-compress/1.27.1/commons-compress-1.27.1.jar:/home/runner/.m2/repository/org/apache/commons/commons-lang3/3.18.0/commons-lang3-3.18.0.jar:/home/runner/.m2/repository/org/apache/commons/commons-text/1.13.1/commons-text-1.13.1.jar:/home/runner/.m2/repository/org/apache/hadoop/hadoop-auth/3.4.2/hadoop-auth-3.4.2.jar:/home/runner/.m2/repository/com/nimbusds/nimbus-jose-jwt/10.4/nimbus-jose-jwt-10.4.jar:/home/runner/.m2/repository/io/dropwizard/metrics/metrics-core/3.2.6/metrics-core-3.2.6.jar:/home/runner/.m2/repository/org/apache/kerby/kerb-core/1.0.1/kerb-core-1.0.1.jar:/home/runner/.m2/repository/org/apache/kerby/kerby-pkix/1.0.1/kerby-pkix-1.0.1.jar:/home/runner/.m2/repository/org/apache/kerby/kerby-asn1/1.0.1/kerby-asn1-1.0.1.jar:/home/runner/.m2/repository/org/apache/kerby/kerb-util/1.0.1/kerb-util-1.0.1.jar:/home/runner/.m2/repository/org/apache/kerby/kerby-config/1.0.1/kerby-config-1.0.1.jar:/home/runner/.m2/repository/org/apache/kerby/kerb-crypto/1.0.1/kerb-crypto-1.0.1.jar:/home/runner/.m2/repository/org/apache/hadoop/thirdparty/hadoop-shaded-guava/1.4.0/hadoop-shaded-guava-1.4.0.jar:/home/runner/.m2/repository/org/apache/hadoop/hadoop-common/3.4.2/hadoop-common-3.4.2.jar:/home/runner/.m2/repository/org/apache/hadoop/thirdparty/hadoop-shaded-protobuf_3_25/1.4.0/hadoop-shaded-protobuf_3_25-1.4.0.jar:/home/runner/.m2/repository/org/apache/hadoop/hadoop-annotations/3.4.2/hadoop-annotations-3.4.2.jar:/home/runner/.m2/repository/commons-cli/commons-cli/1.8.0/commons-cli-1.8.0.jar:/home/runner/.m2/repository/commons-net/commons-net/3.11.1/commons-net-3.11.1.jar:/home/runner/.m2/repository/org/apache/commons/commons-collections4/4.4/commons-collections4-4.4.jar:/home/runner/.m2/repository/org/eclipse/jetty/jetty-server/9.4.58.v20250814/jetty-server-9.4.58.v20250814.jar:/home/runner/.m2/repository/org/eclipse/jetty/jetty-io/9.4.58.v20250814/jetty-io-9.4.58.v20250814.jar:/home/runner/.m2/repository/org/eclipse/jetty/jetty-util/9.4.58.v20250814/jetty-util-9.4.58.v20250814.jar:/home/runner/.m2/repository/org/eclipse/jetty/jetty-servlet/9.4.58.v20250814/jetty-servlet-9.4.58.v20250814.jar:/home/runner/.m2/repository/org/eclipse/jetty/jetty-security/9.4.58.v20250814/jetty-security-9.4.58.v20250814.jar:/home/runner/.m2/repository/org/eclipse/jetty/jetty-webapp/9.4.58.v20250814/jetty-webapp-9.4.58.v20250814.jar:/home/runner/.m2/repository/org/eclipse/jetty/jetty-xml/9.4.58.v20250814/jetty-xml-9.4.58.v20250814.jar:/home/runner/.m2/repository/javax/servlet/jsp/jsp-api/2.1/jsp-api-2.1.jar:/home/runner/.m2/repository/org/codehaus/jettison/jettison/1.5.4/jettison-1.5.4.jar:/home/runner/.m2/repository/org/apache/commons/commons-configuration2/2.12.0/commons-configuration2-2.12.0.jar:/home/runner/.m2/repository/com/google/re2j/re2j/1.7/re2j-1.7.jar:/home/runner/.m2/repository/com/google/code/gson/gson/2.13.1/gson-2.13.1.jar:/home/runner/.m2/repository/com/jcraft/jsch/0.1.55/jsch-0.1.55.jar:/home/runner/.m2/repository/io/netty/netty-handler/4.1.119.Final/netty-handler-4.1.119.Final.jar:/home/runner/.m2/repository/io/netty/netty-resolver/4.1.119.Final/netty-resolver-4.1.119.Final.jar:/home/runner/.m2/repository/io/netty/netty-transport-native-epoll/4.1.119.Final/netty-transport-native-epoll-4.1.119.Final.jar:/home/runner/.m2/repository/org/bouncycastle/bcprov-jdk18on/1.81/bcprov-jdk18on-1.81.jar:/home/runner/.m2/repository/org/codehaus/woodstox/stax2-api/4.2.1/stax2-api-4.2.1.jar:/home/runner/.m2/repository/com/fasterxml/woodstox/woodstox-core/5.4.0/woodstox-core-5.4.0.jar:/home/runner/.m2/repository/dnsjava/dnsjava/3.6.1/dnsjava-3.6.1.jar:/home/runner/.m2/repository/org/apache/hadoop/hadoop-common/3.4.2/hadoop-common-3.4.2-tests.jar:/home/runner/.m2/repository/org/apache/commons/commons-math3/3.6.1/commons-math3-3.6.1.jar:/home/runner/.m2/repository/com/sun/jersey/jersey-core/1.19.4/jersey-core-1.19.4.jar:/home/runner/.m2/repository/com/sun/jersey/jersey-servlet/1.19.4/jersey-servlet-1.19.4.jar:/home/runner/.m2/repository/com/github/pjfanning/jersey-json/1.22.0/jersey-json-1.22.0.jar:/home/runner/.m2/repository/com/sun/xml/bind/jaxb-impl/2.2.3-1/jaxb-impl-2.2.3-1.jar:/home/runner/.m2/repository/com/sun/jersey/jersey-server/1.19.4/jersey-server-1.19.4.jar:/home/runner/.m2/repository/org/slf4j/slf4j-reload4j/2.0.17/slf4j-reload4j-2.0.17.jar:/home/runner/.m2/repository/org/apache/avro/avro/1.11.4/avro-1.11.4.jar:/home/runner/.m2/repository/org/apache/curator/curator-client/4.2.0/curator-client-4.2.0.jar:/home/runner/.m2/repository/org/apache/curator/curator-recipes/5.2.0/curator-recipes-5.2.0.jar:/home/runner/.m2/repository/org/apache/curator/curator-framework/4.2.0/curator-framework-4.2.0.jar:/home/runner/.m2/repository/com/google/code/findbugs/jsr305/3.0.2/jsr305-3.0.2.jar:/home/runner/.m2/repository/org/apache/zookeeper/zookeeper/3.8.4/zookeeper-3.8.4.jar:/home/runner/.m2/repository/org/apache/zookeeper/zookeeper-jute/3.8.4/zookeeper-jute-3.8.4.jar:/home/runner/.m2/repository/org/apache/yetus/audience-annotations/0.12.0/audience-annotations-0.12.0.jar:/home/runner/.m2/repository/org/xerial/snappy/snappy-java/1.1.10.8/snappy-java-1.1.10.8.jar:/home/runner/.m2/repository/org/apache/hadoop/hadoop-distcp/3.4.2/hadoop-distcp-3.4.2.jar:/home/runner/.m2/repository/org/apache/hadoop/hadoop-distcp/3.4.2/hadoop-distcp-3.4.2-tests.jar:/home/runner/.m2/repository/org/apache/hadoop/hadoop-hdfs/3.4.2/hadoop-hdfs-3.4.2.jar:/home/runner/.m2/repository/org/eclipse/jetty/jetty-util-ajax/9.4.58.v20250814/jetty-util-ajax-9.4.58.v20250814.jar:/home/runner/.m2/repository/commons-daemon/commons-daemon/1.4.0/commons-daemon-1.4.0.jar:/home/runner/.m2/repository/org/apache/hadoop/hadoop-hdfs/3.4.2/hadoop-hdfs-3.4.2-tests.jar:/home/runner/.m2/repository/io/netty/netty-all/4.1.119.Final/netty-all-4.1.119.Final.jar:/home/runner/.m2/repository/io/netty/netty-codec-dns/4.1.119.Final/netty-codec-dns-4.1.119.Final.jar:/home/runner/.m2/repository/io/netty/netty-codec-haproxy/4.1.119.Final/netty-codec-haproxy-4.1.119.Final.jar:/home/runner/.m2/repository/io/netty/netty-codec-http/4.1.119.Final/netty-codec-http-4.1.119.Final.jar:/home/runner/.m2/repository/io/netty/netty-codec-memcache/4.1.119.Final/netty-codec-memcache-4.1.119.Final.jar:/home/runner/.m2/repository/io/netty/netty-codec-mqtt/4.1.119.Final/netty-codec-mqtt-4.1.119.Final.jar:/home/runner/.m2/repository/io/netty/netty-codec-redis/4.1.119.Final/netty-codec-redis-4.1.119.Final.jar:/home/runner/.m2/repository/io/netty/netty-codec-smtp/4.1.119.Final/netty-codec-smtp-4.1.119.Final.jar:/home/runner/.m2/repository/io/netty/netty-codec-socks/4.1.119.Final/netty-codec-socks-4.1.119.Final.jar:/home/runner/.m2/repository/io/netty/netty-codec-stomp/4.1.119.Final/netty-codec-stomp-4.1.119.Final.jar:/home/runner/.m2/repository/io/netty/netty-codec-xml/4.1.119.Final/netty-codec-xml-4.1.119.Final.jar:/home/runner/.m2/repository/io/netty/netty-handler-ssl-ocsp/4.1.119.Final/netty-handler-ssl-ocsp-4.1.119.Final.jar:/home/runner/.m2/repository/io/netty/netty-resolver-dns/4.1.119.Final/netty-resolver-dns-4.1.119.Final.jar:/home/runner/.m2/repository/io/netty/netty-transport-rxtx/4.1.119.Final/netty-transport-rxtx-4.1.119.Final.jar:/home/runner/.m2/repository/io/netty/netty-transport-sctp/4.1.119.Final/netty-transport-sctp-4.1.119.Final.jar:/home/runner/.m2/repository/io/netty/netty-transport-udt/4.1.119.Final/netty-transport-udt-4.1.119.Final.jar:/home/runner/.m2/repository/io/netty/netty-transport-classes-kqueue/4.1.119.Final/netty-transport-classes-kqueue-4.1.119.Final.jar:/home/runner/.m2/repository/io/netty/netty-resolver-dns-classes-macos/4.1.119.Final/netty-resolver-dns-classes-macos-4.1.119.Final.jar:/home/runner/.m2/repository/io/netty/netty-transport-native-epoll/4.1.119.Final/netty-transport-native-epoll-4.1.119.Final-linux-aarch_64.jar:/home/runner/.m2/repository/io/netty/netty-transport-native-epoll/4.1.119.Final/netty-transport-native-epoll-4.1.119.Final-linux-riscv64.jar:/home/runner/.m2/repository/io/netty/netty-transport-native-kqueue/4.1.119.Final/netty-transport-native-kqueue-4.1.119.Final-osx-x86_64.jar:/home/runner/.m2/repository/io/netty/netty-transport-native-kqueue/4.1.119.Final/netty-transport-native-kqueue-4.1.119.Final-osx-aarch_64.jar:/home/runner/.m2/repository/io/netty/netty-resolver-dns-native-macos/4.1.119.Final/netty-resolver-dns-native-macos-4.1.119.Final-osx-x86_64.jar:/home/runner/.m2/repository/io/netty/netty-resolver-dns-native-macos/4.1.119.Final/netty-resolver-dns-native-macos-4.1.119.Final-osx-aarch_64.jar:/home/runner/.m2/repository/org/fusesource/leveldbjni/leveldbjni-all/1.8/leveldbjni-all-1.8.jar:/home/runner/.m2/repository/org/apache/hadoop/hadoop-hdfs-client/3.4.2/hadoop-hdfs-client-3.4.2.jar:/home/runner/.m2/repository/org/apache/hadoop/hadoop-kms/3.4.2/hadoop-kms-3.4.2.jar:/home/runner/.m2/repository/org/apache/hadoop/hadoop-kms/3.4.2/hadoop-kms-3.4.2-tests.jar:/home/runner/.m2/repository/org/apache/hadoop/hadoop-mapreduce-client-core/3.4.2/hadoop-mapreduce-client-core-3.4.2.jar:/home/runner/.m2/repository/org/apache/hadoop/hadoop-yarn-client/3.4.2/hadoop-yarn-client-3.4.2.jar:/home/runner/.m2/repository/org/eclipse/jetty/websocket/websocket-client/9.4.57.v20241219/websocket-client-9.4.57.v20241219.jar:/home/runner/.m2/repository/org/eclipse/jetty/jetty-client/9.4.58.v20250814/jetty-client-9.4.58.v20250814.jar:/home/runner/.m2/repository/org/eclipse/jetty/websocket/websocket-common/9.4.57.v20241219/websocket-common-9.4.57.v20241219.jar:/home/runner/.m2/repository/org/eclipse/jetty/websocket/websocket-api/9.4.57.v20241219/websocket-api-9.4.57.v20241219.jar:/home/runner/.m2/repository/org/apache/hadoop/hadoop-yarn-api/3.4.2/hadoop-yarn-api-3.4.2.jar:/home/runner/.m2/repository/org/apache/hadoop/hadoop-yarn-common/3.4.2/hadoop-yarn-common-3.4.2.jar:/home/runner/.m2/repository/javax/xml/bind/jaxb-api/2.2.11/jaxb-api-2.2.11.jar:/home/runner/.m2/repository/com/sun/jersey/contribs/jersey-guice/1.19.4/jersey-guice-1.19.4.jar:/home/runner/.m2/repository/com/fasterxml/jackson/module/jackson-module-jaxb-annotations/2.16.2/jackson-module-jaxb-annotations-2.16.2.jar:/home/runner/.m2/repository/com/fasterxml/jackson/jaxrs/jackson-jaxrs-json-provider/2.16.2/jackson-jaxrs-json-provider-2.16.2.jar:/home/runner/.m2/repository/com/google/inject/extensions/guice-servlet/6.0.0/guice-servlet-6.0.0.jar:/home/runner/.m2/repository/org/apache/hadoop/hadoop-mapreduce-client-jobclient/3.4.2/hadoop-mapreduce-client-jobclient-3.4.2.jar:/home/runner/.m2/repository/org/apache/hadoop/hadoop-mapreduce-client-common/3.4.2/hadoop-mapreduce-client-common-3.4.2.jar:/home/runner/.m2/repository/org/apache/hadoop/hadoop-minikdc/3.4.2/hadoop-minikdc-3.4.2.jar:/home/runner/.m2/repository/org/apache/kerby/kerb-simplekdc/2.0.3/kerb-simplekdc-2.0.3.jar:/home/runner/.m2/repository/org/apache/kerby/kerb-client/2.0.3/kerb-client-2.0.3.jar:/home/runner/.m2/repository/org/apache/kerby/kerb-common/2.0.3/kerb-common-2.0.3.jar:/home/runner/.m2/repository/org/apache/kerby/token-provider/2.0.3/token-provider-2.0.3.jar:/home/runner/.m2/repository/org/apache/kerby/kerb-admin/2.0.3/kerb-admin-2.0.3.jar:/home/runner/.m2/repository/org/apache/kerby/kerb-server/2.0.3/kerb-server-2.0.3.jar:/home/runner/.m2/repository/org/apache/kerby/kerb-identity/2.0.3/kerb-identity-2.0.3.jar:/home/runner/.m2/repository/org/apache/kerby/kerby-xdr/2.0.3/kerby-xdr-2.0.3.jar:/home/runner/.m2/repository/junit/junit/4.13.2/junit-4.13.2.jar:/home/runner/.m2/repository/org/hamcrest/hamcrest-core/1.3/hamcrest-core-1.3.jar:/home/runner/.m2/repository/org/apache/httpcomponents/httpclient/4.5.14/httpclient-4.5.14.jar:/home/runner/.m2/repository/org/apache/httpcomponents/httpcore/4.4.16/httpcore-4.4.16.jar:/home/runner/.m2/repository/org/apache/kerby/kerby-util/1.0.1/kerby-util-1.0.1.jar:/home/runner/work/ozone/ozone/hadoop-hdds/client/target/hdds-client-2.1.0-SNAPSHOT.jar:/home/runner/work/ozone/ozone/hadoop-hdds/erasurecode/target/hdds-erasurecode-2.1.0-SNAPSHOT.jar:/home/runner/work/ozone/ozone/hadoop-hdds/common/target/hdds-common-2.1.0-SNAPSHOT.jar:/home/runner/.m2/repository/com/fasterxml/jackson/datatype/jackson-datatype-jsr310/2.16.2/jackson-datatype-jsr310-2.16.2.jar:/home/runner/.m2/repository/io/opentelemetry/opentelemetry-api/1.54.1/opentelemetry-api-1.54.1.jar:/home/runner/.m2/repository/io/opentelemetry/opentelemetry-context/1.54.1/opentelemetry-context-1.54.1.jar:/home/runner/.m2/repository/io/opentelemetry/opentelemetry-common/1.54.1/opentelemetry-common-1.54.1.jar:/home/runner/.m2/repository/io/opentelemetry/opentelemetry-exporter-otlp/1.54.1/opentelemetry-exporter-otlp-1.54.1.jar:/home/runner/.m2/repository/io/opentelemetry/opentelemetry-sdk-metrics/1.54.1/opentelemetry-sdk-metrics-1.54.1.jar:/home/runner/.m2/repository/io/opentelemetry/opentelemetry-sdk-logs/1.54.1/opentelemetry-sdk-logs-1.54.1.jar:/home/runner/.m2/repository/io/opentelemetry/opentelemetry-exporter-otlp-common/1.54.1/opentelemetry-exporter-otlp-common-1.54.1.jar:/home/runner/.m2/repository/io/opentelemetry/opentelemetry-exporter-common/1.54.1/opentelemetry-exporter-common-1.54.1.jar:/home/runner/.m2/repository/io/opentelemetry/opentelemetry-exporter-sender-okhttp/1.54.1/opentelemetry-exporter-sender-okhttp-1.54.1.jar:/home/runner/.m2/repository/com/squareup/okhttp3/okhttp-jvm/5.1.0/okhttp-jvm-5.1.0.jar:/home/runner/.m2/repository/io/opentelemetry/opentelemetry-sdk-extension-autoconfigure-spi/1.54.1/opentelemetry-sdk-extension-autoconfigure-spi-1.54.1.jar:/home/runner/.m2/repository/io/opentelemetry/opentelemetry-sdk/1.54.1/opentelemetry-sdk-1.54.1.jar:/home/runner/.m2/repository/io/opentelemetry/opentelemetry-sdk-common/1.54.1/opentelemetry-sdk-common-1.54.1.jar:/home/runner/.m2/repository/io/opentelemetry/opentelemetry-sdk-trace/1.54.1/opentelemetry-sdk-trace-1.54.1.jar:/home/runner/.m2/repository/org/apache/ratis/ratis-netty/3.2.0/ratis-netty-3.2.0.jar:/home/runner/.m2/repository/org/yaml/snakeyaml/2.5/snakeyaml-2.5.jar:/home/runner/.m2/repository/org/apache/ratis/ratis-metrics-dropwizard3/3.2.0/ratis-metrics-dropwizard3-3.2.0.jar:/home/runner/.m2/repository/org/slf4j/jcl-over-slf4j/2.0.17/jcl-over-slf4j-2.0.17.jar:/home/runner/work/ozone/ozone/hadoop-hdds/common/target/hdds-common-2.1.0-SNAPSHOT-tests.jar:/home/runner/work/ozone/ozone/hadoop-hdds/config/target/hdds-config-2.1.0-SNAPSHOT.jar:/home/runner/work/ozone/ozone/hadoop-hdds/container-service/target/hdds-container-service-2.1.0-SNAPSHOT.jar:/home/runner/.m2/repository/io/netty/netty-buffer/4.1.119.Final/netty-buffer-4.1.119.Final.jar:/home/runner/.m2/repository/io/netty/netty-codec/4.1.119.Final/netty-codec-4.1.119.Final.jar:/home/runner/.m2/repository/io/netty/netty-common/4.1.119.Final/netty-common-4.1.119.Final.jar:/home/runner/.m2/repository/io/netty/netty-transport/4.1.119.Final/netty-transport-4.1.119.Final.jar:/home/runner/.m2/repository/org/apache/logging/log4j/log4j-api/2.25.0/log4j-api-2.25.0.jar:/home/runner/.m2/repository/com/github/luben/zstd-jni/1.5.7-5/zstd-jni-1.5.7-5.jar:/home/runner/.m2/repository/log4j/apache-log4j-extras/1.2.17/apache-log4j-extras-1.2.17.jar:/home/runner/.m2/repository/org/glassfish/jaxb/jaxb-runtime/2.3.9/jaxb-runtime-2.3.9.jar:/home/runner/.m2/repository/org/glassfish/jaxb/txw2/2.3.9/txw2-2.3.9.jar:/home/runner/.m2/repository/com/sun/istack/istack-commons-runtime/3.0.12/istack-commons-runtime-3.0.12.jar:/home/runner/.m2/repository/com/sun/activation/jakarta.activation/1.2.2/jakarta.activation-1.2.2.jar:/home/runner/work/ozone/ozone/hadoop-hdds/container-service/target/hdds-container-service-2.1.0-SNAPSHOT-tests.jar:/home/runner/work/ozone/ozone/hadoop-hdds/interface-admin/target/hdds-interface-admin-2.1.0-SNAPSHOT.jar:/home/runner/work/ozone/ozone/hadoop-hdds/interface-client/target/hdds-interface-client-2.1.0-SNAPSHOT.jar:/home/runner/work/ozone/ozone/hadoop-hdds/interface-server/target/hdds-interface-server-2.1.0-SNAPSHOT.jar:/home/runner/work/ozone/ozone/hadoop-hdds/managed-rocksdb/target/hdds-managed-rocksdb-2.1.0-SNAPSHOT.jar:/home/runner/work/ozone/ozone/hadoop-hdds/rocks-native/target/hdds-rocks-native-2.1.0-SNAPSHOT.jar:/home/runner/work/ozone/ozone/hadoop-hdds/framework/target/hdds-server-framework-2.1.0-SNAPSHOT.jar:/home/runner/.m2/repository/com/github/jnr/jnr-constants/0.10.4/jnr-constants-0.10.4.jar:/home/runner/.m2/repository/com/github/jnr/jnr-posix/3.1.20/jnr-posix-3.1.20.jar:/home/runner/.m2/repository/com/github/jnr/jnr-ffi/2.2.17/jnr-ffi-2.2.17.jar:/home/runner/.m2/repository/com/github/jnr/jffi/1.3.13/jffi-1.3.13.jar:/home/runner/.m2/repository/com/github/jnr/jffi/1.3.13/jffi-1.3.13-native.jar:/home/runner/.m2/repository/org/ow2/asm/asm/9.7.1/asm-9.7.1.jar:/home/runner/.m2/repository/org/ow2/asm/asm-commons/9.7.1/asm-commons-9.7.1.jar:/home/runner/.m2/repository/org/ow2/asm/asm-analysis/9.7.1/asm-analysis-9.7.1.jar:/home/runner/.m2/repository/org/ow2/asm/asm-tree/9.7.1/asm-tree-9.7.1.jar:/home/runner/.m2/repository/org/ow2/asm/asm-util/9.7.1/asm-util-9.7.1.jar:/home/runner/.m2/repository/com/github/jnr/jnr-a64asm/1.0.0/jnr-a64asm-1.0.0.jar:/home/runner/.m2/repository/com/github/jnr/jnr-x86asm/1.0.2/jnr-x86asm-1.0.2.jar:/home/runner/.m2/repository/commons-fileupload/commons-fileupload/1.6.0/commons-fileupload-1.6.0.jar:/home/runner/.m2/repository/io/grpc/grpc-api/1.71.0/grpc-api-1.71.0.jar:/home/runner/.m2/repository/io/prometheus/simpleclient/0.16.0/simpleclient-0.16.0.jar:/home/runner/.m2/repository/io/prometheus/simpleclient_common/0.16.0/simpleclient_common-0.16.0.jar:/home/runner/.m2/repository/io/prometheus/simpleclient_dropwizard/0.16.0/simpleclient_dropwizard-0.16.0.jar:/home/runner/.m2/repository/jakarta/ws/rs/jakarta.ws.rs-api/2.1.6/jakarta.ws.rs-api-2.1.6.jar:/home/runner/.m2/repository/org/eclipse/jetty/jetty-http/9.4.58.v20250814/jetty-http-9.4.58.v20250814.jar:/home/runner/.m2/repository/org/glassfish/jersey/containers/jersey-container-servlet-core/2.47/jersey-container-servlet-core-2.47.jar:/home/runner/.m2/repository/org/glassfish/jersey/core/jersey-server/2.47/jersey-server-2.47.jar:/home/runner/.m2/repository/org/glassfish/jersey/core/jersey-client/2.47/jersey-client-2.47.jar:/home/runner/.m2/repository/com/lmax/disruptor/3.4.4/disruptor-3.4.4.jar:/home/runner/.m2/repository/org/apache/logging/log4j/log4j-core/2.25.0/log4j-core-2.25.0.jar:/home/runner/work/ozone/ozone/hadoop-hdds/framework/target/hdds-server-framework-2.1.0-SNAPSHOT-tests.jar:/home/runner/work/ozone/ozone/hadoop-hdds/server-scm/target/hdds-server-scm-2.1.0-SNAPSHOT.jar:/home/runner/work/ozone/ozone/hadoop-hdds/server-scm/target/hdds-server-scm-2.1.0-SNAPSHOT-tests.jar:/home/runner/work/ozone/ozone/hadoop-hdds/test-utils/target/hdds-test-utils-2.1.0-SNAPSHOT-tests.jar:/home/runner/work/ozone/ozone/hadoop-ozone/cli-admin/target/ozone-cli-admin-2.1.0-SNAPSHOT.jar:/home/runner/work/ozone/ozone/hadoop-ozone/cli-shell/target/ozone-cli-shell-2.1.0-SNAPSHOT.jar:/home/runner/.m2/repository/info/picocli/picocli-shell-jline3/4.7.7/picocli-shell-jline3-4.7.7.jar:/home/runner/.m2/repository/org/jline/jline/3.30.6/jline-3.30.6.jar:/home/runner/work/ozone/ozone/hadoop-ozone/client/target/ozone-client-2.1.0-SNAPSHOT.jar:/home/runner/work/ozone/ozone/hadoop-ozone/common/target/ozone-common-2.1.0-SNAPSHOT.jar:/home/runner/.m2/repository/io/grpc/grpc-netty/1.71.0/grpc-netty-1.71.0.jar:/home/runner/.m2/repository/org/codehaus/mojo/animal-sniffer-annotations/1.24/animal-sniffer-annotations-1.24.jar:/home/runner/.m2/repository/io/grpc/grpc-core/1.71.0/grpc-core-1.71.0.jar:/home/runner/.m2/repository/com/google/android/annotations/4.1.1.4/annotations-4.1.1.4.jar:/home/runner/.m2/repository/io/grpc/grpc-context/1.71.0/grpc-context-1.71.0.jar:/home/runner/.m2/repository/io/perfmark/perfmark-api/0.27.0/perfmark-api-0.27.0.jar:/home/runner/.m2/repository/io/grpc/grpc-util/1.71.0/grpc-util-1.71.0.jar:/home/runner/.m2/repository/io/netty/netty-codec-http2/4.1.119.Final/netty-codec-http2-4.1.119.Final.jar:/home/runner/.m2/repository/io/netty/netty-handler-proxy/4.1.119.Final/netty-handler-proxy-4.1.119.Final.jar:/home/runner/.m2/repository/io/netty/netty-tcnative-boringssl-static/2.0.70.Final/netty-tcnative-boringssl-static-2.0.70.Final.jar:/home/runner/.m2/repository/io/netty/netty-tcnative-classes/2.0.70.Final/netty-tcnative-classes-2.0.70.Final.jar:/home/runner/.m2/repository/io/netty/netty-tcnative-boringssl-static/2.0.70.Final/netty-tcnative-boringssl-static-2.0.70.Final-linux-x86_64.jar:/home/runner/.m2/repository/io/netty/netty-tcnative-boringssl-static/2.0.70.Final/netty-tcnative-boringssl-static-2.0.70.Final-linux-aarch_64.jar:/home/runner/.m2/repository/io/netty/netty-tcnative-boringssl-static/2.0.70.Final/netty-tcnative-boringssl-static-2.0.70.Final-osx-x86_64.jar:/home/runner/.m2/repository/io/netty/netty-tcnative-boringssl-static/2.0.70.Final/netty-tcnative-boringssl-static-2.0.70.Final-osx-aarch_64.jar:/home/runner/.m2/repository/io/netty/netty-tcnative-boringssl-static/2.0.70.Final/netty-tcnative-boringssl-static-2.0.70.Final-windows-x86_64.jar:/home/runner/work/ozone/ozone/hadoop-ozone/csi/target/ozone-csi-2.1.0-SNAPSHOT.jar:/home/runner/.m2/repository/io/grpc/grpc-protobuf/1.71.0/grpc-protobuf-1.71.0.jar:/home/runner/.m2/repository/com/google/api/grpc/proto-google-common-protos/2.51.0/proto-google-common-protos-2.51.0.jar:/home/runner/.m2/repository/io/grpc/grpc-protobuf-lite/1.71.0/grpc-protobuf-lite-1.71.0.jar:/home/runner/.m2/repository/io/grpc/grpc-stub/1.71.0/grpc-stub-1.71.0.jar:/home/runner/.m2/repository/io/netty/netty-transport-classes-epoll/4.1.119.Final/netty-transport-classes-epoll-4.1.119.Final.jar:/home/runner/.m2/repository/io/netty/netty-transport-native-unix-common/4.1.119.Final/netty-transport-native-unix-common-4.1.119.Final.jar:/home/runner/.m2/repository/io/netty/netty-transport-native-epoll/4.1.119.Final/netty-transport-native-epoll-4.1.119.Final-linux-x86_64.jar:/home/runner/work/ozone/ozone/hadoop-ozone/ozonefs/target/ozone-filesystem-2.1.0-SNAPSHOT.jar:/home/runner/work/ozone/ozone/hadoop-ozone/ozonefs-common/target/ozone-filesystem-common-2.1.0-SNAPSHOT.jar:/home/runner/work/ozone/ozone/hadoop-ozone/freon/target/ozone-freon-2.1.0-SNAPSHOT.jar:/home/runner/.m2/repository/com/amazonaws/aws-java-sdk-core/1.12.788/aws-java-sdk-core-1.12.788.jar:/home/runner/.m2/repository/com/fasterxml/jackson/dataformat/jackson-dataformat-cbor/2.16.2/jackson-dataformat-cbor-2.16.2.jar:/home/runner/.m2/repository/joda-time/joda-time/2.12.7/joda-time-2.12.7.jar:/home/runner/.m2/repository/com/amazonaws/aws-java-sdk-s3/1.12.788/aws-java-sdk-s3-1.12.788.jar:/home/runner/.m2/repository/com/amazonaws/aws-java-sdk-kms/1.12.788/aws-java-sdk-kms-1.12.788.jar:/home/runner/.m2/repository/com/amazonaws/jmespath-java/1.12.788/jmespath-java-1.12.788.jar:/home/runner/work/ozone/ozone/hadoop-ozone/interface-client/target/ozone-interface-client-2.1.0-SNAPSHOT.jar:/home/runner/work/ozone/ozone/hadoop-ozone/interface-storage/target/ozone-interface-storage-2.1.0-SNAPSHOT.jar:/home/runner/work/ozone/ozone/hadoop-ozone/ozone-manager/target/ozone-manager-2.1.0-SNAPSHOT.jar:/home/runner/.m2/repository/org/apache/commons/commons-pool2/2.12.1/commons-pool2-2.12.1.jar:/home/runner/.m2/repository/org/aspectj/aspectjrt/1.9.24/aspectjrt-1.9.24.jar:/home/runner/work/ozone/ozone/hadoop-ozone/ozone-manager/target/ozone-manager-2.1.0-SNAPSHOT-tests.jar:/home/runner/work/ozone/ozone/hadoop-ozone/mini-cluster/target/ozone-mini-cluster-2.1.0-SNAPSHOT.jar:/home/runner/work/ozone/ozone/hadoop-ozone/multitenancy-ranger/target/ozone-multitenancy-ranger-2.1.0-SNAPSHOT.jar:/home/runner/.m2/repository/com/sun/jersey/jersey-client/1.19.4/jersey-client-1.19.4.jar:/home/runner/.m2/repository/org/apache/ranger/ranger-plugins-common/2.6.0/ranger-plugins-common-2.6.0.jar:/home/runner/.m2/repository/com/fasterxml/jackson/jaxrs/jackson-jaxrs-base/2.16.2/jackson-jaxrs-base-2.16.2.jar:/home/runner/.m2/repository/com/kstruct/gethostname4j/1.0.0/gethostname4j-1.0.0.jar:/home/runner/.m2/repository/commons-lang/commons-lang/2.6/commons-lang-2.6.jar:/home/runner/.m2/repository/net/java/dev/jna/jna/5.2.0/jna-5.2.0.jar:/home/runner/.m2/repository/net/java/dev/jna/jna-platform/5.2.0/jna-platform-5.2.0.jar:/home/runner/.m2/repository/org/apache/ranger/ranger-plugin-classloader/2.6.0/ranger-plugin-classloader-2.6.0.jar:/home/runner/.m2/repository/org/apache/ranger/ranger-plugins-audit/2.6.0/ranger-plugins-audit-2.6.0.jar:/home/runner/.m2/repository/com/amazonaws/aws-java-sdk-logs/1.12.765/aws-java-sdk-logs-1.12.765.jar:/home/runner/.m2/repository/com/carrotsearch/hppc/0.8.0/hppc-0.8.0.jar:/home/runner/.m2/repository/io/airlift/aircompressor/0.27/aircompressor-0.27.jar:/home/runner/.m2/repository/org/apache/httpcomponents/httpasyncclient/4.1.4/httpasyncclient-4.1.4.jar:/home/runner/.m2/repository/org/apache/httpcomponents/httpcore-nio/4.4.16/httpcore-nio-4.4.16.jar:/home/runner/.m2/repository/org/apache/httpcomponents/httpmime/4.5.13/httpmime-4.5.13.jar:/home/runner/.m2/repository/org/apache/orc/orc-core/1.5.8/orc-core-1.5.8.jar:/home/runner/.m2/repository/org/apache/orc/orc-shims/1.5.8/orc-shims-1.5.8.jar:/home/runner/.m2/repository/org/apache/ranger/ranger-plugins-cred/2.6.0/ranger-plugins-cred-2.6.0.jar:/home/runner/work/ozone/ozone/hadoop-ozone/recon/target/ozone-recon-2.1.0-SNAPSHOT.jar:/home/runner/.m2/repository/aopalliance/aopalliance/1.0/aopalliance-1.0.jar:/home/runner/.m2/repository/com/google/inject/guice/6.0.0/guice-6.0.0.jar:/home/runner/.m2/repository/jakarta/inject/jakarta.inject-api/2.0.1/jakarta.inject-api-2.0.1.jar:/home/runner/.m2/repository/com/jolbox/bonecp/0.8.0.RELEASE/bonecp-0.8.0.RELEASE.jar:/home/runner/.m2/repository/jakarta/validation/jakarta.validation-api/2.0.2/jakarta.validation-api-2.0.2.jar:/home/runner/.m2/repository/javax/annotation/javax.annotation-api/1.3.2/javax.annotation-api-1.3.2.jar:/home/runner/.m2/repository/javax/inject/javax.inject/1/javax.inject-1.jar:/home/runner/.m2/repository/org/apache/derby/derby/10.14.2.0/derby-10.14.2.0.jar:/home/runner/.m2/repository/org/glassfish/hk2/guice-bridge/2.6.1/guice-bridge-2.6.1.jar:/home/runner/.m2/repository/org/glassfish/hk2/hk2-api/2.6.1/hk2-api-2.6.1.jar:/home/runner/.m2/repository/org/glassfish/hk2/hk2-utils/2.6.1/hk2-utils-2.6.1.jar:/home/runner/.m2/repository/org/glassfish/hk2/external/aopalliance-repackaged/2.6.1/aopalliance-repackaged-2.6.1.jar:/home/runner/.m2/repository/org/glassfish/jersey/core/jersey-common/2.47/jersey-common-2.47.jar:/home/runner/.m2/repository/org/glassfish/hk2/osgi-resource-locator/1.0.3/osgi-resource-locator-1.0.3.jar:/home/runner/.m2/repository/org/jooq/jooq/3.11.10/jooq-3.11.10.jar:/home/runner/.m2/repository/org/springframework/spring-core/5.3.39/spring-core-5.3.39.jar:/home/runner/.m2/repository/org/springframework/spring-jdbc/5.3.39/spring-jdbc-5.3.39.jar:/home/runner/.m2/repository/org/springframework/spring-beans/5.3.39/spring-beans-5.3.39.jar:/home/runner/.m2/repository/org/springframework/spring-tx/5.3.39/spring-tx-5.3.39.jar:/home/runner/.m2/repository/org/xerial/sqlite-jdbc/3.50.3.0/sqlite-jdbc-3.50.3.0.jar:/home/runner/.m2/repository/com/google/inject/extensions/guice-assistedinject/6.0.0/guice-assistedinject-6.0.0.jar:/home/runner/.m2/repository/org/glassfish/hk2/external/jakarta.inject/2.6.1/jakarta.inject-2.6.1.jar:/home/runner/.m2/repository/org/glassfish/jersey/inject/jersey-hk2/2.47/jersey-hk2-2.47.jar:/home/runner/.m2/repository/org/glassfish/hk2/hk2-locator/2.6.1/hk2-locator-2.6.1.jar:/home/runner/.m2/repository/org/glassfish/jersey/media/jersey-media-jaxb/2.47/jersey-media-jaxb-2.47.jar:/home/runner/.m2/repository/org/glassfish/jersey/media/jersey-media-json-jackson/2.47/jersey-media-json-jackson-2.47.jar:/home/runner/.m2/repository/org/glassfish/jersey/ext/jersey-entity-filtering/2.47/jersey-entity-filtering-2.47.jar:/home/runner/work/ozone/ozone/hadoop-ozone/recon-codegen/target/ozone-reconcodegen-2.1.0-SNAPSHOT.jar:/home/runner/.m2/repository/org/jooq/jooq-codegen/3.11.10/jooq-codegen-3.11.10.jar:/home/runner/.m2/repository/org/jooq/jooq-meta/3.11.10/jooq-meta-3.11.10.jar:/home/runner/work/ozone/ozone/hadoop-ozone/s3gateway/target/ozone-s3gateway-2.1.0-SNAPSHOT.jar:/home/runner/work/ozone/ozone/hadoop-ozone/tools/target/ozone-tools-2.1.0-SNAPSHOT.jar:/home/runner/.m2/repository/com/github/vlsi/mxgraph/jgraphx/3.9.12/jgraphx-3.9.12.jar:/home/runner/.m2/repository/org/apache/ratis/ratis-shell/3.2.0/ratis-shell-3.2.0.jar:/home/runner/.m2/repository/org/apache/ratis/ratis-tools/3.2.0/ratis-tools-3.2.0.jar:/home/runner/.m2/repository/org/jgrapht/jgrapht-core/1.4.0/jgrapht-core-1.4.0.jar:/home/runner/.m2/repository/org/jheaps/jheaps/0.11/jheaps-0.11.jar:/home/runner/.m2/repository/org/jgrapht/jgrapht-ext/1.4.0/jgrapht-ext-1.4.0.jar:/home/runner/work/ozone/ozone/hadoop-hdds/rocksdb-checkpoint-differ/target/rocksdb-checkpoint-differ-2.1.0-SNAPSHOT.jar:/home/runner/.m2/repository/org/apache/ranger/ranger-intg/2.6.0/ranger-intg-2.6.0.jar:/home/runner/.m2/repository/org/apache/ratis/ratis-client/3.2.0/ratis-client-3.2.0.jar:/home/runner/.m2/repository/org/apache/ratis/ratis-common/3.2.0/ratis-common-3.2.0.jar:/home/runner/.m2/repository/org/apache/ratis/ratis-grpc/3.2.0/ratis-grpc-3.2.0.jar:/home/runner/.m2/repository/org/apache/ratis/ratis-metrics-api/3.2.0/ratis-metrics-api-3.2.0.jar:/home/runner/.m2/repository/org/apache/ratis/ratis-proto/3.2.0/ratis-proto-3.2.0.jar:/home/runner/.m2/repository/org/apache/ratis/ratis-server/3.2.0/ratis-server-3.2.0.jar:/home/runner/.m2/repository/org/apache/ratis/ratis-server-api/3.2.0/ratis-server-api-3.2.0.jar:/home/runner/.m2/repository/org/apache/ratis/ratis-thirdparty-misc/1.0.9/ratis-thirdparty-misc-1.0.9.jar:/home/runner/.m2/repository/org/bouncycastle/bcpkix-jdk18on/1.81/bcpkix-jdk18on-1.81.jar:/home/runner/.m2/repository/org/bouncycastle/bcutil-jdk18on/1.81/bcutil-jdk18on-1.81.jar:/home/runner/.m2/repository/org/hamcrest/hamcrest/2.2/hamcrest-2.2.jar:/home/runner/.m2/repository/org/reflections/reflections/0.10.2/reflections-0.10.2.jar:/home/runner/.m2/repository/org/javassist/javassist/3.30.2-GA/javassist-3.30.2-GA.jar:/home/runner/.m2/repository/org/rocksdb/rocksdbjni/7.7.3/rocksdbjni-7.7.3.jar:/home/runner/.m2/repository/org/slf4j/jul-to-slf4j/2.0.17/jul-to-slf4j-2.0.17.jar:/home/runner/.m2/repository/org/slf4j/slf4j-api/2.0.17/slf4j-api-2.0.17.jar:/home/runner/.m2/repository/org/assertj/assertj-core/3.27.6/assertj-core-3.27.6.jar:/home/runner/.m2/repository/net/bytebuddy/byte-buddy/1.17.7/byte-buddy-1.17.7.jar:/home/runner/.m2/repository/org/junit/jupiter/junit-jupiter-api/5.14.0/junit-jupiter-api-5.14.0.jar:/home/runner/.m2/repository/org/opentest4j/opentest4j/1.3.0/opentest4j-1.3.0.jar:/home/runner/.m2/repository/org/junit/platform/junit-platform-commons/1.14.0/junit-platform-commons-1.14.0.jar:/home/runner/.m2/repository/org/apiguardian/apiguardian-api/1.1.2/apiguardian-api-1.1.2.jar:/home/runner/.m2/repository/org/junit/jupiter/junit-jupiter-params/5.14.0/junit-jupiter-params-5.14.0.jar:/home/runner/.m2/repository/org/mockito/mockito-core/4.11.0/mockito-core-4.11.0.jar:/home/runner/.m2/repository/net/bytebuddy/byte-buddy-agent/1.12.19/byte-buddy-agent-1.12.19.jar:/home/runner/.m2/repository/org/objenesis/objenesis/3.3/objenesis-3.3.jar:/home/runner/.m2/repository/org/mockito/mockito-inline/4.11.0/mockito-inline-4.11.0.jar:/home/runner/.m2/repository/org/mockito/mockito-junit-jupiter/4.11.0/mockito-junit-jupiter-4.11.0.jar:/home/runner/work/ozone/ozone/hadoop-ozone/integration-test/target/gradle-enterprise/test-listeners.jar:"/>
    <property name="sun.cpu.endian" value="little"/>
    <property name="user.home" value="/home/runner"/>
    <property name="user.language" value="en"/>
    <property name="java.specification.vendor" value="Oracle Corporation"/>
    <property name="skipRecon" value="true"/>
    <property name="java.version.date" value="2025-07-15"/>
    <property name="java.home" value="/usr/lib/jvm/temurin-21-jdk-amd64"/>
    <property name="java.security.krb5.conf" value="/home/runner/work/ozone/ozone/hadoop-ozone/integration-test/target/test-classes/krb5.conf"/>
    <property name="file.separator" value="/"/>
    <property name="basedir" value="/home/runner/work/ozone/ozone/hadoop-ozone/integration-test"/>
    <property name="java.vm.compressedOopsMode" value="Zero based"/>
    <property name="line.separator" value="&#10;"/>
    <property name="java.vm.specification.vendor" value="Oracle Corporation"/>
    <property name="java.specification.name" value="Java Platform API Specification"/>
    <property name="surefire.real.class.path" value="/home/runner/work/ozone/ozone/hadoop-ozone/integration-test/target/surefire/surefirebooter-20251010102220425_581.jar"/>
    <property name="hadoop.log.dir" value="/home/runner/work/ozone/ozone/hadoop-ozone/integration-test/target/log"/>
    <property name="sun.management.compiler" value="HotSpot 64-Bit Tiered Compilers"/>
    <property name="skipShade" value="true"/>
    <property name="java.runtime.version" value="21.0.8+9-LTS"/>
    <property name="user.name" value="runner"/>
    <property name="java.net.preferIPv4Stack" value="true"/>
    <property name="stdout.encoding" value="UTF-8"/>
    <property name="path.separator" value=":"/>
    <property name="java.security.egd" value="file:///dev/urandom"/>
    <property name="os.version" value="6.11.0-1018-azure"/>
    <property name="java.runtime.name" value="OpenJDK Runtime Environment"/>
    <property name="com.gradle.maven.scan.extension.test.listener.junitplatform.NestedExecutionSafeDelegatingTestExecutionListener" value="4bbf6d0e"/>
    <property name="file.encoding" value="UTF-8"/>
    <property name="java.vm.name" value="OpenJDK 64-Bit Server VM"/>
    <property name="rocks_tools_native" value="true"/>
    <property name="java.vendor.version" value="Temurin-21.0.8+9"/>
    <property name="test.build.webapps" value=""/>
    <property name="develocity.listener.surefire.forkId" value="1"/>
    <property name="localRepository" value="/home/runner/.m2/repository"/>
    <property name="java.vendor.url.bug" value="https://github.com/adoptium/adoptium-support/issues"/>
    <property name="jetty.git.hash" value="8f1440587e9e4ae7db3d74cf205643f3d707148d"/>
    <property name="java.io.tmpdir" value="/tmp"/>
    <property name="require.test.libhadoop" value=""/>
    <property name="java.version" value="21.0.8"/>
    <property name="user.dir" value="/home/runner/work/ozone/ozone/hadoop-ozone/integration-test"/>
    <property name="os.arch" value="amd64"/>
    <property name="java.vm.specification.name" value="Java Virtual Machine Specification"/>
    <property name="test.build.classes" value="/home/runner/work/ozone/ozone/hadoop-ozone/integration-test/target/test-classes"/>
    <property name="org.apache.ratis.thirdparty.io.netty.allocator.useCacheForAllThreads" value="false"/>
    <property name="native.encoding" value="UTF-8"/>
    <property name="hadoop.tmp.dir" value="/home/runner/work/ozone/ozone/hadoop-ozone/integration-test/target/tmp"/>
    <property name="java.library.path" value="/usr/java/packages/lib:/usr/lib64:/lib64:/lib:/usr/lib"/>
    <property name="java.vm.info" value="mixed mode, sharing"/>
    <property name="stderr.encoding" value="UTF-8"/>
    <property name="java.vendor" value="Eclipse Adoptium"/>
    <property name="java.vm.version" value="21.0.8+9-LTS"/>
    <property name="sun.io.unicode.encoding" value="UnicodeLittle"/>
    <property name="develocity.listener.port" value="46593"/>
    <property name="java.class.version" value="65.0"/>
  </properties>
  <testcase name="testPipelineExclusionWithPipelineFailure" classname="org.apache.hadoop.ozone.client.rpc.TestFailureHandlingByClient" time="70.508">
    <system-out><![CDATA[2025-10-10 10:37:32,782 [ForkJoinPool-1-worker-1] INFO  reflections.Reflections (Reflections.java:scan(219)) - Reflections took 188 ms to scan 7 urls, producing 168 keys and 381 values
2025-10-10 10:37:32,915 [ForkJoinPool-1-worker-1] INFO  ha.SCMHANodeDetails (SCMHANodeDetails.java:loadSCMHAConfig(162)) - ServiceID for StorageContainerManager is null
2025-10-10 10:37:32,916 [ForkJoinPool-1-worker-1] INFO  ha.SCMHANodeDetails (SCMHANodeDetails.java:loadSCMHAConfig(166)) - ozone.scm.default.service.id is not defined, falling back to ozone.scm.service.ids to find serviceID for StorageContainerManager if it is HA enabled cluster
2025-10-10 10:37:33,076 [ForkJoinPool-1-worker-1] INFO  server.RaftServerConfigKeys (ConfUtils.java:logGet(62)) - raft.server.log.appender.buffer.byte-limit = 4194304 (custom)
2025-10-10 10:37:33,103 [ForkJoinPool-1-worker-1] INFO  server.RaftServer (ConfUtils.java:logGet(62)) - raft.rpc.type = GRPC (default)
2025-10-10 10:37:33,168 [ForkJoinPool-1-worker-1] INFO  grpc.GrpcConfigKeys (ConfUtils.java:logFallback(69)) - raft.grpc.admin.host = null (fallback to raft.grpc.server.host)
2025-10-10 10:37:33,169 [ForkJoinPool-1-worker-1] INFO  grpc.GrpcConfigKeys (ConfUtils.java:logFallback(69)) - raft.grpc.admin.port = 15004 (fallback to raft.grpc.server.port)
2025-10-10 10:37:33,170 [ForkJoinPool-1-worker-1] INFO  grpc.GrpcConfigKeys (ConfUtils.java:logFallback(69)) - raft.grpc.client.host = null (fallback to raft.grpc.server.host)
2025-10-10 10:37:33,170 [ForkJoinPool-1-worker-1] INFO  grpc.GrpcConfigKeys (ConfUtils.java:logFallback(69)) - raft.grpc.client.port = 15004 (fallback to raft.grpc.server.port)
2025-10-10 10:37:33,170 [ForkJoinPool-1-worker-1] INFO  grpc.GrpcConfigKeys (ConfUtils.java:logGet(62)) - raft.grpc.server.port = 15004 (custom)
2025-10-10 10:37:33,171 [ForkJoinPool-1-worker-1] INFO  server.GrpcServicesImpl (ConfUtils.java:logGet(62)) - raft.grpc.message.size.max = 5242880 (custom)
2025-10-10 10:37:33,172 [ForkJoinPool-1-worker-1] INFO  server.GrpcServicesImpl (ConfUtils.java:logGet(62)) - raft.grpc.flow.control.window = 1MB (=1048576) (default)
2025-10-10 10:37:33,172 [ForkJoinPool-1-worker-1] INFO  server.RaftServerConfigKeys (ConfUtils.java:logGet(62)) - raft.server.rpc.request.timeout = 30000ms (custom)
2025-10-10 10:37:33,176 [ForkJoinPool-1-worker-1] INFO  grpc.GrpcConfigKeys (ConfUtils.java:logGet(62)) - raft.grpc.server.heartbeat.channel = true (default)
2025-10-10 10:37:33,177 [ForkJoinPool-1-worker-1] INFO  server.RaftServerConfigKeys (ConfUtils.java:logGet(62)) - raft.server.log.appender.buffer.byte-limit = 4194304 (custom)
2025-10-10 10:37:33,179 [ForkJoinPool-1-worker-1] INFO  grpc.GrpcConfigKeys (ConfUtils.java:logGet(62)) - raft.grpc.server.async.request.thread.pool.cached = true (default)
2025-10-10 10:37:33,180 [ForkJoinPool-1-worker-1] INFO  grpc.GrpcConfigKeys (ConfUtils.java:logGet(62)) - raft.grpc.server.async.request.thread.pool.size = 32 (default)
2025-10-10 10:37:33,346 [ForkJoinPool-1-worker-1] INFO  impl.DataStreamServerImpl (ConfUtils.java:logGet(62)) - raft.datastream.type = DISABLED (default)
2025-10-10 10:37:33,348 [ForkJoinPool-1-worker-1] INFO  server.RaftServerConfigKeys (ConfUtils.java:logGet(62)) - raft.server.sleep.deviation.threshold = 300ms (default)
2025-10-10 10:37:33,349 [ForkJoinPool-1-worker-1] INFO  server.RaftServerConfigKeys (ConfUtils.java:logGet(62)) - raft.server.close.threshold = 60s (default)
2025-10-10 10:37:33,349 [ForkJoinPool-1-worker-1] INFO  server.RaftServerConfigKeys (ConfUtils.java:logGet(62)) - raft.server.leaderelection.leader.step-down.wait-time = 10s (default)
2025-10-10 10:37:33,353 [ForkJoinPool-1-worker-1] INFO  server.RaftServerConfigKeys (ConfUtils.java:logGet(62)) - raft.server.storage.dir = [/home/runner/work/ozone/ozone/hadoop-ozone/integration-test/target/test-dir/MiniOzoneClusterImpl-611c99c7-d47b-4433-a4ef-cd0a35b076ef/scm/ratis] (custom)
2025-10-10 10:37:33,354 [ForkJoinPool-1-worker-1] INFO  server.RaftServerConfigKeys (ConfUtils.java:logGet(62)) - raft.server.threadpool.proxy.cached = true (default)
2025-10-10 10:37:33,355 [ForkJoinPool-1-worker-1] INFO  server.RaftServerConfigKeys (ConfUtils.java:logGet(62)) - raft.server.threadpool.proxy.size = 0 (default)
2025-10-10 10:37:33,361 [ForkJoinPool-1-worker-1] INFO  server.RaftServer (RaftServerProxy.java:addNew(105)) - 8502da08-471d-490f-823d-1244cc2731b5: addNew group-CD0A35B076EF:[8502da08-471d-490f-823d-1244cc2731b5|localhost:15004] returns group-CD0A35B076EF:java.util.concurrent.CompletableFuture@2b011a6c[Not completed]
2025-10-10 10:37:33,377 [8502da08-471d-490f-823d-1244cc2731b5-groupManagement] INFO  server.RaftServer$Division (RaftServerImpl.java:<init>(268)) - 8502da08-471d-490f-823d-1244cc2731b5: new RaftServerImpl for group-CD0A35B076EF:[8502da08-471d-490f-823d-1244cc2731b5|localhost:15004] with SCMStateMachine:uninitialized
2025-10-10 10:37:33,379 [8502da08-471d-490f-823d-1244cc2731b5-groupManagement] INFO  server.RaftServerConfigKeys (ConfUtils.java:logGet(62)) - raft.server.rpc.timeout.min = 5000ms (custom)
2025-10-10 10:37:33,379 [8502da08-471d-490f-823d-1244cc2731b5-groupManagement] INFO  server.RaftServerConfigKeys (ConfUtils.java:logGet(62)) - raft.server.rpc.timeout.max = 5200ms (custom)
2025-10-10 10:37:33,379 [8502da08-471d-490f-823d-1244cc2731b5-groupManagement] INFO  server.RaftServerConfigKeys (ConfUtils.java:logGet(62)) - raft.server.rpc.sleep.time = 25ms (default)
2025-10-10 10:37:33,379 [8502da08-471d-490f-823d-1244cc2731b5-groupManagement] INFO  server.RaftServerConfigKeys (ConfUtils.java:logGet(62)) - raft.server.rpc.slowness.timeout = 120000ms (custom)
2025-10-10 10:37:33,380 [8502da08-471d-490f-823d-1244cc2731b5-groupManagement] INFO  server.RaftServerConfigKeys (ConfUtils.java:logGet(62)) - raft.server.leaderelection.member.majority-add = false (default)
2025-10-10 10:37:33,385 [8502da08-471d-490f-823d-1244cc2731b5-groupManagement] INFO  server.RaftServer$Division (ServerState.java:<init>(114)) - 8502da08-471d-490f-823d-1244cc2731b5@group-CD0A35B076EF: ConfigurationManager, init=conf: {index: -1, cur=peers:[8502da08-471d-490f-823d-1244cc2731b5|localhost:15004]|listeners:[], old=null}, confs=<EMPTY_MAP>
2025-10-10 10:37:33,389 [8502da08-471d-490f-823d-1244cc2731b5-groupManagement] INFO  server.RaftServerConfigKeys (ConfUtils.java:logGet(62)) - raft.server.notification.no-leader.timeout = 60s (default)
2025-10-10 10:37:33,392 [8502da08-471d-490f-823d-1244cc2731b5-groupManagement] INFO  server.RaftServerConfigKeys (ConfUtils.java:logGet(62)) - raft.server.read.timeout = 10s (default)
2025-10-10 10:37:33,395 [8502da08-471d-490f-823d-1244cc2731b5-groupManagement] INFO  server.RaftServerConfigKeys (ConfUtils.java:logGet(62)) - raft.server.retrycache.expirytime = 60000ms (default)
2025-10-10 10:37:33,395 [8502da08-471d-490f-823d-1244cc2731b5-groupManagement] INFO  server.RaftServerConfigKeys (ConfUtils.java:logGet(62)) - raft.server.retrycache.statistics.expirytime = 100ms (default)
2025-10-10 10:37:33,409 [8502da08-471d-490f-823d-1244cc2731b5-groupManagement] INFO  server.RaftServerConfigKeys (ConfUtils.java:logGet(62)) - raft.server.read.option = DEFAULT (default)
2025-10-10 10:37:33,410 [8502da08-471d-490f-823d-1244cc2731b5-groupManagement] INFO  server.RaftServerConfigKeys (ConfUtils.java:logGet(62)) - raft.server.read.read-after-write-consistent.write-index-cache.expiry-time = 60s (default)
2025-10-10 10:37:33,550 [8502da08-471d-490f-823d-1244cc2731b5-groupManagement] INFO  server.RaftServerConfigKeys (ConfUtils.java:logGet(62)) - raft.server.log.appender.install.snapshot.enabled = false (custom)
2025-10-10 10:37:33,550 [8502da08-471d-490f-823d-1244cc2731b5-groupManagement] INFO  server.RaftServerConfigKeys (ConfUtils.java:logGet(62)) - raft.server.threadpool.server.cached = true (default)
2025-10-10 10:37:33,551 [8502da08-471d-490f-823d-1244cc2731b5-groupManagement] INFO  server.RaftServerConfigKeys (ConfUtils.java:logGet(62)) - raft.server.threadpool.server.size = 0 (default)
2025-10-10 10:37:33,551 [8502da08-471d-490f-823d-1244cc2731b5-groupManagement] INFO  server.RaftServerConfigKeys (ConfUtils.java:logGet(62)) - raft.server.threadpool.client.cached = true (default)
2025-10-10 10:37:33,552 [8502da08-471d-490f-823d-1244cc2731b5-groupManagement] INFO  server.RaftServerConfigKeys (ConfUtils.java:logGet(62)) - raft.server.threadpool.client.size = 0 (default)
2025-10-10 10:37:33,554 [8502da08-471d-490f-823d-1244cc2731b5-impl-thread1] INFO  server.RaftServerConfigKeys (ConfUtils.java:logGet(62)) - raft.server.storage.free-space.min = 0MB (=0) (default)
2025-10-10 10:37:33,554 [8502da08-471d-490f-823d-1244cc2731b5-impl-thread1] INFO  server.RaftServerConfigKeys (ConfUtils.java:logGet(62)) - raft.server.log.corruption.policy = EXCEPTION (default)
2025-10-10 10:37:33,561 [8502da08-471d-490f-823d-1244cc2731b5-impl-thread1] INFO  storage.RaftStorageDirectory (RaftStorageDirectoryImpl.java:analyzeStorage(138)) - The storage directory /home/runner/work/ozone/ozone/hadoop-ozone/integration-test/target/test-dir/MiniOzoneClusterImpl-611c99c7-d47b-4433-a4ef-cd0a35b076ef/scm/ratis/611c99c7-d47b-4433-a4ef-cd0a35b076ef does not exist. Creating ...
2025-10-10 10:37:33,564 [8502da08-471d-490f-823d-1244cc2731b5-impl-thread1] INFO  storage.RaftStorageDirectory (RaftStorageDirectoryImpl.java:tryLock(229)) - Lock on /home/runner/work/ozone/ozone/hadoop-ozone/integration-test/target/test-dir/MiniOzoneClusterImpl-611c99c7-d47b-4433-a4ef-cd0a35b076ef/scm/ratis/611c99c7-d47b-4433-a4ef-cd0a35b076ef/in_use.lock acquired by nodename 58401@localhost
2025-10-10 10:37:33,568 [8502da08-471d-490f-823d-1244cc2731b5-impl-thread1] INFO  storage.RaftStorage (RaftStorageImpl.java:format(98)) - Storage directory /home/runner/work/ozone/ozone/hadoop-ozone/integration-test/target/test-dir/MiniOzoneClusterImpl-611c99c7-d47b-4433-a4ef-cd0a35b076ef/scm/ratis/611c99c7-d47b-4433-a4ef-cd0a35b076ef has been successfully formatted.
2025-10-10 10:37:33,570 [8502da08-471d-490f-823d-1244cc2731b5-impl-thread1] INFO  ha.SCMStateMachine (SCMStateMachine.java:lambda$initialize$0(135)) - 8502da08-471d-490f-823d-1244cc2731b5: initialize group-CD0A35B076EF
2025-10-10 10:37:33,571 [8502da08-471d-490f-823d-1244cc2731b5-impl-thread1] INFO  server.RaftServerConfigKeys (ConfUtils.java:logGet(62)) - raft.server.log.use.memory = false (default)
2025-10-10 10:37:33,578 [8502da08-471d-490f-823d-1244cc2731b5-impl-thread1] INFO  server.RaftServerConfigKeys (ConfUtils.java:logGet(62)) - raft.server.log.purge.gap = 1000000 (custom)
2025-10-10 10:37:33,579 [8502da08-471d-490f-823d-1244cc2731b5-impl-thread1] INFO  server.RaftServerConfigKeys (ConfUtils.java:logGet(62)) - raft.server.log.appender.buffer.byte-limit = 4194304 (custom)
2025-10-10 10:37:33,580 [8502da08-471d-490f-823d-1244cc2731b5-impl-thread1] INFO  server.RaftServerConfigKeys (ConfUtils.java:logGet(62)) - raft.server.log.statemachine.data.read.timeout = 1000ms (default)
2025-10-10 10:37:33,581 [8502da08-471d-490f-823d-1244cc2731b5-impl-thread1] INFO  server.RaftServerConfigKeys (ConfUtils.java:logGet(62)) - raft.server.log.purge.preservation.log.num = 0 (default)
2025-10-10 10:37:33,584 [8502da08-471d-490f-823d-1244cc2731b5-impl-thread1] INFO  server.RaftServerConfigKeys (ConfUtils.java:logGet(62)) - raft.server.log.segment.size.max = 67108864 (custom)
2025-10-10 10:37:33,588 [8502da08-471d-490f-823d-1244cc2731b5-impl-thread1] INFO  server.RaftServerConfigKeys (ConfUtils.java:logGet(62)) - raft.server.log.segment.cache.num.max = 2 (custom)
2025-10-10 10:37:33,588 [8502da08-471d-490f-823d-1244cc2731b5-impl-thread1] INFO  server.RaftServerConfigKeys (ConfUtils.java:logGet(62)) - raft.server.log.segment.cache.size.max = 200MB (=209715200) (default)
2025-10-10 10:37:33,588 [8502da08-471d-490f-823d-1244cc2731b5-impl-thread1] INFO  server.RaftServerConfigKeys (ConfUtils.java:logGet(62)) - raft.server.log.appender.buffer.byte-limit = 4194304 (custom)
2025-10-10 10:37:33,591 [8502da08-471d-490f-823d-1244cc2731b5-impl-thread1] INFO  util.AwaitToRun (AwaitToRun.java:start(81)) - Thread[#41,8502da08-471d-490f-823d-1244cc2731b5@group-CD0A35B076EF-cacheEviction-AwaitToRun,5,main] started
2025-10-10 10:37:33,595 [8502da08-471d-490f-823d-1244cc2731b5-impl-thread1] INFO  segmented.SegmentedRaftLogWorker (SegmentedRaftLogWorker.java:<init>(190)) - new 8502da08-471d-490f-823d-1244cc2731b5@group-CD0A35B076EF-SegmentedRaftLogWorker for RaftStorageImpl:Storage Directory /home/runner/work/ozone/ozone/hadoop-ozone/integration-test/target/test-dir/MiniOzoneClusterImpl-611c99c7-d47b-4433-a4ef-cd0a35b076ef/scm/ratis/611c99c7-d47b-4433-a4ef-cd0a35b076ef
2025-10-10 10:37:33,595 [8502da08-471d-490f-823d-1244cc2731b5-impl-thread1] INFO  server.RaftServerConfigKeys (ConfUtils.java:logGet(62)) - raft.server.log.queue.byte-limit = 64MB (=67108864) (default)
2025-10-10 10:37:33,596 [8502da08-471d-490f-823d-1244cc2731b5-impl-thread1] INFO  server.RaftServerConfigKeys (ConfUtils.java:logGet(62)) - raft.server.log.queue.element-limit = 4096 (default)
2025-10-10 10:37:33,597 [8502da08-471d-490f-823d-1244cc2731b5-impl-thread1] INFO  server.RaftServerConfigKeys (ConfUtils.java:logGet(62)) - raft.server.log.segment.size.max = 67108864 (custom)
2025-10-10 10:37:33,598 [8502da08-471d-490f-823d-1244cc2731b5-impl-thread1] INFO  server.RaftServerConfigKeys (ConfUtils.java:logGet(62)) - raft.server.log.preallocated.size = 4194304 (custom)
2025-10-10 10:37:33,598 [8502da08-471d-490f-823d-1244cc2731b5-impl-thread1] INFO  server.RaftServerConfigKeys (ConfUtils.java:logGet(62)) - raft.server.log.force.sync.num = 128 (default)
2025-10-10 10:37:33,599 [8502da08-471d-490f-823d-1244cc2731b5-impl-thread1] INFO  server.RaftServerConfigKeys (ConfUtils.java:logGet(62)) - raft.server.log.statemachine.data.sync = true (default)
2025-10-10 10:37:33,599 [8502da08-471d-490f-823d-1244cc2731b5-impl-thread1] INFO  server.RaftServerConfigKeys (ConfUtils.java:logGet(62)) - raft.server.log.statemachine.data.sync.timeout = 10s (default)
2025-10-10 10:37:33,600 [8502da08-471d-490f-823d-1244cc2731b5-impl-thread1] INFO  server.RaftServerConfigKeys (ConfUtils.java:logGet(62)) - raft.server.log.statemachine.data.sync.timeout.retry = -1 (default)
2025-10-10 10:37:33,602 [8502da08-471d-490f-823d-1244cc2731b5-impl-thread1] INFO  server.RaftServerConfigKeys (ConfUtils.java:logGet(62)) - raft.server.log.write.buffer.size = 4194312 (custom)
2025-10-10 10:37:33,604 [8502da08-471d-490f-823d-1244cc2731b5-impl-thread1] INFO  server.RaftServerConfigKeys (ConfUtils.java:logGet(62)) - raft.server.log.appender.buffer.byte-limit = 4194304 (custom)
2025-10-10 10:37:33,604 [8502da08-471d-490f-823d-1244cc2731b5-impl-thread1] INFO  server.RaftServerConfigKeys (ConfUtils.java:logGet(62)) - raft.server.log.unsafe-flush.enabled = false (default)
2025-10-10 10:37:33,604 [8502da08-471d-490f-823d-1244cc2731b5-impl-thread1] INFO  server.RaftServerConfigKeys (ConfUtils.java:logGet(62)) - raft.server.log.async-flush.enabled = false (default)
2025-10-10 10:37:33,605 [8502da08-471d-490f-823d-1244cc2731b5-impl-thread1] INFO  server.RaftServerConfigKeys (ConfUtils.java:logGet(62)) - raft.server.log.statemachine.data.caching.enabled = false (default)
2025-10-10 10:37:33,610 [8502da08-471d-490f-823d-1244cc2731b5-impl-thread1] INFO  segmented.SegmentedRaftLogWorker (SegmentedRaftLogWorker.java:lambda$new$0(141)) - 8502da08-471d-490f-823d-1244cc2731b5@group-CD0A35B076EF-SegmentedRaftLogWorker: flushIndex: setUnconditionally 0 -> -1
2025-10-10 10:37:33,610 [8502da08-471d-490f-823d-1244cc2731b5-impl-thread1] INFO  segmented.SegmentedRaftLogWorker (SegmentedRaftLogWorker.java:lambda$new$0(141)) - 8502da08-471d-490f-823d-1244cc2731b5@group-CD0A35B076EF-SegmentedRaftLogWorker: safeCacheEvictIndex: setUnconditionally 0 -> -1
2025-10-10 10:37:33,611 [8502da08-471d-490f-823d-1244cc2731b5-impl-thread1] INFO  server.RaftServer$Division (RaftServerImpl.java:start(405)) - 8502da08-471d-490f-823d-1244cc2731b5@group-CD0A35B076EF: start as a follower, conf=conf: {index: -1, cur=peers:[8502da08-471d-490f-823d-1244cc2731b5|localhost:15004]|listeners:[], old=null}
2025-10-10 10:37:33,612 [8502da08-471d-490f-823d-1244cc2731b5-impl-thread1] INFO  server.RaftServer$Division (RaftServerImpl.java:setRole(392)) - 8502da08-471d-490f-823d-1244cc2731b5@group-CD0A35B076EF: changes role from      null to FOLLOWER at term 0 for startAsFollower
2025-10-10 10:37:33,613 [8502da08-471d-490f-823d-1244cc2731b5-impl-thread1] INFO  impl.RoleInfo (RoleInfo.java:updateAndGet(148)) - 8502da08-471d-490f-823d-1244cc2731b5: start 8502da08-471d-490f-823d-1244cc2731b5@group-CD0A35B076EF-FollowerState
2025-10-10 10:37:33,614 [8502da08-471d-490f-823d-1244cc2731b5@group-CD0A35B076EF-FollowerState] INFO  server.RaftServerConfigKeys (ConfUtils.java:logGet(62)) - raft.server.rpc.first-election.timeout.min = 1000ms (custom)
2025-10-10 10:37:33,615 [8502da08-471d-490f-823d-1244cc2731b5@group-CD0A35B076EF-FollowerState] INFO  server.RaftServerConfigKeys (ConfUtils.java:logGet(62)) - raft.server.rpc.first-election.timeout.max = 1200ms (custom)
2025-10-10 10:37:33,615 [8502da08-471d-490f-823d-1244cc2731b5-impl-thread1] INFO  util.JmxRegister (JmxRegister.java:tryRegister(44)) - Successfully registered JMX Bean with object name Ratis:service=RaftServer,group=group-CD0A35B076EF,id=8502da08-471d-490f-823d-1244cc2731b5
2025-10-10 10:37:33,616 [8502da08-471d-490f-823d-1244cc2731b5-impl-thread1] INFO  util.JmxRegister (JmxRegister.java:register(58)) - register mxBean class org.apache.ratis.server.impl.RaftServerJmxAdapter as Ratis:service=RaftServer,group=group-CD0A35B076EF,id=8502da08-471d-490f-823d-1244cc2731b5
2025-10-10 10:37:33,617 [8502da08-471d-490f-823d-1244cc2731b5-impl-thread1] INFO  server.RaftServerConfigKeys (ConfUtils.java:logGet(62)) - raft.server.snapshot.trigger-when-stop.enabled = true (default)
2025-10-10 10:37:33,618 [8502da08-471d-490f-823d-1244cc2731b5-impl-thread1] INFO  server.RaftServerConfigKeys (ConfUtils.java:logGet(62)) - raft.server.snapshot.trigger-when-remove.enabled = true (default)
2025-10-10 10:37:33,618 [8502da08-471d-490f-823d-1244cc2731b5-impl-thread1] INFO  server.RaftServerConfigKeys (ConfUtils.java:logGet(62)) - raft.server.snapshot.auto.trigger.enabled = true (custom)
2025-10-10 10:37:33,618 [8502da08-471d-490f-823d-1244cc2731b5-impl-thread1] INFO  server.RaftServerConfigKeys (ConfUtils.java:logGet(62)) - raft.server.snapshot.auto.trigger.threshold = 1000 (custom)
2025-10-10 10:37:33,619 [8502da08-471d-490f-823d-1244cc2731b5-impl-thread1] INFO  server.RaftServerConfigKeys (ConfUtils.java:logGet(62)) - raft.server.snapshot.retention.file.num = -1 (default)
2025-10-10 10:37:33,619 [8502da08-471d-490f-823d-1244cc2731b5-impl-thread1] INFO  server.RaftServerConfigKeys (ConfUtils.java:logGet(62)) - raft.server.log.purge.upto.snapshot.index = false (default)
2025-10-10 10:37:33,622 [8502da08-471d-490f-823d-1244cc2731b5-impl-thread1] INFO  server.RaftServer$Division (RaftServerImpl.java:start(419)) - 8502da08-471d-490f-823d-1244cc2731b5@group-CD0A35B076EF: Successfully started.
2025-10-10 10:37:33,623 [ForkJoinPool-1-worker-1] INFO  server.RaftServer (RaftServerProxy.java:startImpl(412)) - 8502da08-471d-490f-823d-1244cc2731b5: start RPC server
2025-10-10 10:37:33,663 [ForkJoinPool-1-worker-1] INFO  server.GrpcServicesImpl (GrpcServicesImpl.java:startImpl(346)) - 8502da08-471d-490f-823d-1244cc2731b5: GrpcServicesImpl started, listening on 15004
2025-10-10 10:37:33,665 [JvmPauseMonitor0] INFO  util.JvmPauseMonitor (JvmPauseMonitor.java:run(146)) - JvmPauseMonitor-8502da08-471d-490f-823d-1244cc2731b5: Started
2025-10-10 10:37:34,742 [8502da08-471d-490f-823d-1244cc2731b5@group-CD0A35B076EF-FollowerState] INFO  impl.FollowerState (FollowerState.java:runImpl(161)) - 8502da08-471d-490f-823d-1244cc2731b5@group-CD0A35B076EF-FollowerState: change to CANDIDATE, lastRpcElapsedTime:1129039990ns, electionTimeout:1126ms
2025-10-10 10:37:34,743 [8502da08-471d-490f-823d-1244cc2731b5@group-CD0A35B076EF-FollowerState] INFO  impl.RoleInfo (RoleInfo.java:shutdownFollowerState(121)) - 8502da08-471d-490f-823d-1244cc2731b5: shutdown 8502da08-471d-490f-823d-1244cc2731b5@group-CD0A35B076EF-FollowerState
2025-10-10 10:37:34,743 [8502da08-471d-490f-823d-1244cc2731b5@group-CD0A35B076EF-FollowerState] INFO  server.RaftServer$Division (RaftServerImpl.java:setRole(392)) - 8502da08-471d-490f-823d-1244cc2731b5@group-CD0A35B076EF: changes role from  FOLLOWER to CANDIDATE at term 0 for changeToCandidate
2025-10-10 10:37:34,745 [8502da08-471d-490f-823d-1244cc2731b5@group-CD0A35B076EF-FollowerState] INFO  server.RaftServerConfigKeys (ConfUtils.java:logGet(62)) - raft.server.leaderelection.pre-vote = true (default)
2025-10-10 10:37:34,746 [8502da08-471d-490f-823d-1244cc2731b5@group-CD0A35B076EF-FollowerState] INFO  impl.RoleInfo (RoleInfo.java:updateAndGet(148)) - 8502da08-471d-490f-823d-1244cc2731b5: start 8502da08-471d-490f-823d-1244cc2731b5@group-CD0A35B076EF-LeaderElection1
2025-10-10 10:37:34,748 [8502da08-471d-490f-823d-1244cc2731b5@group-CD0A35B076EF-LeaderElection1] INFO  impl.LeaderElection (LeaderElection.java:askForVotes(448)) - 8502da08-471d-490f-823d-1244cc2731b5@group-CD0A35B076EF-LeaderElection1 PRE_VOTE round 0: submit vote requests at term 0 for conf: {index: -1, cur=peers:[8502da08-471d-490f-823d-1244cc2731b5|localhost:15004]|listeners:[], old=null}
2025-10-10 10:37:34,749 [8502da08-471d-490f-823d-1244cc2731b5@group-CD0A35B076EF-LeaderElection1] INFO  impl.LeaderElection (LeaderElection.java:askForVotes(450)) - 8502da08-471d-490f-823d-1244cc2731b5@group-CD0A35B076EF-LeaderElection1 PRE_VOTE round 0: result PASSED (term=0)
2025-10-10 10:37:34,751 [8502da08-471d-490f-823d-1244cc2731b5@group-CD0A35B076EF-LeaderElection1] INFO  impl.LeaderElection (LeaderElection.java:askForVotes(448)) - 8502da08-471d-490f-823d-1244cc2731b5@group-CD0A35B076EF-LeaderElection1 ELECTION round 0: submit vote requests at term 1 for conf: {index: -1, cur=peers:[8502da08-471d-490f-823d-1244cc2731b5|localhost:15004]|listeners:[], old=null}
2025-10-10 10:37:34,751 [8502da08-471d-490f-823d-1244cc2731b5@group-CD0A35B076EF-LeaderElection1] INFO  impl.LeaderElection (LeaderElection.java:askForVotes(450)) - 8502da08-471d-490f-823d-1244cc2731b5@group-CD0A35B076EF-LeaderElection1 ELECTION round 0: result PASSED (term=1)
2025-10-10 10:37:34,751 [8502da08-471d-490f-823d-1244cc2731b5@group-CD0A35B076EF-LeaderElection1] INFO  impl.RoleInfo (RoleInfo.java:shutdownLeaderElection(141)) - 8502da08-471d-490f-823d-1244cc2731b5: shutdown 8502da08-471d-490f-823d-1244cc2731b5@group-CD0A35B076EF-LeaderElection1
2025-10-10 10:37:34,752 [8502da08-471d-490f-823d-1244cc2731b5@group-CD0A35B076EF-LeaderElection1] INFO  server.RaftServer$Division (RaftServerImpl.java:setRole(392)) - 8502da08-471d-490f-823d-1244cc2731b5@group-CD0A35B076EF: changes role from CANDIDATE to LEADER at term 1 for changeToLeader
2025-10-10 10:37:34,755 [8502da08-471d-490f-823d-1244cc2731b5@group-CD0A35B076EF-LeaderElection1] INFO  server.RaftServerConfigKeys (ConfUtils.java:logGet(62)) - raft.server.staging.catchup.gap = 1000 (default)
2025-10-10 10:37:34,756 [8502da08-471d-490f-823d-1244cc2731b5@group-CD0A35B076EF-LeaderElection1] INFO  server.RaftServerConfigKeys (ConfUtils.java:logFallback(69)) - raft.server.staging.timeout = 15600ms (fallback to raft.server.rpc.timeout.max)
2025-10-10 10:37:34,758 [8502da08-471d-490f-823d-1244cc2731b5@group-CD0A35B076EF-LeaderElection1] INFO  server.RaftServerConfigKeys (ConfUtils.java:logGet(62)) - raft.server.write.element-limit = 4096 (default)
2025-10-10 10:37:34,758 [8502da08-471d-490f-823d-1244cc2731b5@group-CD0A35B076EF-LeaderElection1] INFO  server.RaftServerConfigKeys (ConfUtils.java:logGet(62)) - raft.server.write.byte-limit = 64MB (=67108864) (default)
2025-10-10 10:37:34,761 [8502da08-471d-490f-823d-1244cc2731b5@group-CD0A35B076EF-LeaderElection1] INFO  server.RaftServerConfigKeys (ConfUtils.java:logGet(62)) - raft.server.watch.timeout = 10s (default)
2025-10-10 10:37:34,761 [8502da08-471d-490f-823d-1244cc2731b5@group-CD0A35B076EF-LeaderElection1] INFO  server.RaftServerConfigKeys (ConfUtils.java:logGet(62)) - raft.server.watch.timeout.denomination = 1s (default)
2025-10-10 10:37:34,762 [8502da08-471d-490f-823d-1244cc2731b5@group-CD0A35B076EF-LeaderElection1] INFO  server.RaftServerConfigKeys (ConfUtils.java:logGet(62)) - raft.server.watch.element-limit = 65536 (default)
2025-10-10 10:37:34,766 [8502da08-471d-490f-823d-1244cc2731b5@group-CD0A35B076EF-LeaderElection1] INFO  server.RaftServerConfigKeys (ConfUtils.java:logGet(62)) - raft.server.read.leader.lease.enabled = false (default)
2025-10-10 10:37:34,768 [8502da08-471d-490f-823d-1244cc2731b5@group-CD0A35B076EF-LeaderElection1] INFO  server.RaftServerConfigKeys (ConfUtils.java:logGet(62)) - raft.server.read.leader.lease.timeout.ratio = 0.9 (default)
2025-10-10 10:37:34,768 [8502da08-471d-490f-823d-1244cc2731b5@group-CD0A35B076EF-LeaderElection1] INFO  server.RaftServerConfigKeys (ConfUtils.java:logGet(62)) - raft.server.log.log-metadata.enabled = false (custom)
2025-10-10 10:37:34,768 [8502da08-471d-490f-823d-1244cc2731b5@group-CD0A35B076EF-LeaderElection1] INFO  server.RaftServerConfigKeys (ConfUtils.java:logGet(62)) - raft.server.write.follower.gap.ratio.max = -1.0 (default)
2025-10-10 10:37:34,770 [8502da08-471d-490f-823d-1244cc2731b5@group-CD0A35B076EF-LeaderElection1] INFO  impl.RoleInfo (RoleInfo.java:updateAndGet(148)) - 8502da08-471d-490f-823d-1244cc2731b5: start 8502da08-471d-490f-823d-1244cc2731b5@group-CD0A35B076EF-LeaderStateImpl
2025-10-10 10:37:34,770 [8502da08-471d-490f-823d-1244cc2731b5@group-CD0A35B076EF-LeaderElection1] INFO  server.RaftServer$Division (RaftServerImpl.java:setFirstElection(576)) - 8502da08-471d-490f-823d-1244cc2731b5@group-CD0A35B076EF: set firstElectionSinceStartup to false for becomeLeader
2025-10-10 10:37:34,770 [8502da08-471d-490f-823d-1244cc2731b5@group-CD0A35B076EF-LeaderElection1] INFO  server.RaftServer$Division (ServerState.java:setLeader(272)) - 8502da08-471d-490f-823d-1244cc2731b5@group-CD0A35B076EF: change Leader from null to 8502da08-471d-490f-823d-1244cc2731b5 at term 1 for becomeLeader, leader elected after 1380ms
2025-10-10 10:37:34,789 [8502da08-471d-490f-823d-1244cc2731b5@group-CD0A35B076EF-LeaderElection1] INFO  segmented.SegmentedRaftLogWorker (SegmentedRaftLogWorker.java:startLogSegment(440)) - 8502da08-471d-490f-823d-1244cc2731b5@group-CD0A35B076EF-SegmentedRaftLogWorker: Starting segment from index:0
2025-10-10 10:37:34,806 [8502da08-471d-490f-823d-1244cc2731b5@group-CD0A35B076EF-LeaderElection1] INFO  server.RaftServer$Division (ServerState.java:setRaftConf(386)) - 8502da08-471d-490f-823d-1244cc2731b5@group-CD0A35B076EF: set configuration conf: {index: 0, cur=peers:[8502da08-471d-490f-823d-1244cc2731b5|localhost:15004]|listeners:[], old=null}
2025-10-10 10:37:34,821 [8502da08-471d-490f-823d-1244cc2731b5@group-CD0A35B076EF-SegmentedRaftLogWorker] INFO  segmented.BufferedWriteChannel (BufferedWriteChannel.java:open(61)) - open log_inprogress_0 at position 0
2025-10-10 10:37:34,829 [8502da08-471d-490f-823d-1244cc2731b5@group-CD0A35B076EF-SegmentedRaftLogWorker] INFO  segmented.SegmentedRaftLogWorker (SegmentedRaftLogWorker.java:execute(647)) - 8502da08-471d-490f-823d-1244cc2731b5@group-CD0A35B076EF-SegmentedRaftLogWorker: created new log segment /home/runner/work/ozone/ozone/hadoop-ozone/integration-test/target/test-dir/MiniOzoneClusterImpl-611c99c7-d47b-4433-a4ef-cd0a35b076ef/scm/ratis/611c99c7-d47b-4433-a4ef-cd0a35b076ef/current/log_inprogress_0
2025-10-10 10:37:34,839 [8502da08-471d-490f-823d-1244cc2731b5@group-CD0A35B076EF-StateMachineUpdater] INFO  server.RaftServer$Division (LeaderStateImpl.java:checkStartIndex(309)) - Leader 8502da08-471d-490f-823d-1244cc2731b5@group-CD0A35B076EF-LeaderStateImpl is ready since appliedIndex == startIndex == 0
2025-10-10 10:37:35,666 [ForkJoinPool-1-worker-1] INFO  server.RaftServer (RaftServerProxy.java:lambda$close$9(422)) - 8502da08-471d-490f-823d-1244cc2731b5: close
2025-10-10 10:37:35,668 [ForkJoinPool-1-worker-1] INFO  server.GrpcServicesImpl (GrpcServicesImpl.java:closeImpl(355)) - 8502da08-471d-490f-823d-1244cc2731b5: shutdown server GrpcServerProtocolService now
2025-10-10 10:37:35,668 [8502da08-471d-490f-823d-1244cc2731b5-impl-thread1] INFO  server.RaftServer$Division (RaftServerImpl.java:lambda$close$1(527)) - 8502da08-471d-490f-823d-1244cc2731b5@group-CD0A35B076EF: shutdown
2025-10-10 10:37:35,668 [8502da08-471d-490f-823d-1244cc2731b5-impl-thread1] INFO  util.JmxRegister (JmxRegister.java:unregister(74)) - Successfully un-registered JMX Bean with object name Ratis:service=RaftServer,group=group-CD0A35B076EF,id=8502da08-471d-490f-823d-1244cc2731b5
2025-10-10 10:37:35,668 [8502da08-471d-490f-823d-1244cc2731b5-impl-thread1] INFO  impl.RoleInfo (RoleInfo.java:shutdownLeaderState(103)) - 8502da08-471d-490f-823d-1244cc2731b5: shutdown 8502da08-471d-490f-823d-1244cc2731b5@group-CD0A35B076EF-LeaderStateImpl
2025-10-10 10:37:35,672 [8502da08-471d-490f-823d-1244cc2731b5-impl-thread1] INFO  impl.PendingRequests (PendingRequests.java:sendNotLeaderResponses(287)) - 8502da08-471d-490f-823d-1244cc2731b5@group-CD0A35B076EF-PendingRequests: sendNotLeaderResponses
2025-10-10 10:37:35,675 [ForkJoinPool-1-worker-1] INFO  server.GrpcServicesImpl (GrpcServicesImpl.java:closeImpl(364)) - 8502da08-471d-490f-823d-1244cc2731b5: shutdown server GrpcServerProtocolService successfully
2025-10-10 10:37:35,675 [8502da08-471d-490f-823d-1244cc2731b5-impl-thread1] INFO  impl.StateMachineUpdater (StateMachineUpdater.java:stopAndJoin(163)) - 8502da08-471d-490f-823d-1244cc2731b5@group-CD0A35B076EF-StateMachineUpdater: set stopIndex = 0
2025-10-10 10:37:35,676 [8502da08-471d-490f-823d-1244cc2731b5@group-CD0A35B076EF-StateMachineUpdater] INFO  impl.StateMachineUpdater (StateMachineUpdater.java:takeSnapshot(307)) - 8502da08-471d-490f-823d-1244cc2731b5@group-CD0A35B076EF-StateMachineUpdater: Took a snapshot at index 0
2025-10-10 10:37:35,676 [8502da08-471d-490f-823d-1244cc2731b5@group-CD0A35B076EF-StateMachineUpdater] INFO  impl.StateMachineUpdater (StateMachineUpdater.java:lambda$new$0(101)) - 8502da08-471d-490f-823d-1244cc2731b5@group-CD0A35B076EF-StateMachineUpdater: snapshotIndex: updateIncreasingly -1 -> 0
2025-10-10 10:37:35,677 [8502da08-471d-490f-823d-1244cc2731b5@group-CD0A35B076EF-StateMachineUpdater] INFO  impl.StateMachineUpdater (StateMachineUpdater.java:stop(140)) - 8502da08-471d-490f-823d-1244cc2731b5@group-CD0A35B076EF-StateMachineUpdater: closing SCMStateMachine, lastApplied=(t:1, i:0)
2025-10-10 10:37:35,678 [8502da08-471d-490f-823d-1244cc2731b5@group-CD0A35B076EF-cacheEviction-AwaitToRun] INFO  util.AwaitToRun (AwaitToRun.java:run(49)) - 8502da08-471d-490f-823d-1244cc2731b5@group-CD0A35B076EF-cacheEviction-AwaitToRun-AwaitForSignal is interrupted
2025-10-10 10:37:35,836 [8502da08-471d-490f-823d-1244cc2731b5-impl-thread1] INFO  segmented.SegmentedRaftLogWorker (SegmentedRaftLogWorker.java:close(254)) - 8502da08-471d-490f-823d-1244cc2731b5@group-CD0A35B076EF-SegmentedRaftLogWorker close()
2025-10-10 10:37:35,841 [JvmPauseMonitor0] INFO  util.JvmPauseMonitor (JvmPauseMonitor.java:run(152)) - JvmPauseMonitor-8502da08-471d-490f-823d-1244cc2731b5: Stopped
2025-10-10 10:37:35,871 [ForkJoinPool-1-worker-1] INFO  ha.SCMHANodeDetails (SCMHANodeDetails.java:loadSCMHAConfig(162)) - ServiceID for StorageContainerManager is null
2025-10-10 10:37:35,871 [ForkJoinPool-1-worker-1] INFO  ha.SCMHANodeDetails (SCMHANodeDetails.java:loadSCMHAConfig(166)) - ozone.scm.default.service.id is not defined, falling back to ozone.scm.service.ids to find serviceID for StorageContainerManager if it is HA enabled cluster
2025-10-10 10:37:36,532 [ForkJoinPool-1-worker-1] INFO  net.NodeSchemaLoader (NodeSchemaLoader.java:loadSchemaFromFile(128)) - Loading schema from [jar:file:/home/runner/work/ozone/ozone/hadoop-hdds/common/target/hdds-common-2.1.0-SNAPSHOT.jar!/network-topology-default.xml]
2025-10-10 10:37:36,534 [ForkJoinPool-1-worker-1] INFO  net.NodeSchemaLoader (NodeSchemaLoader.java:loadSchema(175)) - Loading network topology layer schema file
2025-10-10 10:37:36,619 [ForkJoinPool-1-worker-1] INFO  ha.SCMRatisServerImpl (SCMRatisServerImpl.java:<init>(100)) - starting Raft server for scm:8502da08-471d-490f-823d-1244cc2731b5
2025-10-10 10:37:36,622 [ForkJoinPool-1-worker-1] INFO  server.RaftServerConfigKeys (ConfUtils.java:logGet(62)) - raft.server.log.appender.buffer.byte-limit = 4194304 (custom)
2025-10-10 10:37:36,624 [ForkJoinPool-1-worker-1] INFO  grpc.GrpcConfigKeys (ConfUtils.java:logFallback(69)) - raft.grpc.admin.host = null (fallback to raft.grpc.server.host)
2025-10-10 10:37:36,624 [ForkJoinPool-1-worker-1] INFO  grpc.GrpcConfigKeys (ConfUtils.java:logFallback(69)) - raft.grpc.admin.port = 15004 (fallback to raft.grpc.server.port)
2025-10-10 10:37:36,624 [ForkJoinPool-1-worker-1] INFO  grpc.GrpcConfigKeys (ConfUtils.java:logFallback(69)) - raft.grpc.client.host = null (fallback to raft.grpc.server.host)
2025-10-10 10:37:36,625 [ForkJoinPool-1-worker-1] INFO  grpc.GrpcConfigKeys (ConfUtils.java:logFallback(69)) - raft.grpc.client.port = 15004 (fallback to raft.grpc.server.port)
2025-10-10 10:37:36,625 [ForkJoinPool-1-worker-1] INFO  server.GrpcServicesImpl (ConfUtils.java:logGet(62)) - raft.grpc.message.size.max = 5242880 (custom)
2025-10-10 10:37:36,625 [ForkJoinPool-1-worker-1] INFO  server.RaftServerConfigKeys (ConfUtils.java:logGet(62)) - raft.server.log.appender.buffer.byte-limit = 4194304 (custom)
2025-10-10 10:37:36,627 [8502da08-471d-490f-823d-1244cc2731b5-impl-thread1] INFO  server.RaftServer (RaftServerProxy.java:initGroupDir(270)) - 8502da08-471d-490f-823d-1244cc2731b5: found a subdirectory /home/runner/work/ozone/ozone/hadoop-ozone/integration-test/target/test-dir/MiniOzoneClusterImpl-611c99c7-d47b-4433-a4ef-cd0a35b076ef/scm/ratis/611c99c7-d47b-4433-a4ef-cd0a35b076ef
2025-10-10 10:37:36,628 [ForkJoinPool-1-worker-1] INFO  server.RaftServer (RaftServerProxy.java:addNew(105)) - 8502da08-471d-490f-823d-1244cc2731b5: addNew group-CD0A35B076EF:[] returns group-CD0A35B076EF:java.util.concurrent.CompletableFuture@61413671[Not completed]
2025-10-10 10:37:36,630 [8502da08-471d-490f-823d-1244cc2731b5-groupManagement] INFO  server.RaftServer$Division (RaftServerImpl.java:<init>(268)) - 8502da08-471d-490f-823d-1244cc2731b5: new RaftServerImpl for group-CD0A35B076EF:[] with SCMStateMachine:uninitialized
2025-10-10 10:37:36,630 [8502da08-471d-490f-823d-1244cc2731b5-groupManagement] INFO  server.RaftServer$Division (ServerState.java:<init>(114)) - 8502da08-471d-490f-823d-1244cc2731b5@group-CD0A35B076EF: ConfigurationManager, init=conf: {index: -1, cur=peers:[]|listeners:[], old=null}, confs=<EMPTY_MAP>
2025-10-10 10:37:36,639 [ForkJoinPool-1-worker-1] INFO  ha.SCMSnapshotProvider (SCMSnapshotProvider.java:<init>(61)) - Initializing SCM Snapshot Provider
2025-10-10 10:37:36,660 [ForkJoinPool-1-worker-1] INFO  upgrade.AbstractLayoutVersionManager (AbstractLayoutVersionManager.java:init(80)) - Initializing Layout version manager with metadata layout = WITNESSED_CONTAINER_DB_PROTO_VALUE (version = 9), software layout = WITNESSED_CONTAINER_DB_PROTO_VALUE (version = 9)
2025-10-10 10:37:36,685 [ForkJoinPool-1-worker-1] INFO  ha.SequenceIdGenerator (SequenceIdGenerator.java:upgradeToSequenceId(353)) - upgrade localId to 115816896921600000
2025-10-10 10:37:36,686 [ForkJoinPool-1-worker-1] INFO  ha.SequenceIdGenerator (SequenceIdGenerator.java:upgradeToSequenceId(363)) - upgrade delTxnId to 0
2025-10-10 10:37:36,692 [ForkJoinPool-1-worker-1] INFO  ha.SequenceIdGenerator (SequenceIdGenerator.java:upgradeToSequenceId(379)) - upgrade containerId to 0
2025-10-10 10:37:36,694 [ForkJoinPool-1-worker-1] INFO  ha.SequenceIdGenerator (SequenceIdGenerator.java:upgradeToCertificateSequenceId(414)) - upgrade CertificateId to 2
2025-10-10 10:37:36,696 [ForkJoinPool-1-worker-1] INFO  ha.SequenceIdGenerator (SequenceIdGenerator.java:<init>(231)) - Init the HA SequenceIdGenerator.
2025-10-10 10:37:36,700 [ForkJoinPool-1-worker-1] INFO  Configuration.deprecation (Configuration.java:logDeprecation(1462)) - hadoop.configured.node.mapping is deprecated. Instead, use net.topology.configured.node.mapping
2025-10-10 10:37:36,737 [ForkJoinPool-1-worker-1] INFO  node.SCMNodeManager (SCMNodeManager.java:<init>(180)) - Entering startup safe mode.
2025-10-10 10:37:36,748 [ForkJoinPool-1-worker-1] INFO  algorithms.ContainerPlacementPolicyFactory (ContainerPlacementPolicyFactory.java:getPolicyInternal(83)) - Create container placement policy of type org.apache.hadoop.hdds.scm.container.placement.algorithms.SCMContainerPlacementRackAware
2025-10-10 10:37:36,752 [ForkJoinPool-1-worker-1] INFO  algorithms.ContainerPlacementPolicyFactory (ContainerPlacementPolicyFactory.java:getPolicyInternal(83)) - Create container placement policy of type org.apache.hadoop.hdds.scm.container.placement.algorithms.SCMContainerPlacementRackScatter
2025-10-10 10:37:36,759 [ForkJoinPool-1-worker-1] INFO  pipeline.PipelineStateManagerImpl (PipelineStateManagerImpl.java:initialize(75)) - No pipeline exists in current db
2025-10-10 10:37:36,769 [ForkJoinPool-1-worker-1] INFO  algorithms.LeaderChoosePolicyFactory (LeaderChoosePolicyFactory.java:getPolicy(55)) - Create leader choose policy of type org.apache.hadoop.hdds.scm.pipeline.leader.choose.algorithms.MinLeaderCountChoosePolicy
2025-10-10 10:37:36,769 [ForkJoinPool-1-worker-1] INFO  algorithms.ContainerPlacementPolicyFactory (ContainerPlacementPolicyFactory.java:getPolicyInternal(83)) - Create container placement policy of type org.apache.hadoop.hdds.scm.container.placement.algorithms.SCMContainerPlacementRackScatter
2025-10-10 10:37:36,776 [ForkJoinPool-1-worker-1] INFO  ha.SCMServiceManager (SCMServiceManager.java:register(42)) - Registering service BackgroundPipelineCreator.
2025-10-10 10:37:36,776 [ForkJoinPool-1-worker-1] INFO  pipeline.BackgroundPipelineCreator (BackgroundPipelineCreator.java:start(126)) - Starting RatisPipelineUtilsThread.
2025-10-10 10:37:36,778 [ForkJoinPool-1-worker-1] INFO  BackgroundPipelineScrubber (BackgroundSCMService.java:start(64)) - Starting BackgroundPipelineScrubber Service.
2025-10-10 10:37:36,779 [ForkJoinPool-1-worker-1] INFO  ha.SCMServiceManager (SCMServiceManager.java:register(42)) - Registering service BackgroundPipelineScrubber.
2025-10-10 10:37:36,787 [ForkJoinPool-1-worker-1] INFO  ExpiredContainerReplicaOpScrubber (BackgroundSCMService.java:start(64)) - Starting ExpiredContainerReplicaOpScrubber Service.
2025-10-10 10:37:36,787 [ForkJoinPool-1-worker-1] INFO  ha.SCMServiceManager (SCMServiceManager.java:register(42)) - Registering service ExpiredContainerReplicaOpScrubber.
2025-10-10 10:37:36,808 [ForkJoinPool-1-worker-1] INFO  algorithms.PipelineChoosePolicyFactory (PipelineChoosePolicyFactory.java:createPipelineChoosePolicyFromClass(78)) - Create pipeline choose policy of type org.apache.hadoop.hdds.scm.pipeline.choose.algorithms.RandomPipelineChoosePolicy
2025-10-10 10:37:36,808 [ForkJoinPool-1-worker-1] INFO  algorithms.PipelineChoosePolicyFactory (PipelineChoosePolicyFactory.java:createPipelineChoosePolicyFromClass(78)) - Create pipeline choose policy of type org.apache.hadoop.hdds.scm.pipeline.choose.algorithms.RandomPipelineChoosePolicy
2025-10-10 10:37:36,844 [ForkJoinPool-1-worker-1] INFO  ha.SCMServiceManager (SCMServiceManager.java:register(42)) - Registering service SCMBlockDeletingService.
2025-10-10 10:37:36,896 [ForkJoinPool-1-worker-1] INFO  replication.ReplicationManager (ReplicationManager.java:start(287)) - Starting Replication Monitor Thread.
2025-10-10 10:37:36,898 [ForkJoinPool-1-worker-1] INFO  ha.SCMServiceManager (SCMServiceManager.java:register(42)) - Registering service ReplicationManager.
2025-10-10 10:37:36,908 [ForkJoinPool-1-worker-1] INFO  safemode.RatisContainerSafeModeRule (RatisContainerSafeModeRule.java:initializeRule(160)) - Refreshed Containers with one replica threshold count 0.
2025-10-10 10:37:36,910 [ForkJoinPool-1-worker-1] INFO  safemode.ECContainerSafeModeRule (ECContainerSafeModeRule.java:initializeRule(204)) - Refreshed Containers with ec n replica threshold count 0.
2025-10-10 10:37:36,915 [ForkJoinPool-1-worker-1] INFO  safemode.HealthyPipelineSafeModeRule (HealthyPipelineSafeModeRule.java:initializeRule(232)) - Total pipeline count is 0, healthy pipeline threshold count is 1
2025-10-10 10:37:36,917 [ForkJoinPool-1-worker-1] INFO  safemode.OneReplicaPipelineSafeModeRule (OneReplicaPipelineSafeModeRule.java:initializeRule(190)) - Total pipeline count is 0, pipeline's with at least one datanode reported threshold count is 0
2025-10-10 10:37:36,982 [ForkJoinPool-1-worker-1] INFO  server.StorageContainerManager (StorageContainerManager.java:<init>(432)) - SCM start with adminUsers: [admin, runner]
2025-10-10 10:37:37,149 [ForkJoinPool-1-worker-1] INFO  audit.AuditLogger (AuditLogger.java:refreshDebugCmdSet(133)) - Refresh DebugCmdSet for SCMAudit to [].
2025-10-10 10:37:37,170 [ForkJoinPool-1-worker-1] INFO  ipc.CallQueueManager (CallQueueManager.java:<init>(93)) - Using callQueue: class java.util.concurrent.LinkedBlockingQueue, queueCapacity: 10000, scheduler: class org.apache.hadoop.ipc.DefaultRpcScheduler, ipcBackoff: false, ipcFailOver: false.
2025-10-10 10:37:37,193 [ForkJoinPool-1-worker-1] INFO  ipc.Server (Server.java:<init>(1438)) - Listener at 0.0.0.0:15002
2025-10-10 10:37:37,194 [Socket Reader #1 for port 15002] INFO  ipc.Server (Server.java:run(1474)) - Starting Socket Reader #1 for port 15002
2025-10-10 10:37:37,195 [Socket Reader #3 for port 15002] INFO  ipc.Server (Server.java:run(1474)) - Starting Socket Reader #3 for port 15002
2025-10-10 10:37:37,195 [Socket Reader #5 for port 15002] INFO  ipc.Server (Server.java:run(1474)) - Starting Socket Reader #5 for port 15002
2025-10-10 10:37:37,194 [Socket Reader #2 for port 15002] INFO  ipc.Server (Server.java:run(1474)) - Starting Socket Reader #2 for port 15002
2025-10-10 10:37:37,196 [Socket Reader #6 for port 15002] INFO  ipc.Server (Server.java:run(1474)) - Starting Socket Reader #6 for port 15002
2025-10-10 10:37:37,196 [Socket Reader #7 for port 15002] INFO  ipc.Server (Server.java:run(1474)) - Starting Socket Reader #7 for port 15002
2025-10-10 10:37:37,197 [Socket Reader #4 for port 15002] INFO  ipc.Server (Server.java:run(1474)) - Starting Socket Reader #4 for port 15002
2025-10-10 10:37:37,197 [Socket Reader #8 for port 15002] INFO  ipc.Server (Server.java:run(1474)) - Starting Socket Reader #8 for port 15002
2025-10-10 10:37:37,198 [Socket Reader #9 for port 15002] INFO  ipc.Server (Server.java:run(1474)) - Starting Socket Reader #9 for port 15002
2025-10-10 10:37:37,198 [Socket Reader #10 for port 15002] INFO  ipc.Server (Server.java:run(1474)) - Starting Socket Reader #10 for port 15002
2025-10-10 10:37:37,246 [ForkJoinPool-1-worker-1] INFO  audit.AuditLogger (AuditLogger.java:refreshDebugCmdSet(133)) - Refresh DebugCmdSet for SCMAudit to [].
2025-10-10 10:37:37,251 [ForkJoinPool-1-worker-1] INFO  ipc.CallQueueManager (CallQueueManager.java:<init>(93)) - Using callQueue: class java.util.concurrent.LinkedBlockingQueue, queueCapacity: 10000, scheduler: class org.apache.hadoop.ipc.DefaultRpcScheduler, ipcBackoff: false, ipcFailOver: false.
2025-10-10 10:37:37,252 [ForkJoinPool-1-worker-1] INFO  ipc.Server (Server.java:<init>(1438)) - Listener at 0.0.0.0:15001
2025-10-10 10:37:37,253 [Socket Reader #1 for port 15001] INFO  ipc.Server (Server.java:run(1474)) - Starting Socket Reader #1 for port 15001
2025-10-10 10:37:37,253 [Socket Reader #2 for port 15001] INFO  ipc.Server (Server.java:run(1474)) - Starting Socket Reader #2 for port 15001
2025-10-10 10:37:37,254 [Socket Reader #3 for port 15001] INFO  ipc.Server (Server.java:run(1474)) - Starting Socket Reader #3 for port 15001
2025-10-10 10:37:37,254 [Socket Reader #4 for port 15001] INFO  ipc.Server (Server.java:run(1474)) - Starting Socket Reader #4 for port 15001
2025-10-10 10:37:37,255 [Socket Reader #5 for port 15001] INFO  ipc.Server (Server.java:run(1474)) - Starting Socket Reader #5 for port 15001
2025-10-10 10:37:37,255 [Socket Reader #6 for port 15001] INFO  ipc.Server (Server.java:run(1474)) - Starting Socket Reader #6 for port 15001
2025-10-10 10:37:37,256 [Socket Reader #7 for port 15001] INFO  ipc.Server (Server.java:run(1474)) - Starting Socket Reader #7 for port 15001
2025-10-10 10:37:37,257 [Socket Reader #8 for port 15001] INFO  ipc.Server (Server.java:run(1474)) - Starting Socket Reader #8 for port 15001
2025-10-10 10:37:37,257 [Socket Reader #9 for port 15001] INFO  ipc.Server (Server.java:run(1474)) - Starting Socket Reader #9 for port 15001
2025-10-10 10:37:37,257 [Socket Reader #10 for port 15001] INFO  ipc.Server (Server.java:run(1474)) - Starting Socket Reader #10 for port 15001
2025-10-10 10:37:37,289 [ForkJoinPool-1-worker-1] INFO  audit.AuditLogger (AuditLogger.java:refreshDebugCmdSet(133)) - Refresh DebugCmdSet for SCMAudit to [].
2025-10-10 10:37:37,313 [ForkJoinPool-1-worker-1] INFO  ipc.CallQueueManager (CallQueueManager.java:<init>(93)) - Using callQueue: class java.util.concurrent.LinkedBlockingQueue, queueCapacity: 10000, scheduler: class org.apache.hadoop.ipc.DefaultRpcScheduler, ipcBackoff: false, ipcFailOver: false.
2025-10-10 10:37:37,314 [ForkJoinPool-1-worker-1] INFO  ipc.Server (Server.java:<init>(1438)) - Listener at 0.0.0.0:15000
2025-10-10 10:37:37,315 [Socket Reader #1 for port 15000] INFO  ipc.Server (Server.java:run(1474)) - Starting Socket Reader #1 for port 15000
2025-10-10 10:37:37,315 [Socket Reader #2 for port 15000] INFO  ipc.Server (Server.java:run(1474)) - Starting Socket Reader #2 for port 15000
2025-10-10 10:37:37,315 [Socket Reader #3 for port 15000] INFO  ipc.Server (Server.java:run(1474)) - Starting Socket Reader #3 for port 15000
2025-10-10 10:37:37,317 [Socket Reader #4 for port 15000] INFO  ipc.Server (Server.java:run(1474)) - Starting Socket Reader #4 for port 15000
2025-10-10 10:37:37,317 [Socket Reader #5 for port 15000] INFO  ipc.Server (Server.java:run(1474)) - Starting Socket Reader #5 for port 15000
2025-10-10 10:37:37,318 [Socket Reader #6 for port 15000] INFO  ipc.Server (Server.java:run(1474)) - Starting Socket Reader #6 for port 15000
2025-10-10 10:37:37,318 [Socket Reader #7 for port 15000] INFO  ipc.Server (Server.java:run(1474)) - Starting Socket Reader #7 for port 15000
2025-10-10 10:37:37,319 [Socket Reader #8 for port 15000] INFO  ipc.Server (Server.java:run(1474)) - Starting Socket Reader #8 for port 15000
2025-10-10 10:37:37,319 [Socket Reader #9 for port 15000] INFO  ipc.Server (Server.java:run(1474)) - Starting Socket Reader #9 for port 15000
2025-10-10 10:37:37,319 [Socket Reader #10 for port 15000] INFO  ipc.Server (Server.java:run(1474)) - Starting Socket Reader #10 for port 15000
2025-10-10 10:37:37,368 [ForkJoinPool-1-worker-1] INFO  ha.SCMServiceManager (SCMServiceManager.java:register(42)) - Registering service ContainerBalancer.
2025-10-10 10:37:37,369 [ForkJoinPool-1-worker-1] INFO  ha.SCMContext (SCMContext.java:updateSafeModeStatus(224)) - Update SafeModeStatus from SafeModeStatus{safeModeStatus=true, preCheckPassed=false} to SafeModeStatus{safeModeStatus=true, preCheckPassed=false}.
2025-10-10 10:37:37,373 [ForkJoinPool-1-worker-1] INFO  server.StorageContainerManager (StorageContainerManager.java:start(1515)) - StorageContainerLocationProtocol RPC server is listening at /0.0.0.0:15000
2025-10-10 10:37:37,374 [ForkJoinPool-1-worker-1] INFO  ha.SCMRatisServerImpl (SCMRatisServerImpl.java:start(203)) - starting ratis server 0.0.0.0:15004
2025-10-10 10:37:37,376 [8502da08-471d-490f-823d-1244cc2731b5-impl-thread1] INFO  storage.RaftStorageDirectory (RaftStorageDirectoryImpl.java:tryLock(229)) - Lock on /home/runner/work/ozone/ozone/hadoop-ozone/integration-test/target/test-dir/MiniOzoneClusterImpl-611c99c7-d47b-4433-a4ef-cd0a35b076ef/scm/ratis/611c99c7-d47b-4433-a4ef-cd0a35b076ef/in_use.lock acquired by nodename 58401@localhost
2025-10-10 10:37:37,377 [8502da08-471d-490f-823d-1244cc2731b5-impl-thread1] INFO  storage.RaftStorage (RaftStorageImpl.java:analyzeAndRecoverStorage(118)) - Read RaftStorageMetadata{term=1, votedFor=8502da08-471d-490f-823d-1244cc2731b5} from /home/runner/work/ozone/ozone/hadoop-ozone/integration-test/target/test-dir/MiniOzoneClusterImpl-611c99c7-d47b-4433-a4ef-cd0a35b076ef/scm/ratis/611c99c7-d47b-4433-a4ef-cd0a35b076ef/current/raft-meta
2025-10-10 10:37:37,380 [8502da08-471d-490f-823d-1244cc2731b5-impl-thread1] INFO  server.RaftServer$Division (ServerState.java:setRaftConf(386)) - 8502da08-471d-490f-823d-1244cc2731b5@group-CD0A35B076EF: set configuration conf: {index: 0, cur=peers:[8502da08-471d-490f-823d-1244cc2731b5|localhost:15004]|listeners:[], old=null}
2025-10-10 10:37:37,380 [8502da08-471d-490f-823d-1244cc2731b5-impl-thread1] INFO  ha.SCMStateMachine (SCMStateMachine.java:lambda$initialize$0(135)) - 8502da08-471d-490f-823d-1244cc2731b5: initialize group-CD0A35B076EF
2025-10-10 10:37:37,381 [8502da08-471d-490f-823d-1244cc2731b5-impl-thread1] INFO  server.RaftServerConfigKeys (ConfUtils.java:logGet(62)) - raft.server.log.appender.buffer.byte-limit = 4194304 (custom)
2025-10-10 10:37:37,382 [8502da08-471d-490f-823d-1244cc2731b5-impl-thread1] INFO  server.RaftServerConfigKeys (ConfUtils.java:logGet(62)) - raft.server.log.segment.size.max = 67108864 (custom)
2025-10-10 10:37:37,383 [8502da08-471d-490f-823d-1244cc2731b5-impl-thread1] INFO  server.RaftServerConfigKeys (ConfUtils.java:logGet(62)) - raft.server.log.appender.buffer.byte-limit = 4194304 (custom)
2025-10-10 10:37:37,383 [8502da08-471d-490f-823d-1244cc2731b5-impl-thread1] INFO  util.AwaitToRun (AwaitToRun.java:start(81)) - Thread[#114,8502da08-471d-490f-823d-1244cc2731b5@group-CD0A35B076EF-cacheEviction-AwaitToRun,5,main] started
2025-10-10 10:37:37,383 [8502da08-471d-490f-823d-1244cc2731b5-impl-thread1] INFO  segmented.SegmentedRaftLogWorker (SegmentedRaftLogWorker.java:<init>(190)) - new 8502da08-471d-490f-823d-1244cc2731b5@group-CD0A35B076EF-SegmentedRaftLogWorker for RaftStorageImpl:Storage Directory /home/runner/work/ozone/ozone/hadoop-ozone/integration-test/target/test-dir/MiniOzoneClusterImpl-611c99c7-d47b-4433-a4ef-cd0a35b076ef/scm/ratis/611c99c7-d47b-4433-a4ef-cd0a35b076ef
2025-10-10 10:37:37,384 [8502da08-471d-490f-823d-1244cc2731b5-impl-thread1] INFO  server.RaftServerConfigKeys (ConfUtils.java:logGet(62)) - raft.server.log.segment.size.max = 67108864 (custom)
2025-10-10 10:37:37,384 [8502da08-471d-490f-823d-1244cc2731b5-impl-thread1] INFO  server.RaftServerConfigKeys (ConfUtils.java:logGet(62)) - raft.server.log.preallocated.size = 4194304 (custom)
2025-10-10 10:37:37,384 [8502da08-471d-490f-823d-1244cc2731b5-impl-thread1] INFO  server.RaftServerConfigKeys (ConfUtils.java:logGet(62)) - raft.server.log.write.buffer.size = 4194312 (custom)
2025-10-10 10:37:37,384 [8502da08-471d-490f-823d-1244cc2731b5-impl-thread1] INFO  server.RaftServerConfigKeys (ConfUtils.java:logGet(62)) - raft.server.log.appender.buffer.byte-limit = 4194304 (custom)
2025-10-10 10:37:37,389 [8502da08-471d-490f-823d-1244cc2731b5-impl-thread1] INFO  server.RaftServer$Division (ServerState.java:setRaftConf(386)) - 8502da08-471d-490f-823d-1244cc2731b5@group-CD0A35B076EF: set configuration conf: {index: 0, cur=peers:[8502da08-471d-490f-823d-1244cc2731b5|localhost:15004]|listeners:[], old=null}
2025-10-10 10:37:37,390 [8502da08-471d-490f-823d-1244cc2731b5-impl-thread1] INFO  segmented.LogSegment (LogSegment.java:loadSegment(171)) - Successfully read 1 entries from segment file /home/runner/work/ozone/ozone/hadoop-ozone/integration-test/target/test-dir/MiniOzoneClusterImpl-611c99c7-d47b-4433-a4ef-cd0a35b076ef/scm/ratis/611c99c7-d47b-4433-a4ef-cd0a35b076ef/current/log_inprogress_0
2025-10-10 10:37:37,390 [8502da08-471d-490f-823d-1244cc2731b5-impl-thread1] INFO  segmented.SegmentedRaftLogWorker (SegmentedRaftLogWorker.java:lambda$new$0(141)) - 8502da08-471d-490f-823d-1244cc2731b5@group-CD0A35B076EF-SegmentedRaftLogWorker: safeCacheEvictIndex: setUnconditionally 0 -> -1
2025-10-10 10:37:37,390 [8502da08-471d-490f-823d-1244cc2731b5-impl-thread1] INFO  segmented.BufferedWriteChannel (BufferedWriteChannel.java:open(61)) - open log_inprogress_0 (append) at position 76
2025-10-10 10:37:37,391 [8502da08-471d-490f-823d-1244cc2731b5-impl-thread1] INFO  server.RaftServer$Division (RaftServerImpl.java:start(405)) - 8502da08-471d-490f-823d-1244cc2731b5@group-CD0A35B076EF: start as a follower, conf=conf: {index: 0, cur=peers:[8502da08-471d-490f-823d-1244cc2731b5|localhost:15004]|listeners:[], old=null}
2025-10-10 10:37:37,391 [8502da08-471d-490f-823d-1244cc2731b5-impl-thread1] INFO  server.RaftServer$Division (RaftServerImpl.java:setRole(392)) - 8502da08-471d-490f-823d-1244cc2731b5@group-CD0A35B076EF: changes role from      null to FOLLOWER at term 1 for startAsFollower
2025-10-10 10:37:37,391 [8502da08-471d-490f-823d-1244cc2731b5-impl-thread1] INFO  impl.RoleInfo (RoleInfo.java:updateAndGet(148)) - 8502da08-471d-490f-823d-1244cc2731b5: start 8502da08-471d-490f-823d-1244cc2731b5@group-CD0A35B076EF-FollowerState
2025-10-10 10:37:37,392 [8502da08-471d-490f-823d-1244cc2731b5-impl-thread1] INFO  util.JmxRegister (JmxRegister.java:tryRegister(44)) - Successfully registered JMX Bean with object name Ratis:service=RaftServer,group=group-CD0A35B076EF,id=8502da08-471d-490f-823d-1244cc2731b5
2025-10-10 10:37:37,392 [8502da08-471d-490f-823d-1244cc2731b5-impl-thread1] INFO  util.JmxRegister (JmxRegister.java:register(58)) - register mxBean class org.apache.ratis.server.impl.RaftServerJmxAdapter as Ratis:service=RaftServer,group=group-CD0A35B076EF,id=8502da08-471d-490f-823d-1244cc2731b5
2025-10-10 10:37:37,393 [8502da08-471d-490f-823d-1244cc2731b5-impl-thread1] INFO  server.RaftServer$Division (RaftServerImpl.java:start(419)) - 8502da08-471d-490f-823d-1244cc2731b5@group-CD0A35B076EF: Successfully started.
2025-10-10 10:37:37,393 [ForkJoinPool-1-worker-1] INFO  server.RaftServer (RaftServerProxy.java:startImpl(412)) - 8502da08-471d-490f-823d-1244cc2731b5: start RPC server
2025-10-10 10:37:37,394 [ForkJoinPool-1-worker-1] INFO  server.GrpcServicesImpl (GrpcServicesImpl.java:startImpl(346)) - 8502da08-471d-490f-823d-1244cc2731b5: GrpcServicesImpl started, listening on 15004
2025-10-10 10:37:37,396 [JvmPauseMonitor1] INFO  util.JvmPauseMonitor (JvmPauseMonitor.java:run(146)) - JvmPauseMonitor-8502da08-471d-490f-823d-1244cc2731b5: Started
2025-10-10 10:37:37,401 [ForkJoinPool-1-worker-1] INFO  ha.SCMHAManagerImpl (SCMHAManagerImpl.java:start(131)) -  scm role is FOLLOWER peers [8502da08-471d-490f-823d-1244cc2731b5|localhost:15004]
2025-10-10 10:37:37,402 [ForkJoinPool-1-worker-1] INFO  ha.InterSCMGrpcService (InterSCMGrpcProtocolService.java:start(98)) - Starting SCM Grpc Service at port 15005
2025-10-10 10:37:37,403 [ForkJoinPool-1-worker-1] INFO  SCMHATransactionMonitor (BackgroundSCMService.java:start(64)) - Starting SCMHATransactionMonitor Service.
2025-10-10 10:37:37,403 [ForkJoinPool-1-worker-1] INFO  ha.SCMServiceManager (SCMServiceManager.java:register(42)) - Registering service SCMHATransactionMonitor.
2025-10-10 10:37:37,403 [ForkJoinPool-1-worker-1] INFO  SCMHATransactionMonitor (BackgroundSCMService.java:start(61)) - SCMHATransactionMonitor Service is already running, skip start.
2025-10-10 10:37:37,524 [ForkJoinPool-1-worker-1] INFO  server.SCMClientProtocolServer (SCMClientProtocolServer.java:start(208)) - RPC server for Client  is listening at /0.0.0.0:15000
2025-10-10 10:37:37,525 [IPC Server Responder] INFO  ipc.Server (Server.java:run(1713)) - IPC Server Responder: starting
2025-10-10 10:37:37,526 [IPC Server listener on 15000] INFO  ipc.Server (Server.java:run(1553)) - IPC Server listener on 15000: starting
2025-10-10 10:37:37,541 [ForkJoinPool-1-worker-1] INFO  server.StorageContainerManager (StorageContainerManager.java:start(1528)) - ScmBlockLocationProtocol RPC server is listening at /0.0.0.0:15001
2025-10-10 10:37:37,542 [ForkJoinPool-1-worker-1] INFO  server.SCMBlockProtocolServer (SCMBlockProtocolServer.java:start(166)) - RPC server for Block Protocol is listening at /0.0.0.0:15001
2025-10-10 10:37:37,542 [IPC Server Responder] INFO  ipc.Server (Server.java:run(1713)) - IPC Server Responder: starting
2025-10-10 10:37:37,542 [IPC Server listener on 15001] INFO  ipc.Server (Server.java:run(1553)) - IPC Server listener on 15001: starting
2025-10-10 10:37:37,555 [ForkJoinPool-1-worker-1] INFO  utils.BackgroundService (BackgroundService.java:start(119)) - Starting service SCMBlockDeletingService with interval 60000 milliseconds
2025-10-10 10:37:37,565 [ForkJoinPool-1-worker-1] INFO  http.BaseHttpServer (BaseHttpServer.java:newHttpServer2BuilderForOzone(227)) - Starting Web-server for scm at: http://0.0.0.0:15003
2025-10-10 10:37:37,566 [ForkJoinPool-1-worker-1] INFO  http.BaseHttpServer (BaseHttpServer.java:<init>(105)) - Hadoop Security Enabled: false Ozone Security Enabled: false Ozone HTTP Security Enabled: false 
2025-10-10 10:37:37,583 [ForkJoinPool-1-worker-1] INFO  util.log (Log.java:initialized(170)) - Logging initialized @6271ms to org.eclipse.jetty.util.log.Slf4jLog
2025-10-10 10:37:37,650 [ForkJoinPool-1-worker-1] WARN  server.AuthenticationFilter (AuthenticationFilter.java:constructSecretProvider(240)) - Unable to initialize FileSignerSecretProvider, falling back to use random secrets. Reason: Could not read signature secret file: /home/runner/hadoop-http-auth-signature-secret
2025-10-10 10:37:37,672 [ForkJoinPool-1-worker-1] INFO  http.HttpServer2 (HttpServer2.java:addGlobalFilter(1040)) - Added global filter 'safety' (class=org.apache.hadoop.hdds.server.http.HttpServer2$QuotingInputFilter)
2025-10-10 10:37:37,675 [ForkJoinPool-1-worker-1] INFO  http.HttpServer2 (HttpServer2.java:addFilter(1016)) - Added filter static_user_filter (class=org.apache.hadoop.http.lib.StaticUserWebFilter$StaticUserFilter) to context scm
2025-10-10 10:37:37,675 [ForkJoinPool-1-worker-1] INFO  http.HttpServer2 (HttpServer2.java:addFilter(1024)) - Added filter static_user_filter (class=org.apache.hadoop.http.lib.StaticUserWebFilter$StaticUserFilter) to context static
2025-10-10 10:37:37,675 [ForkJoinPool-1-worker-1] INFO  http.HttpServer2 (HttpServer2.java:addFilter(1024)) - Added filter static_user_filter (class=org.apache.hadoop.http.lib.StaticUserWebFilter$StaticUserFilter) to context logs
2025-10-10 10:37:37,701 [ForkJoinPool-1-worker-1] INFO  http.BaseHttpServer (BaseHttpServer.java:<init>(193)) - HTTP server of scm uses base directory /home/runner/work/ozone/ozone/hadoop-ozone/integration-test/target/test-dir/MiniOzoneClusterImpl-611c99c7-d47b-4433-a4ef-cd0a35b076ef/scm/ozone-metadata/webserver
2025-10-10 10:37:37,702 [ForkJoinPool-1-worker-1] INFO  http.HttpServer2 (HttpServer2.java:bindListener(1240)) - Jetty bound to port 15003
2025-10-10 10:37:37,703 [ForkJoinPool-1-worker-1] INFO  server.Server (Server.java:doStart(375)) - jetty-9.4.58.v20250814; built: 2025-08-14T02:28:49.637Z; git: 8f1440587e9e4ae7db3d74cf205643f3d707148d; jvm 21.0.8+9-LTS
2025-10-10 10:37:37,723 [ForkJoinPool-1-worker-1] INFO  server.session (DefaultSessionIdManager.java:doStart(334)) - DefaultSessionIdManager workerName=node0
2025-10-10 10:37:37,723 [ForkJoinPool-1-worker-1] INFO  server.session (DefaultSessionIdManager.java:doStart(339)) - No SessionScavenger set, using defaults
2025-10-10 10:37:37,724 [ForkJoinPool-1-worker-1] INFO  server.session (HouseKeeper.java:startScavenging(132)) - node0 Scavenging every 660000ms
2025-10-10 10:37:37,732 [ForkJoinPool-1-worker-1] INFO  handler.ContextHandler (ContextHandler.java:doStart(921)) - Started o.e.j.s.ServletContextHandler@1a72c5ce{logs,/logs,file:///home/runner/work/ozone/ozone/hadoop-ozone/integration-test/target/log,AVAILABLE}
2025-10-10 10:37:37,733 [ForkJoinPool-1-worker-1] INFO  handler.ContextHandler (ContextHandler.java:doStart(921)) - Started o.e.j.s.ServletContextHandler@5f5ed289{static,/static,file:///home/runner/work/ozone/ozone/hadoop-ozone/integration-test/target/test-classes/webapps/static,AVAILABLE}
2025-10-10 10:37:37,761 [ForkJoinPool-1-worker-1] INFO  handler.ContextHandler (ContextHandler.java:doStart(921)) - Started o.e.j.w.WebAppContext@bd70817{scm,/,file:///home/runner/work/ozone/ozone/hadoop-ozone/integration-test/target/test-classes/webapps/scm/,AVAILABLE}{file:/home/runner/work/ozone/ozone/hadoop-ozone/integration-test/target/test-classes/webapps/scm}
2025-10-10 10:37:37,766 [ForkJoinPool-1-worker-1] INFO  server.AbstractConnector (AbstractConnector.java:doStart(333)) - Started ServerConnector@6d748f1b{HTTP/1.1, (http/1.1)}{0.0.0.0:15003}
2025-10-10 10:37:37,766 [ForkJoinPool-1-worker-1] INFO  server.Server (Server.java:doStart(415)) - Started @6454ms
2025-10-10 10:37:37,768 [ForkJoinPool-1-worker-1] INFO  impl.MetricsSinkAdapter (MetricsSinkAdapter.java:start(204)) - Sink prometheus started
2025-10-10 10:37:37,768 [ForkJoinPool-1-worker-1] INFO  http.BaseHttpServer (BaseHttpServer.java:updateConnectorAddress(357)) - HTTP server of scm listening at http://localhost:15003
2025-10-10 10:37:37,849 [ForkJoinPool-1-worker-1] INFO  audit.AuditLogger (AuditLogger.java:refreshDebugCmdSet(133)) - Refresh DebugCmdSet for OMAudit to [].
2025-10-10 10:37:37,867 [ForkJoinPool-1-worker-1] INFO  audit.AuditLogger (AuditLogger.java:refreshDebugCmdSet(133)) - Refresh DebugCmdSet for OMSystemAudit to [].
2025-10-10 10:37:37,914 [ForkJoinPool-1-worker-1] INFO  ha.OMHANodeDetails (OMHANodeDetails.java:loadOMHAConfig(114)) - ozone.om.internal.service.id is not defined, falling back to ozone.om.service.ids to find serviceID for OzoneManager if it is HA enabled cluster
2025-10-10 10:37:37,917 [ForkJoinPool-1-worker-1] INFO  ha.OMHANodeDetails (OMHANodeDetails.java:loadOMHAConfig(228)) - Configuration does not have ozone.om.address set. Falling back to the default OM address /127.0.0.1:15006
2025-10-10 10:37:37,918 [ForkJoinPool-1-worker-1] INFO  ha.OMHANodeDetails (OMHANodeDetails.java:getOMNodeDetailsForNonHA(262)) - OM Service ID is not set. Setting it to the default ID: omServiceIdDefault
2025-10-10 10:37:37,918 [ForkJoinPool-1-worker-1] INFO  ha.OMHANodeDetails (OMHANodeDetails.java:getOMNodeDetailsForNonHA(269)) - OM Node ID is not set. Setting it to the default ID: om1
2025-10-10 10:37:37,926 [ForkJoinPool-1-worker-1] INFO  upgrade.AbstractLayoutVersionManager (AbstractLayoutVersionManager.java:init(80)) - Initializing Layout version manager with metadata layout = DELEGATION_TOKEN_SYMMETRIC_SIGN (version = 8), software layout = DELEGATION_TOKEN_SYMMETRIC_SIGN (version = 8)
2025-10-10 10:37:38,063 [ForkJoinPool-1-worker-1] INFO  reflections.Reflections (Reflections.java:scan(219)) - Reflections took 135 ms to scan 2 urls, producing 219 keys and 638 values
2025-10-10 10:37:38,068 [ForkJoinPool-1-worker-1] INFO  upgrade.OMLayoutVersionManager (OMLayoutVersionManager.java:lambda$0(110)) - Skipping Upgrade Action QuotaRepairUpgradeAction since it has been finalized.
2025-10-10 10:37:38,069 [ForkJoinPool-1-worker-1] INFO  upgrade.OMLayoutVersionManager (OMLayoutVersionManager.java:lambda$0(110)) - Skipping Upgrade Action MockOmUpgradeAction since it has been finalized.
2025-10-10 10:37:38,076 [ForkJoinPool-1-worker-1] INFO  om.OzoneManager (OzoneManager.java:setReplicationFromConfig(4652)) - Set default replication in OM: RATIS/3 -> RATIS/THREE
2025-10-10 10:37:38,081 [ForkJoinPool-1-worker-1] INFO  proxy.SCMContainerLocationFailoverProxyProvider (SCMFailoverProxyProviderBase.java:<init>(120)) - Created fail-over proxy for protocol StorageContainerLocationProtocolPB with 1 nodes: [nodeId=scmNodeId,nodeAddress=/0.0.0.0:15000]
2025-10-10 10:37:38,128 [ForkJoinPool-1-worker-1] INFO  proxy.SCMBlockLocationFailoverProxyProvider (SCMFailoverProxyProviderBase.java:<init>(120)) - Created fail-over proxy for protocol ScmBlockLocationProtocolPB with 1 nodes: [nodeId=scmNodeId,nodeAddress=/0.0.0.0:15001]
2025-10-10 10:37:38,143 [ForkJoinPool-1-worker-1] INFO  proxy.SCMBlockLocationFailoverProxyProvider (SCMFailoverProxyProviderBase.java:<init>(120)) - Created fail-over proxy for protocol ScmBlockLocationProtocolPB with 1 nodes: [nodeId=scmNodeId,nodeAddress=/0.0.0.0:15001]
2025-10-10 10:37:38,527 [8502da08-471d-490f-823d-1244cc2731b5@group-CD0A35B076EF-FollowerState] INFO  impl.FollowerState (FollowerState.java:runImpl(161)) - 8502da08-471d-490f-823d-1244cc2731b5@group-CD0A35B076EF-FollowerState: change to CANDIDATE, lastRpcElapsedTime:1135551481ns, electionTimeout:1135ms
2025-10-10 10:37:38,527 [8502da08-471d-490f-823d-1244cc2731b5@group-CD0A35B076EF-FollowerState] INFO  impl.RoleInfo (RoleInfo.java:shutdownFollowerState(121)) - 8502da08-471d-490f-823d-1244cc2731b5: shutdown 8502da08-471d-490f-823d-1244cc2731b5@group-CD0A35B076EF-FollowerState
2025-10-10 10:37:38,528 [8502da08-471d-490f-823d-1244cc2731b5@group-CD0A35B076EF-FollowerState] INFO  server.RaftServer$Division (RaftServerImpl.java:setRole(392)) - 8502da08-471d-490f-823d-1244cc2731b5@group-CD0A35B076EF: changes role from  FOLLOWER to CANDIDATE at term 1 for changeToCandidate
2025-10-10 10:37:38,528 [8502da08-471d-490f-823d-1244cc2731b5@group-CD0A35B076EF-FollowerState] INFO  impl.RoleInfo (RoleInfo.java:updateAndGet(148)) - 8502da08-471d-490f-823d-1244cc2731b5: start 8502da08-471d-490f-823d-1244cc2731b5@group-CD0A35B076EF-LeaderElection2
2025-10-10 10:37:38,529 [8502da08-471d-490f-823d-1244cc2731b5@group-CD0A35B076EF-LeaderElection2] INFO  impl.LeaderElection (LeaderElection.java:askForVotes(448)) - 8502da08-471d-490f-823d-1244cc2731b5@group-CD0A35B076EF-LeaderElection2 PRE_VOTE round 0: submit vote requests at term 1 for conf: {index: 0, cur=peers:[8502da08-471d-490f-823d-1244cc2731b5|localhost:15004]|listeners:[], old=null}
2025-10-10 10:37:38,529 [8502da08-471d-490f-823d-1244cc2731b5@group-CD0A35B076EF-LeaderElection2] INFO  impl.LeaderElection (LeaderElection.java:askForVotes(450)) - 8502da08-471d-490f-823d-1244cc2731b5@group-CD0A35B076EF-LeaderElection2 PRE_VOTE round 0: result PASSED (term=1)
2025-10-10 10:37:38,531 [8502da08-471d-490f-823d-1244cc2731b5@group-CD0A35B076EF-LeaderElection2] INFO  impl.LeaderElection (LeaderElection.java:askForVotes(448)) - 8502da08-471d-490f-823d-1244cc2731b5@group-CD0A35B076EF-LeaderElection2 ELECTION round 0: submit vote requests at term 2 for conf: {index: 0, cur=peers:[8502da08-471d-490f-823d-1244cc2731b5|localhost:15004]|listeners:[], old=null}
2025-10-10 10:37:38,531 [8502da08-471d-490f-823d-1244cc2731b5@group-CD0A35B076EF-LeaderElection2] INFO  impl.LeaderElection (LeaderElection.java:askForVotes(450)) - 8502da08-471d-490f-823d-1244cc2731b5@group-CD0A35B076EF-LeaderElection2 ELECTION round 0: result PASSED (term=2)
2025-10-10 10:37:38,531 [8502da08-471d-490f-823d-1244cc2731b5@group-CD0A35B076EF-LeaderElection2] INFO  impl.RoleInfo (RoleInfo.java:shutdownLeaderElection(141)) - 8502da08-471d-490f-823d-1244cc2731b5: shutdown 8502da08-471d-490f-823d-1244cc2731b5@group-CD0A35B076EF-LeaderElection2
2025-10-10 10:37:38,531 [8502da08-471d-490f-823d-1244cc2731b5@group-CD0A35B076EF-LeaderElection2] INFO  server.RaftServer$Division (RaftServerImpl.java:setRole(392)) - 8502da08-471d-490f-823d-1244cc2731b5@group-CD0A35B076EF: changes role from CANDIDATE to LEADER at term 2 for changeToLeader
2025-10-10 10:37:38,531 [8502da08-471d-490f-823d-1244cc2731b5@group-CD0A35B076EF-LeaderElection2] INFO  server.RaftServerConfigKeys (ConfUtils.java:logFallback(69)) - raft.server.staging.timeout = 15600ms (fallback to raft.server.rpc.timeout.max)
2025-10-10 10:37:38,533 [8502da08-471d-490f-823d-1244cc2731b5@group-CD0A35B076EF-LeaderElection2] INFO  impl.RoleInfo (RoleInfo.java:updateAndGet(148)) - 8502da08-471d-490f-823d-1244cc2731b5: start 8502da08-471d-490f-823d-1244cc2731b5@group-CD0A35B076EF-LeaderStateImpl
2025-10-10 10:37:38,533 [8502da08-471d-490f-823d-1244cc2731b5@group-CD0A35B076EF-LeaderElection2] INFO  server.RaftServer$Division (RaftServerImpl.java:setFirstElection(576)) - 8502da08-471d-490f-823d-1244cc2731b5@group-CD0A35B076EF: set firstElectionSinceStartup to false for becomeLeader
2025-10-10 10:37:38,534 [8502da08-471d-490f-823d-1244cc2731b5@group-CD0A35B076EF-LeaderElection2] INFO  ha.SCMStateMachine (SCMStateMachine.java:notifyLeaderChanged(293)) - current SCM becomes leader of term 2.
2025-10-10 10:37:38,534 [8502da08-471d-490f-823d-1244cc2731b5@group-CD0A35B076EF-LeaderElection2] INFO  ha.SCMContext (SCMContext.java:updateLeaderAndTerm(95)) - update <isLeader,term> from <false,0> to <true,2>
2025-10-10 10:37:38,537 [8502da08-471d-490f-823d-1244cc2731b5@group-CD0A35B076EF-LeaderElection2] INFO  server.RaftServer$Division (ServerState.java:setLeader(272)) - 8502da08-471d-490f-823d-1244cc2731b5@group-CD0A35B076EF: change Leader from null to 8502da08-471d-490f-823d-1244cc2731b5 at term 2 for becomeLeader, leader elected after 1902ms
2025-10-10 10:37:38,538 [8502da08-471d-490f-823d-1244cc2731b5@group-CD0A35B076EF-LeaderElection2] INFO  segmented.SegmentedRaftLogWorker (SegmentedRaftLogWorker.java:rollLogSegment(445)) - 8502da08-471d-490f-823d-1244cc2731b5@group-CD0A35B076EF-SegmentedRaftLogWorker: Rolling segment log-0_0 to index:0
2025-10-10 10:37:38,538 [8502da08-471d-490f-823d-1244cc2731b5@group-CD0A35B076EF-LeaderElection2] INFO  server.RaftServer$Division (ServerState.java:setRaftConf(386)) - 8502da08-471d-490f-823d-1244cc2731b5@group-CD0A35B076EF: set configuration conf: {index: 1, cur=peers:[8502da08-471d-490f-823d-1244cc2731b5|localhost:15004]|listeners:[], old=null}
2025-10-10 10:37:38,539 [8502da08-471d-490f-823d-1244cc2731b5@group-CD0A35B076EF-SegmentedRaftLogWorker] INFO  segmented.SegmentedRaftLogWorker (SegmentedRaftLogWorker.java:execute(604)) - 8502da08-471d-490f-823d-1244cc2731b5@group-CD0A35B076EF-SegmentedRaftLogWorker: Rolled log segment from /home/runner/work/ozone/ozone/hadoop-ozone/integration-test/target/test-dir/MiniOzoneClusterImpl-611c99c7-d47b-4433-a4ef-cd0a35b076ef/scm/ratis/611c99c7-d47b-4433-a4ef-cd0a35b076ef/current/log_inprogress_0 to /home/runner/work/ozone/ozone/hadoop-ozone/integration-test/target/test-dir/MiniOzoneClusterImpl-611c99c7-d47b-4433-a4ef-cd0a35b076ef/scm/ratis/611c99c7-d47b-4433-a4ef-cd0a35b076ef/current/log_0-0
2025-10-10 10:37:38,541 [8502da08-471d-490f-823d-1244cc2731b5@group-CD0A35B076EF-SegmentedRaftLogWorker] INFO  segmented.BufferedWriteChannel (BufferedWriteChannel.java:open(61)) - open log_inprogress_1 at position 0
2025-10-10 10:37:38,548 [8502da08-471d-490f-823d-1244cc2731b5@group-CD0A35B076EF-SegmentedRaftLogWorker] INFO  segmented.SegmentedRaftLogWorker (SegmentedRaftLogWorker.java:execute(647)) - 8502da08-471d-490f-823d-1244cc2731b5@group-CD0A35B076EF-SegmentedRaftLogWorker: created new log segment /home/runner/work/ozone/ozone/hadoop-ozone/integration-test/target/test-dir/MiniOzoneClusterImpl-611c99c7-d47b-4433-a4ef-cd0a35b076ef/scm/ratis/611c99c7-d47b-4433-a4ef-cd0a35b076ef/current/log_inprogress_1
2025-10-10 10:37:38,551 [8502da08-471d-490f-823d-1244cc2731b5@group-CD0A35B076EF-StateMachineUpdater] INFO  server.RaftServer$Division (LeaderStateImpl.java:checkStartIndex(309)) - Leader 8502da08-471d-490f-823d-1244cc2731b5@group-CD0A35B076EF-LeaderStateImpl is ready since appliedIndex == startIndex == 1
2025-10-10 10:37:38,551 [8502da08-471d-490f-823d-1244cc2731b5@group-CD0A35B076EF-StateMachineUpdater] INFO  ha.SCMContext (SCMContext.java:setLeaderReady(122)) - update <isLeaderReady> from <false> to <true>
2025-10-10 10:37:38,551 [8502da08-471d-490f-823d-1244cc2731b5@group-CD0A35B076EF-StateMachineUpdater] INFO  pipeline.BackgroundPipelineCreator (BackgroundPipelineCreator.java:notifyStatusChanged(268)) - Service BackgroundPipelineCreator transitions to RUNNING.
2025-10-10 10:37:38,552 [8502da08-471d-490f-823d-1244cc2731b5@group-CD0A35B076EF-StateMachineUpdater] INFO  safemode.RatisContainerSafeModeRule (RatisContainerSafeModeRule.java:initializeRule(160)) - Refreshed Containers with one replica threshold count 0.
2025-10-10 10:37:38,552 [8502da08-471d-490f-823d-1244cc2731b5@group-CD0A35B076EF-StateMachineUpdater] INFO  safemode.HealthyPipelineSafeModeRule (HealthyPipelineSafeModeRule.java:initializeRule(228)) - Refreshed total pipeline count is 0, healthy pipeline threshold count is 1
2025-10-10 10:37:38,552 [8502da08-471d-490f-823d-1244cc2731b5@group-CD0A35B076EF-StateMachineUpdater] INFO  safemode.ECContainerSafeModeRule (ECContainerSafeModeRule.java:initializeRule(204)) - Refreshed Containers with ec n replica threshold count 0.
2025-10-10 10:37:38,552 [8502da08-471d-490f-823d-1244cc2731b5@group-CD0A35B076EF-StateMachineUpdater] INFO  safemode.OneReplicaPipelineSafeModeRule (OneReplicaPipelineSafeModeRule.java:initializeRule(186)) - Refreshed Total pipeline count is 0, pipeline's with at least one datanode reported threshold count is 0
2025-10-10 10:37:38,552 [8502da08-471d-490f-823d-1244cc2731b5@group-CD0A35B076EF-StateMachineUpdater] INFO  server.SCMDatanodeProtocolServer (SCMDatanodeProtocolServer.java:start(195)) - ScmDatanodeProtocol RPC server for DataNodes is listening at /0.0.0.0:15002
2025-10-10 10:37:38,553 [IPC Server Responder] INFO  ipc.Server (Server.java:run(1713)) - IPC Server Responder: starting
2025-10-10 10:37:38,553 [IPC Server listener on 15002] INFO  ipc.Server (Server.java:run(1553)) - IPC Server listener on 15002: starting
2025-10-10 10:37:40,353 [ForkJoinPool-1-worker-1] INFO  om.OzoneManager (OzoneManager.java:<init>(683)) - OM start with adminUsers: [admin, runner]
2025-10-10 10:37:40,450 [ForkJoinPool-1-worker-1] INFO  utils.NativeLibraryLoader (NativeLibraryLoader.java:loadLibrary(120)) - Loading Library: ozone_rocksdb_tools
2025-10-10 10:37:40,728 [ForkJoinPool-1-worker-1] INFO  om.OzoneManager (OzoneManager.java:instantiateServices(927)) - S3 Multi-Tenancy is disabled
2025-10-10 10:37:40,749 [ForkJoinPool-1-worker-1] INFO  acl.OzoneAuthorizerFactory (OzoneAuthorizerFactory.java:create(69)) - om1: Authorizer for OM is class org.apache.hadoop.ozone.security.acl.OzoneAccessAuthorizer
2025-10-10 10:37:40,769 [ForkJoinPool-1-worker-1] INFO  om.OmSnapshotManager (OmSnapshotManager.java:<init>(203)) - Ozone filesystem snapshot feature is enabled.
2025-10-10 10:37:40,829 [ForkJoinPool-1-worker-1] INFO  utils.BackgroundService (BackgroundService.java:start(119)) - Starting service SnapshotDiffCleanupService with interval 60000 milliseconds
2025-10-10 10:37:40,886 [ForkJoinPool-1-worker-1] INFO  om.OzoneManager (OzoneManager.java:addS3GVolumeToDB(4710)) - Created Volume s3v With Owner runner required for S3Gateway operations.
2025-10-10 10:37:40,957 [ForkJoinPool-1-worker-1] WARN  dropwizard3.Dm3MetricRegistriesImpl (Dm3MetricRegistriesImpl.java:addReporterRegistration(114)) - New reporters are added after registries were created. Some metrics will be missing from the reporter. Please add reporter before adding any new registry.
2025-10-10 10:37:40,957 [ForkJoinPool-1-worker-1] WARN  dropwizard3.Dm3MetricRegistriesImpl (Dm3MetricRegistriesImpl.java:addReporterRegistration(114)) - New reporters are added after registries were created. Some metrics will be missing from the reporter. Please add reporter before adding any new registry.
2025-10-10 10:37:40,958 [ForkJoinPool-1-worker-1] INFO  server.RaftServerConfigKeys (ConfUtils.java:logGet(62)) - raft.server.log.appender.buffer.byte-limit = 4194304 (custom)
2025-10-10 10:37:40,960 [ForkJoinPool-1-worker-1] INFO  ratis.OzoneManagerRatisServer (OzoneManagerRatisServer.java:<init>(169)) - Instantiating OM Ratis server with groupID: omServiceIdDefault and peers: localhost:15009
2025-10-10 10:37:40,965 [ForkJoinPool-1-worker-1] INFO  ratis.OzoneManagerStateMachine (OzoneManagerStateMachine.java:loadSnapshotInfoFromDB(628)) - TransactionInfo not found in OM DB.
2025-10-10 10:37:41,004 [ForkJoinPool-1-worker-1] INFO  grpc.GrpcConfigKeys (ConfUtils.java:logFallback(69)) - raft.grpc.admin.host = null (fallback to raft.grpc.server.host)
2025-10-10 10:37:41,005 [ForkJoinPool-1-worker-1] INFO  grpc.GrpcConfigKeys (ConfUtils.java:logFallback(69)) - raft.grpc.admin.port = 15009 (fallback to raft.grpc.server.port)
2025-10-10 10:37:41,005 [ForkJoinPool-1-worker-1] INFO  grpc.GrpcConfigKeys (ConfUtils.java:logFallback(69)) - raft.grpc.client.host = null (fallback to raft.grpc.server.host)
2025-10-10 10:37:41,005 [ForkJoinPool-1-worker-1] INFO  grpc.GrpcConfigKeys (ConfUtils.java:logFallback(69)) - raft.grpc.client.port = 15009 (fallback to raft.grpc.server.port)
2025-10-10 10:37:41,005 [ForkJoinPool-1-worker-1] INFO  grpc.GrpcConfigKeys (ConfUtils.java:logGet(62)) - raft.grpc.server.port = 15009 (custom)
2025-10-10 10:37:41,005 [ForkJoinPool-1-worker-1] INFO  server.GrpcServicesImpl (ConfUtils.java:logGet(62)) - raft.grpc.message.size.max = 5242880 (custom)
2025-10-10 10:37:41,006 [ForkJoinPool-1-worker-1] INFO  server.RaftServerConfigKeys (ConfUtils.java:logGet(62)) - raft.server.rpc.request.timeout = 3000ms (default)
2025-10-10 10:37:41,006 [ForkJoinPool-1-worker-1] INFO  server.RaftServerConfigKeys (ConfUtils.java:logGet(62)) - raft.server.log.appender.buffer.byte-limit = 4194304 (custom)
2025-10-10 10:37:41,007 [ForkJoinPool-1-worker-1] INFO  server.RaftServerConfigKeys (ConfUtils.java:logGet(62)) - raft.server.storage.dir = [/home/runner/work/ozone/ozone/hadoop-ozone/integration-test/target/test-dir/MiniOzoneClusterImpl-611c99c7-d47b-4433-a4ef-cd0a35b076ef/om/ratis] (custom)
2025-10-10 10:37:41,008 [ForkJoinPool-1-worker-1] INFO  server.RaftServer (RaftServerProxy.java:addNew(105)) - om1: addNew group-C5BA1605619E:[om1|localhost:15009] returns group-C5BA1605619E:java.util.concurrent.CompletableFuture@695ef256[Not completed]
2025-10-10 10:37:41,008 [ForkJoinPool-1-worker-1] INFO  om.OzoneManager (OzoneManager.java:initializeRatisServer(2338)) - OzoneManager Ratis server initialized at port 15009
2025-10-10 10:37:41,011 [om1-groupManagement] INFO  server.RaftServer$Division (RaftServerImpl.java:<init>(268)) - om1: new RaftServerImpl for group-C5BA1605619E:[om1|localhost:15009] with OzoneManagerStateMachine:uninitialized
2025-10-10 10:37:41,011 [om1-groupManagement] INFO  server.RaftServerConfigKeys (ConfUtils.java:logGet(62)) - raft.server.rpc.timeout.min = 1s (custom)
2025-10-10 10:37:41,011 [om1-groupManagement] INFO  server.RaftServerConfigKeys (ConfUtils.java:logGet(62)) - raft.server.rpc.timeout.max = 1200ms (custom)
2025-10-10 10:37:41,011 [om1-groupManagement] INFO  server.RaftServer$Division (ServerState.java:<init>(114)) - om1@group-C5BA1605619E: ConfigurationManager, init=conf: {index: -1, cur=peers:[om1|localhost:15009]|listeners:[], old=null}, confs=<EMPTY_MAP>
2025-10-10 10:37:41,011 [om1-groupManagement] INFO  server.RaftServerConfigKeys (ConfUtils.java:logGet(62)) - raft.server.notification.no-leader.timeout = 120s (custom)
2025-10-10 10:37:41,012 [om1-groupManagement] INFO  server.RaftServerConfigKeys (ConfUtils.java:logGet(62)) - raft.server.retrycache.expirytime = 300s (custom)
2025-10-10 10:37:41,015 [ForkJoinPool-1-worker-1] INFO  om.OzoneManager (OzoneManager.java:getRpcServer(1390)) - Creating RPC Server
2025-10-10 10:37:41,990 [ForkJoinPool-1-worker-1] INFO  reflections.Reflections (Reflections.java:scan(219)) - Reflections took 934 ms to scan 25 urls, producing 62 keys and 7967 values
2025-10-10 10:37:42,145 [ForkJoinPool-1-worker-1] INFO  ipc.CallQueueManager (CallQueueManager.java:<init>(93)) - Using callQueue: class java.util.concurrent.LinkedBlockingQueue, queueCapacity: 2000, scheduler: class org.apache.hadoop.ipc.DefaultRpcScheduler, ipcBackoff: false, ipcFailOver: false.
2025-10-10 10:37:42,146 [ForkJoinPool-1-worker-1] INFO  ipc.Server (Server.java:<init>(1438)) - Listener at 127.0.0.1:15006
2025-10-10 10:37:42,147 [Socket Reader #1 for port 15006] INFO  ipc.Server (Server.java:run(1474)) - Starting Socket Reader #1 for port 15006
2025-10-10 10:37:42,147 [Socket Reader #2 for port 15006] INFO  ipc.Server (Server.java:run(1474)) - Starting Socket Reader #2 for port 15006
2025-10-10 10:37:42,147 [Socket Reader #3 for port 15006] INFO  ipc.Server (Server.java:run(1474)) - Starting Socket Reader #3 for port 15006
2025-10-10 10:37:42,147 [Socket Reader #4 for port 15006] INFO  ipc.Server (Server.java:run(1474)) - Starting Socket Reader #4 for port 15006
2025-10-10 10:37:42,147 [Socket Reader #5 for port 15006] INFO  ipc.Server (Server.java:run(1474)) - Starting Socket Reader #5 for port 15006
2025-10-10 10:37:42,148 [Socket Reader #6 for port 15006] INFO  ipc.Server (Server.java:run(1474)) - Starting Socket Reader #6 for port 15006
2025-10-10 10:37:42,148 [Socket Reader #7 for port 15006] INFO  ipc.Server (Server.java:run(1474)) - Starting Socket Reader #7 for port 15006
2025-10-10 10:37:42,148 [Socket Reader #8 for port 15006] INFO  ipc.Server (Server.java:run(1474)) - Starting Socket Reader #8 for port 15006
2025-10-10 10:37:42,149 [Socket Reader #9 for port 15006] INFO  ipc.Server (Server.java:run(1474)) - Starting Socket Reader #9 for port 15006
2025-10-10 10:37:42,149 [Socket Reader #10 for port 15006] INFO  ipc.Server (Server.java:run(1474)) - Starting Socket Reader #10 for port 15006
2025-10-10 10:37:42,189 [ForkJoinPool-1-worker-1] INFO  om.OzoneManager (OzoneManager.java:start(1822)) - OzoneManager RPC server is listening at localhost/127.0.0.1:15006
2025-10-10 10:37:42,190 [ForkJoinPool-1-worker-1] INFO  ratis.OzoneManagerRatisServer (OzoneManagerRatisServer.java:start(673)) - Starting OzoneManagerRatisServer om1 at port 15009
2025-10-10 10:37:42,191 [om1-impl-thread1] INFO  storage.RaftStorageDirectory (RaftStorageDirectoryImpl.java:analyzeStorage(138)) - The storage directory /home/runner/work/ozone/ozone/hadoop-ozone/integration-test/target/test-dir/MiniOzoneClusterImpl-611c99c7-d47b-4433-a4ef-cd0a35b076ef/om/ratis/bf265839-605b-3f16-9796-c5ba1605619e does not exist. Creating ...
2025-10-10 10:37:42,192 [om1-impl-thread1] INFO  storage.RaftStorageDirectory (RaftStorageDirectoryImpl.java:tryLock(229)) - Lock on /home/runner/work/ozone/ozone/hadoop-ozone/integration-test/target/test-dir/MiniOzoneClusterImpl-611c99c7-d47b-4433-a4ef-cd0a35b076ef/om/ratis/bf265839-605b-3f16-9796-c5ba1605619e/in_use.lock acquired by nodename 58401@localhost
2025-10-10 10:37:42,194 [om1-impl-thread1] INFO  storage.RaftStorage (RaftStorageImpl.java:format(98)) - Storage directory /home/runner/work/ozone/ozone/hadoop-ozone/integration-test/target/test-dir/MiniOzoneClusterImpl-611c99c7-d47b-4433-a4ef-cd0a35b076ef/om/ratis/bf265839-605b-3f16-9796-c5ba1605619e has been successfully formatted.
2025-10-10 10:37:42,194 [om1-impl-thread1] INFO  ratis.OzoneManagerStateMachine (OzoneManagerStateMachine.java:lambda$0(138)) - om1: initialize group-C5BA1605619E with <INITIAL_VALUE>
2025-10-10 10:37:42,195 [om1-impl-thread1] INFO  server.RaftServerConfigKeys (ConfUtils.java:logGet(62)) - raft.server.log.appender.buffer.byte-limit = 4194304 (custom)
2025-10-10 10:37:42,198 [om1-impl-thread1] INFO  server.RaftServerConfigKeys (ConfUtils.java:logGet(62)) - raft.server.log.segment.size.max = 67108864 (custom)
2025-10-10 10:37:42,198 [om1-impl-thread1] INFO  server.RaftServerConfigKeys (ConfUtils.java:logGet(62)) - raft.server.log.appender.buffer.byte-limit = 4194304 (custom)
2025-10-10 10:37:42,199 [om1-impl-thread1] INFO  util.AwaitToRun (AwaitToRun.java:start(81)) - Thread[#463,om1@group-C5BA1605619E-cacheEviction-AwaitToRun,5,main] started
2025-10-10 10:37:42,200 [om1-impl-thread1] INFO  segmented.SegmentedRaftLogWorker (SegmentedRaftLogWorker.java:<init>(190)) - new om1@group-C5BA1605619E-SegmentedRaftLogWorker for RaftStorageImpl:Storage Directory /home/runner/work/ozone/ozone/hadoop-ozone/integration-test/target/test-dir/MiniOzoneClusterImpl-611c99c7-d47b-4433-a4ef-cd0a35b076ef/om/ratis/bf265839-605b-3f16-9796-c5ba1605619e
2025-10-10 10:37:42,200 [om1-impl-thread1] INFO  server.RaftServerConfigKeys (ConfUtils.java:logGet(62)) - raft.server.log.segment.size.max = 67108864 (custom)
2025-10-10 10:37:42,200 [om1-impl-thread1] INFO  server.RaftServerConfigKeys (ConfUtils.java:logGet(62)) - raft.server.log.preallocated.size = 4194304 (custom)
2025-10-10 10:37:42,201 [om1-impl-thread1] INFO  server.RaftServerConfigKeys (ConfUtils.java:logGet(62)) - raft.server.log.write.buffer.size = 4194312 (custom)
2025-10-10 10:37:42,202 [om1-impl-thread1] INFO  server.RaftServerConfigKeys (ConfUtils.java:logGet(62)) - raft.server.log.appender.buffer.byte-limit = 4194304 (custom)
2025-10-10 10:37:42,202 [om1-impl-thread1] INFO  segmented.SegmentedRaftLogWorker (SegmentedRaftLogWorker.java:lambda$new$0(141)) - om1@group-C5BA1605619E-SegmentedRaftLogWorker: flushIndex: setUnconditionally 0 -> -1
2025-10-10 10:37:42,203 [om1-impl-thread1] INFO  segmented.SegmentedRaftLogWorker (SegmentedRaftLogWorker.java:lambda$new$0(141)) - om1@group-C5BA1605619E-SegmentedRaftLogWorker: safeCacheEvictIndex: setUnconditionally 0 -> -1
2025-10-10 10:37:42,204 [om1-impl-thread1] INFO  server.RaftServer$Division (RaftServerImpl.java:start(405)) - om1@group-C5BA1605619E: start as a follower, conf=conf: {index: -1, cur=peers:[om1|localhost:15009]|listeners:[], old=null}
2025-10-10 10:37:42,204 [om1-impl-thread1] INFO  server.RaftServer$Division (RaftServerImpl.java:setRole(392)) - om1@group-C5BA1605619E: changes role from      null to FOLLOWER at term 0 for startAsFollower
2025-10-10 10:37:42,204 [om1-impl-thread1] INFO  impl.RoleInfo (RoleInfo.java:updateAndGet(148)) - om1: start om1@group-C5BA1605619E-FollowerState
2025-10-10 10:37:42,206 [om1-impl-thread1] INFO  util.JmxRegister (JmxRegister.java:tryRegister(44)) - Successfully registered JMX Bean with object name Ratis:service=RaftServer,group=group-C5BA1605619E,id=om1
2025-10-10 10:37:42,206 [om1-impl-thread1] INFO  util.JmxRegister (JmxRegister.java:register(58)) - register mxBean class org.apache.ratis.server.impl.RaftServerJmxAdapter as Ratis:service=RaftServer,group=group-C5BA1605619E,id=om1
2025-10-10 10:37:42,206 [om1-impl-thread1] INFO  server.RaftServerConfigKeys (ConfUtils.java:logGet(62)) - raft.server.snapshot.auto.trigger.threshold = 400000 (default)
2025-10-10 10:37:42,206 [om1-impl-thread1] INFO  server.RaftServerConfigKeys (ConfUtils.java:logGet(62)) - raft.server.log.purge.upto.snapshot.index = true (custom)
2025-10-10 10:37:42,206 [om1@group-C5BA1605619E-FollowerState] INFO  server.RaftServerConfigKeys (ConfUtils.java:logFallback(69)) - raft.server.rpc.first-election.timeout.min = 1s (fallback to raft.server.rpc.timeout.min)
2025-10-10 10:37:42,207 [om1@group-C5BA1605619E-FollowerState] INFO  server.RaftServerConfigKeys (ConfUtils.java:logFallback(69)) - raft.server.rpc.first-election.timeout.max = 1200ms (fallback to raft.server.rpc.timeout.max)
2025-10-10 10:37:42,207 [om1-impl-thread1] INFO  server.RaftServer$Division (RaftServerImpl.java:start(419)) - om1@group-C5BA1605619E: Successfully started.
2025-10-10 10:37:42,207 [ForkJoinPool-1-worker-1] INFO  server.RaftServer (RaftServerProxy.java:startImpl(412)) - om1: start RPC server
2025-10-10 10:37:42,208 [ForkJoinPool-1-worker-1] INFO  server.GrpcServicesImpl (GrpcServicesImpl.java:startImpl(346)) - om1: GrpcServicesImpl started, listening on 15009
2025-10-10 10:37:42,209 [JvmPauseMonitor2] INFO  util.JvmPauseMonitor (JvmPauseMonitor.java:run(146)) - JvmPauseMonitor-om1: Started
2025-10-10 10:37:42,210 [ForkJoinPool-1-worker-1] INFO  om.OzoneManager (OzoneManager.java:start(1837)) - Version File has different layout version (8) than OM DB (null). That is expected if this OM has never been finalized to a newer layout version.
2025-10-10 10:37:42,226 [ForkJoinPool-1-worker-1] INFO  client.ScmTopologyClient (ScmTopologyClient.java:start(70)) - Initial network topology fetched from SCM: /.
2025-10-10 10:37:42,226 [ForkJoinPool-1-worker-1] INFO  net.NodeSchemaLoader (NodeSchemaLoader.java:loadSchemaFromFile(128)) - Loading schema from [jar:file:/home/runner/work/ozone/ozone/hadoop-hdds/common/target/hdds-common-2.1.0-SNAPSHOT.jar!/network-topology-default.xml]
2025-10-10 10:37:42,227 [ForkJoinPool-1-worker-1] INFO  net.NodeSchemaLoader (NodeSchemaLoader.java:loadSchema(175)) - Loading network topology layer schema file
2025-10-10 10:37:42,234 [ForkJoinPool-1-worker-1] INFO  utils.BackgroundService (BackgroundService.java:start(119)) - Starting service KeyDeletingService with interval 60000 milliseconds
2025-10-10 10:37:42,237 [ForkJoinPool-1-worker-1] INFO  utils.BackgroundService (BackgroundService.java:start(119)) - Starting service DirectoryDeletingService with interval 120000 milliseconds
2025-10-10 10:37:42,238 [ForkJoinPool-1-worker-1] INFO  utils.BackgroundService (BackgroundService.java:start(119)) - Starting service OpenKeyCleanupService with interval 86400000 milliseconds
2025-10-10 10:37:42,239 [ForkJoinPool-1-worker-1] INFO  utils.BackgroundService (BackgroundService.java:start(119)) - Starting service SstFilteringService with interval 60000 milliseconds
2025-10-10 10:37:42,241 [ForkJoinPool-1-worker-1] INFO  utils.BackgroundService (BackgroundService.java:start(119)) - Starting service SnapshotDeletingService with interval 30000 milliseconds
2025-10-10 10:37:42,242 [ForkJoinPool-1-worker-1] INFO  utils.BackgroundService (BackgroundService.java:start(119)) - Starting service MultipartUploadCleanupService with interval 86400000 milliseconds
2025-10-10 10:37:42,243 [ForkJoinPool-1-worker-1] INFO  http.BaseHttpServer (BaseHttpServer.java:newHttpServer2BuilderForOzone(227)) - Starting Web-server for ozoneManager at: http://0.0.0.0:15007
2025-10-10 10:37:42,243 [ForkJoinPool-1-worker-1] INFO  http.BaseHttpServer (BaseHttpServer.java:<init>(105)) - Hadoop Security Enabled: false Ozone Security Enabled: false Ozone HTTP Security Enabled: false 
2025-10-10 10:37:42,245 [ForkJoinPool-1-worker-1] WARN  server.AuthenticationFilter (AuthenticationFilter.java:constructSecretProvider(240)) - Unable to initialize FileSignerSecretProvider, falling back to use random secrets. Reason: Could not read signature secret file: /home/runner/hadoop-http-auth-signature-secret
2025-10-10 10:37:42,248 [ForkJoinPool-1-worker-1] INFO  http.HttpServer2 (HttpServer2.java:addGlobalFilter(1040)) - Added global filter 'safety' (class=org.apache.hadoop.hdds.server.http.HttpServer2$QuotingInputFilter)
2025-10-10 10:37:42,250 [ForkJoinPool-1-worker-1] INFO  http.HttpServer2 (HttpServer2.java:addFilter(1016)) - Added filter static_user_filter (class=org.apache.hadoop.http.lib.StaticUserWebFilter$StaticUserFilter) to context ozoneManager
2025-10-10 10:37:42,250 [ForkJoinPool-1-worker-1] INFO  http.HttpServer2 (HttpServer2.java:addFilter(1024)) - Added filter static_user_filter (class=org.apache.hadoop.http.lib.StaticUserWebFilter$StaticUserFilter) to context static
2025-10-10 10:37:42,250 [ForkJoinPool-1-worker-1] INFO  http.HttpServer2 (HttpServer2.java:addFilter(1024)) - Added filter static_user_filter (class=org.apache.hadoop.http.lib.StaticUserWebFilter$StaticUserFilter) to context logs
2025-10-10 10:37:42,251 [ForkJoinPool-1-worker-1] INFO  http.BaseHttpServer (BaseHttpServer.java:<init>(193)) - HTTP server of ozoneManager uses base directory /home/runner/work/ozone/ozone/hadoop-ozone/integration-test/target/test-dir/MiniOzoneClusterImpl-611c99c7-d47b-4433-a4ef-cd0a35b076ef/scm/ozone-metadata/webserver
2025-10-10 10:37:42,254 [ForkJoinPool-1-worker-1] INFO  http.HttpServer2 (HttpServer2.java:bindListener(1240)) - Jetty bound to port 15007
2025-10-10 10:37:42,254 [ForkJoinPool-1-worker-1] INFO  server.Server (Server.java:doStart(375)) - jetty-9.4.58.v20250814; built: 2025-08-14T02:28:49.637Z; git: 8f1440587e9e4ae7db3d74cf205643f3d707148d; jvm 21.0.8+9-LTS
2025-10-10 10:37:42,256 [ForkJoinPool-1-worker-1] INFO  server.session (DefaultSessionIdManager.java:doStart(334)) - DefaultSessionIdManager workerName=node0
2025-10-10 10:37:42,256 [ForkJoinPool-1-worker-1] INFO  server.session (DefaultSessionIdManager.java:doStart(339)) - No SessionScavenger set, using defaults
2025-10-10 10:37:42,256 [ForkJoinPool-1-worker-1] INFO  server.session (HouseKeeper.java:startScavenging(132)) - node0 Scavenging every 660000ms
2025-10-10 10:37:42,257 [ForkJoinPool-1-worker-1] INFO  handler.ContextHandler (ContextHandler.java:doStart(921)) - Started o.e.j.s.ServletContextHandler@19d9eb53{logs,/logs,file:///home/runner/work/ozone/ozone/hadoop-ozone/integration-test/target/log,AVAILABLE}
2025-10-10 10:37:42,257 [ForkJoinPool-1-worker-1] INFO  handler.ContextHandler (ContextHandler.java:doStart(921)) - Started o.e.j.s.ServletContextHandler@508439f2{static,/static,file:///home/runner/work/ozone/ozone/hadoop-ozone/integration-test/target/test-classes/webapps/static,AVAILABLE}
2025-10-10 10:37:42,267 [ForkJoinPool-1-worker-1] INFO  handler.ContextHandler (ContextHandler.java:doStart(921)) - Started o.e.j.w.WebAppContext@32dfb8a2{ozoneManager,/,file:///home/runner/work/ozone/ozone/hadoop-ozone/integration-test/target/test-classes/webapps/ozoneManager/,AVAILABLE}{file:/home/runner/work/ozone/ozone/hadoop-ozone/integration-test/target/test-classes/webapps/ozoneManager}
2025-10-10 10:37:42,268 [ForkJoinPool-1-worker-1] INFO  server.AbstractConnector (AbstractConnector.java:doStart(333)) - Started ServerConnector@229f588a{HTTP/1.1, (http/1.1)}{0.0.0.0:15007}
2025-10-10 10:37:42,268 [ForkJoinPool-1-worker-1] INFO  server.Server (Server.java:doStart(415)) - Started @10956ms
2025-10-10 10:37:42,268 [ForkJoinPool-1-worker-1] WARN  impl.MetricsSystemImpl (MetricsSystemImpl.java:register(279)) - Sink prometheus already exists!
2025-10-10 10:37:42,268 [ForkJoinPool-1-worker-1] INFO  http.BaseHttpServer (BaseHttpServer.java:updateConnectorAddress(357)) - HTTP server of ozoneManager listening at http://localhost:15007
2025-10-10 10:37:42,269 [IPC Server Responder] INFO  ipc.Server (Server.java:run(1713)) - IPC Server Responder: starting
2025-10-10 10:37:42,269 [IPC Server listener on 15006] INFO  ipc.Server (Server.java:run(1553)) - IPC Server listener on 15006: starting
2025-10-10 10:37:42,271 [ForkJoinPool-1-worker-1] INFO  om.OzoneManager (OzoneManager.java:startTrashEmptier(2292)) - Trash Interval set to 0. Files deleted won't move to trash
2025-10-10 10:37:42,286 [ForkJoinPool-1-worker-1] INFO  db.CodecBuffer (CodecBuffer.java:set(85)) - Successfully set constructor to LeakDetector::newCodecBuffer: org.apache.hadoop.hdds.utils.db.CodecBuffer$$Lambda/0x00007fbc40814000@5ef82003
2025-10-10 10:37:42,373 [ForkJoinPool-1-worker-1] WARN  dropwizard3.Dm3MetricRegistriesImpl (Dm3MetricRegistriesImpl.java:addReporterRegistration(114)) - New reporters are added after registries were created. Some metrics will be missing from the reporter. Please add reporter before adding any new registry.
2025-10-10 10:37:42,374 [ForkJoinPool-1-worker-1] WARN  dropwizard3.Dm3MetricRegistriesImpl (Dm3MetricRegistriesImpl.java:addReporterRegistration(114)) - New reporters are added after registries were created. Some metrics will be missing from the reporter. Please add reporter before adding any new registry.
2025-10-10 10:37:42,402 [ForkJoinPool-1-worker-1] INFO  protocol.DatanodeDetails (DatanodeDetails.java:validateDatanodeIpAddress(199)) - Updating IP address of datanode 43369f36-6a0f-45ae-a8eb-f0d390948370(localhost/null) to 127.0.0.1
2025-10-10 10:37:42,402 [ForkJoinPool-1-worker-1] INFO  ozone.HddsDatanodeService (HddsDatanodeService.java:start(236)) - HddsDatanodeService 43369f36-6a0f-45ae-a8eb-f0d390948370(localhost/127.0.0.1)
2025-10-10 10:37:42,408 [ForkJoinPool-1-worker-1] INFO  upgrade.AbstractLayoutVersionManager (AbstractLayoutVersionManager.java:init(80)) - Initializing Layout version manager with metadata layout = WITNESSED_CONTAINER_DB_PROTO_VALUE (version = 9), software layout = WITNESSED_CONTAINER_DB_PROTO_VALUE (version = 9)
2025-10-10 10:37:42,410 [ForkJoinPool-1-worker-1] INFO  statemachine.DatanodeStateMachine (DatanodeStateMachine.java:getEndPointTaskThreadPoolSize(321)) - Datanode State Machine Task Thread Pool size 2
2025-10-10 10:37:42,462 [ForkJoinPool-1-worker-1] INFO  volume.HddsVolume (HddsVolume.java:<init>(162)) - HddsVolume: { id=DS-4b32d548-70ef-497a-9ba5-9df48a2bb0e0 dir=/home/runner/work/ozone/ozone/hadoop-ozone/integration-test/target/test-dir/MiniOzoneClusterImpl-611c99c7-d47b-4433-a4ef-cd0a35b076ef/ozone-metadata/datanode-1/data-0/hdds type=DISK capacity=9222449699674390527 used=0 available=9222449699674390527 minFree=9222450130714624 committed=0 }
2025-10-10 10:37:42,463 [ForkJoinPool-1-worker-1] INFO  volume.MutableVolumeSet (MutableVolumeSet.java:initializeVolumeSet(175)) - Added Volume : /home/runner/work/ozone/ozone/hadoop-ozone/integration-test/target/test-dir/MiniOzoneClusterImpl-611c99c7-d47b-4433-a4ef-cd0a35b076ef/ozone-metadata/datanode-1/data-0/hdds to VolumeSet
2025-10-10 10:37:42,467 [ForkJoinPool-1-worker-1] INFO  volume.MutableVolumeSet (MutableVolumeSet.java:initializeVolumeSet(175)) - Added Volume : /home/runner/work/ozone/ozone/hadoop-ozone/integration-test/target/test-dir/MiniOzoneClusterImpl-611c99c7-d47b-4433-a4ef-cd0a35b076ef/ozone-metadata/datanode-1/ratis to VolumeSet
2025-10-10 10:37:42,472 [ForkJoinPool-1-worker-1] INFO  ozoneimpl.OzoneContainer (HddsVolumeUtil.java:loadAllHddsVolumeDbStore(102)) - Load 1 volumes DbStore cost: 2ms
2025-10-10 10:37:42,478 [ForkJoinPool-1-worker-1] WARN  db.DBStoreBuilder (DBStoreBuilder.java:getDBDirPath(157)) - ozone.scm.datanode.id.dir is not configured. We recommend adding this setting. Falling back to ozone.metadata.dirs instead.
2025-10-10 10:37:42,482 [ForkJoinPool-1-worker-1] WARN  db.DBStoreBuilder (DBStoreBuilder.java:getDBDirPath(157)) - ozone.scm.datanode.id.dir is not configured. We recommend adding this setting. Falling back to ozone.metadata.dirs instead.
2025-10-10 10:37:42,543 [ForkJoinPool-1-worker-1] INFO  impl.FilePerChunkStrategy (FilePerChunkStrategy.java:<init>(79)) - ozone.chunk.read.mapped.buffer.max.count is load with 0
2025-10-10 10:37:42,548 [ForkJoinPool-1-worker-1] INFO  impl.FilePerBlockStrategy (FilePerBlockStrategy.java:<init>(88)) - ozone.chunk.read.mapped.buffer.max.count is load with 0
2025-10-10 10:37:42,581 [ForkJoinPool-1-worker-1] INFO  audit.AuditLogger (AuditLogger.java:refreshDebugCmdSet(133)) - Refresh DebugCmdSet for DNAudit to [].
2025-10-10 10:37:42,598 [ForkJoinPool-1-worker-1] INFO  server.RaftServerConfigKeys (ConfUtils.java:logGet(62)) - raft.server.log.appender.buffer.byte-limit = 33554432 (custom)
2025-10-10 10:37:42,609 [ForkJoinPool-1-worker-1] INFO  grpc.GrpcConfigKeys (ConfUtils.java:logFallback(69)) - raft.grpc.admin.host = null (fallback to raft.grpc.server.host)
2025-10-10 10:37:42,610 [ForkJoinPool-1-worker-1] INFO  grpc.GrpcConfigKeys (ConfUtils.java:logGet(62)) - raft.grpc.admin.port = 15014 (custom)
2025-10-10 10:37:42,610 [ForkJoinPool-1-worker-1] INFO  grpc.GrpcConfigKeys (ConfUtils.java:logFallback(69)) - raft.grpc.client.host = null (fallback to raft.grpc.server.host)
2025-10-10 10:37:42,610 [ForkJoinPool-1-worker-1] INFO  grpc.GrpcConfigKeys (ConfUtils.java:logGet(62)) - raft.grpc.client.port = 15013 (custom)
2025-10-10 10:37:42,610 [ForkJoinPool-1-worker-1] INFO  grpc.GrpcConfigKeys (ConfUtils.java:logGet(62)) - raft.grpc.server.port = 15015 (custom)
2025-10-10 10:37:42,610 [ForkJoinPool-1-worker-1] INFO  server.GrpcServicesImpl (ConfUtils.java:logGet(62)) - raft.grpc.message.size.max = 34603008 (custom)
2025-10-10 10:37:42,611 [ForkJoinPool-1-worker-1] INFO  server.GrpcServicesImpl (ConfUtils.java:logGet(62)) - raft.grpc.flow.control.window = 5MB (=5242880) (custom)
2025-10-10 10:37:42,611 [ForkJoinPool-1-worker-1] INFO  server.RaftServerConfigKeys (ConfUtils.java:logGet(62)) - raft.server.log.appender.buffer.byte-limit = 33554432 (custom)
2025-10-10 10:37:42,612 [ForkJoinPool-1-worker-1] INFO  impl.DataStreamServerImpl (ConfUtils.java:logGet(62)) - raft.datastream.type = NETTY (custom)
2025-10-10 10:37:42,623 [ForkJoinPool-1-worker-1] INFO  server.RaftServerConfigKeys (ConfUtils.java:logGet(62)) - raft.server.data-stream.async.request.thread.pool.cached = false (default)
2025-10-10 10:37:42,624 [ForkJoinPool-1-worker-1] INFO  server.RaftServerConfigKeys (ConfUtils.java:logGet(62)) - raft.server.data-stream.async.request.thread.pool.size = 20 (custom)
2025-10-10 10:37:42,624 [ForkJoinPool-1-worker-1] INFO  server.RaftServerConfigKeys (ConfUtils.java:logGet(62)) - raft.server.data-stream.async.write.thread.pool.size = 16 (default)
2025-10-10 10:37:42,626 [ForkJoinPool-1-worker-1] INFO  netty.NettyConfigKeys$DataStream (ConfUtils.java:logGet(62)) - raft.netty.dataStream.server.channel.inactive.grace-period = 10min (default)
2025-10-10 10:37:42,627 [ForkJoinPool-1-worker-1] INFO  server.RaftServerConfigKeys (ConfUtils.java:logGet(62)) - raft.server.data-stream.client.pool.size = 10 (default)
2025-10-10 10:37:42,628 [ForkJoinPool-1-worker-1] INFO  netty.NettyConfigKeys$DataStream (ConfUtils.java:logGet(62)) - raft.netty.dataStream.server.use-epoll = true (default)
2025-10-10 10:37:42,628 [ForkJoinPool-1-worker-1] INFO  netty.NettyConfigKeys$DataStream (ConfUtils.java:logGet(62)) - raft.netty.dataStream.server.boss-group.size = 0 (default)
2025-10-10 10:37:42,629 [ForkJoinPool-1-worker-1] INFO  netty.NettyUtils (NettyUtils.java:newEventLoopGroup(74)) - Create EpollEventLoopGroup for 43369f36-6a0f-45ae-a8eb-f0d390948370-NettyServerStreamRpc-bossGroup; Thread size is 0.
2025-10-10 10:37:42,630 [ForkJoinPool-1-worker-1] INFO  netty.NettyConfigKeys$DataStream (ConfUtils.java:logGet(62)) - raft.netty.dataStream.server.worker-group.size = 0 (default)
2025-10-10 10:37:42,630 [ForkJoinPool-1-worker-1] INFO  netty.NettyUtils (NettyUtils.java:newEventLoopGroup(74)) - Create EpollEventLoopGroup for 43369f36-6a0f-45ae-a8eb-f0d390948370-NettyServerStreamRpc-workerGroup; Thread size is 0.
2025-10-10 10:37:42,633 [ForkJoinPool-1-worker-1] INFO  netty.NettyConfigKeys$DataStream (ConfUtils.java:logGet(62)) - raft.netty.dataStream.port = 15016 (custom)
2025-10-10 10:37:42,637 [ForkJoinPool-1-worker-1] INFO  server.RaftServerConfigKeys (ConfUtils.java:logGet(62)) - raft.server.storage.dir = [/home/runner/work/ozone/ozone/hadoop-ozone/integration-test/target/test-dir/MiniOzoneClusterImpl-611c99c7-d47b-4433-a4ef-cd0a35b076ef/ozone-metadata/datanode-1/ratis] (custom)
2025-10-10 10:37:42,638 [43369f36-6a0f-45ae-a8eb-f0d390948370-impl-thread1] INFO  server.RaftServer (RaftServerProxy.java:initGroupDir(270)) - 43369f36-6a0f-45ae-a8eb-f0d390948370: found a subdirectory /home/runner/work/ozone/ozone/hadoop-ozone/integration-test/target/test-dir/MiniOzoneClusterImpl-611c99c7-d47b-4433-a4ef-cd0a35b076ef/ozone-metadata/datanode-1/ratis/tmp
2025-10-10 10:37:42,638 [43369f36-6a0f-45ae-a8eb-f0d390948370-impl-thread1] INFO  server.RaftServer (RaftServerProxy.java:initGroupDir(275)) - 43369f36-6a0f-45ae-a8eb-f0d390948370: The directory /home/runner/work/ozone/ozone/hadoop-ozone/integration-test/target/test-dir/MiniOzoneClusterImpl-611c99c7-d47b-4433-a4ef-cd0a35b076ef/ozone-metadata/datanode-1/ratis/tmp is not a group directory; ignoring it. 
2025-10-10 10:37:42,641 [ForkJoinPool-1-worker-1] INFO  replication.ReplicationServer (ReplicationServer.java:<init>(84)) - Initializing replication server with thread count = 10 queue length = 4096
2025-10-10 10:37:42,649 [43369f36-6a0f-45ae-a8eb-f0d390948370-NettyServerStreamRpc-bossGroup--thread1] INFO  logging.LoggingHandler (AbstractInternalLogger.java:log(148)) - [id: 0x32632a11] REGISTERED
2025-10-10 10:37:42,650 [43369f36-6a0f-45ae-a8eb-f0d390948370-NettyServerStreamRpc-bossGroup--thread1] INFO  logging.LoggingHandler (AbstractInternalLogger.java:log(148)) - [id: 0x32632a11] BIND: 0.0.0.0/0.0.0.0:15016
2025-10-10 10:37:42,651 [43369f36-6a0f-45ae-a8eb-f0d390948370-NettyServerStreamRpc-bossGroup--thread1] INFO  logging.LoggingHandler (AbstractInternalLogger.java:log(148)) - [id: 0x32632a11, L:/0.0.0.0:15016] ACTIVE
2025-10-10 10:37:42,665 [ForkJoinPool-1-worker-1] INFO  server.XceiverServerGrpc (XceiverServerGrpc.java:<init>(129)) - GrpcServer channel type EpollServerSocketChannel
2025-10-10 10:37:42,692 [ForkJoinPool-1-worker-1] INFO  lib.Interns (Interns.java:removeEldestEntry(50)) - Metrics intern cache overflow at 2011 for MetricsSystem={MetricsSystem=MetricsInfoImpl{name=MetricsSystem, description=MetricsSystem}, MetricsSystem record=MetricsInfoImpl{name=MetricsSystem, description=MetricsSystem record}}
2025-10-10 10:37:42,699 [ForkJoinPool-1-worker-1] INFO  replication.ReplicationSupervisor (ReplicationSupervisor.java:build(169)) - Initializing replication supervisor with thread count = 10
2025-10-10 10:37:42,700 [ForkJoinPool-1-worker-1] INFO  replication.ReplicationSupervisor (ReplicationSupervisor.java:nodeStateUpdated(358)) - Node state updated to IN_SERVICE, scaling executor pool size to 10
2025-10-10 10:37:42,749 [ForkJoinPool-1-worker-1] INFO  http.BaseHttpServer (BaseHttpServer.java:newHttpServer2BuilderForOzone(227)) - Starting Web-server for hddsDatanode at: http://0.0.0.0:15010
2025-10-10 10:37:42,749 [ForkJoinPool-1-worker-1] INFO  http.BaseHttpServer (BaseHttpServer.java:<init>(105)) - Hadoop Security Enabled: false Ozone Security Enabled: false Ozone HTTP Security Enabled: false 
2025-10-10 10:37:42,752 [ForkJoinPool-1-worker-1] WARN  server.AuthenticationFilter (AuthenticationFilter.java:constructSecretProvider(240)) - Unable to initialize FileSignerSecretProvider, falling back to use random secrets. Reason: Could not read signature secret file: /home/runner/hadoop-http-auth-signature-secret
2025-10-10 10:37:42,755 [ForkJoinPool-1-worker-1] INFO  http.HttpServer2 (HttpServer2.java:addGlobalFilter(1040)) - Added global filter 'safety' (class=org.apache.hadoop.hdds.server.http.HttpServer2$QuotingInputFilter)
2025-10-10 10:37:42,757 [ForkJoinPool-1-worker-1] INFO  http.HttpServer2 (HttpServer2.java:addFilter(1016)) - Added filter static_user_filter (class=org.apache.hadoop.http.lib.StaticUserWebFilter$StaticUserFilter) to context hddsDatanode
2025-10-10 10:37:42,757 [ForkJoinPool-1-worker-1] INFO  http.HttpServer2 (HttpServer2.java:addFilter(1024)) - Added filter static_user_filter (class=org.apache.hadoop.http.lib.StaticUserWebFilter$StaticUserFilter) to context static
2025-10-10 10:37:42,757 [ForkJoinPool-1-worker-1] INFO  http.HttpServer2 (HttpServer2.java:addFilter(1024)) - Added filter static_user_filter (class=org.apache.hadoop.http.lib.StaticUserWebFilter$StaticUserFilter) to context logs
2025-10-10 10:37:42,758 [ForkJoinPool-1-worker-1] INFO  http.BaseHttpServer (BaseHttpServer.java:<init>(193)) - HTTP server of hddsDatanode uses base directory /home/runner/work/ozone/ozone/hadoop-ozone/integration-test/target/test-dir/MiniOzoneClusterImpl-611c99c7-d47b-4433-a4ef-cd0a35b076ef/scm/ozone-metadata/webserver
2025-10-10 10:37:42,758 [ForkJoinPool-1-worker-1] INFO  http.HttpServer2 (HttpServer2.java:bindListener(1240)) - Jetty bound to port 15010
2025-10-10 10:37:42,758 [ForkJoinPool-1-worker-1] INFO  server.Server (Server.java:doStart(375)) - jetty-9.4.58.v20250814; built: 2025-08-14T02:28:49.637Z; git: 8f1440587e9e4ae7db3d74cf205643f3d707148d; jvm 21.0.8+9-LTS
2025-10-10 10:37:42,761 [ForkJoinPool-1-worker-1] INFO  server.session (DefaultSessionIdManager.java:doStart(334)) - DefaultSessionIdManager workerName=node0
2025-10-10 10:37:42,761 [ForkJoinPool-1-worker-1] INFO  server.session (DefaultSessionIdManager.java:doStart(339)) - No SessionScavenger set, using defaults
2025-10-10 10:37:42,761 [ForkJoinPool-1-worker-1] INFO  server.session (HouseKeeper.java:startScavenging(132)) - node0 Scavenging every 600000ms
2025-10-10 10:37:42,762 [ForkJoinPool-1-worker-1] INFO  handler.ContextHandler (ContextHandler.java:doStart(921)) - Started o.e.j.s.ServletContextHandler@67372bbc{logs,/logs,file:///home/runner/work/ozone/ozone/hadoop-ozone/integration-test/target/log,AVAILABLE}
2025-10-10 10:37:42,763 [ForkJoinPool-1-worker-1] INFO  handler.ContextHandler (ContextHandler.java:doStart(921)) - Started o.e.j.s.ServletContextHandler@6de07f3a{static,/static,jar:file:/home/runner/work/ozone/ozone/hadoop-hdds/container-service/target/hdds-container-service-2.1.0-SNAPSHOT.jar!/webapps/static,AVAILABLE}
2025-10-10 10:37:42,952 [ForkJoinPool-1-worker-1] INFO  handler.ContextHandler (ContextHandler.java:doStart(921)) - Started o.e.j.w.WebAppContext@25be832{hddsDatanode,/,file:///home/runner/work/ozone/ozone/hadoop-ozone/integration-test/target/test-dir/MiniOzoneClusterImpl-611c99c7-d47b-4433-a4ef-cd0a35b076ef/scm/ozone-metadata/webserver/jetty-0_0_0_0-15010-hdds-container-service-2_1_0-SNAPSHOT_jar-_-any-10901937652349921156/webapp/,AVAILABLE}{jar:file:/home/runner/work/ozone/ozone/hadoop-hdds/container-service/target/hdds-container-service-2.1.0-SNAPSHOT.jar!/webapps/hddsDatanode}
2025-10-10 10:37:42,952 [ForkJoinPool-1-worker-1] INFO  server.AbstractConnector (AbstractConnector.java:doStart(333)) - Started ServerConnector@7f90921b{HTTP/1.1, (http/1.1)}{0.0.0.0:15010}
2025-10-10 10:37:42,953 [ForkJoinPool-1-worker-1] INFO  server.Server (Server.java:doStart(415)) - Started @11640ms
2025-10-10 10:37:42,953 [ForkJoinPool-1-worker-1] WARN  impl.MetricsSystemImpl (MetricsSystemImpl.java:register(279)) - Sink prometheus already exists!
2025-10-10 10:37:42,953 [ForkJoinPool-1-worker-1] INFO  http.BaseHttpServer (BaseHttpServer.java:updateConnectorAddress(357)) - HTTP server of hddsDatanode listening at http://localhost:15010
2025-10-10 10:37:42,956 [ForkJoinPool-1-worker-1] INFO  ipc.CallQueueManager (CallQueueManager.java:<init>(93)) - Using callQueue: class java.util.concurrent.LinkedBlockingQueue, queueCapacity: 1000, scheduler: class org.apache.hadoop.ipc.DefaultRpcScheduler, ipcBackoff: false, ipcFailOver: false.
2025-10-10 10:37:42,956 [ForkJoinPool-1-worker-1] INFO  ipc.Server (Server.java:<init>(1438)) - Listener at 0.0.0.0:15011
2025-10-10 10:37:42,957 [Socket Reader #1 for port 15011] INFO  ipc.Server (Server.java:run(1474)) - Starting Socket Reader #1 for port 15011
2025-10-10 10:37:42,957 [Socket Reader #2 for port 15011] INFO  ipc.Server (Server.java:run(1474)) - Starting Socket Reader #2 for port 15011
2025-10-10 10:37:42,957 [Socket Reader #3 for port 15011] INFO  ipc.Server (Server.java:run(1474)) - Starting Socket Reader #3 for port 15011
2025-10-10 10:37:42,958 [Socket Reader #5 for port 15011] INFO  ipc.Server (Server.java:run(1474)) - Starting Socket Reader #5 for port 15011
2025-10-10 10:37:42,959 [Socket Reader #6 for port 15011] INFO  ipc.Server (Server.java:run(1474)) - Starting Socket Reader #6 for port 15011
2025-10-10 10:37:42,960 [Socket Reader #7 for port 15011] INFO  ipc.Server (Server.java:run(1474)) - Starting Socket Reader #7 for port 15011
2025-10-10 10:37:42,960 [Socket Reader #8 for port 15011] INFO  ipc.Server (Server.java:run(1474)) - Starting Socket Reader #8 for port 15011
2025-10-10 10:37:42,960 [Socket Reader #4 for port 15011] INFO  ipc.Server (Server.java:run(1474)) - Starting Socket Reader #4 for port 15011
2025-10-10 10:37:42,960 [Socket Reader #9 for port 15011] INFO  ipc.Server (Server.java:run(1474)) - Starting Socket Reader #9 for port 15011
2025-10-10 10:37:42,961 [Socket Reader #10 for port 15011] INFO  ipc.Server (Server.java:run(1474)) - Starting Socket Reader #10 for port 15011
2025-10-10 10:37:42,964 [ForkJoinPool-1-worker-1] INFO  ozone.HddsDatanodeService (HddsDatanodeService.java:start(333)) - Datanode start with admins: [admin, runner]
2025-10-10 10:37:42,964 [ForkJoinPool-1-worker-1] INFO  ozone.HddsDatanodeClientProtocolServer (HddsDatanodeClientProtocolServer.java:start(76)) - RPC server for Client /0.0.0.0:15011
2025-10-10 10:37:42,965 [IPC Server Responder] INFO  ipc.Server (Server.java:run(1713)) - IPC Server Responder: starting
2025-10-10 10:37:42,965 [IPC Server listener on 15011] INFO  ipc.Server (Server.java:run(1553)) - IPC Server listener on 15011: starting
2025-10-10 10:37:42,968 [ForkJoinPool-1-worker-1] WARN  dropwizard3.Dm3MetricRegistriesImpl (Dm3MetricRegistriesImpl.java:addReporterRegistration(114)) - New reporters are added after registries were created. Some metrics will be missing from the reporter. Please add reporter before adding any new registry.
2025-10-10 10:37:42,968 [ForkJoinPool-1-worker-1] WARN  dropwizard3.Dm3MetricRegistriesImpl (Dm3MetricRegistriesImpl.java:addReporterRegistration(114)) - New reporters are added after registries were created. Some metrics will be missing from the reporter. Please add reporter before adding any new registry.
2025-10-10 10:37:42,972 [43369f36-6a0f-45ae-a8eb-f0d390948370-DatanodeStateMachineDaemonThread] INFO  statemachine.DatanodeStateMachine (DatanodeStateMachine.java:startStateMachineThread(363)) - Ozone container server started.
2025-10-10 10:37:42,985 [ForkJoinPool-1-worker-1] INFO  protocol.DatanodeDetails (DatanodeDetails.java:validateDatanodeIpAddress(199)) - Updating IP address of datanode 1a301c79-b9ef-44e0-a0ae-b339f61819a5(localhost/null) to 127.0.0.1
2025-10-10 10:37:42,985 [ForkJoinPool-1-worker-1] INFO  ozone.HddsDatanodeService (HddsDatanodeService.java:start(236)) - HddsDatanodeService 1a301c79-b9ef-44e0-a0ae-b339f61819a5(localhost/127.0.0.1)
2025-10-10 10:37:42,989 [ForkJoinPool-1-worker-1] INFO  upgrade.AbstractLayoutVersionManager (AbstractLayoutVersionManager.java:init(80)) - Initializing Layout version manager with metadata layout = WITNESSED_CONTAINER_DB_PROTO_VALUE (version = 9), software layout = WITNESSED_CONTAINER_DB_PROTO_VALUE (version = 9)
2025-10-10 10:37:42,990 [ForkJoinPool-1-worker-1] INFO  statemachine.DatanodeStateMachine (DatanodeStateMachine.java:getEndPointTaskThreadPoolSize(321)) - Datanode State Machine Task Thread Pool size 2
2025-10-10 10:37:42,997 [ForkJoinPool-1-worker-1] INFO  volume.HddsVolume (HddsVolume.java:<init>(162)) - HddsVolume: { id=DS-99bd4929-4214-444a-9e13-739dd7f19822 dir=/home/runner/work/ozone/ozone/hadoop-ozone/integration-test/target/test-dir/MiniOzoneClusterImpl-611c99c7-d47b-4433-a4ef-cd0a35b076ef/ozone-metadata/datanode-2/data-0/hdds type=DISK capacity=9222449699674390527 used=0 available=9222449699674390527 minFree=9222450130714624 committed=0 }
2025-10-10 10:37:42,998 [ForkJoinPool-1-worker-1] INFO  volume.MutableVolumeSet (MutableVolumeSet.java:initializeVolumeSet(175)) - Added Volume : /home/runner/work/ozone/ozone/hadoop-ozone/integration-test/target/test-dir/MiniOzoneClusterImpl-611c99c7-d47b-4433-a4ef-cd0a35b076ef/ozone-metadata/datanode-2/data-0/hdds to VolumeSet
2025-10-10 10:37:43,000 [ForkJoinPool-1-worker-1] INFO  volume.MutableVolumeSet (MutableVolumeSet.java:initializeVolumeSet(175)) - Added Volume : /home/runner/work/ozone/ozone/hadoop-ozone/integration-test/target/test-dir/MiniOzoneClusterImpl-611c99c7-d47b-4433-a4ef-cd0a35b076ef/ozone-metadata/datanode-2/ratis to VolumeSet
2025-10-10 10:37:43,003 [ForkJoinPool-1-worker-1] INFO  ozoneimpl.OzoneContainer (HddsVolumeUtil.java:loadAllHddsVolumeDbStore(102)) - Load 1 volumes DbStore cost: 0ms
2025-10-10 10:37:43,003 [ForkJoinPool-1-worker-1] WARN  db.DBStoreBuilder (DBStoreBuilder.java:getDBDirPath(157)) - ozone.scm.datanode.id.dir is not configured. We recommend adding this setting. Falling back to ozone.metadata.dirs instead.
2025-10-10 10:37:43,005 [ForkJoinPool-1-worker-1] WARN  db.DBStoreBuilder (DBStoreBuilder.java:getDBDirPath(157)) - ozone.scm.datanode.id.dir is not configured. We recommend adding this setting. Falling back to ozone.metadata.dirs instead.
2025-10-10 10:37:43,024 [ForkJoinPool-1-worker-1] INFO  impl.FilePerChunkStrategy (FilePerChunkStrategy.java:<init>(79)) - ozone.chunk.read.mapped.buffer.max.count is load with 0
2025-10-10 10:37:43,025 [ForkJoinPool-1-worker-1] INFO  impl.FilePerBlockStrategy (FilePerBlockStrategy.java:<init>(88)) - ozone.chunk.read.mapped.buffer.max.count is load with 0
2025-10-10 10:37:43,027 [ForkJoinPool-1-worker-1] INFO  server.RaftServerConfigKeys (ConfUtils.java:logGet(62)) - raft.server.log.appender.buffer.byte-limit = 33554432 (custom)
2025-10-10 10:37:43,029 [ForkJoinPool-1-worker-1] INFO  grpc.GrpcConfigKeys (ConfUtils.java:logFallback(69)) - raft.grpc.admin.host = null (fallback to raft.grpc.server.host)
2025-10-10 10:37:43,029 [ForkJoinPool-1-worker-1] INFO  grpc.GrpcConfigKeys (ConfUtils.java:logGet(62)) - raft.grpc.admin.port = 15022 (custom)
2025-10-10 10:37:43,029 [ForkJoinPool-1-worker-1] INFO  grpc.GrpcConfigKeys (ConfUtils.java:logFallback(69)) - raft.grpc.client.host = null (fallback to raft.grpc.server.host)
2025-10-10 10:37:43,030 [ForkJoinPool-1-worker-1] INFO  grpc.GrpcConfigKeys (ConfUtils.java:logGet(62)) - raft.grpc.client.port = 15021 (custom)
2025-10-10 10:37:43,030 [ForkJoinPool-1-worker-1] INFO  grpc.GrpcConfigKeys (ConfUtils.java:logGet(62)) - raft.grpc.server.port = 15023 (custom)
2025-10-10 10:37:43,030 [ForkJoinPool-1-worker-1] INFO  server.GrpcServicesImpl (ConfUtils.java:logGet(62)) - raft.grpc.message.size.max = 34603008 (custom)
2025-10-10 10:37:43,030 [ForkJoinPool-1-worker-1] INFO  server.GrpcServicesImpl (ConfUtils.java:logGet(62)) - raft.grpc.flow.control.window = 5MB (=5242880) (custom)
2025-10-10 10:37:43,030 [ForkJoinPool-1-worker-1] INFO  server.RaftServerConfigKeys (ConfUtils.java:logGet(62)) - raft.server.log.appender.buffer.byte-limit = 33554432 (custom)
2025-10-10 10:37:43,032 [43369f36-6a0f-45ae-a8eb-f0d390948370-DatanodeStateMachineTaskThread-0] INFO  datanode.InitDatanodeState (InitDatanodeState.java:persistContainerDatanodeDetails(139)) - DatanodeDetails is persisted to /home/runner/work/ozone/ozone/hadoop-ozone/integration-test/target/test-dir/MiniOzoneClusterImpl-611c99c7-d47b-4433-a4ef-cd0a35b076ef/ozone-metadata/datanode-1/ozone-metadata/datanode.id
2025-10-10 10:37:43,032 [ForkJoinPool-1-worker-1] INFO  netty.NettyUtils (NettyUtils.java:newEventLoopGroup(74)) - Create EpollEventLoopGroup for 1a301c79-b9ef-44e0-a0ae-b339f61819a5-NettyServerStreamRpc-bossGroup; Thread size is 0.
2025-10-10 10:37:43,033 [ForkJoinPool-1-worker-1] INFO  netty.NettyUtils (NettyUtils.java:newEventLoopGroup(74)) - Create EpollEventLoopGroup for 1a301c79-b9ef-44e0-a0ae-b339f61819a5-NettyServerStreamRpc-workerGroup; Thread size is 0.
2025-10-10 10:37:43,033 [ForkJoinPool-1-worker-1] INFO  netty.NettyConfigKeys$DataStream (ConfUtils.java:logGet(62)) - raft.netty.dataStream.port = 15024 (custom)
2025-10-10 10:37:43,034 [ForkJoinPool-1-worker-1] INFO  server.RaftServerConfigKeys (ConfUtils.java:logGet(62)) - raft.server.storage.dir = [/home/runner/work/ozone/ozone/hadoop-ozone/integration-test/target/test-dir/MiniOzoneClusterImpl-611c99c7-d47b-4433-a4ef-cd0a35b076ef/ozone-metadata/datanode-2/ratis] (custom)
2025-10-10 10:37:43,034 [1a301c79-b9ef-44e0-a0ae-b339f61819a5-NettyServerStreamRpc-bossGroup--thread1] INFO  logging.LoggingHandler (AbstractInternalLogger.java:log(148)) - [id: 0xbe13407a] REGISTERED
2025-10-10 10:37:43,034 [1a301c79-b9ef-44e0-a0ae-b339f61819a5-NettyServerStreamRpc-bossGroup--thread1] INFO  logging.LoggingHandler (AbstractInternalLogger.java:log(148)) - [id: 0xbe13407a] BIND: 0.0.0.0/0.0.0.0:15024
2025-10-10 10:37:43,034 [1a301c79-b9ef-44e0-a0ae-b339f61819a5-NettyServerStreamRpc-bossGroup--thread1] INFO  logging.LoggingHandler (AbstractInternalLogger.java:log(148)) - [id: 0xbe13407a, L:/0.0.0.0:15024] ACTIVE
2025-10-10 10:37:43,035 [1a301c79-b9ef-44e0-a0ae-b339f61819a5-impl-thread1] INFO  server.RaftServer (RaftServerProxy.java:initGroupDir(270)) - 1a301c79-b9ef-44e0-a0ae-b339f61819a5: found a subdirectory /home/runner/work/ozone/ozone/hadoop-ozone/integration-test/target/test-dir/MiniOzoneClusterImpl-611c99c7-d47b-4433-a4ef-cd0a35b076ef/ozone-metadata/datanode-2/ratis/tmp
2025-10-10 10:37:43,035 [1a301c79-b9ef-44e0-a0ae-b339f61819a5-impl-thread1] INFO  server.RaftServer (RaftServerProxy.java:initGroupDir(275)) - 1a301c79-b9ef-44e0-a0ae-b339f61819a5: The directory /home/runner/work/ozone/ozone/hadoop-ozone/integration-test/target/test-dir/MiniOzoneClusterImpl-611c99c7-d47b-4433-a4ef-cd0a35b076ef/ozone-metadata/datanode-2/ratis/tmp is not a group directory; ignoring it. 
2025-10-10 10:37:43,035 [ForkJoinPool-1-worker-1] INFO  replication.ReplicationServer (ReplicationServer.java:<init>(84)) - Initializing replication server with thread count = 10 queue length = 4096
2025-10-10 10:37:43,037 [ForkJoinPool-1-worker-1] INFO  server.XceiverServerGrpc (XceiverServerGrpc.java:<init>(129)) - GrpcServer channel type EpollServerSocketChannel
2025-10-10 10:37:43,040 [ForkJoinPool-1-worker-1] INFO  replication.ReplicationSupervisor (ReplicationSupervisor.java:build(169)) - Initializing replication supervisor with thread count = 10
2025-10-10 10:37:43,040 [ForkJoinPool-1-worker-1] INFO  replication.ReplicationSupervisor (ReplicationSupervisor.java:nodeStateUpdated(358)) - Node state updated to IN_SERVICE, scaling executor pool size to 10
2025-10-10 10:37:43,045 [ForkJoinPool-1-worker-1] INFO  http.BaseHttpServer (BaseHttpServer.java:newHttpServer2BuilderForOzone(227)) - Starting Web-server for hddsDatanode at: http://0.0.0.0:15018
2025-10-10 10:37:43,045 [ForkJoinPool-1-worker-1] INFO  http.BaseHttpServer (BaseHttpServer.java:<init>(105)) - Hadoop Security Enabled: false Ozone Security Enabled: false Ozone HTTP Security Enabled: false 
2025-10-10 10:37:43,046 [ForkJoinPool-1-worker-1] WARN  server.AuthenticationFilter (AuthenticationFilter.java:constructSecretProvider(240)) - Unable to initialize FileSignerSecretProvider, falling back to use random secrets. Reason: Could not read signature secret file: /home/runner/hadoop-http-auth-signature-secret
2025-10-10 10:37:43,049 [ForkJoinPool-1-worker-1] INFO  http.HttpServer2 (HttpServer2.java:addGlobalFilter(1040)) - Added global filter 'safety' (class=org.apache.hadoop.hdds.server.http.HttpServer2$QuotingInputFilter)
2025-10-10 10:37:43,051 [ForkJoinPool-1-worker-1] INFO  http.HttpServer2 (HttpServer2.java:addFilter(1016)) - Added filter static_user_filter (class=org.apache.hadoop.http.lib.StaticUserWebFilter$StaticUserFilter) to context hddsDatanode
2025-10-10 10:37:43,051 [ForkJoinPool-1-worker-1] INFO  http.HttpServer2 (HttpServer2.java:addFilter(1024)) - Added filter static_user_filter (class=org.apache.hadoop.http.lib.StaticUserWebFilter$StaticUserFilter) to context static
2025-10-10 10:37:43,051 [ForkJoinPool-1-worker-1] INFO  http.HttpServer2 (HttpServer2.java:addFilter(1024)) - Added filter static_user_filter (class=org.apache.hadoop.http.lib.StaticUserWebFilter$StaticUserFilter) to context logs
2025-10-10 10:37:43,052 [ForkJoinPool-1-worker-1] INFO  http.BaseHttpServer (BaseHttpServer.java:<init>(193)) - HTTP server of hddsDatanode uses base directory /home/runner/work/ozone/ozone/hadoop-ozone/integration-test/target/test-dir/MiniOzoneClusterImpl-611c99c7-d47b-4433-a4ef-cd0a35b076ef/scm/ozone-metadata/webserver
2025-10-10 10:37:43,052 [ForkJoinPool-1-worker-1] INFO  http.HttpServer2 (HttpServer2.java:bindListener(1240)) - Jetty bound to port 15018
2025-10-10 10:37:43,052 [ForkJoinPool-1-worker-1] INFO  server.Server (Server.java:doStart(375)) - jetty-9.4.58.v20250814; built: 2025-08-14T02:28:49.637Z; git: 8f1440587e9e4ae7db3d74cf205643f3d707148d; jvm 21.0.8+9-LTS
2025-10-10 10:37:43,053 [ForkJoinPool-1-worker-1] INFO  server.session (DefaultSessionIdManager.java:doStart(334)) - DefaultSessionIdManager workerName=node0
2025-10-10 10:37:43,054 [ForkJoinPool-1-worker-1] INFO  server.session (DefaultSessionIdManager.java:doStart(339)) - No SessionScavenger set, using defaults
2025-10-10 10:37:43,054 [ForkJoinPool-1-worker-1] INFO  server.session (HouseKeeper.java:startScavenging(132)) - node0 Scavenging every 660000ms
2025-10-10 10:37:43,054 [ForkJoinPool-1-worker-1] INFO  handler.ContextHandler (ContextHandler.java:doStart(921)) - Started o.e.j.s.ServletContextHandler@3feda0{logs,/logs,file:///home/runner/work/ozone/ozone/hadoop-ozone/integration-test/target/log,AVAILABLE}
2025-10-10 10:37:43,055 [ForkJoinPool-1-worker-1] INFO  handler.ContextHandler (ContextHandler.java:doStart(921)) - Started o.e.j.s.ServletContextHandler@155f677e{static,/static,jar:file:/home/runner/work/ozone/ozone/hadoop-hdds/container-service/target/hdds-container-service-2.1.0-SNAPSHOT.jar!/webapps/static,AVAILABLE}
2025-10-10 10:37:43,203 [ForkJoinPool-1-worker-1] INFO  handler.ContextHandler (ContextHandler.java:doStart(921)) - Started o.e.j.w.WebAppContext@ff4ae05{hddsDatanode,/,file:///home/runner/work/ozone/ozone/hadoop-ozone/integration-test/target/test-dir/MiniOzoneClusterImpl-611c99c7-d47b-4433-a4ef-cd0a35b076ef/scm/ozone-metadata/webserver/jetty-0_0_0_0-15018-hdds-container-service-2_1_0-SNAPSHOT_jar-_-any-979679014626644253/webapp/,AVAILABLE}{jar:file:/home/runner/work/ozone/ozone/hadoop-hdds/container-service/target/hdds-container-service-2.1.0-SNAPSHOT.jar!/webapps/hddsDatanode}
2025-10-10 10:37:43,204 [ForkJoinPool-1-worker-1] INFO  server.AbstractConnector (AbstractConnector.java:doStart(333)) - Started ServerConnector@55b895ee{HTTP/1.1, (http/1.1)}{0.0.0.0:15018}
2025-10-10 10:37:43,205 [ForkJoinPool-1-worker-1] INFO  server.Server (Server.java:doStart(415)) - Started @11892ms
2025-10-10 10:37:43,205 [ForkJoinPool-1-worker-1] WARN  impl.MetricsSystemImpl (MetricsSystemImpl.java:register(279)) - Sink prometheus already exists!
2025-10-10 10:37:43,205 [ForkJoinPool-1-worker-1] INFO  http.BaseHttpServer (BaseHttpServer.java:updateConnectorAddress(357)) - HTTP server of hddsDatanode listening at http://localhost:15018
2025-10-10 10:37:43,205 [ForkJoinPool-1-worker-1] INFO  ipc.CallQueueManager (CallQueueManager.java:<init>(93)) - Using callQueue: class java.util.concurrent.LinkedBlockingQueue, queueCapacity: 1000, scheduler: class org.apache.hadoop.ipc.DefaultRpcScheduler, ipcBackoff: false, ipcFailOver: false.
2025-10-10 10:37:43,206 [ForkJoinPool-1-worker-1] INFO  ipc.Server (Server.java:<init>(1438)) - Listener at 0.0.0.0:15019
2025-10-10 10:37:43,206 [Socket Reader #1 for port 15019] INFO  ipc.Server (Server.java:run(1474)) - Starting Socket Reader #1 for port 15019
2025-10-10 10:37:43,206 [Socket Reader #2 for port 15019] INFO  ipc.Server (Server.java:run(1474)) - Starting Socket Reader #2 for port 15019
2025-10-10 10:37:43,207 [Socket Reader #3 for port 15019] INFO  ipc.Server (Server.java:run(1474)) - Starting Socket Reader #3 for port 15019
2025-10-10 10:37:43,207 [Socket Reader #4 for port 15019] INFO  ipc.Server (Server.java:run(1474)) - Starting Socket Reader #4 for port 15019
2025-10-10 10:37:43,208 [Socket Reader #5 for port 15019] INFO  ipc.Server (Server.java:run(1474)) - Starting Socket Reader #5 for port 15019
2025-10-10 10:37:43,208 [Socket Reader #6 for port 15019] INFO  ipc.Server (Server.java:run(1474)) - Starting Socket Reader #6 for port 15019
2025-10-10 10:37:43,209 [Socket Reader #7 for port 15019] INFO  ipc.Server (Server.java:run(1474)) - Starting Socket Reader #7 for port 15019
2025-10-10 10:37:43,209 [Socket Reader #8 for port 15019] INFO  ipc.Server (Server.java:run(1474)) - Starting Socket Reader #8 for port 15019
2025-10-10 10:37:43,209 [Socket Reader #9 for port 15019] INFO  ipc.Server (Server.java:run(1474)) - Starting Socket Reader #9 for port 15019
2025-10-10 10:37:43,210 [Socket Reader #10 for port 15019] INFO  ipc.Server (Server.java:run(1474)) - Starting Socket Reader #10 for port 15019
2025-10-10 10:37:43,213 [ForkJoinPool-1-worker-1] INFO  ozone.HddsDatanodeService (HddsDatanodeService.java:start(333)) - Datanode start with admins: [admin, runner]
2025-10-10 10:37:43,213 [ForkJoinPool-1-worker-1] INFO  ozone.HddsDatanodeClientProtocolServer (HddsDatanodeClientProtocolServer.java:start(76)) - RPC server for Client /0.0.0.0:15019
2025-10-10 10:37:43,214 [IPC Server listener on 15019] INFO  ipc.Server (Server.java:run(1553)) - IPC Server listener on 15019: starting
2025-10-10 10:37:43,214 [IPC Server Responder] INFO  ipc.Server (Server.java:run(1713)) - IPC Server Responder: starting
2025-10-10 10:37:43,216 [ForkJoinPool-1-worker-1] WARN  dropwizard3.Dm3MetricRegistriesImpl (Dm3MetricRegistriesImpl.java:addReporterRegistration(114)) - New reporters are added after registries were created. Some metrics will be missing from the reporter. Please add reporter before adding any new registry.
2025-10-10 10:37:43,216 [ForkJoinPool-1-worker-1] WARN  dropwizard3.Dm3MetricRegistriesImpl (Dm3MetricRegistriesImpl.java:addReporterRegistration(114)) - New reporters are added after registries were created. Some metrics will be missing from the reporter. Please add reporter before adding any new registry.
2025-10-10 10:37:43,219 [1a301c79-b9ef-44e0-a0ae-b339f61819a5-DatanodeStateMachineDaemonThread] INFO  statemachine.DatanodeStateMachine (DatanodeStateMachine.java:startStateMachineThread(363)) - Ozone container server started.
2025-10-10 10:37:43,225 [1a301c79-b9ef-44e0-a0ae-b339f61819a5-DatanodeStateMachineTaskThread-0] INFO  datanode.InitDatanodeState (InitDatanodeState.java:persistContainerDatanodeDetails(139)) - DatanodeDetails is persisted to /home/runner/work/ozone/ozone/hadoop-ozone/integration-test/target/test-dir/MiniOzoneClusterImpl-611c99c7-d47b-4433-a4ef-cd0a35b076ef/ozone-metadata/datanode-2/ozone-metadata/datanode.id
2025-10-10 10:37:43,236 [ForkJoinPool-1-worker-1] INFO  protocol.DatanodeDetails (DatanodeDetails.java:validateDatanodeIpAddress(199)) - Updating IP address of datanode bb95c33f-a3cb-4bbe-957e-8163c1fc1114(localhost/null) to 127.0.0.1
2025-10-10 10:37:43,237 [ForkJoinPool-1-worker-1] INFO  ozone.HddsDatanodeService (HddsDatanodeService.java:start(236)) - HddsDatanodeService bb95c33f-a3cb-4bbe-957e-8163c1fc1114(localhost/127.0.0.1)
2025-10-10 10:37:43,239 [ForkJoinPool-1-worker-1] INFO  upgrade.AbstractLayoutVersionManager (AbstractLayoutVersionManager.java:init(80)) - Initializing Layout version manager with metadata layout = WITNESSED_CONTAINER_DB_PROTO_VALUE (version = 9), software layout = WITNESSED_CONTAINER_DB_PROTO_VALUE (version = 9)
2025-10-10 10:37:43,240 [ForkJoinPool-1-worker-1] INFO  statemachine.DatanodeStateMachine (DatanodeStateMachine.java:getEndPointTaskThreadPoolSize(321)) - Datanode State Machine Task Thread Pool size 2
2025-10-10 10:37:43,245 [ForkJoinPool-1-worker-1] INFO  volume.HddsVolume (HddsVolume.java:<init>(162)) - HddsVolume: { id=DS-1c7dd5da-da2f-4f10-9a4b-7d89a0dda04e dir=/home/runner/work/ozone/ozone/hadoop-ozone/integration-test/target/test-dir/MiniOzoneClusterImpl-611c99c7-d47b-4433-a4ef-cd0a35b076ef/ozone-metadata/datanode-3/data-0/hdds type=DISK capacity=9222449699674390527 used=0 available=9222449699674390527 minFree=9222450130714624 committed=0 }
2025-10-10 10:37:43,246 [ForkJoinPool-1-worker-1] INFO  volume.MutableVolumeSet (MutableVolumeSet.java:initializeVolumeSet(175)) - Added Volume : /home/runner/work/ozone/ozone/hadoop-ozone/integration-test/target/test-dir/MiniOzoneClusterImpl-611c99c7-d47b-4433-a4ef-cd0a35b076ef/ozone-metadata/datanode-3/data-0/hdds to VolumeSet
2025-10-10 10:37:43,247 [ForkJoinPool-1-worker-1] INFO  volume.MutableVolumeSet (MutableVolumeSet.java:initializeVolumeSet(175)) - Added Volume : /home/runner/work/ozone/ozone/hadoop-ozone/integration-test/target/test-dir/MiniOzoneClusterImpl-611c99c7-d47b-4433-a4ef-cd0a35b076ef/ozone-metadata/datanode-3/ratis to VolumeSet
2025-10-10 10:37:43,248 [ForkJoinPool-1-worker-1] INFO  ozoneimpl.OzoneContainer (HddsVolumeUtil.java:loadAllHddsVolumeDbStore(102)) - Load 1 volumes DbStore cost: 0ms
2025-10-10 10:37:43,249 [ForkJoinPool-1-worker-1] WARN  db.DBStoreBuilder (DBStoreBuilder.java:getDBDirPath(157)) - ozone.scm.datanode.id.dir is not configured. We recommend adding this setting. Falling back to ozone.metadata.dirs instead.
2025-10-10 10:37:43,251 [ForkJoinPool-1-worker-1] WARN  db.DBStoreBuilder (DBStoreBuilder.java:getDBDirPath(157)) - ozone.scm.datanode.id.dir is not configured. We recommend adding this setting. Falling back to ozone.metadata.dirs instead.
2025-10-10 10:37:43,267 [ForkJoinPool-1-worker-1] INFO  impl.FilePerChunkStrategy (FilePerChunkStrategy.java:<init>(79)) - ozone.chunk.read.mapped.buffer.max.count is load with 0
2025-10-10 10:37:43,267 [ForkJoinPool-1-worker-1] INFO  impl.FilePerBlockStrategy (FilePerBlockStrategy.java:<init>(88)) - ozone.chunk.read.mapped.buffer.max.count is load with 0
2025-10-10 10:37:43,269 [ForkJoinPool-1-worker-1] INFO  server.RaftServerConfigKeys (ConfUtils.java:logGet(62)) - raft.server.log.appender.buffer.byte-limit = 33554432 (custom)
2025-10-10 10:37:43,271 [ForkJoinPool-1-worker-1] INFO  grpc.GrpcConfigKeys (ConfUtils.java:logFallback(69)) - raft.grpc.admin.host = null (fallback to raft.grpc.server.host)
2025-10-10 10:37:43,272 [ForkJoinPool-1-worker-1] INFO  grpc.GrpcConfigKeys (ConfUtils.java:logGet(62)) - raft.grpc.admin.port = 15030 (custom)
2025-10-10 10:37:43,272 [ForkJoinPool-1-worker-1] INFO  grpc.GrpcConfigKeys (ConfUtils.java:logFallback(69)) - raft.grpc.client.host = null (fallback to raft.grpc.server.host)
2025-10-10 10:37:43,272 [ForkJoinPool-1-worker-1] INFO  grpc.GrpcConfigKeys (ConfUtils.java:logGet(62)) - raft.grpc.client.port = 15029 (custom)
2025-10-10 10:37:43,272 [ForkJoinPool-1-worker-1] INFO  grpc.GrpcConfigKeys (ConfUtils.java:logGet(62)) - raft.grpc.server.port = 15031 (custom)
2025-10-10 10:37:43,272 [ForkJoinPool-1-worker-1] INFO  server.GrpcServicesImpl (ConfUtils.java:logGet(62)) - raft.grpc.message.size.max = 34603008 (custom)
2025-10-10 10:37:43,272 [ForkJoinPool-1-worker-1] INFO  server.GrpcServicesImpl (ConfUtils.java:logGet(62)) - raft.grpc.flow.control.window = 5MB (=5242880) (custom)
2025-10-10 10:37:43,272 [ForkJoinPool-1-worker-1] INFO  server.RaftServerConfigKeys (ConfUtils.java:logGet(62)) - raft.server.log.appender.buffer.byte-limit = 33554432 (custom)
2025-10-10 10:37:43,274 [ForkJoinPool-1-worker-1] INFO  netty.NettyUtils (NettyUtils.java:newEventLoopGroup(74)) - Create EpollEventLoopGroup for bb95c33f-a3cb-4bbe-957e-8163c1fc1114-NettyServerStreamRpc-bossGroup; Thread size is 0.
2025-10-10 10:37:43,275 [ForkJoinPool-1-worker-1] INFO  netty.NettyUtils (NettyUtils.java:newEventLoopGroup(74)) - Create EpollEventLoopGroup for bb95c33f-a3cb-4bbe-957e-8163c1fc1114-NettyServerStreamRpc-workerGroup; Thread size is 0.
2025-10-10 10:37:43,275 [ForkJoinPool-1-worker-1] INFO  netty.NettyConfigKeys$DataStream (ConfUtils.java:logGet(62)) - raft.netty.dataStream.port = 15032 (custom)
2025-10-10 10:37:43,276 [ForkJoinPool-1-worker-1] INFO  server.RaftServerConfigKeys (ConfUtils.java:logGet(62)) - raft.server.storage.dir = [/home/runner/work/ozone/ozone/hadoop-ozone/integration-test/target/test-dir/MiniOzoneClusterImpl-611c99c7-d47b-4433-a4ef-cd0a35b076ef/ozone-metadata/datanode-3/ratis] (custom)
2025-10-10 10:37:43,277 [bb95c33f-a3cb-4bbe-957e-8163c1fc1114-impl-thread1] INFO  server.RaftServer (RaftServerProxy.java:initGroupDir(270)) - bb95c33f-a3cb-4bbe-957e-8163c1fc1114: found a subdirectory /home/runner/work/ozone/ozone/hadoop-ozone/integration-test/target/test-dir/MiniOzoneClusterImpl-611c99c7-d47b-4433-a4ef-cd0a35b076ef/ozone-metadata/datanode-3/ratis/tmp
2025-10-10 10:37:43,277 [bb95c33f-a3cb-4bbe-957e-8163c1fc1114-NettyServerStreamRpc-bossGroup--thread1] INFO  logging.LoggingHandler (AbstractInternalLogger.java:log(148)) - [id: 0x1e8348eb] REGISTERED
2025-10-10 10:37:43,277 [bb95c33f-a3cb-4bbe-957e-8163c1fc1114-impl-thread1] INFO  server.RaftServer (RaftServerProxy.java:initGroupDir(275)) - bb95c33f-a3cb-4bbe-957e-8163c1fc1114: The directory /home/runner/work/ozone/ozone/hadoop-ozone/integration-test/target/test-dir/MiniOzoneClusterImpl-611c99c7-d47b-4433-a4ef-cd0a35b076ef/ozone-metadata/datanode-3/ratis/tmp is not a group directory; ignoring it. 
2025-10-10 10:37:43,277 [bb95c33f-a3cb-4bbe-957e-8163c1fc1114-NettyServerStreamRpc-bossGroup--thread1] INFO  logging.LoggingHandler (AbstractInternalLogger.java:log(148)) - [id: 0x1e8348eb] BIND: 0.0.0.0/0.0.0.0:15032
2025-10-10 10:37:43,277 [bb95c33f-a3cb-4bbe-957e-8163c1fc1114-NettyServerStreamRpc-bossGroup--thread1] INFO  logging.LoggingHandler (AbstractInternalLogger.java:log(148)) - [id: 0x1e8348eb, L:/0.0.0.0:15032] ACTIVE
2025-10-10 10:37:43,278 [ForkJoinPool-1-worker-1] INFO  replication.ReplicationServer (ReplicationServer.java:<init>(84)) - Initializing replication server with thread count = 10 queue length = 4096
2025-10-10 10:37:43,279 [ForkJoinPool-1-worker-1] INFO  server.XceiverServerGrpc (XceiverServerGrpc.java:<init>(129)) - GrpcServer channel type EpollServerSocketChannel
2025-10-10 10:37:43,281 [ForkJoinPool-1-worker-1] INFO  replication.ReplicationSupervisor (ReplicationSupervisor.java:build(169)) - Initializing replication supervisor with thread count = 10
2025-10-10 10:37:43,281 [ForkJoinPool-1-worker-1] INFO  replication.ReplicationSupervisor (ReplicationSupervisor.java:nodeStateUpdated(358)) - Node state updated to IN_SERVICE, scaling executor pool size to 10
2025-10-10 10:37:43,285 [ForkJoinPool-1-worker-1] INFO  http.BaseHttpServer (BaseHttpServer.java:newHttpServer2BuilderForOzone(227)) - Starting Web-server for hddsDatanode at: http://0.0.0.0:15026
2025-10-10 10:37:43,285 [ForkJoinPool-1-worker-1] INFO  http.BaseHttpServer (BaseHttpServer.java:<init>(105)) - Hadoop Security Enabled: false Ozone Security Enabled: false Ozone HTTP Security Enabled: false 
2025-10-10 10:37:43,287 [ForkJoinPool-1-worker-1] WARN  server.AuthenticationFilter (AuthenticationFilter.java:constructSecretProvider(240)) - Unable to initialize FileSignerSecretProvider, falling back to use random secrets. Reason: Could not read signature secret file: /home/runner/hadoop-http-auth-signature-secret
2025-10-10 10:37:43,290 [ForkJoinPool-1-worker-1] INFO  http.HttpServer2 (HttpServer2.java:addGlobalFilter(1040)) - Added global filter 'safety' (class=org.apache.hadoop.hdds.server.http.HttpServer2$QuotingInputFilter)
2025-10-10 10:37:43,292 [ForkJoinPool-1-worker-1] INFO  http.HttpServer2 (HttpServer2.java:addFilter(1016)) - Added filter static_user_filter (class=org.apache.hadoop.http.lib.StaticUserWebFilter$StaticUserFilter) to context hddsDatanode
2025-10-10 10:37:43,292 [ForkJoinPool-1-worker-1] INFO  http.HttpServer2 (HttpServer2.java:addFilter(1024)) - Added filter static_user_filter (class=org.apache.hadoop.http.lib.StaticUserWebFilter$StaticUserFilter) to context logs
2025-10-10 10:37:43,292 [ForkJoinPool-1-worker-1] INFO  http.HttpServer2 (HttpServer2.java:addFilter(1024)) - Added filter static_user_filter (class=org.apache.hadoop.http.lib.StaticUserWebFilter$StaticUserFilter) to context static
2025-10-10 10:37:43,293 [ForkJoinPool-1-worker-1] INFO  http.BaseHttpServer (BaseHttpServer.java:<init>(193)) - HTTP server of hddsDatanode uses base directory /home/runner/work/ozone/ozone/hadoop-ozone/integration-test/target/test-dir/MiniOzoneClusterImpl-611c99c7-d47b-4433-a4ef-cd0a35b076ef/scm/ozone-metadata/webserver
2025-10-10 10:37:43,293 [ForkJoinPool-1-worker-1] INFO  http.HttpServer2 (HttpServer2.java:bindListener(1240)) - Jetty bound to port 15026
2025-10-10 10:37:43,293 [ForkJoinPool-1-worker-1] INFO  server.Server (Server.java:doStart(375)) - jetty-9.4.58.v20250814; built: 2025-08-14T02:28:49.637Z; git: 8f1440587e9e4ae7db3d74cf205643f3d707148d; jvm 21.0.8+9-LTS
2025-10-10 10:37:43,295 [ForkJoinPool-1-worker-1] INFO  server.session (DefaultSessionIdManager.java:doStart(334)) - DefaultSessionIdManager workerName=node0
2025-10-10 10:37:43,295 [ForkJoinPool-1-worker-1] INFO  server.session (DefaultSessionIdManager.java:doStart(339)) - No SessionScavenger set, using defaults
2025-10-10 10:37:43,295 [ForkJoinPool-1-worker-1] INFO  server.session (HouseKeeper.java:startScavenging(132)) - node0 Scavenging every 600000ms
2025-10-10 10:37:43,296 [ForkJoinPool-1-worker-1] INFO  handler.ContextHandler (ContextHandler.java:doStart(921)) - Started o.e.j.s.ServletContextHandler@6872ab92{logs,/logs,file:///home/runner/work/ozone/ozone/hadoop-ozone/integration-test/target/log,AVAILABLE}
2025-10-10 10:37:43,296 [ForkJoinPool-1-worker-1] INFO  handler.ContextHandler (ContextHandler.java:doStart(921)) - Started o.e.j.s.ServletContextHandler@4e38769a{static,/static,jar:file:/home/runner/work/ozone/ozone/hadoop-hdds/container-service/target/hdds-container-service-2.1.0-SNAPSHOT.jar!/webapps/static,AVAILABLE}
2025-10-10 10:37:43,387 [om1@group-C5BA1605619E-FollowerState] INFO  impl.FollowerState (FollowerState.java:runImpl(161)) - om1@group-C5BA1605619E-FollowerState: change to CANDIDATE, lastRpcElapsedTime:1182718945ns, electionTimeout:1180ms
2025-10-10 10:37:43,387 [om1@group-C5BA1605619E-FollowerState] INFO  impl.RoleInfo (RoleInfo.java:shutdownFollowerState(121)) - om1: shutdown om1@group-C5BA1605619E-FollowerState
2025-10-10 10:37:43,387 [om1@group-C5BA1605619E-FollowerState] INFO  server.RaftServer$Division (RaftServerImpl.java:setRole(392)) - om1@group-C5BA1605619E: changes role from  FOLLOWER to CANDIDATE at term 0 for changeToCandidate
2025-10-10 10:37:43,388 [om1@group-C5BA1605619E-FollowerState] INFO  impl.RoleInfo (RoleInfo.java:updateAndGet(148)) - om1: start om1@group-C5BA1605619E-LeaderElection3
2025-10-10 10:37:43,388 [om1@group-C5BA1605619E-LeaderElection3] INFO  impl.LeaderElection (LeaderElection.java:askForVotes(448)) - om1@group-C5BA1605619E-LeaderElection3 PRE_VOTE round 0: submit vote requests at term 0 for conf: {index: -1, cur=peers:[om1|localhost:15009]|listeners:[], old=null}
2025-10-10 10:37:43,388 [om1@group-C5BA1605619E-LeaderElection3] INFO  impl.LeaderElection (LeaderElection.java:askForVotes(450)) - om1@group-C5BA1605619E-LeaderElection3 PRE_VOTE round 0: result PASSED (term=0)
2025-10-10 10:37:43,390 [om1@group-C5BA1605619E-LeaderElection3] INFO  impl.LeaderElection (LeaderElection.java:askForVotes(448)) - om1@group-C5BA1605619E-LeaderElection3 ELECTION round 0: submit vote requests at term 1 for conf: {index: -1, cur=peers:[om1|localhost:15009]|listeners:[], old=null}
2025-10-10 10:37:43,390 [om1@group-C5BA1605619E-LeaderElection3] INFO  impl.LeaderElection (LeaderElection.java:askForVotes(450)) - om1@group-C5BA1605619E-LeaderElection3 ELECTION round 0: result PASSED (term=1)
2025-10-10 10:37:43,390 [om1@group-C5BA1605619E-LeaderElection3] INFO  impl.RoleInfo (RoleInfo.java:shutdownLeaderElection(141)) - om1: shutdown om1@group-C5BA1605619E-LeaderElection3
2025-10-10 10:37:43,390 [om1@group-C5BA1605619E-LeaderElection3] INFO  server.RaftServer$Division (RaftServerImpl.java:setRole(392)) - om1@group-C5BA1605619E: changes role from CANDIDATE to LEADER at term 1 for changeToLeader
2025-10-10 10:37:43,391 [om1@group-C5BA1605619E-LeaderElection3] INFO  server.RaftServerConfigKeys (ConfUtils.java:logFallback(69)) - raft.server.staging.timeout = 3600ms (fallback to raft.server.rpc.timeout.max)
2025-10-10 10:37:43,391 [om1@group-C5BA1605619E-LeaderElection3] INFO  server.RaftServerConfigKeys (ConfUtils.java:logGet(62)) - raft.server.write.byte-limit = 67108864 (custom)
2025-10-10 10:37:43,392 [om1@group-C5BA1605619E-LeaderElection3] INFO  impl.RoleInfo (RoleInfo.java:updateAndGet(148)) - om1: start om1@group-C5BA1605619E-LeaderStateImpl
2025-10-10 10:37:43,392 [om1@group-C5BA1605619E-LeaderElection3] INFO  server.RaftServer$Division (RaftServerImpl.java:setFirstElection(576)) - om1@group-C5BA1605619E: set firstElectionSinceStartup to false for becomeLeader
2025-10-10 10:37:43,394 [om1@group-C5BA1605619E-LeaderElection3] INFO  ratis.OzoneManagerStateMachine (OzoneManagerStateMachine.java:notifyLeaderChanged(174)) - om1@group-C5BA1605619E: leader changed to om1
2025-10-10 10:37:43,394 [om1@group-C5BA1605619E-LeaderElection3] INFO  server.RaftServer$Division (ServerState.java:setLeader(272)) - om1@group-C5BA1605619E: change Leader from null to om1 at term 1 for becomeLeader, leader elected after 2380ms
2025-10-10 10:37:43,395 [om1@group-C5BA1605619E-LeaderElection3] INFO  segmented.SegmentedRaftLogWorker (SegmentedRaftLogWorker.java:startLogSegment(440)) - om1@group-C5BA1605619E-SegmentedRaftLogWorker: Starting segment from index:0
2025-10-10 10:37:43,395 [om1@group-C5BA1605619E-LeaderElection3] INFO  server.RaftServer$Division (ServerState.java:setRaftConf(386)) - om1@group-C5BA1605619E: set configuration conf: {index: 0, cur=peers:[om1|localhost:15009]|listeners:[], old=null}
2025-10-10 10:37:43,396 [om1@group-C5BA1605619E-SegmentedRaftLogWorker] INFO  segmented.BufferedWriteChannel (BufferedWriteChannel.java:open(61)) - open log_inprogress_0 at position 0
2025-10-10 10:37:43,403 [om1@group-C5BA1605619E-SegmentedRaftLogWorker] INFO  segmented.SegmentedRaftLogWorker (SegmentedRaftLogWorker.java:execute(647)) - om1@group-C5BA1605619E-SegmentedRaftLogWorker: created new log segment /home/runner/work/ozone/ozone/hadoop-ozone/integration-test/target/test-dir/MiniOzoneClusterImpl-611c99c7-d47b-4433-a4ef-cd0a35b076ef/om/ratis/bf265839-605b-3f16-9796-c5ba1605619e/current/log_inprogress_0
2025-10-10 10:37:43,406 [om1@group-C5BA1605619E-StateMachineUpdater] INFO  ratis.OzoneManagerStateMachine (OzoneManagerStateMachine.java:notifyConfigurationChanged(243)) - notifyConfigurationChanged from Ratis: term=1, index=0, New Peer list: om1(localhost:15009), New Listener list
2025-10-10 10:37:43,406 [om1@group-C5BA1605619E-StateMachineUpdater] INFO  server.RaftServer$Division (LeaderStateImpl.java:checkStartIndex(309)) - Leader om1@group-C5BA1605619E-LeaderStateImpl is ready since appliedIndex == startIndex == 0
2025-10-10 10:37:43,447 [ForkJoinPool-1-worker-1] INFO  handler.ContextHandler (ContextHandler.java:doStart(921)) - Started o.e.j.w.WebAppContext@dcb9417{hddsDatanode,/,file:///home/runner/work/ozone/ozone/hadoop-ozone/integration-test/target/test-dir/MiniOzoneClusterImpl-611c99c7-d47b-4433-a4ef-cd0a35b076ef/scm/ozone-metadata/webserver/jetty-0_0_0_0-15026-hdds-container-service-2_1_0-SNAPSHOT_jar-_-any-8167297527305085129/webapp/,AVAILABLE}{jar:file:/home/runner/work/ozone/ozone/hadoop-hdds/container-service/target/hdds-container-service-2.1.0-SNAPSHOT.jar!/webapps/hddsDatanode}
2025-10-10 10:37:43,448 [ForkJoinPool-1-worker-1] INFO  server.AbstractConnector (AbstractConnector.java:doStart(333)) - Started ServerConnector@7cd458d4{HTTP/1.1, (http/1.1)}{0.0.0.0:15026}
2025-10-10 10:37:43,448 [ForkJoinPool-1-worker-1] INFO  server.Server (Server.java:doStart(415)) - Started @12136ms
2025-10-10 10:37:43,448 [ForkJoinPool-1-worker-1] WARN  impl.MetricsSystemImpl (MetricsSystemImpl.java:register(279)) - Sink prometheus already exists!
2025-10-10 10:37:43,448 [ForkJoinPool-1-worker-1] INFO  http.BaseHttpServer (BaseHttpServer.java:updateConnectorAddress(357)) - HTTP server of hddsDatanode listening at http://localhost:15026
2025-10-10 10:37:43,449 [ForkJoinPool-1-worker-1] INFO  ipc.CallQueueManager (CallQueueManager.java:<init>(93)) - Using callQueue: class java.util.concurrent.LinkedBlockingQueue, queueCapacity: 1000, scheduler: class org.apache.hadoop.ipc.DefaultRpcScheduler, ipcBackoff: false, ipcFailOver: false.
2025-10-10 10:37:43,449 [ForkJoinPool-1-worker-1] INFO  ipc.Server (Server.java:<init>(1438)) - Listener at 0.0.0.0:15027
2025-10-10 10:37:43,450 [Socket Reader #1 for port 15027] INFO  ipc.Server (Server.java:run(1474)) - Starting Socket Reader #1 for port 15027
2025-10-10 10:37:43,450 [Socket Reader #2 for port 15027] INFO  ipc.Server (Server.java:run(1474)) - Starting Socket Reader #2 for port 15027
2025-10-10 10:37:43,450 [Socket Reader #3 for port 15027] INFO  ipc.Server (Server.java:run(1474)) - Starting Socket Reader #3 for port 15027
2025-10-10 10:37:43,450 [Socket Reader #4 for port 15027] INFO  ipc.Server (Server.java:run(1474)) - Starting Socket Reader #4 for port 15027
2025-10-10 10:37:43,451 [Socket Reader #5 for port 15027] INFO  ipc.Server (Server.java:run(1474)) - Starting Socket Reader #5 for port 15027
2025-10-10 10:37:43,451 [Socket Reader #6 for port 15027] INFO  ipc.Server (Server.java:run(1474)) - Starting Socket Reader #6 for port 15027
2025-10-10 10:37:43,451 [Socket Reader #7 for port 15027] INFO  ipc.Server (Server.java:run(1474)) - Starting Socket Reader #7 for port 15027
2025-10-10 10:37:43,451 [Socket Reader #8 for port 15027] INFO  ipc.Server (Server.java:run(1474)) - Starting Socket Reader #8 for port 15027
2025-10-10 10:37:43,452 [Socket Reader #9 for port 15027] INFO  ipc.Server (Server.java:run(1474)) - Starting Socket Reader #9 for port 15027
2025-10-10 10:37:43,452 [Socket Reader #10 for port 15027] INFO  ipc.Server (Server.java:run(1474)) - Starting Socket Reader #10 for port 15027
2025-10-10 10:37:43,454 [ForkJoinPool-1-worker-1] INFO  ozone.HddsDatanodeService (HddsDatanodeService.java:start(333)) - Datanode start with admins: [admin, runner]
2025-10-10 10:37:43,454 [ForkJoinPool-1-worker-1] INFO  ozone.HddsDatanodeClientProtocolServer (HddsDatanodeClientProtocolServer.java:start(76)) - RPC server for Client /0.0.0.0:15027
2025-10-10 10:37:43,454 [IPC Server Responder] INFO  ipc.Server (Server.java:run(1713)) - IPC Server Responder: starting
2025-10-10 10:37:43,455 [IPC Server listener on 15027] INFO  ipc.Server (Server.java:run(1553)) - IPC Server listener on 15027: starting
2025-10-10 10:37:43,456 [ForkJoinPool-1-worker-1] WARN  dropwizard3.Dm3MetricRegistriesImpl (Dm3MetricRegistriesImpl.java:addReporterRegistration(114)) - New reporters are added after registries were created. Some metrics will be missing from the reporter. Please add reporter before adding any new registry.
2025-10-10 10:37:43,456 [ForkJoinPool-1-worker-1] WARN  dropwizard3.Dm3MetricRegistriesImpl (Dm3MetricRegistriesImpl.java:addReporterRegistration(114)) - New reporters are added after registries were created. Some metrics will be missing from the reporter. Please add reporter before adding any new registry.
2025-10-10 10:37:43,461 [bb95c33f-a3cb-4bbe-957e-8163c1fc1114-DatanodeStateMachineDaemonThread] INFO  statemachine.DatanodeStateMachine (DatanodeStateMachine.java:startStateMachineThread(363)) - Ozone container server started.
2025-10-10 10:37:43,466 [bb95c33f-a3cb-4bbe-957e-8163c1fc1114-DatanodeStateMachineTaskThread-0] INFO  datanode.InitDatanodeState (InitDatanodeState.java:persistContainerDatanodeDetails(139)) - DatanodeDetails is persisted to /home/runner/work/ozone/ozone/hadoop-ozone/integration-test/target/test-dir/MiniOzoneClusterImpl-611c99c7-d47b-4433-a4ef-cd0a35b076ef/ozone-metadata/datanode-3/ozone-metadata/datanode.id
2025-10-10 10:37:43,477 [ForkJoinPool-1-worker-1] INFO  protocol.DatanodeDetails (DatanodeDetails.java:validateDatanodeIpAddress(199)) - Updating IP address of datanode ad892cb1-3002-4758-a303-de6f39da4dbc(localhost/null) to 127.0.0.1
2025-10-10 10:37:43,477 [ForkJoinPool-1-worker-1] INFO  ozone.HddsDatanodeService (HddsDatanodeService.java:start(236)) - HddsDatanodeService ad892cb1-3002-4758-a303-de6f39da4dbc(localhost/127.0.0.1)
2025-10-10 10:37:43,481 [ForkJoinPool-1-worker-1] INFO  upgrade.AbstractLayoutVersionManager (AbstractLayoutVersionManager.java:init(80)) - Initializing Layout version manager with metadata layout = WITNESSED_CONTAINER_DB_PROTO_VALUE (version = 9), software layout = WITNESSED_CONTAINER_DB_PROTO_VALUE (version = 9)
2025-10-10 10:37:43,481 [ForkJoinPool-1-worker-1] INFO  statemachine.DatanodeStateMachine (DatanodeStateMachine.java:getEndPointTaskThreadPoolSize(321)) - Datanode State Machine Task Thread Pool size 2
2025-10-10 10:37:43,489 [ForkJoinPool-1-worker-1] INFO  volume.HddsVolume (HddsVolume.java:<init>(162)) - HddsVolume: { id=DS-006ff019-11a6-4043-9576-3e50cd0d939c dir=/home/runner/work/ozone/ozone/hadoop-ozone/integration-test/target/test-dir/MiniOzoneClusterImpl-611c99c7-d47b-4433-a4ef-cd0a35b076ef/ozone-metadata/datanode-4/data-0/hdds type=DISK capacity=9222449699674390527 used=0 available=9222449699674390527 minFree=9222450130714624 committed=0 }
2025-10-10 10:37:43,490 [ForkJoinPool-1-worker-1] INFO  volume.MutableVolumeSet (MutableVolumeSet.java:initializeVolumeSet(175)) - Added Volume : /home/runner/work/ozone/ozone/hadoop-ozone/integration-test/target/test-dir/MiniOzoneClusterImpl-611c99c7-d47b-4433-a4ef-cd0a35b076ef/ozone-metadata/datanode-4/data-0/hdds to VolumeSet
2025-10-10 10:37:43,491 [ForkJoinPool-1-worker-1] INFO  volume.MutableVolumeSet (MutableVolumeSet.java:initializeVolumeSet(175)) - Added Volume : /home/runner/work/ozone/ozone/hadoop-ozone/integration-test/target/test-dir/MiniOzoneClusterImpl-611c99c7-d47b-4433-a4ef-cd0a35b076ef/ozone-metadata/datanode-4/ratis to VolumeSet
2025-10-10 10:37:43,494 [ForkJoinPool-1-worker-1] INFO  ozoneimpl.OzoneContainer (HddsVolumeUtil.java:loadAllHddsVolumeDbStore(102)) - Load 1 volumes DbStore cost: 1ms
2025-10-10 10:37:43,496 [ForkJoinPool-1-worker-1] WARN  db.DBStoreBuilder (DBStoreBuilder.java:getDBDirPath(157)) - ozone.scm.datanode.id.dir is not configured. We recommend adding this setting. Falling back to ozone.metadata.dirs instead.
2025-10-10 10:37:43,497 [ForkJoinPool-1-worker-1] WARN  db.DBStoreBuilder (DBStoreBuilder.java:getDBDirPath(157)) - ozone.scm.datanode.id.dir is not configured. We recommend adding this setting. Falling back to ozone.metadata.dirs instead.
2025-10-10 10:37:43,518 [ForkJoinPool-1-worker-1] INFO  impl.FilePerChunkStrategy (FilePerChunkStrategy.java:<init>(79)) - ozone.chunk.read.mapped.buffer.max.count is load with 0
2025-10-10 10:37:43,518 [ForkJoinPool-1-worker-1] INFO  impl.FilePerBlockStrategy (FilePerBlockStrategy.java:<init>(88)) - ozone.chunk.read.mapped.buffer.max.count is load with 0
2025-10-10 10:37:43,520 [ForkJoinPool-1-worker-1] INFO  server.RaftServerConfigKeys (ConfUtils.java:logGet(62)) - raft.server.log.appender.buffer.byte-limit = 33554432 (custom)
2025-10-10 10:37:43,522 [ForkJoinPool-1-worker-1] INFO  grpc.GrpcConfigKeys (ConfUtils.java:logFallback(69)) - raft.grpc.admin.host = null (fallback to raft.grpc.server.host)
2025-10-10 10:37:43,522 [ForkJoinPool-1-worker-1] INFO  grpc.GrpcConfigKeys (ConfUtils.java:logGet(62)) - raft.grpc.admin.port = 15038 (custom)
2025-10-10 10:37:43,522 [ForkJoinPool-1-worker-1] INFO  grpc.GrpcConfigKeys (ConfUtils.java:logFallback(69)) - raft.grpc.client.host = null (fallback to raft.grpc.server.host)
2025-10-10 10:37:43,523 [ForkJoinPool-1-worker-1] INFO  grpc.GrpcConfigKeys (ConfUtils.java:logGet(62)) - raft.grpc.client.port = 15037 (custom)
2025-10-10 10:37:43,523 [ForkJoinPool-1-worker-1] INFO  grpc.GrpcConfigKeys (ConfUtils.java:logGet(62)) - raft.grpc.server.port = 15039 (custom)
2025-10-10 10:37:43,523 [ForkJoinPool-1-worker-1] INFO  server.GrpcServicesImpl (ConfUtils.java:logGet(62)) - raft.grpc.message.size.max = 34603008 (custom)
2025-10-10 10:37:43,523 [ForkJoinPool-1-worker-1] INFO  server.GrpcServicesImpl (ConfUtils.java:logGet(62)) - raft.grpc.flow.control.window = 5MB (=5242880) (custom)
2025-10-10 10:37:43,523 [ForkJoinPool-1-worker-1] INFO  server.RaftServerConfigKeys (ConfUtils.java:logGet(62)) - raft.server.log.appender.buffer.byte-limit = 33554432 (custom)
2025-10-10 10:37:43,526 [ForkJoinPool-1-worker-1] INFO  netty.NettyUtils (NettyUtils.java:newEventLoopGroup(74)) - Create EpollEventLoopGroup for ad892cb1-3002-4758-a303-de6f39da4dbc-NettyServerStreamRpc-bossGroup; Thread size is 0.
2025-10-10 10:37:43,528 [ForkJoinPool-1-worker-1] INFO  netty.NettyUtils (NettyUtils.java:newEventLoopGroup(74)) - Create EpollEventLoopGroup for ad892cb1-3002-4758-a303-de6f39da4dbc-NettyServerStreamRpc-workerGroup; Thread size is 0.
2025-10-10 10:37:43,529 [ForkJoinPool-1-worker-1] INFO  netty.NettyConfigKeys$DataStream (ConfUtils.java:logGet(62)) - raft.netty.dataStream.port = 15040 (custom)
2025-10-10 10:37:43,530 [ForkJoinPool-1-worker-1] INFO  server.RaftServerConfigKeys (ConfUtils.java:logGet(62)) - raft.server.storage.dir = [/home/runner/work/ozone/ozone/hadoop-ozone/integration-test/target/test-dir/MiniOzoneClusterImpl-611c99c7-d47b-4433-a4ef-cd0a35b076ef/ozone-metadata/datanode-4/ratis] (custom)
2025-10-10 10:37:43,530 [ad892cb1-3002-4758-a303-de6f39da4dbc-NettyServerStreamRpc-bossGroup--thread1] INFO  logging.LoggingHandler (AbstractInternalLogger.java:log(148)) - [id: 0x0f013b44] REGISTERED
2025-10-10 10:37:43,531 [ad892cb1-3002-4758-a303-de6f39da4dbc-NettyServerStreamRpc-bossGroup--thread1] INFO  logging.LoggingHandler (AbstractInternalLogger.java:log(148)) - [id: 0x0f013b44] BIND: 0.0.0.0/0.0.0.0:15040
2025-10-10 10:37:43,531 [ad892cb1-3002-4758-a303-de6f39da4dbc-NettyServerStreamRpc-bossGroup--thread1] INFO  logging.LoggingHandler (AbstractInternalLogger.java:log(148)) - [id: 0x0f013b44, L:/0.0.0.0:15040] ACTIVE
2025-10-10 10:37:43,532 [ad892cb1-3002-4758-a303-de6f39da4dbc-impl-thread1] INFO  server.RaftServer (RaftServerProxy.java:initGroupDir(270)) - ad892cb1-3002-4758-a303-de6f39da4dbc: found a subdirectory /home/runner/work/ozone/ozone/hadoop-ozone/integration-test/target/test-dir/MiniOzoneClusterImpl-611c99c7-d47b-4433-a4ef-cd0a35b076ef/ozone-metadata/datanode-4/ratis/tmp
2025-10-10 10:37:43,532 [ad892cb1-3002-4758-a303-de6f39da4dbc-impl-thread1] INFO  server.RaftServer (RaftServerProxy.java:initGroupDir(275)) - ad892cb1-3002-4758-a303-de6f39da4dbc: The directory /home/runner/work/ozone/ozone/hadoop-ozone/integration-test/target/test-dir/MiniOzoneClusterImpl-611c99c7-d47b-4433-a4ef-cd0a35b076ef/ozone-metadata/datanode-4/ratis/tmp is not a group directory; ignoring it. 
2025-10-10 10:37:43,533 [ForkJoinPool-1-worker-1] INFO  replication.ReplicationServer (ReplicationServer.java:<init>(84)) - Initializing replication server with thread count = 10 queue length = 4096
2025-10-10 10:37:43,534 [ForkJoinPool-1-worker-1] INFO  server.XceiverServerGrpc (XceiverServerGrpc.java:<init>(129)) - GrpcServer channel type EpollServerSocketChannel
2025-10-10 10:37:43,536 [ForkJoinPool-1-worker-1] INFO  replication.ReplicationSupervisor (ReplicationSupervisor.java:build(169)) - Initializing replication supervisor with thread count = 10
2025-10-10 10:37:43,536 [ForkJoinPool-1-worker-1] INFO  replication.ReplicationSupervisor (ReplicationSupervisor.java:nodeStateUpdated(358)) - Node state updated to IN_SERVICE, scaling executor pool size to 10
2025-10-10 10:37:43,542 [ForkJoinPool-1-worker-1] INFO  http.BaseHttpServer (BaseHttpServer.java:newHttpServer2BuilderForOzone(227)) - Starting Web-server for hddsDatanode at: http://0.0.0.0:15034
2025-10-10 10:37:43,543 [ForkJoinPool-1-worker-1] INFO  http.BaseHttpServer (BaseHttpServer.java:<init>(105)) - Hadoop Security Enabled: false Ozone Security Enabled: false Ozone HTTP Security Enabled: false 
2025-10-10 10:37:43,546 [ForkJoinPool-1-worker-1] WARN  server.AuthenticationFilter (AuthenticationFilter.java:constructSecretProvider(240)) - Unable to initialize FileSignerSecretProvider, falling back to use random secrets. Reason: Could not read signature secret file: /home/runner/hadoop-http-auth-signature-secret
2025-10-10 10:37:43,550 [ForkJoinPool-1-worker-1] INFO  http.HttpServer2 (HttpServer2.java:addGlobalFilter(1040)) - Added global filter 'safety' (class=org.apache.hadoop.hdds.server.http.HttpServer2$QuotingInputFilter)
2025-10-10 10:37:43,554 [ForkJoinPool-1-worker-1] INFO  http.HttpServer2 (HttpServer2.java:addFilter(1016)) - Added filter static_user_filter (class=org.apache.hadoop.http.lib.StaticUserWebFilter$StaticUserFilter) to context hddsDatanode
2025-10-10 10:37:43,554 [ForkJoinPool-1-worker-1] INFO  http.HttpServer2 (HttpServer2.java:addFilter(1024)) - Added filter static_user_filter (class=org.apache.hadoop.http.lib.StaticUserWebFilter$StaticUserFilter) to context static
2025-10-10 10:37:43,555 [ForkJoinPool-1-worker-1] INFO  http.HttpServer2 (HttpServer2.java:addFilter(1024)) - Added filter static_user_filter (class=org.apache.hadoop.http.lib.StaticUserWebFilter$StaticUserFilter) to context logs
2025-10-10 10:37:43,556 [ForkJoinPool-1-worker-1] INFO  http.BaseHttpServer (BaseHttpServer.java:<init>(193)) - HTTP server of hddsDatanode uses base directory /home/runner/work/ozone/ozone/hadoop-ozone/integration-test/target/test-dir/MiniOzoneClusterImpl-611c99c7-d47b-4433-a4ef-cd0a35b076ef/scm/ozone-metadata/webserver
2025-10-10 10:37:43,557 [ForkJoinPool-1-worker-1] INFO  http.HttpServer2 (HttpServer2.java:bindListener(1240)) - Jetty bound to port 15034
2025-10-10 10:37:43,557 [ForkJoinPool-1-worker-1] INFO  server.Server (Server.java:doStart(375)) - jetty-9.4.58.v20250814; built: 2025-08-14T02:28:49.637Z; git: 8f1440587e9e4ae7db3d74cf205643f3d707148d; jvm 21.0.8+9-LTS
2025-10-10 10:37:43,560 [ForkJoinPool-1-worker-1] INFO  server.session (DefaultSessionIdManager.java:doStart(334)) - DefaultSessionIdManager workerName=node0
2025-10-10 10:37:43,561 [ForkJoinPool-1-worker-1] INFO  server.session (DefaultSessionIdManager.java:doStart(339)) - No SessionScavenger set, using defaults
2025-10-10 10:37:43,561 [ForkJoinPool-1-worker-1] INFO  server.session (HouseKeeper.java:startScavenging(132)) - node0 Scavenging every 600000ms
2025-10-10 10:37:43,562 [ForkJoinPool-1-worker-1] INFO  handler.ContextHandler (ContextHandler.java:doStart(921)) - Started o.e.j.s.ServletContextHandler@534c55e2{logs,/logs,file:///home/runner/work/ozone/ozone/hadoop-ozone/integration-test/target/log,AVAILABLE}
2025-10-10 10:37:43,563 [ForkJoinPool-1-worker-1] INFO  handler.ContextHandler (ContextHandler.java:doStart(921)) - Started o.e.j.s.ServletContextHandler@21034cc{static,/static,jar:file:/home/runner/work/ozone/ozone/hadoop-hdds/container-service/target/hdds-container-service-2.1.0-SNAPSHOT.jar!/webapps/static,AVAILABLE}
2025-10-10 10:37:43,595 [43369f36-6a0f-45ae-a8eb-f0d390948370-EndpointStateMachineTaskThread-/0.0.0.0:15002-0 ] INFO  utils.DatanodeStoreCache (DatanodeStoreCache.java:addDB(70)) - Added db /home/runner/work/ozone/ozone/hadoop-ozone/integration-test/target/test-dir/MiniOzoneClusterImpl-611c99c7-d47b-4433-a4ef-cd0a35b076ef/ozone-metadata/datanode-1/data-0/hdds/611c99c7-d47b-4433-a4ef-cd0a35b076ef/DS-e04c2270-6553-4caa-98e6-0f32c0982bff/container.db to cache
2025-10-10 10:37:43,595 [43369f36-6a0f-45ae-a8eb-f0d390948370-EndpointStateMachineTaskThread-/0.0.0.0:15002-0 ] INFO  volume.HddsVolume (HddsVolume.java:createDbStore(576)) - SchemaV3 db is created and loaded at /home/runner/work/ozone/ozone/hadoop-ozone/integration-test/target/test-dir/MiniOzoneClusterImpl-611c99c7-d47b-4433-a4ef-cd0a35b076ef/ozone-metadata/datanode-1/data-0/hdds/611c99c7-d47b-4433-a4ef-cd0a35b076ef/DS-e04c2270-6553-4caa-98e6-0f32c0982bff/container.db for volume DS-e04c2270-6553-4caa-98e6-0f32c0982bff
2025-10-10 10:37:43,604 [43369f36-6a0f-45ae-a8eb-f0d390948370-ContainerReader-0] INFO  ozoneimpl.ContainerReader (ContainerReader.java:readVolume(147)) - Start to verify containers on volume /home/runner/work/ozone/ozone/hadoop-ozone/integration-test/target/test-dir/MiniOzoneClusterImpl-611c99c7-d47b-4433-a4ef-cd0a35b076ef/ozone-metadata/datanode-1/data-0/hdds
2025-10-10 10:37:43,605 [43369f36-6a0f-45ae-a8eb-f0d390948370-ContainerReader-0] INFO  ozoneimpl.ContainerReader (ContainerReader.java:readVolume(177)) - Finish verifying containers on volume /home/runner/work/ozone/ozone/hadoop-ozone/integration-test/target/test-dir/MiniOzoneClusterImpl-611c99c7-d47b-4433-a4ef-cd0a35b076ef/ozone-metadata/datanode-1/data-0/hdds
2025-10-10 10:37:43,606 [43369f36-6a0f-45ae-a8eb-f0d390948370-EndpointStateMachineTaskThread-/0.0.0.0:15002-0 ] INFO  ozoneimpl.OzoneContainer (OzoneContainer.java:buildContainerSet(370)) - Build ContainerSet costs 0s
2025-10-10 10:37:43,607 [43369f36-6a0f-45ae-a8eb-f0d390948370-EndpointStateMachineTaskThread-/0.0.0.0:15002-0 ] INFO  volume.ThrottledAsyncChecker (ThrottledAsyncChecker.java:schedule(138)) - Scheduling a check for /home/runner/work/ozone/ozone/hadoop-ozone/integration-test/target/test-dir/MiniOzoneClusterImpl-611c99c7-d47b-4433-a4ef-cd0a35b076ef/ozone-metadata/datanode-1/data-0/hdds
2025-10-10 10:37:43,612 [43369f36-6a0f-45ae-a8eb-f0d390948370-EndpointStateMachineTaskThread-/0.0.0.0:15002-0 ] INFO  volume.StorageVolumeChecker (StorageVolumeChecker.java:checkAllVolumes(231)) - Scheduled health check for volume /home/runner/work/ozone/ozone/hadoop-ozone/integration-test/target/test-dir/MiniOzoneClusterImpl-611c99c7-d47b-4433-a4ef-cd0a35b076ef/ozone-metadata/datanode-1/data-0/hdds
2025-10-10 10:37:43,622 [43369f36-6a0f-45ae-a8eb-f0d390948370-EndpointStateMachineTaskThread-/0.0.0.0:15002-0 ] INFO  volume.ThrottledAsyncChecker (ThrottledAsyncChecker.java:schedule(138)) - Scheduling a check for /home/runner/work/ozone/ozone/hadoop-ozone/integration-test/target/test-dir/MiniOzoneClusterImpl-611c99c7-d47b-4433-a4ef-cd0a35b076ef/ozone-metadata/datanode-1/ratis
2025-10-10 10:37:43,622 [43369f36-6a0f-45ae-a8eb-f0d390948370-EndpointStateMachineTaskThread-/0.0.0.0:15002-0 ] INFO  volume.StorageVolumeChecker (StorageVolumeChecker.java:checkAllVolumes(231)) - Scheduled health check for volume /home/runner/work/ozone/ozone/hadoop-ozone/integration-test/target/test-dir/MiniOzoneClusterImpl-611c99c7-d47b-4433-a4ef-cd0a35b076ef/ozone-metadata/datanode-1/ratis
2025-10-10 10:37:43,623 [43369f36-6a0f-45ae-a8eb-f0d390948370-EndpointStateMachineTaskThread-/0.0.0.0:15002-0 ] INFO  ozoneimpl.OzoneContainer (OzoneContainer.java:start(525)) - Attempting to start container services.
2025-10-10 10:37:43,629 [ContainerMetadataScanner] INFO  ozoneimpl.AbstractBackgroundContainerScanner (AbstractBackgroundContainerScanner.java:runIteration(89)) - Completed an iteration in 0 minutes. Number of iterations (since the data-node restart) : 1, Number of containers scanned in this iteration : 0, Number of unhealthy containers found in this iteration : 0
2025-10-10 10:37:43,633 [ContainerDataScanner(/home/runner/work/ozone/ozone/hadoop-ozone/integration-test/target/test-dir/MiniOzoneClusterImpl-611c99c7-d47b-4433-a4ef-cd0a35b076ef/ozone-metadata/datanode-1/data-0/hdds)] INFO  ozoneimpl.AbstractBackgroundContainerScanner (AbstractBackgroundContainerScanner.java:runIteration(89)) - Completed an iteration in 0 minutes. Number of iterations (since the data-node restart) : 1, Number of containers scanned in this iteration : 0, Number of unhealthy containers found in this iteration : 0
2025-10-10 10:37:43,633 [43369f36-6a0f-45ae-a8eb-f0d390948370-EndpointStateMachineTaskThread-/0.0.0.0:15002-0 ] INFO  replication.ReplicationServer (ReplicationServer.java:start(137)) - ReplicationServer is started using port 15017
2025-10-10 10:37:43,634 [43369f36-6a0f-45ae-a8eb-f0d390948370-EndpointStateMachineTaskThread-/0.0.0.0:15002-0 ] INFO  ratis.XceiverServerRatis (XceiverServerRatis.java:start(559)) - Starting XceiverServerRatis(43369f36-6a0f-45ae-a8eb-f0d390948370)
2025-10-10 10:37:43,635 [43369f36-6a0f-45ae-a8eb-f0d390948370-EndpointStateMachineTaskThread-/0.0.0.0:15002-0 ] INFO  server.RaftServer (RaftServerProxy.java:startImpl(412)) - 43369f36-6a0f-45ae-a8eb-f0d390948370: start RPC server
2025-10-10 10:37:43,636 [43369f36-6a0f-45ae-a8eb-f0d390948370-EndpointStateMachineTaskThread-/0.0.0.0:15002-0 ] INFO  server.GrpcServicesImpl (GrpcServicesImpl.java:startImpl(346)) - 43369f36-6a0f-45ae-a8eb-f0d390948370: GrpcServicesImpl started, listening on 15013
2025-10-10 10:37:43,636 [43369f36-6a0f-45ae-a8eb-f0d390948370-EndpointStateMachineTaskThread-/0.0.0.0:15002-0 ] INFO  server.GrpcServicesImpl (GrpcServicesImpl.java:startImpl(346)) - 43369f36-6a0f-45ae-a8eb-f0d390948370: GrpcServicesImpl started, listening on 15015
2025-10-10 10:37:43,637 [43369f36-6a0f-45ae-a8eb-f0d390948370-EndpointStateMachineTaskThread-/0.0.0.0:15002-0 ] INFO  server.GrpcServicesImpl (GrpcServicesImpl.java:startImpl(346)) - 43369f36-6a0f-45ae-a8eb-f0d390948370: GrpcServicesImpl started, listening on 15014
2025-10-10 10:37:43,637 [JvmPauseMonitor3] INFO  util.JvmPauseMonitor (JvmPauseMonitor.java:run(146)) - JvmPauseMonitor-43369f36-6a0f-45ae-a8eb-f0d390948370: Started
2025-10-10 10:37:43,637 [43369f36-6a0f-45ae-a8eb-f0d390948370-EndpointStateMachineTaskThread-/0.0.0.0:15002-0 ] INFO  ratis.XceiverServerRatis (XceiverServerRatis.java:getRealPort(586)) - XceiverServerRatis(43369f36-6a0f-45ae-a8eb-f0d390948370) is started using port RATIS=15013
2025-10-10 10:37:43,637 [43369f36-6a0f-45ae-a8eb-f0d390948370-EndpointStateMachineTaskThread-/0.0.0.0:15002-0 ] INFO  ratis.XceiverServerRatis (XceiverServerRatis.java:getRealPort(586)) - XceiverServerRatis(43369f36-6a0f-45ae-a8eb-f0d390948370) is started using port RATIS_ADMIN=15014
2025-10-10 10:37:43,638 [43369f36-6a0f-45ae-a8eb-f0d390948370-EndpointStateMachineTaskThread-/0.0.0.0:15002-0 ] INFO  ratis.XceiverServerRatis (XceiverServerRatis.java:getRealPort(586)) - XceiverServerRatis(43369f36-6a0f-45ae-a8eb-f0d390948370) is started using port RATIS_SERVER=15015
2025-10-10 10:37:43,638 [43369f36-6a0f-45ae-a8eb-f0d390948370-EndpointStateMachineTaskThread-/0.0.0.0:15002-0 ] INFO  ratis.XceiverServerRatis (XceiverServerRatis.java:getRealPort(586)) - XceiverServerRatis(43369f36-6a0f-45ae-a8eb-f0d390948370) is started using port RATIS_DATASTREAM=15016
2025-10-10 10:37:43,639 [43369f36-6a0f-45ae-a8eb-f0d390948370-EndpointStateMachineTaskThread-/0.0.0.0:15002-0 ] INFO  utils.BackgroundService (BackgroundService.java:start(119)) - Starting service BlockDeletingService with interval 60000 milliseconds
2025-10-10 10:37:43,640 [43369f36-6a0f-45ae-a8eb-f0d390948370-EndpointStateMachineTaskThread-/0.0.0.0:15002-0 ] INFO  utils.BackgroundService (BackgroundService.java:start(119)) - Starting service StaleRecoveringContainerScrubbingService with interval 60000 milliseconds
2025-10-10 10:37:43,731 [ForkJoinPool-1-worker-1] INFO  handler.ContextHandler (ContextHandler.java:doStart(921)) - Started o.e.j.w.WebAppContext@5aa1b6da{hddsDatanode,/,file:///home/runner/work/ozone/ozone/hadoop-ozone/integration-test/target/test-dir/MiniOzoneClusterImpl-611c99c7-d47b-4433-a4ef-cd0a35b076ef/scm/ozone-metadata/webserver/jetty-0_0_0_0-15034-hdds-container-service-2_1_0-SNAPSHOT_jar-_-any-5774879930863752973/webapp/,AVAILABLE}{jar:file:/home/runner/work/ozone/ozone/hadoop-hdds/container-service/target/hdds-container-service-2.1.0-SNAPSHOT.jar!/webapps/hddsDatanode}
2025-10-10 10:37:43,732 [ForkJoinPool-1-worker-1] INFO  server.AbstractConnector (AbstractConnector.java:doStart(333)) - Started ServerConnector@ed9cc81{HTTP/1.1, (http/1.1)}{0.0.0.0:15034}
2025-10-10 10:37:43,732 [ForkJoinPool-1-worker-1] INFO  server.Server (Server.java:doStart(415)) - Started @12420ms
2025-10-10 10:37:43,732 [ForkJoinPool-1-worker-1] WARN  impl.MetricsSystemImpl (MetricsSystemImpl.java:register(279)) - Sink prometheus already exists!
2025-10-10 10:37:43,732 [ForkJoinPool-1-worker-1] INFO  http.BaseHttpServer (BaseHttpServer.java:updateConnectorAddress(357)) - HTTP server of hddsDatanode listening at http://localhost:15034
2025-10-10 10:37:43,733 [ForkJoinPool-1-worker-1] INFO  ipc.CallQueueManager (CallQueueManager.java:<init>(93)) - Using callQueue: class java.util.concurrent.LinkedBlockingQueue, queueCapacity: 1000, scheduler: class org.apache.hadoop.ipc.DefaultRpcScheduler, ipcBackoff: false, ipcFailOver: false.
2025-10-10 10:37:43,733 [ForkJoinPool-1-worker-1] INFO  ipc.Server (Server.java:<init>(1438)) - Listener at 0.0.0.0:15035
2025-10-10 10:37:43,734 [Socket Reader #1 for port 15035] INFO  ipc.Server (Server.java:run(1474)) - Starting Socket Reader #1 for port 15035
2025-10-10 10:37:43,734 [Socket Reader #2 for port 15035] INFO  ipc.Server (Server.java:run(1474)) - Starting Socket Reader #2 for port 15035
2025-10-10 10:37:43,734 [Socket Reader #3 for port 15035] INFO  ipc.Server (Server.java:run(1474)) - Starting Socket Reader #3 for port 15035
2025-10-10 10:37:43,734 [Socket Reader #4 for port 15035] INFO  ipc.Server (Server.java:run(1474)) - Starting Socket Reader #4 for port 15035
2025-10-10 10:37:43,735 [Socket Reader #5 for port 15035] INFO  ipc.Server (Server.java:run(1474)) - Starting Socket Reader #5 for port 15035
2025-10-10 10:37:43,735 [Socket Reader #6 for port 15035] INFO  ipc.Server (Server.java:run(1474)) - Starting Socket Reader #6 for port 15035
2025-10-10 10:37:43,735 [Socket Reader #7 for port 15035] INFO  ipc.Server (Server.java:run(1474)) - Starting Socket Reader #7 for port 15035
2025-10-10 10:37:43,736 [Socket Reader #8 for port 15035] INFO  ipc.Server (Server.java:run(1474)) - Starting Socket Reader #8 for port 15035
2025-10-10 10:37:43,736 [Socket Reader #9 for port 15035] INFO  ipc.Server (Server.java:run(1474)) - Starting Socket Reader #9 for port 15035
2025-10-10 10:37:43,737 [Socket Reader #10 for port 15035] INFO  ipc.Server (Server.java:run(1474)) - Starting Socket Reader #10 for port 15035
2025-10-10 10:37:43,739 [ForkJoinPool-1-worker-1] INFO  ozone.HddsDatanodeService (HddsDatanodeService.java:start(333)) - Datanode start with admins: [admin, runner]
2025-10-10 10:37:43,739 [ForkJoinPool-1-worker-1] INFO  ozone.HddsDatanodeClientProtocolServer (HddsDatanodeClientProtocolServer.java:start(76)) - RPC server for Client /0.0.0.0:15035
2025-10-10 10:37:43,740 [IPC Server Responder] INFO  ipc.Server (Server.java:run(1713)) - IPC Server Responder: starting
2025-10-10 10:37:43,740 [IPC Server listener on 15035] INFO  ipc.Server (Server.java:run(1553)) - IPC Server listener on 15035: starting
2025-10-10 10:37:43,742 [ForkJoinPool-1-worker-1] WARN  dropwizard3.Dm3MetricRegistriesImpl (Dm3MetricRegistriesImpl.java:addReporterRegistration(114)) - New reporters are added after registries were created. Some metrics will be missing from the reporter. Please add reporter before adding any new registry.
2025-10-10 10:37:43,742 [ForkJoinPool-1-worker-1] WARN  dropwizard3.Dm3MetricRegistriesImpl (Dm3MetricRegistriesImpl.java:addReporterRegistration(114)) - New reporters are added after registries were created. Some metrics will be missing from the reporter. Please add reporter before adding any new registry.
2025-10-10 10:37:43,743 [ad892cb1-3002-4758-a303-de6f39da4dbc-DatanodeStateMachineDaemonThread] INFO  statemachine.DatanodeStateMachine (DatanodeStateMachine.java:startStateMachineThread(363)) - Ozone container server started.
2025-10-10 10:37:43,750 [ad892cb1-3002-4758-a303-de6f39da4dbc-DatanodeStateMachineTaskThread-0] INFO  datanode.InitDatanodeState (InitDatanodeState.java:persistContainerDatanodeDetails(139)) - DatanodeDetails is persisted to /home/runner/work/ozone/ozone/hadoop-ozone/integration-test/target/test-dir/MiniOzoneClusterImpl-611c99c7-d47b-4433-a4ef-cd0a35b076ef/ozone-metadata/datanode-4/ozone-metadata/datanode.id
2025-10-10 10:37:43,763 [1a301c79-b9ef-44e0-a0ae-b339f61819a5-EndpointStateMachineTaskThread-/0.0.0.0:15002-0 ] INFO  utils.DatanodeStoreCache (DatanodeStoreCache.java:addDB(70)) - Added db /home/runner/work/ozone/ozone/hadoop-ozone/integration-test/target/test-dir/MiniOzoneClusterImpl-611c99c7-d47b-4433-a4ef-cd0a35b076ef/ozone-metadata/datanode-2/data-0/hdds/611c99c7-d47b-4433-a4ef-cd0a35b076ef/DS-dbeeb2d7-87c9-464d-a232-67ecec18d322/container.db to cache
2025-10-10 10:37:43,763 [1a301c79-b9ef-44e0-a0ae-b339f61819a5-EndpointStateMachineTaskThread-/0.0.0.0:15002-0 ] INFO  volume.HddsVolume (HddsVolume.java:createDbStore(576)) - SchemaV3 db is created and loaded at /home/runner/work/ozone/ozone/hadoop-ozone/integration-test/target/test-dir/MiniOzoneClusterImpl-611c99c7-d47b-4433-a4ef-cd0a35b076ef/ozone-metadata/datanode-2/data-0/hdds/611c99c7-d47b-4433-a4ef-cd0a35b076ef/DS-dbeeb2d7-87c9-464d-a232-67ecec18d322/container.db for volume DS-dbeeb2d7-87c9-464d-a232-67ecec18d322
2025-10-10 10:37:43,766 [ForkJoinPool-1-worker-1] INFO  protocol.DatanodeDetails (DatanodeDetails.java:validateDatanodeIpAddress(199)) - Updating IP address of datanode 9ab71813-e86f-4276-8581-297fed06961e(localhost/null) to 127.0.0.1
2025-10-10 10:37:43,766 [ForkJoinPool-1-worker-1] INFO  ozone.HddsDatanodeService (HddsDatanodeService.java:start(236)) - HddsDatanodeService 9ab71813-e86f-4276-8581-297fed06961e(localhost/127.0.0.1)
2025-10-10 10:37:43,767 [1a301c79-b9ef-44e0-a0ae-b339f61819a5-ContainerReader-0] INFO  ozoneimpl.ContainerReader (ContainerReader.java:readVolume(147)) - Start to verify containers on volume /home/runner/work/ozone/ozone/hadoop-ozone/integration-test/target/test-dir/MiniOzoneClusterImpl-611c99c7-d47b-4433-a4ef-cd0a35b076ef/ozone-metadata/datanode-2/data-0/hdds
2025-10-10 10:37:43,767 [1a301c79-b9ef-44e0-a0ae-b339f61819a5-ContainerReader-0] INFO  ozoneimpl.ContainerReader (ContainerReader.java:readVolume(177)) - Finish verifying containers on volume /home/runner/work/ozone/ozone/hadoop-ozone/integration-test/target/test-dir/MiniOzoneClusterImpl-611c99c7-d47b-4433-a4ef-cd0a35b076ef/ozone-metadata/datanode-2/data-0/hdds
2025-10-10 10:37:43,767 [1a301c79-b9ef-44e0-a0ae-b339f61819a5-EndpointStateMachineTaskThread-/0.0.0.0:15002-0 ] INFO  ozoneimpl.OzoneContainer (OzoneContainer.java:buildContainerSet(370)) - Build ContainerSet costs 0s
2025-10-10 10:37:43,768 [1a301c79-b9ef-44e0-a0ae-b339f61819a5-EndpointStateMachineTaskThread-/0.0.0.0:15002-0 ] INFO  volume.ThrottledAsyncChecker (ThrottledAsyncChecker.java:schedule(138)) - Scheduling a check for /home/runner/work/ozone/ozone/hadoop-ozone/integration-test/target/test-dir/MiniOzoneClusterImpl-611c99c7-d47b-4433-a4ef-cd0a35b076ef/ozone-metadata/datanode-2/data-0/hdds
2025-10-10 10:37:43,768 [ForkJoinPool-1-worker-1] INFO  upgrade.AbstractLayoutVersionManager (AbstractLayoutVersionManager.java:init(80)) - Initializing Layout version manager with metadata layout = WITNESSED_CONTAINER_DB_PROTO_VALUE (version = 9), software layout = WITNESSED_CONTAINER_DB_PROTO_VALUE (version = 9)
2025-10-10 10:37:43,768 [1a301c79-b9ef-44e0-a0ae-b339f61819a5-EndpointStateMachineTaskThread-/0.0.0.0:15002-0 ] INFO  volume.StorageVolumeChecker (StorageVolumeChecker.java:checkAllVolumes(231)) - Scheduled health check for volume /home/runner/work/ozone/ozone/hadoop-ozone/integration-test/target/test-dir/MiniOzoneClusterImpl-611c99c7-d47b-4433-a4ef-cd0a35b076ef/ozone-metadata/datanode-2/data-0/hdds
2025-10-10 10:37:43,769 [ForkJoinPool-1-worker-1] INFO  statemachine.DatanodeStateMachine (DatanodeStateMachine.java:getEndPointTaskThreadPoolSize(321)) - Datanode State Machine Task Thread Pool size 2
2025-10-10 10:37:43,773 [ForkJoinPool-1-worker-1] INFO  volume.HddsVolume (HddsVolume.java:<init>(162)) - HddsVolume: { id=DS-8ef193da-a119-4836-a8d3-6f16dc361540 dir=/home/runner/work/ozone/ozone/hadoop-ozone/integration-test/target/test-dir/MiniOzoneClusterImpl-611c99c7-d47b-4433-a4ef-cd0a35b076ef/ozone-metadata/datanode-5/data-0/hdds type=DISK capacity=9222449699674390527 used=0 available=9222449699674390527 minFree=9222450130714624 committed=0 }
2025-10-10 10:37:43,773 [ForkJoinPool-1-worker-1] INFO  volume.MutableVolumeSet (MutableVolumeSet.java:initializeVolumeSet(175)) - Added Volume : /home/runner/work/ozone/ozone/hadoop-ozone/integration-test/target/test-dir/MiniOzoneClusterImpl-611c99c7-d47b-4433-a4ef-cd0a35b076ef/ozone-metadata/datanode-5/data-0/hdds to VolumeSet
2025-10-10 10:37:43,775 [ForkJoinPool-1-worker-1] INFO  volume.MutableVolumeSet (MutableVolumeSet.java:initializeVolumeSet(175)) - Added Volume : /home/runner/work/ozone/ozone/hadoop-ozone/integration-test/target/test-dir/MiniOzoneClusterImpl-611c99c7-d47b-4433-a4ef-cd0a35b076ef/ozone-metadata/datanode-5/ratis to VolumeSet
2025-10-10 10:37:43,776 [ForkJoinPool-1-worker-1] INFO  ozoneimpl.OzoneContainer (HddsVolumeUtil.java:loadAllHddsVolumeDbStore(102)) - Load 1 volumes DbStore cost: 0ms
2025-10-10 10:37:43,776 [ForkJoinPool-1-worker-1] WARN  db.DBStoreBuilder (DBStoreBuilder.java:getDBDirPath(157)) - ozone.scm.datanode.id.dir is not configured. We recommend adding this setting. Falling back to ozone.metadata.dirs instead.
2025-10-10 10:37:43,777 [ForkJoinPool-1-worker-1] WARN  db.DBStoreBuilder (DBStoreBuilder.java:getDBDirPath(157)) - ozone.scm.datanode.id.dir is not configured. We recommend adding this setting. Falling back to ozone.metadata.dirs instead.
2025-10-10 10:37:43,778 [1a301c79-b9ef-44e0-a0ae-b339f61819a5-EndpointStateMachineTaskThread-/0.0.0.0:15002-0 ] INFO  volume.ThrottledAsyncChecker (ThrottledAsyncChecker.java:schedule(138)) - Scheduling a check for /home/runner/work/ozone/ozone/hadoop-ozone/integration-test/target/test-dir/MiniOzoneClusterImpl-611c99c7-d47b-4433-a4ef-cd0a35b076ef/ozone-metadata/datanode-2/ratis
2025-10-10 10:37:43,778 [1a301c79-b9ef-44e0-a0ae-b339f61819a5-EndpointStateMachineTaskThread-/0.0.0.0:15002-0 ] INFO  volume.StorageVolumeChecker (StorageVolumeChecker.java:checkAllVolumes(231)) - Scheduled health check for volume /home/runner/work/ozone/ozone/hadoop-ozone/integration-test/target/test-dir/MiniOzoneClusterImpl-611c99c7-d47b-4433-a4ef-cd0a35b076ef/ozone-metadata/datanode-2/ratis
2025-10-10 10:37:43,780 [1a301c79-b9ef-44e0-a0ae-b339f61819a5-EndpointStateMachineTaskThread-/0.0.0.0:15002-0 ] INFO  ozoneimpl.OzoneContainer (OzoneContainer.java:start(525)) - Attempting to start container services.
2025-10-10 10:37:43,781 [ContainerMetadataScanner] INFO  ozoneimpl.AbstractBackgroundContainerScanner (AbstractBackgroundContainerScanner.java:runIteration(89)) - Completed an iteration in 0 minutes. Number of iterations (since the data-node restart) : 1, Number of containers scanned in this iteration : 0, Number of unhealthy containers found in this iteration : 0
2025-10-10 10:37:43,782 [ContainerDataScanner(/home/runner/work/ozone/ozone/hadoop-ozone/integration-test/target/test-dir/MiniOzoneClusterImpl-611c99c7-d47b-4433-a4ef-cd0a35b076ef/ozone-metadata/datanode-2/data-0/hdds)] INFO  ozoneimpl.AbstractBackgroundContainerScanner (AbstractBackgroundContainerScanner.java:runIteration(89)) - Completed an iteration in 0 minutes. Number of iterations (since the data-node restart) : 1, Number of containers scanned in this iteration : 0, Number of unhealthy containers found in this iteration : 0
2025-10-10 10:37:43,783 [1a301c79-b9ef-44e0-a0ae-b339f61819a5-EndpointStateMachineTaskThread-/0.0.0.0:15002-0 ] INFO  replication.ReplicationServer (ReplicationServer.java:start(137)) - ReplicationServer is started using port 15025
2025-10-10 10:37:43,784 [1a301c79-b9ef-44e0-a0ae-b339f61819a5-EndpointStateMachineTaskThread-/0.0.0.0:15002-0 ] INFO  ratis.XceiverServerRatis (XceiverServerRatis.java:start(559)) - Starting XceiverServerRatis(1a301c79-b9ef-44e0-a0ae-b339f61819a5)
2025-10-10 10:37:43,786 [1a301c79-b9ef-44e0-a0ae-b339f61819a5-EndpointStateMachineTaskThread-/0.0.0.0:15002-0 ] INFO  server.RaftServer (RaftServerProxy.java:startImpl(412)) - 1a301c79-b9ef-44e0-a0ae-b339f61819a5: start RPC server
2025-10-10 10:37:43,787 [1a301c79-b9ef-44e0-a0ae-b339f61819a5-EndpointStateMachineTaskThread-/0.0.0.0:15002-0 ] INFO  server.GrpcServicesImpl (GrpcServicesImpl.java:startImpl(346)) - 1a301c79-b9ef-44e0-a0ae-b339f61819a5: GrpcServicesImpl started, listening on 15021
2025-10-10 10:37:43,787 [1a301c79-b9ef-44e0-a0ae-b339f61819a5-EndpointStateMachineTaskThread-/0.0.0.0:15002-0 ] INFO  server.GrpcServicesImpl (GrpcServicesImpl.java:startImpl(346)) - 1a301c79-b9ef-44e0-a0ae-b339f61819a5: GrpcServicesImpl started, listening on 15023
2025-10-10 10:37:43,788 [1a301c79-b9ef-44e0-a0ae-b339f61819a5-EndpointStateMachineTaskThread-/0.0.0.0:15002-0 ] INFO  server.GrpcServicesImpl (GrpcServicesImpl.java:startImpl(346)) - 1a301c79-b9ef-44e0-a0ae-b339f61819a5: GrpcServicesImpl started, listening on 15022
2025-10-10 10:37:43,789 [JvmPauseMonitor4] INFO  util.JvmPauseMonitor (JvmPauseMonitor.java:run(146)) - JvmPauseMonitor-1a301c79-b9ef-44e0-a0ae-b339f61819a5: Started
2025-10-10 10:37:43,790 [1a301c79-b9ef-44e0-a0ae-b339f61819a5-EndpointStateMachineTaskThread-/0.0.0.0:15002-0 ] INFO  ratis.XceiverServerRatis (XceiverServerRatis.java:getRealPort(586)) - XceiverServerRatis(1a301c79-b9ef-44e0-a0ae-b339f61819a5) is started using port RATIS=15021
2025-10-10 10:37:43,790 [1a301c79-b9ef-44e0-a0ae-b339f61819a5-EndpointStateMachineTaskThread-/0.0.0.0:15002-0 ] INFO  ratis.XceiverServerRatis (XceiverServerRatis.java:getRealPort(586)) - XceiverServerRatis(1a301c79-b9ef-44e0-a0ae-b339f61819a5) is started using port RATIS_ADMIN=15022
2025-10-10 10:37:43,790 [1a301c79-b9ef-44e0-a0ae-b339f61819a5-EndpointStateMachineTaskThread-/0.0.0.0:15002-0 ] INFO  ratis.XceiverServerRatis (XceiverServerRatis.java:getRealPort(586)) - XceiverServerRatis(1a301c79-b9ef-44e0-a0ae-b339f61819a5) is started using port RATIS_SERVER=15023
2025-10-10 10:37:43,790 [1a301c79-b9ef-44e0-a0ae-b339f61819a5-EndpointStateMachineTaskThread-/0.0.0.0:15002-0 ] INFO  ratis.XceiverServerRatis (XceiverServerRatis.java:getRealPort(586)) - XceiverServerRatis(1a301c79-b9ef-44e0-a0ae-b339f61819a5) is started using port RATIS_DATASTREAM=15024
2025-10-10 10:37:43,792 [1a301c79-b9ef-44e0-a0ae-b339f61819a5-EndpointStateMachineTaskThread-/0.0.0.0:15002-0 ] INFO  utils.BackgroundService (BackgroundService.java:start(119)) - Starting service BlockDeletingService with interval 60000 milliseconds
2025-10-10 10:37:43,792 [1a301c79-b9ef-44e0-a0ae-b339f61819a5-EndpointStateMachineTaskThread-/0.0.0.0:15002-0 ] INFO  utils.BackgroundService (BackgroundService.java:start(119)) - Starting service StaleRecoveringContainerScrubbingService with interval 60000 milliseconds
2025-10-10 10:37:43,799 [ForkJoinPool-1-worker-1] INFO  impl.FilePerChunkStrategy (FilePerChunkStrategy.java:<init>(79)) - ozone.chunk.read.mapped.buffer.max.count is load with 0
2025-10-10 10:37:43,799 [ForkJoinPool-1-worker-1] INFO  impl.FilePerBlockStrategy (FilePerBlockStrategy.java:<init>(88)) - ozone.chunk.read.mapped.buffer.max.count is load with 0
2025-10-10 10:37:43,801 [ForkJoinPool-1-worker-1] INFO  server.RaftServerConfigKeys (ConfUtils.java:logGet(62)) - raft.server.log.appender.buffer.byte-limit = 33554432 (custom)
2025-10-10 10:37:43,803 [ForkJoinPool-1-worker-1] INFO  grpc.GrpcConfigKeys (ConfUtils.java:logFallback(69)) - raft.grpc.admin.host = null (fallback to raft.grpc.server.host)
2025-10-10 10:37:43,803 [ForkJoinPool-1-worker-1] INFO  grpc.GrpcConfigKeys (ConfUtils.java:logGet(62)) - raft.grpc.admin.port = 15046 (custom)
2025-10-10 10:37:43,803 [ForkJoinPool-1-worker-1] INFO  grpc.GrpcConfigKeys (ConfUtils.java:logFallback(69)) - raft.grpc.client.host = null (fallback to raft.grpc.server.host)
2025-10-10 10:37:43,803 [ForkJoinPool-1-worker-1] INFO  grpc.GrpcConfigKeys (ConfUtils.java:logGet(62)) - raft.grpc.client.port = 15045 (custom)
2025-10-10 10:37:43,803 [ForkJoinPool-1-worker-1] INFO  grpc.GrpcConfigKeys (ConfUtils.java:logGet(62)) - raft.grpc.server.port = 15047 (custom)
2025-10-10 10:37:43,803 [ForkJoinPool-1-worker-1] INFO  server.GrpcServicesImpl (ConfUtils.java:logGet(62)) - raft.grpc.message.size.max = 34603008 (custom)
2025-10-10 10:37:43,803 [ForkJoinPool-1-worker-1] INFO  server.GrpcServicesImpl (ConfUtils.java:logGet(62)) - raft.grpc.flow.control.window = 5MB (=5242880) (custom)
2025-10-10 10:37:43,804 [ForkJoinPool-1-worker-1] INFO  server.RaftServerConfigKeys (ConfUtils.java:logGet(62)) - raft.server.log.appender.buffer.byte-limit = 33554432 (custom)
2025-10-10 10:37:43,806 [ForkJoinPool-1-worker-1] INFO  netty.NettyUtils (NettyUtils.java:newEventLoopGroup(74)) - Create EpollEventLoopGroup for 9ab71813-e86f-4276-8581-297fed06961e-NettyServerStreamRpc-bossGroup; Thread size is 0.
2025-10-10 10:37:43,807 [ForkJoinPool-1-worker-1] INFO  netty.NettyUtils (NettyUtils.java:newEventLoopGroup(74)) - Create EpollEventLoopGroup for 9ab71813-e86f-4276-8581-297fed06961e-NettyServerStreamRpc-workerGroup; Thread size is 0.
2025-10-10 10:37:43,807 [ForkJoinPool-1-worker-1] INFO  netty.NettyConfigKeys$DataStream (ConfUtils.java:logGet(62)) - raft.netty.dataStream.port = 15048 (custom)
2025-10-10 10:37:43,808 [ForkJoinPool-1-worker-1] INFO  server.RaftServerConfigKeys (ConfUtils.java:logGet(62)) - raft.server.storage.dir = [/home/runner/work/ozone/ozone/hadoop-ozone/integration-test/target/test-dir/MiniOzoneClusterImpl-611c99c7-d47b-4433-a4ef-cd0a35b076ef/ozone-metadata/datanode-5/ratis] (custom)
2025-10-10 10:37:43,809 [9ab71813-e86f-4276-8581-297fed06961e-impl-thread1] INFO  server.RaftServer (RaftServerProxy.java:initGroupDir(270)) - 9ab71813-e86f-4276-8581-297fed06961e: found a subdirectory /home/runner/work/ozone/ozone/hadoop-ozone/integration-test/target/test-dir/MiniOzoneClusterImpl-611c99c7-d47b-4433-a4ef-cd0a35b076ef/ozone-metadata/datanode-5/ratis/tmp
2025-10-10 10:37:43,809 [9ab71813-e86f-4276-8581-297fed06961e-impl-thread1] INFO  server.RaftServer (RaftServerProxy.java:initGroupDir(275)) - 9ab71813-e86f-4276-8581-297fed06961e: The directory /home/runner/work/ozone/ozone/hadoop-ozone/integration-test/target/test-dir/MiniOzoneClusterImpl-611c99c7-d47b-4433-a4ef-cd0a35b076ef/ozone-metadata/datanode-5/ratis/tmp is not a group directory; ignoring it. 
2025-10-10 10:37:43,809 [9ab71813-e86f-4276-8581-297fed06961e-NettyServerStreamRpc-bossGroup--thread1] INFO  logging.LoggingHandler (AbstractInternalLogger.java:log(148)) - [id: 0x95bd7049] REGISTERED
2025-10-10 10:37:43,809 [ForkJoinPool-1-worker-1] INFO  replication.ReplicationServer (ReplicationServer.java:<init>(84)) - Initializing replication server with thread count = 10 queue length = 4096
2025-10-10 10:37:43,809 [9ab71813-e86f-4276-8581-297fed06961e-NettyServerStreamRpc-bossGroup--thread1] INFO  logging.LoggingHandler (AbstractInternalLogger.java:log(148)) - [id: 0x95bd7049] BIND: 0.0.0.0/0.0.0.0:15048
2025-10-10 10:37:43,809 [9ab71813-e86f-4276-8581-297fed06961e-NettyServerStreamRpc-bossGroup--thread1] INFO  logging.LoggingHandler (AbstractInternalLogger.java:log(148)) - [id: 0x95bd7049, L:/0.0.0.0:15048] ACTIVE
2025-10-10 10:37:43,811 [ForkJoinPool-1-worker-1] INFO  server.XceiverServerGrpc (XceiverServerGrpc.java:<init>(129)) - GrpcServer channel type EpollServerSocketChannel
2025-10-10 10:37:43,813 [ForkJoinPool-1-worker-1] INFO  replication.ReplicationSupervisor (ReplicationSupervisor.java:build(169)) - Initializing replication supervisor with thread count = 10
2025-10-10 10:37:43,830 [ForkJoinPool-1-worker-1] INFO  replication.ReplicationSupervisor (ReplicationSupervisor.java:nodeStateUpdated(358)) - Node state updated to IN_SERVICE, scaling executor pool size to 10
2025-10-10 10:37:43,834 [ForkJoinPool-1-worker-1] INFO  http.BaseHttpServer (BaseHttpServer.java:newHttpServer2BuilderForOzone(227)) - Starting Web-server for hddsDatanode at: http://0.0.0.0:15042
2025-10-10 10:37:43,834 [ForkJoinPool-1-worker-1] INFO  http.BaseHttpServer (BaseHttpServer.java:<init>(105)) - Hadoop Security Enabled: false Ozone Security Enabled: false Ozone HTTP Security Enabled: false 
2025-10-10 10:37:43,836 [ForkJoinPool-1-worker-1] WARN  server.AuthenticationFilter (AuthenticationFilter.java:constructSecretProvider(240)) - Unable to initialize FileSignerSecretProvider, falling back to use random secrets. Reason: Could not read signature secret file: /home/runner/hadoop-http-auth-signature-secret
2025-10-10 10:37:43,840 [ForkJoinPool-1-worker-1] INFO  http.HttpServer2 (HttpServer2.java:addGlobalFilter(1040)) - Added global filter 'safety' (class=org.apache.hadoop.hdds.server.http.HttpServer2$QuotingInputFilter)
2025-10-10 10:37:43,842 [ForkJoinPool-1-worker-1] INFO  http.HttpServer2 (HttpServer2.java:addFilter(1016)) - Added filter static_user_filter (class=org.apache.hadoop.http.lib.StaticUserWebFilter$StaticUserFilter) to context hddsDatanode
2025-10-10 10:37:43,842 [ForkJoinPool-1-worker-1] INFO  http.HttpServer2 (HttpServer2.java:addFilter(1024)) - Added filter static_user_filter (class=org.apache.hadoop.http.lib.StaticUserWebFilter$StaticUserFilter) to context logs
2025-10-10 10:37:43,842 [ForkJoinPool-1-worker-1] INFO  http.HttpServer2 (HttpServer2.java:addFilter(1024)) - Added filter static_user_filter (class=org.apache.hadoop.http.lib.StaticUserWebFilter$StaticUserFilter) to context static
2025-10-10 10:37:43,842 [ForkJoinPool-1-worker-1] INFO  http.BaseHttpServer (BaseHttpServer.java:<init>(193)) - HTTP server of hddsDatanode uses base directory /home/runner/work/ozone/ozone/hadoop-ozone/integration-test/target/test-dir/MiniOzoneClusterImpl-611c99c7-d47b-4433-a4ef-cd0a35b076ef/scm/ozone-metadata/webserver
2025-10-10 10:37:43,843 [ForkJoinPool-1-worker-1] INFO  http.HttpServer2 (HttpServer2.java:bindListener(1240)) - Jetty bound to port 15042
2025-10-10 10:37:43,843 [ForkJoinPool-1-worker-1] INFO  server.Server (Server.java:doStart(375)) - jetty-9.4.58.v20250814; built: 2025-08-14T02:28:49.637Z; git: 8f1440587e9e4ae7db3d74cf205643f3d707148d; jvm 21.0.8+9-LTS
2025-10-10 10:37:43,844 [ForkJoinPool-1-worker-1] INFO  server.session (DefaultSessionIdManager.java:doStart(334)) - DefaultSessionIdManager workerName=node0
2025-10-10 10:37:43,844 [ForkJoinPool-1-worker-1] INFO  server.session (DefaultSessionIdManager.java:doStart(339)) - No SessionScavenger set, using defaults
2025-10-10 10:37:43,844 [ForkJoinPool-1-worker-1] INFO  server.session (HouseKeeper.java:startScavenging(132)) - node0 Scavenging every 660000ms
2025-10-10 10:37:43,845 [ForkJoinPool-1-worker-1] INFO  handler.ContextHandler (ContextHandler.java:doStart(921)) - Started o.e.j.s.ServletContextHandler@2b594e02{logs,/logs,file:///home/runner/work/ozone/ozone/hadoop-ozone/integration-test/target/log,AVAILABLE}
2025-10-10 10:37:43,846 [ForkJoinPool-1-worker-1] INFO  handler.ContextHandler (ContextHandler.java:doStart(921)) - Started o.e.j.s.ServletContextHandler@49fadfb4{static,/static,jar:file:/home/runner/work/ozone/ozone/hadoop-hdds/container-service/target/hdds-container-service-2.1.0-SNAPSHOT.jar!/webapps/static,AVAILABLE}
2025-10-10 10:37:43,993 [bb95c33f-a3cb-4bbe-957e-8163c1fc1114-EndpointStateMachineTaskThread-/0.0.0.0:15002-0 ] INFO  utils.DatanodeStoreCache (DatanodeStoreCache.java:addDB(70)) - Added db /home/runner/work/ozone/ozone/hadoop-ozone/integration-test/target/test-dir/MiniOzoneClusterImpl-611c99c7-d47b-4433-a4ef-cd0a35b076ef/ozone-metadata/datanode-3/data-0/hdds/611c99c7-d47b-4433-a4ef-cd0a35b076ef/DS-96d12f97-f01f-4e1a-aadc-cb85e2aa7b77/container.db to cache
2025-10-10 10:37:43,993 [bb95c33f-a3cb-4bbe-957e-8163c1fc1114-EndpointStateMachineTaskThread-/0.0.0.0:15002-0 ] INFO  volume.HddsVolume (HddsVolume.java:createDbStore(576)) - SchemaV3 db is created and loaded at /home/runner/work/ozone/ozone/hadoop-ozone/integration-test/target/test-dir/MiniOzoneClusterImpl-611c99c7-d47b-4433-a4ef-cd0a35b076ef/ozone-metadata/datanode-3/data-0/hdds/611c99c7-d47b-4433-a4ef-cd0a35b076ef/DS-96d12f97-f01f-4e1a-aadc-cb85e2aa7b77/container.db for volume DS-96d12f97-f01f-4e1a-aadc-cb85e2aa7b77
2025-10-10 10:37:43,996 [bb95c33f-a3cb-4bbe-957e-8163c1fc1114-ContainerReader-0] INFO  ozoneimpl.ContainerReader (ContainerReader.java:readVolume(147)) - Start to verify containers on volume /home/runner/work/ozone/ozone/hadoop-ozone/integration-test/target/test-dir/MiniOzoneClusterImpl-611c99c7-d47b-4433-a4ef-cd0a35b076ef/ozone-metadata/datanode-3/data-0/hdds
2025-10-10 10:37:43,996 [bb95c33f-a3cb-4bbe-957e-8163c1fc1114-ContainerReader-0] INFO  ozoneimpl.ContainerReader (ContainerReader.java:readVolume(177)) - Finish verifying containers on volume /home/runner/work/ozone/ozone/hadoop-ozone/integration-test/target/test-dir/MiniOzoneClusterImpl-611c99c7-d47b-4433-a4ef-cd0a35b076ef/ozone-metadata/datanode-3/data-0/hdds
2025-10-10 10:37:43,997 [bb95c33f-a3cb-4bbe-957e-8163c1fc1114-EndpointStateMachineTaskThread-/0.0.0.0:15002-0 ] INFO  ozoneimpl.OzoneContainer (OzoneContainer.java:buildContainerSet(370)) - Build ContainerSet costs 0s
2025-10-10 10:37:43,997 [bb95c33f-a3cb-4bbe-957e-8163c1fc1114-EndpointStateMachineTaskThread-/0.0.0.0:15002-0 ] INFO  volume.ThrottledAsyncChecker (ThrottledAsyncChecker.java:schedule(138)) - Scheduling a check for /home/runner/work/ozone/ozone/hadoop-ozone/integration-test/target/test-dir/MiniOzoneClusterImpl-611c99c7-d47b-4433-a4ef-cd0a35b076ef/ozone-metadata/datanode-3/data-0/hdds
2025-10-10 10:37:43,998 [bb95c33f-a3cb-4bbe-957e-8163c1fc1114-EndpointStateMachineTaskThread-/0.0.0.0:15002-0 ] INFO  volume.StorageVolumeChecker (StorageVolumeChecker.java:checkAllVolumes(231)) - Scheduled health check for volume /home/runner/work/ozone/ozone/hadoop-ozone/integration-test/target/test-dir/MiniOzoneClusterImpl-611c99c7-d47b-4433-a4ef-cd0a35b076ef/ozone-metadata/datanode-3/data-0/hdds
2025-10-10 10:37:44,002 [bb95c33f-a3cb-4bbe-957e-8163c1fc1114-EndpointStateMachineTaskThread-/0.0.0.0:15002-0 ] INFO  volume.ThrottledAsyncChecker (ThrottledAsyncChecker.java:schedule(138)) - Scheduling a check for /home/runner/work/ozone/ozone/hadoop-ozone/integration-test/target/test-dir/MiniOzoneClusterImpl-611c99c7-d47b-4433-a4ef-cd0a35b076ef/ozone-metadata/datanode-3/ratis
2025-10-10 10:37:44,002 [bb95c33f-a3cb-4bbe-957e-8163c1fc1114-EndpointStateMachineTaskThread-/0.0.0.0:15002-0 ] INFO  volume.StorageVolumeChecker (StorageVolumeChecker.java:checkAllVolumes(231)) - Scheduled health check for volume /home/runner/work/ozone/ozone/hadoop-ozone/integration-test/target/test-dir/MiniOzoneClusterImpl-611c99c7-d47b-4433-a4ef-cd0a35b076ef/ozone-metadata/datanode-3/ratis
2025-10-10 10:37:44,003 [bb95c33f-a3cb-4bbe-957e-8163c1fc1114-EndpointStateMachineTaskThread-/0.0.0.0:15002-0 ] INFO  ozoneimpl.OzoneContainer (OzoneContainer.java:start(525)) - Attempting to start container services.
2025-10-10 10:37:44,004 [ContainerMetadataScanner] INFO  ozoneimpl.AbstractBackgroundContainerScanner (AbstractBackgroundContainerScanner.java:runIteration(89)) - Completed an iteration in 0 minutes. Number of iterations (since the data-node restart) : 1, Number of containers scanned in this iteration : 0, Number of unhealthy containers found in this iteration : 0
2025-10-10 10:37:44,004 [ContainerDataScanner(/home/runner/work/ozone/ozone/hadoop-ozone/integration-test/target/test-dir/MiniOzoneClusterImpl-611c99c7-d47b-4433-a4ef-cd0a35b076ef/ozone-metadata/datanode-3/data-0/hdds)] INFO  ozoneimpl.AbstractBackgroundContainerScanner (AbstractBackgroundContainerScanner.java:runIteration(89)) - Completed an iteration in 0 minutes. Number of iterations (since the data-node restart) : 1, Number of containers scanned in this iteration : 0, Number of unhealthy containers found in this iteration : 0
2025-10-10 10:37:44,005 [bb95c33f-a3cb-4bbe-957e-8163c1fc1114-EndpointStateMachineTaskThread-/0.0.0.0:15002-0 ] INFO  replication.ReplicationServer (ReplicationServer.java:start(137)) - ReplicationServer is started using port 15033
2025-10-10 10:37:44,006 [bb95c33f-a3cb-4bbe-957e-8163c1fc1114-EndpointStateMachineTaskThread-/0.0.0.0:15002-0 ] INFO  ratis.XceiverServerRatis (XceiverServerRatis.java:start(559)) - Starting XceiverServerRatis(bb95c33f-a3cb-4bbe-957e-8163c1fc1114)
2025-10-10 10:37:44,006 [ForkJoinPool-1-worker-1] INFO  handler.ContextHandler (ContextHandler.java:doStart(921)) - Started o.e.j.w.WebAppContext@1a814868{hddsDatanode,/,file:///home/runner/work/ozone/ozone/hadoop-ozone/integration-test/target/test-dir/MiniOzoneClusterImpl-611c99c7-d47b-4433-a4ef-cd0a35b076ef/scm/ozone-metadata/webserver/jetty-0_0_0_0-15042-hdds-container-service-2_1_0-SNAPSHOT_jar-_-any-17961562792954857034/webapp/,AVAILABLE}{jar:file:/home/runner/work/ozone/ozone/hadoop-hdds/container-service/target/hdds-container-service-2.1.0-SNAPSHOT.jar!/webapps/hddsDatanode}
2025-10-10 10:37:44,007 [ForkJoinPool-1-worker-1] INFO  server.AbstractConnector (AbstractConnector.java:doStart(333)) - Started ServerConnector@30df0b4b{HTTP/1.1, (http/1.1)}{0.0.0.0:15042}
2025-10-10 10:37:44,007 [ForkJoinPool-1-worker-1] INFO  server.Server (Server.java:doStart(415)) - Started @12694ms
2025-10-10 10:37:44,007 [ForkJoinPool-1-worker-1] WARN  impl.MetricsSystemImpl (MetricsSystemImpl.java:register(279)) - Sink prometheus already exists!
2025-10-10 10:37:44,007 [ForkJoinPool-1-worker-1] INFO  http.BaseHttpServer (BaseHttpServer.java:updateConnectorAddress(357)) - HTTP server of hddsDatanode listening at http://localhost:15042
2025-10-10 10:37:44,008 [ForkJoinPool-1-worker-1] INFO  ipc.CallQueueManager (CallQueueManager.java:<init>(93)) - Using callQueue: class java.util.concurrent.LinkedBlockingQueue, queueCapacity: 1000, scheduler: class org.apache.hadoop.ipc.DefaultRpcScheduler, ipcBackoff: false, ipcFailOver: false.
2025-10-10 10:37:44,008 [ForkJoinPool-1-worker-1] INFO  ipc.Server (Server.java:<init>(1438)) - Listener at 0.0.0.0:15043
2025-10-10 10:37:44,009 [bb95c33f-a3cb-4bbe-957e-8163c1fc1114-EndpointStateMachineTaskThread-/0.0.0.0:15002-0 ] INFO  server.RaftServer (RaftServerProxy.java:startImpl(412)) - bb95c33f-a3cb-4bbe-957e-8163c1fc1114: start RPC server
2025-10-10 10:37:44,009 [bb95c33f-a3cb-4bbe-957e-8163c1fc1114-EndpointStateMachineTaskThread-/0.0.0.0:15002-0 ] INFO  server.GrpcServicesImpl (GrpcServicesImpl.java:startImpl(346)) - bb95c33f-a3cb-4bbe-957e-8163c1fc1114: GrpcServicesImpl started, listening on 15029
2025-10-10 10:37:44,010 [Socket Reader #1 for port 15043] INFO  ipc.Server (Server.java:run(1474)) - Starting Socket Reader #1 for port 15043
2025-10-10 10:37:44,010 [bb95c33f-a3cb-4bbe-957e-8163c1fc1114-EndpointStateMachineTaskThread-/0.0.0.0:15002-0 ] INFO  server.GrpcServicesImpl (GrpcServicesImpl.java:startImpl(346)) - bb95c33f-a3cb-4bbe-957e-8163c1fc1114: GrpcServicesImpl started, listening on 15031
2025-10-10 10:37:44,010 [Socket Reader #2 for port 15043] INFO  ipc.Server (Server.java:run(1474)) - Starting Socket Reader #2 for port 15043
2025-10-10 10:37:44,010 [IPC Server handler 0 on default port 15002] INFO  net.NetworkTopologyImpl (NetworkTopologyImpl.java:add(133)) - Added a new node: /rack1/43369f36-6a0f-45ae-a8eb-f0d390948370
2025-10-10 10:37:44,010 [Socket Reader #3 for port 15043] INFO  ipc.Server (Server.java:run(1474)) - Starting Socket Reader #3 for port 15043
2025-10-10 10:37:44,010 [Socket Reader #4 for port 15043] INFO  ipc.Server (Server.java:run(1474)) - Starting Socket Reader #4 for port 15043
2025-10-10 10:37:44,011 [bb95c33f-a3cb-4bbe-957e-8163c1fc1114-EndpointStateMachineTaskThread-/0.0.0.0:15002-0 ] INFO  server.GrpcServicesImpl (GrpcServicesImpl.java:startImpl(346)) - bb95c33f-a3cb-4bbe-957e-8163c1fc1114: GrpcServicesImpl started, listening on 15030
2025-10-10 10:37:44,011 [Socket Reader #5 for port 15043] INFO  ipc.Server (Server.java:run(1474)) - Starting Socket Reader #5 for port 15043
2025-10-10 10:37:44,011 [Socket Reader #6 for port 15043] INFO  ipc.Server (Server.java:run(1474)) - Starting Socket Reader #6 for port 15043
2025-10-10 10:37:44,011 [bb95c33f-a3cb-4bbe-957e-8163c1fc1114-EndpointStateMachineTaskThread-/0.0.0.0:15002-0 ] INFO  ratis.XceiverServerRatis (XceiverServerRatis.java:getRealPort(586)) - XceiverServerRatis(bb95c33f-a3cb-4bbe-957e-8163c1fc1114) is started using port RATIS=15029
2025-10-10 10:37:44,012 [bb95c33f-a3cb-4bbe-957e-8163c1fc1114-EndpointStateMachineTaskThread-/0.0.0.0:15002-0 ] INFO  ratis.XceiverServerRatis (XceiverServerRatis.java:getRealPort(586)) - XceiverServerRatis(bb95c33f-a3cb-4bbe-957e-8163c1fc1114) is started using port RATIS_ADMIN=15030
2025-10-10 10:37:44,012 [bb95c33f-a3cb-4bbe-957e-8163c1fc1114-EndpointStateMachineTaskThread-/0.0.0.0:15002-0 ] INFO  ratis.XceiverServerRatis (XceiverServerRatis.java:getRealPort(586)) - XceiverServerRatis(bb95c33f-a3cb-4bbe-957e-8163c1fc1114) is started using port RATIS_SERVER=15031
2025-10-10 10:37:44,012 [bb95c33f-a3cb-4bbe-957e-8163c1fc1114-EndpointStateMachineTaskThread-/0.0.0.0:15002-0 ] INFO  ratis.XceiverServerRatis (XceiverServerRatis.java:getRealPort(586)) - XceiverServerRatis(bb95c33f-a3cb-4bbe-957e-8163c1fc1114) is started using port RATIS_DATASTREAM=15032
2025-10-10 10:37:44,012 [JvmPauseMonitor5] INFO  util.JvmPauseMonitor (JvmPauseMonitor.java:run(146)) - JvmPauseMonitor-bb95c33f-a3cb-4bbe-957e-8163c1fc1114: Started
2025-10-10 10:37:44,012 [IPC Server handler 0 on default port 15002] INFO  node.SCMNodeManager (SCMNodeManager.java:register(423)) - Registered datanode: 43369f36-6a0f-45ae-a8eb-f0d390948370{ip: 127.0.0.1, host: localhost, ports: [HTTP=15010, CLIENT_RPC=15011, REPLICATION=15017, RATIS=15013, RATIS_ADMIN=15014, RATIS_SERVER=15015, RATIS_DATASTREAM=15016, STANDALONE=15012], networkLocation: /rack1, certSerialId: null, persistedOpState: null, persistedOpStateExpiryEpochSec: 0}
2025-10-10 10:37:44,013 [Socket Reader #7 for port 15043] INFO  ipc.Server (Server.java:run(1474)) - Starting Socket Reader #7 for port 15043
2025-10-10 10:37:44,013 [Socket Reader #8 for port 15043] INFO  ipc.Server (Server.java:run(1474)) - Starting Socket Reader #8 for port 15043
2025-10-10 10:37:44,013 [Socket Reader #9 for port 15043] INFO  ipc.Server (Server.java:run(1474)) - Starting Socket Reader #9 for port 15043
2025-10-10 10:37:44,013 [Socket Reader #10 for port 15043] INFO  ipc.Server (Server.java:run(1474)) - Starting Socket Reader #10 for port 15043
2025-10-10 10:37:44,014 [bb95c33f-a3cb-4bbe-957e-8163c1fc1114-EndpointStateMachineTaskThread-/0.0.0.0:15002-0 ] INFO  utils.BackgroundService (BackgroundService.java:start(119)) - Starting service BlockDeletingService with interval 60000 milliseconds
2025-10-10 10:37:44,015 [EventQueue-NewNodeForNewNodeHandler] INFO  pipeline.BackgroundPipelineCreator (BackgroundPipelineCreator.java:notifyEventTriggered(290)) - trigger a one-shot run on RatisPipelineUtilsThread.
2025-10-10 10:37:44,016 [bb95c33f-a3cb-4bbe-957e-8163c1fc1114-EndpointStateMachineTaskThread-/0.0.0.0:15002-0 ] INFO  utils.BackgroundService (BackgroundService.java:start(119)) - Starting service StaleRecoveringContainerScrubbingService with interval 60000 milliseconds
2025-10-10 10:37:44,017 [ForkJoinPool-1-worker-1] INFO  ozone.HddsDatanodeService (HddsDatanodeService.java:start(333)) - Datanode start with admins: [admin, runner]
2025-10-10 10:37:44,017 [ForkJoinPool-1-worker-1] INFO  ozone.HddsDatanodeClientProtocolServer (HddsDatanodeClientProtocolServer.java:start(76)) - RPC server for Client /0.0.0.0:15043
2025-10-10 10:37:44,017 [EventQueue-NodeRegistrationContainerReportForDataNodeSafeModeRule] INFO  safemode.SCMSafeModeManager (DataNodeSafeModeRule.java:process(80)) - SCM in safe mode. 1 DataNodes registered, 3 required.
2025-10-10 10:37:44,017 [IPC Server Responder] INFO  ipc.Server (Server.java:run(1713)) - IPC Server Responder: starting
2025-10-10 10:37:44,018 [EventQueue-ContainerRegistrationReportForECContainerSafeModeRule] INFO  safemode.SCMSafeModeManager (SCMSafeModeManager.java:validateSafeModeExitRules(138)) - ECContainerSafeModeRule rule is successfully validated
2025-10-10 10:37:44,018 [EventQueue-PipelineReportForOneReplicaPipelineSafeModeRule] INFO  safemode.SCMSafeModeManager (SCMSafeModeManager.java:validateSafeModeExitRules(138)) - AtleastOneDatanodeReportedRule rule is successfully validated
2025-10-10 10:37:44,018 [EventQueue-ContainerRegistrationReportForRatisContainerSafeModeRule] INFO  safemode.SCMSafeModeManager (SCMSafeModeManager.java:validateSafeModeExitRules(138)) - RatisContainerSafeModeRule rule is successfully validated
2025-10-10 10:37:44,019 [IPC Server listener on 15043] INFO  ipc.Server (Server.java:run(1553)) - IPC Server listener on 15043: starting
2025-10-10 10:37:44,022 [ForkJoinPool-1-worker-1] WARN  dropwizard3.Dm3MetricRegistriesImpl (Dm3MetricRegistriesImpl.java:addReporterRegistration(114)) - New reporters are added after registries were created. Some metrics will be missing from the reporter. Please add reporter before adding any new registry.
2025-10-10 10:37:44,022 [ForkJoinPool-1-worker-1] WARN  dropwizard3.Dm3MetricRegistriesImpl (Dm3MetricRegistriesImpl.java:addReporterRegistration(114)) - New reporters are added after registries were created. Some metrics will be missing from the reporter. Please add reporter before adding any new registry.
2025-10-10 10:37:44,022 [RatisPipelineUtilsThread-0] INFO  pipeline.RatisPipelineProvider (RatisPipelineProvider.java:lambda$create$0(208)) - Sending CreatePipelineCommand for pipeline:Pipeline-bb93ae53-65f9-4632-9355-1e260d70d86f to datanode:43369f36-6a0f-45ae-a8eb-f0d390948370(localhost/127.0.0.1)
2025-10-10 10:37:44,024 [9ab71813-e86f-4276-8581-297fed06961e-DatanodeStateMachineDaemonThread] INFO  statemachine.DatanodeStateMachine (DatanodeStateMachine.java:startStateMachineThread(363)) - Ozone container server started.
2025-10-10 10:37:44,029 [9ab71813-e86f-4276-8581-297fed06961e-DatanodeStateMachineTaskThread-0] INFO  datanode.InitDatanodeState (InitDatanodeState.java:persistContainerDatanodeDetails(139)) - DatanodeDetails is persisted to /home/runner/work/ozone/ozone/hadoop-ozone/integration-test/target/test-dir/MiniOzoneClusterImpl-611c99c7-d47b-4433-a4ef-cd0a35b076ef/ozone-metadata/datanode-5/ozone-metadata/datanode.id
2025-10-10 10:37:44,044 [ForkJoinPool-1-worker-1] INFO  protocol.DatanodeDetails (DatanodeDetails.java:validateDatanodeIpAddress(199)) - Updating IP address of datanode 22d9c8a1-4559-44b0-a4af-9630f79f1f05(localhost/null) to 127.0.0.1
2025-10-10 10:37:44,044 [ForkJoinPool-1-worker-1] INFO  ozone.HddsDatanodeService (HddsDatanodeService.java:start(236)) - HddsDatanodeService 22d9c8a1-4559-44b0-a4af-9630f79f1f05(localhost/127.0.0.1)
2025-10-10 10:37:44,047 [ForkJoinPool-1-worker-1] INFO  upgrade.AbstractLayoutVersionManager (AbstractLayoutVersionManager.java:init(80)) - Initializing Layout version manager with metadata layout = WITNESSED_CONTAINER_DB_PROTO_VALUE (version = 9), software layout = WITNESSED_CONTAINER_DB_PROTO_VALUE (version = 9)
2025-10-10 10:37:44,047 [ForkJoinPool-1-worker-1] INFO  statemachine.DatanodeStateMachine (DatanodeStateMachine.java:getEndPointTaskThreadPoolSize(321)) - Datanode State Machine Task Thread Pool size 2
2025-10-10 10:37:44,051 [ForkJoinPool-1-worker-1] INFO  volume.HddsVolume (HddsVolume.java:<init>(162)) - HddsVolume: { id=DS-b7764908-e73d-4cf6-ba6d-c688d190844f dir=/home/runner/work/ozone/ozone/hadoop-ozone/integration-test/target/test-dir/MiniOzoneClusterImpl-611c99c7-d47b-4433-a4ef-cd0a35b076ef/ozone-metadata/datanode-6/data-0/hdds type=DISK capacity=9222449699674390527 used=0 available=9222449699674390527 minFree=9222450130714624 committed=0 }
2025-10-10 10:37:44,051 [ForkJoinPool-1-worker-1] INFO  volume.MutableVolumeSet (MutableVolumeSet.java:initializeVolumeSet(175)) - Added Volume : /home/runner/work/ozone/ozone/hadoop-ozone/integration-test/target/test-dir/MiniOzoneClusterImpl-611c99c7-d47b-4433-a4ef-cd0a35b076ef/ozone-metadata/datanode-6/data-0/hdds to VolumeSet
2025-10-10 10:37:44,053 [ForkJoinPool-1-worker-1] INFO  volume.MutableVolumeSet (MutableVolumeSet.java:initializeVolumeSet(175)) - Added Volume : /home/runner/work/ozone/ozone/hadoop-ozone/integration-test/target/test-dir/MiniOzoneClusterImpl-611c99c7-d47b-4433-a4ef-cd0a35b076ef/ozone-metadata/datanode-6/ratis to VolumeSet
2025-10-10 10:37:44,054 [ForkJoinPool-1-worker-1] INFO  ozoneimpl.OzoneContainer (HddsVolumeUtil.java:loadAllHddsVolumeDbStore(102)) - Load 1 volumes DbStore cost: 0ms
2025-10-10 10:37:44,054 [ForkJoinPool-1-worker-1] WARN  db.DBStoreBuilder (DBStoreBuilder.java:getDBDirPath(157)) - ozone.scm.datanode.id.dir is not configured. We recommend adding this setting. Falling back to ozone.metadata.dirs instead.
2025-10-10 10:37:44,055 [ForkJoinPool-1-worker-1] WARN  db.DBStoreBuilder (DBStoreBuilder.java:getDBDirPath(157)) - ozone.scm.datanode.id.dir is not configured. We recommend adding this setting. Falling back to ozone.metadata.dirs instead.
2025-10-10 10:37:44,074 [ForkJoinPool-1-worker-1] INFO  impl.FilePerChunkStrategy (FilePerChunkStrategy.java:<init>(79)) - ozone.chunk.read.mapped.buffer.max.count is load with 0
2025-10-10 10:37:44,075 [ForkJoinPool-1-worker-1] INFO  impl.FilePerBlockStrategy (FilePerBlockStrategy.java:<init>(88)) - ozone.chunk.read.mapped.buffer.max.count is load with 0
2025-10-10 10:37:44,076 [ForkJoinPool-1-worker-1] INFO  server.RaftServerConfigKeys (ConfUtils.java:logGet(62)) - raft.server.log.appender.buffer.byte-limit = 33554432 (custom)
2025-10-10 10:37:44,079 [ForkJoinPool-1-worker-1] INFO  grpc.GrpcConfigKeys (ConfUtils.java:logFallback(69)) - raft.grpc.admin.host = null (fallback to raft.grpc.server.host)
2025-10-10 10:37:44,079 [ForkJoinPool-1-worker-1] INFO  grpc.GrpcConfigKeys (ConfUtils.java:logGet(62)) - raft.grpc.admin.port = 15054 (custom)
2025-10-10 10:37:44,079 [ForkJoinPool-1-worker-1] INFO  grpc.GrpcConfigKeys (ConfUtils.java:logFallback(69)) - raft.grpc.client.host = null (fallback to raft.grpc.server.host)
2025-10-10 10:37:44,079 [ForkJoinPool-1-worker-1] INFO  grpc.GrpcConfigKeys (ConfUtils.java:logGet(62)) - raft.grpc.client.port = 15053 (custom)
2025-10-10 10:37:44,079 [ForkJoinPool-1-worker-1] INFO  grpc.GrpcConfigKeys (ConfUtils.java:logGet(62)) - raft.grpc.server.port = 15055 (custom)
2025-10-10 10:37:44,079 [ForkJoinPool-1-worker-1] INFO  server.GrpcServicesImpl (ConfUtils.java:logGet(62)) - raft.grpc.message.size.max = 34603008 (custom)
2025-10-10 10:37:44,080 [ForkJoinPool-1-worker-1] INFO  server.GrpcServicesImpl (ConfUtils.java:logGet(62)) - raft.grpc.flow.control.window = 5MB (=5242880) (custom)
2025-10-10 10:37:44,080 [ForkJoinPool-1-worker-1] INFO  server.RaftServerConfigKeys (ConfUtils.java:logGet(62)) - raft.server.log.appender.buffer.byte-limit = 33554432 (custom)
2025-10-10 10:37:44,082 [ForkJoinPool-1-worker-1] INFO  netty.NettyUtils (NettyUtils.java:newEventLoopGroup(74)) - Create EpollEventLoopGroup for 22d9c8a1-4559-44b0-a4af-9630f79f1f05-NettyServerStreamRpc-bossGroup; Thread size is 0.
2025-10-10 10:37:44,083 [ForkJoinPool-1-worker-1] INFO  netty.NettyUtils (NettyUtils.java:newEventLoopGroup(74)) - Create EpollEventLoopGroup for 22d9c8a1-4559-44b0-a4af-9630f79f1f05-NettyServerStreamRpc-workerGroup; Thread size is 0.
2025-10-10 10:37:44,083 [ForkJoinPool-1-worker-1] INFO  netty.NettyConfigKeys$DataStream (ConfUtils.java:logGet(62)) - raft.netty.dataStream.port = 15056 (custom)
2025-10-10 10:37:44,084 [ForkJoinPool-1-worker-1] INFO  server.RaftServerConfigKeys (ConfUtils.java:logGet(62)) - raft.server.storage.dir = [/home/runner/work/ozone/ozone/hadoop-ozone/integration-test/target/test-dir/MiniOzoneClusterImpl-611c99c7-d47b-4433-a4ef-cd0a35b076ef/ozone-metadata/datanode-6/ratis] (custom)
2025-10-10 10:37:44,085 [22d9c8a1-4559-44b0-a4af-9630f79f1f05-NettyServerStreamRpc-bossGroup--thread1] INFO  logging.LoggingHandler (AbstractInternalLogger.java:log(148)) - [id: 0x2c8944ed] REGISTERED
2025-10-10 10:37:44,085 [22d9c8a1-4559-44b0-a4af-9630f79f1f05-NettyServerStreamRpc-bossGroup--thread1] INFO  logging.LoggingHandler (AbstractInternalLogger.java:log(148)) - [id: 0x2c8944ed] BIND: 0.0.0.0/0.0.0.0:15056
2025-10-10 10:37:44,085 [22d9c8a1-4559-44b0-a4af-9630f79f1f05-NettyServerStreamRpc-bossGroup--thread1] INFO  logging.LoggingHandler (AbstractInternalLogger.java:log(148)) - [id: 0x2c8944ed, L:/0.0.0.0:15056] ACTIVE
2025-10-10 10:37:44,085 [8502da08-471d-490f-823d-1244cc2731b5@group-CD0A35B076EF-StateMachineUpdater] INFO  safemode.SCMSafeModeManager (SCMSafeModeManager.java:validateSafeModeExitRules(138)) - RatisContainerSafeModeRule rule is successfully validated
2025-10-10 10:37:44,086 [22d9c8a1-4559-44b0-a4af-9630f79f1f05-impl-thread1] INFO  server.RaftServer (RaftServerProxy.java:initGroupDir(270)) - 22d9c8a1-4559-44b0-a4af-9630f79f1f05: found a subdirectory /home/runner/work/ozone/ozone/hadoop-ozone/integration-test/target/test-dir/MiniOzoneClusterImpl-611c99c7-d47b-4433-a4ef-cd0a35b076ef/ozone-metadata/datanode-6/ratis/tmp
2025-10-10 10:37:44,086 [8502da08-471d-490f-823d-1244cc2731b5@group-CD0A35B076EF-StateMachineUpdater] INFO  safemode.HealthyPipelineSafeModeRule (HealthyPipelineSafeModeRule.java:initializeRule(228)) - Refreshed total pipeline count is 0, healthy pipeline threshold count is 1
2025-10-10 10:37:44,086 [22d9c8a1-4559-44b0-a4af-9630f79f1f05-impl-thread1] INFO  server.RaftServer (RaftServerProxy.java:initGroupDir(275)) - 22d9c8a1-4559-44b0-a4af-9630f79f1f05: The directory /home/runner/work/ozone/ozone/hadoop-ozone/integration-test/target/test-dir/MiniOzoneClusterImpl-611c99c7-d47b-4433-a4ef-cd0a35b076ef/ozone-metadata/datanode-6/ratis/tmp is not a group directory; ignoring it. 
2025-10-10 10:37:44,086 [8502da08-471d-490f-823d-1244cc2731b5@group-CD0A35B076EF-StateMachineUpdater] INFO  safemode.SCMSafeModeManager (SCMSafeModeManager.java:validateSafeModeExitRules(138)) - ECContainerSafeModeRule rule is successfully validated
2025-10-10 10:37:44,086 [8502da08-471d-490f-823d-1244cc2731b5@group-CD0A35B076EF-StateMachineUpdater] INFO  safemode.SCMSafeModeManager (SCMSafeModeManager.java:validateSafeModeExitRules(138)) - AtleastOneDatanodeReportedRule rule is successfully validated
2025-10-10 10:37:44,086 [ForkJoinPool-1-worker-1] INFO  replication.ReplicationServer (ReplicationServer.java:<init>(84)) - Initializing replication server with thread count = 10 queue length = 4096
2025-10-10 10:37:44,088 [ForkJoinPool-1-worker-1] INFO  server.XceiverServerGrpc (XceiverServerGrpc.java:<init>(129)) - GrpcServer channel type EpollServerSocketChannel
2025-10-10 10:37:44,090 [ForkJoinPool-1-worker-1] INFO  replication.ReplicationSupervisor (ReplicationSupervisor.java:build(169)) - Initializing replication supervisor with thread count = 10
2025-10-10 10:37:44,090 [ForkJoinPool-1-worker-1] INFO  replication.ReplicationSupervisor (ReplicationSupervisor.java:nodeStateUpdated(358)) - Node state updated to IN_SERVICE, scaling executor pool size to 10
2025-10-10 10:37:44,090 [RatisPipelineUtilsThread-0] INFO  pipeline.BackgroundPipelineCreator (BackgroundPipelineCreator.java:createPipelines(246)) - Created new pipeline Pipeline{ Id: bb93ae53-65f9-4632-9355-1e260d70d86f, Nodes: [ {43369f36-6a0f-45ae-a8eb-f0d390948370(localhost/127.0.0.1), ReplicaIndex: 0},], ReplicationConfig: RATIS/ONE, State:ALLOCATED, leaderId:, CreationTimestamp2025-10-10T10:37:44.021659803Z[Etc/UTC]}
2025-10-10 10:37:44,093 [ForkJoinPool-1-worker-1] INFO  http.BaseHttpServer (BaseHttpServer.java:newHttpServer2BuilderForOzone(227)) - Starting Web-server for hddsDatanode at: http://0.0.0.0:15050
2025-10-10 10:37:44,093 [ForkJoinPool-1-worker-1] INFO  http.BaseHttpServer (BaseHttpServer.java:<init>(105)) - Hadoop Security Enabled: false Ozone Security Enabled: false Ozone HTTP Security Enabled: false 
2025-10-10 10:37:44,095 [ForkJoinPool-1-worker-1] WARN  server.AuthenticationFilter (AuthenticationFilter.java:constructSecretProvider(240)) - Unable to initialize FileSignerSecretProvider, falling back to use random secrets. Reason: Could not read signature secret file: /home/runner/hadoop-http-auth-signature-secret
2025-10-10 10:37:44,098 [ForkJoinPool-1-worker-1] INFO  http.HttpServer2 (HttpServer2.java:addGlobalFilter(1040)) - Added global filter 'safety' (class=org.apache.hadoop.hdds.server.http.HttpServer2$QuotingInputFilter)
2025-10-10 10:37:44,100 [ForkJoinPool-1-worker-1] INFO  http.HttpServer2 (HttpServer2.java:addFilter(1016)) - Added filter static_user_filter (class=org.apache.hadoop.http.lib.StaticUserWebFilter$StaticUserFilter) to context hddsDatanode
2025-10-10 10:37:44,100 [ForkJoinPool-1-worker-1] INFO  http.HttpServer2 (HttpServer2.java:addFilter(1024)) - Added filter static_user_filter (class=org.apache.hadoop.http.lib.StaticUserWebFilter$StaticUserFilter) to context static
2025-10-10 10:37:44,100 [ForkJoinPool-1-worker-1] INFO  http.HttpServer2 (HttpServer2.java:addFilter(1024)) - Added filter static_user_filter (class=org.apache.hadoop.http.lib.StaticUserWebFilter$StaticUserFilter) to context logs
2025-10-10 10:37:44,101 [ForkJoinPool-1-worker-1] INFO  http.BaseHttpServer (BaseHttpServer.java:<init>(193)) - HTTP server of hddsDatanode uses base directory /home/runner/work/ozone/ozone/hadoop-ozone/integration-test/target/test-dir/MiniOzoneClusterImpl-611c99c7-d47b-4433-a4ef-cd0a35b076ef/scm/ozone-metadata/webserver
2025-10-10 10:37:44,101 [ForkJoinPool-1-worker-1] INFO  http.HttpServer2 (HttpServer2.java:bindListener(1240)) - Jetty bound to port 15050
2025-10-10 10:37:44,101 [ForkJoinPool-1-worker-1] INFO  server.Server (Server.java:doStart(375)) - jetty-9.4.58.v20250814; built: 2025-08-14T02:28:49.637Z; git: 8f1440587e9e4ae7db3d74cf205643f3d707148d; jvm 21.0.8+9-LTS
2025-10-10 10:37:44,103 [ForkJoinPool-1-worker-1] INFO  server.session (DefaultSessionIdManager.java:doStart(334)) - DefaultSessionIdManager workerName=node0
2025-10-10 10:37:44,103 [ForkJoinPool-1-worker-1] INFO  server.session (DefaultSessionIdManager.java:doStart(339)) - No SessionScavenger set, using defaults
2025-10-10 10:37:44,103 [ForkJoinPool-1-worker-1] INFO  server.session (HouseKeeper.java:startScavenging(132)) - node0 Scavenging every 600000ms
2025-10-10 10:37:44,104 [ForkJoinPool-1-worker-1] INFO  handler.ContextHandler (ContextHandler.java:doStart(921)) - Started o.e.j.s.ServletContextHandler@4f87ac5a{logs,/logs,file:///home/runner/work/ozone/ozone/hadoop-ozone/integration-test/target/log,AVAILABLE}
2025-10-10 10:37:44,104 [ForkJoinPool-1-worker-1] INFO  handler.ContextHandler (ContextHandler.java:doStart(921)) - Started o.e.j.s.ServletContextHandler@20d14892{static,/static,jar:file:/home/runner/work/ozone/ozone/hadoop-hdds/container-service/target/hdds-container-service-2.1.0-SNAPSHOT.jar!/webapps/static,AVAILABLE}
2025-10-10 10:37:44,221 [IPC Server handler 6 on default port 15002] INFO  net.NetworkTopologyImpl (NetworkTopologyImpl.java:add(133)) - Added a new node: /rack1/1a301c79-b9ef-44e0-a0ae-b339f61819a5
2025-10-10 10:37:44,222 [IPC Server handler 6 on default port 15002] INFO  node.SCMNodeManager (SCMNodeManager.java:register(423)) - Registered datanode: 1a301c79-b9ef-44e0-a0ae-b339f61819a5{ip: 127.0.0.1, host: localhost, ports: [HTTP=15018, CLIENT_RPC=15019, REPLICATION=15025, RATIS=15021, RATIS_ADMIN=15022, RATIS_SERVER=15023, RATIS_DATASTREAM=15024, STANDALONE=15020], networkLocation: /rack1, certSerialId: null, persistedOpState: null, persistedOpStateExpiryEpochSec: 0}
2025-10-10 10:37:44,222 [EventQueue-NodeRegistrationContainerReportForDataNodeSafeModeRule] INFO  safemode.SCMSafeModeManager (DataNodeSafeModeRule.java:process(80)) - SCM in safe mode. 2 DataNodes registered, 3 required.
2025-10-10 10:37:44,222 [EventQueue-NewNodeForNewNodeHandler] INFO  pipeline.BackgroundPipelineCreator (BackgroundPipelineCreator.java:notifyEventTriggered(290)) - trigger a one-shot run on RatisPipelineUtilsThread.
2025-10-10 10:37:44,223 [EventQueue-PipelineReportForOneReplicaPipelineSafeModeRule] INFO  safemode.SCMSafeModeManager (SCMSafeModeManager.java:validateSafeModeExitRules(138)) - AtleastOneDatanodeReportedRule rule is successfully validated
2025-10-10 10:37:44,223 [RatisPipelineUtilsThread-0] INFO  pipeline.RatisPipelineProvider (RatisPipelineProvider.java:lambda$create$0(208)) - Sending CreatePipelineCommand for pipeline:Pipeline-23a59a5c-0f7b-4c26-811d-c7a1d0df5f33 to datanode:1a301c79-b9ef-44e0-a0ae-b339f61819a5(localhost/127.0.0.1)
2025-10-10 10:37:44,224 [EventQueue-ContainerRegistrationReportForRatisContainerSafeModeRule] INFO  safemode.SCMSafeModeManager (SCMSafeModeManager.java:validateSafeModeExitRules(138)) - RatisContainerSafeModeRule rule is successfully validated
2025-10-10 10:37:44,224 [EventQueue-ContainerRegistrationReportForECContainerSafeModeRule] INFO  safemode.SCMSafeModeManager (SCMSafeModeManager.java:validateSafeModeExitRules(138)) - ECContainerSafeModeRule rule is successfully validated
2025-10-10 10:37:44,226 [8502da08-471d-490f-823d-1244cc2731b5@group-CD0A35B076EF-StateMachineUpdater] INFO  safemode.SCMSafeModeManager (SCMSafeModeManager.java:validateSafeModeExitRules(138)) - RatisContainerSafeModeRule rule is successfully validated
2025-10-10 10:37:44,226 [8502da08-471d-490f-823d-1244cc2731b5@group-CD0A35B076EF-StateMachineUpdater] INFO  safemode.HealthyPipelineSafeModeRule (HealthyPipelineSafeModeRule.java:initializeRule(228)) - Refreshed total pipeline count is 0, healthy pipeline threshold count is 1
2025-10-10 10:37:44,227 [8502da08-471d-490f-823d-1244cc2731b5@group-CD0A35B076EF-StateMachineUpdater] INFO  safemode.SCMSafeModeManager (SCMSafeModeManager.java:validateSafeModeExitRules(138)) - ECContainerSafeModeRule rule is successfully validated
2025-10-10 10:37:44,227 [8502da08-471d-490f-823d-1244cc2731b5@group-CD0A35B076EF-StateMachineUpdater] INFO  safemode.SCMSafeModeManager (SCMSafeModeManager.java:validateSafeModeExitRules(138)) - AtleastOneDatanodeReportedRule rule is successfully validated
2025-10-10 10:37:44,227 [RatisPipelineUtilsThread-0] INFO  pipeline.BackgroundPipelineCreator (BackgroundPipelineCreator.java:createPipelines(246)) - Created new pipeline Pipeline{ Id: 23a59a5c-0f7b-4c26-811d-c7a1d0df5f33, Nodes: [ {1a301c79-b9ef-44e0-a0ae-b339f61819a5(localhost/127.0.0.1), ReplicaIndex: 0},], ReplicationConfig: RATIS/ONE, State:ALLOCATED, leaderId:, CreationTimestamp2025-10-10T10:37:44.223553456Z[Etc/UTC]}
2025-10-10 10:37:44,256 [ForkJoinPool-1-worker-1] INFO  handler.ContextHandler (ContextHandler.java:doStart(921)) - Started o.e.j.w.WebAppContext@63d906e4{hddsDatanode,/,file:///home/runner/work/ozone/ozone/hadoop-ozone/integration-test/target/test-dir/MiniOzoneClusterImpl-611c99c7-d47b-4433-a4ef-cd0a35b076ef/scm/ozone-metadata/webserver/jetty-0_0_0_0-15050-hdds-container-service-2_1_0-SNAPSHOT_jar-_-any-1704631546315529236/webapp/,AVAILABLE}{jar:file:/home/runner/work/ozone/ozone/hadoop-hdds/container-service/target/hdds-container-service-2.1.0-SNAPSHOT.jar!/webapps/hddsDatanode}
2025-10-10 10:37:44,257 [ForkJoinPool-1-worker-1] INFO  server.AbstractConnector (AbstractConnector.java:doStart(333)) - Started ServerConnector@1829e835{HTTP/1.1, (http/1.1)}{0.0.0.0:15050}
2025-10-10 10:37:44,257 [ForkJoinPool-1-worker-1] INFO  server.Server (Server.java:doStart(415)) - Started @12945ms
2025-10-10 10:37:44,257 [ForkJoinPool-1-worker-1] WARN  impl.MetricsSystemImpl (MetricsSystemImpl.java:register(279)) - Sink prometheus already exists!
2025-10-10 10:37:44,257 [ForkJoinPool-1-worker-1] INFO  http.BaseHttpServer (BaseHttpServer.java:updateConnectorAddress(357)) - HTTP server of hddsDatanode listening at http://localhost:15050
2025-10-10 10:37:44,258 [ForkJoinPool-1-worker-1] INFO  ipc.CallQueueManager (CallQueueManager.java:<init>(93)) - Using callQueue: class java.util.concurrent.LinkedBlockingQueue, queueCapacity: 1000, scheduler: class org.apache.hadoop.ipc.DefaultRpcScheduler, ipcBackoff: false, ipcFailOver: false.
2025-10-10 10:37:44,258 [ForkJoinPool-1-worker-1] INFO  ipc.Server (Server.java:<init>(1438)) - Listener at 0.0.0.0:15051
2025-10-10 10:37:44,259 [Socket Reader #1 for port 15051] INFO  ipc.Server (Server.java:run(1474)) - Starting Socket Reader #1 for port 15051
2025-10-10 10:37:44,259 [Socket Reader #2 for port 15051] INFO  ipc.Server (Server.java:run(1474)) - Starting Socket Reader #2 for port 15051
2025-10-10 10:37:44,260 [Socket Reader #3 for port 15051] INFO  ipc.Server (Server.java:run(1474)) - Starting Socket Reader #3 for port 15051
2025-10-10 10:37:44,260 [Socket Reader #4 for port 15051] INFO  ipc.Server (Server.java:run(1474)) - Starting Socket Reader #4 for port 15051
2025-10-10 10:37:44,260 [Socket Reader #6 for port 15051] INFO  ipc.Server (Server.java:run(1474)) - Starting Socket Reader #6 for port 15051
2025-10-10 10:37:44,261 [Socket Reader #5 for port 15051] INFO  ipc.Server (Server.java:run(1474)) - Starting Socket Reader #5 for port 15051
2025-10-10 10:37:44,261 [Socket Reader #7 for port 15051] INFO  ipc.Server (Server.java:run(1474)) - Starting Socket Reader #7 for port 15051
2025-10-10 10:37:44,261 [Socket Reader #9 for port 15051] INFO  ipc.Server (Server.java:run(1474)) - Starting Socket Reader #9 for port 15051
2025-10-10 10:37:44,262 [Socket Reader #10 for port 15051] INFO  ipc.Server (Server.java:run(1474)) - Starting Socket Reader #10 for port 15051
2025-10-10 10:37:44,262 [Socket Reader #8 for port 15051] INFO  ipc.Server (Server.java:run(1474)) - Starting Socket Reader #8 for port 15051
2025-10-10 10:37:44,264 [ForkJoinPool-1-worker-1] INFO  ozone.HddsDatanodeService (HddsDatanodeService.java:start(333)) - Datanode start with admins: [admin, runner]
2025-10-10 10:37:44,264 [ForkJoinPool-1-worker-1] INFO  ozone.HddsDatanodeClientProtocolServer (HddsDatanodeClientProtocolServer.java:start(76)) - RPC server for Client /0.0.0.0:15051
2025-10-10 10:37:44,265 [IPC Server Responder] INFO  ipc.Server (Server.java:run(1713)) - IPC Server Responder: starting
2025-10-10 10:37:44,266 [IPC Server listener on 15051] INFO  ipc.Server (Server.java:run(1553)) - IPC Server listener on 15051: starting
2025-10-10 10:37:44,268 [ForkJoinPool-1-worker-1] WARN  dropwizard3.Dm3MetricRegistriesImpl (Dm3MetricRegistriesImpl.java:addReporterRegistration(114)) - New reporters are added after registries were created. Some metrics will be missing from the reporter. Please add reporter before adding any new registry.
2025-10-10 10:37:44,269 [ForkJoinPool-1-worker-1] WARN  dropwizard3.Dm3MetricRegistriesImpl (Dm3MetricRegistriesImpl.java:addReporterRegistration(114)) - New reporters are added after registries were created. Some metrics will be missing from the reporter. Please add reporter before adding any new registry.
2025-10-10 10:37:44,271 [22d9c8a1-4559-44b0-a4af-9630f79f1f05-DatanodeStateMachineDaemonThread] INFO  statemachine.DatanodeStateMachine (DatanodeStateMachine.java:startStateMachineThread(363)) - Ozone container server started.
2025-10-10 10:37:44,277 [22d9c8a1-4559-44b0-a4af-9630f79f1f05-DatanodeStateMachineTaskThread-0] INFO  datanode.InitDatanodeState (InitDatanodeState.java:persistContainerDatanodeDetails(139)) - DatanodeDetails is persisted to /home/runner/work/ozone/ozone/hadoop-ozone/integration-test/target/test-dir/MiniOzoneClusterImpl-611c99c7-d47b-4433-a4ef-cd0a35b076ef/ozone-metadata/datanode-6/ozone-metadata/datanode.id
2025-10-10 10:37:44,290 [ForkJoinPool-1-worker-1] INFO  protocol.DatanodeDetails (DatanodeDetails.java:validateDatanodeIpAddress(199)) - Updating IP address of datanode aa9634f0-8836-44d6-bc05-5b19fbdd93d5(localhost/null) to 127.0.0.1
2025-10-10 10:37:44,290 [ForkJoinPool-1-worker-1] INFO  ozone.HddsDatanodeService (HddsDatanodeService.java:start(236)) - HddsDatanodeService aa9634f0-8836-44d6-bc05-5b19fbdd93d5(localhost/127.0.0.1)
2025-10-10 10:37:44,292 [ad892cb1-3002-4758-a303-de6f39da4dbc-EndpointStateMachineTaskThread-/0.0.0.0:15002-0 ] INFO  utils.DatanodeStoreCache (DatanodeStoreCache.java:addDB(70)) - Added db /home/runner/work/ozone/ozone/hadoop-ozone/integration-test/target/test-dir/MiniOzoneClusterImpl-611c99c7-d47b-4433-a4ef-cd0a35b076ef/ozone-metadata/datanode-4/data-0/hdds/611c99c7-d47b-4433-a4ef-cd0a35b076ef/DS-d0f0d2dd-b347-4b79-bac2-49cc0e8748a5/container.db to cache
2025-10-10 10:37:44,292 [ad892cb1-3002-4758-a303-de6f39da4dbc-EndpointStateMachineTaskThread-/0.0.0.0:15002-0 ] INFO  volume.HddsVolume (HddsVolume.java:createDbStore(576)) - SchemaV3 db is created and loaded at /home/runner/work/ozone/ozone/hadoop-ozone/integration-test/target/test-dir/MiniOzoneClusterImpl-611c99c7-d47b-4433-a4ef-cd0a35b076ef/ozone-metadata/datanode-4/data-0/hdds/611c99c7-d47b-4433-a4ef-cd0a35b076ef/DS-d0f0d2dd-b347-4b79-bac2-49cc0e8748a5/container.db for volume DS-d0f0d2dd-b347-4b79-bac2-49cc0e8748a5
2025-10-10 10:37:44,292 [ForkJoinPool-1-worker-1] INFO  upgrade.AbstractLayoutVersionManager (AbstractLayoutVersionManager.java:init(80)) - Initializing Layout version manager with metadata layout = WITNESSED_CONTAINER_DB_PROTO_VALUE (version = 9), software layout = WITNESSED_CONTAINER_DB_PROTO_VALUE (version = 9)
2025-10-10 10:37:44,293 [ForkJoinPool-1-worker-1] INFO  statemachine.DatanodeStateMachine (DatanodeStateMachine.java:getEndPointTaskThreadPoolSize(321)) - Datanode State Machine Task Thread Pool size 2
2025-10-10 10:37:44,295 [ad892cb1-3002-4758-a303-de6f39da4dbc-ContainerReader-0] INFO  ozoneimpl.ContainerReader (ContainerReader.java:readVolume(147)) - Start to verify containers on volume /home/runner/work/ozone/ozone/hadoop-ozone/integration-test/target/test-dir/MiniOzoneClusterImpl-611c99c7-d47b-4433-a4ef-cd0a35b076ef/ozone-metadata/datanode-4/data-0/hdds
2025-10-10 10:37:44,295 [ad892cb1-3002-4758-a303-de6f39da4dbc-ContainerReader-0] INFO  ozoneimpl.ContainerReader (ContainerReader.java:readVolume(177)) - Finish verifying containers on volume /home/runner/work/ozone/ozone/hadoop-ozone/integration-test/target/test-dir/MiniOzoneClusterImpl-611c99c7-d47b-4433-a4ef-cd0a35b076ef/ozone-metadata/datanode-4/data-0/hdds
2025-10-10 10:37:44,296 [ad892cb1-3002-4758-a303-de6f39da4dbc-EndpointStateMachineTaskThread-/0.0.0.0:15002-0 ] INFO  ozoneimpl.OzoneContainer (OzoneContainer.java:buildContainerSet(370)) - Build ContainerSet costs 0s
2025-10-10 10:37:44,296 [ad892cb1-3002-4758-a303-de6f39da4dbc-EndpointStateMachineTaskThread-/0.0.0.0:15002-0 ] INFO  volume.ThrottledAsyncChecker (ThrottledAsyncChecker.java:schedule(138)) - Scheduling a check for /home/runner/work/ozone/ozone/hadoop-ozone/integration-test/target/test-dir/MiniOzoneClusterImpl-611c99c7-d47b-4433-a4ef-cd0a35b076ef/ozone-metadata/datanode-4/data-0/hdds
2025-10-10 10:37:44,296 [ForkJoinPool-1-worker-1] INFO  volume.HddsVolume (HddsVolume.java:<init>(162)) - HddsVolume: { id=DS-5076f944-72d1-4da8-b10d-a11addf8413e dir=/home/runner/work/ozone/ozone/hadoop-ozone/integration-test/target/test-dir/MiniOzoneClusterImpl-611c99c7-d47b-4433-a4ef-cd0a35b076ef/ozone-metadata/datanode-7/data-0/hdds type=DISK capacity=9222449699674390527 used=0 available=9222449699674390527 minFree=9222450130714624 committed=0 }
2025-10-10 10:37:44,297 [ForkJoinPool-1-worker-1] INFO  volume.MutableVolumeSet (MutableVolumeSet.java:initializeVolumeSet(175)) - Added Volume : /home/runner/work/ozone/ozone/hadoop-ozone/integration-test/target/test-dir/MiniOzoneClusterImpl-611c99c7-d47b-4433-a4ef-cd0a35b076ef/ozone-metadata/datanode-7/data-0/hdds to VolumeSet
2025-10-10 10:37:44,297 [ad892cb1-3002-4758-a303-de6f39da4dbc-EndpointStateMachineTaskThread-/0.0.0.0:15002-0 ] INFO  volume.StorageVolumeChecker (StorageVolumeChecker.java:checkAllVolumes(231)) - Scheduled health check for volume /home/runner/work/ozone/ozone/hadoop-ozone/integration-test/target/test-dir/MiniOzoneClusterImpl-611c99c7-d47b-4433-a4ef-cd0a35b076ef/ozone-metadata/datanode-4/data-0/hdds
2025-10-10 10:37:44,298 [ForkJoinPool-1-worker-1] INFO  volume.MutableVolumeSet (MutableVolumeSet.java:initializeVolumeSet(175)) - Added Volume : /home/runner/work/ozone/ozone/hadoop-ozone/integration-test/target/test-dir/MiniOzoneClusterImpl-611c99c7-d47b-4433-a4ef-cd0a35b076ef/ozone-metadata/datanode-7/ratis to VolumeSet
2025-10-10 10:37:44,299 [ForkJoinPool-1-worker-1] INFO  ozoneimpl.OzoneContainer (HddsVolumeUtil.java:loadAllHddsVolumeDbStore(102)) - Load 1 volumes DbStore cost: 0ms
2025-10-10 10:37:44,299 [ForkJoinPool-1-worker-1] WARN  db.DBStoreBuilder (DBStoreBuilder.java:getDBDirPath(157)) - ozone.scm.datanode.id.dir is not configured. We recommend adding this setting. Falling back to ozone.metadata.dirs instead.
2025-10-10 10:37:44,300 [ForkJoinPool-1-worker-1] WARN  db.DBStoreBuilder (DBStoreBuilder.java:getDBDirPath(157)) - ozone.scm.datanode.id.dir is not configured. We recommend adding this setting. Falling back to ozone.metadata.dirs instead.
2025-10-10 10:37:44,303 [ad892cb1-3002-4758-a303-de6f39da4dbc-EndpointStateMachineTaskThread-/0.0.0.0:15002-0 ] INFO  volume.ThrottledAsyncChecker (ThrottledAsyncChecker.java:schedule(138)) - Scheduling a check for /home/runner/work/ozone/ozone/hadoop-ozone/integration-test/target/test-dir/MiniOzoneClusterImpl-611c99c7-d47b-4433-a4ef-cd0a35b076ef/ozone-metadata/datanode-4/ratis
2025-10-10 10:37:44,304 [ad892cb1-3002-4758-a303-de6f39da4dbc-EndpointStateMachineTaskThread-/0.0.0.0:15002-0 ] INFO  volume.StorageVolumeChecker (StorageVolumeChecker.java:checkAllVolumes(231)) - Scheduled health check for volume /home/runner/work/ozone/ozone/hadoop-ozone/integration-test/target/test-dir/MiniOzoneClusterImpl-611c99c7-d47b-4433-a4ef-cd0a35b076ef/ozone-metadata/datanode-4/ratis
2025-10-10 10:37:44,305 [ad892cb1-3002-4758-a303-de6f39da4dbc-EndpointStateMachineTaskThread-/0.0.0.0:15002-0 ] INFO  ozoneimpl.OzoneContainer (OzoneContainer.java:start(525)) - Attempting to start container services.
2025-10-10 10:37:44,306 [ContainerMetadataScanner] INFO  ozoneimpl.AbstractBackgroundContainerScanner (AbstractBackgroundContainerScanner.java:runIteration(89)) - Completed an iteration in 0 minutes. Number of iterations (since the data-node restart) : 1, Number of containers scanned in this iteration : 0, Number of unhealthy containers found in this iteration : 0
2025-10-10 10:37:44,306 [ContainerDataScanner(/home/runner/work/ozone/ozone/hadoop-ozone/integration-test/target/test-dir/MiniOzoneClusterImpl-611c99c7-d47b-4433-a4ef-cd0a35b076ef/ozone-metadata/datanode-4/data-0/hdds)] INFO  ozoneimpl.AbstractBackgroundContainerScanner (AbstractBackgroundContainerScanner.java:runIteration(89)) - Completed an iteration in 0 minutes. Number of iterations (since the data-node restart) : 1, Number of containers scanned in this iteration : 0, Number of unhealthy containers found in this iteration : 0
2025-10-10 10:37:44,307 [ad892cb1-3002-4758-a303-de6f39da4dbc-EndpointStateMachineTaskThread-/0.0.0.0:15002-0 ] INFO  replication.ReplicationServer (ReplicationServer.java:start(137)) - ReplicationServer is started using port 15041
2025-10-10 10:37:44,308 [ad892cb1-3002-4758-a303-de6f39da4dbc-EndpointStateMachineTaskThread-/0.0.0.0:15002-0 ] INFO  ratis.XceiverServerRatis (XceiverServerRatis.java:start(559)) - Starting XceiverServerRatis(ad892cb1-3002-4758-a303-de6f39da4dbc)
2025-10-10 10:37:44,309 [ad892cb1-3002-4758-a303-de6f39da4dbc-EndpointStateMachineTaskThread-/0.0.0.0:15002-0 ] INFO  server.RaftServer (RaftServerProxy.java:startImpl(412)) - ad892cb1-3002-4758-a303-de6f39da4dbc: start RPC server
2025-10-10 10:37:44,310 [ad892cb1-3002-4758-a303-de6f39da4dbc-EndpointStateMachineTaskThread-/0.0.0.0:15002-0 ] INFO  server.GrpcServicesImpl (GrpcServicesImpl.java:startImpl(346)) - ad892cb1-3002-4758-a303-de6f39da4dbc: GrpcServicesImpl started, listening on 15037
2025-10-10 10:37:44,310 [ad892cb1-3002-4758-a303-de6f39da4dbc-EndpointStateMachineTaskThread-/0.0.0.0:15002-0 ] INFO  server.GrpcServicesImpl (GrpcServicesImpl.java:startImpl(346)) - ad892cb1-3002-4758-a303-de6f39da4dbc: GrpcServicesImpl started, listening on 15039
2025-10-10 10:37:44,311 [ad892cb1-3002-4758-a303-de6f39da4dbc-EndpointStateMachineTaskThread-/0.0.0.0:15002-0 ] INFO  server.GrpcServicesImpl (GrpcServicesImpl.java:startImpl(346)) - ad892cb1-3002-4758-a303-de6f39da4dbc: GrpcServicesImpl started, listening on 15038
2025-10-10 10:37:44,311 [ad892cb1-3002-4758-a303-de6f39da4dbc-EndpointStateMachineTaskThread-/0.0.0.0:15002-0 ] INFO  ratis.XceiverServerRatis (XceiverServerRatis.java:getRealPort(586)) - XceiverServerRatis(ad892cb1-3002-4758-a303-de6f39da4dbc) is started using port RATIS=15037
2025-10-10 10:37:44,311 [ad892cb1-3002-4758-a303-de6f39da4dbc-EndpointStateMachineTaskThread-/0.0.0.0:15002-0 ] INFO  ratis.XceiverServerRatis (XceiverServerRatis.java:getRealPort(586)) - XceiverServerRatis(ad892cb1-3002-4758-a303-de6f39da4dbc) is started using port RATIS_ADMIN=15038
2025-10-10 10:37:44,311 [ad892cb1-3002-4758-a303-de6f39da4dbc-EndpointStateMachineTaskThread-/0.0.0.0:15002-0 ] INFO  ratis.XceiverServerRatis (XceiverServerRatis.java:getRealPort(586)) - XceiverServerRatis(ad892cb1-3002-4758-a303-de6f39da4dbc) is started using port RATIS_SERVER=15039
2025-10-10 10:37:44,311 [ad892cb1-3002-4758-a303-de6f39da4dbc-EndpointStateMachineTaskThread-/0.0.0.0:15002-0 ] INFO  ratis.XceiverServerRatis (XceiverServerRatis.java:getRealPort(586)) - XceiverServerRatis(ad892cb1-3002-4758-a303-de6f39da4dbc) is started using port RATIS_DATASTREAM=15040
2025-10-10 10:37:44,311 [JvmPauseMonitor6] INFO  util.JvmPauseMonitor (JvmPauseMonitor.java:run(146)) - JvmPauseMonitor-ad892cb1-3002-4758-a303-de6f39da4dbc: Started
2025-10-10 10:37:44,312 [ad892cb1-3002-4758-a303-de6f39da4dbc-EndpointStateMachineTaskThread-/0.0.0.0:15002-0 ] INFO  utils.BackgroundService (BackgroundService.java:start(119)) - Starting service BlockDeletingService with interval 60000 milliseconds
2025-10-10 10:37:44,313 [ad892cb1-3002-4758-a303-de6f39da4dbc-EndpointStateMachineTaskThread-/0.0.0.0:15002-0 ] INFO  utils.BackgroundService (BackgroundService.java:start(119)) - Starting service StaleRecoveringContainerScrubbingService with interval 60000 milliseconds
2025-10-10 10:37:44,318 [ForkJoinPool-1-worker-1] INFO  impl.FilePerChunkStrategy (FilePerChunkStrategy.java:<init>(79)) - ozone.chunk.read.mapped.buffer.max.count is load with 0
2025-10-10 10:37:44,318 [ForkJoinPool-1-worker-1] INFO  impl.FilePerBlockStrategy (FilePerBlockStrategy.java:<init>(88)) - ozone.chunk.read.mapped.buffer.max.count is load with 0
2025-10-10 10:37:44,319 [ForkJoinPool-1-worker-1] INFO  server.RaftServerConfigKeys (ConfUtils.java:logGet(62)) - raft.server.log.appender.buffer.byte-limit = 33554432 (custom)
2025-10-10 10:37:44,321 [ForkJoinPool-1-worker-1] INFO  grpc.GrpcConfigKeys (ConfUtils.java:logFallback(69)) - raft.grpc.admin.host = null (fallback to raft.grpc.server.host)
2025-10-10 10:37:44,321 [ForkJoinPool-1-worker-1] INFO  grpc.GrpcConfigKeys (ConfUtils.java:logGet(62)) - raft.grpc.admin.port = 15062 (custom)
2025-10-10 10:37:44,321 [ForkJoinPool-1-worker-1] INFO  grpc.GrpcConfigKeys (ConfUtils.java:logFallback(69)) - raft.grpc.client.host = null (fallback to raft.grpc.server.host)
2025-10-10 10:37:44,321 [ForkJoinPool-1-worker-1] INFO  grpc.GrpcConfigKeys (ConfUtils.java:logGet(62)) - raft.grpc.client.port = 15061 (custom)
2025-10-10 10:37:44,322 [ForkJoinPool-1-worker-1] INFO  grpc.GrpcConfigKeys (ConfUtils.java:logGet(62)) - raft.grpc.server.port = 15063 (custom)
2025-10-10 10:37:44,322 [ForkJoinPool-1-worker-1] INFO  server.GrpcServicesImpl (ConfUtils.java:logGet(62)) - raft.grpc.message.size.max = 34603008 (custom)
2025-10-10 10:37:44,322 [ForkJoinPool-1-worker-1] INFO  server.GrpcServicesImpl (ConfUtils.java:logGet(62)) - raft.grpc.flow.control.window = 5MB (=5242880) (custom)
2025-10-10 10:37:44,322 [ForkJoinPool-1-worker-1] INFO  server.RaftServerConfigKeys (ConfUtils.java:logGet(62)) - raft.server.log.appender.buffer.byte-limit = 33554432 (custom)
2025-10-10 10:37:44,324 [ForkJoinPool-1-worker-1] INFO  netty.NettyUtils (NettyUtils.java:newEventLoopGroup(74)) - Create EpollEventLoopGroup for aa9634f0-8836-44d6-bc05-5b19fbdd93d5-NettyServerStreamRpc-bossGroup; Thread size is 0.
2025-10-10 10:37:44,325 [ForkJoinPool-1-worker-1] INFO  netty.NettyUtils (NettyUtils.java:newEventLoopGroup(74)) - Create EpollEventLoopGroup for aa9634f0-8836-44d6-bc05-5b19fbdd93d5-NettyServerStreamRpc-workerGroup; Thread size is 0.
2025-10-10 10:37:44,325 [ForkJoinPool-1-worker-1] INFO  netty.NettyConfigKeys$DataStream (ConfUtils.java:logGet(62)) - raft.netty.dataStream.port = 15064 (custom)
2025-10-10 10:37:44,326 [ForkJoinPool-1-worker-1] INFO  server.RaftServerConfigKeys (ConfUtils.java:logGet(62)) - raft.server.storage.dir = [/home/runner/work/ozone/ozone/hadoop-ozone/integration-test/target/test-dir/MiniOzoneClusterImpl-611c99c7-d47b-4433-a4ef-cd0a35b076ef/ozone-metadata/datanode-7/ratis] (custom)
2025-10-10 10:37:44,326 [aa9634f0-8836-44d6-bc05-5b19fbdd93d5-NettyServerStreamRpc-bossGroup--thread1] INFO  logging.LoggingHandler (AbstractInternalLogger.java:log(148)) - [id: 0xd70155d6] REGISTERED
2025-10-10 10:37:44,326 [aa9634f0-8836-44d6-bc05-5b19fbdd93d5-NettyServerStreamRpc-bossGroup--thread1] INFO  logging.LoggingHandler (AbstractInternalLogger.java:log(148)) - [id: 0xd70155d6] BIND: 0.0.0.0/0.0.0.0:15064
2025-10-10 10:37:44,326 [aa9634f0-8836-44d6-bc05-5b19fbdd93d5-NettyServerStreamRpc-bossGroup--thread1] INFO  logging.LoggingHandler (AbstractInternalLogger.java:log(148)) - [id: 0xd70155d6, L:/0.0.0.0:15064] ACTIVE
2025-10-10 10:37:44,326 [aa9634f0-8836-44d6-bc05-5b19fbdd93d5-impl-thread1] INFO  server.RaftServer (RaftServerProxy.java:initGroupDir(270)) - aa9634f0-8836-44d6-bc05-5b19fbdd93d5: found a subdirectory /home/runner/work/ozone/ozone/hadoop-ozone/integration-test/target/test-dir/MiniOzoneClusterImpl-611c99c7-d47b-4433-a4ef-cd0a35b076ef/ozone-metadata/datanode-7/ratis/tmp
2025-10-10 10:37:44,326 [aa9634f0-8836-44d6-bc05-5b19fbdd93d5-impl-thread1] INFO  server.RaftServer (RaftServerProxy.java:initGroupDir(275)) - aa9634f0-8836-44d6-bc05-5b19fbdd93d5: The directory /home/runner/work/ozone/ozone/hadoop-ozone/integration-test/target/test-dir/MiniOzoneClusterImpl-611c99c7-d47b-4433-a4ef-cd0a35b076ef/ozone-metadata/datanode-7/ratis/tmp is not a group directory; ignoring it. 
2025-10-10 10:37:44,327 [ForkJoinPool-1-worker-1] INFO  replication.ReplicationServer (ReplicationServer.java:<init>(84)) - Initializing replication server with thread count = 10 queue length = 4096
2025-10-10 10:37:44,328 [ForkJoinPool-1-worker-1] INFO  server.XceiverServerGrpc (XceiverServerGrpc.java:<init>(129)) - GrpcServer channel type EpollServerSocketChannel
2025-10-10 10:37:44,336 [ForkJoinPool-1-worker-1] INFO  replication.ReplicationSupervisor (ReplicationSupervisor.java:build(169)) - Initializing replication supervisor with thread count = 10
2025-10-10 10:37:44,336 [ForkJoinPool-1-worker-1] INFO  replication.ReplicationSupervisor (ReplicationSupervisor.java:nodeStateUpdated(358)) - Node state updated to IN_SERVICE, scaling executor pool size to 10
2025-10-10 10:37:44,340 [ForkJoinPool-1-worker-1] INFO  http.BaseHttpServer (BaseHttpServer.java:newHttpServer2BuilderForOzone(227)) - Starting Web-server for hddsDatanode at: http://0.0.0.0:15058
2025-10-10 10:37:44,340 [ForkJoinPool-1-worker-1] INFO  http.BaseHttpServer (BaseHttpServer.java:<init>(105)) - Hadoop Security Enabled: false Ozone Security Enabled: false Ozone HTTP Security Enabled: false 
2025-10-10 10:37:44,342 [ForkJoinPool-1-worker-1] WARN  server.AuthenticationFilter (AuthenticationFilter.java:constructSecretProvider(240)) - Unable to initialize FileSignerSecretProvider, falling back to use random secrets. Reason: Could not read signature secret file: /home/runner/hadoop-http-auth-signature-secret
2025-10-10 10:37:44,345 [ForkJoinPool-1-worker-1] INFO  http.HttpServer2 (HttpServer2.java:addGlobalFilter(1040)) - Added global filter 'safety' (class=org.apache.hadoop.hdds.server.http.HttpServer2$QuotingInputFilter)
2025-10-10 10:37:44,347 [ForkJoinPool-1-worker-1] INFO  http.HttpServer2 (HttpServer2.java:addFilter(1016)) - Added filter static_user_filter (class=org.apache.hadoop.http.lib.StaticUserWebFilter$StaticUserFilter) to context hddsDatanode
2025-10-10 10:37:44,347 [ForkJoinPool-1-worker-1] INFO  http.HttpServer2 (HttpServer2.java:addFilter(1024)) - Added filter static_user_filter (class=org.apache.hadoop.http.lib.StaticUserWebFilter$StaticUserFilter) to context logs
2025-10-10 10:37:44,347 [ForkJoinPool-1-worker-1] INFO  http.HttpServer2 (HttpServer2.java:addFilter(1024)) - Added filter static_user_filter (class=org.apache.hadoop.http.lib.StaticUserWebFilter$StaticUserFilter) to context static
2025-10-10 10:37:44,347 [ForkJoinPool-1-worker-1] INFO  http.BaseHttpServer (BaseHttpServer.java:<init>(193)) - HTTP server of hddsDatanode uses base directory /home/runner/work/ozone/ozone/hadoop-ozone/integration-test/target/test-dir/MiniOzoneClusterImpl-611c99c7-d47b-4433-a4ef-cd0a35b076ef/scm/ozone-metadata/webserver
2025-10-10 10:37:44,348 [ForkJoinPool-1-worker-1] INFO  http.HttpServer2 (HttpServer2.java:bindListener(1240)) - Jetty bound to port 15058
2025-10-10 10:37:44,348 [ForkJoinPool-1-worker-1] INFO  server.Server (Server.java:doStart(375)) - jetty-9.4.58.v20250814; built: 2025-08-14T02:28:49.637Z; git: 8f1440587e9e4ae7db3d74cf205643f3d707148d; jvm 21.0.8+9-LTS
2025-10-10 10:37:44,349 [ForkJoinPool-1-worker-1] INFO  server.session (DefaultSessionIdManager.java:doStart(334)) - DefaultSessionIdManager workerName=node0
2025-10-10 10:37:44,349 [ForkJoinPool-1-worker-1] INFO  server.session (DefaultSessionIdManager.java:doStart(339)) - No SessionScavenger set, using defaults
2025-10-10 10:37:44,349 [ForkJoinPool-1-worker-1] INFO  server.session (HouseKeeper.java:startScavenging(132)) - node0 Scavenging every 600000ms
2025-10-10 10:37:44,350 [ForkJoinPool-1-worker-1] INFO  handler.ContextHandler (ContextHandler.java:doStart(921)) - Started o.e.j.s.ServletContextHandler@72b63002{logs,/logs,file:///home/runner/work/ozone/ozone/hadoop-ozone/integration-test/target/log,AVAILABLE}
2025-10-10 10:37:44,351 [ForkJoinPool-1-worker-1] INFO  handler.ContextHandler (ContextHandler.java:doStart(921)) - Started o.e.j.s.ServletContextHandler@1457bcf1{static,/static,jar:file:/home/runner/work/ozone/ozone/hadoop-hdds/container-service/target/hdds-container-service-2.1.0-SNAPSHOT.jar!/webapps/static,AVAILABLE}
2025-10-10 10:37:44,463 [IPC Server handler 7 on default port 15002] INFO  net.NetworkTopologyImpl (NetworkTopologyImpl.java:add(133)) - Added a new node: /rack1/bb95c33f-a3cb-4bbe-957e-8163c1fc1114
2025-10-10 10:37:44,464 [IPC Server handler 7 on default port 15002] INFO  node.SCMNodeManager (SCMNodeManager.java:register(423)) - Registered datanode: bb95c33f-a3cb-4bbe-957e-8163c1fc1114{ip: 127.0.0.1, host: localhost, ports: [HTTP=15026, CLIENT_RPC=15027, REPLICATION=15033, RATIS=15029, RATIS_ADMIN=15030, RATIS_SERVER=15031, RATIS_DATASTREAM=15032, STANDALONE=15028], networkLocation: /rack1, certSerialId: null, persistedOpState: null, persistedOpStateExpiryEpochSec: 0}
2025-10-10 10:37:44,465 [EventQueue-NodeRegistrationContainerReportForDataNodeSafeModeRule] INFO  safemode.SCMSafeModeManager (DataNodeSafeModeRule.java:process(80)) - SCM in safe mode. 3 DataNodes registered, 3 required.
2025-10-10 10:37:44,465 [EventQueue-NodeRegistrationContainerReportForDataNodeSafeModeRule] INFO  safemode.SCMSafeModeManager (SCMSafeModeManager.java:validateSafeModeExitRules(138)) - DataNodeSafeModeRule rule is successfully validated
2025-10-10 10:37:44,466 [EventQueue-NodeRegistrationContainerReportForDataNodeSafeModeRule] INFO  safemode.SCMSafeModeManager (SCMSafeModeManager.java:validateSafeModeExitRules(151)) - All SCM safe mode pre check rules have passed
2025-10-10 10:37:44,466 [EventQueue-NodeRegistrationContainerReportForDataNodeSafeModeRule] INFO  ha.SCMContext (SCMContext.java:updateSafeModeStatus(224)) - Update SafeModeStatus from SafeModeStatus{safeModeStatus=true, preCheckPassed=false} to SafeModeStatus{safeModeStatus=true, preCheckPassed=true}.
2025-10-10 10:37:44,465 [EventQueue-NewNodeForNewNodeHandler] INFO  pipeline.BackgroundPipelineCreator (BackgroundPipelineCreator.java:notifyEventTriggered(290)) - trigger a one-shot run on RatisPipelineUtilsThread.
2025-10-10 10:37:44,466 [EventQueue-NodeRegistrationContainerReportForDataNodeSafeModeRule] INFO  pipeline.BackgroundPipelineCreator (BackgroundPipelineCreator.java:notifyEventTriggered(290)) - trigger a one-shot run on RatisPipelineUtilsThread.
2025-10-10 10:37:44,466 [EventQueue-PipelineReportForOneReplicaPipelineSafeModeRule] INFO  safemode.SCMSafeModeManager (SCMSafeModeManager.java:validateSafeModeExitRules(138)) - AtleastOneDatanodeReportedRule rule is successfully validated
2025-10-10 10:37:44,467 [RatisPipelineUtilsThread-0] INFO  pipeline.RatisPipelineProvider (RatisPipelineProvider.java:lambda$create$0(208)) - Sending CreatePipelineCommand for pipeline:Pipeline-383f4c41-c860-4c85-a7b1-ff215623fab7 to datanode:bb95c33f-a3cb-4bbe-957e-8163c1fc1114(localhost/127.0.0.1)
2025-10-10 10:37:44,467 [EventQueue-ContainerRegistrationReportForECContainerSafeModeRule] INFO  safemode.SCMSafeModeManager (SCMSafeModeManager.java:validateSafeModeExitRules(138)) - ECContainerSafeModeRule rule is successfully validated
2025-10-10 10:37:44,467 [EventQueue-ContainerRegistrationReportForRatisContainerSafeModeRule] INFO  safemode.SCMSafeModeManager (SCMSafeModeManager.java:validateSafeModeExitRules(138)) - RatisContainerSafeModeRule rule is successfully validated
2025-10-10 10:37:44,472 [8502da08-471d-490f-823d-1244cc2731b5@group-CD0A35B076EF-StateMachineUpdater] INFO  safemode.SCMSafeModeManager (SCMSafeModeManager.java:validateSafeModeExitRules(138)) - DataNodeSafeModeRule rule is successfully validated
2025-10-10 10:37:44,472 [8502da08-471d-490f-823d-1244cc2731b5@group-CD0A35B076EF-StateMachineUpdater] INFO  safemode.SCMSafeModeManager (SCMSafeModeManager.java:validateSafeModeExitRules(138)) - RatisContainerSafeModeRule rule is successfully validated
2025-10-10 10:37:44,473 [8502da08-471d-490f-823d-1244cc2731b5@group-CD0A35B076EF-StateMachineUpdater] INFO  safemode.HealthyPipelineSafeModeRule (HealthyPipelineSafeModeRule.java:initializeRule(228)) - Refreshed total pipeline count is 0, healthy pipeline threshold count is 1
2025-10-10 10:37:44,473 [8502da08-471d-490f-823d-1244cc2731b5@group-CD0A35B076EF-StateMachineUpdater] INFO  safemode.SCMSafeModeManager (SCMSafeModeManager.java:validateSafeModeExitRules(138)) - ECContainerSafeModeRule rule is successfully validated
2025-10-10 10:37:44,473 [8502da08-471d-490f-823d-1244cc2731b5@group-CD0A35B076EF-StateMachineUpdater] INFO  safemode.SCMSafeModeManager (SCMSafeModeManager.java:validateSafeModeExitRules(138)) - AtleastOneDatanodeReportedRule rule is successfully validated
2025-10-10 10:37:44,473 [RatisPipelineUtilsThread-0] INFO  pipeline.BackgroundPipelineCreator (BackgroundPipelineCreator.java:createPipelines(246)) - Created new pipeline Pipeline{ Id: 383f4c41-c860-4c85-a7b1-ff215623fab7, Nodes: [ {bb95c33f-a3cb-4bbe-957e-8163c1fc1114(localhost/127.0.0.1), ReplicaIndex: 0},], ReplicationConfig: RATIS/ONE, State:ALLOCATED, leaderId:, CreationTimestamp2025-10-10T10:37:44.467305163Z[Etc/UTC]}
2025-10-10 10:37:44,477 [RatisPipelineUtilsThread-0] INFO  pipeline.RatisPipelineProvider (RatisPipelineProvider.java:lambda$create$0(208)) - Sending CreatePipelineCommand for pipeline:Pipeline-6f49885d-a34d-467d-8256-7e155e250634 to datanode:bb95c33f-a3cb-4bbe-957e-8163c1fc1114(localhost/127.0.0.1)
2025-10-10 10:37:44,478 [RatisPipelineUtilsThread-0] INFO  pipeline.RatisPipelineProvider (RatisPipelineProvider.java:lambda$create$0(208)) - Sending CreatePipelineCommand for pipeline:Pipeline-6f49885d-a34d-467d-8256-7e155e250634 to datanode:1a301c79-b9ef-44e0-a0ae-b339f61819a5(localhost/127.0.0.1)
2025-10-10 10:37:44,478 [RatisPipelineUtilsThread-0] INFO  pipeline.RatisPipelineProvider (RatisPipelineProvider.java:lambda$create$0(208)) - Sending CreatePipelineCommand for pipeline:Pipeline-6f49885d-a34d-467d-8256-7e155e250634 to datanode:43369f36-6a0f-45ae-a8eb-f0d390948370(localhost/127.0.0.1)
2025-10-10 10:37:44,482 [8502da08-471d-490f-823d-1244cc2731b5@group-CD0A35B076EF-StateMachineUpdater] INFO  safemode.SCMSafeModeManager (SCMSafeModeManager.java:validateSafeModeExitRules(138)) - DataNodeSafeModeRule rule is successfully validated
2025-10-10 10:37:44,483 [8502da08-471d-490f-823d-1244cc2731b5@group-CD0A35B076EF-StateMachineUpdater] INFO  safemode.SCMSafeModeManager (SCMSafeModeManager.java:validateSafeModeExitRules(138)) - RatisContainerSafeModeRule rule is successfully validated
2025-10-10 10:37:44,483 [8502da08-471d-490f-823d-1244cc2731b5@group-CD0A35B076EF-StateMachineUpdater] INFO  safemode.HealthyPipelineSafeModeRule (HealthyPipelineSafeModeRule.java:initializeRule(228)) - Refreshed total pipeline count is 0, healthy pipeline threshold count is 1
2025-10-10 10:37:44,483 [8502da08-471d-490f-823d-1244cc2731b5@group-CD0A35B076EF-StateMachineUpdater] INFO  safemode.SCMSafeModeManager (SCMSafeModeManager.java:validateSafeModeExitRules(138)) - ECContainerSafeModeRule rule is successfully validated
2025-10-10 10:37:44,483 [8502da08-471d-490f-823d-1244cc2731b5@group-CD0A35B076EF-StateMachineUpdater] INFO  safemode.SCMSafeModeManager (SCMSafeModeManager.java:validateSafeModeExitRules(138)) - AtleastOneDatanodeReportedRule rule is successfully validated
2025-10-10 10:37:44,484 [RatisPipelineUtilsThread-0] INFO  pipeline.BackgroundPipelineCreator (BackgroundPipelineCreator.java:createPipelines(246)) - Created new pipeline Pipeline{ Id: 6f49885d-a34d-467d-8256-7e155e250634, Nodes: [ {bb95c33f-a3cb-4bbe-957e-8163c1fc1114(localhost/127.0.0.1), ReplicaIndex: 0}, {1a301c79-b9ef-44e0-a0ae-b339f61819a5(localhost/127.0.0.1), ReplicaIndex: 0}, {43369f36-6a0f-45ae-a8eb-f0d390948370(localhost/127.0.0.1), ReplicaIndex: 0},], ReplicationConfig: RATIS/THREE, State:ALLOCATED, leaderId:, CreationTimestamp2025-10-10T10:37:44.477866863Z[Etc/UTC]}
2025-10-10 10:37:44,484 [RatisPipelineUtilsThread-0] INFO  pipeline.RatisPipelineProvider (RatisPipelineProvider.java:lambda$create$0(208)) - Sending CreatePipelineCommand for pipeline:Pipeline-c1a6ce75-0ec5-4b07-b27a-63acbe5f7eda to datanode:43369f36-6a0f-45ae-a8eb-f0d390948370(localhost/127.0.0.1)
2025-10-10 10:37:44,485 [RatisPipelineUtilsThread-0] INFO  pipeline.RatisPipelineProvider (RatisPipelineProvider.java:lambda$create$0(208)) - Sending CreatePipelineCommand for pipeline:Pipeline-c1a6ce75-0ec5-4b07-b27a-63acbe5f7eda to datanode:1a301c79-b9ef-44e0-a0ae-b339f61819a5(localhost/127.0.0.1)
2025-10-10 10:37:44,486 [RatisPipelineUtilsThread-0] INFO  pipeline.RatisPipelineProvider (RatisPipelineProvider.java:lambda$create$0(208)) - Sending CreatePipelineCommand for pipeline:Pipeline-c1a6ce75-0ec5-4b07-b27a-63acbe5f7eda to datanode:bb95c33f-a3cb-4bbe-957e-8163c1fc1114(localhost/127.0.0.1)
2025-10-10 10:37:44,493 [8502da08-471d-490f-823d-1244cc2731b5@group-CD0A35B076EF-StateMachineUpdater] INFO  safemode.SCMSafeModeManager (SCMSafeModeManager.java:validateSafeModeExitRules(138)) - DataNodeSafeModeRule rule is successfully validated
2025-10-10 10:37:44,494 [8502da08-471d-490f-823d-1244cc2731b5@group-CD0A35B076EF-StateMachineUpdater] INFO  safemode.SCMSafeModeManager (SCMSafeModeManager.java:validateSafeModeExitRules(138)) - RatisContainerSafeModeRule rule is successfully validated
2025-10-10 10:37:44,494 [8502da08-471d-490f-823d-1244cc2731b5@group-CD0A35B076EF-StateMachineUpdater] INFO  safemode.HealthyPipelineSafeModeRule (HealthyPipelineSafeModeRule.java:initializeRule(228)) - Refreshed total pipeline count is 0, healthy pipeline threshold count is 1
2025-10-10 10:37:44,494 [8502da08-471d-490f-823d-1244cc2731b5@group-CD0A35B076EF-StateMachineUpdater] INFO  safemode.SCMSafeModeManager (SCMSafeModeManager.java:validateSafeModeExitRules(138)) - ECContainerSafeModeRule rule is successfully validated
2025-10-10 10:37:44,494 [8502da08-471d-490f-823d-1244cc2731b5@group-CD0A35B076EF-StateMachineUpdater] INFO  safemode.SCMSafeModeManager (SCMSafeModeManager.java:validateSafeModeExitRules(138)) - AtleastOneDatanodeReportedRule rule is successfully validated
2025-10-10 10:37:44,494 [RatisPipelineUtilsThread-0] INFO  pipeline.PipelineManagerImpl (PipelineManagerImpl.java:recordMetricsForPipeline(922)) - Pipeline-c1a6ce75-0ec5-4b07-b27a-63acbe5f7eda and Pipeline-6f49885d-a34d-467d-8256-7e155e250634 have exactly the same set of datanodes: [43369f36-6a0f-45ae-a8eb-f0d390948370(localhost/127.0.0.1), 1a301c79-b9ef-44e0-a0ae-b339f61819a5(localhost/127.0.0.1), bb95c33f-a3cb-4bbe-957e-8163c1fc1114(localhost/127.0.0.1)]
2025-10-10 10:37:44,495 [RatisPipelineUtilsThread-0] INFO  pipeline.BackgroundPipelineCreator (BackgroundPipelineCreator.java:createPipelines(246)) - Created new pipeline Pipeline{ Id: c1a6ce75-0ec5-4b07-b27a-63acbe5f7eda, Nodes: [ {43369f36-6a0f-45ae-a8eb-f0d390948370(localhost/127.0.0.1), ReplicaIndex: 0}, {1a301c79-b9ef-44e0-a0ae-b339f61819a5(localhost/127.0.0.1), ReplicaIndex: 0}, {bb95c33f-a3cb-4bbe-957e-8163c1fc1114(localhost/127.0.0.1), ReplicaIndex: 0},], ReplicationConfig: RATIS/THREE, State:ALLOCATED, leaderId:, CreationTimestamp2025-10-10T10:37:44.484946587Z[Etc/UTC]}
2025-10-10 10:37:44,509 [ForkJoinPool-1-worker-1] INFO  handler.ContextHandler (ContextHandler.java:doStart(921)) - Started o.e.j.w.WebAppContext@58c94c5a{hddsDatanode,/,file:///home/runner/work/ozone/ozone/hadoop-ozone/integration-test/target/test-dir/MiniOzoneClusterImpl-611c99c7-d47b-4433-a4ef-cd0a35b076ef/scm/ozone-metadata/webserver/jetty-0_0_0_0-15058-hdds-container-service-2_1_0-SNAPSHOT_jar-_-any-15450406847828173434/webapp/,AVAILABLE}{jar:file:/home/runner/work/ozone/ozone/hadoop-hdds/container-service/target/hdds-container-service-2.1.0-SNAPSHOT.jar!/webapps/hddsDatanode}
2025-10-10 10:37:44,512 [ForkJoinPool-1-worker-1] INFO  server.AbstractConnector (AbstractConnector.java:doStart(333)) - Started ServerConnector@6d862bf1{HTTP/1.1, (http/1.1)}{0.0.0.0:15058}
2025-10-10 10:37:44,512 [ForkJoinPool-1-worker-1] INFO  server.Server (Server.java:doStart(415)) - Started @13200ms
2025-10-10 10:37:44,512 [ForkJoinPool-1-worker-1] WARN  impl.MetricsSystemImpl (MetricsSystemImpl.java:register(279)) - Sink prometheus already exists!
2025-10-10 10:37:44,512 [ForkJoinPool-1-worker-1] INFO  http.BaseHttpServer (BaseHttpServer.java:updateConnectorAddress(357)) - HTTP server of hddsDatanode listening at http://localhost:15058
2025-10-10 10:37:44,513 [ForkJoinPool-1-worker-1] INFO  ipc.CallQueueManager (CallQueueManager.java:<init>(93)) - Using callQueue: class java.util.concurrent.LinkedBlockingQueue, queueCapacity: 1000, scheduler: class org.apache.hadoop.ipc.DefaultRpcScheduler, ipcBackoff: false, ipcFailOver: false.
2025-10-10 10:37:44,513 [ForkJoinPool-1-worker-1] INFO  ipc.Server (Server.java:<init>(1438)) - Listener at 0.0.0.0:15059
2025-10-10 10:37:44,514 [Socket Reader #1 for port 15059] INFO  ipc.Server (Server.java:run(1474)) - Starting Socket Reader #1 for port 15059
2025-10-10 10:37:44,516 [Socket Reader #2 for port 15059] INFO  ipc.Server (Server.java:run(1474)) - Starting Socket Reader #2 for port 15059
2025-10-10 10:37:44,516 [Socket Reader #3 for port 15059] INFO  ipc.Server (Server.java:run(1474)) - Starting Socket Reader #3 for port 15059
2025-10-10 10:37:44,517 [Socket Reader #4 for port 15059] INFO  ipc.Server (Server.java:run(1474)) - Starting Socket Reader #4 for port 15059
2025-10-10 10:37:44,518 [Socket Reader #5 for port 15059] INFO  ipc.Server (Server.java:run(1474)) - Starting Socket Reader #5 for port 15059
2025-10-10 10:37:44,518 [Socket Reader #6 for port 15059] INFO  ipc.Server (Server.java:run(1474)) - Starting Socket Reader #6 for port 15059
2025-10-10 10:37:44,519 [Socket Reader #7 for port 15059] INFO  ipc.Server (Server.java:run(1474)) - Starting Socket Reader #7 for port 15059
2025-10-10 10:37:44,519 [Socket Reader #8 for port 15059] INFO  ipc.Server (Server.java:run(1474)) - Starting Socket Reader #8 for port 15059
2025-10-10 10:37:44,520 [Socket Reader #9 for port 15059] INFO  ipc.Server (Server.java:run(1474)) - Starting Socket Reader #9 for port 15059
2025-10-10 10:37:44,521 [Socket Reader #10 for port 15059] INFO  ipc.Server (Server.java:run(1474)) - Starting Socket Reader #10 for port 15059
2025-10-10 10:37:44,524 [ForkJoinPool-1-worker-1] INFO  ozone.HddsDatanodeService (HddsDatanodeService.java:start(333)) - Datanode start with admins: [admin, runner]
2025-10-10 10:37:44,524 [ForkJoinPool-1-worker-1] INFO  ozone.HddsDatanodeClientProtocolServer (HddsDatanodeClientProtocolServer.java:start(76)) - RPC server for Client /0.0.0.0:15059
2025-10-10 10:37:44,524 [IPC Server Responder] INFO  ipc.Server (Server.java:run(1713)) - IPC Server Responder: starting
2025-10-10 10:37:44,525 [IPC Server listener on 15059] INFO  ipc.Server (Server.java:run(1553)) - IPC Server listener on 15059: starting
2025-10-10 10:37:44,529 [ForkJoinPool-1-worker-1] WARN  dropwizard3.Dm3MetricRegistriesImpl (Dm3MetricRegistriesImpl.java:addReporterRegistration(114)) - New reporters are added after registries were created. Some metrics will be missing from the reporter. Please add reporter before adding any new registry.
2025-10-10 10:37:44,529 [ForkJoinPool-1-worker-1] WARN  dropwizard3.Dm3MetricRegistriesImpl (Dm3MetricRegistriesImpl.java:addReporterRegistration(114)) - New reporters are added after registries were created. Some metrics will be missing from the reporter. Please add reporter before adding any new registry.
2025-10-10 10:37:44,541 [aa9634f0-8836-44d6-bc05-5b19fbdd93d5-DatanodeStateMachineDaemonThread] INFO  statemachine.DatanodeStateMachine (DatanodeStateMachine.java:startStateMachineThread(363)) - Ozone container server started.
2025-10-10 10:37:44,554 [aa9634f0-8836-44d6-bc05-5b19fbdd93d5-DatanodeStateMachineTaskThread-0] INFO  datanode.InitDatanodeState (InitDatanodeState.java:persistContainerDatanodeDetails(139)) - DatanodeDetails is persisted to /home/runner/work/ozone/ozone/hadoop-ozone/integration-test/target/test-dir/MiniOzoneClusterImpl-611c99c7-d47b-4433-a4ef-cd0a35b076ef/ozone-metadata/datanode-7/ozone-metadata/datanode.id
2025-10-10 10:37:44,554 [ForkJoinPool-1-worker-1] INFO  protocol.DatanodeDetails (DatanodeDetails.java:validateDatanodeIpAddress(199)) - Updating IP address of datanode 36185c6b-22ce-45d1-a622-3a6b487a5a53(localhost/null) to 127.0.0.1
2025-10-10 10:37:44,555 [ForkJoinPool-1-worker-1] INFO  ozone.HddsDatanodeService (HddsDatanodeService.java:start(236)) - HddsDatanodeService 36185c6b-22ce-45d1-a622-3a6b487a5a53(localhost/127.0.0.1)
2025-10-10 10:37:44,559 [ForkJoinPool-1-worker-1] INFO  upgrade.AbstractLayoutVersionManager (AbstractLayoutVersionManager.java:init(80)) - Initializing Layout version manager with metadata layout = WITNESSED_CONTAINER_DB_PROTO_VALUE (version = 9), software layout = WITNESSED_CONTAINER_DB_PROTO_VALUE (version = 9)
2025-10-10 10:37:44,560 [ForkJoinPool-1-worker-1] INFO  statemachine.DatanodeStateMachine (DatanodeStateMachine.java:getEndPointTaskThreadPoolSize(321)) - Datanode State Machine Task Thread Pool size 2
2025-10-10 10:37:44,568 [ForkJoinPool-1-worker-1] INFO  volume.HddsVolume (HddsVolume.java:<init>(162)) - HddsVolume: { id=DS-85602ab9-6ee5-4b45-a8c3-5380de09caf6 dir=/home/runner/work/ozone/ozone/hadoop-ozone/integration-test/target/test-dir/MiniOzoneClusterImpl-611c99c7-d47b-4433-a4ef-cd0a35b076ef/ozone-metadata/datanode-8/data-0/hdds type=DISK capacity=9222449699674390527 used=0 available=9222449699674390527 minFree=9222450130714624 committed=0 }
2025-10-10 10:37:44,568 [ForkJoinPool-1-worker-1] INFO  volume.MutableVolumeSet (MutableVolumeSet.java:initializeVolumeSet(175)) - Added Volume : /home/runner/work/ozone/ozone/hadoop-ozone/integration-test/target/test-dir/MiniOzoneClusterImpl-611c99c7-d47b-4433-a4ef-cd0a35b076ef/ozone-metadata/datanode-8/data-0/hdds to VolumeSet
2025-10-10 10:37:44,571 [ForkJoinPool-1-worker-1] INFO  volume.MutableVolumeSet (MutableVolumeSet.java:initializeVolumeSet(175)) - Added Volume : /home/runner/work/ozone/ozone/hadoop-ozone/integration-test/target/test-dir/MiniOzoneClusterImpl-611c99c7-d47b-4433-a4ef-cd0a35b076ef/ozone-metadata/datanode-8/ratis to VolumeSet
2025-10-10 10:37:44,572 [ForkJoinPool-1-worker-1] INFO  ozoneimpl.OzoneContainer (HddsVolumeUtil.java:loadAllHddsVolumeDbStore(102)) - Load 1 volumes DbStore cost: 0ms
2025-10-10 10:37:44,573 [ForkJoinPool-1-worker-1] WARN  db.DBStoreBuilder (DBStoreBuilder.java:getDBDirPath(157)) - ozone.scm.datanode.id.dir is not configured. We recommend adding this setting. Falling back to ozone.metadata.dirs instead.
2025-10-10 10:37:44,574 [ForkJoinPool-1-worker-1] WARN  db.DBStoreBuilder (DBStoreBuilder.java:getDBDirPath(157)) - ozone.scm.datanode.id.dir is not configured. We recommend adding this setting. Falling back to ozone.metadata.dirs instead.
2025-10-10 10:37:44,590 [ForkJoinPool-1-worker-1] INFO  impl.FilePerChunkStrategy (FilePerChunkStrategy.java:<init>(79)) - ozone.chunk.read.mapped.buffer.max.count is load with 0
2025-10-10 10:37:44,591 [ForkJoinPool-1-worker-1] INFO  impl.FilePerBlockStrategy (FilePerBlockStrategy.java:<init>(88)) - ozone.chunk.read.mapped.buffer.max.count is load with 0
2025-10-10 10:37:44,592 [ForkJoinPool-1-worker-1] INFO  server.RaftServerConfigKeys (ConfUtils.java:logGet(62)) - raft.server.log.appender.buffer.byte-limit = 33554432 (custom)
2025-10-10 10:37:44,593 [9ab71813-e86f-4276-8581-297fed06961e-EndpointStateMachineTaskThread-/0.0.0.0:15002-0 ] INFO  utils.DatanodeStoreCache (DatanodeStoreCache.java:addDB(70)) - Added db /home/runner/work/ozone/ozone/hadoop-ozone/integration-test/target/test-dir/MiniOzoneClusterImpl-611c99c7-d47b-4433-a4ef-cd0a35b076ef/ozone-metadata/datanode-5/data-0/hdds/611c99c7-d47b-4433-a4ef-cd0a35b076ef/DS-4e487a0b-bc01-4abe-bc19-325c11ca8c9e/container.db to cache
2025-10-10 10:37:44,593 [9ab71813-e86f-4276-8581-297fed06961e-EndpointStateMachineTaskThread-/0.0.0.0:15002-0 ] INFO  volume.HddsVolume (HddsVolume.java:createDbStore(576)) - SchemaV3 db is created and loaded at /home/runner/work/ozone/ozone/hadoop-ozone/integration-test/target/test-dir/MiniOzoneClusterImpl-611c99c7-d47b-4433-a4ef-cd0a35b076ef/ozone-metadata/datanode-5/data-0/hdds/611c99c7-d47b-4433-a4ef-cd0a35b076ef/DS-4e487a0b-bc01-4abe-bc19-325c11ca8c9e/container.db for volume DS-4e487a0b-bc01-4abe-bc19-325c11ca8c9e
2025-10-10 10:37:44,594 [ForkJoinPool-1-worker-1] INFO  grpc.GrpcConfigKeys (ConfUtils.java:logFallback(69)) - raft.grpc.admin.host = null (fallback to raft.grpc.server.host)
2025-10-10 10:37:44,595 [ForkJoinPool-1-worker-1] INFO  grpc.GrpcConfigKeys (ConfUtils.java:logGet(62)) - raft.grpc.admin.port = 15070 (custom)
2025-10-10 10:37:44,596 [ForkJoinPool-1-worker-1] INFO  grpc.GrpcConfigKeys (ConfUtils.java:logFallback(69)) - raft.grpc.client.host = null (fallback to raft.grpc.server.host)
2025-10-10 10:37:44,596 [ForkJoinPool-1-worker-1] INFO  grpc.GrpcConfigKeys (ConfUtils.java:logGet(62)) - raft.grpc.client.port = 15069 (custom)
2025-10-10 10:37:44,596 [ForkJoinPool-1-worker-1] INFO  grpc.GrpcConfigKeys (ConfUtils.java:logGet(62)) - raft.grpc.server.port = 15071 (custom)
2025-10-10 10:37:44,596 [ForkJoinPool-1-worker-1] INFO  server.GrpcServicesImpl (ConfUtils.java:logGet(62)) - raft.grpc.message.size.max = 34603008 (custom)
2025-10-10 10:37:44,596 [ForkJoinPool-1-worker-1] INFO  server.GrpcServicesImpl (ConfUtils.java:logGet(62)) - raft.grpc.flow.control.window = 5MB (=5242880) (custom)
2025-10-10 10:37:44,596 [ForkJoinPool-1-worker-1] INFO  server.RaftServerConfigKeys (ConfUtils.java:logGet(62)) - raft.server.log.appender.buffer.byte-limit = 33554432 (custom)
2025-10-10 10:37:44,598 [9ab71813-e86f-4276-8581-297fed06961e-ContainerReader-0] INFO  ozoneimpl.ContainerReader (ContainerReader.java:readVolume(147)) - Start to verify containers on volume /home/runner/work/ozone/ozone/hadoop-ozone/integration-test/target/test-dir/MiniOzoneClusterImpl-611c99c7-d47b-4433-a4ef-cd0a35b076ef/ozone-metadata/datanode-5/data-0/hdds
2025-10-10 10:37:44,598 [9ab71813-e86f-4276-8581-297fed06961e-ContainerReader-0] INFO  ozoneimpl.ContainerReader (ContainerReader.java:readVolume(177)) - Finish verifying containers on volume /home/runner/work/ozone/ozone/hadoop-ozone/integration-test/target/test-dir/MiniOzoneClusterImpl-611c99c7-d47b-4433-a4ef-cd0a35b076ef/ozone-metadata/datanode-5/data-0/hdds
2025-10-10 10:37:44,598 [ForkJoinPool-1-worker-1] INFO  netty.NettyUtils (NettyUtils.java:newEventLoopGroup(74)) - Create EpollEventLoopGroup for 36185c6b-22ce-45d1-a622-3a6b487a5a53-NettyServerStreamRpc-bossGroup; Thread size is 0.
2025-10-10 10:37:44,599 [9ab71813-e86f-4276-8581-297fed06961e-EndpointStateMachineTaskThread-/0.0.0.0:15002-0 ] INFO  ozoneimpl.OzoneContainer (OzoneContainer.java:buildContainerSet(370)) - Build ContainerSet costs 0s
2025-10-10 10:37:44,599 [ForkJoinPool-1-worker-1] INFO  netty.NettyUtils (NettyUtils.java:newEventLoopGroup(74)) - Create EpollEventLoopGroup for 36185c6b-22ce-45d1-a622-3a6b487a5a53-NettyServerStreamRpc-workerGroup; Thread size is 0.
2025-10-10 10:37:44,600 [ForkJoinPool-1-worker-1] INFO  netty.NettyConfigKeys$DataStream (ConfUtils.java:logGet(62)) - raft.netty.dataStream.port = 15072 (custom)
2025-10-10 10:37:44,600 [9ab71813-e86f-4276-8581-297fed06961e-EndpointStateMachineTaskThread-/0.0.0.0:15002-0 ] INFO  volume.ThrottledAsyncChecker (ThrottledAsyncChecker.java:schedule(138)) - Scheduling a check for /home/runner/work/ozone/ozone/hadoop-ozone/integration-test/target/test-dir/MiniOzoneClusterImpl-611c99c7-d47b-4433-a4ef-cd0a35b076ef/ozone-metadata/datanode-5/data-0/hdds
2025-10-10 10:37:44,601 [ForkJoinPool-1-worker-1] INFO  server.RaftServerConfigKeys (ConfUtils.java:logGet(62)) - raft.server.storage.dir = [/home/runner/work/ozone/ozone/hadoop-ozone/integration-test/target/test-dir/MiniOzoneClusterImpl-611c99c7-d47b-4433-a4ef-cd0a35b076ef/ozone-metadata/datanode-8/ratis] (custom)
2025-10-10 10:37:44,601 [36185c6b-22ce-45d1-a622-3a6b487a5a53-NettyServerStreamRpc-bossGroup--thread1] INFO  logging.LoggingHandler (AbstractInternalLogger.java:log(148)) - [id: 0x1b101472] REGISTERED
2025-10-10 10:37:44,601 [36185c6b-22ce-45d1-a622-3a6b487a5a53-NettyServerStreamRpc-bossGroup--thread1] INFO  logging.LoggingHandler (AbstractInternalLogger.java:log(148)) - [id: 0x1b101472] BIND: 0.0.0.0/0.0.0.0:15072
2025-10-10 10:37:44,602 [36185c6b-22ce-45d1-a622-3a6b487a5a53-NettyServerStreamRpc-bossGroup--thread1] INFO  logging.LoggingHandler (AbstractInternalLogger.java:log(148)) - [id: 0x1b101472, L:/0.0.0.0:15072] ACTIVE
2025-10-10 10:37:44,602 [9ab71813-e86f-4276-8581-297fed06961e-EndpointStateMachineTaskThread-/0.0.0.0:15002-0 ] INFO  volume.StorageVolumeChecker (StorageVolumeChecker.java:checkAllVolumes(231)) - Scheduled health check for volume /home/runner/work/ozone/ozone/hadoop-ozone/integration-test/target/test-dir/MiniOzoneClusterImpl-611c99c7-d47b-4433-a4ef-cd0a35b076ef/ozone-metadata/datanode-5/data-0/hdds
2025-10-10 10:37:44,603 [36185c6b-22ce-45d1-a622-3a6b487a5a53-impl-thread1] INFO  server.RaftServer (RaftServerProxy.java:initGroupDir(270)) - 36185c6b-22ce-45d1-a622-3a6b487a5a53: found a subdirectory /home/runner/work/ozone/ozone/hadoop-ozone/integration-test/target/test-dir/MiniOzoneClusterImpl-611c99c7-d47b-4433-a4ef-cd0a35b076ef/ozone-metadata/datanode-8/ratis/tmp
2025-10-10 10:37:44,603 [36185c6b-22ce-45d1-a622-3a6b487a5a53-impl-thread1] INFO  server.RaftServer (RaftServerProxy.java:initGroupDir(275)) - 36185c6b-22ce-45d1-a622-3a6b487a5a53: The directory /home/runner/work/ozone/ozone/hadoop-ozone/integration-test/target/test-dir/MiniOzoneClusterImpl-611c99c7-d47b-4433-a4ef-cd0a35b076ef/ozone-metadata/datanode-8/ratis/tmp is not a group directory; ignoring it. 
2025-10-10 10:37:44,603 [ForkJoinPool-1-worker-1] INFO  replication.ReplicationServer (ReplicationServer.java:<init>(84)) - Initializing replication server with thread count = 10 queue length = 4096
2025-10-10 10:37:44,606 [ForkJoinPool-1-worker-1] INFO  server.XceiverServerGrpc (XceiverServerGrpc.java:<init>(129)) - GrpcServer channel type EpollServerSocketChannel
2025-10-10 10:37:44,607 [9ab71813-e86f-4276-8581-297fed06961e-EndpointStateMachineTaskThread-/0.0.0.0:15002-0 ] INFO  volume.ThrottledAsyncChecker (ThrottledAsyncChecker.java:schedule(138)) - Scheduling a check for /home/runner/work/ozone/ozone/hadoop-ozone/integration-test/target/test-dir/MiniOzoneClusterImpl-611c99c7-d47b-4433-a4ef-cd0a35b076ef/ozone-metadata/datanode-5/ratis
2025-10-10 10:37:44,607 [9ab71813-e86f-4276-8581-297fed06961e-EndpointStateMachineTaskThread-/0.0.0.0:15002-0 ] INFO  volume.StorageVolumeChecker (StorageVolumeChecker.java:checkAllVolumes(231)) - Scheduled health check for volume /home/runner/work/ozone/ozone/hadoop-ozone/integration-test/target/test-dir/MiniOzoneClusterImpl-611c99c7-d47b-4433-a4ef-cd0a35b076ef/ozone-metadata/datanode-5/ratis
2025-10-10 10:37:44,609 [9ab71813-e86f-4276-8581-297fed06961e-EndpointStateMachineTaskThread-/0.0.0.0:15002-0 ] INFO  ozoneimpl.OzoneContainer (OzoneContainer.java:start(525)) - Attempting to start container services.
2025-10-10 10:37:44,610 [ForkJoinPool-1-worker-1] INFO  replication.ReplicationSupervisor (ReplicationSupervisor.java:build(169)) - Initializing replication supervisor with thread count = 10
2025-10-10 10:37:44,610 [ForkJoinPool-1-worker-1] INFO  replication.ReplicationSupervisor (ReplicationSupervisor.java:nodeStateUpdated(358)) - Node state updated to IN_SERVICE, scaling executor pool size to 10
2025-10-10 10:37:44,611 [ContainerMetadataScanner] INFO  ozoneimpl.AbstractBackgroundContainerScanner (AbstractBackgroundContainerScanner.java:runIteration(89)) - Completed an iteration in 0 minutes. Number of iterations (since the data-node restart) : 1, Number of containers scanned in this iteration : 0, Number of unhealthy containers found in this iteration : 0
2025-10-10 10:37:44,613 [ContainerDataScanner(/home/runner/work/ozone/ozone/hadoop-ozone/integration-test/target/test-dir/MiniOzoneClusterImpl-611c99c7-d47b-4433-a4ef-cd0a35b076ef/ozone-metadata/datanode-5/data-0/hdds)] INFO  ozoneimpl.AbstractBackgroundContainerScanner (AbstractBackgroundContainerScanner.java:runIteration(89)) - Completed an iteration in 0 minutes. Number of iterations (since the data-node restart) : 1, Number of containers scanned in this iteration : 0, Number of unhealthy containers found in this iteration : 0
2025-10-10 10:37:44,614 [9ab71813-e86f-4276-8581-297fed06961e-EndpointStateMachineTaskThread-/0.0.0.0:15002-0 ] INFO  replication.ReplicationServer (ReplicationServer.java:start(137)) - ReplicationServer is started using port 15049
2025-10-10 10:37:44,615 [9ab71813-e86f-4276-8581-297fed06961e-EndpointStateMachineTaskThread-/0.0.0.0:15002-0 ] INFO  ratis.XceiverServerRatis (XceiverServerRatis.java:start(559)) - Starting XceiverServerRatis(9ab71813-e86f-4276-8581-297fed06961e)
2025-10-10 10:37:44,615 [ForkJoinPool-1-worker-1] INFO  http.BaseHttpServer (BaseHttpServer.java:newHttpServer2BuilderForOzone(227)) - Starting Web-server for hddsDatanode at: http://0.0.0.0:15066
2025-10-10 10:37:44,616 [ForkJoinPool-1-worker-1] INFO  http.BaseHttpServer (BaseHttpServer.java:<init>(105)) - Hadoop Security Enabled: false Ozone Security Enabled: false Ozone HTTP Security Enabled: false 
2025-10-10 10:37:44,617 [9ab71813-e86f-4276-8581-297fed06961e-EndpointStateMachineTaskThread-/0.0.0.0:15002-0 ] INFO  server.RaftServer (RaftServerProxy.java:startImpl(412)) - 9ab71813-e86f-4276-8581-297fed06961e: start RPC server
2025-10-10 10:37:44,618 [ForkJoinPool-1-worker-1] WARN  server.AuthenticationFilter (AuthenticationFilter.java:constructSecretProvider(240)) - Unable to initialize FileSignerSecretProvider, falling back to use random secrets. Reason: Could not read signature secret file: /home/runner/hadoop-http-auth-signature-secret
2025-10-10 10:37:44,619 [9ab71813-e86f-4276-8581-297fed06961e-EndpointStateMachineTaskThread-/0.0.0.0:15002-0 ] INFO  server.GrpcServicesImpl (GrpcServicesImpl.java:startImpl(346)) - 9ab71813-e86f-4276-8581-297fed06961e: GrpcServicesImpl started, listening on 15045
2025-10-10 10:37:44,619 [9ab71813-e86f-4276-8581-297fed06961e-EndpointStateMachineTaskThread-/0.0.0.0:15002-0 ] INFO  server.GrpcServicesImpl (GrpcServicesImpl.java:startImpl(346)) - 9ab71813-e86f-4276-8581-297fed06961e: GrpcServicesImpl started, listening on 15047
2025-10-10 10:37:44,620 [9ab71813-e86f-4276-8581-297fed06961e-EndpointStateMachineTaskThread-/0.0.0.0:15002-0 ] INFO  server.GrpcServicesImpl (GrpcServicesImpl.java:startImpl(346)) - 9ab71813-e86f-4276-8581-297fed06961e: GrpcServicesImpl started, listening on 15046
2025-10-10 10:37:44,621 [JvmPauseMonitor7] INFO  util.JvmPauseMonitor (JvmPauseMonitor.java:run(146)) - JvmPauseMonitor-9ab71813-e86f-4276-8581-297fed06961e: Started
2025-10-10 10:37:44,621 [9ab71813-e86f-4276-8581-297fed06961e-EndpointStateMachineTaskThread-/0.0.0.0:15002-0 ] INFO  ratis.XceiverServerRatis (XceiverServerRatis.java:getRealPort(586)) - XceiverServerRatis(9ab71813-e86f-4276-8581-297fed06961e) is started using port RATIS=15045
2025-10-10 10:37:44,621 [9ab71813-e86f-4276-8581-297fed06961e-EndpointStateMachineTaskThread-/0.0.0.0:15002-0 ] INFO  ratis.XceiverServerRatis (XceiverServerRatis.java:getRealPort(586)) - XceiverServerRatis(9ab71813-e86f-4276-8581-297fed06961e) is started using port RATIS_ADMIN=15046
2025-10-10 10:37:44,621 [9ab71813-e86f-4276-8581-297fed06961e-EndpointStateMachineTaskThread-/0.0.0.0:15002-0 ] INFO  ratis.XceiverServerRatis (XceiverServerRatis.java:getRealPort(586)) - XceiverServerRatis(9ab71813-e86f-4276-8581-297fed06961e) is started using port RATIS_SERVER=15047
2025-10-10 10:37:44,621 [9ab71813-e86f-4276-8581-297fed06961e-EndpointStateMachineTaskThread-/0.0.0.0:15002-0 ] INFO  ratis.XceiverServerRatis (XceiverServerRatis.java:getRealPort(586)) - XceiverServerRatis(9ab71813-e86f-4276-8581-297fed06961e) is started using port RATIS_DATASTREAM=15048
2025-10-10 10:37:44,622 [ForkJoinPool-1-worker-1] INFO  http.HttpServer2 (HttpServer2.java:addGlobalFilter(1040)) - Added global filter 'safety' (class=org.apache.hadoop.hdds.server.http.HttpServer2$QuotingInputFilter)
2025-10-10 10:37:44,623 [9ab71813-e86f-4276-8581-297fed06961e-EndpointStateMachineTaskThread-/0.0.0.0:15002-0 ] INFO  utils.BackgroundService (BackgroundService.java:start(119)) - Starting service BlockDeletingService with interval 60000 milliseconds
2025-10-10 10:37:44,624 [ForkJoinPool-1-worker-1] INFO  http.HttpServer2 (HttpServer2.java:addFilter(1016)) - Added filter static_user_filter (class=org.apache.hadoop.http.lib.StaticUserWebFilter$StaticUserFilter) to context hddsDatanode
2025-10-10 10:37:44,624 [ForkJoinPool-1-worker-1] INFO  http.HttpServer2 (HttpServer2.java:addFilter(1024)) - Added filter static_user_filter (class=org.apache.hadoop.http.lib.StaticUserWebFilter$StaticUserFilter) to context static
2025-10-10 10:37:44,624 [ForkJoinPool-1-worker-1] INFO  http.HttpServer2 (HttpServer2.java:addFilter(1024)) - Added filter static_user_filter (class=org.apache.hadoop.http.lib.StaticUserWebFilter$StaticUserFilter) to context logs
2025-10-10 10:37:44,624 [ForkJoinPool-1-worker-1] INFO  http.BaseHttpServer (BaseHttpServer.java:<init>(193)) - HTTP server of hddsDatanode uses base directory /home/runner/work/ozone/ozone/hadoop-ozone/integration-test/target/test-dir/MiniOzoneClusterImpl-611c99c7-d47b-4433-a4ef-cd0a35b076ef/scm/ozone-metadata/webserver
2025-10-10 10:37:44,625 [ForkJoinPool-1-worker-1] INFO  http.HttpServer2 (HttpServer2.java:bindListener(1240)) - Jetty bound to port 15066
2025-10-10 10:37:44,625 [9ab71813-e86f-4276-8581-297fed06961e-EndpointStateMachineTaskThread-/0.0.0.0:15002-0 ] INFO  utils.BackgroundService (BackgroundService.java:start(119)) - Starting service StaleRecoveringContainerScrubbingService with interval 60000 milliseconds
2025-10-10 10:37:44,625 [ForkJoinPool-1-worker-1] INFO  server.Server (Server.java:doStart(375)) - jetty-9.4.58.v20250814; built: 2025-08-14T02:28:49.637Z; git: 8f1440587e9e4ae7db3d74cf205643f3d707148d; jvm 21.0.8+9-LTS
2025-10-10 10:37:44,627 [ForkJoinPool-1-worker-1] INFO  server.session (DefaultSessionIdManager.java:doStart(334)) - DefaultSessionIdManager workerName=node0
2025-10-10 10:37:44,627 [ForkJoinPool-1-worker-1] INFO  server.session (DefaultSessionIdManager.java:doStart(339)) - No SessionScavenger set, using defaults
2025-10-10 10:37:44,628 [ForkJoinPool-1-worker-1] INFO  server.session (HouseKeeper.java:startScavenging(132)) - node0 Scavenging every 600000ms
2025-10-10 10:37:44,628 [ForkJoinPool-1-worker-1] INFO  handler.ContextHandler (ContextHandler.java:doStart(921)) - Started o.e.j.s.ServletContextHandler@3af89f7{logs,/logs,file:///home/runner/work/ozone/ozone/hadoop-ozone/integration-test/target/log,AVAILABLE}
2025-10-10 10:37:44,629 [ForkJoinPool-1-worker-1] INFO  handler.ContextHandler (ContextHandler.java:doStart(921)) - Started o.e.j.s.ServletContextHandler@3d136e36{static,/static,jar:file:/home/runner/work/ozone/ozone/hadoop-hdds/container-service/target/hdds-container-service-2.1.0-SNAPSHOT.jar!/webapps/static,AVAILABLE}
2025-10-10 10:37:44,745 [IPC Server handler 5 on default port 15002] INFO  net.NetworkTopologyImpl (NetworkTopologyImpl.java:add(133)) - Added a new node: /rack1/ad892cb1-3002-4758-a303-de6f39da4dbc
2025-10-10 10:37:44,746 [IPC Server handler 5 on default port 15002] INFO  node.SCMNodeManager (SCMNodeManager.java:register(423)) - Registered datanode: ad892cb1-3002-4758-a303-de6f39da4dbc{ip: 127.0.0.1, host: localhost, ports: [HTTP=15034, CLIENT_RPC=15035, REPLICATION=15041, RATIS=15037, RATIS_ADMIN=15038, RATIS_SERVER=15039, RATIS_DATASTREAM=15040, STANDALONE=15036], networkLocation: /rack1, certSerialId: null, persistedOpState: null, persistedOpStateExpiryEpochSec: 0}
2025-10-10 10:37:44,746 [EventQueue-NewNodeForNewNodeHandler] INFO  pipeline.BackgroundPipelineCreator (BackgroundPipelineCreator.java:notifyEventTriggered(290)) - trigger a one-shot run on RatisPipelineUtilsThread.
2025-10-10 10:37:44,746 [EventQueue-NodeRegistrationContainerReportForDataNodeSafeModeRule] INFO  safemode.SCMSafeModeManager (SCMSafeModeManager.java:validateSafeModeExitRules(138)) - DataNodeSafeModeRule rule is successfully validated
2025-10-10 10:37:44,746 [EventQueue-PipelineReportForOneReplicaPipelineSafeModeRule] INFO  safemode.SCMSafeModeManager (SCMSafeModeManager.java:validateSafeModeExitRules(138)) - AtleastOneDatanodeReportedRule rule is successfully validated
2025-10-10 10:37:44,747 [EventQueue-ContainerRegistrationReportForRatisContainerSafeModeRule] INFO  safemode.SCMSafeModeManager (SCMSafeModeManager.java:validateSafeModeExitRules(138)) - RatisContainerSafeModeRule rule is successfully validated
2025-10-10 10:37:44,747 [EventQueue-ContainerRegistrationReportForECContainerSafeModeRule] INFO  safemode.SCMSafeModeManager (SCMSafeModeManager.java:validateSafeModeExitRules(138)) - ECContainerSafeModeRule rule is successfully validated
2025-10-10 10:37:44,747 [RatisPipelineUtilsThread-0] INFO  pipeline.RatisPipelineProvider (RatisPipelineProvider.java:lambda$create$0(208)) - Sending CreatePipelineCommand for pipeline:Pipeline-e168346d-5e42-4d50-932e-f0bea0df345e to datanode:ad892cb1-3002-4758-a303-de6f39da4dbc(localhost/127.0.0.1)
2025-10-10 10:37:44,750 [8502da08-471d-490f-823d-1244cc2731b5@group-CD0A35B076EF-StateMachineUpdater] INFO  safemode.SCMSafeModeManager (SCMSafeModeManager.java:validateSafeModeExitRules(138)) - DataNodeSafeModeRule rule is successfully validated
2025-10-10 10:37:44,750 [8502da08-471d-490f-823d-1244cc2731b5@group-CD0A35B076EF-StateMachineUpdater] INFO  safemode.SCMSafeModeManager (SCMSafeModeManager.java:validateSafeModeExitRules(138)) - RatisContainerSafeModeRule rule is successfully validated
2025-10-10 10:37:44,750 [8502da08-471d-490f-823d-1244cc2731b5@group-CD0A35B076EF-StateMachineUpdater] INFO  safemode.HealthyPipelineSafeModeRule (HealthyPipelineSafeModeRule.java:initializeRule(228)) - Refreshed total pipeline count is 0, healthy pipeline threshold count is 1
2025-10-10 10:37:44,750 [8502da08-471d-490f-823d-1244cc2731b5@group-CD0A35B076EF-StateMachineUpdater] INFO  safemode.SCMSafeModeManager (SCMSafeModeManager.java:validateSafeModeExitRules(138)) - ECContainerSafeModeRule rule is successfully validated
2025-10-10 10:37:44,750 [8502da08-471d-490f-823d-1244cc2731b5@group-CD0A35B076EF-StateMachineUpdater] INFO  safemode.SCMSafeModeManager (SCMSafeModeManager.java:validateSafeModeExitRules(138)) - AtleastOneDatanodeReportedRule rule is successfully validated
2025-10-10 10:37:44,751 [RatisPipelineUtilsThread-0] INFO  pipeline.BackgroundPipelineCreator (BackgroundPipelineCreator.java:createPipelines(246)) - Created new pipeline Pipeline{ Id: e168346d-5e42-4d50-932e-f0bea0df345e, Nodes: [ {ad892cb1-3002-4758-a303-de6f39da4dbc(localhost/127.0.0.1), ReplicaIndex: 0},], ReplicationConfig: RATIS/ONE, State:ALLOCATED, leaderId:, CreationTimestamp2025-10-10T10:37:44.747472366Z[Etc/UTC]}
2025-10-10 10:37:44,785 [ForkJoinPool-1-worker-1] INFO  handler.ContextHandler (ContextHandler.java:doStart(921)) - Started o.e.j.w.WebAppContext@6d2c5ea3{hddsDatanode,/,file:///home/runner/work/ozone/ozone/hadoop-ozone/integration-test/target/test-dir/MiniOzoneClusterImpl-611c99c7-d47b-4433-a4ef-cd0a35b076ef/scm/ozone-metadata/webserver/jetty-0_0_0_0-15066-hdds-container-service-2_1_0-SNAPSHOT_jar-_-any-13392559744282596637/webapp/,AVAILABLE}{jar:file:/home/runner/work/ozone/ozone/hadoop-hdds/container-service/target/hdds-container-service-2.1.0-SNAPSHOT.jar!/webapps/hddsDatanode}
2025-10-10 10:37:44,785 [ForkJoinPool-1-worker-1] INFO  server.AbstractConnector (AbstractConnector.java:doStart(333)) - Started ServerConnector@574c61fc{HTTP/1.1, (http/1.1)}{0.0.0.0:15066}
2025-10-10 10:37:44,785 [ForkJoinPool-1-worker-1] INFO  server.Server (Server.java:doStart(415)) - Started @13473ms
2025-10-10 10:37:44,786 [ForkJoinPool-1-worker-1] WARN  impl.MetricsSystemImpl (MetricsSystemImpl.java:register(279)) - Sink prometheus already exists!
2025-10-10 10:37:44,786 [ForkJoinPool-1-worker-1] INFO  http.BaseHttpServer (BaseHttpServer.java:updateConnectorAddress(357)) - HTTP server of hddsDatanode listening at http://localhost:15066
2025-10-10 10:37:44,786 [ForkJoinPool-1-worker-1] INFO  ipc.CallQueueManager (CallQueueManager.java:<init>(93)) - Using callQueue: class java.util.concurrent.LinkedBlockingQueue, queueCapacity: 1000, scheduler: class org.apache.hadoop.ipc.DefaultRpcScheduler, ipcBackoff: false, ipcFailOver: false.
2025-10-10 10:37:44,786 [ForkJoinPool-1-worker-1] INFO  ipc.Server (Server.java:<init>(1438)) - Listener at 0.0.0.0:15067
2025-10-10 10:37:44,787 [Socket Reader #1 for port 15067] INFO  ipc.Server (Server.java:run(1474)) - Starting Socket Reader #1 for port 15067
2025-10-10 10:37:44,787 [Socket Reader #2 for port 15067] INFO  ipc.Server (Server.java:run(1474)) - Starting Socket Reader #2 for port 15067
2025-10-10 10:37:44,787 [Socket Reader #3 for port 15067] INFO  ipc.Server (Server.java:run(1474)) - Starting Socket Reader #3 for port 15067
2025-10-10 10:37:44,788 [Socket Reader #4 for port 15067] INFO  ipc.Server (Server.java:run(1474)) - Starting Socket Reader #4 for port 15067
2025-10-10 10:37:44,788 [Socket Reader #5 for port 15067] INFO  ipc.Server (Server.java:run(1474)) - Starting Socket Reader #5 for port 15067
2025-10-10 10:37:44,788 [Socket Reader #6 for port 15067] INFO  ipc.Server (Server.java:run(1474)) - Starting Socket Reader #6 for port 15067
2025-10-10 10:37:44,788 [Socket Reader #7 for port 15067] INFO  ipc.Server (Server.java:run(1474)) - Starting Socket Reader #7 for port 15067
2025-10-10 10:37:44,789 [Socket Reader #8 for port 15067] INFO  ipc.Server (Server.java:run(1474)) - Starting Socket Reader #8 for port 15067
2025-10-10 10:37:44,789 [Socket Reader #9 for port 15067] INFO  ipc.Server (Server.java:run(1474)) - Starting Socket Reader #9 for port 15067
2025-10-10 10:37:44,789 [Socket Reader #10 for port 15067] INFO  ipc.Server (Server.java:run(1474)) - Starting Socket Reader #10 for port 15067
2025-10-10 10:37:44,791 [ForkJoinPool-1-worker-1] INFO  ozone.HddsDatanodeService (HddsDatanodeService.java:start(333)) - Datanode start with admins: [admin, runner]
2025-10-10 10:37:44,791 [ForkJoinPool-1-worker-1] INFO  ozone.HddsDatanodeClientProtocolServer (HddsDatanodeClientProtocolServer.java:start(76)) - RPC server for Client /0.0.0.0:15067
2025-10-10 10:37:44,792 [IPC Server Responder] INFO  ipc.Server (Server.java:run(1713)) - IPC Server Responder: starting
2025-10-10 10:37:44,792 [IPC Server listener on 15067] INFO  ipc.Server (Server.java:run(1553)) - IPC Server listener on 15067: starting
2025-10-10 10:37:44,794 [ForkJoinPool-1-worker-1] WARN  dropwizard3.Dm3MetricRegistriesImpl (Dm3MetricRegistriesImpl.java:addReporterRegistration(114)) - New reporters are added after registries were created. Some metrics will be missing from the reporter. Please add reporter before adding any new registry.
2025-10-10 10:37:44,794 [ForkJoinPool-1-worker-1] WARN  dropwizard3.Dm3MetricRegistriesImpl (Dm3MetricRegistriesImpl.java:addReporterRegistration(114)) - New reporters are added after registries were created. Some metrics will be missing from the reporter. Please add reporter before adding any new registry.
2025-10-10 10:37:44,795 [36185c6b-22ce-45d1-a622-3a6b487a5a53-DatanodeStateMachineDaemonThread] INFO  statemachine.DatanodeStateMachine (DatanodeStateMachine.java:startStateMachineThread(363)) - Ozone container server started.
2025-10-10 10:37:44,801 [36185c6b-22ce-45d1-a622-3a6b487a5a53-DatanodeStateMachineTaskThread-0] INFO  datanode.InitDatanodeState (InitDatanodeState.java:persistContainerDatanodeDetails(139)) - DatanodeDetails is persisted to /home/runner/work/ozone/ozone/hadoop-ozone/integration-test/target/test-dir/MiniOzoneClusterImpl-611c99c7-d47b-4433-a4ef-cd0a35b076ef/ozone-metadata/datanode-8/ozone-metadata/datanode.id
2025-10-10 10:37:44,812 [22d9c8a1-4559-44b0-a4af-9630f79f1f05-EndpointStateMachineTaskThread-/0.0.0.0:15002-0 ] INFO  utils.DatanodeStoreCache (DatanodeStoreCache.java:addDB(70)) - Added db /home/runner/work/ozone/ozone/hadoop-ozone/integration-test/target/test-dir/MiniOzoneClusterImpl-611c99c7-d47b-4433-a4ef-cd0a35b076ef/ozone-metadata/datanode-6/data-0/hdds/611c99c7-d47b-4433-a4ef-cd0a35b076ef/DS-2abecbaf-9058-465c-9862-40fcfa0a7bd5/container.db to cache
2025-10-10 10:37:44,812 [22d9c8a1-4559-44b0-a4af-9630f79f1f05-EndpointStateMachineTaskThread-/0.0.0.0:15002-0 ] INFO  volume.HddsVolume (HddsVolume.java:createDbStore(576)) - SchemaV3 db is created and loaded at /home/runner/work/ozone/ozone/hadoop-ozone/integration-test/target/test-dir/MiniOzoneClusterImpl-611c99c7-d47b-4433-a4ef-cd0a35b076ef/ozone-metadata/datanode-6/data-0/hdds/611c99c7-d47b-4433-a4ef-cd0a35b076ef/DS-2abecbaf-9058-465c-9862-40fcfa0a7bd5/container.db for volume DS-2abecbaf-9058-465c-9862-40fcfa0a7bd5
2025-10-10 10:37:44,812 [ForkJoinPool-1-worker-1] INFO  protocol.DatanodeDetails (DatanodeDetails.java:validateDatanodeIpAddress(199)) - Updating IP address of datanode 895d447a-5476-42e4-b2fa-6eb687701d46(localhost/null) to 127.0.0.1
2025-10-10 10:37:44,813 [ForkJoinPool-1-worker-1] INFO  ozone.HddsDatanodeService (HddsDatanodeService.java:start(236)) - HddsDatanodeService 895d447a-5476-42e4-b2fa-6eb687701d46(localhost/127.0.0.1)
2025-10-10 10:37:44,815 [22d9c8a1-4559-44b0-a4af-9630f79f1f05-ContainerReader-0] INFO  ozoneimpl.ContainerReader (ContainerReader.java:readVolume(147)) - Start to verify containers on volume /home/runner/work/ozone/ozone/hadoop-ozone/integration-test/target/test-dir/MiniOzoneClusterImpl-611c99c7-d47b-4433-a4ef-cd0a35b076ef/ozone-metadata/datanode-6/data-0/hdds
2025-10-10 10:37:44,815 [22d9c8a1-4559-44b0-a4af-9630f79f1f05-ContainerReader-0] INFO  ozoneimpl.ContainerReader (ContainerReader.java:readVolume(177)) - Finish verifying containers on volume /home/runner/work/ozone/ozone/hadoop-ozone/integration-test/target/test-dir/MiniOzoneClusterImpl-611c99c7-d47b-4433-a4ef-cd0a35b076ef/ozone-metadata/datanode-6/data-0/hdds
2025-10-10 10:37:44,815 [ForkJoinPool-1-worker-1] INFO  upgrade.AbstractLayoutVersionManager (AbstractLayoutVersionManager.java:init(80)) - Initializing Layout version manager with metadata layout = WITNESSED_CONTAINER_DB_PROTO_VALUE (version = 9), software layout = WITNESSED_CONTAINER_DB_PROTO_VALUE (version = 9)
2025-10-10 10:37:44,816 [22d9c8a1-4559-44b0-a4af-9630f79f1f05-EndpointStateMachineTaskThread-/0.0.0.0:15002-0 ] INFO  ozoneimpl.OzoneContainer (OzoneContainer.java:buildContainerSet(370)) - Build ContainerSet costs 0s
2025-10-10 10:37:44,816 [ForkJoinPool-1-worker-1] INFO  statemachine.DatanodeStateMachine (DatanodeStateMachine.java:getEndPointTaskThreadPoolSize(321)) - Datanode State Machine Task Thread Pool size 2
2025-10-10 10:37:44,816 [22d9c8a1-4559-44b0-a4af-9630f79f1f05-EndpointStateMachineTaskThread-/0.0.0.0:15002-0 ] INFO  volume.ThrottledAsyncChecker (ThrottledAsyncChecker.java:schedule(138)) - Scheduling a check for /home/runner/work/ozone/ozone/hadoop-ozone/integration-test/target/test-dir/MiniOzoneClusterImpl-611c99c7-d47b-4433-a4ef-cd0a35b076ef/ozone-metadata/datanode-6/data-0/hdds
2025-10-10 10:37:44,818 [22d9c8a1-4559-44b0-a4af-9630f79f1f05-EndpointStateMachineTaskThread-/0.0.0.0:15002-0 ] INFO  volume.StorageVolumeChecker (StorageVolumeChecker.java:checkAllVolumes(231)) - Scheduled health check for volume /home/runner/work/ozone/ozone/hadoop-ozone/integration-test/target/test-dir/MiniOzoneClusterImpl-611c99c7-d47b-4433-a4ef-cd0a35b076ef/ozone-metadata/datanode-6/data-0/hdds
2025-10-10 10:37:44,820 [ForkJoinPool-1-worker-1] INFO  volume.HddsVolume (HddsVolume.java:<init>(162)) - HddsVolume: { id=DS-1642560a-c80f-4a43-aa57-3af57eb6ddbd dir=/home/runner/work/ozone/ozone/hadoop-ozone/integration-test/target/test-dir/MiniOzoneClusterImpl-611c99c7-d47b-4433-a4ef-cd0a35b076ef/ozone-metadata/datanode-9/data-0/hdds type=DISK capacity=9222449699674390527 used=0 available=9222449699674390527 minFree=9222450130714624 committed=0 }
2025-10-10 10:37:44,820 [ForkJoinPool-1-worker-1] INFO  volume.MutableVolumeSet (MutableVolumeSet.java:initializeVolumeSet(175)) - Added Volume : /home/runner/work/ozone/ozone/hadoop-ozone/integration-test/target/test-dir/MiniOzoneClusterImpl-611c99c7-d47b-4433-a4ef-cd0a35b076ef/ozone-metadata/datanode-9/data-0/hdds to VolumeSet
2025-10-10 10:37:44,821 [ForkJoinPool-1-worker-1] INFO  volume.MutableVolumeSet (MutableVolumeSet.java:initializeVolumeSet(175)) - Added Volume : /home/runner/work/ozone/ozone/hadoop-ozone/integration-test/target/test-dir/MiniOzoneClusterImpl-611c99c7-d47b-4433-a4ef-cd0a35b076ef/ozone-metadata/datanode-9/ratis to VolumeSet
2025-10-10 10:37:44,822 [ForkJoinPool-1-worker-1] INFO  ozoneimpl.OzoneContainer (HddsVolumeUtil.java:loadAllHddsVolumeDbStore(102)) - Load 1 volumes DbStore cost: 0ms
2025-10-10 10:37:44,822 [ForkJoinPool-1-worker-1] WARN  db.DBStoreBuilder (DBStoreBuilder.java:getDBDirPath(157)) - ozone.scm.datanode.id.dir is not configured. We recommend adding this setting. Falling back to ozone.metadata.dirs instead.
2025-10-10 10:37:44,823 [ForkJoinPool-1-worker-1] WARN  db.DBStoreBuilder (DBStoreBuilder.java:getDBDirPath(157)) - ozone.scm.datanode.id.dir is not configured. We recommend adding this setting. Falling back to ozone.metadata.dirs instead.
2025-10-10 10:37:44,824 [22d9c8a1-4559-44b0-a4af-9630f79f1f05-EndpointStateMachineTaskThread-/0.0.0.0:15002-0 ] INFO  volume.ThrottledAsyncChecker (ThrottledAsyncChecker.java:schedule(138)) - Scheduling a check for /home/runner/work/ozone/ozone/hadoop-ozone/integration-test/target/test-dir/MiniOzoneClusterImpl-611c99c7-d47b-4433-a4ef-cd0a35b076ef/ozone-metadata/datanode-6/ratis
2025-10-10 10:37:44,825 [22d9c8a1-4559-44b0-a4af-9630f79f1f05-EndpointStateMachineTaskThread-/0.0.0.0:15002-0 ] INFO  volume.StorageVolumeChecker (StorageVolumeChecker.java:checkAllVolumes(231)) - Scheduled health check for volume /home/runner/work/ozone/ozone/hadoop-ozone/integration-test/target/test-dir/MiniOzoneClusterImpl-611c99c7-d47b-4433-a4ef-cd0a35b076ef/ozone-metadata/datanode-6/ratis
2025-10-10 10:37:44,826 [22d9c8a1-4559-44b0-a4af-9630f79f1f05-EndpointStateMachineTaskThread-/0.0.0.0:15002-0 ] INFO  ozoneimpl.OzoneContainer (OzoneContainer.java:start(525)) - Attempting to start container services.
2025-10-10 10:37:44,827 [ContainerMetadataScanner] INFO  ozoneimpl.AbstractBackgroundContainerScanner (AbstractBackgroundContainerScanner.java:runIteration(89)) - Completed an iteration in 0 minutes. Number of iterations (since the data-node restart) : 1, Number of containers scanned in this iteration : 0, Number of unhealthy containers found in this iteration : 0
2025-10-10 10:37:44,828 [ContainerDataScanner(/home/runner/work/ozone/ozone/hadoop-ozone/integration-test/target/test-dir/MiniOzoneClusterImpl-611c99c7-d47b-4433-a4ef-cd0a35b076ef/ozone-metadata/datanode-6/data-0/hdds)] INFO  ozoneimpl.AbstractBackgroundContainerScanner (AbstractBackgroundContainerScanner.java:runIteration(89)) - Completed an iteration in 0 minutes. Number of iterations (since the data-node restart) : 1, Number of containers scanned in this iteration : 0, Number of unhealthy containers found in this iteration : 0
2025-10-10 10:37:44,830 [22d9c8a1-4559-44b0-a4af-9630f79f1f05-EndpointStateMachineTaskThread-/0.0.0.0:15002-0 ] INFO  replication.ReplicationServer (ReplicationServer.java:start(137)) - ReplicationServer is started using port 15057
2025-10-10 10:37:44,830 [22d9c8a1-4559-44b0-a4af-9630f79f1f05-EndpointStateMachineTaskThread-/0.0.0.0:15002-0 ] INFO  ratis.XceiverServerRatis (XceiverServerRatis.java:start(559)) - Starting XceiverServerRatis(22d9c8a1-4559-44b0-a4af-9630f79f1f05)
2025-10-10 10:37:44,832 [22d9c8a1-4559-44b0-a4af-9630f79f1f05-EndpointStateMachineTaskThread-/0.0.0.0:15002-0 ] INFO  server.RaftServer (RaftServerProxy.java:startImpl(412)) - 22d9c8a1-4559-44b0-a4af-9630f79f1f05: start RPC server
2025-10-10 10:37:44,832 [22d9c8a1-4559-44b0-a4af-9630f79f1f05-EndpointStateMachineTaskThread-/0.0.0.0:15002-0 ] INFO  server.GrpcServicesImpl (GrpcServicesImpl.java:startImpl(346)) - 22d9c8a1-4559-44b0-a4af-9630f79f1f05: GrpcServicesImpl started, listening on 15053
2025-10-10 10:37:44,833 [22d9c8a1-4559-44b0-a4af-9630f79f1f05-EndpointStateMachineTaskThread-/0.0.0.0:15002-0 ] INFO  server.GrpcServicesImpl (GrpcServicesImpl.java:startImpl(346)) - 22d9c8a1-4559-44b0-a4af-9630f79f1f05: GrpcServicesImpl started, listening on 15055
2025-10-10 10:37:44,833 [22d9c8a1-4559-44b0-a4af-9630f79f1f05-EndpointStateMachineTaskThread-/0.0.0.0:15002-0 ] INFO  server.GrpcServicesImpl (GrpcServicesImpl.java:startImpl(346)) - 22d9c8a1-4559-44b0-a4af-9630f79f1f05: GrpcServicesImpl started, listening on 15054
2025-10-10 10:37:44,833 [22d9c8a1-4559-44b0-a4af-9630f79f1f05-EndpointStateMachineTaskThread-/0.0.0.0:15002-0 ] INFO  ratis.XceiverServerRatis (XceiverServerRatis.java:getRealPort(586)) - XceiverServerRatis(22d9c8a1-4559-44b0-a4af-9630f79f1f05) is started using port RATIS=15053
2025-10-10 10:37:44,833 [22d9c8a1-4559-44b0-a4af-9630f79f1f05-EndpointStateMachineTaskThread-/0.0.0.0:15002-0 ] INFO  ratis.XceiverServerRatis (XceiverServerRatis.java:getRealPort(586)) - XceiverServerRatis(22d9c8a1-4559-44b0-a4af-9630f79f1f05) is started using port RATIS_ADMIN=15054
2025-10-10 10:37:44,833 [22d9c8a1-4559-44b0-a4af-9630f79f1f05-EndpointStateMachineTaskThread-/0.0.0.0:15002-0 ] INFO  ratis.XceiverServerRatis (XceiverServerRatis.java:getRealPort(586)) - XceiverServerRatis(22d9c8a1-4559-44b0-a4af-9630f79f1f05) is started using port RATIS_SERVER=15055
2025-10-10 10:37:44,833 [22d9c8a1-4559-44b0-a4af-9630f79f1f05-EndpointStateMachineTaskThread-/0.0.0.0:15002-0 ] INFO  ratis.XceiverServerRatis (XceiverServerRatis.java:getRealPort(586)) - XceiverServerRatis(22d9c8a1-4559-44b0-a4af-9630f79f1f05) is started using port RATIS_DATASTREAM=15056
2025-10-10 10:37:44,834 [JvmPauseMonitor8] INFO  util.JvmPauseMonitor (JvmPauseMonitor.java:run(146)) - JvmPauseMonitor-22d9c8a1-4559-44b0-a4af-9630f79f1f05: Started
2025-10-10 10:37:44,834 [22d9c8a1-4559-44b0-a4af-9630f79f1f05-EndpointStateMachineTaskThread-/0.0.0.0:15002-0 ] INFO  utils.BackgroundService (BackgroundService.java:start(119)) - Starting service BlockDeletingService with interval 60000 milliseconds
2025-10-10 10:37:44,835 [22d9c8a1-4559-44b0-a4af-9630f79f1f05-EndpointStateMachineTaskThread-/0.0.0.0:15002-0 ] INFO  utils.BackgroundService (BackgroundService.java:start(119)) - Starting service StaleRecoveringContainerScrubbingService with interval 60000 milliseconds
2025-10-10 10:37:44,842 [ForkJoinPool-1-worker-1] INFO  impl.FilePerChunkStrategy (FilePerChunkStrategy.java:<init>(79)) - ozone.chunk.read.mapped.buffer.max.count is load with 0
2025-10-10 10:37:44,842 [ForkJoinPool-1-worker-1] INFO  impl.FilePerBlockStrategy (FilePerBlockStrategy.java:<init>(88)) - ozone.chunk.read.mapped.buffer.max.count is load with 0
2025-10-10 10:37:44,843 [ForkJoinPool-1-worker-1] INFO  server.RaftServerConfigKeys (ConfUtils.java:logGet(62)) - raft.server.log.appender.buffer.byte-limit = 33554432 (custom)
2025-10-10 10:37:44,845 [ForkJoinPool-1-worker-1] INFO  grpc.GrpcConfigKeys (ConfUtils.java:logFallback(69)) - raft.grpc.admin.host = null (fallback to raft.grpc.server.host)
2025-10-10 10:37:44,845 [ForkJoinPool-1-worker-1] INFO  grpc.GrpcConfigKeys (ConfUtils.java:logGet(62)) - raft.grpc.admin.port = 15078 (custom)
2025-10-10 10:37:44,845 [ForkJoinPool-1-worker-1] INFO  grpc.GrpcConfigKeys (ConfUtils.java:logFallback(69)) - raft.grpc.client.host = null (fallback to raft.grpc.server.host)
2025-10-10 10:37:44,845 [ForkJoinPool-1-worker-1] INFO  grpc.GrpcConfigKeys (ConfUtils.java:logGet(62)) - raft.grpc.client.port = 15077 (custom)
2025-10-10 10:37:44,845 [ForkJoinPool-1-worker-1] INFO  grpc.GrpcConfigKeys (ConfUtils.java:logGet(62)) - raft.grpc.server.port = 15079 (custom)
2025-10-10 10:37:44,845 [ForkJoinPool-1-worker-1] INFO  server.GrpcServicesImpl (ConfUtils.java:logGet(62)) - raft.grpc.message.size.max = 34603008 (custom)
2025-10-10 10:37:44,846 [ForkJoinPool-1-worker-1] INFO  server.GrpcServicesImpl (ConfUtils.java:logGet(62)) - raft.grpc.flow.control.window = 5MB (=5242880) (custom)
2025-10-10 10:37:44,846 [ForkJoinPool-1-worker-1] INFO  server.RaftServerConfigKeys (ConfUtils.java:logGet(62)) - raft.server.log.appender.buffer.byte-limit = 33554432 (custom)
2025-10-10 10:37:44,848 [ForkJoinPool-1-worker-1] INFO  netty.NettyUtils (NettyUtils.java:newEventLoopGroup(74)) - Create EpollEventLoopGroup for 895d447a-5476-42e4-b2fa-6eb687701d46-NettyServerStreamRpc-bossGroup; Thread size is 0.
2025-10-10 10:37:44,849 [ForkJoinPool-1-worker-1] INFO  netty.NettyUtils (NettyUtils.java:newEventLoopGroup(74)) - Create EpollEventLoopGroup for 895d447a-5476-42e4-b2fa-6eb687701d46-NettyServerStreamRpc-workerGroup; Thread size is 0.
2025-10-10 10:37:44,850 [ForkJoinPool-1-worker-1] INFO  netty.NettyConfigKeys$DataStream (ConfUtils.java:logGet(62)) - raft.netty.dataStream.port = 15080 (custom)
2025-10-10 10:37:44,851 [895d447a-5476-42e4-b2fa-6eb687701d46-NettyServerStreamRpc-bossGroup--thread1] INFO  logging.LoggingHandler (AbstractInternalLogger.java:log(148)) - [id: 0x2dec2619] REGISTERED
2025-10-10 10:37:44,851 [ForkJoinPool-1-worker-1] INFO  server.RaftServerConfigKeys (ConfUtils.java:logGet(62)) - raft.server.storage.dir = [/home/runner/work/ozone/ozone/hadoop-ozone/integration-test/target/test-dir/MiniOzoneClusterImpl-611c99c7-d47b-4433-a4ef-cd0a35b076ef/ozone-metadata/datanode-9/ratis] (custom)
2025-10-10 10:37:44,852 [895d447a-5476-42e4-b2fa-6eb687701d46-NettyServerStreamRpc-bossGroup--thread1] INFO  logging.LoggingHandler (AbstractInternalLogger.java:log(148)) - [id: 0x2dec2619] BIND: 0.0.0.0/0.0.0.0:15080
2025-10-10 10:37:44,852 [895d447a-5476-42e4-b2fa-6eb687701d46-NettyServerStreamRpc-bossGroup--thread1] INFO  logging.LoggingHandler (AbstractInternalLogger.java:log(148)) - [id: 0x2dec2619, L:/0.0.0.0:15080] ACTIVE
2025-10-10 10:37:44,852 [895d447a-5476-42e4-b2fa-6eb687701d46-impl-thread1] INFO  server.RaftServer (RaftServerProxy.java:initGroupDir(270)) - 895d447a-5476-42e4-b2fa-6eb687701d46: found a subdirectory /home/runner/work/ozone/ozone/hadoop-ozone/integration-test/target/test-dir/MiniOzoneClusterImpl-611c99c7-d47b-4433-a4ef-cd0a35b076ef/ozone-metadata/datanode-9/ratis/tmp
2025-10-10 10:37:44,852 [895d447a-5476-42e4-b2fa-6eb687701d46-impl-thread1] INFO  server.RaftServer (RaftServerProxy.java:initGroupDir(275)) - 895d447a-5476-42e4-b2fa-6eb687701d46: The directory /home/runner/work/ozone/ozone/hadoop-ozone/integration-test/target/test-dir/MiniOzoneClusterImpl-611c99c7-d47b-4433-a4ef-cd0a35b076ef/ozone-metadata/datanode-9/ratis/tmp is not a group directory; ignoring it. 
2025-10-10 10:37:44,853 [ForkJoinPool-1-worker-1] INFO  replication.ReplicationServer (ReplicationServer.java:<init>(84)) - Initializing replication server with thread count = 10 queue length = 4096
2025-10-10 10:37:44,854 [ForkJoinPool-1-worker-1] INFO  server.XceiverServerGrpc (XceiverServerGrpc.java:<init>(129)) - GrpcServer channel type EpollServerSocketChannel
2025-10-10 10:37:44,856 [ForkJoinPool-1-worker-1] INFO  replication.ReplicationSupervisor (ReplicationSupervisor.java:build(169)) - Initializing replication supervisor with thread count = 10
2025-10-10 10:37:44,856 [ForkJoinPool-1-worker-1] INFO  replication.ReplicationSupervisor (ReplicationSupervisor.java:nodeStateUpdated(358)) - Node state updated to IN_SERVICE, scaling executor pool size to 10
2025-10-10 10:37:44,859 [ForkJoinPool-1-worker-1] INFO  http.BaseHttpServer (BaseHttpServer.java:newHttpServer2BuilderForOzone(227)) - Starting Web-server for hddsDatanode at: http://0.0.0.0:15074
2025-10-10 10:37:44,859 [ForkJoinPool-1-worker-1] INFO  http.BaseHttpServer (BaseHttpServer.java:<init>(105)) - Hadoop Security Enabled: false Ozone Security Enabled: false Ozone HTTP Security Enabled: false 
2025-10-10 10:37:44,861 [ForkJoinPool-1-worker-1] WARN  server.AuthenticationFilter (AuthenticationFilter.java:constructSecretProvider(240)) - Unable to initialize FileSignerSecretProvider, falling back to use random secrets. Reason: Could not read signature secret file: /home/runner/hadoop-http-auth-signature-secret
2025-10-10 10:37:44,864 [ForkJoinPool-1-worker-1] INFO  http.HttpServer2 (HttpServer2.java:addGlobalFilter(1040)) - Added global filter 'safety' (class=org.apache.hadoop.hdds.server.http.HttpServer2$QuotingInputFilter)
2025-10-10 10:37:44,865 [ForkJoinPool-1-worker-1] INFO  http.HttpServer2 (HttpServer2.java:addFilter(1016)) - Added filter static_user_filter (class=org.apache.hadoop.http.lib.StaticUserWebFilter$StaticUserFilter) to context hddsDatanode
2025-10-10 10:37:44,865 [ForkJoinPool-1-worker-1] INFO  http.HttpServer2 (HttpServer2.java:addFilter(1024)) - Added filter static_user_filter (class=org.apache.hadoop.http.lib.StaticUserWebFilter$StaticUserFilter) to context logs
2025-10-10 10:37:44,865 [ForkJoinPool-1-worker-1] INFO  http.HttpServer2 (HttpServer2.java:addFilter(1024)) - Added filter static_user_filter (class=org.apache.hadoop.http.lib.StaticUserWebFilter$StaticUserFilter) to context static
2025-10-10 10:37:44,866 [ForkJoinPool-1-worker-1] INFO  http.BaseHttpServer (BaseHttpServer.java:<init>(193)) - HTTP server of hddsDatanode uses base directory /home/runner/work/ozone/ozone/hadoop-ozone/integration-test/target/test-dir/MiniOzoneClusterImpl-611c99c7-d47b-4433-a4ef-cd0a35b076ef/scm/ozone-metadata/webserver
2025-10-10 10:37:44,866 [ForkJoinPool-1-worker-1] INFO  http.HttpServer2 (HttpServer2.java:bindListener(1240)) - Jetty bound to port 15074
2025-10-10 10:37:44,866 [ForkJoinPool-1-worker-1] INFO  server.Server (Server.java:doStart(375)) - jetty-9.4.58.v20250814; built: 2025-08-14T02:28:49.637Z; git: 8f1440587e9e4ae7db3d74cf205643f3d707148d; jvm 21.0.8+9-LTS
2025-10-10 10:37:44,868 [ForkJoinPool-1-worker-1] INFO  server.session (DefaultSessionIdManager.java:doStart(334)) - DefaultSessionIdManager workerName=node0
2025-10-10 10:37:44,868 [ForkJoinPool-1-worker-1] INFO  server.session (DefaultSessionIdManager.java:doStart(339)) - No SessionScavenger set, using defaults
2025-10-10 10:37:44,868 [ForkJoinPool-1-worker-1] INFO  server.session (HouseKeeper.java:startScavenging(132)) - node0 Scavenging every 660000ms
2025-10-10 10:37:44,869 [ForkJoinPool-1-worker-1] INFO  handler.ContextHandler (ContextHandler.java:doStart(921)) - Started o.e.j.s.ServletContextHandler@74611aaa{logs,/logs,file:///home/runner/work/ozone/ozone/hadoop-ozone/integration-test/target/log,AVAILABLE}
2025-10-10 10:37:44,869 [ForkJoinPool-1-worker-1] INFO  handler.ContextHandler (ContextHandler.java:doStart(921)) - Started o.e.j.s.ServletContextHandler@1e510e1e{static,/static,jar:file:/home/runner/work/ozone/ozone/hadoop-hdds/container-service/target/hdds-container-service-2.1.0-SNAPSHOT.jar!/webapps/static,AVAILABLE}
2025-10-10 10:37:45,025 [IPC Server handler 4 on default port 15002] INFO  net.NetworkTopologyImpl (NetworkTopologyImpl.java:add(133)) - Added a new node: /rack1/9ab71813-e86f-4276-8581-297fed06961e
2025-10-10 10:37:45,026 [IPC Server handler 4 on default port 15002] INFO  node.SCMNodeManager (SCMNodeManager.java:register(423)) - Registered datanode: 9ab71813-e86f-4276-8581-297fed06961e{ip: 127.0.0.1, host: localhost, ports: [HTTP=15042, CLIENT_RPC=15043, REPLICATION=15049, RATIS=15045, RATIS_ADMIN=15046, RATIS_SERVER=15047, RATIS_DATASTREAM=15048, STANDALONE=15044], networkLocation: /rack1, certSerialId: null, persistedOpState: null, persistedOpStateExpiryEpochSec: 0}
2025-10-10 10:37:45,027 [EventQueue-PipelineReportForOneReplicaPipelineSafeModeRule] INFO  safemode.SCMSafeModeManager (SCMSafeModeManager.java:validateSafeModeExitRules(138)) - AtleastOneDatanodeReportedRule rule is successfully validated
2025-10-10 10:37:45,027 [ForkJoinPool-1-worker-1] INFO  handler.ContextHandler (ContextHandler.java:doStart(921)) - Started o.e.j.w.WebAppContext@43fbbd84{hddsDatanode,/,file:///home/runner/work/ozone/ozone/hadoop-ozone/integration-test/target/test-dir/MiniOzoneClusterImpl-611c99c7-d47b-4433-a4ef-cd0a35b076ef/scm/ozone-metadata/webserver/jetty-0_0_0_0-15074-hdds-container-service-2_1_0-SNAPSHOT_jar-_-any-5973122790777738062/webapp/,AVAILABLE}{jar:file:/home/runner/work/ozone/ozone/hadoop-hdds/container-service/target/hdds-container-service-2.1.0-SNAPSHOT.jar!/webapps/hddsDatanode}
2025-10-10 10:37:45,028 [EventQueue-ContainerRegistrationReportForRatisContainerSafeModeRule] INFO  safemode.SCMSafeModeManager (SCMSafeModeManager.java:validateSafeModeExitRules(138)) - RatisContainerSafeModeRule rule is successfully validated
2025-10-10 10:37:45,028 [EventQueue-ContainerRegistrationReportForECContainerSafeModeRule] INFO  safemode.SCMSafeModeManager (SCMSafeModeManager.java:validateSafeModeExitRules(138)) - ECContainerSafeModeRule rule is successfully validated
2025-10-10 10:37:45,027 [EventQueue-NewNodeForNewNodeHandler] INFO  pipeline.BackgroundPipelineCreator (BackgroundPipelineCreator.java:notifyEventTriggered(290)) - trigger a one-shot run on RatisPipelineUtilsThread.
2025-10-10 10:37:45,028 [EventQueue-NodeRegistrationContainerReportForDataNodeSafeModeRule] INFO  safemode.SCMSafeModeManager (SCMSafeModeManager.java:validateSafeModeExitRules(138)) - DataNodeSafeModeRule rule is successfully validated
2025-10-10 10:37:45,028 [ForkJoinPool-1-worker-1] INFO  server.AbstractConnector (AbstractConnector.java:doStart(333)) - Started ServerConnector@6ca22415{HTTP/1.1, (http/1.1)}{0.0.0.0:15074}
2025-10-10 10:37:45,028 [ForkJoinPool-1-worker-1] INFO  server.Server (Server.java:doStart(415)) - Started @13716ms
2025-10-10 10:37:45,028 [ForkJoinPool-1-worker-1] WARN  impl.MetricsSystemImpl (MetricsSystemImpl.java:register(279)) - Sink prometheus already exists!
2025-10-10 10:37:45,028 [RatisPipelineUtilsThread-0] INFO  pipeline.RatisPipelineProvider (RatisPipelineProvider.java:lambda$create$0(208)) - Sending CreatePipelineCommand for pipeline:Pipeline-c9244eac-8aa0-4393-8e76-25ea720ca717 to datanode:9ab71813-e86f-4276-8581-297fed06961e(localhost/127.0.0.1)
2025-10-10 10:37:45,029 [ForkJoinPool-1-worker-1] INFO  http.BaseHttpServer (BaseHttpServer.java:updateConnectorAddress(357)) - HTTP server of hddsDatanode listening at http://localhost:15074
2025-10-10 10:37:45,029 [ForkJoinPool-1-worker-1] INFO  ipc.CallQueueManager (CallQueueManager.java:<init>(93)) - Using callQueue: class java.util.concurrent.LinkedBlockingQueue, queueCapacity: 1000, scheduler: class org.apache.hadoop.ipc.DefaultRpcScheduler, ipcBackoff: false, ipcFailOver: false.
2025-10-10 10:37:45,029 [ForkJoinPool-1-worker-1] INFO  ipc.Server (Server.java:<init>(1438)) - Listener at 0.0.0.0:15075
2025-10-10 10:37:45,030 [Socket Reader #1 for port 15075] INFO  ipc.Server (Server.java:run(1474)) - Starting Socket Reader #1 for port 15075
2025-10-10 10:37:45,030 [Socket Reader #2 for port 15075] INFO  ipc.Server (Server.java:run(1474)) - Starting Socket Reader #2 for port 15075
2025-10-10 10:37:45,030 [Socket Reader #3 for port 15075] INFO  ipc.Server (Server.java:run(1474)) - Starting Socket Reader #3 for port 15075
2025-10-10 10:37:45,030 [Socket Reader #4 for port 15075] INFO  ipc.Server (Server.java:run(1474)) - Starting Socket Reader #4 for port 15075
2025-10-10 10:37:45,031 [Socket Reader #5 for port 15075] INFO  ipc.Server (Server.java:run(1474)) - Starting Socket Reader #5 for port 15075
2025-10-10 10:37:45,031 [Socket Reader #6 for port 15075] INFO  ipc.Server (Server.java:run(1474)) - Starting Socket Reader #6 for port 15075
2025-10-10 10:37:45,032 [8502da08-471d-490f-823d-1244cc2731b5@group-CD0A35B076EF-StateMachineUpdater] INFO  safemode.SCMSafeModeManager (SCMSafeModeManager.java:validateSafeModeExitRules(138)) - DataNodeSafeModeRule rule is successfully validated
2025-10-10 10:37:45,032 [Socket Reader #7 for port 15075] INFO  ipc.Server (Server.java:run(1474)) - Starting Socket Reader #7 for port 15075
2025-10-10 10:37:45,032 [Socket Reader #8 for port 15075] INFO  ipc.Server (Server.java:run(1474)) - Starting Socket Reader #8 for port 15075
2025-10-10 10:37:45,032 [8502da08-471d-490f-823d-1244cc2731b5@group-CD0A35B076EF-StateMachineUpdater] INFO  safemode.SCMSafeModeManager (SCMSafeModeManager.java:validateSafeModeExitRules(138)) - RatisContainerSafeModeRule rule is successfully validated
2025-10-10 10:37:45,032 [8502da08-471d-490f-823d-1244cc2731b5@group-CD0A35B076EF-StateMachineUpdater] INFO  safemode.HealthyPipelineSafeModeRule (HealthyPipelineSafeModeRule.java:initializeRule(228)) - Refreshed total pipeline count is 0, healthy pipeline threshold count is 1
2025-10-10 10:37:45,032 [8502da08-471d-490f-823d-1244cc2731b5@group-CD0A35B076EF-StateMachineUpdater] INFO  safemode.SCMSafeModeManager (SCMSafeModeManager.java:validateSafeModeExitRules(138)) - ECContainerSafeModeRule rule is successfully validated
2025-10-10 10:37:45,032 [8502da08-471d-490f-823d-1244cc2731b5@group-CD0A35B076EF-StateMachineUpdater] INFO  safemode.SCMSafeModeManager (SCMSafeModeManager.java:validateSafeModeExitRules(138)) - AtleastOneDatanodeReportedRule rule is successfully validated
2025-10-10 10:37:45,033 [Socket Reader #9 for port 15075] INFO  ipc.Server (Server.java:run(1474)) - Starting Socket Reader #9 for port 15075
2025-10-10 10:37:45,033 [RatisPipelineUtilsThread-0] INFO  pipeline.BackgroundPipelineCreator (BackgroundPipelineCreator.java:createPipelines(246)) - Created new pipeline Pipeline{ Id: c9244eac-8aa0-4393-8e76-25ea720ca717, Nodes: [ {9ab71813-e86f-4276-8581-297fed06961e(localhost/127.0.0.1), ReplicaIndex: 0},], ReplicationConfig: RATIS/ONE, State:ALLOCATED, leaderId:, CreationTimestamp2025-10-10T10:37:45.028929726Z[Etc/UTC]}
2025-10-10 10:37:45,033 [Socket Reader #10 for port 15075] INFO  ipc.Server (Server.java:run(1474)) - Starting Socket Reader #10 for port 15075
2025-10-10 10:37:45,035 [ForkJoinPool-1-worker-1] INFO  ozone.HddsDatanodeService (HddsDatanodeService.java:start(333)) - Datanode start with admins: [admin, runner]
2025-10-10 10:37:45,035 [ForkJoinPool-1-worker-1] INFO  ozone.HddsDatanodeClientProtocolServer (HddsDatanodeClientProtocolServer.java:start(76)) - RPC server for Client /0.0.0.0:15075
2025-10-10 10:37:45,035 [IPC Server Responder] INFO  ipc.Server (Server.java:run(1713)) - IPC Server Responder: starting
2025-10-10 10:37:45,035 [IPC Server listener on 15075] INFO  ipc.Server (Server.java:run(1553)) - IPC Server listener on 15075: starting
2025-10-10 10:37:45,037 [ForkJoinPool-1-worker-1] WARN  dropwizard3.Dm3MetricRegistriesImpl (Dm3MetricRegistriesImpl.java:addReporterRegistration(114)) - New reporters are added after registries were created. Some metrics will be missing from the reporter. Please add reporter before adding any new registry.
2025-10-10 10:37:45,037 [ForkJoinPool-1-worker-1] WARN  dropwizard3.Dm3MetricRegistriesImpl (Dm3MetricRegistriesImpl.java:addReporterRegistration(114)) - New reporters are added after registries were created. Some metrics will be missing from the reporter. Please add reporter before adding any new registry.
2025-10-10 10:37:45,038 [895d447a-5476-42e4-b2fa-6eb687701d46-DatanodeStateMachineDaemonThread] INFO  statemachine.DatanodeStateMachine (DatanodeStateMachine.java:startStateMachineThread(363)) - Ozone container server started.
2025-10-10 10:37:45,042 [895d447a-5476-42e4-b2fa-6eb687701d46-DatanodeStateMachineTaskThread-0] INFO  datanode.InitDatanodeState (InitDatanodeState.java:persistContainerDatanodeDetails(139)) - DatanodeDetails is persisted to /home/runner/work/ozone/ozone/hadoop-ozone/integration-test/target/test-dir/MiniOzoneClusterImpl-611c99c7-d47b-4433-a4ef-cd0a35b076ef/ozone-metadata/datanode-9/ozone-metadata/datanode.id
2025-10-10 10:37:45,059 [ForkJoinPool-1-worker-1] INFO  protocol.DatanodeDetails (DatanodeDetails.java:validateDatanodeIpAddress(199)) - Updating IP address of datanode 2845ecb9-1de7-4fe5-b5c4-cb17d9505b49(localhost/null) to 127.0.0.1
2025-10-10 10:37:45,059 [ForkJoinPool-1-worker-1] INFO  ozone.HddsDatanodeService (HddsDatanodeService.java:start(236)) - HddsDatanodeService 2845ecb9-1de7-4fe5-b5c4-cb17d9505b49(localhost/127.0.0.1)
2025-10-10 10:37:45,062 [ForkJoinPool-1-worker-1] INFO  upgrade.AbstractLayoutVersionManager (AbstractLayoutVersionManager.java:init(80)) - Initializing Layout version manager with metadata layout = WITNESSED_CONTAINER_DB_PROTO_VALUE (version = 9), software layout = WITNESSED_CONTAINER_DB_PROTO_VALUE (version = 9)
2025-10-10 10:37:45,063 [ForkJoinPool-1-worker-1] INFO  statemachine.DatanodeStateMachine (DatanodeStateMachine.java:getEndPointTaskThreadPoolSize(321)) - Datanode State Machine Task Thread Pool size 2
2025-10-10 10:37:45,067 [ForkJoinPool-1-worker-1] INFO  volume.HddsVolume (HddsVolume.java:<init>(162)) - HddsVolume: { id=DS-980fe359-c19f-4ea8-9b9c-3cf695d0ab3a dir=/home/runner/work/ozone/ozone/hadoop-ozone/integration-test/target/test-dir/MiniOzoneClusterImpl-611c99c7-d47b-4433-a4ef-cd0a35b076ef/ozone-metadata/datanode-10/data-0/hdds type=DISK capacity=9222449699674390527 used=0 available=9222449699674390527 minFree=9222450130714624 committed=0 }
2025-10-10 10:37:45,067 [ForkJoinPool-1-worker-1] INFO  volume.MutableVolumeSet (MutableVolumeSet.java:initializeVolumeSet(175)) - Added Volume : /home/runner/work/ozone/ozone/hadoop-ozone/integration-test/target/test-dir/MiniOzoneClusterImpl-611c99c7-d47b-4433-a4ef-cd0a35b076ef/ozone-metadata/datanode-10/data-0/hdds to VolumeSet
2025-10-10 10:37:45,069 [ForkJoinPool-1-worker-1] INFO  volume.MutableVolumeSet (MutableVolumeSet.java:initializeVolumeSet(175)) - Added Volume : /home/runner/work/ozone/ozone/hadoop-ozone/integration-test/target/test-dir/MiniOzoneClusterImpl-611c99c7-d47b-4433-a4ef-cd0a35b076ef/ozone-metadata/datanode-10/ratis to VolumeSet
2025-10-10 10:37:45,071 [ForkJoinPool-1-worker-1] INFO  ozoneimpl.OzoneContainer (HddsVolumeUtil.java:loadAllHddsVolumeDbStore(102)) - Load 1 volumes DbStore cost: 2ms
2025-10-10 10:37:45,072 [ForkJoinPool-1-worker-1] WARN  db.DBStoreBuilder (DBStoreBuilder.java:getDBDirPath(157)) - ozone.scm.datanode.id.dir is not configured. We recommend adding this setting. Falling back to ozone.metadata.dirs instead.
2025-10-10 10:37:45,073 [ForkJoinPool-1-worker-1] WARN  db.DBStoreBuilder (DBStoreBuilder.java:getDBDirPath(157)) - ozone.scm.datanode.id.dir is not configured. We recommend adding this setting. Falling back to ozone.metadata.dirs instead.
2025-10-10 10:37:45,089 [aa9634f0-8836-44d6-bc05-5b19fbdd93d5-EndpointStateMachineTaskThread-/0.0.0.0:15002-0 ] INFO  utils.DatanodeStoreCache (DatanodeStoreCache.java:addDB(70)) - Added db /home/runner/work/ozone/ozone/hadoop-ozone/integration-test/target/test-dir/MiniOzoneClusterImpl-611c99c7-d47b-4433-a4ef-cd0a35b076ef/ozone-metadata/datanode-7/data-0/hdds/611c99c7-d47b-4433-a4ef-cd0a35b076ef/DS-c4bde162-9ff2-4380-9d2e-b89c9d2de98d/container.db to cache
2025-10-10 10:37:45,090 [aa9634f0-8836-44d6-bc05-5b19fbdd93d5-EndpointStateMachineTaskThread-/0.0.0.0:15002-0 ] INFO  volume.HddsVolume (HddsVolume.java:createDbStore(576)) - SchemaV3 db is created and loaded at /home/runner/work/ozone/ozone/hadoop-ozone/integration-test/target/test-dir/MiniOzoneClusterImpl-611c99c7-d47b-4433-a4ef-cd0a35b076ef/ozone-metadata/datanode-7/data-0/hdds/611c99c7-d47b-4433-a4ef-cd0a35b076ef/DS-c4bde162-9ff2-4380-9d2e-b89c9d2de98d/container.db for volume DS-c4bde162-9ff2-4380-9d2e-b89c9d2de98d
2025-10-10 10:37:45,092 [aa9634f0-8836-44d6-bc05-5b19fbdd93d5-ContainerReader-0] INFO  ozoneimpl.ContainerReader (ContainerReader.java:readVolume(147)) - Start to verify containers on volume /home/runner/work/ozone/ozone/hadoop-ozone/integration-test/target/test-dir/MiniOzoneClusterImpl-611c99c7-d47b-4433-a4ef-cd0a35b076ef/ozone-metadata/datanode-7/data-0/hdds
2025-10-10 10:37:45,092 [aa9634f0-8836-44d6-bc05-5b19fbdd93d5-ContainerReader-0] INFO  ozoneimpl.ContainerReader (ContainerReader.java:readVolume(177)) - Finish verifying containers on volume /home/runner/work/ozone/ozone/hadoop-ozone/integration-test/target/test-dir/MiniOzoneClusterImpl-611c99c7-d47b-4433-a4ef-cd0a35b076ef/ozone-metadata/datanode-7/data-0/hdds
2025-10-10 10:37:45,093 [aa9634f0-8836-44d6-bc05-5b19fbdd93d5-EndpointStateMachineTaskThread-/0.0.0.0:15002-0 ] INFO  ozoneimpl.OzoneContainer (OzoneContainer.java:buildContainerSet(370)) - Build ContainerSet costs 0s
2025-10-10 10:37:45,094 [aa9634f0-8836-44d6-bc05-5b19fbdd93d5-EndpointStateMachineTaskThread-/0.0.0.0:15002-0 ] INFO  volume.ThrottledAsyncChecker (ThrottledAsyncChecker.java:schedule(138)) - Scheduling a check for /home/runner/work/ozone/ozone/hadoop-ozone/integration-test/target/test-dir/MiniOzoneClusterImpl-611c99c7-d47b-4433-a4ef-cd0a35b076ef/ozone-metadata/datanode-7/data-0/hdds
2025-10-10 10:37:45,094 [ForkJoinPool-1-worker-1] INFO  impl.FilePerChunkStrategy (FilePerChunkStrategy.java:<init>(79)) - ozone.chunk.read.mapped.buffer.max.count is load with 0
2025-10-10 10:37:45,094 [ForkJoinPool-1-worker-1] INFO  impl.FilePerBlockStrategy (FilePerBlockStrategy.java:<init>(88)) - ozone.chunk.read.mapped.buffer.max.count is load with 0
2025-10-10 10:37:45,095 [ForkJoinPool-1-worker-1] INFO  server.RaftServerConfigKeys (ConfUtils.java:logGet(62)) - raft.server.log.appender.buffer.byte-limit = 33554432 (custom)
2025-10-10 10:37:45,096 [aa9634f0-8836-44d6-bc05-5b19fbdd93d5-EndpointStateMachineTaskThread-/0.0.0.0:15002-0 ] INFO  volume.StorageVolumeChecker (StorageVolumeChecker.java:checkAllVolumes(231)) - Scheduled health check for volume /home/runner/work/ozone/ozone/hadoop-ozone/integration-test/target/test-dir/MiniOzoneClusterImpl-611c99c7-d47b-4433-a4ef-cd0a35b076ef/ozone-metadata/datanode-7/data-0/hdds
2025-10-10 10:37:45,097 [ForkJoinPool-1-worker-1] INFO  grpc.GrpcConfigKeys (ConfUtils.java:logFallback(69)) - raft.grpc.admin.host = null (fallback to raft.grpc.server.host)
2025-10-10 10:37:45,098 [ForkJoinPool-1-worker-1] INFO  grpc.GrpcConfigKeys (ConfUtils.java:logGet(62)) - raft.grpc.admin.port = 15086 (custom)
2025-10-10 10:37:45,098 [ForkJoinPool-1-worker-1] INFO  grpc.GrpcConfigKeys (ConfUtils.java:logFallback(69)) - raft.grpc.client.host = null (fallback to raft.grpc.server.host)
2025-10-10 10:37:45,098 [ForkJoinPool-1-worker-1] INFO  grpc.GrpcConfigKeys (ConfUtils.java:logGet(62)) - raft.grpc.client.port = 15085 (custom)
2025-10-10 10:37:45,098 [ForkJoinPool-1-worker-1] INFO  grpc.GrpcConfigKeys (ConfUtils.java:logGet(62)) - raft.grpc.server.port = 15087 (custom)
2025-10-10 10:37:45,098 [ForkJoinPool-1-worker-1] INFO  server.GrpcServicesImpl (ConfUtils.java:logGet(62)) - raft.grpc.message.size.max = 34603008 (custom)
2025-10-10 10:37:45,098 [ForkJoinPool-1-worker-1] INFO  server.GrpcServicesImpl (ConfUtils.java:logGet(62)) - raft.grpc.flow.control.window = 5MB (=5242880) (custom)
2025-10-10 10:37:45,099 [ForkJoinPool-1-worker-1] INFO  server.RaftServerConfigKeys (ConfUtils.java:logGet(62)) - raft.server.log.appender.buffer.byte-limit = 33554432 (custom)
2025-10-10 10:37:45,102 [ForkJoinPool-1-worker-1] INFO  netty.NettyUtils (NettyUtils.java:newEventLoopGroup(74)) - Create EpollEventLoopGroup for 2845ecb9-1de7-4fe5-b5c4-cb17d9505b49-NettyServerStreamRpc-bossGroup; Thread size is 0.
2025-10-10 10:37:45,103 [ForkJoinPool-1-worker-1] INFO  netty.NettyUtils (NettyUtils.java:newEventLoopGroup(74)) - Create EpollEventLoopGroup for 2845ecb9-1de7-4fe5-b5c4-cb17d9505b49-NettyServerStreamRpc-workerGroup; Thread size is 0.
2025-10-10 10:37:45,103 [aa9634f0-8836-44d6-bc05-5b19fbdd93d5-EndpointStateMachineTaskThread-/0.0.0.0:15002-0 ] INFO  volume.ThrottledAsyncChecker (ThrottledAsyncChecker.java:schedule(138)) - Scheduling a check for /home/runner/work/ozone/ozone/hadoop-ozone/integration-test/target/test-dir/MiniOzoneClusterImpl-611c99c7-d47b-4433-a4ef-cd0a35b076ef/ozone-metadata/datanode-7/ratis
2025-10-10 10:37:45,104 [aa9634f0-8836-44d6-bc05-5b19fbdd93d5-EndpointStateMachineTaskThread-/0.0.0.0:15002-0 ] INFO  volume.StorageVolumeChecker (StorageVolumeChecker.java:checkAllVolumes(231)) - Scheduled health check for volume /home/runner/work/ozone/ozone/hadoop-ozone/integration-test/target/test-dir/MiniOzoneClusterImpl-611c99c7-d47b-4433-a4ef-cd0a35b076ef/ozone-metadata/datanode-7/ratis
2025-10-10 10:37:45,104 [ForkJoinPool-1-worker-1] INFO  netty.NettyConfigKeys$DataStream (ConfUtils.java:logGet(62)) - raft.netty.dataStream.port = 15088 (custom)
2025-10-10 10:37:45,105 [ForkJoinPool-1-worker-1] INFO  server.RaftServerConfigKeys (ConfUtils.java:logGet(62)) - raft.server.storage.dir = [/home/runner/work/ozone/ozone/hadoop-ozone/integration-test/target/test-dir/MiniOzoneClusterImpl-611c99c7-d47b-4433-a4ef-cd0a35b076ef/ozone-metadata/datanode-10/ratis] (custom)
2025-10-10 10:37:45,105 [2845ecb9-1de7-4fe5-b5c4-cb17d9505b49-NettyServerStreamRpc-bossGroup--thread1] INFO  logging.LoggingHandler (AbstractInternalLogger.java:log(148)) - [id: 0xd38d2d14] REGISTERED
2025-10-10 10:37:45,106 [2845ecb9-1de7-4fe5-b5c4-cb17d9505b49-NettyServerStreamRpc-bossGroup--thread1] INFO  logging.LoggingHandler (AbstractInternalLogger.java:log(148)) - [id: 0xd38d2d14] BIND: 0.0.0.0/0.0.0.0:15088
2025-10-10 10:37:45,106 [2845ecb9-1de7-4fe5-b5c4-cb17d9505b49-NettyServerStreamRpc-bossGroup--thread1] INFO  logging.LoggingHandler (AbstractInternalLogger.java:log(148)) - [id: 0xd38d2d14, L:/0.0.0.0:15088] ACTIVE
2025-10-10 10:37:45,107 [aa9634f0-8836-44d6-bc05-5b19fbdd93d5-EndpointStateMachineTaskThread-/0.0.0.0:15002-0 ] INFO  ozoneimpl.OzoneContainer (OzoneContainer.java:start(525)) - Attempting to start container services.
2025-10-10 10:37:45,107 [2845ecb9-1de7-4fe5-b5c4-cb17d9505b49-impl-thread1] INFO  server.RaftServer (RaftServerProxy.java:initGroupDir(270)) - 2845ecb9-1de7-4fe5-b5c4-cb17d9505b49: found a subdirectory /home/runner/work/ozone/ozone/hadoop-ozone/integration-test/target/test-dir/MiniOzoneClusterImpl-611c99c7-d47b-4433-a4ef-cd0a35b076ef/ozone-metadata/datanode-10/ratis/tmp
2025-10-10 10:37:45,107 [2845ecb9-1de7-4fe5-b5c4-cb17d9505b49-impl-thread1] INFO  server.RaftServer (RaftServerProxy.java:initGroupDir(275)) - 2845ecb9-1de7-4fe5-b5c4-cb17d9505b49: The directory /home/runner/work/ozone/ozone/hadoop-ozone/integration-test/target/test-dir/MiniOzoneClusterImpl-611c99c7-d47b-4433-a4ef-cd0a35b076ef/ozone-metadata/datanode-10/ratis/tmp is not a group directory; ignoring it. 
2025-10-10 10:37:45,107 [ForkJoinPool-1-worker-1] INFO  replication.ReplicationServer (ReplicationServer.java:<init>(84)) - Initializing replication server with thread count = 10 queue length = 4096
2025-10-10 10:37:45,108 [ContainerMetadataScanner] INFO  ozoneimpl.AbstractBackgroundContainerScanner (AbstractBackgroundContainerScanner.java:runIteration(89)) - Completed an iteration in 0 minutes. Number of iterations (since the data-node restart) : 1, Number of containers scanned in this iteration : 0, Number of unhealthy containers found in this iteration : 0
2025-10-10 10:37:45,108 [ForkJoinPool-1-worker-1] INFO  server.XceiverServerGrpc (XceiverServerGrpc.java:<init>(129)) - GrpcServer channel type EpollServerSocketChannel
2025-10-10 10:37:45,108 [ContainerDataScanner(/home/runner/work/ozone/ozone/hadoop-ozone/integration-test/target/test-dir/MiniOzoneClusterImpl-611c99c7-d47b-4433-a4ef-cd0a35b076ef/ozone-metadata/datanode-7/data-0/hdds)] INFO  ozoneimpl.AbstractBackgroundContainerScanner (AbstractBackgroundContainerScanner.java:runIteration(89)) - Completed an iteration in 0 minutes. Number of iterations (since the data-node restart) : 1, Number of containers scanned in this iteration : 0, Number of unhealthy containers found in this iteration : 0
2025-10-10 10:37:45,109 [aa9634f0-8836-44d6-bc05-5b19fbdd93d5-EndpointStateMachineTaskThread-/0.0.0.0:15002-0 ] INFO  replication.ReplicationServer (ReplicationServer.java:start(137)) - ReplicationServer is started using port 15065
2025-10-10 10:37:45,110 [aa9634f0-8836-44d6-bc05-5b19fbdd93d5-EndpointStateMachineTaskThread-/0.0.0.0:15002-0 ] INFO  ratis.XceiverServerRatis (XceiverServerRatis.java:start(559)) - Starting XceiverServerRatis(aa9634f0-8836-44d6-bc05-5b19fbdd93d5)
2025-10-10 10:37:45,111 [ForkJoinPool-1-worker-1] INFO  replication.ReplicationSupervisor (ReplicationSupervisor.java:build(169)) - Initializing replication supervisor with thread count = 10
2025-10-10 10:37:45,111 [ForkJoinPool-1-worker-1] INFO  replication.ReplicationSupervisor (ReplicationSupervisor.java:nodeStateUpdated(358)) - Node state updated to IN_SERVICE, scaling executor pool size to 10
2025-10-10 10:37:45,112 [aa9634f0-8836-44d6-bc05-5b19fbdd93d5-EndpointStateMachineTaskThread-/0.0.0.0:15002-0 ] INFO  server.RaftServer (RaftServerProxy.java:startImpl(412)) - aa9634f0-8836-44d6-bc05-5b19fbdd93d5: start RPC server
2025-10-10 10:37:45,113 [aa9634f0-8836-44d6-bc05-5b19fbdd93d5-EndpointStateMachineTaskThread-/0.0.0.0:15002-0 ] INFO  server.GrpcServicesImpl (GrpcServicesImpl.java:startImpl(346)) - aa9634f0-8836-44d6-bc05-5b19fbdd93d5: GrpcServicesImpl started, listening on 15061
2025-10-10 10:37:45,113 [aa9634f0-8836-44d6-bc05-5b19fbdd93d5-EndpointStateMachineTaskThread-/0.0.0.0:15002-0 ] INFO  server.GrpcServicesImpl (GrpcServicesImpl.java:startImpl(346)) - aa9634f0-8836-44d6-bc05-5b19fbdd93d5: GrpcServicesImpl started, listening on 15063
2025-10-10 10:37:45,113 [aa9634f0-8836-44d6-bc05-5b19fbdd93d5-EndpointStateMachineTaskThread-/0.0.0.0:15002-0 ] INFO  server.GrpcServicesImpl (GrpcServicesImpl.java:startImpl(346)) - aa9634f0-8836-44d6-bc05-5b19fbdd93d5: GrpcServicesImpl started, listening on 15062
2025-10-10 10:37:45,114 [aa9634f0-8836-44d6-bc05-5b19fbdd93d5-EndpointStateMachineTaskThread-/0.0.0.0:15002-0 ] INFO  ratis.XceiverServerRatis (XceiverServerRatis.java:getRealPort(586)) - XceiverServerRatis(aa9634f0-8836-44d6-bc05-5b19fbdd93d5) is started using port RATIS=15061
2025-10-10 10:37:45,114 [aa9634f0-8836-44d6-bc05-5b19fbdd93d5-EndpointStateMachineTaskThread-/0.0.0.0:15002-0 ] INFO  ratis.XceiverServerRatis (XceiverServerRatis.java:getRealPort(586)) - XceiverServerRatis(aa9634f0-8836-44d6-bc05-5b19fbdd93d5) is started using port RATIS_ADMIN=15062
2025-10-10 10:37:45,114 [aa9634f0-8836-44d6-bc05-5b19fbdd93d5-EndpointStateMachineTaskThread-/0.0.0.0:15002-0 ] INFO  ratis.XceiverServerRatis (XceiverServerRatis.java:getRealPort(586)) - XceiverServerRatis(aa9634f0-8836-44d6-bc05-5b19fbdd93d5) is started using port RATIS_SERVER=15063
2025-10-10 10:37:45,114 [aa9634f0-8836-44d6-bc05-5b19fbdd93d5-EndpointStateMachineTaskThread-/0.0.0.0:15002-0 ] INFO  ratis.XceiverServerRatis (XceiverServerRatis.java:getRealPort(586)) - XceiverServerRatis(aa9634f0-8836-44d6-bc05-5b19fbdd93d5) is started using port RATIS_DATASTREAM=15064
2025-10-10 10:37:45,115 [JvmPauseMonitor9] INFO  util.JvmPauseMonitor (JvmPauseMonitor.java:run(146)) - JvmPauseMonitor-aa9634f0-8836-44d6-bc05-5b19fbdd93d5: Started
2025-10-10 10:37:45,116 [aa9634f0-8836-44d6-bc05-5b19fbdd93d5-EndpointStateMachineTaskThread-/0.0.0.0:15002-0 ] INFO  utils.BackgroundService (BackgroundService.java:start(119)) - Starting service BlockDeletingService with interval 60000 milliseconds
2025-10-10 10:37:45,116 [ForkJoinPool-1-worker-1] INFO  http.BaseHttpServer (BaseHttpServer.java:newHttpServer2BuilderForOzone(227)) - Starting Web-server for hddsDatanode at: http://0.0.0.0:15082
2025-10-10 10:37:45,116 [ForkJoinPool-1-worker-1] INFO  http.BaseHttpServer (BaseHttpServer.java:<init>(105)) - Hadoop Security Enabled: false Ozone Security Enabled: false Ozone HTTP Security Enabled: false 
2025-10-10 10:37:45,116 [aa9634f0-8836-44d6-bc05-5b19fbdd93d5-EndpointStateMachineTaskThread-/0.0.0.0:15002-0 ] INFO  utils.BackgroundService (BackgroundService.java:start(119)) - Starting service StaleRecoveringContainerScrubbingService with interval 60000 milliseconds
2025-10-10 10:37:45,118 [ForkJoinPool-1-worker-1] WARN  server.AuthenticationFilter (AuthenticationFilter.java:constructSecretProvider(240)) - Unable to initialize FileSignerSecretProvider, falling back to use random secrets. Reason: Could not read signature secret file: /home/runner/hadoop-http-auth-signature-secret
2025-10-10 10:37:45,120 [ForkJoinPool-1-worker-1] INFO  http.HttpServer2 (HttpServer2.java:addGlobalFilter(1040)) - Added global filter 'safety' (class=org.apache.hadoop.hdds.server.http.HttpServer2$QuotingInputFilter)
2025-10-10 10:37:45,121 [ForkJoinPool-1-worker-1] INFO  http.HttpServer2 (HttpServer2.java:addFilter(1016)) - Added filter static_user_filter (class=org.apache.hadoop.http.lib.StaticUserWebFilter$StaticUserFilter) to context hddsDatanode
2025-10-10 10:37:45,122 [ForkJoinPool-1-worker-1] INFO  http.HttpServer2 (HttpServer2.java:addFilter(1024)) - Added filter static_user_filter (class=org.apache.hadoop.http.lib.StaticUserWebFilter$StaticUserFilter) to context logs
2025-10-10 10:37:45,122 [ForkJoinPool-1-worker-1] INFO  http.HttpServer2 (HttpServer2.java:addFilter(1024)) - Added filter static_user_filter (class=org.apache.hadoop.http.lib.StaticUserWebFilter$StaticUserFilter) to context static
2025-10-10 10:37:45,122 [ForkJoinPool-1-worker-1] INFO  http.BaseHttpServer (BaseHttpServer.java:<init>(193)) - HTTP server of hddsDatanode uses base directory /home/runner/work/ozone/ozone/hadoop-ozone/integration-test/target/test-dir/MiniOzoneClusterImpl-611c99c7-d47b-4433-a4ef-cd0a35b076ef/scm/ozone-metadata/webserver
2025-10-10 10:37:45,122 [ForkJoinPool-1-worker-1] INFO  http.HttpServer2 (HttpServer2.java:bindListener(1240)) - Jetty bound to port 15082
2025-10-10 10:37:45,123 [ForkJoinPool-1-worker-1] INFO  server.Server (Server.java:doStart(375)) - jetty-9.4.58.v20250814; built: 2025-08-14T02:28:49.637Z; git: 8f1440587e9e4ae7db3d74cf205643f3d707148d; jvm 21.0.8+9-LTS
2025-10-10 10:37:45,124 [ForkJoinPool-1-worker-1] INFO  server.session (DefaultSessionIdManager.java:doStart(334)) - DefaultSessionIdManager workerName=node0
2025-10-10 10:37:45,124 [ForkJoinPool-1-worker-1] INFO  server.session (DefaultSessionIdManager.java:doStart(339)) - No SessionScavenger set, using defaults
2025-10-10 10:37:45,124 [ForkJoinPool-1-worker-1] INFO  server.session (HouseKeeper.java:startScavenging(132)) - node0 Scavenging every 660000ms
2025-10-10 10:37:45,125 [ForkJoinPool-1-worker-1] INFO  handler.ContextHandler (ContextHandler.java:doStart(921)) - Started o.e.j.s.ServletContextHandler@3abc19de{logs,/logs,file:///home/runner/work/ozone/ozone/hadoop-ozone/integration-test/target/log,AVAILABLE}
2025-10-10 10:37:45,126 [ForkJoinPool-1-worker-1] INFO  handler.ContextHandler (ContextHandler.java:doStart(921)) - Started o.e.j.s.ServletContextHandler@5896a0b1{static,/static,jar:file:/home/runner/work/ozone/ozone/hadoop-hdds/container-service/target/hdds-container-service-2.1.0-SNAPSHOT.jar!/webapps/static,AVAILABLE}
2025-10-10 10:37:45,276 [ForkJoinPool-1-worker-1] INFO  handler.ContextHandler (ContextHandler.java:doStart(921)) - Started o.e.j.w.WebAppContext@1cd7ee06{hddsDatanode,/,file:///home/runner/work/ozone/ozone/hadoop-ozone/integration-test/target/test-dir/MiniOzoneClusterImpl-611c99c7-d47b-4433-a4ef-cd0a35b076ef/scm/ozone-metadata/webserver/jetty-0_0_0_0-15082-hdds-container-service-2_1_0-SNAPSHOT_jar-_-any-17182382133352286674/webapp/,AVAILABLE}{jar:file:/home/runner/work/ozone/ozone/hadoop-hdds/container-service/target/hdds-container-service-2.1.0-SNAPSHOT.jar!/webapps/hddsDatanode}
2025-10-10 10:37:45,277 [ForkJoinPool-1-worker-1] INFO  server.AbstractConnector (AbstractConnector.java:doStart(333)) - Started ServerConnector@309ba63a{HTTP/1.1, (http/1.1)}{0.0.0.0:15082}
2025-10-10 10:37:45,277 [ForkJoinPool-1-worker-1] INFO  server.Server (Server.java:doStart(415)) - Started @13964ms
2025-10-10 10:37:45,277 [ForkJoinPool-1-worker-1] WARN  impl.MetricsSystemImpl (MetricsSystemImpl.java:register(279)) - Sink prometheus already exists!
2025-10-10 10:37:45,277 [IPC Server handler 17 on default port 15002] INFO  net.NetworkTopologyImpl (NetworkTopologyImpl.java:add(133)) - Added a new node: /rack1/22d9c8a1-4559-44b0-a4af-9630f79f1f05
2025-10-10 10:37:45,277 [ForkJoinPool-1-worker-1] INFO  http.BaseHttpServer (BaseHttpServer.java:updateConnectorAddress(357)) - HTTP server of hddsDatanode listening at http://localhost:15082
2025-10-10 10:37:45,277 [IPC Server handler 17 on default port 15002] INFO  node.SCMNodeManager (SCMNodeManager.java:register(423)) - Registered datanode: 22d9c8a1-4559-44b0-a4af-9630f79f1f05{ip: 127.0.0.1, host: localhost, ports: [HTTP=15050, CLIENT_RPC=15051, REPLICATION=15057, RATIS=15053, RATIS_ADMIN=15054, RATIS_SERVER=15055, RATIS_DATASTREAM=15056, STANDALONE=15052], networkLocation: /rack1, certSerialId: null, persistedOpState: null, persistedOpStateExpiryEpochSec: 0}
2025-10-10 10:37:45,277 [EventQueue-NewNodeForNewNodeHandler] INFO  pipeline.BackgroundPipelineCreator (BackgroundPipelineCreator.java:notifyEventTriggered(290)) - trigger a one-shot run on RatisPipelineUtilsThread.
2025-10-10 10:37:45,277 [EventQueue-PipelineReportForOneReplicaPipelineSafeModeRule] INFO  safemode.SCMSafeModeManager (SCMSafeModeManager.java:validateSafeModeExitRules(138)) - AtleastOneDatanodeReportedRule rule is successfully validated
2025-10-10 10:37:45,277 [ForkJoinPool-1-worker-1] INFO  ipc.CallQueueManager (CallQueueManager.java:<init>(93)) - Using callQueue: class java.util.concurrent.LinkedBlockingQueue, queueCapacity: 1000, scheduler: class org.apache.hadoop.ipc.DefaultRpcScheduler, ipcBackoff: false, ipcFailOver: false.
2025-10-10 10:37:45,278 [EventQueue-ContainerRegistrationReportForRatisContainerSafeModeRule] INFO  safemode.SCMSafeModeManager (SCMSafeModeManager.java:validateSafeModeExitRules(138)) - RatisContainerSafeModeRule rule is successfully validated
2025-10-10 10:37:45,278 [EventQueue-ContainerRegistrationReportForECContainerSafeModeRule] INFO  safemode.SCMSafeModeManager (SCMSafeModeManager.java:validateSafeModeExitRules(138)) - ECContainerSafeModeRule rule is successfully validated
2025-10-10 10:37:45,278 [ForkJoinPool-1-worker-1] INFO  ipc.Server (Server.java:<init>(1438)) - Listener at 0.0.0.0:15083
2025-10-10 10:37:45,278 [EventQueue-NodeRegistrationContainerReportForDataNodeSafeModeRule] INFO  safemode.SCMSafeModeManager (SCMSafeModeManager.java:validateSafeModeExitRules(138)) - DataNodeSafeModeRule rule is successfully validated
2025-10-10 10:37:45,278 [RatisPipelineUtilsThread-0] INFO  pipeline.RatisPipelineProvider (RatisPipelineProvider.java:lambda$create$0(208)) - Sending CreatePipelineCommand for pipeline:Pipeline-4114ebae-1d2b-4af6-a7ef-7b2efae04b0a to datanode:22d9c8a1-4559-44b0-a4af-9630f79f1f05(localhost/127.0.0.1)
2025-10-10 10:37:45,279 [Socket Reader #1 for port 15083] INFO  ipc.Server (Server.java:run(1474)) - Starting Socket Reader #1 for port 15083
2025-10-10 10:37:45,279 [Socket Reader #2 for port 15083] INFO  ipc.Server (Server.java:run(1474)) - Starting Socket Reader #2 for port 15083
2025-10-10 10:37:45,279 [Socket Reader #3 for port 15083] INFO  ipc.Server (Server.java:run(1474)) - Starting Socket Reader #3 for port 15083
2025-10-10 10:37:45,280 [Socket Reader #4 for port 15083] INFO  ipc.Server (Server.java:run(1474)) - Starting Socket Reader #4 for port 15083
2025-10-10 10:37:45,280 [Socket Reader #5 for port 15083] INFO  ipc.Server (Server.java:run(1474)) - Starting Socket Reader #5 for port 15083
2025-10-10 10:37:45,280 [Socket Reader #6 for port 15083] INFO  ipc.Server (Server.java:run(1474)) - Starting Socket Reader #6 for port 15083
2025-10-10 10:37:45,280 [Socket Reader #7 for port 15083] INFO  ipc.Server (Server.java:run(1474)) - Starting Socket Reader #7 for port 15083
2025-10-10 10:37:45,281 [Socket Reader #8 for port 15083] INFO  ipc.Server (Server.java:run(1474)) - Starting Socket Reader #8 for port 15083
2025-10-10 10:37:45,281 [Socket Reader #9 for port 15083] INFO  ipc.Server (Server.java:run(1474)) - Starting Socket Reader #9 for port 15083
2025-10-10 10:37:45,281 [Socket Reader #10 for port 15083] INFO  ipc.Server (Server.java:run(1474)) - Starting Socket Reader #10 for port 15083
2025-10-10 10:37:45,282 [8502da08-471d-490f-823d-1244cc2731b5@group-CD0A35B076EF-StateMachineUpdater] INFO  safemode.SCMSafeModeManager (SCMSafeModeManager.java:validateSafeModeExitRules(138)) - DataNodeSafeModeRule rule is successfully validated
2025-10-10 10:37:45,282 [8502da08-471d-490f-823d-1244cc2731b5@group-CD0A35B076EF-StateMachineUpdater] INFO  safemode.SCMSafeModeManager (SCMSafeModeManager.java:validateSafeModeExitRules(138)) - RatisContainerSafeModeRule rule is successfully validated
2025-10-10 10:37:45,282 [8502da08-471d-490f-823d-1244cc2731b5@group-CD0A35B076EF-StateMachineUpdater] INFO  safemode.HealthyPipelineSafeModeRule (HealthyPipelineSafeModeRule.java:initializeRule(228)) - Refreshed total pipeline count is 0, healthy pipeline threshold count is 1
2025-10-10 10:37:45,282 [8502da08-471d-490f-823d-1244cc2731b5@group-CD0A35B076EF-StateMachineUpdater] INFO  safemode.SCMSafeModeManager (SCMSafeModeManager.java:validateSafeModeExitRules(138)) - ECContainerSafeModeRule rule is successfully validated
2025-10-10 10:37:45,282 [8502da08-471d-490f-823d-1244cc2731b5@group-CD0A35B076EF-StateMachineUpdater] INFO  safemode.SCMSafeModeManager (SCMSafeModeManager.java:validateSafeModeExitRules(138)) - AtleastOneDatanodeReportedRule rule is successfully validated
2025-10-10 10:37:45,283 [RatisPipelineUtilsThread-0] INFO  pipeline.BackgroundPipelineCreator (BackgroundPipelineCreator.java:createPipelines(246)) - Created new pipeline Pipeline{ Id: 4114ebae-1d2b-4af6-a7ef-7b2efae04b0a, Nodes: [ {22d9c8a1-4559-44b0-a4af-9630f79f1f05(localhost/127.0.0.1), ReplicaIndex: 0},], ReplicationConfig: RATIS/ONE, State:ALLOCATED, leaderId:, CreationTimestamp2025-10-10T10:37:45.278842005Z[Etc/UTC]}
2025-10-10 10:37:45,283 [RatisPipelineUtilsThread-0] INFO  pipeline.RatisPipelineProvider (RatisPipelineProvider.java:lambda$create$0(208)) - Sending CreatePipelineCommand for pipeline:Pipeline-905307e5-fe9f-45a7-96e9-7fe9bf83969b to datanode:ad892cb1-3002-4758-a303-de6f39da4dbc(localhost/127.0.0.1)
2025-10-10 10:37:45,284 [RatisPipelineUtilsThread-0] INFO  pipeline.RatisPipelineProvider (RatisPipelineProvider.java:lambda$create$0(208)) - Sending CreatePipelineCommand for pipeline:Pipeline-905307e5-fe9f-45a7-96e9-7fe9bf83969b to datanode:22d9c8a1-4559-44b0-a4af-9630f79f1f05(localhost/127.0.0.1)
2025-10-10 10:37:45,284 [RatisPipelineUtilsThread-0] INFO  pipeline.RatisPipelineProvider (RatisPipelineProvider.java:lambda$create$0(208)) - Sending CreatePipelineCommand for pipeline:Pipeline-905307e5-fe9f-45a7-96e9-7fe9bf83969b to datanode:9ab71813-e86f-4276-8581-297fed06961e(localhost/127.0.0.1)
2025-10-10 10:37:45,284 [ForkJoinPool-1-worker-1] INFO  ozone.HddsDatanodeService (HddsDatanodeService.java:start(333)) - Datanode start with admins: [admin, runner]
2025-10-10 10:37:45,284 [ForkJoinPool-1-worker-1] INFO  ozone.HddsDatanodeClientProtocolServer (HddsDatanodeClientProtocolServer.java:start(76)) - RPC server for Client /0.0.0.0:15083
2025-10-10 10:37:45,284 [IPC Server listener on 15083] INFO  ipc.Server (Server.java:run(1553)) - IPC Server listener on 15083: starting
2025-10-10 10:37:45,285 [IPC Server Responder] INFO  ipc.Server (Server.java:run(1713)) - IPC Server Responder: starting
2025-10-10 10:37:45,286 [8502da08-471d-490f-823d-1244cc2731b5@group-CD0A35B076EF-StateMachineUpdater] INFO  safemode.SCMSafeModeManager (SCMSafeModeManager.java:validateSafeModeExitRules(138)) - DataNodeSafeModeRule rule is successfully validated
2025-10-10 10:37:45,286 [8502da08-471d-490f-823d-1244cc2731b5@group-CD0A35B076EF-StateMachineUpdater] INFO  safemode.SCMSafeModeManager (SCMSafeModeManager.java:validateSafeModeExitRules(138)) - RatisContainerSafeModeRule rule is successfully validated
2025-10-10 10:37:45,286 [8502da08-471d-490f-823d-1244cc2731b5@group-CD0A35B076EF-StateMachineUpdater] INFO  safemode.HealthyPipelineSafeModeRule (HealthyPipelineSafeModeRule.java:initializeRule(228)) - Refreshed total pipeline count is 0, healthy pipeline threshold count is 1
2025-10-10 10:37:45,286 [8502da08-471d-490f-823d-1244cc2731b5@group-CD0A35B076EF-StateMachineUpdater] INFO  safemode.SCMSafeModeManager (SCMSafeModeManager.java:validateSafeModeExitRules(138)) - ECContainerSafeModeRule rule is successfully validated
2025-10-10 10:37:45,287 [8502da08-471d-490f-823d-1244cc2731b5@group-CD0A35B076EF-StateMachineUpdater] INFO  safemode.SCMSafeModeManager (SCMSafeModeManager.java:validateSafeModeExitRules(138)) - AtleastOneDatanodeReportedRule rule is successfully validated
2025-10-10 10:37:45,287 [RatisPipelineUtilsThread-0] INFO  pipeline.BackgroundPipelineCreator (BackgroundPipelineCreator.java:createPipelines(246)) - Created new pipeline Pipeline{ Id: 905307e5-fe9f-45a7-96e9-7fe9bf83969b, Nodes: [ {ad892cb1-3002-4758-a303-de6f39da4dbc(localhost/127.0.0.1), ReplicaIndex: 0}, {22d9c8a1-4559-44b0-a4af-9630f79f1f05(localhost/127.0.0.1), ReplicaIndex: 0}, {9ab71813-e86f-4276-8581-297fed06961e(localhost/127.0.0.1), ReplicaIndex: 0},], ReplicationConfig: RATIS/THREE, State:ALLOCATED, leaderId:, CreationTimestamp2025-10-10T10:37:45.283845555Z[Etc/UTC]}
2025-10-10 10:37:45,288 [RatisPipelineUtilsThread-0] INFO  pipeline.RatisPipelineProvider (RatisPipelineProvider.java:lambda$create$0(208)) - Sending CreatePipelineCommand for pipeline:Pipeline-646a14ee-6b5e-4675-bb4e-4e13145afca4 to datanode:ad892cb1-3002-4758-a303-de6f39da4dbc(localhost/127.0.0.1)
2025-10-10 10:37:45,288 [RatisPipelineUtilsThread-0] INFO  pipeline.RatisPipelineProvider (RatisPipelineProvider.java:lambda$create$0(208)) - Sending CreatePipelineCommand for pipeline:Pipeline-646a14ee-6b5e-4675-bb4e-4e13145afca4 to datanode:22d9c8a1-4559-44b0-a4af-9630f79f1f05(localhost/127.0.0.1)
2025-10-10 10:37:45,288 [RatisPipelineUtilsThread-0] INFO  pipeline.RatisPipelineProvider (RatisPipelineProvider.java:lambda$create$0(208)) - Sending CreatePipelineCommand for pipeline:Pipeline-646a14ee-6b5e-4675-bb4e-4e13145afca4 to datanode:9ab71813-e86f-4276-8581-297fed06961e(localhost/127.0.0.1)
2025-10-10 10:37:45,289 [2845ecb9-1de7-4fe5-b5c4-cb17d9505b49-DatanodeStateMachineDaemonThread] INFO  statemachine.DatanodeStateMachine (DatanodeStateMachine.java:startStateMachineThread(363)) - Ozone container server started.
2025-10-10 10:37:45,291 [8502da08-471d-490f-823d-1244cc2731b5@group-CD0A35B076EF-StateMachineUpdater] INFO  safemode.SCMSafeModeManager (SCMSafeModeManager.java:validateSafeModeExitRules(138)) - DataNodeSafeModeRule rule is successfully validated
2025-10-10 10:37:45,291 [8502da08-471d-490f-823d-1244cc2731b5@group-CD0A35B076EF-StateMachineUpdater] INFO  safemode.SCMSafeModeManager (SCMSafeModeManager.java:validateSafeModeExitRules(138)) - RatisContainerSafeModeRule rule is successfully validated
2025-10-10 10:37:45,292 [8502da08-471d-490f-823d-1244cc2731b5@group-CD0A35B076EF-StateMachineUpdater] INFO  safemode.HealthyPipelineSafeModeRule (HealthyPipelineSafeModeRule.java:initializeRule(228)) - Refreshed total pipeline count is 0, healthy pipeline threshold count is 1
2025-10-10 10:37:45,292 [8502da08-471d-490f-823d-1244cc2731b5@group-CD0A35B076EF-StateMachineUpdater] INFO  safemode.SCMSafeModeManager (SCMSafeModeManager.java:validateSafeModeExitRules(138)) - ECContainerSafeModeRule rule is successfully validated
2025-10-10 10:37:45,292 [8502da08-471d-490f-823d-1244cc2731b5@group-CD0A35B076EF-StateMachineUpdater] INFO  safemode.SCMSafeModeManager (SCMSafeModeManager.java:validateSafeModeExitRules(138)) - AtleastOneDatanodeReportedRule rule is successfully validated
2025-10-10 10:37:45,292 [RatisPipelineUtilsThread-0] INFO  pipeline.PipelineManagerImpl (PipelineManagerImpl.java:recordMetricsForPipeline(922)) - Pipeline-646a14ee-6b5e-4675-bb4e-4e13145afca4 and Pipeline-905307e5-fe9f-45a7-96e9-7fe9bf83969b have exactly the same set of datanodes: [ad892cb1-3002-4758-a303-de6f39da4dbc(localhost/127.0.0.1), 22d9c8a1-4559-44b0-a4af-9630f79f1f05(localhost/127.0.0.1), 9ab71813-e86f-4276-8581-297fed06961e(localhost/127.0.0.1)]
2025-10-10 10:37:45,292 [RatisPipelineUtilsThread-0] INFO  pipeline.BackgroundPipelineCreator (BackgroundPipelineCreator.java:createPipelines(246)) - Created new pipeline Pipeline{ Id: 646a14ee-6b5e-4675-bb4e-4e13145afca4, Nodes: [ {ad892cb1-3002-4758-a303-de6f39da4dbc(localhost/127.0.0.1), ReplicaIndex: 0}, {22d9c8a1-4559-44b0-a4af-9630f79f1f05(localhost/127.0.0.1), ReplicaIndex: 0}, {9ab71813-e86f-4276-8581-297fed06961e(localhost/127.0.0.1), ReplicaIndex: 0},], ReplicationConfig: RATIS/THREE, State:ALLOCATED, leaderId:, CreationTimestamp2025-10-10T10:37:45.288317695Z[Etc/UTC]}
2025-10-10 10:37:45,292 [ForkJoinPool-1-worker-1] INFO  ozone.MiniOzoneClusterImpl (MiniOzoneClusterImpl.java:lambda$waitForClusterToBeReady$0(181)) - Waiting for nodes to be ready. Got 6 of 10 DN Heartbeats.
2025-10-10 10:37:45,293 [ForkJoinPool-1-worker-1] INFO  ozone.MiniOzoneClusterImpl (MiniOzoneClusterImpl.java:lambda$waitForClusterToBeReady$0(184)) - Waiting for cluster to exit safe mode
2025-10-10 10:37:45,294 [ForkJoinPool-1-worker-1] INFO  ozone.MiniOzoneClusterImpl (MiniOzoneClusterImpl.java:lambda$waitForClusterToBeReady$0(186)) - SCM became leader
2025-10-10 10:37:45,295 [2845ecb9-1de7-4fe5-b5c4-cb17d9505b49-DatanodeStateMachineTaskThread-0] INFO  datanode.InitDatanodeState (InitDatanodeState.java:persistContainerDatanodeDetails(139)) - DatanodeDetails is persisted to /home/runner/work/ozone/ozone/hadoop-ozone/integration-test/target/test-dir/MiniOzoneClusterImpl-611c99c7-d47b-4433-a4ef-cd0a35b076ef/ozone-metadata/datanode-10/ozone-metadata/datanode.id
2025-10-10 10:37:45,323 [36185c6b-22ce-45d1-a622-3a6b487a5a53-EndpointStateMachineTaskThread-/0.0.0.0:15002-0 ] INFO  utils.DatanodeStoreCache (DatanodeStoreCache.java:addDB(70)) - Added db /home/runner/work/ozone/ozone/hadoop-ozone/integration-test/target/test-dir/MiniOzoneClusterImpl-611c99c7-d47b-4433-a4ef-cd0a35b076ef/ozone-metadata/datanode-8/data-0/hdds/611c99c7-d47b-4433-a4ef-cd0a35b076ef/DS-5cd8dead-8911-46d6-a0b8-6438206482ea/container.db to cache
2025-10-10 10:37:45,323 [36185c6b-22ce-45d1-a622-3a6b487a5a53-EndpointStateMachineTaskThread-/0.0.0.0:15002-0 ] INFO  volume.HddsVolume (HddsVolume.java:createDbStore(576)) - SchemaV3 db is created and loaded at /home/runner/work/ozone/ozone/hadoop-ozone/integration-test/target/test-dir/MiniOzoneClusterImpl-611c99c7-d47b-4433-a4ef-cd0a35b076ef/ozone-metadata/datanode-8/data-0/hdds/611c99c7-d47b-4433-a4ef-cd0a35b076ef/DS-5cd8dead-8911-46d6-a0b8-6438206482ea/container.db for volume DS-5cd8dead-8911-46d6-a0b8-6438206482ea
2025-10-10 10:37:45,325 [36185c6b-22ce-45d1-a622-3a6b487a5a53-ContainerReader-0] INFO  ozoneimpl.ContainerReader (ContainerReader.java:readVolume(147)) - Start to verify containers on volume /home/runner/work/ozone/ozone/hadoop-ozone/integration-test/target/test-dir/MiniOzoneClusterImpl-611c99c7-d47b-4433-a4ef-cd0a35b076ef/ozone-metadata/datanode-8/data-0/hdds
2025-10-10 10:37:45,325 [36185c6b-22ce-45d1-a622-3a6b487a5a53-ContainerReader-0] INFO  ozoneimpl.ContainerReader (ContainerReader.java:readVolume(177)) - Finish verifying containers on volume /home/runner/work/ozone/ozone/hadoop-ozone/integration-test/target/test-dir/MiniOzoneClusterImpl-611c99c7-d47b-4433-a4ef-cd0a35b076ef/ozone-metadata/datanode-8/data-0/hdds
2025-10-10 10:37:45,326 [36185c6b-22ce-45d1-a622-3a6b487a5a53-EndpointStateMachineTaskThread-/0.0.0.0:15002-0 ] INFO  ozoneimpl.OzoneContainer (OzoneContainer.java:buildContainerSet(370)) - Build ContainerSet costs 0s
2025-10-10 10:37:45,326 [36185c6b-22ce-45d1-a622-3a6b487a5a53-EndpointStateMachineTaskThread-/0.0.0.0:15002-0 ] INFO  volume.ThrottledAsyncChecker (ThrottledAsyncChecker.java:schedule(138)) - Scheduling a check for /home/runner/work/ozone/ozone/hadoop-ozone/integration-test/target/test-dir/MiniOzoneClusterImpl-611c99c7-d47b-4433-a4ef-cd0a35b076ef/ozone-metadata/datanode-8/data-0/hdds
2025-10-10 10:37:45,326 [36185c6b-22ce-45d1-a622-3a6b487a5a53-EndpointStateMachineTaskThread-/0.0.0.0:15002-0 ] INFO  volume.StorageVolumeChecker (StorageVolumeChecker.java:checkAllVolumes(231)) - Scheduled health check for volume /home/runner/work/ozone/ozone/hadoop-ozone/integration-test/target/test-dir/MiniOzoneClusterImpl-611c99c7-d47b-4433-a4ef-cd0a35b076ef/ozone-metadata/datanode-8/data-0/hdds
2025-10-10 10:37:45,330 [36185c6b-22ce-45d1-a622-3a6b487a5a53-EndpointStateMachineTaskThread-/0.0.0.0:15002-0 ] INFO  volume.ThrottledAsyncChecker (ThrottledAsyncChecker.java:schedule(138)) - Scheduling a check for /home/runner/work/ozone/ozone/hadoop-ozone/integration-test/target/test-dir/MiniOzoneClusterImpl-611c99c7-d47b-4433-a4ef-cd0a35b076ef/ozone-metadata/datanode-8/ratis
2025-10-10 10:37:45,330 [36185c6b-22ce-45d1-a622-3a6b487a5a53-EndpointStateMachineTaskThread-/0.0.0.0:15002-0 ] INFO  volume.StorageVolumeChecker (StorageVolumeChecker.java:checkAllVolumes(231)) - Scheduled health check for volume /home/runner/work/ozone/ozone/hadoop-ozone/integration-test/target/test-dir/MiniOzoneClusterImpl-611c99c7-d47b-4433-a4ef-cd0a35b076ef/ozone-metadata/datanode-8/ratis
2025-10-10 10:37:45,331 [36185c6b-22ce-45d1-a622-3a6b487a5a53-EndpointStateMachineTaskThread-/0.0.0.0:15002-0 ] INFO  ozoneimpl.OzoneContainer (OzoneContainer.java:start(525)) - Attempting to start container services.
2025-10-10 10:37:45,331 [ContainerMetadataScanner] INFO  ozoneimpl.AbstractBackgroundContainerScanner (AbstractBackgroundContainerScanner.java:runIteration(89)) - Completed an iteration in 0 minutes. Number of iterations (since the data-node restart) : 1, Number of containers scanned in this iteration : 0, Number of unhealthy containers found in this iteration : 0
2025-10-10 10:37:45,332 [ContainerDataScanner(/home/runner/work/ozone/ozone/hadoop-ozone/integration-test/target/test-dir/MiniOzoneClusterImpl-611c99c7-d47b-4433-a4ef-cd0a35b076ef/ozone-metadata/datanode-8/data-0/hdds)] INFO  ozoneimpl.AbstractBackgroundContainerScanner (AbstractBackgroundContainerScanner.java:runIteration(89)) - Completed an iteration in 0 minutes. Number of iterations (since the data-node restart) : 1, Number of containers scanned in this iteration : 0, Number of unhealthy containers found in this iteration : 0
2025-10-10 10:37:45,332 [36185c6b-22ce-45d1-a622-3a6b487a5a53-EndpointStateMachineTaskThread-/0.0.0.0:15002-0 ] INFO  replication.ReplicationServer (ReplicationServer.java:start(137)) - ReplicationServer is started using port 15073
2025-10-10 10:37:45,333 [36185c6b-22ce-45d1-a622-3a6b487a5a53-EndpointStateMachineTaskThread-/0.0.0.0:15002-0 ] INFO  ratis.XceiverServerRatis (XceiverServerRatis.java:start(559)) - Starting XceiverServerRatis(36185c6b-22ce-45d1-a622-3a6b487a5a53)
2025-10-10 10:37:45,333 [36185c6b-22ce-45d1-a622-3a6b487a5a53-EndpointStateMachineTaskThread-/0.0.0.0:15002-0 ] INFO  server.RaftServer (RaftServerProxy.java:startImpl(412)) - 36185c6b-22ce-45d1-a622-3a6b487a5a53: start RPC server
2025-10-10 10:37:45,334 [36185c6b-22ce-45d1-a622-3a6b487a5a53-EndpointStateMachineTaskThread-/0.0.0.0:15002-0 ] INFO  server.GrpcServicesImpl (GrpcServicesImpl.java:startImpl(346)) - 36185c6b-22ce-45d1-a622-3a6b487a5a53: GrpcServicesImpl started, listening on 15069
2025-10-10 10:37:45,334 [36185c6b-22ce-45d1-a622-3a6b487a5a53-EndpointStateMachineTaskThread-/0.0.0.0:15002-0 ] INFO  server.GrpcServicesImpl (GrpcServicesImpl.java:startImpl(346)) - 36185c6b-22ce-45d1-a622-3a6b487a5a53: GrpcServicesImpl started, listening on 15071
2025-10-10 10:37:45,335 [36185c6b-22ce-45d1-a622-3a6b487a5a53-EndpointStateMachineTaskThread-/0.0.0.0:15002-0 ] INFO  server.GrpcServicesImpl (GrpcServicesImpl.java:startImpl(346)) - 36185c6b-22ce-45d1-a622-3a6b487a5a53: GrpcServicesImpl started, listening on 15070
2025-10-10 10:37:45,335 [JvmPauseMonitor10] INFO  util.JvmPauseMonitor (JvmPauseMonitor.java:run(146)) - JvmPauseMonitor-36185c6b-22ce-45d1-a622-3a6b487a5a53: Started
2025-10-10 10:37:45,335 [36185c6b-22ce-45d1-a622-3a6b487a5a53-EndpointStateMachineTaskThread-/0.0.0.0:15002-0 ] INFO  ratis.XceiverServerRatis (XceiverServerRatis.java:getRealPort(586)) - XceiverServerRatis(36185c6b-22ce-45d1-a622-3a6b487a5a53) is started using port RATIS=15069
2025-10-10 10:37:45,335 [36185c6b-22ce-45d1-a622-3a6b487a5a53-EndpointStateMachineTaskThread-/0.0.0.0:15002-0 ] INFO  ratis.XceiverServerRatis (XceiverServerRatis.java:getRealPort(586)) - XceiverServerRatis(36185c6b-22ce-45d1-a622-3a6b487a5a53) is started using port RATIS_ADMIN=15070
2025-10-10 10:37:45,335 [36185c6b-22ce-45d1-a622-3a6b487a5a53-EndpointStateMachineTaskThread-/0.0.0.0:15002-0 ] INFO  ratis.XceiverServerRatis (XceiverServerRatis.java:getRealPort(586)) - XceiverServerRatis(36185c6b-22ce-45d1-a622-3a6b487a5a53) is started using port RATIS_SERVER=15071
2025-10-10 10:37:45,335 [36185c6b-22ce-45d1-a622-3a6b487a5a53-EndpointStateMachineTaskThread-/0.0.0.0:15002-0 ] INFO  ratis.XceiverServerRatis (XceiverServerRatis.java:getRealPort(586)) - XceiverServerRatis(36185c6b-22ce-45d1-a622-3a6b487a5a53) is started using port RATIS_DATASTREAM=15072
2025-10-10 10:37:45,336 [36185c6b-22ce-45d1-a622-3a6b487a5a53-EndpointStateMachineTaskThread-/0.0.0.0:15002-0 ] INFO  utils.BackgroundService (BackgroundService.java:start(119)) - Starting service BlockDeletingService with interval 60000 milliseconds
2025-10-10 10:37:45,337 [36185c6b-22ce-45d1-a622-3a6b487a5a53-EndpointStateMachineTaskThread-/0.0.0.0:15002-0 ] INFO  utils.BackgroundService (BackgroundService.java:start(119)) - Starting service StaleRecoveringContainerScrubbingService with interval 60000 milliseconds
2025-10-10 10:37:45,543 [IPC Server handler 13 on default port 15002] INFO  net.NetworkTopologyImpl (NetworkTopologyImpl.java:add(133)) - Added a new node: /rack1/aa9634f0-8836-44d6-bc05-5b19fbdd93d5
2025-10-10 10:37:45,544 [IPC Server handler 13 on default port 15002] INFO  node.SCMNodeManager (SCMNodeManager.java:register(423)) - Registered datanode: aa9634f0-8836-44d6-bc05-5b19fbdd93d5{ip: 127.0.0.1, host: localhost, ports: [HTTP=15058, CLIENT_RPC=15059, REPLICATION=15065, RATIS=15061, RATIS_ADMIN=15062, RATIS_SERVER=15063, RATIS_DATASTREAM=15064, STANDALONE=15060], networkLocation: /rack1, certSerialId: null, persistedOpState: null, persistedOpStateExpiryEpochSec: 0}
2025-10-10 10:37:45,544 [EventQueue-ContainerRegistrationReportForRatisContainerSafeModeRule] INFO  safemode.SCMSafeModeManager (SCMSafeModeManager.java:validateSafeModeExitRules(138)) - RatisContainerSafeModeRule rule is successfully validated
2025-10-10 10:37:45,545 [EventQueue-ContainerRegistrationReportForECContainerSafeModeRule] INFO  safemode.SCMSafeModeManager (SCMSafeModeManager.java:validateSafeModeExitRules(138)) - ECContainerSafeModeRule rule is successfully validated
2025-10-10 10:37:45,545 [EventQueue-NodeRegistrationContainerReportForDataNodeSafeModeRule] INFO  safemode.SCMSafeModeManager (SCMSafeModeManager.java:validateSafeModeExitRules(138)) - DataNodeSafeModeRule rule is successfully validated
2025-10-10 10:37:45,545 [EventQueue-PipelineReportForOneReplicaPipelineSafeModeRule] INFO  safemode.SCMSafeModeManager (SCMSafeModeManager.java:validateSafeModeExitRules(138)) - AtleastOneDatanodeReportedRule rule is successfully validated
2025-10-10 10:37:45,545 [EventQueue-NewNodeForNewNodeHandler] INFO  pipeline.BackgroundPipelineCreator (BackgroundPipelineCreator.java:notifyEventTriggered(290)) - trigger a one-shot run on RatisPipelineUtilsThread.
2025-10-10 10:37:45,546 [RatisPipelineUtilsThread-0] INFO  pipeline.RatisPipelineProvider (RatisPipelineProvider.java:lambda$create$0(208)) - Sending CreatePipelineCommand for pipeline:Pipeline-0e451b0a-d61f-4383-be9e-a002c7d4e542 to datanode:aa9634f0-8836-44d6-bc05-5b19fbdd93d5(localhost/127.0.0.1)
2025-10-10 10:37:45,548 [8502da08-471d-490f-823d-1244cc2731b5@group-CD0A35B076EF-StateMachineUpdater] INFO  safemode.SCMSafeModeManager (SCMSafeModeManager.java:validateSafeModeExitRules(138)) - DataNodeSafeModeRule rule is successfully validated
2025-10-10 10:37:45,549 [8502da08-471d-490f-823d-1244cc2731b5@group-CD0A35B076EF-StateMachineUpdater] INFO  safemode.SCMSafeModeManager (SCMSafeModeManager.java:validateSafeModeExitRules(138)) - RatisContainerSafeModeRule rule is successfully validated
2025-10-10 10:37:45,549 [8502da08-471d-490f-823d-1244cc2731b5@group-CD0A35B076EF-StateMachineUpdater] INFO  safemode.HealthyPipelineSafeModeRule (HealthyPipelineSafeModeRule.java:initializeRule(228)) - Refreshed total pipeline count is 0, healthy pipeline threshold count is 1
2025-10-10 10:37:45,549 [8502da08-471d-490f-823d-1244cc2731b5@group-CD0A35B076EF-StateMachineUpdater] INFO  safemode.SCMSafeModeManager (SCMSafeModeManager.java:validateSafeModeExitRules(138)) - ECContainerSafeModeRule rule is successfully validated
2025-10-10 10:37:45,549 [8502da08-471d-490f-823d-1244cc2731b5@group-CD0A35B076EF-StateMachineUpdater] INFO  safemode.SCMSafeModeManager (SCMSafeModeManager.java:validateSafeModeExitRules(138)) - AtleastOneDatanodeReportedRule rule is successfully validated
2025-10-10 10:37:45,549 [RatisPipelineUtilsThread-0] INFO  pipeline.BackgroundPipelineCreator (BackgroundPipelineCreator.java:createPipelines(246)) - Created new pipeline Pipeline{ Id: 0e451b0a-d61f-4383-be9e-a002c7d4e542, Nodes: [ {aa9634f0-8836-44d6-bc05-5b19fbdd93d5(localhost/127.0.0.1), ReplicaIndex: 0},], ReplicationConfig: RATIS/ONE, State:ALLOCATED, leaderId:, CreationTimestamp2025-10-10T10:37:45.546213124Z[Etc/UTC]}
2025-10-10 10:37:45,572 [895d447a-5476-42e4-b2fa-6eb687701d46-EndpointStateMachineTaskThread-/0.0.0.0:15002-0 ] INFO  utils.DatanodeStoreCache (DatanodeStoreCache.java:addDB(70)) - Added db /home/runner/work/ozone/ozone/hadoop-ozone/integration-test/target/test-dir/MiniOzoneClusterImpl-611c99c7-d47b-4433-a4ef-cd0a35b076ef/ozone-metadata/datanode-9/data-0/hdds/611c99c7-d47b-4433-a4ef-cd0a35b076ef/DS-8fb42501-9102-4ac6-a22c-4421d3850807/container.db to cache
2025-10-10 10:37:45,572 [895d447a-5476-42e4-b2fa-6eb687701d46-EndpointStateMachineTaskThread-/0.0.0.0:15002-0 ] INFO  volume.HddsVolume (HddsVolume.java:createDbStore(576)) - SchemaV3 db is created and loaded at /home/runner/work/ozone/ozone/hadoop-ozone/integration-test/target/test-dir/MiniOzoneClusterImpl-611c99c7-d47b-4433-a4ef-cd0a35b076ef/ozone-metadata/datanode-9/data-0/hdds/611c99c7-d47b-4433-a4ef-cd0a35b076ef/DS-8fb42501-9102-4ac6-a22c-4421d3850807/container.db for volume DS-8fb42501-9102-4ac6-a22c-4421d3850807
2025-10-10 10:37:45,574 [895d447a-5476-42e4-b2fa-6eb687701d46-ContainerReader-0] INFO  ozoneimpl.ContainerReader (ContainerReader.java:readVolume(147)) - Start to verify containers on volume /home/runner/work/ozone/ozone/hadoop-ozone/integration-test/target/test-dir/MiniOzoneClusterImpl-611c99c7-d47b-4433-a4ef-cd0a35b076ef/ozone-metadata/datanode-9/data-0/hdds
2025-10-10 10:37:45,574 [895d447a-5476-42e4-b2fa-6eb687701d46-ContainerReader-0] INFO  ozoneimpl.ContainerReader (ContainerReader.java:readVolume(177)) - Finish verifying containers on volume /home/runner/work/ozone/ozone/hadoop-ozone/integration-test/target/test-dir/MiniOzoneClusterImpl-611c99c7-d47b-4433-a4ef-cd0a35b076ef/ozone-metadata/datanode-9/data-0/hdds
2025-10-10 10:37:45,575 [895d447a-5476-42e4-b2fa-6eb687701d46-EndpointStateMachineTaskThread-/0.0.0.0:15002-0 ] INFO  ozoneimpl.OzoneContainer (OzoneContainer.java:buildContainerSet(370)) - Build ContainerSet costs 0s
2025-10-10 10:37:45,575 [895d447a-5476-42e4-b2fa-6eb687701d46-EndpointStateMachineTaskThread-/0.0.0.0:15002-0 ] INFO  volume.ThrottledAsyncChecker (ThrottledAsyncChecker.java:schedule(138)) - Scheduling a check for /home/runner/work/ozone/ozone/hadoop-ozone/integration-test/target/test-dir/MiniOzoneClusterImpl-611c99c7-d47b-4433-a4ef-cd0a35b076ef/ozone-metadata/datanode-9/data-0/hdds
2025-10-10 10:37:45,576 [895d447a-5476-42e4-b2fa-6eb687701d46-EndpointStateMachineTaskThread-/0.0.0.0:15002-0 ] INFO  volume.StorageVolumeChecker (StorageVolumeChecker.java:checkAllVolumes(231)) - Scheduled health check for volume /home/runner/work/ozone/ozone/hadoop-ozone/integration-test/target/test-dir/MiniOzoneClusterImpl-611c99c7-d47b-4433-a4ef-cd0a35b076ef/ozone-metadata/datanode-9/data-0/hdds
2025-10-10 10:37:45,580 [895d447a-5476-42e4-b2fa-6eb687701d46-EndpointStateMachineTaskThread-/0.0.0.0:15002-0 ] INFO  volume.ThrottledAsyncChecker (ThrottledAsyncChecker.java:schedule(138)) - Scheduling a check for /home/runner/work/ozone/ozone/hadoop-ozone/integration-test/target/test-dir/MiniOzoneClusterImpl-611c99c7-d47b-4433-a4ef-cd0a35b076ef/ozone-metadata/datanode-9/ratis
2025-10-10 10:37:45,580 [895d447a-5476-42e4-b2fa-6eb687701d46-EndpointStateMachineTaskThread-/0.0.0.0:15002-0 ] INFO  volume.StorageVolumeChecker (StorageVolumeChecker.java:checkAllVolumes(231)) - Scheduled health check for volume /home/runner/work/ozone/ozone/hadoop-ozone/integration-test/target/test-dir/MiniOzoneClusterImpl-611c99c7-d47b-4433-a4ef-cd0a35b076ef/ozone-metadata/datanode-9/ratis
2025-10-10 10:37:45,580 [895d447a-5476-42e4-b2fa-6eb687701d46-EndpointStateMachineTaskThread-/0.0.0.0:15002-0 ] INFO  ozoneimpl.OzoneContainer (OzoneContainer.java:start(525)) - Attempting to start container services.
2025-10-10 10:37:45,581 [ContainerMetadataScanner] INFO  ozoneimpl.AbstractBackgroundContainerScanner (AbstractBackgroundContainerScanner.java:runIteration(89)) - Completed an iteration in 0 minutes. Number of iterations (since the data-node restart) : 1, Number of containers scanned in this iteration : 0, Number of unhealthy containers found in this iteration : 0
2025-10-10 10:37:45,582 [ContainerDataScanner(/home/runner/work/ozone/ozone/hadoop-ozone/integration-test/target/test-dir/MiniOzoneClusterImpl-611c99c7-d47b-4433-a4ef-cd0a35b076ef/ozone-metadata/datanode-9/data-0/hdds)] INFO  ozoneimpl.AbstractBackgroundContainerScanner (AbstractBackgroundContainerScanner.java:runIteration(89)) - Completed an iteration in 0 minutes. Number of iterations (since the data-node restart) : 1, Number of containers scanned in this iteration : 0, Number of unhealthy containers found in this iteration : 0
2025-10-10 10:37:45,582 [895d447a-5476-42e4-b2fa-6eb687701d46-EndpointStateMachineTaskThread-/0.0.0.0:15002-0 ] INFO  replication.ReplicationServer (ReplicationServer.java:start(137)) - ReplicationServer is started using port 15081
2025-10-10 10:37:45,582 [895d447a-5476-42e4-b2fa-6eb687701d46-EndpointStateMachineTaskThread-/0.0.0.0:15002-0 ] INFO  ratis.XceiverServerRatis (XceiverServerRatis.java:start(559)) - Starting XceiverServerRatis(895d447a-5476-42e4-b2fa-6eb687701d46)
2025-10-10 10:37:45,583 [895d447a-5476-42e4-b2fa-6eb687701d46-EndpointStateMachineTaskThread-/0.0.0.0:15002-0 ] INFO  server.RaftServer (RaftServerProxy.java:startImpl(412)) - 895d447a-5476-42e4-b2fa-6eb687701d46: start RPC server
2025-10-10 10:37:45,584 [895d447a-5476-42e4-b2fa-6eb687701d46-EndpointStateMachineTaskThread-/0.0.0.0:15002-0 ] INFO  server.GrpcServicesImpl (GrpcServicesImpl.java:startImpl(346)) - 895d447a-5476-42e4-b2fa-6eb687701d46: GrpcServicesImpl started, listening on 15077
2025-10-10 10:37:45,584 [895d447a-5476-42e4-b2fa-6eb687701d46-EndpointStateMachineTaskThread-/0.0.0.0:15002-0 ] INFO  server.GrpcServicesImpl (GrpcServicesImpl.java:startImpl(346)) - 895d447a-5476-42e4-b2fa-6eb687701d46: GrpcServicesImpl started, listening on 15079
2025-10-10 10:37:45,584 [895d447a-5476-42e4-b2fa-6eb687701d46-EndpointStateMachineTaskThread-/0.0.0.0:15002-0 ] INFO  server.GrpcServicesImpl (GrpcServicesImpl.java:startImpl(346)) - 895d447a-5476-42e4-b2fa-6eb687701d46: GrpcServicesImpl started, listening on 15078
2025-10-10 10:37:45,584 [895d447a-5476-42e4-b2fa-6eb687701d46-EndpointStateMachineTaskThread-/0.0.0.0:15002-0 ] INFO  ratis.XceiverServerRatis (XceiverServerRatis.java:getRealPort(586)) - XceiverServerRatis(895d447a-5476-42e4-b2fa-6eb687701d46) is started using port RATIS=15077
2025-10-10 10:37:45,584 [895d447a-5476-42e4-b2fa-6eb687701d46-EndpointStateMachineTaskThread-/0.0.0.0:15002-0 ] INFO  ratis.XceiverServerRatis (XceiverServerRatis.java:getRealPort(586)) - XceiverServerRatis(895d447a-5476-42e4-b2fa-6eb687701d46) is started using port RATIS_ADMIN=15078
2025-10-10 10:37:45,585 [895d447a-5476-42e4-b2fa-6eb687701d46-EndpointStateMachineTaskThread-/0.0.0.0:15002-0 ] INFO  ratis.XceiverServerRatis (XceiverServerRatis.java:getRealPort(586)) - XceiverServerRatis(895d447a-5476-42e4-b2fa-6eb687701d46) is started using port RATIS_SERVER=15079
2025-10-10 10:37:45,585 [895d447a-5476-42e4-b2fa-6eb687701d46-EndpointStateMachineTaskThread-/0.0.0.0:15002-0 ] INFO  ratis.XceiverServerRatis (XceiverServerRatis.java:getRealPort(586)) - XceiverServerRatis(895d447a-5476-42e4-b2fa-6eb687701d46) is started using port RATIS_DATASTREAM=15080
2025-10-10 10:37:45,585 [JvmPauseMonitor11] INFO  util.JvmPauseMonitor (JvmPauseMonitor.java:run(146)) - JvmPauseMonitor-895d447a-5476-42e4-b2fa-6eb687701d46: Started
2025-10-10 10:37:45,585 [895d447a-5476-42e4-b2fa-6eb687701d46-EndpointStateMachineTaskThread-/0.0.0.0:15002-0 ] INFO  utils.BackgroundService (BackgroundService.java:start(119)) - Starting service BlockDeletingService with interval 60000 milliseconds
2025-10-10 10:37:45,586 [895d447a-5476-42e4-b2fa-6eb687701d46-EndpointStateMachineTaskThread-/0.0.0.0:15002-0 ] INFO  utils.BackgroundService (BackgroundService.java:start(119)) - Starting service StaleRecoveringContainerScrubbingService with interval 60000 milliseconds
2025-10-10 10:37:45,797 [IPC Server handler 7 on default port 15002] INFO  net.NetworkTopologyImpl (NetworkTopologyImpl.java:add(133)) - Added a new node: /rack1/36185c6b-22ce-45d1-a622-3a6b487a5a53
2025-10-10 10:37:45,797 [IPC Server handler 7 on default port 15002] INFO  node.SCMNodeManager (SCMNodeManager.java:register(423)) - Registered datanode: 36185c6b-22ce-45d1-a622-3a6b487a5a53{ip: 127.0.0.1, host: localhost, ports: [HTTP=15066, CLIENT_RPC=15067, REPLICATION=15073, RATIS=15069, RATIS_ADMIN=15070, RATIS_SERVER=15071, RATIS_DATASTREAM=15072, STANDALONE=15068], networkLocation: /rack1, certSerialId: null, persistedOpState: null, persistedOpStateExpiryEpochSec: 0}
2025-10-10 10:37:45,797 [EventQueue-NewNodeForNewNodeHandler] INFO  pipeline.BackgroundPipelineCreator (BackgroundPipelineCreator.java:notifyEventTriggered(290)) - trigger a one-shot run on RatisPipelineUtilsThread.
2025-10-10 10:37:45,797 [EventQueue-PipelineReportForOneReplicaPipelineSafeModeRule] INFO  safemode.SCMSafeModeManager (SCMSafeModeManager.java:validateSafeModeExitRules(138)) - AtleastOneDatanodeReportedRule rule is successfully validated
2025-10-10 10:37:45,798 [EventQueue-ContainerRegistrationReportForRatisContainerSafeModeRule] INFO  safemode.SCMSafeModeManager (SCMSafeModeManager.java:validateSafeModeExitRules(138)) - RatisContainerSafeModeRule rule is successfully validated
2025-10-10 10:37:45,798 [EventQueue-NodeRegistrationContainerReportForDataNodeSafeModeRule] INFO  safemode.SCMSafeModeManager (SCMSafeModeManager.java:validateSafeModeExitRules(138)) - DataNodeSafeModeRule rule is successfully validated
2025-10-10 10:37:45,798 [RatisPipelineUtilsThread-0] INFO  pipeline.RatisPipelineProvider (RatisPipelineProvider.java:lambda$create$0(208)) - Sending CreatePipelineCommand for pipeline:Pipeline-db5b5c2b-f866-4aec-a921-386b2f16df49 to datanode:36185c6b-22ce-45d1-a622-3a6b487a5a53(localhost/127.0.0.1)
2025-10-10 10:37:45,798 [EventQueue-ContainerRegistrationReportForECContainerSafeModeRule] INFO  safemode.SCMSafeModeManager (SCMSafeModeManager.java:validateSafeModeExitRules(138)) - ECContainerSafeModeRule rule is successfully validated
2025-10-10 10:37:45,800 [8502da08-471d-490f-823d-1244cc2731b5@group-CD0A35B076EF-StateMachineUpdater] INFO  safemode.SCMSafeModeManager (SCMSafeModeManager.java:validateSafeModeExitRules(138)) - DataNodeSafeModeRule rule is successfully validated
2025-10-10 10:37:45,800 [8502da08-471d-490f-823d-1244cc2731b5@group-CD0A35B076EF-StateMachineUpdater] INFO  safemode.SCMSafeModeManager (SCMSafeModeManager.java:validateSafeModeExitRules(138)) - RatisContainerSafeModeRule rule is successfully validated
2025-10-10 10:37:45,801 [8502da08-471d-490f-823d-1244cc2731b5@group-CD0A35B076EF-StateMachineUpdater] INFO  safemode.HealthyPipelineSafeModeRule (HealthyPipelineSafeModeRule.java:initializeRule(228)) - Refreshed total pipeline count is 0, healthy pipeline threshold count is 1
2025-10-10 10:37:45,801 [8502da08-471d-490f-823d-1244cc2731b5@group-CD0A35B076EF-StateMachineUpdater] INFO  safemode.SCMSafeModeManager (SCMSafeModeManager.java:validateSafeModeExitRules(138)) - ECContainerSafeModeRule rule is successfully validated
2025-10-10 10:37:45,801 [8502da08-471d-490f-823d-1244cc2731b5@group-CD0A35B076EF-StateMachineUpdater] INFO  safemode.SCMSafeModeManager (SCMSafeModeManager.java:validateSafeModeExitRules(138)) - AtleastOneDatanodeReportedRule rule is successfully validated
2025-10-10 10:37:45,801 [RatisPipelineUtilsThread-0] INFO  pipeline.BackgroundPipelineCreator (BackgroundPipelineCreator.java:createPipelines(246)) - Created new pipeline Pipeline{ Id: db5b5c2b-f866-4aec-a921-386b2f16df49, Nodes: [ {36185c6b-22ce-45d1-a622-3a6b487a5a53(localhost/127.0.0.1), ReplicaIndex: 0},], ReplicationConfig: RATIS/ONE, State:ALLOCATED, leaderId:, CreationTimestamp2025-10-10T10:37:45.798468934Z[Etc/UTC]}
2025-10-10 10:37:45,822 [2845ecb9-1de7-4fe5-b5c4-cb17d9505b49-EndpointStateMachineTaskThread-/0.0.0.0:15002-0 ] INFO  utils.DatanodeStoreCache (DatanodeStoreCache.java:addDB(70)) - Added db /home/runner/work/ozone/ozone/hadoop-ozone/integration-test/target/test-dir/MiniOzoneClusterImpl-611c99c7-d47b-4433-a4ef-cd0a35b076ef/ozone-metadata/datanode-10/data-0/hdds/611c99c7-d47b-4433-a4ef-cd0a35b076ef/DS-acbb0b19-c57c-43af-ab83-47b2913905c6/container.db to cache
2025-10-10 10:37:45,822 [2845ecb9-1de7-4fe5-b5c4-cb17d9505b49-EndpointStateMachineTaskThread-/0.0.0.0:15002-0 ] INFO  volume.HddsVolume (HddsVolume.java:createDbStore(576)) - SchemaV3 db is created and loaded at /home/runner/work/ozone/ozone/hadoop-ozone/integration-test/target/test-dir/MiniOzoneClusterImpl-611c99c7-d47b-4433-a4ef-cd0a35b076ef/ozone-metadata/datanode-10/data-0/hdds/611c99c7-d47b-4433-a4ef-cd0a35b076ef/DS-acbb0b19-c57c-43af-ab83-47b2913905c6/container.db for volume DS-acbb0b19-c57c-43af-ab83-47b2913905c6
2025-10-10 10:37:45,825 [2845ecb9-1de7-4fe5-b5c4-cb17d9505b49-ContainerReader-0] INFO  ozoneimpl.ContainerReader (ContainerReader.java:readVolume(147)) - Start to verify containers on volume /home/runner/work/ozone/ozone/hadoop-ozone/integration-test/target/test-dir/MiniOzoneClusterImpl-611c99c7-d47b-4433-a4ef-cd0a35b076ef/ozone-metadata/datanode-10/data-0/hdds
2025-10-10 10:37:45,825 [2845ecb9-1de7-4fe5-b5c4-cb17d9505b49-ContainerReader-0] INFO  ozoneimpl.ContainerReader (ContainerReader.java:readVolume(177)) - Finish verifying containers on volume /home/runner/work/ozone/ozone/hadoop-ozone/integration-test/target/test-dir/MiniOzoneClusterImpl-611c99c7-d47b-4433-a4ef-cd0a35b076ef/ozone-metadata/datanode-10/data-0/hdds
2025-10-10 10:37:45,825 [2845ecb9-1de7-4fe5-b5c4-cb17d9505b49-EndpointStateMachineTaskThread-/0.0.0.0:15002-0 ] INFO  ozoneimpl.OzoneContainer (OzoneContainer.java:buildContainerSet(370)) - Build ContainerSet costs 0s
2025-10-10 10:37:45,825 [2845ecb9-1de7-4fe5-b5c4-cb17d9505b49-EndpointStateMachineTaskThread-/0.0.0.0:15002-0 ] INFO  volume.ThrottledAsyncChecker (ThrottledAsyncChecker.java:schedule(138)) - Scheduling a check for /home/runner/work/ozone/ozone/hadoop-ozone/integration-test/target/test-dir/MiniOzoneClusterImpl-611c99c7-d47b-4433-a4ef-cd0a35b076ef/ozone-metadata/datanode-10/data-0/hdds
2025-10-10 10:37:45,826 [2845ecb9-1de7-4fe5-b5c4-cb17d9505b49-EndpointStateMachineTaskThread-/0.0.0.0:15002-0 ] INFO  volume.StorageVolumeChecker (StorageVolumeChecker.java:checkAllVolumes(231)) - Scheduled health check for volume /home/runner/work/ozone/ozone/hadoop-ozone/integration-test/target/test-dir/MiniOzoneClusterImpl-611c99c7-d47b-4433-a4ef-cd0a35b076ef/ozone-metadata/datanode-10/data-0/hdds
2025-10-10 10:37:45,829 [2845ecb9-1de7-4fe5-b5c4-cb17d9505b49-EndpointStateMachineTaskThread-/0.0.0.0:15002-0 ] INFO  volume.ThrottledAsyncChecker (ThrottledAsyncChecker.java:schedule(138)) - Scheduling a check for /home/runner/work/ozone/ozone/hadoop-ozone/integration-test/target/test-dir/MiniOzoneClusterImpl-611c99c7-d47b-4433-a4ef-cd0a35b076ef/ozone-metadata/datanode-10/ratis
2025-10-10 10:37:45,829 [2845ecb9-1de7-4fe5-b5c4-cb17d9505b49-EndpointStateMachineTaskThread-/0.0.0.0:15002-0 ] INFO  volume.StorageVolumeChecker (StorageVolumeChecker.java:checkAllVolumes(231)) - Scheduled health check for volume /home/runner/work/ozone/ozone/hadoop-ozone/integration-test/target/test-dir/MiniOzoneClusterImpl-611c99c7-d47b-4433-a4ef-cd0a35b076ef/ozone-metadata/datanode-10/ratis
2025-10-10 10:37:45,829 [2845ecb9-1de7-4fe5-b5c4-cb17d9505b49-EndpointStateMachineTaskThread-/0.0.0.0:15002-0 ] INFO  ozoneimpl.OzoneContainer (OzoneContainer.java:start(525)) - Attempting to start container services.
2025-10-10 10:37:45,830 [ContainerMetadataScanner] INFO  ozoneimpl.AbstractBackgroundContainerScanner (AbstractBackgroundContainerScanner.java:runIteration(89)) - Completed an iteration in 0 minutes. Number of iterations (since the data-node restart) : 1, Number of containers scanned in this iteration : 0, Number of unhealthy containers found in this iteration : 0
2025-10-10 10:37:45,831 [ContainerDataScanner(/home/runner/work/ozone/ozone/hadoop-ozone/integration-test/target/test-dir/MiniOzoneClusterImpl-611c99c7-d47b-4433-a4ef-cd0a35b076ef/ozone-metadata/datanode-10/data-0/hdds)] INFO  ozoneimpl.AbstractBackgroundContainerScanner (AbstractBackgroundContainerScanner.java:runIteration(89)) - Completed an iteration in 0 minutes. Number of iterations (since the data-node restart) : 1, Number of containers scanned in this iteration : 0, Number of unhealthy containers found in this iteration : 0
2025-10-10 10:37:45,831 [2845ecb9-1de7-4fe5-b5c4-cb17d9505b49-EndpointStateMachineTaskThread-/0.0.0.0:15002-0 ] INFO  replication.ReplicationServer (ReplicationServer.java:start(137)) - ReplicationServer is started using port 15089
2025-10-10 10:37:45,832 [2845ecb9-1de7-4fe5-b5c4-cb17d9505b49-EndpointStateMachineTaskThread-/0.0.0.0:15002-0 ] INFO  ratis.XceiverServerRatis (XceiverServerRatis.java:start(559)) - Starting XceiverServerRatis(2845ecb9-1de7-4fe5-b5c4-cb17d9505b49)
2025-10-10 10:37:45,832 [2845ecb9-1de7-4fe5-b5c4-cb17d9505b49-EndpointStateMachineTaskThread-/0.0.0.0:15002-0 ] INFO  server.RaftServer (RaftServerProxy.java:startImpl(412)) - 2845ecb9-1de7-4fe5-b5c4-cb17d9505b49: start RPC server
2025-10-10 10:37:45,833 [2845ecb9-1de7-4fe5-b5c4-cb17d9505b49-EndpointStateMachineTaskThread-/0.0.0.0:15002-0 ] INFO  server.GrpcServicesImpl (GrpcServicesImpl.java:startImpl(346)) - 2845ecb9-1de7-4fe5-b5c4-cb17d9505b49: GrpcServicesImpl started, listening on 15085
2025-10-10 10:37:45,833 [2845ecb9-1de7-4fe5-b5c4-cb17d9505b49-EndpointStateMachineTaskThread-/0.0.0.0:15002-0 ] INFO  server.GrpcServicesImpl (GrpcServicesImpl.java:startImpl(346)) - 2845ecb9-1de7-4fe5-b5c4-cb17d9505b49: GrpcServicesImpl started, listening on 15087
2025-10-10 10:37:45,833 [2845ecb9-1de7-4fe5-b5c4-cb17d9505b49-EndpointStateMachineTaskThread-/0.0.0.0:15002-0 ] INFO  server.GrpcServicesImpl (GrpcServicesImpl.java:startImpl(346)) - 2845ecb9-1de7-4fe5-b5c4-cb17d9505b49: GrpcServicesImpl started, listening on 15086
2025-10-10 10:37:45,834 [2845ecb9-1de7-4fe5-b5c4-cb17d9505b49-EndpointStateMachineTaskThread-/0.0.0.0:15002-0 ] INFO  ratis.XceiverServerRatis (XceiverServerRatis.java:getRealPort(586)) - XceiverServerRatis(2845ecb9-1de7-4fe5-b5c4-cb17d9505b49) is started using port RATIS=15085
2025-10-10 10:37:45,834 [2845ecb9-1de7-4fe5-b5c4-cb17d9505b49-EndpointStateMachineTaskThread-/0.0.0.0:15002-0 ] INFO  ratis.XceiverServerRatis (XceiverServerRatis.java:getRealPort(586)) - XceiverServerRatis(2845ecb9-1de7-4fe5-b5c4-cb17d9505b49) is started using port RATIS_ADMIN=15086
2025-10-10 10:37:45,834 [JvmPauseMonitor12] INFO  util.JvmPauseMonitor (JvmPauseMonitor.java:run(146)) - JvmPauseMonitor-2845ecb9-1de7-4fe5-b5c4-cb17d9505b49: Started
2025-10-10 10:37:45,834 [2845ecb9-1de7-4fe5-b5c4-cb17d9505b49-EndpointStateMachineTaskThread-/0.0.0.0:15002-0 ] INFO  ratis.XceiverServerRatis (XceiverServerRatis.java:getRealPort(586)) - XceiverServerRatis(2845ecb9-1de7-4fe5-b5c4-cb17d9505b49) is started using port RATIS_SERVER=15087
2025-10-10 10:37:45,834 [2845ecb9-1de7-4fe5-b5c4-cb17d9505b49-EndpointStateMachineTaskThread-/0.0.0.0:15002-0 ] INFO  ratis.XceiverServerRatis (XceiverServerRatis.java:getRealPort(586)) - XceiverServerRatis(2845ecb9-1de7-4fe5-b5c4-cb17d9505b49) is started using port RATIS_DATASTREAM=15088
2025-10-10 10:37:45,835 [2845ecb9-1de7-4fe5-b5c4-cb17d9505b49-EndpointStateMachineTaskThread-/0.0.0.0:15002-0 ] INFO  utils.BackgroundService (BackgroundService.java:start(119)) - Starting service BlockDeletingService with interval 60000 milliseconds
2025-10-10 10:37:45,835 [2845ecb9-1de7-4fe5-b5c4-cb17d9505b49-EndpointStateMachineTaskThread-/0.0.0.0:15002-0 ] INFO  utils.BackgroundService (BackgroundService.java:start(119)) - Starting service StaleRecoveringContainerScrubbingService with interval 60000 milliseconds
2025-10-10 10:37:46,040 [IPC Server handler 17 on default port 15002] INFO  net.NetworkTopologyImpl (NetworkTopologyImpl.java:add(133)) - Added a new node: /rack1/895d447a-5476-42e4-b2fa-6eb687701d46
2025-10-10 10:37:46,040 [IPC Server handler 17 on default port 15002] INFO  node.SCMNodeManager (SCMNodeManager.java:register(423)) - Registered datanode: 895d447a-5476-42e4-b2fa-6eb687701d46{ip: 127.0.0.1, host: localhost, ports: [HTTP=15074, CLIENT_RPC=15075, REPLICATION=15081, RATIS=15077, RATIS_ADMIN=15078, RATIS_SERVER=15079, RATIS_DATASTREAM=15080, STANDALONE=15076], networkLocation: /rack1, certSerialId: null, persistedOpState: null, persistedOpStateExpiryEpochSec: 0}
2025-10-10 10:37:46,040 [EventQueue-NodeRegistrationContainerReportForDataNodeSafeModeRule] INFO  safemode.SCMSafeModeManager (SCMSafeModeManager.java:validateSafeModeExitRules(138)) - DataNodeSafeModeRule rule is successfully validated
2025-10-10 10:37:46,040 [EventQueue-ContainerRegistrationReportForRatisContainerSafeModeRule] INFO  safemode.SCMSafeModeManager (SCMSafeModeManager.java:validateSafeModeExitRules(138)) - RatisContainerSafeModeRule rule is successfully validated
2025-10-10 10:37:46,040 [EventQueue-ContainerRegistrationReportForECContainerSafeModeRule] INFO  safemode.SCMSafeModeManager (SCMSafeModeManager.java:validateSafeModeExitRules(138)) - ECContainerSafeModeRule rule is successfully validated
2025-10-10 10:37:46,040 [EventQueue-NewNodeForNewNodeHandler] INFO  pipeline.BackgroundPipelineCreator (BackgroundPipelineCreator.java:notifyEventTriggered(290)) - trigger a one-shot run on RatisPipelineUtilsThread.
2025-10-10 10:37:46,041 [EventQueue-PipelineReportForOneReplicaPipelineSafeModeRule] INFO  safemode.SCMSafeModeManager (SCMSafeModeManager.java:validateSafeModeExitRules(138)) - AtleastOneDatanodeReportedRule rule is successfully validated
2025-10-10 10:37:46,041 [RatisPipelineUtilsThread-0] INFO  pipeline.RatisPipelineProvider (RatisPipelineProvider.java:lambda$create$0(208)) - Sending CreatePipelineCommand for pipeline:Pipeline-1890b19a-2da7-4d82-9892-263a5124e6e8 to datanode:895d447a-5476-42e4-b2fa-6eb687701d46(localhost/127.0.0.1)
2025-10-10 10:37:46,043 [8502da08-471d-490f-823d-1244cc2731b5@group-CD0A35B076EF-StateMachineUpdater] INFO  safemode.SCMSafeModeManager (SCMSafeModeManager.java:validateSafeModeExitRules(138)) - DataNodeSafeModeRule rule is successfully validated
2025-10-10 10:37:46,044 [8502da08-471d-490f-823d-1244cc2731b5@group-CD0A35B076EF-StateMachineUpdater] INFO  safemode.SCMSafeModeManager (SCMSafeModeManager.java:validateSafeModeExitRules(138)) - RatisContainerSafeModeRule rule is successfully validated
2025-10-10 10:37:46,044 [8502da08-471d-490f-823d-1244cc2731b5@group-CD0A35B076EF-StateMachineUpdater] INFO  safemode.HealthyPipelineSafeModeRule (HealthyPipelineSafeModeRule.java:initializeRule(228)) - Refreshed total pipeline count is 0, healthy pipeline threshold count is 1
2025-10-10 10:37:46,044 [8502da08-471d-490f-823d-1244cc2731b5@group-CD0A35B076EF-StateMachineUpdater] INFO  safemode.SCMSafeModeManager (SCMSafeModeManager.java:validateSafeModeExitRules(138)) - ECContainerSafeModeRule rule is successfully validated
2025-10-10 10:37:46,044 [8502da08-471d-490f-823d-1244cc2731b5@group-CD0A35B076EF-StateMachineUpdater] INFO  safemode.SCMSafeModeManager (SCMSafeModeManager.java:validateSafeModeExitRules(138)) - AtleastOneDatanodeReportedRule rule is successfully validated
2025-10-10 10:37:46,044 [RatisPipelineUtilsThread-0] INFO  pipeline.BackgroundPipelineCreator (BackgroundPipelineCreator.java:createPipelines(246)) - Created new pipeline Pipeline{ Id: 1890b19a-2da7-4d82-9892-263a5124e6e8, Nodes: [ {895d447a-5476-42e4-b2fa-6eb687701d46(localhost/127.0.0.1), ReplicaIndex: 0},], ReplicationConfig: RATIS/ONE, State:ALLOCATED, leaderId:, CreationTimestamp2025-10-10T10:37:46.041501449Z[Etc/UTC]}
2025-10-10 10:37:46,046 [RatisPipelineUtilsThread-0] INFO  pipeline.RatisPipelineProvider (RatisPipelineProvider.java:lambda$create$0(208)) - Sending CreatePipelineCommand for pipeline:Pipeline-e51e4850-930a-48f3-bb77-813c05265458 to datanode:aa9634f0-8836-44d6-bc05-5b19fbdd93d5(localhost/127.0.0.1)
2025-10-10 10:37:46,046 [RatisPipelineUtilsThread-0] INFO  pipeline.RatisPipelineProvider (RatisPipelineProvider.java:lambda$create$0(208)) - Sending CreatePipelineCommand for pipeline:Pipeline-e51e4850-930a-48f3-bb77-813c05265458 to datanode:36185c6b-22ce-45d1-a622-3a6b487a5a53(localhost/127.0.0.1)
2025-10-10 10:37:46,046 [RatisPipelineUtilsThread-0] INFO  pipeline.RatisPipelineProvider (RatisPipelineProvider.java:lambda$create$0(208)) - Sending CreatePipelineCommand for pipeline:Pipeline-e51e4850-930a-48f3-bb77-813c05265458 to datanode:895d447a-5476-42e4-b2fa-6eb687701d46(localhost/127.0.0.1)
2025-10-10 10:37:46,048 [8502da08-471d-490f-823d-1244cc2731b5@group-CD0A35B076EF-StateMachineUpdater] INFO  safemode.SCMSafeModeManager (SCMSafeModeManager.java:validateSafeModeExitRules(138)) - DataNodeSafeModeRule rule is successfully validated
2025-10-10 10:37:46,048 [8502da08-471d-490f-823d-1244cc2731b5@group-CD0A35B076EF-StateMachineUpdater] INFO  safemode.SCMSafeModeManager (SCMSafeModeManager.java:validateSafeModeExitRules(138)) - RatisContainerSafeModeRule rule is successfully validated
2025-10-10 10:37:46,048 [8502da08-471d-490f-823d-1244cc2731b5@group-CD0A35B076EF-StateMachineUpdater] INFO  safemode.HealthyPipelineSafeModeRule (HealthyPipelineSafeModeRule.java:initializeRule(228)) - Refreshed total pipeline count is 0, healthy pipeline threshold count is 1
2025-10-10 10:37:46,048 [8502da08-471d-490f-823d-1244cc2731b5@group-CD0A35B076EF-StateMachineUpdater] INFO  safemode.SCMSafeModeManager (SCMSafeModeManager.java:validateSafeModeExitRules(138)) - ECContainerSafeModeRule rule is successfully validated
2025-10-10 10:37:46,048 [8502da08-471d-490f-823d-1244cc2731b5@group-CD0A35B076EF-StateMachineUpdater] INFO  safemode.SCMSafeModeManager (SCMSafeModeManager.java:validateSafeModeExitRules(138)) - AtleastOneDatanodeReportedRule rule is successfully validated
2025-10-10 10:37:46,048 [RatisPipelineUtilsThread-0] INFO  pipeline.BackgroundPipelineCreator (BackgroundPipelineCreator.java:createPipelines(246)) - Created new pipeline Pipeline{ Id: e51e4850-930a-48f3-bb77-813c05265458, Nodes: [ {aa9634f0-8836-44d6-bc05-5b19fbdd93d5(localhost/127.0.0.1), ReplicaIndex: 0}, {36185c6b-22ce-45d1-a622-3a6b487a5a53(localhost/127.0.0.1), ReplicaIndex: 0}, {895d447a-5476-42e4-b2fa-6eb687701d46(localhost/127.0.0.1), ReplicaIndex: 0},], ReplicationConfig: RATIS/THREE, State:ALLOCATED, leaderId:, CreationTimestamp2025-10-10T10:37:46.045958172Z[Etc/UTC]}
2025-10-10 10:37:46,050 [RatisPipelineUtilsThread-0] INFO  pipeline.RatisPipelineProvider (RatisPipelineProvider.java:lambda$create$0(208)) - Sending CreatePipelineCommand for pipeline:Pipeline-56f6ef43-c50c-4d35-89b5-6ef60cb14872 to datanode:36185c6b-22ce-45d1-a622-3a6b487a5a53(localhost/127.0.0.1)
2025-10-10 10:37:46,050 [RatisPipelineUtilsThread-0] INFO  pipeline.RatisPipelineProvider (RatisPipelineProvider.java:lambda$create$0(208)) - Sending CreatePipelineCommand for pipeline:Pipeline-56f6ef43-c50c-4d35-89b5-6ef60cb14872 to datanode:895d447a-5476-42e4-b2fa-6eb687701d46(localhost/127.0.0.1)
2025-10-10 10:37:46,050 [RatisPipelineUtilsThread-0] INFO  pipeline.RatisPipelineProvider (RatisPipelineProvider.java:lambda$create$0(208)) - Sending CreatePipelineCommand for pipeline:Pipeline-56f6ef43-c50c-4d35-89b5-6ef60cb14872 to datanode:aa9634f0-8836-44d6-bc05-5b19fbdd93d5(localhost/127.0.0.1)
2025-10-10 10:37:46,052 [8502da08-471d-490f-823d-1244cc2731b5@group-CD0A35B076EF-StateMachineUpdater] INFO  safemode.SCMSafeModeManager (SCMSafeModeManager.java:validateSafeModeExitRules(138)) - DataNodeSafeModeRule rule is successfully validated
2025-10-10 10:37:46,052 [8502da08-471d-490f-823d-1244cc2731b5@group-CD0A35B076EF-StateMachineUpdater] INFO  safemode.SCMSafeModeManager (SCMSafeModeManager.java:validateSafeModeExitRules(138)) - RatisContainerSafeModeRule rule is successfully validated
2025-10-10 10:37:46,052 [8502da08-471d-490f-823d-1244cc2731b5@group-CD0A35B076EF-StateMachineUpdater] INFO  safemode.HealthyPipelineSafeModeRule (HealthyPipelineSafeModeRule.java:initializeRule(228)) - Refreshed total pipeline count is 0, healthy pipeline threshold count is 1
2025-10-10 10:37:46,052 [8502da08-471d-490f-823d-1244cc2731b5@group-CD0A35B076EF-StateMachineUpdater] INFO  safemode.SCMSafeModeManager (SCMSafeModeManager.java:validateSafeModeExitRules(138)) - ECContainerSafeModeRule rule is successfully validated
2025-10-10 10:37:46,052 [8502da08-471d-490f-823d-1244cc2731b5@group-CD0A35B076EF-StateMachineUpdater] INFO  safemode.SCMSafeModeManager (SCMSafeModeManager.java:validateSafeModeExitRules(138)) - AtleastOneDatanodeReportedRule rule is successfully validated
2025-10-10 10:37:46,052 [RatisPipelineUtilsThread-0] INFO  pipeline.PipelineManagerImpl (PipelineManagerImpl.java:recordMetricsForPipeline(922)) - Pipeline-56f6ef43-c50c-4d35-89b5-6ef60cb14872 and Pipeline-e51e4850-930a-48f3-bb77-813c05265458 have exactly the same set of datanodes: [36185c6b-22ce-45d1-a622-3a6b487a5a53(localhost/127.0.0.1), 895d447a-5476-42e4-b2fa-6eb687701d46(localhost/127.0.0.1), aa9634f0-8836-44d6-bc05-5b19fbdd93d5(localhost/127.0.0.1)]
2025-10-10 10:37:46,053 [RatisPipelineUtilsThread-0] INFO  pipeline.BackgroundPipelineCreator (BackgroundPipelineCreator.java:createPipelines(246)) - Created new pipeline Pipeline{ Id: 56f6ef43-c50c-4d35-89b5-6ef60cb14872, Nodes: [ {36185c6b-22ce-45d1-a622-3a6b487a5a53(localhost/127.0.0.1), ReplicaIndex: 0}, {895d447a-5476-42e4-b2fa-6eb687701d46(localhost/127.0.0.1), ReplicaIndex: 0}, {aa9634f0-8836-44d6-bc05-5b19fbdd93d5(localhost/127.0.0.1), ReplicaIndex: 0},], ReplicationConfig: RATIS/THREE, State:ALLOCATED, leaderId:, CreationTimestamp2025-10-10T10:37:46.050252655Z[Etc/UTC]}
2025-10-10 10:37:46,292 [IPC Server handler 9 on default port 15002] INFO  net.NetworkTopologyImpl (NetworkTopologyImpl.java:add(133)) - Added a new node: /rack1/2845ecb9-1de7-4fe5-b5c4-cb17d9505b49
2025-10-10 10:37:46,292 [IPC Server handler 9 on default port 15002] INFO  node.SCMNodeManager (SCMNodeManager.java:register(423)) - Registered datanode: 2845ecb9-1de7-4fe5-b5c4-cb17d9505b49{ip: 127.0.0.1, host: localhost, ports: [HTTP=15082, CLIENT_RPC=15083, REPLICATION=15089, RATIS=15085, RATIS_ADMIN=15086, RATIS_SERVER=15087, RATIS_DATASTREAM=15088, STANDALONE=15084], networkLocation: /rack1, certSerialId: null, persistedOpState: null, persistedOpStateExpiryEpochSec: 0}
2025-10-10 10:37:46,293 [EventQueue-PipelineReportForOneReplicaPipelineSafeModeRule] INFO  safemode.SCMSafeModeManager (SCMSafeModeManager.java:validateSafeModeExitRules(138)) - AtleastOneDatanodeReportedRule rule is successfully validated
2025-10-10 10:37:46,293 [EventQueue-ContainerRegistrationReportForRatisContainerSafeModeRule] INFO  safemode.SCMSafeModeManager (SCMSafeModeManager.java:validateSafeModeExitRules(138)) - RatisContainerSafeModeRule rule is successfully validated
2025-10-10 10:37:46,293 [EventQueue-ContainerRegistrationReportForECContainerSafeModeRule] INFO  safemode.SCMSafeModeManager (SCMSafeModeManager.java:validateSafeModeExitRules(138)) - ECContainerSafeModeRule rule is successfully validated
2025-10-10 10:37:46,293 [EventQueue-NodeRegistrationContainerReportForDataNodeSafeModeRule] INFO  safemode.SCMSafeModeManager (SCMSafeModeManager.java:validateSafeModeExitRules(138)) - DataNodeSafeModeRule rule is successfully validated
2025-10-10 10:37:46,293 [EventQueue-NewNodeForNewNodeHandler] INFO  pipeline.BackgroundPipelineCreator (BackgroundPipelineCreator.java:notifyEventTriggered(290)) - trigger a one-shot run on RatisPipelineUtilsThread.
2025-10-10 10:37:46,294 [RatisPipelineUtilsThread-0] INFO  pipeline.RatisPipelineProvider (RatisPipelineProvider.java:lambda$create$0(208)) - Sending CreatePipelineCommand for pipeline:Pipeline-6c9c5fa3-3cea-40a0-a296-9fbadb30a490 to datanode:2845ecb9-1de7-4fe5-b5c4-cb17d9505b49(localhost/127.0.0.1)
2025-10-10 10:37:46,294 [ForkJoinPool-1-worker-1] INFO  ozone.MiniOzoneClusterImpl (MiniOzoneClusterImpl.java:lambda$waitForClusterToBeReady$0(181)) - Nodes are ready. Got 10 of 10 DN Heartbeats.
2025-10-10 10:37:46,294 [ForkJoinPool-1-worker-1] INFO  ozone.MiniOzoneClusterImpl (MiniOzoneClusterImpl.java:lambda$waitForClusterToBeReady$0(184)) - Waiting for cluster to exit safe mode
2025-10-10 10:37:46,294 [ForkJoinPool-1-worker-1] INFO  ozone.MiniOzoneClusterImpl (MiniOzoneClusterImpl.java:lambda$waitForClusterToBeReady$0(186)) - SCM became leader
2025-10-10 10:37:46,296 [8502da08-471d-490f-823d-1244cc2731b5@group-CD0A35B076EF-StateMachineUpdater] INFO  safemode.SCMSafeModeManager (SCMSafeModeManager.java:validateSafeModeExitRules(138)) - DataNodeSafeModeRule rule is successfully validated
2025-10-10 10:37:46,296 [8502da08-471d-490f-823d-1244cc2731b5@group-CD0A35B076EF-StateMachineUpdater] INFO  safemode.SCMSafeModeManager (SCMSafeModeManager.java:validateSafeModeExitRules(138)) - RatisContainerSafeModeRule rule is successfully validated
2025-10-10 10:37:46,297 [8502da08-471d-490f-823d-1244cc2731b5@group-CD0A35B076EF-StateMachineUpdater] INFO  safemode.HealthyPipelineSafeModeRule (HealthyPipelineSafeModeRule.java:initializeRule(228)) - Refreshed total pipeline count is 0, healthy pipeline threshold count is 1
2025-10-10 10:37:46,297 [8502da08-471d-490f-823d-1244cc2731b5@group-CD0A35B076EF-StateMachineUpdater] INFO  safemode.SCMSafeModeManager (SCMSafeModeManager.java:validateSafeModeExitRules(138)) - ECContainerSafeModeRule rule is successfully validated
2025-10-10 10:37:46,297 [8502da08-471d-490f-823d-1244cc2731b5@group-CD0A35B076EF-StateMachineUpdater] INFO  safemode.SCMSafeModeManager (SCMSafeModeManager.java:validateSafeModeExitRules(138)) - AtleastOneDatanodeReportedRule rule is successfully validated
2025-10-10 10:37:46,297 [RatisPipelineUtilsThread-0] INFO  pipeline.BackgroundPipelineCreator (BackgroundPipelineCreator.java:createPipelines(246)) - Created new pipeline Pipeline{ Id: 6c9c5fa3-3cea-40a0-a296-9fbadb30a490, Nodes: [ {2845ecb9-1de7-4fe5-b5c4-cb17d9505b49(localhost/127.0.0.1), ReplicaIndex: 0},], ReplicationConfig: RATIS/ONE, State:ALLOCATED, leaderId:, CreationTimestamp2025-10-10T10:37:46.294217061Z[Etc/UTC]}
2025-10-10 10:37:46,489 [43369f36-6a0f-45ae-a8eb-f0d390948370-CreatePipelineCommandHandlerThread-0] INFO  server.RaftServer (RaftServerProxy.java:addNew(105)) - 43369f36-6a0f-45ae-a8eb-f0d390948370: addNew group-1E260D70D86F:[43369f36-6a0f-45ae-a8eb-f0d390948370|127.0.0.1:15015] returns group-1E260D70D86F:java.util.concurrent.CompletableFuture@50fceea7[Not completed]
2025-10-10 10:37:46,495 [43369f36-6a0f-45ae-a8eb-f0d390948370-groupManagement] INFO  server.RaftServer$Division (RaftServerImpl.java:<init>(268)) - 43369f36-6a0f-45ae-a8eb-f0d390948370: new RaftServerImpl for group-1E260D70D86F:[43369f36-6a0f-45ae-a8eb-f0d390948370|127.0.0.1:15015] with ContainerStateMachine:uninitialized
2025-10-10 10:37:46,495 [43369f36-6a0f-45ae-a8eb-f0d390948370-groupManagement] INFO  server.RaftServerConfigKeys (ConfUtils.java:logGet(62)) - raft.server.rpc.slowness.timeout = 300000ms (custom)
2025-10-10 10:37:46,495 [43369f36-6a0f-45ae-a8eb-f0d390948370-groupManagement] INFO  server.RaftServer$Division (ServerState.java:<init>(114)) - 43369f36-6a0f-45ae-a8eb-f0d390948370@group-1E260D70D86F: ConfigurationManager, init=conf: {index: -1, cur=peers:[43369f36-6a0f-45ae-a8eb-f0d390948370|127.0.0.1:15015]|listeners:[], old=null}, confs=<EMPTY_MAP>
2025-10-10 10:37:46,495 [43369f36-6a0f-45ae-a8eb-f0d390948370-groupManagement] INFO  server.RaftServerConfigKeys (ConfUtils.java:logGet(62)) - raft.server.notification.no-leader.timeout = 300000ms (custom)
2025-10-10 10:37:46,495 [43369f36-6a0f-45ae-a8eb-f0d390948370-groupManagement] INFO  server.RaftServerConfigKeys (ConfUtils.java:logGet(62)) - raft.server.retrycache.expirytime = 600000ms (custom)
2025-10-10 10:37:46,506 [43369f36-6a0f-45ae-a8eb-f0d390948370-groupManagement] INFO  server.RaftServerConfigKeys (ConfUtils.java:logGet(62)) - raft.server.storage.dir = [/home/runner/work/ozone/ozone/hadoop-ozone/integration-test/target/test-dir/MiniOzoneClusterImpl-611c99c7-d47b-4433-a4ef-cd0a35b076ef/ozone-metadata/datanode-1/ratis] (custom)
2025-10-10 10:37:46,507 [43369f36-6a0f-45ae-a8eb-f0d390948370-groupManagement] INFO  storage.RaftStorageDirectory (RaftStorageDirectoryImpl.java:analyzeStorage(138)) - The storage directory /home/runner/work/ozone/ozone/hadoop-ozone/integration-test/target/test-dir/MiniOzoneClusterImpl-611c99c7-d47b-4433-a4ef-cd0a35b076ef/ozone-metadata/datanode-1/ratis/bb93ae53-65f9-4632-9355-1e260d70d86f does not exist. Creating ...
2025-10-10 10:37:46,508 [43369f36-6a0f-45ae-a8eb-f0d390948370-groupManagement] INFO  storage.RaftStorageDirectory (RaftStorageDirectoryImpl.java:tryLock(229)) - Lock on /home/runner/work/ozone/ozone/hadoop-ozone/integration-test/target/test-dir/MiniOzoneClusterImpl-611c99c7-d47b-4433-a4ef-cd0a35b076ef/ozone-metadata/datanode-1/ratis/bb93ae53-65f9-4632-9355-1e260d70d86f/in_use.lock acquired by nodename 58401@localhost
2025-10-10 10:37:46,510 [43369f36-6a0f-45ae-a8eb-f0d390948370-groupManagement] INFO  storage.RaftStorage (RaftStorageImpl.java:format(98)) - Storage directory /home/runner/work/ozone/ozone/hadoop-ozone/integration-test/target/test-dir/MiniOzoneClusterImpl-611c99c7-d47b-4433-a4ef-cd0a35b076ef/ozone-metadata/datanode-1/ratis/bb93ae53-65f9-4632-9355-1e260d70d86f has been successfully formatted.
2025-10-10 10:37:46,513 [43369f36-6a0f-45ae-a8eb-f0d390948370-groupManagement] INFO  ratis.ContainerStateMachine (ContainerStateMachine.java:initialize(339)) - 43369f36-6a0f-45ae-a8eb-f0d390948370: initialize group-1E260D70D86F
2025-10-10 10:37:46,513 [43369f36-6a0f-45ae-a8eb-f0d390948370-groupManagement] INFO  ratis.ContainerStateMachine (ContainerStateMachine.java:loadSnapshot(347)) - group-1E260D70D86F: The snapshot info is null. Setting the last applied index to:<INITIAL_VALUE>
2025-10-10 10:37:46,514 [43369f36-6a0f-45ae-a8eb-f0d390948370-groupManagement] INFO  server.RaftServerConfigKeys (ConfUtils.java:logGet(62)) - raft.server.log.appender.buffer.byte-limit = 33554432 (custom)
2025-10-10 10:37:46,519 [43369f36-6a0f-45ae-a8eb-f0d390948370-groupManagement] INFO  server.RaftServerConfigKeys (ConfUtils.java:logGet(62)) - raft.server.log.segment.size.max = 67108864 (custom)
2025-10-10 10:37:46,520 [43369f36-6a0f-45ae-a8eb-f0d390948370-groupManagement] INFO  server.RaftServerConfigKeys (ConfUtils.java:logGet(62)) - raft.server.log.appender.buffer.byte-limit = 33554432 (custom)
2025-10-10 10:37:46,521 [43369f36-6a0f-45ae-a8eb-f0d390948370-groupManagement] INFO  util.AwaitToRun (AwaitToRun.java:start(81)) - Thread[#1171,43369f36-6a0f-45ae-a8eb-f0d390948370@group-1E260D70D86F-cacheEviction-AwaitToRun,5,main] started
2025-10-10 10:37:46,521 [43369f36-6a0f-45ae-a8eb-f0d390948370-groupManagement] INFO  segmented.SegmentedRaftLogWorker (SegmentedRaftLogWorker.java:<init>(190)) - new 43369f36-6a0f-45ae-a8eb-f0d390948370@group-1E260D70D86F-SegmentedRaftLogWorker for RaftStorageImpl:Storage Directory /home/runner/work/ozone/ozone/hadoop-ozone/integration-test/target/test-dir/MiniOzoneClusterImpl-611c99c7-d47b-4433-a4ef-cd0a35b076ef/ozone-metadata/datanode-1/ratis/bb93ae53-65f9-4632-9355-1e260d70d86f
2025-10-10 10:37:46,521 [43369f36-6a0f-45ae-a8eb-f0d390948370-groupManagement] INFO  server.RaftServerConfigKeys (ConfUtils.java:logGet(62)) - raft.server.log.queue.byte-limit = 4294967296 (custom)
2025-10-10 10:37:46,521 [43369f36-6a0f-45ae-a8eb-f0d390948370-groupManagement] INFO  server.RaftServerConfigKeys (ConfUtils.java:logGet(62)) - raft.server.log.queue.element-limit = 1024 (custom)
2025-10-10 10:37:46,521 [43369f36-6a0f-45ae-a8eb-f0d390948370-groupManagement] INFO  server.RaftServerConfigKeys (ConfUtils.java:logGet(62)) - raft.server.log.segment.size.max = 67108864 (custom)
2025-10-10 10:37:46,522 [43369f36-6a0f-45ae-a8eb-f0d390948370-groupManagement] INFO  server.RaftServerConfigKeys (ConfUtils.java:logGet(62)) - raft.server.log.preallocated.size = 4194304 (custom)
2025-10-10 10:37:46,522 [43369f36-6a0f-45ae-a8eb-f0d390948370-groupManagement] INFO  server.RaftServerConfigKeys (ConfUtils.java:logGet(62)) - raft.server.log.statemachine.data.sync.timeout.retry = 30 (custom)
2025-10-10 10:37:46,523 [43369f36-6a0f-45ae-a8eb-f0d390948370-groupManagement] INFO  server.RaftServerConfigKeys (ConfUtils.java:logGet(62)) - raft.server.log.write.buffer.size = 33554440 (custom)
2025-10-10 10:37:46,530 [43369f36-6a0f-45ae-a8eb-f0d390948370-groupManagement] INFO  server.RaftServerConfigKeys (ConfUtils.java:logGet(62)) - raft.server.log.appender.buffer.byte-limit = 33554432 (custom)
2025-10-10 10:37:46,531 [43369f36-6a0f-45ae-a8eb-f0d390948370-groupManagement] INFO  server.RaftServerConfigKeys (ConfUtils.java:logGet(62)) - raft.server.log.statemachine.data.caching.enabled = true (custom)
2025-10-10 10:37:46,531 [43369f36-6a0f-45ae-a8eb-f0d390948370-groupManagement] INFO  segmented.SegmentedRaftLogWorker (SegmentedRaftLogWorker.java:lambda$new$0(141)) - 43369f36-6a0f-45ae-a8eb-f0d390948370@group-1E260D70D86F-SegmentedRaftLogWorker: flushIndex: setUnconditionally 0 -> -1
2025-10-10 10:37:46,531 [43369f36-6a0f-45ae-a8eb-f0d390948370-groupManagement] INFO  segmented.SegmentedRaftLogWorker (SegmentedRaftLogWorker.java:lambda$new$0(141)) - 43369f36-6a0f-45ae-a8eb-f0d390948370@group-1E260D70D86F-SegmentedRaftLogWorker: safeCacheEvictIndex: setUnconditionally 0 -> -1
2025-10-10 10:37:46,532 [EventQueue-PipelineReportForOneReplicaPipelineSafeModeRule] INFO  safemode.SCMSafeModeManager (SCMSafeModeManager.java:validateSafeModeExitRules(138)) - AtleastOneDatanodeReportedRule rule is successfully validated
2025-10-10 10:37:46,533 [43369f36-6a0f-45ae-a8eb-f0d390948370-groupManagement] INFO  server.RaftServer$Division (RaftServerImpl.java:start(405)) - 43369f36-6a0f-45ae-a8eb-f0d390948370@group-1E260D70D86F: start as a follower, conf=conf: {index: -1, cur=peers:[43369f36-6a0f-45ae-a8eb-f0d390948370|127.0.0.1:15015]|listeners:[], old=null}
2025-10-10 10:37:46,533 [43369f36-6a0f-45ae-a8eb-f0d390948370-groupManagement] INFO  server.RaftServer$Division (RaftServerImpl.java:setRole(392)) - 43369f36-6a0f-45ae-a8eb-f0d390948370@group-1E260D70D86F: changes role from      null to FOLLOWER at term 0 for startAsFollower
2025-10-10 10:37:46,534 [43369f36-6a0f-45ae-a8eb-f0d390948370-groupManagement] INFO  impl.RoleInfo (RoleInfo.java:updateAndGet(148)) - 43369f36-6a0f-45ae-a8eb-f0d390948370: start 43369f36-6a0f-45ae-a8eb-f0d390948370@group-1E260D70D86F-FollowerState
2025-10-10 10:37:46,535 [43369f36-6a0f-45ae-a8eb-f0d390948370-groupManagement] INFO  util.JmxRegister (JmxRegister.java:tryRegister(44)) - Successfully registered JMX Bean with object name Ratis:service=RaftServer,group=group-1E260D70D86F,id=43369f36-6a0f-45ae-a8eb-f0d390948370
2025-10-10 10:37:46,535 [43369f36-6a0f-45ae-a8eb-f0d390948370-groupManagement] INFO  util.JmxRegister (JmxRegister.java:register(58)) - register mxBean class org.apache.ratis.server.impl.RaftServerJmxAdapter as Ratis:service=RaftServer,group=group-1E260D70D86F,id=43369f36-6a0f-45ae-a8eb-f0d390948370
2025-10-10 10:37:46,536 [43369f36-6a0f-45ae-a8eb-f0d390948370-groupManagement] INFO  server.RaftServerConfigKeys (ConfUtils.java:logGet(62)) - raft.server.snapshot.auto.trigger.threshold = 100000 (custom)
2025-10-10 10:37:46,536 [43369f36-6a0f-45ae-a8eb-f0d390948370-groupManagement] INFO  server.RaftServerConfigKeys (ConfUtils.java:logGet(62)) - raft.server.snapshot.retention.file.num = 5 (custom)
2025-10-10 10:37:46,537 [43369f36-6a0f-45ae-a8eb-f0d390948370-groupManagement] INFO  server.RaftServerConfigKeys (ConfUtils.java:logGet(62)) - raft.server.log.purge.upto.snapshot.index = false (default)
2025-10-10 10:37:46,538 [8502da08-471d-490f-823d-1244cc2731b5@group-CD0A35B076EF-StateMachineUpdater] INFO  safemode.SCMSafeModeManager (SCMSafeModeManager.java:validateSafeModeExitRules(138)) - DataNodeSafeModeRule rule is successfully validated
2025-10-10 10:37:46,538 [8502da08-471d-490f-823d-1244cc2731b5@group-CD0A35B076EF-StateMachineUpdater] INFO  safemode.SCMSafeModeManager (SCMSafeModeManager.java:validateSafeModeExitRules(138)) - RatisContainerSafeModeRule rule is successfully validated
2025-10-10 10:37:46,539 [8502da08-471d-490f-823d-1244cc2731b5@group-CD0A35B076EF-StateMachineUpdater] INFO  safemode.HealthyPipelineSafeModeRule (HealthyPipelineSafeModeRule.java:initializeRule(228)) - Refreshed total pipeline count is 0, healthy pipeline threshold count is 1
2025-10-10 10:37:46,539 [8502da08-471d-490f-823d-1244cc2731b5@group-CD0A35B076EF-StateMachineUpdater] INFO  safemode.SCMSafeModeManager (SCMSafeModeManager.java:validateSafeModeExitRules(138)) - ECContainerSafeModeRule rule is successfully validated
2025-10-10 10:37:46,539 [8502da08-471d-490f-823d-1244cc2731b5@group-CD0A35B076EF-StateMachineUpdater] INFO  safemode.SCMSafeModeManager (SCMSafeModeManager.java:validateSafeModeExitRules(138)) - AtleastOneDatanodeReportedRule rule is successfully validated
2025-10-10 10:37:46,541 [43369f36-6a0f-45ae-a8eb-f0d390948370-groupManagement] INFO  server.RaftServer$Division (RaftServerImpl.java:start(419)) - 43369f36-6a0f-45ae-a8eb-f0d390948370@group-1E260D70D86F: Successfully started.
2025-10-10 10:37:46,541 [EventQueue-PipelineReportForPipelineReportHandler] INFO  pipeline.PipelineReportHandler (PipelineReportHandler.java:processPipelineReport(132)) - Opened pipeline Pipeline-bb93ae53-65f9-4632-9355-1e260d70d86f
2025-10-10 10:37:46,543 [43369f36-6a0f-45ae-a8eb-f0d390948370-CreatePipelineCommandHandlerThread-0] INFO  ratis.XceiverServerRatis (XceiverServerRatis.java:addGroup(839)) - Created group Pipeline-bb93ae53-65f9-4632-9355-1e260d70d86f
2025-10-10 10:37:46,544 [43369f36-6a0f-45ae-a8eb-f0d390948370-CreatePipelineCommandHandlerThread-0] INFO  commandhandler.CreatePipelineCommandHandler (CreatePipelineCommandHandler.java:lambda$handle$2(141)) - Created Pipeline RATIS ONE Pipeline-bb93ae53-65f9-4632-9355-1e260d70d86f.
2025-10-10 10:37:46,544 [43369f36-6a0f-45ae-a8eb-f0d390948370-CreatePipelineCommandHandlerThread-0] INFO  server.RaftServer (RaftServerProxy.java:addNew(105)) - 43369f36-6a0f-45ae-a8eb-f0d390948370: addNew group-7E155E250634:[bb95c33f-a3cb-4bbe-957e-8163c1fc1114|127.0.0.1:15031, 1a301c79-b9ef-44e0-a0ae-b339f61819a5|127.0.0.1:15023, 43369f36-6a0f-45ae-a8eb-f0d390948370|127.0.0.1:15015] returns group-7E155E250634:java.util.concurrent.CompletableFuture@266879c8[Not completed]
2025-10-10 10:37:46,546 [43369f36-6a0f-45ae-a8eb-f0d390948370-groupManagement] INFO  server.RaftServer$Division (RaftServerImpl.java:<init>(268)) - 43369f36-6a0f-45ae-a8eb-f0d390948370: new RaftServerImpl for group-7E155E250634:[bb95c33f-a3cb-4bbe-957e-8163c1fc1114|127.0.0.1:15031, 1a301c79-b9ef-44e0-a0ae-b339f61819a5|127.0.0.1:15023, 43369f36-6a0f-45ae-a8eb-f0d390948370|127.0.0.1:15015] with ContainerStateMachine:uninitialized
2025-10-10 10:37:46,546 [43369f36-6a0f-45ae-a8eb-f0d390948370-groupManagement] INFO  server.RaftServer$Division (ServerState.java:<init>(114)) - 43369f36-6a0f-45ae-a8eb-f0d390948370@group-7E155E250634: ConfigurationManager, init=conf: {index: -1, cur=peers:[bb95c33f-a3cb-4bbe-957e-8163c1fc1114|127.0.0.1:15031, 1a301c79-b9ef-44e0-a0ae-b339f61819a5|127.0.0.1:15023, 43369f36-6a0f-45ae-a8eb-f0d390948370|127.0.0.1:15015]|listeners:[], old=null}, confs=<EMPTY_MAP>
2025-10-10 10:37:46,555 [43369f36-6a0f-45ae-a8eb-f0d390948370-groupManagement] INFO  storage.RaftStorageDirectory (RaftStorageDirectoryImpl.java:analyzeStorage(138)) - The storage directory /home/runner/work/ozone/ozone/hadoop-ozone/integration-test/target/test-dir/MiniOzoneClusterImpl-611c99c7-d47b-4433-a4ef-cd0a35b076ef/ozone-metadata/datanode-1/ratis/6f49885d-a34d-467d-8256-7e155e250634 does not exist. Creating ...
2025-10-10 10:37:46,556 [43369f36-6a0f-45ae-a8eb-f0d390948370-groupManagement] INFO  storage.RaftStorageDirectory (RaftStorageDirectoryImpl.java:tryLock(229)) - Lock on /home/runner/work/ozone/ozone/hadoop-ozone/integration-test/target/test-dir/MiniOzoneClusterImpl-611c99c7-d47b-4433-a4ef-cd0a35b076ef/ozone-metadata/datanode-1/ratis/6f49885d-a34d-467d-8256-7e155e250634/in_use.lock acquired by nodename 58401@localhost
2025-10-10 10:37:46,557 [43369f36-6a0f-45ae-a8eb-f0d390948370-groupManagement] INFO  storage.RaftStorage (RaftStorageImpl.java:format(98)) - Storage directory /home/runner/work/ozone/ozone/hadoop-ozone/integration-test/target/test-dir/MiniOzoneClusterImpl-611c99c7-d47b-4433-a4ef-cd0a35b076ef/ozone-metadata/datanode-1/ratis/6f49885d-a34d-467d-8256-7e155e250634 has been successfully formatted.
2025-10-10 10:37:46,557 [43369f36-6a0f-45ae-a8eb-f0d390948370-groupManagement] INFO  ratis.ContainerStateMachine (ContainerStateMachine.java:initialize(339)) - 43369f36-6a0f-45ae-a8eb-f0d390948370: initialize group-7E155E250634
2025-10-10 10:37:46,557 [43369f36-6a0f-45ae-a8eb-f0d390948370-groupManagement] INFO  ratis.ContainerStateMachine (ContainerStateMachine.java:loadSnapshot(347)) - group-7E155E250634: The snapshot info is null. Setting the last applied index to:<INITIAL_VALUE>
2025-10-10 10:37:46,557 [43369f36-6a0f-45ae-a8eb-f0d390948370-groupManagement] INFO  server.RaftServerConfigKeys (ConfUtils.java:logGet(62)) - raft.server.log.appender.buffer.byte-limit = 33554432 (custom)
2025-10-10 10:37:46,559 [EventQueue-PipelineReportForOneReplicaPipelineSafeModeRule] INFO  safemode.SCMSafeModeManager (SCMSafeModeManager.java:validateSafeModeExitRules(138)) - AtleastOneDatanodeReportedRule rule is successfully validated
2025-10-10 10:37:46,562 [43369f36-6a0f-45ae-a8eb-f0d390948370-groupManagement] INFO  server.RaftServerConfigKeys (ConfUtils.java:logGet(62)) - raft.server.log.segment.size.max = 67108864 (custom)
2025-10-10 10:37:46,562 [43369f36-6a0f-45ae-a8eb-f0d390948370-groupManagement] INFO  server.RaftServerConfigKeys (ConfUtils.java:logGet(62)) - raft.server.log.appender.buffer.byte-limit = 33554432 (custom)
2025-10-10 10:37:46,563 [43369f36-6a0f-45ae-a8eb-f0d390948370-groupManagement] INFO  util.AwaitToRun (AwaitToRun.java:start(81)) - Thread[#1176,43369f36-6a0f-45ae-a8eb-f0d390948370@group-7E155E250634-cacheEviction-AwaitToRun,5,main] started
2025-10-10 10:37:46,563 [43369f36-6a0f-45ae-a8eb-f0d390948370-groupManagement] INFO  segmented.SegmentedRaftLogWorker (SegmentedRaftLogWorker.java:<init>(190)) - new 43369f36-6a0f-45ae-a8eb-f0d390948370@group-7E155E250634-SegmentedRaftLogWorker for RaftStorageImpl:Storage Directory /home/runner/work/ozone/ozone/hadoop-ozone/integration-test/target/test-dir/MiniOzoneClusterImpl-611c99c7-d47b-4433-a4ef-cd0a35b076ef/ozone-metadata/datanode-1/ratis/6f49885d-a34d-467d-8256-7e155e250634
2025-10-10 10:37:46,563 [43369f36-6a0f-45ae-a8eb-f0d390948370-groupManagement] INFO  server.RaftServerConfigKeys (ConfUtils.java:logGet(62)) - raft.server.log.queue.byte-limit = 4294967296 (custom)
2025-10-10 10:37:46,563 [43369f36-6a0f-45ae-a8eb-f0d390948370-groupManagement] INFO  server.RaftServerConfigKeys (ConfUtils.java:logGet(62)) - raft.server.log.segment.size.max = 67108864 (custom)
2025-10-10 10:37:46,563 [43369f36-6a0f-45ae-a8eb-f0d390948370-groupManagement] INFO  server.RaftServerConfigKeys (ConfUtils.java:logGet(62)) - raft.server.log.preallocated.size = 4194304 (custom)
2025-10-10 10:37:46,564 [43369f36-6a0f-45ae-a8eb-f0d390948370-groupManagement] INFO  server.RaftServerConfigKeys (ConfUtils.java:logGet(62)) - raft.server.log.write.buffer.size = 33554440 (custom)
2025-10-10 10:37:46,570 [43369f36-6a0f-45ae-a8eb-f0d390948370-groupManagement] INFO  server.RaftServerConfigKeys (ConfUtils.java:logGet(62)) - raft.server.log.appender.buffer.byte-limit = 33554432 (custom)
2025-10-10 10:37:46,570 [43369f36-6a0f-45ae-a8eb-f0d390948370-groupManagement] INFO  segmented.SegmentedRaftLogWorker (SegmentedRaftLogWorker.java:lambda$new$0(141)) - 43369f36-6a0f-45ae-a8eb-f0d390948370@group-7E155E250634-SegmentedRaftLogWorker: flushIndex: setUnconditionally 0 -> -1
2025-10-10 10:37:46,570 [43369f36-6a0f-45ae-a8eb-f0d390948370-groupManagement] INFO  segmented.SegmentedRaftLogWorker (SegmentedRaftLogWorker.java:lambda$new$0(141)) - 43369f36-6a0f-45ae-a8eb-f0d390948370@group-7E155E250634-SegmentedRaftLogWorker: safeCacheEvictIndex: setUnconditionally 0 -> -1
2025-10-10 10:37:46,571 [43369f36-6a0f-45ae-a8eb-f0d390948370-groupManagement] INFO  server.RaftServer$Division (RaftServerImpl.java:start(405)) - 43369f36-6a0f-45ae-a8eb-f0d390948370@group-7E155E250634: start as a follower, conf=conf: {index: -1, cur=peers:[bb95c33f-a3cb-4bbe-957e-8163c1fc1114|127.0.0.1:15031, 1a301c79-b9ef-44e0-a0ae-b339f61819a5|127.0.0.1:15023, 43369f36-6a0f-45ae-a8eb-f0d390948370|127.0.0.1:15015]|listeners:[], old=null}
2025-10-10 10:37:46,571 [43369f36-6a0f-45ae-a8eb-f0d390948370-groupManagement] INFO  server.RaftServer$Division (RaftServerImpl.java:setRole(392)) - 43369f36-6a0f-45ae-a8eb-f0d390948370@group-7E155E250634: changes role from      null to FOLLOWER at term 0 for startAsFollower
2025-10-10 10:37:46,571 [43369f36-6a0f-45ae-a8eb-f0d390948370-groupManagement] INFO  impl.RoleInfo (RoleInfo.java:updateAndGet(148)) - 43369f36-6a0f-45ae-a8eb-f0d390948370: start 43369f36-6a0f-45ae-a8eb-f0d390948370@group-7E155E250634-FollowerState
2025-10-10 10:37:46,571 [43369f36-6a0f-45ae-a8eb-f0d390948370-groupManagement] INFO  util.JmxRegister (JmxRegister.java:tryRegister(44)) - Successfully registered JMX Bean with object name Ratis:service=RaftServer,group=group-7E155E250634,id=43369f36-6a0f-45ae-a8eb-f0d390948370
2025-10-10 10:37:46,572 [43369f36-6a0f-45ae-a8eb-f0d390948370-groupManagement] INFO  util.JmxRegister (JmxRegister.java:register(58)) - register mxBean class org.apache.ratis.server.impl.RaftServerJmxAdapter as Ratis:service=RaftServer,group=group-7E155E250634,id=43369f36-6a0f-45ae-a8eb-f0d390948370
2025-10-10 10:37:46,573 [43369f36-6a0f-45ae-a8eb-f0d390948370-groupManagement] INFO  server.RaftServer$Division (RaftServerImpl.java:start(419)) - 43369f36-6a0f-45ae-a8eb-f0d390948370@group-7E155E250634: Successfully started.
2025-10-10 10:37:46,574 [43369f36-6a0f-45ae-a8eb-f0d390948370-CreatePipelineCommandHandlerThread-0] INFO  ratis.XceiverServerRatis (XceiverServerRatis.java:addGroup(839)) - Created group Pipeline-6f49885d-a34d-467d-8256-7e155e250634
2025-10-10 10:37:46,721 [1a301c79-b9ef-44e0-a0ae-b339f61819a5-CreatePipelineCommandHandlerThread-0] INFO  server.RaftServer (RaftServerProxy.java:addNew(105)) - 1a301c79-b9ef-44e0-a0ae-b339f61819a5: addNew group-C7A1D0DF5F33:[1a301c79-b9ef-44e0-a0ae-b339f61819a5|127.0.0.1:15023] returns group-C7A1D0DF5F33:java.util.concurrent.CompletableFuture@50753477[Not completed]
2025-10-10 10:37:46,723 [1a301c79-b9ef-44e0-a0ae-b339f61819a5-groupManagement] INFO  server.RaftServer$Division (RaftServerImpl.java:<init>(268)) - 1a301c79-b9ef-44e0-a0ae-b339f61819a5: new RaftServerImpl for group-C7A1D0DF5F33:[1a301c79-b9ef-44e0-a0ae-b339f61819a5|127.0.0.1:15023] with ContainerStateMachine:uninitialized
2025-10-10 10:37:46,723 [1a301c79-b9ef-44e0-a0ae-b339f61819a5-groupManagement] INFO  server.RaftServer$Division (ServerState.java:<init>(114)) - 1a301c79-b9ef-44e0-a0ae-b339f61819a5@group-C7A1D0DF5F33: ConfigurationManager, init=conf: {index: -1, cur=peers:[1a301c79-b9ef-44e0-a0ae-b339f61819a5|127.0.0.1:15023]|listeners:[], old=null}, confs=<EMPTY_MAP>
2025-10-10 10:37:46,732 [1a301c79-b9ef-44e0-a0ae-b339f61819a5-groupManagement] INFO  server.RaftServerConfigKeys (ConfUtils.java:logGet(62)) - raft.server.storage.dir = [/home/runner/work/ozone/ozone/hadoop-ozone/integration-test/target/test-dir/MiniOzoneClusterImpl-611c99c7-d47b-4433-a4ef-cd0a35b076ef/ozone-metadata/datanode-2/ratis] (custom)
2025-10-10 10:37:46,732 [1a301c79-b9ef-44e0-a0ae-b339f61819a5-groupManagement] INFO  storage.RaftStorageDirectory (RaftStorageDirectoryImpl.java:analyzeStorage(138)) - The storage directory /home/runner/work/ozone/ozone/hadoop-ozone/integration-test/target/test-dir/MiniOzoneClusterImpl-611c99c7-d47b-4433-a4ef-cd0a35b076ef/ozone-metadata/datanode-2/ratis/23a59a5c-0f7b-4c26-811d-c7a1d0df5f33 does not exist. Creating ...
2025-10-10 10:37:46,733 [1a301c79-b9ef-44e0-a0ae-b339f61819a5-groupManagement] INFO  storage.RaftStorageDirectory (RaftStorageDirectoryImpl.java:tryLock(229)) - Lock on /home/runner/work/ozone/ozone/hadoop-ozone/integration-test/target/test-dir/MiniOzoneClusterImpl-611c99c7-d47b-4433-a4ef-cd0a35b076ef/ozone-metadata/datanode-2/ratis/23a59a5c-0f7b-4c26-811d-c7a1d0df5f33/in_use.lock acquired by nodename 58401@localhost
2025-10-10 10:37:46,735 [1a301c79-b9ef-44e0-a0ae-b339f61819a5-groupManagement] INFO  storage.RaftStorage (RaftStorageImpl.java:format(98)) - Storage directory /home/runner/work/ozone/ozone/hadoop-ozone/integration-test/target/test-dir/MiniOzoneClusterImpl-611c99c7-d47b-4433-a4ef-cd0a35b076ef/ozone-metadata/datanode-2/ratis/23a59a5c-0f7b-4c26-811d-c7a1d0df5f33 has been successfully formatted.
2025-10-10 10:37:46,735 [1a301c79-b9ef-44e0-a0ae-b339f61819a5-groupManagement] INFO  ratis.ContainerStateMachine (ContainerStateMachine.java:initialize(339)) - 1a301c79-b9ef-44e0-a0ae-b339f61819a5: initialize group-C7A1D0DF5F33
2025-10-10 10:37:46,735 [1a301c79-b9ef-44e0-a0ae-b339f61819a5-groupManagement] INFO  ratis.ContainerStateMachine (ContainerStateMachine.java:loadSnapshot(347)) - group-C7A1D0DF5F33: The snapshot info is null. Setting the last applied index to:<INITIAL_VALUE>
2025-10-10 10:37:46,735 [1a301c79-b9ef-44e0-a0ae-b339f61819a5-groupManagement] INFO  server.RaftServerConfigKeys (ConfUtils.java:logGet(62)) - raft.server.log.appender.buffer.byte-limit = 33554432 (custom)
2025-10-10 10:37:46,742 [EventQueue-PipelineReportForOneReplicaPipelineSafeModeRule] INFO  safemode.SCMSafeModeManager (SCMSafeModeManager.java:validateSafeModeExitRules(138)) - AtleastOneDatanodeReportedRule rule is successfully validated
2025-10-10 10:37:46,742 [1a301c79-b9ef-44e0-a0ae-b339f61819a5-groupManagement] INFO  server.RaftServerConfigKeys (ConfUtils.java:logGet(62)) - raft.server.log.segment.size.max = 67108864 (custom)
2025-10-10 10:37:46,743 [1a301c79-b9ef-44e0-a0ae-b339f61819a5-groupManagement] INFO  server.RaftServerConfigKeys (ConfUtils.java:logGet(62)) - raft.server.log.appender.buffer.byte-limit = 33554432 (custom)
2025-10-10 10:37:46,747 [1a301c79-b9ef-44e0-a0ae-b339f61819a5-groupManagement] INFO  util.AwaitToRun (AwaitToRun.java:start(81)) - Thread[#1186,1a301c79-b9ef-44e0-a0ae-b339f61819a5@group-C7A1D0DF5F33-cacheEviction-AwaitToRun,5,main] started
2025-10-10 10:37:46,747 [1a301c79-b9ef-44e0-a0ae-b339f61819a5-groupManagement] INFO  segmented.SegmentedRaftLogWorker (SegmentedRaftLogWorker.java:<init>(190)) - new 1a301c79-b9ef-44e0-a0ae-b339f61819a5@group-C7A1D0DF5F33-SegmentedRaftLogWorker for RaftStorageImpl:Storage Directory /home/runner/work/ozone/ozone/hadoop-ozone/integration-test/target/test-dir/MiniOzoneClusterImpl-611c99c7-d47b-4433-a4ef-cd0a35b076ef/ozone-metadata/datanode-2/ratis/23a59a5c-0f7b-4c26-811d-c7a1d0df5f33
2025-10-10 10:37:46,747 [1a301c79-b9ef-44e0-a0ae-b339f61819a5-groupManagement] INFO  server.RaftServerConfigKeys (ConfUtils.java:logGet(62)) - raft.server.log.queue.byte-limit = 4294967296 (custom)
2025-10-10 10:37:46,747 [1a301c79-b9ef-44e0-a0ae-b339f61819a5-groupManagement] INFO  server.RaftServerConfigKeys (ConfUtils.java:logGet(62)) - raft.server.log.segment.size.max = 67108864 (custom)
2025-10-10 10:37:46,747 [1a301c79-b9ef-44e0-a0ae-b339f61819a5-groupManagement] INFO  server.RaftServerConfigKeys (ConfUtils.java:logGet(62)) - raft.server.log.preallocated.size = 4194304 (custom)
2025-10-10 10:37:46,748 [8502da08-471d-490f-823d-1244cc2731b5@group-CD0A35B076EF-StateMachineUpdater] INFO  safemode.SCMSafeModeManager (SCMSafeModeManager.java:validateSafeModeExitRules(138)) - DataNodeSafeModeRule rule is successfully validated
2025-10-10 10:37:46,748 [8502da08-471d-490f-823d-1244cc2731b5@group-CD0A35B076EF-StateMachineUpdater] INFO  safemode.SCMSafeModeManager (SCMSafeModeManager.java:validateSafeModeExitRules(138)) - RatisContainerSafeModeRule rule is successfully validated
2025-10-10 10:37:46,748 [8502da08-471d-490f-823d-1244cc2731b5@group-CD0A35B076EF-StateMachineUpdater] INFO  safemode.HealthyPipelineSafeModeRule (HealthyPipelineSafeModeRule.java:initializeRule(228)) - Refreshed total pipeline count is 0, healthy pipeline threshold count is 1
2025-10-10 10:37:46,748 [8502da08-471d-490f-823d-1244cc2731b5@group-CD0A35B076EF-StateMachineUpdater] INFO  safemode.SCMSafeModeManager (SCMSafeModeManager.java:validateSafeModeExitRules(138)) - ECContainerSafeModeRule rule is successfully validated
2025-10-10 10:37:46,748 [8502da08-471d-490f-823d-1244cc2731b5@group-CD0A35B076EF-StateMachineUpdater] INFO  safemode.SCMSafeModeManager (SCMSafeModeManager.java:validateSafeModeExitRules(138)) - AtleastOneDatanodeReportedRule rule is successfully validated
2025-10-10 10:37:46,748 [1a301c79-b9ef-44e0-a0ae-b339f61819a5-groupManagement] INFO  server.RaftServerConfigKeys (ConfUtils.java:logGet(62)) - raft.server.log.write.buffer.size = 33554440 (custom)
2025-10-10 10:37:46,751 [EventQueue-PipelineReportForPipelineReportHandler] INFO  pipeline.PipelineReportHandler (PipelineReportHandler.java:processPipelineReport(132)) - Opened pipeline Pipeline-23a59a5c-0f7b-4c26-811d-c7a1d0df5f33
2025-10-10 10:37:46,757 [1a301c79-b9ef-44e0-a0ae-b339f61819a5-groupManagement] INFO  server.RaftServerConfigKeys (ConfUtils.java:logGet(62)) - raft.server.log.appender.buffer.byte-limit = 33554432 (custom)
2025-10-10 10:37:46,758 [1a301c79-b9ef-44e0-a0ae-b339f61819a5-groupManagement] INFO  segmented.SegmentedRaftLogWorker (SegmentedRaftLogWorker.java:lambda$new$0(141)) - 1a301c79-b9ef-44e0-a0ae-b339f61819a5@group-C7A1D0DF5F33-SegmentedRaftLogWorker: flushIndex: setUnconditionally 0 -> -1
2025-10-10 10:37:46,758 [1a301c79-b9ef-44e0-a0ae-b339f61819a5-groupManagement] INFO  segmented.SegmentedRaftLogWorker (SegmentedRaftLogWorker.java:lambda$new$0(141)) - 1a301c79-b9ef-44e0-a0ae-b339f61819a5@group-C7A1D0DF5F33-SegmentedRaftLogWorker: safeCacheEvictIndex: setUnconditionally 0 -> -1
2025-10-10 10:37:46,758 [1a301c79-b9ef-44e0-a0ae-b339f61819a5-groupManagement] INFO  server.RaftServer$Division (RaftServerImpl.java:start(405)) - 1a301c79-b9ef-44e0-a0ae-b339f61819a5@group-C7A1D0DF5F33: start as a follower, conf=conf: {index: -1, cur=peers:[1a301c79-b9ef-44e0-a0ae-b339f61819a5|127.0.0.1:15023]|listeners:[], old=null}
2025-10-10 10:37:46,758 [1a301c79-b9ef-44e0-a0ae-b339f61819a5-groupManagement] INFO  server.RaftServer$Division (RaftServerImpl.java:setRole(392)) - 1a301c79-b9ef-44e0-a0ae-b339f61819a5@group-C7A1D0DF5F33: changes role from      null to FOLLOWER at term 0 for startAsFollower
2025-10-10 10:37:46,759 [1a301c79-b9ef-44e0-a0ae-b339f61819a5-groupManagement] INFO  impl.RoleInfo (RoleInfo.java:updateAndGet(148)) - 1a301c79-b9ef-44e0-a0ae-b339f61819a5: start 1a301c79-b9ef-44e0-a0ae-b339f61819a5@group-C7A1D0DF5F33-FollowerState
2025-10-10 10:37:46,759 [1a301c79-b9ef-44e0-a0ae-b339f61819a5-groupManagement] INFO  util.JmxRegister (JmxRegister.java:tryRegister(44)) - Successfully registered JMX Bean with object name Ratis:service=RaftServer,group=group-C7A1D0DF5F33,id=1a301c79-b9ef-44e0-a0ae-b339f61819a5
2025-10-10 10:37:46,759 [1a301c79-b9ef-44e0-a0ae-b339f61819a5-groupManagement] INFO  util.JmxRegister (JmxRegister.java:register(58)) - register mxBean class org.apache.ratis.server.impl.RaftServerJmxAdapter as Ratis:service=RaftServer,group=group-C7A1D0DF5F33,id=1a301c79-b9ef-44e0-a0ae-b339f61819a5
2025-10-10 10:37:46,761 [1a301c79-b9ef-44e0-a0ae-b339f61819a5-groupManagement] INFO  server.RaftServer$Division (RaftServerImpl.java:start(419)) - 1a301c79-b9ef-44e0-a0ae-b339f61819a5@group-C7A1D0DF5F33: Successfully started.
2025-10-10 10:37:46,761 [1a301c79-b9ef-44e0-a0ae-b339f61819a5-CreatePipelineCommandHandlerThread-0] INFO  ratis.XceiverServerRatis (XceiverServerRatis.java:addGroup(839)) - Created group Pipeline-23a59a5c-0f7b-4c26-811d-c7a1d0df5f33
2025-10-10 10:37:46,761 [1a301c79-b9ef-44e0-a0ae-b339f61819a5-CreatePipelineCommandHandlerThread-0] INFO  commandhandler.CreatePipelineCommandHandler (CreatePipelineCommandHandler.java:lambda$handle$2(141)) - Created Pipeline RATIS ONE Pipeline-23a59a5c-0f7b-4c26-811d-c7a1d0df5f33.
2025-10-10 10:37:46,762 [1a301c79-b9ef-44e0-a0ae-b339f61819a5-CreatePipelineCommandHandlerThread-0] INFO  server.RaftServer (RaftServerProxy.java:addNew(105)) - 1a301c79-b9ef-44e0-a0ae-b339f61819a5: addNew group-7E155E250634:[bb95c33f-a3cb-4bbe-957e-8163c1fc1114|127.0.0.1:15031, 1a301c79-b9ef-44e0-a0ae-b339f61819a5|127.0.0.1:15023, 43369f36-6a0f-45ae-a8eb-f0d390948370|127.0.0.1:15015] returns group-7E155E250634:java.util.concurrent.CompletableFuture@3185940f[Not completed]
2025-10-10 10:37:46,765 [1a301c79-b9ef-44e0-a0ae-b339f61819a5-groupManagement] INFO  server.RaftServer$Division (RaftServerImpl.java:<init>(268)) - 1a301c79-b9ef-44e0-a0ae-b339f61819a5: new RaftServerImpl for group-7E155E250634:[bb95c33f-a3cb-4bbe-957e-8163c1fc1114|127.0.0.1:15031, 1a301c79-b9ef-44e0-a0ae-b339f61819a5|127.0.0.1:15023, 43369f36-6a0f-45ae-a8eb-f0d390948370|127.0.0.1:15015] with ContainerStateMachine:uninitialized
2025-10-10 10:37:46,765 [1a301c79-b9ef-44e0-a0ae-b339f61819a5-groupManagement] INFO  server.RaftServer$Division (ServerState.java:<init>(114)) - 1a301c79-b9ef-44e0-a0ae-b339f61819a5@group-7E155E250634: ConfigurationManager, init=conf: {index: -1, cur=peers:[bb95c33f-a3cb-4bbe-957e-8163c1fc1114|127.0.0.1:15031, 1a301c79-b9ef-44e0-a0ae-b339f61819a5|127.0.0.1:15023, 43369f36-6a0f-45ae-a8eb-f0d390948370|127.0.0.1:15015]|listeners:[], old=null}, confs=<EMPTY_MAP>
2025-10-10 10:37:46,773 [1a301c79-b9ef-44e0-a0ae-b339f61819a5-groupManagement] INFO  storage.RaftStorageDirectory (RaftStorageDirectoryImpl.java:analyzeStorage(138)) - The storage directory /home/runner/work/ozone/ozone/hadoop-ozone/integration-test/target/test-dir/MiniOzoneClusterImpl-611c99c7-d47b-4433-a4ef-cd0a35b076ef/ozone-metadata/datanode-2/ratis/6f49885d-a34d-467d-8256-7e155e250634 does not exist. Creating ...
2025-10-10 10:37:46,774 [1a301c79-b9ef-44e0-a0ae-b339f61819a5-groupManagement] INFO  storage.RaftStorageDirectory (RaftStorageDirectoryImpl.java:tryLock(229)) - Lock on /home/runner/work/ozone/ozone/hadoop-ozone/integration-test/target/test-dir/MiniOzoneClusterImpl-611c99c7-d47b-4433-a4ef-cd0a35b076ef/ozone-metadata/datanode-2/ratis/6f49885d-a34d-467d-8256-7e155e250634/in_use.lock acquired by nodename 58401@localhost
2025-10-10 10:37:46,776 [1a301c79-b9ef-44e0-a0ae-b339f61819a5-groupManagement] INFO  storage.RaftStorage (RaftStorageImpl.java:format(98)) - Storage directory /home/runner/work/ozone/ozone/hadoop-ozone/integration-test/target/test-dir/MiniOzoneClusterImpl-611c99c7-d47b-4433-a4ef-cd0a35b076ef/ozone-metadata/datanode-2/ratis/6f49885d-a34d-467d-8256-7e155e250634 has been successfully formatted.
2025-10-10 10:37:46,776 [1a301c79-b9ef-44e0-a0ae-b339f61819a5-groupManagement] INFO  ratis.ContainerStateMachine (ContainerStateMachine.java:initialize(339)) - 1a301c79-b9ef-44e0-a0ae-b339f61819a5: initialize group-7E155E250634
2025-10-10 10:37:46,776 [1a301c79-b9ef-44e0-a0ae-b339f61819a5-groupManagement] INFO  ratis.ContainerStateMachine (ContainerStateMachine.java:loadSnapshot(347)) - group-7E155E250634: The snapshot info is null. Setting the last applied index to:<INITIAL_VALUE>
2025-10-10 10:37:46,777 [1a301c79-b9ef-44e0-a0ae-b339f61819a5-groupManagement] INFO  server.RaftServerConfigKeys (ConfUtils.java:logGet(62)) - raft.server.log.appender.buffer.byte-limit = 33554432 (custom)
2025-10-10 10:37:46,781 [1a301c79-b9ef-44e0-a0ae-b339f61819a5-groupManagement] INFO  server.RaftServerConfigKeys (ConfUtils.java:logGet(62)) - raft.server.log.segment.size.max = 67108864 (custom)
2025-10-10 10:37:46,781 [EventQueue-PipelineReportForOneReplicaPipelineSafeModeRule] INFO  safemode.SCMSafeModeManager (SCMSafeModeManager.java:validateSafeModeExitRules(138)) - AtleastOneDatanodeReportedRule rule is successfully validated
2025-10-10 10:37:46,782 [1a301c79-b9ef-44e0-a0ae-b339f61819a5-groupManagement] INFO  server.RaftServerConfigKeys (ConfUtils.java:logGet(62)) - raft.server.log.appender.buffer.byte-limit = 33554432 (custom)
2025-10-10 10:37:46,782 [1a301c79-b9ef-44e0-a0ae-b339f61819a5-groupManagement] INFO  util.AwaitToRun (AwaitToRun.java:start(81)) - Thread[#1192,1a301c79-b9ef-44e0-a0ae-b339f61819a5@group-7E155E250634-cacheEviction-AwaitToRun,5,main] started
2025-10-10 10:37:46,782 [1a301c79-b9ef-44e0-a0ae-b339f61819a5-groupManagement] INFO  segmented.SegmentedRaftLogWorker (SegmentedRaftLogWorker.java:<init>(190)) - new 1a301c79-b9ef-44e0-a0ae-b339f61819a5@group-7E155E250634-SegmentedRaftLogWorker for RaftStorageImpl:Storage Directory /home/runner/work/ozone/ozone/hadoop-ozone/integration-test/target/test-dir/MiniOzoneClusterImpl-611c99c7-d47b-4433-a4ef-cd0a35b076ef/ozone-metadata/datanode-2/ratis/6f49885d-a34d-467d-8256-7e155e250634
2025-10-10 10:37:46,782 [1a301c79-b9ef-44e0-a0ae-b339f61819a5-groupManagement] INFO  server.RaftServerConfigKeys (ConfUtils.java:logGet(62)) - raft.server.log.queue.byte-limit = 4294967296 (custom)
2025-10-10 10:37:46,782 [1a301c79-b9ef-44e0-a0ae-b339f61819a5-groupManagement] INFO  server.RaftServerConfigKeys (ConfUtils.java:logGet(62)) - raft.server.log.segment.size.max = 67108864 (custom)
2025-10-10 10:37:46,783 [1a301c79-b9ef-44e0-a0ae-b339f61819a5-groupManagement] INFO  server.RaftServerConfigKeys (ConfUtils.java:logGet(62)) - raft.server.log.preallocated.size = 4194304 (custom)
2025-10-10 10:37:46,783 [1a301c79-b9ef-44e0-a0ae-b339f61819a5-groupManagement] INFO  server.RaftServerConfigKeys (ConfUtils.java:logGet(62)) - raft.server.log.write.buffer.size = 33554440 (custom)
2025-10-10 10:37:46,784 [22d9c8a1-4559-44b0-a4af-9630f79f1f05-groupManagement] INFO  server.RaftServer$Division (RaftServerImpl.java:<init>(268)) - 22d9c8a1-4559-44b0-a4af-9630f79f1f05: new RaftServerImpl for group-7B2EFAE04B0A:[22d9c8a1-4559-44b0-a4af-9630f79f1f05|127.0.0.1:15055] with ContainerStateMachine:uninitialized
2025-10-10 10:37:46,785 [22d9c8a1-4559-44b0-a4af-9630f79f1f05-CreatePipelineCommandHandlerThread-0] INFO  server.RaftServer (RaftServerProxy.java:addNew(105)) - 22d9c8a1-4559-44b0-a4af-9630f79f1f05: addNew group-7B2EFAE04B0A:[22d9c8a1-4559-44b0-a4af-9630f79f1f05|127.0.0.1:15055] returns group-7B2EFAE04B0A:java.util.concurrent.CompletableFuture@29f6c605[Not completed]
2025-10-10 10:37:46,786 [22d9c8a1-4559-44b0-a4af-9630f79f1f05-groupManagement] INFO  server.RaftServer$Division (ServerState.java:<init>(114)) - 22d9c8a1-4559-44b0-a4af-9630f79f1f05@group-7B2EFAE04B0A: ConfigurationManager, init=conf: {index: -1, cur=peers:[22d9c8a1-4559-44b0-a4af-9630f79f1f05|127.0.0.1:15055]|listeners:[], old=null}, confs=<EMPTY_MAP>
2025-10-10 10:37:46,790 [1a301c79-b9ef-44e0-a0ae-b339f61819a5-groupManagement] INFO  server.RaftServerConfigKeys (ConfUtils.java:logGet(62)) - raft.server.log.appender.buffer.byte-limit = 33554432 (custom)
2025-10-10 10:37:46,790 [1a301c79-b9ef-44e0-a0ae-b339f61819a5-groupManagement] INFO  segmented.SegmentedRaftLogWorker (SegmentedRaftLogWorker.java:lambda$new$0(141)) - 1a301c79-b9ef-44e0-a0ae-b339f61819a5@group-7E155E250634-SegmentedRaftLogWorker: flushIndex: setUnconditionally 0 -> -1
2025-10-10 10:37:46,790 [1a301c79-b9ef-44e0-a0ae-b339f61819a5-groupManagement] INFO  segmented.SegmentedRaftLogWorker (SegmentedRaftLogWorker.java:lambda$new$0(141)) - 1a301c79-b9ef-44e0-a0ae-b339f61819a5@group-7E155E250634-SegmentedRaftLogWorker: safeCacheEvictIndex: setUnconditionally 0 -> -1
2025-10-10 10:37:46,791 [1a301c79-b9ef-44e0-a0ae-b339f61819a5-groupManagement] INFO  server.RaftServer$Division (RaftServerImpl.java:start(405)) - 1a301c79-b9ef-44e0-a0ae-b339f61819a5@group-7E155E250634: start as a follower, conf=conf: {index: -1, cur=peers:[bb95c33f-a3cb-4bbe-957e-8163c1fc1114|127.0.0.1:15031, 1a301c79-b9ef-44e0-a0ae-b339f61819a5|127.0.0.1:15023, 43369f36-6a0f-45ae-a8eb-f0d390948370|127.0.0.1:15015]|listeners:[], old=null}
2025-10-10 10:37:46,791 [1a301c79-b9ef-44e0-a0ae-b339f61819a5-groupManagement] INFO  server.RaftServer$Division (RaftServerImpl.java:setRole(392)) - 1a301c79-b9ef-44e0-a0ae-b339f61819a5@group-7E155E250634: changes role from      null to FOLLOWER at term 0 for startAsFollower
2025-10-10 10:37:46,791 [1a301c79-b9ef-44e0-a0ae-b339f61819a5-groupManagement] INFO  impl.RoleInfo (RoleInfo.java:updateAndGet(148)) - 1a301c79-b9ef-44e0-a0ae-b339f61819a5: start 1a301c79-b9ef-44e0-a0ae-b339f61819a5@group-7E155E250634-FollowerState
2025-10-10 10:37:46,792 [1a301c79-b9ef-44e0-a0ae-b339f61819a5-groupManagement] INFO  util.JmxRegister (JmxRegister.java:tryRegister(44)) - Successfully registered JMX Bean with object name Ratis:service=RaftServer,group=group-7E155E250634,id=1a301c79-b9ef-44e0-a0ae-b339f61819a5
2025-10-10 10:37:46,792 [1a301c79-b9ef-44e0-a0ae-b339f61819a5-groupManagement] INFO  util.JmxRegister (JmxRegister.java:register(58)) - register mxBean class org.apache.ratis.server.impl.RaftServerJmxAdapter as Ratis:service=RaftServer,group=group-7E155E250634,id=1a301c79-b9ef-44e0-a0ae-b339f61819a5
2025-10-10 10:37:46,794 [1a301c79-b9ef-44e0-a0ae-b339f61819a5-groupManagement] INFO  server.RaftServer$Division (RaftServerImpl.java:start(419)) - 1a301c79-b9ef-44e0-a0ae-b339f61819a5@group-7E155E250634: Successfully started.
2025-10-10 10:37:46,795 [1a301c79-b9ef-44e0-a0ae-b339f61819a5-CreatePipelineCommandHandlerThread-0] INFO  ratis.XceiverServerRatis (XceiverServerRatis.java:addGroup(839)) - Created group Pipeline-6f49885d-a34d-467d-8256-7e155e250634
2025-10-10 10:37:46,804 [22d9c8a1-4559-44b0-a4af-9630f79f1f05-groupManagement] INFO  server.RaftServerConfigKeys (ConfUtils.java:logGet(62)) - raft.server.storage.dir = [/home/runner/work/ozone/ozone/hadoop-ozone/integration-test/target/test-dir/MiniOzoneClusterImpl-611c99c7-d47b-4433-a4ef-cd0a35b076ef/ozone-metadata/datanode-6/ratis] (custom)
2025-10-10 10:37:46,804 [22d9c8a1-4559-44b0-a4af-9630f79f1f05-groupManagement] INFO  storage.RaftStorageDirectory (RaftStorageDirectoryImpl.java:analyzeStorage(138)) - The storage directory /home/runner/work/ozone/ozone/hadoop-ozone/integration-test/target/test-dir/MiniOzoneClusterImpl-611c99c7-d47b-4433-a4ef-cd0a35b076ef/ozone-metadata/datanode-6/ratis/4114ebae-1d2b-4af6-a7ef-7b2efae04b0a does not exist. Creating ...
2025-10-10 10:37:46,805 [22d9c8a1-4559-44b0-a4af-9630f79f1f05-groupManagement] INFO  storage.RaftStorageDirectory (RaftStorageDirectoryImpl.java:tryLock(229)) - Lock on /home/runner/work/ozone/ozone/hadoop-ozone/integration-test/target/test-dir/MiniOzoneClusterImpl-611c99c7-d47b-4433-a4ef-cd0a35b076ef/ozone-metadata/datanode-6/ratis/4114ebae-1d2b-4af6-a7ef-7b2efae04b0a/in_use.lock acquired by nodename 58401@localhost
2025-10-10 10:37:46,807 [22d9c8a1-4559-44b0-a4af-9630f79f1f05-groupManagement] INFO  storage.RaftStorage (RaftStorageImpl.java:format(98)) - Storage directory /home/runner/work/ozone/ozone/hadoop-ozone/integration-test/target/test-dir/MiniOzoneClusterImpl-611c99c7-d47b-4433-a4ef-cd0a35b076ef/ozone-metadata/datanode-6/ratis/4114ebae-1d2b-4af6-a7ef-7b2efae04b0a has been successfully formatted.
2025-10-10 10:37:46,807 [22d9c8a1-4559-44b0-a4af-9630f79f1f05-groupManagement] INFO  ratis.ContainerStateMachine (ContainerStateMachine.java:initialize(339)) - 22d9c8a1-4559-44b0-a4af-9630f79f1f05: initialize group-7B2EFAE04B0A
2025-10-10 10:37:46,807 [22d9c8a1-4559-44b0-a4af-9630f79f1f05-groupManagement] INFO  ratis.ContainerStateMachine (ContainerStateMachine.java:loadSnapshot(347)) - group-7B2EFAE04B0A: The snapshot info is null. Setting the last applied index to:<INITIAL_VALUE>
2025-10-10 10:37:46,807 [22d9c8a1-4559-44b0-a4af-9630f79f1f05-groupManagement] INFO  server.RaftServerConfigKeys (ConfUtils.java:logGet(62)) - raft.server.log.appender.buffer.byte-limit = 33554432 (custom)
2025-10-10 10:37:46,811 [EventQueue-PipelineReportForOneReplicaPipelineSafeModeRule] INFO  safemode.SCMSafeModeManager (SCMSafeModeManager.java:validateSafeModeExitRules(138)) - AtleastOneDatanodeReportedRule rule is successfully validated
2025-10-10 10:37:46,816 [8502da08-471d-490f-823d-1244cc2731b5@group-CD0A35B076EF-StateMachineUpdater] INFO  safemode.SCMSafeModeManager (SCMSafeModeManager.java:validateSafeModeExitRules(138)) - DataNodeSafeModeRule rule is successfully validated
2025-10-10 10:37:46,816 [8502da08-471d-490f-823d-1244cc2731b5@group-CD0A35B076EF-StateMachineUpdater] INFO  safemode.SCMSafeModeManager (SCMSafeModeManager.java:validateSafeModeExitRules(138)) - RatisContainerSafeModeRule rule is successfully validated
2025-10-10 10:37:46,817 [8502da08-471d-490f-823d-1244cc2731b5@group-CD0A35B076EF-StateMachineUpdater] INFO  safemode.HealthyPipelineSafeModeRule (HealthyPipelineSafeModeRule.java:initializeRule(228)) - Refreshed total pipeline count is 0, healthy pipeline threshold count is 1
2025-10-10 10:37:46,817 [8502da08-471d-490f-823d-1244cc2731b5@group-CD0A35B076EF-StateMachineUpdater] INFO  safemode.SCMSafeModeManager (SCMSafeModeManager.java:validateSafeModeExitRules(138)) - ECContainerSafeModeRule rule is successfully validated
2025-10-10 10:37:46,818 [8502da08-471d-490f-823d-1244cc2731b5@group-CD0A35B076EF-StateMachineUpdater] INFO  safemode.SCMSafeModeManager (SCMSafeModeManager.java:validateSafeModeExitRules(138)) - AtleastOneDatanodeReportedRule rule is successfully validated
2025-10-10 10:37:46,818 [EventQueue-PipelineReportForPipelineReportHandler] INFO  pipeline.PipelineReportHandler (PipelineReportHandler.java:processPipelineReport(132)) - Opened pipeline Pipeline-4114ebae-1d2b-4af6-a7ef-7b2efae04b0a
2025-10-10 10:37:46,816 [22d9c8a1-4559-44b0-a4af-9630f79f1f05-groupManagement] INFO  server.RaftServerConfigKeys (ConfUtils.java:logGet(62)) - raft.server.log.segment.size.max = 67108864 (custom)
2025-10-10 10:37:46,819 [22d9c8a1-4559-44b0-a4af-9630f79f1f05-groupManagement] INFO  server.RaftServerConfigKeys (ConfUtils.java:logGet(62)) - raft.server.log.appender.buffer.byte-limit = 33554432 (custom)
2025-10-10 10:37:46,820 [22d9c8a1-4559-44b0-a4af-9630f79f1f05-groupManagement] INFO  util.AwaitToRun (AwaitToRun.java:start(81)) - Thread[#1198,22d9c8a1-4559-44b0-a4af-9630f79f1f05@group-7B2EFAE04B0A-cacheEviction-AwaitToRun,5,main] started
2025-10-10 10:37:46,820 [22d9c8a1-4559-44b0-a4af-9630f79f1f05-groupManagement] INFO  segmented.SegmentedRaftLogWorker (SegmentedRaftLogWorker.java:<init>(190)) - new 22d9c8a1-4559-44b0-a4af-9630f79f1f05@group-7B2EFAE04B0A-SegmentedRaftLogWorker for RaftStorageImpl:Storage Directory /home/runner/work/ozone/ozone/hadoop-ozone/integration-test/target/test-dir/MiniOzoneClusterImpl-611c99c7-d47b-4433-a4ef-cd0a35b076ef/ozone-metadata/datanode-6/ratis/4114ebae-1d2b-4af6-a7ef-7b2efae04b0a
2025-10-10 10:37:46,820 [22d9c8a1-4559-44b0-a4af-9630f79f1f05-groupManagement] INFO  server.RaftServerConfigKeys (ConfUtils.java:logGet(62)) - raft.server.log.queue.byte-limit = 4294967296 (custom)
2025-10-10 10:37:46,820 [22d9c8a1-4559-44b0-a4af-9630f79f1f05-groupManagement] INFO  server.RaftServerConfigKeys (ConfUtils.java:logGet(62)) - raft.server.log.segment.size.max = 67108864 (custom)
2025-10-10 10:37:46,820 [22d9c8a1-4559-44b0-a4af-9630f79f1f05-groupManagement] INFO  server.RaftServerConfigKeys (ConfUtils.java:logGet(62)) - raft.server.log.preallocated.size = 4194304 (custom)
2025-10-10 10:37:46,821 [22d9c8a1-4559-44b0-a4af-9630f79f1f05-groupManagement] INFO  server.RaftServerConfigKeys (ConfUtils.java:logGet(62)) - raft.server.log.write.buffer.size = 33554440 (custom)
2025-10-10 10:37:46,828 [22d9c8a1-4559-44b0-a4af-9630f79f1f05-groupManagement] INFO  server.RaftServerConfigKeys (ConfUtils.java:logGet(62)) - raft.server.log.appender.buffer.byte-limit = 33554432 (custom)
2025-10-10 10:37:46,828 [22d9c8a1-4559-44b0-a4af-9630f79f1f05-groupManagement] INFO  segmented.SegmentedRaftLogWorker (SegmentedRaftLogWorker.java:lambda$new$0(141)) - 22d9c8a1-4559-44b0-a4af-9630f79f1f05@group-7B2EFAE04B0A-SegmentedRaftLogWorker: flushIndex: setUnconditionally 0 -> -1
2025-10-10 10:37:46,829 [22d9c8a1-4559-44b0-a4af-9630f79f1f05-groupManagement] INFO  segmented.SegmentedRaftLogWorker (SegmentedRaftLogWorker.java:lambda$new$0(141)) - 22d9c8a1-4559-44b0-a4af-9630f79f1f05@group-7B2EFAE04B0A-SegmentedRaftLogWorker: safeCacheEvictIndex: setUnconditionally 0 -> -1
2025-10-10 10:37:46,830 [22d9c8a1-4559-44b0-a4af-9630f79f1f05-groupManagement] INFO  server.RaftServer$Division (RaftServerImpl.java:start(405)) - 22d9c8a1-4559-44b0-a4af-9630f79f1f05@group-7B2EFAE04B0A: start as a follower, conf=conf: {index: -1, cur=peers:[22d9c8a1-4559-44b0-a4af-9630f79f1f05|127.0.0.1:15055]|listeners:[], old=null}
2025-10-10 10:37:46,831 [22d9c8a1-4559-44b0-a4af-9630f79f1f05-groupManagement] INFO  server.RaftServer$Division (RaftServerImpl.java:setRole(392)) - 22d9c8a1-4559-44b0-a4af-9630f79f1f05@group-7B2EFAE04B0A: changes role from      null to FOLLOWER at term 0 for startAsFollower
2025-10-10 10:37:46,831 [22d9c8a1-4559-44b0-a4af-9630f79f1f05-groupManagement] INFO  impl.RoleInfo (RoleInfo.java:updateAndGet(148)) - 22d9c8a1-4559-44b0-a4af-9630f79f1f05: start 22d9c8a1-4559-44b0-a4af-9630f79f1f05@group-7B2EFAE04B0A-FollowerState
2025-10-10 10:37:46,832 [22d9c8a1-4559-44b0-a4af-9630f79f1f05-groupManagement] INFO  util.JmxRegister (JmxRegister.java:tryRegister(44)) - Successfully registered JMX Bean with object name Ratis:service=RaftServer,group=group-7B2EFAE04B0A,id=22d9c8a1-4559-44b0-a4af-9630f79f1f05
2025-10-10 10:37:46,834 [22d9c8a1-4559-44b0-a4af-9630f79f1f05-groupManagement] INFO  util.JmxRegister (JmxRegister.java:register(58)) - register mxBean class org.apache.ratis.server.impl.RaftServerJmxAdapter as Ratis:service=RaftServer,group=group-7B2EFAE04B0A,id=22d9c8a1-4559-44b0-a4af-9630f79f1f05
2025-10-10 10:37:46,837 [22d9c8a1-4559-44b0-a4af-9630f79f1f05-groupManagement] INFO  server.RaftServer$Division (RaftServerImpl.java:start(419)) - 22d9c8a1-4559-44b0-a4af-9630f79f1f05@group-7B2EFAE04B0A: Successfully started.
2025-10-10 10:37:46,837 [22d9c8a1-4559-44b0-a4af-9630f79f1f05-CreatePipelineCommandHandlerThread-0] INFO  ratis.XceiverServerRatis (XceiverServerRatis.java:addGroup(839)) - Created group Pipeline-4114ebae-1d2b-4af6-a7ef-7b2efae04b0a
2025-10-10 10:37:46,837 [22d9c8a1-4559-44b0-a4af-9630f79f1f05-CreatePipelineCommandHandlerThread-0] INFO  commandhandler.CreatePipelineCommandHandler (CreatePipelineCommandHandler.java:lambda$handle$2(141)) - Created Pipeline RATIS ONE Pipeline-4114ebae-1d2b-4af6-a7ef-7b2efae04b0a.
2025-10-10 10:37:46,838 [22d9c8a1-4559-44b0-a4af-9630f79f1f05-CreatePipelineCommandHandlerThread-0] INFO  server.RaftServer (RaftServerProxy.java:addNew(105)) - 22d9c8a1-4559-44b0-a4af-9630f79f1f05: addNew group-7FE9BF83969B:[9ab71813-e86f-4276-8581-297fed06961e|127.0.0.1:15047, ad892cb1-3002-4758-a303-de6f39da4dbc|127.0.0.1:15039, 22d9c8a1-4559-44b0-a4af-9630f79f1f05|127.0.0.1:15055] returns group-7FE9BF83969B:java.util.concurrent.CompletableFuture@2e09ede2[Not completed]
2025-10-10 10:37:46,840 [22d9c8a1-4559-44b0-a4af-9630f79f1f05-groupManagement] INFO  server.RaftServer$Division (RaftServerImpl.java:<init>(268)) - 22d9c8a1-4559-44b0-a4af-9630f79f1f05: new RaftServerImpl for group-7FE9BF83969B:[9ab71813-e86f-4276-8581-297fed06961e|127.0.0.1:15047, ad892cb1-3002-4758-a303-de6f39da4dbc|127.0.0.1:15039, 22d9c8a1-4559-44b0-a4af-9630f79f1f05|127.0.0.1:15055] with ContainerStateMachine:uninitialized
2025-10-10 10:37:46,841 [22d9c8a1-4559-44b0-a4af-9630f79f1f05-groupManagement] INFO  server.RaftServer$Division (ServerState.java:<init>(114)) - 22d9c8a1-4559-44b0-a4af-9630f79f1f05@group-7FE9BF83969B: ConfigurationManager, init=conf: {index: -1, cur=peers:[9ab71813-e86f-4276-8581-297fed06961e|127.0.0.1:15047, ad892cb1-3002-4758-a303-de6f39da4dbc|127.0.0.1:15039, 22d9c8a1-4559-44b0-a4af-9630f79f1f05|127.0.0.1:15055]|listeners:[], old=null}, confs=<EMPTY_MAP>
2025-10-10 10:37:46,852 [22d9c8a1-4559-44b0-a4af-9630f79f1f05-groupManagement] INFO  storage.RaftStorageDirectory (RaftStorageDirectoryImpl.java:analyzeStorage(138)) - The storage directory /home/runner/work/ozone/ozone/hadoop-ozone/integration-test/target/test-dir/MiniOzoneClusterImpl-611c99c7-d47b-4433-a4ef-cd0a35b076ef/ozone-metadata/datanode-6/ratis/905307e5-fe9f-45a7-96e9-7fe9bf83969b does not exist. Creating ...
2025-10-10 10:37:46,855 [22d9c8a1-4559-44b0-a4af-9630f79f1f05-groupManagement] INFO  storage.RaftStorageDirectory (RaftStorageDirectoryImpl.java:tryLock(229)) - Lock on /home/runner/work/ozone/ozone/hadoop-ozone/integration-test/target/test-dir/MiniOzoneClusterImpl-611c99c7-d47b-4433-a4ef-cd0a35b076ef/ozone-metadata/datanode-6/ratis/905307e5-fe9f-45a7-96e9-7fe9bf83969b/in_use.lock acquired by nodename 58401@localhost
2025-10-10 10:37:46,856 [22d9c8a1-4559-44b0-a4af-9630f79f1f05-groupManagement] INFO  storage.RaftStorage (RaftStorageImpl.java:format(98)) - Storage directory /home/runner/work/ozone/ozone/hadoop-ozone/integration-test/target/test-dir/MiniOzoneClusterImpl-611c99c7-d47b-4433-a4ef-cd0a35b076ef/ozone-metadata/datanode-6/ratis/905307e5-fe9f-45a7-96e9-7fe9bf83969b has been successfully formatted.
2025-10-10 10:37:46,857 [22d9c8a1-4559-44b0-a4af-9630f79f1f05-groupManagement] INFO  ratis.ContainerStateMachine (ContainerStateMachine.java:initialize(339)) - 22d9c8a1-4559-44b0-a4af-9630f79f1f05: initialize group-7FE9BF83969B
2025-10-10 10:37:46,857 [22d9c8a1-4559-44b0-a4af-9630f79f1f05-groupManagement] INFO  ratis.ContainerStateMachine (ContainerStateMachine.java:loadSnapshot(347)) - group-7FE9BF83969B: The snapshot info is null. Setting the last applied index to:<INITIAL_VALUE>
2025-10-10 10:37:46,857 [22d9c8a1-4559-44b0-a4af-9630f79f1f05-groupManagement] INFO  server.RaftServerConfigKeys (ConfUtils.java:logGet(62)) - raft.server.log.appender.buffer.byte-limit = 33554432 (custom)
2025-10-10 10:37:46,861 [22d9c8a1-4559-44b0-a4af-9630f79f1f05-groupManagement] INFO  server.RaftServerConfigKeys (ConfUtils.java:logGet(62)) - raft.server.log.segment.size.max = 67108864 (custom)
2025-10-10 10:37:46,861 [22d9c8a1-4559-44b0-a4af-9630f79f1f05-groupManagement] INFO  server.RaftServerConfigKeys (ConfUtils.java:logGet(62)) - raft.server.log.appender.buffer.byte-limit = 33554432 (custom)
2025-10-10 10:37:46,861 [22d9c8a1-4559-44b0-a4af-9630f79f1f05-groupManagement] INFO  util.AwaitToRun (AwaitToRun.java:start(81)) - Thread[#1202,22d9c8a1-4559-44b0-a4af-9630f79f1f05@group-7FE9BF83969B-cacheEviction-AwaitToRun,5,main] started
2025-10-10 10:37:46,862 [22d9c8a1-4559-44b0-a4af-9630f79f1f05-groupManagement] INFO  segmented.SegmentedRaftLogWorker (SegmentedRaftLogWorker.java:<init>(190)) - new 22d9c8a1-4559-44b0-a4af-9630f79f1f05@group-7FE9BF83969B-SegmentedRaftLogWorker for RaftStorageImpl:Storage Directory /home/runner/work/ozone/ozone/hadoop-ozone/integration-test/target/test-dir/MiniOzoneClusterImpl-611c99c7-d47b-4433-a4ef-cd0a35b076ef/ozone-metadata/datanode-6/ratis/905307e5-fe9f-45a7-96e9-7fe9bf83969b
2025-10-10 10:37:46,862 [22d9c8a1-4559-44b0-a4af-9630f79f1f05-groupManagement] INFO  server.RaftServerConfigKeys (ConfUtils.java:logGet(62)) - raft.server.log.queue.byte-limit = 4294967296 (custom)
2025-10-10 10:37:46,862 [22d9c8a1-4559-44b0-a4af-9630f79f1f05-groupManagement] INFO  server.RaftServerConfigKeys (ConfUtils.java:logGet(62)) - raft.server.log.segment.size.max = 67108864 (custom)
2025-10-10 10:37:46,862 [22d9c8a1-4559-44b0-a4af-9630f79f1f05-groupManagement] INFO  server.RaftServerConfigKeys (ConfUtils.java:logGet(62)) - raft.server.log.preallocated.size = 4194304 (custom)
2025-10-10 10:37:46,863 [22d9c8a1-4559-44b0-a4af-9630f79f1f05-groupManagement] INFO  server.RaftServerConfigKeys (ConfUtils.java:logGet(62)) - raft.server.log.write.buffer.size = 33554440 (custom)
2025-10-10 10:37:46,864 [EventQueue-PipelineReportForOneReplicaPipelineSafeModeRule] INFO  safemode.SCMSafeModeManager (SCMSafeModeManager.java:validateSafeModeExitRules(138)) - AtleastOneDatanodeReportedRule rule is successfully validated
2025-10-10 10:37:46,868 [22d9c8a1-4559-44b0-a4af-9630f79f1f05-groupManagement] INFO  server.RaftServerConfigKeys (ConfUtils.java:logGet(62)) - raft.server.log.appender.buffer.byte-limit = 33554432 (custom)
2025-10-10 10:37:46,869 [22d9c8a1-4559-44b0-a4af-9630f79f1f05-groupManagement] INFO  segmented.SegmentedRaftLogWorker (SegmentedRaftLogWorker.java:lambda$new$0(141)) - 22d9c8a1-4559-44b0-a4af-9630f79f1f05@group-7FE9BF83969B-SegmentedRaftLogWorker: flushIndex: setUnconditionally 0 -> -1
2025-10-10 10:37:46,869 [22d9c8a1-4559-44b0-a4af-9630f79f1f05-groupManagement] INFO  segmented.SegmentedRaftLogWorker (SegmentedRaftLogWorker.java:lambda$new$0(141)) - 22d9c8a1-4559-44b0-a4af-9630f79f1f05@group-7FE9BF83969B-SegmentedRaftLogWorker: safeCacheEvictIndex: setUnconditionally 0 -> -1
2025-10-10 10:37:46,870 [22d9c8a1-4559-44b0-a4af-9630f79f1f05-groupManagement] INFO  server.RaftServer$Division (RaftServerImpl.java:start(405)) - 22d9c8a1-4559-44b0-a4af-9630f79f1f05@group-7FE9BF83969B: start as a follower, conf=conf: {index: -1, cur=peers:[9ab71813-e86f-4276-8581-297fed06961e|127.0.0.1:15047, ad892cb1-3002-4758-a303-de6f39da4dbc|127.0.0.1:15039, 22d9c8a1-4559-44b0-a4af-9630f79f1f05|127.0.0.1:15055]|listeners:[], old=null}
2025-10-10 10:37:46,870 [22d9c8a1-4559-44b0-a4af-9630f79f1f05-groupManagement] INFO  server.RaftServer$Division (RaftServerImpl.java:setRole(392)) - 22d9c8a1-4559-44b0-a4af-9630f79f1f05@group-7FE9BF83969B: changes role from      null to FOLLOWER at term 0 for startAsFollower
2025-10-10 10:37:46,870 [22d9c8a1-4559-44b0-a4af-9630f79f1f05-groupManagement] INFO  impl.RoleInfo (RoleInfo.java:updateAndGet(148)) - 22d9c8a1-4559-44b0-a4af-9630f79f1f05: start 22d9c8a1-4559-44b0-a4af-9630f79f1f05@group-7FE9BF83969B-FollowerState
2025-10-10 10:37:46,870 [22d9c8a1-4559-44b0-a4af-9630f79f1f05-groupManagement] INFO  util.JmxRegister (JmxRegister.java:tryRegister(44)) - Successfully registered JMX Bean with object name Ratis:service=RaftServer,group=group-7FE9BF83969B,id=22d9c8a1-4559-44b0-a4af-9630f79f1f05
2025-10-10 10:37:46,870 [22d9c8a1-4559-44b0-a4af-9630f79f1f05-groupManagement] INFO  util.JmxRegister (JmxRegister.java:register(58)) - register mxBean class org.apache.ratis.server.impl.RaftServerJmxAdapter as Ratis:service=RaftServer,group=group-7FE9BF83969B,id=22d9c8a1-4559-44b0-a4af-9630f79f1f05
2025-10-10 10:37:46,872 [22d9c8a1-4559-44b0-a4af-9630f79f1f05-groupManagement] INFO  server.RaftServer$Division (RaftServerImpl.java:start(419)) - 22d9c8a1-4559-44b0-a4af-9630f79f1f05@group-7FE9BF83969B: Successfully started.
2025-10-10 10:37:46,872 [22d9c8a1-4559-44b0-a4af-9630f79f1f05-CreatePipelineCommandHandlerThread-0] INFO  ratis.XceiverServerRatis (XceiverServerRatis.java:addGroup(839)) - Created group Pipeline-905307e5-fe9f-45a7-96e9-7fe9bf83969b
2025-10-10 10:37:46,934 [grpc-default-executor-0] INFO  server.RaftServer (RaftServerProxy.java:addNew(105)) - bb95c33f-a3cb-4bbe-957e-8163c1fc1114: addNew group-7E155E250634:[bb95c33f-a3cb-4bbe-957e-8163c1fc1114|127.0.0.1:15031, 1a301c79-b9ef-44e0-a0ae-b339f61819a5|127.0.0.1:15023, 43369f36-6a0f-45ae-a8eb-f0d390948370|127.0.0.1:15015] returns group-7E155E250634:java.util.concurrent.CompletableFuture@409aeffa[Not completed]
2025-10-10 10:37:46,935 [grpc-default-executor-1] WARN  server.GrpcAdminProtocolService (GrpcAdminProtocolService.java:lambda$groupManagement$1(53)) - Failed groupManagement: GROUPADD, GroupManagementRequest:client-33FD085FF534->bb95c33f-a3cb-4bbe-957e-8163c1fc1114@group-7E155E250634, cid=1, seq=null, RW, null, Add:group-7E155E250634:[bb95c33f-a3cb-4bbe-957e-8163c1fc1114|127.0.0.1:15031, 1a301c79-b9ef-44e0-a0ae-b339f61819a5|127.0.0.1:15023, 43369f36-6a0f-45ae-a8eb-f0d390948370|127.0.0.1:15015]
java.util.concurrent.CompletionException: org.apache.ratis.protocol.exceptions.AlreadyExistsException: bb95c33f-a3cb-4bbe-957e-8163c1fc1114: Failed to add group-7E155E250634:[bb95c33f-a3cb-4bbe-957e-8163c1fc1114|127.0.0.1:15031, 1a301c79-b9ef-44e0-a0ae-b339f61819a5|127.0.0.1:15023, 43369f36-6a0f-45ae-a8eb-f0d390948370|127.0.0.1:15015] since the group already exists in the map.
	at java.base/java.util.concurrent.CompletableFuture.encodeThrowable(CompletableFuture.java:332)
	at java.base/java.util.concurrent.CompletableFuture.uniApplyNow(CompletableFuture.java:674)
	at java.base/java.util.concurrent.CompletableFuture.uniApplyStage(CompletableFuture.java:662)
	at java.base/java.util.concurrent.CompletableFuture.thenApplyAsync(CompletableFuture.java:2210)
	at org.apache.ratis.server.impl.RaftServerProxy.groupAddAsync(RaftServerProxy.java:513)
	at org.apache.ratis.server.impl.RaftServerProxy.groupManagementAsync(RaftServerProxy.java:495)
	at org.apache.ratis.grpc.server.GrpcAdminProtocolService.lambda$groupManagement$0(GrpcAdminProtocolService.java:51)
	at org.apache.ratis.grpc.GrpcUtil.asyncCall(GrpcUtil.java:172)
	at org.apache.ratis.grpc.server.GrpcAdminProtocolService.groupManagement(GrpcAdminProtocolService.java:51)
	at org.apache.ratis.proto.grpc.AdminProtocolServiceGrpc$MethodHandlers.invoke(AdminProtocolServiceGrpc.java:701)
	at org.apache.ratis.thirdparty.io.grpc.stub.ServerCalls$UnaryServerCallHandler$UnaryServerCallListener.onHalfClose(ServerCalls.java:182)
	at org.apache.ratis.thirdparty.io.grpc.internal.ServerCallImpl$ServerStreamListenerImpl.halfClosed(ServerCallImpl.java:356)
	at org.apache.ratis.thirdparty.io.grpc.internal.ServerImpl$JumpToApplicationThreadServerStreamListener$1HalfClosed.runInContext(ServerImpl.java:861)
	at org.apache.ratis.thirdparty.io.grpc.internal.ContextRunnable.run(ContextRunnable.java:37)
	at org.apache.ratis.thirdparty.io.grpc.internal.SerializingExecutor.run(SerializingExecutor.java:133)
	at java.base/java.util.concurrent.ThreadPoolExecutor.runWorker(ThreadPoolExecutor.java:1144)
	at java.base/java.util.concurrent.ThreadPoolExecutor$Worker.run(ThreadPoolExecutor.java:642)
	at java.base/java.lang.Thread.run(Thread.java:1583)
Caused by: org.apache.ratis.protocol.exceptions.AlreadyExistsException: bb95c33f-a3cb-4bbe-957e-8163c1fc1114: Failed to add group-7E155E250634:[bb95c33f-a3cb-4bbe-957e-8163c1fc1114|127.0.0.1:15031, 1a301c79-b9ef-44e0-a0ae-b339f61819a5|127.0.0.1:15023, 43369f36-6a0f-45ae-a8eb-f0d390948370|127.0.0.1:15015] since the group already exists in the map.
	at org.apache.ratis.server.impl.RaftServerProxy$ImplMap.addNew(RaftServerProxy.java:99)
	at org.apache.ratis.server.impl.RaftServerProxy.groupAddAsync(RaftServerProxy.java:512)
	... 13 more
2025-10-10 10:37:46,934 [grpc-default-executor-2] INFO  server.RaftServer (RaftServerProxy.java:addNew(105)) - ad892cb1-3002-4758-a303-de6f39da4dbc: addNew group-7FE9BF83969B:[9ab71813-e86f-4276-8581-297fed06961e|127.0.0.1:15047, ad892cb1-3002-4758-a303-de6f39da4dbc|127.0.0.1:15039, 22d9c8a1-4559-44b0-a4af-9630f79f1f05|127.0.0.1:15055] returns group-7FE9BF83969B:java.util.concurrent.CompletableFuture@72b1fc1c[Not completed]
2025-10-10 10:37:46,937 [bb95c33f-a3cb-4bbe-957e-8163c1fc1114-groupManagement] INFO  server.RaftServer$Division (RaftServerImpl.java:<init>(268)) - bb95c33f-a3cb-4bbe-957e-8163c1fc1114: new RaftServerImpl for group-7E155E250634:[bb95c33f-a3cb-4bbe-957e-8163c1fc1114|127.0.0.1:15031, 1a301c79-b9ef-44e0-a0ae-b339f61819a5|127.0.0.1:15023, 43369f36-6a0f-45ae-a8eb-f0d390948370|127.0.0.1:15015] with ContainerStateMachine:uninitialized
2025-10-10 10:37:46,940 [bb95c33f-a3cb-4bbe-957e-8163c1fc1114-groupManagement] INFO  server.RaftServer$Division (ServerState.java:<init>(114)) - bb95c33f-a3cb-4bbe-957e-8163c1fc1114@group-7E155E250634: ConfigurationManager, init=conf: {index: -1, cur=peers:[bb95c33f-a3cb-4bbe-957e-8163c1fc1114|127.0.0.1:15031, 1a301c79-b9ef-44e0-a0ae-b339f61819a5|127.0.0.1:15023, 43369f36-6a0f-45ae-a8eb-f0d390948370|127.0.0.1:15015]|listeners:[], old=null}, confs=<EMPTY_MAP>
2025-10-10 10:37:46,937 [ad892cb1-3002-4758-a303-de6f39da4dbc-groupManagement] INFO  server.RaftServer$Division (RaftServerImpl.java:<init>(268)) - ad892cb1-3002-4758-a303-de6f39da4dbc: new RaftServerImpl for group-7FE9BF83969B:[9ab71813-e86f-4276-8581-297fed06961e|127.0.0.1:15047, ad892cb1-3002-4758-a303-de6f39da4dbc|127.0.0.1:15039, 22d9c8a1-4559-44b0-a4af-9630f79f1f05|127.0.0.1:15055] with ContainerStateMachine:uninitialized
2025-10-10 10:37:46,942 [ad892cb1-3002-4758-a303-de6f39da4dbc-groupManagement] INFO  server.RaftServer$Division (ServerState.java:<init>(114)) - ad892cb1-3002-4758-a303-de6f39da4dbc@group-7FE9BF83969B: ConfigurationManager, init=conf: {index: -1, cur=peers:[9ab71813-e86f-4276-8581-297fed06961e|127.0.0.1:15047, ad892cb1-3002-4758-a303-de6f39da4dbc|127.0.0.1:15039, 22d9c8a1-4559-44b0-a4af-9630f79f1f05|127.0.0.1:15055]|listeners:[], old=null}, confs=<EMPTY_MAP>
2025-10-10 10:37:46,959 [bb95c33f-a3cb-4bbe-957e-8163c1fc1114-groupManagement] INFO  server.RaftServerConfigKeys (ConfUtils.java:logGet(62)) - raft.server.storage.dir = [/home/runner/work/ozone/ozone/hadoop-ozone/integration-test/target/test-dir/MiniOzoneClusterImpl-611c99c7-d47b-4433-a4ef-cd0a35b076ef/ozone-metadata/datanode-3/ratis] (custom)
2025-10-10 10:37:46,960 [bb95c33f-a3cb-4bbe-957e-8163c1fc1114-groupManagement] INFO  storage.RaftStorageDirectory (RaftStorageDirectoryImpl.java:analyzeStorage(138)) - The storage directory /home/runner/work/ozone/ozone/hadoop-ozone/integration-test/target/test-dir/MiniOzoneClusterImpl-611c99c7-d47b-4433-a4ef-cd0a35b076ef/ozone-metadata/datanode-3/ratis/6f49885d-a34d-467d-8256-7e155e250634 does not exist. Creating ...
2025-10-10 10:37:46,964 [bb95c33f-a3cb-4bbe-957e-8163c1fc1114-groupManagement] INFO  storage.RaftStorageDirectory (RaftStorageDirectoryImpl.java:tryLock(229)) - Lock on /home/runner/work/ozone/ozone/hadoop-ozone/integration-test/target/test-dir/MiniOzoneClusterImpl-611c99c7-d47b-4433-a4ef-cd0a35b076ef/ozone-metadata/datanode-3/ratis/6f49885d-a34d-467d-8256-7e155e250634/in_use.lock acquired by nodename 58401@localhost
2025-10-10 10:37:46,964 [bb95c33f-a3cb-4bbe-957e-8163c1fc1114-CreatePipelineCommandHandlerThread-0] INFO  server.RaftServer (RaftServerProxy.java:addNew(105)) - bb95c33f-a3cb-4bbe-957e-8163c1fc1114: addNew group-FF215623FAB7:[bb95c33f-a3cb-4bbe-957e-8163c1fc1114|127.0.0.1:15031] returns group-FF215623FAB7:java.util.concurrent.CompletableFuture@4779759[Not completed]
2025-10-10 10:37:46,966 [bb95c33f-a3cb-4bbe-957e-8163c1fc1114-groupManagement] INFO  storage.RaftStorage (RaftStorageImpl.java:format(98)) - Storage directory /home/runner/work/ozone/ozone/hadoop-ozone/integration-test/target/test-dir/MiniOzoneClusterImpl-611c99c7-d47b-4433-a4ef-cd0a35b076ef/ozone-metadata/datanode-3/ratis/6f49885d-a34d-467d-8256-7e155e250634 has been successfully formatted.
2025-10-10 10:37:46,966 [bb95c33f-a3cb-4bbe-957e-8163c1fc1114-groupManagement] INFO  ratis.ContainerStateMachine (ContainerStateMachine.java:initialize(339)) - bb95c33f-a3cb-4bbe-957e-8163c1fc1114: initialize group-7E155E250634
2025-10-10 10:37:46,967 [bb95c33f-a3cb-4bbe-957e-8163c1fc1114-groupManagement] INFO  ratis.ContainerStateMachine (ContainerStateMachine.java:loadSnapshot(347)) - group-7E155E250634: The snapshot info is null. Setting the last applied index to:<INITIAL_VALUE>
2025-10-10 10:37:46,968 [bb95c33f-a3cb-4bbe-957e-8163c1fc1114-groupManagement] INFO  server.RaftServerConfigKeys (ConfUtils.java:logGet(62)) - raft.server.log.appender.buffer.byte-limit = 33554432 (custom)
2025-10-10 10:37:46,971 [EventQueue-PipelineReportForOneReplicaPipelineSafeModeRule] INFO  safemode.SCMSafeModeManager (SCMSafeModeManager.java:validateSafeModeExitRules(138)) - AtleastOneDatanodeReportedRule rule is successfully validated
2025-10-10 10:37:46,974 [ad892cb1-3002-4758-a303-de6f39da4dbc-groupManagement] INFO  server.RaftServerConfigKeys (ConfUtils.java:logGet(62)) - raft.server.storage.dir = [/home/runner/work/ozone/ozone/hadoop-ozone/integration-test/target/test-dir/MiniOzoneClusterImpl-611c99c7-d47b-4433-a4ef-cd0a35b076ef/ozone-metadata/datanode-4/ratis] (custom)
2025-10-10 10:37:46,974 [ad892cb1-3002-4758-a303-de6f39da4dbc-groupManagement] INFO  storage.RaftStorageDirectory (RaftStorageDirectoryImpl.java:analyzeStorage(138)) - The storage directory /home/runner/work/ozone/ozone/hadoop-ozone/integration-test/target/test-dir/MiniOzoneClusterImpl-611c99c7-d47b-4433-a4ef-cd0a35b076ef/ozone-metadata/datanode-4/ratis/905307e5-fe9f-45a7-96e9-7fe9bf83969b does not exist. Creating ...
2025-10-10 10:37:46,974 [8502da08-471d-490f-823d-1244cc2731b5@group-CD0A35B076EF-StateMachineUpdater] INFO  safemode.SCMSafeModeManager (SCMSafeModeManager.java:validateSafeModeExitRules(138)) - DataNodeSafeModeRule rule is successfully validated
2025-10-10 10:37:46,974 [8502da08-471d-490f-823d-1244cc2731b5@group-CD0A35B076EF-StateMachineUpdater] INFO  safemode.SCMSafeModeManager (SCMSafeModeManager.java:validateSafeModeExitRules(138)) - RatisContainerSafeModeRule rule is successfully validated
2025-10-10 10:37:46,974 [8502da08-471d-490f-823d-1244cc2731b5@group-CD0A35B076EF-StateMachineUpdater] INFO  safemode.HealthyPipelineSafeModeRule (HealthyPipelineSafeModeRule.java:initializeRule(228)) - Refreshed total pipeline count is 0, healthy pipeline threshold count is 1
2025-10-10 10:37:46,975 [8502da08-471d-490f-823d-1244cc2731b5@group-CD0A35B076EF-StateMachineUpdater] INFO  safemode.SCMSafeModeManager (SCMSafeModeManager.java:validateSafeModeExitRules(138)) - ECContainerSafeModeRule rule is successfully validated
2025-10-10 10:37:46,975 [8502da08-471d-490f-823d-1244cc2731b5@group-CD0A35B076EF-StateMachineUpdater] INFO  safemode.SCMSafeModeManager (SCMSafeModeManager.java:validateSafeModeExitRules(138)) - AtleastOneDatanodeReportedRule rule is successfully validated
2025-10-10 10:37:46,978 [EventQueue-PipelineReportForPipelineReportHandler] INFO  pipeline.PipelineReportHandler (PipelineReportHandler.java:processPipelineReport(132)) - Opened pipeline Pipeline-383f4c41-c860-4c85-a7b1-ff215623fab7
2025-10-10 10:37:46,978 [ad892cb1-3002-4758-a303-de6f39da4dbc-groupManagement] INFO  storage.RaftStorageDirectory (RaftStorageDirectoryImpl.java:tryLock(229)) - Lock on /home/runner/work/ozone/ozone/hadoop-ozone/integration-test/target/test-dir/MiniOzoneClusterImpl-611c99c7-d47b-4433-a4ef-cd0a35b076ef/ozone-metadata/datanode-4/ratis/905307e5-fe9f-45a7-96e9-7fe9bf83969b/in_use.lock acquired by nodename 58401@localhost
2025-10-10 10:37:46,978 [bb95c33f-a3cb-4bbe-957e-8163c1fc1114-groupManagement] INFO  server.RaftServerConfigKeys (ConfUtils.java:logGet(62)) - raft.server.log.segment.size.max = 67108864 (custom)
2025-10-10 10:37:46,979 [ad892cb1-3002-4758-a303-de6f39da4dbc-groupManagement] INFO  storage.RaftStorage (RaftStorageImpl.java:format(98)) - Storage directory /home/runner/work/ozone/ozone/hadoop-ozone/integration-test/target/test-dir/MiniOzoneClusterImpl-611c99c7-d47b-4433-a4ef-cd0a35b076ef/ozone-metadata/datanode-4/ratis/905307e5-fe9f-45a7-96e9-7fe9bf83969b has been successfully formatted.
2025-10-10 10:37:46,979 [bb95c33f-a3cb-4bbe-957e-8163c1fc1114-groupManagement] INFO  server.RaftServerConfigKeys (ConfUtils.java:logGet(62)) - raft.server.log.appender.buffer.byte-limit = 33554432 (custom)
2025-10-10 10:37:46,979 [ad892cb1-3002-4758-a303-de6f39da4dbc-groupManagement] INFO  ratis.ContainerStateMachine (ContainerStateMachine.java:initialize(339)) - ad892cb1-3002-4758-a303-de6f39da4dbc: initialize group-7FE9BF83969B
2025-10-10 10:37:46,979 [ad892cb1-3002-4758-a303-de6f39da4dbc-groupManagement] INFO  ratis.ContainerStateMachine (ContainerStateMachine.java:loadSnapshot(347)) - group-7FE9BF83969B: The snapshot info is null. Setting the last applied index to:<INITIAL_VALUE>
2025-10-10 10:37:46,980 [ad892cb1-3002-4758-a303-de6f39da4dbc-groupManagement] INFO  server.RaftServerConfigKeys (ConfUtils.java:logGet(62)) - raft.server.log.appender.buffer.byte-limit = 33554432 (custom)
2025-10-10 10:37:46,979 [bb95c33f-a3cb-4bbe-957e-8163c1fc1114-groupManagement] INFO  util.AwaitToRun (AwaitToRun.java:start(81)) - Thread[#1210,bb95c33f-a3cb-4bbe-957e-8163c1fc1114@group-7E155E250634-cacheEviction-AwaitToRun,5,main] started
2025-10-10 10:37:46,980 [bb95c33f-a3cb-4bbe-957e-8163c1fc1114-groupManagement] INFO  segmented.SegmentedRaftLogWorker (SegmentedRaftLogWorker.java:<init>(190)) - new bb95c33f-a3cb-4bbe-957e-8163c1fc1114@group-7E155E250634-SegmentedRaftLogWorker for RaftStorageImpl:Storage Directory /home/runner/work/ozone/ozone/hadoop-ozone/integration-test/target/test-dir/MiniOzoneClusterImpl-611c99c7-d47b-4433-a4ef-cd0a35b076ef/ozone-metadata/datanode-3/ratis/6f49885d-a34d-467d-8256-7e155e250634
2025-10-10 10:37:46,980 [bb95c33f-a3cb-4bbe-957e-8163c1fc1114-groupManagement] INFO  server.RaftServerConfigKeys (ConfUtils.java:logGet(62)) - raft.server.log.queue.byte-limit = 4294967296 (custom)
2025-10-10 10:37:46,980 [bb95c33f-a3cb-4bbe-957e-8163c1fc1114-groupManagement] INFO  server.RaftServerConfigKeys (ConfUtils.java:logGet(62)) - raft.server.log.segment.size.max = 67108864 (custom)
2025-10-10 10:37:46,980 [bb95c33f-a3cb-4bbe-957e-8163c1fc1114-groupManagement] INFO  server.RaftServerConfigKeys (ConfUtils.java:logGet(62)) - raft.server.log.preallocated.size = 4194304 (custom)
2025-10-10 10:37:46,981 [EventQueue-PipelineReportForOneReplicaPipelineSafeModeRule] INFO  safemode.SCMSafeModeManager (SCMSafeModeManager.java:validateSafeModeExitRules(138)) - AtleastOneDatanodeReportedRule rule is successfully validated
2025-10-10 10:37:46,985 [bb95c33f-a3cb-4bbe-957e-8163c1fc1114-groupManagement] INFO  server.RaftServerConfigKeys (ConfUtils.java:logGet(62)) - raft.server.log.write.buffer.size = 33554440 (custom)
2025-10-10 10:37:46,986 [ad892cb1-3002-4758-a303-de6f39da4dbc-groupManagement] INFO  server.RaftServerConfigKeys (ConfUtils.java:logGet(62)) - raft.server.log.segment.size.max = 67108864 (custom)
2025-10-10 10:37:46,987 [ad892cb1-3002-4758-a303-de6f39da4dbc-groupManagement] INFO  server.RaftServerConfigKeys (ConfUtils.java:logGet(62)) - raft.server.log.appender.buffer.byte-limit = 33554432 (custom)
2025-10-10 10:37:46,987 [ad892cb1-3002-4758-a303-de6f39da4dbc-groupManagement] INFO  util.AwaitToRun (AwaitToRun.java:start(81)) - Thread[#1211,ad892cb1-3002-4758-a303-de6f39da4dbc@group-7FE9BF83969B-cacheEviction-AwaitToRun,5,main] started
2025-10-10 10:37:46,987 [ad892cb1-3002-4758-a303-de6f39da4dbc-groupManagement] INFO  segmented.SegmentedRaftLogWorker (SegmentedRaftLogWorker.java:<init>(190)) - new ad892cb1-3002-4758-a303-de6f39da4dbc@group-7FE9BF83969B-SegmentedRaftLogWorker for RaftStorageImpl:Storage Directory /home/runner/work/ozone/ozone/hadoop-ozone/integration-test/target/test-dir/MiniOzoneClusterImpl-611c99c7-d47b-4433-a4ef-cd0a35b076ef/ozone-metadata/datanode-4/ratis/905307e5-fe9f-45a7-96e9-7fe9bf83969b
2025-10-10 10:37:46,988 [ad892cb1-3002-4758-a303-de6f39da4dbc-groupManagement] INFO  server.RaftServerConfigKeys (ConfUtils.java:logGet(62)) - raft.server.log.queue.byte-limit = 4294967296 (custom)
2025-10-10 10:37:46,988 [ad892cb1-3002-4758-a303-de6f39da4dbc-groupManagement] INFO  server.RaftServerConfigKeys (ConfUtils.java:logGet(62)) - raft.server.log.segment.size.max = 67108864 (custom)
2025-10-10 10:37:46,988 [ad892cb1-3002-4758-a303-de6f39da4dbc-groupManagement] INFO  server.RaftServerConfigKeys (ConfUtils.java:logGet(62)) - raft.server.log.preallocated.size = 4194304 (custom)
2025-10-10 10:37:46,990 [ad892cb1-3002-4758-a303-de6f39da4dbc-groupManagement] INFO  server.RaftServerConfigKeys (ConfUtils.java:logGet(62)) - raft.server.log.write.buffer.size = 33554440 (custom)
2025-10-10 10:37:46,992 [bb95c33f-a3cb-4bbe-957e-8163c1fc1114-groupManagement] INFO  server.RaftServerConfigKeys (ConfUtils.java:logGet(62)) - raft.server.log.appender.buffer.byte-limit = 33554432 (custom)
2025-10-10 10:37:46,993 [bb95c33f-a3cb-4bbe-957e-8163c1fc1114-groupManagement] INFO  segmented.SegmentedRaftLogWorker (SegmentedRaftLogWorker.java:lambda$new$0(141)) - bb95c33f-a3cb-4bbe-957e-8163c1fc1114@group-7E155E250634-SegmentedRaftLogWorker: flushIndex: setUnconditionally 0 -> -1
2025-10-10 10:37:46,994 [bb95c33f-a3cb-4bbe-957e-8163c1fc1114-groupManagement] INFO  segmented.SegmentedRaftLogWorker (SegmentedRaftLogWorker.java:lambda$new$0(141)) - bb95c33f-a3cb-4bbe-957e-8163c1fc1114@group-7E155E250634-SegmentedRaftLogWorker: safeCacheEvictIndex: setUnconditionally 0 -> -1
2025-10-10 10:37:46,994 [bb95c33f-a3cb-4bbe-957e-8163c1fc1114-groupManagement] INFO  server.RaftServer$Division (RaftServerImpl.java:start(405)) - bb95c33f-a3cb-4bbe-957e-8163c1fc1114@group-7E155E250634: start as a follower, conf=conf: {index: -1, cur=peers:[bb95c33f-a3cb-4bbe-957e-8163c1fc1114|127.0.0.1:15031, 1a301c79-b9ef-44e0-a0ae-b339f61819a5|127.0.0.1:15023, 43369f36-6a0f-45ae-a8eb-f0d390948370|127.0.0.1:15015]|listeners:[], old=null}
2025-10-10 10:37:46,995 [bb95c33f-a3cb-4bbe-957e-8163c1fc1114-groupManagement] INFO  server.RaftServer$Division (RaftServerImpl.java:setRole(392)) - bb95c33f-a3cb-4bbe-957e-8163c1fc1114@group-7E155E250634: changes role from      null to FOLLOWER at term 0 for startAsFollower
2025-10-10 10:37:46,996 [bb95c33f-a3cb-4bbe-957e-8163c1fc1114-groupManagement] INFO  impl.RoleInfo (RoleInfo.java:updateAndGet(148)) - bb95c33f-a3cb-4bbe-957e-8163c1fc1114: start bb95c33f-a3cb-4bbe-957e-8163c1fc1114@group-7E155E250634-FollowerState
2025-10-10 10:37:46,996 [ad892cb1-3002-4758-a303-de6f39da4dbc-groupManagement] INFO  server.RaftServerConfigKeys (ConfUtils.java:logGet(62)) - raft.server.log.appender.buffer.byte-limit = 33554432 (custom)
2025-10-10 10:37:46,997 [ad892cb1-3002-4758-a303-de6f39da4dbc-groupManagement] INFO  segmented.SegmentedRaftLogWorker (SegmentedRaftLogWorker.java:lambda$new$0(141)) - ad892cb1-3002-4758-a303-de6f39da4dbc@group-7FE9BF83969B-SegmentedRaftLogWorker: flushIndex: setUnconditionally 0 -> -1
2025-10-10 10:37:46,997 [ad892cb1-3002-4758-a303-de6f39da4dbc-groupManagement] INFO  segmented.SegmentedRaftLogWorker (SegmentedRaftLogWorker.java:lambda$new$0(141)) - ad892cb1-3002-4758-a303-de6f39da4dbc@group-7FE9BF83969B-SegmentedRaftLogWorker: safeCacheEvictIndex: setUnconditionally 0 -> -1
2025-10-10 10:37:46,996 [bb95c33f-a3cb-4bbe-957e-8163c1fc1114-groupManagement] INFO  util.JmxRegister (JmxRegister.java:tryRegister(44)) - Successfully registered JMX Bean with object name Ratis:service=RaftServer,group=group-7E155E250634,id=bb95c33f-a3cb-4bbe-957e-8163c1fc1114
2025-10-10 10:37:46,997 [bb95c33f-a3cb-4bbe-957e-8163c1fc1114-groupManagement] INFO  util.JmxRegister (JmxRegister.java:register(58)) - register mxBean class org.apache.ratis.server.impl.RaftServerJmxAdapter as Ratis:service=RaftServer,group=group-7E155E250634,id=bb95c33f-a3cb-4bbe-957e-8163c1fc1114
2025-10-10 10:37:46,998 [ad892cb1-3002-4758-a303-de6f39da4dbc-groupManagement] INFO  server.RaftServer$Division (RaftServerImpl.java:start(405)) - ad892cb1-3002-4758-a303-de6f39da4dbc@group-7FE9BF83969B: start as a follower, conf=conf: {index: -1, cur=peers:[9ab71813-e86f-4276-8581-297fed06961e|127.0.0.1:15047, ad892cb1-3002-4758-a303-de6f39da4dbc|127.0.0.1:15039, 22d9c8a1-4559-44b0-a4af-9630f79f1f05|127.0.0.1:15055]|listeners:[], old=null}
2025-10-10 10:37:46,998 [ad892cb1-3002-4758-a303-de6f39da4dbc-groupManagement] INFO  server.RaftServer$Division (RaftServerImpl.java:setRole(392)) - ad892cb1-3002-4758-a303-de6f39da4dbc@group-7FE9BF83969B: changes role from      null to FOLLOWER at term 0 for startAsFollower
2025-10-10 10:37:46,998 [ad892cb1-3002-4758-a303-de6f39da4dbc-groupManagement] INFO  impl.RoleInfo (RoleInfo.java:updateAndGet(148)) - ad892cb1-3002-4758-a303-de6f39da4dbc: start ad892cb1-3002-4758-a303-de6f39da4dbc@group-7FE9BF83969B-FollowerState
2025-10-10 10:37:47,000 [bb95c33f-a3cb-4bbe-957e-8163c1fc1114-groupManagement] INFO  server.RaftServer$Division (RaftServerImpl.java:start(419)) - bb95c33f-a3cb-4bbe-957e-8163c1fc1114@group-7E155E250634: Successfully started.
2025-10-10 10:37:47,001 [ad892cb1-3002-4758-a303-de6f39da4dbc-groupManagement] INFO  util.JmxRegister (JmxRegister.java:tryRegister(44)) - Successfully registered JMX Bean with object name Ratis:service=RaftServer,group=group-7FE9BF83969B,id=ad892cb1-3002-4758-a303-de6f39da4dbc
2025-10-10 10:37:47,001 [ad892cb1-3002-4758-a303-de6f39da4dbc-groupManagement] INFO  util.JmxRegister (JmxRegister.java:register(58)) - register mxBean class org.apache.ratis.server.impl.RaftServerJmxAdapter as Ratis:service=RaftServer,group=group-7FE9BF83969B,id=ad892cb1-3002-4758-a303-de6f39da4dbc
2025-10-10 10:37:47,002 [ad892cb1-3002-4758-a303-de6f39da4dbc-groupManagement] INFO  server.RaftServer$Division (RaftServerImpl.java:start(419)) - ad892cb1-3002-4758-a303-de6f39da4dbc@group-7FE9BF83969B: Successfully started.
2025-10-10 10:37:47,013 [grpc-default-executor-1] WARN  server.GrpcAdminProtocolService (GrpcAdminProtocolService.java:lambda$groupManagement$1(53)) - Failed groupManagement: GROUPADD, GroupManagementRequest:client-EA1399F8CB95->1a301c79-b9ef-44e0-a0ae-b339f61819a5@group-7E155E250634, cid=4, seq=null, RW, null, Add:group-7E155E250634:[bb95c33f-a3cb-4bbe-957e-8163c1fc1114|127.0.0.1:15031, 1a301c79-b9ef-44e0-a0ae-b339f61819a5|127.0.0.1:15023, 43369f36-6a0f-45ae-a8eb-f0d390948370|127.0.0.1:15015]
java.util.concurrent.CompletionException: org.apache.ratis.protocol.exceptions.AlreadyExistsException: 1a301c79-b9ef-44e0-a0ae-b339f61819a5: Failed to add group-7E155E250634:[bb95c33f-a3cb-4bbe-957e-8163c1fc1114|127.0.0.1:15031, 1a301c79-b9ef-44e0-a0ae-b339f61819a5|127.0.0.1:15023, 43369f36-6a0f-45ae-a8eb-f0d390948370|127.0.0.1:15015] since the group already exists in the map.
	at java.base/java.util.concurrent.CompletableFuture.encodeThrowable(CompletableFuture.java:332)
	at java.base/java.util.concurrent.CompletableFuture.uniApplyNow(CompletableFuture.java:674)
	at java.base/java.util.concurrent.CompletableFuture.uniApplyStage(CompletableFuture.java:662)
	at java.base/java.util.concurrent.CompletableFuture.thenApplyAsync(CompletableFuture.java:2210)
	at org.apache.ratis.server.impl.RaftServerProxy.groupAddAsync(RaftServerProxy.java:513)
	at org.apache.ratis.server.impl.RaftServerProxy.groupManagementAsync(RaftServerProxy.java:495)
	at org.apache.ratis.grpc.server.GrpcAdminProtocolService.lambda$groupManagement$0(GrpcAdminProtocolService.java:51)
	at org.apache.ratis.grpc.GrpcUtil.asyncCall(GrpcUtil.java:172)
	at org.apache.ratis.grpc.server.GrpcAdminProtocolService.groupManagement(GrpcAdminProtocolService.java:51)
	at org.apache.ratis.proto.grpc.AdminProtocolServiceGrpc$MethodHandlers.invoke(AdminProtocolServiceGrpc.java:701)
	at org.apache.ratis.thirdparty.io.grpc.stub.ServerCalls$UnaryServerCallHandler$UnaryServerCallListener.onHalfClose(ServerCalls.java:182)
	at org.apache.ratis.thirdparty.io.grpc.internal.ServerCallImpl$ServerStreamListenerImpl.halfClosed(ServerCallImpl.java:356)
	at org.apache.ratis.thirdparty.io.grpc.internal.ServerImpl$JumpToApplicationThreadServerStreamListener$1HalfClosed.runInContext(ServerImpl.java:861)
	at org.apache.ratis.thirdparty.io.grpc.internal.ContextRunnable.run(ContextRunnable.java:37)
	at org.apache.ratis.thirdparty.io.grpc.internal.SerializingExecutor.run(SerializingExecutor.java:133)
	at java.base/java.util.concurrent.ThreadPoolExecutor.runWorker(ThreadPoolExecutor.java:1144)
	at java.base/java.util.concurrent.ThreadPoolExecutor$Worker.run(ThreadPoolExecutor.java:642)
	at java.base/java.lang.Thread.run(Thread.java:1583)
Caused by: org.apache.ratis.protocol.exceptions.AlreadyExistsException: 1a301c79-b9ef-44e0-a0ae-b339f61819a5: Failed to add group-7E155E250634:[bb95c33f-a3cb-4bbe-957e-8163c1fc1114|127.0.0.1:15031, 1a301c79-b9ef-44e0-a0ae-b339f61819a5|127.0.0.1:15023, 43369f36-6a0f-45ae-a8eb-f0d390948370|127.0.0.1:15015] since the group already exists in the map.
	at org.apache.ratis.server.impl.RaftServerProxy$ImplMap.addNew(RaftServerProxy.java:99)
	at org.apache.ratis.server.impl.RaftServerProxy.groupAddAsync(RaftServerProxy.java:512)
	... 13 more
2025-10-10 10:37:47,020 [bb95c33f-a3cb-4bbe-957e-8163c1fc1114-groupManagement] INFO  server.RaftServer$Division (RaftServerImpl.java:<init>(268)) - bb95c33f-a3cb-4bbe-957e-8163c1fc1114: new RaftServerImpl for group-FF215623FAB7:[bb95c33f-a3cb-4bbe-957e-8163c1fc1114|127.0.0.1:15031] with ContainerStateMachine:uninitialized
2025-10-10 10:37:47,020 [bb95c33f-a3cb-4bbe-957e-8163c1fc1114-groupManagement] INFO  server.RaftServer$Division (ServerState.java:<init>(114)) - bb95c33f-a3cb-4bbe-957e-8163c1fc1114@group-FF215623FAB7: ConfigurationManager, init=conf: {index: -1, cur=peers:[bb95c33f-a3cb-4bbe-957e-8163c1fc1114|127.0.0.1:15031]|listeners:[], old=null}, confs=<EMPTY_MAP>
2025-10-10 10:37:47,026 [43369f36-6a0f-45ae-a8eb-f0d390948370-CreatePipelineCommandHandlerThread-0] INFO  commandhandler.CreatePipelineCommandHandler (CreatePipelineCommandHandler.java:lambda$handle$2(141)) - Created Pipeline RATIS THREE Pipeline-6f49885d-a34d-467d-8256-7e155e250634.
2025-10-10 10:37:47,026 [43369f36-6a0f-45ae-a8eb-f0d390948370-CreatePipelineCommandHandlerThread-0] INFO  server.RaftServer (RaftServerProxy.java:addNew(105)) - 43369f36-6a0f-45ae-a8eb-f0d390948370: addNew group-63ACBE5F7EDA:[bb95c33f-a3cb-4bbe-957e-8163c1fc1114|127.0.0.1:15031, 1a301c79-b9ef-44e0-a0ae-b339f61819a5|127.0.0.1:15023, 43369f36-6a0f-45ae-a8eb-f0d390948370|127.0.0.1:15015] returns group-63ACBE5F7EDA:java.util.concurrent.CompletableFuture@7430ac5b[Not completed]
2025-10-10 10:37:47,028 [bb95c33f-a3cb-4bbe-957e-8163c1fc1114-groupManagement] INFO  server.RaftServerConfigKeys (ConfUtils.java:logGet(62)) - raft.server.storage.dir = [/home/runner/work/ozone/ozone/hadoop-ozone/integration-test/target/test-dir/MiniOzoneClusterImpl-611c99c7-d47b-4433-a4ef-cd0a35b076ef/ozone-metadata/datanode-3/ratis] (custom)
2025-10-10 10:37:47,029 [bb95c33f-a3cb-4bbe-957e-8163c1fc1114-groupManagement] INFO  storage.RaftStorageDirectory (RaftStorageDirectoryImpl.java:analyzeStorage(138)) - The storage directory /home/runner/work/ozone/ozone/hadoop-ozone/integration-test/target/test-dir/MiniOzoneClusterImpl-611c99c7-d47b-4433-a4ef-cd0a35b076ef/ozone-metadata/datanode-3/ratis/383f4c41-c860-4c85-a7b1-ff215623fab7 does not exist. Creating ...
2025-10-10 10:37:47,031 [43369f36-6a0f-45ae-a8eb-f0d390948370-groupManagement] INFO  server.RaftServer$Division (RaftServerImpl.java:<init>(268)) - 43369f36-6a0f-45ae-a8eb-f0d390948370: new RaftServerImpl for group-63ACBE5F7EDA:[bb95c33f-a3cb-4bbe-957e-8163c1fc1114|127.0.0.1:15031, 1a301c79-b9ef-44e0-a0ae-b339f61819a5|127.0.0.1:15023, 43369f36-6a0f-45ae-a8eb-f0d390948370|127.0.0.1:15015] with ContainerStateMachine:uninitialized
2025-10-10 10:37:47,031 [43369f36-6a0f-45ae-a8eb-f0d390948370-groupManagement] INFO  server.RaftServer$Division (ServerState.java:<init>(114)) - 43369f36-6a0f-45ae-a8eb-f0d390948370@group-63ACBE5F7EDA: ConfigurationManager, init=conf: {index: -1, cur=peers:[bb95c33f-a3cb-4bbe-957e-8163c1fc1114|127.0.0.1:15031, 1a301c79-b9ef-44e0-a0ae-b339f61819a5|127.0.0.1:15023, 43369f36-6a0f-45ae-a8eb-f0d390948370|127.0.0.1:15015]|listeners:[], old=null}, confs=<EMPTY_MAP>
2025-10-10 10:37:47,031 [bb95c33f-a3cb-4bbe-957e-8163c1fc1114-groupManagement] INFO  storage.RaftStorageDirectory (RaftStorageDirectoryImpl.java:tryLock(229)) - Lock on /home/runner/work/ozone/ozone/hadoop-ozone/integration-test/target/test-dir/MiniOzoneClusterImpl-611c99c7-d47b-4433-a4ef-cd0a35b076ef/ozone-metadata/datanode-3/ratis/383f4c41-c860-4c85-a7b1-ff215623fab7/in_use.lock acquired by nodename 58401@localhost
2025-10-10 10:37:47,034 [bb95c33f-a3cb-4bbe-957e-8163c1fc1114-groupManagement] INFO  storage.RaftStorage (RaftStorageImpl.java:format(98)) - Storage directory /home/runner/work/ozone/ozone/hadoop-ozone/integration-test/target/test-dir/MiniOzoneClusterImpl-611c99c7-d47b-4433-a4ef-cd0a35b076ef/ozone-metadata/datanode-3/ratis/383f4c41-c860-4c85-a7b1-ff215623fab7 has been successfully formatted.
2025-10-10 10:37:47,034 [bb95c33f-a3cb-4bbe-957e-8163c1fc1114-groupManagement] INFO  ratis.ContainerStateMachine (ContainerStateMachine.java:initialize(339)) - bb95c33f-a3cb-4bbe-957e-8163c1fc1114: initialize group-FF215623FAB7
2025-10-10 10:37:47,034 [bb95c33f-a3cb-4bbe-957e-8163c1fc1114-groupManagement] INFO  ratis.ContainerStateMachine (ContainerStateMachine.java:loadSnapshot(347)) - group-FF215623FAB7: The snapshot info is null. Setting the last applied index to:<INITIAL_VALUE>
2025-10-10 10:37:47,034 [bb95c33f-a3cb-4bbe-957e-8163c1fc1114-groupManagement] INFO  server.RaftServerConfigKeys (ConfUtils.java:logGet(62)) - raft.server.log.appender.buffer.byte-limit = 33554432 (custom)
2025-10-10 10:37:47,039 [EventQueue-PipelineReportForOneReplicaPipelineSafeModeRule] INFO  safemode.SCMSafeModeManager (SCMSafeModeManager.java:validateSafeModeExitRules(138)) - AtleastOneDatanodeReportedRule rule is successfully validated
2025-10-10 10:37:47,044 [bb95c33f-a3cb-4bbe-957e-8163c1fc1114-groupManagement] INFO  server.RaftServerConfigKeys (ConfUtils.java:logGet(62)) - raft.server.log.segment.size.max = 67108864 (custom)
2025-10-10 10:37:47,047 [bb95c33f-a3cb-4bbe-957e-8163c1fc1114-groupManagement] INFO  server.RaftServerConfigKeys (ConfUtils.java:logGet(62)) - raft.server.log.appender.buffer.byte-limit = 33554432 (custom)
2025-10-10 10:37:47,049 [bb95c33f-a3cb-4bbe-957e-8163c1fc1114-groupManagement] INFO  util.AwaitToRun (AwaitToRun.java:start(81)) - Thread[#1230,bb95c33f-a3cb-4bbe-957e-8163c1fc1114@group-FF215623FAB7-cacheEviction-AwaitToRun,5,main] started
2025-10-10 10:37:47,049 [bb95c33f-a3cb-4bbe-957e-8163c1fc1114-groupManagement] INFO  segmented.SegmentedRaftLogWorker (SegmentedRaftLogWorker.java:<init>(190)) - new bb95c33f-a3cb-4bbe-957e-8163c1fc1114@group-FF215623FAB7-SegmentedRaftLogWorker for RaftStorageImpl:Storage Directory /home/runner/work/ozone/ozone/hadoop-ozone/integration-test/target/test-dir/MiniOzoneClusterImpl-611c99c7-d47b-4433-a4ef-cd0a35b076ef/ozone-metadata/datanode-3/ratis/383f4c41-c860-4c85-a7b1-ff215623fab7
2025-10-10 10:37:47,049 [bb95c33f-a3cb-4bbe-957e-8163c1fc1114-groupManagement] INFO  server.RaftServerConfigKeys (ConfUtils.java:logGet(62)) - raft.server.log.queue.byte-limit = 4294967296 (custom)
2025-10-10 10:37:47,049 [bb95c33f-a3cb-4bbe-957e-8163c1fc1114-groupManagement] INFO  server.RaftServerConfigKeys (ConfUtils.java:logGet(62)) - raft.server.log.segment.size.max = 67108864 (custom)
2025-10-10 10:37:47,049 [bb95c33f-a3cb-4bbe-957e-8163c1fc1114-groupManagement] INFO  server.RaftServerConfigKeys (ConfUtils.java:logGet(62)) - raft.server.log.preallocated.size = 4194304 (custom)
2025-10-10 10:37:47,050 [grpc-default-executor-2] WARN  server.GrpcAdminProtocolService (GrpcAdminProtocolService.java:lambda$groupManagement$1(53)) - Failed groupManagement: GROUPADD, GroupManagementRequest:client-530001C350E6->43369f36-6a0f-45ae-a8eb-f0d390948370@group-7E155E250634, cid=5, seq=null, RW, null, Add:group-7E155E250634:[bb95c33f-a3cb-4bbe-957e-8163c1fc1114|127.0.0.1:15031, 1a301c79-b9ef-44e0-a0ae-b339f61819a5|127.0.0.1:15023, 43369f36-6a0f-45ae-a8eb-f0d390948370|127.0.0.1:15015]
java.util.concurrent.CompletionException: org.apache.ratis.protocol.exceptions.AlreadyExistsException: 43369f36-6a0f-45ae-a8eb-f0d390948370: Failed to add group-7E155E250634:[bb95c33f-a3cb-4bbe-957e-8163c1fc1114|127.0.0.1:15031, 1a301c79-b9ef-44e0-a0ae-b339f61819a5|127.0.0.1:15023, 43369f36-6a0f-45ae-a8eb-f0d390948370|127.0.0.1:15015] since the group already exists in the map.
	at java.base/java.util.concurrent.CompletableFuture.encodeThrowable(CompletableFuture.java:332)
	at java.base/java.util.concurrent.CompletableFuture.uniApplyNow(CompletableFuture.java:674)
	at java.base/java.util.concurrent.CompletableFuture.uniApplyStage(CompletableFuture.java:662)
	at java.base/java.util.concurrent.CompletableFuture.thenApplyAsync(CompletableFuture.java:2210)
	at org.apache.ratis.server.impl.RaftServerProxy.groupAddAsync(RaftServerProxy.java:513)
	at org.apache.ratis.server.impl.RaftServerProxy.groupManagementAsync(RaftServerProxy.java:495)
	at org.apache.ratis.grpc.server.GrpcAdminProtocolService.lambda$groupManagement$0(GrpcAdminProtocolService.java:51)
	at org.apache.ratis.grpc.GrpcUtil.asyncCall(GrpcUtil.java:172)
	at org.apache.ratis.grpc.server.GrpcAdminProtocolService.groupManagement(GrpcAdminProtocolService.java:51)
	at org.apache.ratis.proto.grpc.AdminProtocolServiceGrpc$MethodHandlers.invoke(AdminProtocolServiceGrpc.java:701)
	at org.apache.ratis.thirdparty.io.grpc.stub.ServerCalls$UnaryServerCallHandler$UnaryServerCallListener.onHalfClose(ServerCalls.java:182)
	at org.apache.ratis.thirdparty.io.grpc.internal.ServerCallImpl$ServerStreamListenerImpl.halfClosed(ServerCallImpl.java:356)
	at org.apache.ratis.thirdparty.io.grpc.internal.ServerImpl$JumpToApplicationThreadServerStreamListener$1HalfClosed.runInContext(ServerImpl.java:861)
	at org.apache.ratis.thirdparty.io.grpc.internal.ContextRunnable.run(ContextRunnable.java:37)
	at org.apache.ratis.thirdparty.io.grpc.internal.SerializingExecutor.run(SerializingExecutor.java:133)
	at java.base/java.util.concurrent.ThreadPoolExecutor.runWorker(ThreadPoolExecutor.java:1144)
	at java.base/java.util.concurrent.ThreadPoolExecutor$Worker.run(ThreadPoolExecutor.java:642)
	at java.base/java.lang.Thread.run(Thread.java:1583)
Caused by: org.apache.ratis.protocol.exceptions.AlreadyExistsException: 43369f36-6a0f-45ae-a8eb-f0d390948370: Failed to add group-7E155E250634:[bb95c33f-a3cb-4bbe-957e-8163c1fc1114|127.0.0.1:15031, 1a301c79-b9ef-44e0-a0ae-b339f61819a5|127.0.0.1:15023, 43369f36-6a0f-45ae-a8eb-f0d390948370|127.0.0.1:15015] since the group already exists in the map.
	at org.apache.ratis.server.impl.RaftServerProxy$ImplMap.addNew(RaftServerProxy.java:99)
	at org.apache.ratis.server.impl.RaftServerProxy.groupAddAsync(RaftServerProxy.java:512)
	... 13 more
2025-10-10 10:37:47,052 [grpc-default-executor-1] INFO  server.RaftServer (RaftServerProxy.java:addNew(105)) - 9ab71813-e86f-4276-8581-297fed06961e: addNew group-7FE9BF83969B:[9ab71813-e86f-4276-8581-297fed06961e|127.0.0.1:15047, ad892cb1-3002-4758-a303-de6f39da4dbc|127.0.0.1:15039, 22d9c8a1-4559-44b0-a4af-9630f79f1f05|127.0.0.1:15055] returns group-7FE9BF83969B:java.util.concurrent.CompletableFuture@17bac53e[Not completed]
2025-10-10 10:37:47,054 [9ab71813-e86f-4276-8581-297fed06961e-groupManagement] INFO  server.RaftServer$Division (RaftServerImpl.java:<init>(268)) - 9ab71813-e86f-4276-8581-297fed06961e: new RaftServerImpl for group-7FE9BF83969B:[9ab71813-e86f-4276-8581-297fed06961e|127.0.0.1:15047, ad892cb1-3002-4758-a303-de6f39da4dbc|127.0.0.1:15039, 22d9c8a1-4559-44b0-a4af-9630f79f1f05|127.0.0.1:15055] with ContainerStateMachine:uninitialized
2025-10-10 10:37:47,055 [9ab71813-e86f-4276-8581-297fed06961e-groupManagement] INFO  server.RaftServer$Division (ServerState.java:<init>(114)) - 9ab71813-e86f-4276-8581-297fed06961e@group-7FE9BF83969B: ConfigurationManager, init=conf: {index: -1, cur=peers:[9ab71813-e86f-4276-8581-297fed06961e|127.0.0.1:15047, ad892cb1-3002-4758-a303-de6f39da4dbc|127.0.0.1:15039, 22d9c8a1-4559-44b0-a4af-9630f79f1f05|127.0.0.1:15055]|listeners:[], old=null}, confs=<EMPTY_MAP>
2025-10-10 10:37:47,062 [bb95c33f-a3cb-4bbe-957e-8163c1fc1114-groupManagement] INFO  server.RaftServerConfigKeys (ConfUtils.java:logGet(62)) - raft.server.log.write.buffer.size = 33554440 (custom)
2025-10-10 10:37:47,065 [1a301c79-b9ef-44e0-a0ae-b339f61819a5-CreatePipelineCommandHandlerThread-0] INFO  commandhandler.CreatePipelineCommandHandler (CreatePipelineCommandHandler.java:lambda$handle$2(141)) - Created Pipeline RATIS THREE Pipeline-6f49885d-a34d-467d-8256-7e155e250634.
2025-10-10 10:37:47,066 [1a301c79-b9ef-44e0-a0ae-b339f61819a5-CreatePipelineCommandHandlerThread-0] INFO  server.RaftServer (RaftServerProxy.java:addNew(105)) - 1a301c79-b9ef-44e0-a0ae-b339f61819a5: addNew group-63ACBE5F7EDA:[bb95c33f-a3cb-4bbe-957e-8163c1fc1114|127.0.0.1:15031, 1a301c79-b9ef-44e0-a0ae-b339f61819a5|127.0.0.1:15023, 43369f36-6a0f-45ae-a8eb-f0d390948370|127.0.0.1:15015] returns group-63ACBE5F7EDA:java.util.concurrent.CompletableFuture@694112c9[Not completed]
2025-10-10 10:37:47,068 [9ab71813-e86f-4276-8581-297fed06961e-groupManagement] INFO  server.RaftServerConfigKeys (ConfUtils.java:logGet(62)) - raft.server.storage.dir = [/home/runner/work/ozone/ozone/hadoop-ozone/integration-test/target/test-dir/MiniOzoneClusterImpl-611c99c7-d47b-4433-a4ef-cd0a35b076ef/ozone-metadata/datanode-5/ratis] (custom)
2025-10-10 10:37:47,069 [43369f36-6a0f-45ae-a8eb-f0d390948370-groupManagement] INFO  server.RaftServerConfigKeys (ConfUtils.java:logGet(62)) - raft.server.storage.dir = [/home/runner/work/ozone/ozone/hadoop-ozone/integration-test/target/test-dir/MiniOzoneClusterImpl-611c99c7-d47b-4433-a4ef-cd0a35b076ef/ozone-metadata/datanode-1/ratis] (custom)
2025-10-10 10:37:47,069 [43369f36-6a0f-45ae-a8eb-f0d390948370-groupManagement] INFO  storage.RaftStorageDirectory (RaftStorageDirectoryImpl.java:analyzeStorage(138)) - The storage directory /home/runner/work/ozone/ozone/hadoop-ozone/integration-test/target/test-dir/MiniOzoneClusterImpl-611c99c7-d47b-4433-a4ef-cd0a35b076ef/ozone-metadata/datanode-1/ratis/c1a6ce75-0ec5-4b07-b27a-63acbe5f7eda does not exist. Creating ...
2025-10-10 10:37:47,070 [9ab71813-e86f-4276-8581-297fed06961e-groupManagement] INFO  storage.RaftStorageDirectory (RaftStorageDirectoryImpl.java:analyzeStorage(138)) - The storage directory /home/runner/work/ozone/ozone/hadoop-ozone/integration-test/target/test-dir/MiniOzoneClusterImpl-611c99c7-d47b-4433-a4ef-cd0a35b076ef/ozone-metadata/datanode-5/ratis/905307e5-fe9f-45a7-96e9-7fe9bf83969b does not exist. Creating ...
2025-10-10 10:37:47,070 [1a301c79-b9ef-44e0-a0ae-b339f61819a5-groupManagement] INFO  server.RaftServer$Division (RaftServerImpl.java:<init>(268)) - 1a301c79-b9ef-44e0-a0ae-b339f61819a5: new RaftServerImpl for group-63ACBE5F7EDA:[bb95c33f-a3cb-4bbe-957e-8163c1fc1114|127.0.0.1:15031, 1a301c79-b9ef-44e0-a0ae-b339f61819a5|127.0.0.1:15023, 43369f36-6a0f-45ae-a8eb-f0d390948370|127.0.0.1:15015] with ContainerStateMachine:uninitialized
2025-10-10 10:37:47,071 [1a301c79-b9ef-44e0-a0ae-b339f61819a5-groupManagement] INFO  server.RaftServer$Division (ServerState.java:<init>(114)) - 1a301c79-b9ef-44e0-a0ae-b339f61819a5@group-63ACBE5F7EDA: ConfigurationManager, init=conf: {index: -1, cur=peers:[bb95c33f-a3cb-4bbe-957e-8163c1fc1114|127.0.0.1:15031, 1a301c79-b9ef-44e0-a0ae-b339f61819a5|127.0.0.1:15023, 43369f36-6a0f-45ae-a8eb-f0d390948370|127.0.0.1:15015]|listeners:[], old=null}, confs=<EMPTY_MAP>
2025-10-10 10:37:47,071 [bb95c33f-a3cb-4bbe-957e-8163c1fc1114-groupManagement] INFO  server.RaftServerConfigKeys (ConfUtils.java:logGet(62)) - raft.server.log.appender.buffer.byte-limit = 33554432 (custom)
2025-10-10 10:37:47,071 [bb95c33f-a3cb-4bbe-957e-8163c1fc1114-groupManagement] INFO  segmented.SegmentedRaftLogWorker (SegmentedRaftLogWorker.java:lambda$new$0(141)) - bb95c33f-a3cb-4bbe-957e-8163c1fc1114@group-FF215623FAB7-SegmentedRaftLogWorker: flushIndex: setUnconditionally 0 -> -1
2025-10-10 10:37:47,071 [bb95c33f-a3cb-4bbe-957e-8163c1fc1114-groupManagement] INFO  segmented.SegmentedRaftLogWorker (SegmentedRaftLogWorker.java:lambda$new$0(141)) - bb95c33f-a3cb-4bbe-957e-8163c1fc1114@group-FF215623FAB7-SegmentedRaftLogWorker: safeCacheEvictIndex: setUnconditionally 0 -> -1
2025-10-10 10:37:47,072 [bb95c33f-a3cb-4bbe-957e-8163c1fc1114-groupManagement] INFO  server.RaftServer$Division (RaftServerImpl.java:start(405)) - bb95c33f-a3cb-4bbe-957e-8163c1fc1114@group-FF215623FAB7: start as a follower, conf=conf: {index: -1, cur=peers:[bb95c33f-a3cb-4bbe-957e-8163c1fc1114|127.0.0.1:15031]|listeners:[], old=null}
2025-10-10 10:37:47,072 [43369f36-6a0f-45ae-a8eb-f0d390948370-groupManagement] INFO  storage.RaftStorageDirectory (RaftStorageDirectoryImpl.java:tryLock(229)) - Lock on /home/runner/work/ozone/ozone/hadoop-ozone/integration-test/target/test-dir/MiniOzoneClusterImpl-611c99c7-d47b-4433-a4ef-cd0a35b076ef/ozone-metadata/datanode-1/ratis/c1a6ce75-0ec5-4b07-b27a-63acbe5f7eda/in_use.lock acquired by nodename 58401@localhost
2025-10-10 10:37:47,072 [bb95c33f-a3cb-4bbe-957e-8163c1fc1114-groupManagement] INFO  server.RaftServer$Division (RaftServerImpl.java:setRole(392)) - bb95c33f-a3cb-4bbe-957e-8163c1fc1114@group-FF215623FAB7: changes role from      null to FOLLOWER at term 0 for startAsFollower
2025-10-10 10:37:47,072 [bb95c33f-a3cb-4bbe-957e-8163c1fc1114-groupManagement] INFO  impl.RoleInfo (RoleInfo.java:updateAndGet(148)) - bb95c33f-a3cb-4bbe-957e-8163c1fc1114: start bb95c33f-a3cb-4bbe-957e-8163c1fc1114@group-FF215623FAB7-FollowerState
2025-10-10 10:37:47,073 [bb95c33f-a3cb-4bbe-957e-8163c1fc1114-groupManagement] INFO  util.JmxRegister (JmxRegister.java:tryRegister(44)) - Successfully registered JMX Bean with object name Ratis:service=RaftServer,group=group-FF215623FAB7,id=bb95c33f-a3cb-4bbe-957e-8163c1fc1114
2025-10-10 10:37:47,073 [bb95c33f-a3cb-4bbe-957e-8163c1fc1114-groupManagement] INFO  util.JmxRegister (JmxRegister.java:register(58)) - register mxBean class org.apache.ratis.server.impl.RaftServerJmxAdapter as Ratis:service=RaftServer,group=group-FF215623FAB7,id=bb95c33f-a3cb-4bbe-957e-8163c1fc1114
2025-10-10 10:37:47,073 [9ab71813-e86f-4276-8581-297fed06961e-groupManagement] INFO  storage.RaftStorageDirectory (RaftStorageDirectoryImpl.java:tryLock(229)) - Lock on /home/runner/work/ozone/ozone/hadoop-ozone/integration-test/target/test-dir/MiniOzoneClusterImpl-611c99c7-d47b-4433-a4ef-cd0a35b076ef/ozone-metadata/datanode-5/ratis/905307e5-fe9f-45a7-96e9-7fe9bf83969b/in_use.lock acquired by nodename 58401@localhost
2025-10-10 10:37:47,074 [9ab71813-e86f-4276-8581-297fed06961e-groupManagement] INFO  storage.RaftStorage (RaftStorageImpl.java:format(98)) - Storage directory /home/runner/work/ozone/ozone/hadoop-ozone/integration-test/target/test-dir/MiniOzoneClusterImpl-611c99c7-d47b-4433-a4ef-cd0a35b076ef/ozone-metadata/datanode-5/ratis/905307e5-fe9f-45a7-96e9-7fe9bf83969b has been successfully formatted.
2025-10-10 10:37:47,075 [9ab71813-e86f-4276-8581-297fed06961e-groupManagement] INFO  ratis.ContainerStateMachine (ContainerStateMachine.java:initialize(339)) - 9ab71813-e86f-4276-8581-297fed06961e: initialize group-7FE9BF83969B
2025-10-10 10:37:47,075 [9ab71813-e86f-4276-8581-297fed06961e-groupManagement] INFO  ratis.ContainerStateMachine (ContainerStateMachine.java:loadSnapshot(347)) - group-7FE9BF83969B: The snapshot info is null. Setting the last applied index to:<INITIAL_VALUE>
2025-10-10 10:37:47,075 [9ab71813-e86f-4276-8581-297fed06961e-groupManagement] INFO  server.RaftServerConfigKeys (ConfUtils.java:logGet(62)) - raft.server.log.appender.buffer.byte-limit = 33554432 (custom)
2025-10-10 10:37:47,075 [43369f36-6a0f-45ae-a8eb-f0d390948370-groupManagement] INFO  storage.RaftStorage (RaftStorageImpl.java:format(98)) - Storage directory /home/runner/work/ozone/ozone/hadoop-ozone/integration-test/target/test-dir/MiniOzoneClusterImpl-611c99c7-d47b-4433-a4ef-cd0a35b076ef/ozone-metadata/datanode-1/ratis/c1a6ce75-0ec5-4b07-b27a-63acbe5f7eda has been successfully formatted.
2025-10-10 10:37:47,075 [43369f36-6a0f-45ae-a8eb-f0d390948370-groupManagement] INFO  ratis.ContainerStateMachine (ContainerStateMachine.java:initialize(339)) - 43369f36-6a0f-45ae-a8eb-f0d390948370: initialize group-63ACBE5F7EDA
2025-10-10 10:37:47,076 [43369f36-6a0f-45ae-a8eb-f0d390948370-groupManagement] INFO  ratis.ContainerStateMachine (ContainerStateMachine.java:loadSnapshot(347)) - group-63ACBE5F7EDA: The snapshot info is null. Setting the last applied index to:<INITIAL_VALUE>
2025-10-10 10:37:47,076 [43369f36-6a0f-45ae-a8eb-f0d390948370-groupManagement] INFO  server.RaftServerConfigKeys (ConfUtils.java:logGet(62)) - raft.server.log.appender.buffer.byte-limit = 33554432 (custom)
2025-10-10 10:37:47,077 [bb95c33f-a3cb-4bbe-957e-8163c1fc1114-groupManagement] INFO  server.RaftServer$Division (RaftServerImpl.java:start(419)) - bb95c33f-a3cb-4bbe-957e-8163c1fc1114@group-FF215623FAB7: Successfully started.
2025-10-10 10:37:47,077 [bb95c33f-a3cb-4bbe-957e-8163c1fc1114-CreatePipelineCommandHandlerThread-0] INFO  ratis.XceiverServerRatis (XceiverServerRatis.java:addGroup(839)) - Created group Pipeline-383f4c41-c860-4c85-a7b1-ff215623fab7
2025-10-10 10:37:47,077 [bb95c33f-a3cb-4bbe-957e-8163c1fc1114-CreatePipelineCommandHandlerThread-0] INFO  commandhandler.CreatePipelineCommandHandler (CreatePipelineCommandHandler.java:lambda$handle$2(141)) - Created Pipeline RATIS ONE Pipeline-383f4c41-c860-4c85-a7b1-ff215623fab7.
2025-10-10 10:37:47,078 [bb95c33f-a3cb-4bbe-957e-8163c1fc1114-CreatePipelineCommandHandlerThread-0] INFO  server.RaftServer (RaftServerProxy.java:addNew(105)) - bb95c33f-a3cb-4bbe-957e-8163c1fc1114: addNew group-63ACBE5F7EDA:[bb95c33f-a3cb-4bbe-957e-8163c1fc1114|127.0.0.1:15031, 1a301c79-b9ef-44e0-a0ae-b339f61819a5|127.0.0.1:15023, 43369f36-6a0f-45ae-a8eb-f0d390948370|127.0.0.1:15015] returns group-63ACBE5F7EDA:java.util.concurrent.CompletableFuture@ab069a7[Not completed]
2025-10-10 10:37:47,079 [EventQueue-PipelineReportForOneReplicaPipelineSafeModeRule] INFO  safemode.SCMSafeModeManager (SCMSafeModeManager.java:validateSafeModeExitRules(138)) - AtleastOneDatanodeReportedRule rule is successfully validated
2025-10-10 10:37:47,080 [EventQueue-PipelineReportForOneReplicaPipelineSafeModeRule] INFO  safemode.SCMSafeModeManager (SCMSafeModeManager.java:validateSafeModeExitRules(138)) - AtleastOneDatanodeReportedRule rule is successfully validated
2025-10-10 10:37:47,081 [bb95c33f-a3cb-4bbe-957e-8163c1fc1114-groupManagement] INFO  server.RaftServer$Division (RaftServerImpl.java:<init>(268)) - bb95c33f-a3cb-4bbe-957e-8163c1fc1114: new RaftServerImpl for group-63ACBE5F7EDA:[bb95c33f-a3cb-4bbe-957e-8163c1fc1114|127.0.0.1:15031, 1a301c79-b9ef-44e0-a0ae-b339f61819a5|127.0.0.1:15023, 43369f36-6a0f-45ae-a8eb-f0d390948370|127.0.0.1:15015] with ContainerStateMachine:uninitialized
2025-10-10 10:37:47,082 [bb95c33f-a3cb-4bbe-957e-8163c1fc1114-groupManagement] INFO  server.RaftServer$Division (ServerState.java:<init>(114)) - bb95c33f-a3cb-4bbe-957e-8163c1fc1114@group-63ACBE5F7EDA: ConfigurationManager, init=conf: {index: -1, cur=peers:[bb95c33f-a3cb-4bbe-957e-8163c1fc1114|127.0.0.1:15031, 1a301c79-b9ef-44e0-a0ae-b339f61819a5|127.0.0.1:15023, 43369f36-6a0f-45ae-a8eb-f0d390948370|127.0.0.1:15015]|listeners:[], old=null}, confs=<EMPTY_MAP>
2025-10-10 10:37:47,102 [43369f36-6a0f-45ae-a8eb-f0d390948370-groupManagement] INFO  server.RaftServerConfigKeys (ConfUtils.java:logGet(62)) - raft.server.log.segment.size.max = 67108864 (custom)
2025-10-10 10:37:47,103 [9ab71813-e86f-4276-8581-297fed06961e-groupManagement] INFO  server.RaftServerConfigKeys (ConfUtils.java:logGet(62)) - raft.server.log.segment.size.max = 67108864 (custom)
2025-10-10 10:37:47,105 [43369f36-6a0f-45ae-a8eb-f0d390948370-groupManagement] INFO  server.RaftServerConfigKeys (ConfUtils.java:logGet(62)) - raft.server.log.appender.buffer.byte-limit = 33554432 (custom)
2025-10-10 10:37:47,106 [9ab71813-e86f-4276-8581-297fed06961e-groupManagement] INFO  server.RaftServerConfigKeys (ConfUtils.java:logGet(62)) - raft.server.log.appender.buffer.byte-limit = 33554432 (custom)
2025-10-10 10:37:47,106 [43369f36-6a0f-45ae-a8eb-f0d390948370-groupManagement] INFO  util.AwaitToRun (AwaitToRun.java:start(81)) - Thread[#1238,43369f36-6a0f-45ae-a8eb-f0d390948370@group-63ACBE5F7EDA-cacheEviction-AwaitToRun,5,main] started
2025-10-10 10:37:47,107 [43369f36-6a0f-45ae-a8eb-f0d390948370-groupManagement] INFO  segmented.SegmentedRaftLogWorker (SegmentedRaftLogWorker.java:<init>(190)) - new 43369f36-6a0f-45ae-a8eb-f0d390948370@group-63ACBE5F7EDA-SegmentedRaftLogWorker for RaftStorageImpl:Storage Directory /home/runner/work/ozone/ozone/hadoop-ozone/integration-test/target/test-dir/MiniOzoneClusterImpl-611c99c7-d47b-4433-a4ef-cd0a35b076ef/ozone-metadata/datanode-1/ratis/c1a6ce75-0ec5-4b07-b27a-63acbe5f7eda
2025-10-10 10:37:47,107 [43369f36-6a0f-45ae-a8eb-f0d390948370-groupManagement] INFO  server.RaftServerConfigKeys (ConfUtils.java:logGet(62)) - raft.server.log.queue.byte-limit = 4294967296 (custom)
2025-10-10 10:37:47,107 [43369f36-6a0f-45ae-a8eb-f0d390948370-groupManagement] INFO  server.RaftServerConfigKeys (ConfUtils.java:logGet(62)) - raft.server.log.segment.size.max = 67108864 (custom)
2025-10-10 10:37:47,107 [43369f36-6a0f-45ae-a8eb-f0d390948370-groupManagement] INFO  server.RaftServerConfigKeys (ConfUtils.java:logGet(62)) - raft.server.log.preallocated.size = 4194304 (custom)
2025-10-10 10:37:47,107 [9ab71813-e86f-4276-8581-297fed06961e-groupManagement] INFO  util.AwaitToRun (AwaitToRun.java:start(81)) - Thread[#1239,9ab71813-e86f-4276-8581-297fed06961e@group-7FE9BF83969B-cacheEviction-AwaitToRun,5,main] started
2025-10-10 10:37:47,108 [9ab71813-e86f-4276-8581-297fed06961e-groupManagement] INFO  segmented.SegmentedRaftLogWorker (SegmentedRaftLogWorker.java:<init>(190)) - new 9ab71813-e86f-4276-8581-297fed06961e@group-7FE9BF83969B-SegmentedRaftLogWorker for RaftStorageImpl:Storage Directory /home/runner/work/ozone/ozone/hadoop-ozone/integration-test/target/test-dir/MiniOzoneClusterImpl-611c99c7-d47b-4433-a4ef-cd0a35b076ef/ozone-metadata/datanode-5/ratis/905307e5-fe9f-45a7-96e9-7fe9bf83969b
2025-10-10 10:37:47,108 [9ab71813-e86f-4276-8581-297fed06961e-groupManagement] INFO  server.RaftServerConfigKeys (ConfUtils.java:logGet(62)) - raft.server.log.queue.byte-limit = 4294967296 (custom)
2025-10-10 10:37:47,108 [9ab71813-e86f-4276-8581-297fed06961e-groupManagement] INFO  server.RaftServerConfigKeys (ConfUtils.java:logGet(62)) - raft.server.log.segment.size.max = 67108864 (custom)
2025-10-10 10:37:47,108 [9ab71813-e86f-4276-8581-297fed06961e-groupManagement] INFO  server.RaftServerConfigKeys (ConfUtils.java:logGet(62)) - raft.server.log.preallocated.size = 4194304 (custom)
2025-10-10 10:37:47,111 [43369f36-6a0f-45ae-a8eb-f0d390948370-groupManagement] INFO  server.RaftServerConfigKeys (ConfUtils.java:logGet(62)) - raft.server.log.write.buffer.size = 33554440 (custom)
2025-10-10 10:37:47,113 [9ab71813-e86f-4276-8581-297fed06961e-groupManagement] INFO  server.RaftServerConfigKeys (ConfUtils.java:logGet(62)) - raft.server.log.write.buffer.size = 33554440 (custom)
2025-10-10 10:37:47,116 [bb95c33f-a3cb-4bbe-957e-8163c1fc1114-groupManagement] INFO  server.RaftServerConfigKeys (ConfUtils.java:logGet(62)) - raft.server.storage.dir = [/home/runner/work/ozone/ozone/hadoop-ozone/integration-test/target/test-dir/MiniOzoneClusterImpl-611c99c7-d47b-4433-a4ef-cd0a35b076ef/ozone-metadata/datanode-3/ratis] (custom)
2025-10-10 10:37:47,116 [bb95c33f-a3cb-4bbe-957e-8163c1fc1114-groupManagement] INFO  storage.RaftStorageDirectory (RaftStorageDirectoryImpl.java:analyzeStorage(138)) - The storage directory /home/runner/work/ozone/ozone/hadoop-ozone/integration-test/target/test-dir/MiniOzoneClusterImpl-611c99c7-d47b-4433-a4ef-cd0a35b076ef/ozone-metadata/datanode-3/ratis/c1a6ce75-0ec5-4b07-b27a-63acbe5f7eda does not exist. Creating ...
2025-10-10 10:37:47,116 [1a301c79-b9ef-44e0-a0ae-b339f61819a5-groupManagement] INFO  server.RaftServerConfigKeys (ConfUtils.java:logGet(62)) - raft.server.storage.dir = [/home/runner/work/ozone/ozone/hadoop-ozone/integration-test/target/test-dir/MiniOzoneClusterImpl-611c99c7-d47b-4433-a4ef-cd0a35b076ef/ozone-metadata/datanode-2/ratis] (custom)
2025-10-10 10:37:47,117 [1a301c79-b9ef-44e0-a0ae-b339f61819a5-groupManagement] INFO  storage.RaftStorageDirectory (RaftStorageDirectoryImpl.java:analyzeStorage(138)) - The storage directory /home/runner/work/ozone/ozone/hadoop-ozone/integration-test/target/test-dir/MiniOzoneClusterImpl-611c99c7-d47b-4433-a4ef-cd0a35b076ef/ozone-metadata/datanode-2/ratis/c1a6ce75-0ec5-4b07-b27a-63acbe5f7eda does not exist. Creating ...
2025-10-10 10:37:47,118 [1a301c79-b9ef-44e0-a0ae-b339f61819a5-groupManagement] INFO  storage.RaftStorageDirectory (RaftStorageDirectoryImpl.java:tryLock(229)) - Lock on /home/runner/work/ozone/ozone/hadoop-ozone/integration-test/target/test-dir/MiniOzoneClusterImpl-611c99c7-d47b-4433-a4ef-cd0a35b076ef/ozone-metadata/datanode-2/ratis/c1a6ce75-0ec5-4b07-b27a-63acbe5f7eda/in_use.lock acquired by nodename 58401@localhost
2025-10-10 10:37:47,121 [1a301c79-b9ef-44e0-a0ae-b339f61819a5-groupManagement] INFO  storage.RaftStorage (RaftStorageImpl.java:format(98)) - Storage directory /home/runner/work/ozone/ozone/hadoop-ozone/integration-test/target/test-dir/MiniOzoneClusterImpl-611c99c7-d47b-4433-a4ef-cd0a35b076ef/ozone-metadata/datanode-2/ratis/c1a6ce75-0ec5-4b07-b27a-63acbe5f7eda has been successfully formatted.
2025-10-10 10:37:47,121 [bb95c33f-a3cb-4bbe-957e-8163c1fc1114-groupManagement] INFO  storage.RaftStorageDirectory (RaftStorageDirectoryImpl.java:tryLock(229)) - Lock on /home/runner/work/ozone/ozone/hadoop-ozone/integration-test/target/test-dir/MiniOzoneClusterImpl-611c99c7-d47b-4433-a4ef-cd0a35b076ef/ozone-metadata/datanode-3/ratis/c1a6ce75-0ec5-4b07-b27a-63acbe5f7eda/in_use.lock acquired by nodename 58401@localhost
2025-10-10 10:37:47,121 [1a301c79-b9ef-44e0-a0ae-b339f61819a5-groupManagement] INFO  ratis.ContainerStateMachine (ContainerStateMachine.java:initialize(339)) - 1a301c79-b9ef-44e0-a0ae-b339f61819a5: initialize group-63ACBE5F7EDA
2025-10-10 10:37:47,122 [1a301c79-b9ef-44e0-a0ae-b339f61819a5-groupManagement] INFO  ratis.ContainerStateMachine (ContainerStateMachine.java:loadSnapshot(347)) - group-63ACBE5F7EDA: The snapshot info is null. Setting the last applied index to:<INITIAL_VALUE>
2025-10-10 10:37:47,122 [1a301c79-b9ef-44e0-a0ae-b339f61819a5-groupManagement] INFO  server.RaftServerConfigKeys (ConfUtils.java:logGet(62)) - raft.server.log.appender.buffer.byte-limit = 33554432 (custom)
2025-10-10 10:37:47,122 [43369f36-6a0f-45ae-a8eb-f0d390948370-groupManagement] INFO  server.RaftServerConfigKeys (ConfUtils.java:logGet(62)) - raft.server.log.appender.buffer.byte-limit = 33554432 (custom)
2025-10-10 10:37:47,124 [43369f36-6a0f-45ae-a8eb-f0d390948370-groupManagement] INFO  segmented.SegmentedRaftLogWorker (SegmentedRaftLogWorker.java:lambda$new$0(141)) - 43369f36-6a0f-45ae-a8eb-f0d390948370@group-63ACBE5F7EDA-SegmentedRaftLogWorker: flushIndex: setUnconditionally 0 -> -1
2025-10-10 10:37:47,124 [43369f36-6a0f-45ae-a8eb-f0d390948370-groupManagement] INFO  segmented.SegmentedRaftLogWorker (SegmentedRaftLogWorker.java:lambda$new$0(141)) - 43369f36-6a0f-45ae-a8eb-f0d390948370@group-63ACBE5F7EDA-SegmentedRaftLogWorker: safeCacheEvictIndex: setUnconditionally 0 -> -1
2025-10-10 10:37:47,124 [bb95c33f-a3cb-4bbe-957e-8163c1fc1114-groupManagement] INFO  storage.RaftStorage (RaftStorageImpl.java:format(98)) - Storage directory /home/runner/work/ozone/ozone/hadoop-ozone/integration-test/target/test-dir/MiniOzoneClusterImpl-611c99c7-d47b-4433-a4ef-cd0a35b076ef/ozone-metadata/datanode-3/ratis/c1a6ce75-0ec5-4b07-b27a-63acbe5f7eda has been successfully formatted.
2025-10-10 10:37:47,124 [bb95c33f-a3cb-4bbe-957e-8163c1fc1114-groupManagement] INFO  ratis.ContainerStateMachine (ContainerStateMachine.java:initialize(339)) - bb95c33f-a3cb-4bbe-957e-8163c1fc1114: initialize group-63ACBE5F7EDA
2025-10-10 10:37:47,125 [bb95c33f-a3cb-4bbe-957e-8163c1fc1114-groupManagement] INFO  ratis.ContainerStateMachine (ContainerStateMachine.java:loadSnapshot(347)) - group-63ACBE5F7EDA: The snapshot info is null. Setting the last applied index to:<INITIAL_VALUE>
2025-10-10 10:37:47,125 [bb95c33f-a3cb-4bbe-957e-8163c1fc1114-groupManagement] INFO  server.RaftServerConfigKeys (ConfUtils.java:logGet(62)) - raft.server.log.appender.buffer.byte-limit = 33554432 (custom)
2025-10-10 10:37:47,123 [9ab71813-e86f-4276-8581-297fed06961e-groupManagement] INFO  server.RaftServerConfigKeys (ConfUtils.java:logGet(62)) - raft.server.log.appender.buffer.byte-limit = 33554432 (custom)
2025-10-10 10:37:47,126 [9ab71813-e86f-4276-8581-297fed06961e-groupManagement] INFO  segmented.SegmentedRaftLogWorker (SegmentedRaftLogWorker.java:lambda$new$0(141)) - 9ab71813-e86f-4276-8581-297fed06961e@group-7FE9BF83969B-SegmentedRaftLogWorker: flushIndex: setUnconditionally 0 -> -1
2025-10-10 10:37:47,126 [9ab71813-e86f-4276-8581-297fed06961e-groupManagement] INFO  segmented.SegmentedRaftLogWorker (SegmentedRaftLogWorker.java:lambda$new$0(141)) - 9ab71813-e86f-4276-8581-297fed06961e@group-7FE9BF83969B-SegmentedRaftLogWorker: safeCacheEvictIndex: setUnconditionally 0 -> -1
2025-10-10 10:37:47,126 [43369f36-6a0f-45ae-a8eb-f0d390948370-groupManagement] INFO  server.RaftServer$Division (RaftServerImpl.java:start(405)) - 43369f36-6a0f-45ae-a8eb-f0d390948370@group-63ACBE5F7EDA: start as a follower, conf=conf: {index: -1, cur=peers:[bb95c33f-a3cb-4bbe-957e-8163c1fc1114|127.0.0.1:15031, 1a301c79-b9ef-44e0-a0ae-b339f61819a5|127.0.0.1:15023, 43369f36-6a0f-45ae-a8eb-f0d390948370|127.0.0.1:15015]|listeners:[], old=null}
2025-10-10 10:37:47,127 [43369f36-6a0f-45ae-a8eb-f0d390948370-groupManagement] INFO  server.RaftServer$Division (RaftServerImpl.java:setRole(392)) - 43369f36-6a0f-45ae-a8eb-f0d390948370@group-63ACBE5F7EDA: changes role from      null to FOLLOWER at term 0 for startAsFollower
2025-10-10 10:37:47,127 [EventQueue-PipelineReportForOneReplicaPipelineSafeModeRule] INFO  safemode.SCMSafeModeManager (SCMSafeModeManager.java:validateSafeModeExitRules(138)) - AtleastOneDatanodeReportedRule rule is successfully validated
2025-10-10 10:37:47,127 [9ab71813-e86f-4276-8581-297fed06961e-groupManagement] INFO  server.RaftServer$Division (RaftServerImpl.java:start(405)) - 9ab71813-e86f-4276-8581-297fed06961e@group-7FE9BF83969B: start as a follower, conf=conf: {index: -1, cur=peers:[9ab71813-e86f-4276-8581-297fed06961e|127.0.0.1:15047, ad892cb1-3002-4758-a303-de6f39da4dbc|127.0.0.1:15039, 22d9c8a1-4559-44b0-a4af-9630f79f1f05|127.0.0.1:15055]|listeners:[], old=null}
2025-10-10 10:37:47,128 [9ab71813-e86f-4276-8581-297fed06961e-groupManagement] INFO  server.RaftServer$Division (RaftServerImpl.java:setRole(392)) - 9ab71813-e86f-4276-8581-297fed06961e@group-7FE9BF83969B: changes role from      null to FOLLOWER at term 0 for startAsFollower
2025-10-10 10:37:47,128 [9ab71813-e86f-4276-8581-297fed06961e-groupManagement] INFO  impl.RoleInfo (RoleInfo.java:updateAndGet(148)) - 9ab71813-e86f-4276-8581-297fed06961e: start 9ab71813-e86f-4276-8581-297fed06961e@group-7FE9BF83969B-FollowerState
2025-10-10 10:37:47,128 [9ab71813-e86f-4276-8581-297fed06961e-groupManagement] INFO  util.JmxRegister (JmxRegister.java:tryRegister(44)) - Successfully registered JMX Bean with object name Ratis:service=RaftServer,group=group-7FE9BF83969B,id=9ab71813-e86f-4276-8581-297fed06961e
2025-10-10 10:37:47,128 [9ab71813-e86f-4276-8581-297fed06961e-groupManagement] INFO  util.JmxRegister (JmxRegister.java:register(58)) - register mxBean class org.apache.ratis.server.impl.RaftServerJmxAdapter as Ratis:service=RaftServer,group=group-7FE9BF83969B,id=9ab71813-e86f-4276-8581-297fed06961e
2025-10-10 10:37:47,127 [43369f36-6a0f-45ae-a8eb-f0d390948370-groupManagement] INFO  impl.RoleInfo (RoleInfo.java:updateAndGet(148)) - 43369f36-6a0f-45ae-a8eb-f0d390948370: start 43369f36-6a0f-45ae-a8eb-f0d390948370@group-63ACBE5F7EDA-FollowerState
2025-10-10 10:37:47,128 [EventQueue-PipelineReportForOneReplicaPipelineSafeModeRule] INFO  safemode.SCMSafeModeManager (SCMSafeModeManager.java:validateSafeModeExitRules(138)) - AtleastOneDatanodeReportedRule rule is successfully validated
2025-10-10 10:37:47,129 [43369f36-6a0f-45ae-a8eb-f0d390948370-groupManagement] INFO  util.JmxRegister (JmxRegister.java:tryRegister(44)) - Successfully registered JMX Bean with object name Ratis:service=RaftServer,group=group-63ACBE5F7EDA,id=43369f36-6a0f-45ae-a8eb-f0d390948370
2025-10-10 10:37:47,129 [43369f36-6a0f-45ae-a8eb-f0d390948370-groupManagement] INFO  util.JmxRegister (JmxRegister.java:register(58)) - register mxBean class org.apache.ratis.server.impl.RaftServerJmxAdapter as Ratis:service=RaftServer,group=group-63ACBE5F7EDA,id=43369f36-6a0f-45ae-a8eb-f0d390948370
2025-10-10 10:37:47,131 [9ab71813-e86f-4276-8581-297fed06961e-groupManagement] INFO  server.RaftServer$Division (RaftServerImpl.java:start(419)) - 9ab71813-e86f-4276-8581-297fed06961e@group-7FE9BF83969B: Successfully started.
2025-10-10 10:37:47,131 [1a301c79-b9ef-44e0-a0ae-b339f61819a5-groupManagement] INFO  server.RaftServerConfigKeys (ConfUtils.java:logGet(62)) - raft.server.log.segment.size.max = 67108864 (custom)
2025-10-10 10:37:47,132 [1a301c79-b9ef-44e0-a0ae-b339f61819a5-groupManagement] INFO  server.RaftServerConfigKeys (ConfUtils.java:logGet(62)) - raft.server.log.appender.buffer.byte-limit = 33554432 (custom)
2025-10-10 10:37:47,134 [bb95c33f-a3cb-4bbe-957e-8163c1fc1114-groupManagement] INFO  server.RaftServerConfigKeys (ConfUtils.java:logGet(62)) - raft.server.log.segment.size.max = 67108864 (custom)
2025-10-10 10:37:47,134 [1a301c79-b9ef-44e0-a0ae-b339f61819a5-groupManagement] INFO  util.AwaitToRun (AwaitToRun.java:start(81)) - Thread[#1246,1a301c79-b9ef-44e0-a0ae-b339f61819a5@group-63ACBE5F7EDA-cacheEviction-AwaitToRun,5,main] started
2025-10-10 10:37:47,134 [1a301c79-b9ef-44e0-a0ae-b339f61819a5-groupManagement] INFO  segmented.SegmentedRaftLogWorker (SegmentedRaftLogWorker.java:<init>(190)) - new 1a301c79-b9ef-44e0-a0ae-b339f61819a5@group-63ACBE5F7EDA-SegmentedRaftLogWorker for RaftStorageImpl:Storage Directory /home/runner/work/ozone/ozone/hadoop-ozone/integration-test/target/test-dir/MiniOzoneClusterImpl-611c99c7-d47b-4433-a4ef-cd0a35b076ef/ozone-metadata/datanode-2/ratis/c1a6ce75-0ec5-4b07-b27a-63acbe5f7eda
2025-10-10 10:37:47,134 [1a301c79-b9ef-44e0-a0ae-b339f61819a5-groupManagement] INFO  server.RaftServerConfigKeys (ConfUtils.java:logGet(62)) - raft.server.log.queue.byte-limit = 4294967296 (custom)
2025-10-10 10:37:47,134 [1a301c79-b9ef-44e0-a0ae-b339f61819a5-groupManagement] INFO  server.RaftServerConfigKeys (ConfUtils.java:logGet(62)) - raft.server.log.segment.size.max = 67108864 (custom)
2025-10-10 10:37:47,134 [1a301c79-b9ef-44e0-a0ae-b339f61819a5-groupManagement] INFO  server.RaftServerConfigKeys (ConfUtils.java:logGet(62)) - raft.server.log.preallocated.size = 4194304 (custom)
2025-10-10 10:37:47,134 [43369f36-6a0f-45ae-a8eb-f0d390948370-groupManagement] INFO  server.RaftServer$Division (RaftServerImpl.java:start(419)) - 43369f36-6a0f-45ae-a8eb-f0d390948370@group-63ACBE5F7EDA: Successfully started.
2025-10-10 10:37:47,135 [1a301c79-b9ef-44e0-a0ae-b339f61819a5-groupManagement] INFO  server.RaftServerConfigKeys (ConfUtils.java:logGet(62)) - raft.server.log.write.buffer.size = 33554440 (custom)
2025-10-10 10:37:47,135 [43369f36-6a0f-45ae-a8eb-f0d390948370-CreatePipelineCommandHandlerThread-0] INFO  ratis.XceiverServerRatis (XceiverServerRatis.java:addGroup(839)) - Created group Pipeline-c1a6ce75-0ec5-4b07-b27a-63acbe5f7eda
2025-10-10 10:37:47,135 [bb95c33f-a3cb-4bbe-957e-8163c1fc1114-groupManagement] INFO  server.RaftServerConfigKeys (ConfUtils.java:logGet(62)) - raft.server.log.appender.buffer.byte-limit = 33554432 (custom)
2025-10-10 10:37:47,137 [bb95c33f-a3cb-4bbe-957e-8163c1fc1114-groupManagement] INFO  util.AwaitToRun (AwaitToRun.java:start(81)) - Thread[#1247,bb95c33f-a3cb-4bbe-957e-8163c1fc1114@group-63ACBE5F7EDA-cacheEviction-AwaitToRun,5,main] started
2025-10-10 10:37:47,137 [bb95c33f-a3cb-4bbe-957e-8163c1fc1114-groupManagement] INFO  segmented.SegmentedRaftLogWorker (SegmentedRaftLogWorker.java:<init>(190)) - new bb95c33f-a3cb-4bbe-957e-8163c1fc1114@group-63ACBE5F7EDA-SegmentedRaftLogWorker for RaftStorageImpl:Storage Directory /home/runner/work/ozone/ozone/hadoop-ozone/integration-test/target/test-dir/MiniOzoneClusterImpl-611c99c7-d47b-4433-a4ef-cd0a35b076ef/ozone-metadata/datanode-3/ratis/c1a6ce75-0ec5-4b07-b27a-63acbe5f7eda
2025-10-10 10:37:47,137 [bb95c33f-a3cb-4bbe-957e-8163c1fc1114-groupManagement] INFO  server.RaftServerConfigKeys (ConfUtils.java:logGet(62)) - raft.server.log.queue.byte-limit = 4294967296 (custom)
2025-10-10 10:37:47,137 [bb95c33f-a3cb-4bbe-957e-8163c1fc1114-groupManagement] INFO  server.RaftServerConfigKeys (ConfUtils.java:logGet(62)) - raft.server.log.segment.size.max = 67108864 (custom)
2025-10-10 10:37:47,137 [bb95c33f-a3cb-4bbe-957e-8163c1fc1114-groupManagement] INFO  server.RaftServerConfigKeys (ConfUtils.java:logGet(62)) - raft.server.log.preallocated.size = 4194304 (custom)
2025-10-10 10:37:47,139 [bb95c33f-a3cb-4bbe-957e-8163c1fc1114-groupManagement] INFO  server.RaftServerConfigKeys (ConfUtils.java:logGet(62)) - raft.server.log.write.buffer.size = 33554440 (custom)
2025-10-10 10:37:47,144 [1a301c79-b9ef-44e0-a0ae-b339f61819a5-groupManagement] INFO  server.RaftServerConfigKeys (ConfUtils.java:logGet(62)) - raft.server.log.appender.buffer.byte-limit = 33554432 (custom)
2025-10-10 10:37:47,145 [1a301c79-b9ef-44e0-a0ae-b339f61819a5-groupManagement] INFO  segmented.SegmentedRaftLogWorker (SegmentedRaftLogWorker.java:lambda$new$0(141)) - 1a301c79-b9ef-44e0-a0ae-b339f61819a5@group-63ACBE5F7EDA-SegmentedRaftLogWorker: flushIndex: setUnconditionally 0 -> -1
2025-10-10 10:37:47,145 [1a301c79-b9ef-44e0-a0ae-b339f61819a5-groupManagement] INFO  segmented.SegmentedRaftLogWorker (SegmentedRaftLogWorker.java:lambda$new$0(141)) - 1a301c79-b9ef-44e0-a0ae-b339f61819a5@group-63ACBE5F7EDA-SegmentedRaftLogWorker: safeCacheEvictIndex: setUnconditionally 0 -> -1
2025-10-10 10:37:47,145 [22d9c8a1-4559-44b0-a4af-9630f79f1f05-CreatePipelineCommandHandlerThread-0] INFO  commandhandler.CreatePipelineCommandHandler (CreatePipelineCommandHandler.java:lambda$handle$2(141)) - Created Pipeline RATIS THREE Pipeline-905307e5-fe9f-45a7-96e9-7fe9bf83969b.
2025-10-10 10:37:47,146 [1a301c79-b9ef-44e0-a0ae-b339f61819a5-groupManagement] INFO  server.RaftServer$Division (RaftServerImpl.java:start(405)) - 1a301c79-b9ef-44e0-a0ae-b339f61819a5@group-63ACBE5F7EDA: start as a follower, conf=conf: {index: -1, cur=peers:[bb95c33f-a3cb-4bbe-957e-8163c1fc1114|127.0.0.1:15031, 1a301c79-b9ef-44e0-a0ae-b339f61819a5|127.0.0.1:15023, 43369f36-6a0f-45ae-a8eb-f0d390948370|127.0.0.1:15015]|listeners:[], old=null}
2025-10-10 10:37:47,146 [1a301c79-b9ef-44e0-a0ae-b339f61819a5-groupManagement] INFO  server.RaftServer$Division (RaftServerImpl.java:setRole(392)) - 1a301c79-b9ef-44e0-a0ae-b339f61819a5@group-63ACBE5F7EDA: changes role from      null to FOLLOWER at term 0 for startAsFollower
2025-10-10 10:37:47,146 [1a301c79-b9ef-44e0-a0ae-b339f61819a5-groupManagement] INFO  impl.RoleInfo (RoleInfo.java:updateAndGet(148)) - 1a301c79-b9ef-44e0-a0ae-b339f61819a5: start 1a301c79-b9ef-44e0-a0ae-b339f61819a5@group-63ACBE5F7EDA-FollowerState
2025-10-10 10:37:47,147 [22d9c8a1-4559-44b0-a4af-9630f79f1f05-CreatePipelineCommandHandlerThread-0] INFO  server.RaftServer (RaftServerProxy.java:addNew(105)) - 22d9c8a1-4559-44b0-a4af-9630f79f1f05: addNew group-4E13145AFCA4:[9ab71813-e86f-4276-8581-297fed06961e|127.0.0.1:15047, ad892cb1-3002-4758-a303-de6f39da4dbc|127.0.0.1:15039, 22d9c8a1-4559-44b0-a4af-9630f79f1f05|127.0.0.1:15055] returns group-4E13145AFCA4:java.util.concurrent.CompletableFuture@71aec5b5[Not completed]
2025-10-10 10:37:47,148 [1a301c79-b9ef-44e0-a0ae-b339f61819a5-groupManagement] INFO  util.JmxRegister (JmxRegister.java:tryRegister(44)) - Successfully registered JMX Bean with object name Ratis:service=RaftServer,group=group-63ACBE5F7EDA,id=1a301c79-b9ef-44e0-a0ae-b339f61819a5
2025-10-10 10:37:47,148 [1a301c79-b9ef-44e0-a0ae-b339f61819a5-groupManagement] INFO  util.JmxRegister (JmxRegister.java:register(58)) - register mxBean class org.apache.ratis.server.impl.RaftServerJmxAdapter as Ratis:service=RaftServer,group=group-63ACBE5F7EDA,id=1a301c79-b9ef-44e0-a0ae-b339f61819a5
2025-10-10 10:37:47,150 [22d9c8a1-4559-44b0-a4af-9630f79f1f05-groupManagement] INFO  server.RaftServer$Division (RaftServerImpl.java:<init>(268)) - 22d9c8a1-4559-44b0-a4af-9630f79f1f05: new RaftServerImpl for group-4E13145AFCA4:[9ab71813-e86f-4276-8581-297fed06961e|127.0.0.1:15047, ad892cb1-3002-4758-a303-de6f39da4dbc|127.0.0.1:15039, 22d9c8a1-4559-44b0-a4af-9630f79f1f05|127.0.0.1:15055] with ContainerStateMachine:uninitialized
2025-10-10 10:37:47,150 [22d9c8a1-4559-44b0-a4af-9630f79f1f05-groupManagement] INFO  server.RaftServer$Division (ServerState.java:<init>(114)) - 22d9c8a1-4559-44b0-a4af-9630f79f1f05@group-4E13145AFCA4: ConfigurationManager, init=conf: {index: -1, cur=peers:[9ab71813-e86f-4276-8581-297fed06961e|127.0.0.1:15047, ad892cb1-3002-4758-a303-de6f39da4dbc|127.0.0.1:15039, 22d9c8a1-4559-44b0-a4af-9630f79f1f05|127.0.0.1:15055]|listeners:[], old=null}, confs=<EMPTY_MAP>
2025-10-10 10:37:47,151 [bb95c33f-a3cb-4bbe-957e-8163c1fc1114-groupManagement] INFO  server.RaftServerConfigKeys (ConfUtils.java:logGet(62)) - raft.server.log.appender.buffer.byte-limit = 33554432 (custom)
2025-10-10 10:37:47,152 [bb95c33f-a3cb-4bbe-957e-8163c1fc1114-groupManagement] INFO  segmented.SegmentedRaftLogWorker (SegmentedRaftLogWorker.java:lambda$new$0(141)) - bb95c33f-a3cb-4bbe-957e-8163c1fc1114@group-63ACBE5F7EDA-SegmentedRaftLogWorker: flushIndex: setUnconditionally 0 -> -1
2025-10-10 10:37:47,152 [bb95c33f-a3cb-4bbe-957e-8163c1fc1114-groupManagement] INFO  segmented.SegmentedRaftLogWorker (SegmentedRaftLogWorker.java:lambda$new$0(141)) - bb95c33f-a3cb-4bbe-957e-8163c1fc1114@group-63ACBE5F7EDA-SegmentedRaftLogWorker: safeCacheEvictIndex: setUnconditionally 0 -> -1
2025-10-10 10:37:47,153 [bb95c33f-a3cb-4bbe-957e-8163c1fc1114-groupManagement] INFO  server.RaftServer$Division (RaftServerImpl.java:start(405)) - bb95c33f-a3cb-4bbe-957e-8163c1fc1114@group-63ACBE5F7EDA: start as a follower, conf=conf: {index: -1, cur=peers:[bb95c33f-a3cb-4bbe-957e-8163c1fc1114|127.0.0.1:15031, 1a301c79-b9ef-44e0-a0ae-b339f61819a5|127.0.0.1:15023, 43369f36-6a0f-45ae-a8eb-f0d390948370|127.0.0.1:15015]|listeners:[], old=null}
2025-10-10 10:37:47,153 [bb95c33f-a3cb-4bbe-957e-8163c1fc1114-groupManagement] INFO  server.RaftServer$Division (RaftServerImpl.java:setRole(392)) - bb95c33f-a3cb-4bbe-957e-8163c1fc1114@group-63ACBE5F7EDA: changes role from      null to FOLLOWER at term 0 for startAsFollower
2025-10-10 10:37:47,154 [bb95c33f-a3cb-4bbe-957e-8163c1fc1114-groupManagement] INFO  impl.RoleInfo (RoleInfo.java:updateAndGet(148)) - bb95c33f-a3cb-4bbe-957e-8163c1fc1114: start bb95c33f-a3cb-4bbe-957e-8163c1fc1114@group-63ACBE5F7EDA-FollowerState
2025-10-10 10:37:47,155 [1a301c79-b9ef-44e0-a0ae-b339f61819a5-groupManagement] INFO  server.RaftServer$Division (RaftServerImpl.java:start(419)) - 1a301c79-b9ef-44e0-a0ae-b339f61819a5@group-63ACBE5F7EDA: Successfully started.
2025-10-10 10:37:47,155 [1a301c79-b9ef-44e0-a0ae-b339f61819a5-CreatePipelineCommandHandlerThread-0] INFO  ratis.XceiverServerRatis (XceiverServerRatis.java:addGroup(839)) - Created group Pipeline-c1a6ce75-0ec5-4b07-b27a-63acbe5f7eda
2025-10-10 10:37:47,157 [grpc-default-executor-2] WARN  server.GrpcAdminProtocolService (GrpcAdminProtocolService.java:lambda$groupManagement$1(53)) - Failed groupManagement: GROUPADD, GroupManagementRequest:client-5B97ACF953AD->1a301c79-b9ef-44e0-a0ae-b339f61819a5@group-63ACBE5F7EDA, cid=7, seq=null, RW, null, Add:group-63ACBE5F7EDA:[bb95c33f-a3cb-4bbe-957e-8163c1fc1114|127.0.0.1:15031, 1a301c79-b9ef-44e0-a0ae-b339f61819a5|127.0.0.1:15023, 43369f36-6a0f-45ae-a8eb-f0d390948370|127.0.0.1:15015]
java.util.concurrent.CompletionException: org.apache.ratis.protocol.exceptions.AlreadyExistsException: 1a301c79-b9ef-44e0-a0ae-b339f61819a5: Failed to add group-63ACBE5F7EDA:[bb95c33f-a3cb-4bbe-957e-8163c1fc1114|127.0.0.1:15031, 1a301c79-b9ef-44e0-a0ae-b339f61819a5|127.0.0.1:15023, 43369f36-6a0f-45ae-a8eb-f0d390948370|127.0.0.1:15015] since the group already exists in the map.
	at java.base/java.util.concurrent.CompletableFuture.encodeThrowable(CompletableFuture.java:332)
	at java.base/java.util.concurrent.CompletableFuture.uniApplyNow(CompletableFuture.java:674)
	at java.base/java.util.concurrent.CompletableFuture.uniApplyStage(CompletableFuture.java:662)
	at java.base/java.util.concurrent.CompletableFuture.thenApplyAsync(CompletableFuture.java:2210)
	at org.apache.ratis.server.impl.RaftServerProxy.groupAddAsync(RaftServerProxy.java:513)
	at org.apache.ratis.server.impl.RaftServerProxy.groupManagementAsync(RaftServerProxy.java:495)
	at org.apache.ratis.grpc.server.GrpcAdminProtocolService.lambda$groupManagement$0(GrpcAdminProtocolService.java:51)
	at org.apache.ratis.grpc.GrpcUtil.asyncCall(GrpcUtil.java:172)
	at org.apache.ratis.grpc.server.GrpcAdminProtocolService.groupManagement(GrpcAdminProtocolService.java:51)
	at org.apache.ratis.proto.grpc.AdminProtocolServiceGrpc$MethodHandlers.invoke(AdminProtocolServiceGrpc.java:701)
	at org.apache.ratis.thirdparty.io.grpc.stub.ServerCalls$UnaryServerCallHandler$UnaryServerCallListener.onHalfClose(ServerCalls.java:182)
	at org.apache.ratis.thirdparty.io.grpc.internal.ServerCallImpl$ServerStreamListenerImpl.halfClosed(ServerCallImpl.java:356)
	at org.apache.ratis.thirdparty.io.grpc.internal.ServerImpl$JumpToApplicationThreadServerStreamListener$1HalfClosed.runInContext(ServerImpl.java:861)
	at org.apache.ratis.thirdparty.io.grpc.internal.ContextRunnable.run(ContextRunnable.java:37)
	at org.apache.ratis.thirdparty.io.grpc.internal.SerializingExecutor.run(SerializingExecutor.java:133)
	at java.base/java.util.concurrent.ThreadPoolExecutor.runWorker(ThreadPoolExecutor.java:1144)
	at java.base/java.util.concurrent.ThreadPoolExecutor$Worker.run(ThreadPoolExecutor.java:642)
	at java.base/java.lang.Thread.run(Thread.java:1583)
Caused by: org.apache.ratis.protocol.exceptions.AlreadyExistsException: 1a301c79-b9ef-44e0-a0ae-b339f61819a5: Failed to add group-63ACBE5F7EDA:[bb95c33f-a3cb-4bbe-957e-8163c1fc1114|127.0.0.1:15031, 1a301c79-b9ef-44e0-a0ae-b339f61819a5|127.0.0.1:15023, 43369f36-6a0f-45ae-a8eb-f0d390948370|127.0.0.1:15015] since the group already exists in the map.
	at org.apache.ratis.server.impl.RaftServerProxy$ImplMap.addNew(RaftServerProxy.java:99)
	at org.apache.ratis.server.impl.RaftServerProxy.groupAddAsync(RaftServerProxy.java:512)
	... 13 more
2025-10-10 10:37:47,160 [bb95c33f-a3cb-4bbe-957e-8163c1fc1114-groupManagement] INFO  util.JmxRegister (JmxRegister.java:tryRegister(44)) - Successfully registered JMX Bean with object name Ratis:service=RaftServer,group=group-63ACBE5F7EDA,id=bb95c33f-a3cb-4bbe-957e-8163c1fc1114
2025-10-10 10:37:47,160 [bb95c33f-a3cb-4bbe-957e-8163c1fc1114-groupManagement] INFO  util.JmxRegister (JmxRegister.java:register(58)) - register mxBean class org.apache.ratis.server.impl.RaftServerJmxAdapter as Ratis:service=RaftServer,group=group-63ACBE5F7EDA,id=bb95c33f-a3cb-4bbe-957e-8163c1fc1114
2025-10-10 10:37:47,163 [bb95c33f-a3cb-4bbe-957e-8163c1fc1114-groupManagement] INFO  server.RaftServer$Division (RaftServerImpl.java:start(419)) - bb95c33f-a3cb-4bbe-957e-8163c1fc1114@group-63ACBE5F7EDA: Successfully started.
2025-10-10 10:37:47,164 [bb95c33f-a3cb-4bbe-957e-8163c1fc1114-CreatePipelineCommandHandlerThread-0] INFO  ratis.XceiverServerRatis (XceiverServerRatis.java:addGroup(839)) - Created group Pipeline-c1a6ce75-0ec5-4b07-b27a-63acbe5f7eda
2025-10-10 10:37:47,167 [22d9c8a1-4559-44b0-a4af-9630f79f1f05-groupManagement] INFO  server.RaftServerConfigKeys (ConfUtils.java:logGet(62)) - raft.server.storage.dir = [/home/runner/work/ozone/ozone/hadoop-ozone/integration-test/target/test-dir/MiniOzoneClusterImpl-611c99c7-d47b-4433-a4ef-cd0a35b076ef/ozone-metadata/datanode-6/ratis] (custom)
2025-10-10 10:37:47,168 [22d9c8a1-4559-44b0-a4af-9630f79f1f05-groupManagement] INFO  storage.RaftStorageDirectory (RaftStorageDirectoryImpl.java:analyzeStorage(138)) - The storage directory /home/runner/work/ozone/ozone/hadoop-ozone/integration-test/target/test-dir/MiniOzoneClusterImpl-611c99c7-d47b-4433-a4ef-cd0a35b076ef/ozone-metadata/datanode-6/ratis/646a14ee-6b5e-4675-bb4e-4e13145afca4 does not exist. Creating ...
2025-10-10 10:37:47,171 [22d9c8a1-4559-44b0-a4af-9630f79f1f05-groupManagement] INFO  storage.RaftStorageDirectory (RaftStorageDirectoryImpl.java:tryLock(229)) - Lock on /home/runner/work/ozone/ozone/hadoop-ozone/integration-test/target/test-dir/MiniOzoneClusterImpl-611c99c7-d47b-4433-a4ef-cd0a35b076ef/ozone-metadata/datanode-6/ratis/646a14ee-6b5e-4675-bb4e-4e13145afca4/in_use.lock acquired by nodename 58401@localhost
2025-10-10 10:37:47,175 [22d9c8a1-4559-44b0-a4af-9630f79f1f05-groupManagement] INFO  storage.RaftStorage (RaftStorageImpl.java:format(98)) - Storage directory /home/runner/work/ozone/ozone/hadoop-ozone/integration-test/target/test-dir/MiniOzoneClusterImpl-611c99c7-d47b-4433-a4ef-cd0a35b076ef/ozone-metadata/datanode-6/ratis/646a14ee-6b5e-4675-bb4e-4e13145afca4 has been successfully formatted.
2025-10-10 10:37:47,175 [22d9c8a1-4559-44b0-a4af-9630f79f1f05-groupManagement] INFO  ratis.ContainerStateMachine (ContainerStateMachine.java:initialize(339)) - 22d9c8a1-4559-44b0-a4af-9630f79f1f05: initialize group-4E13145AFCA4
2025-10-10 10:37:47,176 [22d9c8a1-4559-44b0-a4af-9630f79f1f05-groupManagement] INFO  ratis.ContainerStateMachine (ContainerStateMachine.java:loadSnapshot(347)) - group-4E13145AFCA4: The snapshot info is null. Setting the last applied index to:<INITIAL_VALUE>
2025-10-10 10:37:47,177 [22d9c8a1-4559-44b0-a4af-9630f79f1f05-groupManagement] INFO  server.RaftServerConfigKeys (ConfUtils.java:logGet(62)) - raft.server.log.appender.buffer.byte-limit = 33554432 (custom)
2025-10-10 10:37:47,177 [grpc-default-executor-2] WARN  server.GrpcAdminProtocolService (GrpcAdminProtocolService.java:lambda$groupManagement$1(53)) - Failed groupManagement: GROUPADD, GroupManagementRequest:client-32A4022EEBD9->43369f36-6a0f-45ae-a8eb-f0d390948370@group-63ACBE5F7EDA, cid=8, seq=null, RW, null, Add:group-63ACBE5F7EDA:[bb95c33f-a3cb-4bbe-957e-8163c1fc1114|127.0.0.1:15031, 1a301c79-b9ef-44e0-a0ae-b339f61819a5|127.0.0.1:15023, 43369f36-6a0f-45ae-a8eb-f0d390948370|127.0.0.1:15015]
java.util.concurrent.CompletionException: org.apache.ratis.protocol.exceptions.AlreadyExistsException: 43369f36-6a0f-45ae-a8eb-f0d390948370: Failed to add group-63ACBE5F7EDA:[bb95c33f-a3cb-4bbe-957e-8163c1fc1114|127.0.0.1:15031, 1a301c79-b9ef-44e0-a0ae-b339f61819a5|127.0.0.1:15023, 43369f36-6a0f-45ae-a8eb-f0d390948370|127.0.0.1:15015] since the group already exists in the map.
	at java.base/java.util.concurrent.CompletableFuture.encodeThrowable(CompletableFuture.java:332)
	at java.base/java.util.concurrent.CompletableFuture.uniApplyNow(CompletableFuture.java:674)
	at java.base/java.util.concurrent.CompletableFuture.uniApplyStage(CompletableFuture.java:662)
	at java.base/java.util.concurrent.CompletableFuture.thenApplyAsync(CompletableFuture.java:2210)
	at org.apache.ratis.server.impl.RaftServerProxy.groupAddAsync(RaftServerProxy.java:513)
	at org.apache.ratis.server.impl.RaftServerProxy.groupManagementAsync(RaftServerProxy.java:495)
	at org.apache.ratis.grpc.server.GrpcAdminProtocolService.lambda$groupManagement$0(GrpcAdminProtocolService.java:51)
	at org.apache.ratis.grpc.GrpcUtil.asyncCall(GrpcUtil.java:172)
	at org.apache.ratis.grpc.server.GrpcAdminProtocolService.groupManagement(GrpcAdminProtocolService.java:51)
	at org.apache.ratis.proto.grpc.AdminProtocolServiceGrpc$MethodHandlers.invoke(AdminProtocolServiceGrpc.java:701)
	at org.apache.ratis.thirdparty.io.grpc.stub.ServerCalls$UnaryServerCallHandler$UnaryServerCallListener.onHalfClose(ServerCalls.java:182)
	at org.apache.ratis.thirdparty.io.grpc.internal.ServerCallImpl$ServerStreamListenerImpl.halfClosed(ServerCallImpl.java:356)
	at org.apache.ratis.thirdparty.io.grpc.internal.ServerImpl$JumpToApplicationThreadServerStreamListener$1HalfClosed.runInContext(ServerImpl.java:861)
	at org.apache.ratis.thirdparty.io.grpc.internal.ContextRunnable.run(ContextRunnable.java:37)
	at org.apache.ratis.thirdparty.io.grpc.internal.SerializingExecutor.run(SerializingExecutor.java:133)
	at java.base/java.util.concurrent.ThreadPoolExecutor.runWorker(ThreadPoolExecutor.java:1144)
	at java.base/java.util.concurrent.ThreadPoolExecutor$Worker.run(ThreadPoolExecutor.java:642)
	at java.base/java.lang.Thread.run(Thread.java:1583)
Caused by: org.apache.ratis.protocol.exceptions.AlreadyExistsException: 43369f36-6a0f-45ae-a8eb-f0d390948370: Failed to add group-63ACBE5F7EDA:[bb95c33f-a3cb-4bbe-957e-8163c1fc1114|127.0.0.1:15031, 1a301c79-b9ef-44e0-a0ae-b339f61819a5|127.0.0.1:15023, 43369f36-6a0f-45ae-a8eb-f0d390948370|127.0.0.1:15015] since the group already exists in the map.
	at org.apache.ratis.server.impl.RaftServerProxy$ImplMap.addNew(RaftServerProxy.java:99)
	at org.apache.ratis.server.impl.RaftServerProxy.groupAddAsync(RaftServerProxy.java:512)
	... 13 more
2025-10-10 10:37:47,178 [EventQueue-PipelineReportForOneReplicaPipelineSafeModeRule] INFO  safemode.SCMSafeModeManager (SCMSafeModeManager.java:validateSafeModeExitRules(138)) - AtleastOneDatanodeReportedRule rule is successfully validated
2025-10-10 10:37:47,180 [grpc-default-executor-1] WARN  server.GrpcAdminProtocolService (GrpcAdminProtocolService.java:lambda$groupManagement$1(53)) - Failed groupManagement: GROUPADD, GroupManagementRequest:client-ADC944455A8D->43369f36-6a0f-45ae-a8eb-f0d390948370@group-63ACBE5F7EDA, cid=9, seq=null, RW, null, Add:group-63ACBE5F7EDA:[bb95c33f-a3cb-4bbe-957e-8163c1fc1114|127.0.0.1:15031, 1a301c79-b9ef-44e0-a0ae-b339f61819a5|127.0.0.1:15023, 43369f36-6a0f-45ae-a8eb-f0d390948370|127.0.0.1:15015]
java.util.concurrent.CompletionException: org.apache.ratis.protocol.exceptions.AlreadyExistsException: 43369f36-6a0f-45ae-a8eb-f0d390948370: Failed to add group-63ACBE5F7EDA:[bb95c33f-a3cb-4bbe-957e-8163c1fc1114|127.0.0.1:15031, 1a301c79-b9ef-44e0-a0ae-b339f61819a5|127.0.0.1:15023, 43369f36-6a0f-45ae-a8eb-f0d390948370|127.0.0.1:15015] since the group already exists in the map.
	at java.base/java.util.concurrent.CompletableFuture.encodeThrowable(CompletableFuture.java:332)
	at java.base/java.util.concurrent.CompletableFuture.uniApplyNow(CompletableFuture.java:674)
	at java.base/java.util.concurrent.CompletableFuture.uniApplyStage(CompletableFuture.java:662)
	at java.base/java.util.concurrent.CompletableFuture.thenApplyAsync(CompletableFuture.java:2210)
	at org.apache.ratis.server.impl.RaftServerProxy.groupAddAsync(RaftServerProxy.java:513)
	at org.apache.ratis.server.impl.RaftServerProxy.groupManagementAsync(RaftServerProxy.java:495)
	at org.apache.ratis.grpc.server.GrpcAdminProtocolService.lambda$groupManagement$0(GrpcAdminProtocolService.java:51)
	at org.apache.ratis.grpc.GrpcUtil.asyncCall(GrpcUtil.java:172)
	at org.apache.ratis.grpc.server.GrpcAdminProtocolService.groupManagement(GrpcAdminProtocolService.java:51)
	at org.apache.ratis.proto.grpc.AdminProtocolServiceGrpc$MethodHandlers.invoke(AdminProtocolServiceGrpc.java:701)
	at org.apache.ratis.thirdparty.io.grpc.stub.ServerCalls$UnaryServerCallHandler$UnaryServerCallListener.onHalfClose(ServerCalls.java:182)
	at org.apache.ratis.thirdparty.io.grpc.internal.ServerCallImpl$ServerStreamListenerImpl.halfClosed(ServerCallImpl.java:356)
	at org.apache.ratis.thirdparty.io.grpc.internal.ServerImpl$JumpToApplicationThreadServerStreamListener$1HalfClosed.runInContext(ServerImpl.java:861)
	at org.apache.ratis.thirdparty.io.grpc.internal.ContextRunnable.run(ContextRunnable.java:37)
	at org.apache.ratis.thirdparty.io.grpc.internal.SerializingExecutor.run(SerializingExecutor.java:133)
	at java.base/java.util.concurrent.ThreadPoolExecutor.runWorker(ThreadPoolExecutor.java:1144)
	at java.base/java.util.concurrent.ThreadPoolExecutor$Worker.run(ThreadPoolExecutor.java:642)
	at java.base/java.lang.Thread.run(Thread.java:1583)
Caused by: org.apache.ratis.protocol.exceptions.AlreadyExistsException: 43369f36-6a0f-45ae-a8eb-f0d390948370: Failed to add group-63ACBE5F7EDA:[bb95c33f-a3cb-4bbe-957e-8163c1fc1114|127.0.0.1:15031, 1a301c79-b9ef-44e0-a0ae-b339f61819a5|127.0.0.1:15023, 43369f36-6a0f-45ae-a8eb-f0d390948370|127.0.0.1:15015] since the group already exists in the map.
	at org.apache.ratis.server.impl.RaftServerProxy$ImplMap.addNew(RaftServerProxy.java:99)
	at org.apache.ratis.server.impl.RaftServerProxy.groupAddAsync(RaftServerProxy.java:512)
	... 13 more
2025-10-10 10:37:47,182 [22d9c8a1-4559-44b0-a4af-9630f79f1f05-groupManagement] INFO  server.RaftServerConfigKeys (ConfUtils.java:logGet(62)) - raft.server.log.segment.size.max = 67108864 (custom)
2025-10-10 10:37:47,184 [22d9c8a1-4559-44b0-a4af-9630f79f1f05-groupManagement] INFO  server.RaftServerConfigKeys (ConfUtils.java:logGet(62)) - raft.server.log.appender.buffer.byte-limit = 33554432 (custom)
2025-10-10 10:37:47,185 [22d9c8a1-4559-44b0-a4af-9630f79f1f05-groupManagement] INFO  util.AwaitToRun (AwaitToRun.java:start(81)) - Thread[#1260,22d9c8a1-4559-44b0-a4af-9630f79f1f05@group-4E13145AFCA4-cacheEviction-AwaitToRun,5,main] started
2025-10-10 10:37:47,185 [22d9c8a1-4559-44b0-a4af-9630f79f1f05-groupManagement] INFO  segmented.SegmentedRaftLogWorker (SegmentedRaftLogWorker.java:<init>(190)) - new 22d9c8a1-4559-44b0-a4af-9630f79f1f05@group-4E13145AFCA4-SegmentedRaftLogWorker for RaftStorageImpl:Storage Directory /home/runner/work/ozone/ozone/hadoop-ozone/integration-test/target/test-dir/MiniOzoneClusterImpl-611c99c7-d47b-4433-a4ef-cd0a35b076ef/ozone-metadata/datanode-6/ratis/646a14ee-6b5e-4675-bb4e-4e13145afca4
2025-10-10 10:37:47,185 [22d9c8a1-4559-44b0-a4af-9630f79f1f05-groupManagement] INFO  server.RaftServerConfigKeys (ConfUtils.java:logGet(62)) - raft.server.log.queue.byte-limit = 4294967296 (custom)
2025-10-10 10:37:47,185 [22d9c8a1-4559-44b0-a4af-9630f79f1f05-groupManagement] INFO  server.RaftServerConfigKeys (ConfUtils.java:logGet(62)) - raft.server.log.segment.size.max = 67108864 (custom)
2025-10-10 10:37:47,185 [22d9c8a1-4559-44b0-a4af-9630f79f1f05-groupManagement] INFO  server.RaftServerConfigKeys (ConfUtils.java:logGet(62)) - raft.server.log.preallocated.size = 4194304 (custom)
2025-10-10 10:37:47,186 [22d9c8a1-4559-44b0-a4af-9630f79f1f05-groupManagement] INFO  server.RaftServerConfigKeys (ConfUtils.java:logGet(62)) - raft.server.log.write.buffer.size = 33554440 (custom)
2025-10-10 10:37:47,195 [22d9c8a1-4559-44b0-a4af-9630f79f1f05-groupManagement] INFO  server.RaftServerConfigKeys (ConfUtils.java:logGet(62)) - raft.server.log.appender.buffer.byte-limit = 33554432 (custom)
2025-10-10 10:37:47,195 [22d9c8a1-4559-44b0-a4af-9630f79f1f05-groupManagement] INFO  segmented.SegmentedRaftLogWorker (SegmentedRaftLogWorker.java:lambda$new$0(141)) - 22d9c8a1-4559-44b0-a4af-9630f79f1f05@group-4E13145AFCA4-SegmentedRaftLogWorker: flushIndex: setUnconditionally 0 -> -1
2025-10-10 10:37:47,199 [22d9c8a1-4559-44b0-a4af-9630f79f1f05-groupManagement] INFO  segmented.SegmentedRaftLogWorker (SegmentedRaftLogWorker.java:lambda$new$0(141)) - 22d9c8a1-4559-44b0-a4af-9630f79f1f05@group-4E13145AFCA4-SegmentedRaftLogWorker: safeCacheEvictIndex: setUnconditionally 0 -> -1
2025-10-10 10:37:47,200 [22d9c8a1-4559-44b0-a4af-9630f79f1f05-groupManagement] INFO  server.RaftServer$Division (RaftServerImpl.java:start(405)) - 22d9c8a1-4559-44b0-a4af-9630f79f1f05@group-4E13145AFCA4: start as a follower, conf=conf: {index: -1, cur=peers:[9ab71813-e86f-4276-8581-297fed06961e|127.0.0.1:15047, ad892cb1-3002-4758-a303-de6f39da4dbc|127.0.0.1:15039, 22d9c8a1-4559-44b0-a4af-9630f79f1f05|127.0.0.1:15055]|listeners:[], old=null}
2025-10-10 10:37:47,200 [22d9c8a1-4559-44b0-a4af-9630f79f1f05-groupManagement] INFO  server.RaftServer$Division (RaftServerImpl.java:setRole(392)) - 22d9c8a1-4559-44b0-a4af-9630f79f1f05@group-4E13145AFCA4: changes role from      null to FOLLOWER at term 0 for startAsFollower
2025-10-10 10:37:47,200 [22d9c8a1-4559-44b0-a4af-9630f79f1f05-groupManagement] INFO  impl.RoleInfo (RoleInfo.java:updateAndGet(148)) - 22d9c8a1-4559-44b0-a4af-9630f79f1f05: start 22d9c8a1-4559-44b0-a4af-9630f79f1f05@group-4E13145AFCA4-FollowerState
2025-10-10 10:37:47,200 [grpc-default-executor-2] WARN  server.GrpcAdminProtocolService (GrpcAdminProtocolService.java:lambda$groupManagement$1(53)) - Failed groupManagement: GROUPADD, GroupManagementRequest:client-6CCF63322865->bb95c33f-a3cb-4bbe-957e-8163c1fc1114@group-63ACBE5F7EDA, cid=10, seq=null, RW, null, Add:group-63ACBE5F7EDA:[bb95c33f-a3cb-4bbe-957e-8163c1fc1114|127.0.0.1:15031, 1a301c79-b9ef-44e0-a0ae-b339f61819a5|127.0.0.1:15023, 43369f36-6a0f-45ae-a8eb-f0d390948370|127.0.0.1:15015]
java.util.concurrent.CompletionException: org.apache.ratis.protocol.exceptions.AlreadyExistsException: bb95c33f-a3cb-4bbe-957e-8163c1fc1114: Failed to add group-63ACBE5F7EDA:[bb95c33f-a3cb-4bbe-957e-8163c1fc1114|127.0.0.1:15031, 1a301c79-b9ef-44e0-a0ae-b339f61819a5|127.0.0.1:15023, 43369f36-6a0f-45ae-a8eb-f0d390948370|127.0.0.1:15015] since the group already exists in the map.
	at java.base/java.util.concurrent.CompletableFuture.encodeThrowable(CompletableFuture.java:332)
	at java.base/java.util.concurrent.CompletableFuture.uniApplyNow(CompletableFuture.java:674)
	at java.base/java.util.concurrent.CompletableFuture.uniApplyStage(CompletableFuture.java:662)
	at java.base/java.util.concurrent.CompletableFuture.thenApplyAsync(CompletableFuture.java:2210)
	at org.apache.ratis.server.impl.RaftServerProxy.groupAddAsync(RaftServerProxy.java:513)
	at org.apache.ratis.server.impl.RaftServerProxy.groupManagementAsync(RaftServerProxy.java:495)
	at org.apache.ratis.grpc.server.GrpcAdminProtocolService.lambda$groupManagement$0(GrpcAdminProtocolService.java:51)
	at org.apache.ratis.grpc.GrpcUtil.asyncCall(GrpcUtil.java:172)
	at org.apache.ratis.grpc.server.GrpcAdminProtocolService.groupManagement(GrpcAdminProtocolService.java:51)
	at org.apache.ratis.proto.grpc.AdminProtocolServiceGrpc$MethodHandlers.invoke(AdminProtocolServiceGrpc.java:701)
	at org.apache.ratis.thirdparty.io.grpc.stub.ServerCalls$UnaryServerCallHandler$UnaryServerCallListener.onHalfClose(ServerCalls.java:182)
	at org.apache.ratis.thirdparty.io.grpc.internal.ServerCallImpl$ServerStreamListenerImpl.halfClosed(ServerCallImpl.java:356)
	at org.apache.ratis.thirdparty.io.grpc.internal.ServerImpl$JumpToApplicationThreadServerStreamListener$1HalfClosed.runInContext(ServerImpl.java:861)
	at org.apache.ratis.thirdparty.io.grpc.internal.ContextRunnable.run(ContextRunnable.java:37)
	at org.apache.ratis.thirdparty.io.grpc.internal.SerializingExecutor.run(SerializingExecutor.java:133)
	at java.base/java.util.concurrent.ThreadPoolExecutor.runWorker(ThreadPoolExecutor.java:1144)
	at java.base/java.util.concurrent.ThreadPoolExecutor$Worker.run(ThreadPoolExecutor.java:642)
	at java.base/java.lang.Thread.run(Thread.java:1583)
Caused by: org.apache.ratis.protocol.exceptions.AlreadyExistsException: bb95c33f-a3cb-4bbe-957e-8163c1fc1114: Failed to add group-63ACBE5F7EDA:[bb95c33f-a3cb-4bbe-957e-8163c1fc1114|127.0.0.1:15031, 1a301c79-b9ef-44e0-a0ae-b339f61819a5|127.0.0.1:15023, 43369f36-6a0f-45ae-a8eb-f0d390948370|127.0.0.1:15015] since the group already exists in the map.
	at org.apache.ratis.server.impl.RaftServerProxy$ImplMap.addNew(RaftServerProxy.java:99)
	at org.apache.ratis.server.impl.RaftServerProxy.groupAddAsync(RaftServerProxy.java:512)
	... 13 more
2025-10-10 10:37:47,200 [22d9c8a1-4559-44b0-a4af-9630f79f1f05-groupManagement] INFO  util.JmxRegister (JmxRegister.java:tryRegister(44)) - Successfully registered JMX Bean with object name Ratis:service=RaftServer,group=group-4E13145AFCA4,id=22d9c8a1-4559-44b0-a4af-9630f79f1f05
2025-10-10 10:37:47,202 [22d9c8a1-4559-44b0-a4af-9630f79f1f05-groupManagement] INFO  util.JmxRegister (JmxRegister.java:register(58)) - register mxBean class org.apache.ratis.server.impl.RaftServerJmxAdapter as Ratis:service=RaftServer,group=group-4E13145AFCA4,id=22d9c8a1-4559-44b0-a4af-9630f79f1f05
2025-10-10 10:37:47,203 [22d9c8a1-4559-44b0-a4af-9630f79f1f05-groupManagement] INFO  server.RaftServer$Division (RaftServerImpl.java:start(419)) - 22d9c8a1-4559-44b0-a4af-9630f79f1f05@group-4E13145AFCA4: Successfully started.
2025-10-10 10:37:47,203 [22d9c8a1-4559-44b0-a4af-9630f79f1f05-CreatePipelineCommandHandlerThread-0] INFO  ratis.XceiverServerRatis (XceiverServerRatis.java:addGroup(839)) - Created group Pipeline-646a14ee-6b5e-4675-bb4e-4e13145afca4
2025-10-10 10:37:47,215 [grpc-default-executor-1] WARN  server.GrpcAdminProtocolService (GrpcAdminProtocolService.java:lambda$groupManagement$1(53)) - Failed groupManagement: GROUPADD, GroupManagementRequest:client-56312E114DF5->1a301c79-b9ef-44e0-a0ae-b339f61819a5@group-63ACBE5F7EDA, cid=12, seq=null, RW, null, Add:group-63ACBE5F7EDA:[bb95c33f-a3cb-4bbe-957e-8163c1fc1114|127.0.0.1:15031, 1a301c79-b9ef-44e0-a0ae-b339f61819a5|127.0.0.1:15023, 43369f36-6a0f-45ae-a8eb-f0d390948370|127.0.0.1:15015]
java.util.concurrent.CompletionException: org.apache.ratis.protocol.exceptions.AlreadyExistsException: 1a301c79-b9ef-44e0-a0ae-b339f61819a5: Failed to add group-63ACBE5F7EDA:[bb95c33f-a3cb-4bbe-957e-8163c1fc1114|127.0.0.1:15031, 1a301c79-b9ef-44e0-a0ae-b339f61819a5|127.0.0.1:15023, 43369f36-6a0f-45ae-a8eb-f0d390948370|127.0.0.1:15015] since the group already exists in the map.
	at java.base/java.util.concurrent.CompletableFuture.encodeThrowable(CompletableFuture.java:332)
	at java.base/java.util.concurrent.CompletableFuture.uniApplyNow(CompletableFuture.java:674)
	at java.base/java.util.concurrent.CompletableFuture.uniApplyStage(CompletableFuture.java:662)
	at java.base/java.util.concurrent.CompletableFuture.thenApplyAsync(CompletableFuture.java:2210)
	at org.apache.ratis.server.impl.RaftServerProxy.groupAddAsync(RaftServerProxy.java:513)
	at org.apache.ratis.server.impl.RaftServerProxy.groupManagementAsync(RaftServerProxy.java:495)
	at org.apache.ratis.grpc.server.GrpcAdminProtocolService.lambda$groupManagement$0(GrpcAdminProtocolService.java:51)
	at org.apache.ratis.grpc.GrpcUtil.asyncCall(GrpcUtil.java:172)
	at org.apache.ratis.grpc.server.GrpcAdminProtocolService.groupManagement(GrpcAdminProtocolService.java:51)
	at org.apache.ratis.proto.grpc.AdminProtocolServiceGrpc$MethodHandlers.invoke(AdminProtocolServiceGrpc.java:701)
	at org.apache.ratis.thirdparty.io.grpc.stub.ServerCalls$UnaryServerCallHandler$UnaryServerCallListener.onHalfClose(ServerCalls.java:182)
	at org.apache.ratis.thirdparty.io.grpc.internal.ServerCallImpl$ServerStreamListenerImpl.halfClosed(ServerCallImpl.java:356)
	at org.apache.ratis.thirdparty.io.grpc.internal.ServerImpl$JumpToApplicationThreadServerStreamListener$1HalfClosed.runInContext(ServerImpl.java:861)
	at org.apache.ratis.thirdparty.io.grpc.internal.ContextRunnable.run(ContextRunnable.java:37)
	at org.apache.ratis.thirdparty.io.grpc.internal.SerializingExecutor.run(SerializingExecutor.java:133)
	at java.base/java.util.concurrent.ThreadPoolExecutor.runWorker(ThreadPoolExecutor.java:1144)
	at java.base/java.util.concurrent.ThreadPoolExecutor$Worker.run(ThreadPoolExecutor.java:642)
	at java.base/java.lang.Thread.run(Thread.java:1583)
Caused by: org.apache.ratis.protocol.exceptions.AlreadyExistsException: 1a301c79-b9ef-44e0-a0ae-b339f61819a5: Failed to add group-63ACBE5F7EDA:[bb95c33f-a3cb-4bbe-957e-8163c1fc1114|127.0.0.1:15031, 1a301c79-b9ef-44e0-a0ae-b339f61819a5|127.0.0.1:15023, 43369f36-6a0f-45ae-a8eb-f0d390948370|127.0.0.1:15015] since the group already exists in the map.
	at org.apache.ratis.server.impl.RaftServerProxy$ImplMap.addNew(RaftServerProxy.java:99)
	at org.apache.ratis.server.impl.RaftServerProxy.groupAddAsync(RaftServerProxy.java:512)
	... 13 more
2025-10-10 10:37:47,217 [43369f36-6a0f-45ae-a8eb-f0d390948370-CreatePipelineCommandHandlerThread-0] INFO  commandhandler.CreatePipelineCommandHandler (CreatePipelineCommandHandler.java:lambda$handle$2(141)) - Created Pipeline RATIS THREE Pipeline-c1a6ce75-0ec5-4b07-b27a-63acbe5f7eda.
2025-10-10 10:37:47,221 [grpc-default-executor-1] INFO  server.RaftServer (RaftServerProxy.java:addNew(105)) - ad892cb1-3002-4758-a303-de6f39da4dbc: addNew group-4E13145AFCA4:[9ab71813-e86f-4276-8581-297fed06961e|127.0.0.1:15047, ad892cb1-3002-4758-a303-de6f39da4dbc|127.0.0.1:15039, 22d9c8a1-4559-44b0-a4af-9630f79f1f05|127.0.0.1:15055] returns group-4E13145AFCA4:java.util.concurrent.CompletableFuture@6c549552[Not completed]
2025-10-10 10:37:47,221 [grpc-default-executor-2] WARN  server.GrpcAdminProtocolService (GrpcAdminProtocolService.java:lambda$groupManagement$1(53)) - Failed groupManagement: GROUPADD, GroupManagementRequest:client-CE2505F3E91F->bb95c33f-a3cb-4bbe-957e-8163c1fc1114@group-63ACBE5F7EDA, cid=11, seq=null, RW, null, Add:group-63ACBE5F7EDA:[bb95c33f-a3cb-4bbe-957e-8163c1fc1114|127.0.0.1:15031, 1a301c79-b9ef-44e0-a0ae-b339f61819a5|127.0.0.1:15023, 43369f36-6a0f-45ae-a8eb-f0d390948370|127.0.0.1:15015]
java.util.concurrent.CompletionException: org.apache.ratis.protocol.exceptions.AlreadyExistsException: bb95c33f-a3cb-4bbe-957e-8163c1fc1114: Failed to add group-63ACBE5F7EDA:[bb95c33f-a3cb-4bbe-957e-8163c1fc1114|127.0.0.1:15031, 1a301c79-b9ef-44e0-a0ae-b339f61819a5|127.0.0.1:15023, 43369f36-6a0f-45ae-a8eb-f0d390948370|127.0.0.1:15015] since the group already exists in the map.
	at java.base/java.util.concurrent.CompletableFuture.encodeThrowable(CompletableFuture.java:332)
	at java.base/java.util.concurrent.CompletableFuture.uniApplyNow(CompletableFuture.java:674)
	at java.base/java.util.concurrent.CompletableFuture.uniApplyStage(CompletableFuture.java:662)
	at java.base/java.util.concurrent.CompletableFuture.thenApplyAsync(CompletableFuture.java:2210)
	at org.apache.ratis.server.impl.RaftServerProxy.groupAddAsync(RaftServerProxy.java:513)
	at org.apache.ratis.server.impl.RaftServerProxy.groupManagementAsync(RaftServerProxy.java:495)
	at org.apache.ratis.grpc.server.GrpcAdminProtocolService.lambda$groupManagement$0(GrpcAdminProtocolService.java:51)
	at org.apache.ratis.grpc.GrpcUtil.asyncCall(GrpcUtil.java:172)
	at org.apache.ratis.grpc.server.GrpcAdminProtocolService.groupManagement(GrpcAdminProtocolService.java:51)
	at org.apache.ratis.proto.grpc.AdminProtocolServiceGrpc$MethodHandlers.invoke(AdminProtocolServiceGrpc.java:701)
	at org.apache.ratis.thirdparty.io.grpc.stub.ServerCalls$UnaryServerCallHandler$UnaryServerCallListener.onHalfClose(ServerCalls.java:182)
	at org.apache.ratis.thirdparty.io.grpc.internal.ServerCallImpl$ServerStreamListenerImpl.halfClosed(ServerCallImpl.java:356)
	at org.apache.ratis.thirdparty.io.grpc.internal.ServerImpl$JumpToApplicationThreadServerStreamListener$1HalfClosed.runInContext(ServerImpl.java:861)
	at org.apache.ratis.thirdparty.io.grpc.internal.ContextRunnable.run(ContextRunnable.java:37)
	at org.apache.ratis.thirdparty.io.grpc.internal.SerializingExecutor.run(SerializingExecutor.java:133)
	at java.base/java.util.concurrent.ThreadPoolExecutor.runWorker(ThreadPoolExecutor.java:1144)
	at java.base/java.util.concurrent.ThreadPoolExecutor$Worker.run(ThreadPoolExecutor.java:642)
	at java.base/java.lang.Thread.run(Thread.java:1583)
Caused by: org.apache.ratis.protocol.exceptions.AlreadyExistsException: bb95c33f-a3cb-4bbe-957e-8163c1fc1114: Failed to add group-63ACBE5F7EDA:[bb95c33f-a3cb-4bbe-957e-8163c1fc1114|127.0.0.1:15031, 1a301c79-b9ef-44e0-a0ae-b339f61819a5|127.0.0.1:15023, 43369f36-6a0f-45ae-a8eb-f0d390948370|127.0.0.1:15015] since the group already exists in the map.
	at org.apache.ratis.server.impl.RaftServerProxy$ImplMap.addNew(RaftServerProxy.java:99)
	at org.apache.ratis.server.impl.RaftServerProxy.groupAddAsync(RaftServerProxy.java:512)
	... 13 more
2025-10-10 10:37:47,225 [ad892cb1-3002-4758-a303-de6f39da4dbc-groupManagement] INFO  server.RaftServer$Division (RaftServerImpl.java:<init>(268)) - ad892cb1-3002-4758-a303-de6f39da4dbc: new RaftServerImpl for group-4E13145AFCA4:[9ab71813-e86f-4276-8581-297fed06961e|127.0.0.1:15047, ad892cb1-3002-4758-a303-de6f39da4dbc|127.0.0.1:15039, 22d9c8a1-4559-44b0-a4af-9630f79f1f05|127.0.0.1:15055] with ContainerStateMachine:uninitialized
2025-10-10 10:37:47,225 [ad892cb1-3002-4758-a303-de6f39da4dbc-groupManagement] INFO  server.RaftServer$Division (ServerState.java:<init>(114)) - ad892cb1-3002-4758-a303-de6f39da4dbc@group-4E13145AFCA4: ConfigurationManager, init=conf: {index: -1, cur=peers:[9ab71813-e86f-4276-8581-297fed06961e|127.0.0.1:15047, ad892cb1-3002-4758-a303-de6f39da4dbc|127.0.0.1:15039, 22d9c8a1-4559-44b0-a4af-9630f79f1f05|127.0.0.1:15055]|listeners:[], old=null}, confs=<EMPTY_MAP>
2025-10-10 10:37:47,228 [bb95c33f-a3cb-4bbe-957e-8163c1fc1114-CreatePipelineCommandHandlerThread-0] INFO  commandhandler.CreatePipelineCommandHandler (CreatePipelineCommandHandler.java:lambda$handle$2(141)) - Created Pipeline RATIS THREE Pipeline-c1a6ce75-0ec5-4b07-b27a-63acbe5f7eda.
2025-10-10 10:37:47,231 [1a301c79-b9ef-44e0-a0ae-b339f61819a5-CreatePipelineCommandHandlerThread-0] INFO  commandhandler.CreatePipelineCommandHandler (CreatePipelineCommandHandler.java:lambda$handle$2(141)) - Created Pipeline RATIS THREE Pipeline-c1a6ce75-0ec5-4b07-b27a-63acbe5f7eda.
2025-10-10 10:37:47,234 [ad892cb1-3002-4758-a303-de6f39da4dbc-groupManagement] INFO  server.RaftServerConfigKeys (ConfUtils.java:logGet(62)) - raft.server.storage.dir = [/home/runner/work/ozone/ozone/hadoop-ozone/integration-test/target/test-dir/MiniOzoneClusterImpl-611c99c7-d47b-4433-a4ef-cd0a35b076ef/ozone-metadata/datanode-4/ratis] (custom)
2025-10-10 10:37:47,234 [ad892cb1-3002-4758-a303-de6f39da4dbc-groupManagement] INFO  storage.RaftStorageDirectory (RaftStorageDirectoryImpl.java:analyzeStorage(138)) - The storage directory /home/runner/work/ozone/ozone/hadoop-ozone/integration-test/target/test-dir/MiniOzoneClusterImpl-611c99c7-d47b-4433-a4ef-cd0a35b076ef/ozone-metadata/datanode-4/ratis/646a14ee-6b5e-4675-bb4e-4e13145afca4 does not exist. Creating ...
2025-10-10 10:37:47,235 [ad892cb1-3002-4758-a303-de6f39da4dbc-groupManagement] INFO  storage.RaftStorageDirectory (RaftStorageDirectoryImpl.java:tryLock(229)) - Lock on /home/runner/work/ozone/ozone/hadoop-ozone/integration-test/target/test-dir/MiniOzoneClusterImpl-611c99c7-d47b-4433-a4ef-cd0a35b076ef/ozone-metadata/datanode-4/ratis/646a14ee-6b5e-4675-bb4e-4e13145afca4/in_use.lock acquired by nodename 58401@localhost
2025-10-10 10:37:47,236 [ad892cb1-3002-4758-a303-de6f39da4dbc-groupManagement] INFO  storage.RaftStorage (RaftStorageImpl.java:format(98)) - Storage directory /home/runner/work/ozone/ozone/hadoop-ozone/integration-test/target/test-dir/MiniOzoneClusterImpl-611c99c7-d47b-4433-a4ef-cd0a35b076ef/ozone-metadata/datanode-4/ratis/646a14ee-6b5e-4675-bb4e-4e13145afca4 has been successfully formatted.
2025-10-10 10:37:47,237 [ad892cb1-3002-4758-a303-de6f39da4dbc-groupManagement] INFO  ratis.ContainerStateMachine (ContainerStateMachine.java:initialize(339)) - ad892cb1-3002-4758-a303-de6f39da4dbc: initialize group-4E13145AFCA4
2025-10-10 10:37:47,237 [ad892cb1-3002-4758-a303-de6f39da4dbc-groupManagement] INFO  ratis.ContainerStateMachine (ContainerStateMachine.java:loadSnapshot(347)) - group-4E13145AFCA4: The snapshot info is null. Setting the last applied index to:<INITIAL_VALUE>
2025-10-10 10:37:47,237 [ad892cb1-3002-4758-a303-de6f39da4dbc-groupManagement] INFO  server.RaftServerConfigKeys (ConfUtils.java:logGet(62)) - raft.server.log.appender.buffer.byte-limit = 33554432 (custom)
2025-10-10 10:37:47,238 [EventQueue-PipelineReportForOneReplicaPipelineSafeModeRule] INFO  safemode.SCMSafeModeManager (SCMSafeModeManager.java:validateSafeModeExitRules(138)) - AtleastOneDatanodeReportedRule rule is successfully validated
2025-10-10 10:37:47,240 [ad892cb1-3002-4758-a303-de6f39da4dbc-groupManagement] INFO  server.RaftServerConfigKeys (ConfUtils.java:logGet(62)) - raft.server.log.segment.size.max = 67108864 (custom)
2025-10-10 10:37:47,241 [ad892cb1-3002-4758-a303-de6f39da4dbc-groupManagement] INFO  server.RaftServerConfigKeys (ConfUtils.java:logGet(62)) - raft.server.log.appender.buffer.byte-limit = 33554432 (custom)
2025-10-10 10:37:47,242 [ad892cb1-3002-4758-a303-de6f39da4dbc-groupManagement] INFO  util.AwaitToRun (AwaitToRun.java:start(81)) - Thread[#1279,ad892cb1-3002-4758-a303-de6f39da4dbc@group-4E13145AFCA4-cacheEviction-AwaitToRun,5,main] started
2025-10-10 10:37:47,242 [ad892cb1-3002-4758-a303-de6f39da4dbc-groupManagement] INFO  segmented.SegmentedRaftLogWorker (SegmentedRaftLogWorker.java:<init>(190)) - new ad892cb1-3002-4758-a303-de6f39da4dbc@group-4E13145AFCA4-SegmentedRaftLogWorker for RaftStorageImpl:Storage Directory /home/runner/work/ozone/ozone/hadoop-ozone/integration-test/target/test-dir/MiniOzoneClusterImpl-611c99c7-d47b-4433-a4ef-cd0a35b076ef/ozone-metadata/datanode-4/ratis/646a14ee-6b5e-4675-bb4e-4e13145afca4
2025-10-10 10:37:47,242 [ad892cb1-3002-4758-a303-de6f39da4dbc-groupManagement] INFO  server.RaftServerConfigKeys (ConfUtils.java:logGet(62)) - raft.server.log.queue.byte-limit = 4294967296 (custom)
2025-10-10 10:37:47,242 [ad892cb1-3002-4758-a303-de6f39da4dbc-groupManagement] INFO  server.RaftServerConfigKeys (ConfUtils.java:logGet(62)) - raft.server.log.segment.size.max = 67108864 (custom)
2025-10-10 10:37:47,242 [ad892cb1-3002-4758-a303-de6f39da4dbc-groupManagement] INFO  server.RaftServerConfigKeys (ConfUtils.java:logGet(62)) - raft.server.log.preallocated.size = 4194304 (custom)
2025-10-10 10:37:47,243 [ad892cb1-3002-4758-a303-de6f39da4dbc-groupManagement] INFO  server.RaftServerConfigKeys (ConfUtils.java:logGet(62)) - raft.server.log.write.buffer.size = 33554440 (custom)
2025-10-10 10:37:47,244 [ad892cb1-3002-4758-a303-de6f39da4dbc-CreatePipelineCommandHandlerThread-0] INFO  server.RaftServer (RaftServerProxy.java:addNew(105)) - ad892cb1-3002-4758-a303-de6f39da4dbc: addNew group-F0BEA0DF345E:[ad892cb1-3002-4758-a303-de6f39da4dbc|127.0.0.1:15039] returns group-F0BEA0DF345E:java.util.concurrent.CompletableFuture@42b5c653[Not completed]
2025-10-10 10:37:47,249 [ad892cb1-3002-4758-a303-de6f39da4dbc-groupManagement] INFO  server.RaftServerConfigKeys (ConfUtils.java:logGet(62)) - raft.server.log.appender.buffer.byte-limit = 33554432 (custom)
2025-10-10 10:37:47,250 [ad892cb1-3002-4758-a303-de6f39da4dbc-groupManagement] INFO  segmented.SegmentedRaftLogWorker (SegmentedRaftLogWorker.java:lambda$new$0(141)) - ad892cb1-3002-4758-a303-de6f39da4dbc@group-4E13145AFCA4-SegmentedRaftLogWorker: flushIndex: setUnconditionally 0 -> -1
2025-10-10 10:37:47,250 [ad892cb1-3002-4758-a303-de6f39da4dbc-groupManagement] INFO  segmented.SegmentedRaftLogWorker (SegmentedRaftLogWorker.java:lambda$new$0(141)) - ad892cb1-3002-4758-a303-de6f39da4dbc@group-4E13145AFCA4-SegmentedRaftLogWorker: safeCacheEvictIndex: setUnconditionally 0 -> -1
2025-10-10 10:37:47,250 [ad892cb1-3002-4758-a303-de6f39da4dbc-groupManagement] INFO  server.RaftServer$Division (RaftServerImpl.java:start(405)) - ad892cb1-3002-4758-a303-de6f39da4dbc@group-4E13145AFCA4: start as a follower, conf=conf: {index: -1, cur=peers:[9ab71813-e86f-4276-8581-297fed06961e|127.0.0.1:15047, ad892cb1-3002-4758-a303-de6f39da4dbc|127.0.0.1:15039, 22d9c8a1-4559-44b0-a4af-9630f79f1f05|127.0.0.1:15055]|listeners:[], old=null}
2025-10-10 10:37:47,251 [ad892cb1-3002-4758-a303-de6f39da4dbc-groupManagement] INFO  server.RaftServer$Division (RaftServerImpl.java:setRole(392)) - ad892cb1-3002-4758-a303-de6f39da4dbc@group-4E13145AFCA4: changes role from      null to FOLLOWER at term 0 for startAsFollower
2025-10-10 10:37:47,251 [ad892cb1-3002-4758-a303-de6f39da4dbc-groupManagement] INFO  impl.RoleInfo (RoleInfo.java:updateAndGet(148)) - ad892cb1-3002-4758-a303-de6f39da4dbc: start ad892cb1-3002-4758-a303-de6f39da4dbc@group-4E13145AFCA4-FollowerState
2025-10-10 10:37:47,251 [ad892cb1-3002-4758-a303-de6f39da4dbc-groupManagement] INFO  util.JmxRegister (JmxRegister.java:tryRegister(44)) - Successfully registered JMX Bean with object name Ratis:service=RaftServer,group=group-4E13145AFCA4,id=ad892cb1-3002-4758-a303-de6f39da4dbc
2025-10-10 10:37:47,251 [ad892cb1-3002-4758-a303-de6f39da4dbc-groupManagement] INFO  util.JmxRegister (JmxRegister.java:register(58)) - register mxBean class org.apache.ratis.server.impl.RaftServerJmxAdapter as Ratis:service=RaftServer,group=group-4E13145AFCA4,id=ad892cb1-3002-4758-a303-de6f39da4dbc
2025-10-10 10:37:47,252 [ad892cb1-3002-4758-a303-de6f39da4dbc-groupManagement] INFO  server.RaftServer$Division (RaftServerImpl.java:start(419)) - ad892cb1-3002-4758-a303-de6f39da4dbc@group-4E13145AFCA4: Successfully started.
2025-10-10 10:37:47,255 [ad892cb1-3002-4758-a303-de6f39da4dbc-groupManagement] INFO  server.RaftServer$Division (RaftServerImpl.java:<init>(268)) - ad892cb1-3002-4758-a303-de6f39da4dbc: new RaftServerImpl for group-F0BEA0DF345E:[ad892cb1-3002-4758-a303-de6f39da4dbc|127.0.0.1:15039] with ContainerStateMachine:uninitialized
2025-10-10 10:37:47,255 [ad892cb1-3002-4758-a303-de6f39da4dbc-groupManagement] INFO  server.RaftServer$Division (ServerState.java:<init>(114)) - ad892cb1-3002-4758-a303-de6f39da4dbc@group-F0BEA0DF345E: ConfigurationManager, init=conf: {index: -1, cur=peers:[ad892cb1-3002-4758-a303-de6f39da4dbc|127.0.0.1:15039]|listeners:[], old=null}, confs=<EMPTY_MAP>
2025-10-10 10:37:47,263 [ad892cb1-3002-4758-a303-de6f39da4dbc-groupManagement] INFO  storage.RaftStorageDirectory (RaftStorageDirectoryImpl.java:analyzeStorage(138)) - The storage directory /home/runner/work/ozone/ozone/hadoop-ozone/integration-test/target/test-dir/MiniOzoneClusterImpl-611c99c7-d47b-4433-a4ef-cd0a35b076ef/ozone-metadata/datanode-4/ratis/e168346d-5e42-4d50-932e-f0bea0df345e does not exist. Creating ...
2025-10-10 10:37:47,265 [ad892cb1-3002-4758-a303-de6f39da4dbc-groupManagement] INFO  storage.RaftStorageDirectory (RaftStorageDirectoryImpl.java:tryLock(229)) - Lock on /home/runner/work/ozone/ozone/hadoop-ozone/integration-test/target/test-dir/MiniOzoneClusterImpl-611c99c7-d47b-4433-a4ef-cd0a35b076ef/ozone-metadata/datanode-4/ratis/e168346d-5e42-4d50-932e-f0bea0df345e/in_use.lock acquired by nodename 58401@localhost
2025-10-10 10:37:47,267 [ad892cb1-3002-4758-a303-de6f39da4dbc-groupManagement] INFO  storage.RaftStorage (RaftStorageImpl.java:format(98)) - Storage directory /home/runner/work/ozone/ozone/hadoop-ozone/integration-test/target/test-dir/MiniOzoneClusterImpl-611c99c7-d47b-4433-a4ef-cd0a35b076ef/ozone-metadata/datanode-4/ratis/e168346d-5e42-4d50-932e-f0bea0df345e has been successfully formatted.
2025-10-10 10:37:47,267 [ad892cb1-3002-4758-a303-de6f39da4dbc-groupManagement] INFO  ratis.ContainerStateMachine (ContainerStateMachine.java:initialize(339)) - ad892cb1-3002-4758-a303-de6f39da4dbc: initialize group-F0BEA0DF345E
2025-10-10 10:37:47,268 [ad892cb1-3002-4758-a303-de6f39da4dbc-groupManagement] INFO  ratis.ContainerStateMachine (ContainerStateMachine.java:loadSnapshot(347)) - group-F0BEA0DF345E: The snapshot info is null. Setting the last applied index to:<INITIAL_VALUE>
2025-10-10 10:37:47,270 [ad892cb1-3002-4758-a303-de6f39da4dbc-groupManagement] INFO  server.RaftServerConfigKeys (ConfUtils.java:logGet(62)) - raft.server.log.appender.buffer.byte-limit = 33554432 (custom)
2025-10-10 10:37:47,272 [EventQueue-PipelineReportForOneReplicaPipelineSafeModeRule] INFO  safemode.SCMSafeModeManager (SCMSafeModeManager.java:validateSafeModeExitRules(138)) - AtleastOneDatanodeReportedRule rule is successfully validated
2025-10-10 10:37:47,275 [grpc-default-executor-2] INFO  server.RaftServer (RaftServerProxy.java:addNew(105)) - 9ab71813-e86f-4276-8581-297fed06961e: addNew group-4E13145AFCA4:[9ab71813-e86f-4276-8581-297fed06961e|127.0.0.1:15047, ad892cb1-3002-4758-a303-de6f39da4dbc|127.0.0.1:15039, 22d9c8a1-4559-44b0-a4af-9630f79f1f05|127.0.0.1:15055] returns group-4E13145AFCA4:java.util.concurrent.CompletableFuture@4eeae848[Not completed]
2025-10-10 10:37:47,277 [ad892cb1-3002-4758-a303-de6f39da4dbc-groupManagement] INFO  server.RaftServerConfigKeys (ConfUtils.java:logGet(62)) - raft.server.log.segment.size.max = 67108864 (custom)
2025-10-10 10:37:47,277 [ad892cb1-3002-4758-a303-de6f39da4dbc-groupManagement] INFO  server.RaftServerConfigKeys (ConfUtils.java:logGet(62)) - raft.server.log.appender.buffer.byte-limit = 33554432 (custom)
2025-10-10 10:37:47,278 [8502da08-471d-490f-823d-1244cc2731b5@group-CD0A35B076EF-StateMachineUpdater] INFO  safemode.SCMSafeModeManager (SCMSafeModeManager.java:validateSafeModeExitRules(138)) - DataNodeSafeModeRule rule is successfully validated
2025-10-10 10:37:47,278 [ad892cb1-3002-4758-a303-de6f39da4dbc-groupManagement] INFO  util.AwaitToRun (AwaitToRun.java:start(81)) - Thread[#1287,ad892cb1-3002-4758-a303-de6f39da4dbc@group-F0BEA0DF345E-cacheEviction-AwaitToRun,5,main] started
2025-10-10 10:37:47,279 [ad892cb1-3002-4758-a303-de6f39da4dbc-groupManagement] INFO  segmented.SegmentedRaftLogWorker (SegmentedRaftLogWorker.java:<init>(190)) - new ad892cb1-3002-4758-a303-de6f39da4dbc@group-F0BEA0DF345E-SegmentedRaftLogWorker for RaftStorageImpl:Storage Directory /home/runner/work/ozone/ozone/hadoop-ozone/integration-test/target/test-dir/MiniOzoneClusterImpl-611c99c7-d47b-4433-a4ef-cd0a35b076ef/ozone-metadata/datanode-4/ratis/e168346d-5e42-4d50-932e-f0bea0df345e
2025-10-10 10:37:47,279 [ad892cb1-3002-4758-a303-de6f39da4dbc-groupManagement] INFO  server.RaftServerConfigKeys (ConfUtils.java:logGet(62)) - raft.server.log.queue.byte-limit = 4294967296 (custom)
2025-10-10 10:37:47,279 [ad892cb1-3002-4758-a303-de6f39da4dbc-groupManagement] INFO  server.RaftServerConfigKeys (ConfUtils.java:logGet(62)) - raft.server.log.segment.size.max = 67108864 (custom)
2025-10-10 10:37:47,279 [ad892cb1-3002-4758-a303-de6f39da4dbc-groupManagement] INFO  server.RaftServerConfigKeys (ConfUtils.java:logGet(62)) - raft.server.log.preallocated.size = 4194304 (custom)
2025-10-10 10:37:47,279 [ad892cb1-3002-4758-a303-de6f39da4dbc-groupManagement] INFO  server.RaftServerConfigKeys (ConfUtils.java:logGet(62)) - raft.server.log.write.buffer.size = 33554440 (custom)
2025-10-10 10:37:47,278 [9ab71813-e86f-4276-8581-297fed06961e-groupManagement] INFO  server.RaftServer$Division (RaftServerImpl.java:<init>(268)) - 9ab71813-e86f-4276-8581-297fed06961e: new RaftServerImpl for group-4E13145AFCA4:[9ab71813-e86f-4276-8581-297fed06961e|127.0.0.1:15047, ad892cb1-3002-4758-a303-de6f39da4dbc|127.0.0.1:15039, 22d9c8a1-4559-44b0-a4af-9630f79f1f05|127.0.0.1:15055] with ContainerStateMachine:uninitialized
2025-10-10 10:37:47,279 [8502da08-471d-490f-823d-1244cc2731b5@group-CD0A35B076EF-StateMachineUpdater] INFO  safemode.SCMSafeModeManager (SCMSafeModeManager.java:validateSafeModeExitRules(138)) - RatisContainerSafeModeRule rule is successfully validated
2025-10-10 10:37:47,280 [9ab71813-e86f-4276-8581-297fed06961e-groupManagement] INFO  server.RaftServer$Division (ServerState.java:<init>(114)) - 9ab71813-e86f-4276-8581-297fed06961e@group-4E13145AFCA4: ConfigurationManager, init=conf: {index: -1, cur=peers:[9ab71813-e86f-4276-8581-297fed06961e|127.0.0.1:15047, ad892cb1-3002-4758-a303-de6f39da4dbc|127.0.0.1:15039, 22d9c8a1-4559-44b0-a4af-9630f79f1f05|127.0.0.1:15055]|listeners:[], old=null}, confs=<EMPTY_MAP>
2025-10-10 10:37:47,280 [8502da08-471d-490f-823d-1244cc2731b5@group-CD0A35B076EF-StateMachineUpdater] INFO  safemode.HealthyPipelineSafeModeRule (HealthyPipelineSafeModeRule.java:initializeRule(228)) - Refreshed total pipeline count is 0, healthy pipeline threshold count is 1
2025-10-10 10:37:47,280 [8502da08-471d-490f-823d-1244cc2731b5@group-CD0A35B076EF-StateMachineUpdater] INFO  safemode.SCMSafeModeManager (SCMSafeModeManager.java:validateSafeModeExitRules(138)) - ECContainerSafeModeRule rule is successfully validated
2025-10-10 10:37:47,280 [8502da08-471d-490f-823d-1244cc2731b5@group-CD0A35B076EF-StateMachineUpdater] INFO  safemode.SCMSafeModeManager (SCMSafeModeManager.java:validateSafeModeExitRules(138)) - AtleastOneDatanodeReportedRule rule is successfully validated
2025-10-10 10:37:47,281 [EventQueue-PipelineReportForPipelineReportHandler] INFO  pipeline.PipelineReportHandler (PipelineReportHandler.java:processPipelineReport(132)) - Opened pipeline Pipeline-e168346d-5e42-4d50-932e-f0bea0df345e
2025-10-10 10:37:47,303 [ad892cb1-3002-4758-a303-de6f39da4dbc-groupManagement] INFO  server.RaftServerConfigKeys (ConfUtils.java:logGet(62)) - raft.server.log.appender.buffer.byte-limit = 33554432 (custom)
2025-10-10 10:37:47,303 [ForkJoinPool-1-worker-1] INFO  ozone.MiniOzoneClusterImpl (MiniOzoneClusterImpl.java:lambda$waitForClusterToBeReady$0(181)) - Nodes are ready. Got 10 of 10 DN Heartbeats.
2025-10-10 10:37:47,303 [ad892cb1-3002-4758-a303-de6f39da4dbc-groupManagement] INFO  segmented.SegmentedRaftLogWorker (SegmentedRaftLogWorker.java:lambda$new$0(141)) - ad892cb1-3002-4758-a303-de6f39da4dbc@group-F0BEA0DF345E-SegmentedRaftLogWorker: flushIndex: setUnconditionally 0 -> -1
2025-10-10 10:37:47,303 [ForkJoinPool-1-worker-1] INFO  ozone.MiniOzoneClusterImpl (MiniOzoneClusterImpl.java:lambda$waitForClusterToBeReady$0(184)) - Waiting for cluster to exit safe mode
2025-10-10 10:37:47,303 [ForkJoinPool-1-worker-1] INFO  ozone.MiniOzoneClusterImpl (MiniOzoneClusterImpl.java:lambda$waitForClusterToBeReady$0(186)) - SCM became leader
2025-10-10 10:37:47,303 [ad892cb1-3002-4758-a303-de6f39da4dbc-groupManagement] INFO  segmented.SegmentedRaftLogWorker (SegmentedRaftLogWorker.java:lambda$new$0(141)) - ad892cb1-3002-4758-a303-de6f39da4dbc@group-F0BEA0DF345E-SegmentedRaftLogWorker: safeCacheEvictIndex: setUnconditionally 0 -> -1
2025-10-10 10:37:47,304 [9ab71813-e86f-4276-8581-297fed06961e-groupManagement] INFO  server.RaftServerConfigKeys (ConfUtils.java:logGet(62)) - raft.server.storage.dir = [/home/runner/work/ozone/ozone/hadoop-ozone/integration-test/target/test-dir/MiniOzoneClusterImpl-611c99c7-d47b-4433-a4ef-cd0a35b076ef/ozone-metadata/datanode-5/ratis] (custom)
2025-10-10 10:37:47,305 [9ab71813-e86f-4276-8581-297fed06961e-groupManagement] INFO  storage.RaftStorageDirectory (RaftStorageDirectoryImpl.java:analyzeStorage(138)) - The storage directory /home/runner/work/ozone/ozone/hadoop-ozone/integration-test/target/test-dir/MiniOzoneClusterImpl-611c99c7-d47b-4433-a4ef-cd0a35b076ef/ozone-metadata/datanode-5/ratis/646a14ee-6b5e-4675-bb4e-4e13145afca4 does not exist. Creating ...
2025-10-10 10:37:47,306 [9ab71813-e86f-4276-8581-297fed06961e-groupManagement] INFO  storage.RaftStorageDirectory (RaftStorageDirectoryImpl.java:tryLock(229)) - Lock on /home/runner/work/ozone/ozone/hadoop-ozone/integration-test/target/test-dir/MiniOzoneClusterImpl-611c99c7-d47b-4433-a4ef-cd0a35b076ef/ozone-metadata/datanode-5/ratis/646a14ee-6b5e-4675-bb4e-4e13145afca4/in_use.lock acquired by nodename 58401@localhost
2025-10-10 10:37:47,306 [ad892cb1-3002-4758-a303-de6f39da4dbc-groupManagement] INFO  server.RaftServer$Division (RaftServerImpl.java:start(405)) - ad892cb1-3002-4758-a303-de6f39da4dbc@group-F0BEA0DF345E: start as a follower, conf=conf: {index: -1, cur=peers:[ad892cb1-3002-4758-a303-de6f39da4dbc|127.0.0.1:15039]|listeners:[], old=null}
2025-10-10 10:37:47,307 [ad892cb1-3002-4758-a303-de6f39da4dbc-groupManagement] INFO  server.RaftServer$Division (RaftServerImpl.java:setRole(392)) - ad892cb1-3002-4758-a303-de6f39da4dbc@group-F0BEA0DF345E: changes role from      null to FOLLOWER at term 0 for startAsFollower
2025-10-10 10:37:47,307 [ad892cb1-3002-4758-a303-de6f39da4dbc-groupManagement] INFO  impl.RoleInfo (RoleInfo.java:updateAndGet(148)) - ad892cb1-3002-4758-a303-de6f39da4dbc: start ad892cb1-3002-4758-a303-de6f39da4dbc@group-F0BEA0DF345E-FollowerState
2025-10-10 10:37:47,307 [ad892cb1-3002-4758-a303-de6f39da4dbc-groupManagement] INFO  util.JmxRegister (JmxRegister.java:tryRegister(44)) - Successfully registered JMX Bean with object name Ratis:service=RaftServer,group=group-F0BEA0DF345E,id=ad892cb1-3002-4758-a303-de6f39da4dbc
2025-10-10 10:37:47,307 [ad892cb1-3002-4758-a303-de6f39da4dbc-groupManagement] INFO  util.JmxRegister (JmxRegister.java:register(58)) - register mxBean class org.apache.ratis.server.impl.RaftServerJmxAdapter as Ratis:service=RaftServer,group=group-F0BEA0DF345E,id=ad892cb1-3002-4758-a303-de6f39da4dbc
2025-10-10 10:37:47,308 [9ab71813-e86f-4276-8581-297fed06961e-groupManagement] INFO  storage.RaftStorage (RaftStorageImpl.java:format(98)) - Storage directory /home/runner/work/ozone/ozone/hadoop-ozone/integration-test/target/test-dir/MiniOzoneClusterImpl-611c99c7-d47b-4433-a4ef-cd0a35b076ef/ozone-metadata/datanode-5/ratis/646a14ee-6b5e-4675-bb4e-4e13145afca4 has been successfully formatted.
2025-10-10 10:37:47,308 [9ab71813-e86f-4276-8581-297fed06961e-groupManagement] INFO  ratis.ContainerStateMachine (ContainerStateMachine.java:initialize(339)) - 9ab71813-e86f-4276-8581-297fed06961e: initialize group-4E13145AFCA4
2025-10-10 10:37:47,308 [9ab71813-e86f-4276-8581-297fed06961e-groupManagement] INFO  ratis.ContainerStateMachine (ContainerStateMachine.java:loadSnapshot(347)) - group-4E13145AFCA4: The snapshot info is null. Setting the last applied index to:<INITIAL_VALUE>
2025-10-10 10:37:47,309 [9ab71813-e86f-4276-8581-297fed06961e-groupManagement] INFO  server.RaftServerConfigKeys (ConfUtils.java:logGet(62)) - raft.server.log.appender.buffer.byte-limit = 33554432 (custom)
2025-10-10 10:37:47,311 [9ab71813-e86f-4276-8581-297fed06961e-groupManagement] INFO  server.RaftServerConfigKeys (ConfUtils.java:logGet(62)) - raft.server.log.segment.size.max = 67108864 (custom)
2025-10-10 10:37:47,311 [ad892cb1-3002-4758-a303-de6f39da4dbc-groupManagement] INFO  server.RaftServer$Division (RaftServerImpl.java:start(419)) - ad892cb1-3002-4758-a303-de6f39da4dbc@group-F0BEA0DF345E: Successfully started.
2025-10-10 10:37:47,311 [9ab71813-e86f-4276-8581-297fed06961e-groupManagement] INFO  server.RaftServerConfigKeys (ConfUtils.java:logGet(62)) - raft.server.log.appender.buffer.byte-limit = 33554432 (custom)
2025-10-10 10:37:47,312 [9ab71813-e86f-4276-8581-297fed06961e-groupManagement] INFO  util.AwaitToRun (AwaitToRun.java:start(81)) - Thread[#1291,9ab71813-e86f-4276-8581-297fed06961e@group-4E13145AFCA4-cacheEviction-AwaitToRun,5,main] started
2025-10-10 10:37:47,312 [9ab71813-e86f-4276-8581-297fed06961e-groupManagement] INFO  segmented.SegmentedRaftLogWorker (SegmentedRaftLogWorker.java:<init>(190)) - new 9ab71813-e86f-4276-8581-297fed06961e@group-4E13145AFCA4-SegmentedRaftLogWorker for RaftStorageImpl:Storage Directory /home/runner/work/ozone/ozone/hadoop-ozone/integration-test/target/test-dir/MiniOzoneClusterImpl-611c99c7-d47b-4433-a4ef-cd0a35b076ef/ozone-metadata/datanode-5/ratis/646a14ee-6b5e-4675-bb4e-4e13145afca4
2025-10-10 10:37:47,312 [9ab71813-e86f-4276-8581-297fed06961e-groupManagement] INFO  server.RaftServerConfigKeys (ConfUtils.java:logGet(62)) - raft.server.log.queue.byte-limit = 4294967296 (custom)
2025-10-10 10:37:47,312 [9ab71813-e86f-4276-8581-297fed06961e-groupManagement] INFO  server.RaftServerConfigKeys (ConfUtils.java:logGet(62)) - raft.server.log.segment.size.max = 67108864 (custom)
2025-10-10 10:37:47,312 [9ab71813-e86f-4276-8581-297fed06961e-groupManagement] INFO  server.RaftServerConfigKeys (ConfUtils.java:logGet(62)) - raft.server.log.preallocated.size = 4194304 (custom)
2025-10-10 10:37:47,312 [9ab71813-e86f-4276-8581-297fed06961e-groupManagement] INFO  server.RaftServerConfigKeys (ConfUtils.java:logGet(62)) - raft.server.log.write.buffer.size = 33554440 (custom)
2025-10-10 10:37:47,313 [ad892cb1-3002-4758-a303-de6f39da4dbc-CreatePipelineCommandHandlerThread-0] INFO  ratis.XceiverServerRatis (XceiverServerRatis.java:addGroup(839)) - Created group Pipeline-e168346d-5e42-4d50-932e-f0bea0df345e
2025-10-10 10:37:47,313 [ad892cb1-3002-4758-a303-de6f39da4dbc-CreatePipelineCommandHandlerThread-0] INFO  commandhandler.CreatePipelineCommandHandler (CreatePipelineCommandHandler.java:lambda$handle$2(141)) - Created Pipeline RATIS ONE Pipeline-e168346d-5e42-4d50-932e-f0bea0df345e.
2025-10-10 10:37:47,315 [EventQueue-PipelineReportForOneReplicaPipelineSafeModeRule] INFO  safemode.SCMSafeModeManager (SCMSafeModeManager.java:validateSafeModeExitRules(138)) - AtleastOneDatanodeReportedRule rule is successfully validated
2025-10-10 10:37:47,319 [9ab71813-e86f-4276-8581-297fed06961e-groupManagement] INFO  server.RaftServerConfigKeys (ConfUtils.java:logGet(62)) - raft.server.log.appender.buffer.byte-limit = 33554432 (custom)
2025-10-10 10:37:47,319 [9ab71813-e86f-4276-8581-297fed06961e-groupManagement] INFO  segmented.SegmentedRaftLogWorker (SegmentedRaftLogWorker.java:lambda$new$0(141)) - 9ab71813-e86f-4276-8581-297fed06961e@group-4E13145AFCA4-SegmentedRaftLogWorker: flushIndex: setUnconditionally 0 -> -1
2025-10-10 10:37:47,319 [9ab71813-e86f-4276-8581-297fed06961e-groupManagement] INFO  segmented.SegmentedRaftLogWorker (SegmentedRaftLogWorker.java:lambda$new$0(141)) - 9ab71813-e86f-4276-8581-297fed06961e@group-4E13145AFCA4-SegmentedRaftLogWorker: safeCacheEvictIndex: setUnconditionally 0 -> -1
2025-10-10 10:37:47,320 [9ab71813-e86f-4276-8581-297fed06961e-groupManagement] INFO  server.RaftServer$Division (RaftServerImpl.java:start(405)) - 9ab71813-e86f-4276-8581-297fed06961e@group-4E13145AFCA4: start as a follower, conf=conf: {index: -1, cur=peers:[9ab71813-e86f-4276-8581-297fed06961e|127.0.0.1:15047, ad892cb1-3002-4758-a303-de6f39da4dbc|127.0.0.1:15039, 22d9c8a1-4559-44b0-a4af-9630f79f1f05|127.0.0.1:15055]|listeners:[], old=null}
2025-10-10 10:37:47,320 [9ab71813-e86f-4276-8581-297fed06961e-groupManagement] INFO  server.RaftServer$Division (RaftServerImpl.java:setRole(392)) - 9ab71813-e86f-4276-8581-297fed06961e@group-4E13145AFCA4: changes role from      null to FOLLOWER at term 0 for startAsFollower
2025-10-10 10:37:47,320 [9ab71813-e86f-4276-8581-297fed06961e-groupManagement] INFO  impl.RoleInfo (RoleInfo.java:updateAndGet(148)) - 9ab71813-e86f-4276-8581-297fed06961e: start 9ab71813-e86f-4276-8581-297fed06961e@group-4E13145AFCA4-FollowerState
2025-10-10 10:37:47,320 [9ab71813-e86f-4276-8581-297fed06961e-groupManagement] INFO  util.JmxRegister (JmxRegister.java:tryRegister(44)) - Successfully registered JMX Bean with object name Ratis:service=RaftServer,group=group-4E13145AFCA4,id=9ab71813-e86f-4276-8581-297fed06961e
2025-10-10 10:37:47,320 [9ab71813-e86f-4276-8581-297fed06961e-groupManagement] INFO  util.JmxRegister (JmxRegister.java:register(58)) - register mxBean class org.apache.ratis.server.impl.RaftServerJmxAdapter as Ratis:service=RaftServer,group=group-4E13145AFCA4,id=9ab71813-e86f-4276-8581-297fed06961e
2025-10-10 10:37:47,321 [9ab71813-e86f-4276-8581-297fed06961e-groupManagement] INFO  server.RaftServer$Division (RaftServerImpl.java:start(419)) - 9ab71813-e86f-4276-8581-297fed06961e@group-4E13145AFCA4: Successfully started.
2025-10-10 10:37:47,327 [22d9c8a1-4559-44b0-a4af-9630f79f1f05-CreatePipelineCommandHandlerThread-0] INFO  commandhandler.CreatePipelineCommandHandler (CreatePipelineCommandHandler.java:lambda$handle$2(141)) - Created Pipeline RATIS THREE Pipeline-646a14ee-6b5e-4675-bb4e-4e13145afca4.
2025-10-10 10:37:47,529 [9ab71813-e86f-4276-8581-297fed06961e-CreatePipelineCommandHandlerThread-0] INFO  server.RaftServer (RaftServerProxy.java:addNew(105)) - 9ab71813-e86f-4276-8581-297fed06961e: addNew group-25EA720CA717:[9ab71813-e86f-4276-8581-297fed06961e|127.0.0.1:15047] returns group-25EA720CA717:java.util.concurrent.CompletableFuture@373f79b8[Not completed]
2025-10-10 10:37:47,533 [9ab71813-e86f-4276-8581-297fed06961e-groupManagement] INFO  server.RaftServer$Division (RaftServerImpl.java:<init>(268)) - 9ab71813-e86f-4276-8581-297fed06961e: new RaftServerImpl for group-25EA720CA717:[9ab71813-e86f-4276-8581-297fed06961e|127.0.0.1:15047] with ContainerStateMachine:uninitialized
2025-10-10 10:37:47,533 [9ab71813-e86f-4276-8581-297fed06961e-groupManagement] INFO  server.RaftServer$Division (ServerState.java:<init>(114)) - 9ab71813-e86f-4276-8581-297fed06961e@group-25EA720CA717: ConfigurationManager, init=conf: {index: -1, cur=peers:[9ab71813-e86f-4276-8581-297fed06961e|127.0.0.1:15047]|listeners:[], old=null}, confs=<EMPTY_MAP>
2025-10-10 10:37:47,543 [9ab71813-e86f-4276-8581-297fed06961e-groupManagement] INFO  storage.RaftStorageDirectory (RaftStorageDirectoryImpl.java:analyzeStorage(138)) - The storage directory /home/runner/work/ozone/ozone/hadoop-ozone/integration-test/target/test-dir/MiniOzoneClusterImpl-611c99c7-d47b-4433-a4ef-cd0a35b076ef/ozone-metadata/datanode-5/ratis/c9244eac-8aa0-4393-8e76-25ea720ca717 does not exist. Creating ...
2025-10-10 10:37:47,545 [9ab71813-e86f-4276-8581-297fed06961e-groupManagement] INFO  storage.RaftStorageDirectory (RaftStorageDirectoryImpl.java:tryLock(229)) - Lock on /home/runner/work/ozone/ozone/hadoop-ozone/integration-test/target/test-dir/MiniOzoneClusterImpl-611c99c7-d47b-4433-a4ef-cd0a35b076ef/ozone-metadata/datanode-5/ratis/c9244eac-8aa0-4393-8e76-25ea720ca717/in_use.lock acquired by nodename 58401@localhost
2025-10-10 10:37:47,548 [9ab71813-e86f-4276-8581-297fed06961e-groupManagement] INFO  storage.RaftStorage (RaftStorageImpl.java:format(98)) - Storage directory /home/runner/work/ozone/ozone/hadoop-ozone/integration-test/target/test-dir/MiniOzoneClusterImpl-611c99c7-d47b-4433-a4ef-cd0a35b076ef/ozone-metadata/datanode-5/ratis/c9244eac-8aa0-4393-8e76-25ea720ca717 has been successfully formatted.
2025-10-10 10:37:47,548 [9ab71813-e86f-4276-8581-297fed06961e-groupManagement] INFO  ratis.ContainerStateMachine (ContainerStateMachine.java:initialize(339)) - 9ab71813-e86f-4276-8581-297fed06961e: initialize group-25EA720CA717
2025-10-10 10:37:47,549 [9ab71813-e86f-4276-8581-297fed06961e-groupManagement] INFO  ratis.ContainerStateMachine (ContainerStateMachine.java:loadSnapshot(347)) - group-25EA720CA717: The snapshot info is null. Setting the last applied index to:<INITIAL_VALUE>
2025-10-10 10:37:47,549 [9ab71813-e86f-4276-8581-297fed06961e-groupManagement] INFO  server.RaftServerConfigKeys (ConfUtils.java:logGet(62)) - raft.server.log.appender.buffer.byte-limit = 33554432 (custom)
2025-10-10 10:37:47,552 [EventQueue-PipelineReportForOneReplicaPipelineSafeModeRule] INFO  safemode.SCMSafeModeManager (SCMSafeModeManager.java:validateSafeModeExitRules(138)) - AtleastOneDatanodeReportedRule rule is successfully validated
2025-10-10 10:37:47,553 [9ab71813-e86f-4276-8581-297fed06961e-groupManagement] INFO  server.RaftServerConfigKeys (ConfUtils.java:logGet(62)) - raft.server.log.segment.size.max = 67108864 (custom)
2025-10-10 10:37:47,554 [9ab71813-e86f-4276-8581-297fed06961e-groupManagement] INFO  server.RaftServerConfigKeys (ConfUtils.java:logGet(62)) - raft.server.log.appender.buffer.byte-limit = 33554432 (custom)
2025-10-10 10:37:47,555 [9ab71813-e86f-4276-8581-297fed06961e-groupManagement] INFO  util.AwaitToRun (AwaitToRun.java:start(81)) - Thread[#1299,9ab71813-e86f-4276-8581-297fed06961e@group-25EA720CA717-cacheEviction-AwaitToRun,5,main] started
2025-10-10 10:37:47,555 [9ab71813-e86f-4276-8581-297fed06961e-groupManagement] INFO  segmented.SegmentedRaftLogWorker (SegmentedRaftLogWorker.java:<init>(190)) - new 9ab71813-e86f-4276-8581-297fed06961e@group-25EA720CA717-SegmentedRaftLogWorker for RaftStorageImpl:Storage Directory /home/runner/work/ozone/ozone/hadoop-ozone/integration-test/target/test-dir/MiniOzoneClusterImpl-611c99c7-d47b-4433-a4ef-cd0a35b076ef/ozone-metadata/datanode-5/ratis/c9244eac-8aa0-4393-8e76-25ea720ca717
2025-10-10 10:37:47,555 [9ab71813-e86f-4276-8581-297fed06961e-groupManagement] INFO  server.RaftServerConfigKeys (ConfUtils.java:logGet(62)) - raft.server.log.queue.byte-limit = 4294967296 (custom)
2025-10-10 10:37:47,555 [9ab71813-e86f-4276-8581-297fed06961e-groupManagement] INFO  server.RaftServerConfigKeys (ConfUtils.java:logGet(62)) - raft.server.log.segment.size.max = 67108864 (custom)
2025-10-10 10:37:47,554 [8502da08-471d-490f-823d-1244cc2731b5@group-CD0A35B076EF-StateMachineUpdater] INFO  safemode.SCMSafeModeManager (SCMSafeModeManager.java:validateSafeModeExitRules(138)) - DataNodeSafeModeRule rule is successfully validated
2025-10-10 10:37:47,556 [9ab71813-e86f-4276-8581-297fed06961e-groupManagement] INFO  server.RaftServerConfigKeys (ConfUtils.java:logGet(62)) - raft.server.log.preallocated.size = 4194304 (custom)
2025-10-10 10:37:47,556 [8502da08-471d-490f-823d-1244cc2731b5@group-CD0A35B076EF-StateMachineUpdater] INFO  safemode.SCMSafeModeManager (SCMSafeModeManager.java:validateSafeModeExitRules(138)) - RatisContainerSafeModeRule rule is successfully validated
2025-10-10 10:37:47,556 [8502da08-471d-490f-823d-1244cc2731b5@group-CD0A35B076EF-StateMachineUpdater] INFO  safemode.HealthyPipelineSafeModeRule (HealthyPipelineSafeModeRule.java:initializeRule(228)) - Refreshed total pipeline count is 0, healthy pipeline threshold count is 1
2025-10-10 10:37:47,556 [8502da08-471d-490f-823d-1244cc2731b5@group-CD0A35B076EF-StateMachineUpdater] INFO  safemode.SCMSafeModeManager (SCMSafeModeManager.java:validateSafeModeExitRules(138)) - ECContainerSafeModeRule rule is successfully validated
2025-10-10 10:37:47,556 [8502da08-471d-490f-823d-1244cc2731b5@group-CD0A35B076EF-StateMachineUpdater] INFO  safemode.SCMSafeModeManager (SCMSafeModeManager.java:validateSafeModeExitRules(138)) - AtleastOneDatanodeReportedRule rule is successfully validated
2025-10-10 10:37:47,556 [9ab71813-e86f-4276-8581-297fed06961e-groupManagement] INFO  server.RaftServerConfigKeys (ConfUtils.java:logGet(62)) - raft.server.log.write.buffer.size = 33554440 (custom)
2025-10-10 10:37:47,557 [EventQueue-PipelineReportForPipelineReportHandler] INFO  pipeline.PipelineReportHandler (PipelineReportHandler.java:processPipelineReport(132)) - Opened pipeline Pipeline-c9244eac-8aa0-4393-8e76-25ea720ca717
2025-10-10 10:37:47,563 [9ab71813-e86f-4276-8581-297fed06961e-groupManagement] INFO  server.RaftServerConfigKeys (ConfUtils.java:logGet(62)) - raft.server.log.appender.buffer.byte-limit = 33554432 (custom)
2025-10-10 10:37:47,563 [9ab71813-e86f-4276-8581-297fed06961e-groupManagement] INFO  segmented.SegmentedRaftLogWorker (SegmentedRaftLogWorker.java:lambda$new$0(141)) - 9ab71813-e86f-4276-8581-297fed06961e@group-25EA720CA717-SegmentedRaftLogWorker: flushIndex: setUnconditionally 0 -> -1
2025-10-10 10:37:47,563 [9ab71813-e86f-4276-8581-297fed06961e-groupManagement] INFO  segmented.SegmentedRaftLogWorker (SegmentedRaftLogWorker.java:lambda$new$0(141)) - 9ab71813-e86f-4276-8581-297fed06961e@group-25EA720CA717-SegmentedRaftLogWorker: safeCacheEvictIndex: setUnconditionally 0 -> -1
2025-10-10 10:37:47,564 [9ab71813-e86f-4276-8581-297fed06961e-groupManagement] INFO  server.RaftServer$Division (RaftServerImpl.java:start(405)) - 9ab71813-e86f-4276-8581-297fed06961e@group-25EA720CA717: start as a follower, conf=conf: {index: -1, cur=peers:[9ab71813-e86f-4276-8581-297fed06961e|127.0.0.1:15047]|listeners:[], old=null}
2025-10-10 10:37:47,564 [9ab71813-e86f-4276-8581-297fed06961e-groupManagement] INFO  server.RaftServer$Division (RaftServerImpl.java:setRole(392)) - 9ab71813-e86f-4276-8581-297fed06961e@group-25EA720CA717: changes role from      null to FOLLOWER at term 0 for startAsFollower
2025-10-10 10:37:47,564 [9ab71813-e86f-4276-8581-297fed06961e-groupManagement] INFO  impl.RoleInfo (RoleInfo.java:updateAndGet(148)) - 9ab71813-e86f-4276-8581-297fed06961e: start 9ab71813-e86f-4276-8581-297fed06961e@group-25EA720CA717-FollowerState
2025-10-10 10:37:47,565 [9ab71813-e86f-4276-8581-297fed06961e-groupManagement] INFO  util.JmxRegister (JmxRegister.java:tryRegister(44)) - Successfully registered JMX Bean with object name Ratis:service=RaftServer,group=group-25EA720CA717,id=9ab71813-e86f-4276-8581-297fed06961e
2025-10-10 10:37:47,565 [9ab71813-e86f-4276-8581-297fed06961e-groupManagement] INFO  util.JmxRegister (JmxRegister.java:register(58)) - register mxBean class org.apache.ratis.server.impl.RaftServerJmxAdapter as Ratis:service=RaftServer,group=group-25EA720CA717,id=9ab71813-e86f-4276-8581-297fed06961e
2025-10-10 10:37:47,565 [9ab71813-e86f-4276-8581-297fed06961e-groupManagement] INFO  server.RaftServer$Division (RaftServerImpl.java:start(419)) - 9ab71813-e86f-4276-8581-297fed06961e@group-25EA720CA717: Successfully started.
2025-10-10 10:37:47,568 [9ab71813-e86f-4276-8581-297fed06961e-CreatePipelineCommandHandlerThread-0] INFO  ratis.XceiverServerRatis (XceiverServerRatis.java:addGroup(839)) - Created group Pipeline-c9244eac-8aa0-4393-8e76-25ea720ca717
2025-10-10 10:37:47,569 [9ab71813-e86f-4276-8581-297fed06961e-CreatePipelineCommandHandlerThread-0] INFO  commandhandler.CreatePipelineCommandHandler (CreatePipelineCommandHandler.java:lambda$handle$2(141)) - Created Pipeline RATIS ONE Pipeline-c9244eac-8aa0-4393-8e76-25ea720ca717.
2025-10-10 10:37:47,676 [43369f36-6a0f-45ae-a8eb-f0d390948370@group-1E260D70D86F-FollowerState] INFO  impl.FollowerState (FollowerState.java:runImpl(161)) - 43369f36-6a0f-45ae-a8eb-f0d390948370@group-1E260D70D86F-FollowerState: change to CANDIDATE, lastRpcElapsedTime:1142272425ns, electionTimeout:1141ms
2025-10-10 10:37:47,676 [43369f36-6a0f-45ae-a8eb-f0d390948370@group-1E260D70D86F-FollowerState] INFO  impl.RoleInfo (RoleInfo.java:shutdownFollowerState(121)) - 43369f36-6a0f-45ae-a8eb-f0d390948370: shutdown 43369f36-6a0f-45ae-a8eb-f0d390948370@group-1E260D70D86F-FollowerState
2025-10-10 10:37:47,677 [43369f36-6a0f-45ae-a8eb-f0d390948370@group-1E260D70D86F-FollowerState] INFO  server.RaftServer$Division (RaftServerImpl.java:setRole(392)) - 43369f36-6a0f-45ae-a8eb-f0d390948370@group-1E260D70D86F: changes role from  FOLLOWER to CANDIDATE at term 0 for changeToCandidate
2025-10-10 10:37:47,677 [43369f36-6a0f-45ae-a8eb-f0d390948370@group-1E260D70D86F-FollowerState] INFO  impl.RoleInfo (RoleInfo.java:updateAndGet(148)) - 43369f36-6a0f-45ae-a8eb-f0d390948370: start 43369f36-6a0f-45ae-a8eb-f0d390948370@group-1E260D70D86F-LeaderElection4
2025-10-10 10:37:47,677 [43369f36-6a0f-45ae-a8eb-f0d390948370@group-1E260D70D86F-LeaderElection4] INFO  impl.LeaderElection (LeaderElection.java:askForVotes(448)) - 43369f36-6a0f-45ae-a8eb-f0d390948370@group-1E260D70D86F-LeaderElection4 PRE_VOTE round 0: submit vote requests at term 0 for conf: {index: -1, cur=peers:[43369f36-6a0f-45ae-a8eb-f0d390948370|127.0.0.1:15015]|listeners:[], old=null}
2025-10-10 10:37:47,677 [43369f36-6a0f-45ae-a8eb-f0d390948370@group-1E260D70D86F-LeaderElection4] INFO  impl.LeaderElection (LeaderElection.java:askForVotes(450)) - 43369f36-6a0f-45ae-a8eb-f0d390948370@group-1E260D70D86F-LeaderElection4 PRE_VOTE round 0: result PASSED (term=0)
2025-10-10 10:37:47,679 [43369f36-6a0f-45ae-a8eb-f0d390948370@group-1E260D70D86F-LeaderElection4] INFO  impl.LeaderElection (LeaderElection.java:askForVotes(448)) - 43369f36-6a0f-45ae-a8eb-f0d390948370@group-1E260D70D86F-LeaderElection4 ELECTION round 0: submit vote requests at term 1 for conf: {index: -1, cur=peers:[43369f36-6a0f-45ae-a8eb-f0d390948370|127.0.0.1:15015]|listeners:[], old=null}
2025-10-10 10:37:47,679 [43369f36-6a0f-45ae-a8eb-f0d390948370@group-1E260D70D86F-LeaderElection4] INFO  impl.LeaderElection (LeaderElection.java:askForVotes(450)) - 43369f36-6a0f-45ae-a8eb-f0d390948370@group-1E260D70D86F-LeaderElection4 ELECTION round 0: result PASSED (term=1)
2025-10-10 10:37:47,679 [43369f36-6a0f-45ae-a8eb-f0d390948370@group-1E260D70D86F-LeaderElection4] INFO  impl.RoleInfo (RoleInfo.java:shutdownLeaderElection(141)) - 43369f36-6a0f-45ae-a8eb-f0d390948370: shutdown 43369f36-6a0f-45ae-a8eb-f0d390948370@group-1E260D70D86F-LeaderElection4
2025-10-10 10:37:47,679 [43369f36-6a0f-45ae-a8eb-f0d390948370@group-1E260D70D86F-LeaderElection4] INFO  server.RaftServer$Division (RaftServerImpl.java:setRole(392)) - 43369f36-6a0f-45ae-a8eb-f0d390948370@group-1E260D70D86F: changes role from CANDIDATE to LEADER at term 1 for changeToLeader
2025-10-10 10:37:47,679 [43369f36-6a0f-45ae-a8eb-f0d390948370@group-1E260D70D86F-LeaderElection4] INFO  server.RaftServerConfigKeys (ConfUtils.java:logFallback(69)) - raft.server.staging.timeout = 3600ms (fallback to raft.server.rpc.timeout.max)
2025-10-10 10:37:47,680 [43369f36-6a0f-45ae-a8eb-f0d390948370@group-1E260D70D86F-LeaderElection4] INFO  server.RaftServerConfigKeys (ConfUtils.java:logGet(62)) - raft.server.write.element-limit = 1024 (custom)
2025-10-10 10:37:47,680 [43369f36-6a0f-45ae-a8eb-f0d390948370@group-1E260D70D86F-LeaderElection4] INFO  server.RaftServerConfigKeys (ConfUtils.java:logGet(62)) - raft.server.write.byte-limit = 1024 M (=1073741824) (custom)
2025-10-10 10:37:47,680 [43369f36-6a0f-45ae-a8eb-f0d390948370@group-1E260D70D86F-LeaderElection4] INFO  server.RaftServerConfigKeys (ConfUtils.java:logGet(62)) - raft.server.watch.timeout = 3000ms (custom)
2025-10-10 10:37:47,681 [43369f36-6a0f-45ae-a8eb-f0d390948370@group-1E260D70D86F-LeaderElection4] INFO  server.RaftServerConfigKeys (ConfUtils.java:logGet(62)) - raft.server.log.log-metadata.enabled = true (default)
2025-10-10 10:37:47,681 [43369f36-6a0f-45ae-a8eb-f0d390948370@group-1E260D70D86F-LeaderElection4] INFO  impl.RoleInfo (RoleInfo.java:updateAndGet(148)) - 43369f36-6a0f-45ae-a8eb-f0d390948370: start 43369f36-6a0f-45ae-a8eb-f0d390948370@group-1E260D70D86F-LeaderStateImpl
2025-10-10 10:37:47,681 [43369f36-6a0f-45ae-a8eb-f0d390948370@group-1E260D70D86F-LeaderElection4] INFO  server.RaftServer$Division (RaftServerImpl.java:setFirstElection(576)) - 43369f36-6a0f-45ae-a8eb-f0d390948370@group-1E260D70D86F: set firstElectionSinceStartup to false for becomeLeader
2025-10-10 10:37:47,681 [43369f36-6a0f-45ae-a8eb-f0d390948370@group-1E260D70D86F-LeaderElection4] INFO  ratis.XceiverServerRatis (XceiverServerRatis.java:handleLeaderChangedNotification(940)) - Leader change notification received for group: group-1E260D70D86F with new leaderId: 43369f36-6a0f-45ae-a8eb-f0d390948370
2025-10-10 10:37:47,682 [43369f36-6a0f-45ae-a8eb-f0d390948370@group-1E260D70D86F-LeaderElection4] INFO  server.RaftServer$Division (ServerState.java:setLeader(272)) - 43369f36-6a0f-45ae-a8eb-f0d390948370@group-1E260D70D86F: change Leader from null to 43369f36-6a0f-45ae-a8eb-f0d390948370 at term 1 for becomeLeader, leader elected after 1185ms
2025-10-10 10:37:47,682 [43369f36-6a0f-45ae-a8eb-f0d390948370@group-1E260D70D86F-LeaderElection4] INFO  segmented.SegmentedRaftLogWorker (SegmentedRaftLogWorker.java:startLogSegment(440)) - 43369f36-6a0f-45ae-a8eb-f0d390948370@group-1E260D70D86F-SegmentedRaftLogWorker: Starting segment from index:0
2025-10-10 10:37:47,683 [43369f36-6a0f-45ae-a8eb-f0d390948370@group-1E260D70D86F-SegmentedRaftLogWorker] INFO  segmented.BufferedWriteChannel (BufferedWriteChannel.java:open(61)) - open log_inprogress_0 at position 0
2025-10-10 10:37:47,683 [43369f36-6a0f-45ae-a8eb-f0d390948370@group-1E260D70D86F-LeaderElection4] INFO  server.RaftServer$Division (ServerState.java:setRaftConf(386)) - 43369f36-6a0f-45ae-a8eb-f0d390948370@group-1E260D70D86F: set configuration conf: {index: 0, cur=peers:[43369f36-6a0f-45ae-a8eb-f0d390948370|127.0.0.1:15015]|listeners:[], old=null}
2025-10-10 10:37:47,685 [EventQueue-PipelineReportForOneReplicaPipelineSafeModeRule] INFO  safemode.SCMSafeModeManager (SCMSafeModeManager.java:validateSafeModeExitRules(138)) - AtleastOneDatanodeReportedRule rule is successfully validated
2025-10-10 10:37:47,690 [43369f36-6a0f-45ae-a8eb-f0d390948370@group-1E260D70D86F-SegmentedRaftLogWorker] INFO  segmented.SegmentedRaftLogWorker (SegmentedRaftLogWorker.java:execute(647)) - 43369f36-6a0f-45ae-a8eb-f0d390948370@group-1E260D70D86F-SegmentedRaftLogWorker: created new log segment /home/runner/work/ozone/ozone/hadoop-ozone/integration-test/target/test-dir/MiniOzoneClusterImpl-611c99c7-d47b-4433-a4ef-cd0a35b076ef/ozone-metadata/datanode-1/ratis/bb93ae53-65f9-4632-9355-1e260d70d86f/current/log_inprogress_0
2025-10-10 10:37:47,693 [43369f36-6a0f-45ae-a8eb-f0d390948370@group-1E260D70D86F-StateMachineUpdater] INFO  server.RaftServer$Division (LeaderStateImpl.java:checkStartIndex(309)) - Leader 43369f36-6a0f-45ae-a8eb-f0d390948370@group-1E260D70D86F-LeaderStateImpl is ready since appliedIndex == startIndex == 0
2025-10-10 10:37:47,768 [43369f36-6a0f-45ae-a8eb-f0d390948370@group-7E155E250634-FollowerState] INFO  impl.FollowerState (FollowerState.java:runImpl(161)) - 43369f36-6a0f-45ae-a8eb-f0d390948370@group-7E155E250634-FollowerState: change to CANDIDATE, lastRpcElapsedTime:1196756882ns, electionTimeout:1194ms
2025-10-10 10:37:47,768 [43369f36-6a0f-45ae-a8eb-f0d390948370@group-7E155E250634-FollowerState] INFO  impl.RoleInfo (RoleInfo.java:shutdownFollowerState(121)) - 43369f36-6a0f-45ae-a8eb-f0d390948370: shutdown 43369f36-6a0f-45ae-a8eb-f0d390948370@group-7E155E250634-FollowerState
2025-10-10 10:37:47,768 [43369f36-6a0f-45ae-a8eb-f0d390948370@group-7E155E250634-FollowerState] INFO  server.RaftServer$Division (RaftServerImpl.java:setRole(392)) - 43369f36-6a0f-45ae-a8eb-f0d390948370@group-7E155E250634: changes role from  FOLLOWER to CANDIDATE at term 0 for changeToCandidate
2025-10-10 10:37:47,768 [43369f36-6a0f-45ae-a8eb-f0d390948370@group-7E155E250634-FollowerState] INFO  impl.RoleInfo (RoleInfo.java:updateAndGet(148)) - 43369f36-6a0f-45ae-a8eb-f0d390948370: start 43369f36-6a0f-45ae-a8eb-f0d390948370@group-7E155E250634-LeaderElection5
2025-10-10 10:37:47,769 [43369f36-6a0f-45ae-a8eb-f0d390948370@group-7E155E250634-LeaderElection5] INFO  impl.LeaderElection (LeaderElection.java:askForVotes(448)) - 43369f36-6a0f-45ae-a8eb-f0d390948370@group-7E155E250634-LeaderElection5 PRE_VOTE round 0: submit vote requests at term 0 for conf: {index: -1, cur=peers:[bb95c33f-a3cb-4bbe-957e-8163c1fc1114|127.0.0.1:15031, 1a301c79-b9ef-44e0-a0ae-b339f61819a5|127.0.0.1:15023, 43369f36-6a0f-45ae-a8eb-f0d390948370|127.0.0.1:15015]|listeners:[], old=null}
2025-10-10 10:37:47,772 [43369f36-6a0f-45ae-a8eb-f0d390948370@group-7E155E250634-LeaderElection5-1] INFO  server.GrpcServerProtocolClient (GrpcServerProtocolClient.java:<init>(65)) - Build channel for bb95c33f-a3cb-4bbe-957e-8163c1fc1114|127.0.0.1:15031
2025-10-10 10:37:47,772 [43369f36-6a0f-45ae-a8eb-f0d390948370@group-7E155E250634-LeaderElection5-2] INFO  server.GrpcServerProtocolClient (GrpcServerProtocolClient.java:<init>(65)) - Build channel for 1a301c79-b9ef-44e0-a0ae-b339f61819a5|127.0.0.1:15023
2025-10-10 10:37:47,780 [grpc-default-executor-2] INFO  server.RaftServer$Division (RaftServerImpl.java:requestVote(1421)) - bb95c33f-a3cb-4bbe-957e-8163c1fc1114@group-7E155E250634: receive requestVote(PRE_VOTE, 43369f36-6a0f-45ae-a8eb-f0d390948370, group-7E155E250634, 0, <PROTO_DEFAULT>)
2025-10-10 10:37:47,780 [grpc-default-executor-1] INFO  server.RaftServer$Division (RaftServerImpl.java:requestVote(1421)) - 1a301c79-b9ef-44e0-a0ae-b339f61819a5@group-7E155E250634: receive requestVote(PRE_VOTE, 43369f36-6a0f-45ae-a8eb-f0d390948370, group-7E155E250634, 0, <PROTO_DEFAULT>)
2025-10-10 10:37:47,781 [grpc-default-executor-1] INFO  impl.VoteContext (VoteContext.java:log(49)) - 1a301c79-b9ef-44e0-a0ae-b339f61819a5@group-7E155E250634-FOLLOWER: accept PRE_VOTE from 43369f36-6a0f-45ae-a8eb-f0d390948370: our priority 0 <= candidate's priority 0
2025-10-10 10:37:47,781 [grpc-default-executor-2] INFO  impl.VoteContext (VoteContext.java:log(49)) - bb95c33f-a3cb-4bbe-957e-8163c1fc1114@group-7E155E250634-FOLLOWER: reject PRE_VOTE from 43369f36-6a0f-45ae-a8eb-f0d390948370: our priority 1 > candidate's priority 0
2025-10-10 10:37:47,784 [grpc-default-executor-2] INFO  server.RaftServer$Division (RaftServerImpl.java:requestVote(1455)) - bb95c33f-a3cb-4bbe-957e-8163c1fc1114@group-7E155E250634 replies to PRE_VOTE vote request: 43369f36-6a0f-45ae-a8eb-f0d390948370<-bb95c33f-a3cb-4bbe-957e-8163c1fc1114#0:FAIL-t0-last:<INITIAL_VALUE>. Peer's state: bb95c33f-a3cb-4bbe-957e-8163c1fc1114@group-7E155E250634:t0, leader=null, voted=, raftlog=Memoized:bb95c33f-a3cb-4bbe-957e-8163c1fc1114@group-7E155E250634-SegmentedRaftLog:OPENED:c-1:lastnull, conf=conf: {index: -1, cur=peers:[bb95c33f-a3cb-4bbe-957e-8163c1fc1114|127.0.0.1:15031, 1a301c79-b9ef-44e0-a0ae-b339f61819a5|127.0.0.1:15023, 43369f36-6a0f-45ae-a8eb-f0d390948370|127.0.0.1:15015]|listeners:[], old=null}
2025-10-10 10:37:47,784 [grpc-default-executor-1] INFO  server.RaftServer$Division (RaftServerImpl.java:requestVote(1455)) - 1a301c79-b9ef-44e0-a0ae-b339f61819a5@group-7E155E250634 replies to PRE_VOTE vote request: 43369f36-6a0f-45ae-a8eb-f0d390948370<-1a301c79-b9ef-44e0-a0ae-b339f61819a5#0:OK-t0-last:<INITIAL_VALUE>. Peer's state: 1a301c79-b9ef-44e0-a0ae-b339f61819a5@group-7E155E250634:t0, leader=null, voted=, raftlog=Memoized:1a301c79-b9ef-44e0-a0ae-b339f61819a5@group-7E155E250634-SegmentedRaftLog:OPENED:c-1:lastnull, conf=conf: {index: -1, cur=peers:[bb95c33f-a3cb-4bbe-957e-8163c1fc1114|127.0.0.1:15031, 1a301c79-b9ef-44e0-a0ae-b339f61819a5|127.0.0.1:15023, 43369f36-6a0f-45ae-a8eb-f0d390948370|127.0.0.1:15015]|listeners:[], old=null}
2025-10-10 10:37:47,786 [43369f36-6a0f-45ae-a8eb-f0d390948370@group-7E155E250634-LeaderElection5] INFO  impl.LeaderElection (LeaderElection.java:logAndReturn(206)) - 43369f36-6a0f-45ae-a8eb-f0d390948370@group-7E155E250634-LeaderElection5: PRE_VOTE REJECTED received 1 response(s) and 0 exception(s):
2025-10-10 10:37:47,786 [43369f36-6a0f-45ae-a8eb-f0d390948370@group-7E155E250634-LeaderElection5] INFO  impl.LeaderElection (LeaderElection.java:logAndReturn(210)) -   Response 0: 43369f36-6a0f-45ae-a8eb-f0d390948370<-bb95c33f-a3cb-4bbe-957e-8163c1fc1114#0:FAIL-t0-last:<INITIAL_VALUE>
2025-10-10 10:37:47,786 [43369f36-6a0f-45ae-a8eb-f0d390948370@group-7E155E250634-LeaderElection5] INFO  impl.LeaderElection (LeaderElection.java:askForVotes(450)) - 43369f36-6a0f-45ae-a8eb-f0d390948370@group-7E155E250634-LeaderElection5 PRE_VOTE round 0: result REJECTED
2025-10-10 10:37:47,786 [43369f36-6a0f-45ae-a8eb-f0d390948370@group-7E155E250634-LeaderElection5] INFO  server.RaftServer$Division (RaftServerImpl.java:setRole(392)) - 43369f36-6a0f-45ae-a8eb-f0d390948370@group-7E155E250634: changes role from CANDIDATE to FOLLOWER at term 0 for REJECTED
2025-10-10 10:37:47,786 [43369f36-6a0f-45ae-a8eb-f0d390948370@group-7E155E250634-LeaderElection5] INFO  impl.RoleInfo (RoleInfo.java:shutdownLeaderElection(141)) - 43369f36-6a0f-45ae-a8eb-f0d390948370: shutdown 43369f36-6a0f-45ae-a8eb-f0d390948370@group-7E155E250634-LeaderElection5
2025-10-10 10:37:47,786 [43369f36-6a0f-45ae-a8eb-f0d390948370@group-7E155E250634-LeaderElection5] INFO  impl.RoleInfo (RoleInfo.java:updateAndGet(148)) - 43369f36-6a0f-45ae-a8eb-f0d390948370: start 43369f36-6a0f-45ae-a8eb-f0d390948370@group-7E155E250634-FollowerState
2025-10-10 10:37:47,787 [43369f36-6a0f-45ae-a8eb-f0d390948370@group-7E155E250634-LeaderElection5] INFO  server.RaftServer$Division (RaftServerImpl.java:setFirstElection(576)) - 43369f36-6a0f-45ae-a8eb-f0d390948370@group-7E155E250634: set firstElectionSinceStartup to false for REJECTED
2025-10-10 10:37:47,834 [1a301c79-b9ef-44e0-a0ae-b339f61819a5@group-C7A1D0DF5F33-FollowerState] INFO  impl.FollowerState (FollowerState.java:runImpl(161)) - 1a301c79-b9ef-44e0-a0ae-b339f61819a5@group-C7A1D0DF5F33-FollowerState: change to CANDIDATE, lastRpcElapsedTime:1075718682ns, electionTimeout:1075ms
2025-10-10 10:37:47,834 [1a301c79-b9ef-44e0-a0ae-b339f61819a5@group-C7A1D0DF5F33-FollowerState] INFO  impl.RoleInfo (RoleInfo.java:shutdownFollowerState(121)) - 1a301c79-b9ef-44e0-a0ae-b339f61819a5: shutdown 1a301c79-b9ef-44e0-a0ae-b339f61819a5@group-C7A1D0DF5F33-FollowerState
2025-10-10 10:37:47,835 [1a301c79-b9ef-44e0-a0ae-b339f61819a5@group-C7A1D0DF5F33-FollowerState] INFO  server.RaftServer$Division (RaftServerImpl.java:setRole(392)) - 1a301c79-b9ef-44e0-a0ae-b339f61819a5@group-C7A1D0DF5F33: changes role from  FOLLOWER to CANDIDATE at term 0 for changeToCandidate
2025-10-10 10:37:47,835 [1a301c79-b9ef-44e0-a0ae-b339f61819a5@group-C7A1D0DF5F33-FollowerState] INFO  impl.RoleInfo (RoleInfo.java:updateAndGet(148)) - 1a301c79-b9ef-44e0-a0ae-b339f61819a5: start 1a301c79-b9ef-44e0-a0ae-b339f61819a5@group-C7A1D0DF5F33-LeaderElection6
2025-10-10 10:37:47,835 [1a301c79-b9ef-44e0-a0ae-b339f61819a5@group-C7A1D0DF5F33-LeaderElection6] INFO  impl.LeaderElection (LeaderElection.java:askForVotes(448)) - 1a301c79-b9ef-44e0-a0ae-b339f61819a5@group-C7A1D0DF5F33-LeaderElection6 PRE_VOTE round 0: submit vote requests at term 0 for conf: {index: -1, cur=peers:[1a301c79-b9ef-44e0-a0ae-b339f61819a5|127.0.0.1:15023]|listeners:[], old=null}
2025-10-10 10:37:47,835 [1a301c79-b9ef-44e0-a0ae-b339f61819a5@group-C7A1D0DF5F33-LeaderElection6] INFO  impl.LeaderElection (LeaderElection.java:askForVotes(450)) - 1a301c79-b9ef-44e0-a0ae-b339f61819a5@group-C7A1D0DF5F33-LeaderElection6 PRE_VOTE round 0: result PASSED (term=0)
2025-10-10 10:37:47,838 [1a301c79-b9ef-44e0-a0ae-b339f61819a5@group-C7A1D0DF5F33-LeaderElection6] INFO  impl.LeaderElection (LeaderElection.java:askForVotes(448)) - 1a301c79-b9ef-44e0-a0ae-b339f61819a5@group-C7A1D0DF5F33-LeaderElection6 ELECTION round 0: submit vote requests at term 1 for conf: {index: -1, cur=peers:[1a301c79-b9ef-44e0-a0ae-b339f61819a5|127.0.0.1:15023]|listeners:[], old=null}
2025-10-10 10:37:47,838 [1a301c79-b9ef-44e0-a0ae-b339f61819a5@group-C7A1D0DF5F33-LeaderElection6] INFO  impl.LeaderElection (LeaderElection.java:askForVotes(450)) - 1a301c79-b9ef-44e0-a0ae-b339f61819a5@group-C7A1D0DF5F33-LeaderElection6 ELECTION round 0: result PASSED (term=1)
2025-10-10 10:37:47,838 [1a301c79-b9ef-44e0-a0ae-b339f61819a5@group-C7A1D0DF5F33-LeaderElection6] INFO  impl.RoleInfo (RoleInfo.java:shutdownLeaderElection(141)) - 1a301c79-b9ef-44e0-a0ae-b339f61819a5: shutdown 1a301c79-b9ef-44e0-a0ae-b339f61819a5@group-C7A1D0DF5F33-LeaderElection6
2025-10-10 10:37:47,838 [1a301c79-b9ef-44e0-a0ae-b339f61819a5@group-C7A1D0DF5F33-LeaderElection6] INFO  server.RaftServer$Division (RaftServerImpl.java:setRole(392)) - 1a301c79-b9ef-44e0-a0ae-b339f61819a5@group-C7A1D0DF5F33: changes role from CANDIDATE to LEADER at term 1 for changeToLeader
2025-10-10 10:37:47,838 [1a301c79-b9ef-44e0-a0ae-b339f61819a5@group-C7A1D0DF5F33-LeaderElection6] INFO  server.RaftServerConfigKeys (ConfUtils.java:logFallback(69)) - raft.server.staging.timeout = 3600ms (fallback to raft.server.rpc.timeout.max)
2025-10-10 10:37:47,839 [1a301c79-b9ef-44e0-a0ae-b339f61819a5@group-C7A1D0DF5F33-LeaderElection6] INFO  server.RaftServerConfigKeys (ConfUtils.java:logGet(62)) - raft.server.write.byte-limit = 1024 M (=1073741824) (custom)
2025-10-10 10:37:47,840 [1a301c79-b9ef-44e0-a0ae-b339f61819a5@group-C7A1D0DF5F33-LeaderElection6] INFO  impl.RoleInfo (RoleInfo.java:updateAndGet(148)) - 1a301c79-b9ef-44e0-a0ae-b339f61819a5: start 1a301c79-b9ef-44e0-a0ae-b339f61819a5@group-C7A1D0DF5F33-LeaderStateImpl
2025-10-10 10:37:47,840 [1a301c79-b9ef-44e0-a0ae-b339f61819a5@group-C7A1D0DF5F33-LeaderElection6] INFO  server.RaftServer$Division (RaftServerImpl.java:setFirstElection(576)) - 1a301c79-b9ef-44e0-a0ae-b339f61819a5@group-C7A1D0DF5F33: set firstElectionSinceStartup to false for becomeLeader
2025-10-10 10:37:47,840 [1a301c79-b9ef-44e0-a0ae-b339f61819a5@group-C7A1D0DF5F33-LeaderElection6] INFO  ratis.XceiverServerRatis (XceiverServerRatis.java:handleLeaderChangedNotification(940)) - Leader change notification received for group: group-C7A1D0DF5F33 with new leaderId: 1a301c79-b9ef-44e0-a0ae-b339f61819a5
2025-10-10 10:37:47,840 [1a301c79-b9ef-44e0-a0ae-b339f61819a5@group-C7A1D0DF5F33-LeaderElection6] INFO  server.RaftServer$Division (ServerState.java:setLeader(272)) - 1a301c79-b9ef-44e0-a0ae-b339f61819a5@group-C7A1D0DF5F33: change Leader from null to 1a301c79-b9ef-44e0-a0ae-b339f61819a5 at term 1 for becomeLeader, leader elected after 1116ms
2025-10-10 10:37:47,841 [1a301c79-b9ef-44e0-a0ae-b339f61819a5@group-C7A1D0DF5F33-LeaderElection6] INFO  segmented.SegmentedRaftLogWorker (SegmentedRaftLogWorker.java:startLogSegment(440)) - 1a301c79-b9ef-44e0-a0ae-b339f61819a5@group-C7A1D0DF5F33-SegmentedRaftLogWorker: Starting segment from index:0
2025-10-10 10:37:47,842 [1a301c79-b9ef-44e0-a0ae-b339f61819a5@group-C7A1D0DF5F33-LeaderElection6] INFO  server.RaftServer$Division (ServerState.java:setRaftConf(386)) - 1a301c79-b9ef-44e0-a0ae-b339f61819a5@group-C7A1D0DF5F33: set configuration conf: {index: 0, cur=peers:[1a301c79-b9ef-44e0-a0ae-b339f61819a5|127.0.0.1:15023]|listeners:[], old=null}
2025-10-10 10:37:47,842 [1a301c79-b9ef-44e0-a0ae-b339f61819a5@group-C7A1D0DF5F33-SegmentedRaftLogWorker] INFO  segmented.BufferedWriteChannel (BufferedWriteChannel.java:open(61)) - open log_inprogress_0 at position 0
2025-10-10 10:37:47,844 [EventQueue-PipelineReportForOneReplicaPipelineSafeModeRule] INFO  safemode.SCMSafeModeManager (SCMSafeModeManager.java:validateSafeModeExitRules(138)) - AtleastOneDatanodeReportedRule rule is successfully validated
2025-10-10 10:37:47,849 [1a301c79-b9ef-44e0-a0ae-b339f61819a5@group-C7A1D0DF5F33-SegmentedRaftLogWorker] INFO  segmented.SegmentedRaftLogWorker (SegmentedRaftLogWorker.java:execute(647)) - 1a301c79-b9ef-44e0-a0ae-b339f61819a5@group-C7A1D0DF5F33-SegmentedRaftLogWorker: created new log segment /home/runner/work/ozone/ozone/hadoop-ozone/integration-test/target/test-dir/MiniOzoneClusterImpl-611c99c7-d47b-4433-a4ef-cd0a35b076ef/ozone-metadata/datanode-2/ratis/23a59a5c-0f7b-4c26-811d-c7a1d0df5f33/current/log_inprogress_0
2025-10-10 10:37:47,850 [1a301c79-b9ef-44e0-a0ae-b339f61819a5@group-C7A1D0DF5F33-StateMachineUpdater] INFO  server.RaftServer$Division (LeaderStateImpl.java:checkStartIndex(309)) - Leader 1a301c79-b9ef-44e0-a0ae-b339f61819a5@group-C7A1D0DF5F33-LeaderStateImpl is ready since appliedIndex == startIndex == 0
2025-10-10 10:37:47,851 [22d9c8a1-4559-44b0-a4af-9630f79f1f05@group-7B2EFAE04B0A-FollowerState] INFO  impl.FollowerState (FollowerState.java:runImpl(161)) - 22d9c8a1-4559-44b0-a4af-9630f79f1f05@group-7B2EFAE04B0A-FollowerState: change to CANDIDATE, lastRpcElapsedTime:1020247327ns, electionTimeout:1019ms
2025-10-10 10:37:47,851 [22d9c8a1-4559-44b0-a4af-9630f79f1f05@group-7B2EFAE04B0A-FollowerState] INFO  impl.RoleInfo (RoleInfo.java:shutdownFollowerState(121)) - 22d9c8a1-4559-44b0-a4af-9630f79f1f05: shutdown 22d9c8a1-4559-44b0-a4af-9630f79f1f05@group-7B2EFAE04B0A-FollowerState
2025-10-10 10:37:47,851 [22d9c8a1-4559-44b0-a4af-9630f79f1f05@group-7B2EFAE04B0A-FollowerState] INFO  server.RaftServer$Division (RaftServerImpl.java:setRole(392)) - 22d9c8a1-4559-44b0-a4af-9630f79f1f05@group-7B2EFAE04B0A: changes role from  FOLLOWER to CANDIDATE at term 0 for changeToCandidate
2025-10-10 10:37:47,852 [22d9c8a1-4559-44b0-a4af-9630f79f1f05@group-7B2EFAE04B0A-FollowerState] INFO  impl.RoleInfo (RoleInfo.java:updateAndGet(148)) - 22d9c8a1-4559-44b0-a4af-9630f79f1f05: start 22d9c8a1-4559-44b0-a4af-9630f79f1f05@group-7B2EFAE04B0A-LeaderElection7
2025-10-10 10:37:47,852 [22d9c8a1-4559-44b0-a4af-9630f79f1f05@group-7B2EFAE04B0A-LeaderElection7] INFO  impl.LeaderElection (LeaderElection.java:askForVotes(448)) - 22d9c8a1-4559-44b0-a4af-9630f79f1f05@group-7B2EFAE04B0A-LeaderElection7 PRE_VOTE round 0: submit vote requests at term 0 for conf: {index: -1, cur=peers:[22d9c8a1-4559-44b0-a4af-9630f79f1f05|127.0.0.1:15055]|listeners:[], old=null}
2025-10-10 10:37:47,852 [22d9c8a1-4559-44b0-a4af-9630f79f1f05@group-7B2EFAE04B0A-LeaderElection7] INFO  impl.LeaderElection (LeaderElection.java:askForVotes(450)) - 22d9c8a1-4559-44b0-a4af-9630f79f1f05@group-7B2EFAE04B0A-LeaderElection7 PRE_VOTE round 0: result PASSED (term=0)
2025-10-10 10:37:47,853 [22d9c8a1-4559-44b0-a4af-9630f79f1f05@group-7B2EFAE04B0A-LeaderElection7] INFO  impl.LeaderElection (LeaderElection.java:askForVotes(448)) - 22d9c8a1-4559-44b0-a4af-9630f79f1f05@group-7B2EFAE04B0A-LeaderElection7 ELECTION round 0: submit vote requests at term 1 for conf: {index: -1, cur=peers:[22d9c8a1-4559-44b0-a4af-9630f79f1f05|127.0.0.1:15055]|listeners:[], old=null}
2025-10-10 10:37:47,853 [22d9c8a1-4559-44b0-a4af-9630f79f1f05@group-7B2EFAE04B0A-LeaderElection7] INFO  impl.LeaderElection (LeaderElection.java:askForVotes(450)) - 22d9c8a1-4559-44b0-a4af-9630f79f1f05@group-7B2EFAE04B0A-LeaderElection7 ELECTION round 0: result PASSED (term=1)
2025-10-10 10:37:47,853 [22d9c8a1-4559-44b0-a4af-9630f79f1f05@group-7B2EFAE04B0A-LeaderElection7] INFO  impl.RoleInfo (RoleInfo.java:shutdownLeaderElection(141)) - 22d9c8a1-4559-44b0-a4af-9630f79f1f05: shutdown 22d9c8a1-4559-44b0-a4af-9630f79f1f05@group-7B2EFAE04B0A-LeaderElection7
2025-10-10 10:37:47,853 [22d9c8a1-4559-44b0-a4af-9630f79f1f05@group-7B2EFAE04B0A-LeaderElection7] INFO  server.RaftServer$Division (RaftServerImpl.java:setRole(392)) - 22d9c8a1-4559-44b0-a4af-9630f79f1f05@group-7B2EFAE04B0A: changes role from CANDIDATE to LEADER at term 1 for changeToLeader
2025-10-10 10:37:47,853 [22d9c8a1-4559-44b0-a4af-9630f79f1f05@group-7B2EFAE04B0A-LeaderElection7] INFO  server.RaftServerConfigKeys (ConfUtils.java:logFallback(69)) - raft.server.staging.timeout = 3600ms (fallback to raft.server.rpc.timeout.max)
2025-10-10 10:37:47,854 [22d9c8a1-4559-44b0-a4af-9630f79f1f05@group-7B2EFAE04B0A-LeaderElection7] INFO  server.RaftServerConfigKeys (ConfUtils.java:logGet(62)) - raft.server.write.byte-limit = 1024 M (=1073741824) (custom)
2025-10-10 10:37:47,855 [22d9c8a1-4559-44b0-a4af-9630f79f1f05@group-7B2EFAE04B0A-LeaderElection7] INFO  impl.RoleInfo (RoleInfo.java:updateAndGet(148)) - 22d9c8a1-4559-44b0-a4af-9630f79f1f05: start 22d9c8a1-4559-44b0-a4af-9630f79f1f05@group-7B2EFAE04B0A-LeaderStateImpl
2025-10-10 10:37:47,855 [22d9c8a1-4559-44b0-a4af-9630f79f1f05@group-7B2EFAE04B0A-LeaderElection7] INFO  server.RaftServer$Division (RaftServerImpl.java:setFirstElection(576)) - 22d9c8a1-4559-44b0-a4af-9630f79f1f05@group-7B2EFAE04B0A: set firstElectionSinceStartup to false for becomeLeader
2025-10-10 10:37:47,855 [22d9c8a1-4559-44b0-a4af-9630f79f1f05@group-7B2EFAE04B0A-LeaderElection7] INFO  ratis.XceiverServerRatis (XceiverServerRatis.java:handleLeaderChangedNotification(940)) - Leader change notification received for group: group-7B2EFAE04B0A with new leaderId: 22d9c8a1-4559-44b0-a4af-9630f79f1f05
2025-10-10 10:37:47,855 [22d9c8a1-4559-44b0-a4af-9630f79f1f05@group-7B2EFAE04B0A-LeaderElection7] INFO  server.RaftServer$Division (ServerState.java:setLeader(272)) - 22d9c8a1-4559-44b0-a4af-9630f79f1f05@group-7B2EFAE04B0A: change Leader from null to 22d9c8a1-4559-44b0-a4af-9630f79f1f05 at term 1 for becomeLeader, leader elected after 1068ms
2025-10-10 10:37:47,855 [22d9c8a1-4559-44b0-a4af-9630f79f1f05@group-7B2EFAE04B0A-LeaderElection7] INFO  segmented.SegmentedRaftLogWorker (SegmentedRaftLogWorker.java:startLogSegment(440)) - 22d9c8a1-4559-44b0-a4af-9630f79f1f05@group-7B2EFAE04B0A-SegmentedRaftLogWorker: Starting segment from index:0
2025-10-10 10:37:47,856 [22d9c8a1-4559-44b0-a4af-9630f79f1f05@group-7B2EFAE04B0A-SegmentedRaftLogWorker] INFO  segmented.BufferedWriteChannel (BufferedWriteChannel.java:open(61)) - open log_inprogress_0 at position 0
2025-10-10 10:37:47,857 [22d9c8a1-4559-44b0-a4af-9630f79f1f05@group-7B2EFAE04B0A-LeaderElection7] INFO  server.RaftServer$Division (ServerState.java:setRaftConf(386)) - 22d9c8a1-4559-44b0-a4af-9630f79f1f05@group-7B2EFAE04B0A: set configuration conf: {index: 0, cur=peers:[22d9c8a1-4559-44b0-a4af-9630f79f1f05|127.0.0.1:15055]|listeners:[], old=null}
2025-10-10 10:37:47,858 [EventQueue-PipelineReportForOneReplicaPipelineSafeModeRule] INFO  safemode.SCMSafeModeManager (SCMSafeModeManager.java:validateSafeModeExitRules(138)) - AtleastOneDatanodeReportedRule rule is successfully validated
2025-10-10 10:37:47,864 [22d9c8a1-4559-44b0-a4af-9630f79f1f05@group-7B2EFAE04B0A-SegmentedRaftLogWorker] INFO  segmented.SegmentedRaftLogWorker (SegmentedRaftLogWorker.java:execute(647)) - 22d9c8a1-4559-44b0-a4af-9630f79f1f05@group-7B2EFAE04B0A-SegmentedRaftLogWorker: created new log segment /home/runner/work/ozone/ozone/hadoop-ozone/integration-test/target/test-dir/MiniOzoneClusterImpl-611c99c7-d47b-4433-a4ef-cd0a35b076ef/ozone-metadata/datanode-6/ratis/4114ebae-1d2b-4af6-a7ef-7b2efae04b0a/current/log_inprogress_0
2025-10-10 10:37:47,866 [22d9c8a1-4559-44b0-a4af-9630f79f1f05@group-7B2EFAE04B0A-StateMachineUpdater] INFO  server.RaftServer$Division (LeaderStateImpl.java:checkStartIndex(309)) - Leader 22d9c8a1-4559-44b0-a4af-9630f79f1f05@group-7B2EFAE04B0A-LeaderStateImpl is ready since appliedIndex == startIndex == 0
2025-10-10 10:37:48,011 [bb95c33f-a3cb-4bbe-957e-8163c1fc1114@group-7E155E250634-FollowerState] INFO  impl.FollowerState (FollowerState.java:runImpl(161)) - bb95c33f-a3cb-4bbe-957e-8163c1fc1114@group-7E155E250634-FollowerState: change to CANDIDATE, lastRpcElapsedTime:1015510252ns, electionTimeout:1014ms
2025-10-10 10:37:48,011 [bb95c33f-a3cb-4bbe-957e-8163c1fc1114@group-7E155E250634-FollowerState] INFO  impl.RoleInfo (RoleInfo.java:shutdownFollowerState(121)) - bb95c33f-a3cb-4bbe-957e-8163c1fc1114: shutdown bb95c33f-a3cb-4bbe-957e-8163c1fc1114@group-7E155E250634-FollowerState
2025-10-10 10:37:48,011 [bb95c33f-a3cb-4bbe-957e-8163c1fc1114@group-7E155E250634-FollowerState] INFO  server.RaftServer$Division (RaftServerImpl.java:setRole(392)) - bb95c33f-a3cb-4bbe-957e-8163c1fc1114@group-7E155E250634: changes role from  FOLLOWER to CANDIDATE at term 0 for changeToCandidate
2025-10-10 10:37:48,012 [bb95c33f-a3cb-4bbe-957e-8163c1fc1114@group-7E155E250634-FollowerState] INFO  impl.RoleInfo (RoleInfo.java:updateAndGet(148)) - bb95c33f-a3cb-4bbe-957e-8163c1fc1114: start bb95c33f-a3cb-4bbe-957e-8163c1fc1114@group-7E155E250634-LeaderElection8
2025-10-10 10:37:48,012 [bb95c33f-a3cb-4bbe-957e-8163c1fc1114@group-7E155E250634-LeaderElection8] INFO  impl.LeaderElection (LeaderElection.java:askForVotes(448)) - bb95c33f-a3cb-4bbe-957e-8163c1fc1114@group-7E155E250634-LeaderElection8 PRE_VOTE round 0: submit vote requests at term 0 for conf: {index: -1, cur=peers:[bb95c33f-a3cb-4bbe-957e-8163c1fc1114|127.0.0.1:15031, 1a301c79-b9ef-44e0-a0ae-b339f61819a5|127.0.0.1:15023, 43369f36-6a0f-45ae-a8eb-f0d390948370|127.0.0.1:15015]|listeners:[], old=null}
2025-10-10 10:37:48,013 [bb95c33f-a3cb-4bbe-957e-8163c1fc1114@group-7E155E250634-LeaderElection8-1] INFO  server.GrpcServerProtocolClient (GrpcServerProtocolClient.java:<init>(65)) - Build channel for 1a301c79-b9ef-44e0-a0ae-b339f61819a5|127.0.0.1:15023
2025-10-10 10:37:48,013 [bb95c33f-a3cb-4bbe-957e-8163c1fc1114@group-7E155E250634-LeaderElection8-2] INFO  server.GrpcServerProtocolClient (GrpcServerProtocolClient.java:<init>(65)) - Build channel for 43369f36-6a0f-45ae-a8eb-f0d390948370|127.0.0.1:15015
2025-10-10 10:37:48,018 [grpc-default-executor-1] INFO  server.RaftServer$Division (RaftServerImpl.java:requestVote(1421)) - 1a301c79-b9ef-44e0-a0ae-b339f61819a5@group-7E155E250634: receive requestVote(PRE_VOTE, bb95c33f-a3cb-4bbe-957e-8163c1fc1114, group-7E155E250634, 0, <PROTO_DEFAULT>)
2025-10-10 10:37:48,019 [grpc-default-executor-1] INFO  impl.VoteContext (VoteContext.java:log(49)) - 1a301c79-b9ef-44e0-a0ae-b339f61819a5@group-7E155E250634-FOLLOWER: accept PRE_VOTE from bb95c33f-a3cb-4bbe-957e-8163c1fc1114: our priority 0 <= candidate's priority 1
2025-10-10 10:37:48,018 [grpc-default-executor-2] INFO  server.RaftServer$Division (RaftServerImpl.java:requestVote(1421)) - 43369f36-6a0f-45ae-a8eb-f0d390948370@group-7E155E250634: receive requestVote(PRE_VOTE, bb95c33f-a3cb-4bbe-957e-8163c1fc1114, group-7E155E250634, 0, <PROTO_DEFAULT>)
2025-10-10 10:37:48,019 [grpc-default-executor-2] INFO  impl.VoteContext (VoteContext.java:log(49)) - 43369f36-6a0f-45ae-a8eb-f0d390948370@group-7E155E250634-FOLLOWER: accept PRE_VOTE from bb95c33f-a3cb-4bbe-957e-8163c1fc1114: our priority 0 <= candidate's priority 1
2025-10-10 10:37:48,019 [grpc-default-executor-2] INFO  server.RaftServer$Division (RaftServerImpl.java:requestVote(1455)) - 43369f36-6a0f-45ae-a8eb-f0d390948370@group-7E155E250634 replies to PRE_VOTE vote request: bb95c33f-a3cb-4bbe-957e-8163c1fc1114<-43369f36-6a0f-45ae-a8eb-f0d390948370#0:OK-t0-last:<INITIAL_VALUE>. Peer's state: 43369f36-6a0f-45ae-a8eb-f0d390948370@group-7E155E250634:t0, leader=null, voted=, raftlog=Memoized:43369f36-6a0f-45ae-a8eb-f0d390948370@group-7E155E250634-SegmentedRaftLog:OPENED:c-1:lastnull, conf=conf: {index: -1, cur=peers:[bb95c33f-a3cb-4bbe-957e-8163c1fc1114|127.0.0.1:15031, 1a301c79-b9ef-44e0-a0ae-b339f61819a5|127.0.0.1:15023, 43369f36-6a0f-45ae-a8eb-f0d390948370|127.0.0.1:15015]|listeners:[], old=null}
2025-10-10 10:37:48,020 [grpc-default-executor-1] INFO  server.RaftServer$Division (RaftServerImpl.java:requestVote(1455)) - 1a301c79-b9ef-44e0-a0ae-b339f61819a5@group-7E155E250634 replies to PRE_VOTE vote request: bb95c33f-a3cb-4bbe-957e-8163c1fc1114<-1a301c79-b9ef-44e0-a0ae-b339f61819a5#0:OK-t0-last:<INITIAL_VALUE>. Peer's state: 1a301c79-b9ef-44e0-a0ae-b339f61819a5@group-7E155E250634:t0, leader=null, voted=, raftlog=Memoized:1a301c79-b9ef-44e0-a0ae-b339f61819a5@group-7E155E250634-SegmentedRaftLog:OPENED:c-1:lastnull, conf=conf: {index: -1, cur=peers:[bb95c33f-a3cb-4bbe-957e-8163c1fc1114|127.0.0.1:15031, 1a301c79-b9ef-44e0-a0ae-b339f61819a5|127.0.0.1:15023, 43369f36-6a0f-45ae-a8eb-f0d390948370|127.0.0.1:15015]|listeners:[], old=null}
2025-10-10 10:37:48,022 [bb95c33f-a3cb-4bbe-957e-8163c1fc1114@group-7E155E250634-LeaderElection8] INFO  impl.LeaderElection (LeaderElection.java:logAndReturn(206)) - bb95c33f-a3cb-4bbe-957e-8163c1fc1114@group-7E155E250634-LeaderElection8: PRE_VOTE PASSED received 1 response(s) and 0 exception(s):
2025-10-10 10:37:48,022 [bb95c33f-a3cb-4bbe-957e-8163c1fc1114@group-7E155E250634-LeaderElection8] INFO  impl.LeaderElection (LeaderElection.java:logAndReturn(210)) -   Response 0: bb95c33f-a3cb-4bbe-957e-8163c1fc1114<-43369f36-6a0f-45ae-a8eb-f0d390948370#0:OK-t0-last:<INITIAL_VALUE>
2025-10-10 10:37:48,022 [bb95c33f-a3cb-4bbe-957e-8163c1fc1114@group-7E155E250634-LeaderElection8] INFO  impl.LeaderElection (LeaderElection.java:askForVotes(450)) - bb95c33f-a3cb-4bbe-957e-8163c1fc1114@group-7E155E250634-LeaderElection8 PRE_VOTE round 0: result PASSED
2025-10-10 10:37:48,024 [bb95c33f-a3cb-4bbe-957e-8163c1fc1114@group-7E155E250634-LeaderElection8] INFO  impl.LeaderElection (LeaderElection.java:askForVotes(448)) - bb95c33f-a3cb-4bbe-957e-8163c1fc1114@group-7E155E250634-LeaderElection8 ELECTION round 0: submit vote requests at term 1 for conf: {index: -1, cur=peers:[bb95c33f-a3cb-4bbe-957e-8163c1fc1114|127.0.0.1:15031, 1a301c79-b9ef-44e0-a0ae-b339f61819a5|127.0.0.1:15023, 43369f36-6a0f-45ae-a8eb-f0d390948370|127.0.0.1:15015]|listeners:[], old=null}
2025-10-10 10:37:48,027 [grpc-default-executor-2] INFO  server.RaftServer$Division (RaftServerImpl.java:requestVote(1421)) - 43369f36-6a0f-45ae-a8eb-f0d390948370@group-7E155E250634: receive requestVote(ELECTION, bb95c33f-a3cb-4bbe-957e-8163c1fc1114, group-7E155E250634, 1, <PROTO_DEFAULT>)
2025-10-10 10:37:48,027 [grpc-default-executor-2] INFO  impl.VoteContext (VoteContext.java:log(49)) - 43369f36-6a0f-45ae-a8eb-f0d390948370@group-7E155E250634-FOLLOWER: accept ELECTION from bb95c33f-a3cb-4bbe-957e-8163c1fc1114: our priority 0 <= candidate's priority 1
2025-10-10 10:37:48,027 [grpc-default-executor-2] INFO  server.RaftServer$Division (RaftServerImpl.java:setRole(392)) - 43369f36-6a0f-45ae-a8eb-f0d390948370@group-7E155E250634: changes role from  FOLLOWER to FOLLOWER at term 0 for candidate:bb95c33f-a3cb-4bbe-957e-8163c1fc1114
2025-10-10 10:37:48,027 [grpc-default-executor-2] INFO  impl.RoleInfo (RoleInfo.java:shutdownFollowerState(121)) - 43369f36-6a0f-45ae-a8eb-f0d390948370: shutdown 43369f36-6a0f-45ae-a8eb-f0d390948370@group-7E155E250634-FollowerState
2025-10-10 10:37:48,027 [grpc-default-executor-2] INFO  impl.RoleInfo (RoleInfo.java:updateAndGet(148)) - 43369f36-6a0f-45ae-a8eb-f0d390948370: start 43369f36-6a0f-45ae-a8eb-f0d390948370@group-7E155E250634-FollowerState
2025-10-10 10:37:48,029 [grpc-default-executor-1] INFO  server.RaftServer$Division (RaftServerImpl.java:requestVote(1421)) - 1a301c79-b9ef-44e0-a0ae-b339f61819a5@group-7E155E250634: receive requestVote(ELECTION, bb95c33f-a3cb-4bbe-957e-8163c1fc1114, group-7E155E250634, 1, <PROTO_DEFAULT>)
2025-10-10 10:37:48,029 [grpc-default-executor-1] INFO  impl.VoteContext (VoteContext.java:log(49)) - 1a301c79-b9ef-44e0-a0ae-b339f61819a5@group-7E155E250634-FOLLOWER: accept ELECTION from bb95c33f-a3cb-4bbe-957e-8163c1fc1114: our priority 0 <= candidate's priority 1
2025-10-10 10:37:48,029 [grpc-default-executor-1] INFO  server.RaftServer$Division (RaftServerImpl.java:setRole(392)) - 1a301c79-b9ef-44e0-a0ae-b339f61819a5@group-7E155E250634: changes role from  FOLLOWER to FOLLOWER at term 0 for candidate:bb95c33f-a3cb-4bbe-957e-8163c1fc1114
2025-10-10 10:37:48,029 [grpc-default-executor-1] INFO  impl.RoleInfo (RoleInfo.java:shutdownFollowerState(121)) - 1a301c79-b9ef-44e0-a0ae-b339f61819a5: shutdown 1a301c79-b9ef-44e0-a0ae-b339f61819a5@group-7E155E250634-FollowerState
2025-10-10 10:37:48,029 [grpc-default-executor-1] INFO  impl.RoleInfo (RoleInfo.java:updateAndGet(148)) - 1a301c79-b9ef-44e0-a0ae-b339f61819a5: start 1a301c79-b9ef-44e0-a0ae-b339f61819a5@group-7E155E250634-FollowerState
2025-10-10 10:37:48,030 [43369f36-6a0f-45ae-a8eb-f0d390948370@group-7E155E250634-FollowerState] INFO  impl.FollowerState (FollowerState.java:runImpl(170)) - 43369f36-6a0f-45ae-a8eb-f0d390948370@group-7E155E250634-FollowerState was interrupted
2025-10-10 10:37:48,030 [1a301c79-b9ef-44e0-a0ae-b339f61819a5@group-7E155E250634-FollowerState] INFO  impl.FollowerState (FollowerState.java:runImpl(170)) - 1a301c79-b9ef-44e0-a0ae-b339f61819a5@group-7E155E250634-FollowerState was interrupted
2025-10-10 10:37:48,030 [grpc-default-executor-1] INFO  server.RaftServer$Division (RaftServerImpl.java:setFirstElection(576)) - 1a301c79-b9ef-44e0-a0ae-b339f61819a5@group-7E155E250634: set firstElectionSinceStartup to false for candidate:bb95c33f-a3cb-4bbe-957e-8163c1fc1114
2025-10-10 10:37:48,030 [grpc-default-executor-2] INFO  server.RaftServer$Division (RaftServerImpl.java:requestVote(1455)) - 43369f36-6a0f-45ae-a8eb-f0d390948370@group-7E155E250634 replies to ELECTION vote request: bb95c33f-a3cb-4bbe-957e-8163c1fc1114<-43369f36-6a0f-45ae-a8eb-f0d390948370#0:OK-t1-last:<INITIAL_VALUE>. Peer's state: 43369f36-6a0f-45ae-a8eb-f0d390948370@group-7E155E250634:t1, leader=null, voted=bb95c33f-a3cb-4bbe-957e-8163c1fc1114, raftlog=Memoized:43369f36-6a0f-45ae-a8eb-f0d390948370@group-7E155E250634-SegmentedRaftLog:OPENED:c-1:lastnull, conf=conf: {index: -1, cur=peers:[bb95c33f-a3cb-4bbe-957e-8163c1fc1114|127.0.0.1:15031, 1a301c79-b9ef-44e0-a0ae-b339f61819a5|127.0.0.1:15023, 43369f36-6a0f-45ae-a8eb-f0d390948370|127.0.0.1:15015]|listeners:[], old=null}
2025-10-10 10:37:48,032 [grpc-default-executor-1] INFO  server.RaftServer$Division (RaftServerImpl.java:requestVote(1455)) - 1a301c79-b9ef-44e0-a0ae-b339f61819a5@group-7E155E250634 replies to ELECTION vote request: bb95c33f-a3cb-4bbe-957e-8163c1fc1114<-1a301c79-b9ef-44e0-a0ae-b339f61819a5#0:OK-t1-last:<INITIAL_VALUE>. Peer's state: 1a301c79-b9ef-44e0-a0ae-b339f61819a5@group-7E155E250634:t1, leader=null, voted=bb95c33f-a3cb-4bbe-957e-8163c1fc1114, raftlog=Memoized:1a301c79-b9ef-44e0-a0ae-b339f61819a5@group-7E155E250634-SegmentedRaftLog:OPENED:c-1:lastnull, conf=conf: {index: -1, cur=peers:[bb95c33f-a3cb-4bbe-957e-8163c1fc1114|127.0.0.1:15031, 1a301c79-b9ef-44e0-a0ae-b339f61819a5|127.0.0.1:15023, 43369f36-6a0f-45ae-a8eb-f0d390948370|127.0.0.1:15015]|listeners:[], old=null}
2025-10-10 10:37:48,033 [bb95c33f-a3cb-4bbe-957e-8163c1fc1114@group-7E155E250634-LeaderElection8] INFO  impl.LeaderElection (LeaderElection.java:logAndReturn(206)) - bb95c33f-a3cb-4bbe-957e-8163c1fc1114@group-7E155E250634-LeaderElection8: ELECTION PASSED received 1 response(s) and 0 exception(s):
2025-10-10 10:37:48,033 [bb95c33f-a3cb-4bbe-957e-8163c1fc1114@group-7E155E250634-LeaderElection8] INFO  impl.LeaderElection (LeaderElection.java:logAndReturn(210)) -   Response 0: bb95c33f-a3cb-4bbe-957e-8163c1fc1114<-43369f36-6a0f-45ae-a8eb-f0d390948370#0:OK-t1-last:<INITIAL_VALUE>
2025-10-10 10:37:48,033 [bb95c33f-a3cb-4bbe-957e-8163c1fc1114@group-7E155E250634-LeaderElection8] INFO  impl.LeaderElection (LeaderElection.java:askForVotes(450)) - bb95c33f-a3cb-4bbe-957e-8163c1fc1114@group-7E155E250634-LeaderElection8 ELECTION round 0: result PASSED
2025-10-10 10:37:48,033 [bb95c33f-a3cb-4bbe-957e-8163c1fc1114@group-7E155E250634-LeaderElection8] INFO  impl.RoleInfo (RoleInfo.java:shutdownLeaderElection(141)) - bb95c33f-a3cb-4bbe-957e-8163c1fc1114: shutdown bb95c33f-a3cb-4bbe-957e-8163c1fc1114@group-7E155E250634-LeaderElection8
2025-10-10 10:37:48,034 [bb95c33f-a3cb-4bbe-957e-8163c1fc1114@group-7E155E250634-LeaderElection8] INFO  server.RaftServer$Division (RaftServerImpl.java:setRole(392)) - bb95c33f-a3cb-4bbe-957e-8163c1fc1114@group-7E155E250634: changes role from CANDIDATE to LEADER at term 1 for changeToLeader
2025-10-10 10:37:48,034 [bb95c33f-a3cb-4bbe-957e-8163c1fc1114@group-7E155E250634-LeaderElection8] INFO  server.RaftServerConfigKeys (ConfUtils.java:logFallback(69)) - raft.server.staging.timeout = 3600ms (fallback to raft.server.rpc.timeout.max)
2025-10-10 10:37:48,034 [bb95c33f-a3cb-4bbe-957e-8163c1fc1114@group-7E155E250634-LeaderElection8] INFO  server.RaftServerConfigKeys (ConfUtils.java:logGet(62)) - raft.server.write.byte-limit = 1024 M (=1073741824) (custom)
2025-10-10 10:37:48,035 [ad892cb1-3002-4758-a303-de6f39da4dbc@group-7FE9BF83969B-FollowerState] INFO  impl.FollowerState (FollowerState.java:runImpl(161)) - ad892cb1-3002-4758-a303-de6f39da4dbc@group-7FE9BF83969B-FollowerState: change to CANDIDATE, lastRpcElapsedTime:1036529155ns, electionTimeout:1034ms
2025-10-10 10:37:48,035 [ad892cb1-3002-4758-a303-de6f39da4dbc@group-7FE9BF83969B-FollowerState] INFO  impl.RoleInfo (RoleInfo.java:shutdownFollowerState(121)) - ad892cb1-3002-4758-a303-de6f39da4dbc: shutdown ad892cb1-3002-4758-a303-de6f39da4dbc@group-7FE9BF83969B-FollowerState
2025-10-10 10:37:48,037 [ad892cb1-3002-4758-a303-de6f39da4dbc@group-7FE9BF83969B-FollowerState] INFO  server.RaftServer$Division (RaftServerImpl.java:setRole(392)) - ad892cb1-3002-4758-a303-de6f39da4dbc@group-7FE9BF83969B: changes role from  FOLLOWER to CANDIDATE at term 0 for changeToCandidate
2025-10-10 10:37:48,037 [ad892cb1-3002-4758-a303-de6f39da4dbc@group-7FE9BF83969B-FollowerState] INFO  impl.RoleInfo (RoleInfo.java:updateAndGet(148)) - ad892cb1-3002-4758-a303-de6f39da4dbc: start ad892cb1-3002-4758-a303-de6f39da4dbc@group-7FE9BF83969B-LeaderElection9
2025-10-10 10:37:48,037 [ad892cb1-3002-4758-a303-de6f39da4dbc@group-7FE9BF83969B-LeaderElection9] INFO  impl.LeaderElection (LeaderElection.java:askForVotes(448)) - ad892cb1-3002-4758-a303-de6f39da4dbc@group-7FE9BF83969B-LeaderElection9 PRE_VOTE round 0: submit vote requests at term 0 for conf: {index: -1, cur=peers:[9ab71813-e86f-4276-8581-297fed06961e|127.0.0.1:15047, ad892cb1-3002-4758-a303-de6f39da4dbc|127.0.0.1:15039, 22d9c8a1-4559-44b0-a4af-9630f79f1f05|127.0.0.1:15055]|listeners:[], old=null}
2025-10-10 10:37:48,038 [ad892cb1-3002-4758-a303-de6f39da4dbc@group-7FE9BF83969B-LeaderElection9-1] INFO  server.GrpcServerProtocolClient (GrpcServerProtocolClient.java:<init>(65)) - Build channel for 9ab71813-e86f-4276-8581-297fed06961e|127.0.0.1:15047
2025-10-10 10:37:48,040 [ad892cb1-3002-4758-a303-de6f39da4dbc@group-7FE9BF83969B-LeaderElection9-2] INFO  server.GrpcServerProtocolClient (GrpcServerProtocolClient.java:<init>(65)) - Build channel for 22d9c8a1-4559-44b0-a4af-9630f79f1f05|127.0.0.1:15055
2025-10-10 10:37:48,045 [aa9634f0-8836-44d6-bc05-5b19fbdd93d5-CreatePipelineCommandHandlerThread-0] INFO  server.RaftServer (RaftServerProxy.java:addNew(105)) - aa9634f0-8836-44d6-bc05-5b19fbdd93d5: addNew group-A002C7D4E542:[aa9634f0-8836-44d6-bc05-5b19fbdd93d5|127.0.0.1:15063] returns group-A002C7D4E542:java.util.concurrent.CompletableFuture@19521c97[Not completed]
2025-10-10 10:37:48,046 [22d9c8a1-4559-44b0-a4af-9630f79f1f05@group-7FE9BF83969B-FollowerState] INFO  impl.FollowerState (FollowerState.java:runImpl(161)) - 22d9c8a1-4559-44b0-a4af-9630f79f1f05@group-7FE9BF83969B-FollowerState: change to CANDIDATE, lastRpcElapsedTime:1175938488ns, electionTimeout:1174ms
2025-10-10 10:37:48,046 [22d9c8a1-4559-44b0-a4af-9630f79f1f05@group-7FE9BF83969B-FollowerState] INFO  impl.RoleInfo (RoleInfo.java:shutdownFollowerState(121)) - 22d9c8a1-4559-44b0-a4af-9630f79f1f05: shutdown 22d9c8a1-4559-44b0-a4af-9630f79f1f05@group-7FE9BF83969B-FollowerState
2025-10-10 10:37:48,046 [22d9c8a1-4559-44b0-a4af-9630f79f1f05@group-7FE9BF83969B-FollowerState] INFO  server.RaftServer$Division (RaftServerImpl.java:setRole(392)) - 22d9c8a1-4559-44b0-a4af-9630f79f1f05@group-7FE9BF83969B: changes role from  FOLLOWER to CANDIDATE at term 0 for changeToCandidate
2025-10-10 10:37:48,046 [22d9c8a1-4559-44b0-a4af-9630f79f1f05@group-7FE9BF83969B-FollowerState] INFO  impl.RoleInfo (RoleInfo.java:updateAndGet(148)) - 22d9c8a1-4559-44b0-a4af-9630f79f1f05: start 22d9c8a1-4559-44b0-a4af-9630f79f1f05@group-7FE9BF83969B-LeaderElection10
2025-10-10 10:37:48,048 [22d9c8a1-4559-44b0-a4af-9630f79f1f05@group-7FE9BF83969B-LeaderElection10] INFO  impl.LeaderElection (LeaderElection.java:askForVotes(448)) - 22d9c8a1-4559-44b0-a4af-9630f79f1f05@group-7FE9BF83969B-LeaderElection10 PRE_VOTE round 0: submit vote requests at term 0 for conf: {index: -1, cur=peers:[9ab71813-e86f-4276-8581-297fed06961e|127.0.0.1:15047, ad892cb1-3002-4758-a303-de6f39da4dbc|127.0.0.1:15039, 22d9c8a1-4559-44b0-a4af-9630f79f1f05|127.0.0.1:15055]|listeners:[], old=null}
2025-10-10 10:37:48,049 [bb95c33f-a3cb-4bbe-957e-8163c1fc1114@group-7E155E250634-LeaderElection8] INFO  server.RaftServerConfigKeys (ConfUtils.java:logGet(62)) - raft.server.log.appender.snapshot.chunk.size.max = 16MB (=16777216) (default)
2025-10-10 10:37:48,049 [bb95c33f-a3cb-4bbe-957e-8163c1fc1114@group-7E155E250634-LeaderElection8] INFO  server.RaftServerConfigKeys (ConfUtils.java:logGet(62)) - raft.server.log.appender.buffer.byte-limit = 33554432 (custom)
2025-10-10 10:37:48,049 [bb95c33f-a3cb-4bbe-957e-8163c1fc1114@group-7E155E250634-LeaderElection8] INFO  server.RaftServerConfigKeys (ConfUtils.java:logGet(62)) - raft.server.log.appender.buffer.element-limit = 1024 (custom)
2025-10-10 10:37:48,049 [aa9634f0-8836-44d6-bc05-5b19fbdd93d5-groupManagement] INFO  server.RaftServer$Division (RaftServerImpl.java:<init>(268)) - aa9634f0-8836-44d6-bc05-5b19fbdd93d5: new RaftServerImpl for group-A002C7D4E542:[aa9634f0-8836-44d6-bc05-5b19fbdd93d5|127.0.0.1:15063] with ContainerStateMachine:uninitialized
2025-10-10 10:37:48,049 [aa9634f0-8836-44d6-bc05-5b19fbdd93d5-groupManagement] INFO  server.RaftServer$Division (ServerState.java:<init>(114)) - aa9634f0-8836-44d6-bc05-5b19fbdd93d5@group-A002C7D4E542: ConfigurationManager, init=conf: {index: -1, cur=peers:[aa9634f0-8836-44d6-bc05-5b19fbdd93d5|127.0.0.1:15063]|listeners:[], old=null}, confs=<EMPTY_MAP>
2025-10-10 10:37:48,050 [22d9c8a1-4559-44b0-a4af-9630f79f1f05@group-7FE9BF83969B-LeaderElection10-1] INFO  server.GrpcServerProtocolClient (GrpcServerProtocolClient.java:<init>(65)) - Build channel for 9ab71813-e86f-4276-8581-297fed06961e|127.0.0.1:15047
2025-10-10 10:37:48,050 [22d9c8a1-4559-44b0-a4af-9630f79f1f05@group-7FE9BF83969B-LeaderElection10-2] INFO  server.GrpcServerProtocolClient (GrpcServerProtocolClient.java:<init>(65)) - Build channel for ad892cb1-3002-4758-a303-de6f39da4dbc|127.0.0.1:15039
2025-10-10 10:37:48,051 [grpc-default-executor-1] INFO  server.RaftServer$Division (RaftServerImpl.java:requestVote(1421)) - 9ab71813-e86f-4276-8581-297fed06961e@group-7FE9BF83969B: receive requestVote(PRE_VOTE, ad892cb1-3002-4758-a303-de6f39da4dbc, group-7FE9BF83969B, 0, <PROTO_DEFAULT>)
2025-10-10 10:37:48,051 [grpc-default-executor-1] INFO  impl.VoteContext (VoteContext.java:log(49)) - 9ab71813-e86f-4276-8581-297fed06961e@group-7FE9BF83969B-FOLLOWER: accept PRE_VOTE from ad892cb1-3002-4758-a303-de6f39da4dbc: our priority 0 <= candidate's priority 0
2025-10-10 10:37:48,052 [bb95c33f-a3cb-4bbe-957e-8163c1fc1114@group-7E155E250634-LeaderElection8] INFO  server.RaftServerConfigKeys (ConfUtils.java:logGet(62)) - raft.server.log.appender.wait-time.min = 0ms (custom)
2025-10-10 10:37:48,052 [grpc-default-executor-1] INFO  server.RaftServer$Division (RaftServerImpl.java:requestVote(1455)) - 9ab71813-e86f-4276-8581-297fed06961e@group-7FE9BF83969B replies to PRE_VOTE vote request: ad892cb1-3002-4758-a303-de6f39da4dbc<-9ab71813-e86f-4276-8581-297fed06961e#0:OK-t0-last:<INITIAL_VALUE>. Peer's state: 9ab71813-e86f-4276-8581-297fed06961e@group-7FE9BF83969B:t0, leader=null, voted=, raftlog=Memoized:9ab71813-e86f-4276-8581-297fed06961e@group-7FE9BF83969B-SegmentedRaftLog:OPENED:c-1:lastnull, conf=conf: {index: -1, cur=peers:[9ab71813-e86f-4276-8581-297fed06961e|127.0.0.1:15047, ad892cb1-3002-4758-a303-de6f39da4dbc|127.0.0.1:15039, 22d9c8a1-4559-44b0-a4af-9630f79f1f05|127.0.0.1:15055]|listeners:[], old=null}
2025-10-10 10:37:48,054 [bb95c33f-a3cb-4bbe-957e-8163c1fc1114@group-7E155E250634-LeaderElection8] INFO  grpc.GrpcConfigKeys (ConfUtils.java:logGet(62)) - raft.grpc.server.leader.outstanding.appends.max = 8 (default)
2025-10-10 10:37:48,054 [bb95c33f-a3cb-4bbe-957e-8163c1fc1114@group-7E155E250634-LeaderElection8] INFO  grpc.GrpcConfigKeys (ConfUtils.java:logGet(62)) - raft.grpc.server.install_snapshot.request.element-limit = 8 (default)
2025-10-10 10:37:48,055 [bb95c33f-a3cb-4bbe-957e-8163c1fc1114@group-7E155E250634-LeaderElection8] INFO  grpc.GrpcConfigKeys (ConfUtils.java:logGet(62)) - raft.grpc.server.install_snapshot.request.timeout = 3000ms (default)
2025-10-10 10:37:48,055 [bb95c33f-a3cb-4bbe-957e-8163c1fc1114@group-7E155E250634-LeaderElection8] INFO  grpc.GrpcConfigKeys (ConfUtils.java:logGet(62)) - raft.grpc.server.log-message.batch.duration = 5s (default)
2025-10-10 10:37:48,054 [grpc-default-executor-0] INFO  server.RaftServer$Division (RaftServerImpl.java:requestVote(1421)) - 22d9c8a1-4559-44b0-a4af-9630f79f1f05@group-7FE9BF83969B: receive requestVote(PRE_VOTE, ad892cb1-3002-4758-a303-de6f39da4dbc, group-7FE9BF83969B, 0, <PROTO_DEFAULT>)
2025-10-10 10:37:48,055 [grpc-default-executor-0] INFO  impl.VoteContext (VoteContext.java:log(49)) - 22d9c8a1-4559-44b0-a4af-9630f79f1f05@group-7FE9BF83969B-CANDIDATE: reject PRE_VOTE from ad892cb1-3002-4758-a303-de6f39da4dbc: our priority 1 > candidate's priority 0
2025-10-10 10:37:48,055 [grpc-default-executor-0] INFO  server.RaftServer$Division (RaftServerImpl.java:requestVote(1455)) - 22d9c8a1-4559-44b0-a4af-9630f79f1f05@group-7FE9BF83969B replies to PRE_VOTE vote request: ad892cb1-3002-4758-a303-de6f39da4dbc<-22d9c8a1-4559-44b0-a4af-9630f79f1f05#0:FAIL-t0-last:<INITIAL_VALUE>. Peer's state: 22d9c8a1-4559-44b0-a4af-9630f79f1f05@group-7FE9BF83969B:t0, leader=null, voted=, raftlog=Memoized:22d9c8a1-4559-44b0-a4af-9630f79f1f05@group-7FE9BF83969B-SegmentedRaftLog:OPENED:c-1:lastnull, conf=conf: {index: -1, cur=peers:[9ab71813-e86f-4276-8581-297fed06961e|127.0.0.1:15047, ad892cb1-3002-4758-a303-de6f39da4dbc|127.0.0.1:15039, 22d9c8a1-4559-44b0-a4af-9630f79f1f05|127.0.0.1:15055]|listeners:[], old=null}
2025-10-10 10:37:48,060 [aa9634f0-8836-44d6-bc05-5b19fbdd93d5-groupManagement] INFO  server.RaftServerConfigKeys (ConfUtils.java:logGet(62)) - raft.server.storage.dir = [/home/runner/work/ozone/ozone/hadoop-ozone/integration-test/target/test-dir/MiniOzoneClusterImpl-611c99c7-d47b-4433-a4ef-cd0a35b076ef/ozone-metadata/datanode-7/ratis] (custom)
2025-10-10 10:37:48,062 [grpc-default-executor-1] INFO  server.RaftServer$Division (RaftServerImpl.java:requestVote(1421)) - 9ab71813-e86f-4276-8581-297fed06961e@group-7FE9BF83969B: receive requestVote(PRE_VOTE, 22d9c8a1-4559-44b0-a4af-9630f79f1f05, group-7FE9BF83969B, 0, <PROTO_DEFAULT>)
2025-10-10 10:37:48,063 [grpc-default-executor-1] INFO  impl.VoteContext (VoteContext.java:log(49)) - 9ab71813-e86f-4276-8581-297fed06961e@group-7FE9BF83969B-FOLLOWER: accept PRE_VOTE from 22d9c8a1-4559-44b0-a4af-9630f79f1f05: our priority 0 <= candidate's priority 1
2025-10-10 10:37:48,063 [grpc-default-executor-1] INFO  server.RaftServer$Division (RaftServerImpl.java:requestVote(1455)) - 9ab71813-e86f-4276-8581-297fed06961e@group-7FE9BF83969B replies to PRE_VOTE vote request: 22d9c8a1-4559-44b0-a4af-9630f79f1f05<-9ab71813-e86f-4276-8581-297fed06961e#0:OK-t0-last:<INITIAL_VALUE>. Peer's state: 9ab71813-e86f-4276-8581-297fed06961e@group-7FE9BF83969B:t0, leader=null, voted=, raftlog=Memoized:9ab71813-e86f-4276-8581-297fed06961e@group-7FE9BF83969B-SegmentedRaftLog:OPENED:c-1:lastnull, conf=conf: {index: -1, cur=peers:[9ab71813-e86f-4276-8581-297fed06961e|127.0.0.1:15047, ad892cb1-3002-4758-a303-de6f39da4dbc|127.0.0.1:15039, 22d9c8a1-4559-44b0-a4af-9630f79f1f05|127.0.0.1:15055]|listeners:[], old=null}
2025-10-10 10:37:48,062 [aa9634f0-8836-44d6-bc05-5b19fbdd93d5-groupManagement] INFO  storage.RaftStorageDirectory (RaftStorageDirectoryImpl.java:analyzeStorage(138)) - The storage directory /home/runner/work/ozone/ozone/hadoop-ozone/integration-test/target/test-dir/MiniOzoneClusterImpl-611c99c7-d47b-4433-a4ef-cd0a35b076ef/ozone-metadata/datanode-7/ratis/0e451b0a-d61f-4383-be9e-a002c7d4e542 does not exist. Creating ...
2025-10-10 10:37:48,065 [22d9c8a1-4559-44b0-a4af-9630f79f1f05@group-7FE9BF83969B-LeaderElection10] INFO  impl.LeaderElection (LeaderElection.java:logAndReturn(206)) - 22d9c8a1-4559-44b0-a4af-9630f79f1f05@group-7FE9BF83969B-LeaderElection10: PRE_VOTE PASSED received 1 response(s) and 0 exception(s):
2025-10-10 10:37:48,065 [22d9c8a1-4559-44b0-a4af-9630f79f1f05@group-7FE9BF83969B-LeaderElection10] INFO  impl.LeaderElection (LeaderElection.java:logAndReturn(210)) -   Response 0: 22d9c8a1-4559-44b0-a4af-9630f79f1f05<-9ab71813-e86f-4276-8581-297fed06961e#0:OK-t0-last:<INITIAL_VALUE>
2025-10-10 10:37:48,065 [22d9c8a1-4559-44b0-a4af-9630f79f1f05@group-7FE9BF83969B-LeaderElection10] INFO  impl.LeaderElection (LeaderElection.java:askForVotes(450)) - 22d9c8a1-4559-44b0-a4af-9630f79f1f05@group-7FE9BF83969B-LeaderElection10 PRE_VOTE round 0: result PASSED
2025-10-10 10:37:48,065 [aa9634f0-8836-44d6-bc05-5b19fbdd93d5-groupManagement] INFO  storage.RaftStorageDirectory (RaftStorageDirectoryImpl.java:tryLock(229)) - Lock on /home/runner/work/ozone/ozone/hadoop-ozone/integration-test/target/test-dir/MiniOzoneClusterImpl-611c99c7-d47b-4433-a4ef-cd0a35b076ef/ozone-metadata/datanode-7/ratis/0e451b0a-d61f-4383-be9e-a002c7d4e542/in_use.lock acquired by nodename 58401@localhost
2025-10-10 10:37:48,066 [ad892cb1-3002-4758-a303-de6f39da4dbc@group-7FE9BF83969B-LeaderElection9] INFO  impl.LeaderElection (LeaderElection.java:logAndReturn(206)) - ad892cb1-3002-4758-a303-de6f39da4dbc@group-7FE9BF83969B-LeaderElection9: PRE_VOTE REJECTED received 2 response(s) and 0 exception(s):
2025-10-10 10:37:48,066 [grpc-default-executor-1] INFO  server.RaftServer$Division (RaftServerImpl.java:requestVote(1421)) - ad892cb1-3002-4758-a303-de6f39da4dbc@group-7FE9BF83969B: receive requestVote(PRE_VOTE, 22d9c8a1-4559-44b0-a4af-9630f79f1f05, group-7FE9BF83969B, 0, <PROTO_DEFAULT>)
2025-10-10 10:37:48,066 [grpc-default-executor-1] INFO  impl.VoteContext (VoteContext.java:log(49)) - ad892cb1-3002-4758-a303-de6f39da4dbc@group-7FE9BF83969B-CANDIDATE: accept PRE_VOTE from 22d9c8a1-4559-44b0-a4af-9630f79f1f05: our priority 0 <= candidate's priority 1
2025-10-10 10:37:48,066 [ad892cb1-3002-4758-a303-de6f39da4dbc@group-7FE9BF83969B-LeaderElection9] INFO  impl.LeaderElection (LeaderElection.java:logAndReturn(210)) -   Response 0: ad892cb1-3002-4758-a303-de6f39da4dbc<-9ab71813-e86f-4276-8581-297fed06961e#0:OK-t0-last:<INITIAL_VALUE>
2025-10-10 10:37:48,066 [grpc-default-executor-1] INFO  server.RaftServer$Division (RaftServerImpl.java:requestVote(1455)) - ad892cb1-3002-4758-a303-de6f39da4dbc@group-7FE9BF83969B replies to PRE_VOTE vote request: 22d9c8a1-4559-44b0-a4af-9630f79f1f05<-ad892cb1-3002-4758-a303-de6f39da4dbc#0:OK-t0-last:<INITIAL_VALUE>. Peer's state: ad892cb1-3002-4758-a303-de6f39da4dbc@group-7FE9BF83969B:t0, leader=null, voted=, raftlog=Memoized:ad892cb1-3002-4758-a303-de6f39da4dbc@group-7FE9BF83969B-SegmentedRaftLog:OPENED:c-1:lastnull, conf=conf: {index: -1, cur=peers:[9ab71813-e86f-4276-8581-297fed06961e|127.0.0.1:15047, ad892cb1-3002-4758-a303-de6f39da4dbc|127.0.0.1:15039, 22d9c8a1-4559-44b0-a4af-9630f79f1f05|127.0.0.1:15055]|listeners:[], old=null}
2025-10-10 10:37:48,066 [ad892cb1-3002-4758-a303-de6f39da4dbc@group-7FE9BF83969B-LeaderElection9] INFO  impl.LeaderElection (LeaderElection.java:logAndReturn(210)) -   Response 1: ad892cb1-3002-4758-a303-de6f39da4dbc<-22d9c8a1-4559-44b0-a4af-9630f79f1f05#0:FAIL-t0-last:<INITIAL_VALUE>
2025-10-10 10:37:48,066 [ad892cb1-3002-4758-a303-de6f39da4dbc@group-7FE9BF83969B-LeaderElection9] INFO  impl.LeaderElection (LeaderElection.java:askForVotes(450)) - ad892cb1-3002-4758-a303-de6f39da4dbc@group-7FE9BF83969B-LeaderElection9 PRE_VOTE round 0: result REJECTED
2025-10-10 10:37:48,066 [ad892cb1-3002-4758-a303-de6f39da4dbc@group-7FE9BF83969B-LeaderElection9] INFO  server.RaftServer$Division (RaftServerImpl.java:setRole(392)) - ad892cb1-3002-4758-a303-de6f39da4dbc@group-7FE9BF83969B: changes role from CANDIDATE to FOLLOWER at term 0 for REJECTED
2025-10-10 10:37:48,067 [ad892cb1-3002-4758-a303-de6f39da4dbc@group-7FE9BF83969B-LeaderElection9] INFO  impl.RoleInfo (RoleInfo.java:shutdownLeaderElection(141)) - ad892cb1-3002-4758-a303-de6f39da4dbc: shutdown ad892cb1-3002-4758-a303-de6f39da4dbc@group-7FE9BF83969B-LeaderElection9
2025-10-10 10:37:48,067 [ad892cb1-3002-4758-a303-de6f39da4dbc@group-7FE9BF83969B-LeaderElection9] INFO  impl.RoleInfo (RoleInfo.java:updateAndGet(148)) - ad892cb1-3002-4758-a303-de6f39da4dbc: start ad892cb1-3002-4758-a303-de6f39da4dbc@group-7FE9BF83969B-FollowerState
2025-10-10 10:37:48,067 [bb95c33f-a3cb-4bbe-957e-8163c1fc1114@group-7E155E250634-LeaderElection8] INFO  server.RaftServerConfigKeys (ConfUtils.java:logGet(62)) - raft.server.log.appender.buffer.byte-limit = 33554432 (custom)
2025-10-10 10:37:48,068 [ad892cb1-3002-4758-a303-de6f39da4dbc@group-7FE9BF83969B-LeaderElection9] INFO  server.RaftServer$Division (RaftServerImpl.java:setFirstElection(576)) - ad892cb1-3002-4758-a303-de6f39da4dbc@group-7FE9BF83969B: set firstElectionSinceStartup to false for REJECTED
2025-10-10 10:37:48,069 [bb95c33f-a3cb-4bbe-957e-8163c1fc1114@group-7E155E250634-LeaderElection8] INFO  impl.RoleInfo (RoleInfo.java:updateAndGet(148)) - bb95c33f-a3cb-4bbe-957e-8163c1fc1114: start bb95c33f-a3cb-4bbe-957e-8163c1fc1114@group-7E155E250634-LeaderStateImpl
2025-10-10 10:37:48,069 [bb95c33f-a3cb-4bbe-957e-8163c1fc1114@group-7E155E250634-LeaderElection8] INFO  server.RaftServer$Division (RaftServerImpl.java:setFirstElection(576)) - bb95c33f-a3cb-4bbe-957e-8163c1fc1114@group-7E155E250634: set firstElectionSinceStartup to false for becomeLeader
2025-10-10 10:37:48,069 [bb95c33f-a3cb-4bbe-957e-8163c1fc1114@group-7E155E250634-LeaderElection8] INFO  ratis.XceiverServerRatis (XceiverServerRatis.java:handleLeaderChangedNotification(940)) - Leader change notification received for group: group-7E155E250634 with new leaderId: bb95c33f-a3cb-4bbe-957e-8163c1fc1114
2025-10-10 10:37:48,069 [bb95c33f-a3cb-4bbe-957e-8163c1fc1114@group-7E155E250634-LeaderElection8] INFO  server.RaftServer$Division (ServerState.java:setLeader(272)) - bb95c33f-a3cb-4bbe-957e-8163c1fc1114@group-7E155E250634: change Leader from null to bb95c33f-a3cb-4bbe-957e-8163c1fc1114 at term 1 for becomeLeader, leader elected after 1128ms
2025-10-10 10:37:48,070 [bb95c33f-a3cb-4bbe-957e-8163c1fc1114@group-7E155E250634-LeaderElection8] INFO  segmented.SegmentedRaftLogWorker (SegmentedRaftLogWorker.java:startLogSegment(440)) - bb95c33f-a3cb-4bbe-957e-8163c1fc1114@group-7E155E250634-SegmentedRaftLogWorker: Starting segment from index:0
2025-10-10 10:37:48,070 [bb95c33f-a3cb-4bbe-957e-8163c1fc1114@group-7E155E250634-LeaderElection8] INFO  server.RaftServer$Division (ServerState.java:setRaftConf(386)) - bb95c33f-a3cb-4bbe-957e-8163c1fc1114@group-7E155E250634: set configuration conf: {index: 0, cur=peers:[bb95c33f-a3cb-4bbe-957e-8163c1fc1114|127.0.0.1:15031, 1a301c79-b9ef-44e0-a0ae-b339f61819a5|127.0.0.1:15023, 43369f36-6a0f-45ae-a8eb-f0d390948370|127.0.0.1:15015]|listeners:[], old=null}
2025-10-10 10:37:48,072 [bb95c33f-a3cb-4bbe-957e-8163c1fc1114@group-7E155E250634-SegmentedRaftLogWorker] INFO  segmented.BufferedWriteChannel (BufferedWriteChannel.java:open(61)) - open log_inprogress_0 at position 0
2025-10-10 10:37:48,072 [EventQueue-PipelineReportForOneReplicaPipelineSafeModeRule] INFO  safemode.SCMSafeModeManager (SCMSafeModeManager.java:validateSafeModeExitRules(138)) - AtleastOneDatanodeReportedRule rule is successfully validated
2025-10-10 10:37:48,079 [8502da08-471d-490f-823d-1244cc2731b5@group-CD0A35B076EF-StateMachineUpdater] INFO  safemode.SCMSafeModeManager (SCMSafeModeManager.java:validateSafeModeExitRules(138)) - DataNodeSafeModeRule rule is successfully validated
2025-10-10 10:37:48,079 [8502da08-471d-490f-823d-1244cc2731b5@group-CD0A35B076EF-StateMachineUpdater] INFO  safemode.SCMSafeModeManager (SCMSafeModeManager.java:validateSafeModeExitRules(138)) - RatisContainerSafeModeRule rule is successfully validated
2025-10-10 10:37:48,079 [8502da08-471d-490f-823d-1244cc2731b5@group-CD0A35B076EF-StateMachineUpdater] INFO  safemode.HealthyPipelineSafeModeRule (HealthyPipelineSafeModeRule.java:initializeRule(228)) - Refreshed total pipeline count is 1, healthy pipeline threshold count is 1
2025-10-10 10:37:48,079 [8502da08-471d-490f-823d-1244cc2731b5@group-CD0A35B076EF-StateMachineUpdater] INFO  safemode.SCMSafeModeManager (SCMSafeModeManager.java:validateSafeModeExitRules(138)) - ECContainerSafeModeRule rule is successfully validated
2025-10-10 10:37:48,079 [8502da08-471d-490f-823d-1244cc2731b5@group-CD0A35B076EF-StateMachineUpdater] INFO  safemode.SCMSafeModeManager (SCMSafeModeManager.java:validateSafeModeExitRules(138)) - AtleastOneDatanodeReportedRule rule is successfully validated
2025-10-10 10:37:48,080 [EventQueue-PipelineReportForPipelineReportHandler] INFO  pipeline.PipelineReportHandler (PipelineReportHandler.java:processPipelineReport(132)) - Opened pipeline Pipeline-6f49885d-a34d-467d-8256-7e155e250634
2025-10-10 10:37:48,080 [EventQueue-OpenPipelineForHealthyPipelineSafeModeRule] INFO  safemode.SCMSafeModeManager (HealthyPipelineSafeModeRule.java:process(196)) - SCM in safe mode. Healthy pipelines reported count is 1, required healthy pipeline reported count is 1
2025-10-10 10:37:48,080 [EventQueue-OpenPipelineForHealthyPipelineSafeModeRule] INFO  safemode.SCMSafeModeManager (SCMSafeModeManager.java:validateSafeModeExitRules(138)) - HealthyPipelineSafeModeRule rule is successfully validated
2025-10-10 10:37:48,080 [EventQueue-OpenPipelineForHealthyPipelineSafeModeRule] INFO  safemode.SCMSafeModeManager (SCMSafeModeManager.java:validateSafeModeExitRules(158)) - ScmSafeModeManager, all rules are successfully validated
2025-10-10 10:37:48,080 [EventQueue-OpenPipelineForHealthyPipelineSafeModeRule] INFO  safemode.SCMSafeModeManager (SCMSafeModeManager.java:validateSafeModeExitRules(159)) - SCM exiting safe mode.
2025-10-10 10:37:48,080 [EventQueue-OpenPipelineForHealthyPipelineSafeModeRule] INFO  ha.SCMContext (SCMContext.java:updateSafeModeStatus(224)) - Update SafeModeStatus from SafeModeStatus{safeModeStatus=true, preCheckPassed=true} to SafeModeStatus{safeModeStatus=false, preCheckPassed=true}.
2025-10-10 10:37:48,080 [EventQueue-OpenPipelineForHealthyPipelineSafeModeRule] INFO  BackgroundPipelineScrubber (BackgroundSCMService.java:notifyStatusChanged(78)) - Service BackgroundPipelineScrubber transitions to RUNNING.
2025-10-10 10:37:48,080 [EventQueue-OpenPipelineForHealthyPipelineSafeModeRule] INFO  ExpiredContainerReplicaOpScrubber (BackgroundSCMService.java:notifyStatusChanged(78)) - Service ExpiredContainerReplicaOpScrubber transitions to RUNNING.
2025-10-10 10:37:48,080 [EventQueue-OpenPipelineForHealthyPipelineSafeModeRule] INFO  block.SCMBlockDeletingService (SCMBlockDeletingService.java:notifyStatusChanged(265)) - notifyStatusChanged:RUNNING
2025-10-10 10:37:48,081 [EventQueue-OpenPipelineForHealthyPipelineSafeModeRule] INFO  replication.ReplicationManager (ReplicationManager.java:notifyStatusChanged(1389)) - Service ReplicationManager transitions to RUNNING.
2025-10-10 10:37:48,083 [aa9634f0-8836-44d6-bc05-5b19fbdd93d5-groupManagement] INFO  storage.RaftStorage (RaftStorageImpl.java:format(98)) - Storage directory /home/runner/work/ozone/ozone/hadoop-ozone/integration-test/target/test-dir/MiniOzoneClusterImpl-611c99c7-d47b-4433-a4ef-cd0a35b076ef/ozone-metadata/datanode-7/ratis/0e451b0a-d61f-4383-be9e-a002c7d4e542 has been successfully formatted.
2025-10-10 10:37:48,083 [22d9c8a1-4559-44b0-a4af-9630f79f1f05@group-7FE9BF83969B-LeaderElection10] INFO  impl.LeaderElection (LeaderElection.java:askForVotes(448)) - 22d9c8a1-4559-44b0-a4af-9630f79f1f05@group-7FE9BF83969B-LeaderElection10 ELECTION round 0: submit vote requests at term 1 for conf: {index: -1, cur=peers:[9ab71813-e86f-4276-8581-297fed06961e|127.0.0.1:15047, ad892cb1-3002-4758-a303-de6f39da4dbc|127.0.0.1:15039, 22d9c8a1-4559-44b0-a4af-9630f79f1f05|127.0.0.1:15055]|listeners:[], old=null}
2025-10-10 10:37:48,084 [bb95c33f-a3cb-4bbe-957e-8163c1fc1114@group-7E155E250634-SegmentedRaftLogWorker] INFO  segmented.SegmentedRaftLogWorker (SegmentedRaftLogWorker.java:execute(647)) - bb95c33f-a3cb-4bbe-957e-8163c1fc1114@group-7E155E250634-SegmentedRaftLogWorker: created new log segment /home/runner/work/ozone/ozone/hadoop-ozone/integration-test/target/test-dir/MiniOzoneClusterImpl-611c99c7-d47b-4433-a4ef-cd0a35b076ef/ozone-metadata/datanode-3/ratis/6f49885d-a34d-467d-8256-7e155e250634/current/log_inprogress_0
2025-10-10 10:37:48,085 [aa9634f0-8836-44d6-bc05-5b19fbdd93d5-groupManagement] INFO  ratis.ContainerStateMachine (ContainerStateMachine.java:initialize(339)) - aa9634f0-8836-44d6-bc05-5b19fbdd93d5: initialize group-A002C7D4E542
2025-10-10 10:37:48,088 [aa9634f0-8836-44d6-bc05-5b19fbdd93d5-groupManagement] INFO  ratis.ContainerStateMachine (ContainerStateMachine.java:loadSnapshot(347)) - group-A002C7D4E542: The snapshot info is null. Setting the last applied index to:<INITIAL_VALUE>
2025-10-10 10:37:48,088 [aa9634f0-8836-44d6-bc05-5b19fbdd93d5-groupManagement] INFO  server.RaftServerConfigKeys (ConfUtils.java:logGet(62)) - raft.server.log.appender.buffer.byte-limit = 33554432 (custom)
2025-10-10 10:37:48,088 [EventQueue-OpenPipelineForHealthyPipelineSafeModeRule] WARN  balancer.ContainerBalancer (ContainerBalancer.java:shouldRun(136)) - Could not find persisted configuration for ContainerBalancer when checking if ContainerBalancer should run. ContainerBalancer should not run now.
2025-10-10 10:37:48,088 [EventQueue-OpenPipelineForHealthyPipelineSafeModeRule] INFO  SCMHATransactionMonitor (BackgroundSCMService.java:notifyStatusChanged(78)) - Service SCMHATransactionMonitor transitions to RUNNING.
2025-10-10 10:37:48,094 [EventQueue-PipelineReportForPipelineReportHandler] INFO  pipeline.PipelineReportHandler (PipelineReportHandler.java:processPipelineReport(132)) - Opened pipeline Pipeline-0e451b0a-d61f-4383-be9e-a002c7d4e542
2025-10-10 10:37:48,095 [aa9634f0-8836-44d6-bc05-5b19fbdd93d5-groupManagement] INFO  server.RaftServerConfigKeys (ConfUtils.java:logGet(62)) - raft.server.log.segment.size.max = 67108864 (custom)
2025-10-10 10:37:48,097 [aa9634f0-8836-44d6-bc05-5b19fbdd93d5-groupManagement] INFO  server.RaftServerConfigKeys (ConfUtils.java:logGet(62)) - raft.server.log.appender.buffer.byte-limit = 33554432 (custom)
2025-10-10 10:37:48,097 [grpc-default-executor-5] INFO  server.RaftServer$Division (RaftServerImpl.java:requestVote(1421)) - ad892cb1-3002-4758-a303-de6f39da4dbc@group-7FE9BF83969B: receive requestVote(ELECTION, 22d9c8a1-4559-44b0-a4af-9630f79f1f05, group-7FE9BF83969B, 1, <PROTO_DEFAULT>)
2025-10-10 10:37:48,097 [grpc-default-executor-4] INFO  server.RaftServer$Division (RaftServerImpl.java:requestVote(1421)) - 9ab71813-e86f-4276-8581-297fed06961e@group-7FE9BF83969B: receive requestVote(ELECTION, 22d9c8a1-4559-44b0-a4af-9630f79f1f05, group-7FE9BF83969B, 1, <PROTO_DEFAULT>)
2025-10-10 10:37:48,097 [grpc-default-executor-4] INFO  impl.VoteContext (VoteContext.java:log(49)) - 9ab71813-e86f-4276-8581-297fed06961e@group-7FE9BF83969B-FOLLOWER: accept ELECTION from 22d9c8a1-4559-44b0-a4af-9630f79f1f05: our priority 0 <= candidate's priority 1
2025-10-10 10:37:48,098 [grpc-default-executor-4] INFO  server.RaftServer$Division (RaftServerImpl.java:setRole(392)) - 9ab71813-e86f-4276-8581-297fed06961e@group-7FE9BF83969B: changes role from  FOLLOWER to FOLLOWER at term 0 for candidate:22d9c8a1-4559-44b0-a4af-9630f79f1f05
2025-10-10 10:37:48,098 [grpc-default-executor-4] INFO  impl.RoleInfo (RoleInfo.java:shutdownFollowerState(121)) - 9ab71813-e86f-4276-8581-297fed06961e: shutdown 9ab71813-e86f-4276-8581-297fed06961e@group-7FE9BF83969B-FollowerState
2025-10-10 10:37:48,098 [grpc-default-executor-4] INFO  impl.RoleInfo (RoleInfo.java:updateAndGet(148)) - 9ab71813-e86f-4276-8581-297fed06961e: start 9ab71813-e86f-4276-8581-297fed06961e@group-7FE9BF83969B-FollowerState
2025-10-10 10:37:48,098 [9ab71813-e86f-4276-8581-297fed06961e@group-7FE9BF83969B-FollowerState] INFO  impl.FollowerState (FollowerState.java:runImpl(170)) - 9ab71813-e86f-4276-8581-297fed06961e@group-7FE9BF83969B-FollowerState was interrupted
2025-10-10 10:37:48,097 [grpc-default-executor-5] INFO  impl.VoteContext (VoteContext.java:log(49)) - ad892cb1-3002-4758-a303-de6f39da4dbc@group-7FE9BF83969B-FOLLOWER: accept ELECTION from 22d9c8a1-4559-44b0-a4af-9630f79f1f05: our priority 0 <= candidate's priority 1
2025-10-10 10:37:48,098 [grpc-default-executor-5] INFO  server.RaftServer$Division (RaftServerImpl.java:setRole(392)) - ad892cb1-3002-4758-a303-de6f39da4dbc@group-7FE9BF83969B: changes role from  FOLLOWER to FOLLOWER at term 0 for candidate:22d9c8a1-4559-44b0-a4af-9630f79f1f05
2025-10-10 10:37:48,098 [grpc-default-executor-5] INFO  impl.RoleInfo (RoleInfo.java:shutdownFollowerState(121)) - ad892cb1-3002-4758-a303-de6f39da4dbc: shutdown ad892cb1-3002-4758-a303-de6f39da4dbc@group-7FE9BF83969B-FollowerState
2025-10-10 10:37:48,098 [ad892cb1-3002-4758-a303-de6f39da4dbc@group-7FE9BF83969B-FollowerState] INFO  impl.FollowerState (FollowerState.java:runImpl(170)) - ad892cb1-3002-4758-a303-de6f39da4dbc@group-7FE9BF83969B-FollowerState was interrupted
2025-10-10 10:37:48,099 [grpc-default-executor-5] INFO  impl.RoleInfo (RoleInfo.java:updateAndGet(148)) - ad892cb1-3002-4758-a303-de6f39da4dbc: start ad892cb1-3002-4758-a303-de6f39da4dbc@group-7FE9BF83969B-FollowerState
2025-10-10 10:37:48,100 [grpc-default-executor-2] INFO  ratis.XceiverServerRatis (XceiverServerRatis.java:handleLeaderChangedNotification(940)) - Leader change notification received for group: group-7E155E250634 with new leaderId: bb95c33f-a3cb-4bbe-957e-8163c1fc1114
2025-10-10 10:37:48,100 [grpc-default-executor-2] INFO  server.RaftServer$Division (ServerState.java:setLeader(272)) - 43369f36-6a0f-45ae-a8eb-f0d390948370@group-7E155E250634: change Leader from null to bb95c33f-a3cb-4bbe-957e-8163c1fc1114 at term 1 for appendEntries, leader elected after 1553ms
2025-10-10 10:37:48,101 [aa9634f0-8836-44d6-bc05-5b19fbdd93d5-groupManagement] INFO  util.AwaitToRun (AwaitToRun.java:start(81)) - Thread[#1339,aa9634f0-8836-44d6-bc05-5b19fbdd93d5@group-A002C7D4E542-cacheEviction-AwaitToRun,5,main] started
2025-10-10 10:37:48,101 [aa9634f0-8836-44d6-bc05-5b19fbdd93d5-groupManagement] INFO  segmented.SegmentedRaftLogWorker (SegmentedRaftLogWorker.java:<init>(190)) - new aa9634f0-8836-44d6-bc05-5b19fbdd93d5@group-A002C7D4E542-SegmentedRaftLogWorker for RaftStorageImpl:Storage Directory /home/runner/work/ozone/ozone/hadoop-ozone/integration-test/target/test-dir/MiniOzoneClusterImpl-611c99c7-d47b-4433-a4ef-cd0a35b076ef/ozone-metadata/datanode-7/ratis/0e451b0a-d61f-4383-be9e-a002c7d4e542
2025-10-10 10:37:48,101 [aa9634f0-8836-44d6-bc05-5b19fbdd93d5-groupManagement] INFO  server.RaftServerConfigKeys (ConfUtils.java:logGet(62)) - raft.server.log.queue.byte-limit = 4294967296 (custom)
2025-10-10 10:37:48,101 [aa9634f0-8836-44d6-bc05-5b19fbdd93d5-groupManagement] INFO  server.RaftServerConfigKeys (ConfUtils.java:logGet(62)) - raft.server.log.segment.size.max = 67108864 (custom)
2025-10-10 10:37:48,101 [aa9634f0-8836-44d6-bc05-5b19fbdd93d5-groupManagement] INFO  server.RaftServerConfigKeys (ConfUtils.java:logGet(62)) - raft.server.log.preallocated.size = 4194304 (custom)
2025-10-10 10:37:48,102 [aa9634f0-8836-44d6-bc05-5b19fbdd93d5-groupManagement] INFO  server.RaftServerConfigKeys (ConfUtils.java:logGet(62)) - raft.server.log.write.buffer.size = 33554440 (custom)
2025-10-10 10:37:48,103 [grpc-default-executor-4] INFO  server.RaftServer$Division (RaftServerImpl.java:setFirstElection(576)) - 9ab71813-e86f-4276-8581-297fed06961e@group-7FE9BF83969B: set firstElectionSinceStartup to false for candidate:22d9c8a1-4559-44b0-a4af-9630f79f1f05
2025-10-10 10:37:48,102 [grpc-default-executor-1] INFO  ratis.XceiverServerRatis (XceiverServerRatis.java:handleLeaderChangedNotification(940)) - Leader change notification received for group: group-7E155E250634 with new leaderId: bb95c33f-a3cb-4bbe-957e-8163c1fc1114
2025-10-10 10:37:48,106 [grpc-default-executor-1] INFO  server.RaftServer$Division (ServerState.java:setLeader(272)) - 1a301c79-b9ef-44e0-a0ae-b339f61819a5@group-7E155E250634: change Leader from null to bb95c33f-a3cb-4bbe-957e-8163c1fc1114 at term 1 for appendEntries, leader elected after 1336ms
2025-10-10 10:37:48,107 [grpc-default-executor-4] INFO  server.RaftServer$Division (RaftServerImpl.java:requestVote(1455)) - 9ab71813-e86f-4276-8581-297fed06961e@group-7FE9BF83969B replies to ELECTION vote request: 22d9c8a1-4559-44b0-a4af-9630f79f1f05<-9ab71813-e86f-4276-8581-297fed06961e#0:OK-t1-last:<INITIAL_VALUE>. Peer's state: 9ab71813-e86f-4276-8581-297fed06961e@group-7FE9BF83969B:t1, leader=null, voted=22d9c8a1-4559-44b0-a4af-9630f79f1f05, raftlog=Memoized:9ab71813-e86f-4276-8581-297fed06961e@group-7FE9BF83969B-SegmentedRaftLog:OPENED:c-1:lastnull, conf=conf: {index: -1, cur=peers:[9ab71813-e86f-4276-8581-297fed06961e|127.0.0.1:15047, ad892cb1-3002-4758-a303-de6f39da4dbc|127.0.0.1:15039, 22d9c8a1-4559-44b0-a4af-9630f79f1f05|127.0.0.1:15055]|listeners:[], old=null}
2025-10-10 10:37:48,108 [grpc-default-executor-5] INFO  server.RaftServer$Division (RaftServerImpl.java:requestVote(1455)) - ad892cb1-3002-4758-a303-de6f39da4dbc@group-7FE9BF83969B replies to ELECTION vote request: 22d9c8a1-4559-44b0-a4af-9630f79f1f05<-ad892cb1-3002-4758-a303-de6f39da4dbc#0:OK-t1-last:<INITIAL_VALUE>. Peer's state: ad892cb1-3002-4758-a303-de6f39da4dbc@group-7FE9BF83969B:t1, leader=null, voted=22d9c8a1-4559-44b0-a4af-9630f79f1f05, raftlog=Memoized:ad892cb1-3002-4758-a303-de6f39da4dbc@group-7FE9BF83969B-SegmentedRaftLog:OPENED:c-1:lastnull, conf=conf: {index: -1, cur=peers:[9ab71813-e86f-4276-8581-297fed06961e|127.0.0.1:15047, ad892cb1-3002-4758-a303-de6f39da4dbc|127.0.0.1:15039, 22d9c8a1-4559-44b0-a4af-9630f79f1f05|127.0.0.1:15055]|listeners:[], old=null}
2025-10-10 10:37:48,113 [22d9c8a1-4559-44b0-a4af-9630f79f1f05@group-7FE9BF83969B-LeaderElection10] INFO  impl.LeaderElection (LeaderElection.java:logAndReturn(206)) - 22d9c8a1-4559-44b0-a4af-9630f79f1f05@group-7FE9BF83969B-LeaderElection10: ELECTION PASSED received 1 response(s) and 0 exception(s):
2025-10-10 10:37:48,114 [22d9c8a1-4559-44b0-a4af-9630f79f1f05@group-7FE9BF83969B-LeaderElection10] INFO  impl.LeaderElection (LeaderElection.java:logAndReturn(210)) -   Response 0: 22d9c8a1-4559-44b0-a4af-9630f79f1f05<-9ab71813-e86f-4276-8581-297fed06961e#0:OK-t1-last:<INITIAL_VALUE>
2025-10-10 10:37:48,114 [22d9c8a1-4559-44b0-a4af-9630f79f1f05@group-7FE9BF83969B-LeaderElection10] INFO  impl.LeaderElection (LeaderElection.java:askForVotes(450)) - 22d9c8a1-4559-44b0-a4af-9630f79f1f05@group-7FE9BF83969B-LeaderElection10 ELECTION round 0: result PASSED
2025-10-10 10:37:48,114 [22d9c8a1-4559-44b0-a4af-9630f79f1f05@group-7FE9BF83969B-LeaderElection10] INFO  impl.RoleInfo (RoleInfo.java:shutdownLeaderElection(141)) - 22d9c8a1-4559-44b0-a4af-9630f79f1f05: shutdown 22d9c8a1-4559-44b0-a4af-9630f79f1f05@group-7FE9BF83969B-LeaderElection10
2025-10-10 10:37:48,114 [22d9c8a1-4559-44b0-a4af-9630f79f1f05@group-7FE9BF83969B-LeaderElection10] INFO  server.RaftServer$Division (RaftServerImpl.java:setRole(392)) - 22d9c8a1-4559-44b0-a4af-9630f79f1f05@group-7FE9BF83969B: changes role from CANDIDATE to LEADER at term 1 for changeToLeader
2025-10-10 10:37:48,114 [22d9c8a1-4559-44b0-a4af-9630f79f1f05@group-7FE9BF83969B-LeaderElection10] INFO  server.RaftServerConfigKeys (ConfUtils.java:logFallback(69)) - raft.server.staging.timeout = 3600ms (fallback to raft.server.rpc.timeout.max)
2025-10-10 10:37:48,114 [22d9c8a1-4559-44b0-a4af-9630f79f1f05@group-7FE9BF83969B-LeaderElection10] INFO  server.RaftServerConfigKeys (ConfUtils.java:logGet(62)) - raft.server.write.byte-limit = 1024 M (=1073741824) (custom)
2025-10-10 10:37:48,116 [grpc-default-executor-1] INFO  server.RaftServer$Division (ServerState.java:setRaftConf(386)) - 1a301c79-b9ef-44e0-a0ae-b339f61819a5@group-7E155E250634: set configuration conf: {index: 0, cur=peers:[bb95c33f-a3cb-4bbe-957e-8163c1fc1114|127.0.0.1:15031, 1a301c79-b9ef-44e0-a0ae-b339f61819a5|127.0.0.1:15023, 43369f36-6a0f-45ae-a8eb-f0d390948370|127.0.0.1:15015]|listeners:[], old=null}
2025-10-10 10:37:48,118 [22d9c8a1-4559-44b0-a4af-9630f79f1f05@group-7FE9BF83969B-LeaderElection10] INFO  server.RaftServerConfigKeys (ConfUtils.java:logGet(62)) - raft.server.log.appender.buffer.byte-limit = 33554432 (custom)
2025-10-10 10:37:48,119 [aa9634f0-8836-44d6-bc05-5b19fbdd93d5-groupManagement] INFO  server.RaftServerConfigKeys (ConfUtils.java:logGet(62)) - raft.server.log.appender.buffer.byte-limit = 33554432 (custom)
2025-10-10 10:37:48,120 [aa9634f0-8836-44d6-bc05-5b19fbdd93d5-groupManagement] INFO  segmented.SegmentedRaftLogWorker (SegmentedRaftLogWorker.java:lambda$new$0(141)) - aa9634f0-8836-44d6-bc05-5b19fbdd93d5@group-A002C7D4E542-SegmentedRaftLogWorker: flushIndex: setUnconditionally 0 -> -1
2025-10-10 10:37:48,121 [aa9634f0-8836-44d6-bc05-5b19fbdd93d5-groupManagement] INFO  segmented.SegmentedRaftLogWorker (SegmentedRaftLogWorker.java:lambda$new$0(141)) - aa9634f0-8836-44d6-bc05-5b19fbdd93d5@group-A002C7D4E542-SegmentedRaftLogWorker: safeCacheEvictIndex: setUnconditionally 0 -> -1
2025-10-10 10:37:48,121 [grpc-default-executor-5] INFO  server.RaftServer$Division (ServerState.java:setRaftConf(386)) - 43369f36-6a0f-45ae-a8eb-f0d390948370@group-7E155E250634: set configuration conf: {index: 0, cur=peers:[bb95c33f-a3cb-4bbe-957e-8163c1fc1114|127.0.0.1:15031, 1a301c79-b9ef-44e0-a0ae-b339f61819a5|127.0.0.1:15023, 43369f36-6a0f-45ae-a8eb-f0d390948370|127.0.0.1:15015]|listeners:[], old=null}
2025-10-10 10:37:48,122 [22d9c8a1-4559-44b0-a4af-9630f79f1f05@group-7FE9BF83969B-LeaderElection10] INFO  server.RaftServerConfigKeys (ConfUtils.java:logGet(62)) - raft.server.log.appender.buffer.byte-limit = 33554432 (custom)
2025-10-10 10:37:48,122 [22d9c8a1-4559-44b0-a4af-9630f79f1f05@group-7FE9BF83969B-LeaderElection10] INFO  impl.RoleInfo (RoleInfo.java:updateAndGet(148)) - 22d9c8a1-4559-44b0-a4af-9630f79f1f05: start 22d9c8a1-4559-44b0-a4af-9630f79f1f05@group-7FE9BF83969B-LeaderStateImpl
2025-10-10 10:37:48,122 [22d9c8a1-4559-44b0-a4af-9630f79f1f05@group-7FE9BF83969B-LeaderElection10] INFO  server.RaftServer$Division (RaftServerImpl.java:setFirstElection(576)) - 22d9c8a1-4559-44b0-a4af-9630f79f1f05@group-7FE9BF83969B: set firstElectionSinceStartup to false for becomeLeader
2025-10-10 10:37:48,122 [aa9634f0-8836-44d6-bc05-5b19fbdd93d5-groupManagement] INFO  server.RaftServer$Division (RaftServerImpl.java:start(405)) - aa9634f0-8836-44d6-bc05-5b19fbdd93d5@group-A002C7D4E542: start as a follower, conf=conf: {index: -1, cur=peers:[aa9634f0-8836-44d6-bc05-5b19fbdd93d5|127.0.0.1:15063]|listeners:[], old=null}
2025-10-10 10:37:48,122 [aa9634f0-8836-44d6-bc05-5b19fbdd93d5-groupManagement] INFO  server.RaftServer$Division (RaftServerImpl.java:setRole(392)) - aa9634f0-8836-44d6-bc05-5b19fbdd93d5@group-A002C7D4E542: changes role from      null to FOLLOWER at term 0 for startAsFollower
2025-10-10 10:37:48,122 [aa9634f0-8836-44d6-bc05-5b19fbdd93d5-groupManagement] INFO  impl.RoleInfo (RoleInfo.java:updateAndGet(148)) - aa9634f0-8836-44d6-bc05-5b19fbdd93d5: start aa9634f0-8836-44d6-bc05-5b19fbdd93d5@group-A002C7D4E542-FollowerState
2025-10-10 10:37:48,123 [22d9c8a1-4559-44b0-a4af-9630f79f1f05@group-7FE9BF83969B-LeaderElection10] INFO  ratis.XceiverServerRatis (XceiverServerRatis.java:handleLeaderChangedNotification(940)) - Leader change notification received for group: group-7FE9BF83969B with new leaderId: 22d9c8a1-4559-44b0-a4af-9630f79f1f05
2025-10-10 10:37:48,123 [22d9c8a1-4559-44b0-a4af-9630f79f1f05@group-7FE9BF83969B-LeaderElection10] INFO  server.RaftServer$Division (ServerState.java:setLeader(272)) - 22d9c8a1-4559-44b0-a4af-9630f79f1f05@group-7FE9BF83969B: change Leader from null to 22d9c8a1-4559-44b0-a4af-9630f79f1f05 at term 1 for becomeLeader, leader elected after 1281ms
2025-10-10 10:37:48,124 [aa9634f0-8836-44d6-bc05-5b19fbdd93d5-groupManagement] INFO  util.JmxRegister (JmxRegister.java:tryRegister(44)) - Successfully registered JMX Bean with object name Ratis:service=RaftServer,group=group-A002C7D4E542,id=aa9634f0-8836-44d6-bc05-5b19fbdd93d5
2025-10-10 10:37:48,124 [aa9634f0-8836-44d6-bc05-5b19fbdd93d5-groupManagement] INFO  util.JmxRegister (JmxRegister.java:register(58)) - register mxBean class org.apache.ratis.server.impl.RaftServerJmxAdapter as Ratis:service=RaftServer,group=group-A002C7D4E542,id=aa9634f0-8836-44d6-bc05-5b19fbdd93d5
2025-10-10 10:37:48,124 [22d9c8a1-4559-44b0-a4af-9630f79f1f05@group-7FE9BF83969B-LeaderElection10] INFO  segmented.SegmentedRaftLogWorker (SegmentedRaftLogWorker.java:startLogSegment(440)) - 22d9c8a1-4559-44b0-a4af-9630f79f1f05@group-7FE9BF83969B-SegmentedRaftLogWorker: Starting segment from index:0
2025-10-10 10:37:48,125 [22d9c8a1-4559-44b0-a4af-9630f79f1f05@group-7FE9BF83969B-LeaderElection10] INFO  server.RaftServer$Division (ServerState.java:setRaftConf(386)) - 22d9c8a1-4559-44b0-a4af-9630f79f1f05@group-7FE9BF83969B: set configuration conf: {index: 0, cur=peers:[9ab71813-e86f-4276-8581-297fed06961e|127.0.0.1:15047, ad892cb1-3002-4758-a303-de6f39da4dbc|127.0.0.1:15039, 22d9c8a1-4559-44b0-a4af-9630f79f1f05|127.0.0.1:15055]|listeners:[], old=null}
2025-10-10 10:37:48,125 [grpc-default-executor-1] INFO  segmented.SegmentedRaftLogWorker (SegmentedRaftLogWorker.java:startLogSegment(440)) - 1a301c79-b9ef-44e0-a0ae-b339f61819a5@group-7E155E250634-SegmentedRaftLogWorker: Starting segment from index:0
2025-10-10 10:37:48,126 [22d9c8a1-4559-44b0-a4af-9630f79f1f05@group-7FE9BF83969B-SegmentedRaftLogWorker] INFO  segmented.BufferedWriteChannel (BufferedWriteChannel.java:open(61)) - open log_inprogress_0 at position 0
2025-10-10 10:37:48,125 [grpc-default-executor-5] INFO  segmented.SegmentedRaftLogWorker (SegmentedRaftLogWorker.java:startLogSegment(440)) - 43369f36-6a0f-45ae-a8eb-f0d390948370@group-7E155E250634-SegmentedRaftLogWorker: Starting segment from index:0
2025-10-10 10:37:48,130 [aa9634f0-8836-44d6-bc05-5b19fbdd93d5-groupManagement] INFO  server.RaftServer$Division (RaftServerImpl.java:start(419)) - aa9634f0-8836-44d6-bc05-5b19fbdd93d5@group-A002C7D4E542: Successfully started.
2025-10-10 10:37:48,130 [aa9634f0-8836-44d6-bc05-5b19fbdd93d5-CreatePipelineCommandHandlerThread-0] INFO  ratis.XceiverServerRatis (XceiverServerRatis.java:addGroup(839)) - Created group Pipeline-0e451b0a-d61f-4383-be9e-a002c7d4e542
2025-10-10 10:37:48,130 [aa9634f0-8836-44d6-bc05-5b19fbdd93d5-CreatePipelineCommandHandlerThread-0] INFO  commandhandler.CreatePipelineCommandHandler (CreatePipelineCommandHandler.java:lambda$handle$2(141)) - Created Pipeline RATIS ONE Pipeline-0e451b0a-d61f-4383-be9e-a002c7d4e542.
2025-10-10 10:37:48,130 [aa9634f0-8836-44d6-bc05-5b19fbdd93d5-CreatePipelineCommandHandlerThread-0] INFO  server.RaftServer (RaftServerProxy.java:addNew(105)) - aa9634f0-8836-44d6-bc05-5b19fbdd93d5: addNew group-813C05265458:[aa9634f0-8836-44d6-bc05-5b19fbdd93d5|127.0.0.1:15063, 36185c6b-22ce-45d1-a622-3a6b487a5a53|127.0.0.1:15071, 895d447a-5476-42e4-b2fa-6eb687701d46|127.0.0.1:15079] returns group-813C05265458:java.util.concurrent.CompletableFuture@8fb1d1e[Not completed]
2025-10-10 10:37:48,134 [43369f36-6a0f-45ae-a8eb-f0d390948370@group-7E155E250634-SegmentedRaftLogWorker] INFO  segmented.BufferedWriteChannel (BufferedWriteChannel.java:open(61)) - open log_inprogress_0 at position 0
2025-10-10 10:37:48,134 [aa9634f0-8836-44d6-bc05-5b19fbdd93d5-groupManagement] INFO  server.RaftServer$Division (RaftServerImpl.java:<init>(268)) - aa9634f0-8836-44d6-bc05-5b19fbdd93d5: new RaftServerImpl for group-813C05265458:[aa9634f0-8836-44d6-bc05-5b19fbdd93d5|127.0.0.1:15063, 36185c6b-22ce-45d1-a622-3a6b487a5a53|127.0.0.1:15071, 895d447a-5476-42e4-b2fa-6eb687701d46|127.0.0.1:15079] with ContainerStateMachine:uninitialized
2025-10-10 10:37:48,135 [aa9634f0-8836-44d6-bc05-5b19fbdd93d5-groupManagement] INFO  server.RaftServer$Division (ServerState.java:<init>(114)) - aa9634f0-8836-44d6-bc05-5b19fbdd93d5@group-813C05265458: ConfigurationManager, init=conf: {index: -1, cur=peers:[aa9634f0-8836-44d6-bc05-5b19fbdd93d5|127.0.0.1:15063, 36185c6b-22ce-45d1-a622-3a6b487a5a53|127.0.0.1:15071, 895d447a-5476-42e4-b2fa-6eb687701d46|127.0.0.1:15079]|listeners:[], old=null}, confs=<EMPTY_MAP>
2025-10-10 10:37:48,136 [EventQueue-PipelineReportForPipelineReportHandler] INFO  pipeline.PipelineReportHandler (PipelineReportHandler.java:processPipelineReport(132)) - Opened pipeline Pipeline-905307e5-fe9f-45a7-96e9-7fe9bf83969b
2025-10-10 10:37:48,136 [1a301c79-b9ef-44e0-a0ae-b339f61819a5@group-7E155E250634-SegmentedRaftLogWorker] INFO  segmented.BufferedWriteChannel (BufferedWriteChannel.java:open(61)) - open log_inprogress_0 at position 0
2025-10-10 10:37:48,140 [22d9c8a1-4559-44b0-a4af-9630f79f1f05@group-7FE9BF83969B-SegmentedRaftLogWorker] INFO  segmented.SegmentedRaftLogWorker (SegmentedRaftLogWorker.java:execute(647)) - 22d9c8a1-4559-44b0-a4af-9630f79f1f05@group-7FE9BF83969B-SegmentedRaftLogWorker: created new log segment /home/runner/work/ozone/ozone/hadoop-ozone/integration-test/target/test-dir/MiniOzoneClusterImpl-611c99c7-d47b-4433-a4ef-cd0a35b076ef/ozone-metadata/datanode-6/ratis/905307e5-fe9f-45a7-96e9-7fe9bf83969b/current/log_inprogress_0
2025-10-10 10:37:48,145 [43369f36-6a0f-45ae-a8eb-f0d390948370@group-7E155E250634-SegmentedRaftLogWorker] INFO  segmented.SegmentedRaftLogWorker (SegmentedRaftLogWorker.java:execute(647)) - 43369f36-6a0f-45ae-a8eb-f0d390948370@group-7E155E250634-SegmentedRaftLogWorker: created new log segment /home/runner/work/ozone/ozone/hadoop-ozone/integration-test/target/test-dir/MiniOzoneClusterImpl-611c99c7-d47b-4433-a4ef-cd0a35b076ef/ozone-metadata/datanode-1/ratis/6f49885d-a34d-467d-8256-7e155e250634/current/log_inprogress_0
2025-10-10 10:37:48,146 [grpc-default-executor-6] INFO  ratis.XceiverServerRatis (XceiverServerRatis.java:handleLeaderChangedNotification(940)) - Leader change notification received for group: group-7FE9BF83969B with new leaderId: 22d9c8a1-4559-44b0-a4af-9630f79f1f05
2025-10-10 10:37:48,146 [grpc-default-executor-6] INFO  server.RaftServer$Division (ServerState.java:setLeader(272)) - 9ab71813-e86f-4276-8581-297fed06961e@group-7FE9BF83969B: change Leader from null to 22d9c8a1-4559-44b0-a4af-9630f79f1f05 at term 1 for appendEntries, leader elected after 1090ms
2025-10-10 10:37:48,148 [1a301c79-b9ef-44e0-a0ae-b339f61819a5@group-7E155E250634-SegmentedRaftLogWorker] INFO  segmented.SegmentedRaftLogWorker (SegmentedRaftLogWorker.java:execute(647)) - 1a301c79-b9ef-44e0-a0ae-b339f61819a5@group-7E155E250634-SegmentedRaftLogWorker: created new log segment /home/runner/work/ozone/ozone/hadoop-ozone/integration-test/target/test-dir/MiniOzoneClusterImpl-611c99c7-d47b-4433-a4ef-cd0a35b076ef/ozone-metadata/datanode-2/ratis/6f49885d-a34d-467d-8256-7e155e250634/current/log_inprogress_0
2025-10-10 10:37:48,150 [bb95c33f-a3cb-4bbe-957e-8163c1fc1114@group-7E155E250634-StateMachineUpdater] INFO  server.RaftServer$Division (LeaderStateImpl.java:checkStartIndex(309)) - Leader bb95c33f-a3cb-4bbe-957e-8163c1fc1114@group-7E155E250634-LeaderStateImpl is ready since appliedIndex == startIndex == 0
2025-10-10 10:37:48,150 [grpc-default-executor-6] INFO  ratis.XceiverServerRatis (XceiverServerRatis.java:handleLeaderChangedNotification(940)) - Leader change notification received for group: group-7FE9BF83969B with new leaderId: 22d9c8a1-4559-44b0-a4af-9630f79f1f05
2025-10-10 10:37:48,150 [grpc-default-executor-6] INFO  server.RaftServer$Division (ServerState.java:setLeader(272)) - ad892cb1-3002-4758-a303-de6f39da4dbc@group-7FE9BF83969B: change Leader from null to 22d9c8a1-4559-44b0-a4af-9630f79f1f05 at term 1 for appendEntries, leader elected after 1208ms
2025-10-10 10:37:48,152 [grpc-default-executor-6] INFO  server.RaftServer$Division (ServerState.java:setRaftConf(386)) - 9ab71813-e86f-4276-8581-297fed06961e@group-7FE9BF83969B: set configuration conf: {index: 0, cur=peers:[9ab71813-e86f-4276-8581-297fed06961e|127.0.0.1:15047, ad892cb1-3002-4758-a303-de6f39da4dbc|127.0.0.1:15039, 22d9c8a1-4559-44b0-a4af-9630f79f1f05|127.0.0.1:15055]|listeners:[], old=null}
2025-10-10 10:37:48,153 [grpc-default-executor-6] INFO  segmented.SegmentedRaftLogWorker (SegmentedRaftLogWorker.java:startLogSegment(440)) - 9ab71813-e86f-4276-8581-297fed06961e@group-7FE9BF83969B-SegmentedRaftLogWorker: Starting segment from index:0
2025-10-10 10:37:48,153 [grpc-default-executor-1] INFO  server.RaftServer$Division (ServerState.java:setRaftConf(386)) - ad892cb1-3002-4758-a303-de6f39da4dbc@group-7FE9BF83969B: set configuration conf: {index: 0, cur=peers:[9ab71813-e86f-4276-8581-297fed06961e|127.0.0.1:15047, ad892cb1-3002-4758-a303-de6f39da4dbc|127.0.0.1:15039, 22d9c8a1-4559-44b0-a4af-9630f79f1f05|127.0.0.1:15055]|listeners:[], old=null}
2025-10-10 10:37:48,154 [grpc-default-executor-1] INFO  segmented.SegmentedRaftLogWorker (SegmentedRaftLogWorker.java:startLogSegment(440)) - ad892cb1-3002-4758-a303-de6f39da4dbc@group-7FE9BF83969B-SegmentedRaftLogWorker: Starting segment from index:0
2025-10-10 10:37:48,153 [aa9634f0-8836-44d6-bc05-5b19fbdd93d5-groupManagement] INFO  storage.RaftStorageDirectory (RaftStorageDirectoryImpl.java:analyzeStorage(138)) - The storage directory /home/runner/work/ozone/ozone/hadoop-ozone/integration-test/target/test-dir/MiniOzoneClusterImpl-611c99c7-d47b-4433-a4ef-cd0a35b076ef/ozone-metadata/datanode-7/ratis/e51e4850-930a-48f3-bb77-813c05265458 does not exist. Creating ...
2025-10-10 10:37:48,154 [ad892cb1-3002-4758-a303-de6f39da4dbc@group-7FE9BF83969B-SegmentedRaftLogWorker] INFO  segmented.BufferedWriteChannel (BufferedWriteChannel.java:open(61)) - open log_inprogress_0 at position 0
2025-10-10 10:37:48,154 [aa9634f0-8836-44d6-bc05-5b19fbdd93d5-groupManagement] INFO  storage.RaftStorageDirectory (RaftStorageDirectoryImpl.java:tryLock(229)) - Lock on /home/runner/work/ozone/ozone/hadoop-ozone/integration-test/target/test-dir/MiniOzoneClusterImpl-611c99c7-d47b-4433-a4ef-cd0a35b076ef/ozone-metadata/datanode-7/ratis/e51e4850-930a-48f3-bb77-813c05265458/in_use.lock acquired by nodename 58401@localhost
2025-10-10 10:37:48,155 [9ab71813-e86f-4276-8581-297fed06961e@group-7FE9BF83969B-SegmentedRaftLogWorker] INFO  segmented.BufferedWriteChannel (BufferedWriteChannel.java:open(61)) - open log_inprogress_0 at position 0
2025-10-10 10:37:48,156 [aa9634f0-8836-44d6-bc05-5b19fbdd93d5-groupManagement] INFO  storage.RaftStorage (RaftStorageImpl.java:format(98)) - Storage directory /home/runner/work/ozone/ozone/hadoop-ozone/integration-test/target/test-dir/MiniOzoneClusterImpl-611c99c7-d47b-4433-a4ef-cd0a35b076ef/ozone-metadata/datanode-7/ratis/e51e4850-930a-48f3-bb77-813c05265458 has been successfully formatted.
2025-10-10 10:37:48,157 [aa9634f0-8836-44d6-bc05-5b19fbdd93d5-groupManagement] INFO  ratis.ContainerStateMachine (ContainerStateMachine.java:initialize(339)) - aa9634f0-8836-44d6-bc05-5b19fbdd93d5: initialize group-813C05265458
2025-10-10 10:37:48,158 [aa9634f0-8836-44d6-bc05-5b19fbdd93d5-groupManagement] INFO  ratis.ContainerStateMachine (ContainerStateMachine.java:loadSnapshot(347)) - group-813C05265458: The snapshot info is null. Setting the last applied index to:<INITIAL_VALUE>
2025-10-10 10:37:48,158 [aa9634f0-8836-44d6-bc05-5b19fbdd93d5-groupManagement] INFO  server.RaftServerConfigKeys (ConfUtils.java:logGet(62)) - raft.server.log.appender.buffer.byte-limit = 33554432 (custom)
2025-10-10 10:37:48,162 [ad892cb1-3002-4758-a303-de6f39da4dbc@group-7FE9BF83969B-SegmentedRaftLogWorker] INFO  segmented.SegmentedRaftLogWorker (SegmentedRaftLogWorker.java:execute(647)) - ad892cb1-3002-4758-a303-de6f39da4dbc@group-7FE9BF83969B-SegmentedRaftLogWorker: created new log segment /home/runner/work/ozone/ozone/hadoop-ozone/integration-test/target/test-dir/MiniOzoneClusterImpl-611c99c7-d47b-4433-a4ef-cd0a35b076ef/ozone-metadata/datanode-4/ratis/905307e5-fe9f-45a7-96e9-7fe9bf83969b/current/log_inprogress_0
2025-10-10 10:37:48,162 [aa9634f0-8836-44d6-bc05-5b19fbdd93d5-groupManagement] INFO  server.RaftServerConfigKeys (ConfUtils.java:logGet(62)) - raft.server.log.segment.size.max = 67108864 (custom)
2025-10-10 10:37:48,163 [aa9634f0-8836-44d6-bc05-5b19fbdd93d5-groupManagement] INFO  server.RaftServerConfigKeys (ConfUtils.java:logGet(62)) - raft.server.log.appender.buffer.byte-limit = 33554432 (custom)
2025-10-10 10:37:48,163 [aa9634f0-8836-44d6-bc05-5b19fbdd93d5-groupManagement] INFO  util.AwaitToRun (AwaitToRun.java:start(81)) - Thread[#1359,aa9634f0-8836-44d6-bc05-5b19fbdd93d5@group-813C05265458-cacheEviction-AwaitToRun,5,main] started
2025-10-10 10:37:48,163 [aa9634f0-8836-44d6-bc05-5b19fbdd93d5-groupManagement] INFO  segmented.SegmentedRaftLogWorker (SegmentedRaftLogWorker.java:<init>(190)) - new aa9634f0-8836-44d6-bc05-5b19fbdd93d5@group-813C05265458-SegmentedRaftLogWorker for RaftStorageImpl:Storage Directory /home/runner/work/ozone/ozone/hadoop-ozone/integration-test/target/test-dir/MiniOzoneClusterImpl-611c99c7-d47b-4433-a4ef-cd0a35b076ef/ozone-metadata/datanode-7/ratis/e51e4850-930a-48f3-bb77-813c05265458
2025-10-10 10:37:48,163 [aa9634f0-8836-44d6-bc05-5b19fbdd93d5-groupManagement] INFO  server.RaftServerConfigKeys (ConfUtils.java:logGet(62)) - raft.server.log.queue.byte-limit = 4294967296 (custom)
2025-10-10 10:37:48,163 [aa9634f0-8836-44d6-bc05-5b19fbdd93d5-groupManagement] INFO  server.RaftServerConfigKeys (ConfUtils.java:logGet(62)) - raft.server.log.segment.size.max = 67108864 (custom)
2025-10-10 10:37:48,164 [aa9634f0-8836-44d6-bc05-5b19fbdd93d5-groupManagement] INFO  server.RaftServerConfigKeys (ConfUtils.java:logGet(62)) - raft.server.log.preallocated.size = 4194304 (custom)
2025-10-10 10:37:48,164 [aa9634f0-8836-44d6-bc05-5b19fbdd93d5-groupManagement] INFO  server.RaftServerConfigKeys (ConfUtils.java:logGet(62)) - raft.server.log.write.buffer.size = 33554440 (custom)
2025-10-10 10:37:48,164 [9ab71813-e86f-4276-8581-297fed06961e@group-7FE9BF83969B-SegmentedRaftLogWorker] INFO  segmented.SegmentedRaftLogWorker (SegmentedRaftLogWorker.java:execute(647)) - 9ab71813-e86f-4276-8581-297fed06961e@group-7FE9BF83969B-SegmentedRaftLogWorker: created new log segment /home/runner/work/ozone/ozone/hadoop-ozone/integration-test/target/test-dir/MiniOzoneClusterImpl-611c99c7-d47b-4433-a4ef-cd0a35b076ef/ozone-metadata/datanode-5/ratis/905307e5-fe9f-45a7-96e9-7fe9bf83969b/current/log_inprogress_0
2025-10-10 10:37:48,171 [aa9634f0-8836-44d6-bc05-5b19fbdd93d5-groupManagement] INFO  server.RaftServerConfigKeys (ConfUtils.java:logGet(62)) - raft.server.log.appender.buffer.byte-limit = 33554432 (custom)
2025-10-10 10:37:48,171 [aa9634f0-8836-44d6-bc05-5b19fbdd93d5-groupManagement] INFO  segmented.SegmentedRaftLogWorker (SegmentedRaftLogWorker.java:lambda$new$0(141)) - aa9634f0-8836-44d6-bc05-5b19fbdd93d5@group-813C05265458-SegmentedRaftLogWorker: flushIndex: setUnconditionally 0 -> -1
2025-10-10 10:37:48,171 [aa9634f0-8836-44d6-bc05-5b19fbdd93d5-groupManagement] INFO  segmented.SegmentedRaftLogWorker (SegmentedRaftLogWorker.java:lambda$new$0(141)) - aa9634f0-8836-44d6-bc05-5b19fbdd93d5@group-813C05265458-SegmentedRaftLogWorker: safeCacheEvictIndex: setUnconditionally 0 -> -1
2025-10-10 10:37:48,172 [aa9634f0-8836-44d6-bc05-5b19fbdd93d5-groupManagement] INFO  server.RaftServer$Division (RaftServerImpl.java:start(405)) - aa9634f0-8836-44d6-bc05-5b19fbdd93d5@group-813C05265458: start as a follower, conf=conf: {index: -1, cur=peers:[aa9634f0-8836-44d6-bc05-5b19fbdd93d5|127.0.0.1:15063, 36185c6b-22ce-45d1-a622-3a6b487a5a53|127.0.0.1:15071, 895d447a-5476-42e4-b2fa-6eb687701d46|127.0.0.1:15079]|listeners:[], old=null}
2025-10-10 10:37:48,172 [aa9634f0-8836-44d6-bc05-5b19fbdd93d5-groupManagement] INFO  server.RaftServer$Division (RaftServerImpl.java:setRole(392)) - aa9634f0-8836-44d6-bc05-5b19fbdd93d5@group-813C05265458: changes role from      null to FOLLOWER at term 0 for startAsFollower
2025-10-10 10:37:48,172 [aa9634f0-8836-44d6-bc05-5b19fbdd93d5-groupManagement] INFO  impl.RoleInfo (RoleInfo.java:updateAndGet(148)) - aa9634f0-8836-44d6-bc05-5b19fbdd93d5: start aa9634f0-8836-44d6-bc05-5b19fbdd93d5@group-813C05265458-FollowerState
2025-10-10 10:37:48,172 [aa9634f0-8836-44d6-bc05-5b19fbdd93d5-groupManagement] INFO  util.JmxRegister (JmxRegister.java:tryRegister(44)) - Successfully registered JMX Bean with object name Ratis:service=RaftServer,group=group-813C05265458,id=aa9634f0-8836-44d6-bc05-5b19fbdd93d5
2025-10-10 10:37:48,172 [aa9634f0-8836-44d6-bc05-5b19fbdd93d5-groupManagement] INFO  util.JmxRegister (JmxRegister.java:register(58)) - register mxBean class org.apache.ratis.server.impl.RaftServerJmxAdapter as Ratis:service=RaftServer,group=group-813C05265458,id=aa9634f0-8836-44d6-bc05-5b19fbdd93d5
2025-10-10 10:37:48,173 [aa9634f0-8836-44d6-bc05-5b19fbdd93d5-groupManagement] INFO  server.RaftServer$Division (RaftServerImpl.java:start(419)) - aa9634f0-8836-44d6-bc05-5b19fbdd93d5@group-813C05265458: Successfully started.
2025-10-10 10:37:48,173 [aa9634f0-8836-44d6-bc05-5b19fbdd93d5-CreatePipelineCommandHandlerThread-0] INFO  ratis.XceiverServerRatis (XceiverServerRatis.java:addGroup(839)) - Created group Pipeline-e51e4850-930a-48f3-bb77-813c05265458
2025-10-10 10:37:48,173 [22d9c8a1-4559-44b0-a4af-9630f79f1f05@group-7FE9BF83969B-StateMachineUpdater] INFO  server.RaftServer$Division (LeaderStateImpl.java:checkStartIndex(309)) - Leader 22d9c8a1-4559-44b0-a4af-9630f79f1f05@group-7FE9BF83969B-LeaderStateImpl is ready since appliedIndex == startIndex == 0
2025-10-10 10:37:48,183 [grpc-default-executor-6] INFO  server.RaftServer (RaftServerProxy.java:addNew(105)) - 36185c6b-22ce-45d1-a622-3a6b487a5a53: addNew group-813C05265458:[aa9634f0-8836-44d6-bc05-5b19fbdd93d5|127.0.0.1:15063, 36185c6b-22ce-45d1-a622-3a6b487a5a53|127.0.0.1:15071, 895d447a-5476-42e4-b2fa-6eb687701d46|127.0.0.1:15079] returns group-813C05265458:java.util.concurrent.CompletableFuture@53267476[Not completed]
2025-10-10 10:37:48,185 [36185c6b-22ce-45d1-a622-3a6b487a5a53-groupManagement] INFO  server.RaftServer$Division (RaftServerImpl.java:<init>(268)) - 36185c6b-22ce-45d1-a622-3a6b487a5a53: new RaftServerImpl for group-813C05265458:[aa9634f0-8836-44d6-bc05-5b19fbdd93d5|127.0.0.1:15063, 36185c6b-22ce-45d1-a622-3a6b487a5a53|127.0.0.1:15071, 895d447a-5476-42e4-b2fa-6eb687701d46|127.0.0.1:15079] with ContainerStateMachine:uninitialized
2025-10-10 10:37:48,185 [36185c6b-22ce-45d1-a622-3a6b487a5a53-groupManagement] INFO  server.RaftServer$Division (ServerState.java:<init>(114)) - 36185c6b-22ce-45d1-a622-3a6b487a5a53@group-813C05265458: ConfigurationManager, init=conf: {index: -1, cur=peers:[aa9634f0-8836-44d6-bc05-5b19fbdd93d5|127.0.0.1:15063, 36185c6b-22ce-45d1-a622-3a6b487a5a53|127.0.0.1:15071, 895d447a-5476-42e4-b2fa-6eb687701d46|127.0.0.1:15079]|listeners:[], old=null}, confs=<EMPTY_MAP>
2025-10-10 10:37:48,188 [36185c6b-22ce-45d1-a622-3a6b487a5a53-groupManagement] INFO  server.RaftServerConfigKeys (ConfUtils.java:logGet(62)) - raft.server.storage.dir = [/home/runner/work/ozone/ozone/hadoop-ozone/integration-test/target/test-dir/MiniOzoneClusterImpl-611c99c7-d47b-4433-a4ef-cd0a35b076ef/ozone-metadata/datanode-8/ratis] (custom)
2025-10-10 10:37:48,189 [36185c6b-22ce-45d1-a622-3a6b487a5a53-groupManagement] INFO  storage.RaftStorageDirectory (RaftStorageDirectoryImpl.java:analyzeStorage(138)) - The storage directory /home/runner/work/ozone/ozone/hadoop-ozone/integration-test/target/test-dir/MiniOzoneClusterImpl-611c99c7-d47b-4433-a4ef-cd0a35b076ef/ozone-metadata/datanode-8/ratis/e51e4850-930a-48f3-bb77-813c05265458 does not exist. Creating ...
2025-10-10 10:37:48,189 [36185c6b-22ce-45d1-a622-3a6b487a5a53-groupManagement] INFO  storage.RaftStorageDirectory (RaftStorageDirectoryImpl.java:tryLock(229)) - Lock on /home/runner/work/ozone/ozone/hadoop-ozone/integration-test/target/test-dir/MiniOzoneClusterImpl-611c99c7-d47b-4433-a4ef-cd0a35b076ef/ozone-metadata/datanode-8/ratis/e51e4850-930a-48f3-bb77-813c05265458/in_use.lock acquired by nodename 58401@localhost
2025-10-10 10:37:48,190 [36185c6b-22ce-45d1-a622-3a6b487a5a53-groupManagement] INFO  storage.RaftStorage (RaftStorageImpl.java:format(98)) - Storage directory /home/runner/work/ozone/ozone/hadoop-ozone/integration-test/target/test-dir/MiniOzoneClusterImpl-611c99c7-d47b-4433-a4ef-cd0a35b076ef/ozone-metadata/datanode-8/ratis/e51e4850-930a-48f3-bb77-813c05265458 has been successfully formatted.
2025-10-10 10:37:48,191 [36185c6b-22ce-45d1-a622-3a6b487a5a53-groupManagement] INFO  ratis.ContainerStateMachine (ContainerStateMachine.java:initialize(339)) - 36185c6b-22ce-45d1-a622-3a6b487a5a53: initialize group-813C05265458
2025-10-10 10:37:48,191 [36185c6b-22ce-45d1-a622-3a6b487a5a53-groupManagement] INFO  ratis.ContainerStateMachine (ContainerStateMachine.java:loadSnapshot(347)) - group-813C05265458: The snapshot info is null. Setting the last applied index to:<INITIAL_VALUE>
2025-10-10 10:37:48,191 [36185c6b-22ce-45d1-a622-3a6b487a5a53-groupManagement] INFO  server.RaftServerConfigKeys (ConfUtils.java:logGet(62)) - raft.server.log.appender.buffer.byte-limit = 33554432 (custom)
2025-10-10 10:37:48,193 [36185c6b-22ce-45d1-a622-3a6b487a5a53-groupManagement] INFO  server.RaftServerConfigKeys (ConfUtils.java:logGet(62)) - raft.server.log.segment.size.max = 67108864 (custom)
2025-10-10 10:37:48,193 [36185c6b-22ce-45d1-a622-3a6b487a5a53-groupManagement] INFO  server.RaftServerConfigKeys (ConfUtils.java:logGet(62)) - raft.server.log.appender.buffer.byte-limit = 33554432 (custom)
2025-10-10 10:37:48,194 [36185c6b-22ce-45d1-a622-3a6b487a5a53-groupManagement] INFO  util.AwaitToRun (AwaitToRun.java:start(81)) - Thread[#1364,36185c6b-22ce-45d1-a622-3a6b487a5a53@group-813C05265458-cacheEviction-AwaitToRun,5,main] started
2025-10-10 10:37:48,194 [36185c6b-22ce-45d1-a622-3a6b487a5a53-groupManagement] INFO  segmented.SegmentedRaftLogWorker (SegmentedRaftLogWorker.java:<init>(190)) - new 36185c6b-22ce-45d1-a622-3a6b487a5a53@group-813C05265458-SegmentedRaftLogWorker for RaftStorageImpl:Storage Directory /home/runner/work/ozone/ozone/hadoop-ozone/integration-test/target/test-dir/MiniOzoneClusterImpl-611c99c7-d47b-4433-a4ef-cd0a35b076ef/ozone-metadata/datanode-8/ratis/e51e4850-930a-48f3-bb77-813c05265458
2025-10-10 10:37:48,194 [36185c6b-22ce-45d1-a622-3a6b487a5a53-groupManagement] INFO  server.RaftServerConfigKeys (ConfUtils.java:logGet(62)) - raft.server.log.queue.byte-limit = 4294967296 (custom)
2025-10-10 10:37:48,194 [36185c6b-22ce-45d1-a622-3a6b487a5a53-groupManagement] INFO  server.RaftServerConfigKeys (ConfUtils.java:logGet(62)) - raft.server.log.segment.size.max = 67108864 (custom)
2025-10-10 10:37:48,194 [36185c6b-22ce-45d1-a622-3a6b487a5a53-groupManagement] INFO  server.RaftServerConfigKeys (ConfUtils.java:logGet(62)) - raft.server.log.preallocated.size = 4194304 (custom)
2025-10-10 10:37:48,196 [36185c6b-22ce-45d1-a622-3a6b487a5a53-groupManagement] INFO  server.RaftServerConfigKeys (ConfUtils.java:logGet(62)) - raft.server.log.write.buffer.size = 33554440 (custom)
2025-10-10 10:37:48,202 [36185c6b-22ce-45d1-a622-3a6b487a5a53-groupManagement] INFO  server.RaftServerConfigKeys (ConfUtils.java:logGet(62)) - raft.server.log.appender.buffer.byte-limit = 33554432 (custom)
2025-10-10 10:37:48,202 [36185c6b-22ce-45d1-a622-3a6b487a5a53-groupManagement] INFO  segmented.SegmentedRaftLogWorker (SegmentedRaftLogWorker.java:lambda$new$0(141)) - 36185c6b-22ce-45d1-a622-3a6b487a5a53@group-813C05265458-SegmentedRaftLogWorker: flushIndex: setUnconditionally 0 -> -1
2025-10-10 10:37:48,202 [36185c6b-22ce-45d1-a622-3a6b487a5a53-groupManagement] INFO  segmented.SegmentedRaftLogWorker (SegmentedRaftLogWorker.java:lambda$new$0(141)) - 36185c6b-22ce-45d1-a622-3a6b487a5a53@group-813C05265458-SegmentedRaftLogWorker: safeCacheEvictIndex: setUnconditionally 0 -> -1
2025-10-10 10:37:48,203 [36185c6b-22ce-45d1-a622-3a6b487a5a53-groupManagement] INFO  server.RaftServer$Division (RaftServerImpl.java:start(405)) - 36185c6b-22ce-45d1-a622-3a6b487a5a53@group-813C05265458: start as a follower, conf=conf: {index: -1, cur=peers:[aa9634f0-8836-44d6-bc05-5b19fbdd93d5|127.0.0.1:15063, 36185c6b-22ce-45d1-a622-3a6b487a5a53|127.0.0.1:15071, 895d447a-5476-42e4-b2fa-6eb687701d46|127.0.0.1:15079]|listeners:[], old=null}
2025-10-10 10:37:48,203 [36185c6b-22ce-45d1-a622-3a6b487a5a53-groupManagement] INFO  server.RaftServer$Division (RaftServerImpl.java:setRole(392)) - 36185c6b-22ce-45d1-a622-3a6b487a5a53@group-813C05265458: changes role from      null to FOLLOWER at term 0 for startAsFollower
2025-10-10 10:37:48,203 [36185c6b-22ce-45d1-a622-3a6b487a5a53-groupManagement] INFO  impl.RoleInfo (RoleInfo.java:updateAndGet(148)) - 36185c6b-22ce-45d1-a622-3a6b487a5a53: start 36185c6b-22ce-45d1-a622-3a6b487a5a53@group-813C05265458-FollowerState
2025-10-10 10:37:48,203 [36185c6b-22ce-45d1-a622-3a6b487a5a53-groupManagement] INFO  util.JmxRegister (JmxRegister.java:tryRegister(44)) - Successfully registered JMX Bean with object name Ratis:service=RaftServer,group=group-813C05265458,id=36185c6b-22ce-45d1-a622-3a6b487a5a53
2025-10-10 10:37:48,203 [36185c6b-22ce-45d1-a622-3a6b487a5a53-groupManagement] INFO  util.JmxRegister (JmxRegister.java:register(58)) - register mxBean class org.apache.ratis.server.impl.RaftServerJmxAdapter as Ratis:service=RaftServer,group=group-813C05265458,id=36185c6b-22ce-45d1-a622-3a6b487a5a53
2025-10-10 10:37:48,204 [36185c6b-22ce-45d1-a622-3a6b487a5a53-groupManagement] INFO  server.RaftServer$Division (RaftServerImpl.java:start(419)) - 36185c6b-22ce-45d1-a622-3a6b487a5a53@group-813C05265458: Successfully started.
2025-10-10 10:37:48,217 [grpc-default-executor-6] INFO  server.RaftServer (RaftServerProxy.java:addNew(105)) - 895d447a-5476-42e4-b2fa-6eb687701d46: addNew group-813C05265458:[aa9634f0-8836-44d6-bc05-5b19fbdd93d5|127.0.0.1:15063, 36185c6b-22ce-45d1-a622-3a6b487a5a53|127.0.0.1:15071, 895d447a-5476-42e4-b2fa-6eb687701d46|127.0.0.1:15079] returns group-813C05265458:java.util.concurrent.CompletableFuture@46bc0ab8[Not completed]
2025-10-10 10:37:48,219 [895d447a-5476-42e4-b2fa-6eb687701d46-groupManagement] INFO  server.RaftServer$Division (RaftServerImpl.java:<init>(268)) - 895d447a-5476-42e4-b2fa-6eb687701d46: new RaftServerImpl for group-813C05265458:[aa9634f0-8836-44d6-bc05-5b19fbdd93d5|127.0.0.1:15063, 36185c6b-22ce-45d1-a622-3a6b487a5a53|127.0.0.1:15071, 895d447a-5476-42e4-b2fa-6eb687701d46|127.0.0.1:15079] with ContainerStateMachine:uninitialized
2025-10-10 10:37:48,219 [895d447a-5476-42e4-b2fa-6eb687701d46-groupManagement] INFO  server.RaftServer$Division (ServerState.java:<init>(114)) - 895d447a-5476-42e4-b2fa-6eb687701d46@group-813C05265458: ConfigurationManager, init=conf: {index: -1, cur=peers:[aa9634f0-8836-44d6-bc05-5b19fbdd93d5|127.0.0.1:15063, 36185c6b-22ce-45d1-a622-3a6b487a5a53|127.0.0.1:15071, 895d447a-5476-42e4-b2fa-6eb687701d46|127.0.0.1:15079]|listeners:[], old=null}, confs=<EMPTY_MAP>
2025-10-10 10:37:48,224 [895d447a-5476-42e4-b2fa-6eb687701d46-groupManagement] INFO  server.RaftServerConfigKeys (ConfUtils.java:logGet(62)) - raft.server.storage.dir = [/home/runner/work/ozone/ozone/hadoop-ozone/integration-test/target/test-dir/MiniOzoneClusterImpl-611c99c7-d47b-4433-a4ef-cd0a35b076ef/ozone-metadata/datanode-9/ratis] (custom)
2025-10-10 10:37:48,224 [895d447a-5476-42e4-b2fa-6eb687701d46-groupManagement] INFO  storage.RaftStorageDirectory (RaftStorageDirectoryImpl.java:analyzeStorage(138)) - The storage directory /home/runner/work/ozone/ozone/hadoop-ozone/integration-test/target/test-dir/MiniOzoneClusterImpl-611c99c7-d47b-4433-a4ef-cd0a35b076ef/ozone-metadata/datanode-9/ratis/e51e4850-930a-48f3-bb77-813c05265458 does not exist. Creating ...
2025-10-10 10:37:48,225 [895d447a-5476-42e4-b2fa-6eb687701d46-groupManagement] INFO  storage.RaftStorageDirectory (RaftStorageDirectoryImpl.java:tryLock(229)) - Lock on /home/runner/work/ozone/ozone/hadoop-ozone/integration-test/target/test-dir/MiniOzoneClusterImpl-611c99c7-d47b-4433-a4ef-cd0a35b076ef/ozone-metadata/datanode-9/ratis/e51e4850-930a-48f3-bb77-813c05265458/in_use.lock acquired by nodename 58401@localhost
2025-10-10 10:37:48,226 [895d447a-5476-42e4-b2fa-6eb687701d46-groupManagement] INFO  storage.RaftStorage (RaftStorageImpl.java:format(98)) - Storage directory /home/runner/work/ozone/ozone/hadoop-ozone/integration-test/target/test-dir/MiniOzoneClusterImpl-611c99c7-d47b-4433-a4ef-cd0a35b076ef/ozone-metadata/datanode-9/ratis/e51e4850-930a-48f3-bb77-813c05265458 has been successfully formatted.
2025-10-10 10:37:48,227 [895d447a-5476-42e4-b2fa-6eb687701d46-groupManagement] INFO  ratis.ContainerStateMachine (ContainerStateMachine.java:initialize(339)) - 895d447a-5476-42e4-b2fa-6eb687701d46: initialize group-813C05265458
2025-10-10 10:37:48,227 [895d447a-5476-42e4-b2fa-6eb687701d46-groupManagement] INFO  ratis.ContainerStateMachine (ContainerStateMachine.java:loadSnapshot(347)) - group-813C05265458: The snapshot info is null. Setting the last applied index to:<INITIAL_VALUE>
2025-10-10 10:37:48,228 [895d447a-5476-42e4-b2fa-6eb687701d46-groupManagement] INFO  server.RaftServerConfigKeys (ConfUtils.java:logGet(62)) - raft.server.log.appender.buffer.byte-limit = 33554432 (custom)
2025-10-10 10:37:48,230 [895d447a-5476-42e4-b2fa-6eb687701d46-groupManagement] INFO  server.RaftServerConfigKeys (ConfUtils.java:logGet(62)) - raft.server.log.segment.size.max = 67108864 (custom)
2025-10-10 10:37:48,230 [895d447a-5476-42e4-b2fa-6eb687701d46-groupManagement] INFO  server.RaftServerConfigKeys (ConfUtils.java:logGet(62)) - raft.server.log.appender.buffer.byte-limit = 33554432 (custom)
2025-10-10 10:37:48,231 [895d447a-5476-42e4-b2fa-6eb687701d46-groupManagement] INFO  util.AwaitToRun (AwaitToRun.java:start(81)) - Thread[#1372,895d447a-5476-42e4-b2fa-6eb687701d46@group-813C05265458-cacheEviction-AwaitToRun,5,main] started
2025-10-10 10:37:48,231 [895d447a-5476-42e4-b2fa-6eb687701d46-groupManagement] INFO  segmented.SegmentedRaftLogWorker (SegmentedRaftLogWorker.java:<init>(190)) - new 895d447a-5476-42e4-b2fa-6eb687701d46@group-813C05265458-SegmentedRaftLogWorker for RaftStorageImpl:Storage Directory /home/runner/work/ozone/ozone/hadoop-ozone/integration-test/target/test-dir/MiniOzoneClusterImpl-611c99c7-d47b-4433-a4ef-cd0a35b076ef/ozone-metadata/datanode-9/ratis/e51e4850-930a-48f3-bb77-813c05265458
2025-10-10 10:37:48,231 [895d447a-5476-42e4-b2fa-6eb687701d46-groupManagement] INFO  server.RaftServerConfigKeys (ConfUtils.java:logGet(62)) - raft.server.log.queue.byte-limit = 4294967296 (custom)
2025-10-10 10:37:48,231 [895d447a-5476-42e4-b2fa-6eb687701d46-groupManagement] INFO  server.RaftServerConfigKeys (ConfUtils.java:logGet(62)) - raft.server.log.segment.size.max = 67108864 (custom)
2025-10-10 10:37:48,231 [895d447a-5476-42e4-b2fa-6eb687701d46-groupManagement] INFO  server.RaftServerConfigKeys (ConfUtils.java:logGet(62)) - raft.server.log.preallocated.size = 4194304 (custom)
2025-10-10 10:37:48,231 [895d447a-5476-42e4-b2fa-6eb687701d46-groupManagement] INFO  server.RaftServerConfigKeys (ConfUtils.java:logGet(62)) - raft.server.log.write.buffer.size = 33554440 (custom)
2025-10-10 10:37:48,236 [895d447a-5476-42e4-b2fa-6eb687701d46-groupManagement] INFO  server.RaftServerConfigKeys (ConfUtils.java:logGet(62)) - raft.server.log.appender.buffer.byte-limit = 33554432 (custom)
2025-10-10 10:37:48,237 [895d447a-5476-42e4-b2fa-6eb687701d46-groupManagement] INFO  segmented.SegmentedRaftLogWorker (SegmentedRaftLogWorker.java:lambda$new$0(141)) - 895d447a-5476-42e4-b2fa-6eb687701d46@group-813C05265458-SegmentedRaftLogWorker: flushIndex: setUnconditionally 0 -> -1
2025-10-10 10:37:48,237 [895d447a-5476-42e4-b2fa-6eb687701d46-groupManagement] INFO  segmented.SegmentedRaftLogWorker (SegmentedRaftLogWorker.java:lambda$new$0(141)) - 895d447a-5476-42e4-b2fa-6eb687701d46@group-813C05265458-SegmentedRaftLogWorker: safeCacheEvictIndex: setUnconditionally 0 -> -1
2025-10-10 10:37:48,238 [895d447a-5476-42e4-b2fa-6eb687701d46-groupManagement] INFO  server.RaftServer$Division (RaftServerImpl.java:start(405)) - 895d447a-5476-42e4-b2fa-6eb687701d46@group-813C05265458: start as a follower, conf=conf: {index: -1, cur=peers:[aa9634f0-8836-44d6-bc05-5b19fbdd93d5|127.0.0.1:15063, 36185c6b-22ce-45d1-a622-3a6b487a5a53|127.0.0.1:15071, 895d447a-5476-42e4-b2fa-6eb687701d46|127.0.0.1:15079]|listeners:[], old=null}
2025-10-10 10:37:48,238 [895d447a-5476-42e4-b2fa-6eb687701d46-groupManagement] INFO  server.RaftServer$Division (RaftServerImpl.java:setRole(392)) - 895d447a-5476-42e4-b2fa-6eb687701d46@group-813C05265458: changes role from      null to FOLLOWER at term 0 for startAsFollower
2025-10-10 10:37:48,238 [895d447a-5476-42e4-b2fa-6eb687701d46-groupManagement] INFO  impl.RoleInfo (RoleInfo.java:updateAndGet(148)) - 895d447a-5476-42e4-b2fa-6eb687701d46: start 895d447a-5476-42e4-b2fa-6eb687701d46@group-813C05265458-FollowerState
2025-10-10 10:37:48,239 [895d447a-5476-42e4-b2fa-6eb687701d46-groupManagement] INFO  util.JmxRegister (JmxRegister.java:tryRegister(44)) - Successfully registered JMX Bean with object name Ratis:service=RaftServer,group=group-813C05265458,id=895d447a-5476-42e4-b2fa-6eb687701d46
2025-10-10 10:37:48,239 [895d447a-5476-42e4-b2fa-6eb687701d46-groupManagement] INFO  util.JmxRegister (JmxRegister.java:register(58)) - register mxBean class org.apache.ratis.server.impl.RaftServerJmxAdapter as Ratis:service=RaftServer,group=group-813C05265458,id=895d447a-5476-42e4-b2fa-6eb687701d46
2025-10-10 10:37:48,239 [895d447a-5476-42e4-b2fa-6eb687701d46-groupManagement] INFO  server.RaftServer$Division (RaftServerImpl.java:start(419)) - 895d447a-5476-42e4-b2fa-6eb687701d46@group-813C05265458: Successfully started.
2025-10-10 10:37:48,244 [aa9634f0-8836-44d6-bc05-5b19fbdd93d5-CreatePipelineCommandHandlerThread-0] INFO  commandhandler.CreatePipelineCommandHandler (CreatePipelineCommandHandler.java:lambda$handle$2(141)) - Created Pipeline RATIS THREE Pipeline-e51e4850-930a-48f3-bb77-813c05265458.
2025-10-10 10:37:48,245 [aa9634f0-8836-44d6-bc05-5b19fbdd93d5-CreatePipelineCommandHandlerThread-0] INFO  server.RaftServer (RaftServerProxy.java:addNew(105)) - aa9634f0-8836-44d6-bc05-5b19fbdd93d5: addNew group-6EF60CB14872:[aa9634f0-8836-44d6-bc05-5b19fbdd93d5|127.0.0.1:15063, 36185c6b-22ce-45d1-a622-3a6b487a5a53|127.0.0.1:15071, 895d447a-5476-42e4-b2fa-6eb687701d46|127.0.0.1:15079] returns group-6EF60CB14872:java.util.concurrent.CompletableFuture@23d7d664[Not completed]
2025-10-10 10:37:48,246 [aa9634f0-8836-44d6-bc05-5b19fbdd93d5-groupManagement] INFO  server.RaftServer$Division (RaftServerImpl.java:<init>(268)) - aa9634f0-8836-44d6-bc05-5b19fbdd93d5: new RaftServerImpl for group-6EF60CB14872:[aa9634f0-8836-44d6-bc05-5b19fbdd93d5|127.0.0.1:15063, 36185c6b-22ce-45d1-a622-3a6b487a5a53|127.0.0.1:15071, 895d447a-5476-42e4-b2fa-6eb687701d46|127.0.0.1:15079] with ContainerStateMachine:uninitialized
2025-10-10 10:37:48,247 [aa9634f0-8836-44d6-bc05-5b19fbdd93d5-groupManagement] INFO  server.RaftServer$Division (ServerState.java:<init>(114)) - aa9634f0-8836-44d6-bc05-5b19fbdd93d5@group-6EF60CB14872: ConfigurationManager, init=conf: {index: -1, cur=peers:[aa9634f0-8836-44d6-bc05-5b19fbdd93d5|127.0.0.1:15063, 36185c6b-22ce-45d1-a622-3a6b487a5a53|127.0.0.1:15071, 895d447a-5476-42e4-b2fa-6eb687701d46|127.0.0.1:15079]|listeners:[], old=null}, confs=<EMPTY_MAP>
2025-10-10 10:37:48,250 [aa9634f0-8836-44d6-bc05-5b19fbdd93d5-groupManagement] INFO  server.RaftServerConfigKeys (ConfUtils.java:logGet(62)) - raft.server.storage.dir = [/home/runner/work/ozone/ozone/hadoop-ozone/integration-test/target/test-dir/MiniOzoneClusterImpl-611c99c7-d47b-4433-a4ef-cd0a35b076ef/ozone-metadata/datanode-7/ratis] (custom)
2025-10-10 10:37:48,250 [aa9634f0-8836-44d6-bc05-5b19fbdd93d5-groupManagement] INFO  storage.RaftStorageDirectory (RaftStorageDirectoryImpl.java:analyzeStorage(138)) - The storage directory /home/runner/work/ozone/ozone/hadoop-ozone/integration-test/target/test-dir/MiniOzoneClusterImpl-611c99c7-d47b-4433-a4ef-cd0a35b076ef/ozone-metadata/datanode-7/ratis/56f6ef43-c50c-4d35-89b5-6ef60cb14872 does not exist. Creating ...
2025-10-10 10:37:48,251 [aa9634f0-8836-44d6-bc05-5b19fbdd93d5-groupManagement] INFO  storage.RaftStorageDirectory (RaftStorageDirectoryImpl.java:tryLock(229)) - Lock on /home/runner/work/ozone/ozone/hadoop-ozone/integration-test/target/test-dir/MiniOzoneClusterImpl-611c99c7-d47b-4433-a4ef-cd0a35b076ef/ozone-metadata/datanode-7/ratis/56f6ef43-c50c-4d35-89b5-6ef60cb14872/in_use.lock acquired by nodename 58401@localhost
2025-10-10 10:37:48,252 [aa9634f0-8836-44d6-bc05-5b19fbdd93d5-groupManagement] INFO  storage.RaftStorage (RaftStorageImpl.java:format(98)) - Storage directory /home/runner/work/ozone/ozone/hadoop-ozone/integration-test/target/test-dir/MiniOzoneClusterImpl-611c99c7-d47b-4433-a4ef-cd0a35b076ef/ozone-metadata/datanode-7/ratis/56f6ef43-c50c-4d35-89b5-6ef60cb14872 has been successfully formatted.
2025-10-10 10:37:48,253 [aa9634f0-8836-44d6-bc05-5b19fbdd93d5-groupManagement] INFO  ratis.ContainerStateMachine (ContainerStateMachine.java:initialize(339)) - aa9634f0-8836-44d6-bc05-5b19fbdd93d5: initialize group-6EF60CB14872
2025-10-10 10:37:48,253 [aa9634f0-8836-44d6-bc05-5b19fbdd93d5-groupManagement] INFO  ratis.ContainerStateMachine (ContainerStateMachine.java:loadSnapshot(347)) - group-6EF60CB14872: The snapshot info is null. Setting the last applied index to:<INITIAL_VALUE>
2025-10-10 10:37:48,253 [aa9634f0-8836-44d6-bc05-5b19fbdd93d5-groupManagement] INFO  server.RaftServerConfigKeys (ConfUtils.java:logGet(62)) - raft.server.log.appender.buffer.byte-limit = 33554432 (custom)
2025-10-10 10:37:48,255 [aa9634f0-8836-44d6-bc05-5b19fbdd93d5-groupManagement] INFO  server.RaftServerConfigKeys (ConfUtils.java:logGet(62)) - raft.server.log.segment.size.max = 67108864 (custom)
2025-10-10 10:37:48,255 [aa9634f0-8836-44d6-bc05-5b19fbdd93d5-groupManagement] INFO  server.RaftServerConfigKeys (ConfUtils.java:logGet(62)) - raft.server.log.appender.buffer.byte-limit = 33554432 (custom)
2025-10-10 10:37:48,255 [aa9634f0-8836-44d6-bc05-5b19fbdd93d5-groupManagement] INFO  util.AwaitToRun (AwaitToRun.java:start(81)) - Thread[#1379,aa9634f0-8836-44d6-bc05-5b19fbdd93d5@group-6EF60CB14872-cacheEviction-AwaitToRun,5,main] started
2025-10-10 10:37:48,255 [aa9634f0-8836-44d6-bc05-5b19fbdd93d5-groupManagement] INFO  segmented.SegmentedRaftLogWorker (SegmentedRaftLogWorker.java:<init>(190)) - new aa9634f0-8836-44d6-bc05-5b19fbdd93d5@group-6EF60CB14872-SegmentedRaftLogWorker for RaftStorageImpl:Storage Directory /home/runner/work/ozone/ozone/hadoop-ozone/integration-test/target/test-dir/MiniOzoneClusterImpl-611c99c7-d47b-4433-a4ef-cd0a35b076ef/ozone-metadata/datanode-7/ratis/56f6ef43-c50c-4d35-89b5-6ef60cb14872
2025-10-10 10:37:48,255 [aa9634f0-8836-44d6-bc05-5b19fbdd93d5-groupManagement] INFO  server.RaftServerConfigKeys (ConfUtils.java:logGet(62)) - raft.server.log.queue.byte-limit = 4294967296 (custom)
2025-10-10 10:37:48,255 [aa9634f0-8836-44d6-bc05-5b19fbdd93d5-groupManagement] INFO  server.RaftServerConfigKeys (ConfUtils.java:logGet(62)) - raft.server.log.segment.size.max = 67108864 (custom)
2025-10-10 10:37:48,257 [aa9634f0-8836-44d6-bc05-5b19fbdd93d5-groupManagement] INFO  server.RaftServerConfigKeys (ConfUtils.java:logGet(62)) - raft.server.log.preallocated.size = 4194304 (custom)
2025-10-10 10:37:48,258 [aa9634f0-8836-44d6-bc05-5b19fbdd93d5-groupManagement] INFO  server.RaftServerConfigKeys (ConfUtils.java:logGet(62)) - raft.server.log.write.buffer.size = 33554440 (custom)
2025-10-10 10:37:48,263 [aa9634f0-8836-44d6-bc05-5b19fbdd93d5-groupManagement] INFO  server.RaftServerConfigKeys (ConfUtils.java:logGet(62)) - raft.server.log.appender.buffer.byte-limit = 33554432 (custom)
2025-10-10 10:37:48,264 [aa9634f0-8836-44d6-bc05-5b19fbdd93d5-groupManagement] INFO  segmented.SegmentedRaftLogWorker (SegmentedRaftLogWorker.java:lambda$new$0(141)) - aa9634f0-8836-44d6-bc05-5b19fbdd93d5@group-6EF60CB14872-SegmentedRaftLogWorker: flushIndex: setUnconditionally 0 -> -1
2025-10-10 10:37:48,264 [aa9634f0-8836-44d6-bc05-5b19fbdd93d5-groupManagement] INFO  segmented.SegmentedRaftLogWorker (SegmentedRaftLogWorker.java:lambda$new$0(141)) - aa9634f0-8836-44d6-bc05-5b19fbdd93d5@group-6EF60CB14872-SegmentedRaftLogWorker: safeCacheEvictIndex: setUnconditionally 0 -> -1
2025-10-10 10:37:48,265 [aa9634f0-8836-44d6-bc05-5b19fbdd93d5-groupManagement] INFO  server.RaftServer$Division (RaftServerImpl.java:start(405)) - aa9634f0-8836-44d6-bc05-5b19fbdd93d5@group-6EF60CB14872: start as a follower, conf=conf: {index: -1, cur=peers:[aa9634f0-8836-44d6-bc05-5b19fbdd93d5|127.0.0.1:15063, 36185c6b-22ce-45d1-a622-3a6b487a5a53|127.0.0.1:15071, 895d447a-5476-42e4-b2fa-6eb687701d46|127.0.0.1:15079]|listeners:[], old=null}
2025-10-10 10:37:48,265 [aa9634f0-8836-44d6-bc05-5b19fbdd93d5-groupManagement] INFO  server.RaftServer$Division (RaftServerImpl.java:setRole(392)) - aa9634f0-8836-44d6-bc05-5b19fbdd93d5@group-6EF60CB14872: changes role from      null to FOLLOWER at term 0 for startAsFollower
2025-10-10 10:37:48,265 [aa9634f0-8836-44d6-bc05-5b19fbdd93d5-groupManagement] INFO  impl.RoleInfo (RoleInfo.java:updateAndGet(148)) - aa9634f0-8836-44d6-bc05-5b19fbdd93d5: start aa9634f0-8836-44d6-bc05-5b19fbdd93d5@group-6EF60CB14872-FollowerState
2025-10-10 10:37:48,265 [bb95c33f-a3cb-4bbe-957e-8163c1fc1114@group-FF215623FAB7-FollowerState] INFO  impl.FollowerState (FollowerState.java:runImpl(161)) - bb95c33f-a3cb-4bbe-957e-8163c1fc1114@group-FF215623FAB7-FollowerState: change to CANDIDATE, lastRpcElapsedTime:1192762770ns, electionTimeout:1192ms
2025-10-10 10:37:48,265 [bb95c33f-a3cb-4bbe-957e-8163c1fc1114@group-FF215623FAB7-FollowerState] INFO  impl.RoleInfo (RoleInfo.java:shutdownFollowerState(121)) - bb95c33f-a3cb-4bbe-957e-8163c1fc1114: shutdown bb95c33f-a3cb-4bbe-957e-8163c1fc1114@group-FF215623FAB7-FollowerState
2025-10-10 10:37:48,265 [bb95c33f-a3cb-4bbe-957e-8163c1fc1114@group-FF215623FAB7-FollowerState] INFO  server.RaftServer$Division (RaftServerImpl.java:setRole(392)) - bb95c33f-a3cb-4bbe-957e-8163c1fc1114@group-FF215623FAB7: changes role from  FOLLOWER to CANDIDATE at term 0 for changeToCandidate
2025-10-10 10:37:48,265 [bb95c33f-a3cb-4bbe-957e-8163c1fc1114@group-FF215623FAB7-FollowerState] INFO  impl.RoleInfo (RoleInfo.java:updateAndGet(148)) - bb95c33f-a3cb-4bbe-957e-8163c1fc1114: start bb95c33f-a3cb-4bbe-957e-8163c1fc1114@group-FF215623FAB7-LeaderElection11
2025-10-10 10:37:48,265 [aa9634f0-8836-44d6-bc05-5b19fbdd93d5-groupManagement] INFO  util.JmxRegister (JmxRegister.java:tryRegister(44)) - Successfully registered JMX Bean with object name Ratis:service=RaftServer,group=group-6EF60CB14872,id=aa9634f0-8836-44d6-bc05-5b19fbdd93d5
2025-10-10 10:37:48,266 [aa9634f0-8836-44d6-bc05-5b19fbdd93d5-groupManagement] INFO  util.JmxRegister (JmxRegister.java:register(58)) - register mxBean class org.apache.ratis.server.impl.RaftServerJmxAdapter as Ratis:service=RaftServer,group=group-6EF60CB14872,id=aa9634f0-8836-44d6-bc05-5b19fbdd93d5
2025-10-10 10:37:48,267 [aa9634f0-8836-44d6-bc05-5b19fbdd93d5-groupManagement] INFO  server.RaftServer$Division (RaftServerImpl.java:start(419)) - aa9634f0-8836-44d6-bc05-5b19fbdd93d5@group-6EF60CB14872: Successfully started.
2025-10-10 10:37:48,267 [aa9634f0-8836-44d6-bc05-5b19fbdd93d5-CreatePipelineCommandHandlerThread-0] INFO  ratis.XceiverServerRatis (XceiverServerRatis.java:addGroup(839)) - Created group Pipeline-56f6ef43-c50c-4d35-89b5-6ef60cb14872
2025-10-10 10:37:48,268 [bb95c33f-a3cb-4bbe-957e-8163c1fc1114@group-FF215623FAB7-LeaderElection11] INFO  impl.LeaderElection (LeaderElection.java:askForVotes(448)) - bb95c33f-a3cb-4bbe-957e-8163c1fc1114@group-FF215623FAB7-LeaderElection11 PRE_VOTE round 0: submit vote requests at term 0 for conf: {index: -1, cur=peers:[bb95c33f-a3cb-4bbe-957e-8163c1fc1114|127.0.0.1:15031]|listeners:[], old=null}
2025-10-10 10:37:48,268 [bb95c33f-a3cb-4bbe-957e-8163c1fc1114@group-FF215623FAB7-LeaderElection11] INFO  impl.LeaderElection (LeaderElection.java:askForVotes(450)) - bb95c33f-a3cb-4bbe-957e-8163c1fc1114@group-FF215623FAB7-LeaderElection11 PRE_VOTE round 0: result PASSED (term=0)
2025-10-10 10:37:48,270 [bb95c33f-a3cb-4bbe-957e-8163c1fc1114@group-FF215623FAB7-LeaderElection11] INFO  impl.LeaderElection (LeaderElection.java:askForVotes(448)) - bb95c33f-a3cb-4bbe-957e-8163c1fc1114@group-FF215623FAB7-LeaderElection11 ELECTION round 0: submit vote requests at term 1 for conf: {index: -1, cur=peers:[bb95c33f-a3cb-4bbe-957e-8163c1fc1114|127.0.0.1:15031]|listeners:[], old=null}
2025-10-10 10:37:48,270 [bb95c33f-a3cb-4bbe-957e-8163c1fc1114@group-FF215623FAB7-LeaderElection11] INFO  impl.LeaderElection (LeaderElection.java:askForVotes(450)) - bb95c33f-a3cb-4bbe-957e-8163c1fc1114@group-FF215623FAB7-LeaderElection11 ELECTION round 0: result PASSED (term=1)
2025-10-10 10:37:48,270 [bb95c33f-a3cb-4bbe-957e-8163c1fc1114@group-FF215623FAB7-LeaderElection11] INFO  impl.RoleInfo (RoleInfo.java:shutdownLeaderElection(141)) - bb95c33f-a3cb-4bbe-957e-8163c1fc1114: shutdown bb95c33f-a3cb-4bbe-957e-8163c1fc1114@group-FF215623FAB7-LeaderElection11
2025-10-10 10:37:48,270 [bb95c33f-a3cb-4bbe-957e-8163c1fc1114@group-FF215623FAB7-LeaderElection11] INFO  server.RaftServer$Division (RaftServerImpl.java:setRole(392)) - bb95c33f-a3cb-4bbe-957e-8163c1fc1114@group-FF215623FAB7: changes role from CANDIDATE to LEADER at term 1 for changeToLeader
2025-10-10 10:37:48,270 [bb95c33f-a3cb-4bbe-957e-8163c1fc1114@group-FF215623FAB7-LeaderElection11] INFO  server.RaftServerConfigKeys (ConfUtils.java:logFallback(69)) - raft.server.staging.timeout = 3600ms (fallback to raft.server.rpc.timeout.max)
2025-10-10 10:37:48,271 [bb95c33f-a3cb-4bbe-957e-8163c1fc1114@group-FF215623FAB7-LeaderElection11] INFO  server.RaftServerConfigKeys (ConfUtils.java:logGet(62)) - raft.server.write.byte-limit = 1024 M (=1073741824) (custom)
2025-10-10 10:37:48,272 [bb95c33f-a3cb-4bbe-957e-8163c1fc1114@group-FF215623FAB7-LeaderElection11] INFO  impl.RoleInfo (RoleInfo.java:updateAndGet(148)) - bb95c33f-a3cb-4bbe-957e-8163c1fc1114: start bb95c33f-a3cb-4bbe-957e-8163c1fc1114@group-FF215623FAB7-LeaderStateImpl
2025-10-10 10:37:48,272 [bb95c33f-a3cb-4bbe-957e-8163c1fc1114@group-FF215623FAB7-LeaderElection11] INFO  server.RaftServer$Division (RaftServerImpl.java:setFirstElection(576)) - bb95c33f-a3cb-4bbe-957e-8163c1fc1114@group-FF215623FAB7: set firstElectionSinceStartup to false for becomeLeader
2025-10-10 10:37:48,273 [bb95c33f-a3cb-4bbe-957e-8163c1fc1114@group-FF215623FAB7-LeaderElection11] INFO  ratis.XceiverServerRatis (XceiverServerRatis.java:handleLeaderChangedNotification(940)) - Leader change notification received for group: group-FF215623FAB7 with new leaderId: bb95c33f-a3cb-4bbe-957e-8163c1fc1114
2025-10-10 10:37:48,273 [bb95c33f-a3cb-4bbe-957e-8163c1fc1114@group-FF215623FAB7-LeaderElection11] INFO  server.RaftServer$Division (ServerState.java:setLeader(272)) - bb95c33f-a3cb-4bbe-957e-8163c1fc1114@group-FF215623FAB7: change Leader from null to bb95c33f-a3cb-4bbe-957e-8163c1fc1114 at term 1 for becomeLeader, leader elected after 1252ms
2025-10-10 10:37:48,273 [bb95c33f-a3cb-4bbe-957e-8163c1fc1114@group-FF215623FAB7-LeaderElection11] INFO  segmented.SegmentedRaftLogWorker (SegmentedRaftLogWorker.java:startLogSegment(440)) - bb95c33f-a3cb-4bbe-957e-8163c1fc1114@group-FF215623FAB7-SegmentedRaftLogWorker: Starting segment from index:0
2025-10-10 10:37:48,273 [bb95c33f-a3cb-4bbe-957e-8163c1fc1114@group-FF215623FAB7-LeaderElection11] INFO  server.RaftServer$Division (ServerState.java:setRaftConf(386)) - bb95c33f-a3cb-4bbe-957e-8163c1fc1114@group-FF215623FAB7: set configuration conf: {index: 0, cur=peers:[bb95c33f-a3cb-4bbe-957e-8163c1fc1114|127.0.0.1:15031]|listeners:[], old=null}
2025-10-10 10:37:48,274 [bb95c33f-a3cb-4bbe-957e-8163c1fc1114@group-FF215623FAB7-SegmentedRaftLogWorker] INFO  segmented.BufferedWriteChannel (BufferedWriteChannel.java:open(61)) - open log_inprogress_0 at position 0
2025-10-10 10:37:48,279 [grpc-default-executor-6] INFO  server.RaftServer (RaftServerProxy.java:addNew(105)) - 36185c6b-22ce-45d1-a622-3a6b487a5a53: addNew group-6EF60CB14872:[aa9634f0-8836-44d6-bc05-5b19fbdd93d5|127.0.0.1:15063, 36185c6b-22ce-45d1-a622-3a6b487a5a53|127.0.0.1:15071, 895d447a-5476-42e4-b2fa-6eb687701d46|127.0.0.1:15079] returns group-6EF60CB14872:java.util.concurrent.CompletableFuture@767dc57f[Not completed]
2025-10-10 10:37:48,281 [bb95c33f-a3cb-4bbe-957e-8163c1fc1114@group-FF215623FAB7-SegmentedRaftLogWorker] INFO  segmented.SegmentedRaftLogWorker (SegmentedRaftLogWorker.java:execute(647)) - bb95c33f-a3cb-4bbe-957e-8163c1fc1114@group-FF215623FAB7-SegmentedRaftLogWorker: created new log segment /home/runner/work/ozone/ozone/hadoop-ozone/integration-test/target/test-dir/MiniOzoneClusterImpl-611c99c7-d47b-4433-a4ef-cd0a35b076ef/ozone-metadata/datanode-3/ratis/383f4c41-c860-4c85-a7b1-ff215623fab7/current/log_inprogress_0
2025-10-10 10:37:48,282 [36185c6b-22ce-45d1-a622-3a6b487a5a53-groupManagement] INFO  server.RaftServer$Division (RaftServerImpl.java:<init>(268)) - 36185c6b-22ce-45d1-a622-3a6b487a5a53: new RaftServerImpl for group-6EF60CB14872:[aa9634f0-8836-44d6-bc05-5b19fbdd93d5|127.0.0.1:15063, 36185c6b-22ce-45d1-a622-3a6b487a5a53|127.0.0.1:15071, 895d447a-5476-42e4-b2fa-6eb687701d46|127.0.0.1:15079] with ContainerStateMachine:uninitialized
2025-10-10 10:37:48,282 [36185c6b-22ce-45d1-a622-3a6b487a5a53-groupManagement] INFO  server.RaftServer$Division (ServerState.java:<init>(114)) - 36185c6b-22ce-45d1-a622-3a6b487a5a53@group-6EF60CB14872: ConfigurationManager, init=conf: {index: -1, cur=peers:[aa9634f0-8836-44d6-bc05-5b19fbdd93d5|127.0.0.1:15063, 36185c6b-22ce-45d1-a622-3a6b487a5a53|127.0.0.1:15071, 895d447a-5476-42e4-b2fa-6eb687701d46|127.0.0.1:15079]|listeners:[], old=null}, confs=<EMPTY_MAP>
2025-10-10 10:37:48,284 [bb95c33f-a3cb-4bbe-957e-8163c1fc1114@group-FF215623FAB7-StateMachineUpdater] INFO  server.RaftServer$Division (LeaderStateImpl.java:checkStartIndex(309)) - Leader bb95c33f-a3cb-4bbe-957e-8163c1fc1114@group-FF215623FAB7-LeaderStateImpl is ready since appliedIndex == startIndex == 0
2025-10-10 10:37:48,288 [36185c6b-22ce-45d1-a622-3a6b487a5a53-groupManagement] INFO  server.RaftServerConfigKeys (ConfUtils.java:logGet(62)) - raft.server.storage.dir = [/home/runner/work/ozone/ozone/hadoop-ozone/integration-test/target/test-dir/MiniOzoneClusterImpl-611c99c7-d47b-4433-a4ef-cd0a35b076ef/ozone-metadata/datanode-8/ratis] (custom)
2025-10-10 10:37:48,288 [36185c6b-22ce-45d1-a622-3a6b487a5a53-groupManagement] INFO  storage.RaftStorageDirectory (RaftStorageDirectoryImpl.java:analyzeStorage(138)) - The storage directory /home/runner/work/ozone/ozone/hadoop-ozone/integration-test/target/test-dir/MiniOzoneClusterImpl-611c99c7-d47b-4433-a4ef-cd0a35b076ef/ozone-metadata/datanode-8/ratis/56f6ef43-c50c-4d35-89b5-6ef60cb14872 does not exist. Creating ...
2025-10-10 10:37:48,289 [36185c6b-22ce-45d1-a622-3a6b487a5a53-groupManagement] INFO  storage.RaftStorageDirectory (RaftStorageDirectoryImpl.java:tryLock(229)) - Lock on /home/runner/work/ozone/ozone/hadoop-ozone/integration-test/target/test-dir/MiniOzoneClusterImpl-611c99c7-d47b-4433-a4ef-cd0a35b076ef/ozone-metadata/datanode-8/ratis/56f6ef43-c50c-4d35-89b5-6ef60cb14872/in_use.lock acquired by nodename 58401@localhost
2025-10-10 10:37:48,290 [36185c6b-22ce-45d1-a622-3a6b487a5a53-groupManagement] INFO  storage.RaftStorage (RaftStorageImpl.java:format(98)) - Storage directory /home/runner/work/ozone/ozone/hadoop-ozone/integration-test/target/test-dir/MiniOzoneClusterImpl-611c99c7-d47b-4433-a4ef-cd0a35b076ef/ozone-metadata/datanode-8/ratis/56f6ef43-c50c-4d35-89b5-6ef60cb14872 has been successfully formatted.
2025-10-10 10:37:48,290 [36185c6b-22ce-45d1-a622-3a6b487a5a53-groupManagement] INFO  ratis.ContainerStateMachine (ContainerStateMachine.java:initialize(339)) - 36185c6b-22ce-45d1-a622-3a6b487a5a53: initialize group-6EF60CB14872
2025-10-10 10:37:48,290 [36185c6b-22ce-45d1-a622-3a6b487a5a53-groupManagement] INFO  ratis.ContainerStateMachine (ContainerStateMachine.java:loadSnapshot(347)) - group-6EF60CB14872: The snapshot info is null. Setting the last applied index to:<INITIAL_VALUE>
2025-10-10 10:37:48,290 [36185c6b-22ce-45d1-a622-3a6b487a5a53-groupManagement] INFO  server.RaftServerConfigKeys (ConfUtils.java:logGet(62)) - raft.server.log.appender.buffer.byte-limit = 33554432 (custom)
2025-10-10 10:37:48,293 [36185c6b-22ce-45d1-a622-3a6b487a5a53-groupManagement] INFO  server.RaftServerConfigKeys (ConfUtils.java:logGet(62)) - raft.server.log.segment.size.max = 67108864 (custom)
2025-10-10 10:37:48,293 [36185c6b-22ce-45d1-a622-3a6b487a5a53-groupManagement] INFO  server.RaftServerConfigKeys (ConfUtils.java:logGet(62)) - raft.server.log.appender.buffer.byte-limit = 33554432 (custom)
2025-10-10 10:37:48,293 [1a301c79-b9ef-44e0-a0ae-b339f61819a5@group-63ACBE5F7EDA-FollowerState] INFO  impl.FollowerState (FollowerState.java:runImpl(161)) - 1a301c79-b9ef-44e0-a0ae-b339f61819a5@group-63ACBE5F7EDA-FollowerState: change to CANDIDATE, lastRpcElapsedTime:1147164078ns, electionTimeout:1145ms
2025-10-10 10:37:48,293 [1a301c79-b9ef-44e0-a0ae-b339f61819a5@group-63ACBE5F7EDA-FollowerState] INFO  impl.RoleInfo (RoleInfo.java:shutdownFollowerState(121)) - 1a301c79-b9ef-44e0-a0ae-b339f61819a5: shutdown 1a301c79-b9ef-44e0-a0ae-b339f61819a5@group-63ACBE5F7EDA-FollowerState
2025-10-10 10:37:48,293 [36185c6b-22ce-45d1-a622-3a6b487a5a53-groupManagement] INFO  util.AwaitToRun (AwaitToRun.java:start(81)) - Thread[#1385,36185c6b-22ce-45d1-a622-3a6b487a5a53@group-6EF60CB14872-cacheEviction-AwaitToRun,5,main] started
2025-10-10 10:37:48,293 [36185c6b-22ce-45d1-a622-3a6b487a5a53-groupManagement] INFO  segmented.SegmentedRaftLogWorker (SegmentedRaftLogWorker.java:<init>(190)) - new 36185c6b-22ce-45d1-a622-3a6b487a5a53@group-6EF60CB14872-SegmentedRaftLogWorker for RaftStorageImpl:Storage Directory /home/runner/work/ozone/ozone/hadoop-ozone/integration-test/target/test-dir/MiniOzoneClusterImpl-611c99c7-d47b-4433-a4ef-cd0a35b076ef/ozone-metadata/datanode-8/ratis/56f6ef43-c50c-4d35-89b5-6ef60cb14872
2025-10-10 10:37:48,293 [1a301c79-b9ef-44e0-a0ae-b339f61819a5@group-63ACBE5F7EDA-FollowerState] INFO  server.RaftServer$Division (RaftServerImpl.java:setRole(392)) - 1a301c79-b9ef-44e0-a0ae-b339f61819a5@group-63ACBE5F7EDA: changes role from  FOLLOWER to CANDIDATE at term 0 for changeToCandidate
2025-10-10 10:37:48,294 [1a301c79-b9ef-44e0-a0ae-b339f61819a5@group-63ACBE5F7EDA-FollowerState] INFO  impl.RoleInfo (RoleInfo.java:updateAndGet(148)) - 1a301c79-b9ef-44e0-a0ae-b339f61819a5: start 1a301c79-b9ef-44e0-a0ae-b339f61819a5@group-63ACBE5F7EDA-LeaderElection12
2025-10-10 10:37:48,293 [36185c6b-22ce-45d1-a622-3a6b487a5a53-groupManagement] INFO  server.RaftServerConfigKeys (ConfUtils.java:logGet(62)) - raft.server.log.queue.byte-limit = 4294967296 (custom)
2025-10-10 10:37:48,294 [36185c6b-22ce-45d1-a622-3a6b487a5a53-groupManagement] INFO  server.RaftServerConfigKeys (ConfUtils.java:logGet(62)) - raft.server.log.segment.size.max = 67108864 (custom)
2025-10-10 10:37:48,295 [36185c6b-22ce-45d1-a622-3a6b487a5a53-groupManagement] INFO  server.RaftServerConfigKeys (ConfUtils.java:logGet(62)) - raft.server.log.preallocated.size = 4194304 (custom)
2025-10-10 10:37:48,295 [36185c6b-22ce-45d1-a622-3a6b487a5a53-groupManagement] INFO  server.RaftServerConfigKeys (ConfUtils.java:logGet(62)) - raft.server.log.write.buffer.size = 33554440 (custom)
2025-10-10 10:37:48,296 [1a301c79-b9ef-44e0-a0ae-b339f61819a5@group-63ACBE5F7EDA-LeaderElection12] INFO  impl.LeaderElection (LeaderElection.java:askForVotes(448)) - 1a301c79-b9ef-44e0-a0ae-b339f61819a5@group-63ACBE5F7EDA-LeaderElection12 PRE_VOTE round 0: submit vote requests at term 0 for conf: {index: -1, cur=peers:[bb95c33f-a3cb-4bbe-957e-8163c1fc1114|127.0.0.1:15031, 1a301c79-b9ef-44e0-a0ae-b339f61819a5|127.0.0.1:15023, 43369f36-6a0f-45ae-a8eb-f0d390948370|127.0.0.1:15015]|listeners:[], old=null}
2025-10-10 10:37:48,298 [1a301c79-b9ef-44e0-a0ae-b339f61819a5@group-63ACBE5F7EDA-LeaderElection12-1] INFO  server.GrpcServerProtocolClient (GrpcServerProtocolClient.java:<init>(65)) - Build channel for bb95c33f-a3cb-4bbe-957e-8163c1fc1114|127.0.0.1:15031
2025-10-10 10:37:48,298 [36185c6b-22ce-45d1-a622-3a6b487a5a53-CreatePipelineCommandHandlerThread-0] INFO  server.RaftServer (RaftServerProxy.java:addNew(105)) - 36185c6b-22ce-45d1-a622-3a6b487a5a53: addNew group-386B2F16DF49:[36185c6b-22ce-45d1-a622-3a6b487a5a53|127.0.0.1:15071] returns group-386B2F16DF49:java.util.concurrent.CompletableFuture@3df4b101[Not completed]
2025-10-10 10:37:48,300 [1a301c79-b9ef-44e0-a0ae-b339f61819a5@group-63ACBE5F7EDA-LeaderElection12-2] INFO  server.GrpcServerProtocolClient (GrpcServerProtocolClient.java:<init>(65)) - Build channel for 43369f36-6a0f-45ae-a8eb-f0d390948370|127.0.0.1:15015
2025-10-10 10:37:48,303 [43369f36-6a0f-45ae-a8eb-f0d390948370@group-63ACBE5F7EDA-FollowerState] INFO  impl.FollowerState (FollowerState.java:runImpl(161)) - 43369f36-6a0f-45ae-a8eb-f0d390948370@group-63ACBE5F7EDA-FollowerState: change to CANDIDATE, lastRpcElapsedTime:1176758076ns, electionTimeout:1174ms
2025-10-10 10:37:48,304 [43369f36-6a0f-45ae-a8eb-f0d390948370@group-63ACBE5F7EDA-FollowerState] INFO  impl.RoleInfo (RoleInfo.java:shutdownFollowerState(121)) - 43369f36-6a0f-45ae-a8eb-f0d390948370: shutdown 43369f36-6a0f-45ae-a8eb-f0d390948370@group-63ACBE5F7EDA-FollowerState
2025-10-10 10:37:48,304 [bb95c33f-a3cb-4bbe-957e-8163c1fc1114@group-63ACBE5F7EDA-FollowerState] INFO  impl.FollowerState (FollowerState.java:runImpl(161)) - bb95c33f-a3cb-4bbe-957e-8163c1fc1114@group-63ACBE5F7EDA-FollowerState: change to CANDIDATE, lastRpcElapsedTime:1150088769ns, electionTimeout:1145ms
2025-10-10 10:37:48,304 [ForkJoinPool-1-worker-1] INFO  ozone.MiniOzoneClusterImpl (MiniOzoneClusterImpl.java:lambda$waitForClusterToBeReady$0(181)) - Nodes are ready. Got 10 of 10 DN Heartbeats.
2025-10-10 10:37:48,304 [ForkJoinPool-1-worker-1] INFO  ozone.MiniOzoneClusterImpl (MiniOzoneClusterImpl.java:lambda$waitForClusterToBeReady$0(184)) - Cluster exits safe mode
2025-10-10 10:37:48,304 [ForkJoinPool-1-worker-1] INFO  ozone.MiniOzoneClusterImpl (MiniOzoneClusterImpl.java:lambda$waitForClusterToBeReady$0(186)) - SCM became leader
2025-10-10 10:37:48,306 [36185c6b-22ce-45d1-a622-3a6b487a5a53-groupManagement] INFO  server.RaftServerConfigKeys (ConfUtils.java:logGet(62)) - raft.server.log.appender.buffer.byte-limit = 33554432 (custom)
2025-10-10 10:37:48,304 [bb95c33f-a3cb-4bbe-957e-8163c1fc1114@group-63ACBE5F7EDA-FollowerState] INFO  impl.RoleInfo (RoleInfo.java:shutdownFollowerState(121)) - bb95c33f-a3cb-4bbe-957e-8163c1fc1114: shutdown bb95c33f-a3cb-4bbe-957e-8163c1fc1114@group-63ACBE5F7EDA-FollowerState
2025-10-10 10:37:48,307 [36185c6b-22ce-45d1-a622-3a6b487a5a53-groupManagement] INFO  segmented.SegmentedRaftLogWorker (SegmentedRaftLogWorker.java:lambda$new$0(141)) - 36185c6b-22ce-45d1-a622-3a6b487a5a53@group-6EF60CB14872-SegmentedRaftLogWorker: flushIndex: setUnconditionally 0 -> -1
2025-10-10 10:37:48,304 [43369f36-6a0f-45ae-a8eb-f0d390948370@group-63ACBE5F7EDA-FollowerState] INFO  server.RaftServer$Division (RaftServerImpl.java:setRole(392)) - 43369f36-6a0f-45ae-a8eb-f0d390948370@group-63ACBE5F7EDA: changes role from  FOLLOWER to CANDIDATE at term 0 for changeToCandidate
2025-10-10 10:37:48,308 [43369f36-6a0f-45ae-a8eb-f0d390948370@group-63ACBE5F7EDA-FollowerState] INFO  impl.RoleInfo (RoleInfo.java:updateAndGet(148)) - 43369f36-6a0f-45ae-a8eb-f0d390948370: start 43369f36-6a0f-45ae-a8eb-f0d390948370@group-63ACBE5F7EDA-LeaderElection13
2025-10-10 10:37:48,308 [36185c6b-22ce-45d1-a622-3a6b487a5a53-groupManagement] INFO  segmented.SegmentedRaftLogWorker (SegmentedRaftLogWorker.java:lambda$new$0(141)) - 36185c6b-22ce-45d1-a622-3a6b487a5a53@group-6EF60CB14872-SegmentedRaftLogWorker: safeCacheEvictIndex: setUnconditionally 0 -> -1
2025-10-10 10:37:48,307 [bb95c33f-a3cb-4bbe-957e-8163c1fc1114@group-63ACBE5F7EDA-FollowerState] INFO  server.RaftServer$Division (RaftServerImpl.java:setRole(392)) - bb95c33f-a3cb-4bbe-957e-8163c1fc1114@group-63ACBE5F7EDA: changes role from  FOLLOWER to CANDIDATE at term 0 for changeToCandidate
2025-10-10 10:37:48,308 [bb95c33f-a3cb-4bbe-957e-8163c1fc1114@group-63ACBE5F7EDA-FollowerState] INFO  impl.RoleInfo (RoleInfo.java:updateAndGet(148)) - bb95c33f-a3cb-4bbe-957e-8163c1fc1114: start bb95c33f-a3cb-4bbe-957e-8163c1fc1114@group-63ACBE5F7EDA-LeaderElection14
2025-10-10 10:37:48,309 [bb95c33f-a3cb-4bbe-957e-8163c1fc1114@group-63ACBE5F7EDA-LeaderElection14] INFO  impl.LeaderElection (LeaderElection.java:askForVotes(448)) - bb95c33f-a3cb-4bbe-957e-8163c1fc1114@group-63ACBE5F7EDA-LeaderElection14 PRE_VOTE round 0: submit vote requests at term 0 for conf: {index: -1, cur=peers:[bb95c33f-a3cb-4bbe-957e-8163c1fc1114|127.0.0.1:15031, 1a301c79-b9ef-44e0-a0ae-b339f61819a5|127.0.0.1:15023, 43369f36-6a0f-45ae-a8eb-f0d390948370|127.0.0.1:15015]|listeners:[], old=null}
2025-10-10 10:37:48,309 [36185c6b-22ce-45d1-a622-3a6b487a5a53-groupManagement] INFO  server.RaftServer$Division (RaftServerImpl.java:start(405)) - 36185c6b-22ce-45d1-a622-3a6b487a5a53@group-6EF60CB14872: start as a follower, conf=conf: {index: -1, cur=peers:[aa9634f0-8836-44d6-bc05-5b19fbdd93d5|127.0.0.1:15063, 36185c6b-22ce-45d1-a622-3a6b487a5a53|127.0.0.1:15071, 895d447a-5476-42e4-b2fa-6eb687701d46|127.0.0.1:15079]|listeners:[], old=null}
2025-10-10 10:37:48,309 [36185c6b-22ce-45d1-a622-3a6b487a5a53-groupManagement] INFO  server.RaftServer$Division (RaftServerImpl.java:setRole(392)) - 36185c6b-22ce-45d1-a622-3a6b487a5a53@group-6EF60CB14872: changes role from      null to FOLLOWER at term 0 for startAsFollower
2025-10-10 10:37:48,309 [36185c6b-22ce-45d1-a622-3a6b487a5a53-groupManagement] INFO  impl.RoleInfo (RoleInfo.java:updateAndGet(148)) - 36185c6b-22ce-45d1-a622-3a6b487a5a53: start 36185c6b-22ce-45d1-a622-3a6b487a5a53@group-6EF60CB14872-FollowerState
2025-10-10 10:37:48,310 [36185c6b-22ce-45d1-a622-3a6b487a5a53-groupManagement] INFO  util.JmxRegister (JmxRegister.java:tryRegister(44)) - Successfully registered JMX Bean with object name Ratis:service=RaftServer,group=group-6EF60CB14872,id=36185c6b-22ce-45d1-a622-3a6b487a5a53
2025-10-10 10:37:48,310 [36185c6b-22ce-45d1-a622-3a6b487a5a53-groupManagement] INFO  util.JmxRegister (JmxRegister.java:register(58)) - register mxBean class org.apache.ratis.server.impl.RaftServerJmxAdapter as Ratis:service=RaftServer,group=group-6EF60CB14872,id=36185c6b-22ce-45d1-a622-3a6b487a5a53
2025-10-10 10:37:48,310 [grpc-default-executor-6] INFO  server.RaftServer$Division (RaftServerImpl.java:requestVote(1421)) - bb95c33f-a3cb-4bbe-957e-8163c1fc1114@group-63ACBE5F7EDA: receive requestVote(PRE_VOTE, 1a301c79-b9ef-44e0-a0ae-b339f61819a5, group-63ACBE5F7EDA, 0, <PROTO_DEFAULT>)
2025-10-10 10:37:48,311 [grpc-default-executor-6] INFO  impl.VoteContext (VoteContext.java:log(49)) - bb95c33f-a3cb-4bbe-957e-8163c1fc1114@group-63ACBE5F7EDA-CANDIDATE: accept PRE_VOTE from 1a301c79-b9ef-44e0-a0ae-b339f61819a5: our priority 0 <= candidate's priority 1
2025-10-10 10:37:48,311 [grpc-default-executor-6] INFO  server.RaftServer$Division (RaftServerImpl.java:requestVote(1455)) - bb95c33f-a3cb-4bbe-957e-8163c1fc1114@group-63ACBE5F7EDA replies to PRE_VOTE vote request: 1a301c79-b9ef-44e0-a0ae-b339f61819a5<-bb95c33f-a3cb-4bbe-957e-8163c1fc1114#0:OK-t0-last:<INITIAL_VALUE>. Peer's state: bb95c33f-a3cb-4bbe-957e-8163c1fc1114@group-63ACBE5F7EDA:t0, leader=null, voted=, raftlog=Memoized:bb95c33f-a3cb-4bbe-957e-8163c1fc1114@group-63ACBE5F7EDA-SegmentedRaftLog:OPENED:c-1:lastnull, conf=conf: {index: -1, cur=peers:[bb95c33f-a3cb-4bbe-957e-8163c1fc1114|127.0.0.1:15031, 1a301c79-b9ef-44e0-a0ae-b339f61819a5|127.0.0.1:15023, 43369f36-6a0f-45ae-a8eb-f0d390948370|127.0.0.1:15015]|listeners:[], old=null}
2025-10-10 10:37:48,311 [43369f36-6a0f-45ae-a8eb-f0d390948370@group-63ACBE5F7EDA-LeaderElection13] INFO  impl.LeaderElection (LeaderElection.java:askForVotes(448)) - 43369f36-6a0f-45ae-a8eb-f0d390948370@group-63ACBE5F7EDA-LeaderElection13 PRE_VOTE round 0: submit vote requests at term 0 for conf: {index: -1, cur=peers:[bb95c33f-a3cb-4bbe-957e-8163c1fc1114|127.0.0.1:15031, 1a301c79-b9ef-44e0-a0ae-b339f61819a5|127.0.0.1:15023, 43369f36-6a0f-45ae-a8eb-f0d390948370|127.0.0.1:15015]|listeners:[], old=null}
2025-10-10 10:37:48,311 [grpc-default-executor-6] INFO  server.RaftServer$Division (RaftServerImpl.java:requestVote(1421)) - 43369f36-6a0f-45ae-a8eb-f0d390948370@group-63ACBE5F7EDA: receive requestVote(PRE_VOTE, 1a301c79-b9ef-44e0-a0ae-b339f61819a5, group-63ACBE5F7EDA, 0, <PROTO_DEFAULT>)
2025-10-10 10:37:48,311 [grpc-default-executor-6] INFO  impl.VoteContext (VoteContext.java:log(49)) - 43369f36-6a0f-45ae-a8eb-f0d390948370@group-63ACBE5F7EDA-CANDIDATE: accept PRE_VOTE from 1a301c79-b9ef-44e0-a0ae-b339f61819a5: our priority 0 <= candidate's priority 1
2025-10-10 10:37:48,311 [grpc-default-executor-6] INFO  server.RaftServer$Division (RaftServerImpl.java:requestVote(1455)) - 43369f36-6a0f-45ae-a8eb-f0d390948370@group-63ACBE5F7EDA replies to PRE_VOTE vote request: 1a301c79-b9ef-44e0-a0ae-b339f61819a5<-43369f36-6a0f-45ae-a8eb-f0d390948370#0:OK-t0-last:<INITIAL_VALUE>. Peer's state: 43369f36-6a0f-45ae-a8eb-f0d390948370@group-63ACBE5F7EDA:t0, leader=null, voted=, raftlog=Memoized:43369f36-6a0f-45ae-a8eb-f0d390948370@group-63ACBE5F7EDA-SegmentedRaftLog:OPENED:c-1:lastnull, conf=conf: {index: -1, cur=peers:[bb95c33f-a3cb-4bbe-957e-8163c1fc1114|127.0.0.1:15031, 1a301c79-b9ef-44e0-a0ae-b339f61819a5|127.0.0.1:15023, 43369f36-6a0f-45ae-a8eb-f0d390948370|127.0.0.1:15015]|listeners:[], old=null}
2025-10-10 10:37:48,314 [1a301c79-b9ef-44e0-a0ae-b339f61819a5@group-63ACBE5F7EDA-LeaderElection12] INFO  impl.LeaderElection (LeaderElection.java:logAndReturn(206)) - 1a301c79-b9ef-44e0-a0ae-b339f61819a5@group-63ACBE5F7EDA-LeaderElection12: PRE_VOTE PASSED received 1 response(s) and 0 exception(s):
2025-10-10 10:37:48,314 [1a301c79-b9ef-44e0-a0ae-b339f61819a5@group-63ACBE5F7EDA-LeaderElection12] INFO  impl.LeaderElection (LeaderElection.java:logAndReturn(210)) -   Response 0: 1a301c79-b9ef-44e0-a0ae-b339f61819a5<-bb95c33f-a3cb-4bbe-957e-8163c1fc1114#0:OK-t0-last:<INITIAL_VALUE>
2025-10-10 10:37:48,314 [1a301c79-b9ef-44e0-a0ae-b339f61819a5@group-63ACBE5F7EDA-LeaderElection12] INFO  impl.LeaderElection (LeaderElection.java:askForVotes(450)) - 1a301c79-b9ef-44e0-a0ae-b339f61819a5@group-63ACBE5F7EDA-LeaderElection12 PRE_VOTE round 0: result PASSED
2025-10-10 10:37:48,317 [grpc-default-executor-1] INFO  server.RaftServer$Division (RaftServerImpl.java:requestVote(1421)) - bb95c33f-a3cb-4bbe-957e-8163c1fc1114@group-63ACBE5F7EDA: receive requestVote(PRE_VOTE, 43369f36-6a0f-45ae-a8eb-f0d390948370, group-63ACBE5F7EDA, 0, <PROTO_DEFAULT>)
2025-10-10 10:37:48,317 [grpc-default-executor-1] INFO  impl.VoteContext (VoteContext.java:log(49)) - bb95c33f-a3cb-4bbe-957e-8163c1fc1114@group-63ACBE5F7EDA-CANDIDATE: accept PRE_VOTE from 43369f36-6a0f-45ae-a8eb-f0d390948370: our priority 0 <= candidate's priority 0
2025-10-10 10:37:48,317 [grpc-default-executor-1] INFO  server.RaftServer$Division (RaftServerImpl.java:requestVote(1455)) - bb95c33f-a3cb-4bbe-957e-8163c1fc1114@group-63ACBE5F7EDA replies to PRE_VOTE vote request: 43369f36-6a0f-45ae-a8eb-f0d390948370<-bb95c33f-a3cb-4bbe-957e-8163c1fc1114#0:OK-t0-last:<INITIAL_VALUE>. Peer's state: bb95c33f-a3cb-4bbe-957e-8163c1fc1114@group-63ACBE5F7EDA:t0, leader=null, voted=, raftlog=Memoized:bb95c33f-a3cb-4bbe-957e-8163c1fc1114@group-63ACBE5F7EDA-SegmentedRaftLog:OPENED:c-1:lastnull, conf=conf: {index: -1, cur=peers:[bb95c33f-a3cb-4bbe-957e-8163c1fc1114|127.0.0.1:15031, 1a301c79-b9ef-44e0-a0ae-b339f61819a5|127.0.0.1:15023, 43369f36-6a0f-45ae-a8eb-f0d390948370|127.0.0.1:15015]|listeners:[], old=null}
2025-10-10 10:37:48,318 [1a301c79-b9ef-44e0-a0ae-b339f61819a5@group-63ACBE5F7EDA-LeaderElection12] INFO  impl.LeaderElection (LeaderElection.java:askForVotes(448)) - 1a301c79-b9ef-44e0-a0ae-b339f61819a5@group-63ACBE5F7EDA-LeaderElection12 ELECTION round 0: submit vote requests at term 1 for conf: {index: -1, cur=peers:[bb95c33f-a3cb-4bbe-957e-8163c1fc1114|127.0.0.1:15031, 1a301c79-b9ef-44e0-a0ae-b339f61819a5|127.0.0.1:15023, 43369f36-6a0f-45ae-a8eb-f0d390948370|127.0.0.1:15015]|listeners:[], old=null}
2025-10-10 10:37:48,318 [grpc-default-executor-6] INFO  server.RaftServer$Division (RaftServerImpl.java:requestVote(1421)) - 43369f36-6a0f-45ae-a8eb-f0d390948370@group-63ACBE5F7EDA: receive requestVote(PRE_VOTE, bb95c33f-a3cb-4bbe-957e-8163c1fc1114, group-63ACBE5F7EDA, 0, <PROTO_DEFAULT>)
2025-10-10 10:37:48,317 [36185c6b-22ce-45d1-a622-3a6b487a5a53-groupManagement] INFO  server.RaftServer$Division (RaftServerImpl.java:start(419)) - 36185c6b-22ce-45d1-a622-3a6b487a5a53@group-6EF60CB14872: Successfully started.
2025-10-10 10:37:48,318 [grpc-default-executor-6] INFO  impl.VoteContext (VoteContext.java:log(49)) - 43369f36-6a0f-45ae-a8eb-f0d390948370@group-63ACBE5F7EDA-CANDIDATE: accept PRE_VOTE from bb95c33f-a3cb-4bbe-957e-8163c1fc1114: our priority 0 <= candidate's priority 0
2025-10-10 10:37:48,318 [grpc-default-executor-6] INFO  server.RaftServer$Division (RaftServerImpl.java:requestVote(1455)) - 43369f36-6a0f-45ae-a8eb-f0d390948370@group-63ACBE5F7EDA replies to PRE_VOTE vote request: bb95c33f-a3cb-4bbe-957e-8163c1fc1114<-43369f36-6a0f-45ae-a8eb-f0d390948370#0:OK-t0-last:<INITIAL_VALUE>. Peer's state: 43369f36-6a0f-45ae-a8eb-f0d390948370@group-63ACBE5F7EDA:t0, leader=null, voted=, raftlog=Memoized:43369f36-6a0f-45ae-a8eb-f0d390948370@group-63ACBE5F7EDA-SegmentedRaftLog:OPENED:c-1:lastnull, conf=conf: {index: -1, cur=peers:[bb95c33f-a3cb-4bbe-957e-8163c1fc1114|127.0.0.1:15031, 1a301c79-b9ef-44e0-a0ae-b339f61819a5|127.0.0.1:15023, 43369f36-6a0f-45ae-a8eb-f0d390948370|127.0.0.1:15015]|listeners:[], old=null}
2025-10-10 10:37:48,320 [grpc-default-executor-1] INFO  server.RaftServer$Division (RaftServerImpl.java:requestVote(1421)) - 1a301c79-b9ef-44e0-a0ae-b339f61819a5@group-63ACBE5F7EDA: receive requestVote(PRE_VOTE, bb95c33f-a3cb-4bbe-957e-8163c1fc1114, group-63ACBE5F7EDA, 0, <PROTO_DEFAULT>)
2025-10-10 10:37:48,321 [grpc-default-executor-1] INFO  impl.VoteContext (VoteContext.java:log(49)) - 1a301c79-b9ef-44e0-a0ae-b339f61819a5@group-63ACBE5F7EDA-CANDIDATE: reject PRE_VOTE from bb95c33f-a3cb-4bbe-957e-8163c1fc1114: our priority 1 > candidate's priority 0
2025-10-10 10:37:48,321 [grpc-default-executor-1] INFO  server.RaftServer$Division (RaftServerImpl.java:requestVote(1455)) - 1a301c79-b9ef-44e0-a0ae-b339f61819a5@group-63ACBE5F7EDA replies to PRE_VOTE vote request: bb95c33f-a3cb-4bbe-957e-8163c1fc1114<-1a301c79-b9ef-44e0-a0ae-b339f61819a5#0:FAIL-t1-last:<INITIAL_VALUE>. Peer's state: 1a301c79-b9ef-44e0-a0ae-b339f61819a5@group-63ACBE5F7EDA:t1, leader=null, voted=1a301c79-b9ef-44e0-a0ae-b339f61819a5, raftlog=Memoized:1a301c79-b9ef-44e0-a0ae-b339f61819a5@group-63ACBE5F7EDA-SegmentedRaftLog:OPENED:c-1:lastnull, conf=conf: {index: -1, cur=peers:[bb95c33f-a3cb-4bbe-957e-8163c1fc1114|127.0.0.1:15031, 1a301c79-b9ef-44e0-a0ae-b339f61819a5|127.0.0.1:15023, 43369f36-6a0f-45ae-a8eb-f0d390948370|127.0.0.1:15015]|listeners:[], old=null}
2025-10-10 10:37:48,322 [grpc-default-executor-4] INFO  server.RaftServer$Division (RaftServerImpl.java:requestVote(1421)) - 1a301c79-b9ef-44e0-a0ae-b339f61819a5@group-63ACBE5F7EDA: receive requestVote(PRE_VOTE, 43369f36-6a0f-45ae-a8eb-f0d390948370, group-63ACBE5F7EDA, 0, <PROTO_DEFAULT>)
2025-10-10 10:37:48,322 [grpc-default-executor-4] INFO  impl.VoteContext (VoteContext.java:log(49)) - 1a301c79-b9ef-44e0-a0ae-b339f61819a5@group-63ACBE5F7EDA-CANDIDATE: reject PRE_VOTE from 43369f36-6a0f-45ae-a8eb-f0d390948370: our priority 1 > candidate's priority 0
2025-10-10 10:37:48,322 [grpc-default-executor-4] INFO  server.RaftServer$Division (RaftServerImpl.java:requestVote(1455)) - 1a301c79-b9ef-44e0-a0ae-b339f61819a5@group-63ACBE5F7EDA replies to PRE_VOTE vote request: 43369f36-6a0f-45ae-a8eb-f0d390948370<-1a301c79-b9ef-44e0-a0ae-b339f61819a5#0:FAIL-t1-last:<INITIAL_VALUE>. Peer's state: 1a301c79-b9ef-44e0-a0ae-b339f61819a5@group-63ACBE5F7EDA:t1, leader=null, voted=1a301c79-b9ef-44e0-a0ae-b339f61819a5, raftlog=Memoized:1a301c79-b9ef-44e0-a0ae-b339f61819a5@group-63ACBE5F7EDA-SegmentedRaftLog:OPENED:c-1:lastnull, conf=conf: {index: -1, cur=peers:[bb95c33f-a3cb-4bbe-957e-8163c1fc1114|127.0.0.1:15031, 1a301c79-b9ef-44e0-a0ae-b339f61819a5|127.0.0.1:15023, 43369f36-6a0f-45ae-a8eb-f0d390948370|127.0.0.1:15015]|listeners:[], old=null}
2025-10-10 10:37:48,323 [grpc-default-executor-6] INFO  server.RaftServer$Division (RaftServerImpl.java:requestVote(1421)) - bb95c33f-a3cb-4bbe-957e-8163c1fc1114@group-63ACBE5F7EDA: receive requestVote(ELECTION, 1a301c79-b9ef-44e0-a0ae-b339f61819a5, group-63ACBE5F7EDA, 1, <PROTO_DEFAULT>)
2025-10-10 10:37:48,323 [grpc-default-executor-6] INFO  impl.VoteContext (VoteContext.java:log(49)) - bb95c33f-a3cb-4bbe-957e-8163c1fc1114@group-63ACBE5F7EDA-CANDIDATE: accept ELECTION from 1a301c79-b9ef-44e0-a0ae-b339f61819a5: our priority 0 <= candidate's priority 1
2025-10-10 10:37:48,323 [grpc-default-executor-6] INFO  server.RaftServer$Division (RaftServerImpl.java:setRole(392)) - bb95c33f-a3cb-4bbe-957e-8163c1fc1114@group-63ACBE5F7EDA: changes role from CANDIDATE to FOLLOWER at term 0 for candidate:1a301c79-b9ef-44e0-a0ae-b339f61819a5
2025-10-10 10:37:48,323 [grpc-default-executor-6] INFO  impl.RoleInfo (RoleInfo.java:shutdownLeaderElection(141)) - bb95c33f-a3cb-4bbe-957e-8163c1fc1114: shutdown bb95c33f-a3cb-4bbe-957e-8163c1fc1114@group-63ACBE5F7EDA-LeaderElection14
2025-10-10 10:37:48,324 [grpc-default-executor-6] INFO  impl.RoleInfo (RoleInfo.java:updateAndGet(148)) - bb95c33f-a3cb-4bbe-957e-8163c1fc1114: start bb95c33f-a3cb-4bbe-957e-8163c1fc1114@group-63ACBE5F7EDA-FollowerState
2025-10-10 10:37:48,324 [36185c6b-22ce-45d1-a622-3a6b487a5a53-groupManagement] INFO  server.RaftServer$Division (RaftServerImpl.java:<init>(268)) - 36185c6b-22ce-45d1-a622-3a6b487a5a53: new RaftServerImpl for group-386B2F16DF49:[36185c6b-22ce-45d1-a622-3a6b487a5a53|127.0.0.1:15071] with ContainerStateMachine:uninitialized
2025-10-10 10:37:48,324 [36185c6b-22ce-45d1-a622-3a6b487a5a53-groupManagement] INFO  server.RaftServer$Division (ServerState.java:<init>(114)) - 36185c6b-22ce-45d1-a622-3a6b487a5a53@group-386B2F16DF49: ConfigurationManager, init=conf: {index: -1, cur=peers:[36185c6b-22ce-45d1-a622-3a6b487a5a53|127.0.0.1:15071]|listeners:[], old=null}, confs=<EMPTY_MAP>
2025-10-10 10:37:48,324 [bb95c33f-a3cb-4bbe-957e-8163c1fc1114@group-63ACBE5F7EDA-LeaderElection14] INFO  impl.LeaderElection (LeaderElection.java:logAndReturn(206)) - bb95c33f-a3cb-4bbe-957e-8163c1fc1114@group-63ACBE5F7EDA-LeaderElection14: PRE_VOTE DISCOVERED_A_NEW_TERM (term=1) received 2 response(s) and 0 exception(s):
2025-10-10 10:37:48,324 [bb95c33f-a3cb-4bbe-957e-8163c1fc1114@group-63ACBE5F7EDA-LeaderElection14] INFO  impl.LeaderElection (LeaderElection.java:logAndReturn(210)) -   Response 0: bb95c33f-a3cb-4bbe-957e-8163c1fc1114<-1a301c79-b9ef-44e0-a0ae-b339f61819a5#0:FAIL-t1-last:<INITIAL_VALUE>
2025-10-10 10:37:48,324 [bb95c33f-a3cb-4bbe-957e-8163c1fc1114@group-63ACBE5F7EDA-LeaderElection14] INFO  impl.LeaderElection (LeaderElection.java:logAndReturn(210)) -   Response 1: bb95c33f-a3cb-4bbe-957e-8163c1fc1114<-43369f36-6a0f-45ae-a8eb-f0d390948370#0:OK-t0-last:<INITIAL_VALUE>
2025-10-10 10:37:48,325 [bb95c33f-a3cb-4bbe-957e-8163c1fc1114@group-63ACBE5F7EDA-LeaderElection14] INFO  impl.LeaderElection (LeaderElection.java:askForVotes(450)) - bb95c33f-a3cb-4bbe-957e-8163c1fc1114@group-63ACBE5F7EDA-LeaderElection14 PRE_VOTE round 0: result DISCOVERED_A_NEW_TERM (term=1)
2025-10-10 10:37:48,325 [grpc-default-executor-4] INFO  server.RaftServer$Division (RaftServerImpl.java:requestVote(1421)) - 43369f36-6a0f-45ae-a8eb-f0d390948370@group-63ACBE5F7EDA: receive requestVote(ELECTION, 1a301c79-b9ef-44e0-a0ae-b339f61819a5, group-63ACBE5F7EDA, 1, <PROTO_DEFAULT>)
2025-10-10 10:37:48,325 [grpc-default-executor-4] INFO  impl.VoteContext (VoteContext.java:log(49)) - 43369f36-6a0f-45ae-a8eb-f0d390948370@group-63ACBE5F7EDA-CANDIDATE: accept ELECTION from 1a301c79-b9ef-44e0-a0ae-b339f61819a5: our priority 0 <= candidate's priority 1
2025-10-10 10:37:48,325 [grpc-default-executor-4] INFO  server.RaftServer$Division (RaftServerImpl.java:setRole(392)) - 43369f36-6a0f-45ae-a8eb-f0d390948370@group-63ACBE5F7EDA: changes role from CANDIDATE to FOLLOWER at term 0 for candidate:1a301c79-b9ef-44e0-a0ae-b339f61819a5
2025-10-10 10:37:48,325 [grpc-default-executor-4] INFO  impl.RoleInfo (RoleInfo.java:shutdownLeaderElection(141)) - 43369f36-6a0f-45ae-a8eb-f0d390948370: shutdown 43369f36-6a0f-45ae-a8eb-f0d390948370@group-63ACBE5F7EDA-LeaderElection13
2025-10-10 10:37:48,325 [grpc-default-executor-4] INFO  impl.RoleInfo (RoleInfo.java:updateAndGet(148)) - 43369f36-6a0f-45ae-a8eb-f0d390948370: start 43369f36-6a0f-45ae-a8eb-f0d390948370@group-63ACBE5F7EDA-FollowerState
2025-10-10 10:37:48,326 [43369f36-6a0f-45ae-a8eb-f0d390948370@group-63ACBE5F7EDA-LeaderElection13] INFO  impl.LeaderElection (LeaderElection.java:logAndReturn(206)) - 43369f36-6a0f-45ae-a8eb-f0d390948370@group-63ACBE5F7EDA-LeaderElection13: PRE_VOTE DISCOVERED_A_NEW_TERM (term=1) received 2 response(s) and 0 exception(s):
2025-10-10 10:37:48,326 [43369f36-6a0f-45ae-a8eb-f0d390948370@group-63ACBE5F7EDA-LeaderElection13] INFO  impl.LeaderElection (LeaderElection.java:logAndReturn(210)) -   Response 0: 43369f36-6a0f-45ae-a8eb-f0d390948370<-bb95c33f-a3cb-4bbe-957e-8163c1fc1114#0:OK-t0-last:<INITIAL_VALUE>
2025-10-10 10:37:48,326 [43369f36-6a0f-45ae-a8eb-f0d390948370@group-63ACBE5F7EDA-LeaderElection13] INFO  impl.LeaderElection (LeaderElection.java:logAndReturn(210)) -   Response 1: 43369f36-6a0f-45ae-a8eb-f0d390948370<-1a301c79-b9ef-44e0-a0ae-b339f61819a5#0:FAIL-t1-last:<INITIAL_VALUE>
2025-10-10 10:37:48,327 [43369f36-6a0f-45ae-a8eb-f0d390948370@group-63ACBE5F7EDA-LeaderElection13] INFO  impl.LeaderElection (LeaderElection.java:askForVotes(450)) - 43369f36-6a0f-45ae-a8eb-f0d390948370@group-63ACBE5F7EDA-LeaderElection13 PRE_VOTE round 0: result DISCOVERED_A_NEW_TERM (term=1)
2025-10-10 10:37:48,327 [grpc-default-executor-6] INFO  server.RaftServer$Division (RaftServerImpl.java:setFirstElection(576)) - bb95c33f-a3cb-4bbe-957e-8163c1fc1114@group-63ACBE5F7EDA: set firstElectionSinceStartup to false for candidate:1a301c79-b9ef-44e0-a0ae-b339f61819a5
2025-10-10 10:37:48,327 [22d9c8a1-4559-44b0-a4af-9630f79f1f05@group-4E13145AFCA4-FollowerState] INFO  impl.FollowerState (FollowerState.java:runImpl(161)) - 22d9c8a1-4559-44b0-a4af-9630f79f1f05@group-4E13145AFCA4-FollowerState: change to CANDIDATE, lastRpcElapsedTime:1127243386ns, electionTimeout:1125ms
2025-10-10 10:37:48,327 [grpc-default-executor-4] INFO  server.RaftServer$Division (RaftServerImpl.java:setFirstElection(576)) - 43369f36-6a0f-45ae-a8eb-f0d390948370@group-63ACBE5F7EDA: set firstElectionSinceStartup to false for candidate:1a301c79-b9ef-44e0-a0ae-b339f61819a5
2025-10-10 10:37:48,327 [22d9c8a1-4559-44b0-a4af-9630f79f1f05@group-4E13145AFCA4-FollowerState] INFO  impl.RoleInfo (RoleInfo.java:shutdownFollowerState(121)) - 22d9c8a1-4559-44b0-a4af-9630f79f1f05: shutdown 22d9c8a1-4559-44b0-a4af-9630f79f1f05@group-4E13145AFCA4-FollowerState
2025-10-10 10:37:48,328 [22d9c8a1-4559-44b0-a4af-9630f79f1f05@group-4E13145AFCA4-FollowerState] INFO  server.RaftServer$Division (RaftServerImpl.java:setRole(392)) - 22d9c8a1-4559-44b0-a4af-9630f79f1f05@group-4E13145AFCA4: changes role from  FOLLOWER to CANDIDATE at term 0 for changeToCandidate
2025-10-10 10:37:48,328 [22d9c8a1-4559-44b0-a4af-9630f79f1f05@group-4E13145AFCA4-FollowerState] INFO  impl.RoleInfo (RoleInfo.java:updateAndGet(148)) - 22d9c8a1-4559-44b0-a4af-9630f79f1f05: start 22d9c8a1-4559-44b0-a4af-9630f79f1f05@group-4E13145AFCA4-LeaderElection15
2025-10-10 10:37:48,329 [grpc-default-executor-4] INFO  server.RaftServer$Division (RaftServerImpl.java:requestVote(1455)) - 43369f36-6a0f-45ae-a8eb-f0d390948370@group-63ACBE5F7EDA replies to ELECTION vote request: 1a301c79-b9ef-44e0-a0ae-b339f61819a5<-43369f36-6a0f-45ae-a8eb-f0d390948370#0:OK-t1-last:<INITIAL_VALUE>. Peer's state: 43369f36-6a0f-45ae-a8eb-f0d390948370@group-63ACBE5F7EDA:t1, leader=null, voted=1a301c79-b9ef-44e0-a0ae-b339f61819a5, raftlog=Memoized:43369f36-6a0f-45ae-a8eb-f0d390948370@group-63ACBE5F7EDA-SegmentedRaftLog:OPENED:c-1:lastnull, conf=conf: {index: -1, cur=peers:[bb95c33f-a3cb-4bbe-957e-8163c1fc1114|127.0.0.1:15031, 1a301c79-b9ef-44e0-a0ae-b339f61819a5|127.0.0.1:15023, 43369f36-6a0f-45ae-a8eb-f0d390948370|127.0.0.1:15015]|listeners:[], old=null}
2025-10-10 10:37:48,330 [grpc-default-executor-6] INFO  server.RaftServer$Division (RaftServerImpl.java:requestVote(1455)) - bb95c33f-a3cb-4bbe-957e-8163c1fc1114@group-63ACBE5F7EDA replies to ELECTION vote request: 1a301c79-b9ef-44e0-a0ae-b339f61819a5<-bb95c33f-a3cb-4bbe-957e-8163c1fc1114#0:OK-t1-last:<INITIAL_VALUE>. Peer's state: bb95c33f-a3cb-4bbe-957e-8163c1fc1114@group-63ACBE5F7EDA:t1, leader=null, voted=1a301c79-b9ef-44e0-a0ae-b339f61819a5, raftlog=Memoized:bb95c33f-a3cb-4bbe-957e-8163c1fc1114@group-63ACBE5F7EDA-SegmentedRaftLog:OPENED:c-1:lastnull, conf=conf: {index: -1, cur=peers:[bb95c33f-a3cb-4bbe-957e-8163c1fc1114|127.0.0.1:15031, 1a301c79-b9ef-44e0-a0ae-b339f61819a5|127.0.0.1:15023, 43369f36-6a0f-45ae-a8eb-f0d390948370|127.0.0.1:15015]|listeners:[], old=null}
2025-10-10 10:37:48,332 [1a301c79-b9ef-44e0-a0ae-b339f61819a5@group-63ACBE5F7EDA-LeaderElection12] INFO  impl.LeaderElection (LeaderElection.java:logAndReturn(206)) - 1a301c79-b9ef-44e0-a0ae-b339f61819a5@group-63ACBE5F7EDA-LeaderElection12: ELECTION PASSED received 1 response(s) and 0 exception(s):
2025-10-10 10:37:48,332 [1a301c79-b9ef-44e0-a0ae-b339f61819a5@group-63ACBE5F7EDA-LeaderElection12] INFO  impl.LeaderElection (LeaderElection.java:logAndReturn(210)) -   Response 0: 1a301c79-b9ef-44e0-a0ae-b339f61819a5<-bb95c33f-a3cb-4bbe-957e-8163c1fc1114#0:OK-t1-last:<INITIAL_VALUE>
2025-10-10 10:37:48,332 [1a301c79-b9ef-44e0-a0ae-b339f61819a5@group-63ACBE5F7EDA-LeaderElection12] INFO  impl.LeaderElection (LeaderElection.java:askForVotes(450)) - 1a301c79-b9ef-44e0-a0ae-b339f61819a5@group-63ACBE5F7EDA-LeaderElection12 ELECTION round 0: result PASSED
2025-10-10 10:37:48,332 [1a301c79-b9ef-44e0-a0ae-b339f61819a5@group-63ACBE5F7EDA-LeaderElection12] INFO  impl.RoleInfo (RoleInfo.java:shutdownLeaderElection(141)) - 1a301c79-b9ef-44e0-a0ae-b339f61819a5: shutdown 1a301c79-b9ef-44e0-a0ae-b339f61819a5@group-63ACBE5F7EDA-LeaderElection12
2025-10-10 10:37:48,332 [1a301c79-b9ef-44e0-a0ae-b339f61819a5@group-63ACBE5F7EDA-LeaderElection12] INFO  server.RaftServer$Division (RaftServerImpl.java:setRole(392)) - 1a301c79-b9ef-44e0-a0ae-b339f61819a5@group-63ACBE5F7EDA: changes role from CANDIDATE to LEADER at term 1 for changeToLeader
2025-10-10 10:37:48,332 [1a301c79-b9ef-44e0-a0ae-b339f61819a5@group-63ACBE5F7EDA-LeaderElection12] INFO  server.RaftServerConfigKeys (ConfUtils.java:logFallback(69)) - raft.server.staging.timeout = 3600ms (fallback to raft.server.rpc.timeout.max)
2025-10-10 10:37:48,334 [1a301c79-b9ef-44e0-a0ae-b339f61819a5@group-63ACBE5F7EDA-LeaderElection12] INFO  server.RaftServerConfigKeys (ConfUtils.java:logGet(62)) - raft.server.write.byte-limit = 1024 M (=1073741824) (custom)
2025-10-10 10:37:48,336 [36185c6b-22ce-45d1-a622-3a6b487a5a53-groupManagement] INFO  storage.RaftStorageDirectory (RaftStorageDirectoryImpl.java:analyzeStorage(138)) - The storage directory /home/runner/work/ozone/ozone/hadoop-ozone/integration-test/target/test-dir/MiniOzoneClusterImpl-611c99c7-d47b-4433-a4ef-cd0a35b076ef/ozone-metadata/datanode-8/ratis/db5b5c2b-f866-4aec-a921-386b2f16df49 does not exist. Creating ...
2025-10-10 10:37:48,336 [22d9c8a1-4559-44b0-a4af-9630f79f1f05@group-4E13145AFCA4-LeaderElection15] INFO  impl.LeaderElection (LeaderElection.java:askForVotes(448)) - 22d9c8a1-4559-44b0-a4af-9630f79f1f05@group-4E13145AFCA4-LeaderElection15 PRE_VOTE round 0: submit vote requests at term 0 for conf: {index: -1, cur=peers:[9ab71813-e86f-4276-8581-297fed06961e|127.0.0.1:15047, ad892cb1-3002-4758-a303-de6f39da4dbc|127.0.0.1:15039, 22d9c8a1-4559-44b0-a4af-9630f79f1f05|127.0.0.1:15055]|listeners:[], old=null}
2025-10-10 10:37:48,336 [1a301c79-b9ef-44e0-a0ae-b339f61819a5@group-63ACBE5F7EDA-LeaderElection12] INFO  server.RaftServerConfigKeys (ConfUtils.java:logGet(62)) - raft.server.log.appender.buffer.byte-limit = 33554432 (custom)
2025-10-10 10:37:48,338 [36185c6b-22ce-45d1-a622-3a6b487a5a53-groupManagement] INFO  storage.RaftStorageDirectory (RaftStorageDirectoryImpl.java:tryLock(229)) - Lock on /home/runner/work/ozone/ozone/hadoop-ozone/integration-test/target/test-dir/MiniOzoneClusterImpl-611c99c7-d47b-4433-a4ef-cd0a35b076ef/ozone-metadata/datanode-8/ratis/db5b5c2b-f866-4aec-a921-386b2f16df49/in_use.lock acquired by nodename 58401@localhost
2025-10-10 10:37:48,339 [grpc-default-executor-4] INFO  server.RaftServer$Division (RaftServerImpl.java:requestVote(1421)) - 9ab71813-e86f-4276-8581-297fed06961e@group-4E13145AFCA4: receive requestVote(PRE_VOTE, 22d9c8a1-4559-44b0-a4af-9630f79f1f05, group-4E13145AFCA4, 0, <PROTO_DEFAULT>)
2025-10-10 10:37:48,339 [grpc-default-executor-4] INFO  impl.VoteContext (VoteContext.java:log(49)) - 9ab71813-e86f-4276-8581-297fed06961e@group-4E13145AFCA4-FOLLOWER: accept PRE_VOTE from 22d9c8a1-4559-44b0-a4af-9630f79f1f05: our priority 0 <= candidate's priority 0
2025-10-10 10:37:48,339 [grpc-default-executor-4] INFO  server.RaftServer$Division (RaftServerImpl.java:requestVote(1455)) - 9ab71813-e86f-4276-8581-297fed06961e@group-4E13145AFCA4 replies to PRE_VOTE vote request: 22d9c8a1-4559-44b0-a4af-9630f79f1f05<-9ab71813-e86f-4276-8581-297fed06961e#0:OK-t0-last:<INITIAL_VALUE>. Peer's state: 9ab71813-e86f-4276-8581-297fed06961e@group-4E13145AFCA4:t0, leader=null, voted=, raftlog=Memoized:9ab71813-e86f-4276-8581-297fed06961e@group-4E13145AFCA4-SegmentedRaftLog:OPENED:c-1:lastnull, conf=conf: {index: -1, cur=peers:[9ab71813-e86f-4276-8581-297fed06961e|127.0.0.1:15047, ad892cb1-3002-4758-a303-de6f39da4dbc|127.0.0.1:15039, 22d9c8a1-4559-44b0-a4af-9630f79f1f05|127.0.0.1:15055]|listeners:[], old=null}
2025-10-10 10:37:48,340 [36185c6b-22ce-45d1-a622-3a6b487a5a53-groupManagement] INFO  storage.RaftStorage (RaftStorageImpl.java:format(98)) - Storage directory /home/runner/work/ozone/ozone/hadoop-ozone/integration-test/target/test-dir/MiniOzoneClusterImpl-611c99c7-d47b-4433-a4ef-cd0a35b076ef/ozone-metadata/datanode-8/ratis/db5b5c2b-f866-4aec-a921-386b2f16df49 has been successfully formatted.
2025-10-10 10:37:48,340 [36185c6b-22ce-45d1-a622-3a6b487a5a53-groupManagement] INFO  ratis.ContainerStateMachine (ContainerStateMachine.java:initialize(339)) - 36185c6b-22ce-45d1-a622-3a6b487a5a53: initialize group-386B2F16DF49
2025-10-10 10:37:48,341 [36185c6b-22ce-45d1-a622-3a6b487a5a53-groupManagement] INFO  ratis.ContainerStateMachine (ContainerStateMachine.java:loadSnapshot(347)) - group-386B2F16DF49: The snapshot info is null. Setting the last applied index to:<INITIAL_VALUE>
2025-10-10 10:37:48,338 [1a301c79-b9ef-44e0-a0ae-b339f61819a5@group-63ACBE5F7EDA-LeaderElection12] INFO  server.RaftServerConfigKeys (ConfUtils.java:logGet(62)) - raft.server.log.appender.buffer.byte-limit = 33554432 (custom)
2025-10-10 10:37:48,341 [36185c6b-22ce-45d1-a622-3a6b487a5a53-groupManagement] INFO  server.RaftServerConfigKeys (ConfUtils.java:logGet(62)) - raft.server.log.appender.buffer.byte-limit = 33554432 (custom)
2025-10-10 10:37:48,341 [1a301c79-b9ef-44e0-a0ae-b339f61819a5@group-63ACBE5F7EDA-LeaderElection12] INFO  impl.RoleInfo (RoleInfo.java:updateAndGet(148)) - 1a301c79-b9ef-44e0-a0ae-b339f61819a5: start 1a301c79-b9ef-44e0-a0ae-b339f61819a5@group-63ACBE5F7EDA-LeaderStateImpl
2025-10-10 10:37:48,342 [1a301c79-b9ef-44e0-a0ae-b339f61819a5@group-63ACBE5F7EDA-LeaderElection12] INFO  server.RaftServer$Division (RaftServerImpl.java:setFirstElection(576)) - 1a301c79-b9ef-44e0-a0ae-b339f61819a5@group-63ACBE5F7EDA: set firstElectionSinceStartup to false for becomeLeader
2025-10-10 10:37:48,342 [1a301c79-b9ef-44e0-a0ae-b339f61819a5@group-63ACBE5F7EDA-LeaderElection12] INFO  ratis.XceiverServerRatis (XceiverServerRatis.java:handleLeaderChangedNotification(940)) - Leader change notification received for group: group-63ACBE5F7EDA with new leaderId: 1a301c79-b9ef-44e0-a0ae-b339f61819a5
2025-10-10 10:37:48,342 [1a301c79-b9ef-44e0-a0ae-b339f61819a5@group-63ACBE5F7EDA-LeaderElection12] INFO  server.RaftServer$Division (ServerState.java:setLeader(272)) - 1a301c79-b9ef-44e0-a0ae-b339f61819a5@group-63ACBE5F7EDA: change Leader from null to 1a301c79-b9ef-44e0-a0ae-b339f61819a5 at term 1 for becomeLeader, leader elected after 1270ms
2025-10-10 10:37:48,342 [1a301c79-b9ef-44e0-a0ae-b339f61819a5@group-63ACBE5F7EDA-LeaderElection12] INFO  segmented.SegmentedRaftLogWorker (SegmentedRaftLogWorker.java:startLogSegment(440)) - 1a301c79-b9ef-44e0-a0ae-b339f61819a5@group-63ACBE5F7EDA-SegmentedRaftLogWorker: Starting segment from index:0
2025-10-10 10:37:48,344 [1a301c79-b9ef-44e0-a0ae-b339f61819a5@group-63ACBE5F7EDA-SegmentedRaftLogWorker] INFO  segmented.BufferedWriteChannel (BufferedWriteChannel.java:open(61)) - open log_inprogress_0 at position 0
2025-10-10 10:37:48,345 [grpc-default-executor-6] INFO  server.RaftServer$Division (RaftServerImpl.java:requestVote(1421)) - ad892cb1-3002-4758-a303-de6f39da4dbc@group-4E13145AFCA4: receive requestVote(PRE_VOTE, 22d9c8a1-4559-44b0-a4af-9630f79f1f05, group-4E13145AFCA4, 0, <PROTO_DEFAULT>)
2025-10-10 10:37:48,345 [grpc-default-executor-6] INFO  impl.VoteContext (VoteContext.java:log(49)) - ad892cb1-3002-4758-a303-de6f39da4dbc@group-4E13145AFCA4-FOLLOWER: reject PRE_VOTE from 22d9c8a1-4559-44b0-a4af-9630f79f1f05: our priority 1 > candidate's priority 0
2025-10-10 10:37:48,345 [grpc-default-executor-6] INFO  server.RaftServer$Division (RaftServerImpl.java:requestVote(1455)) - ad892cb1-3002-4758-a303-de6f39da4dbc@group-4E13145AFCA4 replies to PRE_VOTE vote request: 22d9c8a1-4559-44b0-a4af-9630f79f1f05<-ad892cb1-3002-4758-a303-de6f39da4dbc#0:FAIL-t0-last:<INITIAL_VALUE>. Peer's state: ad892cb1-3002-4758-a303-de6f39da4dbc@group-4E13145AFCA4:t0, leader=null, voted=, raftlog=Memoized:ad892cb1-3002-4758-a303-de6f39da4dbc@group-4E13145AFCA4-SegmentedRaftLog:OPENED:c-1:lastnull, conf=conf: {index: -1, cur=peers:[9ab71813-e86f-4276-8581-297fed06961e|127.0.0.1:15047, ad892cb1-3002-4758-a303-de6f39da4dbc|127.0.0.1:15039, 22d9c8a1-4559-44b0-a4af-9630f79f1f05|127.0.0.1:15055]|listeners:[], old=null}
2025-10-10 10:37:48,347 [1a301c79-b9ef-44e0-a0ae-b339f61819a5@group-63ACBE5F7EDA-LeaderElection12] INFO  server.RaftServer$Division (ServerState.java:setRaftConf(386)) - 1a301c79-b9ef-44e0-a0ae-b339f61819a5@group-63ACBE5F7EDA: set configuration conf: {index: 0, cur=peers:[bb95c33f-a3cb-4bbe-957e-8163c1fc1114|127.0.0.1:15031, 1a301c79-b9ef-44e0-a0ae-b339f61819a5|127.0.0.1:15023, 43369f36-6a0f-45ae-a8eb-f0d390948370|127.0.0.1:15015]|listeners:[], old=null}
2025-10-10 10:37:48,347 [36185c6b-22ce-45d1-a622-3a6b487a5a53-groupManagement] INFO  server.RaftServerConfigKeys (ConfUtils.java:logGet(62)) - raft.server.log.segment.size.max = 67108864 (custom)
2025-10-10 10:37:48,348 [36185c6b-22ce-45d1-a622-3a6b487a5a53-groupManagement] INFO  server.RaftServerConfigKeys (ConfUtils.java:logGet(62)) - raft.server.log.appender.buffer.byte-limit = 33554432 (custom)
2025-10-10 10:37:48,348 [22d9c8a1-4559-44b0-a4af-9630f79f1f05@group-4E13145AFCA4-LeaderElection15] INFO  impl.LeaderElection (LeaderElection.java:logAndReturn(206)) - 22d9c8a1-4559-44b0-a4af-9630f79f1f05@group-4E13145AFCA4-LeaderElection15: PRE_VOTE REJECTED received 1 response(s) and 0 exception(s):
2025-10-10 10:37:48,348 [22d9c8a1-4559-44b0-a4af-9630f79f1f05@group-4E13145AFCA4-LeaderElection15] INFO  impl.LeaderElection (LeaderElection.java:logAndReturn(210)) -   Response 0: 22d9c8a1-4559-44b0-a4af-9630f79f1f05<-ad892cb1-3002-4758-a303-de6f39da4dbc#0:FAIL-t0-last:<INITIAL_VALUE>
2025-10-10 10:37:48,348 [22d9c8a1-4559-44b0-a4af-9630f79f1f05@group-4E13145AFCA4-LeaderElection15] INFO  impl.LeaderElection (LeaderElection.java:askForVotes(450)) - 22d9c8a1-4559-44b0-a4af-9630f79f1f05@group-4E13145AFCA4-LeaderElection15 PRE_VOTE round 0: result REJECTED
2025-10-10 10:37:48,348 [22d9c8a1-4559-44b0-a4af-9630f79f1f05@group-4E13145AFCA4-LeaderElection15] INFO  server.RaftServer$Division (RaftServerImpl.java:setRole(392)) - 22d9c8a1-4559-44b0-a4af-9630f79f1f05@group-4E13145AFCA4: changes role from CANDIDATE to FOLLOWER at term 0 for REJECTED
2025-10-10 10:37:48,350 [22d9c8a1-4559-44b0-a4af-9630f79f1f05@group-4E13145AFCA4-LeaderElection15] INFO  impl.RoleInfo (RoleInfo.java:shutdownLeaderElection(141)) - 22d9c8a1-4559-44b0-a4af-9630f79f1f05: shutdown 22d9c8a1-4559-44b0-a4af-9630f79f1f05@group-4E13145AFCA4-LeaderElection15
2025-10-10 10:37:48,350 [22d9c8a1-4559-44b0-a4af-9630f79f1f05@group-4E13145AFCA4-LeaderElection15] INFO  impl.RoleInfo (RoleInfo.java:updateAndGet(148)) - 22d9c8a1-4559-44b0-a4af-9630f79f1f05: start 22d9c8a1-4559-44b0-a4af-9630f79f1f05@group-4E13145AFCA4-FollowerState
2025-10-10 10:37:48,353 [EventQueue-PipelineReportForPipelineReportHandler] INFO  pipeline.PipelineReportHandler (PipelineReportHandler.java:processPipelineReport(132)) - Opened pipeline Pipeline-db5b5c2b-f866-4aec-a921-386b2f16df49
2025-10-10 10:37:48,355 [36185c6b-22ce-45d1-a622-3a6b487a5a53-groupManagement] INFO  util.AwaitToRun (AwaitToRun.java:start(81)) - Thread[#1413,36185c6b-22ce-45d1-a622-3a6b487a5a53@group-386B2F16DF49-cacheEviction-AwaitToRun,5,main] started
2025-10-10 10:37:48,356 [36185c6b-22ce-45d1-a622-3a6b487a5a53-groupManagement] INFO  segmented.SegmentedRaftLogWorker (SegmentedRaftLogWorker.java:<init>(190)) - new 36185c6b-22ce-45d1-a622-3a6b487a5a53@group-386B2F16DF49-SegmentedRaftLogWorker for RaftStorageImpl:Storage Directory /home/runner/work/ozone/ozone/hadoop-ozone/integration-test/target/test-dir/MiniOzoneClusterImpl-611c99c7-d47b-4433-a4ef-cd0a35b076ef/ozone-metadata/datanode-8/ratis/db5b5c2b-f866-4aec-a921-386b2f16df49
2025-10-10 10:37:48,356 [36185c6b-22ce-45d1-a622-3a6b487a5a53-groupManagement] INFO  server.RaftServerConfigKeys (ConfUtils.java:logGet(62)) - raft.server.log.queue.byte-limit = 4294967296 (custom)
2025-10-10 10:37:48,356 [36185c6b-22ce-45d1-a622-3a6b487a5a53-groupManagement] INFO  server.RaftServerConfigKeys (ConfUtils.java:logGet(62)) - raft.server.log.segment.size.max = 67108864 (custom)
2025-10-10 10:37:48,356 [36185c6b-22ce-45d1-a622-3a6b487a5a53-groupManagement] INFO  server.RaftServerConfigKeys (ConfUtils.java:logGet(62)) - raft.server.log.preallocated.size = 4194304 (custom)
2025-10-10 10:37:48,357 [36185c6b-22ce-45d1-a622-3a6b487a5a53-groupManagement] INFO  server.RaftServerConfigKeys (ConfUtils.java:logGet(62)) - raft.server.log.write.buffer.size = 33554440 (custom)
2025-10-10 10:37:48,353 [22d9c8a1-4559-44b0-a4af-9630f79f1f05@group-4E13145AFCA4-LeaderElection15] INFO  server.RaftServer$Division (RaftServerImpl.java:setFirstElection(576)) - 22d9c8a1-4559-44b0-a4af-9630f79f1f05@group-4E13145AFCA4: set firstElectionSinceStartup to false for REJECTED
2025-10-10 10:37:48,359 [1a301c79-b9ef-44e0-a0ae-b339f61819a5@group-63ACBE5F7EDA-SegmentedRaftLogWorker] INFO  segmented.SegmentedRaftLogWorker (SegmentedRaftLogWorker.java:execute(647)) - 1a301c79-b9ef-44e0-a0ae-b339f61819a5@group-63ACBE5F7EDA-SegmentedRaftLogWorker: created new log segment /home/runner/work/ozone/ozone/hadoop-ozone/integration-test/target/test-dir/MiniOzoneClusterImpl-611c99c7-d47b-4433-a4ef-cd0a35b076ef/ozone-metadata/datanode-2/ratis/c1a6ce75-0ec5-4b07-b27a-63acbe5f7eda/current/log_inprogress_0
2025-10-10 10:37:48,362 [grpc-default-executor-1] INFO  ratis.XceiverServerRatis (XceiverServerRatis.java:handleLeaderChangedNotification(940)) - Leader change notification received for group: group-63ACBE5F7EDA with new leaderId: 1a301c79-b9ef-44e0-a0ae-b339f61819a5
2025-10-10 10:37:48,362 [grpc-default-executor-1] INFO  server.RaftServer$Division (ServerState.java:setLeader(272)) - bb95c33f-a3cb-4bbe-957e-8163c1fc1114@group-63ACBE5F7EDA: change Leader from null to 1a301c79-b9ef-44e0-a0ae-b339f61819a5 at term 1 for appendEntries, leader elected after 1279ms
2025-10-10 10:37:48,363 [EventQueue-PipelineReportForPipelineReportHandler] INFO  pipeline.PipelineReportHandler (PipelineReportHandler.java:processPipelineReport(132)) - Opened pipeline Pipeline-c1a6ce75-0ec5-4b07-b27a-63acbe5f7eda
2025-10-10 10:37:48,364 [grpc-default-executor-6] INFO  server.RaftServer$Division (ServerState.java:setRaftConf(386)) - bb95c33f-a3cb-4bbe-957e-8163c1fc1114@group-63ACBE5F7EDA: set configuration conf: {index: 0, cur=peers:[bb95c33f-a3cb-4bbe-957e-8163c1fc1114|127.0.0.1:15031, 1a301c79-b9ef-44e0-a0ae-b339f61819a5|127.0.0.1:15023, 43369f36-6a0f-45ae-a8eb-f0d390948370|127.0.0.1:15015]|listeners:[], old=null}
2025-10-10 10:37:48,364 [grpc-default-executor-6] INFO  segmented.SegmentedRaftLogWorker (SegmentedRaftLogWorker.java:startLogSegment(440)) - bb95c33f-a3cb-4bbe-957e-8163c1fc1114@group-63ACBE5F7EDA-SegmentedRaftLogWorker: Starting segment from index:0
2025-10-10 10:37:48,365 [bb95c33f-a3cb-4bbe-957e-8163c1fc1114@group-63ACBE5F7EDA-SegmentedRaftLogWorker] INFO  segmented.BufferedWriteChannel (BufferedWriteChannel.java:open(61)) - open log_inprogress_0 at position 0
2025-10-10 10:37:48,368 [grpc-default-executor-6] INFO  server.RaftServer (RaftServerProxy.java:addNew(105)) - 895d447a-5476-42e4-b2fa-6eb687701d46: addNew group-6EF60CB14872:[aa9634f0-8836-44d6-bc05-5b19fbdd93d5|127.0.0.1:15063, 36185c6b-22ce-45d1-a622-3a6b487a5a53|127.0.0.1:15071, 895d447a-5476-42e4-b2fa-6eb687701d46|127.0.0.1:15079] returns group-6EF60CB14872:java.util.concurrent.CompletableFuture@4f5243ec[Not completed]
2025-10-10 10:37:48,369 [36185c6b-22ce-45d1-a622-3a6b487a5a53-groupManagement] INFO  server.RaftServerConfigKeys (ConfUtils.java:logGet(62)) - raft.server.log.appender.buffer.byte-limit = 33554432 (custom)
2025-10-10 10:37:48,371 [36185c6b-22ce-45d1-a622-3a6b487a5a53-groupManagement] INFO  segmented.SegmentedRaftLogWorker (SegmentedRaftLogWorker.java:lambda$new$0(141)) - 36185c6b-22ce-45d1-a622-3a6b487a5a53@group-386B2F16DF49-SegmentedRaftLogWorker: flushIndex: setUnconditionally 0 -> -1
2025-10-10 10:37:48,371 [grpc-default-executor-6] INFO  ratis.XceiverServerRatis (XceiverServerRatis.java:handleLeaderChangedNotification(940)) - Leader change notification received for group: group-63ACBE5F7EDA with new leaderId: 1a301c79-b9ef-44e0-a0ae-b339f61819a5
2025-10-10 10:37:48,371 [grpc-default-executor-6] INFO  server.RaftServer$Division (ServerState.java:setLeader(272)) - 43369f36-6a0f-45ae-a8eb-f0d390948370@group-63ACBE5F7EDA: change Leader from null to 1a301c79-b9ef-44e0-a0ae-b339f61819a5 at term 1 for appendEntries, leader elected after 1339ms
2025-10-10 10:37:48,372 [36185c6b-22ce-45d1-a622-3a6b487a5a53-groupManagement] INFO  segmented.SegmentedRaftLogWorker (SegmentedRaftLogWorker.java:lambda$new$0(141)) - 36185c6b-22ce-45d1-a622-3a6b487a5a53@group-386B2F16DF49-SegmentedRaftLogWorker: safeCacheEvictIndex: setUnconditionally 0 -> -1
2025-10-10 10:37:48,373 [36185c6b-22ce-45d1-a622-3a6b487a5a53-groupManagement] INFO  server.RaftServer$Division (RaftServerImpl.java:start(405)) - 36185c6b-22ce-45d1-a622-3a6b487a5a53@group-386B2F16DF49: start as a follower, conf=conf: {index: -1, cur=peers:[36185c6b-22ce-45d1-a622-3a6b487a5a53|127.0.0.1:15071]|listeners:[], old=null}
2025-10-10 10:37:48,373 [36185c6b-22ce-45d1-a622-3a6b487a5a53-groupManagement] INFO  server.RaftServer$Division (RaftServerImpl.java:setRole(392)) - 36185c6b-22ce-45d1-a622-3a6b487a5a53@group-386B2F16DF49: changes role from      null to FOLLOWER at term 0 for startAsFollower
2025-10-10 10:37:48,374 [895d447a-5476-42e4-b2fa-6eb687701d46-groupManagement] INFO  server.RaftServer$Division (RaftServerImpl.java:<init>(268)) - 895d447a-5476-42e4-b2fa-6eb687701d46: new RaftServerImpl for group-6EF60CB14872:[aa9634f0-8836-44d6-bc05-5b19fbdd93d5|127.0.0.1:15063, 36185c6b-22ce-45d1-a622-3a6b487a5a53|127.0.0.1:15071, 895d447a-5476-42e4-b2fa-6eb687701d46|127.0.0.1:15079] with ContainerStateMachine:uninitialized
2025-10-10 10:37:48,374 [895d447a-5476-42e4-b2fa-6eb687701d46-groupManagement] INFO  server.RaftServer$Division (ServerState.java:<init>(114)) - 895d447a-5476-42e4-b2fa-6eb687701d46@group-6EF60CB14872: ConfigurationManager, init=conf: {index: -1, cur=peers:[aa9634f0-8836-44d6-bc05-5b19fbdd93d5|127.0.0.1:15063, 36185c6b-22ce-45d1-a622-3a6b487a5a53|127.0.0.1:15071, 895d447a-5476-42e4-b2fa-6eb687701d46|127.0.0.1:15079]|listeners:[], old=null}, confs=<EMPTY_MAP>
2025-10-10 10:37:48,375 [grpc-default-executor-6] INFO  server.RaftServer$Division (ServerState.java:setRaftConf(386)) - 43369f36-6a0f-45ae-a8eb-f0d390948370@group-63ACBE5F7EDA: set configuration conf: {index: 0, cur=peers:[bb95c33f-a3cb-4bbe-957e-8163c1fc1114|127.0.0.1:15031, 1a301c79-b9ef-44e0-a0ae-b339f61819a5|127.0.0.1:15023, 43369f36-6a0f-45ae-a8eb-f0d390948370|127.0.0.1:15015]|listeners:[], old=null}
2025-10-10 10:37:48,376 [grpc-default-executor-6] INFO  segmented.SegmentedRaftLogWorker (SegmentedRaftLogWorker.java:startLogSegment(440)) - 43369f36-6a0f-45ae-a8eb-f0d390948370@group-63ACBE5F7EDA-SegmentedRaftLogWorker: Starting segment from index:0
2025-10-10 10:37:48,376 [36185c6b-22ce-45d1-a622-3a6b487a5a53-groupManagement] INFO  impl.RoleInfo (RoleInfo.java:updateAndGet(148)) - 36185c6b-22ce-45d1-a622-3a6b487a5a53: start 36185c6b-22ce-45d1-a622-3a6b487a5a53@group-386B2F16DF49-FollowerState
2025-10-10 10:37:48,376 [43369f36-6a0f-45ae-a8eb-f0d390948370@group-63ACBE5F7EDA-SegmentedRaftLogWorker] INFO  segmented.BufferedWriteChannel (BufferedWriteChannel.java:open(61)) - open log_inprogress_0 at position 0
2025-10-10 10:37:48,377 [36185c6b-22ce-45d1-a622-3a6b487a5a53-groupManagement] INFO  util.JmxRegister (JmxRegister.java:tryRegister(44)) - Successfully registered JMX Bean with object name Ratis:service=RaftServer,group=group-386B2F16DF49,id=36185c6b-22ce-45d1-a622-3a6b487a5a53
2025-10-10 10:37:48,377 [36185c6b-22ce-45d1-a622-3a6b487a5a53-groupManagement] INFO  util.JmxRegister (JmxRegister.java:register(58)) - register mxBean class org.apache.ratis.server.impl.RaftServerJmxAdapter as Ratis:service=RaftServer,group=group-386B2F16DF49,id=36185c6b-22ce-45d1-a622-3a6b487a5a53
2025-10-10 10:37:48,379 [36185c6b-22ce-45d1-a622-3a6b487a5a53-groupManagement] INFO  server.RaftServer$Division (RaftServerImpl.java:start(419)) - 36185c6b-22ce-45d1-a622-3a6b487a5a53@group-386B2F16DF49: Successfully started.
2025-10-10 10:37:48,379 [36185c6b-22ce-45d1-a622-3a6b487a5a53-CreatePipelineCommandHandlerThread-0] INFO  ratis.XceiverServerRatis (XceiverServerRatis.java:addGroup(839)) - Created group Pipeline-db5b5c2b-f866-4aec-a921-386b2f16df49
2025-10-10 10:37:48,380 [36185c6b-22ce-45d1-a622-3a6b487a5a53-CreatePipelineCommandHandlerThread-0] INFO  commandhandler.CreatePipelineCommandHandler (CreatePipelineCommandHandler.java:lambda$handle$2(141)) - Created Pipeline RATIS ONE Pipeline-db5b5c2b-f866-4aec-a921-386b2f16df49.
2025-10-10 10:37:48,382 [895d447a-5476-42e4-b2fa-6eb687701d46-groupManagement] INFO  server.RaftServerConfigKeys (ConfUtils.java:logGet(62)) - raft.server.storage.dir = [/home/runner/work/ozone/ozone/hadoop-ozone/integration-test/target/test-dir/MiniOzoneClusterImpl-611c99c7-d47b-4433-a4ef-cd0a35b076ef/ozone-metadata/datanode-9/ratis] (custom)
2025-10-10 10:37:48,383 [895d447a-5476-42e4-b2fa-6eb687701d46-groupManagement] INFO  storage.RaftStorageDirectory (RaftStorageDirectoryImpl.java:analyzeStorage(138)) - The storage directory /home/runner/work/ozone/ozone/hadoop-ozone/integration-test/target/test-dir/MiniOzoneClusterImpl-611c99c7-d47b-4433-a4ef-cd0a35b076ef/ozone-metadata/datanode-9/ratis/56f6ef43-c50c-4d35-89b5-6ef60cb14872 does not exist. Creating ...
2025-10-10 10:37:48,383 [bb95c33f-a3cb-4bbe-957e-8163c1fc1114@group-63ACBE5F7EDA-SegmentedRaftLogWorker] INFO  segmented.SegmentedRaftLogWorker (SegmentedRaftLogWorker.java:execute(647)) - bb95c33f-a3cb-4bbe-957e-8163c1fc1114@group-63ACBE5F7EDA-SegmentedRaftLogWorker: created new log segment /home/runner/work/ozone/ozone/hadoop-ozone/integration-test/target/test-dir/MiniOzoneClusterImpl-611c99c7-d47b-4433-a4ef-cd0a35b076ef/ozone-metadata/datanode-3/ratis/c1a6ce75-0ec5-4b07-b27a-63acbe5f7eda/current/log_inprogress_0
2025-10-10 10:37:48,384 [895d447a-5476-42e4-b2fa-6eb687701d46-groupManagement] INFO  storage.RaftStorageDirectory (RaftStorageDirectoryImpl.java:tryLock(229)) - Lock on /home/runner/work/ozone/ozone/hadoop-ozone/integration-test/target/test-dir/MiniOzoneClusterImpl-611c99c7-d47b-4433-a4ef-cd0a35b076ef/ozone-metadata/datanode-9/ratis/56f6ef43-c50c-4d35-89b5-6ef60cb14872/in_use.lock acquired by nodename 58401@localhost
2025-10-10 10:37:48,387 [895d447a-5476-42e4-b2fa-6eb687701d46-groupManagement] INFO  storage.RaftStorage (RaftStorageImpl.java:format(98)) - Storage directory /home/runner/work/ozone/ozone/hadoop-ozone/integration-test/target/test-dir/MiniOzoneClusterImpl-611c99c7-d47b-4433-a4ef-cd0a35b076ef/ozone-metadata/datanode-9/ratis/56f6ef43-c50c-4d35-89b5-6ef60cb14872 has been successfully formatted.
2025-10-10 10:37:48,388 [43369f36-6a0f-45ae-a8eb-f0d390948370@group-63ACBE5F7EDA-SegmentedRaftLogWorker] INFO  segmented.SegmentedRaftLogWorker (SegmentedRaftLogWorker.java:execute(647)) - 43369f36-6a0f-45ae-a8eb-f0d390948370@group-63ACBE5F7EDA-SegmentedRaftLogWorker: created new log segment /home/runner/work/ozone/ozone/hadoop-ozone/integration-test/target/test-dir/MiniOzoneClusterImpl-611c99c7-d47b-4433-a4ef-cd0a35b076ef/ozone-metadata/datanode-1/ratis/c1a6ce75-0ec5-4b07-b27a-63acbe5f7eda/current/log_inprogress_0
2025-10-10 10:37:48,389 [895d447a-5476-42e4-b2fa-6eb687701d46-groupManagement] INFO  ratis.ContainerStateMachine (ContainerStateMachine.java:initialize(339)) - 895d447a-5476-42e4-b2fa-6eb687701d46: initialize group-6EF60CB14872
2025-10-10 10:37:48,389 [895d447a-5476-42e4-b2fa-6eb687701d46-groupManagement] INFO  ratis.ContainerStateMachine (ContainerStateMachine.java:loadSnapshot(347)) - group-6EF60CB14872: The snapshot info is null. Setting the last applied index to:<INITIAL_VALUE>
2025-10-10 10:37:48,390 [ad892cb1-3002-4758-a303-de6f39da4dbc@group-F0BEA0DF345E-FollowerState] INFO  impl.FollowerState (FollowerState.java:runImpl(161)) - ad892cb1-3002-4758-a303-de6f39da4dbc@group-F0BEA0DF345E-FollowerState: change to CANDIDATE, lastRpcElapsedTime:1083051198ns, electionTimeout:1081ms
2025-10-10 10:37:48,390 [ad892cb1-3002-4758-a303-de6f39da4dbc@group-F0BEA0DF345E-FollowerState] INFO  impl.RoleInfo (RoleInfo.java:shutdownFollowerState(121)) - ad892cb1-3002-4758-a303-de6f39da4dbc: shutdown ad892cb1-3002-4758-a303-de6f39da4dbc@group-F0BEA0DF345E-FollowerState
2025-10-10 10:37:48,390 [ad892cb1-3002-4758-a303-de6f39da4dbc@group-F0BEA0DF345E-FollowerState] INFO  server.RaftServer$Division (RaftServerImpl.java:setRole(392)) - ad892cb1-3002-4758-a303-de6f39da4dbc@group-F0BEA0DF345E: changes role from  FOLLOWER to CANDIDATE at term 0 for changeToCandidate
2025-10-10 10:37:48,390 [ad892cb1-3002-4758-a303-de6f39da4dbc@group-F0BEA0DF345E-FollowerState] INFO  impl.RoleInfo (RoleInfo.java:updateAndGet(148)) - ad892cb1-3002-4758-a303-de6f39da4dbc: start ad892cb1-3002-4758-a303-de6f39da4dbc@group-F0BEA0DF345E-LeaderElection16
2025-10-10 10:37:48,390 [895d447a-5476-42e4-b2fa-6eb687701d46-groupManagement] INFO  server.RaftServerConfigKeys (ConfUtils.java:logGet(62)) - raft.server.log.appender.buffer.byte-limit = 33554432 (custom)
2025-10-10 10:37:48,392 [ad892cb1-3002-4758-a303-de6f39da4dbc@group-F0BEA0DF345E-LeaderElection16] INFO  impl.LeaderElection (LeaderElection.java:askForVotes(448)) - ad892cb1-3002-4758-a303-de6f39da4dbc@group-F0BEA0DF345E-LeaderElection16 PRE_VOTE round 0: submit vote requests at term 0 for conf: {index: -1, cur=peers:[ad892cb1-3002-4758-a303-de6f39da4dbc|127.0.0.1:15039]|listeners:[], old=null}
2025-10-10 10:37:48,392 [ad892cb1-3002-4758-a303-de6f39da4dbc@group-F0BEA0DF345E-LeaderElection16] INFO  impl.LeaderElection (LeaderElection.java:askForVotes(450)) - ad892cb1-3002-4758-a303-de6f39da4dbc@group-F0BEA0DF345E-LeaderElection16 PRE_VOTE round 0: result PASSED (term=0)
2025-10-10 10:37:48,393 [ad892cb1-3002-4758-a303-de6f39da4dbc@group-4E13145AFCA4-FollowerState] INFO  impl.FollowerState (FollowerState.java:runImpl(161)) - ad892cb1-3002-4758-a303-de6f39da4dbc@group-4E13145AFCA4-FollowerState: change to CANDIDATE, lastRpcElapsedTime:1142105478ns, electionTimeout:1141ms
2025-10-10 10:37:48,393 [ad892cb1-3002-4758-a303-de6f39da4dbc@group-F0BEA0DF345E-LeaderElection16] INFO  impl.LeaderElection (LeaderElection.java:askForVotes(448)) - ad892cb1-3002-4758-a303-de6f39da4dbc@group-F0BEA0DF345E-LeaderElection16 ELECTION round 0: submit vote requests at term 1 for conf: {index: -1, cur=peers:[ad892cb1-3002-4758-a303-de6f39da4dbc|127.0.0.1:15039]|listeners:[], old=null}
2025-10-10 10:37:48,393 [1a301c79-b9ef-44e0-a0ae-b339f61819a5@group-63ACBE5F7EDA-StateMachineUpdater] INFO  server.RaftServer$Division (LeaderStateImpl.java:checkStartIndex(309)) - Leader 1a301c79-b9ef-44e0-a0ae-b339f61819a5@group-63ACBE5F7EDA-LeaderStateImpl is ready since appliedIndex == startIndex == 0
2025-10-10 10:37:48,395 [ad892cb1-3002-4758-a303-de6f39da4dbc@group-F0BEA0DF345E-LeaderElection16] INFO  impl.LeaderElection (LeaderElection.java:askForVotes(450)) - ad892cb1-3002-4758-a303-de6f39da4dbc@group-F0BEA0DF345E-LeaderElection16 ELECTION round 0: result PASSED (term=1)
2025-10-10 10:37:48,395 [ad892cb1-3002-4758-a303-de6f39da4dbc@group-F0BEA0DF345E-LeaderElection16] INFO  impl.RoleInfo (RoleInfo.java:shutdownLeaderElection(141)) - ad892cb1-3002-4758-a303-de6f39da4dbc: shutdown ad892cb1-3002-4758-a303-de6f39da4dbc@group-F0BEA0DF345E-LeaderElection16
2025-10-10 10:37:48,395 [ad892cb1-3002-4758-a303-de6f39da4dbc@group-F0BEA0DF345E-LeaderElection16] INFO  server.RaftServer$Division (RaftServerImpl.java:setRole(392)) - ad892cb1-3002-4758-a303-de6f39da4dbc@group-F0BEA0DF345E: changes role from CANDIDATE to LEADER at term 1 for changeToLeader
2025-10-10 10:37:48,394 [ad892cb1-3002-4758-a303-de6f39da4dbc@group-4E13145AFCA4-FollowerState] INFO  impl.RoleInfo (RoleInfo.java:shutdownFollowerState(121)) - ad892cb1-3002-4758-a303-de6f39da4dbc: shutdown ad892cb1-3002-4758-a303-de6f39da4dbc@group-4E13145AFCA4-FollowerState
2025-10-10 10:37:48,395 [ad892cb1-3002-4758-a303-de6f39da4dbc@group-4E13145AFCA4-FollowerState] INFO  server.RaftServer$Division (RaftServerImpl.java:setRole(392)) - ad892cb1-3002-4758-a303-de6f39da4dbc@group-4E13145AFCA4: changes role from  FOLLOWER to CANDIDATE at term 0 for changeToCandidate
2025-10-10 10:37:48,395 [ad892cb1-3002-4758-a303-de6f39da4dbc@group-4E13145AFCA4-FollowerState] INFO  impl.RoleInfo (RoleInfo.java:updateAndGet(148)) - ad892cb1-3002-4758-a303-de6f39da4dbc: start ad892cb1-3002-4758-a303-de6f39da4dbc@group-4E13145AFCA4-LeaderElection17
2025-10-10 10:37:48,395 [895d447a-5476-42e4-b2fa-6eb687701d46-groupManagement] INFO  server.RaftServerConfigKeys (ConfUtils.java:logGet(62)) - raft.server.log.segment.size.max = 67108864 (custom)
2025-10-10 10:37:48,396 [ad892cb1-3002-4758-a303-de6f39da4dbc@group-F0BEA0DF345E-LeaderElection16] INFO  server.RaftServerConfigKeys (ConfUtils.java:logFallback(69)) - raft.server.staging.timeout = 3600ms (fallback to raft.server.rpc.timeout.max)
2025-10-10 10:37:48,397 [ad892cb1-3002-4758-a303-de6f39da4dbc@group-F0BEA0DF345E-LeaderElection16] INFO  server.RaftServerConfigKeys (ConfUtils.java:logGet(62)) - raft.server.write.byte-limit = 1024 M (=1073741824) (custom)
2025-10-10 10:37:48,396 [ad892cb1-3002-4758-a303-de6f39da4dbc@group-4E13145AFCA4-LeaderElection17] INFO  impl.LeaderElection (LeaderElection.java:askForVotes(448)) - ad892cb1-3002-4758-a303-de6f39da4dbc@group-4E13145AFCA4-LeaderElection17 PRE_VOTE round 0: submit vote requests at term 0 for conf: {index: -1, cur=peers:[9ab71813-e86f-4276-8581-297fed06961e|127.0.0.1:15047, ad892cb1-3002-4758-a303-de6f39da4dbc|127.0.0.1:15039, 22d9c8a1-4559-44b0-a4af-9630f79f1f05|127.0.0.1:15055]|listeners:[], old=null}
2025-10-10 10:37:48,398 [895d447a-5476-42e4-b2fa-6eb687701d46-groupManagement] INFO  server.RaftServerConfigKeys (ConfUtils.java:logGet(62)) - raft.server.log.appender.buffer.byte-limit = 33554432 (custom)
2025-10-10 10:37:48,399 [895d447a-5476-42e4-b2fa-6eb687701d46-groupManagement] INFO  util.AwaitToRun (AwaitToRun.java:start(81)) - Thread[#1425,895d447a-5476-42e4-b2fa-6eb687701d46@group-6EF60CB14872-cacheEviction-AwaitToRun,5,main] started
2025-10-10 10:37:48,399 [895d447a-5476-42e4-b2fa-6eb687701d46-groupManagement] INFO  segmented.SegmentedRaftLogWorker (SegmentedRaftLogWorker.java:<init>(190)) - new 895d447a-5476-42e4-b2fa-6eb687701d46@group-6EF60CB14872-SegmentedRaftLogWorker for RaftStorageImpl:Storage Directory /home/runner/work/ozone/ozone/hadoop-ozone/integration-test/target/test-dir/MiniOzoneClusterImpl-611c99c7-d47b-4433-a4ef-cd0a35b076ef/ozone-metadata/datanode-9/ratis/56f6ef43-c50c-4d35-89b5-6ef60cb14872
2025-10-10 10:37:48,399 [895d447a-5476-42e4-b2fa-6eb687701d46-groupManagement] INFO  server.RaftServerConfigKeys (ConfUtils.java:logGet(62)) - raft.server.log.queue.byte-limit = 4294967296 (custom)
2025-10-10 10:37:48,399 [895d447a-5476-42e4-b2fa-6eb687701d46-groupManagement] INFO  server.RaftServerConfigKeys (ConfUtils.java:logGet(62)) - raft.server.log.segment.size.max = 67108864 (custom)
2025-10-10 10:37:48,401 [895d447a-5476-42e4-b2fa-6eb687701d46-groupManagement] INFO  server.RaftServerConfigKeys (ConfUtils.java:logGet(62)) - raft.server.log.preallocated.size = 4194304 (custom)
2025-10-10 10:37:48,399 [ad892cb1-3002-4758-a303-de6f39da4dbc@group-F0BEA0DF345E-LeaderElection16] INFO  impl.RoleInfo (RoleInfo.java:updateAndGet(148)) - ad892cb1-3002-4758-a303-de6f39da4dbc: start ad892cb1-3002-4758-a303-de6f39da4dbc@group-F0BEA0DF345E-LeaderStateImpl
2025-10-10 10:37:48,401 [ad892cb1-3002-4758-a303-de6f39da4dbc@group-F0BEA0DF345E-LeaderElection16] INFO  server.RaftServer$Division (RaftServerImpl.java:setFirstElection(576)) - ad892cb1-3002-4758-a303-de6f39da4dbc@group-F0BEA0DF345E: set firstElectionSinceStartup to false for becomeLeader
2025-10-10 10:37:48,401 [ad892cb1-3002-4758-a303-de6f39da4dbc@group-F0BEA0DF345E-LeaderElection16] INFO  ratis.XceiverServerRatis (XceiverServerRatis.java:handleLeaderChangedNotification(940)) - Leader change notification received for group: group-F0BEA0DF345E with new leaderId: ad892cb1-3002-4758-a303-de6f39da4dbc
2025-10-10 10:37:48,401 [grpc-default-executor-6] INFO  server.RaftServer$Division (RaftServerImpl.java:requestVote(1421)) - 9ab71813-e86f-4276-8581-297fed06961e@group-4E13145AFCA4: receive requestVote(PRE_VOTE, ad892cb1-3002-4758-a303-de6f39da4dbc, group-4E13145AFCA4, 0, <PROTO_DEFAULT>)
2025-10-10 10:37:48,402 [grpc-default-executor-6] INFO  impl.VoteContext (VoteContext.java:log(49)) - 9ab71813-e86f-4276-8581-297fed06961e@group-4E13145AFCA4-FOLLOWER: accept PRE_VOTE from ad892cb1-3002-4758-a303-de6f39da4dbc: our priority 0 <= candidate's priority 1
2025-10-10 10:37:48,402 [895d447a-5476-42e4-b2fa-6eb687701d46-groupManagement] INFO  server.RaftServerConfigKeys (ConfUtils.java:logGet(62)) - raft.server.log.write.buffer.size = 33554440 (custom)
2025-10-10 10:37:48,402 [grpc-default-executor-6] INFO  server.RaftServer$Division (RaftServerImpl.java:requestVote(1455)) - 9ab71813-e86f-4276-8581-297fed06961e@group-4E13145AFCA4 replies to PRE_VOTE vote request: ad892cb1-3002-4758-a303-de6f39da4dbc<-9ab71813-e86f-4276-8581-297fed06961e#0:OK-t0-last:<INITIAL_VALUE>. Peer's state: 9ab71813-e86f-4276-8581-297fed06961e@group-4E13145AFCA4:t0, leader=null, voted=, raftlog=Memoized:9ab71813-e86f-4276-8581-297fed06961e@group-4E13145AFCA4-SegmentedRaftLog:OPENED:c-1:lastnull, conf=conf: {index: -1, cur=peers:[9ab71813-e86f-4276-8581-297fed06961e|127.0.0.1:15047, ad892cb1-3002-4758-a303-de6f39da4dbc|127.0.0.1:15039, 22d9c8a1-4559-44b0-a4af-9630f79f1f05|127.0.0.1:15055]|listeners:[], old=null}
2025-10-10 10:37:48,403 [ad892cb1-3002-4758-a303-de6f39da4dbc@group-F0BEA0DF345E-LeaderElection16] INFO  server.RaftServer$Division (ServerState.java:setLeader(272)) - ad892cb1-3002-4758-a303-de6f39da4dbc@group-F0BEA0DF345E: change Leader from null to ad892cb1-3002-4758-a303-de6f39da4dbc at term 1 for becomeLeader, leader elected after 1145ms
2025-10-10 10:37:48,403 [ad892cb1-3002-4758-a303-de6f39da4dbc@group-F0BEA0DF345E-LeaderElection16] INFO  segmented.SegmentedRaftLogWorker (SegmentedRaftLogWorker.java:startLogSegment(440)) - ad892cb1-3002-4758-a303-de6f39da4dbc@group-F0BEA0DF345E-SegmentedRaftLogWorker: Starting segment from index:0
2025-10-10 10:37:48,403 [ad892cb1-3002-4758-a303-de6f39da4dbc@group-F0BEA0DF345E-LeaderElection16] INFO  server.RaftServer$Division (ServerState.java:setRaftConf(386)) - ad892cb1-3002-4758-a303-de6f39da4dbc@group-F0BEA0DF345E: set configuration conf: {index: 0, cur=peers:[ad892cb1-3002-4758-a303-de6f39da4dbc|127.0.0.1:15039]|listeners:[], old=null}
2025-10-10 10:37:48,404 [ad892cb1-3002-4758-a303-de6f39da4dbc@group-F0BEA0DF345E-SegmentedRaftLogWorker] INFO  segmented.BufferedWriteChannel (BufferedWriteChannel.java:open(61)) - open log_inprogress_0 at position 0
2025-10-10 10:37:48,405 [grpc-default-executor-6] INFO  server.RaftServer$Division (RaftServerImpl.java:requestVote(1421)) - 22d9c8a1-4559-44b0-a4af-9630f79f1f05@group-4E13145AFCA4: receive requestVote(PRE_VOTE, ad892cb1-3002-4758-a303-de6f39da4dbc, group-4E13145AFCA4, 0, <PROTO_DEFAULT>)
2025-10-10 10:37:48,406 [grpc-default-executor-6] INFO  impl.VoteContext (VoteContext.java:log(49)) - 22d9c8a1-4559-44b0-a4af-9630f79f1f05@group-4E13145AFCA4-FOLLOWER: accept PRE_VOTE from ad892cb1-3002-4758-a303-de6f39da4dbc: our priority 0 <= candidate's priority 1
2025-10-10 10:37:48,407 [grpc-default-executor-6] INFO  server.RaftServer$Division (RaftServerImpl.java:requestVote(1455)) - 22d9c8a1-4559-44b0-a4af-9630f79f1f05@group-4E13145AFCA4 replies to PRE_VOTE vote request: ad892cb1-3002-4758-a303-de6f39da4dbc<-22d9c8a1-4559-44b0-a4af-9630f79f1f05#0:OK-t0-last:<INITIAL_VALUE>. Peer's state: 22d9c8a1-4559-44b0-a4af-9630f79f1f05@group-4E13145AFCA4:t0, leader=null, voted=, raftlog=Memoized:22d9c8a1-4559-44b0-a4af-9630f79f1f05@group-4E13145AFCA4-SegmentedRaftLog:OPENED:c-1:lastnull, conf=conf: {index: -1, cur=peers:[9ab71813-e86f-4276-8581-297fed06961e|127.0.0.1:15047, ad892cb1-3002-4758-a303-de6f39da4dbc|127.0.0.1:15039, 22d9c8a1-4559-44b0-a4af-9630f79f1f05|127.0.0.1:15055]|listeners:[], old=null}
2025-10-10 10:37:48,407 [ad892cb1-3002-4758-a303-de6f39da4dbc@group-4E13145AFCA4-LeaderElection17] INFO  impl.LeaderElection (LeaderElection.java:logAndReturn(206)) - ad892cb1-3002-4758-a303-de6f39da4dbc@group-4E13145AFCA4-LeaderElection17: PRE_VOTE PASSED received 1 response(s) and 0 exception(s):
2025-10-10 10:37:48,407 [ad892cb1-3002-4758-a303-de6f39da4dbc@group-4E13145AFCA4-LeaderElection17] INFO  impl.LeaderElection (LeaderElection.java:logAndReturn(210)) -   Response 0: ad892cb1-3002-4758-a303-de6f39da4dbc<-9ab71813-e86f-4276-8581-297fed06961e#0:OK-t0-last:<INITIAL_VALUE>
2025-10-10 10:37:48,408 [ad892cb1-3002-4758-a303-de6f39da4dbc@group-4E13145AFCA4-LeaderElection17] INFO  impl.LeaderElection (LeaderElection.java:askForVotes(450)) - ad892cb1-3002-4758-a303-de6f39da4dbc@group-4E13145AFCA4-LeaderElection17 PRE_VOTE round 0: result PASSED
2025-10-10 10:37:48,412 [ad892cb1-3002-4758-a303-de6f39da4dbc@group-4E13145AFCA4-LeaderElection17] INFO  impl.LeaderElection (LeaderElection.java:askForVotes(448)) - ad892cb1-3002-4758-a303-de6f39da4dbc@group-4E13145AFCA4-LeaderElection17 ELECTION round 0: submit vote requests at term 1 for conf: {index: -1, cur=peers:[9ab71813-e86f-4276-8581-297fed06961e|127.0.0.1:15047, ad892cb1-3002-4758-a303-de6f39da4dbc|127.0.0.1:15039, 22d9c8a1-4559-44b0-a4af-9630f79f1f05|127.0.0.1:15055]|listeners:[], old=null}
2025-10-10 10:37:48,413 [895d447a-5476-42e4-b2fa-6eb687701d46-groupManagement] INFO  server.RaftServerConfigKeys (ConfUtils.java:logGet(62)) - raft.server.log.appender.buffer.byte-limit = 33554432 (custom)
2025-10-10 10:37:48,413 [895d447a-5476-42e4-b2fa-6eb687701d46-groupManagement] INFO  segmented.SegmentedRaftLogWorker (SegmentedRaftLogWorker.java:lambda$new$0(141)) - 895d447a-5476-42e4-b2fa-6eb687701d46@group-6EF60CB14872-SegmentedRaftLogWorker: flushIndex: setUnconditionally 0 -> -1
2025-10-10 10:37:48,414 [895d447a-5476-42e4-b2fa-6eb687701d46-groupManagement] INFO  segmented.SegmentedRaftLogWorker (SegmentedRaftLogWorker.java:lambda$new$0(141)) - 895d447a-5476-42e4-b2fa-6eb687701d46@group-6EF60CB14872-SegmentedRaftLogWorker: safeCacheEvictIndex: setUnconditionally 0 -> -1
2025-10-10 10:37:48,415 [895d447a-5476-42e4-b2fa-6eb687701d46-groupManagement] INFO  server.RaftServer$Division (RaftServerImpl.java:start(405)) - 895d447a-5476-42e4-b2fa-6eb687701d46@group-6EF60CB14872: start as a follower, conf=conf: {index: -1, cur=peers:[aa9634f0-8836-44d6-bc05-5b19fbdd93d5|127.0.0.1:15063, 36185c6b-22ce-45d1-a622-3a6b487a5a53|127.0.0.1:15071, 895d447a-5476-42e4-b2fa-6eb687701d46|127.0.0.1:15079]|listeners:[], old=null}
2025-10-10 10:37:48,417 [895d447a-5476-42e4-b2fa-6eb687701d46-groupManagement] INFO  server.RaftServer$Division (RaftServerImpl.java:setRole(392)) - 895d447a-5476-42e4-b2fa-6eb687701d46@group-6EF60CB14872: changes role from      null to FOLLOWER at term 0 for startAsFollower
2025-10-10 10:37:48,417 [895d447a-5476-42e4-b2fa-6eb687701d46-groupManagement] INFO  impl.RoleInfo (RoleInfo.java:updateAndGet(148)) - 895d447a-5476-42e4-b2fa-6eb687701d46: start 895d447a-5476-42e4-b2fa-6eb687701d46@group-6EF60CB14872-FollowerState
2025-10-10 10:37:48,417 [895d447a-5476-42e4-b2fa-6eb687701d46-groupManagement] INFO  util.JmxRegister (JmxRegister.java:tryRegister(44)) - Successfully registered JMX Bean with object name Ratis:service=RaftServer,group=group-6EF60CB14872,id=895d447a-5476-42e4-b2fa-6eb687701d46
2025-10-10 10:37:48,418 [895d447a-5476-42e4-b2fa-6eb687701d46-groupManagement] INFO  util.JmxRegister (JmxRegister.java:register(58)) - register mxBean class org.apache.ratis.server.impl.RaftServerJmxAdapter as Ratis:service=RaftServer,group=group-6EF60CB14872,id=895d447a-5476-42e4-b2fa-6eb687701d46
2025-10-10 10:37:48,419 [895d447a-5476-42e4-b2fa-6eb687701d46-groupManagement] INFO  server.RaftServer$Division (RaftServerImpl.java:start(419)) - 895d447a-5476-42e4-b2fa-6eb687701d46@group-6EF60CB14872: Successfully started.
2025-10-10 10:37:48,419 [ad892cb1-3002-4758-a303-de6f39da4dbc@group-F0BEA0DF345E-SegmentedRaftLogWorker] INFO  segmented.SegmentedRaftLogWorker (SegmentedRaftLogWorker.java:execute(647)) - ad892cb1-3002-4758-a303-de6f39da4dbc@group-F0BEA0DF345E-SegmentedRaftLogWorker: created new log segment /home/runner/work/ozone/ozone/hadoop-ozone/integration-test/target/test-dir/MiniOzoneClusterImpl-611c99c7-d47b-4433-a4ef-cd0a35b076ef/ozone-metadata/datanode-4/ratis/e168346d-5e42-4d50-932e-f0bea0df345e/current/log_inprogress_0
2025-10-10 10:37:48,420 [grpc-default-executor-6] INFO  server.RaftServer$Division (RaftServerImpl.java:requestVote(1421)) - 22d9c8a1-4559-44b0-a4af-9630f79f1f05@group-4E13145AFCA4: receive requestVote(ELECTION, ad892cb1-3002-4758-a303-de6f39da4dbc, group-4E13145AFCA4, 1, <PROTO_DEFAULT>)
2025-10-10 10:37:48,420 [grpc-default-executor-6] INFO  impl.VoteContext (VoteContext.java:log(49)) - 22d9c8a1-4559-44b0-a4af-9630f79f1f05@group-4E13145AFCA4-FOLLOWER: accept ELECTION from ad892cb1-3002-4758-a303-de6f39da4dbc: our priority 0 <= candidate's priority 1
2025-10-10 10:37:48,420 [grpc-default-executor-6] INFO  server.RaftServer$Division (RaftServerImpl.java:setRole(392)) - 22d9c8a1-4559-44b0-a4af-9630f79f1f05@group-4E13145AFCA4: changes role from  FOLLOWER to FOLLOWER at term 0 for candidate:ad892cb1-3002-4758-a303-de6f39da4dbc
2025-10-10 10:37:48,420 [grpc-default-executor-6] INFO  impl.RoleInfo (RoleInfo.java:shutdownFollowerState(121)) - 22d9c8a1-4559-44b0-a4af-9630f79f1f05: shutdown 22d9c8a1-4559-44b0-a4af-9630f79f1f05@group-4E13145AFCA4-FollowerState
2025-10-10 10:37:48,420 [grpc-default-executor-6] INFO  impl.RoleInfo (RoleInfo.java:updateAndGet(148)) - 22d9c8a1-4559-44b0-a4af-9630f79f1f05: start 22d9c8a1-4559-44b0-a4af-9630f79f1f05@group-4E13145AFCA4-FollowerState
2025-10-10 10:37:48,421 [grpc-default-executor-4] INFO  server.RaftServer$Division (RaftServerImpl.java:requestVote(1421)) - 9ab71813-e86f-4276-8581-297fed06961e@group-4E13145AFCA4: receive requestVote(ELECTION, ad892cb1-3002-4758-a303-de6f39da4dbc, group-4E13145AFCA4, 1, <PROTO_DEFAULT>)
2025-10-10 10:37:48,422 [grpc-default-executor-4] INFO  impl.VoteContext (VoteContext.java:log(49)) - 9ab71813-e86f-4276-8581-297fed06961e@group-4E13145AFCA4-FOLLOWER: accept ELECTION from ad892cb1-3002-4758-a303-de6f39da4dbc: our priority 0 <= candidate's priority 1
2025-10-10 10:37:48,422 [grpc-default-executor-4] INFO  server.RaftServer$Division (RaftServerImpl.java:setRole(392)) - 9ab71813-e86f-4276-8581-297fed06961e@group-4E13145AFCA4: changes role from  FOLLOWER to FOLLOWER at term 0 for candidate:ad892cb1-3002-4758-a303-de6f39da4dbc
2025-10-10 10:37:48,422 [grpc-default-executor-4] INFO  impl.RoleInfo (RoleInfo.java:shutdownFollowerState(121)) - 9ab71813-e86f-4276-8581-297fed06961e: shutdown 9ab71813-e86f-4276-8581-297fed06961e@group-4E13145AFCA4-FollowerState
2025-10-10 10:37:48,422 [grpc-default-executor-4] INFO  impl.RoleInfo (RoleInfo.java:updateAndGet(148)) - 9ab71813-e86f-4276-8581-297fed06961e: start 9ab71813-e86f-4276-8581-297fed06961e@group-4E13145AFCA4-FollowerState
2025-10-10 10:37:48,422 [22d9c8a1-4559-44b0-a4af-9630f79f1f05@group-4E13145AFCA4-FollowerState] INFO  impl.FollowerState (FollowerState.java:runImpl(170)) - 22d9c8a1-4559-44b0-a4af-9630f79f1f05@group-4E13145AFCA4-FollowerState was interrupted
2025-10-10 10:37:48,422 [ad892cb1-3002-4758-a303-de6f39da4dbc@group-F0BEA0DF345E-StateMachineUpdater] INFO  server.RaftServer$Division (LeaderStateImpl.java:checkStartIndex(309)) - Leader ad892cb1-3002-4758-a303-de6f39da4dbc@group-F0BEA0DF345E-LeaderStateImpl is ready since appliedIndex == startIndex == 0
2025-10-10 10:37:48,423 [9ab71813-e86f-4276-8581-297fed06961e@group-4E13145AFCA4-FollowerState] INFO  impl.FollowerState (FollowerState.java:runImpl(170)) - 9ab71813-e86f-4276-8581-297fed06961e@group-4E13145AFCA4-FollowerState was interrupted
2025-10-10 10:37:48,426 [grpc-default-executor-6] INFO  server.RaftServer$Division (RaftServerImpl.java:requestVote(1455)) - 22d9c8a1-4559-44b0-a4af-9630f79f1f05@group-4E13145AFCA4 replies to ELECTION vote request: ad892cb1-3002-4758-a303-de6f39da4dbc<-22d9c8a1-4559-44b0-a4af-9630f79f1f05#0:OK-t1-last:<INITIAL_VALUE>. Peer's state: 22d9c8a1-4559-44b0-a4af-9630f79f1f05@group-4E13145AFCA4:t1, leader=null, voted=ad892cb1-3002-4758-a303-de6f39da4dbc, raftlog=Memoized:22d9c8a1-4559-44b0-a4af-9630f79f1f05@group-4E13145AFCA4-SegmentedRaftLog:OPENED:c-1:lastnull, conf=conf: {index: -1, cur=peers:[9ab71813-e86f-4276-8581-297fed06961e|127.0.0.1:15047, ad892cb1-3002-4758-a303-de6f39da4dbc|127.0.0.1:15039, 22d9c8a1-4559-44b0-a4af-9630f79f1f05|127.0.0.1:15055]|listeners:[], old=null}
2025-10-10 10:37:48,431 [ad892cb1-3002-4758-a303-de6f39da4dbc@group-4E13145AFCA4-LeaderElection17] INFO  impl.LeaderElection (LeaderElection.java:logAndReturn(206)) - ad892cb1-3002-4758-a303-de6f39da4dbc@group-4E13145AFCA4-LeaderElection17: ELECTION PASSED received 1 response(s) and 0 exception(s):
2025-10-10 10:37:48,431 [ad892cb1-3002-4758-a303-de6f39da4dbc@group-4E13145AFCA4-LeaderElection17] INFO  impl.LeaderElection (LeaderElection.java:logAndReturn(210)) -   Response 0: ad892cb1-3002-4758-a303-de6f39da4dbc<-22d9c8a1-4559-44b0-a4af-9630f79f1f05#0:OK-t1-last:<INITIAL_VALUE>
2025-10-10 10:37:48,432 [ad892cb1-3002-4758-a303-de6f39da4dbc@group-4E13145AFCA4-LeaderElection17] INFO  impl.LeaderElection (LeaderElection.java:askForVotes(450)) - ad892cb1-3002-4758-a303-de6f39da4dbc@group-4E13145AFCA4-LeaderElection17 ELECTION round 0: result PASSED
2025-10-10 10:37:48,432 [ad892cb1-3002-4758-a303-de6f39da4dbc@group-4E13145AFCA4-LeaderElection17] INFO  impl.RoleInfo (RoleInfo.java:shutdownLeaderElection(141)) - ad892cb1-3002-4758-a303-de6f39da4dbc: shutdown ad892cb1-3002-4758-a303-de6f39da4dbc@group-4E13145AFCA4-LeaderElection17
2025-10-10 10:37:48,432 [ad892cb1-3002-4758-a303-de6f39da4dbc@group-4E13145AFCA4-LeaderElection17] INFO  server.RaftServer$Division (RaftServerImpl.java:setRole(392)) - ad892cb1-3002-4758-a303-de6f39da4dbc@group-4E13145AFCA4: changes role from CANDIDATE to LEADER at term 1 for changeToLeader
2025-10-10 10:37:48,432 [ad892cb1-3002-4758-a303-de6f39da4dbc@group-4E13145AFCA4-LeaderElection17] INFO  server.RaftServerConfigKeys (ConfUtils.java:logFallback(69)) - raft.server.staging.timeout = 3600ms (fallback to raft.server.rpc.timeout.max)
2025-10-10 10:37:48,432 [grpc-default-executor-4] INFO  server.RaftServer$Division (RaftServerImpl.java:setFirstElection(576)) - 9ab71813-e86f-4276-8581-297fed06961e@group-4E13145AFCA4: set firstElectionSinceStartup to false for candidate:ad892cb1-3002-4758-a303-de6f39da4dbc
2025-10-10 10:37:48,433 [ad892cb1-3002-4758-a303-de6f39da4dbc@group-4E13145AFCA4-LeaderElection17] INFO  server.RaftServerConfigKeys (ConfUtils.java:logGet(62)) - raft.server.write.byte-limit = 1024 M (=1073741824) (custom)
2025-10-10 10:37:48,434 [grpc-default-executor-4] INFO  server.RaftServer$Division (RaftServerImpl.java:requestVote(1455)) - 9ab71813-e86f-4276-8581-297fed06961e@group-4E13145AFCA4 replies to ELECTION vote request: ad892cb1-3002-4758-a303-de6f39da4dbc<-9ab71813-e86f-4276-8581-297fed06961e#0:OK-t1-last:<INITIAL_VALUE>. Peer's state: 9ab71813-e86f-4276-8581-297fed06961e@group-4E13145AFCA4:t1, leader=null, voted=ad892cb1-3002-4758-a303-de6f39da4dbc, raftlog=Memoized:9ab71813-e86f-4276-8581-297fed06961e@group-4E13145AFCA4-SegmentedRaftLog:OPENED:c-1:lastnull, conf=conf: {index: -1, cur=peers:[9ab71813-e86f-4276-8581-297fed06961e|127.0.0.1:15047, ad892cb1-3002-4758-a303-de6f39da4dbc|127.0.0.1:15039, 22d9c8a1-4559-44b0-a4af-9630f79f1f05|127.0.0.1:15055]|listeners:[], old=null}
2025-10-10 10:37:48,436 [ad892cb1-3002-4758-a303-de6f39da4dbc@group-4E13145AFCA4-LeaderElection17] INFO  server.RaftServerConfigKeys (ConfUtils.java:logGet(62)) - raft.server.log.appender.buffer.byte-limit = 33554432 (custom)
2025-10-10 10:37:48,437 [aa9634f0-8836-44d6-bc05-5b19fbdd93d5-CreatePipelineCommandHandlerThread-0] INFO  commandhandler.CreatePipelineCommandHandler (CreatePipelineCommandHandler.java:lambda$handle$2(141)) - Created Pipeline RATIS THREE Pipeline-56f6ef43-c50c-4d35-89b5-6ef60cb14872.
2025-10-10 10:37:48,438 [ad892cb1-3002-4758-a303-de6f39da4dbc@group-4E13145AFCA4-LeaderElection17] INFO  server.RaftServerConfigKeys (ConfUtils.java:logGet(62)) - raft.server.log.appender.buffer.byte-limit = 33554432 (custom)
2025-10-10 10:37:48,438 [ad892cb1-3002-4758-a303-de6f39da4dbc@group-4E13145AFCA4-LeaderElection17] INFO  impl.RoleInfo (RoleInfo.java:updateAndGet(148)) - ad892cb1-3002-4758-a303-de6f39da4dbc: start ad892cb1-3002-4758-a303-de6f39da4dbc@group-4E13145AFCA4-LeaderStateImpl
2025-10-10 10:37:48,438 [ad892cb1-3002-4758-a303-de6f39da4dbc@group-4E13145AFCA4-LeaderElection17] INFO  server.RaftServer$Division (RaftServerImpl.java:setFirstElection(576)) - ad892cb1-3002-4758-a303-de6f39da4dbc@group-4E13145AFCA4: set firstElectionSinceStartup to false for becomeLeader
2025-10-10 10:37:48,438 [ad892cb1-3002-4758-a303-de6f39da4dbc@group-4E13145AFCA4-LeaderElection17] INFO  ratis.XceiverServerRatis (XceiverServerRatis.java:handleLeaderChangedNotification(940)) - Leader change notification received for group: group-4E13145AFCA4 with new leaderId: ad892cb1-3002-4758-a303-de6f39da4dbc
2025-10-10 10:37:48,438 [ad892cb1-3002-4758-a303-de6f39da4dbc@group-4E13145AFCA4-LeaderElection17] INFO  server.RaftServer$Division (ServerState.java:setLeader(272)) - ad892cb1-3002-4758-a303-de6f39da4dbc@group-4E13145AFCA4: change Leader from null to ad892cb1-3002-4758-a303-de6f39da4dbc at term 1 for becomeLeader, leader elected after 1212ms
2025-10-10 10:37:48,439 [ad892cb1-3002-4758-a303-de6f39da4dbc@group-4E13145AFCA4-LeaderElection17] INFO  segmented.SegmentedRaftLogWorker (SegmentedRaftLogWorker.java:startLogSegment(440)) - ad892cb1-3002-4758-a303-de6f39da4dbc@group-4E13145AFCA4-SegmentedRaftLogWorker: Starting segment from index:0
2025-10-10 10:37:48,439 [ad892cb1-3002-4758-a303-de6f39da4dbc@group-4E13145AFCA4-LeaderElection17] INFO  server.RaftServer$Division (ServerState.java:setRaftConf(386)) - ad892cb1-3002-4758-a303-de6f39da4dbc@group-4E13145AFCA4: set configuration conf: {index: 0, cur=peers:[9ab71813-e86f-4276-8581-297fed06961e|127.0.0.1:15047, ad892cb1-3002-4758-a303-de6f39da4dbc|127.0.0.1:15039, 22d9c8a1-4559-44b0-a4af-9630f79f1f05|127.0.0.1:15055]|listeners:[], old=null}
2025-10-10 10:37:48,439 [ad892cb1-3002-4758-a303-de6f39da4dbc@group-4E13145AFCA4-SegmentedRaftLogWorker] INFO  segmented.BufferedWriteChannel (BufferedWriteChannel.java:open(61)) - open log_inprogress_0 at position 0
2025-10-10 10:37:48,446 [EventQueue-PipelineReportForPipelineReportHandler] INFO  pipeline.PipelineReportHandler (PipelineReportHandler.java:processPipelineReport(132)) - Opened pipeline Pipeline-646a14ee-6b5e-4675-bb4e-4e13145afca4
2025-10-10 10:37:48,451 [grpc-default-executor-1] INFO  ratis.XceiverServerRatis (XceiverServerRatis.java:handleLeaderChangedNotification(940)) - Leader change notification received for group: group-4E13145AFCA4 with new leaderId: ad892cb1-3002-4758-a303-de6f39da4dbc
2025-10-10 10:37:48,451 [grpc-default-executor-1] INFO  server.RaftServer$Division (ServerState.java:setLeader(272)) - 22d9c8a1-4559-44b0-a4af-9630f79f1f05@group-4E13145AFCA4: change Leader from null to ad892cb1-3002-4758-a303-de6f39da4dbc at term 1 for appendEntries, leader elected after 1300ms
2025-10-10 10:37:48,451 [grpc-default-executor-6] INFO  ratis.XceiverServerRatis (XceiverServerRatis.java:handleLeaderChangedNotification(940)) - Leader change notification received for group: group-4E13145AFCA4 with new leaderId: ad892cb1-3002-4758-a303-de6f39da4dbc
2025-10-10 10:37:48,451 [grpc-default-executor-6] INFO  server.RaftServer$Division (ServerState.java:setLeader(272)) - 9ab71813-e86f-4276-8581-297fed06961e@group-4E13145AFCA4: change Leader from null to ad892cb1-3002-4758-a303-de6f39da4dbc at term 1 for appendEntries, leader elected after 1171ms
2025-10-10 10:37:48,452 [ad892cb1-3002-4758-a303-de6f39da4dbc@group-4E13145AFCA4-SegmentedRaftLogWorker] INFO  segmented.SegmentedRaftLogWorker (SegmentedRaftLogWorker.java:execute(647)) - ad892cb1-3002-4758-a303-de6f39da4dbc@group-4E13145AFCA4-SegmentedRaftLogWorker: created new log segment /home/runner/work/ozone/ozone/hadoop-ozone/integration-test/target/test-dir/MiniOzoneClusterImpl-611c99c7-d47b-4433-a4ef-cd0a35b076ef/ozone-metadata/datanode-4/ratis/646a14ee-6b5e-4675-bb4e-4e13145afca4/current/log_inprogress_0
2025-10-10 10:37:48,452 [grpc-default-executor-0] INFO  server.RaftServer$Division (ServerState.java:setRaftConf(386)) - 9ab71813-e86f-4276-8581-297fed06961e@group-4E13145AFCA4: set configuration conf: {index: 0, cur=peers:[9ab71813-e86f-4276-8581-297fed06961e|127.0.0.1:15047, ad892cb1-3002-4758-a303-de6f39da4dbc|127.0.0.1:15039, 22d9c8a1-4559-44b0-a4af-9630f79f1f05|127.0.0.1:15055]|listeners:[], old=null}
2025-10-10 10:37:48,453 [grpc-default-executor-0] INFO  segmented.SegmentedRaftLogWorker (SegmentedRaftLogWorker.java:startLogSegment(440)) - 9ab71813-e86f-4276-8581-297fed06961e@group-4E13145AFCA4-SegmentedRaftLogWorker: Starting segment from index:0
2025-10-10 10:37:48,453 [9ab71813-e86f-4276-8581-297fed06961e@group-4E13145AFCA4-SegmentedRaftLogWorker] INFO  segmented.BufferedWriteChannel (BufferedWriteChannel.java:open(61)) - open log_inprogress_0 at position 0
2025-10-10 10:37:48,453 [grpc-default-executor-3] INFO  server.RaftServer$Division (ServerState.java:setRaftConf(386)) - 22d9c8a1-4559-44b0-a4af-9630f79f1f05@group-4E13145AFCA4: set configuration conf: {index: 0, cur=peers:[9ab71813-e86f-4276-8581-297fed06961e|127.0.0.1:15047, ad892cb1-3002-4758-a303-de6f39da4dbc|127.0.0.1:15039, 22d9c8a1-4559-44b0-a4af-9630f79f1f05|127.0.0.1:15055]|listeners:[], old=null}
2025-10-10 10:37:48,455 [grpc-default-executor-3] INFO  segmented.SegmentedRaftLogWorker (SegmentedRaftLogWorker.java:startLogSegment(440)) - 22d9c8a1-4559-44b0-a4af-9630f79f1f05@group-4E13145AFCA4-SegmentedRaftLogWorker: Starting segment from index:0
2025-10-10 10:37:48,455 [22d9c8a1-4559-44b0-a4af-9630f79f1f05@group-4E13145AFCA4-SegmentedRaftLogWorker] INFO  segmented.BufferedWriteChannel (BufferedWriteChannel.java:open(61)) - open log_inprogress_0 at position 0
2025-10-10 10:37:48,462 [9ab71813-e86f-4276-8581-297fed06961e@group-4E13145AFCA4-SegmentedRaftLogWorker] INFO  segmented.SegmentedRaftLogWorker (SegmentedRaftLogWorker.java:execute(647)) - 9ab71813-e86f-4276-8581-297fed06961e@group-4E13145AFCA4-SegmentedRaftLogWorker: created new log segment /home/runner/work/ozone/ozone/hadoop-ozone/integration-test/target/test-dir/MiniOzoneClusterImpl-611c99c7-d47b-4433-a4ef-cd0a35b076ef/ozone-metadata/datanode-5/ratis/646a14ee-6b5e-4675-bb4e-4e13145afca4/current/log_inprogress_0
2025-10-10 10:37:48,462 [22d9c8a1-4559-44b0-a4af-9630f79f1f05@group-4E13145AFCA4-SegmentedRaftLogWorker] INFO  segmented.SegmentedRaftLogWorker (SegmentedRaftLogWorker.java:execute(647)) - 22d9c8a1-4559-44b0-a4af-9630f79f1f05@group-4E13145AFCA4-SegmentedRaftLogWorker: created new log segment /home/runner/work/ozone/ozone/hadoop-ozone/integration-test/target/test-dir/MiniOzoneClusterImpl-611c99c7-d47b-4433-a4ef-cd0a35b076ef/ozone-metadata/datanode-6/ratis/646a14ee-6b5e-4675-bb4e-4e13145afca4/current/log_inprogress_0
2025-10-10 10:37:48,466 [ad892cb1-3002-4758-a303-de6f39da4dbc@group-4E13145AFCA4-StateMachineUpdater] INFO  server.RaftServer$Division (LeaderStateImpl.java:checkStartIndex(309)) - Leader ad892cb1-3002-4758-a303-de6f39da4dbc@group-4E13145AFCA4-LeaderStateImpl is ready since appliedIndex == startIndex == 0
2025-10-10 10:37:48,539 [895d447a-5476-42e4-b2fa-6eb687701d46-CreatePipelineCommandHandlerThread-0] INFO  server.RaftServer (RaftServerProxy.java:addNew(105)) - 895d447a-5476-42e4-b2fa-6eb687701d46: addNew group-263A5124E6E8:[895d447a-5476-42e4-b2fa-6eb687701d46|127.0.0.1:15079] returns group-263A5124E6E8:java.util.concurrent.CompletableFuture@b79970f[Not completed]
2025-10-10 10:37:48,541 [895d447a-5476-42e4-b2fa-6eb687701d46-groupManagement] INFO  server.RaftServer$Division (RaftServerImpl.java:<init>(268)) - 895d447a-5476-42e4-b2fa-6eb687701d46: new RaftServerImpl for group-263A5124E6E8:[895d447a-5476-42e4-b2fa-6eb687701d46|127.0.0.1:15079] with ContainerStateMachine:uninitialized
2025-10-10 10:37:48,541 [895d447a-5476-42e4-b2fa-6eb687701d46-groupManagement] INFO  server.RaftServer$Division (ServerState.java:<init>(114)) - 895d447a-5476-42e4-b2fa-6eb687701d46@group-263A5124E6E8: ConfigurationManager, init=conf: {index: -1, cur=peers:[895d447a-5476-42e4-b2fa-6eb687701d46|127.0.0.1:15079]|listeners:[], old=null}, confs=<EMPTY_MAP>
2025-10-10 10:37:48,546 [895d447a-5476-42e4-b2fa-6eb687701d46-groupManagement] INFO  storage.RaftStorageDirectory (RaftStorageDirectoryImpl.java:analyzeStorage(138)) - The storage directory /home/runner/work/ozone/ozone/hadoop-ozone/integration-test/target/test-dir/MiniOzoneClusterImpl-611c99c7-d47b-4433-a4ef-cd0a35b076ef/ozone-metadata/datanode-9/ratis/1890b19a-2da7-4d82-9892-263a5124e6e8 does not exist. Creating ...
2025-10-10 10:37:48,547 [895d447a-5476-42e4-b2fa-6eb687701d46-groupManagement] INFO  storage.RaftStorageDirectory (RaftStorageDirectoryImpl.java:tryLock(229)) - Lock on /home/runner/work/ozone/ozone/hadoop-ozone/integration-test/target/test-dir/MiniOzoneClusterImpl-611c99c7-d47b-4433-a4ef-cd0a35b076ef/ozone-metadata/datanode-9/ratis/1890b19a-2da7-4d82-9892-263a5124e6e8/in_use.lock acquired by nodename 58401@localhost
2025-10-10 10:37:48,548 [895d447a-5476-42e4-b2fa-6eb687701d46-groupManagement] INFO  storage.RaftStorage (RaftStorageImpl.java:format(98)) - Storage directory /home/runner/work/ozone/ozone/hadoop-ozone/integration-test/target/test-dir/MiniOzoneClusterImpl-611c99c7-d47b-4433-a4ef-cd0a35b076ef/ozone-metadata/datanode-9/ratis/1890b19a-2da7-4d82-9892-263a5124e6e8 has been successfully formatted.
2025-10-10 10:37:48,549 [895d447a-5476-42e4-b2fa-6eb687701d46-groupManagement] INFO  ratis.ContainerStateMachine (ContainerStateMachine.java:initialize(339)) - 895d447a-5476-42e4-b2fa-6eb687701d46: initialize group-263A5124E6E8
2025-10-10 10:37:48,549 [895d447a-5476-42e4-b2fa-6eb687701d46-groupManagement] INFO  ratis.ContainerStateMachine (ContainerStateMachine.java:loadSnapshot(347)) - group-263A5124E6E8: The snapshot info is null. Setting the last applied index to:<INITIAL_VALUE>
2025-10-10 10:37:48,549 [895d447a-5476-42e4-b2fa-6eb687701d46-groupManagement] INFO  server.RaftServerConfigKeys (ConfUtils.java:logGet(62)) - raft.server.log.appender.buffer.byte-limit = 33554432 (custom)
2025-10-10 10:37:48,551 [895d447a-5476-42e4-b2fa-6eb687701d46-groupManagement] INFO  server.RaftServerConfigKeys (ConfUtils.java:logGet(62)) - raft.server.log.segment.size.max = 67108864 (custom)
2025-10-10 10:37:48,552 [895d447a-5476-42e4-b2fa-6eb687701d46-groupManagement] INFO  server.RaftServerConfigKeys (ConfUtils.java:logGet(62)) - raft.server.log.appender.buffer.byte-limit = 33554432 (custom)
2025-10-10 10:37:48,553 [895d447a-5476-42e4-b2fa-6eb687701d46-groupManagement] INFO  util.AwaitToRun (AwaitToRun.java:start(81)) - Thread[#1442,895d447a-5476-42e4-b2fa-6eb687701d46@group-263A5124E6E8-cacheEviction-AwaitToRun,5,main] started
2025-10-10 10:37:48,553 [895d447a-5476-42e4-b2fa-6eb687701d46-groupManagement] INFO  segmented.SegmentedRaftLogWorker (SegmentedRaftLogWorker.java:<init>(190)) - new 895d447a-5476-42e4-b2fa-6eb687701d46@group-263A5124E6E8-SegmentedRaftLogWorker for RaftStorageImpl:Storage Directory /home/runner/work/ozone/ozone/hadoop-ozone/integration-test/target/test-dir/MiniOzoneClusterImpl-611c99c7-d47b-4433-a4ef-cd0a35b076ef/ozone-metadata/datanode-9/ratis/1890b19a-2da7-4d82-9892-263a5124e6e8
2025-10-10 10:37:48,553 [895d447a-5476-42e4-b2fa-6eb687701d46-groupManagement] INFO  server.RaftServerConfigKeys (ConfUtils.java:logGet(62)) - raft.server.log.queue.byte-limit = 4294967296 (custom)
2025-10-10 10:37:48,553 [895d447a-5476-42e4-b2fa-6eb687701d46-groupManagement] INFO  server.RaftServerConfigKeys (ConfUtils.java:logGet(62)) - raft.server.log.segment.size.max = 67108864 (custom)
2025-10-10 10:37:48,553 [895d447a-5476-42e4-b2fa-6eb687701d46-groupManagement] INFO  server.RaftServerConfigKeys (ConfUtils.java:logGet(62)) - raft.server.log.preallocated.size = 4194304 (custom)
2025-10-10 10:37:48,554 [895d447a-5476-42e4-b2fa-6eb687701d46-groupManagement] INFO  server.RaftServerConfigKeys (ConfUtils.java:logGet(62)) - raft.server.log.write.buffer.size = 33554440 (custom)
2025-10-10 10:37:48,556 [EventQueue-PipelineReportForPipelineReportHandler] INFO  pipeline.PipelineReportHandler (PipelineReportHandler.java:processPipelineReport(132)) - Opened pipeline Pipeline-1890b19a-2da7-4d82-9892-263a5124e6e8
2025-10-10 10:37:48,560 [895d447a-5476-42e4-b2fa-6eb687701d46-groupManagement] INFO  server.RaftServerConfigKeys (ConfUtils.java:logGet(62)) - raft.server.log.appender.buffer.byte-limit = 33554432 (custom)
2025-10-10 10:37:48,560 [895d447a-5476-42e4-b2fa-6eb687701d46-groupManagement] INFO  segmented.SegmentedRaftLogWorker (SegmentedRaftLogWorker.java:lambda$new$0(141)) - 895d447a-5476-42e4-b2fa-6eb687701d46@group-263A5124E6E8-SegmentedRaftLogWorker: flushIndex: setUnconditionally 0 -> -1
2025-10-10 10:37:48,560 [895d447a-5476-42e4-b2fa-6eb687701d46-groupManagement] INFO  segmented.SegmentedRaftLogWorker (SegmentedRaftLogWorker.java:lambda$new$0(141)) - 895d447a-5476-42e4-b2fa-6eb687701d46@group-263A5124E6E8-SegmentedRaftLogWorker: safeCacheEvictIndex: setUnconditionally 0 -> -1
2025-10-10 10:37:48,560 [895d447a-5476-42e4-b2fa-6eb687701d46-groupManagement] INFO  server.RaftServer$Division (RaftServerImpl.java:start(405)) - 895d447a-5476-42e4-b2fa-6eb687701d46@group-263A5124E6E8: start as a follower, conf=conf: {index: -1, cur=peers:[895d447a-5476-42e4-b2fa-6eb687701d46|127.0.0.1:15079]|listeners:[], old=null}
2025-10-10 10:37:48,560 [895d447a-5476-42e4-b2fa-6eb687701d46-groupManagement] INFO  server.RaftServer$Division (RaftServerImpl.java:setRole(392)) - 895d447a-5476-42e4-b2fa-6eb687701d46@group-263A5124E6E8: changes role from      null to FOLLOWER at term 0 for startAsFollower
2025-10-10 10:37:48,561 [895d447a-5476-42e4-b2fa-6eb687701d46-groupManagement] INFO  impl.RoleInfo (RoleInfo.java:updateAndGet(148)) - 895d447a-5476-42e4-b2fa-6eb687701d46: start 895d447a-5476-42e4-b2fa-6eb687701d46@group-263A5124E6E8-FollowerState
2025-10-10 10:37:48,561 [895d447a-5476-42e4-b2fa-6eb687701d46-groupManagement] INFO  util.JmxRegister (JmxRegister.java:tryRegister(44)) - Successfully registered JMX Bean with object name Ratis:service=RaftServer,group=group-263A5124E6E8,id=895d447a-5476-42e4-b2fa-6eb687701d46
2025-10-10 10:37:48,561 [895d447a-5476-42e4-b2fa-6eb687701d46-groupManagement] INFO  util.JmxRegister (JmxRegister.java:register(58)) - register mxBean class org.apache.ratis.server.impl.RaftServerJmxAdapter as Ratis:service=RaftServer,group=group-263A5124E6E8,id=895d447a-5476-42e4-b2fa-6eb687701d46
2025-10-10 10:37:48,562 [895d447a-5476-42e4-b2fa-6eb687701d46-groupManagement] INFO  server.RaftServer$Division (RaftServerImpl.java:start(419)) - 895d447a-5476-42e4-b2fa-6eb687701d46@group-263A5124E6E8: Successfully started.
2025-10-10 10:37:48,562 [895d447a-5476-42e4-b2fa-6eb687701d46-CreatePipelineCommandHandlerThread-0] INFO  ratis.XceiverServerRatis (XceiverServerRatis.java:addGroup(839)) - Created group Pipeline-1890b19a-2da7-4d82-9892-263a5124e6e8
2025-10-10 10:37:48,562 [895d447a-5476-42e4-b2fa-6eb687701d46-CreatePipelineCommandHandlerThread-0] INFO  commandhandler.CreatePipelineCommandHandler (CreatePipelineCommandHandler.java:lambda$handle$2(141)) - Created Pipeline RATIS ONE Pipeline-1890b19a-2da7-4d82-9892-263a5124e6e8.
2025-10-10 10:37:48,754 [9ab71813-e86f-4276-8581-297fed06961e@group-25EA720CA717-FollowerState] INFO  impl.FollowerState (FollowerState.java:runImpl(161)) - 9ab71813-e86f-4276-8581-297fed06961e@group-25EA720CA717-FollowerState: change to CANDIDATE, lastRpcElapsedTime:1190500550ns, electionTimeout:1190ms
2025-10-10 10:37:48,755 [9ab71813-e86f-4276-8581-297fed06961e@group-25EA720CA717-FollowerState] INFO  impl.RoleInfo (RoleInfo.java:shutdownFollowerState(121)) - 9ab71813-e86f-4276-8581-297fed06961e: shutdown 9ab71813-e86f-4276-8581-297fed06961e@group-25EA720CA717-FollowerState
2025-10-10 10:37:48,755 [9ab71813-e86f-4276-8581-297fed06961e@group-25EA720CA717-FollowerState] INFO  server.RaftServer$Division (RaftServerImpl.java:setRole(392)) - 9ab71813-e86f-4276-8581-297fed06961e@group-25EA720CA717: changes role from  FOLLOWER to CANDIDATE at term 0 for changeToCandidate
2025-10-10 10:37:48,755 [9ab71813-e86f-4276-8581-297fed06961e@group-25EA720CA717-FollowerState] INFO  impl.RoleInfo (RoleInfo.java:updateAndGet(148)) - 9ab71813-e86f-4276-8581-297fed06961e: start 9ab71813-e86f-4276-8581-297fed06961e@group-25EA720CA717-LeaderElection18
2025-10-10 10:37:48,755 [9ab71813-e86f-4276-8581-297fed06961e@group-25EA720CA717-LeaderElection18] INFO  impl.LeaderElection (LeaderElection.java:askForVotes(448)) - 9ab71813-e86f-4276-8581-297fed06961e@group-25EA720CA717-LeaderElection18 PRE_VOTE round 0: submit vote requests at term 0 for conf: {index: -1, cur=peers:[9ab71813-e86f-4276-8581-297fed06961e|127.0.0.1:15047]|listeners:[], old=null}
2025-10-10 10:37:48,755 [9ab71813-e86f-4276-8581-297fed06961e@group-25EA720CA717-LeaderElection18] INFO  impl.LeaderElection (LeaderElection.java:askForVotes(450)) - 9ab71813-e86f-4276-8581-297fed06961e@group-25EA720CA717-LeaderElection18 PRE_VOTE round 0: result PASSED (term=0)
2025-10-10 10:37:48,757 [9ab71813-e86f-4276-8581-297fed06961e@group-25EA720CA717-LeaderElection18] INFO  impl.LeaderElection (LeaderElection.java:askForVotes(448)) - 9ab71813-e86f-4276-8581-297fed06961e@group-25EA720CA717-LeaderElection18 ELECTION round 0: submit vote requests at term 1 for conf: {index: -1, cur=peers:[9ab71813-e86f-4276-8581-297fed06961e|127.0.0.1:15047]|listeners:[], old=null}
2025-10-10 10:37:48,757 [9ab71813-e86f-4276-8581-297fed06961e@group-25EA720CA717-LeaderElection18] INFO  impl.LeaderElection (LeaderElection.java:askForVotes(450)) - 9ab71813-e86f-4276-8581-297fed06961e@group-25EA720CA717-LeaderElection18 ELECTION round 0: result PASSED (term=1)
2025-10-10 10:37:48,757 [9ab71813-e86f-4276-8581-297fed06961e@group-25EA720CA717-LeaderElection18] INFO  impl.RoleInfo (RoleInfo.java:shutdownLeaderElection(141)) - 9ab71813-e86f-4276-8581-297fed06961e: shutdown 9ab71813-e86f-4276-8581-297fed06961e@group-25EA720CA717-LeaderElection18
2025-10-10 10:37:48,757 [9ab71813-e86f-4276-8581-297fed06961e@group-25EA720CA717-LeaderElection18] INFO  server.RaftServer$Division (RaftServerImpl.java:setRole(392)) - 9ab71813-e86f-4276-8581-297fed06961e@group-25EA720CA717: changes role from CANDIDATE to LEADER at term 1 for changeToLeader
2025-10-10 10:37:48,757 [9ab71813-e86f-4276-8581-297fed06961e@group-25EA720CA717-LeaderElection18] INFO  server.RaftServerConfigKeys (ConfUtils.java:logFallback(69)) - raft.server.staging.timeout = 3600ms (fallback to raft.server.rpc.timeout.max)
2025-10-10 10:37:48,757 [9ab71813-e86f-4276-8581-297fed06961e@group-25EA720CA717-LeaderElection18] INFO  server.RaftServerConfigKeys (ConfUtils.java:logGet(62)) - raft.server.write.byte-limit = 1024 M (=1073741824) (custom)
2025-10-10 10:37:48,758 [9ab71813-e86f-4276-8581-297fed06961e@group-25EA720CA717-LeaderElection18] INFO  impl.RoleInfo (RoleInfo.java:updateAndGet(148)) - 9ab71813-e86f-4276-8581-297fed06961e: start 9ab71813-e86f-4276-8581-297fed06961e@group-25EA720CA717-LeaderStateImpl
2025-10-10 10:37:48,758 [9ab71813-e86f-4276-8581-297fed06961e@group-25EA720CA717-LeaderElection18] INFO  server.RaftServer$Division (RaftServerImpl.java:setFirstElection(576)) - 9ab71813-e86f-4276-8581-297fed06961e@group-25EA720CA717: set firstElectionSinceStartup to false for becomeLeader
2025-10-10 10:37:48,759 [9ab71813-e86f-4276-8581-297fed06961e@group-25EA720CA717-LeaderElection18] INFO  ratis.XceiverServerRatis (XceiverServerRatis.java:handleLeaderChangedNotification(940)) - Leader change notification received for group: group-25EA720CA717 with new leaderId: 9ab71813-e86f-4276-8581-297fed06961e
2025-10-10 10:37:48,759 [9ab71813-e86f-4276-8581-297fed06961e@group-25EA720CA717-LeaderElection18] INFO  server.RaftServer$Division (ServerState.java:setLeader(272)) - 9ab71813-e86f-4276-8581-297fed06961e@group-25EA720CA717: change Leader from null to 9ab71813-e86f-4276-8581-297fed06961e at term 1 for becomeLeader, leader elected after 1225ms
2025-10-10 10:37:48,759 [9ab71813-e86f-4276-8581-297fed06961e@group-25EA720CA717-LeaderElection18] INFO  segmented.SegmentedRaftLogWorker (SegmentedRaftLogWorker.java:startLogSegment(440)) - 9ab71813-e86f-4276-8581-297fed06961e@group-25EA720CA717-SegmentedRaftLogWorker: Starting segment from index:0
2025-10-10 10:37:48,760 [9ab71813-e86f-4276-8581-297fed06961e@group-25EA720CA717-LeaderElection18] INFO  server.RaftServer$Division (ServerState.java:setRaftConf(386)) - 9ab71813-e86f-4276-8581-297fed06961e@group-25EA720CA717: set configuration conf: {index: 0, cur=peers:[9ab71813-e86f-4276-8581-297fed06961e|127.0.0.1:15047]|listeners:[], old=null}
2025-10-10 10:37:48,760 [9ab71813-e86f-4276-8581-297fed06961e@group-25EA720CA717-SegmentedRaftLogWorker] INFO  segmented.BufferedWriteChannel (BufferedWriteChannel.java:open(61)) - open log_inprogress_0 at position 0
2025-10-10 10:37:48,767 [9ab71813-e86f-4276-8581-297fed06961e@group-25EA720CA717-SegmentedRaftLogWorker] INFO  segmented.SegmentedRaftLogWorker (SegmentedRaftLogWorker.java:execute(647)) - 9ab71813-e86f-4276-8581-297fed06961e@group-25EA720CA717-SegmentedRaftLogWorker: created new log segment /home/runner/work/ozone/ozone/hadoop-ozone/integration-test/target/test-dir/MiniOzoneClusterImpl-611c99c7-d47b-4433-a4ef-cd0a35b076ef/ozone-metadata/datanode-5/ratis/c9244eac-8aa0-4393-8e76-25ea720ca717/current/log_inprogress_0
2025-10-10 10:37:48,768 [9ab71813-e86f-4276-8581-297fed06961e@group-25EA720CA717-StateMachineUpdater] INFO  server.RaftServer$Division (LeaderStateImpl.java:checkStartIndex(309)) - Leader 9ab71813-e86f-4276-8581-297fed06961e@group-25EA720CA717-LeaderStateImpl is ready since appliedIndex == startIndex == 0
2025-10-10 10:37:48,795 [2845ecb9-1de7-4fe5-b5c4-cb17d9505b49-groupManagement] INFO  server.RaftServer$Division (RaftServerImpl.java:<init>(268)) - 2845ecb9-1de7-4fe5-b5c4-cb17d9505b49: new RaftServerImpl for group-9FBADB30A490:[2845ecb9-1de7-4fe5-b5c4-cb17d9505b49|127.0.0.1:15087] with ContainerStateMachine:uninitialized
2025-10-10 10:37:48,796 [2845ecb9-1de7-4fe5-b5c4-cb17d9505b49-CreatePipelineCommandHandlerThread-0] INFO  server.RaftServer (RaftServerProxy.java:addNew(105)) - 2845ecb9-1de7-4fe5-b5c4-cb17d9505b49: addNew group-9FBADB30A490:[2845ecb9-1de7-4fe5-b5c4-cb17d9505b49|127.0.0.1:15087] returns group-9FBADB30A490:java.util.concurrent.CompletableFuture@5f5b0d6f[Not completed]
2025-10-10 10:37:48,796 [2845ecb9-1de7-4fe5-b5c4-cb17d9505b49-groupManagement] INFO  server.RaftServer$Division (ServerState.java:<init>(114)) - 2845ecb9-1de7-4fe5-b5c4-cb17d9505b49@group-9FBADB30A490: ConfigurationManager, init=conf: {index: -1, cur=peers:[2845ecb9-1de7-4fe5-b5c4-cb17d9505b49|127.0.0.1:15087]|listeners:[], old=null}, confs=<EMPTY_MAP>
2025-10-10 10:37:48,799 [2845ecb9-1de7-4fe5-b5c4-cb17d9505b49-groupManagement] INFO  server.RaftServerConfigKeys (ConfUtils.java:logGet(62)) - raft.server.storage.dir = [/home/runner/work/ozone/ozone/hadoop-ozone/integration-test/target/test-dir/MiniOzoneClusterImpl-611c99c7-d47b-4433-a4ef-cd0a35b076ef/ozone-metadata/datanode-10/ratis] (custom)
2025-10-10 10:37:48,799 [2845ecb9-1de7-4fe5-b5c4-cb17d9505b49-groupManagement] INFO  storage.RaftStorageDirectory (RaftStorageDirectoryImpl.java:analyzeStorage(138)) - The storage directory /home/runner/work/ozone/ozone/hadoop-ozone/integration-test/target/test-dir/MiniOzoneClusterImpl-611c99c7-d47b-4433-a4ef-cd0a35b076ef/ozone-metadata/datanode-10/ratis/6c9c5fa3-3cea-40a0-a296-9fbadb30a490 does not exist. Creating ...
2025-10-10 10:37:48,801 [2845ecb9-1de7-4fe5-b5c4-cb17d9505b49-groupManagement] INFO  storage.RaftStorageDirectory (RaftStorageDirectoryImpl.java:tryLock(229)) - Lock on /home/runner/work/ozone/ozone/hadoop-ozone/integration-test/target/test-dir/MiniOzoneClusterImpl-611c99c7-d47b-4433-a4ef-cd0a35b076ef/ozone-metadata/datanode-10/ratis/6c9c5fa3-3cea-40a0-a296-9fbadb30a490/in_use.lock acquired by nodename 58401@localhost
2025-10-10 10:37:48,802 [2845ecb9-1de7-4fe5-b5c4-cb17d9505b49-groupManagement] INFO  storage.RaftStorage (RaftStorageImpl.java:format(98)) - Storage directory /home/runner/work/ozone/ozone/hadoop-ozone/integration-test/target/test-dir/MiniOzoneClusterImpl-611c99c7-d47b-4433-a4ef-cd0a35b076ef/ozone-metadata/datanode-10/ratis/6c9c5fa3-3cea-40a0-a296-9fbadb30a490 has been successfully formatted.
2025-10-10 10:37:48,802 [2845ecb9-1de7-4fe5-b5c4-cb17d9505b49-groupManagement] INFO  ratis.ContainerStateMachine (ContainerStateMachine.java:initialize(339)) - 2845ecb9-1de7-4fe5-b5c4-cb17d9505b49: initialize group-9FBADB30A490
2025-10-10 10:37:48,802 [2845ecb9-1de7-4fe5-b5c4-cb17d9505b49-groupManagement] INFO  ratis.ContainerStateMachine (ContainerStateMachine.java:loadSnapshot(347)) - group-9FBADB30A490: The snapshot info is null. Setting the last applied index to:<INITIAL_VALUE>
2025-10-10 10:37:48,803 [2845ecb9-1de7-4fe5-b5c4-cb17d9505b49-groupManagement] INFO  server.RaftServerConfigKeys (ConfUtils.java:logGet(62)) - raft.server.log.appender.buffer.byte-limit = 33554432 (custom)
2025-10-10 10:37:48,805 [2845ecb9-1de7-4fe5-b5c4-cb17d9505b49-groupManagement] INFO  server.RaftServerConfigKeys (ConfUtils.java:logGet(62)) - raft.server.log.segment.size.max = 67108864 (custom)
2025-10-10 10:37:48,805 [2845ecb9-1de7-4fe5-b5c4-cb17d9505b49-groupManagement] INFO  server.RaftServerConfigKeys (ConfUtils.java:logGet(62)) - raft.server.log.appender.buffer.byte-limit = 33554432 (custom)
2025-10-10 10:37:48,806 [2845ecb9-1de7-4fe5-b5c4-cb17d9505b49-groupManagement] INFO  util.AwaitToRun (AwaitToRun.java:start(81)) - Thread[#1452,2845ecb9-1de7-4fe5-b5c4-cb17d9505b49@group-9FBADB30A490-cacheEviction-AwaitToRun,5,main] started
2025-10-10 10:37:48,806 [2845ecb9-1de7-4fe5-b5c4-cb17d9505b49-groupManagement] INFO  segmented.SegmentedRaftLogWorker (SegmentedRaftLogWorker.java:<init>(190)) - new 2845ecb9-1de7-4fe5-b5c4-cb17d9505b49@group-9FBADB30A490-SegmentedRaftLogWorker for RaftStorageImpl:Storage Directory /home/runner/work/ozone/ozone/hadoop-ozone/integration-test/target/test-dir/MiniOzoneClusterImpl-611c99c7-d47b-4433-a4ef-cd0a35b076ef/ozone-metadata/datanode-10/ratis/6c9c5fa3-3cea-40a0-a296-9fbadb30a490
2025-10-10 10:37:48,806 [2845ecb9-1de7-4fe5-b5c4-cb17d9505b49-groupManagement] INFO  server.RaftServerConfigKeys (ConfUtils.java:logGet(62)) - raft.server.log.queue.byte-limit = 4294967296 (custom)
2025-10-10 10:37:48,806 [2845ecb9-1de7-4fe5-b5c4-cb17d9505b49-groupManagement] INFO  server.RaftServerConfigKeys (ConfUtils.java:logGet(62)) - raft.server.log.segment.size.max = 67108864 (custom)
2025-10-10 10:37:48,806 [2845ecb9-1de7-4fe5-b5c4-cb17d9505b49-groupManagement] INFO  server.RaftServerConfigKeys (ConfUtils.java:logGet(62)) - raft.server.log.preallocated.size = 4194304 (custom)
2025-10-10 10:37:48,806 [2845ecb9-1de7-4fe5-b5c4-cb17d9505b49-groupManagement] INFO  server.RaftServerConfigKeys (ConfUtils.java:logGet(62)) - raft.server.log.write.buffer.size = 33554440 (custom)
2025-10-10 10:37:48,812 [2845ecb9-1de7-4fe5-b5c4-cb17d9505b49-groupManagement] INFO  server.RaftServerConfigKeys (ConfUtils.java:logGet(62)) - raft.server.log.appender.buffer.byte-limit = 33554432 (custom)
2025-10-10 10:37:48,812 [EventQueue-PipelineReportForPipelineReportHandler] INFO  pipeline.PipelineReportHandler (PipelineReportHandler.java:processPipelineReport(132)) - Opened pipeline Pipeline-6c9c5fa3-3cea-40a0-a296-9fbadb30a490
2025-10-10 10:37:48,812 [2845ecb9-1de7-4fe5-b5c4-cb17d9505b49-groupManagement] INFO  segmented.SegmentedRaftLogWorker (SegmentedRaftLogWorker.java:lambda$new$0(141)) - 2845ecb9-1de7-4fe5-b5c4-cb17d9505b49@group-9FBADB30A490-SegmentedRaftLogWorker: flushIndex: setUnconditionally 0 -> -1
2025-10-10 10:37:48,813 [2845ecb9-1de7-4fe5-b5c4-cb17d9505b49-groupManagement] INFO  segmented.SegmentedRaftLogWorker (SegmentedRaftLogWorker.java:lambda$new$0(141)) - 2845ecb9-1de7-4fe5-b5c4-cb17d9505b49@group-9FBADB30A490-SegmentedRaftLogWorker: safeCacheEvictIndex: setUnconditionally 0 -> -1
2025-10-10 10:37:48,813 [2845ecb9-1de7-4fe5-b5c4-cb17d9505b49-groupManagement] INFO  server.RaftServer$Division (RaftServerImpl.java:start(405)) - 2845ecb9-1de7-4fe5-b5c4-cb17d9505b49@group-9FBADB30A490: start as a follower, conf=conf: {index: -1, cur=peers:[2845ecb9-1de7-4fe5-b5c4-cb17d9505b49|127.0.0.1:15087]|listeners:[], old=null}
2025-10-10 10:37:48,814 [2845ecb9-1de7-4fe5-b5c4-cb17d9505b49-groupManagement] INFO  server.RaftServer$Division (RaftServerImpl.java:setRole(392)) - 2845ecb9-1de7-4fe5-b5c4-cb17d9505b49@group-9FBADB30A490: changes role from      null to FOLLOWER at term 0 for startAsFollower
2025-10-10 10:37:48,814 [2845ecb9-1de7-4fe5-b5c4-cb17d9505b49-groupManagement] INFO  impl.RoleInfo (RoleInfo.java:updateAndGet(148)) - 2845ecb9-1de7-4fe5-b5c4-cb17d9505b49: start 2845ecb9-1de7-4fe5-b5c4-cb17d9505b49@group-9FBADB30A490-FollowerState
2025-10-10 10:37:48,814 [2845ecb9-1de7-4fe5-b5c4-cb17d9505b49-groupManagement] INFO  util.JmxRegister (JmxRegister.java:tryRegister(44)) - Successfully registered JMX Bean with object name Ratis:service=RaftServer,group=group-9FBADB30A490,id=2845ecb9-1de7-4fe5-b5c4-cb17d9505b49
2025-10-10 10:37:48,814 [2845ecb9-1de7-4fe5-b5c4-cb17d9505b49-groupManagement] INFO  util.JmxRegister (JmxRegister.java:register(58)) - register mxBean class org.apache.ratis.server.impl.RaftServerJmxAdapter as Ratis:service=RaftServer,group=group-9FBADB30A490,id=2845ecb9-1de7-4fe5-b5c4-cb17d9505b49
2025-10-10 10:37:48,815 [2845ecb9-1de7-4fe5-b5c4-cb17d9505b49-groupManagement] INFO  server.RaftServer$Division (RaftServerImpl.java:start(419)) - 2845ecb9-1de7-4fe5-b5c4-cb17d9505b49@group-9FBADB30A490: Successfully started.
2025-10-10 10:37:48,815 [2845ecb9-1de7-4fe5-b5c4-cb17d9505b49-CreatePipelineCommandHandlerThread-0] INFO  ratis.XceiverServerRatis (XceiverServerRatis.java:addGroup(839)) - Created group Pipeline-6c9c5fa3-3cea-40a0-a296-9fbadb30a490
2025-10-10 10:37:48,815 [2845ecb9-1de7-4fe5-b5c4-cb17d9505b49-CreatePipelineCommandHandlerThread-0] INFO  commandhandler.CreatePipelineCommandHandler (CreatePipelineCommandHandler.java:lambda$handle$2(141)) - Created Pipeline RATIS ONE Pipeline-6c9c5fa3-3cea-40a0-a296-9fbadb30a490.
2025-10-10 10:37:48,838 [ForkJoinPool-1-worker-1] INFO  rpc.RpcClient (RpcClient.java:createVolume(461)) - Creating Volume: datanodefailurehandlingtest, with runner as owner and space quota set to -1 bytes, counts quota set to -1
2025-10-10 10:37:48,852 [om1-OMStateMachineApplyTransactionThread - 0] INFO  volume.OMVolumeCreateRequest (OMVolumeCreateRequest.java:validateAndUpdateCache(213)) - created volume:datanodefailurehandlingtest for user:runner
2025-10-10 10:37:48,865 [ForkJoinPool-1-worker-1] INFO  rpc.RpcClient (RpcClient.java:createBucket(686)) - Creating Bucket: datanodefailurehandlingtest/datanodefailurehandlingtest, with server-side default bucket layout, runner as owner, Versioning false, Storage Type set to DISK and Encryption set to false, Replication Type set to server-side default replication type, Namespace Quota set to -1, Space Quota set to -1 
2025-10-10 10:37:48,876 [om1-OMStateMachineApplyTransactionThread - 0] INFO  bucket.OMBucketCreateRequest (OMBucketCreateRequest.java:validateAndUpdateCache(303)) - created bucket: datanodefailurehandlingtest of layout FILE_SYSTEM_OPTIMIZED in volume: datanodefailurehandlingtest
2025-10-10 10:37:48,935 [IPC Server handler 0 on default port 15001] INFO  ha.SequenceIdGenerator (SequenceIdGenerator.java:getNextId(135)) - Allocate a batch for containerId, change lastId from 0 to 1000.
2025-10-10 10:37:48,945 [8502da08-471d-490f-823d-1244cc2731b5@group-CD0A35B076EF-StateMachineUpdater] WARN  ha.SequenceIdGenerator (SequenceIdGenerator.java:allocateBatch(248)) - Failed to allocate a batch for localId, expected lastId is 0, actual lastId is 115816896921600000.
2025-10-10 10:37:48,947 [IPC Server handler 0 on default port 15001] INFO  ha.SequenceIdGenerator (SequenceIdGenerator.java:getNextId(135)) - Allocate a batch for localId, change lastId from 115816896921600000 to 115816896921601000.
2025-10-10 10:37:49,213 [aa9634f0-8836-44d6-bc05-5b19fbdd93d5@group-A002C7D4E542-FollowerState] INFO  impl.FollowerState (FollowerState.java:runImpl(161)) - aa9634f0-8836-44d6-bc05-5b19fbdd93d5@group-A002C7D4E542-FollowerState: change to CANDIDATE, lastRpcElapsedTime:1090821278ns, electionTimeout:1089ms
2025-10-10 10:37:49,214 [aa9634f0-8836-44d6-bc05-5b19fbdd93d5@group-A002C7D4E542-FollowerState] INFO  impl.RoleInfo (RoleInfo.java:shutdownFollowerState(121)) - aa9634f0-8836-44d6-bc05-5b19fbdd93d5: shutdown aa9634f0-8836-44d6-bc05-5b19fbdd93d5@group-A002C7D4E542-FollowerState
2025-10-10 10:37:49,214 [aa9634f0-8836-44d6-bc05-5b19fbdd93d5@group-A002C7D4E542-FollowerState] INFO  server.RaftServer$Division (RaftServerImpl.java:setRole(392)) - aa9634f0-8836-44d6-bc05-5b19fbdd93d5@group-A002C7D4E542: changes role from  FOLLOWER to CANDIDATE at term 0 for changeToCandidate
2025-10-10 10:37:49,214 [aa9634f0-8836-44d6-bc05-5b19fbdd93d5@group-A002C7D4E542-FollowerState] INFO  impl.RoleInfo (RoleInfo.java:updateAndGet(148)) - aa9634f0-8836-44d6-bc05-5b19fbdd93d5: start aa9634f0-8836-44d6-bc05-5b19fbdd93d5@group-A002C7D4E542-LeaderElection19
2025-10-10 10:37:49,214 [aa9634f0-8836-44d6-bc05-5b19fbdd93d5@group-A002C7D4E542-LeaderElection19] INFO  impl.LeaderElection (LeaderElection.java:askForVotes(448)) - aa9634f0-8836-44d6-bc05-5b19fbdd93d5@group-A002C7D4E542-LeaderElection19 PRE_VOTE round 0: submit vote requests at term 0 for conf: {index: -1, cur=peers:[aa9634f0-8836-44d6-bc05-5b19fbdd93d5|127.0.0.1:15063]|listeners:[], old=null}
2025-10-10 10:37:49,214 [aa9634f0-8836-44d6-bc05-5b19fbdd93d5@group-A002C7D4E542-LeaderElection19] INFO  impl.LeaderElection (LeaderElection.java:askForVotes(450)) - aa9634f0-8836-44d6-bc05-5b19fbdd93d5@group-A002C7D4E542-LeaderElection19 PRE_VOTE round 0: result PASSED (term=0)
2025-10-10 10:37:49,216 [aa9634f0-8836-44d6-bc05-5b19fbdd93d5@group-A002C7D4E542-LeaderElection19] INFO  impl.LeaderElection (LeaderElection.java:askForVotes(448)) - aa9634f0-8836-44d6-bc05-5b19fbdd93d5@group-A002C7D4E542-LeaderElection19 ELECTION round 0: submit vote requests at term 1 for conf: {index: -1, cur=peers:[aa9634f0-8836-44d6-bc05-5b19fbdd93d5|127.0.0.1:15063]|listeners:[], old=null}
2025-10-10 10:37:49,216 [aa9634f0-8836-44d6-bc05-5b19fbdd93d5@group-A002C7D4E542-LeaderElection19] INFO  impl.LeaderElection (LeaderElection.java:askForVotes(450)) - aa9634f0-8836-44d6-bc05-5b19fbdd93d5@group-A002C7D4E542-LeaderElection19 ELECTION round 0: result PASSED (term=1)
2025-10-10 10:37:49,216 [aa9634f0-8836-44d6-bc05-5b19fbdd93d5@group-A002C7D4E542-LeaderElection19] INFO  impl.RoleInfo (RoleInfo.java:shutdownLeaderElection(141)) - aa9634f0-8836-44d6-bc05-5b19fbdd93d5: shutdown aa9634f0-8836-44d6-bc05-5b19fbdd93d5@group-A002C7D4E542-LeaderElection19
2025-10-10 10:37:49,217 [aa9634f0-8836-44d6-bc05-5b19fbdd93d5@group-A002C7D4E542-LeaderElection19] INFO  server.RaftServer$Division (RaftServerImpl.java:setRole(392)) - aa9634f0-8836-44d6-bc05-5b19fbdd93d5@group-A002C7D4E542: changes role from CANDIDATE to LEADER at term 1 for changeToLeader
2025-10-10 10:37:49,217 [aa9634f0-8836-44d6-bc05-5b19fbdd93d5@group-A002C7D4E542-LeaderElection19] INFO  server.RaftServerConfigKeys (ConfUtils.java:logFallback(69)) - raft.server.staging.timeout = 3600ms (fallback to raft.server.rpc.timeout.max)
2025-10-10 10:37:49,217 [aa9634f0-8836-44d6-bc05-5b19fbdd93d5@group-A002C7D4E542-LeaderElection19] INFO  server.RaftServerConfigKeys (ConfUtils.java:logGet(62)) - raft.server.write.byte-limit = 1024 M (=1073741824) (custom)
2025-10-10 10:37:49,219 [aa9634f0-8836-44d6-bc05-5b19fbdd93d5@group-A002C7D4E542-LeaderElection19] INFO  impl.RoleInfo (RoleInfo.java:updateAndGet(148)) - aa9634f0-8836-44d6-bc05-5b19fbdd93d5: start aa9634f0-8836-44d6-bc05-5b19fbdd93d5@group-A002C7D4E542-LeaderStateImpl
2025-10-10 10:37:49,219 [aa9634f0-8836-44d6-bc05-5b19fbdd93d5@group-A002C7D4E542-LeaderElection19] INFO  server.RaftServer$Division (RaftServerImpl.java:setFirstElection(576)) - aa9634f0-8836-44d6-bc05-5b19fbdd93d5@group-A002C7D4E542: set firstElectionSinceStartup to false for becomeLeader
2025-10-10 10:37:49,219 [aa9634f0-8836-44d6-bc05-5b19fbdd93d5@group-A002C7D4E542-LeaderElection19] INFO  ratis.XceiverServerRatis (XceiverServerRatis.java:handleLeaderChangedNotification(940)) - Leader change notification received for group: group-A002C7D4E542 with new leaderId: aa9634f0-8836-44d6-bc05-5b19fbdd93d5
2025-10-10 10:37:49,220 [aa9634f0-8836-44d6-bc05-5b19fbdd93d5@group-A002C7D4E542-LeaderElection19] INFO  server.RaftServer$Division (ServerState.java:setLeader(272)) - aa9634f0-8836-44d6-bc05-5b19fbdd93d5@group-A002C7D4E542: change Leader from null to aa9634f0-8836-44d6-bc05-5b19fbdd93d5 at term 1 for becomeLeader, leader elected after 1169ms
2025-10-10 10:37:49,220 [aa9634f0-8836-44d6-bc05-5b19fbdd93d5@group-A002C7D4E542-LeaderElection19] INFO  segmented.SegmentedRaftLogWorker (SegmentedRaftLogWorker.java:startLogSegment(440)) - aa9634f0-8836-44d6-bc05-5b19fbdd93d5@group-A002C7D4E542-SegmentedRaftLogWorker: Starting segment from index:0
2025-10-10 10:37:49,221 [aa9634f0-8836-44d6-bc05-5b19fbdd93d5@group-A002C7D4E542-SegmentedRaftLogWorker] INFO  segmented.BufferedWriteChannel (BufferedWriteChannel.java:open(61)) - open log_inprogress_0 at position 0
2025-10-10 10:37:49,223 [aa9634f0-8836-44d6-bc05-5b19fbdd93d5@group-A002C7D4E542-LeaderElection19] INFO  server.RaftServer$Division (ServerState.java:setRaftConf(386)) - aa9634f0-8836-44d6-bc05-5b19fbdd93d5@group-A002C7D4E542: set configuration conf: {index: 0, cur=peers:[aa9634f0-8836-44d6-bc05-5b19fbdd93d5|127.0.0.1:15063]|listeners:[], old=null}
2025-10-10 10:37:49,226 [aa9634f0-8836-44d6-bc05-5b19fbdd93d5@group-813C05265458-FollowerState] INFO  impl.FollowerState (FollowerState.java:runImpl(161)) - aa9634f0-8836-44d6-bc05-5b19fbdd93d5@group-813C05265458-FollowerState: change to CANDIDATE, lastRpcElapsedTime:1054230898ns, electionTimeout:1053ms
2025-10-10 10:37:49,226 [aa9634f0-8836-44d6-bc05-5b19fbdd93d5@group-813C05265458-FollowerState] INFO  impl.RoleInfo (RoleInfo.java:shutdownFollowerState(121)) - aa9634f0-8836-44d6-bc05-5b19fbdd93d5: shutdown aa9634f0-8836-44d6-bc05-5b19fbdd93d5@group-813C05265458-FollowerState
2025-10-10 10:37:49,226 [aa9634f0-8836-44d6-bc05-5b19fbdd93d5@group-813C05265458-FollowerState] INFO  server.RaftServer$Division (RaftServerImpl.java:setRole(392)) - aa9634f0-8836-44d6-bc05-5b19fbdd93d5@group-813C05265458: changes role from  FOLLOWER to CANDIDATE at term 0 for changeToCandidate
2025-10-10 10:37:49,226 [aa9634f0-8836-44d6-bc05-5b19fbdd93d5@group-813C05265458-FollowerState] INFO  impl.RoleInfo (RoleInfo.java:updateAndGet(148)) - aa9634f0-8836-44d6-bc05-5b19fbdd93d5: start aa9634f0-8836-44d6-bc05-5b19fbdd93d5@group-813C05265458-LeaderElection20
2025-10-10 10:37:49,227 [aa9634f0-8836-44d6-bc05-5b19fbdd93d5@group-813C05265458-LeaderElection20] INFO  impl.LeaderElection (LeaderElection.java:askForVotes(448)) - aa9634f0-8836-44d6-bc05-5b19fbdd93d5@group-813C05265458-LeaderElection20 PRE_VOTE round 0: submit vote requests at term 0 for conf: {index: -1, cur=peers:[aa9634f0-8836-44d6-bc05-5b19fbdd93d5|127.0.0.1:15063, 36185c6b-22ce-45d1-a622-3a6b487a5a53|127.0.0.1:15071, 895d447a-5476-42e4-b2fa-6eb687701d46|127.0.0.1:15079]|listeners:[], old=null}
2025-10-10 10:37:49,228 [aa9634f0-8836-44d6-bc05-5b19fbdd93d5@group-813C05265458-LeaderElection20-1] INFO  server.GrpcServerProtocolClient (GrpcServerProtocolClient.java:<init>(65)) - Build channel for 36185c6b-22ce-45d1-a622-3a6b487a5a53|127.0.0.1:15071
2025-10-10 10:37:49,230 [aa9634f0-8836-44d6-bc05-5b19fbdd93d5@group-A002C7D4E542-SegmentedRaftLogWorker] INFO  segmented.SegmentedRaftLogWorker (SegmentedRaftLogWorker.java:execute(647)) - aa9634f0-8836-44d6-bc05-5b19fbdd93d5@group-A002C7D4E542-SegmentedRaftLogWorker: created new log segment /home/runner/work/ozone/ozone/hadoop-ozone/integration-test/target/test-dir/MiniOzoneClusterImpl-611c99c7-d47b-4433-a4ef-cd0a35b076ef/ozone-metadata/datanode-7/ratis/0e451b0a-d61f-4383-be9e-a002c7d4e542/current/log_inprogress_0
2025-10-10 10:37:49,232 [aa9634f0-8836-44d6-bc05-5b19fbdd93d5@group-813C05265458-LeaderElection20-2] INFO  server.GrpcServerProtocolClient (GrpcServerProtocolClient.java:<init>(65)) - Build channel for 895d447a-5476-42e4-b2fa-6eb687701d46|127.0.0.1:15079
2025-10-10 10:37:49,234 [aa9634f0-8836-44d6-bc05-5b19fbdd93d5@group-A002C7D4E542-StateMachineUpdater] INFO  server.RaftServer$Division (LeaderStateImpl.java:checkStartIndex(309)) - Leader aa9634f0-8836-44d6-bc05-5b19fbdd93d5@group-A002C7D4E542-LeaderStateImpl is ready since appliedIndex == startIndex == 0
2025-10-10 10:37:49,242 [grpc-default-executor-1] INFO  server.RaftServer$Division (RaftServerImpl.java:requestVote(1421)) - 895d447a-5476-42e4-b2fa-6eb687701d46@group-813C05265458: receive requestVote(PRE_VOTE, aa9634f0-8836-44d6-bc05-5b19fbdd93d5, group-813C05265458, 0, <PROTO_DEFAULT>)
2025-10-10 10:37:49,242 [grpc-default-executor-1] INFO  impl.VoteContext (VoteContext.java:log(49)) - 895d447a-5476-42e4-b2fa-6eb687701d46@group-813C05265458-FOLLOWER: accept PRE_VOTE from aa9634f0-8836-44d6-bc05-5b19fbdd93d5: our priority 0 <= candidate's priority 1
2025-10-10 10:37:49,242 [grpc-default-executor-1] INFO  server.RaftServer$Division (RaftServerImpl.java:requestVote(1455)) - 895d447a-5476-42e4-b2fa-6eb687701d46@group-813C05265458 replies to PRE_VOTE vote request: aa9634f0-8836-44d6-bc05-5b19fbdd93d5<-895d447a-5476-42e4-b2fa-6eb687701d46#0:OK-t0-last:<INITIAL_VALUE>. Peer's state: 895d447a-5476-42e4-b2fa-6eb687701d46@group-813C05265458:t0, leader=null, voted=, raftlog=Memoized:895d447a-5476-42e4-b2fa-6eb687701d46@group-813C05265458-SegmentedRaftLog:OPENED:c-1:lastnull, conf=conf: {index: -1, cur=peers:[aa9634f0-8836-44d6-bc05-5b19fbdd93d5|127.0.0.1:15063, 36185c6b-22ce-45d1-a622-3a6b487a5a53|127.0.0.1:15071, 895d447a-5476-42e4-b2fa-6eb687701d46|127.0.0.1:15079]|listeners:[], old=null}
2025-10-10 10:37:49,243 [grpc-default-executor-3] INFO  server.RaftServer$Division (RaftServerImpl.java:requestVote(1421)) - 36185c6b-22ce-45d1-a622-3a6b487a5a53@group-813C05265458: receive requestVote(PRE_VOTE, aa9634f0-8836-44d6-bc05-5b19fbdd93d5, group-813C05265458, 0, <PROTO_DEFAULT>)
2025-10-10 10:37:49,244 [grpc-default-executor-3] INFO  impl.VoteContext (VoteContext.java:log(49)) - 36185c6b-22ce-45d1-a622-3a6b487a5a53@group-813C05265458-FOLLOWER: accept PRE_VOTE from aa9634f0-8836-44d6-bc05-5b19fbdd93d5: our priority 0 <= candidate's priority 1
2025-10-10 10:37:49,244 [grpc-default-executor-3] INFO  server.RaftServer$Division (RaftServerImpl.java:requestVote(1455)) - 36185c6b-22ce-45d1-a622-3a6b487a5a53@group-813C05265458 replies to PRE_VOTE vote request: aa9634f0-8836-44d6-bc05-5b19fbdd93d5<-36185c6b-22ce-45d1-a622-3a6b487a5a53#0:OK-t0-last:<INITIAL_VALUE>. Peer's state: 36185c6b-22ce-45d1-a622-3a6b487a5a53@group-813C05265458:t0, leader=null, voted=, raftlog=Memoized:36185c6b-22ce-45d1-a622-3a6b487a5a53@group-813C05265458-SegmentedRaftLog:OPENED:c-1:lastnull, conf=conf: {index: -1, cur=peers:[aa9634f0-8836-44d6-bc05-5b19fbdd93d5|127.0.0.1:15063, 36185c6b-22ce-45d1-a622-3a6b487a5a53|127.0.0.1:15071, 895d447a-5476-42e4-b2fa-6eb687701d46|127.0.0.1:15079]|listeners:[], old=null}
2025-10-10 10:37:49,246 [aa9634f0-8836-44d6-bc05-5b19fbdd93d5@group-813C05265458-LeaderElection20] INFO  impl.LeaderElection (LeaderElection.java:logAndReturn(206)) - aa9634f0-8836-44d6-bc05-5b19fbdd93d5@group-813C05265458-LeaderElection20: PRE_VOTE PASSED received 1 response(s) and 0 exception(s):
2025-10-10 10:37:49,247 [aa9634f0-8836-44d6-bc05-5b19fbdd93d5@group-813C05265458-LeaderElection20] INFO  impl.LeaderElection (LeaderElection.java:logAndReturn(210)) -   Response 0: aa9634f0-8836-44d6-bc05-5b19fbdd93d5<-895d447a-5476-42e4-b2fa-6eb687701d46#0:OK-t0-last:<INITIAL_VALUE>
2025-10-10 10:37:49,247 [aa9634f0-8836-44d6-bc05-5b19fbdd93d5@group-813C05265458-LeaderElection20] INFO  impl.LeaderElection (LeaderElection.java:askForVotes(450)) - aa9634f0-8836-44d6-bc05-5b19fbdd93d5@group-813C05265458-LeaderElection20 PRE_VOTE round 0: result PASSED
2025-10-10 10:37:49,248 [aa9634f0-8836-44d6-bc05-5b19fbdd93d5@group-813C05265458-LeaderElection20] INFO  impl.LeaderElection (LeaderElection.java:askForVotes(448)) - aa9634f0-8836-44d6-bc05-5b19fbdd93d5@group-813C05265458-LeaderElection20 ELECTION round 0: submit vote requests at term 1 for conf: {index: -1, cur=peers:[aa9634f0-8836-44d6-bc05-5b19fbdd93d5|127.0.0.1:15063, 36185c6b-22ce-45d1-a622-3a6b487a5a53|127.0.0.1:15071, 895d447a-5476-42e4-b2fa-6eb687701d46|127.0.0.1:15079]|listeners:[], old=null}
2025-10-10 10:37:49,252 [grpc-default-executor-0] INFO  server.RaftServer$Division (RaftServerImpl.java:requestVote(1421)) - 36185c6b-22ce-45d1-a622-3a6b487a5a53@group-813C05265458: receive requestVote(ELECTION, aa9634f0-8836-44d6-bc05-5b19fbdd93d5, group-813C05265458, 1, <PROTO_DEFAULT>)
2025-10-10 10:37:49,252 [grpc-default-executor-0] INFO  impl.VoteContext (VoteContext.java:log(49)) - 36185c6b-22ce-45d1-a622-3a6b487a5a53@group-813C05265458-FOLLOWER: accept ELECTION from aa9634f0-8836-44d6-bc05-5b19fbdd93d5: our priority 0 <= candidate's priority 1
2025-10-10 10:37:49,252 [grpc-default-executor-0] INFO  server.RaftServer$Division (RaftServerImpl.java:setRole(392)) - 36185c6b-22ce-45d1-a622-3a6b487a5a53@group-813C05265458: changes role from  FOLLOWER to FOLLOWER at term 0 for candidate:aa9634f0-8836-44d6-bc05-5b19fbdd93d5
2025-10-10 10:37:49,252 [grpc-default-executor-0] INFO  impl.RoleInfo (RoleInfo.java:shutdownFollowerState(121)) - 36185c6b-22ce-45d1-a622-3a6b487a5a53: shutdown 36185c6b-22ce-45d1-a622-3a6b487a5a53@group-813C05265458-FollowerState
2025-10-10 10:37:49,252 [grpc-default-executor-0] INFO  impl.RoleInfo (RoleInfo.java:updateAndGet(148)) - 36185c6b-22ce-45d1-a622-3a6b487a5a53: start 36185c6b-22ce-45d1-a622-3a6b487a5a53@group-813C05265458-FollowerState
2025-10-10 10:37:49,253 [36185c6b-22ce-45d1-a622-3a6b487a5a53@group-813C05265458-FollowerState] INFO  impl.FollowerState (FollowerState.java:runImpl(170)) - 36185c6b-22ce-45d1-a622-3a6b487a5a53@group-813C05265458-FollowerState was interrupted
2025-10-10 10:37:49,254 [grpc-default-executor-0] INFO  server.RaftServer$Division (RaftServerImpl.java:setFirstElection(576)) - 36185c6b-22ce-45d1-a622-3a6b487a5a53@group-813C05265458: set firstElectionSinceStartup to false for candidate:aa9634f0-8836-44d6-bc05-5b19fbdd93d5
2025-10-10 10:37:49,254 [grpc-default-executor-1] INFO  server.RaftServer$Division (RaftServerImpl.java:requestVote(1421)) - 895d447a-5476-42e4-b2fa-6eb687701d46@group-813C05265458: receive requestVote(ELECTION, aa9634f0-8836-44d6-bc05-5b19fbdd93d5, group-813C05265458, 1, <PROTO_DEFAULT>)
2025-10-10 10:37:49,254 [grpc-default-executor-1] INFO  impl.VoteContext (VoteContext.java:log(49)) - 895d447a-5476-42e4-b2fa-6eb687701d46@group-813C05265458-FOLLOWER: accept ELECTION from aa9634f0-8836-44d6-bc05-5b19fbdd93d5: our priority 0 <= candidate's priority 1
2025-10-10 10:37:49,254 [grpc-default-executor-1] INFO  server.RaftServer$Division (RaftServerImpl.java:setRole(392)) - 895d447a-5476-42e4-b2fa-6eb687701d46@group-813C05265458: changes role from  FOLLOWER to FOLLOWER at term 0 for candidate:aa9634f0-8836-44d6-bc05-5b19fbdd93d5
2025-10-10 10:37:49,254 [grpc-default-executor-1] INFO  impl.RoleInfo (RoleInfo.java:shutdownFollowerState(121)) - 895d447a-5476-42e4-b2fa-6eb687701d46: shutdown 895d447a-5476-42e4-b2fa-6eb687701d46@group-813C05265458-FollowerState
2025-10-10 10:37:49,254 [grpc-default-executor-1] INFO  impl.RoleInfo (RoleInfo.java:updateAndGet(148)) - 895d447a-5476-42e4-b2fa-6eb687701d46: start 895d447a-5476-42e4-b2fa-6eb687701d46@group-813C05265458-FollowerState
2025-10-10 10:37:49,255 [895d447a-5476-42e4-b2fa-6eb687701d46@group-813C05265458-FollowerState] INFO  impl.FollowerState (FollowerState.java:runImpl(170)) - 895d447a-5476-42e4-b2fa-6eb687701d46@group-813C05265458-FollowerState was interrupted
2025-10-10 10:37:49,255 [grpc-default-executor-1] INFO  server.RaftServer$Division (RaftServerImpl.java:setFirstElection(576)) - 895d447a-5476-42e4-b2fa-6eb687701d46@group-813C05265458: set firstElectionSinceStartup to false for candidate:aa9634f0-8836-44d6-bc05-5b19fbdd93d5
2025-10-10 10:37:49,256 [grpc-default-executor-0] INFO  server.RaftServer$Division (RaftServerImpl.java:requestVote(1455)) - 36185c6b-22ce-45d1-a622-3a6b487a5a53@group-813C05265458 replies to ELECTION vote request: aa9634f0-8836-44d6-bc05-5b19fbdd93d5<-36185c6b-22ce-45d1-a622-3a6b487a5a53#0:OK-t1-last:<INITIAL_VALUE>. Peer's state: 36185c6b-22ce-45d1-a622-3a6b487a5a53@group-813C05265458:t1, leader=null, voted=aa9634f0-8836-44d6-bc05-5b19fbdd93d5, raftlog=Memoized:36185c6b-22ce-45d1-a622-3a6b487a5a53@group-813C05265458-SegmentedRaftLog:OPENED:c-1:lastnull, conf=conf: {index: -1, cur=peers:[aa9634f0-8836-44d6-bc05-5b19fbdd93d5|127.0.0.1:15063, 36185c6b-22ce-45d1-a622-3a6b487a5a53|127.0.0.1:15071, 895d447a-5476-42e4-b2fa-6eb687701d46|127.0.0.1:15079]|listeners:[], old=null}
2025-10-10 10:37:49,258 [grpc-default-executor-1] INFO  server.RaftServer$Division (RaftServerImpl.java:requestVote(1455)) - 895d447a-5476-42e4-b2fa-6eb687701d46@group-813C05265458 replies to ELECTION vote request: aa9634f0-8836-44d6-bc05-5b19fbdd93d5<-895d447a-5476-42e4-b2fa-6eb687701d46#0:OK-t1-last:<INITIAL_VALUE>. Peer's state: 895d447a-5476-42e4-b2fa-6eb687701d46@group-813C05265458:t1, leader=null, voted=aa9634f0-8836-44d6-bc05-5b19fbdd93d5, raftlog=Memoized:895d447a-5476-42e4-b2fa-6eb687701d46@group-813C05265458-SegmentedRaftLog:OPENED:c-1:lastnull, conf=conf: {index: -1, cur=peers:[aa9634f0-8836-44d6-bc05-5b19fbdd93d5|127.0.0.1:15063, 36185c6b-22ce-45d1-a622-3a6b487a5a53|127.0.0.1:15071, 895d447a-5476-42e4-b2fa-6eb687701d46|127.0.0.1:15079]|listeners:[], old=null}
2025-10-10 10:37:49,261 [aa9634f0-8836-44d6-bc05-5b19fbdd93d5@group-813C05265458-LeaderElection20] INFO  impl.LeaderElection (LeaderElection.java:logAndReturn(206)) - aa9634f0-8836-44d6-bc05-5b19fbdd93d5@group-813C05265458-LeaderElection20: ELECTION PASSED received 1 response(s) and 0 exception(s):
2025-10-10 10:37:49,261 [aa9634f0-8836-44d6-bc05-5b19fbdd93d5@group-813C05265458-LeaderElection20] INFO  impl.LeaderElection (LeaderElection.java:logAndReturn(210)) -   Response 0: aa9634f0-8836-44d6-bc05-5b19fbdd93d5<-36185c6b-22ce-45d1-a622-3a6b487a5a53#0:OK-t1-last:<INITIAL_VALUE>
2025-10-10 10:37:49,261 [aa9634f0-8836-44d6-bc05-5b19fbdd93d5@group-813C05265458-LeaderElection20] INFO  impl.LeaderElection (LeaderElection.java:askForVotes(450)) - aa9634f0-8836-44d6-bc05-5b19fbdd93d5@group-813C05265458-LeaderElection20 ELECTION round 0: result PASSED
2025-10-10 10:37:49,261 [aa9634f0-8836-44d6-bc05-5b19fbdd93d5@group-813C05265458-LeaderElection20] INFO  impl.RoleInfo (RoleInfo.java:shutdownLeaderElection(141)) - aa9634f0-8836-44d6-bc05-5b19fbdd93d5: shutdown aa9634f0-8836-44d6-bc05-5b19fbdd93d5@group-813C05265458-LeaderElection20
2025-10-10 10:37:49,261 [aa9634f0-8836-44d6-bc05-5b19fbdd93d5@group-813C05265458-LeaderElection20] INFO  server.RaftServer$Division (RaftServerImpl.java:setRole(392)) - aa9634f0-8836-44d6-bc05-5b19fbdd93d5@group-813C05265458: changes role from CANDIDATE to LEADER at term 1 for changeToLeader
2025-10-10 10:37:49,261 [aa9634f0-8836-44d6-bc05-5b19fbdd93d5@group-813C05265458-LeaderElection20] INFO  server.RaftServerConfigKeys (ConfUtils.java:logFallback(69)) - raft.server.staging.timeout = 3600ms (fallback to raft.server.rpc.timeout.max)
2025-10-10 10:37:49,262 [aa9634f0-8836-44d6-bc05-5b19fbdd93d5@group-813C05265458-LeaderElection20] INFO  server.RaftServerConfigKeys (ConfUtils.java:logGet(62)) - raft.server.write.byte-limit = 1024 M (=1073741824) (custom)
2025-10-10 10:37:49,263 [aa9634f0-8836-44d6-bc05-5b19fbdd93d5@group-813C05265458-LeaderElection20] INFO  server.RaftServerConfigKeys (ConfUtils.java:logGet(62)) - raft.server.log.appender.buffer.byte-limit = 33554432 (custom)
2025-10-10 10:37:49,267 [aa9634f0-8836-44d6-bc05-5b19fbdd93d5@group-813C05265458-LeaderElection20] INFO  server.RaftServerConfigKeys (ConfUtils.java:logGet(62)) - raft.server.log.appender.buffer.byte-limit = 33554432 (custom)
2025-10-10 10:37:49,268 [aa9634f0-8836-44d6-bc05-5b19fbdd93d5@group-813C05265458-LeaderElection20] INFO  impl.RoleInfo (RoleInfo.java:updateAndGet(148)) - aa9634f0-8836-44d6-bc05-5b19fbdd93d5: start aa9634f0-8836-44d6-bc05-5b19fbdd93d5@group-813C05265458-LeaderStateImpl
2025-10-10 10:37:49,269 [aa9634f0-8836-44d6-bc05-5b19fbdd93d5@group-813C05265458-LeaderElection20] INFO  server.RaftServer$Division (RaftServerImpl.java:setFirstElection(576)) - aa9634f0-8836-44d6-bc05-5b19fbdd93d5@group-813C05265458: set firstElectionSinceStartup to false for becomeLeader
2025-10-10 10:37:49,269 [aa9634f0-8836-44d6-bc05-5b19fbdd93d5@group-813C05265458-LeaderElection20] INFO  ratis.XceiverServerRatis (XceiverServerRatis.java:handleLeaderChangedNotification(940)) - Leader change notification received for group: group-813C05265458 with new leaderId: aa9634f0-8836-44d6-bc05-5b19fbdd93d5
2025-10-10 10:37:49,270 [aa9634f0-8836-44d6-bc05-5b19fbdd93d5@group-813C05265458-LeaderElection20] INFO  server.RaftServer$Division (ServerState.java:setLeader(272)) - aa9634f0-8836-44d6-bc05-5b19fbdd93d5@group-813C05265458: change Leader from null to aa9634f0-8836-44d6-bc05-5b19fbdd93d5 at term 1 for becomeLeader, leader elected after 1133ms
2025-10-10 10:37:49,270 [aa9634f0-8836-44d6-bc05-5b19fbdd93d5@group-813C05265458-LeaderElection20] INFO  segmented.SegmentedRaftLogWorker (SegmentedRaftLogWorker.java:startLogSegment(440)) - aa9634f0-8836-44d6-bc05-5b19fbdd93d5@group-813C05265458-SegmentedRaftLogWorker: Starting segment from index:0
2025-10-10 10:37:49,271 [aa9634f0-8836-44d6-bc05-5b19fbdd93d5@group-813C05265458-LeaderElection20] INFO  server.RaftServer$Division (ServerState.java:setRaftConf(386)) - aa9634f0-8836-44d6-bc05-5b19fbdd93d5@group-813C05265458: set configuration conf: {index: 0, cur=peers:[aa9634f0-8836-44d6-bc05-5b19fbdd93d5|127.0.0.1:15063, 36185c6b-22ce-45d1-a622-3a6b487a5a53|127.0.0.1:15071, 895d447a-5476-42e4-b2fa-6eb687701d46|127.0.0.1:15079]|listeners:[], old=null}
2025-10-10 10:37:49,272 [aa9634f0-8836-44d6-bc05-5b19fbdd93d5@group-6EF60CB14872-FollowerState] INFO  impl.FollowerState (FollowerState.java:runImpl(161)) - aa9634f0-8836-44d6-bc05-5b19fbdd93d5@group-6EF60CB14872-FollowerState: change to CANDIDATE, lastRpcElapsedTime:1006822188ns, electionTimeout:1005ms
2025-10-10 10:37:49,272 [aa9634f0-8836-44d6-bc05-5b19fbdd93d5@group-6EF60CB14872-FollowerState] INFO  impl.RoleInfo (RoleInfo.java:shutdownFollowerState(121)) - aa9634f0-8836-44d6-bc05-5b19fbdd93d5: shutdown aa9634f0-8836-44d6-bc05-5b19fbdd93d5@group-6EF60CB14872-FollowerState
2025-10-10 10:37:49,272 [aa9634f0-8836-44d6-bc05-5b19fbdd93d5@group-6EF60CB14872-FollowerState] INFO  server.RaftServer$Division (RaftServerImpl.java:setRole(392)) - aa9634f0-8836-44d6-bc05-5b19fbdd93d5@group-6EF60CB14872: changes role from  FOLLOWER to CANDIDATE at term 0 for changeToCandidate
2025-10-10 10:37:49,273 [aa9634f0-8836-44d6-bc05-5b19fbdd93d5@group-6EF60CB14872-FollowerState] INFO  impl.RoleInfo (RoleInfo.java:updateAndGet(148)) - aa9634f0-8836-44d6-bc05-5b19fbdd93d5: start aa9634f0-8836-44d6-bc05-5b19fbdd93d5@group-6EF60CB14872-LeaderElection21
2025-10-10 10:37:49,272 [aa9634f0-8836-44d6-bc05-5b19fbdd93d5@group-813C05265458-SegmentedRaftLogWorker] INFO  segmented.BufferedWriteChannel (BufferedWriteChannel.java:open(61)) - open log_inprogress_0 at position 0
2025-10-10 10:37:49,275 [aa9634f0-8836-44d6-bc05-5b19fbdd93d5@group-6EF60CB14872-LeaderElection21] INFO  impl.LeaderElection (LeaderElection.java:askForVotes(448)) - aa9634f0-8836-44d6-bc05-5b19fbdd93d5@group-6EF60CB14872-LeaderElection21 PRE_VOTE round 0: submit vote requests at term 0 for conf: {index: -1, cur=peers:[aa9634f0-8836-44d6-bc05-5b19fbdd93d5|127.0.0.1:15063, 36185c6b-22ce-45d1-a622-3a6b487a5a53|127.0.0.1:15071, 895d447a-5476-42e4-b2fa-6eb687701d46|127.0.0.1:15079]|listeners:[], old=null}
2025-10-10 10:37:49,277 [EventQueue-PipelineReportForPipelineReportHandler] INFO  pipeline.PipelineReportHandler (PipelineReportHandler.java:processPipelineReport(132)) - Opened pipeline Pipeline-e51e4850-930a-48f3-bb77-813c05265458
2025-10-10 10:37:49,281 [ForkJoinPool-1-worker-1] INFO  ozoneimpl.OzoneContainer (OzoneContainer.java:stop(549)) - Attempting to stop container services.
2025-10-10 10:37:49,282 [ContainerMetadataScanner] WARN  ozoneimpl.AbstractBackgroundContainerScanner (AbstractBackgroundContainerScanner.java:handleRemainingSleep(136)) - Background container scan was interrupted.
2025-10-10 10:37:49,283 [ContainerMetadataScanner] INFO  ozoneimpl.AbstractBackgroundContainerScanner (AbstractBackgroundContainerScanner.java:run(63)) - org.apache.hadoop.ozone.container.ozoneimpl.BackgroundContainerMetadataScanner@959fb23 exiting.
2025-10-10 10:37:49,284 [ForkJoinPool-1-worker-1] INFO  ozoneimpl.BackgroundContainerDataScanner (BackgroundContainerDataScanner.java:shutdown(87)) - ContainerDataScanner(/home/runner/work/ozone/ozone/hadoop-ozone/integration-test/target/test-dir/MiniOzoneClusterImpl-611c99c7-d47b-4433-a4ef-cd0a35b076ef/ozone-metadata/datanode-3/data-0/hdds) is shutting down. 
2025-10-10 10:37:49,285 [grpc-default-executor-3] INFO  ratis.XceiverServerRatis (XceiverServerRatis.java:handleLeaderChangedNotification(940)) - Leader change notification received for group: group-813C05265458 with new leaderId: aa9634f0-8836-44d6-bc05-5b19fbdd93d5
2025-10-10 10:37:49,285 [grpc-default-executor-3] INFO  server.RaftServer$Division (ServerState.java:setLeader(272)) - 36185c6b-22ce-45d1-a622-3a6b487a5a53@group-813C05265458: change Leader from null to aa9634f0-8836-44d6-bc05-5b19fbdd93d5 at term 1 for appendEntries, leader elected after 1099ms
2025-10-10 10:37:49,285 [grpc-default-executor-1] INFO  ratis.XceiverServerRatis (XceiverServerRatis.java:handleLeaderChangedNotification(940)) - Leader change notification received for group: group-813C05265458 with new leaderId: aa9634f0-8836-44d6-bc05-5b19fbdd93d5
2025-10-10 10:37:49,285 [grpc-default-executor-1] INFO  server.RaftServer$Division (ServerState.java:setLeader(272)) - 895d447a-5476-42e4-b2fa-6eb687701d46@group-813C05265458: change Leader from null to aa9634f0-8836-44d6-bc05-5b19fbdd93d5 at term 1 for appendEntries, leader elected after 1065ms
2025-10-10 10:37:49,285 [grpc-default-executor-3] INFO  server.RaftServer$Division (ServerState.java:setRaftConf(386)) - 36185c6b-22ce-45d1-a622-3a6b487a5a53@group-813C05265458: set configuration conf: {index: 0, cur=peers:[aa9634f0-8836-44d6-bc05-5b19fbdd93d5|127.0.0.1:15063, 36185c6b-22ce-45d1-a622-3a6b487a5a53|127.0.0.1:15071, 895d447a-5476-42e4-b2fa-6eb687701d46|127.0.0.1:15079]|listeners:[], old=null}
2025-10-10 10:37:49,286 [grpc-default-executor-0] INFO  server.RaftServer$Division (ServerState.java:setRaftConf(386)) - 895d447a-5476-42e4-b2fa-6eb687701d46@group-813C05265458: set configuration conf: {index: 0, cur=peers:[aa9634f0-8836-44d6-bc05-5b19fbdd93d5|127.0.0.1:15063, 36185c6b-22ce-45d1-a622-3a6b487a5a53|127.0.0.1:15071, 895d447a-5476-42e4-b2fa-6eb687701d46|127.0.0.1:15079]|listeners:[], old=null}
2025-10-10 10:37:49,286 [grpc-default-executor-0] INFO  segmented.SegmentedRaftLogWorker (SegmentedRaftLogWorker.java:startLogSegment(440)) - 895d447a-5476-42e4-b2fa-6eb687701d46@group-813C05265458-SegmentedRaftLogWorker: Starting segment from index:0
2025-10-10 10:37:49,286 [grpc-default-executor-4] INFO  server.RaftServer$Division (RaftServerImpl.java:requestVote(1421)) - 36185c6b-22ce-45d1-a622-3a6b487a5a53@group-6EF60CB14872: receive requestVote(PRE_VOTE, aa9634f0-8836-44d6-bc05-5b19fbdd93d5, group-6EF60CB14872, 0, <PROTO_DEFAULT>)
2025-10-10 10:37:49,286 [grpc-default-executor-4] INFO  impl.VoteContext (VoteContext.java:log(49)) - 36185c6b-22ce-45d1-a622-3a6b487a5a53@group-6EF60CB14872-FOLLOWER: reject PRE_VOTE from aa9634f0-8836-44d6-bc05-5b19fbdd93d5: our priority 1 > candidate's priority 0
2025-10-10 10:37:49,286 [grpc-default-executor-4] INFO  server.RaftServer$Division (RaftServerImpl.java:requestVote(1455)) - 36185c6b-22ce-45d1-a622-3a6b487a5a53@group-6EF60CB14872 replies to PRE_VOTE vote request: aa9634f0-8836-44d6-bc05-5b19fbdd93d5<-36185c6b-22ce-45d1-a622-3a6b487a5a53#0:FAIL-t0-last:<INITIAL_VALUE>. Peer's state: 36185c6b-22ce-45d1-a622-3a6b487a5a53@group-6EF60CB14872:t0, leader=null, voted=, raftlog=Memoized:36185c6b-22ce-45d1-a622-3a6b487a5a53@group-6EF60CB14872-SegmentedRaftLog:OPENED:c-1:lastnull, conf=conf: {index: -1, cur=peers:[aa9634f0-8836-44d6-bc05-5b19fbdd93d5|127.0.0.1:15063, 36185c6b-22ce-45d1-a622-3a6b487a5a53|127.0.0.1:15071, 895d447a-5476-42e4-b2fa-6eb687701d46|127.0.0.1:15079]|listeners:[], old=null}
2025-10-10 10:37:49,286 [895d447a-5476-42e4-b2fa-6eb687701d46@group-813C05265458-SegmentedRaftLogWorker] INFO  segmented.BufferedWriteChannel (BufferedWriteChannel.java:open(61)) - open log_inprogress_0 at position 0
2025-10-10 10:37:49,286 [grpc-default-executor-3] INFO  segmented.SegmentedRaftLogWorker (SegmentedRaftLogWorker.java:startLogSegment(440)) - 36185c6b-22ce-45d1-a622-3a6b487a5a53@group-813C05265458-SegmentedRaftLogWorker: Starting segment from index:0
2025-10-10 10:37:49,287 [grpc-default-executor-6] INFO  server.RaftServer$Division (RaftServerImpl.java:requestVote(1421)) - 895d447a-5476-42e4-b2fa-6eb687701d46@group-6EF60CB14872: receive requestVote(PRE_VOTE, aa9634f0-8836-44d6-bc05-5b19fbdd93d5, group-6EF60CB14872, 0, <PROTO_DEFAULT>)
2025-10-10 10:37:49,288 [grpc-default-executor-6] INFO  impl.VoteContext (VoteContext.java:log(49)) - 895d447a-5476-42e4-b2fa-6eb687701d46@group-6EF60CB14872-FOLLOWER: accept PRE_VOTE from aa9634f0-8836-44d6-bc05-5b19fbdd93d5: our priority 0 <= candidate's priority 0
2025-10-10 10:37:49,288 [grpc-default-executor-6] INFO  server.RaftServer$Division (RaftServerImpl.java:requestVote(1455)) - 895d447a-5476-42e4-b2fa-6eb687701d46@group-6EF60CB14872 replies to PRE_VOTE vote request: aa9634f0-8836-44d6-bc05-5b19fbdd93d5<-895d447a-5476-42e4-b2fa-6eb687701d46#0:OK-t0-last:<INITIAL_VALUE>. Peer's state: 895d447a-5476-42e4-b2fa-6eb687701d46@group-6EF60CB14872:t0, leader=null, voted=, raftlog=Memoized:895d447a-5476-42e4-b2fa-6eb687701d46@group-6EF60CB14872-SegmentedRaftLog:OPENED:c-1:lastnull, conf=conf: {index: -1, cur=peers:[aa9634f0-8836-44d6-bc05-5b19fbdd93d5|127.0.0.1:15063, 36185c6b-22ce-45d1-a622-3a6b487a5a53|127.0.0.1:15071, 895d447a-5476-42e4-b2fa-6eb687701d46|127.0.0.1:15079]|listeners:[], old=null}
2025-10-10 10:37:49,287 [ContainerDataScanner(/home/runner/work/ozone/ozone/hadoop-ozone/integration-test/target/test-dir/MiniOzoneClusterImpl-611c99c7-d47b-4433-a4ef-cd0a35b076ef/ozone-metadata/datanode-3/data-0/hdds)] WARN  ozoneimpl.AbstractBackgroundContainerScanner (AbstractBackgroundContainerScanner.java:handleRemainingSleep(136)) - Background container scan was interrupted.
2025-10-10 10:37:49,290 [ContainerDataScanner(/home/runner/work/ozone/ozone/hadoop-ozone/integration-test/target/test-dir/MiniOzoneClusterImpl-611c99c7-d47b-4433-a4ef-cd0a35b076ef/ozone-metadata/datanode-3/data-0/hdds)] INFO  ozoneimpl.AbstractBackgroundContainerScanner (AbstractBackgroundContainerScanner.java:run(63)) - ContainerDataScanner(/home/runner/work/ozone/ozone/hadoop-ozone/integration-test/target/test-dir/MiniOzoneClusterImpl-611c99c7-d47b-4433-a4ef-cd0a35b076ef/ozone-metadata/datanode-3/data-0/hdds, DS-96d12f97-f01f-4e1a-aadc-cb85e2aa7b77) exiting.
2025-10-10 10:37:49,290 [ForkJoinPool-1-worker-1] INFO  ozoneimpl.OnDemandContainerScanner (OnDemandContainerScanner.java:shutdown(141)) - On-demand container scanner is shutting down.
2025-10-10 10:37:49,291 [aa9634f0-8836-44d6-bc05-5b19fbdd93d5@group-6EF60CB14872-LeaderElection21] INFO  impl.LeaderElection (LeaderElection.java:logAndReturn(206)) - aa9634f0-8836-44d6-bc05-5b19fbdd93d5@group-6EF60CB14872-LeaderElection21: PRE_VOTE REJECTED received 2 response(s) and 0 exception(s):
2025-10-10 10:37:49,291 [aa9634f0-8836-44d6-bc05-5b19fbdd93d5@group-6EF60CB14872-LeaderElection21] INFO  impl.LeaderElection (LeaderElection.java:logAndReturn(210)) -   Response 0: aa9634f0-8836-44d6-bc05-5b19fbdd93d5<-36185c6b-22ce-45d1-a622-3a6b487a5a53#0:FAIL-t0-last:<INITIAL_VALUE>
2025-10-10 10:37:49,292 [aa9634f0-8836-44d6-bc05-5b19fbdd93d5@group-6EF60CB14872-LeaderElection21] INFO  impl.LeaderElection (LeaderElection.java:logAndReturn(210)) -   Response 1: aa9634f0-8836-44d6-bc05-5b19fbdd93d5<-895d447a-5476-42e4-b2fa-6eb687701d46#0:OK-t0-last:<INITIAL_VALUE>
2025-10-10 10:37:49,292 [aa9634f0-8836-44d6-bc05-5b19fbdd93d5@group-6EF60CB14872-LeaderElection21] INFO  impl.LeaderElection (LeaderElection.java:askForVotes(450)) - aa9634f0-8836-44d6-bc05-5b19fbdd93d5@group-6EF60CB14872-LeaderElection21 PRE_VOTE round 0: result REJECTED
2025-10-10 10:37:49,292 [aa9634f0-8836-44d6-bc05-5b19fbdd93d5@group-6EF60CB14872-LeaderElection21] INFO  server.RaftServer$Division (RaftServerImpl.java:setRole(392)) - aa9634f0-8836-44d6-bc05-5b19fbdd93d5@group-6EF60CB14872: changes role from CANDIDATE to FOLLOWER at term 0 for REJECTED
2025-10-10 10:37:49,292 [aa9634f0-8836-44d6-bc05-5b19fbdd93d5@group-6EF60CB14872-LeaderElection21] INFO  impl.RoleInfo (RoleInfo.java:shutdownLeaderElection(141)) - aa9634f0-8836-44d6-bc05-5b19fbdd93d5: shutdown aa9634f0-8836-44d6-bc05-5b19fbdd93d5@group-6EF60CB14872-LeaderElection21
2025-10-10 10:37:49,292 [aa9634f0-8836-44d6-bc05-5b19fbdd93d5@group-6EF60CB14872-LeaderElection21] INFO  impl.RoleInfo (RoleInfo.java:updateAndGet(148)) - aa9634f0-8836-44d6-bc05-5b19fbdd93d5: start aa9634f0-8836-44d6-bc05-5b19fbdd93d5@group-6EF60CB14872-FollowerState
2025-10-10 10:37:49,289 [36185c6b-22ce-45d1-a622-3a6b487a5a53@group-813C05265458-SegmentedRaftLogWorker] INFO  segmented.BufferedWriteChannel (BufferedWriteChannel.java:open(61)) - open log_inprogress_0 at position 0
2025-10-10 10:37:49,288 [aa9634f0-8836-44d6-bc05-5b19fbdd93d5@group-813C05265458-SegmentedRaftLogWorker] INFO  segmented.SegmentedRaftLogWorker (SegmentedRaftLogWorker.java:execute(647)) - aa9634f0-8836-44d6-bc05-5b19fbdd93d5@group-813C05265458-SegmentedRaftLogWorker: created new log segment /home/runner/work/ozone/ozone/hadoop-ozone/integration-test/target/test-dir/MiniOzoneClusterImpl-611c99c7-d47b-4433-a4ef-cd0a35b076ef/ozone-metadata/datanode-7/ratis/e51e4850-930a-48f3-bb77-813c05265458/current/log_inprogress_0
2025-10-10 10:37:49,295 [aa9634f0-8836-44d6-bc05-5b19fbdd93d5@group-6EF60CB14872-LeaderElection21] INFO  server.RaftServer$Division (RaftServerImpl.java:setFirstElection(576)) - aa9634f0-8836-44d6-bc05-5b19fbdd93d5@group-6EF60CB14872: set firstElectionSinceStartup to false for REJECTED
2025-10-10 10:37:49,296 [895d447a-5476-42e4-b2fa-6eb687701d46@group-813C05265458-SegmentedRaftLogWorker] INFO  segmented.SegmentedRaftLogWorker (SegmentedRaftLogWorker.java:execute(647)) - 895d447a-5476-42e4-b2fa-6eb687701d46@group-813C05265458-SegmentedRaftLogWorker: created new log segment /home/runner/work/ozone/ozone/hadoop-ozone/integration-test/target/test-dir/MiniOzoneClusterImpl-611c99c7-d47b-4433-a4ef-cd0a35b076ef/ozone-metadata/datanode-9/ratis/e51e4850-930a-48f3-bb77-813c05265458/current/log_inprogress_0
2025-10-10 10:37:49,298 [ForkJoinPool-1-worker-1] INFO  ratis.XceiverServerRatis (XceiverServerRatis.java:stop(594)) - Closing XceiverServerRatis(bb95c33f-a3cb-4bbe-957e-8163c1fc1114)
2025-10-10 10:37:49,298 [ForkJoinPool-1-worker-1] INFO  server.RaftServer (RaftServerProxy.java:lambda$close$9(422)) - bb95c33f-a3cb-4bbe-957e-8163c1fc1114: close
2025-10-10 10:37:49,299 [bb95c33f-a3cb-4bbe-957e-8163c1fc1114-impl-thread1] INFO  server.RaftServer$Division (RaftServerImpl.java:lambda$close$1(527)) - bb95c33f-a3cb-4bbe-957e-8163c1fc1114@group-63ACBE5F7EDA: shutdown
2025-10-10 10:37:49,299 [bb95c33f-a3cb-4bbe-957e-8163c1fc1114-impl-thread1] INFO  util.JmxRegister (JmxRegister.java:unregister(74)) - Successfully un-registered JMX Bean with object name Ratis:service=RaftServer,group=group-63ACBE5F7EDA,id=bb95c33f-a3cb-4bbe-957e-8163c1fc1114
2025-10-10 10:37:49,300 [bb95c33f-a3cb-4bbe-957e-8163c1fc1114-impl-thread2] INFO  server.RaftServer$Division (RaftServerImpl.java:lambda$close$1(527)) - bb95c33f-a3cb-4bbe-957e-8163c1fc1114@group-7E155E250634: shutdown
2025-10-10 10:37:49,300 [bb95c33f-a3cb-4bbe-957e-8163c1fc1114-impl-thread3] INFO  server.RaftServer$Division (RaftServerImpl.java:lambda$close$1(527)) - bb95c33f-a3cb-4bbe-957e-8163c1fc1114@group-FF215623FAB7: shutdown
2025-10-10 10:37:49,300 [bb95c33f-a3cb-4bbe-957e-8163c1fc1114-impl-thread3] INFO  util.JmxRegister (JmxRegister.java:unregister(74)) - Successfully un-registered JMX Bean with object name Ratis:service=RaftServer,group=group-FF215623FAB7,id=bb95c33f-a3cb-4bbe-957e-8163c1fc1114
2025-10-10 10:37:49,300 [bb95c33f-a3cb-4bbe-957e-8163c1fc1114-impl-thread3] INFO  impl.RoleInfo (RoleInfo.java:shutdownLeaderState(103)) - bb95c33f-a3cb-4bbe-957e-8163c1fc1114: shutdown bb95c33f-a3cb-4bbe-957e-8163c1fc1114@group-FF215623FAB7-LeaderStateImpl
2025-10-10 10:37:49,300 [36185c6b-22ce-45d1-a622-3a6b487a5a53@group-813C05265458-SegmentedRaftLogWorker] INFO  segmented.SegmentedRaftLogWorker (SegmentedRaftLogWorker.java:execute(647)) - 36185c6b-22ce-45d1-a622-3a6b487a5a53@group-813C05265458-SegmentedRaftLogWorker: created new log segment /home/runner/work/ozone/ozone/hadoop-ozone/integration-test/target/test-dir/MiniOzoneClusterImpl-611c99c7-d47b-4433-a4ef-cd0a35b076ef/ozone-metadata/datanode-8/ratis/e51e4850-930a-48f3-bb77-813c05265458/current/log_inprogress_0
2025-10-10 10:37:49,300 [bb95c33f-a3cb-4bbe-957e-8163c1fc1114-impl-thread3] INFO  impl.PendingRequests (PendingRequests.java:sendNotLeaderResponses(287)) - bb95c33f-a3cb-4bbe-957e-8163c1fc1114@group-FF215623FAB7-PendingRequests: sendNotLeaderResponses
2025-10-10 10:37:49,301 [ForkJoinPool-1-worker-1] INFO  server.GrpcServicesImpl (GrpcServicesImpl.java:closeImpl(355)) - bb95c33f-a3cb-4bbe-957e-8163c1fc1114: shutdown server org.apache.ratis.grpc.server.GrpcClientProtocolService now
2025-10-10 10:37:49,300 [bb95c33f-a3cb-4bbe-957e-8163c1fc1114-impl-thread1] INFO  impl.RoleInfo (RoleInfo.java:shutdownFollowerState(121)) - bb95c33f-a3cb-4bbe-957e-8163c1fc1114: shutdown bb95c33f-a3cb-4bbe-957e-8163c1fc1114@group-63ACBE5F7EDA-FollowerState
2025-10-10 10:37:49,301 [bb95c33f-a3cb-4bbe-957e-8163c1fc1114-impl-thread1] INFO  impl.StateMachineUpdater (StateMachineUpdater.java:stopAndJoin(163)) - bb95c33f-a3cb-4bbe-957e-8163c1fc1114@group-63ACBE5F7EDA-StateMachineUpdater: set stopIndex = 0
2025-10-10 10:37:49,301 [bb95c33f-a3cb-4bbe-957e-8163c1fc1114@group-63ACBE5F7EDA-StateMachineUpdater] INFO  ratis.ContainerStateMachine (ContainerStateMachine.java:takeSnapshot(427)) - group-63ACBE5F7EDA: Taking a snapshot at:(t:1, i:0) file /home/runner/work/ozone/ozone/hadoop-ozone/integration-test/target/test-dir/MiniOzoneClusterImpl-611c99c7-d47b-4433-a4ef-cd0a35b076ef/ozone-metadata/datanode-3/ratis/c1a6ce75-0ec5-4b07-b27a-63acbe5f7eda/sm/snapshot.1_0
2025-10-10 10:37:49,302 [bb95c33f-a3cb-4bbe-957e-8163c1fc1114@group-63ACBE5F7EDA-FollowerState] INFO  impl.FollowerState (FollowerState.java:runImpl(170)) - bb95c33f-a3cb-4bbe-957e-8163c1fc1114@group-63ACBE5F7EDA-FollowerState was interrupted
2025-10-10 10:37:49,302 [aa9634f0-8836-44d6-bc05-5b19fbdd93d5@group-813C05265458-StateMachineUpdater] INFO  server.RaftServer$Division (LeaderStateImpl.java:checkStartIndex(309)) - Leader aa9634f0-8836-44d6-bc05-5b19fbdd93d5@group-813C05265458-LeaderStateImpl is ready since appliedIndex == startIndex == 0
2025-10-10 10:37:49,300 [bb95c33f-a3cb-4bbe-957e-8163c1fc1114-impl-thread2] INFO  util.JmxRegister (JmxRegister.java:unregister(74)) - Successfully un-registered JMX Bean with object name Ratis:service=RaftServer,group=group-7E155E250634,id=bb95c33f-a3cb-4bbe-957e-8163c1fc1114
2025-10-10 10:37:49,302 [bb95c33f-a3cb-4bbe-957e-8163c1fc1114-impl-thread2] INFO  impl.RoleInfo (RoleInfo.java:shutdownLeaderState(103)) - bb95c33f-a3cb-4bbe-957e-8163c1fc1114: shutdown bb95c33f-a3cb-4bbe-957e-8163c1fc1114@group-7E155E250634-LeaderStateImpl
2025-10-10 10:37:49,304 [bb95c33f-a3cb-4bbe-957e-8163c1fc1114@group-7E155E250634->43369f36-6a0f-45ae-a8eb-f0d390948370-GrpcLogAppender-LogAppenderDaemon] WARN  server.GrpcLogAppender (GrpcLogAppender.java:mayWait(300)) - bb95c33f-a3cb-4bbe-957e-8163c1fc1114@group-7E155E250634->43369f36-6a0f-45ae-a8eb-f0d390948370-GrpcLogAppender: Wait interrupted by java.lang.InterruptedException
2025-10-10 10:37:49,304 [bb95c33f-a3cb-4bbe-957e-8163c1fc1114-impl-thread2] INFO  impl.PendingRequests (PendingRequests.java:sendNotLeaderResponses(287)) - bb95c33f-a3cb-4bbe-957e-8163c1fc1114@group-7E155E250634-PendingRequests: sendNotLeaderResponses
2025-10-10 10:37:49,305 [bb95c33f-a3cb-4bbe-957e-8163c1fc1114@group-7E155E250634->1a301c79-b9ef-44e0-a0ae-b339f61819a5-GrpcLogAppender-LogAppenderDaemon] WARN  server.GrpcLogAppender (GrpcLogAppender.java:mayWait(300)) - bb95c33f-a3cb-4bbe-957e-8163c1fc1114@group-7E155E250634->1a301c79-b9ef-44e0-a0ae-b339f61819a5-GrpcLogAppender: Wait interrupted by java.lang.InterruptedException
2025-10-10 10:37:49,306 [Thread-1010] INFO  server.GrpcServerProtocolClient (GrpcServerProtocolClient.java:close(105)) - 43369f36-6a0f-45ae-a8eb-f0d390948370 Close channels
2025-10-10 10:37:49,306 [Thread-1009] INFO  server.GrpcServerProtocolClient (GrpcServerProtocolClient.java:close(105)) - 1a301c79-b9ef-44e0-a0ae-b339f61819a5 Close channels
2025-10-10 10:37:49,307 [bb95c33f-a3cb-4bbe-957e-8163c1fc1114@group-FF215623FAB7-StateMachineUpdater] INFO  ratis.ContainerStateMachine (ContainerStateMachine.java:takeSnapshot(427)) - group-FF215623FAB7: Taking a snapshot at:(t:1, i:0) file /home/runner/work/ozone/ozone/hadoop-ozone/integration-test/target/test-dir/MiniOzoneClusterImpl-611c99c7-d47b-4433-a4ef-cd0a35b076ef/ozone-metadata/datanode-3/ratis/383f4c41-c860-4c85-a7b1-ff215623fab7/sm/snapshot.1_0
2025-10-10 10:37:49,308 [grpc-default-executor-4] INFO  server.GrpcServerProtocolService (GrpcServerProtocolService.java:lambda$onCompleted$6(171)) - 43369f36-6a0f-45ae-a8eb-f0d390948370: Completed APPEND_ENTRIES, lastRequest: bb95c33f-a3cb-4bbe-957e-8163c1fc1114->43369f36-6a0f-45ae-a8eb-f0d390948370#8-t1,previous=(t:1, i:3),leaderCommit=2,initializing? false,entries: size=1, first=(t:1, i:4), METADATAENTRY(c:2) 
2025-10-10 10:37:49,308 [bb95c33f-a3cb-4bbe-957e-8163c1fc1114-impl-thread3] INFO  impl.StateMachineUpdater (StateMachineUpdater.java:stopAndJoin(163)) - bb95c33f-a3cb-4bbe-957e-8163c1fc1114@group-FF215623FAB7-StateMachineUpdater: set stopIndex = 0
2025-10-10 10:37:49,308 [grpc-default-executor-6] INFO  server.GrpcServerProtocolService (GrpcServerProtocolService.java:lambda$onCompleted$6(171)) - 1a301c79-b9ef-44e0-a0ae-b339f61819a5: Completed APPEND_ENTRIES, lastRequest: null 
2025-10-10 10:37:49,310 [bb95c33f-a3cb-4bbe-957e-8163c1fc1114-impl-thread2] INFO  impl.StateMachineUpdater (StateMachineUpdater.java:stopAndJoin(163)) - bb95c33f-a3cb-4bbe-957e-8163c1fc1114@group-7E155E250634-StateMachineUpdater: set stopIndex = 4
2025-10-10 10:37:49,311 [grpc-default-executor-4] INFO  server.GrpcServerProtocolService (GrpcServerProtocolService.java:lambda$null$7(175)) - 43369f36-6a0f-45ae-a8eb-f0d390948370: Completed APPEND_ENTRIES, lastReply: null 
2025-10-10 10:37:49,311 [grpc-default-executor-3] WARN  server.GrpcClientProtocolService (LogUtils.java:warn(127)) - 0-OrderedRequestStreamObserver0: onError: org.apache.ratis.thirdparty.io.grpc.StatusRuntimeException: CANCELLED: client cancelled
2025-10-10 10:37:49,311 [bb95c33f-a3cb-4bbe-957e-8163c1fc1114@group-7E155E250634-StateMachineUpdater] INFO  ratis.ContainerStateMachine (ContainerStateMachine.java:takeSnapshot(427)) - group-7E155E250634: Taking a snapshot at:(t:1, i:4) file /home/runner/work/ozone/ozone/hadoop-ozone/integration-test/target/test-dir/MiniOzoneClusterImpl-611c99c7-d47b-4433-a4ef-cd0a35b076ef/ozone-metadata/datanode-3/ratis/6f49885d-a34d-467d-8256-7e155e250634/sm/snapshot.1_4
2025-10-10 10:37:49,312 [grpc-default-executor-4] INFO  server.GrpcLogAppender (GrpcLogAppender.java:onCompleted(558)) - bb95c33f-a3cb-4bbe-957e-8163c1fc1114@group-7E155E250634->43369f36-6a0f-45ae-a8eb-f0d390948370-AppendLogResponseHandler: follower responses appendEntries COMPLETED
2025-10-10 10:37:49,312 [grpc-default-executor-4] WARN  server.GrpcLogAppender (GrpcLogAppender.java:resetClient(237)) - bb95c33f-a3cb-4bbe-957e-8163c1fc1114@group-7E155E250634->43369f36-6a0f-45ae-a8eb-f0d390948370-GrpcLogAppender: Failed to getClient for 43369f36-6a0f-45ae-a8eb-f0d390948370
org.apache.ratis.protocol.exceptions.AlreadyClosedException: bb95c33f-a3cb-4bbe-957e-8163c1fc1114 is already CLOSED
	at org.apache.ratis.util.PeerProxyMap$PeerAndProxy.getProxy(PeerProxyMap.java:67)
	at org.apache.ratis.util.PeerProxyMap.getProxy(PeerProxyMap.java:124)
	at org.apache.ratis.grpc.server.GrpcLogAppender.getClient(GrpcLogAppender.java:207)
	at org.apache.ratis.grpc.server.GrpcLogAppender.resetClient(GrpcLogAppender.java:212)
	at org.apache.ratis.grpc.server.GrpcLogAppender.access$800(GrpcLogAppender.java:70)
	at org.apache.ratis.grpc.server.GrpcLogAppender$AppendLogResponseHandler.onCompleted(GrpcLogAppender.java:559)
	at org.apache.ratis.thirdparty.io.grpc.stub.ClientCalls$StreamObserverToCallListenerAdapter.onClose(ClientCalls.java:562)
	at org.apache.ratis.thirdparty.io.grpc.internal.ClientCallImpl.closeObserver(ClientCallImpl.java:565)
	at org.apache.ratis.thirdparty.io.grpc.internal.ClientCallImpl.access$100(ClientCallImpl.java:72)
	at org.apache.ratis.thirdparty.io.grpc.internal.ClientCallImpl$ClientStreamListenerImpl$1StreamClosed.runInternal(ClientCallImpl.java:733)
	at org.apache.ratis.thirdparty.io.grpc.internal.ClientCallImpl$ClientStreamListenerImpl$1StreamClosed.runInContext(ClientCallImpl.java:714)
	at org.apache.ratis.thirdparty.io.grpc.internal.ContextRunnable.run(ContextRunnable.java:37)
	at org.apache.ratis.thirdparty.io.grpc.internal.SerializingExecutor.run(SerializingExecutor.java:133)
	at java.base/java.util.concurrent.ThreadPoolExecutor.runWorker(ThreadPoolExecutor.java:1144)
	at java.base/java.util.concurrent.ThreadPoolExecutor$Worker.run(ThreadPoolExecutor.java:642)
	at java.base/java.lang.Thread.run(Thread.java:1583)
2025-10-10 10:37:49,315 [grpc-default-executor-4] INFO  server.GrpcLogAppender (GrpcLogAppender.java:onCompleted(558)) - bb95c33f-a3cb-4bbe-957e-8163c1fc1114@group-7E155E250634->1a301c79-b9ef-44e0-a0ae-b339f61819a5-AppendLogResponseHandler: follower responses appendEntries COMPLETED
2025-10-10 10:37:49,315 [grpc-default-executor-4] WARN  server.GrpcLogAppender (GrpcLogAppender.java:resetClient(237)) - bb95c33f-a3cb-4bbe-957e-8163c1fc1114@group-7E155E250634->1a301c79-b9ef-44e0-a0ae-b339f61819a5-GrpcLogAppender: Failed to getClient for 1a301c79-b9ef-44e0-a0ae-b339f61819a5
org.apache.ratis.protocol.exceptions.AlreadyClosedException: bb95c33f-a3cb-4bbe-957e-8163c1fc1114 is already CLOSED
	at org.apache.ratis.util.PeerProxyMap$PeerAndProxy.getProxy(PeerProxyMap.java:67)
	at org.apache.ratis.util.PeerProxyMap.getProxy(PeerProxyMap.java:124)
	at org.apache.ratis.grpc.server.GrpcLogAppender.getClient(GrpcLogAppender.java:207)
	at org.apache.ratis.grpc.server.GrpcLogAppender.resetClient(GrpcLogAppender.java:212)
	at org.apache.ratis.grpc.server.GrpcLogAppender.access$800(GrpcLogAppender.java:70)
	at org.apache.ratis.grpc.server.GrpcLogAppender$AppendLogResponseHandler.onCompleted(GrpcLogAppender.java:559)
	at org.apache.ratis.thirdparty.io.grpc.stub.ClientCalls$StreamObserverToCallListenerAdapter.onClose(ClientCalls.java:562)
	at org.apache.ratis.thirdparty.io.grpc.internal.ClientCallImpl.closeObserver(ClientCallImpl.java:565)
	at org.apache.ratis.thirdparty.io.grpc.internal.ClientCallImpl.access$100(ClientCallImpl.java:72)
	at org.apache.ratis.thirdparty.io.grpc.internal.ClientCallImpl$ClientStreamListenerImpl$1StreamClosed.runInternal(ClientCallImpl.java:733)
	at org.apache.ratis.thirdparty.io.grpc.internal.ClientCallImpl$ClientStreamListenerImpl$1StreamClosed.runInContext(ClientCallImpl.java:714)
	at org.apache.ratis.thirdparty.io.grpc.internal.ContextRunnable.run(ContextRunnable.java:37)
	at org.apache.ratis.thirdparty.io.grpc.internal.SerializingExecutor.run(SerializingExecutor.java:133)
	at java.base/java.util.concurrent.ThreadPoolExecutor.runWorker(ThreadPoolExecutor.java:1144)
	at java.base/java.util.concurrent.ThreadPoolExecutor$Worker.run(ThreadPoolExecutor.java:642)
	at java.base/java.lang.Thread.run(Thread.java:1583)
2025-10-10 10:37:49,315 [grpc-default-executor-4] INFO  server.GrpcLogAppender (GrpcLogAppender.java:onCompleted(558)) - bb95c33f-a3cb-4bbe-957e-8163c1fc1114@group-7E155E250634->43369f36-6a0f-45ae-a8eb-f0d390948370-AppendLogResponseHandler: follower responses appendEntries COMPLETED
2025-10-10 10:37:49,316 [grpc-default-executor-4] WARN  server.GrpcLogAppender (GrpcLogAppender.java:resetClient(237)) - bb95c33f-a3cb-4bbe-957e-8163c1fc1114@group-7E155E250634->43369f36-6a0f-45ae-a8eb-f0d390948370-GrpcLogAppender: Failed to getClient for 43369f36-6a0f-45ae-a8eb-f0d390948370
org.apache.ratis.protocol.exceptions.AlreadyClosedException: bb95c33f-a3cb-4bbe-957e-8163c1fc1114 is already CLOSED
	at org.apache.ratis.util.PeerProxyMap$PeerAndProxy.getProxy(PeerProxyMap.java:67)
	at org.apache.ratis.util.PeerProxyMap.getProxy(PeerProxyMap.java:124)
	at org.apache.ratis.grpc.server.GrpcLogAppender.getClient(GrpcLogAppender.java:207)
	at org.apache.ratis.grpc.server.GrpcLogAppender.resetClient(GrpcLogAppender.java:212)
	at org.apache.ratis.grpc.server.GrpcLogAppender.access$800(GrpcLogAppender.java:70)
	at org.apache.ratis.grpc.server.GrpcLogAppender$AppendLogResponseHandler.onCompleted(GrpcLogAppender.java:559)
	at org.apache.ratis.thirdparty.io.grpc.stub.ClientCalls$StreamObserverToCallListenerAdapter.onClose(ClientCalls.java:562)
	at org.apache.ratis.thirdparty.io.grpc.internal.DelayedClientCall$DelayedListener$3.run(DelayedClientCall.java:489)
	at org.apache.ratis.thirdparty.io.grpc.internal.DelayedClientCall$DelayedListener.delayOrExecute(DelayedClientCall.java:453)
	at org.apache.ratis.thirdparty.io.grpc.internal.DelayedClientCall$DelayedListener.onClose(DelayedClientCall.java:486)
	at org.apache.ratis.thirdparty.io.grpc.internal.ClientCallImpl.closeObserver(ClientCallImpl.java:565)
	at org.apache.ratis.thirdparty.io.grpc.internal.ClientCallImpl.access$100(ClientCallImpl.java:72)
	at org.apache.ratis.thirdparty.io.grpc.internal.ClientCallImpl$ClientStreamListenerImpl$1StreamClosed.runInternal(ClientCallImpl.java:733)
	at org.apache.ratis.thirdparty.io.grpc.internal.ClientCallImpl$ClientStreamListenerImpl$1StreamClosed.runInContext(ClientCallImpl.java:714)
	at org.apache.ratis.thirdparty.io.grpc.internal.ContextRunnable.run(ContextRunnable.java:37)
	at org.apache.ratis.thirdparty.io.grpc.internal.SerializingExecutor.run(SerializingExecutor.java:133)
	at java.base/java.util.concurrent.ThreadPoolExecutor.runWorker(ThreadPoolExecutor.java:1144)
	at java.base/java.util.concurrent.ThreadPoolExecutor$Worker.run(ThreadPoolExecutor.java:642)
	at java.base/java.lang.Thread.run(Thread.java:1583)
2025-10-10 10:37:49,369 [grpc-default-executor-6] INFO  server.GrpcServerProtocolService (GrpcServerProtocolService.java:lambda$null$7(175)) - 1a301c79-b9ef-44e0-a0ae-b339f61819a5: Completed APPEND_ENTRIES, lastReply: serverReply {
  requestorId: "bb95c33f-a3cb-4bbe-957e-8163c1fc1114"
  replyId: "1a301c79-b9ef-44e0-a0ae-b339f61819a5"
  raftGroupId {
    id: "oI\210]\243MF}\202V~\025^%\0064"
  }
  callId: 8
  success: true
}
term: 1
nextIndex: 2
matchIndex: 18446744073709551615
isHearbeat: true
 
2025-10-10 10:37:49,370 [grpc-default-executor-4] INFO  server.GrpcLogAppender (GrpcLogAppender.java:onCompleted(558)) - bb95c33f-a3cb-4bbe-957e-8163c1fc1114@group-7E155E250634->1a301c79-b9ef-44e0-a0ae-b339f61819a5-AppendLogResponseHandler: follower responses appendEntries COMPLETED
2025-10-10 10:37:49,370 [grpc-default-executor-4] WARN  server.GrpcLogAppender (GrpcLogAppender.java:resetClient(237)) - bb95c33f-a3cb-4bbe-957e-8163c1fc1114@group-7E155E250634->1a301c79-b9ef-44e0-a0ae-b339f61819a5-GrpcLogAppender: Failed to getClient for 1a301c79-b9ef-44e0-a0ae-b339f61819a5
org.apache.ratis.protocol.exceptions.AlreadyClosedException: bb95c33f-a3cb-4bbe-957e-8163c1fc1114 is already CLOSED
	at org.apache.ratis.util.PeerProxyMap$PeerAndProxy.getProxy(PeerProxyMap.java:67)
	at org.apache.ratis.util.PeerProxyMap.getProxy(PeerProxyMap.java:124)
	at org.apache.ratis.grpc.server.GrpcLogAppender.getClient(GrpcLogAppender.java:207)
	at org.apache.ratis.grpc.server.GrpcLogAppender.resetClient(GrpcLogAppender.java:212)
	at org.apache.ratis.grpc.server.GrpcLogAppender.access$800(GrpcLogAppender.java:70)
	at org.apache.ratis.grpc.server.GrpcLogAppender$AppendLogResponseHandler.onCompleted(GrpcLogAppender.java:559)
	at org.apache.ratis.thirdparty.io.grpc.stub.ClientCalls$StreamObserverToCallListenerAdapter.onClose(ClientCalls.java:562)
	at org.apache.ratis.thirdparty.io.grpc.internal.DelayedClientCall$DelayedListener$3.run(DelayedClientCall.java:489)
	at org.apache.ratis.thirdparty.io.grpc.internal.DelayedClientCall$DelayedListener.delayOrExecute(DelayedClientCall.java:453)
	at org.apache.ratis.thirdparty.io.grpc.internal.DelayedClientCall$DelayedListener.onClose(DelayedClientCall.java:486)
	at org.apache.ratis.thirdparty.io.grpc.internal.ClientCallImpl.closeObserver(ClientCallImpl.java:565)
	at org.apache.ratis.thirdparty.io.grpc.internal.ClientCallImpl.access$100(ClientCallImpl.java:72)
	at org.apache.ratis.thirdparty.io.grpc.internal.ClientCallImpl$ClientStreamListenerImpl$1StreamClosed.runInternal(ClientCallImpl.java:733)
	at org.apache.ratis.thirdparty.io.grpc.internal.ClientCallImpl$ClientStreamListenerImpl$1StreamClosed.runInContext(ClientCallImpl.java:714)
	at org.apache.ratis.thirdparty.io.grpc.internal.ContextRunnable.run(ContextRunnable.java:37)
	at org.apache.ratis.thirdparty.io.grpc.internal.SerializingExecutor.run(SerializingExecutor.java:133)
	at java.base/java.util.concurrent.ThreadPoolExecutor.runWorker(ThreadPoolExecutor.java:1144)
	at java.base/java.util.concurrent.ThreadPoolExecutor$Worker.run(ThreadPoolExecutor.java:642)
	at java.base/java.lang.Thread.run(Thread.java:1583)
2025-10-10 10:37:49,371 [ForkJoinPool-1-worker-1] INFO  server.GrpcServicesImpl (GrpcServicesImpl.java:closeImpl(364)) - bb95c33f-a3cb-4bbe-957e-8163c1fc1114: shutdown server org.apache.ratis.grpc.server.GrpcClientProtocolService successfully
2025-10-10 10:37:49,371 [ForkJoinPool-1-worker-1] INFO  server.GrpcServicesImpl (GrpcServicesImpl.java:closeImpl(355)) - bb95c33f-a3cb-4bbe-957e-8163c1fc1114: shutdown server GrpcServerProtocolService now
2025-10-10 10:37:49,371 [bb95c33f-a3cb-4bbe-957e-8163c1fc1114@group-63ACBE5F7EDA-StateMachineUpdater] INFO  ratis.ContainerStateMachine (ContainerStateMachine.java:takeSnapshot(436)) - group-63ACBE5F7EDA: Finished taking a snapshot at:(t:1, i:0) file:/home/runner/work/ozone/ozone/hadoop-ozone/integration-test/target/test-dir/MiniOzoneClusterImpl-611c99c7-d47b-4433-a4ef-cd0a35b076ef/ozone-metadata/datanode-3/ratis/c1a6ce75-0ec5-4b07-b27a-63acbe5f7eda/sm/snapshot.1_0 took: 70 ms
2025-10-10 10:37:49,372 [bb95c33f-a3cb-4bbe-957e-8163c1fc1114@group-63ACBE5F7EDA-StateMachineUpdater] INFO  impl.StateMachineUpdater (StateMachineUpdater.java:takeSnapshot(307)) - bb95c33f-a3cb-4bbe-957e-8163c1fc1114@group-63ACBE5F7EDA-StateMachineUpdater: Took a snapshot at index 0
2025-10-10 10:37:49,372 [bb95c33f-a3cb-4bbe-957e-8163c1fc1114@group-63ACBE5F7EDA-StateMachineUpdater] INFO  impl.StateMachineUpdater (StateMachineUpdater.java:lambda$new$0(101)) - bb95c33f-a3cb-4bbe-957e-8163c1fc1114@group-63ACBE5F7EDA-StateMachineUpdater: snapshotIndex: updateIncreasingly -1 -> 0
2025-10-10 10:37:49,373 [bb95c33f-a3cb-4bbe-957e-8163c1fc1114@group-63ACBE5F7EDA-StateMachineUpdater] INFO  impl.StateMachineUpdater (StateMachineUpdater.java:stop(140)) - bb95c33f-a3cb-4bbe-957e-8163c1fc1114@group-63ACBE5F7EDA-StateMachineUpdater: closing ContainerStateMachine, lastApplied=(t:1, i:0)
2025-10-10 10:37:49,373 [bb95c33f-a3cb-4bbe-957e-8163c1fc1114@group-FF215623FAB7-StateMachineUpdater] INFO  ratis.ContainerStateMachine (ContainerStateMachine.java:takeSnapshot(436)) - group-FF215623FAB7: Finished taking a snapshot at:(t:1, i:0) file:/home/runner/work/ozone/ozone/hadoop-ozone/integration-test/target/test-dir/MiniOzoneClusterImpl-611c99c7-d47b-4433-a4ef-cd0a35b076ef/ozone-metadata/datanode-3/ratis/383f4c41-c860-4c85-a7b1-ff215623fab7/sm/snapshot.1_0 took: 66 ms
2025-10-10 10:37:49,373 [bb95c33f-a3cb-4bbe-957e-8163c1fc1114@group-FF215623FAB7-StateMachineUpdater] INFO  impl.StateMachineUpdater (StateMachineUpdater.java:takeSnapshot(307)) - bb95c33f-a3cb-4bbe-957e-8163c1fc1114@group-FF215623FAB7-StateMachineUpdater: Took a snapshot at index 0
2025-10-10 10:37:49,373 [bb95c33f-a3cb-4bbe-957e-8163c1fc1114@group-FF215623FAB7-StateMachineUpdater] INFO  impl.StateMachineUpdater (StateMachineUpdater.java:lambda$new$0(101)) - bb95c33f-a3cb-4bbe-957e-8163c1fc1114@group-FF215623FAB7-StateMachineUpdater: snapshotIndex: updateIncreasingly -1 -> 0
2025-10-10 10:37:49,373 [bb95c33f-a3cb-4bbe-957e-8163c1fc1114@group-FF215623FAB7-StateMachineUpdater] INFO  impl.StateMachineUpdater (StateMachineUpdater.java:stop(140)) - bb95c33f-a3cb-4bbe-957e-8163c1fc1114@group-FF215623FAB7-StateMachineUpdater: closing ContainerStateMachine, lastApplied=(t:1, i:0)
2025-10-10 10:37:49,373 [grpc-default-executor-6] WARN  server.GrpcServerProtocolService (LogUtils.java:warn(127)) - bb95c33f-a3cb-4bbe-957e-8163c1fc1114: APPEND_ENTRIES onError, lastRequest: null: org.apache.ratis.thirdparty.io.grpc.StatusRuntimeException: CANCELLED: client cancelled
2025-10-10 10:37:49,373 [bb95c33f-a3cb-4bbe-957e-8163c1fc1114@group-63ACBE5F7EDA-cacheEviction-AwaitToRun] INFO  util.AwaitToRun (AwaitToRun.java:run(49)) - bb95c33f-a3cb-4bbe-957e-8163c1fc1114@group-63ACBE5F7EDA-cacheEviction-AwaitToRun-AwaitForSignal is interrupted
2025-10-10 10:37:49,374 [bb95c33f-a3cb-4bbe-957e-8163c1fc1114@group-FF215623FAB7-cacheEviction-AwaitToRun] INFO  util.AwaitToRun (AwaitToRun.java:run(49)) - bb95c33f-a3cb-4bbe-957e-8163c1fc1114@group-FF215623FAB7-cacheEviction-AwaitToRun-AwaitForSignal is interrupted
2025-10-10 10:37:49,375 [bb95c33f-a3cb-4bbe-957e-8163c1fc1114@group-7E155E250634-StateMachineUpdater] INFO  ratis.ContainerStateMachine (ContainerStateMachine.java:takeSnapshot(436)) - group-7E155E250634: Finished taking a snapshot at:(t:1, i:4) file:/home/runner/work/ozone/ozone/hadoop-ozone/integration-test/target/test-dir/MiniOzoneClusterImpl-611c99c7-d47b-4433-a4ef-cd0a35b076ef/ozone-metadata/datanode-3/ratis/6f49885d-a34d-467d-8256-7e155e250634/sm/snapshot.1_4 took: 64 ms
2025-10-10 10:37:49,375 [ForkJoinPool-1-worker-1] INFO  server.GrpcServicesImpl (GrpcServicesImpl.java:closeImpl(364)) - bb95c33f-a3cb-4bbe-957e-8163c1fc1114: shutdown server GrpcServerProtocolService successfully
2025-10-10 10:37:49,375 [ForkJoinPool-1-worker-1] INFO  server.GrpcServicesImpl (GrpcServicesImpl.java:closeImpl(355)) - bb95c33f-a3cb-4bbe-957e-8163c1fc1114: shutdown server org.apache.ratis.grpc.server.GrpcAdminProtocolService now
2025-10-10 10:37:49,375 [bb95c33f-a3cb-4bbe-957e-8163c1fc1114@group-7E155E250634-StateMachineUpdater] INFO  impl.StateMachineUpdater (StateMachineUpdater.java:takeSnapshot(307)) - bb95c33f-a3cb-4bbe-957e-8163c1fc1114@group-7E155E250634-StateMachineUpdater: Took a snapshot at index 4
2025-10-10 10:37:49,375 [bb95c33f-a3cb-4bbe-957e-8163c1fc1114@group-7E155E250634-StateMachineUpdater] INFO  impl.StateMachineUpdater (StateMachineUpdater.java:lambda$new$0(101)) - bb95c33f-a3cb-4bbe-957e-8163c1fc1114@group-7E155E250634-StateMachineUpdater: snapshotIndex: updateIncreasingly -1 -> 4
2025-10-10 10:37:49,375 [bb95c33f-a3cb-4bbe-957e-8163c1fc1114@group-7E155E250634-StateMachineUpdater] INFO  impl.StateMachineUpdater (StateMachineUpdater.java:stop(140)) - bb95c33f-a3cb-4bbe-957e-8163c1fc1114@group-7E155E250634-StateMachineUpdater: closing ContainerStateMachine, lastApplied=(t:1, i:4)
2025-10-10 10:37:49,376 [ForkJoinPool-1-worker-1] INFO  server.GrpcServicesImpl (GrpcServicesImpl.java:closeImpl(364)) - bb95c33f-a3cb-4bbe-957e-8163c1fc1114: shutdown server org.apache.ratis.grpc.server.GrpcAdminProtocolService successfully
2025-10-10 10:37:49,376 [bb95c33f-a3cb-4bbe-957e-8163c1fc1114@group-7E155E250634-cacheEviction-AwaitToRun] INFO  util.AwaitToRun (AwaitToRun.java:run(49)) - bb95c33f-a3cb-4bbe-957e-8163c1fc1114@group-7E155E250634-cacheEviction-AwaitToRun-AwaitForSignal is interrupted
2025-10-10 10:37:49,377 [grpc-default-executor-6] WARN  server.GrpcLogAppender (LogUtils.java:warn(127)) - 1a301c79-b9ef-44e0-a0ae-b339f61819a5@group-63ACBE5F7EDA->bb95c33f-a3cb-4bbe-957e-8163c1fc1114-AppendLogResponseHandler: Failed appendEntries: org.apache.ratis.thirdparty.io.grpc.StatusRuntimeException: CANCELLED: RST_STREAM closed stream. HTTP/2 error code: CANCEL
2025-10-10 10:37:49,378 [grpc-default-executor-4] WARN  server.GrpcServerProtocolService (LogUtils.java:warn(127)) - bb95c33f-a3cb-4bbe-957e-8163c1fc1114: APPEND_ENTRIES onError, lastRequest: 1a301c79-b9ef-44e0-a0ae-b339f61819a5->bb95c33f-a3cb-4bbe-957e-8163c1fc1114#1-t1,previous=<PROTO_DEFAULT>,leaderCommit=-1,initializing? false,entries: size=1, first=(t:1, i:0), CONFIGURATIONENTRY(current:id:"bb95c33f-a3cb-4bbe-957e-8163c1fc1114"address:"127.0.0.1:15031"dataStreamAddress:"127.0.0.1:15032"clientAddress:"127.0.0.1:15029"adminAddress:"127.0.0.1:15030"startupRole:FOLLOWER, id:"1a301c79-b9ef-44e0-a0ae-b339f61819a5"address:"127.0.0.1:15023"priority:1dataStreamAddress:"127.0.0.1:15024"clientAddress:"127.0.0.1:15021"adminAddress:"127.0.0.1:15022"startupRole:FOLLOWER, id:"43369f36-6a0f-45ae-a8eb-f0d390948370"address:"127.0.0.1:15015"dataStreamAddress:"127.0.0.1:15016"clientAddress:"127.0.0.1:15013"adminAddress:"127.0.0.1:15014"startupRole:FOLLOWER, old:): org.apache.ratis.thirdparty.io.grpc.StatusRuntimeException: CANCELLED: client cancelled
2025-10-10 10:37:49,379 [grpc-default-executor-0] WARN  server.GrpcLogAppender (GrpcLogAppender.java:lambda$resetClient$1(228)) - 1a301c79-b9ef-44e0-a0ae-b339f61819a5@group-63ACBE5F7EDA->bb95c33f-a3cb-4bbe-957e-8163c1fc1114-GrpcLogAppender: Follower failed (request=null, errorCount=1); keep nextIndex (1) unchanged and retry.
2025-10-10 10:37:49,383 [bb95c33f-a3cb-4bbe-957e-8163c1fc1114-NettyServerStreamRpc-bossGroup--thread1] INFO  logging.LoggingHandler (AbstractInternalLogger.java:log(148)) - [id: 0x1e8348eb, L:/0.0.0.0:15032] CLOSE
2025-10-10 10:37:49,384 [bb95c33f-a3cb-4bbe-957e-8163c1fc1114-NettyServerStreamRpc-bossGroup--thread1] INFO  logging.LoggingHandler (AbstractInternalLogger.java:log(148)) - [id: 0x1e8348eb, L:/0.0.0.0:15032] INACTIVE
2025-10-10 10:37:49,384 [bb95c33f-a3cb-4bbe-957e-8163c1fc1114-NettyServerStreamRpc-bossGroup--thread1] INFO  logging.LoggingHandler (AbstractInternalLogger.java:log(148)) - [id: 0x1e8348eb, L:/0.0.0.0:15032] UNREGISTERED
2025-10-10 10:37:49,388 [bb95c33f-a3cb-4bbe-957e-8163c1fc1114-impl-thread1] INFO  segmented.SegmentedRaftLogWorker (SegmentedRaftLogWorker.java:close(254)) - bb95c33f-a3cb-4bbe-957e-8163c1fc1114@group-63ACBE5F7EDA-SegmentedRaftLogWorker close()
2025-10-10 10:37:49,390 [bb95c33f-a3cb-4bbe-957e-8163c1fc1114-impl-thread1] INFO  ratis.ContainerStateMachine (ContainerStateMachine.java:notifyServerShutdown(1038)) - group-63ACBE5F7EDA is closed by HddsDatanodeService
2025-10-10 10:37:49,420 [36185c6b-22ce-45d1-a622-3a6b487a5a53@group-6EF60CB14872-FollowerState] INFO  impl.FollowerState (FollowerState.java:runImpl(161)) - 36185c6b-22ce-45d1-a622-3a6b487a5a53@group-6EF60CB14872-FollowerState: change to CANDIDATE, lastRpcElapsedTime:1110773159ns, electionTimeout:1110ms
2025-10-10 10:37:49,420 [36185c6b-22ce-45d1-a622-3a6b487a5a53@group-6EF60CB14872-FollowerState] INFO  impl.RoleInfo (RoleInfo.java:shutdownFollowerState(121)) - 36185c6b-22ce-45d1-a622-3a6b487a5a53: shutdown 36185c6b-22ce-45d1-a622-3a6b487a5a53@group-6EF60CB14872-FollowerState
2025-10-10 10:37:49,420 [36185c6b-22ce-45d1-a622-3a6b487a5a53@group-6EF60CB14872-FollowerState] INFO  server.RaftServer$Division (RaftServerImpl.java:setRole(392)) - 36185c6b-22ce-45d1-a622-3a6b487a5a53@group-6EF60CB14872: changes role from  FOLLOWER to CANDIDATE at term 0 for changeToCandidate
2025-10-10 10:37:49,420 [36185c6b-22ce-45d1-a622-3a6b487a5a53@group-6EF60CB14872-FollowerState] INFO  impl.RoleInfo (RoleInfo.java:updateAndGet(148)) - 36185c6b-22ce-45d1-a622-3a6b487a5a53: start 36185c6b-22ce-45d1-a622-3a6b487a5a53@group-6EF60CB14872-LeaderElection22
2025-10-10 10:37:49,421 [36185c6b-22ce-45d1-a622-3a6b487a5a53@group-6EF60CB14872-LeaderElection22] INFO  impl.LeaderElection (LeaderElection.java:askForVotes(448)) - 36185c6b-22ce-45d1-a622-3a6b487a5a53@group-6EF60CB14872-LeaderElection22 PRE_VOTE round 0: submit vote requests at term 0 for conf: {index: -1, cur=peers:[aa9634f0-8836-44d6-bc05-5b19fbdd93d5|127.0.0.1:15063, 36185c6b-22ce-45d1-a622-3a6b487a5a53|127.0.0.1:15071, 895d447a-5476-42e4-b2fa-6eb687701d46|127.0.0.1:15079]|listeners:[], old=null}
2025-10-10 10:37:49,421 [36185c6b-22ce-45d1-a622-3a6b487a5a53@group-6EF60CB14872-LeaderElection22-1] INFO  server.GrpcServerProtocolClient (GrpcServerProtocolClient.java:<init>(65)) - Build channel for aa9634f0-8836-44d6-bc05-5b19fbdd93d5|127.0.0.1:15063
2025-10-10 10:37:49,422 [36185c6b-22ce-45d1-a622-3a6b487a5a53@group-6EF60CB14872-LeaderElection22-2] INFO  server.GrpcServerProtocolClient (GrpcServerProtocolClient.java:<init>(65)) - Build channel for 895d447a-5476-42e4-b2fa-6eb687701d46|127.0.0.1:15079
2025-10-10 10:37:49,427 [grpc-default-executor-6] INFO  server.RaftServer$Division (RaftServerImpl.java:requestVote(1421)) - 895d447a-5476-42e4-b2fa-6eb687701d46@group-6EF60CB14872: receive requestVote(PRE_VOTE, 36185c6b-22ce-45d1-a622-3a6b487a5a53, group-6EF60CB14872, 0, <PROTO_DEFAULT>)
2025-10-10 10:37:49,427 [grpc-default-executor-6] INFO  impl.VoteContext (VoteContext.java:log(49)) - 895d447a-5476-42e4-b2fa-6eb687701d46@group-6EF60CB14872-FOLLOWER: accept PRE_VOTE from 36185c6b-22ce-45d1-a622-3a6b487a5a53: our priority 0 <= candidate's priority 1
2025-10-10 10:37:49,427 [grpc-default-executor-6] INFO  server.RaftServer$Division (RaftServerImpl.java:requestVote(1455)) - 895d447a-5476-42e4-b2fa-6eb687701d46@group-6EF60CB14872 replies to PRE_VOTE vote request: 36185c6b-22ce-45d1-a622-3a6b487a5a53<-895d447a-5476-42e4-b2fa-6eb687701d46#0:OK-t0-last:<INITIAL_VALUE>. Peer's state: 895d447a-5476-42e4-b2fa-6eb687701d46@group-6EF60CB14872:t0, leader=null, voted=, raftlog=Memoized:895d447a-5476-42e4-b2fa-6eb687701d46@group-6EF60CB14872-SegmentedRaftLog:OPENED:c-1:lastnull, conf=conf: {index: -1, cur=peers:[aa9634f0-8836-44d6-bc05-5b19fbdd93d5|127.0.0.1:15063, 36185c6b-22ce-45d1-a622-3a6b487a5a53|127.0.0.1:15071, 895d447a-5476-42e4-b2fa-6eb687701d46|127.0.0.1:15079]|listeners:[], old=null}
2025-10-10 10:37:49,429 [36185c6b-22ce-45d1-a622-3a6b487a5a53@group-6EF60CB14872-LeaderElection22] INFO  impl.LeaderElection (LeaderElection.java:logAndReturn(206)) - 36185c6b-22ce-45d1-a622-3a6b487a5a53@group-6EF60CB14872-LeaderElection22: PRE_VOTE PASSED received 1 response(s) and 0 exception(s):
2025-10-10 10:37:49,429 [36185c6b-22ce-45d1-a622-3a6b487a5a53@group-6EF60CB14872-LeaderElection22] INFO  impl.LeaderElection (LeaderElection.java:logAndReturn(210)) -   Response 0: 36185c6b-22ce-45d1-a622-3a6b487a5a53<-895d447a-5476-42e4-b2fa-6eb687701d46#0:OK-t0-last:<INITIAL_VALUE>
2025-10-10 10:37:49,429 [36185c6b-22ce-45d1-a622-3a6b487a5a53@group-6EF60CB14872-LeaderElection22] INFO  impl.LeaderElection (LeaderElection.java:askForVotes(450)) - 36185c6b-22ce-45d1-a622-3a6b487a5a53@group-6EF60CB14872-LeaderElection22 PRE_VOTE round 0: result PASSED
2025-10-10 10:37:49,430 [grpc-default-executor-6] INFO  server.RaftServer$Division (RaftServerImpl.java:requestVote(1421)) - aa9634f0-8836-44d6-bc05-5b19fbdd93d5@group-6EF60CB14872: receive requestVote(PRE_VOTE, 36185c6b-22ce-45d1-a622-3a6b487a5a53, group-6EF60CB14872, 0, <PROTO_DEFAULT>)
2025-10-10 10:37:49,430 [grpc-default-executor-6] INFO  impl.VoteContext (VoteContext.java:log(49)) - aa9634f0-8836-44d6-bc05-5b19fbdd93d5@group-6EF60CB14872-FOLLOWER: accept PRE_VOTE from 36185c6b-22ce-45d1-a622-3a6b487a5a53: our priority 0 <= candidate's priority 1
2025-10-10 10:37:49,431 [grpc-default-executor-6] INFO  server.RaftServer$Division (RaftServerImpl.java:requestVote(1455)) - aa9634f0-8836-44d6-bc05-5b19fbdd93d5@group-6EF60CB14872 replies to PRE_VOTE vote request: 36185c6b-22ce-45d1-a622-3a6b487a5a53<-aa9634f0-8836-44d6-bc05-5b19fbdd93d5#0:OK-t0-last:<INITIAL_VALUE>. Peer's state: aa9634f0-8836-44d6-bc05-5b19fbdd93d5@group-6EF60CB14872:t0, leader=null, voted=, raftlog=Memoized:aa9634f0-8836-44d6-bc05-5b19fbdd93d5@group-6EF60CB14872-SegmentedRaftLog:OPENED:c-1:lastnull, conf=conf: {index: -1, cur=peers:[aa9634f0-8836-44d6-bc05-5b19fbdd93d5|127.0.0.1:15063, 36185c6b-22ce-45d1-a622-3a6b487a5a53|127.0.0.1:15071, 895d447a-5476-42e4-b2fa-6eb687701d46|127.0.0.1:15079]|listeners:[], old=null}
2025-10-10 10:37:49,431 [36185c6b-22ce-45d1-a622-3a6b487a5a53@group-6EF60CB14872-LeaderElection22] INFO  impl.LeaderElection (LeaderElection.java:askForVotes(448)) - 36185c6b-22ce-45d1-a622-3a6b487a5a53@group-6EF60CB14872-LeaderElection22 ELECTION round 0: submit vote requests at term 1 for conf: {index: -1, cur=peers:[aa9634f0-8836-44d6-bc05-5b19fbdd93d5|127.0.0.1:15063, 36185c6b-22ce-45d1-a622-3a6b487a5a53|127.0.0.1:15071, 895d447a-5476-42e4-b2fa-6eb687701d46|127.0.0.1:15079]|listeners:[], old=null}
2025-10-10 10:37:49,433 [grpc-default-executor-6] INFO  server.RaftServer$Division (RaftServerImpl.java:requestVote(1421)) - aa9634f0-8836-44d6-bc05-5b19fbdd93d5@group-6EF60CB14872: receive requestVote(ELECTION, 36185c6b-22ce-45d1-a622-3a6b487a5a53, group-6EF60CB14872, 1, <PROTO_DEFAULT>)
2025-10-10 10:37:49,433 [grpc-default-executor-6] INFO  impl.VoteContext (VoteContext.java:log(49)) - aa9634f0-8836-44d6-bc05-5b19fbdd93d5@group-6EF60CB14872-FOLLOWER: accept ELECTION from 36185c6b-22ce-45d1-a622-3a6b487a5a53: our priority 0 <= candidate's priority 1
2025-10-10 10:37:49,433 [grpc-default-executor-6] INFO  server.RaftServer$Division (RaftServerImpl.java:setRole(392)) - aa9634f0-8836-44d6-bc05-5b19fbdd93d5@group-6EF60CB14872: changes role from  FOLLOWER to FOLLOWER at term 0 for candidate:36185c6b-22ce-45d1-a622-3a6b487a5a53
2025-10-10 10:37:49,433 [grpc-default-executor-6] INFO  impl.RoleInfo (RoleInfo.java:shutdownFollowerState(121)) - aa9634f0-8836-44d6-bc05-5b19fbdd93d5: shutdown aa9634f0-8836-44d6-bc05-5b19fbdd93d5@group-6EF60CB14872-FollowerState
2025-10-10 10:37:49,433 [grpc-default-executor-6] INFO  impl.RoleInfo (RoleInfo.java:updateAndGet(148)) - aa9634f0-8836-44d6-bc05-5b19fbdd93d5: start aa9634f0-8836-44d6-bc05-5b19fbdd93d5@group-6EF60CB14872-FollowerState
2025-10-10 10:37:49,433 [aa9634f0-8836-44d6-bc05-5b19fbdd93d5@group-6EF60CB14872-FollowerState] INFO  impl.FollowerState (FollowerState.java:runImpl(170)) - aa9634f0-8836-44d6-bc05-5b19fbdd93d5@group-6EF60CB14872-FollowerState was interrupted
2025-10-10 10:37:49,433 [grpc-default-executor-4] INFO  server.RaftServer$Division (RaftServerImpl.java:requestVote(1421)) - 895d447a-5476-42e4-b2fa-6eb687701d46@group-6EF60CB14872: receive requestVote(ELECTION, 36185c6b-22ce-45d1-a622-3a6b487a5a53, group-6EF60CB14872, 1, <PROTO_DEFAULT>)
2025-10-10 10:37:49,434 [grpc-default-executor-4] INFO  impl.VoteContext (VoteContext.java:log(49)) - 895d447a-5476-42e4-b2fa-6eb687701d46@group-6EF60CB14872-FOLLOWER: accept ELECTION from 36185c6b-22ce-45d1-a622-3a6b487a5a53: our priority 0 <= candidate's priority 1
2025-10-10 10:37:49,434 [grpc-default-executor-4] INFO  server.RaftServer$Division (RaftServerImpl.java:setRole(392)) - 895d447a-5476-42e4-b2fa-6eb687701d46@group-6EF60CB14872: changes role from  FOLLOWER to FOLLOWER at term 0 for candidate:36185c6b-22ce-45d1-a622-3a6b487a5a53
2025-10-10 10:37:49,434 [grpc-default-executor-4] INFO  impl.RoleInfo (RoleInfo.java:shutdownFollowerState(121)) - 895d447a-5476-42e4-b2fa-6eb687701d46: shutdown 895d447a-5476-42e4-b2fa-6eb687701d46@group-6EF60CB14872-FollowerState
2025-10-10 10:37:49,434 [grpc-default-executor-4] INFO  impl.RoleInfo (RoleInfo.java:updateAndGet(148)) - 895d447a-5476-42e4-b2fa-6eb687701d46: start 895d447a-5476-42e4-b2fa-6eb687701d46@group-6EF60CB14872-FollowerState
2025-10-10 10:37:49,434 [895d447a-5476-42e4-b2fa-6eb687701d46@group-6EF60CB14872-FollowerState] INFO  impl.FollowerState (FollowerState.java:runImpl(170)) - 895d447a-5476-42e4-b2fa-6eb687701d46@group-6EF60CB14872-FollowerState was interrupted
2025-10-10 10:37:49,435 [grpc-default-executor-4] INFO  server.RaftServer$Division (RaftServerImpl.java:setFirstElection(576)) - 895d447a-5476-42e4-b2fa-6eb687701d46@group-6EF60CB14872: set firstElectionSinceStartup to false for candidate:36185c6b-22ce-45d1-a622-3a6b487a5a53
2025-10-10 10:37:49,436 [grpc-default-executor-4] INFO  server.RaftServer$Division (RaftServerImpl.java:requestVote(1455)) - 895d447a-5476-42e4-b2fa-6eb687701d46@group-6EF60CB14872 replies to ELECTION vote request: 36185c6b-22ce-45d1-a622-3a6b487a5a53<-895d447a-5476-42e4-b2fa-6eb687701d46#0:OK-t1-last:<INITIAL_VALUE>. Peer's state: 895d447a-5476-42e4-b2fa-6eb687701d46@group-6EF60CB14872:t1, leader=null, voted=36185c6b-22ce-45d1-a622-3a6b487a5a53, raftlog=Memoized:895d447a-5476-42e4-b2fa-6eb687701d46@group-6EF60CB14872-SegmentedRaftLog:OPENED:c-1:lastnull, conf=conf: {index: -1, cur=peers:[aa9634f0-8836-44d6-bc05-5b19fbdd93d5|127.0.0.1:15063, 36185c6b-22ce-45d1-a622-3a6b487a5a53|127.0.0.1:15071, 895d447a-5476-42e4-b2fa-6eb687701d46|127.0.0.1:15079]|listeners:[], old=null}
2025-10-10 10:37:49,436 [grpc-default-executor-6] INFO  server.RaftServer$Division (RaftServerImpl.java:requestVote(1455)) - aa9634f0-8836-44d6-bc05-5b19fbdd93d5@group-6EF60CB14872 replies to ELECTION vote request: 36185c6b-22ce-45d1-a622-3a6b487a5a53<-aa9634f0-8836-44d6-bc05-5b19fbdd93d5#0:OK-t1-last:<INITIAL_VALUE>. Peer's state: aa9634f0-8836-44d6-bc05-5b19fbdd93d5@group-6EF60CB14872:t1, leader=null, voted=36185c6b-22ce-45d1-a622-3a6b487a5a53, raftlog=Memoized:aa9634f0-8836-44d6-bc05-5b19fbdd93d5@group-6EF60CB14872-SegmentedRaftLog:OPENED:c-1:lastnull, conf=conf: {index: -1, cur=peers:[aa9634f0-8836-44d6-bc05-5b19fbdd93d5|127.0.0.1:15063, 36185c6b-22ce-45d1-a622-3a6b487a5a53|127.0.0.1:15071, 895d447a-5476-42e4-b2fa-6eb687701d46|127.0.0.1:15079]|listeners:[], old=null}
2025-10-10 10:37:49,439 [36185c6b-22ce-45d1-a622-3a6b487a5a53@group-6EF60CB14872-LeaderElection22] INFO  impl.LeaderElection (LeaderElection.java:logAndReturn(206)) - 36185c6b-22ce-45d1-a622-3a6b487a5a53@group-6EF60CB14872-LeaderElection22: ELECTION PASSED received 1 response(s) and 0 exception(s):
2025-10-10 10:37:49,440 [36185c6b-22ce-45d1-a622-3a6b487a5a53@group-6EF60CB14872-LeaderElection22] INFO  impl.LeaderElection (LeaderElection.java:logAndReturn(210)) -   Response 0: 36185c6b-22ce-45d1-a622-3a6b487a5a53<-aa9634f0-8836-44d6-bc05-5b19fbdd93d5#0:OK-t1-last:<INITIAL_VALUE>
2025-10-10 10:37:49,440 [36185c6b-22ce-45d1-a622-3a6b487a5a53@group-6EF60CB14872-LeaderElection22] INFO  impl.LeaderElection (LeaderElection.java:askForVotes(450)) - 36185c6b-22ce-45d1-a622-3a6b487a5a53@group-6EF60CB14872-LeaderElection22 ELECTION round 0: result PASSED
2025-10-10 10:37:49,441 [36185c6b-22ce-45d1-a622-3a6b487a5a53@group-6EF60CB14872-LeaderElection22] INFO  impl.RoleInfo (RoleInfo.java:shutdownLeaderElection(141)) - 36185c6b-22ce-45d1-a622-3a6b487a5a53: shutdown 36185c6b-22ce-45d1-a622-3a6b487a5a53@group-6EF60CB14872-LeaderElection22
2025-10-10 10:37:49,441 [36185c6b-22ce-45d1-a622-3a6b487a5a53@group-6EF60CB14872-LeaderElection22] INFO  server.RaftServer$Division (RaftServerImpl.java:setRole(392)) - 36185c6b-22ce-45d1-a622-3a6b487a5a53@group-6EF60CB14872: changes role from CANDIDATE to LEADER at term 1 for changeToLeader
2025-10-10 10:37:49,441 [36185c6b-22ce-45d1-a622-3a6b487a5a53@group-6EF60CB14872-LeaderElection22] INFO  server.RaftServerConfigKeys (ConfUtils.java:logFallback(69)) - raft.server.staging.timeout = 3600ms (fallback to raft.server.rpc.timeout.max)
2025-10-10 10:37:49,441 [36185c6b-22ce-45d1-a622-3a6b487a5a53@group-6EF60CB14872-LeaderElection22] INFO  server.RaftServerConfigKeys (ConfUtils.java:logGet(62)) - raft.server.write.byte-limit = 1024 M (=1073741824) (custom)
2025-10-10 10:37:49,443 [36185c6b-22ce-45d1-a622-3a6b487a5a53@group-6EF60CB14872-LeaderElection22] INFO  server.RaftServerConfigKeys (ConfUtils.java:logGet(62)) - raft.server.log.appender.buffer.byte-limit = 33554432 (custom)
2025-10-10 10:37:49,444 [36185c6b-22ce-45d1-a622-3a6b487a5a53@group-6EF60CB14872-LeaderElection22] INFO  server.RaftServerConfigKeys (ConfUtils.java:logGet(62)) - raft.server.log.appender.buffer.byte-limit = 33554432 (custom)
2025-10-10 10:37:49,444 [36185c6b-22ce-45d1-a622-3a6b487a5a53@group-6EF60CB14872-LeaderElection22] INFO  impl.RoleInfo (RoleInfo.java:updateAndGet(148)) - 36185c6b-22ce-45d1-a622-3a6b487a5a53: start 36185c6b-22ce-45d1-a622-3a6b487a5a53@group-6EF60CB14872-LeaderStateImpl
2025-10-10 10:37:49,444 [36185c6b-22ce-45d1-a622-3a6b487a5a53@group-6EF60CB14872-LeaderElection22] INFO  server.RaftServer$Division (RaftServerImpl.java:setFirstElection(576)) - 36185c6b-22ce-45d1-a622-3a6b487a5a53@group-6EF60CB14872: set firstElectionSinceStartup to false for becomeLeader
2025-10-10 10:37:49,444 [36185c6b-22ce-45d1-a622-3a6b487a5a53@group-6EF60CB14872-LeaderElection22] INFO  ratis.XceiverServerRatis (XceiverServerRatis.java:handleLeaderChangedNotification(940)) - Leader change notification received for group: group-6EF60CB14872 with new leaderId: 36185c6b-22ce-45d1-a622-3a6b487a5a53
2025-10-10 10:37:49,444 [36185c6b-22ce-45d1-a622-3a6b487a5a53@group-6EF60CB14872-LeaderElection22] INFO  server.RaftServer$Division (ServerState.java:setLeader(272)) - 36185c6b-22ce-45d1-a622-3a6b487a5a53@group-6EF60CB14872: change Leader from null to 36185c6b-22ce-45d1-a622-3a6b487a5a53 at term 1 for becomeLeader, leader elected after 1161ms
2025-10-10 10:37:49,445 [36185c6b-22ce-45d1-a622-3a6b487a5a53@group-6EF60CB14872-LeaderElection22] INFO  segmented.SegmentedRaftLogWorker (SegmentedRaftLogWorker.java:startLogSegment(440)) - 36185c6b-22ce-45d1-a622-3a6b487a5a53@group-6EF60CB14872-SegmentedRaftLogWorker: Starting segment from index:0
2025-10-10 10:37:49,445 [36185c6b-22ce-45d1-a622-3a6b487a5a53@group-6EF60CB14872-SegmentedRaftLogWorker] INFO  segmented.BufferedWriteChannel (BufferedWriteChannel.java:open(61)) - open log_inprogress_0 at position 0
2025-10-10 10:37:49,446 [36185c6b-22ce-45d1-a622-3a6b487a5a53@group-6EF60CB14872-LeaderElection22] INFO  server.RaftServer$Division (ServerState.java:setRaftConf(386)) - 36185c6b-22ce-45d1-a622-3a6b487a5a53@group-6EF60CB14872: set configuration conf: {index: 0, cur=peers:[aa9634f0-8836-44d6-bc05-5b19fbdd93d5|127.0.0.1:15063, 36185c6b-22ce-45d1-a622-3a6b487a5a53|127.0.0.1:15071, 895d447a-5476-42e4-b2fa-6eb687701d46|127.0.0.1:15079]|listeners:[], old=null}
2025-10-10 10:37:49,452 [EventQueue-PipelineReportForPipelineReportHandler] INFO  pipeline.PipelineReportHandler (PipelineReportHandler.java:processPipelineReport(132)) - Opened pipeline Pipeline-56f6ef43-c50c-4d35-89b5-6ef60cb14872
2025-10-10 10:37:49,453 [grpc-default-executor-4] INFO  ratis.XceiverServerRatis (XceiverServerRatis.java:handleLeaderChangedNotification(940)) - Leader change notification received for group: group-6EF60CB14872 with new leaderId: 36185c6b-22ce-45d1-a622-3a6b487a5a53
2025-10-10 10:37:49,453 [grpc-default-executor-4] INFO  server.RaftServer$Division (ServerState.java:setLeader(272)) - aa9634f0-8836-44d6-bc05-5b19fbdd93d5@group-6EF60CB14872: change Leader from null to 36185c6b-22ce-45d1-a622-3a6b487a5a53 at term 1 for appendEntries, leader elected after 1206ms
2025-10-10 10:37:49,453 [grpc-default-executor-4] INFO  server.RaftServer$Division (ServerState.java:setRaftConf(386)) - aa9634f0-8836-44d6-bc05-5b19fbdd93d5@group-6EF60CB14872: set configuration conf: {index: 0, cur=peers:[aa9634f0-8836-44d6-bc05-5b19fbdd93d5|127.0.0.1:15063, 36185c6b-22ce-45d1-a622-3a6b487a5a53|127.0.0.1:15071, 895d447a-5476-42e4-b2fa-6eb687701d46|127.0.0.1:15079]|listeners:[], old=null}
2025-10-10 10:37:49,455 [grpc-default-executor-4] INFO  segmented.SegmentedRaftLogWorker (SegmentedRaftLogWorker.java:startLogSegment(440)) - aa9634f0-8836-44d6-bc05-5b19fbdd93d5@group-6EF60CB14872-SegmentedRaftLogWorker: Starting segment from index:0
2025-10-10 10:37:49,456 [aa9634f0-8836-44d6-bc05-5b19fbdd93d5@group-6EF60CB14872-SegmentedRaftLogWorker] INFO  segmented.BufferedWriteChannel (BufferedWriteChannel.java:open(61)) - open log_inprogress_0 at position 0
2025-10-10 10:37:49,455 [36185c6b-22ce-45d1-a622-3a6b487a5a53@group-6EF60CB14872-SegmentedRaftLogWorker] INFO  segmented.SegmentedRaftLogWorker (SegmentedRaftLogWorker.java:execute(647)) - 36185c6b-22ce-45d1-a622-3a6b487a5a53@group-6EF60CB14872-SegmentedRaftLogWorker: created new log segment /home/runner/work/ozone/ozone/hadoop-ozone/integration-test/target/test-dir/MiniOzoneClusterImpl-611c99c7-d47b-4433-a4ef-cd0a35b076ef/ozone-metadata/datanode-8/ratis/56f6ef43-c50c-4d35-89b5-6ef60cb14872/current/log_inprogress_0
2025-10-10 10:37:49,454 [grpc-default-executor-0] INFO  ratis.XceiverServerRatis (XceiverServerRatis.java:handleLeaderChangedNotification(940)) - Leader change notification received for group: group-6EF60CB14872 with new leaderId: 36185c6b-22ce-45d1-a622-3a6b487a5a53
2025-10-10 10:37:49,458 [grpc-default-executor-0] INFO  server.RaftServer$Division (ServerState.java:setLeader(272)) - 895d447a-5476-42e4-b2fa-6eb687701d46@group-6EF60CB14872: change Leader from null to 36185c6b-22ce-45d1-a622-3a6b487a5a53 at term 1 for appendEntries, leader elected after 1078ms
2025-10-10 10:37:49,458 [grpc-default-executor-3] INFO  server.RaftServer$Division (ServerState.java:setRaftConf(386)) - 895d447a-5476-42e4-b2fa-6eb687701d46@group-6EF60CB14872: set configuration conf: {index: 0, cur=peers:[aa9634f0-8836-44d6-bc05-5b19fbdd93d5|127.0.0.1:15063, 36185c6b-22ce-45d1-a622-3a6b487a5a53|127.0.0.1:15071, 895d447a-5476-42e4-b2fa-6eb687701d46|127.0.0.1:15079]|listeners:[], old=null}
2025-10-10 10:37:49,459 [grpc-default-executor-3] INFO  segmented.SegmentedRaftLogWorker (SegmentedRaftLogWorker.java:startLogSegment(440)) - 895d447a-5476-42e4-b2fa-6eb687701d46@group-6EF60CB14872-SegmentedRaftLogWorker: Starting segment from index:0
2025-10-10 10:37:49,460 [895d447a-5476-42e4-b2fa-6eb687701d46@group-6EF60CB14872-SegmentedRaftLogWorker] INFO  segmented.BufferedWriteChannel (BufferedWriteChannel.java:open(61)) - open log_inprogress_0 at position 0
2025-10-10 10:37:49,463 [aa9634f0-8836-44d6-bc05-5b19fbdd93d5@group-6EF60CB14872-SegmentedRaftLogWorker] INFO  segmented.SegmentedRaftLogWorker (SegmentedRaftLogWorker.java:execute(647)) - aa9634f0-8836-44d6-bc05-5b19fbdd93d5@group-6EF60CB14872-SegmentedRaftLogWorker: created new log segment /home/runner/work/ozone/ozone/hadoop-ozone/integration-test/target/test-dir/MiniOzoneClusterImpl-611c99c7-d47b-4433-a4ef-cd0a35b076ef/ozone-metadata/datanode-7/ratis/56f6ef43-c50c-4d35-89b5-6ef60cb14872/current/log_inprogress_0
2025-10-10 10:37:49,469 [895d447a-5476-42e4-b2fa-6eb687701d46@group-6EF60CB14872-SegmentedRaftLogWorker] INFO  segmented.SegmentedRaftLogWorker (SegmentedRaftLogWorker.java:execute(647)) - 895d447a-5476-42e4-b2fa-6eb687701d46@group-6EF60CB14872-SegmentedRaftLogWorker: created new log segment /home/runner/work/ozone/ozone/hadoop-ozone/integration-test/target/test-dir/MiniOzoneClusterImpl-611c99c7-d47b-4433-a4ef-cd0a35b076ef/ozone-metadata/datanode-9/ratis/56f6ef43-c50c-4d35-89b5-6ef60cb14872/current/log_inprogress_0
2025-10-10 10:37:49,469 [36185c6b-22ce-45d1-a622-3a6b487a5a53@group-6EF60CB14872-StateMachineUpdater] INFO  server.RaftServer$Division (LeaderStateImpl.java:checkStartIndex(309)) - Leader 36185c6b-22ce-45d1-a622-3a6b487a5a53@group-6EF60CB14872-LeaderStateImpl is ready since appliedIndex == startIndex == 0
2025-10-10 10:37:49,475 [36185c6b-22ce-45d1-a622-3a6b487a5a53@group-386B2F16DF49-FollowerState] INFO  impl.FollowerState (FollowerState.java:runImpl(161)) - 36185c6b-22ce-45d1-a622-3a6b487a5a53@group-386B2F16DF49-FollowerState: change to CANDIDATE, lastRpcElapsedTime:1099003526ns, electionTimeout:1097ms
2025-10-10 10:37:49,475 [36185c6b-22ce-45d1-a622-3a6b487a5a53@group-386B2F16DF49-FollowerState] INFO  impl.RoleInfo (RoleInfo.java:shutdownFollowerState(121)) - 36185c6b-22ce-45d1-a622-3a6b487a5a53: shutdown 36185c6b-22ce-45d1-a622-3a6b487a5a53@group-386B2F16DF49-FollowerState
2025-10-10 10:37:49,475 [36185c6b-22ce-45d1-a622-3a6b487a5a53@group-386B2F16DF49-FollowerState] INFO  server.RaftServer$Division (RaftServerImpl.java:setRole(392)) - 36185c6b-22ce-45d1-a622-3a6b487a5a53@group-386B2F16DF49: changes role from  FOLLOWER to CANDIDATE at term 0 for changeToCandidate
2025-10-10 10:37:49,475 [36185c6b-22ce-45d1-a622-3a6b487a5a53@group-386B2F16DF49-FollowerState] INFO  impl.RoleInfo (RoleInfo.java:updateAndGet(148)) - 36185c6b-22ce-45d1-a622-3a6b487a5a53: start 36185c6b-22ce-45d1-a622-3a6b487a5a53@group-386B2F16DF49-LeaderElection23
2025-10-10 10:37:49,476 [36185c6b-22ce-45d1-a622-3a6b487a5a53@group-386B2F16DF49-LeaderElection23] INFO  impl.LeaderElection (LeaderElection.java:askForVotes(448)) - 36185c6b-22ce-45d1-a622-3a6b487a5a53@group-386B2F16DF49-LeaderElection23 PRE_VOTE round 0: submit vote requests at term 0 for conf: {index: -1, cur=peers:[36185c6b-22ce-45d1-a622-3a6b487a5a53|127.0.0.1:15071]|listeners:[], old=null}
2025-10-10 10:37:49,476 [36185c6b-22ce-45d1-a622-3a6b487a5a53@group-386B2F16DF49-LeaderElection23] INFO  impl.LeaderElection (LeaderElection.java:askForVotes(450)) - 36185c6b-22ce-45d1-a622-3a6b487a5a53@group-386B2F16DF49-LeaderElection23 PRE_VOTE round 0: result PASSED (term=0)
2025-10-10 10:37:49,477 [36185c6b-22ce-45d1-a622-3a6b487a5a53@group-386B2F16DF49-LeaderElection23] INFO  impl.LeaderElection (LeaderElection.java:askForVotes(448)) - 36185c6b-22ce-45d1-a622-3a6b487a5a53@group-386B2F16DF49-LeaderElection23 ELECTION round 0: submit vote requests at term 1 for conf: {index: -1, cur=peers:[36185c6b-22ce-45d1-a622-3a6b487a5a53|127.0.0.1:15071]|listeners:[], old=null}
2025-10-10 10:37:49,477 [36185c6b-22ce-45d1-a622-3a6b487a5a53@group-386B2F16DF49-LeaderElection23] INFO  impl.LeaderElection (LeaderElection.java:askForVotes(450)) - 36185c6b-22ce-45d1-a622-3a6b487a5a53@group-386B2F16DF49-LeaderElection23 ELECTION round 0: result PASSED (term=1)
2025-10-10 10:37:49,477 [36185c6b-22ce-45d1-a622-3a6b487a5a53@group-386B2F16DF49-LeaderElection23] INFO  impl.RoleInfo (RoleInfo.java:shutdownLeaderElection(141)) - 36185c6b-22ce-45d1-a622-3a6b487a5a53: shutdown 36185c6b-22ce-45d1-a622-3a6b487a5a53@group-386B2F16DF49-LeaderElection23
2025-10-10 10:37:49,478 [36185c6b-22ce-45d1-a622-3a6b487a5a53@group-386B2F16DF49-LeaderElection23] INFO  server.RaftServer$Division (RaftServerImpl.java:setRole(392)) - 36185c6b-22ce-45d1-a622-3a6b487a5a53@group-386B2F16DF49: changes role from CANDIDATE to LEADER at term 1 for changeToLeader
2025-10-10 10:37:49,478 [36185c6b-22ce-45d1-a622-3a6b487a5a53@group-386B2F16DF49-LeaderElection23] INFO  server.RaftServerConfigKeys (ConfUtils.java:logFallback(69)) - raft.server.staging.timeout = 3600ms (fallback to raft.server.rpc.timeout.max)
2025-10-10 10:37:49,478 [36185c6b-22ce-45d1-a622-3a6b487a5a53@group-386B2F16DF49-LeaderElection23] INFO  server.RaftServerConfigKeys (ConfUtils.java:logGet(62)) - raft.server.write.byte-limit = 1024 M (=1073741824) (custom)
2025-10-10 10:37:49,479 [36185c6b-22ce-45d1-a622-3a6b487a5a53@group-386B2F16DF49-LeaderElection23] INFO  impl.RoleInfo (RoleInfo.java:updateAndGet(148)) - 36185c6b-22ce-45d1-a622-3a6b487a5a53: start 36185c6b-22ce-45d1-a622-3a6b487a5a53@group-386B2F16DF49-LeaderStateImpl
2025-10-10 10:37:49,479 [36185c6b-22ce-45d1-a622-3a6b487a5a53@group-386B2F16DF49-LeaderElection23] INFO  server.RaftServer$Division (RaftServerImpl.java:setFirstElection(576)) - 36185c6b-22ce-45d1-a622-3a6b487a5a53@group-386B2F16DF49: set firstElectionSinceStartup to false for becomeLeader
2025-10-10 10:37:49,479 [36185c6b-22ce-45d1-a622-3a6b487a5a53@group-386B2F16DF49-LeaderElection23] INFO  ratis.XceiverServerRatis (XceiverServerRatis.java:handleLeaderChangedNotification(940)) - Leader change notification received for group: group-386B2F16DF49 with new leaderId: 36185c6b-22ce-45d1-a622-3a6b487a5a53
2025-10-10 10:37:49,479 [36185c6b-22ce-45d1-a622-3a6b487a5a53@group-386B2F16DF49-LeaderElection23] INFO  server.RaftServer$Division (ServerState.java:setLeader(272)) - 36185c6b-22ce-45d1-a622-3a6b487a5a53@group-386B2F16DF49: change Leader from null to 36185c6b-22ce-45d1-a622-3a6b487a5a53 at term 1 for becomeLeader, leader elected after 1154ms
2025-10-10 10:37:49,479 [36185c6b-22ce-45d1-a622-3a6b487a5a53@group-386B2F16DF49-LeaderElection23] INFO  segmented.SegmentedRaftLogWorker (SegmentedRaftLogWorker.java:startLogSegment(440)) - 36185c6b-22ce-45d1-a622-3a6b487a5a53@group-386B2F16DF49-SegmentedRaftLogWorker: Starting segment from index:0
2025-10-10 10:37:49,480 [36185c6b-22ce-45d1-a622-3a6b487a5a53@group-386B2F16DF49-SegmentedRaftLogWorker] INFO  segmented.BufferedWriteChannel (BufferedWriteChannel.java:open(61)) - open log_inprogress_0 at position 0
2025-10-10 10:37:49,481 [36185c6b-22ce-45d1-a622-3a6b487a5a53@group-386B2F16DF49-LeaderElection23] INFO  server.RaftServer$Division (ServerState.java:setRaftConf(386)) - 36185c6b-22ce-45d1-a622-3a6b487a5a53@group-386B2F16DF49: set configuration conf: {index: 0, cur=peers:[36185c6b-22ce-45d1-a622-3a6b487a5a53|127.0.0.1:15071]|listeners:[], old=null}
2025-10-10 10:37:49,487 [36185c6b-22ce-45d1-a622-3a6b487a5a53@group-386B2F16DF49-SegmentedRaftLogWorker] INFO  segmented.SegmentedRaftLogWorker (SegmentedRaftLogWorker.java:execute(647)) - 36185c6b-22ce-45d1-a622-3a6b487a5a53@group-386B2F16DF49-SegmentedRaftLogWorker: created new log segment /home/runner/work/ozone/ozone/hadoop-ozone/integration-test/target/test-dir/MiniOzoneClusterImpl-611c99c7-d47b-4433-a4ef-cd0a35b076ef/ozone-metadata/datanode-8/ratis/db5b5c2b-f866-4aec-a921-386b2f16df49/current/log_inprogress_0
2025-10-10 10:37:49,490 [36185c6b-22ce-45d1-a622-3a6b487a5a53@group-386B2F16DF49-StateMachineUpdater] INFO  server.RaftServer$Division (LeaderStateImpl.java:checkStartIndex(309)) - Leader 36185c6b-22ce-45d1-a622-3a6b487a5a53@group-386B2F16DF49-LeaderStateImpl is ready since appliedIndex == startIndex == 0
2025-10-10 10:37:49,631 [895d447a-5476-42e4-b2fa-6eb687701d46@group-263A5124E6E8-FollowerState] INFO  impl.FollowerState (FollowerState.java:runImpl(161)) - 895d447a-5476-42e4-b2fa-6eb687701d46@group-263A5124E6E8-FollowerState: change to CANDIDATE, lastRpcElapsedTime:1070027597ns, electionTimeout:1069ms
2025-10-10 10:37:49,631 [895d447a-5476-42e4-b2fa-6eb687701d46@group-263A5124E6E8-FollowerState] INFO  impl.RoleInfo (RoleInfo.java:shutdownFollowerState(121)) - 895d447a-5476-42e4-b2fa-6eb687701d46: shutdown 895d447a-5476-42e4-b2fa-6eb687701d46@group-263A5124E6E8-FollowerState
2025-10-10 10:37:49,631 [895d447a-5476-42e4-b2fa-6eb687701d46@group-263A5124E6E8-FollowerState] INFO  server.RaftServer$Division (RaftServerImpl.java:setRole(392)) - 895d447a-5476-42e4-b2fa-6eb687701d46@group-263A5124E6E8: changes role from  FOLLOWER to CANDIDATE at term 0 for changeToCandidate
2025-10-10 10:37:49,631 [895d447a-5476-42e4-b2fa-6eb687701d46@group-263A5124E6E8-FollowerState] INFO  impl.RoleInfo (RoleInfo.java:updateAndGet(148)) - 895d447a-5476-42e4-b2fa-6eb687701d46: start 895d447a-5476-42e4-b2fa-6eb687701d46@group-263A5124E6E8-LeaderElection24
2025-10-10 10:37:49,631 [895d447a-5476-42e4-b2fa-6eb687701d46@group-263A5124E6E8-LeaderElection24] INFO  impl.LeaderElection (LeaderElection.java:askForVotes(448)) - 895d447a-5476-42e4-b2fa-6eb687701d46@group-263A5124E6E8-LeaderElection24 PRE_VOTE round 0: submit vote requests at term 0 for conf: {index: -1, cur=peers:[895d447a-5476-42e4-b2fa-6eb687701d46|127.0.0.1:15079]|listeners:[], old=null}
2025-10-10 10:37:49,632 [895d447a-5476-42e4-b2fa-6eb687701d46@group-263A5124E6E8-LeaderElection24] INFO  impl.LeaderElection (LeaderElection.java:askForVotes(450)) - 895d447a-5476-42e4-b2fa-6eb687701d46@group-263A5124E6E8-LeaderElection24 PRE_VOTE round 0: result PASSED (term=0)
2025-10-10 10:37:49,633 [895d447a-5476-42e4-b2fa-6eb687701d46@group-263A5124E6E8-LeaderElection24] INFO  impl.LeaderElection (LeaderElection.java:askForVotes(448)) - 895d447a-5476-42e4-b2fa-6eb687701d46@group-263A5124E6E8-LeaderElection24 ELECTION round 0: submit vote requests at term 1 for conf: {index: -1, cur=peers:[895d447a-5476-42e4-b2fa-6eb687701d46|127.0.0.1:15079]|listeners:[], old=null}
2025-10-10 10:37:49,633 [895d447a-5476-42e4-b2fa-6eb687701d46@group-263A5124E6E8-LeaderElection24] INFO  impl.LeaderElection (LeaderElection.java:askForVotes(450)) - 895d447a-5476-42e4-b2fa-6eb687701d46@group-263A5124E6E8-LeaderElection24 ELECTION round 0: result PASSED (term=1)
2025-10-10 10:37:49,633 [895d447a-5476-42e4-b2fa-6eb687701d46@group-263A5124E6E8-LeaderElection24] INFO  impl.RoleInfo (RoleInfo.java:shutdownLeaderElection(141)) - 895d447a-5476-42e4-b2fa-6eb687701d46: shutdown 895d447a-5476-42e4-b2fa-6eb687701d46@group-263A5124E6E8-LeaderElection24
2025-10-10 10:37:49,633 [895d447a-5476-42e4-b2fa-6eb687701d46@group-263A5124E6E8-LeaderElection24] INFO  server.RaftServer$Division (RaftServerImpl.java:setRole(392)) - 895d447a-5476-42e4-b2fa-6eb687701d46@group-263A5124E6E8: changes role from CANDIDATE to LEADER at term 1 for changeToLeader
2025-10-10 10:37:49,633 [895d447a-5476-42e4-b2fa-6eb687701d46@group-263A5124E6E8-LeaderElection24] INFO  server.RaftServerConfigKeys (ConfUtils.java:logFallback(69)) - raft.server.staging.timeout = 3600ms (fallback to raft.server.rpc.timeout.max)
2025-10-10 10:37:49,633 [895d447a-5476-42e4-b2fa-6eb687701d46@group-263A5124E6E8-LeaderElection24] INFO  server.RaftServerConfigKeys (ConfUtils.java:logGet(62)) - raft.server.write.byte-limit = 1024 M (=1073741824) (custom)
2025-10-10 10:37:49,634 [895d447a-5476-42e4-b2fa-6eb687701d46@group-263A5124E6E8-LeaderElection24] INFO  impl.RoleInfo (RoleInfo.java:updateAndGet(148)) - 895d447a-5476-42e4-b2fa-6eb687701d46: start 895d447a-5476-42e4-b2fa-6eb687701d46@group-263A5124E6E8-LeaderStateImpl
2025-10-10 10:37:49,634 [895d447a-5476-42e4-b2fa-6eb687701d46@group-263A5124E6E8-LeaderElection24] INFO  server.RaftServer$Division (RaftServerImpl.java:setFirstElection(576)) - 895d447a-5476-42e4-b2fa-6eb687701d46@group-263A5124E6E8: set firstElectionSinceStartup to false for becomeLeader
2025-10-10 10:37:49,634 [895d447a-5476-42e4-b2fa-6eb687701d46@group-263A5124E6E8-LeaderElection24] INFO  ratis.XceiverServerRatis (XceiverServerRatis.java:handleLeaderChangedNotification(940)) - Leader change notification received for group: group-263A5124E6E8 with new leaderId: 895d447a-5476-42e4-b2fa-6eb687701d46
2025-10-10 10:37:49,635 [895d447a-5476-42e4-b2fa-6eb687701d46@group-263A5124E6E8-LeaderElection24] INFO  server.RaftServer$Division (ServerState.java:setLeader(272)) - 895d447a-5476-42e4-b2fa-6eb687701d46@group-263A5124E6E8: change Leader from null to 895d447a-5476-42e4-b2fa-6eb687701d46 at term 1 for becomeLeader, leader elected after 1092ms
2025-10-10 10:37:49,635 [895d447a-5476-42e4-b2fa-6eb687701d46@group-263A5124E6E8-LeaderElection24] INFO  segmented.SegmentedRaftLogWorker (SegmentedRaftLogWorker.java:startLogSegment(440)) - 895d447a-5476-42e4-b2fa-6eb687701d46@group-263A5124E6E8-SegmentedRaftLogWorker: Starting segment from index:0
2025-10-10 10:37:49,635 [895d447a-5476-42e4-b2fa-6eb687701d46@group-263A5124E6E8-SegmentedRaftLogWorker] INFO  segmented.BufferedWriteChannel (BufferedWriteChannel.java:open(61)) - open log_inprogress_0 at position 0
2025-10-10 10:37:49,637 [895d447a-5476-42e4-b2fa-6eb687701d46@group-263A5124E6E8-LeaderElection24] INFO  server.RaftServer$Division (ServerState.java:setRaftConf(386)) - 895d447a-5476-42e4-b2fa-6eb687701d46@group-263A5124E6E8: set configuration conf: {index: 0, cur=peers:[895d447a-5476-42e4-b2fa-6eb687701d46|127.0.0.1:15079]|listeners:[], old=null}
2025-10-10 10:37:49,642 [895d447a-5476-42e4-b2fa-6eb687701d46@group-263A5124E6E8-SegmentedRaftLogWorker] INFO  segmented.SegmentedRaftLogWorker (SegmentedRaftLogWorker.java:execute(647)) - 895d447a-5476-42e4-b2fa-6eb687701d46@group-263A5124E6E8-SegmentedRaftLogWorker: created new log segment /home/runner/work/ozone/ozone/hadoop-ozone/integration-test/target/test-dir/MiniOzoneClusterImpl-611c99c7-d47b-4433-a4ef-cd0a35b076ef/ozone-metadata/datanode-9/ratis/1890b19a-2da7-4d82-9892-263a5124e6e8/current/log_inprogress_0
2025-10-10 10:37:49,644 [895d447a-5476-42e4-b2fa-6eb687701d46@group-263A5124E6E8-StateMachineUpdater] INFO  server.RaftServer$Division (LeaderStateImpl.java:checkStartIndex(309)) - Leader 895d447a-5476-42e4-b2fa-6eb687701d46@group-263A5124E6E8-LeaderStateImpl is ready since appliedIndex == startIndex == 0
2025-10-10 10:37:49,853 [2845ecb9-1de7-4fe5-b5c4-cb17d9505b49@group-9FBADB30A490-FollowerState] INFO  impl.FollowerState (FollowerState.java:runImpl(161)) - 2845ecb9-1de7-4fe5-b5c4-cb17d9505b49@group-9FBADB30A490-FollowerState: change to CANDIDATE, lastRpcElapsedTime:1038783716ns, electionTimeout:1038ms
2025-10-10 10:37:49,853 [2845ecb9-1de7-4fe5-b5c4-cb17d9505b49@group-9FBADB30A490-FollowerState] INFO  impl.RoleInfo (RoleInfo.java:shutdownFollowerState(121)) - 2845ecb9-1de7-4fe5-b5c4-cb17d9505b49: shutdown 2845ecb9-1de7-4fe5-b5c4-cb17d9505b49@group-9FBADB30A490-FollowerState
2025-10-10 10:37:49,853 [2845ecb9-1de7-4fe5-b5c4-cb17d9505b49@group-9FBADB30A490-FollowerState] INFO  server.RaftServer$Division (RaftServerImpl.java:setRole(392)) - 2845ecb9-1de7-4fe5-b5c4-cb17d9505b49@group-9FBADB30A490: changes role from  FOLLOWER to CANDIDATE at term 0 for changeToCandidate
2025-10-10 10:37:49,853 [2845ecb9-1de7-4fe5-b5c4-cb17d9505b49@group-9FBADB30A490-FollowerState] INFO  impl.RoleInfo (RoleInfo.java:updateAndGet(148)) - 2845ecb9-1de7-4fe5-b5c4-cb17d9505b49: start 2845ecb9-1de7-4fe5-b5c4-cb17d9505b49@group-9FBADB30A490-LeaderElection25
2025-10-10 10:37:49,853 [2845ecb9-1de7-4fe5-b5c4-cb17d9505b49@group-9FBADB30A490-LeaderElection25] INFO  impl.LeaderElection (LeaderElection.java:askForVotes(448)) - 2845ecb9-1de7-4fe5-b5c4-cb17d9505b49@group-9FBADB30A490-LeaderElection25 PRE_VOTE round 0: submit vote requests at term 0 for conf: {index: -1, cur=peers:[2845ecb9-1de7-4fe5-b5c4-cb17d9505b49|127.0.0.1:15087]|listeners:[], old=null}
2025-10-10 10:37:49,853 [2845ecb9-1de7-4fe5-b5c4-cb17d9505b49@group-9FBADB30A490-LeaderElection25] INFO  impl.LeaderElection (LeaderElection.java:askForVotes(450)) - 2845ecb9-1de7-4fe5-b5c4-cb17d9505b49@group-9FBADB30A490-LeaderElection25 PRE_VOTE round 0: result PASSED (term=0)
2025-10-10 10:37:49,854 [2845ecb9-1de7-4fe5-b5c4-cb17d9505b49@group-9FBADB30A490-LeaderElection25] INFO  impl.LeaderElection (LeaderElection.java:askForVotes(448)) - 2845ecb9-1de7-4fe5-b5c4-cb17d9505b49@group-9FBADB30A490-LeaderElection25 ELECTION round 0: submit vote requests at term 1 for conf: {index: -1, cur=peers:[2845ecb9-1de7-4fe5-b5c4-cb17d9505b49|127.0.0.1:15087]|listeners:[], old=null}
2025-10-10 10:37:49,854 [2845ecb9-1de7-4fe5-b5c4-cb17d9505b49@group-9FBADB30A490-LeaderElection25] INFO  impl.LeaderElection (LeaderElection.java:askForVotes(450)) - 2845ecb9-1de7-4fe5-b5c4-cb17d9505b49@group-9FBADB30A490-LeaderElection25 ELECTION round 0: result PASSED (term=1)
2025-10-10 10:37:49,854 [2845ecb9-1de7-4fe5-b5c4-cb17d9505b49@group-9FBADB30A490-LeaderElection25] INFO  impl.RoleInfo (RoleInfo.java:shutdownLeaderElection(141)) - 2845ecb9-1de7-4fe5-b5c4-cb17d9505b49: shutdown 2845ecb9-1de7-4fe5-b5c4-cb17d9505b49@group-9FBADB30A490-LeaderElection25
2025-10-10 10:37:49,854 [2845ecb9-1de7-4fe5-b5c4-cb17d9505b49@group-9FBADB30A490-LeaderElection25] INFO  server.RaftServer$Division (RaftServerImpl.java:setRole(392)) - 2845ecb9-1de7-4fe5-b5c4-cb17d9505b49@group-9FBADB30A490: changes role from CANDIDATE to LEADER at term 1 for changeToLeader
2025-10-10 10:37:49,855 [2845ecb9-1de7-4fe5-b5c4-cb17d9505b49@group-9FBADB30A490-LeaderElection25] INFO  server.RaftServerConfigKeys (ConfUtils.java:logFallback(69)) - raft.server.staging.timeout = 3600ms (fallback to raft.server.rpc.timeout.max)
2025-10-10 10:37:49,855 [2845ecb9-1de7-4fe5-b5c4-cb17d9505b49@group-9FBADB30A490-LeaderElection25] INFO  server.RaftServerConfigKeys (ConfUtils.java:logGet(62)) - raft.server.write.byte-limit = 1024 M (=1073741824) (custom)
2025-10-10 10:37:49,856 [2845ecb9-1de7-4fe5-b5c4-cb17d9505b49@group-9FBADB30A490-LeaderElection25] INFO  impl.RoleInfo (RoleInfo.java:updateAndGet(148)) - 2845ecb9-1de7-4fe5-b5c4-cb17d9505b49: start 2845ecb9-1de7-4fe5-b5c4-cb17d9505b49@group-9FBADB30A490-LeaderStateImpl
2025-10-10 10:37:49,856 [2845ecb9-1de7-4fe5-b5c4-cb17d9505b49@group-9FBADB30A490-LeaderElection25] INFO  server.RaftServer$Division (RaftServerImpl.java:setFirstElection(576)) - 2845ecb9-1de7-4fe5-b5c4-cb17d9505b49@group-9FBADB30A490: set firstElectionSinceStartup to false for becomeLeader
2025-10-10 10:37:49,856 [2845ecb9-1de7-4fe5-b5c4-cb17d9505b49@group-9FBADB30A490-LeaderElection25] INFO  ratis.XceiverServerRatis (XceiverServerRatis.java:handleLeaderChangedNotification(940)) - Leader change notification received for group: group-9FBADB30A490 with new leaderId: 2845ecb9-1de7-4fe5-b5c4-cb17d9505b49
2025-10-10 10:37:49,856 [2845ecb9-1de7-4fe5-b5c4-cb17d9505b49@group-9FBADB30A490-LeaderElection25] INFO  server.RaftServer$Division (ServerState.java:setLeader(272)) - 2845ecb9-1de7-4fe5-b5c4-cb17d9505b49@group-9FBADB30A490: change Leader from null to 2845ecb9-1de7-4fe5-b5c4-cb17d9505b49 at term 1 for becomeLeader, leader elected after 1059ms
2025-10-10 10:37:49,856 [2845ecb9-1de7-4fe5-b5c4-cb17d9505b49@group-9FBADB30A490-LeaderElection25] INFO  segmented.SegmentedRaftLogWorker (SegmentedRaftLogWorker.java:startLogSegment(440)) - 2845ecb9-1de7-4fe5-b5c4-cb17d9505b49@group-9FBADB30A490-SegmentedRaftLogWorker: Starting segment from index:0
2025-10-10 10:37:49,856 [2845ecb9-1de7-4fe5-b5c4-cb17d9505b49@group-9FBADB30A490-LeaderElection25] INFO  server.RaftServer$Division (ServerState.java:setRaftConf(386)) - 2845ecb9-1de7-4fe5-b5c4-cb17d9505b49@group-9FBADB30A490: set configuration conf: {index: 0, cur=peers:[2845ecb9-1de7-4fe5-b5c4-cb17d9505b49|127.0.0.1:15087]|listeners:[], old=null}
2025-10-10 10:37:49,857 [2845ecb9-1de7-4fe5-b5c4-cb17d9505b49@group-9FBADB30A490-SegmentedRaftLogWorker] INFO  segmented.BufferedWriteChannel (BufferedWriteChannel.java:open(61)) - open log_inprogress_0 at position 0
2025-10-10 10:37:49,862 [2845ecb9-1de7-4fe5-b5c4-cb17d9505b49@group-9FBADB30A490-SegmentedRaftLogWorker] INFO  segmented.SegmentedRaftLogWorker (SegmentedRaftLogWorker.java:execute(647)) - 2845ecb9-1de7-4fe5-b5c4-cb17d9505b49@group-9FBADB30A490-SegmentedRaftLogWorker: created new log segment /home/runner/work/ozone/ozone/hadoop-ozone/integration-test/target/test-dir/MiniOzoneClusterImpl-611c99c7-d47b-4433-a4ef-cd0a35b076ef/ozone-metadata/datanode-10/ratis/6c9c5fa3-3cea-40a0-a296-9fbadb30a490/current/log_inprogress_0
2025-10-10 10:37:49,864 [2845ecb9-1de7-4fe5-b5c4-cb17d9505b49@group-9FBADB30A490-StateMachineUpdater] INFO  server.RaftServer$Division (LeaderStateImpl.java:checkStartIndex(309)) - Leader 2845ecb9-1de7-4fe5-b5c4-cb17d9505b49@group-9FBADB30A490-LeaderStateImpl is ready since appliedIndex == startIndex == 0
2025-10-10 10:37:50,245 [bb95c33f-a3cb-4bbe-957e-8163c1fc1114-impl-thread2] INFO  segmented.SegmentedRaftLogWorker (SegmentedRaftLogWorker.java:close(254)) - bb95c33f-a3cb-4bbe-957e-8163c1fc1114@group-7E155E250634-SegmentedRaftLogWorker close()
2025-10-10 10:37:50,245 [bb95c33f-a3cb-4bbe-957e-8163c1fc1114-impl-thread2] INFO  ratis.ContainerStateMachine (ContainerStateMachine.java:notifyServerShutdown(1038)) - group-7E155E250634 is closed by HddsDatanodeService
2025-10-10 10:37:50,285 [bb95c33f-a3cb-4bbe-957e-8163c1fc1114-impl-thread3] INFO  segmented.SegmentedRaftLogWorker (SegmentedRaftLogWorker.java:close(254)) - bb95c33f-a3cb-4bbe-957e-8163c1fc1114@group-FF215623FAB7-SegmentedRaftLogWorker close()
2025-10-10 10:37:50,285 [bb95c33f-a3cb-4bbe-957e-8163c1fc1114-impl-thread3] INFO  ratis.ContainerStateMachine (ContainerStateMachine.java:notifyServerShutdown(1038)) - group-FF215623FAB7 is closed by HddsDatanodeService
2025-10-10 10:37:50,286 [JvmPauseMonitor5] INFO  util.JvmPauseMonitor (JvmPauseMonitor.java:run(152)) - JvmPauseMonitor-bb95c33f-a3cb-4bbe-957e-8163c1fc1114: Stopped
2025-10-10 10:37:51,214 [43369f36-6a0f-45ae-a8eb-f0d390948370@group-7E155E250634-FollowerState] INFO  impl.FollowerState (FollowerState.java:runImpl(161)) - 43369f36-6a0f-45ae-a8eb-f0d390948370@group-7E155E250634-FollowerState: change to CANDIDATE, lastRpcElapsedTime:1966813163ns, electionTimeout:1094ms
2025-10-10 10:37:51,214 [43369f36-6a0f-45ae-a8eb-f0d390948370@group-7E155E250634-FollowerState] INFO  impl.RoleInfo (RoleInfo.java:shutdownFollowerState(121)) - 43369f36-6a0f-45ae-a8eb-f0d390948370: shutdown 43369f36-6a0f-45ae-a8eb-f0d390948370@group-7E155E250634-FollowerState
2025-10-10 10:37:51,214 [43369f36-6a0f-45ae-a8eb-f0d390948370@group-7E155E250634-FollowerState] INFO  server.RaftServer$Division (RaftServerImpl.java:setRole(392)) - 43369f36-6a0f-45ae-a8eb-f0d390948370@group-7E155E250634: changes role from  FOLLOWER to CANDIDATE at term 1 for changeToCandidate
2025-10-10 10:37:51,214 [43369f36-6a0f-45ae-a8eb-f0d390948370@group-7E155E250634-FollowerState] INFO  impl.RoleInfo (RoleInfo.java:updateAndGet(148)) - 43369f36-6a0f-45ae-a8eb-f0d390948370: start 43369f36-6a0f-45ae-a8eb-f0d390948370@group-7E155E250634-LeaderElection26
2025-10-10 10:37:51,215 [43369f36-6a0f-45ae-a8eb-f0d390948370@group-7E155E250634-LeaderElection26] INFO  server.RaftServer$Division (ServerState.java:setLeader(272)) - 43369f36-6a0f-45ae-a8eb-f0d390948370@group-7E155E250634: change Leader from bb95c33f-a3cb-4bbe-957e-8163c1fc1114 to null at term 1 for PRE_VOTE
2025-10-10 10:37:51,215 [43369f36-6a0f-45ae-a8eb-f0d390948370@group-7E155E250634-LeaderElection26] INFO  impl.LeaderElection (LeaderElection.java:askForVotes(448)) - 43369f36-6a0f-45ae-a8eb-f0d390948370@group-7E155E250634-LeaderElection26 PRE_VOTE round 0: submit vote requests at term 1 for conf: {index: 0, cur=peers:[bb95c33f-a3cb-4bbe-957e-8163c1fc1114|127.0.0.1:15031, 1a301c79-b9ef-44e0-a0ae-b339f61819a5|127.0.0.1:15023, 43369f36-6a0f-45ae-a8eb-f0d390948370|127.0.0.1:15015]|listeners:[], old=null}
2025-10-10 10:37:51,217 [grpc-default-executor-3] INFO  server.RaftServer$Division (RaftServerImpl.java:requestVote(1421)) - 1a301c79-b9ef-44e0-a0ae-b339f61819a5@group-7E155E250634: receive requestVote(PRE_VOTE, 43369f36-6a0f-45ae-a8eb-f0d390948370, group-7E155E250634, 1, (t:1, i:4))
2025-10-10 10:37:51,217 [43369f36-6a0f-45ae-a8eb-f0d390948370@group-7E155E250634-LeaderElection26] INFO  impl.LeaderElection (LogUtils.java:infoOrTrace(142)) - 43369f36-6a0f-45ae-a8eb-f0d390948370@group-7E155E250634-LeaderElection26 got exception when requesting votes: java.util.concurrent.ExecutionException: org.apache.ratis.thirdparty.io.grpc.StatusRuntimeException: UNAVAILABLE: io exception
2025-10-10 10:37:51,218 [grpc-default-executor-3] INFO  impl.VoteContext (VoteContext.java:log(49)) - 1a301c79-b9ef-44e0-a0ae-b339f61819a5@group-7E155E250634-FOLLOWER: accept PRE_VOTE from 43369f36-6a0f-45ae-a8eb-f0d390948370: our priority 0 <= candidate's priority 0
2025-10-10 10:37:51,218 [grpc-default-executor-3] INFO  server.RaftServer$Division (RaftServerImpl.java:requestVote(1455)) - 1a301c79-b9ef-44e0-a0ae-b339f61819a5@group-7E155E250634 replies to PRE_VOTE vote request: 43369f36-6a0f-45ae-a8eb-f0d390948370<-1a301c79-b9ef-44e0-a0ae-b339f61819a5#0:OK-t1-last:(t:1, i:4). Peer's state: 1a301c79-b9ef-44e0-a0ae-b339f61819a5@group-7E155E250634:t1, leader=bb95c33f-a3cb-4bbe-957e-8163c1fc1114, voted=bb95c33f-a3cb-4bbe-957e-8163c1fc1114, raftlog=Memoized:1a301c79-b9ef-44e0-a0ae-b339f61819a5@group-7E155E250634-SegmentedRaftLog:OPENED:c2:last(t:1, i:4), conf=conf: {index: 0, cur=peers:[bb95c33f-a3cb-4bbe-957e-8163c1fc1114|127.0.0.1:15031, 1a301c79-b9ef-44e0-a0ae-b339f61819a5|127.0.0.1:15023, 43369f36-6a0f-45ae-a8eb-f0d390948370|127.0.0.1:15015]|listeners:[], old=null}
2025-10-10 10:37:51,219 [43369f36-6a0f-45ae-a8eb-f0d390948370@group-7E155E250634-LeaderElection26] INFO  impl.LeaderElection (LeaderElection.java:logAndReturn(206)) - 43369f36-6a0f-45ae-a8eb-f0d390948370@group-7E155E250634-LeaderElection26: PRE_VOTE PASSED received 1 response(s) and 1 exception(s):
2025-10-10 10:37:51,219 [43369f36-6a0f-45ae-a8eb-f0d390948370@group-7E155E250634-LeaderElection26] INFO  impl.LeaderElection (LeaderElection.java:logAndReturn(210)) -   Response 0: 43369f36-6a0f-45ae-a8eb-f0d390948370<-1a301c79-b9ef-44e0-a0ae-b339f61819a5#0:OK-t1-last:(t:1, i:4)
2025-10-10 10:37:51,219 [43369f36-6a0f-45ae-a8eb-f0d390948370@group-7E155E250634-LeaderElection26] INFO  impl.LeaderElection (LogUtils.java:infoOrTrace(142)) -   Exception 1: java.util.concurrent.ExecutionException: org.apache.ratis.thirdparty.io.grpc.StatusRuntimeException: UNAVAILABLE: io exception
2025-10-10 10:37:51,220 [43369f36-6a0f-45ae-a8eb-f0d390948370@group-7E155E250634-LeaderElection26] INFO  impl.LeaderElection (LeaderElection.java:askForVotes(450)) - 43369f36-6a0f-45ae-a8eb-f0d390948370@group-7E155E250634-LeaderElection26 PRE_VOTE round 0: result PASSED
2025-10-10 10:37:51,221 [43369f36-6a0f-45ae-a8eb-f0d390948370@group-7E155E250634-LeaderElection26] INFO  impl.LeaderElection (LeaderElection.java:askForVotes(448)) - 43369f36-6a0f-45ae-a8eb-f0d390948370@group-7E155E250634-LeaderElection26 ELECTION round 0: submit vote requests at term 2 for conf: {index: 0, cur=peers:[bb95c33f-a3cb-4bbe-957e-8163c1fc1114|127.0.0.1:15031, 1a301c79-b9ef-44e0-a0ae-b339f61819a5|127.0.0.1:15023, 43369f36-6a0f-45ae-a8eb-f0d390948370|127.0.0.1:15015]|listeners:[], old=null}
2025-10-10 10:37:51,222 [43369f36-6a0f-45ae-a8eb-f0d390948370@group-7E155E250634-LeaderElection26] INFO  impl.LeaderElection (LogUtils.java:infoOrTrace(142)) - 43369f36-6a0f-45ae-a8eb-f0d390948370@group-7E155E250634-LeaderElection26 got exception when requesting votes: java.util.concurrent.ExecutionException: org.apache.ratis.thirdparty.io.grpc.StatusRuntimeException: UNAVAILABLE: io exception
2025-10-10 10:37:51,223 [grpc-default-executor-3] INFO  server.RaftServer$Division (RaftServerImpl.java:requestVote(1421)) - 1a301c79-b9ef-44e0-a0ae-b339f61819a5@group-7E155E250634: receive requestVote(ELECTION, 43369f36-6a0f-45ae-a8eb-f0d390948370, group-7E155E250634, 2, (t:1, i:4))
2025-10-10 10:37:51,223 [grpc-default-executor-3] INFO  impl.VoteContext (VoteContext.java:log(49)) - 1a301c79-b9ef-44e0-a0ae-b339f61819a5@group-7E155E250634-FOLLOWER: accept ELECTION from 43369f36-6a0f-45ae-a8eb-f0d390948370: our priority 0 <= candidate's priority 0
2025-10-10 10:37:51,223 [grpc-default-executor-3] INFO  server.RaftServer$Division (RaftServerImpl.java:setRole(392)) - 1a301c79-b9ef-44e0-a0ae-b339f61819a5@group-7E155E250634: changes role from  FOLLOWER to FOLLOWER at term 1 for candidate:43369f36-6a0f-45ae-a8eb-f0d390948370
2025-10-10 10:37:51,223 [grpc-default-executor-3] INFO  impl.RoleInfo (RoleInfo.java:shutdownFollowerState(121)) - 1a301c79-b9ef-44e0-a0ae-b339f61819a5: shutdown 1a301c79-b9ef-44e0-a0ae-b339f61819a5@group-7E155E250634-FollowerState
2025-10-10 10:37:51,223 [grpc-default-executor-3] INFO  server.RaftServer$Division (ServerState.java:setLeader(272)) - 1a301c79-b9ef-44e0-a0ae-b339f61819a5@group-7E155E250634: change Leader from bb95c33f-a3cb-4bbe-957e-8163c1fc1114 to null at term 2 for updateCurrentTerm
2025-10-10 10:37:51,223 [1a301c79-b9ef-44e0-a0ae-b339f61819a5@group-7E155E250634-FollowerState] INFO  impl.FollowerState (FollowerState.java:runImpl(170)) - 1a301c79-b9ef-44e0-a0ae-b339f61819a5@group-7E155E250634-FollowerState was interrupted
2025-10-10 10:37:51,223 [grpc-default-executor-3] INFO  impl.RoleInfo (RoleInfo.java:updateAndGet(148)) - 1a301c79-b9ef-44e0-a0ae-b339f61819a5: start 1a301c79-b9ef-44e0-a0ae-b339f61819a5@group-7E155E250634-FollowerState
2025-10-10 10:37:51,225 [grpc-default-executor-3] INFO  server.RaftServer$Division (RaftServerImpl.java:requestVote(1455)) - 1a301c79-b9ef-44e0-a0ae-b339f61819a5@group-7E155E250634 replies to ELECTION vote request: 43369f36-6a0f-45ae-a8eb-f0d390948370<-1a301c79-b9ef-44e0-a0ae-b339f61819a5#0:OK-t2-last:(t:1, i:4). Peer's state: 1a301c79-b9ef-44e0-a0ae-b339f61819a5@group-7E155E250634:t2, leader=null, voted=43369f36-6a0f-45ae-a8eb-f0d390948370, raftlog=Memoized:1a301c79-b9ef-44e0-a0ae-b339f61819a5@group-7E155E250634-SegmentedRaftLog:OPENED:c2:last(t:1, i:4), conf=conf: {index: 0, cur=peers:[bb95c33f-a3cb-4bbe-957e-8163c1fc1114|127.0.0.1:15031, 1a301c79-b9ef-44e0-a0ae-b339f61819a5|127.0.0.1:15023, 43369f36-6a0f-45ae-a8eb-f0d390948370|127.0.0.1:15015]|listeners:[], old=null}
2025-10-10 10:37:51,225 [43369f36-6a0f-45ae-a8eb-f0d390948370@group-7E155E250634-LeaderElection26] INFO  impl.LeaderElection (LeaderElection.java:logAndReturn(206)) - 43369f36-6a0f-45ae-a8eb-f0d390948370@group-7E155E250634-LeaderElection26: ELECTION PASSED received 1 response(s) and 1 exception(s):
2025-10-10 10:37:51,225 [43369f36-6a0f-45ae-a8eb-f0d390948370@group-7E155E250634-LeaderElection26] INFO  impl.LeaderElection (LeaderElection.java:logAndReturn(210)) -   Response 0: 43369f36-6a0f-45ae-a8eb-f0d390948370<-1a301c79-b9ef-44e0-a0ae-b339f61819a5#0:OK-t2-last:(t:1, i:4)
2025-10-10 10:37:51,226 [43369f36-6a0f-45ae-a8eb-f0d390948370@group-7E155E250634-LeaderElection26] INFO  impl.LeaderElection (LogUtils.java:infoOrTrace(142)) -   Exception 1: java.util.concurrent.ExecutionException: org.apache.ratis.thirdparty.io.grpc.StatusRuntimeException: UNAVAILABLE: io exception
2025-10-10 10:37:51,226 [43369f36-6a0f-45ae-a8eb-f0d390948370@group-7E155E250634-LeaderElection26] INFO  impl.LeaderElection (LeaderElection.java:askForVotes(450)) - 43369f36-6a0f-45ae-a8eb-f0d390948370@group-7E155E250634-LeaderElection26 ELECTION round 0: result PASSED
2025-10-10 10:37:51,226 [43369f36-6a0f-45ae-a8eb-f0d390948370@group-7E155E250634-LeaderElection26] INFO  impl.RoleInfo (RoleInfo.java:shutdownLeaderElection(141)) - 43369f36-6a0f-45ae-a8eb-f0d390948370: shutdown 43369f36-6a0f-45ae-a8eb-f0d390948370@group-7E155E250634-LeaderElection26
2025-10-10 10:37:51,226 [43369f36-6a0f-45ae-a8eb-f0d390948370@group-7E155E250634-LeaderElection26] INFO  server.RaftServer$Division (RaftServerImpl.java:setRole(392)) - 43369f36-6a0f-45ae-a8eb-f0d390948370@group-7E155E250634: changes role from CANDIDATE to LEADER at term 2 for changeToLeader
2025-10-10 10:37:51,226 [43369f36-6a0f-45ae-a8eb-f0d390948370@group-7E155E250634-LeaderElection26] INFO  server.RaftServerConfigKeys (ConfUtils.java:logFallback(69)) - raft.server.staging.timeout = 3600ms (fallback to raft.server.rpc.timeout.max)
2025-10-10 10:37:51,226 [43369f36-6a0f-45ae-a8eb-f0d390948370@group-7E155E250634-LeaderElection26] INFO  server.RaftServerConfigKeys (ConfUtils.java:logGet(62)) - raft.server.write.byte-limit = 1024 M (=1073741824) (custom)
2025-10-10 10:37:51,228 [43369f36-6a0f-45ae-a8eb-f0d390948370@group-7E155E250634-LeaderElection26] INFO  server.RaftServerConfigKeys (ConfUtils.java:logGet(62)) - raft.server.log.appender.buffer.byte-limit = 33554432 (custom)
2025-10-10 10:37:51,229 [43369f36-6a0f-45ae-a8eb-f0d390948370@group-7E155E250634-LeaderElection26] INFO  server.RaftServerConfigKeys (ConfUtils.java:logGet(62)) - raft.server.log.appender.buffer.byte-limit = 33554432 (custom)
2025-10-10 10:37:51,229 [43369f36-6a0f-45ae-a8eb-f0d390948370@group-7E155E250634-LeaderElection26] INFO  impl.RoleInfo (RoleInfo.java:updateAndGet(148)) - 43369f36-6a0f-45ae-a8eb-f0d390948370: start 43369f36-6a0f-45ae-a8eb-f0d390948370@group-7E155E250634-LeaderStateImpl
2025-10-10 10:37:51,229 [43369f36-6a0f-45ae-a8eb-f0d390948370@group-7E155E250634-LeaderElection26] INFO  ratis.XceiverServerRatis (XceiverServerRatis.java:handleLeaderChangedNotification(940)) - Leader change notification received for group: group-7E155E250634 with new leaderId: 43369f36-6a0f-45ae-a8eb-f0d390948370
2025-10-10 10:37:51,229 [43369f36-6a0f-45ae-a8eb-f0d390948370@group-7E155E250634-LeaderElection26] INFO  server.RaftServer$Division (ServerState.java:setLeader(272)) - 43369f36-6a0f-45ae-a8eb-f0d390948370@group-7E155E250634: change Leader from null to 43369f36-6a0f-45ae-a8eb-f0d390948370 at term 2 for becomeLeader, leader elected after 14ms
2025-10-10 10:37:51,230 [43369f36-6a0f-45ae-a8eb-f0d390948370@group-7E155E250634-LeaderElection26] INFO  segmented.SegmentedRaftLogWorker (SegmentedRaftLogWorker.java:rollLogSegment(445)) - 43369f36-6a0f-45ae-a8eb-f0d390948370@group-7E155E250634-SegmentedRaftLogWorker: Rolling segment log-0_4 to index:4
2025-10-10 10:37:51,230 [43369f36-6a0f-45ae-a8eb-f0d390948370@group-7E155E250634-LeaderElection26] INFO  server.RaftServer$Division (ServerState.java:setRaftConf(386)) - 43369f36-6a0f-45ae-a8eb-f0d390948370@group-7E155E250634: set configuration conf: {index: 5, cur=peers:[bb95c33f-a3cb-4bbe-957e-8163c1fc1114|127.0.0.1:15031, 1a301c79-b9ef-44e0-a0ae-b339f61819a5|127.0.0.1:15023, 43369f36-6a0f-45ae-a8eb-f0d390948370|127.0.0.1:15015]|listeners:[], old=null}
2025-10-10 10:37:51,231 [grpc-default-executor-3] WARN  server.GrpcLogAppender (LogUtils.java:warn(127)) - 43369f36-6a0f-45ae-a8eb-f0d390948370@group-7E155E250634->bb95c33f-a3cb-4bbe-957e-8163c1fc1114-AppendLogResponseHandler: Failed appendEntries: org.apache.ratis.thirdparty.io.grpc.StatusRuntimeException: UNAVAILABLE: io exception
  Caused by: org.apache.ratis.thirdparty.io.netty.channel.AbstractChannel$AnnotatedConnectException: finishConnect(..) failed: Connection refused: /127.0.0.1:15031
  Caused by: java.net.ConnectException: finishConnect(..) failed: Connection refused
2025-10-10 10:37:51,232 [grpc-default-executor-3] WARN  server.GrpcLogAppender (GrpcLogAppender.java:lambda$resetClient$1(228)) - 43369f36-6a0f-45ae-a8eb-f0d390948370@group-7E155E250634->bb95c33f-a3cb-4bbe-957e-8163c1fc1114-GrpcLogAppender: Follower failed (request=null, errorCount=1); keep nextIndex (5) unchanged and retry.
2025-10-10 10:37:51,233 [43369f36-6a0f-45ae-a8eb-f0d390948370@group-7E155E250634-SegmentedRaftLogWorker] INFO  segmented.SegmentedRaftLogWorker (SegmentedRaftLogWorker.java:execute(604)) - 43369f36-6a0f-45ae-a8eb-f0d390948370@group-7E155E250634-SegmentedRaftLogWorker: Rolled log segment from /home/runner/work/ozone/ozone/hadoop-ozone/integration-test/target/test-dir/MiniOzoneClusterImpl-611c99c7-d47b-4433-a4ef-cd0a35b076ef/ozone-metadata/datanode-1/ratis/6f49885d-a34d-467d-8256-7e155e250634/current/log_inprogress_0 to /home/runner/work/ozone/ozone/hadoop-ozone/integration-test/target/test-dir/MiniOzoneClusterImpl-611c99c7-d47b-4433-a4ef-cd0a35b076ef/ozone-metadata/datanode-1/ratis/6f49885d-a34d-467d-8256-7e155e250634/current/log_0-4
2025-10-10 10:37:51,233 [43369f36-6a0f-45ae-a8eb-f0d390948370@group-7E155E250634-SegmentedRaftLogWorker] INFO  segmented.BufferedWriteChannel (BufferedWriteChannel.java:open(61)) - open log_inprogress_5 at position 0
2025-10-10 10:37:51,235 [grpc-default-executor-0] WARN  server.GrpcLogAppender (GrpcLogAppender.java:lambda$resetClient$1(228)) - 43369f36-6a0f-45ae-a8eb-f0d390948370@group-7E155E250634->bb95c33f-a3cb-4bbe-957e-8163c1fc1114-GrpcLogAppender: Follower failed (request=null, errorCount=3); keep nextIndex (6) unchanged and retry.
2025-10-10 10:37:51,239 [grpc-default-executor-3] INFO  ratis.XceiverServerRatis (XceiverServerRatis.java:handleLeaderChangedNotification(940)) - Leader change notification received for group: group-7E155E250634 with new leaderId: 43369f36-6a0f-45ae-a8eb-f0d390948370
2025-10-10 10:37:51,239 [grpc-default-executor-3] INFO  server.RaftServer$Division (ServerState.java:setLeader(272)) - 1a301c79-b9ef-44e0-a0ae-b339f61819a5@group-7E155E250634: change Leader from null to 43369f36-6a0f-45ae-a8eb-f0d390948370 at term 2 for appendEntries, leader elected after 16ms
2025-10-10 10:37:51,240 [grpc-default-executor-0] INFO  server.RaftServer$Division (ServerState.java:setRaftConf(386)) - 1a301c79-b9ef-44e0-a0ae-b339f61819a5@group-7E155E250634: set configuration conf: {index: 5, cur=peers:[bb95c33f-a3cb-4bbe-957e-8163c1fc1114|127.0.0.1:15031, 1a301c79-b9ef-44e0-a0ae-b339f61819a5|127.0.0.1:15023, 43369f36-6a0f-45ae-a8eb-f0d390948370|127.0.0.1:15015]|listeners:[], old=null}
2025-10-10 10:37:51,240 [grpc-default-executor-0] INFO  segmented.SegmentedRaftLogWorker (SegmentedRaftLogWorker.java:rollLogSegment(445)) - 1a301c79-b9ef-44e0-a0ae-b339f61819a5@group-7E155E250634-SegmentedRaftLogWorker: Rolling segment log-0_4 to index:4
2025-10-10 10:37:51,242 [43369f36-6a0f-45ae-a8eb-f0d390948370@group-7E155E250634-SegmentedRaftLogWorker] INFO  segmented.SegmentedRaftLogWorker (SegmentedRaftLogWorker.java:execute(647)) - 43369f36-6a0f-45ae-a8eb-f0d390948370@group-7E155E250634-SegmentedRaftLogWorker: created new log segment /home/runner/work/ozone/ozone/hadoop-ozone/integration-test/target/test-dir/MiniOzoneClusterImpl-611c99c7-d47b-4433-a4ef-cd0a35b076ef/ozone-metadata/datanode-1/ratis/6f49885d-a34d-467d-8256-7e155e250634/current/log_inprogress_5
2025-10-10 10:37:51,243 [1a301c79-b9ef-44e0-a0ae-b339f61819a5@group-7E155E250634-SegmentedRaftLogWorker] INFO  segmented.SegmentedRaftLogWorker (SegmentedRaftLogWorker.java:execute(604)) - 1a301c79-b9ef-44e0-a0ae-b339f61819a5@group-7E155E250634-SegmentedRaftLogWorker: Rolled log segment from /home/runner/work/ozone/ozone/hadoop-ozone/integration-test/target/test-dir/MiniOzoneClusterImpl-611c99c7-d47b-4433-a4ef-cd0a35b076ef/ozone-metadata/datanode-2/ratis/6f49885d-a34d-467d-8256-7e155e250634/current/log_inprogress_0 to /home/runner/work/ozone/ozone/hadoop-ozone/integration-test/target/test-dir/MiniOzoneClusterImpl-611c99c7-d47b-4433-a4ef-cd0a35b076ef/ozone-metadata/datanode-2/ratis/6f49885d-a34d-467d-8256-7e155e250634/current/log_0-4
2025-10-10 10:37:51,243 [1a301c79-b9ef-44e0-a0ae-b339f61819a5@group-7E155E250634-SegmentedRaftLogWorker] INFO  segmented.BufferedWriteChannel (BufferedWriteChannel.java:open(61)) - open log_inprogress_5 at position 0
2025-10-10 10:37:51,249 [1a301c79-b9ef-44e0-a0ae-b339f61819a5@group-7E155E250634-SegmentedRaftLogWorker] INFO  segmented.SegmentedRaftLogWorker (SegmentedRaftLogWorker.java:execute(647)) - 1a301c79-b9ef-44e0-a0ae-b339f61819a5@group-7E155E250634-SegmentedRaftLogWorker: created new log segment /home/runner/work/ozone/ozone/hadoop-ozone/integration-test/target/test-dir/MiniOzoneClusterImpl-611c99c7-d47b-4433-a4ef-cd0a35b076ef/ozone-metadata/datanode-2/ratis/6f49885d-a34d-467d-8256-7e155e250634/current/log_inprogress_5
2025-10-10 10:37:51,252 [grpc-default-executor-0] WARN  server.GrpcLogAppender (GrpcLogAppender.java:lambda$resetClient$1(228)) - 43369f36-6a0f-45ae-a8eb-f0d390948370@group-7E155E250634->bb95c33f-a3cb-4bbe-957e-8163c1fc1114-GrpcLogAppender: Follower failed (request=null, errorCount=5); keep nextIndex (7) unchanged and retry.
2025-10-10 10:37:51,253 [43369f36-6a0f-45ae-a8eb-f0d390948370@group-7E155E250634-StateMachineUpdater] INFO  server.RaftServer$Division (LeaderStateImpl.java:checkStartIndex(309)) - Leader 43369f36-6a0f-45ae-a8eb-f0d390948370@group-7E155E250634-LeaderStateImpl is ready since appliedIndex == startIndex == 5
2025-10-10 10:37:52,303 [ForkJoinPool-1-worker-1] INFO  utils.DatanodeStoreCache (DatanodeStoreCache.java:shutdownCache(110)) - Skip clearing cache in mini cluster mode. Entries left: [/home/runner/work/ozone/ozone/hadoop-ozone/integration-test/target/test-dir/MiniOzoneClusterImpl-611c99c7-d47b-4433-a4ef-cd0a35b076ef/ozone-metadata/datanode-1/data-0/hdds/611c99c7-d47b-4433-a4ef-cd0a35b076ef/DS-e04c2270-6553-4caa-98e6-0f32c0982bff/container.db, /home/runner/work/ozone/ozone/hadoop-ozone/integration-test/target/test-dir/MiniOzoneClusterImpl-611c99c7-d47b-4433-a4ef-cd0a35b076ef/ozone-metadata/datanode-10/data-0/hdds/611c99c7-d47b-4433-a4ef-cd0a35b076ef/DS-acbb0b19-c57c-43af-ab83-47b2913905c6/container.db, /home/runner/work/ozone/ozone/hadoop-ozone/integration-test/target/test-dir/MiniOzoneClusterImpl-611c99c7-d47b-4433-a4ef-cd0a35b076ef/ozone-metadata/datanode-2/data-0/hdds/611c99c7-d47b-4433-a4ef-cd0a35b076ef/DS-dbeeb2d7-87c9-464d-a232-67ecec18d322/container.db, /home/runner/work/ozone/ozone/hadoop-ozone/integration-test/target/test-dir/MiniOzoneClusterImpl-611c99c7-d47b-4433-a4ef-cd0a35b076ef/ozone-metadata/datanode-3/data-0/hdds/611c99c7-d47b-4433-a4ef-cd0a35b076ef/DS-96d12f97-f01f-4e1a-aadc-cb85e2aa7b77/container.db, /home/runner/work/ozone/ozone/hadoop-ozone/integration-test/target/test-dir/MiniOzoneClusterImpl-611c99c7-d47b-4433-a4ef-cd0a35b076ef/ozone-metadata/datanode-4/data-0/hdds/611c99c7-d47b-4433-a4ef-cd0a35b076ef/DS-d0f0d2dd-b347-4b79-bac2-49cc0e8748a5/container.db, /home/runner/work/ozone/ozone/hadoop-ozone/integration-test/target/test-dir/MiniOzoneClusterImpl-611c99c7-d47b-4433-a4ef-cd0a35b076ef/ozone-metadata/datanode-5/data-0/hdds/611c99c7-d47b-4433-a4ef-cd0a35b076ef/DS-4e487a0b-bc01-4abe-bc19-325c11ca8c9e/container.db, /home/runner/work/ozone/ozone/hadoop-ozone/integration-test/target/test-dir/MiniOzoneClusterImpl-611c99c7-d47b-4433-a4ef-cd0a35b076ef/ozone-metadata/datanode-6/data-0/hdds/611c99c7-d47b-4433-a4ef-cd0a35b076ef/DS-2abecbaf-9058-465c-9862-40fcfa0a7bd5/container.db, /home/runner/work/ozone/ozone/hadoop-ozone/integration-test/target/test-dir/MiniOzoneClusterImpl-611c99c7-d47b-4433-a4ef-cd0a35b076ef/ozone-metadata/datanode-7/data-0/hdds/611c99c7-d47b-4433-a4ef-cd0a35b076ef/DS-c4bde162-9ff2-4380-9d2e-b89c9d2de98d/container.db, /home/runner/work/ozone/ozone/hadoop-ozone/integration-test/target/test-dir/MiniOzoneClusterImpl-611c99c7-d47b-4433-a4ef-cd0a35b076ef/ozone-metadata/datanode-8/data-0/hdds/611c99c7-d47b-4433-a4ef-cd0a35b076ef/DS-5cd8dead-8911-46d6-a0b8-6438206482ea/container.db, /home/runner/work/ozone/ozone/hadoop-ozone/integration-test/target/test-dir/MiniOzoneClusterImpl-611c99c7-d47b-4433-a4ef-cd0a35b076ef/ozone-metadata/datanode-9/data-0/hdds/611c99c7-d47b-4433-a4ef-cd0a35b076ef/DS-8fb42501-9102-4ac6-a22c-4421d3850807/container.db]
2025-10-10 10:37:52,306 [ForkJoinPool-1-worker-1] INFO  utils.DatanodeStoreCache (DatanodeStoreCache.java:removeDB(104)) - Removed db /home/runner/work/ozone/ozone/hadoop-ozone/integration-test/target/test-dir/MiniOzoneClusterImpl-611c99c7-d47b-4433-a4ef-cd0a35b076ef/ozone-metadata/datanode-3/data-0/hdds/611c99c7-d47b-4433-a4ef-cd0a35b076ef/DS-96d12f97-f01f-4e1a-aadc-cb85e2aa7b77/container.db from cache
2025-10-10 10:37:52,307 [ForkJoinPool-1-worker-1] INFO  volume.HddsVolume (HddsVolume.java:closeDbStore(609)) - SchemaV3 db is stopped at /home/runner/work/ozone/ozone/hadoop-ozone/integration-test/target/test-dir/MiniOzoneClusterImpl-611c99c7-d47b-4433-a4ef-cd0a35b076ef/ozone-metadata/datanode-3/data-0/hdds/611c99c7-d47b-4433-a4ef-cd0a35b076ef/DS-96d12f97-f01f-4e1a-aadc-cb85e2aa7b77/container.db for volume DS-96d12f97-f01f-4e1a-aadc-cb85e2aa7b77
2025-10-10 10:37:52,307 [ForkJoinPool-1-worker-1] INFO  utils.BackgroundService (BackgroundService.java:shutdown(195)) - Shutting down service BlockDeletingService
2025-10-10 10:37:52,308 [ForkJoinPool-1-worker-1] INFO  utils.BackgroundService (BackgroundService.java:shutdown(195)) - Shutting down service StaleRecoveringContainerScrubbingService
2025-10-10 10:37:52,310 [ForkJoinPool-1-worker-1] INFO  statemachine.DatanodeStateMachine (DatanodeStateMachine.java:stopDaemon(654)) - Ozone container server stopped.
2025-10-10 10:37:52,325 [ForkJoinPool-1-worker-1] INFO  handler.ContextHandler (ContextHandler.java:doStop(1159)) - Stopped o.e.j.w.WebAppContext@dcb9417{hddsDatanode,/,null,STOPPED}{jar:file:/home/runner/work/ozone/ozone/hadoop-hdds/container-service/target/hdds-container-service-2.1.0-SNAPSHOT.jar!/webapps/hddsDatanode}
2025-10-10 10:37:52,328 [ForkJoinPool-1-worker-1] INFO  server.AbstractConnector (AbstractConnector.java:doStop(383)) - Stopped ServerConnector@7cd458d4{HTTP/1.1, (http/1.1)}{0.0.0.0:15026}
2025-10-10 10:37:52,328 [ForkJoinPool-1-worker-1] INFO  server.session (HouseKeeper.java:stopScavenging(149)) - node0 Stopped scavenging
2025-10-10 10:37:52,328 [ForkJoinPool-1-worker-1] INFO  handler.ContextHandler (ContextHandler.java:doStop(1159)) - Stopped o.e.j.s.ServletContextHandler@4e38769a{static,/static,jar:file:/home/runner/work/ozone/ozone/hadoop-hdds/container-service/target/hdds-container-service-2.1.0-SNAPSHOT.jar!/webapps/static,STOPPED}
2025-10-10 10:37:52,328 [ForkJoinPool-1-worker-1] INFO  handler.ContextHandler (ContextHandler.java:doStop(1159)) - Stopped o.e.j.s.ServletContextHandler@6872ab92{logs,/logs,file:///home/runner/work/ozone/ozone/hadoop-ozone/integration-test/target/log,STOPPED}
2025-10-10 10:37:52,330 [ForkJoinPool-1-worker-1] INFO  ozone.HddsDatanodeClientProtocolServer (HddsDatanodeClientProtocolServer.java:stop(82)) - Stopping the RPC server for Client Protocol
2025-10-10 10:37:52,330 [ForkJoinPool-1-worker-1] INFO  ipc.Server (Server.java:stop(3697)) - Stopping server on 15027
2025-10-10 10:37:52,333 [IPC Server listener on 15027] INFO  ipc.Server (Server.java:run(1585)) - Stopping IPC Server listener on 15027
2025-10-10 10:37:52,333 [IPC Server Responder] INFO  ipc.Server (Server.java:run(1718)) - Stopping IPC Server Responder
2025-10-10 10:37:52,336 [ForkJoinPool-1-worker-1] INFO  ozoneimpl.OzoneContainer (OzoneContainer.java:stop(549)) - Attempting to stop container services.
2025-10-10 10:37:52,336 [ContainerMetadataScanner] WARN  ozoneimpl.AbstractBackgroundContainerScanner (AbstractBackgroundContainerScanner.java:handleRemainingSleep(136)) - Background container scan was interrupted.
2025-10-10 10:37:52,336 [ContainerMetadataScanner] INFO  ozoneimpl.AbstractBackgroundContainerScanner (AbstractBackgroundContainerScanner.java:run(63)) - org.apache.hadoop.ozone.container.ozoneimpl.BackgroundContainerMetadataScanner@49080b15 exiting.
2025-10-10 10:37:52,336 [ForkJoinPool-1-worker-1] INFO  ozoneimpl.BackgroundContainerDataScanner (BackgroundContainerDataScanner.java:shutdown(87)) - ContainerDataScanner(/home/runner/work/ozone/ozone/hadoop-ozone/integration-test/target/test-dir/MiniOzoneClusterImpl-611c99c7-d47b-4433-a4ef-cd0a35b076ef/ozone-metadata/datanode-2/data-0/hdds) is shutting down. 
2025-10-10 10:37:52,337 [ContainerDataScanner(/home/runner/work/ozone/ozone/hadoop-ozone/integration-test/target/test-dir/MiniOzoneClusterImpl-611c99c7-d47b-4433-a4ef-cd0a35b076ef/ozone-metadata/datanode-2/data-0/hdds)] WARN  ozoneimpl.AbstractBackgroundContainerScanner (AbstractBackgroundContainerScanner.java:handleRemainingSleep(136)) - Background container scan was interrupted.
2025-10-10 10:37:52,337 [ContainerDataScanner(/home/runner/work/ozone/ozone/hadoop-ozone/integration-test/target/test-dir/MiniOzoneClusterImpl-611c99c7-d47b-4433-a4ef-cd0a35b076ef/ozone-metadata/datanode-2/data-0/hdds)] INFO  ozoneimpl.AbstractBackgroundContainerScanner (AbstractBackgroundContainerScanner.java:run(63)) - ContainerDataScanner(/home/runner/work/ozone/ozone/hadoop-ozone/integration-test/target/test-dir/MiniOzoneClusterImpl-611c99c7-d47b-4433-a4ef-cd0a35b076ef/ozone-metadata/datanode-2/data-0/hdds, DS-dbeeb2d7-87c9-464d-a232-67ecec18d322) exiting.
2025-10-10 10:37:52,337 [ForkJoinPool-1-worker-1] INFO  ozoneimpl.OnDemandContainerScanner (OnDemandContainerScanner.java:shutdown(141)) - On-demand container scanner is shutting down.
2025-10-10 10:37:52,338 [ForkJoinPool-1-worker-1] INFO  ratis.XceiverServerRatis (XceiverServerRatis.java:stop(594)) - Closing XceiverServerRatis(1a301c79-b9ef-44e0-a0ae-b339f61819a5)
2025-10-10 10:37:52,338 [ForkJoinPool-1-worker-1] INFO  server.RaftServer (RaftServerProxy.java:lambda$close$9(422)) - 1a301c79-b9ef-44e0-a0ae-b339f61819a5: close
2025-10-10 10:37:52,338 [1a301c79-b9ef-44e0-a0ae-b339f61819a5-impl-thread1] INFO  server.RaftServer$Division (RaftServerImpl.java:lambda$close$1(527)) - 1a301c79-b9ef-44e0-a0ae-b339f61819a5@group-63ACBE5F7EDA: shutdown
2025-10-10 10:37:52,338 [1a301c79-b9ef-44e0-a0ae-b339f61819a5-impl-thread1] INFO  util.JmxRegister (JmxRegister.java:unregister(74)) - Successfully un-registered JMX Bean with object name Ratis:service=RaftServer,group=group-63ACBE5F7EDA,id=1a301c79-b9ef-44e0-a0ae-b339f61819a5
2025-10-10 10:37:52,338 [1a301c79-b9ef-44e0-a0ae-b339f61819a5-impl-thread1] INFO  impl.RoleInfo (RoleInfo.java:shutdownLeaderState(103)) - 1a301c79-b9ef-44e0-a0ae-b339f61819a5: shutdown 1a301c79-b9ef-44e0-a0ae-b339f61819a5@group-63ACBE5F7EDA-LeaderStateImpl
2025-10-10 10:37:52,338 [1a301c79-b9ef-44e0-a0ae-b339f61819a5-impl-thread2] INFO  server.RaftServer$Division (RaftServerImpl.java:lambda$close$1(527)) - 1a301c79-b9ef-44e0-a0ae-b339f61819a5@group-C7A1D0DF5F33: shutdown
2025-10-10 10:37:52,338 [1a301c79-b9ef-44e0-a0ae-b339f61819a5-impl-thread1] INFO  impl.PendingRequests (PendingRequests.java:sendNotLeaderResponses(287)) - 1a301c79-b9ef-44e0-a0ae-b339f61819a5@group-63ACBE5F7EDA-PendingRequests: sendNotLeaderResponses
2025-10-10 10:37:52,339 [1a301c79-b9ef-44e0-a0ae-b339f61819a5-impl-thread3] INFO  server.RaftServer$Division (RaftServerImpl.java:lambda$close$1(527)) - 1a301c79-b9ef-44e0-a0ae-b339f61819a5@group-7E155E250634: shutdown
2025-10-10 10:37:52,339 [1a301c79-b9ef-44e0-a0ae-b339f61819a5-impl-thread3] INFO  util.JmxRegister (JmxRegister.java:unregister(74)) - Successfully un-registered JMX Bean with object name Ratis:service=RaftServer,group=group-7E155E250634,id=1a301c79-b9ef-44e0-a0ae-b339f61819a5
2025-10-10 10:37:52,339 [1a301c79-b9ef-44e0-a0ae-b339f61819a5-impl-thread3] INFO  impl.RoleInfo (RoleInfo.java:shutdownFollowerState(121)) - 1a301c79-b9ef-44e0-a0ae-b339f61819a5: shutdown 1a301c79-b9ef-44e0-a0ae-b339f61819a5@group-7E155E250634-FollowerState
2025-10-10 10:37:52,339 [1a301c79-b9ef-44e0-a0ae-b339f61819a5-impl-thread3] INFO  impl.StateMachineUpdater (StateMachineUpdater.java:stopAndJoin(163)) - 1a301c79-b9ef-44e0-a0ae-b339f61819a5@group-7E155E250634-StateMachineUpdater: set stopIndex = 6
2025-10-10 10:37:52,339 [ForkJoinPool-1-worker-1] INFO  server.GrpcServicesImpl (GrpcServicesImpl.java:closeImpl(355)) - 1a301c79-b9ef-44e0-a0ae-b339f61819a5: shutdown server org.apache.ratis.grpc.server.GrpcClientProtocolService now
2025-10-10 10:37:52,339 [1a301c79-b9ef-44e0-a0ae-b339f61819a5@group-7E155E250634-FollowerState] INFO  impl.FollowerState (FollowerState.java:runImpl(170)) - 1a301c79-b9ef-44e0-a0ae-b339f61819a5@group-7E155E250634-FollowerState was interrupted
2025-10-10 10:37:52,339 [1a301c79-b9ef-44e0-a0ae-b339f61819a5-impl-thread2] INFO  util.JmxRegister (JmxRegister.java:unregister(74)) - Successfully un-registered JMX Bean with object name Ratis:service=RaftServer,group=group-C7A1D0DF5F33,id=1a301c79-b9ef-44e0-a0ae-b339f61819a5
2025-10-10 10:37:52,340 [1a301c79-b9ef-44e0-a0ae-b339f61819a5@group-63ACBE5F7EDA->43369f36-6a0f-45ae-a8eb-f0d390948370-GrpcLogAppender-LogAppenderDaemon] WARN  server.GrpcLogAppender (GrpcLogAppender.java:mayWait(300)) - 1a301c79-b9ef-44e0-a0ae-b339f61819a5@group-63ACBE5F7EDA->43369f36-6a0f-45ae-a8eb-f0d390948370-GrpcLogAppender: Wait interrupted by java.lang.InterruptedException
2025-10-10 10:37:52,339 [1a301c79-b9ef-44e0-a0ae-b339f61819a5@group-63ACBE5F7EDA->bb95c33f-a3cb-4bbe-957e-8163c1fc1114-GrpcLogAppender-LogAppenderDaemon] WARN  server.GrpcLogAppender (GrpcLogAppender.java:mayWait(300)) - 1a301c79-b9ef-44e0-a0ae-b339f61819a5@group-63ACBE5F7EDA->bb95c33f-a3cb-4bbe-957e-8163c1fc1114-GrpcLogAppender: Wait interrupted by java.lang.InterruptedException
2025-10-10 10:37:52,340 [1a301c79-b9ef-44e0-a0ae-b339f61819a5@group-7E155E250634-StateMachineUpdater] INFO  ratis.ContainerStateMachine (ContainerStateMachine.java:takeSnapshot(427)) - group-7E155E250634: Taking a snapshot at:(t:2, i:6) file /home/runner/work/ozone/ozone/hadoop-ozone/integration-test/target/test-dir/MiniOzoneClusterImpl-611c99c7-d47b-4433-a4ef-cd0a35b076ef/ozone-metadata/datanode-2/ratis/6f49885d-a34d-467d-8256-7e155e250634/sm/snapshot.2_6
2025-10-10 10:37:52,340 [1a301c79-b9ef-44e0-a0ae-b339f61819a5-impl-thread2] INFO  impl.RoleInfo (RoleInfo.java:shutdownLeaderState(103)) - 1a301c79-b9ef-44e0-a0ae-b339f61819a5: shutdown 1a301c79-b9ef-44e0-a0ae-b339f61819a5@group-C7A1D0DF5F33-LeaderStateImpl
2025-10-10 10:37:52,340 [1a301c79-b9ef-44e0-a0ae-b339f61819a5-impl-thread2] INFO  impl.PendingRequests (PendingRequests.java:sendNotLeaderResponses(287)) - 1a301c79-b9ef-44e0-a0ae-b339f61819a5@group-C7A1D0DF5F33-PendingRequests: sendNotLeaderResponses
2025-10-10 10:37:52,340 [1a301c79-b9ef-44e0-a0ae-b339f61819a5-impl-thread1] INFO  impl.StateMachineUpdater (StateMachineUpdater.java:stopAndJoin(163)) - 1a301c79-b9ef-44e0-a0ae-b339f61819a5@group-63ACBE5F7EDA-StateMachineUpdater: set stopIndex = 0
2025-10-10 10:37:52,341 [1a301c79-b9ef-44e0-a0ae-b339f61819a5@group-63ACBE5F7EDA-StateMachineUpdater] INFO  ratis.ContainerStateMachine (ContainerStateMachine.java:takeSnapshot(427)) - group-63ACBE5F7EDA: Taking a snapshot at:(t:1, i:0) file /home/runner/work/ozone/ozone/hadoop-ozone/integration-test/target/test-dir/MiniOzoneClusterImpl-611c99c7-d47b-4433-a4ef-cd0a35b076ef/ozone-metadata/datanode-2/ratis/c1a6ce75-0ec5-4b07-b27a-63acbe5f7eda/sm/snapshot.1_0
2025-10-10 10:37:52,342 [Thread-1075] INFO  server.GrpcServerProtocolClient (GrpcServerProtocolClient.java:close(105)) - bb95c33f-a3cb-4bbe-957e-8163c1fc1114 Close channels
2025-10-10 10:37:52,343 [1a301c79-b9ef-44e0-a0ae-b339f61819a5@group-7E155E250634-StateMachineUpdater] INFO  ratis.ContainerStateMachine (ContainerStateMachine.java:takeSnapshot(436)) - group-7E155E250634: Finished taking a snapshot at:(t:2, i:6) file:/home/runner/work/ozone/ozone/hadoop-ozone/integration-test/target/test-dir/MiniOzoneClusterImpl-611c99c7-d47b-4433-a4ef-cd0a35b076ef/ozone-metadata/datanode-2/ratis/6f49885d-a34d-467d-8256-7e155e250634/sm/snapshot.2_6 took: 3 ms
2025-10-10 10:37:52,343 [1a301c79-b9ef-44e0-a0ae-b339f61819a5@group-7E155E250634-StateMachineUpdater] INFO  impl.StateMachineUpdater (StateMachineUpdater.java:takeSnapshot(307)) - 1a301c79-b9ef-44e0-a0ae-b339f61819a5@group-7E155E250634-StateMachineUpdater: Took a snapshot at index 6
2025-10-10 10:37:52,343 [1a301c79-b9ef-44e0-a0ae-b339f61819a5@group-7E155E250634-StateMachineUpdater] INFO  impl.StateMachineUpdater (StateMachineUpdater.java:lambda$new$0(101)) - 1a301c79-b9ef-44e0-a0ae-b339f61819a5@group-7E155E250634-StateMachineUpdater: snapshotIndex: updateIncreasingly -1 -> 6
2025-10-10 10:37:52,344 [1a301c79-b9ef-44e0-a0ae-b339f61819a5@group-7E155E250634-StateMachineUpdater] INFO  impl.StateMachineUpdater (StateMachineUpdater.java:stop(140)) - 1a301c79-b9ef-44e0-a0ae-b339f61819a5@group-7E155E250634-StateMachineUpdater: closing ContainerStateMachine, lastApplied=(t:2, i:6)
2025-10-10 10:37:52,344 [1a301c79-b9ef-44e0-a0ae-b339f61819a5-impl-thread2] INFO  impl.StateMachineUpdater (StateMachineUpdater.java:stopAndJoin(163)) - 1a301c79-b9ef-44e0-a0ae-b339f61819a5@group-C7A1D0DF5F33-StateMachineUpdater: set stopIndex = 0
2025-10-10 10:37:52,344 [grpc-default-executor-0] INFO  server.GrpcLogAppender (GrpcLogAppender.java:onCompleted(558)) - 1a301c79-b9ef-44e0-a0ae-b339f61819a5@group-63ACBE5F7EDA->43369f36-6a0f-45ae-a8eb-f0d390948370-AppendLogResponseHandler: follower responses appendEntries COMPLETED
2025-10-10 10:37:52,344 [1a301c79-b9ef-44e0-a0ae-b339f61819a5@group-7E155E250634-cacheEviction-AwaitToRun] INFO  util.AwaitToRun (AwaitToRun.java:run(49)) - 1a301c79-b9ef-44e0-a0ae-b339f61819a5@group-7E155E250634-cacheEviction-AwaitToRun-AwaitForSignal is interrupted
2025-10-10 10:37:52,345 [Thread-1077] INFO  server.GrpcServerProtocolClient (GrpcServerProtocolClient.java:close(105)) - 43369f36-6a0f-45ae-a8eb-f0d390948370 Close channels
2025-10-10 10:37:52,345 [grpc-default-executor-6] INFO  server.GrpcLogAppender (GrpcLogAppender.java:onCompleted(558)) - 1a301c79-b9ef-44e0-a0ae-b339f61819a5@group-63ACBE5F7EDA->43369f36-6a0f-45ae-a8eb-f0d390948370-AppendLogResponseHandler: follower responses appendEntries COMPLETED
2025-10-10 10:37:52,345 [grpc-default-executor-6] WARN  server.GrpcLogAppender (GrpcLogAppender.java:resetClient(237)) - 1a301c79-b9ef-44e0-a0ae-b339f61819a5@group-63ACBE5F7EDA->43369f36-6a0f-45ae-a8eb-f0d390948370-GrpcLogAppender: Failed to getClient for 43369f36-6a0f-45ae-a8eb-f0d390948370
org.apache.ratis.protocol.exceptions.AlreadyClosedException: 1a301c79-b9ef-44e0-a0ae-b339f61819a5 is already CLOSED
	at org.apache.ratis.util.PeerProxyMap$PeerAndProxy.getProxy(PeerProxyMap.java:67)
	at org.apache.ratis.util.PeerProxyMap.getProxy(PeerProxyMap.java:124)
	at org.apache.ratis.grpc.server.GrpcLogAppender.getClient(GrpcLogAppender.java:207)
	at org.apache.ratis.grpc.server.GrpcLogAppender.resetClient(GrpcLogAppender.java:212)
	at org.apache.ratis.grpc.server.GrpcLogAppender.access$800(GrpcLogAppender.java:70)
	at org.apache.ratis.grpc.server.GrpcLogAppender$AppendLogResponseHandler.onCompleted(GrpcLogAppender.java:559)
	at org.apache.ratis.thirdparty.io.grpc.stub.ClientCalls$StreamObserverToCallListenerAdapter.onClose(ClientCalls.java:562)
	at org.apache.ratis.thirdparty.io.grpc.internal.ClientCallImpl.closeObserver(ClientCallImpl.java:565)
	at org.apache.ratis.thirdparty.io.grpc.internal.ClientCallImpl.access$100(ClientCallImpl.java:72)
	at org.apache.ratis.thirdparty.io.grpc.internal.ClientCallImpl$ClientStreamListenerImpl$1StreamClosed.runInternal(ClientCallImpl.java:733)
	at org.apache.ratis.thirdparty.io.grpc.internal.ClientCallImpl$ClientStreamListenerImpl$1StreamClosed.runInContext(ClientCallImpl.java:714)
	at org.apache.ratis.thirdparty.io.grpc.internal.ContextRunnable.run(ContextRunnable.java:37)
	at org.apache.ratis.thirdparty.io.grpc.internal.SerializingExecutor.run(SerializingExecutor.java:133)
	at java.base/java.util.concurrent.ThreadPoolExecutor.runWorker(ThreadPoolExecutor.java:1144)
	at java.base/java.util.concurrent.ThreadPoolExecutor$Worker.run(ThreadPoolExecutor.java:642)
	at java.base/java.lang.Thread.run(Thread.java:1583)
2025-10-10 10:37:52,346 [1a301c79-b9ef-44e0-a0ae-b339f61819a5@group-C7A1D0DF5F33-StateMachineUpdater] INFO  ratis.ContainerStateMachine (ContainerStateMachine.java:takeSnapshot(427)) - group-C7A1D0DF5F33: Taking a snapshot at:(t:1, i:0) file /home/runner/work/ozone/ozone/hadoop-ozone/integration-test/target/test-dir/MiniOzoneClusterImpl-611c99c7-d47b-4433-a4ef-cd0a35b076ef/ozone-metadata/datanode-2/ratis/23a59a5c-0f7b-4c26-811d-c7a1d0df5f33/sm/snapshot.1_0
2025-10-10 10:37:52,346 [1a301c79-b9ef-44e0-a0ae-b339f61819a5@group-63ACBE5F7EDA-StateMachineUpdater] INFO  ratis.ContainerStateMachine (ContainerStateMachine.java:takeSnapshot(436)) - group-63ACBE5F7EDA: Finished taking a snapshot at:(t:1, i:0) file:/home/runner/work/ozone/ozone/hadoop-ozone/integration-test/target/test-dir/MiniOzoneClusterImpl-611c99c7-d47b-4433-a4ef-cd0a35b076ef/ozone-metadata/datanode-2/ratis/c1a6ce75-0ec5-4b07-b27a-63acbe5f7eda/sm/snapshot.1_0 took: 5 ms
2025-10-10 10:37:52,346 [1a301c79-b9ef-44e0-a0ae-b339f61819a5@group-63ACBE5F7EDA-StateMachineUpdater] INFO  impl.StateMachineUpdater (StateMachineUpdater.java:takeSnapshot(307)) - 1a301c79-b9ef-44e0-a0ae-b339f61819a5@group-63ACBE5F7EDA-StateMachineUpdater: Took a snapshot at index 0
2025-10-10 10:37:52,346 [1a301c79-b9ef-44e0-a0ae-b339f61819a5@group-63ACBE5F7EDA-StateMachineUpdater] INFO  impl.StateMachineUpdater (StateMachineUpdater.java:lambda$new$0(101)) - 1a301c79-b9ef-44e0-a0ae-b339f61819a5@group-63ACBE5F7EDA-StateMachineUpdater: snapshotIndex: updateIncreasingly -1 -> 0
2025-10-10 10:37:52,346 [1a301c79-b9ef-44e0-a0ae-b339f61819a5@group-63ACBE5F7EDA-StateMachineUpdater] INFO  impl.StateMachineUpdater (StateMachineUpdater.java:stop(140)) - 1a301c79-b9ef-44e0-a0ae-b339f61819a5@group-63ACBE5F7EDA-StateMachineUpdater: closing ContainerStateMachine, lastApplied=(t:1, i:0)
2025-10-10 10:37:52,349 [1a301c79-b9ef-44e0-a0ae-b339f61819a5@group-C7A1D0DF5F33-StateMachineUpdater] INFO  ratis.ContainerStateMachine (ContainerStateMachine.java:takeSnapshot(436)) - group-C7A1D0DF5F33: Finished taking a snapshot at:(t:1, i:0) file:/home/runner/work/ozone/ozone/hadoop-ozone/integration-test/target/test-dir/MiniOzoneClusterImpl-611c99c7-d47b-4433-a4ef-cd0a35b076ef/ozone-metadata/datanode-2/ratis/23a59a5c-0f7b-4c26-811d-c7a1d0df5f33/sm/snapshot.1_0 took: 3 ms
2025-10-10 10:37:52,349 [1a301c79-b9ef-44e0-a0ae-b339f61819a5@group-C7A1D0DF5F33-StateMachineUpdater] INFO  impl.StateMachineUpdater (StateMachineUpdater.java:takeSnapshot(307)) - 1a301c79-b9ef-44e0-a0ae-b339f61819a5@group-C7A1D0DF5F33-StateMachineUpdater: Took a snapshot at index 0
2025-10-10 10:37:52,349 [1a301c79-b9ef-44e0-a0ae-b339f61819a5@group-C7A1D0DF5F33-StateMachineUpdater] INFO  impl.StateMachineUpdater (StateMachineUpdater.java:lambda$new$0(101)) - 1a301c79-b9ef-44e0-a0ae-b339f61819a5@group-C7A1D0DF5F33-StateMachineUpdater: snapshotIndex: updateIncreasingly -1 -> 0
2025-10-10 10:37:52,349 [1a301c79-b9ef-44e0-a0ae-b339f61819a5@group-C7A1D0DF5F33-StateMachineUpdater] INFO  impl.StateMachineUpdater (StateMachineUpdater.java:stop(140)) - 1a301c79-b9ef-44e0-a0ae-b339f61819a5@group-C7A1D0DF5F33-StateMachineUpdater: closing ContainerStateMachine, lastApplied=(t:1, i:0)
2025-10-10 10:37:52,349 [1a301c79-b9ef-44e0-a0ae-b339f61819a5@group-63ACBE5F7EDA-cacheEviction-AwaitToRun] INFO  util.AwaitToRun (AwaitToRun.java:run(49)) - 1a301c79-b9ef-44e0-a0ae-b339f61819a5@group-63ACBE5F7EDA-cacheEviction-AwaitToRun-AwaitForSignal is interrupted
2025-10-10 10:37:52,350 [1a301c79-b9ef-44e0-a0ae-b339f61819a5@group-C7A1D0DF5F33-cacheEviction-AwaitToRun] INFO  util.AwaitToRun (AwaitToRun.java:run(49)) - 1a301c79-b9ef-44e0-a0ae-b339f61819a5@group-C7A1D0DF5F33-cacheEviction-AwaitToRun-AwaitForSignal is interrupted
2025-10-10 10:37:52,350 [ForkJoinPool-1-worker-1] INFO  server.GrpcServicesImpl (GrpcServicesImpl.java:closeImpl(364)) - 1a301c79-b9ef-44e0-a0ae-b339f61819a5: shutdown server org.apache.ratis.grpc.server.GrpcClientProtocolService successfully
2025-10-10 10:37:52,350 [ForkJoinPool-1-worker-1] INFO  server.GrpcServicesImpl (GrpcServicesImpl.java:closeImpl(355)) - 1a301c79-b9ef-44e0-a0ae-b339f61819a5: shutdown server GrpcServerProtocolService now
2025-10-10 10:37:52,351 [grpc-default-executor-0] WARN  server.GrpcServerProtocolService (LogUtils.java:warn(127)) - 1a301c79-b9ef-44e0-a0ae-b339f61819a5: APPEND_ENTRIES onError, lastRequest: 43369f36-6a0f-45ae-a8eb-f0d390948370->1a301c79-b9ef-44e0-a0ae-b339f61819a5#2-t2,previous=(t:2, i:5),leaderCommit=5,initializing? false,entries: size=1, first=(t:2, i:6), METADATAENTRY(c:5): org.apache.ratis.thirdparty.io.grpc.StatusRuntimeException: CANCELLED: client cancelled
2025-10-10 10:37:52,351 [grpc-default-executor-4] WARN  server.GrpcServerProtocolService (LogUtils.java:warn(127)) - 1a301c79-b9ef-44e0-a0ae-b339f61819a5: APPEND_ENTRIES onError, lastRequest: null: org.apache.ratis.thirdparty.io.grpc.StatusRuntimeException: CANCELLED: client cancelled
2025-10-10 10:37:52,351 [grpc-default-executor-1] WARN  server.GrpcLogAppender (LogUtils.java:warn(127)) - 43369f36-6a0f-45ae-a8eb-f0d390948370@group-7E155E250634->1a301c79-b9ef-44e0-a0ae-b339f61819a5-AppendLogResponseHandler: Failed appendEntries: org.apache.ratis.thirdparty.io.grpc.StatusRuntimeException: CANCELLED: RST_STREAM closed stream. HTTP/2 error code: CANCEL
2025-10-10 10:37:52,351 [ForkJoinPool-1-worker-1] INFO  server.GrpcServicesImpl (GrpcServicesImpl.java:closeImpl(364)) - 1a301c79-b9ef-44e0-a0ae-b339f61819a5: shutdown server GrpcServerProtocolService successfully
2025-10-10 10:37:52,351 [ForkJoinPool-1-worker-1] INFO  server.GrpcServicesImpl (GrpcServicesImpl.java:closeImpl(355)) - 1a301c79-b9ef-44e0-a0ae-b339f61819a5: shutdown server org.apache.ratis.grpc.server.GrpcAdminProtocolService now
2025-10-10 10:37:52,352 [ForkJoinPool-1-worker-1] INFO  server.GrpcServicesImpl (GrpcServicesImpl.java:closeImpl(364)) - 1a301c79-b9ef-44e0-a0ae-b339f61819a5: shutdown server org.apache.ratis.grpc.server.GrpcAdminProtocolService successfully
2025-10-10 10:37:52,352 [grpc-default-executor-6] WARN  server.GrpcLogAppender (GrpcLogAppender.java:lambda$resetClient$1(228)) - 43369f36-6a0f-45ae-a8eb-f0d390948370@group-7E155E250634->1a301c79-b9ef-44e0-a0ae-b339f61819a5-GrpcLogAppender: Follower failed (request=null, errorCount=1); keep nextIndex (7) unchanged and retry.
2025-10-10 10:37:52,355 [1a301c79-b9ef-44e0-a0ae-b339f61819a5-NettyServerStreamRpc-bossGroup--thread1] INFO  logging.LoggingHandler (AbstractInternalLogger.java:log(148)) - [id: 0xbe13407a, L:/0.0.0.0:15024] CLOSE
2025-10-10 10:37:52,356 [1a301c79-b9ef-44e0-a0ae-b339f61819a5-NettyServerStreamRpc-bossGroup--thread1] INFO  logging.LoggingHandler (AbstractInternalLogger.java:log(148)) - [id: 0xbe13407a, L:/0.0.0.0:15024] INACTIVE
2025-10-10 10:37:52,356 [1a301c79-b9ef-44e0-a0ae-b339f61819a5-NettyServerStreamRpc-bossGroup--thread1] INFO  logging.LoggingHandler (AbstractInternalLogger.java:log(148)) - [id: 0xbe13407a, L:/0.0.0.0:15024] UNREGISTERED
2025-10-10 10:37:52,362 [1a301c79-b9ef-44e0-a0ae-b339f61819a5-impl-thread1] INFO  segmented.SegmentedRaftLogWorker (SegmentedRaftLogWorker.java:close(254)) - 1a301c79-b9ef-44e0-a0ae-b339f61819a5@group-63ACBE5F7EDA-SegmentedRaftLogWorker close()
2025-10-10 10:37:52,362 [1a301c79-b9ef-44e0-a0ae-b339f61819a5-impl-thread1] INFO  ratis.ContainerStateMachine (ContainerStateMachine.java:notifyServerShutdown(1038)) - group-63ACBE5F7EDA is closed by HddsDatanodeService
2025-10-10 10:37:52,851 [1a301c79-b9ef-44e0-a0ae-b339f61819a5-impl-thread2] INFO  segmented.SegmentedRaftLogWorker (SegmentedRaftLogWorker.java:close(254)) - 1a301c79-b9ef-44e0-a0ae-b339f61819a5@group-C7A1D0DF5F33-SegmentedRaftLogWorker close()
2025-10-10 10:37:52,851 [1a301c79-b9ef-44e0-a0ae-b339f61819a5-impl-thread2] INFO  ratis.ContainerStateMachine (ContainerStateMachine.java:notifyServerShutdown(1038)) - group-C7A1D0DF5F33 is closed by HddsDatanodeService
2025-10-10 10:37:53,255 [1a301c79-b9ef-44e0-a0ae-b339f61819a5-impl-thread3] INFO  segmented.SegmentedRaftLogWorker (SegmentedRaftLogWorker.java:close(254)) - 1a301c79-b9ef-44e0-a0ae-b339f61819a5@group-7E155E250634-SegmentedRaftLogWorker close()
2025-10-10 10:37:53,255 [1a301c79-b9ef-44e0-a0ae-b339f61819a5-impl-thread3] INFO  ratis.ContainerStateMachine (ContainerStateMachine.java:notifyServerShutdown(1038)) - group-7E155E250634 is closed by HddsDatanodeService
2025-10-10 10:37:53,256 [JvmPauseMonitor4] INFO  util.JvmPauseMonitor (JvmPauseMonitor.java:run(152)) - JvmPauseMonitor-1a301c79-b9ef-44e0-a0ae-b339f61819a5: Stopped
2025-10-10 10:37:53,654 [43369f36-6a0f-45ae-a8eb-f0d390948370@group-7E155E250634-LeaderStateImpl] WARN  server.RaftServer$Division (LeaderStateImpl.java:checkLeadership(1121)) - 43369f36-6a0f-45ae-a8eb-f0d390948370@group-7E155E250634-LeaderStateImpl: Lost leadership on term: 2. Election timeout: 1200ms. In charge for: 2428ms. Conf: conf: {index: 5, cur=peers:[bb95c33f-a3cb-4bbe-957e-8163c1fc1114|127.0.0.1:15031, 1a301c79-b9ef-44e0-a0ae-b339f61819a5|127.0.0.1:15023, 43369f36-6a0f-45ae-a8eb-f0d390948370|127.0.0.1:15015]|listeners:[], old=null}
2025-10-10 10:37:53,655 [43369f36-6a0f-45ae-a8eb-f0d390948370@group-7E155E250634-LeaderStateImpl] WARN  server.RaftServer$Division (LeaderStateImpl.java:lambda$checkLeadership$20(1125)) - Follower 43369f36-6a0f-45ae-a8eb-f0d390948370@group-7E155E250634->bb95c33f-a3cb-4bbe-957e-8163c1fc1114(c-1,m-1,n7, caughtUp=true, lastRpcSendTime=463, lastRpcResponseTime=3627)
2025-10-10 10:37:53,655 [43369f36-6a0f-45ae-a8eb-f0d390948370@group-7E155E250634-LeaderStateImpl] WARN  server.RaftServer$Division (LeaderStateImpl.java:lambda$checkLeadership$20(1125)) - Follower 43369f36-6a0f-45ae-a8eb-f0d390948370@group-7E155E250634->1a301c79-b9ef-44e0-a0ae-b339f61819a5(c6,m6,n7, caughtUp=true, lastRpcSendTime=137, lastRpcResponseTime=1395)
2025-10-10 10:37:53,655 [43369f36-6a0f-45ae-a8eb-f0d390948370@group-7E155E250634-LeaderStateImpl] INFO  server.RaftServer$Division (RaftServerImpl.java:setRole(392)) - 43369f36-6a0f-45ae-a8eb-f0d390948370@group-7E155E250634: changes role from    LEADER to FOLLOWER at term 2 for StepDownReason:LOST_MAJORITY_HEARTBEATS
2025-10-10 10:37:53,655 [43369f36-6a0f-45ae-a8eb-f0d390948370@group-7E155E250634-LeaderStateImpl] INFO  impl.RoleInfo (RoleInfo.java:shutdownLeaderState(103)) - 43369f36-6a0f-45ae-a8eb-f0d390948370: shutdown 43369f36-6a0f-45ae-a8eb-f0d390948370@group-7E155E250634-LeaderStateImpl
2025-10-10 10:37:53,655 [43369f36-6a0f-45ae-a8eb-f0d390948370@group-7E155E250634->bb95c33f-a3cb-4bbe-957e-8163c1fc1114-GrpcLogAppender-LogAppenderDaemon] WARN  server.GrpcLogAppender (GrpcLogAppender.java:mayWait(300)) - 43369f36-6a0f-45ae-a8eb-f0d390948370@group-7E155E250634->bb95c33f-a3cb-4bbe-957e-8163c1fc1114-GrpcLogAppender: Wait interrupted by java.lang.InterruptedException
2025-10-10 10:37:53,656 [43369f36-6a0f-45ae-a8eb-f0d390948370@group-7E155E250634->1a301c79-b9ef-44e0-a0ae-b339f61819a5-GrpcLogAppender-LogAppenderDaemon] WARN  server.GrpcLogAppender (GrpcLogAppender.java:mayWait(300)) - 43369f36-6a0f-45ae-a8eb-f0d390948370@group-7E155E250634->1a301c79-b9ef-44e0-a0ae-b339f61819a5-GrpcLogAppender: Wait interrupted by java.lang.InterruptedException
2025-10-10 10:37:53,656 [43369f36-6a0f-45ae-a8eb-f0d390948370@group-7E155E250634-LeaderStateImpl] INFO  impl.PendingRequests (PendingRequests.java:sendNotLeaderResponses(287)) - 43369f36-6a0f-45ae-a8eb-f0d390948370@group-7E155E250634-PendingRequests: sendNotLeaderResponses
2025-10-10 10:37:53,657 [43369f36-6a0f-45ae-a8eb-f0d390948370@group-7E155E250634-LeaderStateImpl] INFO  server.RaftServer$Division (ServerState.java:setLeader(272)) - 43369f36-6a0f-45ae-a8eb-f0d390948370@group-7E155E250634: change Leader from 43369f36-6a0f-45ae-a8eb-f0d390948370 to null at term 2 for StepDownReason:LOST_MAJORITY_HEARTBEATS
2025-10-10 10:37:53,657 [43369f36-6a0f-45ae-a8eb-f0d390948370@group-7E155E250634-LeaderStateImpl] INFO  impl.RoleInfo (RoleInfo.java:updateAndGet(148)) - 43369f36-6a0f-45ae-a8eb-f0d390948370: start 43369f36-6a0f-45ae-a8eb-f0d390948370@group-7E155E250634-FollowerState
2025-10-10 10:37:53,873 [43369f36-6a0f-45ae-a8eb-f0d390948370@group-63ACBE5F7EDA-FollowerState] INFO  impl.FollowerState (FollowerState.java:runImpl(161)) - 43369f36-6a0f-45ae-a8eb-f0d390948370@group-63ACBE5F7EDA-FollowerState: change to CANDIDATE, lastRpcElapsedTime:1964240314ns, electionTimeout:1172ms
2025-10-10 10:37:53,873 [43369f36-6a0f-45ae-a8eb-f0d390948370@group-63ACBE5F7EDA-FollowerState] INFO  impl.RoleInfo (RoleInfo.java:shutdownFollowerState(121)) - 43369f36-6a0f-45ae-a8eb-f0d390948370: shutdown 43369f36-6a0f-45ae-a8eb-f0d390948370@group-63ACBE5F7EDA-FollowerState
2025-10-10 10:37:53,873 [43369f36-6a0f-45ae-a8eb-f0d390948370@group-63ACBE5F7EDA-FollowerState] INFO  server.RaftServer$Division (RaftServerImpl.java:setRole(392)) - 43369f36-6a0f-45ae-a8eb-f0d390948370@group-63ACBE5F7EDA: changes role from  FOLLOWER to CANDIDATE at term 1 for changeToCandidate
2025-10-10 10:37:53,873 [43369f36-6a0f-45ae-a8eb-f0d390948370@group-63ACBE5F7EDA-FollowerState] INFO  impl.RoleInfo (RoleInfo.java:updateAndGet(148)) - 43369f36-6a0f-45ae-a8eb-f0d390948370: start 43369f36-6a0f-45ae-a8eb-f0d390948370@group-63ACBE5F7EDA-LeaderElection27
2025-10-10 10:37:53,873 [43369f36-6a0f-45ae-a8eb-f0d390948370@group-63ACBE5F7EDA-LeaderElection27] INFO  server.RaftServer$Division (ServerState.java:setLeader(272)) - 43369f36-6a0f-45ae-a8eb-f0d390948370@group-63ACBE5F7EDA: change Leader from 1a301c79-b9ef-44e0-a0ae-b339f61819a5 to null at term 1 for PRE_VOTE
2025-10-10 10:37:53,873 [43369f36-6a0f-45ae-a8eb-f0d390948370@group-63ACBE5F7EDA-LeaderElection27] INFO  impl.LeaderElection (LeaderElection.java:askForVotes(448)) - 43369f36-6a0f-45ae-a8eb-f0d390948370@group-63ACBE5F7EDA-LeaderElection27 PRE_VOTE round 0: submit vote requests at term 1 for conf: {index: 0, cur=peers:[bb95c33f-a3cb-4bbe-957e-8163c1fc1114|127.0.0.1:15031, 1a301c79-b9ef-44e0-a0ae-b339f61819a5|127.0.0.1:15023, 43369f36-6a0f-45ae-a8eb-f0d390948370|127.0.0.1:15015]|listeners:[], old=null}
2025-10-10 10:37:53,874 [43369f36-6a0f-45ae-a8eb-f0d390948370@group-63ACBE5F7EDA-LeaderElection27] INFO  impl.LeaderElection (LogUtils.java:infoOrTrace(142)) - 43369f36-6a0f-45ae-a8eb-f0d390948370@group-63ACBE5F7EDA-LeaderElection27 got exception when requesting votes: java.util.concurrent.ExecutionException: org.apache.ratis.thirdparty.io.grpc.StatusRuntimeException: UNAVAILABLE: io exception
2025-10-10 10:37:53,874 [43369f36-6a0f-45ae-a8eb-f0d390948370@group-63ACBE5F7EDA-LeaderElection27] INFO  impl.LeaderElection (LogUtils.java:infoOrTrace(142)) - 43369f36-6a0f-45ae-a8eb-f0d390948370@group-63ACBE5F7EDA-LeaderElection27 got exception when requesting votes: java.util.concurrent.ExecutionException: org.apache.ratis.thirdparty.io.grpc.StatusRuntimeException: UNAVAILABLE: io exception
2025-10-10 10:37:53,874 [43369f36-6a0f-45ae-a8eb-f0d390948370@group-63ACBE5F7EDA-LeaderElection27] INFO  impl.LeaderElection (LeaderElection.java:logAndReturn(206)) - 43369f36-6a0f-45ae-a8eb-f0d390948370@group-63ACBE5F7EDA-LeaderElection27: PRE_VOTE REJECTED received 0 response(s) and 2 exception(s):
2025-10-10 10:37:53,874 [43369f36-6a0f-45ae-a8eb-f0d390948370@group-63ACBE5F7EDA-LeaderElection27] INFO  impl.LeaderElection (LogUtils.java:infoOrTrace(142)) -   Exception 0: java.util.concurrent.ExecutionException: org.apache.ratis.thirdparty.io.grpc.StatusRuntimeException: UNAVAILABLE: io exception
2025-10-10 10:37:53,874 [43369f36-6a0f-45ae-a8eb-f0d390948370@group-63ACBE5F7EDA-LeaderElection27] INFO  impl.LeaderElection (LogUtils.java:infoOrTrace(142)) -   Exception 1: java.util.concurrent.ExecutionException: org.apache.ratis.thirdparty.io.grpc.StatusRuntimeException: UNAVAILABLE: io exception
2025-10-10 10:37:53,874 [43369f36-6a0f-45ae-a8eb-f0d390948370@group-63ACBE5F7EDA-LeaderElection27] INFO  impl.LeaderElection (LeaderElection.java:askForVotes(450)) - 43369f36-6a0f-45ae-a8eb-f0d390948370@group-63ACBE5F7EDA-LeaderElection27 PRE_VOTE round 0: result REJECTED
2025-10-10 10:37:53,874 [43369f36-6a0f-45ae-a8eb-f0d390948370@group-63ACBE5F7EDA-LeaderElection27] INFO  server.RaftServer$Division (RaftServerImpl.java:setRole(392)) - 43369f36-6a0f-45ae-a8eb-f0d390948370@group-63ACBE5F7EDA: changes role from CANDIDATE to FOLLOWER at term 1 for REJECTED
2025-10-10 10:37:53,874 [43369f36-6a0f-45ae-a8eb-f0d390948370@group-63ACBE5F7EDA-LeaderElection27] INFO  impl.RoleInfo (RoleInfo.java:shutdownLeaderElection(141)) - 43369f36-6a0f-45ae-a8eb-f0d390948370: shutdown 43369f36-6a0f-45ae-a8eb-f0d390948370@group-63ACBE5F7EDA-LeaderElection27
2025-10-10 10:37:53,874 [43369f36-6a0f-45ae-a8eb-f0d390948370@group-63ACBE5F7EDA-LeaderElection27] INFO  impl.RoleInfo (RoleInfo.java:updateAndGet(148)) - 43369f36-6a0f-45ae-a8eb-f0d390948370: start 43369f36-6a0f-45ae-a8eb-f0d390948370@group-63ACBE5F7EDA-FollowerState
2025-10-10 10:37:54,308 [timer4] INFO  server.GrpcServerProtocolService (GrpcServerProtocolService.java:lambda$onCompleted$6(171)) - 1a301c79-b9ef-44e0-a0ae-b339f61819a5: Completed APPEND_ENTRIES, lastRequest: bb95c33f-a3cb-4bbe-957e-8163c1fc1114->1a301c79-b9ef-44e0-a0ae-b339f61819a5#9-t1,previous=(t:1, i:2),leaderCommit=2,initializing? false,entries: size=2, first=(t:1, i:3), METADATAENTRY(c:1)  (Repeated 2 times in the last 5.001s)
2025-10-10 10:37:54,309 [timer3] INFO  server.GrpcServerProtocolService (GrpcServerProtocolService.java:lambda$onCompleted$6(171)) - 43369f36-6a0f-45ae-a8eb-f0d390948370: Completed APPEND_ENTRIES, lastRequest: 1a301c79-b9ef-44e0-a0ae-b339f61819a5->43369f36-6a0f-45ae-a8eb-f0d390948370#1-t1,previous=<PROTO_DEFAULT>,leaderCommit=-1,initializing? false,entries: size=1, first=(t:1, i:0), CONFIGURATIONENTRY(current:id:"bb95c33f-a3cb-4bbe-957e-8163c1fc1114"address:"127.0.0.1:15031"dataStreamAddress:"127.0.0.1:15032"clientAddress:"127.0.0.1:15029"adminAddress:"127.0.0.1:15030"startupRole:FOLLOWER, id:"1a301c79-b9ef-44e0-a0ae-b339f61819a5"address:"127.0.0.1:15023"priority:1dataStreamAddress:"127.0.0.1:15024"clientAddress:"127.0.0.1:15021"adminAddress:"127.0.0.1:15022"startupRole:FOLLOWER, id:"43369f36-6a0f-45ae-a8eb-f0d390948370"address:"127.0.0.1:15015"dataStreamAddress:"127.0.0.1:15016"clientAddress:"127.0.0.1:15013"adminAddress:"127.0.0.1:15014"startupRole:FOLLOWER, old:)  (Repeated 4 times in the last 5.001s)
2025-10-10 10:37:54,311 [timer5] INFO  server.GrpcServerProtocolService (GrpcServerProtocolService.java:lambda$null$7(175)) - 43369f36-6a0f-45ae-a8eb-f0d390948370: Completed APPEND_ENTRIES, lastReply: null  (Repeated 4 times in the last 5.000s)
2025-10-10 10:37:54,369 [timer6] INFO  server.GrpcServerProtocolService (GrpcServerProtocolService.java:lambda$null$7(175)) - 1a301c79-b9ef-44e0-a0ae-b339f61819a5: Completed APPEND_ENTRIES, lastReply: null  (Repeated 2 times in the last 5.060s)
2025-10-10 10:37:54,379 [timer7] WARN  server.GrpcLogAppender (LogUtils.java:warn(127)) - 1a301c79-b9ef-44e0-a0ae-b339f61819a5@group-63ACBE5F7EDA->bb95c33f-a3cb-4bbe-957e-8163c1fc1114-AppendLogResponseHandler: Failed appendEntries (Repeated 14 times in the last 5.002s): org.apache.ratis.thirdparty.io.grpc.StatusRuntimeException: UNAVAILABLE: io exception
  Caused by: org.apache.ratis.thirdparty.io.netty.channel.AbstractChannel$AnnotatedConnectException: finishConnect(..) failed: Connection refused: /127.0.0.1:15031
  Caused by: java.net.ConnectException: finishConnect(..) failed: Connection refused
2025-10-10 10:37:54,379 [timer0] WARN  server.GrpcLogAppender (GrpcLogAppender.java:lambda$resetClient$1(228)) - 1a301c79-b9ef-44e0-a0ae-b339f61819a5@group-63ACBE5F7EDA->bb95c33f-a3cb-4bbe-957e-8163c1fc1114-GrpcLogAppender: Follower failed (request=null, errorCount=14); keep nextIndex (1) unchanged and retry. (Repeated 14 times in the last 4.999s)
2025-10-10 10:37:54,729 [43369f36-6a0f-45ae-a8eb-f0d390948370@group-7E155E250634-FollowerState] INFO  impl.FollowerState (FollowerState.java:lostMajorityHeartbeatsRecently(113)) - 43369f36-6a0f-45ae-a8eb-f0d390948370@group-7E155E250634-FollowerState: Skipping leader election since it stepped down recently (elapsed = 1071ms < waitTime = 10s)
2025-10-10 10:37:54,887 [43369f36-6a0f-45ae-a8eb-f0d390948370@group-63ACBE5F7EDA-FollowerState] INFO  impl.FollowerState (FollowerState.java:runImpl(161)) - 43369f36-6a0f-45ae-a8eb-f0d390948370@group-63ACBE5F7EDA-FollowerState: change to CANDIDATE, lastRpcElapsedTime:1012308087ns, electionTimeout:1012ms
2025-10-10 10:37:54,887 [43369f36-6a0f-45ae-a8eb-f0d390948370@group-63ACBE5F7EDA-FollowerState] INFO  impl.RoleInfo (RoleInfo.java:shutdownFollowerState(121)) - 43369f36-6a0f-45ae-a8eb-f0d390948370: shutdown 43369f36-6a0f-45ae-a8eb-f0d390948370@group-63ACBE5F7EDA-FollowerState
2025-10-10 10:37:54,887 [43369f36-6a0f-45ae-a8eb-f0d390948370@group-63ACBE5F7EDA-FollowerState] INFO  server.RaftServer$Division (RaftServerImpl.java:setRole(392)) - 43369f36-6a0f-45ae-a8eb-f0d390948370@group-63ACBE5F7EDA: changes role from  FOLLOWER to CANDIDATE at term 1 for changeToCandidate
2025-10-10 10:37:54,887 [43369f36-6a0f-45ae-a8eb-f0d390948370@group-63ACBE5F7EDA-FollowerState] INFO  impl.RoleInfo (RoleInfo.java:updateAndGet(148)) - 43369f36-6a0f-45ae-a8eb-f0d390948370: start 43369f36-6a0f-45ae-a8eb-f0d390948370@group-63ACBE5F7EDA-LeaderElection28
2025-10-10 10:37:54,887 [43369f36-6a0f-45ae-a8eb-f0d390948370@group-63ACBE5F7EDA-LeaderElection28] INFO  impl.LeaderElection (LeaderElection.java:askForVotes(448)) - 43369f36-6a0f-45ae-a8eb-f0d390948370@group-63ACBE5F7EDA-LeaderElection28 PRE_VOTE round 0: submit vote requests at term 1 for conf: {index: 0, cur=peers:[bb95c33f-a3cb-4bbe-957e-8163c1fc1114|127.0.0.1:15031, 1a301c79-b9ef-44e0-a0ae-b339f61819a5|127.0.0.1:15023, 43369f36-6a0f-45ae-a8eb-f0d390948370|127.0.0.1:15015]|listeners:[], old=null}
2025-10-10 10:37:54,888 [43369f36-6a0f-45ae-a8eb-f0d390948370@group-63ACBE5F7EDA-LeaderElection28] INFO  impl.LeaderElection (LogUtils.java:infoOrTrace(142)) - 43369f36-6a0f-45ae-a8eb-f0d390948370@group-63ACBE5F7EDA-LeaderElection28 got exception when requesting votes: java.util.concurrent.ExecutionException: org.apache.ratis.thirdparty.io.grpc.StatusRuntimeException: UNAVAILABLE: io exception
2025-10-10 10:37:54,888 [43369f36-6a0f-45ae-a8eb-f0d390948370@group-63ACBE5F7EDA-LeaderElection28] INFO  impl.LeaderElection (LogUtils.java:infoOrTrace(142)) - 43369f36-6a0f-45ae-a8eb-f0d390948370@group-63ACBE5F7EDA-LeaderElection28 got exception when requesting votes: java.util.concurrent.ExecutionException: org.apache.ratis.thirdparty.io.grpc.StatusRuntimeException: UNAVAILABLE: io exception
2025-10-10 10:37:54,888 [43369f36-6a0f-45ae-a8eb-f0d390948370@group-63ACBE5F7EDA-LeaderElection28] INFO  impl.LeaderElection (LeaderElection.java:logAndReturn(206)) - 43369f36-6a0f-45ae-a8eb-f0d390948370@group-63ACBE5F7EDA-LeaderElection28: PRE_VOTE REJECTED received 0 response(s) and 2 exception(s):
2025-10-10 10:37:54,888 [43369f36-6a0f-45ae-a8eb-f0d390948370@group-63ACBE5F7EDA-LeaderElection28] INFO  impl.LeaderElection (LogUtils.java:infoOrTrace(142)) -   Exception 0: java.util.concurrent.ExecutionException: org.apache.ratis.thirdparty.io.grpc.StatusRuntimeException: UNAVAILABLE: io exception
2025-10-10 10:37:54,888 [43369f36-6a0f-45ae-a8eb-f0d390948370@group-63ACBE5F7EDA-LeaderElection28] INFO  impl.LeaderElection (LogUtils.java:infoOrTrace(142)) -   Exception 1: java.util.concurrent.ExecutionException: org.apache.ratis.thirdparty.io.grpc.StatusRuntimeException: UNAVAILABLE: io exception
2025-10-10 10:37:54,888 [43369f36-6a0f-45ae-a8eb-f0d390948370@group-63ACBE5F7EDA-LeaderElection28] INFO  impl.LeaderElection (LeaderElection.java:askForVotes(450)) - 43369f36-6a0f-45ae-a8eb-f0d390948370@group-63ACBE5F7EDA-LeaderElection28 PRE_VOTE round 0: result REJECTED
2025-10-10 10:37:54,888 [43369f36-6a0f-45ae-a8eb-f0d390948370@group-63ACBE5F7EDA-LeaderElection28] INFO  server.RaftServer$Division (RaftServerImpl.java:setRole(392)) - 43369f36-6a0f-45ae-a8eb-f0d390948370@group-63ACBE5F7EDA: changes role from CANDIDATE to FOLLOWER at term 1 for REJECTED
2025-10-10 10:37:54,888 [43369f36-6a0f-45ae-a8eb-f0d390948370@group-63ACBE5F7EDA-LeaderElection28] INFO  impl.RoleInfo (RoleInfo.java:shutdownLeaderElection(141)) - 43369f36-6a0f-45ae-a8eb-f0d390948370: shutdown 43369f36-6a0f-45ae-a8eb-f0d390948370@group-63ACBE5F7EDA-LeaderElection28
2025-10-10 10:37:54,889 [43369f36-6a0f-45ae-a8eb-f0d390948370@group-63ACBE5F7EDA-LeaderElection28] INFO  impl.RoleInfo (RoleInfo.java:updateAndGet(148)) - 43369f36-6a0f-45ae-a8eb-f0d390948370: start 43369f36-6a0f-45ae-a8eb-f0d390948370@group-63ACBE5F7EDA-FollowerState
2025-10-10 10:37:55,259 [ForkJoinPool-1-worker-1] INFO  utils.DatanodeStoreCache (DatanodeStoreCache.java:shutdownCache(110)) - Skip clearing cache in mini cluster mode. Entries left: [/home/runner/work/ozone/ozone/hadoop-ozone/integration-test/target/test-dir/MiniOzoneClusterImpl-611c99c7-d47b-4433-a4ef-cd0a35b076ef/ozone-metadata/datanode-1/data-0/hdds/611c99c7-d47b-4433-a4ef-cd0a35b076ef/DS-e04c2270-6553-4caa-98e6-0f32c0982bff/container.db, /home/runner/work/ozone/ozone/hadoop-ozone/integration-test/target/test-dir/MiniOzoneClusterImpl-611c99c7-d47b-4433-a4ef-cd0a35b076ef/ozone-metadata/datanode-10/data-0/hdds/611c99c7-d47b-4433-a4ef-cd0a35b076ef/DS-acbb0b19-c57c-43af-ab83-47b2913905c6/container.db, /home/runner/work/ozone/ozone/hadoop-ozone/integration-test/target/test-dir/MiniOzoneClusterImpl-611c99c7-d47b-4433-a4ef-cd0a35b076ef/ozone-metadata/datanode-2/data-0/hdds/611c99c7-d47b-4433-a4ef-cd0a35b076ef/DS-dbeeb2d7-87c9-464d-a232-67ecec18d322/container.db, /home/runner/work/ozone/ozone/hadoop-ozone/integration-test/target/test-dir/MiniOzoneClusterImpl-611c99c7-d47b-4433-a4ef-cd0a35b076ef/ozone-metadata/datanode-4/data-0/hdds/611c99c7-d47b-4433-a4ef-cd0a35b076ef/DS-d0f0d2dd-b347-4b79-bac2-49cc0e8748a5/container.db, /home/runner/work/ozone/ozone/hadoop-ozone/integration-test/target/test-dir/MiniOzoneClusterImpl-611c99c7-d47b-4433-a4ef-cd0a35b076ef/ozone-metadata/datanode-5/data-0/hdds/611c99c7-d47b-4433-a4ef-cd0a35b076ef/DS-4e487a0b-bc01-4abe-bc19-325c11ca8c9e/container.db, /home/runner/work/ozone/ozone/hadoop-ozone/integration-test/target/test-dir/MiniOzoneClusterImpl-611c99c7-d47b-4433-a4ef-cd0a35b076ef/ozone-metadata/datanode-6/data-0/hdds/611c99c7-d47b-4433-a4ef-cd0a35b076ef/DS-2abecbaf-9058-465c-9862-40fcfa0a7bd5/container.db, /home/runner/work/ozone/ozone/hadoop-ozone/integration-test/target/test-dir/MiniOzoneClusterImpl-611c99c7-d47b-4433-a4ef-cd0a35b076ef/ozone-metadata/datanode-7/data-0/hdds/611c99c7-d47b-4433-a4ef-cd0a35b076ef/DS-c4bde162-9ff2-4380-9d2e-b89c9d2de98d/container.db, /home/runner/work/ozone/ozone/hadoop-ozone/integration-test/target/test-dir/MiniOzoneClusterImpl-611c99c7-d47b-4433-a4ef-cd0a35b076ef/ozone-metadata/datanode-8/data-0/hdds/611c99c7-d47b-4433-a4ef-cd0a35b076ef/DS-5cd8dead-8911-46d6-a0b8-6438206482ea/container.db, /home/runner/work/ozone/ozone/hadoop-ozone/integration-test/target/test-dir/MiniOzoneClusterImpl-611c99c7-d47b-4433-a4ef-cd0a35b076ef/ozone-metadata/datanode-9/data-0/hdds/611c99c7-d47b-4433-a4ef-cd0a35b076ef/DS-8fb42501-9102-4ac6-a22c-4421d3850807/container.db]
2025-10-10 10:37:55,260 [ForkJoinPool-1-worker-1] INFO  utils.DatanodeStoreCache (DatanodeStoreCache.java:removeDB(104)) - Removed db /home/runner/work/ozone/ozone/hadoop-ozone/integration-test/target/test-dir/MiniOzoneClusterImpl-611c99c7-d47b-4433-a4ef-cd0a35b076ef/ozone-metadata/datanode-2/data-0/hdds/611c99c7-d47b-4433-a4ef-cd0a35b076ef/DS-dbeeb2d7-87c9-464d-a232-67ecec18d322/container.db from cache
2025-10-10 10:37:55,261 [ForkJoinPool-1-worker-1] INFO  volume.HddsVolume (HddsVolume.java:closeDbStore(609)) - SchemaV3 db is stopped at /home/runner/work/ozone/ozone/hadoop-ozone/integration-test/target/test-dir/MiniOzoneClusterImpl-611c99c7-d47b-4433-a4ef-cd0a35b076ef/ozone-metadata/datanode-2/data-0/hdds/611c99c7-d47b-4433-a4ef-cd0a35b076ef/DS-dbeeb2d7-87c9-464d-a232-67ecec18d322/container.db for volume DS-dbeeb2d7-87c9-464d-a232-67ecec18d322
2025-10-10 10:37:55,261 [ForkJoinPool-1-worker-1] INFO  utils.BackgroundService (BackgroundService.java:shutdown(195)) - Shutting down service BlockDeletingService
2025-10-10 10:37:55,261 [ForkJoinPool-1-worker-1] INFO  utils.BackgroundService (BackgroundService.java:shutdown(195)) - Shutting down service StaleRecoveringContainerScrubbingService
2025-10-10 10:37:55,263 [ForkJoinPool-1-worker-1] INFO  statemachine.DatanodeStateMachine (DatanodeStateMachine.java:stopDaemon(654)) - Ozone container server stopped.
2025-10-10 10:37:55,276 [ForkJoinPool-1-worker-1] INFO  handler.ContextHandler (ContextHandler.java:doStop(1159)) - Stopped o.e.j.w.WebAppContext@ff4ae05{hddsDatanode,/,null,STOPPED}{jar:file:/home/runner/work/ozone/ozone/hadoop-hdds/container-service/target/hdds-container-service-2.1.0-SNAPSHOT.jar!/webapps/hddsDatanode}
2025-10-10 10:37:55,277 [ForkJoinPool-1-worker-1] INFO  server.AbstractConnector (AbstractConnector.java:doStop(383)) - Stopped ServerConnector@55b895ee{HTTP/1.1, (http/1.1)}{0.0.0.0:15018}
2025-10-10 10:37:55,277 [ForkJoinPool-1-worker-1] INFO  server.session (HouseKeeper.java:stopScavenging(149)) - node0 Stopped scavenging
2025-10-10 10:37:55,277 [ForkJoinPool-1-worker-1] INFO  handler.ContextHandler (ContextHandler.java:doStop(1159)) - Stopped o.e.j.s.ServletContextHandler@155f677e{static,/static,jar:file:/home/runner/work/ozone/ozone/hadoop-hdds/container-service/target/hdds-container-service-2.1.0-SNAPSHOT.jar!/webapps/static,STOPPED}
2025-10-10 10:37:55,277 [ForkJoinPool-1-worker-1] INFO  handler.ContextHandler (ContextHandler.java:doStop(1159)) - Stopped o.e.j.s.ServletContextHandler@3feda0{logs,/logs,file:///home/runner/work/ozone/ozone/hadoop-ozone/integration-test/target/log,STOPPED}
2025-10-10 10:37:55,278 [ForkJoinPool-1-worker-1] INFO  ozone.HddsDatanodeClientProtocolServer (HddsDatanodeClientProtocolServer.java:stop(82)) - Stopping the RPC server for Client Protocol
2025-10-10 10:37:55,278 [ForkJoinPool-1-worker-1] INFO  ipc.Server (Server.java:stop(3697)) - Stopping server on 15019
2025-10-10 10:37:55,280 [IPC Server Responder] INFO  ipc.Server (Server.java:run(1718)) - Stopping IPC Server Responder
2025-10-10 10:37:55,280 [IPC Server listener on 15019] INFO  ipc.Server (Server.java:run(1585)) - Stopping IPC Server listener on 15019
2025-10-10 10:37:55,306 [ForkJoinPool-1-worker-1] ERROR impl.OrderedAsync (OrderedAsync.java:lambda$null$6(215)) -  client-E7C31156E772: Failed* RaftClientRequest:client-E7C31156E772->bb95c33f-a3cb-4bbe-957e-8163c1fc1114@group-7E155E250634, cid=22, seq=4, RW, cmdType: WriteChunk traceID: "" containerID: 1 datanodeUuid: "bb95c33f-a3cb-4bbe-957e-8163c1fc1114" writeChunk { blockID { containerID: 1 localID: 115816896921600001 blockCommitSequenceId: 2 replicaIndex: 0 } chunkData { chunkName: "115816896921600001_chunk_2" offset: 1048576 len: 1048576 } } version: 3, data.size=1048576
java.util.concurrent.CompletionException: org.apache.ratis.protocol.exceptions.AlreadyClosedException: client-E7C31156E772->bb95c33f-a3cb-4bbe-957e-8163c1fc1114 is closed.
	at java.base/java.util.concurrent.CompletableFuture.encodeThrowable(CompletableFuture.java:332)
	at java.base/java.util.concurrent.CompletableFuture.uniAcceptNow(CompletableFuture.java:747)
	at java.base/java.util.concurrent.CompletableFuture.uniAcceptStage(CompletableFuture.java:735)
	at java.base/java.util.concurrent.CompletableFuture.thenAccept(CompletableFuture.java:2214)
	at org.apache.ratis.client.impl.OrderedAsync.sendRequestWithRetry(OrderedAsync.java:206)
	at org.apache.ratis.util.SlidingWindow$Client.sendOrDelayRequest(SlidingWindow.java:306)
	at org.apache.ratis.util.SlidingWindow$Client.submitNewRequest(SlidingWindow.java:294)
	at org.apache.ratis.client.impl.OrderedAsync.send(OrderedAsync.java:173)
	at org.apache.ratis.client.impl.AsyncImpl.send(AsyncImpl.java:41)
	at org.apache.ratis.client.impl.AsyncImpl.send(AsyncImpl.java:46)
	at org.apache.ratis.client.api.AsyncApi.send(AsyncApi.java:46)
	at org.apache.hadoop.hdds.scm.XceiverClientRatis.lambda$sendRequestAsync$3(XceiverClientRatis.java:270)
	at org.apache.hadoop.hdds.tracing.TracingUtil.executeInSpan(TracingUtil.java:205)
	at org.apache.hadoop.hdds.tracing.TracingUtil.executeInNewSpan(TracingUtil.java:195)
	at org.apache.hadoop.hdds.scm.XceiverClientRatis.sendRequestAsync(XceiverClientRatis.java:255)
	at org.apache.hadoop.hdds.scm.XceiverClientRatis.sendCommandAsync(XceiverClientRatis.java:368)
	at org.apache.hadoop.hdds.scm.storage.ContainerProtocolCalls.writeChunkAsync(ContainerProtocolCalls.java:470)
	at org.apache.hadoop.hdds.scm.storage.BlockOutputStream.writeChunkToContainer(BlockOutputStream.java:965)
	at org.apache.hadoop.hdds.scm.storage.BlockOutputStream.writeChunk(BlockOutputStream.java:663)
	at org.apache.hadoop.hdds.scm.storage.BlockOutputStream.writeChunkIfNeeded(BlockOutputStream.java:363)
	at org.apache.hadoop.hdds.scm.storage.BlockOutputStream.write(BlockOutputStream.java:389)
	at org.apache.hadoop.ozone.client.io.BlockOutputStreamEntry.write(BlockOutputStreamEntry.java:183)
	at org.apache.hadoop.ozone.client.io.KeyOutputStream.writeToOutputStream(KeyOutputStream.java:298)
	at org.apache.hadoop.ozone.client.io.KeyOutputStream.handleWrite(KeyOutputStream.java:274)
	at org.apache.hadoop.ozone.client.io.KeyOutputStream.lambda$write$1(KeyOutputStream.java:240)
	at org.apache.hadoop.ozone.client.io.KeyOutputStream.doInWriteLock(KeyOutputStream.java:251)
	at org.apache.hadoop.ozone.client.io.KeyOutputStream.write(KeyOutputStream.java:239)
	at org.apache.hadoop.ozone.client.io.OzoneOutputStream.write(OzoneOutputStream.java:93)
	at java.base/java.io.OutputStream.write(OutputStream.java:124)
	at org.apache.hadoop.ozone.client.rpc.TestFailureHandlingByClient.testPipelineExclusionWithPipelineFailure(TestFailureHandlingByClient.java:530)
	at java.base/jdk.internal.reflect.DirectMethodHandleAccessor.invoke(DirectMethodHandleAccessor.java:103)
	at java.base/java.lang.reflect.Method.invoke(Method.java:580)
	at org.junit.platform.commons.util.ReflectionUtils.invokeMethod(ReflectionUtils.java:786)
	at org.junit.platform.commons.support.ReflectionSupport.invokeMethod(ReflectionSupport.java:514)
	at org.junit.jupiter.engine.execution.MethodInvocation.proceed(MethodInvocation.java:60)
	at org.junit.jupiter.engine.execution.InvocationInterceptorChain$ValidatingInvocation.proceed(InvocationInterceptorChain.java:131)
	at org.junit.jupiter.engine.extension.SameThreadTimeoutInvocation.proceed(SameThreadTimeoutInvocation.java:49)
	at org.junit.jupiter.engine.extension.TimeoutExtension.intercept(TimeoutExtension.java:161)
	at org.junit.jupiter.engine.extension.TimeoutExtension.interceptTestableMethod(TimeoutExtension.java:152)
	at org.junit.jupiter.engine.extension.TimeoutExtension.interceptTestMethod(TimeoutExtension.java:91)
	at org.junit.jupiter.engine.execution.InterceptingExecutableInvoker$ReflectiveInterceptorCall.lambda$ofVoidMethod$0(InterceptingExecutableInvoker.java:112)
	at org.junit.jupiter.engine.execution.InterceptingExecutableInvoker.lambda$invoke$0(InterceptingExecutableInvoker.java:94)
	at org.junit.jupiter.engine.execution.InvocationInterceptorChain$InterceptedInvocation.proceed(InvocationInterceptorChain.java:106)
	at org.junit.jupiter.engine.execution.InvocationInterceptorChain.proceed(InvocationInterceptorChain.java:64)
	at org.junit.jupiter.engine.execution.InvocationInterceptorChain.chainAndInvoke(InvocationInterceptorChain.java:45)
	at org.junit.jupiter.engine.execution.InvocationInterceptorChain.invoke(InvocationInterceptorChain.java:37)
	at org.junit.jupiter.engine.execution.InterceptingExecutableInvoker.invoke(InterceptingExecutableInvoker.java:93)
	at org.junit.jupiter.engine.execution.InterceptingExecutableInvoker.invoke(InterceptingExecutableInvoker.java:87)
	at org.junit.jupiter.engine.descriptor.TestMethodTestDescriptor.lambda$invokeTestMethod$4(TestMethodTestDescriptor.java:221)
	at org.junit.platform.engine.support.hierarchical.ThrowableCollector.execute(ThrowableCollector.java:73)
	at org.junit.jupiter.engine.descriptor.TestMethodTestDescriptor.invokeTestMethod(TestMethodTestDescriptor.java:217)
	at org.junit.jupiter.engine.descriptor.TestMethodTestDescriptor.execute(TestMethodTestDescriptor.java:159)
	at org.junit.jupiter.engine.descriptor.TestMethodTestDescriptor.execute(TestMethodTestDescriptor.java:70)
	at org.junit.platform.engine.support.hierarchical.NodeTestTask.lambda$executeRecursively$6(NodeTestTask.java:157)
	at org.junit.platform.engine.support.hierarchical.ThrowableCollector.execute(ThrowableCollector.java:73)
	at org.junit.platform.engine.support.hierarchical.NodeTestTask.lambda$executeRecursively$8(NodeTestTask.java:147)
	at org.junit.platform.engine.support.hierarchical.Node.around(Node.java:137)
	at org.junit.platform.engine.support.hierarchical.NodeTestTask.lambda$executeRecursively$9(NodeTestTask.java:145)
	at org.junit.platform.engine.support.hierarchical.ThrowableCollector.execute(ThrowableCollector.java:73)
	at org.junit.platform.engine.support.hierarchical.NodeTestTask.executeRecursively(NodeTestTask.java:144)
	at org.junit.platform.engine.support.hierarchical.NodeTestTask.execute(NodeTestTask.java:101)
	at org.junit.platform.engine.support.hierarchical.ForkJoinPoolHierarchicalTestExecutorService$ExclusiveTask.exec(ForkJoinPoolHierarchicalTestExecutorService.java:274)
	at org.junit.platform.engine.support.hierarchical.ForkJoinPoolHierarchicalTestExecutorService$ExclusiveTask.execSync(ForkJoinPoolHierarchicalTestExecutorService.java:247)
	at org.junit.platform.engine.support.hierarchical.ForkJoinPoolHierarchicalTestExecutorService.executeSync(ForkJoinPoolHierarchicalTestExecutorService.java:194)
	at org.junit.platform.engine.support.hierarchical.ForkJoinPoolHierarchicalTestExecutorService.invokeAll(ForkJoinPoolHierarchicalTestExecutorService.java:166)
	at org.junit.platform.engine.support.hierarchical.NodeTestTask.lambda$executeRecursively$6(NodeTestTask.java:161)
	at org.junit.platform.engine.support.hierarchical.ThrowableCollector.execute(ThrowableCollector.java:73)
	at org.junit.platform.engine.support.hierarchical.NodeTestTask.lambda$executeRecursively$8(NodeTestTask.java:147)
	at org.junit.platform.engine.support.hierarchical.Node.around(Node.java:137)
	at org.junit.platform.engine.support.hierarchical.NodeTestTask.lambda$executeRecursively$9(NodeTestTask.java:145)
	at org.junit.platform.engine.support.hierarchical.ThrowableCollector.execute(ThrowableCollector.java:73)
	at org.junit.platform.engine.support.hierarchical.NodeTestTask.executeRecursively(NodeTestTask.java:144)
	at org.junit.platform.engine.support.hierarchical.NodeTestTask.execute(NodeTestTask.java:101)
	at org.junit.platform.engine.support.hierarchical.ForkJoinPoolHierarchicalTestExecutorService$ExclusiveTask.exec(ForkJoinPoolHierarchicalTestExecutorService.java:274)
	at org.junit.platform.engine.support.hierarchical.ForkJoinPoolHierarchicalTestExecutorService$ExclusiveTask.execSync(ForkJoinPoolHierarchicalTestExecutorService.java:247)
	at org.junit.platform.engine.support.hierarchical.ForkJoinPoolHierarchicalTestExecutorService.invokeAll(ForkJoinPoolHierarchicalTestExecutorService.java:159)
	at org.junit.platform.engine.support.hierarchical.NodeTestTask.lambda$executeRecursively$6(NodeTestTask.java:161)
	at org.junit.platform.engine.support.hierarchical.ThrowableCollector.execute(ThrowableCollector.java:73)
	at org.junit.platform.engine.support.hierarchical.NodeTestTask.lambda$executeRecursively$8(NodeTestTask.java:147)
	at org.junit.platform.engine.support.hierarchical.Node.around(Node.java:137)
	at org.junit.platform.engine.support.hierarchical.NodeTestTask.lambda$executeRecursively$9(NodeTestTask.java:145)
	at org.junit.platform.engine.support.hierarchical.ThrowableCollector.execute(ThrowableCollector.java:73)
	at org.junit.platform.engine.support.hierarchical.NodeTestTask.executeRecursively(NodeTestTask.java:144)
	at org.junit.platform.engine.support.hierarchical.NodeTestTask.execute(NodeTestTask.java:101)
	at org.junit.platform.engine.support.hierarchical.ForkJoinPoolHierarchicalTestExecutorService$ExclusiveTask.exec(ForkJoinPoolHierarchicalTestExecutorService.java:274)
	at java.base/java.util.concurrent.ForkJoinTask.doExec(ForkJoinTask.java:387)
	at java.base/java.util.concurrent.ForkJoinPool$WorkQueue.topLevelExec(ForkJoinPool.java:1312)
	at java.base/java.util.concurrent.ForkJoinPool.scan(ForkJoinPool.java:1843)
	at java.base/java.util.concurrent.ForkJoinPool.runWorker(ForkJoinPool.java:1808)
	at java.base/java.util.concurrent.ForkJoinWorkerThread.run(ForkJoinWorkerThread.java:188)
Caused by: org.apache.ratis.protocol.exceptions.AlreadyClosedException: client-E7C31156E772->bb95c33f-a3cb-4bbe-957e-8163c1fc1114 is closed.
	at org.apache.ratis.grpc.client.GrpcClientProtocolClient$AsyncStreamObservers.onNext(GrpcClientProtocolClient.java:352)
	at org.apache.ratis.grpc.client.GrpcClientRpc.sendRequestAsync(GrpcClientRpc.java:71)
	... 86 more
2025-10-10 10:37:55,880 [43369f36-6a0f-45ae-a8eb-f0d390948370@group-7E155E250634-FollowerState] INFO  impl.FollowerState (FollowerState.java:lostMajorityHeartbeatsRecently(113)) - 43369f36-6a0f-45ae-a8eb-f0d390948370@group-7E155E250634-FollowerState: Skipping leader election since it stepped down recently (elapsed = 2222ms < waitTime = 10s)
2025-10-10 10:37:56,054 [43369f36-6a0f-45ae-a8eb-f0d390948370@group-63ACBE5F7EDA-FollowerState] INFO  impl.FollowerState (FollowerState.java:runImpl(161)) - 43369f36-6a0f-45ae-a8eb-f0d390948370@group-63ACBE5F7EDA-FollowerState: change to CANDIDATE, lastRpcElapsedTime:1165310507ns, electionTimeout:1165ms
2025-10-10 10:37:56,054 [43369f36-6a0f-45ae-a8eb-f0d390948370@group-63ACBE5F7EDA-FollowerState] INFO  impl.RoleInfo (RoleInfo.java:shutdownFollowerState(121)) - 43369f36-6a0f-45ae-a8eb-f0d390948370: shutdown 43369f36-6a0f-45ae-a8eb-f0d390948370@group-63ACBE5F7EDA-FollowerState
2025-10-10 10:37:56,054 [43369f36-6a0f-45ae-a8eb-f0d390948370@group-63ACBE5F7EDA-FollowerState] INFO  server.RaftServer$Division (RaftServerImpl.java:setRole(392)) - 43369f36-6a0f-45ae-a8eb-f0d390948370@group-63ACBE5F7EDA: changes role from  FOLLOWER to CANDIDATE at term 1 for changeToCandidate
2025-10-10 10:37:56,054 [43369f36-6a0f-45ae-a8eb-f0d390948370@group-63ACBE5F7EDA-FollowerState] INFO  impl.RoleInfo (RoleInfo.java:updateAndGet(148)) - 43369f36-6a0f-45ae-a8eb-f0d390948370: start 43369f36-6a0f-45ae-a8eb-f0d390948370@group-63ACBE5F7EDA-LeaderElection29
2025-10-10 10:37:56,055 [43369f36-6a0f-45ae-a8eb-f0d390948370@group-63ACBE5F7EDA-LeaderElection29] INFO  impl.LeaderElection (LeaderElection.java:askForVotes(448)) - 43369f36-6a0f-45ae-a8eb-f0d390948370@group-63ACBE5F7EDA-LeaderElection29 PRE_VOTE round 0: submit vote requests at term 1 for conf: {index: 0, cur=peers:[bb95c33f-a3cb-4bbe-957e-8163c1fc1114|127.0.0.1:15031, 1a301c79-b9ef-44e0-a0ae-b339f61819a5|127.0.0.1:15023, 43369f36-6a0f-45ae-a8eb-f0d390948370|127.0.0.1:15015]|listeners:[], old=null}
2025-10-10 10:37:56,055 [43369f36-6a0f-45ae-a8eb-f0d390948370@group-63ACBE5F7EDA-LeaderElection29] INFO  impl.LeaderElection (LogUtils.java:infoOrTrace(142)) - 43369f36-6a0f-45ae-a8eb-f0d390948370@group-63ACBE5F7EDA-LeaderElection29 got exception when requesting votes: java.util.concurrent.ExecutionException: org.apache.ratis.thirdparty.io.grpc.StatusRuntimeException: UNAVAILABLE: io exception
2025-10-10 10:37:56,055 [43369f36-6a0f-45ae-a8eb-f0d390948370@group-63ACBE5F7EDA-LeaderElection29] INFO  impl.LeaderElection (LogUtils.java:infoOrTrace(142)) - 43369f36-6a0f-45ae-a8eb-f0d390948370@group-63ACBE5F7EDA-LeaderElection29 got exception when requesting votes: java.util.concurrent.ExecutionException: org.apache.ratis.thirdparty.io.grpc.StatusRuntimeException: UNAVAILABLE: io exception
2025-10-10 10:37:56,056 [43369f36-6a0f-45ae-a8eb-f0d390948370@group-63ACBE5F7EDA-LeaderElection29] INFO  impl.LeaderElection (LeaderElection.java:logAndReturn(206)) - 43369f36-6a0f-45ae-a8eb-f0d390948370@group-63ACBE5F7EDA-LeaderElection29: PRE_VOTE REJECTED received 0 response(s) and 2 exception(s):
2025-10-10 10:37:56,056 [43369f36-6a0f-45ae-a8eb-f0d390948370@group-63ACBE5F7EDA-LeaderElection29] INFO  impl.LeaderElection (LogUtils.java:infoOrTrace(142)) -   Exception 0: java.util.concurrent.ExecutionException: org.apache.ratis.thirdparty.io.grpc.StatusRuntimeException: UNAVAILABLE: io exception
2025-10-10 10:37:56,056 [43369f36-6a0f-45ae-a8eb-f0d390948370@group-63ACBE5F7EDA-LeaderElection29] INFO  impl.LeaderElection (LogUtils.java:infoOrTrace(142)) -   Exception 1: java.util.concurrent.ExecutionException: org.apache.ratis.thirdparty.io.grpc.StatusRuntimeException: UNAVAILABLE: io exception
2025-10-10 10:37:56,056 [43369f36-6a0f-45ae-a8eb-f0d390948370@group-63ACBE5F7EDA-LeaderElection29] INFO  impl.LeaderElection (LeaderElection.java:askForVotes(450)) - 43369f36-6a0f-45ae-a8eb-f0d390948370@group-63ACBE5F7EDA-LeaderElection29 PRE_VOTE round 0: result REJECTED
2025-10-10 10:37:56,056 [43369f36-6a0f-45ae-a8eb-f0d390948370@group-63ACBE5F7EDA-LeaderElection29] INFO  server.RaftServer$Division (RaftServerImpl.java:setRole(392)) - 43369f36-6a0f-45ae-a8eb-f0d390948370@group-63ACBE5F7EDA: changes role from CANDIDATE to FOLLOWER at term 1 for REJECTED
2025-10-10 10:37:56,056 [43369f36-6a0f-45ae-a8eb-f0d390948370@group-63ACBE5F7EDA-LeaderElection29] INFO  impl.RoleInfo (RoleInfo.java:shutdownLeaderElection(141)) - 43369f36-6a0f-45ae-a8eb-f0d390948370: shutdown 43369f36-6a0f-45ae-a8eb-f0d390948370@group-63ACBE5F7EDA-LeaderElection29
2025-10-10 10:37:56,056 [43369f36-6a0f-45ae-a8eb-f0d390948370@group-63ACBE5F7EDA-LeaderElection29] INFO  impl.RoleInfo (RoleInfo.java:updateAndGet(148)) - 43369f36-6a0f-45ae-a8eb-f0d390948370: start 43369f36-6a0f-45ae-a8eb-f0d390948370@group-63ACBE5F7EDA-FollowerState
2025-10-10 10:37:56,231 [timer2] WARN  server.GrpcLogAppender (LogUtils.java:warn(127)) - 43369f36-6a0f-45ae-a8eb-f0d390948370@group-7E155E250634->bb95c33f-a3cb-4bbe-957e-8163c1fc1114-AppendLogResponseHandler: Failed appendEntries (Repeated 14 times in the last 5.000s): org.apache.ratis.thirdparty.io.grpc.StatusRuntimeException: UNAVAILABLE: io exception
  Caused by: org.apache.ratis.thirdparty.io.netty.channel.AbstractChannel$AnnotatedConnectException: finishConnect(..) failed: Connection refused: /127.0.0.1:15031
  Caused by: java.net.ConnectException: finishConnect(..) failed: Connection refused
2025-10-10 10:37:56,232 [timer3] WARN  server.GrpcLogAppender (GrpcLogAppender.java:lambda$resetClient$1(228)) - 43369f36-6a0f-45ae-a8eb-f0d390948370@group-7E155E250634->bb95c33f-a3cb-4bbe-957e-8163c1fc1114-GrpcLogAppender: Follower failed (request=null, errorCount=2); keep nextIndex (5) unchanged and retry. (Repeated 2 times in the last 5.000s)
2025-10-10 10:37:56,235 [timer5] WARN  server.GrpcLogAppender (GrpcLogAppender.java:lambda$resetClient$1(228)) - 43369f36-6a0f-45ae-a8eb-f0d390948370@group-7E155E250634->bb95c33f-a3cb-4bbe-957e-8163c1fc1114-GrpcLogAppender: Follower failed (request=null, errorCount=4); keep nextIndex (6) unchanged and retry. (Repeated 2 times in the last 5.000s)
2025-10-10 10:37:56,252 [timer1] WARN  server.GrpcLogAppender (GrpcLogAppender.java:lambda$resetClient$1(228)) - 43369f36-6a0f-45ae-a8eb-f0d390948370@group-7E155E250634->bb95c33f-a3cb-4bbe-957e-8163c1fc1114-GrpcLogAppender: Follower failed (request=null, errorCount=14); keep nextIndex (7) unchanged and retry. (Repeated 10 times in the last 5.000s)
2025-10-10 10:37:57,043 [43369f36-6a0f-45ae-a8eb-f0d390948370@group-7E155E250634-FollowerState] INFO  impl.FollowerState (FollowerState.java:lostMajorityHeartbeatsRecently(113)) - 43369f36-6a0f-45ae-a8eb-f0d390948370@group-7E155E250634-FollowerState: Skipping leader election since it stepped down recently (elapsed = 3385ms < waitTime = 10s)
2025-10-10 10:37:57,252 [43369f36-6a0f-45ae-a8eb-f0d390948370@group-63ACBE5F7EDA-FollowerState] INFO  impl.FollowerState (FollowerState.java:runImpl(161)) - 43369f36-6a0f-45ae-a8eb-f0d390948370@group-63ACBE5F7EDA-FollowerState: change to CANDIDATE, lastRpcElapsedTime:1196475432ns, electionTimeout:1196ms
2025-10-10 10:37:57,253 [43369f36-6a0f-45ae-a8eb-f0d390948370@group-63ACBE5F7EDA-FollowerState] INFO  impl.RoleInfo (RoleInfo.java:shutdownFollowerState(121)) - 43369f36-6a0f-45ae-a8eb-f0d390948370: shutdown 43369f36-6a0f-45ae-a8eb-f0d390948370@group-63ACBE5F7EDA-FollowerState
2025-10-10 10:37:57,253 [43369f36-6a0f-45ae-a8eb-f0d390948370@group-63ACBE5F7EDA-FollowerState] INFO  server.RaftServer$Division (RaftServerImpl.java:setRole(392)) - 43369f36-6a0f-45ae-a8eb-f0d390948370@group-63ACBE5F7EDA: changes role from  FOLLOWER to CANDIDATE at term 1 for changeToCandidate
2025-10-10 10:37:57,253 [43369f36-6a0f-45ae-a8eb-f0d390948370@group-63ACBE5F7EDA-FollowerState] INFO  impl.RoleInfo (RoleInfo.java:updateAndGet(148)) - 43369f36-6a0f-45ae-a8eb-f0d390948370: start 43369f36-6a0f-45ae-a8eb-f0d390948370@group-63ACBE5F7EDA-LeaderElection30
2025-10-10 10:37:57,253 [43369f36-6a0f-45ae-a8eb-f0d390948370@group-63ACBE5F7EDA-LeaderElection30] INFO  impl.LeaderElection (LeaderElection.java:askForVotes(448)) - 43369f36-6a0f-45ae-a8eb-f0d390948370@group-63ACBE5F7EDA-LeaderElection30 PRE_VOTE round 0: submit vote requests at term 1 for conf: {index: 0, cur=peers:[bb95c33f-a3cb-4bbe-957e-8163c1fc1114|127.0.0.1:15031, 1a301c79-b9ef-44e0-a0ae-b339f61819a5|127.0.0.1:15023, 43369f36-6a0f-45ae-a8eb-f0d390948370|127.0.0.1:15015]|listeners:[], old=null}
2025-10-10 10:37:57,254 [43369f36-6a0f-45ae-a8eb-f0d390948370@group-63ACBE5F7EDA-LeaderElection30] INFO  impl.LeaderElection (LogUtils.java:infoOrTrace(142)) - 43369f36-6a0f-45ae-a8eb-f0d390948370@group-63ACBE5F7EDA-LeaderElection30 got exception when requesting votes: java.util.concurrent.ExecutionException: org.apache.ratis.thirdparty.io.grpc.StatusRuntimeException: UNAVAILABLE: io exception
2025-10-10 10:37:57,254 [43369f36-6a0f-45ae-a8eb-f0d390948370@group-63ACBE5F7EDA-LeaderElection30] INFO  impl.LeaderElection (LogUtils.java:infoOrTrace(142)) - 43369f36-6a0f-45ae-a8eb-f0d390948370@group-63ACBE5F7EDA-LeaderElection30 got exception when requesting votes: java.util.concurrent.ExecutionException: org.apache.ratis.thirdparty.io.grpc.StatusRuntimeException: UNAVAILABLE: io exception
2025-10-10 10:37:57,254 [43369f36-6a0f-45ae-a8eb-f0d390948370@group-63ACBE5F7EDA-LeaderElection30] INFO  impl.LeaderElection (LeaderElection.java:logAndReturn(206)) - 43369f36-6a0f-45ae-a8eb-f0d390948370@group-63ACBE5F7EDA-LeaderElection30: PRE_VOTE REJECTED received 0 response(s) and 2 exception(s):
2025-10-10 10:37:57,254 [43369f36-6a0f-45ae-a8eb-f0d390948370@group-63ACBE5F7EDA-LeaderElection30] INFO  impl.LeaderElection (LogUtils.java:infoOrTrace(142)) -   Exception 0: java.util.concurrent.ExecutionException: org.apache.ratis.thirdparty.io.grpc.StatusRuntimeException: UNAVAILABLE: io exception
2025-10-10 10:37:57,254 [43369f36-6a0f-45ae-a8eb-f0d390948370@group-63ACBE5F7EDA-LeaderElection30] INFO  impl.LeaderElection (LogUtils.java:infoOrTrace(142)) -   Exception 1: java.util.concurrent.ExecutionException: org.apache.ratis.thirdparty.io.grpc.StatusRuntimeException: UNAVAILABLE: io exception
2025-10-10 10:37:57,254 [43369f36-6a0f-45ae-a8eb-f0d390948370@group-63ACBE5F7EDA-LeaderElection30] INFO  impl.LeaderElection (LeaderElection.java:askForVotes(450)) - 43369f36-6a0f-45ae-a8eb-f0d390948370@group-63ACBE5F7EDA-LeaderElection30 PRE_VOTE round 0: result REJECTED
2025-10-10 10:37:57,254 [43369f36-6a0f-45ae-a8eb-f0d390948370@group-63ACBE5F7EDA-LeaderElection30] INFO  server.RaftServer$Division (RaftServerImpl.java:setRole(392)) - 43369f36-6a0f-45ae-a8eb-f0d390948370@group-63ACBE5F7EDA: changes role from CANDIDATE to FOLLOWER at term 1 for REJECTED
2025-10-10 10:37:57,254 [43369f36-6a0f-45ae-a8eb-f0d390948370@group-63ACBE5F7EDA-LeaderElection30] INFO  impl.RoleInfo (RoleInfo.java:shutdownLeaderElection(141)) - 43369f36-6a0f-45ae-a8eb-f0d390948370: shutdown 43369f36-6a0f-45ae-a8eb-f0d390948370@group-63ACBE5F7EDA-LeaderElection30
2025-10-10 10:37:57,255 [43369f36-6a0f-45ae-a8eb-f0d390948370@group-63ACBE5F7EDA-LeaderElection30] INFO  impl.RoleInfo (RoleInfo.java:updateAndGet(148)) - 43369f36-6a0f-45ae-a8eb-f0d390948370: start 43369f36-6a0f-45ae-a8eb-f0d390948370@group-63ACBE5F7EDA-FollowerState
2025-10-10 10:37:57,351 [timer3] WARN  server.GrpcLogAppender (LogUtils.java:warn(127)) - 43369f36-6a0f-45ae-a8eb-f0d390948370@group-7E155E250634->1a301c79-b9ef-44e0-a0ae-b339f61819a5-AppendLogResponseHandler: Failed appendEntries (Repeated 10 times in the last 5.000s): org.apache.ratis.thirdparty.io.grpc.StatusRuntimeException: UNAVAILABLE: io exception
  Caused by: org.apache.ratis.thirdparty.io.netty.channel.AbstractChannel$AnnotatedConnectException: finishConnect(..) failed: Connection refused: /127.0.0.1:15023
  Caused by: java.net.ConnectException: finishConnect(..) failed: Connection refused
2025-10-10 10:37:57,352 [timer4] WARN  server.GrpcLogAppender (GrpcLogAppender.java:lambda$resetClient$1(228)) - 43369f36-6a0f-45ae-a8eb-f0d390948370@group-7E155E250634->1a301c79-b9ef-44e0-a0ae-b339f61819a5-GrpcLogAppender: Follower failed (request=null, errorCount=10); keep nextIndex (7) unchanged and retry. (Repeated 10 times in the last 5.001s)
2025-10-10 10:37:58,215 [43369f36-6a0f-45ae-a8eb-f0d390948370@group-7E155E250634-FollowerState] INFO  impl.FollowerState (FollowerState.java:lostMajorityHeartbeatsRecently(113)) - 43369f36-6a0f-45ae-a8eb-f0d390948370@group-7E155E250634-FollowerState: Skipping leader election since it stepped down recently (elapsed = 4557ms < waitTime = 10s)
2025-10-10 10:37:58,363 [43369f36-6a0f-45ae-a8eb-f0d390948370@group-63ACBE5F7EDA-FollowerState] INFO  impl.FollowerState (FollowerState.java:runImpl(161)) - 43369f36-6a0f-45ae-a8eb-f0d390948370@group-63ACBE5F7EDA-FollowerState: change to CANDIDATE, lastRpcElapsedTime:1108293346ns, electionTimeout:1108ms
2025-10-10 10:37:58,363 [43369f36-6a0f-45ae-a8eb-f0d390948370@group-63ACBE5F7EDA-FollowerState] INFO  impl.RoleInfo (RoleInfo.java:shutdownFollowerState(121)) - 43369f36-6a0f-45ae-a8eb-f0d390948370: shutdown 43369f36-6a0f-45ae-a8eb-f0d390948370@group-63ACBE5F7EDA-FollowerState
2025-10-10 10:37:58,363 [43369f36-6a0f-45ae-a8eb-f0d390948370@group-63ACBE5F7EDA-FollowerState] INFO  server.RaftServer$Division (RaftServerImpl.java:setRole(392)) - 43369f36-6a0f-45ae-a8eb-f0d390948370@group-63ACBE5F7EDA: changes role from  FOLLOWER to CANDIDATE at term 1 for changeToCandidate
2025-10-10 10:37:58,363 [43369f36-6a0f-45ae-a8eb-f0d390948370@group-63ACBE5F7EDA-FollowerState] INFO  impl.RoleInfo (RoleInfo.java:updateAndGet(148)) - 43369f36-6a0f-45ae-a8eb-f0d390948370: start 43369f36-6a0f-45ae-a8eb-f0d390948370@group-63ACBE5F7EDA-LeaderElection31
2025-10-10 10:37:58,364 [43369f36-6a0f-45ae-a8eb-f0d390948370@group-63ACBE5F7EDA-LeaderElection31] INFO  impl.LeaderElection (LeaderElection.java:askForVotes(448)) - 43369f36-6a0f-45ae-a8eb-f0d390948370@group-63ACBE5F7EDA-LeaderElection31 PRE_VOTE round 0: submit vote requests at term 1 for conf: {index: 0, cur=peers:[bb95c33f-a3cb-4bbe-957e-8163c1fc1114|127.0.0.1:15031, 1a301c79-b9ef-44e0-a0ae-b339f61819a5|127.0.0.1:15023, 43369f36-6a0f-45ae-a8eb-f0d390948370|127.0.0.1:15015]|listeners:[], old=null}
2025-10-10 10:37:58,364 [43369f36-6a0f-45ae-a8eb-f0d390948370@group-63ACBE5F7EDA-LeaderElection31] INFO  impl.LeaderElection (LogUtils.java:infoOrTrace(142)) - 43369f36-6a0f-45ae-a8eb-f0d390948370@group-63ACBE5F7EDA-LeaderElection31 got exception when requesting votes: java.util.concurrent.ExecutionException: org.apache.ratis.thirdparty.io.grpc.StatusRuntimeException: UNAVAILABLE: io exception
2025-10-10 10:37:58,364 [43369f36-6a0f-45ae-a8eb-f0d390948370@group-63ACBE5F7EDA-LeaderElection31] INFO  impl.LeaderElection (LogUtils.java:infoOrTrace(142)) - 43369f36-6a0f-45ae-a8eb-f0d390948370@group-63ACBE5F7EDA-LeaderElection31 got exception when requesting votes: java.util.concurrent.ExecutionException: org.apache.ratis.thirdparty.io.grpc.StatusRuntimeException: UNAVAILABLE: io exception
2025-10-10 10:37:58,364 [43369f36-6a0f-45ae-a8eb-f0d390948370@group-63ACBE5F7EDA-LeaderElection31] INFO  impl.LeaderElection (LeaderElection.java:logAndReturn(206)) - 43369f36-6a0f-45ae-a8eb-f0d390948370@group-63ACBE5F7EDA-LeaderElection31: PRE_VOTE REJECTED received 0 response(s) and 2 exception(s):
2025-10-10 10:37:58,365 [43369f36-6a0f-45ae-a8eb-f0d390948370@group-63ACBE5F7EDA-LeaderElection31] INFO  impl.LeaderElection (LogUtils.java:infoOrTrace(142)) -   Exception 0: java.util.concurrent.ExecutionException: org.apache.ratis.thirdparty.io.grpc.StatusRuntimeException: UNAVAILABLE: io exception
2025-10-10 10:37:58,365 [43369f36-6a0f-45ae-a8eb-f0d390948370@group-63ACBE5F7EDA-LeaderElection31] INFO  impl.LeaderElection (LogUtils.java:infoOrTrace(142)) -   Exception 1: java.util.concurrent.ExecutionException: org.apache.ratis.thirdparty.io.grpc.StatusRuntimeException: UNAVAILABLE: io exception
2025-10-10 10:37:58,365 [43369f36-6a0f-45ae-a8eb-f0d390948370@group-63ACBE5F7EDA-LeaderElection31] INFO  impl.LeaderElection (LeaderElection.java:askForVotes(450)) - 43369f36-6a0f-45ae-a8eb-f0d390948370@group-63ACBE5F7EDA-LeaderElection31 PRE_VOTE round 0: result REJECTED
2025-10-10 10:37:58,365 [43369f36-6a0f-45ae-a8eb-f0d390948370@group-63ACBE5F7EDA-LeaderElection31] INFO  server.RaftServer$Division (RaftServerImpl.java:setRole(392)) - 43369f36-6a0f-45ae-a8eb-f0d390948370@group-63ACBE5F7EDA: changes role from CANDIDATE to FOLLOWER at term 1 for REJECTED
2025-10-10 10:37:58,365 [43369f36-6a0f-45ae-a8eb-f0d390948370@group-63ACBE5F7EDA-LeaderElection31] INFO  impl.RoleInfo (RoleInfo.java:shutdownLeaderElection(141)) - 43369f36-6a0f-45ae-a8eb-f0d390948370: shutdown 43369f36-6a0f-45ae-a8eb-f0d390948370@group-63ACBE5F7EDA-LeaderElection31
2025-10-10 10:37:58,365 [43369f36-6a0f-45ae-a8eb-f0d390948370@group-63ACBE5F7EDA-LeaderElection31] INFO  impl.RoleInfo (RoleInfo.java:updateAndGet(148)) - 43369f36-6a0f-45ae-a8eb-f0d390948370: start 43369f36-6a0f-45ae-a8eb-f0d390948370@group-63ACBE5F7EDA-FollowerState
2025-10-10 10:37:59,387 [43369f36-6a0f-45ae-a8eb-f0d390948370@group-7E155E250634-FollowerState] INFO  impl.FollowerState (FollowerState.java:lostMajorityHeartbeatsRecently(113)) - 43369f36-6a0f-45ae-a8eb-f0d390948370@group-7E155E250634-FollowerState: Skipping leader election since it stepped down recently (elapsed = 5729ms < waitTime = 10s)
2025-10-10 10:37:59,438 [43369f36-6a0f-45ae-a8eb-f0d390948370@group-63ACBE5F7EDA-FollowerState] INFO  impl.FollowerState (FollowerState.java:runImpl(161)) - 43369f36-6a0f-45ae-a8eb-f0d390948370@group-63ACBE5F7EDA-FollowerState: change to CANDIDATE, lastRpcElapsedTime:1073307703ns, electionTimeout:1073ms
2025-10-10 10:37:59,438 [43369f36-6a0f-45ae-a8eb-f0d390948370@group-63ACBE5F7EDA-FollowerState] INFO  impl.RoleInfo (RoleInfo.java:shutdownFollowerState(121)) - 43369f36-6a0f-45ae-a8eb-f0d390948370: shutdown 43369f36-6a0f-45ae-a8eb-f0d390948370@group-63ACBE5F7EDA-FollowerState
2025-10-10 10:37:59,438 [43369f36-6a0f-45ae-a8eb-f0d390948370@group-63ACBE5F7EDA-FollowerState] INFO  server.RaftServer$Division (RaftServerImpl.java:setRole(392)) - 43369f36-6a0f-45ae-a8eb-f0d390948370@group-63ACBE5F7EDA: changes role from  FOLLOWER to CANDIDATE at term 1 for changeToCandidate
2025-10-10 10:37:59,439 [43369f36-6a0f-45ae-a8eb-f0d390948370@group-63ACBE5F7EDA-FollowerState] INFO  impl.RoleInfo (RoleInfo.java:updateAndGet(148)) - 43369f36-6a0f-45ae-a8eb-f0d390948370: start 43369f36-6a0f-45ae-a8eb-f0d390948370@group-63ACBE5F7EDA-LeaderElection32
2025-10-10 10:37:59,439 [43369f36-6a0f-45ae-a8eb-f0d390948370@group-63ACBE5F7EDA-LeaderElection32] INFO  impl.LeaderElection (LeaderElection.java:askForVotes(448)) - 43369f36-6a0f-45ae-a8eb-f0d390948370@group-63ACBE5F7EDA-LeaderElection32 PRE_VOTE round 0: submit vote requests at term 1 for conf: {index: 0, cur=peers:[bb95c33f-a3cb-4bbe-957e-8163c1fc1114|127.0.0.1:15031, 1a301c79-b9ef-44e0-a0ae-b339f61819a5|127.0.0.1:15023, 43369f36-6a0f-45ae-a8eb-f0d390948370|127.0.0.1:15015]|listeners:[], old=null}
2025-10-10 10:37:59,440 [43369f36-6a0f-45ae-a8eb-f0d390948370@group-63ACBE5F7EDA-LeaderElection32] INFO  impl.LeaderElection (LogUtils.java:infoOrTrace(142)) - 43369f36-6a0f-45ae-a8eb-f0d390948370@group-63ACBE5F7EDA-LeaderElection32 got exception when requesting votes: java.util.concurrent.ExecutionException: org.apache.ratis.thirdparty.io.grpc.StatusRuntimeException: UNAVAILABLE: io exception
2025-10-10 10:37:59,440 [43369f36-6a0f-45ae-a8eb-f0d390948370@group-63ACBE5F7EDA-LeaderElection32] INFO  impl.LeaderElection (LogUtils.java:infoOrTrace(142)) - 43369f36-6a0f-45ae-a8eb-f0d390948370@group-63ACBE5F7EDA-LeaderElection32 got exception when requesting votes: java.util.concurrent.ExecutionException: org.apache.ratis.thirdparty.io.grpc.StatusRuntimeException: UNAVAILABLE: io exception
2025-10-10 10:37:59,440 [43369f36-6a0f-45ae-a8eb-f0d390948370@group-63ACBE5F7EDA-LeaderElection32] INFO  impl.LeaderElection (LeaderElection.java:logAndReturn(206)) - 43369f36-6a0f-45ae-a8eb-f0d390948370@group-63ACBE5F7EDA-LeaderElection32: PRE_VOTE REJECTED received 0 response(s) and 2 exception(s):
2025-10-10 10:37:59,440 [43369f36-6a0f-45ae-a8eb-f0d390948370@group-63ACBE5F7EDA-LeaderElection32] INFO  impl.LeaderElection (LogUtils.java:infoOrTrace(142)) -   Exception 0: java.util.concurrent.ExecutionException: org.apache.ratis.thirdparty.io.grpc.StatusRuntimeException: UNAVAILABLE: io exception
2025-10-10 10:37:59,440 [43369f36-6a0f-45ae-a8eb-f0d390948370@group-63ACBE5F7EDA-LeaderElection32] INFO  impl.LeaderElection (LogUtils.java:infoOrTrace(142)) -   Exception 1: java.util.concurrent.ExecutionException: org.apache.ratis.thirdparty.io.grpc.StatusRuntimeException: UNAVAILABLE: io exception
2025-10-10 10:37:59,440 [43369f36-6a0f-45ae-a8eb-f0d390948370@group-63ACBE5F7EDA-LeaderElection32] INFO  impl.LeaderElection (LeaderElection.java:askForVotes(450)) - 43369f36-6a0f-45ae-a8eb-f0d390948370@group-63ACBE5F7EDA-LeaderElection32 PRE_VOTE round 0: result REJECTED
2025-10-10 10:37:59,440 [43369f36-6a0f-45ae-a8eb-f0d390948370@group-63ACBE5F7EDA-LeaderElection32] INFO  server.RaftServer$Division (RaftServerImpl.java:setRole(392)) - 43369f36-6a0f-45ae-a8eb-f0d390948370@group-63ACBE5F7EDA: changes role from CANDIDATE to FOLLOWER at term 1 for REJECTED
2025-10-10 10:37:59,440 [43369f36-6a0f-45ae-a8eb-f0d390948370@group-63ACBE5F7EDA-LeaderElection32] INFO  impl.RoleInfo (RoleInfo.java:shutdownLeaderElection(141)) - 43369f36-6a0f-45ae-a8eb-f0d390948370: shutdown 43369f36-6a0f-45ae-a8eb-f0d390948370@group-63ACBE5F7EDA-LeaderElection32
2025-10-10 10:37:59,440 [43369f36-6a0f-45ae-a8eb-f0d390948370@group-63ACBE5F7EDA-LeaderElection32] INFO  impl.RoleInfo (RoleInfo.java:updateAndGet(148)) - 43369f36-6a0f-45ae-a8eb-f0d390948370: start 43369f36-6a0f-45ae-a8eb-f0d390948370@group-63ACBE5F7EDA-FollowerState
2025-10-10 10:38:00,033 [grpc-default-executor-1] ERROR impl.OrderedAsync (OrderedAsync.java:lambda$null$6(215)) -  client-E7C31156E772: Failed* RaftClientRequest:client-E7C31156E772->43369f36-6a0f-45ae-a8eb-f0d390948370@group-7E155E250634, cid=22, seq=4*, RW, cmdType: WriteChunk traceID: "" containerID: 1 datanodeUuid: "bb95c33f-a3cb-4bbe-957e-8163c1fc1114" writeChunk { blockID { containerID: 1 localID: 115816896921600001 blockCommitSequenceId: 2 replicaIndex: 0 } chunkData { chunkName: "115816896921600001_chunk_2" offset: 1048576 len: 1048576 } } version: 3, data.size=1048576
java.util.concurrent.CompletionException: org.apache.ratis.protocol.exceptions.NotLeaderException: Server 43369f36-6a0f-45ae-a8eb-f0d390948370@group-7E155E250634 is not the leader
	at java.base/java.util.concurrent.CompletableFuture.encodeThrowable(CompletableFuture.java:332)
	at java.base/java.util.concurrent.CompletableFuture.completeThrowable(CompletableFuture.java:347)
	at java.base/java.util.concurrent.CompletableFuture$UniAccept.tryFire(CompletableFuture.java:708)
	at java.base/java.util.concurrent.CompletableFuture.postComplete(CompletableFuture.java:510)
	at java.base/java.util.concurrent.CompletableFuture.completeExceptionally(CompletableFuture.java:2194)
	at org.apache.ratis.grpc.client.GrpcClientProtocolClient$AsyncStreamObservers.completeReplyExceptionally(GrpcClientProtocolClient.java:397)
	at org.apache.ratis.grpc.client.GrpcClientProtocolClient$AsyncStreamObservers.access$000(GrpcClientProtocolClient.java:303)
	at org.apache.ratis.grpc.client.GrpcClientProtocolClient$AsyncStreamObservers$1.onNext(GrpcClientProtocolClient.java:317)
	at org.apache.ratis.grpc.client.GrpcClientProtocolClient$AsyncStreamObservers$1.onNext(GrpcClientProtocolClient.java:308)
	at org.apache.ratis.thirdparty.io.grpc.stub.ClientCalls$StreamObserverToCallListenerAdapter.onMessage(ClientCalls.java:551)
	at org.apache.ratis.thirdparty.io.grpc.ForwardingClientCallListener.onMessage(ForwardingClientCallListener.java:33)
	at org.apache.ratis.thirdparty.io.grpc.internal.ClientCallImpl$ClientStreamListenerImpl$1MessagesAvailable.runInternal(ClientCallImpl.java:661)
	at org.apache.ratis.thirdparty.io.grpc.internal.ClientCallImpl$ClientStreamListenerImpl$1MessagesAvailable.runInContext(ClientCallImpl.java:648)
	at org.apache.ratis.thirdparty.io.grpc.internal.ContextRunnable.run(ContextRunnable.java:37)
	at org.apache.ratis.thirdparty.io.grpc.internal.SerializingExecutor.run(SerializingExecutor.java:133)
	at java.base/java.util.concurrent.ThreadPoolExecutor.runWorker(ThreadPoolExecutor.java:1144)
	at java.base/java.util.concurrent.ThreadPoolExecutor$Worker.run(ThreadPoolExecutor.java:642)
	at java.base/java.lang.Thread.run(Thread.java:1583)
Caused by: org.apache.ratis.protocol.exceptions.NotLeaderException: Server 43369f36-6a0f-45ae-a8eb-f0d390948370@group-7E155E250634 is not the leader
	at org.apache.ratis.client.impl.ClientProtoUtils.toRaftClientReply(ClientProtoUtils.java:402)
	at org.apache.ratis.grpc.client.GrpcClientProtocolClient$AsyncStreamObservers$1.onNext(GrpcClientProtocolClient.java:313)
	... 10 more
2025-10-10 10:38:00,445 [43369f36-6a0f-45ae-a8eb-f0d390948370@group-63ACBE5F7EDA-FollowerState] INFO  impl.FollowerState (FollowerState.java:runImpl(161)) - 43369f36-6a0f-45ae-a8eb-f0d390948370@group-63ACBE5F7EDA-FollowerState: change to CANDIDATE, lastRpcElapsedTime:1004347497ns, electionTimeout:1004ms
2025-10-10 10:38:00,445 [43369f36-6a0f-45ae-a8eb-f0d390948370@group-63ACBE5F7EDA-FollowerState] INFO  impl.RoleInfo (RoleInfo.java:shutdownFollowerState(121)) - 43369f36-6a0f-45ae-a8eb-f0d390948370: shutdown 43369f36-6a0f-45ae-a8eb-f0d390948370@group-63ACBE5F7EDA-FollowerState
2025-10-10 10:38:00,445 [43369f36-6a0f-45ae-a8eb-f0d390948370@group-63ACBE5F7EDA-FollowerState] INFO  server.RaftServer$Division (RaftServerImpl.java:setRole(392)) - 43369f36-6a0f-45ae-a8eb-f0d390948370@group-63ACBE5F7EDA: changes role from  FOLLOWER to CANDIDATE at term 1 for changeToCandidate
2025-10-10 10:38:00,445 [43369f36-6a0f-45ae-a8eb-f0d390948370@group-63ACBE5F7EDA-FollowerState] INFO  impl.RoleInfo (RoleInfo.java:updateAndGet(148)) - 43369f36-6a0f-45ae-a8eb-f0d390948370: start 43369f36-6a0f-45ae-a8eb-f0d390948370@group-63ACBE5F7EDA-LeaderElection33
2025-10-10 10:38:00,445 [43369f36-6a0f-45ae-a8eb-f0d390948370@group-63ACBE5F7EDA-LeaderElection33] INFO  impl.LeaderElection (LeaderElection.java:askForVotes(448)) - 43369f36-6a0f-45ae-a8eb-f0d390948370@group-63ACBE5F7EDA-LeaderElection33 PRE_VOTE round 0: submit vote requests at term 1 for conf: {index: 0, cur=peers:[bb95c33f-a3cb-4bbe-957e-8163c1fc1114|127.0.0.1:15031, 1a301c79-b9ef-44e0-a0ae-b339f61819a5|127.0.0.1:15023, 43369f36-6a0f-45ae-a8eb-f0d390948370|127.0.0.1:15015]|listeners:[], old=null}
2025-10-10 10:38:00,446 [43369f36-6a0f-45ae-a8eb-f0d390948370@group-63ACBE5F7EDA-LeaderElection33] INFO  impl.LeaderElection (LogUtils.java:infoOrTrace(142)) - 43369f36-6a0f-45ae-a8eb-f0d390948370@group-63ACBE5F7EDA-LeaderElection33 got exception when requesting votes: java.util.concurrent.ExecutionException: org.apache.ratis.thirdparty.io.grpc.StatusRuntimeException: UNAVAILABLE: io exception
2025-10-10 10:38:00,446 [43369f36-6a0f-45ae-a8eb-f0d390948370@group-63ACBE5F7EDA-LeaderElection33] INFO  impl.LeaderElection (LogUtils.java:infoOrTrace(142)) - 43369f36-6a0f-45ae-a8eb-f0d390948370@group-63ACBE5F7EDA-LeaderElection33 got exception when requesting votes: java.util.concurrent.ExecutionException: org.apache.ratis.thirdparty.io.grpc.StatusRuntimeException: UNAVAILABLE: io exception
2025-10-10 10:38:00,446 [43369f36-6a0f-45ae-a8eb-f0d390948370@group-63ACBE5F7EDA-LeaderElection33] INFO  impl.LeaderElection (LeaderElection.java:logAndReturn(206)) - 43369f36-6a0f-45ae-a8eb-f0d390948370@group-63ACBE5F7EDA-LeaderElection33: PRE_VOTE REJECTED received 0 response(s) and 2 exception(s):
2025-10-10 10:38:00,446 [43369f36-6a0f-45ae-a8eb-f0d390948370@group-63ACBE5F7EDA-LeaderElection33] INFO  impl.LeaderElection (LogUtils.java:infoOrTrace(142)) -   Exception 0: java.util.concurrent.ExecutionException: org.apache.ratis.thirdparty.io.grpc.StatusRuntimeException: UNAVAILABLE: io exception
2025-10-10 10:38:00,446 [43369f36-6a0f-45ae-a8eb-f0d390948370@group-63ACBE5F7EDA-LeaderElection33] INFO  impl.LeaderElection (LogUtils.java:infoOrTrace(142)) -   Exception 1: java.util.concurrent.ExecutionException: org.apache.ratis.thirdparty.io.grpc.StatusRuntimeException: UNAVAILABLE: io exception
2025-10-10 10:38:00,446 [43369f36-6a0f-45ae-a8eb-f0d390948370@group-63ACBE5F7EDA-LeaderElection33] INFO  impl.LeaderElection (LeaderElection.java:askForVotes(450)) - 43369f36-6a0f-45ae-a8eb-f0d390948370@group-63ACBE5F7EDA-LeaderElection33 PRE_VOTE round 0: result REJECTED
2025-10-10 10:38:00,446 [43369f36-6a0f-45ae-a8eb-f0d390948370@group-63ACBE5F7EDA-LeaderElection33] INFO  server.RaftServer$Division (RaftServerImpl.java:setRole(392)) - 43369f36-6a0f-45ae-a8eb-f0d390948370@group-63ACBE5F7EDA: changes role from CANDIDATE to FOLLOWER at term 1 for REJECTED
2025-10-10 10:38:00,446 [43369f36-6a0f-45ae-a8eb-f0d390948370@group-63ACBE5F7EDA-LeaderElection33] INFO  impl.RoleInfo (RoleInfo.java:shutdownLeaderElection(141)) - 43369f36-6a0f-45ae-a8eb-f0d390948370: shutdown 43369f36-6a0f-45ae-a8eb-f0d390948370@group-63ACBE5F7EDA-LeaderElection33
2025-10-10 10:38:00,446 [43369f36-6a0f-45ae-a8eb-f0d390948370@group-63ACBE5F7EDA-LeaderElection33] INFO  impl.RoleInfo (RoleInfo.java:updateAndGet(148)) - 43369f36-6a0f-45ae-a8eb-f0d390948370: start 43369f36-6a0f-45ae-a8eb-f0d390948370@group-63ACBE5F7EDA-FollowerState
2025-10-10 10:38:00,542 [43369f36-6a0f-45ae-a8eb-f0d390948370@group-7E155E250634-FollowerState] INFO  impl.FollowerState (FollowerState.java:lostMajorityHeartbeatsRecently(113)) - 43369f36-6a0f-45ae-a8eb-f0d390948370@group-7E155E250634-FollowerState: Skipping leader election since it stepped down recently (elapsed = 6885ms < waitTime = 10s)
2025-10-10 10:38:01,464 [43369f36-6a0f-45ae-a8eb-f0d390948370@group-63ACBE5F7EDA-FollowerState] INFO  impl.FollowerState (FollowerState.java:runImpl(161)) - 43369f36-6a0f-45ae-a8eb-f0d390948370@group-63ACBE5F7EDA-FollowerState: change to CANDIDATE, lastRpcElapsedTime:1017281682ns, electionTimeout:1017ms
2025-10-10 10:38:01,464 [43369f36-6a0f-45ae-a8eb-f0d390948370@group-63ACBE5F7EDA-FollowerState] INFO  impl.RoleInfo (RoleInfo.java:shutdownFollowerState(121)) - 43369f36-6a0f-45ae-a8eb-f0d390948370: shutdown 43369f36-6a0f-45ae-a8eb-f0d390948370@group-63ACBE5F7EDA-FollowerState
2025-10-10 10:38:01,464 [43369f36-6a0f-45ae-a8eb-f0d390948370@group-63ACBE5F7EDA-FollowerState] INFO  server.RaftServer$Division (RaftServerImpl.java:setRole(392)) - 43369f36-6a0f-45ae-a8eb-f0d390948370@group-63ACBE5F7EDA: changes role from  FOLLOWER to CANDIDATE at term 1 for changeToCandidate
2025-10-10 10:38:01,464 [43369f36-6a0f-45ae-a8eb-f0d390948370@group-63ACBE5F7EDA-FollowerState] INFO  impl.RoleInfo (RoleInfo.java:updateAndGet(148)) - 43369f36-6a0f-45ae-a8eb-f0d390948370: start 43369f36-6a0f-45ae-a8eb-f0d390948370@group-63ACBE5F7EDA-LeaderElection34
2025-10-10 10:38:01,464 [43369f36-6a0f-45ae-a8eb-f0d390948370@group-63ACBE5F7EDA-LeaderElection34] INFO  impl.LeaderElection (LeaderElection.java:askForVotes(448)) - 43369f36-6a0f-45ae-a8eb-f0d390948370@group-63ACBE5F7EDA-LeaderElection34 PRE_VOTE round 0: submit vote requests at term 1 for conf: {index: 0, cur=peers:[bb95c33f-a3cb-4bbe-957e-8163c1fc1114|127.0.0.1:15031, 1a301c79-b9ef-44e0-a0ae-b339f61819a5|127.0.0.1:15023, 43369f36-6a0f-45ae-a8eb-f0d390948370|127.0.0.1:15015]|listeners:[], old=null}
2025-10-10 10:38:01,465 [43369f36-6a0f-45ae-a8eb-f0d390948370@group-63ACBE5F7EDA-LeaderElection34] INFO  impl.LeaderElection (LogUtils.java:infoOrTrace(142)) - 43369f36-6a0f-45ae-a8eb-f0d390948370@group-63ACBE5F7EDA-LeaderElection34 got exception when requesting votes: java.util.concurrent.ExecutionException: org.apache.ratis.thirdparty.io.grpc.StatusRuntimeException: UNAVAILABLE: io exception
2025-10-10 10:38:01,465 [43369f36-6a0f-45ae-a8eb-f0d390948370@group-63ACBE5F7EDA-LeaderElection34] INFO  impl.LeaderElection (LogUtils.java:infoOrTrace(142)) - 43369f36-6a0f-45ae-a8eb-f0d390948370@group-63ACBE5F7EDA-LeaderElection34 got exception when requesting votes: java.util.concurrent.ExecutionException: org.apache.ratis.thirdparty.io.grpc.StatusRuntimeException: UNAVAILABLE: io exception
2025-10-10 10:38:01,465 [43369f36-6a0f-45ae-a8eb-f0d390948370@group-63ACBE5F7EDA-LeaderElection34] INFO  impl.LeaderElection (LeaderElection.java:logAndReturn(206)) - 43369f36-6a0f-45ae-a8eb-f0d390948370@group-63ACBE5F7EDA-LeaderElection34: PRE_VOTE REJECTED received 0 response(s) and 2 exception(s):
2025-10-10 10:38:01,465 [43369f36-6a0f-45ae-a8eb-f0d390948370@group-63ACBE5F7EDA-LeaderElection34] INFO  impl.LeaderElection (LogUtils.java:infoOrTrace(142)) -   Exception 0: java.util.concurrent.ExecutionException: org.apache.ratis.thirdparty.io.grpc.StatusRuntimeException: UNAVAILABLE: io exception
2025-10-10 10:38:01,465 [43369f36-6a0f-45ae-a8eb-f0d390948370@group-63ACBE5F7EDA-LeaderElection34] INFO  impl.LeaderElection (LogUtils.java:infoOrTrace(142)) -   Exception 1: java.util.concurrent.ExecutionException: org.apache.ratis.thirdparty.io.grpc.StatusRuntimeException: UNAVAILABLE: io exception
2025-10-10 10:38:01,465 [43369f36-6a0f-45ae-a8eb-f0d390948370@group-63ACBE5F7EDA-LeaderElection34] INFO  impl.LeaderElection (LeaderElection.java:askForVotes(450)) - 43369f36-6a0f-45ae-a8eb-f0d390948370@group-63ACBE5F7EDA-LeaderElection34 PRE_VOTE round 0: result REJECTED
2025-10-10 10:38:01,466 [43369f36-6a0f-45ae-a8eb-f0d390948370@group-63ACBE5F7EDA-LeaderElection34] INFO  server.RaftServer$Division (RaftServerImpl.java:setRole(392)) - 43369f36-6a0f-45ae-a8eb-f0d390948370@group-63ACBE5F7EDA: changes role from CANDIDATE to FOLLOWER at term 1 for REJECTED
2025-10-10 10:38:01,466 [43369f36-6a0f-45ae-a8eb-f0d390948370@group-63ACBE5F7EDA-LeaderElection34] INFO  impl.RoleInfo (RoleInfo.java:shutdownLeaderElection(141)) - 43369f36-6a0f-45ae-a8eb-f0d390948370: shutdown 43369f36-6a0f-45ae-a8eb-f0d390948370@group-63ACBE5F7EDA-LeaderElection34
2025-10-10 10:38:01,466 [43369f36-6a0f-45ae-a8eb-f0d390948370@group-63ACBE5F7EDA-LeaderElection34] INFO  impl.RoleInfo (RoleInfo.java:updateAndGet(148)) - 43369f36-6a0f-45ae-a8eb-f0d390948370: start 43369f36-6a0f-45ae-a8eb-f0d390948370@group-63ACBE5F7EDA-FollowerState
2025-10-10 10:38:01,676 [43369f36-6a0f-45ae-a8eb-f0d390948370@group-7E155E250634-FollowerState] INFO  impl.FollowerState (FollowerState.java:lostMajorityHeartbeatsRecently(113)) - 43369f36-6a0f-45ae-a8eb-f0d390948370@group-7E155E250634-FollowerState: Skipping leader election since it stepped down recently (elapsed = 8018ms < waitTime = 10s)
2025-10-10 10:38:02,603 [43369f36-6a0f-45ae-a8eb-f0d390948370@group-63ACBE5F7EDA-FollowerState] INFO  impl.FollowerState (FollowerState.java:runImpl(161)) - 43369f36-6a0f-45ae-a8eb-f0d390948370@group-63ACBE5F7EDA-FollowerState: change to CANDIDATE, lastRpcElapsedTime:1137401503ns, electionTimeout:1137ms
2025-10-10 10:38:02,603 [43369f36-6a0f-45ae-a8eb-f0d390948370@group-63ACBE5F7EDA-FollowerState] INFO  impl.RoleInfo (RoleInfo.java:shutdownFollowerState(121)) - 43369f36-6a0f-45ae-a8eb-f0d390948370: shutdown 43369f36-6a0f-45ae-a8eb-f0d390948370@group-63ACBE5F7EDA-FollowerState
2025-10-10 10:38:02,604 [43369f36-6a0f-45ae-a8eb-f0d390948370@group-63ACBE5F7EDA-FollowerState] INFO  server.RaftServer$Division (RaftServerImpl.java:setRole(392)) - 43369f36-6a0f-45ae-a8eb-f0d390948370@group-63ACBE5F7EDA: changes role from  FOLLOWER to CANDIDATE at term 1 for changeToCandidate
2025-10-10 10:38:02,604 [43369f36-6a0f-45ae-a8eb-f0d390948370@group-63ACBE5F7EDA-FollowerState] INFO  impl.RoleInfo (RoleInfo.java:updateAndGet(148)) - 43369f36-6a0f-45ae-a8eb-f0d390948370: start 43369f36-6a0f-45ae-a8eb-f0d390948370@group-63ACBE5F7EDA-LeaderElection35
2025-10-10 10:38:02,604 [43369f36-6a0f-45ae-a8eb-f0d390948370@group-63ACBE5F7EDA-LeaderElection35] INFO  impl.LeaderElection (LeaderElection.java:askForVotes(448)) - 43369f36-6a0f-45ae-a8eb-f0d390948370@group-63ACBE5F7EDA-LeaderElection35 PRE_VOTE round 0: submit vote requests at term 1 for conf: {index: 0, cur=peers:[bb95c33f-a3cb-4bbe-957e-8163c1fc1114|127.0.0.1:15031, 1a301c79-b9ef-44e0-a0ae-b339f61819a5|127.0.0.1:15023, 43369f36-6a0f-45ae-a8eb-f0d390948370|127.0.0.1:15015]|listeners:[], old=null}
2025-10-10 10:38:02,605 [43369f36-6a0f-45ae-a8eb-f0d390948370@group-63ACBE5F7EDA-LeaderElection35] INFO  impl.LeaderElection (LogUtils.java:infoOrTrace(142)) - 43369f36-6a0f-45ae-a8eb-f0d390948370@group-63ACBE5F7EDA-LeaderElection35 got exception when requesting votes: java.util.concurrent.ExecutionException: org.apache.ratis.thirdparty.io.grpc.StatusRuntimeException: UNAVAILABLE: io exception
2025-10-10 10:38:02,605 [43369f36-6a0f-45ae-a8eb-f0d390948370@group-63ACBE5F7EDA-LeaderElection35] INFO  impl.LeaderElection (LogUtils.java:infoOrTrace(142)) - 43369f36-6a0f-45ae-a8eb-f0d390948370@group-63ACBE5F7EDA-LeaderElection35 got exception when requesting votes: java.util.concurrent.ExecutionException: org.apache.ratis.thirdparty.io.grpc.StatusRuntimeException: UNAVAILABLE: io exception
2025-10-10 10:38:02,605 [43369f36-6a0f-45ae-a8eb-f0d390948370@group-63ACBE5F7EDA-LeaderElection35] INFO  impl.LeaderElection (LeaderElection.java:logAndReturn(206)) - 43369f36-6a0f-45ae-a8eb-f0d390948370@group-63ACBE5F7EDA-LeaderElection35: PRE_VOTE REJECTED received 0 response(s) and 2 exception(s):
2025-10-10 10:38:02,605 [43369f36-6a0f-45ae-a8eb-f0d390948370@group-63ACBE5F7EDA-LeaderElection35] INFO  impl.LeaderElection (LogUtils.java:infoOrTrace(142)) -   Exception 0: java.util.concurrent.ExecutionException: org.apache.ratis.thirdparty.io.grpc.StatusRuntimeException: UNAVAILABLE: io exception
2025-10-10 10:38:02,605 [43369f36-6a0f-45ae-a8eb-f0d390948370@group-63ACBE5F7EDA-LeaderElection35] INFO  impl.LeaderElection (LogUtils.java:infoOrTrace(142)) -   Exception 1: java.util.concurrent.ExecutionException: org.apache.ratis.thirdparty.io.grpc.StatusRuntimeException: UNAVAILABLE: io exception
2025-10-10 10:38:02,605 [43369f36-6a0f-45ae-a8eb-f0d390948370@group-63ACBE5F7EDA-LeaderElection35] INFO  impl.LeaderElection (LeaderElection.java:askForVotes(450)) - 43369f36-6a0f-45ae-a8eb-f0d390948370@group-63ACBE5F7EDA-LeaderElection35 PRE_VOTE round 0: result REJECTED
2025-10-10 10:38:02,605 [43369f36-6a0f-45ae-a8eb-f0d390948370@group-63ACBE5F7EDA-LeaderElection35] INFO  server.RaftServer$Division (RaftServerImpl.java:setRole(392)) - 43369f36-6a0f-45ae-a8eb-f0d390948370@group-63ACBE5F7EDA: changes role from CANDIDATE to FOLLOWER at term 1 for REJECTED
2025-10-10 10:38:02,605 [43369f36-6a0f-45ae-a8eb-f0d390948370@group-63ACBE5F7EDA-LeaderElection35] INFO  impl.RoleInfo (RoleInfo.java:shutdownLeaderElection(141)) - 43369f36-6a0f-45ae-a8eb-f0d390948370: shutdown 43369f36-6a0f-45ae-a8eb-f0d390948370@group-63ACBE5F7EDA-LeaderElection35
2025-10-10 10:38:02,605 [43369f36-6a0f-45ae-a8eb-f0d390948370@group-63ACBE5F7EDA-LeaderElection35] INFO  impl.RoleInfo (RoleInfo.java:updateAndGet(148)) - 43369f36-6a0f-45ae-a8eb-f0d390948370: start 43369f36-6a0f-45ae-a8eb-f0d390948370@group-63ACBE5F7EDA-FollowerState
2025-10-10 10:38:02,757 [43369f36-6a0f-45ae-a8eb-f0d390948370@group-7E155E250634-FollowerState] INFO  impl.FollowerState (FollowerState.java:lostMajorityHeartbeatsRecently(113)) - 43369f36-6a0f-45ae-a8eb-f0d390948370@group-7E155E250634-FollowerState: Skipping leader election since it stepped down recently (elapsed = 9099ms < waitTime = 10s)
2025-10-10 10:38:03,762 [43369f36-6a0f-45ae-a8eb-f0d390948370@group-63ACBE5F7EDA-FollowerState] INFO  impl.FollowerState (FollowerState.java:runImpl(161)) - 43369f36-6a0f-45ae-a8eb-f0d390948370@group-63ACBE5F7EDA-FollowerState: change to CANDIDATE, lastRpcElapsedTime:1156338687ns, electionTimeout:1156ms
2025-10-10 10:38:03,762 [43369f36-6a0f-45ae-a8eb-f0d390948370@group-63ACBE5F7EDA-FollowerState] INFO  impl.RoleInfo (RoleInfo.java:shutdownFollowerState(121)) - 43369f36-6a0f-45ae-a8eb-f0d390948370: shutdown 43369f36-6a0f-45ae-a8eb-f0d390948370@group-63ACBE5F7EDA-FollowerState
2025-10-10 10:38:03,762 [43369f36-6a0f-45ae-a8eb-f0d390948370@group-63ACBE5F7EDA-FollowerState] INFO  server.RaftServer$Division (RaftServerImpl.java:setRole(392)) - 43369f36-6a0f-45ae-a8eb-f0d390948370@group-63ACBE5F7EDA: changes role from  FOLLOWER to CANDIDATE at term 1 for changeToCandidate
2025-10-10 10:38:03,762 [43369f36-6a0f-45ae-a8eb-f0d390948370@group-63ACBE5F7EDA-FollowerState] INFO  impl.RoleInfo (RoleInfo.java:updateAndGet(148)) - 43369f36-6a0f-45ae-a8eb-f0d390948370: start 43369f36-6a0f-45ae-a8eb-f0d390948370@group-63ACBE5F7EDA-LeaderElection36
2025-10-10 10:38:03,762 [43369f36-6a0f-45ae-a8eb-f0d390948370@group-63ACBE5F7EDA-LeaderElection36] INFO  impl.LeaderElection (LeaderElection.java:askForVotes(448)) - 43369f36-6a0f-45ae-a8eb-f0d390948370@group-63ACBE5F7EDA-LeaderElection36 PRE_VOTE round 0: submit vote requests at term 1 for conf: {index: 0, cur=peers:[bb95c33f-a3cb-4bbe-957e-8163c1fc1114|127.0.0.1:15031, 1a301c79-b9ef-44e0-a0ae-b339f61819a5|127.0.0.1:15023, 43369f36-6a0f-45ae-a8eb-f0d390948370|127.0.0.1:15015]|listeners:[], old=null}
2025-10-10 10:38:03,763 [43369f36-6a0f-45ae-a8eb-f0d390948370@group-63ACBE5F7EDA-LeaderElection36] INFO  impl.LeaderElection (LogUtils.java:infoOrTrace(142)) - 43369f36-6a0f-45ae-a8eb-f0d390948370@group-63ACBE5F7EDA-LeaderElection36 got exception when requesting votes: java.util.concurrent.ExecutionException: org.apache.ratis.thirdparty.io.grpc.StatusRuntimeException: UNAVAILABLE: io exception
2025-10-10 10:38:03,763 [43369f36-6a0f-45ae-a8eb-f0d390948370@group-63ACBE5F7EDA-LeaderElection36] INFO  impl.LeaderElection (LogUtils.java:infoOrTrace(142)) - 43369f36-6a0f-45ae-a8eb-f0d390948370@group-63ACBE5F7EDA-LeaderElection36 got exception when requesting votes: java.util.concurrent.ExecutionException: org.apache.ratis.thirdparty.io.grpc.StatusRuntimeException: UNAVAILABLE: io exception
2025-10-10 10:38:03,763 [43369f36-6a0f-45ae-a8eb-f0d390948370@group-63ACBE5F7EDA-LeaderElection36] INFO  impl.LeaderElection (LeaderElection.java:logAndReturn(206)) - 43369f36-6a0f-45ae-a8eb-f0d390948370@group-63ACBE5F7EDA-LeaderElection36: PRE_VOTE REJECTED received 0 response(s) and 2 exception(s):
2025-10-10 10:38:03,763 [43369f36-6a0f-45ae-a8eb-f0d390948370@group-63ACBE5F7EDA-LeaderElection36] INFO  impl.LeaderElection (LogUtils.java:infoOrTrace(142)) -   Exception 0: java.util.concurrent.ExecutionException: org.apache.ratis.thirdparty.io.grpc.StatusRuntimeException: UNAVAILABLE: io exception
2025-10-10 10:38:03,763 [43369f36-6a0f-45ae-a8eb-f0d390948370@group-63ACBE5F7EDA-LeaderElection36] INFO  impl.LeaderElection (LogUtils.java:infoOrTrace(142)) -   Exception 1: java.util.concurrent.ExecutionException: org.apache.ratis.thirdparty.io.grpc.StatusRuntimeException: UNAVAILABLE: io exception
2025-10-10 10:38:03,763 [43369f36-6a0f-45ae-a8eb-f0d390948370@group-63ACBE5F7EDA-LeaderElection36] INFO  impl.LeaderElection (LeaderElection.java:askForVotes(450)) - 43369f36-6a0f-45ae-a8eb-f0d390948370@group-63ACBE5F7EDA-LeaderElection36 PRE_VOTE round 0: result REJECTED
2025-10-10 10:38:03,763 [43369f36-6a0f-45ae-a8eb-f0d390948370@group-63ACBE5F7EDA-LeaderElection36] INFO  server.RaftServer$Division (RaftServerImpl.java:setRole(392)) - 43369f36-6a0f-45ae-a8eb-f0d390948370@group-63ACBE5F7EDA: changes role from CANDIDATE to FOLLOWER at term 1 for REJECTED
2025-10-10 10:38:03,763 [43369f36-6a0f-45ae-a8eb-f0d390948370@group-63ACBE5F7EDA-LeaderElection36] INFO  impl.RoleInfo (RoleInfo.java:shutdownLeaderElection(141)) - 43369f36-6a0f-45ae-a8eb-f0d390948370: shutdown 43369f36-6a0f-45ae-a8eb-f0d390948370@group-63ACBE5F7EDA-LeaderElection36
2025-10-10 10:38:03,764 [43369f36-6a0f-45ae-a8eb-f0d390948370@group-63ACBE5F7EDA-LeaderElection36] INFO  impl.RoleInfo (RoleInfo.java:updateAndGet(148)) - 43369f36-6a0f-45ae-a8eb-f0d390948370: start 43369f36-6a0f-45ae-a8eb-f0d390948370@group-63ACBE5F7EDA-FollowerState
2025-10-10 10:38:03,812 [43369f36-6a0f-45ae-a8eb-f0d390948370@group-7E155E250634-FollowerState] INFO  impl.FollowerState (FollowerState.java:runImpl(161)) - 43369f36-6a0f-45ae-a8eb-f0d390948370@group-7E155E250634-FollowerState: change to CANDIDATE, lastRpcElapsedTime:10154720087ns, electionTimeout:1055ms
2025-10-10 10:38:03,812 [43369f36-6a0f-45ae-a8eb-f0d390948370@group-7E155E250634-FollowerState] INFO  impl.RoleInfo (RoleInfo.java:shutdownFollowerState(121)) - 43369f36-6a0f-45ae-a8eb-f0d390948370: shutdown 43369f36-6a0f-45ae-a8eb-f0d390948370@group-7E155E250634-FollowerState
2025-10-10 10:38:03,812 [43369f36-6a0f-45ae-a8eb-f0d390948370@group-7E155E250634-FollowerState] INFO  server.RaftServer$Division (RaftServerImpl.java:setRole(392)) - 43369f36-6a0f-45ae-a8eb-f0d390948370@group-7E155E250634: changes role from  FOLLOWER to CANDIDATE at term 2 for changeToCandidate
2025-10-10 10:38:03,812 [43369f36-6a0f-45ae-a8eb-f0d390948370@group-7E155E250634-FollowerState] INFO  impl.RoleInfo (RoleInfo.java:updateAndGet(148)) - 43369f36-6a0f-45ae-a8eb-f0d390948370: start 43369f36-6a0f-45ae-a8eb-f0d390948370@group-7E155E250634-LeaderElection37
2025-10-10 10:38:03,813 [43369f36-6a0f-45ae-a8eb-f0d390948370@group-7E155E250634-LeaderElection37] INFO  impl.LeaderElection (LeaderElection.java:askForVotes(448)) - 43369f36-6a0f-45ae-a8eb-f0d390948370@group-7E155E250634-LeaderElection37 PRE_VOTE round 0: submit vote requests at term 2 for conf: {index: 5, cur=peers:[bb95c33f-a3cb-4bbe-957e-8163c1fc1114|127.0.0.1:15031, 1a301c79-b9ef-44e0-a0ae-b339f61819a5|127.0.0.1:15023, 43369f36-6a0f-45ae-a8eb-f0d390948370|127.0.0.1:15015]|listeners:[], old=null}
2025-10-10 10:38:03,813 [43369f36-6a0f-45ae-a8eb-f0d390948370@group-7E155E250634-LeaderElection37] INFO  impl.LeaderElection (LogUtils.java:infoOrTrace(142)) - 43369f36-6a0f-45ae-a8eb-f0d390948370@group-7E155E250634-LeaderElection37 got exception when requesting votes: java.util.concurrent.ExecutionException: org.apache.ratis.thirdparty.io.grpc.StatusRuntimeException: UNAVAILABLE: io exception
2025-10-10 10:38:03,814 [43369f36-6a0f-45ae-a8eb-f0d390948370@group-7E155E250634-LeaderElection37] INFO  impl.LeaderElection (LogUtils.java:infoOrTrace(142)) - 43369f36-6a0f-45ae-a8eb-f0d390948370@group-7E155E250634-LeaderElection37 got exception when requesting votes: java.util.concurrent.ExecutionException: org.apache.ratis.thirdparty.io.grpc.StatusRuntimeException: UNAVAILABLE: io exception
2025-10-10 10:38:03,814 [43369f36-6a0f-45ae-a8eb-f0d390948370@group-7E155E250634-LeaderElection37] INFO  impl.LeaderElection (LeaderElection.java:logAndReturn(206)) - 43369f36-6a0f-45ae-a8eb-f0d390948370@group-7E155E250634-LeaderElection37: PRE_VOTE REJECTED received 0 response(s) and 2 exception(s):
2025-10-10 10:38:03,814 [43369f36-6a0f-45ae-a8eb-f0d390948370@group-7E155E250634-LeaderElection37] INFO  impl.LeaderElection (LogUtils.java:infoOrTrace(142)) -   Exception 0: java.util.concurrent.ExecutionException: org.apache.ratis.thirdparty.io.grpc.StatusRuntimeException: UNAVAILABLE: io exception
2025-10-10 10:38:03,814 [43369f36-6a0f-45ae-a8eb-f0d390948370@group-7E155E250634-LeaderElection37] INFO  impl.LeaderElection (LogUtils.java:infoOrTrace(142)) -   Exception 1: java.util.concurrent.ExecutionException: org.apache.ratis.thirdparty.io.grpc.StatusRuntimeException: UNAVAILABLE: io exception
2025-10-10 10:38:03,814 [43369f36-6a0f-45ae-a8eb-f0d390948370@group-7E155E250634-LeaderElection37] INFO  impl.LeaderElection (LeaderElection.java:askForVotes(450)) - 43369f36-6a0f-45ae-a8eb-f0d390948370@group-7E155E250634-LeaderElection37 PRE_VOTE round 0: result REJECTED
2025-10-10 10:38:03,814 [43369f36-6a0f-45ae-a8eb-f0d390948370@group-7E155E250634-LeaderElection37] INFO  server.RaftServer$Division (RaftServerImpl.java:setRole(392)) - 43369f36-6a0f-45ae-a8eb-f0d390948370@group-7E155E250634: changes role from CANDIDATE to FOLLOWER at term 2 for REJECTED
2025-10-10 10:38:03,814 [43369f36-6a0f-45ae-a8eb-f0d390948370@group-7E155E250634-LeaderElection37] INFO  impl.RoleInfo (RoleInfo.java:shutdownLeaderElection(141)) - 43369f36-6a0f-45ae-a8eb-f0d390948370: shutdown 43369f36-6a0f-45ae-a8eb-f0d390948370@group-7E155E250634-LeaderElection37
2025-10-10 10:38:03,814 [43369f36-6a0f-45ae-a8eb-f0d390948370@group-7E155E250634-LeaderElection37] INFO  impl.RoleInfo (RoleInfo.java:updateAndGet(148)) - 43369f36-6a0f-45ae-a8eb-f0d390948370: start 43369f36-6a0f-45ae-a8eb-f0d390948370@group-7E155E250634-FollowerState
2025-10-10 10:38:04,895 [43369f36-6a0f-45ae-a8eb-f0d390948370@group-63ACBE5F7EDA-FollowerState] INFO  impl.FollowerState (FollowerState.java:runImpl(161)) - 43369f36-6a0f-45ae-a8eb-f0d390948370@group-63ACBE5F7EDA-FollowerState: change to CANDIDATE, lastRpcElapsedTime:1131357530ns, electionTimeout:1131ms
2025-10-10 10:38:04,895 [43369f36-6a0f-45ae-a8eb-f0d390948370@group-63ACBE5F7EDA-FollowerState] INFO  impl.RoleInfo (RoleInfo.java:shutdownFollowerState(121)) - 43369f36-6a0f-45ae-a8eb-f0d390948370: shutdown 43369f36-6a0f-45ae-a8eb-f0d390948370@group-63ACBE5F7EDA-FollowerState
2025-10-10 10:38:04,895 [43369f36-6a0f-45ae-a8eb-f0d390948370@group-63ACBE5F7EDA-FollowerState] INFO  server.RaftServer$Division (RaftServerImpl.java:setRole(392)) - 43369f36-6a0f-45ae-a8eb-f0d390948370@group-63ACBE5F7EDA: changes role from  FOLLOWER to CANDIDATE at term 1 for changeToCandidate
2025-10-10 10:38:04,895 [43369f36-6a0f-45ae-a8eb-f0d390948370@group-63ACBE5F7EDA-FollowerState] INFO  impl.RoleInfo (RoleInfo.java:updateAndGet(148)) - 43369f36-6a0f-45ae-a8eb-f0d390948370: start 43369f36-6a0f-45ae-a8eb-f0d390948370@group-63ACBE5F7EDA-LeaderElection38
2025-10-10 10:38:04,896 [43369f36-6a0f-45ae-a8eb-f0d390948370@group-63ACBE5F7EDA-LeaderElection38] INFO  impl.LeaderElection (LeaderElection.java:askForVotes(448)) - 43369f36-6a0f-45ae-a8eb-f0d390948370@group-63ACBE5F7EDA-LeaderElection38 PRE_VOTE round 0: submit vote requests at term 1 for conf: {index: 0, cur=peers:[bb95c33f-a3cb-4bbe-957e-8163c1fc1114|127.0.0.1:15031, 1a301c79-b9ef-44e0-a0ae-b339f61819a5|127.0.0.1:15023, 43369f36-6a0f-45ae-a8eb-f0d390948370|127.0.0.1:15015]|listeners:[], old=null}
2025-10-10 10:38:04,896 [43369f36-6a0f-45ae-a8eb-f0d390948370@group-63ACBE5F7EDA-LeaderElection38] INFO  impl.LeaderElection (LogUtils.java:infoOrTrace(142)) - 43369f36-6a0f-45ae-a8eb-f0d390948370@group-63ACBE5F7EDA-LeaderElection38 got exception when requesting votes: java.util.concurrent.ExecutionException: org.apache.ratis.thirdparty.io.grpc.StatusRuntimeException: UNAVAILABLE: io exception
2025-10-10 10:38:04,896 [43369f36-6a0f-45ae-a8eb-f0d390948370@group-63ACBE5F7EDA-LeaderElection38] INFO  impl.LeaderElection (LogUtils.java:infoOrTrace(142)) - 43369f36-6a0f-45ae-a8eb-f0d390948370@group-63ACBE5F7EDA-LeaderElection38 got exception when requesting votes: java.util.concurrent.ExecutionException: org.apache.ratis.thirdparty.io.grpc.StatusRuntimeException: UNAVAILABLE: io exception
2025-10-10 10:38:04,897 [43369f36-6a0f-45ae-a8eb-f0d390948370@group-63ACBE5F7EDA-LeaderElection38] INFO  impl.LeaderElection (LeaderElection.java:logAndReturn(206)) - 43369f36-6a0f-45ae-a8eb-f0d390948370@group-63ACBE5F7EDA-LeaderElection38: PRE_VOTE REJECTED received 0 response(s) and 2 exception(s):
2025-10-10 10:38:04,897 [43369f36-6a0f-45ae-a8eb-f0d390948370@group-63ACBE5F7EDA-LeaderElection38] INFO  impl.LeaderElection (LogUtils.java:infoOrTrace(142)) -   Exception 0: java.util.concurrent.ExecutionException: org.apache.ratis.thirdparty.io.grpc.StatusRuntimeException: UNAVAILABLE: io exception
2025-10-10 10:38:04,897 [43369f36-6a0f-45ae-a8eb-f0d390948370@group-63ACBE5F7EDA-LeaderElection38] INFO  impl.LeaderElection (LogUtils.java:infoOrTrace(142)) -   Exception 1: java.util.concurrent.ExecutionException: org.apache.ratis.thirdparty.io.grpc.StatusRuntimeException: UNAVAILABLE: io exception
2025-10-10 10:38:04,897 [43369f36-6a0f-45ae-a8eb-f0d390948370@group-63ACBE5F7EDA-LeaderElection38] INFO  impl.LeaderElection (LeaderElection.java:askForVotes(450)) - 43369f36-6a0f-45ae-a8eb-f0d390948370@group-63ACBE5F7EDA-LeaderElection38 PRE_VOTE round 0: result REJECTED
2025-10-10 10:38:04,897 [43369f36-6a0f-45ae-a8eb-f0d390948370@group-63ACBE5F7EDA-LeaderElection38] INFO  server.RaftServer$Division (RaftServerImpl.java:setRole(392)) - 43369f36-6a0f-45ae-a8eb-f0d390948370@group-63ACBE5F7EDA: changes role from CANDIDATE to FOLLOWER at term 1 for REJECTED
2025-10-10 10:38:04,897 [43369f36-6a0f-45ae-a8eb-f0d390948370@group-63ACBE5F7EDA-LeaderElection38] INFO  impl.RoleInfo (RoleInfo.java:shutdownLeaderElection(141)) - 43369f36-6a0f-45ae-a8eb-f0d390948370: shutdown 43369f36-6a0f-45ae-a8eb-f0d390948370@group-63ACBE5F7EDA-LeaderElection38
2025-10-10 10:38:04,897 [43369f36-6a0f-45ae-a8eb-f0d390948370@group-63ACBE5F7EDA-LeaderElection38] INFO  impl.RoleInfo (RoleInfo.java:updateAndGet(148)) - 43369f36-6a0f-45ae-a8eb-f0d390948370: start 43369f36-6a0f-45ae-a8eb-f0d390948370@group-63ACBE5F7EDA-FollowerState
2025-10-10 10:38:04,997 [43369f36-6a0f-45ae-a8eb-f0d390948370@group-7E155E250634-FollowerState] INFO  impl.FollowerState (FollowerState.java:runImpl(161)) - 43369f36-6a0f-45ae-a8eb-f0d390948370@group-7E155E250634-FollowerState: change to CANDIDATE, lastRpcElapsedTime:1183278530ns, electionTimeout:1183ms
2025-10-10 10:38:04,997 [43369f36-6a0f-45ae-a8eb-f0d390948370@group-7E155E250634-FollowerState] INFO  impl.RoleInfo (RoleInfo.java:shutdownFollowerState(121)) - 43369f36-6a0f-45ae-a8eb-f0d390948370: shutdown 43369f36-6a0f-45ae-a8eb-f0d390948370@group-7E155E250634-FollowerState
2025-10-10 10:38:04,998 [43369f36-6a0f-45ae-a8eb-f0d390948370@group-7E155E250634-FollowerState] INFO  server.RaftServer$Division (RaftServerImpl.java:setRole(392)) - 43369f36-6a0f-45ae-a8eb-f0d390948370@group-7E155E250634: changes role from  FOLLOWER to CANDIDATE at term 2 for changeToCandidate
2025-10-10 10:38:04,998 [43369f36-6a0f-45ae-a8eb-f0d390948370@group-7E155E250634-FollowerState] INFO  impl.RoleInfo (RoleInfo.java:updateAndGet(148)) - 43369f36-6a0f-45ae-a8eb-f0d390948370: start 43369f36-6a0f-45ae-a8eb-f0d390948370@group-7E155E250634-LeaderElection39
2025-10-10 10:38:04,998 [43369f36-6a0f-45ae-a8eb-f0d390948370@group-7E155E250634-LeaderElection39] INFO  impl.LeaderElection (LeaderElection.java:askForVotes(448)) - 43369f36-6a0f-45ae-a8eb-f0d390948370@group-7E155E250634-LeaderElection39 PRE_VOTE round 0: submit vote requests at term 2 for conf: {index: 5, cur=peers:[bb95c33f-a3cb-4bbe-957e-8163c1fc1114|127.0.0.1:15031, 1a301c79-b9ef-44e0-a0ae-b339f61819a5|127.0.0.1:15023, 43369f36-6a0f-45ae-a8eb-f0d390948370|127.0.0.1:15015]|listeners:[], old=null}
2025-10-10 10:38:04,999 [43369f36-6a0f-45ae-a8eb-f0d390948370@group-7E155E250634-LeaderElection39] INFO  impl.LeaderElection (LogUtils.java:infoOrTrace(142)) - 43369f36-6a0f-45ae-a8eb-f0d390948370@group-7E155E250634-LeaderElection39 got exception when requesting votes: java.util.concurrent.ExecutionException: org.apache.ratis.thirdparty.io.grpc.StatusRuntimeException: UNAVAILABLE: io exception
2025-10-10 10:38:04,999 [43369f36-6a0f-45ae-a8eb-f0d390948370@group-7E155E250634-LeaderElection39] INFO  impl.LeaderElection (LogUtils.java:infoOrTrace(142)) - 43369f36-6a0f-45ae-a8eb-f0d390948370@group-7E155E250634-LeaderElection39 got exception when requesting votes: java.util.concurrent.ExecutionException: org.apache.ratis.thirdparty.io.grpc.StatusRuntimeException: UNAVAILABLE: io exception
2025-10-10 10:38:04,999 [43369f36-6a0f-45ae-a8eb-f0d390948370@group-7E155E250634-LeaderElection39] INFO  impl.LeaderElection (LeaderElection.java:logAndReturn(206)) - 43369f36-6a0f-45ae-a8eb-f0d390948370@group-7E155E250634-LeaderElection39: PRE_VOTE REJECTED received 0 response(s) and 2 exception(s):
2025-10-10 10:38:04,999 [43369f36-6a0f-45ae-a8eb-f0d390948370@group-7E155E250634-LeaderElection39] INFO  impl.LeaderElection (LogUtils.java:infoOrTrace(142)) -   Exception 0: java.util.concurrent.ExecutionException: org.apache.ratis.thirdparty.io.grpc.StatusRuntimeException: UNAVAILABLE: io exception
2025-10-10 10:38:04,999 [43369f36-6a0f-45ae-a8eb-f0d390948370@group-7E155E250634-LeaderElection39] INFO  impl.LeaderElection (LogUtils.java:infoOrTrace(142)) -   Exception 1: java.util.concurrent.ExecutionException: org.apache.ratis.thirdparty.io.grpc.StatusRuntimeException: UNAVAILABLE: io exception
2025-10-10 10:38:04,999 [43369f36-6a0f-45ae-a8eb-f0d390948370@group-7E155E250634-LeaderElection39] INFO  impl.LeaderElection (LeaderElection.java:askForVotes(450)) - 43369f36-6a0f-45ae-a8eb-f0d390948370@group-7E155E250634-LeaderElection39 PRE_VOTE round 0: result REJECTED
2025-10-10 10:38:04,999 [43369f36-6a0f-45ae-a8eb-f0d390948370@group-7E155E250634-LeaderElection39] INFO  server.RaftServer$Division (RaftServerImpl.java:setRole(392)) - 43369f36-6a0f-45ae-a8eb-f0d390948370@group-7E155E250634: changes role from CANDIDATE to FOLLOWER at term 2 for REJECTED
2025-10-10 10:38:04,999 [43369f36-6a0f-45ae-a8eb-f0d390948370@group-7E155E250634-LeaderElection39] INFO  impl.RoleInfo (RoleInfo.java:shutdownLeaderElection(141)) - 43369f36-6a0f-45ae-a8eb-f0d390948370: shutdown 43369f36-6a0f-45ae-a8eb-f0d390948370@group-7E155E250634-LeaderElection39
2025-10-10 10:38:04,999 [43369f36-6a0f-45ae-a8eb-f0d390948370@group-7E155E250634-LeaderElection39] INFO  impl.RoleInfo (RoleInfo.java:updateAndGet(148)) - 43369f36-6a0f-45ae-a8eb-f0d390948370: start 43369f36-6a0f-45ae-a8eb-f0d390948370@group-7E155E250634-FollowerState
2025-10-10 10:38:06,060 [grpc-default-executor-4] ERROR impl.OrderedAsync (OrderedAsync.java:lambda$null$6(215)) -  client-E7C31156E772: Failed* RaftClientRequest:client-E7C31156E772->bb95c33f-a3cb-4bbe-957e-8163c1fc1114@group-7E155E250634, cid=22, seq=4*, RW, cmdType: WriteChunk traceID: "" containerID: 1 datanodeUuid: "bb95c33f-a3cb-4bbe-957e-8163c1fc1114" writeChunk { blockID { containerID: 1 localID: 115816896921600001 blockCommitSequenceId: 2 replicaIndex: 0 } chunkData { chunkName: "115816896921600001_chunk_2" offset: 1048576 len: 1048576 } } version: 3, data.size=1048576
java.util.concurrent.CompletionException: java.io.IOException: org.apache.ratis.thirdparty.io.grpc.StatusRuntimeException: UNAVAILABLE: io exception
	at java.base/java.util.concurrent.CompletableFuture.encodeThrowable(CompletableFuture.java:332)
	at java.base/java.util.concurrent.CompletableFuture.completeThrowable(CompletableFuture.java:347)
	at java.base/java.util.concurrent.CompletableFuture$UniAccept.tryFire(CompletableFuture.java:708)
	at java.base/java.util.concurrent.CompletableFuture.postComplete(CompletableFuture.java:510)
	at java.base/java.util.concurrent.CompletableFuture.completeExceptionally(CompletableFuture.java:2194)
	at org.apache.ratis.grpc.client.GrpcClientProtocolClient$AsyncStreamObservers.completeReplyExceptionally(GrpcClientProtocolClient.java:397)
	at org.apache.ratis.grpc.client.GrpcClientProtocolClient$AsyncStreamObservers.access$000(GrpcClientProtocolClient.java:303)
	at org.apache.ratis.grpc.client.GrpcClientProtocolClient$AsyncStreamObservers$1.onError(GrpcClientProtocolClient.java:334)
	at org.apache.ratis.thirdparty.io.grpc.stub.ClientCalls$StreamObserverToCallListenerAdapter.onClose(ClientCalls.java:564)
	at org.apache.ratis.thirdparty.io.grpc.PartialForwardingClientCallListener.onClose(PartialForwardingClientCallListener.java:39)
	at org.apache.ratis.thirdparty.io.grpc.ForwardingClientCallListener.onClose(ForwardingClientCallListener.java:23)
	at org.apache.ratis.grpc.metrics.intercept.client.MetricClientCallListener.onClose(MetricClientCallListener.java:47)
	at org.apache.ratis.thirdparty.io.grpc.internal.ClientCallImpl.closeObserver(ClientCallImpl.java:565)
	at org.apache.ratis.thirdparty.io.grpc.internal.ClientCallImpl.access$100(ClientCallImpl.java:72)
	at org.apache.ratis.thirdparty.io.grpc.internal.ClientCallImpl$ClientStreamListenerImpl$1StreamClosed.runInternal(ClientCallImpl.java:733)
	at org.apache.ratis.thirdparty.io.grpc.internal.ClientCallImpl$ClientStreamListenerImpl$1StreamClosed.runInContext(ClientCallImpl.java:714)
	at org.apache.ratis.thirdparty.io.grpc.internal.ContextRunnable.run(ContextRunnable.java:37)
	at org.apache.ratis.thirdparty.io.grpc.internal.SerializingExecutor.run(SerializingExecutor.java:133)
	at java.base/java.util.concurrent.ThreadPoolExecutor.runWorker(ThreadPoolExecutor.java:1144)
	at java.base/java.util.concurrent.ThreadPoolExecutor$Worker.run(ThreadPoolExecutor.java:642)
	at java.base/java.lang.Thread.run(Thread.java:1583)
Caused by: java.io.IOException: org.apache.ratis.thirdparty.io.grpc.StatusRuntimeException: UNAVAILABLE: io exception
	at org.apache.ratis.grpc.GrpcUtil.unwrapException(GrpcUtil.java:99)
	at org.apache.ratis.grpc.GrpcUtil.unwrapIOException(GrpcUtil.java:159)
	at org.apache.ratis.grpc.client.GrpcClientProtocolClient$AsyncStreamObservers$1.onError(GrpcClientProtocolClient.java:333)
	... 13 more
Caused by: org.apache.ratis.thirdparty.io.grpc.StatusRuntimeException: UNAVAILABLE: io exception
	at org.apache.ratis.thirdparty.io.grpc.Status.asRuntimeException(Status.java:532)
	... 13 more
Caused by: org.apache.ratis.thirdparty.io.netty.channel.AbstractChannel$AnnotatedConnectException: finishConnect(..) failed: Connection refused: /127.0.0.1:15029
Caused by: java.net.ConnectException: finishConnect(..) failed: Connection refused
	at org.apache.ratis.thirdparty.io.netty.channel.unix.Errors.newConnectException0(Errors.java:166)
	at org.apache.ratis.thirdparty.io.netty.channel.unix.Errors.handleConnectErrno(Errors.java:131)
	at org.apache.ratis.thirdparty.io.netty.channel.unix.Socket.finishConnect(Socket.java:359)
	at org.apache.ratis.thirdparty.io.netty.channel.epoll.AbstractEpollChannel$AbstractEpollUnsafe.doFinishConnect(AbstractEpollChannel.java:715)
	at org.apache.ratis.thirdparty.io.netty.channel.epoll.AbstractEpollChannel$AbstractEpollUnsafe.finishConnect(AbstractEpollChannel.java:692)
	at org.apache.ratis.thirdparty.io.netty.channel.epoll.AbstractEpollChannel$AbstractEpollUnsafe.epollOutReady(AbstractEpollChannel.java:567)
	at org.apache.ratis.thirdparty.io.netty.channel.epoll.EpollEventLoop.processReady(EpollEventLoop.java:491)
	at org.apache.ratis.thirdparty.io.netty.channel.epoll.EpollEventLoop.run(EpollEventLoop.java:399)
	at org.apache.ratis.thirdparty.io.netty.util.concurrent.SingleThreadEventExecutor$4.run(SingleThreadEventExecutor.java:998)
	at org.apache.ratis.thirdparty.io.netty.util.internal.ThreadExecutorMap$2.run(ThreadExecutorMap.java:74)
	at org.apache.ratis.thirdparty.io.netty.util.concurrent.FastThreadLocalRunnable.run(FastThreadLocalRunnable.java:30)
	at java.base/java.lang.Thread.run(Thread.java:1583)
2025-10-10 10:38:06,088 [43369f36-6a0f-45ae-a8eb-f0d390948370@group-63ACBE5F7EDA-FollowerState] INFO  impl.FollowerState (FollowerState.java:runImpl(161)) - 43369f36-6a0f-45ae-a8eb-f0d390948370@group-63ACBE5F7EDA-FollowerState: change to CANDIDATE, lastRpcElapsedTime:1191284416ns, electionTimeout:1191ms
2025-10-10 10:38:06,088 [43369f36-6a0f-45ae-a8eb-f0d390948370@group-63ACBE5F7EDA-FollowerState] INFO  impl.RoleInfo (RoleInfo.java:shutdownFollowerState(121)) - 43369f36-6a0f-45ae-a8eb-f0d390948370: shutdown 43369f36-6a0f-45ae-a8eb-f0d390948370@group-63ACBE5F7EDA-FollowerState
2025-10-10 10:38:06,088 [43369f36-6a0f-45ae-a8eb-f0d390948370@group-63ACBE5F7EDA-FollowerState] INFO  server.RaftServer$Division (RaftServerImpl.java:setRole(392)) - 43369f36-6a0f-45ae-a8eb-f0d390948370@group-63ACBE5F7EDA: changes role from  FOLLOWER to CANDIDATE at term 1 for changeToCandidate
2025-10-10 10:38:06,089 [43369f36-6a0f-45ae-a8eb-f0d390948370@group-63ACBE5F7EDA-FollowerState] INFO  impl.RoleInfo (RoleInfo.java:updateAndGet(148)) - 43369f36-6a0f-45ae-a8eb-f0d390948370: start 43369f36-6a0f-45ae-a8eb-f0d390948370@group-63ACBE5F7EDA-LeaderElection40
2025-10-10 10:38:06,089 [43369f36-6a0f-45ae-a8eb-f0d390948370@group-63ACBE5F7EDA-LeaderElection40] INFO  impl.LeaderElection (LeaderElection.java:askForVotes(448)) - 43369f36-6a0f-45ae-a8eb-f0d390948370@group-63ACBE5F7EDA-LeaderElection40 PRE_VOTE round 0: submit vote requests at term 1 for conf: {index: 0, cur=peers:[bb95c33f-a3cb-4bbe-957e-8163c1fc1114|127.0.0.1:15031, 1a301c79-b9ef-44e0-a0ae-b339f61819a5|127.0.0.1:15023, 43369f36-6a0f-45ae-a8eb-f0d390948370|127.0.0.1:15015]|listeners:[], old=null}
2025-10-10 10:38:06,090 [43369f36-6a0f-45ae-a8eb-f0d390948370@group-63ACBE5F7EDA-LeaderElection40] INFO  impl.LeaderElection (LogUtils.java:infoOrTrace(142)) - 43369f36-6a0f-45ae-a8eb-f0d390948370@group-63ACBE5F7EDA-LeaderElection40 got exception when requesting votes: java.util.concurrent.ExecutionException: org.apache.ratis.thirdparty.io.grpc.StatusRuntimeException: UNAVAILABLE: io exception
2025-10-10 10:38:06,090 [43369f36-6a0f-45ae-a8eb-f0d390948370@group-63ACBE5F7EDA-LeaderElection40] INFO  impl.LeaderElection (LogUtils.java:infoOrTrace(142)) - 43369f36-6a0f-45ae-a8eb-f0d390948370@group-63ACBE5F7EDA-LeaderElection40 got exception when requesting votes: java.util.concurrent.ExecutionException: org.apache.ratis.thirdparty.io.grpc.StatusRuntimeException: UNAVAILABLE: io exception
2025-10-10 10:38:06,090 [43369f36-6a0f-45ae-a8eb-f0d390948370@group-63ACBE5F7EDA-LeaderElection40] INFO  impl.LeaderElection (LeaderElection.java:logAndReturn(206)) - 43369f36-6a0f-45ae-a8eb-f0d390948370@group-63ACBE5F7EDA-LeaderElection40: PRE_VOTE REJECTED received 0 response(s) and 2 exception(s):
2025-10-10 10:38:06,090 [43369f36-6a0f-45ae-a8eb-f0d390948370@group-63ACBE5F7EDA-LeaderElection40] INFO  impl.LeaderElection (LogUtils.java:infoOrTrace(142)) -   Exception 0: java.util.concurrent.ExecutionException: org.apache.ratis.thirdparty.io.grpc.StatusRuntimeException: UNAVAILABLE: io exception
2025-10-10 10:38:06,090 [43369f36-6a0f-45ae-a8eb-f0d390948370@group-63ACBE5F7EDA-LeaderElection40] INFO  impl.LeaderElection (LogUtils.java:infoOrTrace(142)) -   Exception 1: java.util.concurrent.ExecutionException: org.apache.ratis.thirdparty.io.grpc.StatusRuntimeException: UNAVAILABLE: io exception
2025-10-10 10:38:06,090 [43369f36-6a0f-45ae-a8eb-f0d390948370@group-63ACBE5F7EDA-LeaderElection40] INFO  impl.LeaderElection (LeaderElection.java:askForVotes(450)) - 43369f36-6a0f-45ae-a8eb-f0d390948370@group-63ACBE5F7EDA-LeaderElection40 PRE_VOTE round 0: result REJECTED
2025-10-10 10:38:06,090 [43369f36-6a0f-45ae-a8eb-f0d390948370@group-63ACBE5F7EDA-LeaderElection40] INFO  server.RaftServer$Division (RaftServerImpl.java:setRole(392)) - 43369f36-6a0f-45ae-a8eb-f0d390948370@group-63ACBE5F7EDA: changes role from CANDIDATE to FOLLOWER at term 1 for REJECTED
2025-10-10 10:38:06,090 [43369f36-6a0f-45ae-a8eb-f0d390948370@group-63ACBE5F7EDA-LeaderElection40] INFO  impl.RoleInfo (RoleInfo.java:shutdownLeaderElection(141)) - 43369f36-6a0f-45ae-a8eb-f0d390948370: shutdown 43369f36-6a0f-45ae-a8eb-f0d390948370@group-63ACBE5F7EDA-LeaderElection40
2025-10-10 10:38:06,090 [43369f36-6a0f-45ae-a8eb-f0d390948370@group-63ACBE5F7EDA-LeaderElection40] INFO  impl.RoleInfo (RoleInfo.java:updateAndGet(148)) - 43369f36-6a0f-45ae-a8eb-f0d390948370: start 43369f36-6a0f-45ae-a8eb-f0d390948370@group-63ACBE5F7EDA-FollowerState
2025-10-10 10:38:06,195 [43369f36-6a0f-45ae-a8eb-f0d390948370@group-7E155E250634-FollowerState] INFO  impl.FollowerState (FollowerState.java:runImpl(161)) - 43369f36-6a0f-45ae-a8eb-f0d390948370@group-7E155E250634-FollowerState: change to CANDIDATE, lastRpcElapsedTime:1195307068ns, electionTimeout:1195ms
2025-10-10 10:38:06,195 [43369f36-6a0f-45ae-a8eb-f0d390948370@group-7E155E250634-FollowerState] INFO  impl.RoleInfo (RoleInfo.java:shutdownFollowerState(121)) - 43369f36-6a0f-45ae-a8eb-f0d390948370: shutdown 43369f36-6a0f-45ae-a8eb-f0d390948370@group-7E155E250634-FollowerState
2025-10-10 10:38:06,195 [43369f36-6a0f-45ae-a8eb-f0d390948370@group-7E155E250634-FollowerState] INFO  server.RaftServer$Division (RaftServerImpl.java:setRole(392)) - 43369f36-6a0f-45ae-a8eb-f0d390948370@group-7E155E250634: changes role from  FOLLOWER to CANDIDATE at term 2 for changeToCandidate
2025-10-10 10:38:06,195 [43369f36-6a0f-45ae-a8eb-f0d390948370@group-7E155E250634-FollowerState] INFO  impl.RoleInfo (RoleInfo.java:updateAndGet(148)) - 43369f36-6a0f-45ae-a8eb-f0d390948370: start 43369f36-6a0f-45ae-a8eb-f0d390948370@group-7E155E250634-LeaderElection41
2025-10-10 10:38:06,195 [43369f36-6a0f-45ae-a8eb-f0d390948370@group-7E155E250634-LeaderElection41] INFO  impl.LeaderElection (LeaderElection.java:askForVotes(448)) - 43369f36-6a0f-45ae-a8eb-f0d390948370@group-7E155E250634-LeaderElection41 PRE_VOTE round 0: submit vote requests at term 2 for conf: {index: 5, cur=peers:[bb95c33f-a3cb-4bbe-957e-8163c1fc1114|127.0.0.1:15031, 1a301c79-b9ef-44e0-a0ae-b339f61819a5|127.0.0.1:15023, 43369f36-6a0f-45ae-a8eb-f0d390948370|127.0.0.1:15015]|listeners:[], old=null}
2025-10-10 10:38:06,196 [43369f36-6a0f-45ae-a8eb-f0d390948370@group-7E155E250634-LeaderElection41] INFO  impl.LeaderElection (LogUtils.java:infoOrTrace(142)) - 43369f36-6a0f-45ae-a8eb-f0d390948370@group-7E155E250634-LeaderElection41 got exception when requesting votes: java.util.concurrent.ExecutionException: org.apache.ratis.thirdparty.io.grpc.StatusRuntimeException: UNAVAILABLE: io exception
2025-10-10 10:38:06,196 [43369f36-6a0f-45ae-a8eb-f0d390948370@group-7E155E250634-LeaderElection41] INFO  impl.LeaderElection (LogUtils.java:infoOrTrace(142)) - 43369f36-6a0f-45ae-a8eb-f0d390948370@group-7E155E250634-LeaderElection41 got exception when requesting votes: java.util.concurrent.ExecutionException: org.apache.ratis.thirdparty.io.grpc.StatusRuntimeException: UNAVAILABLE: io exception
2025-10-10 10:38:06,196 [43369f36-6a0f-45ae-a8eb-f0d390948370@group-7E155E250634-LeaderElection41] INFO  impl.LeaderElection (LeaderElection.java:logAndReturn(206)) - 43369f36-6a0f-45ae-a8eb-f0d390948370@group-7E155E250634-LeaderElection41: PRE_VOTE REJECTED received 0 response(s) and 2 exception(s):
2025-10-10 10:38:06,196 [43369f36-6a0f-45ae-a8eb-f0d390948370@group-7E155E250634-LeaderElection41] INFO  impl.LeaderElection (LogUtils.java:infoOrTrace(142)) -   Exception 0: java.util.concurrent.ExecutionException: org.apache.ratis.thirdparty.io.grpc.StatusRuntimeException: UNAVAILABLE: io exception
2025-10-10 10:38:06,196 [43369f36-6a0f-45ae-a8eb-f0d390948370@group-7E155E250634-LeaderElection41] INFO  impl.LeaderElection (LogUtils.java:infoOrTrace(142)) -   Exception 1: java.util.concurrent.ExecutionException: org.apache.ratis.thirdparty.io.grpc.StatusRuntimeException: UNAVAILABLE: io exception
2025-10-10 10:38:06,196 [43369f36-6a0f-45ae-a8eb-f0d390948370@group-7E155E250634-LeaderElection41] INFO  impl.LeaderElection (LeaderElection.java:askForVotes(450)) - 43369f36-6a0f-45ae-a8eb-f0d390948370@group-7E155E250634-LeaderElection41 PRE_VOTE round 0: result REJECTED
2025-10-10 10:38:06,196 [43369f36-6a0f-45ae-a8eb-f0d390948370@group-7E155E250634-LeaderElection41] INFO  server.RaftServer$Division (RaftServerImpl.java:setRole(392)) - 43369f36-6a0f-45ae-a8eb-f0d390948370@group-7E155E250634: changes role from CANDIDATE to FOLLOWER at term 2 for REJECTED
2025-10-10 10:38:06,196 [43369f36-6a0f-45ae-a8eb-f0d390948370@group-7E155E250634-LeaderElection41] INFO  impl.RoleInfo (RoleInfo.java:shutdownLeaderElection(141)) - 43369f36-6a0f-45ae-a8eb-f0d390948370: shutdown 43369f36-6a0f-45ae-a8eb-f0d390948370@group-7E155E250634-LeaderElection41
2025-10-10 10:38:06,196 [43369f36-6a0f-45ae-a8eb-f0d390948370@group-7E155E250634-LeaderElection41] INFO  impl.RoleInfo (RoleInfo.java:updateAndGet(148)) - 43369f36-6a0f-45ae-a8eb-f0d390948370: start 43369f36-6a0f-45ae-a8eb-f0d390948370@group-7E155E250634-FollowerState
2025-10-10 10:38:07,153 [43369f36-6a0f-45ae-a8eb-f0d390948370@group-63ACBE5F7EDA-FollowerState] INFO  impl.FollowerState (FollowerState.java:runImpl(161)) - 43369f36-6a0f-45ae-a8eb-f0d390948370@group-63ACBE5F7EDA-FollowerState: change to CANDIDATE, lastRpcElapsedTime:1062455087ns, electionTimeout:1062ms
2025-10-10 10:38:07,153 [43369f36-6a0f-45ae-a8eb-f0d390948370@group-63ACBE5F7EDA-FollowerState] INFO  impl.RoleInfo (RoleInfo.java:shutdownFollowerState(121)) - 43369f36-6a0f-45ae-a8eb-f0d390948370: shutdown 43369f36-6a0f-45ae-a8eb-f0d390948370@group-63ACBE5F7EDA-FollowerState
2025-10-10 10:38:07,153 [43369f36-6a0f-45ae-a8eb-f0d390948370@group-63ACBE5F7EDA-FollowerState] INFO  server.RaftServer$Division (RaftServerImpl.java:setRole(392)) - 43369f36-6a0f-45ae-a8eb-f0d390948370@group-63ACBE5F7EDA: changes role from  FOLLOWER to CANDIDATE at term 1 for changeToCandidate
2025-10-10 10:38:07,153 [43369f36-6a0f-45ae-a8eb-f0d390948370@group-63ACBE5F7EDA-FollowerState] INFO  impl.RoleInfo (RoleInfo.java:updateAndGet(148)) - 43369f36-6a0f-45ae-a8eb-f0d390948370: start 43369f36-6a0f-45ae-a8eb-f0d390948370@group-63ACBE5F7EDA-LeaderElection42
2025-10-10 10:38:07,153 [43369f36-6a0f-45ae-a8eb-f0d390948370@group-63ACBE5F7EDA-LeaderElection42] INFO  impl.LeaderElection (LeaderElection.java:askForVotes(448)) - 43369f36-6a0f-45ae-a8eb-f0d390948370@group-63ACBE5F7EDA-LeaderElection42 PRE_VOTE round 0: submit vote requests at term 1 for conf: {index: 0, cur=peers:[bb95c33f-a3cb-4bbe-957e-8163c1fc1114|127.0.0.1:15031, 1a301c79-b9ef-44e0-a0ae-b339f61819a5|127.0.0.1:15023, 43369f36-6a0f-45ae-a8eb-f0d390948370|127.0.0.1:15015]|listeners:[], old=null}
2025-10-10 10:38:07,154 [43369f36-6a0f-45ae-a8eb-f0d390948370@group-63ACBE5F7EDA-LeaderElection42] INFO  impl.LeaderElection (LogUtils.java:infoOrTrace(142)) - 43369f36-6a0f-45ae-a8eb-f0d390948370@group-63ACBE5F7EDA-LeaderElection42 got exception when requesting votes: java.util.concurrent.ExecutionException: org.apache.ratis.thirdparty.io.grpc.StatusRuntimeException: UNAVAILABLE: io exception
2025-10-10 10:38:07,154 [43369f36-6a0f-45ae-a8eb-f0d390948370@group-63ACBE5F7EDA-LeaderElection42] INFO  impl.LeaderElection (LogUtils.java:infoOrTrace(142)) - 43369f36-6a0f-45ae-a8eb-f0d390948370@group-63ACBE5F7EDA-LeaderElection42 got exception when requesting votes: java.util.concurrent.ExecutionException: org.apache.ratis.thirdparty.io.grpc.StatusRuntimeException: UNAVAILABLE: io exception
2025-10-10 10:38:07,154 [43369f36-6a0f-45ae-a8eb-f0d390948370@group-63ACBE5F7EDA-LeaderElection42] INFO  impl.LeaderElection (LeaderElection.java:logAndReturn(206)) - 43369f36-6a0f-45ae-a8eb-f0d390948370@group-63ACBE5F7EDA-LeaderElection42: PRE_VOTE REJECTED received 0 response(s) and 2 exception(s):
2025-10-10 10:38:07,154 [43369f36-6a0f-45ae-a8eb-f0d390948370@group-63ACBE5F7EDA-LeaderElection42] INFO  impl.LeaderElection (LogUtils.java:infoOrTrace(142)) -   Exception 0: java.util.concurrent.ExecutionException: org.apache.ratis.thirdparty.io.grpc.StatusRuntimeException: UNAVAILABLE: io exception
2025-10-10 10:38:07,154 [43369f36-6a0f-45ae-a8eb-f0d390948370@group-63ACBE5F7EDA-LeaderElection42] INFO  impl.LeaderElection (LogUtils.java:infoOrTrace(142)) -   Exception 1: java.util.concurrent.ExecutionException: org.apache.ratis.thirdparty.io.grpc.StatusRuntimeException: UNAVAILABLE: io exception
2025-10-10 10:38:07,154 [43369f36-6a0f-45ae-a8eb-f0d390948370@group-63ACBE5F7EDA-LeaderElection42] INFO  impl.LeaderElection (LeaderElection.java:askForVotes(450)) - 43369f36-6a0f-45ae-a8eb-f0d390948370@group-63ACBE5F7EDA-LeaderElection42 PRE_VOTE round 0: result REJECTED
2025-10-10 10:38:07,154 [43369f36-6a0f-45ae-a8eb-f0d390948370@group-63ACBE5F7EDA-LeaderElection42] INFO  server.RaftServer$Division (RaftServerImpl.java:setRole(392)) - 43369f36-6a0f-45ae-a8eb-f0d390948370@group-63ACBE5F7EDA: changes role from CANDIDATE to FOLLOWER at term 1 for REJECTED
2025-10-10 10:38:07,154 [43369f36-6a0f-45ae-a8eb-f0d390948370@group-63ACBE5F7EDA-LeaderElection42] INFO  impl.RoleInfo (RoleInfo.java:shutdownLeaderElection(141)) - 43369f36-6a0f-45ae-a8eb-f0d390948370: shutdown 43369f36-6a0f-45ae-a8eb-f0d390948370@group-63ACBE5F7EDA-LeaderElection42
2025-10-10 10:38:07,155 [43369f36-6a0f-45ae-a8eb-f0d390948370@group-63ACBE5F7EDA-LeaderElection42] INFO  impl.RoleInfo (RoleInfo.java:updateAndGet(148)) - 43369f36-6a0f-45ae-a8eb-f0d390948370: start 43369f36-6a0f-45ae-a8eb-f0d390948370@group-63ACBE5F7EDA-FollowerState
2025-10-10 10:38:07,255 [43369f36-6a0f-45ae-a8eb-f0d390948370@group-7E155E250634-FollowerState] INFO  impl.FollowerState (FollowerState.java:runImpl(161)) - 43369f36-6a0f-45ae-a8eb-f0d390948370@group-7E155E250634-FollowerState: change to CANDIDATE, lastRpcElapsedTime:1058433413ns, electionTimeout:1058ms
2025-10-10 10:38:07,255 [43369f36-6a0f-45ae-a8eb-f0d390948370@group-7E155E250634-FollowerState] INFO  impl.RoleInfo (RoleInfo.java:shutdownFollowerState(121)) - 43369f36-6a0f-45ae-a8eb-f0d390948370: shutdown 43369f36-6a0f-45ae-a8eb-f0d390948370@group-7E155E250634-FollowerState
2025-10-10 10:38:07,255 [43369f36-6a0f-45ae-a8eb-f0d390948370@group-7E155E250634-FollowerState] INFO  server.RaftServer$Division (RaftServerImpl.java:setRole(392)) - 43369f36-6a0f-45ae-a8eb-f0d390948370@group-7E155E250634: changes role from  FOLLOWER to CANDIDATE at term 2 for changeToCandidate
2025-10-10 10:38:07,255 [43369f36-6a0f-45ae-a8eb-f0d390948370@group-7E155E250634-FollowerState] INFO  impl.RoleInfo (RoleInfo.java:updateAndGet(148)) - 43369f36-6a0f-45ae-a8eb-f0d390948370: start 43369f36-6a0f-45ae-a8eb-f0d390948370@group-7E155E250634-LeaderElection43
2025-10-10 10:38:07,256 [43369f36-6a0f-45ae-a8eb-f0d390948370@group-7E155E250634-LeaderElection43] INFO  impl.LeaderElection (LeaderElection.java:askForVotes(448)) - 43369f36-6a0f-45ae-a8eb-f0d390948370@group-7E155E250634-LeaderElection43 PRE_VOTE round 0: submit vote requests at term 2 for conf: {index: 5, cur=peers:[bb95c33f-a3cb-4bbe-957e-8163c1fc1114|127.0.0.1:15031, 1a301c79-b9ef-44e0-a0ae-b339f61819a5|127.0.0.1:15023, 43369f36-6a0f-45ae-a8eb-f0d390948370|127.0.0.1:15015]|listeners:[], old=null}
2025-10-10 10:38:07,256 [43369f36-6a0f-45ae-a8eb-f0d390948370@group-7E155E250634-LeaderElection43] INFO  impl.LeaderElection (LogUtils.java:infoOrTrace(142)) - 43369f36-6a0f-45ae-a8eb-f0d390948370@group-7E155E250634-LeaderElection43 got exception when requesting votes: java.util.concurrent.ExecutionException: org.apache.ratis.thirdparty.io.grpc.StatusRuntimeException: UNAVAILABLE: io exception
2025-10-10 10:38:07,256 [43369f36-6a0f-45ae-a8eb-f0d390948370@group-7E155E250634-LeaderElection43] INFO  impl.LeaderElection (LogUtils.java:infoOrTrace(142)) - 43369f36-6a0f-45ae-a8eb-f0d390948370@group-7E155E250634-LeaderElection43 got exception when requesting votes: java.util.concurrent.ExecutionException: org.apache.ratis.thirdparty.io.grpc.StatusRuntimeException: UNAVAILABLE: io exception
2025-10-10 10:38:07,256 [43369f36-6a0f-45ae-a8eb-f0d390948370@group-7E155E250634-LeaderElection43] INFO  impl.LeaderElection (LeaderElection.java:logAndReturn(206)) - 43369f36-6a0f-45ae-a8eb-f0d390948370@group-7E155E250634-LeaderElection43: PRE_VOTE REJECTED received 0 response(s) and 2 exception(s):
2025-10-10 10:38:07,257 [43369f36-6a0f-45ae-a8eb-f0d390948370@group-7E155E250634-LeaderElection43] INFO  impl.LeaderElection (LogUtils.java:infoOrTrace(142)) -   Exception 0: java.util.concurrent.ExecutionException: org.apache.ratis.thirdparty.io.grpc.StatusRuntimeException: UNAVAILABLE: io exception
2025-10-10 10:38:07,257 [43369f36-6a0f-45ae-a8eb-f0d390948370@group-7E155E250634-LeaderElection43] INFO  impl.LeaderElection (LogUtils.java:infoOrTrace(142)) -   Exception 1: java.util.concurrent.ExecutionException: org.apache.ratis.thirdparty.io.grpc.StatusRuntimeException: UNAVAILABLE: io exception
2025-10-10 10:38:07,257 [43369f36-6a0f-45ae-a8eb-f0d390948370@group-7E155E250634-LeaderElection43] INFO  impl.LeaderElection (LeaderElection.java:askForVotes(450)) - 43369f36-6a0f-45ae-a8eb-f0d390948370@group-7E155E250634-LeaderElection43 PRE_VOTE round 0: result REJECTED
2025-10-10 10:38:07,257 [43369f36-6a0f-45ae-a8eb-f0d390948370@group-7E155E250634-LeaderElection43] INFO  server.RaftServer$Division (RaftServerImpl.java:setRole(392)) - 43369f36-6a0f-45ae-a8eb-f0d390948370@group-7E155E250634: changes role from CANDIDATE to FOLLOWER at term 2 for REJECTED
2025-10-10 10:38:07,257 [43369f36-6a0f-45ae-a8eb-f0d390948370@group-7E155E250634-LeaderElection43] INFO  impl.RoleInfo (RoleInfo.java:shutdownLeaderElection(141)) - 43369f36-6a0f-45ae-a8eb-f0d390948370: shutdown 43369f36-6a0f-45ae-a8eb-f0d390948370@group-7E155E250634-LeaderElection43
2025-10-10 10:38:07,257 [43369f36-6a0f-45ae-a8eb-f0d390948370@group-7E155E250634-LeaderElection43] INFO  impl.RoleInfo (RoleInfo.java:updateAndGet(148)) - 43369f36-6a0f-45ae-a8eb-f0d390948370: start 43369f36-6a0f-45ae-a8eb-f0d390948370@group-7E155E250634-FollowerState
2025-10-10 10:38:08,208 [43369f36-6a0f-45ae-a8eb-f0d390948370@group-63ACBE5F7EDA-FollowerState] INFO  impl.FollowerState (FollowerState.java:runImpl(161)) - 43369f36-6a0f-45ae-a8eb-f0d390948370@group-63ACBE5F7EDA-FollowerState: change to CANDIDATE, lastRpcElapsedTime:1053321700ns, electionTimeout:1053ms
2025-10-10 10:38:08,208 [43369f36-6a0f-45ae-a8eb-f0d390948370@group-63ACBE5F7EDA-FollowerState] INFO  impl.RoleInfo (RoleInfo.java:shutdownFollowerState(121)) - 43369f36-6a0f-45ae-a8eb-f0d390948370: shutdown 43369f36-6a0f-45ae-a8eb-f0d390948370@group-63ACBE5F7EDA-FollowerState
2025-10-10 10:38:08,208 [43369f36-6a0f-45ae-a8eb-f0d390948370@group-63ACBE5F7EDA-FollowerState] INFO  server.RaftServer$Division (RaftServerImpl.java:setRole(392)) - 43369f36-6a0f-45ae-a8eb-f0d390948370@group-63ACBE5F7EDA: changes role from  FOLLOWER to CANDIDATE at term 1 for changeToCandidate
2025-10-10 10:38:08,208 [43369f36-6a0f-45ae-a8eb-f0d390948370@group-63ACBE5F7EDA-FollowerState] INFO  impl.RoleInfo (RoleInfo.java:updateAndGet(148)) - 43369f36-6a0f-45ae-a8eb-f0d390948370: start 43369f36-6a0f-45ae-a8eb-f0d390948370@group-63ACBE5F7EDA-LeaderElection44
2025-10-10 10:38:08,209 [43369f36-6a0f-45ae-a8eb-f0d390948370@group-63ACBE5F7EDA-LeaderElection44] INFO  impl.LeaderElection (LeaderElection.java:askForVotes(448)) - 43369f36-6a0f-45ae-a8eb-f0d390948370@group-63ACBE5F7EDA-LeaderElection44 PRE_VOTE round 0: submit vote requests at term 1 for conf: {index: 0, cur=peers:[bb95c33f-a3cb-4bbe-957e-8163c1fc1114|127.0.0.1:15031, 1a301c79-b9ef-44e0-a0ae-b339f61819a5|127.0.0.1:15023, 43369f36-6a0f-45ae-a8eb-f0d390948370|127.0.0.1:15015]|listeners:[], old=null}
2025-10-10 10:38:08,209 [43369f36-6a0f-45ae-a8eb-f0d390948370@group-63ACBE5F7EDA-LeaderElection44] INFO  impl.LeaderElection (LogUtils.java:infoOrTrace(142)) - 43369f36-6a0f-45ae-a8eb-f0d390948370@group-63ACBE5F7EDA-LeaderElection44 got exception when requesting votes: java.util.concurrent.ExecutionException: org.apache.ratis.thirdparty.io.grpc.StatusRuntimeException: UNAVAILABLE: io exception
2025-10-10 10:38:08,209 [43369f36-6a0f-45ae-a8eb-f0d390948370@group-63ACBE5F7EDA-LeaderElection44] INFO  impl.LeaderElection (LogUtils.java:infoOrTrace(142)) - 43369f36-6a0f-45ae-a8eb-f0d390948370@group-63ACBE5F7EDA-LeaderElection44 got exception when requesting votes: java.util.concurrent.ExecutionException: org.apache.ratis.thirdparty.io.grpc.StatusRuntimeException: UNAVAILABLE: io exception
2025-10-10 10:38:08,209 [43369f36-6a0f-45ae-a8eb-f0d390948370@group-63ACBE5F7EDA-LeaderElection44] INFO  impl.LeaderElection (LeaderElection.java:logAndReturn(206)) - 43369f36-6a0f-45ae-a8eb-f0d390948370@group-63ACBE5F7EDA-LeaderElection44: PRE_VOTE REJECTED received 0 response(s) and 2 exception(s):
2025-10-10 10:38:08,209 [43369f36-6a0f-45ae-a8eb-f0d390948370@group-63ACBE5F7EDA-LeaderElection44] INFO  impl.LeaderElection (LogUtils.java:infoOrTrace(142)) -   Exception 0: java.util.concurrent.ExecutionException: org.apache.ratis.thirdparty.io.grpc.StatusRuntimeException: UNAVAILABLE: io exception
2025-10-10 10:38:08,209 [43369f36-6a0f-45ae-a8eb-f0d390948370@group-63ACBE5F7EDA-LeaderElection44] INFO  impl.LeaderElection (LogUtils.java:infoOrTrace(142)) -   Exception 1: java.util.concurrent.ExecutionException: org.apache.ratis.thirdparty.io.grpc.StatusRuntimeException: UNAVAILABLE: io exception
2025-10-10 10:38:08,210 [43369f36-6a0f-45ae-a8eb-f0d390948370@group-63ACBE5F7EDA-LeaderElection44] INFO  impl.LeaderElection (LeaderElection.java:askForVotes(450)) - 43369f36-6a0f-45ae-a8eb-f0d390948370@group-63ACBE5F7EDA-LeaderElection44 PRE_VOTE round 0: result REJECTED
2025-10-10 10:38:08,210 [43369f36-6a0f-45ae-a8eb-f0d390948370@group-63ACBE5F7EDA-LeaderElection44] INFO  server.RaftServer$Division (RaftServerImpl.java:setRole(392)) - 43369f36-6a0f-45ae-a8eb-f0d390948370@group-63ACBE5F7EDA: changes role from CANDIDATE to FOLLOWER at term 1 for REJECTED
2025-10-10 10:38:08,210 [43369f36-6a0f-45ae-a8eb-f0d390948370@group-63ACBE5F7EDA-LeaderElection44] INFO  impl.RoleInfo (RoleInfo.java:shutdownLeaderElection(141)) - 43369f36-6a0f-45ae-a8eb-f0d390948370: shutdown 43369f36-6a0f-45ae-a8eb-f0d390948370@group-63ACBE5F7EDA-LeaderElection44
2025-10-10 10:38:08,210 [43369f36-6a0f-45ae-a8eb-f0d390948370@group-63ACBE5F7EDA-LeaderElection44] INFO  impl.RoleInfo (RoleInfo.java:updateAndGet(148)) - 43369f36-6a0f-45ae-a8eb-f0d390948370: start 43369f36-6a0f-45ae-a8eb-f0d390948370@group-63ACBE5F7EDA-FollowerState
2025-10-10 10:38:08,405 [43369f36-6a0f-45ae-a8eb-f0d390948370@group-7E155E250634-FollowerState] INFO  impl.FollowerState (FollowerState.java:runImpl(161)) - 43369f36-6a0f-45ae-a8eb-f0d390948370@group-7E155E250634-FollowerState: change to CANDIDATE, lastRpcElapsedTime:1148307487ns, electionTimeout:1148ms
2025-10-10 10:38:08,405 [43369f36-6a0f-45ae-a8eb-f0d390948370@group-7E155E250634-FollowerState] INFO  impl.RoleInfo (RoleInfo.java:shutdownFollowerState(121)) - 43369f36-6a0f-45ae-a8eb-f0d390948370: shutdown 43369f36-6a0f-45ae-a8eb-f0d390948370@group-7E155E250634-FollowerState
2025-10-10 10:38:08,405 [43369f36-6a0f-45ae-a8eb-f0d390948370@group-7E155E250634-FollowerState] INFO  server.RaftServer$Division (RaftServerImpl.java:setRole(392)) - 43369f36-6a0f-45ae-a8eb-f0d390948370@group-7E155E250634: changes role from  FOLLOWER to CANDIDATE at term 2 for changeToCandidate
2025-10-10 10:38:08,406 [43369f36-6a0f-45ae-a8eb-f0d390948370@group-7E155E250634-FollowerState] INFO  impl.RoleInfo (RoleInfo.java:updateAndGet(148)) - 43369f36-6a0f-45ae-a8eb-f0d390948370: start 43369f36-6a0f-45ae-a8eb-f0d390948370@group-7E155E250634-LeaderElection45
2025-10-10 10:38:08,406 [43369f36-6a0f-45ae-a8eb-f0d390948370@group-7E155E250634-LeaderElection45] INFO  impl.LeaderElection (LeaderElection.java:askForVotes(448)) - 43369f36-6a0f-45ae-a8eb-f0d390948370@group-7E155E250634-LeaderElection45 PRE_VOTE round 0: submit vote requests at term 2 for conf: {index: 5, cur=peers:[bb95c33f-a3cb-4bbe-957e-8163c1fc1114|127.0.0.1:15031, 1a301c79-b9ef-44e0-a0ae-b339f61819a5|127.0.0.1:15023, 43369f36-6a0f-45ae-a8eb-f0d390948370|127.0.0.1:15015]|listeners:[], old=null}
2025-10-10 10:38:08,407 [43369f36-6a0f-45ae-a8eb-f0d390948370@group-7E155E250634-LeaderElection45] INFO  impl.LeaderElection (LogUtils.java:infoOrTrace(142)) - 43369f36-6a0f-45ae-a8eb-f0d390948370@group-7E155E250634-LeaderElection45 got exception when requesting votes: java.util.concurrent.ExecutionException: org.apache.ratis.thirdparty.io.grpc.StatusRuntimeException: UNAVAILABLE: io exception
2025-10-10 10:38:08,407 [43369f36-6a0f-45ae-a8eb-f0d390948370@group-7E155E250634-LeaderElection45] INFO  impl.LeaderElection (LogUtils.java:infoOrTrace(142)) - 43369f36-6a0f-45ae-a8eb-f0d390948370@group-7E155E250634-LeaderElection45 got exception when requesting votes: java.util.concurrent.ExecutionException: org.apache.ratis.thirdparty.io.grpc.StatusRuntimeException: UNAVAILABLE: io exception
2025-10-10 10:38:08,407 [43369f36-6a0f-45ae-a8eb-f0d390948370@group-7E155E250634-LeaderElection45] INFO  impl.LeaderElection (LeaderElection.java:logAndReturn(206)) - 43369f36-6a0f-45ae-a8eb-f0d390948370@group-7E155E250634-LeaderElection45: PRE_VOTE REJECTED received 0 response(s) and 2 exception(s):
2025-10-10 10:38:08,407 [43369f36-6a0f-45ae-a8eb-f0d390948370@group-7E155E250634-LeaderElection45] INFO  impl.LeaderElection (LogUtils.java:infoOrTrace(142)) -   Exception 0: java.util.concurrent.ExecutionException: org.apache.ratis.thirdparty.io.grpc.StatusRuntimeException: UNAVAILABLE: io exception
2025-10-10 10:38:08,407 [43369f36-6a0f-45ae-a8eb-f0d390948370@group-7E155E250634-LeaderElection45] INFO  impl.LeaderElection (LogUtils.java:infoOrTrace(142)) -   Exception 1: java.util.concurrent.ExecutionException: org.apache.ratis.thirdparty.io.grpc.StatusRuntimeException: UNAVAILABLE: io exception
2025-10-10 10:38:08,407 [43369f36-6a0f-45ae-a8eb-f0d390948370@group-7E155E250634-LeaderElection45] INFO  impl.LeaderElection (LeaderElection.java:askForVotes(450)) - 43369f36-6a0f-45ae-a8eb-f0d390948370@group-7E155E250634-LeaderElection45 PRE_VOTE round 0: result REJECTED
2025-10-10 10:38:08,407 [43369f36-6a0f-45ae-a8eb-f0d390948370@group-7E155E250634-LeaderElection45] INFO  server.RaftServer$Division (RaftServerImpl.java:setRole(392)) - 43369f36-6a0f-45ae-a8eb-f0d390948370@group-7E155E250634: changes role from CANDIDATE to FOLLOWER at term 2 for REJECTED
2025-10-10 10:38:08,407 [43369f36-6a0f-45ae-a8eb-f0d390948370@group-7E155E250634-LeaderElection45] INFO  impl.RoleInfo (RoleInfo.java:shutdownLeaderElection(141)) - 43369f36-6a0f-45ae-a8eb-f0d390948370: shutdown 43369f36-6a0f-45ae-a8eb-f0d390948370@group-7E155E250634-LeaderElection45
2025-10-10 10:38:08,407 [43369f36-6a0f-45ae-a8eb-f0d390948370@group-7E155E250634-LeaderElection45] INFO  impl.RoleInfo (RoleInfo.java:updateAndGet(148)) - 43369f36-6a0f-45ae-a8eb-f0d390948370: start 43369f36-6a0f-45ae-a8eb-f0d390948370@group-7E155E250634-FollowerState
2025-10-10 10:38:09,330 [43369f36-6a0f-45ae-a8eb-f0d390948370@group-63ACBE5F7EDA-FollowerState] INFO  impl.FollowerState (FollowerState.java:runImpl(161)) - 43369f36-6a0f-45ae-a8eb-f0d390948370@group-63ACBE5F7EDA-FollowerState: change to CANDIDATE, lastRpcElapsedTime:1120299639ns, electionTimeout:1120ms
2025-10-10 10:38:09,330 [43369f36-6a0f-45ae-a8eb-f0d390948370@group-63ACBE5F7EDA-FollowerState] INFO  impl.RoleInfo (RoleInfo.java:shutdownFollowerState(121)) - 43369f36-6a0f-45ae-a8eb-f0d390948370: shutdown 43369f36-6a0f-45ae-a8eb-f0d390948370@group-63ACBE5F7EDA-FollowerState
2025-10-10 10:38:09,330 [43369f36-6a0f-45ae-a8eb-f0d390948370@group-63ACBE5F7EDA-FollowerState] INFO  server.RaftServer$Division (RaftServerImpl.java:setRole(392)) - 43369f36-6a0f-45ae-a8eb-f0d390948370@group-63ACBE5F7EDA: changes role from  FOLLOWER to CANDIDATE at term 1 for changeToCandidate
2025-10-10 10:38:09,330 [43369f36-6a0f-45ae-a8eb-f0d390948370@group-63ACBE5F7EDA-FollowerState] INFO  impl.RoleInfo (RoleInfo.java:updateAndGet(148)) - 43369f36-6a0f-45ae-a8eb-f0d390948370: start 43369f36-6a0f-45ae-a8eb-f0d390948370@group-63ACBE5F7EDA-LeaderElection46
2025-10-10 10:38:09,331 [43369f36-6a0f-45ae-a8eb-f0d390948370@group-63ACBE5F7EDA-LeaderElection46] INFO  impl.LeaderElection (LeaderElection.java:askForVotes(448)) - 43369f36-6a0f-45ae-a8eb-f0d390948370@group-63ACBE5F7EDA-LeaderElection46 PRE_VOTE round 0: submit vote requests at term 1 for conf: {index: 0, cur=peers:[bb95c33f-a3cb-4bbe-957e-8163c1fc1114|127.0.0.1:15031, 1a301c79-b9ef-44e0-a0ae-b339f61819a5|127.0.0.1:15023, 43369f36-6a0f-45ae-a8eb-f0d390948370|127.0.0.1:15015]|listeners:[], old=null}
2025-10-10 10:38:09,331 [43369f36-6a0f-45ae-a8eb-f0d390948370@group-63ACBE5F7EDA-LeaderElection46] INFO  impl.LeaderElection (LogUtils.java:infoOrTrace(142)) - 43369f36-6a0f-45ae-a8eb-f0d390948370@group-63ACBE5F7EDA-LeaderElection46 got exception when requesting votes: java.util.concurrent.ExecutionException: org.apache.ratis.thirdparty.io.grpc.StatusRuntimeException: UNAVAILABLE: io exception
2025-10-10 10:38:09,331 [43369f36-6a0f-45ae-a8eb-f0d390948370@group-63ACBE5F7EDA-LeaderElection46] INFO  impl.LeaderElection (LogUtils.java:infoOrTrace(142)) - 43369f36-6a0f-45ae-a8eb-f0d390948370@group-63ACBE5F7EDA-LeaderElection46 got exception when requesting votes: java.util.concurrent.ExecutionException: org.apache.ratis.thirdparty.io.grpc.StatusRuntimeException: UNAVAILABLE: io exception
2025-10-10 10:38:09,331 [43369f36-6a0f-45ae-a8eb-f0d390948370@group-63ACBE5F7EDA-LeaderElection46] INFO  impl.LeaderElection (LeaderElection.java:logAndReturn(206)) - 43369f36-6a0f-45ae-a8eb-f0d390948370@group-63ACBE5F7EDA-LeaderElection46: PRE_VOTE REJECTED received 0 response(s) and 2 exception(s):
2025-10-10 10:38:09,332 [43369f36-6a0f-45ae-a8eb-f0d390948370@group-63ACBE5F7EDA-LeaderElection46] INFO  impl.LeaderElection (LogUtils.java:infoOrTrace(142)) -   Exception 0: java.util.concurrent.ExecutionException: org.apache.ratis.thirdparty.io.grpc.StatusRuntimeException: UNAVAILABLE: io exception
2025-10-10 10:38:09,332 [43369f36-6a0f-45ae-a8eb-f0d390948370@group-63ACBE5F7EDA-LeaderElection46] INFO  impl.LeaderElection (LogUtils.java:infoOrTrace(142)) -   Exception 1: java.util.concurrent.ExecutionException: org.apache.ratis.thirdparty.io.grpc.StatusRuntimeException: UNAVAILABLE: io exception
2025-10-10 10:38:09,332 [43369f36-6a0f-45ae-a8eb-f0d390948370@group-63ACBE5F7EDA-LeaderElection46] INFO  impl.LeaderElection (LeaderElection.java:askForVotes(450)) - 43369f36-6a0f-45ae-a8eb-f0d390948370@group-63ACBE5F7EDA-LeaderElection46 PRE_VOTE round 0: result REJECTED
2025-10-10 10:38:09,332 [43369f36-6a0f-45ae-a8eb-f0d390948370@group-63ACBE5F7EDA-LeaderElection46] INFO  server.RaftServer$Division (RaftServerImpl.java:setRole(392)) - 43369f36-6a0f-45ae-a8eb-f0d390948370@group-63ACBE5F7EDA: changes role from CANDIDATE to FOLLOWER at term 1 for REJECTED
2025-10-10 10:38:09,332 [43369f36-6a0f-45ae-a8eb-f0d390948370@group-63ACBE5F7EDA-LeaderElection46] INFO  impl.RoleInfo (RoleInfo.java:shutdownLeaderElection(141)) - 43369f36-6a0f-45ae-a8eb-f0d390948370: shutdown 43369f36-6a0f-45ae-a8eb-f0d390948370@group-63ACBE5F7EDA-LeaderElection46
2025-10-10 10:38:09,332 [43369f36-6a0f-45ae-a8eb-f0d390948370@group-63ACBE5F7EDA-LeaderElection46] INFO  impl.RoleInfo (RoleInfo.java:updateAndGet(148)) - 43369f36-6a0f-45ae-a8eb-f0d390948370: start 43369f36-6a0f-45ae-a8eb-f0d390948370@group-63ACBE5F7EDA-FollowerState
2025-10-10 10:38:09,584 [43369f36-6a0f-45ae-a8eb-f0d390948370@group-7E155E250634-FollowerState] INFO  impl.FollowerState (FollowerState.java:runImpl(161)) - 43369f36-6a0f-45ae-a8eb-f0d390948370@group-7E155E250634-FollowerState: change to CANDIDATE, lastRpcElapsedTime:1176412635ns, electionTimeout:1176ms
2025-10-10 10:38:09,584 [43369f36-6a0f-45ae-a8eb-f0d390948370@group-7E155E250634-FollowerState] INFO  impl.RoleInfo (RoleInfo.java:shutdownFollowerState(121)) - 43369f36-6a0f-45ae-a8eb-f0d390948370: shutdown 43369f36-6a0f-45ae-a8eb-f0d390948370@group-7E155E250634-FollowerState
2025-10-10 10:38:09,584 [43369f36-6a0f-45ae-a8eb-f0d390948370@group-7E155E250634-FollowerState] INFO  server.RaftServer$Division (RaftServerImpl.java:setRole(392)) - 43369f36-6a0f-45ae-a8eb-f0d390948370@group-7E155E250634: changes role from  FOLLOWER to CANDIDATE at term 2 for changeToCandidate
2025-10-10 10:38:09,584 [43369f36-6a0f-45ae-a8eb-f0d390948370@group-7E155E250634-FollowerState] INFO  impl.RoleInfo (RoleInfo.java:updateAndGet(148)) - 43369f36-6a0f-45ae-a8eb-f0d390948370: start 43369f36-6a0f-45ae-a8eb-f0d390948370@group-7E155E250634-LeaderElection47
2025-10-10 10:38:09,584 [43369f36-6a0f-45ae-a8eb-f0d390948370@group-7E155E250634-LeaderElection47] INFO  impl.LeaderElection (LeaderElection.java:askForVotes(448)) - 43369f36-6a0f-45ae-a8eb-f0d390948370@group-7E155E250634-LeaderElection47 PRE_VOTE round 0: submit vote requests at term 2 for conf: {index: 5, cur=peers:[bb95c33f-a3cb-4bbe-957e-8163c1fc1114|127.0.0.1:15031, 1a301c79-b9ef-44e0-a0ae-b339f61819a5|127.0.0.1:15023, 43369f36-6a0f-45ae-a8eb-f0d390948370|127.0.0.1:15015]|listeners:[], old=null}
2025-10-10 10:38:09,585 [43369f36-6a0f-45ae-a8eb-f0d390948370@group-7E155E250634-LeaderElection47] INFO  impl.LeaderElection (LogUtils.java:infoOrTrace(142)) - 43369f36-6a0f-45ae-a8eb-f0d390948370@group-7E155E250634-LeaderElection47 got exception when requesting votes: java.util.concurrent.ExecutionException: org.apache.ratis.thirdparty.io.grpc.StatusRuntimeException: UNAVAILABLE: io exception
2025-10-10 10:38:09,585 [43369f36-6a0f-45ae-a8eb-f0d390948370@group-7E155E250634-LeaderElection47] INFO  impl.LeaderElection (LogUtils.java:infoOrTrace(142)) - 43369f36-6a0f-45ae-a8eb-f0d390948370@group-7E155E250634-LeaderElection47 got exception when requesting votes: java.util.concurrent.ExecutionException: org.apache.ratis.thirdparty.io.grpc.StatusRuntimeException: UNAVAILABLE: io exception
2025-10-10 10:38:09,585 [43369f36-6a0f-45ae-a8eb-f0d390948370@group-7E155E250634-LeaderElection47] INFO  impl.LeaderElection (LeaderElection.java:logAndReturn(206)) - 43369f36-6a0f-45ae-a8eb-f0d390948370@group-7E155E250634-LeaderElection47: PRE_VOTE REJECTED received 0 response(s) and 2 exception(s):
2025-10-10 10:38:09,585 [43369f36-6a0f-45ae-a8eb-f0d390948370@group-7E155E250634-LeaderElection47] INFO  impl.LeaderElection (LogUtils.java:infoOrTrace(142)) -   Exception 0: java.util.concurrent.ExecutionException: org.apache.ratis.thirdparty.io.grpc.StatusRuntimeException: UNAVAILABLE: io exception
2025-10-10 10:38:09,585 [43369f36-6a0f-45ae-a8eb-f0d390948370@group-7E155E250634-LeaderElection47] INFO  impl.LeaderElection (LogUtils.java:infoOrTrace(142)) -   Exception 1: java.util.concurrent.ExecutionException: org.apache.ratis.thirdparty.io.grpc.StatusRuntimeException: UNAVAILABLE: io exception
2025-10-10 10:38:09,585 [43369f36-6a0f-45ae-a8eb-f0d390948370@group-7E155E250634-LeaderElection47] INFO  impl.LeaderElection (LeaderElection.java:askForVotes(450)) - 43369f36-6a0f-45ae-a8eb-f0d390948370@group-7E155E250634-LeaderElection47 PRE_VOTE round 0: result REJECTED
2025-10-10 10:38:09,585 [43369f36-6a0f-45ae-a8eb-f0d390948370@group-7E155E250634-LeaderElection47] INFO  server.RaftServer$Division (RaftServerImpl.java:setRole(392)) - 43369f36-6a0f-45ae-a8eb-f0d390948370@group-7E155E250634: changes role from CANDIDATE to FOLLOWER at term 2 for REJECTED
2025-10-10 10:38:09,585 [43369f36-6a0f-45ae-a8eb-f0d390948370@group-7E155E250634-LeaderElection47] INFO  impl.RoleInfo (RoleInfo.java:shutdownLeaderElection(141)) - 43369f36-6a0f-45ae-a8eb-f0d390948370: shutdown 43369f36-6a0f-45ae-a8eb-f0d390948370@group-7E155E250634-LeaderElection47
2025-10-10 10:38:09,586 [43369f36-6a0f-45ae-a8eb-f0d390948370@group-7E155E250634-LeaderElection47] INFO  impl.RoleInfo (RoleInfo.java:updateAndGet(148)) - 43369f36-6a0f-45ae-a8eb-f0d390948370: start 43369f36-6a0f-45ae-a8eb-f0d390948370@group-7E155E250634-FollowerState
2025-10-10 10:38:10,427 [43369f36-6a0f-45ae-a8eb-f0d390948370@group-63ACBE5F7EDA-FollowerState] INFO  impl.FollowerState (FollowerState.java:runImpl(161)) - 43369f36-6a0f-45ae-a8eb-f0d390948370@group-63ACBE5F7EDA-FollowerState: change to CANDIDATE, lastRpcElapsedTime:1095360575ns, electionTimeout:1095ms
2025-10-10 10:38:10,427 [43369f36-6a0f-45ae-a8eb-f0d390948370@group-63ACBE5F7EDA-FollowerState] INFO  impl.RoleInfo (RoleInfo.java:shutdownFollowerState(121)) - 43369f36-6a0f-45ae-a8eb-f0d390948370: shutdown 43369f36-6a0f-45ae-a8eb-f0d390948370@group-63ACBE5F7EDA-FollowerState
2025-10-10 10:38:10,427 [43369f36-6a0f-45ae-a8eb-f0d390948370@group-63ACBE5F7EDA-FollowerState] INFO  server.RaftServer$Division (RaftServerImpl.java:setRole(392)) - 43369f36-6a0f-45ae-a8eb-f0d390948370@group-63ACBE5F7EDA: changes role from  FOLLOWER to CANDIDATE at term 1 for changeToCandidate
2025-10-10 10:38:10,428 [43369f36-6a0f-45ae-a8eb-f0d390948370@group-63ACBE5F7EDA-FollowerState] INFO  impl.RoleInfo (RoleInfo.java:updateAndGet(148)) - 43369f36-6a0f-45ae-a8eb-f0d390948370: start 43369f36-6a0f-45ae-a8eb-f0d390948370@group-63ACBE5F7EDA-LeaderElection48
2025-10-10 10:38:10,428 [43369f36-6a0f-45ae-a8eb-f0d390948370@group-63ACBE5F7EDA-LeaderElection48] INFO  impl.LeaderElection (LeaderElection.java:askForVotes(448)) - 43369f36-6a0f-45ae-a8eb-f0d390948370@group-63ACBE5F7EDA-LeaderElection48 PRE_VOTE round 0: submit vote requests at term 1 for conf: {index: 0, cur=peers:[bb95c33f-a3cb-4bbe-957e-8163c1fc1114|127.0.0.1:15031, 1a301c79-b9ef-44e0-a0ae-b339f61819a5|127.0.0.1:15023, 43369f36-6a0f-45ae-a8eb-f0d390948370|127.0.0.1:15015]|listeners:[], old=null}
2025-10-10 10:38:10,429 [43369f36-6a0f-45ae-a8eb-f0d390948370@group-63ACBE5F7EDA-LeaderElection48] INFO  impl.LeaderElection (LogUtils.java:infoOrTrace(142)) - 43369f36-6a0f-45ae-a8eb-f0d390948370@group-63ACBE5F7EDA-LeaderElection48 got exception when requesting votes: java.util.concurrent.ExecutionException: org.apache.ratis.thirdparty.io.grpc.StatusRuntimeException: UNAVAILABLE: io exception
2025-10-10 10:38:10,429 [43369f36-6a0f-45ae-a8eb-f0d390948370@group-63ACBE5F7EDA-LeaderElection48] INFO  impl.LeaderElection (LogUtils.java:infoOrTrace(142)) - 43369f36-6a0f-45ae-a8eb-f0d390948370@group-63ACBE5F7EDA-LeaderElection48 got exception when requesting votes: java.util.concurrent.ExecutionException: org.apache.ratis.thirdparty.io.grpc.StatusRuntimeException: UNAVAILABLE: io exception
2025-10-10 10:38:10,429 [43369f36-6a0f-45ae-a8eb-f0d390948370@group-63ACBE5F7EDA-LeaderElection48] INFO  impl.LeaderElection (LeaderElection.java:logAndReturn(206)) - 43369f36-6a0f-45ae-a8eb-f0d390948370@group-63ACBE5F7EDA-LeaderElection48: PRE_VOTE REJECTED received 0 response(s) and 2 exception(s):
2025-10-10 10:38:10,429 [43369f36-6a0f-45ae-a8eb-f0d390948370@group-63ACBE5F7EDA-LeaderElection48] INFO  impl.LeaderElection (LogUtils.java:infoOrTrace(142)) -   Exception 0: java.util.concurrent.ExecutionException: org.apache.ratis.thirdparty.io.grpc.StatusRuntimeException: UNAVAILABLE: io exception
2025-10-10 10:38:10,429 [43369f36-6a0f-45ae-a8eb-f0d390948370@group-63ACBE5F7EDA-LeaderElection48] INFO  impl.LeaderElection (LogUtils.java:infoOrTrace(142)) -   Exception 1: java.util.concurrent.ExecutionException: org.apache.ratis.thirdparty.io.grpc.StatusRuntimeException: UNAVAILABLE: io exception
2025-10-10 10:38:10,429 [43369f36-6a0f-45ae-a8eb-f0d390948370@group-63ACBE5F7EDA-LeaderElection48] INFO  impl.LeaderElection (LeaderElection.java:askForVotes(450)) - 43369f36-6a0f-45ae-a8eb-f0d390948370@group-63ACBE5F7EDA-LeaderElection48 PRE_VOTE round 0: result REJECTED
2025-10-10 10:38:10,429 [43369f36-6a0f-45ae-a8eb-f0d390948370@group-63ACBE5F7EDA-LeaderElection48] INFO  server.RaftServer$Division (RaftServerImpl.java:setRole(392)) - 43369f36-6a0f-45ae-a8eb-f0d390948370@group-63ACBE5F7EDA: changes role from CANDIDATE to FOLLOWER at term 1 for REJECTED
2025-10-10 10:38:10,429 [43369f36-6a0f-45ae-a8eb-f0d390948370@group-63ACBE5F7EDA-LeaderElection48] INFO  impl.RoleInfo (RoleInfo.java:shutdownLeaderElection(141)) - 43369f36-6a0f-45ae-a8eb-f0d390948370: shutdown 43369f36-6a0f-45ae-a8eb-f0d390948370@group-63ACBE5F7EDA-LeaderElection48
2025-10-10 10:38:10,429 [43369f36-6a0f-45ae-a8eb-f0d390948370@group-63ACBE5F7EDA-LeaderElection48] INFO  impl.RoleInfo (RoleInfo.java:updateAndGet(148)) - 43369f36-6a0f-45ae-a8eb-f0d390948370: start 43369f36-6a0f-45ae-a8eb-f0d390948370@group-63ACBE5F7EDA-FollowerState
2025-10-10 10:38:10,643 [43369f36-6a0f-45ae-a8eb-f0d390948370@group-7E155E250634-FollowerState] INFO  impl.FollowerState (FollowerState.java:runImpl(161)) - 43369f36-6a0f-45ae-a8eb-f0d390948370@group-7E155E250634-FollowerState: change to CANDIDATE, lastRpcElapsedTime:1057511089ns, electionTimeout:1057ms
2025-10-10 10:38:10,643 [43369f36-6a0f-45ae-a8eb-f0d390948370@group-7E155E250634-FollowerState] INFO  impl.RoleInfo (RoleInfo.java:shutdownFollowerState(121)) - 43369f36-6a0f-45ae-a8eb-f0d390948370: shutdown 43369f36-6a0f-45ae-a8eb-f0d390948370@group-7E155E250634-FollowerState
2025-10-10 10:38:10,643 [43369f36-6a0f-45ae-a8eb-f0d390948370@group-7E155E250634-FollowerState] INFO  server.RaftServer$Division (RaftServerImpl.java:setRole(392)) - 43369f36-6a0f-45ae-a8eb-f0d390948370@group-7E155E250634: changes role from  FOLLOWER to CANDIDATE at term 2 for changeToCandidate
2025-10-10 10:38:10,643 [43369f36-6a0f-45ae-a8eb-f0d390948370@group-7E155E250634-FollowerState] INFO  impl.RoleInfo (RoleInfo.java:updateAndGet(148)) - 43369f36-6a0f-45ae-a8eb-f0d390948370: start 43369f36-6a0f-45ae-a8eb-f0d390948370@group-7E155E250634-LeaderElection49
2025-10-10 10:38:10,644 [43369f36-6a0f-45ae-a8eb-f0d390948370@group-7E155E250634-LeaderElection49] INFO  impl.LeaderElection (LeaderElection.java:askForVotes(448)) - 43369f36-6a0f-45ae-a8eb-f0d390948370@group-7E155E250634-LeaderElection49 PRE_VOTE round 0: submit vote requests at term 2 for conf: {index: 5, cur=peers:[bb95c33f-a3cb-4bbe-957e-8163c1fc1114|127.0.0.1:15031, 1a301c79-b9ef-44e0-a0ae-b339f61819a5|127.0.0.1:15023, 43369f36-6a0f-45ae-a8eb-f0d390948370|127.0.0.1:15015]|listeners:[], old=null}
2025-10-10 10:38:10,644 [43369f36-6a0f-45ae-a8eb-f0d390948370@group-7E155E250634-LeaderElection49] INFO  impl.LeaderElection (LogUtils.java:infoOrTrace(142)) - 43369f36-6a0f-45ae-a8eb-f0d390948370@group-7E155E250634-LeaderElection49 got exception when requesting votes: java.util.concurrent.ExecutionException: org.apache.ratis.thirdparty.io.grpc.StatusRuntimeException: UNAVAILABLE: io exception
2025-10-10 10:38:10,644 [43369f36-6a0f-45ae-a8eb-f0d390948370@group-7E155E250634-LeaderElection49] INFO  impl.LeaderElection (LogUtils.java:infoOrTrace(142)) - 43369f36-6a0f-45ae-a8eb-f0d390948370@group-7E155E250634-LeaderElection49 got exception when requesting votes: java.util.concurrent.ExecutionException: org.apache.ratis.thirdparty.io.grpc.StatusRuntimeException: UNAVAILABLE: io exception
2025-10-10 10:38:10,644 [43369f36-6a0f-45ae-a8eb-f0d390948370@group-7E155E250634-LeaderElection49] INFO  impl.LeaderElection (LeaderElection.java:logAndReturn(206)) - 43369f36-6a0f-45ae-a8eb-f0d390948370@group-7E155E250634-LeaderElection49: PRE_VOTE REJECTED received 0 response(s) and 2 exception(s):
2025-10-10 10:38:10,644 [43369f36-6a0f-45ae-a8eb-f0d390948370@group-7E155E250634-LeaderElection49] INFO  impl.LeaderElection (LogUtils.java:infoOrTrace(142)) -   Exception 0: java.util.concurrent.ExecutionException: org.apache.ratis.thirdparty.io.grpc.StatusRuntimeException: UNAVAILABLE: io exception
2025-10-10 10:38:10,644 [43369f36-6a0f-45ae-a8eb-f0d390948370@group-7E155E250634-LeaderElection49] INFO  impl.LeaderElection (LogUtils.java:infoOrTrace(142)) -   Exception 1: java.util.concurrent.ExecutionException: org.apache.ratis.thirdparty.io.grpc.StatusRuntimeException: UNAVAILABLE: io exception
2025-10-10 10:38:10,645 [43369f36-6a0f-45ae-a8eb-f0d390948370@group-7E155E250634-LeaderElection49] INFO  impl.LeaderElection (LeaderElection.java:askForVotes(450)) - 43369f36-6a0f-45ae-a8eb-f0d390948370@group-7E155E250634-LeaderElection49 PRE_VOTE round 0: result REJECTED
2025-10-10 10:38:10,645 [43369f36-6a0f-45ae-a8eb-f0d390948370@group-7E155E250634-LeaderElection49] INFO  server.RaftServer$Division (RaftServerImpl.java:setRole(392)) - 43369f36-6a0f-45ae-a8eb-f0d390948370@group-7E155E250634: changes role from CANDIDATE to FOLLOWER at term 2 for REJECTED
2025-10-10 10:38:10,645 [43369f36-6a0f-45ae-a8eb-f0d390948370@group-7E155E250634-LeaderElection49] INFO  impl.RoleInfo (RoleInfo.java:shutdownLeaderElection(141)) - 43369f36-6a0f-45ae-a8eb-f0d390948370: shutdown 43369f36-6a0f-45ae-a8eb-f0d390948370@group-7E155E250634-LeaderElection49
2025-10-10 10:38:10,645 [43369f36-6a0f-45ae-a8eb-f0d390948370@group-7E155E250634-LeaderElection49] INFO  impl.RoleInfo (RoleInfo.java:updateAndGet(148)) - 43369f36-6a0f-45ae-a8eb-f0d390948370: start 43369f36-6a0f-45ae-a8eb-f0d390948370@group-7E155E250634-FollowerState
2025-10-10 10:38:11,061 [timer2] ERROR impl.OrderedAsync (OrderedAsync.java:lambda$null$6(215)) -  (Repeated 2 times in the last 5.001s) client-E7C31156E772: Failed* RaftClientRequest:client-E7C31156E772->1a301c79-b9ef-44e0-a0ae-b339f61819a5@group-7E155E250634, cid=22, seq=4*, RW, cmdType: WriteChunk traceID: "" containerID: 1 datanodeUuid: "bb95c33f-a3cb-4bbe-957e-8163c1fc1114" writeChunk { blockID { containerID: 1 localID: 115816896921600001 blockCommitSequenceId: 2 replicaIndex: 0 } chunkData { chunkName: "115816896921600001_chunk_2" offset: 1048576 len: 1048576 } } version: 3, data.size=1048576
java.util.concurrent.CompletionException: java.io.IOException: org.apache.ratis.thirdparty.io.grpc.StatusRuntimeException: UNAVAILABLE: io exception
	at java.base/java.util.concurrent.CompletableFuture.encodeThrowable(CompletableFuture.java:332)
	at java.base/java.util.concurrent.CompletableFuture.completeThrowable(CompletableFuture.java:347)
	at java.base/java.util.concurrent.CompletableFuture$UniAccept.tryFire(CompletableFuture.java:708)
	at java.base/java.util.concurrent.CompletableFuture.postComplete(CompletableFuture.java:510)
	at java.base/java.util.concurrent.CompletableFuture.completeExceptionally(CompletableFuture.java:2194)
	at org.apache.ratis.grpc.client.GrpcClientProtocolClient$AsyncStreamObservers.completeReplyExceptionally(GrpcClientProtocolClient.java:397)
	at org.apache.ratis.grpc.client.GrpcClientProtocolClient$AsyncStreamObservers.access$000(GrpcClientProtocolClient.java:303)
	at org.apache.ratis.grpc.client.GrpcClientProtocolClient$AsyncStreamObservers$1.onError(GrpcClientProtocolClient.java:334)
	at org.apache.ratis.thirdparty.io.grpc.stub.ClientCalls$StreamObserverToCallListenerAdapter.onClose(ClientCalls.java:564)
	at org.apache.ratis.thirdparty.io.grpc.PartialForwardingClientCallListener.onClose(PartialForwardingClientCallListener.java:39)
	at org.apache.ratis.thirdparty.io.grpc.ForwardingClientCallListener.onClose(ForwardingClientCallListener.java:23)
	at org.apache.ratis.grpc.metrics.intercept.client.MetricClientCallListener.onClose(MetricClientCallListener.java:47)
	at org.apache.ratis.thirdparty.io.grpc.internal.ClientCallImpl.closeObserver(ClientCallImpl.java:565)
	at org.apache.ratis.thirdparty.io.grpc.internal.ClientCallImpl.access$100(ClientCallImpl.java:72)
	at org.apache.ratis.thirdparty.io.grpc.internal.ClientCallImpl$ClientStreamListenerImpl$1StreamClosed.runInternal(ClientCallImpl.java:733)
	at org.apache.ratis.thirdparty.io.grpc.internal.ClientCallImpl$ClientStreamListenerImpl$1StreamClosed.runInContext(ClientCallImpl.java:714)
	at org.apache.ratis.thirdparty.io.grpc.internal.ContextRunnable.run(ContextRunnable.java:37)
	at org.apache.ratis.thirdparty.io.grpc.internal.SerializingExecutor.run(SerializingExecutor.java:133)
	at java.base/java.util.concurrent.ThreadPoolExecutor.runWorker(ThreadPoolExecutor.java:1144)
	at java.base/java.util.concurrent.ThreadPoolExecutor$Worker.run(ThreadPoolExecutor.java:642)
	at java.base/java.lang.Thread.run(Thread.java:1583)
Caused by: java.io.IOException: org.apache.ratis.thirdparty.io.grpc.StatusRuntimeException: UNAVAILABLE: io exception
	at org.apache.ratis.grpc.GrpcUtil.unwrapException(GrpcUtil.java:99)
	at org.apache.ratis.grpc.GrpcUtil.unwrapIOException(GrpcUtil.java:159)
	at org.apache.ratis.grpc.client.GrpcClientProtocolClient$AsyncStreamObservers$1.onError(GrpcClientProtocolClient.java:333)
	... 13 more
Caused by: org.apache.ratis.thirdparty.io.grpc.StatusRuntimeException: UNAVAILABLE: io exception
	at org.apache.ratis.thirdparty.io.grpc.Status.asRuntimeException(Status.java:532)
	... 13 more
Caused by: org.apache.ratis.thirdparty.io.netty.channel.AbstractChannel$AnnotatedConnectException: finishConnect(..) failed: Connection refused: /127.0.0.1:15021
Caused by: java.net.ConnectException: finishConnect(..) failed: Connection refused
	at org.apache.ratis.thirdparty.io.netty.channel.unix.Errors.newConnectException0(Errors.java:166)
	at org.apache.ratis.thirdparty.io.netty.channel.unix.Errors.handleConnectErrno(Errors.java:131)
	at org.apache.ratis.thirdparty.io.netty.channel.unix.Socket.finishConnect(Socket.java:359)
	at org.apache.ratis.thirdparty.io.netty.channel.epoll.AbstractEpollChannel$AbstractEpollUnsafe.doFinishConnect(AbstractEpollChannel.java:715)
	at org.apache.ratis.thirdparty.io.netty.channel.epoll.AbstractEpollChannel$AbstractEpollUnsafe.finishConnect(AbstractEpollChannel.java:692)
	at org.apache.ratis.thirdparty.io.netty.channel.epoll.AbstractEpollChannel$AbstractEpollUnsafe.epollOutReady(AbstractEpollChannel.java:567)
	at org.apache.ratis.thirdparty.io.netty.channel.epoll.EpollEventLoop.processReady(EpollEventLoop.java:491)
	at org.apache.ratis.thirdparty.io.netty.channel.epoll.EpollEventLoop.run(EpollEventLoop.java:399)
	at org.apache.ratis.thirdparty.io.netty.util.concurrent.SingleThreadEventExecutor$4.run(SingleThreadEventExecutor.java:998)
	at org.apache.ratis.thirdparty.io.netty.util.internal.ThreadExecutorMap$2.run(ThreadExecutorMap.java:74)
	at org.apache.ratis.thirdparty.io.netty.util.concurrent.FastThreadLocalRunnable.run(FastThreadLocalRunnable.java:30)
	at java.base/java.lang.Thread.run(Thread.java:1583)
2025-10-10 10:38:11,518 [43369f36-6a0f-45ae-a8eb-f0d390948370@group-63ACBE5F7EDA-FollowerState] INFO  impl.FollowerState (FollowerState.java:runImpl(161)) - 43369f36-6a0f-45ae-a8eb-f0d390948370@group-63ACBE5F7EDA-FollowerState: change to CANDIDATE, lastRpcElapsedTime:1089293790ns, electionTimeout:1089ms
2025-10-10 10:38:11,518 [43369f36-6a0f-45ae-a8eb-f0d390948370@group-63ACBE5F7EDA-FollowerState] INFO  impl.RoleInfo (RoleInfo.java:shutdownFollowerState(121)) - 43369f36-6a0f-45ae-a8eb-f0d390948370: shutdown 43369f36-6a0f-45ae-a8eb-f0d390948370@group-63ACBE5F7EDA-FollowerState
2025-10-10 10:38:11,519 [43369f36-6a0f-45ae-a8eb-f0d390948370@group-63ACBE5F7EDA-FollowerState] INFO  server.RaftServer$Division (RaftServerImpl.java:setRole(392)) - 43369f36-6a0f-45ae-a8eb-f0d390948370@group-63ACBE5F7EDA: changes role from  FOLLOWER to CANDIDATE at term 1 for changeToCandidate
2025-10-10 10:38:11,519 [43369f36-6a0f-45ae-a8eb-f0d390948370@group-63ACBE5F7EDA-FollowerState] INFO  impl.RoleInfo (RoleInfo.java:updateAndGet(148)) - 43369f36-6a0f-45ae-a8eb-f0d390948370: start 43369f36-6a0f-45ae-a8eb-f0d390948370@group-63ACBE5F7EDA-LeaderElection50
2025-10-10 10:38:11,519 [43369f36-6a0f-45ae-a8eb-f0d390948370@group-63ACBE5F7EDA-LeaderElection50] INFO  impl.LeaderElection (LeaderElection.java:askForVotes(448)) - 43369f36-6a0f-45ae-a8eb-f0d390948370@group-63ACBE5F7EDA-LeaderElection50 PRE_VOTE round 0: submit vote requests at term 1 for conf: {index: 0, cur=peers:[bb95c33f-a3cb-4bbe-957e-8163c1fc1114|127.0.0.1:15031, 1a301c79-b9ef-44e0-a0ae-b339f61819a5|127.0.0.1:15023, 43369f36-6a0f-45ae-a8eb-f0d390948370|127.0.0.1:15015]|listeners:[], old=null}
2025-10-10 10:38:11,520 [43369f36-6a0f-45ae-a8eb-f0d390948370@group-63ACBE5F7EDA-LeaderElection50] INFO  impl.LeaderElection (LogUtils.java:infoOrTrace(142)) - 43369f36-6a0f-45ae-a8eb-f0d390948370@group-63ACBE5F7EDA-LeaderElection50 got exception when requesting votes: java.util.concurrent.ExecutionException: org.apache.ratis.thirdparty.io.grpc.StatusRuntimeException: UNAVAILABLE: io exception
2025-10-10 10:38:11,520 [43369f36-6a0f-45ae-a8eb-f0d390948370@group-63ACBE5F7EDA-LeaderElection50] INFO  impl.LeaderElection (LogUtils.java:infoOrTrace(142)) - 43369f36-6a0f-45ae-a8eb-f0d390948370@group-63ACBE5F7EDA-LeaderElection50 got exception when requesting votes: java.util.concurrent.ExecutionException: org.apache.ratis.thirdparty.io.grpc.StatusRuntimeException: UNAVAILABLE: io exception
2025-10-10 10:38:11,520 [43369f36-6a0f-45ae-a8eb-f0d390948370@group-63ACBE5F7EDA-LeaderElection50] INFO  impl.LeaderElection (LeaderElection.java:logAndReturn(206)) - 43369f36-6a0f-45ae-a8eb-f0d390948370@group-63ACBE5F7EDA-LeaderElection50: PRE_VOTE REJECTED received 0 response(s) and 2 exception(s):
2025-10-10 10:38:11,520 [43369f36-6a0f-45ae-a8eb-f0d390948370@group-63ACBE5F7EDA-LeaderElection50] INFO  impl.LeaderElection (LogUtils.java:infoOrTrace(142)) -   Exception 0: java.util.concurrent.ExecutionException: org.apache.ratis.thirdparty.io.grpc.StatusRuntimeException: UNAVAILABLE: io exception
2025-10-10 10:38:11,520 [43369f36-6a0f-45ae-a8eb-f0d390948370@group-63ACBE5F7EDA-LeaderElection50] INFO  impl.LeaderElection (LogUtils.java:infoOrTrace(142)) -   Exception 1: java.util.concurrent.ExecutionException: org.apache.ratis.thirdparty.io.grpc.StatusRuntimeException: UNAVAILABLE: io exception
2025-10-10 10:38:11,520 [43369f36-6a0f-45ae-a8eb-f0d390948370@group-63ACBE5F7EDA-LeaderElection50] INFO  impl.LeaderElection (LeaderElection.java:askForVotes(450)) - 43369f36-6a0f-45ae-a8eb-f0d390948370@group-63ACBE5F7EDA-LeaderElection50 PRE_VOTE round 0: result REJECTED
2025-10-10 10:38:11,520 [43369f36-6a0f-45ae-a8eb-f0d390948370@group-63ACBE5F7EDA-LeaderElection50] INFO  server.RaftServer$Division (RaftServerImpl.java:setRole(392)) - 43369f36-6a0f-45ae-a8eb-f0d390948370@group-63ACBE5F7EDA: changes role from CANDIDATE to FOLLOWER at term 1 for REJECTED
2025-10-10 10:38:11,520 [43369f36-6a0f-45ae-a8eb-f0d390948370@group-63ACBE5F7EDA-LeaderElection50] INFO  impl.RoleInfo (RoleInfo.java:shutdownLeaderElection(141)) - 43369f36-6a0f-45ae-a8eb-f0d390948370: shutdown 43369f36-6a0f-45ae-a8eb-f0d390948370@group-63ACBE5F7EDA-LeaderElection50
2025-10-10 10:38:11,520 [43369f36-6a0f-45ae-a8eb-f0d390948370@group-63ACBE5F7EDA-LeaderElection50] INFO  impl.RoleInfo (RoleInfo.java:updateAndGet(148)) - 43369f36-6a0f-45ae-a8eb-f0d390948370: start 43369f36-6a0f-45ae-a8eb-f0d390948370@group-63ACBE5F7EDA-FollowerState
2025-10-10 10:38:11,834 [43369f36-6a0f-45ae-a8eb-f0d390948370@group-7E155E250634-FollowerState] INFO  impl.FollowerState (FollowerState.java:runImpl(161)) - 43369f36-6a0f-45ae-a8eb-f0d390948370@group-7E155E250634-FollowerState: change to CANDIDATE, lastRpcElapsedTime:1189269501ns, electionTimeout:1189ms
2025-10-10 10:38:11,834 [43369f36-6a0f-45ae-a8eb-f0d390948370@group-7E155E250634-FollowerState] INFO  impl.RoleInfo (RoleInfo.java:shutdownFollowerState(121)) - 43369f36-6a0f-45ae-a8eb-f0d390948370: shutdown 43369f36-6a0f-45ae-a8eb-f0d390948370@group-7E155E250634-FollowerState
2025-10-10 10:38:11,834 [43369f36-6a0f-45ae-a8eb-f0d390948370@group-7E155E250634-FollowerState] INFO  server.RaftServer$Division (RaftServerImpl.java:setRole(392)) - 43369f36-6a0f-45ae-a8eb-f0d390948370@group-7E155E250634: changes role from  FOLLOWER to CANDIDATE at term 2 for changeToCandidate
2025-10-10 10:38:11,834 [43369f36-6a0f-45ae-a8eb-f0d390948370@group-7E155E250634-FollowerState] INFO  impl.RoleInfo (RoleInfo.java:updateAndGet(148)) - 43369f36-6a0f-45ae-a8eb-f0d390948370: start 43369f36-6a0f-45ae-a8eb-f0d390948370@group-7E155E250634-LeaderElection51
2025-10-10 10:38:11,835 [43369f36-6a0f-45ae-a8eb-f0d390948370@group-7E155E250634-LeaderElection51] INFO  impl.LeaderElection (LeaderElection.java:askForVotes(448)) - 43369f36-6a0f-45ae-a8eb-f0d390948370@group-7E155E250634-LeaderElection51 PRE_VOTE round 0: submit vote requests at term 2 for conf: {index: 5, cur=peers:[bb95c33f-a3cb-4bbe-957e-8163c1fc1114|127.0.0.1:15031, 1a301c79-b9ef-44e0-a0ae-b339f61819a5|127.0.0.1:15023, 43369f36-6a0f-45ae-a8eb-f0d390948370|127.0.0.1:15015]|listeners:[], old=null}
2025-10-10 10:38:11,835 [43369f36-6a0f-45ae-a8eb-f0d390948370@group-7E155E250634-LeaderElection51] INFO  impl.LeaderElection (LogUtils.java:infoOrTrace(142)) - 43369f36-6a0f-45ae-a8eb-f0d390948370@group-7E155E250634-LeaderElection51 got exception when requesting votes: java.util.concurrent.ExecutionException: org.apache.ratis.thirdparty.io.grpc.StatusRuntimeException: UNAVAILABLE: io exception
2025-10-10 10:38:11,836 [43369f36-6a0f-45ae-a8eb-f0d390948370@group-7E155E250634-LeaderElection51] INFO  impl.LeaderElection (LogUtils.java:infoOrTrace(142)) - 43369f36-6a0f-45ae-a8eb-f0d390948370@group-7E155E250634-LeaderElection51 got exception when requesting votes: java.util.concurrent.ExecutionException: org.apache.ratis.thirdparty.io.grpc.StatusRuntimeException: UNAVAILABLE: io exception
2025-10-10 10:38:11,836 [43369f36-6a0f-45ae-a8eb-f0d390948370@group-7E155E250634-LeaderElection51] INFO  impl.LeaderElection (LeaderElection.java:logAndReturn(206)) - 43369f36-6a0f-45ae-a8eb-f0d390948370@group-7E155E250634-LeaderElection51: PRE_VOTE REJECTED received 0 response(s) and 2 exception(s):
2025-10-10 10:38:11,836 [43369f36-6a0f-45ae-a8eb-f0d390948370@group-7E155E250634-LeaderElection51] INFO  impl.LeaderElection (LogUtils.java:infoOrTrace(142)) -   Exception 0: java.util.concurrent.ExecutionException: org.apache.ratis.thirdparty.io.grpc.StatusRuntimeException: UNAVAILABLE: io exception
2025-10-10 10:38:11,836 [43369f36-6a0f-45ae-a8eb-f0d390948370@group-7E155E250634-LeaderElection51] INFO  impl.LeaderElection (LogUtils.java:infoOrTrace(142)) -   Exception 1: java.util.concurrent.ExecutionException: org.apache.ratis.thirdparty.io.grpc.StatusRuntimeException: UNAVAILABLE: io exception
2025-10-10 10:38:11,836 [43369f36-6a0f-45ae-a8eb-f0d390948370@group-7E155E250634-LeaderElection51] INFO  impl.LeaderElection (LeaderElection.java:askForVotes(450)) - 43369f36-6a0f-45ae-a8eb-f0d390948370@group-7E155E250634-LeaderElection51 PRE_VOTE round 0: result REJECTED
2025-10-10 10:38:11,836 [43369f36-6a0f-45ae-a8eb-f0d390948370@group-7E155E250634-LeaderElection51] INFO  server.RaftServer$Division (RaftServerImpl.java:setRole(392)) - 43369f36-6a0f-45ae-a8eb-f0d390948370@group-7E155E250634: changes role from CANDIDATE to FOLLOWER at term 2 for REJECTED
2025-10-10 10:38:11,836 [43369f36-6a0f-45ae-a8eb-f0d390948370@group-7E155E250634-LeaderElection51] INFO  impl.RoleInfo (RoleInfo.java:shutdownLeaderElection(141)) - 43369f36-6a0f-45ae-a8eb-f0d390948370: shutdown 43369f36-6a0f-45ae-a8eb-f0d390948370@group-7E155E250634-LeaderElection51
2025-10-10 10:38:11,836 [43369f36-6a0f-45ae-a8eb-f0d390948370@group-7E155E250634-LeaderElection51] INFO  impl.RoleInfo (RoleInfo.java:updateAndGet(148)) - 43369f36-6a0f-45ae-a8eb-f0d390948370: start 43369f36-6a0f-45ae-a8eb-f0d390948370@group-7E155E250634-FollowerState
2025-10-10 10:38:12,704 [43369f36-6a0f-45ae-a8eb-f0d390948370@group-63ACBE5F7EDA-FollowerState] INFO  impl.FollowerState (FollowerState.java:runImpl(161)) - 43369f36-6a0f-45ae-a8eb-f0d390948370@group-63ACBE5F7EDA-FollowerState: change to CANDIDATE, lastRpcElapsedTime:1183329150ns, electionTimeout:1183ms
2025-10-10 10:38:12,704 [43369f36-6a0f-45ae-a8eb-f0d390948370@group-63ACBE5F7EDA-FollowerState] INFO  impl.RoleInfo (RoleInfo.java:shutdownFollowerState(121)) - 43369f36-6a0f-45ae-a8eb-f0d390948370: shutdown 43369f36-6a0f-45ae-a8eb-f0d390948370@group-63ACBE5F7EDA-FollowerState
2025-10-10 10:38:12,704 [43369f36-6a0f-45ae-a8eb-f0d390948370@group-63ACBE5F7EDA-FollowerState] INFO  server.RaftServer$Division (RaftServerImpl.java:setRole(392)) - 43369f36-6a0f-45ae-a8eb-f0d390948370@group-63ACBE5F7EDA: changes role from  FOLLOWER to CANDIDATE at term 1 for changeToCandidate
2025-10-10 10:38:12,704 [43369f36-6a0f-45ae-a8eb-f0d390948370@group-63ACBE5F7EDA-FollowerState] INFO  impl.RoleInfo (RoleInfo.java:updateAndGet(148)) - 43369f36-6a0f-45ae-a8eb-f0d390948370: start 43369f36-6a0f-45ae-a8eb-f0d390948370@group-63ACBE5F7EDA-LeaderElection52
2025-10-10 10:38:12,704 [43369f36-6a0f-45ae-a8eb-f0d390948370@group-63ACBE5F7EDA-LeaderElection52] INFO  impl.LeaderElection (LeaderElection.java:askForVotes(448)) - 43369f36-6a0f-45ae-a8eb-f0d390948370@group-63ACBE5F7EDA-LeaderElection52 PRE_VOTE round 0: submit vote requests at term 1 for conf: {index: 0, cur=peers:[bb95c33f-a3cb-4bbe-957e-8163c1fc1114|127.0.0.1:15031, 1a301c79-b9ef-44e0-a0ae-b339f61819a5|127.0.0.1:15023, 43369f36-6a0f-45ae-a8eb-f0d390948370|127.0.0.1:15015]|listeners:[], old=null}
2025-10-10 10:38:12,705 [43369f36-6a0f-45ae-a8eb-f0d390948370@group-63ACBE5F7EDA-LeaderElection52] INFO  impl.LeaderElection (LogUtils.java:infoOrTrace(142)) - 43369f36-6a0f-45ae-a8eb-f0d390948370@group-63ACBE5F7EDA-LeaderElection52 got exception when requesting votes: java.util.concurrent.ExecutionException: org.apache.ratis.thirdparty.io.grpc.StatusRuntimeException: UNAVAILABLE: io exception
2025-10-10 10:38:12,705 [43369f36-6a0f-45ae-a8eb-f0d390948370@group-63ACBE5F7EDA-LeaderElection52] INFO  impl.LeaderElection (LogUtils.java:infoOrTrace(142)) - 43369f36-6a0f-45ae-a8eb-f0d390948370@group-63ACBE5F7EDA-LeaderElection52 got exception when requesting votes: java.util.concurrent.ExecutionException: org.apache.ratis.thirdparty.io.grpc.StatusRuntimeException: UNAVAILABLE: io exception
2025-10-10 10:38:12,705 [43369f36-6a0f-45ae-a8eb-f0d390948370@group-63ACBE5F7EDA-LeaderElection52] INFO  impl.LeaderElection (LeaderElection.java:logAndReturn(206)) - 43369f36-6a0f-45ae-a8eb-f0d390948370@group-63ACBE5F7EDA-LeaderElection52: PRE_VOTE REJECTED received 0 response(s) and 2 exception(s):
2025-10-10 10:38:12,705 [43369f36-6a0f-45ae-a8eb-f0d390948370@group-63ACBE5F7EDA-LeaderElection52] INFO  impl.LeaderElection (LogUtils.java:infoOrTrace(142)) -   Exception 0: java.util.concurrent.ExecutionException: org.apache.ratis.thirdparty.io.grpc.StatusRuntimeException: UNAVAILABLE: io exception
2025-10-10 10:38:12,705 [43369f36-6a0f-45ae-a8eb-f0d390948370@group-63ACBE5F7EDA-LeaderElection52] INFO  impl.LeaderElection (LogUtils.java:infoOrTrace(142)) -   Exception 1: java.util.concurrent.ExecutionException: org.apache.ratis.thirdparty.io.grpc.StatusRuntimeException: UNAVAILABLE: io exception
2025-10-10 10:38:12,705 [43369f36-6a0f-45ae-a8eb-f0d390948370@group-63ACBE5F7EDA-LeaderElection52] INFO  impl.LeaderElection (LeaderElection.java:askForVotes(450)) - 43369f36-6a0f-45ae-a8eb-f0d390948370@group-63ACBE5F7EDA-LeaderElection52 PRE_VOTE round 0: result REJECTED
2025-10-10 10:38:12,705 [43369f36-6a0f-45ae-a8eb-f0d390948370@group-63ACBE5F7EDA-LeaderElection52] INFO  server.RaftServer$Division (RaftServerImpl.java:setRole(392)) - 43369f36-6a0f-45ae-a8eb-f0d390948370@group-63ACBE5F7EDA: changes role from CANDIDATE to FOLLOWER at term 1 for REJECTED
2025-10-10 10:38:12,705 [43369f36-6a0f-45ae-a8eb-f0d390948370@group-63ACBE5F7EDA-LeaderElection52] INFO  impl.RoleInfo (RoleInfo.java:shutdownLeaderElection(141)) - 43369f36-6a0f-45ae-a8eb-f0d390948370: shutdown 43369f36-6a0f-45ae-a8eb-f0d390948370@group-63ACBE5F7EDA-LeaderElection52
2025-10-10 10:38:12,705 [43369f36-6a0f-45ae-a8eb-f0d390948370@group-63ACBE5F7EDA-LeaderElection52] INFO  impl.RoleInfo (RoleInfo.java:updateAndGet(148)) - 43369f36-6a0f-45ae-a8eb-f0d390948370: start 43369f36-6a0f-45ae-a8eb-f0d390948370@group-63ACBE5F7EDA-FollowerState
2025-10-10 10:38:12,944 [43369f36-6a0f-45ae-a8eb-f0d390948370@group-7E155E250634-FollowerState] INFO  impl.FollowerState (FollowerState.java:runImpl(161)) - 43369f36-6a0f-45ae-a8eb-f0d390948370@group-7E155E250634-FollowerState: change to CANDIDATE, lastRpcElapsedTime:1108261123ns, electionTimeout:1108ms
2025-10-10 10:38:12,944 [43369f36-6a0f-45ae-a8eb-f0d390948370@group-7E155E250634-FollowerState] INFO  impl.RoleInfo (RoleInfo.java:shutdownFollowerState(121)) - 43369f36-6a0f-45ae-a8eb-f0d390948370: shutdown 43369f36-6a0f-45ae-a8eb-f0d390948370@group-7E155E250634-FollowerState
2025-10-10 10:38:12,944 [43369f36-6a0f-45ae-a8eb-f0d390948370@group-7E155E250634-FollowerState] INFO  server.RaftServer$Division (RaftServerImpl.java:setRole(392)) - 43369f36-6a0f-45ae-a8eb-f0d390948370@group-7E155E250634: changes role from  FOLLOWER to CANDIDATE at term 2 for changeToCandidate
2025-10-10 10:38:12,945 [43369f36-6a0f-45ae-a8eb-f0d390948370@group-7E155E250634-FollowerState] INFO  impl.RoleInfo (RoleInfo.java:updateAndGet(148)) - 43369f36-6a0f-45ae-a8eb-f0d390948370: start 43369f36-6a0f-45ae-a8eb-f0d390948370@group-7E155E250634-LeaderElection53
2025-10-10 10:38:12,945 [43369f36-6a0f-45ae-a8eb-f0d390948370@group-7E155E250634-LeaderElection53] INFO  impl.LeaderElection (LeaderElection.java:askForVotes(448)) - 43369f36-6a0f-45ae-a8eb-f0d390948370@group-7E155E250634-LeaderElection53 PRE_VOTE round 0: submit vote requests at term 2 for conf: {index: 5, cur=peers:[bb95c33f-a3cb-4bbe-957e-8163c1fc1114|127.0.0.1:15031, 1a301c79-b9ef-44e0-a0ae-b339f61819a5|127.0.0.1:15023, 43369f36-6a0f-45ae-a8eb-f0d390948370|127.0.0.1:15015]|listeners:[], old=null}
2025-10-10 10:38:12,946 [43369f36-6a0f-45ae-a8eb-f0d390948370@group-7E155E250634-LeaderElection53] INFO  impl.LeaderElection (LogUtils.java:infoOrTrace(142)) - 43369f36-6a0f-45ae-a8eb-f0d390948370@group-7E155E250634-LeaderElection53 got exception when requesting votes: java.util.concurrent.ExecutionException: org.apache.ratis.thirdparty.io.grpc.StatusRuntimeException: UNAVAILABLE: io exception
2025-10-10 10:38:12,946 [43369f36-6a0f-45ae-a8eb-f0d390948370@group-7E155E250634-LeaderElection53] INFO  impl.LeaderElection (LogUtils.java:infoOrTrace(142)) - 43369f36-6a0f-45ae-a8eb-f0d390948370@group-7E155E250634-LeaderElection53 got exception when requesting votes: java.util.concurrent.ExecutionException: org.apache.ratis.thirdparty.io.grpc.StatusRuntimeException: UNAVAILABLE: io exception
2025-10-10 10:38:12,946 [43369f36-6a0f-45ae-a8eb-f0d390948370@group-7E155E250634-LeaderElection53] INFO  impl.LeaderElection (LeaderElection.java:logAndReturn(206)) - 43369f36-6a0f-45ae-a8eb-f0d390948370@group-7E155E250634-LeaderElection53: PRE_VOTE REJECTED received 0 response(s) and 2 exception(s):
2025-10-10 10:38:12,946 [43369f36-6a0f-45ae-a8eb-f0d390948370@group-7E155E250634-LeaderElection53] INFO  impl.LeaderElection (LogUtils.java:infoOrTrace(142)) -   Exception 0: java.util.concurrent.ExecutionException: org.apache.ratis.thirdparty.io.grpc.StatusRuntimeException: UNAVAILABLE: io exception
2025-10-10 10:38:12,946 [43369f36-6a0f-45ae-a8eb-f0d390948370@group-7E155E250634-LeaderElection53] INFO  impl.LeaderElection (LogUtils.java:infoOrTrace(142)) -   Exception 1: java.util.concurrent.ExecutionException: org.apache.ratis.thirdparty.io.grpc.StatusRuntimeException: UNAVAILABLE: io exception
2025-10-10 10:38:12,946 [43369f36-6a0f-45ae-a8eb-f0d390948370@group-7E155E250634-LeaderElection53] INFO  impl.LeaderElection (LeaderElection.java:askForVotes(450)) - 43369f36-6a0f-45ae-a8eb-f0d390948370@group-7E155E250634-LeaderElection53 PRE_VOTE round 0: result REJECTED
2025-10-10 10:38:12,946 [43369f36-6a0f-45ae-a8eb-f0d390948370@group-7E155E250634-LeaderElection53] INFO  server.RaftServer$Division (RaftServerImpl.java:setRole(392)) - 43369f36-6a0f-45ae-a8eb-f0d390948370@group-7E155E250634: changes role from CANDIDATE to FOLLOWER at term 2 for REJECTED
2025-10-10 10:38:12,946 [43369f36-6a0f-45ae-a8eb-f0d390948370@group-7E155E250634-LeaderElection53] INFO  impl.RoleInfo (RoleInfo.java:shutdownLeaderElection(141)) - 43369f36-6a0f-45ae-a8eb-f0d390948370: shutdown 43369f36-6a0f-45ae-a8eb-f0d390948370@group-7E155E250634-LeaderElection53
2025-10-10 10:38:12,946 [43369f36-6a0f-45ae-a8eb-f0d390948370@group-7E155E250634-LeaderElection53] INFO  impl.RoleInfo (RoleInfo.java:updateAndGet(148)) - 43369f36-6a0f-45ae-a8eb-f0d390948370: start 43369f36-6a0f-45ae-a8eb-f0d390948370@group-7E155E250634-FollowerState
2025-10-10 10:38:13,766 [43369f36-6a0f-45ae-a8eb-f0d390948370@group-63ACBE5F7EDA-FollowerState] INFO  impl.FollowerState (FollowerState.java:runImpl(161)) - 43369f36-6a0f-45ae-a8eb-f0d390948370@group-63ACBE5F7EDA-FollowerState: change to CANDIDATE, lastRpcElapsedTime:1060314541ns, electionTimeout:1060ms
2025-10-10 10:38:13,766 [43369f36-6a0f-45ae-a8eb-f0d390948370@group-63ACBE5F7EDA-FollowerState] INFO  impl.RoleInfo (RoleInfo.java:shutdownFollowerState(121)) - 43369f36-6a0f-45ae-a8eb-f0d390948370: shutdown 43369f36-6a0f-45ae-a8eb-f0d390948370@group-63ACBE5F7EDA-FollowerState
2025-10-10 10:38:13,766 [43369f36-6a0f-45ae-a8eb-f0d390948370@group-63ACBE5F7EDA-FollowerState] INFO  server.RaftServer$Division (RaftServerImpl.java:setRole(392)) - 43369f36-6a0f-45ae-a8eb-f0d390948370@group-63ACBE5F7EDA: changes role from  FOLLOWER to CANDIDATE at term 1 for changeToCandidate
2025-10-10 10:38:13,766 [43369f36-6a0f-45ae-a8eb-f0d390948370@group-63ACBE5F7EDA-FollowerState] INFO  impl.RoleInfo (RoleInfo.java:updateAndGet(148)) - 43369f36-6a0f-45ae-a8eb-f0d390948370: start 43369f36-6a0f-45ae-a8eb-f0d390948370@group-63ACBE5F7EDA-LeaderElection54
2025-10-10 10:38:13,766 [43369f36-6a0f-45ae-a8eb-f0d390948370@group-63ACBE5F7EDA-LeaderElection54] INFO  impl.LeaderElection (LeaderElection.java:askForVotes(448)) - 43369f36-6a0f-45ae-a8eb-f0d390948370@group-63ACBE5F7EDA-LeaderElection54 PRE_VOTE round 0: submit vote requests at term 1 for conf: {index: 0, cur=peers:[bb95c33f-a3cb-4bbe-957e-8163c1fc1114|127.0.0.1:15031, 1a301c79-b9ef-44e0-a0ae-b339f61819a5|127.0.0.1:15023, 43369f36-6a0f-45ae-a8eb-f0d390948370|127.0.0.1:15015]|listeners:[], old=null}
2025-10-10 10:38:13,767 [43369f36-6a0f-45ae-a8eb-f0d390948370@group-63ACBE5F7EDA-LeaderElection54] INFO  impl.LeaderElection (LogUtils.java:infoOrTrace(142)) - 43369f36-6a0f-45ae-a8eb-f0d390948370@group-63ACBE5F7EDA-LeaderElection54 got exception when requesting votes: java.util.concurrent.ExecutionException: org.apache.ratis.thirdparty.io.grpc.StatusRuntimeException: UNAVAILABLE: io exception
2025-10-10 10:38:13,767 [43369f36-6a0f-45ae-a8eb-f0d390948370@group-63ACBE5F7EDA-LeaderElection54] INFO  impl.LeaderElection (LogUtils.java:infoOrTrace(142)) - 43369f36-6a0f-45ae-a8eb-f0d390948370@group-63ACBE5F7EDA-LeaderElection54 got exception when requesting votes: java.util.concurrent.ExecutionException: org.apache.ratis.thirdparty.io.grpc.StatusRuntimeException: UNAVAILABLE: io exception
2025-10-10 10:38:13,767 [43369f36-6a0f-45ae-a8eb-f0d390948370@group-63ACBE5F7EDA-LeaderElection54] INFO  impl.LeaderElection (LeaderElection.java:logAndReturn(206)) - 43369f36-6a0f-45ae-a8eb-f0d390948370@group-63ACBE5F7EDA-LeaderElection54: PRE_VOTE REJECTED received 0 response(s) and 2 exception(s):
2025-10-10 10:38:13,767 [43369f36-6a0f-45ae-a8eb-f0d390948370@group-63ACBE5F7EDA-LeaderElection54] INFO  impl.LeaderElection (LogUtils.java:infoOrTrace(142)) -   Exception 0: java.util.concurrent.ExecutionException: org.apache.ratis.thirdparty.io.grpc.StatusRuntimeException: UNAVAILABLE: io exception
2025-10-10 10:38:13,767 [43369f36-6a0f-45ae-a8eb-f0d390948370@group-63ACBE5F7EDA-LeaderElection54] INFO  impl.LeaderElection (LogUtils.java:infoOrTrace(142)) -   Exception 1: java.util.concurrent.ExecutionException: org.apache.ratis.thirdparty.io.grpc.StatusRuntimeException: UNAVAILABLE: io exception
2025-10-10 10:38:13,767 [43369f36-6a0f-45ae-a8eb-f0d390948370@group-63ACBE5F7EDA-LeaderElection54] INFO  impl.LeaderElection (LeaderElection.java:askForVotes(450)) - 43369f36-6a0f-45ae-a8eb-f0d390948370@group-63ACBE5F7EDA-LeaderElection54 PRE_VOTE round 0: result REJECTED
2025-10-10 10:38:13,767 [43369f36-6a0f-45ae-a8eb-f0d390948370@group-63ACBE5F7EDA-LeaderElection54] INFO  server.RaftServer$Division (RaftServerImpl.java:setRole(392)) - 43369f36-6a0f-45ae-a8eb-f0d390948370@group-63ACBE5F7EDA: changes role from CANDIDATE to FOLLOWER at term 1 for REJECTED
2025-10-10 10:38:13,767 [43369f36-6a0f-45ae-a8eb-f0d390948370@group-63ACBE5F7EDA-LeaderElection54] INFO  impl.RoleInfo (RoleInfo.java:shutdownLeaderElection(141)) - 43369f36-6a0f-45ae-a8eb-f0d390948370: shutdown 43369f36-6a0f-45ae-a8eb-f0d390948370@group-63ACBE5F7EDA-LeaderElection54
2025-10-10 10:38:13,768 [43369f36-6a0f-45ae-a8eb-f0d390948370@group-63ACBE5F7EDA-LeaderElection54] INFO  impl.RoleInfo (RoleInfo.java:updateAndGet(148)) - 43369f36-6a0f-45ae-a8eb-f0d390948370: start 43369f36-6a0f-45ae-a8eb-f0d390948370@group-63ACBE5F7EDA-FollowerState
2025-10-10 10:38:13,955 [43369f36-6a0f-45ae-a8eb-f0d390948370@group-7E155E250634-FollowerState] INFO  impl.FollowerState (FollowerState.java:runImpl(161)) - 43369f36-6a0f-45ae-a8eb-f0d390948370@group-7E155E250634-FollowerState: change to CANDIDATE, lastRpcElapsedTime:1008365745ns, electionTimeout:1008ms
2025-10-10 10:38:13,955 [43369f36-6a0f-45ae-a8eb-f0d390948370@group-7E155E250634-FollowerState] INFO  impl.RoleInfo (RoleInfo.java:shutdownFollowerState(121)) - 43369f36-6a0f-45ae-a8eb-f0d390948370: shutdown 43369f36-6a0f-45ae-a8eb-f0d390948370@group-7E155E250634-FollowerState
2025-10-10 10:38:13,955 [43369f36-6a0f-45ae-a8eb-f0d390948370@group-7E155E250634-FollowerState] INFO  server.RaftServer$Division (RaftServerImpl.java:setRole(392)) - 43369f36-6a0f-45ae-a8eb-f0d390948370@group-7E155E250634: changes role from  FOLLOWER to CANDIDATE at term 2 for changeToCandidate
2025-10-10 10:38:13,955 [43369f36-6a0f-45ae-a8eb-f0d390948370@group-7E155E250634-FollowerState] INFO  impl.RoleInfo (RoleInfo.java:updateAndGet(148)) - 43369f36-6a0f-45ae-a8eb-f0d390948370: start 43369f36-6a0f-45ae-a8eb-f0d390948370@group-7E155E250634-LeaderElection55
2025-10-10 10:38:13,955 [43369f36-6a0f-45ae-a8eb-f0d390948370@group-7E155E250634-LeaderElection55] INFO  impl.LeaderElection (LeaderElection.java:askForVotes(448)) - 43369f36-6a0f-45ae-a8eb-f0d390948370@group-7E155E250634-LeaderElection55 PRE_VOTE round 0: submit vote requests at term 2 for conf: {index: 5, cur=peers:[bb95c33f-a3cb-4bbe-957e-8163c1fc1114|127.0.0.1:15031, 1a301c79-b9ef-44e0-a0ae-b339f61819a5|127.0.0.1:15023, 43369f36-6a0f-45ae-a8eb-f0d390948370|127.0.0.1:15015]|listeners:[], old=null}
2025-10-10 10:38:13,956 [43369f36-6a0f-45ae-a8eb-f0d390948370@group-7E155E250634-LeaderElection55] INFO  impl.LeaderElection (LogUtils.java:infoOrTrace(142)) - 43369f36-6a0f-45ae-a8eb-f0d390948370@group-7E155E250634-LeaderElection55 got exception when requesting votes: java.util.concurrent.ExecutionException: org.apache.ratis.thirdparty.io.grpc.StatusRuntimeException: UNAVAILABLE: io exception
2025-10-10 10:38:13,956 [43369f36-6a0f-45ae-a8eb-f0d390948370@group-7E155E250634-LeaderElection55] INFO  impl.LeaderElection (LogUtils.java:infoOrTrace(142)) - 43369f36-6a0f-45ae-a8eb-f0d390948370@group-7E155E250634-LeaderElection55 got exception when requesting votes: java.util.concurrent.ExecutionException: org.apache.ratis.thirdparty.io.grpc.StatusRuntimeException: UNAVAILABLE: io exception
2025-10-10 10:38:13,956 [43369f36-6a0f-45ae-a8eb-f0d390948370@group-7E155E250634-LeaderElection55] INFO  impl.LeaderElection (LeaderElection.java:logAndReturn(206)) - 43369f36-6a0f-45ae-a8eb-f0d390948370@group-7E155E250634-LeaderElection55: PRE_VOTE REJECTED received 0 response(s) and 2 exception(s):
2025-10-10 10:38:13,956 [43369f36-6a0f-45ae-a8eb-f0d390948370@group-7E155E250634-LeaderElection55] INFO  impl.LeaderElection (LogUtils.java:infoOrTrace(142)) -   Exception 0: java.util.concurrent.ExecutionException: org.apache.ratis.thirdparty.io.grpc.StatusRuntimeException: UNAVAILABLE: io exception
2025-10-10 10:38:13,956 [43369f36-6a0f-45ae-a8eb-f0d390948370@group-7E155E250634-LeaderElection55] INFO  impl.LeaderElection (LogUtils.java:infoOrTrace(142)) -   Exception 1: java.util.concurrent.ExecutionException: org.apache.ratis.thirdparty.io.grpc.StatusRuntimeException: UNAVAILABLE: io exception
2025-10-10 10:38:13,956 [43369f36-6a0f-45ae-a8eb-f0d390948370@group-7E155E250634-LeaderElection55] INFO  impl.LeaderElection (LeaderElection.java:askForVotes(450)) - 43369f36-6a0f-45ae-a8eb-f0d390948370@group-7E155E250634-LeaderElection55 PRE_VOTE round 0: result REJECTED
2025-10-10 10:38:13,956 [43369f36-6a0f-45ae-a8eb-f0d390948370@group-7E155E250634-LeaderElection55] INFO  server.RaftServer$Division (RaftServerImpl.java:setRole(392)) - 43369f36-6a0f-45ae-a8eb-f0d390948370@group-7E155E250634: changes role from CANDIDATE to FOLLOWER at term 2 for REJECTED
2025-10-10 10:38:13,956 [43369f36-6a0f-45ae-a8eb-f0d390948370@group-7E155E250634-LeaderElection55] INFO  impl.RoleInfo (RoleInfo.java:shutdownLeaderElection(141)) - 43369f36-6a0f-45ae-a8eb-f0d390948370: shutdown 43369f36-6a0f-45ae-a8eb-f0d390948370@group-7E155E250634-LeaderElection55
2025-10-10 10:38:13,956 [43369f36-6a0f-45ae-a8eb-f0d390948370@group-7E155E250634-LeaderElection55] INFO  impl.RoleInfo (RoleInfo.java:updateAndGet(148)) - 43369f36-6a0f-45ae-a8eb-f0d390948370: start 43369f36-6a0f-45ae-a8eb-f0d390948370@group-7E155E250634-FollowerState
2025-10-10 10:38:14,854 [43369f36-6a0f-45ae-a8eb-f0d390948370@group-63ACBE5F7EDA-FollowerState] INFO  impl.FollowerState (FollowerState.java:runImpl(161)) - 43369f36-6a0f-45ae-a8eb-f0d390948370@group-63ACBE5F7EDA-FollowerState: change to CANDIDATE, lastRpcElapsedTime:1086361950ns, electionTimeout:1086ms
2025-10-10 10:38:14,854 [43369f36-6a0f-45ae-a8eb-f0d390948370@group-63ACBE5F7EDA-FollowerState] INFO  impl.RoleInfo (RoleInfo.java:shutdownFollowerState(121)) - 43369f36-6a0f-45ae-a8eb-f0d390948370: shutdown 43369f36-6a0f-45ae-a8eb-f0d390948370@group-63ACBE5F7EDA-FollowerState
2025-10-10 10:38:14,854 [43369f36-6a0f-45ae-a8eb-f0d390948370@group-63ACBE5F7EDA-FollowerState] INFO  server.RaftServer$Division (RaftServerImpl.java:setRole(392)) - 43369f36-6a0f-45ae-a8eb-f0d390948370@group-63ACBE5F7EDA: changes role from  FOLLOWER to CANDIDATE at term 1 for changeToCandidate
2025-10-10 10:38:14,854 [43369f36-6a0f-45ae-a8eb-f0d390948370@group-63ACBE5F7EDA-FollowerState] INFO  impl.RoleInfo (RoleInfo.java:updateAndGet(148)) - 43369f36-6a0f-45ae-a8eb-f0d390948370: start 43369f36-6a0f-45ae-a8eb-f0d390948370@group-63ACBE5F7EDA-LeaderElection56
2025-10-10 10:38:14,855 [43369f36-6a0f-45ae-a8eb-f0d390948370@group-63ACBE5F7EDA-LeaderElection56] INFO  impl.LeaderElection (LeaderElection.java:askForVotes(448)) - 43369f36-6a0f-45ae-a8eb-f0d390948370@group-63ACBE5F7EDA-LeaderElection56 PRE_VOTE round 0: submit vote requests at term 1 for conf: {index: 0, cur=peers:[bb95c33f-a3cb-4bbe-957e-8163c1fc1114|127.0.0.1:15031, 1a301c79-b9ef-44e0-a0ae-b339f61819a5|127.0.0.1:15023, 43369f36-6a0f-45ae-a8eb-f0d390948370|127.0.0.1:15015]|listeners:[], old=null}
2025-10-10 10:38:14,855 [43369f36-6a0f-45ae-a8eb-f0d390948370@group-63ACBE5F7EDA-LeaderElection56] INFO  impl.LeaderElection (LogUtils.java:infoOrTrace(142)) - 43369f36-6a0f-45ae-a8eb-f0d390948370@group-63ACBE5F7EDA-LeaderElection56 got exception when requesting votes: java.util.concurrent.ExecutionException: org.apache.ratis.thirdparty.io.grpc.StatusRuntimeException: UNAVAILABLE: io exception
2025-10-10 10:38:14,855 [43369f36-6a0f-45ae-a8eb-f0d390948370@group-63ACBE5F7EDA-LeaderElection56] INFO  impl.LeaderElection (LogUtils.java:infoOrTrace(142)) - 43369f36-6a0f-45ae-a8eb-f0d390948370@group-63ACBE5F7EDA-LeaderElection56 got exception when requesting votes: java.util.concurrent.ExecutionException: org.apache.ratis.thirdparty.io.grpc.StatusRuntimeException: UNAVAILABLE: io exception
2025-10-10 10:38:14,855 [43369f36-6a0f-45ae-a8eb-f0d390948370@group-63ACBE5F7EDA-LeaderElection56] INFO  impl.LeaderElection (LeaderElection.java:logAndReturn(206)) - 43369f36-6a0f-45ae-a8eb-f0d390948370@group-63ACBE5F7EDA-LeaderElection56: PRE_VOTE REJECTED received 0 response(s) and 2 exception(s):
2025-10-10 10:38:14,855 [43369f36-6a0f-45ae-a8eb-f0d390948370@group-63ACBE5F7EDA-LeaderElection56] INFO  impl.LeaderElection (LogUtils.java:infoOrTrace(142)) -   Exception 0: java.util.concurrent.ExecutionException: org.apache.ratis.thirdparty.io.grpc.StatusRuntimeException: UNAVAILABLE: io exception
2025-10-10 10:38:14,856 [43369f36-6a0f-45ae-a8eb-f0d390948370@group-63ACBE5F7EDA-LeaderElection56] INFO  impl.LeaderElection (LogUtils.java:infoOrTrace(142)) -   Exception 1: java.util.concurrent.ExecutionException: org.apache.ratis.thirdparty.io.grpc.StatusRuntimeException: UNAVAILABLE: io exception
2025-10-10 10:38:14,856 [43369f36-6a0f-45ae-a8eb-f0d390948370@group-63ACBE5F7EDA-LeaderElection56] INFO  impl.LeaderElection (LeaderElection.java:askForVotes(450)) - 43369f36-6a0f-45ae-a8eb-f0d390948370@group-63ACBE5F7EDA-LeaderElection56 PRE_VOTE round 0: result REJECTED
2025-10-10 10:38:14,856 [43369f36-6a0f-45ae-a8eb-f0d390948370@group-63ACBE5F7EDA-LeaderElection56] INFO  server.RaftServer$Division (RaftServerImpl.java:setRole(392)) - 43369f36-6a0f-45ae-a8eb-f0d390948370@group-63ACBE5F7EDA: changes role from CANDIDATE to FOLLOWER at term 1 for REJECTED
2025-10-10 10:38:14,856 [43369f36-6a0f-45ae-a8eb-f0d390948370@group-63ACBE5F7EDA-LeaderElection56] INFO  impl.RoleInfo (RoleInfo.java:shutdownLeaderElection(141)) - 43369f36-6a0f-45ae-a8eb-f0d390948370: shutdown 43369f36-6a0f-45ae-a8eb-f0d390948370@group-63ACBE5F7EDA-LeaderElection56
2025-10-10 10:38:14,856 [43369f36-6a0f-45ae-a8eb-f0d390948370@group-63ACBE5F7EDA-LeaderElection56] INFO  impl.RoleInfo (RoleInfo.java:updateAndGet(148)) - 43369f36-6a0f-45ae-a8eb-f0d390948370: start 43369f36-6a0f-45ae-a8eb-f0d390948370@group-63ACBE5F7EDA-FollowerState
2025-10-10 10:38:15,051 [43369f36-6a0f-45ae-a8eb-f0d390948370@group-7E155E250634-FollowerState] INFO  impl.FollowerState (FollowerState.java:runImpl(161)) - 43369f36-6a0f-45ae-a8eb-f0d390948370@group-7E155E250634-FollowerState: change to CANDIDATE, lastRpcElapsedTime:1094286462ns, electionTimeout:1094ms
2025-10-10 10:38:15,051 [43369f36-6a0f-45ae-a8eb-f0d390948370@group-7E155E250634-FollowerState] INFO  impl.RoleInfo (RoleInfo.java:shutdownFollowerState(121)) - 43369f36-6a0f-45ae-a8eb-f0d390948370: shutdown 43369f36-6a0f-45ae-a8eb-f0d390948370@group-7E155E250634-FollowerState
2025-10-10 10:38:15,051 [43369f36-6a0f-45ae-a8eb-f0d390948370@group-7E155E250634-FollowerState] INFO  server.RaftServer$Division (RaftServerImpl.java:setRole(392)) - 43369f36-6a0f-45ae-a8eb-f0d390948370@group-7E155E250634: changes role from  FOLLOWER to CANDIDATE at term 2 for changeToCandidate
2025-10-10 10:38:15,051 [43369f36-6a0f-45ae-a8eb-f0d390948370@group-7E155E250634-FollowerState] INFO  impl.RoleInfo (RoleInfo.java:updateAndGet(148)) - 43369f36-6a0f-45ae-a8eb-f0d390948370: start 43369f36-6a0f-45ae-a8eb-f0d390948370@group-7E155E250634-LeaderElection57
2025-10-10 10:38:15,052 [43369f36-6a0f-45ae-a8eb-f0d390948370@group-7E155E250634-LeaderElection57] INFO  impl.LeaderElection (LeaderElection.java:askForVotes(448)) - 43369f36-6a0f-45ae-a8eb-f0d390948370@group-7E155E250634-LeaderElection57 PRE_VOTE round 0: submit vote requests at term 2 for conf: {index: 5, cur=peers:[bb95c33f-a3cb-4bbe-957e-8163c1fc1114|127.0.0.1:15031, 1a301c79-b9ef-44e0-a0ae-b339f61819a5|127.0.0.1:15023, 43369f36-6a0f-45ae-a8eb-f0d390948370|127.0.0.1:15015]|listeners:[], old=null}
2025-10-10 10:38:15,052 [43369f36-6a0f-45ae-a8eb-f0d390948370@group-7E155E250634-LeaderElection57] INFO  impl.LeaderElection (LogUtils.java:infoOrTrace(142)) - 43369f36-6a0f-45ae-a8eb-f0d390948370@group-7E155E250634-LeaderElection57 got exception when requesting votes: java.util.concurrent.ExecutionException: org.apache.ratis.thirdparty.io.grpc.StatusRuntimeException: UNAVAILABLE: io exception
2025-10-10 10:38:15,052 [43369f36-6a0f-45ae-a8eb-f0d390948370@group-7E155E250634-LeaderElection57] INFO  impl.LeaderElection (LogUtils.java:infoOrTrace(142)) - 43369f36-6a0f-45ae-a8eb-f0d390948370@group-7E155E250634-LeaderElection57 got exception when requesting votes: java.util.concurrent.ExecutionException: org.apache.ratis.thirdparty.io.grpc.StatusRuntimeException: UNAVAILABLE: io exception
2025-10-10 10:38:15,052 [43369f36-6a0f-45ae-a8eb-f0d390948370@group-7E155E250634-LeaderElection57] INFO  impl.LeaderElection (LeaderElection.java:logAndReturn(206)) - 43369f36-6a0f-45ae-a8eb-f0d390948370@group-7E155E250634-LeaderElection57: PRE_VOTE REJECTED received 0 response(s) and 2 exception(s):
2025-10-10 10:38:15,052 [43369f36-6a0f-45ae-a8eb-f0d390948370@group-7E155E250634-LeaderElection57] INFO  impl.LeaderElection (LogUtils.java:infoOrTrace(142)) -   Exception 0: java.util.concurrent.ExecutionException: org.apache.ratis.thirdparty.io.grpc.StatusRuntimeException: UNAVAILABLE: io exception
2025-10-10 10:38:15,052 [43369f36-6a0f-45ae-a8eb-f0d390948370@group-7E155E250634-LeaderElection57] INFO  impl.LeaderElection (LogUtils.java:infoOrTrace(142)) -   Exception 1: java.util.concurrent.ExecutionException: org.apache.ratis.thirdparty.io.grpc.StatusRuntimeException: UNAVAILABLE: io exception
2025-10-10 10:38:15,053 [43369f36-6a0f-45ae-a8eb-f0d390948370@group-7E155E250634-LeaderElection57] INFO  impl.LeaderElection (LeaderElection.java:askForVotes(450)) - 43369f36-6a0f-45ae-a8eb-f0d390948370@group-7E155E250634-LeaderElection57 PRE_VOTE round 0: result REJECTED
2025-10-10 10:38:15,053 [43369f36-6a0f-45ae-a8eb-f0d390948370@group-7E155E250634-LeaderElection57] INFO  server.RaftServer$Division (RaftServerImpl.java:setRole(392)) - 43369f36-6a0f-45ae-a8eb-f0d390948370@group-7E155E250634: changes role from CANDIDATE to FOLLOWER at term 2 for REJECTED
2025-10-10 10:38:15,053 [43369f36-6a0f-45ae-a8eb-f0d390948370@group-7E155E250634-LeaderElection57] INFO  impl.RoleInfo (RoleInfo.java:shutdownLeaderElection(141)) - 43369f36-6a0f-45ae-a8eb-f0d390948370: shutdown 43369f36-6a0f-45ae-a8eb-f0d390948370@group-7E155E250634-LeaderElection57
2025-10-10 10:38:15,053 [43369f36-6a0f-45ae-a8eb-f0d390948370@group-7E155E250634-LeaderElection57] INFO  impl.RoleInfo (RoleInfo.java:updateAndGet(148)) - 43369f36-6a0f-45ae-a8eb-f0d390948370: start 43369f36-6a0f-45ae-a8eb-f0d390948370@group-7E155E250634-FollowerState
2025-10-10 10:38:15,991 [43369f36-6a0f-45ae-a8eb-f0d390948370@group-63ACBE5F7EDA-FollowerState] INFO  impl.FollowerState (FollowerState.java:runImpl(161)) - 43369f36-6a0f-45ae-a8eb-f0d390948370@group-63ACBE5F7EDA-FollowerState: change to CANDIDATE, lastRpcElapsedTime:1135225223ns, electionTimeout:1135ms
2025-10-10 10:38:15,991 [43369f36-6a0f-45ae-a8eb-f0d390948370@group-63ACBE5F7EDA-FollowerState] INFO  impl.RoleInfo (RoleInfo.java:shutdownFollowerState(121)) - 43369f36-6a0f-45ae-a8eb-f0d390948370: shutdown 43369f36-6a0f-45ae-a8eb-f0d390948370@group-63ACBE5F7EDA-FollowerState
2025-10-10 10:38:15,991 [43369f36-6a0f-45ae-a8eb-f0d390948370@group-63ACBE5F7EDA-FollowerState] INFO  server.RaftServer$Division (RaftServerImpl.java:setRole(392)) - 43369f36-6a0f-45ae-a8eb-f0d390948370@group-63ACBE5F7EDA: changes role from  FOLLOWER to CANDIDATE at term 1 for changeToCandidate
2025-10-10 10:38:15,991 [43369f36-6a0f-45ae-a8eb-f0d390948370@group-63ACBE5F7EDA-FollowerState] INFO  impl.RoleInfo (RoleInfo.java:updateAndGet(148)) - 43369f36-6a0f-45ae-a8eb-f0d390948370: start 43369f36-6a0f-45ae-a8eb-f0d390948370@group-63ACBE5F7EDA-LeaderElection58
2025-10-10 10:38:15,992 [43369f36-6a0f-45ae-a8eb-f0d390948370@group-63ACBE5F7EDA-LeaderElection58] INFO  impl.LeaderElection (LeaderElection.java:askForVotes(448)) - 43369f36-6a0f-45ae-a8eb-f0d390948370@group-63ACBE5F7EDA-LeaderElection58 PRE_VOTE round 0: submit vote requests at term 1 for conf: {index: 0, cur=peers:[bb95c33f-a3cb-4bbe-957e-8163c1fc1114|127.0.0.1:15031, 1a301c79-b9ef-44e0-a0ae-b339f61819a5|127.0.0.1:15023, 43369f36-6a0f-45ae-a8eb-f0d390948370|127.0.0.1:15015]|listeners:[], old=null}
2025-10-10 10:38:15,993 [43369f36-6a0f-45ae-a8eb-f0d390948370@group-63ACBE5F7EDA-LeaderElection58] INFO  impl.LeaderElection (LogUtils.java:infoOrTrace(142)) - 43369f36-6a0f-45ae-a8eb-f0d390948370@group-63ACBE5F7EDA-LeaderElection58 got exception when requesting votes: java.util.concurrent.ExecutionException: org.apache.ratis.thirdparty.io.grpc.StatusRuntimeException: UNAVAILABLE: io exception
2025-10-10 10:38:15,993 [43369f36-6a0f-45ae-a8eb-f0d390948370@group-63ACBE5F7EDA-LeaderElection58] INFO  impl.LeaderElection (LogUtils.java:infoOrTrace(142)) - 43369f36-6a0f-45ae-a8eb-f0d390948370@group-63ACBE5F7EDA-LeaderElection58 got exception when requesting votes: java.util.concurrent.ExecutionException: org.apache.ratis.thirdparty.io.grpc.StatusRuntimeException: UNAVAILABLE: io exception
2025-10-10 10:38:15,993 [43369f36-6a0f-45ae-a8eb-f0d390948370@group-63ACBE5F7EDA-LeaderElection58] INFO  impl.LeaderElection (LeaderElection.java:logAndReturn(206)) - 43369f36-6a0f-45ae-a8eb-f0d390948370@group-63ACBE5F7EDA-LeaderElection58: PRE_VOTE REJECTED received 0 response(s) and 2 exception(s):
2025-10-10 10:38:15,993 [43369f36-6a0f-45ae-a8eb-f0d390948370@group-63ACBE5F7EDA-LeaderElection58] INFO  impl.LeaderElection (LogUtils.java:infoOrTrace(142)) -   Exception 0: java.util.concurrent.ExecutionException: org.apache.ratis.thirdparty.io.grpc.StatusRuntimeException: UNAVAILABLE: io exception
2025-10-10 10:38:15,993 [43369f36-6a0f-45ae-a8eb-f0d390948370@group-63ACBE5F7EDA-LeaderElection58] INFO  impl.LeaderElection (LogUtils.java:infoOrTrace(142)) -   Exception 1: java.util.concurrent.ExecutionException: org.apache.ratis.thirdparty.io.grpc.StatusRuntimeException: UNAVAILABLE: io exception
2025-10-10 10:38:15,993 [43369f36-6a0f-45ae-a8eb-f0d390948370@group-63ACBE5F7EDA-LeaderElection58] INFO  impl.LeaderElection (LeaderElection.java:askForVotes(450)) - 43369f36-6a0f-45ae-a8eb-f0d390948370@group-63ACBE5F7EDA-LeaderElection58 PRE_VOTE round 0: result REJECTED
2025-10-10 10:38:15,993 [43369f36-6a0f-45ae-a8eb-f0d390948370@group-63ACBE5F7EDA-LeaderElection58] INFO  server.RaftServer$Division (RaftServerImpl.java:setRole(392)) - 43369f36-6a0f-45ae-a8eb-f0d390948370@group-63ACBE5F7EDA: changes role from CANDIDATE to FOLLOWER at term 1 for REJECTED
2025-10-10 10:38:15,993 [43369f36-6a0f-45ae-a8eb-f0d390948370@group-63ACBE5F7EDA-LeaderElection58] INFO  impl.RoleInfo (RoleInfo.java:shutdownLeaderElection(141)) - 43369f36-6a0f-45ae-a8eb-f0d390948370: shutdown 43369f36-6a0f-45ae-a8eb-f0d390948370@group-63ACBE5F7EDA-LeaderElection58
2025-10-10 10:38:15,993 [43369f36-6a0f-45ae-a8eb-f0d390948370@group-63ACBE5F7EDA-LeaderElection58] INFO  impl.RoleInfo (RoleInfo.java:updateAndGet(148)) - 43369f36-6a0f-45ae-a8eb-f0d390948370: start 43369f36-6a0f-45ae-a8eb-f0d390948370@group-63ACBE5F7EDA-FollowerState
2025-10-10 10:38:16,219 [43369f36-6a0f-45ae-a8eb-f0d390948370@group-7E155E250634-FollowerState] INFO  impl.FollowerState (FollowerState.java:runImpl(161)) - 43369f36-6a0f-45ae-a8eb-f0d390948370@group-7E155E250634-FollowerState: change to CANDIDATE, lastRpcElapsedTime:1166382319ns, electionTimeout:1166ms
2025-10-10 10:38:16,219 [43369f36-6a0f-45ae-a8eb-f0d390948370@group-7E155E250634-FollowerState] INFO  impl.RoleInfo (RoleInfo.java:shutdownFollowerState(121)) - 43369f36-6a0f-45ae-a8eb-f0d390948370: shutdown 43369f36-6a0f-45ae-a8eb-f0d390948370@group-7E155E250634-FollowerState
2025-10-10 10:38:16,219 [43369f36-6a0f-45ae-a8eb-f0d390948370@group-7E155E250634-FollowerState] INFO  server.RaftServer$Division (RaftServerImpl.java:setRole(392)) - 43369f36-6a0f-45ae-a8eb-f0d390948370@group-7E155E250634: changes role from  FOLLOWER to CANDIDATE at term 2 for changeToCandidate
2025-10-10 10:38:16,220 [43369f36-6a0f-45ae-a8eb-f0d390948370@group-7E155E250634-FollowerState] INFO  impl.RoleInfo (RoleInfo.java:updateAndGet(148)) - 43369f36-6a0f-45ae-a8eb-f0d390948370: start 43369f36-6a0f-45ae-a8eb-f0d390948370@group-7E155E250634-LeaderElection59
2025-10-10 10:38:16,220 [43369f36-6a0f-45ae-a8eb-f0d390948370@group-7E155E250634-LeaderElection59] INFO  impl.LeaderElection (LeaderElection.java:askForVotes(448)) - 43369f36-6a0f-45ae-a8eb-f0d390948370@group-7E155E250634-LeaderElection59 PRE_VOTE round 0: submit vote requests at term 2 for conf: {index: 5, cur=peers:[bb95c33f-a3cb-4bbe-957e-8163c1fc1114|127.0.0.1:15031, 1a301c79-b9ef-44e0-a0ae-b339f61819a5|127.0.0.1:15023, 43369f36-6a0f-45ae-a8eb-f0d390948370|127.0.0.1:15015]|listeners:[], old=null}
2025-10-10 10:38:16,221 [43369f36-6a0f-45ae-a8eb-f0d390948370@group-7E155E250634-LeaderElection59] INFO  impl.LeaderElection (LogUtils.java:infoOrTrace(142)) - 43369f36-6a0f-45ae-a8eb-f0d390948370@group-7E155E250634-LeaderElection59 got exception when requesting votes: java.util.concurrent.ExecutionException: org.apache.ratis.thirdparty.io.grpc.StatusRuntimeException: UNAVAILABLE: io exception
2025-10-10 10:38:16,221 [43369f36-6a0f-45ae-a8eb-f0d390948370@group-7E155E250634-LeaderElection59] INFO  impl.LeaderElection (LogUtils.java:infoOrTrace(142)) - 43369f36-6a0f-45ae-a8eb-f0d390948370@group-7E155E250634-LeaderElection59 got exception when requesting votes: java.util.concurrent.ExecutionException: org.apache.ratis.thirdparty.io.grpc.StatusRuntimeException: UNAVAILABLE: io exception
2025-10-10 10:38:16,221 [43369f36-6a0f-45ae-a8eb-f0d390948370@group-7E155E250634-LeaderElection59] INFO  impl.LeaderElection (LeaderElection.java:logAndReturn(206)) - 43369f36-6a0f-45ae-a8eb-f0d390948370@group-7E155E250634-LeaderElection59: PRE_VOTE REJECTED received 0 response(s) and 2 exception(s):
2025-10-10 10:38:16,221 [43369f36-6a0f-45ae-a8eb-f0d390948370@group-7E155E250634-LeaderElection59] INFO  impl.LeaderElection (LogUtils.java:infoOrTrace(142)) -   Exception 0: java.util.concurrent.ExecutionException: org.apache.ratis.thirdparty.io.grpc.StatusRuntimeException: UNAVAILABLE: io exception
2025-10-10 10:38:16,221 [43369f36-6a0f-45ae-a8eb-f0d390948370@group-7E155E250634-LeaderElection59] INFO  impl.LeaderElection (LogUtils.java:infoOrTrace(142)) -   Exception 1: java.util.concurrent.ExecutionException: org.apache.ratis.thirdparty.io.grpc.StatusRuntimeException: UNAVAILABLE: io exception
2025-10-10 10:38:16,221 [43369f36-6a0f-45ae-a8eb-f0d390948370@group-7E155E250634-LeaderElection59] INFO  impl.LeaderElection (LeaderElection.java:askForVotes(450)) - 43369f36-6a0f-45ae-a8eb-f0d390948370@group-7E155E250634-LeaderElection59 PRE_VOTE round 0: result REJECTED
2025-10-10 10:38:16,221 [43369f36-6a0f-45ae-a8eb-f0d390948370@group-7E155E250634-LeaderElection59] INFO  server.RaftServer$Division (RaftServerImpl.java:setRole(392)) - 43369f36-6a0f-45ae-a8eb-f0d390948370@group-7E155E250634: changes role from CANDIDATE to FOLLOWER at term 2 for REJECTED
2025-10-10 10:38:16,221 [43369f36-6a0f-45ae-a8eb-f0d390948370@group-7E155E250634-LeaderElection59] INFO  impl.RoleInfo (RoleInfo.java:shutdownLeaderElection(141)) - 43369f36-6a0f-45ae-a8eb-f0d390948370: shutdown 43369f36-6a0f-45ae-a8eb-f0d390948370@group-7E155E250634-LeaderElection59
2025-10-10 10:38:16,221 [43369f36-6a0f-45ae-a8eb-f0d390948370@group-7E155E250634-LeaderElection59] INFO  impl.RoleInfo (RoleInfo.java:updateAndGet(148)) - 43369f36-6a0f-45ae-a8eb-f0d390948370: start 43369f36-6a0f-45ae-a8eb-f0d390948370@group-7E155E250634-FollowerState
2025-10-10 10:38:17,146 [43369f36-6a0f-45ae-a8eb-f0d390948370@group-63ACBE5F7EDA-FollowerState] INFO  impl.FollowerState (FollowerState.java:runImpl(161)) - 43369f36-6a0f-45ae-a8eb-f0d390948370@group-63ACBE5F7EDA-FollowerState: change to CANDIDATE, lastRpcElapsedTime:1153268143ns, electionTimeout:1153ms
2025-10-10 10:38:17,147 [43369f36-6a0f-45ae-a8eb-f0d390948370@group-63ACBE5F7EDA-FollowerState] INFO  impl.RoleInfo (RoleInfo.java:shutdownFollowerState(121)) - 43369f36-6a0f-45ae-a8eb-f0d390948370: shutdown 43369f36-6a0f-45ae-a8eb-f0d390948370@group-63ACBE5F7EDA-FollowerState
2025-10-10 10:38:17,147 [43369f36-6a0f-45ae-a8eb-f0d390948370@group-63ACBE5F7EDA-FollowerState] INFO  server.RaftServer$Division (RaftServerImpl.java:setRole(392)) - 43369f36-6a0f-45ae-a8eb-f0d390948370@group-63ACBE5F7EDA: changes role from  FOLLOWER to CANDIDATE at term 1 for changeToCandidate
2025-10-10 10:38:17,147 [43369f36-6a0f-45ae-a8eb-f0d390948370@group-63ACBE5F7EDA-FollowerState] INFO  impl.RoleInfo (RoleInfo.java:updateAndGet(148)) - 43369f36-6a0f-45ae-a8eb-f0d390948370: start 43369f36-6a0f-45ae-a8eb-f0d390948370@group-63ACBE5F7EDA-LeaderElection60
2025-10-10 10:38:17,147 [43369f36-6a0f-45ae-a8eb-f0d390948370@group-63ACBE5F7EDA-LeaderElection60] INFO  impl.LeaderElection (LeaderElection.java:askForVotes(448)) - 43369f36-6a0f-45ae-a8eb-f0d390948370@group-63ACBE5F7EDA-LeaderElection60 PRE_VOTE round 0: submit vote requests at term 1 for conf: {index: 0, cur=peers:[bb95c33f-a3cb-4bbe-957e-8163c1fc1114|127.0.0.1:15031, 1a301c79-b9ef-44e0-a0ae-b339f61819a5|127.0.0.1:15023, 43369f36-6a0f-45ae-a8eb-f0d390948370|127.0.0.1:15015]|listeners:[], old=null}
2025-10-10 10:38:17,148 [43369f36-6a0f-45ae-a8eb-f0d390948370@group-63ACBE5F7EDA-LeaderElection60] INFO  impl.LeaderElection (LogUtils.java:infoOrTrace(142)) - 43369f36-6a0f-45ae-a8eb-f0d390948370@group-63ACBE5F7EDA-LeaderElection60 got exception when requesting votes: java.util.concurrent.ExecutionException: org.apache.ratis.thirdparty.io.grpc.StatusRuntimeException: UNAVAILABLE: io exception
2025-10-10 10:38:17,148 [43369f36-6a0f-45ae-a8eb-f0d390948370@group-63ACBE5F7EDA-LeaderElection60] INFO  impl.LeaderElection (LogUtils.java:infoOrTrace(142)) - 43369f36-6a0f-45ae-a8eb-f0d390948370@group-63ACBE5F7EDA-LeaderElection60 got exception when requesting votes: java.util.concurrent.ExecutionException: org.apache.ratis.thirdparty.io.grpc.StatusRuntimeException: UNAVAILABLE: io exception
2025-10-10 10:38:17,148 [43369f36-6a0f-45ae-a8eb-f0d390948370@group-63ACBE5F7EDA-LeaderElection60] INFO  impl.LeaderElection (LeaderElection.java:logAndReturn(206)) - 43369f36-6a0f-45ae-a8eb-f0d390948370@group-63ACBE5F7EDA-LeaderElection60: PRE_VOTE REJECTED received 0 response(s) and 2 exception(s):
2025-10-10 10:38:17,148 [43369f36-6a0f-45ae-a8eb-f0d390948370@group-63ACBE5F7EDA-LeaderElection60] INFO  impl.LeaderElection (LogUtils.java:infoOrTrace(142)) -   Exception 0: java.util.concurrent.ExecutionException: org.apache.ratis.thirdparty.io.grpc.StatusRuntimeException: UNAVAILABLE: io exception
2025-10-10 10:38:17,148 [43369f36-6a0f-45ae-a8eb-f0d390948370@group-63ACBE5F7EDA-LeaderElection60] INFO  impl.LeaderElection (LogUtils.java:infoOrTrace(142)) -   Exception 1: java.util.concurrent.ExecutionException: org.apache.ratis.thirdparty.io.grpc.StatusRuntimeException: UNAVAILABLE: io exception
2025-10-10 10:38:17,148 [43369f36-6a0f-45ae-a8eb-f0d390948370@group-63ACBE5F7EDA-LeaderElection60] INFO  impl.LeaderElection (LeaderElection.java:askForVotes(450)) - 43369f36-6a0f-45ae-a8eb-f0d390948370@group-63ACBE5F7EDA-LeaderElection60 PRE_VOTE round 0: result REJECTED
2025-10-10 10:38:17,148 [43369f36-6a0f-45ae-a8eb-f0d390948370@group-63ACBE5F7EDA-LeaderElection60] INFO  server.RaftServer$Division (RaftServerImpl.java:setRole(392)) - 43369f36-6a0f-45ae-a8eb-f0d390948370@group-63ACBE5F7EDA: changes role from CANDIDATE to FOLLOWER at term 1 for REJECTED
2025-10-10 10:38:17,149 [43369f36-6a0f-45ae-a8eb-f0d390948370@group-63ACBE5F7EDA-LeaderElection60] INFO  impl.RoleInfo (RoleInfo.java:shutdownLeaderElection(141)) - 43369f36-6a0f-45ae-a8eb-f0d390948370: shutdown 43369f36-6a0f-45ae-a8eb-f0d390948370@group-63ACBE5F7EDA-LeaderElection60
2025-10-10 10:38:17,149 [43369f36-6a0f-45ae-a8eb-f0d390948370@group-63ACBE5F7EDA-LeaderElection60] INFO  impl.RoleInfo (RoleInfo.java:updateAndGet(148)) - 43369f36-6a0f-45ae-a8eb-f0d390948370: start 43369f36-6a0f-45ae-a8eb-f0d390948370@group-63ACBE5F7EDA-FollowerState
2025-10-10 10:38:17,241 [43369f36-6a0f-45ae-a8eb-f0d390948370@group-7E155E250634-FollowerState] INFO  impl.FollowerState (FollowerState.java:runImpl(161)) - 43369f36-6a0f-45ae-a8eb-f0d390948370@group-7E155E250634-FollowerState: change to CANDIDATE, lastRpcElapsedTime:1019427172ns, electionTimeout:1019ms
2025-10-10 10:38:17,241 [43369f36-6a0f-45ae-a8eb-f0d390948370@group-7E155E250634-FollowerState] INFO  impl.RoleInfo (RoleInfo.java:shutdownFollowerState(121)) - 43369f36-6a0f-45ae-a8eb-f0d390948370: shutdown 43369f36-6a0f-45ae-a8eb-f0d390948370@group-7E155E250634-FollowerState
2025-10-10 10:38:17,241 [43369f36-6a0f-45ae-a8eb-f0d390948370@group-7E155E250634-FollowerState] INFO  server.RaftServer$Division (RaftServerImpl.java:setRole(392)) - 43369f36-6a0f-45ae-a8eb-f0d390948370@group-7E155E250634: changes role from  FOLLOWER to CANDIDATE at term 2 for changeToCandidate
2025-10-10 10:38:17,241 [43369f36-6a0f-45ae-a8eb-f0d390948370@group-7E155E250634-FollowerState] INFO  impl.RoleInfo (RoleInfo.java:updateAndGet(148)) - 43369f36-6a0f-45ae-a8eb-f0d390948370: start 43369f36-6a0f-45ae-a8eb-f0d390948370@group-7E155E250634-LeaderElection61
2025-10-10 10:38:17,242 [43369f36-6a0f-45ae-a8eb-f0d390948370@group-7E155E250634-LeaderElection61] INFO  impl.LeaderElection (LeaderElection.java:askForVotes(448)) - 43369f36-6a0f-45ae-a8eb-f0d390948370@group-7E155E250634-LeaderElection61 PRE_VOTE round 0: submit vote requests at term 2 for conf: {index: 5, cur=peers:[bb95c33f-a3cb-4bbe-957e-8163c1fc1114|127.0.0.1:15031, 1a301c79-b9ef-44e0-a0ae-b339f61819a5|127.0.0.1:15023, 43369f36-6a0f-45ae-a8eb-f0d390948370|127.0.0.1:15015]|listeners:[], old=null}
2025-10-10 10:38:17,242 [43369f36-6a0f-45ae-a8eb-f0d390948370@group-7E155E250634-LeaderElection61] INFO  impl.LeaderElection (LogUtils.java:infoOrTrace(142)) - 43369f36-6a0f-45ae-a8eb-f0d390948370@group-7E155E250634-LeaderElection61 got exception when requesting votes: java.util.concurrent.ExecutionException: org.apache.ratis.thirdparty.io.grpc.StatusRuntimeException: UNAVAILABLE: io exception
2025-10-10 10:38:17,243 [43369f36-6a0f-45ae-a8eb-f0d390948370@group-7E155E250634-LeaderElection61] INFO  impl.LeaderElection (LogUtils.java:infoOrTrace(142)) - 43369f36-6a0f-45ae-a8eb-f0d390948370@group-7E155E250634-LeaderElection61 got exception when requesting votes: java.util.concurrent.ExecutionException: org.apache.ratis.thirdparty.io.grpc.StatusRuntimeException: UNAVAILABLE: io exception
2025-10-10 10:38:17,243 [43369f36-6a0f-45ae-a8eb-f0d390948370@group-7E155E250634-LeaderElection61] INFO  impl.LeaderElection (LeaderElection.java:logAndReturn(206)) - 43369f36-6a0f-45ae-a8eb-f0d390948370@group-7E155E250634-LeaderElection61: PRE_VOTE REJECTED received 0 response(s) and 2 exception(s):
2025-10-10 10:38:17,243 [43369f36-6a0f-45ae-a8eb-f0d390948370@group-7E155E250634-LeaderElection61] INFO  impl.LeaderElection (LogUtils.java:infoOrTrace(142)) -   Exception 0: java.util.concurrent.ExecutionException: org.apache.ratis.thirdparty.io.grpc.StatusRuntimeException: UNAVAILABLE: io exception
2025-10-10 10:38:17,243 [43369f36-6a0f-45ae-a8eb-f0d390948370@group-7E155E250634-LeaderElection61] INFO  impl.LeaderElection (LogUtils.java:infoOrTrace(142)) -   Exception 1: java.util.concurrent.ExecutionException: org.apache.ratis.thirdparty.io.grpc.StatusRuntimeException: UNAVAILABLE: io exception
2025-10-10 10:38:17,243 [43369f36-6a0f-45ae-a8eb-f0d390948370@group-7E155E250634-LeaderElection61] INFO  impl.LeaderElection (LeaderElection.java:askForVotes(450)) - 43369f36-6a0f-45ae-a8eb-f0d390948370@group-7E155E250634-LeaderElection61 PRE_VOTE round 0: result REJECTED
2025-10-10 10:38:17,243 [43369f36-6a0f-45ae-a8eb-f0d390948370@group-7E155E250634-LeaderElection61] INFO  server.RaftServer$Division (RaftServerImpl.java:setRole(392)) - 43369f36-6a0f-45ae-a8eb-f0d390948370@group-7E155E250634: changes role from CANDIDATE to FOLLOWER at term 2 for REJECTED
2025-10-10 10:38:17,243 [43369f36-6a0f-45ae-a8eb-f0d390948370@group-7E155E250634-LeaderElection61] INFO  impl.RoleInfo (RoleInfo.java:shutdownLeaderElection(141)) - 43369f36-6a0f-45ae-a8eb-f0d390948370: shutdown 43369f36-6a0f-45ae-a8eb-f0d390948370@group-7E155E250634-LeaderElection61
2025-10-10 10:38:17,243 [43369f36-6a0f-45ae-a8eb-f0d390948370@group-7E155E250634-LeaderElection61] INFO  impl.RoleInfo (RoleInfo.java:updateAndGet(148)) - 43369f36-6a0f-45ae-a8eb-f0d390948370: start 43369f36-6a0f-45ae-a8eb-f0d390948370@group-7E155E250634-FollowerState
2025-10-10 10:38:17,851 [grpc-default-executor-3] ERROR impl.OrderedAsync (OrderedAsync.java:lambda$null$6(215)) -  client-E7C31156E772: Failed* RaftClientRequest:client-E7C31156E772->bb95c33f-a3cb-4bbe-957e-8163c1fc1114@group-7E155E250634, cid=22, seq=4*, RW, cmdType: WriteChunk traceID: "" containerID: 1 datanodeUuid: "bb95c33f-a3cb-4bbe-957e-8163c1fc1114" writeChunk { blockID { containerID: 1 localID: 115816896921600001 blockCommitSequenceId: 2 replicaIndex: 0 } chunkData { chunkName: "115816896921600001_chunk_2" offset: 1048576 len: 1048576 } } version: 3, data.size=1048576
java.util.concurrent.CompletionException: java.io.IOException: org.apache.ratis.thirdparty.io.grpc.StatusRuntimeException: UNAVAILABLE: io exception
	at java.base/java.util.concurrent.CompletableFuture.encodeThrowable(CompletableFuture.java:332)
	at java.base/java.util.concurrent.CompletableFuture.completeThrowable(CompletableFuture.java:347)
	at java.base/java.util.concurrent.CompletableFuture$UniAccept.tryFire(CompletableFuture.java:708)
	at java.base/java.util.concurrent.CompletableFuture.postComplete(CompletableFuture.java:510)
	at java.base/java.util.concurrent.CompletableFuture.completeExceptionally(CompletableFuture.java:2194)
	at org.apache.ratis.grpc.client.GrpcClientProtocolClient$AsyncStreamObservers.completeReplyExceptionally(GrpcClientProtocolClient.java:397)
	at org.apache.ratis.grpc.client.GrpcClientProtocolClient$AsyncStreamObservers.access$000(GrpcClientProtocolClient.java:303)
	at org.apache.ratis.grpc.client.GrpcClientProtocolClient$AsyncStreamObservers$1.onError(GrpcClientProtocolClient.java:334)
	at org.apache.ratis.thirdparty.io.grpc.stub.ClientCalls$StreamObserverToCallListenerAdapter.onClose(ClientCalls.java:564)
	at org.apache.ratis.thirdparty.io.grpc.PartialForwardingClientCallListener.onClose(PartialForwardingClientCallListener.java:39)
	at org.apache.ratis.thirdparty.io.grpc.ForwardingClientCallListener.onClose(ForwardingClientCallListener.java:23)
	at org.apache.ratis.grpc.metrics.intercept.client.MetricClientCallListener.onClose(MetricClientCallListener.java:47)
	at org.apache.ratis.thirdparty.io.grpc.internal.ClientCallImpl.closeObserver(ClientCallImpl.java:565)
	at org.apache.ratis.thirdparty.io.grpc.internal.ClientCallImpl.access$100(ClientCallImpl.java:72)
	at org.apache.ratis.thirdparty.io.grpc.internal.ClientCallImpl$ClientStreamListenerImpl$1StreamClosed.runInternal(ClientCallImpl.java:733)
	at org.apache.ratis.thirdparty.io.grpc.internal.ClientCallImpl$ClientStreamListenerImpl$1StreamClosed.runInContext(ClientCallImpl.java:714)
	at org.apache.ratis.thirdparty.io.grpc.internal.ContextRunnable.run(ContextRunnable.java:37)
	at org.apache.ratis.thirdparty.io.grpc.internal.SerializingExecutor.run(SerializingExecutor.java:133)
	at java.base/java.util.concurrent.ThreadPoolExecutor.runWorker(ThreadPoolExecutor.java:1144)
	at java.base/java.util.concurrent.ThreadPoolExecutor$Worker.run(ThreadPoolExecutor.java:642)
	at java.base/java.lang.Thread.run(Thread.java:1583)
Caused by: java.io.IOException: org.apache.ratis.thirdparty.io.grpc.StatusRuntimeException: UNAVAILABLE: io exception
	at org.apache.ratis.grpc.GrpcUtil.unwrapException(GrpcUtil.java:99)
	at org.apache.ratis.grpc.GrpcUtil.unwrapIOException(GrpcUtil.java:159)
	at org.apache.ratis.grpc.client.GrpcClientProtocolClient$AsyncStreamObservers$1.onError(GrpcClientProtocolClient.java:333)
	... 13 more
Caused by: org.apache.ratis.thirdparty.io.grpc.StatusRuntimeException: UNAVAILABLE: io exception
	at org.apache.ratis.thirdparty.io.grpc.Status.asRuntimeException(Status.java:532)
	... 13 more
Caused by: org.apache.ratis.thirdparty.io.netty.channel.AbstractChannel$AnnotatedConnectException: finishConnect(..) failed: Connection refused: /127.0.0.1:15029
Caused by: java.net.ConnectException: finishConnect(..) failed: Connection refused
	at org.apache.ratis.thirdparty.io.netty.channel.unix.Errors.newConnectException0(Errors.java:166)
	at org.apache.ratis.thirdparty.io.netty.channel.unix.Errors.handleConnectErrno(Errors.java:131)
	at org.apache.ratis.thirdparty.io.netty.channel.unix.Socket.finishConnect(Socket.java:359)
	at org.apache.ratis.thirdparty.io.netty.channel.epoll.AbstractEpollChannel$AbstractEpollUnsafe.doFinishConnect(AbstractEpollChannel.java:715)
	at org.apache.ratis.thirdparty.io.netty.channel.epoll.AbstractEpollChannel$AbstractEpollUnsafe.finishConnect(AbstractEpollChannel.java:692)
	at org.apache.ratis.thirdparty.io.netty.channel.epoll.AbstractEpollChannel$AbstractEpollUnsafe.epollOutReady(AbstractEpollChannel.java:567)
	at org.apache.ratis.thirdparty.io.netty.channel.epoll.EpollEventLoop.processReady(EpollEventLoop.java:491)
	at org.apache.ratis.thirdparty.io.netty.channel.epoll.EpollEventLoop.run(EpollEventLoop.java:399)
	at org.apache.ratis.thirdparty.io.netty.util.concurrent.SingleThreadEventExecutor$4.run(SingleThreadEventExecutor.java:998)
	at org.apache.ratis.thirdparty.io.netty.util.internal.ThreadExecutorMap$2.run(ThreadExecutorMap.java:74)
	at org.apache.ratis.thirdparty.io.netty.util.concurrent.FastThreadLocalRunnable.run(FastThreadLocalRunnable.java:30)
	at java.base/java.lang.Thread.run(Thread.java:1583)
2025-10-10 10:38:18,185 [43369f36-6a0f-45ae-a8eb-f0d390948370@group-63ACBE5F7EDA-FollowerState] INFO  impl.FollowerState (FollowerState.java:runImpl(161)) - 43369f36-6a0f-45ae-a8eb-f0d390948370@group-63ACBE5F7EDA-FollowerState: change to CANDIDATE, lastRpcElapsedTime:1036346162ns, electionTimeout:1036ms
2025-10-10 10:38:18,185 [43369f36-6a0f-45ae-a8eb-f0d390948370@group-63ACBE5F7EDA-FollowerState] INFO  impl.RoleInfo (RoleInfo.java:shutdownFollowerState(121)) - 43369f36-6a0f-45ae-a8eb-f0d390948370: shutdown 43369f36-6a0f-45ae-a8eb-f0d390948370@group-63ACBE5F7EDA-FollowerState
2025-10-10 10:38:18,185 [43369f36-6a0f-45ae-a8eb-f0d390948370@group-63ACBE5F7EDA-FollowerState] INFO  server.RaftServer$Division (RaftServerImpl.java:setRole(392)) - 43369f36-6a0f-45ae-a8eb-f0d390948370@group-63ACBE5F7EDA: changes role from  FOLLOWER to CANDIDATE at term 1 for changeToCandidate
2025-10-10 10:38:18,185 [43369f36-6a0f-45ae-a8eb-f0d390948370@group-63ACBE5F7EDA-FollowerState] INFO  impl.RoleInfo (RoleInfo.java:updateAndGet(148)) - 43369f36-6a0f-45ae-a8eb-f0d390948370: start 43369f36-6a0f-45ae-a8eb-f0d390948370@group-63ACBE5F7EDA-LeaderElection62
2025-10-10 10:38:18,186 [43369f36-6a0f-45ae-a8eb-f0d390948370@group-63ACBE5F7EDA-LeaderElection62] INFO  impl.LeaderElection (LeaderElection.java:askForVotes(448)) - 43369f36-6a0f-45ae-a8eb-f0d390948370@group-63ACBE5F7EDA-LeaderElection62 PRE_VOTE round 0: submit vote requests at term 1 for conf: {index: 0, cur=peers:[bb95c33f-a3cb-4bbe-957e-8163c1fc1114|127.0.0.1:15031, 1a301c79-b9ef-44e0-a0ae-b339f61819a5|127.0.0.1:15023, 43369f36-6a0f-45ae-a8eb-f0d390948370|127.0.0.1:15015]|listeners:[], old=null}
2025-10-10 10:38:18,186 [43369f36-6a0f-45ae-a8eb-f0d390948370@group-63ACBE5F7EDA-LeaderElection62] INFO  impl.LeaderElection (LogUtils.java:infoOrTrace(142)) - 43369f36-6a0f-45ae-a8eb-f0d390948370@group-63ACBE5F7EDA-LeaderElection62 got exception when requesting votes: java.util.concurrent.ExecutionException: org.apache.ratis.thirdparty.io.grpc.StatusRuntimeException: UNAVAILABLE: io exception
2025-10-10 10:38:18,186 [43369f36-6a0f-45ae-a8eb-f0d390948370@group-63ACBE5F7EDA-LeaderElection62] INFO  impl.LeaderElection (LogUtils.java:infoOrTrace(142)) - 43369f36-6a0f-45ae-a8eb-f0d390948370@group-63ACBE5F7EDA-LeaderElection62 got exception when requesting votes: java.util.concurrent.ExecutionException: org.apache.ratis.thirdparty.io.grpc.StatusRuntimeException: UNAVAILABLE: io exception
2025-10-10 10:38:18,187 [43369f36-6a0f-45ae-a8eb-f0d390948370@group-63ACBE5F7EDA-LeaderElection62] INFO  impl.LeaderElection (LeaderElection.java:logAndReturn(206)) - 43369f36-6a0f-45ae-a8eb-f0d390948370@group-63ACBE5F7EDA-LeaderElection62: PRE_VOTE REJECTED received 0 response(s) and 2 exception(s):
2025-10-10 10:38:18,187 [43369f36-6a0f-45ae-a8eb-f0d390948370@group-63ACBE5F7EDA-LeaderElection62] INFO  impl.LeaderElection (LogUtils.java:infoOrTrace(142)) -   Exception 0: java.util.concurrent.ExecutionException: org.apache.ratis.thirdparty.io.grpc.StatusRuntimeException: UNAVAILABLE: io exception
2025-10-10 10:38:18,187 [43369f36-6a0f-45ae-a8eb-f0d390948370@group-63ACBE5F7EDA-LeaderElection62] INFO  impl.LeaderElection (LogUtils.java:infoOrTrace(142)) -   Exception 1: java.util.concurrent.ExecutionException: org.apache.ratis.thirdparty.io.grpc.StatusRuntimeException: UNAVAILABLE: io exception
2025-10-10 10:38:18,187 [43369f36-6a0f-45ae-a8eb-f0d390948370@group-63ACBE5F7EDA-LeaderElection62] INFO  impl.LeaderElection (LeaderElection.java:askForVotes(450)) - 43369f36-6a0f-45ae-a8eb-f0d390948370@group-63ACBE5F7EDA-LeaderElection62 PRE_VOTE round 0: result REJECTED
2025-10-10 10:38:18,187 [43369f36-6a0f-45ae-a8eb-f0d390948370@group-63ACBE5F7EDA-LeaderElection62] INFO  server.RaftServer$Division (RaftServerImpl.java:setRole(392)) - 43369f36-6a0f-45ae-a8eb-f0d390948370@group-63ACBE5F7EDA: changes role from CANDIDATE to FOLLOWER at term 1 for REJECTED
2025-10-10 10:38:18,187 [43369f36-6a0f-45ae-a8eb-f0d390948370@group-63ACBE5F7EDA-LeaderElection62] INFO  impl.RoleInfo (RoleInfo.java:shutdownLeaderElection(141)) - 43369f36-6a0f-45ae-a8eb-f0d390948370: shutdown 43369f36-6a0f-45ae-a8eb-f0d390948370@group-63ACBE5F7EDA-LeaderElection62
2025-10-10 10:38:18,187 [43369f36-6a0f-45ae-a8eb-f0d390948370@group-63ACBE5F7EDA-LeaderElection62] INFO  impl.RoleInfo (RoleInfo.java:updateAndGet(148)) - 43369f36-6a0f-45ae-a8eb-f0d390948370: start 43369f36-6a0f-45ae-a8eb-f0d390948370@group-63ACBE5F7EDA-FollowerState
2025-10-10 10:38:18,340 [43369f36-6a0f-45ae-a8eb-f0d390948370@group-7E155E250634-FollowerState] INFO  impl.FollowerState (FollowerState.java:runImpl(161)) - 43369f36-6a0f-45ae-a8eb-f0d390948370@group-7E155E250634-FollowerState: change to CANDIDATE, lastRpcElapsedTime:1097315801ns, electionTimeout:1097ms
2025-10-10 10:38:18,340 [43369f36-6a0f-45ae-a8eb-f0d390948370@group-7E155E250634-FollowerState] INFO  impl.RoleInfo (RoleInfo.java:shutdownFollowerState(121)) - 43369f36-6a0f-45ae-a8eb-f0d390948370: shutdown 43369f36-6a0f-45ae-a8eb-f0d390948370@group-7E155E250634-FollowerState
2025-10-10 10:38:18,341 [43369f36-6a0f-45ae-a8eb-f0d390948370@group-7E155E250634-FollowerState] INFO  server.RaftServer$Division (RaftServerImpl.java:setRole(392)) - 43369f36-6a0f-45ae-a8eb-f0d390948370@group-7E155E250634: changes role from  FOLLOWER to CANDIDATE at term 2 for changeToCandidate
2025-10-10 10:38:18,341 [43369f36-6a0f-45ae-a8eb-f0d390948370@group-7E155E250634-FollowerState] INFO  impl.RoleInfo (RoleInfo.java:updateAndGet(148)) - 43369f36-6a0f-45ae-a8eb-f0d390948370: start 43369f36-6a0f-45ae-a8eb-f0d390948370@group-7E155E250634-LeaderElection63
2025-10-10 10:38:18,341 [43369f36-6a0f-45ae-a8eb-f0d390948370@group-7E155E250634-LeaderElection63] INFO  impl.LeaderElection (LeaderElection.java:askForVotes(448)) - 43369f36-6a0f-45ae-a8eb-f0d390948370@group-7E155E250634-LeaderElection63 PRE_VOTE round 0: submit vote requests at term 2 for conf: {index: 5, cur=peers:[bb95c33f-a3cb-4bbe-957e-8163c1fc1114|127.0.0.1:15031, 1a301c79-b9ef-44e0-a0ae-b339f61819a5|127.0.0.1:15023, 43369f36-6a0f-45ae-a8eb-f0d390948370|127.0.0.1:15015]|listeners:[], old=null}
2025-10-10 10:38:18,342 [43369f36-6a0f-45ae-a8eb-f0d390948370@group-7E155E250634-LeaderElection63] INFO  impl.LeaderElection (LogUtils.java:infoOrTrace(142)) - 43369f36-6a0f-45ae-a8eb-f0d390948370@group-7E155E250634-LeaderElection63 got exception when requesting votes: java.util.concurrent.ExecutionException: org.apache.ratis.thirdparty.io.grpc.StatusRuntimeException: UNAVAILABLE: io exception
2025-10-10 10:38:18,342 [43369f36-6a0f-45ae-a8eb-f0d390948370@group-7E155E250634-LeaderElection63] INFO  impl.LeaderElection (LogUtils.java:infoOrTrace(142)) - 43369f36-6a0f-45ae-a8eb-f0d390948370@group-7E155E250634-LeaderElection63 got exception when requesting votes: java.util.concurrent.ExecutionException: org.apache.ratis.thirdparty.io.grpc.StatusRuntimeException: UNAVAILABLE: io exception
2025-10-10 10:38:18,342 [43369f36-6a0f-45ae-a8eb-f0d390948370@group-7E155E250634-LeaderElection63] INFO  impl.LeaderElection (LeaderElection.java:logAndReturn(206)) - 43369f36-6a0f-45ae-a8eb-f0d390948370@group-7E155E250634-LeaderElection63: PRE_VOTE REJECTED received 0 response(s) and 2 exception(s):
2025-10-10 10:38:18,342 [43369f36-6a0f-45ae-a8eb-f0d390948370@group-7E155E250634-LeaderElection63] INFO  impl.LeaderElection (LogUtils.java:infoOrTrace(142)) -   Exception 0: java.util.concurrent.ExecutionException: org.apache.ratis.thirdparty.io.grpc.StatusRuntimeException: UNAVAILABLE: io exception
2025-10-10 10:38:18,342 [43369f36-6a0f-45ae-a8eb-f0d390948370@group-7E155E250634-LeaderElection63] INFO  impl.LeaderElection (LogUtils.java:infoOrTrace(142)) -   Exception 1: java.util.concurrent.ExecutionException: org.apache.ratis.thirdparty.io.grpc.StatusRuntimeException: UNAVAILABLE: io exception
2025-10-10 10:38:18,342 [43369f36-6a0f-45ae-a8eb-f0d390948370@group-7E155E250634-LeaderElection63] INFO  impl.LeaderElection (LeaderElection.java:askForVotes(450)) - 43369f36-6a0f-45ae-a8eb-f0d390948370@group-7E155E250634-LeaderElection63 PRE_VOTE round 0: result REJECTED
2025-10-10 10:38:18,342 [43369f36-6a0f-45ae-a8eb-f0d390948370@group-7E155E250634-LeaderElection63] INFO  server.RaftServer$Division (RaftServerImpl.java:setRole(392)) - 43369f36-6a0f-45ae-a8eb-f0d390948370@group-7E155E250634: changes role from CANDIDATE to FOLLOWER at term 2 for REJECTED
2025-10-10 10:38:18,342 [43369f36-6a0f-45ae-a8eb-f0d390948370@group-7E155E250634-LeaderElection63] INFO  impl.RoleInfo (RoleInfo.java:shutdownLeaderElection(141)) - 43369f36-6a0f-45ae-a8eb-f0d390948370: shutdown 43369f36-6a0f-45ae-a8eb-f0d390948370@group-7E155E250634-LeaderElection63
2025-10-10 10:38:18,342 [43369f36-6a0f-45ae-a8eb-f0d390948370@group-7E155E250634-LeaderElection63] INFO  impl.RoleInfo (RoleInfo.java:updateAndGet(148)) - 43369f36-6a0f-45ae-a8eb-f0d390948370: start 43369f36-6a0f-45ae-a8eb-f0d390948370@group-7E155E250634-FollowerState
2025-10-10 10:38:19,297 [43369f36-6a0f-45ae-a8eb-f0d390948370@group-63ACBE5F7EDA-FollowerState] INFO  impl.FollowerState (FollowerState.java:runImpl(161)) - 43369f36-6a0f-45ae-a8eb-f0d390948370@group-63ACBE5F7EDA-FollowerState: change to CANDIDATE, lastRpcElapsedTime:1110265698ns, electionTimeout:1110ms
2025-10-10 10:38:19,297 [43369f36-6a0f-45ae-a8eb-f0d390948370@group-63ACBE5F7EDA-FollowerState] INFO  impl.RoleInfo (RoleInfo.java:shutdownFollowerState(121)) - 43369f36-6a0f-45ae-a8eb-f0d390948370: shutdown 43369f36-6a0f-45ae-a8eb-f0d390948370@group-63ACBE5F7EDA-FollowerState
2025-10-10 10:38:19,297 [43369f36-6a0f-45ae-a8eb-f0d390948370@group-63ACBE5F7EDA-FollowerState] INFO  server.RaftServer$Division (RaftServerImpl.java:setRole(392)) - 43369f36-6a0f-45ae-a8eb-f0d390948370@group-63ACBE5F7EDA: changes role from  FOLLOWER to CANDIDATE at term 1 for changeToCandidate
2025-10-10 10:38:19,298 [43369f36-6a0f-45ae-a8eb-f0d390948370@group-63ACBE5F7EDA-FollowerState] INFO  impl.RoleInfo (RoleInfo.java:updateAndGet(148)) - 43369f36-6a0f-45ae-a8eb-f0d390948370: start 43369f36-6a0f-45ae-a8eb-f0d390948370@group-63ACBE5F7EDA-LeaderElection64
2025-10-10 10:38:19,298 [43369f36-6a0f-45ae-a8eb-f0d390948370@group-63ACBE5F7EDA-LeaderElection64] INFO  impl.LeaderElection (LeaderElection.java:askForVotes(448)) - 43369f36-6a0f-45ae-a8eb-f0d390948370@group-63ACBE5F7EDA-LeaderElection64 PRE_VOTE round 0: submit vote requests at term 1 for conf: {index: 0, cur=peers:[bb95c33f-a3cb-4bbe-957e-8163c1fc1114|127.0.0.1:15031, 1a301c79-b9ef-44e0-a0ae-b339f61819a5|127.0.0.1:15023, 43369f36-6a0f-45ae-a8eb-f0d390948370|127.0.0.1:15015]|listeners:[], old=null}
2025-10-10 10:38:19,299 [43369f36-6a0f-45ae-a8eb-f0d390948370@group-63ACBE5F7EDA-LeaderElection64] INFO  impl.LeaderElection (LogUtils.java:infoOrTrace(142)) - 43369f36-6a0f-45ae-a8eb-f0d390948370@group-63ACBE5F7EDA-LeaderElection64 got exception when requesting votes: java.util.concurrent.ExecutionException: org.apache.ratis.thirdparty.io.grpc.StatusRuntimeException: UNAVAILABLE: io exception
2025-10-10 10:38:19,299 [43369f36-6a0f-45ae-a8eb-f0d390948370@group-63ACBE5F7EDA-LeaderElection64] INFO  impl.LeaderElection (LogUtils.java:infoOrTrace(142)) - 43369f36-6a0f-45ae-a8eb-f0d390948370@group-63ACBE5F7EDA-LeaderElection64 got exception when requesting votes: java.util.concurrent.ExecutionException: org.apache.ratis.thirdparty.io.grpc.StatusRuntimeException: UNAVAILABLE: io exception
2025-10-10 10:38:19,299 [43369f36-6a0f-45ae-a8eb-f0d390948370@group-63ACBE5F7EDA-LeaderElection64] INFO  impl.LeaderElection (LeaderElection.java:logAndReturn(206)) - 43369f36-6a0f-45ae-a8eb-f0d390948370@group-63ACBE5F7EDA-LeaderElection64: PRE_VOTE REJECTED received 0 response(s) and 2 exception(s):
2025-10-10 10:38:19,299 [43369f36-6a0f-45ae-a8eb-f0d390948370@group-63ACBE5F7EDA-LeaderElection64] INFO  impl.LeaderElection (LogUtils.java:infoOrTrace(142)) -   Exception 0: java.util.concurrent.ExecutionException: org.apache.ratis.thirdparty.io.grpc.StatusRuntimeException: UNAVAILABLE: io exception
2025-10-10 10:38:19,299 [43369f36-6a0f-45ae-a8eb-f0d390948370@group-63ACBE5F7EDA-LeaderElection64] INFO  impl.LeaderElection (LogUtils.java:infoOrTrace(142)) -   Exception 1: java.util.concurrent.ExecutionException: org.apache.ratis.thirdparty.io.grpc.StatusRuntimeException: UNAVAILABLE: io exception
2025-10-10 10:38:19,299 [43369f36-6a0f-45ae-a8eb-f0d390948370@group-63ACBE5F7EDA-LeaderElection64] INFO  impl.LeaderElection (LeaderElection.java:askForVotes(450)) - 43369f36-6a0f-45ae-a8eb-f0d390948370@group-63ACBE5F7EDA-LeaderElection64 PRE_VOTE round 0: result REJECTED
2025-10-10 10:38:19,299 [43369f36-6a0f-45ae-a8eb-f0d390948370@group-63ACBE5F7EDA-LeaderElection64] INFO  server.RaftServer$Division (RaftServerImpl.java:setRole(392)) - 43369f36-6a0f-45ae-a8eb-f0d390948370@group-63ACBE5F7EDA: changes role from CANDIDATE to FOLLOWER at term 1 for REJECTED
2025-10-10 10:38:19,299 [43369f36-6a0f-45ae-a8eb-f0d390948370@group-63ACBE5F7EDA-LeaderElection64] INFO  impl.RoleInfo (RoleInfo.java:shutdownLeaderElection(141)) - 43369f36-6a0f-45ae-a8eb-f0d390948370: shutdown 43369f36-6a0f-45ae-a8eb-f0d390948370@group-63ACBE5F7EDA-LeaderElection64
2025-10-10 10:38:19,299 [43369f36-6a0f-45ae-a8eb-f0d390948370@group-63ACBE5F7EDA-LeaderElection64] INFO  impl.RoleInfo (RoleInfo.java:updateAndGet(148)) - 43369f36-6a0f-45ae-a8eb-f0d390948370: start 43369f36-6a0f-45ae-a8eb-f0d390948370@group-63ACBE5F7EDA-FollowerState
2025-10-10 10:38:19,431 [43369f36-6a0f-45ae-a8eb-f0d390948370@group-7E155E250634-FollowerState] INFO  impl.FollowerState (FollowerState.java:runImpl(161)) - 43369f36-6a0f-45ae-a8eb-f0d390948370@group-7E155E250634-FollowerState: change to CANDIDATE, lastRpcElapsedTime:1088489000ns, electionTimeout:1088ms
2025-10-10 10:38:19,431 [43369f36-6a0f-45ae-a8eb-f0d390948370@group-7E155E250634-FollowerState] INFO  impl.RoleInfo (RoleInfo.java:shutdownFollowerState(121)) - 43369f36-6a0f-45ae-a8eb-f0d390948370: shutdown 43369f36-6a0f-45ae-a8eb-f0d390948370@group-7E155E250634-FollowerState
2025-10-10 10:38:19,431 [43369f36-6a0f-45ae-a8eb-f0d390948370@group-7E155E250634-FollowerState] INFO  server.RaftServer$Division (RaftServerImpl.java:setRole(392)) - 43369f36-6a0f-45ae-a8eb-f0d390948370@group-7E155E250634: changes role from  FOLLOWER to CANDIDATE at term 2 for changeToCandidate
2025-10-10 10:38:19,431 [43369f36-6a0f-45ae-a8eb-f0d390948370@group-7E155E250634-FollowerState] INFO  impl.RoleInfo (RoleInfo.java:updateAndGet(148)) - 43369f36-6a0f-45ae-a8eb-f0d390948370: start 43369f36-6a0f-45ae-a8eb-f0d390948370@group-7E155E250634-LeaderElection65
2025-10-10 10:38:19,431 [43369f36-6a0f-45ae-a8eb-f0d390948370@group-7E155E250634-LeaderElection65] INFO  impl.LeaderElection (LeaderElection.java:askForVotes(448)) - 43369f36-6a0f-45ae-a8eb-f0d390948370@group-7E155E250634-LeaderElection65 PRE_VOTE round 0: submit vote requests at term 2 for conf: {index: 5, cur=peers:[bb95c33f-a3cb-4bbe-957e-8163c1fc1114|127.0.0.1:15031, 1a301c79-b9ef-44e0-a0ae-b339f61819a5|127.0.0.1:15023, 43369f36-6a0f-45ae-a8eb-f0d390948370|127.0.0.1:15015]|listeners:[], old=null}
2025-10-10 10:38:19,432 [43369f36-6a0f-45ae-a8eb-f0d390948370@group-7E155E250634-LeaderElection65] INFO  impl.LeaderElection (LogUtils.java:infoOrTrace(142)) - 43369f36-6a0f-45ae-a8eb-f0d390948370@group-7E155E250634-LeaderElection65 got exception when requesting votes: java.util.concurrent.ExecutionException: org.apache.ratis.thirdparty.io.grpc.StatusRuntimeException: UNAVAILABLE: io exception
2025-10-10 10:38:19,432 [43369f36-6a0f-45ae-a8eb-f0d390948370@group-7E155E250634-LeaderElection65] INFO  impl.LeaderElection (LogUtils.java:infoOrTrace(142)) - 43369f36-6a0f-45ae-a8eb-f0d390948370@group-7E155E250634-LeaderElection65 got exception when requesting votes: java.util.concurrent.ExecutionException: org.apache.ratis.thirdparty.io.grpc.StatusRuntimeException: UNAVAILABLE: io exception
2025-10-10 10:38:19,432 [43369f36-6a0f-45ae-a8eb-f0d390948370@group-7E155E250634-LeaderElection65] INFO  impl.LeaderElection (LeaderElection.java:logAndReturn(206)) - 43369f36-6a0f-45ae-a8eb-f0d390948370@group-7E155E250634-LeaderElection65: PRE_VOTE REJECTED received 0 response(s) and 2 exception(s):
2025-10-10 10:38:19,432 [43369f36-6a0f-45ae-a8eb-f0d390948370@group-7E155E250634-LeaderElection65] INFO  impl.LeaderElection (LogUtils.java:infoOrTrace(142)) -   Exception 0: java.util.concurrent.ExecutionException: org.apache.ratis.thirdparty.io.grpc.StatusRuntimeException: UNAVAILABLE: io exception
2025-10-10 10:38:19,432 [43369f36-6a0f-45ae-a8eb-f0d390948370@group-7E155E250634-LeaderElection65] INFO  impl.LeaderElection (LogUtils.java:infoOrTrace(142)) -   Exception 1: java.util.concurrent.ExecutionException: org.apache.ratis.thirdparty.io.grpc.StatusRuntimeException: UNAVAILABLE: io exception
2025-10-10 10:38:19,432 [43369f36-6a0f-45ae-a8eb-f0d390948370@group-7E155E250634-LeaderElection65] INFO  impl.LeaderElection (LeaderElection.java:askForVotes(450)) - 43369f36-6a0f-45ae-a8eb-f0d390948370@group-7E155E250634-LeaderElection65 PRE_VOTE round 0: result REJECTED
2025-10-10 10:38:19,432 [43369f36-6a0f-45ae-a8eb-f0d390948370@group-7E155E250634-LeaderElection65] INFO  server.RaftServer$Division (RaftServerImpl.java:setRole(392)) - 43369f36-6a0f-45ae-a8eb-f0d390948370@group-7E155E250634: changes role from CANDIDATE to FOLLOWER at term 2 for REJECTED
2025-10-10 10:38:19,432 [43369f36-6a0f-45ae-a8eb-f0d390948370@group-7E155E250634-LeaderElection65] INFO  impl.RoleInfo (RoleInfo.java:shutdownLeaderElection(141)) - 43369f36-6a0f-45ae-a8eb-f0d390948370: shutdown 43369f36-6a0f-45ae-a8eb-f0d390948370@group-7E155E250634-LeaderElection65
2025-10-10 10:38:19,433 [43369f36-6a0f-45ae-a8eb-f0d390948370@group-7E155E250634-LeaderElection65] INFO  impl.RoleInfo (RoleInfo.java:updateAndGet(148)) - 43369f36-6a0f-45ae-a8eb-f0d390948370: start 43369f36-6a0f-45ae-a8eb-f0d390948370@group-7E155E250634-FollowerState
2025-10-10 10:38:20,366 [43369f36-6a0f-45ae-a8eb-f0d390948370@group-63ACBE5F7EDA-FollowerState] INFO  impl.FollowerState (FollowerState.java:runImpl(161)) - 43369f36-6a0f-45ae-a8eb-f0d390948370@group-63ACBE5F7EDA-FollowerState: change to CANDIDATE, lastRpcElapsedTime:1067268122ns, electionTimeout:1067ms
2025-10-10 10:38:20,367 [43369f36-6a0f-45ae-a8eb-f0d390948370@group-63ACBE5F7EDA-FollowerState] INFO  impl.RoleInfo (RoleInfo.java:shutdownFollowerState(121)) - 43369f36-6a0f-45ae-a8eb-f0d390948370: shutdown 43369f36-6a0f-45ae-a8eb-f0d390948370@group-63ACBE5F7EDA-FollowerState
2025-10-10 10:38:20,367 [43369f36-6a0f-45ae-a8eb-f0d390948370@group-63ACBE5F7EDA-FollowerState] INFO  server.RaftServer$Division (RaftServerImpl.java:setRole(392)) - 43369f36-6a0f-45ae-a8eb-f0d390948370@group-63ACBE5F7EDA: changes role from  FOLLOWER to CANDIDATE at term 1 for changeToCandidate
2025-10-10 10:38:20,367 [43369f36-6a0f-45ae-a8eb-f0d390948370@group-63ACBE5F7EDA-FollowerState] INFO  impl.RoleInfo (RoleInfo.java:updateAndGet(148)) - 43369f36-6a0f-45ae-a8eb-f0d390948370: start 43369f36-6a0f-45ae-a8eb-f0d390948370@group-63ACBE5F7EDA-LeaderElection66
2025-10-10 10:38:20,367 [43369f36-6a0f-45ae-a8eb-f0d390948370@group-63ACBE5F7EDA-LeaderElection66] INFO  impl.LeaderElection (LeaderElection.java:askForVotes(448)) - 43369f36-6a0f-45ae-a8eb-f0d390948370@group-63ACBE5F7EDA-LeaderElection66 PRE_VOTE round 0: submit vote requests at term 1 for conf: {index: 0, cur=peers:[bb95c33f-a3cb-4bbe-957e-8163c1fc1114|127.0.0.1:15031, 1a301c79-b9ef-44e0-a0ae-b339f61819a5|127.0.0.1:15023, 43369f36-6a0f-45ae-a8eb-f0d390948370|127.0.0.1:15015]|listeners:[], old=null}
2025-10-10 10:38:20,368 [43369f36-6a0f-45ae-a8eb-f0d390948370@group-63ACBE5F7EDA-LeaderElection66] INFO  impl.LeaderElection (LogUtils.java:infoOrTrace(142)) - 43369f36-6a0f-45ae-a8eb-f0d390948370@group-63ACBE5F7EDA-LeaderElection66 got exception when requesting votes: java.util.concurrent.ExecutionException: org.apache.ratis.thirdparty.io.grpc.StatusRuntimeException: UNAVAILABLE: io exception
2025-10-10 10:38:20,368 [43369f36-6a0f-45ae-a8eb-f0d390948370@group-63ACBE5F7EDA-LeaderElection66] INFO  impl.LeaderElection (LogUtils.java:infoOrTrace(142)) - 43369f36-6a0f-45ae-a8eb-f0d390948370@group-63ACBE5F7EDA-LeaderElection66 got exception when requesting votes: java.util.concurrent.ExecutionException: org.apache.ratis.thirdparty.io.grpc.StatusRuntimeException: UNAVAILABLE: io exception
2025-10-10 10:38:20,368 [43369f36-6a0f-45ae-a8eb-f0d390948370@group-63ACBE5F7EDA-LeaderElection66] INFO  impl.LeaderElection (LeaderElection.java:logAndReturn(206)) - 43369f36-6a0f-45ae-a8eb-f0d390948370@group-63ACBE5F7EDA-LeaderElection66: PRE_VOTE REJECTED received 0 response(s) and 2 exception(s):
2025-10-10 10:38:20,368 [43369f36-6a0f-45ae-a8eb-f0d390948370@group-63ACBE5F7EDA-LeaderElection66] INFO  impl.LeaderElection (LogUtils.java:infoOrTrace(142)) -   Exception 0: java.util.concurrent.ExecutionException: org.apache.ratis.thirdparty.io.grpc.StatusRuntimeException: UNAVAILABLE: io exception
2025-10-10 10:38:20,368 [43369f36-6a0f-45ae-a8eb-f0d390948370@group-63ACBE5F7EDA-LeaderElection66] INFO  impl.LeaderElection (LogUtils.java:infoOrTrace(142)) -   Exception 1: java.util.concurrent.ExecutionException: org.apache.ratis.thirdparty.io.grpc.StatusRuntimeException: UNAVAILABLE: io exception
2025-10-10 10:38:20,368 [43369f36-6a0f-45ae-a8eb-f0d390948370@group-63ACBE5F7EDA-LeaderElection66] INFO  impl.LeaderElection (LeaderElection.java:askForVotes(450)) - 43369f36-6a0f-45ae-a8eb-f0d390948370@group-63ACBE5F7EDA-LeaderElection66 PRE_VOTE round 0: result REJECTED
2025-10-10 10:38:20,368 [43369f36-6a0f-45ae-a8eb-f0d390948370@group-63ACBE5F7EDA-LeaderElection66] INFO  server.RaftServer$Division (RaftServerImpl.java:setRole(392)) - 43369f36-6a0f-45ae-a8eb-f0d390948370@group-63ACBE5F7EDA: changes role from CANDIDATE to FOLLOWER at term 1 for REJECTED
2025-10-10 10:38:20,368 [43369f36-6a0f-45ae-a8eb-f0d390948370@group-63ACBE5F7EDA-LeaderElection66] INFO  impl.RoleInfo (RoleInfo.java:shutdownLeaderElection(141)) - 43369f36-6a0f-45ae-a8eb-f0d390948370: shutdown 43369f36-6a0f-45ae-a8eb-f0d390948370@group-63ACBE5F7EDA-LeaderElection66
2025-10-10 10:38:20,368 [43369f36-6a0f-45ae-a8eb-f0d390948370@group-63ACBE5F7EDA-LeaderElection66] INFO  impl.RoleInfo (RoleInfo.java:updateAndGet(148)) - 43369f36-6a0f-45ae-a8eb-f0d390948370: start 43369f36-6a0f-45ae-a8eb-f0d390948370@group-63ACBE5F7EDA-FollowerState
2025-10-10 10:38:20,442 [43369f36-6a0f-45ae-a8eb-f0d390948370@group-7E155E250634-FollowerState] INFO  impl.FollowerState (FollowerState.java:runImpl(161)) - 43369f36-6a0f-45ae-a8eb-f0d390948370@group-7E155E250634-FollowerState: change to CANDIDATE, lastRpcElapsedTime:1009296431ns, electionTimeout:1009ms
2025-10-10 10:38:20,442 [43369f36-6a0f-45ae-a8eb-f0d390948370@group-7E155E250634-FollowerState] INFO  impl.RoleInfo (RoleInfo.java:shutdownFollowerState(121)) - 43369f36-6a0f-45ae-a8eb-f0d390948370: shutdown 43369f36-6a0f-45ae-a8eb-f0d390948370@group-7E155E250634-FollowerState
2025-10-10 10:38:20,442 [43369f36-6a0f-45ae-a8eb-f0d390948370@group-7E155E250634-FollowerState] INFO  server.RaftServer$Division (RaftServerImpl.java:setRole(392)) - 43369f36-6a0f-45ae-a8eb-f0d390948370@group-7E155E250634: changes role from  FOLLOWER to CANDIDATE at term 2 for changeToCandidate
2025-10-10 10:38:20,442 [43369f36-6a0f-45ae-a8eb-f0d390948370@group-7E155E250634-FollowerState] INFO  impl.RoleInfo (RoleInfo.java:updateAndGet(148)) - 43369f36-6a0f-45ae-a8eb-f0d390948370: start 43369f36-6a0f-45ae-a8eb-f0d390948370@group-7E155E250634-LeaderElection67
2025-10-10 10:38:20,443 [43369f36-6a0f-45ae-a8eb-f0d390948370@group-7E155E250634-LeaderElection67] INFO  impl.LeaderElection (LeaderElection.java:askForVotes(448)) - 43369f36-6a0f-45ae-a8eb-f0d390948370@group-7E155E250634-LeaderElection67 PRE_VOTE round 0: submit vote requests at term 2 for conf: {index: 5, cur=peers:[bb95c33f-a3cb-4bbe-957e-8163c1fc1114|127.0.0.1:15031, 1a301c79-b9ef-44e0-a0ae-b339f61819a5|127.0.0.1:15023, 43369f36-6a0f-45ae-a8eb-f0d390948370|127.0.0.1:15015]|listeners:[], old=null}
2025-10-10 10:38:20,443 [43369f36-6a0f-45ae-a8eb-f0d390948370@group-7E155E250634-LeaderElection67] INFO  impl.LeaderElection (LogUtils.java:infoOrTrace(142)) - 43369f36-6a0f-45ae-a8eb-f0d390948370@group-7E155E250634-LeaderElection67 got exception when requesting votes: java.util.concurrent.ExecutionException: org.apache.ratis.thirdparty.io.grpc.StatusRuntimeException: UNAVAILABLE: io exception
2025-10-10 10:38:20,443 [43369f36-6a0f-45ae-a8eb-f0d390948370@group-7E155E250634-LeaderElection67] INFO  impl.LeaderElection (LogUtils.java:infoOrTrace(142)) - 43369f36-6a0f-45ae-a8eb-f0d390948370@group-7E155E250634-LeaderElection67 got exception when requesting votes: java.util.concurrent.ExecutionException: org.apache.ratis.thirdparty.io.grpc.StatusRuntimeException: UNAVAILABLE: io exception
2025-10-10 10:38:20,443 [43369f36-6a0f-45ae-a8eb-f0d390948370@group-7E155E250634-LeaderElection67] INFO  impl.LeaderElection (LeaderElection.java:logAndReturn(206)) - 43369f36-6a0f-45ae-a8eb-f0d390948370@group-7E155E250634-LeaderElection67: PRE_VOTE REJECTED received 0 response(s) and 2 exception(s):
2025-10-10 10:38:20,443 [43369f36-6a0f-45ae-a8eb-f0d390948370@group-7E155E250634-LeaderElection67] INFO  impl.LeaderElection (LogUtils.java:infoOrTrace(142)) -   Exception 0: java.util.concurrent.ExecutionException: org.apache.ratis.thirdparty.io.grpc.StatusRuntimeException: UNAVAILABLE: io exception
2025-10-10 10:38:20,443 [43369f36-6a0f-45ae-a8eb-f0d390948370@group-7E155E250634-LeaderElection67] INFO  impl.LeaderElection (LogUtils.java:infoOrTrace(142)) -   Exception 1: java.util.concurrent.ExecutionException: org.apache.ratis.thirdparty.io.grpc.StatusRuntimeException: UNAVAILABLE: io exception
2025-10-10 10:38:20,444 [43369f36-6a0f-45ae-a8eb-f0d390948370@group-7E155E250634-LeaderElection67] INFO  impl.LeaderElection (LeaderElection.java:askForVotes(450)) - 43369f36-6a0f-45ae-a8eb-f0d390948370@group-7E155E250634-LeaderElection67 PRE_VOTE round 0: result REJECTED
2025-10-10 10:38:20,444 [43369f36-6a0f-45ae-a8eb-f0d390948370@group-7E155E250634-LeaderElection67] INFO  server.RaftServer$Division (RaftServerImpl.java:setRole(392)) - 43369f36-6a0f-45ae-a8eb-f0d390948370@group-7E155E250634: changes role from CANDIDATE to FOLLOWER at term 2 for REJECTED
2025-10-10 10:38:20,444 [43369f36-6a0f-45ae-a8eb-f0d390948370@group-7E155E250634-LeaderElection67] INFO  impl.RoleInfo (RoleInfo.java:shutdownLeaderElection(141)) - 43369f36-6a0f-45ae-a8eb-f0d390948370: shutdown 43369f36-6a0f-45ae-a8eb-f0d390948370@group-7E155E250634-LeaderElection67
2025-10-10 10:38:20,444 [43369f36-6a0f-45ae-a8eb-f0d390948370@group-7E155E250634-LeaderElection67] INFO  impl.RoleInfo (RoleInfo.java:updateAndGet(148)) - 43369f36-6a0f-45ae-a8eb-f0d390948370: start 43369f36-6a0f-45ae-a8eb-f0d390948370@group-7E155E250634-FollowerState
2025-10-10 10:38:21,495 [43369f36-6a0f-45ae-a8eb-f0d390948370@group-63ACBE5F7EDA-FollowerState] INFO  impl.FollowerState (FollowerState.java:runImpl(161)) - 43369f36-6a0f-45ae-a8eb-f0d390948370@group-63ACBE5F7EDA-FollowerState: change to CANDIDATE, lastRpcElapsedTime:1126571381ns, electionTimeout:1126ms
2025-10-10 10:38:21,495 [43369f36-6a0f-45ae-a8eb-f0d390948370@group-63ACBE5F7EDA-FollowerState] INFO  impl.RoleInfo (RoleInfo.java:shutdownFollowerState(121)) - 43369f36-6a0f-45ae-a8eb-f0d390948370: shutdown 43369f36-6a0f-45ae-a8eb-f0d390948370@group-63ACBE5F7EDA-FollowerState
2025-10-10 10:38:21,495 [43369f36-6a0f-45ae-a8eb-f0d390948370@group-63ACBE5F7EDA-FollowerState] INFO  server.RaftServer$Division (RaftServerImpl.java:setRole(392)) - 43369f36-6a0f-45ae-a8eb-f0d390948370@group-63ACBE5F7EDA: changes role from  FOLLOWER to CANDIDATE at term 1 for changeToCandidate
2025-10-10 10:38:21,495 [43369f36-6a0f-45ae-a8eb-f0d390948370@group-63ACBE5F7EDA-FollowerState] INFO  impl.RoleInfo (RoleInfo.java:updateAndGet(148)) - 43369f36-6a0f-45ae-a8eb-f0d390948370: start 43369f36-6a0f-45ae-a8eb-f0d390948370@group-63ACBE5F7EDA-LeaderElection68
2025-10-10 10:38:21,496 [43369f36-6a0f-45ae-a8eb-f0d390948370@group-63ACBE5F7EDA-LeaderElection68] INFO  impl.LeaderElection (LeaderElection.java:askForVotes(448)) - 43369f36-6a0f-45ae-a8eb-f0d390948370@group-63ACBE5F7EDA-LeaderElection68 PRE_VOTE round 0: submit vote requests at term 1 for conf: {index: 0, cur=peers:[bb95c33f-a3cb-4bbe-957e-8163c1fc1114|127.0.0.1:15031, 1a301c79-b9ef-44e0-a0ae-b339f61819a5|127.0.0.1:15023, 43369f36-6a0f-45ae-a8eb-f0d390948370|127.0.0.1:15015]|listeners:[], old=null}
2025-10-10 10:38:21,496 [43369f36-6a0f-45ae-a8eb-f0d390948370@group-63ACBE5F7EDA-LeaderElection68] INFO  impl.LeaderElection (LogUtils.java:infoOrTrace(142)) - 43369f36-6a0f-45ae-a8eb-f0d390948370@group-63ACBE5F7EDA-LeaderElection68 got exception when requesting votes: java.util.concurrent.ExecutionException: org.apache.ratis.thirdparty.io.grpc.StatusRuntimeException: UNAVAILABLE: io exception
2025-10-10 10:38:21,497 [43369f36-6a0f-45ae-a8eb-f0d390948370@group-63ACBE5F7EDA-LeaderElection68] INFO  impl.LeaderElection (LogUtils.java:infoOrTrace(142)) - 43369f36-6a0f-45ae-a8eb-f0d390948370@group-63ACBE5F7EDA-LeaderElection68 got exception when requesting votes: java.util.concurrent.ExecutionException: org.apache.ratis.thirdparty.io.grpc.StatusRuntimeException: UNAVAILABLE: io exception
2025-10-10 10:38:21,497 [43369f36-6a0f-45ae-a8eb-f0d390948370@group-63ACBE5F7EDA-LeaderElection68] INFO  impl.LeaderElection (LeaderElection.java:logAndReturn(206)) - 43369f36-6a0f-45ae-a8eb-f0d390948370@group-63ACBE5F7EDA-LeaderElection68: PRE_VOTE REJECTED received 0 response(s) and 2 exception(s):
2025-10-10 10:38:21,497 [43369f36-6a0f-45ae-a8eb-f0d390948370@group-63ACBE5F7EDA-LeaderElection68] INFO  impl.LeaderElection (LogUtils.java:infoOrTrace(142)) -   Exception 0: java.util.concurrent.ExecutionException: org.apache.ratis.thirdparty.io.grpc.StatusRuntimeException: UNAVAILABLE: io exception
2025-10-10 10:38:21,497 [43369f36-6a0f-45ae-a8eb-f0d390948370@group-63ACBE5F7EDA-LeaderElection68] INFO  impl.LeaderElection (LogUtils.java:infoOrTrace(142)) -   Exception 1: java.util.concurrent.ExecutionException: org.apache.ratis.thirdparty.io.grpc.StatusRuntimeException: UNAVAILABLE: io exception
2025-10-10 10:38:21,497 [43369f36-6a0f-45ae-a8eb-f0d390948370@group-63ACBE5F7EDA-LeaderElection68] INFO  impl.LeaderElection (LeaderElection.java:askForVotes(450)) - 43369f36-6a0f-45ae-a8eb-f0d390948370@group-63ACBE5F7EDA-LeaderElection68 PRE_VOTE round 0: result REJECTED
2025-10-10 10:38:21,497 [43369f36-6a0f-45ae-a8eb-f0d390948370@group-63ACBE5F7EDA-LeaderElection68] INFO  server.RaftServer$Division (RaftServerImpl.java:setRole(392)) - 43369f36-6a0f-45ae-a8eb-f0d390948370@group-63ACBE5F7EDA: changes role from CANDIDATE to FOLLOWER at term 1 for REJECTED
2025-10-10 10:38:21,497 [43369f36-6a0f-45ae-a8eb-f0d390948370@group-63ACBE5F7EDA-LeaderElection68] INFO  impl.RoleInfo (RoleInfo.java:shutdownLeaderElection(141)) - 43369f36-6a0f-45ae-a8eb-f0d390948370: shutdown 43369f36-6a0f-45ae-a8eb-f0d390948370@group-63ACBE5F7EDA-LeaderElection68
2025-10-10 10:38:21,497 [43369f36-6a0f-45ae-a8eb-f0d390948370@group-63ACBE5F7EDA-LeaderElection68] INFO  impl.RoleInfo (RoleInfo.java:updateAndGet(148)) - 43369f36-6a0f-45ae-a8eb-f0d390948370: start 43369f36-6a0f-45ae-a8eb-f0d390948370@group-63ACBE5F7EDA-FollowerState
2025-10-10 10:38:21,573 [43369f36-6a0f-45ae-a8eb-f0d390948370@group-7E155E250634-FollowerState] INFO  impl.FollowerState (FollowerState.java:runImpl(161)) - 43369f36-6a0f-45ae-a8eb-f0d390948370@group-7E155E250634-FollowerState: change to CANDIDATE, lastRpcElapsedTime:1129271610ns, electionTimeout:1129ms
2025-10-10 10:38:21,573 [43369f36-6a0f-45ae-a8eb-f0d390948370@group-7E155E250634-FollowerState] INFO  impl.RoleInfo (RoleInfo.java:shutdownFollowerState(121)) - 43369f36-6a0f-45ae-a8eb-f0d390948370: shutdown 43369f36-6a0f-45ae-a8eb-f0d390948370@group-7E155E250634-FollowerState
2025-10-10 10:38:21,573 [43369f36-6a0f-45ae-a8eb-f0d390948370@group-7E155E250634-FollowerState] INFO  server.RaftServer$Division (RaftServerImpl.java:setRole(392)) - 43369f36-6a0f-45ae-a8eb-f0d390948370@group-7E155E250634: changes role from  FOLLOWER to CANDIDATE at term 2 for changeToCandidate
2025-10-10 10:38:21,574 [43369f36-6a0f-45ae-a8eb-f0d390948370@group-7E155E250634-FollowerState] INFO  impl.RoleInfo (RoleInfo.java:updateAndGet(148)) - 43369f36-6a0f-45ae-a8eb-f0d390948370: start 43369f36-6a0f-45ae-a8eb-f0d390948370@group-7E155E250634-LeaderElection69
2025-10-10 10:38:21,574 [43369f36-6a0f-45ae-a8eb-f0d390948370@group-7E155E250634-LeaderElection69] INFO  impl.LeaderElection (LeaderElection.java:askForVotes(448)) - 43369f36-6a0f-45ae-a8eb-f0d390948370@group-7E155E250634-LeaderElection69 PRE_VOTE round 0: submit vote requests at term 2 for conf: {index: 5, cur=peers:[bb95c33f-a3cb-4bbe-957e-8163c1fc1114|127.0.0.1:15031, 1a301c79-b9ef-44e0-a0ae-b339f61819a5|127.0.0.1:15023, 43369f36-6a0f-45ae-a8eb-f0d390948370|127.0.0.1:15015]|listeners:[], old=null}
2025-10-10 10:38:21,575 [43369f36-6a0f-45ae-a8eb-f0d390948370@group-7E155E250634-LeaderElection69] INFO  impl.LeaderElection (LogUtils.java:infoOrTrace(142)) - 43369f36-6a0f-45ae-a8eb-f0d390948370@group-7E155E250634-LeaderElection69 got exception when requesting votes: java.util.concurrent.ExecutionException: org.apache.ratis.thirdparty.io.grpc.StatusRuntimeException: UNAVAILABLE: io exception
2025-10-10 10:38:21,575 [43369f36-6a0f-45ae-a8eb-f0d390948370@group-7E155E250634-LeaderElection69] INFO  impl.LeaderElection (LogUtils.java:infoOrTrace(142)) - 43369f36-6a0f-45ae-a8eb-f0d390948370@group-7E155E250634-LeaderElection69 got exception when requesting votes: java.util.concurrent.ExecutionException: org.apache.ratis.thirdparty.io.grpc.StatusRuntimeException: UNAVAILABLE: io exception
2025-10-10 10:38:21,575 [43369f36-6a0f-45ae-a8eb-f0d390948370@group-7E155E250634-LeaderElection69] INFO  impl.LeaderElection (LeaderElection.java:logAndReturn(206)) - 43369f36-6a0f-45ae-a8eb-f0d390948370@group-7E155E250634-LeaderElection69: PRE_VOTE REJECTED received 0 response(s) and 2 exception(s):
2025-10-10 10:38:21,575 [43369f36-6a0f-45ae-a8eb-f0d390948370@group-7E155E250634-LeaderElection69] INFO  impl.LeaderElection (LogUtils.java:infoOrTrace(142)) -   Exception 0: java.util.concurrent.ExecutionException: org.apache.ratis.thirdparty.io.grpc.StatusRuntimeException: UNAVAILABLE: io exception
2025-10-10 10:38:21,575 [43369f36-6a0f-45ae-a8eb-f0d390948370@group-7E155E250634-LeaderElection69] INFO  impl.LeaderElection (LogUtils.java:infoOrTrace(142)) -   Exception 1: java.util.concurrent.ExecutionException: org.apache.ratis.thirdparty.io.grpc.StatusRuntimeException: UNAVAILABLE: io exception
2025-10-10 10:38:21,575 [43369f36-6a0f-45ae-a8eb-f0d390948370@group-7E155E250634-LeaderElection69] INFO  impl.LeaderElection (LeaderElection.java:askForVotes(450)) - 43369f36-6a0f-45ae-a8eb-f0d390948370@group-7E155E250634-LeaderElection69 PRE_VOTE round 0: result REJECTED
2025-10-10 10:38:21,575 [43369f36-6a0f-45ae-a8eb-f0d390948370@group-7E155E250634-LeaderElection69] INFO  server.RaftServer$Division (RaftServerImpl.java:setRole(392)) - 43369f36-6a0f-45ae-a8eb-f0d390948370@group-7E155E250634: changes role from CANDIDATE to FOLLOWER at term 2 for REJECTED
2025-10-10 10:38:21,575 [43369f36-6a0f-45ae-a8eb-f0d390948370@group-7E155E250634-LeaderElection69] INFO  impl.RoleInfo (RoleInfo.java:shutdownLeaderElection(141)) - 43369f36-6a0f-45ae-a8eb-f0d390948370: shutdown 43369f36-6a0f-45ae-a8eb-f0d390948370@group-7E155E250634-LeaderElection69
2025-10-10 10:38:21,575 [43369f36-6a0f-45ae-a8eb-f0d390948370@group-7E155E250634-LeaderElection69] INFO  impl.RoleInfo (RoleInfo.java:updateAndGet(148)) - 43369f36-6a0f-45ae-a8eb-f0d390948370: start 43369f36-6a0f-45ae-a8eb-f0d390948370@group-7E155E250634-FollowerState
2025-10-10 10:38:22,582 [43369f36-6a0f-45ae-a8eb-f0d390948370@group-7E155E250634-FollowerState] INFO  impl.FollowerState (FollowerState.java:runImpl(161)) - 43369f36-6a0f-45ae-a8eb-f0d390948370@group-7E155E250634-FollowerState: change to CANDIDATE, lastRpcElapsedTime:1006277649ns, electionTimeout:1006ms
2025-10-10 10:38:22,582 [43369f36-6a0f-45ae-a8eb-f0d390948370@group-7E155E250634-FollowerState] INFO  impl.RoleInfo (RoleInfo.java:shutdownFollowerState(121)) - 43369f36-6a0f-45ae-a8eb-f0d390948370: shutdown 43369f36-6a0f-45ae-a8eb-f0d390948370@group-7E155E250634-FollowerState
2025-10-10 10:38:22,582 [43369f36-6a0f-45ae-a8eb-f0d390948370@group-7E155E250634-FollowerState] INFO  server.RaftServer$Division (RaftServerImpl.java:setRole(392)) - 43369f36-6a0f-45ae-a8eb-f0d390948370@group-7E155E250634: changes role from  FOLLOWER to CANDIDATE at term 2 for changeToCandidate
2025-10-10 10:38:22,582 [43369f36-6a0f-45ae-a8eb-f0d390948370@group-7E155E250634-FollowerState] INFO  impl.RoleInfo (RoleInfo.java:updateAndGet(148)) - 43369f36-6a0f-45ae-a8eb-f0d390948370: start 43369f36-6a0f-45ae-a8eb-f0d390948370@group-7E155E250634-LeaderElection70
2025-10-10 10:38:22,582 [43369f36-6a0f-45ae-a8eb-f0d390948370@group-7E155E250634-LeaderElection70] INFO  impl.LeaderElection (LeaderElection.java:askForVotes(448)) - 43369f36-6a0f-45ae-a8eb-f0d390948370@group-7E155E250634-LeaderElection70 PRE_VOTE round 0: submit vote requests at term 2 for conf: {index: 5, cur=peers:[bb95c33f-a3cb-4bbe-957e-8163c1fc1114|127.0.0.1:15031, 1a301c79-b9ef-44e0-a0ae-b339f61819a5|127.0.0.1:15023, 43369f36-6a0f-45ae-a8eb-f0d390948370|127.0.0.1:15015]|listeners:[], old=null}
2025-10-10 10:38:22,583 [43369f36-6a0f-45ae-a8eb-f0d390948370@group-7E155E250634-LeaderElection70] INFO  impl.LeaderElection (LogUtils.java:infoOrTrace(142)) - 43369f36-6a0f-45ae-a8eb-f0d390948370@group-7E155E250634-LeaderElection70 got exception when requesting votes: java.util.concurrent.ExecutionException: org.apache.ratis.thirdparty.io.grpc.StatusRuntimeException: UNAVAILABLE: io exception
2025-10-10 10:38:22,583 [43369f36-6a0f-45ae-a8eb-f0d390948370@group-7E155E250634-LeaderElection70] INFO  impl.LeaderElection (LogUtils.java:infoOrTrace(142)) - 43369f36-6a0f-45ae-a8eb-f0d390948370@group-7E155E250634-LeaderElection70 got exception when requesting votes: java.util.concurrent.ExecutionException: org.apache.ratis.thirdparty.io.grpc.StatusRuntimeException: UNAVAILABLE: io exception
2025-10-10 10:38:22,583 [43369f36-6a0f-45ae-a8eb-f0d390948370@group-7E155E250634-LeaderElection70] INFO  impl.LeaderElection (LeaderElection.java:logAndReturn(206)) - 43369f36-6a0f-45ae-a8eb-f0d390948370@group-7E155E250634-LeaderElection70: PRE_VOTE REJECTED received 0 response(s) and 2 exception(s):
2025-10-10 10:38:22,583 [43369f36-6a0f-45ae-a8eb-f0d390948370@group-7E155E250634-LeaderElection70] INFO  impl.LeaderElection (LogUtils.java:infoOrTrace(142)) -   Exception 0: java.util.concurrent.ExecutionException: org.apache.ratis.thirdparty.io.grpc.StatusRuntimeException: UNAVAILABLE: io exception
2025-10-10 10:38:22,583 [43369f36-6a0f-45ae-a8eb-f0d390948370@group-7E155E250634-LeaderElection70] INFO  impl.LeaderElection (LogUtils.java:infoOrTrace(142)) -   Exception 1: java.util.concurrent.ExecutionException: org.apache.ratis.thirdparty.io.grpc.StatusRuntimeException: UNAVAILABLE: io exception
2025-10-10 10:38:22,584 [43369f36-6a0f-45ae-a8eb-f0d390948370@group-7E155E250634-LeaderElection70] INFO  impl.LeaderElection (LeaderElection.java:askForVotes(450)) - 43369f36-6a0f-45ae-a8eb-f0d390948370@group-7E155E250634-LeaderElection70 PRE_VOTE round 0: result REJECTED
2025-10-10 10:38:22,584 [43369f36-6a0f-45ae-a8eb-f0d390948370@group-7E155E250634-LeaderElection70] INFO  server.RaftServer$Division (RaftServerImpl.java:setRole(392)) - 43369f36-6a0f-45ae-a8eb-f0d390948370@group-7E155E250634: changes role from CANDIDATE to FOLLOWER at term 2 for REJECTED
2025-10-10 10:38:22,584 [43369f36-6a0f-45ae-a8eb-f0d390948370@group-7E155E250634-LeaderElection70] INFO  impl.RoleInfo (RoleInfo.java:shutdownLeaderElection(141)) - 43369f36-6a0f-45ae-a8eb-f0d390948370: shutdown 43369f36-6a0f-45ae-a8eb-f0d390948370@group-7E155E250634-LeaderElection70
2025-10-10 10:38:22,584 [43369f36-6a0f-45ae-a8eb-f0d390948370@group-7E155E250634-LeaderElection70] INFO  impl.RoleInfo (RoleInfo.java:updateAndGet(148)) - 43369f36-6a0f-45ae-a8eb-f0d390948370: start 43369f36-6a0f-45ae-a8eb-f0d390948370@group-7E155E250634-FollowerState
2025-10-10 10:38:22,634 [43369f36-6a0f-45ae-a8eb-f0d390948370@group-63ACBE5F7EDA-FollowerState] INFO  impl.FollowerState (FollowerState.java:runImpl(161)) - 43369f36-6a0f-45ae-a8eb-f0d390948370@group-63ACBE5F7EDA-FollowerState: change to CANDIDATE, lastRpcElapsedTime:1137277276ns, electionTimeout:1137ms
2025-10-10 10:38:22,634 [43369f36-6a0f-45ae-a8eb-f0d390948370@group-63ACBE5F7EDA-FollowerState] INFO  impl.RoleInfo (RoleInfo.java:shutdownFollowerState(121)) - 43369f36-6a0f-45ae-a8eb-f0d390948370: shutdown 43369f36-6a0f-45ae-a8eb-f0d390948370@group-63ACBE5F7EDA-FollowerState
2025-10-10 10:38:22,634 [43369f36-6a0f-45ae-a8eb-f0d390948370@group-63ACBE5F7EDA-FollowerState] INFO  server.RaftServer$Division (RaftServerImpl.java:setRole(392)) - 43369f36-6a0f-45ae-a8eb-f0d390948370@group-63ACBE5F7EDA: changes role from  FOLLOWER to CANDIDATE at term 1 for changeToCandidate
2025-10-10 10:38:22,635 [43369f36-6a0f-45ae-a8eb-f0d390948370@group-63ACBE5F7EDA-FollowerState] INFO  impl.RoleInfo (RoleInfo.java:updateAndGet(148)) - 43369f36-6a0f-45ae-a8eb-f0d390948370: start 43369f36-6a0f-45ae-a8eb-f0d390948370@group-63ACBE5F7EDA-LeaderElection71
2025-10-10 10:38:22,635 [43369f36-6a0f-45ae-a8eb-f0d390948370@group-63ACBE5F7EDA-LeaderElection71] INFO  impl.LeaderElection (LeaderElection.java:askForVotes(448)) - 43369f36-6a0f-45ae-a8eb-f0d390948370@group-63ACBE5F7EDA-LeaderElection71 PRE_VOTE round 0: submit vote requests at term 1 for conf: {index: 0, cur=peers:[bb95c33f-a3cb-4bbe-957e-8163c1fc1114|127.0.0.1:15031, 1a301c79-b9ef-44e0-a0ae-b339f61819a5|127.0.0.1:15023, 43369f36-6a0f-45ae-a8eb-f0d390948370|127.0.0.1:15015]|listeners:[], old=null}
2025-10-10 10:38:22,636 [43369f36-6a0f-45ae-a8eb-f0d390948370@group-63ACBE5F7EDA-LeaderElection71] INFO  impl.LeaderElection (LogUtils.java:infoOrTrace(142)) - 43369f36-6a0f-45ae-a8eb-f0d390948370@group-63ACBE5F7EDA-LeaderElection71 got exception when requesting votes: java.util.concurrent.ExecutionException: org.apache.ratis.thirdparty.io.grpc.StatusRuntimeException: UNAVAILABLE: io exception
2025-10-10 10:38:22,636 [43369f36-6a0f-45ae-a8eb-f0d390948370@group-63ACBE5F7EDA-LeaderElection71] INFO  impl.LeaderElection (LogUtils.java:infoOrTrace(142)) - 43369f36-6a0f-45ae-a8eb-f0d390948370@group-63ACBE5F7EDA-LeaderElection71 got exception when requesting votes: java.util.concurrent.ExecutionException: org.apache.ratis.thirdparty.io.grpc.StatusRuntimeException: UNAVAILABLE: io exception
2025-10-10 10:38:22,636 [43369f36-6a0f-45ae-a8eb-f0d390948370@group-63ACBE5F7EDA-LeaderElection71] INFO  impl.LeaderElection (LeaderElection.java:logAndReturn(206)) - 43369f36-6a0f-45ae-a8eb-f0d390948370@group-63ACBE5F7EDA-LeaderElection71: PRE_VOTE REJECTED received 0 response(s) and 2 exception(s):
2025-10-10 10:38:22,636 [43369f36-6a0f-45ae-a8eb-f0d390948370@group-63ACBE5F7EDA-LeaderElection71] INFO  impl.LeaderElection (LogUtils.java:infoOrTrace(142)) -   Exception 0: java.util.concurrent.ExecutionException: org.apache.ratis.thirdparty.io.grpc.StatusRuntimeException: UNAVAILABLE: io exception
2025-10-10 10:38:22,636 [43369f36-6a0f-45ae-a8eb-f0d390948370@group-63ACBE5F7EDA-LeaderElection71] INFO  impl.LeaderElection (LogUtils.java:infoOrTrace(142)) -   Exception 1: java.util.concurrent.ExecutionException: org.apache.ratis.thirdparty.io.grpc.StatusRuntimeException: UNAVAILABLE: io exception
2025-10-10 10:38:22,636 [43369f36-6a0f-45ae-a8eb-f0d390948370@group-63ACBE5F7EDA-LeaderElection71] INFO  impl.LeaderElection (LeaderElection.java:askForVotes(450)) - 43369f36-6a0f-45ae-a8eb-f0d390948370@group-63ACBE5F7EDA-LeaderElection71 PRE_VOTE round 0: result REJECTED
2025-10-10 10:38:22,636 [43369f36-6a0f-45ae-a8eb-f0d390948370@group-63ACBE5F7EDA-LeaderElection71] INFO  server.RaftServer$Division (RaftServerImpl.java:setRole(392)) - 43369f36-6a0f-45ae-a8eb-f0d390948370@group-63ACBE5F7EDA: changes role from CANDIDATE to FOLLOWER at term 1 for REJECTED
2025-10-10 10:38:22,636 [43369f36-6a0f-45ae-a8eb-f0d390948370@group-63ACBE5F7EDA-LeaderElection71] INFO  impl.RoleInfo (RoleInfo.java:shutdownLeaderElection(141)) - 43369f36-6a0f-45ae-a8eb-f0d390948370: shutdown 43369f36-6a0f-45ae-a8eb-f0d390948370@group-63ACBE5F7EDA-LeaderElection71
2025-10-10 10:38:22,636 [43369f36-6a0f-45ae-a8eb-f0d390948370@group-63ACBE5F7EDA-LeaderElection71] INFO  impl.RoleInfo (RoleInfo.java:updateAndGet(148)) - 43369f36-6a0f-45ae-a8eb-f0d390948370: start 43369f36-6a0f-45ae-a8eb-f0d390948370@group-63ACBE5F7EDA-FollowerState
2025-10-10 10:38:22,853 [timer2] ERROR impl.OrderedAsync (OrderedAsync.java:lambda$null$6(215)) -  (Repeated 2 times in the last 5.001s) client-E7C31156E772: Failed* RaftClientRequest:client-E7C31156E772->1a301c79-b9ef-44e0-a0ae-b339f61819a5@group-7E155E250634, cid=22, seq=4*, RW, cmdType: WriteChunk traceID: "" containerID: 1 datanodeUuid: "bb95c33f-a3cb-4bbe-957e-8163c1fc1114" writeChunk { blockID { containerID: 1 localID: 115816896921600001 blockCommitSequenceId: 2 replicaIndex: 0 } chunkData { chunkName: "115816896921600001_chunk_2" offset: 1048576 len: 1048576 } } version: 3, data.size=1048576
java.util.concurrent.CompletionException: java.io.IOException: org.apache.ratis.thirdparty.io.grpc.StatusRuntimeException: UNAVAILABLE: io exception
	at java.base/java.util.concurrent.CompletableFuture.encodeThrowable(CompletableFuture.java:332)
	at java.base/java.util.concurrent.CompletableFuture.completeThrowable(CompletableFuture.java:347)
	at java.base/java.util.concurrent.CompletableFuture$UniAccept.tryFire(CompletableFuture.java:708)
	at java.base/java.util.concurrent.CompletableFuture.postComplete(CompletableFuture.java:510)
	at java.base/java.util.concurrent.CompletableFuture.completeExceptionally(CompletableFuture.java:2194)
	at org.apache.ratis.grpc.client.GrpcClientProtocolClient$AsyncStreamObservers.completeReplyExceptionally(GrpcClientProtocolClient.java:397)
	at org.apache.ratis.grpc.client.GrpcClientProtocolClient$AsyncStreamObservers.access$000(GrpcClientProtocolClient.java:303)
	at org.apache.ratis.grpc.client.GrpcClientProtocolClient$AsyncStreamObservers$1.onError(GrpcClientProtocolClient.java:334)
	at org.apache.ratis.thirdparty.io.grpc.stub.ClientCalls$StreamObserverToCallListenerAdapter.onClose(ClientCalls.java:564)
	at org.apache.ratis.thirdparty.io.grpc.PartialForwardingClientCallListener.onClose(PartialForwardingClientCallListener.java:39)
	at org.apache.ratis.thirdparty.io.grpc.ForwardingClientCallListener.onClose(ForwardingClientCallListener.java:23)
	at org.apache.ratis.grpc.metrics.intercept.client.MetricClientCallListener.onClose(MetricClientCallListener.java:47)
	at org.apache.ratis.thirdparty.io.grpc.internal.ClientCallImpl.closeObserver(ClientCallImpl.java:565)
	at org.apache.ratis.thirdparty.io.grpc.internal.ClientCallImpl.access$100(ClientCallImpl.java:72)
	at org.apache.ratis.thirdparty.io.grpc.internal.ClientCallImpl$ClientStreamListenerImpl$1StreamClosed.runInternal(ClientCallImpl.java:733)
	at org.apache.ratis.thirdparty.io.grpc.internal.ClientCallImpl$ClientStreamListenerImpl$1StreamClosed.runInContext(ClientCallImpl.java:714)
	at org.apache.ratis.thirdparty.io.grpc.internal.ContextRunnable.run(ContextRunnable.java:37)
	at org.apache.ratis.thirdparty.io.grpc.internal.SerializingExecutor.run(SerializingExecutor.java:133)
	at java.base/java.util.concurrent.ThreadPoolExecutor.runWorker(ThreadPoolExecutor.java:1144)
	at java.base/java.util.concurrent.ThreadPoolExecutor$Worker.run(ThreadPoolExecutor.java:642)
	at java.base/java.lang.Thread.run(Thread.java:1583)
Caused by: java.io.IOException: org.apache.ratis.thirdparty.io.grpc.StatusRuntimeException: UNAVAILABLE: io exception
	at org.apache.ratis.grpc.GrpcUtil.unwrapException(GrpcUtil.java:99)
	at org.apache.ratis.grpc.GrpcUtil.unwrapIOException(GrpcUtil.java:159)
	at org.apache.ratis.grpc.client.GrpcClientProtocolClient$AsyncStreamObservers$1.onError(GrpcClientProtocolClient.java:333)
	... 13 more
Caused by: org.apache.ratis.thirdparty.io.grpc.StatusRuntimeException: UNAVAILABLE: io exception
	at org.apache.ratis.thirdparty.io.grpc.Status.asRuntimeException(Status.java:532)
	... 13 more
Caused by: org.apache.ratis.thirdparty.io.netty.channel.AbstractChannel$AnnotatedConnectException: finishConnect(..) failed: Connection refused: /127.0.0.1:15021
Caused by: java.net.ConnectException: finishConnect(..) failed: Connection refused
	at org.apache.ratis.thirdparty.io.netty.channel.unix.Errors.newConnectException0(Errors.java:166)
	at org.apache.ratis.thirdparty.io.netty.channel.unix.Errors.handleConnectErrno(Errors.java:131)
	at org.apache.ratis.thirdparty.io.netty.channel.unix.Socket.finishConnect(Socket.java:359)
	at org.apache.ratis.thirdparty.io.netty.channel.epoll.AbstractEpollChannel$AbstractEpollUnsafe.doFinishConnect(AbstractEpollChannel.java:715)
	at org.apache.ratis.thirdparty.io.netty.channel.epoll.AbstractEpollChannel$AbstractEpollUnsafe.finishConnect(AbstractEpollChannel.java:692)
	at org.apache.ratis.thirdparty.io.netty.channel.epoll.AbstractEpollChannel$AbstractEpollUnsafe.epollOutReady(AbstractEpollChannel.java:567)
	at org.apache.ratis.thirdparty.io.netty.channel.epoll.EpollEventLoop.processReady(EpollEventLoop.java:491)
	at org.apache.ratis.thirdparty.io.netty.channel.epoll.EpollEventLoop.run(EpollEventLoop.java:399)
	at org.apache.ratis.thirdparty.io.netty.util.concurrent.SingleThreadEventExecutor$4.run(SingleThreadEventExecutor.java:998)
	at org.apache.ratis.thirdparty.io.netty.util.internal.ThreadExecutorMap$2.run(ThreadExecutorMap.java:74)
	at org.apache.ratis.thirdparty.io.netty.util.concurrent.FastThreadLocalRunnable.run(FastThreadLocalRunnable.java:30)
	at java.base/java.lang.Thread.run(Thread.java:1583)
2025-10-10 10:38:23,641 [43369f36-6a0f-45ae-a8eb-f0d390948370@group-7E155E250634-FollowerState] INFO  impl.FollowerState (FollowerState.java:runImpl(161)) - 43369f36-6a0f-45ae-a8eb-f0d390948370@group-7E155E250634-FollowerState: change to CANDIDATE, lastRpcElapsedTime:1056482190ns, electionTimeout:1056ms
2025-10-10 10:38:23,641 [43369f36-6a0f-45ae-a8eb-f0d390948370@group-7E155E250634-FollowerState] INFO  impl.RoleInfo (RoleInfo.java:shutdownFollowerState(121)) - 43369f36-6a0f-45ae-a8eb-f0d390948370: shutdown 43369f36-6a0f-45ae-a8eb-f0d390948370@group-7E155E250634-FollowerState
2025-10-10 10:38:23,641 [43369f36-6a0f-45ae-a8eb-f0d390948370@group-7E155E250634-FollowerState] INFO  server.RaftServer$Division (RaftServerImpl.java:setRole(392)) - 43369f36-6a0f-45ae-a8eb-f0d390948370@group-7E155E250634: changes role from  FOLLOWER to CANDIDATE at term 2 for changeToCandidate
2025-10-10 10:38:23,641 [43369f36-6a0f-45ae-a8eb-f0d390948370@group-7E155E250634-FollowerState] INFO  impl.RoleInfo (RoleInfo.java:updateAndGet(148)) - 43369f36-6a0f-45ae-a8eb-f0d390948370: start 43369f36-6a0f-45ae-a8eb-f0d390948370@group-7E155E250634-LeaderElection72
2025-10-10 10:38:23,641 [43369f36-6a0f-45ae-a8eb-f0d390948370@group-7E155E250634-LeaderElection72] INFO  impl.LeaderElection (LeaderElection.java:askForVotes(448)) - 43369f36-6a0f-45ae-a8eb-f0d390948370@group-7E155E250634-LeaderElection72 PRE_VOTE round 0: submit vote requests at term 2 for conf: {index: 5, cur=peers:[bb95c33f-a3cb-4bbe-957e-8163c1fc1114|127.0.0.1:15031, 1a301c79-b9ef-44e0-a0ae-b339f61819a5|127.0.0.1:15023, 43369f36-6a0f-45ae-a8eb-f0d390948370|127.0.0.1:15015]|listeners:[], old=null}
2025-10-10 10:38:23,642 [43369f36-6a0f-45ae-a8eb-f0d390948370@group-7E155E250634-LeaderElection72] INFO  impl.LeaderElection (LogUtils.java:infoOrTrace(142)) - 43369f36-6a0f-45ae-a8eb-f0d390948370@group-7E155E250634-LeaderElection72 got exception when requesting votes: java.util.concurrent.ExecutionException: org.apache.ratis.thirdparty.io.grpc.StatusRuntimeException: UNAVAILABLE: io exception
2025-10-10 10:38:23,642 [43369f36-6a0f-45ae-a8eb-f0d390948370@group-7E155E250634-LeaderElection72] INFO  impl.LeaderElection (LogUtils.java:infoOrTrace(142)) - 43369f36-6a0f-45ae-a8eb-f0d390948370@group-7E155E250634-LeaderElection72 got exception when requesting votes: java.util.concurrent.ExecutionException: org.apache.ratis.thirdparty.io.grpc.StatusRuntimeException: UNAVAILABLE: io exception
2025-10-10 10:38:23,642 [43369f36-6a0f-45ae-a8eb-f0d390948370@group-7E155E250634-LeaderElection72] INFO  impl.LeaderElection (LeaderElection.java:logAndReturn(206)) - 43369f36-6a0f-45ae-a8eb-f0d390948370@group-7E155E250634-LeaderElection72: PRE_VOTE REJECTED received 0 response(s) and 2 exception(s):
2025-10-10 10:38:23,642 [43369f36-6a0f-45ae-a8eb-f0d390948370@group-7E155E250634-LeaderElection72] INFO  impl.LeaderElection (LogUtils.java:infoOrTrace(142)) -   Exception 0: java.util.concurrent.ExecutionException: org.apache.ratis.thirdparty.io.grpc.StatusRuntimeException: UNAVAILABLE: io exception
2025-10-10 10:38:23,642 [43369f36-6a0f-45ae-a8eb-f0d390948370@group-7E155E250634-LeaderElection72] INFO  impl.LeaderElection (LogUtils.java:infoOrTrace(142)) -   Exception 1: java.util.concurrent.ExecutionException: org.apache.ratis.thirdparty.io.grpc.StatusRuntimeException: UNAVAILABLE: io exception
2025-10-10 10:38:23,642 [43369f36-6a0f-45ae-a8eb-f0d390948370@group-7E155E250634-LeaderElection72] INFO  impl.LeaderElection (LeaderElection.java:askForVotes(450)) - 43369f36-6a0f-45ae-a8eb-f0d390948370@group-7E155E250634-LeaderElection72 PRE_VOTE round 0: result REJECTED
2025-10-10 10:38:23,642 [43369f36-6a0f-45ae-a8eb-f0d390948370@group-7E155E250634-LeaderElection72] INFO  server.RaftServer$Division (RaftServerImpl.java:setRole(392)) - 43369f36-6a0f-45ae-a8eb-f0d390948370@group-7E155E250634: changes role from CANDIDATE to FOLLOWER at term 2 for REJECTED
2025-10-10 10:38:23,642 [43369f36-6a0f-45ae-a8eb-f0d390948370@group-7E155E250634-LeaderElection72] INFO  impl.RoleInfo (RoleInfo.java:shutdownLeaderElection(141)) - 43369f36-6a0f-45ae-a8eb-f0d390948370: shutdown 43369f36-6a0f-45ae-a8eb-f0d390948370@group-7E155E250634-LeaderElection72
2025-10-10 10:38:23,643 [43369f36-6a0f-45ae-a8eb-f0d390948370@group-7E155E250634-LeaderElection72] INFO  impl.RoleInfo (RoleInfo.java:updateAndGet(148)) - 43369f36-6a0f-45ae-a8eb-f0d390948370: start 43369f36-6a0f-45ae-a8eb-f0d390948370@group-7E155E250634-FollowerState
2025-10-10 10:38:23,643 [43369f36-6a0f-45ae-a8eb-f0d390948370@group-63ACBE5F7EDA-FollowerState] INFO  impl.FollowerState (FollowerState.java:runImpl(161)) - 43369f36-6a0f-45ae-a8eb-f0d390948370@group-63ACBE5F7EDA-FollowerState: change to CANDIDATE, lastRpcElapsedTime:1007277454ns, electionTimeout:1007ms
2025-10-10 10:38:23,643 [43369f36-6a0f-45ae-a8eb-f0d390948370@group-63ACBE5F7EDA-FollowerState] INFO  impl.RoleInfo (RoleInfo.java:shutdownFollowerState(121)) - 43369f36-6a0f-45ae-a8eb-f0d390948370: shutdown 43369f36-6a0f-45ae-a8eb-f0d390948370@group-63ACBE5F7EDA-FollowerState
2025-10-10 10:38:23,643 [43369f36-6a0f-45ae-a8eb-f0d390948370@group-63ACBE5F7EDA-FollowerState] INFO  server.RaftServer$Division (RaftServerImpl.java:setRole(392)) - 43369f36-6a0f-45ae-a8eb-f0d390948370@group-63ACBE5F7EDA: changes role from  FOLLOWER to CANDIDATE at term 1 for changeToCandidate
2025-10-10 10:38:23,643 [43369f36-6a0f-45ae-a8eb-f0d390948370@group-63ACBE5F7EDA-FollowerState] INFO  impl.RoleInfo (RoleInfo.java:updateAndGet(148)) - 43369f36-6a0f-45ae-a8eb-f0d390948370: start 43369f36-6a0f-45ae-a8eb-f0d390948370@group-63ACBE5F7EDA-LeaderElection73
2025-10-10 10:38:23,644 [43369f36-6a0f-45ae-a8eb-f0d390948370@group-63ACBE5F7EDA-LeaderElection73] INFO  impl.LeaderElection (LeaderElection.java:askForVotes(448)) - 43369f36-6a0f-45ae-a8eb-f0d390948370@group-63ACBE5F7EDA-LeaderElection73 PRE_VOTE round 0: submit vote requests at term 1 for conf: {index: 0, cur=peers:[bb95c33f-a3cb-4bbe-957e-8163c1fc1114|127.0.0.1:15031, 1a301c79-b9ef-44e0-a0ae-b339f61819a5|127.0.0.1:15023, 43369f36-6a0f-45ae-a8eb-f0d390948370|127.0.0.1:15015]|listeners:[], old=null}
2025-10-10 10:38:23,644 [43369f36-6a0f-45ae-a8eb-f0d390948370@group-63ACBE5F7EDA-LeaderElection73] INFO  impl.LeaderElection (LogUtils.java:infoOrTrace(142)) - 43369f36-6a0f-45ae-a8eb-f0d390948370@group-63ACBE5F7EDA-LeaderElection73 got exception when requesting votes: java.util.concurrent.ExecutionException: org.apache.ratis.thirdparty.io.grpc.StatusRuntimeException: UNAVAILABLE: io exception
2025-10-10 10:38:23,644 [43369f36-6a0f-45ae-a8eb-f0d390948370@group-63ACBE5F7EDA-LeaderElection73] INFO  impl.LeaderElection (LogUtils.java:infoOrTrace(142)) - 43369f36-6a0f-45ae-a8eb-f0d390948370@group-63ACBE5F7EDA-LeaderElection73 got exception when requesting votes: java.util.concurrent.ExecutionException: org.apache.ratis.thirdparty.io.grpc.StatusRuntimeException: UNAVAILABLE: io exception
2025-10-10 10:38:23,644 [43369f36-6a0f-45ae-a8eb-f0d390948370@group-63ACBE5F7EDA-LeaderElection73] INFO  impl.LeaderElection (LeaderElection.java:logAndReturn(206)) - 43369f36-6a0f-45ae-a8eb-f0d390948370@group-63ACBE5F7EDA-LeaderElection73: PRE_VOTE REJECTED received 0 response(s) and 2 exception(s):
2025-10-10 10:38:23,644 [43369f36-6a0f-45ae-a8eb-f0d390948370@group-63ACBE5F7EDA-LeaderElection73] INFO  impl.LeaderElection (LogUtils.java:infoOrTrace(142)) -   Exception 0: java.util.concurrent.ExecutionException: org.apache.ratis.thirdparty.io.grpc.StatusRuntimeException: UNAVAILABLE: io exception
2025-10-10 10:38:23,644 [43369f36-6a0f-45ae-a8eb-f0d390948370@group-63ACBE5F7EDA-LeaderElection73] INFO  impl.LeaderElection (LogUtils.java:infoOrTrace(142)) -   Exception 1: java.util.concurrent.ExecutionException: org.apache.ratis.thirdparty.io.grpc.StatusRuntimeException: UNAVAILABLE: io exception
2025-10-10 10:38:23,645 [43369f36-6a0f-45ae-a8eb-f0d390948370@group-63ACBE5F7EDA-LeaderElection73] INFO  impl.LeaderElection (LeaderElection.java:askForVotes(450)) - 43369f36-6a0f-45ae-a8eb-f0d390948370@group-63ACBE5F7EDA-LeaderElection73 PRE_VOTE round 0: result REJECTED
2025-10-10 10:38:23,645 [43369f36-6a0f-45ae-a8eb-f0d390948370@group-63ACBE5F7EDA-LeaderElection73] INFO  server.RaftServer$Division (RaftServerImpl.java:setRole(392)) - 43369f36-6a0f-45ae-a8eb-f0d390948370@group-63ACBE5F7EDA: changes role from CANDIDATE to FOLLOWER at term 1 for REJECTED
2025-10-10 10:38:23,645 [43369f36-6a0f-45ae-a8eb-f0d390948370@group-63ACBE5F7EDA-LeaderElection73] INFO  impl.RoleInfo (RoleInfo.java:shutdownLeaderElection(141)) - 43369f36-6a0f-45ae-a8eb-f0d390948370: shutdown 43369f36-6a0f-45ae-a8eb-f0d390948370@group-63ACBE5F7EDA-LeaderElection73
2025-10-10 10:38:23,645 [43369f36-6a0f-45ae-a8eb-f0d390948370@group-63ACBE5F7EDA-LeaderElection73] INFO  impl.RoleInfo (RoleInfo.java:updateAndGet(148)) - 43369f36-6a0f-45ae-a8eb-f0d390948370: start 43369f36-6a0f-45ae-a8eb-f0d390948370@group-63ACBE5F7EDA-FollowerState
2025-10-10 10:38:24,696 [43369f36-6a0f-45ae-a8eb-f0d390948370@group-7E155E250634-FollowerState] INFO  impl.FollowerState (FollowerState.java:runImpl(161)) - 43369f36-6a0f-45ae-a8eb-f0d390948370@group-7E155E250634-FollowerState: change to CANDIDATE, lastRpcElapsedTime:1053321957ns, electionTimeout:1053ms
2025-10-10 10:38:24,696 [43369f36-6a0f-45ae-a8eb-f0d390948370@group-7E155E250634-FollowerState] INFO  impl.RoleInfo (RoleInfo.java:shutdownFollowerState(121)) - 43369f36-6a0f-45ae-a8eb-f0d390948370: shutdown 43369f36-6a0f-45ae-a8eb-f0d390948370@group-7E155E250634-FollowerState
2025-10-10 10:38:24,696 [43369f36-6a0f-45ae-a8eb-f0d390948370@group-7E155E250634-FollowerState] INFO  server.RaftServer$Division (RaftServerImpl.java:setRole(392)) - 43369f36-6a0f-45ae-a8eb-f0d390948370@group-7E155E250634: changes role from  FOLLOWER to CANDIDATE at term 2 for changeToCandidate
2025-10-10 10:38:24,696 [43369f36-6a0f-45ae-a8eb-f0d390948370@group-7E155E250634-FollowerState] INFO  impl.RoleInfo (RoleInfo.java:updateAndGet(148)) - 43369f36-6a0f-45ae-a8eb-f0d390948370: start 43369f36-6a0f-45ae-a8eb-f0d390948370@group-7E155E250634-LeaderElection74
2025-10-10 10:38:24,697 [43369f36-6a0f-45ae-a8eb-f0d390948370@group-7E155E250634-LeaderElection74] INFO  impl.LeaderElection (LeaderElection.java:askForVotes(448)) - 43369f36-6a0f-45ae-a8eb-f0d390948370@group-7E155E250634-LeaderElection74 PRE_VOTE round 0: submit vote requests at term 2 for conf: {index: 5, cur=peers:[bb95c33f-a3cb-4bbe-957e-8163c1fc1114|127.0.0.1:15031, 1a301c79-b9ef-44e0-a0ae-b339f61819a5|127.0.0.1:15023, 43369f36-6a0f-45ae-a8eb-f0d390948370|127.0.0.1:15015]|listeners:[], old=null}
2025-10-10 10:38:24,697 [43369f36-6a0f-45ae-a8eb-f0d390948370@group-7E155E250634-LeaderElection74] INFO  impl.LeaderElection (LogUtils.java:infoOrTrace(142)) - 43369f36-6a0f-45ae-a8eb-f0d390948370@group-7E155E250634-LeaderElection74 got exception when requesting votes: java.util.concurrent.ExecutionException: org.apache.ratis.thirdparty.io.grpc.StatusRuntimeException: UNAVAILABLE: io exception
2025-10-10 10:38:24,697 [43369f36-6a0f-45ae-a8eb-f0d390948370@group-7E155E250634-LeaderElection74] INFO  impl.LeaderElection (LogUtils.java:infoOrTrace(142)) - 43369f36-6a0f-45ae-a8eb-f0d390948370@group-7E155E250634-LeaderElection74 got exception when requesting votes: java.util.concurrent.ExecutionException: org.apache.ratis.thirdparty.io.grpc.StatusRuntimeException: UNAVAILABLE: io exception
2025-10-10 10:38:24,697 [43369f36-6a0f-45ae-a8eb-f0d390948370@group-7E155E250634-LeaderElection74] INFO  impl.LeaderElection (LeaderElection.java:logAndReturn(206)) - 43369f36-6a0f-45ae-a8eb-f0d390948370@group-7E155E250634-LeaderElection74: PRE_VOTE REJECTED received 0 response(s) and 2 exception(s):
2025-10-10 10:38:24,697 [43369f36-6a0f-45ae-a8eb-f0d390948370@group-7E155E250634-LeaderElection74] INFO  impl.LeaderElection (LogUtils.java:infoOrTrace(142)) -   Exception 0: java.util.concurrent.ExecutionException: org.apache.ratis.thirdparty.io.grpc.StatusRuntimeException: UNAVAILABLE: io exception
2025-10-10 10:38:24,697 [43369f36-6a0f-45ae-a8eb-f0d390948370@group-7E155E250634-LeaderElection74] INFO  impl.LeaderElection (LogUtils.java:infoOrTrace(142)) -   Exception 1: java.util.concurrent.ExecutionException: org.apache.ratis.thirdparty.io.grpc.StatusRuntimeException: UNAVAILABLE: io exception
2025-10-10 10:38:24,697 [43369f36-6a0f-45ae-a8eb-f0d390948370@group-7E155E250634-LeaderElection74] INFO  impl.LeaderElection (LeaderElection.java:askForVotes(450)) - 43369f36-6a0f-45ae-a8eb-f0d390948370@group-7E155E250634-LeaderElection74 PRE_VOTE round 0: result REJECTED
2025-10-10 10:38:24,697 [43369f36-6a0f-45ae-a8eb-f0d390948370@group-7E155E250634-LeaderElection74] INFO  server.RaftServer$Division (RaftServerImpl.java:setRole(392)) - 43369f36-6a0f-45ae-a8eb-f0d390948370@group-7E155E250634: changes role from CANDIDATE to FOLLOWER at term 2 for REJECTED
2025-10-10 10:38:24,698 [43369f36-6a0f-45ae-a8eb-f0d390948370@group-7E155E250634-LeaderElection74] INFO  impl.RoleInfo (RoleInfo.java:shutdownLeaderElection(141)) - 43369f36-6a0f-45ae-a8eb-f0d390948370: shutdown 43369f36-6a0f-45ae-a8eb-f0d390948370@group-7E155E250634-LeaderElection74
2025-10-10 10:38:24,698 [43369f36-6a0f-45ae-a8eb-f0d390948370@group-7E155E250634-LeaderElection74] INFO  impl.RoleInfo (RoleInfo.java:updateAndGet(148)) - 43369f36-6a0f-45ae-a8eb-f0d390948370: start 43369f36-6a0f-45ae-a8eb-f0d390948370@group-7E155E250634-FollowerState
2025-10-10 10:38:24,819 [43369f36-6a0f-45ae-a8eb-f0d390948370@group-63ACBE5F7EDA-FollowerState] INFO  impl.FollowerState (FollowerState.java:runImpl(161)) - 43369f36-6a0f-45ae-a8eb-f0d390948370@group-63ACBE5F7EDA-FollowerState: change to CANDIDATE, lastRpcElapsedTime:1174256489ns, electionTimeout:1174ms
2025-10-10 10:38:24,819 [43369f36-6a0f-45ae-a8eb-f0d390948370@group-63ACBE5F7EDA-FollowerState] INFO  impl.RoleInfo (RoleInfo.java:shutdownFollowerState(121)) - 43369f36-6a0f-45ae-a8eb-f0d390948370: shutdown 43369f36-6a0f-45ae-a8eb-f0d390948370@group-63ACBE5F7EDA-FollowerState
2025-10-10 10:38:24,819 [43369f36-6a0f-45ae-a8eb-f0d390948370@group-63ACBE5F7EDA-FollowerState] INFO  server.RaftServer$Division (RaftServerImpl.java:setRole(392)) - 43369f36-6a0f-45ae-a8eb-f0d390948370@group-63ACBE5F7EDA: changes role from  FOLLOWER to CANDIDATE at term 1 for changeToCandidate
2025-10-10 10:38:24,819 [43369f36-6a0f-45ae-a8eb-f0d390948370@group-63ACBE5F7EDA-FollowerState] INFO  impl.RoleInfo (RoleInfo.java:updateAndGet(148)) - 43369f36-6a0f-45ae-a8eb-f0d390948370: start 43369f36-6a0f-45ae-a8eb-f0d390948370@group-63ACBE5F7EDA-LeaderElection75
2025-10-10 10:38:24,820 [43369f36-6a0f-45ae-a8eb-f0d390948370@group-63ACBE5F7EDA-LeaderElection75] INFO  impl.LeaderElection (LeaderElection.java:askForVotes(448)) - 43369f36-6a0f-45ae-a8eb-f0d390948370@group-63ACBE5F7EDA-LeaderElection75 PRE_VOTE round 0: submit vote requests at term 1 for conf: {index: 0, cur=peers:[bb95c33f-a3cb-4bbe-957e-8163c1fc1114|127.0.0.1:15031, 1a301c79-b9ef-44e0-a0ae-b339f61819a5|127.0.0.1:15023, 43369f36-6a0f-45ae-a8eb-f0d390948370|127.0.0.1:15015]|listeners:[], old=null}
2025-10-10 10:38:24,820 [43369f36-6a0f-45ae-a8eb-f0d390948370@group-63ACBE5F7EDA-LeaderElection75] INFO  impl.LeaderElection (LogUtils.java:infoOrTrace(142)) - 43369f36-6a0f-45ae-a8eb-f0d390948370@group-63ACBE5F7EDA-LeaderElection75 got exception when requesting votes: java.util.concurrent.ExecutionException: org.apache.ratis.thirdparty.io.grpc.StatusRuntimeException: UNAVAILABLE: io exception
2025-10-10 10:38:24,820 [43369f36-6a0f-45ae-a8eb-f0d390948370@group-63ACBE5F7EDA-LeaderElection75] INFO  impl.LeaderElection (LogUtils.java:infoOrTrace(142)) - 43369f36-6a0f-45ae-a8eb-f0d390948370@group-63ACBE5F7EDA-LeaderElection75 got exception when requesting votes: java.util.concurrent.ExecutionException: org.apache.ratis.thirdparty.io.grpc.StatusRuntimeException: UNAVAILABLE: io exception
2025-10-10 10:38:24,820 [43369f36-6a0f-45ae-a8eb-f0d390948370@group-63ACBE5F7EDA-LeaderElection75] INFO  impl.LeaderElection (LeaderElection.java:logAndReturn(206)) - 43369f36-6a0f-45ae-a8eb-f0d390948370@group-63ACBE5F7EDA-LeaderElection75: PRE_VOTE REJECTED received 0 response(s) and 2 exception(s):
2025-10-10 10:38:24,820 [43369f36-6a0f-45ae-a8eb-f0d390948370@group-63ACBE5F7EDA-LeaderElection75] INFO  impl.LeaderElection (LogUtils.java:infoOrTrace(142)) -   Exception 0: java.util.concurrent.ExecutionException: org.apache.ratis.thirdparty.io.grpc.StatusRuntimeException: UNAVAILABLE: io exception
2025-10-10 10:38:24,820 [43369f36-6a0f-45ae-a8eb-f0d390948370@group-63ACBE5F7EDA-LeaderElection75] INFO  impl.LeaderElection (LogUtils.java:infoOrTrace(142)) -   Exception 1: java.util.concurrent.ExecutionException: org.apache.ratis.thirdparty.io.grpc.StatusRuntimeException: UNAVAILABLE: io exception
2025-10-10 10:38:24,820 [43369f36-6a0f-45ae-a8eb-f0d390948370@group-63ACBE5F7EDA-LeaderElection75] INFO  impl.LeaderElection (LeaderElection.java:askForVotes(450)) - 43369f36-6a0f-45ae-a8eb-f0d390948370@group-63ACBE5F7EDA-LeaderElection75 PRE_VOTE round 0: result REJECTED
2025-10-10 10:38:24,820 [43369f36-6a0f-45ae-a8eb-f0d390948370@group-63ACBE5F7EDA-LeaderElection75] INFO  server.RaftServer$Division (RaftServerImpl.java:setRole(392)) - 43369f36-6a0f-45ae-a8eb-f0d390948370@group-63ACBE5F7EDA: changes role from CANDIDATE to FOLLOWER at term 1 for REJECTED
2025-10-10 10:38:24,821 [43369f36-6a0f-45ae-a8eb-f0d390948370@group-63ACBE5F7EDA-LeaderElection75] INFO  impl.RoleInfo (RoleInfo.java:shutdownLeaderElection(141)) - 43369f36-6a0f-45ae-a8eb-f0d390948370: shutdown 43369f36-6a0f-45ae-a8eb-f0d390948370@group-63ACBE5F7EDA-LeaderElection75
2025-10-10 10:38:24,821 [43369f36-6a0f-45ae-a8eb-f0d390948370@group-63ACBE5F7EDA-LeaderElection75] INFO  impl.RoleInfo (RoleInfo.java:updateAndGet(148)) - 43369f36-6a0f-45ae-a8eb-f0d390948370: start 43369f36-6a0f-45ae-a8eb-f0d390948370@group-63ACBE5F7EDA-FollowerState
2025-10-10 10:38:25,380 [grpc-default-executor-6] ERROR impl.OrderedAsync (OrderedAsync.java:lambda$null$6(215)) -  client-E7C31156E772: Failed* RaftClientRequest:client-E7C31156E772->bb95c33f-a3cb-4bbe-957e-8163c1fc1114@group-7E155E250634, cid=22, seq=4*, RW, cmdType: WriteChunk traceID: "" containerID: 1 datanodeUuid: "bb95c33f-a3cb-4bbe-957e-8163c1fc1114" writeChunk { blockID { containerID: 1 localID: 115816896921600001 blockCommitSequenceId: 2 replicaIndex: 0 } chunkData { chunkName: "115816896921600001_chunk_2" offset: 1048576 len: 1048576 } } version: 3, data.size=1048576
java.util.concurrent.CompletionException: java.io.IOException: org.apache.ratis.thirdparty.io.grpc.StatusRuntimeException: UNAVAILABLE: io exception
	at java.base/java.util.concurrent.CompletableFuture.encodeThrowable(CompletableFuture.java:332)
	at java.base/java.util.concurrent.CompletableFuture.completeThrowable(CompletableFuture.java:347)
	at java.base/java.util.concurrent.CompletableFuture$UniAccept.tryFire(CompletableFuture.java:708)
	at java.base/java.util.concurrent.CompletableFuture.postComplete(CompletableFuture.java:510)
	at java.base/java.util.concurrent.CompletableFuture.completeExceptionally(CompletableFuture.java:2194)
	at org.apache.ratis.grpc.client.GrpcClientProtocolClient$AsyncStreamObservers.completeReplyExceptionally(GrpcClientProtocolClient.java:397)
	at org.apache.ratis.grpc.client.GrpcClientProtocolClient$AsyncStreamObservers.access$000(GrpcClientProtocolClient.java:303)
	at org.apache.ratis.grpc.client.GrpcClientProtocolClient$AsyncStreamObservers$1.onError(GrpcClientProtocolClient.java:334)
	at org.apache.ratis.thirdparty.io.grpc.stub.ClientCalls$StreamObserverToCallListenerAdapter.onClose(ClientCalls.java:564)
	at org.apache.ratis.thirdparty.io.grpc.PartialForwardingClientCallListener.onClose(PartialForwardingClientCallListener.java:39)
	at org.apache.ratis.thirdparty.io.grpc.ForwardingClientCallListener.onClose(ForwardingClientCallListener.java:23)
	at org.apache.ratis.grpc.metrics.intercept.client.MetricClientCallListener.onClose(MetricClientCallListener.java:47)
	at org.apache.ratis.thirdparty.io.grpc.internal.ClientCallImpl.closeObserver(ClientCallImpl.java:565)
	at org.apache.ratis.thirdparty.io.grpc.internal.ClientCallImpl.access$100(ClientCallImpl.java:72)
	at org.apache.ratis.thirdparty.io.grpc.internal.ClientCallImpl$ClientStreamListenerImpl$1StreamClosed.runInternal(ClientCallImpl.java:733)
	at org.apache.ratis.thirdparty.io.grpc.internal.ClientCallImpl$ClientStreamListenerImpl$1StreamClosed.runInContext(ClientCallImpl.java:714)
	at org.apache.ratis.thirdparty.io.grpc.internal.ContextRunnable.run(ContextRunnable.java:37)
	at org.apache.ratis.thirdparty.io.grpc.internal.SerializingExecutor.run(SerializingExecutor.java:133)
	at java.base/java.util.concurrent.ThreadPoolExecutor.runWorker(ThreadPoolExecutor.java:1144)
	at java.base/java.util.concurrent.ThreadPoolExecutor$Worker.run(ThreadPoolExecutor.java:642)
	at java.base/java.lang.Thread.run(Thread.java:1583)
Caused by: java.io.IOException: org.apache.ratis.thirdparty.io.grpc.StatusRuntimeException: UNAVAILABLE: io exception
	at org.apache.ratis.grpc.GrpcUtil.unwrapException(GrpcUtil.java:99)
	at org.apache.ratis.grpc.GrpcUtil.unwrapIOException(GrpcUtil.java:159)
	at org.apache.ratis.grpc.client.GrpcClientProtocolClient$AsyncStreamObservers$1.onError(GrpcClientProtocolClient.java:333)
	... 13 more
Caused by: org.apache.ratis.thirdparty.io.grpc.StatusRuntimeException: UNAVAILABLE: io exception
	at org.apache.ratis.thirdparty.io.grpc.Status.asRuntimeException(Status.java:532)
	... 13 more
Caused by: org.apache.ratis.thirdparty.io.netty.channel.AbstractChannel$AnnotatedConnectException: finishConnect(..) failed: Connection refused: /127.0.0.1:15029
Caused by: java.net.ConnectException: finishConnect(..) failed: Connection refused
	at org.apache.ratis.thirdparty.io.netty.channel.unix.Errors.newConnectException0(Errors.java:166)
	at org.apache.ratis.thirdparty.io.netty.channel.unix.Errors.handleConnectErrno(Errors.java:131)
	at org.apache.ratis.thirdparty.io.netty.channel.unix.Socket.finishConnect(Socket.java:359)
	at org.apache.ratis.thirdparty.io.netty.channel.epoll.AbstractEpollChannel$AbstractEpollUnsafe.doFinishConnect(AbstractEpollChannel.java:715)
	at org.apache.ratis.thirdparty.io.netty.channel.epoll.AbstractEpollChannel$AbstractEpollUnsafe.finishConnect(AbstractEpollChannel.java:692)
	at org.apache.ratis.thirdparty.io.netty.channel.epoll.AbstractEpollChannel$AbstractEpollUnsafe.epollOutReady(AbstractEpollChannel.java:567)
	at org.apache.ratis.thirdparty.io.netty.channel.epoll.EpollEventLoop.processReady(EpollEventLoop.java:491)
	at org.apache.ratis.thirdparty.io.netty.channel.epoll.EpollEventLoop.run(EpollEventLoop.java:399)
	at org.apache.ratis.thirdparty.io.netty.util.concurrent.SingleThreadEventExecutor$4.run(SingleThreadEventExecutor.java:998)
	at org.apache.ratis.thirdparty.io.netty.util.internal.ThreadExecutorMap$2.run(ThreadExecutorMap.java:74)
	at org.apache.ratis.thirdparty.io.netty.util.concurrent.FastThreadLocalRunnable.run(FastThreadLocalRunnable.java:30)
	at java.base/java.lang.Thread.run(Thread.java:1583)
2025-10-10 10:38:25,384 [grpc-default-executor-6] ERROR impl.OrderedAsync (OrderedAsync.java:lambda$send$4(181)) - Failed to send request, message=cmdType: WriteChunk traceID: "" containerID: 1 datanodeUuid: "bb95c33f-a3cb-4bbe-957e-8163c1fc1114" writeChunk { blockID { containerID: 1 localID: 115816896921600001 blockCommitSequenceId: 2 replicaIndex: 0 } chunkData { chunkName: "115816896921600001_chunk_2" offset: 1048576 len: 1048576 } } version: 3, data.size=1048576
java.util.concurrent.CompletionException: org.apache.ratis.protocol.exceptions.RaftRetryFailureException: Failed RaftClientRequest:client-E7C31156E772->bb95c33f-a3cb-4bbe-957e-8163c1fc1114@group-7E155E250634, cid=22, seq=4*, RW, cmdType: WriteChunk traceID: "" containerID: 1 datanodeUuid: "bb95c33f-a3cb-4bbe-957e-8163c1fc1114" writeChunk { blockID { containerID: 1 localID: 115816896921600001 blockCommitSequenceId: 2 replicaIndex: 0 } chunkData { chunkName: "115816896921600001_chunk_2" offset: 1048576 len: 1048576 } } version: 3, data.size=1048576 for 7 attempts with RequestTypeDependentRetryPolicy{WRITE->ExceptionDependentRetry(maxAttempts=2147483647; defaultPolicy=MultipleLinearRandomRetry[5x5s, 5x10s, 5x15s, 5x20s, 5x25s, 10x60s]; map={org.apache.ratis.protocol.exceptions.GroupMismatchException->NoRetry, org.apache.ratis.protocol.exceptions.NotReplicatedException->NoRetry, org.apache.ratis.protocol.exceptions.ResourceUnavailableException->org.apache.ratis.retry.ExponentialBackoffRetry@21ad870f, org.apache.ratis.protocol.exceptions.StateMachineException->NoRetry, org.apache.ratis.protocol.exceptions.TimeoutIOException->org.apache.ratis.retry.ExponentialBackoffRetry@21ad870f}), WATCH->ExceptionDependentRetry(maxAttempts=2147483647; defaultPolicy=MultipleLinearRandomRetry[5x5s, 5x10s, 5x15s, 5x20s, 5x25s, 10x60s]; map={org.apache.ratis.protocol.exceptions.GroupMismatchException->NoRetry, org.apache.ratis.protocol.exceptions.NotReplicatedException->NoRetry, org.apache.ratis.protocol.exceptions.ResourceUnavailableException->org.apache.ratis.retry.ExponentialBackoffRetry@21ad870f, org.apache.ratis.protocol.exceptions.StateMachineException->NoRetry, org.apache.ratis.protocol.exceptions.TimeoutIOException->NoRetry})}
	at java.base/java.util.concurrent.CompletableFuture.encodeThrowable(CompletableFuture.java:332)
	at java.base/java.util.concurrent.CompletableFuture.completeThrowable(CompletableFuture.java:347)
	at java.base/java.util.concurrent.CompletableFuture$UniApply.tryFire(CompletableFuture.java:636)
	at java.base/java.util.concurrent.CompletableFuture.postComplete(CompletableFuture.java:510)
	at java.base/java.util.concurrent.CompletableFuture.completeExceptionally(CompletableFuture.java:2194)
	at org.apache.ratis.client.impl.OrderedAsync$PendingOrderedRequest.fail(OrderedAsync.java:111)
	at org.apache.ratis.util.SlidingWindow$Client.fail(SlidingWindow.java:395)
	at org.apache.ratis.client.impl.OrderedAsync.failAllAsyncRequests(OrderedAsync.java:155)
	at org.apache.ratis.client.impl.OrderedAsync.handleException(OrderedAsync.java:239)
	at org.apache.ratis.client.impl.OrderedAsync.lambda$sendRequestWithRetry$7(OrderedAsync.java:217)
	at java.base/java.util.concurrent.CompletableFuture.uniExceptionally(CompletableFuture.java:990)
	at java.base/java.util.concurrent.CompletableFuture$UniExceptionally.tryFire(CompletableFuture.java:974)
	at java.base/java.util.concurrent.CompletableFuture.postComplete(CompletableFuture.java:510)
	at java.base/java.util.concurrent.CompletableFuture.completeExceptionally(CompletableFuture.java:2194)
	at org.apache.ratis.grpc.client.GrpcClientProtocolClient$AsyncStreamObservers.completeReplyExceptionally(GrpcClientProtocolClient.java:397)
	at org.apache.ratis.grpc.client.GrpcClientProtocolClient$AsyncStreamObservers.access$000(GrpcClientProtocolClient.java:303)
	at org.apache.ratis.grpc.client.GrpcClientProtocolClient$AsyncStreamObservers$1.onError(GrpcClientProtocolClient.java:334)
	at org.apache.ratis.thirdparty.io.grpc.stub.ClientCalls$StreamObserverToCallListenerAdapter.onClose(ClientCalls.java:564)
	at org.apache.ratis.thirdparty.io.grpc.PartialForwardingClientCallListener.onClose(PartialForwardingClientCallListener.java:39)
	at org.apache.ratis.thirdparty.io.grpc.ForwardingClientCallListener.onClose(ForwardingClientCallListener.java:23)
	at org.apache.ratis.grpc.metrics.intercept.client.MetricClientCallListener.onClose(MetricClientCallListener.java:47)
	at org.apache.ratis.thirdparty.io.grpc.internal.ClientCallImpl.closeObserver(ClientCallImpl.java:565)
	at org.apache.ratis.thirdparty.io.grpc.internal.ClientCallImpl.access$100(ClientCallImpl.java:72)
	at org.apache.ratis.thirdparty.io.grpc.internal.ClientCallImpl$ClientStreamListenerImpl$1StreamClosed.runInternal(ClientCallImpl.java:733)
	at org.apache.ratis.thirdparty.io.grpc.internal.ClientCallImpl$ClientStreamListenerImpl$1StreamClosed.runInContext(ClientCallImpl.java:714)
	at org.apache.ratis.thirdparty.io.grpc.internal.ContextRunnable.run(ContextRunnable.java:37)
	at org.apache.ratis.thirdparty.io.grpc.internal.SerializingExecutor.run(SerializingExecutor.java:133)
	at java.base/java.util.concurrent.ThreadPoolExecutor.runWorker(ThreadPoolExecutor.java:1144)
	at java.base/java.util.concurrent.ThreadPoolExecutor$Worker.run(ThreadPoolExecutor.java:642)
	at java.base/java.lang.Thread.run(Thread.java:1583)
Caused by: org.apache.ratis.protocol.exceptions.RaftRetryFailureException: Failed RaftClientRequest:client-E7C31156E772->bb95c33f-a3cb-4bbe-957e-8163c1fc1114@group-7E155E250634, cid=22, seq=4*, RW, cmdType: WriteChunk traceID: "" containerID: 1 datanodeUuid: "bb95c33f-a3cb-4bbe-957e-8163c1fc1114" writeChunk { blockID { containerID: 1 localID: 115816896921600001 blockCommitSequenceId: 2 replicaIndex: 0 } chunkData { chunkName: "115816896921600001_chunk_2" offset: 1048576 len: 1048576 } } version: 3, data.size=1048576 for 7 attempts with RequestTypeDependentRetryPolicy{WRITE->ExceptionDependentRetry(maxAttempts=2147483647; defaultPolicy=MultipleLinearRandomRetry[5x5s, 5x10s, 5x15s, 5x20s, 5x25s, 10x60s]; map={org.apache.ratis.protocol.exceptions.GroupMismatchException->NoRetry, org.apache.ratis.protocol.exceptions.NotReplicatedException->NoRetry, org.apache.ratis.protocol.exceptions.ResourceUnavailableException->org.apache.ratis.retry.ExponentialBackoffRetry@21ad870f, org.apache.ratis.protocol.exceptions.StateMachineException->NoRetry, org.apache.ratis.protocol.exceptions.TimeoutIOException->org.apache.ratis.retry.ExponentialBackoffRetry@21ad870f}), WATCH->ExceptionDependentRetry(maxAttempts=2147483647; defaultPolicy=MultipleLinearRandomRetry[5x5s, 5x10s, 5x15s, 5x20s, 5x25s, 10x60s]; map={org.apache.ratis.protocol.exceptions.GroupMismatchException->NoRetry, org.apache.ratis.protocol.exceptions.NotReplicatedException->NoRetry, org.apache.ratis.protocol.exceptions.ResourceUnavailableException->org.apache.ratis.retry.ExponentialBackoffRetry@21ad870f, org.apache.ratis.protocol.exceptions.StateMachineException->NoRetry, org.apache.ratis.protocol.exceptions.TimeoutIOException->NoRetry})}
	at org.apache.ratis.client.impl.RaftClientImpl.noMoreRetries(RaftClientImpl.java:352)
	... 22 more
Caused by: java.io.IOException: org.apache.ratis.thirdparty.io.grpc.StatusRuntimeException: UNAVAILABLE: io exception
	at org.apache.ratis.grpc.GrpcUtil.unwrapException(GrpcUtil.java:99)
	at org.apache.ratis.grpc.GrpcUtil.unwrapIOException(GrpcUtil.java:159)
	at org.apache.ratis.grpc.client.GrpcClientProtocolClient$AsyncStreamObservers$1.onError(GrpcClientProtocolClient.java:333)
	... 13 more
Caused by: org.apache.ratis.thirdparty.io.grpc.StatusRuntimeException: UNAVAILABLE: io exception
	at org.apache.ratis.thirdparty.io.grpc.Status.asRuntimeException(Status.java:532)
	... 13 more
Caused by: org.apache.ratis.thirdparty.io.netty.channel.AbstractChannel$AnnotatedConnectException: finishConnect(..) failed: Connection refused: /127.0.0.1:15029
Caused by: java.net.ConnectException: finishConnect(..) failed: Connection refused
	at org.apache.ratis.thirdparty.io.netty.channel.unix.Errors.newConnectException0(Errors.java:166)
	at org.apache.ratis.thirdparty.io.netty.channel.unix.Errors.handleConnectErrno(Errors.java:131)
	at org.apache.ratis.thirdparty.io.netty.channel.unix.Socket.finishConnect(Socket.java:359)
	at org.apache.ratis.thirdparty.io.netty.channel.epoll.AbstractEpollChannel$AbstractEpollUnsafe.doFinishConnect(AbstractEpollChannel.java:715)
	at org.apache.ratis.thirdparty.io.netty.channel.epoll.AbstractEpollChannel$AbstractEpollUnsafe.finishConnect(AbstractEpollChannel.java:692)
	at org.apache.ratis.thirdparty.io.netty.channel.epoll.AbstractEpollChannel$AbstractEpollUnsafe.epollOutReady(AbstractEpollChannel.java:567)
	at org.apache.ratis.thirdparty.io.netty.channel.epoll.EpollEventLoop.processReady(EpollEventLoop.java:491)
	at org.apache.ratis.thirdparty.io.netty.channel.epoll.EpollEventLoop.run(EpollEventLoop.java:399)
	at org.apache.ratis.thirdparty.io.netty.util.concurrent.SingleThreadEventExecutor$4.run(SingleThreadEventExecutor.java:998)
	at org.apache.ratis.thirdparty.io.netty.util.internal.ThreadExecutorMap$2.run(ThreadExecutorMap.java:74)
	at org.apache.ratis.thirdparty.io.netty.util.concurrent.FastThreadLocalRunnable.run(FastThreadLocalRunnable.java:30)
	at java.base/java.lang.Thread.run(Thread.java:1583)
2025-10-10 10:38:25,387 [grpc-default-executor-6] ERROR impl.OrderedAsync (OrderedAsync.java:lambda$send$4(179)) - Failed to send request, message=cmdType: PutBlock traceID: "" containerID: 1 datanodeUuid: "bb95c33f-a3cb-4bbe-957e-8163c1fc1114" putBlock { blockData { blockID { containerID: 1 localID: 115816896921600001 blockCommitSequenceId: 0 } metadata { key: "TYPE" value: "KEY" } chunks { chunkName: "115816896921600001_chunk_1" offset: 0 len: 1048576 } chunks { chunkName: "115816896921600001_chunk_2" offset: 1048576 len: 1048576 } } eof: false } version: 3, data.size=0 due to java.util.concurrent.CompletionException: org.apache.ratis.protocol.exceptions.AlreadyClosedException: SlidingWindow$Client:client-E7C31156E772->RAFT is closed.
2025-10-10 10:38:25,388 [grpc-default-executor-6] ERROR impl.OrderedAsync (OrderedAsync.java:lambda$send$4(179)) - Failed to send request, message=cmdType: WriteChunk traceID: "" containerID: 1 datanodeUuid: "bb95c33f-a3cb-4bbe-957e-8163c1fc1114" writeChunk { blockID { containerID: 1 localID: 115816896921600001 blockCommitSequenceId: 2 replicaIndex: 0 } chunkData { chunkName: "115816896921600001_chunk_3" offset: 2097152 len: 1048576 } } version: 3, data.size=1048576 due to java.util.concurrent.CompletionException: org.apache.ratis.protocol.exceptions.AlreadyClosedException: SlidingWindow$Client:client-E7C31156E772->RAFT is closed.
2025-10-10 10:38:25,388 [grpc-default-executor-6] ERROR impl.OrderedAsync (OrderedAsync.java:lambda$send$4(179)) - Failed to send request, message=cmdType: PutBlock traceID: "" containerID: 1 datanodeUuid: "bb95c33f-a3cb-4bbe-957e-8163c1fc1114" putBlock { blockData { blockID { containerID: 1 localID: 115816896921600001 blockCommitSequenceId: 0 } metadata { key: "TYPE" value: "KEY" } chunks { chunkName: "115816896921600001_chunk_1" offset: 0 len: 1048576 } chunks { chunkName: "115816896921600001_chunk_2" offset: 1048576 len: 1048576 } chunks { chunkName: "115816896921600001_chunk_3" offset: 2097152 len: 1048576 } } eof: false } version: 3, data.size=0 due to java.util.concurrent.CompletionException: org.apache.ratis.protocol.exceptions.AlreadyClosedException: SlidingWindow$Client:client-E7C31156E772->RAFT is closed.
2025-10-10 10:38:25,390 [ForkJoinPool-1-worker-1] WARN  io.KeyOutputStream (KeyOutputStream.java:handleExceptionInternal(377)) - Encountered exception java.io.IOException: Unexpected Storage Container Exception: java.util.concurrent.CompletionException: Failed to write chunk 115816896921600001_chunk_2 into block conID: 1 locID: 115816896921600001 bcsId: 2 replicaIndex: null on the pipeline Pipeline{ Id: 6f49885d-a34d-467d-8256-7e155e250634, Nodes: [ {bb95c33f-a3cb-4bbe-957e-8163c1fc1114(localhost/127.0.0.1), ReplicaIndex: 0}, {1a301c79-b9ef-44e0-a0ae-b339f61819a5(localhost/127.0.0.1), ReplicaIndex: 0}, {43369f36-6a0f-45ae-a8eb-f0d390948370(localhost/127.0.0.1), ReplicaIndex: 0},], ReplicationConfig: RATIS/THREE, State:OPEN, leaderId:bb95c33f-a3cb-4bbe-957e-8163c1fc1114, CreationTimestamp2025-10-10T10:37:44.477Z[Etc/UTC]}. The last committed block length is 1048576, uncommitted data length is 2097152 retry count 0
2025-10-10 10:38:25,412 [grpc-default-executor-4] ERROR impl.OrderedAsync (OrderedAsync.java:lambda$null$6(215)) -  client-11C8565B59B3: Failed* RaftClientRequest:client-11C8565B59B3->1a301c79-b9ef-44e0-a0ae-b339f61819a5@group-63ACBE5F7EDA, cid=26, seq=1*, Watch(0), null
java.util.concurrent.CompletionException: java.io.IOException: org.apache.ratis.thirdparty.io.grpc.StatusRuntimeException: UNAVAILABLE: io exception
	at java.base/java.util.concurrent.CompletableFuture.encodeThrowable(CompletableFuture.java:332)
	at java.base/java.util.concurrent.CompletableFuture.completeThrowable(CompletableFuture.java:347)
	at java.base/java.util.concurrent.CompletableFuture$UniAccept.tryFire(CompletableFuture.java:708)
	at java.base/java.util.concurrent.CompletableFuture.postComplete(CompletableFuture.java:510)
	at java.base/java.util.concurrent.CompletableFuture.completeExceptionally(CompletableFuture.java:2194)
	at org.apache.ratis.grpc.client.GrpcClientProtocolClient$AsyncStreamObservers.completeReplyExceptionally(GrpcClientProtocolClient.java:397)
	at org.apache.ratis.grpc.client.GrpcClientProtocolClient$AsyncStreamObservers.access$000(GrpcClientProtocolClient.java:303)
	at org.apache.ratis.grpc.client.GrpcClientProtocolClient$AsyncStreamObservers$1.onError(GrpcClientProtocolClient.java:334)
	at org.apache.ratis.thirdparty.io.grpc.stub.ClientCalls$StreamObserverToCallListenerAdapter.onClose(ClientCalls.java:564)
	at org.apache.ratis.thirdparty.io.grpc.PartialForwardingClientCallListener.onClose(PartialForwardingClientCallListener.java:39)
	at org.apache.ratis.thirdparty.io.grpc.ForwardingClientCallListener.onClose(ForwardingClientCallListener.java:23)
	at org.apache.ratis.grpc.metrics.intercept.client.MetricClientCallListener.onClose(MetricClientCallListener.java:47)
	at org.apache.ratis.thirdparty.io.grpc.internal.ClientCallImpl.closeObserver(ClientCallImpl.java:565)
	at org.apache.ratis.thirdparty.io.grpc.internal.ClientCallImpl.access$100(ClientCallImpl.java:72)
	at org.apache.ratis.thirdparty.io.grpc.internal.ClientCallImpl$ClientStreamListenerImpl$1StreamClosed.runInternal(ClientCallImpl.java:733)
	at org.apache.ratis.thirdparty.io.grpc.internal.ClientCallImpl$ClientStreamListenerImpl$1StreamClosed.runInContext(ClientCallImpl.java:714)
	at org.apache.ratis.thirdparty.io.grpc.internal.ContextRunnable.run(ContextRunnable.java:37)
	at org.apache.ratis.thirdparty.io.grpc.internal.SerializingExecutor.run(SerializingExecutor.java:133)
	at java.base/java.util.concurrent.ThreadPoolExecutor.runWorker(ThreadPoolExecutor.java:1144)
	at java.base/java.util.concurrent.ThreadPoolExecutor$Worker.run(ThreadPoolExecutor.java:642)
	at java.base/java.lang.Thread.run(Thread.java:1583)
Caused by: java.io.IOException: org.apache.ratis.thirdparty.io.grpc.StatusRuntimeException: UNAVAILABLE: io exception
	at org.apache.ratis.grpc.GrpcUtil.unwrapException(GrpcUtil.java:99)
	at org.apache.ratis.grpc.GrpcUtil.unwrapIOException(GrpcUtil.java:159)
	at org.apache.ratis.grpc.client.GrpcClientProtocolClient$AsyncStreamObservers$1.onError(GrpcClientProtocolClient.java:333)
	... 13 more
Caused by: org.apache.ratis.thirdparty.io.grpc.StatusRuntimeException: UNAVAILABLE: io exception
	at org.apache.ratis.thirdparty.io.grpc.Status.asRuntimeException(Status.java:532)
	... 13 more
Caused by: org.apache.ratis.thirdparty.io.netty.channel.AbstractChannel$AnnotatedConnectException: finishConnect(..) failed: Connection refused: /127.0.0.1:15021
Caused by: java.net.ConnectException: finishConnect(..) failed: Connection refused
	at org.apache.ratis.thirdparty.io.netty.channel.unix.Errors.newConnectException0(Errors.java:166)
	at org.apache.ratis.thirdparty.io.netty.channel.unix.Errors.handleConnectErrno(Errors.java:131)
	at org.apache.ratis.thirdparty.io.netty.channel.unix.Socket.finishConnect(Socket.java:359)
	at org.apache.ratis.thirdparty.io.netty.channel.epoll.AbstractEpollChannel$AbstractEpollUnsafe.doFinishConnect(AbstractEpollChannel.java:715)
	at org.apache.ratis.thirdparty.io.netty.channel.epoll.AbstractEpollChannel$AbstractEpollUnsafe.finishConnect(AbstractEpollChannel.java:692)
	at org.apache.ratis.thirdparty.io.netty.channel.epoll.AbstractEpollChannel$AbstractEpollUnsafe.epollOutReady(AbstractEpollChannel.java:567)
	at org.apache.ratis.thirdparty.io.netty.channel.epoll.EpollEventLoop.processReady(EpollEventLoop.java:491)
	at org.apache.ratis.thirdparty.io.netty.channel.epoll.EpollEventLoop.run(EpollEventLoop.java:399)
	at org.apache.ratis.thirdparty.io.netty.util.concurrent.SingleThreadEventExecutor$4.run(SingleThreadEventExecutor.java:998)
	at org.apache.ratis.thirdparty.io.netty.util.internal.ThreadExecutorMap$2.run(ThreadExecutorMap.java:74)
	at org.apache.ratis.thirdparty.io.netty.util.concurrent.FastThreadLocalRunnable.run(FastThreadLocalRunnable.java:30)
	at java.base/java.lang.Thread.run(Thread.java:1583)
2025-10-10 10:38:25,792 [43369f36-6a0f-45ae-a8eb-f0d390948370@group-7E155E250634-FollowerState] INFO  impl.FollowerState (FollowerState.java:runImpl(161)) - 43369f36-6a0f-45ae-a8eb-f0d390948370@group-7E155E250634-FollowerState: change to CANDIDATE, lastRpcElapsedTime:1094260124ns, electionTimeout:1094ms
2025-10-10 10:38:25,792 [43369f36-6a0f-45ae-a8eb-f0d390948370@group-7E155E250634-FollowerState] INFO  impl.RoleInfo (RoleInfo.java:shutdownFollowerState(121)) - 43369f36-6a0f-45ae-a8eb-f0d390948370: shutdown 43369f36-6a0f-45ae-a8eb-f0d390948370@group-7E155E250634-FollowerState
2025-10-10 10:38:25,792 [43369f36-6a0f-45ae-a8eb-f0d390948370@group-7E155E250634-FollowerState] INFO  server.RaftServer$Division (RaftServerImpl.java:setRole(392)) - 43369f36-6a0f-45ae-a8eb-f0d390948370@group-7E155E250634: changes role from  FOLLOWER to CANDIDATE at term 2 for changeToCandidate
2025-10-10 10:38:25,792 [43369f36-6a0f-45ae-a8eb-f0d390948370@group-7E155E250634-FollowerState] INFO  impl.RoleInfo (RoleInfo.java:updateAndGet(148)) - 43369f36-6a0f-45ae-a8eb-f0d390948370: start 43369f36-6a0f-45ae-a8eb-f0d390948370@group-7E155E250634-LeaderElection76
2025-10-10 10:38:25,793 [43369f36-6a0f-45ae-a8eb-f0d390948370@group-7E155E250634-LeaderElection76] INFO  impl.LeaderElection (LeaderElection.java:askForVotes(448)) - 43369f36-6a0f-45ae-a8eb-f0d390948370@group-7E155E250634-LeaderElection76 PRE_VOTE round 0: submit vote requests at term 2 for conf: {index: 5, cur=peers:[bb95c33f-a3cb-4bbe-957e-8163c1fc1114|127.0.0.1:15031, 1a301c79-b9ef-44e0-a0ae-b339f61819a5|127.0.0.1:15023, 43369f36-6a0f-45ae-a8eb-f0d390948370|127.0.0.1:15015]|listeners:[], old=null}
2025-10-10 10:38:25,793 [43369f36-6a0f-45ae-a8eb-f0d390948370@group-7E155E250634-LeaderElection76] INFO  impl.LeaderElection (LogUtils.java:infoOrTrace(142)) - 43369f36-6a0f-45ae-a8eb-f0d390948370@group-7E155E250634-LeaderElection76 got exception when requesting votes: java.util.concurrent.ExecutionException: org.apache.ratis.thirdparty.io.grpc.StatusRuntimeException: UNAVAILABLE: io exception
2025-10-10 10:38:25,793 [43369f36-6a0f-45ae-a8eb-f0d390948370@group-7E155E250634-LeaderElection76] INFO  impl.LeaderElection (LogUtils.java:infoOrTrace(142)) - 43369f36-6a0f-45ae-a8eb-f0d390948370@group-7E155E250634-LeaderElection76 got exception when requesting votes: java.util.concurrent.ExecutionException: org.apache.ratis.thirdparty.io.grpc.StatusRuntimeException: UNAVAILABLE: io exception
2025-10-10 10:38:25,793 [43369f36-6a0f-45ae-a8eb-f0d390948370@group-7E155E250634-LeaderElection76] INFO  impl.LeaderElection (LeaderElection.java:logAndReturn(206)) - 43369f36-6a0f-45ae-a8eb-f0d390948370@group-7E155E250634-LeaderElection76: PRE_VOTE REJECTED received 0 response(s) and 2 exception(s):
2025-10-10 10:38:25,793 [43369f36-6a0f-45ae-a8eb-f0d390948370@group-7E155E250634-LeaderElection76] INFO  impl.LeaderElection (LogUtils.java:infoOrTrace(142)) -   Exception 0: java.util.concurrent.ExecutionException: org.apache.ratis.thirdparty.io.grpc.StatusRuntimeException: UNAVAILABLE: io exception
2025-10-10 10:38:25,793 [43369f36-6a0f-45ae-a8eb-f0d390948370@group-7E155E250634-LeaderElection76] INFO  impl.LeaderElection (LogUtils.java:infoOrTrace(142)) -   Exception 1: java.util.concurrent.ExecutionException: org.apache.ratis.thirdparty.io.grpc.StatusRuntimeException: UNAVAILABLE: io exception
2025-10-10 10:38:25,793 [43369f36-6a0f-45ae-a8eb-f0d390948370@group-7E155E250634-LeaderElection76] INFO  impl.LeaderElection (LeaderElection.java:askForVotes(450)) - 43369f36-6a0f-45ae-a8eb-f0d390948370@group-7E155E250634-LeaderElection76 PRE_VOTE round 0: result REJECTED
2025-10-10 10:38:25,794 [43369f36-6a0f-45ae-a8eb-f0d390948370@group-7E155E250634-LeaderElection76] INFO  server.RaftServer$Division (RaftServerImpl.java:setRole(392)) - 43369f36-6a0f-45ae-a8eb-f0d390948370@group-7E155E250634: changes role from CANDIDATE to FOLLOWER at term 2 for REJECTED
2025-10-10 10:38:25,794 [43369f36-6a0f-45ae-a8eb-f0d390948370@group-7E155E250634-LeaderElection76] INFO  impl.RoleInfo (RoleInfo.java:shutdownLeaderElection(141)) - 43369f36-6a0f-45ae-a8eb-f0d390948370: shutdown 43369f36-6a0f-45ae-a8eb-f0d390948370@group-7E155E250634-LeaderElection76
2025-10-10 10:38:25,794 [43369f36-6a0f-45ae-a8eb-f0d390948370@group-7E155E250634-LeaderElection76] INFO  impl.RoleInfo (RoleInfo.java:updateAndGet(148)) - 43369f36-6a0f-45ae-a8eb-f0d390948370: start 43369f36-6a0f-45ae-a8eb-f0d390948370@group-7E155E250634-FollowerState
2025-10-10 10:38:25,932 [43369f36-6a0f-45ae-a8eb-f0d390948370@group-63ACBE5F7EDA-FollowerState] INFO  impl.FollowerState (FollowerState.java:runImpl(161)) - 43369f36-6a0f-45ae-a8eb-f0d390948370@group-63ACBE5F7EDA-FollowerState: change to CANDIDATE, lastRpcElapsedTime:1111293698ns, electionTimeout:1111ms
2025-10-10 10:38:25,932 [43369f36-6a0f-45ae-a8eb-f0d390948370@group-63ACBE5F7EDA-FollowerState] INFO  impl.RoleInfo (RoleInfo.java:shutdownFollowerState(121)) - 43369f36-6a0f-45ae-a8eb-f0d390948370: shutdown 43369f36-6a0f-45ae-a8eb-f0d390948370@group-63ACBE5F7EDA-FollowerState
2025-10-10 10:38:25,932 [43369f36-6a0f-45ae-a8eb-f0d390948370@group-63ACBE5F7EDA-FollowerState] INFO  server.RaftServer$Division (RaftServerImpl.java:setRole(392)) - 43369f36-6a0f-45ae-a8eb-f0d390948370@group-63ACBE5F7EDA: changes role from  FOLLOWER to CANDIDATE at term 1 for changeToCandidate
2025-10-10 10:38:25,932 [43369f36-6a0f-45ae-a8eb-f0d390948370@group-63ACBE5F7EDA-FollowerState] INFO  impl.RoleInfo (RoleInfo.java:updateAndGet(148)) - 43369f36-6a0f-45ae-a8eb-f0d390948370: start 43369f36-6a0f-45ae-a8eb-f0d390948370@group-63ACBE5F7EDA-LeaderElection77
2025-10-10 10:38:25,933 [43369f36-6a0f-45ae-a8eb-f0d390948370@group-63ACBE5F7EDA-LeaderElection77] INFO  impl.LeaderElection (LeaderElection.java:askForVotes(448)) - 43369f36-6a0f-45ae-a8eb-f0d390948370@group-63ACBE5F7EDA-LeaderElection77 PRE_VOTE round 0: submit vote requests at term 1 for conf: {index: 0, cur=peers:[bb95c33f-a3cb-4bbe-957e-8163c1fc1114|127.0.0.1:15031, 1a301c79-b9ef-44e0-a0ae-b339f61819a5|127.0.0.1:15023, 43369f36-6a0f-45ae-a8eb-f0d390948370|127.0.0.1:15015]|listeners:[], old=null}
2025-10-10 10:38:25,933 [43369f36-6a0f-45ae-a8eb-f0d390948370@group-63ACBE5F7EDA-LeaderElection77] INFO  impl.LeaderElection (LogUtils.java:infoOrTrace(142)) - 43369f36-6a0f-45ae-a8eb-f0d390948370@group-63ACBE5F7EDA-LeaderElection77 got exception when requesting votes: java.util.concurrent.ExecutionException: org.apache.ratis.thirdparty.io.grpc.StatusRuntimeException: UNAVAILABLE: io exception
2025-10-10 10:38:25,933 [43369f36-6a0f-45ae-a8eb-f0d390948370@group-63ACBE5F7EDA-LeaderElection77] INFO  impl.LeaderElection (LogUtils.java:infoOrTrace(142)) - 43369f36-6a0f-45ae-a8eb-f0d390948370@group-63ACBE5F7EDA-LeaderElection77 got exception when requesting votes: java.util.concurrent.ExecutionException: org.apache.ratis.thirdparty.io.grpc.StatusRuntimeException: UNAVAILABLE: io exception
2025-10-10 10:38:25,933 [43369f36-6a0f-45ae-a8eb-f0d390948370@group-63ACBE5F7EDA-LeaderElection77] INFO  impl.LeaderElection (LeaderElection.java:logAndReturn(206)) - 43369f36-6a0f-45ae-a8eb-f0d390948370@group-63ACBE5F7EDA-LeaderElection77: PRE_VOTE REJECTED received 0 response(s) and 2 exception(s):
2025-10-10 10:38:25,933 [43369f36-6a0f-45ae-a8eb-f0d390948370@group-63ACBE5F7EDA-LeaderElection77] INFO  impl.LeaderElection (LogUtils.java:infoOrTrace(142)) -   Exception 0: java.util.concurrent.ExecutionException: org.apache.ratis.thirdparty.io.grpc.StatusRuntimeException: UNAVAILABLE: io exception
2025-10-10 10:38:25,933 [43369f36-6a0f-45ae-a8eb-f0d390948370@group-63ACBE5F7EDA-LeaderElection77] INFO  impl.LeaderElection (LogUtils.java:infoOrTrace(142)) -   Exception 1: java.util.concurrent.ExecutionException: org.apache.ratis.thirdparty.io.grpc.StatusRuntimeException: UNAVAILABLE: io exception
2025-10-10 10:38:25,933 [43369f36-6a0f-45ae-a8eb-f0d390948370@group-63ACBE5F7EDA-LeaderElection77] INFO  impl.LeaderElection (LeaderElection.java:askForVotes(450)) - 43369f36-6a0f-45ae-a8eb-f0d390948370@group-63ACBE5F7EDA-LeaderElection77 PRE_VOTE round 0: result REJECTED
2025-10-10 10:38:25,934 [43369f36-6a0f-45ae-a8eb-f0d390948370@group-63ACBE5F7EDA-LeaderElection77] INFO  server.RaftServer$Division (RaftServerImpl.java:setRole(392)) - 43369f36-6a0f-45ae-a8eb-f0d390948370@group-63ACBE5F7EDA: changes role from CANDIDATE to FOLLOWER at term 1 for REJECTED
2025-10-10 10:38:25,934 [43369f36-6a0f-45ae-a8eb-f0d390948370@group-63ACBE5F7EDA-LeaderElection77] INFO  impl.RoleInfo (RoleInfo.java:shutdownLeaderElection(141)) - 43369f36-6a0f-45ae-a8eb-f0d390948370: shutdown 43369f36-6a0f-45ae-a8eb-f0d390948370@group-63ACBE5F7EDA-LeaderElection77
2025-10-10 10:38:25,934 [43369f36-6a0f-45ae-a8eb-f0d390948370@group-63ACBE5F7EDA-LeaderElection77] INFO  impl.RoleInfo (RoleInfo.java:updateAndGet(148)) - 43369f36-6a0f-45ae-a8eb-f0d390948370: start 43369f36-6a0f-45ae-a8eb-f0d390948370@group-63ACBE5F7EDA-FollowerState
2025-10-10 10:38:26,840 [43369f36-6a0f-45ae-a8eb-f0d390948370@group-7E155E250634-FollowerState] INFO  impl.FollowerState (FollowerState.java:runImpl(161)) - 43369f36-6a0f-45ae-a8eb-f0d390948370@group-7E155E250634-FollowerState: change to CANDIDATE, lastRpcElapsedTime:1046277941ns, electionTimeout:1046ms
2025-10-10 10:38:26,840 [43369f36-6a0f-45ae-a8eb-f0d390948370@group-7E155E250634-FollowerState] INFO  impl.RoleInfo (RoleInfo.java:shutdownFollowerState(121)) - 43369f36-6a0f-45ae-a8eb-f0d390948370: shutdown 43369f36-6a0f-45ae-a8eb-f0d390948370@group-7E155E250634-FollowerState
2025-10-10 10:38:26,840 [43369f36-6a0f-45ae-a8eb-f0d390948370@group-7E155E250634-FollowerState] INFO  server.RaftServer$Division (RaftServerImpl.java:setRole(392)) - 43369f36-6a0f-45ae-a8eb-f0d390948370@group-7E155E250634: changes role from  FOLLOWER to CANDIDATE at term 2 for changeToCandidate
2025-10-10 10:38:26,841 [43369f36-6a0f-45ae-a8eb-f0d390948370@group-7E155E250634-FollowerState] INFO  impl.RoleInfo (RoleInfo.java:updateAndGet(148)) - 43369f36-6a0f-45ae-a8eb-f0d390948370: start 43369f36-6a0f-45ae-a8eb-f0d390948370@group-7E155E250634-LeaderElection78
2025-10-10 10:38:26,841 [43369f36-6a0f-45ae-a8eb-f0d390948370@group-7E155E250634-LeaderElection78] INFO  impl.LeaderElection (LeaderElection.java:askForVotes(448)) - 43369f36-6a0f-45ae-a8eb-f0d390948370@group-7E155E250634-LeaderElection78 PRE_VOTE round 0: submit vote requests at term 2 for conf: {index: 5, cur=peers:[bb95c33f-a3cb-4bbe-957e-8163c1fc1114|127.0.0.1:15031, 1a301c79-b9ef-44e0-a0ae-b339f61819a5|127.0.0.1:15023, 43369f36-6a0f-45ae-a8eb-f0d390948370|127.0.0.1:15015]|listeners:[], old=null}
2025-10-10 10:38:26,842 [43369f36-6a0f-45ae-a8eb-f0d390948370@group-7E155E250634-LeaderElection78] INFO  impl.LeaderElection (LogUtils.java:infoOrTrace(142)) - 43369f36-6a0f-45ae-a8eb-f0d390948370@group-7E155E250634-LeaderElection78 got exception when requesting votes: java.util.concurrent.ExecutionException: org.apache.ratis.thirdparty.io.grpc.StatusRuntimeException: UNAVAILABLE: io exception
2025-10-10 10:38:26,842 [43369f36-6a0f-45ae-a8eb-f0d390948370@group-7E155E250634-LeaderElection78] INFO  impl.LeaderElection (LogUtils.java:infoOrTrace(142)) - 43369f36-6a0f-45ae-a8eb-f0d390948370@group-7E155E250634-LeaderElection78 got exception when requesting votes: java.util.concurrent.ExecutionException: org.apache.ratis.thirdparty.io.grpc.StatusRuntimeException: UNAVAILABLE: io exception
2025-10-10 10:38:26,842 [43369f36-6a0f-45ae-a8eb-f0d390948370@group-7E155E250634-LeaderElection78] INFO  impl.LeaderElection (LeaderElection.java:logAndReturn(206)) - 43369f36-6a0f-45ae-a8eb-f0d390948370@group-7E155E250634-LeaderElection78: PRE_VOTE REJECTED received 0 response(s) and 2 exception(s):
2025-10-10 10:38:26,842 [43369f36-6a0f-45ae-a8eb-f0d390948370@group-7E155E250634-LeaderElection78] INFO  impl.LeaderElection (LogUtils.java:infoOrTrace(142)) -   Exception 0: java.util.concurrent.ExecutionException: org.apache.ratis.thirdparty.io.grpc.StatusRuntimeException: UNAVAILABLE: io exception
2025-10-10 10:38:26,842 [43369f36-6a0f-45ae-a8eb-f0d390948370@group-7E155E250634-LeaderElection78] INFO  impl.LeaderElection (LogUtils.java:infoOrTrace(142)) -   Exception 1: java.util.concurrent.ExecutionException: org.apache.ratis.thirdparty.io.grpc.StatusRuntimeException: UNAVAILABLE: io exception
2025-10-10 10:38:26,842 [43369f36-6a0f-45ae-a8eb-f0d390948370@group-7E155E250634-LeaderElection78] INFO  impl.LeaderElection (LeaderElection.java:askForVotes(450)) - 43369f36-6a0f-45ae-a8eb-f0d390948370@group-7E155E250634-LeaderElection78 PRE_VOTE round 0: result REJECTED
2025-10-10 10:38:26,842 [43369f36-6a0f-45ae-a8eb-f0d390948370@group-7E155E250634-LeaderElection78] INFO  server.RaftServer$Division (RaftServerImpl.java:setRole(392)) - 43369f36-6a0f-45ae-a8eb-f0d390948370@group-7E155E250634: changes role from CANDIDATE to FOLLOWER at term 2 for REJECTED
2025-10-10 10:38:26,842 [43369f36-6a0f-45ae-a8eb-f0d390948370@group-7E155E250634-LeaderElection78] INFO  impl.RoleInfo (RoleInfo.java:shutdownLeaderElection(141)) - 43369f36-6a0f-45ae-a8eb-f0d390948370: shutdown 43369f36-6a0f-45ae-a8eb-f0d390948370@group-7E155E250634-LeaderElection78
2025-10-10 10:38:26,842 [43369f36-6a0f-45ae-a8eb-f0d390948370@group-7E155E250634-LeaderElection78] INFO  impl.RoleInfo (RoleInfo.java:updateAndGet(148)) - 43369f36-6a0f-45ae-a8eb-f0d390948370: start 43369f36-6a0f-45ae-a8eb-f0d390948370@group-7E155E250634-FollowerState
2025-10-10 10:38:27,106 [43369f36-6a0f-45ae-a8eb-f0d390948370@group-63ACBE5F7EDA-FollowerState] INFO  impl.FollowerState (FollowerState.java:runImpl(161)) - 43369f36-6a0f-45ae-a8eb-f0d390948370@group-63ACBE5F7EDA-FollowerState: change to CANDIDATE, lastRpcElapsedTime:1172471324ns, electionTimeout:1172ms
2025-10-10 10:38:27,106 [43369f36-6a0f-45ae-a8eb-f0d390948370@group-63ACBE5F7EDA-FollowerState] INFO  impl.RoleInfo (RoleInfo.java:shutdownFollowerState(121)) - 43369f36-6a0f-45ae-a8eb-f0d390948370: shutdown 43369f36-6a0f-45ae-a8eb-f0d390948370@group-63ACBE5F7EDA-FollowerState
2025-10-10 10:38:27,106 [43369f36-6a0f-45ae-a8eb-f0d390948370@group-63ACBE5F7EDA-FollowerState] INFO  server.RaftServer$Division (RaftServerImpl.java:setRole(392)) - 43369f36-6a0f-45ae-a8eb-f0d390948370@group-63ACBE5F7EDA: changes role from  FOLLOWER to CANDIDATE at term 1 for changeToCandidate
2025-10-10 10:38:27,107 [43369f36-6a0f-45ae-a8eb-f0d390948370@group-63ACBE5F7EDA-FollowerState] INFO  impl.RoleInfo (RoleInfo.java:updateAndGet(148)) - 43369f36-6a0f-45ae-a8eb-f0d390948370: start 43369f36-6a0f-45ae-a8eb-f0d390948370@group-63ACBE5F7EDA-LeaderElection79
2025-10-10 10:38:27,107 [43369f36-6a0f-45ae-a8eb-f0d390948370@group-63ACBE5F7EDA-LeaderElection79] INFO  impl.LeaderElection (LeaderElection.java:askForVotes(448)) - 43369f36-6a0f-45ae-a8eb-f0d390948370@group-63ACBE5F7EDA-LeaderElection79 PRE_VOTE round 0: submit vote requests at term 1 for conf: {index: 0, cur=peers:[bb95c33f-a3cb-4bbe-957e-8163c1fc1114|127.0.0.1:15031, 1a301c79-b9ef-44e0-a0ae-b339f61819a5|127.0.0.1:15023, 43369f36-6a0f-45ae-a8eb-f0d390948370|127.0.0.1:15015]|listeners:[], old=null}
2025-10-10 10:38:27,108 [43369f36-6a0f-45ae-a8eb-f0d390948370@group-63ACBE5F7EDA-LeaderElection79] INFO  impl.LeaderElection (LogUtils.java:infoOrTrace(142)) - 43369f36-6a0f-45ae-a8eb-f0d390948370@group-63ACBE5F7EDA-LeaderElection79 got exception when requesting votes: java.util.concurrent.ExecutionException: org.apache.ratis.thirdparty.io.grpc.StatusRuntimeException: UNAVAILABLE: io exception
2025-10-10 10:38:27,108 [43369f36-6a0f-45ae-a8eb-f0d390948370@group-63ACBE5F7EDA-LeaderElection79] INFO  impl.LeaderElection (LogUtils.java:infoOrTrace(142)) - 43369f36-6a0f-45ae-a8eb-f0d390948370@group-63ACBE5F7EDA-LeaderElection79 got exception when requesting votes: java.util.concurrent.ExecutionException: org.apache.ratis.thirdparty.io.grpc.StatusRuntimeException: UNAVAILABLE: io exception
2025-10-10 10:38:27,108 [43369f36-6a0f-45ae-a8eb-f0d390948370@group-63ACBE5F7EDA-LeaderElection79] INFO  impl.LeaderElection (LeaderElection.java:logAndReturn(206)) - 43369f36-6a0f-45ae-a8eb-f0d390948370@group-63ACBE5F7EDA-LeaderElection79: PRE_VOTE REJECTED received 0 response(s) and 2 exception(s):
2025-10-10 10:38:27,108 [43369f36-6a0f-45ae-a8eb-f0d390948370@group-63ACBE5F7EDA-LeaderElection79] INFO  impl.LeaderElection (LogUtils.java:infoOrTrace(142)) -   Exception 0: java.util.concurrent.ExecutionException: org.apache.ratis.thirdparty.io.grpc.StatusRuntimeException: UNAVAILABLE: io exception
2025-10-10 10:38:27,108 [43369f36-6a0f-45ae-a8eb-f0d390948370@group-63ACBE5F7EDA-LeaderElection79] INFO  impl.LeaderElection (LogUtils.java:infoOrTrace(142)) -   Exception 1: java.util.concurrent.ExecutionException: org.apache.ratis.thirdparty.io.grpc.StatusRuntimeException: UNAVAILABLE: io exception
2025-10-10 10:38:27,108 [43369f36-6a0f-45ae-a8eb-f0d390948370@group-63ACBE5F7EDA-LeaderElection79] INFO  impl.LeaderElection (LeaderElection.java:askForVotes(450)) - 43369f36-6a0f-45ae-a8eb-f0d390948370@group-63ACBE5F7EDA-LeaderElection79 PRE_VOTE round 0: result REJECTED
2025-10-10 10:38:27,108 [43369f36-6a0f-45ae-a8eb-f0d390948370@group-63ACBE5F7EDA-LeaderElection79] INFO  server.RaftServer$Division (RaftServerImpl.java:setRole(392)) - 43369f36-6a0f-45ae-a8eb-f0d390948370@group-63ACBE5F7EDA: changes role from CANDIDATE to FOLLOWER at term 1 for REJECTED
2025-10-10 10:38:27,108 [43369f36-6a0f-45ae-a8eb-f0d390948370@group-63ACBE5F7EDA-LeaderElection79] INFO  impl.RoleInfo (RoleInfo.java:shutdownLeaderElection(141)) - 43369f36-6a0f-45ae-a8eb-f0d390948370: shutdown 43369f36-6a0f-45ae-a8eb-f0d390948370@group-63ACBE5F7EDA-LeaderElection79
2025-10-10 10:38:27,108 [43369f36-6a0f-45ae-a8eb-f0d390948370@group-63ACBE5F7EDA-LeaderElection79] INFO  impl.RoleInfo (RoleInfo.java:updateAndGet(148)) - 43369f36-6a0f-45ae-a8eb-f0d390948370: start 43369f36-6a0f-45ae-a8eb-f0d390948370@group-63ACBE5F7EDA-FollowerState
2025-10-10 10:38:27,863 [43369f36-6a0f-45ae-a8eb-f0d390948370@group-7E155E250634-FollowerState] INFO  impl.FollowerState (FollowerState.java:runImpl(161)) - 43369f36-6a0f-45ae-a8eb-f0d390948370@group-7E155E250634-FollowerState: change to CANDIDATE, lastRpcElapsedTime:1020395215ns, electionTimeout:1020ms
2025-10-10 10:38:27,863 [43369f36-6a0f-45ae-a8eb-f0d390948370@group-7E155E250634-FollowerState] INFO  impl.RoleInfo (RoleInfo.java:shutdownFollowerState(121)) - 43369f36-6a0f-45ae-a8eb-f0d390948370: shutdown 43369f36-6a0f-45ae-a8eb-f0d390948370@group-7E155E250634-FollowerState
2025-10-10 10:38:27,863 [43369f36-6a0f-45ae-a8eb-f0d390948370@group-7E155E250634-FollowerState] INFO  server.RaftServer$Division (RaftServerImpl.java:setRole(392)) - 43369f36-6a0f-45ae-a8eb-f0d390948370@group-7E155E250634: changes role from  FOLLOWER to CANDIDATE at term 2 for changeToCandidate
2025-10-10 10:38:27,863 [43369f36-6a0f-45ae-a8eb-f0d390948370@group-7E155E250634-FollowerState] INFO  impl.RoleInfo (RoleInfo.java:updateAndGet(148)) - 43369f36-6a0f-45ae-a8eb-f0d390948370: start 43369f36-6a0f-45ae-a8eb-f0d390948370@group-7E155E250634-LeaderElection80
2025-10-10 10:38:27,863 [43369f36-6a0f-45ae-a8eb-f0d390948370@group-7E155E250634-LeaderElection80] INFO  impl.LeaderElection (LeaderElection.java:askForVotes(448)) - 43369f36-6a0f-45ae-a8eb-f0d390948370@group-7E155E250634-LeaderElection80 PRE_VOTE round 0: submit vote requests at term 2 for conf: {index: 5, cur=peers:[bb95c33f-a3cb-4bbe-957e-8163c1fc1114|127.0.0.1:15031, 1a301c79-b9ef-44e0-a0ae-b339f61819a5|127.0.0.1:15023, 43369f36-6a0f-45ae-a8eb-f0d390948370|127.0.0.1:15015]|listeners:[], old=null}
2025-10-10 10:38:27,864 [43369f36-6a0f-45ae-a8eb-f0d390948370@group-7E155E250634-LeaderElection80] INFO  impl.LeaderElection (LogUtils.java:infoOrTrace(142)) - 43369f36-6a0f-45ae-a8eb-f0d390948370@group-7E155E250634-LeaderElection80 got exception when requesting votes: java.util.concurrent.ExecutionException: org.apache.ratis.thirdparty.io.grpc.StatusRuntimeException: UNAVAILABLE: io exception
2025-10-10 10:38:27,864 [43369f36-6a0f-45ae-a8eb-f0d390948370@group-7E155E250634-LeaderElection80] INFO  impl.LeaderElection (LogUtils.java:infoOrTrace(142)) - 43369f36-6a0f-45ae-a8eb-f0d390948370@group-7E155E250634-LeaderElection80 got exception when requesting votes: java.util.concurrent.ExecutionException: org.apache.ratis.thirdparty.io.grpc.StatusRuntimeException: UNAVAILABLE: io exception
2025-10-10 10:38:27,864 [43369f36-6a0f-45ae-a8eb-f0d390948370@group-7E155E250634-LeaderElection80] INFO  impl.LeaderElection (LeaderElection.java:logAndReturn(206)) - 43369f36-6a0f-45ae-a8eb-f0d390948370@group-7E155E250634-LeaderElection80: PRE_VOTE REJECTED received 0 response(s) and 2 exception(s):
2025-10-10 10:38:27,864 [43369f36-6a0f-45ae-a8eb-f0d390948370@group-7E155E250634-LeaderElection80] INFO  impl.LeaderElection (LogUtils.java:infoOrTrace(142)) -   Exception 0: java.util.concurrent.ExecutionException: org.apache.ratis.thirdparty.io.grpc.StatusRuntimeException: UNAVAILABLE: io exception
2025-10-10 10:38:27,864 [43369f36-6a0f-45ae-a8eb-f0d390948370@group-7E155E250634-LeaderElection80] INFO  impl.LeaderElection (LogUtils.java:infoOrTrace(142)) -   Exception 1: java.util.concurrent.ExecutionException: org.apache.ratis.thirdparty.io.grpc.StatusRuntimeException: UNAVAILABLE: io exception
2025-10-10 10:38:27,864 [43369f36-6a0f-45ae-a8eb-f0d390948370@group-7E155E250634-LeaderElection80] INFO  impl.LeaderElection (LeaderElection.java:askForVotes(450)) - 43369f36-6a0f-45ae-a8eb-f0d390948370@group-7E155E250634-LeaderElection80 PRE_VOTE round 0: result REJECTED
2025-10-10 10:38:27,864 [43369f36-6a0f-45ae-a8eb-f0d390948370@group-7E155E250634-LeaderElection80] INFO  server.RaftServer$Division (RaftServerImpl.java:setRole(392)) - 43369f36-6a0f-45ae-a8eb-f0d390948370@group-7E155E250634: changes role from CANDIDATE to FOLLOWER at term 2 for REJECTED
2025-10-10 10:38:27,865 [43369f36-6a0f-45ae-a8eb-f0d390948370@group-7E155E250634-LeaderElection80] INFO  impl.RoleInfo (RoleInfo.java:shutdownLeaderElection(141)) - 43369f36-6a0f-45ae-a8eb-f0d390948370: shutdown 43369f36-6a0f-45ae-a8eb-f0d390948370@group-7E155E250634-LeaderElection80
2025-10-10 10:38:27,865 [43369f36-6a0f-45ae-a8eb-f0d390948370@group-7E155E250634-LeaderElection80] INFO  impl.RoleInfo (RoleInfo.java:updateAndGet(148)) - 43369f36-6a0f-45ae-a8eb-f0d390948370: start 43369f36-6a0f-45ae-a8eb-f0d390948370@group-7E155E250634-FollowerState
2025-10-10 10:38:28,158 [43369f36-6a0f-45ae-a8eb-f0d390948370@group-63ACBE5F7EDA-FollowerState] INFO  impl.FollowerState (FollowerState.java:runImpl(161)) - 43369f36-6a0f-45ae-a8eb-f0d390948370@group-63ACBE5F7EDA-FollowerState: change to CANDIDATE, lastRpcElapsedTime:1050274749ns, electionTimeout:1050ms
2025-10-10 10:38:28,159 [43369f36-6a0f-45ae-a8eb-f0d390948370@group-63ACBE5F7EDA-FollowerState] INFO  impl.RoleInfo (RoleInfo.java:shutdownFollowerState(121)) - 43369f36-6a0f-45ae-a8eb-f0d390948370: shutdown 43369f36-6a0f-45ae-a8eb-f0d390948370@group-63ACBE5F7EDA-FollowerState
2025-10-10 10:38:28,159 [43369f36-6a0f-45ae-a8eb-f0d390948370@group-63ACBE5F7EDA-FollowerState] INFO  server.RaftServer$Division (RaftServerImpl.java:setRole(392)) - 43369f36-6a0f-45ae-a8eb-f0d390948370@group-63ACBE5F7EDA: changes role from  FOLLOWER to CANDIDATE at term 1 for changeToCandidate
2025-10-10 10:38:28,159 [43369f36-6a0f-45ae-a8eb-f0d390948370@group-63ACBE5F7EDA-FollowerState] INFO  impl.RoleInfo (RoleInfo.java:updateAndGet(148)) - 43369f36-6a0f-45ae-a8eb-f0d390948370: start 43369f36-6a0f-45ae-a8eb-f0d390948370@group-63ACBE5F7EDA-LeaderElection81
2025-10-10 10:38:28,159 [43369f36-6a0f-45ae-a8eb-f0d390948370@group-63ACBE5F7EDA-LeaderElection81] INFO  impl.LeaderElection (LeaderElection.java:askForVotes(448)) - 43369f36-6a0f-45ae-a8eb-f0d390948370@group-63ACBE5F7EDA-LeaderElection81 PRE_VOTE round 0: submit vote requests at term 1 for conf: {index: 0, cur=peers:[bb95c33f-a3cb-4bbe-957e-8163c1fc1114|127.0.0.1:15031, 1a301c79-b9ef-44e0-a0ae-b339f61819a5|127.0.0.1:15023, 43369f36-6a0f-45ae-a8eb-f0d390948370|127.0.0.1:15015]|listeners:[], old=null}
2025-10-10 10:38:28,160 [43369f36-6a0f-45ae-a8eb-f0d390948370@group-63ACBE5F7EDA-LeaderElection81] INFO  impl.LeaderElection (LogUtils.java:infoOrTrace(142)) - 43369f36-6a0f-45ae-a8eb-f0d390948370@group-63ACBE5F7EDA-LeaderElection81 got exception when requesting votes: java.util.concurrent.ExecutionException: org.apache.ratis.thirdparty.io.grpc.StatusRuntimeException: UNAVAILABLE: io exception
2025-10-10 10:38:28,160 [43369f36-6a0f-45ae-a8eb-f0d390948370@group-63ACBE5F7EDA-LeaderElection81] INFO  impl.LeaderElection (LogUtils.java:infoOrTrace(142)) - 43369f36-6a0f-45ae-a8eb-f0d390948370@group-63ACBE5F7EDA-LeaderElection81 got exception when requesting votes: java.util.concurrent.ExecutionException: org.apache.ratis.thirdparty.io.grpc.StatusRuntimeException: UNAVAILABLE: io exception
2025-10-10 10:38:28,160 [43369f36-6a0f-45ae-a8eb-f0d390948370@group-63ACBE5F7EDA-LeaderElection81] INFO  impl.LeaderElection (LeaderElection.java:logAndReturn(206)) - 43369f36-6a0f-45ae-a8eb-f0d390948370@group-63ACBE5F7EDA-LeaderElection81: PRE_VOTE REJECTED received 0 response(s) and 2 exception(s):
2025-10-10 10:38:28,160 [43369f36-6a0f-45ae-a8eb-f0d390948370@group-63ACBE5F7EDA-LeaderElection81] INFO  impl.LeaderElection (LogUtils.java:infoOrTrace(142)) -   Exception 0: java.util.concurrent.ExecutionException: org.apache.ratis.thirdparty.io.grpc.StatusRuntimeException: UNAVAILABLE: io exception
2025-10-10 10:38:28,160 [43369f36-6a0f-45ae-a8eb-f0d390948370@group-63ACBE5F7EDA-LeaderElection81] INFO  impl.LeaderElection (LogUtils.java:infoOrTrace(142)) -   Exception 1: java.util.concurrent.ExecutionException: org.apache.ratis.thirdparty.io.grpc.StatusRuntimeException: UNAVAILABLE: io exception
2025-10-10 10:38:28,160 [43369f36-6a0f-45ae-a8eb-f0d390948370@group-63ACBE5F7EDA-LeaderElection81] INFO  impl.LeaderElection (LeaderElection.java:askForVotes(450)) - 43369f36-6a0f-45ae-a8eb-f0d390948370@group-63ACBE5F7EDA-LeaderElection81 PRE_VOTE round 0: result REJECTED
2025-10-10 10:38:28,160 [43369f36-6a0f-45ae-a8eb-f0d390948370@group-63ACBE5F7EDA-LeaderElection81] INFO  server.RaftServer$Division (RaftServerImpl.java:setRole(392)) - 43369f36-6a0f-45ae-a8eb-f0d390948370@group-63ACBE5F7EDA: changes role from CANDIDATE to FOLLOWER at term 1 for REJECTED
2025-10-10 10:38:28,160 [43369f36-6a0f-45ae-a8eb-f0d390948370@group-63ACBE5F7EDA-LeaderElection81] INFO  impl.RoleInfo (RoleInfo.java:shutdownLeaderElection(141)) - 43369f36-6a0f-45ae-a8eb-f0d390948370: shutdown 43369f36-6a0f-45ae-a8eb-f0d390948370@group-63ACBE5F7EDA-LeaderElection81
2025-10-10 10:38:28,160 [43369f36-6a0f-45ae-a8eb-f0d390948370@group-63ACBE5F7EDA-LeaderElection81] INFO  impl.RoleInfo (RoleInfo.java:updateAndGet(148)) - 43369f36-6a0f-45ae-a8eb-f0d390948370: start 43369f36-6a0f-45ae-a8eb-f0d390948370@group-63ACBE5F7EDA-FollowerState
2025-10-10 10:38:28,913 [43369f36-6a0f-45ae-a8eb-f0d390948370@group-7E155E250634-FollowerState] INFO  impl.FollowerState (FollowerState.java:runImpl(161)) - 43369f36-6a0f-45ae-a8eb-f0d390948370@group-7E155E250634-FollowerState: change to CANDIDATE, lastRpcElapsedTime:1048282643ns, electionTimeout:1048ms
2025-10-10 10:38:28,913 [43369f36-6a0f-45ae-a8eb-f0d390948370@group-7E155E250634-FollowerState] INFO  impl.RoleInfo (RoleInfo.java:shutdownFollowerState(121)) - 43369f36-6a0f-45ae-a8eb-f0d390948370: shutdown 43369f36-6a0f-45ae-a8eb-f0d390948370@group-7E155E250634-FollowerState
2025-10-10 10:38:28,913 [43369f36-6a0f-45ae-a8eb-f0d390948370@group-7E155E250634-FollowerState] INFO  server.RaftServer$Division (RaftServerImpl.java:setRole(392)) - 43369f36-6a0f-45ae-a8eb-f0d390948370@group-7E155E250634: changes role from  FOLLOWER to CANDIDATE at term 2 for changeToCandidate
2025-10-10 10:38:28,913 [43369f36-6a0f-45ae-a8eb-f0d390948370@group-7E155E250634-FollowerState] INFO  impl.RoleInfo (RoleInfo.java:updateAndGet(148)) - 43369f36-6a0f-45ae-a8eb-f0d390948370: start 43369f36-6a0f-45ae-a8eb-f0d390948370@group-7E155E250634-LeaderElection82
2025-10-10 10:38:28,914 [43369f36-6a0f-45ae-a8eb-f0d390948370@group-7E155E250634-LeaderElection82] INFO  impl.LeaderElection (LeaderElection.java:askForVotes(448)) - 43369f36-6a0f-45ae-a8eb-f0d390948370@group-7E155E250634-LeaderElection82 PRE_VOTE round 0: submit vote requests at term 2 for conf: {index: 5, cur=peers:[bb95c33f-a3cb-4bbe-957e-8163c1fc1114|127.0.0.1:15031, 1a301c79-b9ef-44e0-a0ae-b339f61819a5|127.0.0.1:15023, 43369f36-6a0f-45ae-a8eb-f0d390948370|127.0.0.1:15015]|listeners:[], old=null}
2025-10-10 10:38:28,914 [43369f36-6a0f-45ae-a8eb-f0d390948370@group-7E155E250634-LeaderElection82] INFO  impl.LeaderElection (LogUtils.java:infoOrTrace(142)) - 43369f36-6a0f-45ae-a8eb-f0d390948370@group-7E155E250634-LeaderElection82 got exception when requesting votes: java.util.concurrent.ExecutionException: org.apache.ratis.thirdparty.io.grpc.StatusRuntimeException: UNAVAILABLE: io exception
2025-10-10 10:38:28,914 [43369f36-6a0f-45ae-a8eb-f0d390948370@group-7E155E250634-LeaderElection82] INFO  impl.LeaderElection (LogUtils.java:infoOrTrace(142)) - 43369f36-6a0f-45ae-a8eb-f0d390948370@group-7E155E250634-LeaderElection82 got exception when requesting votes: java.util.concurrent.ExecutionException: org.apache.ratis.thirdparty.io.grpc.StatusRuntimeException: UNAVAILABLE: io exception
2025-10-10 10:38:28,914 [43369f36-6a0f-45ae-a8eb-f0d390948370@group-7E155E250634-LeaderElection82] INFO  impl.LeaderElection (LeaderElection.java:logAndReturn(206)) - 43369f36-6a0f-45ae-a8eb-f0d390948370@group-7E155E250634-LeaderElection82: PRE_VOTE REJECTED received 0 response(s) and 2 exception(s):
2025-10-10 10:38:28,915 [43369f36-6a0f-45ae-a8eb-f0d390948370@group-7E155E250634-LeaderElection82] INFO  impl.LeaderElection (LogUtils.java:infoOrTrace(142)) -   Exception 0: java.util.concurrent.ExecutionException: org.apache.ratis.thirdparty.io.grpc.StatusRuntimeException: UNAVAILABLE: io exception
2025-10-10 10:38:28,915 [43369f36-6a0f-45ae-a8eb-f0d390948370@group-7E155E250634-LeaderElection82] INFO  impl.LeaderElection (LogUtils.java:infoOrTrace(142)) -   Exception 1: java.util.concurrent.ExecutionException: org.apache.ratis.thirdparty.io.grpc.StatusRuntimeException: UNAVAILABLE: io exception
2025-10-10 10:38:28,915 [43369f36-6a0f-45ae-a8eb-f0d390948370@group-7E155E250634-LeaderElection82] INFO  impl.LeaderElection (LeaderElection.java:askForVotes(450)) - 43369f36-6a0f-45ae-a8eb-f0d390948370@group-7E155E250634-LeaderElection82 PRE_VOTE round 0: result REJECTED
2025-10-10 10:38:28,915 [43369f36-6a0f-45ae-a8eb-f0d390948370@group-7E155E250634-LeaderElection82] INFO  server.RaftServer$Division (RaftServerImpl.java:setRole(392)) - 43369f36-6a0f-45ae-a8eb-f0d390948370@group-7E155E250634: changes role from CANDIDATE to FOLLOWER at term 2 for REJECTED
2025-10-10 10:38:28,915 [43369f36-6a0f-45ae-a8eb-f0d390948370@group-7E155E250634-LeaderElection82] INFO  impl.RoleInfo (RoleInfo.java:shutdownLeaderElection(141)) - 43369f36-6a0f-45ae-a8eb-f0d390948370: shutdown 43369f36-6a0f-45ae-a8eb-f0d390948370@group-7E155E250634-LeaderElection82
2025-10-10 10:38:28,915 [43369f36-6a0f-45ae-a8eb-f0d390948370@group-7E155E250634-LeaderElection82] INFO  impl.RoleInfo (RoleInfo.java:updateAndGet(148)) - 43369f36-6a0f-45ae-a8eb-f0d390948370: start 43369f36-6a0f-45ae-a8eb-f0d390948370@group-7E155E250634-FollowerState
2025-10-10 10:38:29,347 [43369f36-6a0f-45ae-a8eb-f0d390948370@group-63ACBE5F7EDA-FollowerState] INFO  impl.FollowerState (FollowerState.java:runImpl(161)) - 43369f36-6a0f-45ae-a8eb-f0d390948370@group-63ACBE5F7EDA-FollowerState: change to CANDIDATE, lastRpcElapsedTime:1186333388ns, electionTimeout:1186ms
2025-10-10 10:38:29,347 [43369f36-6a0f-45ae-a8eb-f0d390948370@group-63ACBE5F7EDA-FollowerState] INFO  impl.RoleInfo (RoleInfo.java:shutdownFollowerState(121)) - 43369f36-6a0f-45ae-a8eb-f0d390948370: shutdown 43369f36-6a0f-45ae-a8eb-f0d390948370@group-63ACBE5F7EDA-FollowerState
2025-10-10 10:38:29,347 [43369f36-6a0f-45ae-a8eb-f0d390948370@group-63ACBE5F7EDA-FollowerState] INFO  server.RaftServer$Division (RaftServerImpl.java:setRole(392)) - 43369f36-6a0f-45ae-a8eb-f0d390948370@group-63ACBE5F7EDA: changes role from  FOLLOWER to CANDIDATE at term 1 for changeToCandidate
2025-10-10 10:38:29,347 [43369f36-6a0f-45ae-a8eb-f0d390948370@group-63ACBE5F7EDA-FollowerState] INFO  impl.RoleInfo (RoleInfo.java:updateAndGet(148)) - 43369f36-6a0f-45ae-a8eb-f0d390948370: start 43369f36-6a0f-45ae-a8eb-f0d390948370@group-63ACBE5F7EDA-LeaderElection83
2025-10-10 10:38:29,348 [43369f36-6a0f-45ae-a8eb-f0d390948370@group-63ACBE5F7EDA-LeaderElection83] INFO  impl.LeaderElection (LeaderElection.java:askForVotes(448)) - 43369f36-6a0f-45ae-a8eb-f0d390948370@group-63ACBE5F7EDA-LeaderElection83 PRE_VOTE round 0: submit vote requests at term 1 for conf: {index: 0, cur=peers:[bb95c33f-a3cb-4bbe-957e-8163c1fc1114|127.0.0.1:15031, 1a301c79-b9ef-44e0-a0ae-b339f61819a5|127.0.0.1:15023, 43369f36-6a0f-45ae-a8eb-f0d390948370|127.0.0.1:15015]|listeners:[], old=null}
2025-10-10 10:38:29,348 [43369f36-6a0f-45ae-a8eb-f0d390948370@group-63ACBE5F7EDA-LeaderElection83] INFO  impl.LeaderElection (LogUtils.java:infoOrTrace(142)) - 43369f36-6a0f-45ae-a8eb-f0d390948370@group-63ACBE5F7EDA-LeaderElection83 got exception when requesting votes: java.util.concurrent.ExecutionException: org.apache.ratis.thirdparty.io.grpc.StatusRuntimeException: UNAVAILABLE: io exception
2025-10-10 10:38:29,348 [43369f36-6a0f-45ae-a8eb-f0d390948370@group-63ACBE5F7EDA-LeaderElection83] INFO  impl.LeaderElection (LogUtils.java:infoOrTrace(142)) - 43369f36-6a0f-45ae-a8eb-f0d390948370@group-63ACBE5F7EDA-LeaderElection83 got exception when requesting votes: java.util.concurrent.ExecutionException: org.apache.ratis.thirdparty.io.grpc.StatusRuntimeException: UNAVAILABLE: io exception
2025-10-10 10:38:29,348 [43369f36-6a0f-45ae-a8eb-f0d390948370@group-63ACBE5F7EDA-LeaderElection83] INFO  impl.LeaderElection (LeaderElection.java:logAndReturn(206)) - 43369f36-6a0f-45ae-a8eb-f0d390948370@group-63ACBE5F7EDA-LeaderElection83: PRE_VOTE REJECTED received 0 response(s) and 2 exception(s):
2025-10-10 10:38:29,349 [43369f36-6a0f-45ae-a8eb-f0d390948370@group-63ACBE5F7EDA-LeaderElection83] INFO  impl.LeaderElection (LogUtils.java:infoOrTrace(142)) -   Exception 0: java.util.concurrent.ExecutionException: org.apache.ratis.thirdparty.io.grpc.StatusRuntimeException: UNAVAILABLE: io exception
2025-10-10 10:38:29,349 [43369f36-6a0f-45ae-a8eb-f0d390948370@group-63ACBE5F7EDA-LeaderElection83] INFO  impl.LeaderElection (LogUtils.java:infoOrTrace(142)) -   Exception 1: java.util.concurrent.ExecutionException: org.apache.ratis.thirdparty.io.grpc.StatusRuntimeException: UNAVAILABLE: io exception
2025-10-10 10:38:29,349 [43369f36-6a0f-45ae-a8eb-f0d390948370@group-63ACBE5F7EDA-LeaderElection83] INFO  impl.LeaderElection (LeaderElection.java:askForVotes(450)) - 43369f36-6a0f-45ae-a8eb-f0d390948370@group-63ACBE5F7EDA-LeaderElection83 PRE_VOTE round 0: result REJECTED
2025-10-10 10:38:29,349 [43369f36-6a0f-45ae-a8eb-f0d390948370@group-63ACBE5F7EDA-LeaderElection83] INFO  server.RaftServer$Division (RaftServerImpl.java:setRole(392)) - 43369f36-6a0f-45ae-a8eb-f0d390948370@group-63ACBE5F7EDA: changes role from CANDIDATE to FOLLOWER at term 1 for REJECTED
2025-10-10 10:38:29,349 [43369f36-6a0f-45ae-a8eb-f0d390948370@group-63ACBE5F7EDA-LeaderElection83] INFO  impl.RoleInfo (RoleInfo.java:shutdownLeaderElection(141)) - 43369f36-6a0f-45ae-a8eb-f0d390948370: shutdown 43369f36-6a0f-45ae-a8eb-f0d390948370@group-63ACBE5F7EDA-LeaderElection83
2025-10-10 10:38:29,349 [43369f36-6a0f-45ae-a8eb-f0d390948370@group-63ACBE5F7EDA-LeaderElection83] INFO  impl.RoleInfo (RoleInfo.java:updateAndGet(148)) - 43369f36-6a0f-45ae-a8eb-f0d390948370: start 43369f36-6a0f-45ae-a8eb-f0d390948370@group-63ACBE5F7EDA-FollowerState
2025-10-10 10:38:30,111 [43369f36-6a0f-45ae-a8eb-f0d390948370@group-7E155E250634-FollowerState] INFO  impl.FollowerState (FollowerState.java:runImpl(161)) - 43369f36-6a0f-45ae-a8eb-f0d390948370@group-7E155E250634-FollowerState: change to CANDIDATE, lastRpcElapsedTime:1196302615ns, electionTimeout:1196ms
2025-10-10 10:38:30,111 [43369f36-6a0f-45ae-a8eb-f0d390948370@group-7E155E250634-FollowerState] INFO  impl.RoleInfo (RoleInfo.java:shutdownFollowerState(121)) - 43369f36-6a0f-45ae-a8eb-f0d390948370: shutdown 43369f36-6a0f-45ae-a8eb-f0d390948370@group-7E155E250634-FollowerState
2025-10-10 10:38:30,112 [43369f36-6a0f-45ae-a8eb-f0d390948370@group-7E155E250634-FollowerState] INFO  server.RaftServer$Division (RaftServerImpl.java:setRole(392)) - 43369f36-6a0f-45ae-a8eb-f0d390948370@group-7E155E250634: changes role from  FOLLOWER to CANDIDATE at term 2 for changeToCandidate
2025-10-10 10:38:30,112 [43369f36-6a0f-45ae-a8eb-f0d390948370@group-7E155E250634-FollowerState] INFO  impl.RoleInfo (RoleInfo.java:updateAndGet(148)) - 43369f36-6a0f-45ae-a8eb-f0d390948370: start 43369f36-6a0f-45ae-a8eb-f0d390948370@group-7E155E250634-LeaderElection84
2025-10-10 10:38:30,112 [43369f36-6a0f-45ae-a8eb-f0d390948370@group-7E155E250634-LeaderElection84] INFO  impl.LeaderElection (LeaderElection.java:askForVotes(448)) - 43369f36-6a0f-45ae-a8eb-f0d390948370@group-7E155E250634-LeaderElection84 PRE_VOTE round 0: submit vote requests at term 2 for conf: {index: 5, cur=peers:[bb95c33f-a3cb-4bbe-957e-8163c1fc1114|127.0.0.1:15031, 1a301c79-b9ef-44e0-a0ae-b339f61819a5|127.0.0.1:15023, 43369f36-6a0f-45ae-a8eb-f0d390948370|127.0.0.1:15015]|listeners:[], old=null}
2025-10-10 10:38:30,113 [43369f36-6a0f-45ae-a8eb-f0d390948370@group-7E155E250634-LeaderElection84] INFO  impl.LeaderElection (LogUtils.java:infoOrTrace(142)) - 43369f36-6a0f-45ae-a8eb-f0d390948370@group-7E155E250634-LeaderElection84 got exception when requesting votes: java.util.concurrent.ExecutionException: org.apache.ratis.thirdparty.io.grpc.StatusRuntimeException: UNAVAILABLE: io exception
2025-10-10 10:38:30,113 [43369f36-6a0f-45ae-a8eb-f0d390948370@group-7E155E250634-LeaderElection84] INFO  impl.LeaderElection (LogUtils.java:infoOrTrace(142)) - 43369f36-6a0f-45ae-a8eb-f0d390948370@group-7E155E250634-LeaderElection84 got exception when requesting votes: java.util.concurrent.ExecutionException: org.apache.ratis.thirdparty.io.grpc.StatusRuntimeException: UNAVAILABLE: io exception
2025-10-10 10:38:30,113 [43369f36-6a0f-45ae-a8eb-f0d390948370@group-7E155E250634-LeaderElection84] INFO  impl.LeaderElection (LeaderElection.java:logAndReturn(206)) - 43369f36-6a0f-45ae-a8eb-f0d390948370@group-7E155E250634-LeaderElection84: PRE_VOTE REJECTED received 0 response(s) and 2 exception(s):
2025-10-10 10:38:30,113 [43369f36-6a0f-45ae-a8eb-f0d390948370@group-7E155E250634-LeaderElection84] INFO  impl.LeaderElection (LogUtils.java:infoOrTrace(142)) -   Exception 0: java.util.concurrent.ExecutionException: org.apache.ratis.thirdparty.io.grpc.StatusRuntimeException: UNAVAILABLE: io exception
2025-10-10 10:38:30,113 [43369f36-6a0f-45ae-a8eb-f0d390948370@group-7E155E250634-LeaderElection84] INFO  impl.LeaderElection (LogUtils.java:infoOrTrace(142)) -   Exception 1: java.util.concurrent.ExecutionException: org.apache.ratis.thirdparty.io.grpc.StatusRuntimeException: UNAVAILABLE: io exception
2025-10-10 10:38:30,113 [43369f36-6a0f-45ae-a8eb-f0d390948370@group-7E155E250634-LeaderElection84] INFO  impl.LeaderElection (LeaderElection.java:askForVotes(450)) - 43369f36-6a0f-45ae-a8eb-f0d390948370@group-7E155E250634-LeaderElection84 PRE_VOTE round 0: result REJECTED
2025-10-10 10:38:30,113 [43369f36-6a0f-45ae-a8eb-f0d390948370@group-7E155E250634-LeaderElection84] INFO  server.RaftServer$Division (RaftServerImpl.java:setRole(392)) - 43369f36-6a0f-45ae-a8eb-f0d390948370@group-7E155E250634: changes role from CANDIDATE to FOLLOWER at term 2 for REJECTED
2025-10-10 10:38:30,113 [43369f36-6a0f-45ae-a8eb-f0d390948370@group-7E155E250634-LeaderElection84] INFO  impl.RoleInfo (RoleInfo.java:shutdownLeaderElection(141)) - 43369f36-6a0f-45ae-a8eb-f0d390948370: shutdown 43369f36-6a0f-45ae-a8eb-f0d390948370@group-7E155E250634-LeaderElection84
2025-10-10 10:38:30,113 [43369f36-6a0f-45ae-a8eb-f0d390948370@group-7E155E250634-LeaderElection84] INFO  impl.RoleInfo (RoleInfo.java:updateAndGet(148)) - 43369f36-6a0f-45ae-a8eb-f0d390948370: start 43369f36-6a0f-45ae-a8eb-f0d390948370@group-7E155E250634-FollowerState
2025-10-10 10:38:30,398 [43369f36-6a0f-45ae-a8eb-f0d390948370@group-63ACBE5F7EDA-FollowerState] INFO  impl.FollowerState (FollowerState.java:runImpl(161)) - 43369f36-6a0f-45ae-a8eb-f0d390948370@group-63ACBE5F7EDA-FollowerState: change to CANDIDATE, lastRpcElapsedTime:1049416333ns, electionTimeout:1049ms
2025-10-10 10:38:30,398 [43369f36-6a0f-45ae-a8eb-f0d390948370@group-63ACBE5F7EDA-FollowerState] INFO  impl.RoleInfo (RoleInfo.java:shutdownFollowerState(121)) - 43369f36-6a0f-45ae-a8eb-f0d390948370: shutdown 43369f36-6a0f-45ae-a8eb-f0d390948370@group-63ACBE5F7EDA-FollowerState
2025-10-10 10:38:30,399 [43369f36-6a0f-45ae-a8eb-f0d390948370@group-63ACBE5F7EDA-FollowerState] INFO  server.RaftServer$Division (RaftServerImpl.java:setRole(392)) - 43369f36-6a0f-45ae-a8eb-f0d390948370@group-63ACBE5F7EDA: changes role from  FOLLOWER to CANDIDATE at term 1 for changeToCandidate
2025-10-10 10:38:30,399 [43369f36-6a0f-45ae-a8eb-f0d390948370@group-63ACBE5F7EDA-FollowerState] INFO  impl.RoleInfo (RoleInfo.java:updateAndGet(148)) - 43369f36-6a0f-45ae-a8eb-f0d390948370: start 43369f36-6a0f-45ae-a8eb-f0d390948370@group-63ACBE5F7EDA-LeaderElection85
2025-10-10 10:38:30,399 [43369f36-6a0f-45ae-a8eb-f0d390948370@group-63ACBE5F7EDA-LeaderElection85] INFO  impl.LeaderElection (LeaderElection.java:askForVotes(448)) - 43369f36-6a0f-45ae-a8eb-f0d390948370@group-63ACBE5F7EDA-LeaderElection85 PRE_VOTE round 0: submit vote requests at term 1 for conf: {index: 0, cur=peers:[bb95c33f-a3cb-4bbe-957e-8163c1fc1114|127.0.0.1:15031, 1a301c79-b9ef-44e0-a0ae-b339f61819a5|127.0.0.1:15023, 43369f36-6a0f-45ae-a8eb-f0d390948370|127.0.0.1:15015]|listeners:[], old=null}
2025-10-10 10:38:30,400 [43369f36-6a0f-45ae-a8eb-f0d390948370@group-63ACBE5F7EDA-LeaderElection85] INFO  impl.LeaderElection (LogUtils.java:infoOrTrace(142)) - 43369f36-6a0f-45ae-a8eb-f0d390948370@group-63ACBE5F7EDA-LeaderElection85 got exception when requesting votes: java.util.concurrent.ExecutionException: org.apache.ratis.thirdparty.io.grpc.StatusRuntimeException: UNAVAILABLE: io exception
2025-10-10 10:38:30,400 [43369f36-6a0f-45ae-a8eb-f0d390948370@group-63ACBE5F7EDA-LeaderElection85] INFO  impl.LeaderElection (LogUtils.java:infoOrTrace(142)) - 43369f36-6a0f-45ae-a8eb-f0d390948370@group-63ACBE5F7EDA-LeaderElection85 got exception when requesting votes: java.util.concurrent.ExecutionException: org.apache.ratis.thirdparty.io.grpc.StatusRuntimeException: UNAVAILABLE: io exception
2025-10-10 10:38:30,400 [43369f36-6a0f-45ae-a8eb-f0d390948370@group-63ACBE5F7EDA-LeaderElection85] INFO  impl.LeaderElection (LeaderElection.java:logAndReturn(206)) - 43369f36-6a0f-45ae-a8eb-f0d390948370@group-63ACBE5F7EDA-LeaderElection85: PRE_VOTE REJECTED received 0 response(s) and 2 exception(s):
2025-10-10 10:38:30,400 [43369f36-6a0f-45ae-a8eb-f0d390948370@group-63ACBE5F7EDA-LeaderElection85] INFO  impl.LeaderElection (LogUtils.java:infoOrTrace(142)) -   Exception 0: java.util.concurrent.ExecutionException: org.apache.ratis.thirdparty.io.grpc.StatusRuntimeException: UNAVAILABLE: io exception
2025-10-10 10:38:30,400 [43369f36-6a0f-45ae-a8eb-f0d390948370@group-63ACBE5F7EDA-LeaderElection85] INFO  impl.LeaderElection (LogUtils.java:infoOrTrace(142)) -   Exception 1: java.util.concurrent.ExecutionException: org.apache.ratis.thirdparty.io.grpc.StatusRuntimeException: UNAVAILABLE: io exception
2025-10-10 10:38:30,400 [43369f36-6a0f-45ae-a8eb-f0d390948370@group-63ACBE5F7EDA-LeaderElection85] INFO  impl.LeaderElection (LeaderElection.java:askForVotes(450)) - 43369f36-6a0f-45ae-a8eb-f0d390948370@group-63ACBE5F7EDA-LeaderElection85 PRE_VOTE round 0: result REJECTED
2025-10-10 10:38:30,400 [43369f36-6a0f-45ae-a8eb-f0d390948370@group-63ACBE5F7EDA-LeaderElection85] INFO  server.RaftServer$Division (RaftServerImpl.java:setRole(392)) - 43369f36-6a0f-45ae-a8eb-f0d390948370@group-63ACBE5F7EDA: changes role from CANDIDATE to FOLLOWER at term 1 for REJECTED
2025-10-10 10:38:30,400 [43369f36-6a0f-45ae-a8eb-f0d390948370@group-63ACBE5F7EDA-LeaderElection85] INFO  impl.RoleInfo (RoleInfo.java:shutdownLeaderElection(141)) - 43369f36-6a0f-45ae-a8eb-f0d390948370: shutdown 43369f36-6a0f-45ae-a8eb-f0d390948370@group-63ACBE5F7EDA-LeaderElection85
2025-10-10 10:38:30,400 [43369f36-6a0f-45ae-a8eb-f0d390948370@group-63ACBE5F7EDA-LeaderElection85] INFO  impl.RoleInfo (RoleInfo.java:updateAndGet(148)) - 43369f36-6a0f-45ae-a8eb-f0d390948370: start 43369f36-6a0f-45ae-a8eb-f0d390948370@group-63ACBE5F7EDA-FollowerState
2025-10-10 10:38:31,174 [grpc-default-executor-3] ERROR impl.OrderedAsync (OrderedAsync.java:lambda$null$6(215)) -  client-11C8565B59B3: Failed* RaftClientRequest:client-11C8565B59B3->43369f36-6a0f-45ae-a8eb-f0d390948370@group-63ACBE5F7EDA, cid=26, seq=1*, Watch(0), null
java.util.concurrent.CompletionException: org.apache.ratis.protocol.exceptions.NotLeaderException: Server 43369f36-6a0f-45ae-a8eb-f0d390948370@group-63ACBE5F7EDA is not the leader
	at java.base/java.util.concurrent.CompletableFuture.encodeThrowable(CompletableFuture.java:332)
	at java.base/java.util.concurrent.CompletableFuture.completeThrowable(CompletableFuture.java:347)
	at java.base/java.util.concurrent.CompletableFuture$UniAccept.tryFire(CompletableFuture.java:708)
	at java.base/java.util.concurrent.CompletableFuture.postComplete(CompletableFuture.java:510)
	at java.base/java.util.concurrent.CompletableFuture.completeExceptionally(CompletableFuture.java:2194)
	at org.apache.ratis.grpc.client.GrpcClientProtocolClient$AsyncStreamObservers.completeReplyExceptionally(GrpcClientProtocolClient.java:397)
	at org.apache.ratis.grpc.client.GrpcClientProtocolClient$AsyncStreamObservers.access$000(GrpcClientProtocolClient.java:303)
	at org.apache.ratis.grpc.client.GrpcClientProtocolClient$AsyncStreamObservers$1.onNext(GrpcClientProtocolClient.java:317)
	at org.apache.ratis.grpc.client.GrpcClientProtocolClient$AsyncStreamObservers$1.onNext(GrpcClientProtocolClient.java:308)
	at org.apache.ratis.thirdparty.io.grpc.stub.ClientCalls$StreamObserverToCallListenerAdapter.onMessage(ClientCalls.java:551)
	at org.apache.ratis.thirdparty.io.grpc.ForwardingClientCallListener.onMessage(ForwardingClientCallListener.java:33)
	at org.apache.ratis.thirdparty.io.grpc.internal.ClientCallImpl$ClientStreamListenerImpl$1MessagesAvailable.runInternal(ClientCallImpl.java:661)
	at org.apache.ratis.thirdparty.io.grpc.internal.ClientCallImpl$ClientStreamListenerImpl$1MessagesAvailable.runInContext(ClientCallImpl.java:648)
	at org.apache.ratis.thirdparty.io.grpc.internal.ContextRunnable.run(ContextRunnable.java:37)
	at org.apache.ratis.thirdparty.io.grpc.internal.SerializingExecutor.run(SerializingExecutor.java:133)
	at java.base/java.util.concurrent.ThreadPoolExecutor.runWorker(ThreadPoolExecutor.java:1144)
	at java.base/java.util.concurrent.ThreadPoolExecutor$Worker.run(ThreadPoolExecutor.java:642)
	at java.base/java.lang.Thread.run(Thread.java:1583)
Caused by: org.apache.ratis.protocol.exceptions.NotLeaderException: Server 43369f36-6a0f-45ae-a8eb-f0d390948370@group-63ACBE5F7EDA is not the leader
	at org.apache.ratis.client.impl.ClientProtoUtils.toRaftClientReply(ClientProtoUtils.java:402)
	at org.apache.ratis.grpc.client.GrpcClientProtocolClient$AsyncStreamObservers$1.onNext(GrpcClientProtocolClient.java:313)
	... 10 more
2025-10-10 10:38:31,294 [43369f36-6a0f-45ae-a8eb-f0d390948370@group-7E155E250634-FollowerState] INFO  impl.FollowerState (FollowerState.java:runImpl(161)) - 43369f36-6a0f-45ae-a8eb-f0d390948370@group-7E155E250634-FollowerState: change to CANDIDATE, lastRpcElapsedTime:1180343920ns, electionTimeout:1180ms
2025-10-10 10:38:31,294 [43369f36-6a0f-45ae-a8eb-f0d390948370@group-7E155E250634-FollowerState] INFO  impl.RoleInfo (RoleInfo.java:shutdownFollowerState(121)) - 43369f36-6a0f-45ae-a8eb-f0d390948370: shutdown 43369f36-6a0f-45ae-a8eb-f0d390948370@group-7E155E250634-FollowerState
2025-10-10 10:38:31,294 [43369f36-6a0f-45ae-a8eb-f0d390948370@group-7E155E250634-FollowerState] INFO  server.RaftServer$Division (RaftServerImpl.java:setRole(392)) - 43369f36-6a0f-45ae-a8eb-f0d390948370@group-7E155E250634: changes role from  FOLLOWER to CANDIDATE at term 2 for changeToCandidate
2025-10-10 10:38:31,294 [43369f36-6a0f-45ae-a8eb-f0d390948370@group-7E155E250634-FollowerState] INFO  impl.RoleInfo (RoleInfo.java:updateAndGet(148)) - 43369f36-6a0f-45ae-a8eb-f0d390948370: start 43369f36-6a0f-45ae-a8eb-f0d390948370@group-7E155E250634-LeaderElection86
2025-10-10 10:38:31,294 [43369f36-6a0f-45ae-a8eb-f0d390948370@group-7E155E250634-LeaderElection86] INFO  impl.LeaderElection (LeaderElection.java:askForVotes(448)) - 43369f36-6a0f-45ae-a8eb-f0d390948370@group-7E155E250634-LeaderElection86 PRE_VOTE round 0: submit vote requests at term 2 for conf: {index: 5, cur=peers:[bb95c33f-a3cb-4bbe-957e-8163c1fc1114|127.0.0.1:15031, 1a301c79-b9ef-44e0-a0ae-b339f61819a5|127.0.0.1:15023, 43369f36-6a0f-45ae-a8eb-f0d390948370|127.0.0.1:15015]|listeners:[], old=null}
2025-10-10 10:38:31,295 [43369f36-6a0f-45ae-a8eb-f0d390948370@group-7E155E250634-LeaderElection86] INFO  impl.LeaderElection (LogUtils.java:infoOrTrace(142)) - 43369f36-6a0f-45ae-a8eb-f0d390948370@group-7E155E250634-LeaderElection86 got exception when requesting votes: java.util.concurrent.ExecutionException: org.apache.ratis.thirdparty.io.grpc.StatusRuntimeException: UNAVAILABLE: io exception
2025-10-10 10:38:31,295 [43369f36-6a0f-45ae-a8eb-f0d390948370@group-7E155E250634-LeaderElection86] INFO  impl.LeaderElection (LogUtils.java:infoOrTrace(142)) - 43369f36-6a0f-45ae-a8eb-f0d390948370@group-7E155E250634-LeaderElection86 got exception when requesting votes: java.util.concurrent.ExecutionException: org.apache.ratis.thirdparty.io.grpc.StatusRuntimeException: UNAVAILABLE: io exception
2025-10-10 10:38:31,295 [43369f36-6a0f-45ae-a8eb-f0d390948370@group-7E155E250634-LeaderElection86] INFO  impl.LeaderElection (LeaderElection.java:logAndReturn(206)) - 43369f36-6a0f-45ae-a8eb-f0d390948370@group-7E155E250634-LeaderElection86: PRE_VOTE REJECTED received 0 response(s) and 2 exception(s):
2025-10-10 10:38:31,295 [43369f36-6a0f-45ae-a8eb-f0d390948370@group-7E155E250634-LeaderElection86] INFO  impl.LeaderElection (LogUtils.java:infoOrTrace(142)) -   Exception 0: java.util.concurrent.ExecutionException: org.apache.ratis.thirdparty.io.grpc.StatusRuntimeException: UNAVAILABLE: io exception
2025-10-10 10:38:31,295 [43369f36-6a0f-45ae-a8eb-f0d390948370@group-7E155E250634-LeaderElection86] INFO  impl.LeaderElection (LogUtils.java:infoOrTrace(142)) -   Exception 1: java.util.concurrent.ExecutionException: org.apache.ratis.thirdparty.io.grpc.StatusRuntimeException: UNAVAILABLE: io exception
2025-10-10 10:38:31,295 [43369f36-6a0f-45ae-a8eb-f0d390948370@group-7E155E250634-LeaderElection86] INFO  impl.LeaderElection (LeaderElection.java:askForVotes(450)) - 43369f36-6a0f-45ae-a8eb-f0d390948370@group-7E155E250634-LeaderElection86 PRE_VOTE round 0: result REJECTED
2025-10-10 10:38:31,296 [43369f36-6a0f-45ae-a8eb-f0d390948370@group-7E155E250634-LeaderElection86] INFO  server.RaftServer$Division (RaftServerImpl.java:setRole(392)) - 43369f36-6a0f-45ae-a8eb-f0d390948370@group-7E155E250634: changes role from CANDIDATE to FOLLOWER at term 2 for REJECTED
2025-10-10 10:38:31,296 [43369f36-6a0f-45ae-a8eb-f0d390948370@group-7E155E250634-LeaderElection86] INFO  impl.RoleInfo (RoleInfo.java:shutdownLeaderElection(141)) - 43369f36-6a0f-45ae-a8eb-f0d390948370: shutdown 43369f36-6a0f-45ae-a8eb-f0d390948370@group-7E155E250634-LeaderElection86
2025-10-10 10:38:31,296 [43369f36-6a0f-45ae-a8eb-f0d390948370@group-7E155E250634-LeaderElection86] INFO  impl.RoleInfo (RoleInfo.java:updateAndGet(148)) - 43369f36-6a0f-45ae-a8eb-f0d390948370: start 43369f36-6a0f-45ae-a8eb-f0d390948370@group-7E155E250634-FollowerState
2025-10-10 10:38:31,582 [43369f36-6a0f-45ae-a8eb-f0d390948370@group-63ACBE5F7EDA-FollowerState] INFO  impl.FollowerState (FollowerState.java:runImpl(161)) - 43369f36-6a0f-45ae-a8eb-f0d390948370@group-63ACBE5F7EDA-FollowerState: change to CANDIDATE, lastRpcElapsedTime:1182291679ns, electionTimeout:1182ms
2025-10-10 10:38:31,583 [43369f36-6a0f-45ae-a8eb-f0d390948370@group-63ACBE5F7EDA-FollowerState] INFO  impl.RoleInfo (RoleInfo.java:shutdownFollowerState(121)) - 43369f36-6a0f-45ae-a8eb-f0d390948370: shutdown 43369f36-6a0f-45ae-a8eb-f0d390948370@group-63ACBE5F7EDA-FollowerState
2025-10-10 10:38:31,583 [43369f36-6a0f-45ae-a8eb-f0d390948370@group-63ACBE5F7EDA-FollowerState] INFO  server.RaftServer$Division (RaftServerImpl.java:setRole(392)) - 43369f36-6a0f-45ae-a8eb-f0d390948370@group-63ACBE5F7EDA: changes role from  FOLLOWER to CANDIDATE at term 1 for changeToCandidate
2025-10-10 10:38:31,583 [43369f36-6a0f-45ae-a8eb-f0d390948370@group-63ACBE5F7EDA-FollowerState] INFO  impl.RoleInfo (RoleInfo.java:updateAndGet(148)) - 43369f36-6a0f-45ae-a8eb-f0d390948370: start 43369f36-6a0f-45ae-a8eb-f0d390948370@group-63ACBE5F7EDA-LeaderElection87
2025-10-10 10:38:31,583 [43369f36-6a0f-45ae-a8eb-f0d390948370@group-63ACBE5F7EDA-LeaderElection87] INFO  impl.LeaderElection (LeaderElection.java:askForVotes(448)) - 43369f36-6a0f-45ae-a8eb-f0d390948370@group-63ACBE5F7EDA-LeaderElection87 PRE_VOTE round 0: submit vote requests at term 1 for conf: {index: 0, cur=peers:[bb95c33f-a3cb-4bbe-957e-8163c1fc1114|127.0.0.1:15031, 1a301c79-b9ef-44e0-a0ae-b339f61819a5|127.0.0.1:15023, 43369f36-6a0f-45ae-a8eb-f0d390948370|127.0.0.1:15015]|listeners:[], old=null}
2025-10-10 10:38:31,584 [43369f36-6a0f-45ae-a8eb-f0d390948370@group-63ACBE5F7EDA-LeaderElection87] INFO  impl.LeaderElection (LogUtils.java:infoOrTrace(142)) - 43369f36-6a0f-45ae-a8eb-f0d390948370@group-63ACBE5F7EDA-LeaderElection87 got exception when requesting votes: java.util.concurrent.ExecutionException: org.apache.ratis.thirdparty.io.grpc.StatusRuntimeException: UNAVAILABLE: io exception
2025-10-10 10:38:31,584 [43369f36-6a0f-45ae-a8eb-f0d390948370@group-63ACBE5F7EDA-LeaderElection87] INFO  impl.LeaderElection (LogUtils.java:infoOrTrace(142)) - 43369f36-6a0f-45ae-a8eb-f0d390948370@group-63ACBE5F7EDA-LeaderElection87 got exception when requesting votes: java.util.concurrent.ExecutionException: org.apache.ratis.thirdparty.io.grpc.StatusRuntimeException: UNAVAILABLE: io exception
2025-10-10 10:38:31,584 [43369f36-6a0f-45ae-a8eb-f0d390948370@group-63ACBE5F7EDA-LeaderElection87] INFO  impl.LeaderElection (LeaderElection.java:logAndReturn(206)) - 43369f36-6a0f-45ae-a8eb-f0d390948370@group-63ACBE5F7EDA-LeaderElection87: PRE_VOTE REJECTED received 0 response(s) and 2 exception(s):
2025-10-10 10:38:31,584 [43369f36-6a0f-45ae-a8eb-f0d390948370@group-63ACBE5F7EDA-LeaderElection87] INFO  impl.LeaderElection (LogUtils.java:infoOrTrace(142)) -   Exception 0: java.util.concurrent.ExecutionException: org.apache.ratis.thirdparty.io.grpc.StatusRuntimeException: UNAVAILABLE: io exception
2025-10-10 10:38:31,584 [43369f36-6a0f-45ae-a8eb-f0d390948370@group-63ACBE5F7EDA-LeaderElection87] INFO  impl.LeaderElection (LogUtils.java:infoOrTrace(142)) -   Exception 1: java.util.concurrent.ExecutionException: org.apache.ratis.thirdparty.io.grpc.StatusRuntimeException: UNAVAILABLE: io exception
2025-10-10 10:38:31,584 [43369f36-6a0f-45ae-a8eb-f0d390948370@group-63ACBE5F7EDA-LeaderElection87] INFO  impl.LeaderElection (LeaderElection.java:askForVotes(450)) - 43369f36-6a0f-45ae-a8eb-f0d390948370@group-63ACBE5F7EDA-LeaderElection87 PRE_VOTE round 0: result REJECTED
2025-10-10 10:38:31,584 [43369f36-6a0f-45ae-a8eb-f0d390948370@group-63ACBE5F7EDA-LeaderElection87] INFO  server.RaftServer$Division (RaftServerImpl.java:setRole(392)) - 43369f36-6a0f-45ae-a8eb-f0d390948370@group-63ACBE5F7EDA: changes role from CANDIDATE to FOLLOWER at term 1 for REJECTED
2025-10-10 10:38:31,584 [43369f36-6a0f-45ae-a8eb-f0d390948370@group-63ACBE5F7EDA-LeaderElection87] INFO  impl.RoleInfo (RoleInfo.java:shutdownLeaderElection(141)) - 43369f36-6a0f-45ae-a8eb-f0d390948370: shutdown 43369f36-6a0f-45ae-a8eb-f0d390948370@group-63ACBE5F7EDA-LeaderElection87
2025-10-10 10:38:31,585 [43369f36-6a0f-45ae-a8eb-f0d390948370@group-63ACBE5F7EDA-LeaderElection87] INFO  impl.RoleInfo (RoleInfo.java:updateAndGet(148)) - 43369f36-6a0f-45ae-a8eb-f0d390948370: start 43369f36-6a0f-45ae-a8eb-f0d390948370@group-63ACBE5F7EDA-FollowerState
2025-10-10 10:38:32,340 [43369f36-6a0f-45ae-a8eb-f0d390948370@group-7E155E250634-FollowerState] INFO  impl.FollowerState (FollowerState.java:runImpl(161)) - 43369f36-6a0f-45ae-a8eb-f0d390948370@group-7E155E250634-FollowerState: change to CANDIDATE, lastRpcElapsedTime:1044391391ns, electionTimeout:1044ms
2025-10-10 10:38:32,340 [43369f36-6a0f-45ae-a8eb-f0d390948370@group-7E155E250634-FollowerState] INFO  impl.RoleInfo (RoleInfo.java:shutdownFollowerState(121)) - 43369f36-6a0f-45ae-a8eb-f0d390948370: shutdown 43369f36-6a0f-45ae-a8eb-f0d390948370@group-7E155E250634-FollowerState
2025-10-10 10:38:32,340 [43369f36-6a0f-45ae-a8eb-f0d390948370@group-7E155E250634-FollowerState] INFO  server.RaftServer$Division (RaftServerImpl.java:setRole(392)) - 43369f36-6a0f-45ae-a8eb-f0d390948370@group-7E155E250634: changes role from  FOLLOWER to CANDIDATE at term 2 for changeToCandidate
2025-10-10 10:38:32,340 [43369f36-6a0f-45ae-a8eb-f0d390948370@group-7E155E250634-FollowerState] INFO  impl.RoleInfo (RoleInfo.java:updateAndGet(148)) - 43369f36-6a0f-45ae-a8eb-f0d390948370: start 43369f36-6a0f-45ae-a8eb-f0d390948370@group-7E155E250634-LeaderElection88
2025-10-10 10:38:32,341 [43369f36-6a0f-45ae-a8eb-f0d390948370@group-7E155E250634-LeaderElection88] INFO  impl.LeaderElection (LeaderElection.java:askForVotes(448)) - 43369f36-6a0f-45ae-a8eb-f0d390948370@group-7E155E250634-LeaderElection88 PRE_VOTE round 0: submit vote requests at term 2 for conf: {index: 5, cur=peers:[bb95c33f-a3cb-4bbe-957e-8163c1fc1114|127.0.0.1:15031, 1a301c79-b9ef-44e0-a0ae-b339f61819a5|127.0.0.1:15023, 43369f36-6a0f-45ae-a8eb-f0d390948370|127.0.0.1:15015]|listeners:[], old=null}
2025-10-10 10:38:32,342 [43369f36-6a0f-45ae-a8eb-f0d390948370@group-7E155E250634-LeaderElection88] INFO  impl.LeaderElection (LogUtils.java:infoOrTrace(142)) - 43369f36-6a0f-45ae-a8eb-f0d390948370@group-7E155E250634-LeaderElection88 got exception when requesting votes: java.util.concurrent.ExecutionException: org.apache.ratis.thirdparty.io.grpc.StatusRuntimeException: UNAVAILABLE: io exception
2025-10-10 10:38:32,342 [43369f36-6a0f-45ae-a8eb-f0d390948370@group-7E155E250634-LeaderElection88] INFO  impl.LeaderElection (LogUtils.java:infoOrTrace(142)) - 43369f36-6a0f-45ae-a8eb-f0d390948370@group-7E155E250634-LeaderElection88 got exception when requesting votes: java.util.concurrent.ExecutionException: org.apache.ratis.thirdparty.io.grpc.StatusRuntimeException: UNAVAILABLE: io exception
2025-10-10 10:38:32,342 [43369f36-6a0f-45ae-a8eb-f0d390948370@group-7E155E250634-LeaderElection88] INFO  impl.LeaderElection (LeaderElection.java:logAndReturn(206)) - 43369f36-6a0f-45ae-a8eb-f0d390948370@group-7E155E250634-LeaderElection88: PRE_VOTE REJECTED received 0 response(s) and 2 exception(s):
2025-10-10 10:38:32,342 [43369f36-6a0f-45ae-a8eb-f0d390948370@group-7E155E250634-LeaderElection88] INFO  impl.LeaderElection (LogUtils.java:infoOrTrace(142)) -   Exception 0: java.util.concurrent.ExecutionException: org.apache.ratis.thirdparty.io.grpc.StatusRuntimeException: UNAVAILABLE: io exception
2025-10-10 10:38:32,342 [43369f36-6a0f-45ae-a8eb-f0d390948370@group-7E155E250634-LeaderElection88] INFO  impl.LeaderElection (LogUtils.java:infoOrTrace(142)) -   Exception 1: java.util.concurrent.ExecutionException: org.apache.ratis.thirdparty.io.grpc.StatusRuntimeException: UNAVAILABLE: io exception
2025-10-10 10:38:32,342 [43369f36-6a0f-45ae-a8eb-f0d390948370@group-7E155E250634-LeaderElection88] INFO  impl.LeaderElection (LeaderElection.java:askForVotes(450)) - 43369f36-6a0f-45ae-a8eb-f0d390948370@group-7E155E250634-LeaderElection88 PRE_VOTE round 0: result REJECTED
2025-10-10 10:38:32,342 [43369f36-6a0f-45ae-a8eb-f0d390948370@group-7E155E250634-LeaderElection88] INFO  server.RaftServer$Division (RaftServerImpl.java:setRole(392)) - 43369f36-6a0f-45ae-a8eb-f0d390948370@group-7E155E250634: changes role from CANDIDATE to FOLLOWER at term 2 for REJECTED
2025-10-10 10:38:32,342 [43369f36-6a0f-45ae-a8eb-f0d390948370@group-7E155E250634-LeaderElection88] INFO  impl.RoleInfo (RoleInfo.java:shutdownLeaderElection(141)) - 43369f36-6a0f-45ae-a8eb-f0d390948370: shutdown 43369f36-6a0f-45ae-a8eb-f0d390948370@group-7E155E250634-LeaderElection88
2025-10-10 10:38:32,342 [43369f36-6a0f-45ae-a8eb-f0d390948370@group-7E155E250634-LeaderElection88] INFO  impl.RoleInfo (RoleInfo.java:updateAndGet(148)) - 43369f36-6a0f-45ae-a8eb-f0d390948370: start 43369f36-6a0f-45ae-a8eb-f0d390948370@group-7E155E250634-FollowerState
2025-10-10 10:38:32,670 [43369f36-6a0f-45ae-a8eb-f0d390948370@group-63ACBE5F7EDA-FollowerState] INFO  impl.FollowerState (FollowerState.java:runImpl(161)) - 43369f36-6a0f-45ae-a8eb-f0d390948370@group-63ACBE5F7EDA-FollowerState: change to CANDIDATE, lastRpcElapsedTime:1085300600ns, electionTimeout:1085ms
2025-10-10 10:38:32,670 [43369f36-6a0f-45ae-a8eb-f0d390948370@group-63ACBE5F7EDA-FollowerState] INFO  impl.RoleInfo (RoleInfo.java:shutdownFollowerState(121)) - 43369f36-6a0f-45ae-a8eb-f0d390948370: shutdown 43369f36-6a0f-45ae-a8eb-f0d390948370@group-63ACBE5F7EDA-FollowerState
2025-10-10 10:38:32,670 [43369f36-6a0f-45ae-a8eb-f0d390948370@group-63ACBE5F7EDA-FollowerState] INFO  server.RaftServer$Division (RaftServerImpl.java:setRole(392)) - 43369f36-6a0f-45ae-a8eb-f0d390948370@group-63ACBE5F7EDA: changes role from  FOLLOWER to CANDIDATE at term 1 for changeToCandidate
2025-10-10 10:38:32,670 [43369f36-6a0f-45ae-a8eb-f0d390948370@group-63ACBE5F7EDA-FollowerState] INFO  impl.RoleInfo (RoleInfo.java:updateAndGet(148)) - 43369f36-6a0f-45ae-a8eb-f0d390948370: start 43369f36-6a0f-45ae-a8eb-f0d390948370@group-63ACBE5F7EDA-LeaderElection89
2025-10-10 10:38:32,671 [43369f36-6a0f-45ae-a8eb-f0d390948370@group-63ACBE5F7EDA-LeaderElection89] INFO  impl.LeaderElection (LeaderElection.java:askForVotes(448)) - 43369f36-6a0f-45ae-a8eb-f0d390948370@group-63ACBE5F7EDA-LeaderElection89 PRE_VOTE round 0: submit vote requests at term 1 for conf: {index: 0, cur=peers:[bb95c33f-a3cb-4bbe-957e-8163c1fc1114|127.0.0.1:15031, 1a301c79-b9ef-44e0-a0ae-b339f61819a5|127.0.0.1:15023, 43369f36-6a0f-45ae-a8eb-f0d390948370|127.0.0.1:15015]|listeners:[], old=null}
2025-10-10 10:38:32,671 [43369f36-6a0f-45ae-a8eb-f0d390948370@group-63ACBE5F7EDA-LeaderElection89] INFO  impl.LeaderElection (LogUtils.java:infoOrTrace(142)) - 43369f36-6a0f-45ae-a8eb-f0d390948370@group-63ACBE5F7EDA-LeaderElection89 got exception when requesting votes: java.util.concurrent.ExecutionException: org.apache.ratis.thirdparty.io.grpc.StatusRuntimeException: UNAVAILABLE: io exception
2025-10-10 10:38:32,671 [43369f36-6a0f-45ae-a8eb-f0d390948370@group-63ACBE5F7EDA-LeaderElection89] INFO  impl.LeaderElection (LogUtils.java:infoOrTrace(142)) - 43369f36-6a0f-45ae-a8eb-f0d390948370@group-63ACBE5F7EDA-LeaderElection89 got exception when requesting votes: java.util.concurrent.ExecutionException: org.apache.ratis.thirdparty.io.grpc.StatusRuntimeException: UNAVAILABLE: io exception
2025-10-10 10:38:32,671 [43369f36-6a0f-45ae-a8eb-f0d390948370@group-63ACBE5F7EDA-LeaderElection89] INFO  impl.LeaderElection (LeaderElection.java:logAndReturn(206)) - 43369f36-6a0f-45ae-a8eb-f0d390948370@group-63ACBE5F7EDA-LeaderElection89: PRE_VOTE REJECTED received 0 response(s) and 2 exception(s):
2025-10-10 10:38:32,671 [43369f36-6a0f-45ae-a8eb-f0d390948370@group-63ACBE5F7EDA-LeaderElection89] INFO  impl.LeaderElection (LogUtils.java:infoOrTrace(142)) -   Exception 0: java.util.concurrent.ExecutionException: org.apache.ratis.thirdparty.io.grpc.StatusRuntimeException: UNAVAILABLE: io exception
2025-10-10 10:38:32,672 [43369f36-6a0f-45ae-a8eb-f0d390948370@group-63ACBE5F7EDA-LeaderElection89] INFO  impl.LeaderElection (LogUtils.java:infoOrTrace(142)) -   Exception 1: java.util.concurrent.ExecutionException: org.apache.ratis.thirdparty.io.grpc.StatusRuntimeException: UNAVAILABLE: io exception
2025-10-10 10:38:32,672 [43369f36-6a0f-45ae-a8eb-f0d390948370@group-63ACBE5F7EDA-LeaderElection89] INFO  impl.LeaderElection (LeaderElection.java:askForVotes(450)) - 43369f36-6a0f-45ae-a8eb-f0d390948370@group-63ACBE5F7EDA-LeaderElection89 PRE_VOTE round 0: result REJECTED
2025-10-10 10:38:32,672 [43369f36-6a0f-45ae-a8eb-f0d390948370@group-63ACBE5F7EDA-LeaderElection89] INFO  server.RaftServer$Division (RaftServerImpl.java:setRole(392)) - 43369f36-6a0f-45ae-a8eb-f0d390948370@group-63ACBE5F7EDA: changes role from CANDIDATE to FOLLOWER at term 1 for REJECTED
2025-10-10 10:38:32,672 [43369f36-6a0f-45ae-a8eb-f0d390948370@group-63ACBE5F7EDA-LeaderElection89] INFO  impl.RoleInfo (RoleInfo.java:shutdownLeaderElection(141)) - 43369f36-6a0f-45ae-a8eb-f0d390948370: shutdown 43369f36-6a0f-45ae-a8eb-f0d390948370@group-63ACBE5F7EDA-LeaderElection89
2025-10-10 10:38:32,672 [43369f36-6a0f-45ae-a8eb-f0d390948370@group-63ACBE5F7EDA-LeaderElection89] INFO  impl.RoleInfo (RoleInfo.java:updateAndGet(148)) - 43369f36-6a0f-45ae-a8eb-f0d390948370: start 43369f36-6a0f-45ae-a8eb-f0d390948370@group-63ACBE5F7EDA-FollowerState
2025-10-10 10:38:33,366 [43369f36-6a0f-45ae-a8eb-f0d390948370@group-7E155E250634-FollowerState] INFO  impl.FollowerState (FollowerState.java:runImpl(161)) - 43369f36-6a0f-45ae-a8eb-f0d390948370@group-7E155E250634-FollowerState: change to CANDIDATE, lastRpcElapsedTime:1024328484ns, electionTimeout:1024ms
2025-10-10 10:38:33,367 [43369f36-6a0f-45ae-a8eb-f0d390948370@group-7E155E250634-FollowerState] INFO  impl.RoleInfo (RoleInfo.java:shutdownFollowerState(121)) - 43369f36-6a0f-45ae-a8eb-f0d390948370: shutdown 43369f36-6a0f-45ae-a8eb-f0d390948370@group-7E155E250634-FollowerState
2025-10-10 10:38:33,367 [43369f36-6a0f-45ae-a8eb-f0d390948370@group-7E155E250634-FollowerState] INFO  server.RaftServer$Division (RaftServerImpl.java:setRole(392)) - 43369f36-6a0f-45ae-a8eb-f0d390948370@group-7E155E250634: changes role from  FOLLOWER to CANDIDATE at term 2 for changeToCandidate
2025-10-10 10:38:33,367 [43369f36-6a0f-45ae-a8eb-f0d390948370@group-7E155E250634-FollowerState] INFO  impl.RoleInfo (RoleInfo.java:updateAndGet(148)) - 43369f36-6a0f-45ae-a8eb-f0d390948370: start 43369f36-6a0f-45ae-a8eb-f0d390948370@group-7E155E250634-LeaderElection90
2025-10-10 10:38:33,367 [43369f36-6a0f-45ae-a8eb-f0d390948370@group-7E155E250634-LeaderElection90] INFO  impl.LeaderElection (LeaderElection.java:askForVotes(448)) - 43369f36-6a0f-45ae-a8eb-f0d390948370@group-7E155E250634-LeaderElection90 PRE_VOTE round 0: submit vote requests at term 2 for conf: {index: 5, cur=peers:[bb95c33f-a3cb-4bbe-957e-8163c1fc1114|127.0.0.1:15031, 1a301c79-b9ef-44e0-a0ae-b339f61819a5|127.0.0.1:15023, 43369f36-6a0f-45ae-a8eb-f0d390948370|127.0.0.1:15015]|listeners:[], old=null}
2025-10-10 10:38:33,368 [43369f36-6a0f-45ae-a8eb-f0d390948370@group-7E155E250634-LeaderElection90] INFO  impl.LeaderElection (LogUtils.java:infoOrTrace(142)) - 43369f36-6a0f-45ae-a8eb-f0d390948370@group-7E155E250634-LeaderElection90 got exception when requesting votes: java.util.concurrent.ExecutionException: org.apache.ratis.thirdparty.io.grpc.StatusRuntimeException: UNAVAILABLE: io exception
2025-10-10 10:38:33,368 [43369f36-6a0f-45ae-a8eb-f0d390948370@group-7E155E250634-LeaderElection90] INFO  impl.LeaderElection (LogUtils.java:infoOrTrace(142)) - 43369f36-6a0f-45ae-a8eb-f0d390948370@group-7E155E250634-LeaderElection90 got exception when requesting votes: java.util.concurrent.ExecutionException: org.apache.ratis.thirdparty.io.grpc.StatusRuntimeException: UNAVAILABLE: io exception
2025-10-10 10:38:33,368 [43369f36-6a0f-45ae-a8eb-f0d390948370@group-7E155E250634-LeaderElection90] INFO  impl.LeaderElection (LeaderElection.java:logAndReturn(206)) - 43369f36-6a0f-45ae-a8eb-f0d390948370@group-7E155E250634-LeaderElection90: PRE_VOTE REJECTED received 0 response(s) and 2 exception(s):
2025-10-10 10:38:33,368 [43369f36-6a0f-45ae-a8eb-f0d390948370@group-7E155E250634-LeaderElection90] INFO  impl.LeaderElection (LogUtils.java:infoOrTrace(142)) -   Exception 0: java.util.concurrent.ExecutionException: org.apache.ratis.thirdparty.io.grpc.StatusRuntimeException: UNAVAILABLE: io exception
2025-10-10 10:38:33,368 [43369f36-6a0f-45ae-a8eb-f0d390948370@group-7E155E250634-LeaderElection90] INFO  impl.LeaderElection (LogUtils.java:infoOrTrace(142)) -   Exception 1: java.util.concurrent.ExecutionException: org.apache.ratis.thirdparty.io.grpc.StatusRuntimeException: UNAVAILABLE: io exception
2025-10-10 10:38:33,368 [43369f36-6a0f-45ae-a8eb-f0d390948370@group-7E155E250634-LeaderElection90] INFO  impl.LeaderElection (LeaderElection.java:askForVotes(450)) - 43369f36-6a0f-45ae-a8eb-f0d390948370@group-7E155E250634-LeaderElection90 PRE_VOTE round 0: result REJECTED
2025-10-10 10:38:33,368 [43369f36-6a0f-45ae-a8eb-f0d390948370@group-7E155E250634-LeaderElection90] INFO  server.RaftServer$Division (RaftServerImpl.java:setRole(392)) - 43369f36-6a0f-45ae-a8eb-f0d390948370@group-7E155E250634: changes role from CANDIDATE to FOLLOWER at term 2 for REJECTED
2025-10-10 10:38:33,369 [43369f36-6a0f-45ae-a8eb-f0d390948370@group-7E155E250634-LeaderElection90] INFO  impl.RoleInfo (RoleInfo.java:shutdownLeaderElection(141)) - 43369f36-6a0f-45ae-a8eb-f0d390948370: shutdown 43369f36-6a0f-45ae-a8eb-f0d390948370@group-7E155E250634-LeaderElection90
2025-10-10 10:38:33,369 [43369f36-6a0f-45ae-a8eb-f0d390948370@group-7E155E250634-LeaderElection90] INFO  impl.RoleInfo (RoleInfo.java:updateAndGet(148)) - 43369f36-6a0f-45ae-a8eb-f0d390948370: start 43369f36-6a0f-45ae-a8eb-f0d390948370@group-7E155E250634-FollowerState
2025-10-10 10:38:33,759 [43369f36-6a0f-45ae-a8eb-f0d390948370@group-63ACBE5F7EDA-FollowerState] INFO  impl.FollowerState (FollowerState.java:runImpl(161)) - 43369f36-6a0f-45ae-a8eb-f0d390948370@group-63ACBE5F7EDA-FollowerState: change to CANDIDATE, lastRpcElapsedTime:1087317176ns, electionTimeout:1087ms
2025-10-10 10:38:33,759 [43369f36-6a0f-45ae-a8eb-f0d390948370@group-63ACBE5F7EDA-FollowerState] INFO  impl.RoleInfo (RoleInfo.java:shutdownFollowerState(121)) - 43369f36-6a0f-45ae-a8eb-f0d390948370: shutdown 43369f36-6a0f-45ae-a8eb-f0d390948370@group-63ACBE5F7EDA-FollowerState
2025-10-10 10:38:33,759 [43369f36-6a0f-45ae-a8eb-f0d390948370@group-63ACBE5F7EDA-FollowerState] INFO  server.RaftServer$Division (RaftServerImpl.java:setRole(392)) - 43369f36-6a0f-45ae-a8eb-f0d390948370@group-63ACBE5F7EDA: changes role from  FOLLOWER to CANDIDATE at term 1 for changeToCandidate
2025-10-10 10:38:33,759 [43369f36-6a0f-45ae-a8eb-f0d390948370@group-63ACBE5F7EDA-FollowerState] INFO  impl.RoleInfo (RoleInfo.java:updateAndGet(148)) - 43369f36-6a0f-45ae-a8eb-f0d390948370: start 43369f36-6a0f-45ae-a8eb-f0d390948370@group-63ACBE5F7EDA-LeaderElection91
2025-10-10 10:38:33,760 [43369f36-6a0f-45ae-a8eb-f0d390948370@group-63ACBE5F7EDA-LeaderElection91] INFO  impl.LeaderElection (LeaderElection.java:askForVotes(448)) - 43369f36-6a0f-45ae-a8eb-f0d390948370@group-63ACBE5F7EDA-LeaderElection91 PRE_VOTE round 0: submit vote requests at term 1 for conf: {index: 0, cur=peers:[bb95c33f-a3cb-4bbe-957e-8163c1fc1114|127.0.0.1:15031, 1a301c79-b9ef-44e0-a0ae-b339f61819a5|127.0.0.1:15023, 43369f36-6a0f-45ae-a8eb-f0d390948370|127.0.0.1:15015]|listeners:[], old=null}
2025-10-10 10:38:33,760 [43369f36-6a0f-45ae-a8eb-f0d390948370@group-63ACBE5F7EDA-LeaderElection91] INFO  impl.LeaderElection (LogUtils.java:infoOrTrace(142)) - 43369f36-6a0f-45ae-a8eb-f0d390948370@group-63ACBE5F7EDA-LeaderElection91 got exception when requesting votes: java.util.concurrent.ExecutionException: org.apache.ratis.thirdparty.io.grpc.StatusRuntimeException: UNAVAILABLE: io exception
2025-10-10 10:38:33,760 [43369f36-6a0f-45ae-a8eb-f0d390948370@group-63ACBE5F7EDA-LeaderElection91] INFO  impl.LeaderElection (LogUtils.java:infoOrTrace(142)) - 43369f36-6a0f-45ae-a8eb-f0d390948370@group-63ACBE5F7EDA-LeaderElection91 got exception when requesting votes: java.util.concurrent.ExecutionException: org.apache.ratis.thirdparty.io.grpc.StatusRuntimeException: UNAVAILABLE: io exception
2025-10-10 10:38:33,761 [43369f36-6a0f-45ae-a8eb-f0d390948370@group-63ACBE5F7EDA-LeaderElection91] INFO  impl.LeaderElection (LeaderElection.java:logAndReturn(206)) - 43369f36-6a0f-45ae-a8eb-f0d390948370@group-63ACBE5F7EDA-LeaderElection91: PRE_VOTE REJECTED received 0 response(s) and 2 exception(s):
2025-10-10 10:38:33,761 [43369f36-6a0f-45ae-a8eb-f0d390948370@group-63ACBE5F7EDA-LeaderElection91] INFO  impl.LeaderElection (LogUtils.java:infoOrTrace(142)) -   Exception 0: java.util.concurrent.ExecutionException: org.apache.ratis.thirdparty.io.grpc.StatusRuntimeException: UNAVAILABLE: io exception
2025-10-10 10:38:33,761 [43369f36-6a0f-45ae-a8eb-f0d390948370@group-63ACBE5F7EDA-LeaderElection91] INFO  impl.LeaderElection (LogUtils.java:infoOrTrace(142)) -   Exception 1: java.util.concurrent.ExecutionException: org.apache.ratis.thirdparty.io.grpc.StatusRuntimeException: UNAVAILABLE: io exception
2025-10-10 10:38:33,761 [43369f36-6a0f-45ae-a8eb-f0d390948370@group-63ACBE5F7EDA-LeaderElection91] INFO  impl.LeaderElection (LeaderElection.java:askForVotes(450)) - 43369f36-6a0f-45ae-a8eb-f0d390948370@group-63ACBE5F7EDA-LeaderElection91 PRE_VOTE round 0: result REJECTED
2025-10-10 10:38:33,761 [43369f36-6a0f-45ae-a8eb-f0d390948370@group-63ACBE5F7EDA-LeaderElection91] INFO  server.RaftServer$Division (RaftServerImpl.java:setRole(392)) - 43369f36-6a0f-45ae-a8eb-f0d390948370@group-63ACBE5F7EDA: changes role from CANDIDATE to FOLLOWER at term 1 for REJECTED
2025-10-10 10:38:33,761 [43369f36-6a0f-45ae-a8eb-f0d390948370@group-63ACBE5F7EDA-LeaderElection91] INFO  impl.RoleInfo (RoleInfo.java:shutdownLeaderElection(141)) - 43369f36-6a0f-45ae-a8eb-f0d390948370: shutdown 43369f36-6a0f-45ae-a8eb-f0d390948370@group-63ACBE5F7EDA-LeaderElection91
2025-10-10 10:38:33,761 [43369f36-6a0f-45ae-a8eb-f0d390948370@group-63ACBE5F7EDA-LeaderElection91] INFO  impl.RoleInfo (RoleInfo.java:updateAndGet(148)) - 43369f36-6a0f-45ae-a8eb-f0d390948370: start 43369f36-6a0f-45ae-a8eb-f0d390948370@group-63ACBE5F7EDA-FollowerState
2025-10-10 10:38:34,457 [43369f36-6a0f-45ae-a8eb-f0d390948370@group-7E155E250634-FollowerState] INFO  impl.FollowerState (FollowerState.java:runImpl(161)) - 43369f36-6a0f-45ae-a8eb-f0d390948370@group-7E155E250634-FollowerState: change to CANDIDATE, lastRpcElapsedTime:1088306289ns, electionTimeout:1088ms
2025-10-10 10:38:34,457 [43369f36-6a0f-45ae-a8eb-f0d390948370@group-7E155E250634-FollowerState] INFO  impl.RoleInfo (RoleInfo.java:shutdownFollowerState(121)) - 43369f36-6a0f-45ae-a8eb-f0d390948370: shutdown 43369f36-6a0f-45ae-a8eb-f0d390948370@group-7E155E250634-FollowerState
2025-10-10 10:38:34,457 [43369f36-6a0f-45ae-a8eb-f0d390948370@group-7E155E250634-FollowerState] INFO  server.RaftServer$Division (RaftServerImpl.java:setRole(392)) - 43369f36-6a0f-45ae-a8eb-f0d390948370@group-7E155E250634: changes role from  FOLLOWER to CANDIDATE at term 2 for changeToCandidate
2025-10-10 10:38:34,457 [43369f36-6a0f-45ae-a8eb-f0d390948370@group-7E155E250634-FollowerState] INFO  impl.RoleInfo (RoleInfo.java:updateAndGet(148)) - 43369f36-6a0f-45ae-a8eb-f0d390948370: start 43369f36-6a0f-45ae-a8eb-f0d390948370@group-7E155E250634-LeaderElection92
2025-10-10 10:38:34,458 [43369f36-6a0f-45ae-a8eb-f0d390948370@group-7E155E250634-LeaderElection92] INFO  impl.LeaderElection (LeaderElection.java:askForVotes(448)) - 43369f36-6a0f-45ae-a8eb-f0d390948370@group-7E155E250634-LeaderElection92 PRE_VOTE round 0: submit vote requests at term 2 for conf: {index: 5, cur=peers:[bb95c33f-a3cb-4bbe-957e-8163c1fc1114|127.0.0.1:15031, 1a301c79-b9ef-44e0-a0ae-b339f61819a5|127.0.0.1:15023, 43369f36-6a0f-45ae-a8eb-f0d390948370|127.0.0.1:15015]|listeners:[], old=null}
2025-10-10 10:38:34,458 [43369f36-6a0f-45ae-a8eb-f0d390948370@group-7E155E250634-LeaderElection92] INFO  impl.LeaderElection (LogUtils.java:infoOrTrace(142)) - 43369f36-6a0f-45ae-a8eb-f0d390948370@group-7E155E250634-LeaderElection92 got exception when requesting votes: java.util.concurrent.ExecutionException: org.apache.ratis.thirdparty.io.grpc.StatusRuntimeException: UNAVAILABLE: io exception
2025-10-10 10:38:34,459 [43369f36-6a0f-45ae-a8eb-f0d390948370@group-7E155E250634-LeaderElection92] INFO  impl.LeaderElection (LogUtils.java:infoOrTrace(142)) - 43369f36-6a0f-45ae-a8eb-f0d390948370@group-7E155E250634-LeaderElection92 got exception when requesting votes: java.util.concurrent.ExecutionException: org.apache.ratis.thirdparty.io.grpc.StatusRuntimeException: UNAVAILABLE: io exception
2025-10-10 10:38:34,459 [43369f36-6a0f-45ae-a8eb-f0d390948370@group-7E155E250634-LeaderElection92] INFO  impl.LeaderElection (LeaderElection.java:logAndReturn(206)) - 43369f36-6a0f-45ae-a8eb-f0d390948370@group-7E155E250634-LeaderElection92: PRE_VOTE REJECTED received 0 response(s) and 2 exception(s):
2025-10-10 10:38:34,459 [43369f36-6a0f-45ae-a8eb-f0d390948370@group-7E155E250634-LeaderElection92] INFO  impl.LeaderElection (LogUtils.java:infoOrTrace(142)) -   Exception 0: java.util.concurrent.ExecutionException: org.apache.ratis.thirdparty.io.grpc.StatusRuntimeException: UNAVAILABLE: io exception
2025-10-10 10:38:34,459 [43369f36-6a0f-45ae-a8eb-f0d390948370@group-7E155E250634-LeaderElection92] INFO  impl.LeaderElection (LogUtils.java:infoOrTrace(142)) -   Exception 1: java.util.concurrent.ExecutionException: org.apache.ratis.thirdparty.io.grpc.StatusRuntimeException: UNAVAILABLE: io exception
2025-10-10 10:38:34,459 [43369f36-6a0f-45ae-a8eb-f0d390948370@group-7E155E250634-LeaderElection92] INFO  impl.LeaderElection (LeaderElection.java:askForVotes(450)) - 43369f36-6a0f-45ae-a8eb-f0d390948370@group-7E155E250634-LeaderElection92 PRE_VOTE round 0: result REJECTED
2025-10-10 10:38:34,459 [43369f36-6a0f-45ae-a8eb-f0d390948370@group-7E155E250634-LeaderElection92] INFO  server.RaftServer$Division (RaftServerImpl.java:setRole(392)) - 43369f36-6a0f-45ae-a8eb-f0d390948370@group-7E155E250634: changes role from CANDIDATE to FOLLOWER at term 2 for REJECTED
2025-10-10 10:38:34,459 [43369f36-6a0f-45ae-a8eb-f0d390948370@group-7E155E250634-LeaderElection92] INFO  impl.RoleInfo (RoleInfo.java:shutdownLeaderElection(141)) - 43369f36-6a0f-45ae-a8eb-f0d390948370: shutdown 43369f36-6a0f-45ae-a8eb-f0d390948370@group-7E155E250634-LeaderElection92
2025-10-10 10:38:34,459 [43369f36-6a0f-45ae-a8eb-f0d390948370@group-7E155E250634-LeaderElection92] INFO  impl.RoleInfo (RoleInfo.java:updateAndGet(148)) - 43369f36-6a0f-45ae-a8eb-f0d390948370: start 43369f36-6a0f-45ae-a8eb-f0d390948370@group-7E155E250634-FollowerState
2025-10-10 10:38:34,891 [43369f36-6a0f-45ae-a8eb-f0d390948370@group-63ACBE5F7EDA-FollowerState] INFO  impl.FollowerState (FollowerState.java:runImpl(161)) - 43369f36-6a0f-45ae-a8eb-f0d390948370@group-63ACBE5F7EDA-FollowerState: change to CANDIDATE, lastRpcElapsedTime:1130253226ns, electionTimeout:1130ms
2025-10-10 10:38:34,892 [43369f36-6a0f-45ae-a8eb-f0d390948370@group-63ACBE5F7EDA-FollowerState] INFO  impl.RoleInfo (RoleInfo.java:shutdownFollowerState(121)) - 43369f36-6a0f-45ae-a8eb-f0d390948370: shutdown 43369f36-6a0f-45ae-a8eb-f0d390948370@group-63ACBE5F7EDA-FollowerState
2025-10-10 10:38:34,892 [43369f36-6a0f-45ae-a8eb-f0d390948370@group-63ACBE5F7EDA-FollowerState] INFO  server.RaftServer$Division (RaftServerImpl.java:setRole(392)) - 43369f36-6a0f-45ae-a8eb-f0d390948370@group-63ACBE5F7EDA: changes role from  FOLLOWER to CANDIDATE at term 1 for changeToCandidate
2025-10-10 10:38:34,892 [43369f36-6a0f-45ae-a8eb-f0d390948370@group-63ACBE5F7EDA-FollowerState] INFO  impl.RoleInfo (RoleInfo.java:updateAndGet(148)) - 43369f36-6a0f-45ae-a8eb-f0d390948370: start 43369f36-6a0f-45ae-a8eb-f0d390948370@group-63ACBE5F7EDA-LeaderElection93
2025-10-10 10:38:34,892 [43369f36-6a0f-45ae-a8eb-f0d390948370@group-63ACBE5F7EDA-LeaderElection93] INFO  impl.LeaderElection (LeaderElection.java:askForVotes(448)) - 43369f36-6a0f-45ae-a8eb-f0d390948370@group-63ACBE5F7EDA-LeaderElection93 PRE_VOTE round 0: submit vote requests at term 1 for conf: {index: 0, cur=peers:[bb95c33f-a3cb-4bbe-957e-8163c1fc1114|127.0.0.1:15031, 1a301c79-b9ef-44e0-a0ae-b339f61819a5|127.0.0.1:15023, 43369f36-6a0f-45ae-a8eb-f0d390948370|127.0.0.1:15015]|listeners:[], old=null}
2025-10-10 10:38:34,893 [43369f36-6a0f-45ae-a8eb-f0d390948370@group-63ACBE5F7EDA-LeaderElection93] INFO  impl.LeaderElection (LogUtils.java:infoOrTrace(142)) - 43369f36-6a0f-45ae-a8eb-f0d390948370@group-63ACBE5F7EDA-LeaderElection93 got exception when requesting votes: java.util.concurrent.ExecutionException: org.apache.ratis.thirdparty.io.grpc.StatusRuntimeException: UNAVAILABLE: io exception
2025-10-10 10:38:34,893 [43369f36-6a0f-45ae-a8eb-f0d390948370@group-63ACBE5F7EDA-LeaderElection93] INFO  impl.LeaderElection (LogUtils.java:infoOrTrace(142)) - 43369f36-6a0f-45ae-a8eb-f0d390948370@group-63ACBE5F7EDA-LeaderElection93 got exception when requesting votes: java.util.concurrent.ExecutionException: org.apache.ratis.thirdparty.io.grpc.StatusRuntimeException: UNAVAILABLE: io exception
2025-10-10 10:38:34,893 [43369f36-6a0f-45ae-a8eb-f0d390948370@group-63ACBE5F7EDA-LeaderElection93] INFO  impl.LeaderElection (LeaderElection.java:logAndReturn(206)) - 43369f36-6a0f-45ae-a8eb-f0d390948370@group-63ACBE5F7EDA-LeaderElection93: PRE_VOTE REJECTED received 0 response(s) and 2 exception(s):
2025-10-10 10:38:34,893 [43369f36-6a0f-45ae-a8eb-f0d390948370@group-63ACBE5F7EDA-LeaderElection93] INFO  impl.LeaderElection (LogUtils.java:infoOrTrace(142)) -   Exception 0: java.util.concurrent.ExecutionException: org.apache.ratis.thirdparty.io.grpc.StatusRuntimeException: UNAVAILABLE: io exception
2025-10-10 10:38:34,893 [43369f36-6a0f-45ae-a8eb-f0d390948370@group-63ACBE5F7EDA-LeaderElection93] INFO  impl.LeaderElection (LogUtils.java:infoOrTrace(142)) -   Exception 1: java.util.concurrent.ExecutionException: org.apache.ratis.thirdparty.io.grpc.StatusRuntimeException: UNAVAILABLE: io exception
2025-10-10 10:38:34,893 [43369f36-6a0f-45ae-a8eb-f0d390948370@group-63ACBE5F7EDA-LeaderElection93] INFO  impl.LeaderElection (LeaderElection.java:askForVotes(450)) - 43369f36-6a0f-45ae-a8eb-f0d390948370@group-63ACBE5F7EDA-LeaderElection93 PRE_VOTE round 0: result REJECTED
2025-10-10 10:38:34,893 [43369f36-6a0f-45ae-a8eb-f0d390948370@group-63ACBE5F7EDA-LeaderElection93] INFO  server.RaftServer$Division (RaftServerImpl.java:setRole(392)) - 43369f36-6a0f-45ae-a8eb-f0d390948370@group-63ACBE5F7EDA: changes role from CANDIDATE to FOLLOWER at term 1 for REJECTED
2025-10-10 10:38:34,893 [43369f36-6a0f-45ae-a8eb-f0d390948370@group-63ACBE5F7EDA-LeaderElection93] INFO  impl.RoleInfo (RoleInfo.java:shutdownLeaderElection(141)) - 43369f36-6a0f-45ae-a8eb-f0d390948370: shutdown 43369f36-6a0f-45ae-a8eb-f0d390948370@group-63ACBE5F7EDA-LeaderElection93
2025-10-10 10:38:34,893 [43369f36-6a0f-45ae-a8eb-f0d390948370@group-63ACBE5F7EDA-LeaderElection93] INFO  impl.RoleInfo (RoleInfo.java:updateAndGet(148)) - 43369f36-6a0f-45ae-a8eb-f0d390948370: start 43369f36-6a0f-45ae-a8eb-f0d390948370@group-63ACBE5F7EDA-FollowerState
2025-10-10 10:38:35,621 [43369f36-6a0f-45ae-a8eb-f0d390948370@group-7E155E250634-FollowerState] INFO  impl.FollowerState (FollowerState.java:runImpl(161)) - 43369f36-6a0f-45ae-a8eb-f0d390948370@group-7E155E250634-FollowerState: change to CANDIDATE, lastRpcElapsedTime:1161466451ns, electionTimeout:1161ms
2025-10-10 10:38:35,621 [43369f36-6a0f-45ae-a8eb-f0d390948370@group-7E155E250634-FollowerState] INFO  impl.RoleInfo (RoleInfo.java:shutdownFollowerState(121)) - 43369f36-6a0f-45ae-a8eb-f0d390948370: shutdown 43369f36-6a0f-45ae-a8eb-f0d390948370@group-7E155E250634-FollowerState
2025-10-10 10:38:35,621 [43369f36-6a0f-45ae-a8eb-f0d390948370@group-7E155E250634-FollowerState] INFO  server.RaftServer$Division (RaftServerImpl.java:setRole(392)) - 43369f36-6a0f-45ae-a8eb-f0d390948370@group-7E155E250634: changes role from  FOLLOWER to CANDIDATE at term 2 for changeToCandidate
2025-10-10 10:38:35,621 [43369f36-6a0f-45ae-a8eb-f0d390948370@group-7E155E250634-FollowerState] INFO  impl.RoleInfo (RoleInfo.java:updateAndGet(148)) - 43369f36-6a0f-45ae-a8eb-f0d390948370: start 43369f36-6a0f-45ae-a8eb-f0d390948370@group-7E155E250634-LeaderElection94
2025-10-10 10:38:35,621 [43369f36-6a0f-45ae-a8eb-f0d390948370@group-7E155E250634-LeaderElection94] INFO  impl.LeaderElection (LeaderElection.java:askForVotes(448)) - 43369f36-6a0f-45ae-a8eb-f0d390948370@group-7E155E250634-LeaderElection94 PRE_VOTE round 0: submit vote requests at term 2 for conf: {index: 5, cur=peers:[bb95c33f-a3cb-4bbe-957e-8163c1fc1114|127.0.0.1:15031, 1a301c79-b9ef-44e0-a0ae-b339f61819a5|127.0.0.1:15023, 43369f36-6a0f-45ae-a8eb-f0d390948370|127.0.0.1:15015]|listeners:[], old=null}
2025-10-10 10:38:35,622 [43369f36-6a0f-45ae-a8eb-f0d390948370@group-7E155E250634-LeaderElection94] INFO  impl.LeaderElection (LogUtils.java:infoOrTrace(142)) - 43369f36-6a0f-45ae-a8eb-f0d390948370@group-7E155E250634-LeaderElection94 got exception when requesting votes: java.util.concurrent.ExecutionException: org.apache.ratis.thirdparty.io.grpc.StatusRuntimeException: UNAVAILABLE: io exception
2025-10-10 10:38:35,622 [43369f36-6a0f-45ae-a8eb-f0d390948370@group-7E155E250634-LeaderElection94] INFO  impl.LeaderElection (LogUtils.java:infoOrTrace(142)) - 43369f36-6a0f-45ae-a8eb-f0d390948370@group-7E155E250634-LeaderElection94 got exception when requesting votes: java.util.concurrent.ExecutionException: org.apache.ratis.thirdparty.io.grpc.StatusRuntimeException: UNAVAILABLE: io exception
2025-10-10 10:38:35,622 [43369f36-6a0f-45ae-a8eb-f0d390948370@group-7E155E250634-LeaderElection94] INFO  impl.LeaderElection (LeaderElection.java:logAndReturn(206)) - 43369f36-6a0f-45ae-a8eb-f0d390948370@group-7E155E250634-LeaderElection94: PRE_VOTE REJECTED received 0 response(s) and 2 exception(s):
2025-10-10 10:38:35,622 [43369f36-6a0f-45ae-a8eb-f0d390948370@group-7E155E250634-LeaderElection94] INFO  impl.LeaderElection (LogUtils.java:infoOrTrace(142)) -   Exception 0: java.util.concurrent.ExecutionException: org.apache.ratis.thirdparty.io.grpc.StatusRuntimeException: UNAVAILABLE: io exception
2025-10-10 10:38:35,622 [43369f36-6a0f-45ae-a8eb-f0d390948370@group-7E155E250634-LeaderElection94] INFO  impl.LeaderElection (LogUtils.java:infoOrTrace(142)) -   Exception 1: java.util.concurrent.ExecutionException: org.apache.ratis.thirdparty.io.grpc.StatusRuntimeException: UNAVAILABLE: io exception
2025-10-10 10:38:35,622 [43369f36-6a0f-45ae-a8eb-f0d390948370@group-7E155E250634-LeaderElection94] INFO  impl.LeaderElection (LeaderElection.java:askForVotes(450)) - 43369f36-6a0f-45ae-a8eb-f0d390948370@group-7E155E250634-LeaderElection94 PRE_VOTE round 0: result REJECTED
2025-10-10 10:38:35,622 [43369f36-6a0f-45ae-a8eb-f0d390948370@group-7E155E250634-LeaderElection94] INFO  server.RaftServer$Division (RaftServerImpl.java:setRole(392)) - 43369f36-6a0f-45ae-a8eb-f0d390948370@group-7E155E250634: changes role from CANDIDATE to FOLLOWER at term 2 for REJECTED
2025-10-10 10:38:35,622 [43369f36-6a0f-45ae-a8eb-f0d390948370@group-7E155E250634-LeaderElection94] INFO  impl.RoleInfo (RoleInfo.java:shutdownLeaderElection(141)) - 43369f36-6a0f-45ae-a8eb-f0d390948370: shutdown 43369f36-6a0f-45ae-a8eb-f0d390948370@group-7E155E250634-LeaderElection94
2025-10-10 10:38:35,622 [43369f36-6a0f-45ae-a8eb-f0d390948370@group-7E155E250634-LeaderElection94] INFO  impl.RoleInfo (RoleInfo.java:updateAndGet(148)) - 43369f36-6a0f-45ae-a8eb-f0d390948370: start 43369f36-6a0f-45ae-a8eb-f0d390948370@group-7E155E250634-FollowerState
2025-10-10 10:38:36,050 [43369f36-6a0f-45ae-a8eb-f0d390948370@group-63ACBE5F7EDA-FollowerState] INFO  impl.FollowerState (FollowerState.java:runImpl(161)) - 43369f36-6a0f-45ae-a8eb-f0d390948370@group-63ACBE5F7EDA-FollowerState: change to CANDIDATE, lastRpcElapsedTime:1156428023ns, electionTimeout:1156ms
2025-10-10 10:38:36,050 [43369f36-6a0f-45ae-a8eb-f0d390948370@group-63ACBE5F7EDA-FollowerState] INFO  impl.RoleInfo (RoleInfo.java:shutdownFollowerState(121)) - 43369f36-6a0f-45ae-a8eb-f0d390948370: shutdown 43369f36-6a0f-45ae-a8eb-f0d390948370@group-63ACBE5F7EDA-FollowerState
2025-10-10 10:38:36,050 [43369f36-6a0f-45ae-a8eb-f0d390948370@group-63ACBE5F7EDA-FollowerState] INFO  server.RaftServer$Division (RaftServerImpl.java:setRole(392)) - 43369f36-6a0f-45ae-a8eb-f0d390948370@group-63ACBE5F7EDA: changes role from  FOLLOWER to CANDIDATE at term 1 for changeToCandidate
2025-10-10 10:38:36,050 [43369f36-6a0f-45ae-a8eb-f0d390948370@group-63ACBE5F7EDA-FollowerState] INFO  impl.RoleInfo (RoleInfo.java:updateAndGet(148)) - 43369f36-6a0f-45ae-a8eb-f0d390948370: start 43369f36-6a0f-45ae-a8eb-f0d390948370@group-63ACBE5F7EDA-LeaderElection95
2025-10-10 10:38:36,050 [43369f36-6a0f-45ae-a8eb-f0d390948370@group-63ACBE5F7EDA-LeaderElection95] INFO  impl.LeaderElection (LeaderElection.java:askForVotes(448)) - 43369f36-6a0f-45ae-a8eb-f0d390948370@group-63ACBE5F7EDA-LeaderElection95 PRE_VOTE round 0: submit vote requests at term 1 for conf: {index: 0, cur=peers:[bb95c33f-a3cb-4bbe-957e-8163c1fc1114|127.0.0.1:15031, 1a301c79-b9ef-44e0-a0ae-b339f61819a5|127.0.0.1:15023, 43369f36-6a0f-45ae-a8eb-f0d390948370|127.0.0.1:15015]|listeners:[], old=null}
2025-10-10 10:38:36,051 [43369f36-6a0f-45ae-a8eb-f0d390948370@group-63ACBE5F7EDA-LeaderElection95] INFO  impl.LeaderElection (LogUtils.java:infoOrTrace(142)) - 43369f36-6a0f-45ae-a8eb-f0d390948370@group-63ACBE5F7EDA-LeaderElection95 got exception when requesting votes: java.util.concurrent.ExecutionException: org.apache.ratis.thirdparty.io.grpc.StatusRuntimeException: UNAVAILABLE: io exception
2025-10-10 10:38:36,051 [43369f36-6a0f-45ae-a8eb-f0d390948370@group-63ACBE5F7EDA-LeaderElection95] INFO  impl.LeaderElection (LogUtils.java:infoOrTrace(142)) - 43369f36-6a0f-45ae-a8eb-f0d390948370@group-63ACBE5F7EDA-LeaderElection95 got exception when requesting votes: java.util.concurrent.ExecutionException: org.apache.ratis.thirdparty.io.grpc.StatusRuntimeException: UNAVAILABLE: io exception
2025-10-10 10:38:36,051 [43369f36-6a0f-45ae-a8eb-f0d390948370@group-63ACBE5F7EDA-LeaderElection95] INFO  impl.LeaderElection (LeaderElection.java:logAndReturn(206)) - 43369f36-6a0f-45ae-a8eb-f0d390948370@group-63ACBE5F7EDA-LeaderElection95: PRE_VOTE REJECTED received 0 response(s) and 2 exception(s):
2025-10-10 10:38:36,051 [43369f36-6a0f-45ae-a8eb-f0d390948370@group-63ACBE5F7EDA-LeaderElection95] INFO  impl.LeaderElection (LogUtils.java:infoOrTrace(142)) -   Exception 0: java.util.concurrent.ExecutionException: org.apache.ratis.thirdparty.io.grpc.StatusRuntimeException: UNAVAILABLE: io exception
2025-10-10 10:38:36,051 [43369f36-6a0f-45ae-a8eb-f0d390948370@group-63ACBE5F7EDA-LeaderElection95] INFO  impl.LeaderElection (LogUtils.java:infoOrTrace(142)) -   Exception 1: java.util.concurrent.ExecutionException: org.apache.ratis.thirdparty.io.grpc.StatusRuntimeException: UNAVAILABLE: io exception
2025-10-10 10:38:36,051 [43369f36-6a0f-45ae-a8eb-f0d390948370@group-63ACBE5F7EDA-LeaderElection95] INFO  impl.LeaderElection (LeaderElection.java:askForVotes(450)) - 43369f36-6a0f-45ae-a8eb-f0d390948370@group-63ACBE5F7EDA-LeaderElection95 PRE_VOTE round 0: result REJECTED
2025-10-10 10:38:36,051 [43369f36-6a0f-45ae-a8eb-f0d390948370@group-63ACBE5F7EDA-LeaderElection95] INFO  server.RaftServer$Division (RaftServerImpl.java:setRole(392)) - 43369f36-6a0f-45ae-a8eb-f0d390948370@group-63ACBE5F7EDA: changes role from CANDIDATE to FOLLOWER at term 1 for REJECTED
2025-10-10 10:38:36,051 [43369f36-6a0f-45ae-a8eb-f0d390948370@group-63ACBE5F7EDA-LeaderElection95] INFO  impl.RoleInfo (RoleInfo.java:shutdownLeaderElection(141)) - 43369f36-6a0f-45ae-a8eb-f0d390948370: shutdown 43369f36-6a0f-45ae-a8eb-f0d390948370@group-63ACBE5F7EDA-LeaderElection95
2025-10-10 10:38:36,051 [43369f36-6a0f-45ae-a8eb-f0d390948370@group-63ACBE5F7EDA-LeaderElection95] INFO  impl.RoleInfo (RoleInfo.java:updateAndGet(148)) - 43369f36-6a0f-45ae-a8eb-f0d390948370: start 43369f36-6a0f-45ae-a8eb-f0d390948370@group-63ACBE5F7EDA-FollowerState
2025-10-10 10:38:36,736 [43369f36-6a0f-45ae-a8eb-f0d390948370@group-7E155E250634-FollowerState] INFO  impl.FollowerState (FollowerState.java:runImpl(161)) - 43369f36-6a0f-45ae-a8eb-f0d390948370@group-7E155E250634-FollowerState: change to CANDIDATE, lastRpcElapsedTime:1113288852ns, electionTimeout:1113ms
2025-10-10 10:38:36,736 [43369f36-6a0f-45ae-a8eb-f0d390948370@group-7E155E250634-FollowerState] INFO  impl.RoleInfo (RoleInfo.java:shutdownFollowerState(121)) - 43369f36-6a0f-45ae-a8eb-f0d390948370: shutdown 43369f36-6a0f-45ae-a8eb-f0d390948370@group-7E155E250634-FollowerState
2025-10-10 10:38:36,736 [43369f36-6a0f-45ae-a8eb-f0d390948370@group-7E155E250634-FollowerState] INFO  server.RaftServer$Division (RaftServerImpl.java:setRole(392)) - 43369f36-6a0f-45ae-a8eb-f0d390948370@group-7E155E250634: changes role from  FOLLOWER to CANDIDATE at term 2 for changeToCandidate
2025-10-10 10:38:36,736 [43369f36-6a0f-45ae-a8eb-f0d390948370@group-7E155E250634-FollowerState] INFO  impl.RoleInfo (RoleInfo.java:updateAndGet(148)) - 43369f36-6a0f-45ae-a8eb-f0d390948370: start 43369f36-6a0f-45ae-a8eb-f0d390948370@group-7E155E250634-LeaderElection96
2025-10-10 10:38:36,736 [43369f36-6a0f-45ae-a8eb-f0d390948370@group-7E155E250634-LeaderElection96] INFO  impl.LeaderElection (LeaderElection.java:askForVotes(448)) - 43369f36-6a0f-45ae-a8eb-f0d390948370@group-7E155E250634-LeaderElection96 PRE_VOTE round 0: submit vote requests at term 2 for conf: {index: 5, cur=peers:[bb95c33f-a3cb-4bbe-957e-8163c1fc1114|127.0.0.1:15031, 1a301c79-b9ef-44e0-a0ae-b339f61819a5|127.0.0.1:15023, 43369f36-6a0f-45ae-a8eb-f0d390948370|127.0.0.1:15015]|listeners:[], old=null}
2025-10-10 10:38:36,737 [43369f36-6a0f-45ae-a8eb-f0d390948370@group-7E155E250634-LeaderElection96] INFO  impl.LeaderElection (LogUtils.java:infoOrTrace(142)) - 43369f36-6a0f-45ae-a8eb-f0d390948370@group-7E155E250634-LeaderElection96 got exception when requesting votes: java.util.concurrent.ExecutionException: org.apache.ratis.thirdparty.io.grpc.StatusRuntimeException: UNAVAILABLE: io exception
2025-10-10 10:38:36,737 [43369f36-6a0f-45ae-a8eb-f0d390948370@group-7E155E250634-LeaderElection96] INFO  impl.LeaderElection (LogUtils.java:infoOrTrace(142)) - 43369f36-6a0f-45ae-a8eb-f0d390948370@group-7E155E250634-LeaderElection96 got exception when requesting votes: java.util.concurrent.ExecutionException: org.apache.ratis.thirdparty.io.grpc.StatusRuntimeException: UNAVAILABLE: io exception
2025-10-10 10:38:36,737 [43369f36-6a0f-45ae-a8eb-f0d390948370@group-7E155E250634-LeaderElection96] INFO  impl.LeaderElection (LeaderElection.java:logAndReturn(206)) - 43369f36-6a0f-45ae-a8eb-f0d390948370@group-7E155E250634-LeaderElection96: PRE_VOTE REJECTED received 0 response(s) and 2 exception(s):
2025-10-10 10:38:36,737 [43369f36-6a0f-45ae-a8eb-f0d390948370@group-7E155E250634-LeaderElection96] INFO  impl.LeaderElection (LogUtils.java:infoOrTrace(142)) -   Exception 0: java.util.concurrent.ExecutionException: org.apache.ratis.thirdparty.io.grpc.StatusRuntimeException: UNAVAILABLE: io exception
2025-10-10 10:38:36,737 [43369f36-6a0f-45ae-a8eb-f0d390948370@group-7E155E250634-LeaderElection96] INFO  impl.LeaderElection (LogUtils.java:infoOrTrace(142)) -   Exception 1: java.util.concurrent.ExecutionException: org.apache.ratis.thirdparty.io.grpc.StatusRuntimeException: UNAVAILABLE: io exception
2025-10-10 10:38:36,737 [43369f36-6a0f-45ae-a8eb-f0d390948370@group-7E155E250634-LeaderElection96] INFO  impl.LeaderElection (LeaderElection.java:askForVotes(450)) - 43369f36-6a0f-45ae-a8eb-f0d390948370@group-7E155E250634-LeaderElection96 PRE_VOTE round 0: result REJECTED
2025-10-10 10:38:36,737 [43369f36-6a0f-45ae-a8eb-f0d390948370@group-7E155E250634-LeaderElection96] INFO  server.RaftServer$Division (RaftServerImpl.java:setRole(392)) - 43369f36-6a0f-45ae-a8eb-f0d390948370@group-7E155E250634: changes role from CANDIDATE to FOLLOWER at term 2 for REJECTED
2025-10-10 10:38:36,737 [43369f36-6a0f-45ae-a8eb-f0d390948370@group-7E155E250634-LeaderElection96] INFO  impl.RoleInfo (RoleInfo.java:shutdownLeaderElection(141)) - 43369f36-6a0f-45ae-a8eb-f0d390948370: shutdown 43369f36-6a0f-45ae-a8eb-f0d390948370@group-7E155E250634-LeaderElection96
2025-10-10 10:38:36,738 [43369f36-6a0f-45ae-a8eb-f0d390948370@group-7E155E250634-LeaderElection96] INFO  impl.RoleInfo (RoleInfo.java:updateAndGet(148)) - 43369f36-6a0f-45ae-a8eb-f0d390948370: start 43369f36-6a0f-45ae-a8eb-f0d390948370@group-7E155E250634-FollowerState
2025-10-10 10:38:37,222 [43369f36-6a0f-45ae-a8eb-f0d390948370@group-63ACBE5F7EDA-FollowerState] INFO  impl.FollowerState (FollowerState.java:runImpl(161)) - 43369f36-6a0f-45ae-a8eb-f0d390948370@group-63ACBE5F7EDA-FollowerState: change to CANDIDATE, lastRpcElapsedTime:1170382680ns, electionTimeout:1170ms
2025-10-10 10:38:37,222 [43369f36-6a0f-45ae-a8eb-f0d390948370@group-63ACBE5F7EDA-FollowerState] INFO  impl.RoleInfo (RoleInfo.java:shutdownFollowerState(121)) - 43369f36-6a0f-45ae-a8eb-f0d390948370: shutdown 43369f36-6a0f-45ae-a8eb-f0d390948370@group-63ACBE5F7EDA-FollowerState
2025-10-10 10:38:37,222 [43369f36-6a0f-45ae-a8eb-f0d390948370@group-63ACBE5F7EDA-FollowerState] INFO  server.RaftServer$Division (RaftServerImpl.java:setRole(392)) - 43369f36-6a0f-45ae-a8eb-f0d390948370@group-63ACBE5F7EDA: changes role from  FOLLOWER to CANDIDATE at term 1 for changeToCandidate
2025-10-10 10:38:37,222 [43369f36-6a0f-45ae-a8eb-f0d390948370@group-63ACBE5F7EDA-FollowerState] INFO  impl.RoleInfo (RoleInfo.java:updateAndGet(148)) - 43369f36-6a0f-45ae-a8eb-f0d390948370: start 43369f36-6a0f-45ae-a8eb-f0d390948370@group-63ACBE5F7EDA-LeaderElection97
2025-10-10 10:38:37,223 [43369f36-6a0f-45ae-a8eb-f0d390948370@group-63ACBE5F7EDA-LeaderElection97] INFO  impl.LeaderElection (LeaderElection.java:askForVotes(448)) - 43369f36-6a0f-45ae-a8eb-f0d390948370@group-63ACBE5F7EDA-LeaderElection97 PRE_VOTE round 0: submit vote requests at term 1 for conf: {index: 0, cur=peers:[bb95c33f-a3cb-4bbe-957e-8163c1fc1114|127.0.0.1:15031, 1a301c79-b9ef-44e0-a0ae-b339f61819a5|127.0.0.1:15023, 43369f36-6a0f-45ae-a8eb-f0d390948370|127.0.0.1:15015]|listeners:[], old=null}
2025-10-10 10:38:37,223 [43369f36-6a0f-45ae-a8eb-f0d390948370@group-63ACBE5F7EDA-LeaderElection97] INFO  impl.LeaderElection (LogUtils.java:infoOrTrace(142)) - 43369f36-6a0f-45ae-a8eb-f0d390948370@group-63ACBE5F7EDA-LeaderElection97 got exception when requesting votes: java.util.concurrent.ExecutionException: org.apache.ratis.thirdparty.io.grpc.StatusRuntimeException: UNAVAILABLE: io exception
2025-10-10 10:38:37,223 [43369f36-6a0f-45ae-a8eb-f0d390948370@group-63ACBE5F7EDA-LeaderElection97] INFO  impl.LeaderElection (LogUtils.java:infoOrTrace(142)) - 43369f36-6a0f-45ae-a8eb-f0d390948370@group-63ACBE5F7EDA-LeaderElection97 got exception when requesting votes: java.util.concurrent.ExecutionException: org.apache.ratis.thirdparty.io.grpc.StatusRuntimeException: UNAVAILABLE: io exception
2025-10-10 10:38:37,223 [43369f36-6a0f-45ae-a8eb-f0d390948370@group-63ACBE5F7EDA-LeaderElection97] INFO  impl.LeaderElection (LeaderElection.java:logAndReturn(206)) - 43369f36-6a0f-45ae-a8eb-f0d390948370@group-63ACBE5F7EDA-LeaderElection97: PRE_VOTE REJECTED received 0 response(s) and 2 exception(s):
2025-10-10 10:38:37,223 [43369f36-6a0f-45ae-a8eb-f0d390948370@group-63ACBE5F7EDA-LeaderElection97] INFO  impl.LeaderElection (LogUtils.java:infoOrTrace(142)) -   Exception 0: java.util.concurrent.ExecutionException: org.apache.ratis.thirdparty.io.grpc.StatusRuntimeException: UNAVAILABLE: io exception
2025-10-10 10:38:37,223 [43369f36-6a0f-45ae-a8eb-f0d390948370@group-63ACBE5F7EDA-LeaderElection97] INFO  impl.LeaderElection (LogUtils.java:infoOrTrace(142)) -   Exception 1: java.util.concurrent.ExecutionException: org.apache.ratis.thirdparty.io.grpc.StatusRuntimeException: UNAVAILABLE: io exception
2025-10-10 10:38:37,224 [43369f36-6a0f-45ae-a8eb-f0d390948370@group-63ACBE5F7EDA-LeaderElection97] INFO  impl.LeaderElection (LeaderElection.java:askForVotes(450)) - 43369f36-6a0f-45ae-a8eb-f0d390948370@group-63ACBE5F7EDA-LeaderElection97 PRE_VOTE round 0: result REJECTED
2025-10-10 10:38:37,224 [43369f36-6a0f-45ae-a8eb-f0d390948370@group-63ACBE5F7EDA-LeaderElection97] INFO  server.RaftServer$Division (RaftServerImpl.java:setRole(392)) - 43369f36-6a0f-45ae-a8eb-f0d390948370@group-63ACBE5F7EDA: changes role from CANDIDATE to FOLLOWER at term 1 for REJECTED
2025-10-10 10:38:37,224 [43369f36-6a0f-45ae-a8eb-f0d390948370@group-63ACBE5F7EDA-LeaderElection97] INFO  impl.RoleInfo (RoleInfo.java:shutdownLeaderElection(141)) - 43369f36-6a0f-45ae-a8eb-f0d390948370: shutdown 43369f36-6a0f-45ae-a8eb-f0d390948370@group-63ACBE5F7EDA-LeaderElection97
2025-10-10 10:38:37,224 [43369f36-6a0f-45ae-a8eb-f0d390948370@group-63ACBE5F7EDA-LeaderElection97] INFO  impl.RoleInfo (RoleInfo.java:updateAndGet(148)) - 43369f36-6a0f-45ae-a8eb-f0d390948370: start 43369f36-6a0f-45ae-a8eb-f0d390948370@group-63ACBE5F7EDA-FollowerState
2025-10-10 10:38:37,901 [43369f36-6a0f-45ae-a8eb-f0d390948370@group-7E155E250634-FollowerState] INFO  impl.FollowerState (FollowerState.java:runImpl(161)) - 43369f36-6a0f-45ae-a8eb-f0d390948370@group-7E155E250634-FollowerState: change to CANDIDATE, lastRpcElapsedTime:1163274314ns, electionTimeout:1163ms
2025-10-10 10:38:37,901 [43369f36-6a0f-45ae-a8eb-f0d390948370@group-7E155E250634-FollowerState] INFO  impl.RoleInfo (RoleInfo.java:shutdownFollowerState(121)) - 43369f36-6a0f-45ae-a8eb-f0d390948370: shutdown 43369f36-6a0f-45ae-a8eb-f0d390948370@group-7E155E250634-FollowerState
2025-10-10 10:38:37,901 [43369f36-6a0f-45ae-a8eb-f0d390948370@group-7E155E250634-FollowerState] INFO  server.RaftServer$Division (RaftServerImpl.java:setRole(392)) - 43369f36-6a0f-45ae-a8eb-f0d390948370@group-7E155E250634: changes role from  FOLLOWER to CANDIDATE at term 2 for changeToCandidate
2025-10-10 10:38:37,901 [43369f36-6a0f-45ae-a8eb-f0d390948370@group-7E155E250634-FollowerState] INFO  impl.RoleInfo (RoleInfo.java:updateAndGet(148)) - 43369f36-6a0f-45ae-a8eb-f0d390948370: start 43369f36-6a0f-45ae-a8eb-f0d390948370@group-7E155E250634-LeaderElection98
2025-10-10 10:38:37,902 [43369f36-6a0f-45ae-a8eb-f0d390948370@group-7E155E250634-LeaderElection98] INFO  impl.LeaderElection (LeaderElection.java:askForVotes(448)) - 43369f36-6a0f-45ae-a8eb-f0d390948370@group-7E155E250634-LeaderElection98 PRE_VOTE round 0: submit vote requests at term 2 for conf: {index: 5, cur=peers:[bb95c33f-a3cb-4bbe-957e-8163c1fc1114|127.0.0.1:15031, 1a301c79-b9ef-44e0-a0ae-b339f61819a5|127.0.0.1:15023, 43369f36-6a0f-45ae-a8eb-f0d390948370|127.0.0.1:15015]|listeners:[], old=null}
2025-10-10 10:38:37,902 [43369f36-6a0f-45ae-a8eb-f0d390948370@group-7E155E250634-LeaderElection98] INFO  impl.LeaderElection (LogUtils.java:infoOrTrace(142)) - 43369f36-6a0f-45ae-a8eb-f0d390948370@group-7E155E250634-LeaderElection98 got exception when requesting votes: java.util.concurrent.ExecutionException: org.apache.ratis.thirdparty.io.grpc.StatusRuntimeException: UNAVAILABLE: io exception
2025-10-10 10:38:37,903 [43369f36-6a0f-45ae-a8eb-f0d390948370@group-7E155E250634-LeaderElection98] INFO  impl.LeaderElection (LogUtils.java:infoOrTrace(142)) - 43369f36-6a0f-45ae-a8eb-f0d390948370@group-7E155E250634-LeaderElection98 got exception when requesting votes: java.util.concurrent.ExecutionException: org.apache.ratis.thirdparty.io.grpc.StatusRuntimeException: UNAVAILABLE: io exception
2025-10-10 10:38:37,903 [43369f36-6a0f-45ae-a8eb-f0d390948370@group-7E155E250634-LeaderElection98] INFO  impl.LeaderElection (LeaderElection.java:logAndReturn(206)) - 43369f36-6a0f-45ae-a8eb-f0d390948370@group-7E155E250634-LeaderElection98: PRE_VOTE REJECTED received 0 response(s) and 2 exception(s):
2025-10-10 10:38:37,903 [43369f36-6a0f-45ae-a8eb-f0d390948370@group-7E155E250634-LeaderElection98] INFO  impl.LeaderElection (LogUtils.java:infoOrTrace(142)) -   Exception 0: java.util.concurrent.ExecutionException: org.apache.ratis.thirdparty.io.grpc.StatusRuntimeException: UNAVAILABLE: io exception
2025-10-10 10:38:37,903 [43369f36-6a0f-45ae-a8eb-f0d390948370@group-7E155E250634-LeaderElection98] INFO  impl.LeaderElection (LogUtils.java:infoOrTrace(142)) -   Exception 1: java.util.concurrent.ExecutionException: org.apache.ratis.thirdparty.io.grpc.StatusRuntimeException: UNAVAILABLE: io exception
2025-10-10 10:38:37,903 [43369f36-6a0f-45ae-a8eb-f0d390948370@group-7E155E250634-LeaderElection98] INFO  impl.LeaderElection (LeaderElection.java:askForVotes(450)) - 43369f36-6a0f-45ae-a8eb-f0d390948370@group-7E155E250634-LeaderElection98 PRE_VOTE round 0: result REJECTED
2025-10-10 10:38:37,903 [43369f36-6a0f-45ae-a8eb-f0d390948370@group-7E155E250634-LeaderElection98] INFO  server.RaftServer$Division (RaftServerImpl.java:setRole(392)) - 43369f36-6a0f-45ae-a8eb-f0d390948370@group-7E155E250634: changes role from CANDIDATE to FOLLOWER at term 2 for REJECTED
2025-10-10 10:38:37,903 [43369f36-6a0f-45ae-a8eb-f0d390948370@group-7E155E250634-LeaderElection98] INFO  impl.RoleInfo (RoleInfo.java:shutdownLeaderElection(141)) - 43369f36-6a0f-45ae-a8eb-f0d390948370: shutdown 43369f36-6a0f-45ae-a8eb-f0d390948370@group-7E155E250634-LeaderElection98
2025-10-10 10:38:37,903 [43369f36-6a0f-45ae-a8eb-f0d390948370@group-7E155E250634-LeaderElection98] INFO  impl.RoleInfo (RoleInfo.java:updateAndGet(148)) - 43369f36-6a0f-45ae-a8eb-f0d390948370: start 43369f36-6a0f-45ae-a8eb-f0d390948370@group-7E155E250634-FollowerState
2025-10-10 10:38:38,006 [grpc-default-executor-1] ERROR impl.OrderedAsync (OrderedAsync.java:lambda$null$6(215)) -  client-11C8565B59B3: Failed* RaftClientRequest:client-11C8565B59B3->1a301c79-b9ef-44e0-a0ae-b339f61819a5@group-63ACBE5F7EDA, cid=26, seq=1*, Watch(0), null
java.util.concurrent.CompletionException: java.io.IOException: org.apache.ratis.thirdparty.io.grpc.StatusRuntimeException: UNAVAILABLE: io exception
	at java.base/java.util.concurrent.CompletableFuture.encodeThrowable(CompletableFuture.java:332)
	at java.base/java.util.concurrent.CompletableFuture.completeThrowable(CompletableFuture.java:347)
	at java.base/java.util.concurrent.CompletableFuture$UniAccept.tryFire(CompletableFuture.java:708)
	at java.base/java.util.concurrent.CompletableFuture.postComplete(CompletableFuture.java:510)
	at java.base/java.util.concurrent.CompletableFuture.completeExceptionally(CompletableFuture.java:2194)
	at org.apache.ratis.grpc.client.GrpcClientProtocolClient$AsyncStreamObservers.completeReplyExceptionally(GrpcClientProtocolClient.java:397)
	at org.apache.ratis.grpc.client.GrpcClientProtocolClient$AsyncStreamObservers.access$000(GrpcClientProtocolClient.java:303)
	at org.apache.ratis.grpc.client.GrpcClientProtocolClient$AsyncStreamObservers$1.onError(GrpcClientProtocolClient.java:334)
	at org.apache.ratis.thirdparty.io.grpc.stub.ClientCalls$StreamObserverToCallListenerAdapter.onClose(ClientCalls.java:564)
	at org.apache.ratis.thirdparty.io.grpc.PartialForwardingClientCallListener.onClose(PartialForwardingClientCallListener.java:39)
	at org.apache.ratis.thirdparty.io.grpc.ForwardingClientCallListener.onClose(ForwardingClientCallListener.java:23)
	at org.apache.ratis.grpc.metrics.intercept.client.MetricClientCallListener.onClose(MetricClientCallListener.java:47)
	at org.apache.ratis.thirdparty.io.grpc.internal.ClientCallImpl.closeObserver(ClientCallImpl.java:565)
	at org.apache.ratis.thirdparty.io.grpc.internal.ClientCallImpl.access$100(ClientCallImpl.java:72)
	at org.apache.ratis.thirdparty.io.grpc.internal.ClientCallImpl$ClientStreamListenerImpl$1StreamClosed.runInternal(ClientCallImpl.java:733)
	at org.apache.ratis.thirdparty.io.grpc.internal.ClientCallImpl$ClientStreamListenerImpl$1StreamClosed.runInContext(ClientCallImpl.java:714)
	at org.apache.ratis.thirdparty.io.grpc.internal.ContextRunnable.run(ContextRunnable.java:37)
	at org.apache.ratis.thirdparty.io.grpc.internal.SerializingExecutor.run(SerializingExecutor.java:133)
	at java.base/java.util.concurrent.ThreadPoolExecutor.runWorker(ThreadPoolExecutor.java:1144)
	at java.base/java.util.concurrent.ThreadPoolExecutor$Worker.run(ThreadPoolExecutor.java:642)
	at java.base/java.lang.Thread.run(Thread.java:1583)
Caused by: java.io.IOException: org.apache.ratis.thirdparty.io.grpc.StatusRuntimeException: UNAVAILABLE: io exception
	at org.apache.ratis.grpc.GrpcUtil.unwrapException(GrpcUtil.java:99)
	at org.apache.ratis.grpc.GrpcUtil.unwrapIOException(GrpcUtil.java:159)
	at org.apache.ratis.grpc.client.GrpcClientProtocolClient$AsyncStreamObservers$1.onError(GrpcClientProtocolClient.java:333)
	... 13 more
Caused by: org.apache.ratis.thirdparty.io.grpc.StatusRuntimeException: UNAVAILABLE: io exception
	at org.apache.ratis.thirdparty.io.grpc.Status.asRuntimeException(Status.java:532)
	... 13 more
Caused by: org.apache.ratis.thirdparty.io.netty.channel.AbstractChannel$AnnotatedConnectException: finishConnect(..) failed: Connection refused: /127.0.0.1:15021
Caused by: java.net.ConnectException: finishConnect(..) failed: Connection refused
	at org.apache.ratis.thirdparty.io.netty.channel.unix.Errors.newConnectException0(Errors.java:166)
	at org.apache.ratis.thirdparty.io.netty.channel.unix.Errors.handleConnectErrno(Errors.java:131)
	at org.apache.ratis.thirdparty.io.netty.channel.unix.Socket.finishConnect(Socket.java:359)
	at org.apache.ratis.thirdparty.io.netty.channel.epoll.AbstractEpollChannel$AbstractEpollUnsafe.doFinishConnect(AbstractEpollChannel.java:715)
	at org.apache.ratis.thirdparty.io.netty.channel.epoll.AbstractEpollChannel$AbstractEpollUnsafe.finishConnect(AbstractEpollChannel.java:692)
	at org.apache.ratis.thirdparty.io.netty.channel.epoll.AbstractEpollChannel$AbstractEpollUnsafe.epollOutReady(AbstractEpollChannel.java:567)
	at org.apache.ratis.thirdparty.io.netty.channel.epoll.EpollEventLoop.processReady(EpollEventLoop.java:491)
	at org.apache.ratis.thirdparty.io.netty.channel.epoll.EpollEventLoop.run(EpollEventLoop.java:399)
	at org.apache.ratis.thirdparty.io.netty.util.concurrent.SingleThreadEventExecutor$4.run(SingleThreadEventExecutor.java:998)
	at org.apache.ratis.thirdparty.io.netty.util.internal.ThreadExecutorMap$2.run(ThreadExecutorMap.java:74)
	at org.apache.ratis.thirdparty.io.netty.util.concurrent.FastThreadLocalRunnable.run(FastThreadLocalRunnable.java:30)
	at java.base/java.lang.Thread.run(Thread.java:1583)
2025-10-10 10:38:38,262 [43369f36-6a0f-45ae-a8eb-f0d390948370@group-63ACBE5F7EDA-FollowerState] INFO  impl.FollowerState (FollowerState.java:runImpl(161)) - 43369f36-6a0f-45ae-a8eb-f0d390948370@group-63ACBE5F7EDA-FollowerState: change to CANDIDATE, lastRpcElapsedTime:1038413537ns, electionTimeout:1038ms
2025-10-10 10:38:38,262 [43369f36-6a0f-45ae-a8eb-f0d390948370@group-63ACBE5F7EDA-FollowerState] INFO  impl.RoleInfo (RoleInfo.java:shutdownFollowerState(121)) - 43369f36-6a0f-45ae-a8eb-f0d390948370: shutdown 43369f36-6a0f-45ae-a8eb-f0d390948370@group-63ACBE5F7EDA-FollowerState
2025-10-10 10:38:38,262 [43369f36-6a0f-45ae-a8eb-f0d390948370@group-63ACBE5F7EDA-FollowerState] INFO  server.RaftServer$Division (RaftServerImpl.java:setRole(392)) - 43369f36-6a0f-45ae-a8eb-f0d390948370@group-63ACBE5F7EDA: changes role from  FOLLOWER to CANDIDATE at term 1 for changeToCandidate
2025-10-10 10:38:38,262 [43369f36-6a0f-45ae-a8eb-f0d390948370@group-63ACBE5F7EDA-FollowerState] INFO  impl.RoleInfo (RoleInfo.java:updateAndGet(148)) - 43369f36-6a0f-45ae-a8eb-f0d390948370: start 43369f36-6a0f-45ae-a8eb-f0d390948370@group-63ACBE5F7EDA-LeaderElection99
2025-10-10 10:38:38,263 [43369f36-6a0f-45ae-a8eb-f0d390948370@group-63ACBE5F7EDA-LeaderElection99] INFO  impl.LeaderElection (LeaderElection.java:askForVotes(448)) - 43369f36-6a0f-45ae-a8eb-f0d390948370@group-63ACBE5F7EDA-LeaderElection99 PRE_VOTE round 0: submit vote requests at term 1 for conf: {index: 0, cur=peers:[bb95c33f-a3cb-4bbe-957e-8163c1fc1114|127.0.0.1:15031, 1a301c79-b9ef-44e0-a0ae-b339f61819a5|127.0.0.1:15023, 43369f36-6a0f-45ae-a8eb-f0d390948370|127.0.0.1:15015]|listeners:[], old=null}
2025-10-10 10:38:38,263 [43369f36-6a0f-45ae-a8eb-f0d390948370@group-63ACBE5F7EDA-LeaderElection99] INFO  impl.LeaderElection (LogUtils.java:infoOrTrace(142)) - 43369f36-6a0f-45ae-a8eb-f0d390948370@group-63ACBE5F7EDA-LeaderElection99 got exception when requesting votes: java.util.concurrent.ExecutionException: org.apache.ratis.thirdparty.io.grpc.StatusRuntimeException: UNAVAILABLE: io exception
2025-10-10 10:38:38,263 [43369f36-6a0f-45ae-a8eb-f0d390948370@group-63ACBE5F7EDA-LeaderElection99] INFO  impl.LeaderElection (LogUtils.java:infoOrTrace(142)) - 43369f36-6a0f-45ae-a8eb-f0d390948370@group-63ACBE5F7EDA-LeaderElection99 got exception when requesting votes: java.util.concurrent.ExecutionException: org.apache.ratis.thirdparty.io.grpc.StatusRuntimeException: UNAVAILABLE: io exception
2025-10-10 10:38:38,264 [43369f36-6a0f-45ae-a8eb-f0d390948370@group-63ACBE5F7EDA-LeaderElection99] INFO  impl.LeaderElection (LeaderElection.java:logAndReturn(206)) - 43369f36-6a0f-45ae-a8eb-f0d390948370@group-63ACBE5F7EDA-LeaderElection99: PRE_VOTE REJECTED received 0 response(s) and 2 exception(s):
2025-10-10 10:38:38,264 [43369f36-6a0f-45ae-a8eb-f0d390948370@group-63ACBE5F7EDA-LeaderElection99] INFO  impl.LeaderElection (LogUtils.java:infoOrTrace(142)) -   Exception 0: java.util.concurrent.ExecutionException: org.apache.ratis.thirdparty.io.grpc.StatusRuntimeException: UNAVAILABLE: io exception
2025-10-10 10:38:38,264 [43369f36-6a0f-45ae-a8eb-f0d390948370@group-63ACBE5F7EDA-LeaderElection99] INFO  impl.LeaderElection (LogUtils.java:infoOrTrace(142)) -   Exception 1: java.util.concurrent.ExecutionException: org.apache.ratis.thirdparty.io.grpc.StatusRuntimeException: UNAVAILABLE: io exception
2025-10-10 10:38:38,264 [43369f36-6a0f-45ae-a8eb-f0d390948370@group-63ACBE5F7EDA-LeaderElection99] INFO  impl.LeaderElection (LeaderElection.java:askForVotes(450)) - 43369f36-6a0f-45ae-a8eb-f0d390948370@group-63ACBE5F7EDA-LeaderElection99 PRE_VOTE round 0: result REJECTED
2025-10-10 10:38:38,264 [43369f36-6a0f-45ae-a8eb-f0d390948370@group-63ACBE5F7EDA-LeaderElection99] INFO  server.RaftServer$Division (RaftServerImpl.java:setRole(392)) - 43369f36-6a0f-45ae-a8eb-f0d390948370@group-63ACBE5F7EDA: changes role from CANDIDATE to FOLLOWER at term 1 for REJECTED
2025-10-10 10:38:38,264 [43369f36-6a0f-45ae-a8eb-f0d390948370@group-63ACBE5F7EDA-LeaderElection99] INFO  impl.RoleInfo (RoleInfo.java:shutdownLeaderElection(141)) - 43369f36-6a0f-45ae-a8eb-f0d390948370: shutdown 43369f36-6a0f-45ae-a8eb-f0d390948370@group-63ACBE5F7EDA-LeaderElection99
2025-10-10 10:38:38,264 [43369f36-6a0f-45ae-a8eb-f0d390948370@group-63ACBE5F7EDA-LeaderElection99] INFO  impl.RoleInfo (RoleInfo.java:updateAndGet(148)) - 43369f36-6a0f-45ae-a8eb-f0d390948370: start 43369f36-6a0f-45ae-a8eb-f0d390948370@group-63ACBE5F7EDA-FollowerState
2025-10-10 10:38:39,089 [43369f36-6a0f-45ae-a8eb-f0d390948370@group-7E155E250634-FollowerState] INFO  impl.FollowerState (FollowerState.java:runImpl(161)) - 43369f36-6a0f-45ae-a8eb-f0d390948370@group-7E155E250634-FollowerState: change to CANDIDATE, lastRpcElapsedTime:1186297389ns, electionTimeout:1186ms
2025-10-10 10:38:39,089 [43369f36-6a0f-45ae-a8eb-f0d390948370@group-7E155E250634-FollowerState] INFO  impl.RoleInfo (RoleInfo.java:shutdownFollowerState(121)) - 43369f36-6a0f-45ae-a8eb-f0d390948370: shutdown 43369f36-6a0f-45ae-a8eb-f0d390948370@group-7E155E250634-FollowerState
2025-10-10 10:38:39,090 [43369f36-6a0f-45ae-a8eb-f0d390948370@group-7E155E250634-FollowerState] INFO  server.RaftServer$Division (RaftServerImpl.java:setRole(392)) - 43369f36-6a0f-45ae-a8eb-f0d390948370@group-7E155E250634: changes role from  FOLLOWER to CANDIDATE at term 2 for changeToCandidate
2025-10-10 10:38:39,090 [43369f36-6a0f-45ae-a8eb-f0d390948370@group-7E155E250634-FollowerState] INFO  impl.RoleInfo (RoleInfo.java:updateAndGet(148)) - 43369f36-6a0f-45ae-a8eb-f0d390948370: start 43369f36-6a0f-45ae-a8eb-f0d390948370@group-7E155E250634-LeaderElection100
2025-10-10 10:38:39,090 [43369f36-6a0f-45ae-a8eb-f0d390948370@group-7E155E250634-LeaderElection100] INFO  impl.LeaderElection (LeaderElection.java:askForVotes(448)) - 43369f36-6a0f-45ae-a8eb-f0d390948370@group-7E155E250634-LeaderElection100 PRE_VOTE round 0: submit vote requests at term 2 for conf: {index: 5, cur=peers:[bb95c33f-a3cb-4bbe-957e-8163c1fc1114|127.0.0.1:15031, 1a301c79-b9ef-44e0-a0ae-b339f61819a5|127.0.0.1:15023, 43369f36-6a0f-45ae-a8eb-f0d390948370|127.0.0.1:15015]|listeners:[], old=null}
2025-10-10 10:38:39,091 [43369f36-6a0f-45ae-a8eb-f0d390948370@group-7E155E250634-LeaderElection100] INFO  impl.LeaderElection (LogUtils.java:infoOrTrace(142)) - 43369f36-6a0f-45ae-a8eb-f0d390948370@group-7E155E250634-LeaderElection100 got exception when requesting votes: java.util.concurrent.ExecutionException: org.apache.ratis.thirdparty.io.grpc.StatusRuntimeException: UNAVAILABLE: io exception
2025-10-10 10:38:39,091 [43369f36-6a0f-45ae-a8eb-f0d390948370@group-7E155E250634-LeaderElection100] INFO  impl.LeaderElection (LogUtils.java:infoOrTrace(142)) - 43369f36-6a0f-45ae-a8eb-f0d390948370@group-7E155E250634-LeaderElection100 got exception when requesting votes: java.util.concurrent.ExecutionException: org.apache.ratis.thirdparty.io.grpc.StatusRuntimeException: UNAVAILABLE: io exception
2025-10-10 10:38:39,091 [43369f36-6a0f-45ae-a8eb-f0d390948370@group-7E155E250634-LeaderElection100] INFO  impl.LeaderElection (LeaderElection.java:logAndReturn(206)) - 43369f36-6a0f-45ae-a8eb-f0d390948370@group-7E155E250634-LeaderElection100: PRE_VOTE REJECTED received 0 response(s) and 2 exception(s):
2025-10-10 10:38:39,091 [43369f36-6a0f-45ae-a8eb-f0d390948370@group-7E155E250634-LeaderElection100] INFO  impl.LeaderElection (LogUtils.java:infoOrTrace(142)) -   Exception 0: java.util.concurrent.ExecutionException: org.apache.ratis.thirdparty.io.grpc.StatusRuntimeException: UNAVAILABLE: io exception
2025-10-10 10:38:39,091 [43369f36-6a0f-45ae-a8eb-f0d390948370@group-7E155E250634-LeaderElection100] INFO  impl.LeaderElection (LogUtils.java:infoOrTrace(142)) -   Exception 1: java.util.concurrent.ExecutionException: org.apache.ratis.thirdparty.io.grpc.StatusRuntimeException: UNAVAILABLE: io exception
2025-10-10 10:38:39,091 [43369f36-6a0f-45ae-a8eb-f0d390948370@group-7E155E250634-LeaderElection100] INFO  impl.LeaderElection (LeaderElection.java:askForVotes(450)) - 43369f36-6a0f-45ae-a8eb-f0d390948370@group-7E155E250634-LeaderElection100 PRE_VOTE round 0: result REJECTED
2025-10-10 10:38:39,091 [43369f36-6a0f-45ae-a8eb-f0d390948370@group-7E155E250634-LeaderElection100] INFO  server.RaftServer$Division (RaftServerImpl.java:setRole(392)) - 43369f36-6a0f-45ae-a8eb-f0d390948370@group-7E155E250634: changes role from CANDIDATE to FOLLOWER at term 2 for REJECTED
2025-10-10 10:38:39,091 [43369f36-6a0f-45ae-a8eb-f0d390948370@group-7E155E250634-LeaderElection100] INFO  impl.RoleInfo (RoleInfo.java:shutdownLeaderElection(141)) - 43369f36-6a0f-45ae-a8eb-f0d390948370: shutdown 43369f36-6a0f-45ae-a8eb-f0d390948370@group-7E155E250634-LeaderElection100
2025-10-10 10:38:39,091 [43369f36-6a0f-45ae-a8eb-f0d390948370@group-7E155E250634-LeaderElection100] INFO  impl.RoleInfo (RoleInfo.java:updateAndGet(148)) - 43369f36-6a0f-45ae-a8eb-f0d390948370: start 43369f36-6a0f-45ae-a8eb-f0d390948370@group-7E155E250634-FollowerState
2025-10-10 10:38:39,314 [43369f36-6a0f-45ae-a8eb-f0d390948370@group-63ACBE5F7EDA-FollowerState] INFO  impl.FollowerState (FollowerState.java:runImpl(161)) - 43369f36-6a0f-45ae-a8eb-f0d390948370@group-63ACBE5F7EDA-FollowerState: change to CANDIDATE, lastRpcElapsedTime:1050337341ns, electionTimeout:1050ms
2025-10-10 10:38:39,314 [43369f36-6a0f-45ae-a8eb-f0d390948370@group-63ACBE5F7EDA-FollowerState] INFO  impl.RoleInfo (RoleInfo.java:shutdownFollowerState(121)) - 43369f36-6a0f-45ae-a8eb-f0d390948370: shutdown 43369f36-6a0f-45ae-a8eb-f0d390948370@group-63ACBE5F7EDA-FollowerState
2025-10-10 10:38:39,314 [43369f36-6a0f-45ae-a8eb-f0d390948370@group-63ACBE5F7EDA-FollowerState] INFO  server.RaftServer$Division (RaftServerImpl.java:setRole(392)) - 43369f36-6a0f-45ae-a8eb-f0d390948370@group-63ACBE5F7EDA: changes role from  FOLLOWER to CANDIDATE at term 1 for changeToCandidate
2025-10-10 10:38:39,314 [43369f36-6a0f-45ae-a8eb-f0d390948370@group-63ACBE5F7EDA-FollowerState] INFO  impl.RoleInfo (RoleInfo.java:updateAndGet(148)) - 43369f36-6a0f-45ae-a8eb-f0d390948370: start 43369f36-6a0f-45ae-a8eb-f0d390948370@group-63ACBE5F7EDA-LeaderElection101
2025-10-10 10:38:39,315 [43369f36-6a0f-45ae-a8eb-f0d390948370@group-63ACBE5F7EDA-LeaderElection101] INFO  impl.LeaderElection (LeaderElection.java:askForVotes(448)) - 43369f36-6a0f-45ae-a8eb-f0d390948370@group-63ACBE5F7EDA-LeaderElection101 PRE_VOTE round 0: submit vote requests at term 1 for conf: {index: 0, cur=peers:[bb95c33f-a3cb-4bbe-957e-8163c1fc1114|127.0.0.1:15031, 1a301c79-b9ef-44e0-a0ae-b339f61819a5|127.0.0.1:15023, 43369f36-6a0f-45ae-a8eb-f0d390948370|127.0.0.1:15015]|listeners:[], old=null}
2025-10-10 10:38:39,315 [43369f36-6a0f-45ae-a8eb-f0d390948370@group-63ACBE5F7EDA-LeaderElection101] INFO  impl.LeaderElection (LogUtils.java:infoOrTrace(142)) - 43369f36-6a0f-45ae-a8eb-f0d390948370@group-63ACBE5F7EDA-LeaderElection101 got exception when requesting votes: java.util.concurrent.ExecutionException: org.apache.ratis.thirdparty.io.grpc.StatusRuntimeException: UNAVAILABLE: io exception
2025-10-10 10:38:39,315 [43369f36-6a0f-45ae-a8eb-f0d390948370@group-63ACBE5F7EDA-LeaderElection101] INFO  impl.LeaderElection (LogUtils.java:infoOrTrace(142)) - 43369f36-6a0f-45ae-a8eb-f0d390948370@group-63ACBE5F7EDA-LeaderElection101 got exception when requesting votes: java.util.concurrent.ExecutionException: org.apache.ratis.thirdparty.io.grpc.StatusRuntimeException: UNAVAILABLE: io exception
2025-10-10 10:38:39,315 [43369f36-6a0f-45ae-a8eb-f0d390948370@group-63ACBE5F7EDA-LeaderElection101] INFO  impl.LeaderElection (LeaderElection.java:logAndReturn(206)) - 43369f36-6a0f-45ae-a8eb-f0d390948370@group-63ACBE5F7EDA-LeaderElection101: PRE_VOTE REJECTED received 0 response(s) and 2 exception(s):
2025-10-10 10:38:39,316 [43369f36-6a0f-45ae-a8eb-f0d390948370@group-63ACBE5F7EDA-LeaderElection101] INFO  impl.LeaderElection (LogUtils.java:infoOrTrace(142)) -   Exception 0: java.util.concurrent.ExecutionException: org.apache.ratis.thirdparty.io.grpc.StatusRuntimeException: UNAVAILABLE: io exception
2025-10-10 10:38:39,316 [43369f36-6a0f-45ae-a8eb-f0d390948370@group-63ACBE5F7EDA-LeaderElection101] INFO  impl.LeaderElection (LogUtils.java:infoOrTrace(142)) -   Exception 1: java.util.concurrent.ExecutionException: org.apache.ratis.thirdparty.io.grpc.StatusRuntimeException: UNAVAILABLE: io exception
2025-10-10 10:38:39,316 [43369f36-6a0f-45ae-a8eb-f0d390948370@group-63ACBE5F7EDA-LeaderElection101] INFO  impl.LeaderElection (LeaderElection.java:askForVotes(450)) - 43369f36-6a0f-45ae-a8eb-f0d390948370@group-63ACBE5F7EDA-LeaderElection101 PRE_VOTE round 0: result REJECTED
2025-10-10 10:38:39,316 [43369f36-6a0f-45ae-a8eb-f0d390948370@group-63ACBE5F7EDA-LeaderElection101] INFO  server.RaftServer$Division (RaftServerImpl.java:setRole(392)) - 43369f36-6a0f-45ae-a8eb-f0d390948370@group-63ACBE5F7EDA: changes role from CANDIDATE to FOLLOWER at term 1 for REJECTED
2025-10-10 10:38:39,316 [43369f36-6a0f-45ae-a8eb-f0d390948370@group-63ACBE5F7EDA-LeaderElection101] INFO  impl.RoleInfo (RoleInfo.java:shutdownLeaderElection(141)) - 43369f36-6a0f-45ae-a8eb-f0d390948370: shutdown 43369f36-6a0f-45ae-a8eb-f0d390948370@group-63ACBE5F7EDA-LeaderElection101
2025-10-10 10:38:39,316 [43369f36-6a0f-45ae-a8eb-f0d390948370@group-63ACBE5F7EDA-LeaderElection101] INFO  impl.RoleInfo (RoleInfo.java:updateAndGet(148)) - 43369f36-6a0f-45ae-a8eb-f0d390948370: start 43369f36-6a0f-45ae-a8eb-f0d390948370@group-63ACBE5F7EDA-FollowerState
2025-10-10 10:38:40,211 [43369f36-6a0f-45ae-a8eb-f0d390948370@group-7E155E250634-FollowerState] INFO  impl.FollowerState (FollowerState.java:runImpl(161)) - 43369f36-6a0f-45ae-a8eb-f0d390948370@group-7E155E250634-FollowerState: change to CANDIDATE, lastRpcElapsedTime:1120376606ns, electionTimeout:1120ms
2025-10-10 10:38:40,212 [43369f36-6a0f-45ae-a8eb-f0d390948370@group-7E155E250634-FollowerState] INFO  impl.RoleInfo (RoleInfo.java:shutdownFollowerState(121)) - 43369f36-6a0f-45ae-a8eb-f0d390948370: shutdown 43369f36-6a0f-45ae-a8eb-f0d390948370@group-7E155E250634-FollowerState
2025-10-10 10:38:40,212 [43369f36-6a0f-45ae-a8eb-f0d390948370@group-7E155E250634-FollowerState] INFO  server.RaftServer$Division (RaftServerImpl.java:setRole(392)) - 43369f36-6a0f-45ae-a8eb-f0d390948370@group-7E155E250634: changes role from  FOLLOWER to CANDIDATE at term 2 for changeToCandidate
2025-10-10 10:38:40,212 [43369f36-6a0f-45ae-a8eb-f0d390948370@group-7E155E250634-FollowerState] INFO  impl.RoleInfo (RoleInfo.java:updateAndGet(148)) - 43369f36-6a0f-45ae-a8eb-f0d390948370: start 43369f36-6a0f-45ae-a8eb-f0d390948370@group-7E155E250634-LeaderElection102
2025-10-10 10:38:40,212 [43369f36-6a0f-45ae-a8eb-f0d390948370@group-7E155E250634-LeaderElection102] INFO  impl.LeaderElection (LeaderElection.java:askForVotes(448)) - 43369f36-6a0f-45ae-a8eb-f0d390948370@group-7E155E250634-LeaderElection102 PRE_VOTE round 0: submit vote requests at term 2 for conf: {index: 5, cur=peers:[bb95c33f-a3cb-4bbe-957e-8163c1fc1114|127.0.0.1:15031, 1a301c79-b9ef-44e0-a0ae-b339f61819a5|127.0.0.1:15023, 43369f36-6a0f-45ae-a8eb-f0d390948370|127.0.0.1:15015]|listeners:[], old=null}
2025-10-10 10:38:40,213 [43369f36-6a0f-45ae-a8eb-f0d390948370@group-7E155E250634-LeaderElection102] INFO  impl.LeaderElection (LogUtils.java:infoOrTrace(142)) - 43369f36-6a0f-45ae-a8eb-f0d390948370@group-7E155E250634-LeaderElection102 got exception when requesting votes: java.util.concurrent.ExecutionException: org.apache.ratis.thirdparty.io.grpc.StatusRuntimeException: UNAVAILABLE: io exception
2025-10-10 10:38:40,213 [43369f36-6a0f-45ae-a8eb-f0d390948370@group-7E155E250634-LeaderElection102] INFO  impl.LeaderElection (LogUtils.java:infoOrTrace(142)) - 43369f36-6a0f-45ae-a8eb-f0d390948370@group-7E155E250634-LeaderElection102 got exception when requesting votes: java.util.concurrent.ExecutionException: org.apache.ratis.thirdparty.io.grpc.StatusRuntimeException: UNAVAILABLE: io exception
2025-10-10 10:38:40,213 [43369f36-6a0f-45ae-a8eb-f0d390948370@group-7E155E250634-LeaderElection102] INFO  impl.LeaderElection (LeaderElection.java:logAndReturn(206)) - 43369f36-6a0f-45ae-a8eb-f0d390948370@group-7E155E250634-LeaderElection102: PRE_VOTE REJECTED received 0 response(s) and 2 exception(s):
2025-10-10 10:38:40,213 [43369f36-6a0f-45ae-a8eb-f0d390948370@group-7E155E250634-LeaderElection102] INFO  impl.LeaderElection (LogUtils.java:infoOrTrace(142)) -   Exception 0: java.util.concurrent.ExecutionException: org.apache.ratis.thirdparty.io.grpc.StatusRuntimeException: UNAVAILABLE: io exception
2025-10-10 10:38:40,213 [43369f36-6a0f-45ae-a8eb-f0d390948370@group-7E155E250634-LeaderElection102] INFO  impl.LeaderElection (LogUtils.java:infoOrTrace(142)) -   Exception 1: java.util.concurrent.ExecutionException: org.apache.ratis.thirdparty.io.grpc.StatusRuntimeException: UNAVAILABLE: io exception
2025-10-10 10:38:40,213 [43369f36-6a0f-45ae-a8eb-f0d390948370@group-7E155E250634-LeaderElection102] INFO  impl.LeaderElection (LeaderElection.java:askForVotes(450)) - 43369f36-6a0f-45ae-a8eb-f0d390948370@group-7E155E250634-LeaderElection102 PRE_VOTE round 0: result REJECTED
2025-10-10 10:38:40,213 [43369f36-6a0f-45ae-a8eb-f0d390948370@group-7E155E250634-LeaderElection102] INFO  server.RaftServer$Division (RaftServerImpl.java:setRole(392)) - 43369f36-6a0f-45ae-a8eb-f0d390948370@group-7E155E250634: changes role from CANDIDATE to FOLLOWER at term 2 for REJECTED
2025-10-10 10:38:40,213 [43369f36-6a0f-45ae-a8eb-f0d390948370@group-7E155E250634-LeaderElection102] INFO  impl.RoleInfo (RoleInfo.java:shutdownLeaderElection(141)) - 43369f36-6a0f-45ae-a8eb-f0d390948370: shutdown 43369f36-6a0f-45ae-a8eb-f0d390948370@group-7E155E250634-LeaderElection102
2025-10-10 10:38:40,214 [43369f36-6a0f-45ae-a8eb-f0d390948370@group-7E155E250634-LeaderElection102] INFO  impl.RoleInfo (RoleInfo.java:updateAndGet(148)) - 43369f36-6a0f-45ae-a8eb-f0d390948370: start 43369f36-6a0f-45ae-a8eb-f0d390948370@group-7E155E250634-FollowerState
2025-10-10 10:38:40,453 [43369f36-6a0f-45ae-a8eb-f0d390948370@group-63ACBE5F7EDA-FollowerState] INFO  impl.FollowerState (FollowerState.java:runImpl(161)) - 43369f36-6a0f-45ae-a8eb-f0d390948370@group-63ACBE5F7EDA-FollowerState: change to CANDIDATE, lastRpcElapsedTime:1137285291ns, electionTimeout:1137ms
2025-10-10 10:38:40,453 [43369f36-6a0f-45ae-a8eb-f0d390948370@group-63ACBE5F7EDA-FollowerState] INFO  impl.RoleInfo (RoleInfo.java:shutdownFollowerState(121)) - 43369f36-6a0f-45ae-a8eb-f0d390948370: shutdown 43369f36-6a0f-45ae-a8eb-f0d390948370@group-63ACBE5F7EDA-FollowerState
2025-10-10 10:38:40,453 [43369f36-6a0f-45ae-a8eb-f0d390948370@group-63ACBE5F7EDA-FollowerState] INFO  server.RaftServer$Division (RaftServerImpl.java:setRole(392)) - 43369f36-6a0f-45ae-a8eb-f0d390948370@group-63ACBE5F7EDA: changes role from  FOLLOWER to CANDIDATE at term 1 for changeToCandidate
2025-10-10 10:38:40,454 [43369f36-6a0f-45ae-a8eb-f0d390948370@group-63ACBE5F7EDA-FollowerState] INFO  impl.RoleInfo (RoleInfo.java:updateAndGet(148)) - 43369f36-6a0f-45ae-a8eb-f0d390948370: start 43369f36-6a0f-45ae-a8eb-f0d390948370@group-63ACBE5F7EDA-LeaderElection103
2025-10-10 10:38:40,454 [43369f36-6a0f-45ae-a8eb-f0d390948370@group-63ACBE5F7EDA-LeaderElection103] INFO  impl.LeaderElection (LeaderElection.java:askForVotes(448)) - 43369f36-6a0f-45ae-a8eb-f0d390948370@group-63ACBE5F7EDA-LeaderElection103 PRE_VOTE round 0: submit vote requests at term 1 for conf: {index: 0, cur=peers:[bb95c33f-a3cb-4bbe-957e-8163c1fc1114|127.0.0.1:15031, 1a301c79-b9ef-44e0-a0ae-b339f61819a5|127.0.0.1:15023, 43369f36-6a0f-45ae-a8eb-f0d390948370|127.0.0.1:15015]|listeners:[], old=null}
2025-10-10 10:38:40,455 [43369f36-6a0f-45ae-a8eb-f0d390948370@group-63ACBE5F7EDA-LeaderElection103] INFO  impl.LeaderElection (LogUtils.java:infoOrTrace(142)) - 43369f36-6a0f-45ae-a8eb-f0d390948370@group-63ACBE5F7EDA-LeaderElection103 got exception when requesting votes: java.util.concurrent.ExecutionException: org.apache.ratis.thirdparty.io.grpc.StatusRuntimeException: UNAVAILABLE: io exception
2025-10-10 10:38:40,455 [43369f36-6a0f-45ae-a8eb-f0d390948370@group-63ACBE5F7EDA-LeaderElection103] INFO  impl.LeaderElection (LogUtils.java:infoOrTrace(142)) - 43369f36-6a0f-45ae-a8eb-f0d390948370@group-63ACBE5F7EDA-LeaderElection103 got exception when requesting votes: java.util.concurrent.ExecutionException: org.apache.ratis.thirdparty.io.grpc.StatusRuntimeException: UNAVAILABLE: io exception
2025-10-10 10:38:40,455 [43369f36-6a0f-45ae-a8eb-f0d390948370@group-63ACBE5F7EDA-LeaderElection103] INFO  impl.LeaderElection (LeaderElection.java:logAndReturn(206)) - 43369f36-6a0f-45ae-a8eb-f0d390948370@group-63ACBE5F7EDA-LeaderElection103: PRE_VOTE REJECTED received 0 response(s) and 2 exception(s):
2025-10-10 10:38:40,455 [43369f36-6a0f-45ae-a8eb-f0d390948370@group-63ACBE5F7EDA-LeaderElection103] INFO  impl.LeaderElection (LogUtils.java:infoOrTrace(142)) -   Exception 0: java.util.concurrent.ExecutionException: org.apache.ratis.thirdparty.io.grpc.StatusRuntimeException: UNAVAILABLE: io exception
2025-10-10 10:38:40,455 [43369f36-6a0f-45ae-a8eb-f0d390948370@group-63ACBE5F7EDA-LeaderElection103] INFO  impl.LeaderElection (LogUtils.java:infoOrTrace(142)) -   Exception 1: java.util.concurrent.ExecutionException: org.apache.ratis.thirdparty.io.grpc.StatusRuntimeException: UNAVAILABLE: io exception
2025-10-10 10:38:40,455 [43369f36-6a0f-45ae-a8eb-f0d390948370@group-63ACBE5F7EDA-LeaderElection103] INFO  impl.LeaderElection (LeaderElection.java:askForVotes(450)) - 43369f36-6a0f-45ae-a8eb-f0d390948370@group-63ACBE5F7EDA-LeaderElection103 PRE_VOTE round 0: result REJECTED
2025-10-10 10:38:40,455 [43369f36-6a0f-45ae-a8eb-f0d390948370@group-63ACBE5F7EDA-LeaderElection103] INFO  server.RaftServer$Division (RaftServerImpl.java:setRole(392)) - 43369f36-6a0f-45ae-a8eb-f0d390948370@group-63ACBE5F7EDA: changes role from CANDIDATE to FOLLOWER at term 1 for REJECTED
2025-10-10 10:38:40,455 [43369f36-6a0f-45ae-a8eb-f0d390948370@group-63ACBE5F7EDA-LeaderElection103] INFO  impl.RoleInfo (RoleInfo.java:shutdownLeaderElection(141)) - 43369f36-6a0f-45ae-a8eb-f0d390948370: shutdown 43369f36-6a0f-45ae-a8eb-f0d390948370@group-63ACBE5F7EDA-LeaderElection103
2025-10-10 10:38:40,455 [43369f36-6a0f-45ae-a8eb-f0d390948370@group-63ACBE5F7EDA-LeaderElection103] INFO  impl.RoleInfo (RoleInfo.java:updateAndGet(148)) - 43369f36-6a0f-45ae-a8eb-f0d390948370: start 43369f36-6a0f-45ae-a8eb-f0d390948370@group-63ACBE5F7EDA-FollowerState
2025-10-10 10:38:41,321 [43369f36-6a0f-45ae-a8eb-f0d390948370@group-7E155E250634-FollowerState] INFO  impl.FollowerState (FollowerState.java:runImpl(161)) - 43369f36-6a0f-45ae-a8eb-f0d390948370@group-7E155E250634-FollowerState: change to CANDIDATE, lastRpcElapsedTime:1107283431ns, electionTimeout:1107ms
2025-10-10 10:38:41,321 [43369f36-6a0f-45ae-a8eb-f0d390948370@group-7E155E250634-FollowerState] INFO  impl.RoleInfo (RoleInfo.java:shutdownFollowerState(121)) - 43369f36-6a0f-45ae-a8eb-f0d390948370: shutdown 43369f36-6a0f-45ae-a8eb-f0d390948370@group-7E155E250634-FollowerState
2025-10-10 10:38:41,321 [43369f36-6a0f-45ae-a8eb-f0d390948370@group-7E155E250634-FollowerState] INFO  server.RaftServer$Division (RaftServerImpl.java:setRole(392)) - 43369f36-6a0f-45ae-a8eb-f0d390948370@group-7E155E250634: changes role from  FOLLOWER to CANDIDATE at term 2 for changeToCandidate
2025-10-10 10:38:41,321 [43369f36-6a0f-45ae-a8eb-f0d390948370@group-7E155E250634-FollowerState] INFO  impl.RoleInfo (RoleInfo.java:updateAndGet(148)) - 43369f36-6a0f-45ae-a8eb-f0d390948370: start 43369f36-6a0f-45ae-a8eb-f0d390948370@group-7E155E250634-LeaderElection104
2025-10-10 10:38:41,322 [43369f36-6a0f-45ae-a8eb-f0d390948370@group-7E155E250634-LeaderElection104] INFO  impl.LeaderElection (LeaderElection.java:askForVotes(448)) - 43369f36-6a0f-45ae-a8eb-f0d390948370@group-7E155E250634-LeaderElection104 PRE_VOTE round 0: submit vote requests at term 2 for conf: {index: 5, cur=peers:[bb95c33f-a3cb-4bbe-957e-8163c1fc1114|127.0.0.1:15031, 1a301c79-b9ef-44e0-a0ae-b339f61819a5|127.0.0.1:15023, 43369f36-6a0f-45ae-a8eb-f0d390948370|127.0.0.1:15015]|listeners:[], old=null}
2025-10-10 10:38:41,322 [43369f36-6a0f-45ae-a8eb-f0d390948370@group-7E155E250634-LeaderElection104] INFO  impl.LeaderElection (LogUtils.java:infoOrTrace(142)) - 43369f36-6a0f-45ae-a8eb-f0d390948370@group-7E155E250634-LeaderElection104 got exception when requesting votes: java.util.concurrent.ExecutionException: org.apache.ratis.thirdparty.io.grpc.StatusRuntimeException: UNAVAILABLE: io exception
2025-10-10 10:38:41,322 [43369f36-6a0f-45ae-a8eb-f0d390948370@group-7E155E250634-LeaderElection104] INFO  impl.LeaderElection (LogUtils.java:infoOrTrace(142)) - 43369f36-6a0f-45ae-a8eb-f0d390948370@group-7E155E250634-LeaderElection104 got exception when requesting votes: java.util.concurrent.ExecutionException: org.apache.ratis.thirdparty.io.grpc.StatusRuntimeException: UNAVAILABLE: io exception
2025-10-10 10:38:41,322 [43369f36-6a0f-45ae-a8eb-f0d390948370@group-7E155E250634-LeaderElection104] INFO  impl.LeaderElection (LeaderElection.java:logAndReturn(206)) - 43369f36-6a0f-45ae-a8eb-f0d390948370@group-7E155E250634-LeaderElection104: PRE_VOTE REJECTED received 0 response(s) and 2 exception(s):
2025-10-10 10:38:41,322 [43369f36-6a0f-45ae-a8eb-f0d390948370@group-7E155E250634-LeaderElection104] INFO  impl.LeaderElection (LogUtils.java:infoOrTrace(142)) -   Exception 0: java.util.concurrent.ExecutionException: org.apache.ratis.thirdparty.io.grpc.StatusRuntimeException: UNAVAILABLE: io exception
2025-10-10 10:38:41,322 [43369f36-6a0f-45ae-a8eb-f0d390948370@group-7E155E250634-LeaderElection104] INFO  impl.LeaderElection (LogUtils.java:infoOrTrace(142)) -   Exception 1: java.util.concurrent.ExecutionException: org.apache.ratis.thirdparty.io.grpc.StatusRuntimeException: UNAVAILABLE: io exception
2025-10-10 10:38:41,322 [43369f36-6a0f-45ae-a8eb-f0d390948370@group-7E155E250634-LeaderElection104] INFO  impl.LeaderElection (LeaderElection.java:askForVotes(450)) - 43369f36-6a0f-45ae-a8eb-f0d390948370@group-7E155E250634-LeaderElection104 PRE_VOTE round 0: result REJECTED
2025-10-10 10:38:41,322 [43369f36-6a0f-45ae-a8eb-f0d390948370@group-7E155E250634-LeaderElection104] INFO  server.RaftServer$Division (RaftServerImpl.java:setRole(392)) - 43369f36-6a0f-45ae-a8eb-f0d390948370@group-7E155E250634: changes role from CANDIDATE to FOLLOWER at term 2 for REJECTED
2025-10-10 10:38:41,322 [43369f36-6a0f-45ae-a8eb-f0d390948370@group-7E155E250634-LeaderElection104] INFO  impl.RoleInfo (RoleInfo.java:shutdownLeaderElection(141)) - 43369f36-6a0f-45ae-a8eb-f0d390948370: shutdown 43369f36-6a0f-45ae-a8eb-f0d390948370@group-7E155E250634-LeaderElection104
2025-10-10 10:38:41,322 [43369f36-6a0f-45ae-a8eb-f0d390948370@group-7E155E250634-LeaderElection104] INFO  impl.RoleInfo (RoleInfo.java:updateAndGet(148)) - 43369f36-6a0f-45ae-a8eb-f0d390948370: start 43369f36-6a0f-45ae-a8eb-f0d390948370@group-7E155E250634-FollowerState
2025-10-10 10:38:41,576 [43369f36-6a0f-45ae-a8eb-f0d390948370@group-63ACBE5F7EDA-FollowerState] INFO  impl.FollowerState (FollowerState.java:runImpl(161)) - 43369f36-6a0f-45ae-a8eb-f0d390948370@group-63ACBE5F7EDA-FollowerState: change to CANDIDATE, lastRpcElapsedTime:1121250744ns, electionTimeout:1121ms
2025-10-10 10:38:41,576 [43369f36-6a0f-45ae-a8eb-f0d390948370@group-63ACBE5F7EDA-FollowerState] INFO  impl.RoleInfo (RoleInfo.java:shutdownFollowerState(121)) - 43369f36-6a0f-45ae-a8eb-f0d390948370: shutdown 43369f36-6a0f-45ae-a8eb-f0d390948370@group-63ACBE5F7EDA-FollowerState
2025-10-10 10:38:41,576 [43369f36-6a0f-45ae-a8eb-f0d390948370@group-63ACBE5F7EDA-FollowerState] INFO  server.RaftServer$Division (RaftServerImpl.java:setRole(392)) - 43369f36-6a0f-45ae-a8eb-f0d390948370@group-63ACBE5F7EDA: changes role from  FOLLOWER to CANDIDATE at term 1 for changeToCandidate
2025-10-10 10:38:41,577 [43369f36-6a0f-45ae-a8eb-f0d390948370@group-63ACBE5F7EDA-FollowerState] INFO  impl.RoleInfo (RoleInfo.java:updateAndGet(148)) - 43369f36-6a0f-45ae-a8eb-f0d390948370: start 43369f36-6a0f-45ae-a8eb-f0d390948370@group-63ACBE5F7EDA-LeaderElection105
2025-10-10 10:38:41,577 [43369f36-6a0f-45ae-a8eb-f0d390948370@group-63ACBE5F7EDA-LeaderElection105] INFO  impl.LeaderElection (LeaderElection.java:askForVotes(448)) - 43369f36-6a0f-45ae-a8eb-f0d390948370@group-63ACBE5F7EDA-LeaderElection105 PRE_VOTE round 0: submit vote requests at term 1 for conf: {index: 0, cur=peers:[bb95c33f-a3cb-4bbe-957e-8163c1fc1114|127.0.0.1:15031, 1a301c79-b9ef-44e0-a0ae-b339f61819a5|127.0.0.1:15023, 43369f36-6a0f-45ae-a8eb-f0d390948370|127.0.0.1:15015]|listeners:[], old=null}
2025-10-10 10:38:41,578 [43369f36-6a0f-45ae-a8eb-f0d390948370@group-63ACBE5F7EDA-LeaderElection105] INFO  impl.LeaderElection (LogUtils.java:infoOrTrace(142)) - 43369f36-6a0f-45ae-a8eb-f0d390948370@group-63ACBE5F7EDA-LeaderElection105 got exception when requesting votes: java.util.concurrent.ExecutionException: org.apache.ratis.thirdparty.io.grpc.StatusRuntimeException: UNAVAILABLE: io exception
2025-10-10 10:38:41,578 [43369f36-6a0f-45ae-a8eb-f0d390948370@group-63ACBE5F7EDA-LeaderElection105] INFO  impl.LeaderElection (LogUtils.java:infoOrTrace(142)) - 43369f36-6a0f-45ae-a8eb-f0d390948370@group-63ACBE5F7EDA-LeaderElection105 got exception when requesting votes: java.util.concurrent.ExecutionException: org.apache.ratis.thirdparty.io.grpc.StatusRuntimeException: UNAVAILABLE: io exception
2025-10-10 10:38:41,578 [43369f36-6a0f-45ae-a8eb-f0d390948370@group-63ACBE5F7EDA-LeaderElection105] INFO  impl.LeaderElection (LeaderElection.java:logAndReturn(206)) - 43369f36-6a0f-45ae-a8eb-f0d390948370@group-63ACBE5F7EDA-LeaderElection105: PRE_VOTE REJECTED received 0 response(s) and 2 exception(s):
2025-10-10 10:38:41,578 [43369f36-6a0f-45ae-a8eb-f0d390948370@group-63ACBE5F7EDA-LeaderElection105] INFO  impl.LeaderElection (LogUtils.java:infoOrTrace(142)) -   Exception 0: java.util.concurrent.ExecutionException: org.apache.ratis.thirdparty.io.grpc.StatusRuntimeException: UNAVAILABLE: io exception
2025-10-10 10:38:41,578 [43369f36-6a0f-45ae-a8eb-f0d390948370@group-63ACBE5F7EDA-LeaderElection105] INFO  impl.LeaderElection (LogUtils.java:infoOrTrace(142)) -   Exception 1: java.util.concurrent.ExecutionException: org.apache.ratis.thirdparty.io.grpc.StatusRuntimeException: UNAVAILABLE: io exception
2025-10-10 10:38:41,578 [43369f36-6a0f-45ae-a8eb-f0d390948370@group-63ACBE5F7EDA-LeaderElection105] INFO  impl.LeaderElection (LeaderElection.java:askForVotes(450)) - 43369f36-6a0f-45ae-a8eb-f0d390948370@group-63ACBE5F7EDA-LeaderElection105 PRE_VOTE round 0: result REJECTED
2025-10-10 10:38:41,578 [43369f36-6a0f-45ae-a8eb-f0d390948370@group-63ACBE5F7EDA-LeaderElection105] INFO  server.RaftServer$Division (RaftServerImpl.java:setRole(392)) - 43369f36-6a0f-45ae-a8eb-f0d390948370@group-63ACBE5F7EDA: changes role from CANDIDATE to FOLLOWER at term 1 for REJECTED
2025-10-10 10:38:41,578 [43369f36-6a0f-45ae-a8eb-f0d390948370@group-63ACBE5F7EDA-LeaderElection105] INFO  impl.RoleInfo (RoleInfo.java:shutdownLeaderElection(141)) - 43369f36-6a0f-45ae-a8eb-f0d390948370: shutdown 43369f36-6a0f-45ae-a8eb-f0d390948370@group-63ACBE5F7EDA-LeaderElection105
2025-10-10 10:38:41,578 [43369f36-6a0f-45ae-a8eb-f0d390948370@group-63ACBE5F7EDA-LeaderElection105] INFO  impl.RoleInfo (RoleInfo.java:updateAndGet(148)) - 43369f36-6a0f-45ae-a8eb-f0d390948370: start 43369f36-6a0f-45ae-a8eb-f0d390948370@group-63ACBE5F7EDA-FollowerState
2025-10-10 10:38:42,398 [43369f36-6a0f-45ae-a8eb-f0d390948370@group-7E155E250634-FollowerState] INFO  impl.FollowerState (FollowerState.java:runImpl(161)) - 43369f36-6a0f-45ae-a8eb-f0d390948370@group-7E155E250634-FollowerState: change to CANDIDATE, lastRpcElapsedTime:1075312342ns, electionTimeout:1075ms
2025-10-10 10:38:42,398 [43369f36-6a0f-45ae-a8eb-f0d390948370@group-7E155E250634-FollowerState] INFO  impl.RoleInfo (RoleInfo.java:shutdownFollowerState(121)) - 43369f36-6a0f-45ae-a8eb-f0d390948370: shutdown 43369f36-6a0f-45ae-a8eb-f0d390948370@group-7E155E250634-FollowerState
2025-10-10 10:38:42,398 [43369f36-6a0f-45ae-a8eb-f0d390948370@group-7E155E250634-FollowerState] INFO  server.RaftServer$Division (RaftServerImpl.java:setRole(392)) - 43369f36-6a0f-45ae-a8eb-f0d390948370@group-7E155E250634: changes role from  FOLLOWER to CANDIDATE at term 2 for changeToCandidate
2025-10-10 10:38:42,398 [43369f36-6a0f-45ae-a8eb-f0d390948370@group-7E155E250634-FollowerState] INFO  impl.RoleInfo (RoleInfo.java:updateAndGet(148)) - 43369f36-6a0f-45ae-a8eb-f0d390948370: start 43369f36-6a0f-45ae-a8eb-f0d390948370@group-7E155E250634-LeaderElection106
2025-10-10 10:38:42,399 [43369f36-6a0f-45ae-a8eb-f0d390948370@group-7E155E250634-LeaderElection106] INFO  impl.LeaderElection (LeaderElection.java:askForVotes(448)) - 43369f36-6a0f-45ae-a8eb-f0d390948370@group-7E155E250634-LeaderElection106 PRE_VOTE round 0: submit vote requests at term 2 for conf: {index: 5, cur=peers:[bb95c33f-a3cb-4bbe-957e-8163c1fc1114|127.0.0.1:15031, 1a301c79-b9ef-44e0-a0ae-b339f61819a5|127.0.0.1:15023, 43369f36-6a0f-45ae-a8eb-f0d390948370|127.0.0.1:15015]|listeners:[], old=null}
2025-10-10 10:38:42,399 [43369f36-6a0f-45ae-a8eb-f0d390948370@group-7E155E250634-LeaderElection106] INFO  impl.LeaderElection (LogUtils.java:infoOrTrace(142)) - 43369f36-6a0f-45ae-a8eb-f0d390948370@group-7E155E250634-LeaderElection106 got exception when requesting votes: java.util.concurrent.ExecutionException: org.apache.ratis.thirdparty.io.grpc.StatusRuntimeException: UNAVAILABLE: io exception
2025-10-10 10:38:42,399 [43369f36-6a0f-45ae-a8eb-f0d390948370@group-7E155E250634-LeaderElection106] INFO  impl.LeaderElection (LogUtils.java:infoOrTrace(142)) - 43369f36-6a0f-45ae-a8eb-f0d390948370@group-7E155E250634-LeaderElection106 got exception when requesting votes: java.util.concurrent.ExecutionException: org.apache.ratis.thirdparty.io.grpc.StatusRuntimeException: UNAVAILABLE: io exception
2025-10-10 10:38:42,399 [43369f36-6a0f-45ae-a8eb-f0d390948370@group-7E155E250634-LeaderElection106] INFO  impl.LeaderElection (LeaderElection.java:logAndReturn(206)) - 43369f36-6a0f-45ae-a8eb-f0d390948370@group-7E155E250634-LeaderElection106: PRE_VOTE REJECTED received 0 response(s) and 2 exception(s):
2025-10-10 10:38:42,399 [43369f36-6a0f-45ae-a8eb-f0d390948370@group-7E155E250634-LeaderElection106] INFO  impl.LeaderElection (LogUtils.java:infoOrTrace(142)) -   Exception 0: java.util.concurrent.ExecutionException: org.apache.ratis.thirdparty.io.grpc.StatusRuntimeException: UNAVAILABLE: io exception
2025-10-10 10:38:42,399 [43369f36-6a0f-45ae-a8eb-f0d390948370@group-7E155E250634-LeaderElection106] INFO  impl.LeaderElection (LogUtils.java:infoOrTrace(142)) -   Exception 1: java.util.concurrent.ExecutionException: org.apache.ratis.thirdparty.io.grpc.StatusRuntimeException: UNAVAILABLE: io exception
2025-10-10 10:38:42,399 [43369f36-6a0f-45ae-a8eb-f0d390948370@group-7E155E250634-LeaderElection106] INFO  impl.LeaderElection (LeaderElection.java:askForVotes(450)) - 43369f36-6a0f-45ae-a8eb-f0d390948370@group-7E155E250634-LeaderElection106 PRE_VOTE round 0: result REJECTED
2025-10-10 10:38:42,400 [43369f36-6a0f-45ae-a8eb-f0d390948370@group-7E155E250634-LeaderElection106] INFO  server.RaftServer$Division (RaftServerImpl.java:setRole(392)) - 43369f36-6a0f-45ae-a8eb-f0d390948370@group-7E155E250634: changes role from CANDIDATE to FOLLOWER at term 2 for REJECTED
2025-10-10 10:38:42,400 [43369f36-6a0f-45ae-a8eb-f0d390948370@group-7E155E250634-LeaderElection106] INFO  impl.RoleInfo (RoleInfo.java:shutdownLeaderElection(141)) - 43369f36-6a0f-45ae-a8eb-f0d390948370: shutdown 43369f36-6a0f-45ae-a8eb-f0d390948370@group-7E155E250634-LeaderElection106
2025-10-10 10:38:42,400 [43369f36-6a0f-45ae-a8eb-f0d390948370@group-7E155E250634-LeaderElection106] INFO  impl.RoleInfo (RoleInfo.java:updateAndGet(148)) - 43369f36-6a0f-45ae-a8eb-f0d390948370: start 43369f36-6a0f-45ae-a8eb-f0d390948370@group-7E155E250634-FollowerState
2025-10-10 10:38:42,661 [43369f36-6a0f-45ae-a8eb-f0d390948370@group-63ACBE5F7EDA-FollowerState] INFO  impl.FollowerState (FollowerState.java:runImpl(161)) - 43369f36-6a0f-45ae-a8eb-f0d390948370@group-63ACBE5F7EDA-FollowerState: change to CANDIDATE, lastRpcElapsedTime:1083407378ns, electionTimeout:1083ms
2025-10-10 10:38:42,662 [43369f36-6a0f-45ae-a8eb-f0d390948370@group-63ACBE5F7EDA-FollowerState] INFO  impl.RoleInfo (RoleInfo.java:shutdownFollowerState(121)) - 43369f36-6a0f-45ae-a8eb-f0d390948370: shutdown 43369f36-6a0f-45ae-a8eb-f0d390948370@group-63ACBE5F7EDA-FollowerState
2025-10-10 10:38:42,662 [43369f36-6a0f-45ae-a8eb-f0d390948370@group-63ACBE5F7EDA-FollowerState] INFO  server.RaftServer$Division (RaftServerImpl.java:setRole(392)) - 43369f36-6a0f-45ae-a8eb-f0d390948370@group-63ACBE5F7EDA: changes role from  FOLLOWER to CANDIDATE at term 1 for changeToCandidate
2025-10-10 10:38:42,662 [43369f36-6a0f-45ae-a8eb-f0d390948370@group-63ACBE5F7EDA-FollowerState] INFO  impl.RoleInfo (RoleInfo.java:updateAndGet(148)) - 43369f36-6a0f-45ae-a8eb-f0d390948370: start 43369f36-6a0f-45ae-a8eb-f0d390948370@group-63ACBE5F7EDA-LeaderElection107
2025-10-10 10:38:42,662 [43369f36-6a0f-45ae-a8eb-f0d390948370@group-63ACBE5F7EDA-LeaderElection107] INFO  impl.LeaderElection (LeaderElection.java:askForVotes(448)) - 43369f36-6a0f-45ae-a8eb-f0d390948370@group-63ACBE5F7EDA-LeaderElection107 PRE_VOTE round 0: submit vote requests at term 1 for conf: {index: 0, cur=peers:[bb95c33f-a3cb-4bbe-957e-8163c1fc1114|127.0.0.1:15031, 1a301c79-b9ef-44e0-a0ae-b339f61819a5|127.0.0.1:15023, 43369f36-6a0f-45ae-a8eb-f0d390948370|127.0.0.1:15015]|listeners:[], old=null}
2025-10-10 10:38:42,663 [43369f36-6a0f-45ae-a8eb-f0d390948370@group-63ACBE5F7EDA-LeaderElection107] INFO  impl.LeaderElection (LogUtils.java:infoOrTrace(142)) - 43369f36-6a0f-45ae-a8eb-f0d390948370@group-63ACBE5F7EDA-LeaderElection107 got exception when requesting votes: java.util.concurrent.ExecutionException: org.apache.ratis.thirdparty.io.grpc.StatusRuntimeException: UNAVAILABLE: io exception
2025-10-10 10:38:42,663 [43369f36-6a0f-45ae-a8eb-f0d390948370@group-63ACBE5F7EDA-LeaderElection107] INFO  impl.LeaderElection (LogUtils.java:infoOrTrace(142)) - 43369f36-6a0f-45ae-a8eb-f0d390948370@group-63ACBE5F7EDA-LeaderElection107 got exception when requesting votes: java.util.concurrent.ExecutionException: org.apache.ratis.thirdparty.io.grpc.StatusRuntimeException: UNAVAILABLE: io exception
2025-10-10 10:38:42,663 [43369f36-6a0f-45ae-a8eb-f0d390948370@group-63ACBE5F7EDA-LeaderElection107] INFO  impl.LeaderElection (LeaderElection.java:logAndReturn(206)) - 43369f36-6a0f-45ae-a8eb-f0d390948370@group-63ACBE5F7EDA-LeaderElection107: PRE_VOTE REJECTED received 0 response(s) and 2 exception(s):
2025-10-10 10:38:42,663 [43369f36-6a0f-45ae-a8eb-f0d390948370@group-63ACBE5F7EDA-LeaderElection107] INFO  impl.LeaderElection (LogUtils.java:infoOrTrace(142)) -   Exception 0: java.util.concurrent.ExecutionException: org.apache.ratis.thirdparty.io.grpc.StatusRuntimeException: UNAVAILABLE: io exception
2025-10-10 10:38:42,663 [43369f36-6a0f-45ae-a8eb-f0d390948370@group-63ACBE5F7EDA-LeaderElection107] INFO  impl.LeaderElection (LogUtils.java:infoOrTrace(142)) -   Exception 1: java.util.concurrent.ExecutionException: org.apache.ratis.thirdparty.io.grpc.StatusRuntimeException: UNAVAILABLE: io exception
2025-10-10 10:38:42,663 [43369f36-6a0f-45ae-a8eb-f0d390948370@group-63ACBE5F7EDA-LeaderElection107] INFO  impl.LeaderElection (LeaderElection.java:askForVotes(450)) - 43369f36-6a0f-45ae-a8eb-f0d390948370@group-63ACBE5F7EDA-LeaderElection107 PRE_VOTE round 0: result REJECTED
2025-10-10 10:38:42,663 [43369f36-6a0f-45ae-a8eb-f0d390948370@group-63ACBE5F7EDA-LeaderElection107] INFO  server.RaftServer$Division (RaftServerImpl.java:setRole(392)) - 43369f36-6a0f-45ae-a8eb-f0d390948370@group-63ACBE5F7EDA: changes role from CANDIDATE to FOLLOWER at term 1 for REJECTED
2025-10-10 10:38:42,663 [43369f36-6a0f-45ae-a8eb-f0d390948370@group-63ACBE5F7EDA-LeaderElection107] INFO  impl.RoleInfo (RoleInfo.java:shutdownLeaderElection(141)) - 43369f36-6a0f-45ae-a8eb-f0d390948370: shutdown 43369f36-6a0f-45ae-a8eb-f0d390948370@group-63ACBE5F7EDA-LeaderElection107
2025-10-10 10:38:42,663 [43369f36-6a0f-45ae-a8eb-f0d390948370@group-63ACBE5F7EDA-LeaderElection107] INFO  impl.RoleInfo (RoleInfo.java:updateAndGet(148)) - 43369f36-6a0f-45ae-a8eb-f0d390948370: start 43369f36-6a0f-45ae-a8eb-f0d390948370@group-63ACBE5F7EDA-FollowerState
2025-10-10 10:38:43,537 [43369f36-6a0f-45ae-a8eb-f0d390948370@group-7E155E250634-FollowerState] INFO  impl.FollowerState (FollowerState.java:runImpl(161)) - 43369f36-6a0f-45ae-a8eb-f0d390948370@group-7E155E250634-FollowerState: change to CANDIDATE, lastRpcElapsedTime:1137289211ns, electionTimeout:1137ms
2025-10-10 10:38:43,537 [43369f36-6a0f-45ae-a8eb-f0d390948370@group-7E155E250634-FollowerState] INFO  impl.RoleInfo (RoleInfo.java:shutdownFollowerState(121)) - 43369f36-6a0f-45ae-a8eb-f0d390948370: shutdown 43369f36-6a0f-45ae-a8eb-f0d390948370@group-7E155E250634-FollowerState
2025-10-10 10:38:43,537 [43369f36-6a0f-45ae-a8eb-f0d390948370@group-7E155E250634-FollowerState] INFO  server.RaftServer$Division (RaftServerImpl.java:setRole(392)) - 43369f36-6a0f-45ae-a8eb-f0d390948370@group-7E155E250634: changes role from  FOLLOWER to CANDIDATE at term 2 for changeToCandidate
2025-10-10 10:38:43,538 [43369f36-6a0f-45ae-a8eb-f0d390948370@group-7E155E250634-FollowerState] INFO  impl.RoleInfo (RoleInfo.java:updateAndGet(148)) - 43369f36-6a0f-45ae-a8eb-f0d390948370: start 43369f36-6a0f-45ae-a8eb-f0d390948370@group-7E155E250634-LeaderElection108
2025-10-10 10:38:43,538 [43369f36-6a0f-45ae-a8eb-f0d390948370@group-7E155E250634-LeaderElection108] INFO  impl.LeaderElection (LeaderElection.java:askForVotes(448)) - 43369f36-6a0f-45ae-a8eb-f0d390948370@group-7E155E250634-LeaderElection108 PRE_VOTE round 0: submit vote requests at term 2 for conf: {index: 5, cur=peers:[bb95c33f-a3cb-4bbe-957e-8163c1fc1114|127.0.0.1:15031, 1a301c79-b9ef-44e0-a0ae-b339f61819a5|127.0.0.1:15023, 43369f36-6a0f-45ae-a8eb-f0d390948370|127.0.0.1:15015]|listeners:[], old=null}
2025-10-10 10:38:43,539 [43369f36-6a0f-45ae-a8eb-f0d390948370@group-7E155E250634-LeaderElection108] INFO  impl.LeaderElection (LogUtils.java:infoOrTrace(142)) - 43369f36-6a0f-45ae-a8eb-f0d390948370@group-7E155E250634-LeaderElection108 got exception when requesting votes: java.util.concurrent.ExecutionException: org.apache.ratis.thirdparty.io.grpc.StatusRuntimeException: UNAVAILABLE: io exception
2025-10-10 10:38:43,539 [43369f36-6a0f-45ae-a8eb-f0d390948370@group-7E155E250634-LeaderElection108] INFO  impl.LeaderElection (LogUtils.java:infoOrTrace(142)) - 43369f36-6a0f-45ae-a8eb-f0d390948370@group-7E155E250634-LeaderElection108 got exception when requesting votes: java.util.concurrent.ExecutionException: org.apache.ratis.thirdparty.io.grpc.StatusRuntimeException: UNAVAILABLE: io exception
2025-10-10 10:38:43,539 [43369f36-6a0f-45ae-a8eb-f0d390948370@group-7E155E250634-LeaderElection108] INFO  impl.LeaderElection (LeaderElection.java:logAndReturn(206)) - 43369f36-6a0f-45ae-a8eb-f0d390948370@group-7E155E250634-LeaderElection108: PRE_VOTE REJECTED received 0 response(s) and 2 exception(s):
2025-10-10 10:38:43,539 [43369f36-6a0f-45ae-a8eb-f0d390948370@group-7E155E250634-LeaderElection108] INFO  impl.LeaderElection (LogUtils.java:infoOrTrace(142)) -   Exception 0: java.util.concurrent.ExecutionException: org.apache.ratis.thirdparty.io.grpc.StatusRuntimeException: UNAVAILABLE: io exception
2025-10-10 10:38:43,539 [43369f36-6a0f-45ae-a8eb-f0d390948370@group-7E155E250634-LeaderElection108] INFO  impl.LeaderElection (LogUtils.java:infoOrTrace(142)) -   Exception 1: java.util.concurrent.ExecutionException: org.apache.ratis.thirdparty.io.grpc.StatusRuntimeException: UNAVAILABLE: io exception
2025-10-10 10:38:43,539 [43369f36-6a0f-45ae-a8eb-f0d390948370@group-7E155E250634-LeaderElection108] INFO  impl.LeaderElection (LeaderElection.java:askForVotes(450)) - 43369f36-6a0f-45ae-a8eb-f0d390948370@group-7E155E250634-LeaderElection108 PRE_VOTE round 0: result REJECTED
2025-10-10 10:38:43,539 [43369f36-6a0f-45ae-a8eb-f0d390948370@group-7E155E250634-LeaderElection108] INFO  server.RaftServer$Division (RaftServerImpl.java:setRole(392)) - 43369f36-6a0f-45ae-a8eb-f0d390948370@group-7E155E250634: changes role from CANDIDATE to FOLLOWER at term 2 for REJECTED
2025-10-10 10:38:43,539 [43369f36-6a0f-45ae-a8eb-f0d390948370@group-7E155E250634-LeaderElection108] INFO  impl.RoleInfo (RoleInfo.java:shutdownLeaderElection(141)) - 43369f36-6a0f-45ae-a8eb-f0d390948370: shutdown 43369f36-6a0f-45ae-a8eb-f0d390948370@group-7E155E250634-LeaderElection108
2025-10-10 10:38:43,539 [43369f36-6a0f-45ae-a8eb-f0d390948370@group-7E155E250634-LeaderElection108] INFO  impl.RoleInfo (RoleInfo.java:updateAndGet(148)) - 43369f36-6a0f-45ae-a8eb-f0d390948370: start 43369f36-6a0f-45ae-a8eb-f0d390948370@group-7E155E250634-FollowerState
2025-10-10 10:38:43,699 [43369f36-6a0f-45ae-a8eb-f0d390948370@group-63ACBE5F7EDA-FollowerState] INFO  impl.FollowerState (FollowerState.java:runImpl(161)) - 43369f36-6a0f-45ae-a8eb-f0d390948370@group-63ACBE5F7EDA-FollowerState: change to CANDIDATE, lastRpcElapsedTime:1036333403ns, electionTimeout:1036ms
2025-10-10 10:38:43,700 [43369f36-6a0f-45ae-a8eb-f0d390948370@group-63ACBE5F7EDA-FollowerState] INFO  impl.RoleInfo (RoleInfo.java:shutdownFollowerState(121)) - 43369f36-6a0f-45ae-a8eb-f0d390948370: shutdown 43369f36-6a0f-45ae-a8eb-f0d390948370@group-63ACBE5F7EDA-FollowerState
2025-10-10 10:38:43,700 [43369f36-6a0f-45ae-a8eb-f0d390948370@group-63ACBE5F7EDA-FollowerState] INFO  server.RaftServer$Division (RaftServerImpl.java:setRole(392)) - 43369f36-6a0f-45ae-a8eb-f0d390948370@group-63ACBE5F7EDA: changes role from  FOLLOWER to CANDIDATE at term 1 for changeToCandidate
2025-10-10 10:38:43,700 [43369f36-6a0f-45ae-a8eb-f0d390948370@group-63ACBE5F7EDA-FollowerState] INFO  impl.RoleInfo (RoleInfo.java:updateAndGet(148)) - 43369f36-6a0f-45ae-a8eb-f0d390948370: start 43369f36-6a0f-45ae-a8eb-f0d390948370@group-63ACBE5F7EDA-LeaderElection109
2025-10-10 10:38:43,700 [43369f36-6a0f-45ae-a8eb-f0d390948370@group-63ACBE5F7EDA-LeaderElection109] INFO  impl.LeaderElection (LeaderElection.java:askForVotes(448)) - 43369f36-6a0f-45ae-a8eb-f0d390948370@group-63ACBE5F7EDA-LeaderElection109 PRE_VOTE round 0: submit vote requests at term 1 for conf: {index: 0, cur=peers:[bb95c33f-a3cb-4bbe-957e-8163c1fc1114|127.0.0.1:15031, 1a301c79-b9ef-44e0-a0ae-b339f61819a5|127.0.0.1:15023, 43369f36-6a0f-45ae-a8eb-f0d390948370|127.0.0.1:15015]|listeners:[], old=null}
2025-10-10 10:38:43,701 [43369f36-6a0f-45ae-a8eb-f0d390948370@group-63ACBE5F7EDA-LeaderElection109] INFO  impl.LeaderElection (LogUtils.java:infoOrTrace(142)) - 43369f36-6a0f-45ae-a8eb-f0d390948370@group-63ACBE5F7EDA-LeaderElection109 got exception when requesting votes: java.util.concurrent.ExecutionException: org.apache.ratis.thirdparty.io.grpc.StatusRuntimeException: UNAVAILABLE: io exception
2025-10-10 10:38:43,701 [43369f36-6a0f-45ae-a8eb-f0d390948370@group-63ACBE5F7EDA-LeaderElection109] INFO  impl.LeaderElection (LogUtils.java:infoOrTrace(142)) - 43369f36-6a0f-45ae-a8eb-f0d390948370@group-63ACBE5F7EDA-LeaderElection109 got exception when requesting votes: java.util.concurrent.ExecutionException: org.apache.ratis.thirdparty.io.grpc.StatusRuntimeException: UNAVAILABLE: io exception
2025-10-10 10:38:43,701 [43369f36-6a0f-45ae-a8eb-f0d390948370@group-63ACBE5F7EDA-LeaderElection109] INFO  impl.LeaderElection (LeaderElection.java:logAndReturn(206)) - 43369f36-6a0f-45ae-a8eb-f0d390948370@group-63ACBE5F7EDA-LeaderElection109: PRE_VOTE REJECTED received 0 response(s) and 2 exception(s):
2025-10-10 10:38:43,701 [43369f36-6a0f-45ae-a8eb-f0d390948370@group-63ACBE5F7EDA-LeaderElection109] INFO  impl.LeaderElection (LogUtils.java:infoOrTrace(142)) -   Exception 0: java.util.concurrent.ExecutionException: org.apache.ratis.thirdparty.io.grpc.StatusRuntimeException: UNAVAILABLE: io exception
2025-10-10 10:38:43,701 [43369f36-6a0f-45ae-a8eb-f0d390948370@group-63ACBE5F7EDA-LeaderElection109] INFO  impl.LeaderElection (LogUtils.java:infoOrTrace(142)) -   Exception 1: java.util.concurrent.ExecutionException: org.apache.ratis.thirdparty.io.grpc.StatusRuntimeException: UNAVAILABLE: io exception
2025-10-10 10:38:43,701 [43369f36-6a0f-45ae-a8eb-f0d390948370@group-63ACBE5F7EDA-LeaderElection109] INFO  impl.LeaderElection (LeaderElection.java:askForVotes(450)) - 43369f36-6a0f-45ae-a8eb-f0d390948370@group-63ACBE5F7EDA-LeaderElection109 PRE_VOTE round 0: result REJECTED
2025-10-10 10:38:43,701 [43369f36-6a0f-45ae-a8eb-f0d390948370@group-63ACBE5F7EDA-LeaderElection109] INFO  server.RaftServer$Division (RaftServerImpl.java:setRole(392)) - 43369f36-6a0f-45ae-a8eb-f0d390948370@group-63ACBE5F7EDA: changes role from CANDIDATE to FOLLOWER at term 1 for REJECTED
2025-10-10 10:38:43,701 [43369f36-6a0f-45ae-a8eb-f0d390948370@group-63ACBE5F7EDA-LeaderElection109] INFO  impl.RoleInfo (RoleInfo.java:shutdownLeaderElection(141)) - 43369f36-6a0f-45ae-a8eb-f0d390948370: shutdown 43369f36-6a0f-45ae-a8eb-f0d390948370@group-63ACBE5F7EDA-LeaderElection109
2025-10-10 10:38:43,701 [43369f36-6a0f-45ae-a8eb-f0d390948370@group-63ACBE5F7EDA-LeaderElection109] INFO  impl.RoleInfo (RoleInfo.java:updateAndGet(148)) - 43369f36-6a0f-45ae-a8eb-f0d390948370: start 43369f36-6a0f-45ae-a8eb-f0d390948370@group-63ACBE5F7EDA-FollowerState
2025-10-10 10:38:43,828 [grpc-default-executor-3] ERROR impl.OrderedAsync (OrderedAsync.java:lambda$null$6(215)) -  client-11C8565B59B3: Failed* RaftClientRequest:client-11C8565B59B3->43369f36-6a0f-45ae-a8eb-f0d390948370@group-63ACBE5F7EDA, cid=26, seq=1*, Watch(0), null
java.util.concurrent.CompletionException: org.apache.ratis.protocol.exceptions.NotLeaderException: Server 43369f36-6a0f-45ae-a8eb-f0d390948370@group-63ACBE5F7EDA is not the leader
	at java.base/java.util.concurrent.CompletableFuture.encodeThrowable(CompletableFuture.java:332)
	at java.base/java.util.concurrent.CompletableFuture.completeThrowable(CompletableFuture.java:347)
	at java.base/java.util.concurrent.CompletableFuture$UniAccept.tryFire(CompletableFuture.java:708)
	at java.base/java.util.concurrent.CompletableFuture.postComplete(CompletableFuture.java:510)
	at java.base/java.util.concurrent.CompletableFuture.completeExceptionally(CompletableFuture.java:2194)
	at org.apache.ratis.grpc.client.GrpcClientProtocolClient$AsyncStreamObservers.completeReplyExceptionally(GrpcClientProtocolClient.java:397)
	at org.apache.ratis.grpc.client.GrpcClientProtocolClient$AsyncStreamObservers.access$000(GrpcClientProtocolClient.java:303)
	at org.apache.ratis.grpc.client.GrpcClientProtocolClient$AsyncStreamObservers$1.onNext(GrpcClientProtocolClient.java:317)
	at org.apache.ratis.grpc.client.GrpcClientProtocolClient$AsyncStreamObservers$1.onNext(GrpcClientProtocolClient.java:308)
	at org.apache.ratis.thirdparty.io.grpc.stub.ClientCalls$StreamObserverToCallListenerAdapter.onMessage(ClientCalls.java:551)
	at org.apache.ratis.thirdparty.io.grpc.ForwardingClientCallListener.onMessage(ForwardingClientCallListener.java:33)
	at org.apache.ratis.thirdparty.io.grpc.internal.ClientCallImpl$ClientStreamListenerImpl$1MessagesAvailable.runInternal(ClientCallImpl.java:661)
	at org.apache.ratis.thirdparty.io.grpc.internal.ClientCallImpl$ClientStreamListenerImpl$1MessagesAvailable.runInContext(ClientCallImpl.java:648)
	at org.apache.ratis.thirdparty.io.grpc.internal.ContextRunnable.run(ContextRunnable.java:37)
	at org.apache.ratis.thirdparty.io.grpc.internal.SerializingExecutor.run(SerializingExecutor.java:133)
	at java.base/java.util.concurrent.ThreadPoolExecutor.runWorker(ThreadPoolExecutor.java:1144)
	at java.base/java.util.concurrent.ThreadPoolExecutor$Worker.run(ThreadPoolExecutor.java:642)
	at java.base/java.lang.Thread.run(Thread.java:1583)
Caused by: org.apache.ratis.protocol.exceptions.NotLeaderException: Server 43369f36-6a0f-45ae-a8eb-f0d390948370@group-63ACBE5F7EDA is not the leader
	at org.apache.ratis.client.impl.ClientProtoUtils.toRaftClientReply(ClientProtoUtils.java:402)
	at org.apache.ratis.grpc.client.GrpcClientProtocolClient$AsyncStreamObservers$1.onNext(GrpcClientProtocolClient.java:313)
	... 10 more
2025-10-10 10:38:44,546 [43369f36-6a0f-45ae-a8eb-f0d390948370@group-7E155E250634-FollowerState] INFO  impl.FollowerState (FollowerState.java:runImpl(161)) - 43369f36-6a0f-45ae-a8eb-f0d390948370@group-7E155E250634-FollowerState: change to CANDIDATE, lastRpcElapsedTime:1006473819ns, electionTimeout:1006ms
2025-10-10 10:38:44,546 [43369f36-6a0f-45ae-a8eb-f0d390948370@group-7E155E250634-FollowerState] INFO  impl.RoleInfo (RoleInfo.java:shutdownFollowerState(121)) - 43369f36-6a0f-45ae-a8eb-f0d390948370: shutdown 43369f36-6a0f-45ae-a8eb-f0d390948370@group-7E155E250634-FollowerState
2025-10-10 10:38:44,546 [43369f36-6a0f-45ae-a8eb-f0d390948370@group-7E155E250634-FollowerState] INFO  server.RaftServer$Division (RaftServerImpl.java:setRole(392)) - 43369f36-6a0f-45ae-a8eb-f0d390948370@group-7E155E250634: changes role from  FOLLOWER to CANDIDATE at term 2 for changeToCandidate
2025-10-10 10:38:44,546 [43369f36-6a0f-45ae-a8eb-f0d390948370@group-7E155E250634-FollowerState] INFO  impl.RoleInfo (RoleInfo.java:updateAndGet(148)) - 43369f36-6a0f-45ae-a8eb-f0d390948370: start 43369f36-6a0f-45ae-a8eb-f0d390948370@group-7E155E250634-LeaderElection110
2025-10-10 10:38:44,547 [43369f36-6a0f-45ae-a8eb-f0d390948370@group-7E155E250634-LeaderElection110] INFO  impl.LeaderElection (LeaderElection.java:askForVotes(448)) - 43369f36-6a0f-45ae-a8eb-f0d390948370@group-7E155E250634-LeaderElection110 PRE_VOTE round 0: submit vote requests at term 2 for conf: {index: 5, cur=peers:[bb95c33f-a3cb-4bbe-957e-8163c1fc1114|127.0.0.1:15031, 1a301c79-b9ef-44e0-a0ae-b339f61819a5|127.0.0.1:15023, 43369f36-6a0f-45ae-a8eb-f0d390948370|127.0.0.1:15015]|listeners:[], old=null}
2025-10-10 10:38:44,547 [43369f36-6a0f-45ae-a8eb-f0d390948370@group-7E155E250634-LeaderElection110] INFO  impl.LeaderElection (LogUtils.java:infoOrTrace(142)) - 43369f36-6a0f-45ae-a8eb-f0d390948370@group-7E155E250634-LeaderElection110 got exception when requesting votes: java.util.concurrent.ExecutionException: org.apache.ratis.thirdparty.io.grpc.StatusRuntimeException: UNAVAILABLE: io exception
2025-10-10 10:38:44,547 [43369f36-6a0f-45ae-a8eb-f0d390948370@group-7E155E250634-LeaderElection110] INFO  impl.LeaderElection (LogUtils.java:infoOrTrace(142)) - 43369f36-6a0f-45ae-a8eb-f0d390948370@group-7E155E250634-LeaderElection110 got exception when requesting votes: java.util.concurrent.ExecutionException: org.apache.ratis.thirdparty.io.grpc.StatusRuntimeException: UNAVAILABLE: io exception
2025-10-10 10:38:44,547 [43369f36-6a0f-45ae-a8eb-f0d390948370@group-7E155E250634-LeaderElection110] INFO  impl.LeaderElection (LeaderElection.java:logAndReturn(206)) - 43369f36-6a0f-45ae-a8eb-f0d390948370@group-7E155E250634-LeaderElection110: PRE_VOTE REJECTED received 0 response(s) and 2 exception(s):
2025-10-10 10:38:44,548 [43369f36-6a0f-45ae-a8eb-f0d390948370@group-7E155E250634-LeaderElection110] INFO  impl.LeaderElection (LogUtils.java:infoOrTrace(142)) -   Exception 0: java.util.concurrent.ExecutionException: org.apache.ratis.thirdparty.io.grpc.StatusRuntimeException: UNAVAILABLE: io exception
2025-10-10 10:38:44,548 [43369f36-6a0f-45ae-a8eb-f0d390948370@group-7E155E250634-LeaderElection110] INFO  impl.LeaderElection (LogUtils.java:infoOrTrace(142)) -   Exception 1: java.util.concurrent.ExecutionException: org.apache.ratis.thirdparty.io.grpc.StatusRuntimeException: UNAVAILABLE: io exception
2025-10-10 10:38:44,548 [43369f36-6a0f-45ae-a8eb-f0d390948370@group-7E155E250634-LeaderElection110] INFO  impl.LeaderElection (LeaderElection.java:askForVotes(450)) - 43369f36-6a0f-45ae-a8eb-f0d390948370@group-7E155E250634-LeaderElection110 PRE_VOTE round 0: result REJECTED
2025-10-10 10:38:44,548 [43369f36-6a0f-45ae-a8eb-f0d390948370@group-7E155E250634-LeaderElection110] INFO  server.RaftServer$Division (RaftServerImpl.java:setRole(392)) - 43369f36-6a0f-45ae-a8eb-f0d390948370@group-7E155E250634: changes role from CANDIDATE to FOLLOWER at term 2 for REJECTED
2025-10-10 10:38:44,548 [43369f36-6a0f-45ae-a8eb-f0d390948370@group-7E155E250634-LeaderElection110] INFO  impl.RoleInfo (RoleInfo.java:shutdownLeaderElection(141)) - 43369f36-6a0f-45ae-a8eb-f0d390948370: shutdown 43369f36-6a0f-45ae-a8eb-f0d390948370@group-7E155E250634-LeaderElection110
2025-10-10 10:38:44,548 [43369f36-6a0f-45ae-a8eb-f0d390948370@group-7E155E250634-LeaderElection110] INFO  impl.RoleInfo (RoleInfo.java:updateAndGet(148)) - 43369f36-6a0f-45ae-a8eb-f0d390948370: start 43369f36-6a0f-45ae-a8eb-f0d390948370@group-7E155E250634-FollowerState
2025-10-10 10:38:44,756 [43369f36-6a0f-45ae-a8eb-f0d390948370@group-63ACBE5F7EDA-FollowerState] INFO  impl.FollowerState (FollowerState.java:runImpl(161)) - 43369f36-6a0f-45ae-a8eb-f0d390948370@group-63ACBE5F7EDA-FollowerState: change to CANDIDATE, lastRpcElapsedTime:1054342633ns, electionTimeout:1054ms
2025-10-10 10:38:44,756 [43369f36-6a0f-45ae-a8eb-f0d390948370@group-63ACBE5F7EDA-FollowerState] INFO  impl.RoleInfo (RoleInfo.java:shutdownFollowerState(121)) - 43369f36-6a0f-45ae-a8eb-f0d390948370: shutdown 43369f36-6a0f-45ae-a8eb-f0d390948370@group-63ACBE5F7EDA-FollowerState
2025-10-10 10:38:44,756 [43369f36-6a0f-45ae-a8eb-f0d390948370@group-63ACBE5F7EDA-FollowerState] INFO  server.RaftServer$Division (RaftServerImpl.java:setRole(392)) - 43369f36-6a0f-45ae-a8eb-f0d390948370@group-63ACBE5F7EDA: changes role from  FOLLOWER to CANDIDATE at term 1 for changeToCandidate
2025-10-10 10:38:44,756 [43369f36-6a0f-45ae-a8eb-f0d390948370@group-63ACBE5F7EDA-FollowerState] INFO  impl.RoleInfo (RoleInfo.java:updateAndGet(148)) - 43369f36-6a0f-45ae-a8eb-f0d390948370: start 43369f36-6a0f-45ae-a8eb-f0d390948370@group-63ACBE5F7EDA-LeaderElection111
2025-10-10 10:38:44,756 [43369f36-6a0f-45ae-a8eb-f0d390948370@group-63ACBE5F7EDA-LeaderElection111] INFO  impl.LeaderElection (LeaderElection.java:askForVotes(448)) - 43369f36-6a0f-45ae-a8eb-f0d390948370@group-63ACBE5F7EDA-LeaderElection111 PRE_VOTE round 0: submit vote requests at term 1 for conf: {index: 0, cur=peers:[bb95c33f-a3cb-4bbe-957e-8163c1fc1114|127.0.0.1:15031, 1a301c79-b9ef-44e0-a0ae-b339f61819a5|127.0.0.1:15023, 43369f36-6a0f-45ae-a8eb-f0d390948370|127.0.0.1:15015]|listeners:[], old=null}
2025-10-10 10:38:44,757 [43369f36-6a0f-45ae-a8eb-f0d390948370@group-63ACBE5F7EDA-LeaderElection111] INFO  impl.LeaderElection (LogUtils.java:infoOrTrace(142)) - 43369f36-6a0f-45ae-a8eb-f0d390948370@group-63ACBE5F7EDA-LeaderElection111 got exception when requesting votes: java.util.concurrent.ExecutionException: org.apache.ratis.thirdparty.io.grpc.StatusRuntimeException: UNAVAILABLE: io exception
2025-10-10 10:38:44,757 [43369f36-6a0f-45ae-a8eb-f0d390948370@group-63ACBE5F7EDA-LeaderElection111] INFO  impl.LeaderElection (LogUtils.java:infoOrTrace(142)) - 43369f36-6a0f-45ae-a8eb-f0d390948370@group-63ACBE5F7EDA-LeaderElection111 got exception when requesting votes: java.util.concurrent.ExecutionException: org.apache.ratis.thirdparty.io.grpc.StatusRuntimeException: UNAVAILABLE: io exception
2025-10-10 10:38:44,757 [43369f36-6a0f-45ae-a8eb-f0d390948370@group-63ACBE5F7EDA-LeaderElection111] INFO  impl.LeaderElection (LeaderElection.java:logAndReturn(206)) - 43369f36-6a0f-45ae-a8eb-f0d390948370@group-63ACBE5F7EDA-LeaderElection111: PRE_VOTE REJECTED received 0 response(s) and 2 exception(s):
2025-10-10 10:38:44,757 [43369f36-6a0f-45ae-a8eb-f0d390948370@group-63ACBE5F7EDA-LeaderElection111] INFO  impl.LeaderElection (LogUtils.java:infoOrTrace(142)) -   Exception 0: java.util.concurrent.ExecutionException: org.apache.ratis.thirdparty.io.grpc.StatusRuntimeException: UNAVAILABLE: io exception
2025-10-10 10:38:44,757 [43369f36-6a0f-45ae-a8eb-f0d390948370@group-63ACBE5F7EDA-LeaderElection111] INFO  impl.LeaderElection (LogUtils.java:infoOrTrace(142)) -   Exception 1: java.util.concurrent.ExecutionException: org.apache.ratis.thirdparty.io.grpc.StatusRuntimeException: UNAVAILABLE: io exception
2025-10-10 10:38:44,757 [43369f36-6a0f-45ae-a8eb-f0d390948370@group-63ACBE5F7EDA-LeaderElection111] INFO  impl.LeaderElection (LeaderElection.java:askForVotes(450)) - 43369f36-6a0f-45ae-a8eb-f0d390948370@group-63ACBE5F7EDA-LeaderElection111 PRE_VOTE round 0: result REJECTED
2025-10-10 10:38:44,757 [43369f36-6a0f-45ae-a8eb-f0d390948370@group-63ACBE5F7EDA-LeaderElection111] INFO  server.RaftServer$Division (RaftServerImpl.java:setRole(392)) - 43369f36-6a0f-45ae-a8eb-f0d390948370@group-63ACBE5F7EDA: changes role from CANDIDATE to FOLLOWER at term 1 for REJECTED
2025-10-10 10:38:44,757 [43369f36-6a0f-45ae-a8eb-f0d390948370@group-63ACBE5F7EDA-LeaderElection111] INFO  impl.RoleInfo (RoleInfo.java:shutdownLeaderElection(141)) - 43369f36-6a0f-45ae-a8eb-f0d390948370: shutdown 43369f36-6a0f-45ae-a8eb-f0d390948370@group-63ACBE5F7EDA-LeaderElection111
2025-10-10 10:38:44,757 [43369f36-6a0f-45ae-a8eb-f0d390948370@group-63ACBE5F7EDA-LeaderElection111] INFO  impl.RoleInfo (RoleInfo.java:updateAndGet(148)) - 43369f36-6a0f-45ae-a8eb-f0d390948370: start 43369f36-6a0f-45ae-a8eb-f0d390948370@group-63ACBE5F7EDA-FollowerState
2025-10-10 10:38:45,674 [43369f36-6a0f-45ae-a8eb-f0d390948370@group-7E155E250634-FollowerState] INFO  impl.FollowerState (FollowerState.java:runImpl(161)) - 43369f36-6a0f-45ae-a8eb-f0d390948370@group-7E155E250634-FollowerState: change to CANDIDATE, lastRpcElapsedTime:1126281829ns, electionTimeout:1126ms
2025-10-10 10:38:45,674 [43369f36-6a0f-45ae-a8eb-f0d390948370@group-7E155E250634-FollowerState] INFO  impl.RoleInfo (RoleInfo.java:shutdownFollowerState(121)) - 43369f36-6a0f-45ae-a8eb-f0d390948370: shutdown 43369f36-6a0f-45ae-a8eb-f0d390948370@group-7E155E250634-FollowerState
2025-10-10 10:38:45,674 [43369f36-6a0f-45ae-a8eb-f0d390948370@group-7E155E250634-FollowerState] INFO  server.RaftServer$Division (RaftServerImpl.java:setRole(392)) - 43369f36-6a0f-45ae-a8eb-f0d390948370@group-7E155E250634: changes role from  FOLLOWER to CANDIDATE at term 2 for changeToCandidate
2025-10-10 10:38:45,674 [43369f36-6a0f-45ae-a8eb-f0d390948370@group-7E155E250634-FollowerState] INFO  impl.RoleInfo (RoleInfo.java:updateAndGet(148)) - 43369f36-6a0f-45ae-a8eb-f0d390948370: start 43369f36-6a0f-45ae-a8eb-f0d390948370@group-7E155E250634-LeaderElection112
2025-10-10 10:38:45,675 [43369f36-6a0f-45ae-a8eb-f0d390948370@group-7E155E250634-LeaderElection112] INFO  impl.LeaderElection (LeaderElection.java:askForVotes(448)) - 43369f36-6a0f-45ae-a8eb-f0d390948370@group-7E155E250634-LeaderElection112 PRE_VOTE round 0: submit vote requests at term 2 for conf: {index: 5, cur=peers:[bb95c33f-a3cb-4bbe-957e-8163c1fc1114|127.0.0.1:15031, 1a301c79-b9ef-44e0-a0ae-b339f61819a5|127.0.0.1:15023, 43369f36-6a0f-45ae-a8eb-f0d390948370|127.0.0.1:15015]|listeners:[], old=null}
2025-10-10 10:38:45,675 [43369f36-6a0f-45ae-a8eb-f0d390948370@group-7E155E250634-LeaderElection112] INFO  impl.LeaderElection (LogUtils.java:infoOrTrace(142)) - 43369f36-6a0f-45ae-a8eb-f0d390948370@group-7E155E250634-LeaderElection112 got exception when requesting votes: java.util.concurrent.ExecutionException: org.apache.ratis.thirdparty.io.grpc.StatusRuntimeException: UNAVAILABLE: io exception
2025-10-10 10:38:45,675 [43369f36-6a0f-45ae-a8eb-f0d390948370@group-7E155E250634-LeaderElection112] INFO  impl.LeaderElection (LogUtils.java:infoOrTrace(142)) - 43369f36-6a0f-45ae-a8eb-f0d390948370@group-7E155E250634-LeaderElection112 got exception when requesting votes: java.util.concurrent.ExecutionException: org.apache.ratis.thirdparty.io.grpc.StatusRuntimeException: UNAVAILABLE: io exception
2025-10-10 10:38:45,675 [43369f36-6a0f-45ae-a8eb-f0d390948370@group-7E155E250634-LeaderElection112] INFO  impl.LeaderElection (LeaderElection.java:logAndReturn(206)) - 43369f36-6a0f-45ae-a8eb-f0d390948370@group-7E155E250634-LeaderElection112: PRE_VOTE REJECTED received 0 response(s) and 2 exception(s):
2025-10-10 10:38:45,675 [43369f36-6a0f-45ae-a8eb-f0d390948370@group-7E155E250634-LeaderElection112] INFO  impl.LeaderElection (LogUtils.java:infoOrTrace(142)) -   Exception 0: java.util.concurrent.ExecutionException: org.apache.ratis.thirdparty.io.grpc.StatusRuntimeException: UNAVAILABLE: io exception
2025-10-10 10:38:45,675 [43369f36-6a0f-45ae-a8eb-f0d390948370@group-7E155E250634-LeaderElection112] INFO  impl.LeaderElection (LogUtils.java:infoOrTrace(142)) -   Exception 1: java.util.concurrent.ExecutionException: org.apache.ratis.thirdparty.io.grpc.StatusRuntimeException: UNAVAILABLE: io exception
2025-10-10 10:38:45,676 [43369f36-6a0f-45ae-a8eb-f0d390948370@group-7E155E250634-LeaderElection112] INFO  impl.LeaderElection (LeaderElection.java:askForVotes(450)) - 43369f36-6a0f-45ae-a8eb-f0d390948370@group-7E155E250634-LeaderElection112 PRE_VOTE round 0: result REJECTED
2025-10-10 10:38:45,676 [43369f36-6a0f-45ae-a8eb-f0d390948370@group-7E155E250634-LeaderElection112] INFO  server.RaftServer$Division (RaftServerImpl.java:setRole(392)) - 43369f36-6a0f-45ae-a8eb-f0d390948370@group-7E155E250634: changes role from CANDIDATE to FOLLOWER at term 2 for REJECTED
2025-10-10 10:38:45,676 [43369f36-6a0f-45ae-a8eb-f0d390948370@group-7E155E250634-LeaderElection112] INFO  impl.RoleInfo (RoleInfo.java:shutdownLeaderElection(141)) - 43369f36-6a0f-45ae-a8eb-f0d390948370: shutdown 43369f36-6a0f-45ae-a8eb-f0d390948370@group-7E155E250634-LeaderElection112
2025-10-10 10:38:45,676 [43369f36-6a0f-45ae-a8eb-f0d390948370@group-7E155E250634-LeaderElection112] INFO  impl.RoleInfo (RoleInfo.java:updateAndGet(148)) - 43369f36-6a0f-45ae-a8eb-f0d390948370: start 43369f36-6a0f-45ae-a8eb-f0d390948370@group-7E155E250634-FollowerState
2025-10-10 10:38:45,831 [43369f36-6a0f-45ae-a8eb-f0d390948370@group-63ACBE5F7EDA-FollowerState] INFO  impl.FollowerState (FollowerState.java:runImpl(161)) - 43369f36-6a0f-45ae-a8eb-f0d390948370@group-63ACBE5F7EDA-FollowerState: change to CANDIDATE, lastRpcElapsedTime:1073340294ns, electionTimeout:1073ms
2025-10-10 10:38:45,831 [43369f36-6a0f-45ae-a8eb-f0d390948370@group-63ACBE5F7EDA-FollowerState] INFO  impl.RoleInfo (RoleInfo.java:shutdownFollowerState(121)) - 43369f36-6a0f-45ae-a8eb-f0d390948370: shutdown 43369f36-6a0f-45ae-a8eb-f0d390948370@group-63ACBE5F7EDA-FollowerState
2025-10-10 10:38:45,831 [43369f36-6a0f-45ae-a8eb-f0d390948370@group-63ACBE5F7EDA-FollowerState] INFO  server.RaftServer$Division (RaftServerImpl.java:setRole(392)) - 43369f36-6a0f-45ae-a8eb-f0d390948370@group-63ACBE5F7EDA: changes role from  FOLLOWER to CANDIDATE at term 1 for changeToCandidate
2025-10-10 10:38:45,831 [43369f36-6a0f-45ae-a8eb-f0d390948370@group-63ACBE5F7EDA-FollowerState] INFO  impl.RoleInfo (RoleInfo.java:updateAndGet(148)) - 43369f36-6a0f-45ae-a8eb-f0d390948370: start 43369f36-6a0f-45ae-a8eb-f0d390948370@group-63ACBE5F7EDA-LeaderElection113
2025-10-10 10:38:45,831 [43369f36-6a0f-45ae-a8eb-f0d390948370@group-63ACBE5F7EDA-LeaderElection113] INFO  impl.LeaderElection (LeaderElection.java:askForVotes(448)) - 43369f36-6a0f-45ae-a8eb-f0d390948370@group-63ACBE5F7EDA-LeaderElection113 PRE_VOTE round 0: submit vote requests at term 1 for conf: {index: 0, cur=peers:[bb95c33f-a3cb-4bbe-957e-8163c1fc1114|127.0.0.1:15031, 1a301c79-b9ef-44e0-a0ae-b339f61819a5|127.0.0.1:15023, 43369f36-6a0f-45ae-a8eb-f0d390948370|127.0.0.1:15015]|listeners:[], old=null}
2025-10-10 10:38:45,832 [43369f36-6a0f-45ae-a8eb-f0d390948370@group-63ACBE5F7EDA-LeaderElection113] INFO  impl.LeaderElection (LogUtils.java:infoOrTrace(142)) - 43369f36-6a0f-45ae-a8eb-f0d390948370@group-63ACBE5F7EDA-LeaderElection113 got exception when requesting votes: java.util.concurrent.ExecutionException: org.apache.ratis.thirdparty.io.grpc.StatusRuntimeException: UNAVAILABLE: io exception
2025-10-10 10:38:45,832 [43369f36-6a0f-45ae-a8eb-f0d390948370@group-63ACBE5F7EDA-LeaderElection113] INFO  impl.LeaderElection (LogUtils.java:infoOrTrace(142)) - 43369f36-6a0f-45ae-a8eb-f0d390948370@group-63ACBE5F7EDA-LeaderElection113 got exception when requesting votes: java.util.concurrent.ExecutionException: org.apache.ratis.thirdparty.io.grpc.StatusRuntimeException: UNAVAILABLE: io exception
2025-10-10 10:38:45,832 [43369f36-6a0f-45ae-a8eb-f0d390948370@group-63ACBE5F7EDA-LeaderElection113] INFO  impl.LeaderElection (LeaderElection.java:logAndReturn(206)) - 43369f36-6a0f-45ae-a8eb-f0d390948370@group-63ACBE5F7EDA-LeaderElection113: PRE_VOTE REJECTED received 0 response(s) and 2 exception(s):
2025-10-10 10:38:45,832 [43369f36-6a0f-45ae-a8eb-f0d390948370@group-63ACBE5F7EDA-LeaderElection113] INFO  impl.LeaderElection (LogUtils.java:infoOrTrace(142)) -   Exception 0: java.util.concurrent.ExecutionException: org.apache.ratis.thirdparty.io.grpc.StatusRuntimeException: UNAVAILABLE: io exception
2025-10-10 10:38:45,832 [43369f36-6a0f-45ae-a8eb-f0d390948370@group-63ACBE5F7EDA-LeaderElection113] INFO  impl.LeaderElection (LogUtils.java:infoOrTrace(142)) -   Exception 1: java.util.concurrent.ExecutionException: org.apache.ratis.thirdparty.io.grpc.StatusRuntimeException: UNAVAILABLE: io exception
2025-10-10 10:38:45,832 [43369f36-6a0f-45ae-a8eb-f0d390948370@group-63ACBE5F7EDA-LeaderElection113] INFO  impl.LeaderElection (LeaderElection.java:askForVotes(450)) - 43369f36-6a0f-45ae-a8eb-f0d390948370@group-63ACBE5F7EDA-LeaderElection113 PRE_VOTE round 0: result REJECTED
2025-10-10 10:38:45,832 [43369f36-6a0f-45ae-a8eb-f0d390948370@group-63ACBE5F7EDA-LeaderElection113] INFO  server.RaftServer$Division (RaftServerImpl.java:setRole(392)) - 43369f36-6a0f-45ae-a8eb-f0d390948370@group-63ACBE5F7EDA: changes role from CANDIDATE to FOLLOWER at term 1 for REJECTED
2025-10-10 10:38:45,832 [43369f36-6a0f-45ae-a8eb-f0d390948370@group-63ACBE5F7EDA-LeaderElection113] INFO  impl.RoleInfo (RoleInfo.java:shutdownLeaderElection(141)) - 43369f36-6a0f-45ae-a8eb-f0d390948370: shutdown 43369f36-6a0f-45ae-a8eb-f0d390948370@group-63ACBE5F7EDA-LeaderElection113
2025-10-10 10:38:45,832 [43369f36-6a0f-45ae-a8eb-f0d390948370@group-63ACBE5F7EDA-LeaderElection113] INFO  impl.RoleInfo (RoleInfo.java:updateAndGet(148)) - 43369f36-6a0f-45ae-a8eb-f0d390948370: start 43369f36-6a0f-45ae-a8eb-f0d390948370@group-63ACBE5F7EDA-FollowerState
2025-10-10 10:38:46,841 [43369f36-6a0f-45ae-a8eb-f0d390948370@group-7E155E250634-FollowerState] INFO  impl.FollowerState (FollowerState.java:runImpl(161)) - 43369f36-6a0f-45ae-a8eb-f0d390948370@group-7E155E250634-FollowerState: change to CANDIDATE, lastRpcElapsedTime:1165273439ns, electionTimeout:1165ms
2025-10-10 10:38:46,841 [43369f36-6a0f-45ae-a8eb-f0d390948370@group-7E155E250634-FollowerState] INFO  impl.RoleInfo (RoleInfo.java:shutdownFollowerState(121)) - 43369f36-6a0f-45ae-a8eb-f0d390948370: shutdown 43369f36-6a0f-45ae-a8eb-f0d390948370@group-7E155E250634-FollowerState
2025-10-10 10:38:46,841 [43369f36-6a0f-45ae-a8eb-f0d390948370@group-7E155E250634-FollowerState] INFO  server.RaftServer$Division (RaftServerImpl.java:setRole(392)) - 43369f36-6a0f-45ae-a8eb-f0d390948370@group-7E155E250634: changes role from  FOLLOWER to CANDIDATE at term 2 for changeToCandidate
2025-10-10 10:38:46,841 [43369f36-6a0f-45ae-a8eb-f0d390948370@group-7E155E250634-FollowerState] INFO  impl.RoleInfo (RoleInfo.java:updateAndGet(148)) - 43369f36-6a0f-45ae-a8eb-f0d390948370: start 43369f36-6a0f-45ae-a8eb-f0d390948370@group-7E155E250634-LeaderElection114
2025-10-10 10:38:46,842 [43369f36-6a0f-45ae-a8eb-f0d390948370@group-7E155E250634-LeaderElection114] INFO  impl.LeaderElection (LeaderElection.java:askForVotes(448)) - 43369f36-6a0f-45ae-a8eb-f0d390948370@group-7E155E250634-LeaderElection114 PRE_VOTE round 0: submit vote requests at term 2 for conf: {index: 5, cur=peers:[bb95c33f-a3cb-4bbe-957e-8163c1fc1114|127.0.0.1:15031, 1a301c79-b9ef-44e0-a0ae-b339f61819a5|127.0.0.1:15023, 43369f36-6a0f-45ae-a8eb-f0d390948370|127.0.0.1:15015]|listeners:[], old=null}
2025-10-10 10:38:46,842 [43369f36-6a0f-45ae-a8eb-f0d390948370@group-7E155E250634-LeaderElection114] INFO  impl.LeaderElection (LogUtils.java:infoOrTrace(142)) - 43369f36-6a0f-45ae-a8eb-f0d390948370@group-7E155E250634-LeaderElection114 got exception when requesting votes: java.util.concurrent.ExecutionException: org.apache.ratis.thirdparty.io.grpc.StatusRuntimeException: UNAVAILABLE: io exception
2025-10-10 10:38:46,843 [43369f36-6a0f-45ae-a8eb-f0d390948370@group-7E155E250634-LeaderElection114] INFO  impl.LeaderElection (LogUtils.java:infoOrTrace(142)) - 43369f36-6a0f-45ae-a8eb-f0d390948370@group-7E155E250634-LeaderElection114 got exception when requesting votes: java.util.concurrent.ExecutionException: org.apache.ratis.thirdparty.io.grpc.StatusRuntimeException: UNAVAILABLE: io exception
2025-10-10 10:38:46,843 [43369f36-6a0f-45ae-a8eb-f0d390948370@group-7E155E250634-LeaderElection114] INFO  impl.LeaderElection (LeaderElection.java:logAndReturn(206)) - 43369f36-6a0f-45ae-a8eb-f0d390948370@group-7E155E250634-LeaderElection114: PRE_VOTE REJECTED received 0 response(s) and 2 exception(s):
2025-10-10 10:38:46,843 [43369f36-6a0f-45ae-a8eb-f0d390948370@group-7E155E250634-LeaderElection114] INFO  impl.LeaderElection (LogUtils.java:infoOrTrace(142)) -   Exception 0: java.util.concurrent.ExecutionException: org.apache.ratis.thirdparty.io.grpc.StatusRuntimeException: UNAVAILABLE: io exception
2025-10-10 10:38:46,843 [43369f36-6a0f-45ae-a8eb-f0d390948370@group-7E155E250634-LeaderElection114] INFO  impl.LeaderElection (LogUtils.java:infoOrTrace(142)) -   Exception 1: java.util.concurrent.ExecutionException: org.apache.ratis.thirdparty.io.grpc.StatusRuntimeException: UNAVAILABLE: io exception
2025-10-10 10:38:46,843 [43369f36-6a0f-45ae-a8eb-f0d390948370@group-7E155E250634-LeaderElection114] INFO  impl.LeaderElection (LeaderElection.java:askForVotes(450)) - 43369f36-6a0f-45ae-a8eb-f0d390948370@group-7E155E250634-LeaderElection114 PRE_VOTE round 0: result REJECTED
2025-10-10 10:38:46,843 [43369f36-6a0f-45ae-a8eb-f0d390948370@group-7E155E250634-LeaderElection114] INFO  server.RaftServer$Division (RaftServerImpl.java:setRole(392)) - 43369f36-6a0f-45ae-a8eb-f0d390948370@group-7E155E250634: changes role from CANDIDATE to FOLLOWER at term 2 for REJECTED
2025-10-10 10:38:46,843 [43369f36-6a0f-45ae-a8eb-f0d390948370@group-7E155E250634-LeaderElection114] INFO  impl.RoleInfo (RoleInfo.java:shutdownLeaderElection(141)) - 43369f36-6a0f-45ae-a8eb-f0d390948370: shutdown 43369f36-6a0f-45ae-a8eb-f0d390948370@group-7E155E250634-LeaderElection114
2025-10-10 10:38:46,843 [43369f36-6a0f-45ae-a8eb-f0d390948370@group-7E155E250634-LeaderElection114] INFO  impl.RoleInfo (RoleInfo.java:updateAndGet(148)) - 43369f36-6a0f-45ae-a8eb-f0d390948370: start 43369f36-6a0f-45ae-a8eb-f0d390948370@group-7E155E250634-FollowerState
2025-10-10 10:38:47,002 [43369f36-6a0f-45ae-a8eb-f0d390948370@group-63ACBE5F7EDA-FollowerState] INFO  impl.FollowerState (FollowerState.java:runImpl(161)) - 43369f36-6a0f-45ae-a8eb-f0d390948370@group-63ACBE5F7EDA-FollowerState: change to CANDIDATE, lastRpcElapsedTime:1169307137ns, electionTimeout:1169ms
2025-10-10 10:38:47,002 [43369f36-6a0f-45ae-a8eb-f0d390948370@group-63ACBE5F7EDA-FollowerState] INFO  impl.RoleInfo (RoleInfo.java:shutdownFollowerState(121)) - 43369f36-6a0f-45ae-a8eb-f0d390948370: shutdown 43369f36-6a0f-45ae-a8eb-f0d390948370@group-63ACBE5F7EDA-FollowerState
2025-10-10 10:38:47,002 [43369f36-6a0f-45ae-a8eb-f0d390948370@group-63ACBE5F7EDA-FollowerState] INFO  server.RaftServer$Division (RaftServerImpl.java:setRole(392)) - 43369f36-6a0f-45ae-a8eb-f0d390948370@group-63ACBE5F7EDA: changes role from  FOLLOWER to CANDIDATE at term 1 for changeToCandidate
2025-10-10 10:38:47,002 [43369f36-6a0f-45ae-a8eb-f0d390948370@group-63ACBE5F7EDA-FollowerState] INFO  impl.RoleInfo (RoleInfo.java:updateAndGet(148)) - 43369f36-6a0f-45ae-a8eb-f0d390948370: start 43369f36-6a0f-45ae-a8eb-f0d390948370@group-63ACBE5F7EDA-LeaderElection115
2025-10-10 10:38:47,003 [43369f36-6a0f-45ae-a8eb-f0d390948370@group-63ACBE5F7EDA-LeaderElection115] INFO  impl.LeaderElection (LeaderElection.java:askForVotes(448)) - 43369f36-6a0f-45ae-a8eb-f0d390948370@group-63ACBE5F7EDA-LeaderElection115 PRE_VOTE round 0: submit vote requests at term 1 for conf: {index: 0, cur=peers:[bb95c33f-a3cb-4bbe-957e-8163c1fc1114|127.0.0.1:15031, 1a301c79-b9ef-44e0-a0ae-b339f61819a5|127.0.0.1:15023, 43369f36-6a0f-45ae-a8eb-f0d390948370|127.0.0.1:15015]|listeners:[], old=null}
2025-10-10 10:38:47,003 [43369f36-6a0f-45ae-a8eb-f0d390948370@group-63ACBE5F7EDA-LeaderElection115] INFO  impl.LeaderElection (LogUtils.java:infoOrTrace(142)) - 43369f36-6a0f-45ae-a8eb-f0d390948370@group-63ACBE5F7EDA-LeaderElection115 got exception when requesting votes: java.util.concurrent.ExecutionException: org.apache.ratis.thirdparty.io.grpc.StatusRuntimeException: UNAVAILABLE: io exception
2025-10-10 10:38:47,003 [43369f36-6a0f-45ae-a8eb-f0d390948370@group-63ACBE5F7EDA-LeaderElection115] INFO  impl.LeaderElection (LogUtils.java:infoOrTrace(142)) - 43369f36-6a0f-45ae-a8eb-f0d390948370@group-63ACBE5F7EDA-LeaderElection115 got exception when requesting votes: java.util.concurrent.ExecutionException: org.apache.ratis.thirdparty.io.grpc.StatusRuntimeException: UNAVAILABLE: io exception
2025-10-10 10:38:47,003 [43369f36-6a0f-45ae-a8eb-f0d390948370@group-63ACBE5F7EDA-LeaderElection115] INFO  impl.LeaderElection (LeaderElection.java:logAndReturn(206)) - 43369f36-6a0f-45ae-a8eb-f0d390948370@group-63ACBE5F7EDA-LeaderElection115: PRE_VOTE REJECTED received 0 response(s) and 2 exception(s):
2025-10-10 10:38:47,003 [43369f36-6a0f-45ae-a8eb-f0d390948370@group-63ACBE5F7EDA-LeaderElection115] INFO  impl.LeaderElection (LogUtils.java:infoOrTrace(142)) -   Exception 0: java.util.concurrent.ExecutionException: org.apache.ratis.thirdparty.io.grpc.StatusRuntimeException: UNAVAILABLE: io exception
2025-10-10 10:38:47,003 [43369f36-6a0f-45ae-a8eb-f0d390948370@group-63ACBE5F7EDA-LeaderElection115] INFO  impl.LeaderElection (LogUtils.java:infoOrTrace(142)) -   Exception 1: java.util.concurrent.ExecutionException: org.apache.ratis.thirdparty.io.grpc.StatusRuntimeException: UNAVAILABLE: io exception
2025-10-10 10:38:47,003 [43369f36-6a0f-45ae-a8eb-f0d390948370@group-63ACBE5F7EDA-LeaderElection115] INFO  impl.LeaderElection (LeaderElection.java:askForVotes(450)) - 43369f36-6a0f-45ae-a8eb-f0d390948370@group-63ACBE5F7EDA-LeaderElection115 PRE_VOTE round 0: result REJECTED
2025-10-10 10:38:47,003 [43369f36-6a0f-45ae-a8eb-f0d390948370@group-63ACBE5F7EDA-LeaderElection115] INFO  server.RaftServer$Division (RaftServerImpl.java:setRole(392)) - 43369f36-6a0f-45ae-a8eb-f0d390948370@group-63ACBE5F7EDA: changes role from CANDIDATE to FOLLOWER at term 1 for REJECTED
2025-10-10 10:38:47,003 [43369f36-6a0f-45ae-a8eb-f0d390948370@group-63ACBE5F7EDA-LeaderElection115] INFO  impl.RoleInfo (RoleInfo.java:shutdownLeaderElection(141)) - 43369f36-6a0f-45ae-a8eb-f0d390948370: shutdown 43369f36-6a0f-45ae-a8eb-f0d390948370@group-63ACBE5F7EDA-LeaderElection115
2025-10-10 10:38:47,004 [43369f36-6a0f-45ae-a8eb-f0d390948370@group-63ACBE5F7EDA-LeaderElection115] INFO  impl.RoleInfo (RoleInfo.java:updateAndGet(148)) - 43369f36-6a0f-45ae-a8eb-f0d390948370: start 43369f36-6a0f-45ae-a8eb-f0d390948370@group-63ACBE5F7EDA-FollowerState
2025-10-10 10:38:47,845 [43369f36-6a0f-45ae-a8eb-f0d390948370@group-7E155E250634-FollowerState] INFO  impl.FollowerState (FollowerState.java:runImpl(161)) - 43369f36-6a0f-45ae-a8eb-f0d390948370@group-7E155E250634-FollowerState: change to CANDIDATE, lastRpcElapsedTime:1002305227ns, electionTimeout:1002ms
2025-10-10 10:38:47,846 [43369f36-6a0f-45ae-a8eb-f0d390948370@group-7E155E250634-FollowerState] INFO  impl.RoleInfo (RoleInfo.java:shutdownFollowerState(121)) - 43369f36-6a0f-45ae-a8eb-f0d390948370: shutdown 43369f36-6a0f-45ae-a8eb-f0d390948370@group-7E155E250634-FollowerState
2025-10-10 10:38:47,846 [43369f36-6a0f-45ae-a8eb-f0d390948370@group-7E155E250634-FollowerState] INFO  server.RaftServer$Division (RaftServerImpl.java:setRole(392)) - 43369f36-6a0f-45ae-a8eb-f0d390948370@group-7E155E250634: changes role from  FOLLOWER to CANDIDATE at term 2 for changeToCandidate
2025-10-10 10:38:47,846 [43369f36-6a0f-45ae-a8eb-f0d390948370@group-7E155E250634-FollowerState] INFO  impl.RoleInfo (RoleInfo.java:updateAndGet(148)) - 43369f36-6a0f-45ae-a8eb-f0d390948370: start 43369f36-6a0f-45ae-a8eb-f0d390948370@group-7E155E250634-LeaderElection116
2025-10-10 10:38:47,846 [43369f36-6a0f-45ae-a8eb-f0d390948370@group-7E155E250634-LeaderElection116] INFO  impl.LeaderElection (LeaderElection.java:askForVotes(448)) - 43369f36-6a0f-45ae-a8eb-f0d390948370@group-7E155E250634-LeaderElection116 PRE_VOTE round 0: submit vote requests at term 2 for conf: {index: 5, cur=peers:[bb95c33f-a3cb-4bbe-957e-8163c1fc1114|127.0.0.1:15031, 1a301c79-b9ef-44e0-a0ae-b339f61819a5|127.0.0.1:15023, 43369f36-6a0f-45ae-a8eb-f0d390948370|127.0.0.1:15015]|listeners:[], old=null}
2025-10-10 10:38:47,847 [43369f36-6a0f-45ae-a8eb-f0d390948370@group-7E155E250634-LeaderElection116] INFO  impl.LeaderElection (LogUtils.java:infoOrTrace(142)) - 43369f36-6a0f-45ae-a8eb-f0d390948370@group-7E155E250634-LeaderElection116 got exception when requesting votes: java.util.concurrent.ExecutionException: org.apache.ratis.thirdparty.io.grpc.StatusRuntimeException: UNAVAILABLE: io exception
2025-10-10 10:38:47,847 [43369f36-6a0f-45ae-a8eb-f0d390948370@group-7E155E250634-LeaderElection116] INFO  impl.LeaderElection (LogUtils.java:infoOrTrace(142)) - 43369f36-6a0f-45ae-a8eb-f0d390948370@group-7E155E250634-LeaderElection116 got exception when requesting votes: java.util.concurrent.ExecutionException: org.apache.ratis.thirdparty.io.grpc.StatusRuntimeException: UNAVAILABLE: io exception
2025-10-10 10:38:47,847 [43369f36-6a0f-45ae-a8eb-f0d390948370@group-7E155E250634-LeaderElection116] INFO  impl.LeaderElection (LeaderElection.java:logAndReturn(206)) - 43369f36-6a0f-45ae-a8eb-f0d390948370@group-7E155E250634-LeaderElection116: PRE_VOTE REJECTED received 0 response(s) and 2 exception(s):
2025-10-10 10:38:47,847 [43369f36-6a0f-45ae-a8eb-f0d390948370@group-7E155E250634-LeaderElection116] INFO  impl.LeaderElection (LogUtils.java:infoOrTrace(142)) -   Exception 0: java.util.concurrent.ExecutionException: org.apache.ratis.thirdparty.io.grpc.StatusRuntimeException: UNAVAILABLE: io exception
2025-10-10 10:38:47,847 [43369f36-6a0f-45ae-a8eb-f0d390948370@group-7E155E250634-LeaderElection116] INFO  impl.LeaderElection (LogUtils.java:infoOrTrace(142)) -   Exception 1: java.util.concurrent.ExecutionException: org.apache.ratis.thirdparty.io.grpc.StatusRuntimeException: UNAVAILABLE: io exception
2025-10-10 10:38:47,847 [43369f36-6a0f-45ae-a8eb-f0d390948370@group-7E155E250634-LeaderElection116] INFO  impl.LeaderElection (LeaderElection.java:askForVotes(450)) - 43369f36-6a0f-45ae-a8eb-f0d390948370@group-7E155E250634-LeaderElection116 PRE_VOTE round 0: result REJECTED
2025-10-10 10:38:47,847 [43369f36-6a0f-45ae-a8eb-f0d390948370@group-7E155E250634-LeaderElection116] INFO  server.RaftServer$Division (RaftServerImpl.java:setRole(392)) - 43369f36-6a0f-45ae-a8eb-f0d390948370@group-7E155E250634: changes role from CANDIDATE to FOLLOWER at term 2 for REJECTED
2025-10-10 10:38:47,847 [43369f36-6a0f-45ae-a8eb-f0d390948370@group-7E155E250634-LeaderElection116] INFO  impl.RoleInfo (RoleInfo.java:shutdownLeaderElection(141)) - 43369f36-6a0f-45ae-a8eb-f0d390948370: shutdown 43369f36-6a0f-45ae-a8eb-f0d390948370@group-7E155E250634-LeaderElection116
2025-10-10 10:38:47,847 [43369f36-6a0f-45ae-a8eb-f0d390948370@group-7E155E250634-LeaderElection116] INFO  impl.RoleInfo (RoleInfo.java:updateAndGet(148)) - 43369f36-6a0f-45ae-a8eb-f0d390948370: start 43369f36-6a0f-45ae-a8eb-f0d390948370@group-7E155E250634-FollowerState
2025-10-10 10:38:48,052 [grpc-default-executor-1] ERROR impl.OrderedAsync (OrderedAsync.java:lambda$null$6(215)) -  client-11C8565B59B3: Failed* RaftClientRequest:client-11C8565B59B3->bb95c33f-a3cb-4bbe-957e-8163c1fc1114@group-63ACBE5F7EDA, cid=26, seq=1*, Watch(0), null
java.util.concurrent.CompletionException: java.io.IOException: org.apache.ratis.thirdparty.io.grpc.StatusRuntimeException: UNAVAILABLE: io exception
	at java.base/java.util.concurrent.CompletableFuture.encodeThrowable(CompletableFuture.java:332)
	at java.base/java.util.concurrent.CompletableFuture.completeThrowable(CompletableFuture.java:347)
	at java.base/java.util.concurrent.CompletableFuture$UniAccept.tryFire(CompletableFuture.java:708)
	at java.base/java.util.concurrent.CompletableFuture.postComplete(CompletableFuture.java:510)
	at java.base/java.util.concurrent.CompletableFuture.completeExceptionally(CompletableFuture.java:2194)
	at org.apache.ratis.grpc.client.GrpcClientProtocolClient$AsyncStreamObservers.completeReplyExceptionally(GrpcClientProtocolClient.java:397)
	at org.apache.ratis.grpc.client.GrpcClientProtocolClient$AsyncStreamObservers.access$000(GrpcClientProtocolClient.java:303)
	at org.apache.ratis.grpc.client.GrpcClientProtocolClient$AsyncStreamObservers$1.onError(GrpcClientProtocolClient.java:334)
	at org.apache.ratis.thirdparty.io.grpc.stub.ClientCalls$StreamObserverToCallListenerAdapter.onClose(ClientCalls.java:564)
	at org.apache.ratis.thirdparty.io.grpc.PartialForwardingClientCallListener.onClose(PartialForwardingClientCallListener.java:39)
	at org.apache.ratis.thirdparty.io.grpc.ForwardingClientCallListener.onClose(ForwardingClientCallListener.java:23)
	at org.apache.ratis.grpc.metrics.intercept.client.MetricClientCallListener.onClose(MetricClientCallListener.java:47)
	at org.apache.ratis.thirdparty.io.grpc.internal.ClientCallImpl.closeObserver(ClientCallImpl.java:565)
	at org.apache.ratis.thirdparty.io.grpc.internal.ClientCallImpl.access$100(ClientCallImpl.java:72)
	at org.apache.ratis.thirdparty.io.grpc.internal.ClientCallImpl$ClientStreamListenerImpl$1StreamClosed.runInternal(ClientCallImpl.java:733)
	at org.apache.ratis.thirdparty.io.grpc.internal.ClientCallImpl$ClientStreamListenerImpl$1StreamClosed.runInContext(ClientCallImpl.java:714)
	at org.apache.ratis.thirdparty.io.grpc.internal.ContextRunnable.run(ContextRunnable.java:37)
	at org.apache.ratis.thirdparty.io.grpc.internal.SerializingExecutor.run(SerializingExecutor.java:133)
	at java.base/java.util.concurrent.ThreadPoolExecutor.runWorker(ThreadPoolExecutor.java:1144)
	at java.base/java.util.concurrent.ThreadPoolExecutor$Worker.run(ThreadPoolExecutor.java:642)
	at java.base/java.lang.Thread.run(Thread.java:1583)
Caused by: java.io.IOException: org.apache.ratis.thirdparty.io.grpc.StatusRuntimeException: UNAVAILABLE: io exception
	at org.apache.ratis.grpc.GrpcUtil.unwrapException(GrpcUtil.java:99)
	at org.apache.ratis.grpc.GrpcUtil.unwrapIOException(GrpcUtil.java:159)
	at org.apache.ratis.grpc.client.GrpcClientProtocolClient$AsyncStreamObservers$1.onError(GrpcClientProtocolClient.java:333)
	... 13 more
Caused by: org.apache.ratis.thirdparty.io.grpc.StatusRuntimeException: UNAVAILABLE: io exception
	at org.apache.ratis.thirdparty.io.grpc.Status.asRuntimeException(Status.java:532)
	... 13 more
Caused by: org.apache.ratis.thirdparty.io.netty.channel.AbstractChannel$AnnotatedConnectException: finishConnect(..) failed: Connection refused: /127.0.0.1:15029
Caused by: java.net.ConnectException: finishConnect(..) failed: Connection refused
	at org.apache.ratis.thirdparty.io.netty.channel.unix.Errors.newConnectException0(Errors.java:166)
	at org.apache.ratis.thirdparty.io.netty.channel.unix.Errors.handleConnectErrno(Errors.java:131)
	at org.apache.ratis.thirdparty.io.netty.channel.unix.Socket.finishConnect(Socket.java:359)
	at org.apache.ratis.thirdparty.io.netty.channel.epoll.AbstractEpollChannel$AbstractEpollUnsafe.doFinishConnect(AbstractEpollChannel.java:715)
	at org.apache.ratis.thirdparty.io.netty.channel.epoll.AbstractEpollChannel$AbstractEpollUnsafe.finishConnect(AbstractEpollChannel.java:692)
	at org.apache.ratis.thirdparty.io.netty.channel.epoll.AbstractEpollChannel$AbstractEpollUnsafe.epollOutReady(AbstractEpollChannel.java:567)
	at org.apache.ratis.thirdparty.io.netty.channel.epoll.EpollEventLoop.processReady(EpollEventLoop.java:491)
	at org.apache.ratis.thirdparty.io.netty.channel.epoll.EpollEventLoop.run(EpollEventLoop.java:399)
	at org.apache.ratis.thirdparty.io.netty.util.concurrent.SingleThreadEventExecutor$4.run(SingleThreadEventExecutor.java:998)
	at org.apache.ratis.thirdparty.io.netty.util.internal.ThreadExecutorMap$2.run(ThreadExecutorMap.java:74)
	at org.apache.ratis.thirdparty.io.netty.util.concurrent.FastThreadLocalRunnable.run(FastThreadLocalRunnable.java:30)
	at java.base/java.lang.Thread.run(Thread.java:1583)
2025-10-10 10:38:48,188 [43369f36-6a0f-45ae-a8eb-f0d390948370@group-63ACBE5F7EDA-FollowerState] INFO  impl.FollowerState (FollowerState.java:runImpl(161)) - 43369f36-6a0f-45ae-a8eb-f0d390948370@group-63ACBE5F7EDA-FollowerState: change to CANDIDATE, lastRpcElapsedTime:1184416846ns, electionTimeout:1184ms
2025-10-10 10:38:48,188 [43369f36-6a0f-45ae-a8eb-f0d390948370@group-63ACBE5F7EDA-FollowerState] INFO  impl.RoleInfo (RoleInfo.java:shutdownFollowerState(121)) - 43369f36-6a0f-45ae-a8eb-f0d390948370: shutdown 43369f36-6a0f-45ae-a8eb-f0d390948370@group-63ACBE5F7EDA-FollowerState
2025-10-10 10:38:48,188 [43369f36-6a0f-45ae-a8eb-f0d390948370@group-63ACBE5F7EDA-FollowerState] INFO  server.RaftServer$Division (RaftServerImpl.java:setRole(392)) - 43369f36-6a0f-45ae-a8eb-f0d390948370@group-63ACBE5F7EDA: changes role from  FOLLOWER to CANDIDATE at term 1 for changeToCandidate
2025-10-10 10:38:48,188 [43369f36-6a0f-45ae-a8eb-f0d390948370@group-63ACBE5F7EDA-FollowerState] INFO  impl.RoleInfo (RoleInfo.java:updateAndGet(148)) - 43369f36-6a0f-45ae-a8eb-f0d390948370: start 43369f36-6a0f-45ae-a8eb-f0d390948370@group-63ACBE5F7EDA-LeaderElection117
2025-10-10 10:38:48,189 [43369f36-6a0f-45ae-a8eb-f0d390948370@group-63ACBE5F7EDA-LeaderElection117] INFO  impl.LeaderElection (LeaderElection.java:askForVotes(448)) - 43369f36-6a0f-45ae-a8eb-f0d390948370@group-63ACBE5F7EDA-LeaderElection117 PRE_VOTE round 0: submit vote requests at term 1 for conf: {index: 0, cur=peers:[bb95c33f-a3cb-4bbe-957e-8163c1fc1114|127.0.0.1:15031, 1a301c79-b9ef-44e0-a0ae-b339f61819a5|127.0.0.1:15023, 43369f36-6a0f-45ae-a8eb-f0d390948370|127.0.0.1:15015]|listeners:[], old=null}
2025-10-10 10:38:48,189 [43369f36-6a0f-45ae-a8eb-f0d390948370@group-63ACBE5F7EDA-LeaderElection117] INFO  impl.LeaderElection (LogUtils.java:infoOrTrace(142)) - 43369f36-6a0f-45ae-a8eb-f0d390948370@group-63ACBE5F7EDA-LeaderElection117 got exception when requesting votes: java.util.concurrent.ExecutionException: org.apache.ratis.thirdparty.io.grpc.StatusRuntimeException: UNAVAILABLE: io exception
2025-10-10 10:38:48,189 [43369f36-6a0f-45ae-a8eb-f0d390948370@group-63ACBE5F7EDA-LeaderElection117] INFO  impl.LeaderElection (LogUtils.java:infoOrTrace(142)) - 43369f36-6a0f-45ae-a8eb-f0d390948370@group-63ACBE5F7EDA-LeaderElection117 got exception when requesting votes: java.util.concurrent.ExecutionException: org.apache.ratis.thirdparty.io.grpc.StatusRuntimeException: UNAVAILABLE: io exception
2025-10-10 10:38:48,189 [43369f36-6a0f-45ae-a8eb-f0d390948370@group-63ACBE5F7EDA-LeaderElection117] INFO  impl.LeaderElection (LeaderElection.java:logAndReturn(206)) - 43369f36-6a0f-45ae-a8eb-f0d390948370@group-63ACBE5F7EDA-LeaderElection117: PRE_VOTE REJECTED received 0 response(s) and 2 exception(s):
2025-10-10 10:38:48,189 [43369f36-6a0f-45ae-a8eb-f0d390948370@group-63ACBE5F7EDA-LeaderElection117] INFO  impl.LeaderElection (LogUtils.java:infoOrTrace(142)) -   Exception 0: java.util.concurrent.ExecutionException: org.apache.ratis.thirdparty.io.grpc.StatusRuntimeException: UNAVAILABLE: io exception
2025-10-10 10:38:48,189 [43369f36-6a0f-45ae-a8eb-f0d390948370@group-63ACBE5F7EDA-LeaderElection117] INFO  impl.LeaderElection (LogUtils.java:infoOrTrace(142)) -   Exception 1: java.util.concurrent.ExecutionException: org.apache.ratis.thirdparty.io.grpc.StatusRuntimeException: UNAVAILABLE: io exception
2025-10-10 10:38:48,189 [43369f36-6a0f-45ae-a8eb-f0d390948370@group-63ACBE5F7EDA-LeaderElection117] INFO  impl.LeaderElection (LeaderElection.java:askForVotes(450)) - 43369f36-6a0f-45ae-a8eb-f0d390948370@group-63ACBE5F7EDA-LeaderElection117 PRE_VOTE round 0: result REJECTED
2025-10-10 10:38:48,189 [43369f36-6a0f-45ae-a8eb-f0d390948370@group-63ACBE5F7EDA-LeaderElection117] INFO  server.RaftServer$Division (RaftServerImpl.java:setRole(392)) - 43369f36-6a0f-45ae-a8eb-f0d390948370@group-63ACBE5F7EDA: changes role from CANDIDATE to FOLLOWER at term 1 for REJECTED
2025-10-10 10:38:48,190 [43369f36-6a0f-45ae-a8eb-f0d390948370@group-63ACBE5F7EDA-LeaderElection117] INFO  impl.RoleInfo (RoleInfo.java:shutdownLeaderElection(141)) - 43369f36-6a0f-45ae-a8eb-f0d390948370: shutdown 43369f36-6a0f-45ae-a8eb-f0d390948370@group-63ACBE5F7EDA-LeaderElection117
2025-10-10 10:38:48,190 [43369f36-6a0f-45ae-a8eb-f0d390948370@group-63ACBE5F7EDA-LeaderElection117] INFO  impl.RoleInfo (RoleInfo.java:updateAndGet(148)) - 43369f36-6a0f-45ae-a8eb-f0d390948370: start 43369f36-6a0f-45ae-a8eb-f0d390948370@group-63ACBE5F7EDA-FollowerState
2025-10-10 10:38:48,996 [43369f36-6a0f-45ae-a8eb-f0d390948370@group-7E155E250634-FollowerState] INFO  impl.FollowerState (FollowerState.java:runImpl(161)) - 43369f36-6a0f-45ae-a8eb-f0d390948370@group-7E155E250634-FollowerState: change to CANDIDATE, lastRpcElapsedTime:1148287627ns, electionTimeout:1148ms
2025-10-10 10:38:48,996 [43369f36-6a0f-45ae-a8eb-f0d390948370@group-7E155E250634-FollowerState] INFO  impl.RoleInfo (RoleInfo.java:shutdownFollowerState(121)) - 43369f36-6a0f-45ae-a8eb-f0d390948370: shutdown 43369f36-6a0f-45ae-a8eb-f0d390948370@group-7E155E250634-FollowerState
2025-10-10 10:38:48,996 [43369f36-6a0f-45ae-a8eb-f0d390948370@group-7E155E250634-FollowerState] INFO  server.RaftServer$Division (RaftServerImpl.java:setRole(392)) - 43369f36-6a0f-45ae-a8eb-f0d390948370@group-7E155E250634: changes role from  FOLLOWER to CANDIDATE at term 2 for changeToCandidate
2025-10-10 10:38:48,996 [43369f36-6a0f-45ae-a8eb-f0d390948370@group-7E155E250634-FollowerState] INFO  impl.RoleInfo (RoleInfo.java:updateAndGet(148)) - 43369f36-6a0f-45ae-a8eb-f0d390948370: start 43369f36-6a0f-45ae-a8eb-f0d390948370@group-7E155E250634-LeaderElection118
2025-10-10 10:38:48,996 [43369f36-6a0f-45ae-a8eb-f0d390948370@group-7E155E250634-LeaderElection118] INFO  impl.LeaderElection (LeaderElection.java:askForVotes(448)) - 43369f36-6a0f-45ae-a8eb-f0d390948370@group-7E155E250634-LeaderElection118 PRE_VOTE round 0: submit vote requests at term 2 for conf: {index: 5, cur=peers:[bb95c33f-a3cb-4bbe-957e-8163c1fc1114|127.0.0.1:15031, 1a301c79-b9ef-44e0-a0ae-b339f61819a5|127.0.0.1:15023, 43369f36-6a0f-45ae-a8eb-f0d390948370|127.0.0.1:15015]|listeners:[], old=null}
2025-10-10 10:38:48,997 [43369f36-6a0f-45ae-a8eb-f0d390948370@group-7E155E250634-LeaderElection118] INFO  impl.LeaderElection (LogUtils.java:infoOrTrace(142)) - 43369f36-6a0f-45ae-a8eb-f0d390948370@group-7E155E250634-LeaderElection118 got exception when requesting votes: java.util.concurrent.ExecutionException: org.apache.ratis.thirdparty.io.grpc.StatusRuntimeException: UNAVAILABLE: io exception
2025-10-10 10:38:48,997 [43369f36-6a0f-45ae-a8eb-f0d390948370@group-7E155E250634-LeaderElection118] INFO  impl.LeaderElection (LogUtils.java:infoOrTrace(142)) - 43369f36-6a0f-45ae-a8eb-f0d390948370@group-7E155E250634-LeaderElection118 got exception when requesting votes: java.util.concurrent.ExecutionException: org.apache.ratis.thirdparty.io.grpc.StatusRuntimeException: UNAVAILABLE: io exception
2025-10-10 10:38:48,997 [43369f36-6a0f-45ae-a8eb-f0d390948370@group-7E155E250634-LeaderElection118] INFO  impl.LeaderElection (LeaderElection.java:logAndReturn(206)) - 43369f36-6a0f-45ae-a8eb-f0d390948370@group-7E155E250634-LeaderElection118: PRE_VOTE REJECTED received 0 response(s) and 2 exception(s):
2025-10-10 10:38:48,997 [43369f36-6a0f-45ae-a8eb-f0d390948370@group-7E155E250634-LeaderElection118] INFO  impl.LeaderElection (LogUtils.java:infoOrTrace(142)) -   Exception 0: java.util.concurrent.ExecutionException: org.apache.ratis.thirdparty.io.grpc.StatusRuntimeException: UNAVAILABLE: io exception
2025-10-10 10:38:48,997 [43369f36-6a0f-45ae-a8eb-f0d390948370@group-7E155E250634-LeaderElection118] INFO  impl.LeaderElection (LogUtils.java:infoOrTrace(142)) -   Exception 1: java.util.concurrent.ExecutionException: org.apache.ratis.thirdparty.io.grpc.StatusRuntimeException: UNAVAILABLE: io exception
2025-10-10 10:38:48,997 [43369f36-6a0f-45ae-a8eb-f0d390948370@group-7E155E250634-LeaderElection118] INFO  impl.LeaderElection (LeaderElection.java:askForVotes(450)) - 43369f36-6a0f-45ae-a8eb-f0d390948370@group-7E155E250634-LeaderElection118 PRE_VOTE round 0: result REJECTED
2025-10-10 10:38:48,997 [43369f36-6a0f-45ae-a8eb-f0d390948370@group-7E155E250634-LeaderElection118] INFO  server.RaftServer$Division (RaftServerImpl.java:setRole(392)) - 43369f36-6a0f-45ae-a8eb-f0d390948370@group-7E155E250634: changes role from CANDIDATE to FOLLOWER at term 2 for REJECTED
2025-10-10 10:38:48,997 [43369f36-6a0f-45ae-a8eb-f0d390948370@group-7E155E250634-LeaderElection118] INFO  impl.RoleInfo (RoleInfo.java:shutdownLeaderElection(141)) - 43369f36-6a0f-45ae-a8eb-f0d390948370: shutdown 43369f36-6a0f-45ae-a8eb-f0d390948370@group-7E155E250634-LeaderElection118
2025-10-10 10:38:48,997 [43369f36-6a0f-45ae-a8eb-f0d390948370@group-7E155E250634-LeaderElection118] INFO  impl.RoleInfo (RoleInfo.java:updateAndGet(148)) - 43369f36-6a0f-45ae-a8eb-f0d390948370: start 43369f36-6a0f-45ae-a8eb-f0d390948370@group-7E155E250634-FollowerState
2025-10-10 10:38:49,326 [43369f36-6a0f-45ae-a8eb-f0d390948370@group-63ACBE5F7EDA-FollowerState] INFO  impl.FollowerState (FollowerState.java:runImpl(161)) - 43369f36-6a0f-45ae-a8eb-f0d390948370@group-63ACBE5F7EDA-FollowerState: change to CANDIDATE, lastRpcElapsedTime:1136356957ns, electionTimeout:1136ms
2025-10-10 10:38:49,326 [43369f36-6a0f-45ae-a8eb-f0d390948370@group-63ACBE5F7EDA-FollowerState] INFO  impl.RoleInfo (RoleInfo.java:shutdownFollowerState(121)) - 43369f36-6a0f-45ae-a8eb-f0d390948370: shutdown 43369f36-6a0f-45ae-a8eb-f0d390948370@group-63ACBE5F7EDA-FollowerState
2025-10-10 10:38:49,326 [43369f36-6a0f-45ae-a8eb-f0d390948370@group-63ACBE5F7EDA-FollowerState] INFO  server.RaftServer$Division (RaftServerImpl.java:setRole(392)) - 43369f36-6a0f-45ae-a8eb-f0d390948370@group-63ACBE5F7EDA: changes role from  FOLLOWER to CANDIDATE at term 1 for changeToCandidate
2025-10-10 10:38:49,326 [43369f36-6a0f-45ae-a8eb-f0d390948370@group-63ACBE5F7EDA-FollowerState] INFO  impl.RoleInfo (RoleInfo.java:updateAndGet(148)) - 43369f36-6a0f-45ae-a8eb-f0d390948370: start 43369f36-6a0f-45ae-a8eb-f0d390948370@group-63ACBE5F7EDA-LeaderElection119
2025-10-10 10:38:49,327 [43369f36-6a0f-45ae-a8eb-f0d390948370@group-63ACBE5F7EDA-LeaderElection119] INFO  impl.LeaderElection (LeaderElection.java:askForVotes(448)) - 43369f36-6a0f-45ae-a8eb-f0d390948370@group-63ACBE5F7EDA-LeaderElection119 PRE_VOTE round 0: submit vote requests at term 1 for conf: {index: 0, cur=peers:[bb95c33f-a3cb-4bbe-957e-8163c1fc1114|127.0.0.1:15031, 1a301c79-b9ef-44e0-a0ae-b339f61819a5|127.0.0.1:15023, 43369f36-6a0f-45ae-a8eb-f0d390948370|127.0.0.1:15015]|listeners:[], old=null}
2025-10-10 10:38:49,327 [43369f36-6a0f-45ae-a8eb-f0d390948370@group-63ACBE5F7EDA-LeaderElection119] INFO  impl.LeaderElection (LogUtils.java:infoOrTrace(142)) - 43369f36-6a0f-45ae-a8eb-f0d390948370@group-63ACBE5F7EDA-LeaderElection119 got exception when requesting votes: java.util.concurrent.ExecutionException: org.apache.ratis.thirdparty.io.grpc.StatusRuntimeException: UNAVAILABLE: io exception
2025-10-10 10:38:49,327 [43369f36-6a0f-45ae-a8eb-f0d390948370@group-63ACBE5F7EDA-LeaderElection119] INFO  impl.LeaderElection (LogUtils.java:infoOrTrace(142)) - 43369f36-6a0f-45ae-a8eb-f0d390948370@group-63ACBE5F7EDA-LeaderElection119 got exception when requesting votes: java.util.concurrent.ExecutionException: org.apache.ratis.thirdparty.io.grpc.StatusRuntimeException: UNAVAILABLE: io exception
2025-10-10 10:38:49,327 [43369f36-6a0f-45ae-a8eb-f0d390948370@group-63ACBE5F7EDA-LeaderElection119] INFO  impl.LeaderElection (LeaderElection.java:logAndReturn(206)) - 43369f36-6a0f-45ae-a8eb-f0d390948370@group-63ACBE5F7EDA-LeaderElection119: PRE_VOTE REJECTED received 0 response(s) and 2 exception(s):
2025-10-10 10:38:49,327 [43369f36-6a0f-45ae-a8eb-f0d390948370@group-63ACBE5F7EDA-LeaderElection119] INFO  impl.LeaderElection (LogUtils.java:infoOrTrace(142)) -   Exception 0: java.util.concurrent.ExecutionException: org.apache.ratis.thirdparty.io.grpc.StatusRuntimeException: UNAVAILABLE: io exception
2025-10-10 10:38:49,327 [43369f36-6a0f-45ae-a8eb-f0d390948370@group-63ACBE5F7EDA-LeaderElection119] INFO  impl.LeaderElection (LogUtils.java:infoOrTrace(142)) -   Exception 1: java.util.concurrent.ExecutionException: org.apache.ratis.thirdparty.io.grpc.StatusRuntimeException: UNAVAILABLE: io exception
2025-10-10 10:38:49,327 [43369f36-6a0f-45ae-a8eb-f0d390948370@group-63ACBE5F7EDA-LeaderElection119] INFO  impl.LeaderElection (LeaderElection.java:askForVotes(450)) - 43369f36-6a0f-45ae-a8eb-f0d390948370@group-63ACBE5F7EDA-LeaderElection119 PRE_VOTE round 0: result REJECTED
2025-10-10 10:38:49,328 [43369f36-6a0f-45ae-a8eb-f0d390948370@group-63ACBE5F7EDA-LeaderElection119] INFO  server.RaftServer$Division (RaftServerImpl.java:setRole(392)) - 43369f36-6a0f-45ae-a8eb-f0d390948370@group-63ACBE5F7EDA: changes role from CANDIDATE to FOLLOWER at term 1 for REJECTED
2025-10-10 10:38:49,328 [43369f36-6a0f-45ae-a8eb-f0d390948370@group-63ACBE5F7EDA-LeaderElection119] INFO  impl.RoleInfo (RoleInfo.java:shutdownLeaderElection(141)) - 43369f36-6a0f-45ae-a8eb-f0d390948370: shutdown 43369f36-6a0f-45ae-a8eb-f0d390948370@group-63ACBE5F7EDA-LeaderElection119
2025-10-10 10:38:49,328 [43369f36-6a0f-45ae-a8eb-f0d390948370@group-63ACBE5F7EDA-LeaderElection119] INFO  impl.RoleInfo (RoleInfo.java:updateAndGet(148)) - 43369f36-6a0f-45ae-a8eb-f0d390948370: start 43369f36-6a0f-45ae-a8eb-f0d390948370@group-63ACBE5F7EDA-FollowerState
2025-10-10 10:38:50,165 [43369f36-6a0f-45ae-a8eb-f0d390948370@group-7E155E250634-FollowerState] INFO  impl.FollowerState (FollowerState.java:runImpl(161)) - 43369f36-6a0f-45ae-a8eb-f0d390948370@group-7E155E250634-FollowerState: change to CANDIDATE, lastRpcElapsedTime:1167304045ns, electionTimeout:1167ms
2025-10-10 10:38:50,165 [43369f36-6a0f-45ae-a8eb-f0d390948370@group-7E155E250634-FollowerState] INFO  impl.RoleInfo (RoleInfo.java:shutdownFollowerState(121)) - 43369f36-6a0f-45ae-a8eb-f0d390948370: shutdown 43369f36-6a0f-45ae-a8eb-f0d390948370@group-7E155E250634-FollowerState
2025-10-10 10:38:50,165 [43369f36-6a0f-45ae-a8eb-f0d390948370@group-7E155E250634-FollowerState] INFO  server.RaftServer$Division (RaftServerImpl.java:setRole(392)) - 43369f36-6a0f-45ae-a8eb-f0d390948370@group-7E155E250634: changes role from  FOLLOWER to CANDIDATE at term 2 for changeToCandidate
2025-10-10 10:38:50,165 [43369f36-6a0f-45ae-a8eb-f0d390948370@group-7E155E250634-FollowerState] INFO  impl.RoleInfo (RoleInfo.java:updateAndGet(148)) - 43369f36-6a0f-45ae-a8eb-f0d390948370: start 43369f36-6a0f-45ae-a8eb-f0d390948370@group-7E155E250634-LeaderElection120
2025-10-10 10:38:50,165 [43369f36-6a0f-45ae-a8eb-f0d390948370@group-7E155E250634-LeaderElection120] INFO  impl.LeaderElection (LeaderElection.java:askForVotes(448)) - 43369f36-6a0f-45ae-a8eb-f0d390948370@group-7E155E250634-LeaderElection120 PRE_VOTE round 0: submit vote requests at term 2 for conf: {index: 5, cur=peers:[bb95c33f-a3cb-4bbe-957e-8163c1fc1114|127.0.0.1:15031, 1a301c79-b9ef-44e0-a0ae-b339f61819a5|127.0.0.1:15023, 43369f36-6a0f-45ae-a8eb-f0d390948370|127.0.0.1:15015]|listeners:[], old=null}
2025-10-10 10:38:50,166 [43369f36-6a0f-45ae-a8eb-f0d390948370@group-7E155E250634-LeaderElection120] INFO  impl.LeaderElection (LogUtils.java:infoOrTrace(142)) - 43369f36-6a0f-45ae-a8eb-f0d390948370@group-7E155E250634-LeaderElection120 got exception when requesting votes: java.util.concurrent.ExecutionException: org.apache.ratis.thirdparty.io.grpc.StatusRuntimeException: UNAVAILABLE: io exception
2025-10-10 10:38:50,166 [43369f36-6a0f-45ae-a8eb-f0d390948370@group-7E155E250634-LeaderElection120] INFO  impl.LeaderElection (LogUtils.java:infoOrTrace(142)) - 43369f36-6a0f-45ae-a8eb-f0d390948370@group-7E155E250634-LeaderElection120 got exception when requesting votes: java.util.concurrent.ExecutionException: org.apache.ratis.thirdparty.io.grpc.StatusRuntimeException: UNAVAILABLE: io exception
2025-10-10 10:38:50,166 [43369f36-6a0f-45ae-a8eb-f0d390948370@group-7E155E250634-LeaderElection120] INFO  impl.LeaderElection (LeaderElection.java:logAndReturn(206)) - 43369f36-6a0f-45ae-a8eb-f0d390948370@group-7E155E250634-LeaderElection120: PRE_VOTE REJECTED received 0 response(s) and 2 exception(s):
2025-10-10 10:38:50,166 [43369f36-6a0f-45ae-a8eb-f0d390948370@group-7E155E250634-LeaderElection120] INFO  impl.LeaderElection (LogUtils.java:infoOrTrace(142)) -   Exception 0: java.util.concurrent.ExecutionException: org.apache.ratis.thirdparty.io.grpc.StatusRuntimeException: UNAVAILABLE: io exception
2025-10-10 10:38:50,166 [43369f36-6a0f-45ae-a8eb-f0d390948370@group-7E155E250634-LeaderElection120] INFO  impl.LeaderElection (LogUtils.java:infoOrTrace(142)) -   Exception 1: java.util.concurrent.ExecutionException: org.apache.ratis.thirdparty.io.grpc.StatusRuntimeException: UNAVAILABLE: io exception
2025-10-10 10:38:50,166 [43369f36-6a0f-45ae-a8eb-f0d390948370@group-7E155E250634-LeaderElection120] INFO  impl.LeaderElection (LeaderElection.java:askForVotes(450)) - 43369f36-6a0f-45ae-a8eb-f0d390948370@group-7E155E250634-LeaderElection120 PRE_VOTE round 0: result REJECTED
2025-10-10 10:38:50,166 [43369f36-6a0f-45ae-a8eb-f0d390948370@group-7E155E250634-LeaderElection120] INFO  server.RaftServer$Division (RaftServerImpl.java:setRole(392)) - 43369f36-6a0f-45ae-a8eb-f0d390948370@group-7E155E250634: changes role from CANDIDATE to FOLLOWER at term 2 for REJECTED
2025-10-10 10:38:50,166 [43369f36-6a0f-45ae-a8eb-f0d390948370@group-7E155E250634-LeaderElection120] INFO  impl.RoleInfo (RoleInfo.java:shutdownLeaderElection(141)) - 43369f36-6a0f-45ae-a8eb-f0d390948370: shutdown 43369f36-6a0f-45ae-a8eb-f0d390948370@group-7E155E250634-LeaderElection120
2025-10-10 10:38:50,166 [43369f36-6a0f-45ae-a8eb-f0d390948370@group-7E155E250634-LeaderElection120] INFO  impl.RoleInfo (RoleInfo.java:updateAndGet(148)) - 43369f36-6a0f-45ae-a8eb-f0d390948370: start 43369f36-6a0f-45ae-a8eb-f0d390948370@group-7E155E250634-FollowerState
2025-10-10 10:38:50,478 [43369f36-6a0f-45ae-a8eb-f0d390948370@group-63ACBE5F7EDA-FollowerState] INFO  impl.FollowerState (FollowerState.java:runImpl(161)) - 43369f36-6a0f-45ae-a8eb-f0d390948370@group-63ACBE5F7EDA-FollowerState: change to CANDIDATE, lastRpcElapsedTime:1150287619ns, electionTimeout:1150ms
2025-10-10 10:38:50,478 [43369f36-6a0f-45ae-a8eb-f0d390948370@group-63ACBE5F7EDA-FollowerState] INFO  impl.RoleInfo (RoleInfo.java:shutdownFollowerState(121)) - 43369f36-6a0f-45ae-a8eb-f0d390948370: shutdown 43369f36-6a0f-45ae-a8eb-f0d390948370@group-63ACBE5F7EDA-FollowerState
2025-10-10 10:38:50,478 [43369f36-6a0f-45ae-a8eb-f0d390948370@group-63ACBE5F7EDA-FollowerState] INFO  server.RaftServer$Division (RaftServerImpl.java:setRole(392)) - 43369f36-6a0f-45ae-a8eb-f0d390948370@group-63ACBE5F7EDA: changes role from  FOLLOWER to CANDIDATE at term 1 for changeToCandidate
2025-10-10 10:38:50,478 [43369f36-6a0f-45ae-a8eb-f0d390948370@group-63ACBE5F7EDA-FollowerState] INFO  impl.RoleInfo (RoleInfo.java:updateAndGet(148)) - 43369f36-6a0f-45ae-a8eb-f0d390948370: start 43369f36-6a0f-45ae-a8eb-f0d390948370@group-63ACBE5F7EDA-LeaderElection121
2025-10-10 10:38:50,479 [43369f36-6a0f-45ae-a8eb-f0d390948370@group-63ACBE5F7EDA-LeaderElection121] INFO  impl.LeaderElection (LeaderElection.java:askForVotes(448)) - 43369f36-6a0f-45ae-a8eb-f0d390948370@group-63ACBE5F7EDA-LeaderElection121 PRE_VOTE round 0: submit vote requests at term 1 for conf: {index: 0, cur=peers:[bb95c33f-a3cb-4bbe-957e-8163c1fc1114|127.0.0.1:15031, 1a301c79-b9ef-44e0-a0ae-b339f61819a5|127.0.0.1:15023, 43369f36-6a0f-45ae-a8eb-f0d390948370|127.0.0.1:15015]|listeners:[], old=null}
2025-10-10 10:38:50,479 [43369f36-6a0f-45ae-a8eb-f0d390948370@group-63ACBE5F7EDA-LeaderElection121] INFO  impl.LeaderElection (LogUtils.java:infoOrTrace(142)) - 43369f36-6a0f-45ae-a8eb-f0d390948370@group-63ACBE5F7EDA-LeaderElection121 got exception when requesting votes: java.util.concurrent.ExecutionException: org.apache.ratis.thirdparty.io.grpc.StatusRuntimeException: UNAVAILABLE: io exception
2025-10-10 10:38:50,479 [43369f36-6a0f-45ae-a8eb-f0d390948370@group-63ACBE5F7EDA-LeaderElection121] INFO  impl.LeaderElection (LogUtils.java:infoOrTrace(142)) - 43369f36-6a0f-45ae-a8eb-f0d390948370@group-63ACBE5F7EDA-LeaderElection121 got exception when requesting votes: java.util.concurrent.ExecutionException: org.apache.ratis.thirdparty.io.grpc.StatusRuntimeException: UNAVAILABLE: io exception
2025-10-10 10:38:50,479 [43369f36-6a0f-45ae-a8eb-f0d390948370@group-63ACBE5F7EDA-LeaderElection121] INFO  impl.LeaderElection (LeaderElection.java:logAndReturn(206)) - 43369f36-6a0f-45ae-a8eb-f0d390948370@group-63ACBE5F7EDA-LeaderElection121: PRE_VOTE REJECTED received 0 response(s) and 2 exception(s):
2025-10-10 10:38:50,479 [43369f36-6a0f-45ae-a8eb-f0d390948370@group-63ACBE5F7EDA-LeaderElection121] INFO  impl.LeaderElection (LogUtils.java:infoOrTrace(142)) -   Exception 0: java.util.concurrent.ExecutionException: org.apache.ratis.thirdparty.io.grpc.StatusRuntimeException: UNAVAILABLE: io exception
2025-10-10 10:38:50,480 [43369f36-6a0f-45ae-a8eb-f0d390948370@group-63ACBE5F7EDA-LeaderElection121] INFO  impl.LeaderElection (LogUtils.java:infoOrTrace(142)) -   Exception 1: java.util.concurrent.ExecutionException: org.apache.ratis.thirdparty.io.grpc.StatusRuntimeException: UNAVAILABLE: io exception
2025-10-10 10:38:50,480 [43369f36-6a0f-45ae-a8eb-f0d390948370@group-63ACBE5F7EDA-LeaderElection121] INFO  impl.LeaderElection (LeaderElection.java:askForVotes(450)) - 43369f36-6a0f-45ae-a8eb-f0d390948370@group-63ACBE5F7EDA-LeaderElection121 PRE_VOTE round 0: result REJECTED
2025-10-10 10:38:50,480 [43369f36-6a0f-45ae-a8eb-f0d390948370@group-63ACBE5F7EDA-LeaderElection121] INFO  server.RaftServer$Division (RaftServerImpl.java:setRole(392)) - 43369f36-6a0f-45ae-a8eb-f0d390948370@group-63ACBE5F7EDA: changes role from CANDIDATE to FOLLOWER at term 1 for REJECTED
2025-10-10 10:38:50,480 [43369f36-6a0f-45ae-a8eb-f0d390948370@group-63ACBE5F7EDA-LeaderElection121] INFO  impl.RoleInfo (RoleInfo.java:shutdownLeaderElection(141)) - 43369f36-6a0f-45ae-a8eb-f0d390948370: shutdown 43369f36-6a0f-45ae-a8eb-f0d390948370@group-63ACBE5F7EDA-LeaderElection121
2025-10-10 10:38:50,480 [43369f36-6a0f-45ae-a8eb-f0d390948370@group-63ACBE5F7EDA-LeaderElection121] INFO  impl.RoleInfo (RoleInfo.java:updateAndGet(148)) - 43369f36-6a0f-45ae-a8eb-f0d390948370: start 43369f36-6a0f-45ae-a8eb-f0d390948370@group-63ACBE5F7EDA-FollowerState
2025-10-10 10:38:51,204 [43369f36-6a0f-45ae-a8eb-f0d390948370@group-7E155E250634-FollowerState] INFO  impl.FollowerState (FollowerState.java:runImpl(161)) - 43369f36-6a0f-45ae-a8eb-f0d390948370@group-7E155E250634-FollowerState: change to CANDIDATE, lastRpcElapsedTime:1037391914ns, electionTimeout:1037ms
2025-10-10 10:38:51,204 [43369f36-6a0f-45ae-a8eb-f0d390948370@group-7E155E250634-FollowerState] INFO  impl.RoleInfo (RoleInfo.java:shutdownFollowerState(121)) - 43369f36-6a0f-45ae-a8eb-f0d390948370: shutdown 43369f36-6a0f-45ae-a8eb-f0d390948370@group-7E155E250634-FollowerState
2025-10-10 10:38:51,204 [43369f36-6a0f-45ae-a8eb-f0d390948370@group-7E155E250634-FollowerState] INFO  server.RaftServer$Division (RaftServerImpl.java:setRole(392)) - 43369f36-6a0f-45ae-a8eb-f0d390948370@group-7E155E250634: changes role from  FOLLOWER to CANDIDATE at term 2 for changeToCandidate
2025-10-10 10:38:51,204 [43369f36-6a0f-45ae-a8eb-f0d390948370@group-7E155E250634-FollowerState] INFO  impl.RoleInfo (RoleInfo.java:updateAndGet(148)) - 43369f36-6a0f-45ae-a8eb-f0d390948370: start 43369f36-6a0f-45ae-a8eb-f0d390948370@group-7E155E250634-LeaderElection122
2025-10-10 10:38:51,205 [43369f36-6a0f-45ae-a8eb-f0d390948370@group-7E155E250634-LeaderElection122] INFO  impl.LeaderElection (LeaderElection.java:askForVotes(448)) - 43369f36-6a0f-45ae-a8eb-f0d390948370@group-7E155E250634-LeaderElection122 PRE_VOTE round 0: submit vote requests at term 2 for conf: {index: 5, cur=peers:[bb95c33f-a3cb-4bbe-957e-8163c1fc1114|127.0.0.1:15031, 1a301c79-b9ef-44e0-a0ae-b339f61819a5|127.0.0.1:15023, 43369f36-6a0f-45ae-a8eb-f0d390948370|127.0.0.1:15015]|listeners:[], old=null}
2025-10-10 10:38:51,205 [43369f36-6a0f-45ae-a8eb-f0d390948370@group-7E155E250634-LeaderElection122] INFO  impl.LeaderElection (LogUtils.java:infoOrTrace(142)) - 43369f36-6a0f-45ae-a8eb-f0d390948370@group-7E155E250634-LeaderElection122 got exception when requesting votes: java.util.concurrent.ExecutionException: org.apache.ratis.thirdparty.io.grpc.StatusRuntimeException: UNAVAILABLE: io exception
2025-10-10 10:38:51,205 [43369f36-6a0f-45ae-a8eb-f0d390948370@group-7E155E250634-LeaderElection122] INFO  impl.LeaderElection (LogUtils.java:infoOrTrace(142)) - 43369f36-6a0f-45ae-a8eb-f0d390948370@group-7E155E250634-LeaderElection122 got exception when requesting votes: java.util.concurrent.ExecutionException: org.apache.ratis.thirdparty.io.grpc.StatusRuntimeException: UNAVAILABLE: io exception
2025-10-10 10:38:51,205 [43369f36-6a0f-45ae-a8eb-f0d390948370@group-7E155E250634-LeaderElection122] INFO  impl.LeaderElection (LeaderElection.java:logAndReturn(206)) - 43369f36-6a0f-45ae-a8eb-f0d390948370@group-7E155E250634-LeaderElection122: PRE_VOTE REJECTED received 0 response(s) and 2 exception(s):
2025-10-10 10:38:51,205 [43369f36-6a0f-45ae-a8eb-f0d390948370@group-7E155E250634-LeaderElection122] INFO  impl.LeaderElection (LogUtils.java:infoOrTrace(142)) -   Exception 0: java.util.concurrent.ExecutionException: org.apache.ratis.thirdparty.io.grpc.StatusRuntimeException: UNAVAILABLE: io exception
2025-10-10 10:38:51,205 [43369f36-6a0f-45ae-a8eb-f0d390948370@group-7E155E250634-LeaderElection122] INFO  impl.LeaderElection (LogUtils.java:infoOrTrace(142)) -   Exception 1: java.util.concurrent.ExecutionException: org.apache.ratis.thirdparty.io.grpc.StatusRuntimeException: UNAVAILABLE: io exception
2025-10-10 10:38:51,205 [43369f36-6a0f-45ae-a8eb-f0d390948370@group-7E155E250634-LeaderElection122] INFO  impl.LeaderElection (LeaderElection.java:askForVotes(450)) - 43369f36-6a0f-45ae-a8eb-f0d390948370@group-7E155E250634-LeaderElection122 PRE_VOTE round 0: result REJECTED
2025-10-10 10:38:51,206 [43369f36-6a0f-45ae-a8eb-f0d390948370@group-7E155E250634-LeaderElection122] INFO  server.RaftServer$Division (RaftServerImpl.java:setRole(392)) - 43369f36-6a0f-45ae-a8eb-f0d390948370@group-7E155E250634: changes role from CANDIDATE to FOLLOWER at term 2 for REJECTED
2025-10-10 10:38:51,206 [43369f36-6a0f-45ae-a8eb-f0d390948370@group-7E155E250634-LeaderElection122] INFO  impl.RoleInfo (RoleInfo.java:shutdownLeaderElection(141)) - 43369f36-6a0f-45ae-a8eb-f0d390948370: shutdown 43369f36-6a0f-45ae-a8eb-f0d390948370@group-7E155E250634-LeaderElection122
2025-10-10 10:38:51,206 [43369f36-6a0f-45ae-a8eb-f0d390948370@group-7E155E250634-LeaderElection122] INFO  impl.RoleInfo (RoleInfo.java:updateAndGet(148)) - 43369f36-6a0f-45ae-a8eb-f0d390948370: start 43369f36-6a0f-45ae-a8eb-f0d390948370@group-7E155E250634-FollowerState
2025-10-10 10:38:51,486 [43369f36-6a0f-45ae-a8eb-f0d390948370@group-63ACBE5F7EDA-FollowerState] INFO  impl.FollowerState (FollowerState.java:runImpl(161)) - 43369f36-6a0f-45ae-a8eb-f0d390948370@group-63ACBE5F7EDA-FollowerState: change to CANDIDATE, lastRpcElapsedTime:1006289757ns, electionTimeout:1006ms
2025-10-10 10:38:51,486 [43369f36-6a0f-45ae-a8eb-f0d390948370@group-63ACBE5F7EDA-FollowerState] INFO  impl.RoleInfo (RoleInfo.java:shutdownFollowerState(121)) - 43369f36-6a0f-45ae-a8eb-f0d390948370: shutdown 43369f36-6a0f-45ae-a8eb-f0d390948370@group-63ACBE5F7EDA-FollowerState
2025-10-10 10:38:51,486 [43369f36-6a0f-45ae-a8eb-f0d390948370@group-63ACBE5F7EDA-FollowerState] INFO  server.RaftServer$Division (RaftServerImpl.java:setRole(392)) - 43369f36-6a0f-45ae-a8eb-f0d390948370@group-63ACBE5F7EDA: changes role from  FOLLOWER to CANDIDATE at term 1 for changeToCandidate
2025-10-10 10:38:51,486 [43369f36-6a0f-45ae-a8eb-f0d390948370@group-63ACBE5F7EDA-FollowerState] INFO  impl.RoleInfo (RoleInfo.java:updateAndGet(148)) - 43369f36-6a0f-45ae-a8eb-f0d390948370: start 43369f36-6a0f-45ae-a8eb-f0d390948370@group-63ACBE5F7EDA-LeaderElection123
2025-10-10 10:38:51,487 [43369f36-6a0f-45ae-a8eb-f0d390948370@group-63ACBE5F7EDA-LeaderElection123] INFO  impl.LeaderElection (LeaderElection.java:askForVotes(448)) - 43369f36-6a0f-45ae-a8eb-f0d390948370@group-63ACBE5F7EDA-LeaderElection123 PRE_VOTE round 0: submit vote requests at term 1 for conf: {index: 0, cur=peers:[bb95c33f-a3cb-4bbe-957e-8163c1fc1114|127.0.0.1:15031, 1a301c79-b9ef-44e0-a0ae-b339f61819a5|127.0.0.1:15023, 43369f36-6a0f-45ae-a8eb-f0d390948370|127.0.0.1:15015]|listeners:[], old=null}
2025-10-10 10:38:51,487 [43369f36-6a0f-45ae-a8eb-f0d390948370@group-63ACBE5F7EDA-LeaderElection123] INFO  impl.LeaderElection (LogUtils.java:infoOrTrace(142)) - 43369f36-6a0f-45ae-a8eb-f0d390948370@group-63ACBE5F7EDA-LeaderElection123 got exception when requesting votes: java.util.concurrent.ExecutionException: org.apache.ratis.thirdparty.io.grpc.StatusRuntimeException: UNAVAILABLE: io exception
2025-10-10 10:38:51,487 [43369f36-6a0f-45ae-a8eb-f0d390948370@group-63ACBE5F7EDA-LeaderElection123] INFO  impl.LeaderElection (LogUtils.java:infoOrTrace(142)) - 43369f36-6a0f-45ae-a8eb-f0d390948370@group-63ACBE5F7EDA-LeaderElection123 got exception when requesting votes: java.util.concurrent.ExecutionException: org.apache.ratis.thirdparty.io.grpc.StatusRuntimeException: UNAVAILABLE: io exception
2025-10-10 10:38:51,487 [43369f36-6a0f-45ae-a8eb-f0d390948370@group-63ACBE5F7EDA-LeaderElection123] INFO  impl.LeaderElection (LeaderElection.java:logAndReturn(206)) - 43369f36-6a0f-45ae-a8eb-f0d390948370@group-63ACBE5F7EDA-LeaderElection123: PRE_VOTE REJECTED received 0 response(s) and 2 exception(s):
2025-10-10 10:38:51,487 [43369f36-6a0f-45ae-a8eb-f0d390948370@group-63ACBE5F7EDA-LeaderElection123] INFO  impl.LeaderElection (LogUtils.java:infoOrTrace(142)) -   Exception 0: java.util.concurrent.ExecutionException: org.apache.ratis.thirdparty.io.grpc.StatusRuntimeException: UNAVAILABLE: io exception
2025-10-10 10:38:51,487 [43369f36-6a0f-45ae-a8eb-f0d390948370@group-63ACBE5F7EDA-LeaderElection123] INFO  impl.LeaderElection (LogUtils.java:infoOrTrace(142)) -   Exception 1: java.util.concurrent.ExecutionException: org.apache.ratis.thirdparty.io.grpc.StatusRuntimeException: UNAVAILABLE: io exception
2025-10-10 10:38:51,487 [43369f36-6a0f-45ae-a8eb-f0d390948370@group-63ACBE5F7EDA-LeaderElection123] INFO  impl.LeaderElection (LeaderElection.java:askForVotes(450)) - 43369f36-6a0f-45ae-a8eb-f0d390948370@group-63ACBE5F7EDA-LeaderElection123 PRE_VOTE round 0: result REJECTED
2025-10-10 10:38:51,487 [43369f36-6a0f-45ae-a8eb-f0d390948370@group-63ACBE5F7EDA-LeaderElection123] INFO  server.RaftServer$Division (RaftServerImpl.java:setRole(392)) - 43369f36-6a0f-45ae-a8eb-f0d390948370@group-63ACBE5F7EDA: changes role from CANDIDATE to FOLLOWER at term 1 for REJECTED
2025-10-10 10:38:51,488 [43369f36-6a0f-45ae-a8eb-f0d390948370@group-63ACBE5F7EDA-LeaderElection123] INFO  impl.RoleInfo (RoleInfo.java:shutdownLeaderElection(141)) - 43369f36-6a0f-45ae-a8eb-f0d390948370: shutdown 43369f36-6a0f-45ae-a8eb-f0d390948370@group-63ACBE5F7EDA-LeaderElection123
2025-10-10 10:38:51,488 [43369f36-6a0f-45ae-a8eb-f0d390948370@group-63ACBE5F7EDA-LeaderElection123] INFO  impl.RoleInfo (RoleInfo.java:updateAndGet(148)) - 43369f36-6a0f-45ae-a8eb-f0d390948370: start 43369f36-6a0f-45ae-a8eb-f0d390948370@group-63ACBE5F7EDA-FollowerState
2025-10-10 10:38:52,260 [43369f36-6a0f-45ae-a8eb-f0d390948370@group-7E155E250634-FollowerState] INFO  impl.FollowerState (FollowerState.java:runImpl(161)) - 43369f36-6a0f-45ae-a8eb-f0d390948370@group-7E155E250634-FollowerState: change to CANDIDATE, lastRpcElapsedTime:1054266128ns, electionTimeout:1054ms
2025-10-10 10:38:52,260 [43369f36-6a0f-45ae-a8eb-f0d390948370@group-7E155E250634-FollowerState] INFO  impl.RoleInfo (RoleInfo.java:shutdownFollowerState(121)) - 43369f36-6a0f-45ae-a8eb-f0d390948370: shutdown 43369f36-6a0f-45ae-a8eb-f0d390948370@group-7E155E250634-FollowerState
2025-10-10 10:38:52,260 [43369f36-6a0f-45ae-a8eb-f0d390948370@group-7E155E250634-FollowerState] INFO  server.RaftServer$Division (RaftServerImpl.java:setRole(392)) - 43369f36-6a0f-45ae-a8eb-f0d390948370@group-7E155E250634: changes role from  FOLLOWER to CANDIDATE at term 2 for changeToCandidate
2025-10-10 10:38:52,260 [43369f36-6a0f-45ae-a8eb-f0d390948370@group-7E155E250634-FollowerState] INFO  impl.RoleInfo (RoleInfo.java:updateAndGet(148)) - 43369f36-6a0f-45ae-a8eb-f0d390948370: start 43369f36-6a0f-45ae-a8eb-f0d390948370@group-7E155E250634-LeaderElection124
2025-10-10 10:38:52,260 [43369f36-6a0f-45ae-a8eb-f0d390948370@group-7E155E250634-LeaderElection124] INFO  impl.LeaderElection (LeaderElection.java:askForVotes(448)) - 43369f36-6a0f-45ae-a8eb-f0d390948370@group-7E155E250634-LeaderElection124 PRE_VOTE round 0: submit vote requests at term 2 for conf: {index: 5, cur=peers:[bb95c33f-a3cb-4bbe-957e-8163c1fc1114|127.0.0.1:15031, 1a301c79-b9ef-44e0-a0ae-b339f61819a5|127.0.0.1:15023, 43369f36-6a0f-45ae-a8eb-f0d390948370|127.0.0.1:15015]|listeners:[], old=null}
2025-10-10 10:38:52,261 [43369f36-6a0f-45ae-a8eb-f0d390948370@group-7E155E250634-LeaderElection124] INFO  impl.LeaderElection (LogUtils.java:infoOrTrace(142)) - 43369f36-6a0f-45ae-a8eb-f0d390948370@group-7E155E250634-LeaderElection124 got exception when requesting votes: java.util.concurrent.ExecutionException: org.apache.ratis.thirdparty.io.grpc.StatusRuntimeException: UNAVAILABLE: io exception
2025-10-10 10:38:52,261 [43369f36-6a0f-45ae-a8eb-f0d390948370@group-7E155E250634-LeaderElection124] INFO  impl.LeaderElection (LogUtils.java:infoOrTrace(142)) - 43369f36-6a0f-45ae-a8eb-f0d390948370@group-7E155E250634-LeaderElection124 got exception when requesting votes: java.util.concurrent.ExecutionException: org.apache.ratis.thirdparty.io.grpc.StatusRuntimeException: UNAVAILABLE: io exception
2025-10-10 10:38:52,261 [43369f36-6a0f-45ae-a8eb-f0d390948370@group-7E155E250634-LeaderElection124] INFO  impl.LeaderElection (LeaderElection.java:logAndReturn(206)) - 43369f36-6a0f-45ae-a8eb-f0d390948370@group-7E155E250634-LeaderElection124: PRE_VOTE REJECTED received 0 response(s) and 2 exception(s):
2025-10-10 10:38:52,261 [43369f36-6a0f-45ae-a8eb-f0d390948370@group-7E155E250634-LeaderElection124] INFO  impl.LeaderElection (LogUtils.java:infoOrTrace(142)) -   Exception 0: java.util.concurrent.ExecutionException: org.apache.ratis.thirdparty.io.grpc.StatusRuntimeException: UNAVAILABLE: io exception
2025-10-10 10:38:52,261 [43369f36-6a0f-45ae-a8eb-f0d390948370@group-7E155E250634-LeaderElection124] INFO  impl.LeaderElection (LogUtils.java:infoOrTrace(142)) -   Exception 1: java.util.concurrent.ExecutionException: org.apache.ratis.thirdparty.io.grpc.StatusRuntimeException: UNAVAILABLE: io exception
2025-10-10 10:38:52,261 [43369f36-6a0f-45ae-a8eb-f0d390948370@group-7E155E250634-LeaderElection124] INFO  impl.LeaderElection (LeaderElection.java:askForVotes(450)) - 43369f36-6a0f-45ae-a8eb-f0d390948370@group-7E155E250634-LeaderElection124 PRE_VOTE round 0: result REJECTED
2025-10-10 10:38:52,262 [43369f36-6a0f-45ae-a8eb-f0d390948370@group-7E155E250634-LeaderElection124] INFO  server.RaftServer$Division (RaftServerImpl.java:setRole(392)) - 43369f36-6a0f-45ae-a8eb-f0d390948370@group-7E155E250634: changes role from CANDIDATE to FOLLOWER at term 2 for REJECTED
2025-10-10 10:38:52,262 [43369f36-6a0f-45ae-a8eb-f0d390948370@group-7E155E250634-LeaderElection124] INFO  impl.RoleInfo (RoleInfo.java:shutdownLeaderElection(141)) - 43369f36-6a0f-45ae-a8eb-f0d390948370: shutdown 43369f36-6a0f-45ae-a8eb-f0d390948370@group-7E155E250634-LeaderElection124
2025-10-10 10:38:52,262 [43369f36-6a0f-45ae-a8eb-f0d390948370@group-7E155E250634-LeaderElection124] INFO  impl.RoleInfo (RoleInfo.java:updateAndGet(148)) - 43369f36-6a0f-45ae-a8eb-f0d390948370: start 43369f36-6a0f-45ae-a8eb-f0d390948370@group-7E155E250634-FollowerState
2025-10-10 10:38:52,549 [43369f36-6a0f-45ae-a8eb-f0d390948370@group-63ACBE5F7EDA-FollowerState] INFO  impl.FollowerState (FollowerState.java:runImpl(161)) - 43369f36-6a0f-45ae-a8eb-f0d390948370@group-63ACBE5F7EDA-FollowerState: change to CANDIDATE, lastRpcElapsedTime:1061297981ns, electionTimeout:1061ms
2025-10-10 10:38:52,549 [43369f36-6a0f-45ae-a8eb-f0d390948370@group-63ACBE5F7EDA-FollowerState] INFO  impl.RoleInfo (RoleInfo.java:shutdownFollowerState(121)) - 43369f36-6a0f-45ae-a8eb-f0d390948370: shutdown 43369f36-6a0f-45ae-a8eb-f0d390948370@group-63ACBE5F7EDA-FollowerState
2025-10-10 10:38:52,549 [43369f36-6a0f-45ae-a8eb-f0d390948370@group-63ACBE5F7EDA-FollowerState] INFO  server.RaftServer$Division (RaftServerImpl.java:setRole(392)) - 43369f36-6a0f-45ae-a8eb-f0d390948370@group-63ACBE5F7EDA: changes role from  FOLLOWER to CANDIDATE at term 1 for changeToCandidate
2025-10-10 10:38:52,549 [43369f36-6a0f-45ae-a8eb-f0d390948370@group-63ACBE5F7EDA-FollowerState] INFO  impl.RoleInfo (RoleInfo.java:updateAndGet(148)) - 43369f36-6a0f-45ae-a8eb-f0d390948370: start 43369f36-6a0f-45ae-a8eb-f0d390948370@group-63ACBE5F7EDA-LeaderElection125
2025-10-10 10:38:52,550 [43369f36-6a0f-45ae-a8eb-f0d390948370@group-63ACBE5F7EDA-LeaderElection125] INFO  impl.LeaderElection (LeaderElection.java:askForVotes(448)) - 43369f36-6a0f-45ae-a8eb-f0d390948370@group-63ACBE5F7EDA-LeaderElection125 PRE_VOTE round 0: submit vote requests at term 1 for conf: {index: 0, cur=peers:[bb95c33f-a3cb-4bbe-957e-8163c1fc1114|127.0.0.1:15031, 1a301c79-b9ef-44e0-a0ae-b339f61819a5|127.0.0.1:15023, 43369f36-6a0f-45ae-a8eb-f0d390948370|127.0.0.1:15015]|listeners:[], old=null}
2025-10-10 10:38:52,550 [43369f36-6a0f-45ae-a8eb-f0d390948370@group-63ACBE5F7EDA-LeaderElection125] INFO  impl.LeaderElection (LogUtils.java:infoOrTrace(142)) - 43369f36-6a0f-45ae-a8eb-f0d390948370@group-63ACBE5F7EDA-LeaderElection125 got exception when requesting votes: java.util.concurrent.ExecutionException: org.apache.ratis.thirdparty.io.grpc.StatusRuntimeException: UNAVAILABLE: io exception
2025-10-10 10:38:52,550 [43369f36-6a0f-45ae-a8eb-f0d390948370@group-63ACBE5F7EDA-LeaderElection125] INFO  impl.LeaderElection (LogUtils.java:infoOrTrace(142)) - 43369f36-6a0f-45ae-a8eb-f0d390948370@group-63ACBE5F7EDA-LeaderElection125 got exception when requesting votes: java.util.concurrent.ExecutionException: org.apache.ratis.thirdparty.io.grpc.StatusRuntimeException: UNAVAILABLE: io exception
2025-10-10 10:38:52,550 [43369f36-6a0f-45ae-a8eb-f0d390948370@group-63ACBE5F7EDA-LeaderElection125] INFO  impl.LeaderElection (LeaderElection.java:logAndReturn(206)) - 43369f36-6a0f-45ae-a8eb-f0d390948370@group-63ACBE5F7EDA-LeaderElection125: PRE_VOTE REJECTED received 0 response(s) and 2 exception(s):
2025-10-10 10:38:52,550 [43369f36-6a0f-45ae-a8eb-f0d390948370@group-63ACBE5F7EDA-LeaderElection125] INFO  impl.LeaderElection (LogUtils.java:infoOrTrace(142)) -   Exception 0: java.util.concurrent.ExecutionException: org.apache.ratis.thirdparty.io.grpc.StatusRuntimeException: UNAVAILABLE: io exception
2025-10-10 10:38:52,550 [43369f36-6a0f-45ae-a8eb-f0d390948370@group-63ACBE5F7EDA-LeaderElection125] INFO  impl.LeaderElection (LogUtils.java:infoOrTrace(142)) -   Exception 1: java.util.concurrent.ExecutionException: org.apache.ratis.thirdparty.io.grpc.StatusRuntimeException: UNAVAILABLE: io exception
2025-10-10 10:38:52,551 [43369f36-6a0f-45ae-a8eb-f0d390948370@group-63ACBE5F7EDA-LeaderElection125] INFO  impl.LeaderElection (LeaderElection.java:askForVotes(450)) - 43369f36-6a0f-45ae-a8eb-f0d390948370@group-63ACBE5F7EDA-LeaderElection125 PRE_VOTE round 0: result REJECTED
2025-10-10 10:38:52,551 [43369f36-6a0f-45ae-a8eb-f0d390948370@group-63ACBE5F7EDA-LeaderElection125] INFO  server.RaftServer$Division (RaftServerImpl.java:setRole(392)) - 43369f36-6a0f-45ae-a8eb-f0d390948370@group-63ACBE5F7EDA: changes role from CANDIDATE to FOLLOWER at term 1 for REJECTED
2025-10-10 10:38:52,551 [43369f36-6a0f-45ae-a8eb-f0d390948370@group-63ACBE5F7EDA-LeaderElection125] INFO  impl.RoleInfo (RoleInfo.java:shutdownLeaderElection(141)) - 43369f36-6a0f-45ae-a8eb-f0d390948370: shutdown 43369f36-6a0f-45ae-a8eb-f0d390948370@group-63ACBE5F7EDA-LeaderElection125
2025-10-10 10:38:52,551 [43369f36-6a0f-45ae-a8eb-f0d390948370@group-63ACBE5F7EDA-LeaderElection125] INFO  impl.RoleInfo (RoleInfo.java:updateAndGet(148)) - 43369f36-6a0f-45ae-a8eb-f0d390948370: start 43369f36-6a0f-45ae-a8eb-f0d390948370@group-63ACBE5F7EDA-FollowerState
2025-10-10 10:38:53,309 [43369f36-6a0f-45ae-a8eb-f0d390948370@group-7E155E250634-FollowerState] INFO  impl.FollowerState (FollowerState.java:runImpl(161)) - 43369f36-6a0f-45ae-a8eb-f0d390948370@group-7E155E250634-FollowerState: change to CANDIDATE, lastRpcElapsedTime:1047409463ns, electionTimeout:1047ms
2025-10-10 10:38:53,309 [43369f36-6a0f-45ae-a8eb-f0d390948370@group-7E155E250634-FollowerState] INFO  impl.RoleInfo (RoleInfo.java:shutdownFollowerState(121)) - 43369f36-6a0f-45ae-a8eb-f0d390948370: shutdown 43369f36-6a0f-45ae-a8eb-f0d390948370@group-7E155E250634-FollowerState
2025-10-10 10:38:53,309 [43369f36-6a0f-45ae-a8eb-f0d390948370@group-7E155E250634-FollowerState] INFO  server.RaftServer$Division (RaftServerImpl.java:setRole(392)) - 43369f36-6a0f-45ae-a8eb-f0d390948370@group-7E155E250634: changes role from  FOLLOWER to CANDIDATE at term 2 for changeToCandidate
2025-10-10 10:38:53,309 [43369f36-6a0f-45ae-a8eb-f0d390948370@group-7E155E250634-FollowerState] INFO  impl.RoleInfo (RoleInfo.java:updateAndGet(148)) - 43369f36-6a0f-45ae-a8eb-f0d390948370: start 43369f36-6a0f-45ae-a8eb-f0d390948370@group-7E155E250634-LeaderElection126
2025-10-10 10:38:53,310 [43369f36-6a0f-45ae-a8eb-f0d390948370@group-7E155E250634-LeaderElection126] INFO  impl.LeaderElection (LeaderElection.java:askForVotes(448)) - 43369f36-6a0f-45ae-a8eb-f0d390948370@group-7E155E250634-LeaderElection126 PRE_VOTE round 0: submit vote requests at term 2 for conf: {index: 5, cur=peers:[bb95c33f-a3cb-4bbe-957e-8163c1fc1114|127.0.0.1:15031, 1a301c79-b9ef-44e0-a0ae-b339f61819a5|127.0.0.1:15023, 43369f36-6a0f-45ae-a8eb-f0d390948370|127.0.0.1:15015]|listeners:[], old=null}
2025-10-10 10:38:53,310 [43369f36-6a0f-45ae-a8eb-f0d390948370@group-7E155E250634-LeaderElection126] INFO  impl.LeaderElection (LogUtils.java:infoOrTrace(142)) - 43369f36-6a0f-45ae-a8eb-f0d390948370@group-7E155E250634-LeaderElection126 got exception when requesting votes: java.util.concurrent.ExecutionException: org.apache.ratis.thirdparty.io.grpc.StatusRuntimeException: UNAVAILABLE: io exception
2025-10-10 10:38:53,310 [43369f36-6a0f-45ae-a8eb-f0d390948370@group-7E155E250634-LeaderElection126] INFO  impl.LeaderElection (LogUtils.java:infoOrTrace(142)) - 43369f36-6a0f-45ae-a8eb-f0d390948370@group-7E155E250634-LeaderElection126 got exception when requesting votes: java.util.concurrent.ExecutionException: org.apache.ratis.thirdparty.io.grpc.StatusRuntimeException: UNAVAILABLE: io exception
2025-10-10 10:38:53,310 [43369f36-6a0f-45ae-a8eb-f0d390948370@group-7E155E250634-LeaderElection126] INFO  impl.LeaderElection (LeaderElection.java:logAndReturn(206)) - 43369f36-6a0f-45ae-a8eb-f0d390948370@group-7E155E250634-LeaderElection126: PRE_VOTE REJECTED received 0 response(s) and 2 exception(s):
2025-10-10 10:38:53,310 [43369f36-6a0f-45ae-a8eb-f0d390948370@group-7E155E250634-LeaderElection126] INFO  impl.LeaderElection (LogUtils.java:infoOrTrace(142)) -   Exception 0: java.util.concurrent.ExecutionException: org.apache.ratis.thirdparty.io.grpc.StatusRuntimeException: UNAVAILABLE: io exception
2025-10-10 10:38:53,310 [43369f36-6a0f-45ae-a8eb-f0d390948370@group-7E155E250634-LeaderElection126] INFO  impl.LeaderElection (LogUtils.java:infoOrTrace(142)) -   Exception 1: java.util.concurrent.ExecutionException: org.apache.ratis.thirdparty.io.grpc.StatusRuntimeException: UNAVAILABLE: io exception
2025-10-10 10:38:53,311 [43369f36-6a0f-45ae-a8eb-f0d390948370@group-7E155E250634-LeaderElection126] INFO  impl.LeaderElection (LeaderElection.java:askForVotes(450)) - 43369f36-6a0f-45ae-a8eb-f0d390948370@group-7E155E250634-LeaderElection126 PRE_VOTE round 0: result REJECTED
2025-10-10 10:38:53,311 [43369f36-6a0f-45ae-a8eb-f0d390948370@group-7E155E250634-LeaderElection126] INFO  server.RaftServer$Division (RaftServerImpl.java:setRole(392)) - 43369f36-6a0f-45ae-a8eb-f0d390948370@group-7E155E250634: changes role from CANDIDATE to FOLLOWER at term 2 for REJECTED
2025-10-10 10:38:53,311 [43369f36-6a0f-45ae-a8eb-f0d390948370@group-7E155E250634-LeaderElection126] INFO  impl.RoleInfo (RoleInfo.java:shutdownLeaderElection(141)) - 43369f36-6a0f-45ae-a8eb-f0d390948370: shutdown 43369f36-6a0f-45ae-a8eb-f0d390948370@group-7E155E250634-LeaderElection126
2025-10-10 10:38:53,311 [43369f36-6a0f-45ae-a8eb-f0d390948370@group-7E155E250634-LeaderElection126] INFO  impl.RoleInfo (RoleInfo.java:updateAndGet(148)) - 43369f36-6a0f-45ae-a8eb-f0d390948370: start 43369f36-6a0f-45ae-a8eb-f0d390948370@group-7E155E250634-FollowerState
2025-10-10 10:38:53,713 [43369f36-6a0f-45ae-a8eb-f0d390948370@group-63ACBE5F7EDA-FollowerState] INFO  impl.FollowerState (FollowerState.java:runImpl(161)) - 43369f36-6a0f-45ae-a8eb-f0d390948370@group-63ACBE5F7EDA-FollowerState: change to CANDIDATE, lastRpcElapsedTime:1162318552ns, electionTimeout:1162ms
2025-10-10 10:38:53,713 [43369f36-6a0f-45ae-a8eb-f0d390948370@group-63ACBE5F7EDA-FollowerState] INFO  impl.RoleInfo (RoleInfo.java:shutdownFollowerState(121)) - 43369f36-6a0f-45ae-a8eb-f0d390948370: shutdown 43369f36-6a0f-45ae-a8eb-f0d390948370@group-63ACBE5F7EDA-FollowerState
2025-10-10 10:38:53,713 [43369f36-6a0f-45ae-a8eb-f0d390948370@group-63ACBE5F7EDA-FollowerState] INFO  server.RaftServer$Division (RaftServerImpl.java:setRole(392)) - 43369f36-6a0f-45ae-a8eb-f0d390948370@group-63ACBE5F7EDA: changes role from  FOLLOWER to CANDIDATE at term 1 for changeToCandidate
2025-10-10 10:38:53,713 [43369f36-6a0f-45ae-a8eb-f0d390948370@group-63ACBE5F7EDA-FollowerState] INFO  impl.RoleInfo (RoleInfo.java:updateAndGet(148)) - 43369f36-6a0f-45ae-a8eb-f0d390948370: start 43369f36-6a0f-45ae-a8eb-f0d390948370@group-63ACBE5F7EDA-LeaderElection127
2025-10-10 10:38:53,714 [43369f36-6a0f-45ae-a8eb-f0d390948370@group-63ACBE5F7EDA-LeaderElection127] INFO  impl.LeaderElection (LeaderElection.java:askForVotes(448)) - 43369f36-6a0f-45ae-a8eb-f0d390948370@group-63ACBE5F7EDA-LeaderElection127 PRE_VOTE round 0: submit vote requests at term 1 for conf: {index: 0, cur=peers:[bb95c33f-a3cb-4bbe-957e-8163c1fc1114|127.0.0.1:15031, 1a301c79-b9ef-44e0-a0ae-b339f61819a5|127.0.0.1:15023, 43369f36-6a0f-45ae-a8eb-f0d390948370|127.0.0.1:15015]|listeners:[], old=null}
2025-10-10 10:38:53,714 [43369f36-6a0f-45ae-a8eb-f0d390948370@group-63ACBE5F7EDA-LeaderElection127] INFO  impl.LeaderElection (LogUtils.java:infoOrTrace(142)) - 43369f36-6a0f-45ae-a8eb-f0d390948370@group-63ACBE5F7EDA-LeaderElection127 got exception when requesting votes: java.util.concurrent.ExecutionException: org.apache.ratis.thirdparty.io.grpc.StatusRuntimeException: UNAVAILABLE: io exception
2025-10-10 10:38:53,715 [43369f36-6a0f-45ae-a8eb-f0d390948370@group-63ACBE5F7EDA-LeaderElection127] INFO  impl.LeaderElection (LogUtils.java:infoOrTrace(142)) - 43369f36-6a0f-45ae-a8eb-f0d390948370@group-63ACBE5F7EDA-LeaderElection127 got exception when requesting votes: java.util.concurrent.ExecutionException: org.apache.ratis.thirdparty.io.grpc.StatusRuntimeException: UNAVAILABLE: io exception
2025-10-10 10:38:53,715 [43369f36-6a0f-45ae-a8eb-f0d390948370@group-63ACBE5F7EDA-LeaderElection127] INFO  impl.LeaderElection (LeaderElection.java:logAndReturn(206)) - 43369f36-6a0f-45ae-a8eb-f0d390948370@group-63ACBE5F7EDA-LeaderElection127: PRE_VOTE REJECTED received 0 response(s) and 2 exception(s):
2025-10-10 10:38:53,715 [43369f36-6a0f-45ae-a8eb-f0d390948370@group-63ACBE5F7EDA-LeaderElection127] INFO  impl.LeaderElection (LogUtils.java:infoOrTrace(142)) -   Exception 0: java.util.concurrent.ExecutionException: org.apache.ratis.thirdparty.io.grpc.StatusRuntimeException: UNAVAILABLE: io exception
2025-10-10 10:38:53,715 [43369f36-6a0f-45ae-a8eb-f0d390948370@group-63ACBE5F7EDA-LeaderElection127] INFO  impl.LeaderElection (LogUtils.java:infoOrTrace(142)) -   Exception 1: java.util.concurrent.ExecutionException: org.apache.ratis.thirdparty.io.grpc.StatusRuntimeException: UNAVAILABLE: io exception
2025-10-10 10:38:53,715 [43369f36-6a0f-45ae-a8eb-f0d390948370@group-63ACBE5F7EDA-LeaderElection127] INFO  impl.LeaderElection (LeaderElection.java:askForVotes(450)) - 43369f36-6a0f-45ae-a8eb-f0d390948370@group-63ACBE5F7EDA-LeaderElection127 PRE_VOTE round 0: result REJECTED
2025-10-10 10:38:53,715 [43369f36-6a0f-45ae-a8eb-f0d390948370@group-63ACBE5F7EDA-LeaderElection127] INFO  server.RaftServer$Division (RaftServerImpl.java:setRole(392)) - 43369f36-6a0f-45ae-a8eb-f0d390948370@group-63ACBE5F7EDA: changes role from CANDIDATE to FOLLOWER at term 1 for REJECTED
2025-10-10 10:38:53,715 [43369f36-6a0f-45ae-a8eb-f0d390948370@group-63ACBE5F7EDA-LeaderElection127] INFO  impl.RoleInfo (RoleInfo.java:shutdownLeaderElection(141)) - 43369f36-6a0f-45ae-a8eb-f0d390948370: shutdown 43369f36-6a0f-45ae-a8eb-f0d390948370@group-63ACBE5F7EDA-LeaderElection127
2025-10-10 10:38:53,715 [43369f36-6a0f-45ae-a8eb-f0d390948370@group-63ACBE5F7EDA-LeaderElection127] INFO  impl.RoleInfo (RoleInfo.java:updateAndGet(148)) - 43369f36-6a0f-45ae-a8eb-f0d390948370: start 43369f36-6a0f-45ae-a8eb-f0d390948370@group-63ACBE5F7EDA-FollowerState
2025-10-10 10:38:53,783 [grpc-default-executor-4] ERROR impl.OrderedAsync (OrderedAsync.java:lambda$null$6(215)) -  client-11C8565B59B3: Failed* RaftClientRequest:client-11C8565B59B3->43369f36-6a0f-45ae-a8eb-f0d390948370@group-63ACBE5F7EDA, cid=26, seq=1*, Watch(0), null
java.util.concurrent.CompletionException: org.apache.ratis.protocol.exceptions.NotLeaderException: Server 43369f36-6a0f-45ae-a8eb-f0d390948370@group-63ACBE5F7EDA is not the leader
	at java.base/java.util.concurrent.CompletableFuture.encodeThrowable(CompletableFuture.java:332)
	at java.base/java.util.concurrent.CompletableFuture.completeThrowable(CompletableFuture.java:347)
	at java.base/java.util.concurrent.CompletableFuture$UniAccept.tryFire(CompletableFuture.java:708)
	at java.base/java.util.concurrent.CompletableFuture.postComplete(CompletableFuture.java:510)
	at java.base/java.util.concurrent.CompletableFuture.completeExceptionally(CompletableFuture.java:2194)
	at org.apache.ratis.grpc.client.GrpcClientProtocolClient$AsyncStreamObservers.completeReplyExceptionally(GrpcClientProtocolClient.java:397)
	at org.apache.ratis.grpc.client.GrpcClientProtocolClient$AsyncStreamObservers.access$000(GrpcClientProtocolClient.java:303)
	at org.apache.ratis.grpc.client.GrpcClientProtocolClient$AsyncStreamObservers$1.onNext(GrpcClientProtocolClient.java:317)
	at org.apache.ratis.grpc.client.GrpcClientProtocolClient$AsyncStreamObservers$1.onNext(GrpcClientProtocolClient.java:308)
	at org.apache.ratis.thirdparty.io.grpc.stub.ClientCalls$StreamObserverToCallListenerAdapter.onMessage(ClientCalls.java:551)
	at org.apache.ratis.thirdparty.io.grpc.ForwardingClientCallListener.onMessage(ForwardingClientCallListener.java:33)
	at org.apache.ratis.thirdparty.io.grpc.internal.ClientCallImpl$ClientStreamListenerImpl$1MessagesAvailable.runInternal(ClientCallImpl.java:661)
	at org.apache.ratis.thirdparty.io.grpc.internal.ClientCallImpl$ClientStreamListenerImpl$1MessagesAvailable.runInContext(ClientCallImpl.java:648)
	at org.apache.ratis.thirdparty.io.grpc.internal.ContextRunnable.run(ContextRunnable.java:37)
	at org.apache.ratis.thirdparty.io.grpc.internal.SerializingExecutor.run(SerializingExecutor.java:133)
	at java.base/java.util.concurrent.ThreadPoolExecutor.runWorker(ThreadPoolExecutor.java:1144)
	at java.base/java.util.concurrent.ThreadPoolExecutor$Worker.run(ThreadPoolExecutor.java:642)
	at java.base/java.lang.Thread.run(Thread.java:1583)
Caused by: org.apache.ratis.protocol.exceptions.NotLeaderException: Server 43369f36-6a0f-45ae-a8eb-f0d390948370@group-63ACBE5F7EDA is not the leader
	at org.apache.ratis.client.impl.ClientProtoUtils.toRaftClientReply(ClientProtoUtils.java:402)
	at org.apache.ratis.grpc.client.GrpcClientProtocolClient$AsyncStreamObservers$1.onNext(GrpcClientProtocolClient.java:313)
	... 10 more
2025-10-10 10:38:54,336 [43369f36-6a0f-45ae-a8eb-f0d390948370@group-7E155E250634-FollowerState] INFO  impl.FollowerState (FollowerState.java:runImpl(161)) - 43369f36-6a0f-45ae-a8eb-f0d390948370@group-7E155E250634-FollowerState: change to CANDIDATE, lastRpcElapsedTime:1025316551ns, electionTimeout:1025ms
2025-10-10 10:38:54,336 [43369f36-6a0f-45ae-a8eb-f0d390948370@group-7E155E250634-FollowerState] INFO  impl.RoleInfo (RoleInfo.java:shutdownFollowerState(121)) - 43369f36-6a0f-45ae-a8eb-f0d390948370: shutdown 43369f36-6a0f-45ae-a8eb-f0d390948370@group-7E155E250634-FollowerState
2025-10-10 10:38:54,336 [43369f36-6a0f-45ae-a8eb-f0d390948370@group-7E155E250634-FollowerState] INFO  server.RaftServer$Division (RaftServerImpl.java:setRole(392)) - 43369f36-6a0f-45ae-a8eb-f0d390948370@group-7E155E250634: changes role from  FOLLOWER to CANDIDATE at term 2 for changeToCandidate
2025-10-10 10:38:54,336 [43369f36-6a0f-45ae-a8eb-f0d390948370@group-7E155E250634-FollowerState] INFO  impl.RoleInfo (RoleInfo.java:updateAndGet(148)) - 43369f36-6a0f-45ae-a8eb-f0d390948370: start 43369f36-6a0f-45ae-a8eb-f0d390948370@group-7E155E250634-LeaderElection128
2025-10-10 10:38:54,337 [43369f36-6a0f-45ae-a8eb-f0d390948370@group-7E155E250634-LeaderElection128] INFO  impl.LeaderElection (LeaderElection.java:askForVotes(448)) - 43369f36-6a0f-45ae-a8eb-f0d390948370@group-7E155E250634-LeaderElection128 PRE_VOTE round 0: submit vote requests at term 2 for conf: {index: 5, cur=peers:[bb95c33f-a3cb-4bbe-957e-8163c1fc1114|127.0.0.1:15031, 1a301c79-b9ef-44e0-a0ae-b339f61819a5|127.0.0.1:15023, 43369f36-6a0f-45ae-a8eb-f0d390948370|127.0.0.1:15015]|listeners:[], old=null}
2025-10-10 10:38:54,337 [43369f36-6a0f-45ae-a8eb-f0d390948370@group-7E155E250634-LeaderElection128] INFO  impl.LeaderElection (LogUtils.java:infoOrTrace(142)) - 43369f36-6a0f-45ae-a8eb-f0d390948370@group-7E155E250634-LeaderElection128 got exception when requesting votes: java.util.concurrent.ExecutionException: org.apache.ratis.thirdparty.io.grpc.StatusRuntimeException: UNAVAILABLE: io exception
2025-10-10 10:38:54,338 [43369f36-6a0f-45ae-a8eb-f0d390948370@group-7E155E250634-LeaderElection128] INFO  impl.LeaderElection (LogUtils.java:infoOrTrace(142)) - 43369f36-6a0f-45ae-a8eb-f0d390948370@group-7E155E250634-LeaderElection128 got exception when requesting votes: java.util.concurrent.ExecutionException: org.apache.ratis.thirdparty.io.grpc.StatusRuntimeException: UNAVAILABLE: io exception
2025-10-10 10:38:54,338 [43369f36-6a0f-45ae-a8eb-f0d390948370@group-7E155E250634-LeaderElection128] INFO  impl.LeaderElection (LeaderElection.java:logAndReturn(206)) - 43369f36-6a0f-45ae-a8eb-f0d390948370@group-7E155E250634-LeaderElection128: PRE_VOTE REJECTED received 0 response(s) and 2 exception(s):
2025-10-10 10:38:54,338 [43369f36-6a0f-45ae-a8eb-f0d390948370@group-7E155E250634-LeaderElection128] INFO  impl.LeaderElection (LogUtils.java:infoOrTrace(142)) -   Exception 0: java.util.concurrent.ExecutionException: org.apache.ratis.thirdparty.io.grpc.StatusRuntimeException: UNAVAILABLE: io exception
2025-10-10 10:38:54,338 [43369f36-6a0f-45ae-a8eb-f0d390948370@group-7E155E250634-LeaderElection128] INFO  impl.LeaderElection (LogUtils.java:infoOrTrace(142)) -   Exception 1: java.util.concurrent.ExecutionException: org.apache.ratis.thirdparty.io.grpc.StatusRuntimeException: UNAVAILABLE: io exception
2025-10-10 10:38:54,338 [43369f36-6a0f-45ae-a8eb-f0d390948370@group-7E155E250634-LeaderElection128] INFO  impl.LeaderElection (LeaderElection.java:askForVotes(450)) - 43369f36-6a0f-45ae-a8eb-f0d390948370@group-7E155E250634-LeaderElection128 PRE_VOTE round 0: result REJECTED
2025-10-10 10:38:54,338 [43369f36-6a0f-45ae-a8eb-f0d390948370@group-7E155E250634-LeaderElection128] INFO  server.RaftServer$Division (RaftServerImpl.java:setRole(392)) - 43369f36-6a0f-45ae-a8eb-f0d390948370@group-7E155E250634: changes role from CANDIDATE to FOLLOWER at term 2 for REJECTED
2025-10-10 10:38:54,338 [43369f36-6a0f-45ae-a8eb-f0d390948370@group-7E155E250634-LeaderElection128] INFO  impl.RoleInfo (RoleInfo.java:shutdownLeaderElection(141)) - 43369f36-6a0f-45ae-a8eb-f0d390948370: shutdown 43369f36-6a0f-45ae-a8eb-f0d390948370@group-7E155E250634-LeaderElection128
2025-10-10 10:38:54,338 [43369f36-6a0f-45ae-a8eb-f0d390948370@group-7E155E250634-LeaderElection128] INFO  impl.RoleInfo (RoleInfo.java:updateAndGet(148)) - 43369f36-6a0f-45ae-a8eb-f0d390948370: start 43369f36-6a0f-45ae-a8eb-f0d390948370@group-7E155E250634-FollowerState
2025-10-10 10:38:54,880 [43369f36-6a0f-45ae-a8eb-f0d390948370@group-63ACBE5F7EDA-FollowerState] INFO  impl.FollowerState (FollowerState.java:runImpl(161)) - 43369f36-6a0f-45ae-a8eb-f0d390948370@group-63ACBE5F7EDA-FollowerState: change to CANDIDATE, lastRpcElapsedTime:1165334033ns, electionTimeout:1165ms
2025-10-10 10:38:54,880 [43369f36-6a0f-45ae-a8eb-f0d390948370@group-63ACBE5F7EDA-FollowerState] INFO  impl.RoleInfo (RoleInfo.java:shutdownFollowerState(121)) - 43369f36-6a0f-45ae-a8eb-f0d390948370: shutdown 43369f36-6a0f-45ae-a8eb-f0d390948370@group-63ACBE5F7EDA-FollowerState
2025-10-10 10:38:54,880 [43369f36-6a0f-45ae-a8eb-f0d390948370@group-63ACBE5F7EDA-FollowerState] INFO  server.RaftServer$Division (RaftServerImpl.java:setRole(392)) - 43369f36-6a0f-45ae-a8eb-f0d390948370@group-63ACBE5F7EDA: changes role from  FOLLOWER to CANDIDATE at term 1 for changeToCandidate
2025-10-10 10:38:54,881 [43369f36-6a0f-45ae-a8eb-f0d390948370@group-63ACBE5F7EDA-FollowerState] INFO  impl.RoleInfo (RoleInfo.java:updateAndGet(148)) - 43369f36-6a0f-45ae-a8eb-f0d390948370: start 43369f36-6a0f-45ae-a8eb-f0d390948370@group-63ACBE5F7EDA-LeaderElection129
2025-10-10 10:38:54,881 [43369f36-6a0f-45ae-a8eb-f0d390948370@group-63ACBE5F7EDA-LeaderElection129] INFO  impl.LeaderElection (LeaderElection.java:askForVotes(448)) - 43369f36-6a0f-45ae-a8eb-f0d390948370@group-63ACBE5F7EDA-LeaderElection129 PRE_VOTE round 0: submit vote requests at term 1 for conf: {index: 0, cur=peers:[bb95c33f-a3cb-4bbe-957e-8163c1fc1114|127.0.0.1:15031, 1a301c79-b9ef-44e0-a0ae-b339f61819a5|127.0.0.1:15023, 43369f36-6a0f-45ae-a8eb-f0d390948370|127.0.0.1:15015]|listeners:[], old=null}
2025-10-10 10:38:54,882 [43369f36-6a0f-45ae-a8eb-f0d390948370@group-63ACBE5F7EDA-LeaderElection129] INFO  impl.LeaderElection (LogUtils.java:infoOrTrace(142)) - 43369f36-6a0f-45ae-a8eb-f0d390948370@group-63ACBE5F7EDA-LeaderElection129 got exception when requesting votes: java.util.concurrent.ExecutionException: org.apache.ratis.thirdparty.io.grpc.StatusRuntimeException: UNAVAILABLE: io exception
2025-10-10 10:38:54,882 [43369f36-6a0f-45ae-a8eb-f0d390948370@group-63ACBE5F7EDA-LeaderElection129] INFO  impl.LeaderElection (LogUtils.java:infoOrTrace(142)) - 43369f36-6a0f-45ae-a8eb-f0d390948370@group-63ACBE5F7EDA-LeaderElection129 got exception when requesting votes: java.util.concurrent.ExecutionException: org.apache.ratis.thirdparty.io.grpc.StatusRuntimeException: UNAVAILABLE: io exception
2025-10-10 10:38:54,882 [43369f36-6a0f-45ae-a8eb-f0d390948370@group-63ACBE5F7EDA-LeaderElection129] INFO  impl.LeaderElection (LeaderElection.java:logAndReturn(206)) - 43369f36-6a0f-45ae-a8eb-f0d390948370@group-63ACBE5F7EDA-LeaderElection129: PRE_VOTE REJECTED received 0 response(s) and 2 exception(s):
2025-10-10 10:38:54,882 [43369f36-6a0f-45ae-a8eb-f0d390948370@group-63ACBE5F7EDA-LeaderElection129] INFO  impl.LeaderElection (LogUtils.java:infoOrTrace(142)) -   Exception 0: java.util.concurrent.ExecutionException: org.apache.ratis.thirdparty.io.grpc.StatusRuntimeException: UNAVAILABLE: io exception
2025-10-10 10:38:54,882 [43369f36-6a0f-45ae-a8eb-f0d390948370@group-63ACBE5F7EDA-LeaderElection129] INFO  impl.LeaderElection (LogUtils.java:infoOrTrace(142)) -   Exception 1: java.util.concurrent.ExecutionException: org.apache.ratis.thirdparty.io.grpc.StatusRuntimeException: UNAVAILABLE: io exception
2025-10-10 10:38:54,882 [43369f36-6a0f-45ae-a8eb-f0d390948370@group-63ACBE5F7EDA-LeaderElection129] INFO  impl.LeaderElection (LeaderElection.java:askForVotes(450)) - 43369f36-6a0f-45ae-a8eb-f0d390948370@group-63ACBE5F7EDA-LeaderElection129 PRE_VOTE round 0: result REJECTED
2025-10-10 10:38:54,882 [43369f36-6a0f-45ae-a8eb-f0d390948370@group-63ACBE5F7EDA-LeaderElection129] INFO  server.RaftServer$Division (RaftServerImpl.java:setRole(392)) - 43369f36-6a0f-45ae-a8eb-f0d390948370@group-63ACBE5F7EDA: changes role from CANDIDATE to FOLLOWER at term 1 for REJECTED
2025-10-10 10:38:54,882 [43369f36-6a0f-45ae-a8eb-f0d390948370@group-63ACBE5F7EDA-LeaderElection129] INFO  impl.RoleInfo (RoleInfo.java:shutdownLeaderElection(141)) - 43369f36-6a0f-45ae-a8eb-f0d390948370: shutdown 43369f36-6a0f-45ae-a8eb-f0d390948370@group-63ACBE5F7EDA-LeaderElection129
2025-10-10 10:38:54,882 [43369f36-6a0f-45ae-a8eb-f0d390948370@group-63ACBE5F7EDA-LeaderElection129] INFO  impl.RoleInfo (RoleInfo.java:updateAndGet(148)) - 43369f36-6a0f-45ae-a8eb-f0d390948370: start 43369f36-6a0f-45ae-a8eb-f0d390948370@group-63ACBE5F7EDA-FollowerState
2025-10-10 10:38:55,370 [43369f36-6a0f-45ae-a8eb-f0d390948370@group-7E155E250634-FollowerState] INFO  impl.FollowerState (FollowerState.java:runImpl(161)) - 43369f36-6a0f-45ae-a8eb-f0d390948370@group-7E155E250634-FollowerState: change to CANDIDATE, lastRpcElapsedTime:1032295124ns, electionTimeout:1032ms
2025-10-10 10:38:55,370 [43369f36-6a0f-45ae-a8eb-f0d390948370@group-7E155E250634-FollowerState] INFO  impl.RoleInfo (RoleInfo.java:shutdownFollowerState(121)) - 43369f36-6a0f-45ae-a8eb-f0d390948370: shutdown 43369f36-6a0f-45ae-a8eb-f0d390948370@group-7E155E250634-FollowerState
2025-10-10 10:38:55,371 [43369f36-6a0f-45ae-a8eb-f0d390948370@group-7E155E250634-FollowerState] INFO  server.RaftServer$Division (RaftServerImpl.java:setRole(392)) - 43369f36-6a0f-45ae-a8eb-f0d390948370@group-7E155E250634: changes role from  FOLLOWER to CANDIDATE at term 2 for changeToCandidate
2025-10-10 10:38:55,371 [43369f36-6a0f-45ae-a8eb-f0d390948370@group-7E155E250634-FollowerState] INFO  impl.RoleInfo (RoleInfo.java:updateAndGet(148)) - 43369f36-6a0f-45ae-a8eb-f0d390948370: start 43369f36-6a0f-45ae-a8eb-f0d390948370@group-7E155E250634-LeaderElection130
2025-10-10 10:38:55,371 [43369f36-6a0f-45ae-a8eb-f0d390948370@group-7E155E250634-LeaderElection130] INFO  impl.LeaderElection (LeaderElection.java:askForVotes(448)) - 43369f36-6a0f-45ae-a8eb-f0d390948370@group-7E155E250634-LeaderElection130 PRE_VOTE round 0: submit vote requests at term 2 for conf: {index: 5, cur=peers:[bb95c33f-a3cb-4bbe-957e-8163c1fc1114|127.0.0.1:15031, 1a301c79-b9ef-44e0-a0ae-b339f61819a5|127.0.0.1:15023, 43369f36-6a0f-45ae-a8eb-f0d390948370|127.0.0.1:15015]|listeners:[], old=null}
2025-10-10 10:38:55,371 [43369f36-6a0f-45ae-a8eb-f0d390948370@group-7E155E250634-LeaderElection130] INFO  impl.LeaderElection (LogUtils.java:infoOrTrace(142)) - 43369f36-6a0f-45ae-a8eb-f0d390948370@group-7E155E250634-LeaderElection130 got exception when requesting votes: java.util.concurrent.ExecutionException: org.apache.ratis.thirdparty.io.grpc.StatusRuntimeException: UNAVAILABLE: io exception
2025-10-10 10:38:55,372 [43369f36-6a0f-45ae-a8eb-f0d390948370@group-7E155E250634-LeaderElection130] INFO  impl.LeaderElection (LogUtils.java:infoOrTrace(142)) - 43369f36-6a0f-45ae-a8eb-f0d390948370@group-7E155E250634-LeaderElection130 got exception when requesting votes: java.util.concurrent.ExecutionException: org.apache.ratis.thirdparty.io.grpc.StatusRuntimeException: UNAVAILABLE: io exception
2025-10-10 10:38:55,372 [43369f36-6a0f-45ae-a8eb-f0d390948370@group-7E155E250634-LeaderElection130] INFO  impl.LeaderElection (LeaderElection.java:logAndReturn(206)) - 43369f36-6a0f-45ae-a8eb-f0d390948370@group-7E155E250634-LeaderElection130: PRE_VOTE REJECTED received 0 response(s) and 2 exception(s):
2025-10-10 10:38:55,372 [43369f36-6a0f-45ae-a8eb-f0d390948370@group-7E155E250634-LeaderElection130] INFO  impl.LeaderElection (LogUtils.java:infoOrTrace(142)) -   Exception 0: java.util.concurrent.ExecutionException: org.apache.ratis.thirdparty.io.grpc.StatusRuntimeException: UNAVAILABLE: io exception
2025-10-10 10:38:55,372 [43369f36-6a0f-45ae-a8eb-f0d390948370@group-7E155E250634-LeaderElection130] INFO  impl.LeaderElection (LogUtils.java:infoOrTrace(142)) -   Exception 1: java.util.concurrent.ExecutionException: org.apache.ratis.thirdparty.io.grpc.StatusRuntimeException: UNAVAILABLE: io exception
2025-10-10 10:38:55,372 [43369f36-6a0f-45ae-a8eb-f0d390948370@group-7E155E250634-LeaderElection130] INFO  impl.LeaderElection (LeaderElection.java:askForVotes(450)) - 43369f36-6a0f-45ae-a8eb-f0d390948370@group-7E155E250634-LeaderElection130 PRE_VOTE round 0: result REJECTED
2025-10-10 10:38:55,372 [43369f36-6a0f-45ae-a8eb-f0d390948370@group-7E155E250634-LeaderElection130] INFO  server.RaftServer$Division (RaftServerImpl.java:setRole(392)) - 43369f36-6a0f-45ae-a8eb-f0d390948370@group-7E155E250634: changes role from CANDIDATE to FOLLOWER at term 2 for REJECTED
2025-10-10 10:38:55,372 [43369f36-6a0f-45ae-a8eb-f0d390948370@group-7E155E250634-LeaderElection130] INFO  impl.RoleInfo (RoleInfo.java:shutdownLeaderElection(141)) - 43369f36-6a0f-45ae-a8eb-f0d390948370: shutdown 43369f36-6a0f-45ae-a8eb-f0d390948370@group-7E155E250634-LeaderElection130
2025-10-10 10:38:55,372 [43369f36-6a0f-45ae-a8eb-f0d390948370@group-7E155E250634-LeaderElection130] INFO  impl.RoleInfo (RoleInfo.java:updateAndGet(148)) - 43369f36-6a0f-45ae-a8eb-f0d390948370: start 43369f36-6a0f-45ae-a8eb-f0d390948370@group-7E155E250634-FollowerState
2025-10-10 10:38:55,942 [43369f36-6a0f-45ae-a8eb-f0d390948370@group-63ACBE5F7EDA-FollowerState] INFO  impl.FollowerState (FollowerState.java:runImpl(161)) - 43369f36-6a0f-45ae-a8eb-f0d390948370@group-63ACBE5F7EDA-FollowerState: change to CANDIDATE, lastRpcElapsedTime:1060291928ns, electionTimeout:1060ms
2025-10-10 10:38:55,942 [43369f36-6a0f-45ae-a8eb-f0d390948370@group-63ACBE5F7EDA-FollowerState] INFO  impl.RoleInfo (RoleInfo.java:shutdownFollowerState(121)) - 43369f36-6a0f-45ae-a8eb-f0d390948370: shutdown 43369f36-6a0f-45ae-a8eb-f0d390948370@group-63ACBE5F7EDA-FollowerState
2025-10-10 10:38:55,942 [43369f36-6a0f-45ae-a8eb-f0d390948370@group-63ACBE5F7EDA-FollowerState] INFO  server.RaftServer$Division (RaftServerImpl.java:setRole(392)) - 43369f36-6a0f-45ae-a8eb-f0d390948370@group-63ACBE5F7EDA: changes role from  FOLLOWER to CANDIDATE at term 1 for changeToCandidate
2025-10-10 10:38:55,943 [43369f36-6a0f-45ae-a8eb-f0d390948370@group-63ACBE5F7EDA-FollowerState] INFO  impl.RoleInfo (RoleInfo.java:updateAndGet(148)) - 43369f36-6a0f-45ae-a8eb-f0d390948370: start 43369f36-6a0f-45ae-a8eb-f0d390948370@group-63ACBE5F7EDA-LeaderElection131
2025-10-10 10:38:55,943 [43369f36-6a0f-45ae-a8eb-f0d390948370@group-63ACBE5F7EDA-LeaderElection131] INFO  impl.LeaderElection (LeaderElection.java:askForVotes(448)) - 43369f36-6a0f-45ae-a8eb-f0d390948370@group-63ACBE5F7EDA-LeaderElection131 PRE_VOTE round 0: submit vote requests at term 1 for conf: {index: 0, cur=peers:[bb95c33f-a3cb-4bbe-957e-8163c1fc1114|127.0.0.1:15031, 1a301c79-b9ef-44e0-a0ae-b339f61819a5|127.0.0.1:15023, 43369f36-6a0f-45ae-a8eb-f0d390948370|127.0.0.1:15015]|listeners:[], old=null}
2025-10-10 10:38:55,944 [43369f36-6a0f-45ae-a8eb-f0d390948370@group-63ACBE5F7EDA-LeaderElection131] INFO  impl.LeaderElection (LogUtils.java:infoOrTrace(142)) - 43369f36-6a0f-45ae-a8eb-f0d390948370@group-63ACBE5F7EDA-LeaderElection131 got exception when requesting votes: java.util.concurrent.ExecutionException: org.apache.ratis.thirdparty.io.grpc.StatusRuntimeException: UNAVAILABLE: io exception
2025-10-10 10:38:55,944 [43369f36-6a0f-45ae-a8eb-f0d390948370@group-63ACBE5F7EDA-LeaderElection131] INFO  impl.LeaderElection (LogUtils.java:infoOrTrace(142)) - 43369f36-6a0f-45ae-a8eb-f0d390948370@group-63ACBE5F7EDA-LeaderElection131 got exception when requesting votes: java.util.concurrent.ExecutionException: org.apache.ratis.thirdparty.io.grpc.StatusRuntimeException: UNAVAILABLE: io exception
2025-10-10 10:38:55,944 [43369f36-6a0f-45ae-a8eb-f0d390948370@group-63ACBE5F7EDA-LeaderElection131] INFO  impl.LeaderElection (LeaderElection.java:logAndReturn(206)) - 43369f36-6a0f-45ae-a8eb-f0d390948370@group-63ACBE5F7EDA-LeaderElection131: PRE_VOTE REJECTED received 0 response(s) and 2 exception(s):
2025-10-10 10:38:55,944 [43369f36-6a0f-45ae-a8eb-f0d390948370@group-63ACBE5F7EDA-LeaderElection131] INFO  impl.LeaderElection (LogUtils.java:infoOrTrace(142)) -   Exception 0: java.util.concurrent.ExecutionException: org.apache.ratis.thirdparty.io.grpc.StatusRuntimeException: UNAVAILABLE: io exception
2025-10-10 10:38:55,944 [43369f36-6a0f-45ae-a8eb-f0d390948370@group-63ACBE5F7EDA-LeaderElection131] INFO  impl.LeaderElection (LogUtils.java:infoOrTrace(142)) -   Exception 1: java.util.concurrent.ExecutionException: org.apache.ratis.thirdparty.io.grpc.StatusRuntimeException: UNAVAILABLE: io exception
2025-10-10 10:38:55,944 [43369f36-6a0f-45ae-a8eb-f0d390948370@group-63ACBE5F7EDA-LeaderElection131] INFO  impl.LeaderElection (LeaderElection.java:askForVotes(450)) - 43369f36-6a0f-45ae-a8eb-f0d390948370@group-63ACBE5F7EDA-LeaderElection131 PRE_VOTE round 0: result REJECTED
2025-10-10 10:38:55,944 [43369f36-6a0f-45ae-a8eb-f0d390948370@group-63ACBE5F7EDA-LeaderElection131] INFO  server.RaftServer$Division (RaftServerImpl.java:setRole(392)) - 43369f36-6a0f-45ae-a8eb-f0d390948370@group-63ACBE5F7EDA: changes role from CANDIDATE to FOLLOWER at term 1 for REJECTED
2025-10-10 10:38:55,944 [43369f36-6a0f-45ae-a8eb-f0d390948370@group-63ACBE5F7EDA-LeaderElection131] INFO  impl.RoleInfo (RoleInfo.java:shutdownLeaderElection(141)) - 43369f36-6a0f-45ae-a8eb-f0d390948370: shutdown 43369f36-6a0f-45ae-a8eb-f0d390948370@group-63ACBE5F7EDA-LeaderElection131
2025-10-10 10:38:55,944 [43369f36-6a0f-45ae-a8eb-f0d390948370@group-63ACBE5F7EDA-LeaderElection131] INFO  impl.RoleInfo (RoleInfo.java:updateAndGet(148)) - 43369f36-6a0f-45ae-a8eb-f0d390948370: start 43369f36-6a0f-45ae-a8eb-f0d390948370@group-63ACBE5F7EDA-FollowerState
2025-10-10 10:38:56,415 [43369f36-6a0f-45ae-a8eb-f0d390948370@group-7E155E250634-FollowerState] INFO  impl.FollowerState (FollowerState.java:runImpl(161)) - 43369f36-6a0f-45ae-a8eb-f0d390948370@group-7E155E250634-FollowerState: change to CANDIDATE, lastRpcElapsedTime:1043359967ns, electionTimeout:1043ms
2025-10-10 10:38:56,415 [43369f36-6a0f-45ae-a8eb-f0d390948370@group-7E155E250634-FollowerState] INFO  impl.RoleInfo (RoleInfo.java:shutdownFollowerState(121)) - 43369f36-6a0f-45ae-a8eb-f0d390948370: shutdown 43369f36-6a0f-45ae-a8eb-f0d390948370@group-7E155E250634-FollowerState
2025-10-10 10:38:56,416 [43369f36-6a0f-45ae-a8eb-f0d390948370@group-7E155E250634-FollowerState] INFO  server.RaftServer$Division (RaftServerImpl.java:setRole(392)) - 43369f36-6a0f-45ae-a8eb-f0d390948370@group-7E155E250634: changes role from  FOLLOWER to CANDIDATE at term 2 for changeToCandidate
2025-10-10 10:38:56,416 [43369f36-6a0f-45ae-a8eb-f0d390948370@group-7E155E250634-FollowerState] INFO  impl.RoleInfo (RoleInfo.java:updateAndGet(148)) - 43369f36-6a0f-45ae-a8eb-f0d390948370: start 43369f36-6a0f-45ae-a8eb-f0d390948370@group-7E155E250634-LeaderElection132
2025-10-10 10:38:56,416 [43369f36-6a0f-45ae-a8eb-f0d390948370@group-7E155E250634-LeaderElection132] INFO  impl.LeaderElection (LeaderElection.java:askForVotes(448)) - 43369f36-6a0f-45ae-a8eb-f0d390948370@group-7E155E250634-LeaderElection132 PRE_VOTE round 0: submit vote requests at term 2 for conf: {index: 5, cur=peers:[bb95c33f-a3cb-4bbe-957e-8163c1fc1114|127.0.0.1:15031, 1a301c79-b9ef-44e0-a0ae-b339f61819a5|127.0.0.1:15023, 43369f36-6a0f-45ae-a8eb-f0d390948370|127.0.0.1:15015]|listeners:[], old=null}
2025-10-10 10:38:56,417 [43369f36-6a0f-45ae-a8eb-f0d390948370@group-7E155E250634-LeaderElection132] INFO  impl.LeaderElection (LogUtils.java:infoOrTrace(142)) - 43369f36-6a0f-45ae-a8eb-f0d390948370@group-7E155E250634-LeaderElection132 got exception when requesting votes: java.util.concurrent.ExecutionException: org.apache.ratis.thirdparty.io.grpc.StatusRuntimeException: UNAVAILABLE: io exception
2025-10-10 10:38:56,417 [43369f36-6a0f-45ae-a8eb-f0d390948370@group-7E155E250634-LeaderElection132] INFO  impl.LeaderElection (LogUtils.java:infoOrTrace(142)) - 43369f36-6a0f-45ae-a8eb-f0d390948370@group-7E155E250634-LeaderElection132 got exception when requesting votes: java.util.concurrent.ExecutionException: org.apache.ratis.thirdparty.io.grpc.StatusRuntimeException: UNAVAILABLE: io exception
2025-10-10 10:38:56,417 [43369f36-6a0f-45ae-a8eb-f0d390948370@group-7E155E250634-LeaderElection132] INFO  impl.LeaderElection (LeaderElection.java:logAndReturn(206)) - 43369f36-6a0f-45ae-a8eb-f0d390948370@group-7E155E250634-LeaderElection132: PRE_VOTE REJECTED received 0 response(s) and 2 exception(s):
2025-10-10 10:38:56,417 [43369f36-6a0f-45ae-a8eb-f0d390948370@group-7E155E250634-LeaderElection132] INFO  impl.LeaderElection (LogUtils.java:infoOrTrace(142)) -   Exception 0: java.util.concurrent.ExecutionException: org.apache.ratis.thirdparty.io.grpc.StatusRuntimeException: UNAVAILABLE: io exception
2025-10-10 10:38:56,417 [43369f36-6a0f-45ae-a8eb-f0d390948370@group-7E155E250634-LeaderElection132] INFO  impl.LeaderElection (LogUtils.java:infoOrTrace(142)) -   Exception 1: java.util.concurrent.ExecutionException: org.apache.ratis.thirdparty.io.grpc.StatusRuntimeException: UNAVAILABLE: io exception
2025-10-10 10:38:56,417 [43369f36-6a0f-45ae-a8eb-f0d390948370@group-7E155E250634-LeaderElection132] INFO  impl.LeaderElection (LeaderElection.java:askForVotes(450)) - 43369f36-6a0f-45ae-a8eb-f0d390948370@group-7E155E250634-LeaderElection132 PRE_VOTE round 0: result REJECTED
2025-10-10 10:38:56,417 [43369f36-6a0f-45ae-a8eb-f0d390948370@group-7E155E250634-LeaderElection132] INFO  server.RaftServer$Division (RaftServerImpl.java:setRole(392)) - 43369f36-6a0f-45ae-a8eb-f0d390948370@group-7E155E250634: changes role from CANDIDATE to FOLLOWER at term 2 for REJECTED
2025-10-10 10:38:56,417 [43369f36-6a0f-45ae-a8eb-f0d390948370@group-7E155E250634-LeaderElection132] INFO  impl.RoleInfo (RoleInfo.java:shutdownLeaderElection(141)) - 43369f36-6a0f-45ae-a8eb-f0d390948370: shutdown 43369f36-6a0f-45ae-a8eb-f0d390948370@group-7E155E250634-LeaderElection132
2025-10-10 10:38:56,417 [43369f36-6a0f-45ae-a8eb-f0d390948370@group-7E155E250634-LeaderElection132] INFO  impl.RoleInfo (RoleInfo.java:updateAndGet(148)) - 43369f36-6a0f-45ae-a8eb-f0d390948370: start 43369f36-6a0f-45ae-a8eb-f0d390948370@group-7E155E250634-FollowerState
2025-10-10 10:38:57,019 [43369f36-6a0f-45ae-a8eb-f0d390948370@group-63ACBE5F7EDA-FollowerState] INFO  impl.FollowerState (FollowerState.java:runImpl(161)) - 43369f36-6a0f-45ae-a8eb-f0d390948370@group-63ACBE5F7EDA-FollowerState: change to CANDIDATE, lastRpcElapsedTime:1075289187ns, electionTimeout:1075ms
2025-10-10 10:38:57,020 [43369f36-6a0f-45ae-a8eb-f0d390948370@group-63ACBE5F7EDA-FollowerState] INFO  impl.RoleInfo (RoleInfo.java:shutdownFollowerState(121)) - 43369f36-6a0f-45ae-a8eb-f0d390948370: shutdown 43369f36-6a0f-45ae-a8eb-f0d390948370@group-63ACBE5F7EDA-FollowerState
2025-10-10 10:38:57,020 [43369f36-6a0f-45ae-a8eb-f0d390948370@group-63ACBE5F7EDA-FollowerState] INFO  server.RaftServer$Division (RaftServerImpl.java:setRole(392)) - 43369f36-6a0f-45ae-a8eb-f0d390948370@group-63ACBE5F7EDA: changes role from  FOLLOWER to CANDIDATE at term 1 for changeToCandidate
2025-10-10 10:38:57,020 [43369f36-6a0f-45ae-a8eb-f0d390948370@group-63ACBE5F7EDA-FollowerState] INFO  impl.RoleInfo (RoleInfo.java:updateAndGet(148)) - 43369f36-6a0f-45ae-a8eb-f0d390948370: start 43369f36-6a0f-45ae-a8eb-f0d390948370@group-63ACBE5F7EDA-LeaderElection133
2025-10-10 10:38:57,020 [43369f36-6a0f-45ae-a8eb-f0d390948370@group-63ACBE5F7EDA-LeaderElection133] INFO  impl.LeaderElection (LeaderElection.java:askForVotes(448)) - 43369f36-6a0f-45ae-a8eb-f0d390948370@group-63ACBE5F7EDA-LeaderElection133 PRE_VOTE round 0: submit vote requests at term 1 for conf: {index: 0, cur=peers:[bb95c33f-a3cb-4bbe-957e-8163c1fc1114|127.0.0.1:15031, 1a301c79-b9ef-44e0-a0ae-b339f61819a5|127.0.0.1:15023, 43369f36-6a0f-45ae-a8eb-f0d390948370|127.0.0.1:15015]|listeners:[], old=null}
2025-10-10 10:38:57,021 [43369f36-6a0f-45ae-a8eb-f0d390948370@group-63ACBE5F7EDA-LeaderElection133] INFO  impl.LeaderElection (LogUtils.java:infoOrTrace(142)) - 43369f36-6a0f-45ae-a8eb-f0d390948370@group-63ACBE5F7EDA-LeaderElection133 got exception when requesting votes: java.util.concurrent.ExecutionException: org.apache.ratis.thirdparty.io.grpc.StatusRuntimeException: UNAVAILABLE: io exception
2025-10-10 10:38:57,021 [43369f36-6a0f-45ae-a8eb-f0d390948370@group-63ACBE5F7EDA-LeaderElection133] INFO  impl.LeaderElection (LogUtils.java:infoOrTrace(142)) - 43369f36-6a0f-45ae-a8eb-f0d390948370@group-63ACBE5F7EDA-LeaderElection133 got exception when requesting votes: java.util.concurrent.ExecutionException: org.apache.ratis.thirdparty.io.grpc.StatusRuntimeException: UNAVAILABLE: io exception
2025-10-10 10:38:57,021 [43369f36-6a0f-45ae-a8eb-f0d390948370@group-63ACBE5F7EDA-LeaderElection133] INFO  impl.LeaderElection (LeaderElection.java:logAndReturn(206)) - 43369f36-6a0f-45ae-a8eb-f0d390948370@group-63ACBE5F7EDA-LeaderElection133: PRE_VOTE REJECTED received 0 response(s) and 2 exception(s):
2025-10-10 10:38:57,021 [43369f36-6a0f-45ae-a8eb-f0d390948370@group-63ACBE5F7EDA-LeaderElection133] INFO  impl.LeaderElection (LogUtils.java:infoOrTrace(142)) -   Exception 0: java.util.concurrent.ExecutionException: org.apache.ratis.thirdparty.io.grpc.StatusRuntimeException: UNAVAILABLE: io exception
2025-10-10 10:38:57,021 [43369f36-6a0f-45ae-a8eb-f0d390948370@group-63ACBE5F7EDA-LeaderElection133] INFO  impl.LeaderElection (LogUtils.java:infoOrTrace(142)) -   Exception 1: java.util.concurrent.ExecutionException: org.apache.ratis.thirdparty.io.grpc.StatusRuntimeException: UNAVAILABLE: io exception
2025-10-10 10:38:57,022 [43369f36-6a0f-45ae-a8eb-f0d390948370@group-63ACBE5F7EDA-LeaderElection133] INFO  impl.LeaderElection (LeaderElection.java:askForVotes(450)) - 43369f36-6a0f-45ae-a8eb-f0d390948370@group-63ACBE5F7EDA-LeaderElection133 PRE_VOTE round 0: result REJECTED
2025-10-10 10:38:57,022 [43369f36-6a0f-45ae-a8eb-f0d390948370@group-63ACBE5F7EDA-LeaderElection133] INFO  server.RaftServer$Division (RaftServerImpl.java:setRole(392)) - 43369f36-6a0f-45ae-a8eb-f0d390948370@group-63ACBE5F7EDA: changes role from CANDIDATE to FOLLOWER at term 1 for REJECTED
2025-10-10 10:38:57,022 [43369f36-6a0f-45ae-a8eb-f0d390948370@group-63ACBE5F7EDA-LeaderElection133] INFO  impl.RoleInfo (RoleInfo.java:shutdownLeaderElection(141)) - 43369f36-6a0f-45ae-a8eb-f0d390948370: shutdown 43369f36-6a0f-45ae-a8eb-f0d390948370@group-63ACBE5F7EDA-LeaderElection133
2025-10-10 10:38:57,022 [43369f36-6a0f-45ae-a8eb-f0d390948370@group-63ACBE5F7EDA-LeaderElection133] INFO  impl.RoleInfo (RoleInfo.java:updateAndGet(148)) - 43369f36-6a0f-45ae-a8eb-f0d390948370: start 43369f36-6a0f-45ae-a8eb-f0d390948370@group-63ACBE5F7EDA-FollowerState
2025-10-10 10:38:57,579 [43369f36-6a0f-45ae-a8eb-f0d390948370@group-7E155E250634-FollowerState] INFO  impl.FollowerState (FollowerState.java:runImpl(161)) - 43369f36-6a0f-45ae-a8eb-f0d390948370@group-7E155E250634-FollowerState: change to CANDIDATE, lastRpcElapsedTime:1162454655ns, electionTimeout:1162ms
2025-10-10 10:38:57,580 [43369f36-6a0f-45ae-a8eb-f0d390948370@group-7E155E250634-FollowerState] INFO  impl.RoleInfo (RoleInfo.java:shutdownFollowerState(121)) - 43369f36-6a0f-45ae-a8eb-f0d390948370: shutdown 43369f36-6a0f-45ae-a8eb-f0d390948370@group-7E155E250634-FollowerState
2025-10-10 10:38:57,580 [43369f36-6a0f-45ae-a8eb-f0d390948370@group-7E155E250634-FollowerState] INFO  server.RaftServer$Division (RaftServerImpl.java:setRole(392)) - 43369f36-6a0f-45ae-a8eb-f0d390948370@group-7E155E250634: changes role from  FOLLOWER to CANDIDATE at term 2 for changeToCandidate
2025-10-10 10:38:57,580 [43369f36-6a0f-45ae-a8eb-f0d390948370@group-7E155E250634-FollowerState] INFO  impl.RoleInfo (RoleInfo.java:updateAndGet(148)) - 43369f36-6a0f-45ae-a8eb-f0d390948370: start 43369f36-6a0f-45ae-a8eb-f0d390948370@group-7E155E250634-LeaderElection134
2025-10-10 10:38:57,580 [43369f36-6a0f-45ae-a8eb-f0d390948370@group-7E155E250634-LeaderElection134] INFO  impl.LeaderElection (LeaderElection.java:askForVotes(448)) - 43369f36-6a0f-45ae-a8eb-f0d390948370@group-7E155E250634-LeaderElection134 PRE_VOTE round 0: submit vote requests at term 2 for conf: {index: 5, cur=peers:[bb95c33f-a3cb-4bbe-957e-8163c1fc1114|127.0.0.1:15031, 1a301c79-b9ef-44e0-a0ae-b339f61819a5|127.0.0.1:15023, 43369f36-6a0f-45ae-a8eb-f0d390948370|127.0.0.1:15015]|listeners:[], old=null}
2025-10-10 10:38:57,581 [43369f36-6a0f-45ae-a8eb-f0d390948370@group-7E155E250634-LeaderElection134] INFO  impl.LeaderElection (LogUtils.java:infoOrTrace(142)) - 43369f36-6a0f-45ae-a8eb-f0d390948370@group-7E155E250634-LeaderElection134 got exception when requesting votes: java.util.concurrent.ExecutionException: org.apache.ratis.thirdparty.io.grpc.StatusRuntimeException: UNAVAILABLE: io exception
2025-10-10 10:38:57,581 [43369f36-6a0f-45ae-a8eb-f0d390948370@group-7E155E250634-LeaderElection134] INFO  impl.LeaderElection (LogUtils.java:infoOrTrace(142)) - 43369f36-6a0f-45ae-a8eb-f0d390948370@group-7E155E250634-LeaderElection134 got exception when requesting votes: java.util.concurrent.ExecutionException: org.apache.ratis.thirdparty.io.grpc.StatusRuntimeException: UNAVAILABLE: io exception
2025-10-10 10:38:57,581 [43369f36-6a0f-45ae-a8eb-f0d390948370@group-7E155E250634-LeaderElection134] INFO  impl.LeaderElection (LeaderElection.java:logAndReturn(206)) - 43369f36-6a0f-45ae-a8eb-f0d390948370@group-7E155E250634-LeaderElection134: PRE_VOTE REJECTED received 0 response(s) and 2 exception(s):
2025-10-10 10:38:57,581 [43369f36-6a0f-45ae-a8eb-f0d390948370@group-7E155E250634-LeaderElection134] INFO  impl.LeaderElection (LogUtils.java:infoOrTrace(142)) -   Exception 0: java.util.concurrent.ExecutionException: org.apache.ratis.thirdparty.io.grpc.StatusRuntimeException: UNAVAILABLE: io exception
2025-10-10 10:38:57,581 [43369f36-6a0f-45ae-a8eb-f0d390948370@group-7E155E250634-LeaderElection134] INFO  impl.LeaderElection (LogUtils.java:infoOrTrace(142)) -   Exception 1: java.util.concurrent.ExecutionException: org.apache.ratis.thirdparty.io.grpc.StatusRuntimeException: UNAVAILABLE: io exception
2025-10-10 10:38:57,581 [43369f36-6a0f-45ae-a8eb-f0d390948370@group-7E155E250634-LeaderElection134] INFO  impl.LeaderElection (LeaderElection.java:askForVotes(450)) - 43369f36-6a0f-45ae-a8eb-f0d390948370@group-7E155E250634-LeaderElection134 PRE_VOTE round 0: result REJECTED
2025-10-10 10:38:57,581 [43369f36-6a0f-45ae-a8eb-f0d390948370@group-7E155E250634-LeaderElection134] INFO  server.RaftServer$Division (RaftServerImpl.java:setRole(392)) - 43369f36-6a0f-45ae-a8eb-f0d390948370@group-7E155E250634: changes role from CANDIDATE to FOLLOWER at term 2 for REJECTED
2025-10-10 10:38:57,581 [43369f36-6a0f-45ae-a8eb-f0d390948370@group-7E155E250634-LeaderElection134] INFO  impl.RoleInfo (RoleInfo.java:shutdownLeaderElection(141)) - 43369f36-6a0f-45ae-a8eb-f0d390948370: shutdown 43369f36-6a0f-45ae-a8eb-f0d390948370@group-7E155E250634-LeaderElection134
2025-10-10 10:38:57,581 [43369f36-6a0f-45ae-a8eb-f0d390948370@group-7E155E250634-LeaderElection134] INFO  impl.RoleInfo (RoleInfo.java:updateAndGet(148)) - 43369f36-6a0f-45ae-a8eb-f0d390948370: start 43369f36-6a0f-45ae-a8eb-f0d390948370@group-7E155E250634-FollowerState
2025-10-10 10:38:58,101 [43369f36-6a0f-45ae-a8eb-f0d390948370@group-63ACBE5F7EDA-FollowerState] INFO  impl.FollowerState (FollowerState.java:runImpl(161)) - 43369f36-6a0f-45ae-a8eb-f0d390948370@group-63ACBE5F7EDA-FollowerState: change to CANDIDATE, lastRpcElapsedTime:1079346804ns, electionTimeout:1079ms
2025-10-10 10:38:58,101 [43369f36-6a0f-45ae-a8eb-f0d390948370@group-63ACBE5F7EDA-FollowerState] INFO  impl.RoleInfo (RoleInfo.java:shutdownFollowerState(121)) - 43369f36-6a0f-45ae-a8eb-f0d390948370: shutdown 43369f36-6a0f-45ae-a8eb-f0d390948370@group-63ACBE5F7EDA-FollowerState
2025-10-10 10:38:58,101 [43369f36-6a0f-45ae-a8eb-f0d390948370@group-63ACBE5F7EDA-FollowerState] INFO  server.RaftServer$Division (RaftServerImpl.java:setRole(392)) - 43369f36-6a0f-45ae-a8eb-f0d390948370@group-63ACBE5F7EDA: changes role from  FOLLOWER to CANDIDATE at term 1 for changeToCandidate
2025-10-10 10:38:58,102 [43369f36-6a0f-45ae-a8eb-f0d390948370@group-63ACBE5F7EDA-FollowerState] INFO  impl.RoleInfo (RoleInfo.java:updateAndGet(148)) - 43369f36-6a0f-45ae-a8eb-f0d390948370: start 43369f36-6a0f-45ae-a8eb-f0d390948370@group-63ACBE5F7EDA-LeaderElection135
2025-10-10 10:38:58,102 [43369f36-6a0f-45ae-a8eb-f0d390948370@group-63ACBE5F7EDA-LeaderElection135] INFO  impl.LeaderElection (LeaderElection.java:askForVotes(448)) - 43369f36-6a0f-45ae-a8eb-f0d390948370@group-63ACBE5F7EDA-LeaderElection135 PRE_VOTE round 0: submit vote requests at term 1 for conf: {index: 0, cur=peers:[bb95c33f-a3cb-4bbe-957e-8163c1fc1114|127.0.0.1:15031, 1a301c79-b9ef-44e0-a0ae-b339f61819a5|127.0.0.1:15023, 43369f36-6a0f-45ae-a8eb-f0d390948370|127.0.0.1:15015]|listeners:[], old=null}
2025-10-10 10:38:58,103 [43369f36-6a0f-45ae-a8eb-f0d390948370@group-63ACBE5F7EDA-LeaderElection135] INFO  impl.LeaderElection (LogUtils.java:infoOrTrace(142)) - 43369f36-6a0f-45ae-a8eb-f0d390948370@group-63ACBE5F7EDA-LeaderElection135 got exception when requesting votes: java.util.concurrent.ExecutionException: org.apache.ratis.thirdparty.io.grpc.StatusRuntimeException: UNAVAILABLE: io exception
2025-10-10 10:38:58,103 [43369f36-6a0f-45ae-a8eb-f0d390948370@group-63ACBE5F7EDA-LeaderElection135] INFO  impl.LeaderElection (LogUtils.java:infoOrTrace(142)) - 43369f36-6a0f-45ae-a8eb-f0d390948370@group-63ACBE5F7EDA-LeaderElection135 got exception when requesting votes: java.util.concurrent.ExecutionException: org.apache.ratis.thirdparty.io.grpc.StatusRuntimeException: UNAVAILABLE: io exception
2025-10-10 10:38:58,103 [43369f36-6a0f-45ae-a8eb-f0d390948370@group-63ACBE5F7EDA-LeaderElection135] INFO  impl.LeaderElection (LeaderElection.java:logAndReturn(206)) - 43369f36-6a0f-45ae-a8eb-f0d390948370@group-63ACBE5F7EDA-LeaderElection135: PRE_VOTE REJECTED received 0 response(s) and 2 exception(s):
2025-10-10 10:38:58,103 [43369f36-6a0f-45ae-a8eb-f0d390948370@group-63ACBE5F7EDA-LeaderElection135] INFO  impl.LeaderElection (LogUtils.java:infoOrTrace(142)) -   Exception 0: java.util.concurrent.ExecutionException: org.apache.ratis.thirdparty.io.grpc.StatusRuntimeException: UNAVAILABLE: io exception
2025-10-10 10:38:58,103 [43369f36-6a0f-45ae-a8eb-f0d390948370@group-63ACBE5F7EDA-LeaderElection135] INFO  impl.LeaderElection (LogUtils.java:infoOrTrace(142)) -   Exception 1: java.util.concurrent.ExecutionException: org.apache.ratis.thirdparty.io.grpc.StatusRuntimeException: UNAVAILABLE: io exception
2025-10-10 10:38:58,103 [43369f36-6a0f-45ae-a8eb-f0d390948370@group-63ACBE5F7EDA-LeaderElection135] INFO  impl.LeaderElection (LeaderElection.java:askForVotes(450)) - 43369f36-6a0f-45ae-a8eb-f0d390948370@group-63ACBE5F7EDA-LeaderElection135 PRE_VOTE round 0: result REJECTED
2025-10-10 10:38:58,103 [43369f36-6a0f-45ae-a8eb-f0d390948370@group-63ACBE5F7EDA-LeaderElection135] INFO  server.RaftServer$Division (RaftServerImpl.java:setRole(392)) - 43369f36-6a0f-45ae-a8eb-f0d390948370@group-63ACBE5F7EDA: changes role from CANDIDATE to FOLLOWER at term 1 for REJECTED
2025-10-10 10:38:58,103 [43369f36-6a0f-45ae-a8eb-f0d390948370@group-63ACBE5F7EDA-LeaderElection135] INFO  impl.RoleInfo (RoleInfo.java:shutdownLeaderElection(141)) - 43369f36-6a0f-45ae-a8eb-f0d390948370: shutdown 43369f36-6a0f-45ae-a8eb-f0d390948370@group-63ACBE5F7EDA-LeaderElection135
2025-10-10 10:38:58,103 [43369f36-6a0f-45ae-a8eb-f0d390948370@group-63ACBE5F7EDA-LeaderElection135] INFO  impl.RoleInfo (RoleInfo.java:updateAndGet(148)) - 43369f36-6a0f-45ae-a8eb-f0d390948370: start 43369f36-6a0f-45ae-a8eb-f0d390948370@group-63ACBE5F7EDA-FollowerState
2025-10-10 10:38:58,718 [43369f36-6a0f-45ae-a8eb-f0d390948370@group-7E155E250634-FollowerState] INFO  impl.FollowerState (FollowerState.java:runImpl(161)) - 43369f36-6a0f-45ae-a8eb-f0d390948370@group-7E155E250634-FollowerState: change to CANDIDATE, lastRpcElapsedTime:1136339632ns, electionTimeout:1136ms
2025-10-10 10:38:58,718 [43369f36-6a0f-45ae-a8eb-f0d390948370@group-7E155E250634-FollowerState] INFO  impl.RoleInfo (RoleInfo.java:shutdownFollowerState(121)) - 43369f36-6a0f-45ae-a8eb-f0d390948370: shutdown 43369f36-6a0f-45ae-a8eb-f0d390948370@group-7E155E250634-FollowerState
2025-10-10 10:38:58,718 [43369f36-6a0f-45ae-a8eb-f0d390948370@group-7E155E250634-FollowerState] INFO  server.RaftServer$Division (RaftServerImpl.java:setRole(392)) - 43369f36-6a0f-45ae-a8eb-f0d390948370@group-7E155E250634: changes role from  FOLLOWER to CANDIDATE at term 2 for changeToCandidate
2025-10-10 10:38:58,718 [43369f36-6a0f-45ae-a8eb-f0d390948370@group-7E155E250634-FollowerState] INFO  impl.RoleInfo (RoleInfo.java:updateAndGet(148)) - 43369f36-6a0f-45ae-a8eb-f0d390948370: start 43369f36-6a0f-45ae-a8eb-f0d390948370@group-7E155E250634-LeaderElection136
2025-10-10 10:38:58,718 [43369f36-6a0f-45ae-a8eb-f0d390948370@group-7E155E250634-LeaderElection136] INFO  impl.LeaderElection (LeaderElection.java:askForVotes(448)) - 43369f36-6a0f-45ae-a8eb-f0d390948370@group-7E155E250634-LeaderElection136 PRE_VOTE round 0: submit vote requests at term 2 for conf: {index: 5, cur=peers:[bb95c33f-a3cb-4bbe-957e-8163c1fc1114|127.0.0.1:15031, 1a301c79-b9ef-44e0-a0ae-b339f61819a5|127.0.0.1:15023, 43369f36-6a0f-45ae-a8eb-f0d390948370|127.0.0.1:15015]|listeners:[], old=null}
2025-10-10 10:38:58,719 [43369f36-6a0f-45ae-a8eb-f0d390948370@group-7E155E250634-LeaderElection136] INFO  impl.LeaderElection (LogUtils.java:infoOrTrace(142)) - 43369f36-6a0f-45ae-a8eb-f0d390948370@group-7E155E250634-LeaderElection136 got exception when requesting votes: java.util.concurrent.ExecutionException: org.apache.ratis.thirdparty.io.grpc.StatusRuntimeException: UNAVAILABLE: io exception
2025-10-10 10:38:58,719 [43369f36-6a0f-45ae-a8eb-f0d390948370@group-7E155E250634-LeaderElection136] INFO  impl.LeaderElection (LogUtils.java:infoOrTrace(142)) - 43369f36-6a0f-45ae-a8eb-f0d390948370@group-7E155E250634-LeaderElection136 got exception when requesting votes: java.util.concurrent.ExecutionException: org.apache.ratis.thirdparty.io.grpc.StatusRuntimeException: UNAVAILABLE: io exception
2025-10-10 10:38:58,719 [43369f36-6a0f-45ae-a8eb-f0d390948370@group-7E155E250634-LeaderElection136] INFO  impl.LeaderElection (LeaderElection.java:logAndReturn(206)) - 43369f36-6a0f-45ae-a8eb-f0d390948370@group-7E155E250634-LeaderElection136: PRE_VOTE REJECTED received 0 response(s) and 2 exception(s):
2025-10-10 10:38:58,719 [43369f36-6a0f-45ae-a8eb-f0d390948370@group-7E155E250634-LeaderElection136] INFO  impl.LeaderElection (LogUtils.java:infoOrTrace(142)) -   Exception 0: java.util.concurrent.ExecutionException: org.apache.ratis.thirdparty.io.grpc.StatusRuntimeException: UNAVAILABLE: io exception
2025-10-10 10:38:58,719 [43369f36-6a0f-45ae-a8eb-f0d390948370@group-7E155E250634-LeaderElection136] INFO  impl.LeaderElection (LogUtils.java:infoOrTrace(142)) -   Exception 1: java.util.concurrent.ExecutionException: org.apache.ratis.thirdparty.io.grpc.StatusRuntimeException: UNAVAILABLE: io exception
2025-10-10 10:38:58,719 [43369f36-6a0f-45ae-a8eb-f0d390948370@group-7E155E250634-LeaderElection136] INFO  impl.LeaderElection (LeaderElection.java:askForVotes(450)) - 43369f36-6a0f-45ae-a8eb-f0d390948370@group-7E155E250634-LeaderElection136 PRE_VOTE round 0: result REJECTED
2025-10-10 10:38:58,719 [43369f36-6a0f-45ae-a8eb-f0d390948370@group-7E155E250634-LeaderElection136] INFO  server.RaftServer$Division (RaftServerImpl.java:setRole(392)) - 43369f36-6a0f-45ae-a8eb-f0d390948370@group-7E155E250634: changes role from CANDIDATE to FOLLOWER at term 2 for REJECTED
2025-10-10 10:38:58,719 [43369f36-6a0f-45ae-a8eb-f0d390948370@group-7E155E250634-LeaderElection136] INFO  impl.RoleInfo (RoleInfo.java:shutdownLeaderElection(141)) - 43369f36-6a0f-45ae-a8eb-f0d390948370: shutdown 43369f36-6a0f-45ae-a8eb-f0d390948370@group-7E155E250634-LeaderElection136
2025-10-10 10:38:58,719 [43369f36-6a0f-45ae-a8eb-f0d390948370@group-7E155E250634-LeaderElection136] INFO  impl.RoleInfo (RoleInfo.java:updateAndGet(148)) - 43369f36-6a0f-45ae-a8eb-f0d390948370: start 43369f36-6a0f-45ae-a8eb-f0d390948370@group-7E155E250634-FollowerState
2025-10-10 10:38:58,974 [grpc-default-executor-3] ERROR impl.OrderedAsync (OrderedAsync.java:lambda$null$6(215)) -  client-11C8565B59B3: Failed* RaftClientRequest:client-11C8565B59B3->1a301c79-b9ef-44e0-a0ae-b339f61819a5@group-63ACBE5F7EDA, cid=26, seq=1*, Watch(0), null
java.util.concurrent.CompletionException: java.io.IOException: org.apache.ratis.thirdparty.io.grpc.StatusRuntimeException: UNAVAILABLE: io exception
	at java.base/java.util.concurrent.CompletableFuture.encodeThrowable(CompletableFuture.java:332)
	at java.base/java.util.concurrent.CompletableFuture.completeThrowable(CompletableFuture.java:347)
	at java.base/java.util.concurrent.CompletableFuture$UniAccept.tryFire(CompletableFuture.java:708)
	at java.base/java.util.concurrent.CompletableFuture.postComplete(CompletableFuture.java:510)
	at java.base/java.util.concurrent.CompletableFuture.completeExceptionally(CompletableFuture.java:2194)
	at org.apache.ratis.grpc.client.GrpcClientProtocolClient$AsyncStreamObservers.completeReplyExceptionally(GrpcClientProtocolClient.java:397)
	at org.apache.ratis.grpc.client.GrpcClientProtocolClient$AsyncStreamObservers.access$000(GrpcClientProtocolClient.java:303)
	at org.apache.ratis.grpc.client.GrpcClientProtocolClient$AsyncStreamObservers$1.onError(GrpcClientProtocolClient.java:334)
	at org.apache.ratis.thirdparty.io.grpc.stub.ClientCalls$StreamObserverToCallListenerAdapter.onClose(ClientCalls.java:564)
	at org.apache.ratis.thirdparty.io.grpc.PartialForwardingClientCallListener.onClose(PartialForwardingClientCallListener.java:39)
	at org.apache.ratis.thirdparty.io.grpc.ForwardingClientCallListener.onClose(ForwardingClientCallListener.java:23)
	at org.apache.ratis.grpc.metrics.intercept.client.MetricClientCallListener.onClose(MetricClientCallListener.java:47)
	at org.apache.ratis.thirdparty.io.grpc.internal.ClientCallImpl.closeObserver(ClientCallImpl.java:565)
	at org.apache.ratis.thirdparty.io.grpc.internal.ClientCallImpl.access$100(ClientCallImpl.java:72)
	at org.apache.ratis.thirdparty.io.grpc.internal.ClientCallImpl$ClientStreamListenerImpl$1StreamClosed.runInternal(ClientCallImpl.java:733)
	at org.apache.ratis.thirdparty.io.grpc.internal.ClientCallImpl$ClientStreamListenerImpl$1StreamClosed.runInContext(ClientCallImpl.java:714)
	at org.apache.ratis.thirdparty.io.grpc.internal.ContextRunnable.run(ContextRunnable.java:37)
	at org.apache.ratis.thirdparty.io.grpc.internal.SerializingExecutor.run(SerializingExecutor.java:133)
	at java.base/java.util.concurrent.ThreadPoolExecutor.runWorker(ThreadPoolExecutor.java:1144)
	at java.base/java.util.concurrent.ThreadPoolExecutor$Worker.run(ThreadPoolExecutor.java:642)
	at java.base/java.lang.Thread.run(Thread.java:1583)
Caused by: java.io.IOException: org.apache.ratis.thirdparty.io.grpc.StatusRuntimeException: UNAVAILABLE: io exception
	at org.apache.ratis.grpc.GrpcUtil.unwrapException(GrpcUtil.java:99)
	at org.apache.ratis.grpc.GrpcUtil.unwrapIOException(GrpcUtil.java:159)
	at org.apache.ratis.grpc.client.GrpcClientProtocolClient$AsyncStreamObservers$1.onError(GrpcClientProtocolClient.java:333)
	... 13 more
Caused by: org.apache.ratis.thirdparty.io.grpc.StatusRuntimeException: UNAVAILABLE: io exception
	at org.apache.ratis.thirdparty.io.grpc.Status.asRuntimeException(Status.java:532)
	... 13 more
Caused by: org.apache.ratis.thirdparty.io.netty.channel.AbstractChannel$AnnotatedConnectException: finishConnect(..) failed: Connection refused: /127.0.0.1:15021
Caused by: java.net.ConnectException: finishConnect(..) failed: Connection refused
	at org.apache.ratis.thirdparty.io.netty.channel.unix.Errors.newConnectException0(Errors.java:166)
	at org.apache.ratis.thirdparty.io.netty.channel.unix.Errors.handleConnectErrno(Errors.java:131)
	at org.apache.ratis.thirdparty.io.netty.channel.unix.Socket.finishConnect(Socket.java:359)
	at org.apache.ratis.thirdparty.io.netty.channel.epoll.AbstractEpollChannel$AbstractEpollUnsafe.doFinishConnect(AbstractEpollChannel.java:715)
	at org.apache.ratis.thirdparty.io.netty.channel.epoll.AbstractEpollChannel$AbstractEpollUnsafe.finishConnect(AbstractEpollChannel.java:692)
	at org.apache.ratis.thirdparty.io.netty.channel.epoll.AbstractEpollChannel$AbstractEpollUnsafe.epollOutReady(AbstractEpollChannel.java:567)
	at org.apache.ratis.thirdparty.io.netty.channel.epoll.EpollEventLoop.processReady(EpollEventLoop.java:491)
	at org.apache.ratis.thirdparty.io.netty.channel.epoll.EpollEventLoop.run(EpollEventLoop.java:399)
	at org.apache.ratis.thirdparty.io.netty.util.concurrent.SingleThreadEventExecutor$4.run(SingleThreadEventExecutor.java:998)
	at org.apache.ratis.thirdparty.io.netty.util.internal.ThreadExecutorMap$2.run(ThreadExecutorMap.java:74)
	at org.apache.ratis.thirdparty.io.netty.util.concurrent.FastThreadLocalRunnable.run(FastThreadLocalRunnable.java:30)
	at java.base/java.lang.Thread.run(Thread.java:1583)
2025-10-10 10:38:58,975 [grpc-default-executor-3] ERROR impl.OrderedAsync (OrderedAsync.java:lambda$send$4(181)) - Failed to send request, message=null
java.util.concurrent.CompletionException: org.apache.ratis.protocol.exceptions.RaftRetryFailureException: Failed RaftClientRequest:client-11C8565B59B3->1a301c79-b9ef-44e0-a0ae-b339f61819a5@group-63ACBE5F7EDA, cid=26, seq=1*, Watch(0), null for 7 attempts with RequestTypeDependentRetryPolicy{WRITE->ExceptionDependentRetry(maxAttempts=2147483647; defaultPolicy=MultipleLinearRandomRetry[5x5s, 5x10s, 5x15s, 5x20s, 5x25s, 10x60s]; map={org.apache.ratis.protocol.exceptions.GroupMismatchException->NoRetry, org.apache.ratis.protocol.exceptions.NotReplicatedException->NoRetry, org.apache.ratis.protocol.exceptions.ResourceUnavailableException->org.apache.ratis.retry.ExponentialBackoffRetry@6f93a599, org.apache.ratis.protocol.exceptions.StateMachineException->NoRetry, org.apache.ratis.protocol.exceptions.TimeoutIOException->org.apache.ratis.retry.ExponentialBackoffRetry@6f93a599}), WATCH->ExceptionDependentRetry(maxAttempts=2147483647; defaultPolicy=MultipleLinearRandomRetry[5x5s, 5x10s, 5x15s, 5x20s, 5x25s, 10x60s]; map={org.apache.ratis.protocol.exceptions.GroupMismatchException->NoRetry, org.apache.ratis.protocol.exceptions.NotReplicatedException->NoRetry, org.apache.ratis.protocol.exceptions.ResourceUnavailableException->org.apache.ratis.retry.ExponentialBackoffRetry@6f93a599, org.apache.ratis.protocol.exceptions.StateMachineException->NoRetry, org.apache.ratis.protocol.exceptions.TimeoutIOException->NoRetry})}
	at java.base/java.util.concurrent.CompletableFuture.encodeThrowable(CompletableFuture.java:332)
	at java.base/java.util.concurrent.CompletableFuture.completeThrowable(CompletableFuture.java:347)
	at java.base/java.util.concurrent.CompletableFuture$UniApply.tryFire(CompletableFuture.java:636)
	at java.base/java.util.concurrent.CompletableFuture.postComplete(CompletableFuture.java:510)
	at java.base/java.util.concurrent.CompletableFuture.completeExceptionally(CompletableFuture.java:2194)
	at org.apache.ratis.client.impl.OrderedAsync$PendingOrderedRequest.fail(OrderedAsync.java:111)
	at org.apache.ratis.util.SlidingWindow$Client.fail(SlidingWindow.java:395)
	at org.apache.ratis.client.impl.OrderedAsync.failAllAsyncRequests(OrderedAsync.java:155)
	at org.apache.ratis.client.impl.OrderedAsync.handleException(OrderedAsync.java:239)
	at org.apache.ratis.client.impl.OrderedAsync.lambda$sendRequestWithRetry$7(OrderedAsync.java:217)
	at java.base/java.util.concurrent.CompletableFuture.uniExceptionally(CompletableFuture.java:990)
	at java.base/java.util.concurrent.CompletableFuture$UniExceptionally.tryFire(CompletableFuture.java:974)
	at java.base/java.util.concurrent.CompletableFuture.postComplete(CompletableFuture.java:510)
	at java.base/java.util.concurrent.CompletableFuture.completeExceptionally(CompletableFuture.java:2194)
	at org.apache.ratis.grpc.client.GrpcClientProtocolClient$AsyncStreamObservers.completeReplyExceptionally(GrpcClientProtocolClient.java:397)
	at org.apache.ratis.grpc.client.GrpcClientProtocolClient$AsyncStreamObservers.access$000(GrpcClientProtocolClient.java:303)
	at org.apache.ratis.grpc.client.GrpcClientProtocolClient$AsyncStreamObservers$1.onError(GrpcClientProtocolClient.java:334)
	at org.apache.ratis.thirdparty.io.grpc.stub.ClientCalls$StreamObserverToCallListenerAdapter.onClose(ClientCalls.java:564)
	at org.apache.ratis.thirdparty.io.grpc.PartialForwardingClientCallListener.onClose(PartialForwardingClientCallListener.java:39)
	at org.apache.ratis.thirdparty.io.grpc.ForwardingClientCallListener.onClose(ForwardingClientCallListener.java:23)
	at org.apache.ratis.grpc.metrics.intercept.client.MetricClientCallListener.onClose(MetricClientCallListener.java:47)
	at org.apache.ratis.thirdparty.io.grpc.internal.ClientCallImpl.closeObserver(ClientCallImpl.java:565)
	at org.apache.ratis.thirdparty.io.grpc.internal.ClientCallImpl.access$100(ClientCallImpl.java:72)
	at org.apache.ratis.thirdparty.io.grpc.internal.ClientCallImpl$ClientStreamListenerImpl$1StreamClosed.runInternal(ClientCallImpl.java:733)
	at org.apache.ratis.thirdparty.io.grpc.internal.ClientCallImpl$ClientStreamListenerImpl$1StreamClosed.runInContext(ClientCallImpl.java:714)
	at org.apache.ratis.thirdparty.io.grpc.internal.ContextRunnable.run(ContextRunnable.java:37)
	at org.apache.ratis.thirdparty.io.grpc.internal.SerializingExecutor.run(SerializingExecutor.java:133)
	at java.base/java.util.concurrent.ThreadPoolExecutor.runWorker(ThreadPoolExecutor.java:1144)
	at java.base/java.util.concurrent.ThreadPoolExecutor$Worker.run(ThreadPoolExecutor.java:642)
	at java.base/java.lang.Thread.run(Thread.java:1583)
Caused by: org.apache.ratis.protocol.exceptions.RaftRetryFailureException: Failed RaftClientRequest:client-11C8565B59B3->1a301c79-b9ef-44e0-a0ae-b339f61819a5@group-63ACBE5F7EDA, cid=26, seq=1*, Watch(0), null for 7 attempts with RequestTypeDependentRetryPolicy{WRITE->ExceptionDependentRetry(maxAttempts=2147483647; defaultPolicy=MultipleLinearRandomRetry[5x5s, 5x10s, 5x15s, 5x20s, 5x25s, 10x60s]; map={org.apache.ratis.protocol.exceptions.GroupMismatchException->NoRetry, org.apache.ratis.protocol.exceptions.NotReplicatedException->NoRetry, org.apache.ratis.protocol.exceptions.ResourceUnavailableException->org.apache.ratis.retry.ExponentialBackoffRetry@6f93a599, org.apache.ratis.protocol.exceptions.StateMachineException->NoRetry, org.apache.ratis.protocol.exceptions.TimeoutIOException->org.apache.ratis.retry.ExponentialBackoffRetry@6f93a599}), WATCH->ExceptionDependentRetry(maxAttempts=2147483647; defaultPolicy=MultipleLinearRandomRetry[5x5s, 5x10s, 5x15s, 5x20s, 5x25s, 10x60s]; map={org.apache.ratis.protocol.exceptions.GroupMismatchException->NoRetry, org.apache.ratis.protocol.exceptions.NotReplicatedException->NoRetry, org.apache.ratis.protocol.exceptions.ResourceUnavailableException->org.apache.ratis.retry.ExponentialBackoffRetry@6f93a599, org.apache.ratis.protocol.exceptions.StateMachineException->NoRetry, org.apache.ratis.protocol.exceptions.TimeoutIOException->NoRetry})}
	at org.apache.ratis.client.impl.RaftClientImpl.noMoreRetries(RaftClientImpl.java:352)
	... 22 more
Caused by: java.io.IOException: org.apache.ratis.thirdparty.io.grpc.StatusRuntimeException: UNAVAILABLE: io exception
	at org.apache.ratis.grpc.GrpcUtil.unwrapException(GrpcUtil.java:99)
	at org.apache.ratis.grpc.GrpcUtil.unwrapIOException(GrpcUtil.java:159)
	at org.apache.ratis.grpc.client.GrpcClientProtocolClient$AsyncStreamObservers$1.onError(GrpcClientProtocolClient.java:333)
	... 13 more
Caused by: org.apache.ratis.thirdparty.io.grpc.StatusRuntimeException: UNAVAILABLE: io exception
	at org.apache.ratis.thirdparty.io.grpc.Status.asRuntimeException(Status.java:532)
	... 13 more
Caused by: org.apache.ratis.thirdparty.io.netty.channel.AbstractChannel$AnnotatedConnectException: finishConnect(..) failed: Connection refused: /127.0.0.1:15021
Caused by: java.net.ConnectException: finishConnect(..) failed: Connection refused
	at org.apache.ratis.thirdparty.io.netty.channel.unix.Errors.newConnectException0(Errors.java:166)
	at org.apache.ratis.thirdparty.io.netty.channel.unix.Errors.handleConnectErrno(Errors.java:131)
	at org.apache.ratis.thirdparty.io.netty.channel.unix.Socket.finishConnect(Socket.java:359)
	at org.apache.ratis.thirdparty.io.netty.channel.epoll.AbstractEpollChannel$AbstractEpollUnsafe.doFinishConnect(AbstractEpollChannel.java:715)
	at org.apache.ratis.thirdparty.io.netty.channel.epoll.AbstractEpollChannel$AbstractEpollUnsafe.finishConnect(AbstractEpollChannel.java:692)
	at org.apache.ratis.thirdparty.io.netty.channel.epoll.AbstractEpollChannel$AbstractEpollUnsafe.epollOutReady(AbstractEpollChannel.java:567)
	at org.apache.ratis.thirdparty.io.netty.channel.epoll.EpollEventLoop.processReady(EpollEventLoop.java:491)
	at org.apache.ratis.thirdparty.io.netty.channel.epoll.EpollEventLoop.run(EpollEventLoop.java:399)
	at org.apache.ratis.thirdparty.io.netty.util.concurrent.SingleThreadEventExecutor$4.run(SingleThreadEventExecutor.java:998)
	at org.apache.ratis.thirdparty.io.netty.util.internal.ThreadExecutorMap$2.run(ThreadExecutorMap.java:74)
	at org.apache.ratis.thirdparty.io.netty.util.concurrent.FastThreadLocalRunnable.run(FastThreadLocalRunnable.java:30)
	at java.base/java.lang.Thread.run(Thread.java:1583)
2025-10-10 10:38:58,975 [grpc-default-executor-3] ERROR impl.OrderedAsync (OrderedAsync.java:lambda$send$4(179)) - Failed to send request, message=cmdType: WriteChunk traceID: "" containerID: 2 datanodeUuid: "43369f36-6a0f-45ae-a8eb-f0d390948370" writeChunk { blockID { containerID: 2 localID: 115816896921600002 blockCommitSequenceId: 0 replicaIndex: 0 } chunkData { chunkName: "115816896921600002_chunk_1" offset: 0 len: 1048576 } } version: 3, data.size=1048576 due to java.util.concurrent.CompletionException: org.apache.ratis.protocol.exceptions.AlreadyClosedException: SlidingWindow$Client:client-11C8565B59B3->RAFT is closed.
2025-10-10 10:38:58,976 [grpc-default-executor-3] ERROR impl.OrderedAsync (OrderedAsync.java:lambda$send$4(179)) - Failed to send request, message=cmdType: PutBlock traceID: "" containerID: 2 datanodeUuid: "43369f36-6a0f-45ae-a8eb-f0d390948370" putBlock { blockData { blockID { containerID: 2 localID: 115816896921600002 blockCommitSequenceId: 0 } metadata { key: "TYPE" value: "KEY" } chunks { chunkName: "115816896921600002_chunk_1" offset: 0 len: 1048576 } } eof: false } version: 3, data.size=0 due to java.util.concurrent.CompletionException: org.apache.ratis.protocol.exceptions.AlreadyClosedException: SlidingWindow$Client:client-11C8565B59B3->RAFT is closed.
2025-10-10 10:38:58,976 [ForkJoinPool-1-worker-1] WARN  io.KeyOutputStream (KeyOutputStream.java:handleExceptionInternal(377)) - Encountered exception java.io.IOException: Unexpected Storage Container Exception: java.util.concurrent.CompletionException: Failed to write chunk 115816896921600002_chunk_1 into block conID: 2 locID: 115816896921600002 bcsId: 0 replicaIndex: null on the pipeline Pipeline{ Id: c1a6ce75-0ec5-4b07-b27a-63acbe5f7eda, Nodes: [ {43369f36-6a0f-45ae-a8eb-f0d390948370(localhost/127.0.0.1), ReplicaIndex: 0}, {1a301c79-b9ef-44e0-a0ae-b339f61819a5(localhost/127.0.0.1), ReplicaIndex: 0}, {bb95c33f-a3cb-4bbe-957e-8163c1fc1114(localhost/127.0.0.1), ReplicaIndex: 0},], ReplicationConfig: RATIS/THREE, State:OPEN, leaderId:1a301c79-b9ef-44e0-a0ae-b339f61819a5, CreationTimestamp2025-10-10T10:37:44.484Z[Etc/UTC]}. The last committed block length is 0, uncommitted data length is 2097152 retry count 1
2025-10-10 10:38:59,039 [ForkJoinPool-1-worker-1] INFO  io.BlockOutputStreamEntry (BlockOutputStreamEntry.java:writeOnRetry(192)) - BlockOutputStreamEntry:00f8a854-c465-4ee6-a5a1-d61407bc4778 conID: 3 locID: 115816896921600003 bcsId: 0 replicaIndex: null: Finish retrying with len 2097152, currentPosition 2097152
2025-10-10 10:38:59,039 [ForkJoinPool-1-worker-1] INFO  io.BlockOutputStreamEntry (BlockOutputStreamEntry.java:finishRetryHandling(141)) - BlockOutputStreamEntry:00f8a854-c465-4ee6-a5a1-d61407bc4778 conID: 3 locID: 115816896921600003 bcsId: 0 replicaIndex: null: Exiting retry handling mode
2025-10-10 10:38:59,173 [43369f36-6a0f-45ae-a8eb-f0d390948370@group-63ACBE5F7EDA-FollowerState] INFO  impl.FollowerState (FollowerState.java:runImpl(161)) - 43369f36-6a0f-45ae-a8eb-f0d390948370@group-63ACBE5F7EDA-FollowerState: change to CANDIDATE, lastRpcElapsedTime:1070449464ns, electionTimeout:1070ms
2025-10-10 10:38:59,174 [43369f36-6a0f-45ae-a8eb-f0d390948370@group-63ACBE5F7EDA-FollowerState] INFO  impl.RoleInfo (RoleInfo.java:shutdownFollowerState(121)) - 43369f36-6a0f-45ae-a8eb-f0d390948370: shutdown 43369f36-6a0f-45ae-a8eb-f0d390948370@group-63ACBE5F7EDA-FollowerState
2025-10-10 10:38:59,174 [43369f36-6a0f-45ae-a8eb-f0d390948370@group-63ACBE5F7EDA-FollowerState] INFO  server.RaftServer$Division (RaftServerImpl.java:setRole(392)) - 43369f36-6a0f-45ae-a8eb-f0d390948370@group-63ACBE5F7EDA: changes role from  FOLLOWER to CANDIDATE at term 1 for changeToCandidate
2025-10-10 10:38:59,174 [43369f36-6a0f-45ae-a8eb-f0d390948370@group-63ACBE5F7EDA-FollowerState] INFO  impl.RoleInfo (RoleInfo.java:updateAndGet(148)) - 43369f36-6a0f-45ae-a8eb-f0d390948370: start 43369f36-6a0f-45ae-a8eb-f0d390948370@group-63ACBE5F7EDA-LeaderElection137
2025-10-10 10:38:59,174 [43369f36-6a0f-45ae-a8eb-f0d390948370@group-63ACBE5F7EDA-LeaderElection137] INFO  impl.LeaderElection (LeaderElection.java:askForVotes(448)) - 43369f36-6a0f-45ae-a8eb-f0d390948370@group-63ACBE5F7EDA-LeaderElection137 PRE_VOTE round 0: submit vote requests at term 1 for conf: {index: 0, cur=peers:[bb95c33f-a3cb-4bbe-957e-8163c1fc1114|127.0.0.1:15031, 1a301c79-b9ef-44e0-a0ae-b339f61819a5|127.0.0.1:15023, 43369f36-6a0f-45ae-a8eb-f0d390948370|127.0.0.1:15015]|listeners:[], old=null}
2025-10-10 10:38:59,175 [43369f36-6a0f-45ae-a8eb-f0d390948370@group-63ACBE5F7EDA-LeaderElection137] INFO  impl.LeaderElection (LogUtils.java:infoOrTrace(142)) - 43369f36-6a0f-45ae-a8eb-f0d390948370@group-63ACBE5F7EDA-LeaderElection137 got exception when requesting votes: java.util.concurrent.ExecutionException: org.apache.ratis.thirdparty.io.grpc.StatusRuntimeException: UNAVAILABLE: io exception
2025-10-10 10:38:59,175 [43369f36-6a0f-45ae-a8eb-f0d390948370@group-63ACBE5F7EDA-LeaderElection137] INFO  impl.LeaderElection (LogUtils.java:infoOrTrace(142)) - 43369f36-6a0f-45ae-a8eb-f0d390948370@group-63ACBE5F7EDA-LeaderElection137 got exception when requesting votes: java.util.concurrent.ExecutionException: org.apache.ratis.thirdparty.io.grpc.StatusRuntimeException: UNAVAILABLE: io exception
2025-10-10 10:38:59,175 [43369f36-6a0f-45ae-a8eb-f0d390948370@group-63ACBE5F7EDA-LeaderElection137] INFO  impl.LeaderElection (LeaderElection.java:logAndReturn(206)) - 43369f36-6a0f-45ae-a8eb-f0d390948370@group-63ACBE5F7EDA-LeaderElection137: PRE_VOTE REJECTED received 0 response(s) and 2 exception(s):
2025-10-10 10:38:59,175 [43369f36-6a0f-45ae-a8eb-f0d390948370@group-63ACBE5F7EDA-LeaderElection137] INFO  impl.LeaderElection (LogUtils.java:infoOrTrace(142)) -   Exception 0: java.util.concurrent.ExecutionException: org.apache.ratis.thirdparty.io.grpc.StatusRuntimeException: UNAVAILABLE: io exception
2025-10-10 10:38:59,175 [43369f36-6a0f-45ae-a8eb-f0d390948370@group-63ACBE5F7EDA-LeaderElection137] INFO  impl.LeaderElection (LogUtils.java:infoOrTrace(142)) -   Exception 1: java.util.concurrent.ExecutionException: org.apache.ratis.thirdparty.io.grpc.StatusRuntimeException: UNAVAILABLE: io exception
2025-10-10 10:38:59,175 [43369f36-6a0f-45ae-a8eb-f0d390948370@group-63ACBE5F7EDA-LeaderElection137] INFO  impl.LeaderElection (LeaderElection.java:askForVotes(450)) - 43369f36-6a0f-45ae-a8eb-f0d390948370@group-63ACBE5F7EDA-LeaderElection137 PRE_VOTE round 0: result REJECTED
2025-10-10 10:38:59,175 [43369f36-6a0f-45ae-a8eb-f0d390948370@group-63ACBE5F7EDA-LeaderElection137] INFO  server.RaftServer$Division (RaftServerImpl.java:setRole(392)) - 43369f36-6a0f-45ae-a8eb-f0d390948370@group-63ACBE5F7EDA: changes role from CANDIDATE to FOLLOWER at term 1 for REJECTED
2025-10-10 10:38:59,175 [43369f36-6a0f-45ae-a8eb-f0d390948370@group-63ACBE5F7EDA-LeaderElection137] INFO  impl.RoleInfo (RoleInfo.java:shutdownLeaderElection(141)) - 43369f36-6a0f-45ae-a8eb-f0d390948370: shutdown 43369f36-6a0f-45ae-a8eb-f0d390948370@group-63ACBE5F7EDA-LeaderElection137
2025-10-10 10:38:59,175 [43369f36-6a0f-45ae-a8eb-f0d390948370@group-63ACBE5F7EDA-LeaderElection137] INFO  impl.RoleInfo (RoleInfo.java:updateAndGet(148)) - 43369f36-6a0f-45ae-a8eb-f0d390948370: start 43369f36-6a0f-45ae-a8eb-f0d390948370@group-63ACBE5F7EDA-FollowerState
]]></system-out>
  </testcase>
  <testcase name="testContainerExclusionWithClosedContainerException" classname="org.apache.hadoop.ozone.client.rpc.TestFailureHandlingByClient" time="4.225">
    <system-out><![CDATA[2025-10-10 10:38:59,395 [ForkJoinPool-1-worker-1] WARN  dropwizard3.Dm3MetricRegistriesImpl (Dm3MetricRegistriesImpl.java:addReporterRegistration(114)) - New reporters are added after registries were created. Some metrics will be missing from the reporter. Please add reporter before adding any new registry.
2025-10-10 10:38:59,395 [ForkJoinPool-1-worker-1] WARN  dropwizard3.Dm3MetricRegistriesImpl (Dm3MetricRegistriesImpl.java:addReporterRegistration(114)) - New reporters are added after registries were created. Some metrics will be missing from the reporter. Please add reporter before adding any new registry.
2025-10-10 10:38:59,432 [ForkJoinPool-1-worker-1] INFO  ozone.HddsDatanodeService (HddsDatanodeService.java:start(236)) - HddsDatanodeService bb95c33f-a3cb-4bbe-957e-8163c1fc1114(localhost/127.0.0.1)
2025-10-10 10:38:59,434 [ForkJoinPool-1-worker-1] INFO  upgrade.AbstractLayoutVersionManager (AbstractLayoutVersionManager.java:init(80)) - Initializing Layout version manager with metadata layout = WITNESSED_CONTAINER_DB_PROTO_VALUE (version = 9), software layout = WITNESSED_CONTAINER_DB_PROTO_VALUE (version = 9)
2025-10-10 10:38:59,435 [ForkJoinPool-1-worker-1] INFO  statemachine.DatanodeStateMachine (DatanodeStateMachine.java:getEndPointTaskThreadPoolSize(321)) - Datanode State Machine Task Thread Pool size 2
2025-10-10 10:38:59,438 [ForkJoinPool-1-worker-1] INFO  volume.HddsVolume (HddsVolume.java:<init>(162)) - HddsVolume: { id=DS-96d12f97-f01f-4e1a-aadc-cb85e2aa7b77 dir=/home/runner/work/ozone/ozone/hadoop-ozone/integration-test/target/test-dir/MiniOzoneClusterImpl-611c99c7-d47b-4433-a4ef-cd0a35b076ef/ozone-metadata/datanode-3/data-0/hdds type=DISK capacity=9222449699674390527 used=0 available=9222449699674390527 minFree=9222450130714624 committed=0 }
2025-10-10 10:38:59,438 [ForkJoinPool-1-worker-1] INFO  volume.MutableVolumeSet (MutableVolumeSet.java:initializeVolumeSet(175)) - Added Volume : /home/runner/work/ozone/ozone/hadoop-ozone/integration-test/target/test-dir/MiniOzoneClusterImpl-611c99c7-d47b-4433-a4ef-cd0a35b076ef/ozone-metadata/datanode-3/data-0/hdds to VolumeSet
2025-10-10 10:38:59,440 [ForkJoinPool-1-worker-1] INFO  volume.MutableVolumeSet (MutableVolumeSet.java:initializeVolumeSet(175)) - Added Volume : /home/runner/work/ozone/ozone/hadoop-ozone/integration-test/target/test-dir/MiniOzoneClusterImpl-611c99c7-d47b-4433-a4ef-cd0a35b076ef/ozone-metadata/datanode-3/ratis to VolumeSet
2025-10-10 10:38:59,459 [ForkJoinPool.commonPool-worker-2] INFO  utils.DatanodeStoreCache (DatanodeStoreCache.java:addDB(70)) - Added db /home/runner/work/ozone/ozone/hadoop-ozone/integration-test/target/test-dir/MiniOzoneClusterImpl-611c99c7-d47b-4433-a4ef-cd0a35b076ef/ozone-metadata/datanode-3/data-0/hdds/611c99c7-d47b-4433-a4ef-cd0a35b076ef/DS-96d12f97-f01f-4e1a-aadc-cb85e2aa7b77/container.db to cache
2025-10-10 10:38:59,459 [ForkJoinPool.commonPool-worker-2] INFO  volume.HddsVolume (HddsVolume.java:loadDbStore(517)) - SchemaV3 db is loaded at /home/runner/work/ozone/ozone/hadoop-ozone/integration-test/target/test-dir/MiniOzoneClusterImpl-611c99c7-d47b-4433-a4ef-cd0a35b076ef/ozone-metadata/datanode-3/data-0/hdds/611c99c7-d47b-4433-a4ef-cd0a35b076ef/DS-96d12f97-f01f-4e1a-aadc-cb85e2aa7b77/container.db for volume DS-96d12f97-f01f-4e1a-aadc-cb85e2aa7b77
2025-10-10 10:38:59,459 [ForkJoinPool-1-worker-1] INFO  ozoneimpl.OzoneContainer (HddsVolumeUtil.java:loadAllHddsVolumeDbStore(102)) - Load 1 volumes DbStore cost: 19ms
2025-10-10 10:38:59,459 [ForkJoinPool-1-worker-1] WARN  db.DBStoreBuilder (DBStoreBuilder.java:getDBDirPath(157)) - ozone.scm.datanode.id.dir is not configured. We recommend adding this setting. Falling back to ozone.metadata.dirs instead.
2025-10-10 10:38:59,460 [ForkJoinPool-1-worker-1] WARN  db.DBStoreBuilder (DBStoreBuilder.java:getDBDirPath(157)) - ozone.scm.datanode.id.dir is not configured. We recommend adding this setting. Falling back to ozone.metadata.dirs instead.
2025-10-10 10:38:59,471 [ForkJoinPool-1-worker-1] INFO  impl.FilePerChunkStrategy (FilePerChunkStrategy.java:<init>(79)) - ozone.chunk.read.mapped.buffer.max.count is load with 0
2025-10-10 10:38:59,472 [ForkJoinPool-1-worker-1] INFO  impl.FilePerBlockStrategy (FilePerBlockStrategy.java:<init>(88)) - ozone.chunk.read.mapped.buffer.max.count is load with 0
2025-10-10 10:38:59,473 [ForkJoinPool-1-worker-1] INFO  server.RaftServerConfigKeys (ConfUtils.java:logGet(62)) - raft.server.log.appender.buffer.byte-limit = 33554432 (custom)
2025-10-10 10:38:59,474 [ForkJoinPool-1-worker-1] INFO  grpc.GrpcConfigKeys (ConfUtils.java:logFallback(69)) - raft.grpc.admin.host = null (fallback to raft.grpc.server.host)
2025-10-10 10:38:59,474 [ForkJoinPool-1-worker-1] INFO  grpc.GrpcConfigKeys (ConfUtils.java:logGet(62)) - raft.grpc.admin.port = 15030 (custom)
2025-10-10 10:38:59,474 [ForkJoinPool-1-worker-1] INFO  grpc.GrpcConfigKeys (ConfUtils.java:logFallback(69)) - raft.grpc.client.host = null (fallback to raft.grpc.server.host)
2025-10-10 10:38:59,474 [ForkJoinPool-1-worker-1] INFO  grpc.GrpcConfigKeys (ConfUtils.java:logGet(62)) - raft.grpc.client.port = 15029 (custom)
2025-10-10 10:38:59,474 [ForkJoinPool-1-worker-1] INFO  grpc.GrpcConfigKeys (ConfUtils.java:logGet(62)) - raft.grpc.server.port = 15031 (custom)
2025-10-10 10:38:59,475 [ForkJoinPool-1-worker-1] INFO  server.GrpcServicesImpl (ConfUtils.java:logGet(62)) - raft.grpc.message.size.max = 34603008 (custom)
2025-10-10 10:38:59,475 [ForkJoinPool-1-worker-1] INFO  server.GrpcServicesImpl (ConfUtils.java:logGet(62)) - raft.grpc.flow.control.window = 5MB (=5242880) (custom)
2025-10-10 10:38:59,475 [ForkJoinPool-1-worker-1] INFO  server.RaftServerConfigKeys (ConfUtils.java:logGet(62)) - raft.server.log.appender.buffer.byte-limit = 33554432 (custom)
2025-10-10 10:38:59,476 [ForkJoinPool-1-worker-1] INFO  netty.NettyUtils (NettyUtils.java:newEventLoopGroup(74)) - Create EpollEventLoopGroup for bb95c33f-a3cb-4bbe-957e-8163c1fc1114-NettyServerStreamRpc-bossGroup; Thread size is 0.
2025-10-10 10:38:59,477 [ForkJoinPool-1-worker-1] INFO  netty.NettyUtils (NettyUtils.java:newEventLoopGroup(74)) - Create EpollEventLoopGroup for bb95c33f-a3cb-4bbe-957e-8163c1fc1114-NettyServerStreamRpc-workerGroup; Thread size is 0.
2025-10-10 10:38:59,478 [ForkJoinPool-1-worker-1] INFO  netty.NettyConfigKeys$DataStream (ConfUtils.java:logGet(62)) - raft.netty.dataStream.port = 15032 (custom)
2025-10-10 10:38:59,478 [ForkJoinPool-1-worker-1] INFO  server.RaftServerConfigKeys (ConfUtils.java:logGet(62)) - raft.server.storage.dir = [/home/runner/work/ozone/ozone/hadoop-ozone/integration-test/target/test-dir/MiniOzoneClusterImpl-611c99c7-d47b-4433-a4ef-cd0a35b076ef/ozone-metadata/datanode-3/ratis] (custom)
2025-10-10 10:38:59,479 [bb95c33f-a3cb-4bbe-957e-8163c1fc1114-NettyServerStreamRpc-bossGroup--thread1] INFO  logging.LoggingHandler (AbstractInternalLogger.java:log(148)) - [id: 0xeac19101] REGISTERED
2025-10-10 10:38:59,479 [bb95c33f-a3cb-4bbe-957e-8163c1fc1114-impl-thread1] INFO  server.RaftServer (RaftServerProxy.java:initGroupDir(270)) - bb95c33f-a3cb-4bbe-957e-8163c1fc1114: found a subdirectory /home/runner/work/ozone/ozone/hadoop-ozone/integration-test/target/test-dir/MiniOzoneClusterImpl-611c99c7-d47b-4433-a4ef-cd0a35b076ef/ozone-metadata/datanode-3/ratis/c1a6ce75-0ec5-4b07-b27a-63acbe5f7eda
2025-10-10 10:38:59,479 [bb95c33f-a3cb-4bbe-957e-8163c1fc1114-NettyServerStreamRpc-bossGroup--thread1] INFO  logging.LoggingHandler (AbstractInternalLogger.java:log(148)) - [id: 0xeac19101] BIND: 0.0.0.0/0.0.0.0:15032
2025-10-10 10:38:59,480 [bb95c33f-a3cb-4bbe-957e-8163c1fc1114-NettyServerStreamRpc-bossGroup--thread1] INFO  logging.LoggingHandler (AbstractInternalLogger.java:log(148)) - [id: 0xeac19101, L:/0.0.0.0:15032] ACTIVE
2025-10-10 10:38:59,481 [bb95c33f-a3cb-4bbe-957e-8163c1fc1114-impl-thread1] INFO  server.RaftServer (RaftServerProxy.java:addNew(105)) - bb95c33f-a3cb-4bbe-957e-8163c1fc1114: addNew group-63ACBE5F7EDA:[] returns group-63ACBE5F7EDA:java.util.concurrent.CompletableFuture@3d279032[Not completed]
2025-10-10 10:38:59,481 [bb95c33f-a3cb-4bbe-957e-8163c1fc1114-impl-thread1] INFO  server.RaftServer (RaftServerProxy.java:initGroupDir(270)) - bb95c33f-a3cb-4bbe-957e-8163c1fc1114: found a subdirectory /home/runner/work/ozone/ozone/hadoop-ozone/integration-test/target/test-dir/MiniOzoneClusterImpl-611c99c7-d47b-4433-a4ef-cd0a35b076ef/ozone-metadata/datanode-3/ratis/tmp
2025-10-10 10:38:59,481 [bb95c33f-a3cb-4bbe-957e-8163c1fc1114-impl-thread1] INFO  server.RaftServer (RaftServerProxy.java:initGroupDir(275)) - bb95c33f-a3cb-4bbe-957e-8163c1fc1114: The directory /home/runner/work/ozone/ozone/hadoop-ozone/integration-test/target/test-dir/MiniOzoneClusterImpl-611c99c7-d47b-4433-a4ef-cd0a35b076ef/ozone-metadata/datanode-3/ratis/tmp is not a group directory; ignoring it. 
2025-10-10 10:38:59,481 [bb95c33f-a3cb-4bbe-957e-8163c1fc1114-impl-thread1] INFO  server.RaftServer (RaftServerProxy.java:initGroupDir(270)) - bb95c33f-a3cb-4bbe-957e-8163c1fc1114: found a subdirectory /home/runner/work/ozone/ozone/hadoop-ozone/integration-test/target/test-dir/MiniOzoneClusterImpl-611c99c7-d47b-4433-a4ef-cd0a35b076ef/ozone-metadata/datanode-3/ratis/383f4c41-c860-4c85-a7b1-ff215623fab7
2025-10-10 10:38:59,481 [bb95c33f-a3cb-4bbe-957e-8163c1fc1114-impl-thread1] INFO  server.RaftServer (RaftServerProxy.java:addNew(105)) - bb95c33f-a3cb-4bbe-957e-8163c1fc1114: addNew group-FF215623FAB7:[] returns group-FF215623FAB7:java.util.concurrent.CompletableFuture@2432f1de[Not completed]
2025-10-10 10:38:59,481 [bb95c33f-a3cb-4bbe-957e-8163c1fc1114-impl-thread1] INFO  server.RaftServer (RaftServerProxy.java:initGroupDir(270)) - bb95c33f-a3cb-4bbe-957e-8163c1fc1114: found a subdirectory /home/runner/work/ozone/ozone/hadoop-ozone/integration-test/target/test-dir/MiniOzoneClusterImpl-611c99c7-d47b-4433-a4ef-cd0a35b076ef/ozone-metadata/datanode-3/ratis/6f49885d-a34d-467d-8256-7e155e250634
2025-10-10 10:38:59,481 [bb95c33f-a3cb-4bbe-957e-8163c1fc1114-impl-thread1] INFO  server.RaftServer (RaftServerProxy.java:addNew(105)) - bb95c33f-a3cb-4bbe-957e-8163c1fc1114: addNew group-7E155E250634:[] returns group-7E155E250634:java.util.concurrent.CompletableFuture@c50ed83[Not completed]
2025-10-10 10:38:59,481 [bb95c33f-a3cb-4bbe-957e-8163c1fc1114-groupManagement] INFO  server.RaftServer$Division (RaftServerImpl.java:<init>(268)) - bb95c33f-a3cb-4bbe-957e-8163c1fc1114: new RaftServerImpl for group-63ACBE5F7EDA:[] with ContainerStateMachine:uninitialized
2025-10-10 10:38:59,481 [bb95c33f-a3cb-4bbe-957e-8163c1fc1114-groupManagement] INFO  server.RaftServer$Division (ServerState.java:<init>(114)) - bb95c33f-a3cb-4bbe-957e-8163c1fc1114@group-63ACBE5F7EDA: ConfigurationManager, init=conf: {index: -1, cur=peers:[]|listeners:[], old=null}, confs=<EMPTY_MAP>
2025-10-10 10:38:59,482 [ForkJoinPool-1-worker-1] INFO  replication.ReplicationServer (ReplicationServer.java:<init>(84)) - Initializing replication server with thread count = 10 queue length = 4096
2025-10-10 10:38:59,483 [ForkJoinPool-1-worker-1] INFO  server.XceiverServerGrpc (XceiverServerGrpc.java:<init>(129)) - GrpcServer channel type EpollServerSocketChannel
2025-10-10 10:38:59,485 [ForkJoinPool-1-worker-1] INFO  replication.ReplicationSupervisor (ReplicationSupervisor.java:build(169)) - Initializing replication supervisor with thread count = 10
2025-10-10 10:38:59,485 [ForkJoinPool-1-worker-1] INFO  replication.ReplicationSupervisor (ReplicationSupervisor.java:nodeStateUpdated(358)) - Node state updated to IN_SERVICE, scaling executor pool size to 10
2025-10-10 10:38:59,489 [ForkJoinPool-1-worker-1] INFO  http.BaseHttpServer (BaseHttpServer.java:newHttpServer2BuilderForOzone(227)) - Starting Web-server for hddsDatanode at: http://0.0.0.0:15026
2025-10-10 10:38:59,489 [ForkJoinPool-1-worker-1] INFO  http.BaseHttpServer (BaseHttpServer.java:<init>(105)) - Hadoop Security Enabled: false Ozone Security Enabled: false Ozone HTTP Security Enabled: false 
2025-10-10 10:38:59,490 [bb95c33f-a3cb-4bbe-957e-8163c1fc1114-groupManagement] INFO  server.RaftServer$Division (RaftServerImpl.java:<init>(268)) - bb95c33f-a3cb-4bbe-957e-8163c1fc1114: new RaftServerImpl for group-FF215623FAB7:[] with ContainerStateMachine:uninitialized
2025-10-10 10:38:59,490 [bb95c33f-a3cb-4bbe-957e-8163c1fc1114-groupManagement] INFO  server.RaftServer$Division (ServerState.java:<init>(114)) - bb95c33f-a3cb-4bbe-957e-8163c1fc1114@group-FF215623FAB7: ConfigurationManager, init=conf: {index: -1, cur=peers:[]|listeners:[], old=null}, confs=<EMPTY_MAP>
2025-10-10 10:38:59,492 [ForkJoinPool-1-worker-1] WARN  server.AuthenticationFilter (AuthenticationFilter.java:constructSecretProvider(240)) - Unable to initialize FileSignerSecretProvider, falling back to use random secrets. Reason: Could not read signature secret file: /home/runner/hadoop-http-auth-signature-secret
2025-10-10 10:38:59,495 [bb95c33f-a3cb-4bbe-957e-8163c1fc1114-groupManagement] INFO  server.RaftServer$Division (RaftServerImpl.java:<init>(268)) - bb95c33f-a3cb-4bbe-957e-8163c1fc1114: new RaftServerImpl for group-7E155E250634:[] with ContainerStateMachine:uninitialized
2025-10-10 10:38:59,495 [bb95c33f-a3cb-4bbe-957e-8163c1fc1114-groupManagement] INFO  server.RaftServer$Division (ServerState.java:<init>(114)) - bb95c33f-a3cb-4bbe-957e-8163c1fc1114@group-7E155E250634: ConfigurationManager, init=conf: {index: -1, cur=peers:[]|listeners:[], old=null}, confs=<EMPTY_MAP>
2025-10-10 10:38:59,495 [ForkJoinPool-1-worker-1] INFO  http.HttpServer2 (HttpServer2.java:addGlobalFilter(1040)) - Added global filter 'safety' (class=org.apache.hadoop.hdds.server.http.HttpServer2$QuotingInputFilter)
2025-10-10 10:38:59,498 [ForkJoinPool-1-worker-1] INFO  http.HttpServer2 (HttpServer2.java:addFilter(1016)) - Added filter static_user_filter (class=org.apache.hadoop.http.lib.StaticUserWebFilter$StaticUserFilter) to context hddsDatanode
2025-10-10 10:38:59,498 [ForkJoinPool-1-worker-1] INFO  http.HttpServer2 (HttpServer2.java:addFilter(1024)) - Added filter static_user_filter (class=org.apache.hadoop.http.lib.StaticUserWebFilter$StaticUserFilter) to context static
2025-10-10 10:38:59,498 [ForkJoinPool-1-worker-1] INFO  http.HttpServer2 (HttpServer2.java:addFilter(1024)) - Added filter static_user_filter (class=org.apache.hadoop.http.lib.StaticUserWebFilter$StaticUserFilter) to context logs
2025-10-10 10:38:59,499 [ForkJoinPool-1-worker-1] INFO  http.BaseHttpServer (BaseHttpServer.java:<init>(193)) - HTTP server of hddsDatanode uses base directory /home/runner/work/ozone/ozone/hadoop-ozone/integration-test/target/test-dir/MiniOzoneClusterImpl-611c99c7-d47b-4433-a4ef-cd0a35b076ef/scm/ozone-metadata/webserver
2025-10-10 10:38:59,499 [ForkJoinPool-1-worker-1] INFO  http.HttpServer2 (HttpServer2.java:bindListener(1240)) - Jetty bound to port 15026
2025-10-10 10:38:59,500 [ForkJoinPool-1-worker-1] INFO  server.Server (Server.java:doStart(375)) - jetty-9.4.58.v20250814; built: 2025-08-14T02:28:49.637Z; git: 8f1440587e9e4ae7db3d74cf205643f3d707148d; jvm 21.0.8+9-LTS
2025-10-10 10:38:59,502 [ForkJoinPool-1-worker-1] INFO  server.session (DefaultSessionIdManager.java:doStart(334)) - DefaultSessionIdManager workerName=node0
2025-10-10 10:38:59,502 [ForkJoinPool-1-worker-1] INFO  server.session (DefaultSessionIdManager.java:doStart(339)) - No SessionScavenger set, using defaults
2025-10-10 10:38:59,502 [ForkJoinPool-1-worker-1] INFO  server.session (HouseKeeper.java:startScavenging(132)) - node0 Scavenging every 660000ms
2025-10-10 10:38:59,504 [ForkJoinPool-1-worker-1] INFO  handler.ContextHandler (ContextHandler.java:doStart(921)) - Started o.e.j.s.ServletContextHandler@3bcac70b{logs,/logs,file:///home/runner/work/ozone/ozone/hadoop-ozone/integration-test/target/log,AVAILABLE}
2025-10-10 10:38:59,504 [ForkJoinPool-1-worker-1] INFO  handler.ContextHandler (ContextHandler.java:doStart(921)) - Started o.e.j.s.ServletContextHandler@34d5bd45{static,/static,jar:file:/home/runner/work/ozone/ozone/hadoop-hdds/container-service/target/hdds-container-service-2.1.0-SNAPSHOT.jar!/webapps/static,AVAILABLE}
2025-10-10 10:38:59,658 [ForkJoinPool-1-worker-1] INFO  handler.ContextHandler (ContextHandler.java:doStart(921)) - Started o.e.j.w.WebAppContext@215145f0{hddsDatanode,/,file:///home/runner/work/ozone/ozone/hadoop-ozone/integration-test/target/test-dir/MiniOzoneClusterImpl-611c99c7-d47b-4433-a4ef-cd0a35b076ef/scm/ozone-metadata/webserver/jetty-0_0_0_0-15026-hdds-container-service-2_1_0-SNAPSHOT_jar-_-any-2601694324611549676/webapp/,AVAILABLE}{jar:file:/home/runner/work/ozone/ozone/hadoop-hdds/container-service/target/hdds-container-service-2.1.0-SNAPSHOT.jar!/webapps/hddsDatanode}
2025-10-10 10:38:59,658 [ForkJoinPool-1-worker-1] INFO  server.AbstractConnector (AbstractConnector.java:doStart(333)) - Started ServerConnector@bc0a594{HTTP/1.1, (http/1.1)}{0.0.0.0:15026}
2025-10-10 10:38:59,658 [ForkJoinPool-1-worker-1] INFO  server.Server (Server.java:doStart(415)) - Started @88346ms
2025-10-10 10:38:59,659 [ForkJoinPool-1-worker-1] WARN  impl.MetricsSystemImpl (MetricsSystemImpl.java:register(279)) - Sink prometheus already exists!
2025-10-10 10:38:59,659 [ForkJoinPool-1-worker-1] INFO  http.BaseHttpServer (BaseHttpServer.java:updateConnectorAddress(357)) - HTTP server of hddsDatanode listening at http://localhost:15026
2025-10-10 10:38:59,659 [ForkJoinPool-1-worker-1] INFO  ipc.CallQueueManager (CallQueueManager.java:<init>(93)) - Using callQueue: class java.util.concurrent.LinkedBlockingQueue, queueCapacity: 1000, scheduler: class org.apache.hadoop.ipc.DefaultRpcScheduler, ipcBackoff: false, ipcFailOver: false.
2025-10-10 10:38:59,659 [ForkJoinPool-1-worker-1] INFO  ipc.Server (Server.java:<init>(1438)) - Listener at 0.0.0.0:15027
2025-10-10 10:38:59,660 [Socket Reader #1 for port 15027] INFO  ipc.Server (Server.java:run(1474)) - Starting Socket Reader #1 for port 15027
2025-10-10 10:38:59,660 [Socket Reader #2 for port 15027] INFO  ipc.Server (Server.java:run(1474)) - Starting Socket Reader #2 for port 15027
2025-10-10 10:38:59,660 [Socket Reader #3 for port 15027] INFO  ipc.Server (Server.java:run(1474)) - Starting Socket Reader #3 for port 15027
2025-10-10 10:38:59,660 [Socket Reader #4 for port 15027] INFO  ipc.Server (Server.java:run(1474)) - Starting Socket Reader #4 for port 15027
2025-10-10 10:38:59,660 [Socket Reader #5 for port 15027] INFO  ipc.Server (Server.java:run(1474)) - Starting Socket Reader #5 for port 15027
2025-10-10 10:38:59,661 [Socket Reader #6 for port 15027] INFO  ipc.Server (Server.java:run(1474)) - Starting Socket Reader #6 for port 15027
2025-10-10 10:38:59,661 [Socket Reader #7 for port 15027] INFO  ipc.Server (Server.java:run(1474)) - Starting Socket Reader #7 for port 15027
2025-10-10 10:38:59,661 [Socket Reader #8 for port 15027] INFO  ipc.Server (Server.java:run(1474)) - Starting Socket Reader #8 for port 15027
2025-10-10 10:38:59,661 [Socket Reader #9 for port 15027] INFO  ipc.Server (Server.java:run(1474)) - Starting Socket Reader #9 for port 15027
2025-10-10 10:38:59,661 [Socket Reader #10 for port 15027] INFO  ipc.Server (Server.java:run(1474)) - Starting Socket Reader #10 for port 15027
2025-10-10 10:38:59,663 [ForkJoinPool-1-worker-1] INFO  ozone.HddsDatanodeService (HddsDatanodeService.java:start(333)) - Datanode start with admins: [admin, runner]
2025-10-10 10:38:59,663 [ForkJoinPool-1-worker-1] INFO  ozone.HddsDatanodeClientProtocolServer (HddsDatanodeClientProtocolServer.java:start(76)) - RPC server for Client /0.0.0.0:15027
2025-10-10 10:38:59,664 [IPC Server Responder] INFO  ipc.Server (Server.java:run(1713)) - IPC Server Responder: starting
2025-10-10 10:38:59,664 [IPC Server listener on 15027] INFO  ipc.Server (Server.java:run(1553)) - IPC Server listener on 15027: starting
2025-10-10 10:38:59,667 [ForkJoinPool-1-worker-1] WARN  dropwizard3.Dm3MetricRegistriesImpl (Dm3MetricRegistriesImpl.java:addReporterRegistration(114)) - New reporters are added after registries were created. Some metrics will be missing from the reporter. Please add reporter before adding any new registry.
2025-10-10 10:38:59,667 [ForkJoinPool-1-worker-1] WARN  dropwizard3.Dm3MetricRegistriesImpl (Dm3MetricRegistriesImpl.java:addReporterRegistration(114)) - New reporters are added after registries were created. Some metrics will be missing from the reporter. Please add reporter before adding any new registry.
2025-10-10 10:38:59,668 [bb95c33f-a3cb-4bbe-957e-8163c1fc1114-DatanodeStateMachineDaemonThread] INFO  statemachine.DatanodeStateMachine (DatanodeStateMachine.java:startStateMachineThread(363)) - Ozone container server started.
2025-10-10 10:38:59,675 [bb95c33f-a3cb-4bbe-957e-8163c1fc1114-DatanodeStateMachineTaskThread-0] INFO  datanode.InitDatanodeState (InitDatanodeState.java:persistContainerDatanodeDetails(139)) - DatanodeDetails is persisted to /home/runner/work/ozone/ozone/hadoop-ozone/integration-test/target/test-dir/MiniOzoneClusterImpl-611c99c7-d47b-4433-a4ef-cd0a35b076ef/ozone-metadata/datanode-3/ozone-metadata/datanode.id
2025-10-10 10:38:59,692 [ForkJoinPool-1-worker-1] INFO  ozone.HddsDatanodeService (HddsDatanodeService.java:start(236)) - HddsDatanodeService 1a301c79-b9ef-44e0-a0ae-b339f61819a5(localhost/127.0.0.1)
2025-10-10 10:38:59,693 [ForkJoinPool-1-worker-1] INFO  upgrade.AbstractLayoutVersionManager (AbstractLayoutVersionManager.java:init(80)) - Initializing Layout version manager with metadata layout = WITNESSED_CONTAINER_DB_PROTO_VALUE (version = 9), software layout = WITNESSED_CONTAINER_DB_PROTO_VALUE (version = 9)
2025-10-10 10:38:59,694 [ForkJoinPool-1-worker-1] INFO  statemachine.DatanodeStateMachine (DatanodeStateMachine.java:getEndPointTaskThreadPoolSize(321)) - Datanode State Machine Task Thread Pool size 2
2025-10-10 10:38:59,697 [ForkJoinPool-1-worker-1] INFO  volume.HddsVolume (HddsVolume.java:<init>(162)) - HddsVolume: { id=DS-dbeeb2d7-87c9-464d-a232-67ecec18d322 dir=/home/runner/work/ozone/ozone/hadoop-ozone/integration-test/target/test-dir/MiniOzoneClusterImpl-611c99c7-d47b-4433-a4ef-cd0a35b076ef/ozone-metadata/datanode-2/data-0/hdds type=DISK capacity=9222449699674390527 used=0 available=9222449699674390527 minFree=9222450130714624 committed=0 }
2025-10-10 10:38:59,697 [ForkJoinPool-1-worker-1] INFO  volume.MutableVolumeSet (MutableVolumeSet.java:initializeVolumeSet(175)) - Added Volume : /home/runner/work/ozone/ozone/hadoop-ozone/integration-test/target/test-dir/MiniOzoneClusterImpl-611c99c7-d47b-4433-a4ef-cd0a35b076ef/ozone-metadata/datanode-2/data-0/hdds to VolumeSet
2025-10-10 10:38:59,698 [ForkJoinPool-1-worker-1] INFO  volume.MutableVolumeSet (MutableVolumeSet.java:initializeVolumeSet(175)) - Added Volume : /home/runner/work/ozone/ozone/hadoop-ozone/integration-test/target/test-dir/MiniOzoneClusterImpl-611c99c7-d47b-4433-a4ef-cd0a35b076ef/ozone-metadata/datanode-2/ratis to VolumeSet
2025-10-10 10:38:59,713 [ForkJoinPool.commonPool-worker-2] INFO  utils.DatanodeStoreCache (DatanodeStoreCache.java:addDB(70)) - Added db /home/runner/work/ozone/ozone/hadoop-ozone/integration-test/target/test-dir/MiniOzoneClusterImpl-611c99c7-d47b-4433-a4ef-cd0a35b076ef/ozone-metadata/datanode-2/data-0/hdds/611c99c7-d47b-4433-a4ef-cd0a35b076ef/DS-dbeeb2d7-87c9-464d-a232-67ecec18d322/container.db to cache
2025-10-10 10:38:59,713 [ForkJoinPool.commonPool-worker-2] INFO  volume.HddsVolume (HddsVolume.java:loadDbStore(517)) - SchemaV3 db is loaded at /home/runner/work/ozone/ozone/hadoop-ozone/integration-test/target/test-dir/MiniOzoneClusterImpl-611c99c7-d47b-4433-a4ef-cd0a35b076ef/ozone-metadata/datanode-2/data-0/hdds/611c99c7-d47b-4433-a4ef-cd0a35b076ef/DS-dbeeb2d7-87c9-464d-a232-67ecec18d322/container.db for volume DS-dbeeb2d7-87c9-464d-a232-67ecec18d322
2025-10-10 10:38:59,713 [ForkJoinPool-1-worker-1] INFO  ozoneimpl.OzoneContainer (HddsVolumeUtil.java:loadAllHddsVolumeDbStore(102)) - Load 1 volumes DbStore cost: 14ms
2025-10-10 10:38:59,714 [ForkJoinPool-1-worker-1] WARN  db.DBStoreBuilder (DBStoreBuilder.java:getDBDirPath(157)) - ozone.scm.datanode.id.dir is not configured. We recommend adding this setting. Falling back to ozone.metadata.dirs instead.
2025-10-10 10:38:59,714 [ForkJoinPool-1-worker-1] WARN  db.DBStoreBuilder (DBStoreBuilder.java:getDBDirPath(157)) - ozone.scm.datanode.id.dir is not configured. We recommend adding this setting. Falling back to ozone.metadata.dirs instead.
2025-10-10 10:38:59,723 [ForkJoinPool-1-worker-1] INFO  impl.FilePerChunkStrategy (FilePerChunkStrategy.java:<init>(79)) - ozone.chunk.read.mapped.buffer.max.count is load with 0
2025-10-10 10:38:59,723 [ForkJoinPool-1-worker-1] INFO  impl.FilePerBlockStrategy (FilePerBlockStrategy.java:<init>(88)) - ozone.chunk.read.mapped.buffer.max.count is load with 0
2025-10-10 10:38:59,724 [ForkJoinPool-1-worker-1] INFO  server.RaftServerConfigKeys (ConfUtils.java:logGet(62)) - raft.server.log.appender.buffer.byte-limit = 33554432 (custom)
2025-10-10 10:38:59,725 [ForkJoinPool-1-worker-1] INFO  grpc.GrpcConfigKeys (ConfUtils.java:logFallback(69)) - raft.grpc.admin.host = null (fallback to raft.grpc.server.host)
2025-10-10 10:38:59,725 [ForkJoinPool-1-worker-1] INFO  grpc.GrpcConfigKeys (ConfUtils.java:logGet(62)) - raft.grpc.admin.port = 15022 (custom)
2025-10-10 10:38:59,725 [ForkJoinPool-1-worker-1] INFO  grpc.GrpcConfigKeys (ConfUtils.java:logFallback(69)) - raft.grpc.client.host = null (fallback to raft.grpc.server.host)
2025-10-10 10:38:59,725 [ForkJoinPool-1-worker-1] INFO  grpc.GrpcConfigKeys (ConfUtils.java:logGet(62)) - raft.grpc.client.port = 15021 (custom)
2025-10-10 10:38:59,725 [ForkJoinPool-1-worker-1] INFO  grpc.GrpcConfigKeys (ConfUtils.java:logGet(62)) - raft.grpc.server.port = 15023 (custom)
2025-10-10 10:38:59,725 [ForkJoinPool-1-worker-1] INFO  server.GrpcServicesImpl (ConfUtils.java:logGet(62)) - raft.grpc.message.size.max = 34603008 (custom)
2025-10-10 10:38:59,726 [ForkJoinPool-1-worker-1] INFO  server.GrpcServicesImpl (ConfUtils.java:logGet(62)) - raft.grpc.flow.control.window = 5MB (=5242880) (custom)
2025-10-10 10:38:59,726 [ForkJoinPool-1-worker-1] INFO  server.RaftServerConfigKeys (ConfUtils.java:logGet(62)) - raft.server.log.appender.buffer.byte-limit = 33554432 (custom)
2025-10-10 10:38:59,727 [ForkJoinPool-1-worker-1] INFO  netty.NettyUtils (NettyUtils.java:newEventLoopGroup(74)) - Create EpollEventLoopGroup for 1a301c79-b9ef-44e0-a0ae-b339f61819a5-NettyServerStreamRpc-bossGroup; Thread size is 0.
2025-10-10 10:38:59,727 [ForkJoinPool-1-worker-1] INFO  netty.NettyUtils (NettyUtils.java:newEventLoopGroup(74)) - Create EpollEventLoopGroup for 1a301c79-b9ef-44e0-a0ae-b339f61819a5-NettyServerStreamRpc-workerGroup; Thread size is 0.
2025-10-10 10:38:59,728 [ForkJoinPool-1-worker-1] INFO  netty.NettyConfigKeys$DataStream (ConfUtils.java:logGet(62)) - raft.netty.dataStream.port = 15024 (custom)
2025-10-10 10:38:59,728 [ForkJoinPool-1-worker-1] INFO  server.RaftServerConfigKeys (ConfUtils.java:logGet(62)) - raft.server.storage.dir = [/home/runner/work/ozone/ozone/hadoop-ozone/integration-test/target/test-dir/MiniOzoneClusterImpl-611c99c7-d47b-4433-a4ef-cd0a35b076ef/ozone-metadata/datanode-2/ratis] (custom)
2025-10-10 10:38:59,728 [1a301c79-b9ef-44e0-a0ae-b339f61819a5-NettyServerStreamRpc-bossGroup--thread1] INFO  logging.LoggingHandler (AbstractInternalLogger.java:log(148)) - [id: 0x07742054] REGISTERED
2025-10-10 10:38:59,729 [1a301c79-b9ef-44e0-a0ae-b339f61819a5-NettyServerStreamRpc-bossGroup--thread1] INFO  logging.LoggingHandler (AbstractInternalLogger.java:log(148)) - [id: 0x07742054] BIND: 0.0.0.0/0.0.0.0:15024
2025-10-10 10:38:59,729 [1a301c79-b9ef-44e0-a0ae-b339f61819a5-NettyServerStreamRpc-bossGroup--thread1] INFO  logging.LoggingHandler (AbstractInternalLogger.java:log(148)) - [id: 0x07742054, L:/0.0.0.0:15024] ACTIVE
2025-10-10 10:38:59,729 [1a301c79-b9ef-44e0-a0ae-b339f61819a5-impl-thread1] INFO  server.RaftServer (RaftServerProxy.java:initGroupDir(270)) - 1a301c79-b9ef-44e0-a0ae-b339f61819a5: found a subdirectory /home/runner/work/ozone/ozone/hadoop-ozone/integration-test/target/test-dir/MiniOzoneClusterImpl-611c99c7-d47b-4433-a4ef-cd0a35b076ef/ozone-metadata/datanode-2/ratis/c1a6ce75-0ec5-4b07-b27a-63acbe5f7eda
2025-10-10 10:38:59,730 [1a301c79-b9ef-44e0-a0ae-b339f61819a5-impl-thread1] INFO  server.RaftServer (RaftServerProxy.java:addNew(105)) - 1a301c79-b9ef-44e0-a0ae-b339f61819a5: addNew group-63ACBE5F7EDA:[] returns group-63ACBE5F7EDA:java.util.concurrent.CompletableFuture@ab948b[Not completed]
2025-10-10 10:38:59,730 [1a301c79-b9ef-44e0-a0ae-b339f61819a5-impl-thread1] INFO  server.RaftServer (RaftServerProxy.java:initGroupDir(270)) - 1a301c79-b9ef-44e0-a0ae-b339f61819a5: found a subdirectory /home/runner/work/ozone/ozone/hadoop-ozone/integration-test/target/test-dir/MiniOzoneClusterImpl-611c99c7-d47b-4433-a4ef-cd0a35b076ef/ozone-metadata/datanode-2/ratis/tmp
2025-10-10 10:38:59,730 [1a301c79-b9ef-44e0-a0ae-b339f61819a5-impl-thread1] INFO  server.RaftServer (RaftServerProxy.java:initGroupDir(275)) - 1a301c79-b9ef-44e0-a0ae-b339f61819a5: The directory /home/runner/work/ozone/ozone/hadoop-ozone/integration-test/target/test-dir/MiniOzoneClusterImpl-611c99c7-d47b-4433-a4ef-cd0a35b076ef/ozone-metadata/datanode-2/ratis/tmp is not a group directory; ignoring it. 
2025-10-10 10:38:59,730 [1a301c79-b9ef-44e0-a0ae-b339f61819a5-impl-thread1] INFO  server.RaftServer (RaftServerProxy.java:initGroupDir(270)) - 1a301c79-b9ef-44e0-a0ae-b339f61819a5: found a subdirectory /home/runner/work/ozone/ozone/hadoop-ozone/integration-test/target/test-dir/MiniOzoneClusterImpl-611c99c7-d47b-4433-a4ef-cd0a35b076ef/ozone-metadata/datanode-2/ratis/6f49885d-a34d-467d-8256-7e155e250634
2025-10-10 10:38:59,730 [1a301c79-b9ef-44e0-a0ae-b339f61819a5-impl-thread1] INFO  server.RaftServer (RaftServerProxy.java:addNew(105)) - 1a301c79-b9ef-44e0-a0ae-b339f61819a5: addNew group-7E155E250634:[] returns group-7E155E250634:java.util.concurrent.CompletableFuture@4477259d[Not completed]
2025-10-10 10:38:59,730 [1a301c79-b9ef-44e0-a0ae-b339f61819a5-impl-thread1] INFO  server.RaftServer (RaftServerProxy.java:initGroupDir(270)) - 1a301c79-b9ef-44e0-a0ae-b339f61819a5: found a subdirectory /home/runner/work/ozone/ozone/hadoop-ozone/integration-test/target/test-dir/MiniOzoneClusterImpl-611c99c7-d47b-4433-a4ef-cd0a35b076ef/ozone-metadata/datanode-2/ratis/23a59a5c-0f7b-4c26-811d-c7a1d0df5f33
2025-10-10 10:38:59,730 [1a301c79-b9ef-44e0-a0ae-b339f61819a5-impl-thread1] INFO  server.RaftServer (RaftServerProxy.java:addNew(105)) - 1a301c79-b9ef-44e0-a0ae-b339f61819a5: addNew group-C7A1D0DF5F33:[] returns group-C7A1D0DF5F33:java.util.concurrent.CompletableFuture@31e150bd[Not completed]
2025-10-10 10:38:59,730 [ForkJoinPool-1-worker-1] INFO  replication.ReplicationServer (ReplicationServer.java:<init>(84)) - Initializing replication server with thread count = 10 queue length = 4096
2025-10-10 10:38:59,731 [ForkJoinPool-1-worker-1] INFO  server.XceiverServerGrpc (XceiverServerGrpc.java:<init>(129)) - GrpcServer channel type EpollServerSocketChannel
2025-10-10 10:38:59,731 [1a301c79-b9ef-44e0-a0ae-b339f61819a5-groupManagement] INFO  server.RaftServer$Division (RaftServerImpl.java:<init>(268)) - 1a301c79-b9ef-44e0-a0ae-b339f61819a5: new RaftServerImpl for group-63ACBE5F7EDA:[] with ContainerStateMachine:uninitialized
2025-10-10 10:38:59,731 [1a301c79-b9ef-44e0-a0ae-b339f61819a5-groupManagement] INFO  server.RaftServer$Division (ServerState.java:<init>(114)) - 1a301c79-b9ef-44e0-a0ae-b339f61819a5@group-63ACBE5F7EDA: ConfigurationManager, init=conf: {index: -1, cur=peers:[]|listeners:[], old=null}, confs=<EMPTY_MAP>
2025-10-10 10:38:59,732 [ForkJoinPool-1-worker-1] INFO  replication.ReplicationSupervisor (ReplicationSupervisor.java:build(169)) - Initializing replication supervisor with thread count = 10
2025-10-10 10:38:59,732 [ForkJoinPool-1-worker-1] INFO  replication.ReplicationSupervisor (ReplicationSupervisor.java:nodeStateUpdated(358)) - Node state updated to IN_SERVICE, scaling executor pool size to 10
2025-10-10 10:38:59,735 [ForkJoinPool-1-worker-1] INFO  http.BaseHttpServer (BaseHttpServer.java:newHttpServer2BuilderForOzone(227)) - Starting Web-server for hddsDatanode at: http://0.0.0.0:15018
2025-10-10 10:38:59,735 [ForkJoinPool-1-worker-1] INFO  http.BaseHttpServer (BaseHttpServer.java:<init>(105)) - Hadoop Security Enabled: false Ozone Security Enabled: false Ozone HTTP Security Enabled: false 
2025-10-10 10:38:59,736 [1a301c79-b9ef-44e0-a0ae-b339f61819a5-groupManagement] INFO  server.RaftServer$Division (RaftServerImpl.java:<init>(268)) - 1a301c79-b9ef-44e0-a0ae-b339f61819a5: new RaftServerImpl for group-7E155E250634:[] with ContainerStateMachine:uninitialized
2025-10-10 10:38:59,736 [1a301c79-b9ef-44e0-a0ae-b339f61819a5-groupManagement] INFO  server.RaftServer$Division (ServerState.java:<init>(114)) - 1a301c79-b9ef-44e0-a0ae-b339f61819a5@group-7E155E250634: ConfigurationManager, init=conf: {index: -1, cur=peers:[]|listeners:[], old=null}, confs=<EMPTY_MAP>
2025-10-10 10:38:59,737 [ForkJoinPool-1-worker-1] WARN  server.AuthenticationFilter (AuthenticationFilter.java:constructSecretProvider(240)) - Unable to initialize FileSignerSecretProvider, falling back to use random secrets. Reason: Could not read signature secret file: /home/runner/hadoop-http-auth-signature-secret
2025-10-10 10:38:59,739 [ForkJoinPool-1-worker-1] INFO  http.HttpServer2 (HttpServer2.java:addGlobalFilter(1040)) - Added global filter 'safety' (class=org.apache.hadoop.hdds.server.http.HttpServer2$QuotingInputFilter)
2025-10-10 10:38:59,741 [1a301c79-b9ef-44e0-a0ae-b339f61819a5-groupManagement] INFO  server.RaftServer$Division (RaftServerImpl.java:<init>(268)) - 1a301c79-b9ef-44e0-a0ae-b339f61819a5: new RaftServerImpl for group-C7A1D0DF5F33:[] with ContainerStateMachine:uninitialized
2025-10-10 10:38:59,741 [1a301c79-b9ef-44e0-a0ae-b339f61819a5-groupManagement] INFO  server.RaftServer$Division (ServerState.java:<init>(114)) - 1a301c79-b9ef-44e0-a0ae-b339f61819a5@group-C7A1D0DF5F33: ConfigurationManager, init=conf: {index: -1, cur=peers:[]|listeners:[], old=null}, confs=<EMPTY_MAP>
2025-10-10 10:38:59,742 [ForkJoinPool-1-worker-1] INFO  http.HttpServer2 (HttpServer2.java:addFilter(1016)) - Added filter static_user_filter (class=org.apache.hadoop.http.lib.StaticUserWebFilter$StaticUserFilter) to context hddsDatanode
2025-10-10 10:38:59,743 [ForkJoinPool-1-worker-1] INFO  http.HttpServer2 (HttpServer2.java:addFilter(1024)) - Added filter static_user_filter (class=org.apache.hadoop.http.lib.StaticUserWebFilter$StaticUserFilter) to context logs
2025-10-10 10:38:59,743 [ForkJoinPool-1-worker-1] INFO  http.HttpServer2 (HttpServer2.java:addFilter(1024)) - Added filter static_user_filter (class=org.apache.hadoop.http.lib.StaticUserWebFilter$StaticUserFilter) to context static
2025-10-10 10:38:59,743 [ForkJoinPool-1-worker-1] INFO  http.BaseHttpServer (BaseHttpServer.java:<init>(193)) - HTTP server of hddsDatanode uses base directory /home/runner/work/ozone/ozone/hadoop-ozone/integration-test/target/test-dir/MiniOzoneClusterImpl-611c99c7-d47b-4433-a4ef-cd0a35b076ef/scm/ozone-metadata/webserver
2025-10-10 10:38:59,745 [ForkJoinPool-1-worker-1] INFO  http.HttpServer2 (HttpServer2.java:bindListener(1240)) - Jetty bound to port 15018
2025-10-10 10:38:59,745 [ForkJoinPool-1-worker-1] INFO  server.Server (Server.java:doStart(375)) - jetty-9.4.58.v20250814; built: 2025-08-14T02:28:49.637Z; git: 8f1440587e9e4ae7db3d74cf205643f3d707148d; jvm 21.0.8+9-LTS
2025-10-10 10:38:59,746 [ForkJoinPool-1-worker-1] INFO  server.session (DefaultSessionIdManager.java:doStart(334)) - DefaultSessionIdManager workerName=node0
2025-10-10 10:38:59,747 [ForkJoinPool-1-worker-1] INFO  server.session (DefaultSessionIdManager.java:doStart(339)) - No SessionScavenger set, using defaults
2025-10-10 10:38:59,747 [ForkJoinPool-1-worker-1] INFO  server.session (HouseKeeper.java:startScavenging(132)) - node0 Scavenging every 600000ms
2025-10-10 10:38:59,748 [ForkJoinPool-1-worker-1] INFO  handler.ContextHandler (ContextHandler.java:doStart(921)) - Started o.e.j.s.ServletContextHandler@130b3402{logs,/logs,file:///home/runner/work/ozone/ozone/hadoop-ozone/integration-test/target/log,AVAILABLE}
2025-10-10 10:38:59,748 [ForkJoinPool-1-worker-1] INFO  handler.ContextHandler (ContextHandler.java:doStart(921)) - Started o.e.j.s.ServletContextHandler@40c000c9{static,/static,jar:file:/home/runner/work/ozone/ozone/hadoop-hdds/container-service/target/hdds-container-service-2.1.0-SNAPSHOT.jar!/webapps/static,AVAILABLE}
2025-10-10 10:38:59,820 [43369f36-6a0f-45ae-a8eb-f0d390948370@group-7E155E250634-FollowerState] INFO  impl.FollowerState (FollowerState.java:runImpl(161)) - 43369f36-6a0f-45ae-a8eb-f0d390948370@group-7E155E250634-FollowerState: change to CANDIDATE, lastRpcElapsedTime:1100279894ns, electionTimeout:1100ms
2025-10-10 10:38:59,820 [43369f36-6a0f-45ae-a8eb-f0d390948370@group-7E155E250634-FollowerState] INFO  impl.RoleInfo (RoleInfo.java:shutdownFollowerState(121)) - 43369f36-6a0f-45ae-a8eb-f0d390948370: shutdown 43369f36-6a0f-45ae-a8eb-f0d390948370@group-7E155E250634-FollowerState
2025-10-10 10:38:59,820 [43369f36-6a0f-45ae-a8eb-f0d390948370@group-7E155E250634-FollowerState] INFO  server.RaftServer$Division (RaftServerImpl.java:setRole(392)) - 43369f36-6a0f-45ae-a8eb-f0d390948370@group-7E155E250634: changes role from  FOLLOWER to CANDIDATE at term 2 for changeToCandidate
2025-10-10 10:38:59,820 [43369f36-6a0f-45ae-a8eb-f0d390948370@group-7E155E250634-FollowerState] INFO  impl.RoleInfo (RoleInfo.java:updateAndGet(148)) - 43369f36-6a0f-45ae-a8eb-f0d390948370: start 43369f36-6a0f-45ae-a8eb-f0d390948370@group-7E155E250634-LeaderElection138
2025-10-10 10:38:59,821 [43369f36-6a0f-45ae-a8eb-f0d390948370@group-7E155E250634-LeaderElection138] INFO  impl.LeaderElection (LeaderElection.java:askForVotes(448)) - 43369f36-6a0f-45ae-a8eb-f0d390948370@group-7E155E250634-LeaderElection138 PRE_VOTE round 0: submit vote requests at term 2 for conf: {index: 5, cur=peers:[bb95c33f-a3cb-4bbe-957e-8163c1fc1114|127.0.0.1:15031, 1a301c79-b9ef-44e0-a0ae-b339f61819a5|127.0.0.1:15023, 43369f36-6a0f-45ae-a8eb-f0d390948370|127.0.0.1:15015]|listeners:[], old=null}
2025-10-10 10:38:59,821 [43369f36-6a0f-45ae-a8eb-f0d390948370@group-7E155E250634-LeaderElection138] INFO  impl.LeaderElection (LogUtils.java:infoOrTrace(142)) - 43369f36-6a0f-45ae-a8eb-f0d390948370@group-7E155E250634-LeaderElection138 got exception when requesting votes: java.util.concurrent.ExecutionException: org.apache.ratis.thirdparty.io.grpc.StatusRuntimeException: UNAVAILABLE: io exception
2025-10-10 10:38:59,821 [43369f36-6a0f-45ae-a8eb-f0d390948370@group-7E155E250634-LeaderElection138] INFO  impl.LeaderElection (LogUtils.java:infoOrTrace(142)) - 43369f36-6a0f-45ae-a8eb-f0d390948370@group-7E155E250634-LeaderElection138 got exception when requesting votes: java.util.concurrent.ExecutionException: org.apache.ratis.thirdparty.io.grpc.StatusRuntimeException: UNAVAILABLE: io exception
2025-10-10 10:38:59,822 [43369f36-6a0f-45ae-a8eb-f0d390948370@group-7E155E250634-LeaderElection138] INFO  impl.LeaderElection (LeaderElection.java:logAndReturn(206)) - 43369f36-6a0f-45ae-a8eb-f0d390948370@group-7E155E250634-LeaderElection138: PRE_VOTE REJECTED received 0 response(s) and 2 exception(s):
2025-10-10 10:38:59,822 [43369f36-6a0f-45ae-a8eb-f0d390948370@group-7E155E250634-LeaderElection138] INFO  impl.LeaderElection (LogUtils.java:infoOrTrace(142)) -   Exception 0: java.util.concurrent.ExecutionException: org.apache.ratis.thirdparty.io.grpc.StatusRuntimeException: UNAVAILABLE: io exception
2025-10-10 10:38:59,822 [43369f36-6a0f-45ae-a8eb-f0d390948370@group-7E155E250634-LeaderElection138] INFO  impl.LeaderElection (LogUtils.java:infoOrTrace(142)) -   Exception 1: java.util.concurrent.ExecutionException: org.apache.ratis.thirdparty.io.grpc.StatusRuntimeException: UNAVAILABLE: io exception
2025-10-10 10:38:59,822 [43369f36-6a0f-45ae-a8eb-f0d390948370@group-7E155E250634-LeaderElection138] INFO  impl.LeaderElection (LeaderElection.java:askForVotes(450)) - 43369f36-6a0f-45ae-a8eb-f0d390948370@group-7E155E250634-LeaderElection138 PRE_VOTE round 0: result REJECTED
2025-10-10 10:38:59,822 [43369f36-6a0f-45ae-a8eb-f0d390948370@group-7E155E250634-LeaderElection138] INFO  server.RaftServer$Division (RaftServerImpl.java:setRole(392)) - 43369f36-6a0f-45ae-a8eb-f0d390948370@group-7E155E250634: changes role from CANDIDATE to FOLLOWER at term 2 for REJECTED
2025-10-10 10:38:59,822 [43369f36-6a0f-45ae-a8eb-f0d390948370@group-7E155E250634-LeaderElection138] INFO  impl.RoleInfo (RoleInfo.java:shutdownLeaderElection(141)) - 43369f36-6a0f-45ae-a8eb-f0d390948370: shutdown 43369f36-6a0f-45ae-a8eb-f0d390948370@group-7E155E250634-LeaderElection138
2025-10-10 10:38:59,822 [43369f36-6a0f-45ae-a8eb-f0d390948370@group-7E155E250634-LeaderElection138] INFO  impl.RoleInfo (RoleInfo.java:updateAndGet(148)) - 43369f36-6a0f-45ae-a8eb-f0d390948370: start 43369f36-6a0f-45ae-a8eb-f0d390948370@group-7E155E250634-FollowerState
2025-10-10 10:38:59,890 [ForkJoinPool-1-worker-1] INFO  handler.ContextHandler (ContextHandler.java:doStart(921)) - Started o.e.j.w.WebAppContext@64493352{hddsDatanode,/,file:///home/runner/work/ozone/ozone/hadoop-ozone/integration-test/target/test-dir/MiniOzoneClusterImpl-611c99c7-d47b-4433-a4ef-cd0a35b076ef/scm/ozone-metadata/webserver/jetty-0_0_0_0-15018-hdds-container-service-2_1_0-SNAPSHOT_jar-_-any-16909901535408792509/webapp/,AVAILABLE}{jar:file:/home/runner/work/ozone/ozone/hadoop-hdds/container-service/target/hdds-container-service-2.1.0-SNAPSHOT.jar!/webapps/hddsDatanode}
2025-10-10 10:38:59,890 [ForkJoinPool-1-worker-1] INFO  server.AbstractConnector (AbstractConnector.java:doStart(333)) - Started ServerConnector@70863cc2{HTTP/1.1, (http/1.1)}{0.0.0.0:15018}
2025-10-10 10:38:59,891 [ForkJoinPool-1-worker-1] INFO  server.Server (Server.java:doStart(415)) - Started @88578ms
2025-10-10 10:38:59,891 [ForkJoinPool-1-worker-1] WARN  impl.MetricsSystemImpl (MetricsSystemImpl.java:register(279)) - Sink prometheus already exists!
2025-10-10 10:38:59,891 [ForkJoinPool-1-worker-1] INFO  http.BaseHttpServer (BaseHttpServer.java:updateConnectorAddress(357)) - HTTP server of hddsDatanode listening at http://localhost:15018
2025-10-10 10:38:59,891 [ForkJoinPool-1-worker-1] INFO  ipc.CallQueueManager (CallQueueManager.java:<init>(93)) - Using callQueue: class java.util.concurrent.LinkedBlockingQueue, queueCapacity: 1000, scheduler: class org.apache.hadoop.ipc.DefaultRpcScheduler, ipcBackoff: false, ipcFailOver: false.
2025-10-10 10:38:59,891 [ForkJoinPool-1-worker-1] INFO  ipc.Server (Server.java:<init>(1438)) - Listener at 0.0.0.0:15019
2025-10-10 10:38:59,892 [Socket Reader #1 for port 15019] INFO  ipc.Server (Server.java:run(1474)) - Starting Socket Reader #1 for port 15019
2025-10-10 10:38:59,892 [Socket Reader #2 for port 15019] INFO  ipc.Server (Server.java:run(1474)) - Starting Socket Reader #2 for port 15019
2025-10-10 10:38:59,892 [Socket Reader #3 for port 15019] INFO  ipc.Server (Server.java:run(1474)) - Starting Socket Reader #3 for port 15019
2025-10-10 10:38:59,892 [Socket Reader #4 for port 15019] INFO  ipc.Server (Server.java:run(1474)) - Starting Socket Reader #4 for port 15019
2025-10-10 10:38:59,893 [Socket Reader #5 for port 15019] INFO  ipc.Server (Server.java:run(1474)) - Starting Socket Reader #5 for port 15019
2025-10-10 10:38:59,893 [Socket Reader #6 for port 15019] INFO  ipc.Server (Server.java:run(1474)) - Starting Socket Reader #6 for port 15019
2025-10-10 10:38:59,893 [Socket Reader #7 for port 15019] INFO  ipc.Server (Server.java:run(1474)) - Starting Socket Reader #7 for port 15019
2025-10-10 10:38:59,893 [Socket Reader #8 for port 15019] INFO  ipc.Server (Server.java:run(1474)) - Starting Socket Reader #8 for port 15019
2025-10-10 10:38:59,893 [Socket Reader #9 for port 15019] INFO  ipc.Server (Server.java:run(1474)) - Starting Socket Reader #9 for port 15019
2025-10-10 10:38:59,894 [Socket Reader #10 for port 15019] INFO  ipc.Server (Server.java:run(1474)) - Starting Socket Reader #10 for port 15019
2025-10-10 10:38:59,895 [ForkJoinPool-1-worker-1] INFO  ozone.HddsDatanodeService (HddsDatanodeService.java:start(333)) - Datanode start with admins: [admin, runner]
2025-10-10 10:38:59,895 [ForkJoinPool-1-worker-1] INFO  ozone.HddsDatanodeClientProtocolServer (HddsDatanodeClientProtocolServer.java:start(76)) - RPC server for Client /0.0.0.0:15019
2025-10-10 10:38:59,895 [IPC Server Responder] INFO  ipc.Server (Server.java:run(1713)) - IPC Server Responder: starting
2025-10-10 10:38:59,896 [IPC Server listener on 15019] INFO  ipc.Server (Server.java:run(1553)) - IPC Server listener on 15019: starting
2025-10-10 10:38:59,897 [ForkJoinPool-1-worker-1] INFO  ozone.MiniOzoneClusterImpl (MiniOzoneClusterImpl.java:lambda$waitForClusterToBeReady$0(181)) - Nodes are ready. Got 10 of 10 DN Heartbeats.
2025-10-10 10:38:59,897 [ForkJoinPool-1-worker-1] INFO  ozone.MiniOzoneClusterImpl (MiniOzoneClusterImpl.java:lambda$waitForClusterToBeReady$0(184)) - Cluster exits safe mode
2025-10-10 10:38:59,897 [ForkJoinPool-1-worker-1] INFO  ozone.MiniOzoneClusterImpl (MiniOzoneClusterImpl.java:lambda$waitForClusterToBeReady$0(186)) - SCM became leader
2025-10-10 10:38:59,898 [1a301c79-b9ef-44e0-a0ae-b339f61819a5-DatanodeStateMachineDaemonThread] INFO  statemachine.DatanodeStateMachine (DatanodeStateMachine.java:startStateMachineThread(363)) - Ozone container server started.
2025-10-10 10:38:59,901 [1a301c79-b9ef-44e0-a0ae-b339f61819a5-DatanodeStateMachineTaskThread-0] INFO  datanode.InitDatanodeState (InitDatanodeState.java:persistContainerDatanodeDetails(139)) - DatanodeDetails is persisted to /home/runner/work/ozone/ozone/hadoop-ozone/integration-test/target/test-dir/MiniOzoneClusterImpl-611c99c7-d47b-4433-a4ef-cd0a35b076ef/ozone-metadata/datanode-2/ozone-metadata/datanode.id
2025-10-10 10:38:59,952 [EventQueue-CloseContainerForCloseContainerEventHandler] INFO  container.CloseContainerEventHandler (CloseContainerEventHandler.java:onMessage(88)) - Close container Event triggered for container : #4, current state: OPEN
2025-10-10 10:38:59,960 [EventQueue-CloseContainerForCloseContainerEventHandler] INFO  container.CloseContainerEventHandler (CloseContainerEventHandler.java:onMessage(88)) - Close container Event triggered for container : #4, current state: CLOSING
2025-10-10 10:38:59,960 [EventQueue-CloseContainerForCloseContainerEventHandler] INFO  container.CloseContainerEventHandler (CloseContainerEventHandler.java:onMessage(88)) - Close container Event triggered for container : #4, current state: CLOSING
2025-10-10 10:39:00,171 [bb95c33f-a3cb-4bbe-957e-8163c1fc1114-ContainerReader-0] INFO  ozoneimpl.ContainerReader (ContainerReader.java:readVolume(147)) - Start to verify containers on volume /home/runner/work/ozone/ozone/hadoop-ozone/integration-test/target/test-dir/MiniOzoneClusterImpl-611c99c7-d47b-4433-a4ef-cd0a35b076ef/ozone-metadata/datanode-3/data-0/hdds
2025-10-10 10:39:00,176 [bb95c33f-a3cb-4bbe-957e-8163c1fc1114-ContainerReader-0] WARN  helpers.KeyValueContainerUtil (KeyValueContainerUtil.java:populateContainerMetadata(329)) - Missing pendingDeleteBlockCount from metadata: recalculate them from block table
2025-10-10 10:39:00,179 [bb95c33f-a3cb-4bbe-957e-8163c1fc1114-ContainerReader-0] INFO  ozoneimpl.ContainerReader (ContainerReader.java:readVolume(177)) - Finish verifying containers on volume /home/runner/work/ozone/ozone/hadoop-ozone/integration-test/target/test-dir/MiniOzoneClusterImpl-611c99c7-d47b-4433-a4ef-cd0a35b076ef/ozone-metadata/datanode-3/data-0/hdds
2025-10-10 10:39:00,180 [bb95c33f-a3cb-4bbe-957e-8163c1fc1114-EndpointStateMachineTaskThread-/0.0.0.0:15002-0 ] INFO  ozoneimpl.OzoneContainer (OzoneContainer.java:buildContainerSet(370)) - Build ContainerSet costs 0s
2025-10-10 10:39:00,180 [bb95c33f-a3cb-4bbe-957e-8163c1fc1114-EndpointStateMachineTaskThread-/0.0.0.0:15002-0 ] INFO  volume.ThrottledAsyncChecker (ThrottledAsyncChecker.java:schedule(138)) - Scheduling a check for /home/runner/work/ozone/ozone/hadoop-ozone/integration-test/target/test-dir/MiniOzoneClusterImpl-611c99c7-d47b-4433-a4ef-cd0a35b076ef/ozone-metadata/datanode-3/data-0/hdds
2025-10-10 10:39:00,180 [bb95c33f-a3cb-4bbe-957e-8163c1fc1114-EndpointStateMachineTaskThread-/0.0.0.0:15002-0 ] INFO  volume.StorageVolumeChecker (StorageVolumeChecker.java:checkAllVolumes(231)) - Scheduled health check for volume /home/runner/work/ozone/ozone/hadoop-ozone/integration-test/target/test-dir/MiniOzoneClusterImpl-611c99c7-d47b-4433-a4ef-cd0a35b076ef/ozone-metadata/datanode-3/data-0/hdds
2025-10-10 10:39:00,183 [bb95c33f-a3cb-4bbe-957e-8163c1fc1114-EndpointStateMachineTaskThread-/0.0.0.0:15002-0 ] INFO  volume.ThrottledAsyncChecker (ThrottledAsyncChecker.java:schedule(138)) - Scheduling a check for /home/runner/work/ozone/ozone/hadoop-ozone/integration-test/target/test-dir/MiniOzoneClusterImpl-611c99c7-d47b-4433-a4ef-cd0a35b076ef/ozone-metadata/datanode-3/ratis
2025-10-10 10:39:00,183 [bb95c33f-a3cb-4bbe-957e-8163c1fc1114-EndpointStateMachineTaskThread-/0.0.0.0:15002-0 ] INFO  volume.StorageVolumeChecker (StorageVolumeChecker.java:checkAllVolumes(231)) - Scheduled health check for volume /home/runner/work/ozone/ozone/hadoop-ozone/integration-test/target/test-dir/MiniOzoneClusterImpl-611c99c7-d47b-4433-a4ef-cd0a35b076ef/ozone-metadata/datanode-3/ratis
2025-10-10 10:39:00,184 [bb95c33f-a3cb-4bbe-957e-8163c1fc1114-EndpointStateMachineTaskThread-/0.0.0.0:15002-0 ] INFO  ozoneimpl.OzoneContainer (OzoneContainer.java:start(525)) - Attempting to start container services.
2025-10-10 10:39:00,185 [ContainerDataScanner(/home/runner/work/ozone/ozone/hadoop-ozone/integration-test/target/test-dir/MiniOzoneClusterImpl-611c99c7-d47b-4433-a4ef-cd0a35b076ef/ozone-metadata/datanode-3/data-0/hdds)] INFO  ozoneimpl.AbstractBackgroundContainerScanner (AbstractBackgroundContainerScanner.java:runIteration(89)) - Completed an iteration in 0 minutes. Number of iterations (since the data-node restart) : 1, Number of containers scanned in this iteration : 0, Number of unhealthy containers found in this iteration : 0
2025-10-10 10:39:00,186 [bb95c33f-a3cb-4bbe-957e-8163c1fc1114-EndpointStateMachineTaskThread-/0.0.0.0:15002-0 ] INFO  replication.ReplicationServer (ReplicationServer.java:start(137)) - ReplicationServer is started using port 15033
2025-10-10 10:39:00,186 [bb95c33f-a3cb-4bbe-957e-8163c1fc1114-EndpointStateMachineTaskThread-/0.0.0.0:15002-0 ] INFO  ratis.XceiverServerRatis (XceiverServerRatis.java:start(559)) - Starting XceiverServerRatis(bb95c33f-a3cb-4bbe-957e-8163c1fc1114)
2025-10-10 10:39:00,187 [bb95c33f-a3cb-4bbe-957e-8163c1fc1114-impl-thread1] INFO  server.RaftServerConfigKeys (ConfUtils.java:logGet(62)) - raft.server.storage.dir = [/home/runner/work/ozone/ozone/hadoop-ozone/integration-test/target/test-dir/MiniOzoneClusterImpl-611c99c7-d47b-4433-a4ef-cd0a35b076ef/ozone-metadata/datanode-3/ratis] (custom)
2025-10-10 10:39:00,188 [bb95c33f-a3cb-4bbe-957e-8163c1fc1114-impl-thread1] INFO  storage.RaftStorageDirectory (RaftStorageDirectoryImpl.java:tryLock(229)) - Lock on /home/runner/work/ozone/ozone/hadoop-ozone/integration-test/target/test-dir/MiniOzoneClusterImpl-611c99c7-d47b-4433-a4ef-cd0a35b076ef/ozone-metadata/datanode-3/ratis/c1a6ce75-0ec5-4b07-b27a-63acbe5f7eda/in_use.lock acquired by nodename 58401@localhost
2025-10-10 10:39:00,188 [bb95c33f-a3cb-4bbe-957e-8163c1fc1114-impl-thread2] INFO  storage.RaftStorageDirectory (RaftStorageDirectoryImpl.java:tryLock(229)) - Lock on /home/runner/work/ozone/ozone/hadoop-ozone/integration-test/target/test-dir/MiniOzoneClusterImpl-611c99c7-d47b-4433-a4ef-cd0a35b076ef/ozone-metadata/datanode-3/ratis/6f49885d-a34d-467d-8256-7e155e250634/in_use.lock acquired by nodename 58401@localhost
2025-10-10 10:39:00,188 [bb95c33f-a3cb-4bbe-957e-8163c1fc1114-impl-thread1] INFO  storage.RaftStorage (RaftStorageImpl.java:analyzeAndRecoverStorage(118)) - Read RaftStorageMetadata{term=1, votedFor=1a301c79-b9ef-44e0-a0ae-b339f61819a5} from /home/runner/work/ozone/ozone/hadoop-ozone/integration-test/target/test-dir/MiniOzoneClusterImpl-611c99c7-d47b-4433-a4ef-cd0a35b076ef/ozone-metadata/datanode-3/ratis/c1a6ce75-0ec5-4b07-b27a-63acbe5f7eda/current/raft-meta
2025-10-10 10:39:00,188 [bb95c33f-a3cb-4bbe-957e-8163c1fc1114-impl-thread2] INFO  storage.RaftStorage (RaftStorageImpl.java:analyzeAndRecoverStorage(118)) - Read RaftStorageMetadata{term=1, votedFor=bb95c33f-a3cb-4bbe-957e-8163c1fc1114} from /home/runner/work/ozone/ozone/hadoop-ozone/integration-test/target/test-dir/MiniOzoneClusterImpl-611c99c7-d47b-4433-a4ef-cd0a35b076ef/ozone-metadata/datanode-3/ratis/6f49885d-a34d-467d-8256-7e155e250634/current/raft-meta
2025-10-10 10:39:00,188 [bb95c33f-a3cb-4bbe-957e-8163c1fc1114-impl-thread3] INFO  storage.RaftStorageDirectory (RaftStorageDirectoryImpl.java:tryLock(229)) - Lock on /home/runner/work/ozone/ozone/hadoop-ozone/integration-test/target/test-dir/MiniOzoneClusterImpl-611c99c7-d47b-4433-a4ef-cd0a35b076ef/ozone-metadata/datanode-3/ratis/383f4c41-c860-4c85-a7b1-ff215623fab7/in_use.lock acquired by nodename 58401@localhost
2025-10-10 10:39:00,188 [bb95c33f-a3cb-4bbe-957e-8163c1fc1114-impl-thread1] INFO  server.RaftServer$Division (ServerState.java:setRaftConf(386)) - bb95c33f-a3cb-4bbe-957e-8163c1fc1114@group-63ACBE5F7EDA: set configuration conf: {index: 0, cur=peers:[bb95c33f-a3cb-4bbe-957e-8163c1fc1114|127.0.0.1:15031, 1a301c79-b9ef-44e0-a0ae-b339f61819a5|127.0.0.1:15023, 43369f36-6a0f-45ae-a8eb-f0d390948370|127.0.0.1:15015]|listeners:[], old=null}
2025-10-10 10:39:00,188 [bb95c33f-a3cb-4bbe-957e-8163c1fc1114-impl-thread3] INFO  storage.RaftStorage (RaftStorageImpl.java:analyzeAndRecoverStorage(118)) - Read RaftStorageMetadata{term=1, votedFor=bb95c33f-a3cb-4bbe-957e-8163c1fc1114} from /home/runner/work/ozone/ozone/hadoop-ozone/integration-test/target/test-dir/MiniOzoneClusterImpl-611c99c7-d47b-4433-a4ef-cd0a35b076ef/ozone-metadata/datanode-3/ratis/383f4c41-c860-4c85-a7b1-ff215623fab7/current/raft-meta
2025-10-10 10:39:00,188 [bb95c33f-a3cb-4bbe-957e-8163c1fc1114-impl-thread3] INFO  server.RaftServer$Division (ServerState.java:setRaftConf(386)) - bb95c33f-a3cb-4bbe-957e-8163c1fc1114@group-FF215623FAB7: set configuration conf: {index: 0, cur=peers:[bb95c33f-a3cb-4bbe-957e-8163c1fc1114|127.0.0.1:15031]|listeners:[], old=null}
2025-10-10 10:39:00,188 [bb95c33f-a3cb-4bbe-957e-8163c1fc1114-impl-thread2] INFO  server.RaftServer$Division (ServerState.java:setRaftConf(386)) - bb95c33f-a3cb-4bbe-957e-8163c1fc1114@group-7E155E250634: set configuration conf: {index: 0, cur=peers:[bb95c33f-a3cb-4bbe-957e-8163c1fc1114|127.0.0.1:15031, 1a301c79-b9ef-44e0-a0ae-b339f61819a5|127.0.0.1:15023, 43369f36-6a0f-45ae-a8eb-f0d390948370|127.0.0.1:15015]|listeners:[], old=null}
2025-10-10 10:39:00,190 [bb95c33f-a3cb-4bbe-957e-8163c1fc1114-impl-thread2] INFO  ratis.ContainerStateMachine (ContainerStateMachine.java:initialize(339)) - bb95c33f-a3cb-4bbe-957e-8163c1fc1114: initialize group-7E155E250634
2025-10-10 10:39:00,190 [bb95c33f-a3cb-4bbe-957e-8163c1fc1114-impl-thread1] INFO  ratis.ContainerStateMachine (ContainerStateMachine.java:initialize(339)) - bb95c33f-a3cb-4bbe-957e-8163c1fc1114: initialize group-63ACBE5F7EDA
2025-10-10 10:39:00,190 [bb95c33f-a3cb-4bbe-957e-8163c1fc1114-impl-thread3] INFO  ratis.ContainerStateMachine (ContainerStateMachine.java:initialize(339)) - bb95c33f-a3cb-4bbe-957e-8163c1fc1114: initialize group-FF215623FAB7
2025-10-10 10:39:00,190 [bb95c33f-a3cb-4bbe-957e-8163c1fc1114-impl-thread1] INFO  ratis.ContainerStateMachine (ContainerStateMachine.java:loadSnapshot(356)) - group-63ACBE5F7EDA: Setting the last applied index to (t:1, i:0)
2025-10-10 10:39:00,190 [bb95c33f-a3cb-4bbe-957e-8163c1fc1114-impl-thread2] INFO  ratis.ContainerStateMachine (ContainerStateMachine.java:loadSnapshot(356)) - group-7E155E250634: Setting the last applied index to (t:1, i:4)
2025-10-10 10:39:00,190 [bb95c33f-a3cb-4bbe-957e-8163c1fc1114-impl-thread1] INFO  server.RaftServerConfigKeys (ConfUtils.java:logGet(62)) - raft.server.log.appender.buffer.byte-limit = 33554432 (custom)
2025-10-10 10:39:00,190 [bb95c33f-a3cb-4bbe-957e-8163c1fc1114-impl-thread3] INFO  ratis.ContainerStateMachine (ContainerStateMachine.java:loadSnapshot(356)) - group-FF215623FAB7: Setting the last applied index to (t:1, i:0)
2025-10-10 10:39:00,191 [bb95c33f-a3cb-4bbe-957e-8163c1fc1114-impl-thread3] INFO  server.RaftServerConfigKeys (ConfUtils.java:logGet(62)) - raft.server.log.appender.buffer.byte-limit = 33554432 (custom)
2025-10-10 10:39:00,192 [ContainerMetadataScanner] INFO  ozoneimpl.AbstractBackgroundContainerScanner (AbstractBackgroundContainerScanner.java:runIteration(89)) - Completed an iteration in 0 minutes. Number of iterations (since the data-node restart) : 1, Number of containers scanned in this iteration : 1, Number of unhealthy containers found in this iteration : 0
2025-10-10 10:39:00,194 [bb95c33f-a3cb-4bbe-957e-8163c1fc1114-impl-thread3] INFO  server.RaftServerConfigKeys (ConfUtils.java:logGet(62)) - raft.server.log.segment.size.max = 67108864 (custom)
2025-10-10 10:39:00,194 [bb95c33f-a3cb-4bbe-957e-8163c1fc1114-impl-thread2] INFO  server.RaftServerConfigKeys (ConfUtils.java:logGet(62)) - raft.server.log.appender.buffer.byte-limit = 33554432 (custom)
2025-10-10 10:39:00,194 [bb95c33f-a3cb-4bbe-957e-8163c1fc1114-impl-thread3] INFO  server.RaftServerConfigKeys (ConfUtils.java:logGet(62)) - raft.server.log.appender.buffer.byte-limit = 33554432 (custom)
2025-10-10 10:39:00,195 [bb95c33f-a3cb-4bbe-957e-8163c1fc1114-impl-thread3] INFO  util.AwaitToRun (AwaitToRun.java:start(81)) - Thread[#2239,bb95c33f-a3cb-4bbe-957e-8163c1fc1114@group-FF215623FAB7-cacheEviction-AwaitToRun,5,main] started
2025-10-10 10:39:00,195 [bb95c33f-a3cb-4bbe-957e-8163c1fc1114-impl-thread3] INFO  segmented.SegmentedRaftLogWorker (SegmentedRaftLogWorker.java:<init>(190)) - new bb95c33f-a3cb-4bbe-957e-8163c1fc1114@group-FF215623FAB7-SegmentedRaftLogWorker for RaftStorageImpl:Storage Directory /home/runner/work/ozone/ozone/hadoop-ozone/integration-test/target/test-dir/MiniOzoneClusterImpl-611c99c7-d47b-4433-a4ef-cd0a35b076ef/ozone-metadata/datanode-3/ratis/383f4c41-c860-4c85-a7b1-ff215623fab7
2025-10-10 10:39:00,195 [bb95c33f-a3cb-4bbe-957e-8163c1fc1114-impl-thread3] INFO  server.RaftServerConfigKeys (ConfUtils.java:logGet(62)) - raft.server.log.queue.byte-limit = 4294967296 (custom)
2025-10-10 10:39:00,195 [bb95c33f-a3cb-4bbe-957e-8163c1fc1114-impl-thread3] INFO  server.RaftServerConfigKeys (ConfUtils.java:logGet(62)) - raft.server.log.segment.size.max = 67108864 (custom)
2025-10-10 10:39:00,195 [bb95c33f-a3cb-4bbe-957e-8163c1fc1114-impl-thread3] INFO  server.RaftServerConfigKeys (ConfUtils.java:logGet(62)) - raft.server.log.preallocated.size = 4194304 (custom)
2025-10-10 10:39:00,197 [bb95c33f-a3cb-4bbe-957e-8163c1fc1114-impl-thread3] INFO  server.RaftServerConfigKeys (ConfUtils.java:logGet(62)) - raft.server.log.write.buffer.size = 33554440 (custom)
2025-10-10 10:39:00,199 [bb95c33f-a3cb-4bbe-957e-8163c1fc1114-impl-thread2] INFO  server.RaftServerConfigKeys (ConfUtils.java:logGet(62)) - raft.server.log.segment.size.max = 67108864 (custom)
2025-10-10 10:39:00,199 [bb95c33f-a3cb-4bbe-957e-8163c1fc1114-impl-thread1] INFO  server.RaftServerConfigKeys (ConfUtils.java:logGet(62)) - raft.server.log.segment.size.max = 67108864 (custom)
2025-10-10 10:39:00,200 [bb95c33f-a3cb-4bbe-957e-8163c1fc1114-impl-thread1] INFO  server.RaftServerConfigKeys (ConfUtils.java:logGet(62)) - raft.server.log.appender.buffer.byte-limit = 33554432 (custom)
2025-10-10 10:39:00,200 [bb95c33f-a3cb-4bbe-957e-8163c1fc1114-impl-thread1] INFO  util.AwaitToRun (AwaitToRun.java:start(81)) - Thread[#2240,bb95c33f-a3cb-4bbe-957e-8163c1fc1114@group-63ACBE5F7EDA-cacheEviction-AwaitToRun,5,main] started
2025-10-10 10:39:00,200 [bb95c33f-a3cb-4bbe-957e-8163c1fc1114-impl-thread2] INFO  server.RaftServerConfigKeys (ConfUtils.java:logGet(62)) - raft.server.log.appender.buffer.byte-limit = 33554432 (custom)
2025-10-10 10:39:00,200 [bb95c33f-a3cb-4bbe-957e-8163c1fc1114-impl-thread1] INFO  segmented.SegmentedRaftLogWorker (SegmentedRaftLogWorker.java:<init>(190)) - new bb95c33f-a3cb-4bbe-957e-8163c1fc1114@group-63ACBE5F7EDA-SegmentedRaftLogWorker for RaftStorageImpl:Storage Directory /home/runner/work/ozone/ozone/hadoop-ozone/integration-test/target/test-dir/MiniOzoneClusterImpl-611c99c7-d47b-4433-a4ef-cd0a35b076ef/ozone-metadata/datanode-3/ratis/c1a6ce75-0ec5-4b07-b27a-63acbe5f7eda
2025-10-10 10:39:00,200 [bb95c33f-a3cb-4bbe-957e-8163c1fc1114-impl-thread1] INFO  server.RaftServerConfigKeys (ConfUtils.java:logGet(62)) - raft.server.log.queue.byte-limit = 4294967296 (custom)
2025-10-10 10:39:00,200 [bb95c33f-a3cb-4bbe-957e-8163c1fc1114-impl-thread1] INFO  server.RaftServerConfigKeys (ConfUtils.java:logGet(62)) - raft.server.log.segment.size.max = 67108864 (custom)
2025-10-10 10:39:00,200 [bb95c33f-a3cb-4bbe-957e-8163c1fc1114-impl-thread1] INFO  server.RaftServerConfigKeys (ConfUtils.java:logGet(62)) - raft.server.log.preallocated.size = 4194304 (custom)
2025-10-10 10:39:00,201 [bb95c33f-a3cb-4bbe-957e-8163c1fc1114-impl-thread1] INFO  server.RaftServerConfigKeys (ConfUtils.java:logGet(62)) - raft.server.log.write.buffer.size = 33554440 (custom)
2025-10-10 10:39:00,201 [bb95c33f-a3cb-4bbe-957e-8163c1fc1114-impl-thread2] INFO  util.AwaitToRun (AwaitToRun.java:start(81)) - Thread[#2241,bb95c33f-a3cb-4bbe-957e-8163c1fc1114@group-7E155E250634-cacheEviction-AwaitToRun,5,main] started
2025-10-10 10:39:00,201 [bb95c33f-a3cb-4bbe-957e-8163c1fc1114-impl-thread2] INFO  segmented.SegmentedRaftLogWorker (SegmentedRaftLogWorker.java:<init>(190)) - new bb95c33f-a3cb-4bbe-957e-8163c1fc1114@group-7E155E250634-SegmentedRaftLogWorker for RaftStorageImpl:Storage Directory /home/runner/work/ozone/ozone/hadoop-ozone/integration-test/target/test-dir/MiniOzoneClusterImpl-611c99c7-d47b-4433-a4ef-cd0a35b076ef/ozone-metadata/datanode-3/ratis/6f49885d-a34d-467d-8256-7e155e250634
2025-10-10 10:39:00,201 [bb95c33f-a3cb-4bbe-957e-8163c1fc1114-impl-thread2] INFO  server.RaftServerConfigKeys (ConfUtils.java:logGet(62)) - raft.server.log.queue.byte-limit = 4294967296 (custom)
2025-10-10 10:39:00,201 [bb95c33f-a3cb-4bbe-957e-8163c1fc1114-impl-thread2] INFO  server.RaftServerConfigKeys (ConfUtils.java:logGet(62)) - raft.server.log.segment.size.max = 67108864 (custom)
2025-10-10 10:39:00,201 [bb95c33f-a3cb-4bbe-957e-8163c1fc1114-impl-thread2] INFO  server.RaftServerConfigKeys (ConfUtils.java:logGet(62)) - raft.server.log.preallocated.size = 4194304 (custom)
2025-10-10 10:39:00,202 [bb95c33f-a3cb-4bbe-957e-8163c1fc1114-impl-thread2] INFO  server.RaftServerConfigKeys (ConfUtils.java:logGet(62)) - raft.server.log.write.buffer.size = 33554440 (custom)
2025-10-10 10:39:00,203 [bb95c33f-a3cb-4bbe-957e-8163c1fc1114-impl-thread3] INFO  server.RaftServerConfigKeys (ConfUtils.java:logGet(62)) - raft.server.log.appender.buffer.byte-limit = 33554432 (custom)
2025-10-10 10:39:00,204 [bb95c33f-a3cb-4bbe-957e-8163c1fc1114-impl-thread3] INFO  server.RaftServer$Division (ServerState.java:setRaftConf(386)) - bb95c33f-a3cb-4bbe-957e-8163c1fc1114@group-FF215623FAB7: set configuration conf: {index: 0, cur=peers:[bb95c33f-a3cb-4bbe-957e-8163c1fc1114|127.0.0.1:15031]|listeners:[], old=null}
2025-10-10 10:39:00,204 [bb95c33f-a3cb-4bbe-957e-8163c1fc1114-impl-thread3] INFO  segmented.LogSegment (LogSegment.java:loadSegment(171)) - Successfully read 1 entries from segment file /home/runner/work/ozone/ozone/hadoop-ozone/integration-test/target/test-dir/MiniOzoneClusterImpl-611c99c7-d47b-4433-a4ef-cd0a35b076ef/ozone-metadata/datanode-3/ratis/383f4c41-c860-4c85-a7b1-ff215623fab7/current/log_inprogress_0
2025-10-10 10:39:00,204 [bb95c33f-a3cb-4bbe-957e-8163c1fc1114-impl-thread3] INFO  segmented.SegmentedRaftLogWorker (SegmentedRaftLogWorker.java:lambda$new$0(141)) - bb95c33f-a3cb-4bbe-957e-8163c1fc1114@group-FF215623FAB7-SegmentedRaftLogWorker: safeCacheEvictIndex: setUnconditionally 0 -> -1
2025-10-10 10:39:00,205 [bb95c33f-a3cb-4bbe-957e-8163c1fc1114-impl-thread3] INFO  segmented.BufferedWriteChannel (BufferedWriteChannel.java:open(61)) - open log_inprogress_0 (append) at position 129
2025-10-10 10:39:00,205 [bb95c33f-a3cb-4bbe-957e-8163c1fc1114-impl-thread3] INFO  server.RaftServer$Division (RaftServerImpl.java:start(405)) - bb95c33f-a3cb-4bbe-957e-8163c1fc1114@group-FF215623FAB7: start as a follower, conf=conf: {index: 0, cur=peers:[bb95c33f-a3cb-4bbe-957e-8163c1fc1114|127.0.0.1:15031]|listeners:[], old=null}
2025-10-10 10:39:00,205 [bb95c33f-a3cb-4bbe-957e-8163c1fc1114-impl-thread3] INFO  server.RaftServer$Division (RaftServerImpl.java:setRole(392)) - bb95c33f-a3cb-4bbe-957e-8163c1fc1114@group-FF215623FAB7: changes role from      null to FOLLOWER at term 1 for startAsFollower
2025-10-10 10:39:00,205 [bb95c33f-a3cb-4bbe-957e-8163c1fc1114-impl-thread3] INFO  impl.RoleInfo (RoleInfo.java:updateAndGet(148)) - bb95c33f-a3cb-4bbe-957e-8163c1fc1114: start bb95c33f-a3cb-4bbe-957e-8163c1fc1114@group-FF215623FAB7-FollowerState
2025-10-10 10:39:00,207 [bb95c33f-a3cb-4bbe-957e-8163c1fc1114-impl-thread3] INFO  util.JmxRegister (JmxRegister.java:tryRegister(44)) - Successfully registered JMX Bean with object name Ratis:service=RaftServer,group=group-FF215623FAB7,id=bb95c33f-a3cb-4bbe-957e-8163c1fc1114
2025-10-10 10:39:00,208 [bb95c33f-a3cb-4bbe-957e-8163c1fc1114-impl-thread3] INFO  util.JmxRegister (JmxRegister.java:register(58)) - register mxBean class org.apache.ratis.server.impl.RaftServerJmxAdapter as Ratis:service=RaftServer,group=group-FF215623FAB7,id=bb95c33f-a3cb-4bbe-957e-8163c1fc1114
2025-10-10 10:39:00,208 [bb95c33f-a3cb-4bbe-957e-8163c1fc1114-impl-thread1] INFO  server.RaftServerConfigKeys (ConfUtils.java:logGet(62)) - raft.server.log.appender.buffer.byte-limit = 33554432 (custom)
2025-10-10 10:39:00,209 [bb95c33f-a3cb-4bbe-957e-8163c1fc1114-impl-thread1] INFO  server.RaftServer$Division (ServerState.java:setRaftConf(386)) - bb95c33f-a3cb-4bbe-957e-8163c1fc1114@group-63ACBE5F7EDA: set configuration conf: {index: 0, cur=peers:[bb95c33f-a3cb-4bbe-957e-8163c1fc1114|127.0.0.1:15031, 1a301c79-b9ef-44e0-a0ae-b339f61819a5|127.0.0.1:15023, 43369f36-6a0f-45ae-a8eb-f0d390948370|127.0.0.1:15015]|listeners:[], old=null}
2025-10-10 10:39:00,209 [bb95c33f-a3cb-4bbe-957e-8163c1fc1114-impl-thread1] INFO  segmented.LogSegment (LogSegment.java:loadSegment(171)) - Successfully read 1 entries from segment file /home/runner/work/ozone/ozone/hadoop-ozone/integration-test/target/test-dir/MiniOzoneClusterImpl-611c99c7-d47b-4433-a4ef-cd0a35b076ef/ozone-metadata/datanode-3/ratis/c1a6ce75-0ec5-4b07-b27a-63acbe5f7eda/current/log_inprogress_0
2025-10-10 10:39:00,209 [bb95c33f-a3cb-4bbe-957e-8163c1fc1114-impl-thread2] INFO  server.RaftServerConfigKeys (ConfUtils.java:logGet(62)) - raft.server.log.appender.buffer.byte-limit = 33554432 (custom)
2025-10-10 10:39:00,209 [bb95c33f-a3cb-4bbe-957e-8163c1fc1114-impl-thread1] INFO  segmented.SegmentedRaftLogWorker (SegmentedRaftLogWorker.java:lambda$new$0(141)) - bb95c33f-a3cb-4bbe-957e-8163c1fc1114@group-63ACBE5F7EDA-SegmentedRaftLogWorker: safeCacheEvictIndex: setUnconditionally 0 -> -1
2025-10-10 10:39:00,209 [bb95c33f-a3cb-4bbe-957e-8163c1fc1114-impl-thread1] INFO  segmented.BufferedWriteChannel (BufferedWriteChannel.java:open(61)) - open log_inprogress_0 (append) at position 351
2025-10-10 10:39:00,210 [bb95c33f-a3cb-4bbe-957e-8163c1fc1114-impl-thread3] INFO  server.RaftServer$Division (RaftServerImpl.java:start(419)) - bb95c33f-a3cb-4bbe-957e-8163c1fc1114@group-FF215623FAB7: Successfully started.
2025-10-10 10:39:00,210 [bb95c33f-a3cb-4bbe-957e-8163c1fc1114-impl-thread2] INFO  server.RaftServer$Division (ServerState.java:setRaftConf(386)) - bb95c33f-a3cb-4bbe-957e-8163c1fc1114@group-7E155E250634: set configuration conf: {index: 0, cur=peers:[bb95c33f-a3cb-4bbe-957e-8163c1fc1114|127.0.0.1:15031, 1a301c79-b9ef-44e0-a0ae-b339f61819a5|127.0.0.1:15023, 43369f36-6a0f-45ae-a8eb-f0d390948370|127.0.0.1:15015]|listeners:[], old=null}
2025-10-10 10:39:00,210 [bb95c33f-a3cb-4bbe-957e-8163c1fc1114-impl-thread2] INFO  segmented.LogSegment (LogSegment.java:loadSegment(171)) - Successfully read 5 entries from segment file /home/runner/work/ozone/ozone/hadoop-ozone/integration-test/target/test-dir/MiniOzoneClusterImpl-611c99c7-d47b-4433-a4ef-cd0a35b076ef/ozone-metadata/datanode-3/ratis/6f49885d-a34d-467d-8256-7e155e250634/current/log_inprogress_0
2025-10-10 10:39:00,210 [bb95c33f-a3cb-4bbe-957e-8163c1fc1114-impl-thread1] INFO  server.RaftServer$Division (RaftServerImpl.java:start(405)) - bb95c33f-a3cb-4bbe-957e-8163c1fc1114@group-63ACBE5F7EDA: start as a follower, conf=conf: {index: 0, cur=peers:[bb95c33f-a3cb-4bbe-957e-8163c1fc1114|127.0.0.1:15031, 1a301c79-b9ef-44e0-a0ae-b339f61819a5|127.0.0.1:15023, 43369f36-6a0f-45ae-a8eb-f0d390948370|127.0.0.1:15015]|listeners:[], old=null}
2025-10-10 10:39:00,210 [bb95c33f-a3cb-4bbe-957e-8163c1fc1114-impl-thread2] INFO  segmented.SegmentedRaftLogWorker (SegmentedRaftLogWorker.java:lambda$new$0(141)) - bb95c33f-a3cb-4bbe-957e-8163c1fc1114@group-7E155E250634-SegmentedRaftLogWorker: flushIndex: setUnconditionally 0 -> 4
2025-10-10 10:39:00,210 [bb95c33f-a3cb-4bbe-957e-8163c1fc1114-impl-thread2] INFO  segmented.SegmentedRaftLogWorker (SegmentedRaftLogWorker.java:lambda$new$0(141)) - bb95c33f-a3cb-4bbe-957e-8163c1fc1114@group-7E155E250634-SegmentedRaftLogWorker: safeCacheEvictIndex: setUnconditionally 0 -> -1
2025-10-10 10:39:00,210 [bb95c33f-a3cb-4bbe-957e-8163c1fc1114-impl-thread2] INFO  segmented.BufferedWriteChannel (BufferedWriteChannel.java:open(61)) - open log_inprogress_0 (append) at position 1544
2025-10-10 10:39:00,210 [bb95c33f-a3cb-4bbe-957e-8163c1fc1114-impl-thread1] INFO  server.RaftServer$Division (RaftServerImpl.java:setRole(392)) - bb95c33f-a3cb-4bbe-957e-8163c1fc1114@group-63ACBE5F7EDA: changes role from      null to FOLLOWER at term 1 for startAsFollower
2025-10-10 10:39:00,210 [bb95c33f-a3cb-4bbe-957e-8163c1fc1114-impl-thread1] INFO  impl.RoleInfo (RoleInfo.java:updateAndGet(148)) - bb95c33f-a3cb-4bbe-957e-8163c1fc1114: start bb95c33f-a3cb-4bbe-957e-8163c1fc1114@group-63ACBE5F7EDA-FollowerState
2025-10-10 10:39:00,211 [bb95c33f-a3cb-4bbe-957e-8163c1fc1114-impl-thread2] INFO  server.RaftServer$Division (RaftServerImpl.java:start(405)) - bb95c33f-a3cb-4bbe-957e-8163c1fc1114@group-7E155E250634: start as a follower, conf=conf: {index: 0, cur=peers:[bb95c33f-a3cb-4bbe-957e-8163c1fc1114|127.0.0.1:15031, 1a301c79-b9ef-44e0-a0ae-b339f61819a5|127.0.0.1:15023, 43369f36-6a0f-45ae-a8eb-f0d390948370|127.0.0.1:15015]|listeners:[], old=null}
2025-10-10 10:39:00,211 [bb95c33f-a3cb-4bbe-957e-8163c1fc1114-impl-thread2] INFO  server.RaftServer$Division (RaftServerImpl.java:setRole(392)) - bb95c33f-a3cb-4bbe-957e-8163c1fc1114@group-7E155E250634: changes role from      null to FOLLOWER at term 1 for startAsFollower
2025-10-10 10:39:00,211 [bb95c33f-a3cb-4bbe-957e-8163c1fc1114-impl-thread2] INFO  impl.RoleInfo (RoleInfo.java:updateAndGet(148)) - bb95c33f-a3cb-4bbe-957e-8163c1fc1114: start bb95c33f-a3cb-4bbe-957e-8163c1fc1114@group-7E155E250634-FollowerState
2025-10-10 10:39:00,211 [bb95c33f-a3cb-4bbe-957e-8163c1fc1114-impl-thread1] INFO  util.JmxRegister (JmxRegister.java:tryRegister(44)) - Successfully registered JMX Bean with object name Ratis:service=RaftServer,group=group-63ACBE5F7EDA,id=bb95c33f-a3cb-4bbe-957e-8163c1fc1114
2025-10-10 10:39:00,212 [bb95c33f-a3cb-4bbe-957e-8163c1fc1114-impl-thread1] INFO  util.JmxRegister (JmxRegister.java:register(58)) - register mxBean class org.apache.ratis.server.impl.RaftServerJmxAdapter as Ratis:service=RaftServer,group=group-63ACBE5F7EDA,id=bb95c33f-a3cb-4bbe-957e-8163c1fc1114
2025-10-10 10:39:00,212 [bb95c33f-a3cb-4bbe-957e-8163c1fc1114-impl-thread2] INFO  util.JmxRegister (JmxRegister.java:tryRegister(44)) - Successfully registered JMX Bean with object name Ratis:service=RaftServer,group=group-7E155E250634,id=bb95c33f-a3cb-4bbe-957e-8163c1fc1114
2025-10-10 10:39:00,212 [bb95c33f-a3cb-4bbe-957e-8163c1fc1114-impl-thread2] INFO  util.JmxRegister (JmxRegister.java:register(58)) - register mxBean class org.apache.ratis.server.impl.RaftServerJmxAdapter as Ratis:service=RaftServer,group=group-7E155E250634,id=bb95c33f-a3cb-4bbe-957e-8163c1fc1114
2025-10-10 10:39:00,212 [bb95c33f-a3cb-4bbe-957e-8163c1fc1114-impl-thread1] INFO  server.RaftServer$Division (RaftServerImpl.java:start(419)) - bb95c33f-a3cb-4bbe-957e-8163c1fc1114@group-63ACBE5F7EDA: Successfully started.
2025-10-10 10:39:00,213 [bb95c33f-a3cb-4bbe-957e-8163c1fc1114-impl-thread2] INFO  server.RaftServer$Division (RaftServerImpl.java:start(419)) - bb95c33f-a3cb-4bbe-957e-8163c1fc1114@group-7E155E250634: Successfully started.
2025-10-10 10:39:00,213 [bb95c33f-a3cb-4bbe-957e-8163c1fc1114-EndpointStateMachineTaskThread-/0.0.0.0:15002-0 ] INFO  server.RaftServer (RaftServerProxy.java:startImpl(412)) - bb95c33f-a3cb-4bbe-957e-8163c1fc1114: start RPC server
2025-10-10 10:39:00,214 [bb95c33f-a3cb-4bbe-957e-8163c1fc1114-EndpointStateMachineTaskThread-/0.0.0.0:15002-0 ] INFO  server.GrpcServicesImpl (GrpcServicesImpl.java:startImpl(346)) - bb95c33f-a3cb-4bbe-957e-8163c1fc1114: GrpcServicesImpl started, listening on 15029
2025-10-10 10:39:00,214 [bb95c33f-a3cb-4bbe-957e-8163c1fc1114-EndpointStateMachineTaskThread-/0.0.0.0:15002-0 ] INFO  server.GrpcServicesImpl (GrpcServicesImpl.java:startImpl(346)) - bb95c33f-a3cb-4bbe-957e-8163c1fc1114: GrpcServicesImpl started, listening on 15031
2025-10-10 10:39:00,214 [bb95c33f-a3cb-4bbe-957e-8163c1fc1114-EndpointStateMachineTaskThread-/0.0.0.0:15002-0 ] INFO  server.GrpcServicesImpl (GrpcServicesImpl.java:startImpl(346)) - bb95c33f-a3cb-4bbe-957e-8163c1fc1114: GrpcServicesImpl started, listening on 15030
2025-10-10 10:39:00,215 [bb95c33f-a3cb-4bbe-957e-8163c1fc1114-EndpointStateMachineTaskThread-/0.0.0.0:15002-0 ] INFO  ratis.XceiverServerRatis (XceiverServerRatis.java:getRealPort(586)) - XceiverServerRatis(bb95c33f-a3cb-4bbe-957e-8163c1fc1114) is started using port RATIS=15029
2025-10-10 10:39:00,215 [bb95c33f-a3cb-4bbe-957e-8163c1fc1114-EndpointStateMachineTaskThread-/0.0.0.0:15002-0 ] INFO  ratis.XceiverServerRatis (XceiverServerRatis.java:getRealPort(586)) - XceiverServerRatis(bb95c33f-a3cb-4bbe-957e-8163c1fc1114) is started using port RATIS_ADMIN=15030
2025-10-10 10:39:00,215 [bb95c33f-a3cb-4bbe-957e-8163c1fc1114-EndpointStateMachineTaskThread-/0.0.0.0:15002-0 ] INFO  ratis.XceiverServerRatis (XceiverServerRatis.java:getRealPort(586)) - XceiverServerRatis(bb95c33f-a3cb-4bbe-957e-8163c1fc1114) is started using port RATIS_SERVER=15031
2025-10-10 10:39:00,215 [bb95c33f-a3cb-4bbe-957e-8163c1fc1114-EndpointStateMachineTaskThread-/0.0.0.0:15002-0 ] INFO  ratis.XceiverServerRatis (XceiverServerRatis.java:getRealPort(586)) - XceiverServerRatis(bb95c33f-a3cb-4bbe-957e-8163c1fc1114) is started using port RATIS_DATASTREAM=15032
2025-10-10 10:39:00,215 [bb95c33f-a3cb-4bbe-957e-8163c1fc1114-EndpointStateMachineTaskThread-/0.0.0.0:15002-0 ] INFO  utils.BackgroundService (BackgroundService.java:start(119)) - Starting service BlockDeletingService with interval 60000 milliseconds
2025-10-10 10:39:00,215 [JvmPauseMonitor13] INFO  util.JvmPauseMonitor (JvmPauseMonitor.java:run(146)) - JvmPauseMonitor-bb95c33f-a3cb-4bbe-957e-8163c1fc1114: Started
2025-10-10 10:39:00,216 [bb95c33f-a3cb-4bbe-957e-8163c1fc1114-EndpointStateMachineTaskThread-/0.0.0.0:15002-0 ] INFO  utils.BackgroundService (BackgroundService.java:start(119)) - Starting service StaleRecoveringContainerScrubbingService with interval 60000 milliseconds
2025-10-10 10:39:00,325 [43369f36-6a0f-45ae-a8eb-f0d390948370@group-63ACBE5F7EDA-FollowerState] INFO  impl.FollowerState (FollowerState.java:runImpl(161)) - 43369f36-6a0f-45ae-a8eb-f0d390948370@group-63ACBE5F7EDA-FollowerState: change to CANDIDATE, lastRpcElapsedTime:1149323226ns, electionTimeout:1149ms
2025-10-10 10:39:00,325 [43369f36-6a0f-45ae-a8eb-f0d390948370@group-63ACBE5F7EDA-FollowerState] INFO  impl.RoleInfo (RoleInfo.java:shutdownFollowerState(121)) - 43369f36-6a0f-45ae-a8eb-f0d390948370: shutdown 43369f36-6a0f-45ae-a8eb-f0d390948370@group-63ACBE5F7EDA-FollowerState
2025-10-10 10:39:00,325 [43369f36-6a0f-45ae-a8eb-f0d390948370@group-63ACBE5F7EDA-FollowerState] INFO  server.RaftServer$Division (RaftServerImpl.java:setRole(392)) - 43369f36-6a0f-45ae-a8eb-f0d390948370@group-63ACBE5F7EDA: changes role from  FOLLOWER to CANDIDATE at term 1 for changeToCandidate
2025-10-10 10:39:00,325 [43369f36-6a0f-45ae-a8eb-f0d390948370@group-63ACBE5F7EDA-FollowerState] INFO  impl.RoleInfo (RoleInfo.java:updateAndGet(148)) - 43369f36-6a0f-45ae-a8eb-f0d390948370: start 43369f36-6a0f-45ae-a8eb-f0d390948370@group-63ACBE5F7EDA-LeaderElection139
2025-10-10 10:39:00,325 [43369f36-6a0f-45ae-a8eb-f0d390948370@group-63ACBE5F7EDA-LeaderElection139] INFO  impl.LeaderElection (LeaderElection.java:askForVotes(448)) - 43369f36-6a0f-45ae-a8eb-f0d390948370@group-63ACBE5F7EDA-LeaderElection139 PRE_VOTE round 0: submit vote requests at term 1 for conf: {index: 0, cur=peers:[bb95c33f-a3cb-4bbe-957e-8163c1fc1114|127.0.0.1:15031, 1a301c79-b9ef-44e0-a0ae-b339f61819a5|127.0.0.1:15023, 43369f36-6a0f-45ae-a8eb-f0d390948370|127.0.0.1:15015]|listeners:[], old=null}
2025-10-10 10:39:00,326 [43369f36-6a0f-45ae-a8eb-f0d390948370@group-63ACBE5F7EDA-LeaderElection139] INFO  impl.LeaderElection (LogUtils.java:infoOrTrace(142)) - 43369f36-6a0f-45ae-a8eb-f0d390948370@group-63ACBE5F7EDA-LeaderElection139 got exception when requesting votes: java.util.concurrent.ExecutionException: org.apache.ratis.thirdparty.io.grpc.StatusRuntimeException: UNAVAILABLE: io exception
2025-10-10 10:39:00,326 [43369f36-6a0f-45ae-a8eb-f0d390948370@group-63ACBE5F7EDA-LeaderElection139] INFO  impl.LeaderElection (LogUtils.java:infoOrTrace(142)) - 43369f36-6a0f-45ae-a8eb-f0d390948370@group-63ACBE5F7EDA-LeaderElection139 got exception when requesting votes: java.util.concurrent.ExecutionException: org.apache.ratis.thirdparty.io.grpc.StatusRuntimeException: UNAVAILABLE: io exception
2025-10-10 10:39:00,326 [43369f36-6a0f-45ae-a8eb-f0d390948370@group-63ACBE5F7EDA-LeaderElection139] INFO  impl.LeaderElection (LeaderElection.java:logAndReturn(206)) - 43369f36-6a0f-45ae-a8eb-f0d390948370@group-63ACBE5F7EDA-LeaderElection139: PRE_VOTE REJECTED received 0 response(s) and 2 exception(s):
2025-10-10 10:39:00,326 [43369f36-6a0f-45ae-a8eb-f0d390948370@group-63ACBE5F7EDA-LeaderElection139] INFO  impl.LeaderElection (LogUtils.java:infoOrTrace(142)) -   Exception 0: java.util.concurrent.ExecutionException: org.apache.ratis.thirdparty.io.grpc.StatusRuntimeException: UNAVAILABLE: io exception
2025-10-10 10:39:00,326 [43369f36-6a0f-45ae-a8eb-f0d390948370@group-63ACBE5F7EDA-LeaderElection139] INFO  impl.LeaderElection (LogUtils.java:infoOrTrace(142)) -   Exception 1: java.util.concurrent.ExecutionException: org.apache.ratis.thirdparty.io.grpc.StatusRuntimeException: UNAVAILABLE: io exception
2025-10-10 10:39:00,326 [43369f36-6a0f-45ae-a8eb-f0d390948370@group-63ACBE5F7EDA-LeaderElection139] INFO  impl.LeaderElection (LeaderElection.java:askForVotes(450)) - 43369f36-6a0f-45ae-a8eb-f0d390948370@group-63ACBE5F7EDA-LeaderElection139 PRE_VOTE round 0: result REJECTED
2025-10-10 10:39:00,326 [43369f36-6a0f-45ae-a8eb-f0d390948370@group-63ACBE5F7EDA-LeaderElection139] INFO  server.RaftServer$Division (RaftServerImpl.java:setRole(392)) - 43369f36-6a0f-45ae-a8eb-f0d390948370@group-63ACBE5F7EDA: changes role from CANDIDATE to FOLLOWER at term 1 for REJECTED
2025-10-10 10:39:00,326 [43369f36-6a0f-45ae-a8eb-f0d390948370@group-63ACBE5F7EDA-LeaderElection139] INFO  impl.RoleInfo (RoleInfo.java:shutdownLeaderElection(141)) - 43369f36-6a0f-45ae-a8eb-f0d390948370: shutdown 43369f36-6a0f-45ae-a8eb-f0d390948370@group-63ACBE5F7EDA-LeaderElection139
2025-10-10 10:39:00,326 [43369f36-6a0f-45ae-a8eb-f0d390948370@group-63ACBE5F7EDA-LeaderElection139] INFO  impl.RoleInfo (RoleInfo.java:updateAndGet(148)) - 43369f36-6a0f-45ae-a8eb-f0d390948370: start 43369f36-6a0f-45ae-a8eb-f0d390948370@group-63ACBE5F7EDA-FollowerState
2025-10-10 10:39:00,401 [1a301c79-b9ef-44e0-a0ae-b339f61819a5-ContainerReader-0] INFO  ozoneimpl.ContainerReader (ContainerReader.java:readVolume(147)) - Start to verify containers on volume /home/runner/work/ozone/ozone/hadoop-ozone/integration-test/target/test-dir/MiniOzoneClusterImpl-611c99c7-d47b-4433-a4ef-cd0a35b076ef/ozone-metadata/datanode-2/data-0/hdds
2025-10-10 10:39:00,403 [1a301c79-b9ef-44e0-a0ae-b339f61819a5-ContainerReader-0] WARN  helpers.KeyValueContainerUtil (KeyValueContainerUtil.java:populateContainerMetadata(329)) - Missing pendingDeleteBlockCount from metadata: recalculate them from block table
2025-10-10 10:39:00,405 [1a301c79-b9ef-44e0-a0ae-b339f61819a5-ContainerReader-0] INFO  ozoneimpl.ContainerReader (ContainerReader.java:readVolume(177)) - Finish verifying containers on volume /home/runner/work/ozone/ozone/hadoop-ozone/integration-test/target/test-dir/MiniOzoneClusterImpl-611c99c7-d47b-4433-a4ef-cd0a35b076ef/ozone-metadata/datanode-2/data-0/hdds
2025-10-10 10:39:00,405 [1a301c79-b9ef-44e0-a0ae-b339f61819a5-EndpointStateMachineTaskThread-/0.0.0.0:15002-0 ] INFO  ozoneimpl.OzoneContainer (OzoneContainer.java:buildContainerSet(370)) - Build ContainerSet costs 0s
2025-10-10 10:39:00,406 [1a301c79-b9ef-44e0-a0ae-b339f61819a5-EndpointStateMachineTaskThread-/0.0.0.0:15002-0 ] INFO  volume.ThrottledAsyncChecker (ThrottledAsyncChecker.java:schedule(138)) - Scheduling a check for /home/runner/work/ozone/ozone/hadoop-ozone/integration-test/target/test-dir/MiniOzoneClusterImpl-611c99c7-d47b-4433-a4ef-cd0a35b076ef/ozone-metadata/datanode-2/data-0/hdds
2025-10-10 10:39:00,406 [1a301c79-b9ef-44e0-a0ae-b339f61819a5-EndpointStateMachineTaskThread-/0.0.0.0:15002-0 ] INFO  volume.StorageVolumeChecker (StorageVolumeChecker.java:checkAllVolumes(231)) - Scheduled health check for volume /home/runner/work/ozone/ozone/hadoop-ozone/integration-test/target/test-dir/MiniOzoneClusterImpl-611c99c7-d47b-4433-a4ef-cd0a35b076ef/ozone-metadata/datanode-2/data-0/hdds
2025-10-10 10:39:00,409 [1a301c79-b9ef-44e0-a0ae-b339f61819a5-EndpointStateMachineTaskThread-/0.0.0.0:15002-0 ] INFO  volume.ThrottledAsyncChecker (ThrottledAsyncChecker.java:schedule(138)) - Scheduling a check for /home/runner/work/ozone/ozone/hadoop-ozone/integration-test/target/test-dir/MiniOzoneClusterImpl-611c99c7-d47b-4433-a4ef-cd0a35b076ef/ozone-metadata/datanode-2/ratis
2025-10-10 10:39:00,409 [1a301c79-b9ef-44e0-a0ae-b339f61819a5-EndpointStateMachineTaskThread-/0.0.0.0:15002-0 ] INFO  volume.StorageVolumeChecker (StorageVolumeChecker.java:checkAllVolumes(231)) - Scheduled health check for volume /home/runner/work/ozone/ozone/hadoop-ozone/integration-test/target/test-dir/MiniOzoneClusterImpl-611c99c7-d47b-4433-a4ef-cd0a35b076ef/ozone-metadata/datanode-2/ratis
2025-10-10 10:39:00,410 [1a301c79-b9ef-44e0-a0ae-b339f61819a5-EndpointStateMachineTaskThread-/0.0.0.0:15002-0 ] INFO  ozoneimpl.OzoneContainer (OzoneContainer.java:start(525)) - Attempting to start container services.
2025-10-10 10:39:00,411 [ContainerDataScanner(/home/runner/work/ozone/ozone/hadoop-ozone/integration-test/target/test-dir/MiniOzoneClusterImpl-611c99c7-d47b-4433-a4ef-cd0a35b076ef/ozone-metadata/datanode-2/data-0/hdds)] INFO  ozoneimpl.AbstractBackgroundContainerScanner (AbstractBackgroundContainerScanner.java:runIteration(89)) - Completed an iteration in 0 minutes. Number of iterations (since the data-node restart) : 1, Number of containers scanned in this iteration : 0, Number of unhealthy containers found in this iteration : 0
2025-10-10 10:39:00,412 [1a301c79-b9ef-44e0-a0ae-b339f61819a5-EndpointStateMachineTaskThread-/0.0.0.0:15002-0 ] INFO  replication.ReplicationServer (ReplicationServer.java:start(137)) - ReplicationServer is started using port 15025
2025-10-10 10:39:00,412 [1a301c79-b9ef-44e0-a0ae-b339f61819a5-EndpointStateMachineTaskThread-/0.0.0.0:15002-0 ] INFO  ratis.XceiverServerRatis (XceiverServerRatis.java:start(559)) - Starting XceiverServerRatis(1a301c79-b9ef-44e0-a0ae-b339f61819a5)
2025-10-10 10:39:00,413 [1a301c79-b9ef-44e0-a0ae-b339f61819a5-impl-thread1] INFO  server.RaftServerConfigKeys (ConfUtils.java:logGet(62)) - raft.server.storage.dir = [/home/runner/work/ozone/ozone/hadoop-ozone/integration-test/target/test-dir/MiniOzoneClusterImpl-611c99c7-d47b-4433-a4ef-cd0a35b076ef/ozone-metadata/datanode-2/ratis] (custom)
2025-10-10 10:39:00,413 [ContainerMetadataScanner] INFO  ozoneimpl.AbstractBackgroundContainerScanner (AbstractBackgroundContainerScanner.java:runIteration(89)) - Completed an iteration in 0 minutes. Number of iterations (since the data-node restart) : 1, Number of containers scanned in this iteration : 1, Number of unhealthy containers found in this iteration : 0
2025-10-10 10:39:00,414 [1a301c79-b9ef-44e0-a0ae-b339f61819a5-impl-thread2] INFO  storage.RaftStorageDirectory (RaftStorageDirectoryImpl.java:tryLock(229)) - Lock on /home/runner/work/ozone/ozone/hadoop-ozone/integration-test/target/test-dir/MiniOzoneClusterImpl-611c99c7-d47b-4433-a4ef-cd0a35b076ef/ozone-metadata/datanode-2/ratis/23a59a5c-0f7b-4c26-811d-c7a1d0df5f33/in_use.lock acquired by nodename 58401@localhost
2025-10-10 10:39:00,414 [1a301c79-b9ef-44e0-a0ae-b339f61819a5-impl-thread1] INFO  storage.RaftStorageDirectory (RaftStorageDirectoryImpl.java:tryLock(229)) - Lock on /home/runner/work/ozone/ozone/hadoop-ozone/integration-test/target/test-dir/MiniOzoneClusterImpl-611c99c7-d47b-4433-a4ef-cd0a35b076ef/ozone-metadata/datanode-2/ratis/c1a6ce75-0ec5-4b07-b27a-63acbe5f7eda/in_use.lock acquired by nodename 58401@localhost
2025-10-10 10:39:00,414 [1a301c79-b9ef-44e0-a0ae-b339f61819a5-impl-thread3] INFO  storage.RaftStorageDirectory (RaftStorageDirectoryImpl.java:tryLock(229)) - Lock on /home/runner/work/ozone/ozone/hadoop-ozone/integration-test/target/test-dir/MiniOzoneClusterImpl-611c99c7-d47b-4433-a4ef-cd0a35b076ef/ozone-metadata/datanode-2/ratis/6f49885d-a34d-467d-8256-7e155e250634/in_use.lock acquired by nodename 58401@localhost
2025-10-10 10:39:00,414 [1a301c79-b9ef-44e0-a0ae-b339f61819a5-impl-thread2] INFO  storage.RaftStorage (RaftStorageImpl.java:analyzeAndRecoverStorage(118)) - Read RaftStorageMetadata{term=1, votedFor=1a301c79-b9ef-44e0-a0ae-b339f61819a5} from /home/runner/work/ozone/ozone/hadoop-ozone/integration-test/target/test-dir/MiniOzoneClusterImpl-611c99c7-d47b-4433-a4ef-cd0a35b076ef/ozone-metadata/datanode-2/ratis/23a59a5c-0f7b-4c26-811d-c7a1d0df5f33/current/raft-meta
2025-10-10 10:39:00,414 [1a301c79-b9ef-44e0-a0ae-b339f61819a5-impl-thread3] INFO  storage.RaftStorage (RaftStorageImpl.java:analyzeAndRecoverStorage(118)) - Read RaftStorageMetadata{term=2, votedFor=43369f36-6a0f-45ae-a8eb-f0d390948370} from /home/runner/work/ozone/ozone/hadoop-ozone/integration-test/target/test-dir/MiniOzoneClusterImpl-611c99c7-d47b-4433-a4ef-cd0a35b076ef/ozone-metadata/datanode-2/ratis/6f49885d-a34d-467d-8256-7e155e250634/current/raft-meta
2025-10-10 10:39:00,414 [1a301c79-b9ef-44e0-a0ae-b339f61819a5-impl-thread2] INFO  server.RaftServer$Division (ServerState.java:setRaftConf(386)) - 1a301c79-b9ef-44e0-a0ae-b339f61819a5@group-C7A1D0DF5F33: set configuration conf: {index: 0, cur=peers:[1a301c79-b9ef-44e0-a0ae-b339f61819a5|127.0.0.1:15023]|listeners:[], old=null}
2025-10-10 10:39:00,414 [1a301c79-b9ef-44e0-a0ae-b339f61819a5-impl-thread3] INFO  server.RaftServer$Division (ServerState.java:setRaftConf(386)) - 1a301c79-b9ef-44e0-a0ae-b339f61819a5@group-7E155E250634: set configuration conf: {index: 5, cur=peers:[bb95c33f-a3cb-4bbe-957e-8163c1fc1114|127.0.0.1:15031, 1a301c79-b9ef-44e0-a0ae-b339f61819a5|127.0.0.1:15023, 43369f36-6a0f-45ae-a8eb-f0d390948370|127.0.0.1:15015]|listeners:[], old=null}
2025-10-10 10:39:00,415 [1a301c79-b9ef-44e0-a0ae-b339f61819a5-impl-thread2] INFO  ratis.ContainerStateMachine (ContainerStateMachine.java:initialize(339)) - 1a301c79-b9ef-44e0-a0ae-b339f61819a5: initialize group-C7A1D0DF5F33
2025-10-10 10:39:00,415 [1a301c79-b9ef-44e0-a0ae-b339f61819a5-impl-thread3] INFO  ratis.ContainerStateMachine (ContainerStateMachine.java:initialize(339)) - 1a301c79-b9ef-44e0-a0ae-b339f61819a5: initialize group-7E155E250634
2025-10-10 10:39:00,415 [1a301c79-b9ef-44e0-a0ae-b339f61819a5-impl-thread2] INFO  ratis.ContainerStateMachine (ContainerStateMachine.java:loadSnapshot(356)) - group-C7A1D0DF5F33: Setting the last applied index to (t:1, i:0)
2025-10-10 10:39:00,415 [1a301c79-b9ef-44e0-a0ae-b339f61819a5-impl-thread3] INFO  ratis.ContainerStateMachine (ContainerStateMachine.java:loadSnapshot(356)) - group-7E155E250634: Setting the last applied index to (t:2, i:6)
2025-10-10 10:39:00,415 [1a301c79-b9ef-44e0-a0ae-b339f61819a5-impl-thread2] INFO  server.RaftServerConfigKeys (ConfUtils.java:logGet(62)) - raft.server.log.appender.buffer.byte-limit = 33554432 (custom)
2025-10-10 10:39:00,415 [1a301c79-b9ef-44e0-a0ae-b339f61819a5-impl-thread3] INFO  server.RaftServerConfigKeys (ConfUtils.java:logGet(62)) - raft.server.log.appender.buffer.byte-limit = 33554432 (custom)
2025-10-10 10:39:00,414 [1a301c79-b9ef-44e0-a0ae-b339f61819a5-impl-thread1] INFO  storage.RaftStorage (RaftStorageImpl.java:analyzeAndRecoverStorage(118)) - Read RaftStorageMetadata{term=1, votedFor=1a301c79-b9ef-44e0-a0ae-b339f61819a5} from /home/runner/work/ozone/ozone/hadoop-ozone/integration-test/target/test-dir/MiniOzoneClusterImpl-611c99c7-d47b-4433-a4ef-cd0a35b076ef/ozone-metadata/datanode-2/ratis/c1a6ce75-0ec5-4b07-b27a-63acbe5f7eda/current/raft-meta
2025-10-10 10:39:00,415 [1a301c79-b9ef-44e0-a0ae-b339f61819a5-impl-thread1] INFO  server.RaftServer$Division (ServerState.java:setRaftConf(386)) - 1a301c79-b9ef-44e0-a0ae-b339f61819a5@group-63ACBE5F7EDA: set configuration conf: {index: 0, cur=peers:[bb95c33f-a3cb-4bbe-957e-8163c1fc1114|127.0.0.1:15031, 1a301c79-b9ef-44e0-a0ae-b339f61819a5|127.0.0.1:15023, 43369f36-6a0f-45ae-a8eb-f0d390948370|127.0.0.1:15015]|listeners:[], old=null}
2025-10-10 10:39:00,416 [1a301c79-b9ef-44e0-a0ae-b339f61819a5-impl-thread1] INFO  ratis.ContainerStateMachine (ContainerStateMachine.java:initialize(339)) - 1a301c79-b9ef-44e0-a0ae-b339f61819a5: initialize group-63ACBE5F7EDA
2025-10-10 10:39:00,416 [1a301c79-b9ef-44e0-a0ae-b339f61819a5-impl-thread1] INFO  ratis.ContainerStateMachine (ContainerStateMachine.java:loadSnapshot(356)) - group-63ACBE5F7EDA: Setting the last applied index to (t:1, i:0)
2025-10-10 10:39:00,416 [1a301c79-b9ef-44e0-a0ae-b339f61819a5-impl-thread1] INFO  server.RaftServerConfigKeys (ConfUtils.java:logGet(62)) - raft.server.log.appender.buffer.byte-limit = 33554432 (custom)
2025-10-10 10:39:00,422 [1a301c79-b9ef-44e0-a0ae-b339f61819a5-impl-thread3] INFO  server.RaftServerConfigKeys (ConfUtils.java:logGet(62)) - raft.server.log.segment.size.max = 67108864 (custom)
2025-10-10 10:39:00,424 [1a301c79-b9ef-44e0-a0ae-b339f61819a5-impl-thread3] INFO  server.RaftServerConfigKeys (ConfUtils.java:logGet(62)) - raft.server.log.appender.buffer.byte-limit = 33554432 (custom)
2025-10-10 10:39:00,425 [1a301c79-b9ef-44e0-a0ae-b339f61819a5-impl-thread3] INFO  util.AwaitToRun (AwaitToRun.java:start(81)) - Thread[#2275,1a301c79-b9ef-44e0-a0ae-b339f61819a5@group-7E155E250634-cacheEviction-AwaitToRun,5,main] started
2025-10-10 10:39:00,425 [1a301c79-b9ef-44e0-a0ae-b339f61819a5-impl-thread3] INFO  segmented.SegmentedRaftLogWorker (SegmentedRaftLogWorker.java:<init>(190)) - new 1a301c79-b9ef-44e0-a0ae-b339f61819a5@group-7E155E250634-SegmentedRaftLogWorker for RaftStorageImpl:Storage Directory /home/runner/work/ozone/ozone/hadoop-ozone/integration-test/target/test-dir/MiniOzoneClusterImpl-611c99c7-d47b-4433-a4ef-cd0a35b076ef/ozone-metadata/datanode-2/ratis/6f49885d-a34d-467d-8256-7e155e250634
2025-10-10 10:39:00,425 [1a301c79-b9ef-44e0-a0ae-b339f61819a5-impl-thread3] INFO  server.RaftServerConfigKeys (ConfUtils.java:logGet(62)) - raft.server.log.queue.byte-limit = 4294967296 (custom)
2025-10-10 10:39:00,425 [1a301c79-b9ef-44e0-a0ae-b339f61819a5-impl-thread3] INFO  server.RaftServerConfigKeys (ConfUtils.java:logGet(62)) - raft.server.log.segment.size.max = 67108864 (custom)
2025-10-10 10:39:00,425 [1a301c79-b9ef-44e0-a0ae-b339f61819a5-impl-thread3] INFO  server.RaftServerConfigKeys (ConfUtils.java:logGet(62)) - raft.server.log.preallocated.size = 4194304 (custom)
2025-10-10 10:39:00,427 [1a301c79-b9ef-44e0-a0ae-b339f61819a5-impl-thread3] INFO  server.RaftServerConfigKeys (ConfUtils.java:logGet(62)) - raft.server.log.write.buffer.size = 33554440 (custom)
2025-10-10 10:39:00,428 [1a301c79-b9ef-44e0-a0ae-b339f61819a5-impl-thread1] INFO  server.RaftServerConfigKeys (ConfUtils.java:logGet(62)) - raft.server.log.segment.size.max = 67108864 (custom)
2025-10-10 10:39:00,428 [1a301c79-b9ef-44e0-a0ae-b339f61819a5-impl-thread2] INFO  server.RaftServerConfigKeys (ConfUtils.java:logGet(62)) - raft.server.log.segment.size.max = 67108864 (custom)
2025-10-10 10:39:00,429 [1a301c79-b9ef-44e0-a0ae-b339f61819a5-impl-thread2] INFO  server.RaftServerConfigKeys (ConfUtils.java:logGet(62)) - raft.server.log.appender.buffer.byte-limit = 33554432 (custom)
2025-10-10 10:39:00,429 [1a301c79-b9ef-44e0-a0ae-b339f61819a5-impl-thread1] INFO  server.RaftServerConfigKeys (ConfUtils.java:logGet(62)) - raft.server.log.appender.buffer.byte-limit = 33554432 (custom)
2025-10-10 10:39:00,430 [1a301c79-b9ef-44e0-a0ae-b339f61819a5-impl-thread2] INFO  util.AwaitToRun (AwaitToRun.java:start(81)) - Thread[#2276,1a301c79-b9ef-44e0-a0ae-b339f61819a5@group-C7A1D0DF5F33-cacheEviction-AwaitToRun,5,main] started
2025-10-10 10:39:00,430 [1a301c79-b9ef-44e0-a0ae-b339f61819a5-impl-thread2] INFO  segmented.SegmentedRaftLogWorker (SegmentedRaftLogWorker.java:<init>(190)) - new 1a301c79-b9ef-44e0-a0ae-b339f61819a5@group-C7A1D0DF5F33-SegmentedRaftLogWorker for RaftStorageImpl:Storage Directory /home/runner/work/ozone/ozone/hadoop-ozone/integration-test/target/test-dir/MiniOzoneClusterImpl-611c99c7-d47b-4433-a4ef-cd0a35b076ef/ozone-metadata/datanode-2/ratis/23a59a5c-0f7b-4c26-811d-c7a1d0df5f33
2025-10-10 10:39:00,430 [1a301c79-b9ef-44e0-a0ae-b339f61819a5-impl-thread1] INFO  util.AwaitToRun (AwaitToRun.java:start(81)) - Thread[#2277,1a301c79-b9ef-44e0-a0ae-b339f61819a5@group-63ACBE5F7EDA-cacheEviction-AwaitToRun,5,main] started
2025-10-10 10:39:00,430 [1a301c79-b9ef-44e0-a0ae-b339f61819a5-impl-thread2] INFO  server.RaftServerConfigKeys (ConfUtils.java:logGet(62)) - raft.server.log.queue.byte-limit = 4294967296 (custom)
2025-10-10 10:39:00,430 [1a301c79-b9ef-44e0-a0ae-b339f61819a5-impl-thread1] INFO  segmented.SegmentedRaftLogWorker (SegmentedRaftLogWorker.java:<init>(190)) - new 1a301c79-b9ef-44e0-a0ae-b339f61819a5@group-63ACBE5F7EDA-SegmentedRaftLogWorker for RaftStorageImpl:Storage Directory /home/runner/work/ozone/ozone/hadoop-ozone/integration-test/target/test-dir/MiniOzoneClusterImpl-611c99c7-d47b-4433-a4ef-cd0a35b076ef/ozone-metadata/datanode-2/ratis/c1a6ce75-0ec5-4b07-b27a-63acbe5f7eda
2025-10-10 10:39:00,430 [1a301c79-b9ef-44e0-a0ae-b339f61819a5-impl-thread2] INFO  server.RaftServerConfigKeys (ConfUtils.java:logGet(62)) - raft.server.log.segment.size.max = 67108864 (custom)
2025-10-10 10:39:00,430 [1a301c79-b9ef-44e0-a0ae-b339f61819a5-impl-thread2] INFO  server.RaftServerConfigKeys (ConfUtils.java:logGet(62)) - raft.server.log.preallocated.size = 4194304 (custom)
2025-10-10 10:39:00,430 [1a301c79-b9ef-44e0-a0ae-b339f61819a5-impl-thread1] INFO  server.RaftServerConfigKeys (ConfUtils.java:logGet(62)) - raft.server.log.queue.byte-limit = 4294967296 (custom)
2025-10-10 10:39:00,430 [1a301c79-b9ef-44e0-a0ae-b339f61819a5-impl-thread1] INFO  server.RaftServerConfigKeys (ConfUtils.java:logGet(62)) - raft.server.log.segment.size.max = 67108864 (custom)
2025-10-10 10:39:00,430 [1a301c79-b9ef-44e0-a0ae-b339f61819a5-impl-thread1] INFO  server.RaftServerConfigKeys (ConfUtils.java:logGet(62)) - raft.server.log.preallocated.size = 4194304 (custom)
2025-10-10 10:39:00,430 [1a301c79-b9ef-44e0-a0ae-b339f61819a5-impl-thread2] INFO  server.RaftServerConfigKeys (ConfUtils.java:logGet(62)) - raft.server.log.write.buffer.size = 33554440 (custom)
2025-10-10 10:39:00,431 [1a301c79-b9ef-44e0-a0ae-b339f61819a5-impl-thread1] INFO  server.RaftServerConfigKeys (ConfUtils.java:logGet(62)) - raft.server.log.write.buffer.size = 33554440 (custom)
2025-10-10 10:39:00,433 [1a301c79-b9ef-44e0-a0ae-b339f61819a5-impl-thread3] INFO  server.RaftServerConfigKeys (ConfUtils.java:logGet(62)) - raft.server.log.appender.buffer.byte-limit = 33554432 (custom)
2025-10-10 10:39:00,434 [1a301c79-b9ef-44e0-a0ae-b339f61819a5-impl-thread3] INFO  server.RaftServer$Division (ServerState.java:setRaftConf(386)) - 1a301c79-b9ef-44e0-a0ae-b339f61819a5@group-7E155E250634: set configuration conf: {index: 0, cur=peers:[bb95c33f-a3cb-4bbe-957e-8163c1fc1114|127.0.0.1:15031, 1a301c79-b9ef-44e0-a0ae-b339f61819a5|127.0.0.1:15023, 43369f36-6a0f-45ae-a8eb-f0d390948370|127.0.0.1:15015]|listeners:[], old=null}
2025-10-10 10:39:00,435 [1a301c79-b9ef-44e0-a0ae-b339f61819a5-impl-thread3] INFO  segmented.LogSegment (LogSegment.java:loadSegment(171)) - Successfully read 5 entries from segment file /home/runner/work/ozone/ozone/hadoop-ozone/integration-test/target/test-dir/MiniOzoneClusterImpl-611c99c7-d47b-4433-a4ef-cd0a35b076ef/ozone-metadata/datanode-2/ratis/6f49885d-a34d-467d-8256-7e155e250634/current/log_0-4
2025-10-10 10:39:00,435 [1a301c79-b9ef-44e0-a0ae-b339f61819a5-impl-thread3] INFO  server.RaftServer$Division (ServerState.java:setRaftConf(386)) - 1a301c79-b9ef-44e0-a0ae-b339f61819a5@group-7E155E250634: set configuration conf: {index: 5, cur=peers:[bb95c33f-a3cb-4bbe-957e-8163c1fc1114|127.0.0.1:15031, 1a301c79-b9ef-44e0-a0ae-b339f61819a5|127.0.0.1:15023, 43369f36-6a0f-45ae-a8eb-f0d390948370|127.0.0.1:15015]|listeners:[], old=null}
2025-10-10 10:39:00,437 [1a301c79-b9ef-44e0-a0ae-b339f61819a5-impl-thread3] INFO  segmented.LogSegment (LogSegment.java:loadSegment(171)) - Successfully read 2 entries from segment file /home/runner/work/ozone/ozone/hadoop-ozone/integration-test/target/test-dir/MiniOzoneClusterImpl-611c99c7-d47b-4433-a4ef-cd0a35b076ef/ozone-metadata/datanode-2/ratis/6f49885d-a34d-467d-8256-7e155e250634/current/log_inprogress_5
2025-10-10 10:39:00,437 [1a301c79-b9ef-44e0-a0ae-b339f61819a5-impl-thread3] INFO  segmented.SegmentedRaftLogWorker (SegmentedRaftLogWorker.java:lambda$new$0(141)) - 1a301c79-b9ef-44e0-a0ae-b339f61819a5@group-7E155E250634-SegmentedRaftLogWorker: flushIndex: setUnconditionally 0 -> 6
2025-10-10 10:39:00,437 [1a301c79-b9ef-44e0-a0ae-b339f61819a5-impl-thread3] INFO  segmented.SegmentedRaftLogWorker (SegmentedRaftLogWorker.java:lambda$new$0(141)) - 1a301c79-b9ef-44e0-a0ae-b339f61819a5@group-7E155E250634-SegmentedRaftLogWorker: safeCacheEvictIndex: setUnconditionally 0 -> 4
2025-10-10 10:39:00,437 [1a301c79-b9ef-44e0-a0ae-b339f61819a5-impl-thread3] INFO  segmented.BufferedWriteChannel (BufferedWriteChannel.java:open(61)) - open log_inprogress_5 (append) at position 366
2025-10-10 10:39:00,438 [1a301c79-b9ef-44e0-a0ae-b339f61819a5-impl-thread2] INFO  server.RaftServerConfigKeys (ConfUtils.java:logGet(62)) - raft.server.log.appender.buffer.byte-limit = 33554432 (custom)
2025-10-10 10:39:00,438 [1a301c79-b9ef-44e0-a0ae-b339f61819a5-impl-thread2] INFO  server.RaftServer$Division (ServerState.java:setRaftConf(386)) - 1a301c79-b9ef-44e0-a0ae-b339f61819a5@group-C7A1D0DF5F33: set configuration conf: {index: 0, cur=peers:[1a301c79-b9ef-44e0-a0ae-b339f61819a5|127.0.0.1:15023]|listeners:[], old=null}
2025-10-10 10:39:00,438 [1a301c79-b9ef-44e0-a0ae-b339f61819a5-impl-thread2] INFO  segmented.LogSegment (LogSegment.java:loadSegment(171)) - Successfully read 1 entries from segment file /home/runner/work/ozone/ozone/hadoop-ozone/integration-test/target/test-dir/MiniOzoneClusterImpl-611c99c7-d47b-4433-a4ef-cd0a35b076ef/ozone-metadata/datanode-2/ratis/23a59a5c-0f7b-4c26-811d-c7a1d0df5f33/current/log_inprogress_0
2025-10-10 10:39:00,438 [1a301c79-b9ef-44e0-a0ae-b339f61819a5-impl-thread2] INFO  segmented.SegmentedRaftLogWorker (SegmentedRaftLogWorker.java:lambda$new$0(141)) - 1a301c79-b9ef-44e0-a0ae-b339f61819a5@group-C7A1D0DF5F33-SegmentedRaftLogWorker: safeCacheEvictIndex: setUnconditionally 0 -> -1
2025-10-10 10:39:00,438 [1a301c79-b9ef-44e0-a0ae-b339f61819a5-impl-thread3] INFO  server.RaftServer$Division (RaftServerImpl.java:start(405)) - 1a301c79-b9ef-44e0-a0ae-b339f61819a5@group-7E155E250634: start as a follower, conf=conf: {index: 5, cur=peers:[bb95c33f-a3cb-4bbe-957e-8163c1fc1114|127.0.0.1:15031, 1a301c79-b9ef-44e0-a0ae-b339f61819a5|127.0.0.1:15023, 43369f36-6a0f-45ae-a8eb-f0d390948370|127.0.0.1:15015]|listeners:[], old=null}
2025-10-10 10:39:00,438 [1a301c79-b9ef-44e0-a0ae-b339f61819a5-impl-thread2] INFO  segmented.BufferedWriteChannel (BufferedWriteChannel.java:open(61)) - open log_inprogress_0 (append) at position 129
2025-10-10 10:39:00,438 [1a301c79-b9ef-44e0-a0ae-b339f61819a5-impl-thread3] INFO  server.RaftServer$Division (RaftServerImpl.java:setRole(392)) - 1a301c79-b9ef-44e0-a0ae-b339f61819a5@group-7E155E250634: changes role from      null to FOLLOWER at term 2 for startAsFollower
2025-10-10 10:39:00,439 [1a301c79-b9ef-44e0-a0ae-b339f61819a5-impl-thread3] INFO  impl.RoleInfo (RoleInfo.java:updateAndGet(148)) - 1a301c79-b9ef-44e0-a0ae-b339f61819a5: start 1a301c79-b9ef-44e0-a0ae-b339f61819a5@group-7E155E250634-FollowerState
2025-10-10 10:39:00,439 [1a301c79-b9ef-44e0-a0ae-b339f61819a5-impl-thread1] INFO  server.RaftServerConfigKeys (ConfUtils.java:logGet(62)) - raft.server.log.appender.buffer.byte-limit = 33554432 (custom)
2025-10-10 10:39:00,439 [1a301c79-b9ef-44e0-a0ae-b339f61819a5-impl-thread2] INFO  server.RaftServer$Division (RaftServerImpl.java:start(405)) - 1a301c79-b9ef-44e0-a0ae-b339f61819a5@group-C7A1D0DF5F33: start as a follower, conf=conf: {index: 0, cur=peers:[1a301c79-b9ef-44e0-a0ae-b339f61819a5|127.0.0.1:15023]|listeners:[], old=null}
2025-10-10 10:39:00,439 [1a301c79-b9ef-44e0-a0ae-b339f61819a5-impl-thread2] INFO  server.RaftServer$Division (RaftServerImpl.java:setRole(392)) - 1a301c79-b9ef-44e0-a0ae-b339f61819a5@group-C7A1D0DF5F33: changes role from      null to FOLLOWER at term 1 for startAsFollower
2025-10-10 10:39:00,439 [1a301c79-b9ef-44e0-a0ae-b339f61819a5-impl-thread2] INFO  impl.RoleInfo (RoleInfo.java:updateAndGet(148)) - 1a301c79-b9ef-44e0-a0ae-b339f61819a5: start 1a301c79-b9ef-44e0-a0ae-b339f61819a5@group-C7A1D0DF5F33-FollowerState
2025-10-10 10:39:00,439 [1a301c79-b9ef-44e0-a0ae-b339f61819a5-impl-thread3] INFO  util.JmxRegister (JmxRegister.java:tryRegister(44)) - Successfully registered JMX Bean with object name Ratis:service=RaftServer,group=group-7E155E250634,id=1a301c79-b9ef-44e0-a0ae-b339f61819a5
2025-10-10 10:39:00,439 [1a301c79-b9ef-44e0-a0ae-b339f61819a5-impl-thread1] INFO  server.RaftServer$Division (ServerState.java:setRaftConf(386)) - 1a301c79-b9ef-44e0-a0ae-b339f61819a5@group-63ACBE5F7EDA: set configuration conf: {index: 0, cur=peers:[bb95c33f-a3cb-4bbe-957e-8163c1fc1114|127.0.0.1:15031, 1a301c79-b9ef-44e0-a0ae-b339f61819a5|127.0.0.1:15023, 43369f36-6a0f-45ae-a8eb-f0d390948370|127.0.0.1:15015]|listeners:[], old=null}
2025-10-10 10:39:00,439 [1a301c79-b9ef-44e0-a0ae-b339f61819a5-impl-thread3] INFO  util.JmxRegister (JmxRegister.java:register(58)) - register mxBean class org.apache.ratis.server.impl.RaftServerJmxAdapter as Ratis:service=RaftServer,group=group-7E155E250634,id=1a301c79-b9ef-44e0-a0ae-b339f61819a5
2025-10-10 10:39:00,439 [1a301c79-b9ef-44e0-a0ae-b339f61819a5-impl-thread1] INFO  segmented.LogSegment (LogSegment.java:loadSegment(171)) - Successfully read 1 entries from segment file /home/runner/work/ozone/ozone/hadoop-ozone/integration-test/target/test-dir/MiniOzoneClusterImpl-611c99c7-d47b-4433-a4ef-cd0a35b076ef/ozone-metadata/datanode-2/ratis/c1a6ce75-0ec5-4b07-b27a-63acbe5f7eda/current/log_inprogress_0
2025-10-10 10:39:00,439 [1a301c79-b9ef-44e0-a0ae-b339f61819a5-impl-thread2] INFO  util.JmxRegister (JmxRegister.java:tryRegister(44)) - Successfully registered JMX Bean with object name Ratis:service=RaftServer,group=group-C7A1D0DF5F33,id=1a301c79-b9ef-44e0-a0ae-b339f61819a5
2025-10-10 10:39:00,439 [1a301c79-b9ef-44e0-a0ae-b339f61819a5-impl-thread2] INFO  util.JmxRegister (JmxRegister.java:register(58)) - register mxBean class org.apache.ratis.server.impl.RaftServerJmxAdapter as Ratis:service=RaftServer,group=group-C7A1D0DF5F33,id=1a301c79-b9ef-44e0-a0ae-b339f61819a5
2025-10-10 10:39:00,439 [1a301c79-b9ef-44e0-a0ae-b339f61819a5-impl-thread1] INFO  segmented.SegmentedRaftLogWorker (SegmentedRaftLogWorker.java:lambda$new$0(141)) - 1a301c79-b9ef-44e0-a0ae-b339f61819a5@group-63ACBE5F7EDA-SegmentedRaftLogWorker: safeCacheEvictIndex: setUnconditionally 0 -> -1
2025-10-10 10:39:00,440 [1a301c79-b9ef-44e0-a0ae-b339f61819a5-impl-thread1] INFO  segmented.BufferedWriteChannel (BufferedWriteChannel.java:open(61)) - open log_inprogress_0 (append) at position 351
2025-10-10 10:39:00,440 [1a301c79-b9ef-44e0-a0ae-b339f61819a5-impl-thread1] INFO  server.RaftServer$Division (RaftServerImpl.java:start(405)) - 1a301c79-b9ef-44e0-a0ae-b339f61819a5@group-63ACBE5F7EDA: start as a follower, conf=conf: {index: 0, cur=peers:[bb95c33f-a3cb-4bbe-957e-8163c1fc1114|127.0.0.1:15031, 1a301c79-b9ef-44e0-a0ae-b339f61819a5|127.0.0.1:15023, 43369f36-6a0f-45ae-a8eb-f0d390948370|127.0.0.1:15015]|listeners:[], old=null}
2025-10-10 10:39:00,440 [1a301c79-b9ef-44e0-a0ae-b339f61819a5-impl-thread1] INFO  server.RaftServer$Division (RaftServerImpl.java:setRole(392)) - 1a301c79-b9ef-44e0-a0ae-b339f61819a5@group-63ACBE5F7EDA: changes role from      null to FOLLOWER at term 1 for startAsFollower
2025-10-10 10:39:00,440 [1a301c79-b9ef-44e0-a0ae-b339f61819a5-impl-thread1] INFO  impl.RoleInfo (RoleInfo.java:updateAndGet(148)) - 1a301c79-b9ef-44e0-a0ae-b339f61819a5: start 1a301c79-b9ef-44e0-a0ae-b339f61819a5@group-63ACBE5F7EDA-FollowerState
2025-10-10 10:39:00,440 [1a301c79-b9ef-44e0-a0ae-b339f61819a5-impl-thread1] INFO  util.JmxRegister (JmxRegister.java:tryRegister(44)) - Successfully registered JMX Bean with object name Ratis:service=RaftServer,group=group-63ACBE5F7EDA,id=1a301c79-b9ef-44e0-a0ae-b339f61819a5
2025-10-10 10:39:00,440 [1a301c79-b9ef-44e0-a0ae-b339f61819a5-impl-thread1] INFO  util.JmxRegister (JmxRegister.java:register(58)) - register mxBean class org.apache.ratis.server.impl.RaftServerJmxAdapter as Ratis:service=RaftServer,group=group-63ACBE5F7EDA,id=1a301c79-b9ef-44e0-a0ae-b339f61819a5
2025-10-10 10:39:00,442 [1a301c79-b9ef-44e0-a0ae-b339f61819a5-impl-thread3] INFO  server.RaftServer$Division (RaftServerImpl.java:start(419)) - 1a301c79-b9ef-44e0-a0ae-b339f61819a5@group-7E155E250634: Successfully started.
2025-10-10 10:39:00,442 [1a301c79-b9ef-44e0-a0ae-b339f61819a5-impl-thread2] INFO  server.RaftServer$Division (RaftServerImpl.java:start(419)) - 1a301c79-b9ef-44e0-a0ae-b339f61819a5@group-C7A1D0DF5F33: Successfully started.
2025-10-10 10:39:00,442 [1a301c79-b9ef-44e0-a0ae-b339f61819a5-impl-thread1] INFO  server.RaftServer$Division (RaftServerImpl.java:start(419)) - 1a301c79-b9ef-44e0-a0ae-b339f61819a5@group-63ACBE5F7EDA: Successfully started.
2025-10-10 10:39:00,442 [1a301c79-b9ef-44e0-a0ae-b339f61819a5-EndpointStateMachineTaskThread-/0.0.0.0:15002-0 ] INFO  server.RaftServer (RaftServerProxy.java:startImpl(412)) - 1a301c79-b9ef-44e0-a0ae-b339f61819a5: start RPC server
2025-10-10 10:39:00,443 [1a301c79-b9ef-44e0-a0ae-b339f61819a5-EndpointStateMachineTaskThread-/0.0.0.0:15002-0 ] INFO  server.GrpcServicesImpl (GrpcServicesImpl.java:startImpl(346)) - 1a301c79-b9ef-44e0-a0ae-b339f61819a5: GrpcServicesImpl started, listening on 15021
2025-10-10 10:39:00,443 [1a301c79-b9ef-44e0-a0ae-b339f61819a5-EndpointStateMachineTaskThread-/0.0.0.0:15002-0 ] INFO  server.GrpcServicesImpl (GrpcServicesImpl.java:startImpl(346)) - 1a301c79-b9ef-44e0-a0ae-b339f61819a5: GrpcServicesImpl started, listening on 15023
2025-10-10 10:39:00,443 [1a301c79-b9ef-44e0-a0ae-b339f61819a5-EndpointStateMachineTaskThread-/0.0.0.0:15002-0 ] INFO  server.GrpcServicesImpl (GrpcServicesImpl.java:startImpl(346)) - 1a301c79-b9ef-44e0-a0ae-b339f61819a5: GrpcServicesImpl started, listening on 15022
2025-10-10 10:39:00,443 [1a301c79-b9ef-44e0-a0ae-b339f61819a5-EndpointStateMachineTaskThread-/0.0.0.0:15002-0 ] INFO  ratis.XceiverServerRatis (XceiverServerRatis.java:getRealPort(586)) - XceiverServerRatis(1a301c79-b9ef-44e0-a0ae-b339f61819a5) is started using port RATIS=15021
2025-10-10 10:39:00,443 [1a301c79-b9ef-44e0-a0ae-b339f61819a5-EndpointStateMachineTaskThread-/0.0.0.0:15002-0 ] INFO  ratis.XceiverServerRatis (XceiverServerRatis.java:getRealPort(586)) - XceiverServerRatis(1a301c79-b9ef-44e0-a0ae-b339f61819a5) is started using port RATIS_ADMIN=15022
2025-10-10 10:39:00,444 [1a301c79-b9ef-44e0-a0ae-b339f61819a5-EndpointStateMachineTaskThread-/0.0.0.0:15002-0 ] INFO  ratis.XceiverServerRatis (XceiverServerRatis.java:getRealPort(586)) - XceiverServerRatis(1a301c79-b9ef-44e0-a0ae-b339f61819a5) is started using port RATIS_SERVER=15023
2025-10-10 10:39:00,444 [1a301c79-b9ef-44e0-a0ae-b339f61819a5-EndpointStateMachineTaskThread-/0.0.0.0:15002-0 ] INFO  ratis.XceiverServerRatis (XceiverServerRatis.java:getRealPort(586)) - XceiverServerRatis(1a301c79-b9ef-44e0-a0ae-b339f61819a5) is started using port RATIS_DATASTREAM=15024
2025-10-10 10:39:00,444 [JvmPauseMonitor14] INFO  util.JvmPauseMonitor (JvmPauseMonitor.java:run(146)) - JvmPauseMonitor-1a301c79-b9ef-44e0-a0ae-b339f61819a5: Started
2025-10-10 10:39:00,444 [1a301c79-b9ef-44e0-a0ae-b339f61819a5-EndpointStateMachineTaskThread-/0.0.0.0:15002-0 ] INFO  utils.BackgroundService (BackgroundService.java:start(119)) - Starting service BlockDeletingService with interval 60000 milliseconds
2025-10-10 10:39:00,444 [1a301c79-b9ef-44e0-a0ae-b339f61819a5-EndpointStateMachineTaskThread-/0.0.0.0:15002-0 ] INFO  utils.BackgroundService (BackgroundService.java:start(119)) - Starting service StaleRecoveringContainerScrubbingService with interval 60000 milliseconds
2025-10-10 10:39:00,883 [43369f36-6a0f-45ae-a8eb-f0d390948370@group-7E155E250634-FollowerState] INFO  impl.FollowerState (FollowerState.java:runImpl(161)) - 43369f36-6a0f-45ae-a8eb-f0d390948370@group-7E155E250634-FollowerState: change to CANDIDATE, lastRpcElapsedTime:1061421054ns, electionTimeout:1061ms
2025-10-10 10:39:00,884 [43369f36-6a0f-45ae-a8eb-f0d390948370@group-7E155E250634-FollowerState] INFO  impl.RoleInfo (RoleInfo.java:shutdownFollowerState(121)) - 43369f36-6a0f-45ae-a8eb-f0d390948370: shutdown 43369f36-6a0f-45ae-a8eb-f0d390948370@group-7E155E250634-FollowerState
2025-10-10 10:39:00,884 [43369f36-6a0f-45ae-a8eb-f0d390948370@group-7E155E250634-FollowerState] INFO  server.RaftServer$Division (RaftServerImpl.java:setRole(392)) - 43369f36-6a0f-45ae-a8eb-f0d390948370@group-7E155E250634: changes role from  FOLLOWER to CANDIDATE at term 2 for changeToCandidate
2025-10-10 10:39:00,884 [43369f36-6a0f-45ae-a8eb-f0d390948370@group-7E155E250634-FollowerState] INFO  impl.RoleInfo (RoleInfo.java:updateAndGet(148)) - 43369f36-6a0f-45ae-a8eb-f0d390948370: start 43369f36-6a0f-45ae-a8eb-f0d390948370@group-7E155E250634-LeaderElection140
2025-10-10 10:39:00,884 [43369f36-6a0f-45ae-a8eb-f0d390948370@group-7E155E250634-LeaderElection140] INFO  impl.LeaderElection (LeaderElection.java:askForVotes(448)) - 43369f36-6a0f-45ae-a8eb-f0d390948370@group-7E155E250634-LeaderElection140 PRE_VOTE round 0: submit vote requests at term 2 for conf: {index: 5, cur=peers:[bb95c33f-a3cb-4bbe-957e-8163c1fc1114|127.0.0.1:15031, 1a301c79-b9ef-44e0-a0ae-b339f61819a5|127.0.0.1:15023, 43369f36-6a0f-45ae-a8eb-f0d390948370|127.0.0.1:15015]|listeners:[], old=null}
2025-10-10 10:39:00,885 [43369f36-6a0f-45ae-a8eb-f0d390948370@group-7E155E250634-LeaderElection140] INFO  impl.LeaderElection (LogUtils.java:infoOrTrace(142)) - 43369f36-6a0f-45ae-a8eb-f0d390948370@group-7E155E250634-LeaderElection140 got exception when requesting votes: java.util.concurrent.ExecutionException: org.apache.ratis.thirdparty.io.grpc.StatusRuntimeException: UNAVAILABLE: io exception
2025-10-10 10:39:00,885 [43369f36-6a0f-45ae-a8eb-f0d390948370@group-7E155E250634-LeaderElection140] INFO  impl.LeaderElection (LogUtils.java:infoOrTrace(142)) - 43369f36-6a0f-45ae-a8eb-f0d390948370@group-7E155E250634-LeaderElection140 got exception when requesting votes: java.util.concurrent.ExecutionException: org.apache.ratis.thirdparty.io.grpc.StatusRuntimeException: UNAVAILABLE: io exception
2025-10-10 10:39:00,885 [43369f36-6a0f-45ae-a8eb-f0d390948370@group-7E155E250634-LeaderElection140] INFO  impl.LeaderElection (LeaderElection.java:logAndReturn(206)) - 43369f36-6a0f-45ae-a8eb-f0d390948370@group-7E155E250634-LeaderElection140: PRE_VOTE REJECTED received 0 response(s) and 2 exception(s):
2025-10-10 10:39:00,885 [43369f36-6a0f-45ae-a8eb-f0d390948370@group-7E155E250634-LeaderElection140] INFO  impl.LeaderElection (LogUtils.java:infoOrTrace(142)) -   Exception 0: java.util.concurrent.ExecutionException: org.apache.ratis.thirdparty.io.grpc.StatusRuntimeException: UNAVAILABLE: io exception
2025-10-10 10:39:00,885 [43369f36-6a0f-45ae-a8eb-f0d390948370@group-7E155E250634-LeaderElection140] INFO  impl.LeaderElection (LogUtils.java:infoOrTrace(142)) -   Exception 1: java.util.concurrent.ExecutionException: org.apache.ratis.thirdparty.io.grpc.StatusRuntimeException: UNAVAILABLE: io exception
2025-10-10 10:39:00,885 [43369f36-6a0f-45ae-a8eb-f0d390948370@group-7E155E250634-LeaderElection140] INFO  impl.LeaderElection (LeaderElection.java:askForVotes(450)) - 43369f36-6a0f-45ae-a8eb-f0d390948370@group-7E155E250634-LeaderElection140 PRE_VOTE round 0: result REJECTED
2025-10-10 10:39:00,885 [43369f36-6a0f-45ae-a8eb-f0d390948370@group-7E155E250634-LeaderElection140] INFO  server.RaftServer$Division (RaftServerImpl.java:setRole(392)) - 43369f36-6a0f-45ae-a8eb-f0d390948370@group-7E155E250634: changes role from CANDIDATE to FOLLOWER at term 2 for REJECTED
2025-10-10 10:39:00,885 [43369f36-6a0f-45ae-a8eb-f0d390948370@group-7E155E250634-LeaderElection140] INFO  impl.RoleInfo (RoleInfo.java:shutdownLeaderElection(141)) - 43369f36-6a0f-45ae-a8eb-f0d390948370: shutdown 43369f36-6a0f-45ae-a8eb-f0d390948370@group-7E155E250634-LeaderElection140
2025-10-10 10:39:00,885 [43369f36-6a0f-45ae-a8eb-f0d390948370@group-7E155E250634-LeaderElection140] INFO  impl.RoleInfo (RoleInfo.java:updateAndGet(148)) - 43369f36-6a0f-45ae-a8eb-f0d390948370: start 43369f36-6a0f-45ae-a8eb-f0d390948370@group-7E155E250634-FollowerState
2025-10-10 10:39:01,228 [bb95c33f-a3cb-4bbe-957e-8163c1fc1114@group-7E155E250634-FollowerState] INFO  impl.FollowerState (FollowerState.java:runImpl(161)) - bb95c33f-a3cb-4bbe-957e-8163c1fc1114@group-7E155E250634-FollowerState: change to CANDIDATE, lastRpcElapsedTime:1016979261ns, electionTimeout:1016ms
2025-10-10 10:39:01,228 [bb95c33f-a3cb-4bbe-957e-8163c1fc1114@group-7E155E250634-FollowerState] INFO  impl.RoleInfo (RoleInfo.java:shutdownFollowerState(121)) - bb95c33f-a3cb-4bbe-957e-8163c1fc1114: shutdown bb95c33f-a3cb-4bbe-957e-8163c1fc1114@group-7E155E250634-FollowerState
2025-10-10 10:39:01,228 [bb95c33f-a3cb-4bbe-957e-8163c1fc1114@group-7E155E250634-FollowerState] INFO  server.RaftServer$Division (RaftServerImpl.java:setRole(392)) - bb95c33f-a3cb-4bbe-957e-8163c1fc1114@group-7E155E250634: changes role from  FOLLOWER to CANDIDATE at term 1 for changeToCandidate
2025-10-10 10:39:01,228 [bb95c33f-a3cb-4bbe-957e-8163c1fc1114@group-7E155E250634-FollowerState] INFO  impl.RoleInfo (RoleInfo.java:updateAndGet(148)) - bb95c33f-a3cb-4bbe-957e-8163c1fc1114: start bb95c33f-a3cb-4bbe-957e-8163c1fc1114@group-7E155E250634-LeaderElection141
2025-10-10 10:39:01,229 [bb95c33f-a3cb-4bbe-957e-8163c1fc1114@group-7E155E250634-LeaderElection141] INFO  impl.LeaderElection (LeaderElection.java:askForVotes(448)) - bb95c33f-a3cb-4bbe-957e-8163c1fc1114@group-7E155E250634-LeaderElection141 PRE_VOTE round 0: submit vote requests at term 1 for conf: {index: 0, cur=peers:[bb95c33f-a3cb-4bbe-957e-8163c1fc1114|127.0.0.1:15031, 1a301c79-b9ef-44e0-a0ae-b339f61819a5|127.0.0.1:15023, 43369f36-6a0f-45ae-a8eb-f0d390948370|127.0.0.1:15015]|listeners:[], old=null}
2025-10-10 10:39:01,229 [bb95c33f-a3cb-4bbe-957e-8163c1fc1114@group-7E155E250634-LeaderElection141-1] INFO  server.GrpcServerProtocolClient (GrpcServerProtocolClient.java:<init>(65)) - Build channel for 1a301c79-b9ef-44e0-a0ae-b339f61819a5|127.0.0.1:15023
2025-10-10 10:39:01,229 [bb95c33f-a3cb-4bbe-957e-8163c1fc1114@group-7E155E250634-LeaderElection141-2] INFO  server.GrpcServerProtocolClient (GrpcServerProtocolClient.java:<init>(65)) - Build channel for 43369f36-6a0f-45ae-a8eb-f0d390948370|127.0.0.1:15015
2025-10-10 10:39:01,232 [grpc-default-executor-3] INFO  server.RaftServer$Division (RaftServerImpl.java:requestVote(1421)) - 43369f36-6a0f-45ae-a8eb-f0d390948370@group-7E155E250634: receive requestVote(PRE_VOTE, bb95c33f-a3cb-4bbe-957e-8163c1fc1114, group-7E155E250634, 1, (t:1, i:4))
2025-10-10 10:39:01,233 [grpc-default-executor-3] INFO  impl.VoteContext (VoteContext.java:log(49)) - 43369f36-6a0f-45ae-a8eb-f0d390948370@group-7E155E250634-FOLLOWER: reject PRE_VOTE from bb95c33f-a3cb-4bbe-957e-8163c1fc1114: our last entry (t:2, i:6) > candidate's last entry (t:1, i:4)
2025-10-10 10:39:01,233 [grpc-default-executor-1] INFO  server.RaftServer$Division (RaftServerImpl.java:requestVote(1421)) - 1a301c79-b9ef-44e0-a0ae-b339f61819a5@group-7E155E250634: receive requestVote(PRE_VOTE, bb95c33f-a3cb-4bbe-957e-8163c1fc1114, group-7E155E250634, 1, (t:1, i:4))
2025-10-10 10:39:01,233 [grpc-default-executor-3] INFO  server.RaftServer$Division (RaftServerImpl.java:requestVote(1455)) - 43369f36-6a0f-45ae-a8eb-f0d390948370@group-7E155E250634 replies to PRE_VOTE vote request: bb95c33f-a3cb-4bbe-957e-8163c1fc1114<-43369f36-6a0f-45ae-a8eb-f0d390948370#0:FAIL-t2-last:(t:2, i:6). Peer's state: 43369f36-6a0f-45ae-a8eb-f0d390948370@group-7E155E250634:t2, leader=null, voted=43369f36-6a0f-45ae-a8eb-f0d390948370, raftlog=Memoized:43369f36-6a0f-45ae-a8eb-f0d390948370@group-7E155E250634-SegmentedRaftLog:OPENED:c6:last(t:2, i:6), conf=conf: {index: 5, cur=peers:[bb95c33f-a3cb-4bbe-957e-8163c1fc1114|127.0.0.1:15031, 1a301c79-b9ef-44e0-a0ae-b339f61819a5|127.0.0.1:15023, 43369f36-6a0f-45ae-a8eb-f0d390948370|127.0.0.1:15015]|listeners:[], old=null}
2025-10-10 10:39:01,233 [grpc-default-executor-1] INFO  impl.VoteContext (VoteContext.java:log(49)) - 1a301c79-b9ef-44e0-a0ae-b339f61819a5@group-7E155E250634-FOLLOWER: reject PRE_VOTE from bb95c33f-a3cb-4bbe-957e-8163c1fc1114: our last entry (t:2, i:6) > candidate's last entry (t:1, i:4)
2025-10-10 10:39:01,233 [grpc-default-executor-1] INFO  server.RaftServer$Division (RaftServerImpl.java:requestVote(1455)) - 1a301c79-b9ef-44e0-a0ae-b339f61819a5@group-7E155E250634 replies to PRE_VOTE vote request: bb95c33f-a3cb-4bbe-957e-8163c1fc1114<-1a301c79-b9ef-44e0-a0ae-b339f61819a5#0:FAIL-t2-last:(t:2, i:6). Peer's state: 1a301c79-b9ef-44e0-a0ae-b339f61819a5@group-7E155E250634:t2, leader=null, voted=43369f36-6a0f-45ae-a8eb-f0d390948370, raftlog=Memoized:1a301c79-b9ef-44e0-a0ae-b339f61819a5@group-7E155E250634-SegmentedRaftLog:OPENED:c6:last(t:2, i:6), conf=conf: {index: 5, cur=peers:[bb95c33f-a3cb-4bbe-957e-8163c1fc1114|127.0.0.1:15031, 1a301c79-b9ef-44e0-a0ae-b339f61819a5|127.0.0.1:15023, 43369f36-6a0f-45ae-a8eb-f0d390948370|127.0.0.1:15015]|listeners:[], old=null}
2025-10-10 10:39:01,234 [bb95c33f-a3cb-4bbe-957e-8163c1fc1114@group-7E155E250634-LeaderElection141] INFO  impl.LeaderElection (LeaderElection.java:logAndReturn(206)) - bb95c33f-a3cb-4bbe-957e-8163c1fc1114@group-7E155E250634-LeaderElection141: PRE_VOTE DISCOVERED_A_NEW_TERM (term=2) received 1 response(s) and 0 exception(s):
2025-10-10 10:39:01,234 [bb95c33f-a3cb-4bbe-957e-8163c1fc1114@group-7E155E250634-LeaderElection141] INFO  impl.LeaderElection (LeaderElection.java:logAndReturn(210)) -   Response 0: bb95c33f-a3cb-4bbe-957e-8163c1fc1114<-43369f36-6a0f-45ae-a8eb-f0d390948370#0:FAIL-t2-last:(t:2, i:6)
2025-10-10 10:39:01,234 [bb95c33f-a3cb-4bbe-957e-8163c1fc1114@group-7E155E250634-LeaderElection141] INFO  impl.LeaderElection (LeaderElection.java:askForVotes(450)) - bb95c33f-a3cb-4bbe-957e-8163c1fc1114@group-7E155E250634-LeaderElection141 PRE_VOTE round 0: result DISCOVERED_A_NEW_TERM (term=2)
2025-10-10 10:39:01,234 [bb95c33f-a3cb-4bbe-957e-8163c1fc1114@group-7E155E250634-LeaderElection141] INFO  server.RaftServer$Division (RaftServerImpl.java:setRole(392)) - bb95c33f-a3cb-4bbe-957e-8163c1fc1114@group-7E155E250634: changes role from CANDIDATE to FOLLOWER at term 1 for DISCOVERED_A_NEW_TERM (term=2)
2025-10-10 10:39:01,234 [bb95c33f-a3cb-4bbe-957e-8163c1fc1114@group-7E155E250634-LeaderElection141] INFO  impl.RoleInfo (RoleInfo.java:shutdownLeaderElection(141)) - bb95c33f-a3cb-4bbe-957e-8163c1fc1114: shutdown bb95c33f-a3cb-4bbe-957e-8163c1fc1114@group-7E155E250634-LeaderElection141
2025-10-10 10:39:01,234 [bb95c33f-a3cb-4bbe-957e-8163c1fc1114@group-7E155E250634-LeaderElection141] INFO  impl.RoleInfo (RoleInfo.java:updateAndGet(148)) - bb95c33f-a3cb-4bbe-957e-8163c1fc1114: start bb95c33f-a3cb-4bbe-957e-8163c1fc1114@group-7E155E250634-FollowerState
2025-10-10 10:39:01,234 [bb95c33f-a3cb-4bbe-957e-8163c1fc1114@group-7E155E250634-LeaderElection141] INFO  server.RaftServer$Division (RaftServerImpl.java:setFirstElection(576)) - bb95c33f-a3cb-4bbe-957e-8163c1fc1114@group-7E155E250634: set firstElectionSinceStartup to false for DISCOVERED_A_NEW_TERM (term=2)
2025-10-10 10:39:01,268 [bb95c33f-a3cb-4bbe-957e-8163c1fc1114@group-FF215623FAB7-FollowerState] INFO  impl.FollowerState (FollowerState.java:runImpl(161)) - bb95c33f-a3cb-4bbe-957e-8163c1fc1114@group-FF215623FAB7-FollowerState: change to CANDIDATE, lastRpcElapsedTime:1062603032ns, electionTimeout:1061ms
2025-10-10 10:39:01,268 [bb95c33f-a3cb-4bbe-957e-8163c1fc1114@group-FF215623FAB7-FollowerState] INFO  impl.RoleInfo (RoleInfo.java:shutdownFollowerState(121)) - bb95c33f-a3cb-4bbe-957e-8163c1fc1114: shutdown bb95c33f-a3cb-4bbe-957e-8163c1fc1114@group-FF215623FAB7-FollowerState
2025-10-10 10:39:01,268 [bb95c33f-a3cb-4bbe-957e-8163c1fc1114@group-FF215623FAB7-FollowerState] INFO  server.RaftServer$Division (RaftServerImpl.java:setRole(392)) - bb95c33f-a3cb-4bbe-957e-8163c1fc1114@group-FF215623FAB7: changes role from  FOLLOWER to CANDIDATE at term 1 for changeToCandidate
2025-10-10 10:39:01,268 [bb95c33f-a3cb-4bbe-957e-8163c1fc1114@group-FF215623FAB7-FollowerState] INFO  impl.RoleInfo (RoleInfo.java:updateAndGet(148)) - bb95c33f-a3cb-4bbe-957e-8163c1fc1114: start bb95c33f-a3cb-4bbe-957e-8163c1fc1114@group-FF215623FAB7-LeaderElection142
2025-10-10 10:39:01,269 [bb95c33f-a3cb-4bbe-957e-8163c1fc1114@group-FF215623FAB7-LeaderElection142] INFO  impl.LeaderElection (LeaderElection.java:askForVotes(448)) - bb95c33f-a3cb-4bbe-957e-8163c1fc1114@group-FF215623FAB7-LeaderElection142 PRE_VOTE round 0: submit vote requests at term 1 for conf: {index: 0, cur=peers:[bb95c33f-a3cb-4bbe-957e-8163c1fc1114|127.0.0.1:15031]|listeners:[], old=null}
2025-10-10 10:39:01,269 [bb95c33f-a3cb-4bbe-957e-8163c1fc1114@group-FF215623FAB7-LeaderElection142] INFO  impl.LeaderElection (LeaderElection.java:askForVotes(450)) - bb95c33f-a3cb-4bbe-957e-8163c1fc1114@group-FF215623FAB7-LeaderElection142 PRE_VOTE round 0: result PASSED (term=1)
2025-10-10 10:39:01,270 [bb95c33f-a3cb-4bbe-957e-8163c1fc1114@group-FF215623FAB7-LeaderElection142] INFO  impl.LeaderElection (LeaderElection.java:askForVotes(448)) - bb95c33f-a3cb-4bbe-957e-8163c1fc1114@group-FF215623FAB7-LeaderElection142 ELECTION round 0: submit vote requests at term 2 for conf: {index: 0, cur=peers:[bb95c33f-a3cb-4bbe-957e-8163c1fc1114|127.0.0.1:15031]|listeners:[], old=null}
2025-10-10 10:39:01,270 [bb95c33f-a3cb-4bbe-957e-8163c1fc1114@group-FF215623FAB7-LeaderElection142] INFO  impl.LeaderElection (LeaderElection.java:askForVotes(450)) - bb95c33f-a3cb-4bbe-957e-8163c1fc1114@group-FF215623FAB7-LeaderElection142 ELECTION round 0: result PASSED (term=2)
2025-10-10 10:39:01,270 [bb95c33f-a3cb-4bbe-957e-8163c1fc1114@group-FF215623FAB7-LeaderElection142] INFO  impl.RoleInfo (RoleInfo.java:shutdownLeaderElection(141)) - bb95c33f-a3cb-4bbe-957e-8163c1fc1114: shutdown bb95c33f-a3cb-4bbe-957e-8163c1fc1114@group-FF215623FAB7-LeaderElection142
2025-10-10 10:39:01,270 [bb95c33f-a3cb-4bbe-957e-8163c1fc1114@group-FF215623FAB7-LeaderElection142] INFO  server.RaftServer$Division (RaftServerImpl.java:setRole(392)) - bb95c33f-a3cb-4bbe-957e-8163c1fc1114@group-FF215623FAB7: changes role from CANDIDATE to LEADER at term 2 for changeToLeader
2025-10-10 10:39:01,270 [bb95c33f-a3cb-4bbe-957e-8163c1fc1114@group-FF215623FAB7-LeaderElection142] INFO  server.RaftServerConfigKeys (ConfUtils.java:logFallback(69)) - raft.server.staging.timeout = 3600ms (fallback to raft.server.rpc.timeout.max)
2025-10-10 10:39:01,270 [bb95c33f-a3cb-4bbe-957e-8163c1fc1114@group-FF215623FAB7-LeaderElection142] INFO  server.RaftServerConfigKeys (ConfUtils.java:logGet(62)) - raft.server.write.byte-limit = 1024 M (=1073741824) (custom)
2025-10-10 10:39:01,271 [bb95c33f-a3cb-4bbe-957e-8163c1fc1114@group-FF215623FAB7-LeaderElection142] INFO  impl.RoleInfo (RoleInfo.java:updateAndGet(148)) - bb95c33f-a3cb-4bbe-957e-8163c1fc1114: start bb95c33f-a3cb-4bbe-957e-8163c1fc1114@group-FF215623FAB7-LeaderStateImpl
2025-10-10 10:39:01,271 [bb95c33f-a3cb-4bbe-957e-8163c1fc1114@group-FF215623FAB7-LeaderElection142] INFO  server.RaftServer$Division (RaftServerImpl.java:setFirstElection(576)) - bb95c33f-a3cb-4bbe-957e-8163c1fc1114@group-FF215623FAB7: set firstElectionSinceStartup to false for becomeLeader
2025-10-10 10:39:01,272 [bb95c33f-a3cb-4bbe-957e-8163c1fc1114@group-FF215623FAB7-LeaderElection142] INFO  ratis.XceiverServerRatis (XceiverServerRatis.java:handleLeaderChangedNotification(940)) - Leader change notification received for group: group-FF215623FAB7 with new leaderId: bb95c33f-a3cb-4bbe-957e-8163c1fc1114
2025-10-10 10:39:01,272 [bb95c33f-a3cb-4bbe-957e-8163c1fc1114@group-FF215623FAB7-LeaderElection142] INFO  server.RaftServer$Division (ServerState.java:setLeader(272)) - bb95c33f-a3cb-4bbe-957e-8163c1fc1114@group-FF215623FAB7: change Leader from null to bb95c33f-a3cb-4bbe-957e-8163c1fc1114 at term 2 for becomeLeader, leader elected after 1781ms
2025-10-10 10:39:01,272 [bb95c33f-a3cb-4bbe-957e-8163c1fc1114@group-FF215623FAB7-LeaderElection142] INFO  segmented.SegmentedRaftLogWorker (SegmentedRaftLogWorker.java:rollLogSegment(445)) - bb95c33f-a3cb-4bbe-957e-8163c1fc1114@group-FF215623FAB7-SegmentedRaftLogWorker: Rolling segment log-0_0 to index:0
2025-10-10 10:39:01,272 [bb95c33f-a3cb-4bbe-957e-8163c1fc1114@group-FF215623FAB7-LeaderElection142] INFO  server.RaftServer$Division (ServerState.java:setRaftConf(386)) - bb95c33f-a3cb-4bbe-957e-8163c1fc1114@group-FF215623FAB7: set configuration conf: {index: 1, cur=peers:[bb95c33f-a3cb-4bbe-957e-8163c1fc1114|127.0.0.1:15031]|listeners:[], old=null}
2025-10-10 10:39:01,272 [bb95c33f-a3cb-4bbe-957e-8163c1fc1114@group-FF215623FAB7-SegmentedRaftLogWorker] INFO  segmented.SegmentedRaftLogWorker (SegmentedRaftLogWorker.java:execute(604)) - bb95c33f-a3cb-4bbe-957e-8163c1fc1114@group-FF215623FAB7-SegmentedRaftLogWorker: Rolled log segment from /home/runner/work/ozone/ozone/hadoop-ozone/integration-test/target/test-dir/MiniOzoneClusterImpl-611c99c7-d47b-4433-a4ef-cd0a35b076ef/ozone-metadata/datanode-3/ratis/383f4c41-c860-4c85-a7b1-ff215623fab7/current/log_inprogress_0 to /home/runner/work/ozone/ozone/hadoop-ozone/integration-test/target/test-dir/MiniOzoneClusterImpl-611c99c7-d47b-4433-a4ef-cd0a35b076ef/ozone-metadata/datanode-3/ratis/383f4c41-c860-4c85-a7b1-ff215623fab7/current/log_0-0
2025-10-10 10:39:01,273 [bb95c33f-a3cb-4bbe-957e-8163c1fc1114@group-FF215623FAB7-SegmentedRaftLogWorker] INFO  segmented.BufferedWriteChannel (BufferedWriteChannel.java:open(61)) - open log_inprogress_1 at position 0
2025-10-10 10:39:01,279 [bb95c33f-a3cb-4bbe-957e-8163c1fc1114@group-FF215623FAB7-SegmentedRaftLogWorker] INFO  segmented.SegmentedRaftLogWorker (SegmentedRaftLogWorker.java:execute(647)) - bb95c33f-a3cb-4bbe-957e-8163c1fc1114@group-FF215623FAB7-SegmentedRaftLogWorker: created new log segment /home/runner/work/ozone/ozone/hadoop-ozone/integration-test/target/test-dir/MiniOzoneClusterImpl-611c99c7-d47b-4433-a4ef-cd0a35b076ef/ozone-metadata/datanode-3/ratis/383f4c41-c860-4c85-a7b1-ff215623fab7/current/log_inprogress_1
2025-10-10 10:39:01,280 [bb95c33f-a3cb-4bbe-957e-8163c1fc1114@group-FF215623FAB7-StateMachineUpdater] INFO  server.RaftServer$Division (LeaderStateImpl.java:checkStartIndex(309)) - Leader bb95c33f-a3cb-4bbe-957e-8163c1fc1114@group-FF215623FAB7-LeaderStateImpl is ready since appliedIndex == startIndex == 1
2025-10-10 10:39:01,358 [bb95c33f-a3cb-4bbe-957e-8163c1fc1114@group-63ACBE5F7EDA-FollowerState] INFO  impl.FollowerState (FollowerState.java:runImpl(161)) - bb95c33f-a3cb-4bbe-957e-8163c1fc1114@group-63ACBE5F7EDA-FollowerState: change to CANDIDATE, lastRpcElapsedTime:1147313692ns, electionTimeout:1146ms
2025-10-10 10:39:01,358 [bb95c33f-a3cb-4bbe-957e-8163c1fc1114@group-63ACBE5F7EDA-FollowerState] INFO  impl.RoleInfo (RoleInfo.java:shutdownFollowerState(121)) - bb95c33f-a3cb-4bbe-957e-8163c1fc1114: shutdown bb95c33f-a3cb-4bbe-957e-8163c1fc1114@group-63ACBE5F7EDA-FollowerState
2025-10-10 10:39:01,358 [bb95c33f-a3cb-4bbe-957e-8163c1fc1114@group-63ACBE5F7EDA-FollowerState] INFO  server.RaftServer$Division (RaftServerImpl.java:setRole(392)) - bb95c33f-a3cb-4bbe-957e-8163c1fc1114@group-63ACBE5F7EDA: changes role from  FOLLOWER to CANDIDATE at term 1 for changeToCandidate
2025-10-10 10:39:01,358 [bb95c33f-a3cb-4bbe-957e-8163c1fc1114@group-63ACBE5F7EDA-FollowerState] INFO  impl.RoleInfo (RoleInfo.java:updateAndGet(148)) - bb95c33f-a3cb-4bbe-957e-8163c1fc1114: start bb95c33f-a3cb-4bbe-957e-8163c1fc1114@group-63ACBE5F7EDA-LeaderElection143
2025-10-10 10:39:01,358 [bb95c33f-a3cb-4bbe-957e-8163c1fc1114@group-63ACBE5F7EDA-LeaderElection143] INFO  impl.LeaderElection (LeaderElection.java:askForVotes(448)) - bb95c33f-a3cb-4bbe-957e-8163c1fc1114@group-63ACBE5F7EDA-LeaderElection143 PRE_VOTE round 0: submit vote requests at term 1 for conf: {index: 0, cur=peers:[bb95c33f-a3cb-4bbe-957e-8163c1fc1114|127.0.0.1:15031, 1a301c79-b9ef-44e0-a0ae-b339f61819a5|127.0.0.1:15023, 43369f36-6a0f-45ae-a8eb-f0d390948370|127.0.0.1:15015]|listeners:[], old=null}
2025-10-10 10:39:01,360 [grpc-default-executor-3] INFO  server.RaftServer$Division (RaftServerImpl.java:requestVote(1421)) - 43369f36-6a0f-45ae-a8eb-f0d390948370@group-63ACBE5F7EDA: receive requestVote(PRE_VOTE, bb95c33f-a3cb-4bbe-957e-8163c1fc1114, group-63ACBE5F7EDA, 1, (t:1, i:0))
2025-10-10 10:39:01,360 [grpc-default-executor-1] INFO  server.RaftServer$Division (RaftServerImpl.java:requestVote(1421)) - 1a301c79-b9ef-44e0-a0ae-b339f61819a5@group-63ACBE5F7EDA: receive requestVote(PRE_VOTE, bb95c33f-a3cb-4bbe-957e-8163c1fc1114, group-63ACBE5F7EDA, 1, (t:1, i:0))
2025-10-10 10:39:01,360 [grpc-default-executor-3] INFO  impl.VoteContext (VoteContext.java:log(49)) - 43369f36-6a0f-45ae-a8eb-f0d390948370@group-63ACBE5F7EDA-FOLLOWER: accept PRE_VOTE from bb95c33f-a3cb-4bbe-957e-8163c1fc1114: our priority 0 <= candidate's priority 0
2025-10-10 10:39:01,360 [grpc-default-executor-1] INFO  impl.VoteContext (VoteContext.java:log(49)) - 1a301c79-b9ef-44e0-a0ae-b339f61819a5@group-63ACBE5F7EDA-FOLLOWER: reject PRE_VOTE from bb95c33f-a3cb-4bbe-957e-8163c1fc1114: our priority 1 > candidate's priority 0
2025-10-10 10:39:01,360 [grpc-default-executor-3] INFO  server.RaftServer$Division (RaftServerImpl.java:requestVote(1455)) - 43369f36-6a0f-45ae-a8eb-f0d390948370@group-63ACBE5F7EDA replies to PRE_VOTE vote request: bb95c33f-a3cb-4bbe-957e-8163c1fc1114<-43369f36-6a0f-45ae-a8eb-f0d390948370#0:OK-t1-last:(t:1, i:0). Peer's state: 43369f36-6a0f-45ae-a8eb-f0d390948370@group-63ACBE5F7EDA:t1, leader=null, voted=1a301c79-b9ef-44e0-a0ae-b339f61819a5, raftlog=Memoized:43369f36-6a0f-45ae-a8eb-f0d390948370@group-63ACBE5F7EDA-SegmentedRaftLog:OPENED:c0:last(t:1, i:0), conf=conf: {index: 0, cur=peers:[bb95c33f-a3cb-4bbe-957e-8163c1fc1114|127.0.0.1:15031, 1a301c79-b9ef-44e0-a0ae-b339f61819a5|127.0.0.1:15023, 43369f36-6a0f-45ae-a8eb-f0d390948370|127.0.0.1:15015]|listeners:[], old=null}
2025-10-10 10:39:01,360 [grpc-default-executor-1] INFO  server.RaftServer$Division (RaftServerImpl.java:requestVote(1455)) - 1a301c79-b9ef-44e0-a0ae-b339f61819a5@group-63ACBE5F7EDA replies to PRE_VOTE vote request: bb95c33f-a3cb-4bbe-957e-8163c1fc1114<-1a301c79-b9ef-44e0-a0ae-b339f61819a5#0:FAIL-t1-last:(t:1, i:0). Peer's state: 1a301c79-b9ef-44e0-a0ae-b339f61819a5@group-63ACBE5F7EDA:t1, leader=null, voted=1a301c79-b9ef-44e0-a0ae-b339f61819a5, raftlog=Memoized:1a301c79-b9ef-44e0-a0ae-b339f61819a5@group-63ACBE5F7EDA-SegmentedRaftLog:OPENED:c0:last(t:1, i:0), conf=conf: {index: 0, cur=peers:[bb95c33f-a3cb-4bbe-957e-8163c1fc1114|127.0.0.1:15031, 1a301c79-b9ef-44e0-a0ae-b339f61819a5|127.0.0.1:15023, 43369f36-6a0f-45ae-a8eb-f0d390948370|127.0.0.1:15015]|listeners:[], old=null}
2025-10-10 10:39:01,361 [bb95c33f-a3cb-4bbe-957e-8163c1fc1114@group-63ACBE5F7EDA-LeaderElection143] INFO  impl.LeaderElection (LeaderElection.java:logAndReturn(206)) - bb95c33f-a3cb-4bbe-957e-8163c1fc1114@group-63ACBE5F7EDA-LeaderElection143: PRE_VOTE REJECTED received 1 response(s) and 0 exception(s):
2025-10-10 10:39:01,361 [bb95c33f-a3cb-4bbe-957e-8163c1fc1114@group-63ACBE5F7EDA-LeaderElection143] INFO  impl.LeaderElection (LeaderElection.java:logAndReturn(210)) -   Response 0: bb95c33f-a3cb-4bbe-957e-8163c1fc1114<-1a301c79-b9ef-44e0-a0ae-b339f61819a5#0:FAIL-t1-last:(t:1, i:0)
2025-10-10 10:39:01,361 [bb95c33f-a3cb-4bbe-957e-8163c1fc1114@group-63ACBE5F7EDA-LeaderElection143] INFO  impl.LeaderElection (LeaderElection.java:askForVotes(450)) - bb95c33f-a3cb-4bbe-957e-8163c1fc1114@group-63ACBE5F7EDA-LeaderElection143 PRE_VOTE round 0: result REJECTED
2025-10-10 10:39:01,361 [bb95c33f-a3cb-4bbe-957e-8163c1fc1114@group-63ACBE5F7EDA-LeaderElection143] INFO  server.RaftServer$Division (RaftServerImpl.java:setRole(392)) - bb95c33f-a3cb-4bbe-957e-8163c1fc1114@group-63ACBE5F7EDA: changes role from CANDIDATE to FOLLOWER at term 1 for REJECTED
2025-10-10 10:39:01,361 [bb95c33f-a3cb-4bbe-957e-8163c1fc1114@group-63ACBE5F7EDA-LeaderElection143] INFO  impl.RoleInfo (RoleInfo.java:shutdownLeaderElection(141)) - bb95c33f-a3cb-4bbe-957e-8163c1fc1114: shutdown bb95c33f-a3cb-4bbe-957e-8163c1fc1114@group-63ACBE5F7EDA-LeaderElection143
2025-10-10 10:39:01,362 [bb95c33f-a3cb-4bbe-957e-8163c1fc1114@group-63ACBE5F7EDA-LeaderElection143] INFO  impl.RoleInfo (RoleInfo.java:updateAndGet(148)) - bb95c33f-a3cb-4bbe-957e-8163c1fc1114: start bb95c33f-a3cb-4bbe-957e-8163c1fc1114@group-63ACBE5F7EDA-FollowerState
2025-10-10 10:39:01,362 [bb95c33f-a3cb-4bbe-957e-8163c1fc1114@group-63ACBE5F7EDA-LeaderElection143] INFO  server.RaftServer$Division (RaftServerImpl.java:setFirstElection(576)) - bb95c33f-a3cb-4bbe-957e-8163c1fc1114@group-63ACBE5F7EDA: set firstElectionSinceStartup to false for REJECTED
2025-10-10 10:39:01,539 [1a301c79-b9ef-44e0-a0ae-b339f61819a5@group-C7A1D0DF5F33-FollowerState] INFO  impl.FollowerState (FollowerState.java:runImpl(161)) - 1a301c79-b9ef-44e0-a0ae-b339f61819a5@group-C7A1D0DF5F33-FollowerState: change to CANDIDATE, lastRpcElapsedTime:1099635942ns, electionTimeout:1099ms
2025-10-10 10:39:01,539 [1a301c79-b9ef-44e0-a0ae-b339f61819a5@group-C7A1D0DF5F33-FollowerState] INFO  impl.RoleInfo (RoleInfo.java:shutdownFollowerState(121)) - 1a301c79-b9ef-44e0-a0ae-b339f61819a5: shutdown 1a301c79-b9ef-44e0-a0ae-b339f61819a5@group-C7A1D0DF5F33-FollowerState
2025-10-10 10:39:01,539 [1a301c79-b9ef-44e0-a0ae-b339f61819a5@group-C7A1D0DF5F33-FollowerState] INFO  server.RaftServer$Division (RaftServerImpl.java:setRole(392)) - 1a301c79-b9ef-44e0-a0ae-b339f61819a5@group-C7A1D0DF5F33: changes role from  FOLLOWER to CANDIDATE at term 1 for changeToCandidate
2025-10-10 10:39:01,539 [1a301c79-b9ef-44e0-a0ae-b339f61819a5@group-C7A1D0DF5F33-FollowerState] INFO  impl.RoleInfo (RoleInfo.java:updateAndGet(148)) - 1a301c79-b9ef-44e0-a0ae-b339f61819a5: start 1a301c79-b9ef-44e0-a0ae-b339f61819a5@group-C7A1D0DF5F33-LeaderElection144
2025-10-10 10:39:01,539 [1a301c79-b9ef-44e0-a0ae-b339f61819a5@group-C7A1D0DF5F33-LeaderElection144] INFO  impl.LeaderElection (LeaderElection.java:askForVotes(448)) - 1a301c79-b9ef-44e0-a0ae-b339f61819a5@group-C7A1D0DF5F33-LeaderElection144 PRE_VOTE round 0: submit vote requests at term 1 for conf: {index: 0, cur=peers:[1a301c79-b9ef-44e0-a0ae-b339f61819a5|127.0.0.1:15023]|listeners:[], old=null}
2025-10-10 10:39:01,539 [1a301c79-b9ef-44e0-a0ae-b339f61819a5@group-C7A1D0DF5F33-LeaderElection144] INFO  impl.LeaderElection (LeaderElection.java:askForVotes(450)) - 1a301c79-b9ef-44e0-a0ae-b339f61819a5@group-C7A1D0DF5F33-LeaderElection144 PRE_VOTE round 0: result PASSED (term=1)
2025-10-10 10:39:01,541 [1a301c79-b9ef-44e0-a0ae-b339f61819a5@group-C7A1D0DF5F33-LeaderElection144] INFO  impl.LeaderElection (LeaderElection.java:askForVotes(448)) - 1a301c79-b9ef-44e0-a0ae-b339f61819a5@group-C7A1D0DF5F33-LeaderElection144 ELECTION round 0: submit vote requests at term 2 for conf: {index: 0, cur=peers:[1a301c79-b9ef-44e0-a0ae-b339f61819a5|127.0.0.1:15023]|listeners:[], old=null}
2025-10-10 10:39:01,541 [1a301c79-b9ef-44e0-a0ae-b339f61819a5@group-C7A1D0DF5F33-LeaderElection144] INFO  impl.LeaderElection (LeaderElection.java:askForVotes(450)) - 1a301c79-b9ef-44e0-a0ae-b339f61819a5@group-C7A1D0DF5F33-LeaderElection144 ELECTION round 0: result PASSED (term=2)
2025-10-10 10:39:01,541 [1a301c79-b9ef-44e0-a0ae-b339f61819a5@group-C7A1D0DF5F33-LeaderElection144] INFO  impl.RoleInfo (RoleInfo.java:shutdownLeaderElection(141)) - 1a301c79-b9ef-44e0-a0ae-b339f61819a5: shutdown 1a301c79-b9ef-44e0-a0ae-b339f61819a5@group-C7A1D0DF5F33-LeaderElection144
2025-10-10 10:39:01,541 [1a301c79-b9ef-44e0-a0ae-b339f61819a5@group-C7A1D0DF5F33-LeaderElection144] INFO  server.RaftServer$Division (RaftServerImpl.java:setRole(392)) - 1a301c79-b9ef-44e0-a0ae-b339f61819a5@group-C7A1D0DF5F33: changes role from CANDIDATE to LEADER at term 2 for changeToLeader
2025-10-10 10:39:01,541 [1a301c79-b9ef-44e0-a0ae-b339f61819a5@group-C7A1D0DF5F33-LeaderElection144] INFO  server.RaftServerConfigKeys (ConfUtils.java:logFallback(69)) - raft.server.staging.timeout = 3600ms (fallback to raft.server.rpc.timeout.max)
2025-10-10 10:39:01,541 [1a301c79-b9ef-44e0-a0ae-b339f61819a5@group-C7A1D0DF5F33-LeaderElection144] INFO  server.RaftServerConfigKeys (ConfUtils.java:logGet(62)) - raft.server.write.byte-limit = 1024 M (=1073741824) (custom)
2025-10-10 10:39:01,542 [1a301c79-b9ef-44e0-a0ae-b339f61819a5@group-C7A1D0DF5F33-LeaderElection144] INFO  impl.RoleInfo (RoleInfo.java:updateAndGet(148)) - 1a301c79-b9ef-44e0-a0ae-b339f61819a5: start 1a301c79-b9ef-44e0-a0ae-b339f61819a5@group-C7A1D0DF5F33-LeaderStateImpl
2025-10-10 10:39:01,542 [1a301c79-b9ef-44e0-a0ae-b339f61819a5@group-C7A1D0DF5F33-LeaderElection144] INFO  server.RaftServer$Division (RaftServerImpl.java:setFirstElection(576)) - 1a301c79-b9ef-44e0-a0ae-b339f61819a5@group-C7A1D0DF5F33: set firstElectionSinceStartup to false for becomeLeader
2025-10-10 10:39:01,542 [1a301c79-b9ef-44e0-a0ae-b339f61819a5@group-C7A1D0DF5F33-LeaderElection144] INFO  ratis.XceiverServerRatis (XceiverServerRatis.java:handleLeaderChangedNotification(940)) - Leader change notification received for group: group-C7A1D0DF5F33 with new leaderId: 1a301c79-b9ef-44e0-a0ae-b339f61819a5
2025-10-10 10:39:01,542 [1a301c79-b9ef-44e0-a0ae-b339f61819a5@group-C7A1D0DF5F33-LeaderElection144] INFO  server.RaftServer$Division (ServerState.java:setLeader(272)) - 1a301c79-b9ef-44e0-a0ae-b339f61819a5@group-C7A1D0DF5F33: change Leader from null to 1a301c79-b9ef-44e0-a0ae-b339f61819a5 at term 2 for becomeLeader, leader elected after 1801ms
2025-10-10 10:39:01,543 [1a301c79-b9ef-44e0-a0ae-b339f61819a5@group-C7A1D0DF5F33-LeaderElection144] INFO  segmented.SegmentedRaftLogWorker (SegmentedRaftLogWorker.java:rollLogSegment(445)) - 1a301c79-b9ef-44e0-a0ae-b339f61819a5@group-C7A1D0DF5F33-SegmentedRaftLogWorker: Rolling segment log-0_0 to index:0
2025-10-10 10:39:01,543 [1a301c79-b9ef-44e0-a0ae-b339f61819a5@group-C7A1D0DF5F33-LeaderElection144] INFO  server.RaftServer$Division (ServerState.java:setRaftConf(386)) - 1a301c79-b9ef-44e0-a0ae-b339f61819a5@group-C7A1D0DF5F33: set configuration conf: {index: 1, cur=peers:[1a301c79-b9ef-44e0-a0ae-b339f61819a5|127.0.0.1:15023]|listeners:[], old=null}
2025-10-10 10:39:01,543 [1a301c79-b9ef-44e0-a0ae-b339f61819a5@group-C7A1D0DF5F33-SegmentedRaftLogWorker] INFO  segmented.SegmentedRaftLogWorker (SegmentedRaftLogWorker.java:execute(604)) - 1a301c79-b9ef-44e0-a0ae-b339f61819a5@group-C7A1D0DF5F33-SegmentedRaftLogWorker: Rolled log segment from /home/runner/work/ozone/ozone/hadoop-ozone/integration-test/target/test-dir/MiniOzoneClusterImpl-611c99c7-d47b-4433-a4ef-cd0a35b076ef/ozone-metadata/datanode-2/ratis/23a59a5c-0f7b-4c26-811d-c7a1d0df5f33/current/log_inprogress_0 to /home/runner/work/ozone/ozone/hadoop-ozone/integration-test/target/test-dir/MiniOzoneClusterImpl-611c99c7-d47b-4433-a4ef-cd0a35b076ef/ozone-metadata/datanode-2/ratis/23a59a5c-0f7b-4c26-811d-c7a1d0df5f33/current/log_0-0
2025-10-10 10:39:01,544 [1a301c79-b9ef-44e0-a0ae-b339f61819a5@group-C7A1D0DF5F33-SegmentedRaftLogWorker] INFO  segmented.BufferedWriteChannel (BufferedWriteChannel.java:open(61)) - open log_inprogress_1 at position 0
2025-10-10 10:39:01,550 [1a301c79-b9ef-44e0-a0ae-b339f61819a5@group-C7A1D0DF5F33-SegmentedRaftLogWorker] INFO  segmented.SegmentedRaftLogWorker (SegmentedRaftLogWorker.java:execute(647)) - 1a301c79-b9ef-44e0-a0ae-b339f61819a5@group-C7A1D0DF5F33-SegmentedRaftLogWorker: created new log segment /home/runner/work/ozone/ozone/hadoop-ozone/integration-test/target/test-dir/MiniOzoneClusterImpl-611c99c7-d47b-4433-a4ef-cd0a35b076ef/ozone-metadata/datanode-2/ratis/23a59a5c-0f7b-4c26-811d-c7a1d0df5f33/current/log_inprogress_1
2025-10-10 10:39:01,552 [1a301c79-b9ef-44e0-a0ae-b339f61819a5@group-C7A1D0DF5F33-StateMachineUpdater] INFO  server.RaftServer$Division (LeaderStateImpl.java:checkStartIndex(309)) - Leader 1a301c79-b9ef-44e0-a0ae-b339f61819a5@group-C7A1D0DF5F33-LeaderStateImpl is ready since appliedIndex == startIndex == 1
2025-10-10 10:39:01,560 [1a301c79-b9ef-44e0-a0ae-b339f61819a5@group-63ACBE5F7EDA-FollowerState] INFO  impl.FollowerState (FollowerState.java:runImpl(161)) - 1a301c79-b9ef-44e0-a0ae-b339f61819a5@group-63ACBE5F7EDA-FollowerState: change to CANDIDATE, lastRpcElapsedTime:1120321311ns, electionTimeout:1120ms
2025-10-10 10:39:01,560 [1a301c79-b9ef-44e0-a0ae-b339f61819a5@group-63ACBE5F7EDA-FollowerState] INFO  impl.RoleInfo (RoleInfo.java:shutdownFollowerState(121)) - 1a301c79-b9ef-44e0-a0ae-b339f61819a5: shutdown 1a301c79-b9ef-44e0-a0ae-b339f61819a5@group-63ACBE5F7EDA-FollowerState
2025-10-10 10:39:01,561 [1a301c79-b9ef-44e0-a0ae-b339f61819a5@group-63ACBE5F7EDA-FollowerState] INFO  server.RaftServer$Division (RaftServerImpl.java:setRole(392)) - 1a301c79-b9ef-44e0-a0ae-b339f61819a5@group-63ACBE5F7EDA: changes role from  FOLLOWER to CANDIDATE at term 1 for changeToCandidate
2025-10-10 10:39:01,561 [1a301c79-b9ef-44e0-a0ae-b339f61819a5@group-63ACBE5F7EDA-FollowerState] INFO  impl.RoleInfo (RoleInfo.java:updateAndGet(148)) - 1a301c79-b9ef-44e0-a0ae-b339f61819a5: start 1a301c79-b9ef-44e0-a0ae-b339f61819a5@group-63ACBE5F7EDA-LeaderElection145
2025-10-10 10:39:01,561 [1a301c79-b9ef-44e0-a0ae-b339f61819a5@group-63ACBE5F7EDA-LeaderElection145] INFO  impl.LeaderElection (LeaderElection.java:askForVotes(448)) - 1a301c79-b9ef-44e0-a0ae-b339f61819a5@group-63ACBE5F7EDA-LeaderElection145 PRE_VOTE round 0: submit vote requests at term 1 for conf: {index: 0, cur=peers:[bb95c33f-a3cb-4bbe-957e-8163c1fc1114|127.0.0.1:15031, 1a301c79-b9ef-44e0-a0ae-b339f61819a5|127.0.0.1:15023, 43369f36-6a0f-45ae-a8eb-f0d390948370|127.0.0.1:15015]|listeners:[], old=null}
2025-10-10 10:39:01,562 [1a301c79-b9ef-44e0-a0ae-b339f61819a5@group-63ACBE5F7EDA-LeaderElection145-1] INFO  server.GrpcServerProtocolClient (GrpcServerProtocolClient.java:<init>(65)) - Build channel for bb95c33f-a3cb-4bbe-957e-8163c1fc1114|127.0.0.1:15031
2025-10-10 10:39:01,562 [1a301c79-b9ef-44e0-a0ae-b339f61819a5@group-63ACBE5F7EDA-LeaderElection145-2] INFO  server.GrpcServerProtocolClient (GrpcServerProtocolClient.java:<init>(65)) - Build channel for 43369f36-6a0f-45ae-a8eb-f0d390948370|127.0.0.1:15015
2025-10-10 10:39:01,566 [grpc-default-executor-1] INFO  server.RaftServer$Division (RaftServerImpl.java:requestVote(1421)) - 43369f36-6a0f-45ae-a8eb-f0d390948370@group-63ACBE5F7EDA: receive requestVote(PRE_VOTE, 1a301c79-b9ef-44e0-a0ae-b339f61819a5, group-63ACBE5F7EDA, 1, (t:1, i:0))
2025-10-10 10:39:01,566 [grpc-default-executor-1] INFO  impl.VoteContext (VoteContext.java:log(49)) - 43369f36-6a0f-45ae-a8eb-f0d390948370@group-63ACBE5F7EDA-FOLLOWER: accept PRE_VOTE from 1a301c79-b9ef-44e0-a0ae-b339f61819a5: our priority 0 <= candidate's priority 1
2025-10-10 10:39:01,566 [grpc-default-executor-3] INFO  server.RaftServer$Division (RaftServerImpl.java:requestVote(1421)) - bb95c33f-a3cb-4bbe-957e-8163c1fc1114@group-63ACBE5F7EDA: receive requestVote(PRE_VOTE, 1a301c79-b9ef-44e0-a0ae-b339f61819a5, group-63ACBE5F7EDA, 1, (t:1, i:0))
2025-10-10 10:39:01,566 [grpc-default-executor-3] INFO  impl.VoteContext (VoteContext.java:log(49)) - bb95c33f-a3cb-4bbe-957e-8163c1fc1114@group-63ACBE5F7EDA-FOLLOWER: accept PRE_VOTE from 1a301c79-b9ef-44e0-a0ae-b339f61819a5: our priority 0 <= candidate's priority 1
2025-10-10 10:39:01,566 [grpc-default-executor-1] INFO  server.RaftServer$Division (RaftServerImpl.java:requestVote(1455)) - 43369f36-6a0f-45ae-a8eb-f0d390948370@group-63ACBE5F7EDA replies to PRE_VOTE vote request: 1a301c79-b9ef-44e0-a0ae-b339f61819a5<-43369f36-6a0f-45ae-a8eb-f0d390948370#0:OK-t1-last:(t:1, i:0). Peer's state: 43369f36-6a0f-45ae-a8eb-f0d390948370@group-63ACBE5F7EDA:t1, leader=null, voted=1a301c79-b9ef-44e0-a0ae-b339f61819a5, raftlog=Memoized:43369f36-6a0f-45ae-a8eb-f0d390948370@group-63ACBE5F7EDA-SegmentedRaftLog:OPENED:c0:last(t:1, i:0), conf=conf: {index: 0, cur=peers:[bb95c33f-a3cb-4bbe-957e-8163c1fc1114|127.0.0.1:15031, 1a301c79-b9ef-44e0-a0ae-b339f61819a5|127.0.0.1:15023, 43369f36-6a0f-45ae-a8eb-f0d390948370|127.0.0.1:15015]|listeners:[], old=null}
2025-10-10 10:39:01,567 [grpc-default-executor-3] INFO  server.RaftServer$Division (RaftServerImpl.java:requestVote(1455)) - bb95c33f-a3cb-4bbe-957e-8163c1fc1114@group-63ACBE5F7EDA replies to PRE_VOTE vote request: 1a301c79-b9ef-44e0-a0ae-b339f61819a5<-bb95c33f-a3cb-4bbe-957e-8163c1fc1114#0:OK-t1-last:(t:1, i:0). Peer's state: bb95c33f-a3cb-4bbe-957e-8163c1fc1114@group-63ACBE5F7EDA:t1, leader=null, voted=1a301c79-b9ef-44e0-a0ae-b339f61819a5, raftlog=Memoized:bb95c33f-a3cb-4bbe-957e-8163c1fc1114@group-63ACBE5F7EDA-SegmentedRaftLog:OPENED:c0:last(t:1, i:0), conf=conf: {index: 0, cur=peers:[bb95c33f-a3cb-4bbe-957e-8163c1fc1114|127.0.0.1:15031, 1a301c79-b9ef-44e0-a0ae-b339f61819a5|127.0.0.1:15023, 43369f36-6a0f-45ae-a8eb-f0d390948370|127.0.0.1:15015]|listeners:[], old=null}
2025-10-10 10:39:01,568 [1a301c79-b9ef-44e0-a0ae-b339f61819a5@group-63ACBE5F7EDA-LeaderElection145] INFO  impl.LeaderElection (LeaderElection.java:logAndReturn(206)) - 1a301c79-b9ef-44e0-a0ae-b339f61819a5@group-63ACBE5F7EDA-LeaderElection145: PRE_VOTE PASSED received 1 response(s) and 0 exception(s):
2025-10-10 10:39:01,568 [1a301c79-b9ef-44e0-a0ae-b339f61819a5@group-7E155E250634-FollowerState] INFO  impl.FollowerState (FollowerState.java:runImpl(161)) - 1a301c79-b9ef-44e0-a0ae-b339f61819a5@group-7E155E250634-FollowerState: change to CANDIDATE, lastRpcElapsedTime:1129130795ns, electionTimeout:1128ms
2025-10-10 10:39:01,568 [1a301c79-b9ef-44e0-a0ae-b339f61819a5@group-7E155E250634-FollowerState] INFO  impl.RoleInfo (RoleInfo.java:shutdownFollowerState(121)) - 1a301c79-b9ef-44e0-a0ae-b339f61819a5: shutdown 1a301c79-b9ef-44e0-a0ae-b339f61819a5@group-7E155E250634-FollowerState
2025-10-10 10:39:01,568 [1a301c79-b9ef-44e0-a0ae-b339f61819a5@group-7E155E250634-FollowerState] INFO  server.RaftServer$Division (RaftServerImpl.java:setRole(392)) - 1a301c79-b9ef-44e0-a0ae-b339f61819a5@group-7E155E250634: changes role from  FOLLOWER to CANDIDATE at term 2 for changeToCandidate
2025-10-10 10:39:01,568 [1a301c79-b9ef-44e0-a0ae-b339f61819a5@group-63ACBE5F7EDA-LeaderElection145] INFO  impl.LeaderElection (LeaderElection.java:logAndReturn(210)) -   Response 0: 1a301c79-b9ef-44e0-a0ae-b339f61819a5<-43369f36-6a0f-45ae-a8eb-f0d390948370#0:OK-t1-last:(t:1, i:0)
2025-10-10 10:39:01,568 [1a301c79-b9ef-44e0-a0ae-b339f61819a5@group-7E155E250634-FollowerState] INFO  impl.RoleInfo (RoleInfo.java:updateAndGet(148)) - 1a301c79-b9ef-44e0-a0ae-b339f61819a5: start 1a301c79-b9ef-44e0-a0ae-b339f61819a5@group-7E155E250634-LeaderElection146
2025-10-10 10:39:01,568 [1a301c79-b9ef-44e0-a0ae-b339f61819a5@group-63ACBE5F7EDA-LeaderElection145] INFO  impl.LeaderElection (LeaderElection.java:askForVotes(450)) - 1a301c79-b9ef-44e0-a0ae-b339f61819a5@group-63ACBE5F7EDA-LeaderElection145 PRE_VOTE round 0: result PASSED
2025-10-10 10:39:01,568 [1a301c79-b9ef-44e0-a0ae-b339f61819a5@group-7E155E250634-LeaderElection146] INFO  impl.LeaderElection (LeaderElection.java:askForVotes(448)) - 1a301c79-b9ef-44e0-a0ae-b339f61819a5@group-7E155E250634-LeaderElection146 PRE_VOTE round 0: submit vote requests at term 2 for conf: {index: 5, cur=peers:[bb95c33f-a3cb-4bbe-957e-8163c1fc1114|127.0.0.1:15031, 1a301c79-b9ef-44e0-a0ae-b339f61819a5|127.0.0.1:15023, 43369f36-6a0f-45ae-a8eb-f0d390948370|127.0.0.1:15015]|listeners:[], old=null}
2025-10-10 10:39:01,569 [1a301c79-b9ef-44e0-a0ae-b339f61819a5@group-63ACBE5F7EDA-LeaderElection145] INFO  impl.LeaderElection (LeaderElection.java:askForVotes(448)) - 1a301c79-b9ef-44e0-a0ae-b339f61819a5@group-63ACBE5F7EDA-LeaderElection145 ELECTION round 0: submit vote requests at term 2 for conf: {index: 0, cur=peers:[bb95c33f-a3cb-4bbe-957e-8163c1fc1114|127.0.0.1:15031, 1a301c79-b9ef-44e0-a0ae-b339f61819a5|127.0.0.1:15023, 43369f36-6a0f-45ae-a8eb-f0d390948370|127.0.0.1:15015]|listeners:[], old=null}
2025-10-10 10:39:01,570 [grpc-default-executor-1] INFO  server.RaftServer$Division (RaftServerImpl.java:requestVote(1421)) - bb95c33f-a3cb-4bbe-957e-8163c1fc1114@group-7E155E250634: receive requestVote(PRE_VOTE, 1a301c79-b9ef-44e0-a0ae-b339f61819a5, group-7E155E250634, 2, (t:2, i:6))
2025-10-10 10:39:01,570 [grpc-default-executor-1] INFO  impl.VoteContext (VoteContext.java:log(49)) - bb95c33f-a3cb-4bbe-957e-8163c1fc1114@group-7E155E250634-FOLLOWER: accept PRE_VOTE from 1a301c79-b9ef-44e0-a0ae-b339f61819a5: our last entry (t:1, i:4) < candidate's last entry (t:2, i:6)
2025-10-10 10:39:01,570 [grpc-default-executor-1] INFO  server.RaftServer$Division (RaftServerImpl.java:requestVote(1455)) - bb95c33f-a3cb-4bbe-957e-8163c1fc1114@group-7E155E250634 replies to PRE_VOTE vote request: 1a301c79-b9ef-44e0-a0ae-b339f61819a5<-bb95c33f-a3cb-4bbe-957e-8163c1fc1114#0:OK-t2-last:(t:1, i:4). Peer's state: bb95c33f-a3cb-4bbe-957e-8163c1fc1114@group-7E155E250634:t2, leader=null, voted=null, raftlog=Memoized:bb95c33f-a3cb-4bbe-957e-8163c1fc1114@group-7E155E250634-SegmentedRaftLog:OPENED:c4:last(t:1, i:4), conf=conf: {index: 0, cur=peers:[bb95c33f-a3cb-4bbe-957e-8163c1fc1114|127.0.0.1:15031, 1a301c79-b9ef-44e0-a0ae-b339f61819a5|127.0.0.1:15023, 43369f36-6a0f-45ae-a8eb-f0d390948370|127.0.0.1:15015]|listeners:[], old=null}
2025-10-10 10:39:01,570 [grpc-default-executor-3] INFO  server.RaftServer$Division (RaftServerImpl.java:requestVote(1421)) - 43369f36-6a0f-45ae-a8eb-f0d390948370@group-7E155E250634: receive requestVote(PRE_VOTE, 1a301c79-b9ef-44e0-a0ae-b339f61819a5, group-7E155E250634, 2, (t:2, i:6))
2025-10-10 10:39:01,571 [grpc-default-executor-3] INFO  impl.VoteContext (VoteContext.java:log(49)) - 43369f36-6a0f-45ae-a8eb-f0d390948370@group-7E155E250634-FOLLOWER: accept PRE_VOTE from 1a301c79-b9ef-44e0-a0ae-b339f61819a5: our priority 0 <= candidate's priority 0
2025-10-10 10:39:01,571 [grpc-default-executor-3] INFO  server.RaftServer$Division (RaftServerImpl.java:requestVote(1455)) - 43369f36-6a0f-45ae-a8eb-f0d390948370@group-7E155E250634 replies to PRE_VOTE vote request: 1a301c79-b9ef-44e0-a0ae-b339f61819a5<-43369f36-6a0f-45ae-a8eb-f0d390948370#0:OK-t2-last:(t:2, i:6). Peer's state: 43369f36-6a0f-45ae-a8eb-f0d390948370@group-7E155E250634:t2, leader=null, voted=43369f36-6a0f-45ae-a8eb-f0d390948370, raftlog=Memoized:43369f36-6a0f-45ae-a8eb-f0d390948370@group-7E155E250634-SegmentedRaftLog:OPENED:c6:last(t:2, i:6), conf=conf: {index: 5, cur=peers:[bb95c33f-a3cb-4bbe-957e-8163c1fc1114|127.0.0.1:15031, 1a301c79-b9ef-44e0-a0ae-b339f61819a5|127.0.0.1:15023, 43369f36-6a0f-45ae-a8eb-f0d390948370|127.0.0.1:15015]|listeners:[], old=null}
2025-10-10 10:39:01,572 [1a301c79-b9ef-44e0-a0ae-b339f61819a5@group-7E155E250634-LeaderElection146] INFO  impl.LeaderElection (LeaderElection.java:logAndReturn(206)) - 1a301c79-b9ef-44e0-a0ae-b339f61819a5@group-7E155E250634-LeaderElection146: PRE_VOTE PASSED received 2 response(s) and 0 exception(s):
2025-10-10 10:39:01,572 [1a301c79-b9ef-44e0-a0ae-b339f61819a5@group-7E155E250634-LeaderElection146] INFO  impl.LeaderElection (LeaderElection.java:logAndReturn(210)) -   Response 0: 1a301c79-b9ef-44e0-a0ae-b339f61819a5<-bb95c33f-a3cb-4bbe-957e-8163c1fc1114#0:OK-t2-last:(t:1, i:4)
2025-10-10 10:39:01,572 [1a301c79-b9ef-44e0-a0ae-b339f61819a5@group-7E155E250634-LeaderElection146] INFO  impl.LeaderElection (LeaderElection.java:logAndReturn(210)) -   Response 1: 1a301c79-b9ef-44e0-a0ae-b339f61819a5<-43369f36-6a0f-45ae-a8eb-f0d390948370#0:OK-t2-last:(t:2, i:6)
2025-10-10 10:39:01,572 [1a301c79-b9ef-44e0-a0ae-b339f61819a5@group-7E155E250634-LeaderElection146] INFO  impl.LeaderElection (LeaderElection.java:askForVotes(450)) - 1a301c79-b9ef-44e0-a0ae-b339f61819a5@group-7E155E250634-LeaderElection146 PRE_VOTE round 0: result PASSED
2025-10-10 10:39:01,573 [grpc-default-executor-1] INFO  server.RaftServer$Division (RaftServerImpl.java:requestVote(1421)) - bb95c33f-a3cb-4bbe-957e-8163c1fc1114@group-63ACBE5F7EDA: receive requestVote(ELECTION, 1a301c79-b9ef-44e0-a0ae-b339f61819a5, group-63ACBE5F7EDA, 2, (t:1, i:0))
2025-10-10 10:39:01,573 [grpc-default-executor-1] INFO  impl.VoteContext (VoteContext.java:log(49)) - bb95c33f-a3cb-4bbe-957e-8163c1fc1114@group-63ACBE5F7EDA-FOLLOWER: accept ELECTION from 1a301c79-b9ef-44e0-a0ae-b339f61819a5: our priority 0 <= candidate's priority 1
2025-10-10 10:39:01,573 [grpc-default-executor-1] INFO  server.RaftServer$Division (RaftServerImpl.java:setRole(392)) - bb95c33f-a3cb-4bbe-957e-8163c1fc1114@group-63ACBE5F7EDA: changes role from  FOLLOWER to FOLLOWER at term 1 for candidate:1a301c79-b9ef-44e0-a0ae-b339f61819a5
2025-10-10 10:39:01,573 [grpc-default-executor-1] INFO  impl.RoleInfo (RoleInfo.java:shutdownFollowerState(121)) - bb95c33f-a3cb-4bbe-957e-8163c1fc1114: shutdown bb95c33f-a3cb-4bbe-957e-8163c1fc1114@group-63ACBE5F7EDA-FollowerState
2025-10-10 10:39:01,573 [grpc-default-executor-1] INFO  impl.RoleInfo (RoleInfo.java:updateAndGet(148)) - bb95c33f-a3cb-4bbe-957e-8163c1fc1114: start bb95c33f-a3cb-4bbe-957e-8163c1fc1114@group-63ACBE5F7EDA-FollowerState
2025-10-10 10:39:01,573 [grpc-default-executor-3] INFO  server.RaftServer$Division (RaftServerImpl.java:requestVote(1421)) - 43369f36-6a0f-45ae-a8eb-f0d390948370@group-63ACBE5F7EDA: receive requestVote(ELECTION, 1a301c79-b9ef-44e0-a0ae-b339f61819a5, group-63ACBE5F7EDA, 2, (t:1, i:0))
2025-10-10 10:39:01,573 [grpc-default-executor-3] INFO  impl.VoteContext (VoteContext.java:log(49)) - 43369f36-6a0f-45ae-a8eb-f0d390948370@group-63ACBE5F7EDA-FOLLOWER: accept ELECTION from 1a301c79-b9ef-44e0-a0ae-b339f61819a5: our priority 0 <= candidate's priority 1
2025-10-10 10:39:01,573 [grpc-default-executor-3] INFO  server.RaftServer$Division (RaftServerImpl.java:setRole(392)) - 43369f36-6a0f-45ae-a8eb-f0d390948370@group-63ACBE5F7EDA: changes role from  FOLLOWER to FOLLOWER at term 1 for candidate:1a301c79-b9ef-44e0-a0ae-b339f61819a5
2025-10-10 10:39:01,573 [grpc-default-executor-3] INFO  impl.RoleInfo (RoleInfo.java:shutdownFollowerState(121)) - 43369f36-6a0f-45ae-a8eb-f0d390948370: shutdown 43369f36-6a0f-45ae-a8eb-f0d390948370@group-63ACBE5F7EDA-FollowerState
2025-10-10 10:39:01,573 [grpc-default-executor-3] INFO  impl.RoleInfo (RoleInfo.java:updateAndGet(148)) - 43369f36-6a0f-45ae-a8eb-f0d390948370: start 43369f36-6a0f-45ae-a8eb-f0d390948370@group-63ACBE5F7EDA-FollowerState
2025-10-10 10:39:01,573 [bb95c33f-a3cb-4bbe-957e-8163c1fc1114@group-63ACBE5F7EDA-FollowerState] INFO  impl.FollowerState (FollowerState.java:runImpl(170)) - bb95c33f-a3cb-4bbe-957e-8163c1fc1114@group-63ACBE5F7EDA-FollowerState was interrupted
2025-10-10 10:39:01,574 [43369f36-6a0f-45ae-a8eb-f0d390948370@group-63ACBE5F7EDA-FollowerState] INFO  impl.FollowerState (FollowerState.java:runImpl(170)) - 43369f36-6a0f-45ae-a8eb-f0d390948370@group-63ACBE5F7EDA-FollowerState was interrupted
2025-10-10 10:39:01,574 [1a301c79-b9ef-44e0-a0ae-b339f61819a5@group-7E155E250634-LeaderElection146] INFO  impl.LeaderElection (LeaderElection.java:askForVotes(448)) - 1a301c79-b9ef-44e0-a0ae-b339f61819a5@group-7E155E250634-LeaderElection146 ELECTION round 0: submit vote requests at term 3 for conf: {index: 5, cur=peers:[bb95c33f-a3cb-4bbe-957e-8163c1fc1114|127.0.0.1:15031, 1a301c79-b9ef-44e0-a0ae-b339f61819a5|127.0.0.1:15023, 43369f36-6a0f-45ae-a8eb-f0d390948370|127.0.0.1:15015]|listeners:[], old=null}
2025-10-10 10:39:01,575 [grpc-default-executor-1] INFO  server.RaftServer$Division (RaftServerImpl.java:requestVote(1455)) - bb95c33f-a3cb-4bbe-957e-8163c1fc1114@group-63ACBE5F7EDA replies to ELECTION vote request: 1a301c79-b9ef-44e0-a0ae-b339f61819a5<-bb95c33f-a3cb-4bbe-957e-8163c1fc1114#0:OK-t2-last:(t:1, i:0). Peer's state: bb95c33f-a3cb-4bbe-957e-8163c1fc1114@group-63ACBE5F7EDA:t2, leader=null, voted=1a301c79-b9ef-44e0-a0ae-b339f61819a5, raftlog=Memoized:bb95c33f-a3cb-4bbe-957e-8163c1fc1114@group-63ACBE5F7EDA-SegmentedRaftLog:OPENED:c0:last(t:1, i:0), conf=conf: {index: 0, cur=peers:[bb95c33f-a3cb-4bbe-957e-8163c1fc1114|127.0.0.1:15031, 1a301c79-b9ef-44e0-a0ae-b339f61819a5|127.0.0.1:15023, 43369f36-6a0f-45ae-a8eb-f0d390948370|127.0.0.1:15015]|listeners:[], old=null}
2025-10-10 10:39:01,576 [1a301c79-b9ef-44e0-a0ae-b339f61819a5@group-63ACBE5F7EDA-LeaderElection145] INFO  impl.LeaderElection (LeaderElection.java:logAndReturn(206)) - 1a301c79-b9ef-44e0-a0ae-b339f61819a5@group-63ACBE5F7EDA-LeaderElection145: ELECTION PASSED received 1 response(s) and 0 exception(s):
2025-10-10 10:39:01,576 [grpc-default-executor-1] INFO  server.RaftServer$Division (RaftServerImpl.java:requestVote(1421)) - bb95c33f-a3cb-4bbe-957e-8163c1fc1114@group-7E155E250634: receive requestVote(ELECTION, 1a301c79-b9ef-44e0-a0ae-b339f61819a5, group-7E155E250634, 3, (t:2, i:6))
2025-10-10 10:39:01,576 [grpc-default-executor-1] INFO  impl.VoteContext (VoteContext.java:log(49)) - bb95c33f-a3cb-4bbe-957e-8163c1fc1114@group-7E155E250634-FOLLOWER: accept ELECTION from 1a301c79-b9ef-44e0-a0ae-b339f61819a5: our last entry (t:1, i:4) < candidate's last entry (t:2, i:6)
2025-10-10 10:39:01,576 [grpc-default-executor-1] INFO  server.RaftServer$Division (RaftServerImpl.java:setRole(392)) - bb95c33f-a3cb-4bbe-957e-8163c1fc1114@group-7E155E250634: changes role from  FOLLOWER to FOLLOWER at term 2 for candidate:1a301c79-b9ef-44e0-a0ae-b339f61819a5
2025-10-10 10:39:01,576 [grpc-default-executor-1] INFO  impl.RoleInfo (RoleInfo.java:shutdownFollowerState(121)) - bb95c33f-a3cb-4bbe-957e-8163c1fc1114: shutdown bb95c33f-a3cb-4bbe-957e-8163c1fc1114@group-7E155E250634-FollowerState
2025-10-10 10:39:01,576 [grpc-default-executor-1] INFO  impl.RoleInfo (RoleInfo.java:updateAndGet(148)) - bb95c33f-a3cb-4bbe-957e-8163c1fc1114: start bb95c33f-a3cb-4bbe-957e-8163c1fc1114@group-7E155E250634-FollowerState
2025-10-10 10:39:01,576 [1a301c79-b9ef-44e0-a0ae-b339f61819a5@group-63ACBE5F7EDA-LeaderElection145] INFO  impl.LeaderElection (LeaderElection.java:logAndReturn(210)) -   Response 0: 1a301c79-b9ef-44e0-a0ae-b339f61819a5<-bb95c33f-a3cb-4bbe-957e-8163c1fc1114#0:OK-t2-last:(t:1, i:0)
2025-10-10 10:39:01,576 [1a301c79-b9ef-44e0-a0ae-b339f61819a5@group-63ACBE5F7EDA-LeaderElection145] INFO  impl.LeaderElection (LeaderElection.java:askForVotes(450)) - 1a301c79-b9ef-44e0-a0ae-b339f61819a5@group-63ACBE5F7EDA-LeaderElection145 ELECTION round 0: result PASSED
2025-10-10 10:39:01,576 [grpc-default-executor-6] INFO  server.RaftServer$Division (RaftServerImpl.java:requestVote(1421)) - 43369f36-6a0f-45ae-a8eb-f0d390948370@group-7E155E250634: receive requestVote(ELECTION, 1a301c79-b9ef-44e0-a0ae-b339f61819a5, group-7E155E250634, 3, (t:2, i:6))
2025-10-10 10:39:01,577 [grpc-default-executor-6] INFO  impl.VoteContext (VoteContext.java:log(49)) - 43369f36-6a0f-45ae-a8eb-f0d390948370@group-7E155E250634-FOLLOWER: accept ELECTION from 1a301c79-b9ef-44e0-a0ae-b339f61819a5: our priority 0 <= candidate's priority 0
2025-10-10 10:39:01,577 [grpc-default-executor-6] INFO  server.RaftServer$Division (RaftServerImpl.java:setRole(392)) - 43369f36-6a0f-45ae-a8eb-f0d390948370@group-7E155E250634: changes role from  FOLLOWER to FOLLOWER at term 2 for candidate:1a301c79-b9ef-44e0-a0ae-b339f61819a5
2025-10-10 10:39:01,577 [grpc-default-executor-3] INFO  server.RaftServer$Division (RaftServerImpl.java:requestVote(1455)) - 43369f36-6a0f-45ae-a8eb-f0d390948370@group-63ACBE5F7EDA replies to ELECTION vote request: 1a301c79-b9ef-44e0-a0ae-b339f61819a5<-43369f36-6a0f-45ae-a8eb-f0d390948370#0:OK-t2-last:(t:1, i:0). Peer's state: 43369f36-6a0f-45ae-a8eb-f0d390948370@group-63ACBE5F7EDA:t2, leader=null, voted=1a301c79-b9ef-44e0-a0ae-b339f61819a5, raftlog=Memoized:43369f36-6a0f-45ae-a8eb-f0d390948370@group-63ACBE5F7EDA-SegmentedRaftLog:OPENED:c0:last(t:1, i:0), conf=conf: {index: 0, cur=peers:[bb95c33f-a3cb-4bbe-957e-8163c1fc1114|127.0.0.1:15031, 1a301c79-b9ef-44e0-a0ae-b339f61819a5|127.0.0.1:15023, 43369f36-6a0f-45ae-a8eb-f0d390948370|127.0.0.1:15015]|listeners:[], old=null}
2025-10-10 10:39:01,577 [grpc-default-executor-6] INFO  impl.RoleInfo (RoleInfo.java:shutdownFollowerState(121)) - 43369f36-6a0f-45ae-a8eb-f0d390948370: shutdown 43369f36-6a0f-45ae-a8eb-f0d390948370@group-7E155E250634-FollowerState
2025-10-10 10:39:01,577 [grpc-default-executor-6] INFO  impl.RoleInfo (RoleInfo.java:updateAndGet(148)) - 43369f36-6a0f-45ae-a8eb-f0d390948370: start 43369f36-6a0f-45ae-a8eb-f0d390948370@group-7E155E250634-FollowerState
2025-10-10 10:39:01,577 [bb95c33f-a3cb-4bbe-957e-8163c1fc1114@group-7E155E250634-FollowerState] INFO  impl.FollowerState (FollowerState.java:runImpl(170)) - bb95c33f-a3cb-4bbe-957e-8163c1fc1114@group-7E155E250634-FollowerState was interrupted
2025-10-10 10:39:01,577 [43369f36-6a0f-45ae-a8eb-f0d390948370@group-7E155E250634-FollowerState] INFO  impl.FollowerState (FollowerState.java:runImpl(170)) - 43369f36-6a0f-45ae-a8eb-f0d390948370@group-7E155E250634-FollowerState was interrupted
2025-10-10 10:39:01,576 [1a301c79-b9ef-44e0-a0ae-b339f61819a5@group-63ACBE5F7EDA-LeaderElection145] INFO  impl.RoleInfo (RoleInfo.java:shutdownLeaderElection(141)) - 1a301c79-b9ef-44e0-a0ae-b339f61819a5: shutdown 1a301c79-b9ef-44e0-a0ae-b339f61819a5@group-63ACBE5F7EDA-LeaderElection145
2025-10-10 10:39:01,577 [1a301c79-b9ef-44e0-a0ae-b339f61819a5@group-63ACBE5F7EDA-LeaderElection145] INFO  server.RaftServer$Division (RaftServerImpl.java:setRole(392)) - 1a301c79-b9ef-44e0-a0ae-b339f61819a5@group-63ACBE5F7EDA: changes role from CANDIDATE to LEADER at term 2 for changeToLeader
2025-10-10 10:39:01,578 [1a301c79-b9ef-44e0-a0ae-b339f61819a5@group-63ACBE5F7EDA-LeaderElection145] INFO  server.RaftServerConfigKeys (ConfUtils.java:logFallback(69)) - raft.server.staging.timeout = 3600ms (fallback to raft.server.rpc.timeout.max)
2025-10-10 10:39:01,578 [1a301c79-b9ef-44e0-a0ae-b339f61819a5@group-63ACBE5F7EDA-LeaderElection145] INFO  server.RaftServerConfigKeys (ConfUtils.java:logGet(62)) - raft.server.write.byte-limit = 1024 M (=1073741824) (custom)
2025-10-10 10:39:01,578 [grpc-default-executor-1] INFO  server.RaftServer$Division (RaftServerImpl.java:requestVote(1455)) - bb95c33f-a3cb-4bbe-957e-8163c1fc1114@group-7E155E250634 replies to ELECTION vote request: 1a301c79-b9ef-44e0-a0ae-b339f61819a5<-bb95c33f-a3cb-4bbe-957e-8163c1fc1114#0:OK-t3-last:(t:1, i:4). Peer's state: bb95c33f-a3cb-4bbe-957e-8163c1fc1114@group-7E155E250634:t3, leader=null, voted=1a301c79-b9ef-44e0-a0ae-b339f61819a5, raftlog=Memoized:bb95c33f-a3cb-4bbe-957e-8163c1fc1114@group-7E155E250634-SegmentedRaftLog:OPENED:c4:last(t:1, i:4), conf=conf: {index: 0, cur=peers:[bb95c33f-a3cb-4bbe-957e-8163c1fc1114|127.0.0.1:15031, 1a301c79-b9ef-44e0-a0ae-b339f61819a5|127.0.0.1:15023, 43369f36-6a0f-45ae-a8eb-f0d390948370|127.0.0.1:15015]|listeners:[], old=null}
2025-10-10 10:39:01,579 [1a301c79-b9ef-44e0-a0ae-b339f61819a5@group-7E155E250634-LeaderElection146] INFO  impl.LeaderElection (LeaderElection.java:logAndReturn(206)) - 1a301c79-b9ef-44e0-a0ae-b339f61819a5@group-7E155E250634-LeaderElection146: ELECTION PASSED received 1 response(s) and 0 exception(s):
2025-10-10 10:39:01,580 [1a301c79-b9ef-44e0-a0ae-b339f61819a5@group-7E155E250634-LeaderElection146] INFO  impl.LeaderElection (LeaderElection.java:logAndReturn(210)) -   Response 0: 1a301c79-b9ef-44e0-a0ae-b339f61819a5<-bb95c33f-a3cb-4bbe-957e-8163c1fc1114#0:OK-t3-last:(t:1, i:4)
2025-10-10 10:39:01,580 [1a301c79-b9ef-44e0-a0ae-b339f61819a5@group-7E155E250634-LeaderElection146] INFO  impl.LeaderElection (LeaderElection.java:askForVotes(450)) - 1a301c79-b9ef-44e0-a0ae-b339f61819a5@group-7E155E250634-LeaderElection146 ELECTION round 0: result PASSED
2025-10-10 10:39:01,580 [1a301c79-b9ef-44e0-a0ae-b339f61819a5@group-7E155E250634-LeaderElection146] INFO  impl.RoleInfo (RoleInfo.java:shutdownLeaderElection(141)) - 1a301c79-b9ef-44e0-a0ae-b339f61819a5: shutdown 1a301c79-b9ef-44e0-a0ae-b339f61819a5@group-7E155E250634-LeaderElection146
2025-10-10 10:39:01,580 [1a301c79-b9ef-44e0-a0ae-b339f61819a5@group-7E155E250634-LeaderElection146] INFO  server.RaftServer$Division (RaftServerImpl.java:setRole(392)) - 1a301c79-b9ef-44e0-a0ae-b339f61819a5@group-7E155E250634: changes role from CANDIDATE to LEADER at term 3 for changeToLeader
2025-10-10 10:39:01,580 [1a301c79-b9ef-44e0-a0ae-b339f61819a5@group-7E155E250634-LeaderElection146] INFO  server.RaftServerConfigKeys (ConfUtils.java:logFallback(69)) - raft.server.staging.timeout = 3600ms (fallback to raft.server.rpc.timeout.max)
2025-10-10 10:39:01,580 [1a301c79-b9ef-44e0-a0ae-b339f61819a5@group-7E155E250634-LeaderElection146] INFO  server.RaftServerConfigKeys (ConfUtils.java:logGet(62)) - raft.server.write.byte-limit = 1024 M (=1073741824) (custom)
2025-10-10 10:39:01,580 [grpc-default-executor-6] INFO  server.RaftServer$Division (RaftServerImpl.java:requestVote(1455)) - 43369f36-6a0f-45ae-a8eb-f0d390948370@group-7E155E250634 replies to ELECTION vote request: 1a301c79-b9ef-44e0-a0ae-b339f61819a5<-43369f36-6a0f-45ae-a8eb-f0d390948370#0:OK-t3-last:(t:2, i:6). Peer's state: 43369f36-6a0f-45ae-a8eb-f0d390948370@group-7E155E250634:t3, leader=null, voted=1a301c79-b9ef-44e0-a0ae-b339f61819a5, raftlog=Memoized:43369f36-6a0f-45ae-a8eb-f0d390948370@group-7E155E250634-SegmentedRaftLog:OPENED:c6:last(t:2, i:6), conf=conf: {index: 5, cur=peers:[bb95c33f-a3cb-4bbe-957e-8163c1fc1114|127.0.0.1:15031, 1a301c79-b9ef-44e0-a0ae-b339f61819a5|127.0.0.1:15023, 43369f36-6a0f-45ae-a8eb-f0d390948370|127.0.0.1:15015]|listeners:[], old=null}
2025-10-10 10:39:01,580 [1a301c79-b9ef-44e0-a0ae-b339f61819a5@group-63ACBE5F7EDA-LeaderElection145] INFO  server.RaftServerConfigKeys (ConfUtils.java:logGet(62)) - raft.server.log.appender.buffer.byte-limit = 33554432 (custom)
2025-10-10 10:39:01,582 [1a301c79-b9ef-44e0-a0ae-b339f61819a5@group-63ACBE5F7EDA-LeaderElection145] INFO  server.RaftServerConfigKeys (ConfUtils.java:logGet(62)) - raft.server.log.appender.buffer.byte-limit = 33554432 (custom)
2025-10-10 10:39:01,582 [1a301c79-b9ef-44e0-a0ae-b339f61819a5@group-63ACBE5F7EDA-LeaderElection145] INFO  impl.RoleInfo (RoleInfo.java:updateAndGet(148)) - 1a301c79-b9ef-44e0-a0ae-b339f61819a5: start 1a301c79-b9ef-44e0-a0ae-b339f61819a5@group-63ACBE5F7EDA-LeaderStateImpl
2025-10-10 10:39:01,582 [1a301c79-b9ef-44e0-a0ae-b339f61819a5@group-63ACBE5F7EDA-LeaderElection145] INFO  server.RaftServer$Division (RaftServerImpl.java:setFirstElection(576)) - 1a301c79-b9ef-44e0-a0ae-b339f61819a5@group-63ACBE5F7EDA: set firstElectionSinceStartup to false for becomeLeader
2025-10-10 10:39:01,582 [1a301c79-b9ef-44e0-a0ae-b339f61819a5@group-63ACBE5F7EDA-LeaderElection145] INFO  ratis.XceiverServerRatis (XceiverServerRatis.java:handleLeaderChangedNotification(940)) - Leader change notification received for group: group-63ACBE5F7EDA with new leaderId: 1a301c79-b9ef-44e0-a0ae-b339f61819a5
2025-10-10 10:39:01,582 [1a301c79-b9ef-44e0-a0ae-b339f61819a5@group-63ACBE5F7EDA-LeaderElection145] INFO  server.RaftServer$Division (ServerState.java:setLeader(272)) - 1a301c79-b9ef-44e0-a0ae-b339f61819a5@group-63ACBE5F7EDA: change Leader from null to 1a301c79-b9ef-44e0-a0ae-b339f61819a5 at term 2 for becomeLeader, leader elected after 1850ms
2025-10-10 10:39:01,583 [1a301c79-b9ef-44e0-a0ae-b339f61819a5@group-63ACBE5F7EDA-LeaderElection145] INFO  segmented.SegmentedRaftLogWorker (SegmentedRaftLogWorker.java:rollLogSegment(445)) - 1a301c79-b9ef-44e0-a0ae-b339f61819a5@group-63ACBE5F7EDA-SegmentedRaftLogWorker: Rolling segment log-0_0 to index:0
2025-10-10 10:39:01,583 [1a301c79-b9ef-44e0-a0ae-b339f61819a5@group-63ACBE5F7EDA-LeaderElection145] INFO  server.RaftServer$Division (ServerState.java:setRaftConf(386)) - 1a301c79-b9ef-44e0-a0ae-b339f61819a5@group-63ACBE5F7EDA: set configuration conf: {index: 1, cur=peers:[bb95c33f-a3cb-4bbe-957e-8163c1fc1114|127.0.0.1:15031, 1a301c79-b9ef-44e0-a0ae-b339f61819a5|127.0.0.1:15023, 43369f36-6a0f-45ae-a8eb-f0d390948370|127.0.0.1:15015]|listeners:[], old=null}
2025-10-10 10:39:01,584 [1a301c79-b9ef-44e0-a0ae-b339f61819a5@group-7E155E250634-LeaderElection146] INFO  server.RaftServerConfigKeys (ConfUtils.java:logGet(62)) - raft.server.log.appender.buffer.byte-limit = 33554432 (custom)
2025-10-10 10:39:01,585 [1a301c79-b9ef-44e0-a0ae-b339f61819a5@group-63ACBE5F7EDA-SegmentedRaftLogWorker] INFO  segmented.SegmentedRaftLogWorker (SegmentedRaftLogWorker.java:execute(604)) - 1a301c79-b9ef-44e0-a0ae-b339f61819a5@group-63ACBE5F7EDA-SegmentedRaftLogWorker: Rolled log segment from /home/runner/work/ozone/ozone/hadoop-ozone/integration-test/target/test-dir/MiniOzoneClusterImpl-611c99c7-d47b-4433-a4ef-cd0a35b076ef/ozone-metadata/datanode-2/ratis/c1a6ce75-0ec5-4b07-b27a-63acbe5f7eda/current/log_inprogress_0 to /home/runner/work/ozone/ozone/hadoop-ozone/integration-test/target/test-dir/MiniOzoneClusterImpl-611c99c7-d47b-4433-a4ef-cd0a35b076ef/ozone-metadata/datanode-2/ratis/c1a6ce75-0ec5-4b07-b27a-63acbe5f7eda/current/log_0-0
2025-10-10 10:39:01,586 [1a301c79-b9ef-44e0-a0ae-b339f61819a5@group-63ACBE5F7EDA-SegmentedRaftLogWorker] INFO  segmented.BufferedWriteChannel (BufferedWriteChannel.java:open(61)) - open log_inprogress_1 at position 0
2025-10-10 10:39:01,587 [1a301c79-b9ef-44e0-a0ae-b339f61819a5@group-7E155E250634-LeaderElection146] INFO  server.RaftServerConfigKeys (ConfUtils.java:logGet(62)) - raft.server.log.appender.buffer.byte-limit = 33554432 (custom)
2025-10-10 10:39:01,590 [1a301c79-b9ef-44e0-a0ae-b339f61819a5@group-7E155E250634-LeaderElection146] INFO  impl.RoleInfo (RoleInfo.java:updateAndGet(148)) - 1a301c79-b9ef-44e0-a0ae-b339f61819a5: start 1a301c79-b9ef-44e0-a0ae-b339f61819a5@group-7E155E250634-LeaderStateImpl
2025-10-10 10:39:01,590 [1a301c79-b9ef-44e0-a0ae-b339f61819a5@group-7E155E250634-LeaderElection146] INFO  server.RaftServer$Division (RaftServerImpl.java:setFirstElection(576)) - 1a301c79-b9ef-44e0-a0ae-b339f61819a5@group-7E155E250634: set firstElectionSinceStartup to false for becomeLeader
2025-10-10 10:39:01,590 [1a301c79-b9ef-44e0-a0ae-b339f61819a5@group-7E155E250634-LeaderElection146] INFO  ratis.XceiverServerRatis (XceiverServerRatis.java:handleLeaderChangedNotification(940)) - Leader change notification received for group: group-7E155E250634 with new leaderId: 1a301c79-b9ef-44e0-a0ae-b339f61819a5
2025-10-10 10:39:01,590 [1a301c79-b9ef-44e0-a0ae-b339f61819a5@group-7E155E250634-LeaderElection146] INFO  server.RaftServer$Division (ServerState.java:setLeader(272)) - 1a301c79-b9ef-44e0-a0ae-b339f61819a5@group-7E155E250634: change Leader from null to 1a301c79-b9ef-44e0-a0ae-b339f61819a5 at term 3 for becomeLeader, leader elected after 1853ms
2025-10-10 10:39:01,590 [1a301c79-b9ef-44e0-a0ae-b339f61819a5@group-7E155E250634-LeaderElection146] INFO  segmented.SegmentedRaftLogWorker (SegmentedRaftLogWorker.java:rollLogSegment(445)) - 1a301c79-b9ef-44e0-a0ae-b339f61819a5@group-7E155E250634-SegmentedRaftLogWorker: Rolling segment log-5_6 to index:6
2025-10-10 10:39:01,591 [1a301c79-b9ef-44e0-a0ae-b339f61819a5@group-7E155E250634-SegmentedRaftLogWorker] INFO  segmented.SegmentedRaftLogWorker (SegmentedRaftLogWorker.java:execute(604)) - 1a301c79-b9ef-44e0-a0ae-b339f61819a5@group-7E155E250634-SegmentedRaftLogWorker: Rolled log segment from /home/runner/work/ozone/ozone/hadoop-ozone/integration-test/target/test-dir/MiniOzoneClusterImpl-611c99c7-d47b-4433-a4ef-cd0a35b076ef/ozone-metadata/datanode-2/ratis/6f49885d-a34d-467d-8256-7e155e250634/current/log_inprogress_5 to /home/runner/work/ozone/ozone/hadoop-ozone/integration-test/target/test-dir/MiniOzoneClusterImpl-611c99c7-d47b-4433-a4ef-cd0a35b076ef/ozone-metadata/datanode-2/ratis/6f49885d-a34d-467d-8256-7e155e250634/current/log_5-6
2025-10-10 10:39:01,591 [grpc-default-executor-6] INFO  ratis.XceiverServerRatis (XceiverServerRatis.java:handleLeaderChangedNotification(940)) - Leader change notification received for group: group-63ACBE5F7EDA with new leaderId: 1a301c79-b9ef-44e0-a0ae-b339f61819a5
2025-10-10 10:39:01,592 [grpc-default-executor-6] INFO  server.RaftServer$Division (ServerState.java:setLeader(272)) - 43369f36-6a0f-45ae-a8eb-f0d390948370@group-63ACBE5F7EDA: change Leader from null to 1a301c79-b9ef-44e0-a0ae-b339f61819a5 at term 2 for appendEntries, leader elected after 67717ms
2025-10-10 10:39:01,591 [1a301c79-b9ef-44e0-a0ae-b339f61819a5@group-7E155E250634-SegmentedRaftLogWorker] INFO  segmented.BufferedWriteChannel (BufferedWriteChannel.java:open(61)) - open log_inprogress_7 at position 0
2025-10-10 10:39:01,592 [grpc-default-executor-3] INFO  ratis.XceiverServerRatis (XceiverServerRatis.java:handleLeaderChangedNotification(940)) - Leader change notification received for group: group-63ACBE5F7EDA with new leaderId: 1a301c79-b9ef-44e0-a0ae-b339f61819a5
2025-10-10 10:39:01,593 [grpc-default-executor-3] INFO  server.RaftServer$Division (ServerState.java:setLeader(272)) - bb95c33f-a3cb-4bbe-957e-8163c1fc1114@group-63ACBE5F7EDA: change Leader from null to 1a301c79-b9ef-44e0-a0ae-b339f61819a5 at term 2 for appendEntries, leader elected after 2110ms
2025-10-10 10:39:01,592 [1a301c79-b9ef-44e0-a0ae-b339f61819a5@group-7E155E250634-LeaderElection146] INFO  server.RaftServer$Division (ServerState.java:setRaftConf(386)) - 1a301c79-b9ef-44e0-a0ae-b339f61819a5@group-7E155E250634: set configuration conf: {index: 7, cur=peers:[bb95c33f-a3cb-4bbe-957e-8163c1fc1114|127.0.0.1:15031, 1a301c79-b9ef-44e0-a0ae-b339f61819a5|127.0.0.1:15023, 43369f36-6a0f-45ae-a8eb-f0d390948370|127.0.0.1:15015]|listeners:[], old=null}
2025-10-10 10:39:01,593 [grpc-default-executor-4] INFO  server.RaftServer$Division (ServerState.java:setRaftConf(386)) - 43369f36-6a0f-45ae-a8eb-f0d390948370@group-63ACBE5F7EDA: set configuration conf: {index: 1, cur=peers:[bb95c33f-a3cb-4bbe-957e-8163c1fc1114|127.0.0.1:15031, 1a301c79-b9ef-44e0-a0ae-b339f61819a5|127.0.0.1:15023, 43369f36-6a0f-45ae-a8eb-f0d390948370|127.0.0.1:15015]|listeners:[], old=null}
2025-10-10 10:39:01,594 [grpc-default-executor-6] INFO  server.RaftServer$Division (ServerState.java:setRaftConf(386)) - bb95c33f-a3cb-4bbe-957e-8163c1fc1114@group-63ACBE5F7EDA: set configuration conf: {index: 1, cur=peers:[bb95c33f-a3cb-4bbe-957e-8163c1fc1114|127.0.0.1:15031, 1a301c79-b9ef-44e0-a0ae-b339f61819a5|127.0.0.1:15023, 43369f36-6a0f-45ae-a8eb-f0d390948370|127.0.0.1:15015]|listeners:[], old=null}
2025-10-10 10:39:01,594 [grpc-default-executor-4] INFO  segmented.SegmentedRaftLogWorker (SegmentedRaftLogWorker.java:rollLogSegment(445)) - 43369f36-6a0f-45ae-a8eb-f0d390948370@group-63ACBE5F7EDA-SegmentedRaftLogWorker: Rolling segment log-0_0 to index:0
2025-10-10 10:39:01,594 [grpc-default-executor-6] INFO  segmented.SegmentedRaftLogWorker (SegmentedRaftLogWorker.java:rollLogSegment(445)) - bb95c33f-a3cb-4bbe-957e-8163c1fc1114@group-63ACBE5F7EDA-SegmentedRaftLogWorker: Rolling segment log-0_0 to index:0
2025-10-10 10:39:01,595 [1a301c79-b9ef-44e0-a0ae-b339f61819a5@group-63ACBE5F7EDA-SegmentedRaftLogWorker] INFO  segmented.SegmentedRaftLogWorker (SegmentedRaftLogWorker.java:execute(647)) - 1a301c79-b9ef-44e0-a0ae-b339f61819a5@group-63ACBE5F7EDA-SegmentedRaftLogWorker: created new log segment /home/runner/work/ozone/ozone/hadoop-ozone/integration-test/target/test-dir/MiniOzoneClusterImpl-611c99c7-d47b-4433-a4ef-cd0a35b076ef/ozone-metadata/datanode-2/ratis/c1a6ce75-0ec5-4b07-b27a-63acbe5f7eda/current/log_inprogress_1
2025-10-10 10:39:01,595 [bb95c33f-a3cb-4bbe-957e-8163c1fc1114@group-63ACBE5F7EDA-SegmentedRaftLogWorker] INFO  segmented.SegmentedRaftLogWorker (SegmentedRaftLogWorker.java:execute(604)) - bb95c33f-a3cb-4bbe-957e-8163c1fc1114@group-63ACBE5F7EDA-SegmentedRaftLogWorker: Rolled log segment from /home/runner/work/ozone/ozone/hadoop-ozone/integration-test/target/test-dir/MiniOzoneClusterImpl-611c99c7-d47b-4433-a4ef-cd0a35b076ef/ozone-metadata/datanode-3/ratis/c1a6ce75-0ec5-4b07-b27a-63acbe5f7eda/current/log_inprogress_0 to /home/runner/work/ozone/ozone/hadoop-ozone/integration-test/target/test-dir/MiniOzoneClusterImpl-611c99c7-d47b-4433-a4ef-cd0a35b076ef/ozone-metadata/datanode-3/ratis/c1a6ce75-0ec5-4b07-b27a-63acbe5f7eda/current/log_0-0
2025-10-10 10:39:01,597 [bb95c33f-a3cb-4bbe-957e-8163c1fc1114@group-63ACBE5F7EDA-SegmentedRaftLogWorker] INFO  segmented.BufferedWriteChannel (BufferedWriteChannel.java:open(61)) - open log_inprogress_1 at position 0
2025-10-10 10:39:01,599 [43369f36-6a0f-45ae-a8eb-f0d390948370@group-63ACBE5F7EDA-SegmentedRaftLogWorker] INFO  segmented.SegmentedRaftLogWorker (SegmentedRaftLogWorker.java:execute(604)) - 43369f36-6a0f-45ae-a8eb-f0d390948370@group-63ACBE5F7EDA-SegmentedRaftLogWorker: Rolled log segment from /home/runner/work/ozone/ozone/hadoop-ozone/integration-test/target/test-dir/MiniOzoneClusterImpl-611c99c7-d47b-4433-a4ef-cd0a35b076ef/ozone-metadata/datanode-1/ratis/c1a6ce75-0ec5-4b07-b27a-63acbe5f7eda/current/log_inprogress_0 to /home/runner/work/ozone/ozone/hadoop-ozone/integration-test/target/test-dir/MiniOzoneClusterImpl-611c99c7-d47b-4433-a4ef-cd0a35b076ef/ozone-metadata/datanode-1/ratis/c1a6ce75-0ec5-4b07-b27a-63acbe5f7eda/current/log_0-0
2025-10-10 10:39:01,599 [43369f36-6a0f-45ae-a8eb-f0d390948370@group-63ACBE5F7EDA-SegmentedRaftLogWorker] INFO  segmented.BufferedWriteChannel (BufferedWriteChannel.java:open(61)) - open log_inprogress_1 at position 0
2025-10-10 10:39:01,600 [1a301c79-b9ef-44e0-a0ae-b339f61819a5@group-7E155E250634-SegmentedRaftLogWorker] INFO  segmented.SegmentedRaftLogWorker (SegmentedRaftLogWorker.java:execute(647)) - 1a301c79-b9ef-44e0-a0ae-b339f61819a5@group-7E155E250634-SegmentedRaftLogWorker: created new log segment /home/runner/work/ozone/ozone/hadoop-ozone/integration-test/target/test-dir/MiniOzoneClusterImpl-611c99c7-d47b-4433-a4ef-cd0a35b076ef/ozone-metadata/datanode-2/ratis/6f49885d-a34d-467d-8256-7e155e250634/current/log_inprogress_7
2025-10-10 10:39:01,601 [grpc-default-executor-4] INFO  ratis.XceiverServerRatis (XceiverServerRatis.java:handleLeaderChangedNotification(940)) - Leader change notification received for group: group-7E155E250634 with new leaderId: 1a301c79-b9ef-44e0-a0ae-b339f61819a5
2025-10-10 10:39:01,601 [grpc-default-executor-4] INFO  server.RaftServer$Division (ServerState.java:setLeader(272)) - 43369f36-6a0f-45ae-a8eb-f0d390948370@group-7E155E250634: change Leader from null to 1a301c79-b9ef-44e0-a0ae-b339f61819a5 at term 3 for appendEntries, leader elected after 67943ms
2025-10-10 10:39:01,602 [grpc-default-executor-3] INFO  ratis.XceiverServerRatis (XceiverServerRatis.java:handleLeaderChangedNotification(940)) - Leader change notification received for group: group-7E155E250634 with new leaderId: 1a301c79-b9ef-44e0-a0ae-b339f61819a5
2025-10-10 10:39:01,602 [grpc-default-executor-3] INFO  server.RaftServer$Division (ServerState.java:setLeader(272)) - bb95c33f-a3cb-4bbe-957e-8163c1fc1114@group-7E155E250634: change Leader from null to 1a301c79-b9ef-44e0-a0ae-b339f61819a5 at term 3 for appendEntries, leader elected after 2106ms
2025-10-10 10:39:01,603 [grpc-default-executor-3] INFO  server.RaftServer$Division (RaftServerImpl.java:checkInconsistentAppendEntries(1673)) - bb95c33f-a3cb-4bbe-957e-8163c1fc1114@group-7E155E250634: Failed appendEntries as previous log entry ((t:2, i:6)) is not found
2025-10-10 10:39:01,603 [grpc-default-executor-3] INFO  server.RaftServer$Division (RaftServerImpl.java:appendEntriesAsync(1594)) - bb95c33f-a3cb-4bbe-957e-8163c1fc1114@group-7E155E250634: appendEntries* reply 1a301c79-b9ef-44e0-a0ae-b339f61819a5<-bb95c33f-a3cb-4bbe-957e-8163c1fc1114#0:FAIL-t3,INCONSISTENCY,nextIndex=5,followerCommit=4,matchIndex=-1
2025-10-10 10:39:01,603 [grpc-default-executor-6] INFO  server.RaftServer$Division (ServerState.java:setRaftConf(386)) - 43369f36-6a0f-45ae-a8eb-f0d390948370@group-7E155E250634: set configuration conf: {index: 7, cur=peers:[bb95c33f-a3cb-4bbe-957e-8163c1fc1114|127.0.0.1:15031, 1a301c79-b9ef-44e0-a0ae-b339f61819a5|127.0.0.1:15023, 43369f36-6a0f-45ae-a8eb-f0d390948370|127.0.0.1:15015]|listeners:[], old=null}
2025-10-10 10:39:01,604 [grpc-default-executor-6] INFO  segmented.SegmentedRaftLogWorker (SegmentedRaftLogWorker.java:rollLogSegment(445)) - 43369f36-6a0f-45ae-a8eb-f0d390948370@group-7E155E250634-SegmentedRaftLogWorker: Rolling segment log-5_6 to index:6
2025-10-10 10:39:01,605 [grpc-default-executor-1] INFO  server.RaftServer$Division (RaftServerImpl.java:checkInconsistentAppendEntries(1673)) - bb95c33f-a3cb-4bbe-957e-8163c1fc1114@group-7E155E250634: Failed appendEntries as previous log entry ((t:2, i:6)) is not found
2025-10-10 10:39:01,605 [grpc-default-executor-1] INFO  server.RaftServer$Division (RaftServerImpl.java:appendEntriesAsync(1594)) - bb95c33f-a3cb-4bbe-957e-8163c1fc1114@group-7E155E250634: appendEntries* reply 1a301c79-b9ef-44e0-a0ae-b339f61819a5<-bb95c33f-a3cb-4bbe-957e-8163c1fc1114#1:FAIL-t3,INCONSISTENCY,nextIndex=5,followerCommit=4,matchIndex=-1
2025-10-10 10:39:01,606 [43369f36-6a0f-45ae-a8eb-f0d390948370@group-7E155E250634-SegmentedRaftLogWorker] INFO  segmented.SegmentedRaftLogWorker (SegmentedRaftLogWorker.java:execute(604)) - 43369f36-6a0f-45ae-a8eb-f0d390948370@group-7E155E250634-SegmentedRaftLogWorker: Rolled log segment from /home/runner/work/ozone/ozone/hadoop-ozone/integration-test/target/test-dir/MiniOzoneClusterImpl-611c99c7-d47b-4433-a4ef-cd0a35b076ef/ozone-metadata/datanode-1/ratis/6f49885d-a34d-467d-8256-7e155e250634/current/log_inprogress_5 to /home/runner/work/ozone/ozone/hadoop-ozone/integration-test/target/test-dir/MiniOzoneClusterImpl-611c99c7-d47b-4433-a4ef-cd0a35b076ef/ozone-metadata/datanode-1/ratis/6f49885d-a34d-467d-8256-7e155e250634/current/log_5-6
2025-10-10 10:39:01,606 [bb95c33f-a3cb-4bbe-957e-8163c1fc1114@group-63ACBE5F7EDA-SegmentedRaftLogWorker] INFO  segmented.SegmentedRaftLogWorker (SegmentedRaftLogWorker.java:execute(647)) - bb95c33f-a3cb-4bbe-957e-8163c1fc1114@group-63ACBE5F7EDA-SegmentedRaftLogWorker: created new log segment /home/runner/work/ozone/ozone/hadoop-ozone/integration-test/target/test-dir/MiniOzoneClusterImpl-611c99c7-d47b-4433-a4ef-cd0a35b076ef/ozone-metadata/datanode-3/ratis/c1a6ce75-0ec5-4b07-b27a-63acbe5f7eda/current/log_inprogress_1
2025-10-10 10:39:01,607 [43369f36-6a0f-45ae-a8eb-f0d390948370@group-7E155E250634-SegmentedRaftLogWorker] INFO  segmented.BufferedWriteChannel (BufferedWriteChannel.java:open(61)) - open log_inprogress_7 at position 0
2025-10-10 10:39:01,607 [43369f36-6a0f-45ae-a8eb-f0d390948370@group-63ACBE5F7EDA-SegmentedRaftLogWorker] INFO  segmented.SegmentedRaftLogWorker (SegmentedRaftLogWorker.java:execute(647)) - 43369f36-6a0f-45ae-a8eb-f0d390948370@group-63ACBE5F7EDA-SegmentedRaftLogWorker: created new log segment /home/runner/work/ozone/ozone/hadoop-ozone/integration-test/target/test-dir/MiniOzoneClusterImpl-611c99c7-d47b-4433-a4ef-cd0a35b076ef/ozone-metadata/datanode-1/ratis/c1a6ce75-0ec5-4b07-b27a-63acbe5f7eda/current/log_inprogress_1
2025-10-10 10:39:01,608 [grpc-default-executor-6] WARN  server.GrpcLogAppender (GrpcLogAppender.java:lambda$onNextImpl$0(527)) - 1a301c79-b9ef-44e0-a0ae-b339f61819a5@group-7E155E250634->bb95c33f-a3cb-4bbe-957e-8163c1fc1114-AppendLogResponseHandler: received INCONSISTENCY reply with nextIndex 5, errorCount=2, request=AppendEntriesRequest:cid=0,entriesCount=0 
2025-10-10 10:39:01,609 [grpc-default-executor-6] INFO  leader.FollowerInfo (FollowerInfoImpl.java:info(70)) - 1a301c79-b9ef-44e0-a0ae-b339f61819a5@group-7E155E250634->bb95c33f-a3cb-4bbe-957e-8163c1fc1114: setNextIndex nextIndex: updateUnconditionally 8 -> 5
2025-10-10 10:39:01,611 [grpc-default-executor-6] INFO  server.RaftServer$Division (ServerState.java:setRaftConf(386)) - bb95c33f-a3cb-4bbe-957e-8163c1fc1114@group-7E155E250634: set configuration conf: {index: 5, cur=peers:[bb95c33f-a3cb-4bbe-957e-8163c1fc1114|127.0.0.1:15031, 1a301c79-b9ef-44e0-a0ae-b339f61819a5|127.0.0.1:15023, 43369f36-6a0f-45ae-a8eb-f0d390948370|127.0.0.1:15015]|listeners:[], old=null}
2025-10-10 10:39:01,611 [grpc-default-executor-6] INFO  server.RaftServer$Division (ServerState.java:setRaftConf(386)) - bb95c33f-a3cb-4bbe-957e-8163c1fc1114@group-7E155E250634: set configuration conf: {index: 7, cur=peers:[bb95c33f-a3cb-4bbe-957e-8163c1fc1114|127.0.0.1:15031, 1a301c79-b9ef-44e0-a0ae-b339f61819a5|127.0.0.1:15023, 43369f36-6a0f-45ae-a8eb-f0d390948370|127.0.0.1:15015]|listeners:[], old=null}
2025-10-10 10:39:01,611 [grpc-default-executor-6] INFO  segmented.SegmentedRaftLogWorker (SegmentedRaftLogWorker.java:rollLogSegment(445)) - bb95c33f-a3cb-4bbe-957e-8163c1fc1114@group-7E155E250634-SegmentedRaftLogWorker: Rolling segment log-0_4 to index:4
2025-10-10 10:39:01,612 [grpc-default-executor-6] INFO  segmented.SegmentedRaftLogWorker (SegmentedRaftLogWorker.java:rollLogSegment(445)) - bb95c33f-a3cb-4bbe-957e-8163c1fc1114@group-7E155E250634-SegmentedRaftLogWorker: Rolling segment log-5_6 to index:6
2025-10-10 10:39:01,612 [1a301c79-b9ef-44e0-a0ae-b339f61819a5@group-63ACBE5F7EDA-StateMachineUpdater] INFO  server.RaftServer$Division (LeaderStateImpl.java:checkStartIndex(309)) - Leader 1a301c79-b9ef-44e0-a0ae-b339f61819a5@group-63ACBE5F7EDA-LeaderStateImpl is ready since appliedIndex == startIndex == 1
2025-10-10 10:39:01,612 [bb95c33f-a3cb-4bbe-957e-8163c1fc1114@group-7E155E250634-SegmentedRaftLogWorker] INFO  segmented.SegmentedRaftLogWorker (SegmentedRaftLogWorker.java:execute(604)) - bb95c33f-a3cb-4bbe-957e-8163c1fc1114@group-7E155E250634-SegmentedRaftLogWorker: Rolled log segment from /home/runner/work/ozone/ozone/hadoop-ozone/integration-test/target/test-dir/MiniOzoneClusterImpl-611c99c7-d47b-4433-a4ef-cd0a35b076ef/ozone-metadata/datanode-3/ratis/6f49885d-a34d-467d-8256-7e155e250634/current/log_inprogress_0 to /home/runner/work/ozone/ozone/hadoop-ozone/integration-test/target/test-dir/MiniOzoneClusterImpl-611c99c7-d47b-4433-a4ef-cd0a35b076ef/ozone-metadata/datanode-3/ratis/6f49885d-a34d-467d-8256-7e155e250634/current/log_0-4
2025-10-10 10:39:01,612 [bb95c33f-a3cb-4bbe-957e-8163c1fc1114@group-7E155E250634-SegmentedRaftLogWorker] INFO  segmented.BufferedWriteChannel (BufferedWriteChannel.java:open(61)) - open log_inprogress_5 at position 0
2025-10-10 10:39:01,615 [43369f36-6a0f-45ae-a8eb-f0d390948370@group-7E155E250634-SegmentedRaftLogWorker] INFO  segmented.SegmentedRaftLogWorker (SegmentedRaftLogWorker.java:execute(647)) - 43369f36-6a0f-45ae-a8eb-f0d390948370@group-7E155E250634-SegmentedRaftLogWorker: created new log segment /home/runner/work/ozone/ozone/hadoop-ozone/integration-test/target/test-dir/MiniOzoneClusterImpl-611c99c7-d47b-4433-a4ef-cd0a35b076ef/ozone-metadata/datanode-1/ratis/6f49885d-a34d-467d-8256-7e155e250634/current/log_inprogress_7
2025-10-10 10:39:01,618 [bb95c33f-a3cb-4bbe-957e-8163c1fc1114@group-7E155E250634-SegmentedRaftLogWorker] INFO  segmented.SegmentedRaftLogWorker (SegmentedRaftLogWorker.java:execute(647)) - bb95c33f-a3cb-4bbe-957e-8163c1fc1114@group-7E155E250634-SegmentedRaftLogWorker: created new log segment /home/runner/work/ozone/ozone/hadoop-ozone/integration-test/target/test-dir/MiniOzoneClusterImpl-611c99c7-d47b-4433-a4ef-cd0a35b076ef/ozone-metadata/datanode-3/ratis/6f49885d-a34d-467d-8256-7e155e250634/current/log_inprogress_5
2025-10-10 10:39:01,619 [1a301c79-b9ef-44e0-a0ae-b339f61819a5@group-7E155E250634-StateMachineUpdater] INFO  server.RaftServer$Division (LeaderStateImpl.java:checkStartIndex(309)) - Leader 1a301c79-b9ef-44e0-a0ae-b339f61819a5@group-7E155E250634-LeaderStateImpl is ready since appliedIndex == startIndex == 7
2025-10-10 10:39:01,620 [bb95c33f-a3cb-4bbe-957e-8163c1fc1114@group-7E155E250634-SegmentedRaftLogWorker] INFO  segmented.SegmentedRaftLogWorker (SegmentedRaftLogWorker.java:execute(604)) - bb95c33f-a3cb-4bbe-957e-8163c1fc1114@group-7E155E250634-SegmentedRaftLogWorker: Rolled log segment from /home/runner/work/ozone/ozone/hadoop-ozone/integration-test/target/test-dir/MiniOzoneClusterImpl-611c99c7-d47b-4433-a4ef-cd0a35b076ef/ozone-metadata/datanode-3/ratis/6f49885d-a34d-467d-8256-7e155e250634/current/log_inprogress_5 to /home/runner/work/ozone/ozone/hadoop-ozone/integration-test/target/test-dir/MiniOzoneClusterImpl-611c99c7-d47b-4433-a4ef-cd0a35b076ef/ozone-metadata/datanode-3/ratis/6f49885d-a34d-467d-8256-7e155e250634/current/log_5-6
2025-10-10 10:39:01,620 [bb95c33f-a3cb-4bbe-957e-8163c1fc1114@group-7E155E250634-SegmentedRaftLogWorker] INFO  segmented.BufferedWriteChannel (BufferedWriteChannel.java:open(61)) - open log_inprogress_7 at position 0
2025-10-10 10:39:01,626 [bb95c33f-a3cb-4bbe-957e-8163c1fc1114@group-7E155E250634-SegmentedRaftLogWorker] INFO  segmented.SegmentedRaftLogWorker (SegmentedRaftLogWorker.java:execute(647)) - bb95c33f-a3cb-4bbe-957e-8163c1fc1114@group-7E155E250634-SegmentedRaftLogWorker: created new log segment /home/runner/work/ozone/ozone/hadoop-ozone/integration-test/target/test-dir/MiniOzoneClusterImpl-611c99c7-d47b-4433-a4ef-cd0a35b076ef/ozone-metadata/datanode-3/ratis/6f49885d-a34d-467d-8256-7e155e250634/current/log_inprogress_7
2025-10-10 10:39:02,830 [1a301c79-b9ef-44e0-a0ae-b339f61819a5@group-7E155E250634-LeaderStateImpl] INFO  impl.TransferLeadership (TransferLeadership.java:tryTransferLeadership(258)) - 1a301c79-b9ef-44e0-a0ae-b339f61819a5@group-7E155E250634: start transferring leadership to bb95c33f-a3cb-4bbe-957e-8163c1fc1114
2025-10-10 10:39:02,830 [1a301c79-b9ef-44e0-a0ae-b339f61819a5@group-7E155E250634-LeaderStateImpl] INFO  impl.TransferLeadership (TransferLeadership.java:sendStartLeaderElection(210)) - 1a301c79-b9ef-44e0-a0ae-b339f61819a5@group-7E155E250634: sendStartLeaderElection to follower bb95c33f-a3cb-4bbe-957e-8163c1fc1114, lastEntry=(t:3, i:8)
2025-10-10 10:39:02,831 [1a301c79-b9ef-44e0-a0ae-b339f61819a5@group-7E155E250634-LeaderStateImpl] INFO  impl.TransferLeadership (TransferLeadership.java:tryTransferLeadership(266)) - 1a301c79-b9ef-44e0-a0ae-b339f61819a5@group-7E155E250634: SUCCESS sent StartLeaderElection to transferee bb95c33f-a3cb-4bbe-957e-8163c1fc1114 immediately as it already has up-to-date log
2025-10-10 10:39:02,833 [grpc-default-executor-6] INFO  impl.RoleInfo (RoleInfo.java:shutdownFollowerState(121)) - bb95c33f-a3cb-4bbe-957e-8163c1fc1114: shutdown bb95c33f-a3cb-4bbe-957e-8163c1fc1114@group-7E155E250634-FollowerState
2025-10-10 10:39:02,833 [grpc-default-executor-6] INFO  server.RaftServer$Division (RaftServerImpl.java:setRole(392)) - bb95c33f-a3cb-4bbe-957e-8163c1fc1114@group-7E155E250634: changes role from  FOLLOWER to CANDIDATE at term 3 for changeToCandidate
2025-10-10 10:39:02,833 [bb95c33f-a3cb-4bbe-957e-8163c1fc1114@group-7E155E250634-FollowerState] INFO  impl.FollowerState (FollowerState.java:runImpl(170)) - bb95c33f-a3cb-4bbe-957e-8163c1fc1114@group-7E155E250634-FollowerState was interrupted
2025-10-10 10:39:02,833 [grpc-default-executor-6] INFO  server.RaftServer$Division (ServerState.java:setLeader(272)) - bb95c33f-a3cb-4bbe-957e-8163c1fc1114@group-7E155E250634: change Leader from 1a301c79-b9ef-44e0-a0ae-b339f61819a5 to null at term 3 for ELECTION
2025-10-10 10:39:02,834 [grpc-default-executor-6] INFO  impl.RoleInfo (RoleInfo.java:updateAndGet(148)) - bb95c33f-a3cb-4bbe-957e-8163c1fc1114: start bb95c33f-a3cb-4bbe-957e-8163c1fc1114@group-7E155E250634-LeaderElection147
2025-10-10 10:39:02,834 [bb95c33f-a3cb-4bbe-957e-8163c1fc1114@group-7E155E250634-LeaderElection147] INFO  impl.LeaderElection (LeaderElection.java:askForVotes(448)) - bb95c33f-a3cb-4bbe-957e-8163c1fc1114@group-7E155E250634-LeaderElection147 ELECTION round 0: submit vote requests at term 4 for conf: {index: 7, cur=peers:[bb95c33f-a3cb-4bbe-957e-8163c1fc1114|127.0.0.1:15031, 1a301c79-b9ef-44e0-a0ae-b339f61819a5|127.0.0.1:15023, 43369f36-6a0f-45ae-a8eb-f0d390948370|127.0.0.1:15015]|listeners:[], old=null}
2025-10-10 10:39:02,835 [grpc-default-executor-3] INFO  server.RaftServer$Division (RaftServerImpl.java:requestVote(1421)) - 43369f36-6a0f-45ae-a8eb-f0d390948370@group-7E155E250634: receive requestVote(ELECTION, bb95c33f-a3cb-4bbe-957e-8163c1fc1114, group-7E155E250634, 4, (t:3, i:8))
2025-10-10 10:39:02,835 [grpc-default-executor-1] INFO  server.RaftServer$Division (RaftServerImpl.java:requestVote(1421)) - 1a301c79-b9ef-44e0-a0ae-b339f61819a5@group-7E155E250634: receive requestVote(ELECTION, bb95c33f-a3cb-4bbe-957e-8163c1fc1114, group-7E155E250634, 4, (t:3, i:8))
2025-10-10 10:39:02,836 [grpc-default-executor-3] INFO  impl.VoteContext (VoteContext.java:log(49)) - 43369f36-6a0f-45ae-a8eb-f0d390948370@group-7E155E250634-FOLLOWER: accept ELECTION from bb95c33f-a3cb-4bbe-957e-8163c1fc1114: our priority 0 <= candidate's priority 1
2025-10-10 10:39:02,836 [grpc-default-executor-1] INFO  impl.VoteContext (VoteContext.java:log(49)) - 1a301c79-b9ef-44e0-a0ae-b339f61819a5@group-7E155E250634-LEADER: accept ELECTION from bb95c33f-a3cb-4bbe-957e-8163c1fc1114: our priority 0 <= candidate's priority 1
2025-10-10 10:39:02,836 [grpc-default-executor-1] INFO  server.RaftServer$Division (RaftServerImpl.java:setRole(392)) - 1a301c79-b9ef-44e0-a0ae-b339f61819a5@group-7E155E250634: changes role from    LEADER to FOLLOWER at term 3 for candidate:bb95c33f-a3cb-4bbe-957e-8163c1fc1114
2025-10-10 10:39:02,836 [grpc-default-executor-1] INFO  impl.RoleInfo (RoleInfo.java:shutdownLeaderState(103)) - 1a301c79-b9ef-44e0-a0ae-b339f61819a5: shutdown 1a301c79-b9ef-44e0-a0ae-b339f61819a5@group-7E155E250634-LeaderStateImpl
2025-10-10 10:39:02,836 [grpc-default-executor-3] INFO  server.RaftServer$Division (RaftServerImpl.java:setRole(392)) - 43369f36-6a0f-45ae-a8eb-f0d390948370@group-7E155E250634: changes role from  FOLLOWER to FOLLOWER at term 3 for candidate:bb95c33f-a3cb-4bbe-957e-8163c1fc1114
2025-10-10 10:39:02,836 [grpc-default-executor-3] INFO  impl.RoleInfo (RoleInfo.java:shutdownFollowerState(121)) - 43369f36-6a0f-45ae-a8eb-f0d390948370: shutdown 43369f36-6a0f-45ae-a8eb-f0d390948370@group-7E155E250634-FollowerState
2025-10-10 10:39:02,836 [grpc-default-executor-3] INFO  server.RaftServer$Division (ServerState.java:setLeader(272)) - 43369f36-6a0f-45ae-a8eb-f0d390948370@group-7E155E250634: change Leader from 1a301c79-b9ef-44e0-a0ae-b339f61819a5 to null at term 4 for updateCurrentTerm
2025-10-10 10:39:02,836 [grpc-default-executor-3] INFO  impl.RoleInfo (RoleInfo.java:updateAndGet(148)) - 43369f36-6a0f-45ae-a8eb-f0d390948370: start 43369f36-6a0f-45ae-a8eb-f0d390948370@group-7E155E250634-FollowerState
2025-10-10 10:39:02,836 [grpc-default-executor-1] INFO  impl.PendingRequests (PendingRequests.java:sendNotLeaderResponses(287)) - 1a301c79-b9ef-44e0-a0ae-b339f61819a5@group-7E155E250634-PendingRequests: sendNotLeaderResponses
2025-10-10 10:39:02,836 [43369f36-6a0f-45ae-a8eb-f0d390948370@group-7E155E250634-FollowerState] INFO  impl.FollowerState (FollowerState.java:runImpl(170)) - 43369f36-6a0f-45ae-a8eb-f0d390948370@group-7E155E250634-FollowerState was interrupted
2025-10-10 10:39:02,836 [1a301c79-b9ef-44e0-a0ae-b339f61819a5-server-thread1] INFO  impl.TransferLeadership (TransferLeadership.java:lambda$sendStartLeaderElection$2(224)) - 1a301c79-b9ef-44e0-a0ae-b339f61819a5@group-7E155E250634: Received startLeaderElection reply from bb95c33f-a3cb-4bbe-957e-8163c1fc1114: success? true
2025-10-10 10:39:02,837 [1a301c79-b9ef-44e0-a0ae-b339f61819a5@group-7E155E250634->43369f36-6a0f-45ae-a8eb-f0d390948370-GrpcLogAppender-LogAppenderDaemon] WARN  server.GrpcLogAppender (GrpcLogAppender.java:mayWait(300)) - 1a301c79-b9ef-44e0-a0ae-b339f61819a5@group-7E155E250634->43369f36-6a0f-45ae-a8eb-f0d390948370-GrpcLogAppender: Wait interrupted by java.lang.InterruptedException
2025-10-10 10:39:02,837 [grpc-default-executor-6] INFO  server.GrpcServerProtocolService (GrpcServerProtocolService.java:lambda$onCompleted$6(171)) - 43369f36-6a0f-45ae-a8eb-f0d390948370: Completed APPEND_ENTRIES, lastRequest: 1a301c79-b9ef-44e0-a0ae-b339f61819a5->43369f36-6a0f-45ae-a8eb-f0d390948370#2-t3,previous=(t:3, i:7),leaderCommit=7,initializing? false,entries: size=1, first=(t:3, i:8), METADATAENTRY(c:7) 
2025-10-10 10:39:02,837 [1a301c79-b9ef-44e0-a0ae-b339f61819a5@group-7E155E250634->bb95c33f-a3cb-4bbe-957e-8163c1fc1114-GrpcLogAppender-LogAppenderDaemon] WARN  server.GrpcLogAppender (GrpcLogAppender.java:mayWait(300)) - 1a301c79-b9ef-44e0-a0ae-b339f61819a5@group-7E155E250634->bb95c33f-a3cb-4bbe-957e-8163c1fc1114-GrpcLogAppender: Wait interrupted by java.lang.InterruptedException
2025-10-10 10:39:02,837 [grpc-default-executor-6] INFO  server.GrpcServerProtocolService (GrpcServerProtocolService.java:lambda$null$7(175)) - 43369f36-6a0f-45ae-a8eb-f0d390948370: Completed APPEND_ENTRIES, lastReply: null 
2025-10-10 10:39:02,837 [grpc-default-executor-7] INFO  server.GrpcServerProtocolService (GrpcServerProtocolService.java:lambda$onCompleted$6(171)) - bb95c33f-a3cb-4bbe-957e-8163c1fc1114: Completed APPEND_ENTRIES, lastRequest: 1a301c79-b9ef-44e0-a0ae-b339f61819a5->bb95c33f-a3cb-4bbe-957e-8163c1fc1114#6-t3,previous=(t:3, i:7),leaderCommit=7,initializing? false,entries: size=1, first=(t:3, i:8), METADATAENTRY(c:7) 
2025-10-10 10:39:02,838 [grpc-default-executor-7] INFO  server.GrpcServerProtocolService (GrpcServerProtocolService.java:lambda$null$7(175)) - bb95c33f-a3cb-4bbe-957e-8163c1fc1114: Completed APPEND_ENTRIES, lastReply: null 
2025-10-10 10:39:02,838 [grpc-default-executor-8] INFO  server.GrpcLogAppender (GrpcLogAppender.java:onCompleted(558)) - 1a301c79-b9ef-44e0-a0ae-b339f61819a5@group-7E155E250634->43369f36-6a0f-45ae-a8eb-f0d390948370-AppendLogResponseHandler: follower responses appendEntries COMPLETED
2025-10-10 10:39:02,838 [grpc-default-executor-3] INFO  server.RaftServer$Division (RaftServerImpl.java:requestVote(1455)) - 43369f36-6a0f-45ae-a8eb-f0d390948370@group-7E155E250634 replies to ELECTION vote request: bb95c33f-a3cb-4bbe-957e-8163c1fc1114<-43369f36-6a0f-45ae-a8eb-f0d390948370#0:OK-t4-last:(t:3, i:8). Peer's state: 43369f36-6a0f-45ae-a8eb-f0d390948370@group-7E155E250634:t4, leader=null, voted=bb95c33f-a3cb-4bbe-957e-8163c1fc1114, raftlog=Memoized:43369f36-6a0f-45ae-a8eb-f0d390948370@group-7E155E250634-SegmentedRaftLog:OPENED:c8:last(t:3, i:8), conf=conf: {index: 7, cur=peers:[bb95c33f-a3cb-4bbe-957e-8163c1fc1114|127.0.0.1:15031, 1a301c79-b9ef-44e0-a0ae-b339f61819a5|127.0.0.1:15023, 43369f36-6a0f-45ae-a8eb-f0d390948370|127.0.0.1:15015]|listeners:[], old=null}
2025-10-10 10:39:02,839 [grpc-default-executor-1] INFO  server.RaftServer$Division (ServerState.java:setLeader(272)) - 1a301c79-b9ef-44e0-a0ae-b339f61819a5@group-7E155E250634: change Leader from 1a301c79-b9ef-44e0-a0ae-b339f61819a5 to null at term 3 for candidate:bb95c33f-a3cb-4bbe-957e-8163c1fc1114
2025-10-10 10:39:02,839 [grpc-default-executor-1] INFO  impl.RoleInfo (RoleInfo.java:updateAndGet(148)) - 1a301c79-b9ef-44e0-a0ae-b339f61819a5: start 1a301c79-b9ef-44e0-a0ae-b339f61819a5@group-7E155E250634-FollowerState
2025-10-10 10:39:02,839 [grpc-default-executor-8] INFO  server.GrpcLogAppender (GrpcLogAppender.java:onCompleted(558)) - 1a301c79-b9ef-44e0-a0ae-b339f61819a5@group-7E155E250634->bb95c33f-a3cb-4bbe-957e-8163c1fc1114-AppendLogResponseHandler: follower responses appendEntries COMPLETED
2025-10-10 10:39:02,839 [grpc-default-executor-3] INFO  server.GrpcLogAppender (GrpcLogAppender.java:onCompleted(558)) - 1a301c79-b9ef-44e0-a0ae-b339f61819a5@group-7E155E250634->43369f36-6a0f-45ae-a8eb-f0d390948370-AppendLogResponseHandler: follower responses appendEntries COMPLETED
2025-10-10 10:39:02,839 [grpc-default-executor-3] INFO  server.GrpcLogAppender (GrpcLogAppender.java:onCompleted(558)) - 1a301c79-b9ef-44e0-a0ae-b339f61819a5@group-7E155E250634->bb95c33f-a3cb-4bbe-957e-8163c1fc1114-AppendLogResponseHandler: follower responses appendEntries COMPLETED
2025-10-10 10:39:02,839 [bb95c33f-a3cb-4bbe-957e-8163c1fc1114@group-7E155E250634-LeaderElection147] INFO  impl.LeaderElection (LeaderElection.java:logAndReturn(206)) - bb95c33f-a3cb-4bbe-957e-8163c1fc1114@group-7E155E250634-LeaderElection147: ELECTION PASSED received 1 response(s) and 0 exception(s):
2025-10-10 10:39:02,840 [bb95c33f-a3cb-4bbe-957e-8163c1fc1114@group-7E155E250634-LeaderElection147] INFO  impl.LeaderElection (LeaderElection.java:logAndReturn(210)) -   Response 0: bb95c33f-a3cb-4bbe-957e-8163c1fc1114<-43369f36-6a0f-45ae-a8eb-f0d390948370#0:OK-t4-last:(t:3, i:8)
2025-10-10 10:39:02,840 [bb95c33f-a3cb-4bbe-957e-8163c1fc1114@group-7E155E250634-LeaderElection147] INFO  impl.LeaderElection (LeaderElection.java:askForVotes(450)) - bb95c33f-a3cb-4bbe-957e-8163c1fc1114@group-7E155E250634-LeaderElection147 ELECTION round 0: result PASSED
2025-10-10 10:39:02,840 [grpc-default-executor-1] INFO  server.RaftServer$Division (RaftServerImpl.java:requestVote(1455)) - 1a301c79-b9ef-44e0-a0ae-b339f61819a5@group-7E155E250634 replies to ELECTION vote request: bb95c33f-a3cb-4bbe-957e-8163c1fc1114<-1a301c79-b9ef-44e0-a0ae-b339f61819a5#0:OK-t4-last:(t:3, i:8). Peer's state: 1a301c79-b9ef-44e0-a0ae-b339f61819a5@group-7E155E250634:t4, leader=null, voted=bb95c33f-a3cb-4bbe-957e-8163c1fc1114, raftlog=Memoized:1a301c79-b9ef-44e0-a0ae-b339f61819a5@group-7E155E250634-SegmentedRaftLog:OPENED:c8:last(t:3, i:8), conf=conf: {index: 7, cur=peers:[bb95c33f-a3cb-4bbe-957e-8163c1fc1114|127.0.0.1:15031, 1a301c79-b9ef-44e0-a0ae-b339f61819a5|127.0.0.1:15023, 43369f36-6a0f-45ae-a8eb-f0d390948370|127.0.0.1:15015]|listeners:[], old=null}
2025-10-10 10:39:02,840 [bb95c33f-a3cb-4bbe-957e-8163c1fc1114@group-7E155E250634-LeaderElection147] INFO  impl.RoleInfo (RoleInfo.java:shutdownLeaderElection(141)) - bb95c33f-a3cb-4bbe-957e-8163c1fc1114: shutdown bb95c33f-a3cb-4bbe-957e-8163c1fc1114@group-7E155E250634-LeaderElection147
2025-10-10 10:39:02,840 [bb95c33f-a3cb-4bbe-957e-8163c1fc1114@group-7E155E250634-LeaderElection147] INFO  server.RaftServer$Division (RaftServerImpl.java:setRole(392)) - bb95c33f-a3cb-4bbe-957e-8163c1fc1114@group-7E155E250634: changes role from CANDIDATE to LEADER at term 4 for changeToLeader
2025-10-10 10:39:02,840 [bb95c33f-a3cb-4bbe-957e-8163c1fc1114@group-7E155E250634-LeaderElection147] INFO  server.RaftServerConfigKeys (ConfUtils.java:logFallback(69)) - raft.server.staging.timeout = 3600ms (fallback to raft.server.rpc.timeout.max)
2025-10-10 10:39:02,840 [bb95c33f-a3cb-4bbe-957e-8163c1fc1114@group-7E155E250634-LeaderElection147] INFO  server.RaftServerConfigKeys (ConfUtils.java:logGet(62)) - raft.server.write.byte-limit = 1024 M (=1073741824) (custom)
2025-10-10 10:39:02,841 [bb95c33f-a3cb-4bbe-957e-8163c1fc1114@group-7E155E250634-LeaderElection147] INFO  server.RaftServerConfigKeys (ConfUtils.java:logGet(62)) - raft.server.log.appender.buffer.byte-limit = 33554432 (custom)
2025-10-10 10:39:02,842 [bb95c33f-a3cb-4bbe-957e-8163c1fc1114@group-7E155E250634-LeaderElection147] INFO  server.RaftServerConfigKeys (ConfUtils.java:logGet(62)) - raft.server.log.appender.buffer.byte-limit = 33554432 (custom)
2025-10-10 10:39:02,843 [bb95c33f-a3cb-4bbe-957e-8163c1fc1114@group-7E155E250634-LeaderElection147] INFO  impl.RoleInfo (RoleInfo.java:updateAndGet(148)) - bb95c33f-a3cb-4bbe-957e-8163c1fc1114: start bb95c33f-a3cb-4bbe-957e-8163c1fc1114@group-7E155E250634-LeaderStateImpl
2025-10-10 10:39:02,843 [bb95c33f-a3cb-4bbe-957e-8163c1fc1114@group-7E155E250634-LeaderElection147] INFO  ratis.XceiverServerRatis (XceiverServerRatis.java:handleLeaderChangedNotification(940)) - Leader change notification received for group: group-7E155E250634 with new leaderId: bb95c33f-a3cb-4bbe-957e-8163c1fc1114
2025-10-10 10:39:02,843 [bb95c33f-a3cb-4bbe-957e-8163c1fc1114@group-7E155E250634-LeaderElection147] INFO  server.RaftServer$Division (ServerState.java:setLeader(272)) - bb95c33f-a3cb-4bbe-957e-8163c1fc1114@group-7E155E250634: change Leader from null to bb95c33f-a3cb-4bbe-957e-8163c1fc1114 at term 4 for becomeLeader, leader elected after 9ms
2025-10-10 10:39:02,843 [bb95c33f-a3cb-4bbe-957e-8163c1fc1114@group-7E155E250634-LeaderElection147] INFO  segmented.SegmentedRaftLogWorker (SegmentedRaftLogWorker.java:rollLogSegment(445)) - bb95c33f-a3cb-4bbe-957e-8163c1fc1114@group-7E155E250634-SegmentedRaftLogWorker: Rolling segment log-7_8 to index:8
2025-10-10 10:39:02,843 [bb95c33f-a3cb-4bbe-957e-8163c1fc1114@group-7E155E250634-LeaderElection147] INFO  server.RaftServer$Division (ServerState.java:setRaftConf(386)) - bb95c33f-a3cb-4bbe-957e-8163c1fc1114@group-7E155E250634: set configuration conf: {index: 9, cur=peers:[bb95c33f-a3cb-4bbe-957e-8163c1fc1114|127.0.0.1:15031, 1a301c79-b9ef-44e0-a0ae-b339f61819a5|127.0.0.1:15023, 43369f36-6a0f-45ae-a8eb-f0d390948370|127.0.0.1:15015]|listeners:[], old=null}
2025-10-10 10:39:02,845 [bb95c33f-a3cb-4bbe-957e-8163c1fc1114@group-7E155E250634-SegmentedRaftLogWorker] INFO  segmented.SegmentedRaftLogWorker (SegmentedRaftLogWorker.java:execute(604)) - bb95c33f-a3cb-4bbe-957e-8163c1fc1114@group-7E155E250634-SegmentedRaftLogWorker: Rolled log segment from /home/runner/work/ozone/ozone/hadoop-ozone/integration-test/target/test-dir/MiniOzoneClusterImpl-611c99c7-d47b-4433-a4ef-cd0a35b076ef/ozone-metadata/datanode-3/ratis/6f49885d-a34d-467d-8256-7e155e250634/current/log_inprogress_7 to /home/runner/work/ozone/ozone/hadoop-ozone/integration-test/target/test-dir/MiniOzoneClusterImpl-611c99c7-d47b-4433-a4ef-cd0a35b076ef/ozone-metadata/datanode-3/ratis/6f49885d-a34d-467d-8256-7e155e250634/current/log_7-8
2025-10-10 10:39:02,845 [bb95c33f-a3cb-4bbe-957e-8163c1fc1114@group-7E155E250634-SegmentedRaftLogWorker] INFO  segmented.BufferedWriteChannel (BufferedWriteChannel.java:open(61)) - open log_inprogress_9 at position 0
2025-10-10 10:39:02,851 [bb95c33f-a3cb-4bbe-957e-8163c1fc1114@group-7E155E250634-SegmentedRaftLogWorker] INFO  segmented.SegmentedRaftLogWorker (SegmentedRaftLogWorker.java:execute(647)) - bb95c33f-a3cb-4bbe-957e-8163c1fc1114@group-7E155E250634-SegmentedRaftLogWorker: created new log segment /home/runner/work/ozone/ozone/hadoop-ozone/integration-test/target/test-dir/MiniOzoneClusterImpl-611c99c7-d47b-4433-a4ef-cd0a35b076ef/ozone-metadata/datanode-3/ratis/6f49885d-a34d-467d-8256-7e155e250634/current/log_inprogress_9
2025-10-10 10:39:02,866 [grpc-default-executor-1] INFO  ratis.XceiverServerRatis (XceiverServerRatis.java:handleLeaderChangedNotification(940)) - Leader change notification received for group: group-7E155E250634 with new leaderId: bb95c33f-a3cb-4bbe-957e-8163c1fc1114
2025-10-10 10:39:02,866 [grpc-default-executor-1] INFO  server.RaftServer$Division (ServerState.java:setLeader(272)) - 1a301c79-b9ef-44e0-a0ae-b339f61819a5@group-7E155E250634: change Leader from null to bb95c33f-a3cb-4bbe-957e-8163c1fc1114 at term 4 for appendEntries, leader elected after 27ms
2025-10-10 10:39:02,866 [grpc-default-executor-6] INFO  ratis.XceiverServerRatis (XceiverServerRatis.java:handleLeaderChangedNotification(940)) - Leader change notification received for group: group-7E155E250634 with new leaderId: bb95c33f-a3cb-4bbe-957e-8163c1fc1114
2025-10-10 10:39:02,866 [grpc-default-executor-6] INFO  server.RaftServer$Division (ServerState.java:setLeader(272)) - 43369f36-6a0f-45ae-a8eb-f0d390948370@group-7E155E250634: change Leader from null to bb95c33f-a3cb-4bbe-957e-8163c1fc1114 at term 4 for appendEntries, leader elected after 30ms
2025-10-10 10:39:02,868 [grpc-default-executor-3] INFO  server.RaftServer$Division (ServerState.java:setRaftConf(386)) - 1a301c79-b9ef-44e0-a0ae-b339f61819a5@group-7E155E250634: set configuration conf: {index: 9, cur=peers:[bb95c33f-a3cb-4bbe-957e-8163c1fc1114|127.0.0.1:15031, 1a301c79-b9ef-44e0-a0ae-b339f61819a5|127.0.0.1:15023, 43369f36-6a0f-45ae-a8eb-f0d390948370|127.0.0.1:15015]|listeners:[], old=null}
2025-10-10 10:39:02,868 [grpc-default-executor-3] INFO  segmented.SegmentedRaftLogWorker (SegmentedRaftLogWorker.java:rollLogSegment(445)) - 1a301c79-b9ef-44e0-a0ae-b339f61819a5@group-7E155E250634-SegmentedRaftLogWorker: Rolling segment log-7_8 to index:8
2025-10-10 10:39:02,868 [grpc-default-executor-6] INFO  server.RaftServer$Division (ServerState.java:setRaftConf(386)) - 43369f36-6a0f-45ae-a8eb-f0d390948370@group-7E155E250634: set configuration conf: {index: 9, cur=peers:[bb95c33f-a3cb-4bbe-957e-8163c1fc1114|127.0.0.1:15031, 1a301c79-b9ef-44e0-a0ae-b339f61819a5|127.0.0.1:15023, 43369f36-6a0f-45ae-a8eb-f0d390948370|127.0.0.1:15015]|listeners:[], old=null}
2025-10-10 10:39:02,868 [grpc-default-executor-6] INFO  segmented.SegmentedRaftLogWorker (SegmentedRaftLogWorker.java:rollLogSegment(445)) - 43369f36-6a0f-45ae-a8eb-f0d390948370@group-7E155E250634-SegmentedRaftLogWorker: Rolling segment log-7_8 to index:8
2025-10-10 10:39:02,869 [1a301c79-b9ef-44e0-a0ae-b339f61819a5@group-7E155E250634-SegmentedRaftLogWorker] INFO  segmented.SegmentedRaftLogWorker (SegmentedRaftLogWorker.java:execute(604)) - 1a301c79-b9ef-44e0-a0ae-b339f61819a5@group-7E155E250634-SegmentedRaftLogWorker: Rolled log segment from /home/runner/work/ozone/ozone/hadoop-ozone/integration-test/target/test-dir/MiniOzoneClusterImpl-611c99c7-d47b-4433-a4ef-cd0a35b076ef/ozone-metadata/datanode-2/ratis/6f49885d-a34d-467d-8256-7e155e250634/current/log_inprogress_7 to /home/runner/work/ozone/ozone/hadoop-ozone/integration-test/target/test-dir/MiniOzoneClusterImpl-611c99c7-d47b-4433-a4ef-cd0a35b076ef/ozone-metadata/datanode-2/ratis/6f49885d-a34d-467d-8256-7e155e250634/current/log_7-8
2025-10-10 10:39:02,870 [1a301c79-b9ef-44e0-a0ae-b339f61819a5@group-7E155E250634-SegmentedRaftLogWorker] INFO  segmented.BufferedWriteChannel (BufferedWriteChannel.java:open(61)) - open log_inprogress_9 at position 0
2025-10-10 10:39:02,870 [43369f36-6a0f-45ae-a8eb-f0d390948370@group-7E155E250634-SegmentedRaftLogWorker] INFO  segmented.SegmentedRaftLogWorker (SegmentedRaftLogWorker.java:execute(604)) - 43369f36-6a0f-45ae-a8eb-f0d390948370@group-7E155E250634-SegmentedRaftLogWorker: Rolled log segment from /home/runner/work/ozone/ozone/hadoop-ozone/integration-test/target/test-dir/MiniOzoneClusterImpl-611c99c7-d47b-4433-a4ef-cd0a35b076ef/ozone-metadata/datanode-1/ratis/6f49885d-a34d-467d-8256-7e155e250634/current/log_inprogress_7 to /home/runner/work/ozone/ozone/hadoop-ozone/integration-test/target/test-dir/MiniOzoneClusterImpl-611c99c7-d47b-4433-a4ef-cd0a35b076ef/ozone-metadata/datanode-1/ratis/6f49885d-a34d-467d-8256-7e155e250634/current/log_7-8
2025-10-10 10:39:02,870 [43369f36-6a0f-45ae-a8eb-f0d390948370@group-7E155E250634-SegmentedRaftLogWorker] INFO  segmented.BufferedWriteChannel (BufferedWriteChannel.java:open(61)) - open log_inprogress_9 at position 0
2025-10-10 10:39:02,876 [43369f36-6a0f-45ae-a8eb-f0d390948370@group-7E155E250634-SegmentedRaftLogWorker] INFO  segmented.SegmentedRaftLogWorker (SegmentedRaftLogWorker.java:execute(647)) - 43369f36-6a0f-45ae-a8eb-f0d390948370@group-7E155E250634-SegmentedRaftLogWorker: created new log segment /home/runner/work/ozone/ozone/hadoop-ozone/integration-test/target/test-dir/MiniOzoneClusterImpl-611c99c7-d47b-4433-a4ef-cd0a35b076ef/ozone-metadata/datanode-1/ratis/6f49885d-a34d-467d-8256-7e155e250634/current/log_inprogress_9
2025-10-10 10:39:02,876 [1a301c79-b9ef-44e0-a0ae-b339f61819a5@group-7E155E250634-SegmentedRaftLogWorker] INFO  segmented.SegmentedRaftLogWorker (SegmentedRaftLogWorker.java:execute(647)) - 1a301c79-b9ef-44e0-a0ae-b339f61819a5@group-7E155E250634-SegmentedRaftLogWorker: created new log segment /home/runner/work/ozone/ozone/hadoop-ozone/integration-test/target/test-dir/MiniOzoneClusterImpl-611c99c7-d47b-4433-a4ef-cd0a35b076ef/ozone-metadata/datanode-2/ratis/6f49885d-a34d-467d-8256-7e155e250634/current/log_inprogress_9
2025-10-10 10:39:02,878 [bb95c33f-a3cb-4bbe-957e-8163c1fc1114@group-7E155E250634-StateMachineUpdater] INFO  server.RaftServer$Division (LeaderStateImpl.java:checkStartIndex(309)) - Leader bb95c33f-a3cb-4bbe-957e-8163c1fc1114@group-7E155E250634-LeaderStateImpl is ready since appliedIndex == startIndex == 9
2025-10-10 10:39:02,943 [895d447a-5476-42e4-b2fa-6eb687701d46-CloseContainerThread-0] INFO  commandhandler.CloseContainerCommandHandler (CloseContainerCommandHandler.java:lambda$handle$0(154)) - Follower cannot close container #4.
2025-10-10 10:39:02,946 [36185c6b-22ce-45d1-a622-3a6b487a5a53-ContainerOp-56f6ef43-c50c-4d35-89b5-6ef60cb14872-2] INFO  keyvalue.KeyValueContainer (KeyValueContainer.java:flushAndSyncDB(514)) - Synced container: KeyValueContainerData #4 (CLOSING, non-empty, ri=0, origin=[dn_36185c6b-22ce-45d1-a622-3a6b487a5a53, pipeline_56f6ef43-c50c-4d35-89b5-6ef60cb14872])
2025-10-10 10:39:02,946 [36185c6b-22ce-45d1-a622-3a6b487a5a53-ContainerOp-56f6ef43-c50c-4d35-89b5-6ef60cb14872-2] INFO  keyvalue.KeyValueContainer (KeyValueContainer.java:flushAndSyncDB(514)) - Synced container: KeyValueContainerData #4 (CLOSING, non-empty, ri=0, origin=[dn_36185c6b-22ce-45d1-a622-3a6b487a5a53, pipeline_56f6ef43-c50c-4d35-89b5-6ef60cb14872])
2025-10-10 10:39:02,947 [895d447a-5476-42e4-b2fa-6eb687701d46-ContainerOp-56f6ef43-c50c-4d35-89b5-6ef60cb14872-2] INFO  keyvalue.KeyValueContainer (KeyValueContainer.java:flushAndSyncDB(514)) - Synced container: KeyValueContainerData #4 (CLOSING, non-empty, ri=0, origin=[dn_895d447a-5476-42e4-b2fa-6eb687701d46, pipeline_56f6ef43-c50c-4d35-89b5-6ef60cb14872])
2025-10-10 10:39:02,947 [895d447a-5476-42e4-b2fa-6eb687701d46-ContainerOp-56f6ef43-c50c-4d35-89b5-6ef60cb14872-2] INFO  keyvalue.KeyValueContainer (KeyValueContainer.java:flushAndSyncDB(514)) - Synced container: KeyValueContainerData #4 (CLOSING, non-empty, ri=0, origin=[dn_895d447a-5476-42e4-b2fa-6eb687701d46, pipeline_56f6ef43-c50c-4d35-89b5-6ef60cb14872])
2025-10-10 10:39:02,951 [895d447a-5476-42e4-b2fa-6eb687701d46-ContainerOp-56f6ef43-c50c-4d35-89b5-6ef60cb14872-2] INFO  keyvalue.KeyValueContainer (KeyValueContainer.java:close(430)) - Closed container: KeyValueContainerData #4 (CLOSED, non-empty, ri=0, origin=[dn_895d447a-5476-42e4-b2fa-6eb687701d46, pipeline_56f6ef43-c50c-4d35-89b5-6ef60cb14872])
2025-10-10 10:39:02,953 [36185c6b-22ce-45d1-a622-3a6b487a5a53-ContainerOp-56f6ef43-c50c-4d35-89b5-6ef60cb14872-2] INFO  keyvalue.KeyValueContainer (KeyValueContainer.java:close(430)) - Closed container: KeyValueContainerData #4 (CLOSED, non-empty, ri=0, origin=[dn_36185c6b-22ce-45d1-a622-3a6b487a5a53, pipeline_56f6ef43-c50c-4d35-89b5-6ef60cb14872])
2025-10-10 10:39:02,956 [aa9634f0-8836-44d6-bc05-5b19fbdd93d5-ContainerOp-56f6ef43-c50c-4d35-89b5-6ef60cb14872-2] INFO  keyvalue.KeyValueContainer (KeyValueContainer.java:flushAndSyncDB(514)) - Synced container: KeyValueContainerData #4 (CLOSING, non-empty, ri=0, origin=[dn_aa9634f0-8836-44d6-bc05-5b19fbdd93d5, pipeline_56f6ef43-c50c-4d35-89b5-6ef60cb14872])
2025-10-10 10:39:02,956 [aa9634f0-8836-44d6-bc05-5b19fbdd93d5-ContainerOp-56f6ef43-c50c-4d35-89b5-6ef60cb14872-2] INFO  keyvalue.KeyValueContainer (KeyValueContainer.java:flushAndSyncDB(514)) - Synced container: KeyValueContainerData #4 (CLOSING, non-empty, ri=0, origin=[dn_aa9634f0-8836-44d6-bc05-5b19fbdd93d5, pipeline_56f6ef43-c50c-4d35-89b5-6ef60cb14872])
2025-10-10 10:39:02,961 [aa9634f0-8836-44d6-bc05-5b19fbdd93d5-ContainerOp-56f6ef43-c50c-4d35-89b5-6ef60cb14872-2] INFO  keyvalue.KeyValueContainer (KeyValueContainer.java:close(430)) - Closed container: KeyValueContainerData #4 (CLOSED, non-empty, ri=0, origin=[dn_aa9634f0-8836-44d6-bc05-5b19fbdd93d5, pipeline_56f6ef43-c50c-4d35-89b5-6ef60cb14872])
2025-10-10 10:39:02,977 [FixedThreadPoolWithAffinityExecutor-8-0] INFO  container.IncrementalContainerReportHandler (AbstractContainerReportHandler.java:updateContainerState(289)) - CLOSE Container #4 (CLOSING, sid=2) r0 (CLOSED, bcsid=2, origin=895d447a-5476-42e4-b2fa-6eb687701d46, non-empty) from dn 895d447a-5476-42e4-b2fa-6eb687701d46(localhost/127.0.0.1)
2025-10-10T10:39:03.460671905Z 36185c6b-22ce-45d1-a622-3a6b487a5a53-client-thread1 ERROR user=null | ip=null | op=WRITE_CHUNK {"blockData":"conID: 4 locID: 115816896921600004 bcsId: 2 replicaIndex: 0","offset":"1048576","size":"1048576"} | ret=FAILURE
org.apache.hadoop.hdds.scm.container.common.helpers.ContainerNotOpenException: Container 4 in CLOSED state
	at org.apache.hadoop.ozone.container.common.impl.HddsDispatcher.validateContainerCommand(HddsDispatcher.java:581)
	at org.apache.hadoop.ozone.container.common.transport.server.ratis.ContainerStateMachine.startTransaction(ContainerStateMachine.java:488)
	at org.apache.ratis.server.impl.RaftServerImpl.writeAsyncImpl(RaftServerImpl.java:987)
	at org.apache.ratis.server.impl.RaftServerImpl.writeAsync(RaftServerImpl.java:960)
	at org.apache.ratis.server.impl.RaftServerImpl.replyFuture(RaftServerImpl.java:953)
	at org.apache.ratis.server.impl.RaftServerImpl.submitClientRequestAsync(RaftServerImpl.java:930)
	at org.apache.ratis.server.impl.RaftServerImpl.lambda$null$11(RaftServerImpl.java:919)
	at org.apache.ratis.util.JavaUtils.callAsUnchecked(JavaUtils.java:118)
	at org.apache.ratis.server.impl.RaftServerImpl.lambda$executeSubmitClientRequestAsync$12(RaftServerImpl.java:919)
	at java.base/java.util.concurrent.CompletableFuture$AsyncSupply.run(CompletableFuture.java:1768)
	at java.base/java.util.concurrent.ThreadPoolExecutor.runWorker(ThreadPoolExecutor.java:1144)
	at java.base/java.util.concurrent.ThreadPoolExecutor$Worker.run(ThreadPoolExecutor.java:642)
	at java.base/java.lang.Thread.run(Thread.java:1583)
2025-10-10 10:39:03,467 [grpc-default-executor-1] ERROR impl.OrderedAsync (OrderedAsync.java:lambda$send$4(181)) - Failed to send request, message=cmdType: WriteChunk traceID: "" containerID: 4 datanodeUuid: "36185c6b-22ce-45d1-a622-3a6b487a5a53" writeChunk { blockID { containerID: 4 localID: 115816896921600004 blockCommitSequenceId: 2 replicaIndex: 0 } chunkData { chunkName: "115816896921600004_chunk_2" offset: 1048576 len: 1048576 } } version: 3, data.size=1048576
java.util.concurrent.CompletionException: org.apache.ratis.protocol.exceptions.StateMachineException: org.apache.hadoop.hdds.scm.container.common.helpers.ContainerNotOpenException from Server 36185c6b-22ce-45d1-a622-3a6b487a5a53@group-6EF60CB14872: Container 4 in CLOSED state
	at org.apache.ratis.client.impl.RaftClientImpl.handleRaftException(RaftClientImpl.java:373)
	at org.apache.ratis.client.impl.OrderedAsync.lambda$send$3(OrderedAsync.java:175)
	at java.base/java.util.concurrent.CompletableFuture$UniApply.tryFire(CompletableFuture.java:646)
	at java.base/java.util.concurrent.CompletableFuture.postComplete(CompletableFuture.java:510)
	at java.base/java.util.concurrent.CompletableFuture.complete(CompletableFuture.java:2179)
	at org.apache.ratis.client.impl.OrderedAsync$PendingOrderedRequest.setReply(OrderedAsync.java:105)
	at org.apache.ratis.client.impl.OrderedAsync$PendingOrderedRequest.setReply(OrderedAsync.java:66)
	at org.apache.ratis.util.SlidingWindow$RequestMap.setReply(SlidingWindow.java:147)
	at org.apache.ratis.util.SlidingWindow$Client.receiveReply(SlidingWindow.java:351)
	at org.apache.ratis.client.impl.OrderedAsync.lambda$sendRequestWithRetry$5(OrderedAsync.java:210)
	at java.base/java.util.concurrent.CompletableFuture$UniAccept.tryFire(CompletableFuture.java:718)
	at java.base/java.util.concurrent.CompletableFuture.postComplete(CompletableFuture.java:510)
	at java.base/java.util.concurrent.CompletableFuture.complete(CompletableFuture.java:2179)
	at org.apache.ratis.grpc.client.GrpcClientProtocolClient$AsyncStreamObservers$1.lambda$onNext$0(GrpcClientProtocolClient.java:325)
	at java.base/java.util.Optional.ifPresent(Optional.java:178)
	at org.apache.ratis.grpc.client.GrpcClientProtocolClient$AsyncStreamObservers.handleReplyFuture(GrpcClientProtocolClient.java:381)
	at org.apache.ratis.grpc.client.GrpcClientProtocolClient$AsyncStreamObservers.access$100(GrpcClientProtocolClient.java:303)
	at org.apache.ratis.grpc.client.GrpcClientProtocolClient$AsyncStreamObservers$1.onNext(GrpcClientProtocolClient.java:325)
	at org.apache.ratis.grpc.client.GrpcClientProtocolClient$AsyncStreamObservers$1.onNext(GrpcClientProtocolClient.java:308)
	at org.apache.ratis.thirdparty.io.grpc.stub.ClientCalls$StreamObserverToCallListenerAdapter.onMessage(ClientCalls.java:551)
	at org.apache.ratis.thirdparty.io.grpc.ForwardingClientCallListener.onMessage(ForwardingClientCallListener.java:33)
	at org.apache.ratis.thirdparty.io.grpc.internal.ClientCallImpl$ClientStreamListenerImpl$1MessagesAvailable.runInternal(ClientCallImpl.java:661)
	at org.apache.ratis.thirdparty.io.grpc.internal.ClientCallImpl$ClientStreamListenerImpl$1MessagesAvailable.runInContext(ClientCallImpl.java:648)
	at org.apache.ratis.thirdparty.io.grpc.internal.ContextRunnable.run(ContextRunnable.java:37)
	at org.apache.ratis.thirdparty.io.grpc.internal.SerializingExecutor.run(SerializingExecutor.java:133)
	at java.base/java.util.concurrent.ThreadPoolExecutor.runWorker(ThreadPoolExecutor.java:1144)
	at java.base/java.util.concurrent.ThreadPoolExecutor$Worker.run(ThreadPoolExecutor.java:642)
	at java.base/java.lang.Thread.run(Thread.java:1583)
Caused by: org.apache.ratis.protocol.exceptions.StateMachineException: org.apache.hadoop.hdds.scm.container.common.helpers.ContainerNotOpenException from Server 36185c6b-22ce-45d1-a622-3a6b487a5a53@group-6EF60CB14872: Container 4 in CLOSED state
	at org.apache.hadoop.ozone.container.common.impl.HddsDispatcher.validateContainerCommand(HddsDispatcher.java:581)
	at org.apache.hadoop.ozone.container.common.transport.server.ratis.ContainerStateMachine.startTransaction(ContainerStateMachine.java:488)
	at org.apache.ratis.server.impl.RaftServerImpl.writeAsyncImpl(RaftServerImpl.java:987)
	at org.apache.ratis.server.impl.RaftServerImpl.writeAsync(RaftServerImpl.java:960)
	at org.apache.ratis.server.impl.RaftServerImpl.replyFuture(RaftServerImpl.java:953)
	at org.apache.ratis.server.impl.RaftServerImpl.submitClientRequestAsync(RaftServerImpl.java:930)
	at org.apache.ratis.server.impl.RaftServerImpl.lambda$null$11(RaftServerImpl.java:919)
	at org.apache.ratis.util.JavaUtils.callAsUnchecked(JavaUtils.java:118)
	at org.apache.ratis.server.impl.RaftServerImpl.lambda$executeSubmitClientRequestAsync$12(RaftServerImpl.java:919)
	at java.base/java.util.concurrent.CompletableFuture$AsyncSupply.run(CompletableFuture.java:1768)
	... 3 more
Caused by: org.apache.hadoop.hdds.scm.container.common.helpers.ContainerNotOpenException: Container 4 in CLOSED state
	at java.base/jdk.internal.reflect.DirectConstructorHandleAccessor.newInstance(DirectConstructorHandleAccessor.java:62)
	at java.base/java.lang.reflect.Constructor.newInstanceWithCaller(Constructor.java:502)
	at java.base/java.lang.reflect.Constructor.newInstance(Constructor.java:486)
	at org.apache.ratis.util.ReflectionUtils.instantiateException(ReflectionUtils.java:265)
	at org.apache.ratis.client.impl.ClientProtoUtils.toStateMachineException(ClientProtoUtils.java:455)
	at org.apache.ratis.client.impl.ClientProtoUtils.toStateMachineException(ClientProtoUtils.java:441)
	at org.apache.ratis.client.impl.ClientProtoUtils.toRaftClientReply(ClientProtoUtils.java:408)
	at org.apache.ratis.grpc.client.GrpcClientProtocolClient$AsyncStreamObservers$1.onNext(GrpcClientProtocolClient.java:313)
	at org.apache.ratis.grpc.client.GrpcClientProtocolClient$AsyncStreamObservers$1.onNext(GrpcClientProtocolClient.java:308)
	at org.apache.ratis.thirdparty.io.grpc.stub.ClientCalls$StreamObserverToCallListenerAdapter.onMessage(ClientCalls.java:551)
	at org.apache.ratis.thirdparty.io.grpc.ForwardingClientCallListener.onMessage(ForwardingClientCallListener.java:33)
	at org.apache.ratis.thirdparty.io.grpc.internal.ClientCallImpl$ClientStreamListenerImpl$1MessagesAvailable.runInternal(ClientCallImpl.java:661)
	at org.apache.ratis.thirdparty.io.grpc.internal.ClientCallImpl$ClientStreamListenerImpl$1MessagesAvailable.runInContext(ClientCallImpl.java:648)
	at org.apache.ratis.thirdparty.io.grpc.internal.ContextRunnable.run(ContextRunnable.java:37)
	at org.apache.ratis.thirdparty.io.grpc.internal.SerializingExecutor.run(SerializingExecutor.java:133)
	... 3 more
2025-10-10T10:39:03.467032318Z 36185c6b-22ce-45d1-a622-3a6b487a5a53-client-thread1 ERROR user=null | ip=null | op=PUT_BLOCK {"blockData":"[blockId=conID: 4 locID: 115816896921600004 bcsId: 0 replicaIndex: null, size=2097152]"} | ret=FAILURE
org.apache.hadoop.hdds.scm.container.common.helpers.ContainerNotOpenException: Container 4 in CLOSED state
	at org.apache.hadoop.ozone.container.common.impl.HddsDispatcher.validateContainerCommand(HddsDispatcher.java:581)
	at org.apache.hadoop.ozone.container.common.transport.server.ratis.ContainerStateMachine.startTransaction(ContainerStateMachine.java:488)
	at org.apache.ratis.server.impl.RaftServerImpl.writeAsyncImpl(RaftServerImpl.java:987)
	at org.apache.ratis.server.impl.RaftServerImpl.writeAsync(RaftServerImpl.java:960)
	at org.apache.ratis.server.impl.RaftServerImpl.replyFuture(RaftServerImpl.java:953)
	at org.apache.ratis.server.impl.RaftServerImpl.submitClientRequestAsync(RaftServerImpl.java:930)
	at org.apache.ratis.server.impl.RaftServerImpl.lambda$null$11(RaftServerImpl.java:919)
	at org.apache.ratis.util.JavaUtils.callAsUnchecked(JavaUtils.java:118)
	at org.apache.ratis.server.impl.RaftServerImpl.lambda$executeSubmitClientRequestAsync$12(RaftServerImpl.java:919)
	at java.base/java.util.concurrent.CompletableFuture$AsyncSupply.run(CompletableFuture.java:1768)
	at java.base/java.util.concurrent.ThreadPoolExecutor.runWorker(ThreadPoolExecutor.java:1144)
	at java.base/java.util.concurrent.ThreadPoolExecutor$Worker.run(ThreadPoolExecutor.java:642)
	at java.base/java.lang.Thread.run(Thread.java:1583)
2025-10-10 10:39:03,472 [grpc-default-executor-3] ERROR impl.OrderedAsync (OrderedAsync.java:lambda$send$4(181)) - Failed to send request, message=cmdType: PutBlock traceID: "" containerID: 4 datanodeUuid: "36185c6b-22ce-45d1-a622-3a6b487a5a53" putBlock { blockData { blockID { containerID: 4 localID: 115816896921600004 blockCommitSequenceId: 0 } metadata { key: "TYPE" value: "KEY" } chunks { chunkName: "115816896921600004_chunk_1" offset: 0 len: 1048576 } chunks { chunkName: "115816896921600004_chunk_2" offset: 1048576 len: 1048576 } } eof: false } version: 3, data.size=0
java.util.concurrent.CompletionException: org.apache.ratis.protocol.exceptions.StateMachineException: org.apache.hadoop.hdds.scm.container.common.helpers.ContainerNotOpenException from Server 36185c6b-22ce-45d1-a622-3a6b487a5a53@group-6EF60CB14872: Container 4 in CLOSED state
	at org.apache.ratis.client.impl.RaftClientImpl.handleRaftException(RaftClientImpl.java:373)
	at org.apache.ratis.client.impl.OrderedAsync.lambda$send$3(OrderedAsync.java:175)
	at java.base/java.util.concurrent.CompletableFuture$UniApply.tryFire(CompletableFuture.java:646)
	at java.base/java.util.concurrent.CompletableFuture.postComplete(CompletableFuture.java:510)
	at java.base/java.util.concurrent.CompletableFuture.complete(CompletableFuture.java:2179)
	at org.apache.ratis.client.impl.OrderedAsync$PendingOrderedRequest.setReply(OrderedAsync.java:105)
	at org.apache.ratis.client.impl.OrderedAsync$PendingOrderedRequest.setReply(OrderedAsync.java:66)
	at org.apache.ratis.util.SlidingWindow$RequestMap.setReply(SlidingWindow.java:147)
	at org.apache.ratis.util.SlidingWindow$Client.receiveReply(SlidingWindow.java:351)
	at org.apache.ratis.client.impl.OrderedAsync.lambda$sendRequestWithRetry$5(OrderedAsync.java:210)
	at java.base/java.util.concurrent.CompletableFuture$UniAccept.tryFire(CompletableFuture.java:718)
	at java.base/java.util.concurrent.CompletableFuture.postComplete(CompletableFuture.java:510)
	at java.base/java.util.concurrent.CompletableFuture.complete(CompletableFuture.java:2179)
	at org.apache.ratis.grpc.client.GrpcClientProtocolClient$AsyncStreamObservers$1.lambda$onNext$0(GrpcClientProtocolClient.java:325)
	at java.base/java.util.Optional.ifPresent(Optional.java:178)
	at org.apache.ratis.grpc.client.GrpcClientProtocolClient$AsyncStreamObservers.handleReplyFuture(GrpcClientProtocolClient.java:381)
	at org.apache.ratis.grpc.client.GrpcClientProtocolClient$AsyncStreamObservers.access$100(GrpcClientProtocolClient.java:303)
	at org.apache.ratis.grpc.client.GrpcClientProtocolClient$AsyncStreamObservers$1.onNext(GrpcClientProtocolClient.java:325)
	at org.apache.ratis.grpc.client.GrpcClientProtocolClient$AsyncStreamObservers$1.onNext(GrpcClientProtocolClient.java:308)
	at org.apache.ratis.thirdparty.io.grpc.stub.ClientCalls$StreamObserverToCallListenerAdapter.onMessage(ClientCalls.java:551)
	at org.apache.ratis.thirdparty.io.grpc.ForwardingClientCallListener.onMessage(ForwardingClientCallListener.java:33)
	at org.apache.ratis.thirdparty.io.grpc.internal.ClientCallImpl$ClientStreamListenerImpl$1MessagesAvailable.runInternal(ClientCallImpl.java:661)
	at org.apache.ratis.thirdparty.io.grpc.internal.ClientCallImpl$ClientStreamListenerImpl$1MessagesAvailable.runInContext(ClientCallImpl.java:648)
	at org.apache.ratis.thirdparty.io.grpc.internal.ContextRunnable.run(ContextRunnable.java:37)
	at org.apache.ratis.thirdparty.io.grpc.internal.SerializingExecutor.run(SerializingExecutor.java:133)
	at java.base/java.util.concurrent.ThreadPoolExecutor.runWorker(ThreadPoolExecutor.java:1144)
	at java.base/java.util.concurrent.ThreadPoolExecutor$Worker.run(ThreadPoolExecutor.java:642)
	at java.base/java.lang.Thread.run(Thread.java:1583)
Caused by: org.apache.ratis.protocol.exceptions.StateMachineException: org.apache.hadoop.hdds.scm.container.common.helpers.ContainerNotOpenException from Server 36185c6b-22ce-45d1-a622-3a6b487a5a53@group-6EF60CB14872: Container 4 in CLOSED state
	at org.apache.hadoop.ozone.container.common.impl.HddsDispatcher.validateContainerCommand(HddsDispatcher.java:581)
	at org.apache.hadoop.ozone.container.common.transport.server.ratis.ContainerStateMachine.startTransaction(ContainerStateMachine.java:488)
	at org.apache.ratis.server.impl.RaftServerImpl.writeAsyncImpl(RaftServerImpl.java:987)
	at org.apache.ratis.server.impl.RaftServerImpl.writeAsync(RaftServerImpl.java:960)
	at org.apache.ratis.server.impl.RaftServerImpl.replyFuture(RaftServerImpl.java:953)
	at org.apache.ratis.server.impl.RaftServerImpl.submitClientRequestAsync(RaftServerImpl.java:930)
	at org.apache.ratis.server.impl.RaftServerImpl.lambda$null$11(RaftServerImpl.java:919)
	at org.apache.ratis.util.JavaUtils.callAsUnchecked(JavaUtils.java:118)
	at org.apache.ratis.server.impl.RaftServerImpl.lambda$executeSubmitClientRequestAsync$12(RaftServerImpl.java:919)
	at java.base/java.util.concurrent.CompletableFuture$AsyncSupply.run(CompletableFuture.java:1768)
	... 3 more
Caused by: org.apache.hadoop.hdds.scm.container.common.helpers.ContainerNotOpenException: Container 4 in CLOSED state
	at java.base/jdk.internal.reflect.DirectConstructorHandleAccessor.newInstance(DirectConstructorHandleAccessor.java:62)
	at java.base/java.lang.reflect.Constructor.newInstanceWithCaller(Constructor.java:502)
	at java.base/java.lang.reflect.Constructor.newInstance(Constructor.java:486)
	at org.apache.ratis.util.ReflectionUtils.instantiateException(ReflectionUtils.java:265)
	at org.apache.ratis.client.impl.ClientProtoUtils.toStateMachineException(ClientProtoUtils.java:455)
	at org.apache.ratis.client.impl.ClientProtoUtils.toStateMachineException(ClientProtoUtils.java:441)
	at org.apache.ratis.client.impl.ClientProtoUtils.toRaftClientReply(ClientProtoUtils.java:408)
	at org.apache.ratis.grpc.client.GrpcClientProtocolClient$AsyncStreamObservers$1.onNext(GrpcClientProtocolClient.java:313)
	at org.apache.ratis.grpc.client.GrpcClientProtocolClient$AsyncStreamObservers$1.onNext(GrpcClientProtocolClient.java:308)
	at org.apache.ratis.thirdparty.io.grpc.stub.ClientCalls$StreamObserverToCallListenerAdapter.onMessage(ClientCalls.java:551)
	at org.apache.ratis.thirdparty.io.grpc.ForwardingClientCallListener.onMessage(ForwardingClientCallListener.java:33)
	at org.apache.ratis.thirdparty.io.grpc.internal.ClientCallImpl$ClientStreamListenerImpl$1MessagesAvailable.runInternal(ClientCallImpl.java:661)
	at org.apache.ratis.thirdparty.io.grpc.internal.ClientCallImpl$ClientStreamListenerImpl$1MessagesAvailable.runInContext(ClientCallImpl.java:648)
	at org.apache.ratis.thirdparty.io.grpc.internal.ContextRunnable.run(ContextRunnable.java:37)
	at org.apache.ratis.thirdparty.io.grpc.internal.SerializingExecutor.run(SerializingExecutor.java:133)
	... 3 more
2025-10-10 10:39:03,517 [ForkJoinPool-1-worker-1] INFO  io.BlockOutputStreamEntry (BlockOutputStreamEntry.java:writeOnRetry(192)) - BlockOutputStreamEntry:8b0587d5-1b1e-4aa9-8a78-c537804afa86 conID: 5 locID: 115816896921600005 bcsId: 0 replicaIndex: null: Finish retrying with len 1048576, currentPosition 1048576
2025-10-10 10:39:03,517 [ForkJoinPool-1-worker-1] INFO  io.BlockOutputStreamEntry (BlockOutputStreamEntry.java:finishRetryHandling(141)) - BlockOutputStreamEntry:8b0587d5-1b1e-4aa9-8a78-c537804afa86 conID: 5 locID: 115816896921600005 bcsId: 0 replicaIndex: null: Exiting retry handling mode
]]></system-out>
  </testcase>
  <testcase name="testWriteSmallFile" classname="org.apache.hadoop.ozone.client.rpc.TestFailureHandlingByClient" time="39.147">
    <system-out><![CDATA[2025-10-10 10:39:03,643 [ForkJoinPool-1-worker-1] INFO  ozoneimpl.OzoneContainer (OzoneContainer.java:stop(549)) - Attempting to stop container services.
2025-10-10 10:39:03,644 [ContainerMetadataScanner] WARN  ozoneimpl.AbstractBackgroundContainerScanner (AbstractBackgroundContainerScanner.java:handleRemainingSleep(136)) - Background container scan was interrupted.
2025-10-10 10:39:03,644 [ContainerMetadataScanner] INFO  ozoneimpl.AbstractBackgroundContainerScanner (AbstractBackgroundContainerScanner.java:run(63)) - org.apache.hadoop.ozone.container.ozoneimpl.BackgroundContainerMetadataScanner@2ea2e4b exiting.
2025-10-10 10:39:03,644 [ForkJoinPool-1-worker-1] INFO  ozoneimpl.BackgroundContainerDataScanner (BackgroundContainerDataScanner.java:shutdown(87)) - ContainerDataScanner(/home/runner/work/ozone/ozone/hadoop-ozone/integration-test/target/test-dir/MiniOzoneClusterImpl-611c99c7-d47b-4433-a4ef-cd0a35b076ef/ozone-metadata/datanode-8/data-0/hdds) is shutting down. 
2025-10-10 10:39:03,645 [ContainerDataScanner(/home/runner/work/ozone/ozone/hadoop-ozone/integration-test/target/test-dir/MiniOzoneClusterImpl-611c99c7-d47b-4433-a4ef-cd0a35b076ef/ozone-metadata/datanode-8/data-0/hdds)] WARN  ozoneimpl.AbstractBackgroundContainerScanner (AbstractBackgroundContainerScanner.java:handleRemainingSleep(136)) - Background container scan was interrupted.
2025-10-10 10:39:03,645 [ContainerDataScanner(/home/runner/work/ozone/ozone/hadoop-ozone/integration-test/target/test-dir/MiniOzoneClusterImpl-611c99c7-d47b-4433-a4ef-cd0a35b076ef/ozone-metadata/datanode-8/data-0/hdds)] INFO  ozoneimpl.AbstractBackgroundContainerScanner (AbstractBackgroundContainerScanner.java:run(63)) - ContainerDataScanner(/home/runner/work/ozone/ozone/hadoop-ozone/integration-test/target/test-dir/MiniOzoneClusterImpl-611c99c7-d47b-4433-a4ef-cd0a35b076ef/ozone-metadata/datanode-8/data-0/hdds, DS-5cd8dead-8911-46d6-a0b8-6438206482ea) exiting.
2025-10-10 10:39:03,645 [ForkJoinPool-1-worker-1] INFO  ozoneimpl.OnDemandContainerScanner (OnDemandContainerScanner.java:shutdown(141)) - On-demand container scanner is shutting down.
2025-10-10 10:39:03,645 [ForkJoinPool-1-worker-1] INFO  ratis.XceiverServerRatis (XceiverServerRatis.java:stop(594)) - Closing XceiverServerRatis(36185c6b-22ce-45d1-a622-3a6b487a5a53)
2025-10-10 10:39:03,645 [ForkJoinPool-1-worker-1] INFO  server.RaftServer (RaftServerProxy.java:lambda$close$9(422)) - 36185c6b-22ce-45d1-a622-3a6b487a5a53: close
2025-10-10 10:39:03,646 [36185c6b-22ce-45d1-a622-3a6b487a5a53-impl-thread2] INFO  server.RaftServer$Division (RaftServerImpl.java:lambda$close$1(527)) - 36185c6b-22ce-45d1-a622-3a6b487a5a53@group-813C05265458: shutdown
2025-10-10 10:39:03,646 [ForkJoinPool-1-worker-1] INFO  server.GrpcServicesImpl (GrpcServicesImpl.java:closeImpl(355)) - 36185c6b-22ce-45d1-a622-3a6b487a5a53: shutdown server org.apache.ratis.grpc.server.GrpcClientProtocolService now
2025-10-10 10:39:03,646 [36185c6b-22ce-45d1-a622-3a6b487a5a53-impl-thread4] INFO  server.RaftServer$Division (RaftServerImpl.java:lambda$close$1(527)) - 36185c6b-22ce-45d1-a622-3a6b487a5a53@group-386B2F16DF49: shutdown
2025-10-10 10:39:03,647 [36185c6b-22ce-45d1-a622-3a6b487a5a53-impl-thread4] INFO  util.JmxRegister (JmxRegister.java:unregister(74)) - Successfully un-registered JMX Bean with object name Ratis:service=RaftServer,group=group-386B2F16DF49,id=36185c6b-22ce-45d1-a622-3a6b487a5a53
2025-10-10 10:39:03,646 [36185c6b-22ce-45d1-a622-3a6b487a5a53-impl-thread3] INFO  server.RaftServer$Division (RaftServerImpl.java:lambda$close$1(527)) - 36185c6b-22ce-45d1-a622-3a6b487a5a53@group-6EF60CB14872: shutdown
2025-10-10 10:39:03,647 [36185c6b-22ce-45d1-a622-3a6b487a5a53-impl-thread3] INFO  util.JmxRegister (JmxRegister.java:unregister(74)) - Successfully un-registered JMX Bean with object name Ratis:service=RaftServer,group=group-6EF60CB14872,id=36185c6b-22ce-45d1-a622-3a6b487a5a53
2025-10-10 10:39:03,647 [36185c6b-22ce-45d1-a622-3a6b487a5a53-impl-thread3] INFO  impl.RoleInfo (RoleInfo.java:shutdownLeaderState(103)) - 36185c6b-22ce-45d1-a622-3a6b487a5a53: shutdown 36185c6b-22ce-45d1-a622-3a6b487a5a53@group-6EF60CB14872-LeaderStateImpl
2025-10-10 10:39:03,647 [36185c6b-22ce-45d1-a622-3a6b487a5a53-impl-thread3] INFO  impl.PendingRequests (PendingRequests.java:sendNotLeaderResponses(287)) - 36185c6b-22ce-45d1-a622-3a6b487a5a53@group-6EF60CB14872-PendingRequests: sendNotLeaderResponses
2025-10-10 10:39:03,647 [36185c6b-22ce-45d1-a622-3a6b487a5a53-impl-thread4] INFO  impl.RoleInfo (RoleInfo.java:shutdownLeaderState(103)) - 36185c6b-22ce-45d1-a622-3a6b487a5a53: shutdown 36185c6b-22ce-45d1-a622-3a6b487a5a53@group-386B2F16DF49-LeaderStateImpl
2025-10-10 10:39:03,647 [36185c6b-22ce-45d1-a622-3a6b487a5a53-impl-thread4] INFO  impl.PendingRequests (PendingRequests.java:sendNotLeaderResponses(287)) - 36185c6b-22ce-45d1-a622-3a6b487a5a53@group-386B2F16DF49-PendingRequests: sendNotLeaderResponses
2025-10-10 10:39:03,647 [36185c6b-22ce-45d1-a622-3a6b487a5a53@group-6EF60CB14872->895d447a-5476-42e4-b2fa-6eb687701d46-GrpcLogAppender-LogAppenderDaemon] WARN  server.GrpcLogAppender (GrpcLogAppender.java:mayWait(300)) - 36185c6b-22ce-45d1-a622-3a6b487a5a53@group-6EF60CB14872->895d447a-5476-42e4-b2fa-6eb687701d46-GrpcLogAppender: Wait interrupted by java.lang.InterruptedException
2025-10-10 10:39:03,648 [grpc-default-executor-6] INFO  server.GrpcServerProtocolService (GrpcServerProtocolService.java:lambda$onCompleted$6(171)) - 895d447a-5476-42e4-b2fa-6eb687701d46: Completed APPEND_ENTRIES, lastRequest: null 
2025-10-10 10:39:03,646 [36185c6b-22ce-45d1-a622-3a6b487a5a53-impl-thread2] INFO  util.JmxRegister (JmxRegister.java:unregister(74)) - Successfully un-registered JMX Bean with object name Ratis:service=RaftServer,group=group-813C05265458,id=36185c6b-22ce-45d1-a622-3a6b487a5a53
2025-10-10 10:39:03,648 [36185c6b-22ce-45d1-a622-3a6b487a5a53-impl-thread2] INFO  impl.RoleInfo (RoleInfo.java:shutdownFollowerState(121)) - 36185c6b-22ce-45d1-a622-3a6b487a5a53: shutdown 36185c6b-22ce-45d1-a622-3a6b487a5a53@group-813C05265458-FollowerState
2025-10-10 10:39:03,648 [36185c6b-22ce-45d1-a622-3a6b487a5a53-impl-thread2] INFO  impl.StateMachineUpdater (StateMachineUpdater.java:stopAndJoin(163)) - 36185c6b-22ce-45d1-a622-3a6b487a5a53@group-813C05265458-StateMachineUpdater: set stopIndex = 0
2025-10-10 10:39:03,648 [grpc-default-executor-6] INFO  server.GrpcServerProtocolService (GrpcServerProtocolService.java:lambda$null$7(175)) - 895d447a-5476-42e4-b2fa-6eb687701d46: Completed APPEND_ENTRIES, lastReply: serverReply {
  requestorId: "36185c6b-22ce-45d1-a622-3a6b487a5a53"
  replyId: "895d447a-5476-42e4-b2fa-6eb687701d46"
  raftGroupId {
    id: "V\366\357C\305\fM5\211\265n\366\f\261Hr"
  }
  callId: 168
  success: true
}
term: 1
nextIndex: 7
followerCommit: 6
matchIndex: 18446744073709551615
isHearbeat: true
 
2025-10-10 10:39:03,647 [36185c6b-22ce-45d1-a622-3a6b487a5a53@group-6EF60CB14872->aa9634f0-8836-44d6-bc05-5b19fbdd93d5-GrpcLogAppender-LogAppenderDaemon] WARN  server.GrpcLogAppender (GrpcLogAppender.java:mayWait(300)) - 36185c6b-22ce-45d1-a622-3a6b487a5a53@group-6EF60CB14872->aa9634f0-8836-44d6-bc05-5b19fbdd93d5-GrpcLogAppender: Wait interrupted by java.lang.InterruptedException
2025-10-10 10:39:03,649 [grpc-default-executor-3] INFO  server.GrpcServerProtocolService (GrpcServerProtocolService.java:lambda$onCompleted$6(171)) - aa9634f0-8836-44d6-bc05-5b19fbdd93d5: Completed APPEND_ENTRIES, lastRequest: 36185c6b-22ce-45d1-a622-3a6b487a5a53->aa9634f0-8836-44d6-bc05-5b19fbdd93d5#162-t1,previous=(t:1, i:5),leaderCommit=5,initializing? false,entries: size=1, first=(t:1, i:6), METADATAENTRY(c:5) 
2025-10-10 10:39:03,649 [grpc-default-executor-3] INFO  server.GrpcServerProtocolService (GrpcServerProtocolService.java:lambda$null$7(175)) - aa9634f0-8836-44d6-bc05-5b19fbdd93d5: Completed APPEND_ENTRIES, lastReply: null 
2025-10-10 10:39:03,650 [36185c6b-22ce-45d1-a622-3a6b487a5a53@group-813C05265458-FollowerState] INFO  impl.FollowerState (FollowerState.java:runImpl(170)) - 36185c6b-22ce-45d1-a622-3a6b487a5a53@group-813C05265458-FollowerState was interrupted
2025-10-10 10:39:03,650 [36185c6b-22ce-45d1-a622-3a6b487a5a53@group-813C05265458-StateMachineUpdater] INFO  ratis.ContainerStateMachine (ContainerStateMachine.java:takeSnapshot(427)) - group-813C05265458: Taking a snapshot at:(t:1, i:0) file /home/runner/work/ozone/ozone/hadoop-ozone/integration-test/target/test-dir/MiniOzoneClusterImpl-611c99c7-d47b-4433-a4ef-cd0a35b076ef/ozone-metadata/datanode-8/ratis/e51e4850-930a-48f3-bb77-813c05265458/sm/snapshot.1_0
2025-10-10 10:39:03,651 [Thread-1751] INFO  server.GrpcServerProtocolClient (GrpcServerProtocolClient.java:close(105)) - aa9634f0-8836-44d6-bc05-5b19fbdd93d5 Close channels
2025-10-10 10:39:03,651 [36185c6b-22ce-45d1-a622-3a6b487a5a53-impl-thread4] INFO  impl.StateMachineUpdater (StateMachineUpdater.java:stopAndJoin(163)) - 36185c6b-22ce-45d1-a622-3a6b487a5a53@group-386B2F16DF49-StateMachineUpdater: set stopIndex = 0
2025-10-10 10:39:03,652 [36185c6b-22ce-45d1-a622-3a6b487a5a53-impl-thread3] INFO  impl.StateMachineUpdater (StateMachineUpdater.java:stopAndJoin(163)) - 36185c6b-22ce-45d1-a622-3a6b487a5a53@group-6EF60CB14872-StateMachineUpdater: set stopIndex = 6
2025-10-10 10:39:03,652 [36185c6b-22ce-45d1-a622-3a6b487a5a53@group-813C05265458-StateMachineUpdater] INFO  ratis.ContainerStateMachine (ContainerStateMachine.java:takeSnapshot(436)) - group-813C05265458: Finished taking a snapshot at:(t:1, i:0) file:/home/runner/work/ozone/ozone/hadoop-ozone/integration-test/target/test-dir/MiniOzoneClusterImpl-611c99c7-d47b-4433-a4ef-cd0a35b076ef/ozone-metadata/datanode-8/ratis/e51e4850-930a-48f3-bb77-813c05265458/sm/snapshot.1_0 took: 2 ms
2025-10-10 10:39:03,652 [36185c6b-22ce-45d1-a622-3a6b487a5a53@group-813C05265458-StateMachineUpdater] INFO  impl.StateMachineUpdater (StateMachineUpdater.java:takeSnapshot(307)) - 36185c6b-22ce-45d1-a622-3a6b487a5a53@group-813C05265458-StateMachineUpdater: Took a snapshot at index 0
2025-10-10 10:39:03,652 [36185c6b-22ce-45d1-a622-3a6b487a5a53@group-813C05265458-StateMachineUpdater] INFO  impl.StateMachineUpdater (StateMachineUpdater.java:lambda$new$0(101)) - 36185c6b-22ce-45d1-a622-3a6b487a5a53@group-813C05265458-StateMachineUpdater: snapshotIndex: updateIncreasingly -1 -> 0
2025-10-10 10:39:03,652 [36185c6b-22ce-45d1-a622-3a6b487a5a53@group-813C05265458-StateMachineUpdater] INFO  impl.StateMachineUpdater (StateMachineUpdater.java:stop(140)) - 36185c6b-22ce-45d1-a622-3a6b487a5a53@group-813C05265458-StateMachineUpdater: closing ContainerStateMachine, lastApplied=(t:1, i:0)
2025-10-10 10:39:03,653 [grpc-default-executor-1] INFO  server.GrpcLogAppender (GrpcLogAppender.java:onCompleted(558)) - 36185c6b-22ce-45d1-a622-3a6b487a5a53@group-6EF60CB14872->aa9634f0-8836-44d6-bc05-5b19fbdd93d5-AppendLogResponseHandler: follower responses appendEntries COMPLETED
2025-10-10 10:39:03,653 [grpc-default-executor-1] WARN  server.GrpcLogAppender (GrpcLogAppender.java:resetClient(237)) - 36185c6b-22ce-45d1-a622-3a6b487a5a53@group-6EF60CB14872->aa9634f0-8836-44d6-bc05-5b19fbdd93d5-GrpcLogAppender: Failed to getClient for aa9634f0-8836-44d6-bc05-5b19fbdd93d5
org.apache.ratis.protocol.exceptions.AlreadyClosedException: 36185c6b-22ce-45d1-a622-3a6b487a5a53 is already CLOSED
	at org.apache.ratis.util.PeerProxyMap$PeerAndProxy.getProxy(PeerProxyMap.java:67)
	at org.apache.ratis.util.PeerProxyMap.getProxy(PeerProxyMap.java:124)
	at org.apache.ratis.grpc.server.GrpcLogAppender.getClient(GrpcLogAppender.java:207)
	at org.apache.ratis.grpc.server.GrpcLogAppender.resetClient(GrpcLogAppender.java:212)
	at org.apache.ratis.grpc.server.GrpcLogAppender.access$800(GrpcLogAppender.java:70)
	at org.apache.ratis.grpc.server.GrpcLogAppender$AppendLogResponseHandler.onCompleted(GrpcLogAppender.java:559)
	at org.apache.ratis.thirdparty.io.grpc.stub.ClientCalls$StreamObserverToCallListenerAdapter.onClose(ClientCalls.java:562)
	at org.apache.ratis.thirdparty.io.grpc.internal.ClientCallImpl.closeObserver(ClientCallImpl.java:565)
	at org.apache.ratis.thirdparty.io.grpc.internal.ClientCallImpl.access$100(ClientCallImpl.java:72)
	at org.apache.ratis.thirdparty.io.grpc.internal.ClientCallImpl$ClientStreamListenerImpl$1StreamClosed.runInternal(ClientCallImpl.java:733)
	at org.apache.ratis.thirdparty.io.grpc.internal.ClientCallImpl$ClientStreamListenerImpl$1StreamClosed.runInContext(ClientCallImpl.java:714)
	at org.apache.ratis.thirdparty.io.grpc.internal.ContextRunnable.run(ContextRunnable.java:37)
	at org.apache.ratis.thirdparty.io.grpc.internal.SerializingExecutor.run(SerializingExecutor.java:133)
	at java.base/java.util.concurrent.ThreadPoolExecutor.runWorker(ThreadPoolExecutor.java:1144)
	at java.base/java.util.concurrent.ThreadPoolExecutor$Worker.run(ThreadPoolExecutor.java:642)
	at java.base/java.lang.Thread.run(Thread.java:1583)
2025-10-10 10:39:03,653 [36185c6b-22ce-45d1-a622-3a6b487a5a53@group-813C05265458-cacheEviction-AwaitToRun] INFO  util.AwaitToRun (AwaitToRun.java:run(49)) - 36185c6b-22ce-45d1-a622-3a6b487a5a53@group-813C05265458-cacheEviction-AwaitToRun-AwaitForSignal is interrupted
2025-10-10 10:39:03,654 [grpc-default-executor-3] INFO  server.GrpcLogAppender (GrpcLogAppender.java:onCompleted(558)) - 36185c6b-22ce-45d1-a622-3a6b487a5a53@group-6EF60CB14872->895d447a-5476-42e4-b2fa-6eb687701d46-AppendLogResponseHandler: follower responses appendEntries COMPLETED
2025-10-10 10:39:03,653 [36185c6b-22ce-45d1-a622-3a6b487a5a53@group-6EF60CB14872-StateMachineUpdater] INFO  ratis.ContainerStateMachine (ContainerStateMachine.java:takeSnapshot(427)) - group-6EF60CB14872: Taking a snapshot at:(t:1, i:6) file /home/runner/work/ozone/ozone/hadoop-ozone/integration-test/target/test-dir/MiniOzoneClusterImpl-611c99c7-d47b-4433-a4ef-cd0a35b076ef/ozone-metadata/datanode-8/ratis/56f6ef43-c50c-4d35-89b5-6ef60cb14872/sm/snapshot.1_6
2025-10-10 10:39:03,653 [Thread-1753] INFO  server.GrpcServerProtocolClient (GrpcServerProtocolClient.java:close(105)) - 895d447a-5476-42e4-b2fa-6eb687701d46 Close channels
2025-10-10 10:39:03,653 [36185c6b-22ce-45d1-a622-3a6b487a5a53@group-386B2F16DF49-StateMachineUpdater] INFO  ratis.ContainerStateMachine (ContainerStateMachine.java:takeSnapshot(427)) - group-386B2F16DF49: Taking a snapshot at:(t:1, i:0) file /home/runner/work/ozone/ozone/hadoop-ozone/integration-test/target/test-dir/MiniOzoneClusterImpl-611c99c7-d47b-4433-a4ef-cd0a35b076ef/ozone-metadata/datanode-8/ratis/db5b5c2b-f866-4aec-a921-386b2f16df49/sm/snapshot.1_0
2025-10-10 10:39:03,655 [36185c6b-22ce-45d1-a622-3a6b487a5a53@group-6EF60CB14872-StateMachineUpdater] INFO  ratis.ContainerStateMachine (ContainerStateMachine.java:takeSnapshot(436)) - group-6EF60CB14872: Finished taking a snapshot at:(t:1, i:6) file:/home/runner/work/ozone/ozone/hadoop-ozone/integration-test/target/test-dir/MiniOzoneClusterImpl-611c99c7-d47b-4433-a4ef-cd0a35b076ef/ozone-metadata/datanode-8/ratis/56f6ef43-c50c-4d35-89b5-6ef60cb14872/sm/snapshot.1_6 took: 2 ms
2025-10-10 10:39:03,655 [grpc-default-executor-8] INFO  server.GrpcLogAppender (GrpcLogAppender.java:onCompleted(558)) - 36185c6b-22ce-45d1-a622-3a6b487a5a53@group-6EF60CB14872->895d447a-5476-42e4-b2fa-6eb687701d46-AppendLogResponseHandler: follower responses appendEntries COMPLETED
2025-10-10 10:39:03,655 [36185c6b-22ce-45d1-a622-3a6b487a5a53@group-6EF60CB14872-StateMachineUpdater] INFO  impl.StateMachineUpdater (StateMachineUpdater.java:takeSnapshot(307)) - 36185c6b-22ce-45d1-a622-3a6b487a5a53@group-6EF60CB14872-StateMachineUpdater: Took a snapshot at index 6
2025-10-10 10:39:03,655 [36185c6b-22ce-45d1-a622-3a6b487a5a53@group-6EF60CB14872-StateMachineUpdater] INFO  impl.StateMachineUpdater (StateMachineUpdater.java:lambda$new$0(101)) - 36185c6b-22ce-45d1-a622-3a6b487a5a53@group-6EF60CB14872-StateMachineUpdater: snapshotIndex: updateIncreasingly -1 -> 6
2025-10-10 10:39:03,655 [36185c6b-22ce-45d1-a622-3a6b487a5a53@group-6EF60CB14872-StateMachineUpdater] INFO  impl.StateMachineUpdater (StateMachineUpdater.java:stop(140)) - 36185c6b-22ce-45d1-a622-3a6b487a5a53@group-6EF60CB14872-StateMachineUpdater: closing ContainerStateMachine, lastApplied=(t:1, i:6)
2025-10-10 10:39:03,655 [36185c6b-22ce-45d1-a622-3a6b487a5a53@group-386B2F16DF49-StateMachineUpdater] INFO  ratis.ContainerStateMachine (ContainerStateMachine.java:takeSnapshot(436)) - group-386B2F16DF49: Finished taking a snapshot at:(t:1, i:0) file:/home/runner/work/ozone/ozone/hadoop-ozone/integration-test/target/test-dir/MiniOzoneClusterImpl-611c99c7-d47b-4433-a4ef-cd0a35b076ef/ozone-metadata/datanode-8/ratis/db5b5c2b-f866-4aec-a921-386b2f16df49/sm/snapshot.1_0 took: 2 ms
2025-10-10 10:39:03,656 [36185c6b-22ce-45d1-a622-3a6b487a5a53@group-386B2F16DF49-StateMachineUpdater] INFO  impl.StateMachineUpdater (StateMachineUpdater.java:takeSnapshot(307)) - 36185c6b-22ce-45d1-a622-3a6b487a5a53@group-386B2F16DF49-StateMachineUpdater: Took a snapshot at index 0
2025-10-10 10:39:03,656 [36185c6b-22ce-45d1-a622-3a6b487a5a53@group-386B2F16DF49-StateMachineUpdater] INFO  impl.StateMachineUpdater (StateMachineUpdater.java:lambda$new$0(101)) - 36185c6b-22ce-45d1-a622-3a6b487a5a53@group-386B2F16DF49-StateMachineUpdater: snapshotIndex: updateIncreasingly -1 -> 0
2025-10-10 10:39:03,656 [36185c6b-22ce-45d1-a622-3a6b487a5a53@group-386B2F16DF49-StateMachineUpdater] INFO  impl.StateMachineUpdater (StateMachineUpdater.java:stop(140)) - 36185c6b-22ce-45d1-a622-3a6b487a5a53@group-386B2F16DF49-StateMachineUpdater: closing ContainerStateMachine, lastApplied=(t:1, i:0)
2025-10-10 10:39:03,654 [grpc-default-executor-3] WARN  server.GrpcLogAppender (GrpcLogAppender.java:resetClient(237)) - 36185c6b-22ce-45d1-a622-3a6b487a5a53@group-6EF60CB14872->895d447a-5476-42e4-b2fa-6eb687701d46-GrpcLogAppender: Failed to getClient for 895d447a-5476-42e4-b2fa-6eb687701d46
org.apache.ratis.protocol.exceptions.AlreadyClosedException: 36185c6b-22ce-45d1-a622-3a6b487a5a53 is already CLOSED
	at org.apache.ratis.util.PeerProxyMap$PeerAndProxy.getProxy(PeerProxyMap.java:67)
	at org.apache.ratis.util.PeerProxyMap.getProxy(PeerProxyMap.java:124)
	at org.apache.ratis.grpc.server.GrpcLogAppender.getClient(GrpcLogAppender.java:207)
	at org.apache.ratis.grpc.server.GrpcLogAppender.resetClient(GrpcLogAppender.java:212)
	at org.apache.ratis.grpc.server.GrpcLogAppender.access$800(GrpcLogAppender.java:70)
	at org.apache.ratis.grpc.server.GrpcLogAppender$AppendLogResponseHandler.onCompleted(GrpcLogAppender.java:559)
	at org.apache.ratis.thirdparty.io.grpc.stub.ClientCalls$StreamObserverToCallListenerAdapter.onClose(ClientCalls.java:562)
	at org.apache.ratis.thirdparty.io.grpc.internal.DelayedClientCall$DelayedListener$3.run(DelayedClientCall.java:489)
	at org.apache.ratis.thirdparty.io.grpc.internal.DelayedClientCall$DelayedListener.delayOrExecute(DelayedClientCall.java:453)
	at org.apache.ratis.thirdparty.io.grpc.internal.DelayedClientCall$DelayedListener.onClose(DelayedClientCall.java:486)
	at org.apache.ratis.thirdparty.io.grpc.internal.ClientCallImpl.closeObserver(ClientCallImpl.java:565)
	at org.apache.ratis.thirdparty.io.grpc.internal.ClientCallImpl.access$100(ClientCallImpl.java:72)
	at org.apache.ratis.thirdparty.io.grpc.internal.ClientCallImpl$ClientStreamListenerImpl$1StreamClosed.runInternal(ClientCallImpl.java:733)
	at org.apache.ratis.thirdparty.io.grpc.internal.ClientCallImpl$ClientStreamListenerImpl$1StreamClosed.runInContext(ClientCallImpl.java:714)
	at org.apache.ratis.thirdparty.io.grpc.internal.ContextRunnable.run(ContextRunnable.java:37)
	at org.apache.ratis.thirdparty.io.grpc.internal.SerializingExecutor.run(SerializingExecutor.java:133)
	at java.base/java.util.concurrent.ThreadPoolExecutor.runWorker(ThreadPoolExecutor.java:1144)
	at java.base/java.util.concurrent.ThreadPoolExecutor$Worker.run(ThreadPoolExecutor.java:642)
	at java.base/java.lang.Thread.run(Thread.java:1583)
2025-10-10 10:39:03,656 [36185c6b-22ce-45d1-a622-3a6b487a5a53@group-386B2F16DF49-cacheEviction-AwaitToRun] INFO  util.AwaitToRun (AwaitToRun.java:run(49)) - 36185c6b-22ce-45d1-a622-3a6b487a5a53@group-386B2F16DF49-cacheEviction-AwaitToRun-AwaitForSignal is interrupted
2025-10-10 10:39:03,655 [grpc-default-executor-4] INFO  server.GrpcLogAppender (GrpcLogAppender.java:onCompleted(558)) - 36185c6b-22ce-45d1-a622-3a6b487a5a53@group-6EF60CB14872->aa9634f0-8836-44d6-bc05-5b19fbdd93d5-AppendLogResponseHandler: follower responses appendEntries COMPLETED
2025-10-10 10:39:03,657 [grpc-default-executor-4] WARN  server.GrpcLogAppender (GrpcLogAppender.java:resetClient(237)) - 36185c6b-22ce-45d1-a622-3a6b487a5a53@group-6EF60CB14872->aa9634f0-8836-44d6-bc05-5b19fbdd93d5-GrpcLogAppender: Failed to getClient for aa9634f0-8836-44d6-bc05-5b19fbdd93d5
org.apache.ratis.protocol.exceptions.AlreadyClosedException: 36185c6b-22ce-45d1-a622-3a6b487a5a53 is already CLOSED
	at org.apache.ratis.util.PeerProxyMap$PeerAndProxy.getProxy(PeerProxyMap.java:67)
	at org.apache.ratis.util.PeerProxyMap.getProxy(PeerProxyMap.java:124)
	at org.apache.ratis.grpc.server.GrpcLogAppender.getClient(GrpcLogAppender.java:207)
	at org.apache.ratis.grpc.server.GrpcLogAppender.resetClient(GrpcLogAppender.java:212)
	at org.apache.ratis.grpc.server.GrpcLogAppender.access$800(GrpcLogAppender.java:70)
	at org.apache.ratis.grpc.server.GrpcLogAppender$AppendLogResponseHandler.onCompleted(GrpcLogAppender.java:559)
	at org.apache.ratis.thirdparty.io.grpc.stub.ClientCalls$StreamObserverToCallListenerAdapter.onClose(ClientCalls.java:562)
	at org.apache.ratis.thirdparty.io.grpc.internal.DelayedClientCall$DelayedListener$3.run(DelayedClientCall.java:489)
	at org.apache.ratis.thirdparty.io.grpc.internal.DelayedClientCall$DelayedListener.delayOrExecute(DelayedClientCall.java:453)
	at org.apache.ratis.thirdparty.io.grpc.internal.DelayedClientCall$DelayedListener.onClose(DelayedClientCall.java:486)
	at org.apache.ratis.thirdparty.io.grpc.internal.ClientCallImpl.closeObserver(ClientCallImpl.java:565)
	at org.apache.ratis.thirdparty.io.grpc.internal.ClientCallImpl.access$100(ClientCallImpl.java:72)
	at org.apache.ratis.thirdparty.io.grpc.internal.ClientCallImpl$ClientStreamListenerImpl$1StreamClosed.runInternal(ClientCallImpl.java:733)
	at org.apache.ratis.thirdparty.io.grpc.internal.ClientCallImpl$ClientStreamListenerImpl$1StreamClosed.runInContext(ClientCallImpl.java:714)
	at org.apache.ratis.thirdparty.io.grpc.internal.ContextRunnable.run(ContextRunnable.java:37)
	at org.apache.ratis.thirdparty.io.grpc.internal.SerializingExecutor.run(SerializingExecutor.java:133)
	at java.base/java.util.concurrent.ThreadPoolExecutor.runWorker(ThreadPoolExecutor.java:1144)
	at java.base/java.util.concurrent.ThreadPoolExecutor$Worker.run(ThreadPoolExecutor.java:642)
	at java.base/java.lang.Thread.run(Thread.java:1583)
2025-10-10 10:39:03,657 [36185c6b-22ce-45d1-a622-3a6b487a5a53@group-6EF60CB14872-cacheEviction-AwaitToRun] INFO  util.AwaitToRun (AwaitToRun.java:run(49)) - 36185c6b-22ce-45d1-a622-3a6b487a5a53@group-6EF60CB14872-cacheEviction-AwaitToRun-AwaitForSignal is interrupted
2025-10-10 10:39:03,655 [grpc-default-executor-8] WARN  server.GrpcLogAppender (GrpcLogAppender.java:resetClient(237)) - 36185c6b-22ce-45d1-a622-3a6b487a5a53@group-6EF60CB14872->895d447a-5476-42e4-b2fa-6eb687701d46-GrpcLogAppender: Failed to getClient for 895d447a-5476-42e4-b2fa-6eb687701d46
org.apache.ratis.protocol.exceptions.AlreadyClosedException: 36185c6b-22ce-45d1-a622-3a6b487a5a53 is already CLOSED
	at org.apache.ratis.util.PeerProxyMap$PeerAndProxy.getProxy(PeerProxyMap.java:67)
	at org.apache.ratis.util.PeerProxyMap.getProxy(PeerProxyMap.java:124)
	at org.apache.ratis.grpc.server.GrpcLogAppender.getClient(GrpcLogAppender.java:207)
	at org.apache.ratis.grpc.server.GrpcLogAppender.resetClient(GrpcLogAppender.java:212)
	at org.apache.ratis.grpc.server.GrpcLogAppender.access$800(GrpcLogAppender.java:70)
	at org.apache.ratis.grpc.server.GrpcLogAppender$AppendLogResponseHandler.onCompleted(GrpcLogAppender.java:559)
	at org.apache.ratis.thirdparty.io.grpc.stub.ClientCalls$StreamObserverToCallListenerAdapter.onClose(ClientCalls.java:562)
	at org.apache.ratis.thirdparty.io.grpc.internal.ClientCallImpl.closeObserver(ClientCallImpl.java:565)
	at org.apache.ratis.thirdparty.io.grpc.internal.ClientCallImpl.access$100(ClientCallImpl.java:72)
	at org.apache.ratis.thirdparty.io.grpc.internal.ClientCallImpl$ClientStreamListenerImpl$1StreamClosed.runInternal(ClientCallImpl.java:733)
	at org.apache.ratis.thirdparty.io.grpc.internal.ClientCallImpl$ClientStreamListenerImpl$1StreamClosed.runInContext(ClientCallImpl.java:714)
	at org.apache.ratis.thirdparty.io.grpc.internal.ContextRunnable.run(ContextRunnable.java:37)
	at org.apache.ratis.thirdparty.io.grpc.internal.SerializingExecutor.run(SerializingExecutor.java:133)
	at java.base/java.util.concurrent.ThreadPoolExecutor.runWorker(ThreadPoolExecutor.java:1144)
	at java.base/java.util.concurrent.ThreadPoolExecutor$Worker.run(ThreadPoolExecutor.java:642)
	at java.base/java.lang.Thread.run(Thread.java:1583)
2025-10-10 10:39:03,659 [ForkJoinPool-1-worker-1] INFO  server.GrpcServicesImpl (GrpcServicesImpl.java:closeImpl(364)) - 36185c6b-22ce-45d1-a622-3a6b487a5a53: shutdown server org.apache.ratis.grpc.server.GrpcClientProtocolService successfully
2025-10-10 10:39:03,659 [ForkJoinPool-1-worker-1] INFO  server.GrpcServicesImpl (GrpcServicesImpl.java:closeImpl(355)) - 36185c6b-22ce-45d1-a622-3a6b487a5a53: shutdown server GrpcServerProtocolService now
2025-10-10 10:39:03,660 [grpc-default-executor-1] WARN  server.GrpcServerProtocolService (LogUtils.java:warn(127)) - 36185c6b-22ce-45d1-a622-3a6b487a5a53: APPEND_ENTRIES onError, lastRequest: null: org.apache.ratis.thirdparty.io.grpc.StatusRuntimeException: CANCELLED: client cancelled
2025-10-10 10:39:03,660 [grpc-default-executor-1] WARN  server.GrpcServerProtocolService (LogUtils.java:warn(127)) - 36185c6b-22ce-45d1-a622-3a6b487a5a53: APPEND_ENTRIES onError, lastRequest: aa9634f0-8836-44d6-bc05-5b19fbdd93d5->36185c6b-22ce-45d1-a622-3a6b487a5a53#1-t1,previous=<PROTO_DEFAULT>,leaderCommit=-1,initializing? false,entries: size=1, first=(t:1, i:0), CONFIGURATIONENTRY(current:id:"aa9634f0-8836-44d6-bc05-5b19fbdd93d5"address:"127.0.0.1:15063"priority:1dataStreamAddress:"127.0.0.1:15064"clientAddress:"127.0.0.1:15061"adminAddress:"127.0.0.1:15062"startupRole:FOLLOWER, id:"36185c6b-22ce-45d1-a622-3a6b487a5a53"address:"127.0.0.1:15071"dataStreamAddress:"127.0.0.1:15072"clientAddress:"127.0.0.1:15069"adminAddress:"127.0.0.1:15070"startupRole:FOLLOWER, id:"895d447a-5476-42e4-b2fa-6eb687701d46"address:"127.0.0.1:15079"dataStreamAddress:"127.0.0.1:15080"clientAddress:"127.0.0.1:15077"adminAddress:"127.0.0.1:15078"startupRole:FOLLOWER, old:): org.apache.ratis.thirdparty.io.grpc.StatusRuntimeException: CANCELLED: client cancelled
2025-10-10 10:39:03,660 [grpc-default-executor-8] WARN  server.GrpcLogAppender (LogUtils.java:warn(127)) - aa9634f0-8836-44d6-bc05-5b19fbdd93d5@group-813C05265458->36185c6b-22ce-45d1-a622-3a6b487a5a53-AppendLogResponseHandler: Failed appendEntries: org.apache.ratis.thirdparty.io.grpc.StatusRuntimeException: CANCELLED: RST_STREAM closed stream. HTTP/2 error code: CANCEL
2025-10-10 10:39:03,661 [grpc-default-executor-8] WARN  server.GrpcLogAppender (GrpcLogAppender.java:lambda$resetClient$1(228)) - aa9634f0-8836-44d6-bc05-5b19fbdd93d5@group-813C05265458->36185c6b-22ce-45d1-a622-3a6b487a5a53-GrpcLogAppender: Follower failed (request=null, errorCount=1); keep nextIndex (1) unchanged and retry.
2025-10-10 10:39:03,661 [ForkJoinPool-1-worker-1] INFO  server.GrpcServicesImpl (GrpcServicesImpl.java:closeImpl(364)) - 36185c6b-22ce-45d1-a622-3a6b487a5a53: shutdown server GrpcServerProtocolService successfully
2025-10-10 10:39:03,661 [ForkJoinPool-1-worker-1] INFO  server.GrpcServicesImpl (GrpcServicesImpl.java:closeImpl(355)) - 36185c6b-22ce-45d1-a622-3a6b487a5a53: shutdown server org.apache.ratis.grpc.server.GrpcAdminProtocolService now
2025-10-10 10:39:03,661 [ForkJoinPool-1-worker-1] INFO  server.GrpcServicesImpl (GrpcServicesImpl.java:closeImpl(364)) - 36185c6b-22ce-45d1-a622-3a6b487a5a53: shutdown server org.apache.ratis.grpc.server.GrpcAdminProtocolService successfully
2025-10-10 10:39:03,670 [36185c6b-22ce-45d1-a622-3a6b487a5a53-NettyServerStreamRpc-bossGroup--thread1] INFO  logging.LoggingHandler (AbstractInternalLogger.java:log(148)) - [id: 0x1b101472, L:/0.0.0.0:15072] CLOSE
2025-10-10 10:39:03,670 [36185c6b-22ce-45d1-a622-3a6b487a5a53-NettyServerStreamRpc-bossGroup--thread1] INFO  logging.LoggingHandler (AbstractInternalLogger.java:log(148)) - [id: 0x1b101472, L:/0.0.0.0:15072] INACTIVE
2025-10-10 10:39:03,670 [36185c6b-22ce-45d1-a622-3a6b487a5a53-NettyServerStreamRpc-bossGroup--thread1] INFO  logging.LoggingHandler (AbstractInternalLogger.java:log(148)) - [id: 0x1b101472, L:/0.0.0.0:15072] UNREGISTERED
2025-10-10 10:39:03,946 [36185c6b-22ce-45d1-a622-3a6b487a5a53-impl-thread3] INFO  segmented.SegmentedRaftLogWorker (SegmentedRaftLogWorker.java:close(254)) - 36185c6b-22ce-45d1-a622-3a6b487a5a53@group-6EF60CB14872-SegmentedRaftLogWorker close()
2025-10-10 10:39:03,946 [36185c6b-22ce-45d1-a622-3a6b487a5a53-impl-thread3] INFO  ratis.ContainerStateMachine (ContainerStateMachine.java:notifyServerShutdown(1038)) - group-6EF60CB14872 is closed by HddsDatanodeService
2025-10-10 10:39:04,307 [36185c6b-22ce-45d1-a622-3a6b487a5a53-impl-thread2] INFO  segmented.SegmentedRaftLogWorker (SegmentedRaftLogWorker.java:close(254)) - 36185c6b-22ce-45d1-a622-3a6b487a5a53@group-813C05265458-SegmentedRaftLogWorker close()
2025-10-10 10:39:04,308 [36185c6b-22ce-45d1-a622-3a6b487a5a53-impl-thread2] INFO  ratis.ContainerStateMachine (ContainerStateMachine.java:notifyServerShutdown(1038)) - group-813C05265458 is closed by HddsDatanodeService
2025-10-10 10:39:04,495 [36185c6b-22ce-45d1-a622-3a6b487a5a53-impl-thread4] INFO  segmented.SegmentedRaftLogWorker (SegmentedRaftLogWorker.java:close(254)) - 36185c6b-22ce-45d1-a622-3a6b487a5a53@group-386B2F16DF49-SegmentedRaftLogWorker close()
2025-10-10 10:39:04,495 [36185c6b-22ce-45d1-a622-3a6b487a5a53-impl-thread4] INFO  ratis.ContainerStateMachine (ContainerStateMachine.java:notifyServerShutdown(1038)) - group-386B2F16DF49 is closed by HddsDatanodeService
2025-10-10 10:39:04,495 [JvmPauseMonitor10] INFO  util.JvmPauseMonitor (JvmPauseMonitor.java:run(152)) - JvmPauseMonitor-36185c6b-22ce-45d1-a622-3a6b487a5a53: Stopped
2025-10-10 10:39:05,216 [895d447a-5476-42e4-b2fa-6eb687701d46@group-6EF60CB14872-FollowerState] INFO  impl.FollowerState (FollowerState.java:runImpl(161)) - 895d447a-5476-42e4-b2fa-6eb687701d46@group-6EF60CB14872-FollowerState: change to CANDIDATE, lastRpcElapsedTime:1768764411ns, electionTimeout:1078ms
2025-10-10 10:39:05,216 [895d447a-5476-42e4-b2fa-6eb687701d46@group-6EF60CB14872-FollowerState] INFO  impl.RoleInfo (RoleInfo.java:shutdownFollowerState(121)) - 895d447a-5476-42e4-b2fa-6eb687701d46: shutdown 895d447a-5476-42e4-b2fa-6eb687701d46@group-6EF60CB14872-FollowerState
2025-10-10 10:39:05,217 [895d447a-5476-42e4-b2fa-6eb687701d46@group-6EF60CB14872-FollowerState] INFO  server.RaftServer$Division (RaftServerImpl.java:setRole(392)) - 895d447a-5476-42e4-b2fa-6eb687701d46@group-6EF60CB14872: changes role from  FOLLOWER to CANDIDATE at term 1 for changeToCandidate
2025-10-10 10:39:05,217 [895d447a-5476-42e4-b2fa-6eb687701d46@group-6EF60CB14872-FollowerState] INFO  impl.RoleInfo (RoleInfo.java:updateAndGet(148)) - 895d447a-5476-42e4-b2fa-6eb687701d46: start 895d447a-5476-42e4-b2fa-6eb687701d46@group-6EF60CB14872-LeaderElection148
2025-10-10 10:39:05,217 [895d447a-5476-42e4-b2fa-6eb687701d46@group-6EF60CB14872-LeaderElection148] INFO  server.RaftServer$Division (ServerState.java:setLeader(272)) - 895d447a-5476-42e4-b2fa-6eb687701d46@group-6EF60CB14872: change Leader from 36185c6b-22ce-45d1-a622-3a6b487a5a53 to null at term 1 for PRE_VOTE
2025-10-10 10:39:05,217 [895d447a-5476-42e4-b2fa-6eb687701d46@group-6EF60CB14872-LeaderElection148] INFO  impl.LeaderElection (LeaderElection.java:askForVotes(448)) - 895d447a-5476-42e4-b2fa-6eb687701d46@group-6EF60CB14872-LeaderElection148 PRE_VOTE round 0: submit vote requests at term 1 for conf: {index: 0, cur=peers:[aa9634f0-8836-44d6-bc05-5b19fbdd93d5|127.0.0.1:15063, 36185c6b-22ce-45d1-a622-3a6b487a5a53|127.0.0.1:15071, 895d447a-5476-42e4-b2fa-6eb687701d46|127.0.0.1:15079]|listeners:[], old=null}
2025-10-10 10:39:05,218 [895d447a-5476-42e4-b2fa-6eb687701d46@group-6EF60CB14872-LeaderElection148-1] INFO  server.GrpcServerProtocolClient (GrpcServerProtocolClient.java:<init>(65)) - Build channel for aa9634f0-8836-44d6-bc05-5b19fbdd93d5|127.0.0.1:15063
2025-10-10 10:39:05,218 [895d447a-5476-42e4-b2fa-6eb687701d46@group-6EF60CB14872-LeaderElection148-2] INFO  server.GrpcServerProtocolClient (GrpcServerProtocolClient.java:<init>(65)) - Build channel for 36185c6b-22ce-45d1-a622-3a6b487a5a53|127.0.0.1:15071
2025-10-10 10:39:05,220 [895d447a-5476-42e4-b2fa-6eb687701d46@group-6EF60CB14872-LeaderElection148] INFO  impl.LeaderElection (LogUtils.java:infoOrTrace(142)) - 895d447a-5476-42e4-b2fa-6eb687701d46@group-6EF60CB14872-LeaderElection148 got exception when requesting votes: java.util.concurrent.ExecutionException: org.apache.ratis.thirdparty.io.grpc.StatusRuntimeException: UNAVAILABLE: io exception
2025-10-10 10:39:05,222 [grpc-default-executor-3] INFO  server.RaftServer$Division (RaftServerImpl.java:requestVote(1421)) - aa9634f0-8836-44d6-bc05-5b19fbdd93d5@group-6EF60CB14872: receive requestVote(PRE_VOTE, 895d447a-5476-42e4-b2fa-6eb687701d46, group-6EF60CB14872, 1, (t:1, i:6))
2025-10-10 10:39:05,222 [grpc-default-executor-3] INFO  impl.VoteContext (VoteContext.java:log(49)) - aa9634f0-8836-44d6-bc05-5b19fbdd93d5@group-6EF60CB14872-FOLLOWER: accept PRE_VOTE from 895d447a-5476-42e4-b2fa-6eb687701d46: our priority 0 <= candidate's priority 0
2025-10-10 10:39:05,222 [grpc-default-executor-3] INFO  server.RaftServer$Division (RaftServerImpl.java:requestVote(1455)) - aa9634f0-8836-44d6-bc05-5b19fbdd93d5@group-6EF60CB14872 replies to PRE_VOTE vote request: 895d447a-5476-42e4-b2fa-6eb687701d46<-aa9634f0-8836-44d6-bc05-5b19fbdd93d5#0:OK-t1-last:(t:1, i:6). Peer's state: aa9634f0-8836-44d6-bc05-5b19fbdd93d5@group-6EF60CB14872:t1, leader=36185c6b-22ce-45d1-a622-3a6b487a5a53, voted=36185c6b-22ce-45d1-a622-3a6b487a5a53, raftlog=Memoized:aa9634f0-8836-44d6-bc05-5b19fbdd93d5@group-6EF60CB14872-SegmentedRaftLog:OPENED:c6:last(t:1, i:6), conf=conf: {index: 0, cur=peers:[aa9634f0-8836-44d6-bc05-5b19fbdd93d5|127.0.0.1:15063, 36185c6b-22ce-45d1-a622-3a6b487a5a53|127.0.0.1:15071, 895d447a-5476-42e4-b2fa-6eb687701d46|127.0.0.1:15079]|listeners:[], old=null}
2025-10-10 10:39:05,223 [895d447a-5476-42e4-b2fa-6eb687701d46@group-6EF60CB14872-LeaderElection148] INFO  impl.LeaderElection (LeaderElection.java:logAndReturn(206)) - 895d447a-5476-42e4-b2fa-6eb687701d46@group-6EF60CB14872-LeaderElection148: PRE_VOTE PASSED received 1 response(s) and 1 exception(s):
2025-10-10 10:39:05,223 [895d447a-5476-42e4-b2fa-6eb687701d46@group-6EF60CB14872-LeaderElection148] INFO  impl.LeaderElection (LeaderElection.java:logAndReturn(210)) -   Response 0: 895d447a-5476-42e4-b2fa-6eb687701d46<-aa9634f0-8836-44d6-bc05-5b19fbdd93d5#0:OK-t1-last:(t:1, i:6)
2025-10-10 10:39:05,223 [895d447a-5476-42e4-b2fa-6eb687701d46@group-6EF60CB14872-LeaderElection148] INFO  impl.LeaderElection (LogUtils.java:infoOrTrace(142)) -   Exception 1: java.util.concurrent.ExecutionException: org.apache.ratis.thirdparty.io.grpc.StatusRuntimeException: UNAVAILABLE: io exception
2025-10-10 10:39:05,223 [895d447a-5476-42e4-b2fa-6eb687701d46@group-6EF60CB14872-LeaderElection148] INFO  impl.LeaderElection (LeaderElection.java:askForVotes(450)) - 895d447a-5476-42e4-b2fa-6eb687701d46@group-6EF60CB14872-LeaderElection148 PRE_VOTE round 0: result PASSED
2025-10-10 10:39:05,225 [895d447a-5476-42e4-b2fa-6eb687701d46@group-6EF60CB14872-LeaderElection148] INFO  impl.LeaderElection (LeaderElection.java:askForVotes(448)) - 895d447a-5476-42e4-b2fa-6eb687701d46@group-6EF60CB14872-LeaderElection148 ELECTION round 0: submit vote requests at term 2 for conf: {index: 0, cur=peers:[aa9634f0-8836-44d6-bc05-5b19fbdd93d5|127.0.0.1:15063, 36185c6b-22ce-45d1-a622-3a6b487a5a53|127.0.0.1:15071, 895d447a-5476-42e4-b2fa-6eb687701d46|127.0.0.1:15079]|listeners:[], old=null}
2025-10-10 10:39:05,225 [895d447a-5476-42e4-b2fa-6eb687701d46@group-6EF60CB14872-LeaderElection148] INFO  impl.LeaderElection (LogUtils.java:infoOrTrace(142)) - 895d447a-5476-42e4-b2fa-6eb687701d46@group-6EF60CB14872-LeaderElection148 got exception when requesting votes: java.util.concurrent.ExecutionException: org.apache.ratis.thirdparty.io.grpc.StatusRuntimeException: UNAVAILABLE: io exception
2025-10-10 10:39:05,226 [grpc-default-executor-3] INFO  server.RaftServer$Division (RaftServerImpl.java:requestVote(1421)) - aa9634f0-8836-44d6-bc05-5b19fbdd93d5@group-6EF60CB14872: receive requestVote(ELECTION, 895d447a-5476-42e4-b2fa-6eb687701d46, group-6EF60CB14872, 2, (t:1, i:6))
2025-10-10 10:39:05,226 [grpc-default-executor-3] INFO  impl.VoteContext (VoteContext.java:log(49)) - aa9634f0-8836-44d6-bc05-5b19fbdd93d5@group-6EF60CB14872-FOLLOWER: accept ELECTION from 895d447a-5476-42e4-b2fa-6eb687701d46: our priority 0 <= candidate's priority 0
2025-10-10 10:39:05,226 [grpc-default-executor-3] INFO  server.RaftServer$Division (RaftServerImpl.java:setRole(392)) - aa9634f0-8836-44d6-bc05-5b19fbdd93d5@group-6EF60CB14872: changes role from  FOLLOWER to FOLLOWER at term 1 for candidate:895d447a-5476-42e4-b2fa-6eb687701d46
2025-10-10 10:39:05,226 [grpc-default-executor-3] INFO  impl.RoleInfo (RoleInfo.java:shutdownFollowerState(121)) - aa9634f0-8836-44d6-bc05-5b19fbdd93d5: shutdown aa9634f0-8836-44d6-bc05-5b19fbdd93d5@group-6EF60CB14872-FollowerState
2025-10-10 10:39:05,226 [grpc-default-executor-3] INFO  server.RaftServer$Division (ServerState.java:setLeader(272)) - aa9634f0-8836-44d6-bc05-5b19fbdd93d5@group-6EF60CB14872: change Leader from 36185c6b-22ce-45d1-a622-3a6b487a5a53 to null at term 2 for updateCurrentTerm
2025-10-10 10:39:05,226 [grpc-default-executor-3] INFO  impl.RoleInfo (RoleInfo.java:updateAndGet(148)) - aa9634f0-8836-44d6-bc05-5b19fbdd93d5: start aa9634f0-8836-44d6-bc05-5b19fbdd93d5@group-6EF60CB14872-FollowerState
2025-10-10 10:39:05,226 [aa9634f0-8836-44d6-bc05-5b19fbdd93d5@group-6EF60CB14872-FollowerState] INFO  impl.FollowerState (FollowerState.java:runImpl(170)) - aa9634f0-8836-44d6-bc05-5b19fbdd93d5@group-6EF60CB14872-FollowerState was interrupted
2025-10-10 10:39:05,227 [grpc-default-executor-3] INFO  server.RaftServer$Division (RaftServerImpl.java:requestVote(1455)) - aa9634f0-8836-44d6-bc05-5b19fbdd93d5@group-6EF60CB14872 replies to ELECTION vote request: 895d447a-5476-42e4-b2fa-6eb687701d46<-aa9634f0-8836-44d6-bc05-5b19fbdd93d5#0:OK-t2-last:(t:1, i:6). Peer's state: aa9634f0-8836-44d6-bc05-5b19fbdd93d5@group-6EF60CB14872:t2, leader=null, voted=895d447a-5476-42e4-b2fa-6eb687701d46, raftlog=Memoized:aa9634f0-8836-44d6-bc05-5b19fbdd93d5@group-6EF60CB14872-SegmentedRaftLog:OPENED:c6:last(t:1, i:6), conf=conf: {index: 0, cur=peers:[aa9634f0-8836-44d6-bc05-5b19fbdd93d5|127.0.0.1:15063, 36185c6b-22ce-45d1-a622-3a6b487a5a53|127.0.0.1:15071, 895d447a-5476-42e4-b2fa-6eb687701d46|127.0.0.1:15079]|listeners:[], old=null}
2025-10-10 10:39:05,228 [895d447a-5476-42e4-b2fa-6eb687701d46@group-6EF60CB14872-LeaderElection148] INFO  impl.LeaderElection (LeaderElection.java:logAndReturn(206)) - 895d447a-5476-42e4-b2fa-6eb687701d46@group-6EF60CB14872-LeaderElection148: ELECTION PASSED received 1 response(s) and 1 exception(s):
2025-10-10 10:39:05,228 [895d447a-5476-42e4-b2fa-6eb687701d46@group-6EF60CB14872-LeaderElection148] INFO  impl.LeaderElection (LeaderElection.java:logAndReturn(210)) -   Response 0: 895d447a-5476-42e4-b2fa-6eb687701d46<-aa9634f0-8836-44d6-bc05-5b19fbdd93d5#0:OK-t2-last:(t:1, i:6)
2025-10-10 10:39:05,228 [895d447a-5476-42e4-b2fa-6eb687701d46@group-6EF60CB14872-LeaderElection148] INFO  impl.LeaderElection (LogUtils.java:infoOrTrace(142)) -   Exception 1: java.util.concurrent.ExecutionException: org.apache.ratis.thirdparty.io.grpc.StatusRuntimeException: UNAVAILABLE: io exception
2025-10-10 10:39:05,228 [895d447a-5476-42e4-b2fa-6eb687701d46@group-6EF60CB14872-LeaderElection148] INFO  impl.LeaderElection (LeaderElection.java:askForVotes(450)) - 895d447a-5476-42e4-b2fa-6eb687701d46@group-6EF60CB14872-LeaderElection148 ELECTION round 0: result PASSED
2025-10-10 10:39:05,228 [895d447a-5476-42e4-b2fa-6eb687701d46@group-6EF60CB14872-LeaderElection148] INFO  impl.RoleInfo (RoleInfo.java:shutdownLeaderElection(141)) - 895d447a-5476-42e4-b2fa-6eb687701d46: shutdown 895d447a-5476-42e4-b2fa-6eb687701d46@group-6EF60CB14872-LeaderElection148
2025-10-10 10:39:05,228 [895d447a-5476-42e4-b2fa-6eb687701d46@group-6EF60CB14872-LeaderElection148] INFO  server.RaftServer$Division (RaftServerImpl.java:setRole(392)) - 895d447a-5476-42e4-b2fa-6eb687701d46@group-6EF60CB14872: changes role from CANDIDATE to LEADER at term 2 for changeToLeader
2025-10-10 10:39:05,228 [895d447a-5476-42e4-b2fa-6eb687701d46@group-6EF60CB14872-LeaderElection148] INFO  server.RaftServerConfigKeys (ConfUtils.java:logFallback(69)) - raft.server.staging.timeout = 3600ms (fallback to raft.server.rpc.timeout.max)
2025-10-10 10:39:05,229 [895d447a-5476-42e4-b2fa-6eb687701d46@group-6EF60CB14872-LeaderElection148] INFO  server.RaftServerConfigKeys (ConfUtils.java:logGet(62)) - raft.server.write.byte-limit = 1024 M (=1073741824) (custom)
2025-10-10 10:39:05,230 [895d447a-5476-42e4-b2fa-6eb687701d46@group-6EF60CB14872-LeaderElection148] INFO  server.RaftServerConfigKeys (ConfUtils.java:logGet(62)) - raft.server.log.appender.buffer.byte-limit = 33554432 (custom)
2025-10-10 10:39:05,231 [895d447a-5476-42e4-b2fa-6eb687701d46@group-6EF60CB14872-LeaderElection148] INFO  server.RaftServerConfigKeys (ConfUtils.java:logGet(62)) - raft.server.log.appender.buffer.byte-limit = 33554432 (custom)
2025-10-10 10:39:05,231 [895d447a-5476-42e4-b2fa-6eb687701d46@group-6EF60CB14872-LeaderElection148] INFO  impl.RoleInfo (RoleInfo.java:updateAndGet(148)) - 895d447a-5476-42e4-b2fa-6eb687701d46: start 895d447a-5476-42e4-b2fa-6eb687701d46@group-6EF60CB14872-LeaderStateImpl
2025-10-10 10:39:05,231 [895d447a-5476-42e4-b2fa-6eb687701d46@group-6EF60CB14872-LeaderElection148] INFO  ratis.XceiverServerRatis (XceiverServerRatis.java:handleLeaderChangedNotification(940)) - Leader change notification received for group: group-6EF60CB14872 with new leaderId: 895d447a-5476-42e4-b2fa-6eb687701d46
2025-10-10 10:39:05,231 [895d447a-5476-42e4-b2fa-6eb687701d46@group-6EF60CB14872-LeaderElection148] INFO  server.RaftServer$Division (ServerState.java:setLeader(272)) - 895d447a-5476-42e4-b2fa-6eb687701d46@group-6EF60CB14872: change Leader from null to 895d447a-5476-42e4-b2fa-6eb687701d46 at term 2 for becomeLeader, leader elected after 13ms
2025-10-10 10:39:05,231 [895d447a-5476-42e4-b2fa-6eb687701d46@group-6EF60CB14872-LeaderElection148] INFO  segmented.SegmentedRaftLogWorker (SegmentedRaftLogWorker.java:rollLogSegment(445)) - 895d447a-5476-42e4-b2fa-6eb687701d46@group-6EF60CB14872-SegmentedRaftLogWorker: Rolling segment log-0_6 to index:6
2025-10-10 10:39:05,232 [895d447a-5476-42e4-b2fa-6eb687701d46@group-6EF60CB14872-LeaderElection148] INFO  server.RaftServer$Division (ServerState.java:setRaftConf(386)) - 895d447a-5476-42e4-b2fa-6eb687701d46@group-6EF60CB14872: set configuration conf: {index: 7, cur=peers:[aa9634f0-8836-44d6-bc05-5b19fbdd93d5|127.0.0.1:15063, 36185c6b-22ce-45d1-a622-3a6b487a5a53|127.0.0.1:15071, 895d447a-5476-42e4-b2fa-6eb687701d46|127.0.0.1:15079]|listeners:[], old=null}
2025-10-10 10:39:05,233 [grpc-default-executor-8] WARN  server.GrpcLogAppender (LogUtils.java:warn(127)) - 895d447a-5476-42e4-b2fa-6eb687701d46@group-6EF60CB14872->36185c6b-22ce-45d1-a622-3a6b487a5a53-AppendLogResponseHandler: Failed appendEntries: org.apache.ratis.thirdparty.io.grpc.StatusRuntimeException: UNAVAILABLE: io exception
  Caused by: org.apache.ratis.thirdparty.io.netty.channel.AbstractChannel$AnnotatedConnectException: finishConnect(..) failed: Connection refused: /127.0.0.1:15071
  Caused by: java.net.ConnectException: finishConnect(..) failed: Connection refused
2025-10-10 10:39:05,233 [895d447a-5476-42e4-b2fa-6eb687701d46@group-6EF60CB14872-SegmentedRaftLogWorker] INFO  segmented.SegmentedRaftLogWorker (SegmentedRaftLogWorker.java:execute(604)) - 895d447a-5476-42e4-b2fa-6eb687701d46@group-6EF60CB14872-SegmentedRaftLogWorker: Rolled log segment from /home/runner/work/ozone/ozone/hadoop-ozone/integration-test/target/test-dir/MiniOzoneClusterImpl-611c99c7-d47b-4433-a4ef-cd0a35b076ef/ozone-metadata/datanode-9/ratis/56f6ef43-c50c-4d35-89b5-6ef60cb14872/current/log_inprogress_0 to /home/runner/work/ozone/ozone/hadoop-ozone/integration-test/target/test-dir/MiniOzoneClusterImpl-611c99c7-d47b-4433-a4ef-cd0a35b076ef/ozone-metadata/datanode-9/ratis/56f6ef43-c50c-4d35-89b5-6ef60cb14872/current/log_0-6
2025-10-10 10:39:05,233 [895d447a-5476-42e4-b2fa-6eb687701d46@group-6EF60CB14872-SegmentedRaftLogWorker] INFO  segmented.BufferedWriteChannel (BufferedWriteChannel.java:open(61)) - open log_inprogress_7 at position 0
2025-10-10 10:39:05,233 [grpc-default-executor-8] WARN  server.GrpcLogAppender (GrpcLogAppender.java:lambda$resetClient$1(228)) - 895d447a-5476-42e4-b2fa-6eb687701d46@group-6EF60CB14872->36185c6b-22ce-45d1-a622-3a6b487a5a53-GrpcLogAppender: Follower failed (request=null, errorCount=1); keep nextIndex (7) unchanged and retry.
2025-10-10 10:39:05,235 [grpc-default-executor-3] WARN  server.GrpcLogAppender (GrpcLogAppender.java:lambda$resetClient$1(228)) - 895d447a-5476-42e4-b2fa-6eb687701d46@group-6EF60CB14872->36185c6b-22ce-45d1-a622-3a6b487a5a53-GrpcLogAppender: Follower failed (request=null, errorCount=2); keep nextIndex (8) unchanged and retry.
2025-10-10 10:39:05,237 [grpc-default-executor-7] INFO  ratis.XceiverServerRatis (XceiverServerRatis.java:handleLeaderChangedNotification(940)) - Leader change notification received for group: group-6EF60CB14872 with new leaderId: 895d447a-5476-42e4-b2fa-6eb687701d46
2025-10-10 10:39:05,237 [grpc-default-executor-7] INFO  server.RaftServer$Division (ServerState.java:setLeader(272)) - aa9634f0-8836-44d6-bc05-5b19fbdd93d5@group-6EF60CB14872: change Leader from null to 895d447a-5476-42e4-b2fa-6eb687701d46 at term 2 for appendEntries, leader elected after 10ms
2025-10-10 10:39:05,238 [grpc-default-executor-7] INFO  server.RaftServer$Division (ServerState.java:setRaftConf(386)) - aa9634f0-8836-44d6-bc05-5b19fbdd93d5@group-6EF60CB14872: set configuration conf: {index: 7, cur=peers:[aa9634f0-8836-44d6-bc05-5b19fbdd93d5|127.0.0.1:15063, 36185c6b-22ce-45d1-a622-3a6b487a5a53|127.0.0.1:15071, 895d447a-5476-42e4-b2fa-6eb687701d46|127.0.0.1:15079]|listeners:[], old=null}
2025-10-10 10:39:05,238 [grpc-default-executor-7] INFO  segmented.SegmentedRaftLogWorker (SegmentedRaftLogWorker.java:rollLogSegment(445)) - aa9634f0-8836-44d6-bc05-5b19fbdd93d5@group-6EF60CB14872-SegmentedRaftLogWorker: Rolling segment log-0_6 to index:6
2025-10-10 10:39:05,240 [895d447a-5476-42e4-b2fa-6eb687701d46@group-6EF60CB14872-SegmentedRaftLogWorker] INFO  segmented.SegmentedRaftLogWorker (SegmentedRaftLogWorker.java:execute(647)) - 895d447a-5476-42e4-b2fa-6eb687701d46@group-6EF60CB14872-SegmentedRaftLogWorker: created new log segment /home/runner/work/ozone/ozone/hadoop-ozone/integration-test/target/test-dir/MiniOzoneClusterImpl-611c99c7-d47b-4433-a4ef-cd0a35b076ef/ozone-metadata/datanode-9/ratis/56f6ef43-c50c-4d35-89b5-6ef60cb14872/current/log_inprogress_7
2025-10-10 10:39:05,240 [aa9634f0-8836-44d6-bc05-5b19fbdd93d5@group-6EF60CB14872-SegmentedRaftLogWorker] INFO  segmented.SegmentedRaftLogWorker (SegmentedRaftLogWorker.java:execute(604)) - aa9634f0-8836-44d6-bc05-5b19fbdd93d5@group-6EF60CB14872-SegmentedRaftLogWorker: Rolled log segment from /home/runner/work/ozone/ozone/hadoop-ozone/integration-test/target/test-dir/MiniOzoneClusterImpl-611c99c7-d47b-4433-a4ef-cd0a35b076ef/ozone-metadata/datanode-7/ratis/56f6ef43-c50c-4d35-89b5-6ef60cb14872/current/log_inprogress_0 to /home/runner/work/ozone/ozone/hadoop-ozone/integration-test/target/test-dir/MiniOzoneClusterImpl-611c99c7-d47b-4433-a4ef-cd0a35b076ef/ozone-metadata/datanode-7/ratis/56f6ef43-c50c-4d35-89b5-6ef60cb14872/current/log_0-6
2025-10-10 10:39:05,240 [aa9634f0-8836-44d6-bc05-5b19fbdd93d5@group-6EF60CB14872-SegmentedRaftLogWorker] INFO  segmented.BufferedWriteChannel (BufferedWriteChannel.java:open(61)) - open log_inprogress_7 at position 0
2025-10-10 10:39:05,245 [aa9634f0-8836-44d6-bc05-5b19fbdd93d5@group-6EF60CB14872-SegmentedRaftLogWorker] INFO  segmented.SegmentedRaftLogWorker (SegmentedRaftLogWorker.java:execute(647)) - aa9634f0-8836-44d6-bc05-5b19fbdd93d5@group-6EF60CB14872-SegmentedRaftLogWorker: created new log segment /home/runner/work/ozone/ozone/hadoop-ozone/integration-test/target/test-dir/MiniOzoneClusterImpl-611c99c7-d47b-4433-a4ef-cd0a35b076ef/ozone-metadata/datanode-7/ratis/56f6ef43-c50c-4d35-89b5-6ef60cb14872/current/log_inprogress_7
2025-10-10 10:39:05,248 [grpc-default-executor-4] WARN  server.GrpcLogAppender (GrpcLogAppender.java:lambda$resetClient$1(228)) - 895d447a-5476-42e4-b2fa-6eb687701d46@group-6EF60CB14872->36185c6b-22ce-45d1-a622-3a6b487a5a53-GrpcLogAppender: Follower failed (request=null, errorCount=5); keep nextIndex (9) unchanged and retry.
2025-10-10 10:39:05,249 [895d447a-5476-42e4-b2fa-6eb687701d46@group-6EF60CB14872-StateMachineUpdater] INFO  server.RaftServer$Division (LeaderStateImpl.java:checkStartIndex(309)) - Leader 895d447a-5476-42e4-b2fa-6eb687701d46@group-6EF60CB14872-LeaderStateImpl is ready since appliedIndex == startIndex == 7
2025-10-10 10:39:06,498 [ForkJoinPool-1-worker-1] INFO  utils.DatanodeStoreCache (DatanodeStoreCache.java:shutdownCache(110)) - Skip clearing cache in mini cluster mode. Entries left: [/home/runner/work/ozone/ozone/hadoop-ozone/integration-test/target/test-dir/MiniOzoneClusterImpl-611c99c7-d47b-4433-a4ef-cd0a35b076ef/ozone-metadata/datanode-1/data-0/hdds/611c99c7-d47b-4433-a4ef-cd0a35b076ef/DS-e04c2270-6553-4caa-98e6-0f32c0982bff/container.db, /home/runner/work/ozone/ozone/hadoop-ozone/integration-test/target/test-dir/MiniOzoneClusterImpl-611c99c7-d47b-4433-a4ef-cd0a35b076ef/ozone-metadata/datanode-10/data-0/hdds/611c99c7-d47b-4433-a4ef-cd0a35b076ef/DS-acbb0b19-c57c-43af-ab83-47b2913905c6/container.db, /home/runner/work/ozone/ozone/hadoop-ozone/integration-test/target/test-dir/MiniOzoneClusterImpl-611c99c7-d47b-4433-a4ef-cd0a35b076ef/ozone-metadata/datanode-2/data-0/hdds/611c99c7-d47b-4433-a4ef-cd0a35b076ef/DS-dbeeb2d7-87c9-464d-a232-67ecec18d322/container.db, /home/runner/work/ozone/ozone/hadoop-ozone/integration-test/target/test-dir/MiniOzoneClusterImpl-611c99c7-d47b-4433-a4ef-cd0a35b076ef/ozone-metadata/datanode-3/data-0/hdds/611c99c7-d47b-4433-a4ef-cd0a35b076ef/DS-96d12f97-f01f-4e1a-aadc-cb85e2aa7b77/container.db, /home/runner/work/ozone/ozone/hadoop-ozone/integration-test/target/test-dir/MiniOzoneClusterImpl-611c99c7-d47b-4433-a4ef-cd0a35b076ef/ozone-metadata/datanode-4/data-0/hdds/611c99c7-d47b-4433-a4ef-cd0a35b076ef/DS-d0f0d2dd-b347-4b79-bac2-49cc0e8748a5/container.db, /home/runner/work/ozone/ozone/hadoop-ozone/integration-test/target/test-dir/MiniOzoneClusterImpl-611c99c7-d47b-4433-a4ef-cd0a35b076ef/ozone-metadata/datanode-5/data-0/hdds/611c99c7-d47b-4433-a4ef-cd0a35b076ef/DS-4e487a0b-bc01-4abe-bc19-325c11ca8c9e/container.db, /home/runner/work/ozone/ozone/hadoop-ozone/integration-test/target/test-dir/MiniOzoneClusterImpl-611c99c7-d47b-4433-a4ef-cd0a35b076ef/ozone-metadata/datanode-6/data-0/hdds/611c99c7-d47b-4433-a4ef-cd0a35b076ef/DS-2abecbaf-9058-465c-9862-40fcfa0a7bd5/container.db, /home/runner/work/ozone/ozone/hadoop-ozone/integration-test/target/test-dir/MiniOzoneClusterImpl-611c99c7-d47b-4433-a4ef-cd0a35b076ef/ozone-metadata/datanode-7/data-0/hdds/611c99c7-d47b-4433-a4ef-cd0a35b076ef/DS-c4bde162-9ff2-4380-9d2e-b89c9d2de98d/container.db, /home/runner/work/ozone/ozone/hadoop-ozone/integration-test/target/test-dir/MiniOzoneClusterImpl-611c99c7-d47b-4433-a4ef-cd0a35b076ef/ozone-metadata/datanode-8/data-0/hdds/611c99c7-d47b-4433-a4ef-cd0a35b076ef/DS-5cd8dead-8911-46d6-a0b8-6438206482ea/container.db, /home/runner/work/ozone/ozone/hadoop-ozone/integration-test/target/test-dir/MiniOzoneClusterImpl-611c99c7-d47b-4433-a4ef-cd0a35b076ef/ozone-metadata/datanode-9/data-0/hdds/611c99c7-d47b-4433-a4ef-cd0a35b076ef/DS-8fb42501-9102-4ac6-a22c-4421d3850807/container.db]
2025-10-10 10:39:06,500 [ForkJoinPool-1-worker-1] INFO  utils.DatanodeStoreCache (DatanodeStoreCache.java:removeDB(104)) - Removed db /home/runner/work/ozone/ozone/hadoop-ozone/integration-test/target/test-dir/MiniOzoneClusterImpl-611c99c7-d47b-4433-a4ef-cd0a35b076ef/ozone-metadata/datanode-8/data-0/hdds/611c99c7-d47b-4433-a4ef-cd0a35b076ef/DS-5cd8dead-8911-46d6-a0b8-6438206482ea/container.db from cache
2025-10-10 10:39:06,500 [ForkJoinPool-1-worker-1] INFO  volume.HddsVolume (HddsVolume.java:closeDbStore(609)) - SchemaV3 db is stopped at /home/runner/work/ozone/ozone/hadoop-ozone/integration-test/target/test-dir/MiniOzoneClusterImpl-611c99c7-d47b-4433-a4ef-cd0a35b076ef/ozone-metadata/datanode-8/data-0/hdds/611c99c7-d47b-4433-a4ef-cd0a35b076ef/DS-5cd8dead-8911-46d6-a0b8-6438206482ea/container.db for volume DS-5cd8dead-8911-46d6-a0b8-6438206482ea
2025-10-10 10:39:06,500 [ForkJoinPool-1-worker-1] INFO  utils.BackgroundService (BackgroundService.java:shutdown(195)) - Shutting down service BlockDeletingService
2025-10-10 10:39:06,501 [ForkJoinPool-1-worker-1] INFO  utils.BackgroundService (BackgroundService.java:shutdown(195)) - Shutting down service StaleRecoveringContainerScrubbingService
2025-10-10 10:39:06,503 [ForkJoinPool-1-worker-1] INFO  statemachine.DatanodeStateMachine (DatanodeStateMachine.java:stopDaemon(654)) - Ozone container server stopped.
2025-10-10 10:39:06,520 [ForkJoinPool-1-worker-1] INFO  handler.ContextHandler (ContextHandler.java:doStop(1159)) - Stopped o.e.j.w.WebAppContext@6d2c5ea3{hddsDatanode,/,null,STOPPED}{jar:file:/home/runner/work/ozone/ozone/hadoop-hdds/container-service/target/hdds-container-service-2.1.0-SNAPSHOT.jar!/webapps/hddsDatanode}
2025-10-10 10:39:06,521 [ForkJoinPool-1-worker-1] INFO  server.AbstractConnector (AbstractConnector.java:doStop(383)) - Stopped ServerConnector@574c61fc{HTTP/1.1, (http/1.1)}{0.0.0.0:15066}
2025-10-10 10:39:06,521 [ForkJoinPool-1-worker-1] INFO  server.session (HouseKeeper.java:stopScavenging(149)) - node0 Stopped scavenging
2025-10-10 10:39:06,521 [ForkJoinPool-1-worker-1] INFO  handler.ContextHandler (ContextHandler.java:doStop(1159)) - Stopped o.e.j.s.ServletContextHandler@3d136e36{static,/static,jar:file:/home/runner/work/ozone/ozone/hadoop-hdds/container-service/target/hdds-container-service-2.1.0-SNAPSHOT.jar!/webapps/static,STOPPED}
2025-10-10 10:39:06,521 [ForkJoinPool-1-worker-1] INFO  handler.ContextHandler (ContextHandler.java:doStop(1159)) - Stopped o.e.j.s.ServletContextHandler@3af89f7{logs,/logs,file:///home/runner/work/ozone/ozone/hadoop-ozone/integration-test/target/log,STOPPED}
2025-10-10 10:39:06,522 [ForkJoinPool-1-worker-1] INFO  ozone.HddsDatanodeClientProtocolServer (HddsDatanodeClientProtocolServer.java:stop(82)) - Stopping the RPC server for Client Protocol
2025-10-10 10:39:06,522 [ForkJoinPool-1-worker-1] INFO  ipc.Server (Server.java:stop(3697)) - Stopping server on 15067
2025-10-10 10:39:06,525 [IPC Server Responder] INFO  ipc.Server (Server.java:run(1718)) - Stopping IPC Server Responder
2025-10-10 10:39:06,525 [IPC Server listener on 15067] INFO  ipc.Server (Server.java:run(1585)) - Stopping IPC Server listener on 15067
2025-10-10 10:39:06,527 [ForkJoinPool-1-worker-1] INFO  ozoneimpl.OzoneContainer (OzoneContainer.java:stop(549)) - Attempting to stop container services.
2025-10-10 10:39:06,527 [ContainerMetadataScanner] WARN  ozoneimpl.AbstractBackgroundContainerScanner (AbstractBackgroundContainerScanner.java:handleRemainingSleep(136)) - Background container scan was interrupted.
2025-10-10 10:39:06,527 [ContainerMetadataScanner] INFO  ozoneimpl.AbstractBackgroundContainerScanner (AbstractBackgroundContainerScanner.java:run(63)) - org.apache.hadoop.ozone.container.ozoneimpl.BackgroundContainerMetadataScanner@4c49a4e3 exiting.
2025-10-10 10:39:06,527 [ForkJoinPool-1-worker-1] INFO  ozoneimpl.BackgroundContainerDataScanner (BackgroundContainerDataScanner.java:shutdown(87)) - ContainerDataScanner(/home/runner/work/ozone/ozone/hadoop-ozone/integration-test/target/test-dir/MiniOzoneClusterImpl-611c99c7-d47b-4433-a4ef-cd0a35b076ef/ozone-metadata/datanode-9/data-0/hdds) is shutting down. 
2025-10-10 10:39:06,528 [ContainerDataScanner(/home/runner/work/ozone/ozone/hadoop-ozone/integration-test/target/test-dir/MiniOzoneClusterImpl-611c99c7-d47b-4433-a4ef-cd0a35b076ef/ozone-metadata/datanode-9/data-0/hdds)] WARN  ozoneimpl.AbstractBackgroundContainerScanner (AbstractBackgroundContainerScanner.java:handleRemainingSleep(136)) - Background container scan was interrupted.
2025-10-10 10:39:06,528 [ContainerDataScanner(/home/runner/work/ozone/ozone/hadoop-ozone/integration-test/target/test-dir/MiniOzoneClusterImpl-611c99c7-d47b-4433-a4ef-cd0a35b076ef/ozone-metadata/datanode-9/data-0/hdds)] INFO  ozoneimpl.AbstractBackgroundContainerScanner (AbstractBackgroundContainerScanner.java:run(63)) - ContainerDataScanner(/home/runner/work/ozone/ozone/hadoop-ozone/integration-test/target/test-dir/MiniOzoneClusterImpl-611c99c7-d47b-4433-a4ef-cd0a35b076ef/ozone-metadata/datanode-9/data-0/hdds, DS-8fb42501-9102-4ac6-a22c-4421d3850807) exiting.
2025-10-10 10:39:06,528 [ForkJoinPool-1-worker-1] INFO  ozoneimpl.OnDemandContainerScanner (OnDemandContainerScanner.java:shutdown(141)) - On-demand container scanner is shutting down.
2025-10-10 10:39:06,529 [ForkJoinPool-1-worker-1] INFO  ratis.XceiverServerRatis (XceiverServerRatis.java:stop(594)) - Closing XceiverServerRatis(895d447a-5476-42e4-b2fa-6eb687701d46)
2025-10-10 10:39:06,529 [ForkJoinPool-1-worker-1] INFO  server.RaftServer (RaftServerProxy.java:lambda$close$9(422)) - 895d447a-5476-42e4-b2fa-6eb687701d46: close
2025-10-10 10:39:06,530 [895d447a-5476-42e4-b2fa-6eb687701d46-impl-thread2] INFO  server.RaftServer$Division (RaftServerImpl.java:lambda$close$1(527)) - 895d447a-5476-42e4-b2fa-6eb687701d46@group-813C05265458: shutdown
2025-10-10 10:39:06,530 [895d447a-5476-42e4-b2fa-6eb687701d46-impl-thread2] INFO  util.JmxRegister (JmxRegister.java:unregister(74)) - Successfully un-registered JMX Bean with object name Ratis:service=RaftServer,group=group-813C05265458,id=895d447a-5476-42e4-b2fa-6eb687701d46
2025-10-10 10:39:06,530 [895d447a-5476-42e4-b2fa-6eb687701d46-impl-thread2] INFO  impl.RoleInfo (RoleInfo.java:shutdownFollowerState(121)) - 895d447a-5476-42e4-b2fa-6eb687701d46: shutdown 895d447a-5476-42e4-b2fa-6eb687701d46@group-813C05265458-FollowerState
2025-10-10 10:39:06,530 [895d447a-5476-42e4-b2fa-6eb687701d46-impl-thread2] INFO  impl.StateMachineUpdater (StateMachineUpdater.java:stopAndJoin(163)) - 895d447a-5476-42e4-b2fa-6eb687701d46@group-813C05265458-StateMachineUpdater: set stopIndex = 0
2025-10-10 10:39:06,530 [895d447a-5476-42e4-b2fa-6eb687701d46@group-813C05265458-FollowerState] INFO  impl.FollowerState (FollowerState.java:runImpl(170)) - 895d447a-5476-42e4-b2fa-6eb687701d46@group-813C05265458-FollowerState was interrupted
2025-10-10 10:39:06,530 [895d447a-5476-42e4-b2fa-6eb687701d46-impl-thread3] INFO  server.RaftServer$Division (RaftServerImpl.java:lambda$close$1(527)) - 895d447a-5476-42e4-b2fa-6eb687701d46@group-263A5124E6E8: shutdown
2025-10-10 10:39:06,530 [895d447a-5476-42e4-b2fa-6eb687701d46-impl-thread3] INFO  util.JmxRegister (JmxRegister.java:unregister(74)) - Successfully un-registered JMX Bean with object name Ratis:service=RaftServer,group=group-263A5124E6E8,id=895d447a-5476-42e4-b2fa-6eb687701d46
2025-10-10 10:39:06,530 [895d447a-5476-42e4-b2fa-6eb687701d46-impl-thread3] INFO  impl.RoleInfo (RoleInfo.java:shutdownLeaderState(103)) - 895d447a-5476-42e4-b2fa-6eb687701d46: shutdown 895d447a-5476-42e4-b2fa-6eb687701d46@group-263A5124E6E8-LeaderStateImpl
2025-10-10 10:39:06,530 [895d447a-5476-42e4-b2fa-6eb687701d46-impl-thread3] INFO  impl.PendingRequests (PendingRequests.java:sendNotLeaderResponses(287)) - 895d447a-5476-42e4-b2fa-6eb687701d46@group-263A5124E6E8-PendingRequests: sendNotLeaderResponses
2025-10-10 10:39:06,531 [ForkJoinPool-1-worker-1] INFO  server.GrpcServicesImpl (GrpcServicesImpl.java:closeImpl(355)) - 895d447a-5476-42e4-b2fa-6eb687701d46: shutdown server org.apache.ratis.grpc.server.GrpcClientProtocolService now
2025-10-10 10:39:06,531 [895d447a-5476-42e4-b2fa-6eb687701d46-impl-thread3] INFO  impl.StateMachineUpdater (StateMachineUpdater.java:stopAndJoin(163)) - 895d447a-5476-42e4-b2fa-6eb687701d46@group-263A5124E6E8-StateMachineUpdater: set stopIndex = 0
2025-10-10 10:39:06,531 [895d447a-5476-42e4-b2fa-6eb687701d46-impl-thread4] INFO  server.RaftServer$Division (RaftServerImpl.java:lambda$close$1(527)) - 895d447a-5476-42e4-b2fa-6eb687701d46@group-6EF60CB14872: shutdown
2025-10-10 10:39:06,532 [895d447a-5476-42e4-b2fa-6eb687701d46@group-813C05265458-StateMachineUpdater] INFO  ratis.ContainerStateMachine (ContainerStateMachine.java:takeSnapshot(427)) - group-813C05265458: Taking a snapshot at:(t:1, i:0) file /home/runner/work/ozone/ozone/hadoop-ozone/integration-test/target/test-dir/MiniOzoneClusterImpl-611c99c7-d47b-4433-a4ef-cd0a35b076ef/ozone-metadata/datanode-9/ratis/e51e4850-930a-48f3-bb77-813c05265458/sm/snapshot.1_0
2025-10-10 10:39:06,532 [895d447a-5476-42e4-b2fa-6eb687701d46@group-263A5124E6E8-StateMachineUpdater] INFO  ratis.ContainerStateMachine (ContainerStateMachine.java:takeSnapshot(427)) - group-263A5124E6E8: Taking a snapshot at:(t:1, i:0) file /home/runner/work/ozone/ozone/hadoop-ozone/integration-test/target/test-dir/MiniOzoneClusterImpl-611c99c7-d47b-4433-a4ef-cd0a35b076ef/ozone-metadata/datanode-9/ratis/1890b19a-2da7-4d82-9892-263a5124e6e8/sm/snapshot.1_0
2025-10-10 10:39:06,532 [Thread-1801] INFO  server.GrpcServerProtocolClient (GrpcServerProtocolClient.java:close(105)) - aa9634f0-8836-44d6-bc05-5b19fbdd93d5 Close channels
2025-10-10 10:39:06,532 [895d447a-5476-42e4-b2fa-6eb687701d46-impl-thread4] INFO  util.JmxRegister (JmxRegister.java:unregister(74)) - Successfully un-registered JMX Bean with object name Ratis:service=RaftServer,group=group-6EF60CB14872,id=895d447a-5476-42e4-b2fa-6eb687701d46
2025-10-10 10:39:06,532 [895d447a-5476-42e4-b2fa-6eb687701d46-impl-thread4] INFO  impl.RoleInfo (RoleInfo.java:shutdownLeaderState(103)) - 895d447a-5476-42e4-b2fa-6eb687701d46: shutdown 895d447a-5476-42e4-b2fa-6eb687701d46@group-6EF60CB14872-LeaderStateImpl
2025-10-10 10:39:06,532 [895d447a-5476-42e4-b2fa-6eb687701d46-impl-thread4] INFO  impl.PendingRequests (PendingRequests.java:sendNotLeaderResponses(287)) - 895d447a-5476-42e4-b2fa-6eb687701d46@group-6EF60CB14872-PendingRequests: sendNotLeaderResponses
2025-10-10 10:39:06,532 [895d447a-5476-42e4-b2fa-6eb687701d46@group-6EF60CB14872->36185c6b-22ce-45d1-a622-3a6b487a5a53-GrpcLogAppender-LogAppenderDaemon] WARN  server.GrpcLogAppender (GrpcLogAppender.java:mayWait(300)) - 895d447a-5476-42e4-b2fa-6eb687701d46@group-6EF60CB14872->36185c6b-22ce-45d1-a622-3a6b487a5a53-GrpcLogAppender: Wait interrupted by java.lang.InterruptedException
2025-10-10 10:39:06,533 [895d447a-5476-42e4-b2fa-6eb687701d46@group-263A5124E6E8-StateMachineUpdater] INFO  ratis.ContainerStateMachine (ContainerStateMachine.java:takeSnapshot(436)) - group-263A5124E6E8: Finished taking a snapshot at:(t:1, i:0) file:/home/runner/work/ozone/ozone/hadoop-ozone/integration-test/target/test-dir/MiniOzoneClusterImpl-611c99c7-d47b-4433-a4ef-cd0a35b076ef/ozone-metadata/datanode-9/ratis/1890b19a-2da7-4d82-9892-263a5124e6e8/sm/snapshot.1_0 took: 0 ms
2025-10-10 10:39:06,533 [895d447a-5476-42e4-b2fa-6eb687701d46@group-6EF60CB14872->aa9634f0-8836-44d6-bc05-5b19fbdd93d5-GrpcLogAppender-LogAppenderDaemon] WARN  server.GrpcLogAppender (GrpcLogAppender.java:mayWait(300)) - 895d447a-5476-42e4-b2fa-6eb687701d46@group-6EF60CB14872->aa9634f0-8836-44d6-bc05-5b19fbdd93d5-GrpcLogAppender: Wait interrupted by java.lang.InterruptedException
2025-10-10 10:39:06,533 [895d447a-5476-42e4-b2fa-6eb687701d46@group-813C05265458-StateMachineUpdater] INFO  ratis.ContainerStateMachine (ContainerStateMachine.java:takeSnapshot(436)) - group-813C05265458: Finished taking a snapshot at:(t:1, i:0) file:/home/runner/work/ozone/ozone/hadoop-ozone/integration-test/target/test-dir/MiniOzoneClusterImpl-611c99c7-d47b-4433-a4ef-cd0a35b076ef/ozone-metadata/datanode-9/ratis/e51e4850-930a-48f3-bb77-813c05265458/sm/snapshot.1_0 took: 1 ms
2025-10-10 10:39:06,533 [895d447a-5476-42e4-b2fa-6eb687701d46@group-813C05265458-StateMachineUpdater] INFO  impl.StateMachineUpdater (StateMachineUpdater.java:takeSnapshot(307)) - 895d447a-5476-42e4-b2fa-6eb687701d46@group-813C05265458-StateMachineUpdater: Took a snapshot at index 0
2025-10-10 10:39:06,533 [895d447a-5476-42e4-b2fa-6eb687701d46@group-813C05265458-StateMachineUpdater] INFO  impl.StateMachineUpdater (StateMachineUpdater.java:lambda$new$0(101)) - 895d447a-5476-42e4-b2fa-6eb687701d46@group-813C05265458-StateMachineUpdater: snapshotIndex: updateIncreasingly -1 -> 0
2025-10-10 10:39:06,534 [895d447a-5476-42e4-b2fa-6eb687701d46@group-813C05265458-StateMachineUpdater] INFO  impl.StateMachineUpdater (StateMachineUpdater.java:stop(140)) - 895d447a-5476-42e4-b2fa-6eb687701d46@group-813C05265458-StateMachineUpdater: closing ContainerStateMachine, lastApplied=(t:1, i:0)
2025-10-10 10:39:06,533 [Thread-1802] INFO  server.GrpcServerProtocolClient (GrpcServerProtocolClient.java:close(105)) - 36185c6b-22ce-45d1-a622-3a6b487a5a53 Close channels
2025-10-10 10:39:06,533 [895d447a-5476-42e4-b2fa-6eb687701d46@group-263A5124E6E8-StateMachineUpdater] INFO  impl.StateMachineUpdater (StateMachineUpdater.java:takeSnapshot(307)) - 895d447a-5476-42e4-b2fa-6eb687701d46@group-263A5124E6E8-StateMachineUpdater: Took a snapshot at index 0
2025-10-10 10:39:06,535 [895d447a-5476-42e4-b2fa-6eb687701d46@group-263A5124E6E8-StateMachineUpdater] INFO  impl.StateMachineUpdater (StateMachineUpdater.java:lambda$new$0(101)) - 895d447a-5476-42e4-b2fa-6eb687701d46@group-263A5124E6E8-StateMachineUpdater: snapshotIndex: updateIncreasingly -1 -> 0
2025-10-10 10:39:06,536 [895d447a-5476-42e4-b2fa-6eb687701d46-impl-thread4] INFO  impl.StateMachineUpdater (StateMachineUpdater.java:stopAndJoin(163)) - 895d447a-5476-42e4-b2fa-6eb687701d46@group-6EF60CB14872-StateMachineUpdater: set stopIndex = 8
2025-10-10 10:39:06,536 [895d447a-5476-42e4-b2fa-6eb687701d46@group-263A5124E6E8-StateMachineUpdater] INFO  impl.StateMachineUpdater (StateMachineUpdater.java:stop(140)) - 895d447a-5476-42e4-b2fa-6eb687701d46@group-263A5124E6E8-StateMachineUpdater: closing ContainerStateMachine, lastApplied=(t:1, i:0)
2025-10-10 10:39:06,536 [895d447a-5476-42e4-b2fa-6eb687701d46@group-6EF60CB14872-StateMachineUpdater] INFO  ratis.ContainerStateMachine (ContainerStateMachine.java:takeSnapshot(427)) - group-6EF60CB14872: Taking a snapshot at:(t:2, i:8) file /home/runner/work/ozone/ozone/hadoop-ozone/integration-test/target/test-dir/MiniOzoneClusterImpl-611c99c7-d47b-4433-a4ef-cd0a35b076ef/ozone-metadata/datanode-9/ratis/56f6ef43-c50c-4d35-89b5-6ef60cb14872/sm/snapshot.2_8
2025-10-10 10:39:06,535 [grpc-default-executor-4] ERROR server.RaftServer$Division (RaftServerImpl.java:appendEntriesAsync(1495)) - 895d447a-5476-42e4-b2fa-6eb687701d46@group-813C05265458: Failed appendEntries* aa9634f0-8836-44d6-bc05-5b19fbdd93d5->895d447a-5476-42e4-b2fa-6eb687701d46#156-t1,previous=(t:1, i:0),leaderCommit=0,initializing? false,HEARTBEAT
org.apache.ratis.protocol.exceptions.ServerNotReadyException: 895d447a-5476-42e4-b2fa-6eb687701d46@group-813C05265458 is not in [STARTING, RUNNING]: current state is CLOSING
	at org.apache.ratis.server.impl.RaftServerImpl.lambda$assertLifeCycleState$7(RaftServerImpl.java:809)
	at org.apache.ratis.util.LifeCycle.assertCurrentState(LifeCycle.java:260)
	at org.apache.ratis.server.impl.RaftServerImpl.assertLifeCycleState(RaftServerImpl.java:808)
	at org.apache.ratis.server.impl.RaftServerImpl.appendEntriesAsync(RaftServerImpl.java:1486)
	at org.apache.ratis.server.impl.RaftServerProxy.lambda$null$28(RaftServerProxy.java:652)
	at org.apache.ratis.util.JavaUtils.callAsUnchecked(JavaUtils.java:118)
	at org.apache.ratis.server.impl.RaftServerProxy.lambda$appendEntriesAsync$29(RaftServerProxy.java:651)
	at java.base/java.util.concurrent.CompletableFuture.uniComposeStage(CompletableFuture.java:1187)
	at java.base/java.util.concurrent.CompletableFuture.thenCompose(CompletableFuture.java:2341)
	at org.apache.ratis.server.impl.RaftServerProxy.appendEntriesAsync(RaftServerProxy.java:651)
	at org.apache.ratis.grpc.server.GrpcServerProtocolService$1.process(GrpcServerProtocolService.java:245)
	at org.apache.ratis.grpc.server.GrpcServerProtocolService$1.process(GrpcServerProtocolService.java:242)
	at org.apache.ratis.grpc.server.GrpcServerProtocolService$ServerRequestStreamObserver.onNext(GrpcServerProtocolService.java:137)
	at org.apache.ratis.thirdparty.io.grpc.stub.ServerCalls$StreamingServerCallHandler$StreamingServerCallListener.onMessage(ServerCalls.java:262)
	at org.apache.ratis.thirdparty.io.grpc.internal.ServerCallImpl$ServerStreamListenerImpl.messagesAvailableInternal(ServerCallImpl.java:334)
	at org.apache.ratis.thirdparty.io.grpc.internal.ServerCallImpl$ServerStreamListenerImpl.messagesAvailable(ServerCallImpl.java:319)
	at org.apache.ratis.thirdparty.io.grpc.internal.ServerImpl$JumpToApplicationThreadServerStreamListener$1MessagesAvailable.runInContext(ServerImpl.java:834)
	at org.apache.ratis.thirdparty.io.grpc.internal.ContextRunnable.run(ContextRunnable.java:37)
	at org.apache.ratis.thirdparty.io.grpc.internal.SerializingExecutor.run(SerializingExecutor.java:133)
	at java.base/java.util.concurrent.ThreadPoolExecutor.runWorker(ThreadPoolExecutor.java:1144)
	at java.base/java.util.concurrent.ThreadPoolExecutor$Worker.run(ThreadPoolExecutor.java:642)
	at java.base/java.lang.Thread.run(Thread.java:1583)
2025-10-10 10:39:06,536 [grpc-default-executor-8] INFO  server.GrpcLogAppender (GrpcLogAppender.java:onCompleted(558)) - 895d447a-5476-42e4-b2fa-6eb687701d46@group-6EF60CB14872->aa9634f0-8836-44d6-bc05-5b19fbdd93d5-AppendLogResponseHandler: follower responses appendEntries COMPLETED
2025-10-10 10:39:06,537 [grpc-default-executor-8] WARN  server.GrpcLogAppender (GrpcLogAppender.java:resetClient(237)) - 895d447a-5476-42e4-b2fa-6eb687701d46@group-6EF60CB14872->aa9634f0-8836-44d6-bc05-5b19fbdd93d5-GrpcLogAppender: Failed to getClient for aa9634f0-8836-44d6-bc05-5b19fbdd93d5
org.apache.ratis.protocol.exceptions.AlreadyClosedException: 895d447a-5476-42e4-b2fa-6eb687701d46 is already CLOSED
	at org.apache.ratis.util.PeerProxyMap$PeerAndProxy.getProxy(PeerProxyMap.java:67)
	at org.apache.ratis.util.PeerProxyMap.getProxy(PeerProxyMap.java:124)
	at org.apache.ratis.grpc.server.GrpcLogAppender.getClient(GrpcLogAppender.java:207)
	at org.apache.ratis.grpc.server.GrpcLogAppender.resetClient(GrpcLogAppender.java:212)
	at org.apache.ratis.grpc.server.GrpcLogAppender.access$800(GrpcLogAppender.java:70)
	at org.apache.ratis.grpc.server.GrpcLogAppender$AppendLogResponseHandler.onCompleted(GrpcLogAppender.java:559)
	at org.apache.ratis.thirdparty.io.grpc.stub.ClientCalls$StreamObserverToCallListenerAdapter.onClose(ClientCalls.java:562)
	at org.apache.ratis.thirdparty.io.grpc.internal.DelayedClientCall$DelayedListener$3.run(DelayedClientCall.java:489)
	at org.apache.ratis.thirdparty.io.grpc.internal.DelayedClientCall$DelayedListener.delayOrExecute(DelayedClientCall.java:453)
	at org.apache.ratis.thirdparty.io.grpc.internal.DelayedClientCall$DelayedListener.onClose(DelayedClientCall.java:486)
	at org.apache.ratis.thirdparty.io.grpc.internal.ClientCallImpl.closeObserver(ClientCallImpl.java:565)
	at org.apache.ratis.thirdparty.io.grpc.internal.ClientCallImpl.access$100(ClientCallImpl.java:72)
	at org.apache.ratis.thirdparty.io.grpc.internal.ClientCallImpl$ClientStreamListenerImpl$1StreamClosed.runInternal(ClientCallImpl.java:733)
	at org.apache.ratis.thirdparty.io.grpc.internal.ClientCallImpl$ClientStreamListenerImpl$1StreamClosed.runInContext(ClientCallImpl.java:714)
	at org.apache.ratis.thirdparty.io.grpc.internal.ContextRunnable.run(ContextRunnable.java:37)
	at org.apache.ratis.thirdparty.io.grpc.internal.SerializingExecutor.run(SerializingExecutor.java:133)
	at java.base/java.util.concurrent.ThreadPoolExecutor.runWorker(ThreadPoolExecutor.java:1144)
	at java.base/java.util.concurrent.ThreadPoolExecutor$Worker.run(ThreadPoolExecutor.java:642)
	at java.base/java.lang.Thread.run(Thread.java:1583)
2025-10-10 10:39:06,537 [ForkJoinPool-1-worker-1] INFO  server.GrpcServicesImpl (GrpcServicesImpl.java:closeImpl(364)) - 895d447a-5476-42e4-b2fa-6eb687701d46: shutdown server org.apache.ratis.grpc.server.GrpcClientProtocolService successfully
2025-10-10 10:39:06,537 [ForkJoinPool-1-worker-1] INFO  server.GrpcServicesImpl (GrpcServicesImpl.java:closeImpl(355)) - 895d447a-5476-42e4-b2fa-6eb687701d46: shutdown server GrpcServerProtocolService now
2025-10-10 10:39:06,536 [895d447a-5476-42e4-b2fa-6eb687701d46@group-263A5124E6E8-cacheEviction-AwaitToRun] INFO  util.AwaitToRun (AwaitToRun.java:run(49)) - 895d447a-5476-42e4-b2fa-6eb687701d46@group-263A5124E6E8-cacheEviction-AwaitToRun-AwaitForSignal is interrupted
2025-10-10 10:39:06,536 [grpc-default-executor-7] INFO  server.GrpcLogAppender (GrpcLogAppender.java:onCompleted(558)) - 895d447a-5476-42e4-b2fa-6eb687701d46@group-6EF60CB14872->aa9634f0-8836-44d6-bc05-5b19fbdd93d5-AppendLogResponseHandler: follower responses appendEntries COMPLETED
2025-10-10 10:39:06,538 [grpc-default-executor-7] WARN  server.GrpcLogAppender (GrpcLogAppender.java:resetClient(237)) - 895d447a-5476-42e4-b2fa-6eb687701d46@group-6EF60CB14872->aa9634f0-8836-44d6-bc05-5b19fbdd93d5-GrpcLogAppender: Failed to getClient for aa9634f0-8836-44d6-bc05-5b19fbdd93d5
org.apache.ratis.protocol.exceptions.AlreadyClosedException: 895d447a-5476-42e4-b2fa-6eb687701d46 is already CLOSED
	at org.apache.ratis.util.PeerProxyMap$PeerAndProxy.getProxy(PeerProxyMap.java:67)
	at org.apache.ratis.util.PeerProxyMap.getProxy(PeerProxyMap.java:124)
	at org.apache.ratis.grpc.server.GrpcLogAppender.getClient(GrpcLogAppender.java:207)
	at org.apache.ratis.grpc.server.GrpcLogAppender.resetClient(GrpcLogAppender.java:212)
	at org.apache.ratis.grpc.server.GrpcLogAppender.access$800(GrpcLogAppender.java:70)
	at org.apache.ratis.grpc.server.GrpcLogAppender$AppendLogResponseHandler.onCompleted(GrpcLogAppender.java:559)
	at org.apache.ratis.thirdparty.io.grpc.stub.ClientCalls$StreamObserverToCallListenerAdapter.onClose(ClientCalls.java:562)
	at org.apache.ratis.thirdparty.io.grpc.internal.ClientCallImpl.closeObserver(ClientCallImpl.java:565)
	at org.apache.ratis.thirdparty.io.grpc.internal.ClientCallImpl.access$100(ClientCallImpl.java:72)
	at org.apache.ratis.thirdparty.io.grpc.internal.ClientCallImpl$ClientStreamListenerImpl$1StreamClosed.runInternal(ClientCallImpl.java:733)
	at org.apache.ratis.thirdparty.io.grpc.internal.ClientCallImpl$ClientStreamListenerImpl$1StreamClosed.runInContext(ClientCallImpl.java:714)
	at org.apache.ratis.thirdparty.io.grpc.internal.ContextRunnable.run(ContextRunnable.java:37)
	at org.apache.ratis.thirdparty.io.grpc.internal.SerializingExecutor.run(SerializingExecutor.java:133)
	at java.base/java.util.concurrent.ThreadPoolExecutor.runWorker(ThreadPoolExecutor.java:1144)
	at java.base/java.util.concurrent.ThreadPoolExecutor$Worker.run(ThreadPoolExecutor.java:642)
	at java.base/java.lang.Thread.run(Thread.java:1583)
2025-10-10 10:39:06,536 [895d447a-5476-42e4-b2fa-6eb687701d46@group-813C05265458-cacheEviction-AwaitToRun] INFO  util.AwaitToRun (AwaitToRun.java:run(49)) - 895d447a-5476-42e4-b2fa-6eb687701d46@group-813C05265458-cacheEviction-AwaitToRun-AwaitForSignal is interrupted
2025-10-10 10:39:06,537 [895d447a-5476-42e4-b2fa-6eb687701d46@group-6EF60CB14872-StateMachineUpdater] INFO  ratis.ContainerStateMachine (ContainerStateMachine.java:takeSnapshot(436)) - group-6EF60CB14872: Finished taking a snapshot at:(t:2, i:8) file:/home/runner/work/ozone/ozone/hadoop-ozone/integration-test/target/test-dir/MiniOzoneClusterImpl-611c99c7-d47b-4433-a4ef-cd0a35b076ef/ozone-metadata/datanode-9/ratis/56f6ef43-c50c-4d35-89b5-6ef60cb14872/sm/snapshot.2_8 took: 1 ms
2025-10-10 10:39:06,539 [895d447a-5476-42e4-b2fa-6eb687701d46@group-6EF60CB14872-StateMachineUpdater] INFO  impl.StateMachineUpdater (StateMachineUpdater.java:takeSnapshot(307)) - 895d447a-5476-42e4-b2fa-6eb687701d46@group-6EF60CB14872-StateMachineUpdater: Took a snapshot at index 8
2025-10-10 10:39:06,539 [895d447a-5476-42e4-b2fa-6eb687701d46@group-6EF60CB14872-StateMachineUpdater] INFO  impl.StateMachineUpdater (StateMachineUpdater.java:lambda$new$0(101)) - 895d447a-5476-42e4-b2fa-6eb687701d46@group-6EF60CB14872-StateMachineUpdater: snapshotIndex: updateIncreasingly -1 -> 8
2025-10-10 10:39:06,539 [895d447a-5476-42e4-b2fa-6eb687701d46@group-6EF60CB14872-StateMachineUpdater] INFO  impl.StateMachineUpdater (StateMachineUpdater.java:stop(140)) - 895d447a-5476-42e4-b2fa-6eb687701d46@group-6EF60CB14872-StateMachineUpdater: closing ContainerStateMachine, lastApplied=(t:2, i:8)
2025-10-10 10:39:06,539 [grpc-default-executor-4] WARN  server.GrpcServerProtocolService (LogUtils.java:warn(127)) - 895d447a-5476-42e4-b2fa-6eb687701d46: APPEND_ENTRIES onError, lastRequest: aa9634f0-8836-44d6-bc05-5b19fbdd93d5->895d447a-5476-42e4-b2fa-6eb687701d46#1-t1,previous=<PROTO_DEFAULT>,leaderCommit=-1,initializing? false,entries: size=1, first=(t:1, i:0), CONFIGURATIONENTRY(current:id:"aa9634f0-8836-44d6-bc05-5b19fbdd93d5"address:"127.0.0.1:15063"priority:1dataStreamAddress:"127.0.0.1:15064"clientAddress:"127.0.0.1:15061"adminAddress:"127.0.0.1:15062"startupRole:FOLLOWER, id:"36185c6b-22ce-45d1-a622-3a6b487a5a53"address:"127.0.0.1:15071"dataStreamAddress:"127.0.0.1:15072"clientAddress:"127.0.0.1:15069"adminAddress:"127.0.0.1:15070"startupRole:FOLLOWER, id:"895d447a-5476-42e4-b2fa-6eb687701d46"address:"127.0.0.1:15079"dataStreamAddress:"127.0.0.1:15080"clientAddress:"127.0.0.1:15077"adminAddress:"127.0.0.1:15078"startupRole:FOLLOWER, old:): org.apache.ratis.thirdparty.io.grpc.StatusRuntimeException: CANCELLED: client cancelled
2025-10-10 10:39:06,539 [ForkJoinPool-1-worker-1] INFO  server.GrpcServicesImpl (GrpcServicesImpl.java:closeImpl(364)) - 895d447a-5476-42e4-b2fa-6eb687701d46: shutdown server GrpcServerProtocolService successfully
2025-10-10 10:39:06,539 [ForkJoinPool-1-worker-1] INFO  server.GrpcServicesImpl (GrpcServicesImpl.java:closeImpl(355)) - 895d447a-5476-42e4-b2fa-6eb687701d46: shutdown server org.apache.ratis.grpc.server.GrpcAdminProtocolService now
2025-10-10 10:39:06,539 [grpc-default-executor-7] WARN  server.GrpcLogAppender (LogUtils.java:warn(127)) - aa9634f0-8836-44d6-bc05-5b19fbdd93d5@group-813C05265458->895d447a-5476-42e4-b2fa-6eb687701d46-AppendLogResponseHandler: Failed appendEntries: org.apache.ratis.thirdparty.io.grpc.StatusRuntimeException: CANCELLED: RST_STREAM closed stream. HTTP/2 error code: CANCEL
2025-10-10 10:39:06,539 [ForkJoinPool-1-worker-1] INFO  server.GrpcServicesImpl (GrpcServicesImpl.java:closeImpl(364)) - 895d447a-5476-42e4-b2fa-6eb687701d46: shutdown server org.apache.ratis.grpc.server.GrpcAdminProtocolService successfully
2025-10-10 10:39:06,539 [grpc-default-executor-3] WARN  server.GrpcServerProtocolService (LogUtils.java:warn(127)) - 895d447a-5476-42e4-b2fa-6eb687701d46: APPEND_ENTRIES onError, lastRequest: null: org.apache.ratis.thirdparty.io.grpc.StatusRuntimeException: CANCELLED: client cancelled
2025-10-10 10:39:06,540 [895d447a-5476-42e4-b2fa-6eb687701d46@group-6EF60CB14872-cacheEviction-AwaitToRun] INFO  util.AwaitToRun (AwaitToRun.java:run(49)) - 895d447a-5476-42e4-b2fa-6eb687701d46@group-6EF60CB14872-cacheEviction-AwaitToRun-AwaitForSignal is interrupted
2025-10-10 10:39:06,539 [grpc-default-executor-7] WARN  server.GrpcLogAppender (GrpcLogAppender.java:lambda$resetClient$1(228)) - aa9634f0-8836-44d6-bc05-5b19fbdd93d5@group-813C05265458->895d447a-5476-42e4-b2fa-6eb687701d46-GrpcLogAppender: Follower failed (request=null, errorCount=1); keep nextIndex (1) unchanged and retry.
2025-10-10 10:39:06,544 [895d447a-5476-42e4-b2fa-6eb687701d46-NettyServerStreamRpc-bossGroup--thread1] INFO  logging.LoggingHandler (AbstractInternalLogger.java:log(148)) - [id: 0x2dec2619, L:/0.0.0.0:15080] CLOSE
2025-10-10 10:39:06,544 [895d447a-5476-42e4-b2fa-6eb687701d46-NettyServerStreamRpc-bossGroup--thread1] INFO  logging.LoggingHandler (AbstractInternalLogger.java:log(148)) - [id: 0x2dec2619, L:/0.0.0.0:15080] INACTIVE
2025-10-10 10:39:06,544 [895d447a-5476-42e4-b2fa-6eb687701d46-NettyServerStreamRpc-bossGroup--thread1] INFO  logging.LoggingHandler (AbstractInternalLogger.java:log(148)) - [id: 0x2dec2619, L:/0.0.0.0:15080] UNREGISTERED
2025-10-10 10:39:06,608 [timer3] WARN  server.GrpcLogAppender (GrpcLogAppender.java:lambda$onNextImpl$0(527)) - 1a301c79-b9ef-44e0-a0ae-b339f61819a5@group-7E155E250634->bb95c33f-a3cb-4bbe-957e-8163c1fc1114-AppendLogResponseHandler: received INCONSISTENCY reply with nextIndex 5, errorCount=1, request=AppendEntriesRequest:cid=1,entriesCount=1,entry=(t:3, i:7)  (Repeated 2 times in the last 5.000s)
2025-10-10 10:39:06,649 [895d447a-5476-42e4-b2fa-6eb687701d46-impl-thread3] INFO  segmented.SegmentedRaftLogWorker (SegmentedRaftLogWorker.java:close(254)) - 895d447a-5476-42e4-b2fa-6eb687701d46@group-263A5124E6E8-SegmentedRaftLogWorker close()
2025-10-10 10:39:06,649 [895d447a-5476-42e4-b2fa-6eb687701d46-impl-thread3] INFO  ratis.ContainerStateMachine (ContainerStateMachine.java:notifyServerShutdown(1038)) - group-263A5124E6E8 is closed by HddsDatanodeService
2025-10-10 10:39:07,249 [895d447a-5476-42e4-b2fa-6eb687701d46-impl-thread4] INFO  segmented.SegmentedRaftLogWorker (SegmentedRaftLogWorker.java:close(254)) - 895d447a-5476-42e4-b2fa-6eb687701d46@group-6EF60CB14872-SegmentedRaftLogWorker close()
2025-10-10 10:39:07,250 [895d447a-5476-42e4-b2fa-6eb687701d46-impl-thread4] INFO  ratis.ContainerStateMachine (ContainerStateMachine.java:notifyServerShutdown(1038)) - group-6EF60CB14872 is closed by HddsDatanodeService
2025-10-10 10:39:07,303 [895d447a-5476-42e4-b2fa-6eb687701d46-impl-thread2] INFO  segmented.SegmentedRaftLogWorker (SegmentedRaftLogWorker.java:close(254)) - 895d447a-5476-42e4-b2fa-6eb687701d46@group-813C05265458-SegmentedRaftLogWorker close()
2025-10-10 10:39:07,304 [895d447a-5476-42e4-b2fa-6eb687701d46-impl-thread2] INFO  ratis.ContainerStateMachine (ContainerStateMachine.java:notifyServerShutdown(1038)) - group-813C05265458 is closed by HddsDatanodeService
2025-10-10 10:39:07,304 [JvmPauseMonitor11] INFO  util.JvmPauseMonitor (JvmPauseMonitor.java:run(152)) - JvmPauseMonitor-895d447a-5476-42e4-b2fa-6eb687701d46: Stopped
2025-10-10 10:39:07,312 [aa9634f0-8836-44d6-bc05-5b19fbdd93d5@group-813C05265458-LeaderStateImpl] WARN  server.RaftServer$Division (LeaderStateImpl.java:checkLeadership(1121)) - aa9634f0-8836-44d6-bc05-5b19fbdd93d5@group-813C05265458-LeaderStateImpl: Lost leadership on term: 1. Election timeout: 1200ms. In charge for: 78050ms. Conf: conf: {index: 0, cur=peers:[aa9634f0-8836-44d6-bc05-5b19fbdd93d5|127.0.0.1:15063, 36185c6b-22ce-45d1-a622-3a6b487a5a53|127.0.0.1:15071, 895d447a-5476-42e4-b2fa-6eb687701d46|127.0.0.1:15079]|listeners:[], old=null}
2025-10-10 10:39:07,312 [aa9634f0-8836-44d6-bc05-5b19fbdd93d5@group-813C05265458-LeaderStateImpl] WARN  server.RaftServer$Division (LeaderStateImpl.java:lambda$checkLeadership$20(1125)) - Follower aa9634f0-8836-44d6-bc05-5b19fbdd93d5@group-813C05265458->36185c6b-22ce-45d1-a622-3a6b487a5a53(c0,m0,n1, caughtUp=true, lastRpcSendTime=204, lastRpcResponseTime=3786)
2025-10-10 10:39:07,312 [aa9634f0-8836-44d6-bc05-5b19fbdd93d5@group-813C05265458-LeaderStateImpl] WARN  server.RaftServer$Division (LeaderStateImpl.java:lambda$checkLeadership$20(1125)) - Follower aa9634f0-8836-44d6-bc05-5b19fbdd93d5@group-813C05265458->895d447a-5476-42e4-b2fa-6eb687701d46(c0,m0,n1, caughtUp=true, lastRpcSendTime=23, lastRpcResponseTime=1280)
2025-10-10 10:39:07,312 [aa9634f0-8836-44d6-bc05-5b19fbdd93d5@group-813C05265458-LeaderStateImpl] INFO  server.RaftServer$Division (RaftServerImpl.java:setRole(392)) - aa9634f0-8836-44d6-bc05-5b19fbdd93d5@group-813C05265458: changes role from    LEADER to FOLLOWER at term 1 for StepDownReason:LOST_MAJORITY_HEARTBEATS
2025-10-10 10:39:07,313 [aa9634f0-8836-44d6-bc05-5b19fbdd93d5@group-813C05265458-LeaderStateImpl] INFO  impl.RoleInfo (RoleInfo.java:shutdownLeaderState(103)) - aa9634f0-8836-44d6-bc05-5b19fbdd93d5: shutdown aa9634f0-8836-44d6-bc05-5b19fbdd93d5@group-813C05265458-LeaderStateImpl
2025-10-10 10:39:07,313 [aa9634f0-8836-44d6-bc05-5b19fbdd93d5@group-813C05265458->895d447a-5476-42e4-b2fa-6eb687701d46-GrpcLogAppender-LogAppenderDaemon] WARN  server.GrpcLogAppender (GrpcLogAppender.java:mayWait(300)) - aa9634f0-8836-44d6-bc05-5b19fbdd93d5@group-813C05265458->895d447a-5476-42e4-b2fa-6eb687701d46-GrpcLogAppender: Wait interrupted by java.lang.InterruptedException
2025-10-10 10:39:07,313 [aa9634f0-8836-44d6-bc05-5b19fbdd93d5@group-813C05265458-LeaderStateImpl] INFO  impl.PendingRequests (PendingRequests.java:sendNotLeaderResponses(287)) - aa9634f0-8836-44d6-bc05-5b19fbdd93d5@group-813C05265458-PendingRequests: sendNotLeaderResponses
2025-10-10 10:39:07,313 [aa9634f0-8836-44d6-bc05-5b19fbdd93d5@group-813C05265458->36185c6b-22ce-45d1-a622-3a6b487a5a53-GrpcLogAppender-LogAppenderDaemon] WARN  server.GrpcLogAppender (GrpcLogAppender.java:mayWait(300)) - aa9634f0-8836-44d6-bc05-5b19fbdd93d5@group-813C05265458->36185c6b-22ce-45d1-a622-3a6b487a5a53-GrpcLogAppender: Wait interrupted by java.lang.InterruptedException
2025-10-10 10:39:07,314 [aa9634f0-8836-44d6-bc05-5b19fbdd93d5@group-813C05265458-LeaderStateImpl] INFO  server.RaftServer$Division (ServerState.java:setLeader(272)) - aa9634f0-8836-44d6-bc05-5b19fbdd93d5@group-813C05265458: change Leader from aa9634f0-8836-44d6-bc05-5b19fbdd93d5 to null at term 1 for StepDownReason:LOST_MAJORITY_HEARTBEATS
2025-10-10 10:39:07,314 [aa9634f0-8836-44d6-bc05-5b19fbdd93d5@group-813C05265458-LeaderStateImpl] INFO  impl.RoleInfo (RoleInfo.java:updateAndGet(148)) - aa9634f0-8836-44d6-bc05-5b19fbdd93d5: start aa9634f0-8836-44d6-bc05-5b19fbdd93d5@group-813C05265458-FollowerState
2025-10-10 10:39:07,838 [timer4] INFO  server.GrpcServerProtocolService (GrpcServerProtocolService.java:lambda$onCompleted$6(171)) - 43369f36-6a0f-45ae-a8eb-f0d390948370: Completed APPEND_ENTRIES, lastRequest: null  (Repeated 2 times in the last 5.000s)
2025-10-10 10:39:07,838 [timer6] INFO  server.GrpcServerProtocolService (GrpcServerProtocolService.java:lambda$onCompleted$6(171)) - bb95c33f-a3cb-4bbe-957e-8163c1fc1114: Completed APPEND_ENTRIES, lastRequest: null  (Repeated 2 times in the last 5.001s)
2025-10-10 10:39:07,838 [timer5] INFO  server.GrpcServerProtocolService (GrpcServerProtocolService.java:lambda$null$7(175)) - 43369f36-6a0f-45ae-a8eb-f0d390948370: Completed APPEND_ENTRIES, lastReply: serverReply {
  requestorId: "1a301c79-b9ef-44e0-a0ae-b339f61819a5"
  replyId: "43369f36-6a0f-45ae-a8eb-f0d390948370"
  raftGroupId {
    id: "oI\210]\243MF}\202V~\025^%\0064"
  }
  callId: 7
  success: true
}
term: 3
nextIndex: 9
followerCommit: 8
matchIndex: 18446744073709551615
isHearbeat: true
  (Repeated 2 times in the last 5.001s)
2025-10-10 10:39:07,838 [timer7] INFO  server.GrpcServerProtocolService (GrpcServerProtocolService.java:lambda$null$7(175)) - bb95c33f-a3cb-4bbe-957e-8163c1fc1114: Completed APPEND_ENTRIES, lastReply: serverReply {
  requestorId: "1a301c79-b9ef-44e0-a0ae-b339f61819a5"
  replyId: "bb95c33f-a3cb-4bbe-957e-8163c1fc1114"
  raftGroupId {
    id: "oI\210]\243MF}\202V~\025^%\0064"
  }
  callId: 12
  success: true
}
term: 3
nextIndex: 9
followerCommit: 8
matchIndex: 18446744073709551615
isHearbeat: true
  (Repeated 2 times in the last 5.000s)
2025-10-10 10:39:08,316 [aa9634f0-8836-44d6-bc05-5b19fbdd93d5@group-813C05265458-FollowerState] INFO  impl.FollowerState (FollowerState.java:lostMajorityHeartbeatsRecently(113)) - aa9634f0-8836-44d6-bc05-5b19fbdd93d5@group-813C05265458-FollowerState: Skipping leader election since it stepped down recently (elapsed = 1002ms < waitTime = 10s)
2025-10-10 10:39:08,549 [aa9634f0-8836-44d6-bc05-5b19fbdd93d5@group-6EF60CB14872-FollowerState] INFO  impl.FollowerState (FollowerState.java:runImpl(161)) - aa9634f0-8836-44d6-bc05-5b19fbdd93d5@group-6EF60CB14872-FollowerState: change to CANDIDATE, lastRpcElapsedTime:2297726346ns, electionTimeout:1200ms
2025-10-10 10:39:08,549 [aa9634f0-8836-44d6-bc05-5b19fbdd93d5@group-6EF60CB14872-FollowerState] INFO  impl.RoleInfo (RoleInfo.java:shutdownFollowerState(121)) - aa9634f0-8836-44d6-bc05-5b19fbdd93d5: shutdown aa9634f0-8836-44d6-bc05-5b19fbdd93d5@group-6EF60CB14872-FollowerState
2025-10-10 10:39:08,549 [aa9634f0-8836-44d6-bc05-5b19fbdd93d5@group-6EF60CB14872-FollowerState] INFO  server.RaftServer$Division (RaftServerImpl.java:setRole(392)) - aa9634f0-8836-44d6-bc05-5b19fbdd93d5@group-6EF60CB14872: changes role from  FOLLOWER to CANDIDATE at term 2 for changeToCandidate
2025-10-10 10:39:08,549 [aa9634f0-8836-44d6-bc05-5b19fbdd93d5@group-6EF60CB14872-FollowerState] INFO  impl.RoleInfo (RoleInfo.java:updateAndGet(148)) - aa9634f0-8836-44d6-bc05-5b19fbdd93d5: start aa9634f0-8836-44d6-bc05-5b19fbdd93d5@group-6EF60CB14872-LeaderElection149
2025-10-10 10:39:08,549 [aa9634f0-8836-44d6-bc05-5b19fbdd93d5@group-6EF60CB14872-LeaderElection149] INFO  server.RaftServer$Division (ServerState.java:setLeader(272)) - aa9634f0-8836-44d6-bc05-5b19fbdd93d5@group-6EF60CB14872: change Leader from 895d447a-5476-42e4-b2fa-6eb687701d46 to null at term 2 for PRE_VOTE
2025-10-10 10:39:08,550 [aa9634f0-8836-44d6-bc05-5b19fbdd93d5@group-6EF60CB14872-LeaderElection149] INFO  impl.LeaderElection (LeaderElection.java:askForVotes(448)) - aa9634f0-8836-44d6-bc05-5b19fbdd93d5@group-6EF60CB14872-LeaderElection149 PRE_VOTE round 0: submit vote requests at term 2 for conf: {index: 7, cur=peers:[aa9634f0-8836-44d6-bc05-5b19fbdd93d5|127.0.0.1:15063, 36185c6b-22ce-45d1-a622-3a6b487a5a53|127.0.0.1:15071, 895d447a-5476-42e4-b2fa-6eb687701d46|127.0.0.1:15079]|listeners:[], old=null}
2025-10-10 10:39:08,550 [aa9634f0-8836-44d6-bc05-5b19fbdd93d5@group-6EF60CB14872-LeaderElection149] INFO  impl.LeaderElection (LogUtils.java:infoOrTrace(142)) - aa9634f0-8836-44d6-bc05-5b19fbdd93d5@group-6EF60CB14872-LeaderElection149 got exception when requesting votes: java.util.concurrent.ExecutionException: org.apache.ratis.thirdparty.io.grpc.StatusRuntimeException: UNAVAILABLE: io exception
2025-10-10 10:39:08,550 [aa9634f0-8836-44d6-bc05-5b19fbdd93d5@group-6EF60CB14872-LeaderElection149] INFO  impl.LeaderElection (LogUtils.java:infoOrTrace(142)) - aa9634f0-8836-44d6-bc05-5b19fbdd93d5@group-6EF60CB14872-LeaderElection149 got exception when requesting votes: java.util.concurrent.ExecutionException: org.apache.ratis.thirdparty.io.grpc.StatusRuntimeException: UNAVAILABLE: io exception
2025-10-10 10:39:08,550 [aa9634f0-8836-44d6-bc05-5b19fbdd93d5@group-6EF60CB14872-LeaderElection149] INFO  impl.LeaderElection (LeaderElection.java:logAndReturn(206)) - aa9634f0-8836-44d6-bc05-5b19fbdd93d5@group-6EF60CB14872-LeaderElection149: PRE_VOTE REJECTED received 0 response(s) and 2 exception(s):
2025-10-10 10:39:08,550 [aa9634f0-8836-44d6-bc05-5b19fbdd93d5@group-6EF60CB14872-LeaderElection149] INFO  impl.LeaderElection (LogUtils.java:infoOrTrace(142)) -   Exception 0: java.util.concurrent.ExecutionException: org.apache.ratis.thirdparty.io.grpc.StatusRuntimeException: UNAVAILABLE: io exception
2025-10-10 10:39:08,550 [aa9634f0-8836-44d6-bc05-5b19fbdd93d5@group-6EF60CB14872-LeaderElection149] INFO  impl.LeaderElection (LogUtils.java:infoOrTrace(142)) -   Exception 1: java.util.concurrent.ExecutionException: org.apache.ratis.thirdparty.io.grpc.StatusRuntimeException: UNAVAILABLE: io exception
2025-10-10 10:39:08,550 [aa9634f0-8836-44d6-bc05-5b19fbdd93d5@group-6EF60CB14872-LeaderElection149] INFO  impl.LeaderElection (LeaderElection.java:askForVotes(450)) - aa9634f0-8836-44d6-bc05-5b19fbdd93d5@group-6EF60CB14872-LeaderElection149 PRE_VOTE round 0: result REJECTED
2025-10-10 10:39:08,550 [aa9634f0-8836-44d6-bc05-5b19fbdd93d5@group-6EF60CB14872-LeaderElection149] INFO  server.RaftServer$Division (RaftServerImpl.java:setRole(392)) - aa9634f0-8836-44d6-bc05-5b19fbdd93d5@group-6EF60CB14872: changes role from CANDIDATE to FOLLOWER at term 2 for REJECTED
2025-10-10 10:39:08,550 [aa9634f0-8836-44d6-bc05-5b19fbdd93d5@group-6EF60CB14872-LeaderElection149] INFO  impl.RoleInfo (RoleInfo.java:shutdownLeaderElection(141)) - aa9634f0-8836-44d6-bc05-5b19fbdd93d5: shutdown aa9634f0-8836-44d6-bc05-5b19fbdd93d5@group-6EF60CB14872-LeaderElection149
2025-10-10 10:39:08,550 [aa9634f0-8836-44d6-bc05-5b19fbdd93d5@group-6EF60CB14872-LeaderElection149] INFO  impl.RoleInfo (RoleInfo.java:updateAndGet(148)) - aa9634f0-8836-44d6-bc05-5b19fbdd93d5: start aa9634f0-8836-44d6-bc05-5b19fbdd93d5@group-6EF60CB14872-FollowerState
2025-10-10 10:39:08,648 [timer2] INFO  server.GrpcServerProtocolService (GrpcServerProtocolService.java:lambda$null$7(175)) - 895d447a-5476-42e4-b2fa-6eb687701d46: Completed APPEND_ENTRIES, lastReply: null  (Repeated 2 times in the last 5.000s)
2025-10-10 10:39:08,648 [timer1] INFO  server.GrpcServerProtocolService (GrpcServerProtocolService.java:lambda$onCompleted$6(171)) - 895d447a-5476-42e4-b2fa-6eb687701d46: Completed APPEND_ENTRIES, lastRequest: 36185c6b-22ce-45d1-a622-3a6b487a5a53->895d447a-5476-42e4-b2fa-6eb687701d46#166-t1,previous=(t:1, i:5),leaderCommit=5,initializing? false,entries: size=1, first=(t:1, i:6), METADATAENTRY(c:5)  (Repeated 2 times in the last 5.001s)
2025-10-10 10:39:08,649 [timer3] INFO  server.GrpcServerProtocolService (GrpcServerProtocolService.java:lambda$onCompleted$6(171)) - aa9634f0-8836-44d6-bc05-5b19fbdd93d5: Completed APPEND_ENTRIES, lastRequest: null  (Repeated 4 times in the last 5.000s)
2025-10-10 10:39:08,649 [timer4] INFO  server.GrpcServerProtocolService (GrpcServerProtocolService.java:lambda$null$7(175)) - aa9634f0-8836-44d6-bc05-5b19fbdd93d5: Completed APPEND_ENTRIES, lastReply: serverReply {
  requestorId: "895d447a-5476-42e4-b2fa-6eb687701d46"
  replyId: "aa9634f0-8836-44d6-bc05-5b19fbdd93d5"
  raftGroupId {
    id: "V\366\357C\305\fM5\211\265n\366\f\261Hr"
  }
  callId: 5
  success: true
}
term: 2
nextIndex: 9
followerCommit: 8
matchIndex: 18446744073709551615
isHearbeat: true
  (Repeated 4 times in the last 5.000s)
2025-10-10 10:39:08,661 [timer5] WARN  server.GrpcLogAppender (LogUtils.java:warn(127)) - aa9634f0-8836-44d6-bc05-5b19fbdd93d5@group-813C05265458->36185c6b-22ce-45d1-a622-3a6b487a5a53-AppendLogResponseHandler: Failed appendEntries (Repeated 16 times in the last 5.000s): org.apache.ratis.thirdparty.io.grpc.StatusRuntimeException: UNAVAILABLE: io exception
  Caused by: org.apache.ratis.thirdparty.io.netty.channel.AbstractChannel$AnnotatedConnectException: finishConnect(..) failed: Connection refused: /127.0.0.1:15071
  Caused by: java.net.ConnectException: finishConnect(..) failed: Connection refused
2025-10-10 10:39:08,661 [timer6] WARN  server.GrpcLogAppender (GrpcLogAppender.java:lambda$resetClient$1(228)) - aa9634f0-8836-44d6-bc05-5b19fbdd93d5@group-813C05265458->36185c6b-22ce-45d1-a622-3a6b487a5a53-GrpcLogAppender: Follower failed (request=null, errorCount=16); keep nextIndex (1) unchanged and retry. (Repeated 16 times in the last 5.001s)
2025-10-10 10:39:09,308 [ForkJoinPool-1-worker-1] INFO  utils.DatanodeStoreCache (DatanodeStoreCache.java:shutdownCache(110)) - Skip clearing cache in mini cluster mode. Entries left: [/home/runner/work/ozone/ozone/hadoop-ozone/integration-test/target/test-dir/MiniOzoneClusterImpl-611c99c7-d47b-4433-a4ef-cd0a35b076ef/ozone-metadata/datanode-1/data-0/hdds/611c99c7-d47b-4433-a4ef-cd0a35b076ef/DS-e04c2270-6553-4caa-98e6-0f32c0982bff/container.db, /home/runner/work/ozone/ozone/hadoop-ozone/integration-test/target/test-dir/MiniOzoneClusterImpl-611c99c7-d47b-4433-a4ef-cd0a35b076ef/ozone-metadata/datanode-10/data-0/hdds/611c99c7-d47b-4433-a4ef-cd0a35b076ef/DS-acbb0b19-c57c-43af-ab83-47b2913905c6/container.db, /home/runner/work/ozone/ozone/hadoop-ozone/integration-test/target/test-dir/MiniOzoneClusterImpl-611c99c7-d47b-4433-a4ef-cd0a35b076ef/ozone-metadata/datanode-2/data-0/hdds/611c99c7-d47b-4433-a4ef-cd0a35b076ef/DS-dbeeb2d7-87c9-464d-a232-67ecec18d322/container.db, /home/runner/work/ozone/ozone/hadoop-ozone/integration-test/target/test-dir/MiniOzoneClusterImpl-611c99c7-d47b-4433-a4ef-cd0a35b076ef/ozone-metadata/datanode-3/data-0/hdds/611c99c7-d47b-4433-a4ef-cd0a35b076ef/DS-96d12f97-f01f-4e1a-aadc-cb85e2aa7b77/container.db, /home/runner/work/ozone/ozone/hadoop-ozone/integration-test/target/test-dir/MiniOzoneClusterImpl-611c99c7-d47b-4433-a4ef-cd0a35b076ef/ozone-metadata/datanode-4/data-0/hdds/611c99c7-d47b-4433-a4ef-cd0a35b076ef/DS-d0f0d2dd-b347-4b79-bac2-49cc0e8748a5/container.db, /home/runner/work/ozone/ozone/hadoop-ozone/integration-test/target/test-dir/MiniOzoneClusterImpl-611c99c7-d47b-4433-a4ef-cd0a35b076ef/ozone-metadata/datanode-5/data-0/hdds/611c99c7-d47b-4433-a4ef-cd0a35b076ef/DS-4e487a0b-bc01-4abe-bc19-325c11ca8c9e/container.db, /home/runner/work/ozone/ozone/hadoop-ozone/integration-test/target/test-dir/MiniOzoneClusterImpl-611c99c7-d47b-4433-a4ef-cd0a35b076ef/ozone-metadata/datanode-6/data-0/hdds/611c99c7-d47b-4433-a4ef-cd0a35b076ef/DS-2abecbaf-9058-465c-9862-40fcfa0a7bd5/container.db, /home/runner/work/ozone/ozone/hadoop-ozone/integration-test/target/test-dir/MiniOzoneClusterImpl-611c99c7-d47b-4433-a4ef-cd0a35b076ef/ozone-metadata/datanode-7/data-0/hdds/611c99c7-d47b-4433-a4ef-cd0a35b076ef/DS-c4bde162-9ff2-4380-9d2e-b89c9d2de98d/container.db, /home/runner/work/ozone/ozone/hadoop-ozone/integration-test/target/test-dir/MiniOzoneClusterImpl-611c99c7-d47b-4433-a4ef-cd0a35b076ef/ozone-metadata/datanode-9/data-0/hdds/611c99c7-d47b-4433-a4ef-cd0a35b076ef/DS-8fb42501-9102-4ac6-a22c-4421d3850807/container.db]
2025-10-10 10:39:09,309 [ForkJoinPool-1-worker-1] INFO  utils.DatanodeStoreCache (DatanodeStoreCache.java:removeDB(104)) - Removed db /home/runner/work/ozone/ozone/hadoop-ozone/integration-test/target/test-dir/MiniOzoneClusterImpl-611c99c7-d47b-4433-a4ef-cd0a35b076ef/ozone-metadata/datanode-9/data-0/hdds/611c99c7-d47b-4433-a4ef-cd0a35b076ef/DS-8fb42501-9102-4ac6-a22c-4421d3850807/container.db from cache
2025-10-10 10:39:09,309 [ForkJoinPool-1-worker-1] INFO  volume.HddsVolume (HddsVolume.java:closeDbStore(609)) - SchemaV3 db is stopped at /home/runner/work/ozone/ozone/hadoop-ozone/integration-test/target/test-dir/MiniOzoneClusterImpl-611c99c7-d47b-4433-a4ef-cd0a35b076ef/ozone-metadata/datanode-9/data-0/hdds/611c99c7-d47b-4433-a4ef-cd0a35b076ef/DS-8fb42501-9102-4ac6-a22c-4421d3850807/container.db for volume DS-8fb42501-9102-4ac6-a22c-4421d3850807
2025-10-10 10:39:09,309 [ForkJoinPool-1-worker-1] INFO  utils.BackgroundService (BackgroundService.java:shutdown(195)) - Shutting down service BlockDeletingService
2025-10-10 10:39:09,310 [ForkJoinPool-1-worker-1] INFO  utils.BackgroundService (BackgroundService.java:shutdown(195)) - Shutting down service StaleRecoveringContainerScrubbingService
2025-10-10 10:39:09,311 [ForkJoinPool-1-worker-1] INFO  statemachine.DatanodeStateMachine (DatanodeStateMachine.java:stopDaemon(654)) - Ozone container server stopped.
2025-10-10 10:39:09,326 [ForkJoinPool-1-worker-1] INFO  handler.ContextHandler (ContextHandler.java:doStop(1159)) - Stopped o.e.j.w.WebAppContext@43fbbd84{hddsDatanode,/,null,STOPPED}{jar:file:/home/runner/work/ozone/ozone/hadoop-hdds/container-service/target/hdds-container-service-2.1.0-SNAPSHOT.jar!/webapps/hddsDatanode}
2025-10-10 10:39:09,326 [ForkJoinPool-1-worker-1] INFO  server.AbstractConnector (AbstractConnector.java:doStop(383)) - Stopped ServerConnector@6ca22415{HTTP/1.1, (http/1.1)}{0.0.0.0:15074}
2025-10-10 10:39:09,327 [ForkJoinPool-1-worker-1] INFO  server.session (HouseKeeper.java:stopScavenging(149)) - node0 Stopped scavenging
2025-10-10 10:39:09,327 [ForkJoinPool-1-worker-1] INFO  handler.ContextHandler (ContextHandler.java:doStop(1159)) - Stopped o.e.j.s.ServletContextHandler@1e510e1e{static,/static,jar:file:/home/runner/work/ozone/ozone/hadoop-hdds/container-service/target/hdds-container-service-2.1.0-SNAPSHOT.jar!/webapps/static,STOPPED}
2025-10-10 10:39:09,327 [ForkJoinPool-1-worker-1] INFO  handler.ContextHandler (ContextHandler.java:doStop(1159)) - Stopped o.e.j.s.ServletContextHandler@74611aaa{logs,/logs,file:///home/runner/work/ozone/ozone/hadoop-ozone/integration-test/target/log,STOPPED}
2025-10-10 10:39:09,328 [ForkJoinPool-1-worker-1] INFO  ozone.HddsDatanodeClientProtocolServer (HddsDatanodeClientProtocolServer.java:stop(82)) - Stopping the RPC server for Client Protocol
2025-10-10 10:39:09,328 [ForkJoinPool-1-worker-1] INFO  ipc.Server (Server.java:stop(3697)) - Stopping server on 15075
2025-10-10 10:39:09,329 [IPC Server listener on 15075] INFO  ipc.Server (Server.java:run(1585)) - Stopping IPC Server listener on 15075
2025-10-10 10:39:09,329 [IPC Server Responder] INFO  ipc.Server (Server.java:run(1718)) - Stopping IPC Server Responder
2025-10-10 10:39:09,331 [ForkJoinPool-1-worker-1] ERROR impl.OrderedAsync (OrderedAsync.java:lambda$null$6(215)) -  client-917D4E751540: Failed* RaftClientRequest:client-917D4E751540->36185c6b-22ce-45d1-a622-3a6b487a5a53@group-6EF60CB14872, cid=48, seq=6, RW, cmdType: WriteChunk traceID: "" containerID: 6 datanodeUuid: "36185c6b-22ce-45d1-a622-3a6b487a5a53" writeChunk { blockID { containerID: 6 localID: 115816896921600006 blockCommitSequenceId: 0 replicaIndex: 0 } chunkData { chunkName: "115816896921600006_chunk_1" offset: 0 len: 524288 } } version: 3, data.size=524288
java.util.concurrent.CompletionException: org.apache.ratis.protocol.exceptions.AlreadyClosedException: client-917D4E751540->36185c6b-22ce-45d1-a622-3a6b487a5a53 is closed.
	at java.base/java.util.concurrent.CompletableFuture.encodeThrowable(CompletableFuture.java:332)
	at java.base/java.util.concurrent.CompletableFuture.uniAcceptNow(CompletableFuture.java:747)
	at java.base/java.util.concurrent.CompletableFuture.uniAcceptStage(CompletableFuture.java:735)
	at java.base/java.util.concurrent.CompletableFuture.thenAccept(CompletableFuture.java:2214)
	at org.apache.ratis.client.impl.OrderedAsync.sendRequestWithRetry(OrderedAsync.java:206)
	at org.apache.ratis.util.SlidingWindow$Client.sendOrDelayRequest(SlidingWindow.java:306)
	at org.apache.ratis.util.SlidingWindow$Client.submitNewRequest(SlidingWindow.java:294)
	at org.apache.ratis.client.impl.OrderedAsync.send(OrderedAsync.java:173)
	at org.apache.ratis.client.impl.AsyncImpl.send(AsyncImpl.java:41)
	at org.apache.ratis.client.impl.AsyncImpl.send(AsyncImpl.java:46)
	at org.apache.ratis.client.api.AsyncApi.send(AsyncApi.java:46)
	at org.apache.hadoop.hdds.scm.XceiverClientRatis.lambda$sendRequestAsync$3(XceiverClientRatis.java:270)
	at org.apache.hadoop.hdds.tracing.TracingUtil.executeInSpan(TracingUtil.java:205)
	at org.apache.hadoop.hdds.tracing.TracingUtil.executeInNewSpan(TracingUtil.java:195)
	at org.apache.hadoop.hdds.scm.XceiverClientRatis.sendRequestAsync(XceiverClientRatis.java:255)
	at org.apache.hadoop.hdds.scm.XceiverClientRatis.sendCommandAsync(XceiverClientRatis.java:368)
	at org.apache.hadoop.hdds.scm.storage.ContainerProtocolCalls.writeChunkAsync(ContainerProtocolCalls.java:470)
	at org.apache.hadoop.hdds.scm.storage.BlockOutputStream.writeChunkToContainer(BlockOutputStream.java:965)
	at org.apache.hadoop.hdds.scm.storage.BlockOutputStream.writeChunk(BlockOutputStream.java:663)
	at org.apache.hadoop.hdds.scm.storage.BlockOutputStream.handleFlushInternalSynchronized(BlockOutputStream.java:754)
	at org.apache.hadoop.hdds.scm.storage.BlockOutputStream.lambda$handleFlushInternal$8(BlockOutputStream.java:703)
	at org.apache.hadoop.ozone.util.MetricUtil.captureLatencyNs(MetricUtil.java:45)
	at org.apache.hadoop.hdds.scm.storage.BlockOutputStream.handleFlushInternal(BlockOutputStream.java:702)
	at org.apache.hadoop.hdds.scm.storage.BlockOutputStream.handleFlush(BlockOutputStream.java:678)
	at org.apache.hadoop.hdds.scm.storage.BlockOutputStream.close(BlockOutputStream.java:789)
	at org.apache.hadoop.ozone.client.io.BlockOutputStreamEntry.close(BlockOutputStreamEntry.java:217)
	at org.apache.hadoop.ozone.client.io.KeyOutputStream.handleStreamAction(KeyOutputStream.java:613)
	at org.apache.hadoop.ozone.client.io.KeyOutputStream.handleFlushOrClose(KeyOutputStream.java:581)
	at org.apache.hadoop.ozone.client.io.KeyOutputStream.closeInternal(KeyOutputStream.java:647)
	at org.apache.hadoop.ozone.client.io.KeyOutputStream.doInWriteLock(KeyOutputStream.java:251)
	at org.apache.hadoop.ozone.client.io.KeyOutputStream.close(KeyOutputStream.java:638)
	at org.apache.hadoop.ozone.client.io.OzoneOutputStream.close(OzoneOutputStream.java:104)
	at org.apache.hadoop.ozone.client.rpc.TestFailureHandlingByClient.testWriteSmallFile(TestFailureHandlingByClient.java:350)
	at java.base/jdk.internal.reflect.DirectMethodHandleAccessor.invoke(DirectMethodHandleAccessor.java:103)
	at java.base/java.lang.reflect.Method.invoke(Method.java:580)
	at org.junit.platform.commons.util.ReflectionUtils.invokeMethod(ReflectionUtils.java:786)
	at org.junit.platform.commons.support.ReflectionSupport.invokeMethod(ReflectionSupport.java:514)
	at org.junit.jupiter.engine.execution.MethodInvocation.proceed(MethodInvocation.java:60)
	at org.junit.jupiter.engine.execution.InvocationInterceptorChain$ValidatingInvocation.proceed(InvocationInterceptorChain.java:131)
	at org.junit.jupiter.engine.extension.SameThreadTimeoutInvocation.proceed(SameThreadTimeoutInvocation.java:49)
	at org.junit.jupiter.engine.extension.TimeoutExtension.intercept(TimeoutExtension.java:161)
	at org.junit.jupiter.engine.extension.TimeoutExtension.interceptTestableMethod(TimeoutExtension.java:152)
	at org.junit.jupiter.engine.extension.TimeoutExtension.interceptTestMethod(TimeoutExtension.java:91)
	at org.junit.jupiter.engine.execution.InterceptingExecutableInvoker$ReflectiveInterceptorCall.lambda$ofVoidMethod$0(InterceptingExecutableInvoker.java:112)
	at org.junit.jupiter.engine.execution.InterceptingExecutableInvoker.lambda$invoke$0(InterceptingExecutableInvoker.java:94)
	at org.junit.jupiter.engine.execution.InvocationInterceptorChain$InterceptedInvocation.proceed(InvocationInterceptorChain.java:106)
	at org.junit.jupiter.engine.execution.InvocationInterceptorChain.proceed(InvocationInterceptorChain.java:64)
	at org.junit.jupiter.engine.execution.InvocationInterceptorChain.chainAndInvoke(InvocationInterceptorChain.java:45)
	at org.junit.jupiter.engine.execution.InvocationInterceptorChain.invoke(InvocationInterceptorChain.java:37)
	at org.junit.jupiter.engine.execution.InterceptingExecutableInvoker.invoke(InterceptingExecutableInvoker.java:93)
	at org.junit.jupiter.engine.execution.InterceptingExecutableInvoker.invoke(InterceptingExecutableInvoker.java:87)
	at org.junit.jupiter.engine.descriptor.TestMethodTestDescriptor.lambda$invokeTestMethod$4(TestMethodTestDescriptor.java:221)
	at org.junit.platform.engine.support.hierarchical.ThrowableCollector.execute(ThrowableCollector.java:73)
	at org.junit.jupiter.engine.descriptor.TestMethodTestDescriptor.invokeTestMethod(TestMethodTestDescriptor.java:217)
	at org.junit.jupiter.engine.descriptor.TestMethodTestDescriptor.execute(TestMethodTestDescriptor.java:159)
	at org.junit.jupiter.engine.descriptor.TestMethodTestDescriptor.execute(TestMethodTestDescriptor.java:70)
	at org.junit.platform.engine.support.hierarchical.NodeTestTask.lambda$executeRecursively$6(NodeTestTask.java:157)
	at org.junit.platform.engine.support.hierarchical.ThrowableCollector.execute(ThrowableCollector.java:73)
	at org.junit.platform.engine.support.hierarchical.NodeTestTask.lambda$executeRecursively$8(NodeTestTask.java:147)
	at org.junit.platform.engine.support.hierarchical.Node.around(Node.java:137)
	at org.junit.platform.engine.support.hierarchical.NodeTestTask.lambda$executeRecursively$9(NodeTestTask.java:145)
	at org.junit.platform.engine.support.hierarchical.ThrowableCollector.execute(ThrowableCollector.java:73)
	at org.junit.platform.engine.support.hierarchical.NodeTestTask.executeRecursively(NodeTestTask.java:144)
	at org.junit.platform.engine.support.hierarchical.NodeTestTask.execute(NodeTestTask.java:101)
	at org.junit.platform.engine.support.hierarchical.ForkJoinPoolHierarchicalTestExecutorService$ExclusiveTask.exec(ForkJoinPoolHierarchicalTestExecutorService.java:274)
	at org.junit.platform.engine.support.hierarchical.ForkJoinPoolHierarchicalTestExecutorService$ExclusiveTask.execSync(ForkJoinPoolHierarchicalTestExecutorService.java:247)
	at org.junit.platform.engine.support.hierarchical.ForkJoinPoolHierarchicalTestExecutorService.executeSync(ForkJoinPoolHierarchicalTestExecutorService.java:194)
	at org.junit.platform.engine.support.hierarchical.ForkJoinPoolHierarchicalTestExecutorService.invokeAll(ForkJoinPoolHierarchicalTestExecutorService.java:166)
	at org.junit.platform.engine.support.hierarchical.NodeTestTask.lambda$executeRecursively$6(NodeTestTask.java:161)
	at org.junit.platform.engine.support.hierarchical.ThrowableCollector.execute(ThrowableCollector.java:73)
	at org.junit.platform.engine.support.hierarchical.NodeTestTask.lambda$executeRecursively$8(NodeTestTask.java:147)
	at org.junit.platform.engine.support.hierarchical.Node.around(Node.java:137)
	at org.junit.platform.engine.support.hierarchical.NodeTestTask.lambda$executeRecursively$9(NodeTestTask.java:145)
	at org.junit.platform.engine.support.hierarchical.ThrowableCollector.execute(ThrowableCollector.java:73)
	at org.junit.platform.engine.support.hierarchical.NodeTestTask.executeRecursively(NodeTestTask.java:144)
	at org.junit.platform.engine.support.hierarchical.NodeTestTask.execute(NodeTestTask.java:101)
	at org.junit.platform.engine.support.hierarchical.ForkJoinPoolHierarchicalTestExecutorService$ExclusiveTask.exec(ForkJoinPoolHierarchicalTestExecutorService.java:274)
	at org.junit.platform.engine.support.hierarchical.ForkJoinPoolHierarchicalTestExecutorService$ExclusiveTask.execSync(ForkJoinPoolHierarchicalTestExecutorService.java:247)
	at org.junit.platform.engine.support.hierarchical.ForkJoinPoolHierarchicalTestExecutorService.invokeAll(ForkJoinPoolHierarchicalTestExecutorService.java:159)
	at org.junit.platform.engine.support.hierarchical.NodeTestTask.lambda$executeRecursively$6(NodeTestTask.java:161)
	at org.junit.platform.engine.support.hierarchical.ThrowableCollector.execute(ThrowableCollector.java:73)
	at org.junit.platform.engine.support.hierarchical.NodeTestTask.lambda$executeRecursively$8(NodeTestTask.java:147)
	at org.junit.platform.engine.support.hierarchical.Node.around(Node.java:137)
	at org.junit.platform.engine.support.hierarchical.NodeTestTask.lambda$executeRecursively$9(NodeTestTask.java:145)
	at org.junit.platform.engine.support.hierarchical.ThrowableCollector.execute(ThrowableCollector.java:73)
	at org.junit.platform.engine.support.hierarchical.NodeTestTask.executeRecursively(NodeTestTask.java:144)
	at org.junit.platform.engine.support.hierarchical.NodeTestTask.execute(NodeTestTask.java:101)
	at org.junit.platform.engine.support.hierarchical.ForkJoinPoolHierarchicalTestExecutorService$ExclusiveTask.exec(ForkJoinPoolHierarchicalTestExecutorService.java:274)
	at java.base/java.util.concurrent.ForkJoinTask.doExec(ForkJoinTask.java:387)
	at java.base/java.util.concurrent.ForkJoinPool$WorkQueue.topLevelExec(ForkJoinPool.java:1312)
	at java.base/java.util.concurrent.ForkJoinPool.scan(ForkJoinPool.java:1843)
	at java.base/java.util.concurrent.ForkJoinPool.runWorker(ForkJoinPool.java:1808)
	at java.base/java.util.concurrent.ForkJoinWorkerThread.run(ForkJoinWorkerThread.java:188)
Caused by: org.apache.ratis.protocol.exceptions.AlreadyClosedException: client-917D4E751540->36185c6b-22ce-45d1-a622-3a6b487a5a53 is closed.
	at org.apache.ratis.grpc.client.GrpcClientProtocolClient$AsyncStreamObservers.onNext(GrpcClientProtocolClient.java:352)
	at org.apache.ratis.grpc.client.GrpcClientRpc.sendRequestAsync(GrpcClientRpc.java:71)
	... 89 more
2025-10-10 10:39:09,503 [aa9634f0-8836-44d6-bc05-5b19fbdd93d5@group-813C05265458-FollowerState] INFO  impl.FollowerState (FollowerState.java:lostMajorityHeartbeatsRecently(113)) - aa9634f0-8836-44d6-bc05-5b19fbdd93d5@group-813C05265458-FollowerState: Skipping leader election since it stepped down recently (elapsed = 2188ms < waitTime = 10s)
2025-10-10 10:39:09,688 [aa9634f0-8836-44d6-bc05-5b19fbdd93d5@group-6EF60CB14872-FollowerState] INFO  impl.FollowerState (FollowerState.java:runImpl(161)) - aa9634f0-8836-44d6-bc05-5b19fbdd93d5@group-6EF60CB14872-FollowerState: change to CANDIDATE, lastRpcElapsedTime:1137352048ns, electionTimeout:1137ms
2025-10-10 10:39:09,688 [aa9634f0-8836-44d6-bc05-5b19fbdd93d5@group-6EF60CB14872-FollowerState] INFO  impl.RoleInfo (RoleInfo.java:shutdownFollowerState(121)) - aa9634f0-8836-44d6-bc05-5b19fbdd93d5: shutdown aa9634f0-8836-44d6-bc05-5b19fbdd93d5@group-6EF60CB14872-FollowerState
2025-10-10 10:39:09,688 [aa9634f0-8836-44d6-bc05-5b19fbdd93d5@group-6EF60CB14872-FollowerState] INFO  server.RaftServer$Division (RaftServerImpl.java:setRole(392)) - aa9634f0-8836-44d6-bc05-5b19fbdd93d5@group-6EF60CB14872: changes role from  FOLLOWER to CANDIDATE at term 2 for changeToCandidate
2025-10-10 10:39:09,688 [aa9634f0-8836-44d6-bc05-5b19fbdd93d5@group-6EF60CB14872-FollowerState] INFO  impl.RoleInfo (RoleInfo.java:updateAndGet(148)) - aa9634f0-8836-44d6-bc05-5b19fbdd93d5: start aa9634f0-8836-44d6-bc05-5b19fbdd93d5@group-6EF60CB14872-LeaderElection150
2025-10-10 10:39:09,688 [aa9634f0-8836-44d6-bc05-5b19fbdd93d5@group-6EF60CB14872-LeaderElection150] INFO  impl.LeaderElection (LeaderElection.java:askForVotes(448)) - aa9634f0-8836-44d6-bc05-5b19fbdd93d5@group-6EF60CB14872-LeaderElection150 PRE_VOTE round 0: submit vote requests at term 2 for conf: {index: 7, cur=peers:[aa9634f0-8836-44d6-bc05-5b19fbdd93d5|127.0.0.1:15063, 36185c6b-22ce-45d1-a622-3a6b487a5a53|127.0.0.1:15071, 895d447a-5476-42e4-b2fa-6eb687701d46|127.0.0.1:15079]|listeners:[], old=null}
2025-10-10 10:39:09,689 [aa9634f0-8836-44d6-bc05-5b19fbdd93d5@group-6EF60CB14872-LeaderElection150] INFO  impl.LeaderElection (LogUtils.java:infoOrTrace(142)) - aa9634f0-8836-44d6-bc05-5b19fbdd93d5@group-6EF60CB14872-LeaderElection150 got exception when requesting votes: java.util.concurrent.ExecutionException: org.apache.ratis.thirdparty.io.grpc.StatusRuntimeException: UNAVAILABLE: io exception
2025-10-10 10:39:09,689 [aa9634f0-8836-44d6-bc05-5b19fbdd93d5@group-6EF60CB14872-LeaderElection150] INFO  impl.LeaderElection (LogUtils.java:infoOrTrace(142)) - aa9634f0-8836-44d6-bc05-5b19fbdd93d5@group-6EF60CB14872-LeaderElection150 got exception when requesting votes: java.util.concurrent.ExecutionException: org.apache.ratis.thirdparty.io.grpc.StatusRuntimeException: UNAVAILABLE: io exception
2025-10-10 10:39:09,689 [aa9634f0-8836-44d6-bc05-5b19fbdd93d5@group-6EF60CB14872-LeaderElection150] INFO  impl.LeaderElection (LeaderElection.java:logAndReturn(206)) - aa9634f0-8836-44d6-bc05-5b19fbdd93d5@group-6EF60CB14872-LeaderElection150: PRE_VOTE REJECTED received 0 response(s) and 2 exception(s):
2025-10-10 10:39:09,689 [aa9634f0-8836-44d6-bc05-5b19fbdd93d5@group-6EF60CB14872-LeaderElection150] INFO  impl.LeaderElection (LogUtils.java:infoOrTrace(142)) -   Exception 0: java.util.concurrent.ExecutionException: org.apache.ratis.thirdparty.io.grpc.StatusRuntimeException: UNAVAILABLE: io exception
2025-10-10 10:39:09,689 [aa9634f0-8836-44d6-bc05-5b19fbdd93d5@group-6EF60CB14872-LeaderElection150] INFO  impl.LeaderElection (LogUtils.java:infoOrTrace(142)) -   Exception 1: java.util.concurrent.ExecutionException: org.apache.ratis.thirdparty.io.grpc.StatusRuntimeException: UNAVAILABLE: io exception
2025-10-10 10:39:09,689 [aa9634f0-8836-44d6-bc05-5b19fbdd93d5@group-6EF60CB14872-LeaderElection150] INFO  impl.LeaderElection (LeaderElection.java:askForVotes(450)) - aa9634f0-8836-44d6-bc05-5b19fbdd93d5@group-6EF60CB14872-LeaderElection150 PRE_VOTE round 0: result REJECTED
2025-10-10 10:39:09,689 [aa9634f0-8836-44d6-bc05-5b19fbdd93d5@group-6EF60CB14872-LeaderElection150] INFO  server.RaftServer$Division (RaftServerImpl.java:setRole(392)) - aa9634f0-8836-44d6-bc05-5b19fbdd93d5@group-6EF60CB14872: changes role from CANDIDATE to FOLLOWER at term 2 for REJECTED
2025-10-10 10:39:09,689 [aa9634f0-8836-44d6-bc05-5b19fbdd93d5@group-6EF60CB14872-LeaderElection150] INFO  impl.RoleInfo (RoleInfo.java:shutdownLeaderElection(141)) - aa9634f0-8836-44d6-bc05-5b19fbdd93d5: shutdown aa9634f0-8836-44d6-bc05-5b19fbdd93d5@group-6EF60CB14872-LeaderElection150
2025-10-10 10:39:09,689 [aa9634f0-8836-44d6-bc05-5b19fbdd93d5@group-6EF60CB14872-LeaderElection150] INFO  impl.RoleInfo (RoleInfo.java:updateAndGet(148)) - aa9634f0-8836-44d6-bc05-5b19fbdd93d5: start aa9634f0-8836-44d6-bc05-5b19fbdd93d5@group-6EF60CB14872-FollowerState
2025-10-10 10:39:10,234 [timer2] WARN  server.GrpcLogAppender (LogUtils.java:warn(127)) - 895d447a-5476-42e4-b2fa-6eb687701d46@group-6EF60CB14872->36185c6b-22ce-45d1-a622-3a6b487a5a53-AppendLogResponseHandler: Failed appendEntries (Repeated 14 times in the last 5.000s): org.apache.ratis.thirdparty.io.grpc.StatusRuntimeException: UNAVAILABLE: io exception
  Caused by: org.apache.ratis.thirdparty.io.netty.channel.AbstractChannel$AnnotatedConnectException: finishConnect(..) failed: Connection refused: /127.0.0.1:15071
  Caused by: java.net.ConnectException: finishConnect(..) failed: Connection refused
2025-10-10 10:39:10,235 [timer5] WARN  server.GrpcLogAppender (GrpcLogAppender.java:lambda$resetClient$1(228)) - 895d447a-5476-42e4-b2fa-6eb687701d46@group-6EF60CB14872->36185c6b-22ce-45d1-a622-3a6b487a5a53-GrpcLogAppender: Follower failed (request=null, errorCount=4); keep nextIndex (8) unchanged and retry. (Repeated 3 times in the last 5.000s)
2025-10-10 10:39:10,248 [timer2] WARN  server.GrpcLogAppender (GrpcLogAppender.java:lambda$resetClient$1(228)) - 895d447a-5476-42e4-b2fa-6eb687701d46@group-6EF60CB14872->36185c6b-22ce-45d1-a622-3a6b487a5a53-GrpcLogAppender: Follower failed (request=null, errorCount=14); keep nextIndex (9) unchanged and retry. (Repeated 10 times in the last 5.000s)
2025-10-10 10:39:10,506 [aa9634f0-8836-44d6-bc05-5b19fbdd93d5@group-813C05265458-FollowerState] INFO  impl.FollowerState (FollowerState.java:lostMajorityHeartbeatsRecently(113)) - aa9634f0-8836-44d6-bc05-5b19fbdd93d5@group-813C05265458-FollowerState: Skipping leader election since it stepped down recently (elapsed = 3191ms < waitTime = 10s)
2025-10-10 10:39:10,773 [aa9634f0-8836-44d6-bc05-5b19fbdd93d5@group-6EF60CB14872-FollowerState] INFO  impl.FollowerState (FollowerState.java:runImpl(161)) - aa9634f0-8836-44d6-bc05-5b19fbdd93d5@group-6EF60CB14872-FollowerState: change to CANDIDATE, lastRpcElapsedTime:1083298425ns, electionTimeout:1083ms
2025-10-10 10:39:10,773 [aa9634f0-8836-44d6-bc05-5b19fbdd93d5@group-6EF60CB14872-FollowerState] INFO  impl.RoleInfo (RoleInfo.java:shutdownFollowerState(121)) - aa9634f0-8836-44d6-bc05-5b19fbdd93d5: shutdown aa9634f0-8836-44d6-bc05-5b19fbdd93d5@group-6EF60CB14872-FollowerState
2025-10-10 10:39:10,773 [aa9634f0-8836-44d6-bc05-5b19fbdd93d5@group-6EF60CB14872-FollowerState] INFO  server.RaftServer$Division (RaftServerImpl.java:setRole(392)) - aa9634f0-8836-44d6-bc05-5b19fbdd93d5@group-6EF60CB14872: changes role from  FOLLOWER to CANDIDATE at term 2 for changeToCandidate
2025-10-10 10:39:10,773 [aa9634f0-8836-44d6-bc05-5b19fbdd93d5@group-6EF60CB14872-FollowerState] INFO  impl.RoleInfo (RoleInfo.java:updateAndGet(148)) - aa9634f0-8836-44d6-bc05-5b19fbdd93d5: start aa9634f0-8836-44d6-bc05-5b19fbdd93d5@group-6EF60CB14872-LeaderElection151
2025-10-10 10:39:10,773 [aa9634f0-8836-44d6-bc05-5b19fbdd93d5@group-6EF60CB14872-LeaderElection151] INFO  impl.LeaderElection (LeaderElection.java:askForVotes(448)) - aa9634f0-8836-44d6-bc05-5b19fbdd93d5@group-6EF60CB14872-LeaderElection151 PRE_VOTE round 0: submit vote requests at term 2 for conf: {index: 7, cur=peers:[aa9634f0-8836-44d6-bc05-5b19fbdd93d5|127.0.0.1:15063, 36185c6b-22ce-45d1-a622-3a6b487a5a53|127.0.0.1:15071, 895d447a-5476-42e4-b2fa-6eb687701d46|127.0.0.1:15079]|listeners:[], old=null}
2025-10-10 10:39:10,774 [aa9634f0-8836-44d6-bc05-5b19fbdd93d5@group-6EF60CB14872-LeaderElection151] INFO  impl.LeaderElection (LogUtils.java:infoOrTrace(142)) - aa9634f0-8836-44d6-bc05-5b19fbdd93d5@group-6EF60CB14872-LeaderElection151 got exception when requesting votes: java.util.concurrent.ExecutionException: org.apache.ratis.thirdparty.io.grpc.StatusRuntimeException: UNAVAILABLE: io exception
2025-10-10 10:39:10,774 [aa9634f0-8836-44d6-bc05-5b19fbdd93d5@group-6EF60CB14872-LeaderElection151] INFO  impl.LeaderElection (LogUtils.java:infoOrTrace(142)) - aa9634f0-8836-44d6-bc05-5b19fbdd93d5@group-6EF60CB14872-LeaderElection151 got exception when requesting votes: java.util.concurrent.ExecutionException: org.apache.ratis.thirdparty.io.grpc.StatusRuntimeException: UNAVAILABLE: io exception
2025-10-10 10:39:10,774 [aa9634f0-8836-44d6-bc05-5b19fbdd93d5@group-6EF60CB14872-LeaderElection151] INFO  impl.LeaderElection (LeaderElection.java:logAndReturn(206)) - aa9634f0-8836-44d6-bc05-5b19fbdd93d5@group-6EF60CB14872-LeaderElection151: PRE_VOTE REJECTED received 0 response(s) and 2 exception(s):
2025-10-10 10:39:10,774 [aa9634f0-8836-44d6-bc05-5b19fbdd93d5@group-6EF60CB14872-LeaderElection151] INFO  impl.LeaderElection (LogUtils.java:infoOrTrace(142)) -   Exception 0: java.util.concurrent.ExecutionException: org.apache.ratis.thirdparty.io.grpc.StatusRuntimeException: UNAVAILABLE: io exception
2025-10-10 10:39:10,775 [aa9634f0-8836-44d6-bc05-5b19fbdd93d5@group-6EF60CB14872-LeaderElection151] INFO  impl.LeaderElection (LogUtils.java:infoOrTrace(142)) -   Exception 1: java.util.concurrent.ExecutionException: org.apache.ratis.thirdparty.io.grpc.StatusRuntimeException: UNAVAILABLE: io exception
2025-10-10 10:39:10,775 [aa9634f0-8836-44d6-bc05-5b19fbdd93d5@group-6EF60CB14872-LeaderElection151] INFO  impl.LeaderElection (LeaderElection.java:askForVotes(450)) - aa9634f0-8836-44d6-bc05-5b19fbdd93d5@group-6EF60CB14872-LeaderElection151 PRE_VOTE round 0: result REJECTED
2025-10-10 10:39:10,775 [aa9634f0-8836-44d6-bc05-5b19fbdd93d5@group-6EF60CB14872-LeaderElection151] INFO  server.RaftServer$Division (RaftServerImpl.java:setRole(392)) - aa9634f0-8836-44d6-bc05-5b19fbdd93d5@group-6EF60CB14872: changes role from CANDIDATE to FOLLOWER at term 2 for REJECTED
2025-10-10 10:39:10,775 [aa9634f0-8836-44d6-bc05-5b19fbdd93d5@group-6EF60CB14872-LeaderElection151] INFO  impl.RoleInfo (RoleInfo.java:shutdownLeaderElection(141)) - aa9634f0-8836-44d6-bc05-5b19fbdd93d5: shutdown aa9634f0-8836-44d6-bc05-5b19fbdd93d5@group-6EF60CB14872-LeaderElection151
2025-10-10 10:39:10,775 [aa9634f0-8836-44d6-bc05-5b19fbdd93d5@group-6EF60CB14872-LeaderElection151] INFO  impl.RoleInfo (RoleInfo.java:updateAndGet(148)) - aa9634f0-8836-44d6-bc05-5b19fbdd93d5: start aa9634f0-8836-44d6-bc05-5b19fbdd93d5@group-6EF60CB14872-FollowerState
2025-10-10 10:39:11,521 [aa9634f0-8836-44d6-bc05-5b19fbdd93d5@group-813C05265458-FollowerState] INFO  impl.FollowerState (FollowerState.java:lostMajorityHeartbeatsRecently(113)) - aa9634f0-8836-44d6-bc05-5b19fbdd93d5@group-813C05265458-FollowerState: Skipping leader election since it stepped down recently (elapsed = 4207ms < waitTime = 10s)
2025-10-10 10:39:11,539 [timer0] WARN  server.GrpcLogAppender (LogUtils.java:warn(127)) - aa9634f0-8836-44d6-bc05-5b19fbdd93d5@group-813C05265458->895d447a-5476-42e4-b2fa-6eb687701d46-AppendLogResponseHandler: Failed appendEntries (Repeated 8 times in the last 5.000s): org.apache.ratis.thirdparty.io.grpc.StatusRuntimeException: UNAVAILABLE: io exception
  Caused by: org.apache.ratis.thirdparty.io.netty.channel.AbstractChannel$AnnotatedConnectException: finishConnect(..) failed: Connection refused: /127.0.0.1:15079
  Caused by: java.net.ConnectException: finishConnect(..) failed: Connection refused
2025-10-10 10:39:11,540 [timer1] WARN  server.GrpcLogAppender (GrpcLogAppender.java:lambda$resetClient$1(228)) - aa9634f0-8836-44d6-bc05-5b19fbdd93d5@group-813C05265458->895d447a-5476-42e4-b2fa-6eb687701d46-GrpcLogAppender: Follower failed (request=null, errorCount=8); keep nextIndex (1) unchanged and retry. (Repeated 8 times in the last 5.001s)
2025-10-10 10:39:11,929 [aa9634f0-8836-44d6-bc05-5b19fbdd93d5@group-6EF60CB14872-FollowerState] INFO  impl.FollowerState (FollowerState.java:runImpl(161)) - aa9634f0-8836-44d6-bc05-5b19fbdd93d5@group-6EF60CB14872-FollowerState: change to CANDIDATE, lastRpcElapsedTime:1154266390ns, electionTimeout:1154ms
2025-10-10 10:39:11,929 [aa9634f0-8836-44d6-bc05-5b19fbdd93d5@group-6EF60CB14872-FollowerState] INFO  impl.RoleInfo (RoleInfo.java:shutdownFollowerState(121)) - aa9634f0-8836-44d6-bc05-5b19fbdd93d5: shutdown aa9634f0-8836-44d6-bc05-5b19fbdd93d5@group-6EF60CB14872-FollowerState
2025-10-10 10:39:11,929 [aa9634f0-8836-44d6-bc05-5b19fbdd93d5@group-6EF60CB14872-FollowerState] INFO  server.RaftServer$Division (RaftServerImpl.java:setRole(392)) - aa9634f0-8836-44d6-bc05-5b19fbdd93d5@group-6EF60CB14872: changes role from  FOLLOWER to CANDIDATE at term 2 for changeToCandidate
2025-10-10 10:39:11,929 [aa9634f0-8836-44d6-bc05-5b19fbdd93d5@group-6EF60CB14872-FollowerState] INFO  impl.RoleInfo (RoleInfo.java:updateAndGet(148)) - aa9634f0-8836-44d6-bc05-5b19fbdd93d5: start aa9634f0-8836-44d6-bc05-5b19fbdd93d5@group-6EF60CB14872-LeaderElection152
2025-10-10 10:39:11,930 [aa9634f0-8836-44d6-bc05-5b19fbdd93d5@group-6EF60CB14872-LeaderElection152] INFO  impl.LeaderElection (LeaderElection.java:askForVotes(448)) - aa9634f0-8836-44d6-bc05-5b19fbdd93d5@group-6EF60CB14872-LeaderElection152 PRE_VOTE round 0: submit vote requests at term 2 for conf: {index: 7, cur=peers:[aa9634f0-8836-44d6-bc05-5b19fbdd93d5|127.0.0.1:15063, 36185c6b-22ce-45d1-a622-3a6b487a5a53|127.0.0.1:15071, 895d447a-5476-42e4-b2fa-6eb687701d46|127.0.0.1:15079]|listeners:[], old=null}
2025-10-10 10:39:11,930 [aa9634f0-8836-44d6-bc05-5b19fbdd93d5@group-6EF60CB14872-LeaderElection152] INFO  impl.LeaderElection (LogUtils.java:infoOrTrace(142)) - aa9634f0-8836-44d6-bc05-5b19fbdd93d5@group-6EF60CB14872-LeaderElection152 got exception when requesting votes: java.util.concurrent.ExecutionException: org.apache.ratis.thirdparty.io.grpc.StatusRuntimeException: UNAVAILABLE: io exception
2025-10-10 10:39:11,930 [aa9634f0-8836-44d6-bc05-5b19fbdd93d5@group-6EF60CB14872-LeaderElection152] INFO  impl.LeaderElection (LogUtils.java:infoOrTrace(142)) - aa9634f0-8836-44d6-bc05-5b19fbdd93d5@group-6EF60CB14872-LeaderElection152 got exception when requesting votes: java.util.concurrent.ExecutionException: org.apache.ratis.thirdparty.io.grpc.StatusRuntimeException: UNAVAILABLE: io exception
2025-10-10 10:39:11,930 [aa9634f0-8836-44d6-bc05-5b19fbdd93d5@group-6EF60CB14872-LeaderElection152] INFO  impl.LeaderElection (LeaderElection.java:logAndReturn(206)) - aa9634f0-8836-44d6-bc05-5b19fbdd93d5@group-6EF60CB14872-LeaderElection152: PRE_VOTE REJECTED received 0 response(s) and 2 exception(s):
2025-10-10 10:39:11,930 [aa9634f0-8836-44d6-bc05-5b19fbdd93d5@group-6EF60CB14872-LeaderElection152] INFO  impl.LeaderElection (LogUtils.java:infoOrTrace(142)) -   Exception 0: java.util.concurrent.ExecutionException: org.apache.ratis.thirdparty.io.grpc.StatusRuntimeException: UNAVAILABLE: io exception
2025-10-10 10:39:11,931 [aa9634f0-8836-44d6-bc05-5b19fbdd93d5@group-6EF60CB14872-LeaderElection152] INFO  impl.LeaderElection (LogUtils.java:infoOrTrace(142)) -   Exception 1: java.util.concurrent.ExecutionException: org.apache.ratis.thirdparty.io.grpc.StatusRuntimeException: UNAVAILABLE: io exception
2025-10-10 10:39:11,931 [aa9634f0-8836-44d6-bc05-5b19fbdd93d5@group-6EF60CB14872-LeaderElection152] INFO  impl.LeaderElection (LeaderElection.java:askForVotes(450)) - aa9634f0-8836-44d6-bc05-5b19fbdd93d5@group-6EF60CB14872-LeaderElection152 PRE_VOTE round 0: result REJECTED
2025-10-10 10:39:11,931 [aa9634f0-8836-44d6-bc05-5b19fbdd93d5@group-6EF60CB14872-LeaderElection152] INFO  server.RaftServer$Division (RaftServerImpl.java:setRole(392)) - aa9634f0-8836-44d6-bc05-5b19fbdd93d5@group-6EF60CB14872: changes role from CANDIDATE to FOLLOWER at term 2 for REJECTED
2025-10-10 10:39:11,931 [aa9634f0-8836-44d6-bc05-5b19fbdd93d5@group-6EF60CB14872-LeaderElection152] INFO  impl.RoleInfo (RoleInfo.java:shutdownLeaderElection(141)) - aa9634f0-8836-44d6-bc05-5b19fbdd93d5: shutdown aa9634f0-8836-44d6-bc05-5b19fbdd93d5@group-6EF60CB14872-LeaderElection152
2025-10-10 10:39:11,931 [aa9634f0-8836-44d6-bc05-5b19fbdd93d5@group-6EF60CB14872-LeaderElection152] INFO  impl.RoleInfo (RoleInfo.java:updateAndGet(148)) - aa9634f0-8836-44d6-bc05-5b19fbdd93d5: start aa9634f0-8836-44d6-bc05-5b19fbdd93d5@group-6EF60CB14872-FollowerState
2025-10-10 10:39:12,591 [aa9634f0-8836-44d6-bc05-5b19fbdd93d5@group-813C05265458-FollowerState] INFO  impl.FollowerState (FollowerState.java:lostMajorityHeartbeatsRecently(113)) - aa9634f0-8836-44d6-bc05-5b19fbdd93d5@group-813C05265458-FollowerState: Skipping leader election since it stepped down recently (elapsed = 5277ms < waitTime = 10s)
2025-10-10 10:39:13,017 [aa9634f0-8836-44d6-bc05-5b19fbdd93d5@group-6EF60CB14872-FollowerState] INFO  impl.FollowerState (FollowerState.java:runImpl(161)) - aa9634f0-8836-44d6-bc05-5b19fbdd93d5@group-6EF60CB14872-FollowerState: change to CANDIDATE, lastRpcElapsedTime:1086257060ns, electionTimeout:1086ms
2025-10-10 10:39:13,017 [aa9634f0-8836-44d6-bc05-5b19fbdd93d5@group-6EF60CB14872-FollowerState] INFO  impl.RoleInfo (RoleInfo.java:shutdownFollowerState(121)) - aa9634f0-8836-44d6-bc05-5b19fbdd93d5: shutdown aa9634f0-8836-44d6-bc05-5b19fbdd93d5@group-6EF60CB14872-FollowerState
2025-10-10 10:39:13,017 [aa9634f0-8836-44d6-bc05-5b19fbdd93d5@group-6EF60CB14872-FollowerState] INFO  server.RaftServer$Division (RaftServerImpl.java:setRole(392)) - aa9634f0-8836-44d6-bc05-5b19fbdd93d5@group-6EF60CB14872: changes role from  FOLLOWER to CANDIDATE at term 2 for changeToCandidate
2025-10-10 10:39:13,017 [aa9634f0-8836-44d6-bc05-5b19fbdd93d5@group-6EF60CB14872-FollowerState] INFO  impl.RoleInfo (RoleInfo.java:updateAndGet(148)) - aa9634f0-8836-44d6-bc05-5b19fbdd93d5: start aa9634f0-8836-44d6-bc05-5b19fbdd93d5@group-6EF60CB14872-LeaderElection153
2025-10-10 10:39:13,018 [aa9634f0-8836-44d6-bc05-5b19fbdd93d5@group-6EF60CB14872-LeaderElection153] INFO  impl.LeaderElection (LeaderElection.java:askForVotes(448)) - aa9634f0-8836-44d6-bc05-5b19fbdd93d5@group-6EF60CB14872-LeaderElection153 PRE_VOTE round 0: submit vote requests at term 2 for conf: {index: 7, cur=peers:[aa9634f0-8836-44d6-bc05-5b19fbdd93d5|127.0.0.1:15063, 36185c6b-22ce-45d1-a622-3a6b487a5a53|127.0.0.1:15071, 895d447a-5476-42e4-b2fa-6eb687701d46|127.0.0.1:15079]|listeners:[], old=null}
2025-10-10 10:39:13,018 [aa9634f0-8836-44d6-bc05-5b19fbdd93d5@group-6EF60CB14872-LeaderElection153] INFO  impl.LeaderElection (LogUtils.java:infoOrTrace(142)) - aa9634f0-8836-44d6-bc05-5b19fbdd93d5@group-6EF60CB14872-LeaderElection153 got exception when requesting votes: java.util.concurrent.ExecutionException: org.apache.ratis.thirdparty.io.grpc.StatusRuntimeException: UNAVAILABLE: io exception
2025-10-10 10:39:13,018 [aa9634f0-8836-44d6-bc05-5b19fbdd93d5@group-6EF60CB14872-LeaderElection153] INFO  impl.LeaderElection (LogUtils.java:infoOrTrace(142)) - aa9634f0-8836-44d6-bc05-5b19fbdd93d5@group-6EF60CB14872-LeaderElection153 got exception when requesting votes: java.util.concurrent.ExecutionException: org.apache.ratis.thirdparty.io.grpc.StatusRuntimeException: UNAVAILABLE: io exception
2025-10-10 10:39:13,018 [aa9634f0-8836-44d6-bc05-5b19fbdd93d5@group-6EF60CB14872-LeaderElection153] INFO  impl.LeaderElection (LeaderElection.java:logAndReturn(206)) - aa9634f0-8836-44d6-bc05-5b19fbdd93d5@group-6EF60CB14872-LeaderElection153: PRE_VOTE REJECTED received 0 response(s) and 2 exception(s):
2025-10-10 10:39:13,018 [aa9634f0-8836-44d6-bc05-5b19fbdd93d5@group-6EF60CB14872-LeaderElection153] INFO  impl.LeaderElection (LogUtils.java:infoOrTrace(142)) -   Exception 0: java.util.concurrent.ExecutionException: org.apache.ratis.thirdparty.io.grpc.StatusRuntimeException: UNAVAILABLE: io exception
2025-10-10 10:39:13,018 [aa9634f0-8836-44d6-bc05-5b19fbdd93d5@group-6EF60CB14872-LeaderElection153] INFO  impl.LeaderElection (LogUtils.java:infoOrTrace(142)) -   Exception 1: java.util.concurrent.ExecutionException: org.apache.ratis.thirdparty.io.grpc.StatusRuntimeException: UNAVAILABLE: io exception
2025-10-10 10:39:13,018 [aa9634f0-8836-44d6-bc05-5b19fbdd93d5@group-6EF60CB14872-LeaderElection153] INFO  impl.LeaderElection (LeaderElection.java:askForVotes(450)) - aa9634f0-8836-44d6-bc05-5b19fbdd93d5@group-6EF60CB14872-LeaderElection153 PRE_VOTE round 0: result REJECTED
2025-10-10 10:39:13,018 [aa9634f0-8836-44d6-bc05-5b19fbdd93d5@group-6EF60CB14872-LeaderElection153] INFO  server.RaftServer$Division (RaftServerImpl.java:setRole(392)) - aa9634f0-8836-44d6-bc05-5b19fbdd93d5@group-6EF60CB14872: changes role from CANDIDATE to FOLLOWER at term 2 for REJECTED
2025-10-10 10:39:13,018 [aa9634f0-8836-44d6-bc05-5b19fbdd93d5@group-6EF60CB14872-LeaderElection153] INFO  impl.RoleInfo (RoleInfo.java:shutdownLeaderElection(141)) - aa9634f0-8836-44d6-bc05-5b19fbdd93d5: shutdown aa9634f0-8836-44d6-bc05-5b19fbdd93d5@group-6EF60CB14872-LeaderElection153
2025-10-10 10:39:13,019 [aa9634f0-8836-44d6-bc05-5b19fbdd93d5@group-6EF60CB14872-LeaderElection153] INFO  impl.RoleInfo (RoleInfo.java:updateAndGet(148)) - aa9634f0-8836-44d6-bc05-5b19fbdd93d5: start aa9634f0-8836-44d6-bc05-5b19fbdd93d5@group-6EF60CB14872-FollowerState
2025-10-10 10:39:13,678 [aa9634f0-8836-44d6-bc05-5b19fbdd93d5@group-813C05265458-FollowerState] INFO  impl.FollowerState (FollowerState.java:lostMajorityHeartbeatsRecently(113)) - aa9634f0-8836-44d6-bc05-5b19fbdd93d5@group-813C05265458-FollowerState: Skipping leader election since it stepped down recently (elapsed = 6364ms < waitTime = 10s)
2025-10-10 10:39:14,064 [aa9634f0-8836-44d6-bc05-5b19fbdd93d5@group-6EF60CB14872-FollowerState] INFO  impl.FollowerState (FollowerState.java:runImpl(161)) - aa9634f0-8836-44d6-bc05-5b19fbdd93d5@group-6EF60CB14872-FollowerState: change to CANDIDATE, lastRpcElapsedTime:1045513331ns, electionTimeout:1045ms
2025-10-10 10:39:14,064 [aa9634f0-8836-44d6-bc05-5b19fbdd93d5@group-6EF60CB14872-FollowerState] INFO  impl.RoleInfo (RoleInfo.java:shutdownFollowerState(121)) - aa9634f0-8836-44d6-bc05-5b19fbdd93d5: shutdown aa9634f0-8836-44d6-bc05-5b19fbdd93d5@group-6EF60CB14872-FollowerState
2025-10-10 10:39:14,064 [aa9634f0-8836-44d6-bc05-5b19fbdd93d5@group-6EF60CB14872-FollowerState] INFO  server.RaftServer$Division (RaftServerImpl.java:setRole(392)) - aa9634f0-8836-44d6-bc05-5b19fbdd93d5@group-6EF60CB14872: changes role from  FOLLOWER to CANDIDATE at term 2 for changeToCandidate
2025-10-10 10:39:14,064 [aa9634f0-8836-44d6-bc05-5b19fbdd93d5@group-6EF60CB14872-FollowerState] INFO  impl.RoleInfo (RoleInfo.java:updateAndGet(148)) - aa9634f0-8836-44d6-bc05-5b19fbdd93d5: start aa9634f0-8836-44d6-bc05-5b19fbdd93d5@group-6EF60CB14872-LeaderElection154
2025-10-10 10:39:14,065 [aa9634f0-8836-44d6-bc05-5b19fbdd93d5@group-6EF60CB14872-LeaderElection154] INFO  impl.LeaderElection (LeaderElection.java:askForVotes(448)) - aa9634f0-8836-44d6-bc05-5b19fbdd93d5@group-6EF60CB14872-LeaderElection154 PRE_VOTE round 0: submit vote requests at term 2 for conf: {index: 7, cur=peers:[aa9634f0-8836-44d6-bc05-5b19fbdd93d5|127.0.0.1:15063, 36185c6b-22ce-45d1-a622-3a6b487a5a53|127.0.0.1:15071, 895d447a-5476-42e4-b2fa-6eb687701d46|127.0.0.1:15079]|listeners:[], old=null}
2025-10-10 10:39:14,065 [aa9634f0-8836-44d6-bc05-5b19fbdd93d5@group-6EF60CB14872-LeaderElection154] INFO  impl.LeaderElection (LogUtils.java:infoOrTrace(142)) - aa9634f0-8836-44d6-bc05-5b19fbdd93d5@group-6EF60CB14872-LeaderElection154 got exception when requesting votes: java.util.concurrent.ExecutionException: org.apache.ratis.thirdparty.io.grpc.StatusRuntimeException: UNAVAILABLE: io exception
2025-10-10 10:39:14,065 [aa9634f0-8836-44d6-bc05-5b19fbdd93d5@group-6EF60CB14872-LeaderElection154] INFO  impl.LeaderElection (LogUtils.java:infoOrTrace(142)) - aa9634f0-8836-44d6-bc05-5b19fbdd93d5@group-6EF60CB14872-LeaderElection154 got exception when requesting votes: java.util.concurrent.ExecutionException: org.apache.ratis.thirdparty.io.grpc.StatusRuntimeException: UNAVAILABLE: io exception
2025-10-10 10:39:14,065 [aa9634f0-8836-44d6-bc05-5b19fbdd93d5@group-6EF60CB14872-LeaderElection154] INFO  impl.LeaderElection (LeaderElection.java:logAndReturn(206)) - aa9634f0-8836-44d6-bc05-5b19fbdd93d5@group-6EF60CB14872-LeaderElection154: PRE_VOTE REJECTED received 0 response(s) and 2 exception(s):
2025-10-10 10:39:14,065 [aa9634f0-8836-44d6-bc05-5b19fbdd93d5@group-6EF60CB14872-LeaderElection154] INFO  impl.LeaderElection (LogUtils.java:infoOrTrace(142)) -   Exception 0: java.util.concurrent.ExecutionException: org.apache.ratis.thirdparty.io.grpc.StatusRuntimeException: UNAVAILABLE: io exception
2025-10-10 10:39:14,065 [aa9634f0-8836-44d6-bc05-5b19fbdd93d5@group-6EF60CB14872-LeaderElection154] INFO  impl.LeaderElection (LogUtils.java:infoOrTrace(142)) -   Exception 1: java.util.concurrent.ExecutionException: org.apache.ratis.thirdparty.io.grpc.StatusRuntimeException: UNAVAILABLE: io exception
2025-10-10 10:39:14,065 [aa9634f0-8836-44d6-bc05-5b19fbdd93d5@group-6EF60CB14872-LeaderElection154] INFO  impl.LeaderElection (LeaderElection.java:askForVotes(450)) - aa9634f0-8836-44d6-bc05-5b19fbdd93d5@group-6EF60CB14872-LeaderElection154 PRE_VOTE round 0: result REJECTED
2025-10-10 10:39:14,066 [aa9634f0-8836-44d6-bc05-5b19fbdd93d5@group-6EF60CB14872-LeaderElection154] INFO  server.RaftServer$Division (RaftServerImpl.java:setRole(392)) - aa9634f0-8836-44d6-bc05-5b19fbdd93d5@group-6EF60CB14872: changes role from CANDIDATE to FOLLOWER at term 2 for REJECTED
2025-10-10 10:39:14,066 [aa9634f0-8836-44d6-bc05-5b19fbdd93d5@group-6EF60CB14872-LeaderElection154] INFO  impl.RoleInfo (RoleInfo.java:shutdownLeaderElection(141)) - aa9634f0-8836-44d6-bc05-5b19fbdd93d5: shutdown aa9634f0-8836-44d6-bc05-5b19fbdd93d5@group-6EF60CB14872-LeaderElection154
2025-10-10 10:39:14,066 [aa9634f0-8836-44d6-bc05-5b19fbdd93d5@group-6EF60CB14872-LeaderElection154] INFO  impl.RoleInfo (RoleInfo.java:updateAndGet(148)) - aa9634f0-8836-44d6-bc05-5b19fbdd93d5: start aa9634f0-8836-44d6-bc05-5b19fbdd93d5@group-6EF60CB14872-FollowerState
2025-10-10 10:39:14,493 [grpc-default-executor-8] ERROR impl.OrderedAsync (OrderedAsync.java:lambda$null$6(215)) -  client-917D4E751540: Failed* RaftClientRequest:client-917D4E751540->aa9634f0-8836-44d6-bc05-5b19fbdd93d5@group-6EF60CB14872, cid=48, seq=6*, RW, cmdType: WriteChunk traceID: "" containerID: 6 datanodeUuid: "36185c6b-22ce-45d1-a622-3a6b487a5a53" writeChunk { blockID { containerID: 6 localID: 115816896921600006 blockCommitSequenceId: 0 replicaIndex: 0 } chunkData { chunkName: "115816896921600006_chunk_1" offset: 0 len: 524288 } } version: 3, data.size=524288
java.util.concurrent.CompletionException: org.apache.ratis.protocol.exceptions.NotLeaderException: Server aa9634f0-8836-44d6-bc05-5b19fbdd93d5@group-6EF60CB14872 is not the leader
	at java.base/java.util.concurrent.CompletableFuture.encodeThrowable(CompletableFuture.java:332)
	at java.base/java.util.concurrent.CompletableFuture.completeThrowable(CompletableFuture.java:347)
	at java.base/java.util.concurrent.CompletableFuture$UniAccept.tryFire(CompletableFuture.java:708)
	at java.base/java.util.concurrent.CompletableFuture.postComplete(CompletableFuture.java:510)
	at java.base/java.util.concurrent.CompletableFuture.completeExceptionally(CompletableFuture.java:2194)
	at org.apache.ratis.grpc.client.GrpcClientProtocolClient$AsyncStreamObservers.completeReplyExceptionally(GrpcClientProtocolClient.java:397)
	at org.apache.ratis.grpc.client.GrpcClientProtocolClient$AsyncStreamObservers.access$000(GrpcClientProtocolClient.java:303)
	at org.apache.ratis.grpc.client.GrpcClientProtocolClient$AsyncStreamObservers$1.onNext(GrpcClientProtocolClient.java:317)
	at org.apache.ratis.grpc.client.GrpcClientProtocolClient$AsyncStreamObservers$1.onNext(GrpcClientProtocolClient.java:308)
	at org.apache.ratis.thirdparty.io.grpc.stub.ClientCalls$StreamObserverToCallListenerAdapter.onMessage(ClientCalls.java:551)
	at org.apache.ratis.thirdparty.io.grpc.ForwardingClientCallListener.onMessage(ForwardingClientCallListener.java:33)
	at org.apache.ratis.thirdparty.io.grpc.internal.ClientCallImpl$ClientStreamListenerImpl$1MessagesAvailable.runInternal(ClientCallImpl.java:661)
	at org.apache.ratis.thirdparty.io.grpc.internal.ClientCallImpl$ClientStreamListenerImpl$1MessagesAvailable.runInContext(ClientCallImpl.java:648)
	at org.apache.ratis.thirdparty.io.grpc.internal.ContextRunnable.run(ContextRunnable.java:37)
	at org.apache.ratis.thirdparty.io.grpc.internal.SerializingExecutor.run(SerializingExecutor.java:133)
	at java.base/java.util.concurrent.ThreadPoolExecutor.runWorker(ThreadPoolExecutor.java:1144)
	at java.base/java.util.concurrent.ThreadPoolExecutor$Worker.run(ThreadPoolExecutor.java:642)
	at java.base/java.lang.Thread.run(Thread.java:1583)
Caused by: org.apache.ratis.protocol.exceptions.NotLeaderException: Server aa9634f0-8836-44d6-bc05-5b19fbdd93d5@group-6EF60CB14872 is not the leader
	at org.apache.ratis.client.impl.ClientProtoUtils.toRaftClientReply(ClientProtoUtils.java:402)
	at org.apache.ratis.grpc.client.GrpcClientProtocolClient$AsyncStreamObservers$1.onNext(GrpcClientProtocolClient.java:313)
	... 10 more
2025-10-10 10:39:14,828 [aa9634f0-8836-44d6-bc05-5b19fbdd93d5@group-813C05265458-FollowerState] INFO  impl.FollowerState (FollowerState.java:lostMajorityHeartbeatsRecently(113)) - aa9634f0-8836-44d6-bc05-5b19fbdd93d5@group-813C05265458-FollowerState: Skipping leader election since it stepped down recently (elapsed = 7513ms < waitTime = 10s)
2025-10-10 10:39:15,185 [aa9634f0-8836-44d6-bc05-5b19fbdd93d5@group-6EF60CB14872-FollowerState] INFO  impl.FollowerState (FollowerState.java:runImpl(161)) - aa9634f0-8836-44d6-bc05-5b19fbdd93d5@group-6EF60CB14872-FollowerState: change to CANDIDATE, lastRpcElapsedTime:1119298512ns, electionTimeout:1119ms
2025-10-10 10:39:15,185 [aa9634f0-8836-44d6-bc05-5b19fbdd93d5@group-6EF60CB14872-FollowerState] INFO  impl.RoleInfo (RoleInfo.java:shutdownFollowerState(121)) - aa9634f0-8836-44d6-bc05-5b19fbdd93d5: shutdown aa9634f0-8836-44d6-bc05-5b19fbdd93d5@group-6EF60CB14872-FollowerState
2025-10-10 10:39:15,185 [aa9634f0-8836-44d6-bc05-5b19fbdd93d5@group-6EF60CB14872-FollowerState] INFO  server.RaftServer$Division (RaftServerImpl.java:setRole(392)) - aa9634f0-8836-44d6-bc05-5b19fbdd93d5@group-6EF60CB14872: changes role from  FOLLOWER to CANDIDATE at term 2 for changeToCandidate
2025-10-10 10:39:15,185 [aa9634f0-8836-44d6-bc05-5b19fbdd93d5@group-6EF60CB14872-FollowerState] INFO  impl.RoleInfo (RoleInfo.java:updateAndGet(148)) - aa9634f0-8836-44d6-bc05-5b19fbdd93d5: start aa9634f0-8836-44d6-bc05-5b19fbdd93d5@group-6EF60CB14872-LeaderElection155
2025-10-10 10:39:15,186 [aa9634f0-8836-44d6-bc05-5b19fbdd93d5@group-6EF60CB14872-LeaderElection155] INFO  impl.LeaderElection (LeaderElection.java:askForVotes(448)) - aa9634f0-8836-44d6-bc05-5b19fbdd93d5@group-6EF60CB14872-LeaderElection155 PRE_VOTE round 0: submit vote requests at term 2 for conf: {index: 7, cur=peers:[aa9634f0-8836-44d6-bc05-5b19fbdd93d5|127.0.0.1:15063, 36185c6b-22ce-45d1-a622-3a6b487a5a53|127.0.0.1:15071, 895d447a-5476-42e4-b2fa-6eb687701d46|127.0.0.1:15079]|listeners:[], old=null}
2025-10-10 10:39:15,186 [aa9634f0-8836-44d6-bc05-5b19fbdd93d5@group-6EF60CB14872-LeaderElection155] INFO  impl.LeaderElection (LogUtils.java:infoOrTrace(142)) - aa9634f0-8836-44d6-bc05-5b19fbdd93d5@group-6EF60CB14872-LeaderElection155 got exception when requesting votes: java.util.concurrent.ExecutionException: org.apache.ratis.thirdparty.io.grpc.StatusRuntimeException: UNAVAILABLE: io exception
2025-10-10 10:39:15,186 [aa9634f0-8836-44d6-bc05-5b19fbdd93d5@group-6EF60CB14872-LeaderElection155] INFO  impl.LeaderElection (LogUtils.java:infoOrTrace(142)) - aa9634f0-8836-44d6-bc05-5b19fbdd93d5@group-6EF60CB14872-LeaderElection155 got exception when requesting votes: java.util.concurrent.ExecutionException: org.apache.ratis.thirdparty.io.grpc.StatusRuntimeException: UNAVAILABLE: io exception
2025-10-10 10:39:15,186 [aa9634f0-8836-44d6-bc05-5b19fbdd93d5@group-6EF60CB14872-LeaderElection155] INFO  impl.LeaderElection (LeaderElection.java:logAndReturn(206)) - aa9634f0-8836-44d6-bc05-5b19fbdd93d5@group-6EF60CB14872-LeaderElection155: PRE_VOTE REJECTED received 0 response(s) and 2 exception(s):
2025-10-10 10:39:15,186 [aa9634f0-8836-44d6-bc05-5b19fbdd93d5@group-6EF60CB14872-LeaderElection155] INFO  impl.LeaderElection (LogUtils.java:infoOrTrace(142)) -   Exception 0: java.util.concurrent.ExecutionException: org.apache.ratis.thirdparty.io.grpc.StatusRuntimeException: UNAVAILABLE: io exception
2025-10-10 10:39:15,186 [aa9634f0-8836-44d6-bc05-5b19fbdd93d5@group-6EF60CB14872-LeaderElection155] INFO  impl.LeaderElection (LogUtils.java:infoOrTrace(142)) -   Exception 1: java.util.concurrent.ExecutionException: org.apache.ratis.thirdparty.io.grpc.StatusRuntimeException: UNAVAILABLE: io exception
2025-10-10 10:39:15,187 [aa9634f0-8836-44d6-bc05-5b19fbdd93d5@group-6EF60CB14872-LeaderElection155] INFO  impl.LeaderElection (LeaderElection.java:askForVotes(450)) - aa9634f0-8836-44d6-bc05-5b19fbdd93d5@group-6EF60CB14872-LeaderElection155 PRE_VOTE round 0: result REJECTED
2025-10-10 10:39:15,187 [aa9634f0-8836-44d6-bc05-5b19fbdd93d5@group-6EF60CB14872-LeaderElection155] INFO  server.RaftServer$Division (RaftServerImpl.java:setRole(392)) - aa9634f0-8836-44d6-bc05-5b19fbdd93d5@group-6EF60CB14872: changes role from CANDIDATE to FOLLOWER at term 2 for REJECTED
2025-10-10 10:39:15,187 [aa9634f0-8836-44d6-bc05-5b19fbdd93d5@group-6EF60CB14872-LeaderElection155] INFO  impl.RoleInfo (RoleInfo.java:shutdownLeaderElection(141)) - aa9634f0-8836-44d6-bc05-5b19fbdd93d5: shutdown aa9634f0-8836-44d6-bc05-5b19fbdd93d5@group-6EF60CB14872-LeaderElection155
2025-10-10 10:39:15,187 [aa9634f0-8836-44d6-bc05-5b19fbdd93d5@group-6EF60CB14872-LeaderElection155] INFO  impl.RoleInfo (RoleInfo.java:updateAndGet(148)) - aa9634f0-8836-44d6-bc05-5b19fbdd93d5: start aa9634f0-8836-44d6-bc05-5b19fbdd93d5@group-6EF60CB14872-FollowerState
2025-10-10 10:39:15,877 [aa9634f0-8836-44d6-bc05-5b19fbdd93d5@group-813C05265458-FollowerState] INFO  impl.FollowerState (FollowerState.java:lostMajorityHeartbeatsRecently(113)) - aa9634f0-8836-44d6-bc05-5b19fbdd93d5@group-813C05265458-FollowerState: Skipping leader election since it stepped down recently (elapsed = 8562ms < waitTime = 10s)
2025-10-10 10:39:16,255 [aa9634f0-8836-44d6-bc05-5b19fbdd93d5@group-6EF60CB14872-FollowerState] INFO  impl.FollowerState (FollowerState.java:runImpl(161)) - aa9634f0-8836-44d6-bc05-5b19fbdd93d5@group-6EF60CB14872-FollowerState: change to CANDIDATE, lastRpcElapsedTime:1068289235ns, electionTimeout:1068ms
2025-10-10 10:39:16,255 [aa9634f0-8836-44d6-bc05-5b19fbdd93d5@group-6EF60CB14872-FollowerState] INFO  impl.RoleInfo (RoleInfo.java:shutdownFollowerState(121)) - aa9634f0-8836-44d6-bc05-5b19fbdd93d5: shutdown aa9634f0-8836-44d6-bc05-5b19fbdd93d5@group-6EF60CB14872-FollowerState
2025-10-10 10:39:16,255 [aa9634f0-8836-44d6-bc05-5b19fbdd93d5@group-6EF60CB14872-FollowerState] INFO  server.RaftServer$Division (RaftServerImpl.java:setRole(392)) - aa9634f0-8836-44d6-bc05-5b19fbdd93d5@group-6EF60CB14872: changes role from  FOLLOWER to CANDIDATE at term 2 for changeToCandidate
2025-10-10 10:39:16,255 [aa9634f0-8836-44d6-bc05-5b19fbdd93d5@group-6EF60CB14872-FollowerState] INFO  impl.RoleInfo (RoleInfo.java:updateAndGet(148)) - aa9634f0-8836-44d6-bc05-5b19fbdd93d5: start aa9634f0-8836-44d6-bc05-5b19fbdd93d5@group-6EF60CB14872-LeaderElection156
2025-10-10 10:39:16,256 [aa9634f0-8836-44d6-bc05-5b19fbdd93d5@group-6EF60CB14872-LeaderElection156] INFO  impl.LeaderElection (LeaderElection.java:askForVotes(448)) - aa9634f0-8836-44d6-bc05-5b19fbdd93d5@group-6EF60CB14872-LeaderElection156 PRE_VOTE round 0: submit vote requests at term 2 for conf: {index: 7, cur=peers:[aa9634f0-8836-44d6-bc05-5b19fbdd93d5|127.0.0.1:15063, 36185c6b-22ce-45d1-a622-3a6b487a5a53|127.0.0.1:15071, 895d447a-5476-42e4-b2fa-6eb687701d46|127.0.0.1:15079]|listeners:[], old=null}
2025-10-10 10:39:16,256 [aa9634f0-8836-44d6-bc05-5b19fbdd93d5@group-6EF60CB14872-LeaderElection156] INFO  impl.LeaderElection (LogUtils.java:infoOrTrace(142)) - aa9634f0-8836-44d6-bc05-5b19fbdd93d5@group-6EF60CB14872-LeaderElection156 got exception when requesting votes: java.util.concurrent.ExecutionException: org.apache.ratis.thirdparty.io.grpc.StatusRuntimeException: UNAVAILABLE: io exception
2025-10-10 10:39:16,256 [aa9634f0-8836-44d6-bc05-5b19fbdd93d5@group-6EF60CB14872-LeaderElection156] INFO  impl.LeaderElection (LogUtils.java:infoOrTrace(142)) - aa9634f0-8836-44d6-bc05-5b19fbdd93d5@group-6EF60CB14872-LeaderElection156 got exception when requesting votes: java.util.concurrent.ExecutionException: org.apache.ratis.thirdparty.io.grpc.StatusRuntimeException: UNAVAILABLE: io exception
2025-10-10 10:39:16,256 [aa9634f0-8836-44d6-bc05-5b19fbdd93d5@group-6EF60CB14872-LeaderElection156] INFO  impl.LeaderElection (LeaderElection.java:logAndReturn(206)) - aa9634f0-8836-44d6-bc05-5b19fbdd93d5@group-6EF60CB14872-LeaderElection156: PRE_VOTE REJECTED received 0 response(s) and 2 exception(s):
2025-10-10 10:39:16,256 [aa9634f0-8836-44d6-bc05-5b19fbdd93d5@group-6EF60CB14872-LeaderElection156] INFO  impl.LeaderElection (LogUtils.java:infoOrTrace(142)) -   Exception 0: java.util.concurrent.ExecutionException: org.apache.ratis.thirdparty.io.grpc.StatusRuntimeException: UNAVAILABLE: io exception
2025-10-10 10:39:16,256 [aa9634f0-8836-44d6-bc05-5b19fbdd93d5@group-6EF60CB14872-LeaderElection156] INFO  impl.LeaderElection (LogUtils.java:infoOrTrace(142)) -   Exception 1: java.util.concurrent.ExecutionException: org.apache.ratis.thirdparty.io.grpc.StatusRuntimeException: UNAVAILABLE: io exception
2025-10-10 10:39:16,257 [aa9634f0-8836-44d6-bc05-5b19fbdd93d5@group-6EF60CB14872-LeaderElection156] INFO  impl.LeaderElection (LeaderElection.java:askForVotes(450)) - aa9634f0-8836-44d6-bc05-5b19fbdd93d5@group-6EF60CB14872-LeaderElection156 PRE_VOTE round 0: result REJECTED
2025-10-10 10:39:16,257 [aa9634f0-8836-44d6-bc05-5b19fbdd93d5@group-6EF60CB14872-LeaderElection156] INFO  server.RaftServer$Division (RaftServerImpl.java:setRole(392)) - aa9634f0-8836-44d6-bc05-5b19fbdd93d5@group-6EF60CB14872: changes role from CANDIDATE to FOLLOWER at term 2 for REJECTED
2025-10-10 10:39:16,257 [aa9634f0-8836-44d6-bc05-5b19fbdd93d5@group-6EF60CB14872-LeaderElection156] INFO  impl.RoleInfo (RoleInfo.java:shutdownLeaderElection(141)) - aa9634f0-8836-44d6-bc05-5b19fbdd93d5: shutdown aa9634f0-8836-44d6-bc05-5b19fbdd93d5@group-6EF60CB14872-LeaderElection156
2025-10-10 10:39:16,257 [aa9634f0-8836-44d6-bc05-5b19fbdd93d5@group-6EF60CB14872-LeaderElection156] INFO  impl.RoleInfo (RoleInfo.java:updateAndGet(148)) - aa9634f0-8836-44d6-bc05-5b19fbdd93d5: start aa9634f0-8836-44d6-bc05-5b19fbdd93d5@group-6EF60CB14872-FollowerState
2025-10-10 10:39:17,046 [aa9634f0-8836-44d6-bc05-5b19fbdd93d5@group-813C05265458-FollowerState] INFO  impl.FollowerState (FollowerState.java:lostMajorityHeartbeatsRecently(113)) - aa9634f0-8836-44d6-bc05-5b19fbdd93d5@group-813C05265458-FollowerState: Skipping leader election since it stepped down recently (elapsed = 9732ms < waitTime = 10s)
2025-10-10 10:39:17,381 [aa9634f0-8836-44d6-bc05-5b19fbdd93d5@group-6EF60CB14872-FollowerState] INFO  impl.FollowerState (FollowerState.java:runImpl(161)) - aa9634f0-8836-44d6-bc05-5b19fbdd93d5@group-6EF60CB14872-FollowerState: change to CANDIDATE, lastRpcElapsedTime:1124322283ns, electionTimeout:1124ms
2025-10-10 10:39:17,381 [aa9634f0-8836-44d6-bc05-5b19fbdd93d5@group-6EF60CB14872-FollowerState] INFO  impl.RoleInfo (RoleInfo.java:shutdownFollowerState(121)) - aa9634f0-8836-44d6-bc05-5b19fbdd93d5: shutdown aa9634f0-8836-44d6-bc05-5b19fbdd93d5@group-6EF60CB14872-FollowerState
2025-10-10 10:39:17,381 [aa9634f0-8836-44d6-bc05-5b19fbdd93d5@group-6EF60CB14872-FollowerState] INFO  server.RaftServer$Division (RaftServerImpl.java:setRole(392)) - aa9634f0-8836-44d6-bc05-5b19fbdd93d5@group-6EF60CB14872: changes role from  FOLLOWER to CANDIDATE at term 2 for changeToCandidate
2025-10-10 10:39:17,381 [aa9634f0-8836-44d6-bc05-5b19fbdd93d5@group-6EF60CB14872-FollowerState] INFO  impl.RoleInfo (RoleInfo.java:updateAndGet(148)) - aa9634f0-8836-44d6-bc05-5b19fbdd93d5: start aa9634f0-8836-44d6-bc05-5b19fbdd93d5@group-6EF60CB14872-LeaderElection157
2025-10-10 10:39:17,382 [aa9634f0-8836-44d6-bc05-5b19fbdd93d5@group-6EF60CB14872-LeaderElection157] INFO  impl.LeaderElection (LeaderElection.java:askForVotes(448)) - aa9634f0-8836-44d6-bc05-5b19fbdd93d5@group-6EF60CB14872-LeaderElection157 PRE_VOTE round 0: submit vote requests at term 2 for conf: {index: 7, cur=peers:[aa9634f0-8836-44d6-bc05-5b19fbdd93d5|127.0.0.1:15063, 36185c6b-22ce-45d1-a622-3a6b487a5a53|127.0.0.1:15071, 895d447a-5476-42e4-b2fa-6eb687701d46|127.0.0.1:15079]|listeners:[], old=null}
2025-10-10 10:39:17,382 [aa9634f0-8836-44d6-bc05-5b19fbdd93d5@group-6EF60CB14872-LeaderElection157] INFO  impl.LeaderElection (LogUtils.java:infoOrTrace(142)) - aa9634f0-8836-44d6-bc05-5b19fbdd93d5@group-6EF60CB14872-LeaderElection157 got exception when requesting votes: java.util.concurrent.ExecutionException: org.apache.ratis.thirdparty.io.grpc.StatusRuntimeException: UNAVAILABLE: io exception
2025-10-10 10:39:17,382 [aa9634f0-8836-44d6-bc05-5b19fbdd93d5@group-6EF60CB14872-LeaderElection157] INFO  impl.LeaderElection (LogUtils.java:infoOrTrace(142)) - aa9634f0-8836-44d6-bc05-5b19fbdd93d5@group-6EF60CB14872-LeaderElection157 got exception when requesting votes: java.util.concurrent.ExecutionException: org.apache.ratis.thirdparty.io.grpc.StatusRuntimeException: UNAVAILABLE: io exception
2025-10-10 10:39:17,382 [aa9634f0-8836-44d6-bc05-5b19fbdd93d5@group-6EF60CB14872-LeaderElection157] INFO  impl.LeaderElection (LeaderElection.java:logAndReturn(206)) - aa9634f0-8836-44d6-bc05-5b19fbdd93d5@group-6EF60CB14872-LeaderElection157: PRE_VOTE REJECTED received 0 response(s) and 2 exception(s):
2025-10-10 10:39:17,382 [aa9634f0-8836-44d6-bc05-5b19fbdd93d5@group-6EF60CB14872-LeaderElection157] INFO  impl.LeaderElection (LogUtils.java:infoOrTrace(142)) -   Exception 0: java.util.concurrent.ExecutionException: org.apache.ratis.thirdparty.io.grpc.StatusRuntimeException: UNAVAILABLE: io exception
2025-10-10 10:39:17,382 [aa9634f0-8836-44d6-bc05-5b19fbdd93d5@group-6EF60CB14872-LeaderElection157] INFO  impl.LeaderElection (LogUtils.java:infoOrTrace(142)) -   Exception 1: java.util.concurrent.ExecutionException: org.apache.ratis.thirdparty.io.grpc.StatusRuntimeException: UNAVAILABLE: io exception
2025-10-10 10:39:17,382 [aa9634f0-8836-44d6-bc05-5b19fbdd93d5@group-6EF60CB14872-LeaderElection157] INFO  impl.LeaderElection (LeaderElection.java:askForVotes(450)) - aa9634f0-8836-44d6-bc05-5b19fbdd93d5@group-6EF60CB14872-LeaderElection157 PRE_VOTE round 0: result REJECTED
2025-10-10 10:39:17,383 [aa9634f0-8836-44d6-bc05-5b19fbdd93d5@group-6EF60CB14872-LeaderElection157] INFO  server.RaftServer$Division (RaftServerImpl.java:setRole(392)) - aa9634f0-8836-44d6-bc05-5b19fbdd93d5@group-6EF60CB14872: changes role from CANDIDATE to FOLLOWER at term 2 for REJECTED
2025-10-10 10:39:17,383 [aa9634f0-8836-44d6-bc05-5b19fbdd93d5@group-6EF60CB14872-LeaderElection157] INFO  impl.RoleInfo (RoleInfo.java:shutdownLeaderElection(141)) - aa9634f0-8836-44d6-bc05-5b19fbdd93d5: shutdown aa9634f0-8836-44d6-bc05-5b19fbdd93d5@group-6EF60CB14872-LeaderElection157
2025-10-10 10:39:17,383 [aa9634f0-8836-44d6-bc05-5b19fbdd93d5@group-6EF60CB14872-LeaderElection157] INFO  impl.RoleInfo (RoleInfo.java:updateAndGet(148)) - aa9634f0-8836-44d6-bc05-5b19fbdd93d5: start aa9634f0-8836-44d6-bc05-5b19fbdd93d5@group-6EF60CB14872-FollowerState
2025-10-10 10:39:17,518 [grpc-default-executor-4] ERROR impl.OrderedAsync (OrderedAsync.java:lambda$null$6(215)) -  client-917D4E751540: Failed* RaftClientRequest:client-917D4E751540->895d447a-5476-42e4-b2fa-6eb687701d46@group-6EF60CB14872, cid=48, seq=6*, RW, cmdType: WriteChunk traceID: "" containerID: 6 datanodeUuid: "36185c6b-22ce-45d1-a622-3a6b487a5a53" writeChunk { blockID { containerID: 6 localID: 115816896921600006 blockCommitSequenceId: 0 replicaIndex: 0 } chunkData { chunkName: "115816896921600006_chunk_1" offset: 0 len: 524288 } } version: 3, data.size=524288
java.util.concurrent.CompletionException: java.io.IOException: org.apache.ratis.thirdparty.io.grpc.StatusRuntimeException: UNAVAILABLE: io exception
	at java.base/java.util.concurrent.CompletableFuture.encodeThrowable(CompletableFuture.java:332)
	at java.base/java.util.concurrent.CompletableFuture.completeThrowable(CompletableFuture.java:347)
	at java.base/java.util.concurrent.CompletableFuture$UniAccept.tryFire(CompletableFuture.java:708)
	at java.base/java.util.concurrent.CompletableFuture.postComplete(CompletableFuture.java:510)
	at java.base/java.util.concurrent.CompletableFuture.completeExceptionally(CompletableFuture.java:2194)
	at org.apache.ratis.grpc.client.GrpcClientProtocolClient$AsyncStreamObservers.completeReplyExceptionally(GrpcClientProtocolClient.java:397)
	at org.apache.ratis.grpc.client.GrpcClientProtocolClient$AsyncStreamObservers.access$000(GrpcClientProtocolClient.java:303)
	at org.apache.ratis.grpc.client.GrpcClientProtocolClient$AsyncStreamObservers$1.onError(GrpcClientProtocolClient.java:334)
	at org.apache.ratis.thirdparty.io.grpc.stub.ClientCalls$StreamObserverToCallListenerAdapter.onClose(ClientCalls.java:564)
	at org.apache.ratis.thirdparty.io.grpc.PartialForwardingClientCallListener.onClose(PartialForwardingClientCallListener.java:39)
	at org.apache.ratis.thirdparty.io.grpc.ForwardingClientCallListener.onClose(ForwardingClientCallListener.java:23)
	at org.apache.ratis.grpc.metrics.intercept.client.MetricClientCallListener.onClose(MetricClientCallListener.java:47)
	at org.apache.ratis.thirdparty.io.grpc.internal.DelayedClientCall$DelayedListener$3.run(DelayedClientCall.java:489)
	at org.apache.ratis.thirdparty.io.grpc.internal.DelayedClientCall$DelayedListener.delayOrExecute(DelayedClientCall.java:453)
	at org.apache.ratis.thirdparty.io.grpc.internal.DelayedClientCall$DelayedListener.onClose(DelayedClientCall.java:486)
	at org.apache.ratis.thirdparty.io.grpc.internal.ClientCallImpl.closeObserver(ClientCallImpl.java:565)
	at org.apache.ratis.thirdparty.io.grpc.internal.ClientCallImpl.access$100(ClientCallImpl.java:72)
	at org.apache.ratis.thirdparty.io.grpc.internal.ClientCallImpl$ClientStreamListenerImpl$1StreamClosed.runInternal(ClientCallImpl.java:733)
	at org.apache.ratis.thirdparty.io.grpc.internal.ClientCallImpl$ClientStreamListenerImpl$1StreamClosed.runInContext(ClientCallImpl.java:714)
	at org.apache.ratis.thirdparty.io.grpc.internal.ContextRunnable.run(ContextRunnable.java:37)
	at org.apache.ratis.thirdparty.io.grpc.internal.SerializingExecutor.run(SerializingExecutor.java:133)
	at java.base/java.util.concurrent.ThreadPoolExecutor.runWorker(ThreadPoolExecutor.java:1144)
	at java.base/java.util.concurrent.ThreadPoolExecutor$Worker.run(ThreadPoolExecutor.java:642)
	at java.base/java.lang.Thread.run(Thread.java:1583)
Caused by: java.io.IOException: org.apache.ratis.thirdparty.io.grpc.StatusRuntimeException: UNAVAILABLE: io exception
	at org.apache.ratis.grpc.GrpcUtil.unwrapException(GrpcUtil.java:99)
	at org.apache.ratis.grpc.GrpcUtil.unwrapIOException(GrpcUtil.java:159)
	at org.apache.ratis.grpc.client.GrpcClientProtocolClient$AsyncStreamObservers$1.onError(GrpcClientProtocolClient.java:333)
	... 16 more
Caused by: org.apache.ratis.thirdparty.io.grpc.StatusRuntimeException: UNAVAILABLE: io exception
	at org.apache.ratis.thirdparty.io.grpc.Status.asRuntimeException(Status.java:532)
	... 16 more
Caused by: org.apache.ratis.thirdparty.io.netty.channel.AbstractChannel$AnnotatedConnectException: finishConnect(..) failed: Connection refused: /127.0.0.1:15077
Caused by: java.net.ConnectException: finishConnect(..) failed: Connection refused
	at org.apache.ratis.thirdparty.io.netty.channel.unix.Errors.newConnectException0(Errors.java:166)
	at org.apache.ratis.thirdparty.io.netty.channel.unix.Errors.handleConnectErrno(Errors.java:131)
	at org.apache.ratis.thirdparty.io.netty.channel.unix.Socket.finishConnect(Socket.java:359)
	at org.apache.ratis.thirdparty.io.netty.channel.epoll.AbstractEpollChannel$AbstractEpollUnsafe.doFinishConnect(AbstractEpollChannel.java:715)
	at org.apache.ratis.thirdparty.io.netty.channel.epoll.AbstractEpollChannel$AbstractEpollUnsafe.finishConnect(AbstractEpollChannel.java:692)
	at org.apache.ratis.thirdparty.io.netty.channel.epoll.AbstractEpollChannel$AbstractEpollUnsafe.epollOutReady(AbstractEpollChannel.java:567)
	at org.apache.ratis.thirdparty.io.netty.channel.epoll.EpollEventLoop.processReady(EpollEventLoop.java:491)
	at org.apache.ratis.thirdparty.io.netty.channel.epoll.EpollEventLoop.run(EpollEventLoop.java:399)
	at org.apache.ratis.thirdparty.io.netty.util.concurrent.SingleThreadEventExecutor$4.run(SingleThreadEventExecutor.java:998)
	at org.apache.ratis.thirdparty.io.netty.util.internal.ThreadExecutorMap$2.run(ThreadExecutorMap.java:74)
	at org.apache.ratis.thirdparty.io.netty.util.concurrent.FastThreadLocalRunnable.run(FastThreadLocalRunnable.java:30)
	at java.base/java.lang.Thread.run(Thread.java:1583)
2025-10-10 10:39:18,206 [aa9634f0-8836-44d6-bc05-5b19fbdd93d5@group-813C05265458-FollowerState] INFO  impl.FollowerState (FollowerState.java:runImpl(161)) - aa9634f0-8836-44d6-bc05-5b19fbdd93d5@group-813C05265458-FollowerState: change to CANDIDATE, lastRpcElapsedTime:10892335824ns, electionTimeout:1160ms
2025-10-10 10:39:18,206 [aa9634f0-8836-44d6-bc05-5b19fbdd93d5@group-813C05265458-FollowerState] INFO  impl.RoleInfo (RoleInfo.java:shutdownFollowerState(121)) - aa9634f0-8836-44d6-bc05-5b19fbdd93d5: shutdown aa9634f0-8836-44d6-bc05-5b19fbdd93d5@group-813C05265458-FollowerState
2025-10-10 10:39:18,206 [aa9634f0-8836-44d6-bc05-5b19fbdd93d5@group-813C05265458-FollowerState] INFO  server.RaftServer$Division (RaftServerImpl.java:setRole(392)) - aa9634f0-8836-44d6-bc05-5b19fbdd93d5@group-813C05265458: changes role from  FOLLOWER to CANDIDATE at term 1 for changeToCandidate
2025-10-10 10:39:18,206 [aa9634f0-8836-44d6-bc05-5b19fbdd93d5@group-813C05265458-FollowerState] INFO  impl.RoleInfo (RoleInfo.java:updateAndGet(148)) - aa9634f0-8836-44d6-bc05-5b19fbdd93d5: start aa9634f0-8836-44d6-bc05-5b19fbdd93d5@group-813C05265458-LeaderElection158
2025-10-10 10:39:18,207 [aa9634f0-8836-44d6-bc05-5b19fbdd93d5@group-813C05265458-LeaderElection158] INFO  impl.LeaderElection (LeaderElection.java:askForVotes(448)) - aa9634f0-8836-44d6-bc05-5b19fbdd93d5@group-813C05265458-LeaderElection158 PRE_VOTE round 0: submit vote requests at term 1 for conf: {index: 0, cur=peers:[aa9634f0-8836-44d6-bc05-5b19fbdd93d5|127.0.0.1:15063, 36185c6b-22ce-45d1-a622-3a6b487a5a53|127.0.0.1:15071, 895d447a-5476-42e4-b2fa-6eb687701d46|127.0.0.1:15079]|listeners:[], old=null}
2025-10-10 10:39:18,207 [aa9634f0-8836-44d6-bc05-5b19fbdd93d5@group-813C05265458-LeaderElection158] INFO  impl.LeaderElection (LogUtils.java:infoOrTrace(142)) - aa9634f0-8836-44d6-bc05-5b19fbdd93d5@group-813C05265458-LeaderElection158 got exception when requesting votes: java.util.concurrent.ExecutionException: org.apache.ratis.thirdparty.io.grpc.StatusRuntimeException: UNAVAILABLE: io exception
2025-10-10 10:39:18,207 [aa9634f0-8836-44d6-bc05-5b19fbdd93d5@group-813C05265458-LeaderElection158] INFO  impl.LeaderElection (LogUtils.java:infoOrTrace(142)) - aa9634f0-8836-44d6-bc05-5b19fbdd93d5@group-813C05265458-LeaderElection158 got exception when requesting votes: java.util.concurrent.ExecutionException: org.apache.ratis.thirdparty.io.grpc.StatusRuntimeException: UNAVAILABLE: io exception
2025-10-10 10:39:18,207 [aa9634f0-8836-44d6-bc05-5b19fbdd93d5@group-813C05265458-LeaderElection158] INFO  impl.LeaderElection (LeaderElection.java:logAndReturn(206)) - aa9634f0-8836-44d6-bc05-5b19fbdd93d5@group-813C05265458-LeaderElection158: PRE_VOTE REJECTED received 0 response(s) and 2 exception(s):
2025-10-10 10:39:18,208 [aa9634f0-8836-44d6-bc05-5b19fbdd93d5@group-813C05265458-LeaderElection158] INFO  impl.LeaderElection (LogUtils.java:infoOrTrace(142)) -   Exception 0: java.util.concurrent.ExecutionException: org.apache.ratis.thirdparty.io.grpc.StatusRuntimeException: UNAVAILABLE: io exception
2025-10-10 10:39:18,208 [aa9634f0-8836-44d6-bc05-5b19fbdd93d5@group-813C05265458-LeaderElection158] INFO  impl.LeaderElection (LogUtils.java:infoOrTrace(142)) -   Exception 1: java.util.concurrent.ExecutionException: org.apache.ratis.thirdparty.io.grpc.StatusRuntimeException: UNAVAILABLE: io exception
2025-10-10 10:39:18,208 [aa9634f0-8836-44d6-bc05-5b19fbdd93d5@group-813C05265458-LeaderElection158] INFO  impl.LeaderElection (LeaderElection.java:askForVotes(450)) - aa9634f0-8836-44d6-bc05-5b19fbdd93d5@group-813C05265458-LeaderElection158 PRE_VOTE round 0: result REJECTED
2025-10-10 10:39:18,208 [aa9634f0-8836-44d6-bc05-5b19fbdd93d5@group-813C05265458-LeaderElection158] INFO  server.RaftServer$Division (RaftServerImpl.java:setRole(392)) - aa9634f0-8836-44d6-bc05-5b19fbdd93d5@group-813C05265458: changes role from CANDIDATE to FOLLOWER at term 1 for REJECTED
2025-10-10 10:39:18,208 [aa9634f0-8836-44d6-bc05-5b19fbdd93d5@group-813C05265458-LeaderElection158] INFO  impl.RoleInfo (RoleInfo.java:shutdownLeaderElection(141)) - aa9634f0-8836-44d6-bc05-5b19fbdd93d5: shutdown aa9634f0-8836-44d6-bc05-5b19fbdd93d5@group-813C05265458-LeaderElection158
2025-10-10 10:39:18,208 [aa9634f0-8836-44d6-bc05-5b19fbdd93d5@group-813C05265458-LeaderElection158] INFO  impl.RoleInfo (RoleInfo.java:updateAndGet(148)) - aa9634f0-8836-44d6-bc05-5b19fbdd93d5: start aa9634f0-8836-44d6-bc05-5b19fbdd93d5@group-813C05265458-FollowerState
2025-10-10 10:39:18,525 [aa9634f0-8836-44d6-bc05-5b19fbdd93d5@group-6EF60CB14872-FollowerState] INFO  impl.FollowerState (FollowerState.java:runImpl(161)) - aa9634f0-8836-44d6-bc05-5b19fbdd93d5@group-6EF60CB14872-FollowerState: change to CANDIDATE, lastRpcElapsedTime:1142399794ns, electionTimeout:1142ms
2025-10-10 10:39:18,525 [aa9634f0-8836-44d6-bc05-5b19fbdd93d5@group-6EF60CB14872-FollowerState] INFO  impl.RoleInfo (RoleInfo.java:shutdownFollowerState(121)) - aa9634f0-8836-44d6-bc05-5b19fbdd93d5: shutdown aa9634f0-8836-44d6-bc05-5b19fbdd93d5@group-6EF60CB14872-FollowerState
2025-10-10 10:39:18,525 [aa9634f0-8836-44d6-bc05-5b19fbdd93d5@group-6EF60CB14872-FollowerState] INFO  server.RaftServer$Division (RaftServerImpl.java:setRole(392)) - aa9634f0-8836-44d6-bc05-5b19fbdd93d5@group-6EF60CB14872: changes role from  FOLLOWER to CANDIDATE at term 2 for changeToCandidate
2025-10-10 10:39:18,525 [aa9634f0-8836-44d6-bc05-5b19fbdd93d5@group-6EF60CB14872-FollowerState] INFO  impl.RoleInfo (RoleInfo.java:updateAndGet(148)) - aa9634f0-8836-44d6-bc05-5b19fbdd93d5: start aa9634f0-8836-44d6-bc05-5b19fbdd93d5@group-6EF60CB14872-LeaderElection159
2025-10-10 10:39:18,526 [aa9634f0-8836-44d6-bc05-5b19fbdd93d5@group-6EF60CB14872-LeaderElection159] INFO  impl.LeaderElection (LeaderElection.java:askForVotes(448)) - aa9634f0-8836-44d6-bc05-5b19fbdd93d5@group-6EF60CB14872-LeaderElection159 PRE_VOTE round 0: submit vote requests at term 2 for conf: {index: 7, cur=peers:[aa9634f0-8836-44d6-bc05-5b19fbdd93d5|127.0.0.1:15063, 36185c6b-22ce-45d1-a622-3a6b487a5a53|127.0.0.1:15071, 895d447a-5476-42e4-b2fa-6eb687701d46|127.0.0.1:15079]|listeners:[], old=null}
2025-10-10 10:39:18,526 [aa9634f0-8836-44d6-bc05-5b19fbdd93d5@group-6EF60CB14872-LeaderElection159] INFO  impl.LeaderElection (LogUtils.java:infoOrTrace(142)) - aa9634f0-8836-44d6-bc05-5b19fbdd93d5@group-6EF60CB14872-LeaderElection159 got exception when requesting votes: java.util.concurrent.ExecutionException: org.apache.ratis.thirdparty.io.grpc.StatusRuntimeException: UNAVAILABLE: io exception
2025-10-10 10:39:18,526 [aa9634f0-8836-44d6-bc05-5b19fbdd93d5@group-6EF60CB14872-LeaderElection159] INFO  impl.LeaderElection (LogUtils.java:infoOrTrace(142)) - aa9634f0-8836-44d6-bc05-5b19fbdd93d5@group-6EF60CB14872-LeaderElection159 got exception when requesting votes: java.util.concurrent.ExecutionException: org.apache.ratis.thirdparty.io.grpc.StatusRuntimeException: UNAVAILABLE: io exception
2025-10-10 10:39:18,527 [aa9634f0-8836-44d6-bc05-5b19fbdd93d5@group-6EF60CB14872-LeaderElection159] INFO  impl.LeaderElection (LeaderElection.java:logAndReturn(206)) - aa9634f0-8836-44d6-bc05-5b19fbdd93d5@group-6EF60CB14872-LeaderElection159: PRE_VOTE REJECTED received 0 response(s) and 2 exception(s):
2025-10-10 10:39:18,527 [aa9634f0-8836-44d6-bc05-5b19fbdd93d5@group-6EF60CB14872-LeaderElection159] INFO  impl.LeaderElection (LogUtils.java:infoOrTrace(142)) -   Exception 0: java.util.concurrent.ExecutionException: org.apache.ratis.thirdparty.io.grpc.StatusRuntimeException: UNAVAILABLE: io exception
2025-10-10 10:39:18,527 [aa9634f0-8836-44d6-bc05-5b19fbdd93d5@group-6EF60CB14872-LeaderElection159] INFO  impl.LeaderElection (LogUtils.java:infoOrTrace(142)) -   Exception 1: java.util.concurrent.ExecutionException: org.apache.ratis.thirdparty.io.grpc.StatusRuntimeException: UNAVAILABLE: io exception
2025-10-10 10:39:18,527 [aa9634f0-8836-44d6-bc05-5b19fbdd93d5@group-6EF60CB14872-LeaderElection159] INFO  impl.LeaderElection (LeaderElection.java:askForVotes(450)) - aa9634f0-8836-44d6-bc05-5b19fbdd93d5@group-6EF60CB14872-LeaderElection159 PRE_VOTE round 0: result REJECTED
2025-10-10 10:39:18,527 [aa9634f0-8836-44d6-bc05-5b19fbdd93d5@group-6EF60CB14872-LeaderElection159] INFO  server.RaftServer$Division (RaftServerImpl.java:setRole(392)) - aa9634f0-8836-44d6-bc05-5b19fbdd93d5@group-6EF60CB14872: changes role from CANDIDATE to FOLLOWER at term 2 for REJECTED
2025-10-10 10:39:18,527 [aa9634f0-8836-44d6-bc05-5b19fbdd93d5@group-6EF60CB14872-LeaderElection159] INFO  impl.RoleInfo (RoleInfo.java:shutdownLeaderElection(141)) - aa9634f0-8836-44d6-bc05-5b19fbdd93d5: shutdown aa9634f0-8836-44d6-bc05-5b19fbdd93d5@group-6EF60CB14872-LeaderElection159
2025-10-10 10:39:18,527 [aa9634f0-8836-44d6-bc05-5b19fbdd93d5@group-6EF60CB14872-LeaderElection159] INFO  impl.RoleInfo (RoleInfo.java:updateAndGet(148)) - aa9634f0-8836-44d6-bc05-5b19fbdd93d5: start aa9634f0-8836-44d6-bc05-5b19fbdd93d5@group-6EF60CB14872-FollowerState
2025-10-10 10:39:19,273 [aa9634f0-8836-44d6-bc05-5b19fbdd93d5@group-813C05265458-FollowerState] INFO  impl.FollowerState (FollowerState.java:runImpl(161)) - aa9634f0-8836-44d6-bc05-5b19fbdd93d5@group-813C05265458-FollowerState: change to CANDIDATE, lastRpcElapsedTime:1065287885ns, electionTimeout:1065ms
2025-10-10 10:39:19,273 [aa9634f0-8836-44d6-bc05-5b19fbdd93d5@group-813C05265458-FollowerState] INFO  impl.RoleInfo (RoleInfo.java:shutdownFollowerState(121)) - aa9634f0-8836-44d6-bc05-5b19fbdd93d5: shutdown aa9634f0-8836-44d6-bc05-5b19fbdd93d5@group-813C05265458-FollowerState
2025-10-10 10:39:19,273 [aa9634f0-8836-44d6-bc05-5b19fbdd93d5@group-813C05265458-FollowerState] INFO  server.RaftServer$Division (RaftServerImpl.java:setRole(392)) - aa9634f0-8836-44d6-bc05-5b19fbdd93d5@group-813C05265458: changes role from  FOLLOWER to CANDIDATE at term 1 for changeToCandidate
2025-10-10 10:39:19,273 [aa9634f0-8836-44d6-bc05-5b19fbdd93d5@group-813C05265458-FollowerState] INFO  impl.RoleInfo (RoleInfo.java:updateAndGet(148)) - aa9634f0-8836-44d6-bc05-5b19fbdd93d5: start aa9634f0-8836-44d6-bc05-5b19fbdd93d5@group-813C05265458-LeaderElection160
2025-10-10 10:39:19,274 [aa9634f0-8836-44d6-bc05-5b19fbdd93d5@group-813C05265458-LeaderElection160] INFO  impl.LeaderElection (LeaderElection.java:askForVotes(448)) - aa9634f0-8836-44d6-bc05-5b19fbdd93d5@group-813C05265458-LeaderElection160 PRE_VOTE round 0: submit vote requests at term 1 for conf: {index: 0, cur=peers:[aa9634f0-8836-44d6-bc05-5b19fbdd93d5|127.0.0.1:15063, 36185c6b-22ce-45d1-a622-3a6b487a5a53|127.0.0.1:15071, 895d447a-5476-42e4-b2fa-6eb687701d46|127.0.0.1:15079]|listeners:[], old=null}
2025-10-10 10:39:19,274 [aa9634f0-8836-44d6-bc05-5b19fbdd93d5@group-813C05265458-LeaderElection160] INFO  impl.LeaderElection (LogUtils.java:infoOrTrace(142)) - aa9634f0-8836-44d6-bc05-5b19fbdd93d5@group-813C05265458-LeaderElection160 got exception when requesting votes: java.util.concurrent.ExecutionException: org.apache.ratis.thirdparty.io.grpc.StatusRuntimeException: UNAVAILABLE: io exception
2025-10-10 10:39:19,275 [aa9634f0-8836-44d6-bc05-5b19fbdd93d5@group-813C05265458-LeaderElection160] INFO  impl.LeaderElection (LogUtils.java:infoOrTrace(142)) - aa9634f0-8836-44d6-bc05-5b19fbdd93d5@group-813C05265458-LeaderElection160 got exception when requesting votes: java.util.concurrent.ExecutionException: org.apache.ratis.thirdparty.io.grpc.StatusRuntimeException: UNAVAILABLE: io exception
2025-10-10 10:39:19,275 [aa9634f0-8836-44d6-bc05-5b19fbdd93d5@group-813C05265458-LeaderElection160] INFO  impl.LeaderElection (LeaderElection.java:logAndReturn(206)) - aa9634f0-8836-44d6-bc05-5b19fbdd93d5@group-813C05265458-LeaderElection160: PRE_VOTE REJECTED received 0 response(s) and 2 exception(s):
2025-10-10 10:39:19,275 [aa9634f0-8836-44d6-bc05-5b19fbdd93d5@group-813C05265458-LeaderElection160] INFO  impl.LeaderElection (LogUtils.java:infoOrTrace(142)) -   Exception 0: java.util.concurrent.ExecutionException: org.apache.ratis.thirdparty.io.grpc.StatusRuntimeException: UNAVAILABLE: io exception
2025-10-10 10:39:19,275 [aa9634f0-8836-44d6-bc05-5b19fbdd93d5@group-813C05265458-LeaderElection160] INFO  impl.LeaderElection (LogUtils.java:infoOrTrace(142)) -   Exception 1: java.util.concurrent.ExecutionException: org.apache.ratis.thirdparty.io.grpc.StatusRuntimeException: UNAVAILABLE: io exception
2025-10-10 10:39:19,275 [aa9634f0-8836-44d6-bc05-5b19fbdd93d5@group-813C05265458-LeaderElection160] INFO  impl.LeaderElection (LeaderElection.java:askForVotes(450)) - aa9634f0-8836-44d6-bc05-5b19fbdd93d5@group-813C05265458-LeaderElection160 PRE_VOTE round 0: result REJECTED
2025-10-10 10:39:19,275 [aa9634f0-8836-44d6-bc05-5b19fbdd93d5@group-813C05265458-LeaderElection160] INFO  server.RaftServer$Division (RaftServerImpl.java:setRole(392)) - aa9634f0-8836-44d6-bc05-5b19fbdd93d5@group-813C05265458: changes role from CANDIDATE to FOLLOWER at term 1 for REJECTED
2025-10-10 10:39:19,275 [aa9634f0-8836-44d6-bc05-5b19fbdd93d5@group-813C05265458-LeaderElection160] INFO  impl.RoleInfo (RoleInfo.java:shutdownLeaderElection(141)) - aa9634f0-8836-44d6-bc05-5b19fbdd93d5: shutdown aa9634f0-8836-44d6-bc05-5b19fbdd93d5@group-813C05265458-LeaderElection160
2025-10-10 10:39:19,275 [aa9634f0-8836-44d6-bc05-5b19fbdd93d5@group-813C05265458-LeaderElection160] INFO  impl.RoleInfo (RoleInfo.java:updateAndGet(148)) - aa9634f0-8836-44d6-bc05-5b19fbdd93d5: start aa9634f0-8836-44d6-bc05-5b19fbdd93d5@group-813C05265458-FollowerState
2025-10-10 10:39:19,612 [aa9634f0-8836-44d6-bc05-5b19fbdd93d5@group-6EF60CB14872-FollowerState] INFO  impl.FollowerState (FollowerState.java:runImpl(161)) - aa9634f0-8836-44d6-bc05-5b19fbdd93d5@group-6EF60CB14872-FollowerState: change to CANDIDATE, lastRpcElapsedTime:1085336678ns, electionTimeout:1085ms
2025-10-10 10:39:19,612 [aa9634f0-8836-44d6-bc05-5b19fbdd93d5@group-6EF60CB14872-FollowerState] INFO  impl.RoleInfo (RoleInfo.java:shutdownFollowerState(121)) - aa9634f0-8836-44d6-bc05-5b19fbdd93d5: shutdown aa9634f0-8836-44d6-bc05-5b19fbdd93d5@group-6EF60CB14872-FollowerState
2025-10-10 10:39:19,613 [aa9634f0-8836-44d6-bc05-5b19fbdd93d5@group-6EF60CB14872-FollowerState] INFO  server.RaftServer$Division (RaftServerImpl.java:setRole(392)) - aa9634f0-8836-44d6-bc05-5b19fbdd93d5@group-6EF60CB14872: changes role from  FOLLOWER to CANDIDATE at term 2 for changeToCandidate
2025-10-10 10:39:19,613 [aa9634f0-8836-44d6-bc05-5b19fbdd93d5@group-6EF60CB14872-FollowerState] INFO  impl.RoleInfo (RoleInfo.java:updateAndGet(148)) - aa9634f0-8836-44d6-bc05-5b19fbdd93d5: start aa9634f0-8836-44d6-bc05-5b19fbdd93d5@group-6EF60CB14872-LeaderElection161
2025-10-10 10:39:19,613 [aa9634f0-8836-44d6-bc05-5b19fbdd93d5@group-6EF60CB14872-LeaderElection161] INFO  impl.LeaderElection (LeaderElection.java:askForVotes(448)) - aa9634f0-8836-44d6-bc05-5b19fbdd93d5@group-6EF60CB14872-LeaderElection161 PRE_VOTE round 0: submit vote requests at term 2 for conf: {index: 7, cur=peers:[aa9634f0-8836-44d6-bc05-5b19fbdd93d5|127.0.0.1:15063, 36185c6b-22ce-45d1-a622-3a6b487a5a53|127.0.0.1:15071, 895d447a-5476-42e4-b2fa-6eb687701d46|127.0.0.1:15079]|listeners:[], old=null}
2025-10-10 10:39:19,614 [aa9634f0-8836-44d6-bc05-5b19fbdd93d5@group-6EF60CB14872-LeaderElection161] INFO  impl.LeaderElection (LogUtils.java:infoOrTrace(142)) - aa9634f0-8836-44d6-bc05-5b19fbdd93d5@group-6EF60CB14872-LeaderElection161 got exception when requesting votes: java.util.concurrent.ExecutionException: org.apache.ratis.thirdparty.io.grpc.StatusRuntimeException: UNAVAILABLE: io exception
2025-10-10 10:39:19,614 [aa9634f0-8836-44d6-bc05-5b19fbdd93d5@group-6EF60CB14872-LeaderElection161] INFO  impl.LeaderElection (LogUtils.java:infoOrTrace(142)) - aa9634f0-8836-44d6-bc05-5b19fbdd93d5@group-6EF60CB14872-LeaderElection161 got exception when requesting votes: java.util.concurrent.ExecutionException: org.apache.ratis.thirdparty.io.grpc.StatusRuntimeException: UNAVAILABLE: io exception
2025-10-10 10:39:19,614 [aa9634f0-8836-44d6-bc05-5b19fbdd93d5@group-6EF60CB14872-LeaderElection161] INFO  impl.LeaderElection (LeaderElection.java:logAndReturn(206)) - aa9634f0-8836-44d6-bc05-5b19fbdd93d5@group-6EF60CB14872-LeaderElection161: PRE_VOTE REJECTED received 0 response(s) and 2 exception(s):
2025-10-10 10:39:19,614 [aa9634f0-8836-44d6-bc05-5b19fbdd93d5@group-6EF60CB14872-LeaderElection161] INFO  impl.LeaderElection (LogUtils.java:infoOrTrace(142)) -   Exception 0: java.util.concurrent.ExecutionException: org.apache.ratis.thirdparty.io.grpc.StatusRuntimeException: UNAVAILABLE: io exception
2025-10-10 10:39:19,614 [aa9634f0-8836-44d6-bc05-5b19fbdd93d5@group-6EF60CB14872-LeaderElection161] INFO  impl.LeaderElection (LogUtils.java:infoOrTrace(142)) -   Exception 1: java.util.concurrent.ExecutionException: org.apache.ratis.thirdparty.io.grpc.StatusRuntimeException: UNAVAILABLE: io exception
2025-10-10 10:39:19,614 [aa9634f0-8836-44d6-bc05-5b19fbdd93d5@group-6EF60CB14872-LeaderElection161] INFO  impl.LeaderElection (LeaderElection.java:askForVotes(450)) - aa9634f0-8836-44d6-bc05-5b19fbdd93d5@group-6EF60CB14872-LeaderElection161 PRE_VOTE round 0: result REJECTED
2025-10-10 10:39:19,614 [aa9634f0-8836-44d6-bc05-5b19fbdd93d5@group-6EF60CB14872-LeaderElection161] INFO  server.RaftServer$Division (RaftServerImpl.java:setRole(392)) - aa9634f0-8836-44d6-bc05-5b19fbdd93d5@group-6EF60CB14872: changes role from CANDIDATE to FOLLOWER at term 2 for REJECTED
2025-10-10 10:39:19,614 [aa9634f0-8836-44d6-bc05-5b19fbdd93d5@group-6EF60CB14872-LeaderElection161] INFO  impl.RoleInfo (RoleInfo.java:shutdownLeaderElection(141)) - aa9634f0-8836-44d6-bc05-5b19fbdd93d5: shutdown aa9634f0-8836-44d6-bc05-5b19fbdd93d5@group-6EF60CB14872-LeaderElection161
2025-10-10 10:39:19,614 [aa9634f0-8836-44d6-bc05-5b19fbdd93d5@group-6EF60CB14872-LeaderElection161] INFO  impl.RoleInfo (RoleInfo.java:updateAndGet(148)) - aa9634f0-8836-44d6-bc05-5b19fbdd93d5: start aa9634f0-8836-44d6-bc05-5b19fbdd93d5@group-6EF60CB14872-FollowerState
2025-10-10 10:39:20,455 [aa9634f0-8836-44d6-bc05-5b19fbdd93d5@group-813C05265458-FollowerState] INFO  impl.FollowerState (FollowerState.java:runImpl(161)) - aa9634f0-8836-44d6-bc05-5b19fbdd93d5@group-813C05265458-FollowerState: change to CANDIDATE, lastRpcElapsedTime:1180361501ns, electionTimeout:1180ms
2025-10-10 10:39:20,455 [aa9634f0-8836-44d6-bc05-5b19fbdd93d5@group-813C05265458-FollowerState] INFO  impl.RoleInfo (RoleInfo.java:shutdownFollowerState(121)) - aa9634f0-8836-44d6-bc05-5b19fbdd93d5: shutdown aa9634f0-8836-44d6-bc05-5b19fbdd93d5@group-813C05265458-FollowerState
2025-10-10 10:39:20,456 [aa9634f0-8836-44d6-bc05-5b19fbdd93d5@group-813C05265458-FollowerState] INFO  server.RaftServer$Division (RaftServerImpl.java:setRole(392)) - aa9634f0-8836-44d6-bc05-5b19fbdd93d5@group-813C05265458: changes role from  FOLLOWER to CANDIDATE at term 1 for changeToCandidate
2025-10-10 10:39:20,456 [aa9634f0-8836-44d6-bc05-5b19fbdd93d5@group-813C05265458-FollowerState] INFO  impl.RoleInfo (RoleInfo.java:updateAndGet(148)) - aa9634f0-8836-44d6-bc05-5b19fbdd93d5: start aa9634f0-8836-44d6-bc05-5b19fbdd93d5@group-813C05265458-LeaderElection162
2025-10-10 10:39:20,456 [aa9634f0-8836-44d6-bc05-5b19fbdd93d5@group-813C05265458-LeaderElection162] INFO  impl.LeaderElection (LeaderElection.java:askForVotes(448)) - aa9634f0-8836-44d6-bc05-5b19fbdd93d5@group-813C05265458-LeaderElection162 PRE_VOTE round 0: submit vote requests at term 1 for conf: {index: 0, cur=peers:[aa9634f0-8836-44d6-bc05-5b19fbdd93d5|127.0.0.1:15063, 36185c6b-22ce-45d1-a622-3a6b487a5a53|127.0.0.1:15071, 895d447a-5476-42e4-b2fa-6eb687701d46|127.0.0.1:15079]|listeners:[], old=null}
2025-10-10 10:39:20,457 [aa9634f0-8836-44d6-bc05-5b19fbdd93d5@group-813C05265458-LeaderElection162] INFO  impl.LeaderElection (LogUtils.java:infoOrTrace(142)) - aa9634f0-8836-44d6-bc05-5b19fbdd93d5@group-813C05265458-LeaderElection162 got exception when requesting votes: java.util.concurrent.ExecutionException: org.apache.ratis.thirdparty.io.grpc.StatusRuntimeException: UNAVAILABLE: io exception
2025-10-10 10:39:20,457 [aa9634f0-8836-44d6-bc05-5b19fbdd93d5@group-813C05265458-LeaderElection162] INFO  impl.LeaderElection (LogUtils.java:infoOrTrace(142)) - aa9634f0-8836-44d6-bc05-5b19fbdd93d5@group-813C05265458-LeaderElection162 got exception when requesting votes: java.util.concurrent.ExecutionException: org.apache.ratis.thirdparty.io.grpc.StatusRuntimeException: UNAVAILABLE: io exception
2025-10-10 10:39:20,457 [aa9634f0-8836-44d6-bc05-5b19fbdd93d5@group-813C05265458-LeaderElection162] INFO  impl.LeaderElection (LeaderElection.java:logAndReturn(206)) - aa9634f0-8836-44d6-bc05-5b19fbdd93d5@group-813C05265458-LeaderElection162: PRE_VOTE REJECTED received 0 response(s) and 2 exception(s):
2025-10-10 10:39:20,457 [aa9634f0-8836-44d6-bc05-5b19fbdd93d5@group-813C05265458-LeaderElection162] INFO  impl.LeaderElection (LogUtils.java:infoOrTrace(142)) -   Exception 0: java.util.concurrent.ExecutionException: org.apache.ratis.thirdparty.io.grpc.StatusRuntimeException: UNAVAILABLE: io exception
2025-10-10 10:39:20,457 [aa9634f0-8836-44d6-bc05-5b19fbdd93d5@group-813C05265458-LeaderElection162] INFO  impl.LeaderElection (LogUtils.java:infoOrTrace(142)) -   Exception 1: java.util.concurrent.ExecutionException: org.apache.ratis.thirdparty.io.grpc.StatusRuntimeException: UNAVAILABLE: io exception
2025-10-10 10:39:20,457 [aa9634f0-8836-44d6-bc05-5b19fbdd93d5@group-813C05265458-LeaderElection162] INFO  impl.LeaderElection (LeaderElection.java:askForVotes(450)) - aa9634f0-8836-44d6-bc05-5b19fbdd93d5@group-813C05265458-LeaderElection162 PRE_VOTE round 0: result REJECTED
2025-10-10 10:39:20,457 [aa9634f0-8836-44d6-bc05-5b19fbdd93d5@group-813C05265458-LeaderElection162] INFO  server.RaftServer$Division (RaftServerImpl.java:setRole(392)) - aa9634f0-8836-44d6-bc05-5b19fbdd93d5@group-813C05265458: changes role from CANDIDATE to FOLLOWER at term 1 for REJECTED
2025-10-10 10:39:20,457 [aa9634f0-8836-44d6-bc05-5b19fbdd93d5@group-813C05265458-LeaderElection162] INFO  impl.RoleInfo (RoleInfo.java:shutdownLeaderElection(141)) - aa9634f0-8836-44d6-bc05-5b19fbdd93d5: shutdown aa9634f0-8836-44d6-bc05-5b19fbdd93d5@group-813C05265458-LeaderElection162
2025-10-10 10:39:20,457 [aa9634f0-8836-44d6-bc05-5b19fbdd93d5@group-813C05265458-LeaderElection162] INFO  impl.RoleInfo (RoleInfo.java:updateAndGet(148)) - aa9634f0-8836-44d6-bc05-5b19fbdd93d5: start aa9634f0-8836-44d6-bc05-5b19fbdd93d5@group-813C05265458-FollowerState
2025-10-10 10:39:20,660 [aa9634f0-8836-44d6-bc05-5b19fbdd93d5@group-6EF60CB14872-FollowerState] INFO  impl.FollowerState (FollowerState.java:runImpl(161)) - aa9634f0-8836-44d6-bc05-5b19fbdd93d5@group-6EF60CB14872-FollowerState: change to CANDIDATE, lastRpcElapsedTime:1046298982ns, electionTimeout:1046ms
2025-10-10 10:39:20,661 [aa9634f0-8836-44d6-bc05-5b19fbdd93d5@group-6EF60CB14872-FollowerState] INFO  impl.RoleInfo (RoleInfo.java:shutdownFollowerState(121)) - aa9634f0-8836-44d6-bc05-5b19fbdd93d5: shutdown aa9634f0-8836-44d6-bc05-5b19fbdd93d5@group-6EF60CB14872-FollowerState
2025-10-10 10:39:20,661 [aa9634f0-8836-44d6-bc05-5b19fbdd93d5@group-6EF60CB14872-FollowerState] INFO  server.RaftServer$Division (RaftServerImpl.java:setRole(392)) - aa9634f0-8836-44d6-bc05-5b19fbdd93d5@group-6EF60CB14872: changes role from  FOLLOWER to CANDIDATE at term 2 for changeToCandidate
2025-10-10 10:39:20,661 [aa9634f0-8836-44d6-bc05-5b19fbdd93d5@group-6EF60CB14872-FollowerState] INFO  impl.RoleInfo (RoleInfo.java:updateAndGet(148)) - aa9634f0-8836-44d6-bc05-5b19fbdd93d5: start aa9634f0-8836-44d6-bc05-5b19fbdd93d5@group-6EF60CB14872-LeaderElection163
2025-10-10 10:39:20,661 [aa9634f0-8836-44d6-bc05-5b19fbdd93d5@group-6EF60CB14872-LeaderElection163] INFO  impl.LeaderElection (LeaderElection.java:askForVotes(448)) - aa9634f0-8836-44d6-bc05-5b19fbdd93d5@group-6EF60CB14872-LeaderElection163 PRE_VOTE round 0: submit vote requests at term 2 for conf: {index: 7, cur=peers:[aa9634f0-8836-44d6-bc05-5b19fbdd93d5|127.0.0.1:15063, 36185c6b-22ce-45d1-a622-3a6b487a5a53|127.0.0.1:15071, 895d447a-5476-42e4-b2fa-6eb687701d46|127.0.0.1:15079]|listeners:[], old=null}
2025-10-10 10:39:20,662 [aa9634f0-8836-44d6-bc05-5b19fbdd93d5@group-6EF60CB14872-LeaderElection163] INFO  impl.LeaderElection (LogUtils.java:infoOrTrace(142)) - aa9634f0-8836-44d6-bc05-5b19fbdd93d5@group-6EF60CB14872-LeaderElection163 got exception when requesting votes: java.util.concurrent.ExecutionException: org.apache.ratis.thirdparty.io.grpc.StatusRuntimeException: UNAVAILABLE: io exception
2025-10-10 10:39:20,662 [aa9634f0-8836-44d6-bc05-5b19fbdd93d5@group-6EF60CB14872-LeaderElection163] INFO  impl.LeaderElection (LogUtils.java:infoOrTrace(142)) - aa9634f0-8836-44d6-bc05-5b19fbdd93d5@group-6EF60CB14872-LeaderElection163 got exception when requesting votes: java.util.concurrent.ExecutionException: org.apache.ratis.thirdparty.io.grpc.StatusRuntimeException: UNAVAILABLE: io exception
2025-10-10 10:39:20,662 [aa9634f0-8836-44d6-bc05-5b19fbdd93d5@group-6EF60CB14872-LeaderElection163] INFO  impl.LeaderElection (LeaderElection.java:logAndReturn(206)) - aa9634f0-8836-44d6-bc05-5b19fbdd93d5@group-6EF60CB14872-LeaderElection163: PRE_VOTE REJECTED received 0 response(s) and 2 exception(s):
2025-10-10 10:39:20,662 [aa9634f0-8836-44d6-bc05-5b19fbdd93d5@group-6EF60CB14872-LeaderElection163] INFO  impl.LeaderElection (LogUtils.java:infoOrTrace(142)) -   Exception 0: java.util.concurrent.ExecutionException: org.apache.ratis.thirdparty.io.grpc.StatusRuntimeException: UNAVAILABLE: io exception
2025-10-10 10:39:20,662 [aa9634f0-8836-44d6-bc05-5b19fbdd93d5@group-6EF60CB14872-LeaderElection163] INFO  impl.LeaderElection (LogUtils.java:infoOrTrace(142)) -   Exception 1: java.util.concurrent.ExecutionException: org.apache.ratis.thirdparty.io.grpc.StatusRuntimeException: UNAVAILABLE: io exception
2025-10-10 10:39:20,662 [aa9634f0-8836-44d6-bc05-5b19fbdd93d5@group-6EF60CB14872-LeaderElection163] INFO  impl.LeaderElection (LeaderElection.java:askForVotes(450)) - aa9634f0-8836-44d6-bc05-5b19fbdd93d5@group-6EF60CB14872-LeaderElection163 PRE_VOTE round 0: result REJECTED
2025-10-10 10:39:20,662 [aa9634f0-8836-44d6-bc05-5b19fbdd93d5@group-6EF60CB14872-LeaderElection163] INFO  server.RaftServer$Division (RaftServerImpl.java:setRole(392)) - aa9634f0-8836-44d6-bc05-5b19fbdd93d5@group-6EF60CB14872: changes role from CANDIDATE to FOLLOWER at term 2 for REJECTED
2025-10-10 10:39:20,662 [aa9634f0-8836-44d6-bc05-5b19fbdd93d5@group-6EF60CB14872-LeaderElection163] INFO  impl.RoleInfo (RoleInfo.java:shutdownLeaderElection(141)) - aa9634f0-8836-44d6-bc05-5b19fbdd93d5: shutdown aa9634f0-8836-44d6-bc05-5b19fbdd93d5@group-6EF60CB14872-LeaderElection163
2025-10-10 10:39:20,662 [aa9634f0-8836-44d6-bc05-5b19fbdd93d5@group-6EF60CB14872-LeaderElection163] INFO  impl.RoleInfo (RoleInfo.java:updateAndGet(148)) - aa9634f0-8836-44d6-bc05-5b19fbdd93d5: start aa9634f0-8836-44d6-bc05-5b19fbdd93d5@group-6EF60CB14872-FollowerState
2025-10-10 10:39:21,656 [aa9634f0-8836-44d6-bc05-5b19fbdd93d5@group-813C05265458-FollowerState] INFO  impl.FollowerState (FollowerState.java:runImpl(161)) - aa9634f0-8836-44d6-bc05-5b19fbdd93d5@group-813C05265458-FollowerState: change to CANDIDATE, lastRpcElapsedTime:1199364091ns, electionTimeout:1199ms
2025-10-10 10:39:21,657 [aa9634f0-8836-44d6-bc05-5b19fbdd93d5@group-813C05265458-FollowerState] INFO  impl.RoleInfo (RoleInfo.java:shutdownFollowerState(121)) - aa9634f0-8836-44d6-bc05-5b19fbdd93d5: shutdown aa9634f0-8836-44d6-bc05-5b19fbdd93d5@group-813C05265458-FollowerState
2025-10-10 10:39:21,657 [aa9634f0-8836-44d6-bc05-5b19fbdd93d5@group-813C05265458-FollowerState] INFO  server.RaftServer$Division (RaftServerImpl.java:setRole(392)) - aa9634f0-8836-44d6-bc05-5b19fbdd93d5@group-813C05265458: changes role from  FOLLOWER to CANDIDATE at term 1 for changeToCandidate
2025-10-10 10:39:21,657 [aa9634f0-8836-44d6-bc05-5b19fbdd93d5@group-813C05265458-FollowerState] INFO  impl.RoleInfo (RoleInfo.java:updateAndGet(148)) - aa9634f0-8836-44d6-bc05-5b19fbdd93d5: start aa9634f0-8836-44d6-bc05-5b19fbdd93d5@group-813C05265458-LeaderElection164
2025-10-10 10:39:21,657 [aa9634f0-8836-44d6-bc05-5b19fbdd93d5@group-813C05265458-LeaderElection164] INFO  impl.LeaderElection (LeaderElection.java:askForVotes(448)) - aa9634f0-8836-44d6-bc05-5b19fbdd93d5@group-813C05265458-LeaderElection164 PRE_VOTE round 0: submit vote requests at term 1 for conf: {index: 0, cur=peers:[aa9634f0-8836-44d6-bc05-5b19fbdd93d5|127.0.0.1:15063, 36185c6b-22ce-45d1-a622-3a6b487a5a53|127.0.0.1:15071, 895d447a-5476-42e4-b2fa-6eb687701d46|127.0.0.1:15079]|listeners:[], old=null}
2025-10-10 10:39:21,658 [aa9634f0-8836-44d6-bc05-5b19fbdd93d5@group-813C05265458-LeaderElection164] INFO  impl.LeaderElection (LogUtils.java:infoOrTrace(142)) - aa9634f0-8836-44d6-bc05-5b19fbdd93d5@group-813C05265458-LeaderElection164 got exception when requesting votes: java.util.concurrent.ExecutionException: org.apache.ratis.thirdparty.io.grpc.StatusRuntimeException: UNAVAILABLE: io exception
2025-10-10 10:39:21,658 [aa9634f0-8836-44d6-bc05-5b19fbdd93d5@group-813C05265458-LeaderElection164] INFO  impl.LeaderElection (LogUtils.java:infoOrTrace(142)) - aa9634f0-8836-44d6-bc05-5b19fbdd93d5@group-813C05265458-LeaderElection164 got exception when requesting votes: java.util.concurrent.ExecutionException: org.apache.ratis.thirdparty.io.grpc.StatusRuntimeException: UNAVAILABLE: io exception
2025-10-10 10:39:21,658 [aa9634f0-8836-44d6-bc05-5b19fbdd93d5@group-813C05265458-LeaderElection164] INFO  impl.LeaderElection (LeaderElection.java:logAndReturn(206)) - aa9634f0-8836-44d6-bc05-5b19fbdd93d5@group-813C05265458-LeaderElection164: PRE_VOTE REJECTED received 0 response(s) and 2 exception(s):
2025-10-10 10:39:21,658 [aa9634f0-8836-44d6-bc05-5b19fbdd93d5@group-813C05265458-LeaderElection164] INFO  impl.LeaderElection (LogUtils.java:infoOrTrace(142)) -   Exception 0: java.util.concurrent.ExecutionException: org.apache.ratis.thirdparty.io.grpc.StatusRuntimeException: UNAVAILABLE: io exception
2025-10-10 10:39:21,658 [aa9634f0-8836-44d6-bc05-5b19fbdd93d5@group-813C05265458-LeaderElection164] INFO  impl.LeaderElection (LogUtils.java:infoOrTrace(142)) -   Exception 1: java.util.concurrent.ExecutionException: org.apache.ratis.thirdparty.io.grpc.StatusRuntimeException: UNAVAILABLE: io exception
2025-10-10 10:39:21,658 [aa9634f0-8836-44d6-bc05-5b19fbdd93d5@group-813C05265458-LeaderElection164] INFO  impl.LeaderElection (LeaderElection.java:askForVotes(450)) - aa9634f0-8836-44d6-bc05-5b19fbdd93d5@group-813C05265458-LeaderElection164 PRE_VOTE round 0: result REJECTED
2025-10-10 10:39:21,658 [aa9634f0-8836-44d6-bc05-5b19fbdd93d5@group-813C05265458-LeaderElection164] INFO  server.RaftServer$Division (RaftServerImpl.java:setRole(392)) - aa9634f0-8836-44d6-bc05-5b19fbdd93d5@group-813C05265458: changes role from CANDIDATE to FOLLOWER at term 1 for REJECTED
2025-10-10 10:39:21,658 [aa9634f0-8836-44d6-bc05-5b19fbdd93d5@group-813C05265458-LeaderElection164] INFO  impl.RoleInfo (RoleInfo.java:shutdownLeaderElection(141)) - aa9634f0-8836-44d6-bc05-5b19fbdd93d5: shutdown aa9634f0-8836-44d6-bc05-5b19fbdd93d5@group-813C05265458-LeaderElection164
2025-10-10 10:39:21,658 [aa9634f0-8836-44d6-bc05-5b19fbdd93d5@group-813C05265458-LeaderElection164] INFO  impl.RoleInfo (RoleInfo.java:updateAndGet(148)) - aa9634f0-8836-44d6-bc05-5b19fbdd93d5: start aa9634f0-8836-44d6-bc05-5b19fbdd93d5@group-813C05265458-FollowerState
2025-10-10 10:39:21,690 [aa9634f0-8836-44d6-bc05-5b19fbdd93d5@group-6EF60CB14872-FollowerState] INFO  impl.FollowerState (FollowerState.java:runImpl(161)) - aa9634f0-8836-44d6-bc05-5b19fbdd93d5@group-6EF60CB14872-FollowerState: change to CANDIDATE, lastRpcElapsedTime:1028331281ns, electionTimeout:1028ms
2025-10-10 10:39:21,691 [aa9634f0-8836-44d6-bc05-5b19fbdd93d5@group-6EF60CB14872-FollowerState] INFO  impl.RoleInfo (RoleInfo.java:shutdownFollowerState(121)) - aa9634f0-8836-44d6-bc05-5b19fbdd93d5: shutdown aa9634f0-8836-44d6-bc05-5b19fbdd93d5@group-6EF60CB14872-FollowerState
2025-10-10 10:39:21,691 [aa9634f0-8836-44d6-bc05-5b19fbdd93d5@group-6EF60CB14872-FollowerState] INFO  server.RaftServer$Division (RaftServerImpl.java:setRole(392)) - aa9634f0-8836-44d6-bc05-5b19fbdd93d5@group-6EF60CB14872: changes role from  FOLLOWER to CANDIDATE at term 2 for changeToCandidate
2025-10-10 10:39:21,691 [aa9634f0-8836-44d6-bc05-5b19fbdd93d5@group-6EF60CB14872-FollowerState] INFO  impl.RoleInfo (RoleInfo.java:updateAndGet(148)) - aa9634f0-8836-44d6-bc05-5b19fbdd93d5: start aa9634f0-8836-44d6-bc05-5b19fbdd93d5@group-6EF60CB14872-LeaderElection165
2025-10-10 10:39:21,691 [aa9634f0-8836-44d6-bc05-5b19fbdd93d5@group-6EF60CB14872-LeaderElection165] INFO  impl.LeaderElection (LeaderElection.java:askForVotes(448)) - aa9634f0-8836-44d6-bc05-5b19fbdd93d5@group-6EF60CB14872-LeaderElection165 PRE_VOTE round 0: submit vote requests at term 2 for conf: {index: 7, cur=peers:[aa9634f0-8836-44d6-bc05-5b19fbdd93d5|127.0.0.1:15063, 36185c6b-22ce-45d1-a622-3a6b487a5a53|127.0.0.1:15071, 895d447a-5476-42e4-b2fa-6eb687701d46|127.0.0.1:15079]|listeners:[], old=null}
2025-10-10 10:39:21,692 [aa9634f0-8836-44d6-bc05-5b19fbdd93d5@group-6EF60CB14872-LeaderElection165] INFO  impl.LeaderElection (LogUtils.java:infoOrTrace(142)) - aa9634f0-8836-44d6-bc05-5b19fbdd93d5@group-6EF60CB14872-LeaderElection165 got exception when requesting votes: java.util.concurrent.ExecutionException: org.apache.ratis.thirdparty.io.grpc.StatusRuntimeException: UNAVAILABLE: io exception
2025-10-10 10:39:21,692 [aa9634f0-8836-44d6-bc05-5b19fbdd93d5@group-6EF60CB14872-LeaderElection165] INFO  impl.LeaderElection (LogUtils.java:infoOrTrace(142)) - aa9634f0-8836-44d6-bc05-5b19fbdd93d5@group-6EF60CB14872-LeaderElection165 got exception when requesting votes: java.util.concurrent.ExecutionException: org.apache.ratis.thirdparty.io.grpc.StatusRuntimeException: UNAVAILABLE: io exception
2025-10-10 10:39:21,692 [aa9634f0-8836-44d6-bc05-5b19fbdd93d5@group-6EF60CB14872-LeaderElection165] INFO  impl.LeaderElection (LeaderElection.java:logAndReturn(206)) - aa9634f0-8836-44d6-bc05-5b19fbdd93d5@group-6EF60CB14872-LeaderElection165: PRE_VOTE REJECTED received 0 response(s) and 2 exception(s):
2025-10-10 10:39:21,692 [aa9634f0-8836-44d6-bc05-5b19fbdd93d5@group-6EF60CB14872-LeaderElection165] INFO  impl.LeaderElection (LogUtils.java:infoOrTrace(142)) -   Exception 0: java.util.concurrent.ExecutionException: org.apache.ratis.thirdparty.io.grpc.StatusRuntimeException: UNAVAILABLE: io exception
2025-10-10 10:39:21,692 [aa9634f0-8836-44d6-bc05-5b19fbdd93d5@group-6EF60CB14872-LeaderElection165] INFO  impl.LeaderElection (LogUtils.java:infoOrTrace(142)) -   Exception 1: java.util.concurrent.ExecutionException: org.apache.ratis.thirdparty.io.grpc.StatusRuntimeException: UNAVAILABLE: io exception
2025-10-10 10:39:21,692 [aa9634f0-8836-44d6-bc05-5b19fbdd93d5@group-6EF60CB14872-LeaderElection165] INFO  impl.LeaderElection (LeaderElection.java:askForVotes(450)) - aa9634f0-8836-44d6-bc05-5b19fbdd93d5@group-6EF60CB14872-LeaderElection165 PRE_VOTE round 0: result REJECTED
2025-10-10 10:39:21,692 [aa9634f0-8836-44d6-bc05-5b19fbdd93d5@group-6EF60CB14872-LeaderElection165] INFO  server.RaftServer$Division (RaftServerImpl.java:setRole(392)) - aa9634f0-8836-44d6-bc05-5b19fbdd93d5@group-6EF60CB14872: changes role from CANDIDATE to FOLLOWER at term 2 for REJECTED
2025-10-10 10:39:21,692 [aa9634f0-8836-44d6-bc05-5b19fbdd93d5@group-6EF60CB14872-LeaderElection165] INFO  impl.RoleInfo (RoleInfo.java:shutdownLeaderElection(141)) - aa9634f0-8836-44d6-bc05-5b19fbdd93d5: shutdown aa9634f0-8836-44d6-bc05-5b19fbdd93d5@group-6EF60CB14872-LeaderElection165
2025-10-10 10:39:21,692 [aa9634f0-8836-44d6-bc05-5b19fbdd93d5@group-6EF60CB14872-LeaderElection165] INFO  impl.RoleInfo (RoleInfo.java:updateAndGet(148)) - aa9634f0-8836-44d6-bc05-5b19fbdd93d5: start aa9634f0-8836-44d6-bc05-5b19fbdd93d5@group-6EF60CB14872-FollowerState
2025-10-10 10:39:22,738 [aa9634f0-8836-44d6-bc05-5b19fbdd93d5@group-813C05265458-FollowerState] INFO  impl.FollowerState (FollowerState.java:runImpl(161)) - aa9634f0-8836-44d6-bc05-5b19fbdd93d5@group-813C05265458-FollowerState: change to CANDIDATE, lastRpcElapsedTime:1079331097ns, electionTimeout:1079ms
2025-10-10 10:39:22,738 [aa9634f0-8836-44d6-bc05-5b19fbdd93d5@group-813C05265458-FollowerState] INFO  impl.RoleInfo (RoleInfo.java:shutdownFollowerState(121)) - aa9634f0-8836-44d6-bc05-5b19fbdd93d5: shutdown aa9634f0-8836-44d6-bc05-5b19fbdd93d5@group-813C05265458-FollowerState
2025-10-10 10:39:22,738 [aa9634f0-8836-44d6-bc05-5b19fbdd93d5@group-813C05265458-FollowerState] INFO  server.RaftServer$Division (RaftServerImpl.java:setRole(392)) - aa9634f0-8836-44d6-bc05-5b19fbdd93d5@group-813C05265458: changes role from  FOLLOWER to CANDIDATE at term 1 for changeToCandidate
2025-10-10 10:39:22,738 [aa9634f0-8836-44d6-bc05-5b19fbdd93d5@group-813C05265458-FollowerState] INFO  impl.RoleInfo (RoleInfo.java:updateAndGet(148)) - aa9634f0-8836-44d6-bc05-5b19fbdd93d5: start aa9634f0-8836-44d6-bc05-5b19fbdd93d5@group-813C05265458-LeaderElection166
2025-10-10 10:39:22,738 [aa9634f0-8836-44d6-bc05-5b19fbdd93d5@group-813C05265458-LeaderElection166] INFO  impl.LeaderElection (LeaderElection.java:askForVotes(448)) - aa9634f0-8836-44d6-bc05-5b19fbdd93d5@group-813C05265458-LeaderElection166 PRE_VOTE round 0: submit vote requests at term 1 for conf: {index: 0, cur=peers:[aa9634f0-8836-44d6-bc05-5b19fbdd93d5|127.0.0.1:15063, 36185c6b-22ce-45d1-a622-3a6b487a5a53|127.0.0.1:15071, 895d447a-5476-42e4-b2fa-6eb687701d46|127.0.0.1:15079]|listeners:[], old=null}
2025-10-10 10:39:22,739 [aa9634f0-8836-44d6-bc05-5b19fbdd93d5@group-813C05265458-LeaderElection166] INFO  impl.LeaderElection (LogUtils.java:infoOrTrace(142)) - aa9634f0-8836-44d6-bc05-5b19fbdd93d5@group-813C05265458-LeaderElection166 got exception when requesting votes: java.util.concurrent.ExecutionException: org.apache.ratis.thirdparty.io.grpc.StatusRuntimeException: UNAVAILABLE: io exception
2025-10-10 10:39:22,739 [aa9634f0-8836-44d6-bc05-5b19fbdd93d5@group-813C05265458-LeaderElection166] INFO  impl.LeaderElection (LogUtils.java:infoOrTrace(142)) - aa9634f0-8836-44d6-bc05-5b19fbdd93d5@group-813C05265458-LeaderElection166 got exception when requesting votes: java.util.concurrent.ExecutionException: org.apache.ratis.thirdparty.io.grpc.StatusRuntimeException: UNAVAILABLE: io exception
2025-10-10 10:39:22,739 [aa9634f0-8836-44d6-bc05-5b19fbdd93d5@group-813C05265458-LeaderElection166] INFO  impl.LeaderElection (LeaderElection.java:logAndReturn(206)) - aa9634f0-8836-44d6-bc05-5b19fbdd93d5@group-813C05265458-LeaderElection166: PRE_VOTE REJECTED received 0 response(s) and 2 exception(s):
2025-10-10 10:39:22,739 [aa9634f0-8836-44d6-bc05-5b19fbdd93d5@group-813C05265458-LeaderElection166] INFO  impl.LeaderElection (LogUtils.java:infoOrTrace(142)) -   Exception 0: java.util.concurrent.ExecutionException: org.apache.ratis.thirdparty.io.grpc.StatusRuntimeException: UNAVAILABLE: io exception
2025-10-10 10:39:22,739 [aa9634f0-8836-44d6-bc05-5b19fbdd93d5@group-813C05265458-LeaderElection166] INFO  impl.LeaderElection (LogUtils.java:infoOrTrace(142)) -   Exception 1: java.util.concurrent.ExecutionException: org.apache.ratis.thirdparty.io.grpc.StatusRuntimeException: UNAVAILABLE: io exception
2025-10-10 10:39:22,739 [aa9634f0-8836-44d6-bc05-5b19fbdd93d5@group-813C05265458-LeaderElection166] INFO  impl.LeaderElection (LeaderElection.java:askForVotes(450)) - aa9634f0-8836-44d6-bc05-5b19fbdd93d5@group-813C05265458-LeaderElection166 PRE_VOTE round 0: result REJECTED
2025-10-10 10:39:22,739 [aa9634f0-8836-44d6-bc05-5b19fbdd93d5@group-813C05265458-LeaderElection166] INFO  server.RaftServer$Division (RaftServerImpl.java:setRole(392)) - aa9634f0-8836-44d6-bc05-5b19fbdd93d5@group-813C05265458: changes role from CANDIDATE to FOLLOWER at term 1 for REJECTED
2025-10-10 10:39:22,739 [aa9634f0-8836-44d6-bc05-5b19fbdd93d5@group-813C05265458-LeaderElection166] INFO  impl.RoleInfo (RoleInfo.java:shutdownLeaderElection(141)) - aa9634f0-8836-44d6-bc05-5b19fbdd93d5: shutdown aa9634f0-8836-44d6-bc05-5b19fbdd93d5@group-813C05265458-LeaderElection166
2025-10-10 10:39:22,739 [aa9634f0-8836-44d6-bc05-5b19fbdd93d5@group-813C05265458-LeaderElection166] INFO  impl.RoleInfo (RoleInfo.java:updateAndGet(148)) - aa9634f0-8836-44d6-bc05-5b19fbdd93d5: start aa9634f0-8836-44d6-bc05-5b19fbdd93d5@group-813C05265458-FollowerState
2025-10-10 10:39:22,890 [aa9634f0-8836-44d6-bc05-5b19fbdd93d5@group-6EF60CB14872-FollowerState] INFO  impl.FollowerState (FollowerState.java:runImpl(161)) - aa9634f0-8836-44d6-bc05-5b19fbdd93d5@group-6EF60CB14872-FollowerState: change to CANDIDATE, lastRpcElapsedTime:1197370236ns, electionTimeout:1197ms
2025-10-10 10:39:22,890 [aa9634f0-8836-44d6-bc05-5b19fbdd93d5@group-6EF60CB14872-FollowerState] INFO  impl.RoleInfo (RoleInfo.java:shutdownFollowerState(121)) - aa9634f0-8836-44d6-bc05-5b19fbdd93d5: shutdown aa9634f0-8836-44d6-bc05-5b19fbdd93d5@group-6EF60CB14872-FollowerState
2025-10-10 10:39:22,890 [aa9634f0-8836-44d6-bc05-5b19fbdd93d5@group-6EF60CB14872-FollowerState] INFO  server.RaftServer$Division (RaftServerImpl.java:setRole(392)) - aa9634f0-8836-44d6-bc05-5b19fbdd93d5@group-6EF60CB14872: changes role from  FOLLOWER to CANDIDATE at term 2 for changeToCandidate
2025-10-10 10:39:22,890 [aa9634f0-8836-44d6-bc05-5b19fbdd93d5@group-6EF60CB14872-FollowerState] INFO  impl.RoleInfo (RoleInfo.java:updateAndGet(148)) - aa9634f0-8836-44d6-bc05-5b19fbdd93d5: start aa9634f0-8836-44d6-bc05-5b19fbdd93d5@group-6EF60CB14872-LeaderElection167
2025-10-10 10:39:22,890 [aa9634f0-8836-44d6-bc05-5b19fbdd93d5@group-6EF60CB14872-LeaderElection167] INFO  impl.LeaderElection (LeaderElection.java:askForVotes(448)) - aa9634f0-8836-44d6-bc05-5b19fbdd93d5@group-6EF60CB14872-LeaderElection167 PRE_VOTE round 0: submit vote requests at term 2 for conf: {index: 7, cur=peers:[aa9634f0-8836-44d6-bc05-5b19fbdd93d5|127.0.0.1:15063, 36185c6b-22ce-45d1-a622-3a6b487a5a53|127.0.0.1:15071, 895d447a-5476-42e4-b2fa-6eb687701d46|127.0.0.1:15079]|listeners:[], old=null}
2025-10-10 10:39:22,891 [aa9634f0-8836-44d6-bc05-5b19fbdd93d5@group-6EF60CB14872-LeaderElection167] INFO  impl.LeaderElection (LogUtils.java:infoOrTrace(142)) - aa9634f0-8836-44d6-bc05-5b19fbdd93d5@group-6EF60CB14872-LeaderElection167 got exception when requesting votes: java.util.concurrent.ExecutionException: org.apache.ratis.thirdparty.io.grpc.StatusRuntimeException: UNAVAILABLE: io exception
2025-10-10 10:39:22,891 [aa9634f0-8836-44d6-bc05-5b19fbdd93d5@group-6EF60CB14872-LeaderElection167] INFO  impl.LeaderElection (LogUtils.java:infoOrTrace(142)) - aa9634f0-8836-44d6-bc05-5b19fbdd93d5@group-6EF60CB14872-LeaderElection167 got exception when requesting votes: java.util.concurrent.ExecutionException: org.apache.ratis.thirdparty.io.grpc.StatusRuntimeException: UNAVAILABLE: io exception
2025-10-10 10:39:22,891 [aa9634f0-8836-44d6-bc05-5b19fbdd93d5@group-6EF60CB14872-LeaderElection167] INFO  impl.LeaderElection (LeaderElection.java:logAndReturn(206)) - aa9634f0-8836-44d6-bc05-5b19fbdd93d5@group-6EF60CB14872-LeaderElection167: PRE_VOTE REJECTED received 0 response(s) and 2 exception(s):
2025-10-10 10:39:22,891 [aa9634f0-8836-44d6-bc05-5b19fbdd93d5@group-6EF60CB14872-LeaderElection167] INFO  impl.LeaderElection (LogUtils.java:infoOrTrace(142)) -   Exception 0: java.util.concurrent.ExecutionException: org.apache.ratis.thirdparty.io.grpc.StatusRuntimeException: UNAVAILABLE: io exception
2025-10-10 10:39:22,891 [aa9634f0-8836-44d6-bc05-5b19fbdd93d5@group-6EF60CB14872-LeaderElection167] INFO  impl.LeaderElection (LogUtils.java:infoOrTrace(142)) -   Exception 1: java.util.concurrent.ExecutionException: org.apache.ratis.thirdparty.io.grpc.StatusRuntimeException: UNAVAILABLE: io exception
2025-10-10 10:39:22,891 [aa9634f0-8836-44d6-bc05-5b19fbdd93d5@group-6EF60CB14872-LeaderElection167] INFO  impl.LeaderElection (LeaderElection.java:askForVotes(450)) - aa9634f0-8836-44d6-bc05-5b19fbdd93d5@group-6EF60CB14872-LeaderElection167 PRE_VOTE round 0: result REJECTED
2025-10-10 10:39:22,891 [aa9634f0-8836-44d6-bc05-5b19fbdd93d5@group-6EF60CB14872-LeaderElection167] INFO  server.RaftServer$Division (RaftServerImpl.java:setRole(392)) - aa9634f0-8836-44d6-bc05-5b19fbdd93d5@group-6EF60CB14872: changes role from CANDIDATE to FOLLOWER at term 2 for REJECTED
2025-10-10 10:39:22,891 [aa9634f0-8836-44d6-bc05-5b19fbdd93d5@group-6EF60CB14872-LeaderElection167] INFO  impl.RoleInfo (RoleInfo.java:shutdownLeaderElection(141)) - aa9634f0-8836-44d6-bc05-5b19fbdd93d5: shutdown aa9634f0-8836-44d6-bc05-5b19fbdd93d5@group-6EF60CB14872-LeaderElection167
2025-10-10 10:39:22,891 [aa9634f0-8836-44d6-bc05-5b19fbdd93d5@group-6EF60CB14872-LeaderElection167] INFO  impl.RoleInfo (RoleInfo.java:updateAndGet(148)) - aa9634f0-8836-44d6-bc05-5b19fbdd93d5: start aa9634f0-8836-44d6-bc05-5b19fbdd93d5@group-6EF60CB14872-FollowerState
2025-10-10 10:39:23,108 [grpc-default-executor-7] ERROR impl.OrderedAsync (OrderedAsync.java:lambda$null$6(215)) -  client-917D4E751540: Failed* RaftClientRequest:client-917D4E751540->aa9634f0-8836-44d6-bc05-5b19fbdd93d5@group-6EF60CB14872, cid=48, seq=6*, RW, cmdType: WriteChunk traceID: "" containerID: 6 datanodeUuid: "36185c6b-22ce-45d1-a622-3a6b487a5a53" writeChunk { blockID { containerID: 6 localID: 115816896921600006 blockCommitSequenceId: 0 replicaIndex: 0 } chunkData { chunkName: "115816896921600006_chunk_1" offset: 0 len: 524288 } } version: 3, data.size=524288
java.util.concurrent.CompletionException: org.apache.ratis.protocol.exceptions.NotLeaderException: Server aa9634f0-8836-44d6-bc05-5b19fbdd93d5@group-6EF60CB14872 is not the leader
	at java.base/java.util.concurrent.CompletableFuture.encodeThrowable(CompletableFuture.java:332)
	at java.base/java.util.concurrent.CompletableFuture.completeThrowable(CompletableFuture.java:347)
	at java.base/java.util.concurrent.CompletableFuture$UniAccept.tryFire(CompletableFuture.java:708)
	at java.base/java.util.concurrent.CompletableFuture.postComplete(CompletableFuture.java:510)
	at java.base/java.util.concurrent.CompletableFuture.completeExceptionally(CompletableFuture.java:2194)
	at org.apache.ratis.grpc.client.GrpcClientProtocolClient$AsyncStreamObservers.completeReplyExceptionally(GrpcClientProtocolClient.java:397)
	at org.apache.ratis.grpc.client.GrpcClientProtocolClient$AsyncStreamObservers.access$000(GrpcClientProtocolClient.java:303)
	at org.apache.ratis.grpc.client.GrpcClientProtocolClient$AsyncStreamObservers$1.onNext(GrpcClientProtocolClient.java:317)
	at org.apache.ratis.grpc.client.GrpcClientProtocolClient$AsyncStreamObservers$1.onNext(GrpcClientProtocolClient.java:308)
	at org.apache.ratis.thirdparty.io.grpc.stub.ClientCalls$StreamObserverToCallListenerAdapter.onMessage(ClientCalls.java:551)
	at org.apache.ratis.thirdparty.io.grpc.ForwardingClientCallListener.onMessage(ForwardingClientCallListener.java:33)
	at org.apache.ratis.thirdparty.io.grpc.internal.ClientCallImpl$ClientStreamListenerImpl$1MessagesAvailable.runInternal(ClientCallImpl.java:661)
	at org.apache.ratis.thirdparty.io.grpc.internal.ClientCallImpl$ClientStreamListenerImpl$1MessagesAvailable.runInContext(ClientCallImpl.java:648)
	at org.apache.ratis.thirdparty.io.grpc.internal.ContextRunnable.run(ContextRunnable.java:37)
	at org.apache.ratis.thirdparty.io.grpc.internal.SerializingExecutor.run(SerializingExecutor.java:133)
	at java.base/java.util.concurrent.ThreadPoolExecutor.runWorker(ThreadPoolExecutor.java:1144)
	at java.base/java.util.concurrent.ThreadPoolExecutor$Worker.run(ThreadPoolExecutor.java:642)
	at java.base/java.lang.Thread.run(Thread.java:1583)
Caused by: org.apache.ratis.protocol.exceptions.NotLeaderException: Server aa9634f0-8836-44d6-bc05-5b19fbdd93d5@group-6EF60CB14872 is not the leader
	at org.apache.ratis.client.impl.ClientProtoUtils.toRaftClientReply(ClientProtoUtils.java:402)
	at org.apache.ratis.grpc.client.GrpcClientProtocolClient$AsyncStreamObservers$1.onNext(GrpcClientProtocolClient.java:313)
	... 10 more
2025-10-10 10:39:23,839 [aa9634f0-8836-44d6-bc05-5b19fbdd93d5@group-813C05265458-FollowerState] INFO  impl.FollowerState (FollowerState.java:runImpl(161)) - aa9634f0-8836-44d6-bc05-5b19fbdd93d5@group-813C05265458-FollowerState: change to CANDIDATE, lastRpcElapsedTime:1100286831ns, electionTimeout:1100ms
2025-10-10 10:39:23,840 [aa9634f0-8836-44d6-bc05-5b19fbdd93d5@group-813C05265458-FollowerState] INFO  impl.RoleInfo (RoleInfo.java:shutdownFollowerState(121)) - aa9634f0-8836-44d6-bc05-5b19fbdd93d5: shutdown aa9634f0-8836-44d6-bc05-5b19fbdd93d5@group-813C05265458-FollowerState
2025-10-10 10:39:23,840 [aa9634f0-8836-44d6-bc05-5b19fbdd93d5@group-813C05265458-FollowerState] INFO  server.RaftServer$Division (RaftServerImpl.java:setRole(392)) - aa9634f0-8836-44d6-bc05-5b19fbdd93d5@group-813C05265458: changes role from  FOLLOWER to CANDIDATE at term 1 for changeToCandidate
2025-10-10 10:39:23,840 [aa9634f0-8836-44d6-bc05-5b19fbdd93d5@group-813C05265458-FollowerState] INFO  impl.RoleInfo (RoleInfo.java:updateAndGet(148)) - aa9634f0-8836-44d6-bc05-5b19fbdd93d5: start aa9634f0-8836-44d6-bc05-5b19fbdd93d5@group-813C05265458-LeaderElection168
2025-10-10 10:39:23,840 [aa9634f0-8836-44d6-bc05-5b19fbdd93d5@group-813C05265458-LeaderElection168] INFO  impl.LeaderElection (LeaderElection.java:askForVotes(448)) - aa9634f0-8836-44d6-bc05-5b19fbdd93d5@group-813C05265458-LeaderElection168 PRE_VOTE round 0: submit vote requests at term 1 for conf: {index: 0, cur=peers:[aa9634f0-8836-44d6-bc05-5b19fbdd93d5|127.0.0.1:15063, 36185c6b-22ce-45d1-a622-3a6b487a5a53|127.0.0.1:15071, 895d447a-5476-42e4-b2fa-6eb687701d46|127.0.0.1:15079]|listeners:[], old=null}
2025-10-10 10:39:23,841 [aa9634f0-8836-44d6-bc05-5b19fbdd93d5@group-813C05265458-LeaderElection168] INFO  impl.LeaderElection (LogUtils.java:infoOrTrace(142)) - aa9634f0-8836-44d6-bc05-5b19fbdd93d5@group-813C05265458-LeaderElection168 got exception when requesting votes: java.util.concurrent.ExecutionException: org.apache.ratis.thirdparty.io.grpc.StatusRuntimeException: UNAVAILABLE: io exception
2025-10-10 10:39:23,841 [aa9634f0-8836-44d6-bc05-5b19fbdd93d5@group-813C05265458-LeaderElection168] INFO  impl.LeaderElection (LogUtils.java:infoOrTrace(142)) - aa9634f0-8836-44d6-bc05-5b19fbdd93d5@group-813C05265458-LeaderElection168 got exception when requesting votes: java.util.concurrent.ExecutionException: org.apache.ratis.thirdparty.io.grpc.StatusRuntimeException: UNAVAILABLE: io exception
2025-10-10 10:39:23,841 [aa9634f0-8836-44d6-bc05-5b19fbdd93d5@group-813C05265458-LeaderElection168] INFO  impl.LeaderElection (LeaderElection.java:logAndReturn(206)) - aa9634f0-8836-44d6-bc05-5b19fbdd93d5@group-813C05265458-LeaderElection168: PRE_VOTE REJECTED received 0 response(s) and 2 exception(s):
2025-10-10 10:39:23,841 [aa9634f0-8836-44d6-bc05-5b19fbdd93d5@group-813C05265458-LeaderElection168] INFO  impl.LeaderElection (LogUtils.java:infoOrTrace(142)) -   Exception 0: java.util.concurrent.ExecutionException: org.apache.ratis.thirdparty.io.grpc.StatusRuntimeException: UNAVAILABLE: io exception
2025-10-10 10:39:23,841 [aa9634f0-8836-44d6-bc05-5b19fbdd93d5@group-813C05265458-LeaderElection168] INFO  impl.LeaderElection (LogUtils.java:infoOrTrace(142)) -   Exception 1: java.util.concurrent.ExecutionException: org.apache.ratis.thirdparty.io.grpc.StatusRuntimeException: UNAVAILABLE: io exception
2025-10-10 10:39:23,841 [aa9634f0-8836-44d6-bc05-5b19fbdd93d5@group-813C05265458-LeaderElection168] INFO  impl.LeaderElection (LeaderElection.java:askForVotes(450)) - aa9634f0-8836-44d6-bc05-5b19fbdd93d5@group-813C05265458-LeaderElection168 PRE_VOTE round 0: result REJECTED
2025-10-10 10:39:23,841 [aa9634f0-8836-44d6-bc05-5b19fbdd93d5@group-813C05265458-LeaderElection168] INFO  server.RaftServer$Division (RaftServerImpl.java:setRole(392)) - aa9634f0-8836-44d6-bc05-5b19fbdd93d5@group-813C05265458: changes role from CANDIDATE to FOLLOWER at term 1 for REJECTED
2025-10-10 10:39:23,841 [aa9634f0-8836-44d6-bc05-5b19fbdd93d5@group-813C05265458-LeaderElection168] INFO  impl.RoleInfo (RoleInfo.java:shutdownLeaderElection(141)) - aa9634f0-8836-44d6-bc05-5b19fbdd93d5: shutdown aa9634f0-8836-44d6-bc05-5b19fbdd93d5@group-813C05265458-LeaderElection168
2025-10-10 10:39:23,841 [aa9634f0-8836-44d6-bc05-5b19fbdd93d5@group-813C05265458-LeaderElection168] INFO  impl.RoleInfo (RoleInfo.java:updateAndGet(148)) - aa9634f0-8836-44d6-bc05-5b19fbdd93d5: start aa9634f0-8836-44d6-bc05-5b19fbdd93d5@group-813C05265458-FollowerState
2025-10-10 10:39:23,939 [aa9634f0-8836-44d6-bc05-5b19fbdd93d5@group-6EF60CB14872-FollowerState] INFO  impl.FollowerState (FollowerState.java:runImpl(161)) - aa9634f0-8836-44d6-bc05-5b19fbdd93d5@group-6EF60CB14872-FollowerState: change to CANDIDATE, lastRpcElapsedTime:1047289609ns, electionTimeout:1047ms
2025-10-10 10:39:23,939 [aa9634f0-8836-44d6-bc05-5b19fbdd93d5@group-6EF60CB14872-FollowerState] INFO  impl.RoleInfo (RoleInfo.java:shutdownFollowerState(121)) - aa9634f0-8836-44d6-bc05-5b19fbdd93d5: shutdown aa9634f0-8836-44d6-bc05-5b19fbdd93d5@group-6EF60CB14872-FollowerState
2025-10-10 10:39:23,939 [aa9634f0-8836-44d6-bc05-5b19fbdd93d5@group-6EF60CB14872-FollowerState] INFO  server.RaftServer$Division (RaftServerImpl.java:setRole(392)) - aa9634f0-8836-44d6-bc05-5b19fbdd93d5@group-6EF60CB14872: changes role from  FOLLOWER to CANDIDATE at term 2 for changeToCandidate
2025-10-10 10:39:23,939 [aa9634f0-8836-44d6-bc05-5b19fbdd93d5@group-6EF60CB14872-FollowerState] INFO  impl.RoleInfo (RoleInfo.java:updateAndGet(148)) - aa9634f0-8836-44d6-bc05-5b19fbdd93d5: start aa9634f0-8836-44d6-bc05-5b19fbdd93d5@group-6EF60CB14872-LeaderElection169
2025-10-10 10:39:23,939 [aa9634f0-8836-44d6-bc05-5b19fbdd93d5@group-6EF60CB14872-LeaderElection169] INFO  impl.LeaderElection (LeaderElection.java:askForVotes(448)) - aa9634f0-8836-44d6-bc05-5b19fbdd93d5@group-6EF60CB14872-LeaderElection169 PRE_VOTE round 0: submit vote requests at term 2 for conf: {index: 7, cur=peers:[aa9634f0-8836-44d6-bc05-5b19fbdd93d5|127.0.0.1:15063, 36185c6b-22ce-45d1-a622-3a6b487a5a53|127.0.0.1:15071, 895d447a-5476-42e4-b2fa-6eb687701d46|127.0.0.1:15079]|listeners:[], old=null}
2025-10-10 10:39:23,940 [aa9634f0-8836-44d6-bc05-5b19fbdd93d5@group-6EF60CB14872-LeaderElection169] INFO  impl.LeaderElection (LogUtils.java:infoOrTrace(142)) - aa9634f0-8836-44d6-bc05-5b19fbdd93d5@group-6EF60CB14872-LeaderElection169 got exception when requesting votes: java.util.concurrent.ExecutionException: org.apache.ratis.thirdparty.io.grpc.StatusRuntimeException: UNAVAILABLE: io exception
2025-10-10 10:39:23,940 [aa9634f0-8836-44d6-bc05-5b19fbdd93d5@group-6EF60CB14872-LeaderElection169] INFO  impl.LeaderElection (LogUtils.java:infoOrTrace(142)) - aa9634f0-8836-44d6-bc05-5b19fbdd93d5@group-6EF60CB14872-LeaderElection169 got exception when requesting votes: java.util.concurrent.ExecutionException: org.apache.ratis.thirdparty.io.grpc.StatusRuntimeException: UNAVAILABLE: io exception
2025-10-10 10:39:23,940 [aa9634f0-8836-44d6-bc05-5b19fbdd93d5@group-6EF60CB14872-LeaderElection169] INFO  impl.LeaderElection (LeaderElection.java:logAndReturn(206)) - aa9634f0-8836-44d6-bc05-5b19fbdd93d5@group-6EF60CB14872-LeaderElection169: PRE_VOTE REJECTED received 0 response(s) and 2 exception(s):
2025-10-10 10:39:23,940 [aa9634f0-8836-44d6-bc05-5b19fbdd93d5@group-6EF60CB14872-LeaderElection169] INFO  impl.LeaderElection (LogUtils.java:infoOrTrace(142)) -   Exception 0: java.util.concurrent.ExecutionException: org.apache.ratis.thirdparty.io.grpc.StatusRuntimeException: UNAVAILABLE: io exception
2025-10-10 10:39:23,940 [aa9634f0-8836-44d6-bc05-5b19fbdd93d5@group-6EF60CB14872-LeaderElection169] INFO  impl.LeaderElection (LogUtils.java:infoOrTrace(142)) -   Exception 1: java.util.concurrent.ExecutionException: org.apache.ratis.thirdparty.io.grpc.StatusRuntimeException: UNAVAILABLE: io exception
2025-10-10 10:39:23,940 [aa9634f0-8836-44d6-bc05-5b19fbdd93d5@group-6EF60CB14872-LeaderElection169] INFO  impl.LeaderElection (LeaderElection.java:askForVotes(450)) - aa9634f0-8836-44d6-bc05-5b19fbdd93d5@group-6EF60CB14872-LeaderElection169 PRE_VOTE round 0: result REJECTED
2025-10-10 10:39:23,940 [aa9634f0-8836-44d6-bc05-5b19fbdd93d5@group-6EF60CB14872-LeaderElection169] INFO  server.RaftServer$Division (RaftServerImpl.java:setRole(392)) - aa9634f0-8836-44d6-bc05-5b19fbdd93d5@group-6EF60CB14872: changes role from CANDIDATE to FOLLOWER at term 2 for REJECTED
2025-10-10 10:39:23,940 [aa9634f0-8836-44d6-bc05-5b19fbdd93d5@group-6EF60CB14872-LeaderElection169] INFO  impl.RoleInfo (RoleInfo.java:shutdownLeaderElection(141)) - aa9634f0-8836-44d6-bc05-5b19fbdd93d5: shutdown aa9634f0-8836-44d6-bc05-5b19fbdd93d5@group-6EF60CB14872-LeaderElection169
2025-10-10 10:39:23,940 [aa9634f0-8836-44d6-bc05-5b19fbdd93d5@group-6EF60CB14872-LeaderElection169] INFO  impl.RoleInfo (RoleInfo.java:updateAndGet(148)) - aa9634f0-8836-44d6-bc05-5b19fbdd93d5: start aa9634f0-8836-44d6-bc05-5b19fbdd93d5@group-6EF60CB14872-FollowerState
2025-10-10 10:39:24,966 [aa9634f0-8836-44d6-bc05-5b19fbdd93d5@group-6EF60CB14872-FollowerState] INFO  impl.FollowerState (FollowerState.java:runImpl(161)) - aa9634f0-8836-44d6-bc05-5b19fbdd93d5@group-6EF60CB14872-FollowerState: change to CANDIDATE, lastRpcElapsedTime:1025297943ns, electionTimeout:1025ms
2025-10-10 10:39:24,966 [aa9634f0-8836-44d6-bc05-5b19fbdd93d5@group-6EF60CB14872-FollowerState] INFO  impl.RoleInfo (RoleInfo.java:shutdownFollowerState(121)) - aa9634f0-8836-44d6-bc05-5b19fbdd93d5: shutdown aa9634f0-8836-44d6-bc05-5b19fbdd93d5@group-6EF60CB14872-FollowerState
2025-10-10 10:39:24,966 [aa9634f0-8836-44d6-bc05-5b19fbdd93d5@group-6EF60CB14872-FollowerState] INFO  server.RaftServer$Division (RaftServerImpl.java:setRole(392)) - aa9634f0-8836-44d6-bc05-5b19fbdd93d5@group-6EF60CB14872: changes role from  FOLLOWER to CANDIDATE at term 2 for changeToCandidate
2025-10-10 10:39:24,966 [aa9634f0-8836-44d6-bc05-5b19fbdd93d5@group-6EF60CB14872-FollowerState] INFO  impl.RoleInfo (RoleInfo.java:updateAndGet(148)) - aa9634f0-8836-44d6-bc05-5b19fbdd93d5: start aa9634f0-8836-44d6-bc05-5b19fbdd93d5@group-6EF60CB14872-LeaderElection170
2025-10-10 10:39:24,966 [aa9634f0-8836-44d6-bc05-5b19fbdd93d5@group-6EF60CB14872-LeaderElection170] INFO  impl.LeaderElection (LeaderElection.java:askForVotes(448)) - aa9634f0-8836-44d6-bc05-5b19fbdd93d5@group-6EF60CB14872-LeaderElection170 PRE_VOTE round 0: submit vote requests at term 2 for conf: {index: 7, cur=peers:[aa9634f0-8836-44d6-bc05-5b19fbdd93d5|127.0.0.1:15063, 36185c6b-22ce-45d1-a622-3a6b487a5a53|127.0.0.1:15071, 895d447a-5476-42e4-b2fa-6eb687701d46|127.0.0.1:15079]|listeners:[], old=null}
2025-10-10 10:39:24,967 [aa9634f0-8836-44d6-bc05-5b19fbdd93d5@group-6EF60CB14872-LeaderElection170] INFO  impl.LeaderElection (LogUtils.java:infoOrTrace(142)) - aa9634f0-8836-44d6-bc05-5b19fbdd93d5@group-6EF60CB14872-LeaderElection170 got exception when requesting votes: java.util.concurrent.ExecutionException: org.apache.ratis.thirdparty.io.grpc.StatusRuntimeException: UNAVAILABLE: io exception
2025-10-10 10:39:24,967 [aa9634f0-8836-44d6-bc05-5b19fbdd93d5@group-6EF60CB14872-LeaderElection170] INFO  impl.LeaderElection (LogUtils.java:infoOrTrace(142)) - aa9634f0-8836-44d6-bc05-5b19fbdd93d5@group-6EF60CB14872-LeaderElection170 got exception when requesting votes: java.util.concurrent.ExecutionException: org.apache.ratis.thirdparty.io.grpc.StatusRuntimeException: UNAVAILABLE: io exception
2025-10-10 10:39:24,967 [aa9634f0-8836-44d6-bc05-5b19fbdd93d5@group-6EF60CB14872-LeaderElection170] INFO  impl.LeaderElection (LeaderElection.java:logAndReturn(206)) - aa9634f0-8836-44d6-bc05-5b19fbdd93d5@group-6EF60CB14872-LeaderElection170: PRE_VOTE REJECTED received 0 response(s) and 2 exception(s):
2025-10-10 10:39:24,967 [aa9634f0-8836-44d6-bc05-5b19fbdd93d5@group-6EF60CB14872-LeaderElection170] INFO  impl.LeaderElection (LogUtils.java:infoOrTrace(142)) -   Exception 0: java.util.concurrent.ExecutionException: org.apache.ratis.thirdparty.io.grpc.StatusRuntimeException: UNAVAILABLE: io exception
2025-10-10 10:39:24,967 [aa9634f0-8836-44d6-bc05-5b19fbdd93d5@group-6EF60CB14872-LeaderElection170] INFO  impl.LeaderElection (LogUtils.java:infoOrTrace(142)) -   Exception 1: java.util.concurrent.ExecutionException: org.apache.ratis.thirdparty.io.grpc.StatusRuntimeException: UNAVAILABLE: io exception
2025-10-10 10:39:24,967 [aa9634f0-8836-44d6-bc05-5b19fbdd93d5@group-6EF60CB14872-LeaderElection170] INFO  impl.LeaderElection (LeaderElection.java:askForVotes(450)) - aa9634f0-8836-44d6-bc05-5b19fbdd93d5@group-6EF60CB14872-LeaderElection170 PRE_VOTE round 0: result REJECTED
2025-10-10 10:39:24,967 [aa9634f0-8836-44d6-bc05-5b19fbdd93d5@group-6EF60CB14872-LeaderElection170] INFO  server.RaftServer$Division (RaftServerImpl.java:setRole(392)) - aa9634f0-8836-44d6-bc05-5b19fbdd93d5@group-6EF60CB14872: changes role from CANDIDATE to FOLLOWER at term 2 for REJECTED
2025-10-10 10:39:24,967 [aa9634f0-8836-44d6-bc05-5b19fbdd93d5@group-6EF60CB14872-LeaderElection170] INFO  impl.RoleInfo (RoleInfo.java:shutdownLeaderElection(141)) - aa9634f0-8836-44d6-bc05-5b19fbdd93d5: shutdown aa9634f0-8836-44d6-bc05-5b19fbdd93d5@group-6EF60CB14872-LeaderElection170
2025-10-10 10:39:24,967 [aa9634f0-8836-44d6-bc05-5b19fbdd93d5@group-6EF60CB14872-LeaderElection170] INFO  impl.RoleInfo (RoleInfo.java:updateAndGet(148)) - aa9634f0-8836-44d6-bc05-5b19fbdd93d5: start aa9634f0-8836-44d6-bc05-5b19fbdd93d5@group-6EF60CB14872-FollowerState
2025-10-10 10:39:25,035 [aa9634f0-8836-44d6-bc05-5b19fbdd93d5@group-813C05265458-FollowerState] INFO  impl.FollowerState (FollowerState.java:runImpl(161)) - aa9634f0-8836-44d6-bc05-5b19fbdd93d5@group-813C05265458-FollowerState: change to CANDIDATE, lastRpcElapsedTime:1193260613ns, electionTimeout:1193ms
2025-10-10 10:39:25,035 [aa9634f0-8836-44d6-bc05-5b19fbdd93d5@group-813C05265458-FollowerState] INFO  impl.RoleInfo (RoleInfo.java:shutdownFollowerState(121)) - aa9634f0-8836-44d6-bc05-5b19fbdd93d5: shutdown aa9634f0-8836-44d6-bc05-5b19fbdd93d5@group-813C05265458-FollowerState
2025-10-10 10:39:25,035 [aa9634f0-8836-44d6-bc05-5b19fbdd93d5@group-813C05265458-FollowerState] INFO  server.RaftServer$Division (RaftServerImpl.java:setRole(392)) - aa9634f0-8836-44d6-bc05-5b19fbdd93d5@group-813C05265458: changes role from  FOLLOWER to CANDIDATE at term 1 for changeToCandidate
2025-10-10 10:39:25,035 [aa9634f0-8836-44d6-bc05-5b19fbdd93d5@group-813C05265458-FollowerState] INFO  impl.RoleInfo (RoleInfo.java:updateAndGet(148)) - aa9634f0-8836-44d6-bc05-5b19fbdd93d5: start aa9634f0-8836-44d6-bc05-5b19fbdd93d5@group-813C05265458-LeaderElection171
2025-10-10 10:39:25,035 [aa9634f0-8836-44d6-bc05-5b19fbdd93d5@group-813C05265458-LeaderElection171] INFO  impl.LeaderElection (LeaderElection.java:askForVotes(448)) - aa9634f0-8836-44d6-bc05-5b19fbdd93d5@group-813C05265458-LeaderElection171 PRE_VOTE round 0: submit vote requests at term 1 for conf: {index: 0, cur=peers:[aa9634f0-8836-44d6-bc05-5b19fbdd93d5|127.0.0.1:15063, 36185c6b-22ce-45d1-a622-3a6b487a5a53|127.0.0.1:15071, 895d447a-5476-42e4-b2fa-6eb687701d46|127.0.0.1:15079]|listeners:[], old=null}
2025-10-10 10:39:25,036 [aa9634f0-8836-44d6-bc05-5b19fbdd93d5@group-813C05265458-LeaderElection171] INFO  impl.LeaderElection (LogUtils.java:infoOrTrace(142)) - aa9634f0-8836-44d6-bc05-5b19fbdd93d5@group-813C05265458-LeaderElection171 got exception when requesting votes: java.util.concurrent.ExecutionException: org.apache.ratis.thirdparty.io.grpc.StatusRuntimeException: UNAVAILABLE: io exception
2025-10-10 10:39:25,036 [aa9634f0-8836-44d6-bc05-5b19fbdd93d5@group-813C05265458-LeaderElection171] INFO  impl.LeaderElection (LogUtils.java:infoOrTrace(142)) - aa9634f0-8836-44d6-bc05-5b19fbdd93d5@group-813C05265458-LeaderElection171 got exception when requesting votes: java.util.concurrent.ExecutionException: org.apache.ratis.thirdparty.io.grpc.StatusRuntimeException: UNAVAILABLE: io exception
2025-10-10 10:39:25,036 [aa9634f0-8836-44d6-bc05-5b19fbdd93d5@group-813C05265458-LeaderElection171] INFO  impl.LeaderElection (LeaderElection.java:logAndReturn(206)) - aa9634f0-8836-44d6-bc05-5b19fbdd93d5@group-813C05265458-LeaderElection171: PRE_VOTE REJECTED received 0 response(s) and 2 exception(s):
2025-10-10 10:39:25,036 [aa9634f0-8836-44d6-bc05-5b19fbdd93d5@group-813C05265458-LeaderElection171] INFO  impl.LeaderElection (LogUtils.java:infoOrTrace(142)) -   Exception 0: java.util.concurrent.ExecutionException: org.apache.ratis.thirdparty.io.grpc.StatusRuntimeException: UNAVAILABLE: io exception
2025-10-10 10:39:25,036 [aa9634f0-8836-44d6-bc05-5b19fbdd93d5@group-813C05265458-LeaderElection171] INFO  impl.LeaderElection (LogUtils.java:infoOrTrace(142)) -   Exception 1: java.util.concurrent.ExecutionException: org.apache.ratis.thirdparty.io.grpc.StatusRuntimeException: UNAVAILABLE: io exception
2025-10-10 10:39:25,036 [aa9634f0-8836-44d6-bc05-5b19fbdd93d5@group-813C05265458-LeaderElection171] INFO  impl.LeaderElection (LeaderElection.java:askForVotes(450)) - aa9634f0-8836-44d6-bc05-5b19fbdd93d5@group-813C05265458-LeaderElection171 PRE_VOTE round 0: result REJECTED
2025-10-10 10:39:25,036 [aa9634f0-8836-44d6-bc05-5b19fbdd93d5@group-813C05265458-LeaderElection171] INFO  server.RaftServer$Division (RaftServerImpl.java:setRole(392)) - aa9634f0-8836-44d6-bc05-5b19fbdd93d5@group-813C05265458: changes role from CANDIDATE to FOLLOWER at term 1 for REJECTED
2025-10-10 10:39:25,036 [aa9634f0-8836-44d6-bc05-5b19fbdd93d5@group-813C05265458-LeaderElection171] INFO  impl.RoleInfo (RoleInfo.java:shutdownLeaderElection(141)) - aa9634f0-8836-44d6-bc05-5b19fbdd93d5: shutdown aa9634f0-8836-44d6-bc05-5b19fbdd93d5@group-813C05265458-LeaderElection171
2025-10-10 10:39:25,036 [aa9634f0-8836-44d6-bc05-5b19fbdd93d5@group-813C05265458-LeaderElection171] INFO  impl.RoleInfo (RoleInfo.java:updateAndGet(148)) - aa9634f0-8836-44d6-bc05-5b19fbdd93d5: start aa9634f0-8836-44d6-bc05-5b19fbdd93d5@group-813C05265458-FollowerState
2025-10-10 10:39:26,114 [aa9634f0-8836-44d6-bc05-5b19fbdd93d5@group-813C05265458-FollowerState] INFO  impl.FollowerState (FollowerState.java:runImpl(161)) - aa9634f0-8836-44d6-bc05-5b19fbdd93d5@group-813C05265458-FollowerState: change to CANDIDATE, lastRpcElapsedTime:1078280185ns, electionTimeout:1078ms
2025-10-10 10:39:26,114 [aa9634f0-8836-44d6-bc05-5b19fbdd93d5@group-813C05265458-FollowerState] INFO  impl.RoleInfo (RoleInfo.java:shutdownFollowerState(121)) - aa9634f0-8836-44d6-bc05-5b19fbdd93d5: shutdown aa9634f0-8836-44d6-bc05-5b19fbdd93d5@group-813C05265458-FollowerState
2025-10-10 10:39:26,115 [aa9634f0-8836-44d6-bc05-5b19fbdd93d5@group-813C05265458-FollowerState] INFO  server.RaftServer$Division (RaftServerImpl.java:setRole(392)) - aa9634f0-8836-44d6-bc05-5b19fbdd93d5@group-813C05265458: changes role from  FOLLOWER to CANDIDATE at term 1 for changeToCandidate
2025-10-10 10:39:26,115 [aa9634f0-8836-44d6-bc05-5b19fbdd93d5@group-813C05265458-FollowerState] INFO  impl.RoleInfo (RoleInfo.java:updateAndGet(148)) - aa9634f0-8836-44d6-bc05-5b19fbdd93d5: start aa9634f0-8836-44d6-bc05-5b19fbdd93d5@group-813C05265458-LeaderElection172
2025-10-10 10:39:26,115 [aa9634f0-8836-44d6-bc05-5b19fbdd93d5@group-813C05265458-LeaderElection172] INFO  impl.LeaderElection (LeaderElection.java:askForVotes(448)) - aa9634f0-8836-44d6-bc05-5b19fbdd93d5@group-813C05265458-LeaderElection172 PRE_VOTE round 0: submit vote requests at term 1 for conf: {index: 0, cur=peers:[aa9634f0-8836-44d6-bc05-5b19fbdd93d5|127.0.0.1:15063, 36185c6b-22ce-45d1-a622-3a6b487a5a53|127.0.0.1:15071, 895d447a-5476-42e4-b2fa-6eb687701d46|127.0.0.1:15079]|listeners:[], old=null}
2025-10-10 10:39:26,115 [aa9634f0-8836-44d6-bc05-5b19fbdd93d5@group-813C05265458-LeaderElection172] INFO  impl.LeaderElection (LogUtils.java:infoOrTrace(142)) - aa9634f0-8836-44d6-bc05-5b19fbdd93d5@group-813C05265458-LeaderElection172 got exception when requesting votes: java.util.concurrent.ExecutionException: org.apache.ratis.thirdparty.io.grpc.StatusRuntimeException: UNAVAILABLE: io exception
2025-10-10 10:39:26,116 [aa9634f0-8836-44d6-bc05-5b19fbdd93d5@group-813C05265458-LeaderElection172] INFO  impl.LeaderElection (LogUtils.java:infoOrTrace(142)) - aa9634f0-8836-44d6-bc05-5b19fbdd93d5@group-813C05265458-LeaderElection172 got exception when requesting votes: java.util.concurrent.ExecutionException: org.apache.ratis.thirdparty.io.grpc.StatusRuntimeException: UNAVAILABLE: io exception
2025-10-10 10:39:26,116 [aa9634f0-8836-44d6-bc05-5b19fbdd93d5@group-813C05265458-LeaderElection172] INFO  impl.LeaderElection (LeaderElection.java:logAndReturn(206)) - aa9634f0-8836-44d6-bc05-5b19fbdd93d5@group-813C05265458-LeaderElection172: PRE_VOTE REJECTED received 0 response(s) and 2 exception(s):
2025-10-10 10:39:26,116 [aa9634f0-8836-44d6-bc05-5b19fbdd93d5@group-813C05265458-LeaderElection172] INFO  impl.LeaderElection (LogUtils.java:infoOrTrace(142)) -   Exception 0: java.util.concurrent.ExecutionException: org.apache.ratis.thirdparty.io.grpc.StatusRuntimeException: UNAVAILABLE: io exception
2025-10-10 10:39:26,116 [aa9634f0-8836-44d6-bc05-5b19fbdd93d5@group-813C05265458-LeaderElection172] INFO  impl.LeaderElection (LogUtils.java:infoOrTrace(142)) -   Exception 1: java.util.concurrent.ExecutionException: org.apache.ratis.thirdparty.io.grpc.StatusRuntimeException: UNAVAILABLE: io exception
2025-10-10 10:39:26,116 [aa9634f0-8836-44d6-bc05-5b19fbdd93d5@group-813C05265458-LeaderElection172] INFO  impl.LeaderElection (LeaderElection.java:askForVotes(450)) - aa9634f0-8836-44d6-bc05-5b19fbdd93d5@group-813C05265458-LeaderElection172 PRE_VOTE round 0: result REJECTED
2025-10-10 10:39:26,116 [aa9634f0-8836-44d6-bc05-5b19fbdd93d5@group-813C05265458-LeaderElection172] INFO  server.RaftServer$Division (RaftServerImpl.java:setRole(392)) - aa9634f0-8836-44d6-bc05-5b19fbdd93d5@group-813C05265458: changes role from CANDIDATE to FOLLOWER at term 1 for REJECTED
2025-10-10 10:39:26,116 [aa9634f0-8836-44d6-bc05-5b19fbdd93d5@group-813C05265458-LeaderElection172] INFO  impl.RoleInfo (RoleInfo.java:shutdownLeaderElection(141)) - aa9634f0-8836-44d6-bc05-5b19fbdd93d5: shutdown aa9634f0-8836-44d6-bc05-5b19fbdd93d5@group-813C05265458-LeaderElection172
2025-10-10 10:39:26,116 [aa9634f0-8836-44d6-bc05-5b19fbdd93d5@group-813C05265458-LeaderElection172] INFO  impl.RoleInfo (RoleInfo.java:updateAndGet(148)) - aa9634f0-8836-44d6-bc05-5b19fbdd93d5: start aa9634f0-8836-44d6-bc05-5b19fbdd93d5@group-813C05265458-FollowerState
2025-10-10 10:39:26,150 [aa9634f0-8836-44d6-bc05-5b19fbdd93d5@group-6EF60CB14872-FollowerState] INFO  impl.FollowerState (FollowerState.java:runImpl(161)) - aa9634f0-8836-44d6-bc05-5b19fbdd93d5@group-6EF60CB14872-FollowerState: change to CANDIDATE, lastRpcElapsedTime:1182353744ns, electionTimeout:1182ms
2025-10-10 10:39:26,150 [aa9634f0-8836-44d6-bc05-5b19fbdd93d5@group-6EF60CB14872-FollowerState] INFO  impl.RoleInfo (RoleInfo.java:shutdownFollowerState(121)) - aa9634f0-8836-44d6-bc05-5b19fbdd93d5: shutdown aa9634f0-8836-44d6-bc05-5b19fbdd93d5@group-6EF60CB14872-FollowerState
2025-10-10 10:39:26,150 [aa9634f0-8836-44d6-bc05-5b19fbdd93d5@group-6EF60CB14872-FollowerState] INFO  server.RaftServer$Division (RaftServerImpl.java:setRole(392)) - aa9634f0-8836-44d6-bc05-5b19fbdd93d5@group-6EF60CB14872: changes role from  FOLLOWER to CANDIDATE at term 2 for changeToCandidate
2025-10-10 10:39:26,150 [aa9634f0-8836-44d6-bc05-5b19fbdd93d5@group-6EF60CB14872-FollowerState] INFO  impl.RoleInfo (RoleInfo.java:updateAndGet(148)) - aa9634f0-8836-44d6-bc05-5b19fbdd93d5: start aa9634f0-8836-44d6-bc05-5b19fbdd93d5@group-6EF60CB14872-LeaderElection173
2025-10-10 10:39:26,150 [aa9634f0-8836-44d6-bc05-5b19fbdd93d5@group-6EF60CB14872-LeaderElection173] INFO  impl.LeaderElection (LeaderElection.java:askForVotes(448)) - aa9634f0-8836-44d6-bc05-5b19fbdd93d5@group-6EF60CB14872-LeaderElection173 PRE_VOTE round 0: submit vote requests at term 2 for conf: {index: 7, cur=peers:[aa9634f0-8836-44d6-bc05-5b19fbdd93d5|127.0.0.1:15063, 36185c6b-22ce-45d1-a622-3a6b487a5a53|127.0.0.1:15071, 895d447a-5476-42e4-b2fa-6eb687701d46|127.0.0.1:15079]|listeners:[], old=null}
2025-10-10 10:39:26,150 [aa9634f0-8836-44d6-bc05-5b19fbdd93d5@group-6EF60CB14872-LeaderElection173] INFO  impl.LeaderElection (LogUtils.java:infoOrTrace(142)) - aa9634f0-8836-44d6-bc05-5b19fbdd93d5@group-6EF60CB14872-LeaderElection173 got exception when requesting votes: java.util.concurrent.ExecutionException: org.apache.ratis.thirdparty.io.grpc.StatusRuntimeException: UNAVAILABLE: io exception
2025-10-10 10:39:26,151 [aa9634f0-8836-44d6-bc05-5b19fbdd93d5@group-6EF60CB14872-LeaderElection173] INFO  impl.LeaderElection (LogUtils.java:infoOrTrace(142)) - aa9634f0-8836-44d6-bc05-5b19fbdd93d5@group-6EF60CB14872-LeaderElection173 got exception when requesting votes: java.util.concurrent.ExecutionException: org.apache.ratis.thirdparty.io.grpc.StatusRuntimeException: UNAVAILABLE: io exception
2025-10-10 10:39:26,151 [aa9634f0-8836-44d6-bc05-5b19fbdd93d5@group-6EF60CB14872-LeaderElection173] INFO  impl.LeaderElection (LeaderElection.java:logAndReturn(206)) - aa9634f0-8836-44d6-bc05-5b19fbdd93d5@group-6EF60CB14872-LeaderElection173: PRE_VOTE REJECTED received 0 response(s) and 2 exception(s):
2025-10-10 10:39:26,151 [aa9634f0-8836-44d6-bc05-5b19fbdd93d5@group-6EF60CB14872-LeaderElection173] INFO  impl.LeaderElection (LogUtils.java:infoOrTrace(142)) -   Exception 0: java.util.concurrent.ExecutionException: org.apache.ratis.thirdparty.io.grpc.StatusRuntimeException: UNAVAILABLE: io exception
2025-10-10 10:39:26,151 [aa9634f0-8836-44d6-bc05-5b19fbdd93d5@group-6EF60CB14872-LeaderElection173] INFO  impl.LeaderElection (LogUtils.java:infoOrTrace(142)) -   Exception 1: java.util.concurrent.ExecutionException: org.apache.ratis.thirdparty.io.grpc.StatusRuntimeException: UNAVAILABLE: io exception
2025-10-10 10:39:26,151 [aa9634f0-8836-44d6-bc05-5b19fbdd93d5@group-6EF60CB14872-LeaderElection173] INFO  impl.LeaderElection (LeaderElection.java:askForVotes(450)) - aa9634f0-8836-44d6-bc05-5b19fbdd93d5@group-6EF60CB14872-LeaderElection173 PRE_VOTE round 0: result REJECTED
2025-10-10 10:39:26,151 [aa9634f0-8836-44d6-bc05-5b19fbdd93d5@group-6EF60CB14872-LeaderElection173] INFO  server.RaftServer$Division (RaftServerImpl.java:setRole(392)) - aa9634f0-8836-44d6-bc05-5b19fbdd93d5@group-6EF60CB14872: changes role from CANDIDATE to FOLLOWER at term 2 for REJECTED
2025-10-10 10:39:26,151 [aa9634f0-8836-44d6-bc05-5b19fbdd93d5@group-6EF60CB14872-LeaderElection173] INFO  impl.RoleInfo (RoleInfo.java:shutdownLeaderElection(141)) - aa9634f0-8836-44d6-bc05-5b19fbdd93d5: shutdown aa9634f0-8836-44d6-bc05-5b19fbdd93d5@group-6EF60CB14872-LeaderElection173
2025-10-10 10:39:26,151 [aa9634f0-8836-44d6-bc05-5b19fbdd93d5@group-6EF60CB14872-LeaderElection173] INFO  impl.RoleInfo (RoleInfo.java:updateAndGet(148)) - aa9634f0-8836-44d6-bc05-5b19fbdd93d5: start aa9634f0-8836-44d6-bc05-5b19fbdd93d5@group-6EF60CB14872-FollowerState
2025-10-10 10:39:27,233 [aa9634f0-8836-44d6-bc05-5b19fbdd93d5@group-6EF60CB14872-FollowerState] INFO  impl.FollowerState (FollowerState.java:runImpl(161)) - aa9634f0-8836-44d6-bc05-5b19fbdd93d5@group-6EF60CB14872-FollowerState: change to CANDIDATE, lastRpcElapsedTime:1082318264ns, electionTimeout:1082ms
2025-10-10 10:39:27,233 [aa9634f0-8836-44d6-bc05-5b19fbdd93d5@group-6EF60CB14872-FollowerState] INFO  impl.RoleInfo (RoleInfo.java:shutdownFollowerState(121)) - aa9634f0-8836-44d6-bc05-5b19fbdd93d5: shutdown aa9634f0-8836-44d6-bc05-5b19fbdd93d5@group-6EF60CB14872-FollowerState
2025-10-10 10:39:27,233 [aa9634f0-8836-44d6-bc05-5b19fbdd93d5@group-6EF60CB14872-FollowerState] INFO  server.RaftServer$Division (RaftServerImpl.java:setRole(392)) - aa9634f0-8836-44d6-bc05-5b19fbdd93d5@group-6EF60CB14872: changes role from  FOLLOWER to CANDIDATE at term 2 for changeToCandidate
2025-10-10 10:39:27,234 [aa9634f0-8836-44d6-bc05-5b19fbdd93d5@group-6EF60CB14872-FollowerState] INFO  impl.RoleInfo (RoleInfo.java:updateAndGet(148)) - aa9634f0-8836-44d6-bc05-5b19fbdd93d5: start aa9634f0-8836-44d6-bc05-5b19fbdd93d5@group-6EF60CB14872-LeaderElection174
2025-10-10 10:39:27,234 [aa9634f0-8836-44d6-bc05-5b19fbdd93d5@group-6EF60CB14872-LeaderElection174] INFO  impl.LeaderElection (LeaderElection.java:askForVotes(448)) - aa9634f0-8836-44d6-bc05-5b19fbdd93d5@group-6EF60CB14872-LeaderElection174 PRE_VOTE round 0: submit vote requests at term 2 for conf: {index: 7, cur=peers:[aa9634f0-8836-44d6-bc05-5b19fbdd93d5|127.0.0.1:15063, 36185c6b-22ce-45d1-a622-3a6b487a5a53|127.0.0.1:15071, 895d447a-5476-42e4-b2fa-6eb687701d46|127.0.0.1:15079]|listeners:[], old=null}
2025-10-10 10:39:27,235 [aa9634f0-8836-44d6-bc05-5b19fbdd93d5@group-6EF60CB14872-LeaderElection174] INFO  impl.LeaderElection (LogUtils.java:infoOrTrace(142)) - aa9634f0-8836-44d6-bc05-5b19fbdd93d5@group-6EF60CB14872-LeaderElection174 got exception when requesting votes: java.util.concurrent.ExecutionException: org.apache.ratis.thirdparty.io.grpc.StatusRuntimeException: UNAVAILABLE: io exception
2025-10-10 10:39:27,235 [aa9634f0-8836-44d6-bc05-5b19fbdd93d5@group-6EF60CB14872-LeaderElection174] INFO  impl.LeaderElection (LogUtils.java:infoOrTrace(142)) - aa9634f0-8836-44d6-bc05-5b19fbdd93d5@group-6EF60CB14872-LeaderElection174 got exception when requesting votes: java.util.concurrent.ExecutionException: org.apache.ratis.thirdparty.io.grpc.StatusRuntimeException: UNAVAILABLE: io exception
2025-10-10 10:39:27,235 [aa9634f0-8836-44d6-bc05-5b19fbdd93d5@group-6EF60CB14872-LeaderElection174] INFO  impl.LeaderElection (LeaderElection.java:logAndReturn(206)) - aa9634f0-8836-44d6-bc05-5b19fbdd93d5@group-6EF60CB14872-LeaderElection174: PRE_VOTE REJECTED received 0 response(s) and 2 exception(s):
2025-10-10 10:39:27,235 [aa9634f0-8836-44d6-bc05-5b19fbdd93d5@group-6EF60CB14872-LeaderElection174] INFO  impl.LeaderElection (LogUtils.java:infoOrTrace(142)) -   Exception 0: java.util.concurrent.ExecutionException: org.apache.ratis.thirdparty.io.grpc.StatusRuntimeException: UNAVAILABLE: io exception
2025-10-10 10:39:27,235 [aa9634f0-8836-44d6-bc05-5b19fbdd93d5@group-6EF60CB14872-LeaderElection174] INFO  impl.LeaderElection (LogUtils.java:infoOrTrace(142)) -   Exception 1: java.util.concurrent.ExecutionException: org.apache.ratis.thirdparty.io.grpc.StatusRuntimeException: UNAVAILABLE: io exception
2025-10-10 10:39:27,235 [aa9634f0-8836-44d6-bc05-5b19fbdd93d5@group-6EF60CB14872-LeaderElection174] INFO  impl.LeaderElection (LeaderElection.java:askForVotes(450)) - aa9634f0-8836-44d6-bc05-5b19fbdd93d5@group-6EF60CB14872-LeaderElection174 PRE_VOTE round 0: result REJECTED
2025-10-10 10:39:27,235 [aa9634f0-8836-44d6-bc05-5b19fbdd93d5@group-6EF60CB14872-LeaderElection174] INFO  server.RaftServer$Division (RaftServerImpl.java:setRole(392)) - aa9634f0-8836-44d6-bc05-5b19fbdd93d5@group-6EF60CB14872: changes role from CANDIDATE to FOLLOWER at term 2 for REJECTED
2025-10-10 10:39:27,235 [aa9634f0-8836-44d6-bc05-5b19fbdd93d5@group-6EF60CB14872-LeaderElection174] INFO  impl.RoleInfo (RoleInfo.java:shutdownLeaderElection(141)) - aa9634f0-8836-44d6-bc05-5b19fbdd93d5: shutdown aa9634f0-8836-44d6-bc05-5b19fbdd93d5@group-6EF60CB14872-LeaderElection174
2025-10-10 10:39:27,235 [aa9634f0-8836-44d6-bc05-5b19fbdd93d5@group-6EF60CB14872-LeaderElection174] INFO  impl.RoleInfo (RoleInfo.java:updateAndGet(148)) - aa9634f0-8836-44d6-bc05-5b19fbdd93d5: start aa9634f0-8836-44d6-bc05-5b19fbdd93d5@group-6EF60CB14872-FollowerState
2025-10-10 10:39:27,252 [aa9634f0-8836-44d6-bc05-5b19fbdd93d5@group-813C05265458-FollowerState] INFO  impl.FollowerState (FollowerState.java:runImpl(161)) - aa9634f0-8836-44d6-bc05-5b19fbdd93d5@group-813C05265458-FollowerState: change to CANDIDATE, lastRpcElapsedTime:1136306091ns, electionTimeout:1136ms
2025-10-10 10:39:27,252 [aa9634f0-8836-44d6-bc05-5b19fbdd93d5@group-813C05265458-FollowerState] INFO  impl.RoleInfo (RoleInfo.java:shutdownFollowerState(121)) - aa9634f0-8836-44d6-bc05-5b19fbdd93d5: shutdown aa9634f0-8836-44d6-bc05-5b19fbdd93d5@group-813C05265458-FollowerState
2025-10-10 10:39:27,252 [aa9634f0-8836-44d6-bc05-5b19fbdd93d5@group-813C05265458-FollowerState] INFO  server.RaftServer$Division (RaftServerImpl.java:setRole(392)) - aa9634f0-8836-44d6-bc05-5b19fbdd93d5@group-813C05265458: changes role from  FOLLOWER to CANDIDATE at term 1 for changeToCandidate
2025-10-10 10:39:27,252 [aa9634f0-8836-44d6-bc05-5b19fbdd93d5@group-813C05265458-FollowerState] INFO  impl.RoleInfo (RoleInfo.java:updateAndGet(148)) - aa9634f0-8836-44d6-bc05-5b19fbdd93d5: start aa9634f0-8836-44d6-bc05-5b19fbdd93d5@group-813C05265458-LeaderElection175
2025-10-10 10:39:27,253 [aa9634f0-8836-44d6-bc05-5b19fbdd93d5@group-813C05265458-LeaderElection175] INFO  impl.LeaderElection (LeaderElection.java:askForVotes(448)) - aa9634f0-8836-44d6-bc05-5b19fbdd93d5@group-813C05265458-LeaderElection175 PRE_VOTE round 0: submit vote requests at term 1 for conf: {index: 0, cur=peers:[aa9634f0-8836-44d6-bc05-5b19fbdd93d5|127.0.0.1:15063, 36185c6b-22ce-45d1-a622-3a6b487a5a53|127.0.0.1:15071, 895d447a-5476-42e4-b2fa-6eb687701d46|127.0.0.1:15079]|listeners:[], old=null}
2025-10-10 10:39:27,253 [aa9634f0-8836-44d6-bc05-5b19fbdd93d5@group-813C05265458-LeaderElection175] INFO  impl.LeaderElection (LogUtils.java:infoOrTrace(142)) - aa9634f0-8836-44d6-bc05-5b19fbdd93d5@group-813C05265458-LeaderElection175 got exception when requesting votes: java.util.concurrent.ExecutionException: org.apache.ratis.thirdparty.io.grpc.StatusRuntimeException: UNAVAILABLE: io exception
2025-10-10 10:39:27,253 [aa9634f0-8836-44d6-bc05-5b19fbdd93d5@group-813C05265458-LeaderElection175] INFO  impl.LeaderElection (LogUtils.java:infoOrTrace(142)) - aa9634f0-8836-44d6-bc05-5b19fbdd93d5@group-813C05265458-LeaderElection175 got exception when requesting votes: java.util.concurrent.ExecutionException: org.apache.ratis.thirdparty.io.grpc.StatusRuntimeException: UNAVAILABLE: io exception
2025-10-10 10:39:27,253 [aa9634f0-8836-44d6-bc05-5b19fbdd93d5@group-813C05265458-LeaderElection175] INFO  impl.LeaderElection (LeaderElection.java:logAndReturn(206)) - aa9634f0-8836-44d6-bc05-5b19fbdd93d5@group-813C05265458-LeaderElection175: PRE_VOTE REJECTED received 0 response(s) and 2 exception(s):
2025-10-10 10:39:27,253 [aa9634f0-8836-44d6-bc05-5b19fbdd93d5@group-813C05265458-LeaderElection175] INFO  impl.LeaderElection (LogUtils.java:infoOrTrace(142)) -   Exception 0: java.util.concurrent.ExecutionException: org.apache.ratis.thirdparty.io.grpc.StatusRuntimeException: UNAVAILABLE: io exception
2025-10-10 10:39:27,253 [aa9634f0-8836-44d6-bc05-5b19fbdd93d5@group-813C05265458-LeaderElection175] INFO  impl.LeaderElection (LogUtils.java:infoOrTrace(142)) -   Exception 1: java.util.concurrent.ExecutionException: org.apache.ratis.thirdparty.io.grpc.StatusRuntimeException: UNAVAILABLE: io exception
2025-10-10 10:39:27,253 [aa9634f0-8836-44d6-bc05-5b19fbdd93d5@group-813C05265458-LeaderElection175] INFO  impl.LeaderElection (LeaderElection.java:askForVotes(450)) - aa9634f0-8836-44d6-bc05-5b19fbdd93d5@group-813C05265458-LeaderElection175 PRE_VOTE round 0: result REJECTED
2025-10-10 10:39:27,253 [aa9634f0-8836-44d6-bc05-5b19fbdd93d5@group-813C05265458-LeaderElection175] INFO  server.RaftServer$Division (RaftServerImpl.java:setRole(392)) - aa9634f0-8836-44d6-bc05-5b19fbdd93d5@group-813C05265458: changes role from CANDIDATE to FOLLOWER at term 1 for REJECTED
2025-10-10 10:39:27,253 [aa9634f0-8836-44d6-bc05-5b19fbdd93d5@group-813C05265458-LeaderElection175] INFO  impl.RoleInfo (RoleInfo.java:shutdownLeaderElection(141)) - aa9634f0-8836-44d6-bc05-5b19fbdd93d5: shutdown aa9634f0-8836-44d6-bc05-5b19fbdd93d5@group-813C05265458-LeaderElection175
2025-10-10 10:39:27,254 [aa9634f0-8836-44d6-bc05-5b19fbdd93d5@group-813C05265458-LeaderElection175] INFO  impl.RoleInfo (RoleInfo.java:updateAndGet(148)) - aa9634f0-8836-44d6-bc05-5b19fbdd93d5: start aa9634f0-8836-44d6-bc05-5b19fbdd93d5@group-813C05265458-FollowerState
2025-10-10 10:39:28,403 [aa9634f0-8836-44d6-bc05-5b19fbdd93d5@group-813C05265458-FollowerState] INFO  impl.FollowerState (FollowerState.java:runImpl(161)) - aa9634f0-8836-44d6-bc05-5b19fbdd93d5@group-813C05265458-FollowerState: change to CANDIDATE, lastRpcElapsedTime:1149346138ns, electionTimeout:1149ms
2025-10-10 10:39:28,403 [aa9634f0-8836-44d6-bc05-5b19fbdd93d5@group-813C05265458-FollowerState] INFO  impl.RoleInfo (RoleInfo.java:shutdownFollowerState(121)) - aa9634f0-8836-44d6-bc05-5b19fbdd93d5: shutdown aa9634f0-8836-44d6-bc05-5b19fbdd93d5@group-813C05265458-FollowerState
2025-10-10 10:39:28,403 [aa9634f0-8836-44d6-bc05-5b19fbdd93d5@group-813C05265458-FollowerState] INFO  server.RaftServer$Division (RaftServerImpl.java:setRole(392)) - aa9634f0-8836-44d6-bc05-5b19fbdd93d5@group-813C05265458: changes role from  FOLLOWER to CANDIDATE at term 1 for changeToCandidate
2025-10-10 10:39:28,403 [aa9634f0-8836-44d6-bc05-5b19fbdd93d5@group-813C05265458-FollowerState] INFO  impl.RoleInfo (RoleInfo.java:updateAndGet(148)) - aa9634f0-8836-44d6-bc05-5b19fbdd93d5: start aa9634f0-8836-44d6-bc05-5b19fbdd93d5@group-813C05265458-LeaderElection176
2025-10-10 10:39:28,404 [aa9634f0-8836-44d6-bc05-5b19fbdd93d5@group-813C05265458-LeaderElection176] INFO  impl.LeaderElection (LeaderElection.java:askForVotes(448)) - aa9634f0-8836-44d6-bc05-5b19fbdd93d5@group-813C05265458-LeaderElection176 PRE_VOTE round 0: submit vote requests at term 1 for conf: {index: 0, cur=peers:[aa9634f0-8836-44d6-bc05-5b19fbdd93d5|127.0.0.1:15063, 36185c6b-22ce-45d1-a622-3a6b487a5a53|127.0.0.1:15071, 895d447a-5476-42e4-b2fa-6eb687701d46|127.0.0.1:15079]|listeners:[], old=null}
2025-10-10 10:39:28,404 [aa9634f0-8836-44d6-bc05-5b19fbdd93d5@group-813C05265458-LeaderElection176] INFO  impl.LeaderElection (LogUtils.java:infoOrTrace(142)) - aa9634f0-8836-44d6-bc05-5b19fbdd93d5@group-813C05265458-LeaderElection176 got exception when requesting votes: java.util.concurrent.ExecutionException: org.apache.ratis.thirdparty.io.grpc.StatusRuntimeException: UNAVAILABLE: io exception
2025-10-10 10:39:28,404 [aa9634f0-8836-44d6-bc05-5b19fbdd93d5@group-813C05265458-LeaderElection176] INFO  impl.LeaderElection (LogUtils.java:infoOrTrace(142)) - aa9634f0-8836-44d6-bc05-5b19fbdd93d5@group-813C05265458-LeaderElection176 got exception when requesting votes: java.util.concurrent.ExecutionException: org.apache.ratis.thirdparty.io.grpc.StatusRuntimeException: UNAVAILABLE: io exception
2025-10-10 10:39:28,404 [aa9634f0-8836-44d6-bc05-5b19fbdd93d5@group-813C05265458-LeaderElection176] INFO  impl.LeaderElection (LeaderElection.java:logAndReturn(206)) - aa9634f0-8836-44d6-bc05-5b19fbdd93d5@group-813C05265458-LeaderElection176: PRE_VOTE REJECTED received 0 response(s) and 2 exception(s):
2025-10-10 10:39:28,404 [aa9634f0-8836-44d6-bc05-5b19fbdd93d5@group-813C05265458-LeaderElection176] INFO  impl.LeaderElection (LogUtils.java:infoOrTrace(142)) -   Exception 0: java.util.concurrent.ExecutionException: org.apache.ratis.thirdparty.io.grpc.StatusRuntimeException: UNAVAILABLE: io exception
2025-10-10 10:39:28,404 [aa9634f0-8836-44d6-bc05-5b19fbdd93d5@group-813C05265458-LeaderElection176] INFO  impl.LeaderElection (LogUtils.java:infoOrTrace(142)) -   Exception 1: java.util.concurrent.ExecutionException: org.apache.ratis.thirdparty.io.grpc.StatusRuntimeException: UNAVAILABLE: io exception
2025-10-10 10:39:28,404 [aa9634f0-8836-44d6-bc05-5b19fbdd93d5@group-813C05265458-LeaderElection176] INFO  impl.LeaderElection (LeaderElection.java:askForVotes(450)) - aa9634f0-8836-44d6-bc05-5b19fbdd93d5@group-813C05265458-LeaderElection176 PRE_VOTE round 0: result REJECTED
2025-10-10 10:39:28,404 [aa9634f0-8836-44d6-bc05-5b19fbdd93d5@group-813C05265458-LeaderElection176] INFO  server.RaftServer$Division (RaftServerImpl.java:setRole(392)) - aa9634f0-8836-44d6-bc05-5b19fbdd93d5@group-813C05265458: changes role from CANDIDATE to FOLLOWER at term 1 for REJECTED
2025-10-10 10:39:28,405 [aa9634f0-8836-44d6-bc05-5b19fbdd93d5@group-813C05265458-LeaderElection176] INFO  impl.RoleInfo (RoleInfo.java:shutdownLeaderElection(141)) - aa9634f0-8836-44d6-bc05-5b19fbdd93d5: shutdown aa9634f0-8836-44d6-bc05-5b19fbdd93d5@group-813C05265458-LeaderElection176
2025-10-10 10:39:28,405 [aa9634f0-8836-44d6-bc05-5b19fbdd93d5@group-813C05265458-LeaderElection176] INFO  impl.RoleInfo (RoleInfo.java:updateAndGet(148)) - aa9634f0-8836-44d6-bc05-5b19fbdd93d5: start aa9634f0-8836-44d6-bc05-5b19fbdd93d5@group-813C05265458-FollowerState
2025-10-10 10:39:28,428 [aa9634f0-8836-44d6-bc05-5b19fbdd93d5@group-6EF60CB14872-FollowerState] INFO  impl.FollowerState (FollowerState.java:runImpl(161)) - aa9634f0-8836-44d6-bc05-5b19fbdd93d5@group-6EF60CB14872-FollowerState: change to CANDIDATE, lastRpcElapsedTime:1193299422ns, electionTimeout:1193ms
2025-10-10 10:39:28,428 [aa9634f0-8836-44d6-bc05-5b19fbdd93d5@group-6EF60CB14872-FollowerState] INFO  impl.RoleInfo (RoleInfo.java:shutdownFollowerState(121)) - aa9634f0-8836-44d6-bc05-5b19fbdd93d5: shutdown aa9634f0-8836-44d6-bc05-5b19fbdd93d5@group-6EF60CB14872-FollowerState
2025-10-10 10:39:28,428 [aa9634f0-8836-44d6-bc05-5b19fbdd93d5@group-6EF60CB14872-FollowerState] INFO  server.RaftServer$Division (RaftServerImpl.java:setRole(392)) - aa9634f0-8836-44d6-bc05-5b19fbdd93d5@group-6EF60CB14872: changes role from  FOLLOWER to CANDIDATE at term 2 for changeToCandidate
2025-10-10 10:39:28,428 [aa9634f0-8836-44d6-bc05-5b19fbdd93d5@group-6EF60CB14872-FollowerState] INFO  impl.RoleInfo (RoleInfo.java:updateAndGet(148)) - aa9634f0-8836-44d6-bc05-5b19fbdd93d5: start aa9634f0-8836-44d6-bc05-5b19fbdd93d5@group-6EF60CB14872-LeaderElection177
2025-10-10 10:39:28,429 [aa9634f0-8836-44d6-bc05-5b19fbdd93d5@group-6EF60CB14872-LeaderElection177] INFO  impl.LeaderElection (LeaderElection.java:askForVotes(448)) - aa9634f0-8836-44d6-bc05-5b19fbdd93d5@group-6EF60CB14872-LeaderElection177 PRE_VOTE round 0: submit vote requests at term 2 for conf: {index: 7, cur=peers:[aa9634f0-8836-44d6-bc05-5b19fbdd93d5|127.0.0.1:15063, 36185c6b-22ce-45d1-a622-3a6b487a5a53|127.0.0.1:15071, 895d447a-5476-42e4-b2fa-6eb687701d46|127.0.0.1:15079]|listeners:[], old=null}
2025-10-10 10:39:28,429 [aa9634f0-8836-44d6-bc05-5b19fbdd93d5@group-6EF60CB14872-LeaderElection177] INFO  impl.LeaderElection (LogUtils.java:infoOrTrace(142)) - aa9634f0-8836-44d6-bc05-5b19fbdd93d5@group-6EF60CB14872-LeaderElection177 got exception when requesting votes: java.util.concurrent.ExecutionException: org.apache.ratis.thirdparty.io.grpc.StatusRuntimeException: UNAVAILABLE: io exception
2025-10-10 10:39:28,429 [aa9634f0-8836-44d6-bc05-5b19fbdd93d5@group-6EF60CB14872-LeaderElection177] INFO  impl.LeaderElection (LogUtils.java:infoOrTrace(142)) - aa9634f0-8836-44d6-bc05-5b19fbdd93d5@group-6EF60CB14872-LeaderElection177 got exception when requesting votes: java.util.concurrent.ExecutionException: org.apache.ratis.thirdparty.io.grpc.StatusRuntimeException: UNAVAILABLE: io exception
2025-10-10 10:39:28,429 [aa9634f0-8836-44d6-bc05-5b19fbdd93d5@group-6EF60CB14872-LeaderElection177] INFO  impl.LeaderElection (LeaderElection.java:logAndReturn(206)) - aa9634f0-8836-44d6-bc05-5b19fbdd93d5@group-6EF60CB14872-LeaderElection177: PRE_VOTE REJECTED received 0 response(s) and 2 exception(s):
2025-10-10 10:39:28,429 [aa9634f0-8836-44d6-bc05-5b19fbdd93d5@group-6EF60CB14872-LeaderElection177] INFO  impl.LeaderElection (LogUtils.java:infoOrTrace(142)) -   Exception 0: java.util.concurrent.ExecutionException: org.apache.ratis.thirdparty.io.grpc.StatusRuntimeException: UNAVAILABLE: io exception
2025-10-10 10:39:28,429 [aa9634f0-8836-44d6-bc05-5b19fbdd93d5@group-6EF60CB14872-LeaderElection177] INFO  impl.LeaderElection (LogUtils.java:infoOrTrace(142)) -   Exception 1: java.util.concurrent.ExecutionException: org.apache.ratis.thirdparty.io.grpc.StatusRuntimeException: UNAVAILABLE: io exception
2025-10-10 10:39:28,429 [aa9634f0-8836-44d6-bc05-5b19fbdd93d5@group-6EF60CB14872-LeaderElection177] INFO  impl.LeaderElection (LeaderElection.java:askForVotes(450)) - aa9634f0-8836-44d6-bc05-5b19fbdd93d5@group-6EF60CB14872-LeaderElection177 PRE_VOTE round 0: result REJECTED
2025-10-10 10:39:28,429 [aa9634f0-8836-44d6-bc05-5b19fbdd93d5@group-6EF60CB14872-LeaderElection177] INFO  server.RaftServer$Division (RaftServerImpl.java:setRole(392)) - aa9634f0-8836-44d6-bc05-5b19fbdd93d5@group-6EF60CB14872: changes role from CANDIDATE to FOLLOWER at term 2 for REJECTED
2025-10-10 10:39:28,430 [aa9634f0-8836-44d6-bc05-5b19fbdd93d5@group-6EF60CB14872-LeaderElection177] INFO  impl.RoleInfo (RoleInfo.java:shutdownLeaderElection(141)) - aa9634f0-8836-44d6-bc05-5b19fbdd93d5: shutdown aa9634f0-8836-44d6-bc05-5b19fbdd93d5@group-6EF60CB14872-LeaderElection177
2025-10-10 10:39:28,430 [aa9634f0-8836-44d6-bc05-5b19fbdd93d5@group-6EF60CB14872-LeaderElection177] INFO  impl.RoleInfo (RoleInfo.java:updateAndGet(148)) - aa9634f0-8836-44d6-bc05-5b19fbdd93d5: start aa9634f0-8836-44d6-bc05-5b19fbdd93d5@group-6EF60CB14872-FollowerState
2025-10-10 10:39:28,492 [grpc-default-executor-8] ERROR impl.OrderedAsync (OrderedAsync.java:lambda$null$6(215)) -  client-917D4E751540: Failed* RaftClientRequest:client-917D4E751540->895d447a-5476-42e4-b2fa-6eb687701d46@group-6EF60CB14872, cid=48, seq=6*, RW, cmdType: WriteChunk traceID: "" containerID: 6 datanodeUuid: "36185c6b-22ce-45d1-a622-3a6b487a5a53" writeChunk { blockID { containerID: 6 localID: 115816896921600006 blockCommitSequenceId: 0 replicaIndex: 0 } chunkData { chunkName: "115816896921600006_chunk_1" offset: 0 len: 524288 } } version: 3, data.size=524288
java.util.concurrent.CompletionException: java.io.IOException: org.apache.ratis.thirdparty.io.grpc.StatusRuntimeException: UNAVAILABLE: io exception
	at java.base/java.util.concurrent.CompletableFuture.encodeThrowable(CompletableFuture.java:332)
	at java.base/java.util.concurrent.CompletableFuture.completeThrowable(CompletableFuture.java:347)
	at java.base/java.util.concurrent.CompletableFuture$UniAccept.tryFire(CompletableFuture.java:708)
	at java.base/java.util.concurrent.CompletableFuture.postComplete(CompletableFuture.java:510)
	at java.base/java.util.concurrent.CompletableFuture.completeExceptionally(CompletableFuture.java:2194)
	at org.apache.ratis.grpc.client.GrpcClientProtocolClient$AsyncStreamObservers.completeReplyExceptionally(GrpcClientProtocolClient.java:397)
	at org.apache.ratis.grpc.client.GrpcClientProtocolClient$AsyncStreamObservers.access$000(GrpcClientProtocolClient.java:303)
	at org.apache.ratis.grpc.client.GrpcClientProtocolClient$AsyncStreamObservers$1.onError(GrpcClientProtocolClient.java:334)
	at org.apache.ratis.thirdparty.io.grpc.stub.ClientCalls$StreamObserverToCallListenerAdapter.onClose(ClientCalls.java:564)
	at org.apache.ratis.thirdparty.io.grpc.PartialForwardingClientCallListener.onClose(PartialForwardingClientCallListener.java:39)
	at org.apache.ratis.thirdparty.io.grpc.ForwardingClientCallListener.onClose(ForwardingClientCallListener.java:23)
	at org.apache.ratis.grpc.metrics.intercept.client.MetricClientCallListener.onClose(MetricClientCallListener.java:47)
	at org.apache.ratis.thirdparty.io.grpc.internal.ClientCallImpl.closeObserver(ClientCallImpl.java:565)
	at org.apache.ratis.thirdparty.io.grpc.internal.ClientCallImpl.access$100(ClientCallImpl.java:72)
	at org.apache.ratis.thirdparty.io.grpc.internal.ClientCallImpl$ClientStreamListenerImpl$1StreamClosed.runInternal(ClientCallImpl.java:733)
	at org.apache.ratis.thirdparty.io.grpc.internal.ClientCallImpl$ClientStreamListenerImpl$1StreamClosed.runInContext(ClientCallImpl.java:714)
	at org.apache.ratis.thirdparty.io.grpc.internal.ContextRunnable.run(ContextRunnable.java:37)
	at org.apache.ratis.thirdparty.io.grpc.internal.SerializingExecutor.run(SerializingExecutor.java:133)
	at java.base/java.util.concurrent.ThreadPoolExecutor.runWorker(ThreadPoolExecutor.java:1144)
	at java.base/java.util.concurrent.ThreadPoolExecutor$Worker.run(ThreadPoolExecutor.java:642)
	at java.base/java.lang.Thread.run(Thread.java:1583)
Caused by: java.io.IOException: org.apache.ratis.thirdparty.io.grpc.StatusRuntimeException: UNAVAILABLE: io exception
	at org.apache.ratis.grpc.GrpcUtil.unwrapException(GrpcUtil.java:99)
	at org.apache.ratis.grpc.GrpcUtil.unwrapIOException(GrpcUtil.java:159)
	at org.apache.ratis.grpc.client.GrpcClientProtocolClient$AsyncStreamObservers$1.onError(GrpcClientProtocolClient.java:333)
	... 13 more
Caused by: org.apache.ratis.thirdparty.io.grpc.StatusRuntimeException: UNAVAILABLE: io exception
	at org.apache.ratis.thirdparty.io.grpc.Status.asRuntimeException(Status.java:532)
	... 13 more
Caused by: org.apache.ratis.thirdparty.io.netty.channel.AbstractChannel$AnnotatedConnectException: finishConnect(..) failed: Connection refused: /127.0.0.1:15077
Caused by: java.net.ConnectException: finishConnect(..) failed: Connection refused
	at org.apache.ratis.thirdparty.io.netty.channel.unix.Errors.newConnectException0(Errors.java:166)
	at org.apache.ratis.thirdparty.io.netty.channel.unix.Errors.handleConnectErrno(Errors.java:131)
	at org.apache.ratis.thirdparty.io.netty.channel.unix.Socket.finishConnect(Socket.java:359)
	at org.apache.ratis.thirdparty.io.netty.channel.epoll.AbstractEpollChannel$AbstractEpollUnsafe.doFinishConnect(AbstractEpollChannel.java:715)
	at org.apache.ratis.thirdparty.io.netty.channel.epoll.AbstractEpollChannel$AbstractEpollUnsafe.finishConnect(AbstractEpollChannel.java:692)
	at org.apache.ratis.thirdparty.io.netty.channel.epoll.AbstractEpollChannel$AbstractEpollUnsafe.epollOutReady(AbstractEpollChannel.java:567)
	at org.apache.ratis.thirdparty.io.netty.channel.epoll.EpollEventLoop.processReady(EpollEventLoop.java:491)
	at org.apache.ratis.thirdparty.io.netty.channel.epoll.EpollEventLoop.run(EpollEventLoop.java:399)
	at org.apache.ratis.thirdparty.io.netty.util.concurrent.SingleThreadEventExecutor$4.run(SingleThreadEventExecutor.java:998)
	at org.apache.ratis.thirdparty.io.netty.util.internal.ThreadExecutorMap$2.run(ThreadExecutorMap.java:74)
	at org.apache.ratis.thirdparty.io.netty.util.concurrent.FastThreadLocalRunnable.run(FastThreadLocalRunnable.java:30)
	at java.base/java.lang.Thread.run(Thread.java:1583)
2025-10-10 10:39:29,445 [aa9634f0-8836-44d6-bc05-5b19fbdd93d5@group-6EF60CB14872-FollowerState] INFO  impl.FollowerState (FollowerState.java:runImpl(161)) - aa9634f0-8836-44d6-bc05-5b19fbdd93d5@group-6EF60CB14872-FollowerState: change to CANDIDATE, lastRpcElapsedTime:1015377696ns, electionTimeout:1015ms
2025-10-10 10:39:29,445 [aa9634f0-8836-44d6-bc05-5b19fbdd93d5@group-6EF60CB14872-FollowerState] INFO  impl.RoleInfo (RoleInfo.java:shutdownFollowerState(121)) - aa9634f0-8836-44d6-bc05-5b19fbdd93d5: shutdown aa9634f0-8836-44d6-bc05-5b19fbdd93d5@group-6EF60CB14872-FollowerState
2025-10-10 10:39:29,445 [aa9634f0-8836-44d6-bc05-5b19fbdd93d5@group-6EF60CB14872-FollowerState] INFO  server.RaftServer$Division (RaftServerImpl.java:setRole(392)) - aa9634f0-8836-44d6-bc05-5b19fbdd93d5@group-6EF60CB14872: changes role from  FOLLOWER to CANDIDATE at term 2 for changeToCandidate
2025-10-10 10:39:29,445 [aa9634f0-8836-44d6-bc05-5b19fbdd93d5@group-6EF60CB14872-FollowerState] INFO  impl.RoleInfo (RoleInfo.java:updateAndGet(148)) - aa9634f0-8836-44d6-bc05-5b19fbdd93d5: start aa9634f0-8836-44d6-bc05-5b19fbdd93d5@group-6EF60CB14872-LeaderElection178
2025-10-10 10:39:29,446 [aa9634f0-8836-44d6-bc05-5b19fbdd93d5@group-6EF60CB14872-LeaderElection178] INFO  impl.LeaderElection (LeaderElection.java:askForVotes(448)) - aa9634f0-8836-44d6-bc05-5b19fbdd93d5@group-6EF60CB14872-LeaderElection178 PRE_VOTE round 0: submit vote requests at term 2 for conf: {index: 7, cur=peers:[aa9634f0-8836-44d6-bc05-5b19fbdd93d5|127.0.0.1:15063, 36185c6b-22ce-45d1-a622-3a6b487a5a53|127.0.0.1:15071, 895d447a-5476-42e4-b2fa-6eb687701d46|127.0.0.1:15079]|listeners:[], old=null}
2025-10-10 10:39:29,446 [aa9634f0-8836-44d6-bc05-5b19fbdd93d5@group-6EF60CB14872-LeaderElection178] INFO  impl.LeaderElection (LogUtils.java:infoOrTrace(142)) - aa9634f0-8836-44d6-bc05-5b19fbdd93d5@group-6EF60CB14872-LeaderElection178 got exception when requesting votes: java.util.concurrent.ExecutionException: org.apache.ratis.thirdparty.io.grpc.StatusRuntimeException: UNAVAILABLE: io exception
2025-10-10 10:39:29,446 [aa9634f0-8836-44d6-bc05-5b19fbdd93d5@group-6EF60CB14872-LeaderElection178] INFO  impl.LeaderElection (LogUtils.java:infoOrTrace(142)) - aa9634f0-8836-44d6-bc05-5b19fbdd93d5@group-6EF60CB14872-LeaderElection178 got exception when requesting votes: java.util.concurrent.ExecutionException: org.apache.ratis.thirdparty.io.grpc.StatusRuntimeException: UNAVAILABLE: io exception
2025-10-10 10:39:29,446 [aa9634f0-8836-44d6-bc05-5b19fbdd93d5@group-6EF60CB14872-LeaderElection178] INFO  impl.LeaderElection (LeaderElection.java:logAndReturn(206)) - aa9634f0-8836-44d6-bc05-5b19fbdd93d5@group-6EF60CB14872-LeaderElection178: PRE_VOTE REJECTED received 0 response(s) and 2 exception(s):
2025-10-10 10:39:29,447 [aa9634f0-8836-44d6-bc05-5b19fbdd93d5@group-6EF60CB14872-LeaderElection178] INFO  impl.LeaderElection (LogUtils.java:infoOrTrace(142)) -   Exception 0: java.util.concurrent.ExecutionException: org.apache.ratis.thirdparty.io.grpc.StatusRuntimeException: UNAVAILABLE: io exception
2025-10-10 10:39:29,447 [aa9634f0-8836-44d6-bc05-5b19fbdd93d5@group-6EF60CB14872-LeaderElection178] INFO  impl.LeaderElection (LogUtils.java:infoOrTrace(142)) -   Exception 1: java.util.concurrent.ExecutionException: org.apache.ratis.thirdparty.io.grpc.StatusRuntimeException: UNAVAILABLE: io exception
2025-10-10 10:39:29,447 [aa9634f0-8836-44d6-bc05-5b19fbdd93d5@group-6EF60CB14872-LeaderElection178] INFO  impl.LeaderElection (LeaderElection.java:askForVotes(450)) - aa9634f0-8836-44d6-bc05-5b19fbdd93d5@group-6EF60CB14872-LeaderElection178 PRE_VOTE round 0: result REJECTED
2025-10-10 10:39:29,447 [aa9634f0-8836-44d6-bc05-5b19fbdd93d5@group-6EF60CB14872-LeaderElection178] INFO  server.RaftServer$Division (RaftServerImpl.java:setRole(392)) - aa9634f0-8836-44d6-bc05-5b19fbdd93d5@group-6EF60CB14872: changes role from CANDIDATE to FOLLOWER at term 2 for REJECTED
2025-10-10 10:39:29,447 [aa9634f0-8836-44d6-bc05-5b19fbdd93d5@group-6EF60CB14872-LeaderElection178] INFO  impl.RoleInfo (RoleInfo.java:shutdownLeaderElection(141)) - aa9634f0-8836-44d6-bc05-5b19fbdd93d5: shutdown aa9634f0-8836-44d6-bc05-5b19fbdd93d5@group-6EF60CB14872-LeaderElection178
2025-10-10 10:39:29,447 [aa9634f0-8836-44d6-bc05-5b19fbdd93d5@group-6EF60CB14872-LeaderElection178] INFO  impl.RoleInfo (RoleInfo.java:updateAndGet(148)) - aa9634f0-8836-44d6-bc05-5b19fbdd93d5: start aa9634f0-8836-44d6-bc05-5b19fbdd93d5@group-6EF60CB14872-FollowerState
2025-10-10 10:39:29,467 [aa9634f0-8836-44d6-bc05-5b19fbdd93d5@group-813C05265458-FollowerState] INFO  impl.FollowerState (FollowerState.java:runImpl(161)) - aa9634f0-8836-44d6-bc05-5b19fbdd93d5@group-813C05265458-FollowerState: change to CANDIDATE, lastRpcElapsedTime:1062251532ns, electionTimeout:1062ms
2025-10-10 10:39:29,467 [aa9634f0-8836-44d6-bc05-5b19fbdd93d5@group-813C05265458-FollowerState] INFO  impl.RoleInfo (RoleInfo.java:shutdownFollowerState(121)) - aa9634f0-8836-44d6-bc05-5b19fbdd93d5: shutdown aa9634f0-8836-44d6-bc05-5b19fbdd93d5@group-813C05265458-FollowerState
2025-10-10 10:39:29,467 [aa9634f0-8836-44d6-bc05-5b19fbdd93d5@group-813C05265458-FollowerState] INFO  server.RaftServer$Division (RaftServerImpl.java:setRole(392)) - aa9634f0-8836-44d6-bc05-5b19fbdd93d5@group-813C05265458: changes role from  FOLLOWER to CANDIDATE at term 1 for changeToCandidate
2025-10-10 10:39:29,467 [aa9634f0-8836-44d6-bc05-5b19fbdd93d5@group-813C05265458-FollowerState] INFO  impl.RoleInfo (RoleInfo.java:updateAndGet(148)) - aa9634f0-8836-44d6-bc05-5b19fbdd93d5: start aa9634f0-8836-44d6-bc05-5b19fbdd93d5@group-813C05265458-LeaderElection179
2025-10-10 10:39:29,468 [aa9634f0-8836-44d6-bc05-5b19fbdd93d5@group-813C05265458-LeaderElection179] INFO  impl.LeaderElection (LeaderElection.java:askForVotes(448)) - aa9634f0-8836-44d6-bc05-5b19fbdd93d5@group-813C05265458-LeaderElection179 PRE_VOTE round 0: submit vote requests at term 1 for conf: {index: 0, cur=peers:[aa9634f0-8836-44d6-bc05-5b19fbdd93d5|127.0.0.1:15063, 36185c6b-22ce-45d1-a622-3a6b487a5a53|127.0.0.1:15071, 895d447a-5476-42e4-b2fa-6eb687701d46|127.0.0.1:15079]|listeners:[], old=null}
2025-10-10 10:39:29,468 [aa9634f0-8836-44d6-bc05-5b19fbdd93d5@group-813C05265458-LeaderElection179] INFO  impl.LeaderElection (LogUtils.java:infoOrTrace(142)) - aa9634f0-8836-44d6-bc05-5b19fbdd93d5@group-813C05265458-LeaderElection179 got exception when requesting votes: java.util.concurrent.ExecutionException: org.apache.ratis.thirdparty.io.grpc.StatusRuntimeException: UNAVAILABLE: io exception
2025-10-10 10:39:29,468 [aa9634f0-8836-44d6-bc05-5b19fbdd93d5@group-813C05265458-LeaderElection179] INFO  impl.LeaderElection (LogUtils.java:infoOrTrace(142)) - aa9634f0-8836-44d6-bc05-5b19fbdd93d5@group-813C05265458-LeaderElection179 got exception when requesting votes: java.util.concurrent.ExecutionException: org.apache.ratis.thirdparty.io.grpc.StatusRuntimeException: UNAVAILABLE: io exception
2025-10-10 10:39:29,468 [aa9634f0-8836-44d6-bc05-5b19fbdd93d5@group-813C05265458-LeaderElection179] INFO  impl.LeaderElection (LeaderElection.java:logAndReturn(206)) - aa9634f0-8836-44d6-bc05-5b19fbdd93d5@group-813C05265458-LeaderElection179: PRE_VOTE REJECTED received 0 response(s) and 2 exception(s):
2025-10-10 10:39:29,468 [aa9634f0-8836-44d6-bc05-5b19fbdd93d5@group-813C05265458-LeaderElection179] INFO  impl.LeaderElection (LogUtils.java:infoOrTrace(142)) -   Exception 0: java.util.concurrent.ExecutionException: org.apache.ratis.thirdparty.io.grpc.StatusRuntimeException: UNAVAILABLE: io exception
2025-10-10 10:39:29,468 [aa9634f0-8836-44d6-bc05-5b19fbdd93d5@group-813C05265458-LeaderElection179] INFO  impl.LeaderElection (LogUtils.java:infoOrTrace(142)) -   Exception 1: java.util.concurrent.ExecutionException: org.apache.ratis.thirdparty.io.grpc.StatusRuntimeException: UNAVAILABLE: io exception
2025-10-10 10:39:29,468 [aa9634f0-8836-44d6-bc05-5b19fbdd93d5@group-813C05265458-LeaderElection179] INFO  impl.LeaderElection (LeaderElection.java:askForVotes(450)) - aa9634f0-8836-44d6-bc05-5b19fbdd93d5@group-813C05265458-LeaderElection179 PRE_VOTE round 0: result REJECTED
2025-10-10 10:39:29,468 [aa9634f0-8836-44d6-bc05-5b19fbdd93d5@group-813C05265458-LeaderElection179] INFO  server.RaftServer$Division (RaftServerImpl.java:setRole(392)) - aa9634f0-8836-44d6-bc05-5b19fbdd93d5@group-813C05265458: changes role from CANDIDATE to FOLLOWER at term 1 for REJECTED
2025-10-10 10:39:29,468 [aa9634f0-8836-44d6-bc05-5b19fbdd93d5@group-813C05265458-LeaderElection179] INFO  impl.RoleInfo (RoleInfo.java:shutdownLeaderElection(141)) - aa9634f0-8836-44d6-bc05-5b19fbdd93d5: shutdown aa9634f0-8836-44d6-bc05-5b19fbdd93d5@group-813C05265458-LeaderElection179
2025-10-10 10:39:29,469 [aa9634f0-8836-44d6-bc05-5b19fbdd93d5@group-813C05265458-LeaderElection179] INFO  impl.RoleInfo (RoleInfo.java:updateAndGet(148)) - aa9634f0-8836-44d6-bc05-5b19fbdd93d5: start aa9634f0-8836-44d6-bc05-5b19fbdd93d5@group-813C05265458-FollowerState
2025-10-10 10:39:30,472 [aa9634f0-8836-44d6-bc05-5b19fbdd93d5@group-6EF60CB14872-FollowerState] INFO  impl.FollowerState (FollowerState.java:runImpl(161)) - aa9634f0-8836-44d6-bc05-5b19fbdd93d5@group-6EF60CB14872-FollowerState: change to CANDIDATE, lastRpcElapsedTime:1025307444ns, electionTimeout:1025ms
2025-10-10 10:39:30,472 [aa9634f0-8836-44d6-bc05-5b19fbdd93d5@group-6EF60CB14872-FollowerState] INFO  impl.RoleInfo (RoleInfo.java:shutdownFollowerState(121)) - aa9634f0-8836-44d6-bc05-5b19fbdd93d5: shutdown aa9634f0-8836-44d6-bc05-5b19fbdd93d5@group-6EF60CB14872-FollowerState
2025-10-10 10:39:30,472 [aa9634f0-8836-44d6-bc05-5b19fbdd93d5@group-6EF60CB14872-FollowerState] INFO  server.RaftServer$Division (RaftServerImpl.java:setRole(392)) - aa9634f0-8836-44d6-bc05-5b19fbdd93d5@group-6EF60CB14872: changes role from  FOLLOWER to CANDIDATE at term 2 for changeToCandidate
2025-10-10 10:39:30,473 [aa9634f0-8836-44d6-bc05-5b19fbdd93d5@group-6EF60CB14872-FollowerState] INFO  impl.RoleInfo (RoleInfo.java:updateAndGet(148)) - aa9634f0-8836-44d6-bc05-5b19fbdd93d5: start aa9634f0-8836-44d6-bc05-5b19fbdd93d5@group-6EF60CB14872-LeaderElection180
2025-10-10 10:39:30,473 [aa9634f0-8836-44d6-bc05-5b19fbdd93d5@group-6EF60CB14872-LeaderElection180] INFO  impl.LeaderElection (LeaderElection.java:askForVotes(448)) - aa9634f0-8836-44d6-bc05-5b19fbdd93d5@group-6EF60CB14872-LeaderElection180 PRE_VOTE round 0: submit vote requests at term 2 for conf: {index: 7, cur=peers:[aa9634f0-8836-44d6-bc05-5b19fbdd93d5|127.0.0.1:15063, 36185c6b-22ce-45d1-a622-3a6b487a5a53|127.0.0.1:15071, 895d447a-5476-42e4-b2fa-6eb687701d46|127.0.0.1:15079]|listeners:[], old=null}
2025-10-10 10:39:30,473 [aa9634f0-8836-44d6-bc05-5b19fbdd93d5@group-6EF60CB14872-LeaderElection180] INFO  impl.LeaderElection (LogUtils.java:infoOrTrace(142)) - aa9634f0-8836-44d6-bc05-5b19fbdd93d5@group-6EF60CB14872-LeaderElection180 got exception when requesting votes: java.util.concurrent.ExecutionException: org.apache.ratis.thirdparty.io.grpc.StatusRuntimeException: UNAVAILABLE: io exception
2025-10-10 10:39:30,473 [aa9634f0-8836-44d6-bc05-5b19fbdd93d5@group-6EF60CB14872-LeaderElection180] INFO  impl.LeaderElection (LogUtils.java:infoOrTrace(142)) - aa9634f0-8836-44d6-bc05-5b19fbdd93d5@group-6EF60CB14872-LeaderElection180 got exception when requesting votes: java.util.concurrent.ExecutionException: org.apache.ratis.thirdparty.io.grpc.StatusRuntimeException: UNAVAILABLE: io exception
2025-10-10 10:39:30,474 [aa9634f0-8836-44d6-bc05-5b19fbdd93d5@group-6EF60CB14872-LeaderElection180] INFO  impl.LeaderElection (LeaderElection.java:logAndReturn(206)) - aa9634f0-8836-44d6-bc05-5b19fbdd93d5@group-6EF60CB14872-LeaderElection180: PRE_VOTE REJECTED received 0 response(s) and 2 exception(s):
2025-10-10 10:39:30,474 [aa9634f0-8836-44d6-bc05-5b19fbdd93d5@group-6EF60CB14872-LeaderElection180] INFO  impl.LeaderElection (LogUtils.java:infoOrTrace(142)) -   Exception 0: java.util.concurrent.ExecutionException: org.apache.ratis.thirdparty.io.grpc.StatusRuntimeException: UNAVAILABLE: io exception
2025-10-10 10:39:30,474 [aa9634f0-8836-44d6-bc05-5b19fbdd93d5@group-6EF60CB14872-LeaderElection180] INFO  impl.LeaderElection (LogUtils.java:infoOrTrace(142)) -   Exception 1: java.util.concurrent.ExecutionException: org.apache.ratis.thirdparty.io.grpc.StatusRuntimeException: UNAVAILABLE: io exception
2025-10-10 10:39:30,474 [aa9634f0-8836-44d6-bc05-5b19fbdd93d5@group-6EF60CB14872-LeaderElection180] INFO  impl.LeaderElection (LeaderElection.java:askForVotes(450)) - aa9634f0-8836-44d6-bc05-5b19fbdd93d5@group-6EF60CB14872-LeaderElection180 PRE_VOTE round 0: result REJECTED
2025-10-10 10:39:30,474 [aa9634f0-8836-44d6-bc05-5b19fbdd93d5@group-6EF60CB14872-LeaderElection180] INFO  server.RaftServer$Division (RaftServerImpl.java:setRole(392)) - aa9634f0-8836-44d6-bc05-5b19fbdd93d5@group-6EF60CB14872: changes role from CANDIDATE to FOLLOWER at term 2 for REJECTED
2025-10-10 10:39:30,474 [aa9634f0-8836-44d6-bc05-5b19fbdd93d5@group-6EF60CB14872-LeaderElection180] INFO  impl.RoleInfo (RoleInfo.java:shutdownLeaderElection(141)) - aa9634f0-8836-44d6-bc05-5b19fbdd93d5: shutdown aa9634f0-8836-44d6-bc05-5b19fbdd93d5@group-6EF60CB14872-LeaderElection180
2025-10-10 10:39:30,474 [aa9634f0-8836-44d6-bc05-5b19fbdd93d5@group-6EF60CB14872-LeaderElection180] INFO  impl.RoleInfo (RoleInfo.java:updateAndGet(148)) - aa9634f0-8836-44d6-bc05-5b19fbdd93d5: start aa9634f0-8836-44d6-bc05-5b19fbdd93d5@group-6EF60CB14872-FollowerState
2025-10-10 10:39:30,523 [aa9634f0-8836-44d6-bc05-5b19fbdd93d5@group-813C05265458-FollowerState] INFO  impl.FollowerState (FollowerState.java:runImpl(161)) - aa9634f0-8836-44d6-bc05-5b19fbdd93d5@group-813C05265458-FollowerState: change to CANDIDATE, lastRpcElapsedTime:1054773716ns, electionTimeout:1054ms
2025-10-10 10:39:30,523 [aa9634f0-8836-44d6-bc05-5b19fbdd93d5@group-813C05265458-FollowerState] INFO  impl.RoleInfo (RoleInfo.java:shutdownFollowerState(121)) - aa9634f0-8836-44d6-bc05-5b19fbdd93d5: shutdown aa9634f0-8836-44d6-bc05-5b19fbdd93d5@group-813C05265458-FollowerState
2025-10-10 10:39:30,524 [aa9634f0-8836-44d6-bc05-5b19fbdd93d5@group-813C05265458-FollowerState] INFO  server.RaftServer$Division (RaftServerImpl.java:setRole(392)) - aa9634f0-8836-44d6-bc05-5b19fbdd93d5@group-813C05265458: changes role from  FOLLOWER to CANDIDATE at term 1 for changeToCandidate
2025-10-10 10:39:30,524 [aa9634f0-8836-44d6-bc05-5b19fbdd93d5@group-813C05265458-FollowerState] INFO  impl.RoleInfo (RoleInfo.java:updateAndGet(148)) - aa9634f0-8836-44d6-bc05-5b19fbdd93d5: start aa9634f0-8836-44d6-bc05-5b19fbdd93d5@group-813C05265458-LeaderElection181
2025-10-10 10:39:30,524 [aa9634f0-8836-44d6-bc05-5b19fbdd93d5@group-813C05265458-LeaderElection181] INFO  impl.LeaderElection (LeaderElection.java:askForVotes(448)) - aa9634f0-8836-44d6-bc05-5b19fbdd93d5@group-813C05265458-LeaderElection181 PRE_VOTE round 0: submit vote requests at term 1 for conf: {index: 0, cur=peers:[aa9634f0-8836-44d6-bc05-5b19fbdd93d5|127.0.0.1:15063, 36185c6b-22ce-45d1-a622-3a6b487a5a53|127.0.0.1:15071, 895d447a-5476-42e4-b2fa-6eb687701d46|127.0.0.1:15079]|listeners:[], old=null}
2025-10-10 10:39:30,525 [aa9634f0-8836-44d6-bc05-5b19fbdd93d5@group-813C05265458-LeaderElection181] INFO  impl.LeaderElection (LogUtils.java:infoOrTrace(142)) - aa9634f0-8836-44d6-bc05-5b19fbdd93d5@group-813C05265458-LeaderElection181 got exception when requesting votes: java.util.concurrent.ExecutionException: org.apache.ratis.thirdparty.io.grpc.StatusRuntimeException: UNAVAILABLE: io exception
2025-10-10 10:39:30,525 [aa9634f0-8836-44d6-bc05-5b19fbdd93d5@group-813C05265458-LeaderElection181] INFO  impl.LeaderElection (LogUtils.java:infoOrTrace(142)) - aa9634f0-8836-44d6-bc05-5b19fbdd93d5@group-813C05265458-LeaderElection181 got exception when requesting votes: java.util.concurrent.ExecutionException: org.apache.ratis.thirdparty.io.grpc.StatusRuntimeException: UNAVAILABLE: io exception
2025-10-10 10:39:30,526 [aa9634f0-8836-44d6-bc05-5b19fbdd93d5@group-813C05265458-LeaderElection181] INFO  impl.LeaderElection (LeaderElection.java:logAndReturn(206)) - aa9634f0-8836-44d6-bc05-5b19fbdd93d5@group-813C05265458-LeaderElection181: PRE_VOTE REJECTED received 0 response(s) and 2 exception(s):
2025-10-10 10:39:30,526 [aa9634f0-8836-44d6-bc05-5b19fbdd93d5@group-813C05265458-LeaderElection181] INFO  impl.LeaderElection (LogUtils.java:infoOrTrace(142)) -   Exception 0: java.util.concurrent.ExecutionException: org.apache.ratis.thirdparty.io.grpc.StatusRuntimeException: UNAVAILABLE: io exception
2025-10-10 10:39:30,527 [aa9634f0-8836-44d6-bc05-5b19fbdd93d5@group-813C05265458-LeaderElection181] INFO  impl.LeaderElection (LogUtils.java:infoOrTrace(142)) -   Exception 1: java.util.concurrent.ExecutionException: org.apache.ratis.thirdparty.io.grpc.StatusRuntimeException: UNAVAILABLE: io exception
2025-10-10 10:39:30,527 [aa9634f0-8836-44d6-bc05-5b19fbdd93d5@group-813C05265458-LeaderElection181] INFO  impl.LeaderElection (LeaderElection.java:askForVotes(450)) - aa9634f0-8836-44d6-bc05-5b19fbdd93d5@group-813C05265458-LeaderElection181 PRE_VOTE round 0: result REJECTED
2025-10-10 10:39:30,528 [aa9634f0-8836-44d6-bc05-5b19fbdd93d5@group-813C05265458-LeaderElection181] INFO  server.RaftServer$Division (RaftServerImpl.java:setRole(392)) - aa9634f0-8836-44d6-bc05-5b19fbdd93d5@group-813C05265458: changes role from CANDIDATE to FOLLOWER at term 1 for REJECTED
2025-10-10 10:39:30,528 [aa9634f0-8836-44d6-bc05-5b19fbdd93d5@group-813C05265458-LeaderElection181] INFO  impl.RoleInfo (RoleInfo.java:shutdownLeaderElection(141)) - aa9634f0-8836-44d6-bc05-5b19fbdd93d5: shutdown aa9634f0-8836-44d6-bc05-5b19fbdd93d5@group-813C05265458-LeaderElection181
2025-10-10 10:39:30,528 [aa9634f0-8836-44d6-bc05-5b19fbdd93d5@group-813C05265458-LeaderElection181] INFO  impl.RoleInfo (RoleInfo.java:updateAndGet(148)) - aa9634f0-8836-44d6-bc05-5b19fbdd93d5: start aa9634f0-8836-44d6-bc05-5b19fbdd93d5@group-813C05265458-FollowerState
2025-10-10 10:39:31,530 [aa9634f0-8836-44d6-bc05-5b19fbdd93d5@group-813C05265458-FollowerState] INFO  impl.FollowerState (FollowerState.java:runImpl(161)) - aa9634f0-8836-44d6-bc05-5b19fbdd93d5@group-813C05265458-FollowerState: change to CANDIDATE, lastRpcElapsedTime:1001396439ns, electionTimeout:1001ms
2025-10-10 10:39:31,530 [aa9634f0-8836-44d6-bc05-5b19fbdd93d5@group-813C05265458-FollowerState] INFO  impl.RoleInfo (RoleInfo.java:shutdownFollowerState(121)) - aa9634f0-8836-44d6-bc05-5b19fbdd93d5: shutdown aa9634f0-8836-44d6-bc05-5b19fbdd93d5@group-813C05265458-FollowerState
2025-10-10 10:39:31,530 [aa9634f0-8836-44d6-bc05-5b19fbdd93d5@group-813C05265458-FollowerState] INFO  server.RaftServer$Division (RaftServerImpl.java:setRole(392)) - aa9634f0-8836-44d6-bc05-5b19fbdd93d5@group-813C05265458: changes role from  FOLLOWER to CANDIDATE at term 1 for changeToCandidate
2025-10-10 10:39:31,530 [aa9634f0-8836-44d6-bc05-5b19fbdd93d5@group-813C05265458-FollowerState] INFO  impl.RoleInfo (RoleInfo.java:updateAndGet(148)) - aa9634f0-8836-44d6-bc05-5b19fbdd93d5: start aa9634f0-8836-44d6-bc05-5b19fbdd93d5@group-813C05265458-LeaderElection182
2025-10-10 10:39:31,530 [aa9634f0-8836-44d6-bc05-5b19fbdd93d5@group-813C05265458-LeaderElection182] INFO  impl.LeaderElection (LeaderElection.java:askForVotes(448)) - aa9634f0-8836-44d6-bc05-5b19fbdd93d5@group-813C05265458-LeaderElection182 PRE_VOTE round 0: submit vote requests at term 1 for conf: {index: 0, cur=peers:[aa9634f0-8836-44d6-bc05-5b19fbdd93d5|127.0.0.1:15063, 36185c6b-22ce-45d1-a622-3a6b487a5a53|127.0.0.1:15071, 895d447a-5476-42e4-b2fa-6eb687701d46|127.0.0.1:15079]|listeners:[], old=null}
2025-10-10 10:39:31,531 [aa9634f0-8836-44d6-bc05-5b19fbdd93d5@group-813C05265458-LeaderElection182] INFO  impl.LeaderElection (LogUtils.java:infoOrTrace(142)) - aa9634f0-8836-44d6-bc05-5b19fbdd93d5@group-813C05265458-LeaderElection182 got exception when requesting votes: java.util.concurrent.ExecutionException: org.apache.ratis.thirdparty.io.grpc.StatusRuntimeException: UNAVAILABLE: io exception
2025-10-10 10:39:31,532 [aa9634f0-8836-44d6-bc05-5b19fbdd93d5@group-813C05265458-LeaderElection182] INFO  impl.LeaderElection (LogUtils.java:infoOrTrace(142)) - aa9634f0-8836-44d6-bc05-5b19fbdd93d5@group-813C05265458-LeaderElection182 got exception when requesting votes: java.util.concurrent.ExecutionException: org.apache.ratis.thirdparty.io.grpc.StatusRuntimeException: UNAVAILABLE: io exception
2025-10-10 10:39:31,532 [aa9634f0-8836-44d6-bc05-5b19fbdd93d5@group-813C05265458-LeaderElection182] INFO  impl.LeaderElection (LeaderElection.java:logAndReturn(206)) - aa9634f0-8836-44d6-bc05-5b19fbdd93d5@group-813C05265458-LeaderElection182: PRE_VOTE REJECTED received 0 response(s) and 2 exception(s):
2025-10-10 10:39:31,532 [aa9634f0-8836-44d6-bc05-5b19fbdd93d5@group-813C05265458-LeaderElection182] INFO  impl.LeaderElection (LogUtils.java:infoOrTrace(142)) -   Exception 0: java.util.concurrent.ExecutionException: org.apache.ratis.thirdparty.io.grpc.StatusRuntimeException: UNAVAILABLE: io exception
2025-10-10 10:39:31,532 [aa9634f0-8836-44d6-bc05-5b19fbdd93d5@group-813C05265458-LeaderElection182] INFO  impl.LeaderElection (LogUtils.java:infoOrTrace(142)) -   Exception 1: java.util.concurrent.ExecutionException: org.apache.ratis.thirdparty.io.grpc.StatusRuntimeException: UNAVAILABLE: io exception
2025-10-10 10:39:31,532 [aa9634f0-8836-44d6-bc05-5b19fbdd93d5@group-813C05265458-LeaderElection182] INFO  impl.LeaderElection (LeaderElection.java:askForVotes(450)) - aa9634f0-8836-44d6-bc05-5b19fbdd93d5@group-813C05265458-LeaderElection182 PRE_VOTE round 0: result REJECTED
2025-10-10 10:39:31,532 [aa9634f0-8836-44d6-bc05-5b19fbdd93d5@group-813C05265458-LeaderElection182] INFO  server.RaftServer$Division (RaftServerImpl.java:setRole(392)) - aa9634f0-8836-44d6-bc05-5b19fbdd93d5@group-813C05265458: changes role from CANDIDATE to FOLLOWER at term 1 for REJECTED
2025-10-10 10:39:31,532 [aa9634f0-8836-44d6-bc05-5b19fbdd93d5@group-813C05265458-LeaderElection182] INFO  impl.RoleInfo (RoleInfo.java:shutdownLeaderElection(141)) - aa9634f0-8836-44d6-bc05-5b19fbdd93d5: shutdown aa9634f0-8836-44d6-bc05-5b19fbdd93d5@group-813C05265458-LeaderElection182
2025-10-10 10:39:31,532 [aa9634f0-8836-44d6-bc05-5b19fbdd93d5@group-813C05265458-LeaderElection182] INFO  impl.RoleInfo (RoleInfo.java:updateAndGet(148)) - aa9634f0-8836-44d6-bc05-5b19fbdd93d5: start aa9634f0-8836-44d6-bc05-5b19fbdd93d5@group-813C05265458-FollowerState
2025-10-10 10:39:31,592 [aa9634f0-8836-44d6-bc05-5b19fbdd93d5@group-6EF60CB14872-FollowerState] INFO  impl.FollowerState (FollowerState.java:runImpl(161)) - aa9634f0-8836-44d6-bc05-5b19fbdd93d5@group-6EF60CB14872-FollowerState: change to CANDIDATE, lastRpcElapsedTime:1118275234ns, electionTimeout:1118ms
2025-10-10 10:39:31,592 [aa9634f0-8836-44d6-bc05-5b19fbdd93d5@group-6EF60CB14872-FollowerState] INFO  impl.RoleInfo (RoleInfo.java:shutdownFollowerState(121)) - aa9634f0-8836-44d6-bc05-5b19fbdd93d5: shutdown aa9634f0-8836-44d6-bc05-5b19fbdd93d5@group-6EF60CB14872-FollowerState
2025-10-10 10:39:31,592 [aa9634f0-8836-44d6-bc05-5b19fbdd93d5@group-6EF60CB14872-FollowerState] INFO  server.RaftServer$Division (RaftServerImpl.java:setRole(392)) - aa9634f0-8836-44d6-bc05-5b19fbdd93d5@group-6EF60CB14872: changes role from  FOLLOWER to CANDIDATE at term 2 for changeToCandidate
2025-10-10 10:39:31,592 [aa9634f0-8836-44d6-bc05-5b19fbdd93d5@group-6EF60CB14872-FollowerState] INFO  impl.RoleInfo (RoleInfo.java:updateAndGet(148)) - aa9634f0-8836-44d6-bc05-5b19fbdd93d5: start aa9634f0-8836-44d6-bc05-5b19fbdd93d5@group-6EF60CB14872-LeaderElection183
2025-10-10 10:39:31,593 [aa9634f0-8836-44d6-bc05-5b19fbdd93d5@group-6EF60CB14872-LeaderElection183] INFO  impl.LeaderElection (LeaderElection.java:askForVotes(448)) - aa9634f0-8836-44d6-bc05-5b19fbdd93d5@group-6EF60CB14872-LeaderElection183 PRE_VOTE round 0: submit vote requests at term 2 for conf: {index: 7, cur=peers:[aa9634f0-8836-44d6-bc05-5b19fbdd93d5|127.0.0.1:15063, 36185c6b-22ce-45d1-a622-3a6b487a5a53|127.0.0.1:15071, 895d447a-5476-42e4-b2fa-6eb687701d46|127.0.0.1:15079]|listeners:[], old=null}
2025-10-10 10:39:31,593 [aa9634f0-8836-44d6-bc05-5b19fbdd93d5@group-6EF60CB14872-LeaderElection183] INFO  impl.LeaderElection (LogUtils.java:infoOrTrace(142)) - aa9634f0-8836-44d6-bc05-5b19fbdd93d5@group-6EF60CB14872-LeaderElection183 got exception when requesting votes: java.util.concurrent.ExecutionException: org.apache.ratis.thirdparty.io.grpc.StatusRuntimeException: UNAVAILABLE: io exception
2025-10-10 10:39:31,593 [aa9634f0-8836-44d6-bc05-5b19fbdd93d5@group-6EF60CB14872-LeaderElection183] INFO  impl.LeaderElection (LogUtils.java:infoOrTrace(142)) - aa9634f0-8836-44d6-bc05-5b19fbdd93d5@group-6EF60CB14872-LeaderElection183 got exception when requesting votes: java.util.concurrent.ExecutionException: org.apache.ratis.thirdparty.io.grpc.StatusRuntimeException: UNAVAILABLE: io exception
2025-10-10 10:39:31,593 [aa9634f0-8836-44d6-bc05-5b19fbdd93d5@group-6EF60CB14872-LeaderElection183] INFO  impl.LeaderElection (LeaderElection.java:logAndReturn(206)) - aa9634f0-8836-44d6-bc05-5b19fbdd93d5@group-6EF60CB14872-LeaderElection183: PRE_VOTE REJECTED received 0 response(s) and 2 exception(s):
2025-10-10 10:39:31,593 [aa9634f0-8836-44d6-bc05-5b19fbdd93d5@group-6EF60CB14872-LeaderElection183] INFO  impl.LeaderElection (LogUtils.java:infoOrTrace(142)) -   Exception 0: java.util.concurrent.ExecutionException: org.apache.ratis.thirdparty.io.grpc.StatusRuntimeException: UNAVAILABLE: io exception
2025-10-10 10:39:31,593 [aa9634f0-8836-44d6-bc05-5b19fbdd93d5@group-6EF60CB14872-LeaderElection183] INFO  impl.LeaderElection (LogUtils.java:infoOrTrace(142)) -   Exception 1: java.util.concurrent.ExecutionException: org.apache.ratis.thirdparty.io.grpc.StatusRuntimeException: UNAVAILABLE: io exception
2025-10-10 10:39:31,593 [aa9634f0-8836-44d6-bc05-5b19fbdd93d5@group-6EF60CB14872-LeaderElection183] INFO  impl.LeaderElection (LeaderElection.java:askForVotes(450)) - aa9634f0-8836-44d6-bc05-5b19fbdd93d5@group-6EF60CB14872-LeaderElection183 PRE_VOTE round 0: result REJECTED
2025-10-10 10:39:31,593 [aa9634f0-8836-44d6-bc05-5b19fbdd93d5@group-6EF60CB14872-LeaderElection183] INFO  server.RaftServer$Division (RaftServerImpl.java:setRole(392)) - aa9634f0-8836-44d6-bc05-5b19fbdd93d5@group-6EF60CB14872: changes role from CANDIDATE to FOLLOWER at term 2 for REJECTED
2025-10-10 10:39:31,593 [aa9634f0-8836-44d6-bc05-5b19fbdd93d5@group-6EF60CB14872-LeaderElection183] INFO  impl.RoleInfo (RoleInfo.java:shutdownLeaderElection(141)) - aa9634f0-8836-44d6-bc05-5b19fbdd93d5: shutdown aa9634f0-8836-44d6-bc05-5b19fbdd93d5@group-6EF60CB14872-LeaderElection183
2025-10-10 10:39:31,593 [aa9634f0-8836-44d6-bc05-5b19fbdd93d5@group-6EF60CB14872-LeaderElection183] INFO  impl.RoleInfo (RoleInfo.java:updateAndGet(148)) - aa9634f0-8836-44d6-bc05-5b19fbdd93d5: start aa9634f0-8836-44d6-bc05-5b19fbdd93d5@group-6EF60CB14872-FollowerState
2025-10-10 10:39:32,731 [aa9634f0-8836-44d6-bc05-5b19fbdd93d5@group-813C05265458-FollowerState] INFO  impl.FollowerState (FollowerState.java:runImpl(161)) - aa9634f0-8836-44d6-bc05-5b19fbdd93d5@group-813C05265458-FollowerState: change to CANDIDATE, lastRpcElapsedTime:1199311875ns, electionTimeout:1199ms
2025-10-10 10:39:32,731 [aa9634f0-8836-44d6-bc05-5b19fbdd93d5@group-813C05265458-FollowerState] INFO  impl.RoleInfo (RoleInfo.java:shutdownFollowerState(121)) - aa9634f0-8836-44d6-bc05-5b19fbdd93d5: shutdown aa9634f0-8836-44d6-bc05-5b19fbdd93d5@group-813C05265458-FollowerState
2025-10-10 10:39:32,731 [aa9634f0-8836-44d6-bc05-5b19fbdd93d5@group-813C05265458-FollowerState] INFO  server.RaftServer$Division (RaftServerImpl.java:setRole(392)) - aa9634f0-8836-44d6-bc05-5b19fbdd93d5@group-813C05265458: changes role from  FOLLOWER to CANDIDATE at term 1 for changeToCandidate
2025-10-10 10:39:32,732 [aa9634f0-8836-44d6-bc05-5b19fbdd93d5@group-813C05265458-FollowerState] INFO  impl.RoleInfo (RoleInfo.java:updateAndGet(148)) - aa9634f0-8836-44d6-bc05-5b19fbdd93d5: start aa9634f0-8836-44d6-bc05-5b19fbdd93d5@group-813C05265458-LeaderElection184
2025-10-10 10:39:32,732 [aa9634f0-8836-44d6-bc05-5b19fbdd93d5@group-813C05265458-LeaderElection184] INFO  impl.LeaderElection (LeaderElection.java:askForVotes(448)) - aa9634f0-8836-44d6-bc05-5b19fbdd93d5@group-813C05265458-LeaderElection184 PRE_VOTE round 0: submit vote requests at term 1 for conf: {index: 0, cur=peers:[aa9634f0-8836-44d6-bc05-5b19fbdd93d5|127.0.0.1:15063, 36185c6b-22ce-45d1-a622-3a6b487a5a53|127.0.0.1:15071, 895d447a-5476-42e4-b2fa-6eb687701d46|127.0.0.1:15079]|listeners:[], old=null}
2025-10-10 10:39:32,733 [aa9634f0-8836-44d6-bc05-5b19fbdd93d5@group-813C05265458-LeaderElection184] INFO  impl.LeaderElection (LogUtils.java:infoOrTrace(142)) - aa9634f0-8836-44d6-bc05-5b19fbdd93d5@group-813C05265458-LeaderElection184 got exception when requesting votes: java.util.concurrent.ExecutionException: org.apache.ratis.thirdparty.io.grpc.StatusRuntimeException: UNAVAILABLE: io exception
2025-10-10 10:39:32,733 [aa9634f0-8836-44d6-bc05-5b19fbdd93d5@group-813C05265458-LeaderElection184] INFO  impl.LeaderElection (LogUtils.java:infoOrTrace(142)) - aa9634f0-8836-44d6-bc05-5b19fbdd93d5@group-813C05265458-LeaderElection184 got exception when requesting votes: java.util.concurrent.ExecutionException: org.apache.ratis.thirdparty.io.grpc.StatusRuntimeException: UNAVAILABLE: io exception
2025-10-10 10:39:32,733 [aa9634f0-8836-44d6-bc05-5b19fbdd93d5@group-813C05265458-LeaderElection184] INFO  impl.LeaderElection (LeaderElection.java:logAndReturn(206)) - aa9634f0-8836-44d6-bc05-5b19fbdd93d5@group-813C05265458-LeaderElection184: PRE_VOTE REJECTED received 0 response(s) and 2 exception(s):
2025-10-10 10:39:32,733 [aa9634f0-8836-44d6-bc05-5b19fbdd93d5@group-813C05265458-LeaderElection184] INFO  impl.LeaderElection (LogUtils.java:infoOrTrace(142)) -   Exception 0: java.util.concurrent.ExecutionException: org.apache.ratis.thirdparty.io.grpc.StatusRuntimeException: UNAVAILABLE: io exception
2025-10-10 10:39:32,733 [aa9634f0-8836-44d6-bc05-5b19fbdd93d5@group-813C05265458-LeaderElection184] INFO  impl.LeaderElection (LogUtils.java:infoOrTrace(142)) -   Exception 1: java.util.concurrent.ExecutionException: org.apache.ratis.thirdparty.io.grpc.StatusRuntimeException: UNAVAILABLE: io exception
2025-10-10 10:39:32,733 [aa9634f0-8836-44d6-bc05-5b19fbdd93d5@group-813C05265458-LeaderElection184] INFO  impl.LeaderElection (LeaderElection.java:askForVotes(450)) - aa9634f0-8836-44d6-bc05-5b19fbdd93d5@group-813C05265458-LeaderElection184 PRE_VOTE round 0: result REJECTED
2025-10-10 10:39:32,733 [aa9634f0-8836-44d6-bc05-5b19fbdd93d5@group-813C05265458-LeaderElection184] INFO  server.RaftServer$Division (RaftServerImpl.java:setRole(392)) - aa9634f0-8836-44d6-bc05-5b19fbdd93d5@group-813C05265458: changes role from CANDIDATE to FOLLOWER at term 1 for REJECTED
2025-10-10 10:39:32,733 [aa9634f0-8836-44d6-bc05-5b19fbdd93d5@group-813C05265458-LeaderElection184] INFO  impl.RoleInfo (RoleInfo.java:shutdownLeaderElection(141)) - aa9634f0-8836-44d6-bc05-5b19fbdd93d5: shutdown aa9634f0-8836-44d6-bc05-5b19fbdd93d5@group-813C05265458-LeaderElection184
2025-10-10 10:39:32,733 [aa9634f0-8836-44d6-bc05-5b19fbdd93d5@group-813C05265458-LeaderElection184] INFO  impl.RoleInfo (RoleInfo.java:updateAndGet(148)) - aa9634f0-8836-44d6-bc05-5b19fbdd93d5: start aa9634f0-8836-44d6-bc05-5b19fbdd93d5@group-813C05265458-FollowerState
2025-10-10 10:39:32,789 [aa9634f0-8836-44d6-bc05-5b19fbdd93d5@group-6EF60CB14872-FollowerState] INFO  impl.FollowerState (FollowerState.java:runImpl(161)) - aa9634f0-8836-44d6-bc05-5b19fbdd93d5@group-6EF60CB14872-FollowerState: change to CANDIDATE, lastRpcElapsedTime:1195373235ns, electionTimeout:1195ms
2025-10-10 10:39:32,789 [aa9634f0-8836-44d6-bc05-5b19fbdd93d5@group-6EF60CB14872-FollowerState] INFO  impl.RoleInfo (RoleInfo.java:shutdownFollowerState(121)) - aa9634f0-8836-44d6-bc05-5b19fbdd93d5: shutdown aa9634f0-8836-44d6-bc05-5b19fbdd93d5@group-6EF60CB14872-FollowerState
2025-10-10 10:39:32,789 [aa9634f0-8836-44d6-bc05-5b19fbdd93d5@group-6EF60CB14872-FollowerState] INFO  server.RaftServer$Division (RaftServerImpl.java:setRole(392)) - aa9634f0-8836-44d6-bc05-5b19fbdd93d5@group-6EF60CB14872: changes role from  FOLLOWER to CANDIDATE at term 2 for changeToCandidate
2025-10-10 10:39:32,789 [aa9634f0-8836-44d6-bc05-5b19fbdd93d5@group-6EF60CB14872-FollowerState] INFO  impl.RoleInfo (RoleInfo.java:updateAndGet(148)) - aa9634f0-8836-44d6-bc05-5b19fbdd93d5: start aa9634f0-8836-44d6-bc05-5b19fbdd93d5@group-6EF60CB14872-LeaderElection185
2025-10-10 10:39:32,789 [aa9634f0-8836-44d6-bc05-5b19fbdd93d5@group-6EF60CB14872-LeaderElection185] INFO  impl.LeaderElection (LeaderElection.java:askForVotes(448)) - aa9634f0-8836-44d6-bc05-5b19fbdd93d5@group-6EF60CB14872-LeaderElection185 PRE_VOTE round 0: submit vote requests at term 2 for conf: {index: 7, cur=peers:[aa9634f0-8836-44d6-bc05-5b19fbdd93d5|127.0.0.1:15063, 36185c6b-22ce-45d1-a622-3a6b487a5a53|127.0.0.1:15071, 895d447a-5476-42e4-b2fa-6eb687701d46|127.0.0.1:15079]|listeners:[], old=null}
2025-10-10 10:39:32,790 [aa9634f0-8836-44d6-bc05-5b19fbdd93d5@group-6EF60CB14872-LeaderElection185] INFO  impl.LeaderElection (LogUtils.java:infoOrTrace(142)) - aa9634f0-8836-44d6-bc05-5b19fbdd93d5@group-6EF60CB14872-LeaderElection185 got exception when requesting votes: java.util.concurrent.ExecutionException: org.apache.ratis.thirdparty.io.grpc.StatusRuntimeException: UNAVAILABLE: io exception
2025-10-10 10:39:32,790 [aa9634f0-8836-44d6-bc05-5b19fbdd93d5@group-6EF60CB14872-LeaderElection185] INFO  impl.LeaderElection (LogUtils.java:infoOrTrace(142)) - aa9634f0-8836-44d6-bc05-5b19fbdd93d5@group-6EF60CB14872-LeaderElection185 got exception when requesting votes: java.util.concurrent.ExecutionException: org.apache.ratis.thirdparty.io.grpc.StatusRuntimeException: UNAVAILABLE: io exception
2025-10-10 10:39:32,790 [aa9634f0-8836-44d6-bc05-5b19fbdd93d5@group-6EF60CB14872-LeaderElection185] INFO  impl.LeaderElection (LeaderElection.java:logAndReturn(206)) - aa9634f0-8836-44d6-bc05-5b19fbdd93d5@group-6EF60CB14872-LeaderElection185: PRE_VOTE REJECTED received 0 response(s) and 2 exception(s):
2025-10-10 10:39:32,790 [aa9634f0-8836-44d6-bc05-5b19fbdd93d5@group-6EF60CB14872-LeaderElection185] INFO  impl.LeaderElection (LogUtils.java:infoOrTrace(142)) -   Exception 0: java.util.concurrent.ExecutionException: org.apache.ratis.thirdparty.io.grpc.StatusRuntimeException: UNAVAILABLE: io exception
2025-10-10 10:39:32,790 [aa9634f0-8836-44d6-bc05-5b19fbdd93d5@group-6EF60CB14872-LeaderElection185] INFO  impl.LeaderElection (LogUtils.java:infoOrTrace(142)) -   Exception 1: java.util.concurrent.ExecutionException: org.apache.ratis.thirdparty.io.grpc.StatusRuntimeException: UNAVAILABLE: io exception
2025-10-10 10:39:32,790 [aa9634f0-8836-44d6-bc05-5b19fbdd93d5@group-6EF60CB14872-LeaderElection185] INFO  impl.LeaderElection (LeaderElection.java:askForVotes(450)) - aa9634f0-8836-44d6-bc05-5b19fbdd93d5@group-6EF60CB14872-LeaderElection185 PRE_VOTE round 0: result REJECTED
2025-10-10 10:39:32,790 [aa9634f0-8836-44d6-bc05-5b19fbdd93d5@group-6EF60CB14872-LeaderElection185] INFO  server.RaftServer$Division (RaftServerImpl.java:setRole(392)) - aa9634f0-8836-44d6-bc05-5b19fbdd93d5@group-6EF60CB14872: changes role from CANDIDATE to FOLLOWER at term 2 for REJECTED
2025-10-10 10:39:32,790 [aa9634f0-8836-44d6-bc05-5b19fbdd93d5@group-6EF60CB14872-LeaderElection185] INFO  impl.RoleInfo (RoleInfo.java:shutdownLeaderElection(141)) - aa9634f0-8836-44d6-bc05-5b19fbdd93d5: shutdown aa9634f0-8836-44d6-bc05-5b19fbdd93d5@group-6EF60CB14872-LeaderElection185
2025-10-10 10:39:32,790 [aa9634f0-8836-44d6-bc05-5b19fbdd93d5@group-6EF60CB14872-LeaderElection185] INFO  impl.RoleInfo (RoleInfo.java:updateAndGet(148)) - aa9634f0-8836-44d6-bc05-5b19fbdd93d5: start aa9634f0-8836-44d6-bc05-5b19fbdd93d5@group-6EF60CB14872-FollowerState
2025-10-10 10:39:33,493 [timer2] ERROR impl.OrderedAsync (OrderedAsync.java:lambda$null$6(215)) -  (Repeated 2 times in the last 5.001s) client-917D4E751540: Failed* RaftClientRequest:client-917D4E751540->36185c6b-22ce-45d1-a622-3a6b487a5a53@group-6EF60CB14872, cid=48, seq=6*, RW, cmdType: WriteChunk traceID: "" containerID: 6 datanodeUuid: "36185c6b-22ce-45d1-a622-3a6b487a5a53" writeChunk { blockID { containerID: 6 localID: 115816896921600006 blockCommitSequenceId: 0 replicaIndex: 0 } chunkData { chunkName: "115816896921600006_chunk_1" offset: 0 len: 524288 } } version: 3, data.size=524288
java.util.concurrent.CompletionException: java.io.IOException: org.apache.ratis.thirdparty.io.grpc.StatusRuntimeException: UNAVAILABLE: io exception
	at java.base/java.util.concurrent.CompletableFuture.encodeThrowable(CompletableFuture.java:332)
	at java.base/java.util.concurrent.CompletableFuture.completeThrowable(CompletableFuture.java:347)
	at java.base/java.util.concurrent.CompletableFuture$UniAccept.tryFire(CompletableFuture.java:708)
	at java.base/java.util.concurrent.CompletableFuture.postComplete(CompletableFuture.java:510)
	at java.base/java.util.concurrent.CompletableFuture.completeExceptionally(CompletableFuture.java:2194)
	at org.apache.ratis.grpc.client.GrpcClientProtocolClient$AsyncStreamObservers.completeReplyExceptionally(GrpcClientProtocolClient.java:397)
	at org.apache.ratis.grpc.client.GrpcClientProtocolClient$AsyncStreamObservers.access$000(GrpcClientProtocolClient.java:303)
	at org.apache.ratis.grpc.client.GrpcClientProtocolClient$AsyncStreamObservers$1.onError(GrpcClientProtocolClient.java:334)
	at org.apache.ratis.thirdparty.io.grpc.stub.ClientCalls$StreamObserverToCallListenerAdapter.onClose(ClientCalls.java:564)
	at org.apache.ratis.thirdparty.io.grpc.PartialForwardingClientCallListener.onClose(PartialForwardingClientCallListener.java:39)
	at org.apache.ratis.thirdparty.io.grpc.ForwardingClientCallListener.onClose(ForwardingClientCallListener.java:23)
	at org.apache.ratis.grpc.metrics.intercept.client.MetricClientCallListener.onClose(MetricClientCallListener.java:47)
	at org.apache.ratis.thirdparty.io.grpc.internal.ClientCallImpl.closeObserver(ClientCallImpl.java:565)
	at org.apache.ratis.thirdparty.io.grpc.internal.ClientCallImpl.access$100(ClientCallImpl.java:72)
	at org.apache.ratis.thirdparty.io.grpc.internal.ClientCallImpl$ClientStreamListenerImpl$1StreamClosed.runInternal(ClientCallImpl.java:733)
	at org.apache.ratis.thirdparty.io.grpc.internal.ClientCallImpl$ClientStreamListenerImpl$1StreamClosed.runInContext(ClientCallImpl.java:714)
	at org.apache.ratis.thirdparty.io.grpc.internal.ContextRunnable.run(ContextRunnable.java:37)
	at org.apache.ratis.thirdparty.io.grpc.internal.SerializingExecutor.run(SerializingExecutor.java:133)
	at java.base/java.util.concurrent.ThreadPoolExecutor.runWorker(ThreadPoolExecutor.java:1144)
	at java.base/java.util.concurrent.ThreadPoolExecutor$Worker.run(ThreadPoolExecutor.java:642)
	at java.base/java.lang.Thread.run(Thread.java:1583)
Caused by: java.io.IOException: org.apache.ratis.thirdparty.io.grpc.StatusRuntimeException: UNAVAILABLE: io exception
	at org.apache.ratis.grpc.GrpcUtil.unwrapException(GrpcUtil.java:99)
	at org.apache.ratis.grpc.GrpcUtil.unwrapIOException(GrpcUtil.java:159)
	at org.apache.ratis.grpc.client.GrpcClientProtocolClient$AsyncStreamObservers$1.onError(GrpcClientProtocolClient.java:333)
	... 13 more
Caused by: org.apache.ratis.thirdparty.io.grpc.StatusRuntimeException: UNAVAILABLE: io exception
	at org.apache.ratis.thirdparty.io.grpc.Status.asRuntimeException(Status.java:532)
	... 13 more
Caused by: org.apache.ratis.thirdparty.io.netty.channel.AbstractChannel$AnnotatedConnectException: finishConnect(..) failed: Connection refused: /127.0.0.1:15069
Caused by: java.net.ConnectException: finishConnect(..) failed: Connection refused
	at org.apache.ratis.thirdparty.io.netty.channel.unix.Errors.newConnectException0(Errors.java:166)
	at org.apache.ratis.thirdparty.io.netty.channel.unix.Errors.handleConnectErrno(Errors.java:131)
	at org.apache.ratis.thirdparty.io.netty.channel.unix.Socket.finishConnect(Socket.java:359)
	at org.apache.ratis.thirdparty.io.netty.channel.epoll.AbstractEpollChannel$AbstractEpollUnsafe.doFinishConnect(AbstractEpollChannel.java:715)
	at org.apache.ratis.thirdparty.io.netty.channel.epoll.AbstractEpollChannel$AbstractEpollUnsafe.finishConnect(AbstractEpollChannel.java:692)
	at org.apache.ratis.thirdparty.io.netty.channel.epoll.AbstractEpollChannel$AbstractEpollUnsafe.epollOutReady(AbstractEpollChannel.java:567)
	at org.apache.ratis.thirdparty.io.netty.channel.epoll.EpollEventLoop.processReady(EpollEventLoop.java:491)
	at org.apache.ratis.thirdparty.io.netty.channel.epoll.EpollEventLoop.run(EpollEventLoop.java:399)
	at org.apache.ratis.thirdparty.io.netty.util.concurrent.SingleThreadEventExecutor$4.run(SingleThreadEventExecutor.java:998)
	at org.apache.ratis.thirdparty.io.netty.util.internal.ThreadExecutorMap$2.run(ThreadExecutorMap.java:74)
	at org.apache.ratis.thirdparty.io.netty.util.concurrent.FastThreadLocalRunnable.run(FastThreadLocalRunnable.java:30)
	at java.base/java.lang.Thread.run(Thread.java:1583)
2025-10-10 10:39:33,794 [aa9634f0-8836-44d6-bc05-5b19fbdd93d5@group-813C05265458-FollowerState] INFO  impl.FollowerState (FollowerState.java:runImpl(161)) - aa9634f0-8836-44d6-bc05-5b19fbdd93d5@group-813C05265458-FollowerState: change to CANDIDATE, lastRpcElapsedTime:1061292389ns, electionTimeout:1061ms
2025-10-10 10:39:33,794 [aa9634f0-8836-44d6-bc05-5b19fbdd93d5@group-813C05265458-FollowerState] INFO  impl.RoleInfo (RoleInfo.java:shutdownFollowerState(121)) - aa9634f0-8836-44d6-bc05-5b19fbdd93d5: shutdown aa9634f0-8836-44d6-bc05-5b19fbdd93d5@group-813C05265458-FollowerState
2025-10-10 10:39:33,794 [aa9634f0-8836-44d6-bc05-5b19fbdd93d5@group-813C05265458-FollowerState] INFO  server.RaftServer$Division (RaftServerImpl.java:setRole(392)) - aa9634f0-8836-44d6-bc05-5b19fbdd93d5@group-813C05265458: changes role from  FOLLOWER to CANDIDATE at term 1 for changeToCandidate
2025-10-10 10:39:33,795 [aa9634f0-8836-44d6-bc05-5b19fbdd93d5@group-813C05265458-FollowerState] INFO  impl.RoleInfo (RoleInfo.java:updateAndGet(148)) - aa9634f0-8836-44d6-bc05-5b19fbdd93d5: start aa9634f0-8836-44d6-bc05-5b19fbdd93d5@group-813C05265458-LeaderElection186
2025-10-10 10:39:33,795 [aa9634f0-8836-44d6-bc05-5b19fbdd93d5@group-813C05265458-LeaderElection186] INFO  impl.LeaderElection (LeaderElection.java:askForVotes(448)) - aa9634f0-8836-44d6-bc05-5b19fbdd93d5@group-813C05265458-LeaderElection186 PRE_VOTE round 0: submit vote requests at term 1 for conf: {index: 0, cur=peers:[aa9634f0-8836-44d6-bc05-5b19fbdd93d5|127.0.0.1:15063, 36185c6b-22ce-45d1-a622-3a6b487a5a53|127.0.0.1:15071, 895d447a-5476-42e4-b2fa-6eb687701d46|127.0.0.1:15079]|listeners:[], old=null}
2025-10-10 10:39:33,795 [aa9634f0-8836-44d6-bc05-5b19fbdd93d5@group-813C05265458-LeaderElection186] INFO  impl.LeaderElection (LogUtils.java:infoOrTrace(142)) - aa9634f0-8836-44d6-bc05-5b19fbdd93d5@group-813C05265458-LeaderElection186 got exception when requesting votes: java.util.concurrent.ExecutionException: org.apache.ratis.thirdparty.io.grpc.StatusRuntimeException: UNAVAILABLE: io exception
2025-10-10 10:39:33,795 [aa9634f0-8836-44d6-bc05-5b19fbdd93d5@group-813C05265458-LeaderElection186] INFO  impl.LeaderElection (LogUtils.java:infoOrTrace(142)) - aa9634f0-8836-44d6-bc05-5b19fbdd93d5@group-813C05265458-LeaderElection186 got exception when requesting votes: java.util.concurrent.ExecutionException: org.apache.ratis.thirdparty.io.grpc.StatusRuntimeException: UNAVAILABLE: io exception
2025-10-10 10:39:33,796 [aa9634f0-8836-44d6-bc05-5b19fbdd93d5@group-813C05265458-LeaderElection186] INFO  impl.LeaderElection (LeaderElection.java:logAndReturn(206)) - aa9634f0-8836-44d6-bc05-5b19fbdd93d5@group-813C05265458-LeaderElection186: PRE_VOTE REJECTED received 0 response(s) and 2 exception(s):
2025-10-10 10:39:33,796 [aa9634f0-8836-44d6-bc05-5b19fbdd93d5@group-813C05265458-LeaderElection186] INFO  impl.LeaderElection (LogUtils.java:infoOrTrace(142)) -   Exception 0: java.util.concurrent.ExecutionException: org.apache.ratis.thirdparty.io.grpc.StatusRuntimeException: UNAVAILABLE: io exception
2025-10-10 10:39:33,796 [aa9634f0-8836-44d6-bc05-5b19fbdd93d5@group-813C05265458-LeaderElection186] INFO  impl.LeaderElection (LogUtils.java:infoOrTrace(142)) -   Exception 1: java.util.concurrent.ExecutionException: org.apache.ratis.thirdparty.io.grpc.StatusRuntimeException: UNAVAILABLE: io exception
2025-10-10 10:39:33,796 [aa9634f0-8836-44d6-bc05-5b19fbdd93d5@group-813C05265458-LeaderElection186] INFO  impl.LeaderElection (LeaderElection.java:askForVotes(450)) - aa9634f0-8836-44d6-bc05-5b19fbdd93d5@group-813C05265458-LeaderElection186 PRE_VOTE round 0: result REJECTED
2025-10-10 10:39:33,796 [aa9634f0-8836-44d6-bc05-5b19fbdd93d5@group-813C05265458-LeaderElection186] INFO  server.RaftServer$Division (RaftServerImpl.java:setRole(392)) - aa9634f0-8836-44d6-bc05-5b19fbdd93d5@group-813C05265458: changes role from CANDIDATE to FOLLOWER at term 1 for REJECTED
2025-10-10 10:39:33,796 [aa9634f0-8836-44d6-bc05-5b19fbdd93d5@group-813C05265458-LeaderElection186] INFO  impl.RoleInfo (RoleInfo.java:shutdownLeaderElection(141)) - aa9634f0-8836-44d6-bc05-5b19fbdd93d5: shutdown aa9634f0-8836-44d6-bc05-5b19fbdd93d5@group-813C05265458-LeaderElection186
2025-10-10 10:39:33,796 [aa9634f0-8836-44d6-bc05-5b19fbdd93d5@group-813C05265458-LeaderElection186] INFO  impl.RoleInfo (RoleInfo.java:updateAndGet(148)) - aa9634f0-8836-44d6-bc05-5b19fbdd93d5: start aa9634f0-8836-44d6-bc05-5b19fbdd93d5@group-813C05265458-FollowerState
2025-10-10 10:39:33,865 [aa9634f0-8836-44d6-bc05-5b19fbdd93d5@group-6EF60CB14872-FollowerState] INFO  impl.FollowerState (FollowerState.java:runImpl(161)) - aa9634f0-8836-44d6-bc05-5b19fbdd93d5@group-6EF60CB14872-FollowerState: change to CANDIDATE, lastRpcElapsedTime:1074298793ns, electionTimeout:1074ms
2025-10-10 10:39:33,865 [aa9634f0-8836-44d6-bc05-5b19fbdd93d5@group-6EF60CB14872-FollowerState] INFO  impl.RoleInfo (RoleInfo.java:shutdownFollowerState(121)) - aa9634f0-8836-44d6-bc05-5b19fbdd93d5: shutdown aa9634f0-8836-44d6-bc05-5b19fbdd93d5@group-6EF60CB14872-FollowerState
2025-10-10 10:39:33,865 [aa9634f0-8836-44d6-bc05-5b19fbdd93d5@group-6EF60CB14872-FollowerState] INFO  server.RaftServer$Division (RaftServerImpl.java:setRole(392)) - aa9634f0-8836-44d6-bc05-5b19fbdd93d5@group-6EF60CB14872: changes role from  FOLLOWER to CANDIDATE at term 2 for changeToCandidate
2025-10-10 10:39:33,865 [aa9634f0-8836-44d6-bc05-5b19fbdd93d5@group-6EF60CB14872-FollowerState] INFO  impl.RoleInfo (RoleInfo.java:updateAndGet(148)) - aa9634f0-8836-44d6-bc05-5b19fbdd93d5: start aa9634f0-8836-44d6-bc05-5b19fbdd93d5@group-6EF60CB14872-LeaderElection187
2025-10-10 10:39:33,865 [aa9634f0-8836-44d6-bc05-5b19fbdd93d5@group-6EF60CB14872-LeaderElection187] INFO  impl.LeaderElection (LeaderElection.java:askForVotes(448)) - aa9634f0-8836-44d6-bc05-5b19fbdd93d5@group-6EF60CB14872-LeaderElection187 PRE_VOTE round 0: submit vote requests at term 2 for conf: {index: 7, cur=peers:[aa9634f0-8836-44d6-bc05-5b19fbdd93d5|127.0.0.1:15063, 36185c6b-22ce-45d1-a622-3a6b487a5a53|127.0.0.1:15071, 895d447a-5476-42e4-b2fa-6eb687701d46|127.0.0.1:15079]|listeners:[], old=null}
2025-10-10 10:39:33,866 [aa9634f0-8836-44d6-bc05-5b19fbdd93d5@group-6EF60CB14872-LeaderElection187] INFO  impl.LeaderElection (LogUtils.java:infoOrTrace(142)) - aa9634f0-8836-44d6-bc05-5b19fbdd93d5@group-6EF60CB14872-LeaderElection187 got exception when requesting votes: java.util.concurrent.ExecutionException: org.apache.ratis.thirdparty.io.grpc.StatusRuntimeException: UNAVAILABLE: io exception
2025-10-10 10:39:33,866 [aa9634f0-8836-44d6-bc05-5b19fbdd93d5@group-6EF60CB14872-LeaderElection187] INFO  impl.LeaderElection (LogUtils.java:infoOrTrace(142)) - aa9634f0-8836-44d6-bc05-5b19fbdd93d5@group-6EF60CB14872-LeaderElection187 got exception when requesting votes: java.util.concurrent.ExecutionException: org.apache.ratis.thirdparty.io.grpc.StatusRuntimeException: UNAVAILABLE: io exception
2025-10-10 10:39:33,866 [aa9634f0-8836-44d6-bc05-5b19fbdd93d5@group-6EF60CB14872-LeaderElection187] INFO  impl.LeaderElection (LeaderElection.java:logAndReturn(206)) - aa9634f0-8836-44d6-bc05-5b19fbdd93d5@group-6EF60CB14872-LeaderElection187: PRE_VOTE REJECTED received 0 response(s) and 2 exception(s):
2025-10-10 10:39:33,866 [aa9634f0-8836-44d6-bc05-5b19fbdd93d5@group-6EF60CB14872-LeaderElection187] INFO  impl.LeaderElection (LogUtils.java:infoOrTrace(142)) -   Exception 0: java.util.concurrent.ExecutionException: org.apache.ratis.thirdparty.io.grpc.StatusRuntimeException: UNAVAILABLE: io exception
2025-10-10 10:39:33,866 [aa9634f0-8836-44d6-bc05-5b19fbdd93d5@group-6EF60CB14872-LeaderElection187] INFO  impl.LeaderElection (LogUtils.java:infoOrTrace(142)) -   Exception 1: java.util.concurrent.ExecutionException: org.apache.ratis.thirdparty.io.grpc.StatusRuntimeException: UNAVAILABLE: io exception
2025-10-10 10:39:33,866 [aa9634f0-8836-44d6-bc05-5b19fbdd93d5@group-6EF60CB14872-LeaderElection187] INFO  impl.LeaderElection (LeaderElection.java:askForVotes(450)) - aa9634f0-8836-44d6-bc05-5b19fbdd93d5@group-6EF60CB14872-LeaderElection187 PRE_VOTE round 0: result REJECTED
2025-10-10 10:39:33,866 [aa9634f0-8836-44d6-bc05-5b19fbdd93d5@group-6EF60CB14872-LeaderElection187] INFO  server.RaftServer$Division (RaftServerImpl.java:setRole(392)) - aa9634f0-8836-44d6-bc05-5b19fbdd93d5@group-6EF60CB14872: changes role from CANDIDATE to FOLLOWER at term 2 for REJECTED
2025-10-10 10:39:33,866 [aa9634f0-8836-44d6-bc05-5b19fbdd93d5@group-6EF60CB14872-LeaderElection187] INFO  impl.RoleInfo (RoleInfo.java:shutdownLeaderElection(141)) - aa9634f0-8836-44d6-bc05-5b19fbdd93d5: shutdown aa9634f0-8836-44d6-bc05-5b19fbdd93d5@group-6EF60CB14872-LeaderElection187
2025-10-10 10:39:33,866 [aa9634f0-8836-44d6-bc05-5b19fbdd93d5@group-6EF60CB14872-LeaderElection187] INFO  impl.RoleInfo (RoleInfo.java:updateAndGet(148)) - aa9634f0-8836-44d6-bc05-5b19fbdd93d5: start aa9634f0-8836-44d6-bc05-5b19fbdd93d5@group-6EF60CB14872-FollowerState
2025-10-10 10:39:34,986 [aa9634f0-8836-44d6-bc05-5b19fbdd93d5@group-813C05265458-FollowerState] INFO  impl.FollowerState (FollowerState.java:runImpl(161)) - aa9634f0-8836-44d6-bc05-5b19fbdd93d5@group-813C05265458-FollowerState: change to CANDIDATE, lastRpcElapsedTime:1190415524ns, electionTimeout:1190ms
2025-10-10 10:39:34,986 [aa9634f0-8836-44d6-bc05-5b19fbdd93d5@group-813C05265458-FollowerState] INFO  impl.RoleInfo (RoleInfo.java:shutdownFollowerState(121)) - aa9634f0-8836-44d6-bc05-5b19fbdd93d5: shutdown aa9634f0-8836-44d6-bc05-5b19fbdd93d5@group-813C05265458-FollowerState
2025-10-10 10:39:34,987 [aa9634f0-8836-44d6-bc05-5b19fbdd93d5@group-813C05265458-FollowerState] INFO  server.RaftServer$Division (RaftServerImpl.java:setRole(392)) - aa9634f0-8836-44d6-bc05-5b19fbdd93d5@group-813C05265458: changes role from  FOLLOWER to CANDIDATE at term 1 for changeToCandidate
2025-10-10 10:39:34,987 [aa9634f0-8836-44d6-bc05-5b19fbdd93d5@group-813C05265458-FollowerState] INFO  impl.RoleInfo (RoleInfo.java:updateAndGet(148)) - aa9634f0-8836-44d6-bc05-5b19fbdd93d5: start aa9634f0-8836-44d6-bc05-5b19fbdd93d5@group-813C05265458-LeaderElection188
2025-10-10 10:39:34,987 [aa9634f0-8836-44d6-bc05-5b19fbdd93d5@group-813C05265458-LeaderElection188] INFO  impl.LeaderElection (LeaderElection.java:askForVotes(448)) - aa9634f0-8836-44d6-bc05-5b19fbdd93d5@group-813C05265458-LeaderElection188 PRE_VOTE round 0: submit vote requests at term 1 for conf: {index: 0, cur=peers:[aa9634f0-8836-44d6-bc05-5b19fbdd93d5|127.0.0.1:15063, 36185c6b-22ce-45d1-a622-3a6b487a5a53|127.0.0.1:15071, 895d447a-5476-42e4-b2fa-6eb687701d46|127.0.0.1:15079]|listeners:[], old=null}
2025-10-10 10:39:34,987 [aa9634f0-8836-44d6-bc05-5b19fbdd93d5@group-813C05265458-LeaderElection188] INFO  impl.LeaderElection (LogUtils.java:infoOrTrace(142)) - aa9634f0-8836-44d6-bc05-5b19fbdd93d5@group-813C05265458-LeaderElection188 got exception when requesting votes: java.util.concurrent.ExecutionException: org.apache.ratis.thirdparty.io.grpc.StatusRuntimeException: UNAVAILABLE: io exception
2025-10-10 10:39:34,988 [aa9634f0-8836-44d6-bc05-5b19fbdd93d5@group-813C05265458-LeaderElection188] INFO  impl.LeaderElection (LogUtils.java:infoOrTrace(142)) - aa9634f0-8836-44d6-bc05-5b19fbdd93d5@group-813C05265458-LeaderElection188 got exception when requesting votes: java.util.concurrent.ExecutionException: org.apache.ratis.thirdparty.io.grpc.StatusRuntimeException: UNAVAILABLE: io exception
2025-10-10 10:39:34,988 [aa9634f0-8836-44d6-bc05-5b19fbdd93d5@group-813C05265458-LeaderElection188] INFO  impl.LeaderElection (LeaderElection.java:logAndReturn(206)) - aa9634f0-8836-44d6-bc05-5b19fbdd93d5@group-813C05265458-LeaderElection188: PRE_VOTE REJECTED received 0 response(s) and 2 exception(s):
2025-10-10 10:39:34,988 [aa9634f0-8836-44d6-bc05-5b19fbdd93d5@group-813C05265458-LeaderElection188] INFO  impl.LeaderElection (LogUtils.java:infoOrTrace(142)) -   Exception 0: java.util.concurrent.ExecutionException: org.apache.ratis.thirdparty.io.grpc.StatusRuntimeException: UNAVAILABLE: io exception
2025-10-10 10:39:34,988 [aa9634f0-8836-44d6-bc05-5b19fbdd93d5@group-813C05265458-LeaderElection188] INFO  impl.LeaderElection (LogUtils.java:infoOrTrace(142)) -   Exception 1: java.util.concurrent.ExecutionException: org.apache.ratis.thirdparty.io.grpc.StatusRuntimeException: UNAVAILABLE: io exception
2025-10-10 10:39:34,988 [aa9634f0-8836-44d6-bc05-5b19fbdd93d5@group-813C05265458-LeaderElection188] INFO  impl.LeaderElection (LeaderElection.java:askForVotes(450)) - aa9634f0-8836-44d6-bc05-5b19fbdd93d5@group-813C05265458-LeaderElection188 PRE_VOTE round 0: result REJECTED
2025-10-10 10:39:34,988 [aa9634f0-8836-44d6-bc05-5b19fbdd93d5@group-813C05265458-LeaderElection188] INFO  server.RaftServer$Division (RaftServerImpl.java:setRole(392)) - aa9634f0-8836-44d6-bc05-5b19fbdd93d5@group-813C05265458: changes role from CANDIDATE to FOLLOWER at term 1 for REJECTED
2025-10-10 10:39:34,988 [aa9634f0-8836-44d6-bc05-5b19fbdd93d5@group-813C05265458-LeaderElection188] INFO  impl.RoleInfo (RoleInfo.java:shutdownLeaderElection(141)) - aa9634f0-8836-44d6-bc05-5b19fbdd93d5: shutdown aa9634f0-8836-44d6-bc05-5b19fbdd93d5@group-813C05265458-LeaderElection188
2025-10-10 10:39:34,988 [aa9634f0-8836-44d6-bc05-5b19fbdd93d5@group-813C05265458-LeaderElection188] INFO  impl.RoleInfo (RoleInfo.java:updateAndGet(148)) - aa9634f0-8836-44d6-bc05-5b19fbdd93d5: start aa9634f0-8836-44d6-bc05-5b19fbdd93d5@group-813C05265458-FollowerState
2025-10-10 10:39:35,008 [aa9634f0-8836-44d6-bc05-5b19fbdd93d5@group-6EF60CB14872-FollowerState] INFO  impl.FollowerState (FollowerState.java:runImpl(161)) - aa9634f0-8836-44d6-bc05-5b19fbdd93d5@group-6EF60CB14872-FollowerState: change to CANDIDATE, lastRpcElapsedTime:1142348598ns, electionTimeout:1142ms
2025-10-10 10:39:35,008 [aa9634f0-8836-44d6-bc05-5b19fbdd93d5@group-6EF60CB14872-FollowerState] INFO  impl.RoleInfo (RoleInfo.java:shutdownFollowerState(121)) - aa9634f0-8836-44d6-bc05-5b19fbdd93d5: shutdown aa9634f0-8836-44d6-bc05-5b19fbdd93d5@group-6EF60CB14872-FollowerState
2025-10-10 10:39:35,008 [aa9634f0-8836-44d6-bc05-5b19fbdd93d5@group-6EF60CB14872-FollowerState] INFO  server.RaftServer$Division (RaftServerImpl.java:setRole(392)) - aa9634f0-8836-44d6-bc05-5b19fbdd93d5@group-6EF60CB14872: changes role from  FOLLOWER to CANDIDATE at term 2 for changeToCandidate
2025-10-10 10:39:35,008 [aa9634f0-8836-44d6-bc05-5b19fbdd93d5@group-6EF60CB14872-FollowerState] INFO  impl.RoleInfo (RoleInfo.java:updateAndGet(148)) - aa9634f0-8836-44d6-bc05-5b19fbdd93d5: start aa9634f0-8836-44d6-bc05-5b19fbdd93d5@group-6EF60CB14872-LeaderElection189
2025-10-10 10:39:35,009 [aa9634f0-8836-44d6-bc05-5b19fbdd93d5@group-6EF60CB14872-LeaderElection189] INFO  impl.LeaderElection (LeaderElection.java:askForVotes(448)) - aa9634f0-8836-44d6-bc05-5b19fbdd93d5@group-6EF60CB14872-LeaderElection189 PRE_VOTE round 0: submit vote requests at term 2 for conf: {index: 7, cur=peers:[aa9634f0-8836-44d6-bc05-5b19fbdd93d5|127.0.0.1:15063, 36185c6b-22ce-45d1-a622-3a6b487a5a53|127.0.0.1:15071, 895d447a-5476-42e4-b2fa-6eb687701d46|127.0.0.1:15079]|listeners:[], old=null}
2025-10-10 10:39:35,009 [aa9634f0-8836-44d6-bc05-5b19fbdd93d5@group-6EF60CB14872-LeaderElection189] INFO  impl.LeaderElection (LogUtils.java:infoOrTrace(142)) - aa9634f0-8836-44d6-bc05-5b19fbdd93d5@group-6EF60CB14872-LeaderElection189 got exception when requesting votes: java.util.concurrent.ExecutionException: org.apache.ratis.thirdparty.io.grpc.StatusRuntimeException: UNAVAILABLE: io exception
2025-10-10 10:39:35,009 [aa9634f0-8836-44d6-bc05-5b19fbdd93d5@group-6EF60CB14872-LeaderElection189] INFO  impl.LeaderElection (LogUtils.java:infoOrTrace(142)) - aa9634f0-8836-44d6-bc05-5b19fbdd93d5@group-6EF60CB14872-LeaderElection189 got exception when requesting votes: java.util.concurrent.ExecutionException: org.apache.ratis.thirdparty.io.grpc.StatusRuntimeException: UNAVAILABLE: io exception
2025-10-10 10:39:35,009 [aa9634f0-8836-44d6-bc05-5b19fbdd93d5@group-6EF60CB14872-LeaderElection189] INFO  impl.LeaderElection (LeaderElection.java:logAndReturn(206)) - aa9634f0-8836-44d6-bc05-5b19fbdd93d5@group-6EF60CB14872-LeaderElection189: PRE_VOTE REJECTED received 0 response(s) and 2 exception(s):
2025-10-10 10:39:35,009 [aa9634f0-8836-44d6-bc05-5b19fbdd93d5@group-6EF60CB14872-LeaderElection189] INFO  impl.LeaderElection (LogUtils.java:infoOrTrace(142)) -   Exception 0: java.util.concurrent.ExecutionException: org.apache.ratis.thirdparty.io.grpc.StatusRuntimeException: UNAVAILABLE: io exception
2025-10-10 10:39:35,009 [aa9634f0-8836-44d6-bc05-5b19fbdd93d5@group-6EF60CB14872-LeaderElection189] INFO  impl.LeaderElection (LogUtils.java:infoOrTrace(142)) -   Exception 1: java.util.concurrent.ExecutionException: org.apache.ratis.thirdparty.io.grpc.StatusRuntimeException: UNAVAILABLE: io exception
2025-10-10 10:39:35,009 [aa9634f0-8836-44d6-bc05-5b19fbdd93d5@group-6EF60CB14872-LeaderElection189] INFO  impl.LeaderElection (LeaderElection.java:askForVotes(450)) - aa9634f0-8836-44d6-bc05-5b19fbdd93d5@group-6EF60CB14872-LeaderElection189 PRE_VOTE round 0: result REJECTED
2025-10-10 10:39:35,009 [aa9634f0-8836-44d6-bc05-5b19fbdd93d5@group-6EF60CB14872-LeaderElection189] INFO  server.RaftServer$Division (RaftServerImpl.java:setRole(392)) - aa9634f0-8836-44d6-bc05-5b19fbdd93d5@group-6EF60CB14872: changes role from CANDIDATE to FOLLOWER at term 2 for REJECTED
2025-10-10 10:39:35,009 [aa9634f0-8836-44d6-bc05-5b19fbdd93d5@group-6EF60CB14872-LeaderElection189] INFO  impl.RoleInfo (RoleInfo.java:shutdownLeaderElection(141)) - aa9634f0-8836-44d6-bc05-5b19fbdd93d5: shutdown aa9634f0-8836-44d6-bc05-5b19fbdd93d5@group-6EF60CB14872-LeaderElection189
2025-10-10 10:39:35,009 [aa9634f0-8836-44d6-bc05-5b19fbdd93d5@group-6EF60CB14872-LeaderElection189] INFO  impl.RoleInfo (RoleInfo.java:updateAndGet(148)) - aa9634f0-8836-44d6-bc05-5b19fbdd93d5: start aa9634f0-8836-44d6-bc05-5b19fbdd93d5@group-6EF60CB14872-FollowerState
2025-10-10 10:39:36,026 [aa9634f0-8836-44d6-bc05-5b19fbdd93d5@group-813C05265458-FollowerState] INFO  impl.FollowerState (FollowerState.java:runImpl(161)) - aa9634f0-8836-44d6-bc05-5b19fbdd93d5@group-813C05265458-FollowerState: change to CANDIDATE, lastRpcElapsedTime:1038314670ns, electionTimeout:1038ms
2025-10-10 10:39:36,027 [aa9634f0-8836-44d6-bc05-5b19fbdd93d5@group-813C05265458-FollowerState] INFO  impl.RoleInfo (RoleInfo.java:shutdownFollowerState(121)) - aa9634f0-8836-44d6-bc05-5b19fbdd93d5: shutdown aa9634f0-8836-44d6-bc05-5b19fbdd93d5@group-813C05265458-FollowerState
2025-10-10 10:39:36,027 [aa9634f0-8836-44d6-bc05-5b19fbdd93d5@group-813C05265458-FollowerState] INFO  server.RaftServer$Division (RaftServerImpl.java:setRole(392)) - aa9634f0-8836-44d6-bc05-5b19fbdd93d5@group-813C05265458: changes role from  FOLLOWER to CANDIDATE at term 1 for changeToCandidate
2025-10-10 10:39:36,027 [aa9634f0-8836-44d6-bc05-5b19fbdd93d5@group-813C05265458-FollowerState] INFO  impl.RoleInfo (RoleInfo.java:updateAndGet(148)) - aa9634f0-8836-44d6-bc05-5b19fbdd93d5: start aa9634f0-8836-44d6-bc05-5b19fbdd93d5@group-813C05265458-LeaderElection190
2025-10-10 10:39:36,027 [aa9634f0-8836-44d6-bc05-5b19fbdd93d5@group-813C05265458-LeaderElection190] INFO  impl.LeaderElection (LeaderElection.java:askForVotes(448)) - aa9634f0-8836-44d6-bc05-5b19fbdd93d5@group-813C05265458-LeaderElection190 PRE_VOTE round 0: submit vote requests at term 1 for conf: {index: 0, cur=peers:[aa9634f0-8836-44d6-bc05-5b19fbdd93d5|127.0.0.1:15063, 36185c6b-22ce-45d1-a622-3a6b487a5a53|127.0.0.1:15071, 895d447a-5476-42e4-b2fa-6eb687701d46|127.0.0.1:15079]|listeners:[], old=null}
2025-10-10 10:39:36,027 [aa9634f0-8836-44d6-bc05-5b19fbdd93d5@group-813C05265458-LeaderElection190] INFO  impl.LeaderElection (LogUtils.java:infoOrTrace(142)) - aa9634f0-8836-44d6-bc05-5b19fbdd93d5@group-813C05265458-LeaderElection190 got exception when requesting votes: java.util.concurrent.ExecutionException: org.apache.ratis.thirdparty.io.grpc.StatusRuntimeException: UNAVAILABLE: io exception
2025-10-10 10:39:36,028 [aa9634f0-8836-44d6-bc05-5b19fbdd93d5@group-813C05265458-LeaderElection190] INFO  impl.LeaderElection (LogUtils.java:infoOrTrace(142)) - aa9634f0-8836-44d6-bc05-5b19fbdd93d5@group-813C05265458-LeaderElection190 got exception when requesting votes: java.util.concurrent.ExecutionException: org.apache.ratis.thirdparty.io.grpc.StatusRuntimeException: UNAVAILABLE: io exception
2025-10-10 10:39:36,028 [aa9634f0-8836-44d6-bc05-5b19fbdd93d5@group-813C05265458-LeaderElection190] INFO  impl.LeaderElection (LeaderElection.java:logAndReturn(206)) - aa9634f0-8836-44d6-bc05-5b19fbdd93d5@group-813C05265458-LeaderElection190: PRE_VOTE REJECTED received 0 response(s) and 2 exception(s):
2025-10-10 10:39:36,028 [aa9634f0-8836-44d6-bc05-5b19fbdd93d5@group-813C05265458-LeaderElection190] INFO  impl.LeaderElection (LogUtils.java:infoOrTrace(142)) -   Exception 0: java.util.concurrent.ExecutionException: org.apache.ratis.thirdparty.io.grpc.StatusRuntimeException: UNAVAILABLE: io exception
2025-10-10 10:39:36,028 [aa9634f0-8836-44d6-bc05-5b19fbdd93d5@group-813C05265458-LeaderElection190] INFO  impl.LeaderElection (LogUtils.java:infoOrTrace(142)) -   Exception 1: java.util.concurrent.ExecutionException: org.apache.ratis.thirdparty.io.grpc.StatusRuntimeException: UNAVAILABLE: io exception
2025-10-10 10:39:36,028 [aa9634f0-8836-44d6-bc05-5b19fbdd93d5@group-813C05265458-LeaderElection190] INFO  impl.LeaderElection (LeaderElection.java:askForVotes(450)) - aa9634f0-8836-44d6-bc05-5b19fbdd93d5@group-813C05265458-LeaderElection190 PRE_VOTE round 0: result REJECTED
2025-10-10 10:39:36,028 [aa9634f0-8836-44d6-bc05-5b19fbdd93d5@group-813C05265458-LeaderElection190] INFO  server.RaftServer$Division (RaftServerImpl.java:setRole(392)) - aa9634f0-8836-44d6-bc05-5b19fbdd93d5@group-813C05265458: changes role from CANDIDATE to FOLLOWER at term 1 for REJECTED
2025-10-10 10:39:36,028 [aa9634f0-8836-44d6-bc05-5b19fbdd93d5@group-813C05265458-LeaderElection190] INFO  impl.RoleInfo (RoleInfo.java:shutdownLeaderElection(141)) - aa9634f0-8836-44d6-bc05-5b19fbdd93d5: shutdown aa9634f0-8836-44d6-bc05-5b19fbdd93d5@group-813C05265458-LeaderElection190
2025-10-10 10:39:36,028 [aa9634f0-8836-44d6-bc05-5b19fbdd93d5@group-813C05265458-LeaderElection190] INFO  impl.RoleInfo (RoleInfo.java:updateAndGet(148)) - aa9634f0-8836-44d6-bc05-5b19fbdd93d5: start aa9634f0-8836-44d6-bc05-5b19fbdd93d5@group-813C05265458-FollowerState
2025-10-10 10:39:36,127 [aa9634f0-8836-44d6-bc05-5b19fbdd93d5@group-6EF60CB14872-FollowerState] INFO  impl.FollowerState (FollowerState.java:runImpl(161)) - aa9634f0-8836-44d6-bc05-5b19fbdd93d5@group-6EF60CB14872-FollowerState: change to CANDIDATE, lastRpcElapsedTime:1117413877ns, electionTimeout:1117ms
2025-10-10 10:39:36,127 [aa9634f0-8836-44d6-bc05-5b19fbdd93d5@group-6EF60CB14872-FollowerState] INFO  impl.RoleInfo (RoleInfo.java:shutdownFollowerState(121)) - aa9634f0-8836-44d6-bc05-5b19fbdd93d5: shutdown aa9634f0-8836-44d6-bc05-5b19fbdd93d5@group-6EF60CB14872-FollowerState
2025-10-10 10:39:36,127 [aa9634f0-8836-44d6-bc05-5b19fbdd93d5@group-6EF60CB14872-FollowerState] INFO  server.RaftServer$Division (RaftServerImpl.java:setRole(392)) - aa9634f0-8836-44d6-bc05-5b19fbdd93d5@group-6EF60CB14872: changes role from  FOLLOWER to CANDIDATE at term 2 for changeToCandidate
2025-10-10 10:39:36,127 [aa9634f0-8836-44d6-bc05-5b19fbdd93d5@group-6EF60CB14872-FollowerState] INFO  impl.RoleInfo (RoleInfo.java:updateAndGet(148)) - aa9634f0-8836-44d6-bc05-5b19fbdd93d5: start aa9634f0-8836-44d6-bc05-5b19fbdd93d5@group-6EF60CB14872-LeaderElection191
2025-10-10 10:39:36,127 [aa9634f0-8836-44d6-bc05-5b19fbdd93d5@group-6EF60CB14872-LeaderElection191] INFO  impl.LeaderElection (LeaderElection.java:askForVotes(448)) - aa9634f0-8836-44d6-bc05-5b19fbdd93d5@group-6EF60CB14872-LeaderElection191 PRE_VOTE round 0: submit vote requests at term 2 for conf: {index: 7, cur=peers:[aa9634f0-8836-44d6-bc05-5b19fbdd93d5|127.0.0.1:15063, 36185c6b-22ce-45d1-a622-3a6b487a5a53|127.0.0.1:15071, 895d447a-5476-42e4-b2fa-6eb687701d46|127.0.0.1:15079]|listeners:[], old=null}
2025-10-10 10:39:36,128 [aa9634f0-8836-44d6-bc05-5b19fbdd93d5@group-6EF60CB14872-LeaderElection191] INFO  impl.LeaderElection (LogUtils.java:infoOrTrace(142)) - aa9634f0-8836-44d6-bc05-5b19fbdd93d5@group-6EF60CB14872-LeaderElection191 got exception when requesting votes: java.util.concurrent.ExecutionException: org.apache.ratis.thirdparty.io.grpc.StatusRuntimeException: UNAVAILABLE: io exception
2025-10-10 10:39:36,128 [aa9634f0-8836-44d6-bc05-5b19fbdd93d5@group-6EF60CB14872-LeaderElection191] INFO  impl.LeaderElection (LogUtils.java:infoOrTrace(142)) - aa9634f0-8836-44d6-bc05-5b19fbdd93d5@group-6EF60CB14872-LeaderElection191 got exception when requesting votes: java.util.concurrent.ExecutionException: org.apache.ratis.thirdparty.io.grpc.StatusRuntimeException: UNAVAILABLE: io exception
2025-10-10 10:39:36,128 [aa9634f0-8836-44d6-bc05-5b19fbdd93d5@group-6EF60CB14872-LeaderElection191] INFO  impl.LeaderElection (LeaderElection.java:logAndReturn(206)) - aa9634f0-8836-44d6-bc05-5b19fbdd93d5@group-6EF60CB14872-LeaderElection191: PRE_VOTE REJECTED received 0 response(s) and 2 exception(s):
2025-10-10 10:39:36,128 [aa9634f0-8836-44d6-bc05-5b19fbdd93d5@group-6EF60CB14872-LeaderElection191] INFO  impl.LeaderElection (LogUtils.java:infoOrTrace(142)) -   Exception 0: java.util.concurrent.ExecutionException: org.apache.ratis.thirdparty.io.grpc.StatusRuntimeException: UNAVAILABLE: io exception
2025-10-10 10:39:36,128 [aa9634f0-8836-44d6-bc05-5b19fbdd93d5@group-6EF60CB14872-LeaderElection191] INFO  impl.LeaderElection (LogUtils.java:infoOrTrace(142)) -   Exception 1: java.util.concurrent.ExecutionException: org.apache.ratis.thirdparty.io.grpc.StatusRuntimeException: UNAVAILABLE: io exception
2025-10-10 10:39:36,128 [aa9634f0-8836-44d6-bc05-5b19fbdd93d5@group-6EF60CB14872-LeaderElection191] INFO  impl.LeaderElection (LeaderElection.java:askForVotes(450)) - aa9634f0-8836-44d6-bc05-5b19fbdd93d5@group-6EF60CB14872-LeaderElection191 PRE_VOTE round 0: result REJECTED
2025-10-10 10:39:36,128 [aa9634f0-8836-44d6-bc05-5b19fbdd93d5@group-6EF60CB14872-LeaderElection191] INFO  server.RaftServer$Division (RaftServerImpl.java:setRole(392)) - aa9634f0-8836-44d6-bc05-5b19fbdd93d5@group-6EF60CB14872: changes role from CANDIDATE to FOLLOWER at term 2 for REJECTED
2025-10-10 10:39:36,128 [aa9634f0-8836-44d6-bc05-5b19fbdd93d5@group-6EF60CB14872-LeaderElection191] INFO  impl.RoleInfo (RoleInfo.java:shutdownLeaderElection(141)) - aa9634f0-8836-44d6-bc05-5b19fbdd93d5: shutdown aa9634f0-8836-44d6-bc05-5b19fbdd93d5@group-6EF60CB14872-LeaderElection191
2025-10-10 10:39:36,128 [aa9634f0-8836-44d6-bc05-5b19fbdd93d5@group-6EF60CB14872-LeaderElection191] INFO  impl.RoleInfo (RoleInfo.java:updateAndGet(148)) - aa9634f0-8836-44d6-bc05-5b19fbdd93d5: start aa9634f0-8836-44d6-bc05-5b19fbdd93d5@group-6EF60CB14872-FollowerState
2025-10-10 10:39:37,191 [aa9634f0-8836-44d6-bc05-5b19fbdd93d5@group-813C05265458-FollowerState] INFO  impl.FollowerState (FollowerState.java:runImpl(161)) - aa9634f0-8836-44d6-bc05-5b19fbdd93d5@group-813C05265458-FollowerState: change to CANDIDATE, lastRpcElapsedTime:1163463867ns, electionTimeout:1163ms
2025-10-10 10:39:37,191 [aa9634f0-8836-44d6-bc05-5b19fbdd93d5@group-813C05265458-FollowerState] INFO  impl.RoleInfo (RoleInfo.java:shutdownFollowerState(121)) - aa9634f0-8836-44d6-bc05-5b19fbdd93d5: shutdown aa9634f0-8836-44d6-bc05-5b19fbdd93d5@group-813C05265458-FollowerState
2025-10-10 10:39:37,191 [aa9634f0-8836-44d6-bc05-5b19fbdd93d5@group-813C05265458-FollowerState] INFO  server.RaftServer$Division (RaftServerImpl.java:setRole(392)) - aa9634f0-8836-44d6-bc05-5b19fbdd93d5@group-813C05265458: changes role from  FOLLOWER to CANDIDATE at term 1 for changeToCandidate
2025-10-10 10:39:37,192 [aa9634f0-8836-44d6-bc05-5b19fbdd93d5@group-813C05265458-FollowerState] INFO  impl.RoleInfo (RoleInfo.java:updateAndGet(148)) - aa9634f0-8836-44d6-bc05-5b19fbdd93d5: start aa9634f0-8836-44d6-bc05-5b19fbdd93d5@group-813C05265458-LeaderElection192
2025-10-10 10:39:37,192 [aa9634f0-8836-44d6-bc05-5b19fbdd93d5@group-813C05265458-LeaderElection192] INFO  impl.LeaderElection (LeaderElection.java:askForVotes(448)) - aa9634f0-8836-44d6-bc05-5b19fbdd93d5@group-813C05265458-LeaderElection192 PRE_VOTE round 0: submit vote requests at term 1 for conf: {index: 0, cur=peers:[aa9634f0-8836-44d6-bc05-5b19fbdd93d5|127.0.0.1:15063, 36185c6b-22ce-45d1-a622-3a6b487a5a53|127.0.0.1:15071, 895d447a-5476-42e4-b2fa-6eb687701d46|127.0.0.1:15079]|listeners:[], old=null}
2025-10-10 10:39:37,192 [aa9634f0-8836-44d6-bc05-5b19fbdd93d5@group-813C05265458-LeaderElection192] INFO  impl.LeaderElection (LogUtils.java:infoOrTrace(142)) - aa9634f0-8836-44d6-bc05-5b19fbdd93d5@group-813C05265458-LeaderElection192 got exception when requesting votes: java.util.concurrent.ExecutionException: org.apache.ratis.thirdparty.io.grpc.StatusRuntimeException: UNAVAILABLE: io exception
2025-10-10 10:39:37,192 [aa9634f0-8836-44d6-bc05-5b19fbdd93d5@group-813C05265458-LeaderElection192] INFO  impl.LeaderElection (LogUtils.java:infoOrTrace(142)) - aa9634f0-8836-44d6-bc05-5b19fbdd93d5@group-813C05265458-LeaderElection192 got exception when requesting votes: java.util.concurrent.ExecutionException: org.apache.ratis.thirdparty.io.grpc.StatusRuntimeException: UNAVAILABLE: io exception
2025-10-10 10:39:37,192 [aa9634f0-8836-44d6-bc05-5b19fbdd93d5@group-813C05265458-LeaderElection192] INFO  impl.LeaderElection (LeaderElection.java:logAndReturn(206)) - aa9634f0-8836-44d6-bc05-5b19fbdd93d5@group-813C05265458-LeaderElection192: PRE_VOTE REJECTED received 0 response(s) and 2 exception(s):
2025-10-10 10:39:37,192 [aa9634f0-8836-44d6-bc05-5b19fbdd93d5@group-813C05265458-LeaderElection192] INFO  impl.LeaderElection (LogUtils.java:infoOrTrace(142)) -   Exception 0: java.util.concurrent.ExecutionException: org.apache.ratis.thirdparty.io.grpc.StatusRuntimeException: UNAVAILABLE: io exception
2025-10-10 10:39:37,193 [aa9634f0-8836-44d6-bc05-5b19fbdd93d5@group-813C05265458-LeaderElection192] INFO  impl.LeaderElection (LogUtils.java:infoOrTrace(142)) -   Exception 1: java.util.concurrent.ExecutionException: org.apache.ratis.thirdparty.io.grpc.StatusRuntimeException: UNAVAILABLE: io exception
2025-10-10 10:39:37,193 [aa9634f0-8836-44d6-bc05-5b19fbdd93d5@group-813C05265458-LeaderElection192] INFO  impl.LeaderElection (LeaderElection.java:askForVotes(450)) - aa9634f0-8836-44d6-bc05-5b19fbdd93d5@group-813C05265458-LeaderElection192 PRE_VOTE round 0: result REJECTED
2025-10-10 10:39:37,193 [aa9634f0-8836-44d6-bc05-5b19fbdd93d5@group-813C05265458-LeaderElection192] INFO  server.RaftServer$Division (RaftServerImpl.java:setRole(392)) - aa9634f0-8836-44d6-bc05-5b19fbdd93d5@group-813C05265458: changes role from CANDIDATE to FOLLOWER at term 1 for REJECTED
2025-10-10 10:39:37,193 [aa9634f0-8836-44d6-bc05-5b19fbdd93d5@group-813C05265458-LeaderElection192] INFO  impl.RoleInfo (RoleInfo.java:shutdownLeaderElection(141)) - aa9634f0-8836-44d6-bc05-5b19fbdd93d5: shutdown aa9634f0-8836-44d6-bc05-5b19fbdd93d5@group-813C05265458-LeaderElection192
2025-10-10 10:39:37,193 [aa9634f0-8836-44d6-bc05-5b19fbdd93d5@group-813C05265458-LeaderElection192] INFO  impl.RoleInfo (RoleInfo.java:updateAndGet(148)) - aa9634f0-8836-44d6-bc05-5b19fbdd93d5: start aa9634f0-8836-44d6-bc05-5b19fbdd93d5@group-813C05265458-FollowerState
2025-10-10 10:39:37,193 [aa9634f0-8836-44d6-bc05-5b19fbdd93d5@group-6EF60CB14872-FollowerState] INFO  impl.FollowerState (FollowerState.java:runImpl(161)) - aa9634f0-8836-44d6-bc05-5b19fbdd93d5@group-6EF60CB14872-FollowerState: change to CANDIDATE, lastRpcElapsedTime:1065290072ns, electionTimeout:1065ms
2025-10-10 10:39:37,193 [aa9634f0-8836-44d6-bc05-5b19fbdd93d5@group-6EF60CB14872-FollowerState] INFO  impl.RoleInfo (RoleInfo.java:shutdownFollowerState(121)) - aa9634f0-8836-44d6-bc05-5b19fbdd93d5: shutdown aa9634f0-8836-44d6-bc05-5b19fbdd93d5@group-6EF60CB14872-FollowerState
2025-10-10 10:39:37,193 [aa9634f0-8836-44d6-bc05-5b19fbdd93d5@group-6EF60CB14872-FollowerState] INFO  server.RaftServer$Division (RaftServerImpl.java:setRole(392)) - aa9634f0-8836-44d6-bc05-5b19fbdd93d5@group-6EF60CB14872: changes role from  FOLLOWER to CANDIDATE at term 2 for changeToCandidate
2025-10-10 10:39:37,193 [aa9634f0-8836-44d6-bc05-5b19fbdd93d5@group-6EF60CB14872-FollowerState] INFO  impl.RoleInfo (RoleInfo.java:updateAndGet(148)) - aa9634f0-8836-44d6-bc05-5b19fbdd93d5: start aa9634f0-8836-44d6-bc05-5b19fbdd93d5@group-6EF60CB14872-LeaderElection193
2025-10-10 10:39:37,194 [aa9634f0-8836-44d6-bc05-5b19fbdd93d5@group-6EF60CB14872-LeaderElection193] INFO  impl.LeaderElection (LeaderElection.java:askForVotes(448)) - aa9634f0-8836-44d6-bc05-5b19fbdd93d5@group-6EF60CB14872-LeaderElection193 PRE_VOTE round 0: submit vote requests at term 2 for conf: {index: 7, cur=peers:[aa9634f0-8836-44d6-bc05-5b19fbdd93d5|127.0.0.1:15063, 36185c6b-22ce-45d1-a622-3a6b487a5a53|127.0.0.1:15071, 895d447a-5476-42e4-b2fa-6eb687701d46|127.0.0.1:15079]|listeners:[], old=null}
2025-10-10 10:39:37,194 [aa9634f0-8836-44d6-bc05-5b19fbdd93d5@group-6EF60CB14872-LeaderElection193] INFO  impl.LeaderElection (LogUtils.java:infoOrTrace(142)) - aa9634f0-8836-44d6-bc05-5b19fbdd93d5@group-6EF60CB14872-LeaderElection193 got exception when requesting votes: java.util.concurrent.ExecutionException: org.apache.ratis.thirdparty.io.grpc.StatusRuntimeException: UNAVAILABLE: io exception
2025-10-10 10:39:37,194 [aa9634f0-8836-44d6-bc05-5b19fbdd93d5@group-6EF60CB14872-LeaderElection193] INFO  impl.LeaderElection (LogUtils.java:infoOrTrace(142)) - aa9634f0-8836-44d6-bc05-5b19fbdd93d5@group-6EF60CB14872-LeaderElection193 got exception when requesting votes: java.util.concurrent.ExecutionException: org.apache.ratis.thirdparty.io.grpc.StatusRuntimeException: UNAVAILABLE: io exception
2025-10-10 10:39:37,194 [aa9634f0-8836-44d6-bc05-5b19fbdd93d5@group-6EF60CB14872-LeaderElection193] INFO  impl.LeaderElection (LeaderElection.java:logAndReturn(206)) - aa9634f0-8836-44d6-bc05-5b19fbdd93d5@group-6EF60CB14872-LeaderElection193: PRE_VOTE REJECTED received 0 response(s) and 2 exception(s):
2025-10-10 10:39:37,194 [aa9634f0-8836-44d6-bc05-5b19fbdd93d5@group-6EF60CB14872-LeaderElection193] INFO  impl.LeaderElection (LogUtils.java:infoOrTrace(142)) -   Exception 0: java.util.concurrent.ExecutionException: org.apache.ratis.thirdparty.io.grpc.StatusRuntimeException: UNAVAILABLE: io exception
2025-10-10 10:39:37,194 [aa9634f0-8836-44d6-bc05-5b19fbdd93d5@group-6EF60CB14872-LeaderElection193] INFO  impl.LeaderElection (LogUtils.java:infoOrTrace(142)) -   Exception 1: java.util.concurrent.ExecutionException: org.apache.ratis.thirdparty.io.grpc.StatusRuntimeException: UNAVAILABLE: io exception
2025-10-10 10:39:37,194 [aa9634f0-8836-44d6-bc05-5b19fbdd93d5@group-6EF60CB14872-LeaderElection193] INFO  impl.LeaderElection (LeaderElection.java:askForVotes(450)) - aa9634f0-8836-44d6-bc05-5b19fbdd93d5@group-6EF60CB14872-LeaderElection193 PRE_VOTE round 0: result REJECTED
2025-10-10 10:39:37,194 [aa9634f0-8836-44d6-bc05-5b19fbdd93d5@group-6EF60CB14872-LeaderElection193] INFO  server.RaftServer$Division (RaftServerImpl.java:setRole(392)) - aa9634f0-8836-44d6-bc05-5b19fbdd93d5@group-6EF60CB14872: changes role from CANDIDATE to FOLLOWER at term 2 for REJECTED
2025-10-10 10:39:37,194 [aa9634f0-8836-44d6-bc05-5b19fbdd93d5@group-6EF60CB14872-LeaderElection193] INFO  impl.RoleInfo (RoleInfo.java:shutdownLeaderElection(141)) - aa9634f0-8836-44d6-bc05-5b19fbdd93d5: shutdown aa9634f0-8836-44d6-bc05-5b19fbdd93d5@group-6EF60CB14872-LeaderElection193
2025-10-10 10:39:37,195 [aa9634f0-8836-44d6-bc05-5b19fbdd93d5@group-6EF60CB14872-LeaderElection193] INFO  impl.RoleInfo (RoleInfo.java:updateAndGet(148)) - aa9634f0-8836-44d6-bc05-5b19fbdd93d5: start aa9634f0-8836-44d6-bc05-5b19fbdd93d5@group-6EF60CB14872-FollowerState
2025-10-10 10:39:37,406 [8502da08-471d-490f-823d-1244cc2731b5-server-thread1] INFO  server.RaftServer$Division (RaftServerImpl.java:takeSnapshotAsync(1241)) - 8502da08-471d-490f-823d-1244cc2731b5@group-CD0A35B076EF: takeSnapshotAsync SnapshotManagementRequest:client-FA8B1AC3F97B->8502da08-471d-490f-823d-1244cc2731b5@group-CD0A35B076EF, cid=43, seq=null, RO, null, Create:
2025-10-10 10:39:37,406 [8502da08-471d-490f-823d-1244cc2731b5-server-thread1] INFO  server.RaftServerConfigKeys (ConfUtils.java:logGet(62)) - raft.server.snapshot.creation.gap = 1024 (default)
2025-10-10 10:39:38,323 [aa9634f0-8836-44d6-bc05-5b19fbdd93d5@group-6EF60CB14872-FollowerState] INFO  impl.FollowerState (FollowerState.java:runImpl(161)) - aa9634f0-8836-44d6-bc05-5b19fbdd93d5@group-6EF60CB14872-FollowerState: change to CANDIDATE, lastRpcElapsedTime:1128313505ns, electionTimeout:1128ms
2025-10-10 10:39:38,323 [aa9634f0-8836-44d6-bc05-5b19fbdd93d5@group-6EF60CB14872-FollowerState] INFO  impl.RoleInfo (RoleInfo.java:shutdownFollowerState(121)) - aa9634f0-8836-44d6-bc05-5b19fbdd93d5: shutdown aa9634f0-8836-44d6-bc05-5b19fbdd93d5@group-6EF60CB14872-FollowerState
2025-10-10 10:39:38,323 [aa9634f0-8836-44d6-bc05-5b19fbdd93d5@group-6EF60CB14872-FollowerState] INFO  server.RaftServer$Division (RaftServerImpl.java:setRole(392)) - aa9634f0-8836-44d6-bc05-5b19fbdd93d5@group-6EF60CB14872: changes role from  FOLLOWER to CANDIDATE at term 2 for changeToCandidate
2025-10-10 10:39:38,323 [aa9634f0-8836-44d6-bc05-5b19fbdd93d5@group-6EF60CB14872-FollowerState] INFO  impl.RoleInfo (RoleInfo.java:updateAndGet(148)) - aa9634f0-8836-44d6-bc05-5b19fbdd93d5: start aa9634f0-8836-44d6-bc05-5b19fbdd93d5@group-6EF60CB14872-LeaderElection194
2025-10-10 10:39:38,323 [aa9634f0-8836-44d6-bc05-5b19fbdd93d5@group-6EF60CB14872-LeaderElection194] INFO  impl.LeaderElection (LeaderElection.java:askForVotes(448)) - aa9634f0-8836-44d6-bc05-5b19fbdd93d5@group-6EF60CB14872-LeaderElection194 PRE_VOTE round 0: submit vote requests at term 2 for conf: {index: 7, cur=peers:[aa9634f0-8836-44d6-bc05-5b19fbdd93d5|127.0.0.1:15063, 36185c6b-22ce-45d1-a622-3a6b487a5a53|127.0.0.1:15071, 895d447a-5476-42e4-b2fa-6eb687701d46|127.0.0.1:15079]|listeners:[], old=null}
2025-10-10 10:39:38,324 [aa9634f0-8836-44d6-bc05-5b19fbdd93d5@group-6EF60CB14872-LeaderElection194] INFO  impl.LeaderElection (LogUtils.java:infoOrTrace(142)) - aa9634f0-8836-44d6-bc05-5b19fbdd93d5@group-6EF60CB14872-LeaderElection194 got exception when requesting votes: java.util.concurrent.ExecutionException: org.apache.ratis.thirdparty.io.grpc.StatusRuntimeException: UNAVAILABLE: io exception
2025-10-10 10:39:38,324 [aa9634f0-8836-44d6-bc05-5b19fbdd93d5@group-6EF60CB14872-LeaderElection194] INFO  impl.LeaderElection (LogUtils.java:infoOrTrace(142)) - aa9634f0-8836-44d6-bc05-5b19fbdd93d5@group-6EF60CB14872-LeaderElection194 got exception when requesting votes: java.util.concurrent.ExecutionException: org.apache.ratis.thirdparty.io.grpc.StatusRuntimeException: UNAVAILABLE: io exception
2025-10-10 10:39:38,324 [aa9634f0-8836-44d6-bc05-5b19fbdd93d5@group-6EF60CB14872-LeaderElection194] INFO  impl.LeaderElection (LeaderElection.java:logAndReturn(206)) - aa9634f0-8836-44d6-bc05-5b19fbdd93d5@group-6EF60CB14872-LeaderElection194: PRE_VOTE REJECTED received 0 response(s) and 2 exception(s):
2025-10-10 10:39:38,324 [aa9634f0-8836-44d6-bc05-5b19fbdd93d5@group-6EF60CB14872-LeaderElection194] INFO  impl.LeaderElection (LogUtils.java:infoOrTrace(142)) -   Exception 0: java.util.concurrent.ExecutionException: org.apache.ratis.thirdparty.io.grpc.StatusRuntimeException: UNAVAILABLE: io exception
2025-10-10 10:39:38,324 [aa9634f0-8836-44d6-bc05-5b19fbdd93d5@group-6EF60CB14872-LeaderElection194] INFO  impl.LeaderElection (LogUtils.java:infoOrTrace(142)) -   Exception 1: java.util.concurrent.ExecutionException: org.apache.ratis.thirdparty.io.grpc.StatusRuntimeException: UNAVAILABLE: io exception
2025-10-10 10:39:38,324 [aa9634f0-8836-44d6-bc05-5b19fbdd93d5@group-6EF60CB14872-LeaderElection194] INFO  impl.LeaderElection (LeaderElection.java:askForVotes(450)) - aa9634f0-8836-44d6-bc05-5b19fbdd93d5@group-6EF60CB14872-LeaderElection194 PRE_VOTE round 0: result REJECTED
2025-10-10 10:39:38,324 [aa9634f0-8836-44d6-bc05-5b19fbdd93d5@group-6EF60CB14872-LeaderElection194] INFO  server.RaftServer$Division (RaftServerImpl.java:setRole(392)) - aa9634f0-8836-44d6-bc05-5b19fbdd93d5@group-6EF60CB14872: changes role from CANDIDATE to FOLLOWER at term 2 for REJECTED
2025-10-10 10:39:38,324 [aa9634f0-8836-44d6-bc05-5b19fbdd93d5@group-6EF60CB14872-LeaderElection194] INFO  impl.RoleInfo (RoleInfo.java:shutdownLeaderElection(141)) - aa9634f0-8836-44d6-bc05-5b19fbdd93d5: shutdown aa9634f0-8836-44d6-bc05-5b19fbdd93d5@group-6EF60CB14872-LeaderElection194
2025-10-10 10:39:38,324 [aa9634f0-8836-44d6-bc05-5b19fbdd93d5@group-6EF60CB14872-LeaderElection194] INFO  impl.RoleInfo (RoleInfo.java:updateAndGet(148)) - aa9634f0-8836-44d6-bc05-5b19fbdd93d5: start aa9634f0-8836-44d6-bc05-5b19fbdd93d5@group-6EF60CB14872-FollowerState
2025-10-10 10:39:38,331 [aa9634f0-8836-44d6-bc05-5b19fbdd93d5@group-813C05265458-FollowerState] INFO  impl.FollowerState (FollowerState.java:runImpl(161)) - aa9634f0-8836-44d6-bc05-5b19fbdd93d5@group-813C05265458-FollowerState: change to CANDIDATE, lastRpcElapsedTime:1138301744ns, electionTimeout:1138ms
2025-10-10 10:39:38,331 [aa9634f0-8836-44d6-bc05-5b19fbdd93d5@group-813C05265458-FollowerState] INFO  impl.RoleInfo (RoleInfo.java:shutdownFollowerState(121)) - aa9634f0-8836-44d6-bc05-5b19fbdd93d5: shutdown aa9634f0-8836-44d6-bc05-5b19fbdd93d5@group-813C05265458-FollowerState
2025-10-10 10:39:38,331 [aa9634f0-8836-44d6-bc05-5b19fbdd93d5@group-813C05265458-FollowerState] INFO  server.RaftServer$Division (RaftServerImpl.java:setRole(392)) - aa9634f0-8836-44d6-bc05-5b19fbdd93d5@group-813C05265458: changes role from  FOLLOWER to CANDIDATE at term 1 for changeToCandidate
2025-10-10 10:39:38,331 [aa9634f0-8836-44d6-bc05-5b19fbdd93d5@group-813C05265458-FollowerState] INFO  impl.RoleInfo (RoleInfo.java:updateAndGet(148)) - aa9634f0-8836-44d6-bc05-5b19fbdd93d5: start aa9634f0-8836-44d6-bc05-5b19fbdd93d5@group-813C05265458-LeaderElection195
2025-10-10 10:39:38,331 [aa9634f0-8836-44d6-bc05-5b19fbdd93d5@group-813C05265458-LeaderElection195] INFO  impl.LeaderElection (LeaderElection.java:askForVotes(448)) - aa9634f0-8836-44d6-bc05-5b19fbdd93d5@group-813C05265458-LeaderElection195 PRE_VOTE round 0: submit vote requests at term 1 for conf: {index: 0, cur=peers:[aa9634f0-8836-44d6-bc05-5b19fbdd93d5|127.0.0.1:15063, 36185c6b-22ce-45d1-a622-3a6b487a5a53|127.0.0.1:15071, 895d447a-5476-42e4-b2fa-6eb687701d46|127.0.0.1:15079]|listeners:[], old=null}
2025-10-10 10:39:38,332 [aa9634f0-8836-44d6-bc05-5b19fbdd93d5@group-813C05265458-LeaderElection195] INFO  impl.LeaderElection (LogUtils.java:infoOrTrace(142)) - aa9634f0-8836-44d6-bc05-5b19fbdd93d5@group-813C05265458-LeaderElection195 got exception when requesting votes: java.util.concurrent.ExecutionException: org.apache.ratis.thirdparty.io.grpc.StatusRuntimeException: UNAVAILABLE: io exception
2025-10-10 10:39:38,332 [aa9634f0-8836-44d6-bc05-5b19fbdd93d5@group-813C05265458-LeaderElection195] INFO  impl.LeaderElection (LogUtils.java:infoOrTrace(142)) - aa9634f0-8836-44d6-bc05-5b19fbdd93d5@group-813C05265458-LeaderElection195 got exception when requesting votes: java.util.concurrent.ExecutionException: org.apache.ratis.thirdparty.io.grpc.StatusRuntimeException: UNAVAILABLE: io exception
2025-10-10 10:39:38,332 [aa9634f0-8836-44d6-bc05-5b19fbdd93d5@group-813C05265458-LeaderElection195] INFO  impl.LeaderElection (LeaderElection.java:logAndReturn(206)) - aa9634f0-8836-44d6-bc05-5b19fbdd93d5@group-813C05265458-LeaderElection195: PRE_VOTE REJECTED received 0 response(s) and 2 exception(s):
2025-10-10 10:39:38,332 [aa9634f0-8836-44d6-bc05-5b19fbdd93d5@group-813C05265458-LeaderElection195] INFO  impl.LeaderElection (LogUtils.java:infoOrTrace(142)) -   Exception 0: java.util.concurrent.ExecutionException: org.apache.ratis.thirdparty.io.grpc.StatusRuntimeException: UNAVAILABLE: io exception
2025-10-10 10:39:38,332 [aa9634f0-8836-44d6-bc05-5b19fbdd93d5@group-813C05265458-LeaderElection195] INFO  impl.LeaderElection (LogUtils.java:infoOrTrace(142)) -   Exception 1: java.util.concurrent.ExecutionException: org.apache.ratis.thirdparty.io.grpc.StatusRuntimeException: UNAVAILABLE: io exception
2025-10-10 10:39:38,332 [aa9634f0-8836-44d6-bc05-5b19fbdd93d5@group-813C05265458-LeaderElection195] INFO  impl.LeaderElection (LeaderElection.java:askForVotes(450)) - aa9634f0-8836-44d6-bc05-5b19fbdd93d5@group-813C05265458-LeaderElection195 PRE_VOTE round 0: result REJECTED
2025-10-10 10:39:38,332 [aa9634f0-8836-44d6-bc05-5b19fbdd93d5@group-813C05265458-LeaderElection195] INFO  server.RaftServer$Division (RaftServerImpl.java:setRole(392)) - aa9634f0-8836-44d6-bc05-5b19fbdd93d5@group-813C05265458: changes role from CANDIDATE to FOLLOWER at term 1 for REJECTED
2025-10-10 10:39:38,332 [aa9634f0-8836-44d6-bc05-5b19fbdd93d5@group-813C05265458-LeaderElection195] INFO  impl.RoleInfo (RoleInfo.java:shutdownLeaderElection(141)) - aa9634f0-8836-44d6-bc05-5b19fbdd93d5: shutdown aa9634f0-8836-44d6-bc05-5b19fbdd93d5@group-813C05265458-LeaderElection195
2025-10-10 10:39:38,332 [aa9634f0-8836-44d6-bc05-5b19fbdd93d5@group-813C05265458-LeaderElection195] INFO  impl.RoleInfo (RoleInfo.java:updateAndGet(148)) - aa9634f0-8836-44d6-bc05-5b19fbdd93d5: start aa9634f0-8836-44d6-bc05-5b19fbdd93d5@group-813C05265458-FollowerState
2025-10-10 10:39:38,583 [grpc-default-executor-8] ERROR impl.OrderedAsync (OrderedAsync.java:lambda$null$6(215)) -  client-917D4E751540: Failed* RaftClientRequest:client-917D4E751540->895d447a-5476-42e4-b2fa-6eb687701d46@group-6EF60CB14872, cid=48, seq=6*, RW, cmdType: WriteChunk traceID: "" containerID: 6 datanodeUuid: "36185c6b-22ce-45d1-a622-3a6b487a5a53" writeChunk { blockID { containerID: 6 localID: 115816896921600006 blockCommitSequenceId: 0 replicaIndex: 0 } chunkData { chunkName: "115816896921600006_chunk_1" offset: 0 len: 524288 } } version: 3, data.size=524288
java.util.concurrent.CompletionException: java.io.IOException: org.apache.ratis.thirdparty.io.grpc.StatusRuntimeException: UNAVAILABLE: io exception
	at java.base/java.util.concurrent.CompletableFuture.encodeThrowable(CompletableFuture.java:332)
	at java.base/java.util.concurrent.CompletableFuture.completeThrowable(CompletableFuture.java:347)
	at java.base/java.util.concurrent.CompletableFuture$UniAccept.tryFire(CompletableFuture.java:708)
	at java.base/java.util.concurrent.CompletableFuture.postComplete(CompletableFuture.java:510)
	at java.base/java.util.concurrent.CompletableFuture.completeExceptionally(CompletableFuture.java:2194)
	at org.apache.ratis.grpc.client.GrpcClientProtocolClient$AsyncStreamObservers.completeReplyExceptionally(GrpcClientProtocolClient.java:397)
	at org.apache.ratis.grpc.client.GrpcClientProtocolClient$AsyncStreamObservers.access$000(GrpcClientProtocolClient.java:303)
	at org.apache.ratis.grpc.client.GrpcClientProtocolClient$AsyncStreamObservers$1.onError(GrpcClientProtocolClient.java:334)
	at org.apache.ratis.thirdparty.io.grpc.stub.ClientCalls$StreamObserverToCallListenerAdapter.onClose(ClientCalls.java:564)
	at org.apache.ratis.thirdparty.io.grpc.PartialForwardingClientCallListener.onClose(PartialForwardingClientCallListener.java:39)
	at org.apache.ratis.thirdparty.io.grpc.ForwardingClientCallListener.onClose(ForwardingClientCallListener.java:23)
	at org.apache.ratis.grpc.metrics.intercept.client.MetricClientCallListener.onClose(MetricClientCallListener.java:47)
	at org.apache.ratis.thirdparty.io.grpc.internal.ClientCallImpl.closeObserver(ClientCallImpl.java:565)
	at org.apache.ratis.thirdparty.io.grpc.internal.ClientCallImpl.access$100(ClientCallImpl.java:72)
	at org.apache.ratis.thirdparty.io.grpc.internal.ClientCallImpl$ClientStreamListenerImpl$1StreamClosed.runInternal(ClientCallImpl.java:733)
	at org.apache.ratis.thirdparty.io.grpc.internal.ClientCallImpl$ClientStreamListenerImpl$1StreamClosed.runInContext(ClientCallImpl.java:714)
	at org.apache.ratis.thirdparty.io.grpc.internal.ContextRunnable.run(ContextRunnable.java:37)
	at org.apache.ratis.thirdparty.io.grpc.internal.SerializingExecutor.run(SerializingExecutor.java:133)
	at java.base/java.util.concurrent.ThreadPoolExecutor.runWorker(ThreadPoolExecutor.java:1144)
	at java.base/java.util.concurrent.ThreadPoolExecutor$Worker.run(ThreadPoolExecutor.java:642)
	at java.base/java.lang.Thread.run(Thread.java:1583)
Caused by: java.io.IOException: org.apache.ratis.thirdparty.io.grpc.StatusRuntimeException: UNAVAILABLE: io exception
	at org.apache.ratis.grpc.GrpcUtil.unwrapException(GrpcUtil.java:99)
	at org.apache.ratis.grpc.GrpcUtil.unwrapIOException(GrpcUtil.java:159)
	at org.apache.ratis.grpc.client.GrpcClientProtocolClient$AsyncStreamObservers$1.onError(GrpcClientProtocolClient.java:333)
	... 13 more
Caused by: org.apache.ratis.thirdparty.io.grpc.StatusRuntimeException: UNAVAILABLE: io exception
	at org.apache.ratis.thirdparty.io.grpc.Status.asRuntimeException(Status.java:532)
	... 13 more
Caused by: org.apache.ratis.thirdparty.io.netty.channel.AbstractChannel$AnnotatedConnectException: finishConnect(..) failed: Connection refused: /127.0.0.1:15077
Caused by: java.net.ConnectException: finishConnect(..) failed: Connection refused
	at org.apache.ratis.thirdparty.io.netty.channel.unix.Errors.newConnectException0(Errors.java:166)
	at org.apache.ratis.thirdparty.io.netty.channel.unix.Errors.handleConnectErrno(Errors.java:131)
	at org.apache.ratis.thirdparty.io.netty.channel.unix.Socket.finishConnect(Socket.java:359)
	at org.apache.ratis.thirdparty.io.netty.channel.epoll.AbstractEpollChannel$AbstractEpollUnsafe.doFinishConnect(AbstractEpollChannel.java:715)
	at org.apache.ratis.thirdparty.io.netty.channel.epoll.AbstractEpollChannel$AbstractEpollUnsafe.finishConnect(AbstractEpollChannel.java:692)
	at org.apache.ratis.thirdparty.io.netty.channel.epoll.AbstractEpollChannel$AbstractEpollUnsafe.epollOutReady(AbstractEpollChannel.java:567)
	at org.apache.ratis.thirdparty.io.netty.channel.epoll.EpollEventLoop.processReady(EpollEventLoop.java:491)
	at org.apache.ratis.thirdparty.io.netty.channel.epoll.EpollEventLoop.run(EpollEventLoop.java:399)
	at org.apache.ratis.thirdparty.io.netty.util.concurrent.SingleThreadEventExecutor$4.run(SingleThreadEventExecutor.java:998)
	at org.apache.ratis.thirdparty.io.netty.util.internal.ThreadExecutorMap$2.run(ThreadExecutorMap.java:74)
	at org.apache.ratis.thirdparty.io.netty.util.concurrent.FastThreadLocalRunnable.run(FastThreadLocalRunnable.java:30)
	at java.base/java.lang.Thread.run(Thread.java:1583)
2025-10-10 10:39:39,351 [aa9634f0-8836-44d6-bc05-5b19fbdd93d5@group-813C05265458-FollowerState] INFO  impl.FollowerState (FollowerState.java:runImpl(161)) - aa9634f0-8836-44d6-bc05-5b19fbdd93d5@group-813C05265458-FollowerState: change to CANDIDATE, lastRpcElapsedTime:1019290027ns, electionTimeout:1019ms
2025-10-10 10:39:39,351 [aa9634f0-8836-44d6-bc05-5b19fbdd93d5@group-813C05265458-FollowerState] INFO  impl.RoleInfo (RoleInfo.java:shutdownFollowerState(121)) - aa9634f0-8836-44d6-bc05-5b19fbdd93d5: shutdown aa9634f0-8836-44d6-bc05-5b19fbdd93d5@group-813C05265458-FollowerState
2025-10-10 10:39:39,352 [aa9634f0-8836-44d6-bc05-5b19fbdd93d5@group-813C05265458-FollowerState] INFO  server.RaftServer$Division (RaftServerImpl.java:setRole(392)) - aa9634f0-8836-44d6-bc05-5b19fbdd93d5@group-813C05265458: changes role from  FOLLOWER to CANDIDATE at term 1 for changeToCandidate
2025-10-10 10:39:39,352 [aa9634f0-8836-44d6-bc05-5b19fbdd93d5@group-813C05265458-FollowerState] INFO  impl.RoleInfo (RoleInfo.java:updateAndGet(148)) - aa9634f0-8836-44d6-bc05-5b19fbdd93d5: start aa9634f0-8836-44d6-bc05-5b19fbdd93d5@group-813C05265458-LeaderElection196
2025-10-10 10:39:39,352 [aa9634f0-8836-44d6-bc05-5b19fbdd93d5@group-813C05265458-LeaderElection196] INFO  impl.LeaderElection (LeaderElection.java:askForVotes(448)) - aa9634f0-8836-44d6-bc05-5b19fbdd93d5@group-813C05265458-LeaderElection196 PRE_VOTE round 0: submit vote requests at term 1 for conf: {index: 0, cur=peers:[aa9634f0-8836-44d6-bc05-5b19fbdd93d5|127.0.0.1:15063, 36185c6b-22ce-45d1-a622-3a6b487a5a53|127.0.0.1:15071, 895d447a-5476-42e4-b2fa-6eb687701d46|127.0.0.1:15079]|listeners:[], old=null}
2025-10-10 10:39:39,353 [aa9634f0-8836-44d6-bc05-5b19fbdd93d5@group-813C05265458-LeaderElection196] INFO  impl.LeaderElection (LogUtils.java:infoOrTrace(142)) - aa9634f0-8836-44d6-bc05-5b19fbdd93d5@group-813C05265458-LeaderElection196 got exception when requesting votes: java.util.concurrent.ExecutionException: org.apache.ratis.thirdparty.io.grpc.StatusRuntimeException: UNAVAILABLE: io exception
2025-10-10 10:39:39,353 [aa9634f0-8836-44d6-bc05-5b19fbdd93d5@group-813C05265458-LeaderElection196] INFO  impl.LeaderElection (LogUtils.java:infoOrTrace(142)) - aa9634f0-8836-44d6-bc05-5b19fbdd93d5@group-813C05265458-LeaderElection196 got exception when requesting votes: java.util.concurrent.ExecutionException: org.apache.ratis.thirdparty.io.grpc.StatusRuntimeException: UNAVAILABLE: io exception
2025-10-10 10:39:39,353 [aa9634f0-8836-44d6-bc05-5b19fbdd93d5@group-813C05265458-LeaderElection196] INFO  impl.LeaderElection (LeaderElection.java:logAndReturn(206)) - aa9634f0-8836-44d6-bc05-5b19fbdd93d5@group-813C05265458-LeaderElection196: PRE_VOTE REJECTED received 0 response(s) and 2 exception(s):
2025-10-10 10:39:39,353 [aa9634f0-8836-44d6-bc05-5b19fbdd93d5@group-813C05265458-LeaderElection196] INFO  impl.LeaderElection (LogUtils.java:infoOrTrace(142)) -   Exception 0: java.util.concurrent.ExecutionException: org.apache.ratis.thirdparty.io.grpc.StatusRuntimeException: UNAVAILABLE: io exception
2025-10-10 10:39:39,353 [aa9634f0-8836-44d6-bc05-5b19fbdd93d5@group-813C05265458-LeaderElection196] INFO  impl.LeaderElection (LogUtils.java:infoOrTrace(142)) -   Exception 1: java.util.concurrent.ExecutionException: org.apache.ratis.thirdparty.io.grpc.StatusRuntimeException: UNAVAILABLE: io exception
2025-10-10 10:39:39,353 [aa9634f0-8836-44d6-bc05-5b19fbdd93d5@group-813C05265458-LeaderElection196] INFO  impl.LeaderElection (LeaderElection.java:askForVotes(450)) - aa9634f0-8836-44d6-bc05-5b19fbdd93d5@group-813C05265458-LeaderElection196 PRE_VOTE round 0: result REJECTED
2025-10-10 10:39:39,353 [aa9634f0-8836-44d6-bc05-5b19fbdd93d5@group-813C05265458-LeaderElection196] INFO  server.RaftServer$Division (RaftServerImpl.java:setRole(392)) - aa9634f0-8836-44d6-bc05-5b19fbdd93d5@group-813C05265458: changes role from CANDIDATE to FOLLOWER at term 1 for REJECTED
2025-10-10 10:39:39,353 [aa9634f0-8836-44d6-bc05-5b19fbdd93d5@group-813C05265458-LeaderElection196] INFO  impl.RoleInfo (RoleInfo.java:shutdownLeaderElection(141)) - aa9634f0-8836-44d6-bc05-5b19fbdd93d5: shutdown aa9634f0-8836-44d6-bc05-5b19fbdd93d5@group-813C05265458-LeaderElection196
2025-10-10 10:39:39,353 [aa9634f0-8836-44d6-bc05-5b19fbdd93d5@group-813C05265458-LeaderElection196] INFO  impl.RoleInfo (RoleInfo.java:updateAndGet(148)) - aa9634f0-8836-44d6-bc05-5b19fbdd93d5: start aa9634f0-8836-44d6-bc05-5b19fbdd93d5@group-813C05265458-FollowerState
2025-10-10 10:39:39,406 [aa9634f0-8836-44d6-bc05-5b19fbdd93d5@group-6EF60CB14872-FollowerState] INFO  impl.FollowerState (FollowerState.java:runImpl(161)) - aa9634f0-8836-44d6-bc05-5b19fbdd93d5@group-6EF60CB14872-FollowerState: change to CANDIDATE, lastRpcElapsedTime:1082292442ns, electionTimeout:1082ms
2025-10-10 10:39:39,407 [aa9634f0-8836-44d6-bc05-5b19fbdd93d5@group-6EF60CB14872-FollowerState] INFO  impl.RoleInfo (RoleInfo.java:shutdownFollowerState(121)) - aa9634f0-8836-44d6-bc05-5b19fbdd93d5: shutdown aa9634f0-8836-44d6-bc05-5b19fbdd93d5@group-6EF60CB14872-FollowerState
2025-10-10 10:39:39,407 [aa9634f0-8836-44d6-bc05-5b19fbdd93d5@group-6EF60CB14872-FollowerState] INFO  server.RaftServer$Division (RaftServerImpl.java:setRole(392)) - aa9634f0-8836-44d6-bc05-5b19fbdd93d5@group-6EF60CB14872: changes role from  FOLLOWER to CANDIDATE at term 2 for changeToCandidate
2025-10-10 10:39:39,407 [aa9634f0-8836-44d6-bc05-5b19fbdd93d5@group-6EF60CB14872-FollowerState] INFO  impl.RoleInfo (RoleInfo.java:updateAndGet(148)) - aa9634f0-8836-44d6-bc05-5b19fbdd93d5: start aa9634f0-8836-44d6-bc05-5b19fbdd93d5@group-6EF60CB14872-LeaderElection197
2025-10-10 10:39:39,407 [aa9634f0-8836-44d6-bc05-5b19fbdd93d5@group-6EF60CB14872-LeaderElection197] INFO  impl.LeaderElection (LeaderElection.java:askForVotes(448)) - aa9634f0-8836-44d6-bc05-5b19fbdd93d5@group-6EF60CB14872-LeaderElection197 PRE_VOTE round 0: submit vote requests at term 2 for conf: {index: 7, cur=peers:[aa9634f0-8836-44d6-bc05-5b19fbdd93d5|127.0.0.1:15063, 36185c6b-22ce-45d1-a622-3a6b487a5a53|127.0.0.1:15071, 895d447a-5476-42e4-b2fa-6eb687701d46|127.0.0.1:15079]|listeners:[], old=null}
2025-10-10 10:39:39,408 [aa9634f0-8836-44d6-bc05-5b19fbdd93d5@group-6EF60CB14872-LeaderElection197] INFO  impl.LeaderElection (LogUtils.java:infoOrTrace(142)) - aa9634f0-8836-44d6-bc05-5b19fbdd93d5@group-6EF60CB14872-LeaderElection197 got exception when requesting votes: java.util.concurrent.ExecutionException: org.apache.ratis.thirdparty.io.grpc.StatusRuntimeException: UNAVAILABLE: io exception
2025-10-10 10:39:39,408 [aa9634f0-8836-44d6-bc05-5b19fbdd93d5@group-6EF60CB14872-LeaderElection197] INFO  impl.LeaderElection (LogUtils.java:infoOrTrace(142)) - aa9634f0-8836-44d6-bc05-5b19fbdd93d5@group-6EF60CB14872-LeaderElection197 got exception when requesting votes: java.util.concurrent.ExecutionException: org.apache.ratis.thirdparty.io.grpc.StatusRuntimeException: UNAVAILABLE: io exception
2025-10-10 10:39:39,408 [aa9634f0-8836-44d6-bc05-5b19fbdd93d5@group-6EF60CB14872-LeaderElection197] INFO  impl.LeaderElection (LeaderElection.java:logAndReturn(206)) - aa9634f0-8836-44d6-bc05-5b19fbdd93d5@group-6EF60CB14872-LeaderElection197: PRE_VOTE REJECTED received 0 response(s) and 2 exception(s):
2025-10-10 10:39:39,408 [aa9634f0-8836-44d6-bc05-5b19fbdd93d5@group-6EF60CB14872-LeaderElection197] INFO  impl.LeaderElection (LogUtils.java:infoOrTrace(142)) -   Exception 0: java.util.concurrent.ExecutionException: org.apache.ratis.thirdparty.io.grpc.StatusRuntimeException: UNAVAILABLE: io exception
2025-10-10 10:39:39,408 [aa9634f0-8836-44d6-bc05-5b19fbdd93d5@group-6EF60CB14872-LeaderElection197] INFO  impl.LeaderElection (LogUtils.java:infoOrTrace(142)) -   Exception 1: java.util.concurrent.ExecutionException: org.apache.ratis.thirdparty.io.grpc.StatusRuntimeException: UNAVAILABLE: io exception
2025-10-10 10:39:39,408 [aa9634f0-8836-44d6-bc05-5b19fbdd93d5@group-6EF60CB14872-LeaderElection197] INFO  impl.LeaderElection (LeaderElection.java:askForVotes(450)) - aa9634f0-8836-44d6-bc05-5b19fbdd93d5@group-6EF60CB14872-LeaderElection197 PRE_VOTE round 0: result REJECTED
2025-10-10 10:39:39,408 [aa9634f0-8836-44d6-bc05-5b19fbdd93d5@group-6EF60CB14872-LeaderElection197] INFO  server.RaftServer$Division (RaftServerImpl.java:setRole(392)) - aa9634f0-8836-44d6-bc05-5b19fbdd93d5@group-6EF60CB14872: changes role from CANDIDATE to FOLLOWER at term 2 for REJECTED
2025-10-10 10:39:39,408 [aa9634f0-8836-44d6-bc05-5b19fbdd93d5@group-6EF60CB14872-LeaderElection197] INFO  impl.RoleInfo (RoleInfo.java:shutdownLeaderElection(141)) - aa9634f0-8836-44d6-bc05-5b19fbdd93d5: shutdown aa9634f0-8836-44d6-bc05-5b19fbdd93d5@group-6EF60CB14872-LeaderElection197
2025-10-10 10:39:39,408 [aa9634f0-8836-44d6-bc05-5b19fbdd93d5@group-6EF60CB14872-LeaderElection197] INFO  impl.RoleInfo (RoleInfo.java:updateAndGet(148)) - aa9634f0-8836-44d6-bc05-5b19fbdd93d5: start aa9634f0-8836-44d6-bc05-5b19fbdd93d5@group-6EF60CB14872-FollowerState
2025-10-10 10:39:40,415 [aa9634f0-8836-44d6-bc05-5b19fbdd93d5@group-6EF60CB14872-FollowerState] INFO  impl.FollowerState (FollowerState.java:runImpl(161)) - aa9634f0-8836-44d6-bc05-5b19fbdd93d5@group-6EF60CB14872-FollowerState: change to CANDIDATE, lastRpcElapsedTime:1006451954ns, electionTimeout:1006ms
2025-10-10 10:39:40,415 [aa9634f0-8836-44d6-bc05-5b19fbdd93d5@group-6EF60CB14872-FollowerState] INFO  impl.RoleInfo (RoleInfo.java:shutdownFollowerState(121)) - aa9634f0-8836-44d6-bc05-5b19fbdd93d5: shutdown aa9634f0-8836-44d6-bc05-5b19fbdd93d5@group-6EF60CB14872-FollowerState
2025-10-10 10:39:40,415 [aa9634f0-8836-44d6-bc05-5b19fbdd93d5@group-6EF60CB14872-FollowerState] INFO  server.RaftServer$Division (RaftServerImpl.java:setRole(392)) - aa9634f0-8836-44d6-bc05-5b19fbdd93d5@group-6EF60CB14872: changes role from  FOLLOWER to CANDIDATE at term 2 for changeToCandidate
2025-10-10 10:39:40,415 [aa9634f0-8836-44d6-bc05-5b19fbdd93d5@group-6EF60CB14872-FollowerState] INFO  impl.RoleInfo (RoleInfo.java:updateAndGet(148)) - aa9634f0-8836-44d6-bc05-5b19fbdd93d5: start aa9634f0-8836-44d6-bc05-5b19fbdd93d5@group-6EF60CB14872-LeaderElection198
2025-10-10 10:39:40,415 [aa9634f0-8836-44d6-bc05-5b19fbdd93d5@group-6EF60CB14872-LeaderElection198] INFO  impl.LeaderElection (LeaderElection.java:askForVotes(448)) - aa9634f0-8836-44d6-bc05-5b19fbdd93d5@group-6EF60CB14872-LeaderElection198 PRE_VOTE round 0: submit vote requests at term 2 for conf: {index: 7, cur=peers:[aa9634f0-8836-44d6-bc05-5b19fbdd93d5|127.0.0.1:15063, 36185c6b-22ce-45d1-a622-3a6b487a5a53|127.0.0.1:15071, 895d447a-5476-42e4-b2fa-6eb687701d46|127.0.0.1:15079]|listeners:[], old=null}
2025-10-10 10:39:40,416 [aa9634f0-8836-44d6-bc05-5b19fbdd93d5@group-6EF60CB14872-LeaderElection198] INFO  impl.LeaderElection (LogUtils.java:infoOrTrace(142)) - aa9634f0-8836-44d6-bc05-5b19fbdd93d5@group-6EF60CB14872-LeaderElection198 got exception when requesting votes: java.util.concurrent.ExecutionException: org.apache.ratis.thirdparty.io.grpc.StatusRuntimeException: UNAVAILABLE: io exception
2025-10-10 10:39:40,416 [aa9634f0-8836-44d6-bc05-5b19fbdd93d5@group-6EF60CB14872-LeaderElection198] INFO  impl.LeaderElection (LogUtils.java:infoOrTrace(142)) - aa9634f0-8836-44d6-bc05-5b19fbdd93d5@group-6EF60CB14872-LeaderElection198 got exception when requesting votes: java.util.concurrent.ExecutionException: org.apache.ratis.thirdparty.io.grpc.StatusRuntimeException: UNAVAILABLE: io exception
2025-10-10 10:39:40,416 [aa9634f0-8836-44d6-bc05-5b19fbdd93d5@group-6EF60CB14872-LeaderElection198] INFO  impl.LeaderElection (LeaderElection.java:logAndReturn(206)) - aa9634f0-8836-44d6-bc05-5b19fbdd93d5@group-6EF60CB14872-LeaderElection198: PRE_VOTE REJECTED received 0 response(s) and 2 exception(s):
2025-10-10 10:39:40,416 [aa9634f0-8836-44d6-bc05-5b19fbdd93d5@group-6EF60CB14872-LeaderElection198] INFO  impl.LeaderElection (LogUtils.java:infoOrTrace(142)) -   Exception 0: java.util.concurrent.ExecutionException: org.apache.ratis.thirdparty.io.grpc.StatusRuntimeException: UNAVAILABLE: io exception
2025-10-10 10:39:40,416 [aa9634f0-8836-44d6-bc05-5b19fbdd93d5@group-6EF60CB14872-LeaderElection198] INFO  impl.LeaderElection (LogUtils.java:infoOrTrace(142)) -   Exception 1: java.util.concurrent.ExecutionException: org.apache.ratis.thirdparty.io.grpc.StatusRuntimeException: UNAVAILABLE: io exception
2025-10-10 10:39:40,416 [aa9634f0-8836-44d6-bc05-5b19fbdd93d5@group-6EF60CB14872-LeaderElection198] INFO  impl.LeaderElection (LeaderElection.java:askForVotes(450)) - aa9634f0-8836-44d6-bc05-5b19fbdd93d5@group-6EF60CB14872-LeaderElection198 PRE_VOTE round 0: result REJECTED
2025-10-10 10:39:40,416 [aa9634f0-8836-44d6-bc05-5b19fbdd93d5@group-6EF60CB14872-LeaderElection198] INFO  server.RaftServer$Division (RaftServerImpl.java:setRole(392)) - aa9634f0-8836-44d6-bc05-5b19fbdd93d5@group-6EF60CB14872: changes role from CANDIDATE to FOLLOWER at term 2 for REJECTED
2025-10-10 10:39:40,416 [aa9634f0-8836-44d6-bc05-5b19fbdd93d5@group-6EF60CB14872-LeaderElection198] INFO  impl.RoleInfo (RoleInfo.java:shutdownLeaderElection(141)) - aa9634f0-8836-44d6-bc05-5b19fbdd93d5: shutdown aa9634f0-8836-44d6-bc05-5b19fbdd93d5@group-6EF60CB14872-LeaderElection198
2025-10-10 10:39:40,416 [aa9634f0-8836-44d6-bc05-5b19fbdd93d5@group-6EF60CB14872-LeaderElection198] INFO  impl.RoleInfo (RoleInfo.java:updateAndGet(148)) - aa9634f0-8836-44d6-bc05-5b19fbdd93d5: start aa9634f0-8836-44d6-bc05-5b19fbdd93d5@group-6EF60CB14872-FollowerState
2025-10-10 10:39:40,476 [aa9634f0-8836-44d6-bc05-5b19fbdd93d5@group-813C05265458-FollowerState] INFO  impl.FollowerState (FollowerState.java:runImpl(161)) - aa9634f0-8836-44d6-bc05-5b19fbdd93d5@group-813C05265458-FollowerState: change to CANDIDATE, lastRpcElapsedTime:1123255091ns, electionTimeout:1123ms
2025-10-10 10:39:40,476 [aa9634f0-8836-44d6-bc05-5b19fbdd93d5@group-813C05265458-FollowerState] INFO  impl.RoleInfo (RoleInfo.java:shutdownFollowerState(121)) - aa9634f0-8836-44d6-bc05-5b19fbdd93d5: shutdown aa9634f0-8836-44d6-bc05-5b19fbdd93d5@group-813C05265458-FollowerState
2025-10-10 10:39:40,476 [aa9634f0-8836-44d6-bc05-5b19fbdd93d5@group-813C05265458-FollowerState] INFO  server.RaftServer$Division (RaftServerImpl.java:setRole(392)) - aa9634f0-8836-44d6-bc05-5b19fbdd93d5@group-813C05265458: changes role from  FOLLOWER to CANDIDATE at term 1 for changeToCandidate
2025-10-10 10:39:40,476 [aa9634f0-8836-44d6-bc05-5b19fbdd93d5@group-813C05265458-FollowerState] INFO  impl.RoleInfo (RoleInfo.java:updateAndGet(148)) - aa9634f0-8836-44d6-bc05-5b19fbdd93d5: start aa9634f0-8836-44d6-bc05-5b19fbdd93d5@group-813C05265458-LeaderElection199
2025-10-10 10:39:40,477 [aa9634f0-8836-44d6-bc05-5b19fbdd93d5@group-813C05265458-LeaderElection199] INFO  impl.LeaderElection (LeaderElection.java:askForVotes(448)) - aa9634f0-8836-44d6-bc05-5b19fbdd93d5@group-813C05265458-LeaderElection199 PRE_VOTE round 0: submit vote requests at term 1 for conf: {index: 0, cur=peers:[aa9634f0-8836-44d6-bc05-5b19fbdd93d5|127.0.0.1:15063, 36185c6b-22ce-45d1-a622-3a6b487a5a53|127.0.0.1:15071, 895d447a-5476-42e4-b2fa-6eb687701d46|127.0.0.1:15079]|listeners:[], old=null}
2025-10-10 10:39:40,477 [aa9634f0-8836-44d6-bc05-5b19fbdd93d5@group-813C05265458-LeaderElection199] INFO  impl.LeaderElection (LogUtils.java:infoOrTrace(142)) - aa9634f0-8836-44d6-bc05-5b19fbdd93d5@group-813C05265458-LeaderElection199 got exception when requesting votes: java.util.concurrent.ExecutionException: org.apache.ratis.thirdparty.io.grpc.StatusRuntimeException: UNAVAILABLE: io exception
2025-10-10 10:39:40,477 [aa9634f0-8836-44d6-bc05-5b19fbdd93d5@group-813C05265458-LeaderElection199] INFO  impl.LeaderElection (LogUtils.java:infoOrTrace(142)) - aa9634f0-8836-44d6-bc05-5b19fbdd93d5@group-813C05265458-LeaderElection199 got exception when requesting votes: java.util.concurrent.ExecutionException: org.apache.ratis.thirdparty.io.grpc.StatusRuntimeException: UNAVAILABLE: io exception
2025-10-10 10:39:40,477 [aa9634f0-8836-44d6-bc05-5b19fbdd93d5@group-813C05265458-LeaderElection199] INFO  impl.LeaderElection (LeaderElection.java:logAndReturn(206)) - aa9634f0-8836-44d6-bc05-5b19fbdd93d5@group-813C05265458-LeaderElection199: PRE_VOTE REJECTED received 0 response(s) and 2 exception(s):
2025-10-10 10:39:40,477 [aa9634f0-8836-44d6-bc05-5b19fbdd93d5@group-813C05265458-LeaderElection199] INFO  impl.LeaderElection (LogUtils.java:infoOrTrace(142)) -   Exception 0: java.util.concurrent.ExecutionException: org.apache.ratis.thirdparty.io.grpc.StatusRuntimeException: UNAVAILABLE: io exception
2025-10-10 10:39:40,478 [aa9634f0-8836-44d6-bc05-5b19fbdd93d5@group-813C05265458-LeaderElection199] INFO  impl.LeaderElection (LogUtils.java:infoOrTrace(142)) -   Exception 1: java.util.concurrent.ExecutionException: org.apache.ratis.thirdparty.io.grpc.StatusRuntimeException: UNAVAILABLE: io exception
2025-10-10 10:39:40,478 [aa9634f0-8836-44d6-bc05-5b19fbdd93d5@group-813C05265458-LeaderElection199] INFO  impl.LeaderElection (LeaderElection.java:askForVotes(450)) - aa9634f0-8836-44d6-bc05-5b19fbdd93d5@group-813C05265458-LeaderElection199 PRE_VOTE round 0: result REJECTED
2025-10-10 10:39:40,478 [aa9634f0-8836-44d6-bc05-5b19fbdd93d5@group-813C05265458-LeaderElection199] INFO  server.RaftServer$Division (RaftServerImpl.java:setRole(392)) - aa9634f0-8836-44d6-bc05-5b19fbdd93d5@group-813C05265458: changes role from CANDIDATE to FOLLOWER at term 1 for REJECTED
2025-10-10 10:39:40,478 [aa9634f0-8836-44d6-bc05-5b19fbdd93d5@group-813C05265458-LeaderElection199] INFO  impl.RoleInfo (RoleInfo.java:shutdownLeaderElection(141)) - aa9634f0-8836-44d6-bc05-5b19fbdd93d5: shutdown aa9634f0-8836-44d6-bc05-5b19fbdd93d5@group-813C05265458-LeaderElection199
2025-10-10 10:39:40,478 [aa9634f0-8836-44d6-bc05-5b19fbdd93d5@group-813C05265458-LeaderElection199] INFO  impl.RoleInfo (RoleInfo.java:updateAndGet(148)) - aa9634f0-8836-44d6-bc05-5b19fbdd93d5: start aa9634f0-8836-44d6-bc05-5b19fbdd93d5@group-813C05265458-FollowerState
2025-10-10 10:39:41,420 [aa9634f0-8836-44d6-bc05-5b19fbdd93d5@group-6EF60CB14872-FollowerState] INFO  impl.FollowerState (FollowerState.java:runImpl(161)) - aa9634f0-8836-44d6-bc05-5b19fbdd93d5@group-6EF60CB14872-FollowerState: change to CANDIDATE, lastRpcElapsedTime:1004311699ns, electionTimeout:1004ms
2025-10-10 10:39:41,421 [aa9634f0-8836-44d6-bc05-5b19fbdd93d5@group-6EF60CB14872-FollowerState] INFO  impl.RoleInfo (RoleInfo.java:shutdownFollowerState(121)) - aa9634f0-8836-44d6-bc05-5b19fbdd93d5: shutdown aa9634f0-8836-44d6-bc05-5b19fbdd93d5@group-6EF60CB14872-FollowerState
2025-10-10 10:39:41,421 [aa9634f0-8836-44d6-bc05-5b19fbdd93d5@group-6EF60CB14872-FollowerState] INFO  server.RaftServer$Division (RaftServerImpl.java:setRole(392)) - aa9634f0-8836-44d6-bc05-5b19fbdd93d5@group-6EF60CB14872: changes role from  FOLLOWER to CANDIDATE at term 2 for changeToCandidate
2025-10-10 10:39:41,421 [aa9634f0-8836-44d6-bc05-5b19fbdd93d5@group-6EF60CB14872-FollowerState] INFO  impl.RoleInfo (RoleInfo.java:updateAndGet(148)) - aa9634f0-8836-44d6-bc05-5b19fbdd93d5: start aa9634f0-8836-44d6-bc05-5b19fbdd93d5@group-6EF60CB14872-LeaderElection200
2025-10-10 10:39:41,421 [aa9634f0-8836-44d6-bc05-5b19fbdd93d5@group-6EF60CB14872-LeaderElection200] INFO  impl.LeaderElection (LeaderElection.java:askForVotes(448)) - aa9634f0-8836-44d6-bc05-5b19fbdd93d5@group-6EF60CB14872-LeaderElection200 PRE_VOTE round 0: submit vote requests at term 2 for conf: {index: 7, cur=peers:[aa9634f0-8836-44d6-bc05-5b19fbdd93d5|127.0.0.1:15063, 36185c6b-22ce-45d1-a622-3a6b487a5a53|127.0.0.1:15071, 895d447a-5476-42e4-b2fa-6eb687701d46|127.0.0.1:15079]|listeners:[], old=null}
2025-10-10 10:39:41,422 [aa9634f0-8836-44d6-bc05-5b19fbdd93d5@group-6EF60CB14872-LeaderElection200] INFO  impl.LeaderElection (LogUtils.java:infoOrTrace(142)) - aa9634f0-8836-44d6-bc05-5b19fbdd93d5@group-6EF60CB14872-LeaderElection200 got exception when requesting votes: java.util.concurrent.ExecutionException: org.apache.ratis.thirdparty.io.grpc.StatusRuntimeException: UNAVAILABLE: io exception
2025-10-10 10:39:41,422 [aa9634f0-8836-44d6-bc05-5b19fbdd93d5@group-6EF60CB14872-LeaderElection200] INFO  impl.LeaderElection (LogUtils.java:infoOrTrace(142)) - aa9634f0-8836-44d6-bc05-5b19fbdd93d5@group-6EF60CB14872-LeaderElection200 got exception when requesting votes: java.util.concurrent.ExecutionException: org.apache.ratis.thirdparty.io.grpc.StatusRuntimeException: UNAVAILABLE: io exception
2025-10-10 10:39:41,422 [aa9634f0-8836-44d6-bc05-5b19fbdd93d5@group-6EF60CB14872-LeaderElection200] INFO  impl.LeaderElection (LeaderElection.java:logAndReturn(206)) - aa9634f0-8836-44d6-bc05-5b19fbdd93d5@group-6EF60CB14872-LeaderElection200: PRE_VOTE REJECTED received 0 response(s) and 2 exception(s):
2025-10-10 10:39:41,422 [aa9634f0-8836-44d6-bc05-5b19fbdd93d5@group-6EF60CB14872-LeaderElection200] INFO  impl.LeaderElection (LogUtils.java:infoOrTrace(142)) -   Exception 0: java.util.concurrent.ExecutionException: org.apache.ratis.thirdparty.io.grpc.StatusRuntimeException: UNAVAILABLE: io exception
2025-10-10 10:39:41,422 [aa9634f0-8836-44d6-bc05-5b19fbdd93d5@group-6EF60CB14872-LeaderElection200] INFO  impl.LeaderElection (LogUtils.java:infoOrTrace(142)) -   Exception 1: java.util.concurrent.ExecutionException: org.apache.ratis.thirdparty.io.grpc.StatusRuntimeException: UNAVAILABLE: io exception
2025-10-10 10:39:41,422 [aa9634f0-8836-44d6-bc05-5b19fbdd93d5@group-6EF60CB14872-LeaderElection200] INFO  impl.LeaderElection (LeaderElection.java:askForVotes(450)) - aa9634f0-8836-44d6-bc05-5b19fbdd93d5@group-6EF60CB14872-LeaderElection200 PRE_VOTE round 0: result REJECTED
2025-10-10 10:39:41,422 [aa9634f0-8836-44d6-bc05-5b19fbdd93d5@group-6EF60CB14872-LeaderElection200] INFO  server.RaftServer$Division (RaftServerImpl.java:setRole(392)) - aa9634f0-8836-44d6-bc05-5b19fbdd93d5@group-6EF60CB14872: changes role from CANDIDATE to FOLLOWER at term 2 for REJECTED
2025-10-10 10:39:41,422 [aa9634f0-8836-44d6-bc05-5b19fbdd93d5@group-6EF60CB14872-LeaderElection200] INFO  impl.RoleInfo (RoleInfo.java:shutdownLeaderElection(141)) - aa9634f0-8836-44d6-bc05-5b19fbdd93d5: shutdown aa9634f0-8836-44d6-bc05-5b19fbdd93d5@group-6EF60CB14872-LeaderElection200
2025-10-10 10:39:41,422 [aa9634f0-8836-44d6-bc05-5b19fbdd93d5@group-6EF60CB14872-LeaderElection200] INFO  impl.RoleInfo (RoleInfo.java:updateAndGet(148)) - aa9634f0-8836-44d6-bc05-5b19fbdd93d5: start aa9634f0-8836-44d6-bc05-5b19fbdd93d5@group-6EF60CB14872-FollowerState
2025-10-10 10:39:41,581 [aa9634f0-8836-44d6-bc05-5b19fbdd93d5@group-813C05265458-FollowerState] INFO  impl.FollowerState (FollowerState.java:runImpl(161)) - aa9634f0-8836-44d6-bc05-5b19fbdd93d5@group-813C05265458-FollowerState: change to CANDIDATE, lastRpcElapsedTime:1103288292ns, electionTimeout:1103ms
2025-10-10 10:39:41,581 [aa9634f0-8836-44d6-bc05-5b19fbdd93d5@group-813C05265458-FollowerState] INFO  impl.RoleInfo (RoleInfo.java:shutdownFollowerState(121)) - aa9634f0-8836-44d6-bc05-5b19fbdd93d5: shutdown aa9634f0-8836-44d6-bc05-5b19fbdd93d5@group-813C05265458-FollowerState
2025-10-10 10:39:41,581 [aa9634f0-8836-44d6-bc05-5b19fbdd93d5@group-813C05265458-FollowerState] INFO  server.RaftServer$Division (RaftServerImpl.java:setRole(392)) - aa9634f0-8836-44d6-bc05-5b19fbdd93d5@group-813C05265458: changes role from  FOLLOWER to CANDIDATE at term 1 for changeToCandidate
2025-10-10 10:39:41,581 [aa9634f0-8836-44d6-bc05-5b19fbdd93d5@group-813C05265458-FollowerState] INFO  impl.RoleInfo (RoleInfo.java:updateAndGet(148)) - aa9634f0-8836-44d6-bc05-5b19fbdd93d5: start aa9634f0-8836-44d6-bc05-5b19fbdd93d5@group-813C05265458-LeaderElection201
2025-10-10 10:39:41,582 [aa9634f0-8836-44d6-bc05-5b19fbdd93d5@group-813C05265458-LeaderElection201] INFO  impl.LeaderElection (LeaderElection.java:askForVotes(448)) - aa9634f0-8836-44d6-bc05-5b19fbdd93d5@group-813C05265458-LeaderElection201 PRE_VOTE round 0: submit vote requests at term 1 for conf: {index: 0, cur=peers:[aa9634f0-8836-44d6-bc05-5b19fbdd93d5|127.0.0.1:15063, 36185c6b-22ce-45d1-a622-3a6b487a5a53|127.0.0.1:15071, 895d447a-5476-42e4-b2fa-6eb687701d46|127.0.0.1:15079]|listeners:[], old=null}
2025-10-10 10:39:41,582 [aa9634f0-8836-44d6-bc05-5b19fbdd93d5@group-813C05265458-LeaderElection201] INFO  impl.LeaderElection (LogUtils.java:infoOrTrace(142)) - aa9634f0-8836-44d6-bc05-5b19fbdd93d5@group-813C05265458-LeaderElection201 got exception when requesting votes: java.util.concurrent.ExecutionException: org.apache.ratis.thirdparty.io.grpc.StatusRuntimeException: UNAVAILABLE: io exception
2025-10-10 10:39:41,582 [aa9634f0-8836-44d6-bc05-5b19fbdd93d5@group-813C05265458-LeaderElection201] INFO  impl.LeaderElection (LogUtils.java:infoOrTrace(142)) - aa9634f0-8836-44d6-bc05-5b19fbdd93d5@group-813C05265458-LeaderElection201 got exception when requesting votes: java.util.concurrent.ExecutionException: org.apache.ratis.thirdparty.io.grpc.StatusRuntimeException: UNAVAILABLE: io exception
2025-10-10 10:39:41,582 [aa9634f0-8836-44d6-bc05-5b19fbdd93d5@group-813C05265458-LeaderElection201] INFO  impl.LeaderElection (LeaderElection.java:logAndReturn(206)) - aa9634f0-8836-44d6-bc05-5b19fbdd93d5@group-813C05265458-LeaderElection201: PRE_VOTE REJECTED received 0 response(s) and 2 exception(s):
2025-10-10 10:39:41,582 [aa9634f0-8836-44d6-bc05-5b19fbdd93d5@group-813C05265458-LeaderElection201] INFO  impl.LeaderElection (LogUtils.java:infoOrTrace(142)) -   Exception 0: java.util.concurrent.ExecutionException: org.apache.ratis.thirdparty.io.grpc.StatusRuntimeException: UNAVAILABLE: io exception
2025-10-10 10:39:41,582 [aa9634f0-8836-44d6-bc05-5b19fbdd93d5@group-813C05265458-LeaderElection201] INFO  impl.LeaderElection (LogUtils.java:infoOrTrace(142)) -   Exception 1: java.util.concurrent.ExecutionException: org.apache.ratis.thirdparty.io.grpc.StatusRuntimeException: UNAVAILABLE: io exception
2025-10-10 10:39:41,583 [aa9634f0-8836-44d6-bc05-5b19fbdd93d5@group-813C05265458-LeaderElection201] INFO  impl.LeaderElection (LeaderElection.java:askForVotes(450)) - aa9634f0-8836-44d6-bc05-5b19fbdd93d5@group-813C05265458-LeaderElection201 PRE_VOTE round 0: result REJECTED
2025-10-10 10:39:41,583 [aa9634f0-8836-44d6-bc05-5b19fbdd93d5@group-813C05265458-LeaderElection201] INFO  server.RaftServer$Division (RaftServerImpl.java:setRole(392)) - aa9634f0-8836-44d6-bc05-5b19fbdd93d5@group-813C05265458: changes role from CANDIDATE to FOLLOWER at term 1 for REJECTED
2025-10-10 10:39:41,583 [aa9634f0-8836-44d6-bc05-5b19fbdd93d5@group-813C05265458-LeaderElection201] INFO  impl.RoleInfo (RoleInfo.java:shutdownLeaderElection(141)) - aa9634f0-8836-44d6-bc05-5b19fbdd93d5: shutdown aa9634f0-8836-44d6-bc05-5b19fbdd93d5@group-813C05265458-LeaderElection201
2025-10-10 10:39:41,583 [aa9634f0-8836-44d6-bc05-5b19fbdd93d5@group-813C05265458-LeaderElection201] INFO  impl.RoleInfo (RoleInfo.java:updateAndGet(148)) - aa9634f0-8836-44d6-bc05-5b19fbdd93d5: start aa9634f0-8836-44d6-bc05-5b19fbdd93d5@group-813C05265458-FollowerState
2025-10-10 10:39:42,245 [om1-KeyDeletingService#1] INFO  service.KeyDeletingService (KeyDeletingService.java:processKeyDeletes(151)) - Send 1 key(s) to SCM, first 1 keys: [PurgedKey{blockGroup=BlockGroup[groupID='/datanodefailurehandlingtest/datanodefailurehandlingtest/00f8a854-c465-4ee6-a5a1-d61407bc4778/-9223372036854774272/0', blockIDs=[conID: 2 locID: 115816896921600002 bcsId: 0 replicaIndex: null]], volume='datanodefailurehandlingtest', bucket='datanodefailurehandlingtest', bucketId=-9223372036854775296, purgedBytes=12582912, isCommittedKey=false, deleteKeyName='/datanodefailurehandlingtest/datanodefailurehandlingtest/00f8a854-c465-4ee6-a5a1-d61407bc4778/-9223372036854774272'}]
2025-10-10 10:39:42,255 [IPC Server handler 2 on default port 15001] INFO  ha.SequenceIdGenerator (SequenceIdGenerator.java:getNextId(135)) - Allocate a batch for delTxnId, change lastId from 0 to 1000.
2025-10-10 10:39:42,268 [om1-KeyDeletingService#1] INFO  service.KeyDeletingService (KeyDeletingService.java:processKeyDeletes(158)) - 1 BlockGroup deletion are acked by SCM in 24 ms
2025-10-10 10:39:42,307 [om1-OMStateMachineApplyTransactionThread - 0] INFO  audit.AuditLogger (AuditLogger.java:refreshDebugCmdSet(133)) - Refresh DebugCmdSet for OMSystemAudit to [].
2025-10-10 10:39:42,309 [om1-KeyDeletingService#1] INFO  service.KeyDeletingService (KeyDeletingService.java:processKeyDeletes(166)) - Blocks for 1 (out of 1) keys are deleted from DB in 41 ms. Limit per task is 50000.
2025-10-10 10:39:42,615 [aa9634f0-8836-44d6-bc05-5b19fbdd93d5@group-6EF60CB14872-FollowerState] INFO  impl.FollowerState (FollowerState.java:runImpl(161)) - aa9634f0-8836-44d6-bc05-5b19fbdd93d5@group-6EF60CB14872-FollowerState: change to CANDIDATE, lastRpcElapsedTime:1193370212ns, electionTimeout:1193ms
2025-10-10 10:39:42,616 [aa9634f0-8836-44d6-bc05-5b19fbdd93d5@group-6EF60CB14872-FollowerState] INFO  impl.RoleInfo (RoleInfo.java:shutdownFollowerState(121)) - aa9634f0-8836-44d6-bc05-5b19fbdd93d5: shutdown aa9634f0-8836-44d6-bc05-5b19fbdd93d5@group-6EF60CB14872-FollowerState
2025-10-10 10:39:42,616 [aa9634f0-8836-44d6-bc05-5b19fbdd93d5@group-6EF60CB14872-FollowerState] INFO  server.RaftServer$Division (RaftServerImpl.java:setRole(392)) - aa9634f0-8836-44d6-bc05-5b19fbdd93d5@group-6EF60CB14872: changes role from  FOLLOWER to CANDIDATE at term 2 for changeToCandidate
2025-10-10 10:39:42,616 [aa9634f0-8836-44d6-bc05-5b19fbdd93d5@group-6EF60CB14872-FollowerState] INFO  impl.RoleInfo (RoleInfo.java:updateAndGet(148)) - aa9634f0-8836-44d6-bc05-5b19fbdd93d5: start aa9634f0-8836-44d6-bc05-5b19fbdd93d5@group-6EF60CB14872-LeaderElection202
2025-10-10 10:39:42,616 [aa9634f0-8836-44d6-bc05-5b19fbdd93d5@group-6EF60CB14872-LeaderElection202] INFO  impl.LeaderElection (LeaderElection.java:askForVotes(448)) - aa9634f0-8836-44d6-bc05-5b19fbdd93d5@group-6EF60CB14872-LeaderElection202 PRE_VOTE round 0: submit vote requests at term 2 for conf: {index: 7, cur=peers:[aa9634f0-8836-44d6-bc05-5b19fbdd93d5|127.0.0.1:15063, 36185c6b-22ce-45d1-a622-3a6b487a5a53|127.0.0.1:15071, 895d447a-5476-42e4-b2fa-6eb687701d46|127.0.0.1:15079]|listeners:[], old=null}
2025-10-10 10:39:42,617 [aa9634f0-8836-44d6-bc05-5b19fbdd93d5@group-6EF60CB14872-LeaderElection202] INFO  impl.LeaderElection (LogUtils.java:infoOrTrace(142)) - aa9634f0-8836-44d6-bc05-5b19fbdd93d5@group-6EF60CB14872-LeaderElection202 got exception when requesting votes: java.util.concurrent.ExecutionException: org.apache.ratis.thirdparty.io.grpc.StatusRuntimeException: UNAVAILABLE: io exception
2025-10-10 10:39:42,617 [aa9634f0-8836-44d6-bc05-5b19fbdd93d5@group-6EF60CB14872-LeaderElection202] INFO  impl.LeaderElection (LogUtils.java:infoOrTrace(142)) - aa9634f0-8836-44d6-bc05-5b19fbdd93d5@group-6EF60CB14872-LeaderElection202 got exception when requesting votes: java.util.concurrent.ExecutionException: org.apache.ratis.thirdparty.io.grpc.StatusRuntimeException: UNAVAILABLE: io exception
2025-10-10 10:39:42,617 [aa9634f0-8836-44d6-bc05-5b19fbdd93d5@group-6EF60CB14872-LeaderElection202] INFO  impl.LeaderElection (LeaderElection.java:logAndReturn(206)) - aa9634f0-8836-44d6-bc05-5b19fbdd93d5@group-6EF60CB14872-LeaderElection202: PRE_VOTE REJECTED received 0 response(s) and 2 exception(s):
2025-10-10 10:39:42,617 [aa9634f0-8836-44d6-bc05-5b19fbdd93d5@group-6EF60CB14872-LeaderElection202] INFO  impl.LeaderElection (LogUtils.java:infoOrTrace(142)) -   Exception 0: java.util.concurrent.ExecutionException: org.apache.ratis.thirdparty.io.grpc.StatusRuntimeException: UNAVAILABLE: io exception
2025-10-10 10:39:42,617 [aa9634f0-8836-44d6-bc05-5b19fbdd93d5@group-6EF60CB14872-LeaderElection202] INFO  impl.LeaderElection (LogUtils.java:infoOrTrace(142)) -   Exception 1: java.util.concurrent.ExecutionException: org.apache.ratis.thirdparty.io.grpc.StatusRuntimeException: UNAVAILABLE: io exception
2025-10-10 10:39:42,617 [aa9634f0-8836-44d6-bc05-5b19fbdd93d5@group-6EF60CB14872-LeaderElection202] INFO  impl.LeaderElection (LeaderElection.java:askForVotes(450)) - aa9634f0-8836-44d6-bc05-5b19fbdd93d5@group-6EF60CB14872-LeaderElection202 PRE_VOTE round 0: result REJECTED
2025-10-10 10:39:42,617 [aa9634f0-8836-44d6-bc05-5b19fbdd93d5@group-6EF60CB14872-LeaderElection202] INFO  server.RaftServer$Division (RaftServerImpl.java:setRole(392)) - aa9634f0-8836-44d6-bc05-5b19fbdd93d5@group-6EF60CB14872: changes role from CANDIDATE to FOLLOWER at term 2 for REJECTED
2025-10-10 10:39:42,617 [aa9634f0-8836-44d6-bc05-5b19fbdd93d5@group-6EF60CB14872-LeaderElection202] INFO  impl.RoleInfo (RoleInfo.java:shutdownLeaderElection(141)) - aa9634f0-8836-44d6-bc05-5b19fbdd93d5: shutdown aa9634f0-8836-44d6-bc05-5b19fbdd93d5@group-6EF60CB14872-LeaderElection202
2025-10-10 10:39:42,617 [aa9634f0-8836-44d6-bc05-5b19fbdd93d5@group-6EF60CB14872-LeaderElection202] INFO  impl.RoleInfo (RoleInfo.java:updateAndGet(148)) - aa9634f0-8836-44d6-bc05-5b19fbdd93d5: start aa9634f0-8836-44d6-bc05-5b19fbdd93d5@group-6EF60CB14872-FollowerState
2025-10-10 10:39:42,629 [aa9634f0-8836-44d6-bc05-5b19fbdd93d5@group-813C05265458-FollowerState] INFO  impl.FollowerState (FollowerState.java:runImpl(161)) - aa9634f0-8836-44d6-bc05-5b19fbdd93d5@group-813C05265458-FollowerState: change to CANDIDATE, lastRpcElapsedTime:1046273950ns, electionTimeout:1046ms
2025-10-10 10:39:42,629 [aa9634f0-8836-44d6-bc05-5b19fbdd93d5@group-813C05265458-FollowerState] INFO  impl.RoleInfo (RoleInfo.java:shutdownFollowerState(121)) - aa9634f0-8836-44d6-bc05-5b19fbdd93d5: shutdown aa9634f0-8836-44d6-bc05-5b19fbdd93d5@group-813C05265458-FollowerState
2025-10-10 10:39:42,629 [aa9634f0-8836-44d6-bc05-5b19fbdd93d5@group-813C05265458-FollowerState] INFO  server.RaftServer$Division (RaftServerImpl.java:setRole(392)) - aa9634f0-8836-44d6-bc05-5b19fbdd93d5@group-813C05265458: changes role from  FOLLOWER to CANDIDATE at term 1 for changeToCandidate
2025-10-10 10:39:42,629 [aa9634f0-8836-44d6-bc05-5b19fbdd93d5@group-813C05265458-FollowerState] INFO  impl.RoleInfo (RoleInfo.java:updateAndGet(148)) - aa9634f0-8836-44d6-bc05-5b19fbdd93d5: start aa9634f0-8836-44d6-bc05-5b19fbdd93d5@group-813C05265458-LeaderElection203
2025-10-10 10:39:42,629 [aa9634f0-8836-44d6-bc05-5b19fbdd93d5@group-813C05265458-LeaderElection203] INFO  impl.LeaderElection (LeaderElection.java:askForVotes(448)) - aa9634f0-8836-44d6-bc05-5b19fbdd93d5@group-813C05265458-LeaderElection203 PRE_VOTE round 0: submit vote requests at term 1 for conf: {index: 0, cur=peers:[aa9634f0-8836-44d6-bc05-5b19fbdd93d5|127.0.0.1:15063, 36185c6b-22ce-45d1-a622-3a6b487a5a53|127.0.0.1:15071, 895d447a-5476-42e4-b2fa-6eb687701d46|127.0.0.1:15079]|listeners:[], old=null}
2025-10-10 10:39:42,630 [aa9634f0-8836-44d6-bc05-5b19fbdd93d5@group-813C05265458-LeaderElection203] INFO  impl.LeaderElection (LogUtils.java:infoOrTrace(142)) - aa9634f0-8836-44d6-bc05-5b19fbdd93d5@group-813C05265458-LeaderElection203 got exception when requesting votes: java.util.concurrent.ExecutionException: org.apache.ratis.thirdparty.io.grpc.StatusRuntimeException: UNAVAILABLE: io exception
2025-10-10 10:39:42,630 [aa9634f0-8836-44d6-bc05-5b19fbdd93d5@group-813C05265458-LeaderElection203] INFO  impl.LeaderElection (LogUtils.java:infoOrTrace(142)) - aa9634f0-8836-44d6-bc05-5b19fbdd93d5@group-813C05265458-LeaderElection203 got exception when requesting votes: java.util.concurrent.ExecutionException: org.apache.ratis.thirdparty.io.grpc.StatusRuntimeException: UNAVAILABLE: io exception
2025-10-10 10:39:42,630 [aa9634f0-8836-44d6-bc05-5b19fbdd93d5@group-813C05265458-LeaderElection203] INFO  impl.LeaderElection (LeaderElection.java:logAndReturn(206)) - aa9634f0-8836-44d6-bc05-5b19fbdd93d5@group-813C05265458-LeaderElection203: PRE_VOTE REJECTED received 0 response(s) and 2 exception(s):
2025-10-10 10:39:42,630 [aa9634f0-8836-44d6-bc05-5b19fbdd93d5@group-813C05265458-LeaderElection203] INFO  impl.LeaderElection (LogUtils.java:infoOrTrace(142)) -   Exception 0: java.util.concurrent.ExecutionException: org.apache.ratis.thirdparty.io.grpc.StatusRuntimeException: UNAVAILABLE: io exception
2025-10-10 10:39:42,630 [aa9634f0-8836-44d6-bc05-5b19fbdd93d5@group-813C05265458-LeaderElection203] INFO  impl.LeaderElection (LogUtils.java:infoOrTrace(142)) -   Exception 1: java.util.concurrent.ExecutionException: org.apache.ratis.thirdparty.io.grpc.StatusRuntimeException: UNAVAILABLE: io exception
2025-10-10 10:39:42,630 [aa9634f0-8836-44d6-bc05-5b19fbdd93d5@group-813C05265458-LeaderElection203] INFO  impl.LeaderElection (LeaderElection.java:askForVotes(450)) - aa9634f0-8836-44d6-bc05-5b19fbdd93d5@group-813C05265458-LeaderElection203 PRE_VOTE round 0: result REJECTED
2025-10-10 10:39:42,630 [aa9634f0-8836-44d6-bc05-5b19fbdd93d5@group-813C05265458-LeaderElection203] INFO  server.RaftServer$Division (RaftServerImpl.java:setRole(392)) - aa9634f0-8836-44d6-bc05-5b19fbdd93d5@group-813C05265458: changes role from CANDIDATE to FOLLOWER at term 1 for REJECTED
2025-10-10 10:39:42,630 [aa9634f0-8836-44d6-bc05-5b19fbdd93d5@group-813C05265458-LeaderElection203] INFO  impl.RoleInfo (RoleInfo.java:shutdownLeaderElection(141)) - aa9634f0-8836-44d6-bc05-5b19fbdd93d5: shutdown aa9634f0-8836-44d6-bc05-5b19fbdd93d5@group-813C05265458-LeaderElection203
2025-10-10 10:39:42,630 [aa9634f0-8836-44d6-bc05-5b19fbdd93d5@group-813C05265458-LeaderElection203] INFO  impl.RoleInfo (RoleInfo.java:updateAndGet(148)) - aa9634f0-8836-44d6-bc05-5b19fbdd93d5: start aa9634f0-8836-44d6-bc05-5b19fbdd93d5@group-813C05265458-FollowerState
2025-10-10 10:39:42,702 [grpc-default-executor-8] ERROR impl.OrderedAsync (OrderedAsync.java:lambda$send$4(181)) - Failed to send request, message=cmdType: WriteChunk traceID: "" containerID: 6 datanodeUuid: "36185c6b-22ce-45d1-a622-3a6b487a5a53" writeChunk { blockID { containerID: 6 localID: 115816896921600006 blockCommitSequenceId: 0 replicaIndex: 0 } chunkData { chunkName: "115816896921600006_chunk_1" offset: 0 len: 524288 } } version: 3, data.size=524288
java.util.concurrent.CompletionException: org.apache.ratis.protocol.exceptions.RaftRetryFailureException: Failed RaftClientRequest:client-917D4E751540->36185c6b-22ce-45d1-a622-3a6b487a5a53@group-6EF60CB14872, cid=48, seq=6*, RW, cmdType: WriteChunk traceID: "" containerID: 6 datanodeUuid: "36185c6b-22ce-45d1-a622-3a6b487a5a53" writeChunk { blockID { containerID: 6 localID: 115816896921600006 blockCommitSequenceId: 0 replicaIndex: 0 } chunkData { chunkName: "115816896921600006_chunk_1" offset: 0 len: 524288 } } version: 3, data.size=524288 for 8 attempts with RequestTypeDependentRetryPolicy{WRITE->ExceptionDependentRetry(maxAttempts=2147483647; defaultPolicy=MultipleLinearRandomRetry[5x5s, 5x10s, 5x15s, 5x20s, 5x25s, 10x60s]; map={org.apache.ratis.protocol.exceptions.GroupMismatchException->NoRetry, org.apache.ratis.protocol.exceptions.NotReplicatedException->NoRetry, org.apache.ratis.protocol.exceptions.ResourceUnavailableException->org.apache.ratis.retry.ExponentialBackoffRetry@5851b78f, org.apache.ratis.protocol.exceptions.StateMachineException->NoRetry, org.apache.ratis.protocol.exceptions.TimeoutIOException->org.apache.ratis.retry.ExponentialBackoffRetry@5851b78f}), WATCH->ExceptionDependentRetry(maxAttempts=2147483647; defaultPolicy=MultipleLinearRandomRetry[5x5s, 5x10s, 5x15s, 5x20s, 5x25s, 10x60s]; map={org.apache.ratis.protocol.exceptions.GroupMismatchException->NoRetry, org.apache.ratis.protocol.exceptions.NotReplicatedException->NoRetry, org.apache.ratis.protocol.exceptions.ResourceUnavailableException->org.apache.ratis.retry.ExponentialBackoffRetry@5851b78f, org.apache.ratis.protocol.exceptions.StateMachineException->NoRetry, org.apache.ratis.protocol.exceptions.TimeoutIOException->NoRetry})}
	at java.base/java.util.concurrent.CompletableFuture.encodeThrowable(CompletableFuture.java:332)
	at java.base/java.util.concurrent.CompletableFuture.completeThrowable(CompletableFuture.java:347)
	at java.base/java.util.concurrent.CompletableFuture$UniApply.tryFire(CompletableFuture.java:636)
	at java.base/java.util.concurrent.CompletableFuture.postComplete(CompletableFuture.java:510)
	at java.base/java.util.concurrent.CompletableFuture.completeExceptionally(CompletableFuture.java:2194)
	at org.apache.ratis.client.impl.OrderedAsync$PendingOrderedRequest.fail(OrderedAsync.java:111)
	at org.apache.ratis.util.SlidingWindow$Client.fail(SlidingWindow.java:395)
	at org.apache.ratis.client.impl.OrderedAsync.failAllAsyncRequests(OrderedAsync.java:155)
	at org.apache.ratis.client.impl.OrderedAsync.handleException(OrderedAsync.java:239)
	at org.apache.ratis.client.impl.OrderedAsync.lambda$sendRequestWithRetry$7(OrderedAsync.java:217)
	at java.base/java.util.concurrent.CompletableFuture.uniExceptionally(CompletableFuture.java:990)
	at java.base/java.util.concurrent.CompletableFuture$UniExceptionally.tryFire(CompletableFuture.java:974)
	at java.base/java.util.concurrent.CompletableFuture.postComplete(CompletableFuture.java:510)
	at java.base/java.util.concurrent.CompletableFuture.completeExceptionally(CompletableFuture.java:2194)
	at org.apache.ratis.grpc.client.GrpcClientProtocolClient$AsyncStreamObservers.completeReplyExceptionally(GrpcClientProtocolClient.java:397)
	at org.apache.ratis.grpc.client.GrpcClientProtocolClient$AsyncStreamObservers.access$000(GrpcClientProtocolClient.java:303)
	at org.apache.ratis.grpc.client.GrpcClientProtocolClient$AsyncStreamObservers$1.onError(GrpcClientProtocolClient.java:334)
	at org.apache.ratis.thirdparty.io.grpc.stub.ClientCalls$StreamObserverToCallListenerAdapter.onClose(ClientCalls.java:564)
	at org.apache.ratis.thirdparty.io.grpc.PartialForwardingClientCallListener.onClose(PartialForwardingClientCallListener.java:39)
	at org.apache.ratis.thirdparty.io.grpc.ForwardingClientCallListener.onClose(ForwardingClientCallListener.java:23)
	at org.apache.ratis.grpc.metrics.intercept.client.MetricClientCallListener.onClose(MetricClientCallListener.java:47)
	at org.apache.ratis.thirdparty.io.grpc.internal.ClientCallImpl.closeObserver(ClientCallImpl.java:565)
	at org.apache.ratis.thirdparty.io.grpc.internal.ClientCallImpl.access$100(ClientCallImpl.java:72)
	at org.apache.ratis.thirdparty.io.grpc.internal.ClientCallImpl$ClientStreamListenerImpl$1StreamClosed.runInternal(ClientCallImpl.java:733)
	at org.apache.ratis.thirdparty.io.grpc.internal.ClientCallImpl$ClientStreamListenerImpl$1StreamClosed.runInContext(ClientCallImpl.java:714)
	at org.apache.ratis.thirdparty.io.grpc.internal.ContextRunnable.run(ContextRunnable.java:37)
	at org.apache.ratis.thirdparty.io.grpc.internal.SerializingExecutor.run(SerializingExecutor.java:133)
	at java.base/java.util.concurrent.ThreadPoolExecutor.runWorker(ThreadPoolExecutor.java:1144)
	at java.base/java.util.concurrent.ThreadPoolExecutor$Worker.run(ThreadPoolExecutor.java:642)
	at java.base/java.lang.Thread.run(Thread.java:1583)
Caused by: org.apache.ratis.protocol.exceptions.RaftRetryFailureException: Failed RaftClientRequest:client-917D4E751540->36185c6b-22ce-45d1-a622-3a6b487a5a53@group-6EF60CB14872, cid=48, seq=6*, RW, cmdType: WriteChunk traceID: "" containerID: 6 datanodeUuid: "36185c6b-22ce-45d1-a622-3a6b487a5a53" writeChunk { blockID { containerID: 6 localID: 115816896921600006 blockCommitSequenceId: 0 replicaIndex: 0 } chunkData { chunkName: "115816896921600006_chunk_1" offset: 0 len: 524288 } } version: 3, data.size=524288 for 8 attempts with RequestTypeDependentRetryPolicy{WRITE->ExceptionDependentRetry(maxAttempts=2147483647; defaultPolicy=MultipleLinearRandomRetry[5x5s, 5x10s, 5x15s, 5x20s, 5x25s, 10x60s]; map={org.apache.ratis.protocol.exceptions.GroupMismatchException->NoRetry, org.apache.ratis.protocol.exceptions.NotReplicatedException->NoRetry, org.apache.ratis.protocol.exceptions.ResourceUnavailableException->org.apache.ratis.retry.ExponentialBackoffRetry@5851b78f, org.apache.ratis.protocol.exceptions.StateMachineException->NoRetry, org.apache.ratis.protocol.exceptions.TimeoutIOException->org.apache.ratis.retry.ExponentialBackoffRetry@5851b78f}), WATCH->ExceptionDependentRetry(maxAttempts=2147483647; defaultPolicy=MultipleLinearRandomRetry[5x5s, 5x10s, 5x15s, 5x20s, 5x25s, 10x60s]; map={org.apache.ratis.protocol.exceptions.GroupMismatchException->NoRetry, org.apache.ratis.protocol.exceptions.NotReplicatedException->NoRetry, org.apache.ratis.protocol.exceptions.ResourceUnavailableException->org.apache.ratis.retry.ExponentialBackoffRetry@5851b78f, org.apache.ratis.protocol.exceptions.StateMachineException->NoRetry, org.apache.ratis.protocol.exceptions.TimeoutIOException->NoRetry})}
	at org.apache.ratis.client.impl.RaftClientImpl.noMoreRetries(RaftClientImpl.java:352)
	... 22 more
Caused by: java.io.IOException: org.apache.ratis.thirdparty.io.grpc.StatusRuntimeException: UNAVAILABLE: io exception
	at org.apache.ratis.grpc.GrpcUtil.unwrapException(GrpcUtil.java:99)
	at org.apache.ratis.grpc.GrpcUtil.unwrapIOException(GrpcUtil.java:159)
	at org.apache.ratis.grpc.client.GrpcClientProtocolClient$AsyncStreamObservers$1.onError(GrpcClientProtocolClient.java:333)
	... 13 more
Caused by: org.apache.ratis.thirdparty.io.grpc.StatusRuntimeException: UNAVAILABLE: io exception
	at org.apache.ratis.thirdparty.io.grpc.Status.asRuntimeException(Status.java:532)
	... 13 more
Caused by: org.apache.ratis.thirdparty.io.netty.channel.AbstractChannel$AnnotatedConnectException: finishConnect(..) failed: Connection refused: /127.0.0.1:15069
Caused by: java.net.ConnectException: finishConnect(..) failed: Connection refused
	at org.apache.ratis.thirdparty.io.netty.channel.unix.Errors.newConnectException0(Errors.java:166)
	at org.apache.ratis.thirdparty.io.netty.channel.unix.Errors.handleConnectErrno(Errors.java:131)
	at org.apache.ratis.thirdparty.io.netty.channel.unix.Socket.finishConnect(Socket.java:359)
	at org.apache.ratis.thirdparty.io.netty.channel.epoll.AbstractEpollChannel$AbstractEpollUnsafe.doFinishConnect(AbstractEpollChannel.java:715)
	at org.apache.ratis.thirdparty.io.netty.channel.epoll.AbstractEpollChannel$AbstractEpollUnsafe.finishConnect(AbstractEpollChannel.java:692)
	at org.apache.ratis.thirdparty.io.netty.channel.epoll.AbstractEpollChannel$AbstractEpollUnsafe.epollOutReady(AbstractEpollChannel.java:567)
	at org.apache.ratis.thirdparty.io.netty.channel.epoll.EpollEventLoop.processReady(EpollEventLoop.java:491)
	at org.apache.ratis.thirdparty.io.netty.channel.epoll.EpollEventLoop.run(EpollEventLoop.java:399)
	at org.apache.ratis.thirdparty.io.netty.util.concurrent.SingleThreadEventExecutor$4.run(SingleThreadEventExecutor.java:998)
	at org.apache.ratis.thirdparty.io.netty.util.internal.ThreadExecutorMap$2.run(ThreadExecutorMap.java:74)
	at org.apache.ratis.thirdparty.io.netty.util.concurrent.FastThreadLocalRunnable.run(FastThreadLocalRunnable.java:30)
	at java.base/java.lang.Thread.run(Thread.java:1583)
2025-10-10 10:39:42,702 [grpc-default-executor-8] ERROR impl.OrderedAsync (OrderedAsync.java:lambda$send$4(179)) - Failed to send request, message=cmdType: PutBlock traceID: "" containerID: 6 datanodeUuid: "36185c6b-22ce-45d1-a622-3a6b487a5a53" putBlock { blockData { blockID { containerID: 6 localID: 115816896921600006 blockCommitSequenceId: 0 } metadata { key: "TYPE" value: "KEY" } chunks { chunkName: "115816896921600006_chunk_1" offset: 0 len: 524288 } } eof: true } version: 3, data.size=0 due to java.util.concurrent.CompletionException: org.apache.ratis.protocol.exceptions.AlreadyClosedException: SlidingWindow$Client:client-917D4E751540->RAFT is closed.
2025-10-10 10:39:42,703 [ForkJoinPool-1-worker-1] WARN  io.KeyOutputStream (KeyOutputStream.java:handleExceptionInternal(377)) - Encountered exception java.io.IOException: Unexpected Storage Container Exception: java.util.concurrent.CompletionException: Failed to write chunk 115816896921600006_chunk_1 into block conID: 6 locID: 115816896921600006 bcsId: 0 replicaIndex: null on the pipeline Pipeline{ Id: 56f6ef43-c50c-4d35-89b5-6ef60cb14872, Nodes: [ {36185c6b-22ce-45d1-a622-3a6b487a5a53(localhost/127.0.0.1), ReplicaIndex: 0}, {895d447a-5476-42e4-b2fa-6eb687701d46(localhost/127.0.0.1), ReplicaIndex: 0}, {aa9634f0-8836-44d6-bc05-5b19fbdd93d5(localhost/127.0.0.1), ReplicaIndex: 0},], ReplicationConfig: RATIS/THREE, State:OPEN, leaderId:36185c6b-22ce-45d1-a622-3a6b487a5a53, CreationTimestamp2025-10-10T10:37:46.050Z[Etc/UTC]}. The last committed block length is 0, uncommitted data length is 524288 retry count 0
2025-10-10 10:39:42,732 [ForkJoinPool-1-worker-1] INFO  io.BlockOutputStreamEntry (BlockOutputStreamEntry.java:writeOnRetry(192)) - BlockOutputStreamEntry:ed4c9544-cd19-4799-b7a2-63c3eea929df conID: 7 locID: 115816896921600007 bcsId: 0 replicaIndex: null: Finish retrying with len 524288, currentPosition 524288
2025-10-10 10:39:42,733 [ForkJoinPool-1-worker-1] INFO  io.BlockOutputStreamEntry (BlockOutputStreamEntry.java:finishRetryHandling(141)) - BlockOutputStreamEntry:ed4c9544-cd19-4799-b7a2-63c3eea929df conID: 7 locID: 115816896921600007 bcsId: 0 replicaIndex: null: Exiting retry handling mode
]]></system-out>
  </testcase>
  <testcase name="testBlockWritesWithDnFailures" classname="org.apache.hadoop.ozone.client.rpc.TestFailureHandlingByClient" time="41.57">
    <system-out><![CDATA[2025-10-10 10:39:42,769 [ForkJoinPool-1-worker-1] WARN  dropwizard3.Dm3MetricRegistriesImpl (Dm3MetricRegistriesImpl.java:addReporterRegistration(114)) - New reporters are added after registries were created. Some metrics will be missing from the reporter. Please add reporter before adding any new registry.
2025-10-10 10:39:42,769 [ForkJoinPool-1-worker-1] WARN  dropwizard3.Dm3MetricRegistriesImpl (Dm3MetricRegistriesImpl.java:addReporterRegistration(114)) - New reporters are added after registries were created. Some metrics will be missing from the reporter. Please add reporter before adding any new registry.
2025-10-10 10:39:42,786 [ForkJoinPool-1-worker-1] INFO  ozone.HddsDatanodeService (HddsDatanodeService.java:start(236)) - HddsDatanodeService 36185c6b-22ce-45d1-a622-3a6b487a5a53(localhost/127.0.0.1)
2025-10-10 10:39:42,787 [ForkJoinPool-1-worker-1] INFO  upgrade.AbstractLayoutVersionManager (AbstractLayoutVersionManager.java:init(80)) - Initializing Layout version manager with metadata layout = WITNESSED_CONTAINER_DB_PROTO_VALUE (version = 9), software layout = WITNESSED_CONTAINER_DB_PROTO_VALUE (version = 9)
2025-10-10 10:39:42,787 [ForkJoinPool-1-worker-1] INFO  statemachine.DatanodeStateMachine (DatanodeStateMachine.java:getEndPointTaskThreadPoolSize(321)) - Datanode State Machine Task Thread Pool size 2
2025-10-10 10:39:42,789 [ForkJoinPool-1-worker-1] INFO  volume.HddsVolume (HddsVolume.java:<init>(162)) - HddsVolume: { id=DS-5cd8dead-8911-46d6-a0b8-6438206482ea dir=/home/runner/work/ozone/ozone/hadoop-ozone/integration-test/target/test-dir/MiniOzoneClusterImpl-611c99c7-d47b-4433-a4ef-cd0a35b076ef/ozone-metadata/datanode-8/data-0/hdds type=DISK capacity=9222449699674390527 used=0 available=9222449699674390527 minFree=9222450130714624 committed=0 }
2025-10-10 10:39:42,789 [ForkJoinPool-1-worker-1] INFO  volume.MutableVolumeSet (MutableVolumeSet.java:initializeVolumeSet(175)) - Added Volume : /home/runner/work/ozone/ozone/hadoop-ozone/integration-test/target/test-dir/MiniOzoneClusterImpl-611c99c7-d47b-4433-a4ef-cd0a35b076ef/ozone-metadata/datanode-8/data-0/hdds to VolumeSet
2025-10-10 10:39:42,790 [ForkJoinPool-1-worker-1] INFO  volume.MutableVolumeSet (MutableVolumeSet.java:initializeVolumeSet(175)) - Added Volume : /home/runner/work/ozone/ozone/hadoop-ozone/integration-test/target/test-dir/MiniOzoneClusterImpl-611c99c7-d47b-4433-a4ef-cd0a35b076ef/ozone-metadata/datanode-8/ratis to VolumeSet
2025-10-10 10:39:42,803 [ForkJoinPool.commonPool-worker-2] INFO  utils.DatanodeStoreCache (DatanodeStoreCache.java:addDB(70)) - Added db /home/runner/work/ozone/ozone/hadoop-ozone/integration-test/target/test-dir/MiniOzoneClusterImpl-611c99c7-d47b-4433-a4ef-cd0a35b076ef/ozone-metadata/datanode-8/data-0/hdds/611c99c7-d47b-4433-a4ef-cd0a35b076ef/DS-5cd8dead-8911-46d6-a0b8-6438206482ea/container.db to cache
2025-10-10 10:39:42,803 [ForkJoinPool.commonPool-worker-2] INFO  volume.HddsVolume (HddsVolume.java:loadDbStore(517)) - SchemaV3 db is loaded at /home/runner/work/ozone/ozone/hadoop-ozone/integration-test/target/test-dir/MiniOzoneClusterImpl-611c99c7-d47b-4433-a4ef-cd0a35b076ef/ozone-metadata/datanode-8/data-0/hdds/611c99c7-d47b-4433-a4ef-cd0a35b076ef/DS-5cd8dead-8911-46d6-a0b8-6438206482ea/container.db for volume DS-5cd8dead-8911-46d6-a0b8-6438206482ea
2025-10-10 10:39:42,803 [ForkJoinPool-1-worker-1] INFO  ozoneimpl.OzoneContainer (HddsVolumeUtil.java:loadAllHddsVolumeDbStore(102)) - Load 1 volumes DbStore cost: 13ms
2025-10-10 10:39:42,804 [ForkJoinPool-1-worker-1] WARN  db.DBStoreBuilder (DBStoreBuilder.java:getDBDirPath(157)) - ozone.scm.datanode.id.dir is not configured. We recommend adding this setting. Falling back to ozone.metadata.dirs instead.
2025-10-10 10:39:42,804 [ForkJoinPool-1-worker-1] WARN  db.DBStoreBuilder (DBStoreBuilder.java:getDBDirPath(157)) - ozone.scm.datanode.id.dir is not configured. We recommend adding this setting. Falling back to ozone.metadata.dirs instead.
2025-10-10 10:39:42,813 [ForkJoinPool-1-worker-1] INFO  impl.FilePerChunkStrategy (FilePerChunkStrategy.java:<init>(79)) - ozone.chunk.read.mapped.buffer.max.count is load with 0
2025-10-10 10:39:42,813 [ForkJoinPool-1-worker-1] INFO  impl.FilePerBlockStrategy (FilePerBlockStrategy.java:<init>(88)) - ozone.chunk.read.mapped.buffer.max.count is load with 0
2025-10-10 10:39:42,814 [ForkJoinPool-1-worker-1] INFO  server.RaftServerConfigKeys (ConfUtils.java:logGet(62)) - raft.server.log.appender.buffer.byte-limit = 33554432 (custom)
2025-10-10 10:39:42,815 [ForkJoinPool-1-worker-1] INFO  grpc.GrpcConfigKeys (ConfUtils.java:logFallback(69)) - raft.grpc.admin.host = null (fallback to raft.grpc.server.host)
2025-10-10 10:39:42,815 [ForkJoinPool-1-worker-1] INFO  grpc.GrpcConfigKeys (ConfUtils.java:logGet(62)) - raft.grpc.admin.port = 15070 (custom)
2025-10-10 10:39:42,815 [ForkJoinPool-1-worker-1] INFO  grpc.GrpcConfigKeys (ConfUtils.java:logFallback(69)) - raft.grpc.client.host = null (fallback to raft.grpc.server.host)
2025-10-10 10:39:42,815 [ForkJoinPool-1-worker-1] INFO  grpc.GrpcConfigKeys (ConfUtils.java:logGet(62)) - raft.grpc.client.port = 15069 (custom)
2025-10-10 10:39:42,815 [ForkJoinPool-1-worker-1] INFO  grpc.GrpcConfigKeys (ConfUtils.java:logGet(62)) - raft.grpc.server.port = 15071 (custom)
2025-10-10 10:39:42,815 [ForkJoinPool-1-worker-1] INFO  server.GrpcServicesImpl (ConfUtils.java:logGet(62)) - raft.grpc.message.size.max = 34603008 (custom)
2025-10-10 10:39:42,815 [ForkJoinPool-1-worker-1] INFO  server.GrpcServicesImpl (ConfUtils.java:logGet(62)) - raft.grpc.flow.control.window = 5MB (=5242880) (custom)
2025-10-10 10:39:42,816 [ForkJoinPool-1-worker-1] INFO  server.RaftServerConfigKeys (ConfUtils.java:logGet(62)) - raft.server.log.appender.buffer.byte-limit = 33554432 (custom)
2025-10-10 10:39:42,817 [ForkJoinPool-1-worker-1] INFO  netty.NettyUtils (NettyUtils.java:newEventLoopGroup(74)) - Create EpollEventLoopGroup for 36185c6b-22ce-45d1-a622-3a6b487a5a53-NettyServerStreamRpc-bossGroup; Thread size is 0.
2025-10-10 10:39:42,817 [ForkJoinPool-1-worker-1] INFO  netty.NettyUtils (NettyUtils.java:newEventLoopGroup(74)) - Create EpollEventLoopGroup for 36185c6b-22ce-45d1-a622-3a6b487a5a53-NettyServerStreamRpc-workerGroup; Thread size is 0.
2025-10-10 10:39:42,818 [ForkJoinPool-1-worker-1] INFO  netty.NettyConfigKeys$DataStream (ConfUtils.java:logGet(62)) - raft.netty.dataStream.port = 15072 (custom)
2025-10-10 10:39:42,818 [ForkJoinPool-1-worker-1] INFO  server.RaftServerConfigKeys (ConfUtils.java:logGet(62)) - raft.server.storage.dir = [/home/runner/work/ozone/ozone/hadoop-ozone/integration-test/target/test-dir/MiniOzoneClusterImpl-611c99c7-d47b-4433-a4ef-cd0a35b076ef/ozone-metadata/datanode-8/ratis] (custom)
2025-10-10 10:39:42,818 [36185c6b-22ce-45d1-a622-3a6b487a5a53-NettyServerStreamRpc-bossGroup--thread1] INFO  logging.LoggingHandler (AbstractInternalLogger.java:log(148)) - [id: 0x34d64659] REGISTERED
2025-10-10 10:39:42,818 [36185c6b-22ce-45d1-a622-3a6b487a5a53-NettyServerStreamRpc-bossGroup--thread1] INFO  logging.LoggingHandler (AbstractInternalLogger.java:log(148)) - [id: 0x34d64659] BIND: 0.0.0.0/0.0.0.0:15072
2025-10-10 10:39:42,818 [36185c6b-22ce-45d1-a622-3a6b487a5a53-impl-thread1] INFO  server.RaftServer (RaftServerProxy.java:initGroupDir(270)) - 36185c6b-22ce-45d1-a622-3a6b487a5a53: found a subdirectory /home/runner/work/ozone/ozone/hadoop-ozone/integration-test/target/test-dir/MiniOzoneClusterImpl-611c99c7-d47b-4433-a4ef-cd0a35b076ef/ozone-metadata/datanode-8/ratis/e51e4850-930a-48f3-bb77-813c05265458
2025-10-10 10:39:42,819 [36185c6b-22ce-45d1-a622-3a6b487a5a53-NettyServerStreamRpc-bossGroup--thread1] INFO  logging.LoggingHandler (AbstractInternalLogger.java:log(148)) - [id: 0x34d64659, L:/0.0.0.0:15072] ACTIVE
2025-10-10 10:39:42,819 [36185c6b-22ce-45d1-a622-3a6b487a5a53-impl-thread1] INFO  server.RaftServer (RaftServerProxy.java:addNew(105)) - 36185c6b-22ce-45d1-a622-3a6b487a5a53: addNew group-813C05265458:[] returns group-813C05265458:java.util.concurrent.CompletableFuture@70aad23f[Not completed]
2025-10-10 10:39:42,819 [36185c6b-22ce-45d1-a622-3a6b487a5a53-impl-thread1] INFO  server.RaftServer (RaftServerProxy.java:initGroupDir(270)) - 36185c6b-22ce-45d1-a622-3a6b487a5a53: found a subdirectory /home/runner/work/ozone/ozone/hadoop-ozone/integration-test/target/test-dir/MiniOzoneClusterImpl-611c99c7-d47b-4433-a4ef-cd0a35b076ef/ozone-metadata/datanode-8/ratis/db5b5c2b-f866-4aec-a921-386b2f16df49
2025-10-10 10:39:42,819 [36185c6b-22ce-45d1-a622-3a6b487a5a53-impl-thread1] INFO  server.RaftServer (RaftServerProxy.java:addNew(105)) - 36185c6b-22ce-45d1-a622-3a6b487a5a53: addNew group-386B2F16DF49:[] returns group-386B2F16DF49:java.util.concurrent.CompletableFuture@4e484165[Not completed]
2025-10-10 10:39:42,819 [36185c6b-22ce-45d1-a622-3a6b487a5a53-impl-thread1] INFO  server.RaftServer (RaftServerProxy.java:initGroupDir(270)) - 36185c6b-22ce-45d1-a622-3a6b487a5a53: found a subdirectory /home/runner/work/ozone/ozone/hadoop-ozone/integration-test/target/test-dir/MiniOzoneClusterImpl-611c99c7-d47b-4433-a4ef-cd0a35b076ef/ozone-metadata/datanode-8/ratis/tmp
2025-10-10 10:39:42,819 [36185c6b-22ce-45d1-a622-3a6b487a5a53-impl-thread1] INFO  server.RaftServer (RaftServerProxy.java:initGroupDir(275)) - 36185c6b-22ce-45d1-a622-3a6b487a5a53: The directory /home/runner/work/ozone/ozone/hadoop-ozone/integration-test/target/test-dir/MiniOzoneClusterImpl-611c99c7-d47b-4433-a4ef-cd0a35b076ef/ozone-metadata/datanode-8/ratis/tmp is not a group directory; ignoring it. 
2025-10-10 10:39:42,819 [36185c6b-22ce-45d1-a622-3a6b487a5a53-impl-thread1] INFO  server.RaftServer (RaftServerProxy.java:initGroupDir(270)) - 36185c6b-22ce-45d1-a622-3a6b487a5a53: found a subdirectory /home/runner/work/ozone/ozone/hadoop-ozone/integration-test/target/test-dir/MiniOzoneClusterImpl-611c99c7-d47b-4433-a4ef-cd0a35b076ef/ozone-metadata/datanode-8/ratis/56f6ef43-c50c-4d35-89b5-6ef60cb14872
2025-10-10 10:39:42,819 [36185c6b-22ce-45d1-a622-3a6b487a5a53-impl-thread1] INFO  server.RaftServer (RaftServerProxy.java:addNew(105)) - 36185c6b-22ce-45d1-a622-3a6b487a5a53: addNew group-6EF60CB14872:[] returns group-6EF60CB14872:java.util.concurrent.CompletableFuture@4110e750[Not completed]
2025-10-10 10:39:42,819 [ForkJoinPool-1-worker-1] INFO  replication.ReplicationServer (ReplicationServer.java:<init>(84)) - Initializing replication server with thread count = 10 queue length = 4096
2025-10-10 10:39:42,820 [36185c6b-22ce-45d1-a622-3a6b487a5a53-groupManagement] INFO  server.RaftServer$Division (RaftServerImpl.java:<init>(268)) - 36185c6b-22ce-45d1-a622-3a6b487a5a53: new RaftServerImpl for group-813C05265458:[] with ContainerStateMachine:uninitialized
2025-10-10 10:39:42,820 [36185c6b-22ce-45d1-a622-3a6b487a5a53-groupManagement] INFO  server.RaftServer$Division (ServerState.java:<init>(114)) - 36185c6b-22ce-45d1-a622-3a6b487a5a53@group-813C05265458: ConfigurationManager, init=conf: {index: -1, cur=peers:[]|listeners:[], old=null}, confs=<EMPTY_MAP>
2025-10-10 10:39:42,820 [ForkJoinPool-1-worker-1] INFO  server.XceiverServerGrpc (XceiverServerGrpc.java:<init>(129)) - GrpcServer channel type EpollServerSocketChannel
2025-10-10 10:39:42,821 [ForkJoinPool-1-worker-1] INFO  replication.ReplicationSupervisor (ReplicationSupervisor.java:build(169)) - Initializing replication supervisor with thread count = 10
2025-10-10 10:39:42,821 [ForkJoinPool-1-worker-1] INFO  replication.ReplicationSupervisor (ReplicationSupervisor.java:nodeStateUpdated(358)) - Node state updated to IN_SERVICE, scaling executor pool size to 10
2025-10-10 10:39:42,824 [ForkJoinPool-1-worker-1] INFO  http.BaseHttpServer (BaseHttpServer.java:newHttpServer2BuilderForOzone(227)) - Starting Web-server for hddsDatanode at: http://0.0.0.0:15066
2025-10-10 10:39:42,824 [ForkJoinPool-1-worker-1] INFO  http.BaseHttpServer (BaseHttpServer.java:<init>(105)) - Hadoop Security Enabled: false Ozone Security Enabled: false Ozone HTTP Security Enabled: false 
2025-10-10 10:39:42,824 [36185c6b-22ce-45d1-a622-3a6b487a5a53-groupManagement] INFO  server.RaftServer$Division (RaftServerImpl.java:<init>(268)) - 36185c6b-22ce-45d1-a622-3a6b487a5a53: new RaftServerImpl for group-386B2F16DF49:[] with ContainerStateMachine:uninitialized
2025-10-10 10:39:42,824 [36185c6b-22ce-45d1-a622-3a6b487a5a53-groupManagement] INFO  server.RaftServer$Division (ServerState.java:<init>(114)) - 36185c6b-22ce-45d1-a622-3a6b487a5a53@group-386B2F16DF49: ConfigurationManager, init=conf: {index: -1, cur=peers:[]|listeners:[], old=null}, confs=<EMPTY_MAP>
2025-10-10 10:39:42,825 [ForkJoinPool-1-worker-1] WARN  server.AuthenticationFilter (AuthenticationFilter.java:constructSecretProvider(240)) - Unable to initialize FileSignerSecretProvider, falling back to use random secrets. Reason: Could not read signature secret file: /home/runner/hadoop-http-auth-signature-secret
2025-10-10 10:39:42,827 [ForkJoinPool-1-worker-1] INFO  http.HttpServer2 (HttpServer2.java:addGlobalFilter(1040)) - Added global filter 'safety' (class=org.apache.hadoop.hdds.server.http.HttpServer2$QuotingInputFilter)
2025-10-10 10:39:42,828 [ForkJoinPool-1-worker-1] INFO  http.HttpServer2 (HttpServer2.java:addFilter(1016)) - Added filter static_user_filter (class=org.apache.hadoop.http.lib.StaticUserWebFilter$StaticUserFilter) to context hddsDatanode
2025-10-10 10:39:42,828 [ForkJoinPool-1-worker-1] INFO  http.HttpServer2 (HttpServer2.java:addFilter(1024)) - Added filter static_user_filter (class=org.apache.hadoop.http.lib.StaticUserWebFilter$StaticUserFilter) to context logs
2025-10-10 10:39:42,828 [ForkJoinPool-1-worker-1] INFO  http.HttpServer2 (HttpServer2.java:addFilter(1024)) - Added filter static_user_filter (class=org.apache.hadoop.http.lib.StaticUserWebFilter$StaticUserFilter) to context static
2025-10-10 10:39:42,828 [36185c6b-22ce-45d1-a622-3a6b487a5a53-groupManagement] INFO  server.RaftServer$Division (RaftServerImpl.java:<init>(268)) - 36185c6b-22ce-45d1-a622-3a6b487a5a53: new RaftServerImpl for group-6EF60CB14872:[] with ContainerStateMachine:uninitialized
2025-10-10 10:39:42,829 [36185c6b-22ce-45d1-a622-3a6b487a5a53-groupManagement] INFO  server.RaftServer$Division (ServerState.java:<init>(114)) - 36185c6b-22ce-45d1-a622-3a6b487a5a53@group-6EF60CB14872: ConfigurationManager, init=conf: {index: -1, cur=peers:[]|listeners:[], old=null}, confs=<EMPTY_MAP>
2025-10-10 10:39:42,829 [ForkJoinPool-1-worker-1] INFO  http.BaseHttpServer (BaseHttpServer.java:<init>(193)) - HTTP server of hddsDatanode uses base directory /home/runner/work/ozone/ozone/hadoop-ozone/integration-test/target/test-dir/MiniOzoneClusterImpl-611c99c7-d47b-4433-a4ef-cd0a35b076ef/scm/ozone-metadata/webserver
2025-10-10 10:39:42,829 [ForkJoinPool-1-worker-1] INFO  http.HttpServer2 (HttpServer2.java:bindListener(1240)) - Jetty bound to port 15066
2025-10-10 10:39:42,829 [ForkJoinPool-1-worker-1] INFO  server.Server (Server.java:doStart(375)) - jetty-9.4.58.v20250814; built: 2025-08-14T02:28:49.637Z; git: 8f1440587e9e4ae7db3d74cf205643f3d707148d; jvm 21.0.8+9-LTS
2025-10-10 10:39:42,834 [ForkJoinPool-1-worker-1] INFO  server.session (DefaultSessionIdManager.java:doStart(334)) - DefaultSessionIdManager workerName=node0
2025-10-10 10:39:42,834 [ForkJoinPool-1-worker-1] INFO  server.session (DefaultSessionIdManager.java:doStart(339)) - No SessionScavenger set, using defaults
2025-10-10 10:39:42,834 [ForkJoinPool-1-worker-1] INFO  server.session (HouseKeeper.java:startScavenging(132)) - node0 Scavenging every 660000ms
2025-10-10 10:39:42,835 [ForkJoinPool-1-worker-1] INFO  handler.ContextHandler (ContextHandler.java:doStart(921)) - Started o.e.j.s.ServletContextHandler@157e267{logs,/logs,file:///home/runner/work/ozone/ozone/hadoop-ozone/integration-test/target/log,AVAILABLE}
2025-10-10 10:39:42,835 [ForkJoinPool-1-worker-1] INFO  handler.ContextHandler (ContextHandler.java:doStart(921)) - Started o.e.j.s.ServletContextHandler@48eb6d60{static,/static,jar:file:/home/runner/work/ozone/ozone/hadoop-hdds/container-service/target/hdds-container-service-2.1.0-SNAPSHOT.jar!/webapps/static,AVAILABLE}
2025-10-10 10:39:42,978 [ForkJoinPool-1-worker-1] INFO  handler.ContextHandler (ContextHandler.java:doStart(921)) - Started o.e.j.w.WebAppContext@6c359536{hddsDatanode,/,file:///home/runner/work/ozone/ozone/hadoop-ozone/integration-test/target/test-dir/MiniOzoneClusterImpl-611c99c7-d47b-4433-a4ef-cd0a35b076ef/scm/ozone-metadata/webserver/jetty-0_0_0_0-15066-hdds-container-service-2_1_0-SNAPSHOT_jar-_-any-16856243812655354417/webapp/,AVAILABLE}{jar:file:/home/runner/work/ozone/ozone/hadoop-hdds/container-service/target/hdds-container-service-2.1.0-SNAPSHOT.jar!/webapps/hddsDatanode}
2025-10-10 10:39:42,979 [ForkJoinPool-1-worker-1] INFO  server.AbstractConnector (AbstractConnector.java:doStart(333)) - Started ServerConnector@7fc59ebb{HTTP/1.1, (http/1.1)}{0.0.0.0:15066}
2025-10-10 10:39:42,979 [ForkJoinPool-1-worker-1] INFO  server.Server (Server.java:doStart(415)) - Started @131666ms
2025-10-10 10:39:42,979 [ForkJoinPool-1-worker-1] WARN  impl.MetricsSystemImpl (MetricsSystemImpl.java:register(279)) - Sink prometheus already exists!
2025-10-10 10:39:42,979 [ForkJoinPool-1-worker-1] INFO  http.BaseHttpServer (BaseHttpServer.java:updateConnectorAddress(357)) - HTTP server of hddsDatanode listening at http://localhost:15066
2025-10-10 10:39:42,979 [ForkJoinPool-1-worker-1] INFO  ipc.CallQueueManager (CallQueueManager.java:<init>(93)) - Using callQueue: class java.util.concurrent.LinkedBlockingQueue, queueCapacity: 1000, scheduler: class org.apache.hadoop.ipc.DefaultRpcScheduler, ipcBackoff: false, ipcFailOver: false.
2025-10-10 10:39:42,980 [ForkJoinPool-1-worker-1] INFO  ipc.Server (Server.java:<init>(1438)) - Listener at 0.0.0.0:15067
2025-10-10 10:39:42,980 [Socket Reader #1 for port 15067] INFO  ipc.Server (Server.java:run(1474)) - Starting Socket Reader #1 for port 15067
2025-10-10 10:39:42,980 [Socket Reader #2 for port 15067] INFO  ipc.Server (Server.java:run(1474)) - Starting Socket Reader #2 for port 15067
2025-10-10 10:39:42,981 [Socket Reader #3 for port 15067] INFO  ipc.Server (Server.java:run(1474)) - Starting Socket Reader #3 for port 15067
2025-10-10 10:39:42,981 [Socket Reader #4 for port 15067] INFO  ipc.Server (Server.java:run(1474)) - Starting Socket Reader #4 for port 15067
2025-10-10 10:39:42,982 [Socket Reader #5 for port 15067] INFO  ipc.Server (Server.java:run(1474)) - Starting Socket Reader #5 for port 15067
2025-10-10 10:39:42,982 [Socket Reader #6 for port 15067] INFO  ipc.Server (Server.java:run(1474)) - Starting Socket Reader #6 for port 15067
2025-10-10 10:39:42,983 [Socket Reader #7 for port 15067] INFO  ipc.Server (Server.java:run(1474)) - Starting Socket Reader #7 for port 15067
2025-10-10 10:39:42,983 [Socket Reader #8 for port 15067] INFO  ipc.Server (Server.java:run(1474)) - Starting Socket Reader #8 for port 15067
2025-10-10 10:39:42,983 [Socket Reader #9 for port 15067] INFO  ipc.Server (Server.java:run(1474)) - Starting Socket Reader #9 for port 15067
2025-10-10 10:39:42,983 [Socket Reader #10 for port 15067] INFO  ipc.Server (Server.java:run(1474)) - Starting Socket Reader #10 for port 15067
2025-10-10 10:39:42,985 [ForkJoinPool-1-worker-1] INFO  ozone.HddsDatanodeService (HddsDatanodeService.java:start(333)) - Datanode start with admins: [admin, runner]
2025-10-10 10:39:42,985 [ForkJoinPool-1-worker-1] INFO  ozone.HddsDatanodeClientProtocolServer (HddsDatanodeClientProtocolServer.java:start(76)) - RPC server for Client /0.0.0.0:15067
2025-10-10 10:39:42,985 [IPC Server Responder] INFO  ipc.Server (Server.java:run(1713)) - IPC Server Responder: starting
2025-10-10 10:39:42,985 [IPC Server listener on 15067] INFO  ipc.Server (Server.java:run(1553)) - IPC Server listener on 15067: starting
2025-10-10 10:39:42,989 [ForkJoinPool-1-worker-1] WARN  dropwizard3.Dm3MetricRegistriesImpl (Dm3MetricRegistriesImpl.java:addReporterRegistration(114)) - New reporters are added after registries were created. Some metrics will be missing from the reporter. Please add reporter before adding any new registry.
2025-10-10 10:39:42,989 [ForkJoinPool-1-worker-1] WARN  dropwizard3.Dm3MetricRegistriesImpl (Dm3MetricRegistriesImpl.java:addReporterRegistration(114)) - New reporters are added after registries were created. Some metrics will be missing from the reporter. Please add reporter before adding any new registry.
2025-10-10 10:39:42,990 [36185c6b-22ce-45d1-a622-3a6b487a5a53-DatanodeStateMachineDaemonThread] INFO  statemachine.DatanodeStateMachine (DatanodeStateMachine.java:startStateMachineThread(363)) - Ozone container server started.
2025-10-10 10:39:42,993 [36185c6b-22ce-45d1-a622-3a6b487a5a53-DatanodeStateMachineTaskThread-0] INFO  datanode.InitDatanodeState (InitDatanodeState.java:persistContainerDatanodeDetails(139)) - DatanodeDetails is persisted to /home/runner/work/ozone/ozone/hadoop-ozone/integration-test/target/test-dir/MiniOzoneClusterImpl-611c99c7-d47b-4433-a4ef-cd0a35b076ef/ozone-metadata/datanode-8/ozone-metadata/datanode.id
2025-10-10 10:39:43,011 [ForkJoinPool-1-worker-1] INFO  ozone.HddsDatanodeService (HddsDatanodeService.java:start(236)) - HddsDatanodeService 895d447a-5476-42e4-b2fa-6eb687701d46(localhost/127.0.0.1)
2025-10-10 10:39:43,013 [ForkJoinPool-1-worker-1] INFO  upgrade.AbstractLayoutVersionManager (AbstractLayoutVersionManager.java:init(80)) - Initializing Layout version manager with metadata layout = WITNESSED_CONTAINER_DB_PROTO_VALUE (version = 9), software layout = WITNESSED_CONTAINER_DB_PROTO_VALUE (version = 9)
2025-10-10 10:39:43,013 [ForkJoinPool-1-worker-1] INFO  statemachine.DatanodeStateMachine (DatanodeStateMachine.java:getEndPointTaskThreadPoolSize(321)) - Datanode State Machine Task Thread Pool size 2
2025-10-10 10:39:43,015 [ForkJoinPool-1-worker-1] INFO  volume.HddsVolume (HddsVolume.java:<init>(162)) - HddsVolume: { id=DS-8fb42501-9102-4ac6-a22c-4421d3850807 dir=/home/runner/work/ozone/ozone/hadoop-ozone/integration-test/target/test-dir/MiniOzoneClusterImpl-611c99c7-d47b-4433-a4ef-cd0a35b076ef/ozone-metadata/datanode-9/data-0/hdds type=DISK capacity=9222449699674390527 used=0 available=9222449699674390527 minFree=9222450130714624 committed=0 }
2025-10-10 10:39:43,016 [ForkJoinPool-1-worker-1] INFO  volume.MutableVolumeSet (MutableVolumeSet.java:initializeVolumeSet(175)) - Added Volume : /home/runner/work/ozone/ozone/hadoop-ozone/integration-test/target/test-dir/MiniOzoneClusterImpl-611c99c7-d47b-4433-a4ef-cd0a35b076ef/ozone-metadata/datanode-9/data-0/hdds to VolumeSet
2025-10-10 10:39:43,017 [ForkJoinPool-1-worker-1] INFO  volume.MutableVolumeSet (MutableVolumeSet.java:initializeVolumeSet(175)) - Added Volume : /home/runner/work/ozone/ozone/hadoop-ozone/integration-test/target/test-dir/MiniOzoneClusterImpl-611c99c7-d47b-4433-a4ef-cd0a35b076ef/ozone-metadata/datanode-9/ratis to VolumeSet
2025-10-10 10:39:43,034 [ForkJoinPool.commonPool-worker-2] INFO  utils.DatanodeStoreCache (DatanodeStoreCache.java:addDB(70)) - Added db /home/runner/work/ozone/ozone/hadoop-ozone/integration-test/target/test-dir/MiniOzoneClusterImpl-611c99c7-d47b-4433-a4ef-cd0a35b076ef/ozone-metadata/datanode-9/data-0/hdds/611c99c7-d47b-4433-a4ef-cd0a35b076ef/DS-8fb42501-9102-4ac6-a22c-4421d3850807/container.db to cache
2025-10-10 10:39:43,034 [ForkJoinPool.commonPool-worker-2] INFO  volume.HddsVolume (HddsVolume.java:loadDbStore(517)) - SchemaV3 db is loaded at /home/runner/work/ozone/ozone/hadoop-ozone/integration-test/target/test-dir/MiniOzoneClusterImpl-611c99c7-d47b-4433-a4ef-cd0a35b076ef/ozone-metadata/datanode-9/data-0/hdds/611c99c7-d47b-4433-a4ef-cd0a35b076ef/DS-8fb42501-9102-4ac6-a22c-4421d3850807/container.db for volume DS-8fb42501-9102-4ac6-a22c-4421d3850807
2025-10-10 10:39:43,034 [ForkJoinPool-1-worker-1] INFO  ozoneimpl.OzoneContainer (HddsVolumeUtil.java:loadAllHddsVolumeDbStore(102)) - Load 1 volumes DbStore cost: 17ms
2025-10-10 10:39:43,035 [ForkJoinPool-1-worker-1] WARN  db.DBStoreBuilder (DBStoreBuilder.java:getDBDirPath(157)) - ozone.scm.datanode.id.dir is not configured. We recommend adding this setting. Falling back to ozone.metadata.dirs instead.
2025-10-10 10:39:43,035 [ForkJoinPool-1-worker-1] WARN  db.DBStoreBuilder (DBStoreBuilder.java:getDBDirPath(157)) - ozone.scm.datanode.id.dir is not configured. We recommend adding this setting. Falling back to ozone.metadata.dirs instead.
2025-10-10 10:39:43,043 [ForkJoinPool-1-worker-1] INFO  impl.FilePerChunkStrategy (FilePerChunkStrategy.java:<init>(79)) - ozone.chunk.read.mapped.buffer.max.count is load with 0
2025-10-10 10:39:43,043 [ForkJoinPool-1-worker-1] INFO  impl.FilePerBlockStrategy (FilePerBlockStrategy.java:<init>(88)) - ozone.chunk.read.mapped.buffer.max.count is load with 0
2025-10-10 10:39:43,043 [ForkJoinPool-1-worker-1] INFO  server.RaftServerConfigKeys (ConfUtils.java:logGet(62)) - raft.server.log.appender.buffer.byte-limit = 33554432 (custom)
2025-10-10 10:39:43,044 [ForkJoinPool-1-worker-1] INFO  grpc.GrpcConfigKeys (ConfUtils.java:logFallback(69)) - raft.grpc.admin.host = null (fallback to raft.grpc.server.host)
2025-10-10 10:39:43,044 [ForkJoinPool-1-worker-1] INFO  grpc.GrpcConfigKeys (ConfUtils.java:logGet(62)) - raft.grpc.admin.port = 15078 (custom)
2025-10-10 10:39:43,044 [ForkJoinPool-1-worker-1] INFO  grpc.GrpcConfigKeys (ConfUtils.java:logFallback(69)) - raft.grpc.client.host = null (fallback to raft.grpc.server.host)
2025-10-10 10:39:43,045 [ForkJoinPool-1-worker-1] INFO  grpc.GrpcConfigKeys (ConfUtils.java:logGet(62)) - raft.grpc.client.port = 15077 (custom)
2025-10-10 10:39:43,045 [ForkJoinPool-1-worker-1] INFO  grpc.GrpcConfigKeys (ConfUtils.java:logGet(62)) - raft.grpc.server.port = 15079 (custom)
2025-10-10 10:39:43,045 [ForkJoinPool-1-worker-1] INFO  server.GrpcServicesImpl (ConfUtils.java:logGet(62)) - raft.grpc.message.size.max = 34603008 (custom)
2025-10-10 10:39:43,045 [ForkJoinPool-1-worker-1] INFO  server.GrpcServicesImpl (ConfUtils.java:logGet(62)) - raft.grpc.flow.control.window = 5MB (=5242880) (custom)
2025-10-10 10:39:43,045 [ForkJoinPool-1-worker-1] INFO  server.RaftServerConfigKeys (ConfUtils.java:logGet(62)) - raft.server.log.appender.buffer.byte-limit = 33554432 (custom)
2025-10-10 10:39:43,046 [ForkJoinPool-1-worker-1] INFO  netty.NettyUtils (NettyUtils.java:newEventLoopGroup(74)) - Create EpollEventLoopGroup for 895d447a-5476-42e4-b2fa-6eb687701d46-NettyServerStreamRpc-bossGroup; Thread size is 0.
2025-10-10 10:39:43,047 [ForkJoinPool-1-worker-1] INFO  netty.NettyUtils (NettyUtils.java:newEventLoopGroup(74)) - Create EpollEventLoopGroup for 895d447a-5476-42e4-b2fa-6eb687701d46-NettyServerStreamRpc-workerGroup; Thread size is 0.
2025-10-10 10:39:43,047 [ForkJoinPool-1-worker-1] INFO  netty.NettyConfigKeys$DataStream (ConfUtils.java:logGet(62)) - raft.netty.dataStream.port = 15080 (custom)
2025-10-10 10:39:43,048 [ForkJoinPool-1-worker-1] INFO  server.RaftServerConfigKeys (ConfUtils.java:logGet(62)) - raft.server.storage.dir = [/home/runner/work/ozone/ozone/hadoop-ozone/integration-test/target/test-dir/MiniOzoneClusterImpl-611c99c7-d47b-4433-a4ef-cd0a35b076ef/ozone-metadata/datanode-9/ratis] (custom)
2025-10-10 10:39:43,048 [895d447a-5476-42e4-b2fa-6eb687701d46-NettyServerStreamRpc-bossGroup--thread1] INFO  logging.LoggingHandler (AbstractInternalLogger.java:log(148)) - [id: 0x7fff53e7] REGISTERED
2025-10-10 10:39:43,048 [895d447a-5476-42e4-b2fa-6eb687701d46-NettyServerStreamRpc-bossGroup--thread1] INFO  logging.LoggingHandler (AbstractInternalLogger.java:log(148)) - [id: 0x7fff53e7] BIND: 0.0.0.0/0.0.0.0:15080
2025-10-10 10:39:43,048 [895d447a-5476-42e4-b2fa-6eb687701d46-NettyServerStreamRpc-bossGroup--thread1] INFO  logging.LoggingHandler (AbstractInternalLogger.java:log(148)) - [id: 0x7fff53e7, L:/0.0.0.0:15080] ACTIVE
2025-10-10 10:39:43,048 [895d447a-5476-42e4-b2fa-6eb687701d46-impl-thread1] INFO  server.RaftServer (RaftServerProxy.java:initGroupDir(270)) - 895d447a-5476-42e4-b2fa-6eb687701d46: found a subdirectory /home/runner/work/ozone/ozone/hadoop-ozone/integration-test/target/test-dir/MiniOzoneClusterImpl-611c99c7-d47b-4433-a4ef-cd0a35b076ef/ozone-metadata/datanode-9/ratis/e51e4850-930a-48f3-bb77-813c05265458
2025-10-10 10:39:43,048 [895d447a-5476-42e4-b2fa-6eb687701d46-impl-thread1] INFO  server.RaftServer (RaftServerProxy.java:addNew(105)) - 895d447a-5476-42e4-b2fa-6eb687701d46: addNew group-813C05265458:[] returns group-813C05265458:java.util.concurrent.CompletableFuture@315c0b8a[Not completed]
2025-10-10 10:39:43,048 [895d447a-5476-42e4-b2fa-6eb687701d46-impl-thread1] INFO  server.RaftServer (RaftServerProxy.java:initGroupDir(270)) - 895d447a-5476-42e4-b2fa-6eb687701d46: found a subdirectory /home/runner/work/ozone/ozone/hadoop-ozone/integration-test/target/test-dir/MiniOzoneClusterImpl-611c99c7-d47b-4433-a4ef-cd0a35b076ef/ozone-metadata/datanode-9/ratis/tmp
2025-10-10 10:39:43,049 [895d447a-5476-42e4-b2fa-6eb687701d46-impl-thread1] INFO  server.RaftServer (RaftServerProxy.java:initGroupDir(275)) - 895d447a-5476-42e4-b2fa-6eb687701d46: The directory /home/runner/work/ozone/ozone/hadoop-ozone/integration-test/target/test-dir/MiniOzoneClusterImpl-611c99c7-d47b-4433-a4ef-cd0a35b076ef/ozone-metadata/datanode-9/ratis/tmp is not a group directory; ignoring it. 
2025-10-10 10:39:43,049 [895d447a-5476-42e4-b2fa-6eb687701d46-impl-thread1] INFO  server.RaftServer (RaftServerProxy.java:initGroupDir(270)) - 895d447a-5476-42e4-b2fa-6eb687701d46: found a subdirectory /home/runner/work/ozone/ozone/hadoop-ozone/integration-test/target/test-dir/MiniOzoneClusterImpl-611c99c7-d47b-4433-a4ef-cd0a35b076ef/ozone-metadata/datanode-9/ratis/56f6ef43-c50c-4d35-89b5-6ef60cb14872
2025-10-10 10:39:43,049 [895d447a-5476-42e4-b2fa-6eb687701d46-impl-thread1] INFO  server.RaftServer (RaftServerProxy.java:addNew(105)) - 895d447a-5476-42e4-b2fa-6eb687701d46: addNew group-6EF60CB14872:[] returns group-6EF60CB14872:java.util.concurrent.CompletableFuture@783363ec[Not completed]
2025-10-10 10:39:43,049 [895d447a-5476-42e4-b2fa-6eb687701d46-impl-thread1] INFO  server.RaftServer (RaftServerProxy.java:initGroupDir(270)) - 895d447a-5476-42e4-b2fa-6eb687701d46: found a subdirectory /home/runner/work/ozone/ozone/hadoop-ozone/integration-test/target/test-dir/MiniOzoneClusterImpl-611c99c7-d47b-4433-a4ef-cd0a35b076ef/ozone-metadata/datanode-9/ratis/1890b19a-2da7-4d82-9892-263a5124e6e8
2025-10-10 10:39:43,049 [895d447a-5476-42e4-b2fa-6eb687701d46-impl-thread1] INFO  server.RaftServer (RaftServerProxy.java:addNew(105)) - 895d447a-5476-42e4-b2fa-6eb687701d46: addNew group-263A5124E6E8:[] returns group-263A5124E6E8:java.util.concurrent.CompletableFuture@a799d2[Not completed]
2025-10-10 10:39:43,049 [ForkJoinPool-1-worker-1] INFO  replication.ReplicationServer (ReplicationServer.java:<init>(84)) - Initializing replication server with thread count = 10 queue length = 4096
2025-10-10 10:39:43,049 [895d447a-5476-42e4-b2fa-6eb687701d46-groupManagement] INFO  server.RaftServer$Division (RaftServerImpl.java:<init>(268)) - 895d447a-5476-42e4-b2fa-6eb687701d46: new RaftServerImpl for group-813C05265458:[] with ContainerStateMachine:uninitialized
2025-10-10 10:39:43,050 [895d447a-5476-42e4-b2fa-6eb687701d46-groupManagement] INFO  server.RaftServer$Division (ServerState.java:<init>(114)) - 895d447a-5476-42e4-b2fa-6eb687701d46@group-813C05265458: ConfigurationManager, init=conf: {index: -1, cur=peers:[]|listeners:[], old=null}, confs=<EMPTY_MAP>
2025-10-10 10:39:43,050 [ForkJoinPool-1-worker-1] INFO  server.XceiverServerGrpc (XceiverServerGrpc.java:<init>(129)) - GrpcServer channel type EpollServerSocketChannel
2025-10-10 10:39:43,051 [ForkJoinPool-1-worker-1] INFO  replication.ReplicationSupervisor (ReplicationSupervisor.java:build(169)) - Initializing replication supervisor with thread count = 10
2025-10-10 10:39:43,052 [ForkJoinPool-1-worker-1] INFO  replication.ReplicationSupervisor (ReplicationSupervisor.java:nodeStateUpdated(358)) - Node state updated to IN_SERVICE, scaling executor pool size to 10
2025-10-10 10:39:43,055 [ForkJoinPool-1-worker-1] INFO  http.BaseHttpServer (BaseHttpServer.java:newHttpServer2BuilderForOzone(227)) - Starting Web-server for hddsDatanode at: http://0.0.0.0:15074
2025-10-10 10:39:43,055 [ForkJoinPool-1-worker-1] INFO  http.BaseHttpServer (BaseHttpServer.java:<init>(105)) - Hadoop Security Enabled: false Ozone Security Enabled: false Ozone HTTP Security Enabled: false 
2025-10-10 10:39:43,056 [895d447a-5476-42e4-b2fa-6eb687701d46-groupManagement] INFO  server.RaftServer$Division (RaftServerImpl.java:<init>(268)) - 895d447a-5476-42e4-b2fa-6eb687701d46: new RaftServerImpl for group-6EF60CB14872:[] with ContainerStateMachine:uninitialized
2025-10-10 10:39:43,057 [895d447a-5476-42e4-b2fa-6eb687701d46-groupManagement] INFO  server.RaftServer$Division (ServerState.java:<init>(114)) - 895d447a-5476-42e4-b2fa-6eb687701d46@group-6EF60CB14872: ConfigurationManager, init=conf: {index: -1, cur=peers:[]|listeners:[], old=null}, confs=<EMPTY_MAP>
2025-10-10 10:39:43,057 [ForkJoinPool-1-worker-1] WARN  server.AuthenticationFilter (AuthenticationFilter.java:constructSecretProvider(240)) - Unable to initialize FileSignerSecretProvider, falling back to use random secrets. Reason: Could not read signature secret file: /home/runner/hadoop-http-auth-signature-secret
2025-10-10 10:39:43,059 [ForkJoinPool-1-worker-1] INFO  http.HttpServer2 (HttpServer2.java:addGlobalFilter(1040)) - Added global filter 'safety' (class=org.apache.hadoop.hdds.server.http.HttpServer2$QuotingInputFilter)
2025-10-10 10:39:43,061 [ForkJoinPool-1-worker-1] INFO  http.HttpServer2 (HttpServer2.java:addFilter(1016)) - Added filter static_user_filter (class=org.apache.hadoop.http.lib.StaticUserWebFilter$StaticUserFilter) to context hddsDatanode
2025-10-10 10:39:43,061 [ForkJoinPool-1-worker-1] INFO  http.HttpServer2 (HttpServer2.java:addFilter(1024)) - Added filter static_user_filter (class=org.apache.hadoop.http.lib.StaticUserWebFilter$StaticUserFilter) to context static
2025-10-10 10:39:43,061 [895d447a-5476-42e4-b2fa-6eb687701d46-groupManagement] INFO  server.RaftServer$Division (RaftServerImpl.java:<init>(268)) - 895d447a-5476-42e4-b2fa-6eb687701d46: new RaftServerImpl for group-263A5124E6E8:[] with ContainerStateMachine:uninitialized
2025-10-10 10:39:43,061 [895d447a-5476-42e4-b2fa-6eb687701d46-groupManagement] INFO  server.RaftServer$Division (ServerState.java:<init>(114)) - 895d447a-5476-42e4-b2fa-6eb687701d46@group-263A5124E6E8: ConfigurationManager, init=conf: {index: -1, cur=peers:[]|listeners:[], old=null}, confs=<EMPTY_MAP>
2025-10-10 10:39:43,061 [ForkJoinPool-1-worker-1] INFO  http.HttpServer2 (HttpServer2.java:addFilter(1024)) - Added filter static_user_filter (class=org.apache.hadoop.http.lib.StaticUserWebFilter$StaticUserFilter) to context logs
2025-10-10 10:39:43,062 [ForkJoinPool-1-worker-1] INFO  http.BaseHttpServer (BaseHttpServer.java:<init>(193)) - HTTP server of hddsDatanode uses base directory /home/runner/work/ozone/ozone/hadoop-ozone/integration-test/target/test-dir/MiniOzoneClusterImpl-611c99c7-d47b-4433-a4ef-cd0a35b076ef/scm/ozone-metadata/webserver
2025-10-10 10:39:43,062 [ForkJoinPool-1-worker-1] INFO  http.HttpServer2 (HttpServer2.java:bindListener(1240)) - Jetty bound to port 15074
2025-10-10 10:39:43,063 [ForkJoinPool-1-worker-1] INFO  server.Server (Server.java:doStart(375)) - jetty-9.4.58.v20250814; built: 2025-08-14T02:28:49.637Z; git: 8f1440587e9e4ae7db3d74cf205643f3d707148d; jvm 21.0.8+9-LTS
2025-10-10 10:39:43,064 [ForkJoinPool-1-worker-1] INFO  server.session (DefaultSessionIdManager.java:doStart(334)) - DefaultSessionIdManager workerName=node0
2025-10-10 10:39:43,064 [ForkJoinPool-1-worker-1] INFO  server.session (DefaultSessionIdManager.java:doStart(339)) - No SessionScavenger set, using defaults
2025-10-10 10:39:43,064 [ForkJoinPool-1-worker-1] INFO  server.session (HouseKeeper.java:startScavenging(132)) - node0 Scavenging every 660000ms
2025-10-10 10:39:43,065 [ForkJoinPool-1-worker-1] INFO  handler.ContextHandler (ContextHandler.java:doStart(921)) - Started o.e.j.s.ServletContextHandler@20b097da{logs,/logs,file:///home/runner/work/ozone/ozone/hadoop-ozone/integration-test/target/log,AVAILABLE}
2025-10-10 10:39:43,065 [ForkJoinPool-1-worker-1] INFO  handler.ContextHandler (ContextHandler.java:doStart(921)) - Started o.e.j.s.ServletContextHandler@72b7eb3f{static,/static,jar:file:/home/runner/work/ozone/ozone/hadoop-hdds/container-service/target/hdds-container-service-2.1.0-SNAPSHOT.jar!/webapps/static,AVAILABLE}
2025-10-10 10:39:43,206 [ForkJoinPool-1-worker-1] INFO  handler.ContextHandler (ContextHandler.java:doStart(921)) - Started o.e.j.w.WebAppContext@72a5500e{hddsDatanode,/,file:///home/runner/work/ozone/ozone/hadoop-ozone/integration-test/target/test-dir/MiniOzoneClusterImpl-611c99c7-d47b-4433-a4ef-cd0a35b076ef/scm/ozone-metadata/webserver/jetty-0_0_0_0-15074-hdds-container-service-2_1_0-SNAPSHOT_jar-_-any-7409252669762643202/webapp/,AVAILABLE}{jar:file:/home/runner/work/ozone/ozone/hadoop-hdds/container-service/target/hdds-container-service-2.1.0-SNAPSHOT.jar!/webapps/hddsDatanode}
2025-10-10 10:39:43,207 [ForkJoinPool-1-worker-1] INFO  server.AbstractConnector (AbstractConnector.java:doStart(333)) - Started ServerConnector@1eb1b04e{HTTP/1.1, (http/1.1)}{0.0.0.0:15074}
2025-10-10 10:39:43,207 [ForkJoinPool-1-worker-1] INFO  server.Server (Server.java:doStart(415)) - Started @131894ms
2025-10-10 10:39:43,207 [ForkJoinPool-1-worker-1] WARN  impl.MetricsSystemImpl (MetricsSystemImpl.java:register(279)) - Sink prometheus already exists!
2025-10-10 10:39:43,207 [ForkJoinPool-1-worker-1] INFO  http.BaseHttpServer (BaseHttpServer.java:updateConnectorAddress(357)) - HTTP server of hddsDatanode listening at http://localhost:15074
2025-10-10 10:39:43,207 [ForkJoinPool-1-worker-1] INFO  ipc.CallQueueManager (CallQueueManager.java:<init>(93)) - Using callQueue: class java.util.concurrent.LinkedBlockingQueue, queueCapacity: 1000, scheduler: class org.apache.hadoop.ipc.DefaultRpcScheduler, ipcBackoff: false, ipcFailOver: false.
2025-10-10 10:39:43,208 [ForkJoinPool-1-worker-1] INFO  ipc.Server (Server.java:<init>(1438)) - Listener at 0.0.0.0:15075
2025-10-10 10:39:43,208 [Socket Reader #1 for port 15075] INFO  ipc.Server (Server.java:run(1474)) - Starting Socket Reader #1 for port 15075
2025-10-10 10:39:43,208 [Socket Reader #2 for port 15075] INFO  ipc.Server (Server.java:run(1474)) - Starting Socket Reader #2 for port 15075
2025-10-10 10:39:43,208 [Socket Reader #3 for port 15075] INFO  ipc.Server (Server.java:run(1474)) - Starting Socket Reader #3 for port 15075
2025-10-10 10:39:43,208 [Socket Reader #4 for port 15075] INFO  ipc.Server (Server.java:run(1474)) - Starting Socket Reader #4 for port 15075
2025-10-10 10:39:43,209 [Socket Reader #5 for port 15075] INFO  ipc.Server (Server.java:run(1474)) - Starting Socket Reader #5 for port 15075
2025-10-10 10:39:43,209 [Socket Reader #6 for port 15075] INFO  ipc.Server (Server.java:run(1474)) - Starting Socket Reader #6 for port 15075
2025-10-10 10:39:43,209 [Socket Reader #7 for port 15075] INFO  ipc.Server (Server.java:run(1474)) - Starting Socket Reader #7 for port 15075
2025-10-10 10:39:43,209 [Socket Reader #8 for port 15075] INFO  ipc.Server (Server.java:run(1474)) - Starting Socket Reader #8 for port 15075
2025-10-10 10:39:43,209 [Socket Reader #9 for port 15075] INFO  ipc.Server (Server.java:run(1474)) - Starting Socket Reader #9 for port 15075
2025-10-10 10:39:43,209 [Socket Reader #10 for port 15075] INFO  ipc.Server (Server.java:run(1474)) - Starting Socket Reader #10 for port 15075
2025-10-10 10:39:43,211 [ForkJoinPool-1-worker-1] INFO  ozone.HddsDatanodeService (HddsDatanodeService.java:start(333)) - Datanode start with admins: [admin, runner]
2025-10-10 10:39:43,211 [ForkJoinPool-1-worker-1] INFO  ozone.HddsDatanodeClientProtocolServer (HddsDatanodeClientProtocolServer.java:start(76)) - RPC server for Client /0.0.0.0:15075
2025-10-10 10:39:43,211 [IPC Server Responder] INFO  ipc.Server (Server.java:run(1713)) - IPC Server Responder: starting
2025-10-10 10:39:43,211 [IPC Server listener on 15075] INFO  ipc.Server (Server.java:run(1553)) - IPC Server listener on 15075: starting
2025-10-10 10:39:43,213 [ForkJoinPool-1-worker-1] INFO  ozone.MiniOzoneClusterImpl (MiniOzoneClusterImpl.java:lambda$waitForClusterToBeReady$0(181)) - Nodes are ready. Got 10 of 10 DN Heartbeats.
2025-10-10 10:39:43,213 [ForkJoinPool-1-worker-1] INFO  ozone.MiniOzoneClusterImpl (MiniOzoneClusterImpl.java:lambda$waitForClusterToBeReady$0(184)) - Cluster exits safe mode
2025-10-10 10:39:43,213 [ForkJoinPool-1-worker-1] INFO  ozone.MiniOzoneClusterImpl (MiniOzoneClusterImpl.java:lambda$waitForClusterToBeReady$0(186)) - SCM became leader
2025-10-10 10:39:43,213 [895d447a-5476-42e4-b2fa-6eb687701d46-DatanodeStateMachineDaemonThread] INFO  statemachine.DatanodeStateMachine (DatanodeStateMachine.java:startStateMachineThread(363)) - Ozone container server started.
2025-10-10 10:39:43,217 [895d447a-5476-42e4-b2fa-6eb687701d46-DatanodeStateMachineTaskThread-0] INFO  datanode.InitDatanodeState (InitDatanodeState.java:persistContainerDatanodeDetails(139)) - DatanodeDetails is persisted to /home/runner/work/ozone/ozone/hadoop-ozone/integration-test/target/test-dir/MiniOzoneClusterImpl-611c99c7-d47b-4433-a4ef-cd0a35b076ef/ozone-metadata/datanode-9/ozone-metadata/datanode.id
2025-10-10 10:39:43,243 [grpc-default-executor-7] ERROR impl.OrderedAsync (OrderedAsync.java:lambda$null$6(215)) -  client-E1F90CE0EC34: Failed* RaftClientRequest:client-E1F90CE0EC34->895d447a-5476-42e4-b2fa-6eb687701d46@group-6EF60CB14872, cid=55, seq=1*, Watch(0), null
java.util.concurrent.CompletionException: java.io.IOException: org.apache.ratis.thirdparty.io.grpc.StatusRuntimeException: UNAVAILABLE: io exception
	at java.base/java.util.concurrent.CompletableFuture.encodeThrowable(CompletableFuture.java:332)
	at java.base/java.util.concurrent.CompletableFuture.completeThrowable(CompletableFuture.java:347)
	at java.base/java.util.concurrent.CompletableFuture$UniAccept.tryFire(CompletableFuture.java:708)
	at java.base/java.util.concurrent.CompletableFuture.postComplete(CompletableFuture.java:510)
	at java.base/java.util.concurrent.CompletableFuture.completeExceptionally(CompletableFuture.java:2194)
	at org.apache.ratis.grpc.client.GrpcClientProtocolClient$AsyncStreamObservers.completeReplyExceptionally(GrpcClientProtocolClient.java:397)
	at org.apache.ratis.grpc.client.GrpcClientProtocolClient$AsyncStreamObservers.access$000(GrpcClientProtocolClient.java:303)
	at org.apache.ratis.grpc.client.GrpcClientProtocolClient$AsyncStreamObservers$1.onError(GrpcClientProtocolClient.java:334)
	at org.apache.ratis.thirdparty.io.grpc.stub.ClientCalls$StreamObserverToCallListenerAdapter.onClose(ClientCalls.java:564)
	at org.apache.ratis.thirdparty.io.grpc.PartialForwardingClientCallListener.onClose(PartialForwardingClientCallListener.java:39)
	at org.apache.ratis.thirdparty.io.grpc.ForwardingClientCallListener.onClose(ForwardingClientCallListener.java:23)
	at org.apache.ratis.grpc.metrics.intercept.client.MetricClientCallListener.onClose(MetricClientCallListener.java:47)
	at org.apache.ratis.thirdparty.io.grpc.internal.ClientCallImpl.closeObserver(ClientCallImpl.java:565)
	at org.apache.ratis.thirdparty.io.grpc.internal.ClientCallImpl.access$100(ClientCallImpl.java:72)
	at org.apache.ratis.thirdparty.io.grpc.internal.ClientCallImpl$ClientStreamListenerImpl$1StreamClosed.runInternal(ClientCallImpl.java:733)
	at org.apache.ratis.thirdparty.io.grpc.internal.ClientCallImpl$ClientStreamListenerImpl$1StreamClosed.runInContext(ClientCallImpl.java:714)
	at org.apache.ratis.thirdparty.io.grpc.internal.ContextRunnable.run(ContextRunnable.java:37)
	at org.apache.ratis.thirdparty.io.grpc.internal.SerializingExecutor.run(SerializingExecutor.java:133)
	at java.base/java.util.concurrent.ThreadPoolExecutor.runWorker(ThreadPoolExecutor.java:1144)
	at java.base/java.util.concurrent.ThreadPoolExecutor$Worker.run(ThreadPoolExecutor.java:642)
	at java.base/java.lang.Thread.run(Thread.java:1583)
Caused by: java.io.IOException: org.apache.ratis.thirdparty.io.grpc.StatusRuntimeException: UNAVAILABLE: io exception
	at org.apache.ratis.grpc.GrpcUtil.unwrapException(GrpcUtil.java:99)
	at org.apache.ratis.grpc.GrpcUtil.unwrapIOException(GrpcUtil.java:159)
	at org.apache.ratis.grpc.client.GrpcClientProtocolClient$AsyncStreamObservers$1.onError(GrpcClientProtocolClient.java:333)
	... 13 more
Caused by: org.apache.ratis.thirdparty.io.grpc.StatusRuntimeException: UNAVAILABLE: io exception
	at org.apache.ratis.thirdparty.io.grpc.Status.asRuntimeException(Status.java:532)
	... 13 more
Caused by: org.apache.ratis.thirdparty.io.netty.channel.AbstractChannel$AnnotatedConnectException: finishConnect(..) failed: Connection refused: /127.0.0.1:15077
Caused by: java.net.ConnectException: finishConnect(..) failed: Connection refused
	at org.apache.ratis.thirdparty.io.netty.channel.unix.Errors.newConnectException0(Errors.java:166)
	at org.apache.ratis.thirdparty.io.netty.channel.unix.Errors.handleConnectErrno(Errors.java:131)
	at org.apache.ratis.thirdparty.io.netty.channel.unix.Socket.finishConnect(Socket.java:359)
	at org.apache.ratis.thirdparty.io.netty.channel.epoll.AbstractEpollChannel$AbstractEpollUnsafe.doFinishConnect(AbstractEpollChannel.java:715)
	at org.apache.ratis.thirdparty.io.netty.channel.epoll.AbstractEpollChannel$AbstractEpollUnsafe.finishConnect(AbstractEpollChannel.java:692)
	at org.apache.ratis.thirdparty.io.netty.channel.epoll.AbstractEpollChannel$AbstractEpollUnsafe.epollOutReady(AbstractEpollChannel.java:567)
	at org.apache.ratis.thirdparty.io.netty.channel.epoll.EpollEventLoop.processReady(EpollEventLoop.java:491)
	at org.apache.ratis.thirdparty.io.netty.channel.epoll.EpollEventLoop.run(EpollEventLoop.java:399)
	at org.apache.ratis.thirdparty.io.netty.util.concurrent.SingleThreadEventExecutor$4.run(SingleThreadEventExecutor.java:998)
	at org.apache.ratis.thirdparty.io.netty.util.internal.ThreadExecutorMap$2.run(ThreadExecutorMap.java:74)
	at org.apache.ratis.thirdparty.io.netty.util.concurrent.FastThreadLocalRunnable.run(FastThreadLocalRunnable.java:30)
	at java.base/java.lang.Thread.run(Thread.java:1583)
2025-10-10 10:39:43,493 [36185c6b-22ce-45d1-a622-3a6b487a5a53-ContainerReader-0] INFO  ozoneimpl.ContainerReader (ContainerReader.java:readVolume(147)) - Start to verify containers on volume /home/runner/work/ozone/ozone/hadoop-ozone/integration-test/target/test-dir/MiniOzoneClusterImpl-611c99c7-d47b-4433-a4ef-cd0a35b076ef/ozone-metadata/datanode-8/data-0/hdds
2025-10-10 10:39:43,496 [36185c6b-22ce-45d1-a622-3a6b487a5a53-ContainerReader-0] WARN  helpers.KeyValueContainerUtil (KeyValueContainerUtil.java:populateContainerMetadata(329)) - Missing pendingDeleteBlockCount from metadata: recalculate them from block table
2025-10-10 10:39:43,499 [36185c6b-22ce-45d1-a622-3a6b487a5a53-ContainerReader-0] INFO  ozoneimpl.ContainerReader (ContainerReader.java:readVolume(177)) - Finish verifying containers on volume /home/runner/work/ozone/ozone/hadoop-ozone/integration-test/target/test-dir/MiniOzoneClusterImpl-611c99c7-d47b-4433-a4ef-cd0a35b076ef/ozone-metadata/datanode-8/data-0/hdds
2025-10-10 10:39:43,499 [36185c6b-22ce-45d1-a622-3a6b487a5a53-EndpointStateMachineTaskThread-/0.0.0.0:15002-0 ] INFO  ozoneimpl.OzoneContainer (OzoneContainer.java:buildContainerSet(370)) - Build ContainerSet costs 0s
2025-10-10 10:39:43,499 [36185c6b-22ce-45d1-a622-3a6b487a5a53-EndpointStateMachineTaskThread-/0.0.0.0:15002-0 ] INFO  volume.ThrottledAsyncChecker (ThrottledAsyncChecker.java:schedule(138)) - Scheduling a check for /home/runner/work/ozone/ozone/hadoop-ozone/integration-test/target/test-dir/MiniOzoneClusterImpl-611c99c7-d47b-4433-a4ef-cd0a35b076ef/ozone-metadata/datanode-8/data-0/hdds
2025-10-10 10:39:43,500 [36185c6b-22ce-45d1-a622-3a6b487a5a53-EndpointStateMachineTaskThread-/0.0.0.0:15002-0 ] INFO  volume.StorageVolumeChecker (StorageVolumeChecker.java:checkAllVolumes(231)) - Scheduled health check for volume /home/runner/work/ozone/ozone/hadoop-ozone/integration-test/target/test-dir/MiniOzoneClusterImpl-611c99c7-d47b-4433-a4ef-cd0a35b076ef/ozone-metadata/datanode-8/data-0/hdds
2025-10-10 10:39:43,503 [36185c6b-22ce-45d1-a622-3a6b487a5a53-EndpointStateMachineTaskThread-/0.0.0.0:15002-0 ] INFO  volume.ThrottledAsyncChecker (ThrottledAsyncChecker.java:schedule(138)) - Scheduling a check for /home/runner/work/ozone/ozone/hadoop-ozone/integration-test/target/test-dir/MiniOzoneClusterImpl-611c99c7-d47b-4433-a4ef-cd0a35b076ef/ozone-metadata/datanode-8/ratis
2025-10-10 10:39:43,503 [36185c6b-22ce-45d1-a622-3a6b487a5a53-EndpointStateMachineTaskThread-/0.0.0.0:15002-0 ] INFO  volume.StorageVolumeChecker (StorageVolumeChecker.java:checkAllVolumes(231)) - Scheduled health check for volume /home/runner/work/ozone/ozone/hadoop-ozone/integration-test/target/test-dir/MiniOzoneClusterImpl-611c99c7-d47b-4433-a4ef-cd0a35b076ef/ozone-metadata/datanode-8/ratis
2025-10-10 10:39:43,503 [36185c6b-22ce-45d1-a622-3a6b487a5a53-EndpointStateMachineTaskThread-/0.0.0.0:15002-0 ] INFO  ozoneimpl.OzoneContainer (OzoneContainer.java:start(525)) - Attempting to start container services.
2025-10-10 10:39:43,505 [36185c6b-22ce-45d1-a622-3a6b487a5a53-EndpointStateMachineTaskThread-/0.0.0.0:15002-0 ] INFO  replication.ReplicationServer (ReplicationServer.java:start(137)) - ReplicationServer is started using port 15073
2025-10-10 10:39:43,505 [36185c6b-22ce-45d1-a622-3a6b487a5a53-EndpointStateMachineTaskThread-/0.0.0.0:15002-0 ] INFO  ratis.XceiverServerRatis (XceiverServerRatis.java:start(559)) - Starting XceiverServerRatis(36185c6b-22ce-45d1-a622-3a6b487a5a53)
2025-10-10 10:39:43,506 [36185c6b-22ce-45d1-a622-3a6b487a5a53-impl-thread1] INFO  server.RaftServerConfigKeys (ConfUtils.java:logGet(62)) - raft.server.storage.dir = [/home/runner/work/ozone/ozone/hadoop-ozone/integration-test/target/test-dir/MiniOzoneClusterImpl-611c99c7-d47b-4433-a4ef-cd0a35b076ef/ozone-metadata/datanode-8/ratis] (custom)
2025-10-10 10:39:43,506 [ContainerMetadataScanner] INFO  ozoneimpl.AbstractBackgroundContainerScanner (AbstractBackgroundContainerScanner.java:runIteration(89)) - Completed an iteration in 0 minutes. Number of iterations (since the data-node restart) : 1, Number of containers scanned in this iteration : 1, Number of unhealthy containers found in this iteration : 0
2025-10-10 10:39:43,507 [36185c6b-22ce-45d1-a622-3a6b487a5a53-impl-thread1] INFO  storage.RaftStorageDirectory (RaftStorageDirectoryImpl.java:tryLock(229)) - Lock on /home/runner/work/ozone/ozone/hadoop-ozone/integration-test/target/test-dir/MiniOzoneClusterImpl-611c99c7-d47b-4433-a4ef-cd0a35b076ef/ozone-metadata/datanode-8/ratis/e51e4850-930a-48f3-bb77-813c05265458/in_use.lock acquired by nodename 58401@localhost
2025-10-10 10:39:43,507 [36185c6b-22ce-45d1-a622-3a6b487a5a53-impl-thread2] INFO  storage.RaftStorageDirectory (RaftStorageDirectoryImpl.java:tryLock(229)) - Lock on /home/runner/work/ozone/ozone/hadoop-ozone/integration-test/target/test-dir/MiniOzoneClusterImpl-611c99c7-d47b-4433-a4ef-cd0a35b076ef/ozone-metadata/datanode-8/ratis/56f6ef43-c50c-4d35-89b5-6ef60cb14872/in_use.lock acquired by nodename 58401@localhost
2025-10-10 10:39:43,508 [36185c6b-22ce-45d1-a622-3a6b487a5a53-impl-thread1] INFO  storage.RaftStorage (RaftStorageImpl.java:analyzeAndRecoverStorage(118)) - Read RaftStorageMetadata{term=1, votedFor=aa9634f0-8836-44d6-bc05-5b19fbdd93d5} from /home/runner/work/ozone/ozone/hadoop-ozone/integration-test/target/test-dir/MiniOzoneClusterImpl-611c99c7-d47b-4433-a4ef-cd0a35b076ef/ozone-metadata/datanode-8/ratis/e51e4850-930a-48f3-bb77-813c05265458/current/raft-meta
2025-10-10 10:39:43,508 [36185c6b-22ce-45d1-a622-3a6b487a5a53-impl-thread2] INFO  storage.RaftStorage (RaftStorageImpl.java:analyzeAndRecoverStorage(118)) - Read RaftStorageMetadata{term=1, votedFor=36185c6b-22ce-45d1-a622-3a6b487a5a53} from /home/runner/work/ozone/ozone/hadoop-ozone/integration-test/target/test-dir/MiniOzoneClusterImpl-611c99c7-d47b-4433-a4ef-cd0a35b076ef/ozone-metadata/datanode-8/ratis/56f6ef43-c50c-4d35-89b5-6ef60cb14872/current/raft-meta
2025-10-10 10:39:43,507 [36185c6b-22ce-45d1-a622-3a6b487a5a53-impl-thread3] INFO  storage.RaftStorageDirectory (RaftStorageDirectoryImpl.java:tryLock(229)) - Lock on /home/runner/work/ozone/ozone/hadoop-ozone/integration-test/target/test-dir/MiniOzoneClusterImpl-611c99c7-d47b-4433-a4ef-cd0a35b076ef/ozone-metadata/datanode-8/ratis/db5b5c2b-f866-4aec-a921-386b2f16df49/in_use.lock acquired by nodename 58401@localhost
2025-10-10 10:39:43,508 [36185c6b-22ce-45d1-a622-3a6b487a5a53-impl-thread2] INFO  server.RaftServer$Division (ServerState.java:setRaftConf(386)) - 36185c6b-22ce-45d1-a622-3a6b487a5a53@group-6EF60CB14872: set configuration conf: {index: 0, cur=peers:[aa9634f0-8836-44d6-bc05-5b19fbdd93d5|127.0.0.1:15063, 36185c6b-22ce-45d1-a622-3a6b487a5a53|127.0.0.1:15071, 895d447a-5476-42e4-b2fa-6eb687701d46|127.0.0.1:15079]|listeners:[], old=null}
2025-10-10 10:39:43,508 [36185c6b-22ce-45d1-a622-3a6b487a5a53-impl-thread3] INFO  storage.RaftStorage (RaftStorageImpl.java:analyzeAndRecoverStorage(118)) - Read RaftStorageMetadata{term=1, votedFor=36185c6b-22ce-45d1-a622-3a6b487a5a53} from /home/runner/work/ozone/ozone/hadoop-ozone/integration-test/target/test-dir/MiniOzoneClusterImpl-611c99c7-d47b-4433-a4ef-cd0a35b076ef/ozone-metadata/datanode-8/ratis/db5b5c2b-f866-4aec-a921-386b2f16df49/current/raft-meta
2025-10-10 10:39:43,509 [36185c6b-22ce-45d1-a622-3a6b487a5a53-impl-thread3] INFO  server.RaftServer$Division (ServerState.java:setRaftConf(386)) - 36185c6b-22ce-45d1-a622-3a6b487a5a53@group-386B2F16DF49: set configuration conf: {index: 0, cur=peers:[36185c6b-22ce-45d1-a622-3a6b487a5a53|127.0.0.1:15071]|listeners:[], old=null}
2025-10-10 10:39:43,509 [36185c6b-22ce-45d1-a622-3a6b487a5a53-impl-thread2] INFO  ratis.ContainerStateMachine (ContainerStateMachine.java:initialize(339)) - 36185c6b-22ce-45d1-a622-3a6b487a5a53: initialize group-6EF60CB14872
2025-10-10 10:39:43,509 [36185c6b-22ce-45d1-a622-3a6b487a5a53-impl-thread2] INFO  ratis.ContainerStateMachine (ContainerStateMachine.java:loadSnapshot(356)) - group-6EF60CB14872: Setting the last applied index to (t:1, i:6)
2025-10-10 10:39:43,509 [36185c6b-22ce-45d1-a622-3a6b487a5a53-impl-thread3] INFO  ratis.ContainerStateMachine (ContainerStateMachine.java:initialize(339)) - 36185c6b-22ce-45d1-a622-3a6b487a5a53: initialize group-386B2F16DF49
2025-10-10 10:39:43,509 [36185c6b-22ce-45d1-a622-3a6b487a5a53-impl-thread3] INFO  ratis.ContainerStateMachine (ContainerStateMachine.java:loadSnapshot(356)) - group-386B2F16DF49: Setting the last applied index to (t:1, i:0)
2025-10-10 10:39:43,509 [36185c6b-22ce-45d1-a622-3a6b487a5a53-impl-thread2] INFO  server.RaftServerConfigKeys (ConfUtils.java:logGet(62)) - raft.server.log.appender.buffer.byte-limit = 33554432 (custom)
2025-10-10 10:39:43,509 [36185c6b-22ce-45d1-a622-3a6b487a5a53-impl-thread1] INFO  server.RaftServer$Division (ServerState.java:setRaftConf(386)) - 36185c6b-22ce-45d1-a622-3a6b487a5a53@group-813C05265458: set configuration conf: {index: 0, cur=peers:[aa9634f0-8836-44d6-bc05-5b19fbdd93d5|127.0.0.1:15063, 36185c6b-22ce-45d1-a622-3a6b487a5a53|127.0.0.1:15071, 895d447a-5476-42e4-b2fa-6eb687701d46|127.0.0.1:15079]|listeners:[], old=null}
2025-10-10 10:39:43,509 [36185c6b-22ce-45d1-a622-3a6b487a5a53-impl-thread3] INFO  server.RaftServerConfigKeys (ConfUtils.java:logGet(62)) - raft.server.log.appender.buffer.byte-limit = 33554432 (custom)
2025-10-10 10:39:43,509 [36185c6b-22ce-45d1-a622-3a6b487a5a53-impl-thread1] INFO  ratis.ContainerStateMachine (ContainerStateMachine.java:initialize(339)) - 36185c6b-22ce-45d1-a622-3a6b487a5a53: initialize group-813C05265458
2025-10-10 10:39:43,509 [36185c6b-22ce-45d1-a622-3a6b487a5a53-impl-thread1] INFO  ratis.ContainerStateMachine (ContainerStateMachine.java:loadSnapshot(356)) - group-813C05265458: Setting the last applied index to (t:1, i:0)
2025-10-10 10:39:43,509 [36185c6b-22ce-45d1-a622-3a6b487a5a53-impl-thread1] INFO  server.RaftServerConfigKeys (ConfUtils.java:logGet(62)) - raft.server.log.appender.buffer.byte-limit = 33554432 (custom)
2025-10-10 10:39:43,515 [ContainerDataScanner(/home/runner/work/ozone/ozone/hadoop-ozone/integration-test/target/test-dir/MiniOzoneClusterImpl-611c99c7-d47b-4433-a4ef-cd0a35b076ef/ozone-metadata/datanode-8/data-0/hdds)] INFO  ozoneimpl.AbstractBackgroundContainerScanner (AbstractBackgroundContainerScanner.java:runIteration(89)) - Completed an iteration in 0 minutes. Number of iterations (since the data-node restart) : 1, Number of containers scanned in this iteration : 1, Number of unhealthy containers found in this iteration : 0
2025-10-10 10:39:43,517 [36185c6b-22ce-45d1-a622-3a6b487a5a53-impl-thread1] INFO  server.RaftServerConfigKeys (ConfUtils.java:logGet(62)) - raft.server.log.segment.size.max = 67108864 (custom)
2025-10-10 10:39:43,519 [36185c6b-22ce-45d1-a622-3a6b487a5a53-impl-thread1] INFO  server.RaftServerConfigKeys (ConfUtils.java:logGet(62)) - raft.server.log.appender.buffer.byte-limit = 33554432 (custom)
2025-10-10 10:39:43,520 [36185c6b-22ce-45d1-a622-3a6b487a5a53-impl-thread1] INFO  util.AwaitToRun (AwaitToRun.java:start(81)) - Thread[#2839,36185c6b-22ce-45d1-a622-3a6b487a5a53@group-813C05265458-cacheEviction-AwaitToRun,5,main] started
2025-10-10 10:39:43,520 [36185c6b-22ce-45d1-a622-3a6b487a5a53-impl-thread1] INFO  segmented.SegmentedRaftLogWorker (SegmentedRaftLogWorker.java:<init>(190)) - new 36185c6b-22ce-45d1-a622-3a6b487a5a53@group-813C05265458-SegmentedRaftLogWorker for RaftStorageImpl:Storage Directory /home/runner/work/ozone/ozone/hadoop-ozone/integration-test/target/test-dir/MiniOzoneClusterImpl-611c99c7-d47b-4433-a4ef-cd0a35b076ef/ozone-metadata/datanode-8/ratis/e51e4850-930a-48f3-bb77-813c05265458
2025-10-10 10:39:43,520 [36185c6b-22ce-45d1-a622-3a6b487a5a53-impl-thread1] INFO  server.RaftServerConfigKeys (ConfUtils.java:logGet(62)) - raft.server.log.queue.byte-limit = 4294967296 (custom)
2025-10-10 10:39:43,520 [36185c6b-22ce-45d1-a622-3a6b487a5a53-impl-thread1] INFO  server.RaftServerConfigKeys (ConfUtils.java:logGet(62)) - raft.server.log.segment.size.max = 67108864 (custom)
2025-10-10 10:39:43,520 [36185c6b-22ce-45d1-a622-3a6b487a5a53-impl-thread1] INFO  server.RaftServerConfigKeys (ConfUtils.java:logGet(62)) - raft.server.log.preallocated.size = 4194304 (custom)
2025-10-10 10:39:43,522 [36185c6b-22ce-45d1-a622-3a6b487a5a53-impl-thread2] INFO  server.RaftServerConfigKeys (ConfUtils.java:logGet(62)) - raft.server.log.segment.size.max = 67108864 (custom)
2025-10-10 10:39:43,523 [36185c6b-22ce-45d1-a622-3a6b487a5a53-impl-thread2] INFO  server.RaftServerConfigKeys (ConfUtils.java:logGet(62)) - raft.server.log.appender.buffer.byte-limit = 33554432 (custom)
2025-10-10 10:39:43,523 [36185c6b-22ce-45d1-a622-3a6b487a5a53-impl-thread1] INFO  server.RaftServerConfigKeys (ConfUtils.java:logGet(62)) - raft.server.log.write.buffer.size = 33554440 (custom)
2025-10-10 10:39:43,524 [36185c6b-22ce-45d1-a622-3a6b487a5a53-impl-thread3] INFO  server.RaftServerConfigKeys (ConfUtils.java:logGet(62)) - raft.server.log.segment.size.max = 67108864 (custom)
2025-10-10 10:39:43,524 [36185c6b-22ce-45d1-a622-3a6b487a5a53-impl-thread3] INFO  server.RaftServerConfigKeys (ConfUtils.java:logGet(62)) - raft.server.log.appender.buffer.byte-limit = 33554432 (custom)
2025-10-10 10:39:43,525 [36185c6b-22ce-45d1-a622-3a6b487a5a53-impl-thread2] INFO  util.AwaitToRun (AwaitToRun.java:start(81)) - Thread[#2840,36185c6b-22ce-45d1-a622-3a6b487a5a53@group-6EF60CB14872-cacheEviction-AwaitToRun,5,main] started
2025-10-10 10:39:43,525 [36185c6b-22ce-45d1-a622-3a6b487a5a53-impl-thread2] INFO  segmented.SegmentedRaftLogWorker (SegmentedRaftLogWorker.java:<init>(190)) - new 36185c6b-22ce-45d1-a622-3a6b487a5a53@group-6EF60CB14872-SegmentedRaftLogWorker for RaftStorageImpl:Storage Directory /home/runner/work/ozone/ozone/hadoop-ozone/integration-test/target/test-dir/MiniOzoneClusterImpl-611c99c7-d47b-4433-a4ef-cd0a35b076ef/ozone-metadata/datanode-8/ratis/56f6ef43-c50c-4d35-89b5-6ef60cb14872
2025-10-10 10:39:43,525 [36185c6b-22ce-45d1-a622-3a6b487a5a53-impl-thread2] INFO  server.RaftServerConfigKeys (ConfUtils.java:logGet(62)) - raft.server.log.queue.byte-limit = 4294967296 (custom)
2025-10-10 10:39:43,525 [36185c6b-22ce-45d1-a622-3a6b487a5a53-impl-thread2] INFO  server.RaftServerConfigKeys (ConfUtils.java:logGet(62)) - raft.server.log.segment.size.max = 67108864 (custom)
2025-10-10 10:39:43,525 [36185c6b-22ce-45d1-a622-3a6b487a5a53-impl-thread2] INFO  server.RaftServerConfigKeys (ConfUtils.java:logGet(62)) - raft.server.log.preallocated.size = 4194304 (custom)
2025-10-10 10:39:43,525 [36185c6b-22ce-45d1-a622-3a6b487a5a53-impl-thread2] INFO  server.RaftServerConfigKeys (ConfUtils.java:logGet(62)) - raft.server.log.write.buffer.size = 33554440 (custom)
2025-10-10 10:39:43,529 [36185c6b-22ce-45d1-a622-3a6b487a5a53-impl-thread1] INFO  server.RaftServerConfigKeys (ConfUtils.java:logGet(62)) - raft.server.log.appender.buffer.byte-limit = 33554432 (custom)
2025-10-10 10:39:43,530 [36185c6b-22ce-45d1-a622-3a6b487a5a53-impl-thread1] INFO  server.RaftServer$Division (ServerState.java:setRaftConf(386)) - 36185c6b-22ce-45d1-a622-3a6b487a5a53@group-813C05265458: set configuration conf: {index: 0, cur=peers:[aa9634f0-8836-44d6-bc05-5b19fbdd93d5|127.0.0.1:15063, 36185c6b-22ce-45d1-a622-3a6b487a5a53|127.0.0.1:15071, 895d447a-5476-42e4-b2fa-6eb687701d46|127.0.0.1:15079]|listeners:[], old=null}
2025-10-10 10:39:43,530 [36185c6b-22ce-45d1-a622-3a6b487a5a53-impl-thread1] INFO  segmented.LogSegment (LogSegment.java:loadSegment(171)) - Successfully read 1 entries from segment file /home/runner/work/ozone/ozone/hadoop-ozone/integration-test/target/test-dir/MiniOzoneClusterImpl-611c99c7-d47b-4433-a4ef-cd0a35b076ef/ozone-metadata/datanode-8/ratis/e51e4850-930a-48f3-bb77-813c05265458/current/log_inprogress_0
2025-10-10 10:39:43,530 [36185c6b-22ce-45d1-a622-3a6b487a5a53-impl-thread1] INFO  segmented.SegmentedRaftLogWorker (SegmentedRaftLogWorker.java:lambda$new$0(141)) - 36185c6b-22ce-45d1-a622-3a6b487a5a53@group-813C05265458-SegmentedRaftLogWorker: safeCacheEvictIndex: setUnconditionally 0 -> -1
2025-10-10 10:39:43,530 [36185c6b-22ce-45d1-a622-3a6b487a5a53-impl-thread1] INFO  segmented.BufferedWriteChannel (BufferedWriteChannel.java:open(61)) - open log_inprogress_0 (append) at position 351
2025-10-10 10:39:43,531 [36185c6b-22ce-45d1-a622-3a6b487a5a53-impl-thread3] INFO  util.AwaitToRun (AwaitToRun.java:start(81)) - Thread[#2841,36185c6b-22ce-45d1-a622-3a6b487a5a53@group-386B2F16DF49-cacheEviction-AwaitToRun,5,main] started
2025-10-10 10:39:43,531 [36185c6b-22ce-45d1-a622-3a6b487a5a53-impl-thread3] INFO  segmented.SegmentedRaftLogWorker (SegmentedRaftLogWorker.java:<init>(190)) - new 36185c6b-22ce-45d1-a622-3a6b487a5a53@group-386B2F16DF49-SegmentedRaftLogWorker for RaftStorageImpl:Storage Directory /home/runner/work/ozone/ozone/hadoop-ozone/integration-test/target/test-dir/MiniOzoneClusterImpl-611c99c7-d47b-4433-a4ef-cd0a35b076ef/ozone-metadata/datanode-8/ratis/db5b5c2b-f866-4aec-a921-386b2f16df49
2025-10-10 10:39:43,531 [36185c6b-22ce-45d1-a622-3a6b487a5a53-impl-thread3] INFO  server.RaftServerConfigKeys (ConfUtils.java:logGet(62)) - raft.server.log.queue.byte-limit = 4294967296 (custom)
2025-10-10 10:39:43,531 [36185c6b-22ce-45d1-a622-3a6b487a5a53-impl-thread2] INFO  server.RaftServerConfigKeys (ConfUtils.java:logGet(62)) - raft.server.log.appender.buffer.byte-limit = 33554432 (custom)
2025-10-10 10:39:43,531 [36185c6b-22ce-45d1-a622-3a6b487a5a53-impl-thread3] INFO  server.RaftServerConfigKeys (ConfUtils.java:logGet(62)) - raft.server.log.segment.size.max = 67108864 (custom)
2025-10-10 10:39:43,531 [36185c6b-22ce-45d1-a622-3a6b487a5a53-impl-thread3] INFO  server.RaftServerConfigKeys (ConfUtils.java:logGet(62)) - raft.server.log.preallocated.size = 4194304 (custom)
2025-10-10 10:39:43,532 [36185c6b-22ce-45d1-a622-3a6b487a5a53-impl-thread2] INFO  server.RaftServer$Division (ServerState.java:setRaftConf(386)) - 36185c6b-22ce-45d1-a622-3a6b487a5a53@group-6EF60CB14872: set configuration conf: {index: 0, cur=peers:[aa9634f0-8836-44d6-bc05-5b19fbdd93d5|127.0.0.1:15063, 36185c6b-22ce-45d1-a622-3a6b487a5a53|127.0.0.1:15071, 895d447a-5476-42e4-b2fa-6eb687701d46|127.0.0.1:15079]|listeners:[], old=null}
2025-10-10 10:39:43,532 [36185c6b-22ce-45d1-a622-3a6b487a5a53-impl-thread3] INFO  server.RaftServerConfigKeys (ConfUtils.java:logGet(62)) - raft.server.log.write.buffer.size = 33554440 (custom)
2025-10-10 10:39:43,532 [36185c6b-22ce-45d1-a622-3a6b487a5a53-impl-thread2] INFO  segmented.LogSegment (LogSegment.java:loadSegment(171)) - Successfully read 7 entries from segment file /home/runner/work/ozone/ozone/hadoop-ozone/integration-test/target/test-dir/MiniOzoneClusterImpl-611c99c7-d47b-4433-a4ef-cd0a35b076ef/ozone-metadata/datanode-8/ratis/56f6ef43-c50c-4d35-89b5-6ef60cb14872/current/log_inprogress_0
2025-10-10 10:39:43,532 [36185c6b-22ce-45d1-a622-3a6b487a5a53-impl-thread2] INFO  segmented.SegmentedRaftLogWorker (SegmentedRaftLogWorker.java:lambda$new$0(141)) - 36185c6b-22ce-45d1-a622-3a6b487a5a53@group-6EF60CB14872-SegmentedRaftLogWorker: flushIndex: setUnconditionally 0 -> 6
2025-10-10 10:39:43,532 [36185c6b-22ce-45d1-a622-3a6b487a5a53-impl-thread2] INFO  segmented.SegmentedRaftLogWorker (SegmentedRaftLogWorker.java:lambda$new$0(141)) - 36185c6b-22ce-45d1-a622-3a6b487a5a53@group-6EF60CB14872-SegmentedRaftLogWorker: safeCacheEvictIndex: setUnconditionally 0 -> -1
2025-10-10 10:39:43,532 [36185c6b-22ce-45d1-a622-3a6b487a5a53-impl-thread2] INFO  segmented.BufferedWriteChannel (BufferedWriteChannel.java:open(61)) - open log_inprogress_0 (append) at position 1677
2025-10-10 10:39:43,536 [36185c6b-22ce-45d1-a622-3a6b487a5a53-impl-thread2] INFO  server.RaftServer$Division (RaftServerImpl.java:start(405)) - 36185c6b-22ce-45d1-a622-3a6b487a5a53@group-6EF60CB14872: start as a follower, conf=conf: {index: 0, cur=peers:[aa9634f0-8836-44d6-bc05-5b19fbdd93d5|127.0.0.1:15063, 36185c6b-22ce-45d1-a622-3a6b487a5a53|127.0.0.1:15071, 895d447a-5476-42e4-b2fa-6eb687701d46|127.0.0.1:15079]|listeners:[], old=null}
2025-10-10 10:39:43,536 [36185c6b-22ce-45d1-a622-3a6b487a5a53-impl-thread2] INFO  server.RaftServer$Division (RaftServerImpl.java:setRole(392)) - 36185c6b-22ce-45d1-a622-3a6b487a5a53@group-6EF60CB14872: changes role from      null to FOLLOWER at term 1 for startAsFollower
2025-10-10 10:39:43,536 [36185c6b-22ce-45d1-a622-3a6b487a5a53-impl-thread2] INFO  impl.RoleInfo (RoleInfo.java:updateAndGet(148)) - 36185c6b-22ce-45d1-a622-3a6b487a5a53: start 36185c6b-22ce-45d1-a622-3a6b487a5a53@group-6EF60CB14872-FollowerState
2025-10-10 10:39:43,537 [36185c6b-22ce-45d1-a622-3a6b487a5a53-impl-thread3] INFO  server.RaftServerConfigKeys (ConfUtils.java:logGet(62)) - raft.server.log.appender.buffer.byte-limit = 33554432 (custom)
2025-10-10 10:39:43,538 [36185c6b-22ce-45d1-a622-3a6b487a5a53-impl-thread3] INFO  server.RaftServer$Division (ServerState.java:setRaftConf(386)) - 36185c6b-22ce-45d1-a622-3a6b487a5a53@group-386B2F16DF49: set configuration conf: {index: 0, cur=peers:[36185c6b-22ce-45d1-a622-3a6b487a5a53|127.0.0.1:15071]|listeners:[], old=null}
2025-10-10 10:39:43,538 [36185c6b-22ce-45d1-a622-3a6b487a5a53-impl-thread3] INFO  segmented.LogSegment (LogSegment.java:loadSegment(171)) - Successfully read 1 entries from segment file /home/runner/work/ozone/ozone/hadoop-ozone/integration-test/target/test-dir/MiniOzoneClusterImpl-611c99c7-d47b-4433-a4ef-cd0a35b076ef/ozone-metadata/datanode-8/ratis/db5b5c2b-f866-4aec-a921-386b2f16df49/current/log_inprogress_0
2025-10-10 10:39:43,538 [36185c6b-22ce-45d1-a622-3a6b487a5a53-impl-thread3] INFO  segmented.SegmentedRaftLogWorker (SegmentedRaftLogWorker.java:lambda$new$0(141)) - 36185c6b-22ce-45d1-a622-3a6b487a5a53@group-386B2F16DF49-SegmentedRaftLogWorker: safeCacheEvictIndex: setUnconditionally 0 -> -1
2025-10-10 10:39:43,538 [36185c6b-22ce-45d1-a622-3a6b487a5a53-impl-thread3] INFO  segmented.BufferedWriteChannel (BufferedWriteChannel.java:open(61)) - open log_inprogress_0 (append) at position 129
2025-10-10 10:39:43,539 [36185c6b-22ce-45d1-a622-3a6b487a5a53-impl-thread1] INFO  server.RaftServer$Division (RaftServerImpl.java:start(405)) - 36185c6b-22ce-45d1-a622-3a6b487a5a53@group-813C05265458: start as a follower, conf=conf: {index: 0, cur=peers:[aa9634f0-8836-44d6-bc05-5b19fbdd93d5|127.0.0.1:15063, 36185c6b-22ce-45d1-a622-3a6b487a5a53|127.0.0.1:15071, 895d447a-5476-42e4-b2fa-6eb687701d46|127.0.0.1:15079]|listeners:[], old=null}
2025-10-10 10:39:43,539 [36185c6b-22ce-45d1-a622-3a6b487a5a53-impl-thread1] INFO  server.RaftServer$Division (RaftServerImpl.java:setRole(392)) - 36185c6b-22ce-45d1-a622-3a6b487a5a53@group-813C05265458: changes role from      null to FOLLOWER at term 1 for startAsFollower
2025-10-10 10:39:43,539 [36185c6b-22ce-45d1-a622-3a6b487a5a53-impl-thread1] INFO  impl.RoleInfo (RoleInfo.java:updateAndGet(148)) - 36185c6b-22ce-45d1-a622-3a6b487a5a53: start 36185c6b-22ce-45d1-a622-3a6b487a5a53@group-813C05265458-FollowerState
2025-10-10 10:39:43,539 [36185c6b-22ce-45d1-a622-3a6b487a5a53-impl-thread1] INFO  util.JmxRegister (JmxRegister.java:tryRegister(44)) - Successfully registered JMX Bean with object name Ratis:service=RaftServer,group=group-813C05265458,id=36185c6b-22ce-45d1-a622-3a6b487a5a53
2025-10-10 10:39:43,539 [36185c6b-22ce-45d1-a622-3a6b487a5a53-impl-thread1] INFO  util.JmxRegister (JmxRegister.java:register(58)) - register mxBean class org.apache.ratis.server.impl.RaftServerJmxAdapter as Ratis:service=RaftServer,group=group-813C05265458,id=36185c6b-22ce-45d1-a622-3a6b487a5a53
2025-10-10 10:39:43,540 [36185c6b-22ce-45d1-a622-3a6b487a5a53-impl-thread2] INFO  util.JmxRegister (JmxRegister.java:tryRegister(44)) - Successfully registered JMX Bean with object name Ratis:service=RaftServer,group=group-6EF60CB14872,id=36185c6b-22ce-45d1-a622-3a6b487a5a53
2025-10-10 10:39:43,540 [36185c6b-22ce-45d1-a622-3a6b487a5a53-impl-thread2] INFO  util.JmxRegister (JmxRegister.java:register(58)) - register mxBean class org.apache.ratis.server.impl.RaftServerJmxAdapter as Ratis:service=RaftServer,group=group-6EF60CB14872,id=36185c6b-22ce-45d1-a622-3a6b487a5a53
2025-10-10 10:39:43,541 [36185c6b-22ce-45d1-a622-3a6b487a5a53-impl-thread1] INFO  server.RaftServer$Division (RaftServerImpl.java:start(419)) - 36185c6b-22ce-45d1-a622-3a6b487a5a53@group-813C05265458: Successfully started.
2025-10-10 10:39:43,541 [36185c6b-22ce-45d1-a622-3a6b487a5a53-impl-thread2] INFO  server.RaftServer$Division (RaftServerImpl.java:start(419)) - 36185c6b-22ce-45d1-a622-3a6b487a5a53@group-6EF60CB14872: Successfully started.
2025-10-10 10:39:43,541 [36185c6b-22ce-45d1-a622-3a6b487a5a53-impl-thread3] INFO  server.RaftServer$Division (RaftServerImpl.java:start(405)) - 36185c6b-22ce-45d1-a622-3a6b487a5a53@group-386B2F16DF49: start as a follower, conf=conf: {index: 0, cur=peers:[36185c6b-22ce-45d1-a622-3a6b487a5a53|127.0.0.1:15071]|listeners:[], old=null}
2025-10-10 10:39:43,542 [36185c6b-22ce-45d1-a622-3a6b487a5a53-impl-thread3] INFO  server.RaftServer$Division (RaftServerImpl.java:setRole(392)) - 36185c6b-22ce-45d1-a622-3a6b487a5a53@group-386B2F16DF49: changes role from      null to FOLLOWER at term 1 for startAsFollower
2025-10-10 10:39:43,542 [36185c6b-22ce-45d1-a622-3a6b487a5a53-impl-thread3] INFO  impl.RoleInfo (RoleInfo.java:updateAndGet(148)) - 36185c6b-22ce-45d1-a622-3a6b487a5a53: start 36185c6b-22ce-45d1-a622-3a6b487a5a53@group-386B2F16DF49-FollowerState
2025-10-10 10:39:43,543 [36185c6b-22ce-45d1-a622-3a6b487a5a53-impl-thread3] INFO  util.JmxRegister (JmxRegister.java:tryRegister(44)) - Successfully registered JMX Bean with object name Ratis:service=RaftServer,group=group-386B2F16DF49,id=36185c6b-22ce-45d1-a622-3a6b487a5a53
2025-10-10 10:39:43,543 [36185c6b-22ce-45d1-a622-3a6b487a5a53-impl-thread3] INFO  util.JmxRegister (JmxRegister.java:register(58)) - register mxBean class org.apache.ratis.server.impl.RaftServerJmxAdapter as Ratis:service=RaftServer,group=group-386B2F16DF49,id=36185c6b-22ce-45d1-a622-3a6b487a5a53
2025-10-10 10:39:43,544 [36185c6b-22ce-45d1-a622-3a6b487a5a53-impl-thread3] INFO  server.RaftServer$Division (RaftServerImpl.java:start(419)) - 36185c6b-22ce-45d1-a622-3a6b487a5a53@group-386B2F16DF49: Successfully started.
2025-10-10 10:39:43,544 [36185c6b-22ce-45d1-a622-3a6b487a5a53-EndpointStateMachineTaskThread-/0.0.0.0:15002-0 ] INFO  server.RaftServer (RaftServerProxy.java:startImpl(412)) - 36185c6b-22ce-45d1-a622-3a6b487a5a53: start RPC server
2025-10-10 10:39:43,544 [36185c6b-22ce-45d1-a622-3a6b487a5a53-EndpointStateMachineTaskThread-/0.0.0.0:15002-0 ] INFO  server.GrpcServicesImpl (GrpcServicesImpl.java:startImpl(346)) - 36185c6b-22ce-45d1-a622-3a6b487a5a53: GrpcServicesImpl started, listening on 15069
2025-10-10 10:39:43,545 [36185c6b-22ce-45d1-a622-3a6b487a5a53-EndpointStateMachineTaskThread-/0.0.0.0:15002-0 ] INFO  server.GrpcServicesImpl (GrpcServicesImpl.java:startImpl(346)) - 36185c6b-22ce-45d1-a622-3a6b487a5a53: GrpcServicesImpl started, listening on 15071
2025-10-10 10:39:43,545 [36185c6b-22ce-45d1-a622-3a6b487a5a53-EndpointStateMachineTaskThread-/0.0.0.0:15002-0 ] INFO  server.GrpcServicesImpl (GrpcServicesImpl.java:startImpl(346)) - 36185c6b-22ce-45d1-a622-3a6b487a5a53: GrpcServicesImpl started, listening on 15070
2025-10-10 10:39:43,545 [36185c6b-22ce-45d1-a622-3a6b487a5a53-EndpointStateMachineTaskThread-/0.0.0.0:15002-0 ] INFO  ratis.XceiverServerRatis (XceiverServerRatis.java:getRealPort(586)) - XceiverServerRatis(36185c6b-22ce-45d1-a622-3a6b487a5a53) is started using port RATIS=15069
2025-10-10 10:39:43,545 [36185c6b-22ce-45d1-a622-3a6b487a5a53-EndpointStateMachineTaskThread-/0.0.0.0:15002-0 ] INFO  ratis.XceiverServerRatis (XceiverServerRatis.java:getRealPort(586)) - XceiverServerRatis(36185c6b-22ce-45d1-a622-3a6b487a5a53) is started using port RATIS_ADMIN=15070
2025-10-10 10:39:43,545 [36185c6b-22ce-45d1-a622-3a6b487a5a53-EndpointStateMachineTaskThread-/0.0.0.0:15002-0 ] INFO  ratis.XceiverServerRatis (XceiverServerRatis.java:getRealPort(586)) - XceiverServerRatis(36185c6b-22ce-45d1-a622-3a6b487a5a53) is started using port RATIS_SERVER=15071
2025-10-10 10:39:43,545 [36185c6b-22ce-45d1-a622-3a6b487a5a53-EndpointStateMachineTaskThread-/0.0.0.0:15002-0 ] INFO  ratis.XceiverServerRatis (XceiverServerRatis.java:getRealPort(586)) - XceiverServerRatis(36185c6b-22ce-45d1-a622-3a6b487a5a53) is started using port RATIS_DATASTREAM=15072
2025-10-10 10:39:43,545 [JvmPauseMonitor15] INFO  util.JvmPauseMonitor (JvmPauseMonitor.java:run(146)) - JvmPauseMonitor-36185c6b-22ce-45d1-a622-3a6b487a5a53: Started
2025-10-10 10:39:43,546 [36185c6b-22ce-45d1-a622-3a6b487a5a53-EndpointStateMachineTaskThread-/0.0.0.0:15002-0 ] INFO  utils.BackgroundService (BackgroundService.java:start(119)) - Starting service BlockDeletingService with interval 60000 milliseconds
2025-10-10 10:39:43,546 [36185c6b-22ce-45d1-a622-3a6b487a5a53-EndpointStateMachineTaskThread-/0.0.0.0:15002-0 ] INFO  utils.BackgroundService (BackgroundService.java:start(119)) - Starting service StaleRecoveringContainerScrubbingService with interval 60000 milliseconds
2025-10-10 10:39:43,583 [timer2] ERROR impl.OrderedAsync (OrderedAsync.java:lambda$null$6(215)) -  (Repeated 2 times in the last 5.000s) client-917D4E751540: Failed* RaftClientRequest:client-917D4E751540->36185c6b-22ce-45d1-a622-3a6b487a5a53@group-6EF60CB14872, cid=48, seq=6*, RW, cmdType: WriteChunk traceID: "" containerID: 6 datanodeUuid: "36185c6b-22ce-45d1-a622-3a6b487a5a53" writeChunk { blockID { containerID: 6 localID: 115816896921600006 blockCommitSequenceId: 0 replicaIndex: 0 } chunkData { chunkName: "115816896921600006_chunk_1" offset: 0 len: 524288 } } version: 3, data.size=524288
java.util.concurrent.CompletionException: java.io.IOException: org.apache.ratis.thirdparty.io.grpc.StatusRuntimeException: UNAVAILABLE: io exception
	at java.base/java.util.concurrent.CompletableFuture.encodeThrowable(CompletableFuture.java:332)
	at java.base/java.util.concurrent.CompletableFuture.completeThrowable(CompletableFuture.java:347)
	at java.base/java.util.concurrent.CompletableFuture$UniAccept.tryFire(CompletableFuture.java:708)
	at java.base/java.util.concurrent.CompletableFuture.postComplete(CompletableFuture.java:510)
	at java.base/java.util.concurrent.CompletableFuture.completeExceptionally(CompletableFuture.java:2194)
	at org.apache.ratis.grpc.client.GrpcClientProtocolClient$AsyncStreamObservers.completeReplyExceptionally(GrpcClientProtocolClient.java:397)
	at org.apache.ratis.grpc.client.GrpcClientProtocolClient$AsyncStreamObservers.access$000(GrpcClientProtocolClient.java:303)
	at org.apache.ratis.grpc.client.GrpcClientProtocolClient$AsyncStreamObservers$1.onError(GrpcClientProtocolClient.java:334)
	at org.apache.ratis.thirdparty.io.grpc.stub.ClientCalls$StreamObserverToCallListenerAdapter.onClose(ClientCalls.java:564)
	at org.apache.ratis.thirdparty.io.grpc.PartialForwardingClientCallListener.onClose(PartialForwardingClientCallListener.java:39)
	at org.apache.ratis.thirdparty.io.grpc.ForwardingClientCallListener.onClose(ForwardingClientCallListener.java:23)
	at org.apache.ratis.grpc.metrics.intercept.client.MetricClientCallListener.onClose(MetricClientCallListener.java:47)
	at org.apache.ratis.thirdparty.io.grpc.internal.ClientCallImpl.closeObserver(ClientCallImpl.java:565)
	at org.apache.ratis.thirdparty.io.grpc.internal.ClientCallImpl.access$100(ClientCallImpl.java:72)
	at org.apache.ratis.thirdparty.io.grpc.internal.ClientCallImpl$ClientStreamListenerImpl$1StreamClosed.runInternal(ClientCallImpl.java:733)
	at org.apache.ratis.thirdparty.io.grpc.internal.ClientCallImpl$ClientStreamListenerImpl$1StreamClosed.runInContext(ClientCallImpl.java:714)
	at org.apache.ratis.thirdparty.io.grpc.internal.ContextRunnable.run(ContextRunnable.java:37)
	at org.apache.ratis.thirdparty.io.grpc.internal.SerializingExecutor.run(SerializingExecutor.java:133)
	at java.base/java.util.concurrent.ThreadPoolExecutor.runWorker(ThreadPoolExecutor.java:1144)
	at java.base/java.util.concurrent.ThreadPoolExecutor$Worker.run(ThreadPoolExecutor.java:642)
	at java.base/java.lang.Thread.run(Thread.java:1583)
Caused by: java.io.IOException: org.apache.ratis.thirdparty.io.grpc.StatusRuntimeException: UNAVAILABLE: io exception
	at org.apache.ratis.grpc.GrpcUtil.unwrapException(GrpcUtil.java:99)
	at org.apache.ratis.grpc.GrpcUtil.unwrapIOException(GrpcUtil.java:159)
	at org.apache.ratis.grpc.client.GrpcClientProtocolClient$AsyncStreamObservers$1.onError(GrpcClientProtocolClient.java:333)
	... 13 more
Caused by: org.apache.ratis.thirdparty.io.grpc.StatusRuntimeException: UNAVAILABLE: io exception
	at org.apache.ratis.thirdparty.io.grpc.Status.asRuntimeException(Status.java:532)
	... 13 more
Caused by: org.apache.ratis.thirdparty.io.netty.channel.AbstractChannel$AnnotatedConnectException: finishConnect(..) failed: Connection refused: /127.0.0.1:15069
Caused by: java.net.ConnectException: finishConnect(..) failed: Connection refused
	at org.apache.ratis.thirdparty.io.netty.channel.unix.Errors.newConnectException0(Errors.java:166)
	at org.apache.ratis.thirdparty.io.netty.channel.unix.Errors.handleConnectErrno(Errors.java:131)
	at org.apache.ratis.thirdparty.io.netty.channel.unix.Socket.finishConnect(Socket.java:359)
	at org.apache.ratis.thirdparty.io.netty.channel.epoll.AbstractEpollChannel$AbstractEpollUnsafe.doFinishConnect(AbstractEpollChannel.java:715)
	at org.apache.ratis.thirdparty.io.netty.channel.epoll.AbstractEpollChannel$AbstractEpollUnsafe.finishConnect(AbstractEpollChannel.java:692)
	at org.apache.ratis.thirdparty.io.netty.channel.epoll.AbstractEpollChannel$AbstractEpollUnsafe.epollOutReady(AbstractEpollChannel.java:567)
	at org.apache.ratis.thirdparty.io.netty.channel.epoll.EpollEventLoop.processReady(EpollEventLoop.java:491)
	at org.apache.ratis.thirdparty.io.netty.channel.epoll.EpollEventLoop.run(EpollEventLoop.java:399)
	at org.apache.ratis.thirdparty.io.netty.util.concurrent.SingleThreadEventExecutor$4.run(SingleThreadEventExecutor.java:998)
	at org.apache.ratis.thirdparty.io.netty.util.internal.ThreadExecutorMap$2.run(ThreadExecutorMap.java:74)
	at org.apache.ratis.thirdparty.io.netty.util.concurrent.FastThreadLocalRunnable.run(FastThreadLocalRunnable.java:30)
	at java.base/java.lang.Thread.run(Thread.java:1583)
2025-10-10 10:39:43,638 [aa9634f0-8836-44d6-bc05-5b19fbdd93d5@group-813C05265458-FollowerState] INFO  impl.FollowerState (FollowerState.java:runImpl(161)) - aa9634f0-8836-44d6-bc05-5b19fbdd93d5@group-813C05265458-FollowerState: change to CANDIDATE, lastRpcElapsedTime:1008267024ns, electionTimeout:1008ms
2025-10-10 10:39:43,638 [aa9634f0-8836-44d6-bc05-5b19fbdd93d5@group-813C05265458-FollowerState] INFO  impl.RoleInfo (RoleInfo.java:shutdownFollowerState(121)) - aa9634f0-8836-44d6-bc05-5b19fbdd93d5: shutdown aa9634f0-8836-44d6-bc05-5b19fbdd93d5@group-813C05265458-FollowerState
2025-10-10 10:39:43,639 [aa9634f0-8836-44d6-bc05-5b19fbdd93d5@group-813C05265458-FollowerState] INFO  server.RaftServer$Division (RaftServerImpl.java:setRole(392)) - aa9634f0-8836-44d6-bc05-5b19fbdd93d5@group-813C05265458: changes role from  FOLLOWER to CANDIDATE at term 1 for changeToCandidate
2025-10-10 10:39:43,639 [aa9634f0-8836-44d6-bc05-5b19fbdd93d5@group-813C05265458-FollowerState] INFO  impl.RoleInfo (RoleInfo.java:updateAndGet(148)) - aa9634f0-8836-44d6-bc05-5b19fbdd93d5: start aa9634f0-8836-44d6-bc05-5b19fbdd93d5@group-813C05265458-LeaderElection204
2025-10-10 10:39:43,639 [aa9634f0-8836-44d6-bc05-5b19fbdd93d5@group-813C05265458-LeaderElection204] INFO  impl.LeaderElection (LeaderElection.java:askForVotes(448)) - aa9634f0-8836-44d6-bc05-5b19fbdd93d5@group-813C05265458-LeaderElection204 PRE_VOTE round 0: submit vote requests at term 1 for conf: {index: 0, cur=peers:[aa9634f0-8836-44d6-bc05-5b19fbdd93d5|127.0.0.1:15063, 36185c6b-22ce-45d1-a622-3a6b487a5a53|127.0.0.1:15071, 895d447a-5476-42e4-b2fa-6eb687701d46|127.0.0.1:15079]|listeners:[], old=null}
2025-10-10 10:39:43,639 [aa9634f0-8836-44d6-bc05-5b19fbdd93d5@group-813C05265458-LeaderElection204] INFO  impl.LeaderElection (LogUtils.java:infoOrTrace(142)) - aa9634f0-8836-44d6-bc05-5b19fbdd93d5@group-813C05265458-LeaderElection204 got exception when requesting votes: java.util.concurrent.ExecutionException: org.apache.ratis.thirdparty.io.grpc.StatusRuntimeException: UNAVAILABLE: io exception
2025-10-10 10:39:43,640 [aa9634f0-8836-44d6-bc05-5b19fbdd93d5@group-813C05265458-LeaderElection204] INFO  impl.LeaderElection (LogUtils.java:infoOrTrace(142)) - aa9634f0-8836-44d6-bc05-5b19fbdd93d5@group-813C05265458-LeaderElection204 got exception when requesting votes: java.util.concurrent.ExecutionException: org.apache.ratis.thirdparty.io.grpc.StatusRuntimeException: UNAVAILABLE: io exception
2025-10-10 10:39:43,640 [aa9634f0-8836-44d6-bc05-5b19fbdd93d5@group-813C05265458-LeaderElection204] INFO  impl.LeaderElection (LeaderElection.java:logAndReturn(206)) - aa9634f0-8836-44d6-bc05-5b19fbdd93d5@group-813C05265458-LeaderElection204: PRE_VOTE REJECTED received 0 response(s) and 2 exception(s):
2025-10-10 10:39:43,640 [aa9634f0-8836-44d6-bc05-5b19fbdd93d5@group-813C05265458-LeaderElection204] INFO  impl.LeaderElection (LogUtils.java:infoOrTrace(142)) -   Exception 0: java.util.concurrent.ExecutionException: org.apache.ratis.thirdparty.io.grpc.StatusRuntimeException: UNAVAILABLE: io exception
2025-10-10 10:39:43,640 [aa9634f0-8836-44d6-bc05-5b19fbdd93d5@group-813C05265458-LeaderElection204] INFO  impl.LeaderElection (LogUtils.java:infoOrTrace(142)) -   Exception 1: java.util.concurrent.ExecutionException: org.apache.ratis.thirdparty.io.grpc.StatusRuntimeException: UNAVAILABLE: io exception
2025-10-10 10:39:43,640 [aa9634f0-8836-44d6-bc05-5b19fbdd93d5@group-813C05265458-LeaderElection204] INFO  impl.LeaderElection (LeaderElection.java:askForVotes(450)) - aa9634f0-8836-44d6-bc05-5b19fbdd93d5@group-813C05265458-LeaderElection204 PRE_VOTE round 0: result REJECTED
2025-10-10 10:39:43,640 [aa9634f0-8836-44d6-bc05-5b19fbdd93d5@group-813C05265458-LeaderElection204] INFO  server.RaftServer$Division (RaftServerImpl.java:setRole(392)) - aa9634f0-8836-44d6-bc05-5b19fbdd93d5@group-813C05265458: changes role from CANDIDATE to FOLLOWER at term 1 for REJECTED
2025-10-10 10:39:43,640 [aa9634f0-8836-44d6-bc05-5b19fbdd93d5@group-813C05265458-LeaderElection204] INFO  impl.RoleInfo (RoleInfo.java:shutdownLeaderElection(141)) - aa9634f0-8836-44d6-bc05-5b19fbdd93d5: shutdown aa9634f0-8836-44d6-bc05-5b19fbdd93d5@group-813C05265458-LeaderElection204
2025-10-10 10:39:43,640 [aa9634f0-8836-44d6-bc05-5b19fbdd93d5@group-813C05265458-LeaderElection204] INFO  impl.RoleInfo (RoleInfo.java:updateAndGet(148)) - aa9634f0-8836-44d6-bc05-5b19fbdd93d5: start aa9634f0-8836-44d6-bc05-5b19fbdd93d5@group-813C05265458-FollowerState
2025-10-10 10:39:43,716 [895d447a-5476-42e4-b2fa-6eb687701d46-ContainerReader-0] INFO  ozoneimpl.ContainerReader (ContainerReader.java:readVolume(147)) - Start to verify containers on volume /home/runner/work/ozone/ozone/hadoop-ozone/integration-test/target/test-dir/MiniOzoneClusterImpl-611c99c7-d47b-4433-a4ef-cd0a35b076ef/ozone-metadata/datanode-9/data-0/hdds
2025-10-10 10:39:43,718 [895d447a-5476-42e4-b2fa-6eb687701d46-ContainerReader-0] WARN  helpers.KeyValueContainerUtil (KeyValueContainerUtil.java:populateContainerMetadata(329)) - Missing pendingDeleteBlockCount from metadata: recalculate them from block table
2025-10-10 10:39:43,720 [895d447a-5476-42e4-b2fa-6eb687701d46-ContainerReader-0] INFO  ozoneimpl.ContainerReader (ContainerReader.java:readVolume(177)) - Finish verifying containers on volume /home/runner/work/ozone/ozone/hadoop-ozone/integration-test/target/test-dir/MiniOzoneClusterImpl-611c99c7-d47b-4433-a4ef-cd0a35b076ef/ozone-metadata/datanode-9/data-0/hdds
2025-10-10 10:39:43,720 [895d447a-5476-42e4-b2fa-6eb687701d46-EndpointStateMachineTaskThread-/0.0.0.0:15002-0 ] INFO  ozoneimpl.OzoneContainer (OzoneContainer.java:buildContainerSet(370)) - Build ContainerSet costs 0s
2025-10-10 10:39:43,721 [895d447a-5476-42e4-b2fa-6eb687701d46-EndpointStateMachineTaskThread-/0.0.0.0:15002-0 ] INFO  volume.ThrottledAsyncChecker (ThrottledAsyncChecker.java:schedule(138)) - Scheduling a check for /home/runner/work/ozone/ozone/hadoop-ozone/integration-test/target/test-dir/MiniOzoneClusterImpl-611c99c7-d47b-4433-a4ef-cd0a35b076ef/ozone-metadata/datanode-9/data-0/hdds
2025-10-10 10:39:43,721 [895d447a-5476-42e4-b2fa-6eb687701d46-EndpointStateMachineTaskThread-/0.0.0.0:15002-0 ] INFO  volume.StorageVolumeChecker (StorageVolumeChecker.java:checkAllVolumes(231)) - Scheduled health check for volume /home/runner/work/ozone/ozone/hadoop-ozone/integration-test/target/test-dir/MiniOzoneClusterImpl-611c99c7-d47b-4433-a4ef-cd0a35b076ef/ozone-metadata/datanode-9/data-0/hdds
2025-10-10 10:39:43,724 [895d447a-5476-42e4-b2fa-6eb687701d46-EndpointStateMachineTaskThread-/0.0.0.0:15002-0 ] INFO  volume.ThrottledAsyncChecker (ThrottledAsyncChecker.java:schedule(138)) - Scheduling a check for /home/runner/work/ozone/ozone/hadoop-ozone/integration-test/target/test-dir/MiniOzoneClusterImpl-611c99c7-d47b-4433-a4ef-cd0a35b076ef/ozone-metadata/datanode-9/ratis
2025-10-10 10:39:43,724 [895d447a-5476-42e4-b2fa-6eb687701d46-EndpointStateMachineTaskThread-/0.0.0.0:15002-0 ] INFO  volume.StorageVolumeChecker (StorageVolumeChecker.java:checkAllVolumes(231)) - Scheduled health check for volume /home/runner/work/ozone/ozone/hadoop-ozone/integration-test/target/test-dir/MiniOzoneClusterImpl-611c99c7-d47b-4433-a4ef-cd0a35b076ef/ozone-metadata/datanode-9/ratis
2025-10-10 10:39:43,725 [895d447a-5476-42e4-b2fa-6eb687701d46-EndpointStateMachineTaskThread-/0.0.0.0:15002-0 ] INFO  ozoneimpl.OzoneContainer (OzoneContainer.java:start(525)) - Attempting to start container services.
2025-10-10 10:39:43,726 [895d447a-5476-42e4-b2fa-6eb687701d46-EndpointStateMachineTaskThread-/0.0.0.0:15002-0 ] INFO  replication.ReplicationServer (ReplicationServer.java:start(137)) - ReplicationServer is started using port 15081
2025-10-10 10:39:43,726 [895d447a-5476-42e4-b2fa-6eb687701d46-EndpointStateMachineTaskThread-/0.0.0.0:15002-0 ] INFO  ratis.XceiverServerRatis (XceiverServerRatis.java:start(559)) - Starting XceiverServerRatis(895d447a-5476-42e4-b2fa-6eb687701d46)
2025-10-10 10:39:43,727 [ContainerMetadataScanner] INFO  ozoneimpl.AbstractBackgroundContainerScanner (AbstractBackgroundContainerScanner.java:runIteration(89)) - Completed an iteration in 0 minutes. Number of iterations (since the data-node restart) : 1, Number of containers scanned in this iteration : 1, Number of unhealthy containers found in this iteration : 0
2025-10-10 10:39:43,728 [895d447a-5476-42e4-b2fa-6eb687701d46-impl-thread1] INFO  server.RaftServerConfigKeys (ConfUtils.java:logGet(62)) - raft.server.storage.dir = [/home/runner/work/ozone/ozone/hadoop-ozone/integration-test/target/test-dir/MiniOzoneClusterImpl-611c99c7-d47b-4433-a4ef-cd0a35b076ef/ozone-metadata/datanode-9/ratis] (custom)
2025-10-10 10:39:43,728 [895d447a-5476-42e4-b2fa-6eb687701d46-impl-thread1] INFO  storage.RaftStorageDirectory (RaftStorageDirectoryImpl.java:tryLock(229)) - Lock on /home/runner/work/ozone/ozone/hadoop-ozone/integration-test/target/test-dir/MiniOzoneClusterImpl-611c99c7-d47b-4433-a4ef-cd0a35b076ef/ozone-metadata/datanode-9/ratis/e51e4850-930a-48f3-bb77-813c05265458/in_use.lock acquired by nodename 58401@localhost
2025-10-10 10:39:43,729 [895d447a-5476-42e4-b2fa-6eb687701d46-impl-thread1] INFO  storage.RaftStorage (RaftStorageImpl.java:analyzeAndRecoverStorage(118)) - Read RaftStorageMetadata{term=1, votedFor=aa9634f0-8836-44d6-bc05-5b19fbdd93d5} from /home/runner/work/ozone/ozone/hadoop-ozone/integration-test/target/test-dir/MiniOzoneClusterImpl-611c99c7-d47b-4433-a4ef-cd0a35b076ef/ozone-metadata/datanode-9/ratis/e51e4850-930a-48f3-bb77-813c05265458/current/raft-meta
2025-10-10 10:39:43,729 [895d447a-5476-42e4-b2fa-6eb687701d46-impl-thread1] INFO  server.RaftServer$Division (ServerState.java:setRaftConf(386)) - 895d447a-5476-42e4-b2fa-6eb687701d46@group-813C05265458: set configuration conf: {index: 0, cur=peers:[aa9634f0-8836-44d6-bc05-5b19fbdd93d5|127.0.0.1:15063, 36185c6b-22ce-45d1-a622-3a6b487a5a53|127.0.0.1:15071, 895d447a-5476-42e4-b2fa-6eb687701d46|127.0.0.1:15079]|listeners:[], old=null}
2025-10-10 10:39:43,729 [895d447a-5476-42e4-b2fa-6eb687701d46-impl-thread1] INFO  ratis.ContainerStateMachine (ContainerStateMachine.java:initialize(339)) - 895d447a-5476-42e4-b2fa-6eb687701d46: initialize group-813C05265458
2025-10-10 10:39:43,729 [895d447a-5476-42e4-b2fa-6eb687701d46-impl-thread1] INFO  ratis.ContainerStateMachine (ContainerStateMachine.java:loadSnapshot(356)) - group-813C05265458: Setting the last applied index to (t:1, i:0)
2025-10-10 10:39:43,730 [895d447a-5476-42e4-b2fa-6eb687701d46-impl-thread1] INFO  server.RaftServerConfigKeys (ConfUtils.java:logGet(62)) - raft.server.log.appender.buffer.byte-limit = 33554432 (custom)
2025-10-10 10:39:43,731 [895d447a-5476-42e4-b2fa-6eb687701d46-impl-thread2] INFO  storage.RaftStorageDirectory (RaftStorageDirectoryImpl.java:tryLock(229)) - Lock on /home/runner/work/ozone/ozone/hadoop-ozone/integration-test/target/test-dir/MiniOzoneClusterImpl-611c99c7-d47b-4433-a4ef-cd0a35b076ef/ozone-metadata/datanode-9/ratis/1890b19a-2da7-4d82-9892-263a5124e6e8/in_use.lock acquired by nodename 58401@localhost
2025-10-10 10:39:43,731 [895d447a-5476-42e4-b2fa-6eb687701d46-impl-thread2] INFO  storage.RaftStorage (RaftStorageImpl.java:analyzeAndRecoverStorage(118)) - Read RaftStorageMetadata{term=1, votedFor=895d447a-5476-42e4-b2fa-6eb687701d46} from /home/runner/work/ozone/ozone/hadoop-ozone/integration-test/target/test-dir/MiniOzoneClusterImpl-611c99c7-d47b-4433-a4ef-cd0a35b076ef/ozone-metadata/datanode-9/ratis/1890b19a-2da7-4d82-9892-263a5124e6e8/current/raft-meta
2025-10-10 10:39:43,731 [895d447a-5476-42e4-b2fa-6eb687701d46-impl-thread2] INFO  server.RaftServer$Division (ServerState.java:setRaftConf(386)) - 895d447a-5476-42e4-b2fa-6eb687701d46@group-263A5124E6E8: set configuration conf: {index: 0, cur=peers:[895d447a-5476-42e4-b2fa-6eb687701d46|127.0.0.1:15079]|listeners:[], old=null}
2025-10-10 10:39:43,732 [895d447a-5476-42e4-b2fa-6eb687701d46-impl-thread1] INFO  server.RaftServerConfigKeys (ConfUtils.java:logGet(62)) - raft.server.log.segment.size.max = 67108864 (custom)
2025-10-10 10:39:43,732 [895d447a-5476-42e4-b2fa-6eb687701d46-impl-thread2] INFO  ratis.ContainerStateMachine (ContainerStateMachine.java:initialize(339)) - 895d447a-5476-42e4-b2fa-6eb687701d46: initialize group-263A5124E6E8
2025-10-10 10:39:43,732 [895d447a-5476-42e4-b2fa-6eb687701d46-impl-thread2] INFO  ratis.ContainerStateMachine (ContainerStateMachine.java:loadSnapshot(356)) - group-263A5124E6E8: Setting the last applied index to (t:1, i:0)
2025-10-10 10:39:43,732 [895d447a-5476-42e4-b2fa-6eb687701d46-impl-thread2] INFO  server.RaftServerConfigKeys (ConfUtils.java:logGet(62)) - raft.server.log.appender.buffer.byte-limit = 33554432 (custom)
2025-10-10 10:39:43,733 [895d447a-5476-42e4-b2fa-6eb687701d46-impl-thread1] INFO  server.RaftServerConfigKeys (ConfUtils.java:logGet(62)) - raft.server.log.appender.buffer.byte-limit = 33554432 (custom)
2025-10-10 10:39:43,733 [895d447a-5476-42e4-b2fa-6eb687701d46-impl-thread1] INFO  util.AwaitToRun (AwaitToRun.java:start(81)) - Thread[#2877,895d447a-5476-42e4-b2fa-6eb687701d46@group-813C05265458-cacheEviction-AwaitToRun,5,main] started
2025-10-10 10:39:43,733 [895d447a-5476-42e4-b2fa-6eb687701d46-impl-thread1] INFO  segmented.SegmentedRaftLogWorker (SegmentedRaftLogWorker.java:<init>(190)) - new 895d447a-5476-42e4-b2fa-6eb687701d46@group-813C05265458-SegmentedRaftLogWorker for RaftStorageImpl:Storage Directory /home/runner/work/ozone/ozone/hadoop-ozone/integration-test/target/test-dir/MiniOzoneClusterImpl-611c99c7-d47b-4433-a4ef-cd0a35b076ef/ozone-metadata/datanode-9/ratis/e51e4850-930a-48f3-bb77-813c05265458
2025-10-10 10:39:43,733 [895d447a-5476-42e4-b2fa-6eb687701d46-impl-thread1] INFO  server.RaftServerConfigKeys (ConfUtils.java:logGet(62)) - raft.server.log.queue.byte-limit = 4294967296 (custom)
2025-10-10 10:39:43,733 [895d447a-5476-42e4-b2fa-6eb687701d46-impl-thread1] INFO  server.RaftServerConfigKeys (ConfUtils.java:logGet(62)) - raft.server.log.segment.size.max = 67108864 (custom)
2025-10-10 10:39:43,733 [895d447a-5476-42e4-b2fa-6eb687701d46-impl-thread1] INFO  server.RaftServerConfigKeys (ConfUtils.java:logGet(62)) - raft.server.log.preallocated.size = 4194304 (custom)
2025-10-10 10:39:43,734 [895d447a-5476-42e4-b2fa-6eb687701d46-impl-thread3] INFO  storage.RaftStorageDirectory (RaftStorageDirectoryImpl.java:tryLock(229)) - Lock on /home/runner/work/ozone/ozone/hadoop-ozone/integration-test/target/test-dir/MiniOzoneClusterImpl-611c99c7-d47b-4433-a4ef-cd0a35b076ef/ozone-metadata/datanode-9/ratis/56f6ef43-c50c-4d35-89b5-6ef60cb14872/in_use.lock acquired by nodename 58401@localhost
2025-10-10 10:39:43,734 [895d447a-5476-42e4-b2fa-6eb687701d46-impl-thread3] INFO  storage.RaftStorage (RaftStorageImpl.java:analyzeAndRecoverStorage(118)) - Read RaftStorageMetadata{term=2, votedFor=895d447a-5476-42e4-b2fa-6eb687701d46} from /home/runner/work/ozone/ozone/hadoop-ozone/integration-test/target/test-dir/MiniOzoneClusterImpl-611c99c7-d47b-4433-a4ef-cd0a35b076ef/ozone-metadata/datanode-9/ratis/56f6ef43-c50c-4d35-89b5-6ef60cb14872/current/raft-meta
2025-10-10 10:39:43,734 [895d447a-5476-42e4-b2fa-6eb687701d46-impl-thread3] INFO  server.RaftServer$Division (ServerState.java:setRaftConf(386)) - 895d447a-5476-42e4-b2fa-6eb687701d46@group-6EF60CB14872: set configuration conf: {index: 7, cur=peers:[aa9634f0-8836-44d6-bc05-5b19fbdd93d5|127.0.0.1:15063, 36185c6b-22ce-45d1-a622-3a6b487a5a53|127.0.0.1:15071, 895d447a-5476-42e4-b2fa-6eb687701d46|127.0.0.1:15079]|listeners:[], old=null}
2025-10-10 10:39:43,734 [895d447a-5476-42e4-b2fa-6eb687701d46-impl-thread3] INFO  ratis.ContainerStateMachine (ContainerStateMachine.java:initialize(339)) - 895d447a-5476-42e4-b2fa-6eb687701d46: initialize group-6EF60CB14872
2025-10-10 10:39:43,734 [895d447a-5476-42e4-b2fa-6eb687701d46-impl-thread3] INFO  ratis.ContainerStateMachine (ContainerStateMachine.java:loadSnapshot(356)) - group-6EF60CB14872: Setting the last applied index to (t:2, i:8)
2025-10-10 10:39:43,734 [895d447a-5476-42e4-b2fa-6eb687701d46-impl-thread3] INFO  server.RaftServerConfigKeys (ConfUtils.java:logGet(62)) - raft.server.log.appender.buffer.byte-limit = 33554432 (custom)
2025-10-10 10:39:43,735 [895d447a-5476-42e4-b2fa-6eb687701d46-impl-thread1] INFO  server.RaftServerConfigKeys (ConfUtils.java:logGet(62)) - raft.server.log.write.buffer.size = 33554440 (custom)
2025-10-10 10:39:43,735 [ContainerDataScanner(/home/runner/work/ozone/ozone/hadoop-ozone/integration-test/target/test-dir/MiniOzoneClusterImpl-611c99c7-d47b-4433-a4ef-cd0a35b076ef/ozone-metadata/datanode-9/data-0/hdds)] INFO  ozoneimpl.AbstractBackgroundContainerScanner (AbstractBackgroundContainerScanner.java:runIteration(89)) - Completed an iteration in 0 minutes. Number of iterations (since the data-node restart) : 1, Number of containers scanned in this iteration : 1, Number of unhealthy containers found in this iteration : 0
2025-10-10 10:39:43,737 [895d447a-5476-42e4-b2fa-6eb687701d46-impl-thread2] INFO  server.RaftServerConfigKeys (ConfUtils.java:logGet(62)) - raft.server.log.segment.size.max = 67108864 (custom)
2025-10-10 10:39:43,738 [895d447a-5476-42e4-b2fa-6eb687701d46-impl-thread2] INFO  server.RaftServerConfigKeys (ConfUtils.java:logGet(62)) - raft.server.log.appender.buffer.byte-limit = 33554432 (custom)
2025-10-10 10:39:43,738 [895d447a-5476-42e4-b2fa-6eb687701d46-impl-thread2] INFO  util.AwaitToRun (AwaitToRun.java:start(81)) - Thread[#2878,895d447a-5476-42e4-b2fa-6eb687701d46@group-263A5124E6E8-cacheEviction-AwaitToRun,5,main] started
2025-10-10 10:39:43,738 [895d447a-5476-42e4-b2fa-6eb687701d46-impl-thread2] INFO  segmented.SegmentedRaftLogWorker (SegmentedRaftLogWorker.java:<init>(190)) - new 895d447a-5476-42e4-b2fa-6eb687701d46@group-263A5124E6E8-SegmentedRaftLogWorker for RaftStorageImpl:Storage Directory /home/runner/work/ozone/ozone/hadoop-ozone/integration-test/target/test-dir/MiniOzoneClusterImpl-611c99c7-d47b-4433-a4ef-cd0a35b076ef/ozone-metadata/datanode-9/ratis/1890b19a-2da7-4d82-9892-263a5124e6e8
2025-10-10 10:39:43,738 [895d447a-5476-42e4-b2fa-6eb687701d46-impl-thread2] INFO  server.RaftServerConfigKeys (ConfUtils.java:logGet(62)) - raft.server.log.queue.byte-limit = 4294967296 (custom)
2025-10-10 10:39:43,738 [895d447a-5476-42e4-b2fa-6eb687701d46-impl-thread3] INFO  server.RaftServerConfigKeys (ConfUtils.java:logGet(62)) - raft.server.log.segment.size.max = 67108864 (custom)
2025-10-10 10:39:43,738 [895d447a-5476-42e4-b2fa-6eb687701d46-impl-thread2] INFO  server.RaftServerConfigKeys (ConfUtils.java:logGet(62)) - raft.server.log.segment.size.max = 67108864 (custom)
2025-10-10 10:39:43,738 [895d447a-5476-42e4-b2fa-6eb687701d46-impl-thread2] INFO  server.RaftServerConfigKeys (ConfUtils.java:logGet(62)) - raft.server.log.preallocated.size = 4194304 (custom)
2025-10-10 10:39:43,740 [895d447a-5476-42e4-b2fa-6eb687701d46-impl-thread3] INFO  server.RaftServerConfigKeys (ConfUtils.java:logGet(62)) - raft.server.log.appender.buffer.byte-limit = 33554432 (custom)
2025-10-10 10:39:43,740 [895d447a-5476-42e4-b2fa-6eb687701d46-impl-thread2] INFO  server.RaftServerConfigKeys (ConfUtils.java:logGet(62)) - raft.server.log.write.buffer.size = 33554440 (custom)
2025-10-10 10:39:43,740 [895d447a-5476-42e4-b2fa-6eb687701d46-impl-thread3] INFO  util.AwaitToRun (AwaitToRun.java:start(81)) - Thread[#2879,895d447a-5476-42e4-b2fa-6eb687701d46@group-6EF60CB14872-cacheEviction-AwaitToRun,5,main] started
2025-10-10 10:39:43,740 [895d447a-5476-42e4-b2fa-6eb687701d46-impl-thread3] INFO  segmented.SegmentedRaftLogWorker (SegmentedRaftLogWorker.java:<init>(190)) - new 895d447a-5476-42e4-b2fa-6eb687701d46@group-6EF60CB14872-SegmentedRaftLogWorker for RaftStorageImpl:Storage Directory /home/runner/work/ozone/ozone/hadoop-ozone/integration-test/target/test-dir/MiniOzoneClusterImpl-611c99c7-d47b-4433-a4ef-cd0a35b076ef/ozone-metadata/datanode-9/ratis/56f6ef43-c50c-4d35-89b5-6ef60cb14872
2025-10-10 10:39:43,740 [895d447a-5476-42e4-b2fa-6eb687701d46-impl-thread3] INFO  server.RaftServerConfigKeys (ConfUtils.java:logGet(62)) - raft.server.log.queue.byte-limit = 4294967296 (custom)
2025-10-10 10:39:43,740 [895d447a-5476-42e4-b2fa-6eb687701d46-impl-thread1] INFO  server.RaftServerConfigKeys (ConfUtils.java:logGet(62)) - raft.server.log.appender.buffer.byte-limit = 33554432 (custom)
2025-10-10 10:39:43,740 [895d447a-5476-42e4-b2fa-6eb687701d46-impl-thread3] INFO  server.RaftServerConfigKeys (ConfUtils.java:logGet(62)) - raft.server.log.segment.size.max = 67108864 (custom)
2025-10-10 10:39:43,740 [895d447a-5476-42e4-b2fa-6eb687701d46-impl-thread3] INFO  server.RaftServerConfigKeys (ConfUtils.java:logGet(62)) - raft.server.log.preallocated.size = 4194304 (custom)
2025-10-10 10:39:43,740 [895d447a-5476-42e4-b2fa-6eb687701d46-impl-thread3] INFO  server.RaftServerConfigKeys (ConfUtils.java:logGet(62)) - raft.server.log.write.buffer.size = 33554440 (custom)
2025-10-10 10:39:43,741 [895d447a-5476-42e4-b2fa-6eb687701d46-impl-thread1] INFO  server.RaftServer$Division (ServerState.java:setRaftConf(386)) - 895d447a-5476-42e4-b2fa-6eb687701d46@group-813C05265458: set configuration conf: {index: 0, cur=peers:[aa9634f0-8836-44d6-bc05-5b19fbdd93d5|127.0.0.1:15063, 36185c6b-22ce-45d1-a622-3a6b487a5a53|127.0.0.1:15071, 895d447a-5476-42e4-b2fa-6eb687701d46|127.0.0.1:15079]|listeners:[], old=null}
2025-10-10 10:39:43,741 [895d447a-5476-42e4-b2fa-6eb687701d46-impl-thread1] INFO  segmented.LogSegment (LogSegment.java:loadSegment(171)) - Successfully read 1 entries from segment file /home/runner/work/ozone/ozone/hadoop-ozone/integration-test/target/test-dir/MiniOzoneClusterImpl-611c99c7-d47b-4433-a4ef-cd0a35b076ef/ozone-metadata/datanode-9/ratis/e51e4850-930a-48f3-bb77-813c05265458/current/log_inprogress_0
2025-10-10 10:39:43,741 [895d447a-5476-42e4-b2fa-6eb687701d46-impl-thread1] INFO  segmented.SegmentedRaftLogWorker (SegmentedRaftLogWorker.java:lambda$new$0(141)) - 895d447a-5476-42e4-b2fa-6eb687701d46@group-813C05265458-SegmentedRaftLogWorker: safeCacheEvictIndex: setUnconditionally 0 -> -1
2025-10-10 10:39:43,741 [895d447a-5476-42e4-b2fa-6eb687701d46-impl-thread1] INFO  segmented.BufferedWriteChannel (BufferedWriteChannel.java:open(61)) - open log_inprogress_0 (append) at position 351
2025-10-10 10:39:43,744 [895d447a-5476-42e4-b2fa-6eb687701d46-impl-thread1] INFO  server.RaftServer$Division (RaftServerImpl.java:start(405)) - 895d447a-5476-42e4-b2fa-6eb687701d46@group-813C05265458: start as a follower, conf=conf: {index: 0, cur=peers:[aa9634f0-8836-44d6-bc05-5b19fbdd93d5|127.0.0.1:15063, 36185c6b-22ce-45d1-a622-3a6b487a5a53|127.0.0.1:15071, 895d447a-5476-42e4-b2fa-6eb687701d46|127.0.0.1:15079]|listeners:[], old=null}
2025-10-10 10:39:43,744 [895d447a-5476-42e4-b2fa-6eb687701d46-impl-thread1] INFO  server.RaftServer$Division (RaftServerImpl.java:setRole(392)) - 895d447a-5476-42e4-b2fa-6eb687701d46@group-813C05265458: changes role from      null to FOLLOWER at term 1 for startAsFollower
2025-10-10 10:39:43,744 [895d447a-5476-42e4-b2fa-6eb687701d46-impl-thread1] INFO  impl.RoleInfo (RoleInfo.java:updateAndGet(148)) - 895d447a-5476-42e4-b2fa-6eb687701d46: start 895d447a-5476-42e4-b2fa-6eb687701d46@group-813C05265458-FollowerState
2025-10-10 10:39:43,745 [895d447a-5476-42e4-b2fa-6eb687701d46-impl-thread1] INFO  util.JmxRegister (JmxRegister.java:tryRegister(44)) - Successfully registered JMX Bean with object name Ratis:service=RaftServer,group=group-813C05265458,id=895d447a-5476-42e4-b2fa-6eb687701d46
2025-10-10 10:39:43,745 [895d447a-5476-42e4-b2fa-6eb687701d46-impl-thread1] INFO  util.JmxRegister (JmxRegister.java:register(58)) - register mxBean class org.apache.ratis.server.impl.RaftServerJmxAdapter as Ratis:service=RaftServer,group=group-813C05265458,id=895d447a-5476-42e4-b2fa-6eb687701d46
2025-10-10 10:39:43,746 [895d447a-5476-42e4-b2fa-6eb687701d46-impl-thread2] INFO  server.RaftServerConfigKeys (ConfUtils.java:logGet(62)) - raft.server.log.appender.buffer.byte-limit = 33554432 (custom)
2025-10-10 10:39:43,747 [895d447a-5476-42e4-b2fa-6eb687701d46-impl-thread2] INFO  server.RaftServer$Division (ServerState.java:setRaftConf(386)) - 895d447a-5476-42e4-b2fa-6eb687701d46@group-263A5124E6E8: set configuration conf: {index: 0, cur=peers:[895d447a-5476-42e4-b2fa-6eb687701d46|127.0.0.1:15079]|listeners:[], old=null}
2025-10-10 10:39:43,747 [895d447a-5476-42e4-b2fa-6eb687701d46-impl-thread2] INFO  segmented.LogSegment (LogSegment.java:loadSegment(171)) - Successfully read 1 entries from segment file /home/runner/work/ozone/ozone/hadoop-ozone/integration-test/target/test-dir/MiniOzoneClusterImpl-611c99c7-d47b-4433-a4ef-cd0a35b076ef/ozone-metadata/datanode-9/ratis/1890b19a-2da7-4d82-9892-263a5124e6e8/current/log_inprogress_0
2025-10-10 10:39:43,747 [895d447a-5476-42e4-b2fa-6eb687701d46-impl-thread2] INFO  segmented.SegmentedRaftLogWorker (SegmentedRaftLogWorker.java:lambda$new$0(141)) - 895d447a-5476-42e4-b2fa-6eb687701d46@group-263A5124E6E8-SegmentedRaftLogWorker: safeCacheEvictIndex: setUnconditionally 0 -> -1
2025-10-10 10:39:43,747 [895d447a-5476-42e4-b2fa-6eb687701d46-impl-thread2] INFO  segmented.BufferedWriteChannel (BufferedWriteChannel.java:open(61)) - open log_inprogress_0 (append) at position 129
2025-10-10 10:39:43,747 [895d447a-5476-42e4-b2fa-6eb687701d46-impl-thread1] INFO  server.RaftServer$Division (RaftServerImpl.java:start(419)) - 895d447a-5476-42e4-b2fa-6eb687701d46@group-813C05265458: Successfully started.
2025-10-10 10:39:43,747 [895d447a-5476-42e4-b2fa-6eb687701d46-impl-thread3] INFO  server.RaftServerConfigKeys (ConfUtils.java:logGet(62)) - raft.server.log.appender.buffer.byte-limit = 33554432 (custom)
2025-10-10 10:39:43,748 [895d447a-5476-42e4-b2fa-6eb687701d46-impl-thread3] INFO  server.RaftServer$Division (ServerState.java:setRaftConf(386)) - 895d447a-5476-42e4-b2fa-6eb687701d46@group-6EF60CB14872: set configuration conf: {index: 0, cur=peers:[aa9634f0-8836-44d6-bc05-5b19fbdd93d5|127.0.0.1:15063, 36185c6b-22ce-45d1-a622-3a6b487a5a53|127.0.0.1:15071, 895d447a-5476-42e4-b2fa-6eb687701d46|127.0.0.1:15079]|listeners:[], old=null}
2025-10-10 10:39:43,748 [895d447a-5476-42e4-b2fa-6eb687701d46-impl-thread2] INFO  server.RaftServer$Division (RaftServerImpl.java:start(405)) - 895d447a-5476-42e4-b2fa-6eb687701d46@group-263A5124E6E8: start as a follower, conf=conf: {index: 0, cur=peers:[895d447a-5476-42e4-b2fa-6eb687701d46|127.0.0.1:15079]|listeners:[], old=null}
2025-10-10 10:39:43,748 [895d447a-5476-42e4-b2fa-6eb687701d46-impl-thread2] INFO  server.RaftServer$Division (RaftServerImpl.java:setRole(392)) - 895d447a-5476-42e4-b2fa-6eb687701d46@group-263A5124E6E8: changes role from      null to FOLLOWER at term 1 for startAsFollower
2025-10-10 10:39:43,748 [895d447a-5476-42e4-b2fa-6eb687701d46-impl-thread2] INFO  impl.RoleInfo (RoleInfo.java:updateAndGet(148)) - 895d447a-5476-42e4-b2fa-6eb687701d46: start 895d447a-5476-42e4-b2fa-6eb687701d46@group-263A5124E6E8-FollowerState
2025-10-10 10:39:43,748 [895d447a-5476-42e4-b2fa-6eb687701d46-impl-thread3] INFO  segmented.LogSegment (LogSegment.java:loadSegment(171)) - Successfully read 7 entries from segment file /home/runner/work/ozone/ozone/hadoop-ozone/integration-test/target/test-dir/MiniOzoneClusterImpl-611c99c7-d47b-4433-a4ef-cd0a35b076ef/ozone-metadata/datanode-9/ratis/56f6ef43-c50c-4d35-89b5-6ef60cb14872/current/log_0-6
2025-10-10 10:39:43,748 [895d447a-5476-42e4-b2fa-6eb687701d46-impl-thread2] INFO  util.JmxRegister (JmxRegister.java:tryRegister(44)) - Successfully registered JMX Bean with object name Ratis:service=RaftServer,group=group-263A5124E6E8,id=895d447a-5476-42e4-b2fa-6eb687701d46
2025-10-10 10:39:43,748 [895d447a-5476-42e4-b2fa-6eb687701d46-impl-thread3] INFO  server.RaftServer$Division (ServerState.java:setRaftConf(386)) - 895d447a-5476-42e4-b2fa-6eb687701d46@group-6EF60CB14872: set configuration conf: {index: 7, cur=peers:[aa9634f0-8836-44d6-bc05-5b19fbdd93d5|127.0.0.1:15063, 36185c6b-22ce-45d1-a622-3a6b487a5a53|127.0.0.1:15071, 895d447a-5476-42e4-b2fa-6eb687701d46|127.0.0.1:15079]|listeners:[], old=null}
2025-10-10 10:39:43,748 [895d447a-5476-42e4-b2fa-6eb687701d46-impl-thread2] INFO  util.JmxRegister (JmxRegister.java:register(58)) - register mxBean class org.apache.ratis.server.impl.RaftServerJmxAdapter as Ratis:service=RaftServer,group=group-263A5124E6E8,id=895d447a-5476-42e4-b2fa-6eb687701d46
2025-10-10 10:39:43,748 [895d447a-5476-42e4-b2fa-6eb687701d46-impl-thread3] INFO  segmented.LogSegment (LogSegment.java:loadSegment(171)) - Successfully read 2 entries from segment file /home/runner/work/ozone/ozone/hadoop-ozone/integration-test/target/test-dir/MiniOzoneClusterImpl-611c99c7-d47b-4433-a4ef-cd0a35b076ef/ozone-metadata/datanode-9/ratis/56f6ef43-c50c-4d35-89b5-6ef60cb14872/current/log_inprogress_7
2025-10-10 10:39:43,748 [895d447a-5476-42e4-b2fa-6eb687701d46-impl-thread3] INFO  segmented.SegmentedRaftLogWorker (SegmentedRaftLogWorker.java:lambda$new$0(141)) - 895d447a-5476-42e4-b2fa-6eb687701d46@group-6EF60CB14872-SegmentedRaftLogWorker: flushIndex: setUnconditionally 0 -> 8
2025-10-10 10:39:43,748 [895d447a-5476-42e4-b2fa-6eb687701d46-impl-thread3] INFO  segmented.SegmentedRaftLogWorker (SegmentedRaftLogWorker.java:lambda$new$0(141)) - 895d447a-5476-42e4-b2fa-6eb687701d46@group-6EF60CB14872-SegmentedRaftLogWorker: safeCacheEvictIndex: setUnconditionally 0 -> 6
2025-10-10 10:39:43,749 [895d447a-5476-42e4-b2fa-6eb687701d46-impl-thread3] INFO  segmented.BufferedWriteChannel (BufferedWriteChannel.java:open(61)) - open log_inprogress_7 (append) at position 366
2025-10-10 10:39:43,749 [895d447a-5476-42e4-b2fa-6eb687701d46-impl-thread3] INFO  server.RaftServer$Division (RaftServerImpl.java:start(405)) - 895d447a-5476-42e4-b2fa-6eb687701d46@group-6EF60CB14872: start as a follower, conf=conf: {index: 7, cur=peers:[aa9634f0-8836-44d6-bc05-5b19fbdd93d5|127.0.0.1:15063, 36185c6b-22ce-45d1-a622-3a6b487a5a53|127.0.0.1:15071, 895d447a-5476-42e4-b2fa-6eb687701d46|127.0.0.1:15079]|listeners:[], old=null}
2025-10-10 10:39:43,749 [895d447a-5476-42e4-b2fa-6eb687701d46-impl-thread3] INFO  server.RaftServer$Division (RaftServerImpl.java:setRole(392)) - 895d447a-5476-42e4-b2fa-6eb687701d46@group-6EF60CB14872: changes role from      null to FOLLOWER at term 2 for startAsFollower
2025-10-10 10:39:43,749 [895d447a-5476-42e4-b2fa-6eb687701d46-impl-thread3] INFO  impl.RoleInfo (RoleInfo.java:updateAndGet(148)) - 895d447a-5476-42e4-b2fa-6eb687701d46: start 895d447a-5476-42e4-b2fa-6eb687701d46@group-6EF60CB14872-FollowerState
2025-10-10 10:39:43,749 [895d447a-5476-42e4-b2fa-6eb687701d46-impl-thread3] INFO  util.JmxRegister (JmxRegister.java:tryRegister(44)) - Successfully registered JMX Bean with object name Ratis:service=RaftServer,group=group-6EF60CB14872,id=895d447a-5476-42e4-b2fa-6eb687701d46
2025-10-10 10:39:43,750 [895d447a-5476-42e4-b2fa-6eb687701d46-impl-thread3] INFO  util.JmxRegister (JmxRegister.java:register(58)) - register mxBean class org.apache.ratis.server.impl.RaftServerJmxAdapter as Ratis:service=RaftServer,group=group-6EF60CB14872,id=895d447a-5476-42e4-b2fa-6eb687701d46
2025-10-10 10:39:43,749 [895d447a-5476-42e4-b2fa-6eb687701d46-impl-thread2] INFO  server.RaftServer$Division (RaftServerImpl.java:start(419)) - 895d447a-5476-42e4-b2fa-6eb687701d46@group-263A5124E6E8: Successfully started.
2025-10-10 10:39:43,750 [895d447a-5476-42e4-b2fa-6eb687701d46-impl-thread3] INFO  server.RaftServer$Division (RaftServerImpl.java:start(419)) - 895d447a-5476-42e4-b2fa-6eb687701d46@group-6EF60CB14872: Successfully started.
2025-10-10 10:39:43,750 [895d447a-5476-42e4-b2fa-6eb687701d46-EndpointStateMachineTaskThread-/0.0.0.0:15002-0 ] INFO  server.RaftServer (RaftServerProxy.java:startImpl(412)) - 895d447a-5476-42e4-b2fa-6eb687701d46: start RPC server
2025-10-10 10:39:43,751 [895d447a-5476-42e4-b2fa-6eb687701d46-EndpointStateMachineTaskThread-/0.0.0.0:15002-0 ] INFO  server.GrpcServicesImpl (GrpcServicesImpl.java:startImpl(346)) - 895d447a-5476-42e4-b2fa-6eb687701d46: GrpcServicesImpl started, listening on 15077
2025-10-10 10:39:43,751 [895d447a-5476-42e4-b2fa-6eb687701d46-EndpointStateMachineTaskThread-/0.0.0.0:15002-0 ] INFO  server.GrpcServicesImpl (GrpcServicesImpl.java:startImpl(346)) - 895d447a-5476-42e4-b2fa-6eb687701d46: GrpcServicesImpl started, listening on 15079
2025-10-10 10:39:43,751 [895d447a-5476-42e4-b2fa-6eb687701d46-EndpointStateMachineTaskThread-/0.0.0.0:15002-0 ] INFO  server.GrpcServicesImpl (GrpcServicesImpl.java:startImpl(346)) - 895d447a-5476-42e4-b2fa-6eb687701d46: GrpcServicesImpl started, listening on 15078
2025-10-10 10:39:43,752 [JvmPauseMonitor16] INFO  util.JvmPauseMonitor (JvmPauseMonitor.java:run(146)) - JvmPauseMonitor-895d447a-5476-42e4-b2fa-6eb687701d46: Started
2025-10-10 10:39:43,752 [895d447a-5476-42e4-b2fa-6eb687701d46-EndpointStateMachineTaskThread-/0.0.0.0:15002-0 ] INFO  ratis.XceiverServerRatis (XceiverServerRatis.java:getRealPort(586)) - XceiverServerRatis(895d447a-5476-42e4-b2fa-6eb687701d46) is started using port RATIS=15077
2025-10-10 10:39:43,752 [895d447a-5476-42e4-b2fa-6eb687701d46-EndpointStateMachineTaskThread-/0.0.0.0:15002-0 ] INFO  ratis.XceiverServerRatis (XceiverServerRatis.java:getRealPort(586)) - XceiverServerRatis(895d447a-5476-42e4-b2fa-6eb687701d46) is started using port RATIS_ADMIN=15078
2025-10-10 10:39:43,752 [895d447a-5476-42e4-b2fa-6eb687701d46-EndpointStateMachineTaskThread-/0.0.0.0:15002-0 ] INFO  ratis.XceiverServerRatis (XceiverServerRatis.java:getRealPort(586)) - XceiverServerRatis(895d447a-5476-42e4-b2fa-6eb687701d46) is started using port RATIS_SERVER=15079
2025-10-10 10:39:43,752 [895d447a-5476-42e4-b2fa-6eb687701d46-EndpointStateMachineTaskThread-/0.0.0.0:15002-0 ] INFO  ratis.XceiverServerRatis (XceiverServerRatis.java:getRealPort(586)) - XceiverServerRatis(895d447a-5476-42e4-b2fa-6eb687701d46) is started using port RATIS_DATASTREAM=15080
2025-10-10 10:39:43,752 [895d447a-5476-42e4-b2fa-6eb687701d46-EndpointStateMachineTaskThread-/0.0.0.0:15002-0 ] INFO  utils.BackgroundService (BackgroundService.java:start(119)) - Starting service BlockDeletingService with interval 60000 milliseconds
2025-10-10 10:39:43,753 [895d447a-5476-42e4-b2fa-6eb687701d46-EndpointStateMachineTaskThread-/0.0.0.0:15002-0 ] INFO  utils.BackgroundService (BackgroundService.java:start(119)) - Starting service StaleRecoveringContainerScrubbingService with interval 60000 milliseconds
2025-10-10 10:39:43,756 [aa9634f0-8836-44d6-bc05-5b19fbdd93d5@group-6EF60CB14872-FollowerState] INFO  impl.FollowerState (FollowerState.java:runImpl(161)) - aa9634f0-8836-44d6-bc05-5b19fbdd93d5@group-6EF60CB14872-FollowerState: change to CANDIDATE, lastRpcElapsedTime:1139242917ns, electionTimeout:1139ms
2025-10-10 10:39:43,757 [aa9634f0-8836-44d6-bc05-5b19fbdd93d5@group-6EF60CB14872-FollowerState] INFO  impl.RoleInfo (RoleInfo.java:shutdownFollowerState(121)) - aa9634f0-8836-44d6-bc05-5b19fbdd93d5: shutdown aa9634f0-8836-44d6-bc05-5b19fbdd93d5@group-6EF60CB14872-FollowerState
2025-10-10 10:39:43,757 [aa9634f0-8836-44d6-bc05-5b19fbdd93d5@group-6EF60CB14872-FollowerState] INFO  server.RaftServer$Division (RaftServerImpl.java:setRole(392)) - aa9634f0-8836-44d6-bc05-5b19fbdd93d5@group-6EF60CB14872: changes role from  FOLLOWER to CANDIDATE at term 2 for changeToCandidate
2025-10-10 10:39:43,757 [aa9634f0-8836-44d6-bc05-5b19fbdd93d5@group-6EF60CB14872-FollowerState] INFO  impl.RoleInfo (RoleInfo.java:updateAndGet(148)) - aa9634f0-8836-44d6-bc05-5b19fbdd93d5: start aa9634f0-8836-44d6-bc05-5b19fbdd93d5@group-6EF60CB14872-LeaderElection205
2025-10-10 10:39:43,757 [aa9634f0-8836-44d6-bc05-5b19fbdd93d5@group-6EF60CB14872-LeaderElection205] INFO  impl.LeaderElection (LeaderElection.java:askForVotes(448)) - aa9634f0-8836-44d6-bc05-5b19fbdd93d5@group-6EF60CB14872-LeaderElection205 PRE_VOTE round 0: submit vote requests at term 2 for conf: {index: 7, cur=peers:[aa9634f0-8836-44d6-bc05-5b19fbdd93d5|127.0.0.1:15063, 36185c6b-22ce-45d1-a622-3a6b487a5a53|127.0.0.1:15071, 895d447a-5476-42e4-b2fa-6eb687701d46|127.0.0.1:15079]|listeners:[], old=null}
2025-10-10 10:39:43,758 [aa9634f0-8836-44d6-bc05-5b19fbdd93d5@group-6EF60CB14872-LeaderElection205] INFO  impl.LeaderElection (LogUtils.java:infoOrTrace(142)) - aa9634f0-8836-44d6-bc05-5b19fbdd93d5@group-6EF60CB14872-LeaderElection205 got exception when requesting votes: java.util.concurrent.ExecutionException: org.apache.ratis.thirdparty.io.grpc.StatusRuntimeException: UNAVAILABLE: io exception
2025-10-10 10:39:43,758 [aa9634f0-8836-44d6-bc05-5b19fbdd93d5@group-6EF60CB14872-LeaderElection205] INFO  impl.LeaderElection (LogUtils.java:infoOrTrace(142)) - aa9634f0-8836-44d6-bc05-5b19fbdd93d5@group-6EF60CB14872-LeaderElection205 got exception when requesting votes: java.util.concurrent.ExecutionException: org.apache.ratis.thirdparty.io.grpc.StatusRuntimeException: UNAVAILABLE: io exception
2025-10-10 10:39:43,758 [aa9634f0-8836-44d6-bc05-5b19fbdd93d5@group-6EF60CB14872-LeaderElection205] INFO  impl.LeaderElection (LeaderElection.java:logAndReturn(206)) - aa9634f0-8836-44d6-bc05-5b19fbdd93d5@group-6EF60CB14872-LeaderElection205: PRE_VOTE REJECTED received 0 response(s) and 2 exception(s):
2025-10-10 10:39:43,758 [aa9634f0-8836-44d6-bc05-5b19fbdd93d5@group-6EF60CB14872-LeaderElection205] INFO  impl.LeaderElection (LogUtils.java:infoOrTrace(142)) -   Exception 0: java.util.concurrent.ExecutionException: org.apache.ratis.thirdparty.io.grpc.StatusRuntimeException: UNAVAILABLE: io exception
2025-10-10 10:39:43,758 [aa9634f0-8836-44d6-bc05-5b19fbdd93d5@group-6EF60CB14872-LeaderElection205] INFO  impl.LeaderElection (LogUtils.java:infoOrTrace(142)) -   Exception 1: java.util.concurrent.ExecutionException: org.apache.ratis.thirdparty.io.grpc.StatusRuntimeException: UNAVAILABLE: io exception
2025-10-10 10:39:43,758 [aa9634f0-8836-44d6-bc05-5b19fbdd93d5@group-6EF60CB14872-LeaderElection205] INFO  impl.LeaderElection (LeaderElection.java:askForVotes(450)) - aa9634f0-8836-44d6-bc05-5b19fbdd93d5@group-6EF60CB14872-LeaderElection205 PRE_VOTE round 0: result REJECTED
2025-10-10 10:39:43,758 [aa9634f0-8836-44d6-bc05-5b19fbdd93d5@group-6EF60CB14872-LeaderElection205] INFO  server.RaftServer$Division (RaftServerImpl.java:setRole(392)) - aa9634f0-8836-44d6-bc05-5b19fbdd93d5@group-6EF60CB14872: changes role from CANDIDATE to FOLLOWER at term 2 for REJECTED
2025-10-10 10:39:43,759 [aa9634f0-8836-44d6-bc05-5b19fbdd93d5@group-6EF60CB14872-LeaderElection205] INFO  impl.RoleInfo (RoleInfo.java:shutdownLeaderElection(141)) - aa9634f0-8836-44d6-bc05-5b19fbdd93d5: shutdown aa9634f0-8836-44d6-bc05-5b19fbdd93d5@group-6EF60CB14872-LeaderElection205
2025-10-10 10:39:43,759 [aa9634f0-8836-44d6-bc05-5b19fbdd93d5@group-6EF60CB14872-LeaderElection205] INFO  impl.RoleInfo (RoleInfo.java:updateAndGet(148)) - aa9634f0-8836-44d6-bc05-5b19fbdd93d5: start aa9634f0-8836-44d6-bc05-5b19fbdd93d5@group-6EF60CB14872-FollowerState
2025-10-10 10:39:44,598 [36185c6b-22ce-45d1-a622-3a6b487a5a53@group-813C05265458-FollowerState] INFO  impl.FollowerState (FollowerState.java:runImpl(161)) - 36185c6b-22ce-45d1-a622-3a6b487a5a53@group-813C05265458-FollowerState: change to CANDIDATE, lastRpcElapsedTime:1059276786ns, electionTimeout:1058ms
2025-10-10 10:39:44,598 [36185c6b-22ce-45d1-a622-3a6b487a5a53@group-813C05265458-FollowerState] INFO  impl.RoleInfo (RoleInfo.java:shutdownFollowerState(121)) - 36185c6b-22ce-45d1-a622-3a6b487a5a53: shutdown 36185c6b-22ce-45d1-a622-3a6b487a5a53@group-813C05265458-FollowerState
2025-10-10 10:39:44,598 [36185c6b-22ce-45d1-a622-3a6b487a5a53@group-813C05265458-FollowerState] INFO  server.RaftServer$Division (RaftServerImpl.java:setRole(392)) - 36185c6b-22ce-45d1-a622-3a6b487a5a53@group-813C05265458: changes role from  FOLLOWER to CANDIDATE at term 1 for changeToCandidate
2025-10-10 10:39:44,598 [36185c6b-22ce-45d1-a622-3a6b487a5a53@group-813C05265458-FollowerState] INFO  impl.RoleInfo (RoleInfo.java:updateAndGet(148)) - 36185c6b-22ce-45d1-a622-3a6b487a5a53: start 36185c6b-22ce-45d1-a622-3a6b487a5a53@group-813C05265458-LeaderElection206
2025-10-10 10:39:44,599 [36185c6b-22ce-45d1-a622-3a6b487a5a53@group-813C05265458-LeaderElection206] INFO  impl.LeaderElection (LeaderElection.java:askForVotes(448)) - 36185c6b-22ce-45d1-a622-3a6b487a5a53@group-813C05265458-LeaderElection206 PRE_VOTE round 0: submit vote requests at term 1 for conf: {index: 0, cur=peers:[aa9634f0-8836-44d6-bc05-5b19fbdd93d5|127.0.0.1:15063, 36185c6b-22ce-45d1-a622-3a6b487a5a53|127.0.0.1:15071, 895d447a-5476-42e4-b2fa-6eb687701d46|127.0.0.1:15079]|listeners:[], old=null}
2025-10-10 10:39:44,599 [36185c6b-22ce-45d1-a622-3a6b487a5a53@group-813C05265458-LeaderElection206-1] INFO  server.GrpcServerProtocolClient (GrpcServerProtocolClient.java:<init>(65)) - Build channel for aa9634f0-8836-44d6-bc05-5b19fbdd93d5|127.0.0.1:15063
2025-10-10 10:39:44,599 [36185c6b-22ce-45d1-a622-3a6b487a5a53@group-813C05265458-LeaderElection206-2] INFO  server.GrpcServerProtocolClient (GrpcServerProtocolClient.java:<init>(65)) - Build channel for 895d447a-5476-42e4-b2fa-6eb687701d46|127.0.0.1:15079
2025-10-10 10:39:44,602 [grpc-default-executor-8] INFO  server.RaftServer$Division (RaftServerImpl.java:requestVote(1421)) - aa9634f0-8836-44d6-bc05-5b19fbdd93d5@group-813C05265458: receive requestVote(PRE_VOTE, 36185c6b-22ce-45d1-a622-3a6b487a5a53, group-813C05265458, 1, (t:1, i:0))
2025-10-10 10:39:44,602 [grpc-default-executor-7] INFO  server.RaftServer$Division (RaftServerImpl.java:requestVote(1421)) - 895d447a-5476-42e4-b2fa-6eb687701d46@group-813C05265458: receive requestVote(PRE_VOTE, 36185c6b-22ce-45d1-a622-3a6b487a5a53, group-813C05265458, 1, (t:1, i:0))
2025-10-10 10:39:44,602 [grpc-default-executor-8] INFO  impl.VoteContext (VoteContext.java:log(49)) - aa9634f0-8836-44d6-bc05-5b19fbdd93d5@group-813C05265458-FOLLOWER: reject PRE_VOTE from 36185c6b-22ce-45d1-a622-3a6b487a5a53: our priority 1 > candidate's priority 0
2025-10-10 10:39:44,602 [grpc-default-executor-7] INFO  impl.VoteContext (VoteContext.java:log(49)) - 895d447a-5476-42e4-b2fa-6eb687701d46@group-813C05265458-FOLLOWER: accept PRE_VOTE from 36185c6b-22ce-45d1-a622-3a6b487a5a53: our priority 0 <= candidate's priority 0
2025-10-10 10:39:44,602 [grpc-default-executor-8] INFO  server.RaftServer$Division (RaftServerImpl.java:requestVote(1455)) - aa9634f0-8836-44d6-bc05-5b19fbdd93d5@group-813C05265458 replies to PRE_VOTE vote request: 36185c6b-22ce-45d1-a622-3a6b487a5a53<-aa9634f0-8836-44d6-bc05-5b19fbdd93d5#0:FAIL-t1-last:(t:1, i:0). Peer's state: aa9634f0-8836-44d6-bc05-5b19fbdd93d5@group-813C05265458:t1, leader=null, voted=aa9634f0-8836-44d6-bc05-5b19fbdd93d5, raftlog=Memoized:aa9634f0-8836-44d6-bc05-5b19fbdd93d5@group-813C05265458-SegmentedRaftLog:OPENED:c0:last(t:1, i:0), conf=conf: {index: 0, cur=peers:[aa9634f0-8836-44d6-bc05-5b19fbdd93d5|127.0.0.1:15063, 36185c6b-22ce-45d1-a622-3a6b487a5a53|127.0.0.1:15071, 895d447a-5476-42e4-b2fa-6eb687701d46|127.0.0.1:15079]|listeners:[], old=null}
2025-10-10 10:39:44,603 [grpc-default-executor-7] INFO  server.RaftServer$Division (RaftServerImpl.java:requestVote(1455)) - 895d447a-5476-42e4-b2fa-6eb687701d46@group-813C05265458 replies to PRE_VOTE vote request: 36185c6b-22ce-45d1-a622-3a6b487a5a53<-895d447a-5476-42e4-b2fa-6eb687701d46#0:OK-t1-last:(t:1, i:0). Peer's state: 895d447a-5476-42e4-b2fa-6eb687701d46@group-813C05265458:t1, leader=null, voted=aa9634f0-8836-44d6-bc05-5b19fbdd93d5, raftlog=Memoized:895d447a-5476-42e4-b2fa-6eb687701d46@group-813C05265458-SegmentedRaftLog:OPENED:c0:last(t:1, i:0), conf=conf: {index: 0, cur=peers:[aa9634f0-8836-44d6-bc05-5b19fbdd93d5|127.0.0.1:15063, 36185c6b-22ce-45d1-a622-3a6b487a5a53|127.0.0.1:15071, 895d447a-5476-42e4-b2fa-6eb687701d46|127.0.0.1:15079]|listeners:[], old=null}
2025-10-10 10:39:44,603 [36185c6b-22ce-45d1-a622-3a6b487a5a53@group-813C05265458-LeaderElection206] INFO  impl.LeaderElection (LeaderElection.java:logAndReturn(206)) - 36185c6b-22ce-45d1-a622-3a6b487a5a53@group-813C05265458-LeaderElection206: PRE_VOTE REJECTED received 1 response(s) and 0 exception(s):
2025-10-10 10:39:44,603 [36185c6b-22ce-45d1-a622-3a6b487a5a53@group-813C05265458-LeaderElection206] INFO  impl.LeaderElection (LeaderElection.java:logAndReturn(210)) -   Response 0: 36185c6b-22ce-45d1-a622-3a6b487a5a53<-aa9634f0-8836-44d6-bc05-5b19fbdd93d5#0:FAIL-t1-last:(t:1, i:0)
2025-10-10 10:39:44,603 [36185c6b-22ce-45d1-a622-3a6b487a5a53@group-813C05265458-LeaderElection206] INFO  impl.LeaderElection (LeaderElection.java:askForVotes(450)) - 36185c6b-22ce-45d1-a622-3a6b487a5a53@group-813C05265458-LeaderElection206 PRE_VOTE round 0: result REJECTED
2025-10-10 10:39:44,603 [36185c6b-22ce-45d1-a622-3a6b487a5a53@group-813C05265458-LeaderElection206] INFO  server.RaftServer$Division (RaftServerImpl.java:setRole(392)) - 36185c6b-22ce-45d1-a622-3a6b487a5a53@group-813C05265458: changes role from CANDIDATE to FOLLOWER at term 1 for REJECTED
2025-10-10 10:39:44,603 [36185c6b-22ce-45d1-a622-3a6b487a5a53@group-813C05265458-LeaderElection206] INFO  impl.RoleInfo (RoleInfo.java:shutdownLeaderElection(141)) - 36185c6b-22ce-45d1-a622-3a6b487a5a53: shutdown 36185c6b-22ce-45d1-a622-3a6b487a5a53@group-813C05265458-LeaderElection206
2025-10-10 10:39:44,603 [36185c6b-22ce-45d1-a622-3a6b487a5a53@group-813C05265458-LeaderElection206] INFO  impl.RoleInfo (RoleInfo.java:updateAndGet(148)) - 36185c6b-22ce-45d1-a622-3a6b487a5a53: start 36185c6b-22ce-45d1-a622-3a6b487a5a53@group-813C05265458-FollowerState
2025-10-10 10:39:44,604 [36185c6b-22ce-45d1-a622-3a6b487a5a53@group-813C05265458-LeaderElection206] INFO  server.RaftServer$Division (RaftServerImpl.java:setFirstElection(576)) - 36185c6b-22ce-45d1-a622-3a6b487a5a53@group-813C05265458: set firstElectionSinceStartup to false for REJECTED
2025-10-10 10:39:44,673 [36185c6b-22ce-45d1-a622-3a6b487a5a53@group-386B2F16DF49-FollowerState] INFO  impl.FollowerState (FollowerState.java:runImpl(161)) - 36185c6b-22ce-45d1-a622-3a6b487a5a53@group-386B2F16DF49-FollowerState: change to CANDIDATE, lastRpcElapsedTime:1131284840ns, electionTimeout:1130ms
2025-10-10 10:39:44,673 [36185c6b-22ce-45d1-a622-3a6b487a5a53@group-386B2F16DF49-FollowerState] INFO  impl.RoleInfo (RoleInfo.java:shutdownFollowerState(121)) - 36185c6b-22ce-45d1-a622-3a6b487a5a53: shutdown 36185c6b-22ce-45d1-a622-3a6b487a5a53@group-386B2F16DF49-FollowerState
2025-10-10 10:39:44,673 [36185c6b-22ce-45d1-a622-3a6b487a5a53@group-386B2F16DF49-FollowerState] INFO  server.RaftServer$Division (RaftServerImpl.java:setRole(392)) - 36185c6b-22ce-45d1-a622-3a6b487a5a53@group-386B2F16DF49: changes role from  FOLLOWER to CANDIDATE at term 1 for changeToCandidate
2025-10-10 10:39:44,673 [36185c6b-22ce-45d1-a622-3a6b487a5a53@group-386B2F16DF49-FollowerState] INFO  impl.RoleInfo (RoleInfo.java:updateAndGet(148)) - 36185c6b-22ce-45d1-a622-3a6b487a5a53: start 36185c6b-22ce-45d1-a622-3a6b487a5a53@group-386B2F16DF49-LeaderElection207
2025-10-10 10:39:44,673 [36185c6b-22ce-45d1-a622-3a6b487a5a53@group-386B2F16DF49-LeaderElection207] INFO  impl.LeaderElection (LeaderElection.java:askForVotes(448)) - 36185c6b-22ce-45d1-a622-3a6b487a5a53@group-386B2F16DF49-LeaderElection207 PRE_VOTE round 0: submit vote requests at term 1 for conf: {index: 0, cur=peers:[36185c6b-22ce-45d1-a622-3a6b487a5a53|127.0.0.1:15071]|listeners:[], old=null}
2025-10-10 10:39:44,673 [36185c6b-22ce-45d1-a622-3a6b487a5a53@group-386B2F16DF49-LeaderElection207] INFO  impl.LeaderElection (LeaderElection.java:askForVotes(450)) - 36185c6b-22ce-45d1-a622-3a6b487a5a53@group-386B2F16DF49-LeaderElection207 PRE_VOTE round 0: result PASSED (term=1)
2025-10-10 10:39:44,675 [36185c6b-22ce-45d1-a622-3a6b487a5a53@group-386B2F16DF49-LeaderElection207] INFO  impl.LeaderElection (LeaderElection.java:askForVotes(448)) - 36185c6b-22ce-45d1-a622-3a6b487a5a53@group-386B2F16DF49-LeaderElection207 ELECTION round 0: submit vote requests at term 2 for conf: {index: 0, cur=peers:[36185c6b-22ce-45d1-a622-3a6b487a5a53|127.0.0.1:15071]|listeners:[], old=null}
2025-10-10 10:39:44,675 [36185c6b-22ce-45d1-a622-3a6b487a5a53@group-386B2F16DF49-LeaderElection207] INFO  impl.LeaderElection (LeaderElection.java:askForVotes(450)) - 36185c6b-22ce-45d1-a622-3a6b487a5a53@group-386B2F16DF49-LeaderElection207 ELECTION round 0: result PASSED (term=2)
2025-10-10 10:39:44,675 [36185c6b-22ce-45d1-a622-3a6b487a5a53@group-386B2F16DF49-LeaderElection207] INFO  impl.RoleInfo (RoleInfo.java:shutdownLeaderElection(141)) - 36185c6b-22ce-45d1-a622-3a6b487a5a53: shutdown 36185c6b-22ce-45d1-a622-3a6b487a5a53@group-386B2F16DF49-LeaderElection207
2025-10-10 10:39:44,675 [36185c6b-22ce-45d1-a622-3a6b487a5a53@group-386B2F16DF49-LeaderElection207] INFO  server.RaftServer$Division (RaftServerImpl.java:setRole(392)) - 36185c6b-22ce-45d1-a622-3a6b487a5a53@group-386B2F16DF49: changes role from CANDIDATE to LEADER at term 2 for changeToLeader
2025-10-10 10:39:44,675 [36185c6b-22ce-45d1-a622-3a6b487a5a53@group-386B2F16DF49-LeaderElection207] INFO  server.RaftServerConfigKeys (ConfUtils.java:logFallback(69)) - raft.server.staging.timeout = 3600ms (fallback to raft.server.rpc.timeout.max)
2025-10-10 10:39:44,675 [36185c6b-22ce-45d1-a622-3a6b487a5a53@group-386B2F16DF49-LeaderElection207] INFO  server.RaftServerConfigKeys (ConfUtils.java:logGet(62)) - raft.server.write.byte-limit = 1024 M (=1073741824) (custom)
2025-10-10 10:39:44,676 [36185c6b-22ce-45d1-a622-3a6b487a5a53@group-386B2F16DF49-LeaderElection207] INFO  impl.RoleInfo (RoleInfo.java:updateAndGet(148)) - 36185c6b-22ce-45d1-a622-3a6b487a5a53: start 36185c6b-22ce-45d1-a622-3a6b487a5a53@group-386B2F16DF49-LeaderStateImpl
2025-10-10 10:39:44,676 [36185c6b-22ce-45d1-a622-3a6b487a5a53@group-386B2F16DF49-LeaderElection207] INFO  server.RaftServer$Division (RaftServerImpl.java:setFirstElection(576)) - 36185c6b-22ce-45d1-a622-3a6b487a5a53@group-386B2F16DF49: set firstElectionSinceStartup to false for becomeLeader
2025-10-10 10:39:44,676 [36185c6b-22ce-45d1-a622-3a6b487a5a53@group-386B2F16DF49-LeaderElection207] INFO  ratis.XceiverServerRatis (XceiverServerRatis.java:handleLeaderChangedNotification(940)) - Leader change notification received for group: group-386B2F16DF49 with new leaderId: 36185c6b-22ce-45d1-a622-3a6b487a5a53
2025-10-10 10:39:44,676 [36185c6b-22ce-45d1-a622-3a6b487a5a53@group-386B2F16DF49-LeaderElection207] INFO  server.RaftServer$Division (ServerState.java:setLeader(272)) - 36185c6b-22ce-45d1-a622-3a6b487a5a53@group-386B2F16DF49: change Leader from null to 36185c6b-22ce-45d1-a622-3a6b487a5a53 at term 2 for becomeLeader, leader elected after 1851ms
2025-10-10 10:39:44,676 [36185c6b-22ce-45d1-a622-3a6b487a5a53@group-386B2F16DF49-LeaderElection207] INFO  segmented.SegmentedRaftLogWorker (SegmentedRaftLogWorker.java:rollLogSegment(445)) - 36185c6b-22ce-45d1-a622-3a6b487a5a53@group-386B2F16DF49-SegmentedRaftLogWorker: Rolling segment log-0_0 to index:0
2025-10-10 10:39:44,677 [36185c6b-22ce-45d1-a622-3a6b487a5a53@group-386B2F16DF49-LeaderElection207] INFO  server.RaftServer$Division (ServerState.java:setRaftConf(386)) - 36185c6b-22ce-45d1-a622-3a6b487a5a53@group-386B2F16DF49: set configuration conf: {index: 1, cur=peers:[36185c6b-22ce-45d1-a622-3a6b487a5a53|127.0.0.1:15071]|listeners:[], old=null}
2025-10-10 10:39:44,677 [36185c6b-22ce-45d1-a622-3a6b487a5a53@group-386B2F16DF49-SegmentedRaftLogWorker] INFO  segmented.SegmentedRaftLogWorker (SegmentedRaftLogWorker.java:execute(604)) - 36185c6b-22ce-45d1-a622-3a6b487a5a53@group-386B2F16DF49-SegmentedRaftLogWorker: Rolled log segment from /home/runner/work/ozone/ozone/hadoop-ozone/integration-test/target/test-dir/MiniOzoneClusterImpl-611c99c7-d47b-4433-a4ef-cd0a35b076ef/ozone-metadata/datanode-8/ratis/db5b5c2b-f866-4aec-a921-386b2f16df49/current/log_inprogress_0 to /home/runner/work/ozone/ozone/hadoop-ozone/integration-test/target/test-dir/MiniOzoneClusterImpl-611c99c7-d47b-4433-a4ef-cd0a35b076ef/ozone-metadata/datanode-8/ratis/db5b5c2b-f866-4aec-a921-386b2f16df49/current/log_0-0
2025-10-10 10:39:44,678 [36185c6b-22ce-45d1-a622-3a6b487a5a53@group-386B2F16DF49-SegmentedRaftLogWorker] INFO  segmented.BufferedWriteChannel (BufferedWriteChannel.java:open(61)) - open log_inprogress_1 at position 0
2025-10-10 10:39:44,683 [36185c6b-22ce-45d1-a622-3a6b487a5a53@group-386B2F16DF49-SegmentedRaftLogWorker] INFO  segmented.SegmentedRaftLogWorker (SegmentedRaftLogWorker.java:execute(647)) - 36185c6b-22ce-45d1-a622-3a6b487a5a53@group-386B2F16DF49-SegmentedRaftLogWorker: created new log segment /home/runner/work/ozone/ozone/hadoop-ozone/integration-test/target/test-dir/MiniOzoneClusterImpl-611c99c7-d47b-4433-a4ef-cd0a35b076ef/ozone-metadata/datanode-8/ratis/db5b5c2b-f866-4aec-a921-386b2f16df49/current/log_inprogress_1
2025-10-10 10:39:44,683 [36185c6b-22ce-45d1-a622-3a6b487a5a53@group-6EF60CB14872-FollowerState] INFO  impl.FollowerState (FollowerState.java:runImpl(161)) - 36185c6b-22ce-45d1-a622-3a6b487a5a53@group-6EF60CB14872-FollowerState: change to CANDIDATE, lastRpcElapsedTime:1146936541ns, electionTimeout:1142ms
2025-10-10 10:39:44,683 [36185c6b-22ce-45d1-a622-3a6b487a5a53@group-6EF60CB14872-FollowerState] INFO  impl.RoleInfo (RoleInfo.java:shutdownFollowerState(121)) - 36185c6b-22ce-45d1-a622-3a6b487a5a53: shutdown 36185c6b-22ce-45d1-a622-3a6b487a5a53@group-6EF60CB14872-FollowerState
2025-10-10 10:39:44,683 [36185c6b-22ce-45d1-a622-3a6b487a5a53@group-6EF60CB14872-FollowerState] INFO  server.RaftServer$Division (RaftServerImpl.java:setRole(392)) - 36185c6b-22ce-45d1-a622-3a6b487a5a53@group-6EF60CB14872: changes role from  FOLLOWER to CANDIDATE at term 1 for changeToCandidate
2025-10-10 10:39:44,683 [36185c6b-22ce-45d1-a622-3a6b487a5a53@group-6EF60CB14872-FollowerState] INFO  impl.RoleInfo (RoleInfo.java:updateAndGet(148)) - 36185c6b-22ce-45d1-a622-3a6b487a5a53: start 36185c6b-22ce-45d1-a622-3a6b487a5a53@group-6EF60CB14872-LeaderElection208
2025-10-10 10:39:44,683 [36185c6b-22ce-45d1-a622-3a6b487a5a53@group-6EF60CB14872-LeaderElection208] INFO  impl.LeaderElection (LeaderElection.java:askForVotes(448)) - 36185c6b-22ce-45d1-a622-3a6b487a5a53@group-6EF60CB14872-LeaderElection208 PRE_VOTE round 0: submit vote requests at term 1 for conf: {index: 0, cur=peers:[aa9634f0-8836-44d6-bc05-5b19fbdd93d5|127.0.0.1:15063, 36185c6b-22ce-45d1-a622-3a6b487a5a53|127.0.0.1:15071, 895d447a-5476-42e4-b2fa-6eb687701d46|127.0.0.1:15079]|listeners:[], old=null}
2025-10-10 10:39:44,685 [grpc-default-executor-8] INFO  server.RaftServer$Division (RaftServerImpl.java:requestVote(1421)) - aa9634f0-8836-44d6-bc05-5b19fbdd93d5@group-6EF60CB14872: receive requestVote(PRE_VOTE, 36185c6b-22ce-45d1-a622-3a6b487a5a53, group-6EF60CB14872, 1, (t:1, i:6))
2025-10-10 10:39:44,685 [grpc-default-executor-7] INFO  server.RaftServer$Division (RaftServerImpl.java:requestVote(1421)) - 895d447a-5476-42e4-b2fa-6eb687701d46@group-6EF60CB14872: receive requestVote(PRE_VOTE, 36185c6b-22ce-45d1-a622-3a6b487a5a53, group-6EF60CB14872, 1, (t:1, i:6))
2025-10-10 10:39:44,685 [grpc-default-executor-8] INFO  impl.VoteContext (VoteContext.java:log(49)) - aa9634f0-8836-44d6-bc05-5b19fbdd93d5@group-6EF60CB14872-FOLLOWER: reject PRE_VOTE from 36185c6b-22ce-45d1-a622-3a6b487a5a53: our last entry (t:2, i:8) > candidate's last entry (t:1, i:6)
2025-10-10 10:39:44,685 [grpc-default-executor-7] INFO  impl.VoteContext (VoteContext.java:log(49)) - 895d447a-5476-42e4-b2fa-6eb687701d46@group-6EF60CB14872-FOLLOWER: reject PRE_VOTE from 36185c6b-22ce-45d1-a622-3a6b487a5a53: our last entry (t:2, i:8) > candidate's last entry (t:1, i:6)
2025-10-10 10:39:44,685 [grpc-default-executor-8] INFO  server.RaftServer$Division (RaftServerImpl.java:requestVote(1455)) - aa9634f0-8836-44d6-bc05-5b19fbdd93d5@group-6EF60CB14872 replies to PRE_VOTE vote request: 36185c6b-22ce-45d1-a622-3a6b487a5a53<-aa9634f0-8836-44d6-bc05-5b19fbdd93d5#0:FAIL-t2-last:(t:2, i:8). Peer's state: aa9634f0-8836-44d6-bc05-5b19fbdd93d5@group-6EF60CB14872:t2, leader=null, voted=895d447a-5476-42e4-b2fa-6eb687701d46, raftlog=Memoized:aa9634f0-8836-44d6-bc05-5b19fbdd93d5@group-6EF60CB14872-SegmentedRaftLog:OPENED:c8:last(t:2, i:8), conf=conf: {index: 7, cur=peers:[aa9634f0-8836-44d6-bc05-5b19fbdd93d5|127.0.0.1:15063, 36185c6b-22ce-45d1-a622-3a6b487a5a53|127.0.0.1:15071, 895d447a-5476-42e4-b2fa-6eb687701d46|127.0.0.1:15079]|listeners:[], old=null}
2025-10-10 10:39:44,685 [grpc-default-executor-7] INFO  server.RaftServer$Division (RaftServerImpl.java:requestVote(1455)) - 895d447a-5476-42e4-b2fa-6eb687701d46@group-6EF60CB14872 replies to PRE_VOTE vote request: 36185c6b-22ce-45d1-a622-3a6b487a5a53<-895d447a-5476-42e4-b2fa-6eb687701d46#0:FAIL-t2-last:(t:2, i:8). Peer's state: 895d447a-5476-42e4-b2fa-6eb687701d46@group-6EF60CB14872:t2, leader=null, voted=895d447a-5476-42e4-b2fa-6eb687701d46, raftlog=Memoized:895d447a-5476-42e4-b2fa-6eb687701d46@group-6EF60CB14872-SegmentedRaftLog:OPENED:c8:last(t:2, i:8), conf=conf: {index: 7, cur=peers:[aa9634f0-8836-44d6-bc05-5b19fbdd93d5|127.0.0.1:15063, 36185c6b-22ce-45d1-a622-3a6b487a5a53|127.0.0.1:15071, 895d447a-5476-42e4-b2fa-6eb687701d46|127.0.0.1:15079]|listeners:[], old=null}
2025-10-10 10:39:44,685 [36185c6b-22ce-45d1-a622-3a6b487a5a53@group-386B2F16DF49-StateMachineUpdater] INFO  server.RaftServer$Division (LeaderStateImpl.java:checkStartIndex(309)) - Leader 36185c6b-22ce-45d1-a622-3a6b487a5a53@group-386B2F16DF49-LeaderStateImpl is ready since appliedIndex == startIndex == 1
2025-10-10 10:39:44,685 [36185c6b-22ce-45d1-a622-3a6b487a5a53@group-6EF60CB14872-LeaderElection208] INFO  impl.LeaderElection (LeaderElection.java:logAndReturn(206)) - 36185c6b-22ce-45d1-a622-3a6b487a5a53@group-6EF60CB14872-LeaderElection208: PRE_VOTE DISCOVERED_A_NEW_TERM (term=2) received 1 response(s) and 0 exception(s):
2025-10-10 10:39:44,686 [36185c6b-22ce-45d1-a622-3a6b487a5a53@group-6EF60CB14872-LeaderElection208] INFO  impl.LeaderElection (LeaderElection.java:logAndReturn(210)) -   Response 0: 36185c6b-22ce-45d1-a622-3a6b487a5a53<-aa9634f0-8836-44d6-bc05-5b19fbdd93d5#0:FAIL-t2-last:(t:2, i:8)
2025-10-10 10:39:44,686 [36185c6b-22ce-45d1-a622-3a6b487a5a53@group-6EF60CB14872-LeaderElection208] INFO  impl.LeaderElection (LeaderElection.java:askForVotes(450)) - 36185c6b-22ce-45d1-a622-3a6b487a5a53@group-6EF60CB14872-LeaderElection208 PRE_VOTE round 0: result DISCOVERED_A_NEW_TERM (term=2)
2025-10-10 10:39:44,686 [36185c6b-22ce-45d1-a622-3a6b487a5a53@group-6EF60CB14872-LeaderElection208] INFO  server.RaftServer$Division (RaftServerImpl.java:setRole(392)) - 36185c6b-22ce-45d1-a622-3a6b487a5a53@group-6EF60CB14872: changes role from CANDIDATE to FOLLOWER at term 1 for DISCOVERED_A_NEW_TERM (term=2)
2025-10-10 10:39:44,686 [36185c6b-22ce-45d1-a622-3a6b487a5a53@group-6EF60CB14872-LeaderElection208] INFO  impl.RoleInfo (RoleInfo.java:shutdownLeaderElection(141)) - 36185c6b-22ce-45d1-a622-3a6b487a5a53: shutdown 36185c6b-22ce-45d1-a622-3a6b487a5a53@group-6EF60CB14872-LeaderElection208
2025-10-10 10:39:44,686 [36185c6b-22ce-45d1-a622-3a6b487a5a53@group-6EF60CB14872-LeaderElection208] INFO  impl.RoleInfo (RoleInfo.java:updateAndGet(148)) - 36185c6b-22ce-45d1-a622-3a6b487a5a53: start 36185c6b-22ce-45d1-a622-3a6b487a5a53@group-6EF60CB14872-FollowerState
2025-10-10 10:39:44,686 [36185c6b-22ce-45d1-a622-3a6b487a5a53@group-6EF60CB14872-LeaderElection208] INFO  server.RaftServer$Division (RaftServerImpl.java:setFirstElection(576)) - 36185c6b-22ce-45d1-a622-3a6b487a5a53@group-6EF60CB14872: set firstElectionSinceStartup to false for DISCOVERED_A_NEW_TERM (term=2)
2025-10-10 10:39:44,816 [895d447a-5476-42e4-b2fa-6eb687701d46@group-263A5124E6E8-FollowerState] INFO  impl.FollowerState (FollowerState.java:runImpl(161)) - 895d447a-5476-42e4-b2fa-6eb687701d46@group-263A5124E6E8-FollowerState: change to CANDIDATE, lastRpcElapsedTime:1068173287ns, electionTimeout:1067ms
2025-10-10 10:39:44,816 [895d447a-5476-42e4-b2fa-6eb687701d46@group-263A5124E6E8-FollowerState] INFO  impl.RoleInfo (RoleInfo.java:shutdownFollowerState(121)) - 895d447a-5476-42e4-b2fa-6eb687701d46: shutdown 895d447a-5476-42e4-b2fa-6eb687701d46@group-263A5124E6E8-FollowerState
2025-10-10 10:39:44,816 [895d447a-5476-42e4-b2fa-6eb687701d46@group-263A5124E6E8-FollowerState] INFO  server.RaftServer$Division (RaftServerImpl.java:setRole(392)) - 895d447a-5476-42e4-b2fa-6eb687701d46@group-263A5124E6E8: changes role from  FOLLOWER to CANDIDATE at term 1 for changeToCandidate
2025-10-10 10:39:44,816 [895d447a-5476-42e4-b2fa-6eb687701d46@group-263A5124E6E8-FollowerState] INFO  impl.RoleInfo (RoleInfo.java:updateAndGet(148)) - 895d447a-5476-42e4-b2fa-6eb687701d46: start 895d447a-5476-42e4-b2fa-6eb687701d46@group-263A5124E6E8-LeaderElection209
2025-10-10 10:39:44,817 [895d447a-5476-42e4-b2fa-6eb687701d46@group-263A5124E6E8-LeaderElection209] INFO  impl.LeaderElection (LeaderElection.java:askForVotes(448)) - 895d447a-5476-42e4-b2fa-6eb687701d46@group-263A5124E6E8-LeaderElection209 PRE_VOTE round 0: submit vote requests at term 1 for conf: {index: 0, cur=peers:[895d447a-5476-42e4-b2fa-6eb687701d46|127.0.0.1:15079]|listeners:[], old=null}
2025-10-10 10:39:44,817 [895d447a-5476-42e4-b2fa-6eb687701d46@group-263A5124E6E8-LeaderElection209] INFO  impl.LeaderElection (LeaderElection.java:askForVotes(450)) - 895d447a-5476-42e4-b2fa-6eb687701d46@group-263A5124E6E8-LeaderElection209 PRE_VOTE round 0: result PASSED (term=1)
2025-10-10 10:39:44,818 [895d447a-5476-42e4-b2fa-6eb687701d46@group-263A5124E6E8-LeaderElection209] INFO  impl.LeaderElection (LeaderElection.java:askForVotes(448)) - 895d447a-5476-42e4-b2fa-6eb687701d46@group-263A5124E6E8-LeaderElection209 ELECTION round 0: submit vote requests at term 2 for conf: {index: 0, cur=peers:[895d447a-5476-42e4-b2fa-6eb687701d46|127.0.0.1:15079]|listeners:[], old=null}
2025-10-10 10:39:44,818 [895d447a-5476-42e4-b2fa-6eb687701d46@group-263A5124E6E8-LeaderElection209] INFO  impl.LeaderElection (LeaderElection.java:askForVotes(450)) - 895d447a-5476-42e4-b2fa-6eb687701d46@group-263A5124E6E8-LeaderElection209 ELECTION round 0: result PASSED (term=2)
2025-10-10 10:39:44,818 [895d447a-5476-42e4-b2fa-6eb687701d46@group-263A5124E6E8-LeaderElection209] INFO  impl.RoleInfo (RoleInfo.java:shutdownLeaderElection(141)) - 895d447a-5476-42e4-b2fa-6eb687701d46: shutdown 895d447a-5476-42e4-b2fa-6eb687701d46@group-263A5124E6E8-LeaderElection209
2025-10-10 10:39:44,818 [895d447a-5476-42e4-b2fa-6eb687701d46@group-263A5124E6E8-LeaderElection209] INFO  server.RaftServer$Division (RaftServerImpl.java:setRole(392)) - 895d447a-5476-42e4-b2fa-6eb687701d46@group-263A5124E6E8: changes role from CANDIDATE to LEADER at term 2 for changeToLeader
2025-10-10 10:39:44,818 [895d447a-5476-42e4-b2fa-6eb687701d46@group-263A5124E6E8-LeaderElection209] INFO  server.RaftServerConfigKeys (ConfUtils.java:logFallback(69)) - raft.server.staging.timeout = 3600ms (fallback to raft.server.rpc.timeout.max)
2025-10-10 10:39:44,818 [895d447a-5476-42e4-b2fa-6eb687701d46@group-263A5124E6E8-LeaderElection209] INFO  server.RaftServerConfigKeys (ConfUtils.java:logGet(62)) - raft.server.write.byte-limit = 1024 M (=1073741824) (custom)
2025-10-10 10:39:44,819 [895d447a-5476-42e4-b2fa-6eb687701d46@group-263A5124E6E8-LeaderElection209] INFO  impl.RoleInfo (RoleInfo.java:updateAndGet(148)) - 895d447a-5476-42e4-b2fa-6eb687701d46: start 895d447a-5476-42e4-b2fa-6eb687701d46@group-263A5124E6E8-LeaderStateImpl
2025-10-10 10:39:44,819 [895d447a-5476-42e4-b2fa-6eb687701d46@group-263A5124E6E8-LeaderElection209] INFO  server.RaftServer$Division (RaftServerImpl.java:setFirstElection(576)) - 895d447a-5476-42e4-b2fa-6eb687701d46@group-263A5124E6E8: set firstElectionSinceStartup to false for becomeLeader
2025-10-10 10:39:44,819 [895d447a-5476-42e4-b2fa-6eb687701d46@group-263A5124E6E8-LeaderElection209] INFO  ratis.XceiverServerRatis (XceiverServerRatis.java:handleLeaderChangedNotification(940)) - Leader change notification received for group: group-263A5124E6E8 with new leaderId: 895d447a-5476-42e4-b2fa-6eb687701d46
2025-10-10 10:39:44,819 [895d447a-5476-42e4-b2fa-6eb687701d46@group-263A5124E6E8-LeaderElection209] INFO  server.RaftServer$Division (ServerState.java:setLeader(272)) - 895d447a-5476-42e4-b2fa-6eb687701d46@group-263A5124E6E8: change Leader from null to 895d447a-5476-42e4-b2fa-6eb687701d46 at term 2 for becomeLeader, leader elected after 1757ms
2025-10-10 10:39:44,819 [895d447a-5476-42e4-b2fa-6eb687701d46@group-263A5124E6E8-LeaderElection209] INFO  segmented.SegmentedRaftLogWorker (SegmentedRaftLogWorker.java:rollLogSegment(445)) - 895d447a-5476-42e4-b2fa-6eb687701d46@group-263A5124E6E8-SegmentedRaftLogWorker: Rolling segment log-0_0 to index:0
2025-10-10 10:39:44,820 [895d447a-5476-42e4-b2fa-6eb687701d46@group-263A5124E6E8-LeaderElection209] INFO  server.RaftServer$Division (ServerState.java:setRaftConf(386)) - 895d447a-5476-42e4-b2fa-6eb687701d46@group-263A5124E6E8: set configuration conf: {index: 1, cur=peers:[895d447a-5476-42e4-b2fa-6eb687701d46|127.0.0.1:15079]|listeners:[], old=null}
2025-10-10 10:39:44,820 [895d447a-5476-42e4-b2fa-6eb687701d46@group-263A5124E6E8-SegmentedRaftLogWorker] INFO  segmented.SegmentedRaftLogWorker (SegmentedRaftLogWorker.java:execute(604)) - 895d447a-5476-42e4-b2fa-6eb687701d46@group-263A5124E6E8-SegmentedRaftLogWorker: Rolled log segment from /home/runner/work/ozone/ozone/hadoop-ozone/integration-test/target/test-dir/MiniOzoneClusterImpl-611c99c7-d47b-4433-a4ef-cd0a35b076ef/ozone-metadata/datanode-9/ratis/1890b19a-2da7-4d82-9892-263a5124e6e8/current/log_inprogress_0 to /home/runner/work/ozone/ozone/hadoop-ozone/integration-test/target/test-dir/MiniOzoneClusterImpl-611c99c7-d47b-4433-a4ef-cd0a35b076ef/ozone-metadata/datanode-9/ratis/1890b19a-2da7-4d82-9892-263a5124e6e8/current/log_0-0
2025-10-10 10:39:44,820 [895d447a-5476-42e4-b2fa-6eb687701d46@group-263A5124E6E8-SegmentedRaftLogWorker] INFO  segmented.BufferedWriteChannel (BufferedWriteChannel.java:open(61)) - open log_inprogress_1 at position 0
2025-10-10 10:39:44,825 [895d447a-5476-42e4-b2fa-6eb687701d46@group-263A5124E6E8-SegmentedRaftLogWorker] INFO  segmented.SegmentedRaftLogWorker (SegmentedRaftLogWorker.java:execute(647)) - 895d447a-5476-42e4-b2fa-6eb687701d46@group-263A5124E6E8-SegmentedRaftLogWorker: created new log segment /home/runner/work/ozone/ozone/hadoop-ozone/integration-test/target/test-dir/MiniOzoneClusterImpl-611c99c7-d47b-4433-a4ef-cd0a35b076ef/ozone-metadata/datanode-9/ratis/1890b19a-2da7-4d82-9892-263a5124e6e8/current/log_inprogress_1
2025-10-10 10:39:44,826 [895d447a-5476-42e4-b2fa-6eb687701d46@group-263A5124E6E8-StateMachineUpdater] INFO  server.RaftServer$Division (LeaderStateImpl.java:checkStartIndex(309)) - Leader 895d447a-5476-42e4-b2fa-6eb687701d46@group-263A5124E6E8-LeaderStateImpl is ready since appliedIndex == startIndex == 1
2025-10-10 10:39:44,830 [aa9634f0-8836-44d6-bc05-5b19fbdd93d5@group-813C05265458-FollowerState] INFO  impl.FollowerState (FollowerState.java:runImpl(161)) - aa9634f0-8836-44d6-bc05-5b19fbdd93d5@group-813C05265458-FollowerState: change to CANDIDATE, lastRpcElapsedTime:1190329251ns, electionTimeout:1190ms
2025-10-10 10:39:44,830 [aa9634f0-8836-44d6-bc05-5b19fbdd93d5@group-813C05265458-FollowerState] INFO  impl.RoleInfo (RoleInfo.java:shutdownFollowerState(121)) - aa9634f0-8836-44d6-bc05-5b19fbdd93d5: shutdown aa9634f0-8836-44d6-bc05-5b19fbdd93d5@group-813C05265458-FollowerState
2025-10-10 10:39:44,830 [aa9634f0-8836-44d6-bc05-5b19fbdd93d5@group-813C05265458-FollowerState] INFO  server.RaftServer$Division (RaftServerImpl.java:setRole(392)) - aa9634f0-8836-44d6-bc05-5b19fbdd93d5@group-813C05265458: changes role from  FOLLOWER to CANDIDATE at term 1 for changeToCandidate
2025-10-10 10:39:44,830 [aa9634f0-8836-44d6-bc05-5b19fbdd93d5@group-813C05265458-FollowerState] INFO  impl.RoleInfo (RoleInfo.java:updateAndGet(148)) - aa9634f0-8836-44d6-bc05-5b19fbdd93d5: start aa9634f0-8836-44d6-bc05-5b19fbdd93d5@group-813C05265458-LeaderElection210
2025-10-10 10:39:44,831 [aa9634f0-8836-44d6-bc05-5b19fbdd93d5@group-813C05265458-LeaderElection210] INFO  impl.LeaderElection (LeaderElection.java:askForVotes(448)) - aa9634f0-8836-44d6-bc05-5b19fbdd93d5@group-813C05265458-LeaderElection210 PRE_VOTE round 0: submit vote requests at term 1 for conf: {index: 0, cur=peers:[aa9634f0-8836-44d6-bc05-5b19fbdd93d5|127.0.0.1:15063, 36185c6b-22ce-45d1-a622-3a6b487a5a53|127.0.0.1:15071, 895d447a-5476-42e4-b2fa-6eb687701d46|127.0.0.1:15079]|listeners:[], old=null}
2025-10-10 10:39:44,831 [aa9634f0-8836-44d6-bc05-5b19fbdd93d5@group-813C05265458-LeaderElection210] INFO  impl.LeaderElection (LogUtils.java:infoOrTrace(142)) - aa9634f0-8836-44d6-bc05-5b19fbdd93d5@group-813C05265458-LeaderElection210 got exception when requesting votes: java.util.concurrent.ExecutionException: org.apache.ratis.thirdparty.io.grpc.StatusRuntimeException: UNAVAILABLE: io exception
2025-10-10 10:39:44,831 [aa9634f0-8836-44d6-bc05-5b19fbdd93d5@group-813C05265458-LeaderElection210] INFO  impl.LeaderElection (LogUtils.java:infoOrTrace(142)) - aa9634f0-8836-44d6-bc05-5b19fbdd93d5@group-813C05265458-LeaderElection210 got exception when requesting votes: java.util.concurrent.ExecutionException: org.apache.ratis.thirdparty.io.grpc.StatusRuntimeException: UNAVAILABLE: io exception
2025-10-10 10:39:44,831 [aa9634f0-8836-44d6-bc05-5b19fbdd93d5@group-813C05265458-LeaderElection210] INFO  impl.LeaderElection (LeaderElection.java:logAndReturn(206)) - aa9634f0-8836-44d6-bc05-5b19fbdd93d5@group-813C05265458-LeaderElection210: PRE_VOTE REJECTED received 0 response(s) and 2 exception(s):
2025-10-10 10:39:44,831 [aa9634f0-8836-44d6-bc05-5b19fbdd93d5@group-813C05265458-LeaderElection210] INFO  impl.LeaderElection (LogUtils.java:infoOrTrace(142)) -   Exception 0: java.util.concurrent.ExecutionException: org.apache.ratis.thirdparty.io.grpc.StatusRuntimeException: UNAVAILABLE: io exception
2025-10-10 10:39:44,831 [aa9634f0-8836-44d6-bc05-5b19fbdd93d5@group-813C05265458-LeaderElection210] INFO  impl.LeaderElection (LogUtils.java:infoOrTrace(142)) -   Exception 1: java.util.concurrent.ExecutionException: org.apache.ratis.thirdparty.io.grpc.StatusRuntimeException: UNAVAILABLE: io exception
2025-10-10 10:39:44,831 [aa9634f0-8836-44d6-bc05-5b19fbdd93d5@group-813C05265458-LeaderElection210] INFO  impl.LeaderElection (LeaderElection.java:askForVotes(450)) - aa9634f0-8836-44d6-bc05-5b19fbdd93d5@group-813C05265458-LeaderElection210 PRE_VOTE round 0: result REJECTED
2025-10-10 10:39:44,831 [aa9634f0-8836-44d6-bc05-5b19fbdd93d5@group-813C05265458-LeaderElection210] INFO  server.RaftServer$Division (RaftServerImpl.java:setRole(392)) - aa9634f0-8836-44d6-bc05-5b19fbdd93d5@group-813C05265458: changes role from CANDIDATE to FOLLOWER at term 1 for REJECTED
2025-10-10 10:39:44,831 [aa9634f0-8836-44d6-bc05-5b19fbdd93d5@group-813C05265458-LeaderElection210] INFO  impl.RoleInfo (RoleInfo.java:shutdownLeaderElection(141)) - aa9634f0-8836-44d6-bc05-5b19fbdd93d5: shutdown aa9634f0-8836-44d6-bc05-5b19fbdd93d5@group-813C05265458-LeaderElection210
2025-10-10 10:39:44,831 [aa9634f0-8836-44d6-bc05-5b19fbdd93d5@group-813C05265458-LeaderElection210] INFO  impl.RoleInfo (RoleInfo.java:updateAndGet(148)) - aa9634f0-8836-44d6-bc05-5b19fbdd93d5: start aa9634f0-8836-44d6-bc05-5b19fbdd93d5@group-813C05265458-FollowerState
2025-10-10 10:39:44,860 [aa9634f0-8836-44d6-bc05-5b19fbdd93d5@group-6EF60CB14872-FollowerState] INFO  impl.FollowerState (FollowerState.java:runImpl(161)) - aa9634f0-8836-44d6-bc05-5b19fbdd93d5@group-6EF60CB14872-FollowerState: change to CANDIDATE, lastRpcElapsedTime:1101319437ns, electionTimeout:1101ms
2025-10-10 10:39:44,860 [aa9634f0-8836-44d6-bc05-5b19fbdd93d5@group-6EF60CB14872-FollowerState] INFO  impl.RoleInfo (RoleInfo.java:shutdownFollowerState(121)) - aa9634f0-8836-44d6-bc05-5b19fbdd93d5: shutdown aa9634f0-8836-44d6-bc05-5b19fbdd93d5@group-6EF60CB14872-FollowerState
2025-10-10 10:39:44,860 [aa9634f0-8836-44d6-bc05-5b19fbdd93d5@group-6EF60CB14872-FollowerState] INFO  server.RaftServer$Division (RaftServerImpl.java:setRole(392)) - aa9634f0-8836-44d6-bc05-5b19fbdd93d5@group-6EF60CB14872: changes role from  FOLLOWER to CANDIDATE at term 2 for changeToCandidate
2025-10-10 10:39:44,860 [aa9634f0-8836-44d6-bc05-5b19fbdd93d5@group-6EF60CB14872-FollowerState] INFO  impl.RoleInfo (RoleInfo.java:updateAndGet(148)) - aa9634f0-8836-44d6-bc05-5b19fbdd93d5: start aa9634f0-8836-44d6-bc05-5b19fbdd93d5@group-6EF60CB14872-LeaderElection211
2025-10-10 10:39:44,860 [aa9634f0-8836-44d6-bc05-5b19fbdd93d5@group-6EF60CB14872-LeaderElection211] INFO  impl.LeaderElection (LeaderElection.java:askForVotes(448)) - aa9634f0-8836-44d6-bc05-5b19fbdd93d5@group-6EF60CB14872-LeaderElection211 PRE_VOTE round 0: submit vote requests at term 2 for conf: {index: 7, cur=peers:[aa9634f0-8836-44d6-bc05-5b19fbdd93d5|127.0.0.1:15063, 36185c6b-22ce-45d1-a622-3a6b487a5a53|127.0.0.1:15071, 895d447a-5476-42e4-b2fa-6eb687701d46|127.0.0.1:15079]|listeners:[], old=null}
2025-10-10 10:39:44,861 [aa9634f0-8836-44d6-bc05-5b19fbdd93d5@group-6EF60CB14872-LeaderElection211] INFO  impl.LeaderElection (LogUtils.java:infoOrTrace(142)) - aa9634f0-8836-44d6-bc05-5b19fbdd93d5@group-6EF60CB14872-LeaderElection211 got exception when requesting votes: java.util.concurrent.ExecutionException: org.apache.ratis.thirdparty.io.grpc.StatusRuntimeException: UNAVAILABLE: io exception
2025-10-10 10:39:44,861 [aa9634f0-8836-44d6-bc05-5b19fbdd93d5@group-6EF60CB14872-LeaderElection211] INFO  impl.LeaderElection (LogUtils.java:infoOrTrace(142)) - aa9634f0-8836-44d6-bc05-5b19fbdd93d5@group-6EF60CB14872-LeaderElection211 got exception when requesting votes: java.util.concurrent.ExecutionException: org.apache.ratis.thirdparty.io.grpc.StatusRuntimeException: UNAVAILABLE: io exception
2025-10-10 10:39:44,861 [aa9634f0-8836-44d6-bc05-5b19fbdd93d5@group-6EF60CB14872-LeaderElection211] INFO  impl.LeaderElection (LeaderElection.java:logAndReturn(206)) - aa9634f0-8836-44d6-bc05-5b19fbdd93d5@group-6EF60CB14872-LeaderElection211: PRE_VOTE REJECTED received 0 response(s) and 2 exception(s):
2025-10-10 10:39:44,861 [aa9634f0-8836-44d6-bc05-5b19fbdd93d5@group-6EF60CB14872-LeaderElection211] INFO  impl.LeaderElection (LogUtils.java:infoOrTrace(142)) -   Exception 0: java.util.concurrent.ExecutionException: org.apache.ratis.thirdparty.io.grpc.StatusRuntimeException: UNAVAILABLE: io exception
2025-10-10 10:39:44,861 [aa9634f0-8836-44d6-bc05-5b19fbdd93d5@group-6EF60CB14872-LeaderElection211] INFO  impl.LeaderElection (LogUtils.java:infoOrTrace(142)) -   Exception 1: java.util.concurrent.ExecutionException: org.apache.ratis.thirdparty.io.grpc.StatusRuntimeException: UNAVAILABLE: io exception
2025-10-10 10:39:44,861 [aa9634f0-8836-44d6-bc05-5b19fbdd93d5@group-6EF60CB14872-LeaderElection211] INFO  impl.LeaderElection (LeaderElection.java:askForVotes(450)) - aa9634f0-8836-44d6-bc05-5b19fbdd93d5@group-6EF60CB14872-LeaderElection211 PRE_VOTE round 0: result REJECTED
2025-10-10 10:39:44,861 [aa9634f0-8836-44d6-bc05-5b19fbdd93d5@group-6EF60CB14872-LeaderElection211] INFO  server.RaftServer$Division (RaftServerImpl.java:setRole(392)) - aa9634f0-8836-44d6-bc05-5b19fbdd93d5@group-6EF60CB14872: changes role from CANDIDATE to FOLLOWER at term 2 for REJECTED
2025-10-10 10:39:44,861 [aa9634f0-8836-44d6-bc05-5b19fbdd93d5@group-6EF60CB14872-LeaderElection211] INFO  impl.RoleInfo (RoleInfo.java:shutdownLeaderElection(141)) - aa9634f0-8836-44d6-bc05-5b19fbdd93d5: shutdown aa9634f0-8836-44d6-bc05-5b19fbdd93d5@group-6EF60CB14872-LeaderElection211
2025-10-10 10:39:44,861 [aa9634f0-8836-44d6-bc05-5b19fbdd93d5@group-6EF60CB14872-LeaderElection211] INFO  impl.RoleInfo (RoleInfo.java:updateAndGet(148)) - aa9634f0-8836-44d6-bc05-5b19fbdd93d5: start aa9634f0-8836-44d6-bc05-5b19fbdd93d5@group-6EF60CB14872-FollowerState
2025-10-10 10:39:44,878 [895d447a-5476-42e4-b2fa-6eb687701d46@group-6EF60CB14872-FollowerState] INFO  impl.FollowerState (FollowerState.java:runImpl(161)) - 895d447a-5476-42e4-b2fa-6eb687701d46@group-6EF60CB14872-FollowerState: change to CANDIDATE, lastRpcElapsedTime:1128865032ns, electionTimeout:1128ms
2025-10-10 10:39:44,878 [895d447a-5476-42e4-b2fa-6eb687701d46@group-6EF60CB14872-FollowerState] INFO  impl.RoleInfo (RoleInfo.java:shutdownFollowerState(121)) - 895d447a-5476-42e4-b2fa-6eb687701d46: shutdown 895d447a-5476-42e4-b2fa-6eb687701d46@group-6EF60CB14872-FollowerState
2025-10-10 10:39:44,878 [895d447a-5476-42e4-b2fa-6eb687701d46@group-6EF60CB14872-FollowerState] INFO  server.RaftServer$Division (RaftServerImpl.java:setRole(392)) - 895d447a-5476-42e4-b2fa-6eb687701d46@group-6EF60CB14872: changes role from  FOLLOWER to CANDIDATE at term 2 for changeToCandidate
2025-10-10 10:39:44,878 [895d447a-5476-42e4-b2fa-6eb687701d46@group-6EF60CB14872-FollowerState] INFO  impl.RoleInfo (RoleInfo.java:updateAndGet(148)) - 895d447a-5476-42e4-b2fa-6eb687701d46: start 895d447a-5476-42e4-b2fa-6eb687701d46@group-6EF60CB14872-LeaderElection212
2025-10-10 10:39:44,878 [895d447a-5476-42e4-b2fa-6eb687701d46@group-6EF60CB14872-LeaderElection212] INFO  impl.LeaderElection (LeaderElection.java:askForVotes(448)) - 895d447a-5476-42e4-b2fa-6eb687701d46@group-6EF60CB14872-LeaderElection212 PRE_VOTE round 0: submit vote requests at term 2 for conf: {index: 7, cur=peers:[aa9634f0-8836-44d6-bc05-5b19fbdd93d5|127.0.0.1:15063, 36185c6b-22ce-45d1-a622-3a6b487a5a53|127.0.0.1:15071, 895d447a-5476-42e4-b2fa-6eb687701d46|127.0.0.1:15079]|listeners:[], old=null}
2025-10-10 10:39:44,879 [895d447a-5476-42e4-b2fa-6eb687701d46@group-6EF60CB14872-LeaderElection212-1] INFO  server.GrpcServerProtocolClient (GrpcServerProtocolClient.java:<init>(65)) - Build channel for aa9634f0-8836-44d6-bc05-5b19fbdd93d5|127.0.0.1:15063
2025-10-10 10:39:44,879 [895d447a-5476-42e4-b2fa-6eb687701d46@group-6EF60CB14872-LeaderElection212-2] INFO  server.GrpcServerProtocolClient (GrpcServerProtocolClient.java:<init>(65)) - Build channel for 36185c6b-22ce-45d1-a622-3a6b487a5a53|127.0.0.1:15071
2025-10-10 10:39:44,882 [grpc-default-executor-8] INFO  server.RaftServer$Division (RaftServerImpl.java:requestVote(1421)) - aa9634f0-8836-44d6-bc05-5b19fbdd93d5@group-6EF60CB14872: receive requestVote(PRE_VOTE, 895d447a-5476-42e4-b2fa-6eb687701d46, group-6EF60CB14872, 2, (t:2, i:8))
2025-10-10 10:39:44,882 [grpc-default-executor-8] INFO  impl.VoteContext (VoteContext.java:log(49)) - aa9634f0-8836-44d6-bc05-5b19fbdd93d5@group-6EF60CB14872-FOLLOWER: accept PRE_VOTE from 895d447a-5476-42e4-b2fa-6eb687701d46: our priority 0 <= candidate's priority 0
2025-10-10 10:39:44,882 [grpc-default-executor-7] INFO  server.RaftServer$Division (RaftServerImpl.java:requestVote(1421)) - 36185c6b-22ce-45d1-a622-3a6b487a5a53@group-6EF60CB14872: receive requestVote(PRE_VOTE, 895d447a-5476-42e4-b2fa-6eb687701d46, group-6EF60CB14872, 2, (t:2, i:8))
2025-10-10 10:39:44,882 [grpc-default-executor-8] INFO  server.RaftServer$Division (RaftServerImpl.java:requestVote(1455)) - aa9634f0-8836-44d6-bc05-5b19fbdd93d5@group-6EF60CB14872 replies to PRE_VOTE vote request: 895d447a-5476-42e4-b2fa-6eb687701d46<-aa9634f0-8836-44d6-bc05-5b19fbdd93d5#0:OK-t2-last:(t:2, i:8). Peer's state: aa9634f0-8836-44d6-bc05-5b19fbdd93d5@group-6EF60CB14872:t2, leader=null, voted=895d447a-5476-42e4-b2fa-6eb687701d46, raftlog=Memoized:aa9634f0-8836-44d6-bc05-5b19fbdd93d5@group-6EF60CB14872-SegmentedRaftLog:OPENED:c8:last(t:2, i:8), conf=conf: {index: 7, cur=peers:[aa9634f0-8836-44d6-bc05-5b19fbdd93d5|127.0.0.1:15063, 36185c6b-22ce-45d1-a622-3a6b487a5a53|127.0.0.1:15071, 895d447a-5476-42e4-b2fa-6eb687701d46|127.0.0.1:15079]|listeners:[], old=null}
2025-10-10 10:39:44,882 [grpc-default-executor-7] INFO  impl.VoteContext (VoteContext.java:log(49)) - 36185c6b-22ce-45d1-a622-3a6b487a5a53@group-6EF60CB14872-FOLLOWER: accept PRE_VOTE from 895d447a-5476-42e4-b2fa-6eb687701d46: our last entry (t:1, i:6) < candidate's last entry (t:2, i:8)
2025-10-10 10:39:44,882 [grpc-default-executor-7] INFO  server.RaftServer$Division (RaftServerImpl.java:requestVote(1455)) - 36185c6b-22ce-45d1-a622-3a6b487a5a53@group-6EF60CB14872 replies to PRE_VOTE vote request: 895d447a-5476-42e4-b2fa-6eb687701d46<-36185c6b-22ce-45d1-a622-3a6b487a5a53#0:OK-t2-last:(t:1, i:6). Peer's state: 36185c6b-22ce-45d1-a622-3a6b487a5a53@group-6EF60CB14872:t2, leader=null, voted=null, raftlog=Memoized:36185c6b-22ce-45d1-a622-3a6b487a5a53@group-6EF60CB14872-SegmentedRaftLog:OPENED:c6:last(t:1, i:6), conf=conf: {index: 0, cur=peers:[aa9634f0-8836-44d6-bc05-5b19fbdd93d5|127.0.0.1:15063, 36185c6b-22ce-45d1-a622-3a6b487a5a53|127.0.0.1:15071, 895d447a-5476-42e4-b2fa-6eb687701d46|127.0.0.1:15079]|listeners:[], old=null}
2025-10-10 10:39:44,883 [895d447a-5476-42e4-b2fa-6eb687701d46@group-6EF60CB14872-LeaderElection212] INFO  impl.LeaderElection (LeaderElection.java:logAndReturn(206)) - 895d447a-5476-42e4-b2fa-6eb687701d46@group-6EF60CB14872-LeaderElection212: PRE_VOTE PASSED received 1 response(s) and 0 exception(s):
2025-10-10 10:39:44,883 [895d447a-5476-42e4-b2fa-6eb687701d46@group-6EF60CB14872-LeaderElection212] INFO  impl.LeaderElection (LeaderElection.java:logAndReturn(210)) -   Response 0: 895d447a-5476-42e4-b2fa-6eb687701d46<-36185c6b-22ce-45d1-a622-3a6b487a5a53#0:OK-t2-last:(t:1, i:6)
2025-10-10 10:39:44,883 [895d447a-5476-42e4-b2fa-6eb687701d46@group-6EF60CB14872-LeaderElection212] INFO  impl.LeaderElection (LeaderElection.java:askForVotes(450)) - 895d447a-5476-42e4-b2fa-6eb687701d46@group-6EF60CB14872-LeaderElection212 PRE_VOTE round 0: result PASSED
2025-10-10 10:39:44,884 [895d447a-5476-42e4-b2fa-6eb687701d46@group-6EF60CB14872-LeaderElection212] INFO  impl.LeaderElection (LeaderElection.java:askForVotes(448)) - 895d447a-5476-42e4-b2fa-6eb687701d46@group-6EF60CB14872-LeaderElection212 ELECTION round 0: submit vote requests at term 3 for conf: {index: 7, cur=peers:[aa9634f0-8836-44d6-bc05-5b19fbdd93d5|127.0.0.1:15063, 36185c6b-22ce-45d1-a622-3a6b487a5a53|127.0.0.1:15071, 895d447a-5476-42e4-b2fa-6eb687701d46|127.0.0.1:15079]|listeners:[], old=null}
2025-10-10 10:39:44,885 [grpc-default-executor-7] INFO  server.RaftServer$Division (RaftServerImpl.java:requestVote(1421)) - aa9634f0-8836-44d6-bc05-5b19fbdd93d5@group-6EF60CB14872: receive requestVote(ELECTION, 895d447a-5476-42e4-b2fa-6eb687701d46, group-6EF60CB14872, 3, (t:2, i:8))
2025-10-10 10:39:44,885 [grpc-default-executor-8] INFO  server.RaftServer$Division (RaftServerImpl.java:requestVote(1421)) - 36185c6b-22ce-45d1-a622-3a6b487a5a53@group-6EF60CB14872: receive requestVote(ELECTION, 895d447a-5476-42e4-b2fa-6eb687701d46, group-6EF60CB14872, 3, (t:2, i:8))
2025-10-10 10:39:44,885 [grpc-default-executor-7] INFO  impl.VoteContext (VoteContext.java:log(49)) - aa9634f0-8836-44d6-bc05-5b19fbdd93d5@group-6EF60CB14872-FOLLOWER: accept ELECTION from 895d447a-5476-42e4-b2fa-6eb687701d46: our priority 0 <= candidate's priority 0
2025-10-10 10:39:44,885 [grpc-default-executor-8] INFO  impl.VoteContext (VoteContext.java:log(49)) - 36185c6b-22ce-45d1-a622-3a6b487a5a53@group-6EF60CB14872-FOLLOWER: accept ELECTION from 895d447a-5476-42e4-b2fa-6eb687701d46: our last entry (t:1, i:6) < candidate's last entry (t:2, i:8)
2025-10-10 10:39:44,885 [grpc-default-executor-7] INFO  server.RaftServer$Division (RaftServerImpl.java:setRole(392)) - aa9634f0-8836-44d6-bc05-5b19fbdd93d5@group-6EF60CB14872: changes role from  FOLLOWER to FOLLOWER at term 2 for candidate:895d447a-5476-42e4-b2fa-6eb687701d46
2025-10-10 10:39:44,885 [grpc-default-executor-8] INFO  server.RaftServer$Division (RaftServerImpl.java:setRole(392)) - 36185c6b-22ce-45d1-a622-3a6b487a5a53@group-6EF60CB14872: changes role from  FOLLOWER to FOLLOWER at term 2 for candidate:895d447a-5476-42e4-b2fa-6eb687701d46
2025-10-10 10:39:44,885 [grpc-default-executor-7] INFO  impl.RoleInfo (RoleInfo.java:shutdownFollowerState(121)) - aa9634f0-8836-44d6-bc05-5b19fbdd93d5: shutdown aa9634f0-8836-44d6-bc05-5b19fbdd93d5@group-6EF60CB14872-FollowerState
2025-10-10 10:39:44,885 [grpc-default-executor-8] INFO  impl.RoleInfo (RoleInfo.java:shutdownFollowerState(121)) - 36185c6b-22ce-45d1-a622-3a6b487a5a53: shutdown 36185c6b-22ce-45d1-a622-3a6b487a5a53@group-6EF60CB14872-FollowerState
2025-10-10 10:39:44,885 [grpc-default-executor-7] INFO  impl.RoleInfo (RoleInfo.java:updateAndGet(148)) - aa9634f0-8836-44d6-bc05-5b19fbdd93d5: start aa9634f0-8836-44d6-bc05-5b19fbdd93d5@group-6EF60CB14872-FollowerState
2025-10-10 10:39:44,885 [grpc-default-executor-8] INFO  impl.RoleInfo (RoleInfo.java:updateAndGet(148)) - 36185c6b-22ce-45d1-a622-3a6b487a5a53: start 36185c6b-22ce-45d1-a622-3a6b487a5a53@group-6EF60CB14872-FollowerState
2025-10-10 10:39:44,885 [aa9634f0-8836-44d6-bc05-5b19fbdd93d5@group-6EF60CB14872-FollowerState] INFO  impl.FollowerState (FollowerState.java:runImpl(170)) - aa9634f0-8836-44d6-bc05-5b19fbdd93d5@group-6EF60CB14872-FollowerState was interrupted
2025-10-10 10:39:44,885 [36185c6b-22ce-45d1-a622-3a6b487a5a53@group-6EF60CB14872-FollowerState] INFO  impl.FollowerState (FollowerState.java:runImpl(170)) - 36185c6b-22ce-45d1-a622-3a6b487a5a53@group-6EF60CB14872-FollowerState was interrupted
2025-10-10 10:39:44,886 [grpc-default-executor-7] INFO  server.RaftServer$Division (RaftServerImpl.java:requestVote(1455)) - aa9634f0-8836-44d6-bc05-5b19fbdd93d5@group-6EF60CB14872 replies to ELECTION vote request: 895d447a-5476-42e4-b2fa-6eb687701d46<-aa9634f0-8836-44d6-bc05-5b19fbdd93d5#0:OK-t3-last:(t:2, i:8). Peer's state: aa9634f0-8836-44d6-bc05-5b19fbdd93d5@group-6EF60CB14872:t3, leader=null, voted=895d447a-5476-42e4-b2fa-6eb687701d46, raftlog=Memoized:aa9634f0-8836-44d6-bc05-5b19fbdd93d5@group-6EF60CB14872-SegmentedRaftLog:OPENED:c8:last(t:2, i:8), conf=conf: {index: 7, cur=peers:[aa9634f0-8836-44d6-bc05-5b19fbdd93d5|127.0.0.1:15063, 36185c6b-22ce-45d1-a622-3a6b487a5a53|127.0.0.1:15071, 895d447a-5476-42e4-b2fa-6eb687701d46|127.0.0.1:15079]|listeners:[], old=null}
2025-10-10 10:39:44,887 [grpc-default-executor-8] INFO  server.RaftServer$Division (RaftServerImpl.java:requestVote(1455)) - 36185c6b-22ce-45d1-a622-3a6b487a5a53@group-6EF60CB14872 replies to ELECTION vote request: 895d447a-5476-42e4-b2fa-6eb687701d46<-36185c6b-22ce-45d1-a622-3a6b487a5a53#0:OK-t3-last:(t:1, i:6). Peer's state: 36185c6b-22ce-45d1-a622-3a6b487a5a53@group-6EF60CB14872:t3, leader=null, voted=895d447a-5476-42e4-b2fa-6eb687701d46, raftlog=Memoized:36185c6b-22ce-45d1-a622-3a6b487a5a53@group-6EF60CB14872-SegmentedRaftLog:OPENED:c6:last(t:1, i:6), conf=conf: {index: 0, cur=peers:[aa9634f0-8836-44d6-bc05-5b19fbdd93d5|127.0.0.1:15063, 36185c6b-22ce-45d1-a622-3a6b487a5a53|127.0.0.1:15071, 895d447a-5476-42e4-b2fa-6eb687701d46|127.0.0.1:15079]|listeners:[], old=null}
2025-10-10 10:39:44,887 [895d447a-5476-42e4-b2fa-6eb687701d46@group-6EF60CB14872-LeaderElection212] INFO  impl.LeaderElection (LeaderElection.java:logAndReturn(206)) - 895d447a-5476-42e4-b2fa-6eb687701d46@group-6EF60CB14872-LeaderElection212: ELECTION PASSED received 2 response(s) and 0 exception(s):
2025-10-10 10:39:44,887 [895d447a-5476-42e4-b2fa-6eb687701d46@group-6EF60CB14872-LeaderElection212] INFO  impl.LeaderElection (LeaderElection.java:logAndReturn(210)) -   Response 0: 895d447a-5476-42e4-b2fa-6eb687701d46<-aa9634f0-8836-44d6-bc05-5b19fbdd93d5#0:OK-t3-last:(t:2, i:8)
2025-10-10 10:39:44,887 [895d447a-5476-42e4-b2fa-6eb687701d46@group-6EF60CB14872-LeaderElection212] INFO  impl.LeaderElection (LeaderElection.java:logAndReturn(210)) -   Response 1: 895d447a-5476-42e4-b2fa-6eb687701d46<-36185c6b-22ce-45d1-a622-3a6b487a5a53#0:OK-t3-last:(t:1, i:6)
2025-10-10 10:39:44,887 [895d447a-5476-42e4-b2fa-6eb687701d46@group-6EF60CB14872-LeaderElection212] INFO  impl.LeaderElection (LeaderElection.java:askForVotes(450)) - 895d447a-5476-42e4-b2fa-6eb687701d46@group-6EF60CB14872-LeaderElection212 ELECTION round 0: result PASSED
2025-10-10 10:39:44,887 [895d447a-5476-42e4-b2fa-6eb687701d46@group-6EF60CB14872-LeaderElection212] INFO  impl.RoleInfo (RoleInfo.java:shutdownLeaderElection(141)) - 895d447a-5476-42e4-b2fa-6eb687701d46: shutdown 895d447a-5476-42e4-b2fa-6eb687701d46@group-6EF60CB14872-LeaderElection212
2025-10-10 10:39:44,887 [895d447a-5476-42e4-b2fa-6eb687701d46@group-6EF60CB14872-LeaderElection212] INFO  server.RaftServer$Division (RaftServerImpl.java:setRole(392)) - 895d447a-5476-42e4-b2fa-6eb687701d46@group-6EF60CB14872: changes role from CANDIDATE to LEADER at term 3 for changeToLeader
2025-10-10 10:39:44,887 [895d447a-5476-42e4-b2fa-6eb687701d46@group-6EF60CB14872-LeaderElection212] INFO  server.RaftServerConfigKeys (ConfUtils.java:logFallback(69)) - raft.server.staging.timeout = 3600ms (fallback to raft.server.rpc.timeout.max)
2025-10-10 10:39:44,888 [895d447a-5476-42e4-b2fa-6eb687701d46@group-6EF60CB14872-LeaderElection212] INFO  server.RaftServerConfigKeys (ConfUtils.java:logGet(62)) - raft.server.write.byte-limit = 1024 M (=1073741824) (custom)
2025-10-10 10:39:44,889 [895d447a-5476-42e4-b2fa-6eb687701d46@group-6EF60CB14872-LeaderElection212] INFO  server.RaftServerConfigKeys (ConfUtils.java:logGet(62)) - raft.server.log.appender.buffer.byte-limit = 33554432 (custom)
2025-10-10 10:39:44,890 [895d447a-5476-42e4-b2fa-6eb687701d46@group-6EF60CB14872-LeaderElection212] INFO  server.RaftServerConfigKeys (ConfUtils.java:logGet(62)) - raft.server.log.appender.buffer.byte-limit = 33554432 (custom)
2025-10-10 10:39:44,890 [895d447a-5476-42e4-b2fa-6eb687701d46@group-6EF60CB14872-LeaderElection212] INFO  impl.RoleInfo (RoleInfo.java:updateAndGet(148)) - 895d447a-5476-42e4-b2fa-6eb687701d46: start 895d447a-5476-42e4-b2fa-6eb687701d46@group-6EF60CB14872-LeaderStateImpl
2025-10-10 10:39:44,890 [895d447a-5476-42e4-b2fa-6eb687701d46@group-6EF60CB14872-LeaderElection212] INFO  server.RaftServer$Division (RaftServerImpl.java:setFirstElection(576)) - 895d447a-5476-42e4-b2fa-6eb687701d46@group-6EF60CB14872: set firstElectionSinceStartup to false for becomeLeader
2025-10-10 10:39:44,890 [895d447a-5476-42e4-b2fa-6eb687701d46@group-6EF60CB14872-LeaderElection212] INFO  ratis.XceiverServerRatis (XceiverServerRatis.java:handleLeaderChangedNotification(940)) - Leader change notification received for group: group-6EF60CB14872 with new leaderId: 895d447a-5476-42e4-b2fa-6eb687701d46
2025-10-10 10:39:44,890 [895d447a-5476-42e4-b2fa-6eb687701d46@group-6EF60CB14872-LeaderElection212] INFO  server.RaftServer$Division (ServerState.java:setLeader(272)) - 895d447a-5476-42e4-b2fa-6eb687701d46@group-6EF60CB14872: change Leader from null to 895d447a-5476-42e4-b2fa-6eb687701d46 at term 3 for becomeLeader, leader elected after 1833ms
2025-10-10 10:39:44,890 [895d447a-5476-42e4-b2fa-6eb687701d46@group-6EF60CB14872-LeaderElection212] INFO  segmented.SegmentedRaftLogWorker (SegmentedRaftLogWorker.java:rollLogSegment(445)) - 895d447a-5476-42e4-b2fa-6eb687701d46@group-6EF60CB14872-SegmentedRaftLogWorker: Rolling segment log-7_8 to index:8
2025-10-10 10:39:44,890 [895d447a-5476-42e4-b2fa-6eb687701d46@group-6EF60CB14872-LeaderElection212] INFO  server.RaftServer$Division (ServerState.java:setRaftConf(386)) - 895d447a-5476-42e4-b2fa-6eb687701d46@group-6EF60CB14872: set configuration conf: {index: 9, cur=peers:[aa9634f0-8836-44d6-bc05-5b19fbdd93d5|127.0.0.1:15063, 36185c6b-22ce-45d1-a622-3a6b487a5a53|127.0.0.1:15071, 895d447a-5476-42e4-b2fa-6eb687701d46|127.0.0.1:15079]|listeners:[], old=null}
2025-10-10 10:39:44,891 [895d447a-5476-42e4-b2fa-6eb687701d46@group-6EF60CB14872-SegmentedRaftLogWorker] INFO  segmented.SegmentedRaftLogWorker (SegmentedRaftLogWorker.java:execute(604)) - 895d447a-5476-42e4-b2fa-6eb687701d46@group-6EF60CB14872-SegmentedRaftLogWorker: Rolled log segment from /home/runner/work/ozone/ozone/hadoop-ozone/integration-test/target/test-dir/MiniOzoneClusterImpl-611c99c7-d47b-4433-a4ef-cd0a35b076ef/ozone-metadata/datanode-9/ratis/56f6ef43-c50c-4d35-89b5-6ef60cb14872/current/log_inprogress_7 to /home/runner/work/ozone/ozone/hadoop-ozone/integration-test/target/test-dir/MiniOzoneClusterImpl-611c99c7-d47b-4433-a4ef-cd0a35b076ef/ozone-metadata/datanode-9/ratis/56f6ef43-c50c-4d35-89b5-6ef60cb14872/current/log_7-8
2025-10-10 10:39:44,891 [895d447a-5476-42e4-b2fa-6eb687701d46@group-6EF60CB14872-SegmentedRaftLogWorker] INFO  segmented.BufferedWriteChannel (BufferedWriteChannel.java:open(61)) - open log_inprogress_9 at position 0
2025-10-10 10:39:44,895 [grpc-default-executor-4] INFO  ratis.XceiverServerRatis (XceiverServerRatis.java:handleLeaderChangedNotification(940)) - Leader change notification received for group: group-6EF60CB14872 with new leaderId: 895d447a-5476-42e4-b2fa-6eb687701d46
2025-10-10 10:39:44,895 [grpc-default-executor-4] INFO  server.RaftServer$Division (ServerState.java:setLeader(272)) - 36185c6b-22ce-45d1-a622-3a6b487a5a53@group-6EF60CB14872: change Leader from null to 895d447a-5476-42e4-b2fa-6eb687701d46 at term 3 for appendEntries, leader elected after 2066ms
2025-10-10 10:39:44,895 [grpc-default-executor-4] INFO  server.RaftServer$Division (RaftServerImpl.java:checkInconsistentAppendEntries(1673)) - 36185c6b-22ce-45d1-a622-3a6b487a5a53@group-6EF60CB14872: Failed appendEntries as previous log entry ((t:2, i:8)) is not found
2025-10-10 10:39:44,895 [grpc-default-executor-4] INFO  server.RaftServer$Division (RaftServerImpl.java:appendEntriesAsync(1594)) - 36185c6b-22ce-45d1-a622-3a6b487a5a53@group-6EF60CB14872: appendEntries* reply 895d447a-5476-42e4-b2fa-6eb687701d46<-36185c6b-22ce-45d1-a622-3a6b487a5a53#0:FAIL-t3,INCONSISTENCY,nextIndex=7,followerCommit=6,matchIndex=-1
2025-10-10 10:39:44,896 [grpc-default-executor-8] INFO  ratis.XceiverServerRatis (XceiverServerRatis.java:handleLeaderChangedNotification(940)) - Leader change notification received for group: group-6EF60CB14872 with new leaderId: 895d447a-5476-42e4-b2fa-6eb687701d46
2025-10-10 10:39:44,896 [grpc-default-executor-8] INFO  server.RaftServer$Division (ServerState.java:setLeader(272)) - aa9634f0-8836-44d6-bc05-5b19fbdd93d5@group-6EF60CB14872: change Leader from null to 895d447a-5476-42e4-b2fa-6eb687701d46 at term 3 for appendEntries, leader elected after 36346ms
2025-10-10 10:39:44,897 [grpc-default-executor-4] INFO  server.RaftServer$Division (ServerState.java:setRaftConf(386)) - aa9634f0-8836-44d6-bc05-5b19fbdd93d5@group-6EF60CB14872: set configuration conf: {index: 9, cur=peers:[aa9634f0-8836-44d6-bc05-5b19fbdd93d5|127.0.0.1:15063, 36185c6b-22ce-45d1-a622-3a6b487a5a53|127.0.0.1:15071, 895d447a-5476-42e4-b2fa-6eb687701d46|127.0.0.1:15079]|listeners:[], old=null}
2025-10-10 10:39:44,897 [grpc-default-executor-4] INFO  segmented.SegmentedRaftLogWorker (SegmentedRaftLogWorker.java:rollLogSegment(445)) - aa9634f0-8836-44d6-bc05-5b19fbdd93d5@group-6EF60CB14872-SegmentedRaftLogWorker: Rolling segment log-7_8 to index:8
2025-10-10 10:39:44,897 [grpc-default-executor-7] WARN  server.GrpcLogAppender (GrpcLogAppender.java:lambda$onNextImpl$0(527)) - 895d447a-5476-42e4-b2fa-6eb687701d46@group-6EF60CB14872->36185c6b-22ce-45d1-a622-3a6b487a5a53-AppendLogResponseHandler: received INCONSISTENCY reply with nextIndex 7, errorCount=1, request=AppendEntriesRequest:cid=0,entriesCount=0 
2025-10-10 10:39:44,897 [grpc-default-executor-7] INFO  leader.FollowerInfo (FollowerInfoImpl.java:info(70)) - 895d447a-5476-42e4-b2fa-6eb687701d46@group-6EF60CB14872->36185c6b-22ce-45d1-a622-3a6b487a5a53: setNextIndex nextIndex: updateUnconditionally 10 -> 7
2025-10-10 10:39:44,898 [grpc-default-executor-7] INFO  server.RaftServer$Division (RaftServerImpl.java:checkInconsistentAppendEntries(1673)) - 36185c6b-22ce-45d1-a622-3a6b487a5a53@group-6EF60CB14872: Failed appendEntries as previous log entry ((t:2, i:8)) is not found
2025-10-10 10:39:44,898 [grpc-default-executor-7] INFO  server.RaftServer$Division (RaftServerImpl.java:appendEntriesAsync(1594)) - 36185c6b-22ce-45d1-a622-3a6b487a5a53@group-6EF60CB14872: appendEntries* reply 895d447a-5476-42e4-b2fa-6eb687701d46<-36185c6b-22ce-45d1-a622-3a6b487a5a53#1:FAIL-t3,INCONSISTENCY,nextIndex=7,followerCommit=6,matchIndex=-1
2025-10-10 10:39:44,898 [aa9634f0-8836-44d6-bc05-5b19fbdd93d5@group-6EF60CB14872-SegmentedRaftLogWorker] INFO  segmented.SegmentedRaftLogWorker (SegmentedRaftLogWorker.java:execute(604)) - aa9634f0-8836-44d6-bc05-5b19fbdd93d5@group-6EF60CB14872-SegmentedRaftLogWorker: Rolled log segment from /home/runner/work/ozone/ozone/hadoop-ozone/integration-test/target/test-dir/MiniOzoneClusterImpl-611c99c7-d47b-4433-a4ef-cd0a35b076ef/ozone-metadata/datanode-7/ratis/56f6ef43-c50c-4d35-89b5-6ef60cb14872/current/log_inprogress_7 to /home/runner/work/ozone/ozone/hadoop-ozone/integration-test/target/test-dir/MiniOzoneClusterImpl-611c99c7-d47b-4433-a4ef-cd0a35b076ef/ozone-metadata/datanode-7/ratis/56f6ef43-c50c-4d35-89b5-6ef60cb14872/current/log_7-8
2025-10-10 10:39:44,898 [grpc-default-executor-7] INFO  server.RaftServer$Division (ServerState.java:setRaftConf(386)) - 36185c6b-22ce-45d1-a622-3a6b487a5a53@group-6EF60CB14872: set configuration conf: {index: 7, cur=peers:[aa9634f0-8836-44d6-bc05-5b19fbdd93d5|127.0.0.1:15063, 36185c6b-22ce-45d1-a622-3a6b487a5a53|127.0.0.1:15071, 895d447a-5476-42e4-b2fa-6eb687701d46|127.0.0.1:15079]|listeners:[], old=null}
2025-10-10 10:39:44,899 [grpc-default-executor-7] INFO  server.RaftServer$Division (ServerState.java:setRaftConf(386)) - 36185c6b-22ce-45d1-a622-3a6b487a5a53@group-6EF60CB14872: set configuration conf: {index: 9, cur=peers:[aa9634f0-8836-44d6-bc05-5b19fbdd93d5|127.0.0.1:15063, 36185c6b-22ce-45d1-a622-3a6b487a5a53|127.0.0.1:15071, 895d447a-5476-42e4-b2fa-6eb687701d46|127.0.0.1:15079]|listeners:[], old=null}
2025-10-10 10:39:44,899 [grpc-default-executor-7] INFO  segmented.SegmentedRaftLogWorker (SegmentedRaftLogWorker.java:rollLogSegment(445)) - 36185c6b-22ce-45d1-a622-3a6b487a5a53@group-6EF60CB14872-SegmentedRaftLogWorker: Rolling segment log-0_6 to index:6
2025-10-10 10:39:44,899 [aa9634f0-8836-44d6-bc05-5b19fbdd93d5@group-6EF60CB14872-SegmentedRaftLogWorker] INFO  segmented.BufferedWriteChannel (BufferedWriteChannel.java:open(61)) - open log_inprogress_9 at position 0
2025-10-10 10:39:44,899 [grpc-default-executor-7] INFO  segmented.SegmentedRaftLogWorker (SegmentedRaftLogWorker.java:rollLogSegment(445)) - 36185c6b-22ce-45d1-a622-3a6b487a5a53@group-6EF60CB14872-SegmentedRaftLogWorker: Rolling segment log-7_8 to index:8
2025-10-10 10:39:44,899 [895d447a-5476-42e4-b2fa-6eb687701d46@group-6EF60CB14872-SegmentedRaftLogWorker] INFO  segmented.SegmentedRaftLogWorker (SegmentedRaftLogWorker.java:execute(647)) - 895d447a-5476-42e4-b2fa-6eb687701d46@group-6EF60CB14872-SegmentedRaftLogWorker: created new log segment /home/runner/work/ozone/ozone/hadoop-ozone/integration-test/target/test-dir/MiniOzoneClusterImpl-611c99c7-d47b-4433-a4ef-cd0a35b076ef/ozone-metadata/datanode-9/ratis/56f6ef43-c50c-4d35-89b5-6ef60cb14872/current/log_inprogress_9
2025-10-10 10:39:44,899 [grpc-default-executor-4] INFO  leader.FollowerInfo (FollowerInfoImpl.java:info(70)) - 895d447a-5476-42e4-b2fa-6eb687701d46@group-6EF60CB14872->36185c6b-22ce-45d1-a622-3a6b487a5a53: setNextIndex nextIndex: updateUnconditionally 10 -> 7
2025-10-10 10:39:44,900 [36185c6b-22ce-45d1-a622-3a6b487a5a53@group-6EF60CB14872-SegmentedRaftLogWorker] INFO  segmented.SegmentedRaftLogWorker (SegmentedRaftLogWorker.java:execute(604)) - 36185c6b-22ce-45d1-a622-3a6b487a5a53@group-6EF60CB14872-SegmentedRaftLogWorker: Rolled log segment from /home/runner/work/ozone/ozone/hadoop-ozone/integration-test/target/test-dir/MiniOzoneClusterImpl-611c99c7-d47b-4433-a4ef-cd0a35b076ef/ozone-metadata/datanode-8/ratis/56f6ef43-c50c-4d35-89b5-6ef60cb14872/current/log_inprogress_0 to /home/runner/work/ozone/ozone/hadoop-ozone/integration-test/target/test-dir/MiniOzoneClusterImpl-611c99c7-d47b-4433-a4ef-cd0a35b076ef/ozone-metadata/datanode-8/ratis/56f6ef43-c50c-4d35-89b5-6ef60cb14872/current/log_0-6
2025-10-10 10:39:44,901 [36185c6b-22ce-45d1-a622-3a6b487a5a53@group-6EF60CB14872-SegmentedRaftLogWorker] INFO  segmented.BufferedWriteChannel (BufferedWriteChannel.java:open(61)) - open log_inprogress_7 at position 0
2025-10-10 10:39:44,901 [grpc-default-executor-4] INFO  server.RaftServer$Division (ServerState.java:setRaftConf(386)) - 36185c6b-22ce-45d1-a622-3a6b487a5a53@group-6EF60CB14872: set configuration conf: {index: 7, cur=peers:[aa9634f0-8836-44d6-bc05-5b19fbdd93d5|127.0.0.1:15063, 36185c6b-22ce-45d1-a622-3a6b487a5a53|127.0.0.1:15071, 895d447a-5476-42e4-b2fa-6eb687701d46|127.0.0.1:15079]|listeners:[], old=null}
2025-10-10 10:39:44,901 [grpc-default-executor-4] INFO  server.RaftServer$Division (ServerState.java:setRaftConf(386)) - 36185c6b-22ce-45d1-a622-3a6b487a5a53@group-6EF60CB14872: set configuration conf: {index: 9, cur=peers:[aa9634f0-8836-44d6-bc05-5b19fbdd93d5|127.0.0.1:15063, 36185c6b-22ce-45d1-a622-3a6b487a5a53|127.0.0.1:15071, 895d447a-5476-42e4-b2fa-6eb687701d46|127.0.0.1:15079]|listeners:[], old=null}
2025-10-10 10:39:44,905 [aa9634f0-8836-44d6-bc05-5b19fbdd93d5@group-6EF60CB14872-SegmentedRaftLogWorker] INFO  segmented.SegmentedRaftLogWorker (SegmentedRaftLogWorker.java:execute(647)) - aa9634f0-8836-44d6-bc05-5b19fbdd93d5@group-6EF60CB14872-SegmentedRaftLogWorker: created new log segment /home/runner/work/ozone/ozone/hadoop-ozone/integration-test/target/test-dir/MiniOzoneClusterImpl-611c99c7-d47b-4433-a4ef-cd0a35b076ef/ozone-metadata/datanode-7/ratis/56f6ef43-c50c-4d35-89b5-6ef60cb14872/current/log_inprogress_9
2025-10-10 10:39:44,907 [36185c6b-22ce-45d1-a622-3a6b487a5a53@group-6EF60CB14872-SegmentedRaftLogWorker] INFO  segmented.SegmentedRaftLogWorker (SegmentedRaftLogWorker.java:execute(647)) - 36185c6b-22ce-45d1-a622-3a6b487a5a53@group-6EF60CB14872-SegmentedRaftLogWorker: created new log segment /home/runner/work/ozone/ozone/hadoop-ozone/integration-test/target/test-dir/MiniOzoneClusterImpl-611c99c7-d47b-4433-a4ef-cd0a35b076ef/ozone-metadata/datanode-8/ratis/56f6ef43-c50c-4d35-89b5-6ef60cb14872/current/log_inprogress_7
2025-10-10 10:39:44,908 [895d447a-5476-42e4-b2fa-6eb687701d46@group-6EF60CB14872-StateMachineUpdater] INFO  server.RaftServer$Division (LeaderStateImpl.java:checkStartIndex(309)) - Leader 895d447a-5476-42e4-b2fa-6eb687701d46@group-6EF60CB14872-LeaderStateImpl is ready since appliedIndex == startIndex == 9
2025-10-10 10:39:44,909 [36185c6b-22ce-45d1-a622-3a6b487a5a53@group-6EF60CB14872-SegmentedRaftLogWorker] INFO  segmented.SegmentedRaftLogWorker (SegmentedRaftLogWorker.java:execute(604)) - 36185c6b-22ce-45d1-a622-3a6b487a5a53@group-6EF60CB14872-SegmentedRaftLogWorker: Rolled log segment from /home/runner/work/ozone/ozone/hadoop-ozone/integration-test/target/test-dir/MiniOzoneClusterImpl-611c99c7-d47b-4433-a4ef-cd0a35b076ef/ozone-metadata/datanode-8/ratis/56f6ef43-c50c-4d35-89b5-6ef60cb14872/current/log_inprogress_7 to /home/runner/work/ozone/ozone/hadoop-ozone/integration-test/target/test-dir/MiniOzoneClusterImpl-611c99c7-d47b-4433-a4ef-cd0a35b076ef/ozone-metadata/datanode-8/ratis/56f6ef43-c50c-4d35-89b5-6ef60cb14872/current/log_7-8
2025-10-10 10:39:44,909 [36185c6b-22ce-45d1-a622-3a6b487a5a53@group-6EF60CB14872-SegmentedRaftLogWorker] INFO  segmented.BufferedWriteChannel (BufferedWriteChannel.java:open(61)) - open log_inprogress_9 at position 0
2025-10-10 10:39:44,914 [36185c6b-22ce-45d1-a622-3a6b487a5a53@group-6EF60CB14872-SegmentedRaftLogWorker] INFO  segmented.SegmentedRaftLogWorker (SegmentedRaftLogWorker.java:execute(647)) - 36185c6b-22ce-45d1-a622-3a6b487a5a53@group-6EF60CB14872-SegmentedRaftLogWorker: created new log segment /home/runner/work/ozone/ozone/hadoop-ozone/integration-test/target/test-dir/MiniOzoneClusterImpl-611c99c7-d47b-4433-a4ef-cd0a35b076ef/ozone-metadata/datanode-8/ratis/56f6ef43-c50c-4d35-89b5-6ef60cb14872/current/log_inprogress_9
2025-10-10 10:39:45,688 [36185c6b-22ce-45d1-a622-3a6b487a5a53@group-813C05265458-FollowerState] INFO  impl.FollowerState (FollowerState.java:runImpl(161)) - 36185c6b-22ce-45d1-a622-3a6b487a5a53@group-813C05265458-FollowerState: change to CANDIDATE, lastRpcElapsedTime:1084353494ns, electionTimeout:1084ms
2025-10-10 10:39:45,688 [36185c6b-22ce-45d1-a622-3a6b487a5a53@group-813C05265458-FollowerState] INFO  impl.RoleInfo (RoleInfo.java:shutdownFollowerState(121)) - 36185c6b-22ce-45d1-a622-3a6b487a5a53: shutdown 36185c6b-22ce-45d1-a622-3a6b487a5a53@group-813C05265458-FollowerState
2025-10-10 10:39:45,688 [36185c6b-22ce-45d1-a622-3a6b487a5a53@group-813C05265458-FollowerState] INFO  server.RaftServer$Division (RaftServerImpl.java:setRole(392)) - 36185c6b-22ce-45d1-a622-3a6b487a5a53@group-813C05265458: changes role from  FOLLOWER to CANDIDATE at term 1 for changeToCandidate
2025-10-10 10:39:45,688 [36185c6b-22ce-45d1-a622-3a6b487a5a53@group-813C05265458-FollowerState] INFO  impl.RoleInfo (RoleInfo.java:updateAndGet(148)) - 36185c6b-22ce-45d1-a622-3a6b487a5a53: start 36185c6b-22ce-45d1-a622-3a6b487a5a53@group-813C05265458-LeaderElection213
2025-10-10 10:39:45,688 [36185c6b-22ce-45d1-a622-3a6b487a5a53@group-813C05265458-LeaderElection213] INFO  impl.LeaderElection (LeaderElection.java:askForVotes(448)) - 36185c6b-22ce-45d1-a622-3a6b487a5a53@group-813C05265458-LeaderElection213 PRE_VOTE round 0: submit vote requests at term 1 for conf: {index: 0, cur=peers:[aa9634f0-8836-44d6-bc05-5b19fbdd93d5|127.0.0.1:15063, 36185c6b-22ce-45d1-a622-3a6b487a5a53|127.0.0.1:15071, 895d447a-5476-42e4-b2fa-6eb687701d46|127.0.0.1:15079]|listeners:[], old=null}
2025-10-10 10:39:45,690 [grpc-default-executor-4] INFO  server.RaftServer$Division (RaftServerImpl.java:requestVote(1421)) - aa9634f0-8836-44d6-bc05-5b19fbdd93d5@group-813C05265458: receive requestVote(PRE_VOTE, 36185c6b-22ce-45d1-a622-3a6b487a5a53, group-813C05265458, 1, (t:1, i:0))
2025-10-10 10:39:45,690 [grpc-default-executor-7] INFO  server.RaftServer$Division (RaftServerImpl.java:requestVote(1421)) - 895d447a-5476-42e4-b2fa-6eb687701d46@group-813C05265458: receive requestVote(PRE_VOTE, 36185c6b-22ce-45d1-a622-3a6b487a5a53, group-813C05265458, 1, (t:1, i:0))
2025-10-10 10:39:45,690 [grpc-default-executor-4] INFO  impl.VoteContext (VoteContext.java:log(49)) - aa9634f0-8836-44d6-bc05-5b19fbdd93d5@group-813C05265458-FOLLOWER: reject PRE_VOTE from 36185c6b-22ce-45d1-a622-3a6b487a5a53: our priority 1 > candidate's priority 0
2025-10-10 10:39:45,690 [grpc-default-executor-7] INFO  impl.VoteContext (VoteContext.java:log(49)) - 895d447a-5476-42e4-b2fa-6eb687701d46@group-813C05265458-FOLLOWER: accept PRE_VOTE from 36185c6b-22ce-45d1-a622-3a6b487a5a53: our priority 0 <= candidate's priority 0
2025-10-10 10:39:45,690 [grpc-default-executor-4] INFO  server.RaftServer$Division (RaftServerImpl.java:requestVote(1455)) - aa9634f0-8836-44d6-bc05-5b19fbdd93d5@group-813C05265458 replies to PRE_VOTE vote request: 36185c6b-22ce-45d1-a622-3a6b487a5a53<-aa9634f0-8836-44d6-bc05-5b19fbdd93d5#0:FAIL-t1-last:(t:1, i:0). Peer's state: aa9634f0-8836-44d6-bc05-5b19fbdd93d5@group-813C05265458:t1, leader=null, voted=aa9634f0-8836-44d6-bc05-5b19fbdd93d5, raftlog=Memoized:aa9634f0-8836-44d6-bc05-5b19fbdd93d5@group-813C05265458-SegmentedRaftLog:OPENED:c0:last(t:1, i:0), conf=conf: {index: 0, cur=peers:[aa9634f0-8836-44d6-bc05-5b19fbdd93d5|127.0.0.1:15063, 36185c6b-22ce-45d1-a622-3a6b487a5a53|127.0.0.1:15071, 895d447a-5476-42e4-b2fa-6eb687701d46|127.0.0.1:15079]|listeners:[], old=null}
2025-10-10 10:39:45,690 [grpc-default-executor-7] INFO  server.RaftServer$Division (RaftServerImpl.java:requestVote(1455)) - 895d447a-5476-42e4-b2fa-6eb687701d46@group-813C05265458 replies to PRE_VOTE vote request: 36185c6b-22ce-45d1-a622-3a6b487a5a53<-895d447a-5476-42e4-b2fa-6eb687701d46#0:OK-t1-last:(t:1, i:0). Peer's state: 895d447a-5476-42e4-b2fa-6eb687701d46@group-813C05265458:t1, leader=null, voted=aa9634f0-8836-44d6-bc05-5b19fbdd93d5, raftlog=Memoized:895d447a-5476-42e4-b2fa-6eb687701d46@group-813C05265458-SegmentedRaftLog:OPENED:c0:last(t:1, i:0), conf=conf: {index: 0, cur=peers:[aa9634f0-8836-44d6-bc05-5b19fbdd93d5|127.0.0.1:15063, 36185c6b-22ce-45d1-a622-3a6b487a5a53|127.0.0.1:15071, 895d447a-5476-42e4-b2fa-6eb687701d46|127.0.0.1:15079]|listeners:[], old=null}
2025-10-10 10:39:45,690 [36185c6b-22ce-45d1-a622-3a6b487a5a53@group-813C05265458-LeaderElection213] INFO  impl.LeaderElection (LeaderElection.java:logAndReturn(206)) - 36185c6b-22ce-45d1-a622-3a6b487a5a53@group-813C05265458-LeaderElection213: PRE_VOTE REJECTED received 2 response(s) and 0 exception(s):
2025-10-10 10:39:45,690 [36185c6b-22ce-45d1-a622-3a6b487a5a53@group-813C05265458-LeaderElection213] INFO  impl.LeaderElection (LeaderElection.java:logAndReturn(210)) -   Response 0: 36185c6b-22ce-45d1-a622-3a6b487a5a53<-aa9634f0-8836-44d6-bc05-5b19fbdd93d5#0:FAIL-t1-last:(t:1, i:0)
2025-10-10 10:39:45,691 [36185c6b-22ce-45d1-a622-3a6b487a5a53@group-813C05265458-LeaderElection213] INFO  impl.LeaderElection (LeaderElection.java:logAndReturn(210)) -   Response 1: 36185c6b-22ce-45d1-a622-3a6b487a5a53<-895d447a-5476-42e4-b2fa-6eb687701d46#0:OK-t1-last:(t:1, i:0)
2025-10-10 10:39:45,691 [36185c6b-22ce-45d1-a622-3a6b487a5a53@group-813C05265458-LeaderElection213] INFO  impl.LeaderElection (LeaderElection.java:askForVotes(450)) - 36185c6b-22ce-45d1-a622-3a6b487a5a53@group-813C05265458-LeaderElection213 PRE_VOTE round 0: result REJECTED
2025-10-10 10:39:45,691 [36185c6b-22ce-45d1-a622-3a6b487a5a53@group-813C05265458-LeaderElection213] INFO  server.RaftServer$Division (RaftServerImpl.java:setRole(392)) - 36185c6b-22ce-45d1-a622-3a6b487a5a53@group-813C05265458: changes role from CANDIDATE to FOLLOWER at term 1 for REJECTED
2025-10-10 10:39:45,691 [36185c6b-22ce-45d1-a622-3a6b487a5a53@group-813C05265458-LeaderElection213] INFO  impl.RoleInfo (RoleInfo.java:shutdownLeaderElection(141)) - 36185c6b-22ce-45d1-a622-3a6b487a5a53: shutdown 36185c6b-22ce-45d1-a622-3a6b487a5a53@group-813C05265458-LeaderElection213
2025-10-10 10:39:45,691 [36185c6b-22ce-45d1-a622-3a6b487a5a53@group-813C05265458-LeaderElection213] INFO  impl.RoleInfo (RoleInfo.java:updateAndGet(148)) - 36185c6b-22ce-45d1-a622-3a6b487a5a53: start 36185c6b-22ce-45d1-a622-3a6b487a5a53@group-813C05265458-FollowerState
2025-10-10 10:39:45,878 [aa9634f0-8836-44d6-bc05-5b19fbdd93d5@group-813C05265458-FollowerState] INFO  impl.FollowerState (FollowerState.java:runImpl(161)) - aa9634f0-8836-44d6-bc05-5b19fbdd93d5@group-813C05265458-FollowerState: change to CANDIDATE, lastRpcElapsedTime:1046328871ns, electionTimeout:1046ms
2025-10-10 10:39:45,878 [aa9634f0-8836-44d6-bc05-5b19fbdd93d5@group-813C05265458-FollowerState] INFO  impl.RoleInfo (RoleInfo.java:shutdownFollowerState(121)) - aa9634f0-8836-44d6-bc05-5b19fbdd93d5: shutdown aa9634f0-8836-44d6-bc05-5b19fbdd93d5@group-813C05265458-FollowerState
2025-10-10 10:39:45,878 [aa9634f0-8836-44d6-bc05-5b19fbdd93d5@group-813C05265458-FollowerState] INFO  server.RaftServer$Division (RaftServerImpl.java:setRole(392)) - aa9634f0-8836-44d6-bc05-5b19fbdd93d5@group-813C05265458: changes role from  FOLLOWER to CANDIDATE at term 1 for changeToCandidate
2025-10-10 10:39:45,878 [aa9634f0-8836-44d6-bc05-5b19fbdd93d5@group-813C05265458-FollowerState] INFO  impl.RoleInfo (RoleInfo.java:updateAndGet(148)) - aa9634f0-8836-44d6-bc05-5b19fbdd93d5: start aa9634f0-8836-44d6-bc05-5b19fbdd93d5@group-813C05265458-LeaderElection214
2025-10-10 10:39:45,878 [aa9634f0-8836-44d6-bc05-5b19fbdd93d5@group-813C05265458-LeaderElection214] INFO  impl.LeaderElection (LeaderElection.java:askForVotes(448)) - aa9634f0-8836-44d6-bc05-5b19fbdd93d5@group-813C05265458-LeaderElection214 PRE_VOTE round 0: submit vote requests at term 1 for conf: {index: 0, cur=peers:[aa9634f0-8836-44d6-bc05-5b19fbdd93d5|127.0.0.1:15063, 36185c6b-22ce-45d1-a622-3a6b487a5a53|127.0.0.1:15071, 895d447a-5476-42e4-b2fa-6eb687701d46|127.0.0.1:15079]|listeners:[], old=null}
2025-10-10 10:39:45,879 [aa9634f0-8836-44d6-bc05-5b19fbdd93d5@group-813C05265458-LeaderElection214] INFO  impl.LeaderElection (LogUtils.java:infoOrTrace(142)) - aa9634f0-8836-44d6-bc05-5b19fbdd93d5@group-813C05265458-LeaderElection214 got exception when requesting votes: java.util.concurrent.ExecutionException: org.apache.ratis.thirdparty.io.grpc.StatusRuntimeException: UNAVAILABLE: io exception
2025-10-10 10:39:45,879 [aa9634f0-8836-44d6-bc05-5b19fbdd93d5@group-813C05265458-LeaderElection214] INFO  impl.LeaderElection (LogUtils.java:infoOrTrace(142)) - aa9634f0-8836-44d6-bc05-5b19fbdd93d5@group-813C05265458-LeaderElection214 got exception when requesting votes: java.util.concurrent.ExecutionException: org.apache.ratis.thirdparty.io.grpc.StatusRuntimeException: UNAVAILABLE: io exception
2025-10-10 10:39:45,879 [aa9634f0-8836-44d6-bc05-5b19fbdd93d5@group-813C05265458-LeaderElection214] INFO  impl.LeaderElection (LeaderElection.java:logAndReturn(206)) - aa9634f0-8836-44d6-bc05-5b19fbdd93d5@group-813C05265458-LeaderElection214: PRE_VOTE REJECTED received 0 response(s) and 2 exception(s):
2025-10-10 10:39:45,879 [aa9634f0-8836-44d6-bc05-5b19fbdd93d5@group-813C05265458-LeaderElection214] INFO  impl.LeaderElection (LogUtils.java:infoOrTrace(142)) -   Exception 0: java.util.concurrent.ExecutionException: org.apache.ratis.thirdparty.io.grpc.StatusRuntimeException: UNAVAILABLE: io exception
2025-10-10 10:39:45,879 [aa9634f0-8836-44d6-bc05-5b19fbdd93d5@group-813C05265458-LeaderElection214] INFO  impl.LeaderElection (LogUtils.java:infoOrTrace(142)) -   Exception 1: java.util.concurrent.ExecutionException: org.apache.ratis.thirdparty.io.grpc.StatusRuntimeException: UNAVAILABLE: io exception
2025-10-10 10:39:45,879 [aa9634f0-8836-44d6-bc05-5b19fbdd93d5@group-813C05265458-LeaderElection214] INFO  impl.LeaderElection (LeaderElection.java:askForVotes(450)) - aa9634f0-8836-44d6-bc05-5b19fbdd93d5@group-813C05265458-LeaderElection214 PRE_VOTE round 0: result REJECTED
2025-10-10 10:39:45,879 [aa9634f0-8836-44d6-bc05-5b19fbdd93d5@group-813C05265458-LeaderElection214] INFO  server.RaftServer$Division (RaftServerImpl.java:setRole(392)) - aa9634f0-8836-44d6-bc05-5b19fbdd93d5@group-813C05265458: changes role from CANDIDATE to FOLLOWER at term 1 for REJECTED
2025-10-10 10:39:45,879 [aa9634f0-8836-44d6-bc05-5b19fbdd93d5@group-813C05265458-LeaderElection214] INFO  impl.RoleInfo (RoleInfo.java:shutdownLeaderElection(141)) - aa9634f0-8836-44d6-bc05-5b19fbdd93d5: shutdown aa9634f0-8836-44d6-bc05-5b19fbdd93d5@group-813C05265458-LeaderElection214
2025-10-10 10:39:45,879 [aa9634f0-8836-44d6-bc05-5b19fbdd93d5@group-813C05265458-LeaderElection214] INFO  impl.RoleInfo (RoleInfo.java:updateAndGet(148)) - aa9634f0-8836-44d6-bc05-5b19fbdd93d5: start aa9634f0-8836-44d6-bc05-5b19fbdd93d5@group-813C05265458-FollowerState
2025-10-10 10:39:46,115 [895d447a-5476-42e4-b2fa-6eb687701d46@group-6EF60CB14872-LeaderStateImpl] INFO  impl.TransferLeadership (TransferLeadership.java:tryTransferLeadership(258)) - 895d447a-5476-42e4-b2fa-6eb687701d46@group-6EF60CB14872: start transferring leadership to 36185c6b-22ce-45d1-a622-3a6b487a5a53
2025-10-10 10:39:46,115 [895d447a-5476-42e4-b2fa-6eb687701d46@group-6EF60CB14872-LeaderStateImpl] INFO  impl.TransferLeadership (TransferLeadership.java:sendStartLeaderElection(210)) - 895d447a-5476-42e4-b2fa-6eb687701d46@group-6EF60CB14872: sendStartLeaderElection to follower 36185c6b-22ce-45d1-a622-3a6b487a5a53, lastEntry=(t:3, i:10)
2025-10-10 10:39:46,115 [895d447a-5476-42e4-b2fa-6eb687701d46@group-6EF60CB14872-LeaderStateImpl] INFO  impl.TransferLeadership (TransferLeadership.java:tryTransferLeadership(266)) - 895d447a-5476-42e4-b2fa-6eb687701d46@group-6EF60CB14872: SUCCESS sent StartLeaderElection to transferee 36185c6b-22ce-45d1-a622-3a6b487a5a53 immediately as it already has up-to-date log
2025-10-10 10:39:46,117 [grpc-default-executor-7] INFO  impl.RoleInfo (RoleInfo.java:shutdownFollowerState(121)) - 36185c6b-22ce-45d1-a622-3a6b487a5a53: shutdown 36185c6b-22ce-45d1-a622-3a6b487a5a53@group-6EF60CB14872-FollowerState
2025-10-10 10:39:46,117 [grpc-default-executor-7] INFO  server.RaftServer$Division (RaftServerImpl.java:setRole(392)) - 36185c6b-22ce-45d1-a622-3a6b487a5a53@group-6EF60CB14872: changes role from  FOLLOWER to CANDIDATE at term 3 for changeToCandidate
2025-10-10 10:39:46,117 [36185c6b-22ce-45d1-a622-3a6b487a5a53@group-6EF60CB14872-FollowerState] INFO  impl.FollowerState (FollowerState.java:runImpl(170)) - 36185c6b-22ce-45d1-a622-3a6b487a5a53@group-6EF60CB14872-FollowerState was interrupted
2025-10-10 10:39:46,117 [grpc-default-executor-7] INFO  server.RaftServer$Division (ServerState.java:setLeader(272)) - 36185c6b-22ce-45d1-a622-3a6b487a5a53@group-6EF60CB14872: change Leader from 895d447a-5476-42e4-b2fa-6eb687701d46 to null at term 3 for ELECTION
2025-10-10 10:39:46,118 [grpc-default-executor-7] INFO  impl.RoleInfo (RoleInfo.java:updateAndGet(148)) - 36185c6b-22ce-45d1-a622-3a6b487a5a53: start 36185c6b-22ce-45d1-a622-3a6b487a5a53@group-6EF60CB14872-LeaderElection215
2025-10-10 10:39:46,118 [36185c6b-22ce-45d1-a622-3a6b487a5a53@group-6EF60CB14872-LeaderElection215] INFO  impl.LeaderElection (LeaderElection.java:askForVotes(448)) - 36185c6b-22ce-45d1-a622-3a6b487a5a53@group-6EF60CB14872-LeaderElection215 ELECTION round 0: submit vote requests at term 4 for conf: {index: 9, cur=peers:[aa9634f0-8836-44d6-bc05-5b19fbdd93d5|127.0.0.1:15063, 36185c6b-22ce-45d1-a622-3a6b487a5a53|127.0.0.1:15071, 895d447a-5476-42e4-b2fa-6eb687701d46|127.0.0.1:15079]|listeners:[], old=null}
2025-10-10 10:39:46,119 [895d447a-5476-42e4-b2fa-6eb687701d46-server-thread1] INFO  impl.TransferLeadership (TransferLeadership.java:lambda$sendStartLeaderElection$2(224)) - 895d447a-5476-42e4-b2fa-6eb687701d46@group-6EF60CB14872: Received startLeaderElection reply from 36185c6b-22ce-45d1-a622-3a6b487a5a53: success? true
2025-10-10 10:39:46,119 [grpc-default-executor-7] INFO  server.RaftServer$Division (RaftServerImpl.java:requestVote(1421)) - aa9634f0-8836-44d6-bc05-5b19fbdd93d5@group-6EF60CB14872: receive requestVote(ELECTION, 36185c6b-22ce-45d1-a622-3a6b487a5a53, group-6EF60CB14872, 4, (t:3, i:10))
2025-10-10 10:39:46,119 [grpc-default-executor-7] INFO  impl.VoteContext (VoteContext.java:log(49)) - aa9634f0-8836-44d6-bc05-5b19fbdd93d5@group-6EF60CB14872-FOLLOWER: accept ELECTION from 36185c6b-22ce-45d1-a622-3a6b487a5a53: our priority 0 <= candidate's priority 1
2025-10-10 10:39:46,120 [grpc-default-executor-7] INFO  server.RaftServer$Division (RaftServerImpl.java:setRole(392)) - aa9634f0-8836-44d6-bc05-5b19fbdd93d5@group-6EF60CB14872: changes role from  FOLLOWER to FOLLOWER at term 3 for candidate:36185c6b-22ce-45d1-a622-3a6b487a5a53
2025-10-10 10:39:46,120 [grpc-default-executor-7] INFO  impl.RoleInfo (RoleInfo.java:shutdownFollowerState(121)) - aa9634f0-8836-44d6-bc05-5b19fbdd93d5: shutdown aa9634f0-8836-44d6-bc05-5b19fbdd93d5@group-6EF60CB14872-FollowerState
2025-10-10 10:39:46,120 [grpc-default-executor-7] INFO  server.RaftServer$Division (ServerState.java:setLeader(272)) - aa9634f0-8836-44d6-bc05-5b19fbdd93d5@group-6EF60CB14872: change Leader from 895d447a-5476-42e4-b2fa-6eb687701d46 to null at term 4 for updateCurrentTerm
2025-10-10 10:39:46,120 [grpc-default-executor-7] INFO  impl.RoleInfo (RoleInfo.java:updateAndGet(148)) - aa9634f0-8836-44d6-bc05-5b19fbdd93d5: start aa9634f0-8836-44d6-bc05-5b19fbdd93d5@group-6EF60CB14872-FollowerState
2025-10-10 10:39:46,120 [aa9634f0-8836-44d6-bc05-5b19fbdd93d5@group-6EF60CB14872-FollowerState] INFO  impl.FollowerState (FollowerState.java:runImpl(170)) - aa9634f0-8836-44d6-bc05-5b19fbdd93d5@group-6EF60CB14872-FollowerState was interrupted
2025-10-10 10:39:46,120 [grpc-default-executor-4] INFO  server.RaftServer$Division (RaftServerImpl.java:requestVote(1421)) - 895d447a-5476-42e4-b2fa-6eb687701d46@group-6EF60CB14872: receive requestVote(ELECTION, 36185c6b-22ce-45d1-a622-3a6b487a5a53, group-6EF60CB14872, 4, (t:3, i:10))
2025-10-10 10:39:46,120 [grpc-default-executor-4] INFO  impl.VoteContext (VoteContext.java:log(49)) - 895d447a-5476-42e4-b2fa-6eb687701d46@group-6EF60CB14872-LEADER: accept ELECTION from 36185c6b-22ce-45d1-a622-3a6b487a5a53: our priority 0 <= candidate's priority 1
2025-10-10 10:39:46,120 [grpc-default-executor-4] INFO  server.RaftServer$Division (RaftServerImpl.java:setRole(392)) - 895d447a-5476-42e4-b2fa-6eb687701d46@group-6EF60CB14872: changes role from    LEADER to FOLLOWER at term 3 for candidate:36185c6b-22ce-45d1-a622-3a6b487a5a53
2025-10-10 10:39:46,121 [grpc-default-executor-4] INFO  impl.RoleInfo (RoleInfo.java:shutdownLeaderState(103)) - 895d447a-5476-42e4-b2fa-6eb687701d46: shutdown 895d447a-5476-42e4-b2fa-6eb687701d46@group-6EF60CB14872-LeaderStateImpl
2025-10-10 10:39:46,121 [895d447a-5476-42e4-b2fa-6eb687701d46@group-6EF60CB14872->36185c6b-22ce-45d1-a622-3a6b487a5a53-GrpcLogAppender-LogAppenderDaemon] WARN  server.GrpcLogAppender (GrpcLogAppender.java:mayWait(300)) - 895d447a-5476-42e4-b2fa-6eb687701d46@group-6EF60CB14872->36185c6b-22ce-45d1-a622-3a6b487a5a53-GrpcLogAppender: Wait interrupted by java.lang.InterruptedException
2025-10-10 10:39:46,121 [895d447a-5476-42e4-b2fa-6eb687701d46@group-6EF60CB14872->aa9634f0-8836-44d6-bc05-5b19fbdd93d5-GrpcLogAppender-LogAppenderDaemon] WARN  server.GrpcLogAppender (GrpcLogAppender.java:mayWait(300)) - 895d447a-5476-42e4-b2fa-6eb687701d46@group-6EF60CB14872->aa9634f0-8836-44d6-bc05-5b19fbdd93d5-GrpcLogAppender: Wait interrupted by java.lang.InterruptedException
2025-10-10 10:39:46,121 [grpc-default-executor-4] INFO  impl.PendingRequests (PendingRequests.java:sendNotLeaderResponses(287)) - 895d447a-5476-42e4-b2fa-6eb687701d46@group-6EF60CB14872-PendingRequests: sendNotLeaderResponses
2025-10-10 10:39:46,122 [grpc-default-executor-8] INFO  server.GrpcServerProtocolService (GrpcServerProtocolService.java:lambda$onCompleted$6(171)) - aa9634f0-8836-44d6-bc05-5b19fbdd93d5: Completed APPEND_ENTRIES, lastRequest: 895d447a-5476-42e4-b2fa-6eb687701d46->aa9634f0-8836-44d6-bc05-5b19fbdd93d5#2-t3,previous=(t:3, i:9),leaderCommit=9,initializing? false,entries: size=1, first=(t:3, i:10), METADATAENTRY(c:9) 
2025-10-10 10:39:46,122 [grpc-default-executor-8] INFO  server.GrpcServerProtocolService (GrpcServerProtocolService.java:lambda$null$7(175)) - aa9634f0-8836-44d6-bc05-5b19fbdd93d5: Completed APPEND_ENTRIES, lastReply: null 
2025-10-10 10:39:46,122 [grpc-default-executor-7] INFO  server.RaftServer$Division (RaftServerImpl.java:requestVote(1455)) - aa9634f0-8836-44d6-bc05-5b19fbdd93d5@group-6EF60CB14872 replies to ELECTION vote request: 36185c6b-22ce-45d1-a622-3a6b487a5a53<-aa9634f0-8836-44d6-bc05-5b19fbdd93d5#0:OK-t4-last:(t:3, i:10). Peer's state: aa9634f0-8836-44d6-bc05-5b19fbdd93d5@group-6EF60CB14872:t4, leader=null, voted=36185c6b-22ce-45d1-a622-3a6b487a5a53, raftlog=Memoized:aa9634f0-8836-44d6-bc05-5b19fbdd93d5@group-6EF60CB14872-SegmentedRaftLog:OPENED:c10:last(t:3, i:10), conf=conf: {index: 9, cur=peers:[aa9634f0-8836-44d6-bc05-5b19fbdd93d5|127.0.0.1:15063, 36185c6b-22ce-45d1-a622-3a6b487a5a53|127.0.0.1:15071, 895d447a-5476-42e4-b2fa-6eb687701d46|127.0.0.1:15079]|listeners:[], old=null}
2025-10-10 10:39:46,122 [grpc-default-executor-4] INFO  server.RaftServer$Division (ServerState.java:setLeader(272)) - 895d447a-5476-42e4-b2fa-6eb687701d46@group-6EF60CB14872: change Leader from 895d447a-5476-42e4-b2fa-6eb687701d46 to null at term 3 for candidate:36185c6b-22ce-45d1-a622-3a6b487a5a53
2025-10-10 10:39:46,122 [grpc-default-executor-4] INFO  impl.RoleInfo (RoleInfo.java:updateAndGet(148)) - 895d447a-5476-42e4-b2fa-6eb687701d46: start 895d447a-5476-42e4-b2fa-6eb687701d46@group-6EF60CB14872-FollowerState
2025-10-10 10:39:46,123 [grpc-default-executor-1] INFO  server.GrpcLogAppender (GrpcLogAppender.java:onCompleted(558)) - 895d447a-5476-42e4-b2fa-6eb687701d46@group-6EF60CB14872->aa9634f0-8836-44d6-bc05-5b19fbdd93d5-AppendLogResponseHandler: follower responses appendEntries COMPLETED
2025-10-10 10:39:46,123 [grpc-default-executor-3] INFO  server.GrpcServerProtocolService (GrpcServerProtocolService.java:lambda$onCompleted$6(171)) - 36185c6b-22ce-45d1-a622-3a6b487a5a53: Completed APPEND_ENTRIES, lastRequest: 895d447a-5476-42e4-b2fa-6eb687701d46->36185c6b-22ce-45d1-a622-3a6b487a5a53#5-t3,previous=(t:3, i:9),leaderCommit=9,initializing? false,entries: size=1, first=(t:3, i:10), METADATAENTRY(c:9) 
2025-10-10 10:39:46,123 [grpc-default-executor-7] INFO  server.GrpcLogAppender (GrpcLogAppender.java:onCompleted(558)) - 895d447a-5476-42e4-b2fa-6eb687701d46@group-6EF60CB14872->aa9634f0-8836-44d6-bc05-5b19fbdd93d5-AppendLogResponseHandler: follower responses appendEntries COMPLETED
2025-10-10 10:39:46,123 [grpc-default-executor-3] INFO  server.GrpcServerProtocolService (GrpcServerProtocolService.java:lambda$null$7(175)) - 36185c6b-22ce-45d1-a622-3a6b487a5a53: Completed APPEND_ENTRIES, lastReply: null 
2025-10-10 10:39:46,124 [36185c6b-22ce-45d1-a622-3a6b487a5a53@group-6EF60CB14872-LeaderElection215] INFO  impl.LeaderElection (LeaderElection.java:logAndReturn(206)) - 36185c6b-22ce-45d1-a622-3a6b487a5a53@group-6EF60CB14872-LeaderElection215: ELECTION PASSED received 1 response(s) and 0 exception(s):
2025-10-10 10:39:46,124 [36185c6b-22ce-45d1-a622-3a6b487a5a53@group-6EF60CB14872-LeaderElection215] INFO  impl.LeaderElection (LeaderElection.java:logAndReturn(210)) -   Response 0: 36185c6b-22ce-45d1-a622-3a6b487a5a53<-aa9634f0-8836-44d6-bc05-5b19fbdd93d5#0:OK-t4-last:(t:3, i:10)
2025-10-10 10:39:46,124 [36185c6b-22ce-45d1-a622-3a6b487a5a53@group-6EF60CB14872-LeaderElection215] INFO  impl.LeaderElection (LeaderElection.java:askForVotes(450)) - 36185c6b-22ce-45d1-a622-3a6b487a5a53@group-6EF60CB14872-LeaderElection215 ELECTION round 0: result PASSED
2025-10-10 10:39:46,124 [36185c6b-22ce-45d1-a622-3a6b487a5a53@group-6EF60CB14872-LeaderElection215] INFO  impl.RoleInfo (RoleInfo.java:shutdownLeaderElection(141)) - 36185c6b-22ce-45d1-a622-3a6b487a5a53: shutdown 36185c6b-22ce-45d1-a622-3a6b487a5a53@group-6EF60CB14872-LeaderElection215
2025-10-10 10:39:46,124 [36185c6b-22ce-45d1-a622-3a6b487a5a53@group-6EF60CB14872-LeaderElection215] INFO  server.RaftServer$Division (RaftServerImpl.java:setRole(392)) - 36185c6b-22ce-45d1-a622-3a6b487a5a53@group-6EF60CB14872: changes role from CANDIDATE to LEADER at term 4 for changeToLeader
2025-10-10 10:39:46,124 [36185c6b-22ce-45d1-a622-3a6b487a5a53@group-6EF60CB14872-LeaderElection215] INFO  server.RaftServerConfigKeys (ConfUtils.java:logFallback(69)) - raft.server.staging.timeout = 3600ms (fallback to raft.server.rpc.timeout.max)
2025-10-10 10:39:46,124 [36185c6b-22ce-45d1-a622-3a6b487a5a53@group-6EF60CB14872-LeaderElection215] INFO  server.RaftServerConfigKeys (ConfUtils.java:logGet(62)) - raft.server.write.byte-limit = 1024 M (=1073741824) (custom)
2025-10-10 10:39:46,124 [grpc-default-executor-4] INFO  server.RaftServer$Division (RaftServerImpl.java:requestVote(1455)) - 895d447a-5476-42e4-b2fa-6eb687701d46@group-6EF60CB14872 replies to ELECTION vote request: 36185c6b-22ce-45d1-a622-3a6b487a5a53<-895d447a-5476-42e4-b2fa-6eb687701d46#0:OK-t4-last:(t:3, i:10). Peer's state: 895d447a-5476-42e4-b2fa-6eb687701d46@group-6EF60CB14872:t4, leader=null, voted=36185c6b-22ce-45d1-a622-3a6b487a5a53, raftlog=Memoized:895d447a-5476-42e4-b2fa-6eb687701d46@group-6EF60CB14872-SegmentedRaftLog:OPENED:c10:last(t:3, i:10), conf=conf: {index: 9, cur=peers:[aa9634f0-8836-44d6-bc05-5b19fbdd93d5|127.0.0.1:15063, 36185c6b-22ce-45d1-a622-3a6b487a5a53|127.0.0.1:15071, 895d447a-5476-42e4-b2fa-6eb687701d46|127.0.0.1:15079]|listeners:[], old=null}
2025-10-10 10:39:46,125 [grpc-default-executor-4] INFO  server.GrpcLogAppender (GrpcLogAppender.java:onCompleted(558)) - 895d447a-5476-42e4-b2fa-6eb687701d46@group-6EF60CB14872->36185c6b-22ce-45d1-a622-3a6b487a5a53-AppendLogResponseHandler: follower responses appendEntries COMPLETED
2025-10-10 10:39:46,125 [grpc-default-executor-1] INFO  server.GrpcLogAppender (GrpcLogAppender.java:onCompleted(558)) - 895d447a-5476-42e4-b2fa-6eb687701d46@group-6EF60CB14872->36185c6b-22ce-45d1-a622-3a6b487a5a53-AppendLogResponseHandler: follower responses appendEntries COMPLETED
2025-10-10 10:39:46,125 [36185c6b-22ce-45d1-a622-3a6b487a5a53@group-6EF60CB14872-LeaderElection215] INFO  server.RaftServerConfigKeys (ConfUtils.java:logGet(62)) - raft.server.log.appender.buffer.byte-limit = 33554432 (custom)
2025-10-10 10:39:46,127 [36185c6b-22ce-45d1-a622-3a6b487a5a53@group-6EF60CB14872-LeaderElection215] INFO  server.RaftServerConfigKeys (ConfUtils.java:logGet(62)) - raft.server.log.appender.buffer.byte-limit = 33554432 (custom)
2025-10-10 10:39:46,127 [36185c6b-22ce-45d1-a622-3a6b487a5a53@group-6EF60CB14872-LeaderElection215] INFO  impl.RoleInfo (RoleInfo.java:updateAndGet(148)) - 36185c6b-22ce-45d1-a622-3a6b487a5a53: start 36185c6b-22ce-45d1-a622-3a6b487a5a53@group-6EF60CB14872-LeaderStateImpl
2025-10-10 10:39:46,127 [36185c6b-22ce-45d1-a622-3a6b487a5a53@group-6EF60CB14872-LeaderElection215] INFO  ratis.XceiverServerRatis (XceiverServerRatis.java:handleLeaderChangedNotification(940)) - Leader change notification received for group: group-6EF60CB14872 with new leaderId: 36185c6b-22ce-45d1-a622-3a6b487a5a53
2025-10-10 10:39:46,127 [36185c6b-22ce-45d1-a622-3a6b487a5a53@group-6EF60CB14872-LeaderElection215] INFO  server.RaftServer$Division (ServerState.java:setLeader(272)) - 36185c6b-22ce-45d1-a622-3a6b487a5a53@group-6EF60CB14872: change Leader from null to 36185c6b-22ce-45d1-a622-3a6b487a5a53 at term 4 for becomeLeader, leader elected after 10ms
2025-10-10 10:39:46,127 [36185c6b-22ce-45d1-a622-3a6b487a5a53@group-6EF60CB14872-LeaderElection215] INFO  segmented.SegmentedRaftLogWorker (SegmentedRaftLogWorker.java:rollLogSegment(445)) - 36185c6b-22ce-45d1-a622-3a6b487a5a53@group-6EF60CB14872-SegmentedRaftLogWorker: Rolling segment log-9_10 to index:10
2025-10-10 10:39:46,128 [36185c6b-22ce-45d1-a622-3a6b487a5a53@group-6EF60CB14872-LeaderElection215] INFO  server.RaftServer$Division (ServerState.java:setRaftConf(386)) - 36185c6b-22ce-45d1-a622-3a6b487a5a53@group-6EF60CB14872: set configuration conf: {index: 11, cur=peers:[aa9634f0-8836-44d6-bc05-5b19fbdd93d5|127.0.0.1:15063, 36185c6b-22ce-45d1-a622-3a6b487a5a53|127.0.0.1:15071, 895d447a-5476-42e4-b2fa-6eb687701d46|127.0.0.1:15079]|listeners:[], old=null}
2025-10-10 10:39:46,129 [36185c6b-22ce-45d1-a622-3a6b487a5a53@group-6EF60CB14872-SegmentedRaftLogWorker] INFO  segmented.SegmentedRaftLogWorker (SegmentedRaftLogWorker.java:execute(604)) - 36185c6b-22ce-45d1-a622-3a6b487a5a53@group-6EF60CB14872-SegmentedRaftLogWorker: Rolled log segment from /home/runner/work/ozone/ozone/hadoop-ozone/integration-test/target/test-dir/MiniOzoneClusterImpl-611c99c7-d47b-4433-a4ef-cd0a35b076ef/ozone-metadata/datanode-8/ratis/56f6ef43-c50c-4d35-89b5-6ef60cb14872/current/log_inprogress_9 to /home/runner/work/ozone/ozone/hadoop-ozone/integration-test/target/test-dir/MiniOzoneClusterImpl-611c99c7-d47b-4433-a4ef-cd0a35b076ef/ozone-metadata/datanode-8/ratis/56f6ef43-c50c-4d35-89b5-6ef60cb14872/current/log_9-10
2025-10-10 10:39:46,130 [36185c6b-22ce-45d1-a622-3a6b487a5a53@group-6EF60CB14872-SegmentedRaftLogWorker] INFO  segmented.BufferedWriteChannel (BufferedWriteChannel.java:open(61)) - open log_inprogress_11 at position 0
2025-10-10 10:39:46,133 [grpc-default-executor-4] INFO  ratis.XceiverServerRatis (XceiverServerRatis.java:handleLeaderChangedNotification(940)) - Leader change notification received for group: group-6EF60CB14872 with new leaderId: 36185c6b-22ce-45d1-a622-3a6b487a5a53
2025-10-10 10:39:46,133 [grpc-default-executor-4] INFO  server.RaftServer$Division (ServerState.java:setLeader(272)) - aa9634f0-8836-44d6-bc05-5b19fbdd93d5@group-6EF60CB14872: change Leader from null to 36185c6b-22ce-45d1-a622-3a6b487a5a53 at term 4 for appendEntries, leader elected after 13ms
2025-10-10 10:39:46,133 [grpc-default-executor-3] INFO  server.RaftServer$Division (ServerState.java:setRaftConf(386)) - aa9634f0-8836-44d6-bc05-5b19fbdd93d5@group-6EF60CB14872: set configuration conf: {index: 11, cur=peers:[aa9634f0-8836-44d6-bc05-5b19fbdd93d5|127.0.0.1:15063, 36185c6b-22ce-45d1-a622-3a6b487a5a53|127.0.0.1:15071, 895d447a-5476-42e4-b2fa-6eb687701d46|127.0.0.1:15079]|listeners:[], old=null}
2025-10-10 10:39:46,133 [grpc-default-executor-3] INFO  segmented.SegmentedRaftLogWorker (SegmentedRaftLogWorker.java:rollLogSegment(445)) - aa9634f0-8836-44d6-bc05-5b19fbdd93d5@group-6EF60CB14872-SegmentedRaftLogWorker: Rolling segment log-9_10 to index:10
2025-10-10 10:39:46,135 [grpc-default-executor-1] INFO  ratis.XceiverServerRatis (XceiverServerRatis.java:handleLeaderChangedNotification(940)) - Leader change notification received for group: group-6EF60CB14872 with new leaderId: 36185c6b-22ce-45d1-a622-3a6b487a5a53
2025-10-10 10:39:46,135 [grpc-default-executor-1] INFO  server.RaftServer$Division (ServerState.java:setLeader(272)) - 895d447a-5476-42e4-b2fa-6eb687701d46@group-6EF60CB14872: change Leader from null to 36185c6b-22ce-45d1-a622-3a6b487a5a53 at term 4 for appendEntries, leader elected after 12ms
2025-10-10 10:39:46,135 [aa9634f0-8836-44d6-bc05-5b19fbdd93d5@group-6EF60CB14872-SegmentedRaftLogWorker] INFO  segmented.SegmentedRaftLogWorker (SegmentedRaftLogWorker.java:execute(604)) - aa9634f0-8836-44d6-bc05-5b19fbdd93d5@group-6EF60CB14872-SegmentedRaftLogWorker: Rolled log segment from /home/runner/work/ozone/ozone/hadoop-ozone/integration-test/target/test-dir/MiniOzoneClusterImpl-611c99c7-d47b-4433-a4ef-cd0a35b076ef/ozone-metadata/datanode-7/ratis/56f6ef43-c50c-4d35-89b5-6ef60cb14872/current/log_inprogress_9 to /home/runner/work/ozone/ozone/hadoop-ozone/integration-test/target/test-dir/MiniOzoneClusterImpl-611c99c7-d47b-4433-a4ef-cd0a35b076ef/ozone-metadata/datanode-7/ratis/56f6ef43-c50c-4d35-89b5-6ef60cb14872/current/log_9-10
2025-10-10 10:39:46,135 [grpc-default-executor-1] INFO  server.RaftServer$Division (ServerState.java:setRaftConf(386)) - 895d447a-5476-42e4-b2fa-6eb687701d46@group-6EF60CB14872: set configuration conf: {index: 11, cur=peers:[aa9634f0-8836-44d6-bc05-5b19fbdd93d5|127.0.0.1:15063, 36185c6b-22ce-45d1-a622-3a6b487a5a53|127.0.0.1:15071, 895d447a-5476-42e4-b2fa-6eb687701d46|127.0.0.1:15079]|listeners:[], old=null}
2025-10-10 10:39:46,135 [aa9634f0-8836-44d6-bc05-5b19fbdd93d5@group-6EF60CB14872-SegmentedRaftLogWorker] INFO  segmented.BufferedWriteChannel (BufferedWriteChannel.java:open(61)) - open log_inprogress_11 at position 0
2025-10-10 10:39:46,135 [grpc-default-executor-1] INFO  segmented.SegmentedRaftLogWorker (SegmentedRaftLogWorker.java:rollLogSegment(445)) - 895d447a-5476-42e4-b2fa-6eb687701d46@group-6EF60CB14872-SegmentedRaftLogWorker: Rolling segment log-9_10 to index:10
2025-10-10 10:39:46,137 [895d447a-5476-42e4-b2fa-6eb687701d46@group-6EF60CB14872-SegmentedRaftLogWorker] INFO  segmented.SegmentedRaftLogWorker (SegmentedRaftLogWorker.java:execute(604)) - 895d447a-5476-42e4-b2fa-6eb687701d46@group-6EF60CB14872-SegmentedRaftLogWorker: Rolled log segment from /home/runner/work/ozone/ozone/hadoop-ozone/integration-test/target/test-dir/MiniOzoneClusterImpl-611c99c7-d47b-4433-a4ef-cd0a35b076ef/ozone-metadata/datanode-9/ratis/56f6ef43-c50c-4d35-89b5-6ef60cb14872/current/log_inprogress_9 to /home/runner/work/ozone/ozone/hadoop-ozone/integration-test/target/test-dir/MiniOzoneClusterImpl-611c99c7-d47b-4433-a4ef-cd0a35b076ef/ozone-metadata/datanode-9/ratis/56f6ef43-c50c-4d35-89b5-6ef60cb14872/current/log_9-10
2025-10-10 10:39:46,137 [895d447a-5476-42e4-b2fa-6eb687701d46@group-6EF60CB14872-SegmentedRaftLogWorker] INFO  segmented.BufferedWriteChannel (BufferedWriteChannel.java:open(61)) - open log_inprogress_11 at position 0
2025-10-10 10:39:46,138 [36185c6b-22ce-45d1-a622-3a6b487a5a53@group-6EF60CB14872-SegmentedRaftLogWorker] INFO  segmented.SegmentedRaftLogWorker (SegmentedRaftLogWorker.java:execute(647)) - 36185c6b-22ce-45d1-a622-3a6b487a5a53@group-6EF60CB14872-SegmentedRaftLogWorker: created new log segment /home/runner/work/ozone/ozone/hadoop-ozone/integration-test/target/test-dir/MiniOzoneClusterImpl-611c99c7-d47b-4433-a4ef-cd0a35b076ef/ozone-metadata/datanode-8/ratis/56f6ef43-c50c-4d35-89b5-6ef60cb14872/current/log_inprogress_11
2025-10-10 10:39:46,141 [aa9634f0-8836-44d6-bc05-5b19fbdd93d5@group-6EF60CB14872-SegmentedRaftLogWorker] INFO  segmented.SegmentedRaftLogWorker (SegmentedRaftLogWorker.java:execute(647)) - aa9634f0-8836-44d6-bc05-5b19fbdd93d5@group-6EF60CB14872-SegmentedRaftLogWorker: created new log segment /home/runner/work/ozone/ozone/hadoop-ozone/integration-test/target/test-dir/MiniOzoneClusterImpl-611c99c7-d47b-4433-a4ef-cd0a35b076ef/ozone-metadata/datanode-7/ratis/56f6ef43-c50c-4d35-89b5-6ef60cb14872/current/log_inprogress_11
2025-10-10 10:39:46,144 [36185c6b-22ce-45d1-a622-3a6b487a5a53@group-6EF60CB14872-StateMachineUpdater] INFO  server.RaftServer$Division (LeaderStateImpl.java:checkStartIndex(309)) - Leader 36185c6b-22ce-45d1-a622-3a6b487a5a53@group-6EF60CB14872-LeaderStateImpl is ready since appliedIndex == startIndex == 11
2025-10-10 10:39:46,145 [895d447a-5476-42e4-b2fa-6eb687701d46@group-6EF60CB14872-SegmentedRaftLogWorker] INFO  segmented.SegmentedRaftLogWorker (SegmentedRaftLogWorker.java:execute(647)) - 895d447a-5476-42e4-b2fa-6eb687701d46@group-6EF60CB14872-SegmentedRaftLogWorker: created new log segment /home/runner/work/ozone/ozone/hadoop-ozone/integration-test/target/test-dir/MiniOzoneClusterImpl-611c99c7-d47b-4433-a4ef-cd0a35b076ef/ozone-metadata/datanode-9/ratis/56f6ef43-c50c-4d35-89b5-6ef60cb14872/current/log_inprogress_11
2025-10-10 10:39:46,833 [36185c6b-22ce-45d1-a622-3a6b487a5a53@group-813C05265458-FollowerState] INFO  impl.FollowerState (FollowerState.java:runImpl(161)) - 36185c6b-22ce-45d1-a622-3a6b487a5a53@group-813C05265458-FollowerState: change to CANDIDATE, lastRpcElapsedTime:1142269170ns, electionTimeout:1142ms
2025-10-10 10:39:46,833 [36185c6b-22ce-45d1-a622-3a6b487a5a53@group-813C05265458-FollowerState] INFO  impl.RoleInfo (RoleInfo.java:shutdownFollowerState(121)) - 36185c6b-22ce-45d1-a622-3a6b487a5a53: shutdown 36185c6b-22ce-45d1-a622-3a6b487a5a53@group-813C05265458-FollowerState
2025-10-10 10:39:46,833 [36185c6b-22ce-45d1-a622-3a6b487a5a53@group-813C05265458-FollowerState] INFO  server.RaftServer$Division (RaftServerImpl.java:setRole(392)) - 36185c6b-22ce-45d1-a622-3a6b487a5a53@group-813C05265458: changes role from  FOLLOWER to CANDIDATE at term 1 for changeToCandidate
2025-10-10 10:39:46,833 [36185c6b-22ce-45d1-a622-3a6b487a5a53@group-813C05265458-FollowerState] INFO  impl.RoleInfo (RoleInfo.java:updateAndGet(148)) - 36185c6b-22ce-45d1-a622-3a6b487a5a53: start 36185c6b-22ce-45d1-a622-3a6b487a5a53@group-813C05265458-LeaderElection216
2025-10-10 10:39:46,834 [36185c6b-22ce-45d1-a622-3a6b487a5a53@group-813C05265458-LeaderElection216] INFO  impl.LeaderElection (LeaderElection.java:askForVotes(448)) - 36185c6b-22ce-45d1-a622-3a6b487a5a53@group-813C05265458-LeaderElection216 PRE_VOTE round 0: submit vote requests at term 1 for conf: {index: 0, cur=peers:[aa9634f0-8836-44d6-bc05-5b19fbdd93d5|127.0.0.1:15063, 36185c6b-22ce-45d1-a622-3a6b487a5a53|127.0.0.1:15071, 895d447a-5476-42e4-b2fa-6eb687701d46|127.0.0.1:15079]|listeners:[], old=null}
2025-10-10 10:39:46,835 [grpc-default-executor-3] INFO  server.RaftServer$Division (RaftServerImpl.java:requestVote(1421)) - aa9634f0-8836-44d6-bc05-5b19fbdd93d5@group-813C05265458: receive requestVote(PRE_VOTE, 36185c6b-22ce-45d1-a622-3a6b487a5a53, group-813C05265458, 1, (t:1, i:0))
2025-10-10 10:39:46,835 [grpc-default-executor-1] INFO  server.RaftServer$Division (RaftServerImpl.java:requestVote(1421)) - 895d447a-5476-42e4-b2fa-6eb687701d46@group-813C05265458: receive requestVote(PRE_VOTE, 36185c6b-22ce-45d1-a622-3a6b487a5a53, group-813C05265458, 1, (t:1, i:0))
2025-10-10 10:39:46,835 [grpc-default-executor-3] INFO  impl.VoteContext (VoteContext.java:log(49)) - aa9634f0-8836-44d6-bc05-5b19fbdd93d5@group-813C05265458-FOLLOWER: reject PRE_VOTE from 36185c6b-22ce-45d1-a622-3a6b487a5a53: our priority 1 > candidate's priority 0
2025-10-10 10:39:46,835 [grpc-default-executor-1] INFO  impl.VoteContext (VoteContext.java:log(49)) - 895d447a-5476-42e4-b2fa-6eb687701d46@group-813C05265458-FOLLOWER: accept PRE_VOTE from 36185c6b-22ce-45d1-a622-3a6b487a5a53: our priority 0 <= candidate's priority 0
2025-10-10 10:39:46,835 [grpc-default-executor-1] INFO  server.RaftServer$Division (RaftServerImpl.java:requestVote(1455)) - 895d447a-5476-42e4-b2fa-6eb687701d46@group-813C05265458 replies to PRE_VOTE vote request: 36185c6b-22ce-45d1-a622-3a6b487a5a53<-895d447a-5476-42e4-b2fa-6eb687701d46#0:OK-t1-last:(t:1, i:0). Peer's state: 895d447a-5476-42e4-b2fa-6eb687701d46@group-813C05265458:t1, leader=null, voted=aa9634f0-8836-44d6-bc05-5b19fbdd93d5, raftlog=Memoized:895d447a-5476-42e4-b2fa-6eb687701d46@group-813C05265458-SegmentedRaftLog:OPENED:c0:last(t:1, i:0), conf=conf: {index: 0, cur=peers:[aa9634f0-8836-44d6-bc05-5b19fbdd93d5|127.0.0.1:15063, 36185c6b-22ce-45d1-a622-3a6b487a5a53|127.0.0.1:15071, 895d447a-5476-42e4-b2fa-6eb687701d46|127.0.0.1:15079]|listeners:[], old=null}
2025-10-10 10:39:46,835 [grpc-default-executor-3] INFO  server.RaftServer$Division (RaftServerImpl.java:requestVote(1455)) - aa9634f0-8836-44d6-bc05-5b19fbdd93d5@group-813C05265458 replies to PRE_VOTE vote request: 36185c6b-22ce-45d1-a622-3a6b487a5a53<-aa9634f0-8836-44d6-bc05-5b19fbdd93d5#0:FAIL-t1-last:(t:1, i:0). Peer's state: aa9634f0-8836-44d6-bc05-5b19fbdd93d5@group-813C05265458:t1, leader=null, voted=aa9634f0-8836-44d6-bc05-5b19fbdd93d5, raftlog=Memoized:aa9634f0-8836-44d6-bc05-5b19fbdd93d5@group-813C05265458-SegmentedRaftLog:OPENED:c0:last(t:1, i:0), conf=conf: {index: 0, cur=peers:[aa9634f0-8836-44d6-bc05-5b19fbdd93d5|127.0.0.1:15063, 36185c6b-22ce-45d1-a622-3a6b487a5a53|127.0.0.1:15071, 895d447a-5476-42e4-b2fa-6eb687701d46|127.0.0.1:15079]|listeners:[], old=null}
2025-10-10 10:39:46,836 [36185c6b-22ce-45d1-a622-3a6b487a5a53@group-813C05265458-LeaderElection216] INFO  impl.LeaderElection (LeaderElection.java:logAndReturn(206)) - 36185c6b-22ce-45d1-a622-3a6b487a5a53@group-813C05265458-LeaderElection216: PRE_VOTE REJECTED received 2 response(s) and 0 exception(s):
2025-10-10 10:39:46,836 [36185c6b-22ce-45d1-a622-3a6b487a5a53@group-813C05265458-LeaderElection216] INFO  impl.LeaderElection (LeaderElection.java:logAndReturn(210)) -   Response 0: 36185c6b-22ce-45d1-a622-3a6b487a5a53<-aa9634f0-8836-44d6-bc05-5b19fbdd93d5#0:FAIL-t1-last:(t:1, i:0)
2025-10-10 10:39:46,836 [36185c6b-22ce-45d1-a622-3a6b487a5a53@group-813C05265458-LeaderElection216] INFO  impl.LeaderElection (LeaderElection.java:logAndReturn(210)) -   Response 1: 36185c6b-22ce-45d1-a622-3a6b487a5a53<-895d447a-5476-42e4-b2fa-6eb687701d46#0:OK-t1-last:(t:1, i:0)
2025-10-10 10:39:46,836 [36185c6b-22ce-45d1-a622-3a6b487a5a53@group-813C05265458-LeaderElection216] INFO  impl.LeaderElection (LeaderElection.java:askForVotes(450)) - 36185c6b-22ce-45d1-a622-3a6b487a5a53@group-813C05265458-LeaderElection216 PRE_VOTE round 0: result REJECTED
2025-10-10 10:39:46,836 [36185c6b-22ce-45d1-a622-3a6b487a5a53@group-813C05265458-LeaderElection216] INFO  server.RaftServer$Division (RaftServerImpl.java:setRole(392)) - 36185c6b-22ce-45d1-a622-3a6b487a5a53@group-813C05265458: changes role from CANDIDATE to FOLLOWER at term 1 for REJECTED
2025-10-10 10:39:46,837 [36185c6b-22ce-45d1-a622-3a6b487a5a53@group-813C05265458-LeaderElection216] INFO  impl.RoleInfo (RoleInfo.java:shutdownLeaderElection(141)) - 36185c6b-22ce-45d1-a622-3a6b487a5a53: shutdown 36185c6b-22ce-45d1-a622-3a6b487a5a53@group-813C05265458-LeaderElection216
2025-10-10 10:39:46,837 [36185c6b-22ce-45d1-a622-3a6b487a5a53@group-813C05265458-LeaderElection216] INFO  impl.RoleInfo (RoleInfo.java:updateAndGet(148)) - 36185c6b-22ce-45d1-a622-3a6b487a5a53: start 36185c6b-22ce-45d1-a622-3a6b487a5a53@group-813C05265458-FollowerState
2025-10-10 10:39:46,844 [grpc-default-executor-1] ERROR impl.OrderedAsync (OrderedAsync.java:lambda$null$6(215)) -  client-E1F90CE0EC34: Failed* RaftClientRequest:client-E1F90CE0EC34->aa9634f0-8836-44d6-bc05-5b19fbdd93d5@group-6EF60CB14872, cid=55, seq=1*, Watch(0), null
java.util.concurrent.CompletionException: org.apache.ratis.protocol.exceptions.NotLeaderException: Server aa9634f0-8836-44d6-bc05-5b19fbdd93d5@group-6EF60CB14872 is not the leader, suggested leader is: 36185c6b-22ce-45d1-a622-3a6b487a5a53|127.0.0.1:15071
	at java.base/java.util.concurrent.CompletableFuture.encodeThrowable(CompletableFuture.java:332)
	at java.base/java.util.concurrent.CompletableFuture.completeThrowable(CompletableFuture.java:347)
	at java.base/java.util.concurrent.CompletableFuture$UniAccept.tryFire(CompletableFuture.java:708)
	at java.base/java.util.concurrent.CompletableFuture.postComplete(CompletableFuture.java:510)
	at java.base/java.util.concurrent.CompletableFuture.completeExceptionally(CompletableFuture.java:2194)
	at org.apache.ratis.grpc.client.GrpcClientProtocolClient$AsyncStreamObservers.completeReplyExceptionally(GrpcClientProtocolClient.java:397)
	at org.apache.ratis.grpc.client.GrpcClientProtocolClient$AsyncStreamObservers.access$000(GrpcClientProtocolClient.java:303)
	at org.apache.ratis.grpc.client.GrpcClientProtocolClient$AsyncStreamObservers$1.onNext(GrpcClientProtocolClient.java:317)
	at org.apache.ratis.grpc.client.GrpcClientProtocolClient$AsyncStreamObservers$1.onNext(GrpcClientProtocolClient.java:308)
	at org.apache.ratis.thirdparty.io.grpc.stub.ClientCalls$StreamObserverToCallListenerAdapter.onMessage(ClientCalls.java:551)
	at org.apache.ratis.thirdparty.io.grpc.ForwardingClientCallListener.onMessage(ForwardingClientCallListener.java:33)
	at org.apache.ratis.thirdparty.io.grpc.internal.DelayedClientCall$DelayedListener.onMessage(DelayedClientCall.java:473)
	at org.apache.ratis.thirdparty.io.grpc.internal.ClientCallImpl$ClientStreamListenerImpl$1MessagesAvailable.runInternal(ClientCallImpl.java:661)
	at org.apache.ratis.thirdparty.io.grpc.internal.ClientCallImpl$ClientStreamListenerImpl$1MessagesAvailable.runInContext(ClientCallImpl.java:648)
	at org.apache.ratis.thirdparty.io.grpc.internal.ContextRunnable.run(ContextRunnable.java:37)
	at org.apache.ratis.thirdparty.io.grpc.internal.SerializingExecutor.run(SerializingExecutor.java:133)
	at java.base/java.util.concurrent.ThreadPoolExecutor.runWorker(ThreadPoolExecutor.java:1144)
	at java.base/java.util.concurrent.ThreadPoolExecutor$Worker.run(ThreadPoolExecutor.java:642)
	at java.base/java.lang.Thread.run(Thread.java:1583)
Caused by: org.apache.ratis.protocol.exceptions.NotLeaderException: Server aa9634f0-8836-44d6-bc05-5b19fbdd93d5@group-6EF60CB14872 is not the leader, suggested leader is: 36185c6b-22ce-45d1-a622-3a6b487a5a53|127.0.0.1:15071
	at org.apache.ratis.client.impl.ClientProtoUtils.toRaftClientReply(ClientProtoUtils.java:402)
	at org.apache.ratis.grpc.client.GrpcClientProtocolClient$AsyncStreamObservers$1.onNext(GrpcClientProtocolClient.java:313)
	... 11 more
2025-10-10 10:39:46,889 [ForkJoinPool-1-worker-1] INFO  ozoneimpl.OzoneContainer (OzoneContainer.java:stop(549)) - Attempting to stop container services.
2025-10-10 10:39:46,889 [ContainerMetadataScanner] WARN  ozoneimpl.AbstractBackgroundContainerScanner (AbstractBackgroundContainerScanner.java:handleRemainingSleep(136)) - Background container scan was interrupted.
2025-10-10 10:39:46,889 [ContainerMetadataScanner] INFO  ozoneimpl.AbstractBackgroundContainerScanner (AbstractBackgroundContainerScanner.java:run(63)) - org.apache.hadoop.ozone.container.ozoneimpl.BackgroundContainerMetadataScanner@62965b75 exiting.
2025-10-10 10:39:46,890 [ForkJoinPool-1-worker-1] INFO  ozoneimpl.BackgroundContainerDataScanner (BackgroundContainerDataScanner.java:shutdown(87)) - ContainerDataScanner(/home/runner/work/ozone/ozone/hadoop-ozone/integration-test/target/test-dir/MiniOzoneClusterImpl-611c99c7-d47b-4433-a4ef-cd0a35b076ef/ozone-metadata/datanode-8/data-0/hdds) is shutting down. 
2025-10-10 10:39:46,890 [ContainerDataScanner(/home/runner/work/ozone/ozone/hadoop-ozone/integration-test/target/test-dir/MiniOzoneClusterImpl-611c99c7-d47b-4433-a4ef-cd0a35b076ef/ozone-metadata/datanode-8/data-0/hdds)] WARN  ozoneimpl.AbstractBackgroundContainerScanner (AbstractBackgroundContainerScanner.java:handleRemainingSleep(136)) - Background container scan was interrupted.
2025-10-10 10:39:46,890 [ContainerDataScanner(/home/runner/work/ozone/ozone/hadoop-ozone/integration-test/target/test-dir/MiniOzoneClusterImpl-611c99c7-d47b-4433-a4ef-cd0a35b076ef/ozone-metadata/datanode-8/data-0/hdds)] INFO  ozoneimpl.AbstractBackgroundContainerScanner (AbstractBackgroundContainerScanner.java:run(63)) - ContainerDataScanner(/home/runner/work/ozone/ozone/hadoop-ozone/integration-test/target/test-dir/MiniOzoneClusterImpl-611c99c7-d47b-4433-a4ef-cd0a35b076ef/ozone-metadata/datanode-8/data-0/hdds, DS-5cd8dead-8911-46d6-a0b8-6438206482ea) exiting.
2025-10-10 10:39:46,890 [ForkJoinPool-1-worker-1] INFO  ozoneimpl.OnDemandContainerScanner (OnDemandContainerScanner.java:shutdown(141)) - On-demand container scanner is shutting down.
2025-10-10 10:39:46,890 [ForkJoinPool-1-worker-1] INFO  ratis.XceiverServerRatis (XceiverServerRatis.java:stop(594)) - Closing XceiverServerRatis(36185c6b-22ce-45d1-a622-3a6b487a5a53)
2025-10-10 10:39:46,890 [ForkJoinPool-1-worker-1] INFO  server.RaftServer (RaftServerProxy.java:lambda$close$9(422)) - 36185c6b-22ce-45d1-a622-3a6b487a5a53: close
2025-10-10 10:39:46,891 [36185c6b-22ce-45d1-a622-3a6b487a5a53-impl-thread3] INFO  server.RaftServer$Division (RaftServerImpl.java:lambda$close$1(527)) - 36185c6b-22ce-45d1-a622-3a6b487a5a53@group-813C05265458: shutdown
2025-10-10 10:39:46,891 [36185c6b-22ce-45d1-a622-3a6b487a5a53-impl-thread3] INFO  util.JmxRegister (JmxRegister.java:unregister(74)) - Successfully un-registered JMX Bean with object name Ratis:service=RaftServer,group=group-813C05265458,id=36185c6b-22ce-45d1-a622-3a6b487a5a53
2025-10-10 10:39:46,891 [36185c6b-22ce-45d1-a622-3a6b487a5a53-impl-thread3] INFO  impl.RoleInfo (RoleInfo.java:shutdownFollowerState(121)) - 36185c6b-22ce-45d1-a622-3a6b487a5a53: shutdown 36185c6b-22ce-45d1-a622-3a6b487a5a53@group-813C05265458-FollowerState
2025-10-10 10:39:46,891 [36185c6b-22ce-45d1-a622-3a6b487a5a53@group-813C05265458-FollowerState] INFO  impl.FollowerState (FollowerState.java:runImpl(170)) - 36185c6b-22ce-45d1-a622-3a6b487a5a53@group-813C05265458-FollowerState was interrupted
2025-10-10 10:39:46,891 [ForkJoinPool-1-worker-1] INFO  server.GrpcServicesImpl (GrpcServicesImpl.java:closeImpl(355)) - 36185c6b-22ce-45d1-a622-3a6b487a5a53: shutdown server org.apache.ratis.grpc.server.GrpcClientProtocolService now
2025-10-10 10:39:46,892 [36185c6b-22ce-45d1-a622-3a6b487a5a53-impl-thread3] INFO  impl.StateMachineUpdater (StateMachineUpdater.java:stopAndJoin(163)) - 36185c6b-22ce-45d1-a622-3a6b487a5a53@group-813C05265458-StateMachineUpdater: set stopIndex = 0
2025-10-10 10:39:46,892 [36185c6b-22ce-45d1-a622-3a6b487a5a53@group-813C05265458-StateMachineUpdater] INFO  impl.StateMachineUpdater (StateMachineUpdater.java:stop(140)) - 36185c6b-22ce-45d1-a622-3a6b487a5a53@group-813C05265458-StateMachineUpdater: closing ContainerStateMachine, lastApplied=(t:1, i:0)
2025-10-10 10:39:46,893 [Thread-2245] INFO  server.GrpcServerProtocolClient (GrpcServerProtocolClient.java:close(105)) - aa9634f0-8836-44d6-bc05-5b19fbdd93d5 Close channels
2025-10-10 10:39:46,892 [36185c6b-22ce-45d1-a622-3a6b487a5a53-impl-thread1] INFO  server.RaftServer$Division (RaftServerImpl.java:lambda$close$1(527)) - 36185c6b-22ce-45d1-a622-3a6b487a5a53@group-386B2F16DF49: shutdown
2025-10-10 10:39:46,894 [36185c6b-22ce-45d1-a622-3a6b487a5a53-impl-thread1] INFO  util.JmxRegister (JmxRegister.java:unregister(74)) - Successfully un-registered JMX Bean with object name Ratis:service=RaftServer,group=group-386B2F16DF49,id=36185c6b-22ce-45d1-a622-3a6b487a5a53
2025-10-10 10:39:46,894 [36185c6b-22ce-45d1-a622-3a6b487a5a53-impl-thread1] INFO  impl.RoleInfo (RoleInfo.java:shutdownLeaderState(103)) - 36185c6b-22ce-45d1-a622-3a6b487a5a53: shutdown 36185c6b-22ce-45d1-a622-3a6b487a5a53@group-386B2F16DF49-LeaderStateImpl
2025-10-10 10:39:46,894 [36185c6b-22ce-45d1-a622-3a6b487a5a53-impl-thread1] INFO  impl.PendingRequests (PendingRequests.java:sendNotLeaderResponses(287)) - 36185c6b-22ce-45d1-a622-3a6b487a5a53@group-386B2F16DF49-PendingRequests: sendNotLeaderResponses
2025-10-10 10:39:46,892 [36185c6b-22ce-45d1-a622-3a6b487a5a53-impl-thread2] INFO  server.RaftServer$Division (RaftServerImpl.java:lambda$close$1(527)) - 36185c6b-22ce-45d1-a622-3a6b487a5a53@group-6EF60CB14872: shutdown
2025-10-10 10:39:46,894 [36185c6b-22ce-45d1-a622-3a6b487a5a53-impl-thread2] INFO  util.JmxRegister (JmxRegister.java:unregister(74)) - Successfully un-registered JMX Bean with object name Ratis:service=RaftServer,group=group-6EF60CB14872,id=36185c6b-22ce-45d1-a622-3a6b487a5a53
2025-10-10 10:39:46,894 [36185c6b-22ce-45d1-a622-3a6b487a5a53-impl-thread2] INFO  impl.RoleInfo (RoleInfo.java:shutdownLeaderState(103)) - 36185c6b-22ce-45d1-a622-3a6b487a5a53: shutdown 36185c6b-22ce-45d1-a622-3a6b487a5a53@group-6EF60CB14872-LeaderStateImpl
2025-10-10 10:39:46,894 [36185c6b-22ce-45d1-a622-3a6b487a5a53@group-6EF60CB14872->aa9634f0-8836-44d6-bc05-5b19fbdd93d5-GrpcLogAppender-LogAppenderDaemon] WARN  server.GrpcLogAppender (GrpcLogAppender.java:mayWait(300)) - 36185c6b-22ce-45d1-a622-3a6b487a5a53@group-6EF60CB14872->aa9634f0-8836-44d6-bc05-5b19fbdd93d5-GrpcLogAppender: Wait interrupted by java.lang.InterruptedException
2025-10-10 10:39:46,893 [grpc-default-executor-4] WARN  server.GrpcClientProtocolService (LogUtils.java:warn(127)) - 0-OrderedRequestStreamObserver0: onError: org.apache.ratis.thirdparty.io.grpc.StatusRuntimeException: CANCELLED: client cancelled
2025-10-10 10:39:46,893 [36185c6b-22ce-45d1-a622-3a6b487a5a53@group-813C05265458-cacheEviction-AwaitToRun] INFO  util.AwaitToRun (AwaitToRun.java:run(49)) - 36185c6b-22ce-45d1-a622-3a6b487a5a53@group-813C05265458-cacheEviction-AwaitToRun-AwaitForSignal is interrupted
2025-10-10 10:39:46,895 [36185c6b-22ce-45d1-a622-3a6b487a5a53@group-6EF60CB14872->895d447a-5476-42e4-b2fa-6eb687701d46-GrpcLogAppender-LogAppenderDaemon] WARN  server.GrpcLogAppender (GrpcLogAppender.java:mayWait(300)) - 36185c6b-22ce-45d1-a622-3a6b487a5a53@group-6EF60CB14872->895d447a-5476-42e4-b2fa-6eb687701d46-GrpcLogAppender: Wait interrupted by java.lang.InterruptedException
2025-10-10 10:39:46,895 [Thread-2247] INFO  server.GrpcServerProtocolClient (GrpcServerProtocolClient.java:close(105)) - 895d447a-5476-42e4-b2fa-6eb687701d46 Close channels
2025-10-10 10:39:46,895 [grpc-default-executor-4] INFO  server.GrpcLogAppender (GrpcLogAppender.java:onCompleted(558)) - 36185c6b-22ce-45d1-a622-3a6b487a5a53@group-6EF60CB14872->aa9634f0-8836-44d6-bc05-5b19fbdd93d5-AppendLogResponseHandler: follower responses appendEntries COMPLETED
2025-10-10 10:39:46,895 [grpc-default-executor-4] WARN  server.GrpcLogAppender (GrpcLogAppender.java:resetClient(237)) - 36185c6b-22ce-45d1-a622-3a6b487a5a53@group-6EF60CB14872->aa9634f0-8836-44d6-bc05-5b19fbdd93d5-GrpcLogAppender: Failed to getClient for aa9634f0-8836-44d6-bc05-5b19fbdd93d5
org.apache.ratis.protocol.exceptions.AlreadyClosedException: 36185c6b-22ce-45d1-a622-3a6b487a5a53 is already CLOSED
	at org.apache.ratis.util.PeerProxyMap$PeerAndProxy.getProxy(PeerProxyMap.java:67)
	at org.apache.ratis.util.PeerProxyMap.getProxy(PeerProxyMap.java:124)
	at org.apache.ratis.grpc.server.GrpcLogAppender.getClient(GrpcLogAppender.java:207)
	at org.apache.ratis.grpc.server.GrpcLogAppender.resetClient(GrpcLogAppender.java:212)
	at org.apache.ratis.grpc.server.GrpcLogAppender.access$800(GrpcLogAppender.java:70)
	at org.apache.ratis.grpc.server.GrpcLogAppender$AppendLogResponseHandler.onCompleted(GrpcLogAppender.java:559)
	at org.apache.ratis.thirdparty.io.grpc.stub.ClientCalls$StreamObserverToCallListenerAdapter.onClose(ClientCalls.java:562)
	at org.apache.ratis.thirdparty.io.grpc.internal.DelayedClientCall$DelayedListener$3.run(DelayedClientCall.java:489)
	at org.apache.ratis.thirdparty.io.grpc.internal.DelayedClientCall$DelayedListener.delayOrExecute(DelayedClientCall.java:453)
	at org.apache.ratis.thirdparty.io.grpc.internal.DelayedClientCall$DelayedListener.onClose(DelayedClientCall.java:486)
	at org.apache.ratis.thirdparty.io.grpc.internal.ClientCallImpl.closeObserver(ClientCallImpl.java:565)
	at org.apache.ratis.thirdparty.io.grpc.internal.ClientCallImpl.access$100(ClientCallImpl.java:72)
	at org.apache.ratis.thirdparty.io.grpc.internal.ClientCallImpl$ClientStreamListenerImpl$1StreamClosed.runInternal(ClientCallImpl.java:733)
	at org.apache.ratis.thirdparty.io.grpc.internal.ClientCallImpl$ClientStreamListenerImpl$1StreamClosed.runInContext(ClientCallImpl.java:714)
	at org.apache.ratis.thirdparty.io.grpc.internal.ContextRunnable.run(ContextRunnable.java:37)
	at org.apache.ratis.thirdparty.io.grpc.internal.SerializingExecutor.run(SerializingExecutor.java:133)
	at java.base/java.util.concurrent.ThreadPoolExecutor.runWorker(ThreadPoolExecutor.java:1144)
	at java.base/java.util.concurrent.ThreadPoolExecutor$Worker.run(ThreadPoolExecutor.java:642)
	at java.base/java.lang.Thread.run(Thread.java:1583)
2025-10-10 10:39:46,896 [grpc-default-executor-3] INFO  server.GrpcServerProtocolService (GrpcServerProtocolService.java:lambda$onCompleted$6(171)) - 895d447a-5476-42e4-b2fa-6eb687701d46: Completed APPEND_ENTRIES, lastRequest: null 
2025-10-10 10:39:46,895 [36185c6b-22ce-45d1-a622-3a6b487a5a53-impl-thread2] INFO  impl.PendingRequests (PendingRequests.java:sendNotLeaderResponses(287)) - 36185c6b-22ce-45d1-a622-3a6b487a5a53@group-6EF60CB14872-PendingRequests: sendNotLeaderResponses
2025-10-10 10:39:46,896 [grpc-default-executor-3] INFO  server.GrpcServerProtocolService (GrpcServerProtocolService.java:lambda$null$7(175)) - 895d447a-5476-42e4-b2fa-6eb687701d46: Completed APPEND_ENTRIES, lastReply: serverReply {
  requestorId: "36185c6b-22ce-45d1-a622-3a6b487a5a53"
  replyId: "895d447a-5476-42e4-b2fa-6eb687701d46"
  raftGroupId {
    id: "V\366\357C\305\fM5\211\265n\366\f\261Hr"
  }
  callId: 7
  success: true
}
term: 4
nextIndex: 13
followerCommit: 12
matchIndex: 18446744073709551615
isHearbeat: true
 
2025-10-10 10:39:46,897 [grpc-default-executor-8] INFO  server.GrpcLogAppender (GrpcLogAppender.java:onCompleted(558)) - 36185c6b-22ce-45d1-a622-3a6b487a5a53@group-6EF60CB14872->aa9634f0-8836-44d6-bc05-5b19fbdd93d5-AppendLogResponseHandler: follower responses appendEntries COMPLETED
2025-10-10 10:39:46,897 [grpc-default-executor-8] WARN  server.GrpcLogAppender (GrpcLogAppender.java:resetClient(237)) - 36185c6b-22ce-45d1-a622-3a6b487a5a53@group-6EF60CB14872->aa9634f0-8836-44d6-bc05-5b19fbdd93d5-GrpcLogAppender: Failed to getClient for aa9634f0-8836-44d6-bc05-5b19fbdd93d5
org.apache.ratis.protocol.exceptions.AlreadyClosedException: 36185c6b-22ce-45d1-a622-3a6b487a5a53 is already CLOSED
	at org.apache.ratis.util.PeerProxyMap$PeerAndProxy.getProxy(PeerProxyMap.java:67)
	at org.apache.ratis.util.PeerProxyMap.getProxy(PeerProxyMap.java:124)
	at org.apache.ratis.grpc.server.GrpcLogAppender.getClient(GrpcLogAppender.java:207)
	at org.apache.ratis.grpc.server.GrpcLogAppender.resetClient(GrpcLogAppender.java:212)
	at org.apache.ratis.grpc.server.GrpcLogAppender.access$800(GrpcLogAppender.java:70)
	at org.apache.ratis.grpc.server.GrpcLogAppender$AppendLogResponseHandler.onCompleted(GrpcLogAppender.java:559)
	at org.apache.ratis.thirdparty.io.grpc.stub.ClientCalls$StreamObserverToCallListenerAdapter.onClose(ClientCalls.java:562)
	at org.apache.ratis.thirdparty.io.grpc.internal.ClientCallImpl.closeObserver(ClientCallImpl.java:565)
	at org.apache.ratis.thirdparty.io.grpc.internal.ClientCallImpl.access$100(ClientCallImpl.java:72)
	at org.apache.ratis.thirdparty.io.grpc.internal.ClientCallImpl$ClientStreamListenerImpl$1StreamClosed.runInternal(ClientCallImpl.java:733)
	at org.apache.ratis.thirdparty.io.grpc.internal.ClientCallImpl$ClientStreamListenerImpl$1StreamClosed.runInContext(ClientCallImpl.java:714)
	at org.apache.ratis.thirdparty.io.grpc.internal.ContextRunnable.run(ContextRunnable.java:37)
	at org.apache.ratis.thirdparty.io.grpc.internal.SerializingExecutor.run(SerializingExecutor.java:133)
	at java.base/java.util.concurrent.ThreadPoolExecutor.runWorker(ThreadPoolExecutor.java:1144)
	at java.base/java.util.concurrent.ThreadPoolExecutor$Worker.run(ThreadPoolExecutor.java:642)
	at java.base/java.lang.Thread.run(Thread.java:1583)
2025-10-10 10:39:46,899 [grpc-default-executor-3] INFO  server.GrpcLogAppender (GrpcLogAppender.java:onCompleted(558)) - 36185c6b-22ce-45d1-a622-3a6b487a5a53@group-6EF60CB14872->895d447a-5476-42e4-b2fa-6eb687701d46-AppendLogResponseHandler: follower responses appendEntries COMPLETED
2025-10-10 10:39:46,899 [grpc-default-executor-3] WARN  server.GrpcLogAppender (GrpcLogAppender.java:resetClient(237)) - 36185c6b-22ce-45d1-a622-3a6b487a5a53@group-6EF60CB14872->895d447a-5476-42e4-b2fa-6eb687701d46-GrpcLogAppender: Failed to getClient for 895d447a-5476-42e4-b2fa-6eb687701d46
org.apache.ratis.protocol.exceptions.AlreadyClosedException: 36185c6b-22ce-45d1-a622-3a6b487a5a53 is already CLOSED
	at org.apache.ratis.util.PeerProxyMap$PeerAndProxy.getProxy(PeerProxyMap.java:67)
	at org.apache.ratis.util.PeerProxyMap.getProxy(PeerProxyMap.java:124)
	at org.apache.ratis.grpc.server.GrpcLogAppender.getClient(GrpcLogAppender.java:207)
	at org.apache.ratis.grpc.server.GrpcLogAppender.resetClient(GrpcLogAppender.java:212)
	at org.apache.ratis.grpc.server.GrpcLogAppender.access$800(GrpcLogAppender.java:70)
	at org.apache.ratis.grpc.server.GrpcLogAppender$AppendLogResponseHandler.onCompleted(GrpcLogAppender.java:559)
	at org.apache.ratis.thirdparty.io.grpc.stub.ClientCalls$StreamObserverToCallListenerAdapter.onClose(ClientCalls.java:562)
	at org.apache.ratis.thirdparty.io.grpc.internal.ClientCallImpl.closeObserver(ClientCallImpl.java:565)
	at org.apache.ratis.thirdparty.io.grpc.internal.ClientCallImpl.access$100(ClientCallImpl.java:72)
	at org.apache.ratis.thirdparty.io.grpc.internal.ClientCallImpl$ClientStreamListenerImpl$1StreamClosed.runInternal(ClientCallImpl.java:733)
	at org.apache.ratis.thirdparty.io.grpc.internal.ClientCallImpl$ClientStreamListenerImpl$1StreamClosed.runInContext(ClientCallImpl.java:714)
	at org.apache.ratis.thirdparty.io.grpc.internal.ContextRunnable.run(ContextRunnable.java:37)
	at org.apache.ratis.thirdparty.io.grpc.internal.SerializingExecutor.run(SerializingExecutor.java:133)
	at java.base/java.util.concurrent.ThreadPoolExecutor.runWorker(ThreadPoolExecutor.java:1144)
	at java.base/java.util.concurrent.ThreadPoolExecutor$Worker.run(ThreadPoolExecutor.java:642)
	at java.base/java.lang.Thread.run(Thread.java:1583)
2025-10-10 10:39:46,899 [ForkJoinPool-1-worker-1] INFO  server.GrpcServicesImpl (GrpcServicesImpl.java:closeImpl(364)) - 36185c6b-22ce-45d1-a622-3a6b487a5a53: shutdown server org.apache.ratis.grpc.server.GrpcClientProtocolService successfully
2025-10-10 10:39:46,899 [ForkJoinPool-1-worker-1] INFO  server.GrpcServicesImpl (GrpcServicesImpl.java:closeImpl(355)) - 36185c6b-22ce-45d1-a622-3a6b487a5a53: shutdown server GrpcServerProtocolService now
2025-10-10 10:39:46,899 [grpc-default-executor-1] INFO  server.GrpcLogAppender (GrpcLogAppender.java:onCompleted(558)) - 36185c6b-22ce-45d1-a622-3a6b487a5a53@group-6EF60CB14872->895d447a-5476-42e4-b2fa-6eb687701d46-AppendLogResponseHandler: follower responses appendEntries COMPLETED
2025-10-10 10:39:46,900 [grpc-default-executor-1] WARN  server.GrpcLogAppender (GrpcLogAppender.java:resetClient(237)) - 36185c6b-22ce-45d1-a622-3a6b487a5a53@group-6EF60CB14872->895d447a-5476-42e4-b2fa-6eb687701d46-GrpcLogAppender: Failed to getClient for 895d447a-5476-42e4-b2fa-6eb687701d46
org.apache.ratis.protocol.exceptions.AlreadyClosedException: 36185c6b-22ce-45d1-a622-3a6b487a5a53 is already CLOSED
	at org.apache.ratis.util.PeerProxyMap$PeerAndProxy.getProxy(PeerProxyMap.java:67)
	at org.apache.ratis.util.PeerProxyMap.getProxy(PeerProxyMap.java:124)
	at org.apache.ratis.grpc.server.GrpcLogAppender.getClient(GrpcLogAppender.java:207)
	at org.apache.ratis.grpc.server.GrpcLogAppender.resetClient(GrpcLogAppender.java:212)
	at org.apache.ratis.grpc.server.GrpcLogAppender.access$800(GrpcLogAppender.java:70)
	at org.apache.ratis.grpc.server.GrpcLogAppender$AppendLogResponseHandler.onCompleted(GrpcLogAppender.java:559)
	at org.apache.ratis.thirdparty.io.grpc.stub.ClientCalls$StreamObserverToCallListenerAdapter.onClose(ClientCalls.java:562)
	at org.apache.ratis.thirdparty.io.grpc.internal.DelayedClientCall$DelayedListener$3.run(DelayedClientCall.java:489)
	at org.apache.ratis.thirdparty.io.grpc.internal.DelayedClientCall$DelayedListener.delayOrExecute(DelayedClientCall.java:453)
	at org.apache.ratis.thirdparty.io.grpc.internal.DelayedClientCall$DelayedListener.onClose(DelayedClientCall.java:486)
	at org.apache.ratis.thirdparty.io.grpc.internal.ClientCallImpl.closeObserver(ClientCallImpl.java:565)
	at org.apache.ratis.thirdparty.io.grpc.internal.ClientCallImpl.access$100(ClientCallImpl.java:72)
	at org.apache.ratis.thirdparty.io.grpc.internal.ClientCallImpl$ClientStreamListenerImpl$1StreamClosed.runInternal(ClientCallImpl.java:733)
	at org.apache.ratis.thirdparty.io.grpc.internal.ClientCallImpl$ClientStreamListenerImpl$1StreamClosed.runInContext(ClientCallImpl.java:714)
	at org.apache.ratis.thirdparty.io.grpc.internal.ContextRunnable.run(ContextRunnable.java:37)
	at org.apache.ratis.thirdparty.io.grpc.internal.SerializingExecutor.run(SerializingExecutor.java:133)
	at java.base/java.util.concurrent.ThreadPoolExecutor.runWorker(ThreadPoolExecutor.java:1144)
	at java.base/java.util.concurrent.ThreadPoolExecutor$Worker.run(ThreadPoolExecutor.java:642)
	at java.base/java.lang.Thread.run(Thread.java:1583)
2025-10-10 10:39:46,900 [36185c6b-22ce-45d1-a622-3a6b487a5a53@group-386B2F16DF49-StateMachineUpdater] INFO  ratis.ContainerStateMachine (ContainerStateMachine.java:takeSnapshot(427)) - group-386B2F16DF49: Taking a snapshot at:(t:2, i:2) file /home/runner/work/ozone/ozone/hadoop-ozone/integration-test/target/test-dir/MiniOzoneClusterImpl-611c99c7-d47b-4433-a4ef-cd0a35b076ef/ozone-metadata/datanode-8/ratis/db5b5c2b-f866-4aec-a921-386b2f16df49/sm/snapshot.2_2
2025-10-10 10:39:46,900 [36185c6b-22ce-45d1-a622-3a6b487a5a53-impl-thread1] INFO  impl.StateMachineUpdater (StateMachineUpdater.java:stopAndJoin(163)) - 36185c6b-22ce-45d1-a622-3a6b487a5a53@group-386B2F16DF49-StateMachineUpdater: set stopIndex = 2
2025-10-10 10:39:46,901 [36185c6b-22ce-45d1-a622-3a6b487a5a53@group-386B2F16DF49-StateMachineUpdater] INFO  ratis.ContainerStateMachine (ContainerStateMachine.java:takeSnapshot(436)) - group-386B2F16DF49: Finished taking a snapshot at:(t:2, i:2) file:/home/runner/work/ozone/ozone/hadoop-ozone/integration-test/target/test-dir/MiniOzoneClusterImpl-611c99c7-d47b-4433-a4ef-cd0a35b076ef/ozone-metadata/datanode-8/ratis/db5b5c2b-f866-4aec-a921-386b2f16df49/sm/snapshot.2_2 took: 0 ms
2025-10-10 10:39:46,901 [36185c6b-22ce-45d1-a622-3a6b487a5a53@group-386B2F16DF49-StateMachineUpdater] INFO  impl.StateMachineUpdater (StateMachineUpdater.java:takeSnapshot(307)) - 36185c6b-22ce-45d1-a622-3a6b487a5a53@group-386B2F16DF49-StateMachineUpdater: Took a snapshot at index 2
2025-10-10 10:39:46,901 [36185c6b-22ce-45d1-a622-3a6b487a5a53@group-386B2F16DF49-StateMachineUpdater] INFO  impl.StateMachineUpdater (StateMachineUpdater.java:lambda$new$0(101)) - 36185c6b-22ce-45d1-a622-3a6b487a5a53@group-386B2F16DF49-StateMachineUpdater: snapshotIndex: updateIncreasingly 0 -> 2
2025-10-10 10:39:46,901 [36185c6b-22ce-45d1-a622-3a6b487a5a53@group-386B2F16DF49-StateMachineUpdater] INFO  impl.StateMachineUpdater (StateMachineUpdater.java:stop(140)) - 36185c6b-22ce-45d1-a622-3a6b487a5a53@group-386B2F16DF49-StateMachineUpdater: closing ContainerStateMachine, lastApplied=(t:2, i:2)
2025-10-10 10:39:46,901 [ForkJoinPool-1-worker-1] INFO  server.GrpcServicesImpl (GrpcServicesImpl.java:closeImpl(364)) - 36185c6b-22ce-45d1-a622-3a6b487a5a53: shutdown server GrpcServerProtocolService successfully
2025-10-10 10:39:46,901 [ForkJoinPool-1-worker-1] INFO  server.GrpcServicesImpl (GrpcServicesImpl.java:closeImpl(355)) - 36185c6b-22ce-45d1-a622-3a6b487a5a53: shutdown server org.apache.ratis.grpc.server.GrpcAdminProtocolService now
2025-10-10 10:39:46,901 [36185c6b-22ce-45d1-a622-3a6b487a5a53-impl-thread2] INFO  impl.StateMachineUpdater (StateMachineUpdater.java:stopAndJoin(163)) - 36185c6b-22ce-45d1-a622-3a6b487a5a53@group-6EF60CB14872-StateMachineUpdater: set stopIndex = 19
2025-10-10 10:39:46,901 [36185c6b-22ce-45d1-a622-3a6b487a5a53@group-6EF60CB14872-StateMachineUpdater] INFO  ratis.ContainerStateMachine (ContainerStateMachine.java:takeSnapshot(427)) - group-6EF60CB14872: Taking a snapshot at:(t:4, i:19) file /home/runner/work/ozone/ozone/hadoop-ozone/integration-test/target/test-dir/MiniOzoneClusterImpl-611c99c7-d47b-4433-a4ef-cd0a35b076ef/ozone-metadata/datanode-8/ratis/56f6ef43-c50c-4d35-89b5-6ef60cb14872/sm/snapshot.4_19
2025-10-10 10:39:46,902 [ForkJoinPool-1-worker-1] INFO  server.GrpcServicesImpl (GrpcServicesImpl.java:closeImpl(364)) - 36185c6b-22ce-45d1-a622-3a6b487a5a53: shutdown server org.apache.ratis.grpc.server.GrpcAdminProtocolService successfully
2025-10-10 10:39:46,902 [36185c6b-22ce-45d1-a622-3a6b487a5a53@group-386B2F16DF49-cacheEviction-AwaitToRun] INFO  util.AwaitToRun (AwaitToRun.java:run(49)) - 36185c6b-22ce-45d1-a622-3a6b487a5a53@group-386B2F16DF49-cacheEviction-AwaitToRun-AwaitForSignal is interrupted
2025-10-10 10:39:46,902 [36185c6b-22ce-45d1-a622-3a6b487a5a53@group-6EF60CB14872-StateMachineUpdater] INFO  ratis.ContainerStateMachine (ContainerStateMachine.java:takeSnapshot(436)) - group-6EF60CB14872: Finished taking a snapshot at:(t:4, i:19) file:/home/runner/work/ozone/ozone/hadoop-ozone/integration-test/target/test-dir/MiniOzoneClusterImpl-611c99c7-d47b-4433-a4ef-cd0a35b076ef/ozone-metadata/datanode-8/ratis/56f6ef43-c50c-4d35-89b5-6ef60cb14872/sm/snapshot.4_19 took: 1 ms
2025-10-10 10:39:46,903 [36185c6b-22ce-45d1-a622-3a6b487a5a53@group-6EF60CB14872-StateMachineUpdater] INFO  impl.StateMachineUpdater (StateMachineUpdater.java:takeSnapshot(307)) - 36185c6b-22ce-45d1-a622-3a6b487a5a53@group-6EF60CB14872-StateMachineUpdater: Took a snapshot at index 19
2025-10-10 10:39:46,903 [36185c6b-22ce-45d1-a622-3a6b487a5a53@group-6EF60CB14872-StateMachineUpdater] INFO  impl.StateMachineUpdater (StateMachineUpdater.java:lambda$new$0(101)) - 36185c6b-22ce-45d1-a622-3a6b487a5a53@group-6EF60CB14872-StateMachineUpdater: snapshotIndex: updateIncreasingly 6 -> 19
2025-10-10 10:39:46,903 [36185c6b-22ce-45d1-a622-3a6b487a5a53@group-6EF60CB14872-StateMachineUpdater] INFO  impl.StateMachineUpdater (StateMachineUpdater.java:stop(140)) - 36185c6b-22ce-45d1-a622-3a6b487a5a53@group-6EF60CB14872-StateMachineUpdater: closing ContainerStateMachine, lastApplied=(t:4, i:19)
2025-10-10 10:39:46,903 [36185c6b-22ce-45d1-a622-3a6b487a5a53@group-6EF60CB14872-cacheEviction-AwaitToRun] INFO  util.AwaitToRun (AwaitToRun.java:run(49)) - 36185c6b-22ce-45d1-a622-3a6b487a5a53@group-6EF60CB14872-cacheEviction-AwaitToRun-AwaitForSignal is interrupted
2025-10-10 10:39:46,904 [36185c6b-22ce-45d1-a622-3a6b487a5a53-NettyServerStreamRpc-bossGroup--thread1] INFO  logging.LoggingHandler (AbstractInternalLogger.java:log(148)) - [id: 0x34d64659, L:/0.0.0.0:15072] CLOSE
2025-10-10 10:39:46,904 [36185c6b-22ce-45d1-a622-3a6b487a5a53-NettyServerStreamRpc-bossGroup--thread1] INFO  logging.LoggingHandler (AbstractInternalLogger.java:log(148)) - [id: 0x34d64659, L:/0.0.0.0:15072] INACTIVE
2025-10-10 10:39:46,904 [36185c6b-22ce-45d1-a622-3a6b487a5a53-NettyServerStreamRpc-bossGroup--thread1] INFO  logging.LoggingHandler (AbstractInternalLogger.java:log(148)) - [id: 0x34d64659, L:/0.0.0.0:15072] UNREGISTERED
2025-10-10 10:39:47,013 [aa9634f0-8836-44d6-bc05-5b19fbdd93d5@group-813C05265458-FollowerState] INFO  impl.FollowerState (FollowerState.java:runImpl(161)) - aa9634f0-8836-44d6-bc05-5b19fbdd93d5@group-813C05265458-FollowerState: change to CANDIDATE, lastRpcElapsedTime:1134223722ns, electionTimeout:1134ms
2025-10-10 10:39:47,013 [aa9634f0-8836-44d6-bc05-5b19fbdd93d5@group-813C05265458-FollowerState] INFO  impl.RoleInfo (RoleInfo.java:shutdownFollowerState(121)) - aa9634f0-8836-44d6-bc05-5b19fbdd93d5: shutdown aa9634f0-8836-44d6-bc05-5b19fbdd93d5@group-813C05265458-FollowerState
2025-10-10 10:39:47,013 [aa9634f0-8836-44d6-bc05-5b19fbdd93d5@group-813C05265458-FollowerState] INFO  server.RaftServer$Division (RaftServerImpl.java:setRole(392)) - aa9634f0-8836-44d6-bc05-5b19fbdd93d5@group-813C05265458: changes role from  FOLLOWER to CANDIDATE at term 1 for changeToCandidate
2025-10-10 10:39:47,014 [aa9634f0-8836-44d6-bc05-5b19fbdd93d5@group-813C05265458-FollowerState] INFO  impl.RoleInfo (RoleInfo.java:updateAndGet(148)) - aa9634f0-8836-44d6-bc05-5b19fbdd93d5: start aa9634f0-8836-44d6-bc05-5b19fbdd93d5@group-813C05265458-LeaderElection217
2025-10-10 10:39:47,014 [aa9634f0-8836-44d6-bc05-5b19fbdd93d5@group-813C05265458-LeaderElection217] INFO  impl.LeaderElection (LeaderElection.java:askForVotes(448)) - aa9634f0-8836-44d6-bc05-5b19fbdd93d5@group-813C05265458-LeaderElection217 PRE_VOTE round 0: submit vote requests at term 1 for conf: {index: 0, cur=peers:[aa9634f0-8836-44d6-bc05-5b19fbdd93d5|127.0.0.1:15063, 36185c6b-22ce-45d1-a622-3a6b487a5a53|127.0.0.1:15071, 895d447a-5476-42e4-b2fa-6eb687701d46|127.0.0.1:15079]|listeners:[], old=null}
2025-10-10 10:39:47,015 [aa9634f0-8836-44d6-bc05-5b19fbdd93d5@group-813C05265458-LeaderElection217] INFO  impl.LeaderElection (LogUtils.java:infoOrTrace(142)) - aa9634f0-8836-44d6-bc05-5b19fbdd93d5@group-813C05265458-LeaderElection217 got exception when requesting votes: java.util.concurrent.ExecutionException: org.apache.ratis.thirdparty.io.grpc.StatusRuntimeException: UNAVAILABLE: io exception
2025-10-10 10:39:47,015 [aa9634f0-8836-44d6-bc05-5b19fbdd93d5@group-813C05265458-LeaderElection217] INFO  impl.LeaderElection (LogUtils.java:infoOrTrace(142)) - aa9634f0-8836-44d6-bc05-5b19fbdd93d5@group-813C05265458-LeaderElection217 got exception when requesting votes: java.util.concurrent.ExecutionException: org.apache.ratis.thirdparty.io.grpc.StatusRuntimeException: UNAVAILABLE: io exception
2025-10-10 10:39:47,015 [aa9634f0-8836-44d6-bc05-5b19fbdd93d5@group-813C05265458-LeaderElection217] INFO  impl.LeaderElection (LeaderElection.java:logAndReturn(206)) - aa9634f0-8836-44d6-bc05-5b19fbdd93d5@group-813C05265458-LeaderElection217: PRE_VOTE REJECTED received 0 response(s) and 2 exception(s):
2025-10-10 10:39:47,015 [aa9634f0-8836-44d6-bc05-5b19fbdd93d5@group-813C05265458-LeaderElection217] INFO  impl.LeaderElection (LogUtils.java:infoOrTrace(142)) -   Exception 0: java.util.concurrent.ExecutionException: org.apache.ratis.thirdparty.io.grpc.StatusRuntimeException: UNAVAILABLE: io exception
2025-10-10 10:39:47,015 [aa9634f0-8836-44d6-bc05-5b19fbdd93d5@group-813C05265458-LeaderElection217] INFO  impl.LeaderElection (LogUtils.java:infoOrTrace(142)) -   Exception 1: java.util.concurrent.ExecutionException: org.apache.ratis.thirdparty.io.grpc.StatusRuntimeException: UNAVAILABLE: io exception
2025-10-10 10:39:47,015 [aa9634f0-8836-44d6-bc05-5b19fbdd93d5@group-813C05265458-LeaderElection217] INFO  impl.LeaderElection (LeaderElection.java:askForVotes(450)) - aa9634f0-8836-44d6-bc05-5b19fbdd93d5@group-813C05265458-LeaderElection217 PRE_VOTE round 0: result REJECTED
2025-10-10 10:39:47,015 [aa9634f0-8836-44d6-bc05-5b19fbdd93d5@group-813C05265458-LeaderElection217] INFO  server.RaftServer$Division (RaftServerImpl.java:setRole(392)) - aa9634f0-8836-44d6-bc05-5b19fbdd93d5@group-813C05265458: changes role from CANDIDATE to FOLLOWER at term 1 for REJECTED
2025-10-10 10:39:47,015 [aa9634f0-8836-44d6-bc05-5b19fbdd93d5@group-813C05265458-LeaderElection217] INFO  impl.RoleInfo (RoleInfo.java:shutdownLeaderElection(141)) - aa9634f0-8836-44d6-bc05-5b19fbdd93d5: shutdown aa9634f0-8836-44d6-bc05-5b19fbdd93d5@group-813C05265458-LeaderElection217
2025-10-10 10:39:47,015 [aa9634f0-8836-44d6-bc05-5b19fbdd93d5@group-813C05265458-LeaderElection217] INFO  impl.RoleInfo (RoleInfo.java:updateAndGet(148)) - aa9634f0-8836-44d6-bc05-5b19fbdd93d5: start aa9634f0-8836-44d6-bc05-5b19fbdd93d5@group-813C05265458-FollowerState
2025-10-10 10:39:47,540 [36185c6b-22ce-45d1-a622-3a6b487a5a53-impl-thread3] INFO  segmented.SegmentedRaftLogWorker (SegmentedRaftLogWorker.java:close(254)) - 36185c6b-22ce-45d1-a622-3a6b487a5a53@group-813C05265458-SegmentedRaftLogWorker close()
2025-10-10 10:39:47,540 [36185c6b-22ce-45d1-a622-3a6b487a5a53-impl-thread3] INFO  ratis.ContainerStateMachine (ContainerStateMachine.java:notifyServerShutdown(1038)) - group-813C05265458 is closed by HddsDatanodeService
2025-10-10 10:39:47,686 [36185c6b-22ce-45d1-a622-3a6b487a5a53-impl-thread1] INFO  segmented.SegmentedRaftLogWorker (SegmentedRaftLogWorker.java:close(254)) - 36185c6b-22ce-45d1-a622-3a6b487a5a53@group-386B2F16DF49-SegmentedRaftLogWorker close()
2025-10-10 10:39:47,686 [36185c6b-22ce-45d1-a622-3a6b487a5a53-impl-thread1] INFO  ratis.ContainerStateMachine (ContainerStateMachine.java:notifyServerShutdown(1038)) - group-386B2F16DF49 is closed by HddsDatanodeService
2025-10-10 10:39:47,881 [36185c6b-22ce-45d1-a622-3a6b487a5a53-impl-thread2] INFO  segmented.SegmentedRaftLogWorker (SegmentedRaftLogWorker.java:close(254)) - 36185c6b-22ce-45d1-a622-3a6b487a5a53@group-6EF60CB14872-SegmentedRaftLogWorker close()
2025-10-10 10:39:47,881 [36185c6b-22ce-45d1-a622-3a6b487a5a53-impl-thread2] INFO  ratis.ContainerStateMachine (ContainerStateMachine.java:notifyServerShutdown(1038)) - group-6EF60CB14872 is closed by HddsDatanodeService
2025-10-10 10:39:47,881 [JvmPauseMonitor15] INFO  util.JvmPauseMonitor (JvmPauseMonitor.java:run(152)) - JvmPauseMonitor-36185c6b-22ce-45d1-a622-3a6b487a5a53: Stopped
2025-10-10 10:39:48,008 [895d447a-5476-42e4-b2fa-6eb687701d46@group-813C05265458-FollowerState] INFO  impl.FollowerState (FollowerState.java:runImpl(161)) - 895d447a-5476-42e4-b2fa-6eb687701d46@group-813C05265458-FollowerState: change to CANDIDATE, lastRpcElapsedTime:1172970148ns, electionTimeout:1033ms
2025-10-10 10:39:48,008 [895d447a-5476-42e4-b2fa-6eb687701d46@group-813C05265458-FollowerState] INFO  impl.RoleInfo (RoleInfo.java:shutdownFollowerState(121)) - 895d447a-5476-42e4-b2fa-6eb687701d46: shutdown 895d447a-5476-42e4-b2fa-6eb687701d46@group-813C05265458-FollowerState
2025-10-10 10:39:48,008 [895d447a-5476-42e4-b2fa-6eb687701d46@group-813C05265458-FollowerState] INFO  server.RaftServer$Division (RaftServerImpl.java:setRole(392)) - 895d447a-5476-42e4-b2fa-6eb687701d46@group-813C05265458: changes role from  FOLLOWER to CANDIDATE at term 1 for changeToCandidate
2025-10-10 10:39:48,008 [895d447a-5476-42e4-b2fa-6eb687701d46@group-813C05265458-FollowerState] INFO  impl.RoleInfo (RoleInfo.java:updateAndGet(148)) - 895d447a-5476-42e4-b2fa-6eb687701d46: start 895d447a-5476-42e4-b2fa-6eb687701d46@group-813C05265458-LeaderElection218
2025-10-10 10:39:48,009 [895d447a-5476-42e4-b2fa-6eb687701d46@group-813C05265458-LeaderElection218] INFO  impl.LeaderElection (LeaderElection.java:askForVotes(448)) - 895d447a-5476-42e4-b2fa-6eb687701d46@group-813C05265458-LeaderElection218 PRE_VOTE round 0: submit vote requests at term 1 for conf: {index: 0, cur=peers:[aa9634f0-8836-44d6-bc05-5b19fbdd93d5|127.0.0.1:15063, 36185c6b-22ce-45d1-a622-3a6b487a5a53|127.0.0.1:15071, 895d447a-5476-42e4-b2fa-6eb687701d46|127.0.0.1:15079]|listeners:[], old=null}
2025-10-10 10:39:48,010 [grpc-default-executor-1] INFO  server.RaftServer$Division (RaftServerImpl.java:requestVote(1421)) - aa9634f0-8836-44d6-bc05-5b19fbdd93d5@group-813C05265458: receive requestVote(PRE_VOTE, 895d447a-5476-42e4-b2fa-6eb687701d46, group-813C05265458, 1, (t:1, i:0))
2025-10-10 10:39:48,010 [grpc-default-executor-1] INFO  impl.VoteContext (VoteContext.java:log(49)) - aa9634f0-8836-44d6-bc05-5b19fbdd93d5@group-813C05265458-FOLLOWER: reject PRE_VOTE from 895d447a-5476-42e4-b2fa-6eb687701d46: our priority 1 > candidate's priority 0
2025-10-10 10:39:48,010 [grpc-default-executor-1] INFO  server.RaftServer$Division (RaftServerImpl.java:requestVote(1455)) - aa9634f0-8836-44d6-bc05-5b19fbdd93d5@group-813C05265458 replies to PRE_VOTE vote request: 895d447a-5476-42e4-b2fa-6eb687701d46<-aa9634f0-8836-44d6-bc05-5b19fbdd93d5#0:FAIL-t1-last:(t:1, i:0). Peer's state: aa9634f0-8836-44d6-bc05-5b19fbdd93d5@group-813C05265458:t1, leader=null, voted=aa9634f0-8836-44d6-bc05-5b19fbdd93d5, raftlog=Memoized:aa9634f0-8836-44d6-bc05-5b19fbdd93d5@group-813C05265458-SegmentedRaftLog:OPENED:c0:last(t:1, i:0), conf=conf: {index: 0, cur=peers:[aa9634f0-8836-44d6-bc05-5b19fbdd93d5|127.0.0.1:15063, 36185c6b-22ce-45d1-a622-3a6b487a5a53|127.0.0.1:15071, 895d447a-5476-42e4-b2fa-6eb687701d46|127.0.0.1:15079]|listeners:[], old=null}
2025-10-10 10:39:48,011 [895d447a-5476-42e4-b2fa-6eb687701d46@group-813C05265458-LeaderElection218] INFO  impl.LeaderElection (LogUtils.java:infoOrTrace(142)) - 895d447a-5476-42e4-b2fa-6eb687701d46@group-813C05265458-LeaderElection218 got exception when requesting votes: java.util.concurrent.ExecutionException: org.apache.ratis.thirdparty.io.grpc.StatusRuntimeException: UNAVAILABLE: io exception
2025-10-10 10:39:48,011 [895d447a-5476-42e4-b2fa-6eb687701d46@group-813C05265458-LeaderElection218] INFO  impl.LeaderElection (LeaderElection.java:logAndReturn(206)) - 895d447a-5476-42e4-b2fa-6eb687701d46@group-813C05265458-LeaderElection218: PRE_VOTE REJECTED received 1 response(s) and 1 exception(s):
2025-10-10 10:39:48,011 [895d447a-5476-42e4-b2fa-6eb687701d46@group-813C05265458-LeaderElection218] INFO  impl.LeaderElection (LeaderElection.java:logAndReturn(210)) -   Response 0: 895d447a-5476-42e4-b2fa-6eb687701d46<-aa9634f0-8836-44d6-bc05-5b19fbdd93d5#0:FAIL-t1-last:(t:1, i:0)
2025-10-10 10:39:48,011 [895d447a-5476-42e4-b2fa-6eb687701d46@group-813C05265458-LeaderElection218] INFO  impl.LeaderElection (LogUtils.java:infoOrTrace(142)) -   Exception 1: java.util.concurrent.ExecutionException: org.apache.ratis.thirdparty.io.grpc.StatusRuntimeException: UNAVAILABLE: io exception
2025-10-10 10:39:48,011 [895d447a-5476-42e4-b2fa-6eb687701d46@group-813C05265458-LeaderElection218] INFO  impl.LeaderElection (LeaderElection.java:askForVotes(450)) - 895d447a-5476-42e4-b2fa-6eb687701d46@group-813C05265458-LeaderElection218 PRE_VOTE round 0: result REJECTED
2025-10-10 10:39:48,011 [895d447a-5476-42e4-b2fa-6eb687701d46@group-813C05265458-LeaderElection218] INFO  server.RaftServer$Division (RaftServerImpl.java:setRole(392)) - 895d447a-5476-42e4-b2fa-6eb687701d46@group-813C05265458: changes role from CANDIDATE to FOLLOWER at term 1 for REJECTED
2025-10-10 10:39:48,011 [895d447a-5476-42e4-b2fa-6eb687701d46@group-813C05265458-LeaderElection218] INFO  impl.RoleInfo (RoleInfo.java:shutdownLeaderElection(141)) - 895d447a-5476-42e4-b2fa-6eb687701d46: shutdown 895d447a-5476-42e4-b2fa-6eb687701d46@group-813C05265458-LeaderElection218
2025-10-10 10:39:48,011 [895d447a-5476-42e4-b2fa-6eb687701d46@group-813C05265458-LeaderElection218] INFO  impl.RoleInfo (RoleInfo.java:updateAndGet(148)) - 895d447a-5476-42e4-b2fa-6eb687701d46: start 895d447a-5476-42e4-b2fa-6eb687701d46@group-813C05265458-FollowerState
2025-10-10 10:39:48,011 [895d447a-5476-42e4-b2fa-6eb687701d46@group-813C05265458-LeaderElection218] INFO  server.RaftServer$Division (RaftServerImpl.java:setFirstElection(576)) - 895d447a-5476-42e4-b2fa-6eb687701d46@group-813C05265458: set firstElectionSinceStartup to false for REJECTED
2025-10-10 10:39:48,059 [aa9634f0-8836-44d6-bc05-5b19fbdd93d5@group-813C05265458-FollowerState] INFO  impl.FollowerState (FollowerState.java:runImpl(161)) - aa9634f0-8836-44d6-bc05-5b19fbdd93d5@group-813C05265458-FollowerState: change to CANDIDATE, lastRpcElapsedTime:1043516112ns, electionTimeout:1043ms
2025-10-10 10:39:48,059 [aa9634f0-8836-44d6-bc05-5b19fbdd93d5@group-813C05265458-FollowerState] INFO  impl.RoleInfo (RoleInfo.java:shutdownFollowerState(121)) - aa9634f0-8836-44d6-bc05-5b19fbdd93d5: shutdown aa9634f0-8836-44d6-bc05-5b19fbdd93d5@group-813C05265458-FollowerState
2025-10-10 10:39:48,059 [aa9634f0-8836-44d6-bc05-5b19fbdd93d5@group-813C05265458-FollowerState] INFO  server.RaftServer$Division (RaftServerImpl.java:setRole(392)) - aa9634f0-8836-44d6-bc05-5b19fbdd93d5@group-813C05265458: changes role from  FOLLOWER to CANDIDATE at term 1 for changeToCandidate
2025-10-10 10:39:48,059 [aa9634f0-8836-44d6-bc05-5b19fbdd93d5@group-813C05265458-FollowerState] INFO  impl.RoleInfo (RoleInfo.java:updateAndGet(148)) - aa9634f0-8836-44d6-bc05-5b19fbdd93d5: start aa9634f0-8836-44d6-bc05-5b19fbdd93d5@group-813C05265458-LeaderElection219
2025-10-10 10:39:48,059 [aa9634f0-8836-44d6-bc05-5b19fbdd93d5@group-813C05265458-LeaderElection219] INFO  impl.LeaderElection (LeaderElection.java:askForVotes(448)) - aa9634f0-8836-44d6-bc05-5b19fbdd93d5@group-813C05265458-LeaderElection219 PRE_VOTE round 0: submit vote requests at term 1 for conf: {index: 0, cur=peers:[aa9634f0-8836-44d6-bc05-5b19fbdd93d5|127.0.0.1:15063, 36185c6b-22ce-45d1-a622-3a6b487a5a53|127.0.0.1:15071, 895d447a-5476-42e4-b2fa-6eb687701d46|127.0.0.1:15079]|listeners:[], old=null}
2025-10-10 10:39:48,060 [aa9634f0-8836-44d6-bc05-5b19fbdd93d5@group-813C05265458-LeaderElection219] INFO  impl.LeaderElection (LogUtils.java:infoOrTrace(142)) - aa9634f0-8836-44d6-bc05-5b19fbdd93d5@group-813C05265458-LeaderElection219 got exception when requesting votes: java.util.concurrent.ExecutionException: org.apache.ratis.thirdparty.io.grpc.StatusRuntimeException: UNAVAILABLE: io exception
2025-10-10 10:39:48,060 [aa9634f0-8836-44d6-bc05-5b19fbdd93d5@group-813C05265458-LeaderElection219] INFO  impl.LeaderElection (LogUtils.java:infoOrTrace(142)) - aa9634f0-8836-44d6-bc05-5b19fbdd93d5@group-813C05265458-LeaderElection219 got exception when requesting votes: java.util.concurrent.ExecutionException: org.apache.ratis.thirdparty.io.grpc.StatusRuntimeException: UNAVAILABLE: io exception
2025-10-10 10:39:48,060 [aa9634f0-8836-44d6-bc05-5b19fbdd93d5@group-813C05265458-LeaderElection219] INFO  impl.LeaderElection (LeaderElection.java:logAndReturn(206)) - aa9634f0-8836-44d6-bc05-5b19fbdd93d5@group-813C05265458-LeaderElection219: PRE_VOTE REJECTED received 0 response(s) and 2 exception(s):
2025-10-10 10:39:48,060 [aa9634f0-8836-44d6-bc05-5b19fbdd93d5@group-813C05265458-LeaderElection219] INFO  impl.LeaderElection (LogUtils.java:infoOrTrace(142)) -   Exception 0: java.util.concurrent.ExecutionException: org.apache.ratis.thirdparty.io.grpc.StatusRuntimeException: UNAVAILABLE: io exception
2025-10-10 10:39:48,060 [aa9634f0-8836-44d6-bc05-5b19fbdd93d5@group-813C05265458-LeaderElection219] INFO  impl.LeaderElection (LogUtils.java:infoOrTrace(142)) -   Exception 1: java.util.concurrent.ExecutionException: org.apache.ratis.thirdparty.io.grpc.StatusRuntimeException: UNAVAILABLE: io exception
2025-10-10 10:39:48,060 [aa9634f0-8836-44d6-bc05-5b19fbdd93d5@group-813C05265458-LeaderElection219] INFO  impl.LeaderElection (LeaderElection.java:askForVotes(450)) - aa9634f0-8836-44d6-bc05-5b19fbdd93d5@group-813C05265458-LeaderElection219 PRE_VOTE round 0: result REJECTED
2025-10-10 10:39:48,060 [aa9634f0-8836-44d6-bc05-5b19fbdd93d5@group-813C05265458-LeaderElection219] INFO  server.RaftServer$Division (RaftServerImpl.java:setRole(392)) - aa9634f0-8836-44d6-bc05-5b19fbdd93d5@group-813C05265458: changes role from CANDIDATE to FOLLOWER at term 1 for REJECTED
2025-10-10 10:39:48,060 [aa9634f0-8836-44d6-bc05-5b19fbdd93d5@group-813C05265458-LeaderElection219] INFO  impl.RoleInfo (RoleInfo.java:shutdownLeaderElection(141)) - aa9634f0-8836-44d6-bc05-5b19fbdd93d5: shutdown aa9634f0-8836-44d6-bc05-5b19fbdd93d5@group-813C05265458-LeaderElection219
2025-10-10 10:39:48,060 [aa9634f0-8836-44d6-bc05-5b19fbdd93d5@group-813C05265458-LeaderElection219] INFO  impl.RoleInfo (RoleInfo.java:updateAndGet(148)) - aa9634f0-8836-44d6-bc05-5b19fbdd93d5: start aa9634f0-8836-44d6-bc05-5b19fbdd93d5@group-813C05265458-FollowerState
2025-10-10 10:39:48,275 [aa9634f0-8836-44d6-bc05-5b19fbdd93d5@group-6EF60CB14872-FollowerState] INFO  impl.FollowerState (FollowerState.java:runImpl(161)) - aa9634f0-8836-44d6-bc05-5b19fbdd93d5@group-6EF60CB14872-FollowerState: change to CANDIDATE, lastRpcElapsedTime:1395141391ns, electionTimeout:1144ms
2025-10-10 10:39:48,275 [aa9634f0-8836-44d6-bc05-5b19fbdd93d5@group-6EF60CB14872-FollowerState] INFO  impl.RoleInfo (RoleInfo.java:shutdownFollowerState(121)) - aa9634f0-8836-44d6-bc05-5b19fbdd93d5: shutdown aa9634f0-8836-44d6-bc05-5b19fbdd93d5@group-6EF60CB14872-FollowerState
2025-10-10 10:39:48,275 [aa9634f0-8836-44d6-bc05-5b19fbdd93d5@group-6EF60CB14872-FollowerState] INFO  server.RaftServer$Division (RaftServerImpl.java:setRole(392)) - aa9634f0-8836-44d6-bc05-5b19fbdd93d5@group-6EF60CB14872: changes role from  FOLLOWER to CANDIDATE at term 4 for changeToCandidate
2025-10-10 10:39:48,275 [aa9634f0-8836-44d6-bc05-5b19fbdd93d5@group-6EF60CB14872-FollowerState] INFO  impl.RoleInfo (RoleInfo.java:updateAndGet(148)) - aa9634f0-8836-44d6-bc05-5b19fbdd93d5: start aa9634f0-8836-44d6-bc05-5b19fbdd93d5@group-6EF60CB14872-LeaderElection220
2025-10-10 10:39:48,276 [aa9634f0-8836-44d6-bc05-5b19fbdd93d5@group-6EF60CB14872-LeaderElection220] INFO  server.RaftServer$Division (ServerState.java:setLeader(272)) - aa9634f0-8836-44d6-bc05-5b19fbdd93d5@group-6EF60CB14872: change Leader from 36185c6b-22ce-45d1-a622-3a6b487a5a53 to null at term 4 for PRE_VOTE
2025-10-10 10:39:48,276 [aa9634f0-8836-44d6-bc05-5b19fbdd93d5@group-6EF60CB14872-LeaderElection220] INFO  impl.LeaderElection (LeaderElection.java:askForVotes(448)) - aa9634f0-8836-44d6-bc05-5b19fbdd93d5@group-6EF60CB14872-LeaderElection220 PRE_VOTE round 0: submit vote requests at term 4 for conf: {index: 11, cur=peers:[aa9634f0-8836-44d6-bc05-5b19fbdd93d5|127.0.0.1:15063, 36185c6b-22ce-45d1-a622-3a6b487a5a53|127.0.0.1:15071, 895d447a-5476-42e4-b2fa-6eb687701d46|127.0.0.1:15079]|listeners:[], old=null}
2025-10-10 10:39:48,276 [aa9634f0-8836-44d6-bc05-5b19fbdd93d5@group-6EF60CB14872-LeaderElection220] INFO  impl.LeaderElection (LogUtils.java:infoOrTrace(142)) - aa9634f0-8836-44d6-bc05-5b19fbdd93d5@group-6EF60CB14872-LeaderElection220 got exception when requesting votes: java.util.concurrent.ExecutionException: org.apache.ratis.thirdparty.io.grpc.StatusRuntimeException: UNAVAILABLE: io exception
2025-10-10 10:39:48,276 [aa9634f0-8836-44d6-bc05-5b19fbdd93d5@group-6EF60CB14872-LeaderElection220] INFO  impl.LeaderElection (LogUtils.java:infoOrTrace(142)) - aa9634f0-8836-44d6-bc05-5b19fbdd93d5@group-6EF60CB14872-LeaderElection220 got exception when requesting votes: java.util.concurrent.ExecutionException: org.apache.ratis.thirdparty.io.grpc.StatusRuntimeException: UNAVAILABLE: io exception
2025-10-10 10:39:48,276 [aa9634f0-8836-44d6-bc05-5b19fbdd93d5@group-6EF60CB14872-LeaderElection220] INFO  impl.LeaderElection (LeaderElection.java:logAndReturn(206)) - aa9634f0-8836-44d6-bc05-5b19fbdd93d5@group-6EF60CB14872-LeaderElection220: PRE_VOTE REJECTED received 0 response(s) and 2 exception(s):
2025-10-10 10:39:48,276 [aa9634f0-8836-44d6-bc05-5b19fbdd93d5@group-6EF60CB14872-LeaderElection220] INFO  impl.LeaderElection (LogUtils.java:infoOrTrace(142)) -   Exception 0: java.util.concurrent.ExecutionException: org.apache.ratis.thirdparty.io.grpc.StatusRuntimeException: UNAVAILABLE: io exception
2025-10-10 10:39:48,276 [aa9634f0-8836-44d6-bc05-5b19fbdd93d5@group-6EF60CB14872-LeaderElection220] INFO  impl.LeaderElection (LogUtils.java:infoOrTrace(142)) -   Exception 1: java.util.concurrent.ExecutionException: org.apache.ratis.thirdparty.io.grpc.StatusRuntimeException: UNAVAILABLE: io exception
2025-10-10 10:39:48,276 [aa9634f0-8836-44d6-bc05-5b19fbdd93d5@group-6EF60CB14872-LeaderElection220] INFO  impl.LeaderElection (LeaderElection.java:askForVotes(450)) - aa9634f0-8836-44d6-bc05-5b19fbdd93d5@group-6EF60CB14872-LeaderElection220 PRE_VOTE round 0: result REJECTED
2025-10-10 10:39:48,276 [aa9634f0-8836-44d6-bc05-5b19fbdd93d5@group-6EF60CB14872-LeaderElection220] INFO  server.RaftServer$Division (RaftServerImpl.java:setRole(392)) - aa9634f0-8836-44d6-bc05-5b19fbdd93d5@group-6EF60CB14872: changes role from CANDIDATE to FOLLOWER at term 4 for REJECTED
2025-10-10 10:39:48,276 [aa9634f0-8836-44d6-bc05-5b19fbdd93d5@group-6EF60CB14872-LeaderElection220] INFO  impl.RoleInfo (RoleInfo.java:shutdownLeaderElection(141)) - aa9634f0-8836-44d6-bc05-5b19fbdd93d5: shutdown aa9634f0-8836-44d6-bc05-5b19fbdd93d5@group-6EF60CB14872-LeaderElection220
2025-10-10 10:39:48,277 [aa9634f0-8836-44d6-bc05-5b19fbdd93d5@group-6EF60CB14872-LeaderElection220] INFO  impl.RoleInfo (RoleInfo.java:updateAndGet(148)) - aa9634f0-8836-44d6-bc05-5b19fbdd93d5: start aa9634f0-8836-44d6-bc05-5b19fbdd93d5@group-6EF60CB14872-FollowerState
2025-10-10 10:39:48,380 [895d447a-5476-42e4-b2fa-6eb687701d46@group-6EF60CB14872-FollowerState] INFO  impl.FollowerState (FollowerState.java:runImpl(161)) - 895d447a-5476-42e4-b2fa-6eb687701d46@group-6EF60CB14872-FollowerState: change to CANDIDATE, lastRpcElapsedTime:1499898724ns, electionTimeout:1082ms
2025-10-10 10:39:48,380 [895d447a-5476-42e4-b2fa-6eb687701d46@group-6EF60CB14872-FollowerState] INFO  impl.RoleInfo (RoleInfo.java:shutdownFollowerState(121)) - 895d447a-5476-42e4-b2fa-6eb687701d46: shutdown 895d447a-5476-42e4-b2fa-6eb687701d46@group-6EF60CB14872-FollowerState
2025-10-10 10:39:48,380 [895d447a-5476-42e4-b2fa-6eb687701d46@group-6EF60CB14872-FollowerState] INFO  server.RaftServer$Division (RaftServerImpl.java:setRole(392)) - 895d447a-5476-42e4-b2fa-6eb687701d46@group-6EF60CB14872: changes role from  FOLLOWER to CANDIDATE at term 4 for changeToCandidate
2025-10-10 10:39:48,380 [895d447a-5476-42e4-b2fa-6eb687701d46@group-6EF60CB14872-FollowerState] INFO  impl.RoleInfo (RoleInfo.java:updateAndGet(148)) - 895d447a-5476-42e4-b2fa-6eb687701d46: start 895d447a-5476-42e4-b2fa-6eb687701d46@group-6EF60CB14872-LeaderElection221
2025-10-10 10:39:48,380 [895d447a-5476-42e4-b2fa-6eb687701d46@group-6EF60CB14872-LeaderElection221] INFO  server.RaftServer$Division (ServerState.java:setLeader(272)) - 895d447a-5476-42e4-b2fa-6eb687701d46@group-6EF60CB14872: change Leader from 36185c6b-22ce-45d1-a622-3a6b487a5a53 to null at term 4 for PRE_VOTE
2025-10-10 10:39:48,380 [895d447a-5476-42e4-b2fa-6eb687701d46@group-6EF60CB14872-LeaderElection221] INFO  impl.LeaderElection (LeaderElection.java:askForVotes(448)) - 895d447a-5476-42e4-b2fa-6eb687701d46@group-6EF60CB14872-LeaderElection221 PRE_VOTE round 0: submit vote requests at term 4 for conf: {index: 11, cur=peers:[aa9634f0-8836-44d6-bc05-5b19fbdd93d5|127.0.0.1:15063, 36185c6b-22ce-45d1-a622-3a6b487a5a53|127.0.0.1:15071, 895d447a-5476-42e4-b2fa-6eb687701d46|127.0.0.1:15079]|listeners:[], old=null}
2025-10-10 10:39:48,381 [895d447a-5476-42e4-b2fa-6eb687701d46@group-6EF60CB14872-LeaderElection221] INFO  impl.LeaderElection (LogUtils.java:infoOrTrace(142)) - 895d447a-5476-42e4-b2fa-6eb687701d46@group-6EF60CB14872-LeaderElection221 got exception when requesting votes: java.util.concurrent.ExecutionException: org.apache.ratis.thirdparty.io.grpc.StatusRuntimeException: UNAVAILABLE: io exception
2025-10-10 10:39:48,382 [grpc-default-executor-1] INFO  server.RaftServer$Division (RaftServerImpl.java:requestVote(1421)) - aa9634f0-8836-44d6-bc05-5b19fbdd93d5@group-6EF60CB14872: receive requestVote(PRE_VOTE, 895d447a-5476-42e4-b2fa-6eb687701d46, group-6EF60CB14872, 4, (t:4, i:19))
2025-10-10 10:39:48,382 [grpc-default-executor-1] INFO  impl.VoteContext (VoteContext.java:log(49)) - aa9634f0-8836-44d6-bc05-5b19fbdd93d5@group-6EF60CB14872-FOLLOWER: accept PRE_VOTE from 895d447a-5476-42e4-b2fa-6eb687701d46: our priority 0 <= candidate's priority 0
2025-10-10 10:39:48,382 [grpc-default-executor-1] INFO  server.RaftServer$Division (RaftServerImpl.java:requestVote(1455)) - aa9634f0-8836-44d6-bc05-5b19fbdd93d5@group-6EF60CB14872 replies to PRE_VOTE vote request: 895d447a-5476-42e4-b2fa-6eb687701d46<-aa9634f0-8836-44d6-bc05-5b19fbdd93d5#0:OK-t4-last:(t:4, i:19). Peer's state: aa9634f0-8836-44d6-bc05-5b19fbdd93d5@group-6EF60CB14872:t4, leader=null, voted=36185c6b-22ce-45d1-a622-3a6b487a5a53, raftlog=Memoized:aa9634f0-8836-44d6-bc05-5b19fbdd93d5@group-6EF60CB14872-SegmentedRaftLog:OPENED:c18:last(t:4, i:19), conf=conf: {index: 11, cur=peers:[aa9634f0-8836-44d6-bc05-5b19fbdd93d5|127.0.0.1:15063, 36185c6b-22ce-45d1-a622-3a6b487a5a53|127.0.0.1:15071, 895d447a-5476-42e4-b2fa-6eb687701d46|127.0.0.1:15079]|listeners:[], old=null}
2025-10-10 10:39:48,382 [895d447a-5476-42e4-b2fa-6eb687701d46@group-6EF60CB14872-LeaderElection221] INFO  impl.LeaderElection (LeaderElection.java:logAndReturn(206)) - 895d447a-5476-42e4-b2fa-6eb687701d46@group-6EF60CB14872-LeaderElection221: PRE_VOTE PASSED received 1 response(s) and 1 exception(s):
2025-10-10 10:39:48,382 [895d447a-5476-42e4-b2fa-6eb687701d46@group-6EF60CB14872-LeaderElection221] INFO  impl.LeaderElection (LeaderElection.java:logAndReturn(210)) -   Response 0: 895d447a-5476-42e4-b2fa-6eb687701d46<-aa9634f0-8836-44d6-bc05-5b19fbdd93d5#0:OK-t4-last:(t:4, i:19)
2025-10-10 10:39:48,382 [895d447a-5476-42e4-b2fa-6eb687701d46@group-6EF60CB14872-LeaderElection221] INFO  impl.LeaderElection (LogUtils.java:infoOrTrace(142)) -   Exception 1: java.util.concurrent.ExecutionException: org.apache.ratis.thirdparty.io.grpc.StatusRuntimeException: UNAVAILABLE: io exception
2025-10-10 10:39:48,382 [895d447a-5476-42e4-b2fa-6eb687701d46@group-6EF60CB14872-LeaderElection221] INFO  impl.LeaderElection (LeaderElection.java:askForVotes(450)) - 895d447a-5476-42e4-b2fa-6eb687701d46@group-6EF60CB14872-LeaderElection221 PRE_VOTE round 0: result PASSED
2025-10-10 10:39:48,385 [895d447a-5476-42e4-b2fa-6eb687701d46@group-6EF60CB14872-LeaderElection221] INFO  impl.LeaderElection (LeaderElection.java:askForVotes(448)) - 895d447a-5476-42e4-b2fa-6eb687701d46@group-6EF60CB14872-LeaderElection221 ELECTION round 0: submit vote requests at term 5 for conf: {index: 11, cur=peers:[aa9634f0-8836-44d6-bc05-5b19fbdd93d5|127.0.0.1:15063, 36185c6b-22ce-45d1-a622-3a6b487a5a53|127.0.0.1:15071, 895d447a-5476-42e4-b2fa-6eb687701d46|127.0.0.1:15079]|listeners:[], old=null}
2025-10-10 10:39:48,385 [895d447a-5476-42e4-b2fa-6eb687701d46@group-6EF60CB14872-LeaderElection221] INFO  impl.LeaderElection (LogUtils.java:infoOrTrace(142)) - 895d447a-5476-42e4-b2fa-6eb687701d46@group-6EF60CB14872-LeaderElection221 got exception when requesting votes: java.util.concurrent.ExecutionException: org.apache.ratis.thirdparty.io.grpc.StatusRuntimeException: UNAVAILABLE: io exception
2025-10-10 10:39:48,386 [grpc-default-executor-1] INFO  server.RaftServer$Division (RaftServerImpl.java:requestVote(1421)) - aa9634f0-8836-44d6-bc05-5b19fbdd93d5@group-6EF60CB14872: receive requestVote(ELECTION, 895d447a-5476-42e4-b2fa-6eb687701d46, group-6EF60CB14872, 5, (t:4, i:19))
2025-10-10 10:39:48,386 [grpc-default-executor-1] INFO  impl.VoteContext (VoteContext.java:log(49)) - aa9634f0-8836-44d6-bc05-5b19fbdd93d5@group-6EF60CB14872-FOLLOWER: accept ELECTION from 895d447a-5476-42e4-b2fa-6eb687701d46: our priority 0 <= candidate's priority 0
2025-10-10 10:39:48,386 [grpc-default-executor-1] INFO  server.RaftServer$Division (RaftServerImpl.java:setRole(392)) - aa9634f0-8836-44d6-bc05-5b19fbdd93d5@group-6EF60CB14872: changes role from  FOLLOWER to FOLLOWER at term 4 for candidate:895d447a-5476-42e4-b2fa-6eb687701d46
2025-10-10 10:39:48,386 [grpc-default-executor-1] INFO  impl.RoleInfo (RoleInfo.java:shutdownFollowerState(121)) - aa9634f0-8836-44d6-bc05-5b19fbdd93d5: shutdown aa9634f0-8836-44d6-bc05-5b19fbdd93d5@group-6EF60CB14872-FollowerState
2025-10-10 10:39:48,386 [grpc-default-executor-1] INFO  impl.RoleInfo (RoleInfo.java:updateAndGet(148)) - aa9634f0-8836-44d6-bc05-5b19fbdd93d5: start aa9634f0-8836-44d6-bc05-5b19fbdd93d5@group-6EF60CB14872-FollowerState
2025-10-10 10:39:48,386 [aa9634f0-8836-44d6-bc05-5b19fbdd93d5@group-6EF60CB14872-FollowerState] INFO  impl.FollowerState (FollowerState.java:runImpl(170)) - aa9634f0-8836-44d6-bc05-5b19fbdd93d5@group-6EF60CB14872-FollowerState was interrupted
2025-10-10 10:39:48,387 [grpc-default-executor-1] INFO  server.RaftServer$Division (RaftServerImpl.java:requestVote(1455)) - aa9634f0-8836-44d6-bc05-5b19fbdd93d5@group-6EF60CB14872 replies to ELECTION vote request: 895d447a-5476-42e4-b2fa-6eb687701d46<-aa9634f0-8836-44d6-bc05-5b19fbdd93d5#0:OK-t5-last:(t:4, i:19). Peer's state: aa9634f0-8836-44d6-bc05-5b19fbdd93d5@group-6EF60CB14872:t5, leader=null, voted=895d447a-5476-42e4-b2fa-6eb687701d46, raftlog=Memoized:aa9634f0-8836-44d6-bc05-5b19fbdd93d5@group-6EF60CB14872-SegmentedRaftLog:OPENED:c18:last(t:4, i:19), conf=conf: {index: 11, cur=peers:[aa9634f0-8836-44d6-bc05-5b19fbdd93d5|127.0.0.1:15063, 36185c6b-22ce-45d1-a622-3a6b487a5a53|127.0.0.1:15071, 895d447a-5476-42e4-b2fa-6eb687701d46|127.0.0.1:15079]|listeners:[], old=null}
2025-10-10 10:39:48,387 [895d447a-5476-42e4-b2fa-6eb687701d46@group-6EF60CB14872-LeaderElection221] INFO  impl.LeaderElection (LeaderElection.java:logAndReturn(206)) - 895d447a-5476-42e4-b2fa-6eb687701d46@group-6EF60CB14872-LeaderElection221: ELECTION PASSED received 1 response(s) and 1 exception(s):
2025-10-10 10:39:48,387 [895d447a-5476-42e4-b2fa-6eb687701d46@group-6EF60CB14872-LeaderElection221] INFO  impl.LeaderElection (LeaderElection.java:logAndReturn(210)) -   Response 0: 895d447a-5476-42e4-b2fa-6eb687701d46<-aa9634f0-8836-44d6-bc05-5b19fbdd93d5#0:OK-t5-last:(t:4, i:19)
2025-10-10 10:39:48,387 [895d447a-5476-42e4-b2fa-6eb687701d46@group-6EF60CB14872-LeaderElection221] INFO  impl.LeaderElection (LogUtils.java:infoOrTrace(142)) -   Exception 1: java.util.concurrent.ExecutionException: org.apache.ratis.thirdparty.io.grpc.StatusRuntimeException: UNAVAILABLE: io exception
2025-10-10 10:39:48,387 [895d447a-5476-42e4-b2fa-6eb687701d46@group-6EF60CB14872-LeaderElection221] INFO  impl.LeaderElection (LeaderElection.java:askForVotes(450)) - 895d447a-5476-42e4-b2fa-6eb687701d46@group-6EF60CB14872-LeaderElection221 ELECTION round 0: result PASSED
2025-10-10 10:39:48,387 [895d447a-5476-42e4-b2fa-6eb687701d46@group-6EF60CB14872-LeaderElection221] INFO  impl.RoleInfo (RoleInfo.java:shutdownLeaderElection(141)) - 895d447a-5476-42e4-b2fa-6eb687701d46: shutdown 895d447a-5476-42e4-b2fa-6eb687701d46@group-6EF60CB14872-LeaderElection221
2025-10-10 10:39:48,388 [895d447a-5476-42e4-b2fa-6eb687701d46@group-6EF60CB14872-LeaderElection221] INFO  server.RaftServer$Division (RaftServerImpl.java:setRole(392)) - 895d447a-5476-42e4-b2fa-6eb687701d46@group-6EF60CB14872: changes role from CANDIDATE to LEADER at term 5 for changeToLeader
2025-10-10 10:39:48,388 [895d447a-5476-42e4-b2fa-6eb687701d46@group-6EF60CB14872-LeaderElection221] INFO  server.RaftServerConfigKeys (ConfUtils.java:logFallback(69)) - raft.server.staging.timeout = 3600ms (fallback to raft.server.rpc.timeout.max)
2025-10-10 10:39:48,388 [895d447a-5476-42e4-b2fa-6eb687701d46@group-6EF60CB14872-LeaderElection221] INFO  server.RaftServerConfigKeys (ConfUtils.java:logGet(62)) - raft.server.write.byte-limit = 1024 M (=1073741824) (custom)
2025-10-10 10:39:48,389 [895d447a-5476-42e4-b2fa-6eb687701d46@group-6EF60CB14872-LeaderElection221] INFO  server.RaftServerConfigKeys (ConfUtils.java:logGet(62)) - raft.server.log.appender.buffer.byte-limit = 33554432 (custom)
2025-10-10 10:39:48,389 [895d447a-5476-42e4-b2fa-6eb687701d46@group-6EF60CB14872-LeaderElection221] INFO  server.RaftServerConfigKeys (ConfUtils.java:logGet(62)) - raft.server.log.appender.buffer.byte-limit = 33554432 (custom)
2025-10-10 10:39:48,390 [895d447a-5476-42e4-b2fa-6eb687701d46@group-6EF60CB14872-LeaderElection221] INFO  impl.RoleInfo (RoleInfo.java:updateAndGet(148)) - 895d447a-5476-42e4-b2fa-6eb687701d46: start 895d447a-5476-42e4-b2fa-6eb687701d46@group-6EF60CB14872-LeaderStateImpl
2025-10-10 10:39:48,390 [895d447a-5476-42e4-b2fa-6eb687701d46@group-6EF60CB14872-LeaderElection221] INFO  ratis.XceiverServerRatis (XceiverServerRatis.java:handleLeaderChangedNotification(940)) - Leader change notification received for group: group-6EF60CB14872 with new leaderId: 895d447a-5476-42e4-b2fa-6eb687701d46
2025-10-10 10:39:48,390 [895d447a-5476-42e4-b2fa-6eb687701d46@group-6EF60CB14872-LeaderElection221] INFO  server.RaftServer$Division (ServerState.java:setLeader(272)) - 895d447a-5476-42e4-b2fa-6eb687701d46@group-6EF60CB14872: change Leader from null to 895d447a-5476-42e4-b2fa-6eb687701d46 at term 5 for becomeLeader, leader elected after 9ms
2025-10-10 10:39:48,390 [895d447a-5476-42e4-b2fa-6eb687701d46@group-6EF60CB14872-LeaderElection221] INFO  segmented.SegmentedRaftLogWorker (SegmentedRaftLogWorker.java:rollLogSegment(445)) - 895d447a-5476-42e4-b2fa-6eb687701d46@group-6EF60CB14872-SegmentedRaftLogWorker: Rolling segment log-11_19 to index:19
2025-10-10 10:39:48,390 [895d447a-5476-42e4-b2fa-6eb687701d46@group-6EF60CB14872-LeaderElection221] INFO  server.RaftServer$Division (ServerState.java:setRaftConf(386)) - 895d447a-5476-42e4-b2fa-6eb687701d46@group-6EF60CB14872: set configuration conf: {index: 20, cur=peers:[aa9634f0-8836-44d6-bc05-5b19fbdd93d5|127.0.0.1:15063, 36185c6b-22ce-45d1-a622-3a6b487a5a53|127.0.0.1:15071, 895d447a-5476-42e4-b2fa-6eb687701d46|127.0.0.1:15079]|listeners:[], old=null}
2025-10-10 10:39:48,391 [grpc-default-executor-1] WARN  server.GrpcLogAppender (LogUtils.java:warn(127)) - 895d447a-5476-42e4-b2fa-6eb687701d46@group-6EF60CB14872->36185c6b-22ce-45d1-a622-3a6b487a5a53-AppendLogResponseHandler: Failed appendEntries: org.apache.ratis.thirdparty.io.grpc.StatusRuntimeException: UNAVAILABLE: io exception
  Caused by: org.apache.ratis.thirdparty.io.netty.channel.AbstractChannel$AnnotatedConnectException: finishConnect(..) failed: Connection refused: /127.0.0.1:15071
  Caused by: java.net.ConnectException: finishConnect(..) failed: Connection refused
2025-10-10 10:39:48,392 [895d447a-5476-42e4-b2fa-6eb687701d46@group-6EF60CB14872-SegmentedRaftLogWorker] INFO  segmented.SegmentedRaftLogWorker (SegmentedRaftLogWorker.java:execute(604)) - 895d447a-5476-42e4-b2fa-6eb687701d46@group-6EF60CB14872-SegmentedRaftLogWorker: Rolled log segment from /home/runner/work/ozone/ozone/hadoop-ozone/integration-test/target/test-dir/MiniOzoneClusterImpl-611c99c7-d47b-4433-a4ef-cd0a35b076ef/ozone-metadata/datanode-9/ratis/56f6ef43-c50c-4d35-89b5-6ef60cb14872/current/log_inprogress_11 to /home/runner/work/ozone/ozone/hadoop-ozone/integration-test/target/test-dir/MiniOzoneClusterImpl-611c99c7-d47b-4433-a4ef-cd0a35b076ef/ozone-metadata/datanode-9/ratis/56f6ef43-c50c-4d35-89b5-6ef60cb14872/current/log_11-19
2025-10-10 10:39:48,392 [895d447a-5476-42e4-b2fa-6eb687701d46@group-6EF60CB14872-SegmentedRaftLogWorker] INFO  segmented.BufferedWriteChannel (BufferedWriteChannel.java:open(61)) - open log_inprogress_20 at position 0
2025-10-10 10:39:48,392 [grpc-default-executor-1] WARN  server.GrpcLogAppender (GrpcLogAppender.java:lambda$resetClient$1(228)) - 895d447a-5476-42e4-b2fa-6eb687701d46@group-6EF60CB14872->36185c6b-22ce-45d1-a622-3a6b487a5a53-GrpcLogAppender: Follower failed (request=null, errorCount=1); keep nextIndex (20) unchanged and retry.
2025-10-10 10:39:48,393 [grpc-default-executor-1] INFO  ratis.XceiverServerRatis (XceiverServerRatis.java:handleLeaderChangedNotification(940)) - Leader change notification received for group: group-6EF60CB14872 with new leaderId: 895d447a-5476-42e4-b2fa-6eb687701d46
2025-10-10 10:39:48,393 [grpc-default-executor-1] INFO  server.RaftServer$Division (ServerState.java:setLeader(272)) - aa9634f0-8836-44d6-bc05-5b19fbdd93d5@group-6EF60CB14872: change Leader from null to 895d447a-5476-42e4-b2fa-6eb687701d46 at term 5 for appendEntries, leader elected after 117ms
2025-10-10 10:39:48,394 [grpc-default-executor-8] WARN  server.GrpcLogAppender (GrpcLogAppender.java:lambda$resetClient$1(228)) - 895d447a-5476-42e4-b2fa-6eb687701d46@group-6EF60CB14872->36185c6b-22ce-45d1-a622-3a6b487a5a53-GrpcLogAppender: Follower failed (request=null, errorCount=3); keep nextIndex (21) unchanged and retry.
2025-10-10 10:39:48,395 [grpc-default-executor-1] INFO  server.RaftServer$Division (ServerState.java:setRaftConf(386)) - aa9634f0-8836-44d6-bc05-5b19fbdd93d5@group-6EF60CB14872: set configuration conf: {index: 20, cur=peers:[aa9634f0-8836-44d6-bc05-5b19fbdd93d5|127.0.0.1:15063, 36185c6b-22ce-45d1-a622-3a6b487a5a53|127.0.0.1:15071, 895d447a-5476-42e4-b2fa-6eb687701d46|127.0.0.1:15079]|listeners:[], old=null}
2025-10-10 10:39:48,396 [grpc-default-executor-1] INFO  segmented.SegmentedRaftLogWorker (SegmentedRaftLogWorker.java:rollLogSegment(445)) - aa9634f0-8836-44d6-bc05-5b19fbdd93d5@group-6EF60CB14872-SegmentedRaftLogWorker: Rolling segment log-11_19 to index:19
2025-10-10 10:39:48,398 [aa9634f0-8836-44d6-bc05-5b19fbdd93d5@group-6EF60CB14872-SegmentedRaftLogWorker] INFO  segmented.SegmentedRaftLogWorker (SegmentedRaftLogWorker.java:execute(604)) - aa9634f0-8836-44d6-bc05-5b19fbdd93d5@group-6EF60CB14872-SegmentedRaftLogWorker: Rolled log segment from /home/runner/work/ozone/ozone/hadoop-ozone/integration-test/target/test-dir/MiniOzoneClusterImpl-611c99c7-d47b-4433-a4ef-cd0a35b076ef/ozone-metadata/datanode-7/ratis/56f6ef43-c50c-4d35-89b5-6ef60cb14872/current/log_inprogress_11 to /home/runner/work/ozone/ozone/hadoop-ozone/integration-test/target/test-dir/MiniOzoneClusterImpl-611c99c7-d47b-4433-a4ef-cd0a35b076ef/ozone-metadata/datanode-7/ratis/56f6ef43-c50c-4d35-89b5-6ef60cb14872/current/log_11-19
2025-10-10 10:39:48,398 [aa9634f0-8836-44d6-bc05-5b19fbdd93d5@group-6EF60CB14872-SegmentedRaftLogWorker] INFO  segmented.BufferedWriteChannel (BufferedWriteChannel.java:open(61)) - open log_inprogress_20 at position 0
2025-10-10 10:39:48,399 [895d447a-5476-42e4-b2fa-6eb687701d46@group-6EF60CB14872-SegmentedRaftLogWorker] INFO  segmented.SegmentedRaftLogWorker (SegmentedRaftLogWorker.java:execute(647)) - 895d447a-5476-42e4-b2fa-6eb687701d46@group-6EF60CB14872-SegmentedRaftLogWorker: created new log segment /home/runner/work/ozone/ozone/hadoop-ozone/integration-test/target/test-dir/MiniOzoneClusterImpl-611c99c7-d47b-4433-a4ef-cd0a35b076ef/ozone-metadata/datanode-9/ratis/56f6ef43-c50c-4d35-89b5-6ef60cb14872/current/log_inprogress_20
2025-10-10 10:39:48,404 [aa9634f0-8836-44d6-bc05-5b19fbdd93d5@group-6EF60CB14872-SegmentedRaftLogWorker] INFO  segmented.SegmentedRaftLogWorker (SegmentedRaftLogWorker.java:execute(647)) - aa9634f0-8836-44d6-bc05-5b19fbdd93d5@group-6EF60CB14872-SegmentedRaftLogWorker: created new log segment /home/runner/work/ozone/ozone/hadoop-ozone/integration-test/target/test-dir/MiniOzoneClusterImpl-611c99c7-d47b-4433-a4ef-cd0a35b076ef/ozone-metadata/datanode-7/ratis/56f6ef43-c50c-4d35-89b5-6ef60cb14872/current/log_inprogress_20
2025-10-10 10:39:48,407 [895d447a-5476-42e4-b2fa-6eb687701d46@group-6EF60CB14872-StateMachineUpdater] INFO  server.RaftServer$Division (LeaderStateImpl.java:checkStartIndex(309)) - Leader 895d447a-5476-42e4-b2fa-6eb687701d46@group-6EF60CB14872-LeaderStateImpl is ready since appliedIndex == startIndex == 20
2025-10-10 10:39:48,408 [grpc-default-executor-1] WARN  server.GrpcLogAppender (GrpcLogAppender.java:lambda$resetClient$1(228)) - 895d447a-5476-42e4-b2fa-6eb687701d46@group-6EF60CB14872->36185c6b-22ce-45d1-a622-3a6b487a5a53-GrpcLogAppender: Follower failed (request=null, errorCount=5); keep nextIndex (22) unchanged and retry.
2025-10-10 10:39:49,106 [aa9634f0-8836-44d6-bc05-5b19fbdd93d5@group-813C05265458-FollowerState] INFO  impl.FollowerState (FollowerState.java:runImpl(161)) - aa9634f0-8836-44d6-bc05-5b19fbdd93d5@group-813C05265458-FollowerState: change to CANDIDATE, lastRpcElapsedTime:1046290953ns, electionTimeout:1046ms
2025-10-10 10:39:49,107 [aa9634f0-8836-44d6-bc05-5b19fbdd93d5@group-813C05265458-FollowerState] INFO  impl.RoleInfo (RoleInfo.java:shutdownFollowerState(121)) - aa9634f0-8836-44d6-bc05-5b19fbdd93d5: shutdown aa9634f0-8836-44d6-bc05-5b19fbdd93d5@group-813C05265458-FollowerState
2025-10-10 10:39:49,107 [aa9634f0-8836-44d6-bc05-5b19fbdd93d5@group-813C05265458-FollowerState] INFO  server.RaftServer$Division (RaftServerImpl.java:setRole(392)) - aa9634f0-8836-44d6-bc05-5b19fbdd93d5@group-813C05265458: changes role from  FOLLOWER to CANDIDATE at term 1 for changeToCandidate
2025-10-10 10:39:49,107 [aa9634f0-8836-44d6-bc05-5b19fbdd93d5@group-813C05265458-FollowerState] INFO  impl.RoleInfo (RoleInfo.java:updateAndGet(148)) - aa9634f0-8836-44d6-bc05-5b19fbdd93d5: start aa9634f0-8836-44d6-bc05-5b19fbdd93d5@group-813C05265458-LeaderElection222
2025-10-10 10:39:49,107 [aa9634f0-8836-44d6-bc05-5b19fbdd93d5@group-813C05265458-LeaderElection222] INFO  impl.LeaderElection (LeaderElection.java:askForVotes(448)) - aa9634f0-8836-44d6-bc05-5b19fbdd93d5@group-813C05265458-LeaderElection222 PRE_VOTE round 0: submit vote requests at term 1 for conf: {index: 0, cur=peers:[aa9634f0-8836-44d6-bc05-5b19fbdd93d5|127.0.0.1:15063, 36185c6b-22ce-45d1-a622-3a6b487a5a53|127.0.0.1:15071, 895d447a-5476-42e4-b2fa-6eb687701d46|127.0.0.1:15079]|listeners:[], old=null}
2025-10-10 10:39:49,108 [aa9634f0-8836-44d6-bc05-5b19fbdd93d5@group-813C05265458-LeaderElection222] INFO  impl.LeaderElection (LogUtils.java:infoOrTrace(142)) - aa9634f0-8836-44d6-bc05-5b19fbdd93d5@group-813C05265458-LeaderElection222 got exception when requesting votes: java.util.concurrent.ExecutionException: org.apache.ratis.thirdparty.io.grpc.StatusRuntimeException: UNAVAILABLE: io exception
2025-10-10 10:39:49,108 [aa9634f0-8836-44d6-bc05-5b19fbdd93d5@group-813C05265458-LeaderElection222] INFO  impl.LeaderElection (LogUtils.java:infoOrTrace(142)) - aa9634f0-8836-44d6-bc05-5b19fbdd93d5@group-813C05265458-LeaderElection222 got exception when requesting votes: java.util.concurrent.ExecutionException: org.apache.ratis.thirdparty.io.grpc.StatusRuntimeException: UNAVAILABLE: io exception
2025-10-10 10:39:49,108 [aa9634f0-8836-44d6-bc05-5b19fbdd93d5@group-813C05265458-LeaderElection222] INFO  impl.LeaderElection (LeaderElection.java:logAndReturn(206)) - aa9634f0-8836-44d6-bc05-5b19fbdd93d5@group-813C05265458-LeaderElection222: PRE_VOTE REJECTED received 0 response(s) and 2 exception(s):
2025-10-10 10:39:49,108 [aa9634f0-8836-44d6-bc05-5b19fbdd93d5@group-813C05265458-LeaderElection222] INFO  impl.LeaderElection (LogUtils.java:infoOrTrace(142)) -   Exception 0: java.util.concurrent.ExecutionException: org.apache.ratis.thirdparty.io.grpc.StatusRuntimeException: UNAVAILABLE: io exception
2025-10-10 10:39:49,108 [aa9634f0-8836-44d6-bc05-5b19fbdd93d5@group-813C05265458-LeaderElection222] INFO  impl.LeaderElection (LogUtils.java:infoOrTrace(142)) -   Exception 1: java.util.concurrent.ExecutionException: org.apache.ratis.thirdparty.io.grpc.StatusRuntimeException: UNAVAILABLE: io exception
2025-10-10 10:39:49,108 [aa9634f0-8836-44d6-bc05-5b19fbdd93d5@group-813C05265458-LeaderElection222] INFO  impl.LeaderElection (LeaderElection.java:askForVotes(450)) - aa9634f0-8836-44d6-bc05-5b19fbdd93d5@group-813C05265458-LeaderElection222 PRE_VOTE round 0: result REJECTED
2025-10-10 10:39:49,108 [aa9634f0-8836-44d6-bc05-5b19fbdd93d5@group-813C05265458-LeaderElection222] INFO  server.RaftServer$Division (RaftServerImpl.java:setRole(392)) - aa9634f0-8836-44d6-bc05-5b19fbdd93d5@group-813C05265458: changes role from CANDIDATE to FOLLOWER at term 1 for REJECTED
2025-10-10 10:39:49,108 [aa9634f0-8836-44d6-bc05-5b19fbdd93d5@group-813C05265458-LeaderElection222] INFO  impl.RoleInfo (RoleInfo.java:shutdownLeaderElection(141)) - aa9634f0-8836-44d6-bc05-5b19fbdd93d5: shutdown aa9634f0-8836-44d6-bc05-5b19fbdd93d5@group-813C05265458-LeaderElection222
2025-10-10 10:39:49,108 [aa9634f0-8836-44d6-bc05-5b19fbdd93d5@group-813C05265458-LeaderElection222] INFO  impl.RoleInfo (RoleInfo.java:updateAndGet(148)) - aa9634f0-8836-44d6-bc05-5b19fbdd93d5: start aa9634f0-8836-44d6-bc05-5b19fbdd93d5@group-813C05265458-FollowerState
2025-10-10 10:39:49,199 [895d447a-5476-42e4-b2fa-6eb687701d46@group-813C05265458-FollowerState] INFO  impl.FollowerState (FollowerState.java:runImpl(161)) - 895d447a-5476-42e4-b2fa-6eb687701d46@group-813C05265458-FollowerState: change to CANDIDATE, lastRpcElapsedTime:1188259133ns, electionTimeout:1188ms
2025-10-10 10:39:49,199 [895d447a-5476-42e4-b2fa-6eb687701d46@group-813C05265458-FollowerState] INFO  impl.RoleInfo (RoleInfo.java:shutdownFollowerState(121)) - 895d447a-5476-42e4-b2fa-6eb687701d46: shutdown 895d447a-5476-42e4-b2fa-6eb687701d46@group-813C05265458-FollowerState
2025-10-10 10:39:49,199 [895d447a-5476-42e4-b2fa-6eb687701d46@group-813C05265458-FollowerState] INFO  server.RaftServer$Division (RaftServerImpl.java:setRole(392)) - 895d447a-5476-42e4-b2fa-6eb687701d46@group-813C05265458: changes role from  FOLLOWER to CANDIDATE at term 1 for changeToCandidate
2025-10-10 10:39:49,199 [895d447a-5476-42e4-b2fa-6eb687701d46@group-813C05265458-FollowerState] INFO  impl.RoleInfo (RoleInfo.java:updateAndGet(148)) - 895d447a-5476-42e4-b2fa-6eb687701d46: start 895d447a-5476-42e4-b2fa-6eb687701d46@group-813C05265458-LeaderElection223
2025-10-10 10:39:49,200 [895d447a-5476-42e4-b2fa-6eb687701d46@group-813C05265458-LeaderElection223] INFO  impl.LeaderElection (LeaderElection.java:askForVotes(448)) - 895d447a-5476-42e4-b2fa-6eb687701d46@group-813C05265458-LeaderElection223 PRE_VOTE round 0: submit vote requests at term 1 for conf: {index: 0, cur=peers:[aa9634f0-8836-44d6-bc05-5b19fbdd93d5|127.0.0.1:15063, 36185c6b-22ce-45d1-a622-3a6b487a5a53|127.0.0.1:15071, 895d447a-5476-42e4-b2fa-6eb687701d46|127.0.0.1:15079]|listeners:[], old=null}
2025-10-10 10:39:49,200 [895d447a-5476-42e4-b2fa-6eb687701d46@group-813C05265458-LeaderElection223] INFO  impl.LeaderElection (LogUtils.java:infoOrTrace(142)) - 895d447a-5476-42e4-b2fa-6eb687701d46@group-813C05265458-LeaderElection223 got exception when requesting votes: java.util.concurrent.ExecutionException: org.apache.ratis.thirdparty.io.grpc.StatusRuntimeException: UNAVAILABLE: io exception
2025-10-10 10:39:49,201 [grpc-default-executor-1] INFO  server.RaftServer$Division (RaftServerImpl.java:requestVote(1421)) - aa9634f0-8836-44d6-bc05-5b19fbdd93d5@group-813C05265458: receive requestVote(PRE_VOTE, 895d447a-5476-42e4-b2fa-6eb687701d46, group-813C05265458, 1, (t:1, i:0))
2025-10-10 10:39:49,201 [grpc-default-executor-1] INFO  impl.VoteContext (VoteContext.java:log(49)) - aa9634f0-8836-44d6-bc05-5b19fbdd93d5@group-813C05265458-FOLLOWER: reject PRE_VOTE from 895d447a-5476-42e4-b2fa-6eb687701d46: our priority 1 > candidate's priority 0
2025-10-10 10:39:49,201 [grpc-default-executor-1] INFO  server.RaftServer$Division (RaftServerImpl.java:requestVote(1455)) - aa9634f0-8836-44d6-bc05-5b19fbdd93d5@group-813C05265458 replies to PRE_VOTE vote request: 895d447a-5476-42e4-b2fa-6eb687701d46<-aa9634f0-8836-44d6-bc05-5b19fbdd93d5#0:FAIL-t1-last:(t:1, i:0). Peer's state: aa9634f0-8836-44d6-bc05-5b19fbdd93d5@group-813C05265458:t1, leader=null, voted=aa9634f0-8836-44d6-bc05-5b19fbdd93d5, raftlog=Memoized:aa9634f0-8836-44d6-bc05-5b19fbdd93d5@group-813C05265458-SegmentedRaftLog:OPENED:c0:last(t:1, i:0), conf=conf: {index: 0, cur=peers:[aa9634f0-8836-44d6-bc05-5b19fbdd93d5|127.0.0.1:15063, 36185c6b-22ce-45d1-a622-3a6b487a5a53|127.0.0.1:15071, 895d447a-5476-42e4-b2fa-6eb687701d46|127.0.0.1:15079]|listeners:[], old=null}
2025-10-10 10:39:49,201 [895d447a-5476-42e4-b2fa-6eb687701d46@group-813C05265458-LeaderElection223] INFO  impl.LeaderElection (LeaderElection.java:logAndReturn(206)) - 895d447a-5476-42e4-b2fa-6eb687701d46@group-813C05265458-LeaderElection223: PRE_VOTE REJECTED received 1 response(s) and 1 exception(s):
2025-10-10 10:39:49,201 [895d447a-5476-42e4-b2fa-6eb687701d46@group-813C05265458-LeaderElection223] INFO  impl.LeaderElection (LeaderElection.java:logAndReturn(210)) -   Response 0: 895d447a-5476-42e4-b2fa-6eb687701d46<-aa9634f0-8836-44d6-bc05-5b19fbdd93d5#0:FAIL-t1-last:(t:1, i:0)
2025-10-10 10:39:49,201 [895d447a-5476-42e4-b2fa-6eb687701d46@group-813C05265458-LeaderElection223] INFO  impl.LeaderElection (LogUtils.java:infoOrTrace(142)) -   Exception 1: java.util.concurrent.ExecutionException: org.apache.ratis.thirdparty.io.grpc.StatusRuntimeException: UNAVAILABLE: io exception
2025-10-10 10:39:49,201 [895d447a-5476-42e4-b2fa-6eb687701d46@group-813C05265458-LeaderElection223] INFO  impl.LeaderElection (LeaderElection.java:askForVotes(450)) - 895d447a-5476-42e4-b2fa-6eb687701d46@group-813C05265458-LeaderElection223 PRE_VOTE round 0: result REJECTED
2025-10-10 10:39:49,202 [895d447a-5476-42e4-b2fa-6eb687701d46@group-813C05265458-LeaderElection223] INFO  server.RaftServer$Division (RaftServerImpl.java:setRole(392)) - 895d447a-5476-42e4-b2fa-6eb687701d46@group-813C05265458: changes role from CANDIDATE to FOLLOWER at term 1 for REJECTED
2025-10-10 10:39:49,202 [895d447a-5476-42e4-b2fa-6eb687701d46@group-813C05265458-LeaderElection223] INFO  impl.RoleInfo (RoleInfo.java:shutdownLeaderElection(141)) - 895d447a-5476-42e4-b2fa-6eb687701d46: shutdown 895d447a-5476-42e4-b2fa-6eb687701d46@group-813C05265458-LeaderElection223
2025-10-10 10:39:49,202 [895d447a-5476-42e4-b2fa-6eb687701d46@group-813C05265458-LeaderElection223] INFO  impl.RoleInfo (RoleInfo.java:updateAndGet(148)) - 895d447a-5476-42e4-b2fa-6eb687701d46: start 895d447a-5476-42e4-b2fa-6eb687701d46@group-813C05265458-FollowerState
2025-10-10 10:39:49,884 [ForkJoinPool-1-worker-1] INFO  utils.DatanodeStoreCache (DatanodeStoreCache.java:shutdownCache(110)) - Skip clearing cache in mini cluster mode. Entries left: [/home/runner/work/ozone/ozone/hadoop-ozone/integration-test/target/test-dir/MiniOzoneClusterImpl-611c99c7-d47b-4433-a4ef-cd0a35b076ef/ozone-metadata/datanode-1/data-0/hdds/611c99c7-d47b-4433-a4ef-cd0a35b076ef/DS-e04c2270-6553-4caa-98e6-0f32c0982bff/container.db, /home/runner/work/ozone/ozone/hadoop-ozone/integration-test/target/test-dir/MiniOzoneClusterImpl-611c99c7-d47b-4433-a4ef-cd0a35b076ef/ozone-metadata/datanode-10/data-0/hdds/611c99c7-d47b-4433-a4ef-cd0a35b076ef/DS-acbb0b19-c57c-43af-ab83-47b2913905c6/container.db, /home/runner/work/ozone/ozone/hadoop-ozone/integration-test/target/test-dir/MiniOzoneClusterImpl-611c99c7-d47b-4433-a4ef-cd0a35b076ef/ozone-metadata/datanode-2/data-0/hdds/611c99c7-d47b-4433-a4ef-cd0a35b076ef/DS-dbeeb2d7-87c9-464d-a232-67ecec18d322/container.db, /home/runner/work/ozone/ozone/hadoop-ozone/integration-test/target/test-dir/MiniOzoneClusterImpl-611c99c7-d47b-4433-a4ef-cd0a35b076ef/ozone-metadata/datanode-3/data-0/hdds/611c99c7-d47b-4433-a4ef-cd0a35b076ef/DS-96d12f97-f01f-4e1a-aadc-cb85e2aa7b77/container.db, /home/runner/work/ozone/ozone/hadoop-ozone/integration-test/target/test-dir/MiniOzoneClusterImpl-611c99c7-d47b-4433-a4ef-cd0a35b076ef/ozone-metadata/datanode-4/data-0/hdds/611c99c7-d47b-4433-a4ef-cd0a35b076ef/DS-d0f0d2dd-b347-4b79-bac2-49cc0e8748a5/container.db, /home/runner/work/ozone/ozone/hadoop-ozone/integration-test/target/test-dir/MiniOzoneClusterImpl-611c99c7-d47b-4433-a4ef-cd0a35b076ef/ozone-metadata/datanode-5/data-0/hdds/611c99c7-d47b-4433-a4ef-cd0a35b076ef/DS-4e487a0b-bc01-4abe-bc19-325c11ca8c9e/container.db, /home/runner/work/ozone/ozone/hadoop-ozone/integration-test/target/test-dir/MiniOzoneClusterImpl-611c99c7-d47b-4433-a4ef-cd0a35b076ef/ozone-metadata/datanode-6/data-0/hdds/611c99c7-d47b-4433-a4ef-cd0a35b076ef/DS-2abecbaf-9058-465c-9862-40fcfa0a7bd5/container.db, /home/runner/work/ozone/ozone/hadoop-ozone/integration-test/target/test-dir/MiniOzoneClusterImpl-611c99c7-d47b-4433-a4ef-cd0a35b076ef/ozone-metadata/datanode-7/data-0/hdds/611c99c7-d47b-4433-a4ef-cd0a35b076ef/DS-c4bde162-9ff2-4380-9d2e-b89c9d2de98d/container.db, /home/runner/work/ozone/ozone/hadoop-ozone/integration-test/target/test-dir/MiniOzoneClusterImpl-611c99c7-d47b-4433-a4ef-cd0a35b076ef/ozone-metadata/datanode-8/data-0/hdds/611c99c7-d47b-4433-a4ef-cd0a35b076ef/DS-5cd8dead-8911-46d6-a0b8-6438206482ea/container.db, /home/runner/work/ozone/ozone/hadoop-ozone/integration-test/target/test-dir/MiniOzoneClusterImpl-611c99c7-d47b-4433-a4ef-cd0a35b076ef/ozone-metadata/datanode-9/data-0/hdds/611c99c7-d47b-4433-a4ef-cd0a35b076ef/DS-8fb42501-9102-4ac6-a22c-4421d3850807/container.db]
2025-10-10 10:39:49,885 [ForkJoinPool-1-worker-1] INFO  utils.DatanodeStoreCache (DatanodeStoreCache.java:removeDB(104)) - Removed db /home/runner/work/ozone/ozone/hadoop-ozone/integration-test/target/test-dir/MiniOzoneClusterImpl-611c99c7-d47b-4433-a4ef-cd0a35b076ef/ozone-metadata/datanode-8/data-0/hdds/611c99c7-d47b-4433-a4ef-cd0a35b076ef/DS-5cd8dead-8911-46d6-a0b8-6438206482ea/container.db from cache
2025-10-10 10:39:49,885 [ForkJoinPool-1-worker-1] INFO  volume.HddsVolume (HddsVolume.java:closeDbStore(609)) - SchemaV3 db is stopped at /home/runner/work/ozone/ozone/hadoop-ozone/integration-test/target/test-dir/MiniOzoneClusterImpl-611c99c7-d47b-4433-a4ef-cd0a35b076ef/ozone-metadata/datanode-8/data-0/hdds/611c99c7-d47b-4433-a4ef-cd0a35b076ef/DS-5cd8dead-8911-46d6-a0b8-6438206482ea/container.db for volume DS-5cd8dead-8911-46d6-a0b8-6438206482ea
2025-10-10 10:39:49,886 [ForkJoinPool-1-worker-1] INFO  utils.BackgroundService (BackgroundService.java:shutdown(195)) - Shutting down service BlockDeletingService
2025-10-10 10:39:49,886 [ForkJoinPool-1-worker-1] INFO  utils.BackgroundService (BackgroundService.java:shutdown(195)) - Shutting down service StaleRecoveringContainerScrubbingService
2025-10-10 10:39:49,887 [ForkJoinPool-1-worker-1] INFO  statemachine.DatanodeStateMachine (DatanodeStateMachine.java:stopDaemon(654)) - Ozone container server stopped.
2025-10-10 10:39:49,897 [timer7] WARN  server.GrpcLogAppender (GrpcLogAppender.java:lambda$onNextImpl$0(527)) - 895d447a-5476-42e4-b2fa-6eb687701d46@group-6EF60CB14872->36185c6b-22ce-45d1-a622-3a6b487a5a53-AppendLogResponseHandler: received INCONSISTENCY reply with nextIndex 7, errorCount=2, request=null  (Repeated 2 times in the last 5.000s)
2025-10-10 10:39:49,900 [ForkJoinPool-1-worker-1] INFO  handler.ContextHandler (ContextHandler.java:doStop(1159)) - Stopped o.e.j.w.WebAppContext@6c359536{hddsDatanode,/,null,STOPPED}{jar:file:/home/runner/work/ozone/ozone/hadoop-hdds/container-service/target/hdds-container-service-2.1.0-SNAPSHOT.jar!/webapps/hddsDatanode}
2025-10-10 10:39:49,901 [ForkJoinPool-1-worker-1] INFO  server.AbstractConnector (AbstractConnector.java:doStop(383)) - Stopped ServerConnector@7fc59ebb{HTTP/1.1, (http/1.1)}{0.0.0.0:15066}
2025-10-10 10:39:49,901 [ForkJoinPool-1-worker-1] INFO  server.session (HouseKeeper.java:stopScavenging(149)) - node0 Stopped scavenging
2025-10-10 10:39:49,901 [ForkJoinPool-1-worker-1] INFO  handler.ContextHandler (ContextHandler.java:doStop(1159)) - Stopped o.e.j.s.ServletContextHandler@48eb6d60{static,/static,jar:file:/home/runner/work/ozone/ozone/hadoop-hdds/container-service/target/hdds-container-service-2.1.0-SNAPSHOT.jar!/webapps/static,STOPPED}
2025-10-10 10:39:49,901 [ForkJoinPool-1-worker-1] INFO  handler.ContextHandler (ContextHandler.java:doStop(1159)) - Stopped o.e.j.s.ServletContextHandler@157e267{logs,/logs,file:///home/runner/work/ozone/ozone/hadoop-ozone/integration-test/target/log,STOPPED}
2025-10-10 10:39:49,902 [ForkJoinPool-1-worker-1] INFO  ozone.HddsDatanodeClientProtocolServer (HddsDatanodeClientProtocolServer.java:stop(82)) - Stopping the RPC server for Client Protocol
2025-10-10 10:39:49,902 [ForkJoinPool-1-worker-1] INFO  ipc.Server (Server.java:stop(3697)) - Stopping server on 15067
2025-10-10 10:39:49,904 [IPC Server listener on 15067] INFO  ipc.Server (Server.java:run(1585)) - Stopping IPC Server listener on 15067
2025-10-10 10:39:49,904 [IPC Server Responder] INFO  ipc.Server (Server.java:run(1718)) - Stopping IPC Server Responder
2025-10-10 10:39:49,905 [ForkJoinPool-1-worker-1] INFO  ozoneimpl.OzoneContainer (OzoneContainer.java:stop(549)) - Attempting to stop container services.
2025-10-10 10:39:49,905 [ContainerMetadataScanner] WARN  ozoneimpl.AbstractBackgroundContainerScanner (AbstractBackgroundContainerScanner.java:handleRemainingSleep(136)) - Background container scan was interrupted.
2025-10-10 10:39:49,905 [ContainerMetadataScanner] INFO  ozoneimpl.AbstractBackgroundContainerScanner (AbstractBackgroundContainerScanner.java:run(63)) - org.apache.hadoop.ozone.container.ozoneimpl.BackgroundContainerMetadataScanner@20c5983c exiting.
2025-10-10 10:39:49,905 [ForkJoinPool-1-worker-1] INFO  ozoneimpl.BackgroundContainerDataScanner (BackgroundContainerDataScanner.java:shutdown(87)) - ContainerDataScanner(/home/runner/work/ozone/ozone/hadoop-ozone/integration-test/target/test-dir/MiniOzoneClusterImpl-611c99c7-d47b-4433-a4ef-cd0a35b076ef/ozone-metadata/datanode-9/data-0/hdds) is shutting down. 
2025-10-10 10:39:49,905 [ContainerDataScanner(/home/runner/work/ozone/ozone/hadoop-ozone/integration-test/target/test-dir/MiniOzoneClusterImpl-611c99c7-d47b-4433-a4ef-cd0a35b076ef/ozone-metadata/datanode-9/data-0/hdds)] WARN  ozoneimpl.AbstractBackgroundContainerScanner (AbstractBackgroundContainerScanner.java:handleRemainingSleep(136)) - Background container scan was interrupted.
2025-10-10 10:39:49,906 [ContainerDataScanner(/home/runner/work/ozone/ozone/hadoop-ozone/integration-test/target/test-dir/MiniOzoneClusterImpl-611c99c7-d47b-4433-a4ef-cd0a35b076ef/ozone-metadata/datanode-9/data-0/hdds)] INFO  ozoneimpl.AbstractBackgroundContainerScanner (AbstractBackgroundContainerScanner.java:run(63)) - ContainerDataScanner(/home/runner/work/ozone/ozone/hadoop-ozone/integration-test/target/test-dir/MiniOzoneClusterImpl-611c99c7-d47b-4433-a4ef-cd0a35b076ef/ozone-metadata/datanode-9/data-0/hdds, DS-8fb42501-9102-4ac6-a22c-4421d3850807) exiting.
2025-10-10 10:39:49,906 [ForkJoinPool-1-worker-1] INFO  ozoneimpl.OnDemandContainerScanner (OnDemandContainerScanner.java:shutdown(141)) - On-demand container scanner is shutting down.
2025-10-10 10:39:49,906 [ForkJoinPool-1-worker-1] INFO  ratis.XceiverServerRatis (XceiverServerRatis.java:stop(594)) - Closing XceiverServerRatis(895d447a-5476-42e4-b2fa-6eb687701d46)
2025-10-10 10:39:49,906 [ForkJoinPool-1-worker-1] INFO  server.RaftServer (RaftServerProxy.java:lambda$close$9(422)) - 895d447a-5476-42e4-b2fa-6eb687701d46: close
2025-10-10 10:39:49,906 [895d447a-5476-42e4-b2fa-6eb687701d46-impl-thread3] INFO  server.RaftServer$Division (RaftServerImpl.java:lambda$close$1(527)) - 895d447a-5476-42e4-b2fa-6eb687701d46@group-813C05265458: shutdown
2025-10-10 10:39:49,906 [895d447a-5476-42e4-b2fa-6eb687701d46-impl-thread3] INFO  util.JmxRegister (JmxRegister.java:unregister(74)) - Successfully un-registered JMX Bean with object name Ratis:service=RaftServer,group=group-813C05265458,id=895d447a-5476-42e4-b2fa-6eb687701d46
2025-10-10 10:39:49,906 [895d447a-5476-42e4-b2fa-6eb687701d46-impl-thread3] INFO  impl.RoleInfo (RoleInfo.java:shutdownFollowerState(121)) - 895d447a-5476-42e4-b2fa-6eb687701d46: shutdown 895d447a-5476-42e4-b2fa-6eb687701d46@group-813C05265458-FollowerState
2025-10-10 10:39:49,906 [895d447a-5476-42e4-b2fa-6eb687701d46-impl-thread1] INFO  server.RaftServer$Division (RaftServerImpl.java:lambda$close$1(527)) - 895d447a-5476-42e4-b2fa-6eb687701d46@group-6EF60CB14872: shutdown
2025-10-10 10:39:49,906 [895d447a-5476-42e4-b2fa-6eb687701d46@group-813C05265458-StateMachineUpdater] INFO  impl.StateMachineUpdater (StateMachineUpdater.java:stop(140)) - 895d447a-5476-42e4-b2fa-6eb687701d46@group-813C05265458-StateMachineUpdater: closing ContainerStateMachine, lastApplied=(t:1, i:0)
2025-10-10 10:39:49,907 [895d447a-5476-42e4-b2fa-6eb687701d46@group-813C05265458-FollowerState] INFO  impl.FollowerState (FollowerState.java:runImpl(170)) - 895d447a-5476-42e4-b2fa-6eb687701d46@group-813C05265458-FollowerState was interrupted
2025-10-10 10:39:49,906 [ForkJoinPool-1-worker-1] INFO  server.GrpcServicesImpl (GrpcServicesImpl.java:closeImpl(355)) - 895d447a-5476-42e4-b2fa-6eb687701d46: shutdown server org.apache.ratis.grpc.server.GrpcClientProtocolService now
2025-10-10 10:39:49,906 [895d447a-5476-42e4-b2fa-6eb687701d46-impl-thread2] INFO  server.RaftServer$Division (RaftServerImpl.java:lambda$close$1(527)) - 895d447a-5476-42e4-b2fa-6eb687701d46@group-263A5124E6E8: shutdown
2025-10-10 10:39:49,907 [895d447a-5476-42e4-b2fa-6eb687701d46-impl-thread2] INFO  util.JmxRegister (JmxRegister.java:unregister(74)) - Successfully un-registered JMX Bean with object name Ratis:service=RaftServer,group=group-263A5124E6E8,id=895d447a-5476-42e4-b2fa-6eb687701d46
2025-10-10 10:39:49,907 [895d447a-5476-42e4-b2fa-6eb687701d46-impl-thread2] INFO  impl.RoleInfo (RoleInfo.java:shutdownLeaderState(103)) - 895d447a-5476-42e4-b2fa-6eb687701d46: shutdown 895d447a-5476-42e4-b2fa-6eb687701d46@group-263A5124E6E8-LeaderStateImpl
2025-10-10 10:39:49,907 [895d447a-5476-42e4-b2fa-6eb687701d46-impl-thread2] INFO  impl.PendingRequests (PendingRequests.java:sendNotLeaderResponses(287)) - 895d447a-5476-42e4-b2fa-6eb687701d46@group-263A5124E6E8-PendingRequests: sendNotLeaderResponses
2025-10-10 10:39:49,907 [Thread-2296] INFO  server.GrpcServerProtocolClient (GrpcServerProtocolClient.java:close(105)) - aa9634f0-8836-44d6-bc05-5b19fbdd93d5 Close channels
2025-10-10 10:39:49,907 [Thread-2297] INFO  server.GrpcServerProtocolClient (GrpcServerProtocolClient.java:close(105)) - 36185c6b-22ce-45d1-a622-3a6b487a5a53 Close channels
2025-10-10 10:39:49,906 [895d447a-5476-42e4-b2fa-6eb687701d46-impl-thread1] INFO  util.JmxRegister (JmxRegister.java:unregister(74)) - Successfully un-registered JMX Bean with object name Ratis:service=RaftServer,group=group-6EF60CB14872,id=895d447a-5476-42e4-b2fa-6eb687701d46
2025-10-10 10:39:49,908 [895d447a-5476-42e4-b2fa-6eb687701d46-impl-thread1] INFO  impl.RoleInfo (RoleInfo.java:shutdownLeaderState(103)) - 895d447a-5476-42e4-b2fa-6eb687701d46: shutdown 895d447a-5476-42e4-b2fa-6eb687701d46@group-6EF60CB14872-LeaderStateImpl
2025-10-10 10:39:49,908 [895d447a-5476-42e4-b2fa-6eb687701d46-impl-thread1] INFO  impl.PendingRequests (PendingRequests.java:sendNotLeaderResponses(287)) - 895d447a-5476-42e4-b2fa-6eb687701d46@group-6EF60CB14872-PendingRequests: sendNotLeaderResponses
2025-10-10 10:39:49,908 [895d447a-5476-42e4-b2fa-6eb687701d46@group-6EF60CB14872->36185c6b-22ce-45d1-a622-3a6b487a5a53-GrpcLogAppender-LogAppenderDaemon] WARN  server.GrpcLogAppender (GrpcLogAppender.java:mayWait(300)) - 895d447a-5476-42e4-b2fa-6eb687701d46@group-6EF60CB14872->36185c6b-22ce-45d1-a622-3a6b487a5a53-GrpcLogAppender: Wait interrupted by java.lang.InterruptedException
2025-10-10 10:39:49,906 [895d447a-5476-42e4-b2fa-6eb687701d46-impl-thread3] INFO  impl.StateMachineUpdater (StateMachineUpdater.java:stopAndJoin(163)) - 895d447a-5476-42e4-b2fa-6eb687701d46@group-813C05265458-StateMachineUpdater: set stopIndex = 0
2025-10-10 10:39:49,908 [895d447a-5476-42e4-b2fa-6eb687701d46@group-813C05265458-cacheEviction-AwaitToRun] INFO  util.AwaitToRun (AwaitToRun.java:run(49)) - 895d447a-5476-42e4-b2fa-6eb687701d46@group-813C05265458-cacheEviction-AwaitToRun-AwaitForSignal is interrupted
2025-10-10 10:39:49,909 [895d447a-5476-42e4-b2fa-6eb687701d46-impl-thread2] INFO  impl.StateMachineUpdater (StateMachineUpdater.java:stopAndJoin(163)) - 895d447a-5476-42e4-b2fa-6eb687701d46@group-263A5124E6E8-StateMachineUpdater: set stopIndex = 2
2025-10-10 10:39:49,909 [895d447a-5476-42e4-b2fa-6eb687701d46@group-6EF60CB14872->aa9634f0-8836-44d6-bc05-5b19fbdd93d5-GrpcLogAppender-LogAppenderDaemon] WARN  server.GrpcLogAppender (GrpcLogAppender.java:mayWait(300)) - 895d447a-5476-42e4-b2fa-6eb687701d46@group-6EF60CB14872->aa9634f0-8836-44d6-bc05-5b19fbdd93d5-GrpcLogAppender: Wait interrupted by java.lang.InterruptedException
2025-10-10 10:39:49,909 [895d447a-5476-42e4-b2fa-6eb687701d46-impl-thread1] INFO  impl.StateMachineUpdater (StateMachineUpdater.java:stopAndJoin(163)) - 895d447a-5476-42e4-b2fa-6eb687701d46@group-6EF60CB14872-StateMachineUpdater: set stopIndex = 21
2025-10-10 10:39:49,909 [895d447a-5476-42e4-b2fa-6eb687701d46@group-263A5124E6E8-StateMachineUpdater] INFO  ratis.ContainerStateMachine (ContainerStateMachine.java:takeSnapshot(427)) - group-263A5124E6E8: Taking a snapshot at:(t:2, i:2) file /home/runner/work/ozone/ozone/hadoop-ozone/integration-test/target/test-dir/MiniOzoneClusterImpl-611c99c7-d47b-4433-a4ef-cd0a35b076ef/ozone-metadata/datanode-9/ratis/1890b19a-2da7-4d82-9892-263a5124e6e8/sm/snapshot.2_2
2025-10-10 10:39:49,910 [895d447a-5476-42e4-b2fa-6eb687701d46@group-6EF60CB14872-StateMachineUpdater] INFO  ratis.ContainerStateMachine (ContainerStateMachine.java:takeSnapshot(427)) - group-6EF60CB14872: Taking a snapshot at:(t:5, i:21) file /home/runner/work/ozone/ozone/hadoop-ozone/integration-test/target/test-dir/MiniOzoneClusterImpl-611c99c7-d47b-4433-a4ef-cd0a35b076ef/ozone-metadata/datanode-9/ratis/56f6ef43-c50c-4d35-89b5-6ef60cb14872/sm/snapshot.5_21
2025-10-10 10:39:49,910 [grpc-default-executor-1] INFO  server.GrpcLogAppender (GrpcLogAppender.java:onCompleted(558)) - 895d447a-5476-42e4-b2fa-6eb687701d46@group-6EF60CB14872->aa9634f0-8836-44d6-bc05-5b19fbdd93d5-AppendLogResponseHandler: follower responses appendEntries COMPLETED
2025-10-10 10:39:49,910 [grpc-default-executor-3] INFO  server.GrpcLogAppender (GrpcLogAppender.java:onCompleted(558)) - 895d447a-5476-42e4-b2fa-6eb687701d46@group-6EF60CB14872->aa9634f0-8836-44d6-bc05-5b19fbdd93d5-AppendLogResponseHandler: follower responses appendEntries COMPLETED
2025-10-10 10:39:49,910 [grpc-default-executor-1] WARN  server.GrpcLogAppender (GrpcLogAppender.java:resetClient(237)) - 895d447a-5476-42e4-b2fa-6eb687701d46@group-6EF60CB14872->aa9634f0-8836-44d6-bc05-5b19fbdd93d5-GrpcLogAppender: Failed to getClient for aa9634f0-8836-44d6-bc05-5b19fbdd93d5
org.apache.ratis.protocol.exceptions.AlreadyClosedException: 895d447a-5476-42e4-b2fa-6eb687701d46 is already CLOSED
	at org.apache.ratis.util.PeerProxyMap$PeerAndProxy.getProxy(PeerProxyMap.java:67)
	at org.apache.ratis.util.PeerProxyMap.getProxy(PeerProxyMap.java:124)
	at org.apache.ratis.grpc.server.GrpcLogAppender.getClient(GrpcLogAppender.java:207)
	at org.apache.ratis.grpc.server.GrpcLogAppender.resetClient(GrpcLogAppender.java:212)
	at org.apache.ratis.grpc.server.GrpcLogAppender.access$800(GrpcLogAppender.java:70)
	at org.apache.ratis.grpc.server.GrpcLogAppender$AppendLogResponseHandler.onCompleted(GrpcLogAppender.java:559)
	at org.apache.ratis.thirdparty.io.grpc.stub.ClientCalls$StreamObserverToCallListenerAdapter.onClose(ClientCalls.java:562)
	at org.apache.ratis.thirdparty.io.grpc.internal.ClientCallImpl.closeObserver(ClientCallImpl.java:565)
	at org.apache.ratis.thirdparty.io.grpc.internal.ClientCallImpl.access$100(ClientCallImpl.java:72)
	at org.apache.ratis.thirdparty.io.grpc.internal.ClientCallImpl$ClientStreamListenerImpl$1StreamClosed.runInternal(ClientCallImpl.java:733)
	at org.apache.ratis.thirdparty.io.grpc.internal.ClientCallImpl$ClientStreamListenerImpl$1StreamClosed.runInContext(ClientCallImpl.java:714)
	at org.apache.ratis.thirdparty.io.grpc.internal.ContextRunnable.run(ContextRunnable.java:37)
	at org.apache.ratis.thirdparty.io.grpc.internal.SerializingExecutor.run(SerializingExecutor.java:133)
	at java.base/java.util.concurrent.ThreadPoolExecutor.runWorker(ThreadPoolExecutor.java:1144)
	at java.base/java.util.concurrent.ThreadPoolExecutor$Worker.run(ThreadPoolExecutor.java:642)
	at java.base/java.lang.Thread.run(Thread.java:1583)
2025-10-10 10:39:49,910 [grpc-default-executor-3] WARN  server.GrpcLogAppender (GrpcLogAppender.java:resetClient(237)) - 895d447a-5476-42e4-b2fa-6eb687701d46@group-6EF60CB14872->aa9634f0-8836-44d6-bc05-5b19fbdd93d5-GrpcLogAppender: Failed to getClient for aa9634f0-8836-44d6-bc05-5b19fbdd93d5
org.apache.ratis.protocol.exceptions.AlreadyClosedException: 895d447a-5476-42e4-b2fa-6eb687701d46 is already CLOSED
	at org.apache.ratis.util.PeerProxyMap$PeerAndProxy.getProxy(PeerProxyMap.java:67)
	at org.apache.ratis.util.PeerProxyMap.getProxy(PeerProxyMap.java:124)
	at org.apache.ratis.grpc.server.GrpcLogAppender.getClient(GrpcLogAppender.java:207)
	at org.apache.ratis.grpc.server.GrpcLogAppender.resetClient(GrpcLogAppender.java:212)
	at org.apache.ratis.grpc.server.GrpcLogAppender.access$800(GrpcLogAppender.java:70)
	at org.apache.ratis.grpc.server.GrpcLogAppender$AppendLogResponseHandler.onCompleted(GrpcLogAppender.java:559)
	at org.apache.ratis.thirdparty.io.grpc.stub.ClientCalls$StreamObserverToCallListenerAdapter.onClose(ClientCalls.java:562)
	at org.apache.ratis.thirdparty.io.grpc.internal.ClientCallImpl.closeObserver(ClientCallImpl.java:565)
	at org.apache.ratis.thirdparty.io.grpc.internal.ClientCallImpl.access$100(ClientCallImpl.java:72)
	at org.apache.ratis.thirdparty.io.grpc.internal.ClientCallImpl$ClientStreamListenerImpl$1StreamClosed.runInternal(ClientCallImpl.java:733)
	at org.apache.ratis.thirdparty.io.grpc.internal.ClientCallImpl$ClientStreamListenerImpl$1StreamClosed.runInContext(ClientCallImpl.java:714)
	at org.apache.ratis.thirdparty.io.grpc.internal.ContextRunnable.run(ContextRunnable.java:37)
	at org.apache.ratis.thirdparty.io.grpc.internal.SerializingExecutor.run(SerializingExecutor.java:133)
	at java.base/java.util.concurrent.ThreadPoolExecutor.runWorker(ThreadPoolExecutor.java:1144)
	at java.base/java.util.concurrent.ThreadPoolExecutor$Worker.run(ThreadPoolExecutor.java:642)
	at java.base/java.lang.Thread.run(Thread.java:1583)
2025-10-10 10:39:49,910 [ForkJoinPool-1-worker-1] INFO  server.GrpcServicesImpl (GrpcServicesImpl.java:closeImpl(364)) - 895d447a-5476-42e4-b2fa-6eb687701d46: shutdown server org.apache.ratis.grpc.server.GrpcClientProtocolService successfully
2025-10-10 10:39:49,910 [ForkJoinPool-1-worker-1] INFO  server.GrpcServicesImpl (GrpcServicesImpl.java:closeImpl(355)) - 895d447a-5476-42e4-b2fa-6eb687701d46: shutdown server GrpcServerProtocolService now
2025-10-10 10:39:49,911 [895d447a-5476-42e4-b2fa-6eb687701d46@group-263A5124E6E8-StateMachineUpdater] INFO  ratis.ContainerStateMachine (ContainerStateMachine.java:takeSnapshot(436)) - group-263A5124E6E8: Finished taking a snapshot at:(t:2, i:2) file:/home/runner/work/ozone/ozone/hadoop-ozone/integration-test/target/test-dir/MiniOzoneClusterImpl-611c99c7-d47b-4433-a4ef-cd0a35b076ef/ozone-metadata/datanode-9/ratis/1890b19a-2da7-4d82-9892-263a5124e6e8/sm/snapshot.2_2 took: 2 ms
2025-10-10 10:39:49,911 [895d447a-5476-42e4-b2fa-6eb687701d46@group-263A5124E6E8-StateMachineUpdater] INFO  impl.StateMachineUpdater (StateMachineUpdater.java:takeSnapshot(307)) - 895d447a-5476-42e4-b2fa-6eb687701d46@group-263A5124E6E8-StateMachineUpdater: Took a snapshot at index 2
2025-10-10 10:39:49,911 [895d447a-5476-42e4-b2fa-6eb687701d46@group-263A5124E6E8-StateMachineUpdater] INFO  impl.StateMachineUpdater (StateMachineUpdater.java:lambda$new$0(101)) - 895d447a-5476-42e4-b2fa-6eb687701d46@group-263A5124E6E8-StateMachineUpdater: snapshotIndex: updateIncreasingly 0 -> 2
2025-10-10 10:39:49,911 [895d447a-5476-42e4-b2fa-6eb687701d46@group-263A5124E6E8-StateMachineUpdater] INFO  impl.StateMachineUpdater (StateMachineUpdater.java:stop(140)) - 895d447a-5476-42e4-b2fa-6eb687701d46@group-263A5124E6E8-StateMachineUpdater: closing ContainerStateMachine, lastApplied=(t:2, i:2)
2025-10-10 10:39:49,911 [895d447a-5476-42e4-b2fa-6eb687701d46@group-263A5124E6E8-cacheEviction-AwaitToRun] INFO  util.AwaitToRun (AwaitToRun.java:run(49)) - 895d447a-5476-42e4-b2fa-6eb687701d46@group-263A5124E6E8-cacheEviction-AwaitToRun-AwaitForSignal is interrupted
2025-10-10 10:39:49,911 [ForkJoinPool-1-worker-1] INFO  server.GrpcServicesImpl (GrpcServicesImpl.java:closeImpl(364)) - 895d447a-5476-42e4-b2fa-6eb687701d46: shutdown server GrpcServerProtocolService successfully
2025-10-10 10:39:49,912 [ForkJoinPool-1-worker-1] INFO  server.GrpcServicesImpl (GrpcServicesImpl.java:closeImpl(355)) - 895d447a-5476-42e4-b2fa-6eb687701d46: shutdown server org.apache.ratis.grpc.server.GrpcAdminProtocolService now
2025-10-10 10:39:49,912 [895d447a-5476-42e4-b2fa-6eb687701d46@group-6EF60CB14872-StateMachineUpdater] INFO  ratis.ContainerStateMachine (ContainerStateMachine.java:takeSnapshot(436)) - group-6EF60CB14872: Finished taking a snapshot at:(t:5, i:21) file:/home/runner/work/ozone/ozone/hadoop-ozone/integration-test/target/test-dir/MiniOzoneClusterImpl-611c99c7-d47b-4433-a4ef-cd0a35b076ef/ozone-metadata/datanode-9/ratis/56f6ef43-c50c-4d35-89b5-6ef60cb14872/sm/snapshot.5_21 took: 1 ms
2025-10-10 10:39:49,912 [ForkJoinPool-1-worker-1] INFO  server.GrpcServicesImpl (GrpcServicesImpl.java:closeImpl(364)) - 895d447a-5476-42e4-b2fa-6eb687701d46: shutdown server org.apache.ratis.grpc.server.GrpcAdminProtocolService successfully
2025-10-10 10:39:49,912 [895d447a-5476-42e4-b2fa-6eb687701d46@group-6EF60CB14872-StateMachineUpdater] INFO  impl.StateMachineUpdater (StateMachineUpdater.java:takeSnapshot(307)) - 895d447a-5476-42e4-b2fa-6eb687701d46@group-6EF60CB14872-StateMachineUpdater: Took a snapshot at index 21
2025-10-10 10:39:49,912 [895d447a-5476-42e4-b2fa-6eb687701d46@group-6EF60CB14872-StateMachineUpdater] INFO  impl.StateMachineUpdater (StateMachineUpdater.java:lambda$new$0(101)) - 895d447a-5476-42e4-b2fa-6eb687701d46@group-6EF60CB14872-StateMachineUpdater: snapshotIndex: updateIncreasingly 8 -> 21
2025-10-10 10:39:49,912 [895d447a-5476-42e4-b2fa-6eb687701d46@group-6EF60CB14872-StateMachineUpdater] INFO  impl.StateMachineUpdater (StateMachineUpdater.java:stop(140)) - 895d447a-5476-42e4-b2fa-6eb687701d46@group-6EF60CB14872-StateMachineUpdater: closing ContainerStateMachine, lastApplied=(t:5, i:21)
2025-10-10 10:39:49,912 [895d447a-5476-42e4-b2fa-6eb687701d46@group-6EF60CB14872-cacheEviction-AwaitToRun] INFO  util.AwaitToRun (AwaitToRun.java:run(49)) - 895d447a-5476-42e4-b2fa-6eb687701d46@group-6EF60CB14872-cacheEviction-AwaitToRun-AwaitForSignal is interrupted
2025-10-10 10:39:49,913 [895d447a-5476-42e4-b2fa-6eb687701d46-NettyServerStreamRpc-bossGroup--thread1] INFO  logging.LoggingHandler (AbstractInternalLogger.java:log(148)) - [id: 0x7fff53e7, L:/0.0.0.0:15080] CLOSE
2025-10-10 10:39:49,913 [895d447a-5476-42e4-b2fa-6eb687701d46-NettyServerStreamRpc-bossGroup--thread1] INFO  logging.LoggingHandler (AbstractInternalLogger.java:log(148)) - [id: 0x7fff53e7, L:/0.0.0.0:15080] INACTIVE
2025-10-10 10:39:49,913 [895d447a-5476-42e4-b2fa-6eb687701d46-NettyServerStreamRpc-bossGroup--thread1] INFO  logging.LoggingHandler (AbstractInternalLogger.java:log(148)) - [id: 0x7fff53e7, L:/0.0.0.0:15080] UNREGISTERED
2025-10-10 10:39:50,116 [aa9634f0-8836-44d6-bc05-5b19fbdd93d5@group-813C05265458-FollowerState] INFO  impl.FollowerState (FollowerState.java:runImpl(161)) - aa9634f0-8836-44d6-bc05-5b19fbdd93d5@group-813C05265458-FollowerState: change to CANDIDATE, lastRpcElapsedTime:1007479884ns, electionTimeout:1007ms
2025-10-10 10:39:50,116 [aa9634f0-8836-44d6-bc05-5b19fbdd93d5@group-813C05265458-FollowerState] INFO  impl.RoleInfo (RoleInfo.java:shutdownFollowerState(121)) - aa9634f0-8836-44d6-bc05-5b19fbdd93d5: shutdown aa9634f0-8836-44d6-bc05-5b19fbdd93d5@group-813C05265458-FollowerState
2025-10-10 10:39:50,116 [aa9634f0-8836-44d6-bc05-5b19fbdd93d5@group-813C05265458-FollowerState] INFO  server.RaftServer$Division (RaftServerImpl.java:setRole(392)) - aa9634f0-8836-44d6-bc05-5b19fbdd93d5@group-813C05265458: changes role from  FOLLOWER to CANDIDATE at term 1 for changeToCandidate
2025-10-10 10:39:50,116 [aa9634f0-8836-44d6-bc05-5b19fbdd93d5@group-813C05265458-FollowerState] INFO  impl.RoleInfo (RoleInfo.java:updateAndGet(148)) - aa9634f0-8836-44d6-bc05-5b19fbdd93d5: start aa9634f0-8836-44d6-bc05-5b19fbdd93d5@group-813C05265458-LeaderElection224
2025-10-10 10:39:50,116 [aa9634f0-8836-44d6-bc05-5b19fbdd93d5@group-813C05265458-LeaderElection224] INFO  impl.LeaderElection (LeaderElection.java:askForVotes(448)) - aa9634f0-8836-44d6-bc05-5b19fbdd93d5@group-813C05265458-LeaderElection224 PRE_VOTE round 0: submit vote requests at term 1 for conf: {index: 0, cur=peers:[aa9634f0-8836-44d6-bc05-5b19fbdd93d5|127.0.0.1:15063, 36185c6b-22ce-45d1-a622-3a6b487a5a53|127.0.0.1:15071, 895d447a-5476-42e4-b2fa-6eb687701d46|127.0.0.1:15079]|listeners:[], old=null}
2025-10-10 10:39:50,117 [aa9634f0-8836-44d6-bc05-5b19fbdd93d5@group-813C05265458-LeaderElection224] INFO  impl.LeaderElection (LogUtils.java:infoOrTrace(142)) - aa9634f0-8836-44d6-bc05-5b19fbdd93d5@group-813C05265458-LeaderElection224 got exception when requesting votes: java.util.concurrent.ExecutionException: org.apache.ratis.thirdparty.io.grpc.StatusRuntimeException: UNAVAILABLE: io exception
2025-10-10 10:39:50,117 [aa9634f0-8836-44d6-bc05-5b19fbdd93d5@group-813C05265458-LeaderElection224] INFO  impl.LeaderElection (LogUtils.java:infoOrTrace(142)) - aa9634f0-8836-44d6-bc05-5b19fbdd93d5@group-813C05265458-LeaderElection224 got exception when requesting votes: java.util.concurrent.ExecutionException: org.apache.ratis.thirdparty.io.grpc.StatusRuntimeException: UNAVAILABLE: io exception
2025-10-10 10:39:50,117 [aa9634f0-8836-44d6-bc05-5b19fbdd93d5@group-813C05265458-LeaderElection224] INFO  impl.LeaderElection (LeaderElection.java:logAndReturn(206)) - aa9634f0-8836-44d6-bc05-5b19fbdd93d5@group-813C05265458-LeaderElection224: PRE_VOTE REJECTED received 0 response(s) and 2 exception(s):
2025-10-10 10:39:50,117 [aa9634f0-8836-44d6-bc05-5b19fbdd93d5@group-813C05265458-LeaderElection224] INFO  impl.LeaderElection (LogUtils.java:infoOrTrace(142)) -   Exception 0: java.util.concurrent.ExecutionException: org.apache.ratis.thirdparty.io.grpc.StatusRuntimeException: UNAVAILABLE: io exception
2025-10-10 10:39:50,117 [aa9634f0-8836-44d6-bc05-5b19fbdd93d5@group-813C05265458-LeaderElection224] INFO  impl.LeaderElection (LogUtils.java:infoOrTrace(142)) -   Exception 1: java.util.concurrent.ExecutionException: org.apache.ratis.thirdparty.io.grpc.StatusRuntimeException: UNAVAILABLE: io exception
2025-10-10 10:39:50,117 [aa9634f0-8836-44d6-bc05-5b19fbdd93d5@group-813C05265458-LeaderElection224] INFO  impl.LeaderElection (LeaderElection.java:askForVotes(450)) - aa9634f0-8836-44d6-bc05-5b19fbdd93d5@group-813C05265458-LeaderElection224 PRE_VOTE round 0: result REJECTED
2025-10-10 10:39:50,117 [aa9634f0-8836-44d6-bc05-5b19fbdd93d5@group-813C05265458-LeaderElection224] INFO  server.RaftServer$Division (RaftServerImpl.java:setRole(392)) - aa9634f0-8836-44d6-bc05-5b19fbdd93d5@group-813C05265458: changes role from CANDIDATE to FOLLOWER at term 1 for REJECTED
2025-10-10 10:39:50,117 [aa9634f0-8836-44d6-bc05-5b19fbdd93d5@group-813C05265458-LeaderElection224] INFO  impl.RoleInfo (RoleInfo.java:shutdownLeaderElection(141)) - aa9634f0-8836-44d6-bc05-5b19fbdd93d5: shutdown aa9634f0-8836-44d6-bc05-5b19fbdd93d5@group-813C05265458-LeaderElection224
2025-10-10 10:39:50,117 [aa9634f0-8836-44d6-bc05-5b19fbdd93d5@group-813C05265458-LeaderElection224] INFO  impl.RoleInfo (RoleInfo.java:updateAndGet(148)) - aa9634f0-8836-44d6-bc05-5b19fbdd93d5: start aa9634f0-8836-44d6-bc05-5b19fbdd93d5@group-813C05265458-FollowerState
2025-10-10 10:39:50,407 [895d447a-5476-42e4-b2fa-6eb687701d46-impl-thread1] INFO  segmented.SegmentedRaftLogWorker (SegmentedRaftLogWorker.java:close(254)) - 895d447a-5476-42e4-b2fa-6eb687701d46@group-6EF60CB14872-SegmentedRaftLogWorker close()
2025-10-10 10:39:50,408 [895d447a-5476-42e4-b2fa-6eb687701d46-impl-thread1] INFO  ratis.ContainerStateMachine (ContainerStateMachine.java:notifyServerShutdown(1038)) - group-6EF60CB14872 is closed by HddsDatanodeService
2025-10-10 10:39:50,691 [aa9634f0-8836-44d6-bc05-5b19fbdd93d5@group-6EF60CB14872-FollowerState] INFO  impl.FollowerState (FollowerState.java:runImpl(161)) - aa9634f0-8836-44d6-bc05-5b19fbdd93d5@group-6EF60CB14872-FollowerState: change to CANDIDATE, lastRpcElapsedTime:1280683538ns, electionTimeout:1146ms
2025-10-10 10:39:50,692 [aa9634f0-8836-44d6-bc05-5b19fbdd93d5@group-6EF60CB14872-FollowerState] INFO  impl.RoleInfo (RoleInfo.java:shutdownFollowerState(121)) - aa9634f0-8836-44d6-bc05-5b19fbdd93d5: shutdown aa9634f0-8836-44d6-bc05-5b19fbdd93d5@group-6EF60CB14872-FollowerState
2025-10-10 10:39:50,692 [aa9634f0-8836-44d6-bc05-5b19fbdd93d5@group-6EF60CB14872-FollowerState] INFO  server.RaftServer$Division (RaftServerImpl.java:setRole(392)) - aa9634f0-8836-44d6-bc05-5b19fbdd93d5@group-6EF60CB14872: changes role from  FOLLOWER to CANDIDATE at term 5 for changeToCandidate
2025-10-10 10:39:50,692 [aa9634f0-8836-44d6-bc05-5b19fbdd93d5@group-6EF60CB14872-FollowerState] INFO  impl.RoleInfo (RoleInfo.java:updateAndGet(148)) - aa9634f0-8836-44d6-bc05-5b19fbdd93d5: start aa9634f0-8836-44d6-bc05-5b19fbdd93d5@group-6EF60CB14872-LeaderElection225
2025-10-10 10:39:50,692 [aa9634f0-8836-44d6-bc05-5b19fbdd93d5@group-6EF60CB14872-LeaderElection225] INFO  server.RaftServer$Division (ServerState.java:setLeader(272)) - aa9634f0-8836-44d6-bc05-5b19fbdd93d5@group-6EF60CB14872: change Leader from 895d447a-5476-42e4-b2fa-6eb687701d46 to null at term 5 for PRE_VOTE
2025-10-10 10:39:50,692 [aa9634f0-8836-44d6-bc05-5b19fbdd93d5@group-6EF60CB14872-LeaderElection225] INFO  impl.LeaderElection (LeaderElection.java:askForVotes(448)) - aa9634f0-8836-44d6-bc05-5b19fbdd93d5@group-6EF60CB14872-LeaderElection225 PRE_VOTE round 0: submit vote requests at term 5 for conf: {index: 20, cur=peers:[aa9634f0-8836-44d6-bc05-5b19fbdd93d5|127.0.0.1:15063, 36185c6b-22ce-45d1-a622-3a6b487a5a53|127.0.0.1:15071, 895d447a-5476-42e4-b2fa-6eb687701d46|127.0.0.1:15079]|listeners:[], old=null}
2025-10-10 10:39:50,692 [aa9634f0-8836-44d6-bc05-5b19fbdd93d5@group-6EF60CB14872-LeaderElection225] INFO  impl.LeaderElection (LogUtils.java:infoOrTrace(142)) - aa9634f0-8836-44d6-bc05-5b19fbdd93d5@group-6EF60CB14872-LeaderElection225 got exception when requesting votes: java.util.concurrent.ExecutionException: org.apache.ratis.thirdparty.io.grpc.StatusRuntimeException: UNAVAILABLE: io exception
2025-10-10 10:39:50,693 [aa9634f0-8836-44d6-bc05-5b19fbdd93d5@group-6EF60CB14872-LeaderElection225] INFO  impl.LeaderElection (LogUtils.java:infoOrTrace(142)) - aa9634f0-8836-44d6-bc05-5b19fbdd93d5@group-6EF60CB14872-LeaderElection225 got exception when requesting votes: java.util.concurrent.ExecutionException: org.apache.ratis.thirdparty.io.grpc.StatusRuntimeException: UNAVAILABLE: io exception
2025-10-10 10:39:50,693 [aa9634f0-8836-44d6-bc05-5b19fbdd93d5@group-6EF60CB14872-LeaderElection225] INFO  impl.LeaderElection (LeaderElection.java:logAndReturn(206)) - aa9634f0-8836-44d6-bc05-5b19fbdd93d5@group-6EF60CB14872-LeaderElection225: PRE_VOTE REJECTED received 0 response(s) and 2 exception(s):
2025-10-10 10:39:50,693 [aa9634f0-8836-44d6-bc05-5b19fbdd93d5@group-6EF60CB14872-LeaderElection225] INFO  impl.LeaderElection (LogUtils.java:infoOrTrace(142)) -   Exception 0: java.util.concurrent.ExecutionException: org.apache.ratis.thirdparty.io.grpc.StatusRuntimeException: UNAVAILABLE: io exception
2025-10-10 10:39:50,693 [aa9634f0-8836-44d6-bc05-5b19fbdd93d5@group-6EF60CB14872-LeaderElection225] INFO  impl.LeaderElection (LogUtils.java:infoOrTrace(142)) -   Exception 1: java.util.concurrent.ExecutionException: org.apache.ratis.thirdparty.io.grpc.StatusRuntimeException: UNAVAILABLE: io exception
2025-10-10 10:39:50,693 [aa9634f0-8836-44d6-bc05-5b19fbdd93d5@group-6EF60CB14872-LeaderElection225] INFO  impl.LeaderElection (LeaderElection.java:askForVotes(450)) - aa9634f0-8836-44d6-bc05-5b19fbdd93d5@group-6EF60CB14872-LeaderElection225 PRE_VOTE round 0: result REJECTED
2025-10-10 10:39:50,693 [aa9634f0-8836-44d6-bc05-5b19fbdd93d5@group-6EF60CB14872-LeaderElection225] INFO  server.RaftServer$Division (RaftServerImpl.java:setRole(392)) - aa9634f0-8836-44d6-bc05-5b19fbdd93d5@group-6EF60CB14872: changes role from CANDIDATE to FOLLOWER at term 5 for REJECTED
2025-10-10 10:39:50,693 [aa9634f0-8836-44d6-bc05-5b19fbdd93d5@group-6EF60CB14872-LeaderElection225] INFO  impl.RoleInfo (RoleInfo.java:shutdownLeaderElection(141)) - aa9634f0-8836-44d6-bc05-5b19fbdd93d5: shutdown aa9634f0-8836-44d6-bc05-5b19fbdd93d5@group-6EF60CB14872-LeaderElection225
2025-10-10 10:39:50,693 [aa9634f0-8836-44d6-bc05-5b19fbdd93d5@group-6EF60CB14872-LeaderElection225] INFO  impl.RoleInfo (RoleInfo.java:updateAndGet(148)) - aa9634f0-8836-44d6-bc05-5b19fbdd93d5: start aa9634f0-8836-44d6-bc05-5b19fbdd93d5@group-6EF60CB14872-FollowerState
2025-10-10 10:39:50,746 [895d447a-5476-42e4-b2fa-6eb687701d46-impl-thread3] INFO  segmented.SegmentedRaftLogWorker (SegmentedRaftLogWorker.java:close(254)) - 895d447a-5476-42e4-b2fa-6eb687701d46@group-813C05265458-SegmentedRaftLogWorker close()
2025-10-10 10:39:50,746 [895d447a-5476-42e4-b2fa-6eb687701d46-impl-thread3] INFO  ratis.ContainerStateMachine (ContainerStateMachine.java:notifyServerShutdown(1038)) - group-813C05265458 is closed by HddsDatanodeService
2025-10-10 10:39:50,827 [895d447a-5476-42e4-b2fa-6eb687701d46-impl-thread2] INFO  segmented.SegmentedRaftLogWorker (SegmentedRaftLogWorker.java:close(254)) - 895d447a-5476-42e4-b2fa-6eb687701d46@group-263A5124E6E8-SegmentedRaftLogWorker close()
2025-10-10 10:39:50,828 [895d447a-5476-42e4-b2fa-6eb687701d46-impl-thread2] INFO  ratis.ContainerStateMachine (ContainerStateMachine.java:notifyServerShutdown(1038)) - group-263A5124E6E8 is closed by HddsDatanodeService
2025-10-10 10:39:50,828 [JvmPauseMonitor16] INFO  util.JvmPauseMonitor (JvmPauseMonitor.java:run(152)) - JvmPauseMonitor-895d447a-5476-42e4-b2fa-6eb687701d46: Stopped
2025-10-10 10:39:51,122 [timer0] INFO  server.GrpcServerProtocolService (GrpcServerProtocolService.java:lambda$onCompleted$6(171)) - aa9634f0-8836-44d6-bc05-5b19fbdd93d5: Completed APPEND_ENTRIES, lastRequest: null  (Repeated 6 times in the last 5.001s)
2025-10-10 10:39:51,122 [timer1] INFO  server.GrpcServerProtocolService (GrpcServerProtocolService.java:lambda$null$7(175)) - aa9634f0-8836-44d6-bc05-5b19fbdd93d5: Completed APPEND_ENTRIES, lastReply: serverReply {
  requestorId: "895d447a-5476-42e4-b2fa-6eb687701d46"
  replyId: "aa9634f0-8836-44d6-bc05-5b19fbdd93d5"
  raftGroupId {
    id: "V\366\357C\305\fM5\211\265n\366\f\261Hr"
  }
  callId: 5
  success: true
}
term: 5
nextIndex: 22
followerCommit: 21
matchIndex: 18446744073709551615
isHearbeat: true
  (Repeated 6 times in the last 5.001s)
2025-10-10 10:39:51,124 [timer2] INFO  server.GrpcServerProtocolService (GrpcServerProtocolService.java:lambda$onCompleted$6(171)) - 36185c6b-22ce-45d1-a622-3a6b487a5a53: Completed APPEND_ENTRIES, lastRequest: null  (Repeated 2 times in the last 5.000s)
2025-10-10 10:39:51,124 [timer3] INFO  server.GrpcServerProtocolService (GrpcServerProtocolService.java:lambda$null$7(175)) - 36185c6b-22ce-45d1-a622-3a6b487a5a53: Completed APPEND_ENTRIES, lastReply: serverReply {
  requestorId: "895d447a-5476-42e4-b2fa-6eb687701d46"
  replyId: "36185c6b-22ce-45d1-a622-3a6b487a5a53"
  raftGroupId {
    id: "V\366\357C\305\fM5\211\265n\366\f\261Hr"
  }
  callId: 15
  success: true
}
term: 3
nextIndex: 11
followerCommit: 10
matchIndex: 18446744073709551615
isHearbeat: true
  (Repeated 2 times in the last 5.001s)
2025-10-10 10:39:51,198 [aa9634f0-8836-44d6-bc05-5b19fbdd93d5@group-813C05265458-FollowerState] INFO  impl.FollowerState (FollowerState.java:runImpl(161)) - aa9634f0-8836-44d6-bc05-5b19fbdd93d5@group-813C05265458-FollowerState: change to CANDIDATE, lastRpcElapsedTime:1081290932ns, electionTimeout:1081ms
2025-10-10 10:39:51,198 [aa9634f0-8836-44d6-bc05-5b19fbdd93d5@group-813C05265458-FollowerState] INFO  impl.RoleInfo (RoleInfo.java:shutdownFollowerState(121)) - aa9634f0-8836-44d6-bc05-5b19fbdd93d5: shutdown aa9634f0-8836-44d6-bc05-5b19fbdd93d5@group-813C05265458-FollowerState
2025-10-10 10:39:51,198 [aa9634f0-8836-44d6-bc05-5b19fbdd93d5@group-813C05265458-FollowerState] INFO  server.RaftServer$Division (RaftServerImpl.java:setRole(392)) - aa9634f0-8836-44d6-bc05-5b19fbdd93d5@group-813C05265458: changes role from  FOLLOWER to CANDIDATE at term 1 for changeToCandidate
2025-10-10 10:39:51,199 [aa9634f0-8836-44d6-bc05-5b19fbdd93d5@group-813C05265458-FollowerState] INFO  impl.RoleInfo (RoleInfo.java:updateAndGet(148)) - aa9634f0-8836-44d6-bc05-5b19fbdd93d5: start aa9634f0-8836-44d6-bc05-5b19fbdd93d5@group-813C05265458-LeaderElection226
2025-10-10 10:39:51,199 [aa9634f0-8836-44d6-bc05-5b19fbdd93d5@group-813C05265458-LeaderElection226] INFO  impl.LeaderElection (LeaderElection.java:askForVotes(448)) - aa9634f0-8836-44d6-bc05-5b19fbdd93d5@group-813C05265458-LeaderElection226 PRE_VOTE round 0: submit vote requests at term 1 for conf: {index: 0, cur=peers:[aa9634f0-8836-44d6-bc05-5b19fbdd93d5|127.0.0.1:15063, 36185c6b-22ce-45d1-a622-3a6b487a5a53|127.0.0.1:15071, 895d447a-5476-42e4-b2fa-6eb687701d46|127.0.0.1:15079]|listeners:[], old=null}
2025-10-10 10:39:51,199 [aa9634f0-8836-44d6-bc05-5b19fbdd93d5@group-813C05265458-LeaderElection226] INFO  impl.LeaderElection (LogUtils.java:infoOrTrace(142)) - aa9634f0-8836-44d6-bc05-5b19fbdd93d5@group-813C05265458-LeaderElection226 got exception when requesting votes: java.util.concurrent.ExecutionException: org.apache.ratis.thirdparty.io.grpc.StatusRuntimeException: UNAVAILABLE: io exception
2025-10-10 10:39:51,199 [aa9634f0-8836-44d6-bc05-5b19fbdd93d5@group-813C05265458-LeaderElection226] INFO  impl.LeaderElection (LogUtils.java:infoOrTrace(142)) - aa9634f0-8836-44d6-bc05-5b19fbdd93d5@group-813C05265458-LeaderElection226 got exception when requesting votes: java.util.concurrent.ExecutionException: org.apache.ratis.thirdparty.io.grpc.StatusRuntimeException: UNAVAILABLE: io exception
2025-10-10 10:39:51,199 [aa9634f0-8836-44d6-bc05-5b19fbdd93d5@group-813C05265458-LeaderElection226] INFO  impl.LeaderElection (LeaderElection.java:logAndReturn(206)) - aa9634f0-8836-44d6-bc05-5b19fbdd93d5@group-813C05265458-LeaderElection226: PRE_VOTE REJECTED received 0 response(s) and 2 exception(s):
2025-10-10 10:39:51,199 [aa9634f0-8836-44d6-bc05-5b19fbdd93d5@group-813C05265458-LeaderElection226] INFO  impl.LeaderElection (LogUtils.java:infoOrTrace(142)) -   Exception 0: java.util.concurrent.ExecutionException: org.apache.ratis.thirdparty.io.grpc.StatusRuntimeException: UNAVAILABLE: io exception
2025-10-10 10:39:51,199 [aa9634f0-8836-44d6-bc05-5b19fbdd93d5@group-813C05265458-LeaderElection226] INFO  impl.LeaderElection (LogUtils.java:infoOrTrace(142)) -   Exception 1: java.util.concurrent.ExecutionException: org.apache.ratis.thirdparty.io.grpc.StatusRuntimeException: UNAVAILABLE: io exception
2025-10-10 10:39:51,199 [aa9634f0-8836-44d6-bc05-5b19fbdd93d5@group-813C05265458-LeaderElection226] INFO  impl.LeaderElection (LeaderElection.java:askForVotes(450)) - aa9634f0-8836-44d6-bc05-5b19fbdd93d5@group-813C05265458-LeaderElection226 PRE_VOTE round 0: result REJECTED
2025-10-10 10:39:51,200 [aa9634f0-8836-44d6-bc05-5b19fbdd93d5@group-813C05265458-LeaderElection226] INFO  server.RaftServer$Division (RaftServerImpl.java:setRole(392)) - aa9634f0-8836-44d6-bc05-5b19fbdd93d5@group-813C05265458: changes role from CANDIDATE to FOLLOWER at term 1 for REJECTED
2025-10-10 10:39:51,200 [aa9634f0-8836-44d6-bc05-5b19fbdd93d5@group-813C05265458-LeaderElection226] INFO  impl.RoleInfo (RoleInfo.java:shutdownLeaderElection(141)) - aa9634f0-8836-44d6-bc05-5b19fbdd93d5: shutdown aa9634f0-8836-44d6-bc05-5b19fbdd93d5@group-813C05265458-LeaderElection226
2025-10-10 10:39:51,200 [aa9634f0-8836-44d6-bc05-5b19fbdd93d5@group-813C05265458-LeaderElection226] INFO  impl.RoleInfo (RoleInfo.java:updateAndGet(148)) - aa9634f0-8836-44d6-bc05-5b19fbdd93d5: start aa9634f0-8836-44d6-bc05-5b19fbdd93d5@group-813C05265458-FollowerState
2025-10-10 10:39:51,781 [aa9634f0-8836-44d6-bc05-5b19fbdd93d5@group-6EF60CB14872-FollowerState] INFO  impl.FollowerState (FollowerState.java:runImpl(161)) - aa9634f0-8836-44d6-bc05-5b19fbdd93d5@group-6EF60CB14872-FollowerState: change to CANDIDATE, lastRpcElapsedTime:1088291093ns, electionTimeout:1088ms
2025-10-10 10:39:51,781 [aa9634f0-8836-44d6-bc05-5b19fbdd93d5@group-6EF60CB14872-FollowerState] INFO  impl.RoleInfo (RoleInfo.java:shutdownFollowerState(121)) - aa9634f0-8836-44d6-bc05-5b19fbdd93d5: shutdown aa9634f0-8836-44d6-bc05-5b19fbdd93d5@group-6EF60CB14872-FollowerState
2025-10-10 10:39:51,781 [aa9634f0-8836-44d6-bc05-5b19fbdd93d5@group-6EF60CB14872-FollowerState] INFO  server.RaftServer$Division (RaftServerImpl.java:setRole(392)) - aa9634f0-8836-44d6-bc05-5b19fbdd93d5@group-6EF60CB14872: changes role from  FOLLOWER to CANDIDATE at term 5 for changeToCandidate
2025-10-10 10:39:51,781 [aa9634f0-8836-44d6-bc05-5b19fbdd93d5@group-6EF60CB14872-FollowerState] INFO  impl.RoleInfo (RoleInfo.java:updateAndGet(148)) - aa9634f0-8836-44d6-bc05-5b19fbdd93d5: start aa9634f0-8836-44d6-bc05-5b19fbdd93d5@group-6EF60CB14872-LeaderElection227
2025-10-10 10:39:51,782 [aa9634f0-8836-44d6-bc05-5b19fbdd93d5@group-6EF60CB14872-LeaderElection227] INFO  impl.LeaderElection (LeaderElection.java:askForVotes(448)) - aa9634f0-8836-44d6-bc05-5b19fbdd93d5@group-6EF60CB14872-LeaderElection227 PRE_VOTE round 0: submit vote requests at term 5 for conf: {index: 20, cur=peers:[aa9634f0-8836-44d6-bc05-5b19fbdd93d5|127.0.0.1:15063, 36185c6b-22ce-45d1-a622-3a6b487a5a53|127.0.0.1:15071, 895d447a-5476-42e4-b2fa-6eb687701d46|127.0.0.1:15079]|listeners:[], old=null}
2025-10-10 10:39:51,782 [aa9634f0-8836-44d6-bc05-5b19fbdd93d5@group-6EF60CB14872-LeaderElection227] INFO  impl.LeaderElection (LogUtils.java:infoOrTrace(142)) - aa9634f0-8836-44d6-bc05-5b19fbdd93d5@group-6EF60CB14872-LeaderElection227 got exception when requesting votes: java.util.concurrent.ExecutionException: org.apache.ratis.thirdparty.io.grpc.StatusRuntimeException: UNAVAILABLE: io exception
2025-10-10 10:39:51,783 [aa9634f0-8836-44d6-bc05-5b19fbdd93d5@group-6EF60CB14872-LeaderElection227] INFO  impl.LeaderElection (LogUtils.java:infoOrTrace(142)) - aa9634f0-8836-44d6-bc05-5b19fbdd93d5@group-6EF60CB14872-LeaderElection227 got exception when requesting votes: java.util.concurrent.ExecutionException: org.apache.ratis.thirdparty.io.grpc.StatusRuntimeException: UNAVAILABLE: io exception
2025-10-10 10:39:51,783 [aa9634f0-8836-44d6-bc05-5b19fbdd93d5@group-6EF60CB14872-LeaderElection227] INFO  impl.LeaderElection (LeaderElection.java:logAndReturn(206)) - aa9634f0-8836-44d6-bc05-5b19fbdd93d5@group-6EF60CB14872-LeaderElection227: PRE_VOTE REJECTED received 0 response(s) and 2 exception(s):
2025-10-10 10:39:51,783 [aa9634f0-8836-44d6-bc05-5b19fbdd93d5@group-6EF60CB14872-LeaderElection227] INFO  impl.LeaderElection (LogUtils.java:infoOrTrace(142)) -   Exception 0: java.util.concurrent.ExecutionException: org.apache.ratis.thirdparty.io.grpc.StatusRuntimeException: UNAVAILABLE: io exception
2025-10-10 10:39:51,783 [aa9634f0-8836-44d6-bc05-5b19fbdd93d5@group-6EF60CB14872-LeaderElection227] INFO  impl.LeaderElection (LogUtils.java:infoOrTrace(142)) -   Exception 1: java.util.concurrent.ExecutionException: org.apache.ratis.thirdparty.io.grpc.StatusRuntimeException: UNAVAILABLE: io exception
2025-10-10 10:39:51,783 [aa9634f0-8836-44d6-bc05-5b19fbdd93d5@group-6EF60CB14872-LeaderElection227] INFO  impl.LeaderElection (LeaderElection.java:askForVotes(450)) - aa9634f0-8836-44d6-bc05-5b19fbdd93d5@group-6EF60CB14872-LeaderElection227 PRE_VOTE round 0: result REJECTED
2025-10-10 10:39:51,783 [aa9634f0-8836-44d6-bc05-5b19fbdd93d5@group-6EF60CB14872-LeaderElection227] INFO  server.RaftServer$Division (RaftServerImpl.java:setRole(392)) - aa9634f0-8836-44d6-bc05-5b19fbdd93d5@group-6EF60CB14872: changes role from CANDIDATE to FOLLOWER at term 5 for REJECTED
2025-10-10 10:39:51,783 [aa9634f0-8836-44d6-bc05-5b19fbdd93d5@group-6EF60CB14872-LeaderElection227] INFO  impl.RoleInfo (RoleInfo.java:shutdownLeaderElection(141)) - aa9634f0-8836-44d6-bc05-5b19fbdd93d5: shutdown aa9634f0-8836-44d6-bc05-5b19fbdd93d5@group-6EF60CB14872-LeaderElection227
2025-10-10 10:39:51,783 [aa9634f0-8836-44d6-bc05-5b19fbdd93d5@group-6EF60CB14872-LeaderElection227] INFO  impl.RoleInfo (RoleInfo.java:updateAndGet(148)) - aa9634f0-8836-44d6-bc05-5b19fbdd93d5: start aa9634f0-8836-44d6-bc05-5b19fbdd93d5@group-6EF60CB14872-FollowerState
2025-10-10 10:39:51,896 [timer0] INFO  server.GrpcServerProtocolService (GrpcServerProtocolService.java:lambda$null$7(175)) - 895d447a-5476-42e4-b2fa-6eb687701d46: Completed APPEND_ENTRIES, lastReply: null  (Repeated 2 times in the last 5.000s)
2025-10-10 10:39:51,896 [timer7] INFO  server.GrpcServerProtocolService (GrpcServerProtocolService.java:lambda$onCompleted$6(171)) - 895d447a-5476-42e4-b2fa-6eb687701d46: Completed APPEND_ENTRIES, lastRequest: 36185c6b-22ce-45d1-a622-3a6b487a5a53->895d447a-5476-42e4-b2fa-6eb687701d46#16-t4,previous=(t:4, i:18),leaderCommit=18,initializing? false,entries: size=1, first=(t:4, i:19), METADATAENTRY(c:16)  (Repeated 2 times in the last 5.001s)
2025-10-10 10:39:52,243 [aa9634f0-8836-44d6-bc05-5b19fbdd93d5@group-813C05265458-FollowerState] INFO  impl.FollowerState (FollowerState.java:runImpl(161)) - aa9634f0-8836-44d6-bc05-5b19fbdd93d5@group-813C05265458-FollowerState: change to CANDIDATE, lastRpcElapsedTime:1043282247ns, electionTimeout:1043ms
2025-10-10 10:39:52,243 [aa9634f0-8836-44d6-bc05-5b19fbdd93d5@group-813C05265458-FollowerState] INFO  impl.RoleInfo (RoleInfo.java:shutdownFollowerState(121)) - aa9634f0-8836-44d6-bc05-5b19fbdd93d5: shutdown aa9634f0-8836-44d6-bc05-5b19fbdd93d5@group-813C05265458-FollowerState
2025-10-10 10:39:52,243 [aa9634f0-8836-44d6-bc05-5b19fbdd93d5@group-813C05265458-FollowerState] INFO  server.RaftServer$Division (RaftServerImpl.java:setRole(392)) - aa9634f0-8836-44d6-bc05-5b19fbdd93d5@group-813C05265458: changes role from  FOLLOWER to CANDIDATE at term 1 for changeToCandidate
2025-10-10 10:39:52,243 [aa9634f0-8836-44d6-bc05-5b19fbdd93d5@group-813C05265458-FollowerState] INFO  impl.RoleInfo (RoleInfo.java:updateAndGet(148)) - aa9634f0-8836-44d6-bc05-5b19fbdd93d5: start aa9634f0-8836-44d6-bc05-5b19fbdd93d5@group-813C05265458-LeaderElection228
2025-10-10 10:39:52,244 [aa9634f0-8836-44d6-bc05-5b19fbdd93d5@group-813C05265458-LeaderElection228] INFO  impl.LeaderElection (LeaderElection.java:askForVotes(448)) - aa9634f0-8836-44d6-bc05-5b19fbdd93d5@group-813C05265458-LeaderElection228 PRE_VOTE round 0: submit vote requests at term 1 for conf: {index: 0, cur=peers:[aa9634f0-8836-44d6-bc05-5b19fbdd93d5|127.0.0.1:15063, 36185c6b-22ce-45d1-a622-3a6b487a5a53|127.0.0.1:15071, 895d447a-5476-42e4-b2fa-6eb687701d46|127.0.0.1:15079]|listeners:[], old=null}
2025-10-10 10:39:52,244 [aa9634f0-8836-44d6-bc05-5b19fbdd93d5@group-813C05265458-LeaderElection228] INFO  impl.LeaderElection (LogUtils.java:infoOrTrace(142)) - aa9634f0-8836-44d6-bc05-5b19fbdd93d5@group-813C05265458-LeaderElection228 got exception when requesting votes: java.util.concurrent.ExecutionException: org.apache.ratis.thirdparty.io.grpc.StatusRuntimeException: UNAVAILABLE: io exception
2025-10-10 10:39:52,244 [aa9634f0-8836-44d6-bc05-5b19fbdd93d5@group-813C05265458-LeaderElection228] INFO  impl.LeaderElection (LogUtils.java:infoOrTrace(142)) - aa9634f0-8836-44d6-bc05-5b19fbdd93d5@group-813C05265458-LeaderElection228 got exception when requesting votes: java.util.concurrent.ExecutionException: org.apache.ratis.thirdparty.io.grpc.StatusRuntimeException: UNAVAILABLE: io exception
2025-10-10 10:39:52,244 [aa9634f0-8836-44d6-bc05-5b19fbdd93d5@group-813C05265458-LeaderElection228] INFO  impl.LeaderElection (LeaderElection.java:logAndReturn(206)) - aa9634f0-8836-44d6-bc05-5b19fbdd93d5@group-813C05265458-LeaderElection228: PRE_VOTE REJECTED received 0 response(s) and 2 exception(s):
2025-10-10 10:39:52,244 [aa9634f0-8836-44d6-bc05-5b19fbdd93d5@group-813C05265458-LeaderElection228] INFO  impl.LeaderElection (LogUtils.java:infoOrTrace(142)) -   Exception 0: java.util.concurrent.ExecutionException: org.apache.ratis.thirdparty.io.grpc.StatusRuntimeException: UNAVAILABLE: io exception
2025-10-10 10:39:52,244 [aa9634f0-8836-44d6-bc05-5b19fbdd93d5@group-813C05265458-LeaderElection228] INFO  impl.LeaderElection (LogUtils.java:infoOrTrace(142)) -   Exception 1: java.util.concurrent.ExecutionException: org.apache.ratis.thirdparty.io.grpc.StatusRuntimeException: UNAVAILABLE: io exception
2025-10-10 10:39:52,244 [aa9634f0-8836-44d6-bc05-5b19fbdd93d5@group-813C05265458-LeaderElection228] INFO  impl.LeaderElection (LeaderElection.java:askForVotes(450)) - aa9634f0-8836-44d6-bc05-5b19fbdd93d5@group-813C05265458-LeaderElection228 PRE_VOTE round 0: result REJECTED
2025-10-10 10:39:52,244 [aa9634f0-8836-44d6-bc05-5b19fbdd93d5@group-813C05265458-LeaderElection228] INFO  server.RaftServer$Division (RaftServerImpl.java:setRole(392)) - aa9634f0-8836-44d6-bc05-5b19fbdd93d5@group-813C05265458: changes role from CANDIDATE to FOLLOWER at term 1 for REJECTED
2025-10-10 10:39:52,244 [aa9634f0-8836-44d6-bc05-5b19fbdd93d5@group-813C05265458-LeaderElection228] INFO  impl.RoleInfo (RoleInfo.java:shutdownLeaderElection(141)) - aa9634f0-8836-44d6-bc05-5b19fbdd93d5: shutdown aa9634f0-8836-44d6-bc05-5b19fbdd93d5@group-813C05265458-LeaderElection228
2025-10-10 10:39:52,244 [aa9634f0-8836-44d6-bc05-5b19fbdd93d5@group-813C05265458-LeaderElection228] INFO  impl.RoleInfo (RoleInfo.java:updateAndGet(148)) - aa9634f0-8836-44d6-bc05-5b19fbdd93d5: start aa9634f0-8836-44d6-bc05-5b19fbdd93d5@group-813C05265458-FollowerState
2025-10-10 10:39:52,831 [ForkJoinPool-1-worker-1] INFO  utils.DatanodeStoreCache (DatanodeStoreCache.java:shutdownCache(110)) - Skip clearing cache in mini cluster mode. Entries left: [/home/runner/work/ozone/ozone/hadoop-ozone/integration-test/target/test-dir/MiniOzoneClusterImpl-611c99c7-d47b-4433-a4ef-cd0a35b076ef/ozone-metadata/datanode-1/data-0/hdds/611c99c7-d47b-4433-a4ef-cd0a35b076ef/DS-e04c2270-6553-4caa-98e6-0f32c0982bff/container.db, /home/runner/work/ozone/ozone/hadoop-ozone/integration-test/target/test-dir/MiniOzoneClusterImpl-611c99c7-d47b-4433-a4ef-cd0a35b076ef/ozone-metadata/datanode-10/data-0/hdds/611c99c7-d47b-4433-a4ef-cd0a35b076ef/DS-acbb0b19-c57c-43af-ab83-47b2913905c6/container.db, /home/runner/work/ozone/ozone/hadoop-ozone/integration-test/target/test-dir/MiniOzoneClusterImpl-611c99c7-d47b-4433-a4ef-cd0a35b076ef/ozone-metadata/datanode-2/data-0/hdds/611c99c7-d47b-4433-a4ef-cd0a35b076ef/DS-dbeeb2d7-87c9-464d-a232-67ecec18d322/container.db, /home/runner/work/ozone/ozone/hadoop-ozone/integration-test/target/test-dir/MiniOzoneClusterImpl-611c99c7-d47b-4433-a4ef-cd0a35b076ef/ozone-metadata/datanode-3/data-0/hdds/611c99c7-d47b-4433-a4ef-cd0a35b076ef/DS-96d12f97-f01f-4e1a-aadc-cb85e2aa7b77/container.db, /home/runner/work/ozone/ozone/hadoop-ozone/integration-test/target/test-dir/MiniOzoneClusterImpl-611c99c7-d47b-4433-a4ef-cd0a35b076ef/ozone-metadata/datanode-4/data-0/hdds/611c99c7-d47b-4433-a4ef-cd0a35b076ef/DS-d0f0d2dd-b347-4b79-bac2-49cc0e8748a5/container.db, /home/runner/work/ozone/ozone/hadoop-ozone/integration-test/target/test-dir/MiniOzoneClusterImpl-611c99c7-d47b-4433-a4ef-cd0a35b076ef/ozone-metadata/datanode-5/data-0/hdds/611c99c7-d47b-4433-a4ef-cd0a35b076ef/DS-4e487a0b-bc01-4abe-bc19-325c11ca8c9e/container.db, /home/runner/work/ozone/ozone/hadoop-ozone/integration-test/target/test-dir/MiniOzoneClusterImpl-611c99c7-d47b-4433-a4ef-cd0a35b076ef/ozone-metadata/datanode-6/data-0/hdds/611c99c7-d47b-4433-a4ef-cd0a35b076ef/DS-2abecbaf-9058-465c-9862-40fcfa0a7bd5/container.db, /home/runner/work/ozone/ozone/hadoop-ozone/integration-test/target/test-dir/MiniOzoneClusterImpl-611c99c7-d47b-4433-a4ef-cd0a35b076ef/ozone-metadata/datanode-7/data-0/hdds/611c99c7-d47b-4433-a4ef-cd0a35b076ef/DS-c4bde162-9ff2-4380-9d2e-b89c9d2de98d/container.db, /home/runner/work/ozone/ozone/hadoop-ozone/integration-test/target/test-dir/MiniOzoneClusterImpl-611c99c7-d47b-4433-a4ef-cd0a35b076ef/ozone-metadata/datanode-9/data-0/hdds/611c99c7-d47b-4433-a4ef-cd0a35b076ef/DS-8fb42501-9102-4ac6-a22c-4421d3850807/container.db]
2025-10-10 10:39:52,832 [ForkJoinPool-1-worker-1] INFO  utils.DatanodeStoreCache (DatanodeStoreCache.java:removeDB(104)) - Removed db /home/runner/work/ozone/ozone/hadoop-ozone/integration-test/target/test-dir/MiniOzoneClusterImpl-611c99c7-d47b-4433-a4ef-cd0a35b076ef/ozone-metadata/datanode-9/data-0/hdds/611c99c7-d47b-4433-a4ef-cd0a35b076ef/DS-8fb42501-9102-4ac6-a22c-4421d3850807/container.db from cache
2025-10-10 10:39:52,832 [ForkJoinPool-1-worker-1] INFO  volume.HddsVolume (HddsVolume.java:closeDbStore(609)) - SchemaV3 db is stopped at /home/runner/work/ozone/ozone/hadoop-ozone/integration-test/target/test-dir/MiniOzoneClusterImpl-611c99c7-d47b-4433-a4ef-cd0a35b076ef/ozone-metadata/datanode-9/data-0/hdds/611c99c7-d47b-4433-a4ef-cd0a35b076ef/DS-8fb42501-9102-4ac6-a22c-4421d3850807/container.db for volume DS-8fb42501-9102-4ac6-a22c-4421d3850807
2025-10-10 10:39:52,832 [ForkJoinPool-1-worker-1] INFO  utils.BackgroundService (BackgroundService.java:shutdown(195)) - Shutting down service BlockDeletingService
2025-10-10 10:39:52,833 [ForkJoinPool-1-worker-1] INFO  utils.BackgroundService (BackgroundService.java:shutdown(195)) - Shutting down service StaleRecoveringContainerScrubbingService
2025-10-10 10:39:52,834 [ForkJoinPool-1-worker-1] INFO  statemachine.DatanodeStateMachine (DatanodeStateMachine.java:stopDaemon(654)) - Ozone container server stopped.
2025-10-10 10:39:52,847 [ForkJoinPool-1-worker-1] INFO  handler.ContextHandler (ContextHandler.java:doStop(1159)) - Stopped o.e.j.w.WebAppContext@72a5500e{hddsDatanode,/,null,STOPPED}{jar:file:/home/runner/work/ozone/ozone/hadoop-hdds/container-service/target/hdds-container-service-2.1.0-SNAPSHOT.jar!/webapps/hddsDatanode}
2025-10-10 10:39:52,847 [ForkJoinPool-1-worker-1] INFO  server.AbstractConnector (AbstractConnector.java:doStop(383)) - Stopped ServerConnector@1eb1b04e{HTTP/1.1, (http/1.1)}{0.0.0.0:15074}
2025-10-10 10:39:52,847 [ForkJoinPool-1-worker-1] INFO  server.session (HouseKeeper.java:stopScavenging(149)) - node0 Stopped scavenging
2025-10-10 10:39:52,848 [ForkJoinPool-1-worker-1] INFO  handler.ContextHandler (ContextHandler.java:doStop(1159)) - Stopped o.e.j.s.ServletContextHandler@72b7eb3f{static,/static,jar:file:/home/runner/work/ozone/ozone/hadoop-hdds/container-service/target/hdds-container-service-2.1.0-SNAPSHOT.jar!/webapps/static,STOPPED}
2025-10-10 10:39:52,848 [ForkJoinPool-1-worker-1] INFO  handler.ContextHandler (ContextHandler.java:doStop(1159)) - Stopped o.e.j.s.ServletContextHandler@20b097da{logs,/logs,file:///home/runner/work/ozone/ozone/hadoop-ozone/integration-test/target/log,STOPPED}
2025-10-10 10:39:52,849 [ForkJoinPool-1-worker-1] INFO  ozone.HddsDatanodeClientProtocolServer (HddsDatanodeClientProtocolServer.java:stop(82)) - Stopping the RPC server for Client Protocol
2025-10-10 10:39:52,849 [ForkJoinPool-1-worker-1] INFO  ipc.Server (Server.java:stop(3697)) - Stopping server on 15075
2025-10-10 10:39:52,850 [IPC Server listener on 15075] INFO  ipc.Server (Server.java:run(1585)) - Stopping IPC Server listener on 15075
2025-10-10 10:39:52,850 [IPC Server Responder] INFO  ipc.Server (Server.java:run(1718)) - Stopping IPC Server Responder
2025-10-10 10:39:52,851 [ForkJoinPool-1-worker-1] ERROR impl.OrderedAsync (OrderedAsync.java:lambda$null$6(215)) -  client-E1F90CE0EC34: Failed* RaftClientRequest:client-E1F90CE0EC34->36185c6b-22ce-45d1-a622-3a6b487a5a53@group-6EF60CB14872, cid=60, seq=6, RW, cmdType: WriteChunk traceID: "" containerID: 8 datanodeUuid: "36185c6b-22ce-45d1-a622-3a6b487a5a53" writeChunk { blockID { containerID: 8 localID: 115816896921600008 blockCommitSequenceId: 16 replicaIndex: 0 } chunkData { chunkName: "115816896921600008_chunk_3" offset: 2097152 len: 524288 } } version: 3, data.size=524288
java.util.concurrent.CompletionException: org.apache.ratis.protocol.exceptions.AlreadyClosedException: client-E1F90CE0EC34->36185c6b-22ce-45d1-a622-3a6b487a5a53 is closed.
	at java.base/java.util.concurrent.CompletableFuture.encodeThrowable(CompletableFuture.java:332)
	at java.base/java.util.concurrent.CompletableFuture.uniAcceptNow(CompletableFuture.java:747)
	at java.base/java.util.concurrent.CompletableFuture.uniAcceptStage(CompletableFuture.java:735)
	at java.base/java.util.concurrent.CompletableFuture.thenAccept(CompletableFuture.java:2214)
	at org.apache.ratis.client.impl.OrderedAsync.sendRequestWithRetry(OrderedAsync.java:206)
	at org.apache.ratis.util.SlidingWindow$Client.sendOrDelayRequest(SlidingWindow.java:306)
	at org.apache.ratis.util.SlidingWindow$Client.submitNewRequest(SlidingWindow.java:294)
	at org.apache.ratis.client.impl.OrderedAsync.send(OrderedAsync.java:173)
	at org.apache.ratis.client.impl.AsyncImpl.send(AsyncImpl.java:41)
	at org.apache.ratis.client.impl.AsyncImpl.send(AsyncImpl.java:46)
	at org.apache.ratis.client.api.AsyncApi.send(AsyncApi.java:46)
	at org.apache.hadoop.hdds.scm.XceiverClientRatis.lambda$sendRequestAsync$3(XceiverClientRatis.java:270)
	at org.apache.hadoop.hdds.tracing.TracingUtil.executeInSpan(TracingUtil.java:205)
	at org.apache.hadoop.hdds.tracing.TracingUtil.executeInNewSpan(TracingUtil.java:195)
	at org.apache.hadoop.hdds.scm.XceiverClientRatis.sendRequestAsync(XceiverClientRatis.java:255)
	at org.apache.hadoop.hdds.scm.XceiverClientRatis.sendCommandAsync(XceiverClientRatis.java:368)
	at org.apache.hadoop.hdds.scm.storage.ContainerProtocolCalls.writeChunkAsync(ContainerProtocolCalls.java:470)
	at org.apache.hadoop.hdds.scm.storage.BlockOutputStream.writeChunkToContainer(BlockOutputStream.java:965)
	at org.apache.hadoop.hdds.scm.storage.BlockOutputStream.writeChunk(BlockOutputStream.java:663)
	at org.apache.hadoop.hdds.scm.storage.BlockOutputStream.handleFlushInternalSynchronized(BlockOutputStream.java:754)
	at org.apache.hadoop.hdds.scm.storage.BlockOutputStream.lambda$handleFlushInternal$8(BlockOutputStream.java:703)
	at org.apache.hadoop.ozone.util.MetricUtil.captureLatencyNs(MetricUtil.java:45)
	at org.apache.hadoop.hdds.scm.storage.BlockOutputStream.handleFlushInternal(BlockOutputStream.java:702)
	at org.apache.hadoop.hdds.scm.storage.BlockOutputStream.handleFlush(BlockOutputStream.java:678)
	at org.apache.hadoop.hdds.scm.storage.BlockOutputStream.close(BlockOutputStream.java:789)
	at org.apache.hadoop.ozone.client.io.BlockOutputStreamEntry.close(BlockOutputStreamEntry.java:217)
	at org.apache.hadoop.ozone.client.io.KeyOutputStream.handleStreamAction(KeyOutputStream.java:613)
	at org.apache.hadoop.ozone.client.io.KeyOutputStream.handleFlushOrClose(KeyOutputStream.java:581)
	at org.apache.hadoop.ozone.client.io.KeyOutputStream.closeInternal(KeyOutputStream.java:647)
	at org.apache.hadoop.ozone.client.io.KeyOutputStream.doInWriteLock(KeyOutputStream.java:251)
	at org.apache.hadoop.ozone.client.io.KeyOutputStream.close(KeyOutputStream.java:638)
	at org.apache.hadoop.ozone.client.io.OzoneOutputStream.close(OzoneOutputStream.java:104)
	at org.apache.hadoop.ozone.client.rpc.TestFailureHandlingByClient.testBlockWritesWithDnFailures(TestFailureHandlingByClient.java:214)
	at java.base/jdk.internal.reflect.DirectMethodHandleAccessor.invoke(DirectMethodHandleAccessor.java:103)
	at java.base/java.lang.reflect.Method.invoke(Method.java:580)
	at org.junit.platform.commons.util.ReflectionUtils.invokeMethod(ReflectionUtils.java:786)
	at org.junit.platform.commons.support.ReflectionSupport.invokeMethod(ReflectionSupport.java:514)
	at org.junit.jupiter.engine.execution.MethodInvocation.proceed(MethodInvocation.java:60)
	at org.junit.jupiter.engine.execution.InvocationInterceptorChain$ValidatingInvocation.proceed(InvocationInterceptorChain.java:131)
	at org.junit.jupiter.engine.extension.SameThreadTimeoutInvocation.proceed(SameThreadTimeoutInvocation.java:49)
	at org.junit.jupiter.engine.extension.TimeoutExtension.intercept(TimeoutExtension.java:161)
	at org.junit.jupiter.engine.extension.TimeoutExtension.interceptTestableMethod(TimeoutExtension.java:152)
	at org.junit.jupiter.engine.extension.TimeoutExtension.interceptTestMethod(TimeoutExtension.java:91)
	at org.junit.jupiter.engine.execution.InterceptingExecutableInvoker$ReflectiveInterceptorCall.lambda$ofVoidMethod$0(InterceptingExecutableInvoker.java:112)
	at org.junit.jupiter.engine.execution.InterceptingExecutableInvoker.lambda$invoke$0(InterceptingExecutableInvoker.java:94)
	at org.junit.jupiter.engine.execution.InvocationInterceptorChain$InterceptedInvocation.proceed(InvocationInterceptorChain.java:106)
	at org.junit.jupiter.engine.execution.InvocationInterceptorChain.proceed(InvocationInterceptorChain.java:64)
	at org.junit.jupiter.engine.execution.InvocationInterceptorChain.chainAndInvoke(InvocationInterceptorChain.java:45)
	at org.junit.jupiter.engine.execution.InvocationInterceptorChain.invoke(InvocationInterceptorChain.java:37)
	at org.junit.jupiter.engine.execution.InterceptingExecutableInvoker.invoke(InterceptingExecutableInvoker.java:93)
	at org.junit.jupiter.engine.execution.InterceptingExecutableInvoker.invoke(InterceptingExecutableInvoker.java:87)
	at org.junit.jupiter.engine.descriptor.TestMethodTestDescriptor.lambda$invokeTestMethod$4(TestMethodTestDescriptor.java:221)
	at org.junit.platform.engine.support.hierarchical.ThrowableCollector.execute(ThrowableCollector.java:73)
	at org.junit.jupiter.engine.descriptor.TestMethodTestDescriptor.invokeTestMethod(TestMethodTestDescriptor.java:217)
	at org.junit.jupiter.engine.descriptor.TestMethodTestDescriptor.execute(TestMethodTestDescriptor.java:159)
	at org.junit.jupiter.engine.descriptor.TestMethodTestDescriptor.execute(TestMethodTestDescriptor.java:70)
	at org.junit.platform.engine.support.hierarchical.NodeTestTask.lambda$executeRecursively$6(NodeTestTask.java:157)
	at org.junit.platform.engine.support.hierarchical.ThrowableCollector.execute(ThrowableCollector.java:73)
	at org.junit.platform.engine.support.hierarchical.NodeTestTask.lambda$executeRecursively$8(NodeTestTask.java:147)
	at org.junit.platform.engine.support.hierarchical.Node.around(Node.java:137)
	at org.junit.platform.engine.support.hierarchical.NodeTestTask.lambda$executeRecursively$9(NodeTestTask.java:145)
	at org.junit.platform.engine.support.hierarchical.ThrowableCollector.execute(ThrowableCollector.java:73)
	at org.junit.platform.engine.support.hierarchical.NodeTestTask.executeRecursively(NodeTestTask.java:144)
	at org.junit.platform.engine.support.hierarchical.NodeTestTask.execute(NodeTestTask.java:101)
	at org.junit.platform.engine.support.hierarchical.ForkJoinPoolHierarchicalTestExecutorService$ExclusiveTask.exec(ForkJoinPoolHierarchicalTestExecutorService.java:274)
	at org.junit.platform.engine.support.hierarchical.ForkJoinPoolHierarchicalTestExecutorService$ExclusiveTask.execSync(ForkJoinPoolHierarchicalTestExecutorService.java:247)
	at org.junit.platform.engine.support.hierarchical.ForkJoinPoolHierarchicalTestExecutorService.executeSync(ForkJoinPoolHierarchicalTestExecutorService.java:194)
	at org.junit.platform.engine.support.hierarchical.ForkJoinPoolHierarchicalTestExecutorService.invokeAll(ForkJoinPoolHierarchicalTestExecutorService.java:166)
	at org.junit.platform.engine.support.hierarchical.NodeTestTask.lambda$executeRecursively$6(NodeTestTask.java:161)
	at org.junit.platform.engine.support.hierarchical.ThrowableCollector.execute(ThrowableCollector.java:73)
	at org.junit.platform.engine.support.hierarchical.NodeTestTask.lambda$executeRecursively$8(NodeTestTask.java:147)
	at org.junit.platform.engine.support.hierarchical.Node.around(Node.java:137)
	at org.junit.platform.engine.support.hierarchical.NodeTestTask.lambda$executeRecursively$9(NodeTestTask.java:145)
	at org.junit.platform.engine.support.hierarchical.ThrowableCollector.execute(ThrowableCollector.java:73)
	at org.junit.platform.engine.support.hierarchical.NodeTestTask.executeRecursively(NodeTestTask.java:144)
	at org.junit.platform.engine.support.hierarchical.NodeTestTask.execute(NodeTestTask.java:101)
	at org.junit.platform.engine.support.hierarchical.ForkJoinPoolHierarchicalTestExecutorService$ExclusiveTask.exec(ForkJoinPoolHierarchicalTestExecutorService.java:274)
	at org.junit.platform.engine.support.hierarchical.ForkJoinPoolHierarchicalTestExecutorService$ExclusiveTask.execSync(ForkJoinPoolHierarchicalTestExecutorService.java:247)
	at org.junit.platform.engine.support.hierarchical.ForkJoinPoolHierarchicalTestExecutorService.invokeAll(ForkJoinPoolHierarchicalTestExecutorService.java:159)
	at org.junit.platform.engine.support.hierarchical.NodeTestTask.lambda$executeRecursively$6(NodeTestTask.java:161)
	at org.junit.platform.engine.support.hierarchical.ThrowableCollector.execute(ThrowableCollector.java:73)
	at org.junit.platform.engine.support.hierarchical.NodeTestTask.lambda$executeRecursively$8(NodeTestTask.java:147)
	at org.junit.platform.engine.support.hierarchical.Node.around(Node.java:137)
	at org.junit.platform.engine.support.hierarchical.NodeTestTask.lambda$executeRecursively$9(NodeTestTask.java:145)
	at org.junit.platform.engine.support.hierarchical.ThrowableCollector.execute(ThrowableCollector.java:73)
	at org.junit.platform.engine.support.hierarchical.NodeTestTask.executeRecursively(NodeTestTask.java:144)
	at org.junit.platform.engine.support.hierarchical.NodeTestTask.execute(NodeTestTask.java:101)
	at org.junit.platform.engine.support.hierarchical.ForkJoinPoolHierarchicalTestExecutorService$ExclusiveTask.exec(ForkJoinPoolHierarchicalTestExecutorService.java:274)
	at java.base/java.util.concurrent.ForkJoinTask.doExec(ForkJoinTask.java:387)
	at java.base/java.util.concurrent.ForkJoinPool$WorkQueue.topLevelExec(ForkJoinPool.java:1312)
	at java.base/java.util.concurrent.ForkJoinPool.scan(ForkJoinPool.java:1843)
	at java.base/java.util.concurrent.ForkJoinPool.runWorker(ForkJoinPool.java:1808)
	at java.base/java.util.concurrent.ForkJoinWorkerThread.run(ForkJoinWorkerThread.java:188)
Caused by: org.apache.ratis.protocol.exceptions.AlreadyClosedException: client-E1F90CE0EC34->36185c6b-22ce-45d1-a622-3a6b487a5a53 is closed.
	at org.apache.ratis.grpc.client.GrpcClientProtocolClient$AsyncStreamObservers.onNext(GrpcClientProtocolClient.java:352)
	at org.apache.ratis.grpc.client.GrpcClientRpc.sendRequestAsync(GrpcClientRpc.java:71)
	... 89 more
2025-10-10 10:39:52,856 [aa9634f0-8836-44d6-bc05-5b19fbdd93d5@group-6EF60CB14872-FollowerState] INFO  impl.FollowerState (FollowerState.java:runImpl(161)) - aa9634f0-8836-44d6-bc05-5b19fbdd93d5@group-6EF60CB14872-FollowerState: change to CANDIDATE, lastRpcElapsedTime:1073272115ns, electionTimeout:1073ms
2025-10-10 10:39:52,856 [aa9634f0-8836-44d6-bc05-5b19fbdd93d5@group-6EF60CB14872-FollowerState] INFO  impl.RoleInfo (RoleInfo.java:shutdownFollowerState(121)) - aa9634f0-8836-44d6-bc05-5b19fbdd93d5: shutdown aa9634f0-8836-44d6-bc05-5b19fbdd93d5@group-6EF60CB14872-FollowerState
2025-10-10 10:39:52,856 [aa9634f0-8836-44d6-bc05-5b19fbdd93d5@group-6EF60CB14872-FollowerState] INFO  server.RaftServer$Division (RaftServerImpl.java:setRole(392)) - aa9634f0-8836-44d6-bc05-5b19fbdd93d5@group-6EF60CB14872: changes role from  FOLLOWER to CANDIDATE at term 5 for changeToCandidate
2025-10-10 10:39:52,856 [aa9634f0-8836-44d6-bc05-5b19fbdd93d5@group-6EF60CB14872-FollowerState] INFO  impl.RoleInfo (RoleInfo.java:updateAndGet(148)) - aa9634f0-8836-44d6-bc05-5b19fbdd93d5: start aa9634f0-8836-44d6-bc05-5b19fbdd93d5@group-6EF60CB14872-LeaderElection229
2025-10-10 10:39:52,857 [aa9634f0-8836-44d6-bc05-5b19fbdd93d5@group-6EF60CB14872-LeaderElection229] INFO  impl.LeaderElection (LeaderElection.java:askForVotes(448)) - aa9634f0-8836-44d6-bc05-5b19fbdd93d5@group-6EF60CB14872-LeaderElection229 PRE_VOTE round 0: submit vote requests at term 5 for conf: {index: 20, cur=peers:[aa9634f0-8836-44d6-bc05-5b19fbdd93d5|127.0.0.1:15063, 36185c6b-22ce-45d1-a622-3a6b487a5a53|127.0.0.1:15071, 895d447a-5476-42e4-b2fa-6eb687701d46|127.0.0.1:15079]|listeners:[], old=null}
2025-10-10 10:39:52,857 [aa9634f0-8836-44d6-bc05-5b19fbdd93d5@group-6EF60CB14872-LeaderElection229] INFO  impl.LeaderElection (LogUtils.java:infoOrTrace(142)) - aa9634f0-8836-44d6-bc05-5b19fbdd93d5@group-6EF60CB14872-LeaderElection229 got exception when requesting votes: java.util.concurrent.ExecutionException: org.apache.ratis.thirdparty.io.grpc.StatusRuntimeException: UNAVAILABLE: io exception
2025-10-10 10:39:52,857 [aa9634f0-8836-44d6-bc05-5b19fbdd93d5@group-6EF60CB14872-LeaderElection229] INFO  impl.LeaderElection (LogUtils.java:infoOrTrace(142)) - aa9634f0-8836-44d6-bc05-5b19fbdd93d5@group-6EF60CB14872-LeaderElection229 got exception when requesting votes: java.util.concurrent.ExecutionException: org.apache.ratis.thirdparty.io.grpc.StatusRuntimeException: UNAVAILABLE: io exception
2025-10-10 10:39:52,857 [aa9634f0-8836-44d6-bc05-5b19fbdd93d5@group-6EF60CB14872-LeaderElection229] INFO  impl.LeaderElection (LeaderElection.java:logAndReturn(206)) - aa9634f0-8836-44d6-bc05-5b19fbdd93d5@group-6EF60CB14872-LeaderElection229: PRE_VOTE REJECTED received 0 response(s) and 2 exception(s):
2025-10-10 10:39:52,857 [aa9634f0-8836-44d6-bc05-5b19fbdd93d5@group-6EF60CB14872-LeaderElection229] INFO  impl.LeaderElection (LogUtils.java:infoOrTrace(142)) -   Exception 0: java.util.concurrent.ExecutionException: org.apache.ratis.thirdparty.io.grpc.StatusRuntimeException: UNAVAILABLE: io exception
2025-10-10 10:39:52,857 [aa9634f0-8836-44d6-bc05-5b19fbdd93d5@group-6EF60CB14872-LeaderElection229] INFO  impl.LeaderElection (LogUtils.java:infoOrTrace(142)) -   Exception 1: java.util.concurrent.ExecutionException: org.apache.ratis.thirdparty.io.grpc.StatusRuntimeException: UNAVAILABLE: io exception
2025-10-10 10:39:52,857 [aa9634f0-8836-44d6-bc05-5b19fbdd93d5@group-6EF60CB14872-LeaderElection229] INFO  impl.LeaderElection (LeaderElection.java:askForVotes(450)) - aa9634f0-8836-44d6-bc05-5b19fbdd93d5@group-6EF60CB14872-LeaderElection229 PRE_VOTE round 0: result REJECTED
2025-10-10 10:39:52,857 [aa9634f0-8836-44d6-bc05-5b19fbdd93d5@group-6EF60CB14872-LeaderElection229] INFO  server.RaftServer$Division (RaftServerImpl.java:setRole(392)) - aa9634f0-8836-44d6-bc05-5b19fbdd93d5@group-6EF60CB14872: changes role from CANDIDATE to FOLLOWER at term 5 for REJECTED
2025-10-10 10:39:52,857 [aa9634f0-8836-44d6-bc05-5b19fbdd93d5@group-6EF60CB14872-LeaderElection229] INFO  impl.RoleInfo (RoleInfo.java:shutdownLeaderElection(141)) - aa9634f0-8836-44d6-bc05-5b19fbdd93d5: shutdown aa9634f0-8836-44d6-bc05-5b19fbdd93d5@group-6EF60CB14872-LeaderElection229
2025-10-10 10:39:52,858 [aa9634f0-8836-44d6-bc05-5b19fbdd93d5@group-6EF60CB14872-LeaderElection229] INFO  impl.RoleInfo (RoleInfo.java:updateAndGet(148)) - aa9634f0-8836-44d6-bc05-5b19fbdd93d5: start aa9634f0-8836-44d6-bc05-5b19fbdd93d5@group-6EF60CB14872-FollowerState
2025-10-10 10:39:53,392 [timer7] WARN  server.GrpcLogAppender (LogUtils.java:warn(127)) - 895d447a-5476-42e4-b2fa-6eb687701d46@group-6EF60CB14872->36185c6b-22ce-45d1-a622-3a6b487a5a53-AppendLogResponseHandler: Failed appendEntries (Repeated 12 times in the last 5.000s): org.apache.ratis.thirdparty.io.grpc.StatusRuntimeException: UNAVAILABLE: io exception
  Caused by: org.apache.ratis.thirdparty.io.netty.channel.AbstractChannel$AnnotatedConnectException: finishConnect(..) failed: Connection refused: /127.0.0.1:15071
  Caused by: java.net.ConnectException: finishConnect(..) failed: Connection refused
2025-10-10 10:39:53,392 [timer0] WARN  server.GrpcLogAppender (GrpcLogAppender.java:lambda$resetClient$1(228)) - 895d447a-5476-42e4-b2fa-6eb687701d46@group-6EF60CB14872->36185c6b-22ce-45d1-a622-3a6b487a5a53-GrpcLogAppender: Follower failed (request=null, errorCount=2); keep nextIndex (20) unchanged and retry. (Repeated 2 times in the last 5.000s)
2025-10-10 10:39:53,393 [aa9634f0-8836-44d6-bc05-5b19fbdd93d5@group-813C05265458-FollowerState] INFO  impl.FollowerState (FollowerState.java:runImpl(161)) - aa9634f0-8836-44d6-bc05-5b19fbdd93d5@group-813C05265458-FollowerState: change to CANDIDATE, lastRpcElapsedTime:1148438527ns, electionTimeout:1148ms
2025-10-10 10:39:53,393 [aa9634f0-8836-44d6-bc05-5b19fbdd93d5@group-813C05265458-FollowerState] INFO  impl.RoleInfo (RoleInfo.java:shutdownFollowerState(121)) - aa9634f0-8836-44d6-bc05-5b19fbdd93d5: shutdown aa9634f0-8836-44d6-bc05-5b19fbdd93d5@group-813C05265458-FollowerState
2025-10-10 10:39:53,393 [aa9634f0-8836-44d6-bc05-5b19fbdd93d5@group-813C05265458-FollowerState] INFO  server.RaftServer$Division (RaftServerImpl.java:setRole(392)) - aa9634f0-8836-44d6-bc05-5b19fbdd93d5@group-813C05265458: changes role from  FOLLOWER to CANDIDATE at term 1 for changeToCandidate
2025-10-10 10:39:53,393 [aa9634f0-8836-44d6-bc05-5b19fbdd93d5@group-813C05265458-FollowerState] INFO  impl.RoleInfo (RoleInfo.java:updateAndGet(148)) - aa9634f0-8836-44d6-bc05-5b19fbdd93d5: start aa9634f0-8836-44d6-bc05-5b19fbdd93d5@group-813C05265458-LeaderElection230
2025-10-10 10:39:53,393 [aa9634f0-8836-44d6-bc05-5b19fbdd93d5@group-813C05265458-LeaderElection230] INFO  impl.LeaderElection (LeaderElection.java:askForVotes(448)) - aa9634f0-8836-44d6-bc05-5b19fbdd93d5@group-813C05265458-LeaderElection230 PRE_VOTE round 0: submit vote requests at term 1 for conf: {index: 0, cur=peers:[aa9634f0-8836-44d6-bc05-5b19fbdd93d5|127.0.0.1:15063, 36185c6b-22ce-45d1-a622-3a6b487a5a53|127.0.0.1:15071, 895d447a-5476-42e4-b2fa-6eb687701d46|127.0.0.1:15079]|listeners:[], old=null}
2025-10-10 10:39:53,394 [aa9634f0-8836-44d6-bc05-5b19fbdd93d5@group-813C05265458-LeaderElection230] INFO  impl.LeaderElection (LogUtils.java:infoOrTrace(142)) - aa9634f0-8836-44d6-bc05-5b19fbdd93d5@group-813C05265458-LeaderElection230 got exception when requesting votes: java.util.concurrent.ExecutionException: org.apache.ratis.thirdparty.io.grpc.StatusRuntimeException: UNAVAILABLE: io exception
2025-10-10 10:39:53,394 [aa9634f0-8836-44d6-bc05-5b19fbdd93d5@group-813C05265458-LeaderElection230] INFO  impl.LeaderElection (LogUtils.java:infoOrTrace(142)) - aa9634f0-8836-44d6-bc05-5b19fbdd93d5@group-813C05265458-LeaderElection230 got exception when requesting votes: java.util.concurrent.ExecutionException: org.apache.ratis.thirdparty.io.grpc.StatusRuntimeException: UNAVAILABLE: io exception
2025-10-10 10:39:53,394 [aa9634f0-8836-44d6-bc05-5b19fbdd93d5@group-813C05265458-LeaderElection230] INFO  impl.LeaderElection (LeaderElection.java:logAndReturn(206)) - aa9634f0-8836-44d6-bc05-5b19fbdd93d5@group-813C05265458-LeaderElection230: PRE_VOTE REJECTED received 0 response(s) and 2 exception(s):
2025-10-10 10:39:53,394 [aa9634f0-8836-44d6-bc05-5b19fbdd93d5@group-813C05265458-LeaderElection230] INFO  impl.LeaderElection (LogUtils.java:infoOrTrace(142)) -   Exception 0: java.util.concurrent.ExecutionException: org.apache.ratis.thirdparty.io.grpc.StatusRuntimeException: UNAVAILABLE: io exception
2025-10-10 10:39:53,394 [aa9634f0-8836-44d6-bc05-5b19fbdd93d5@group-813C05265458-LeaderElection230] INFO  impl.LeaderElection (LogUtils.java:infoOrTrace(142)) -   Exception 1: java.util.concurrent.ExecutionException: org.apache.ratis.thirdparty.io.grpc.StatusRuntimeException: UNAVAILABLE: io exception
2025-10-10 10:39:53,394 [aa9634f0-8836-44d6-bc05-5b19fbdd93d5@group-813C05265458-LeaderElection230] INFO  impl.LeaderElection (LeaderElection.java:askForVotes(450)) - aa9634f0-8836-44d6-bc05-5b19fbdd93d5@group-813C05265458-LeaderElection230 PRE_VOTE round 0: result REJECTED
2025-10-10 10:39:53,394 [aa9634f0-8836-44d6-bc05-5b19fbdd93d5@group-813C05265458-LeaderElection230] INFO  server.RaftServer$Division (RaftServerImpl.java:setRole(392)) - aa9634f0-8836-44d6-bc05-5b19fbdd93d5@group-813C05265458: changes role from CANDIDATE to FOLLOWER at term 1 for REJECTED
2025-10-10 10:39:53,394 [aa9634f0-8836-44d6-bc05-5b19fbdd93d5@group-813C05265458-LeaderElection230] INFO  impl.RoleInfo (RoleInfo.java:shutdownLeaderElection(141)) - aa9634f0-8836-44d6-bc05-5b19fbdd93d5: shutdown aa9634f0-8836-44d6-bc05-5b19fbdd93d5@group-813C05265458-LeaderElection230
2025-10-10 10:39:53,394 [timer4] WARN  server.GrpcLogAppender (GrpcLogAppender.java:lambda$resetClient$1(228)) - 895d447a-5476-42e4-b2fa-6eb687701d46@group-6EF60CB14872->36185c6b-22ce-45d1-a622-3a6b487a5a53-GrpcLogAppender: Follower failed (request=null, errorCount=4); keep nextIndex (21) unchanged and retry. (Repeated 2 times in the last 5.001s)
2025-10-10 10:39:53,395 [aa9634f0-8836-44d6-bc05-5b19fbdd93d5@group-813C05265458-LeaderElection230] INFO  impl.RoleInfo (RoleInfo.java:updateAndGet(148)) - aa9634f0-8836-44d6-bc05-5b19fbdd93d5: start aa9634f0-8836-44d6-bc05-5b19fbdd93d5@group-813C05265458-FollowerState
2025-10-10 10:39:53,408 [timer7] WARN  server.GrpcLogAppender (GrpcLogAppender.java:lambda$resetClient$1(228)) - 895d447a-5476-42e4-b2fa-6eb687701d46@group-6EF60CB14872->36185c6b-22ce-45d1-a622-3a6b487a5a53-GrpcLogAppender: Follower failed (request=null, errorCount=12); keep nextIndex (22) unchanged and retry. (Repeated 8 times in the last 5.000s)
2025-10-10 10:39:53,923 [aa9634f0-8836-44d6-bc05-5b19fbdd93d5@group-6EF60CB14872-FollowerState] INFO  impl.FollowerState (FollowerState.java:runImpl(161)) - aa9634f0-8836-44d6-bc05-5b19fbdd93d5@group-6EF60CB14872-FollowerState: change to CANDIDATE, lastRpcElapsedTime:1065309927ns, electionTimeout:1065ms
2025-10-10 10:39:53,923 [aa9634f0-8836-44d6-bc05-5b19fbdd93d5@group-6EF60CB14872-FollowerState] INFO  impl.RoleInfo (RoleInfo.java:shutdownFollowerState(121)) - aa9634f0-8836-44d6-bc05-5b19fbdd93d5: shutdown aa9634f0-8836-44d6-bc05-5b19fbdd93d5@group-6EF60CB14872-FollowerState
2025-10-10 10:39:53,923 [aa9634f0-8836-44d6-bc05-5b19fbdd93d5@group-6EF60CB14872-FollowerState] INFO  server.RaftServer$Division (RaftServerImpl.java:setRole(392)) - aa9634f0-8836-44d6-bc05-5b19fbdd93d5@group-6EF60CB14872: changes role from  FOLLOWER to CANDIDATE at term 5 for changeToCandidate
2025-10-10 10:39:53,923 [aa9634f0-8836-44d6-bc05-5b19fbdd93d5@group-6EF60CB14872-FollowerState] INFO  impl.RoleInfo (RoleInfo.java:updateAndGet(148)) - aa9634f0-8836-44d6-bc05-5b19fbdd93d5: start aa9634f0-8836-44d6-bc05-5b19fbdd93d5@group-6EF60CB14872-LeaderElection231
2025-10-10 10:39:53,923 [aa9634f0-8836-44d6-bc05-5b19fbdd93d5@group-6EF60CB14872-LeaderElection231] INFO  impl.LeaderElection (LeaderElection.java:askForVotes(448)) - aa9634f0-8836-44d6-bc05-5b19fbdd93d5@group-6EF60CB14872-LeaderElection231 PRE_VOTE round 0: submit vote requests at term 5 for conf: {index: 20, cur=peers:[aa9634f0-8836-44d6-bc05-5b19fbdd93d5|127.0.0.1:15063, 36185c6b-22ce-45d1-a622-3a6b487a5a53|127.0.0.1:15071, 895d447a-5476-42e4-b2fa-6eb687701d46|127.0.0.1:15079]|listeners:[], old=null}
2025-10-10 10:39:53,924 [aa9634f0-8836-44d6-bc05-5b19fbdd93d5@group-6EF60CB14872-LeaderElection231] INFO  impl.LeaderElection (LogUtils.java:infoOrTrace(142)) - aa9634f0-8836-44d6-bc05-5b19fbdd93d5@group-6EF60CB14872-LeaderElection231 got exception when requesting votes: java.util.concurrent.ExecutionException: org.apache.ratis.thirdparty.io.grpc.StatusRuntimeException: UNAVAILABLE: io exception
2025-10-10 10:39:53,924 [aa9634f0-8836-44d6-bc05-5b19fbdd93d5@group-6EF60CB14872-LeaderElection231] INFO  impl.LeaderElection (LogUtils.java:infoOrTrace(142)) - aa9634f0-8836-44d6-bc05-5b19fbdd93d5@group-6EF60CB14872-LeaderElection231 got exception when requesting votes: java.util.concurrent.ExecutionException: org.apache.ratis.thirdparty.io.grpc.StatusRuntimeException: UNAVAILABLE: io exception
2025-10-10 10:39:53,924 [aa9634f0-8836-44d6-bc05-5b19fbdd93d5@group-6EF60CB14872-LeaderElection231] INFO  impl.LeaderElection (LeaderElection.java:logAndReturn(206)) - aa9634f0-8836-44d6-bc05-5b19fbdd93d5@group-6EF60CB14872-LeaderElection231: PRE_VOTE REJECTED received 0 response(s) and 2 exception(s):
2025-10-10 10:39:53,924 [aa9634f0-8836-44d6-bc05-5b19fbdd93d5@group-6EF60CB14872-LeaderElection231] INFO  impl.LeaderElection (LogUtils.java:infoOrTrace(142)) -   Exception 0: java.util.concurrent.ExecutionException: org.apache.ratis.thirdparty.io.grpc.StatusRuntimeException: UNAVAILABLE: io exception
2025-10-10 10:39:53,924 [aa9634f0-8836-44d6-bc05-5b19fbdd93d5@group-6EF60CB14872-LeaderElection231] INFO  impl.LeaderElection (LogUtils.java:infoOrTrace(142)) -   Exception 1: java.util.concurrent.ExecutionException: org.apache.ratis.thirdparty.io.grpc.StatusRuntimeException: UNAVAILABLE: io exception
2025-10-10 10:39:53,924 [aa9634f0-8836-44d6-bc05-5b19fbdd93d5@group-6EF60CB14872-LeaderElection231] INFO  impl.LeaderElection (LeaderElection.java:askForVotes(450)) - aa9634f0-8836-44d6-bc05-5b19fbdd93d5@group-6EF60CB14872-LeaderElection231 PRE_VOTE round 0: result REJECTED
2025-10-10 10:39:53,924 [aa9634f0-8836-44d6-bc05-5b19fbdd93d5@group-6EF60CB14872-LeaderElection231] INFO  server.RaftServer$Division (RaftServerImpl.java:setRole(392)) - aa9634f0-8836-44d6-bc05-5b19fbdd93d5@group-6EF60CB14872: changes role from CANDIDATE to FOLLOWER at term 5 for REJECTED
2025-10-10 10:39:53,924 [aa9634f0-8836-44d6-bc05-5b19fbdd93d5@group-6EF60CB14872-LeaderElection231] INFO  impl.RoleInfo (RoleInfo.java:shutdownLeaderElection(141)) - aa9634f0-8836-44d6-bc05-5b19fbdd93d5: shutdown aa9634f0-8836-44d6-bc05-5b19fbdd93d5@group-6EF60CB14872-LeaderElection231
2025-10-10 10:39:53,924 [aa9634f0-8836-44d6-bc05-5b19fbdd93d5@group-6EF60CB14872-LeaderElection231] INFO  impl.RoleInfo (RoleInfo.java:updateAndGet(148)) - aa9634f0-8836-44d6-bc05-5b19fbdd93d5: start aa9634f0-8836-44d6-bc05-5b19fbdd93d5@group-6EF60CB14872-FollowerState
2025-10-10 10:39:54,473 [aa9634f0-8836-44d6-bc05-5b19fbdd93d5@group-813C05265458-FollowerState] INFO  impl.FollowerState (FollowerState.java:runImpl(161)) - aa9634f0-8836-44d6-bc05-5b19fbdd93d5@group-813C05265458-FollowerState: change to CANDIDATE, lastRpcElapsedTime:1078295142ns, electionTimeout:1078ms
2025-10-10 10:39:54,473 [aa9634f0-8836-44d6-bc05-5b19fbdd93d5@group-813C05265458-FollowerState] INFO  impl.RoleInfo (RoleInfo.java:shutdownFollowerState(121)) - aa9634f0-8836-44d6-bc05-5b19fbdd93d5: shutdown aa9634f0-8836-44d6-bc05-5b19fbdd93d5@group-813C05265458-FollowerState
2025-10-10 10:39:54,473 [aa9634f0-8836-44d6-bc05-5b19fbdd93d5@group-813C05265458-FollowerState] INFO  server.RaftServer$Division (RaftServerImpl.java:setRole(392)) - aa9634f0-8836-44d6-bc05-5b19fbdd93d5@group-813C05265458: changes role from  FOLLOWER to CANDIDATE at term 1 for changeToCandidate
2025-10-10 10:39:54,473 [aa9634f0-8836-44d6-bc05-5b19fbdd93d5@group-813C05265458-FollowerState] INFO  impl.RoleInfo (RoleInfo.java:updateAndGet(148)) - aa9634f0-8836-44d6-bc05-5b19fbdd93d5: start aa9634f0-8836-44d6-bc05-5b19fbdd93d5@group-813C05265458-LeaderElection232
2025-10-10 10:39:54,474 [aa9634f0-8836-44d6-bc05-5b19fbdd93d5@group-813C05265458-LeaderElection232] INFO  impl.LeaderElection (LeaderElection.java:askForVotes(448)) - aa9634f0-8836-44d6-bc05-5b19fbdd93d5@group-813C05265458-LeaderElection232 PRE_VOTE round 0: submit vote requests at term 1 for conf: {index: 0, cur=peers:[aa9634f0-8836-44d6-bc05-5b19fbdd93d5|127.0.0.1:15063, 36185c6b-22ce-45d1-a622-3a6b487a5a53|127.0.0.1:15071, 895d447a-5476-42e4-b2fa-6eb687701d46|127.0.0.1:15079]|listeners:[], old=null}
2025-10-10 10:39:54,474 [aa9634f0-8836-44d6-bc05-5b19fbdd93d5@group-813C05265458-LeaderElection232] INFO  impl.LeaderElection (LogUtils.java:infoOrTrace(142)) - aa9634f0-8836-44d6-bc05-5b19fbdd93d5@group-813C05265458-LeaderElection232 got exception when requesting votes: java.util.concurrent.ExecutionException: org.apache.ratis.thirdparty.io.grpc.StatusRuntimeException: UNAVAILABLE: io exception
2025-10-10 10:39:54,474 [aa9634f0-8836-44d6-bc05-5b19fbdd93d5@group-813C05265458-LeaderElection232] INFO  impl.LeaderElection (LogUtils.java:infoOrTrace(142)) - aa9634f0-8836-44d6-bc05-5b19fbdd93d5@group-813C05265458-LeaderElection232 got exception when requesting votes: java.util.concurrent.ExecutionException: org.apache.ratis.thirdparty.io.grpc.StatusRuntimeException: UNAVAILABLE: io exception
2025-10-10 10:39:54,474 [aa9634f0-8836-44d6-bc05-5b19fbdd93d5@group-813C05265458-LeaderElection232] INFO  impl.LeaderElection (LeaderElection.java:logAndReturn(206)) - aa9634f0-8836-44d6-bc05-5b19fbdd93d5@group-813C05265458-LeaderElection232: PRE_VOTE REJECTED received 0 response(s) and 2 exception(s):
2025-10-10 10:39:54,474 [aa9634f0-8836-44d6-bc05-5b19fbdd93d5@group-813C05265458-LeaderElection232] INFO  impl.LeaderElection (LogUtils.java:infoOrTrace(142)) -   Exception 0: java.util.concurrent.ExecutionException: org.apache.ratis.thirdparty.io.grpc.StatusRuntimeException: UNAVAILABLE: io exception
2025-10-10 10:39:54,474 [aa9634f0-8836-44d6-bc05-5b19fbdd93d5@group-813C05265458-LeaderElection232] INFO  impl.LeaderElection (LogUtils.java:infoOrTrace(142)) -   Exception 1: java.util.concurrent.ExecutionException: org.apache.ratis.thirdparty.io.grpc.StatusRuntimeException: UNAVAILABLE: io exception
2025-10-10 10:39:54,474 [aa9634f0-8836-44d6-bc05-5b19fbdd93d5@group-813C05265458-LeaderElection232] INFO  impl.LeaderElection (LeaderElection.java:askForVotes(450)) - aa9634f0-8836-44d6-bc05-5b19fbdd93d5@group-813C05265458-LeaderElection232 PRE_VOTE round 0: result REJECTED
2025-10-10 10:39:54,474 [aa9634f0-8836-44d6-bc05-5b19fbdd93d5@group-813C05265458-LeaderElection232] INFO  server.RaftServer$Division (RaftServerImpl.java:setRole(392)) - aa9634f0-8836-44d6-bc05-5b19fbdd93d5@group-813C05265458: changes role from CANDIDATE to FOLLOWER at term 1 for REJECTED
2025-10-10 10:39:54,474 [aa9634f0-8836-44d6-bc05-5b19fbdd93d5@group-813C05265458-LeaderElection232] INFO  impl.RoleInfo (RoleInfo.java:shutdownLeaderElection(141)) - aa9634f0-8836-44d6-bc05-5b19fbdd93d5: shutdown aa9634f0-8836-44d6-bc05-5b19fbdd93d5@group-813C05265458-LeaderElection232
2025-10-10 10:39:54,475 [aa9634f0-8836-44d6-bc05-5b19fbdd93d5@group-813C05265458-LeaderElection232] INFO  impl.RoleInfo (RoleInfo.java:updateAndGet(148)) - aa9634f0-8836-44d6-bc05-5b19fbdd93d5: start aa9634f0-8836-44d6-bc05-5b19fbdd93d5@group-813C05265458-FollowerState
2025-10-10 10:39:54,986 [aa9634f0-8836-44d6-bc05-5b19fbdd93d5@group-6EF60CB14872-FollowerState] INFO  impl.FollowerState (FollowerState.java:runImpl(161)) - aa9634f0-8836-44d6-bc05-5b19fbdd93d5@group-6EF60CB14872-FollowerState: change to CANDIDATE, lastRpcElapsedTime:1062249946ns, electionTimeout:1062ms
2025-10-10 10:39:54,987 [aa9634f0-8836-44d6-bc05-5b19fbdd93d5@group-6EF60CB14872-FollowerState] INFO  impl.RoleInfo (RoleInfo.java:shutdownFollowerState(121)) - aa9634f0-8836-44d6-bc05-5b19fbdd93d5: shutdown aa9634f0-8836-44d6-bc05-5b19fbdd93d5@group-6EF60CB14872-FollowerState
2025-10-10 10:39:54,987 [aa9634f0-8836-44d6-bc05-5b19fbdd93d5@group-6EF60CB14872-FollowerState] INFO  server.RaftServer$Division (RaftServerImpl.java:setRole(392)) - aa9634f0-8836-44d6-bc05-5b19fbdd93d5@group-6EF60CB14872: changes role from  FOLLOWER to CANDIDATE at term 5 for changeToCandidate
2025-10-10 10:39:54,987 [aa9634f0-8836-44d6-bc05-5b19fbdd93d5@group-6EF60CB14872-FollowerState] INFO  impl.RoleInfo (RoleInfo.java:updateAndGet(148)) - aa9634f0-8836-44d6-bc05-5b19fbdd93d5: start aa9634f0-8836-44d6-bc05-5b19fbdd93d5@group-6EF60CB14872-LeaderElection233
2025-10-10 10:39:54,987 [aa9634f0-8836-44d6-bc05-5b19fbdd93d5@group-6EF60CB14872-LeaderElection233] INFO  impl.LeaderElection (LeaderElection.java:askForVotes(448)) - aa9634f0-8836-44d6-bc05-5b19fbdd93d5@group-6EF60CB14872-LeaderElection233 PRE_VOTE round 0: submit vote requests at term 5 for conf: {index: 20, cur=peers:[aa9634f0-8836-44d6-bc05-5b19fbdd93d5|127.0.0.1:15063, 36185c6b-22ce-45d1-a622-3a6b487a5a53|127.0.0.1:15071, 895d447a-5476-42e4-b2fa-6eb687701d46|127.0.0.1:15079]|listeners:[], old=null}
2025-10-10 10:39:54,987 [aa9634f0-8836-44d6-bc05-5b19fbdd93d5@group-6EF60CB14872-LeaderElection233] INFO  impl.LeaderElection (LogUtils.java:infoOrTrace(142)) - aa9634f0-8836-44d6-bc05-5b19fbdd93d5@group-6EF60CB14872-LeaderElection233 got exception when requesting votes: java.util.concurrent.ExecutionException: org.apache.ratis.thirdparty.io.grpc.StatusRuntimeException: UNAVAILABLE: io exception
2025-10-10 10:39:54,987 [aa9634f0-8836-44d6-bc05-5b19fbdd93d5@group-6EF60CB14872-LeaderElection233] INFO  impl.LeaderElection (LogUtils.java:infoOrTrace(142)) - aa9634f0-8836-44d6-bc05-5b19fbdd93d5@group-6EF60CB14872-LeaderElection233 got exception when requesting votes: java.util.concurrent.ExecutionException: org.apache.ratis.thirdparty.io.grpc.StatusRuntimeException: UNAVAILABLE: io exception
2025-10-10 10:39:54,988 [aa9634f0-8836-44d6-bc05-5b19fbdd93d5@group-6EF60CB14872-LeaderElection233] INFO  impl.LeaderElection (LeaderElection.java:logAndReturn(206)) - aa9634f0-8836-44d6-bc05-5b19fbdd93d5@group-6EF60CB14872-LeaderElection233: PRE_VOTE REJECTED received 0 response(s) and 2 exception(s):
2025-10-10 10:39:54,988 [aa9634f0-8836-44d6-bc05-5b19fbdd93d5@group-6EF60CB14872-LeaderElection233] INFO  impl.LeaderElection (LogUtils.java:infoOrTrace(142)) -   Exception 0: java.util.concurrent.ExecutionException: org.apache.ratis.thirdparty.io.grpc.StatusRuntimeException: UNAVAILABLE: io exception
2025-10-10 10:39:54,988 [aa9634f0-8836-44d6-bc05-5b19fbdd93d5@group-6EF60CB14872-LeaderElection233] INFO  impl.LeaderElection (LogUtils.java:infoOrTrace(142)) -   Exception 1: java.util.concurrent.ExecutionException: org.apache.ratis.thirdparty.io.grpc.StatusRuntimeException: UNAVAILABLE: io exception
2025-10-10 10:39:54,988 [aa9634f0-8836-44d6-bc05-5b19fbdd93d5@group-6EF60CB14872-LeaderElection233] INFO  impl.LeaderElection (LeaderElection.java:askForVotes(450)) - aa9634f0-8836-44d6-bc05-5b19fbdd93d5@group-6EF60CB14872-LeaderElection233 PRE_VOTE round 0: result REJECTED
2025-10-10 10:39:54,988 [aa9634f0-8836-44d6-bc05-5b19fbdd93d5@group-6EF60CB14872-LeaderElection233] INFO  server.RaftServer$Division (RaftServerImpl.java:setRole(392)) - aa9634f0-8836-44d6-bc05-5b19fbdd93d5@group-6EF60CB14872: changes role from CANDIDATE to FOLLOWER at term 5 for REJECTED
2025-10-10 10:39:54,988 [aa9634f0-8836-44d6-bc05-5b19fbdd93d5@group-6EF60CB14872-LeaderElection233] INFO  impl.RoleInfo (RoleInfo.java:shutdownLeaderElection(141)) - aa9634f0-8836-44d6-bc05-5b19fbdd93d5: shutdown aa9634f0-8836-44d6-bc05-5b19fbdd93d5@group-6EF60CB14872-LeaderElection233
2025-10-10 10:39:54,988 [aa9634f0-8836-44d6-bc05-5b19fbdd93d5@group-6EF60CB14872-LeaderElection233] INFO  impl.RoleInfo (RoleInfo.java:updateAndGet(148)) - aa9634f0-8836-44d6-bc05-5b19fbdd93d5: start aa9634f0-8836-44d6-bc05-5b19fbdd93d5@group-6EF60CB14872-FollowerState
2025-10-10 10:39:55,673 [aa9634f0-8836-44d6-bc05-5b19fbdd93d5@group-813C05265458-FollowerState] INFO  impl.FollowerState (FollowerState.java:runImpl(161)) - aa9634f0-8836-44d6-bc05-5b19fbdd93d5@group-813C05265458-FollowerState: change to CANDIDATE, lastRpcElapsedTime:1198293760ns, electionTimeout:1198ms
2025-10-10 10:39:55,673 [aa9634f0-8836-44d6-bc05-5b19fbdd93d5@group-813C05265458-FollowerState] INFO  impl.RoleInfo (RoleInfo.java:shutdownFollowerState(121)) - aa9634f0-8836-44d6-bc05-5b19fbdd93d5: shutdown aa9634f0-8836-44d6-bc05-5b19fbdd93d5@group-813C05265458-FollowerState
2025-10-10 10:39:55,673 [aa9634f0-8836-44d6-bc05-5b19fbdd93d5@group-813C05265458-FollowerState] INFO  server.RaftServer$Division (RaftServerImpl.java:setRole(392)) - aa9634f0-8836-44d6-bc05-5b19fbdd93d5@group-813C05265458: changes role from  FOLLOWER to CANDIDATE at term 1 for changeToCandidate
2025-10-10 10:39:55,673 [aa9634f0-8836-44d6-bc05-5b19fbdd93d5@group-813C05265458-FollowerState] INFO  impl.RoleInfo (RoleInfo.java:updateAndGet(148)) - aa9634f0-8836-44d6-bc05-5b19fbdd93d5: start aa9634f0-8836-44d6-bc05-5b19fbdd93d5@group-813C05265458-LeaderElection234
2025-10-10 10:39:55,673 [aa9634f0-8836-44d6-bc05-5b19fbdd93d5@group-813C05265458-LeaderElection234] INFO  impl.LeaderElection (LeaderElection.java:askForVotes(448)) - aa9634f0-8836-44d6-bc05-5b19fbdd93d5@group-813C05265458-LeaderElection234 PRE_VOTE round 0: submit vote requests at term 1 for conf: {index: 0, cur=peers:[aa9634f0-8836-44d6-bc05-5b19fbdd93d5|127.0.0.1:15063, 36185c6b-22ce-45d1-a622-3a6b487a5a53|127.0.0.1:15071, 895d447a-5476-42e4-b2fa-6eb687701d46|127.0.0.1:15079]|listeners:[], old=null}
2025-10-10 10:39:55,674 [aa9634f0-8836-44d6-bc05-5b19fbdd93d5@group-813C05265458-LeaderElection234] INFO  impl.LeaderElection (LogUtils.java:infoOrTrace(142)) - aa9634f0-8836-44d6-bc05-5b19fbdd93d5@group-813C05265458-LeaderElection234 got exception when requesting votes: java.util.concurrent.ExecutionException: org.apache.ratis.thirdparty.io.grpc.StatusRuntimeException: UNAVAILABLE: io exception
2025-10-10 10:39:55,674 [aa9634f0-8836-44d6-bc05-5b19fbdd93d5@group-813C05265458-LeaderElection234] INFO  impl.LeaderElection (LogUtils.java:infoOrTrace(142)) - aa9634f0-8836-44d6-bc05-5b19fbdd93d5@group-813C05265458-LeaderElection234 got exception when requesting votes: java.util.concurrent.ExecutionException: org.apache.ratis.thirdparty.io.grpc.StatusRuntimeException: UNAVAILABLE: io exception
2025-10-10 10:39:55,674 [aa9634f0-8836-44d6-bc05-5b19fbdd93d5@group-813C05265458-LeaderElection234] INFO  impl.LeaderElection (LeaderElection.java:logAndReturn(206)) - aa9634f0-8836-44d6-bc05-5b19fbdd93d5@group-813C05265458-LeaderElection234: PRE_VOTE REJECTED received 0 response(s) and 2 exception(s):
2025-10-10 10:39:55,674 [aa9634f0-8836-44d6-bc05-5b19fbdd93d5@group-813C05265458-LeaderElection234] INFO  impl.LeaderElection (LogUtils.java:infoOrTrace(142)) -   Exception 0: java.util.concurrent.ExecutionException: org.apache.ratis.thirdparty.io.grpc.StatusRuntimeException: UNAVAILABLE: io exception
2025-10-10 10:39:55,674 [aa9634f0-8836-44d6-bc05-5b19fbdd93d5@group-813C05265458-LeaderElection234] INFO  impl.LeaderElection (LogUtils.java:infoOrTrace(142)) -   Exception 1: java.util.concurrent.ExecutionException: org.apache.ratis.thirdparty.io.grpc.StatusRuntimeException: UNAVAILABLE: io exception
2025-10-10 10:39:55,674 [aa9634f0-8836-44d6-bc05-5b19fbdd93d5@group-813C05265458-LeaderElection234] INFO  impl.LeaderElection (LeaderElection.java:askForVotes(450)) - aa9634f0-8836-44d6-bc05-5b19fbdd93d5@group-813C05265458-LeaderElection234 PRE_VOTE round 0: result REJECTED
2025-10-10 10:39:55,674 [aa9634f0-8836-44d6-bc05-5b19fbdd93d5@group-813C05265458-LeaderElection234] INFO  server.RaftServer$Division (RaftServerImpl.java:setRole(392)) - aa9634f0-8836-44d6-bc05-5b19fbdd93d5@group-813C05265458: changes role from CANDIDATE to FOLLOWER at term 1 for REJECTED
2025-10-10 10:39:55,674 [aa9634f0-8836-44d6-bc05-5b19fbdd93d5@group-813C05265458-LeaderElection234] INFO  impl.RoleInfo (RoleInfo.java:shutdownLeaderElection(141)) - aa9634f0-8836-44d6-bc05-5b19fbdd93d5: shutdown aa9634f0-8836-44d6-bc05-5b19fbdd93d5@group-813C05265458-LeaderElection234
2025-10-10 10:39:55,674 [aa9634f0-8836-44d6-bc05-5b19fbdd93d5@group-813C05265458-LeaderElection234] INFO  impl.RoleInfo (RoleInfo.java:updateAndGet(148)) - aa9634f0-8836-44d6-bc05-5b19fbdd93d5: start aa9634f0-8836-44d6-bc05-5b19fbdd93d5@group-813C05265458-FollowerState
2025-10-10 10:39:56,149 [aa9634f0-8836-44d6-bc05-5b19fbdd93d5@group-6EF60CB14872-FollowerState] INFO  impl.FollowerState (FollowerState.java:runImpl(161)) - aa9634f0-8836-44d6-bc05-5b19fbdd93d5@group-6EF60CB14872-FollowerState: change to CANDIDATE, lastRpcElapsedTime:1161271837ns, electionTimeout:1161ms
2025-10-10 10:39:56,149 [aa9634f0-8836-44d6-bc05-5b19fbdd93d5@group-6EF60CB14872-FollowerState] INFO  impl.RoleInfo (RoleInfo.java:shutdownFollowerState(121)) - aa9634f0-8836-44d6-bc05-5b19fbdd93d5: shutdown aa9634f0-8836-44d6-bc05-5b19fbdd93d5@group-6EF60CB14872-FollowerState
2025-10-10 10:39:56,149 [aa9634f0-8836-44d6-bc05-5b19fbdd93d5@group-6EF60CB14872-FollowerState] INFO  server.RaftServer$Division (RaftServerImpl.java:setRole(392)) - aa9634f0-8836-44d6-bc05-5b19fbdd93d5@group-6EF60CB14872: changes role from  FOLLOWER to CANDIDATE at term 5 for changeToCandidate
2025-10-10 10:39:56,149 [aa9634f0-8836-44d6-bc05-5b19fbdd93d5@group-6EF60CB14872-FollowerState] INFO  impl.RoleInfo (RoleInfo.java:updateAndGet(148)) - aa9634f0-8836-44d6-bc05-5b19fbdd93d5: start aa9634f0-8836-44d6-bc05-5b19fbdd93d5@group-6EF60CB14872-LeaderElection235
2025-10-10 10:39:56,150 [aa9634f0-8836-44d6-bc05-5b19fbdd93d5@group-6EF60CB14872-LeaderElection235] INFO  impl.LeaderElection (LeaderElection.java:askForVotes(448)) - aa9634f0-8836-44d6-bc05-5b19fbdd93d5@group-6EF60CB14872-LeaderElection235 PRE_VOTE round 0: submit vote requests at term 5 for conf: {index: 20, cur=peers:[aa9634f0-8836-44d6-bc05-5b19fbdd93d5|127.0.0.1:15063, 36185c6b-22ce-45d1-a622-3a6b487a5a53|127.0.0.1:15071, 895d447a-5476-42e4-b2fa-6eb687701d46|127.0.0.1:15079]|listeners:[], old=null}
2025-10-10 10:39:56,150 [aa9634f0-8836-44d6-bc05-5b19fbdd93d5@group-6EF60CB14872-LeaderElection235] INFO  impl.LeaderElection (LogUtils.java:infoOrTrace(142)) - aa9634f0-8836-44d6-bc05-5b19fbdd93d5@group-6EF60CB14872-LeaderElection235 got exception when requesting votes: java.util.concurrent.ExecutionException: org.apache.ratis.thirdparty.io.grpc.StatusRuntimeException: UNAVAILABLE: io exception
2025-10-10 10:39:56,150 [aa9634f0-8836-44d6-bc05-5b19fbdd93d5@group-6EF60CB14872-LeaderElection235] INFO  impl.LeaderElection (LogUtils.java:infoOrTrace(142)) - aa9634f0-8836-44d6-bc05-5b19fbdd93d5@group-6EF60CB14872-LeaderElection235 got exception when requesting votes: java.util.concurrent.ExecutionException: org.apache.ratis.thirdparty.io.grpc.StatusRuntimeException: UNAVAILABLE: io exception
2025-10-10 10:39:56,150 [aa9634f0-8836-44d6-bc05-5b19fbdd93d5@group-6EF60CB14872-LeaderElection235] INFO  impl.LeaderElection (LeaderElection.java:logAndReturn(206)) - aa9634f0-8836-44d6-bc05-5b19fbdd93d5@group-6EF60CB14872-LeaderElection235: PRE_VOTE REJECTED received 0 response(s) and 2 exception(s):
2025-10-10 10:39:56,150 [aa9634f0-8836-44d6-bc05-5b19fbdd93d5@group-6EF60CB14872-LeaderElection235] INFO  impl.LeaderElection (LogUtils.java:infoOrTrace(142)) -   Exception 0: java.util.concurrent.ExecutionException: org.apache.ratis.thirdparty.io.grpc.StatusRuntimeException: UNAVAILABLE: io exception
2025-10-10 10:39:56,150 [aa9634f0-8836-44d6-bc05-5b19fbdd93d5@group-6EF60CB14872-LeaderElection235] INFO  impl.LeaderElection (LogUtils.java:infoOrTrace(142)) -   Exception 1: java.util.concurrent.ExecutionException: org.apache.ratis.thirdparty.io.grpc.StatusRuntimeException: UNAVAILABLE: io exception
2025-10-10 10:39:56,150 [aa9634f0-8836-44d6-bc05-5b19fbdd93d5@group-6EF60CB14872-LeaderElection235] INFO  impl.LeaderElection (LeaderElection.java:askForVotes(450)) - aa9634f0-8836-44d6-bc05-5b19fbdd93d5@group-6EF60CB14872-LeaderElection235 PRE_VOTE round 0: result REJECTED
2025-10-10 10:39:56,150 [aa9634f0-8836-44d6-bc05-5b19fbdd93d5@group-6EF60CB14872-LeaderElection235] INFO  server.RaftServer$Division (RaftServerImpl.java:setRole(392)) - aa9634f0-8836-44d6-bc05-5b19fbdd93d5@group-6EF60CB14872: changes role from CANDIDATE to FOLLOWER at term 5 for REJECTED
2025-10-10 10:39:56,150 [aa9634f0-8836-44d6-bc05-5b19fbdd93d5@group-6EF60CB14872-LeaderElection235] INFO  impl.RoleInfo (RoleInfo.java:shutdownLeaderElection(141)) - aa9634f0-8836-44d6-bc05-5b19fbdd93d5: shutdown aa9634f0-8836-44d6-bc05-5b19fbdd93d5@group-6EF60CB14872-LeaderElection235
2025-10-10 10:39:56,150 [aa9634f0-8836-44d6-bc05-5b19fbdd93d5@group-6EF60CB14872-LeaderElection235] INFO  impl.RoleInfo (RoleInfo.java:updateAndGet(148)) - aa9634f0-8836-44d6-bc05-5b19fbdd93d5: start aa9634f0-8836-44d6-bc05-5b19fbdd93d5@group-6EF60CB14872-FollowerState
2025-10-10 10:39:56,746 [aa9634f0-8836-44d6-bc05-5b19fbdd93d5@group-813C05265458-FollowerState] INFO  impl.FollowerState (FollowerState.java:runImpl(161)) - aa9634f0-8836-44d6-bc05-5b19fbdd93d5@group-813C05265458-FollowerState: change to CANDIDATE, lastRpcElapsedTime:1071288188ns, electionTimeout:1071ms
2025-10-10 10:39:56,746 [aa9634f0-8836-44d6-bc05-5b19fbdd93d5@group-813C05265458-FollowerState] INFO  impl.RoleInfo (RoleInfo.java:shutdownFollowerState(121)) - aa9634f0-8836-44d6-bc05-5b19fbdd93d5: shutdown aa9634f0-8836-44d6-bc05-5b19fbdd93d5@group-813C05265458-FollowerState
2025-10-10 10:39:56,746 [aa9634f0-8836-44d6-bc05-5b19fbdd93d5@group-813C05265458-FollowerState] INFO  server.RaftServer$Division (RaftServerImpl.java:setRole(392)) - aa9634f0-8836-44d6-bc05-5b19fbdd93d5@group-813C05265458: changes role from  FOLLOWER to CANDIDATE at term 1 for changeToCandidate
2025-10-10 10:39:56,746 [aa9634f0-8836-44d6-bc05-5b19fbdd93d5@group-813C05265458-FollowerState] INFO  impl.RoleInfo (RoleInfo.java:updateAndGet(148)) - aa9634f0-8836-44d6-bc05-5b19fbdd93d5: start aa9634f0-8836-44d6-bc05-5b19fbdd93d5@group-813C05265458-LeaderElection236
2025-10-10 10:39:56,746 [aa9634f0-8836-44d6-bc05-5b19fbdd93d5@group-813C05265458-LeaderElection236] INFO  impl.LeaderElection (LeaderElection.java:askForVotes(448)) - aa9634f0-8836-44d6-bc05-5b19fbdd93d5@group-813C05265458-LeaderElection236 PRE_VOTE round 0: submit vote requests at term 1 for conf: {index: 0, cur=peers:[aa9634f0-8836-44d6-bc05-5b19fbdd93d5|127.0.0.1:15063, 36185c6b-22ce-45d1-a622-3a6b487a5a53|127.0.0.1:15071, 895d447a-5476-42e4-b2fa-6eb687701d46|127.0.0.1:15079]|listeners:[], old=null}
2025-10-10 10:39:56,746 [aa9634f0-8836-44d6-bc05-5b19fbdd93d5@group-813C05265458-LeaderElection236] INFO  impl.LeaderElection (LogUtils.java:infoOrTrace(142)) - aa9634f0-8836-44d6-bc05-5b19fbdd93d5@group-813C05265458-LeaderElection236 got exception when requesting votes: java.util.concurrent.ExecutionException: org.apache.ratis.thirdparty.io.grpc.StatusRuntimeException: UNAVAILABLE: io exception
2025-10-10 10:39:56,747 [aa9634f0-8836-44d6-bc05-5b19fbdd93d5@group-813C05265458-LeaderElection236] INFO  impl.LeaderElection (LogUtils.java:infoOrTrace(142)) - aa9634f0-8836-44d6-bc05-5b19fbdd93d5@group-813C05265458-LeaderElection236 got exception when requesting votes: java.util.concurrent.ExecutionException: org.apache.ratis.thirdparty.io.grpc.StatusRuntimeException: UNAVAILABLE: io exception
2025-10-10 10:39:56,747 [aa9634f0-8836-44d6-bc05-5b19fbdd93d5@group-813C05265458-LeaderElection236] INFO  impl.LeaderElection (LeaderElection.java:logAndReturn(206)) - aa9634f0-8836-44d6-bc05-5b19fbdd93d5@group-813C05265458-LeaderElection236: PRE_VOTE REJECTED received 0 response(s) and 2 exception(s):
2025-10-10 10:39:56,747 [aa9634f0-8836-44d6-bc05-5b19fbdd93d5@group-813C05265458-LeaderElection236] INFO  impl.LeaderElection (LogUtils.java:infoOrTrace(142)) -   Exception 0: java.util.concurrent.ExecutionException: org.apache.ratis.thirdparty.io.grpc.StatusRuntimeException: UNAVAILABLE: io exception
2025-10-10 10:39:56,747 [aa9634f0-8836-44d6-bc05-5b19fbdd93d5@group-813C05265458-LeaderElection236] INFO  impl.LeaderElection (LogUtils.java:infoOrTrace(142)) -   Exception 1: java.util.concurrent.ExecutionException: org.apache.ratis.thirdparty.io.grpc.StatusRuntimeException: UNAVAILABLE: io exception
2025-10-10 10:39:56,747 [aa9634f0-8836-44d6-bc05-5b19fbdd93d5@group-813C05265458-LeaderElection236] INFO  impl.LeaderElection (LeaderElection.java:askForVotes(450)) - aa9634f0-8836-44d6-bc05-5b19fbdd93d5@group-813C05265458-LeaderElection236 PRE_VOTE round 0: result REJECTED
2025-10-10 10:39:56,747 [aa9634f0-8836-44d6-bc05-5b19fbdd93d5@group-813C05265458-LeaderElection236] INFO  server.RaftServer$Division (RaftServerImpl.java:setRole(392)) - aa9634f0-8836-44d6-bc05-5b19fbdd93d5@group-813C05265458: changes role from CANDIDATE to FOLLOWER at term 1 for REJECTED
2025-10-10 10:39:56,747 [aa9634f0-8836-44d6-bc05-5b19fbdd93d5@group-813C05265458-LeaderElection236] INFO  impl.RoleInfo (RoleInfo.java:shutdownLeaderElection(141)) - aa9634f0-8836-44d6-bc05-5b19fbdd93d5: shutdown aa9634f0-8836-44d6-bc05-5b19fbdd93d5@group-813C05265458-LeaderElection236
2025-10-10 10:39:56,747 [aa9634f0-8836-44d6-bc05-5b19fbdd93d5@group-813C05265458-LeaderElection236] INFO  impl.RoleInfo (RoleInfo.java:updateAndGet(148)) - aa9634f0-8836-44d6-bc05-5b19fbdd93d5: start aa9634f0-8836-44d6-bc05-5b19fbdd93d5@group-813C05265458-FollowerState
2025-10-10 10:39:57,230 [grpc-default-executor-3] ERROR impl.OrderedAsync (OrderedAsync.java:lambda$null$6(215)) -  client-E1F90CE0EC34: Failed* RaftClientRequest:client-E1F90CE0EC34->aa9634f0-8836-44d6-bc05-5b19fbdd93d5@group-6EF60CB14872, cid=60, seq=6*, RW, cmdType: WriteChunk traceID: "" containerID: 8 datanodeUuid: "36185c6b-22ce-45d1-a622-3a6b487a5a53" writeChunk { blockID { containerID: 8 localID: 115816896921600008 blockCommitSequenceId: 16 replicaIndex: 0 } chunkData { chunkName: "115816896921600008_chunk_3" offset: 2097152 len: 524288 } } version: 3, data.size=524288
java.util.concurrent.CompletionException: org.apache.ratis.protocol.exceptions.NotLeaderException: Server aa9634f0-8836-44d6-bc05-5b19fbdd93d5@group-6EF60CB14872 is not the leader
	at java.base/java.util.concurrent.CompletableFuture.encodeThrowable(CompletableFuture.java:332)
	at java.base/java.util.concurrent.CompletableFuture.completeThrowable(CompletableFuture.java:347)
	at java.base/java.util.concurrent.CompletableFuture$UniAccept.tryFire(CompletableFuture.java:708)
	at java.base/java.util.concurrent.CompletableFuture.postComplete(CompletableFuture.java:510)
	at java.base/java.util.concurrent.CompletableFuture.completeExceptionally(CompletableFuture.java:2194)
	at org.apache.ratis.grpc.client.GrpcClientProtocolClient$AsyncStreamObservers.completeReplyExceptionally(GrpcClientProtocolClient.java:397)
	at org.apache.ratis.grpc.client.GrpcClientProtocolClient$AsyncStreamObservers.access$000(GrpcClientProtocolClient.java:303)
	at org.apache.ratis.grpc.client.GrpcClientProtocolClient$AsyncStreamObservers$1.onNext(GrpcClientProtocolClient.java:317)
	at org.apache.ratis.grpc.client.GrpcClientProtocolClient$AsyncStreamObservers$1.onNext(GrpcClientProtocolClient.java:308)
	at org.apache.ratis.thirdparty.io.grpc.stub.ClientCalls$StreamObserverToCallListenerAdapter.onMessage(ClientCalls.java:551)
	at org.apache.ratis.thirdparty.io.grpc.ForwardingClientCallListener.onMessage(ForwardingClientCallListener.java:33)
	at org.apache.ratis.thirdparty.io.grpc.internal.ClientCallImpl$ClientStreamListenerImpl$1MessagesAvailable.runInternal(ClientCallImpl.java:661)
	at org.apache.ratis.thirdparty.io.grpc.internal.ClientCallImpl$ClientStreamListenerImpl$1MessagesAvailable.runInContext(ClientCallImpl.java:648)
	at org.apache.ratis.thirdparty.io.grpc.internal.ContextRunnable.run(ContextRunnable.java:37)
	at org.apache.ratis.thirdparty.io.grpc.internal.SerializingExecutor.run(SerializingExecutor.java:133)
	at java.base/java.util.concurrent.ThreadPoolExecutor.runWorker(ThreadPoolExecutor.java:1144)
	at java.base/java.util.concurrent.ThreadPoolExecutor$Worker.run(ThreadPoolExecutor.java:642)
	at java.base/java.lang.Thread.run(Thread.java:1583)
Caused by: org.apache.ratis.protocol.exceptions.NotLeaderException: Server aa9634f0-8836-44d6-bc05-5b19fbdd93d5@group-6EF60CB14872 is not the leader
	at org.apache.ratis.client.impl.ClientProtoUtils.toRaftClientReply(ClientProtoUtils.java:402)
	at org.apache.ratis.grpc.client.GrpcClientProtocolClient$AsyncStreamObservers$1.onNext(GrpcClientProtocolClient.java:313)
	... 10 more
2025-10-10 10:39:57,260 [aa9634f0-8836-44d6-bc05-5b19fbdd93d5@group-6EF60CB14872-FollowerState] INFO  impl.FollowerState (FollowerState.java:runImpl(161)) - aa9634f0-8836-44d6-bc05-5b19fbdd93d5@group-6EF60CB14872-FollowerState: change to CANDIDATE, lastRpcElapsedTime:1109326927ns, electionTimeout:1109ms
2025-10-10 10:39:57,260 [aa9634f0-8836-44d6-bc05-5b19fbdd93d5@group-6EF60CB14872-FollowerState] INFO  impl.RoleInfo (RoleInfo.java:shutdownFollowerState(121)) - aa9634f0-8836-44d6-bc05-5b19fbdd93d5: shutdown aa9634f0-8836-44d6-bc05-5b19fbdd93d5@group-6EF60CB14872-FollowerState
2025-10-10 10:39:57,260 [aa9634f0-8836-44d6-bc05-5b19fbdd93d5@group-6EF60CB14872-FollowerState] INFO  server.RaftServer$Division (RaftServerImpl.java:setRole(392)) - aa9634f0-8836-44d6-bc05-5b19fbdd93d5@group-6EF60CB14872: changes role from  FOLLOWER to CANDIDATE at term 5 for changeToCandidate
2025-10-10 10:39:57,260 [aa9634f0-8836-44d6-bc05-5b19fbdd93d5@group-6EF60CB14872-FollowerState] INFO  impl.RoleInfo (RoleInfo.java:updateAndGet(148)) - aa9634f0-8836-44d6-bc05-5b19fbdd93d5: start aa9634f0-8836-44d6-bc05-5b19fbdd93d5@group-6EF60CB14872-LeaderElection237
2025-10-10 10:39:57,260 [aa9634f0-8836-44d6-bc05-5b19fbdd93d5@group-6EF60CB14872-LeaderElection237] INFO  impl.LeaderElection (LeaderElection.java:askForVotes(448)) - aa9634f0-8836-44d6-bc05-5b19fbdd93d5@group-6EF60CB14872-LeaderElection237 PRE_VOTE round 0: submit vote requests at term 5 for conf: {index: 20, cur=peers:[aa9634f0-8836-44d6-bc05-5b19fbdd93d5|127.0.0.1:15063, 36185c6b-22ce-45d1-a622-3a6b487a5a53|127.0.0.1:15071, 895d447a-5476-42e4-b2fa-6eb687701d46|127.0.0.1:15079]|listeners:[], old=null}
2025-10-10 10:39:57,261 [aa9634f0-8836-44d6-bc05-5b19fbdd93d5@group-6EF60CB14872-LeaderElection237] INFO  impl.LeaderElection (LogUtils.java:infoOrTrace(142)) - aa9634f0-8836-44d6-bc05-5b19fbdd93d5@group-6EF60CB14872-LeaderElection237 got exception when requesting votes: java.util.concurrent.ExecutionException: org.apache.ratis.thirdparty.io.grpc.StatusRuntimeException: UNAVAILABLE: io exception
2025-10-10 10:39:57,261 [aa9634f0-8836-44d6-bc05-5b19fbdd93d5@group-6EF60CB14872-LeaderElection237] INFO  impl.LeaderElection (LogUtils.java:infoOrTrace(142)) - aa9634f0-8836-44d6-bc05-5b19fbdd93d5@group-6EF60CB14872-LeaderElection237 got exception when requesting votes: java.util.concurrent.ExecutionException: org.apache.ratis.thirdparty.io.grpc.StatusRuntimeException: UNAVAILABLE: io exception
2025-10-10 10:39:57,261 [aa9634f0-8836-44d6-bc05-5b19fbdd93d5@group-6EF60CB14872-LeaderElection237] INFO  impl.LeaderElection (LeaderElection.java:logAndReturn(206)) - aa9634f0-8836-44d6-bc05-5b19fbdd93d5@group-6EF60CB14872-LeaderElection237: PRE_VOTE REJECTED received 0 response(s) and 2 exception(s):
2025-10-10 10:39:57,261 [aa9634f0-8836-44d6-bc05-5b19fbdd93d5@group-6EF60CB14872-LeaderElection237] INFO  impl.LeaderElection (LogUtils.java:infoOrTrace(142)) -   Exception 0: java.util.concurrent.ExecutionException: org.apache.ratis.thirdparty.io.grpc.StatusRuntimeException: UNAVAILABLE: io exception
2025-10-10 10:39:57,261 [aa9634f0-8836-44d6-bc05-5b19fbdd93d5@group-6EF60CB14872-LeaderElection237] INFO  impl.LeaderElection (LogUtils.java:infoOrTrace(142)) -   Exception 1: java.util.concurrent.ExecutionException: org.apache.ratis.thirdparty.io.grpc.StatusRuntimeException: UNAVAILABLE: io exception
2025-10-10 10:39:57,261 [aa9634f0-8836-44d6-bc05-5b19fbdd93d5@group-6EF60CB14872-LeaderElection237] INFO  impl.LeaderElection (LeaderElection.java:askForVotes(450)) - aa9634f0-8836-44d6-bc05-5b19fbdd93d5@group-6EF60CB14872-LeaderElection237 PRE_VOTE round 0: result REJECTED
2025-10-10 10:39:57,261 [aa9634f0-8836-44d6-bc05-5b19fbdd93d5@group-6EF60CB14872-LeaderElection237] INFO  server.RaftServer$Division (RaftServerImpl.java:setRole(392)) - aa9634f0-8836-44d6-bc05-5b19fbdd93d5@group-6EF60CB14872: changes role from CANDIDATE to FOLLOWER at term 5 for REJECTED
2025-10-10 10:39:57,261 [aa9634f0-8836-44d6-bc05-5b19fbdd93d5@group-6EF60CB14872-LeaderElection237] INFO  impl.RoleInfo (RoleInfo.java:shutdownLeaderElection(141)) - aa9634f0-8836-44d6-bc05-5b19fbdd93d5: shutdown aa9634f0-8836-44d6-bc05-5b19fbdd93d5@group-6EF60CB14872-LeaderElection237
2025-10-10 10:39:57,261 [aa9634f0-8836-44d6-bc05-5b19fbdd93d5@group-6EF60CB14872-LeaderElection237] INFO  impl.RoleInfo (RoleInfo.java:updateAndGet(148)) - aa9634f0-8836-44d6-bc05-5b19fbdd93d5: start aa9634f0-8836-44d6-bc05-5b19fbdd93d5@group-6EF60CB14872-FollowerState
2025-10-10 10:39:57,764 [aa9634f0-8836-44d6-bc05-5b19fbdd93d5@group-813C05265458-FollowerState] INFO  impl.FollowerState (FollowerState.java:runImpl(161)) - aa9634f0-8836-44d6-bc05-5b19fbdd93d5@group-813C05265458-FollowerState: change to CANDIDATE, lastRpcElapsedTime:1017441920ns, electionTimeout:1017ms
2025-10-10 10:39:57,764 [aa9634f0-8836-44d6-bc05-5b19fbdd93d5@group-813C05265458-FollowerState] INFO  impl.RoleInfo (RoleInfo.java:shutdownFollowerState(121)) - aa9634f0-8836-44d6-bc05-5b19fbdd93d5: shutdown aa9634f0-8836-44d6-bc05-5b19fbdd93d5@group-813C05265458-FollowerState
2025-10-10 10:39:57,765 [aa9634f0-8836-44d6-bc05-5b19fbdd93d5@group-813C05265458-FollowerState] INFO  server.RaftServer$Division (RaftServerImpl.java:setRole(392)) - aa9634f0-8836-44d6-bc05-5b19fbdd93d5@group-813C05265458: changes role from  FOLLOWER to CANDIDATE at term 1 for changeToCandidate
2025-10-10 10:39:57,765 [aa9634f0-8836-44d6-bc05-5b19fbdd93d5@group-813C05265458-FollowerState] INFO  impl.RoleInfo (RoleInfo.java:updateAndGet(148)) - aa9634f0-8836-44d6-bc05-5b19fbdd93d5: start aa9634f0-8836-44d6-bc05-5b19fbdd93d5@group-813C05265458-LeaderElection238
2025-10-10 10:39:57,765 [aa9634f0-8836-44d6-bc05-5b19fbdd93d5@group-813C05265458-LeaderElection238] INFO  impl.LeaderElection (LeaderElection.java:askForVotes(448)) - aa9634f0-8836-44d6-bc05-5b19fbdd93d5@group-813C05265458-LeaderElection238 PRE_VOTE round 0: submit vote requests at term 1 for conf: {index: 0, cur=peers:[aa9634f0-8836-44d6-bc05-5b19fbdd93d5|127.0.0.1:15063, 36185c6b-22ce-45d1-a622-3a6b487a5a53|127.0.0.1:15071, 895d447a-5476-42e4-b2fa-6eb687701d46|127.0.0.1:15079]|listeners:[], old=null}
2025-10-10 10:39:57,765 [aa9634f0-8836-44d6-bc05-5b19fbdd93d5@group-813C05265458-LeaderElection238] INFO  impl.LeaderElection (LogUtils.java:infoOrTrace(142)) - aa9634f0-8836-44d6-bc05-5b19fbdd93d5@group-813C05265458-LeaderElection238 got exception when requesting votes: java.util.concurrent.ExecutionException: org.apache.ratis.thirdparty.io.grpc.StatusRuntimeException: UNAVAILABLE: io exception
2025-10-10 10:39:57,765 [aa9634f0-8836-44d6-bc05-5b19fbdd93d5@group-813C05265458-LeaderElection238] INFO  impl.LeaderElection (LogUtils.java:infoOrTrace(142)) - aa9634f0-8836-44d6-bc05-5b19fbdd93d5@group-813C05265458-LeaderElection238 got exception when requesting votes: java.util.concurrent.ExecutionException: org.apache.ratis.thirdparty.io.grpc.StatusRuntimeException: UNAVAILABLE: io exception
2025-10-10 10:39:57,765 [aa9634f0-8836-44d6-bc05-5b19fbdd93d5@group-813C05265458-LeaderElection238] INFO  impl.LeaderElection (LeaderElection.java:logAndReturn(206)) - aa9634f0-8836-44d6-bc05-5b19fbdd93d5@group-813C05265458-LeaderElection238: PRE_VOTE REJECTED received 0 response(s) and 2 exception(s):
2025-10-10 10:39:57,765 [aa9634f0-8836-44d6-bc05-5b19fbdd93d5@group-813C05265458-LeaderElection238] INFO  impl.LeaderElection (LogUtils.java:infoOrTrace(142)) -   Exception 0: java.util.concurrent.ExecutionException: org.apache.ratis.thirdparty.io.grpc.StatusRuntimeException: UNAVAILABLE: io exception
2025-10-10 10:39:57,766 [aa9634f0-8836-44d6-bc05-5b19fbdd93d5@group-813C05265458-LeaderElection238] INFO  impl.LeaderElection (LogUtils.java:infoOrTrace(142)) -   Exception 1: java.util.concurrent.ExecutionException: org.apache.ratis.thirdparty.io.grpc.StatusRuntimeException: UNAVAILABLE: io exception
2025-10-10 10:39:57,766 [aa9634f0-8836-44d6-bc05-5b19fbdd93d5@group-813C05265458-LeaderElection238] INFO  impl.LeaderElection (LeaderElection.java:askForVotes(450)) - aa9634f0-8836-44d6-bc05-5b19fbdd93d5@group-813C05265458-LeaderElection238 PRE_VOTE round 0: result REJECTED
2025-10-10 10:39:57,766 [aa9634f0-8836-44d6-bc05-5b19fbdd93d5@group-813C05265458-LeaderElection238] INFO  server.RaftServer$Division (RaftServerImpl.java:setRole(392)) - aa9634f0-8836-44d6-bc05-5b19fbdd93d5@group-813C05265458: changes role from CANDIDATE to FOLLOWER at term 1 for REJECTED
2025-10-10 10:39:57,766 [aa9634f0-8836-44d6-bc05-5b19fbdd93d5@group-813C05265458-LeaderElection238] INFO  impl.RoleInfo (RoleInfo.java:shutdownLeaderElection(141)) - aa9634f0-8836-44d6-bc05-5b19fbdd93d5: shutdown aa9634f0-8836-44d6-bc05-5b19fbdd93d5@group-813C05265458-LeaderElection238
2025-10-10 10:39:57,766 [aa9634f0-8836-44d6-bc05-5b19fbdd93d5@group-813C05265458-LeaderElection238] INFO  impl.RoleInfo (RoleInfo.java:updateAndGet(148)) - aa9634f0-8836-44d6-bc05-5b19fbdd93d5: start aa9634f0-8836-44d6-bc05-5b19fbdd93d5@group-813C05265458-FollowerState
2025-10-10 10:39:58,417 [aa9634f0-8836-44d6-bc05-5b19fbdd93d5@group-6EF60CB14872-FollowerState] INFO  impl.FollowerState (FollowerState.java:runImpl(161)) - aa9634f0-8836-44d6-bc05-5b19fbdd93d5@group-6EF60CB14872-FollowerState: change to CANDIDATE, lastRpcElapsedTime:1156273598ns, electionTimeout:1156ms
2025-10-10 10:39:58,417 [aa9634f0-8836-44d6-bc05-5b19fbdd93d5@group-6EF60CB14872-FollowerState] INFO  impl.RoleInfo (RoleInfo.java:shutdownFollowerState(121)) - aa9634f0-8836-44d6-bc05-5b19fbdd93d5: shutdown aa9634f0-8836-44d6-bc05-5b19fbdd93d5@group-6EF60CB14872-FollowerState
2025-10-10 10:39:58,418 [aa9634f0-8836-44d6-bc05-5b19fbdd93d5@group-6EF60CB14872-FollowerState] INFO  server.RaftServer$Division (RaftServerImpl.java:setRole(392)) - aa9634f0-8836-44d6-bc05-5b19fbdd93d5@group-6EF60CB14872: changes role from  FOLLOWER to CANDIDATE at term 5 for changeToCandidate
2025-10-10 10:39:58,418 [aa9634f0-8836-44d6-bc05-5b19fbdd93d5@group-6EF60CB14872-FollowerState] INFO  impl.RoleInfo (RoleInfo.java:updateAndGet(148)) - aa9634f0-8836-44d6-bc05-5b19fbdd93d5: start aa9634f0-8836-44d6-bc05-5b19fbdd93d5@group-6EF60CB14872-LeaderElection239
2025-10-10 10:39:58,418 [aa9634f0-8836-44d6-bc05-5b19fbdd93d5@group-6EF60CB14872-LeaderElection239] INFO  impl.LeaderElection (LeaderElection.java:askForVotes(448)) - aa9634f0-8836-44d6-bc05-5b19fbdd93d5@group-6EF60CB14872-LeaderElection239 PRE_VOTE round 0: submit vote requests at term 5 for conf: {index: 20, cur=peers:[aa9634f0-8836-44d6-bc05-5b19fbdd93d5|127.0.0.1:15063, 36185c6b-22ce-45d1-a622-3a6b487a5a53|127.0.0.1:15071, 895d447a-5476-42e4-b2fa-6eb687701d46|127.0.0.1:15079]|listeners:[], old=null}
2025-10-10 10:39:58,418 [aa9634f0-8836-44d6-bc05-5b19fbdd93d5@group-6EF60CB14872-LeaderElection239] INFO  impl.LeaderElection (LogUtils.java:infoOrTrace(142)) - aa9634f0-8836-44d6-bc05-5b19fbdd93d5@group-6EF60CB14872-LeaderElection239 got exception when requesting votes: java.util.concurrent.ExecutionException: org.apache.ratis.thirdparty.io.grpc.StatusRuntimeException: UNAVAILABLE: io exception
2025-10-10 10:39:58,418 [aa9634f0-8836-44d6-bc05-5b19fbdd93d5@group-6EF60CB14872-LeaderElection239] INFO  impl.LeaderElection (LogUtils.java:infoOrTrace(142)) - aa9634f0-8836-44d6-bc05-5b19fbdd93d5@group-6EF60CB14872-LeaderElection239 got exception when requesting votes: java.util.concurrent.ExecutionException: org.apache.ratis.thirdparty.io.grpc.StatusRuntimeException: UNAVAILABLE: io exception
2025-10-10 10:39:58,419 [aa9634f0-8836-44d6-bc05-5b19fbdd93d5@group-6EF60CB14872-LeaderElection239] INFO  impl.LeaderElection (LeaderElection.java:logAndReturn(206)) - aa9634f0-8836-44d6-bc05-5b19fbdd93d5@group-6EF60CB14872-LeaderElection239: PRE_VOTE REJECTED received 0 response(s) and 2 exception(s):
2025-10-10 10:39:58,419 [aa9634f0-8836-44d6-bc05-5b19fbdd93d5@group-6EF60CB14872-LeaderElection239] INFO  impl.LeaderElection (LogUtils.java:infoOrTrace(142)) -   Exception 0: java.util.concurrent.ExecutionException: org.apache.ratis.thirdparty.io.grpc.StatusRuntimeException: UNAVAILABLE: io exception
2025-10-10 10:39:58,419 [aa9634f0-8836-44d6-bc05-5b19fbdd93d5@group-6EF60CB14872-LeaderElection239] INFO  impl.LeaderElection (LogUtils.java:infoOrTrace(142)) -   Exception 1: java.util.concurrent.ExecutionException: org.apache.ratis.thirdparty.io.grpc.StatusRuntimeException: UNAVAILABLE: io exception
2025-10-10 10:39:58,419 [aa9634f0-8836-44d6-bc05-5b19fbdd93d5@group-6EF60CB14872-LeaderElection239] INFO  impl.LeaderElection (LeaderElection.java:askForVotes(450)) - aa9634f0-8836-44d6-bc05-5b19fbdd93d5@group-6EF60CB14872-LeaderElection239 PRE_VOTE round 0: result REJECTED
2025-10-10 10:39:58,419 [aa9634f0-8836-44d6-bc05-5b19fbdd93d5@group-6EF60CB14872-LeaderElection239] INFO  server.RaftServer$Division (RaftServerImpl.java:setRole(392)) - aa9634f0-8836-44d6-bc05-5b19fbdd93d5@group-6EF60CB14872: changes role from CANDIDATE to FOLLOWER at term 5 for REJECTED
2025-10-10 10:39:58,419 [aa9634f0-8836-44d6-bc05-5b19fbdd93d5@group-6EF60CB14872-LeaderElection239] INFO  impl.RoleInfo (RoleInfo.java:shutdownLeaderElection(141)) - aa9634f0-8836-44d6-bc05-5b19fbdd93d5: shutdown aa9634f0-8836-44d6-bc05-5b19fbdd93d5@group-6EF60CB14872-LeaderElection239
2025-10-10 10:39:58,419 [aa9634f0-8836-44d6-bc05-5b19fbdd93d5@group-6EF60CB14872-LeaderElection239] INFO  impl.RoleInfo (RoleInfo.java:updateAndGet(148)) - aa9634f0-8836-44d6-bc05-5b19fbdd93d5: start aa9634f0-8836-44d6-bc05-5b19fbdd93d5@group-6EF60CB14872-FollowerState
2025-10-10 10:39:58,811 [aa9634f0-8836-44d6-bc05-5b19fbdd93d5@group-813C05265458-FollowerState] INFO  impl.FollowerState (FollowerState.java:runImpl(161)) - aa9634f0-8836-44d6-bc05-5b19fbdd93d5@group-813C05265458-FollowerState: change to CANDIDATE, lastRpcElapsedTime:1045328488ns, electionTimeout:1045ms
2025-10-10 10:39:58,811 [aa9634f0-8836-44d6-bc05-5b19fbdd93d5@group-813C05265458-FollowerState] INFO  impl.RoleInfo (RoleInfo.java:shutdownFollowerState(121)) - aa9634f0-8836-44d6-bc05-5b19fbdd93d5: shutdown aa9634f0-8836-44d6-bc05-5b19fbdd93d5@group-813C05265458-FollowerState
2025-10-10 10:39:58,811 [aa9634f0-8836-44d6-bc05-5b19fbdd93d5@group-813C05265458-FollowerState] INFO  server.RaftServer$Division (RaftServerImpl.java:setRole(392)) - aa9634f0-8836-44d6-bc05-5b19fbdd93d5@group-813C05265458: changes role from  FOLLOWER to CANDIDATE at term 1 for changeToCandidate
2025-10-10 10:39:58,812 [aa9634f0-8836-44d6-bc05-5b19fbdd93d5@group-813C05265458-FollowerState] INFO  impl.RoleInfo (RoleInfo.java:updateAndGet(148)) - aa9634f0-8836-44d6-bc05-5b19fbdd93d5: start aa9634f0-8836-44d6-bc05-5b19fbdd93d5@group-813C05265458-LeaderElection240
2025-10-10 10:39:58,812 [aa9634f0-8836-44d6-bc05-5b19fbdd93d5@group-813C05265458-LeaderElection240] INFO  impl.LeaderElection (LeaderElection.java:askForVotes(448)) - aa9634f0-8836-44d6-bc05-5b19fbdd93d5@group-813C05265458-LeaderElection240 PRE_VOTE round 0: submit vote requests at term 1 for conf: {index: 0, cur=peers:[aa9634f0-8836-44d6-bc05-5b19fbdd93d5|127.0.0.1:15063, 36185c6b-22ce-45d1-a622-3a6b487a5a53|127.0.0.1:15071, 895d447a-5476-42e4-b2fa-6eb687701d46|127.0.0.1:15079]|listeners:[], old=null}
2025-10-10 10:39:58,812 [aa9634f0-8836-44d6-bc05-5b19fbdd93d5@group-813C05265458-LeaderElection240] INFO  impl.LeaderElection (LogUtils.java:infoOrTrace(142)) - aa9634f0-8836-44d6-bc05-5b19fbdd93d5@group-813C05265458-LeaderElection240 got exception when requesting votes: java.util.concurrent.ExecutionException: org.apache.ratis.thirdparty.io.grpc.StatusRuntimeException: UNAVAILABLE: io exception
2025-10-10 10:39:58,812 [aa9634f0-8836-44d6-bc05-5b19fbdd93d5@group-813C05265458-LeaderElection240] INFO  impl.LeaderElection (LogUtils.java:infoOrTrace(142)) - aa9634f0-8836-44d6-bc05-5b19fbdd93d5@group-813C05265458-LeaderElection240 got exception when requesting votes: java.util.concurrent.ExecutionException: org.apache.ratis.thirdparty.io.grpc.StatusRuntimeException: UNAVAILABLE: io exception
2025-10-10 10:39:58,812 [aa9634f0-8836-44d6-bc05-5b19fbdd93d5@group-813C05265458-LeaderElection240] INFO  impl.LeaderElection (LeaderElection.java:logAndReturn(206)) - aa9634f0-8836-44d6-bc05-5b19fbdd93d5@group-813C05265458-LeaderElection240: PRE_VOTE REJECTED received 0 response(s) and 2 exception(s):
2025-10-10 10:39:58,812 [aa9634f0-8836-44d6-bc05-5b19fbdd93d5@group-813C05265458-LeaderElection240] INFO  impl.LeaderElection (LogUtils.java:infoOrTrace(142)) -   Exception 0: java.util.concurrent.ExecutionException: org.apache.ratis.thirdparty.io.grpc.StatusRuntimeException: UNAVAILABLE: io exception
2025-10-10 10:39:58,812 [aa9634f0-8836-44d6-bc05-5b19fbdd93d5@group-813C05265458-LeaderElection240] INFO  impl.LeaderElection (LogUtils.java:infoOrTrace(142)) -   Exception 1: java.util.concurrent.ExecutionException: org.apache.ratis.thirdparty.io.grpc.StatusRuntimeException: UNAVAILABLE: io exception
2025-10-10 10:39:58,813 [aa9634f0-8836-44d6-bc05-5b19fbdd93d5@group-813C05265458-LeaderElection240] INFO  impl.LeaderElection (LeaderElection.java:askForVotes(450)) - aa9634f0-8836-44d6-bc05-5b19fbdd93d5@group-813C05265458-LeaderElection240 PRE_VOTE round 0: result REJECTED
2025-10-10 10:39:58,813 [aa9634f0-8836-44d6-bc05-5b19fbdd93d5@group-813C05265458-LeaderElection240] INFO  server.RaftServer$Division (RaftServerImpl.java:setRole(392)) - aa9634f0-8836-44d6-bc05-5b19fbdd93d5@group-813C05265458: changes role from CANDIDATE to FOLLOWER at term 1 for REJECTED
2025-10-10 10:39:58,813 [aa9634f0-8836-44d6-bc05-5b19fbdd93d5@group-813C05265458-LeaderElection240] INFO  impl.RoleInfo (RoleInfo.java:shutdownLeaderElection(141)) - aa9634f0-8836-44d6-bc05-5b19fbdd93d5: shutdown aa9634f0-8836-44d6-bc05-5b19fbdd93d5@group-813C05265458-LeaderElection240
2025-10-10 10:39:58,813 [aa9634f0-8836-44d6-bc05-5b19fbdd93d5@group-813C05265458-LeaderElection240] INFO  impl.RoleInfo (RoleInfo.java:updateAndGet(148)) - aa9634f0-8836-44d6-bc05-5b19fbdd93d5: start aa9634f0-8836-44d6-bc05-5b19fbdd93d5@group-813C05265458-FollowerState
2025-10-10 10:39:59,439 [aa9634f0-8836-44d6-bc05-5b19fbdd93d5@group-6EF60CB14872-FollowerState] INFO  impl.FollowerState (FollowerState.java:runImpl(161)) - aa9634f0-8836-44d6-bc05-5b19fbdd93d5@group-6EF60CB14872-FollowerState: change to CANDIDATE, lastRpcElapsedTime:1020312698ns, electionTimeout:1020ms
2025-10-10 10:39:59,439 [aa9634f0-8836-44d6-bc05-5b19fbdd93d5@group-6EF60CB14872-FollowerState] INFO  impl.RoleInfo (RoleInfo.java:shutdownFollowerState(121)) - aa9634f0-8836-44d6-bc05-5b19fbdd93d5: shutdown aa9634f0-8836-44d6-bc05-5b19fbdd93d5@group-6EF60CB14872-FollowerState
2025-10-10 10:39:59,439 [aa9634f0-8836-44d6-bc05-5b19fbdd93d5@group-6EF60CB14872-FollowerState] INFO  server.RaftServer$Division (RaftServerImpl.java:setRole(392)) - aa9634f0-8836-44d6-bc05-5b19fbdd93d5@group-6EF60CB14872: changes role from  FOLLOWER to CANDIDATE at term 5 for changeToCandidate
2025-10-10 10:39:59,439 [aa9634f0-8836-44d6-bc05-5b19fbdd93d5@group-6EF60CB14872-FollowerState] INFO  impl.RoleInfo (RoleInfo.java:updateAndGet(148)) - aa9634f0-8836-44d6-bc05-5b19fbdd93d5: start aa9634f0-8836-44d6-bc05-5b19fbdd93d5@group-6EF60CB14872-LeaderElection241
2025-10-10 10:39:59,440 [aa9634f0-8836-44d6-bc05-5b19fbdd93d5@group-6EF60CB14872-LeaderElection241] INFO  impl.LeaderElection (LeaderElection.java:askForVotes(448)) - aa9634f0-8836-44d6-bc05-5b19fbdd93d5@group-6EF60CB14872-LeaderElection241 PRE_VOTE round 0: submit vote requests at term 5 for conf: {index: 20, cur=peers:[aa9634f0-8836-44d6-bc05-5b19fbdd93d5|127.0.0.1:15063, 36185c6b-22ce-45d1-a622-3a6b487a5a53|127.0.0.1:15071, 895d447a-5476-42e4-b2fa-6eb687701d46|127.0.0.1:15079]|listeners:[], old=null}
2025-10-10 10:39:59,440 [aa9634f0-8836-44d6-bc05-5b19fbdd93d5@group-6EF60CB14872-LeaderElection241] INFO  impl.LeaderElection (LogUtils.java:infoOrTrace(142)) - aa9634f0-8836-44d6-bc05-5b19fbdd93d5@group-6EF60CB14872-LeaderElection241 got exception when requesting votes: java.util.concurrent.ExecutionException: org.apache.ratis.thirdparty.io.grpc.StatusRuntimeException: UNAVAILABLE: io exception
2025-10-10 10:39:59,440 [aa9634f0-8836-44d6-bc05-5b19fbdd93d5@group-6EF60CB14872-LeaderElection241] INFO  impl.LeaderElection (LogUtils.java:infoOrTrace(142)) - aa9634f0-8836-44d6-bc05-5b19fbdd93d5@group-6EF60CB14872-LeaderElection241 got exception when requesting votes: java.util.concurrent.ExecutionException: org.apache.ratis.thirdparty.io.grpc.StatusRuntimeException: UNAVAILABLE: io exception
2025-10-10 10:39:59,440 [aa9634f0-8836-44d6-bc05-5b19fbdd93d5@group-6EF60CB14872-LeaderElection241] INFO  impl.LeaderElection (LeaderElection.java:logAndReturn(206)) - aa9634f0-8836-44d6-bc05-5b19fbdd93d5@group-6EF60CB14872-LeaderElection241: PRE_VOTE REJECTED received 0 response(s) and 2 exception(s):
2025-10-10 10:39:59,440 [aa9634f0-8836-44d6-bc05-5b19fbdd93d5@group-6EF60CB14872-LeaderElection241] INFO  impl.LeaderElection (LogUtils.java:infoOrTrace(142)) -   Exception 0: java.util.concurrent.ExecutionException: org.apache.ratis.thirdparty.io.grpc.StatusRuntimeException: UNAVAILABLE: io exception
2025-10-10 10:39:59,440 [aa9634f0-8836-44d6-bc05-5b19fbdd93d5@group-6EF60CB14872-LeaderElection241] INFO  impl.LeaderElection (LogUtils.java:infoOrTrace(142)) -   Exception 1: java.util.concurrent.ExecutionException: org.apache.ratis.thirdparty.io.grpc.StatusRuntimeException: UNAVAILABLE: io exception
2025-10-10 10:39:59,440 [aa9634f0-8836-44d6-bc05-5b19fbdd93d5@group-6EF60CB14872-LeaderElection241] INFO  impl.LeaderElection (LeaderElection.java:askForVotes(450)) - aa9634f0-8836-44d6-bc05-5b19fbdd93d5@group-6EF60CB14872-LeaderElection241 PRE_VOTE round 0: result REJECTED
2025-10-10 10:39:59,441 [aa9634f0-8836-44d6-bc05-5b19fbdd93d5@group-6EF60CB14872-LeaderElection241] INFO  server.RaftServer$Division (RaftServerImpl.java:setRole(392)) - aa9634f0-8836-44d6-bc05-5b19fbdd93d5@group-6EF60CB14872: changes role from CANDIDATE to FOLLOWER at term 5 for REJECTED
2025-10-10 10:39:59,441 [aa9634f0-8836-44d6-bc05-5b19fbdd93d5@group-6EF60CB14872-LeaderElection241] INFO  impl.RoleInfo (RoleInfo.java:shutdownLeaderElection(141)) - aa9634f0-8836-44d6-bc05-5b19fbdd93d5: shutdown aa9634f0-8836-44d6-bc05-5b19fbdd93d5@group-6EF60CB14872-LeaderElection241
2025-10-10 10:39:59,441 [aa9634f0-8836-44d6-bc05-5b19fbdd93d5@group-6EF60CB14872-LeaderElection241] INFO  impl.RoleInfo (RoleInfo.java:updateAndGet(148)) - aa9634f0-8836-44d6-bc05-5b19fbdd93d5: start aa9634f0-8836-44d6-bc05-5b19fbdd93d5@group-6EF60CB14872-FollowerState
2025-10-10 10:39:59,944 [aa9634f0-8836-44d6-bc05-5b19fbdd93d5@group-813C05265458-FollowerState] INFO  impl.FollowerState (FollowerState.java:runImpl(161)) - aa9634f0-8836-44d6-bc05-5b19fbdd93d5@group-813C05265458-FollowerState: change to CANDIDATE, lastRpcElapsedTime:1131260204ns, electionTimeout:1131ms
2025-10-10 10:39:59,944 [aa9634f0-8836-44d6-bc05-5b19fbdd93d5@group-813C05265458-FollowerState] INFO  impl.RoleInfo (RoleInfo.java:shutdownFollowerState(121)) - aa9634f0-8836-44d6-bc05-5b19fbdd93d5: shutdown aa9634f0-8836-44d6-bc05-5b19fbdd93d5@group-813C05265458-FollowerState
2025-10-10 10:39:59,944 [aa9634f0-8836-44d6-bc05-5b19fbdd93d5@group-813C05265458-FollowerState] INFO  server.RaftServer$Division (RaftServerImpl.java:setRole(392)) - aa9634f0-8836-44d6-bc05-5b19fbdd93d5@group-813C05265458: changes role from  FOLLOWER to CANDIDATE at term 1 for changeToCandidate
2025-10-10 10:39:59,944 [aa9634f0-8836-44d6-bc05-5b19fbdd93d5@group-813C05265458-FollowerState] INFO  impl.RoleInfo (RoleInfo.java:updateAndGet(148)) - aa9634f0-8836-44d6-bc05-5b19fbdd93d5: start aa9634f0-8836-44d6-bc05-5b19fbdd93d5@group-813C05265458-LeaderElection242
2025-10-10 10:39:59,945 [aa9634f0-8836-44d6-bc05-5b19fbdd93d5@group-813C05265458-LeaderElection242] INFO  impl.LeaderElection (LeaderElection.java:askForVotes(448)) - aa9634f0-8836-44d6-bc05-5b19fbdd93d5@group-813C05265458-LeaderElection242 PRE_VOTE round 0: submit vote requests at term 1 for conf: {index: 0, cur=peers:[aa9634f0-8836-44d6-bc05-5b19fbdd93d5|127.0.0.1:15063, 36185c6b-22ce-45d1-a622-3a6b487a5a53|127.0.0.1:15071, 895d447a-5476-42e4-b2fa-6eb687701d46|127.0.0.1:15079]|listeners:[], old=null}
2025-10-10 10:39:59,945 [aa9634f0-8836-44d6-bc05-5b19fbdd93d5@group-813C05265458-LeaderElection242] INFO  impl.LeaderElection (LogUtils.java:infoOrTrace(142)) - aa9634f0-8836-44d6-bc05-5b19fbdd93d5@group-813C05265458-LeaderElection242 got exception when requesting votes: java.util.concurrent.ExecutionException: org.apache.ratis.thirdparty.io.grpc.StatusRuntimeException: UNAVAILABLE: io exception
2025-10-10 10:39:59,945 [aa9634f0-8836-44d6-bc05-5b19fbdd93d5@group-813C05265458-LeaderElection242] INFO  impl.LeaderElection (LogUtils.java:infoOrTrace(142)) - aa9634f0-8836-44d6-bc05-5b19fbdd93d5@group-813C05265458-LeaderElection242 got exception when requesting votes: java.util.concurrent.ExecutionException: org.apache.ratis.thirdparty.io.grpc.StatusRuntimeException: UNAVAILABLE: io exception
2025-10-10 10:39:59,945 [aa9634f0-8836-44d6-bc05-5b19fbdd93d5@group-813C05265458-LeaderElection242] INFO  impl.LeaderElection (LeaderElection.java:logAndReturn(206)) - aa9634f0-8836-44d6-bc05-5b19fbdd93d5@group-813C05265458-LeaderElection242: PRE_VOTE REJECTED received 0 response(s) and 2 exception(s):
2025-10-10 10:39:59,945 [aa9634f0-8836-44d6-bc05-5b19fbdd93d5@group-813C05265458-LeaderElection242] INFO  impl.LeaderElection (LogUtils.java:infoOrTrace(142)) -   Exception 0: java.util.concurrent.ExecutionException: org.apache.ratis.thirdparty.io.grpc.StatusRuntimeException: UNAVAILABLE: io exception
2025-10-10 10:39:59,945 [aa9634f0-8836-44d6-bc05-5b19fbdd93d5@group-813C05265458-LeaderElection242] INFO  impl.LeaderElection (LogUtils.java:infoOrTrace(142)) -   Exception 1: java.util.concurrent.ExecutionException: org.apache.ratis.thirdparty.io.grpc.StatusRuntimeException: UNAVAILABLE: io exception
2025-10-10 10:39:59,945 [aa9634f0-8836-44d6-bc05-5b19fbdd93d5@group-813C05265458-LeaderElection242] INFO  impl.LeaderElection (LeaderElection.java:askForVotes(450)) - aa9634f0-8836-44d6-bc05-5b19fbdd93d5@group-813C05265458-LeaderElection242 PRE_VOTE round 0: result REJECTED
2025-10-10 10:39:59,945 [aa9634f0-8836-44d6-bc05-5b19fbdd93d5@group-813C05265458-LeaderElection242] INFO  server.RaftServer$Division (RaftServerImpl.java:setRole(392)) - aa9634f0-8836-44d6-bc05-5b19fbdd93d5@group-813C05265458: changes role from CANDIDATE to FOLLOWER at term 1 for REJECTED
2025-10-10 10:39:59,945 [aa9634f0-8836-44d6-bc05-5b19fbdd93d5@group-813C05265458-LeaderElection242] INFO  impl.RoleInfo (RoleInfo.java:shutdownLeaderElection(141)) - aa9634f0-8836-44d6-bc05-5b19fbdd93d5: shutdown aa9634f0-8836-44d6-bc05-5b19fbdd93d5@group-813C05265458-LeaderElection242
2025-10-10 10:39:59,945 [aa9634f0-8836-44d6-bc05-5b19fbdd93d5@group-813C05265458-LeaderElection242] INFO  impl.RoleInfo (RoleInfo.java:updateAndGet(148)) - aa9634f0-8836-44d6-bc05-5b19fbdd93d5: start aa9634f0-8836-44d6-bc05-5b19fbdd93d5@group-813C05265458-FollowerState
2025-10-10 10:40:00,484 [aa9634f0-8836-44d6-bc05-5b19fbdd93d5@group-6EF60CB14872-FollowerState] INFO  impl.FollowerState (FollowerState.java:runImpl(161)) - aa9634f0-8836-44d6-bc05-5b19fbdd93d5@group-6EF60CB14872-FollowerState: change to CANDIDATE, lastRpcElapsedTime:1043244058ns, electionTimeout:1043ms
2025-10-10 10:40:00,484 [aa9634f0-8836-44d6-bc05-5b19fbdd93d5@group-6EF60CB14872-FollowerState] INFO  impl.RoleInfo (RoleInfo.java:shutdownFollowerState(121)) - aa9634f0-8836-44d6-bc05-5b19fbdd93d5: shutdown aa9634f0-8836-44d6-bc05-5b19fbdd93d5@group-6EF60CB14872-FollowerState
2025-10-10 10:40:00,484 [aa9634f0-8836-44d6-bc05-5b19fbdd93d5@group-6EF60CB14872-FollowerState] INFO  server.RaftServer$Division (RaftServerImpl.java:setRole(392)) - aa9634f0-8836-44d6-bc05-5b19fbdd93d5@group-6EF60CB14872: changes role from  FOLLOWER to CANDIDATE at term 5 for changeToCandidate
2025-10-10 10:40:00,484 [aa9634f0-8836-44d6-bc05-5b19fbdd93d5@group-6EF60CB14872-FollowerState] INFO  impl.RoleInfo (RoleInfo.java:updateAndGet(148)) - aa9634f0-8836-44d6-bc05-5b19fbdd93d5: start aa9634f0-8836-44d6-bc05-5b19fbdd93d5@group-6EF60CB14872-LeaderElection243
2025-10-10 10:40:00,484 [aa9634f0-8836-44d6-bc05-5b19fbdd93d5@group-6EF60CB14872-LeaderElection243] INFO  impl.LeaderElection (LeaderElection.java:askForVotes(448)) - aa9634f0-8836-44d6-bc05-5b19fbdd93d5@group-6EF60CB14872-LeaderElection243 PRE_VOTE round 0: submit vote requests at term 5 for conf: {index: 20, cur=peers:[aa9634f0-8836-44d6-bc05-5b19fbdd93d5|127.0.0.1:15063, 36185c6b-22ce-45d1-a622-3a6b487a5a53|127.0.0.1:15071, 895d447a-5476-42e4-b2fa-6eb687701d46|127.0.0.1:15079]|listeners:[], old=null}
2025-10-10 10:40:00,485 [aa9634f0-8836-44d6-bc05-5b19fbdd93d5@group-6EF60CB14872-LeaderElection243] INFO  impl.LeaderElection (LogUtils.java:infoOrTrace(142)) - aa9634f0-8836-44d6-bc05-5b19fbdd93d5@group-6EF60CB14872-LeaderElection243 got exception when requesting votes: java.util.concurrent.ExecutionException: org.apache.ratis.thirdparty.io.grpc.StatusRuntimeException: UNAVAILABLE: io exception
2025-10-10 10:40:00,485 [aa9634f0-8836-44d6-bc05-5b19fbdd93d5@group-6EF60CB14872-LeaderElection243] INFO  impl.LeaderElection (LogUtils.java:infoOrTrace(142)) - aa9634f0-8836-44d6-bc05-5b19fbdd93d5@group-6EF60CB14872-LeaderElection243 got exception when requesting votes: java.util.concurrent.ExecutionException: org.apache.ratis.thirdparty.io.grpc.StatusRuntimeException: UNAVAILABLE: io exception
2025-10-10 10:40:00,485 [aa9634f0-8836-44d6-bc05-5b19fbdd93d5@group-6EF60CB14872-LeaderElection243] INFO  impl.LeaderElection (LeaderElection.java:logAndReturn(206)) - aa9634f0-8836-44d6-bc05-5b19fbdd93d5@group-6EF60CB14872-LeaderElection243: PRE_VOTE REJECTED received 0 response(s) and 2 exception(s):
2025-10-10 10:40:00,485 [aa9634f0-8836-44d6-bc05-5b19fbdd93d5@group-6EF60CB14872-LeaderElection243] INFO  impl.LeaderElection (LogUtils.java:infoOrTrace(142)) -   Exception 0: java.util.concurrent.ExecutionException: org.apache.ratis.thirdparty.io.grpc.StatusRuntimeException: UNAVAILABLE: io exception
2025-10-10 10:40:00,485 [aa9634f0-8836-44d6-bc05-5b19fbdd93d5@group-6EF60CB14872-LeaderElection243] INFO  impl.LeaderElection (LogUtils.java:infoOrTrace(142)) -   Exception 1: java.util.concurrent.ExecutionException: org.apache.ratis.thirdparty.io.grpc.StatusRuntimeException: UNAVAILABLE: io exception
2025-10-10 10:40:00,485 [aa9634f0-8836-44d6-bc05-5b19fbdd93d5@group-6EF60CB14872-LeaderElection243] INFO  impl.LeaderElection (LeaderElection.java:askForVotes(450)) - aa9634f0-8836-44d6-bc05-5b19fbdd93d5@group-6EF60CB14872-LeaderElection243 PRE_VOTE round 0: result REJECTED
2025-10-10 10:40:00,485 [aa9634f0-8836-44d6-bc05-5b19fbdd93d5@group-6EF60CB14872-LeaderElection243] INFO  server.RaftServer$Division (RaftServerImpl.java:setRole(392)) - aa9634f0-8836-44d6-bc05-5b19fbdd93d5@group-6EF60CB14872: changes role from CANDIDATE to FOLLOWER at term 5 for REJECTED
2025-10-10 10:40:00,485 [aa9634f0-8836-44d6-bc05-5b19fbdd93d5@group-6EF60CB14872-LeaderElection243] INFO  impl.RoleInfo (RoleInfo.java:shutdownLeaderElection(141)) - aa9634f0-8836-44d6-bc05-5b19fbdd93d5: shutdown aa9634f0-8836-44d6-bc05-5b19fbdd93d5@group-6EF60CB14872-LeaderElection243
2025-10-10 10:40:00,485 [aa9634f0-8836-44d6-bc05-5b19fbdd93d5@group-6EF60CB14872-LeaderElection243] INFO  impl.RoleInfo (RoleInfo.java:updateAndGet(148)) - aa9634f0-8836-44d6-bc05-5b19fbdd93d5: start aa9634f0-8836-44d6-bc05-5b19fbdd93d5@group-6EF60CB14872-FollowerState
2025-10-10 10:40:00,995 [aa9634f0-8836-44d6-bc05-5b19fbdd93d5@group-813C05265458-FollowerState] INFO  impl.FollowerState (FollowerState.java:runImpl(161)) - aa9634f0-8836-44d6-bc05-5b19fbdd93d5@group-813C05265458-FollowerState: change to CANDIDATE, lastRpcElapsedTime:1049268336ns, electionTimeout:1049ms
2025-10-10 10:40:00,995 [aa9634f0-8836-44d6-bc05-5b19fbdd93d5@group-813C05265458-FollowerState] INFO  impl.RoleInfo (RoleInfo.java:shutdownFollowerState(121)) - aa9634f0-8836-44d6-bc05-5b19fbdd93d5: shutdown aa9634f0-8836-44d6-bc05-5b19fbdd93d5@group-813C05265458-FollowerState
2025-10-10 10:40:00,995 [aa9634f0-8836-44d6-bc05-5b19fbdd93d5@group-813C05265458-FollowerState] INFO  server.RaftServer$Division (RaftServerImpl.java:setRole(392)) - aa9634f0-8836-44d6-bc05-5b19fbdd93d5@group-813C05265458: changes role from  FOLLOWER to CANDIDATE at term 1 for changeToCandidate
2025-10-10 10:40:00,995 [aa9634f0-8836-44d6-bc05-5b19fbdd93d5@group-813C05265458-FollowerState] INFO  impl.RoleInfo (RoleInfo.java:updateAndGet(148)) - aa9634f0-8836-44d6-bc05-5b19fbdd93d5: start aa9634f0-8836-44d6-bc05-5b19fbdd93d5@group-813C05265458-LeaderElection244
2025-10-10 10:40:00,995 [aa9634f0-8836-44d6-bc05-5b19fbdd93d5@group-813C05265458-LeaderElection244] INFO  impl.LeaderElection (LeaderElection.java:askForVotes(448)) - aa9634f0-8836-44d6-bc05-5b19fbdd93d5@group-813C05265458-LeaderElection244 PRE_VOTE round 0: submit vote requests at term 1 for conf: {index: 0, cur=peers:[aa9634f0-8836-44d6-bc05-5b19fbdd93d5|127.0.0.1:15063, 36185c6b-22ce-45d1-a622-3a6b487a5a53|127.0.0.1:15071, 895d447a-5476-42e4-b2fa-6eb687701d46|127.0.0.1:15079]|listeners:[], old=null}
2025-10-10 10:40:00,996 [aa9634f0-8836-44d6-bc05-5b19fbdd93d5@group-813C05265458-LeaderElection244] INFO  impl.LeaderElection (LogUtils.java:infoOrTrace(142)) - aa9634f0-8836-44d6-bc05-5b19fbdd93d5@group-813C05265458-LeaderElection244 got exception when requesting votes: java.util.concurrent.ExecutionException: org.apache.ratis.thirdparty.io.grpc.StatusRuntimeException: UNAVAILABLE: io exception
2025-10-10 10:40:00,996 [aa9634f0-8836-44d6-bc05-5b19fbdd93d5@group-813C05265458-LeaderElection244] INFO  impl.LeaderElection (LogUtils.java:infoOrTrace(142)) - aa9634f0-8836-44d6-bc05-5b19fbdd93d5@group-813C05265458-LeaderElection244 got exception when requesting votes: java.util.concurrent.ExecutionException: org.apache.ratis.thirdparty.io.grpc.StatusRuntimeException: UNAVAILABLE: io exception
2025-10-10 10:40:00,996 [aa9634f0-8836-44d6-bc05-5b19fbdd93d5@group-813C05265458-LeaderElection244] INFO  impl.LeaderElection (LeaderElection.java:logAndReturn(206)) - aa9634f0-8836-44d6-bc05-5b19fbdd93d5@group-813C05265458-LeaderElection244: PRE_VOTE REJECTED received 0 response(s) and 2 exception(s):
2025-10-10 10:40:00,996 [aa9634f0-8836-44d6-bc05-5b19fbdd93d5@group-813C05265458-LeaderElection244] INFO  impl.LeaderElection (LogUtils.java:infoOrTrace(142)) -   Exception 0: java.util.concurrent.ExecutionException: org.apache.ratis.thirdparty.io.grpc.StatusRuntimeException: UNAVAILABLE: io exception
2025-10-10 10:40:00,996 [aa9634f0-8836-44d6-bc05-5b19fbdd93d5@group-813C05265458-LeaderElection244] INFO  impl.LeaderElection (LogUtils.java:infoOrTrace(142)) -   Exception 1: java.util.concurrent.ExecutionException: org.apache.ratis.thirdparty.io.grpc.StatusRuntimeException: UNAVAILABLE: io exception
2025-10-10 10:40:00,996 [aa9634f0-8836-44d6-bc05-5b19fbdd93d5@group-813C05265458-LeaderElection244] INFO  impl.LeaderElection (LeaderElection.java:askForVotes(450)) - aa9634f0-8836-44d6-bc05-5b19fbdd93d5@group-813C05265458-LeaderElection244 PRE_VOTE round 0: result REJECTED
2025-10-10 10:40:00,996 [aa9634f0-8836-44d6-bc05-5b19fbdd93d5@group-813C05265458-LeaderElection244] INFO  server.RaftServer$Division (RaftServerImpl.java:setRole(392)) - aa9634f0-8836-44d6-bc05-5b19fbdd93d5@group-813C05265458: changes role from CANDIDATE to FOLLOWER at term 1 for REJECTED
2025-10-10 10:40:00,996 [aa9634f0-8836-44d6-bc05-5b19fbdd93d5@group-813C05265458-LeaderElection244] INFO  impl.RoleInfo (RoleInfo.java:shutdownLeaderElection(141)) - aa9634f0-8836-44d6-bc05-5b19fbdd93d5: shutdown aa9634f0-8836-44d6-bc05-5b19fbdd93d5@group-813C05265458-LeaderElection244
2025-10-10 10:40:00,996 [aa9634f0-8836-44d6-bc05-5b19fbdd93d5@group-813C05265458-LeaderElection244] INFO  impl.RoleInfo (RoleInfo.java:updateAndGet(148)) - aa9634f0-8836-44d6-bc05-5b19fbdd93d5: start aa9634f0-8836-44d6-bc05-5b19fbdd93d5@group-813C05265458-FollowerState
2025-10-10 10:40:01,618 [aa9634f0-8836-44d6-bc05-5b19fbdd93d5@group-6EF60CB14872-FollowerState] INFO  impl.FollowerState (FollowerState.java:runImpl(161)) - aa9634f0-8836-44d6-bc05-5b19fbdd93d5@group-6EF60CB14872-FollowerState: change to CANDIDATE, lastRpcElapsedTime:1132251049ns, electionTimeout:1132ms
2025-10-10 10:40:01,618 [aa9634f0-8836-44d6-bc05-5b19fbdd93d5@group-6EF60CB14872-FollowerState] INFO  impl.RoleInfo (RoleInfo.java:shutdownFollowerState(121)) - aa9634f0-8836-44d6-bc05-5b19fbdd93d5: shutdown aa9634f0-8836-44d6-bc05-5b19fbdd93d5@group-6EF60CB14872-FollowerState
2025-10-10 10:40:01,618 [aa9634f0-8836-44d6-bc05-5b19fbdd93d5@group-6EF60CB14872-FollowerState] INFO  server.RaftServer$Division (RaftServerImpl.java:setRole(392)) - aa9634f0-8836-44d6-bc05-5b19fbdd93d5@group-6EF60CB14872: changes role from  FOLLOWER to CANDIDATE at term 5 for changeToCandidate
2025-10-10 10:40:01,618 [aa9634f0-8836-44d6-bc05-5b19fbdd93d5@group-6EF60CB14872-FollowerState] INFO  impl.RoleInfo (RoleInfo.java:updateAndGet(148)) - aa9634f0-8836-44d6-bc05-5b19fbdd93d5: start aa9634f0-8836-44d6-bc05-5b19fbdd93d5@group-6EF60CB14872-LeaderElection245
2025-10-10 10:40:01,618 [aa9634f0-8836-44d6-bc05-5b19fbdd93d5@group-6EF60CB14872-LeaderElection245] INFO  impl.LeaderElection (LeaderElection.java:askForVotes(448)) - aa9634f0-8836-44d6-bc05-5b19fbdd93d5@group-6EF60CB14872-LeaderElection245 PRE_VOTE round 0: submit vote requests at term 5 for conf: {index: 20, cur=peers:[aa9634f0-8836-44d6-bc05-5b19fbdd93d5|127.0.0.1:15063, 36185c6b-22ce-45d1-a622-3a6b487a5a53|127.0.0.1:15071, 895d447a-5476-42e4-b2fa-6eb687701d46|127.0.0.1:15079]|listeners:[], old=null}
2025-10-10 10:40:01,619 [aa9634f0-8836-44d6-bc05-5b19fbdd93d5@group-6EF60CB14872-LeaderElection245] INFO  impl.LeaderElection (LogUtils.java:infoOrTrace(142)) - aa9634f0-8836-44d6-bc05-5b19fbdd93d5@group-6EF60CB14872-LeaderElection245 got exception when requesting votes: java.util.concurrent.ExecutionException: org.apache.ratis.thirdparty.io.grpc.StatusRuntimeException: UNAVAILABLE: io exception
2025-10-10 10:40:01,619 [aa9634f0-8836-44d6-bc05-5b19fbdd93d5@group-6EF60CB14872-LeaderElection245] INFO  impl.LeaderElection (LogUtils.java:infoOrTrace(142)) - aa9634f0-8836-44d6-bc05-5b19fbdd93d5@group-6EF60CB14872-LeaderElection245 got exception when requesting votes: java.util.concurrent.ExecutionException: org.apache.ratis.thirdparty.io.grpc.StatusRuntimeException: UNAVAILABLE: io exception
2025-10-10 10:40:01,619 [aa9634f0-8836-44d6-bc05-5b19fbdd93d5@group-6EF60CB14872-LeaderElection245] INFO  impl.LeaderElection (LeaderElection.java:logAndReturn(206)) - aa9634f0-8836-44d6-bc05-5b19fbdd93d5@group-6EF60CB14872-LeaderElection245: PRE_VOTE REJECTED received 0 response(s) and 2 exception(s):
2025-10-10 10:40:01,619 [aa9634f0-8836-44d6-bc05-5b19fbdd93d5@group-6EF60CB14872-LeaderElection245] INFO  impl.LeaderElection (LogUtils.java:infoOrTrace(142)) -   Exception 0: java.util.concurrent.ExecutionException: org.apache.ratis.thirdparty.io.grpc.StatusRuntimeException: UNAVAILABLE: io exception
2025-10-10 10:40:01,619 [aa9634f0-8836-44d6-bc05-5b19fbdd93d5@group-6EF60CB14872-LeaderElection245] INFO  impl.LeaderElection (LogUtils.java:infoOrTrace(142)) -   Exception 1: java.util.concurrent.ExecutionException: org.apache.ratis.thirdparty.io.grpc.StatusRuntimeException: UNAVAILABLE: io exception
2025-10-10 10:40:01,619 [aa9634f0-8836-44d6-bc05-5b19fbdd93d5@group-6EF60CB14872-LeaderElection245] INFO  impl.LeaderElection (LeaderElection.java:askForVotes(450)) - aa9634f0-8836-44d6-bc05-5b19fbdd93d5@group-6EF60CB14872-LeaderElection245 PRE_VOTE round 0: result REJECTED
2025-10-10 10:40:01,619 [aa9634f0-8836-44d6-bc05-5b19fbdd93d5@group-6EF60CB14872-LeaderElection245] INFO  server.RaftServer$Division (RaftServerImpl.java:setRole(392)) - aa9634f0-8836-44d6-bc05-5b19fbdd93d5@group-6EF60CB14872: changes role from CANDIDATE to FOLLOWER at term 5 for REJECTED
2025-10-10 10:40:01,619 [aa9634f0-8836-44d6-bc05-5b19fbdd93d5@group-6EF60CB14872-LeaderElection245] INFO  impl.RoleInfo (RoleInfo.java:shutdownLeaderElection(141)) - aa9634f0-8836-44d6-bc05-5b19fbdd93d5: shutdown aa9634f0-8836-44d6-bc05-5b19fbdd93d5@group-6EF60CB14872-LeaderElection245
2025-10-10 10:40:01,619 [aa9634f0-8836-44d6-bc05-5b19fbdd93d5@group-6EF60CB14872-LeaderElection245] INFO  impl.RoleInfo (RoleInfo.java:updateAndGet(148)) - aa9634f0-8836-44d6-bc05-5b19fbdd93d5: start aa9634f0-8836-44d6-bc05-5b19fbdd93d5@group-6EF60CB14872-FollowerState
2025-10-10 10:40:02,048 [aa9634f0-8836-44d6-bc05-5b19fbdd93d5@group-813C05265458-FollowerState] INFO  impl.FollowerState (FollowerState.java:runImpl(161)) - aa9634f0-8836-44d6-bc05-5b19fbdd93d5@group-813C05265458-FollowerState: change to CANDIDATE, lastRpcElapsedTime:1052268736ns, electionTimeout:1052ms
2025-10-10 10:40:02,048 [aa9634f0-8836-44d6-bc05-5b19fbdd93d5@group-813C05265458-FollowerState] INFO  impl.RoleInfo (RoleInfo.java:shutdownFollowerState(121)) - aa9634f0-8836-44d6-bc05-5b19fbdd93d5: shutdown aa9634f0-8836-44d6-bc05-5b19fbdd93d5@group-813C05265458-FollowerState
2025-10-10 10:40:02,049 [aa9634f0-8836-44d6-bc05-5b19fbdd93d5@group-813C05265458-FollowerState] INFO  server.RaftServer$Division (RaftServerImpl.java:setRole(392)) - aa9634f0-8836-44d6-bc05-5b19fbdd93d5@group-813C05265458: changes role from  FOLLOWER to CANDIDATE at term 1 for changeToCandidate
2025-10-10 10:40:02,049 [aa9634f0-8836-44d6-bc05-5b19fbdd93d5@group-813C05265458-FollowerState] INFO  impl.RoleInfo (RoleInfo.java:updateAndGet(148)) - aa9634f0-8836-44d6-bc05-5b19fbdd93d5: start aa9634f0-8836-44d6-bc05-5b19fbdd93d5@group-813C05265458-LeaderElection246
2025-10-10 10:40:02,049 [aa9634f0-8836-44d6-bc05-5b19fbdd93d5@group-813C05265458-LeaderElection246] INFO  impl.LeaderElection (LeaderElection.java:askForVotes(448)) - aa9634f0-8836-44d6-bc05-5b19fbdd93d5@group-813C05265458-LeaderElection246 PRE_VOTE round 0: submit vote requests at term 1 for conf: {index: 0, cur=peers:[aa9634f0-8836-44d6-bc05-5b19fbdd93d5|127.0.0.1:15063, 36185c6b-22ce-45d1-a622-3a6b487a5a53|127.0.0.1:15071, 895d447a-5476-42e4-b2fa-6eb687701d46|127.0.0.1:15079]|listeners:[], old=null}
2025-10-10 10:40:02,049 [aa9634f0-8836-44d6-bc05-5b19fbdd93d5@group-813C05265458-LeaderElection246] INFO  impl.LeaderElection (LogUtils.java:infoOrTrace(142)) - aa9634f0-8836-44d6-bc05-5b19fbdd93d5@group-813C05265458-LeaderElection246 got exception when requesting votes: java.util.concurrent.ExecutionException: org.apache.ratis.thirdparty.io.grpc.StatusRuntimeException: UNAVAILABLE: io exception
2025-10-10 10:40:02,049 [aa9634f0-8836-44d6-bc05-5b19fbdd93d5@group-813C05265458-LeaderElection246] INFO  impl.LeaderElection (LogUtils.java:infoOrTrace(142)) - aa9634f0-8836-44d6-bc05-5b19fbdd93d5@group-813C05265458-LeaderElection246 got exception when requesting votes: java.util.concurrent.ExecutionException: org.apache.ratis.thirdparty.io.grpc.StatusRuntimeException: UNAVAILABLE: io exception
2025-10-10 10:40:02,049 [aa9634f0-8836-44d6-bc05-5b19fbdd93d5@group-813C05265458-LeaderElection246] INFO  impl.LeaderElection (LeaderElection.java:logAndReturn(206)) - aa9634f0-8836-44d6-bc05-5b19fbdd93d5@group-813C05265458-LeaderElection246: PRE_VOTE REJECTED received 0 response(s) and 2 exception(s):
2025-10-10 10:40:02,049 [aa9634f0-8836-44d6-bc05-5b19fbdd93d5@group-813C05265458-LeaderElection246] INFO  impl.LeaderElection (LogUtils.java:infoOrTrace(142)) -   Exception 0: java.util.concurrent.ExecutionException: org.apache.ratis.thirdparty.io.grpc.StatusRuntimeException: UNAVAILABLE: io exception
2025-10-10 10:40:02,049 [aa9634f0-8836-44d6-bc05-5b19fbdd93d5@group-813C05265458-LeaderElection246] INFO  impl.LeaderElection (LogUtils.java:infoOrTrace(142)) -   Exception 1: java.util.concurrent.ExecutionException: org.apache.ratis.thirdparty.io.grpc.StatusRuntimeException: UNAVAILABLE: io exception
2025-10-10 10:40:02,050 [aa9634f0-8836-44d6-bc05-5b19fbdd93d5@group-813C05265458-LeaderElection246] INFO  impl.LeaderElection (LeaderElection.java:askForVotes(450)) - aa9634f0-8836-44d6-bc05-5b19fbdd93d5@group-813C05265458-LeaderElection246 PRE_VOTE round 0: result REJECTED
2025-10-10 10:40:02,050 [aa9634f0-8836-44d6-bc05-5b19fbdd93d5@group-813C05265458-LeaderElection246] INFO  server.RaftServer$Division (RaftServerImpl.java:setRole(392)) - aa9634f0-8836-44d6-bc05-5b19fbdd93d5@group-813C05265458: changes role from CANDIDATE to FOLLOWER at term 1 for REJECTED
2025-10-10 10:40:02,050 [aa9634f0-8836-44d6-bc05-5b19fbdd93d5@group-813C05265458-LeaderElection246] INFO  impl.RoleInfo (RoleInfo.java:shutdownLeaderElection(141)) - aa9634f0-8836-44d6-bc05-5b19fbdd93d5: shutdown aa9634f0-8836-44d6-bc05-5b19fbdd93d5@group-813C05265458-LeaderElection246
2025-10-10 10:40:02,050 [aa9634f0-8836-44d6-bc05-5b19fbdd93d5@group-813C05265458-LeaderElection246] INFO  impl.RoleInfo (RoleInfo.java:updateAndGet(148)) - aa9634f0-8836-44d6-bc05-5b19fbdd93d5: start aa9634f0-8836-44d6-bc05-5b19fbdd93d5@group-813C05265458-FollowerState
2025-10-10 10:40:02,728 [aa9634f0-8836-44d6-bc05-5b19fbdd93d5@group-6EF60CB14872-FollowerState] INFO  impl.FollowerState (FollowerState.java:runImpl(161)) - aa9634f0-8836-44d6-bc05-5b19fbdd93d5@group-6EF60CB14872-FollowerState: change to CANDIDATE, lastRpcElapsedTime:1109306956ns, electionTimeout:1109ms
2025-10-10 10:40:02,728 [aa9634f0-8836-44d6-bc05-5b19fbdd93d5@group-6EF60CB14872-FollowerState] INFO  impl.RoleInfo (RoleInfo.java:shutdownFollowerState(121)) - aa9634f0-8836-44d6-bc05-5b19fbdd93d5: shutdown aa9634f0-8836-44d6-bc05-5b19fbdd93d5@group-6EF60CB14872-FollowerState
2025-10-10 10:40:02,728 [aa9634f0-8836-44d6-bc05-5b19fbdd93d5@group-6EF60CB14872-FollowerState] INFO  server.RaftServer$Division (RaftServerImpl.java:setRole(392)) - aa9634f0-8836-44d6-bc05-5b19fbdd93d5@group-6EF60CB14872: changes role from  FOLLOWER to CANDIDATE at term 5 for changeToCandidate
2025-10-10 10:40:02,729 [aa9634f0-8836-44d6-bc05-5b19fbdd93d5@group-6EF60CB14872-FollowerState] INFO  impl.RoleInfo (RoleInfo.java:updateAndGet(148)) - aa9634f0-8836-44d6-bc05-5b19fbdd93d5: start aa9634f0-8836-44d6-bc05-5b19fbdd93d5@group-6EF60CB14872-LeaderElection247
2025-10-10 10:40:02,729 [aa9634f0-8836-44d6-bc05-5b19fbdd93d5@group-6EF60CB14872-LeaderElection247] INFO  impl.LeaderElection (LeaderElection.java:askForVotes(448)) - aa9634f0-8836-44d6-bc05-5b19fbdd93d5@group-6EF60CB14872-LeaderElection247 PRE_VOTE round 0: submit vote requests at term 5 for conf: {index: 20, cur=peers:[aa9634f0-8836-44d6-bc05-5b19fbdd93d5|127.0.0.1:15063, 36185c6b-22ce-45d1-a622-3a6b487a5a53|127.0.0.1:15071, 895d447a-5476-42e4-b2fa-6eb687701d46|127.0.0.1:15079]|listeners:[], old=null}
2025-10-10 10:40:02,729 [aa9634f0-8836-44d6-bc05-5b19fbdd93d5@group-6EF60CB14872-LeaderElection247] INFO  impl.LeaderElection (LogUtils.java:infoOrTrace(142)) - aa9634f0-8836-44d6-bc05-5b19fbdd93d5@group-6EF60CB14872-LeaderElection247 got exception when requesting votes: java.util.concurrent.ExecutionException: org.apache.ratis.thirdparty.io.grpc.StatusRuntimeException: UNAVAILABLE: io exception
2025-10-10 10:40:02,730 [aa9634f0-8836-44d6-bc05-5b19fbdd93d5@group-6EF60CB14872-LeaderElection247] INFO  impl.LeaderElection (LogUtils.java:infoOrTrace(142)) - aa9634f0-8836-44d6-bc05-5b19fbdd93d5@group-6EF60CB14872-LeaderElection247 got exception when requesting votes: java.util.concurrent.ExecutionException: org.apache.ratis.thirdparty.io.grpc.StatusRuntimeException: UNAVAILABLE: io exception
2025-10-10 10:40:02,730 [aa9634f0-8836-44d6-bc05-5b19fbdd93d5@group-6EF60CB14872-LeaderElection247] INFO  impl.LeaderElection (LeaderElection.java:logAndReturn(206)) - aa9634f0-8836-44d6-bc05-5b19fbdd93d5@group-6EF60CB14872-LeaderElection247: PRE_VOTE REJECTED received 0 response(s) and 2 exception(s):
2025-10-10 10:40:02,730 [aa9634f0-8836-44d6-bc05-5b19fbdd93d5@group-6EF60CB14872-LeaderElection247] INFO  impl.LeaderElection (LogUtils.java:infoOrTrace(142)) -   Exception 0: java.util.concurrent.ExecutionException: org.apache.ratis.thirdparty.io.grpc.StatusRuntimeException: UNAVAILABLE: io exception
2025-10-10 10:40:02,730 [aa9634f0-8836-44d6-bc05-5b19fbdd93d5@group-6EF60CB14872-LeaderElection247] INFO  impl.LeaderElection (LogUtils.java:infoOrTrace(142)) -   Exception 1: java.util.concurrent.ExecutionException: org.apache.ratis.thirdparty.io.grpc.StatusRuntimeException: UNAVAILABLE: io exception
2025-10-10 10:40:02,730 [aa9634f0-8836-44d6-bc05-5b19fbdd93d5@group-6EF60CB14872-LeaderElection247] INFO  impl.LeaderElection (LeaderElection.java:askForVotes(450)) - aa9634f0-8836-44d6-bc05-5b19fbdd93d5@group-6EF60CB14872-LeaderElection247 PRE_VOTE round 0: result REJECTED
2025-10-10 10:40:02,730 [aa9634f0-8836-44d6-bc05-5b19fbdd93d5@group-6EF60CB14872-LeaderElection247] INFO  server.RaftServer$Division (RaftServerImpl.java:setRole(392)) - aa9634f0-8836-44d6-bc05-5b19fbdd93d5@group-6EF60CB14872: changes role from CANDIDATE to FOLLOWER at term 5 for REJECTED
2025-10-10 10:40:02,730 [aa9634f0-8836-44d6-bc05-5b19fbdd93d5@group-6EF60CB14872-LeaderElection247] INFO  impl.RoleInfo (RoleInfo.java:shutdownLeaderElection(141)) - aa9634f0-8836-44d6-bc05-5b19fbdd93d5: shutdown aa9634f0-8836-44d6-bc05-5b19fbdd93d5@group-6EF60CB14872-LeaderElection247
2025-10-10 10:40:02,730 [aa9634f0-8836-44d6-bc05-5b19fbdd93d5@group-6EF60CB14872-LeaderElection247] INFO  impl.RoleInfo (RoleInfo.java:updateAndGet(148)) - aa9634f0-8836-44d6-bc05-5b19fbdd93d5: start aa9634f0-8836-44d6-bc05-5b19fbdd93d5@group-6EF60CB14872-FollowerState
2025-10-10 10:40:03,138 [aa9634f0-8836-44d6-bc05-5b19fbdd93d5@group-813C05265458-FollowerState] INFO  impl.FollowerState (FollowerState.java:runImpl(161)) - aa9634f0-8836-44d6-bc05-5b19fbdd93d5@group-813C05265458-FollowerState: change to CANDIDATE, lastRpcElapsedTime:1088260688ns, electionTimeout:1088ms
2025-10-10 10:40:03,138 [aa9634f0-8836-44d6-bc05-5b19fbdd93d5@group-813C05265458-FollowerState] INFO  impl.RoleInfo (RoleInfo.java:shutdownFollowerState(121)) - aa9634f0-8836-44d6-bc05-5b19fbdd93d5: shutdown aa9634f0-8836-44d6-bc05-5b19fbdd93d5@group-813C05265458-FollowerState
2025-10-10 10:40:03,138 [aa9634f0-8836-44d6-bc05-5b19fbdd93d5@group-813C05265458-FollowerState] INFO  server.RaftServer$Division (RaftServerImpl.java:setRole(392)) - aa9634f0-8836-44d6-bc05-5b19fbdd93d5@group-813C05265458: changes role from  FOLLOWER to CANDIDATE at term 1 for changeToCandidate
2025-10-10 10:40:03,138 [aa9634f0-8836-44d6-bc05-5b19fbdd93d5@group-813C05265458-FollowerState] INFO  impl.RoleInfo (RoleInfo.java:updateAndGet(148)) - aa9634f0-8836-44d6-bc05-5b19fbdd93d5: start aa9634f0-8836-44d6-bc05-5b19fbdd93d5@group-813C05265458-LeaderElection248
2025-10-10 10:40:03,139 [aa9634f0-8836-44d6-bc05-5b19fbdd93d5@group-813C05265458-LeaderElection248] INFO  impl.LeaderElection (LeaderElection.java:askForVotes(448)) - aa9634f0-8836-44d6-bc05-5b19fbdd93d5@group-813C05265458-LeaderElection248 PRE_VOTE round 0: submit vote requests at term 1 for conf: {index: 0, cur=peers:[aa9634f0-8836-44d6-bc05-5b19fbdd93d5|127.0.0.1:15063, 36185c6b-22ce-45d1-a622-3a6b487a5a53|127.0.0.1:15071, 895d447a-5476-42e4-b2fa-6eb687701d46|127.0.0.1:15079]|listeners:[], old=null}
2025-10-10 10:40:03,139 [aa9634f0-8836-44d6-bc05-5b19fbdd93d5@group-813C05265458-LeaderElection248] INFO  impl.LeaderElection (LogUtils.java:infoOrTrace(142)) - aa9634f0-8836-44d6-bc05-5b19fbdd93d5@group-813C05265458-LeaderElection248 got exception when requesting votes: java.util.concurrent.ExecutionException: org.apache.ratis.thirdparty.io.grpc.StatusRuntimeException: UNAVAILABLE: io exception
2025-10-10 10:40:03,139 [aa9634f0-8836-44d6-bc05-5b19fbdd93d5@group-813C05265458-LeaderElection248] INFO  impl.LeaderElection (LogUtils.java:infoOrTrace(142)) - aa9634f0-8836-44d6-bc05-5b19fbdd93d5@group-813C05265458-LeaderElection248 got exception when requesting votes: java.util.concurrent.ExecutionException: org.apache.ratis.thirdparty.io.grpc.StatusRuntimeException: UNAVAILABLE: io exception
2025-10-10 10:40:03,139 [aa9634f0-8836-44d6-bc05-5b19fbdd93d5@group-813C05265458-LeaderElection248] INFO  impl.LeaderElection (LeaderElection.java:logAndReturn(206)) - aa9634f0-8836-44d6-bc05-5b19fbdd93d5@group-813C05265458-LeaderElection248: PRE_VOTE REJECTED received 0 response(s) and 2 exception(s):
2025-10-10 10:40:03,139 [aa9634f0-8836-44d6-bc05-5b19fbdd93d5@group-813C05265458-LeaderElection248] INFO  impl.LeaderElection (LogUtils.java:infoOrTrace(142)) -   Exception 0: java.util.concurrent.ExecutionException: org.apache.ratis.thirdparty.io.grpc.StatusRuntimeException: UNAVAILABLE: io exception
2025-10-10 10:40:03,139 [aa9634f0-8836-44d6-bc05-5b19fbdd93d5@group-813C05265458-LeaderElection248] INFO  impl.LeaderElection (LogUtils.java:infoOrTrace(142)) -   Exception 1: java.util.concurrent.ExecutionException: org.apache.ratis.thirdparty.io.grpc.StatusRuntimeException: UNAVAILABLE: io exception
2025-10-10 10:40:03,139 [aa9634f0-8836-44d6-bc05-5b19fbdd93d5@group-813C05265458-LeaderElection248] INFO  impl.LeaderElection (LeaderElection.java:askForVotes(450)) - aa9634f0-8836-44d6-bc05-5b19fbdd93d5@group-813C05265458-LeaderElection248 PRE_VOTE round 0: result REJECTED
2025-10-10 10:40:03,139 [aa9634f0-8836-44d6-bc05-5b19fbdd93d5@group-813C05265458-LeaderElection248] INFO  server.RaftServer$Division (RaftServerImpl.java:setRole(392)) - aa9634f0-8836-44d6-bc05-5b19fbdd93d5@group-813C05265458: changes role from CANDIDATE to FOLLOWER at term 1 for REJECTED
2025-10-10 10:40:03,139 [aa9634f0-8836-44d6-bc05-5b19fbdd93d5@group-813C05265458-LeaderElection248] INFO  impl.RoleInfo (RoleInfo.java:shutdownLeaderElection(141)) - aa9634f0-8836-44d6-bc05-5b19fbdd93d5: shutdown aa9634f0-8836-44d6-bc05-5b19fbdd93d5@group-813C05265458-LeaderElection248
2025-10-10 10:40:03,140 [aa9634f0-8836-44d6-bc05-5b19fbdd93d5@group-813C05265458-LeaderElection248] INFO  impl.RoleInfo (RoleInfo.java:updateAndGet(148)) - aa9634f0-8836-44d6-bc05-5b19fbdd93d5: start aa9634f0-8836-44d6-bc05-5b19fbdd93d5@group-813C05265458-FollowerState
2025-10-10 10:40:03,796 [aa9634f0-8836-44d6-bc05-5b19fbdd93d5@group-6EF60CB14872-FollowerState] INFO  impl.FollowerState (FollowerState.java:runImpl(161)) - aa9634f0-8836-44d6-bc05-5b19fbdd93d5@group-6EF60CB14872-FollowerState: change to CANDIDATE, lastRpcElapsedTime:1065794064ns, electionTimeout:1065ms
2025-10-10 10:40:03,796 [aa9634f0-8836-44d6-bc05-5b19fbdd93d5@group-6EF60CB14872-FollowerState] INFO  impl.RoleInfo (RoleInfo.java:shutdownFollowerState(121)) - aa9634f0-8836-44d6-bc05-5b19fbdd93d5: shutdown aa9634f0-8836-44d6-bc05-5b19fbdd93d5@group-6EF60CB14872-FollowerState
2025-10-10 10:40:03,796 [aa9634f0-8836-44d6-bc05-5b19fbdd93d5@group-6EF60CB14872-FollowerState] INFO  server.RaftServer$Division (RaftServerImpl.java:setRole(392)) - aa9634f0-8836-44d6-bc05-5b19fbdd93d5@group-6EF60CB14872: changes role from  FOLLOWER to CANDIDATE at term 5 for changeToCandidate
2025-10-10 10:40:03,796 [aa9634f0-8836-44d6-bc05-5b19fbdd93d5@group-6EF60CB14872-FollowerState] INFO  impl.RoleInfo (RoleInfo.java:updateAndGet(148)) - aa9634f0-8836-44d6-bc05-5b19fbdd93d5: start aa9634f0-8836-44d6-bc05-5b19fbdd93d5@group-6EF60CB14872-LeaderElection249
2025-10-10 10:40:03,796 [aa9634f0-8836-44d6-bc05-5b19fbdd93d5@group-6EF60CB14872-LeaderElection249] INFO  impl.LeaderElection (LeaderElection.java:askForVotes(448)) - aa9634f0-8836-44d6-bc05-5b19fbdd93d5@group-6EF60CB14872-LeaderElection249 PRE_VOTE round 0: submit vote requests at term 5 for conf: {index: 20, cur=peers:[aa9634f0-8836-44d6-bc05-5b19fbdd93d5|127.0.0.1:15063, 36185c6b-22ce-45d1-a622-3a6b487a5a53|127.0.0.1:15071, 895d447a-5476-42e4-b2fa-6eb687701d46|127.0.0.1:15079]|listeners:[], old=null}
2025-10-10 10:40:03,797 [aa9634f0-8836-44d6-bc05-5b19fbdd93d5@group-6EF60CB14872-LeaderElection249] INFO  impl.LeaderElection (LogUtils.java:infoOrTrace(142)) - aa9634f0-8836-44d6-bc05-5b19fbdd93d5@group-6EF60CB14872-LeaderElection249 got exception when requesting votes: java.util.concurrent.ExecutionException: org.apache.ratis.thirdparty.io.grpc.StatusRuntimeException: UNAVAILABLE: io exception
2025-10-10 10:40:03,797 [aa9634f0-8836-44d6-bc05-5b19fbdd93d5@group-6EF60CB14872-LeaderElection249] INFO  impl.LeaderElection (LogUtils.java:infoOrTrace(142)) - aa9634f0-8836-44d6-bc05-5b19fbdd93d5@group-6EF60CB14872-LeaderElection249 got exception when requesting votes: java.util.concurrent.ExecutionException: org.apache.ratis.thirdparty.io.grpc.StatusRuntimeException: UNAVAILABLE: io exception
2025-10-10 10:40:03,797 [aa9634f0-8836-44d6-bc05-5b19fbdd93d5@group-6EF60CB14872-LeaderElection249] INFO  impl.LeaderElection (LeaderElection.java:logAndReturn(206)) - aa9634f0-8836-44d6-bc05-5b19fbdd93d5@group-6EF60CB14872-LeaderElection249: PRE_VOTE REJECTED received 0 response(s) and 2 exception(s):
2025-10-10 10:40:03,797 [aa9634f0-8836-44d6-bc05-5b19fbdd93d5@group-6EF60CB14872-LeaderElection249] INFO  impl.LeaderElection (LogUtils.java:infoOrTrace(142)) -   Exception 0: java.util.concurrent.ExecutionException: org.apache.ratis.thirdparty.io.grpc.StatusRuntimeException: UNAVAILABLE: io exception
2025-10-10 10:40:03,797 [aa9634f0-8836-44d6-bc05-5b19fbdd93d5@group-6EF60CB14872-LeaderElection249] INFO  impl.LeaderElection (LogUtils.java:infoOrTrace(142)) -   Exception 1: java.util.concurrent.ExecutionException: org.apache.ratis.thirdparty.io.grpc.StatusRuntimeException: UNAVAILABLE: io exception
2025-10-10 10:40:03,797 [aa9634f0-8836-44d6-bc05-5b19fbdd93d5@group-6EF60CB14872-LeaderElection249] INFO  impl.LeaderElection (LeaderElection.java:askForVotes(450)) - aa9634f0-8836-44d6-bc05-5b19fbdd93d5@group-6EF60CB14872-LeaderElection249 PRE_VOTE round 0: result REJECTED
2025-10-10 10:40:03,797 [aa9634f0-8836-44d6-bc05-5b19fbdd93d5@group-6EF60CB14872-LeaderElection249] INFO  server.RaftServer$Division (RaftServerImpl.java:setRole(392)) - aa9634f0-8836-44d6-bc05-5b19fbdd93d5@group-6EF60CB14872: changes role from CANDIDATE to FOLLOWER at term 5 for REJECTED
2025-10-10 10:40:03,797 [aa9634f0-8836-44d6-bc05-5b19fbdd93d5@group-6EF60CB14872-LeaderElection249] INFO  impl.RoleInfo (RoleInfo.java:shutdownLeaderElection(141)) - aa9634f0-8836-44d6-bc05-5b19fbdd93d5: shutdown aa9634f0-8836-44d6-bc05-5b19fbdd93d5@group-6EF60CB14872-LeaderElection249
2025-10-10 10:40:03,797 [aa9634f0-8836-44d6-bc05-5b19fbdd93d5@group-6EF60CB14872-LeaderElection249] INFO  impl.RoleInfo (RoleInfo.java:updateAndGet(148)) - aa9634f0-8836-44d6-bc05-5b19fbdd93d5: start aa9634f0-8836-44d6-bc05-5b19fbdd93d5@group-6EF60CB14872-FollowerState
2025-10-10 10:40:04,323 [aa9634f0-8836-44d6-bc05-5b19fbdd93d5@group-813C05265458-FollowerState] INFO  impl.FollowerState (FollowerState.java:runImpl(161)) - aa9634f0-8836-44d6-bc05-5b19fbdd93d5@group-813C05265458-FollowerState: change to CANDIDATE, lastRpcElapsedTime:1183459434ns, electionTimeout:1183ms
2025-10-10 10:40:04,323 [aa9634f0-8836-44d6-bc05-5b19fbdd93d5@group-813C05265458-FollowerState] INFO  impl.RoleInfo (RoleInfo.java:shutdownFollowerState(121)) - aa9634f0-8836-44d6-bc05-5b19fbdd93d5: shutdown aa9634f0-8836-44d6-bc05-5b19fbdd93d5@group-813C05265458-FollowerState
2025-10-10 10:40:04,323 [aa9634f0-8836-44d6-bc05-5b19fbdd93d5@group-813C05265458-FollowerState] INFO  server.RaftServer$Division (RaftServerImpl.java:setRole(392)) - aa9634f0-8836-44d6-bc05-5b19fbdd93d5@group-813C05265458: changes role from  FOLLOWER to CANDIDATE at term 1 for changeToCandidate
2025-10-10 10:40:04,323 [aa9634f0-8836-44d6-bc05-5b19fbdd93d5@group-813C05265458-FollowerState] INFO  impl.RoleInfo (RoleInfo.java:updateAndGet(148)) - aa9634f0-8836-44d6-bc05-5b19fbdd93d5: start aa9634f0-8836-44d6-bc05-5b19fbdd93d5@group-813C05265458-LeaderElection250
2025-10-10 10:40:04,324 [aa9634f0-8836-44d6-bc05-5b19fbdd93d5@group-813C05265458-LeaderElection250] INFO  impl.LeaderElection (LeaderElection.java:askForVotes(448)) - aa9634f0-8836-44d6-bc05-5b19fbdd93d5@group-813C05265458-LeaderElection250 PRE_VOTE round 0: submit vote requests at term 1 for conf: {index: 0, cur=peers:[aa9634f0-8836-44d6-bc05-5b19fbdd93d5|127.0.0.1:15063, 36185c6b-22ce-45d1-a622-3a6b487a5a53|127.0.0.1:15071, 895d447a-5476-42e4-b2fa-6eb687701d46|127.0.0.1:15079]|listeners:[], old=null}
2025-10-10 10:40:04,324 [aa9634f0-8836-44d6-bc05-5b19fbdd93d5@group-813C05265458-LeaderElection250] INFO  impl.LeaderElection (LogUtils.java:infoOrTrace(142)) - aa9634f0-8836-44d6-bc05-5b19fbdd93d5@group-813C05265458-LeaderElection250 got exception when requesting votes: java.util.concurrent.ExecutionException: org.apache.ratis.thirdparty.io.grpc.StatusRuntimeException: UNAVAILABLE: io exception
2025-10-10 10:40:04,324 [aa9634f0-8836-44d6-bc05-5b19fbdd93d5@group-813C05265458-LeaderElection250] INFO  impl.LeaderElection (LogUtils.java:infoOrTrace(142)) - aa9634f0-8836-44d6-bc05-5b19fbdd93d5@group-813C05265458-LeaderElection250 got exception when requesting votes: java.util.concurrent.ExecutionException: org.apache.ratis.thirdparty.io.grpc.StatusRuntimeException: UNAVAILABLE: io exception
2025-10-10 10:40:04,324 [aa9634f0-8836-44d6-bc05-5b19fbdd93d5@group-813C05265458-LeaderElection250] INFO  impl.LeaderElection (LeaderElection.java:logAndReturn(206)) - aa9634f0-8836-44d6-bc05-5b19fbdd93d5@group-813C05265458-LeaderElection250: PRE_VOTE REJECTED received 0 response(s) and 2 exception(s):
2025-10-10 10:40:04,324 [aa9634f0-8836-44d6-bc05-5b19fbdd93d5@group-813C05265458-LeaderElection250] INFO  impl.LeaderElection (LogUtils.java:infoOrTrace(142)) -   Exception 0: java.util.concurrent.ExecutionException: org.apache.ratis.thirdparty.io.grpc.StatusRuntimeException: UNAVAILABLE: io exception
2025-10-10 10:40:04,324 [aa9634f0-8836-44d6-bc05-5b19fbdd93d5@group-813C05265458-LeaderElection250] INFO  impl.LeaderElection (LogUtils.java:infoOrTrace(142)) -   Exception 1: java.util.concurrent.ExecutionException: org.apache.ratis.thirdparty.io.grpc.StatusRuntimeException: UNAVAILABLE: io exception
2025-10-10 10:40:04,324 [aa9634f0-8836-44d6-bc05-5b19fbdd93d5@group-813C05265458-LeaderElection250] INFO  impl.LeaderElection (LeaderElection.java:askForVotes(450)) - aa9634f0-8836-44d6-bc05-5b19fbdd93d5@group-813C05265458-LeaderElection250 PRE_VOTE round 0: result REJECTED
2025-10-10 10:40:04,324 [aa9634f0-8836-44d6-bc05-5b19fbdd93d5@group-813C05265458-LeaderElection250] INFO  server.RaftServer$Division (RaftServerImpl.java:setRole(392)) - aa9634f0-8836-44d6-bc05-5b19fbdd93d5@group-813C05265458: changes role from CANDIDATE to FOLLOWER at term 1 for REJECTED
2025-10-10 10:40:04,325 [aa9634f0-8836-44d6-bc05-5b19fbdd93d5@group-813C05265458-LeaderElection250] INFO  impl.RoleInfo (RoleInfo.java:shutdownLeaderElection(141)) - aa9634f0-8836-44d6-bc05-5b19fbdd93d5: shutdown aa9634f0-8836-44d6-bc05-5b19fbdd93d5@group-813C05265458-LeaderElection250
2025-10-10 10:40:04,325 [aa9634f0-8836-44d6-bc05-5b19fbdd93d5@group-813C05265458-LeaderElection250] INFO  impl.RoleInfo (RoleInfo.java:updateAndGet(148)) - aa9634f0-8836-44d6-bc05-5b19fbdd93d5: start aa9634f0-8836-44d6-bc05-5b19fbdd93d5@group-813C05265458-FollowerState
2025-10-10 10:40:04,488 [grpc-default-executor-8] ERROR impl.OrderedAsync (OrderedAsync.java:lambda$null$6(215)) -  client-E1F90CE0EC34: Failed* RaftClientRequest:client-E1F90CE0EC34->895d447a-5476-42e4-b2fa-6eb687701d46@group-6EF60CB14872, cid=60, seq=6*, RW, cmdType: WriteChunk traceID: "" containerID: 8 datanodeUuid: "36185c6b-22ce-45d1-a622-3a6b487a5a53" writeChunk { blockID { containerID: 8 localID: 115816896921600008 blockCommitSequenceId: 16 replicaIndex: 0 } chunkData { chunkName: "115816896921600008_chunk_3" offset: 2097152 len: 524288 } } version: 3, data.size=524288
java.util.concurrent.CompletionException: java.io.IOException: org.apache.ratis.thirdparty.io.grpc.StatusRuntimeException: UNAVAILABLE: io exception
	at java.base/java.util.concurrent.CompletableFuture.encodeThrowable(CompletableFuture.java:332)
	at java.base/java.util.concurrent.CompletableFuture.completeThrowable(CompletableFuture.java:347)
	at java.base/java.util.concurrent.CompletableFuture$UniAccept.tryFire(CompletableFuture.java:708)
	at java.base/java.util.concurrent.CompletableFuture.postComplete(CompletableFuture.java:510)
	at java.base/java.util.concurrent.CompletableFuture.completeExceptionally(CompletableFuture.java:2194)
	at org.apache.ratis.grpc.client.GrpcClientProtocolClient$AsyncStreamObservers.completeReplyExceptionally(GrpcClientProtocolClient.java:397)
	at org.apache.ratis.grpc.client.GrpcClientProtocolClient$AsyncStreamObservers.access$000(GrpcClientProtocolClient.java:303)
	at org.apache.ratis.grpc.client.GrpcClientProtocolClient$AsyncStreamObservers$1.onError(GrpcClientProtocolClient.java:334)
	at org.apache.ratis.thirdparty.io.grpc.stub.ClientCalls$StreamObserverToCallListenerAdapter.onClose(ClientCalls.java:564)
	at org.apache.ratis.thirdparty.io.grpc.PartialForwardingClientCallListener.onClose(PartialForwardingClientCallListener.java:39)
	at org.apache.ratis.thirdparty.io.grpc.ForwardingClientCallListener.onClose(ForwardingClientCallListener.java:23)
	at org.apache.ratis.grpc.metrics.intercept.client.MetricClientCallListener.onClose(MetricClientCallListener.java:47)
	at org.apache.ratis.thirdparty.io.grpc.internal.ClientCallImpl.closeObserver(ClientCallImpl.java:565)
	at org.apache.ratis.thirdparty.io.grpc.internal.ClientCallImpl.access$100(ClientCallImpl.java:72)
	at org.apache.ratis.thirdparty.io.grpc.internal.ClientCallImpl$ClientStreamListenerImpl$1StreamClosed.runInternal(ClientCallImpl.java:733)
	at org.apache.ratis.thirdparty.io.grpc.internal.ClientCallImpl$ClientStreamListenerImpl$1StreamClosed.runInContext(ClientCallImpl.java:714)
	at org.apache.ratis.thirdparty.io.grpc.internal.ContextRunnable.run(ContextRunnable.java:37)
	at org.apache.ratis.thirdparty.io.grpc.internal.SerializingExecutor.run(SerializingExecutor.java:133)
	at java.base/java.util.concurrent.ThreadPoolExecutor.runWorker(ThreadPoolExecutor.java:1144)
	at java.base/java.util.concurrent.ThreadPoolExecutor$Worker.run(ThreadPoolExecutor.java:642)
	at java.base/java.lang.Thread.run(Thread.java:1583)
Caused by: java.io.IOException: org.apache.ratis.thirdparty.io.grpc.StatusRuntimeException: UNAVAILABLE: io exception
	at org.apache.ratis.grpc.GrpcUtil.unwrapException(GrpcUtil.java:99)
	at org.apache.ratis.grpc.GrpcUtil.unwrapIOException(GrpcUtil.java:159)
	at org.apache.ratis.grpc.client.GrpcClientProtocolClient$AsyncStreamObservers$1.onError(GrpcClientProtocolClient.java:333)
	... 13 more
Caused by: org.apache.ratis.thirdparty.io.grpc.StatusRuntimeException: UNAVAILABLE: io exception
	at org.apache.ratis.thirdparty.io.grpc.Status.asRuntimeException(Status.java:532)
	... 13 more
Caused by: org.apache.ratis.thirdparty.io.netty.channel.AbstractChannel$AnnotatedConnectException: finishConnect(..) failed: Connection refused: /127.0.0.1:15077
Caused by: java.net.ConnectException: finishConnect(..) failed: Connection refused
	at org.apache.ratis.thirdparty.io.netty.channel.unix.Errors.newConnectException0(Errors.java:166)
	at org.apache.ratis.thirdparty.io.netty.channel.unix.Errors.handleConnectErrno(Errors.java:131)
	at org.apache.ratis.thirdparty.io.netty.channel.unix.Socket.finishConnect(Socket.java:359)
	at org.apache.ratis.thirdparty.io.netty.channel.epoll.AbstractEpollChannel$AbstractEpollUnsafe.doFinishConnect(AbstractEpollChannel.java:715)
	at org.apache.ratis.thirdparty.io.netty.channel.epoll.AbstractEpollChannel$AbstractEpollUnsafe.finishConnect(AbstractEpollChannel.java:692)
	at org.apache.ratis.thirdparty.io.netty.channel.epoll.AbstractEpollChannel$AbstractEpollUnsafe.epollOutReady(AbstractEpollChannel.java:567)
	at org.apache.ratis.thirdparty.io.netty.channel.epoll.EpollEventLoop.processReady(EpollEventLoop.java:491)
	at org.apache.ratis.thirdparty.io.netty.channel.epoll.EpollEventLoop.run(EpollEventLoop.java:399)
	at org.apache.ratis.thirdparty.io.netty.util.concurrent.SingleThreadEventExecutor$4.run(SingleThreadEventExecutor.java:998)
	at org.apache.ratis.thirdparty.io.netty.util.internal.ThreadExecutorMap$2.run(ThreadExecutorMap.java:74)
	at org.apache.ratis.thirdparty.io.netty.util.concurrent.FastThreadLocalRunnable.run(FastThreadLocalRunnable.java:30)
	at java.base/java.lang.Thread.run(Thread.java:1583)
2025-10-10 10:40:04,862 [aa9634f0-8836-44d6-bc05-5b19fbdd93d5@group-6EF60CB14872-FollowerState] INFO  impl.FollowerState (FollowerState.java:runImpl(161)) - aa9634f0-8836-44d6-bc05-5b19fbdd93d5@group-6EF60CB14872-FollowerState: change to CANDIDATE, lastRpcElapsedTime:1065276183ns, electionTimeout:1065ms
2025-10-10 10:40:04,863 [aa9634f0-8836-44d6-bc05-5b19fbdd93d5@group-6EF60CB14872-FollowerState] INFO  impl.RoleInfo (RoleInfo.java:shutdownFollowerState(121)) - aa9634f0-8836-44d6-bc05-5b19fbdd93d5: shutdown aa9634f0-8836-44d6-bc05-5b19fbdd93d5@group-6EF60CB14872-FollowerState
2025-10-10 10:40:04,863 [aa9634f0-8836-44d6-bc05-5b19fbdd93d5@group-6EF60CB14872-FollowerState] INFO  server.RaftServer$Division (RaftServerImpl.java:setRole(392)) - aa9634f0-8836-44d6-bc05-5b19fbdd93d5@group-6EF60CB14872: changes role from  FOLLOWER to CANDIDATE at term 5 for changeToCandidate
2025-10-10 10:40:04,863 [aa9634f0-8836-44d6-bc05-5b19fbdd93d5@group-6EF60CB14872-FollowerState] INFO  impl.RoleInfo (RoleInfo.java:updateAndGet(148)) - aa9634f0-8836-44d6-bc05-5b19fbdd93d5: start aa9634f0-8836-44d6-bc05-5b19fbdd93d5@group-6EF60CB14872-LeaderElection251
2025-10-10 10:40:04,863 [aa9634f0-8836-44d6-bc05-5b19fbdd93d5@group-6EF60CB14872-LeaderElection251] INFO  impl.LeaderElection (LeaderElection.java:askForVotes(448)) - aa9634f0-8836-44d6-bc05-5b19fbdd93d5@group-6EF60CB14872-LeaderElection251 PRE_VOTE round 0: submit vote requests at term 5 for conf: {index: 20, cur=peers:[aa9634f0-8836-44d6-bc05-5b19fbdd93d5|127.0.0.1:15063, 36185c6b-22ce-45d1-a622-3a6b487a5a53|127.0.0.1:15071, 895d447a-5476-42e4-b2fa-6eb687701d46|127.0.0.1:15079]|listeners:[], old=null}
2025-10-10 10:40:04,864 [aa9634f0-8836-44d6-bc05-5b19fbdd93d5@group-6EF60CB14872-LeaderElection251] INFO  impl.LeaderElection (LogUtils.java:infoOrTrace(142)) - aa9634f0-8836-44d6-bc05-5b19fbdd93d5@group-6EF60CB14872-LeaderElection251 got exception when requesting votes: java.util.concurrent.ExecutionException: org.apache.ratis.thirdparty.io.grpc.StatusRuntimeException: UNAVAILABLE: io exception
2025-10-10 10:40:04,864 [aa9634f0-8836-44d6-bc05-5b19fbdd93d5@group-6EF60CB14872-LeaderElection251] INFO  impl.LeaderElection (LogUtils.java:infoOrTrace(142)) - aa9634f0-8836-44d6-bc05-5b19fbdd93d5@group-6EF60CB14872-LeaderElection251 got exception when requesting votes: java.util.concurrent.ExecutionException: org.apache.ratis.thirdparty.io.grpc.StatusRuntimeException: UNAVAILABLE: io exception
2025-10-10 10:40:04,864 [aa9634f0-8836-44d6-bc05-5b19fbdd93d5@group-6EF60CB14872-LeaderElection251] INFO  impl.LeaderElection (LeaderElection.java:logAndReturn(206)) - aa9634f0-8836-44d6-bc05-5b19fbdd93d5@group-6EF60CB14872-LeaderElection251: PRE_VOTE REJECTED received 0 response(s) and 2 exception(s):
2025-10-10 10:40:04,864 [aa9634f0-8836-44d6-bc05-5b19fbdd93d5@group-6EF60CB14872-LeaderElection251] INFO  impl.LeaderElection (LogUtils.java:infoOrTrace(142)) -   Exception 0: java.util.concurrent.ExecutionException: org.apache.ratis.thirdparty.io.grpc.StatusRuntimeException: UNAVAILABLE: io exception
2025-10-10 10:40:04,864 [aa9634f0-8836-44d6-bc05-5b19fbdd93d5@group-6EF60CB14872-LeaderElection251] INFO  impl.LeaderElection (LogUtils.java:infoOrTrace(142)) -   Exception 1: java.util.concurrent.ExecutionException: org.apache.ratis.thirdparty.io.grpc.StatusRuntimeException: UNAVAILABLE: io exception
2025-10-10 10:40:04,864 [aa9634f0-8836-44d6-bc05-5b19fbdd93d5@group-6EF60CB14872-LeaderElection251] INFO  impl.LeaderElection (LeaderElection.java:askForVotes(450)) - aa9634f0-8836-44d6-bc05-5b19fbdd93d5@group-6EF60CB14872-LeaderElection251 PRE_VOTE round 0: result REJECTED
2025-10-10 10:40:04,864 [aa9634f0-8836-44d6-bc05-5b19fbdd93d5@group-6EF60CB14872-LeaderElection251] INFO  server.RaftServer$Division (RaftServerImpl.java:setRole(392)) - aa9634f0-8836-44d6-bc05-5b19fbdd93d5@group-6EF60CB14872: changes role from CANDIDATE to FOLLOWER at term 5 for REJECTED
2025-10-10 10:40:04,864 [aa9634f0-8836-44d6-bc05-5b19fbdd93d5@group-6EF60CB14872-LeaderElection251] INFO  impl.RoleInfo (RoleInfo.java:shutdownLeaderElection(141)) - aa9634f0-8836-44d6-bc05-5b19fbdd93d5: shutdown aa9634f0-8836-44d6-bc05-5b19fbdd93d5@group-6EF60CB14872-LeaderElection251
2025-10-10 10:40:04,864 [aa9634f0-8836-44d6-bc05-5b19fbdd93d5@group-6EF60CB14872-LeaderElection251] INFO  impl.RoleInfo (RoleInfo.java:updateAndGet(148)) - aa9634f0-8836-44d6-bc05-5b19fbdd93d5: start aa9634f0-8836-44d6-bc05-5b19fbdd93d5@group-6EF60CB14872-FollowerState
2025-10-10 10:40:05,406 [aa9634f0-8836-44d6-bc05-5b19fbdd93d5@group-813C05265458-FollowerState] INFO  impl.FollowerState (FollowerState.java:runImpl(161)) - aa9634f0-8836-44d6-bc05-5b19fbdd93d5@group-813C05265458-FollowerState: change to CANDIDATE, lastRpcElapsedTime:1081301611ns, electionTimeout:1081ms
2025-10-10 10:40:05,406 [aa9634f0-8836-44d6-bc05-5b19fbdd93d5@group-813C05265458-FollowerState] INFO  impl.RoleInfo (RoleInfo.java:shutdownFollowerState(121)) - aa9634f0-8836-44d6-bc05-5b19fbdd93d5: shutdown aa9634f0-8836-44d6-bc05-5b19fbdd93d5@group-813C05265458-FollowerState
2025-10-10 10:40:05,406 [aa9634f0-8836-44d6-bc05-5b19fbdd93d5@group-813C05265458-FollowerState] INFO  server.RaftServer$Division (RaftServerImpl.java:setRole(392)) - aa9634f0-8836-44d6-bc05-5b19fbdd93d5@group-813C05265458: changes role from  FOLLOWER to CANDIDATE at term 1 for changeToCandidate
2025-10-10 10:40:05,406 [aa9634f0-8836-44d6-bc05-5b19fbdd93d5@group-813C05265458-FollowerState] INFO  impl.RoleInfo (RoleInfo.java:updateAndGet(148)) - aa9634f0-8836-44d6-bc05-5b19fbdd93d5: start aa9634f0-8836-44d6-bc05-5b19fbdd93d5@group-813C05265458-LeaderElection252
2025-10-10 10:40:05,407 [aa9634f0-8836-44d6-bc05-5b19fbdd93d5@group-813C05265458-LeaderElection252] INFO  impl.LeaderElection (LeaderElection.java:askForVotes(448)) - aa9634f0-8836-44d6-bc05-5b19fbdd93d5@group-813C05265458-LeaderElection252 PRE_VOTE round 0: submit vote requests at term 1 for conf: {index: 0, cur=peers:[aa9634f0-8836-44d6-bc05-5b19fbdd93d5|127.0.0.1:15063, 36185c6b-22ce-45d1-a622-3a6b487a5a53|127.0.0.1:15071, 895d447a-5476-42e4-b2fa-6eb687701d46|127.0.0.1:15079]|listeners:[], old=null}
2025-10-10 10:40:05,407 [aa9634f0-8836-44d6-bc05-5b19fbdd93d5@group-813C05265458-LeaderElection252] INFO  impl.LeaderElection (LogUtils.java:infoOrTrace(142)) - aa9634f0-8836-44d6-bc05-5b19fbdd93d5@group-813C05265458-LeaderElection252 got exception when requesting votes: java.util.concurrent.ExecutionException: org.apache.ratis.thirdparty.io.grpc.StatusRuntimeException: UNAVAILABLE: io exception
2025-10-10 10:40:05,407 [aa9634f0-8836-44d6-bc05-5b19fbdd93d5@group-813C05265458-LeaderElection252] INFO  impl.LeaderElection (LogUtils.java:infoOrTrace(142)) - aa9634f0-8836-44d6-bc05-5b19fbdd93d5@group-813C05265458-LeaderElection252 got exception when requesting votes: java.util.concurrent.ExecutionException: org.apache.ratis.thirdparty.io.grpc.StatusRuntimeException: UNAVAILABLE: io exception
2025-10-10 10:40:05,407 [aa9634f0-8836-44d6-bc05-5b19fbdd93d5@group-813C05265458-LeaderElection252] INFO  impl.LeaderElection (LeaderElection.java:logAndReturn(206)) - aa9634f0-8836-44d6-bc05-5b19fbdd93d5@group-813C05265458-LeaderElection252: PRE_VOTE REJECTED received 0 response(s) and 2 exception(s):
2025-10-10 10:40:05,407 [aa9634f0-8836-44d6-bc05-5b19fbdd93d5@group-813C05265458-LeaderElection252] INFO  impl.LeaderElection (LogUtils.java:infoOrTrace(142)) -   Exception 0: java.util.concurrent.ExecutionException: org.apache.ratis.thirdparty.io.grpc.StatusRuntimeException: UNAVAILABLE: io exception
2025-10-10 10:40:05,407 [aa9634f0-8836-44d6-bc05-5b19fbdd93d5@group-813C05265458-LeaderElection252] INFO  impl.LeaderElection (LogUtils.java:infoOrTrace(142)) -   Exception 1: java.util.concurrent.ExecutionException: org.apache.ratis.thirdparty.io.grpc.StatusRuntimeException: UNAVAILABLE: io exception
2025-10-10 10:40:05,407 [aa9634f0-8836-44d6-bc05-5b19fbdd93d5@group-813C05265458-LeaderElection252] INFO  impl.LeaderElection (LeaderElection.java:askForVotes(450)) - aa9634f0-8836-44d6-bc05-5b19fbdd93d5@group-813C05265458-LeaderElection252 PRE_VOTE round 0: result REJECTED
2025-10-10 10:40:05,407 [aa9634f0-8836-44d6-bc05-5b19fbdd93d5@group-813C05265458-LeaderElection252] INFO  server.RaftServer$Division (RaftServerImpl.java:setRole(392)) - aa9634f0-8836-44d6-bc05-5b19fbdd93d5@group-813C05265458: changes role from CANDIDATE to FOLLOWER at term 1 for REJECTED
2025-10-10 10:40:05,407 [aa9634f0-8836-44d6-bc05-5b19fbdd93d5@group-813C05265458-LeaderElection252] INFO  impl.RoleInfo (RoleInfo.java:shutdownLeaderElection(141)) - aa9634f0-8836-44d6-bc05-5b19fbdd93d5: shutdown aa9634f0-8836-44d6-bc05-5b19fbdd93d5@group-813C05265458-LeaderElection252
2025-10-10 10:40:05,407 [aa9634f0-8836-44d6-bc05-5b19fbdd93d5@group-813C05265458-LeaderElection252] INFO  impl.RoleInfo (RoleInfo.java:updateAndGet(148)) - aa9634f0-8836-44d6-bc05-5b19fbdd93d5: start aa9634f0-8836-44d6-bc05-5b19fbdd93d5@group-813C05265458-FollowerState
2025-10-10 10:40:05,977 [aa9634f0-8836-44d6-bc05-5b19fbdd93d5@group-6EF60CB14872-FollowerState] INFO  impl.FollowerState (FollowerState.java:runImpl(161)) - aa9634f0-8836-44d6-bc05-5b19fbdd93d5@group-6EF60CB14872-FollowerState: change to CANDIDATE, lastRpcElapsedTime:1113282342ns, electionTimeout:1113ms
2025-10-10 10:40:05,977 [aa9634f0-8836-44d6-bc05-5b19fbdd93d5@group-6EF60CB14872-FollowerState] INFO  impl.RoleInfo (RoleInfo.java:shutdownFollowerState(121)) - aa9634f0-8836-44d6-bc05-5b19fbdd93d5: shutdown aa9634f0-8836-44d6-bc05-5b19fbdd93d5@group-6EF60CB14872-FollowerState
2025-10-10 10:40:05,977 [aa9634f0-8836-44d6-bc05-5b19fbdd93d5@group-6EF60CB14872-FollowerState] INFO  server.RaftServer$Division (RaftServerImpl.java:setRole(392)) - aa9634f0-8836-44d6-bc05-5b19fbdd93d5@group-6EF60CB14872: changes role from  FOLLOWER to CANDIDATE at term 5 for changeToCandidate
2025-10-10 10:40:05,977 [aa9634f0-8836-44d6-bc05-5b19fbdd93d5@group-6EF60CB14872-FollowerState] INFO  impl.RoleInfo (RoleInfo.java:updateAndGet(148)) - aa9634f0-8836-44d6-bc05-5b19fbdd93d5: start aa9634f0-8836-44d6-bc05-5b19fbdd93d5@group-6EF60CB14872-LeaderElection253
2025-10-10 10:40:05,978 [aa9634f0-8836-44d6-bc05-5b19fbdd93d5@group-6EF60CB14872-LeaderElection253] INFO  impl.LeaderElection (LeaderElection.java:askForVotes(448)) - aa9634f0-8836-44d6-bc05-5b19fbdd93d5@group-6EF60CB14872-LeaderElection253 PRE_VOTE round 0: submit vote requests at term 5 for conf: {index: 20, cur=peers:[aa9634f0-8836-44d6-bc05-5b19fbdd93d5|127.0.0.1:15063, 36185c6b-22ce-45d1-a622-3a6b487a5a53|127.0.0.1:15071, 895d447a-5476-42e4-b2fa-6eb687701d46|127.0.0.1:15079]|listeners:[], old=null}
2025-10-10 10:40:05,978 [aa9634f0-8836-44d6-bc05-5b19fbdd93d5@group-6EF60CB14872-LeaderElection253] INFO  impl.LeaderElection (LogUtils.java:infoOrTrace(142)) - aa9634f0-8836-44d6-bc05-5b19fbdd93d5@group-6EF60CB14872-LeaderElection253 got exception when requesting votes: java.util.concurrent.ExecutionException: org.apache.ratis.thirdparty.io.grpc.StatusRuntimeException: UNAVAILABLE: io exception
2025-10-10 10:40:05,978 [aa9634f0-8836-44d6-bc05-5b19fbdd93d5@group-6EF60CB14872-LeaderElection253] INFO  impl.LeaderElection (LogUtils.java:infoOrTrace(142)) - aa9634f0-8836-44d6-bc05-5b19fbdd93d5@group-6EF60CB14872-LeaderElection253 got exception when requesting votes: java.util.concurrent.ExecutionException: org.apache.ratis.thirdparty.io.grpc.StatusRuntimeException: UNAVAILABLE: io exception
2025-10-10 10:40:05,978 [aa9634f0-8836-44d6-bc05-5b19fbdd93d5@group-6EF60CB14872-LeaderElection253] INFO  impl.LeaderElection (LeaderElection.java:logAndReturn(206)) - aa9634f0-8836-44d6-bc05-5b19fbdd93d5@group-6EF60CB14872-LeaderElection253: PRE_VOTE REJECTED received 0 response(s) and 2 exception(s):
2025-10-10 10:40:05,978 [aa9634f0-8836-44d6-bc05-5b19fbdd93d5@group-6EF60CB14872-LeaderElection253] INFO  impl.LeaderElection (LogUtils.java:infoOrTrace(142)) -   Exception 0: java.util.concurrent.ExecutionException: org.apache.ratis.thirdparty.io.grpc.StatusRuntimeException: UNAVAILABLE: io exception
2025-10-10 10:40:05,978 [aa9634f0-8836-44d6-bc05-5b19fbdd93d5@group-6EF60CB14872-LeaderElection253] INFO  impl.LeaderElection (LogUtils.java:infoOrTrace(142)) -   Exception 1: java.util.concurrent.ExecutionException: org.apache.ratis.thirdparty.io.grpc.StatusRuntimeException: UNAVAILABLE: io exception
2025-10-10 10:40:05,979 [aa9634f0-8836-44d6-bc05-5b19fbdd93d5@group-6EF60CB14872-LeaderElection253] INFO  impl.LeaderElection (LeaderElection.java:askForVotes(450)) - aa9634f0-8836-44d6-bc05-5b19fbdd93d5@group-6EF60CB14872-LeaderElection253 PRE_VOTE round 0: result REJECTED
2025-10-10 10:40:05,979 [aa9634f0-8836-44d6-bc05-5b19fbdd93d5@group-6EF60CB14872-LeaderElection253] INFO  server.RaftServer$Division (RaftServerImpl.java:setRole(392)) - aa9634f0-8836-44d6-bc05-5b19fbdd93d5@group-6EF60CB14872: changes role from CANDIDATE to FOLLOWER at term 5 for REJECTED
2025-10-10 10:40:05,979 [aa9634f0-8836-44d6-bc05-5b19fbdd93d5@group-6EF60CB14872-LeaderElection253] INFO  impl.RoleInfo (RoleInfo.java:shutdownLeaderElection(141)) - aa9634f0-8836-44d6-bc05-5b19fbdd93d5: shutdown aa9634f0-8836-44d6-bc05-5b19fbdd93d5@group-6EF60CB14872-LeaderElection253
2025-10-10 10:40:05,979 [aa9634f0-8836-44d6-bc05-5b19fbdd93d5@group-6EF60CB14872-LeaderElection253] INFO  impl.RoleInfo (RoleInfo.java:updateAndGet(148)) - aa9634f0-8836-44d6-bc05-5b19fbdd93d5: start aa9634f0-8836-44d6-bc05-5b19fbdd93d5@group-6EF60CB14872-FollowerState
2025-10-10 10:40:06,599 [aa9634f0-8836-44d6-bc05-5b19fbdd93d5@group-813C05265458-FollowerState] INFO  impl.FollowerState (FollowerState.java:runImpl(161)) - aa9634f0-8836-44d6-bc05-5b19fbdd93d5@group-813C05265458-FollowerState: change to CANDIDATE, lastRpcElapsedTime:1191319397ns, electionTimeout:1191ms
2025-10-10 10:40:06,599 [aa9634f0-8836-44d6-bc05-5b19fbdd93d5@group-813C05265458-FollowerState] INFO  impl.RoleInfo (RoleInfo.java:shutdownFollowerState(121)) - aa9634f0-8836-44d6-bc05-5b19fbdd93d5: shutdown aa9634f0-8836-44d6-bc05-5b19fbdd93d5@group-813C05265458-FollowerState
2025-10-10 10:40:06,599 [aa9634f0-8836-44d6-bc05-5b19fbdd93d5@group-813C05265458-FollowerState] INFO  server.RaftServer$Division (RaftServerImpl.java:setRole(392)) - aa9634f0-8836-44d6-bc05-5b19fbdd93d5@group-813C05265458: changes role from  FOLLOWER to CANDIDATE at term 1 for changeToCandidate
2025-10-10 10:40:06,599 [aa9634f0-8836-44d6-bc05-5b19fbdd93d5@group-813C05265458-FollowerState] INFO  impl.RoleInfo (RoleInfo.java:updateAndGet(148)) - aa9634f0-8836-44d6-bc05-5b19fbdd93d5: start aa9634f0-8836-44d6-bc05-5b19fbdd93d5@group-813C05265458-LeaderElection254
2025-10-10 10:40:06,599 [aa9634f0-8836-44d6-bc05-5b19fbdd93d5@group-813C05265458-LeaderElection254] INFO  impl.LeaderElection (LeaderElection.java:askForVotes(448)) - aa9634f0-8836-44d6-bc05-5b19fbdd93d5@group-813C05265458-LeaderElection254 PRE_VOTE round 0: submit vote requests at term 1 for conf: {index: 0, cur=peers:[aa9634f0-8836-44d6-bc05-5b19fbdd93d5|127.0.0.1:15063, 36185c6b-22ce-45d1-a622-3a6b487a5a53|127.0.0.1:15071, 895d447a-5476-42e4-b2fa-6eb687701d46|127.0.0.1:15079]|listeners:[], old=null}
2025-10-10 10:40:06,600 [aa9634f0-8836-44d6-bc05-5b19fbdd93d5@group-813C05265458-LeaderElection254] INFO  impl.LeaderElection (LogUtils.java:infoOrTrace(142)) - aa9634f0-8836-44d6-bc05-5b19fbdd93d5@group-813C05265458-LeaderElection254 got exception when requesting votes: java.util.concurrent.ExecutionException: org.apache.ratis.thirdparty.io.grpc.StatusRuntimeException: UNAVAILABLE: io exception
2025-10-10 10:40:06,600 [aa9634f0-8836-44d6-bc05-5b19fbdd93d5@group-813C05265458-LeaderElection254] INFO  impl.LeaderElection (LogUtils.java:infoOrTrace(142)) - aa9634f0-8836-44d6-bc05-5b19fbdd93d5@group-813C05265458-LeaderElection254 got exception when requesting votes: java.util.concurrent.ExecutionException: org.apache.ratis.thirdparty.io.grpc.StatusRuntimeException: UNAVAILABLE: io exception
2025-10-10 10:40:06,600 [aa9634f0-8836-44d6-bc05-5b19fbdd93d5@group-813C05265458-LeaderElection254] INFO  impl.LeaderElection (LeaderElection.java:logAndReturn(206)) - aa9634f0-8836-44d6-bc05-5b19fbdd93d5@group-813C05265458-LeaderElection254: PRE_VOTE REJECTED received 0 response(s) and 2 exception(s):
2025-10-10 10:40:06,600 [aa9634f0-8836-44d6-bc05-5b19fbdd93d5@group-813C05265458-LeaderElection254] INFO  impl.LeaderElection (LogUtils.java:infoOrTrace(142)) -   Exception 0: java.util.concurrent.ExecutionException: org.apache.ratis.thirdparty.io.grpc.StatusRuntimeException: UNAVAILABLE: io exception
2025-10-10 10:40:06,600 [aa9634f0-8836-44d6-bc05-5b19fbdd93d5@group-813C05265458-LeaderElection254] INFO  impl.LeaderElection (LogUtils.java:infoOrTrace(142)) -   Exception 1: java.util.concurrent.ExecutionException: org.apache.ratis.thirdparty.io.grpc.StatusRuntimeException: UNAVAILABLE: io exception
2025-10-10 10:40:06,600 [aa9634f0-8836-44d6-bc05-5b19fbdd93d5@group-813C05265458-LeaderElection254] INFO  impl.LeaderElection (LeaderElection.java:askForVotes(450)) - aa9634f0-8836-44d6-bc05-5b19fbdd93d5@group-813C05265458-LeaderElection254 PRE_VOTE round 0: result REJECTED
2025-10-10 10:40:06,600 [aa9634f0-8836-44d6-bc05-5b19fbdd93d5@group-813C05265458-LeaderElection254] INFO  server.RaftServer$Division (RaftServerImpl.java:setRole(392)) - aa9634f0-8836-44d6-bc05-5b19fbdd93d5@group-813C05265458: changes role from CANDIDATE to FOLLOWER at term 1 for REJECTED
2025-10-10 10:40:06,600 [aa9634f0-8836-44d6-bc05-5b19fbdd93d5@group-813C05265458-LeaderElection254] INFO  impl.RoleInfo (RoleInfo.java:shutdownLeaderElection(141)) - aa9634f0-8836-44d6-bc05-5b19fbdd93d5: shutdown aa9634f0-8836-44d6-bc05-5b19fbdd93d5@group-813C05265458-LeaderElection254
2025-10-10 10:40:06,600 [aa9634f0-8836-44d6-bc05-5b19fbdd93d5@group-813C05265458-LeaderElection254] INFO  impl.RoleInfo (RoleInfo.java:updateAndGet(148)) - aa9634f0-8836-44d6-bc05-5b19fbdd93d5: start aa9634f0-8836-44d6-bc05-5b19fbdd93d5@group-813C05265458-FollowerState
2025-10-10 10:40:07,064 [aa9634f0-8836-44d6-bc05-5b19fbdd93d5@group-6EF60CB14872-FollowerState] INFO  impl.FollowerState (FollowerState.java:runImpl(161)) - aa9634f0-8836-44d6-bc05-5b19fbdd93d5@group-6EF60CB14872-FollowerState: change to CANDIDATE, lastRpcElapsedTime:1085308641ns, electionTimeout:1085ms
2025-10-10 10:40:07,064 [aa9634f0-8836-44d6-bc05-5b19fbdd93d5@group-6EF60CB14872-FollowerState] INFO  impl.RoleInfo (RoleInfo.java:shutdownFollowerState(121)) - aa9634f0-8836-44d6-bc05-5b19fbdd93d5: shutdown aa9634f0-8836-44d6-bc05-5b19fbdd93d5@group-6EF60CB14872-FollowerState
2025-10-10 10:40:07,064 [aa9634f0-8836-44d6-bc05-5b19fbdd93d5@group-6EF60CB14872-FollowerState] INFO  server.RaftServer$Division (RaftServerImpl.java:setRole(392)) - aa9634f0-8836-44d6-bc05-5b19fbdd93d5@group-6EF60CB14872: changes role from  FOLLOWER to CANDIDATE at term 5 for changeToCandidate
2025-10-10 10:40:07,064 [aa9634f0-8836-44d6-bc05-5b19fbdd93d5@group-6EF60CB14872-FollowerState] INFO  impl.RoleInfo (RoleInfo.java:updateAndGet(148)) - aa9634f0-8836-44d6-bc05-5b19fbdd93d5: start aa9634f0-8836-44d6-bc05-5b19fbdd93d5@group-6EF60CB14872-LeaderElection255
2025-10-10 10:40:07,065 [aa9634f0-8836-44d6-bc05-5b19fbdd93d5@group-6EF60CB14872-LeaderElection255] INFO  impl.LeaderElection (LeaderElection.java:askForVotes(448)) - aa9634f0-8836-44d6-bc05-5b19fbdd93d5@group-6EF60CB14872-LeaderElection255 PRE_VOTE round 0: submit vote requests at term 5 for conf: {index: 20, cur=peers:[aa9634f0-8836-44d6-bc05-5b19fbdd93d5|127.0.0.1:15063, 36185c6b-22ce-45d1-a622-3a6b487a5a53|127.0.0.1:15071, 895d447a-5476-42e4-b2fa-6eb687701d46|127.0.0.1:15079]|listeners:[], old=null}
2025-10-10 10:40:07,065 [aa9634f0-8836-44d6-bc05-5b19fbdd93d5@group-6EF60CB14872-LeaderElection255] INFO  impl.LeaderElection (LogUtils.java:infoOrTrace(142)) - aa9634f0-8836-44d6-bc05-5b19fbdd93d5@group-6EF60CB14872-LeaderElection255 got exception when requesting votes: java.util.concurrent.ExecutionException: org.apache.ratis.thirdparty.io.grpc.StatusRuntimeException: UNAVAILABLE: io exception
2025-10-10 10:40:07,065 [aa9634f0-8836-44d6-bc05-5b19fbdd93d5@group-6EF60CB14872-LeaderElection255] INFO  impl.LeaderElection (LogUtils.java:infoOrTrace(142)) - aa9634f0-8836-44d6-bc05-5b19fbdd93d5@group-6EF60CB14872-LeaderElection255 got exception when requesting votes: java.util.concurrent.ExecutionException: org.apache.ratis.thirdparty.io.grpc.StatusRuntimeException: UNAVAILABLE: io exception
2025-10-10 10:40:07,065 [aa9634f0-8836-44d6-bc05-5b19fbdd93d5@group-6EF60CB14872-LeaderElection255] INFO  impl.LeaderElection (LeaderElection.java:logAndReturn(206)) - aa9634f0-8836-44d6-bc05-5b19fbdd93d5@group-6EF60CB14872-LeaderElection255: PRE_VOTE REJECTED received 0 response(s) and 2 exception(s):
2025-10-10 10:40:07,065 [aa9634f0-8836-44d6-bc05-5b19fbdd93d5@group-6EF60CB14872-LeaderElection255] INFO  impl.LeaderElection (LogUtils.java:infoOrTrace(142)) -   Exception 0: java.util.concurrent.ExecutionException: org.apache.ratis.thirdparty.io.grpc.StatusRuntimeException: UNAVAILABLE: io exception
2025-10-10 10:40:07,065 [aa9634f0-8836-44d6-bc05-5b19fbdd93d5@group-6EF60CB14872-LeaderElection255] INFO  impl.LeaderElection (LogUtils.java:infoOrTrace(142)) -   Exception 1: java.util.concurrent.ExecutionException: org.apache.ratis.thirdparty.io.grpc.StatusRuntimeException: UNAVAILABLE: io exception
2025-10-10 10:40:07,065 [aa9634f0-8836-44d6-bc05-5b19fbdd93d5@group-6EF60CB14872-LeaderElection255] INFO  impl.LeaderElection (LeaderElection.java:askForVotes(450)) - aa9634f0-8836-44d6-bc05-5b19fbdd93d5@group-6EF60CB14872-LeaderElection255 PRE_VOTE round 0: result REJECTED
2025-10-10 10:40:07,066 [aa9634f0-8836-44d6-bc05-5b19fbdd93d5@group-6EF60CB14872-LeaderElection255] INFO  server.RaftServer$Division (RaftServerImpl.java:setRole(392)) - aa9634f0-8836-44d6-bc05-5b19fbdd93d5@group-6EF60CB14872: changes role from CANDIDATE to FOLLOWER at term 5 for REJECTED
2025-10-10 10:40:07,066 [aa9634f0-8836-44d6-bc05-5b19fbdd93d5@group-6EF60CB14872-LeaderElection255] INFO  impl.RoleInfo (RoleInfo.java:shutdownLeaderElection(141)) - aa9634f0-8836-44d6-bc05-5b19fbdd93d5: shutdown aa9634f0-8836-44d6-bc05-5b19fbdd93d5@group-6EF60CB14872-LeaderElection255
2025-10-10 10:40:07,066 [aa9634f0-8836-44d6-bc05-5b19fbdd93d5@group-6EF60CB14872-LeaderElection255] INFO  impl.RoleInfo (RoleInfo.java:updateAndGet(148)) - aa9634f0-8836-44d6-bc05-5b19fbdd93d5: start aa9634f0-8836-44d6-bc05-5b19fbdd93d5@group-6EF60CB14872-FollowerState
2025-10-10 10:40:07,776 [aa9634f0-8836-44d6-bc05-5b19fbdd93d5@group-813C05265458-FollowerState] INFO  impl.FollowerState (FollowerState.java:runImpl(161)) - aa9634f0-8836-44d6-bc05-5b19fbdd93d5@group-813C05265458-FollowerState: change to CANDIDATE, lastRpcElapsedTime:1175309121ns, electionTimeout:1175ms
2025-10-10 10:40:07,776 [aa9634f0-8836-44d6-bc05-5b19fbdd93d5@group-813C05265458-FollowerState] INFO  impl.RoleInfo (RoleInfo.java:shutdownFollowerState(121)) - aa9634f0-8836-44d6-bc05-5b19fbdd93d5: shutdown aa9634f0-8836-44d6-bc05-5b19fbdd93d5@group-813C05265458-FollowerState
2025-10-10 10:40:07,776 [aa9634f0-8836-44d6-bc05-5b19fbdd93d5@group-813C05265458-FollowerState] INFO  server.RaftServer$Division (RaftServerImpl.java:setRole(392)) - aa9634f0-8836-44d6-bc05-5b19fbdd93d5@group-813C05265458: changes role from  FOLLOWER to CANDIDATE at term 1 for changeToCandidate
2025-10-10 10:40:07,776 [aa9634f0-8836-44d6-bc05-5b19fbdd93d5@group-813C05265458-FollowerState] INFO  impl.RoleInfo (RoleInfo.java:updateAndGet(148)) - aa9634f0-8836-44d6-bc05-5b19fbdd93d5: start aa9634f0-8836-44d6-bc05-5b19fbdd93d5@group-813C05265458-LeaderElection256
2025-10-10 10:40:07,776 [aa9634f0-8836-44d6-bc05-5b19fbdd93d5@group-813C05265458-LeaderElection256] INFO  impl.LeaderElection (LeaderElection.java:askForVotes(448)) - aa9634f0-8836-44d6-bc05-5b19fbdd93d5@group-813C05265458-LeaderElection256 PRE_VOTE round 0: submit vote requests at term 1 for conf: {index: 0, cur=peers:[aa9634f0-8836-44d6-bc05-5b19fbdd93d5|127.0.0.1:15063, 36185c6b-22ce-45d1-a622-3a6b487a5a53|127.0.0.1:15071, 895d447a-5476-42e4-b2fa-6eb687701d46|127.0.0.1:15079]|listeners:[], old=null}
2025-10-10 10:40:07,777 [aa9634f0-8836-44d6-bc05-5b19fbdd93d5@group-813C05265458-LeaderElection256] INFO  impl.LeaderElection (LogUtils.java:infoOrTrace(142)) - aa9634f0-8836-44d6-bc05-5b19fbdd93d5@group-813C05265458-LeaderElection256 got exception when requesting votes: java.util.concurrent.ExecutionException: org.apache.ratis.thirdparty.io.grpc.StatusRuntimeException: UNAVAILABLE: io exception
2025-10-10 10:40:07,777 [aa9634f0-8836-44d6-bc05-5b19fbdd93d5@group-813C05265458-LeaderElection256] INFO  impl.LeaderElection (LogUtils.java:infoOrTrace(142)) - aa9634f0-8836-44d6-bc05-5b19fbdd93d5@group-813C05265458-LeaderElection256 got exception when requesting votes: java.util.concurrent.ExecutionException: org.apache.ratis.thirdparty.io.grpc.StatusRuntimeException: UNAVAILABLE: io exception
2025-10-10 10:40:07,777 [aa9634f0-8836-44d6-bc05-5b19fbdd93d5@group-813C05265458-LeaderElection256] INFO  impl.LeaderElection (LeaderElection.java:logAndReturn(206)) - aa9634f0-8836-44d6-bc05-5b19fbdd93d5@group-813C05265458-LeaderElection256: PRE_VOTE REJECTED received 0 response(s) and 2 exception(s):
2025-10-10 10:40:07,777 [aa9634f0-8836-44d6-bc05-5b19fbdd93d5@group-813C05265458-LeaderElection256] INFO  impl.LeaderElection (LogUtils.java:infoOrTrace(142)) -   Exception 0: java.util.concurrent.ExecutionException: org.apache.ratis.thirdparty.io.grpc.StatusRuntimeException: UNAVAILABLE: io exception
2025-10-10 10:40:07,777 [aa9634f0-8836-44d6-bc05-5b19fbdd93d5@group-813C05265458-LeaderElection256] INFO  impl.LeaderElection (LogUtils.java:infoOrTrace(142)) -   Exception 1: java.util.concurrent.ExecutionException: org.apache.ratis.thirdparty.io.grpc.StatusRuntimeException: UNAVAILABLE: io exception
2025-10-10 10:40:07,777 [aa9634f0-8836-44d6-bc05-5b19fbdd93d5@group-813C05265458-LeaderElection256] INFO  impl.LeaderElection (LeaderElection.java:askForVotes(450)) - aa9634f0-8836-44d6-bc05-5b19fbdd93d5@group-813C05265458-LeaderElection256 PRE_VOTE round 0: result REJECTED
2025-10-10 10:40:07,777 [aa9634f0-8836-44d6-bc05-5b19fbdd93d5@group-813C05265458-LeaderElection256] INFO  server.RaftServer$Division (RaftServerImpl.java:setRole(392)) - aa9634f0-8836-44d6-bc05-5b19fbdd93d5@group-813C05265458: changes role from CANDIDATE to FOLLOWER at term 1 for REJECTED
2025-10-10 10:40:07,777 [aa9634f0-8836-44d6-bc05-5b19fbdd93d5@group-813C05265458-LeaderElection256] INFO  impl.RoleInfo (RoleInfo.java:shutdownLeaderElection(141)) - aa9634f0-8836-44d6-bc05-5b19fbdd93d5: shutdown aa9634f0-8836-44d6-bc05-5b19fbdd93d5@group-813C05265458-LeaderElection256
2025-10-10 10:40:07,777 [aa9634f0-8836-44d6-bc05-5b19fbdd93d5@group-813C05265458-LeaderElection256] INFO  impl.RoleInfo (RoleInfo.java:updateAndGet(148)) - aa9634f0-8836-44d6-bc05-5b19fbdd93d5: start aa9634f0-8836-44d6-bc05-5b19fbdd93d5@group-813C05265458-FollowerState
2025-10-10 10:40:08,077 [aa9634f0-8836-44d6-bc05-5b19fbdd93d5@group-6EF60CB14872-FollowerState] INFO  impl.FollowerState (FollowerState.java:runImpl(161)) - aa9634f0-8836-44d6-bc05-5b19fbdd93d5@group-6EF60CB14872-FollowerState: change to CANDIDATE, lastRpcElapsedTime:1011296406ns, electionTimeout:1011ms
2025-10-10 10:40:08,077 [aa9634f0-8836-44d6-bc05-5b19fbdd93d5@group-6EF60CB14872-FollowerState] INFO  impl.RoleInfo (RoleInfo.java:shutdownFollowerState(121)) - aa9634f0-8836-44d6-bc05-5b19fbdd93d5: shutdown aa9634f0-8836-44d6-bc05-5b19fbdd93d5@group-6EF60CB14872-FollowerState
2025-10-10 10:40:08,077 [aa9634f0-8836-44d6-bc05-5b19fbdd93d5@group-6EF60CB14872-FollowerState] INFO  server.RaftServer$Division (RaftServerImpl.java:setRole(392)) - aa9634f0-8836-44d6-bc05-5b19fbdd93d5@group-6EF60CB14872: changes role from  FOLLOWER to CANDIDATE at term 5 for changeToCandidate
2025-10-10 10:40:08,077 [aa9634f0-8836-44d6-bc05-5b19fbdd93d5@group-6EF60CB14872-FollowerState] INFO  impl.RoleInfo (RoleInfo.java:updateAndGet(148)) - aa9634f0-8836-44d6-bc05-5b19fbdd93d5: start aa9634f0-8836-44d6-bc05-5b19fbdd93d5@group-6EF60CB14872-LeaderElection257
2025-10-10 10:40:08,078 [aa9634f0-8836-44d6-bc05-5b19fbdd93d5@group-6EF60CB14872-LeaderElection257] INFO  impl.LeaderElection (LeaderElection.java:askForVotes(448)) - aa9634f0-8836-44d6-bc05-5b19fbdd93d5@group-6EF60CB14872-LeaderElection257 PRE_VOTE round 0: submit vote requests at term 5 for conf: {index: 20, cur=peers:[aa9634f0-8836-44d6-bc05-5b19fbdd93d5|127.0.0.1:15063, 36185c6b-22ce-45d1-a622-3a6b487a5a53|127.0.0.1:15071, 895d447a-5476-42e4-b2fa-6eb687701d46|127.0.0.1:15079]|listeners:[], old=null}
2025-10-10 10:40:08,078 [aa9634f0-8836-44d6-bc05-5b19fbdd93d5@group-6EF60CB14872-LeaderElection257] INFO  impl.LeaderElection (LogUtils.java:infoOrTrace(142)) - aa9634f0-8836-44d6-bc05-5b19fbdd93d5@group-6EF60CB14872-LeaderElection257 got exception when requesting votes: java.util.concurrent.ExecutionException: org.apache.ratis.thirdparty.io.grpc.StatusRuntimeException: UNAVAILABLE: io exception
2025-10-10 10:40:08,078 [aa9634f0-8836-44d6-bc05-5b19fbdd93d5@group-6EF60CB14872-LeaderElection257] INFO  impl.LeaderElection (LogUtils.java:infoOrTrace(142)) - aa9634f0-8836-44d6-bc05-5b19fbdd93d5@group-6EF60CB14872-LeaderElection257 got exception when requesting votes: java.util.concurrent.ExecutionException: org.apache.ratis.thirdparty.io.grpc.StatusRuntimeException: UNAVAILABLE: io exception
2025-10-10 10:40:08,078 [aa9634f0-8836-44d6-bc05-5b19fbdd93d5@group-6EF60CB14872-LeaderElection257] INFO  impl.LeaderElection (LeaderElection.java:logAndReturn(206)) - aa9634f0-8836-44d6-bc05-5b19fbdd93d5@group-6EF60CB14872-LeaderElection257: PRE_VOTE REJECTED received 0 response(s) and 2 exception(s):
2025-10-10 10:40:08,078 [aa9634f0-8836-44d6-bc05-5b19fbdd93d5@group-6EF60CB14872-LeaderElection257] INFO  impl.LeaderElection (LogUtils.java:infoOrTrace(142)) -   Exception 0: java.util.concurrent.ExecutionException: org.apache.ratis.thirdparty.io.grpc.StatusRuntimeException: UNAVAILABLE: io exception
2025-10-10 10:40:08,078 [aa9634f0-8836-44d6-bc05-5b19fbdd93d5@group-6EF60CB14872-LeaderElection257] INFO  impl.LeaderElection (LogUtils.java:infoOrTrace(142)) -   Exception 1: java.util.concurrent.ExecutionException: org.apache.ratis.thirdparty.io.grpc.StatusRuntimeException: UNAVAILABLE: io exception
2025-10-10 10:40:08,078 [aa9634f0-8836-44d6-bc05-5b19fbdd93d5@group-6EF60CB14872-LeaderElection257] INFO  impl.LeaderElection (LeaderElection.java:askForVotes(450)) - aa9634f0-8836-44d6-bc05-5b19fbdd93d5@group-6EF60CB14872-LeaderElection257 PRE_VOTE round 0: result REJECTED
2025-10-10 10:40:08,078 [aa9634f0-8836-44d6-bc05-5b19fbdd93d5@group-6EF60CB14872-LeaderElection257] INFO  server.RaftServer$Division (RaftServerImpl.java:setRole(392)) - aa9634f0-8836-44d6-bc05-5b19fbdd93d5@group-6EF60CB14872: changes role from CANDIDATE to FOLLOWER at term 5 for REJECTED
2025-10-10 10:40:08,078 [aa9634f0-8836-44d6-bc05-5b19fbdd93d5@group-6EF60CB14872-LeaderElection257] INFO  impl.RoleInfo (RoleInfo.java:shutdownLeaderElection(141)) - aa9634f0-8836-44d6-bc05-5b19fbdd93d5: shutdown aa9634f0-8836-44d6-bc05-5b19fbdd93d5@group-6EF60CB14872-LeaderElection257
2025-10-10 10:40:08,078 [aa9634f0-8836-44d6-bc05-5b19fbdd93d5@group-6EF60CB14872-LeaderElection257] INFO  impl.RoleInfo (RoleInfo.java:updateAndGet(148)) - aa9634f0-8836-44d6-bc05-5b19fbdd93d5: start aa9634f0-8836-44d6-bc05-5b19fbdd93d5@group-6EF60CB14872-FollowerState
2025-10-10 10:40:08,799 [aa9634f0-8836-44d6-bc05-5b19fbdd93d5@group-813C05265458-FollowerState] INFO  impl.FollowerState (FollowerState.java:runImpl(161)) - aa9634f0-8836-44d6-bc05-5b19fbdd93d5@group-813C05265458-FollowerState: change to CANDIDATE, lastRpcElapsedTime:1022312833ns, electionTimeout:1022ms
2025-10-10 10:40:08,799 [aa9634f0-8836-44d6-bc05-5b19fbdd93d5@group-813C05265458-FollowerState] INFO  impl.RoleInfo (RoleInfo.java:shutdownFollowerState(121)) - aa9634f0-8836-44d6-bc05-5b19fbdd93d5: shutdown aa9634f0-8836-44d6-bc05-5b19fbdd93d5@group-813C05265458-FollowerState
2025-10-10 10:40:08,799 [aa9634f0-8836-44d6-bc05-5b19fbdd93d5@group-813C05265458-FollowerState] INFO  server.RaftServer$Division (RaftServerImpl.java:setRole(392)) - aa9634f0-8836-44d6-bc05-5b19fbdd93d5@group-813C05265458: changes role from  FOLLOWER to CANDIDATE at term 1 for changeToCandidate
2025-10-10 10:40:08,800 [aa9634f0-8836-44d6-bc05-5b19fbdd93d5@group-813C05265458-FollowerState] INFO  impl.RoleInfo (RoleInfo.java:updateAndGet(148)) - aa9634f0-8836-44d6-bc05-5b19fbdd93d5: start aa9634f0-8836-44d6-bc05-5b19fbdd93d5@group-813C05265458-LeaderElection258
2025-10-10 10:40:08,800 [aa9634f0-8836-44d6-bc05-5b19fbdd93d5@group-813C05265458-LeaderElection258] INFO  impl.LeaderElection (LeaderElection.java:askForVotes(448)) - aa9634f0-8836-44d6-bc05-5b19fbdd93d5@group-813C05265458-LeaderElection258 PRE_VOTE round 0: submit vote requests at term 1 for conf: {index: 0, cur=peers:[aa9634f0-8836-44d6-bc05-5b19fbdd93d5|127.0.0.1:15063, 36185c6b-22ce-45d1-a622-3a6b487a5a53|127.0.0.1:15071, 895d447a-5476-42e4-b2fa-6eb687701d46|127.0.0.1:15079]|listeners:[], old=null}
2025-10-10 10:40:08,800 [aa9634f0-8836-44d6-bc05-5b19fbdd93d5@group-813C05265458-LeaderElection258] INFO  impl.LeaderElection (LogUtils.java:infoOrTrace(142)) - aa9634f0-8836-44d6-bc05-5b19fbdd93d5@group-813C05265458-LeaderElection258 got exception when requesting votes: java.util.concurrent.ExecutionException: org.apache.ratis.thirdparty.io.grpc.StatusRuntimeException: UNAVAILABLE: io exception
2025-10-10 10:40:08,800 [aa9634f0-8836-44d6-bc05-5b19fbdd93d5@group-813C05265458-LeaderElection258] INFO  impl.LeaderElection (LogUtils.java:infoOrTrace(142)) - aa9634f0-8836-44d6-bc05-5b19fbdd93d5@group-813C05265458-LeaderElection258 got exception when requesting votes: java.util.concurrent.ExecutionException: org.apache.ratis.thirdparty.io.grpc.StatusRuntimeException: UNAVAILABLE: io exception
2025-10-10 10:40:08,800 [aa9634f0-8836-44d6-bc05-5b19fbdd93d5@group-813C05265458-LeaderElection258] INFO  impl.LeaderElection (LeaderElection.java:logAndReturn(206)) - aa9634f0-8836-44d6-bc05-5b19fbdd93d5@group-813C05265458-LeaderElection258: PRE_VOTE REJECTED received 0 response(s) and 2 exception(s):
2025-10-10 10:40:08,800 [aa9634f0-8836-44d6-bc05-5b19fbdd93d5@group-813C05265458-LeaderElection258] INFO  impl.LeaderElection (LogUtils.java:infoOrTrace(142)) -   Exception 0: java.util.concurrent.ExecutionException: org.apache.ratis.thirdparty.io.grpc.StatusRuntimeException: UNAVAILABLE: io exception
2025-10-10 10:40:08,800 [aa9634f0-8836-44d6-bc05-5b19fbdd93d5@group-813C05265458-LeaderElection258] INFO  impl.LeaderElection (LogUtils.java:infoOrTrace(142)) -   Exception 1: java.util.concurrent.ExecutionException: org.apache.ratis.thirdparty.io.grpc.StatusRuntimeException: UNAVAILABLE: io exception
2025-10-10 10:40:08,801 [aa9634f0-8836-44d6-bc05-5b19fbdd93d5@group-813C05265458-LeaderElection258] INFO  impl.LeaderElection (LeaderElection.java:askForVotes(450)) - aa9634f0-8836-44d6-bc05-5b19fbdd93d5@group-813C05265458-LeaderElection258 PRE_VOTE round 0: result REJECTED
2025-10-10 10:40:08,801 [aa9634f0-8836-44d6-bc05-5b19fbdd93d5@group-813C05265458-LeaderElection258] INFO  server.RaftServer$Division (RaftServerImpl.java:setRole(392)) - aa9634f0-8836-44d6-bc05-5b19fbdd93d5@group-813C05265458: changes role from CANDIDATE to FOLLOWER at term 1 for REJECTED
2025-10-10 10:40:08,801 [aa9634f0-8836-44d6-bc05-5b19fbdd93d5@group-813C05265458-LeaderElection258] INFO  impl.RoleInfo (RoleInfo.java:shutdownLeaderElection(141)) - aa9634f0-8836-44d6-bc05-5b19fbdd93d5: shutdown aa9634f0-8836-44d6-bc05-5b19fbdd93d5@group-813C05265458-LeaderElection258
2025-10-10 10:40:08,801 [aa9634f0-8836-44d6-bc05-5b19fbdd93d5@group-813C05265458-LeaderElection258] INFO  impl.RoleInfo (RoleInfo.java:updateAndGet(148)) - aa9634f0-8836-44d6-bc05-5b19fbdd93d5: start aa9634f0-8836-44d6-bc05-5b19fbdd93d5@group-813C05265458-FollowerState
2025-10-10 10:40:09,188 [aa9634f0-8836-44d6-bc05-5b19fbdd93d5@group-6EF60CB14872-FollowerState] INFO  impl.FollowerState (FollowerState.java:runImpl(161)) - aa9634f0-8836-44d6-bc05-5b19fbdd93d5@group-6EF60CB14872-FollowerState: change to CANDIDATE, lastRpcElapsedTime:1109267867ns, electionTimeout:1109ms
2025-10-10 10:40:09,188 [aa9634f0-8836-44d6-bc05-5b19fbdd93d5@group-6EF60CB14872-FollowerState] INFO  impl.RoleInfo (RoleInfo.java:shutdownFollowerState(121)) - aa9634f0-8836-44d6-bc05-5b19fbdd93d5: shutdown aa9634f0-8836-44d6-bc05-5b19fbdd93d5@group-6EF60CB14872-FollowerState
2025-10-10 10:40:09,188 [aa9634f0-8836-44d6-bc05-5b19fbdd93d5@group-6EF60CB14872-FollowerState] INFO  server.RaftServer$Division (RaftServerImpl.java:setRole(392)) - aa9634f0-8836-44d6-bc05-5b19fbdd93d5@group-6EF60CB14872: changes role from  FOLLOWER to CANDIDATE at term 5 for changeToCandidate
2025-10-10 10:40:09,188 [aa9634f0-8836-44d6-bc05-5b19fbdd93d5@group-6EF60CB14872-FollowerState] INFO  impl.RoleInfo (RoleInfo.java:updateAndGet(148)) - aa9634f0-8836-44d6-bc05-5b19fbdd93d5: start aa9634f0-8836-44d6-bc05-5b19fbdd93d5@group-6EF60CB14872-LeaderElection259
2025-10-10 10:40:09,188 [aa9634f0-8836-44d6-bc05-5b19fbdd93d5@group-6EF60CB14872-LeaderElection259] INFO  impl.LeaderElection (LeaderElection.java:askForVotes(448)) - aa9634f0-8836-44d6-bc05-5b19fbdd93d5@group-6EF60CB14872-LeaderElection259 PRE_VOTE round 0: submit vote requests at term 5 for conf: {index: 20, cur=peers:[aa9634f0-8836-44d6-bc05-5b19fbdd93d5|127.0.0.1:15063, 36185c6b-22ce-45d1-a622-3a6b487a5a53|127.0.0.1:15071, 895d447a-5476-42e4-b2fa-6eb687701d46|127.0.0.1:15079]|listeners:[], old=null}
2025-10-10 10:40:09,189 [aa9634f0-8836-44d6-bc05-5b19fbdd93d5@group-6EF60CB14872-LeaderElection259] INFO  impl.LeaderElection (LogUtils.java:infoOrTrace(142)) - aa9634f0-8836-44d6-bc05-5b19fbdd93d5@group-6EF60CB14872-LeaderElection259 got exception when requesting votes: java.util.concurrent.ExecutionException: org.apache.ratis.thirdparty.io.grpc.StatusRuntimeException: UNAVAILABLE: io exception
2025-10-10 10:40:09,189 [aa9634f0-8836-44d6-bc05-5b19fbdd93d5@group-6EF60CB14872-LeaderElection259] INFO  impl.LeaderElection (LogUtils.java:infoOrTrace(142)) - aa9634f0-8836-44d6-bc05-5b19fbdd93d5@group-6EF60CB14872-LeaderElection259 got exception when requesting votes: java.util.concurrent.ExecutionException: org.apache.ratis.thirdparty.io.grpc.StatusRuntimeException: UNAVAILABLE: io exception
2025-10-10 10:40:09,189 [aa9634f0-8836-44d6-bc05-5b19fbdd93d5@group-6EF60CB14872-LeaderElection259] INFO  impl.LeaderElection (LeaderElection.java:logAndReturn(206)) - aa9634f0-8836-44d6-bc05-5b19fbdd93d5@group-6EF60CB14872-LeaderElection259: PRE_VOTE REJECTED received 0 response(s) and 2 exception(s):
2025-10-10 10:40:09,189 [aa9634f0-8836-44d6-bc05-5b19fbdd93d5@group-6EF60CB14872-LeaderElection259] INFO  impl.LeaderElection (LogUtils.java:infoOrTrace(142)) -   Exception 0: java.util.concurrent.ExecutionException: org.apache.ratis.thirdparty.io.grpc.StatusRuntimeException: UNAVAILABLE: io exception
2025-10-10 10:40:09,189 [aa9634f0-8836-44d6-bc05-5b19fbdd93d5@group-6EF60CB14872-LeaderElection259] INFO  impl.LeaderElection (LogUtils.java:infoOrTrace(142)) -   Exception 1: java.util.concurrent.ExecutionException: org.apache.ratis.thirdparty.io.grpc.StatusRuntimeException: UNAVAILABLE: io exception
2025-10-10 10:40:09,189 [aa9634f0-8836-44d6-bc05-5b19fbdd93d5@group-6EF60CB14872-LeaderElection259] INFO  impl.LeaderElection (LeaderElection.java:askForVotes(450)) - aa9634f0-8836-44d6-bc05-5b19fbdd93d5@group-6EF60CB14872-LeaderElection259 PRE_VOTE round 0: result REJECTED
2025-10-10 10:40:09,189 [aa9634f0-8836-44d6-bc05-5b19fbdd93d5@group-6EF60CB14872-LeaderElection259] INFO  server.RaftServer$Division (RaftServerImpl.java:setRole(392)) - aa9634f0-8836-44d6-bc05-5b19fbdd93d5@group-6EF60CB14872: changes role from CANDIDATE to FOLLOWER at term 5 for REJECTED
2025-10-10 10:40:09,189 [aa9634f0-8836-44d6-bc05-5b19fbdd93d5@group-6EF60CB14872-LeaderElection259] INFO  impl.RoleInfo (RoleInfo.java:shutdownLeaderElection(141)) - aa9634f0-8836-44d6-bc05-5b19fbdd93d5: shutdown aa9634f0-8836-44d6-bc05-5b19fbdd93d5@group-6EF60CB14872-LeaderElection259
2025-10-10 10:40:09,189 [aa9634f0-8836-44d6-bc05-5b19fbdd93d5@group-6EF60CB14872-LeaderElection259] INFO  impl.RoleInfo (RoleInfo.java:updateAndGet(148)) - aa9634f0-8836-44d6-bc05-5b19fbdd93d5: start aa9634f0-8836-44d6-bc05-5b19fbdd93d5@group-6EF60CB14872-FollowerState
2025-10-10 10:40:09,490 [timer2] ERROR impl.OrderedAsync (OrderedAsync.java:lambda$null$6(215)) -  (Repeated 2 times in the last 5.002s) client-E1F90CE0EC34: Failed* RaftClientRequest:client-E1F90CE0EC34->36185c6b-22ce-45d1-a622-3a6b487a5a53@group-6EF60CB14872, cid=60, seq=6*, RW, cmdType: WriteChunk traceID: "" containerID: 8 datanodeUuid: "36185c6b-22ce-45d1-a622-3a6b487a5a53" writeChunk { blockID { containerID: 8 localID: 115816896921600008 blockCommitSequenceId: 16 replicaIndex: 0 } chunkData { chunkName: "115816896921600008_chunk_3" offset: 2097152 len: 524288 } } version: 3, data.size=524288
java.util.concurrent.CompletionException: java.io.IOException: org.apache.ratis.thirdparty.io.grpc.StatusRuntimeException: UNAVAILABLE: io exception
	at java.base/java.util.concurrent.CompletableFuture.encodeThrowable(CompletableFuture.java:332)
	at java.base/java.util.concurrent.CompletableFuture.completeThrowable(CompletableFuture.java:347)
	at java.base/java.util.concurrent.CompletableFuture$UniAccept.tryFire(CompletableFuture.java:708)
	at java.base/java.util.concurrent.CompletableFuture.postComplete(CompletableFuture.java:510)
	at java.base/java.util.concurrent.CompletableFuture.completeExceptionally(CompletableFuture.java:2194)
	at org.apache.ratis.grpc.client.GrpcClientProtocolClient$AsyncStreamObservers.completeReplyExceptionally(GrpcClientProtocolClient.java:397)
	at org.apache.ratis.grpc.client.GrpcClientProtocolClient$AsyncStreamObservers.access$000(GrpcClientProtocolClient.java:303)
	at org.apache.ratis.grpc.client.GrpcClientProtocolClient$AsyncStreamObservers$1.onError(GrpcClientProtocolClient.java:334)
	at org.apache.ratis.thirdparty.io.grpc.stub.ClientCalls$StreamObserverToCallListenerAdapter.onClose(ClientCalls.java:564)
	at org.apache.ratis.thirdparty.io.grpc.PartialForwardingClientCallListener.onClose(PartialForwardingClientCallListener.java:39)
	at org.apache.ratis.thirdparty.io.grpc.ForwardingClientCallListener.onClose(ForwardingClientCallListener.java:23)
	at org.apache.ratis.grpc.metrics.intercept.client.MetricClientCallListener.onClose(MetricClientCallListener.java:47)
	at org.apache.ratis.thirdparty.io.grpc.internal.ClientCallImpl.closeObserver(ClientCallImpl.java:565)
	at org.apache.ratis.thirdparty.io.grpc.internal.ClientCallImpl.access$100(ClientCallImpl.java:72)
	at org.apache.ratis.thirdparty.io.grpc.internal.ClientCallImpl$ClientStreamListenerImpl$1StreamClosed.runInternal(ClientCallImpl.java:733)
	at org.apache.ratis.thirdparty.io.grpc.internal.ClientCallImpl$ClientStreamListenerImpl$1StreamClosed.runInContext(ClientCallImpl.java:714)
	at org.apache.ratis.thirdparty.io.grpc.internal.ContextRunnable.run(ContextRunnable.java:37)
	at org.apache.ratis.thirdparty.io.grpc.internal.SerializingExecutor.run(SerializingExecutor.java:133)
	at java.base/java.util.concurrent.ThreadPoolExecutor.runWorker(ThreadPoolExecutor.java:1144)
	at java.base/java.util.concurrent.ThreadPoolExecutor$Worker.run(ThreadPoolExecutor.java:642)
	at java.base/java.lang.Thread.run(Thread.java:1583)
Caused by: java.io.IOException: org.apache.ratis.thirdparty.io.grpc.StatusRuntimeException: UNAVAILABLE: io exception
	at org.apache.ratis.grpc.GrpcUtil.unwrapException(GrpcUtil.java:99)
	at org.apache.ratis.grpc.GrpcUtil.unwrapIOException(GrpcUtil.java:159)
	at org.apache.ratis.grpc.client.GrpcClientProtocolClient$AsyncStreamObservers$1.onError(GrpcClientProtocolClient.java:333)
	... 13 more
Caused by: org.apache.ratis.thirdparty.io.grpc.StatusRuntimeException: UNAVAILABLE: io exception
	at org.apache.ratis.thirdparty.io.grpc.Status.asRuntimeException(Status.java:532)
	... 13 more
Caused by: org.apache.ratis.thirdparty.io.netty.channel.AbstractChannel$AnnotatedConnectException: finishConnect(..) failed: Connection refused: /127.0.0.1:15069
Caused by: java.net.ConnectException: finishConnect(..) failed: Connection refused
	at org.apache.ratis.thirdparty.io.netty.channel.unix.Errors.newConnectException0(Errors.java:166)
	at org.apache.ratis.thirdparty.io.netty.channel.unix.Errors.handleConnectErrno(Errors.java:131)
	at org.apache.ratis.thirdparty.io.netty.channel.unix.Socket.finishConnect(Socket.java:359)
	at org.apache.ratis.thirdparty.io.netty.channel.epoll.AbstractEpollChannel$AbstractEpollUnsafe.doFinishConnect(AbstractEpollChannel.java:715)
	at org.apache.ratis.thirdparty.io.netty.channel.epoll.AbstractEpollChannel$AbstractEpollUnsafe.finishConnect(AbstractEpollChannel.java:692)
	at org.apache.ratis.thirdparty.io.netty.channel.epoll.AbstractEpollChannel$AbstractEpollUnsafe.epollOutReady(AbstractEpollChannel.java:567)
	at org.apache.ratis.thirdparty.io.netty.channel.epoll.EpollEventLoop.processReady(EpollEventLoop.java:491)
	at org.apache.ratis.thirdparty.io.netty.channel.epoll.EpollEventLoop.run(EpollEventLoop.java:399)
	at org.apache.ratis.thirdparty.io.netty.util.concurrent.SingleThreadEventExecutor$4.run(SingleThreadEventExecutor.java:998)
	at org.apache.ratis.thirdparty.io.netty.util.internal.ThreadExecutorMap$2.run(ThreadExecutorMap.java:74)
	at org.apache.ratis.thirdparty.io.netty.util.concurrent.FastThreadLocalRunnable.run(FastThreadLocalRunnable.java:30)
	at java.base/java.lang.Thread.run(Thread.java:1583)
2025-10-10 10:40:09,927 [aa9634f0-8836-44d6-bc05-5b19fbdd93d5@group-813C05265458-FollowerState] INFO  impl.FollowerState (FollowerState.java:runImpl(161)) - aa9634f0-8836-44d6-bc05-5b19fbdd93d5@group-813C05265458-FollowerState: change to CANDIDATE, lastRpcElapsedTime:1126308319ns, electionTimeout:1126ms
2025-10-10 10:40:09,927 [aa9634f0-8836-44d6-bc05-5b19fbdd93d5@group-813C05265458-FollowerState] INFO  impl.RoleInfo (RoleInfo.java:shutdownFollowerState(121)) - aa9634f0-8836-44d6-bc05-5b19fbdd93d5: shutdown aa9634f0-8836-44d6-bc05-5b19fbdd93d5@group-813C05265458-FollowerState
2025-10-10 10:40:09,927 [aa9634f0-8836-44d6-bc05-5b19fbdd93d5@group-813C05265458-FollowerState] INFO  server.RaftServer$Division (RaftServerImpl.java:setRole(392)) - aa9634f0-8836-44d6-bc05-5b19fbdd93d5@group-813C05265458: changes role from  FOLLOWER to CANDIDATE at term 1 for changeToCandidate
2025-10-10 10:40:09,927 [aa9634f0-8836-44d6-bc05-5b19fbdd93d5@group-813C05265458-FollowerState] INFO  impl.RoleInfo (RoleInfo.java:updateAndGet(148)) - aa9634f0-8836-44d6-bc05-5b19fbdd93d5: start aa9634f0-8836-44d6-bc05-5b19fbdd93d5@group-813C05265458-LeaderElection260
2025-10-10 10:40:09,928 [aa9634f0-8836-44d6-bc05-5b19fbdd93d5@group-813C05265458-LeaderElection260] INFO  impl.LeaderElection (LeaderElection.java:askForVotes(448)) - aa9634f0-8836-44d6-bc05-5b19fbdd93d5@group-813C05265458-LeaderElection260 PRE_VOTE round 0: submit vote requests at term 1 for conf: {index: 0, cur=peers:[aa9634f0-8836-44d6-bc05-5b19fbdd93d5|127.0.0.1:15063, 36185c6b-22ce-45d1-a622-3a6b487a5a53|127.0.0.1:15071, 895d447a-5476-42e4-b2fa-6eb687701d46|127.0.0.1:15079]|listeners:[], old=null}
2025-10-10 10:40:09,928 [aa9634f0-8836-44d6-bc05-5b19fbdd93d5@group-813C05265458-LeaderElection260] INFO  impl.LeaderElection (LogUtils.java:infoOrTrace(142)) - aa9634f0-8836-44d6-bc05-5b19fbdd93d5@group-813C05265458-LeaderElection260 got exception when requesting votes: java.util.concurrent.ExecutionException: org.apache.ratis.thirdparty.io.grpc.StatusRuntimeException: UNAVAILABLE: io exception
2025-10-10 10:40:09,928 [aa9634f0-8836-44d6-bc05-5b19fbdd93d5@group-813C05265458-LeaderElection260] INFO  impl.LeaderElection (LogUtils.java:infoOrTrace(142)) - aa9634f0-8836-44d6-bc05-5b19fbdd93d5@group-813C05265458-LeaderElection260 got exception when requesting votes: java.util.concurrent.ExecutionException: org.apache.ratis.thirdparty.io.grpc.StatusRuntimeException: UNAVAILABLE: io exception
2025-10-10 10:40:09,928 [aa9634f0-8836-44d6-bc05-5b19fbdd93d5@group-813C05265458-LeaderElection260] INFO  impl.LeaderElection (LeaderElection.java:logAndReturn(206)) - aa9634f0-8836-44d6-bc05-5b19fbdd93d5@group-813C05265458-LeaderElection260: PRE_VOTE REJECTED received 0 response(s) and 2 exception(s):
2025-10-10 10:40:09,928 [aa9634f0-8836-44d6-bc05-5b19fbdd93d5@group-813C05265458-LeaderElection260] INFO  impl.LeaderElection (LogUtils.java:infoOrTrace(142)) -   Exception 0: java.util.concurrent.ExecutionException: org.apache.ratis.thirdparty.io.grpc.StatusRuntimeException: UNAVAILABLE: io exception
2025-10-10 10:40:09,928 [aa9634f0-8836-44d6-bc05-5b19fbdd93d5@group-813C05265458-LeaderElection260] INFO  impl.LeaderElection (LogUtils.java:infoOrTrace(142)) -   Exception 1: java.util.concurrent.ExecutionException: org.apache.ratis.thirdparty.io.grpc.StatusRuntimeException: UNAVAILABLE: io exception
2025-10-10 10:40:09,928 [aa9634f0-8836-44d6-bc05-5b19fbdd93d5@group-813C05265458-LeaderElection260] INFO  impl.LeaderElection (LeaderElection.java:askForVotes(450)) - aa9634f0-8836-44d6-bc05-5b19fbdd93d5@group-813C05265458-LeaderElection260 PRE_VOTE round 0: result REJECTED
2025-10-10 10:40:09,928 [aa9634f0-8836-44d6-bc05-5b19fbdd93d5@group-813C05265458-LeaderElection260] INFO  server.RaftServer$Division (RaftServerImpl.java:setRole(392)) - aa9634f0-8836-44d6-bc05-5b19fbdd93d5@group-813C05265458: changes role from CANDIDATE to FOLLOWER at term 1 for REJECTED
2025-10-10 10:40:09,928 [aa9634f0-8836-44d6-bc05-5b19fbdd93d5@group-813C05265458-LeaderElection260] INFO  impl.RoleInfo (RoleInfo.java:shutdownLeaderElection(141)) - aa9634f0-8836-44d6-bc05-5b19fbdd93d5: shutdown aa9634f0-8836-44d6-bc05-5b19fbdd93d5@group-813C05265458-LeaderElection260
2025-10-10 10:40:09,928 [aa9634f0-8836-44d6-bc05-5b19fbdd93d5@group-813C05265458-LeaderElection260] INFO  impl.RoleInfo (RoleInfo.java:updateAndGet(148)) - aa9634f0-8836-44d6-bc05-5b19fbdd93d5: start aa9634f0-8836-44d6-bc05-5b19fbdd93d5@group-813C05265458-FollowerState
2025-10-10 10:40:10,216 [aa9634f0-8836-44d6-bc05-5b19fbdd93d5@group-6EF60CB14872-FollowerState] INFO  impl.FollowerState (FollowerState.java:runImpl(161)) - aa9634f0-8836-44d6-bc05-5b19fbdd93d5@group-6EF60CB14872-FollowerState: change to CANDIDATE, lastRpcElapsedTime:1027259510ns, electionTimeout:1027ms
2025-10-10 10:40:10,216 [aa9634f0-8836-44d6-bc05-5b19fbdd93d5@group-6EF60CB14872-FollowerState] INFO  impl.RoleInfo (RoleInfo.java:shutdownFollowerState(121)) - aa9634f0-8836-44d6-bc05-5b19fbdd93d5: shutdown aa9634f0-8836-44d6-bc05-5b19fbdd93d5@group-6EF60CB14872-FollowerState
2025-10-10 10:40:10,216 [aa9634f0-8836-44d6-bc05-5b19fbdd93d5@group-6EF60CB14872-FollowerState] INFO  server.RaftServer$Division (RaftServerImpl.java:setRole(392)) - aa9634f0-8836-44d6-bc05-5b19fbdd93d5@group-6EF60CB14872: changes role from  FOLLOWER to CANDIDATE at term 5 for changeToCandidate
2025-10-10 10:40:10,216 [aa9634f0-8836-44d6-bc05-5b19fbdd93d5@group-6EF60CB14872-FollowerState] INFO  impl.RoleInfo (RoleInfo.java:updateAndGet(148)) - aa9634f0-8836-44d6-bc05-5b19fbdd93d5: start aa9634f0-8836-44d6-bc05-5b19fbdd93d5@group-6EF60CB14872-LeaderElection261
2025-10-10 10:40:10,217 [aa9634f0-8836-44d6-bc05-5b19fbdd93d5@group-6EF60CB14872-LeaderElection261] INFO  impl.LeaderElection (LeaderElection.java:askForVotes(448)) - aa9634f0-8836-44d6-bc05-5b19fbdd93d5@group-6EF60CB14872-LeaderElection261 PRE_VOTE round 0: submit vote requests at term 5 for conf: {index: 20, cur=peers:[aa9634f0-8836-44d6-bc05-5b19fbdd93d5|127.0.0.1:15063, 36185c6b-22ce-45d1-a622-3a6b487a5a53|127.0.0.1:15071, 895d447a-5476-42e4-b2fa-6eb687701d46|127.0.0.1:15079]|listeners:[], old=null}
2025-10-10 10:40:10,217 [aa9634f0-8836-44d6-bc05-5b19fbdd93d5@group-6EF60CB14872-LeaderElection261] INFO  impl.LeaderElection (LogUtils.java:infoOrTrace(142)) - aa9634f0-8836-44d6-bc05-5b19fbdd93d5@group-6EF60CB14872-LeaderElection261 got exception when requesting votes: java.util.concurrent.ExecutionException: org.apache.ratis.thirdparty.io.grpc.StatusRuntimeException: UNAVAILABLE: io exception
2025-10-10 10:40:10,218 [aa9634f0-8836-44d6-bc05-5b19fbdd93d5@group-6EF60CB14872-LeaderElection261] INFO  impl.LeaderElection (LogUtils.java:infoOrTrace(142)) - aa9634f0-8836-44d6-bc05-5b19fbdd93d5@group-6EF60CB14872-LeaderElection261 got exception when requesting votes: java.util.concurrent.ExecutionException: org.apache.ratis.thirdparty.io.grpc.StatusRuntimeException: UNAVAILABLE: io exception
2025-10-10 10:40:10,218 [aa9634f0-8836-44d6-bc05-5b19fbdd93d5@group-6EF60CB14872-LeaderElection261] INFO  impl.LeaderElection (LeaderElection.java:logAndReturn(206)) - aa9634f0-8836-44d6-bc05-5b19fbdd93d5@group-6EF60CB14872-LeaderElection261: PRE_VOTE REJECTED received 0 response(s) and 2 exception(s):
2025-10-10 10:40:10,218 [aa9634f0-8836-44d6-bc05-5b19fbdd93d5@group-6EF60CB14872-LeaderElection261] INFO  impl.LeaderElection (LogUtils.java:infoOrTrace(142)) -   Exception 0: java.util.concurrent.ExecutionException: org.apache.ratis.thirdparty.io.grpc.StatusRuntimeException: UNAVAILABLE: io exception
2025-10-10 10:40:10,218 [aa9634f0-8836-44d6-bc05-5b19fbdd93d5@group-6EF60CB14872-LeaderElection261] INFO  impl.LeaderElection (LogUtils.java:infoOrTrace(142)) -   Exception 1: java.util.concurrent.ExecutionException: org.apache.ratis.thirdparty.io.grpc.StatusRuntimeException: UNAVAILABLE: io exception
2025-10-10 10:40:10,218 [aa9634f0-8836-44d6-bc05-5b19fbdd93d5@group-6EF60CB14872-LeaderElection261] INFO  impl.LeaderElection (LeaderElection.java:askForVotes(450)) - aa9634f0-8836-44d6-bc05-5b19fbdd93d5@group-6EF60CB14872-LeaderElection261 PRE_VOTE round 0: result REJECTED
2025-10-10 10:40:10,218 [aa9634f0-8836-44d6-bc05-5b19fbdd93d5@group-6EF60CB14872-LeaderElection261] INFO  server.RaftServer$Division (RaftServerImpl.java:setRole(392)) - aa9634f0-8836-44d6-bc05-5b19fbdd93d5@group-6EF60CB14872: changes role from CANDIDATE to FOLLOWER at term 5 for REJECTED
2025-10-10 10:40:10,218 [aa9634f0-8836-44d6-bc05-5b19fbdd93d5@group-6EF60CB14872-LeaderElection261] INFO  impl.RoleInfo (RoleInfo.java:shutdownLeaderElection(141)) - aa9634f0-8836-44d6-bc05-5b19fbdd93d5: shutdown aa9634f0-8836-44d6-bc05-5b19fbdd93d5@group-6EF60CB14872-LeaderElection261
2025-10-10 10:40:10,218 [aa9634f0-8836-44d6-bc05-5b19fbdd93d5@group-6EF60CB14872-LeaderElection261] INFO  impl.RoleInfo (RoleInfo.java:updateAndGet(148)) - aa9634f0-8836-44d6-bc05-5b19fbdd93d5: start aa9634f0-8836-44d6-bc05-5b19fbdd93d5@group-6EF60CB14872-FollowerState
2025-10-10 10:40:11,064 [aa9634f0-8836-44d6-bc05-5b19fbdd93d5@group-813C05265458-FollowerState] INFO  impl.FollowerState (FollowerState.java:runImpl(161)) - aa9634f0-8836-44d6-bc05-5b19fbdd93d5@group-813C05265458-FollowerState: change to CANDIDATE, lastRpcElapsedTime:1135262520ns, electionTimeout:1135ms
2025-10-10 10:40:11,064 [aa9634f0-8836-44d6-bc05-5b19fbdd93d5@group-813C05265458-FollowerState] INFO  impl.RoleInfo (RoleInfo.java:shutdownFollowerState(121)) - aa9634f0-8836-44d6-bc05-5b19fbdd93d5: shutdown aa9634f0-8836-44d6-bc05-5b19fbdd93d5@group-813C05265458-FollowerState
2025-10-10 10:40:11,064 [aa9634f0-8836-44d6-bc05-5b19fbdd93d5@group-813C05265458-FollowerState] INFO  server.RaftServer$Division (RaftServerImpl.java:setRole(392)) - aa9634f0-8836-44d6-bc05-5b19fbdd93d5@group-813C05265458: changes role from  FOLLOWER to CANDIDATE at term 1 for changeToCandidate
2025-10-10 10:40:11,064 [aa9634f0-8836-44d6-bc05-5b19fbdd93d5@group-813C05265458-FollowerState] INFO  impl.RoleInfo (RoleInfo.java:updateAndGet(148)) - aa9634f0-8836-44d6-bc05-5b19fbdd93d5: start aa9634f0-8836-44d6-bc05-5b19fbdd93d5@group-813C05265458-LeaderElection262
2025-10-10 10:40:11,064 [aa9634f0-8836-44d6-bc05-5b19fbdd93d5@group-813C05265458-LeaderElection262] INFO  impl.LeaderElection (LeaderElection.java:askForVotes(448)) - aa9634f0-8836-44d6-bc05-5b19fbdd93d5@group-813C05265458-LeaderElection262 PRE_VOTE round 0: submit vote requests at term 1 for conf: {index: 0, cur=peers:[aa9634f0-8836-44d6-bc05-5b19fbdd93d5|127.0.0.1:15063, 36185c6b-22ce-45d1-a622-3a6b487a5a53|127.0.0.1:15071, 895d447a-5476-42e4-b2fa-6eb687701d46|127.0.0.1:15079]|listeners:[], old=null}
2025-10-10 10:40:11,065 [aa9634f0-8836-44d6-bc05-5b19fbdd93d5@group-813C05265458-LeaderElection262] INFO  impl.LeaderElection (LogUtils.java:infoOrTrace(142)) - aa9634f0-8836-44d6-bc05-5b19fbdd93d5@group-813C05265458-LeaderElection262 got exception when requesting votes: java.util.concurrent.ExecutionException: org.apache.ratis.thirdparty.io.grpc.StatusRuntimeException: UNAVAILABLE: io exception
2025-10-10 10:40:11,065 [aa9634f0-8836-44d6-bc05-5b19fbdd93d5@group-813C05265458-LeaderElection262] INFO  impl.LeaderElection (LogUtils.java:infoOrTrace(142)) - aa9634f0-8836-44d6-bc05-5b19fbdd93d5@group-813C05265458-LeaderElection262 got exception when requesting votes: java.util.concurrent.ExecutionException: org.apache.ratis.thirdparty.io.grpc.StatusRuntimeException: UNAVAILABLE: io exception
2025-10-10 10:40:11,065 [aa9634f0-8836-44d6-bc05-5b19fbdd93d5@group-813C05265458-LeaderElection262] INFO  impl.LeaderElection (LeaderElection.java:logAndReturn(206)) - aa9634f0-8836-44d6-bc05-5b19fbdd93d5@group-813C05265458-LeaderElection262: PRE_VOTE REJECTED received 0 response(s) and 2 exception(s):
2025-10-10 10:40:11,065 [aa9634f0-8836-44d6-bc05-5b19fbdd93d5@group-813C05265458-LeaderElection262] INFO  impl.LeaderElection (LogUtils.java:infoOrTrace(142)) -   Exception 0: java.util.concurrent.ExecutionException: org.apache.ratis.thirdparty.io.grpc.StatusRuntimeException: UNAVAILABLE: io exception
2025-10-10 10:40:11,065 [aa9634f0-8836-44d6-bc05-5b19fbdd93d5@group-813C05265458-LeaderElection262] INFO  impl.LeaderElection (LogUtils.java:infoOrTrace(142)) -   Exception 1: java.util.concurrent.ExecutionException: org.apache.ratis.thirdparty.io.grpc.StatusRuntimeException: UNAVAILABLE: io exception
2025-10-10 10:40:11,065 [aa9634f0-8836-44d6-bc05-5b19fbdd93d5@group-813C05265458-LeaderElection262] INFO  impl.LeaderElection (LeaderElection.java:askForVotes(450)) - aa9634f0-8836-44d6-bc05-5b19fbdd93d5@group-813C05265458-LeaderElection262 PRE_VOTE round 0: result REJECTED
2025-10-10 10:40:11,065 [aa9634f0-8836-44d6-bc05-5b19fbdd93d5@group-813C05265458-LeaderElection262] INFO  server.RaftServer$Division (RaftServerImpl.java:setRole(392)) - aa9634f0-8836-44d6-bc05-5b19fbdd93d5@group-813C05265458: changes role from CANDIDATE to FOLLOWER at term 1 for REJECTED
2025-10-10 10:40:11,065 [aa9634f0-8836-44d6-bc05-5b19fbdd93d5@group-813C05265458-LeaderElection262] INFO  impl.RoleInfo (RoleInfo.java:shutdownLeaderElection(141)) - aa9634f0-8836-44d6-bc05-5b19fbdd93d5: shutdown aa9634f0-8836-44d6-bc05-5b19fbdd93d5@group-813C05265458-LeaderElection262
2025-10-10 10:40:11,065 [aa9634f0-8836-44d6-bc05-5b19fbdd93d5@group-813C05265458-LeaderElection262] INFO  impl.RoleInfo (RoleInfo.java:updateAndGet(148)) - aa9634f0-8836-44d6-bc05-5b19fbdd93d5: start aa9634f0-8836-44d6-bc05-5b19fbdd93d5@group-813C05265458-FollowerState
2025-10-10 10:40:11,324 [aa9634f0-8836-44d6-bc05-5b19fbdd93d5@group-6EF60CB14872-FollowerState] INFO  impl.FollowerState (FollowerState.java:runImpl(161)) - aa9634f0-8836-44d6-bc05-5b19fbdd93d5@group-6EF60CB14872-FollowerState: change to CANDIDATE, lastRpcElapsedTime:1106341185ns, electionTimeout:1106ms
2025-10-10 10:40:11,324 [aa9634f0-8836-44d6-bc05-5b19fbdd93d5@group-6EF60CB14872-FollowerState] INFO  impl.RoleInfo (RoleInfo.java:shutdownFollowerState(121)) - aa9634f0-8836-44d6-bc05-5b19fbdd93d5: shutdown aa9634f0-8836-44d6-bc05-5b19fbdd93d5@group-6EF60CB14872-FollowerState
2025-10-10 10:40:11,324 [aa9634f0-8836-44d6-bc05-5b19fbdd93d5@group-6EF60CB14872-FollowerState] INFO  server.RaftServer$Division (RaftServerImpl.java:setRole(392)) - aa9634f0-8836-44d6-bc05-5b19fbdd93d5@group-6EF60CB14872: changes role from  FOLLOWER to CANDIDATE at term 5 for changeToCandidate
2025-10-10 10:40:11,324 [aa9634f0-8836-44d6-bc05-5b19fbdd93d5@group-6EF60CB14872-FollowerState] INFO  impl.RoleInfo (RoleInfo.java:updateAndGet(148)) - aa9634f0-8836-44d6-bc05-5b19fbdd93d5: start aa9634f0-8836-44d6-bc05-5b19fbdd93d5@group-6EF60CB14872-LeaderElection263
2025-10-10 10:40:11,325 [aa9634f0-8836-44d6-bc05-5b19fbdd93d5@group-6EF60CB14872-LeaderElection263] INFO  impl.LeaderElection (LeaderElection.java:askForVotes(448)) - aa9634f0-8836-44d6-bc05-5b19fbdd93d5@group-6EF60CB14872-LeaderElection263 PRE_VOTE round 0: submit vote requests at term 5 for conf: {index: 20, cur=peers:[aa9634f0-8836-44d6-bc05-5b19fbdd93d5|127.0.0.1:15063, 36185c6b-22ce-45d1-a622-3a6b487a5a53|127.0.0.1:15071, 895d447a-5476-42e4-b2fa-6eb687701d46|127.0.0.1:15079]|listeners:[], old=null}
2025-10-10 10:40:11,325 [aa9634f0-8836-44d6-bc05-5b19fbdd93d5@group-6EF60CB14872-LeaderElection263] INFO  impl.LeaderElection (LogUtils.java:infoOrTrace(142)) - aa9634f0-8836-44d6-bc05-5b19fbdd93d5@group-6EF60CB14872-LeaderElection263 got exception when requesting votes: java.util.concurrent.ExecutionException: org.apache.ratis.thirdparty.io.grpc.StatusRuntimeException: UNAVAILABLE: io exception
2025-10-10 10:40:11,325 [aa9634f0-8836-44d6-bc05-5b19fbdd93d5@group-6EF60CB14872-LeaderElection263] INFO  impl.LeaderElection (LogUtils.java:infoOrTrace(142)) - aa9634f0-8836-44d6-bc05-5b19fbdd93d5@group-6EF60CB14872-LeaderElection263 got exception when requesting votes: java.util.concurrent.ExecutionException: org.apache.ratis.thirdparty.io.grpc.StatusRuntimeException: UNAVAILABLE: io exception
2025-10-10 10:40:11,325 [aa9634f0-8836-44d6-bc05-5b19fbdd93d5@group-6EF60CB14872-LeaderElection263] INFO  impl.LeaderElection (LeaderElection.java:logAndReturn(206)) - aa9634f0-8836-44d6-bc05-5b19fbdd93d5@group-6EF60CB14872-LeaderElection263: PRE_VOTE REJECTED received 0 response(s) and 2 exception(s):
2025-10-10 10:40:11,325 [aa9634f0-8836-44d6-bc05-5b19fbdd93d5@group-6EF60CB14872-LeaderElection263] INFO  impl.LeaderElection (LogUtils.java:infoOrTrace(142)) -   Exception 0: java.util.concurrent.ExecutionException: org.apache.ratis.thirdparty.io.grpc.StatusRuntimeException: UNAVAILABLE: io exception
2025-10-10 10:40:11,325 [aa9634f0-8836-44d6-bc05-5b19fbdd93d5@group-6EF60CB14872-LeaderElection263] INFO  impl.LeaderElection (LogUtils.java:infoOrTrace(142)) -   Exception 1: java.util.concurrent.ExecutionException: org.apache.ratis.thirdparty.io.grpc.StatusRuntimeException: UNAVAILABLE: io exception
2025-10-10 10:40:11,325 [aa9634f0-8836-44d6-bc05-5b19fbdd93d5@group-6EF60CB14872-LeaderElection263] INFO  impl.LeaderElection (LeaderElection.java:askForVotes(450)) - aa9634f0-8836-44d6-bc05-5b19fbdd93d5@group-6EF60CB14872-LeaderElection263 PRE_VOTE round 0: result REJECTED
2025-10-10 10:40:11,325 [aa9634f0-8836-44d6-bc05-5b19fbdd93d5@group-6EF60CB14872-LeaderElection263] INFO  server.RaftServer$Division (RaftServerImpl.java:setRole(392)) - aa9634f0-8836-44d6-bc05-5b19fbdd93d5@group-6EF60CB14872: changes role from CANDIDATE to FOLLOWER at term 5 for REJECTED
2025-10-10 10:40:11,326 [aa9634f0-8836-44d6-bc05-5b19fbdd93d5@group-6EF60CB14872-LeaderElection263] INFO  impl.RoleInfo (RoleInfo.java:shutdownLeaderElection(141)) - aa9634f0-8836-44d6-bc05-5b19fbdd93d5: shutdown aa9634f0-8836-44d6-bc05-5b19fbdd93d5@group-6EF60CB14872-LeaderElection263
2025-10-10 10:40:11,326 [aa9634f0-8836-44d6-bc05-5b19fbdd93d5@group-6EF60CB14872-LeaderElection263] INFO  impl.RoleInfo (RoleInfo.java:updateAndGet(148)) - aa9634f0-8836-44d6-bc05-5b19fbdd93d5: start aa9634f0-8836-44d6-bc05-5b19fbdd93d5@group-6EF60CB14872-FollowerState
2025-10-10 10:40:12,140 [aa9634f0-8836-44d6-bc05-5b19fbdd93d5@group-813C05265458-FollowerState] INFO  impl.FollowerState (FollowerState.java:runImpl(161)) - aa9634f0-8836-44d6-bc05-5b19fbdd93d5@group-813C05265458-FollowerState: change to CANDIDATE, lastRpcElapsedTime:1074268003ns, electionTimeout:1074ms
2025-10-10 10:40:12,140 [aa9634f0-8836-44d6-bc05-5b19fbdd93d5@group-813C05265458-FollowerState] INFO  impl.RoleInfo (RoleInfo.java:shutdownFollowerState(121)) - aa9634f0-8836-44d6-bc05-5b19fbdd93d5: shutdown aa9634f0-8836-44d6-bc05-5b19fbdd93d5@group-813C05265458-FollowerState
2025-10-10 10:40:12,140 [aa9634f0-8836-44d6-bc05-5b19fbdd93d5@group-813C05265458-FollowerState] INFO  server.RaftServer$Division (RaftServerImpl.java:setRole(392)) - aa9634f0-8836-44d6-bc05-5b19fbdd93d5@group-813C05265458: changes role from  FOLLOWER to CANDIDATE at term 1 for changeToCandidate
2025-10-10 10:40:12,140 [aa9634f0-8836-44d6-bc05-5b19fbdd93d5@group-813C05265458-FollowerState] INFO  impl.RoleInfo (RoleInfo.java:updateAndGet(148)) - aa9634f0-8836-44d6-bc05-5b19fbdd93d5: start aa9634f0-8836-44d6-bc05-5b19fbdd93d5@group-813C05265458-LeaderElection264
2025-10-10 10:40:12,140 [aa9634f0-8836-44d6-bc05-5b19fbdd93d5@group-813C05265458-LeaderElection264] INFO  impl.LeaderElection (LeaderElection.java:askForVotes(448)) - aa9634f0-8836-44d6-bc05-5b19fbdd93d5@group-813C05265458-LeaderElection264 PRE_VOTE round 0: submit vote requests at term 1 for conf: {index: 0, cur=peers:[aa9634f0-8836-44d6-bc05-5b19fbdd93d5|127.0.0.1:15063, 36185c6b-22ce-45d1-a622-3a6b487a5a53|127.0.0.1:15071, 895d447a-5476-42e4-b2fa-6eb687701d46|127.0.0.1:15079]|listeners:[], old=null}
2025-10-10 10:40:12,141 [aa9634f0-8836-44d6-bc05-5b19fbdd93d5@group-813C05265458-LeaderElection264] INFO  impl.LeaderElection (LogUtils.java:infoOrTrace(142)) - aa9634f0-8836-44d6-bc05-5b19fbdd93d5@group-813C05265458-LeaderElection264 got exception when requesting votes: java.util.concurrent.ExecutionException: org.apache.ratis.thirdparty.io.grpc.StatusRuntimeException: UNAVAILABLE: io exception
2025-10-10 10:40:12,141 [aa9634f0-8836-44d6-bc05-5b19fbdd93d5@group-813C05265458-LeaderElection264] INFO  impl.LeaderElection (LogUtils.java:infoOrTrace(142)) - aa9634f0-8836-44d6-bc05-5b19fbdd93d5@group-813C05265458-LeaderElection264 got exception when requesting votes: java.util.concurrent.ExecutionException: org.apache.ratis.thirdparty.io.grpc.StatusRuntimeException: UNAVAILABLE: io exception
2025-10-10 10:40:12,141 [aa9634f0-8836-44d6-bc05-5b19fbdd93d5@group-813C05265458-LeaderElection264] INFO  impl.LeaderElection (LeaderElection.java:logAndReturn(206)) - aa9634f0-8836-44d6-bc05-5b19fbdd93d5@group-813C05265458-LeaderElection264: PRE_VOTE REJECTED received 0 response(s) and 2 exception(s):
2025-10-10 10:40:12,141 [aa9634f0-8836-44d6-bc05-5b19fbdd93d5@group-813C05265458-LeaderElection264] INFO  impl.LeaderElection (LogUtils.java:infoOrTrace(142)) -   Exception 0: java.util.concurrent.ExecutionException: org.apache.ratis.thirdparty.io.grpc.StatusRuntimeException: UNAVAILABLE: io exception
2025-10-10 10:40:12,141 [aa9634f0-8836-44d6-bc05-5b19fbdd93d5@group-813C05265458-LeaderElection264] INFO  impl.LeaderElection (LogUtils.java:infoOrTrace(142)) -   Exception 1: java.util.concurrent.ExecutionException: org.apache.ratis.thirdparty.io.grpc.StatusRuntimeException: UNAVAILABLE: io exception
2025-10-10 10:40:12,141 [aa9634f0-8836-44d6-bc05-5b19fbdd93d5@group-813C05265458-LeaderElection264] INFO  impl.LeaderElection (LeaderElection.java:askForVotes(450)) - aa9634f0-8836-44d6-bc05-5b19fbdd93d5@group-813C05265458-LeaderElection264 PRE_VOTE round 0: result REJECTED
2025-10-10 10:40:12,141 [aa9634f0-8836-44d6-bc05-5b19fbdd93d5@group-813C05265458-LeaderElection264] INFO  server.RaftServer$Division (RaftServerImpl.java:setRole(392)) - aa9634f0-8836-44d6-bc05-5b19fbdd93d5@group-813C05265458: changes role from CANDIDATE to FOLLOWER at term 1 for REJECTED
2025-10-10 10:40:12,141 [aa9634f0-8836-44d6-bc05-5b19fbdd93d5@group-813C05265458-LeaderElection264] INFO  impl.RoleInfo (RoleInfo.java:shutdownLeaderElection(141)) - aa9634f0-8836-44d6-bc05-5b19fbdd93d5: shutdown aa9634f0-8836-44d6-bc05-5b19fbdd93d5@group-813C05265458-LeaderElection264
2025-10-10 10:40:12,141 [aa9634f0-8836-44d6-bc05-5b19fbdd93d5@group-813C05265458-LeaderElection264] INFO  impl.RoleInfo (RoleInfo.java:updateAndGet(148)) - aa9634f0-8836-44d6-bc05-5b19fbdd93d5: start aa9634f0-8836-44d6-bc05-5b19fbdd93d5@group-813C05265458-FollowerState
2025-10-10 10:40:12,336 [aa9634f0-8836-44d6-bc05-5b19fbdd93d5@group-6EF60CB14872-FollowerState] INFO  impl.FollowerState (FollowerState.java:runImpl(161)) - aa9634f0-8836-44d6-bc05-5b19fbdd93d5@group-6EF60CB14872-FollowerState: change to CANDIDATE, lastRpcElapsedTime:1010298810ns, electionTimeout:1010ms
2025-10-10 10:40:12,336 [aa9634f0-8836-44d6-bc05-5b19fbdd93d5@group-6EF60CB14872-FollowerState] INFO  impl.RoleInfo (RoleInfo.java:shutdownFollowerState(121)) - aa9634f0-8836-44d6-bc05-5b19fbdd93d5: shutdown aa9634f0-8836-44d6-bc05-5b19fbdd93d5@group-6EF60CB14872-FollowerState
2025-10-10 10:40:12,336 [aa9634f0-8836-44d6-bc05-5b19fbdd93d5@group-6EF60CB14872-FollowerState] INFO  server.RaftServer$Division (RaftServerImpl.java:setRole(392)) - aa9634f0-8836-44d6-bc05-5b19fbdd93d5@group-6EF60CB14872: changes role from  FOLLOWER to CANDIDATE at term 5 for changeToCandidate
2025-10-10 10:40:12,336 [aa9634f0-8836-44d6-bc05-5b19fbdd93d5@group-6EF60CB14872-FollowerState] INFO  impl.RoleInfo (RoleInfo.java:updateAndGet(148)) - aa9634f0-8836-44d6-bc05-5b19fbdd93d5: start aa9634f0-8836-44d6-bc05-5b19fbdd93d5@group-6EF60CB14872-LeaderElection265
2025-10-10 10:40:12,337 [aa9634f0-8836-44d6-bc05-5b19fbdd93d5@group-6EF60CB14872-LeaderElection265] INFO  impl.LeaderElection (LeaderElection.java:askForVotes(448)) - aa9634f0-8836-44d6-bc05-5b19fbdd93d5@group-6EF60CB14872-LeaderElection265 PRE_VOTE round 0: submit vote requests at term 5 for conf: {index: 20, cur=peers:[aa9634f0-8836-44d6-bc05-5b19fbdd93d5|127.0.0.1:15063, 36185c6b-22ce-45d1-a622-3a6b487a5a53|127.0.0.1:15071, 895d447a-5476-42e4-b2fa-6eb687701d46|127.0.0.1:15079]|listeners:[], old=null}
2025-10-10 10:40:12,337 [aa9634f0-8836-44d6-bc05-5b19fbdd93d5@group-6EF60CB14872-LeaderElection265] INFO  impl.LeaderElection (LogUtils.java:infoOrTrace(142)) - aa9634f0-8836-44d6-bc05-5b19fbdd93d5@group-6EF60CB14872-LeaderElection265 got exception when requesting votes: java.util.concurrent.ExecutionException: org.apache.ratis.thirdparty.io.grpc.StatusRuntimeException: UNAVAILABLE: io exception
2025-10-10 10:40:12,337 [aa9634f0-8836-44d6-bc05-5b19fbdd93d5@group-6EF60CB14872-LeaderElection265] INFO  impl.LeaderElection (LogUtils.java:infoOrTrace(142)) - aa9634f0-8836-44d6-bc05-5b19fbdd93d5@group-6EF60CB14872-LeaderElection265 got exception when requesting votes: java.util.concurrent.ExecutionException: org.apache.ratis.thirdparty.io.grpc.StatusRuntimeException: UNAVAILABLE: io exception
2025-10-10 10:40:12,337 [aa9634f0-8836-44d6-bc05-5b19fbdd93d5@group-6EF60CB14872-LeaderElection265] INFO  impl.LeaderElection (LeaderElection.java:logAndReturn(206)) - aa9634f0-8836-44d6-bc05-5b19fbdd93d5@group-6EF60CB14872-LeaderElection265: PRE_VOTE REJECTED received 0 response(s) and 2 exception(s):
2025-10-10 10:40:12,337 [aa9634f0-8836-44d6-bc05-5b19fbdd93d5@group-6EF60CB14872-LeaderElection265] INFO  impl.LeaderElection (LogUtils.java:infoOrTrace(142)) -   Exception 0: java.util.concurrent.ExecutionException: org.apache.ratis.thirdparty.io.grpc.StatusRuntimeException: UNAVAILABLE: io exception
2025-10-10 10:40:12,337 [aa9634f0-8836-44d6-bc05-5b19fbdd93d5@group-6EF60CB14872-LeaderElection265] INFO  impl.LeaderElection (LogUtils.java:infoOrTrace(142)) -   Exception 1: java.util.concurrent.ExecutionException: org.apache.ratis.thirdparty.io.grpc.StatusRuntimeException: UNAVAILABLE: io exception
2025-10-10 10:40:12,337 [aa9634f0-8836-44d6-bc05-5b19fbdd93d5@group-6EF60CB14872-LeaderElection265] INFO  impl.LeaderElection (LeaderElection.java:askForVotes(450)) - aa9634f0-8836-44d6-bc05-5b19fbdd93d5@group-6EF60CB14872-LeaderElection265 PRE_VOTE round 0: result REJECTED
2025-10-10 10:40:12,337 [aa9634f0-8836-44d6-bc05-5b19fbdd93d5@group-6EF60CB14872-LeaderElection265] INFO  server.RaftServer$Division (RaftServerImpl.java:setRole(392)) - aa9634f0-8836-44d6-bc05-5b19fbdd93d5@group-6EF60CB14872: changes role from CANDIDATE to FOLLOWER at term 5 for REJECTED
2025-10-10 10:40:12,337 [aa9634f0-8836-44d6-bc05-5b19fbdd93d5@group-6EF60CB14872-LeaderElection265] INFO  impl.RoleInfo (RoleInfo.java:shutdownLeaderElection(141)) - aa9634f0-8836-44d6-bc05-5b19fbdd93d5: shutdown aa9634f0-8836-44d6-bc05-5b19fbdd93d5@group-6EF60CB14872-LeaderElection265
2025-10-10 10:40:12,337 [aa9634f0-8836-44d6-bc05-5b19fbdd93d5@group-6EF60CB14872-LeaderElection265] INFO  impl.RoleInfo (RoleInfo.java:updateAndGet(148)) - aa9634f0-8836-44d6-bc05-5b19fbdd93d5: start aa9634f0-8836-44d6-bc05-5b19fbdd93d5@group-6EF60CB14872-FollowerState
2025-10-10 10:40:13,219 [aa9634f0-8836-44d6-bc05-5b19fbdd93d5@group-813C05265458-FollowerState] INFO  impl.FollowerState (FollowerState.java:runImpl(161)) - aa9634f0-8836-44d6-bc05-5b19fbdd93d5@group-813C05265458-FollowerState: change to CANDIDATE, lastRpcElapsedTime:1078307175ns, electionTimeout:1078ms
2025-10-10 10:40:13,220 [aa9634f0-8836-44d6-bc05-5b19fbdd93d5@group-813C05265458-FollowerState] INFO  impl.RoleInfo (RoleInfo.java:shutdownFollowerState(121)) - aa9634f0-8836-44d6-bc05-5b19fbdd93d5: shutdown aa9634f0-8836-44d6-bc05-5b19fbdd93d5@group-813C05265458-FollowerState
2025-10-10 10:40:13,220 [aa9634f0-8836-44d6-bc05-5b19fbdd93d5@group-813C05265458-FollowerState] INFO  server.RaftServer$Division (RaftServerImpl.java:setRole(392)) - aa9634f0-8836-44d6-bc05-5b19fbdd93d5@group-813C05265458: changes role from  FOLLOWER to CANDIDATE at term 1 for changeToCandidate
2025-10-10 10:40:13,220 [aa9634f0-8836-44d6-bc05-5b19fbdd93d5@group-813C05265458-FollowerState] INFO  impl.RoleInfo (RoleInfo.java:updateAndGet(148)) - aa9634f0-8836-44d6-bc05-5b19fbdd93d5: start aa9634f0-8836-44d6-bc05-5b19fbdd93d5@group-813C05265458-LeaderElection266
2025-10-10 10:40:13,220 [aa9634f0-8836-44d6-bc05-5b19fbdd93d5@group-813C05265458-LeaderElection266] INFO  impl.LeaderElection (LeaderElection.java:askForVotes(448)) - aa9634f0-8836-44d6-bc05-5b19fbdd93d5@group-813C05265458-LeaderElection266 PRE_VOTE round 0: submit vote requests at term 1 for conf: {index: 0, cur=peers:[aa9634f0-8836-44d6-bc05-5b19fbdd93d5|127.0.0.1:15063, 36185c6b-22ce-45d1-a622-3a6b487a5a53|127.0.0.1:15071, 895d447a-5476-42e4-b2fa-6eb687701d46|127.0.0.1:15079]|listeners:[], old=null}
2025-10-10 10:40:13,221 [aa9634f0-8836-44d6-bc05-5b19fbdd93d5@group-813C05265458-LeaderElection266] INFO  impl.LeaderElection (LogUtils.java:infoOrTrace(142)) - aa9634f0-8836-44d6-bc05-5b19fbdd93d5@group-813C05265458-LeaderElection266 got exception when requesting votes: java.util.concurrent.ExecutionException: org.apache.ratis.thirdparty.io.grpc.StatusRuntimeException: UNAVAILABLE: io exception
2025-10-10 10:40:13,221 [aa9634f0-8836-44d6-bc05-5b19fbdd93d5@group-813C05265458-LeaderElection266] INFO  impl.LeaderElection (LogUtils.java:infoOrTrace(142)) - aa9634f0-8836-44d6-bc05-5b19fbdd93d5@group-813C05265458-LeaderElection266 got exception when requesting votes: java.util.concurrent.ExecutionException: org.apache.ratis.thirdparty.io.grpc.StatusRuntimeException: UNAVAILABLE: io exception
2025-10-10 10:40:13,221 [aa9634f0-8836-44d6-bc05-5b19fbdd93d5@group-813C05265458-LeaderElection266] INFO  impl.LeaderElection (LeaderElection.java:logAndReturn(206)) - aa9634f0-8836-44d6-bc05-5b19fbdd93d5@group-813C05265458-LeaderElection266: PRE_VOTE REJECTED received 0 response(s) and 2 exception(s):
2025-10-10 10:40:13,221 [aa9634f0-8836-44d6-bc05-5b19fbdd93d5@group-813C05265458-LeaderElection266] INFO  impl.LeaderElection (LogUtils.java:infoOrTrace(142)) -   Exception 0: java.util.concurrent.ExecutionException: org.apache.ratis.thirdparty.io.grpc.StatusRuntimeException: UNAVAILABLE: io exception
2025-10-10 10:40:13,221 [aa9634f0-8836-44d6-bc05-5b19fbdd93d5@group-813C05265458-LeaderElection266] INFO  impl.LeaderElection (LogUtils.java:infoOrTrace(142)) -   Exception 1: java.util.concurrent.ExecutionException: org.apache.ratis.thirdparty.io.grpc.StatusRuntimeException: UNAVAILABLE: io exception
2025-10-10 10:40:13,221 [grpc-default-executor-3] ERROR impl.OrderedAsync (OrderedAsync.java:lambda$null$6(215)) -  client-E1F90CE0EC34: Failed* RaftClientRequest:client-E1F90CE0EC34->aa9634f0-8836-44d6-bc05-5b19fbdd93d5@group-6EF60CB14872, cid=60, seq=6*, RW, cmdType: WriteChunk traceID: "" containerID: 8 datanodeUuid: "36185c6b-22ce-45d1-a622-3a6b487a5a53" writeChunk { blockID { containerID: 8 localID: 115816896921600008 blockCommitSequenceId: 16 replicaIndex: 0 } chunkData { chunkName: "115816896921600008_chunk_3" offset: 2097152 len: 524288 } } version: 3, data.size=524288
java.util.concurrent.CompletionException: org.apache.ratis.protocol.exceptions.NotLeaderException: Server aa9634f0-8836-44d6-bc05-5b19fbdd93d5@group-6EF60CB14872 is not the leader
	at java.base/java.util.concurrent.CompletableFuture.encodeThrowable(CompletableFuture.java:332)
	at java.base/java.util.concurrent.CompletableFuture.completeThrowable(CompletableFuture.java:347)
	at java.base/java.util.concurrent.CompletableFuture$UniAccept.tryFire(CompletableFuture.java:708)
	at java.base/java.util.concurrent.CompletableFuture.postComplete(CompletableFuture.java:510)
	at java.base/java.util.concurrent.CompletableFuture.completeExceptionally(CompletableFuture.java:2194)
	at org.apache.ratis.grpc.client.GrpcClientProtocolClient$AsyncStreamObservers.completeReplyExceptionally(GrpcClientProtocolClient.java:397)
	at org.apache.ratis.grpc.client.GrpcClientProtocolClient$AsyncStreamObservers.access$000(GrpcClientProtocolClient.java:303)
	at org.apache.ratis.grpc.client.GrpcClientProtocolClient$AsyncStreamObservers$1.onNext(GrpcClientProtocolClient.java:317)
	at org.apache.ratis.grpc.client.GrpcClientProtocolClient$AsyncStreamObservers$1.onNext(GrpcClientProtocolClient.java:308)
	at org.apache.ratis.thirdparty.io.grpc.stub.ClientCalls$StreamObserverToCallListenerAdapter.onMessage(ClientCalls.java:551)
	at org.apache.ratis.thirdparty.io.grpc.ForwardingClientCallListener.onMessage(ForwardingClientCallListener.java:33)
	at org.apache.ratis.thirdparty.io.grpc.internal.ClientCallImpl$ClientStreamListenerImpl$1MessagesAvailable.runInternal(ClientCallImpl.java:661)
	at org.apache.ratis.thirdparty.io.grpc.internal.ClientCallImpl$ClientStreamListenerImpl$1MessagesAvailable.runInContext(ClientCallImpl.java:648)
	at org.apache.ratis.thirdparty.io.grpc.internal.ContextRunnable.run(ContextRunnable.java:37)
	at org.apache.ratis.thirdparty.io.grpc.internal.SerializingExecutor.run(SerializingExecutor.java:133)
	at java.base/java.util.concurrent.ThreadPoolExecutor.runWorker(ThreadPoolExecutor.java:1144)
	at java.base/java.util.concurrent.ThreadPoolExecutor$Worker.run(ThreadPoolExecutor.java:642)
	at java.base/java.lang.Thread.run(Thread.java:1583)
Caused by: org.apache.ratis.protocol.exceptions.NotLeaderException: Server aa9634f0-8836-44d6-bc05-5b19fbdd93d5@group-6EF60CB14872 is not the leader
	at org.apache.ratis.client.impl.ClientProtoUtils.toRaftClientReply(ClientProtoUtils.java:402)
	at org.apache.ratis.grpc.client.GrpcClientProtocolClient$AsyncStreamObservers$1.onNext(GrpcClientProtocolClient.java:313)
	... 10 more
2025-10-10 10:40:13,221 [aa9634f0-8836-44d6-bc05-5b19fbdd93d5@group-813C05265458-LeaderElection266] INFO  impl.LeaderElection (LeaderElection.java:askForVotes(450)) - aa9634f0-8836-44d6-bc05-5b19fbdd93d5@group-813C05265458-LeaderElection266 PRE_VOTE round 0: result REJECTED
2025-10-10 10:40:13,222 [aa9634f0-8836-44d6-bc05-5b19fbdd93d5@group-813C05265458-LeaderElection266] INFO  server.RaftServer$Division (RaftServerImpl.java:setRole(392)) - aa9634f0-8836-44d6-bc05-5b19fbdd93d5@group-813C05265458: changes role from CANDIDATE to FOLLOWER at term 1 for REJECTED
2025-10-10 10:40:13,222 [aa9634f0-8836-44d6-bc05-5b19fbdd93d5@group-813C05265458-LeaderElection266] INFO  impl.RoleInfo (RoleInfo.java:shutdownLeaderElection(141)) - aa9634f0-8836-44d6-bc05-5b19fbdd93d5: shutdown aa9634f0-8836-44d6-bc05-5b19fbdd93d5@group-813C05265458-LeaderElection266
2025-10-10 10:40:13,222 [aa9634f0-8836-44d6-bc05-5b19fbdd93d5@group-813C05265458-LeaderElection266] INFO  impl.RoleInfo (RoleInfo.java:updateAndGet(148)) - aa9634f0-8836-44d6-bc05-5b19fbdd93d5: start aa9634f0-8836-44d6-bc05-5b19fbdd93d5@group-813C05265458-FollowerState
2025-10-10 10:40:13,496 [aa9634f0-8836-44d6-bc05-5b19fbdd93d5@group-6EF60CB14872-FollowerState] INFO  impl.FollowerState (FollowerState.java:runImpl(161)) - aa9634f0-8836-44d6-bc05-5b19fbdd93d5@group-6EF60CB14872-FollowerState: change to CANDIDATE, lastRpcElapsedTime:1158314690ns, electionTimeout:1158ms
2025-10-10 10:40:13,496 [aa9634f0-8836-44d6-bc05-5b19fbdd93d5@group-6EF60CB14872-FollowerState] INFO  impl.RoleInfo (RoleInfo.java:shutdownFollowerState(121)) - aa9634f0-8836-44d6-bc05-5b19fbdd93d5: shutdown aa9634f0-8836-44d6-bc05-5b19fbdd93d5@group-6EF60CB14872-FollowerState
2025-10-10 10:40:13,496 [aa9634f0-8836-44d6-bc05-5b19fbdd93d5@group-6EF60CB14872-FollowerState] INFO  server.RaftServer$Division (RaftServerImpl.java:setRole(392)) - aa9634f0-8836-44d6-bc05-5b19fbdd93d5@group-6EF60CB14872: changes role from  FOLLOWER to CANDIDATE at term 5 for changeToCandidate
2025-10-10 10:40:13,496 [aa9634f0-8836-44d6-bc05-5b19fbdd93d5@group-6EF60CB14872-FollowerState] INFO  impl.RoleInfo (RoleInfo.java:updateAndGet(148)) - aa9634f0-8836-44d6-bc05-5b19fbdd93d5: start aa9634f0-8836-44d6-bc05-5b19fbdd93d5@group-6EF60CB14872-LeaderElection267
2025-10-10 10:40:13,496 [aa9634f0-8836-44d6-bc05-5b19fbdd93d5@group-6EF60CB14872-LeaderElection267] INFO  impl.LeaderElection (LeaderElection.java:askForVotes(448)) - aa9634f0-8836-44d6-bc05-5b19fbdd93d5@group-6EF60CB14872-LeaderElection267 PRE_VOTE round 0: submit vote requests at term 5 for conf: {index: 20, cur=peers:[aa9634f0-8836-44d6-bc05-5b19fbdd93d5|127.0.0.1:15063, 36185c6b-22ce-45d1-a622-3a6b487a5a53|127.0.0.1:15071, 895d447a-5476-42e4-b2fa-6eb687701d46|127.0.0.1:15079]|listeners:[], old=null}
2025-10-10 10:40:13,497 [aa9634f0-8836-44d6-bc05-5b19fbdd93d5@group-6EF60CB14872-LeaderElection267] INFO  impl.LeaderElection (LogUtils.java:infoOrTrace(142)) - aa9634f0-8836-44d6-bc05-5b19fbdd93d5@group-6EF60CB14872-LeaderElection267 got exception when requesting votes: java.util.concurrent.ExecutionException: org.apache.ratis.thirdparty.io.grpc.StatusRuntimeException: UNAVAILABLE: io exception
2025-10-10 10:40:13,497 [aa9634f0-8836-44d6-bc05-5b19fbdd93d5@group-6EF60CB14872-LeaderElection267] INFO  impl.LeaderElection (LogUtils.java:infoOrTrace(142)) - aa9634f0-8836-44d6-bc05-5b19fbdd93d5@group-6EF60CB14872-LeaderElection267 got exception when requesting votes: java.util.concurrent.ExecutionException: org.apache.ratis.thirdparty.io.grpc.StatusRuntimeException: UNAVAILABLE: io exception
2025-10-10 10:40:13,497 [aa9634f0-8836-44d6-bc05-5b19fbdd93d5@group-6EF60CB14872-LeaderElection267] INFO  impl.LeaderElection (LeaderElection.java:logAndReturn(206)) - aa9634f0-8836-44d6-bc05-5b19fbdd93d5@group-6EF60CB14872-LeaderElection267: PRE_VOTE REJECTED received 0 response(s) and 2 exception(s):
2025-10-10 10:40:13,497 [aa9634f0-8836-44d6-bc05-5b19fbdd93d5@group-6EF60CB14872-LeaderElection267] INFO  impl.LeaderElection (LogUtils.java:infoOrTrace(142)) -   Exception 0: java.util.concurrent.ExecutionException: org.apache.ratis.thirdparty.io.grpc.StatusRuntimeException: UNAVAILABLE: io exception
2025-10-10 10:40:13,497 [aa9634f0-8836-44d6-bc05-5b19fbdd93d5@group-6EF60CB14872-LeaderElection267] INFO  impl.LeaderElection (LogUtils.java:infoOrTrace(142)) -   Exception 1: java.util.concurrent.ExecutionException: org.apache.ratis.thirdparty.io.grpc.StatusRuntimeException: UNAVAILABLE: io exception
2025-10-10 10:40:13,497 [aa9634f0-8836-44d6-bc05-5b19fbdd93d5@group-6EF60CB14872-LeaderElection267] INFO  impl.LeaderElection (LeaderElection.java:askForVotes(450)) - aa9634f0-8836-44d6-bc05-5b19fbdd93d5@group-6EF60CB14872-LeaderElection267 PRE_VOTE round 0: result REJECTED
2025-10-10 10:40:13,497 [aa9634f0-8836-44d6-bc05-5b19fbdd93d5@group-6EF60CB14872-LeaderElection267] INFO  server.RaftServer$Division (RaftServerImpl.java:setRole(392)) - aa9634f0-8836-44d6-bc05-5b19fbdd93d5@group-6EF60CB14872: changes role from CANDIDATE to FOLLOWER at term 5 for REJECTED
2025-10-10 10:40:13,497 [aa9634f0-8836-44d6-bc05-5b19fbdd93d5@group-6EF60CB14872-LeaderElection267] INFO  impl.RoleInfo (RoleInfo.java:shutdownLeaderElection(141)) - aa9634f0-8836-44d6-bc05-5b19fbdd93d5: shutdown aa9634f0-8836-44d6-bc05-5b19fbdd93d5@group-6EF60CB14872-LeaderElection267
2025-10-10 10:40:13,497 [aa9634f0-8836-44d6-bc05-5b19fbdd93d5@group-6EF60CB14872-LeaderElection267] INFO  impl.RoleInfo (RoleInfo.java:updateAndGet(148)) - aa9634f0-8836-44d6-bc05-5b19fbdd93d5: start aa9634f0-8836-44d6-bc05-5b19fbdd93d5@group-6EF60CB14872-FollowerState
2025-10-10 10:40:14,394 [aa9634f0-8836-44d6-bc05-5b19fbdd93d5@group-813C05265458-FollowerState] INFO  impl.FollowerState (FollowerState.java:runImpl(161)) - aa9634f0-8836-44d6-bc05-5b19fbdd93d5@group-813C05265458-FollowerState: change to CANDIDATE, lastRpcElapsedTime:1172118367ns, electionTimeout:1171ms
2025-10-10 10:40:14,394 [aa9634f0-8836-44d6-bc05-5b19fbdd93d5@group-813C05265458-FollowerState] INFO  impl.RoleInfo (RoleInfo.java:shutdownFollowerState(121)) - aa9634f0-8836-44d6-bc05-5b19fbdd93d5: shutdown aa9634f0-8836-44d6-bc05-5b19fbdd93d5@group-813C05265458-FollowerState
2025-10-10 10:40:14,394 [aa9634f0-8836-44d6-bc05-5b19fbdd93d5@group-813C05265458-FollowerState] INFO  server.RaftServer$Division (RaftServerImpl.java:setRole(392)) - aa9634f0-8836-44d6-bc05-5b19fbdd93d5@group-813C05265458: changes role from  FOLLOWER to CANDIDATE at term 1 for changeToCandidate
2025-10-10 10:40:14,394 [aa9634f0-8836-44d6-bc05-5b19fbdd93d5@group-813C05265458-FollowerState] INFO  impl.RoleInfo (RoleInfo.java:updateAndGet(148)) - aa9634f0-8836-44d6-bc05-5b19fbdd93d5: start aa9634f0-8836-44d6-bc05-5b19fbdd93d5@group-813C05265458-LeaderElection268
2025-10-10 10:40:14,395 [aa9634f0-8836-44d6-bc05-5b19fbdd93d5@group-813C05265458-LeaderElection268] INFO  impl.LeaderElection (LeaderElection.java:askForVotes(448)) - aa9634f0-8836-44d6-bc05-5b19fbdd93d5@group-813C05265458-LeaderElection268 PRE_VOTE round 0: submit vote requests at term 1 for conf: {index: 0, cur=peers:[aa9634f0-8836-44d6-bc05-5b19fbdd93d5|127.0.0.1:15063, 36185c6b-22ce-45d1-a622-3a6b487a5a53|127.0.0.1:15071, 895d447a-5476-42e4-b2fa-6eb687701d46|127.0.0.1:15079]|listeners:[], old=null}
2025-10-10 10:40:14,395 [aa9634f0-8836-44d6-bc05-5b19fbdd93d5@group-813C05265458-LeaderElection268] INFO  impl.LeaderElection (LogUtils.java:infoOrTrace(142)) - aa9634f0-8836-44d6-bc05-5b19fbdd93d5@group-813C05265458-LeaderElection268 got exception when requesting votes: java.util.concurrent.ExecutionException: org.apache.ratis.thirdparty.io.grpc.StatusRuntimeException: UNAVAILABLE: io exception
2025-10-10 10:40:14,395 [aa9634f0-8836-44d6-bc05-5b19fbdd93d5@group-813C05265458-LeaderElection268] INFO  impl.LeaderElection (LogUtils.java:infoOrTrace(142)) - aa9634f0-8836-44d6-bc05-5b19fbdd93d5@group-813C05265458-LeaderElection268 got exception when requesting votes: java.util.concurrent.ExecutionException: org.apache.ratis.thirdparty.io.grpc.StatusRuntimeException: UNAVAILABLE: io exception
2025-10-10 10:40:14,395 [aa9634f0-8836-44d6-bc05-5b19fbdd93d5@group-813C05265458-LeaderElection268] INFO  impl.LeaderElection (LeaderElection.java:logAndReturn(206)) - aa9634f0-8836-44d6-bc05-5b19fbdd93d5@group-813C05265458-LeaderElection268: PRE_VOTE REJECTED received 0 response(s) and 2 exception(s):
2025-10-10 10:40:14,395 [aa9634f0-8836-44d6-bc05-5b19fbdd93d5@group-813C05265458-LeaderElection268] INFO  impl.LeaderElection (LogUtils.java:infoOrTrace(142)) -   Exception 0: java.util.concurrent.ExecutionException: org.apache.ratis.thirdparty.io.grpc.StatusRuntimeException: UNAVAILABLE: io exception
2025-10-10 10:40:14,395 [aa9634f0-8836-44d6-bc05-5b19fbdd93d5@group-813C05265458-LeaderElection268] INFO  impl.LeaderElection (LogUtils.java:infoOrTrace(142)) -   Exception 1: java.util.concurrent.ExecutionException: org.apache.ratis.thirdparty.io.grpc.StatusRuntimeException: UNAVAILABLE: io exception
2025-10-10 10:40:14,395 [aa9634f0-8836-44d6-bc05-5b19fbdd93d5@group-813C05265458-LeaderElection268] INFO  impl.LeaderElection (LeaderElection.java:askForVotes(450)) - aa9634f0-8836-44d6-bc05-5b19fbdd93d5@group-813C05265458-LeaderElection268 PRE_VOTE round 0: result REJECTED
2025-10-10 10:40:14,395 [aa9634f0-8836-44d6-bc05-5b19fbdd93d5@group-813C05265458-LeaderElection268] INFO  server.RaftServer$Division (RaftServerImpl.java:setRole(392)) - aa9634f0-8836-44d6-bc05-5b19fbdd93d5@group-813C05265458: changes role from CANDIDATE to FOLLOWER at term 1 for REJECTED
2025-10-10 10:40:14,395 [aa9634f0-8836-44d6-bc05-5b19fbdd93d5@group-813C05265458-LeaderElection268] INFO  impl.RoleInfo (RoleInfo.java:shutdownLeaderElection(141)) - aa9634f0-8836-44d6-bc05-5b19fbdd93d5: shutdown aa9634f0-8836-44d6-bc05-5b19fbdd93d5@group-813C05265458-LeaderElection268
2025-10-10 10:40:14,395 [aa9634f0-8836-44d6-bc05-5b19fbdd93d5@group-813C05265458-LeaderElection268] INFO  impl.RoleInfo (RoleInfo.java:updateAndGet(148)) - aa9634f0-8836-44d6-bc05-5b19fbdd93d5: start aa9634f0-8836-44d6-bc05-5b19fbdd93d5@group-813C05265458-FollowerState
2025-10-10 10:40:14,607 [aa9634f0-8836-44d6-bc05-5b19fbdd93d5@group-6EF60CB14872-FollowerState] INFO  impl.FollowerState (FollowerState.java:runImpl(161)) - aa9634f0-8836-44d6-bc05-5b19fbdd93d5@group-6EF60CB14872-FollowerState: change to CANDIDATE, lastRpcElapsedTime:1109306298ns, electionTimeout:1109ms
2025-10-10 10:40:14,607 [aa9634f0-8836-44d6-bc05-5b19fbdd93d5@group-6EF60CB14872-FollowerState] INFO  impl.RoleInfo (RoleInfo.java:shutdownFollowerState(121)) - aa9634f0-8836-44d6-bc05-5b19fbdd93d5: shutdown aa9634f0-8836-44d6-bc05-5b19fbdd93d5@group-6EF60CB14872-FollowerState
2025-10-10 10:40:14,607 [aa9634f0-8836-44d6-bc05-5b19fbdd93d5@group-6EF60CB14872-FollowerState] INFO  server.RaftServer$Division (RaftServerImpl.java:setRole(392)) - aa9634f0-8836-44d6-bc05-5b19fbdd93d5@group-6EF60CB14872: changes role from  FOLLOWER to CANDIDATE at term 5 for changeToCandidate
2025-10-10 10:40:14,607 [aa9634f0-8836-44d6-bc05-5b19fbdd93d5@group-6EF60CB14872-FollowerState] INFO  impl.RoleInfo (RoleInfo.java:updateAndGet(148)) - aa9634f0-8836-44d6-bc05-5b19fbdd93d5: start aa9634f0-8836-44d6-bc05-5b19fbdd93d5@group-6EF60CB14872-LeaderElection269
2025-10-10 10:40:14,607 [aa9634f0-8836-44d6-bc05-5b19fbdd93d5@group-6EF60CB14872-LeaderElection269] INFO  impl.LeaderElection (LeaderElection.java:askForVotes(448)) - aa9634f0-8836-44d6-bc05-5b19fbdd93d5@group-6EF60CB14872-LeaderElection269 PRE_VOTE round 0: submit vote requests at term 5 for conf: {index: 20, cur=peers:[aa9634f0-8836-44d6-bc05-5b19fbdd93d5|127.0.0.1:15063, 36185c6b-22ce-45d1-a622-3a6b487a5a53|127.0.0.1:15071, 895d447a-5476-42e4-b2fa-6eb687701d46|127.0.0.1:15079]|listeners:[], old=null}
2025-10-10 10:40:14,608 [aa9634f0-8836-44d6-bc05-5b19fbdd93d5@group-6EF60CB14872-LeaderElection269] INFO  impl.LeaderElection (LogUtils.java:infoOrTrace(142)) - aa9634f0-8836-44d6-bc05-5b19fbdd93d5@group-6EF60CB14872-LeaderElection269 got exception when requesting votes: java.util.concurrent.ExecutionException: org.apache.ratis.thirdparty.io.grpc.StatusRuntimeException: UNAVAILABLE: io exception
2025-10-10 10:40:14,608 [aa9634f0-8836-44d6-bc05-5b19fbdd93d5@group-6EF60CB14872-LeaderElection269] INFO  impl.LeaderElection (LogUtils.java:infoOrTrace(142)) - aa9634f0-8836-44d6-bc05-5b19fbdd93d5@group-6EF60CB14872-LeaderElection269 got exception when requesting votes: java.util.concurrent.ExecutionException: org.apache.ratis.thirdparty.io.grpc.StatusRuntimeException: UNAVAILABLE: io exception
2025-10-10 10:40:14,608 [aa9634f0-8836-44d6-bc05-5b19fbdd93d5@group-6EF60CB14872-LeaderElection269] INFO  impl.LeaderElection (LeaderElection.java:logAndReturn(206)) - aa9634f0-8836-44d6-bc05-5b19fbdd93d5@group-6EF60CB14872-LeaderElection269: PRE_VOTE REJECTED received 0 response(s) and 2 exception(s):
2025-10-10 10:40:14,608 [aa9634f0-8836-44d6-bc05-5b19fbdd93d5@group-6EF60CB14872-LeaderElection269] INFO  impl.LeaderElection (LogUtils.java:infoOrTrace(142)) -   Exception 0: java.util.concurrent.ExecutionException: org.apache.ratis.thirdparty.io.grpc.StatusRuntimeException: UNAVAILABLE: io exception
2025-10-10 10:40:14,608 [aa9634f0-8836-44d6-bc05-5b19fbdd93d5@group-6EF60CB14872-LeaderElection269] INFO  impl.LeaderElection (LogUtils.java:infoOrTrace(142)) -   Exception 1: java.util.concurrent.ExecutionException: org.apache.ratis.thirdparty.io.grpc.StatusRuntimeException: UNAVAILABLE: io exception
2025-10-10 10:40:14,608 [aa9634f0-8836-44d6-bc05-5b19fbdd93d5@group-6EF60CB14872-LeaderElection269] INFO  impl.LeaderElection (LeaderElection.java:askForVotes(450)) - aa9634f0-8836-44d6-bc05-5b19fbdd93d5@group-6EF60CB14872-LeaderElection269 PRE_VOTE round 0: result REJECTED
2025-10-10 10:40:14,608 [aa9634f0-8836-44d6-bc05-5b19fbdd93d5@group-6EF60CB14872-LeaderElection269] INFO  server.RaftServer$Division (RaftServerImpl.java:setRole(392)) - aa9634f0-8836-44d6-bc05-5b19fbdd93d5@group-6EF60CB14872: changes role from CANDIDATE to FOLLOWER at term 5 for REJECTED
2025-10-10 10:40:14,608 [aa9634f0-8836-44d6-bc05-5b19fbdd93d5@group-6EF60CB14872-LeaderElection269] INFO  impl.RoleInfo (RoleInfo.java:shutdownLeaderElection(141)) - aa9634f0-8836-44d6-bc05-5b19fbdd93d5: shutdown aa9634f0-8836-44d6-bc05-5b19fbdd93d5@group-6EF60CB14872-LeaderElection269
2025-10-10 10:40:14,608 [aa9634f0-8836-44d6-bc05-5b19fbdd93d5@group-6EF60CB14872-LeaderElection269] INFO  impl.RoleInfo (RoleInfo.java:updateAndGet(148)) - aa9634f0-8836-44d6-bc05-5b19fbdd93d5: start aa9634f0-8836-44d6-bc05-5b19fbdd93d5@group-6EF60CB14872-FollowerState
2025-10-10 10:40:15,578 [aa9634f0-8836-44d6-bc05-5b19fbdd93d5@group-813C05265458-FollowerState] INFO  impl.FollowerState (FollowerState.java:runImpl(161)) - aa9634f0-8836-44d6-bc05-5b19fbdd93d5@group-813C05265458-FollowerState: change to CANDIDATE, lastRpcElapsedTime:1182224676ns, electionTimeout:1182ms
2025-10-10 10:40:15,578 [aa9634f0-8836-44d6-bc05-5b19fbdd93d5@group-813C05265458-FollowerState] INFO  impl.RoleInfo (RoleInfo.java:shutdownFollowerState(121)) - aa9634f0-8836-44d6-bc05-5b19fbdd93d5: shutdown aa9634f0-8836-44d6-bc05-5b19fbdd93d5@group-813C05265458-FollowerState
2025-10-10 10:40:15,578 [aa9634f0-8836-44d6-bc05-5b19fbdd93d5@group-813C05265458-FollowerState] INFO  server.RaftServer$Division (RaftServerImpl.java:setRole(392)) - aa9634f0-8836-44d6-bc05-5b19fbdd93d5@group-813C05265458: changes role from  FOLLOWER to CANDIDATE at term 1 for changeToCandidate
2025-10-10 10:40:15,578 [aa9634f0-8836-44d6-bc05-5b19fbdd93d5@group-813C05265458-FollowerState] INFO  impl.RoleInfo (RoleInfo.java:updateAndGet(148)) - aa9634f0-8836-44d6-bc05-5b19fbdd93d5: start aa9634f0-8836-44d6-bc05-5b19fbdd93d5@group-813C05265458-LeaderElection270
2025-10-10 10:40:15,578 [aa9634f0-8836-44d6-bc05-5b19fbdd93d5@group-813C05265458-LeaderElection270] INFO  impl.LeaderElection (LeaderElection.java:askForVotes(448)) - aa9634f0-8836-44d6-bc05-5b19fbdd93d5@group-813C05265458-LeaderElection270 PRE_VOTE round 0: submit vote requests at term 1 for conf: {index: 0, cur=peers:[aa9634f0-8836-44d6-bc05-5b19fbdd93d5|127.0.0.1:15063, 36185c6b-22ce-45d1-a622-3a6b487a5a53|127.0.0.1:15071, 895d447a-5476-42e4-b2fa-6eb687701d46|127.0.0.1:15079]|listeners:[], old=null}
2025-10-10 10:40:15,579 [aa9634f0-8836-44d6-bc05-5b19fbdd93d5@group-813C05265458-LeaderElection270] INFO  impl.LeaderElection (LogUtils.java:infoOrTrace(142)) - aa9634f0-8836-44d6-bc05-5b19fbdd93d5@group-813C05265458-LeaderElection270 got exception when requesting votes: java.util.concurrent.ExecutionException: org.apache.ratis.thirdparty.io.grpc.StatusRuntimeException: UNAVAILABLE: io exception
2025-10-10 10:40:15,579 [aa9634f0-8836-44d6-bc05-5b19fbdd93d5@group-813C05265458-LeaderElection270] INFO  impl.LeaderElection (LogUtils.java:infoOrTrace(142)) - aa9634f0-8836-44d6-bc05-5b19fbdd93d5@group-813C05265458-LeaderElection270 got exception when requesting votes: java.util.concurrent.ExecutionException: org.apache.ratis.thirdparty.io.grpc.StatusRuntimeException: UNAVAILABLE: io exception
2025-10-10 10:40:15,579 [aa9634f0-8836-44d6-bc05-5b19fbdd93d5@group-813C05265458-LeaderElection270] INFO  impl.LeaderElection (LeaderElection.java:logAndReturn(206)) - aa9634f0-8836-44d6-bc05-5b19fbdd93d5@group-813C05265458-LeaderElection270: PRE_VOTE REJECTED received 0 response(s) and 2 exception(s):
2025-10-10 10:40:15,579 [aa9634f0-8836-44d6-bc05-5b19fbdd93d5@group-813C05265458-LeaderElection270] INFO  impl.LeaderElection (LogUtils.java:infoOrTrace(142)) -   Exception 0: java.util.concurrent.ExecutionException: org.apache.ratis.thirdparty.io.grpc.StatusRuntimeException: UNAVAILABLE: io exception
2025-10-10 10:40:15,579 [aa9634f0-8836-44d6-bc05-5b19fbdd93d5@group-813C05265458-LeaderElection270] INFO  impl.LeaderElection (LogUtils.java:infoOrTrace(142)) -   Exception 1: java.util.concurrent.ExecutionException: org.apache.ratis.thirdparty.io.grpc.StatusRuntimeException: UNAVAILABLE: io exception
2025-10-10 10:40:15,579 [aa9634f0-8836-44d6-bc05-5b19fbdd93d5@group-813C05265458-LeaderElection270] INFO  impl.LeaderElection (LeaderElection.java:askForVotes(450)) - aa9634f0-8836-44d6-bc05-5b19fbdd93d5@group-813C05265458-LeaderElection270 PRE_VOTE round 0: result REJECTED
2025-10-10 10:40:15,579 [aa9634f0-8836-44d6-bc05-5b19fbdd93d5@group-813C05265458-LeaderElection270] INFO  server.RaftServer$Division (RaftServerImpl.java:setRole(392)) - aa9634f0-8836-44d6-bc05-5b19fbdd93d5@group-813C05265458: changes role from CANDIDATE to FOLLOWER at term 1 for REJECTED
2025-10-10 10:40:15,579 [aa9634f0-8836-44d6-bc05-5b19fbdd93d5@group-813C05265458-LeaderElection270] INFO  impl.RoleInfo (RoleInfo.java:shutdownLeaderElection(141)) - aa9634f0-8836-44d6-bc05-5b19fbdd93d5: shutdown aa9634f0-8836-44d6-bc05-5b19fbdd93d5@group-813C05265458-LeaderElection270
2025-10-10 10:40:15,579 [aa9634f0-8836-44d6-bc05-5b19fbdd93d5@group-813C05265458-LeaderElection270] INFO  impl.RoleInfo (RoleInfo.java:updateAndGet(148)) - aa9634f0-8836-44d6-bc05-5b19fbdd93d5: start aa9634f0-8836-44d6-bc05-5b19fbdd93d5@group-813C05265458-FollowerState
2025-10-10 10:40:15,696 [aa9634f0-8836-44d6-bc05-5b19fbdd93d5@group-6EF60CB14872-FollowerState] INFO  impl.FollowerState (FollowerState.java:runImpl(161)) - aa9634f0-8836-44d6-bc05-5b19fbdd93d5@group-6EF60CB14872-FollowerState: change to CANDIDATE, lastRpcElapsedTime:1088297404ns, electionTimeout:1088ms
2025-10-10 10:40:15,697 [aa9634f0-8836-44d6-bc05-5b19fbdd93d5@group-6EF60CB14872-FollowerState] INFO  impl.RoleInfo (RoleInfo.java:shutdownFollowerState(121)) - aa9634f0-8836-44d6-bc05-5b19fbdd93d5: shutdown aa9634f0-8836-44d6-bc05-5b19fbdd93d5@group-6EF60CB14872-FollowerState
2025-10-10 10:40:15,697 [aa9634f0-8836-44d6-bc05-5b19fbdd93d5@group-6EF60CB14872-FollowerState] INFO  server.RaftServer$Division (RaftServerImpl.java:setRole(392)) - aa9634f0-8836-44d6-bc05-5b19fbdd93d5@group-6EF60CB14872: changes role from  FOLLOWER to CANDIDATE at term 5 for changeToCandidate
2025-10-10 10:40:15,697 [aa9634f0-8836-44d6-bc05-5b19fbdd93d5@group-6EF60CB14872-FollowerState] INFO  impl.RoleInfo (RoleInfo.java:updateAndGet(148)) - aa9634f0-8836-44d6-bc05-5b19fbdd93d5: start aa9634f0-8836-44d6-bc05-5b19fbdd93d5@group-6EF60CB14872-LeaderElection271
2025-10-10 10:40:15,697 [aa9634f0-8836-44d6-bc05-5b19fbdd93d5@group-6EF60CB14872-LeaderElection271] INFO  impl.LeaderElection (LeaderElection.java:askForVotes(448)) - aa9634f0-8836-44d6-bc05-5b19fbdd93d5@group-6EF60CB14872-LeaderElection271 PRE_VOTE round 0: submit vote requests at term 5 for conf: {index: 20, cur=peers:[aa9634f0-8836-44d6-bc05-5b19fbdd93d5|127.0.0.1:15063, 36185c6b-22ce-45d1-a622-3a6b487a5a53|127.0.0.1:15071, 895d447a-5476-42e4-b2fa-6eb687701d46|127.0.0.1:15079]|listeners:[], old=null}
2025-10-10 10:40:15,697 [aa9634f0-8836-44d6-bc05-5b19fbdd93d5@group-6EF60CB14872-LeaderElection271] INFO  impl.LeaderElection (LogUtils.java:infoOrTrace(142)) - aa9634f0-8836-44d6-bc05-5b19fbdd93d5@group-6EF60CB14872-LeaderElection271 got exception when requesting votes: java.util.concurrent.ExecutionException: org.apache.ratis.thirdparty.io.grpc.StatusRuntimeException: UNAVAILABLE: io exception
2025-10-10 10:40:15,698 [aa9634f0-8836-44d6-bc05-5b19fbdd93d5@group-6EF60CB14872-LeaderElection271] INFO  impl.LeaderElection (LogUtils.java:infoOrTrace(142)) - aa9634f0-8836-44d6-bc05-5b19fbdd93d5@group-6EF60CB14872-LeaderElection271 got exception when requesting votes: java.util.concurrent.ExecutionException: org.apache.ratis.thirdparty.io.grpc.StatusRuntimeException: UNAVAILABLE: io exception
2025-10-10 10:40:15,698 [aa9634f0-8836-44d6-bc05-5b19fbdd93d5@group-6EF60CB14872-LeaderElection271] INFO  impl.LeaderElection (LeaderElection.java:logAndReturn(206)) - aa9634f0-8836-44d6-bc05-5b19fbdd93d5@group-6EF60CB14872-LeaderElection271: PRE_VOTE REJECTED received 0 response(s) and 2 exception(s):
2025-10-10 10:40:15,698 [aa9634f0-8836-44d6-bc05-5b19fbdd93d5@group-6EF60CB14872-LeaderElection271] INFO  impl.LeaderElection (LogUtils.java:infoOrTrace(142)) -   Exception 0: java.util.concurrent.ExecutionException: org.apache.ratis.thirdparty.io.grpc.StatusRuntimeException: UNAVAILABLE: io exception
2025-10-10 10:40:15,698 [aa9634f0-8836-44d6-bc05-5b19fbdd93d5@group-6EF60CB14872-LeaderElection271] INFO  impl.LeaderElection (LogUtils.java:infoOrTrace(142)) -   Exception 1: java.util.concurrent.ExecutionException: org.apache.ratis.thirdparty.io.grpc.StatusRuntimeException: UNAVAILABLE: io exception
2025-10-10 10:40:15,698 [aa9634f0-8836-44d6-bc05-5b19fbdd93d5@group-6EF60CB14872-LeaderElection271] INFO  impl.LeaderElection (LeaderElection.java:askForVotes(450)) - aa9634f0-8836-44d6-bc05-5b19fbdd93d5@group-6EF60CB14872-LeaderElection271 PRE_VOTE round 0: result REJECTED
2025-10-10 10:40:15,698 [aa9634f0-8836-44d6-bc05-5b19fbdd93d5@group-6EF60CB14872-LeaderElection271] INFO  server.RaftServer$Division (RaftServerImpl.java:setRole(392)) - aa9634f0-8836-44d6-bc05-5b19fbdd93d5@group-6EF60CB14872: changes role from CANDIDATE to FOLLOWER at term 5 for REJECTED
2025-10-10 10:40:15,698 [aa9634f0-8836-44d6-bc05-5b19fbdd93d5@group-6EF60CB14872-LeaderElection271] INFO  impl.RoleInfo (RoleInfo.java:shutdownLeaderElection(141)) - aa9634f0-8836-44d6-bc05-5b19fbdd93d5: shutdown aa9634f0-8836-44d6-bc05-5b19fbdd93d5@group-6EF60CB14872-LeaderElection271
2025-10-10 10:40:15,698 [aa9634f0-8836-44d6-bc05-5b19fbdd93d5@group-6EF60CB14872-LeaderElection271] INFO  impl.RoleInfo (RoleInfo.java:updateAndGet(148)) - aa9634f0-8836-44d6-bc05-5b19fbdd93d5: start aa9634f0-8836-44d6-bc05-5b19fbdd93d5@group-6EF60CB14872-FollowerState
2025-10-10 10:40:16,580 [aa9634f0-8836-44d6-bc05-5b19fbdd93d5@group-813C05265458-FollowerState] INFO  impl.FollowerState (FollowerState.java:runImpl(161)) - aa9634f0-8836-44d6-bc05-5b19fbdd93d5@group-813C05265458-FollowerState: change to CANDIDATE, lastRpcElapsedTime:1000288917ns, electionTimeout:1000ms
2025-10-10 10:40:16,580 [aa9634f0-8836-44d6-bc05-5b19fbdd93d5@group-813C05265458-FollowerState] INFO  impl.RoleInfo (RoleInfo.java:shutdownFollowerState(121)) - aa9634f0-8836-44d6-bc05-5b19fbdd93d5: shutdown aa9634f0-8836-44d6-bc05-5b19fbdd93d5@group-813C05265458-FollowerState
2025-10-10 10:40:16,580 [aa9634f0-8836-44d6-bc05-5b19fbdd93d5@group-813C05265458-FollowerState] INFO  server.RaftServer$Division (RaftServerImpl.java:setRole(392)) - aa9634f0-8836-44d6-bc05-5b19fbdd93d5@group-813C05265458: changes role from  FOLLOWER to CANDIDATE at term 1 for changeToCandidate
2025-10-10 10:40:16,580 [aa9634f0-8836-44d6-bc05-5b19fbdd93d5@group-813C05265458-FollowerState] INFO  impl.RoleInfo (RoleInfo.java:updateAndGet(148)) - aa9634f0-8836-44d6-bc05-5b19fbdd93d5: start aa9634f0-8836-44d6-bc05-5b19fbdd93d5@group-813C05265458-LeaderElection272
2025-10-10 10:40:16,580 [aa9634f0-8836-44d6-bc05-5b19fbdd93d5@group-813C05265458-LeaderElection272] INFO  impl.LeaderElection (LeaderElection.java:askForVotes(448)) - aa9634f0-8836-44d6-bc05-5b19fbdd93d5@group-813C05265458-LeaderElection272 PRE_VOTE round 0: submit vote requests at term 1 for conf: {index: 0, cur=peers:[aa9634f0-8836-44d6-bc05-5b19fbdd93d5|127.0.0.1:15063, 36185c6b-22ce-45d1-a622-3a6b487a5a53|127.0.0.1:15071, 895d447a-5476-42e4-b2fa-6eb687701d46|127.0.0.1:15079]|listeners:[], old=null}
2025-10-10 10:40:16,581 [aa9634f0-8836-44d6-bc05-5b19fbdd93d5@group-813C05265458-LeaderElection272] INFO  impl.LeaderElection (LogUtils.java:infoOrTrace(142)) - aa9634f0-8836-44d6-bc05-5b19fbdd93d5@group-813C05265458-LeaderElection272 got exception when requesting votes: java.util.concurrent.ExecutionException: org.apache.ratis.thirdparty.io.grpc.StatusRuntimeException: UNAVAILABLE: io exception
2025-10-10 10:40:16,581 [aa9634f0-8836-44d6-bc05-5b19fbdd93d5@group-813C05265458-LeaderElection272] INFO  impl.LeaderElection (LogUtils.java:infoOrTrace(142)) - aa9634f0-8836-44d6-bc05-5b19fbdd93d5@group-813C05265458-LeaderElection272 got exception when requesting votes: java.util.concurrent.ExecutionException: org.apache.ratis.thirdparty.io.grpc.StatusRuntimeException: UNAVAILABLE: io exception
2025-10-10 10:40:16,581 [aa9634f0-8836-44d6-bc05-5b19fbdd93d5@group-813C05265458-LeaderElection272] INFO  impl.LeaderElection (LeaderElection.java:logAndReturn(206)) - aa9634f0-8836-44d6-bc05-5b19fbdd93d5@group-813C05265458-LeaderElection272: PRE_VOTE REJECTED received 0 response(s) and 2 exception(s):
2025-10-10 10:40:16,581 [aa9634f0-8836-44d6-bc05-5b19fbdd93d5@group-813C05265458-LeaderElection272] INFO  impl.LeaderElection (LogUtils.java:infoOrTrace(142)) -   Exception 0: java.util.concurrent.ExecutionException: org.apache.ratis.thirdparty.io.grpc.StatusRuntimeException: UNAVAILABLE: io exception
2025-10-10 10:40:16,581 [aa9634f0-8836-44d6-bc05-5b19fbdd93d5@group-813C05265458-LeaderElection272] INFO  impl.LeaderElection (LogUtils.java:infoOrTrace(142)) -   Exception 1: java.util.concurrent.ExecutionException: org.apache.ratis.thirdparty.io.grpc.StatusRuntimeException: UNAVAILABLE: io exception
2025-10-10 10:40:16,581 [aa9634f0-8836-44d6-bc05-5b19fbdd93d5@group-813C05265458-LeaderElection272] INFO  impl.LeaderElection (LeaderElection.java:askForVotes(450)) - aa9634f0-8836-44d6-bc05-5b19fbdd93d5@group-813C05265458-LeaderElection272 PRE_VOTE round 0: result REJECTED
2025-10-10 10:40:16,581 [aa9634f0-8836-44d6-bc05-5b19fbdd93d5@group-813C05265458-LeaderElection272] INFO  server.RaftServer$Division (RaftServerImpl.java:setRole(392)) - aa9634f0-8836-44d6-bc05-5b19fbdd93d5@group-813C05265458: changes role from CANDIDATE to FOLLOWER at term 1 for REJECTED
2025-10-10 10:40:16,581 [aa9634f0-8836-44d6-bc05-5b19fbdd93d5@group-813C05265458-LeaderElection272] INFO  impl.RoleInfo (RoleInfo.java:shutdownLeaderElection(141)) - aa9634f0-8836-44d6-bc05-5b19fbdd93d5: shutdown aa9634f0-8836-44d6-bc05-5b19fbdd93d5@group-813C05265458-LeaderElection272
2025-10-10 10:40:16,581 [aa9634f0-8836-44d6-bc05-5b19fbdd93d5@group-813C05265458-LeaderElection272] INFO  impl.RoleInfo (RoleInfo.java:updateAndGet(148)) - aa9634f0-8836-44d6-bc05-5b19fbdd93d5: start aa9634f0-8836-44d6-bc05-5b19fbdd93d5@group-813C05265458-FollowerState
2025-10-10 10:40:16,732 [aa9634f0-8836-44d6-bc05-5b19fbdd93d5@group-6EF60CB14872-FollowerState] INFO  impl.FollowerState (FollowerState.java:runImpl(161)) - aa9634f0-8836-44d6-bc05-5b19fbdd93d5@group-6EF60CB14872-FollowerState: change to CANDIDATE, lastRpcElapsedTime:1034297424ns, electionTimeout:1034ms
2025-10-10 10:40:16,732 [aa9634f0-8836-44d6-bc05-5b19fbdd93d5@group-6EF60CB14872-FollowerState] INFO  impl.RoleInfo (RoleInfo.java:shutdownFollowerState(121)) - aa9634f0-8836-44d6-bc05-5b19fbdd93d5: shutdown aa9634f0-8836-44d6-bc05-5b19fbdd93d5@group-6EF60CB14872-FollowerState
2025-10-10 10:40:16,732 [aa9634f0-8836-44d6-bc05-5b19fbdd93d5@group-6EF60CB14872-FollowerState] INFO  server.RaftServer$Division (RaftServerImpl.java:setRole(392)) - aa9634f0-8836-44d6-bc05-5b19fbdd93d5@group-6EF60CB14872: changes role from  FOLLOWER to CANDIDATE at term 5 for changeToCandidate
2025-10-10 10:40:16,732 [aa9634f0-8836-44d6-bc05-5b19fbdd93d5@group-6EF60CB14872-FollowerState] INFO  impl.RoleInfo (RoleInfo.java:updateAndGet(148)) - aa9634f0-8836-44d6-bc05-5b19fbdd93d5: start aa9634f0-8836-44d6-bc05-5b19fbdd93d5@group-6EF60CB14872-LeaderElection273
2025-10-10 10:40:16,733 [aa9634f0-8836-44d6-bc05-5b19fbdd93d5@group-6EF60CB14872-LeaderElection273] INFO  impl.LeaderElection (LeaderElection.java:askForVotes(448)) - aa9634f0-8836-44d6-bc05-5b19fbdd93d5@group-6EF60CB14872-LeaderElection273 PRE_VOTE round 0: submit vote requests at term 5 for conf: {index: 20, cur=peers:[aa9634f0-8836-44d6-bc05-5b19fbdd93d5|127.0.0.1:15063, 36185c6b-22ce-45d1-a622-3a6b487a5a53|127.0.0.1:15071, 895d447a-5476-42e4-b2fa-6eb687701d46|127.0.0.1:15079]|listeners:[], old=null}
2025-10-10 10:40:16,733 [aa9634f0-8836-44d6-bc05-5b19fbdd93d5@group-6EF60CB14872-LeaderElection273] INFO  impl.LeaderElection (LogUtils.java:infoOrTrace(142)) - aa9634f0-8836-44d6-bc05-5b19fbdd93d5@group-6EF60CB14872-LeaderElection273 got exception when requesting votes: java.util.concurrent.ExecutionException: org.apache.ratis.thirdparty.io.grpc.StatusRuntimeException: UNAVAILABLE: io exception
2025-10-10 10:40:16,733 [aa9634f0-8836-44d6-bc05-5b19fbdd93d5@group-6EF60CB14872-LeaderElection273] INFO  impl.LeaderElection (LogUtils.java:infoOrTrace(142)) - aa9634f0-8836-44d6-bc05-5b19fbdd93d5@group-6EF60CB14872-LeaderElection273 got exception when requesting votes: java.util.concurrent.ExecutionException: org.apache.ratis.thirdparty.io.grpc.StatusRuntimeException: UNAVAILABLE: io exception
2025-10-10 10:40:16,733 [aa9634f0-8836-44d6-bc05-5b19fbdd93d5@group-6EF60CB14872-LeaderElection273] INFO  impl.LeaderElection (LeaderElection.java:logAndReturn(206)) - aa9634f0-8836-44d6-bc05-5b19fbdd93d5@group-6EF60CB14872-LeaderElection273: PRE_VOTE REJECTED received 0 response(s) and 2 exception(s):
2025-10-10 10:40:16,733 [aa9634f0-8836-44d6-bc05-5b19fbdd93d5@group-6EF60CB14872-LeaderElection273] INFO  impl.LeaderElection (LogUtils.java:infoOrTrace(142)) -   Exception 0: java.util.concurrent.ExecutionException: org.apache.ratis.thirdparty.io.grpc.StatusRuntimeException: UNAVAILABLE: io exception
2025-10-10 10:40:16,733 [aa9634f0-8836-44d6-bc05-5b19fbdd93d5@group-6EF60CB14872-LeaderElection273] INFO  impl.LeaderElection (LogUtils.java:infoOrTrace(142)) -   Exception 1: java.util.concurrent.ExecutionException: org.apache.ratis.thirdparty.io.grpc.StatusRuntimeException: UNAVAILABLE: io exception
2025-10-10 10:40:16,733 [aa9634f0-8836-44d6-bc05-5b19fbdd93d5@group-6EF60CB14872-LeaderElection273] INFO  impl.LeaderElection (LeaderElection.java:askForVotes(450)) - aa9634f0-8836-44d6-bc05-5b19fbdd93d5@group-6EF60CB14872-LeaderElection273 PRE_VOTE round 0: result REJECTED
2025-10-10 10:40:16,734 [aa9634f0-8836-44d6-bc05-5b19fbdd93d5@group-6EF60CB14872-LeaderElection273] INFO  server.RaftServer$Division (RaftServerImpl.java:setRole(392)) - aa9634f0-8836-44d6-bc05-5b19fbdd93d5@group-6EF60CB14872: changes role from CANDIDATE to FOLLOWER at term 5 for REJECTED
2025-10-10 10:40:16,734 [aa9634f0-8836-44d6-bc05-5b19fbdd93d5@group-6EF60CB14872-LeaderElection273] INFO  impl.RoleInfo (RoleInfo.java:shutdownLeaderElection(141)) - aa9634f0-8836-44d6-bc05-5b19fbdd93d5: shutdown aa9634f0-8836-44d6-bc05-5b19fbdd93d5@group-6EF60CB14872-LeaderElection273
2025-10-10 10:40:16,734 [aa9634f0-8836-44d6-bc05-5b19fbdd93d5@group-6EF60CB14872-LeaderElection273] INFO  impl.RoleInfo (RoleInfo.java:updateAndGet(148)) - aa9634f0-8836-44d6-bc05-5b19fbdd93d5: start aa9634f0-8836-44d6-bc05-5b19fbdd93d5@group-6EF60CB14872-FollowerState
2025-10-10 10:40:17,599 [aa9634f0-8836-44d6-bc05-5b19fbdd93d5@group-813C05265458-FollowerState] INFO  impl.FollowerState (FollowerState.java:runImpl(161)) - aa9634f0-8836-44d6-bc05-5b19fbdd93d5@group-813C05265458-FollowerState: change to CANDIDATE, lastRpcElapsedTime:1017309997ns, electionTimeout:1017ms
2025-10-10 10:40:17,599 [aa9634f0-8836-44d6-bc05-5b19fbdd93d5@group-813C05265458-FollowerState] INFO  impl.RoleInfo (RoleInfo.java:shutdownFollowerState(121)) - aa9634f0-8836-44d6-bc05-5b19fbdd93d5: shutdown aa9634f0-8836-44d6-bc05-5b19fbdd93d5@group-813C05265458-FollowerState
2025-10-10 10:40:17,599 [aa9634f0-8836-44d6-bc05-5b19fbdd93d5@group-813C05265458-FollowerState] INFO  server.RaftServer$Division (RaftServerImpl.java:setRole(392)) - aa9634f0-8836-44d6-bc05-5b19fbdd93d5@group-813C05265458: changes role from  FOLLOWER to CANDIDATE at term 1 for changeToCandidate
2025-10-10 10:40:17,599 [aa9634f0-8836-44d6-bc05-5b19fbdd93d5@group-813C05265458-FollowerState] INFO  impl.RoleInfo (RoleInfo.java:updateAndGet(148)) - aa9634f0-8836-44d6-bc05-5b19fbdd93d5: start aa9634f0-8836-44d6-bc05-5b19fbdd93d5@group-813C05265458-LeaderElection274
2025-10-10 10:40:17,599 [aa9634f0-8836-44d6-bc05-5b19fbdd93d5@group-813C05265458-LeaderElection274] INFO  impl.LeaderElection (LeaderElection.java:askForVotes(448)) - aa9634f0-8836-44d6-bc05-5b19fbdd93d5@group-813C05265458-LeaderElection274 PRE_VOTE round 0: submit vote requests at term 1 for conf: {index: 0, cur=peers:[aa9634f0-8836-44d6-bc05-5b19fbdd93d5|127.0.0.1:15063, 36185c6b-22ce-45d1-a622-3a6b487a5a53|127.0.0.1:15071, 895d447a-5476-42e4-b2fa-6eb687701d46|127.0.0.1:15079]|listeners:[], old=null}
2025-10-10 10:40:17,600 [aa9634f0-8836-44d6-bc05-5b19fbdd93d5@group-813C05265458-LeaderElection274] INFO  impl.LeaderElection (LogUtils.java:infoOrTrace(142)) - aa9634f0-8836-44d6-bc05-5b19fbdd93d5@group-813C05265458-LeaderElection274 got exception when requesting votes: java.util.concurrent.ExecutionException: org.apache.ratis.thirdparty.io.grpc.StatusRuntimeException: UNAVAILABLE: io exception
2025-10-10 10:40:17,600 [aa9634f0-8836-44d6-bc05-5b19fbdd93d5@group-813C05265458-LeaderElection274] INFO  impl.LeaderElection (LogUtils.java:infoOrTrace(142)) - aa9634f0-8836-44d6-bc05-5b19fbdd93d5@group-813C05265458-LeaderElection274 got exception when requesting votes: java.util.concurrent.ExecutionException: org.apache.ratis.thirdparty.io.grpc.StatusRuntimeException: UNAVAILABLE: io exception
2025-10-10 10:40:17,600 [aa9634f0-8836-44d6-bc05-5b19fbdd93d5@group-813C05265458-LeaderElection274] INFO  impl.LeaderElection (LeaderElection.java:logAndReturn(206)) - aa9634f0-8836-44d6-bc05-5b19fbdd93d5@group-813C05265458-LeaderElection274: PRE_VOTE REJECTED received 0 response(s) and 2 exception(s):
2025-10-10 10:40:17,600 [aa9634f0-8836-44d6-bc05-5b19fbdd93d5@group-813C05265458-LeaderElection274] INFO  impl.LeaderElection (LogUtils.java:infoOrTrace(142)) -   Exception 0: java.util.concurrent.ExecutionException: org.apache.ratis.thirdparty.io.grpc.StatusRuntimeException: UNAVAILABLE: io exception
2025-10-10 10:40:17,600 [aa9634f0-8836-44d6-bc05-5b19fbdd93d5@group-813C05265458-LeaderElection274] INFO  impl.LeaderElection (LogUtils.java:infoOrTrace(142)) -   Exception 1: java.util.concurrent.ExecutionException: org.apache.ratis.thirdparty.io.grpc.StatusRuntimeException: UNAVAILABLE: io exception
2025-10-10 10:40:17,600 [aa9634f0-8836-44d6-bc05-5b19fbdd93d5@group-813C05265458-LeaderElection274] INFO  impl.LeaderElection (LeaderElection.java:askForVotes(450)) - aa9634f0-8836-44d6-bc05-5b19fbdd93d5@group-813C05265458-LeaderElection274 PRE_VOTE round 0: result REJECTED
2025-10-10 10:40:17,600 [aa9634f0-8836-44d6-bc05-5b19fbdd93d5@group-813C05265458-LeaderElection274] INFO  server.RaftServer$Division (RaftServerImpl.java:setRole(392)) - aa9634f0-8836-44d6-bc05-5b19fbdd93d5@group-813C05265458: changes role from CANDIDATE to FOLLOWER at term 1 for REJECTED
2025-10-10 10:40:17,600 [aa9634f0-8836-44d6-bc05-5b19fbdd93d5@group-813C05265458-LeaderElection274] INFO  impl.RoleInfo (RoleInfo.java:shutdownLeaderElection(141)) - aa9634f0-8836-44d6-bc05-5b19fbdd93d5: shutdown aa9634f0-8836-44d6-bc05-5b19fbdd93d5@group-813C05265458-LeaderElection274
2025-10-10 10:40:17,600 [aa9634f0-8836-44d6-bc05-5b19fbdd93d5@group-813C05265458-LeaderElection274] INFO  impl.RoleInfo (RoleInfo.java:updateAndGet(148)) - aa9634f0-8836-44d6-bc05-5b19fbdd93d5: start aa9634f0-8836-44d6-bc05-5b19fbdd93d5@group-813C05265458-FollowerState
2025-10-10 10:40:17,784 [aa9634f0-8836-44d6-bc05-5b19fbdd93d5@group-6EF60CB14872-FollowerState] INFO  impl.FollowerState (FollowerState.java:runImpl(161)) - aa9634f0-8836-44d6-bc05-5b19fbdd93d5@group-6EF60CB14872-FollowerState: change to CANDIDATE, lastRpcElapsedTime:1050380598ns, electionTimeout:1050ms
2025-10-10 10:40:17,784 [aa9634f0-8836-44d6-bc05-5b19fbdd93d5@group-6EF60CB14872-FollowerState] INFO  impl.RoleInfo (RoleInfo.java:shutdownFollowerState(121)) - aa9634f0-8836-44d6-bc05-5b19fbdd93d5: shutdown aa9634f0-8836-44d6-bc05-5b19fbdd93d5@group-6EF60CB14872-FollowerState
2025-10-10 10:40:17,784 [aa9634f0-8836-44d6-bc05-5b19fbdd93d5@group-6EF60CB14872-FollowerState] INFO  server.RaftServer$Division (RaftServerImpl.java:setRole(392)) - aa9634f0-8836-44d6-bc05-5b19fbdd93d5@group-6EF60CB14872: changes role from  FOLLOWER to CANDIDATE at term 5 for changeToCandidate
2025-10-10 10:40:17,784 [aa9634f0-8836-44d6-bc05-5b19fbdd93d5@group-6EF60CB14872-FollowerState] INFO  impl.RoleInfo (RoleInfo.java:updateAndGet(148)) - aa9634f0-8836-44d6-bc05-5b19fbdd93d5: start aa9634f0-8836-44d6-bc05-5b19fbdd93d5@group-6EF60CB14872-LeaderElection275
2025-10-10 10:40:17,785 [aa9634f0-8836-44d6-bc05-5b19fbdd93d5@group-6EF60CB14872-LeaderElection275] INFO  impl.LeaderElection (LeaderElection.java:askForVotes(448)) - aa9634f0-8836-44d6-bc05-5b19fbdd93d5@group-6EF60CB14872-LeaderElection275 PRE_VOTE round 0: submit vote requests at term 5 for conf: {index: 20, cur=peers:[aa9634f0-8836-44d6-bc05-5b19fbdd93d5|127.0.0.1:15063, 36185c6b-22ce-45d1-a622-3a6b487a5a53|127.0.0.1:15071, 895d447a-5476-42e4-b2fa-6eb687701d46|127.0.0.1:15079]|listeners:[], old=null}
2025-10-10 10:40:17,785 [aa9634f0-8836-44d6-bc05-5b19fbdd93d5@group-6EF60CB14872-LeaderElection275] INFO  impl.LeaderElection (LogUtils.java:infoOrTrace(142)) - aa9634f0-8836-44d6-bc05-5b19fbdd93d5@group-6EF60CB14872-LeaderElection275 got exception when requesting votes: java.util.concurrent.ExecutionException: org.apache.ratis.thirdparty.io.grpc.StatusRuntimeException: UNAVAILABLE: io exception
2025-10-10 10:40:17,785 [aa9634f0-8836-44d6-bc05-5b19fbdd93d5@group-6EF60CB14872-LeaderElection275] INFO  impl.LeaderElection (LogUtils.java:infoOrTrace(142)) - aa9634f0-8836-44d6-bc05-5b19fbdd93d5@group-6EF60CB14872-LeaderElection275 got exception when requesting votes: java.util.concurrent.ExecutionException: org.apache.ratis.thirdparty.io.grpc.StatusRuntimeException: UNAVAILABLE: io exception
2025-10-10 10:40:17,785 [aa9634f0-8836-44d6-bc05-5b19fbdd93d5@group-6EF60CB14872-LeaderElection275] INFO  impl.LeaderElection (LeaderElection.java:logAndReturn(206)) - aa9634f0-8836-44d6-bc05-5b19fbdd93d5@group-6EF60CB14872-LeaderElection275: PRE_VOTE REJECTED received 0 response(s) and 2 exception(s):
2025-10-10 10:40:17,785 [aa9634f0-8836-44d6-bc05-5b19fbdd93d5@group-6EF60CB14872-LeaderElection275] INFO  impl.LeaderElection (LogUtils.java:infoOrTrace(142)) -   Exception 0: java.util.concurrent.ExecutionException: org.apache.ratis.thirdparty.io.grpc.StatusRuntimeException: UNAVAILABLE: io exception
2025-10-10 10:40:17,785 [aa9634f0-8836-44d6-bc05-5b19fbdd93d5@group-6EF60CB14872-LeaderElection275] INFO  impl.LeaderElection (LogUtils.java:infoOrTrace(142)) -   Exception 1: java.util.concurrent.ExecutionException: org.apache.ratis.thirdparty.io.grpc.StatusRuntimeException: UNAVAILABLE: io exception
2025-10-10 10:40:17,785 [aa9634f0-8836-44d6-bc05-5b19fbdd93d5@group-6EF60CB14872-LeaderElection275] INFO  impl.LeaderElection (LeaderElection.java:askForVotes(450)) - aa9634f0-8836-44d6-bc05-5b19fbdd93d5@group-6EF60CB14872-LeaderElection275 PRE_VOTE round 0: result REJECTED
2025-10-10 10:40:17,785 [aa9634f0-8836-44d6-bc05-5b19fbdd93d5@group-6EF60CB14872-LeaderElection275] INFO  server.RaftServer$Division (RaftServerImpl.java:setRole(392)) - aa9634f0-8836-44d6-bc05-5b19fbdd93d5@group-6EF60CB14872: changes role from CANDIDATE to FOLLOWER at term 5 for REJECTED
2025-10-10 10:40:17,785 [aa9634f0-8836-44d6-bc05-5b19fbdd93d5@group-6EF60CB14872-LeaderElection275] INFO  impl.RoleInfo (RoleInfo.java:shutdownLeaderElection(141)) - aa9634f0-8836-44d6-bc05-5b19fbdd93d5: shutdown aa9634f0-8836-44d6-bc05-5b19fbdd93d5@group-6EF60CB14872-LeaderElection275
2025-10-10 10:40:17,786 [aa9634f0-8836-44d6-bc05-5b19fbdd93d5@group-6EF60CB14872-LeaderElection275] INFO  impl.RoleInfo (RoleInfo.java:updateAndGet(148)) - aa9634f0-8836-44d6-bc05-5b19fbdd93d5: start aa9634f0-8836-44d6-bc05-5b19fbdd93d5@group-6EF60CB14872-FollowerState
2025-10-10 10:40:18,628 [aa9634f0-8836-44d6-bc05-5b19fbdd93d5@group-813C05265458-FollowerState] INFO  impl.FollowerState (FollowerState.java:runImpl(161)) - aa9634f0-8836-44d6-bc05-5b19fbdd93d5@group-813C05265458-FollowerState: change to CANDIDATE, lastRpcElapsedTime:1028263130ns, electionTimeout:1028ms
2025-10-10 10:40:18,628 [aa9634f0-8836-44d6-bc05-5b19fbdd93d5@group-813C05265458-FollowerState] INFO  impl.RoleInfo (RoleInfo.java:shutdownFollowerState(121)) - aa9634f0-8836-44d6-bc05-5b19fbdd93d5: shutdown aa9634f0-8836-44d6-bc05-5b19fbdd93d5@group-813C05265458-FollowerState
2025-10-10 10:40:18,628 [aa9634f0-8836-44d6-bc05-5b19fbdd93d5@group-813C05265458-FollowerState] INFO  server.RaftServer$Division (RaftServerImpl.java:setRole(392)) - aa9634f0-8836-44d6-bc05-5b19fbdd93d5@group-813C05265458: changes role from  FOLLOWER to CANDIDATE at term 1 for changeToCandidate
2025-10-10 10:40:18,629 [aa9634f0-8836-44d6-bc05-5b19fbdd93d5@group-813C05265458-FollowerState] INFO  impl.RoleInfo (RoleInfo.java:updateAndGet(148)) - aa9634f0-8836-44d6-bc05-5b19fbdd93d5: start aa9634f0-8836-44d6-bc05-5b19fbdd93d5@group-813C05265458-LeaderElection276
2025-10-10 10:40:18,629 [aa9634f0-8836-44d6-bc05-5b19fbdd93d5@group-813C05265458-LeaderElection276] INFO  impl.LeaderElection (LeaderElection.java:askForVotes(448)) - aa9634f0-8836-44d6-bc05-5b19fbdd93d5@group-813C05265458-LeaderElection276 PRE_VOTE round 0: submit vote requests at term 1 for conf: {index: 0, cur=peers:[aa9634f0-8836-44d6-bc05-5b19fbdd93d5|127.0.0.1:15063, 36185c6b-22ce-45d1-a622-3a6b487a5a53|127.0.0.1:15071, 895d447a-5476-42e4-b2fa-6eb687701d46|127.0.0.1:15079]|listeners:[], old=null}
2025-10-10 10:40:18,629 [aa9634f0-8836-44d6-bc05-5b19fbdd93d5@group-813C05265458-LeaderElection276] INFO  impl.LeaderElection (LogUtils.java:infoOrTrace(142)) - aa9634f0-8836-44d6-bc05-5b19fbdd93d5@group-813C05265458-LeaderElection276 got exception when requesting votes: java.util.concurrent.ExecutionException: org.apache.ratis.thirdparty.io.grpc.StatusRuntimeException: UNAVAILABLE: io exception
2025-10-10 10:40:18,629 [aa9634f0-8836-44d6-bc05-5b19fbdd93d5@group-813C05265458-LeaderElection276] INFO  impl.LeaderElection (LogUtils.java:infoOrTrace(142)) - aa9634f0-8836-44d6-bc05-5b19fbdd93d5@group-813C05265458-LeaderElection276 got exception when requesting votes: java.util.concurrent.ExecutionException: org.apache.ratis.thirdparty.io.grpc.StatusRuntimeException: UNAVAILABLE: io exception
2025-10-10 10:40:18,629 [aa9634f0-8836-44d6-bc05-5b19fbdd93d5@group-813C05265458-LeaderElection276] INFO  impl.LeaderElection (LeaderElection.java:logAndReturn(206)) - aa9634f0-8836-44d6-bc05-5b19fbdd93d5@group-813C05265458-LeaderElection276: PRE_VOTE REJECTED received 0 response(s) and 2 exception(s):
2025-10-10 10:40:18,629 [aa9634f0-8836-44d6-bc05-5b19fbdd93d5@group-813C05265458-LeaderElection276] INFO  impl.LeaderElection (LogUtils.java:infoOrTrace(142)) -   Exception 0: java.util.concurrent.ExecutionException: org.apache.ratis.thirdparty.io.grpc.StatusRuntimeException: UNAVAILABLE: io exception
2025-10-10 10:40:18,629 [aa9634f0-8836-44d6-bc05-5b19fbdd93d5@group-813C05265458-LeaderElection276] INFO  impl.LeaderElection (LogUtils.java:infoOrTrace(142)) -   Exception 1: java.util.concurrent.ExecutionException: org.apache.ratis.thirdparty.io.grpc.StatusRuntimeException: UNAVAILABLE: io exception
2025-10-10 10:40:18,630 [aa9634f0-8836-44d6-bc05-5b19fbdd93d5@group-813C05265458-LeaderElection276] INFO  impl.LeaderElection (LeaderElection.java:askForVotes(450)) - aa9634f0-8836-44d6-bc05-5b19fbdd93d5@group-813C05265458-LeaderElection276 PRE_VOTE round 0: result REJECTED
2025-10-10 10:40:18,630 [aa9634f0-8836-44d6-bc05-5b19fbdd93d5@group-813C05265458-LeaderElection276] INFO  server.RaftServer$Division (RaftServerImpl.java:setRole(392)) - aa9634f0-8836-44d6-bc05-5b19fbdd93d5@group-813C05265458: changes role from CANDIDATE to FOLLOWER at term 1 for REJECTED
2025-10-10 10:40:18,630 [aa9634f0-8836-44d6-bc05-5b19fbdd93d5@group-813C05265458-LeaderElection276] INFO  impl.RoleInfo (RoleInfo.java:shutdownLeaderElection(141)) - aa9634f0-8836-44d6-bc05-5b19fbdd93d5: shutdown aa9634f0-8836-44d6-bc05-5b19fbdd93d5@group-813C05265458-LeaderElection276
2025-10-10 10:40:18,630 [aa9634f0-8836-44d6-bc05-5b19fbdd93d5@group-813C05265458-LeaderElection276] INFO  impl.RoleInfo (RoleInfo.java:updateAndGet(148)) - aa9634f0-8836-44d6-bc05-5b19fbdd93d5: start aa9634f0-8836-44d6-bc05-5b19fbdd93d5@group-813C05265458-FollowerState
2025-10-10 10:40:18,849 [aa9634f0-8836-44d6-bc05-5b19fbdd93d5@group-6EF60CB14872-FollowerState] INFO  impl.FollowerState (FollowerState.java:runImpl(161)) - aa9634f0-8836-44d6-bc05-5b19fbdd93d5@group-6EF60CB14872-FollowerState: change to CANDIDATE, lastRpcElapsedTime:1063672027ns, electionTimeout:1063ms
2025-10-10 10:40:18,849 [aa9634f0-8836-44d6-bc05-5b19fbdd93d5@group-6EF60CB14872-FollowerState] INFO  impl.RoleInfo (RoleInfo.java:shutdownFollowerState(121)) - aa9634f0-8836-44d6-bc05-5b19fbdd93d5: shutdown aa9634f0-8836-44d6-bc05-5b19fbdd93d5@group-6EF60CB14872-FollowerState
2025-10-10 10:40:18,849 [aa9634f0-8836-44d6-bc05-5b19fbdd93d5@group-6EF60CB14872-FollowerState] INFO  server.RaftServer$Division (RaftServerImpl.java:setRole(392)) - aa9634f0-8836-44d6-bc05-5b19fbdd93d5@group-6EF60CB14872: changes role from  FOLLOWER to CANDIDATE at term 5 for changeToCandidate
2025-10-10 10:40:18,849 [aa9634f0-8836-44d6-bc05-5b19fbdd93d5@group-6EF60CB14872-FollowerState] INFO  impl.RoleInfo (RoleInfo.java:updateAndGet(148)) - aa9634f0-8836-44d6-bc05-5b19fbdd93d5: start aa9634f0-8836-44d6-bc05-5b19fbdd93d5@group-6EF60CB14872-LeaderElection277
2025-10-10 10:40:18,850 [aa9634f0-8836-44d6-bc05-5b19fbdd93d5@group-6EF60CB14872-LeaderElection277] INFO  impl.LeaderElection (LeaderElection.java:askForVotes(448)) - aa9634f0-8836-44d6-bc05-5b19fbdd93d5@group-6EF60CB14872-LeaderElection277 PRE_VOTE round 0: submit vote requests at term 5 for conf: {index: 20, cur=peers:[aa9634f0-8836-44d6-bc05-5b19fbdd93d5|127.0.0.1:15063, 36185c6b-22ce-45d1-a622-3a6b487a5a53|127.0.0.1:15071, 895d447a-5476-42e4-b2fa-6eb687701d46|127.0.0.1:15079]|listeners:[], old=null}
2025-10-10 10:40:18,850 [aa9634f0-8836-44d6-bc05-5b19fbdd93d5@group-6EF60CB14872-LeaderElection277] INFO  impl.LeaderElection (LogUtils.java:infoOrTrace(142)) - aa9634f0-8836-44d6-bc05-5b19fbdd93d5@group-6EF60CB14872-LeaderElection277 got exception when requesting votes: java.util.concurrent.ExecutionException: org.apache.ratis.thirdparty.io.grpc.StatusRuntimeException: UNAVAILABLE: io exception
2025-10-10 10:40:18,850 [aa9634f0-8836-44d6-bc05-5b19fbdd93d5@group-6EF60CB14872-LeaderElection277] INFO  impl.LeaderElection (LogUtils.java:infoOrTrace(142)) - aa9634f0-8836-44d6-bc05-5b19fbdd93d5@group-6EF60CB14872-LeaderElection277 got exception when requesting votes: java.util.concurrent.ExecutionException: org.apache.ratis.thirdparty.io.grpc.StatusRuntimeException: UNAVAILABLE: io exception
2025-10-10 10:40:18,850 [aa9634f0-8836-44d6-bc05-5b19fbdd93d5@group-6EF60CB14872-LeaderElection277] INFO  impl.LeaderElection (LeaderElection.java:logAndReturn(206)) - aa9634f0-8836-44d6-bc05-5b19fbdd93d5@group-6EF60CB14872-LeaderElection277: PRE_VOTE REJECTED received 0 response(s) and 2 exception(s):
2025-10-10 10:40:18,850 [aa9634f0-8836-44d6-bc05-5b19fbdd93d5@group-6EF60CB14872-LeaderElection277] INFO  impl.LeaderElection (LogUtils.java:infoOrTrace(142)) -   Exception 0: java.util.concurrent.ExecutionException: org.apache.ratis.thirdparty.io.grpc.StatusRuntimeException: UNAVAILABLE: io exception
2025-10-10 10:40:18,850 [aa9634f0-8836-44d6-bc05-5b19fbdd93d5@group-6EF60CB14872-LeaderElection277] INFO  impl.LeaderElection (LogUtils.java:infoOrTrace(142)) -   Exception 1: java.util.concurrent.ExecutionException: org.apache.ratis.thirdparty.io.grpc.StatusRuntimeException: UNAVAILABLE: io exception
2025-10-10 10:40:18,850 [aa9634f0-8836-44d6-bc05-5b19fbdd93d5@group-6EF60CB14872-LeaderElection277] INFO  impl.LeaderElection (LeaderElection.java:askForVotes(450)) - aa9634f0-8836-44d6-bc05-5b19fbdd93d5@group-6EF60CB14872-LeaderElection277 PRE_VOTE round 0: result REJECTED
2025-10-10 10:40:18,850 [aa9634f0-8836-44d6-bc05-5b19fbdd93d5@group-6EF60CB14872-LeaderElection277] INFO  server.RaftServer$Division (RaftServerImpl.java:setRole(392)) - aa9634f0-8836-44d6-bc05-5b19fbdd93d5@group-6EF60CB14872: changes role from CANDIDATE to FOLLOWER at term 5 for REJECTED
2025-10-10 10:40:18,851 [aa9634f0-8836-44d6-bc05-5b19fbdd93d5@group-6EF60CB14872-LeaderElection277] INFO  impl.RoleInfo (RoleInfo.java:shutdownLeaderElection(141)) - aa9634f0-8836-44d6-bc05-5b19fbdd93d5: shutdown aa9634f0-8836-44d6-bc05-5b19fbdd93d5@group-6EF60CB14872-LeaderElection277
2025-10-10 10:40:18,851 [aa9634f0-8836-44d6-bc05-5b19fbdd93d5@group-6EF60CB14872-LeaderElection277] INFO  impl.RoleInfo (RoleInfo.java:updateAndGet(148)) - aa9634f0-8836-44d6-bc05-5b19fbdd93d5: start aa9634f0-8836-44d6-bc05-5b19fbdd93d5@group-6EF60CB14872-FollowerState
2025-10-10 10:40:19,675 [aa9634f0-8836-44d6-bc05-5b19fbdd93d5@group-813C05265458-FollowerState] INFO  impl.FollowerState (FollowerState.java:runImpl(161)) - aa9634f0-8836-44d6-bc05-5b19fbdd93d5@group-813C05265458-FollowerState: change to CANDIDATE, lastRpcElapsedTime:1045299753ns, electionTimeout:1045ms
2025-10-10 10:40:19,675 [aa9634f0-8836-44d6-bc05-5b19fbdd93d5@group-813C05265458-FollowerState] INFO  impl.RoleInfo (RoleInfo.java:shutdownFollowerState(121)) - aa9634f0-8836-44d6-bc05-5b19fbdd93d5: shutdown aa9634f0-8836-44d6-bc05-5b19fbdd93d5@group-813C05265458-FollowerState
2025-10-10 10:40:19,675 [aa9634f0-8836-44d6-bc05-5b19fbdd93d5@group-813C05265458-FollowerState] INFO  server.RaftServer$Division (RaftServerImpl.java:setRole(392)) - aa9634f0-8836-44d6-bc05-5b19fbdd93d5@group-813C05265458: changes role from  FOLLOWER to CANDIDATE at term 1 for changeToCandidate
2025-10-10 10:40:19,675 [aa9634f0-8836-44d6-bc05-5b19fbdd93d5@group-813C05265458-FollowerState] INFO  impl.RoleInfo (RoleInfo.java:updateAndGet(148)) - aa9634f0-8836-44d6-bc05-5b19fbdd93d5: start aa9634f0-8836-44d6-bc05-5b19fbdd93d5@group-813C05265458-LeaderElection278
2025-10-10 10:40:19,676 [aa9634f0-8836-44d6-bc05-5b19fbdd93d5@group-813C05265458-LeaderElection278] INFO  impl.LeaderElection (LeaderElection.java:askForVotes(448)) - aa9634f0-8836-44d6-bc05-5b19fbdd93d5@group-813C05265458-LeaderElection278 PRE_VOTE round 0: submit vote requests at term 1 for conf: {index: 0, cur=peers:[aa9634f0-8836-44d6-bc05-5b19fbdd93d5|127.0.0.1:15063, 36185c6b-22ce-45d1-a622-3a6b487a5a53|127.0.0.1:15071, 895d447a-5476-42e4-b2fa-6eb687701d46|127.0.0.1:15079]|listeners:[], old=null}
2025-10-10 10:40:19,676 [aa9634f0-8836-44d6-bc05-5b19fbdd93d5@group-813C05265458-LeaderElection278] INFO  impl.LeaderElection (LogUtils.java:infoOrTrace(142)) - aa9634f0-8836-44d6-bc05-5b19fbdd93d5@group-813C05265458-LeaderElection278 got exception when requesting votes: java.util.concurrent.ExecutionException: org.apache.ratis.thirdparty.io.grpc.StatusRuntimeException: UNAVAILABLE: io exception
2025-10-10 10:40:19,676 [aa9634f0-8836-44d6-bc05-5b19fbdd93d5@group-813C05265458-LeaderElection278] INFO  impl.LeaderElection (LogUtils.java:infoOrTrace(142)) - aa9634f0-8836-44d6-bc05-5b19fbdd93d5@group-813C05265458-LeaderElection278 got exception when requesting votes: java.util.concurrent.ExecutionException: org.apache.ratis.thirdparty.io.grpc.StatusRuntimeException: UNAVAILABLE: io exception
2025-10-10 10:40:19,676 [aa9634f0-8836-44d6-bc05-5b19fbdd93d5@group-813C05265458-LeaderElection278] INFO  impl.LeaderElection (LeaderElection.java:logAndReturn(206)) - aa9634f0-8836-44d6-bc05-5b19fbdd93d5@group-813C05265458-LeaderElection278: PRE_VOTE REJECTED received 0 response(s) and 2 exception(s):
2025-10-10 10:40:19,676 [aa9634f0-8836-44d6-bc05-5b19fbdd93d5@group-813C05265458-LeaderElection278] INFO  impl.LeaderElection (LogUtils.java:infoOrTrace(142)) -   Exception 0: java.util.concurrent.ExecutionException: org.apache.ratis.thirdparty.io.grpc.StatusRuntimeException: UNAVAILABLE: io exception
2025-10-10 10:40:19,676 [aa9634f0-8836-44d6-bc05-5b19fbdd93d5@group-813C05265458-LeaderElection278] INFO  impl.LeaderElection (LogUtils.java:infoOrTrace(142)) -   Exception 1: java.util.concurrent.ExecutionException: org.apache.ratis.thirdparty.io.grpc.StatusRuntimeException: UNAVAILABLE: io exception
2025-10-10 10:40:19,676 [aa9634f0-8836-44d6-bc05-5b19fbdd93d5@group-813C05265458-LeaderElection278] INFO  impl.LeaderElection (LeaderElection.java:askForVotes(450)) - aa9634f0-8836-44d6-bc05-5b19fbdd93d5@group-813C05265458-LeaderElection278 PRE_VOTE round 0: result REJECTED
2025-10-10 10:40:19,676 [aa9634f0-8836-44d6-bc05-5b19fbdd93d5@group-813C05265458-LeaderElection278] INFO  server.RaftServer$Division (RaftServerImpl.java:setRole(392)) - aa9634f0-8836-44d6-bc05-5b19fbdd93d5@group-813C05265458: changes role from CANDIDATE to FOLLOWER at term 1 for REJECTED
2025-10-10 10:40:19,676 [aa9634f0-8836-44d6-bc05-5b19fbdd93d5@group-813C05265458-LeaderElection278] INFO  impl.RoleInfo (RoleInfo.java:shutdownLeaderElection(141)) - aa9634f0-8836-44d6-bc05-5b19fbdd93d5: shutdown aa9634f0-8836-44d6-bc05-5b19fbdd93d5@group-813C05265458-LeaderElection278
2025-10-10 10:40:19,676 [aa9634f0-8836-44d6-bc05-5b19fbdd93d5@group-813C05265458-LeaderElection278] INFO  impl.RoleInfo (RoleInfo.java:updateAndGet(148)) - aa9634f0-8836-44d6-bc05-5b19fbdd93d5: start aa9634f0-8836-44d6-bc05-5b19fbdd93d5@group-813C05265458-FollowerState
2025-10-10 10:40:19,877 [aa9634f0-8836-44d6-bc05-5b19fbdd93d5@group-6EF60CB14872-FollowerState] INFO  impl.FollowerState (FollowerState.java:runImpl(161)) - aa9634f0-8836-44d6-bc05-5b19fbdd93d5@group-6EF60CB14872-FollowerState: change to CANDIDATE, lastRpcElapsedTime:1026387237ns, electionTimeout:1026ms
2025-10-10 10:40:19,877 [aa9634f0-8836-44d6-bc05-5b19fbdd93d5@group-6EF60CB14872-FollowerState] INFO  impl.RoleInfo (RoleInfo.java:shutdownFollowerState(121)) - aa9634f0-8836-44d6-bc05-5b19fbdd93d5: shutdown aa9634f0-8836-44d6-bc05-5b19fbdd93d5@group-6EF60CB14872-FollowerState
2025-10-10 10:40:19,877 [aa9634f0-8836-44d6-bc05-5b19fbdd93d5@group-6EF60CB14872-FollowerState] INFO  server.RaftServer$Division (RaftServerImpl.java:setRole(392)) - aa9634f0-8836-44d6-bc05-5b19fbdd93d5@group-6EF60CB14872: changes role from  FOLLOWER to CANDIDATE at term 5 for changeToCandidate
2025-10-10 10:40:19,877 [aa9634f0-8836-44d6-bc05-5b19fbdd93d5@group-6EF60CB14872-FollowerState] INFO  impl.RoleInfo (RoleInfo.java:updateAndGet(148)) - aa9634f0-8836-44d6-bc05-5b19fbdd93d5: start aa9634f0-8836-44d6-bc05-5b19fbdd93d5@group-6EF60CB14872-LeaderElection279
2025-10-10 10:40:19,878 [aa9634f0-8836-44d6-bc05-5b19fbdd93d5@group-6EF60CB14872-LeaderElection279] INFO  impl.LeaderElection (LeaderElection.java:askForVotes(448)) - aa9634f0-8836-44d6-bc05-5b19fbdd93d5@group-6EF60CB14872-LeaderElection279 PRE_VOTE round 0: submit vote requests at term 5 for conf: {index: 20, cur=peers:[aa9634f0-8836-44d6-bc05-5b19fbdd93d5|127.0.0.1:15063, 36185c6b-22ce-45d1-a622-3a6b487a5a53|127.0.0.1:15071, 895d447a-5476-42e4-b2fa-6eb687701d46|127.0.0.1:15079]|listeners:[], old=null}
2025-10-10 10:40:19,878 [aa9634f0-8836-44d6-bc05-5b19fbdd93d5@group-6EF60CB14872-LeaderElection279] INFO  impl.LeaderElection (LogUtils.java:infoOrTrace(142)) - aa9634f0-8836-44d6-bc05-5b19fbdd93d5@group-6EF60CB14872-LeaderElection279 got exception when requesting votes: java.util.concurrent.ExecutionException: org.apache.ratis.thirdparty.io.grpc.StatusRuntimeException: UNAVAILABLE: io exception
2025-10-10 10:40:19,878 [aa9634f0-8836-44d6-bc05-5b19fbdd93d5@group-6EF60CB14872-LeaderElection279] INFO  impl.LeaderElection (LogUtils.java:infoOrTrace(142)) - aa9634f0-8836-44d6-bc05-5b19fbdd93d5@group-6EF60CB14872-LeaderElection279 got exception when requesting votes: java.util.concurrent.ExecutionException: org.apache.ratis.thirdparty.io.grpc.StatusRuntimeException: UNAVAILABLE: io exception
2025-10-10 10:40:19,878 [aa9634f0-8836-44d6-bc05-5b19fbdd93d5@group-6EF60CB14872-LeaderElection279] INFO  impl.LeaderElection (LeaderElection.java:logAndReturn(206)) - aa9634f0-8836-44d6-bc05-5b19fbdd93d5@group-6EF60CB14872-LeaderElection279: PRE_VOTE REJECTED received 0 response(s) and 2 exception(s):
2025-10-10 10:40:19,878 [aa9634f0-8836-44d6-bc05-5b19fbdd93d5@group-6EF60CB14872-LeaderElection279] INFO  impl.LeaderElection (LogUtils.java:infoOrTrace(142)) -   Exception 0: java.util.concurrent.ExecutionException: org.apache.ratis.thirdparty.io.grpc.StatusRuntimeException: UNAVAILABLE: io exception
2025-10-10 10:40:19,878 [aa9634f0-8836-44d6-bc05-5b19fbdd93d5@group-6EF60CB14872-LeaderElection279] INFO  impl.LeaderElection (LogUtils.java:infoOrTrace(142)) -   Exception 1: java.util.concurrent.ExecutionException: org.apache.ratis.thirdparty.io.grpc.StatusRuntimeException: UNAVAILABLE: io exception
2025-10-10 10:40:19,878 [aa9634f0-8836-44d6-bc05-5b19fbdd93d5@group-6EF60CB14872-LeaderElection279] INFO  impl.LeaderElection (LeaderElection.java:askForVotes(450)) - aa9634f0-8836-44d6-bc05-5b19fbdd93d5@group-6EF60CB14872-LeaderElection279 PRE_VOTE round 0: result REJECTED
2025-10-10 10:40:19,878 [aa9634f0-8836-44d6-bc05-5b19fbdd93d5@group-6EF60CB14872-LeaderElection279] INFO  server.RaftServer$Division (RaftServerImpl.java:setRole(392)) - aa9634f0-8836-44d6-bc05-5b19fbdd93d5@group-6EF60CB14872: changes role from CANDIDATE to FOLLOWER at term 5 for REJECTED
2025-10-10 10:40:19,878 [aa9634f0-8836-44d6-bc05-5b19fbdd93d5@group-6EF60CB14872-LeaderElection279] INFO  impl.RoleInfo (RoleInfo.java:shutdownLeaderElection(141)) - aa9634f0-8836-44d6-bc05-5b19fbdd93d5: shutdown aa9634f0-8836-44d6-bc05-5b19fbdd93d5@group-6EF60CB14872-LeaderElection279
2025-10-10 10:40:19,878 [aa9634f0-8836-44d6-bc05-5b19fbdd93d5@group-6EF60CB14872-LeaderElection279] INFO  impl.RoleInfo (RoleInfo.java:updateAndGet(148)) - aa9634f0-8836-44d6-bc05-5b19fbdd93d5: start aa9634f0-8836-44d6-bc05-5b19fbdd93d5@group-6EF60CB14872-FollowerState
2025-10-10 10:40:20,010 [grpc-default-executor-8] ERROR impl.OrderedAsync (OrderedAsync.java:lambda$null$6(215)) -  client-E1F90CE0EC34: Failed* RaftClientRequest:client-E1F90CE0EC34->36185c6b-22ce-45d1-a622-3a6b487a5a53@group-6EF60CB14872, cid=60, seq=6*, RW, cmdType: WriteChunk traceID: "" containerID: 8 datanodeUuid: "36185c6b-22ce-45d1-a622-3a6b487a5a53" writeChunk { blockID { containerID: 8 localID: 115816896921600008 blockCommitSequenceId: 16 replicaIndex: 0 } chunkData { chunkName: "115816896921600008_chunk_3" offset: 2097152 len: 524288 } } version: 3, data.size=524288
java.util.concurrent.CompletionException: java.io.IOException: org.apache.ratis.thirdparty.io.grpc.StatusRuntimeException: UNAVAILABLE: io exception
	at java.base/java.util.concurrent.CompletableFuture.encodeThrowable(CompletableFuture.java:332)
	at java.base/java.util.concurrent.CompletableFuture.completeThrowable(CompletableFuture.java:347)
	at java.base/java.util.concurrent.CompletableFuture$UniAccept.tryFire(CompletableFuture.java:708)
	at java.base/java.util.concurrent.CompletableFuture.postComplete(CompletableFuture.java:510)
	at java.base/java.util.concurrent.CompletableFuture.completeExceptionally(CompletableFuture.java:2194)
	at org.apache.ratis.grpc.client.GrpcClientProtocolClient$AsyncStreamObservers.completeReplyExceptionally(GrpcClientProtocolClient.java:397)
	at org.apache.ratis.grpc.client.GrpcClientProtocolClient$AsyncStreamObservers.access$000(GrpcClientProtocolClient.java:303)
	at org.apache.ratis.grpc.client.GrpcClientProtocolClient$AsyncStreamObservers$1.onError(GrpcClientProtocolClient.java:334)
	at org.apache.ratis.thirdparty.io.grpc.stub.ClientCalls$StreamObserverToCallListenerAdapter.onClose(ClientCalls.java:564)
	at org.apache.ratis.thirdparty.io.grpc.PartialForwardingClientCallListener.onClose(PartialForwardingClientCallListener.java:39)
	at org.apache.ratis.thirdparty.io.grpc.ForwardingClientCallListener.onClose(ForwardingClientCallListener.java:23)
	at org.apache.ratis.grpc.metrics.intercept.client.MetricClientCallListener.onClose(MetricClientCallListener.java:47)
	at org.apache.ratis.thirdparty.io.grpc.internal.ClientCallImpl.closeObserver(ClientCallImpl.java:565)
	at org.apache.ratis.thirdparty.io.grpc.internal.ClientCallImpl.access$100(ClientCallImpl.java:72)
	at org.apache.ratis.thirdparty.io.grpc.internal.ClientCallImpl$ClientStreamListenerImpl$1StreamClosed.runInternal(ClientCallImpl.java:733)
	at org.apache.ratis.thirdparty.io.grpc.internal.ClientCallImpl$ClientStreamListenerImpl$1StreamClosed.runInContext(ClientCallImpl.java:714)
	at org.apache.ratis.thirdparty.io.grpc.internal.ContextRunnable.run(ContextRunnable.java:37)
	at org.apache.ratis.thirdparty.io.grpc.internal.SerializingExecutor.run(SerializingExecutor.java:133)
	at java.base/java.util.concurrent.ThreadPoolExecutor.runWorker(ThreadPoolExecutor.java:1144)
	at java.base/java.util.concurrent.ThreadPoolExecutor$Worker.run(ThreadPoolExecutor.java:642)
	at java.base/java.lang.Thread.run(Thread.java:1583)
Caused by: java.io.IOException: org.apache.ratis.thirdparty.io.grpc.StatusRuntimeException: UNAVAILABLE: io exception
	at org.apache.ratis.grpc.GrpcUtil.unwrapException(GrpcUtil.java:99)
	at org.apache.ratis.grpc.GrpcUtil.unwrapIOException(GrpcUtil.java:159)
	at org.apache.ratis.grpc.client.GrpcClientProtocolClient$AsyncStreamObservers$1.onError(GrpcClientProtocolClient.java:333)
	... 13 more
Caused by: org.apache.ratis.thirdparty.io.grpc.StatusRuntimeException: UNAVAILABLE: io exception
	at org.apache.ratis.thirdparty.io.grpc.Status.asRuntimeException(Status.java:532)
	... 13 more
Caused by: org.apache.ratis.thirdparty.io.netty.channel.AbstractChannel$AnnotatedConnectException: finishConnect(..) failed: Connection refused: /127.0.0.1:15069
Caused by: java.net.ConnectException: finishConnect(..) failed: Connection refused
	at org.apache.ratis.thirdparty.io.netty.channel.unix.Errors.newConnectException0(Errors.java:166)
	at org.apache.ratis.thirdparty.io.netty.channel.unix.Errors.handleConnectErrno(Errors.java:131)
	at org.apache.ratis.thirdparty.io.netty.channel.unix.Socket.finishConnect(Socket.java:359)
	at org.apache.ratis.thirdparty.io.netty.channel.epoll.AbstractEpollChannel$AbstractEpollUnsafe.doFinishConnect(AbstractEpollChannel.java:715)
	at org.apache.ratis.thirdparty.io.netty.channel.epoll.AbstractEpollChannel$AbstractEpollUnsafe.finishConnect(AbstractEpollChannel.java:692)
	at org.apache.ratis.thirdparty.io.netty.channel.epoll.AbstractEpollChannel$AbstractEpollUnsafe.epollOutReady(AbstractEpollChannel.java:567)
	at org.apache.ratis.thirdparty.io.netty.channel.epoll.EpollEventLoop.processReady(EpollEventLoop.java:491)
	at org.apache.ratis.thirdparty.io.netty.channel.epoll.EpollEventLoop.run(EpollEventLoop.java:399)
	at org.apache.ratis.thirdparty.io.netty.util.concurrent.SingleThreadEventExecutor$4.run(SingleThreadEventExecutor.java:998)
	at org.apache.ratis.thirdparty.io.netty.util.internal.ThreadExecutorMap$2.run(ThreadExecutorMap.java:74)
	at org.apache.ratis.thirdparty.io.netty.util.concurrent.FastThreadLocalRunnable.run(FastThreadLocalRunnable.java:30)
	at java.base/java.lang.Thread.run(Thread.java:1583)
2025-10-10 10:40:20,733 [aa9634f0-8836-44d6-bc05-5b19fbdd93d5@group-813C05265458-FollowerState] INFO  impl.FollowerState (FollowerState.java:runImpl(161)) - aa9634f0-8836-44d6-bc05-5b19fbdd93d5@group-813C05265458-FollowerState: change to CANDIDATE, lastRpcElapsedTime:1056243846ns, electionTimeout:1056ms
2025-10-10 10:40:20,733 [aa9634f0-8836-44d6-bc05-5b19fbdd93d5@group-813C05265458-FollowerState] INFO  impl.RoleInfo (RoleInfo.java:shutdownFollowerState(121)) - aa9634f0-8836-44d6-bc05-5b19fbdd93d5: shutdown aa9634f0-8836-44d6-bc05-5b19fbdd93d5@group-813C05265458-FollowerState
2025-10-10 10:40:20,733 [aa9634f0-8836-44d6-bc05-5b19fbdd93d5@group-813C05265458-FollowerState] INFO  server.RaftServer$Division (RaftServerImpl.java:setRole(392)) - aa9634f0-8836-44d6-bc05-5b19fbdd93d5@group-813C05265458: changes role from  FOLLOWER to CANDIDATE at term 1 for changeToCandidate
2025-10-10 10:40:20,733 [aa9634f0-8836-44d6-bc05-5b19fbdd93d5@group-813C05265458-FollowerState] INFO  impl.RoleInfo (RoleInfo.java:updateAndGet(148)) - aa9634f0-8836-44d6-bc05-5b19fbdd93d5: start aa9634f0-8836-44d6-bc05-5b19fbdd93d5@group-813C05265458-LeaderElection280
2025-10-10 10:40:20,733 [aa9634f0-8836-44d6-bc05-5b19fbdd93d5@group-813C05265458-LeaderElection280] INFO  impl.LeaderElection (LeaderElection.java:askForVotes(448)) - aa9634f0-8836-44d6-bc05-5b19fbdd93d5@group-813C05265458-LeaderElection280 PRE_VOTE round 0: submit vote requests at term 1 for conf: {index: 0, cur=peers:[aa9634f0-8836-44d6-bc05-5b19fbdd93d5|127.0.0.1:15063, 36185c6b-22ce-45d1-a622-3a6b487a5a53|127.0.0.1:15071, 895d447a-5476-42e4-b2fa-6eb687701d46|127.0.0.1:15079]|listeners:[], old=null}
2025-10-10 10:40:20,734 [aa9634f0-8836-44d6-bc05-5b19fbdd93d5@group-813C05265458-LeaderElection280] INFO  impl.LeaderElection (LogUtils.java:infoOrTrace(142)) - aa9634f0-8836-44d6-bc05-5b19fbdd93d5@group-813C05265458-LeaderElection280 got exception when requesting votes: java.util.concurrent.ExecutionException: org.apache.ratis.thirdparty.io.grpc.StatusRuntimeException: UNAVAILABLE: io exception
2025-10-10 10:40:20,734 [aa9634f0-8836-44d6-bc05-5b19fbdd93d5@group-813C05265458-LeaderElection280] INFO  impl.LeaderElection (LogUtils.java:infoOrTrace(142)) - aa9634f0-8836-44d6-bc05-5b19fbdd93d5@group-813C05265458-LeaderElection280 got exception when requesting votes: java.util.concurrent.ExecutionException: org.apache.ratis.thirdparty.io.grpc.StatusRuntimeException: UNAVAILABLE: io exception
2025-10-10 10:40:20,734 [aa9634f0-8836-44d6-bc05-5b19fbdd93d5@group-813C05265458-LeaderElection280] INFO  impl.LeaderElection (LeaderElection.java:logAndReturn(206)) - aa9634f0-8836-44d6-bc05-5b19fbdd93d5@group-813C05265458-LeaderElection280: PRE_VOTE REJECTED received 0 response(s) and 2 exception(s):
2025-10-10 10:40:20,734 [aa9634f0-8836-44d6-bc05-5b19fbdd93d5@group-813C05265458-LeaderElection280] INFO  impl.LeaderElection (LogUtils.java:infoOrTrace(142)) -   Exception 0: java.util.concurrent.ExecutionException: org.apache.ratis.thirdparty.io.grpc.StatusRuntimeException: UNAVAILABLE: io exception
2025-10-10 10:40:20,734 [aa9634f0-8836-44d6-bc05-5b19fbdd93d5@group-813C05265458-LeaderElection280] INFO  impl.LeaderElection (LogUtils.java:infoOrTrace(142)) -   Exception 1: java.util.concurrent.ExecutionException: org.apache.ratis.thirdparty.io.grpc.StatusRuntimeException: UNAVAILABLE: io exception
2025-10-10 10:40:20,734 [aa9634f0-8836-44d6-bc05-5b19fbdd93d5@group-813C05265458-LeaderElection280] INFO  impl.LeaderElection (LeaderElection.java:askForVotes(450)) - aa9634f0-8836-44d6-bc05-5b19fbdd93d5@group-813C05265458-LeaderElection280 PRE_VOTE round 0: result REJECTED
2025-10-10 10:40:20,734 [aa9634f0-8836-44d6-bc05-5b19fbdd93d5@group-813C05265458-LeaderElection280] INFO  server.RaftServer$Division (RaftServerImpl.java:setRole(392)) - aa9634f0-8836-44d6-bc05-5b19fbdd93d5@group-813C05265458: changes role from CANDIDATE to FOLLOWER at term 1 for REJECTED
2025-10-10 10:40:20,734 [aa9634f0-8836-44d6-bc05-5b19fbdd93d5@group-813C05265458-LeaderElection280] INFO  impl.RoleInfo (RoleInfo.java:shutdownLeaderElection(141)) - aa9634f0-8836-44d6-bc05-5b19fbdd93d5: shutdown aa9634f0-8836-44d6-bc05-5b19fbdd93d5@group-813C05265458-LeaderElection280
2025-10-10 10:40:20,734 [aa9634f0-8836-44d6-bc05-5b19fbdd93d5@group-813C05265458-LeaderElection280] INFO  impl.RoleInfo (RoleInfo.java:updateAndGet(148)) - aa9634f0-8836-44d6-bc05-5b19fbdd93d5: start aa9634f0-8836-44d6-bc05-5b19fbdd93d5@group-813C05265458-FollowerState
2025-10-10 10:40:20,931 [aa9634f0-8836-44d6-bc05-5b19fbdd93d5@group-6EF60CB14872-FollowerState] INFO  impl.FollowerState (FollowerState.java:runImpl(161)) - aa9634f0-8836-44d6-bc05-5b19fbdd93d5@group-6EF60CB14872-FollowerState: change to CANDIDATE, lastRpcElapsedTime:1052313871ns, electionTimeout:1052ms
2025-10-10 10:40:20,931 [aa9634f0-8836-44d6-bc05-5b19fbdd93d5@group-6EF60CB14872-FollowerState] INFO  impl.RoleInfo (RoleInfo.java:shutdownFollowerState(121)) - aa9634f0-8836-44d6-bc05-5b19fbdd93d5: shutdown aa9634f0-8836-44d6-bc05-5b19fbdd93d5@group-6EF60CB14872-FollowerState
2025-10-10 10:40:20,931 [aa9634f0-8836-44d6-bc05-5b19fbdd93d5@group-6EF60CB14872-FollowerState] INFO  server.RaftServer$Division (RaftServerImpl.java:setRole(392)) - aa9634f0-8836-44d6-bc05-5b19fbdd93d5@group-6EF60CB14872: changes role from  FOLLOWER to CANDIDATE at term 5 for changeToCandidate
2025-10-10 10:40:20,931 [aa9634f0-8836-44d6-bc05-5b19fbdd93d5@group-6EF60CB14872-FollowerState] INFO  impl.RoleInfo (RoleInfo.java:updateAndGet(148)) - aa9634f0-8836-44d6-bc05-5b19fbdd93d5: start aa9634f0-8836-44d6-bc05-5b19fbdd93d5@group-6EF60CB14872-LeaderElection281
2025-10-10 10:40:20,931 [aa9634f0-8836-44d6-bc05-5b19fbdd93d5@group-6EF60CB14872-LeaderElection281] INFO  impl.LeaderElection (LeaderElection.java:askForVotes(448)) - aa9634f0-8836-44d6-bc05-5b19fbdd93d5@group-6EF60CB14872-LeaderElection281 PRE_VOTE round 0: submit vote requests at term 5 for conf: {index: 20, cur=peers:[aa9634f0-8836-44d6-bc05-5b19fbdd93d5|127.0.0.1:15063, 36185c6b-22ce-45d1-a622-3a6b487a5a53|127.0.0.1:15071, 895d447a-5476-42e4-b2fa-6eb687701d46|127.0.0.1:15079]|listeners:[], old=null}
2025-10-10 10:40:20,932 [aa9634f0-8836-44d6-bc05-5b19fbdd93d5@group-6EF60CB14872-LeaderElection281] INFO  impl.LeaderElection (LogUtils.java:infoOrTrace(142)) - aa9634f0-8836-44d6-bc05-5b19fbdd93d5@group-6EF60CB14872-LeaderElection281 got exception when requesting votes: java.util.concurrent.ExecutionException: org.apache.ratis.thirdparty.io.grpc.StatusRuntimeException: UNAVAILABLE: io exception
2025-10-10 10:40:20,932 [aa9634f0-8836-44d6-bc05-5b19fbdd93d5@group-6EF60CB14872-LeaderElection281] INFO  impl.LeaderElection (LogUtils.java:infoOrTrace(142)) - aa9634f0-8836-44d6-bc05-5b19fbdd93d5@group-6EF60CB14872-LeaderElection281 got exception when requesting votes: java.util.concurrent.ExecutionException: org.apache.ratis.thirdparty.io.grpc.StatusRuntimeException: UNAVAILABLE: io exception
2025-10-10 10:40:20,932 [aa9634f0-8836-44d6-bc05-5b19fbdd93d5@group-6EF60CB14872-LeaderElection281] INFO  impl.LeaderElection (LeaderElection.java:logAndReturn(206)) - aa9634f0-8836-44d6-bc05-5b19fbdd93d5@group-6EF60CB14872-LeaderElection281: PRE_VOTE REJECTED received 0 response(s) and 2 exception(s):
2025-10-10 10:40:20,932 [aa9634f0-8836-44d6-bc05-5b19fbdd93d5@group-6EF60CB14872-LeaderElection281] INFO  impl.LeaderElection (LogUtils.java:infoOrTrace(142)) -   Exception 0: java.util.concurrent.ExecutionException: org.apache.ratis.thirdparty.io.grpc.StatusRuntimeException: UNAVAILABLE: io exception
2025-10-10 10:40:20,932 [aa9634f0-8836-44d6-bc05-5b19fbdd93d5@group-6EF60CB14872-LeaderElection281] INFO  impl.LeaderElection (LogUtils.java:infoOrTrace(142)) -   Exception 1: java.util.concurrent.ExecutionException: org.apache.ratis.thirdparty.io.grpc.StatusRuntimeException: UNAVAILABLE: io exception
2025-10-10 10:40:20,932 [aa9634f0-8836-44d6-bc05-5b19fbdd93d5@group-6EF60CB14872-LeaderElection281] INFO  impl.LeaderElection (LeaderElection.java:askForVotes(450)) - aa9634f0-8836-44d6-bc05-5b19fbdd93d5@group-6EF60CB14872-LeaderElection281 PRE_VOTE round 0: result REJECTED
2025-10-10 10:40:20,932 [aa9634f0-8836-44d6-bc05-5b19fbdd93d5@group-6EF60CB14872-LeaderElection281] INFO  server.RaftServer$Division (RaftServerImpl.java:setRole(392)) - aa9634f0-8836-44d6-bc05-5b19fbdd93d5@group-6EF60CB14872: changes role from CANDIDATE to FOLLOWER at term 5 for REJECTED
2025-10-10 10:40:20,932 [aa9634f0-8836-44d6-bc05-5b19fbdd93d5@group-6EF60CB14872-LeaderElection281] INFO  impl.RoleInfo (RoleInfo.java:shutdownLeaderElection(141)) - aa9634f0-8836-44d6-bc05-5b19fbdd93d5: shutdown aa9634f0-8836-44d6-bc05-5b19fbdd93d5@group-6EF60CB14872-LeaderElection281
2025-10-10 10:40:20,932 [aa9634f0-8836-44d6-bc05-5b19fbdd93d5@group-6EF60CB14872-LeaderElection281] INFO  impl.RoleInfo (RoleInfo.java:updateAndGet(148)) - aa9634f0-8836-44d6-bc05-5b19fbdd93d5: start aa9634f0-8836-44d6-bc05-5b19fbdd93d5@group-6EF60CB14872-FollowerState
2025-10-10 10:40:21,803 [aa9634f0-8836-44d6-bc05-5b19fbdd93d5@group-813C05265458-FollowerState] INFO  impl.FollowerState (FollowerState.java:runImpl(161)) - aa9634f0-8836-44d6-bc05-5b19fbdd93d5@group-813C05265458-FollowerState: change to CANDIDATE, lastRpcElapsedTime:1069255455ns, electionTimeout:1069ms
2025-10-10 10:40:21,803 [aa9634f0-8836-44d6-bc05-5b19fbdd93d5@group-813C05265458-FollowerState] INFO  impl.RoleInfo (RoleInfo.java:shutdownFollowerState(121)) - aa9634f0-8836-44d6-bc05-5b19fbdd93d5: shutdown aa9634f0-8836-44d6-bc05-5b19fbdd93d5@group-813C05265458-FollowerState
2025-10-10 10:40:21,803 [aa9634f0-8836-44d6-bc05-5b19fbdd93d5@group-813C05265458-FollowerState] INFO  server.RaftServer$Division (RaftServerImpl.java:setRole(392)) - aa9634f0-8836-44d6-bc05-5b19fbdd93d5@group-813C05265458: changes role from  FOLLOWER to CANDIDATE at term 1 for changeToCandidate
2025-10-10 10:40:21,804 [aa9634f0-8836-44d6-bc05-5b19fbdd93d5@group-813C05265458-FollowerState] INFO  impl.RoleInfo (RoleInfo.java:updateAndGet(148)) - aa9634f0-8836-44d6-bc05-5b19fbdd93d5: start aa9634f0-8836-44d6-bc05-5b19fbdd93d5@group-813C05265458-LeaderElection282
2025-10-10 10:40:21,804 [aa9634f0-8836-44d6-bc05-5b19fbdd93d5@group-813C05265458-LeaderElection282] INFO  impl.LeaderElection (LeaderElection.java:askForVotes(448)) - aa9634f0-8836-44d6-bc05-5b19fbdd93d5@group-813C05265458-LeaderElection282 PRE_VOTE round 0: submit vote requests at term 1 for conf: {index: 0, cur=peers:[aa9634f0-8836-44d6-bc05-5b19fbdd93d5|127.0.0.1:15063, 36185c6b-22ce-45d1-a622-3a6b487a5a53|127.0.0.1:15071, 895d447a-5476-42e4-b2fa-6eb687701d46|127.0.0.1:15079]|listeners:[], old=null}
2025-10-10 10:40:21,804 [aa9634f0-8836-44d6-bc05-5b19fbdd93d5@group-813C05265458-LeaderElection282] INFO  impl.LeaderElection (LogUtils.java:infoOrTrace(142)) - aa9634f0-8836-44d6-bc05-5b19fbdd93d5@group-813C05265458-LeaderElection282 got exception when requesting votes: java.util.concurrent.ExecutionException: org.apache.ratis.thirdparty.io.grpc.StatusRuntimeException: UNAVAILABLE: io exception
2025-10-10 10:40:21,804 [aa9634f0-8836-44d6-bc05-5b19fbdd93d5@group-813C05265458-LeaderElection282] INFO  impl.LeaderElection (LogUtils.java:infoOrTrace(142)) - aa9634f0-8836-44d6-bc05-5b19fbdd93d5@group-813C05265458-LeaderElection282 got exception when requesting votes: java.util.concurrent.ExecutionException: org.apache.ratis.thirdparty.io.grpc.StatusRuntimeException: UNAVAILABLE: io exception
2025-10-10 10:40:21,805 [aa9634f0-8836-44d6-bc05-5b19fbdd93d5@group-813C05265458-LeaderElection282] INFO  impl.LeaderElection (LeaderElection.java:logAndReturn(206)) - aa9634f0-8836-44d6-bc05-5b19fbdd93d5@group-813C05265458-LeaderElection282: PRE_VOTE REJECTED received 0 response(s) and 2 exception(s):
2025-10-10 10:40:21,805 [aa9634f0-8836-44d6-bc05-5b19fbdd93d5@group-813C05265458-LeaderElection282] INFO  impl.LeaderElection (LogUtils.java:infoOrTrace(142)) -   Exception 0: java.util.concurrent.ExecutionException: org.apache.ratis.thirdparty.io.grpc.StatusRuntimeException: UNAVAILABLE: io exception
2025-10-10 10:40:21,805 [aa9634f0-8836-44d6-bc05-5b19fbdd93d5@group-813C05265458-LeaderElection282] INFO  impl.LeaderElection (LogUtils.java:infoOrTrace(142)) -   Exception 1: java.util.concurrent.ExecutionException: org.apache.ratis.thirdparty.io.grpc.StatusRuntimeException: UNAVAILABLE: io exception
2025-10-10 10:40:21,805 [aa9634f0-8836-44d6-bc05-5b19fbdd93d5@group-813C05265458-LeaderElection282] INFO  impl.LeaderElection (LeaderElection.java:askForVotes(450)) - aa9634f0-8836-44d6-bc05-5b19fbdd93d5@group-813C05265458-LeaderElection282 PRE_VOTE round 0: result REJECTED
2025-10-10 10:40:21,805 [aa9634f0-8836-44d6-bc05-5b19fbdd93d5@group-813C05265458-LeaderElection282] INFO  server.RaftServer$Division (RaftServerImpl.java:setRole(392)) - aa9634f0-8836-44d6-bc05-5b19fbdd93d5@group-813C05265458: changes role from CANDIDATE to FOLLOWER at term 1 for REJECTED
2025-10-10 10:40:21,805 [aa9634f0-8836-44d6-bc05-5b19fbdd93d5@group-813C05265458-LeaderElection282] INFO  impl.RoleInfo (RoleInfo.java:shutdownLeaderElection(141)) - aa9634f0-8836-44d6-bc05-5b19fbdd93d5: shutdown aa9634f0-8836-44d6-bc05-5b19fbdd93d5@group-813C05265458-LeaderElection282
2025-10-10 10:40:21,805 [aa9634f0-8836-44d6-bc05-5b19fbdd93d5@group-813C05265458-LeaderElection282] INFO  impl.RoleInfo (RoleInfo.java:updateAndGet(148)) - aa9634f0-8836-44d6-bc05-5b19fbdd93d5: start aa9634f0-8836-44d6-bc05-5b19fbdd93d5@group-813C05265458-FollowerState
2025-10-10 10:40:22,131 [aa9634f0-8836-44d6-bc05-5b19fbdd93d5@group-6EF60CB14872-FollowerState] INFO  impl.FollowerState (FollowerState.java:runImpl(161)) - aa9634f0-8836-44d6-bc05-5b19fbdd93d5@group-6EF60CB14872-FollowerState: change to CANDIDATE, lastRpcElapsedTime:1199286761ns, electionTimeout:1199ms
2025-10-10 10:40:22,132 [aa9634f0-8836-44d6-bc05-5b19fbdd93d5@group-6EF60CB14872-FollowerState] INFO  impl.RoleInfo (RoleInfo.java:shutdownFollowerState(121)) - aa9634f0-8836-44d6-bc05-5b19fbdd93d5: shutdown aa9634f0-8836-44d6-bc05-5b19fbdd93d5@group-6EF60CB14872-FollowerState
2025-10-10 10:40:22,132 [aa9634f0-8836-44d6-bc05-5b19fbdd93d5@group-6EF60CB14872-FollowerState] INFO  server.RaftServer$Division (RaftServerImpl.java:setRole(392)) - aa9634f0-8836-44d6-bc05-5b19fbdd93d5@group-6EF60CB14872: changes role from  FOLLOWER to CANDIDATE at term 5 for changeToCandidate
2025-10-10 10:40:22,132 [aa9634f0-8836-44d6-bc05-5b19fbdd93d5@group-6EF60CB14872-FollowerState] INFO  impl.RoleInfo (RoleInfo.java:updateAndGet(148)) - aa9634f0-8836-44d6-bc05-5b19fbdd93d5: start aa9634f0-8836-44d6-bc05-5b19fbdd93d5@group-6EF60CB14872-LeaderElection283
2025-10-10 10:40:22,132 [aa9634f0-8836-44d6-bc05-5b19fbdd93d5@group-6EF60CB14872-LeaderElection283] INFO  impl.LeaderElection (LeaderElection.java:askForVotes(448)) - aa9634f0-8836-44d6-bc05-5b19fbdd93d5@group-6EF60CB14872-LeaderElection283 PRE_VOTE round 0: submit vote requests at term 5 for conf: {index: 20, cur=peers:[aa9634f0-8836-44d6-bc05-5b19fbdd93d5|127.0.0.1:15063, 36185c6b-22ce-45d1-a622-3a6b487a5a53|127.0.0.1:15071, 895d447a-5476-42e4-b2fa-6eb687701d46|127.0.0.1:15079]|listeners:[], old=null}
2025-10-10 10:40:22,133 [aa9634f0-8836-44d6-bc05-5b19fbdd93d5@group-6EF60CB14872-LeaderElection283] INFO  impl.LeaderElection (LogUtils.java:infoOrTrace(142)) - aa9634f0-8836-44d6-bc05-5b19fbdd93d5@group-6EF60CB14872-LeaderElection283 got exception when requesting votes: java.util.concurrent.ExecutionException: org.apache.ratis.thirdparty.io.grpc.StatusRuntimeException: UNAVAILABLE: io exception
2025-10-10 10:40:22,133 [aa9634f0-8836-44d6-bc05-5b19fbdd93d5@group-6EF60CB14872-LeaderElection283] INFO  impl.LeaderElection (LogUtils.java:infoOrTrace(142)) - aa9634f0-8836-44d6-bc05-5b19fbdd93d5@group-6EF60CB14872-LeaderElection283 got exception when requesting votes: java.util.concurrent.ExecutionException: org.apache.ratis.thirdparty.io.grpc.StatusRuntimeException: UNAVAILABLE: io exception
2025-10-10 10:40:22,133 [aa9634f0-8836-44d6-bc05-5b19fbdd93d5@group-6EF60CB14872-LeaderElection283] INFO  impl.LeaderElection (LeaderElection.java:logAndReturn(206)) - aa9634f0-8836-44d6-bc05-5b19fbdd93d5@group-6EF60CB14872-LeaderElection283: PRE_VOTE REJECTED received 0 response(s) and 2 exception(s):
2025-10-10 10:40:22,133 [aa9634f0-8836-44d6-bc05-5b19fbdd93d5@group-6EF60CB14872-LeaderElection283] INFO  impl.LeaderElection (LogUtils.java:infoOrTrace(142)) -   Exception 0: java.util.concurrent.ExecutionException: org.apache.ratis.thirdparty.io.grpc.StatusRuntimeException: UNAVAILABLE: io exception
2025-10-10 10:40:22,133 [aa9634f0-8836-44d6-bc05-5b19fbdd93d5@group-6EF60CB14872-LeaderElection283] INFO  impl.LeaderElection (LogUtils.java:infoOrTrace(142)) -   Exception 1: java.util.concurrent.ExecutionException: org.apache.ratis.thirdparty.io.grpc.StatusRuntimeException: UNAVAILABLE: io exception
2025-10-10 10:40:22,133 [aa9634f0-8836-44d6-bc05-5b19fbdd93d5@group-6EF60CB14872-LeaderElection283] INFO  impl.LeaderElection (LeaderElection.java:askForVotes(450)) - aa9634f0-8836-44d6-bc05-5b19fbdd93d5@group-6EF60CB14872-LeaderElection283 PRE_VOTE round 0: result REJECTED
2025-10-10 10:40:22,133 [aa9634f0-8836-44d6-bc05-5b19fbdd93d5@group-6EF60CB14872-LeaderElection283] INFO  server.RaftServer$Division (RaftServerImpl.java:setRole(392)) - aa9634f0-8836-44d6-bc05-5b19fbdd93d5@group-6EF60CB14872: changes role from CANDIDATE to FOLLOWER at term 5 for REJECTED
2025-10-10 10:40:22,133 [aa9634f0-8836-44d6-bc05-5b19fbdd93d5@group-6EF60CB14872-LeaderElection283] INFO  impl.RoleInfo (RoleInfo.java:shutdownLeaderElection(141)) - aa9634f0-8836-44d6-bc05-5b19fbdd93d5: shutdown aa9634f0-8836-44d6-bc05-5b19fbdd93d5@group-6EF60CB14872-LeaderElection283
2025-10-10 10:40:22,133 [aa9634f0-8836-44d6-bc05-5b19fbdd93d5@group-6EF60CB14872-LeaderElection283] INFO  impl.RoleInfo (RoleInfo.java:updateAndGet(148)) - aa9634f0-8836-44d6-bc05-5b19fbdd93d5: start aa9634f0-8836-44d6-bc05-5b19fbdd93d5@group-6EF60CB14872-FollowerState
2025-10-10 10:40:22,987 [aa9634f0-8836-44d6-bc05-5b19fbdd93d5@group-813C05265458-FollowerState] INFO  impl.FollowerState (FollowerState.java:runImpl(161)) - aa9634f0-8836-44d6-bc05-5b19fbdd93d5@group-813C05265458-FollowerState: change to CANDIDATE, lastRpcElapsedTime:1182268336ns, electionTimeout:1182ms
2025-10-10 10:40:22,987 [aa9634f0-8836-44d6-bc05-5b19fbdd93d5@group-813C05265458-FollowerState] INFO  impl.RoleInfo (RoleInfo.java:shutdownFollowerState(121)) - aa9634f0-8836-44d6-bc05-5b19fbdd93d5: shutdown aa9634f0-8836-44d6-bc05-5b19fbdd93d5@group-813C05265458-FollowerState
2025-10-10 10:40:22,987 [aa9634f0-8836-44d6-bc05-5b19fbdd93d5@group-813C05265458-FollowerState] INFO  server.RaftServer$Division (RaftServerImpl.java:setRole(392)) - aa9634f0-8836-44d6-bc05-5b19fbdd93d5@group-813C05265458: changes role from  FOLLOWER to CANDIDATE at term 1 for changeToCandidate
2025-10-10 10:40:22,987 [aa9634f0-8836-44d6-bc05-5b19fbdd93d5@group-813C05265458-FollowerState] INFO  impl.RoleInfo (RoleInfo.java:updateAndGet(148)) - aa9634f0-8836-44d6-bc05-5b19fbdd93d5: start aa9634f0-8836-44d6-bc05-5b19fbdd93d5@group-813C05265458-LeaderElection284
2025-10-10 10:40:22,988 [aa9634f0-8836-44d6-bc05-5b19fbdd93d5@group-813C05265458-LeaderElection284] INFO  impl.LeaderElection (LeaderElection.java:askForVotes(448)) - aa9634f0-8836-44d6-bc05-5b19fbdd93d5@group-813C05265458-LeaderElection284 PRE_VOTE round 0: submit vote requests at term 1 for conf: {index: 0, cur=peers:[aa9634f0-8836-44d6-bc05-5b19fbdd93d5|127.0.0.1:15063, 36185c6b-22ce-45d1-a622-3a6b487a5a53|127.0.0.1:15071, 895d447a-5476-42e4-b2fa-6eb687701d46|127.0.0.1:15079]|listeners:[], old=null}
2025-10-10 10:40:22,988 [aa9634f0-8836-44d6-bc05-5b19fbdd93d5@group-813C05265458-LeaderElection284] INFO  impl.LeaderElection (LogUtils.java:infoOrTrace(142)) - aa9634f0-8836-44d6-bc05-5b19fbdd93d5@group-813C05265458-LeaderElection284 got exception when requesting votes: java.util.concurrent.ExecutionException: org.apache.ratis.thirdparty.io.grpc.StatusRuntimeException: UNAVAILABLE: io exception
2025-10-10 10:40:22,988 [aa9634f0-8836-44d6-bc05-5b19fbdd93d5@group-813C05265458-LeaderElection284] INFO  impl.LeaderElection (LogUtils.java:infoOrTrace(142)) - aa9634f0-8836-44d6-bc05-5b19fbdd93d5@group-813C05265458-LeaderElection284 got exception when requesting votes: java.util.concurrent.ExecutionException: org.apache.ratis.thirdparty.io.grpc.StatusRuntimeException: UNAVAILABLE: io exception
2025-10-10 10:40:22,988 [aa9634f0-8836-44d6-bc05-5b19fbdd93d5@group-813C05265458-LeaderElection284] INFO  impl.LeaderElection (LeaderElection.java:logAndReturn(206)) - aa9634f0-8836-44d6-bc05-5b19fbdd93d5@group-813C05265458-LeaderElection284: PRE_VOTE REJECTED received 0 response(s) and 2 exception(s):
2025-10-10 10:40:22,988 [aa9634f0-8836-44d6-bc05-5b19fbdd93d5@group-813C05265458-LeaderElection284] INFO  impl.LeaderElection (LogUtils.java:infoOrTrace(142)) -   Exception 0: java.util.concurrent.ExecutionException: org.apache.ratis.thirdparty.io.grpc.StatusRuntimeException: UNAVAILABLE: io exception
2025-10-10 10:40:22,988 [aa9634f0-8836-44d6-bc05-5b19fbdd93d5@group-813C05265458-LeaderElection284] INFO  impl.LeaderElection (LogUtils.java:infoOrTrace(142)) -   Exception 1: java.util.concurrent.ExecutionException: org.apache.ratis.thirdparty.io.grpc.StatusRuntimeException: UNAVAILABLE: io exception
2025-10-10 10:40:22,989 [aa9634f0-8836-44d6-bc05-5b19fbdd93d5@group-813C05265458-LeaderElection284] INFO  impl.LeaderElection (LeaderElection.java:askForVotes(450)) - aa9634f0-8836-44d6-bc05-5b19fbdd93d5@group-813C05265458-LeaderElection284 PRE_VOTE round 0: result REJECTED
2025-10-10 10:40:22,989 [aa9634f0-8836-44d6-bc05-5b19fbdd93d5@group-813C05265458-LeaderElection284] INFO  server.RaftServer$Division (RaftServerImpl.java:setRole(392)) - aa9634f0-8836-44d6-bc05-5b19fbdd93d5@group-813C05265458: changes role from CANDIDATE to FOLLOWER at term 1 for REJECTED
2025-10-10 10:40:22,989 [aa9634f0-8836-44d6-bc05-5b19fbdd93d5@group-813C05265458-LeaderElection284] INFO  impl.RoleInfo (RoleInfo.java:shutdownLeaderElection(141)) - aa9634f0-8836-44d6-bc05-5b19fbdd93d5: shutdown aa9634f0-8836-44d6-bc05-5b19fbdd93d5@group-813C05265458-LeaderElection284
2025-10-10 10:40:22,989 [aa9634f0-8836-44d6-bc05-5b19fbdd93d5@group-813C05265458-LeaderElection284] INFO  impl.RoleInfo (RoleInfo.java:updateAndGet(148)) - aa9634f0-8836-44d6-bc05-5b19fbdd93d5: start aa9634f0-8836-44d6-bc05-5b19fbdd93d5@group-813C05265458-FollowerState
2025-10-10 10:40:23,226 [aa9634f0-8836-44d6-bc05-5b19fbdd93d5@group-6EF60CB14872-FollowerState] INFO  impl.FollowerState (FollowerState.java:runImpl(161)) - aa9634f0-8836-44d6-bc05-5b19fbdd93d5@group-6EF60CB14872-FollowerState: change to CANDIDATE, lastRpcElapsedTime:1093263512ns, electionTimeout:1093ms
2025-10-10 10:40:23,226 [aa9634f0-8836-44d6-bc05-5b19fbdd93d5@group-6EF60CB14872-FollowerState] INFO  impl.RoleInfo (RoleInfo.java:shutdownFollowerState(121)) - aa9634f0-8836-44d6-bc05-5b19fbdd93d5: shutdown aa9634f0-8836-44d6-bc05-5b19fbdd93d5@group-6EF60CB14872-FollowerState
2025-10-10 10:40:23,226 [aa9634f0-8836-44d6-bc05-5b19fbdd93d5@group-6EF60CB14872-FollowerState] INFO  server.RaftServer$Division (RaftServerImpl.java:setRole(392)) - aa9634f0-8836-44d6-bc05-5b19fbdd93d5@group-6EF60CB14872: changes role from  FOLLOWER to CANDIDATE at term 5 for changeToCandidate
2025-10-10 10:40:23,226 [aa9634f0-8836-44d6-bc05-5b19fbdd93d5@group-6EF60CB14872-FollowerState] INFO  impl.RoleInfo (RoleInfo.java:updateAndGet(148)) - aa9634f0-8836-44d6-bc05-5b19fbdd93d5: start aa9634f0-8836-44d6-bc05-5b19fbdd93d5@group-6EF60CB14872-LeaderElection285
2025-10-10 10:40:23,227 [aa9634f0-8836-44d6-bc05-5b19fbdd93d5@group-6EF60CB14872-LeaderElection285] INFO  impl.LeaderElection (LeaderElection.java:askForVotes(448)) - aa9634f0-8836-44d6-bc05-5b19fbdd93d5@group-6EF60CB14872-LeaderElection285 PRE_VOTE round 0: submit vote requests at term 5 for conf: {index: 20, cur=peers:[aa9634f0-8836-44d6-bc05-5b19fbdd93d5|127.0.0.1:15063, 36185c6b-22ce-45d1-a622-3a6b487a5a53|127.0.0.1:15071, 895d447a-5476-42e4-b2fa-6eb687701d46|127.0.0.1:15079]|listeners:[], old=null}
2025-10-10 10:40:23,227 [aa9634f0-8836-44d6-bc05-5b19fbdd93d5@group-6EF60CB14872-LeaderElection285] INFO  impl.LeaderElection (LogUtils.java:infoOrTrace(142)) - aa9634f0-8836-44d6-bc05-5b19fbdd93d5@group-6EF60CB14872-LeaderElection285 got exception when requesting votes: java.util.concurrent.ExecutionException: org.apache.ratis.thirdparty.io.grpc.StatusRuntimeException: UNAVAILABLE: io exception
2025-10-10 10:40:23,227 [aa9634f0-8836-44d6-bc05-5b19fbdd93d5@group-6EF60CB14872-LeaderElection285] INFO  impl.LeaderElection (LogUtils.java:infoOrTrace(142)) - aa9634f0-8836-44d6-bc05-5b19fbdd93d5@group-6EF60CB14872-LeaderElection285 got exception when requesting votes: java.util.concurrent.ExecutionException: org.apache.ratis.thirdparty.io.grpc.StatusRuntimeException: UNAVAILABLE: io exception
2025-10-10 10:40:23,227 [aa9634f0-8836-44d6-bc05-5b19fbdd93d5@group-6EF60CB14872-LeaderElection285] INFO  impl.LeaderElection (LeaderElection.java:logAndReturn(206)) - aa9634f0-8836-44d6-bc05-5b19fbdd93d5@group-6EF60CB14872-LeaderElection285: PRE_VOTE REJECTED received 0 response(s) and 2 exception(s):
2025-10-10 10:40:23,227 [aa9634f0-8836-44d6-bc05-5b19fbdd93d5@group-6EF60CB14872-LeaderElection285] INFO  impl.LeaderElection (LogUtils.java:infoOrTrace(142)) -   Exception 0: java.util.concurrent.ExecutionException: org.apache.ratis.thirdparty.io.grpc.StatusRuntimeException: UNAVAILABLE: io exception
2025-10-10 10:40:23,227 [aa9634f0-8836-44d6-bc05-5b19fbdd93d5@group-6EF60CB14872-LeaderElection285] INFO  impl.LeaderElection (LogUtils.java:infoOrTrace(142)) -   Exception 1: java.util.concurrent.ExecutionException: org.apache.ratis.thirdparty.io.grpc.StatusRuntimeException: UNAVAILABLE: io exception
2025-10-10 10:40:23,227 [aa9634f0-8836-44d6-bc05-5b19fbdd93d5@group-6EF60CB14872-LeaderElection285] INFO  impl.LeaderElection (LeaderElection.java:askForVotes(450)) - aa9634f0-8836-44d6-bc05-5b19fbdd93d5@group-6EF60CB14872-LeaderElection285 PRE_VOTE round 0: result REJECTED
2025-10-10 10:40:23,227 [aa9634f0-8836-44d6-bc05-5b19fbdd93d5@group-6EF60CB14872-LeaderElection285] INFO  server.RaftServer$Division (RaftServerImpl.java:setRole(392)) - aa9634f0-8836-44d6-bc05-5b19fbdd93d5@group-6EF60CB14872: changes role from CANDIDATE to FOLLOWER at term 5 for REJECTED
2025-10-10 10:40:23,228 [aa9634f0-8836-44d6-bc05-5b19fbdd93d5@group-6EF60CB14872-LeaderElection285] INFO  impl.RoleInfo (RoleInfo.java:shutdownLeaderElection(141)) - aa9634f0-8836-44d6-bc05-5b19fbdd93d5: shutdown aa9634f0-8836-44d6-bc05-5b19fbdd93d5@group-6EF60CB14872-LeaderElection285
2025-10-10 10:40:23,228 [aa9634f0-8836-44d6-bc05-5b19fbdd93d5@group-6EF60CB14872-LeaderElection285] INFO  impl.RoleInfo (RoleInfo.java:updateAndGet(148)) - aa9634f0-8836-44d6-bc05-5b19fbdd93d5: start aa9634f0-8836-44d6-bc05-5b19fbdd93d5@group-6EF60CB14872-FollowerState
2025-10-10 10:40:24,027 [aa9634f0-8836-44d6-bc05-5b19fbdd93d5@group-813C05265458-FollowerState] INFO  impl.FollowerState (FollowerState.java:runImpl(161)) - aa9634f0-8836-44d6-bc05-5b19fbdd93d5@group-813C05265458-FollowerState: change to CANDIDATE, lastRpcElapsedTime:1038269975ns, electionTimeout:1038ms
2025-10-10 10:40:24,027 [aa9634f0-8836-44d6-bc05-5b19fbdd93d5@group-813C05265458-FollowerState] INFO  impl.RoleInfo (RoleInfo.java:shutdownFollowerState(121)) - aa9634f0-8836-44d6-bc05-5b19fbdd93d5: shutdown aa9634f0-8836-44d6-bc05-5b19fbdd93d5@group-813C05265458-FollowerState
2025-10-10 10:40:24,027 [aa9634f0-8836-44d6-bc05-5b19fbdd93d5@group-813C05265458-FollowerState] INFO  server.RaftServer$Division (RaftServerImpl.java:setRole(392)) - aa9634f0-8836-44d6-bc05-5b19fbdd93d5@group-813C05265458: changes role from  FOLLOWER to CANDIDATE at term 1 for changeToCandidate
2025-10-10 10:40:24,027 [aa9634f0-8836-44d6-bc05-5b19fbdd93d5@group-813C05265458-FollowerState] INFO  impl.RoleInfo (RoleInfo.java:updateAndGet(148)) - aa9634f0-8836-44d6-bc05-5b19fbdd93d5: start aa9634f0-8836-44d6-bc05-5b19fbdd93d5@group-813C05265458-LeaderElection286
2025-10-10 10:40:24,028 [aa9634f0-8836-44d6-bc05-5b19fbdd93d5@group-813C05265458-LeaderElection286] INFO  impl.LeaderElection (LeaderElection.java:askForVotes(448)) - aa9634f0-8836-44d6-bc05-5b19fbdd93d5@group-813C05265458-LeaderElection286 PRE_VOTE round 0: submit vote requests at term 1 for conf: {index: 0, cur=peers:[aa9634f0-8836-44d6-bc05-5b19fbdd93d5|127.0.0.1:15063, 36185c6b-22ce-45d1-a622-3a6b487a5a53|127.0.0.1:15071, 895d447a-5476-42e4-b2fa-6eb687701d46|127.0.0.1:15079]|listeners:[], old=null}
2025-10-10 10:40:24,028 [aa9634f0-8836-44d6-bc05-5b19fbdd93d5@group-813C05265458-LeaderElection286] INFO  impl.LeaderElection (LogUtils.java:infoOrTrace(142)) - aa9634f0-8836-44d6-bc05-5b19fbdd93d5@group-813C05265458-LeaderElection286 got exception when requesting votes: java.util.concurrent.ExecutionException: org.apache.ratis.thirdparty.io.grpc.StatusRuntimeException: UNAVAILABLE: io exception
2025-10-10 10:40:24,028 [aa9634f0-8836-44d6-bc05-5b19fbdd93d5@group-813C05265458-LeaderElection286] INFO  impl.LeaderElection (LogUtils.java:infoOrTrace(142)) - aa9634f0-8836-44d6-bc05-5b19fbdd93d5@group-813C05265458-LeaderElection286 got exception when requesting votes: java.util.concurrent.ExecutionException: org.apache.ratis.thirdparty.io.grpc.StatusRuntimeException: UNAVAILABLE: io exception
2025-10-10 10:40:24,028 [aa9634f0-8836-44d6-bc05-5b19fbdd93d5@group-813C05265458-LeaderElection286] INFO  impl.LeaderElection (LeaderElection.java:logAndReturn(206)) - aa9634f0-8836-44d6-bc05-5b19fbdd93d5@group-813C05265458-LeaderElection286: PRE_VOTE REJECTED received 0 response(s) and 2 exception(s):
2025-10-10 10:40:24,028 [aa9634f0-8836-44d6-bc05-5b19fbdd93d5@group-813C05265458-LeaderElection286] INFO  impl.LeaderElection (LogUtils.java:infoOrTrace(142)) -   Exception 0: java.util.concurrent.ExecutionException: org.apache.ratis.thirdparty.io.grpc.StatusRuntimeException: UNAVAILABLE: io exception
2025-10-10 10:40:24,028 [aa9634f0-8836-44d6-bc05-5b19fbdd93d5@group-813C05265458-LeaderElection286] INFO  impl.LeaderElection (LogUtils.java:infoOrTrace(142)) -   Exception 1: java.util.concurrent.ExecutionException: org.apache.ratis.thirdparty.io.grpc.StatusRuntimeException: UNAVAILABLE: io exception
2025-10-10 10:40:24,028 [aa9634f0-8836-44d6-bc05-5b19fbdd93d5@group-813C05265458-LeaderElection286] INFO  impl.LeaderElection (LeaderElection.java:askForVotes(450)) - aa9634f0-8836-44d6-bc05-5b19fbdd93d5@group-813C05265458-LeaderElection286 PRE_VOTE round 0: result REJECTED
2025-10-10 10:40:24,028 [aa9634f0-8836-44d6-bc05-5b19fbdd93d5@group-813C05265458-LeaderElection286] INFO  server.RaftServer$Division (RaftServerImpl.java:setRole(392)) - aa9634f0-8836-44d6-bc05-5b19fbdd93d5@group-813C05265458: changes role from CANDIDATE to FOLLOWER at term 1 for REJECTED
2025-10-10 10:40:24,028 [aa9634f0-8836-44d6-bc05-5b19fbdd93d5@group-813C05265458-LeaderElection286] INFO  impl.RoleInfo (RoleInfo.java:shutdownLeaderElection(141)) - aa9634f0-8836-44d6-bc05-5b19fbdd93d5: shutdown aa9634f0-8836-44d6-bc05-5b19fbdd93d5@group-813C05265458-LeaderElection286
2025-10-10 10:40:24,028 [aa9634f0-8836-44d6-bc05-5b19fbdd93d5@group-813C05265458-LeaderElection286] INFO  impl.RoleInfo (RoleInfo.java:updateAndGet(148)) - aa9634f0-8836-44d6-bc05-5b19fbdd93d5: start aa9634f0-8836-44d6-bc05-5b19fbdd93d5@group-813C05265458-FollowerState
2025-10-10 10:40:24,223 [grpc-default-executor-1] ERROR impl.OrderedAsync (OrderedAsync.java:lambda$send$4(181)) - Failed to send request, message=cmdType: WriteChunk traceID: "" containerID: 8 datanodeUuid: "36185c6b-22ce-45d1-a622-3a6b487a5a53" writeChunk { blockID { containerID: 8 localID: 115816896921600008 blockCommitSequenceId: 16 replicaIndex: 0 } chunkData { chunkName: "115816896921600008_chunk_3" offset: 2097152 len: 524288 } } version: 3, data.size=524288
java.util.concurrent.CompletionException: org.apache.ratis.protocol.exceptions.RaftRetryFailureException: Failed RaftClientRequest:client-E1F90CE0EC34->895d447a-5476-42e4-b2fa-6eb687701d46@group-6EF60CB14872, cid=60, seq=6*, RW, cmdType: WriteChunk traceID: "" containerID: 8 datanodeUuid: "36185c6b-22ce-45d1-a622-3a6b487a5a53" writeChunk { blockID { containerID: 8 localID: 115816896921600008 blockCommitSequenceId: 16 replicaIndex: 0 } chunkData { chunkName: "115816896921600008_chunk_3" offset: 2097152 len: 524288 } } version: 3, data.size=524288 for 7 attempts with RequestTypeDependentRetryPolicy{WRITE->ExceptionDependentRetry(maxAttempts=2147483647; defaultPolicy=MultipleLinearRandomRetry[5x5s, 5x10s, 5x15s, 5x20s, 5x25s, 10x60s]; map={org.apache.ratis.protocol.exceptions.GroupMismatchException->NoRetry, org.apache.ratis.protocol.exceptions.NotReplicatedException->NoRetry, org.apache.ratis.protocol.exceptions.ResourceUnavailableException->org.apache.ratis.retry.ExponentialBackoffRetry@25acb370, org.apache.ratis.protocol.exceptions.StateMachineException->NoRetry, org.apache.ratis.protocol.exceptions.TimeoutIOException->org.apache.ratis.retry.ExponentialBackoffRetry@25acb370}), WATCH->ExceptionDependentRetry(maxAttempts=2147483647; defaultPolicy=MultipleLinearRandomRetry[5x5s, 5x10s, 5x15s, 5x20s, 5x25s, 10x60s]; map={org.apache.ratis.protocol.exceptions.GroupMismatchException->NoRetry, org.apache.ratis.protocol.exceptions.NotReplicatedException->NoRetry, org.apache.ratis.protocol.exceptions.ResourceUnavailableException->org.apache.ratis.retry.ExponentialBackoffRetry@25acb370, org.apache.ratis.protocol.exceptions.StateMachineException->NoRetry, org.apache.ratis.protocol.exceptions.TimeoutIOException->NoRetry})}
	at java.base/java.util.concurrent.CompletableFuture.encodeThrowable(CompletableFuture.java:332)
	at java.base/java.util.concurrent.CompletableFuture.completeThrowable(CompletableFuture.java:347)
	at java.base/java.util.concurrent.CompletableFuture$UniApply.tryFire(CompletableFuture.java:636)
	at java.base/java.util.concurrent.CompletableFuture.postComplete(CompletableFuture.java:510)
	at java.base/java.util.concurrent.CompletableFuture.completeExceptionally(CompletableFuture.java:2194)
	at org.apache.ratis.client.impl.OrderedAsync$PendingOrderedRequest.fail(OrderedAsync.java:111)
	at org.apache.ratis.util.SlidingWindow$Client.fail(SlidingWindow.java:395)
	at org.apache.ratis.client.impl.OrderedAsync.failAllAsyncRequests(OrderedAsync.java:155)
	at org.apache.ratis.client.impl.OrderedAsync.handleException(OrderedAsync.java:239)
	at org.apache.ratis.client.impl.OrderedAsync.lambda$sendRequestWithRetry$7(OrderedAsync.java:217)
	at java.base/java.util.concurrent.CompletableFuture.uniExceptionally(CompletableFuture.java:990)
	at java.base/java.util.concurrent.CompletableFuture$UniExceptionally.tryFire(CompletableFuture.java:974)
	at java.base/java.util.concurrent.CompletableFuture.postComplete(CompletableFuture.java:510)
	at java.base/java.util.concurrent.CompletableFuture.completeExceptionally(CompletableFuture.java:2194)
	at org.apache.ratis.grpc.client.GrpcClientProtocolClient$AsyncStreamObservers.completeReplyExceptionally(GrpcClientProtocolClient.java:397)
	at org.apache.ratis.grpc.client.GrpcClientProtocolClient$AsyncStreamObservers.access$000(GrpcClientProtocolClient.java:303)
	at org.apache.ratis.grpc.client.GrpcClientProtocolClient$AsyncStreamObservers$1.onError(GrpcClientProtocolClient.java:334)
	at org.apache.ratis.thirdparty.io.grpc.stub.ClientCalls$StreamObserverToCallListenerAdapter.onClose(ClientCalls.java:564)
	at org.apache.ratis.thirdparty.io.grpc.PartialForwardingClientCallListener.onClose(PartialForwardingClientCallListener.java:39)
	at org.apache.ratis.thirdparty.io.grpc.ForwardingClientCallListener.onClose(ForwardingClientCallListener.java:23)
	at org.apache.ratis.grpc.metrics.intercept.client.MetricClientCallListener.onClose(MetricClientCallListener.java:47)
	at org.apache.ratis.thirdparty.io.grpc.internal.ClientCallImpl.closeObserver(ClientCallImpl.java:565)
	at org.apache.ratis.thirdparty.io.grpc.internal.ClientCallImpl.access$100(ClientCallImpl.java:72)
	at org.apache.ratis.thirdparty.io.grpc.internal.ClientCallImpl$ClientStreamListenerImpl$1StreamClosed.runInternal(ClientCallImpl.java:733)
	at org.apache.ratis.thirdparty.io.grpc.internal.ClientCallImpl$ClientStreamListenerImpl$1StreamClosed.runInContext(ClientCallImpl.java:714)
	at org.apache.ratis.thirdparty.io.grpc.internal.ContextRunnable.run(ContextRunnable.java:37)
	at org.apache.ratis.thirdparty.io.grpc.internal.SerializingExecutor.run(SerializingExecutor.java:133)
	at java.base/java.util.concurrent.ThreadPoolExecutor.runWorker(ThreadPoolExecutor.java:1144)
	at java.base/java.util.concurrent.ThreadPoolExecutor$Worker.run(ThreadPoolExecutor.java:642)
	at java.base/java.lang.Thread.run(Thread.java:1583)
Caused by: org.apache.ratis.protocol.exceptions.RaftRetryFailureException: Failed RaftClientRequest:client-E1F90CE0EC34->895d447a-5476-42e4-b2fa-6eb687701d46@group-6EF60CB14872, cid=60, seq=6*, RW, cmdType: WriteChunk traceID: "" containerID: 8 datanodeUuid: "36185c6b-22ce-45d1-a622-3a6b487a5a53" writeChunk { blockID { containerID: 8 localID: 115816896921600008 blockCommitSequenceId: 16 replicaIndex: 0 } chunkData { chunkName: "115816896921600008_chunk_3" offset: 2097152 len: 524288 } } version: 3, data.size=524288 for 7 attempts with RequestTypeDependentRetryPolicy{WRITE->ExceptionDependentRetry(maxAttempts=2147483647; defaultPolicy=MultipleLinearRandomRetry[5x5s, 5x10s, 5x15s, 5x20s, 5x25s, 10x60s]; map={org.apache.ratis.protocol.exceptions.GroupMismatchException->NoRetry, org.apache.ratis.protocol.exceptions.NotReplicatedException->NoRetry, org.apache.ratis.protocol.exceptions.ResourceUnavailableException->org.apache.ratis.retry.ExponentialBackoffRetry@25acb370, org.apache.ratis.protocol.exceptions.StateMachineException->NoRetry, org.apache.ratis.protocol.exceptions.TimeoutIOException->org.apache.ratis.retry.ExponentialBackoffRetry@25acb370}), WATCH->ExceptionDependentRetry(maxAttempts=2147483647; defaultPolicy=MultipleLinearRandomRetry[5x5s, 5x10s, 5x15s, 5x20s, 5x25s, 10x60s]; map={org.apache.ratis.protocol.exceptions.GroupMismatchException->NoRetry, org.apache.ratis.protocol.exceptions.NotReplicatedException->NoRetry, org.apache.ratis.protocol.exceptions.ResourceUnavailableException->org.apache.ratis.retry.ExponentialBackoffRetry@25acb370, org.apache.ratis.protocol.exceptions.StateMachineException->NoRetry, org.apache.ratis.protocol.exceptions.TimeoutIOException->NoRetry})}
	at org.apache.ratis.client.impl.RaftClientImpl.noMoreRetries(RaftClientImpl.java:352)
	... 22 more
Caused by: java.io.IOException: org.apache.ratis.thirdparty.io.grpc.StatusRuntimeException: UNAVAILABLE: io exception
	at org.apache.ratis.grpc.GrpcUtil.unwrapException(GrpcUtil.java:99)
	at org.apache.ratis.grpc.GrpcUtil.unwrapIOException(GrpcUtil.java:159)
	at org.apache.ratis.grpc.client.GrpcClientProtocolClient$AsyncStreamObservers$1.onError(GrpcClientProtocolClient.java:333)
	... 13 more
Caused by: org.apache.ratis.thirdparty.io.grpc.StatusRuntimeException: UNAVAILABLE: io exception
	at org.apache.ratis.thirdparty.io.grpc.Status.asRuntimeException(Status.java:532)
	... 13 more
Caused by: org.apache.ratis.thirdparty.io.netty.channel.AbstractChannel$AnnotatedConnectException: finishConnect(..) failed: Connection refused: /127.0.0.1:15077
Caused by: java.net.ConnectException: finishConnect(..) failed: Connection refused
	at org.apache.ratis.thirdparty.io.netty.channel.unix.Errors.newConnectException0(Errors.java:166)
	at org.apache.ratis.thirdparty.io.netty.channel.unix.Errors.handleConnectErrno(Errors.java:131)
	at org.apache.ratis.thirdparty.io.netty.channel.unix.Socket.finishConnect(Socket.java:359)
	at org.apache.ratis.thirdparty.io.netty.channel.epoll.AbstractEpollChannel$AbstractEpollUnsafe.doFinishConnect(AbstractEpollChannel.java:715)
	at org.apache.ratis.thirdparty.io.netty.channel.epoll.AbstractEpollChannel$AbstractEpollUnsafe.finishConnect(AbstractEpollChannel.java:692)
	at org.apache.ratis.thirdparty.io.netty.channel.epoll.AbstractEpollChannel$AbstractEpollUnsafe.epollOutReady(AbstractEpollChannel.java:567)
	at org.apache.ratis.thirdparty.io.netty.channel.epoll.EpollEventLoop.processReady(EpollEventLoop.java:491)
	at org.apache.ratis.thirdparty.io.netty.channel.epoll.EpollEventLoop.run(EpollEventLoop.java:399)
	at org.apache.ratis.thirdparty.io.netty.util.concurrent.SingleThreadEventExecutor$4.run(SingleThreadEventExecutor.java:998)
	at org.apache.ratis.thirdparty.io.netty.util.internal.ThreadExecutorMap$2.run(ThreadExecutorMap.java:74)
	at org.apache.ratis.thirdparty.io.netty.util.concurrent.FastThreadLocalRunnable.run(FastThreadLocalRunnable.java:30)
	at java.base/java.lang.Thread.run(Thread.java:1583)
2025-10-10 10:40:24,224 [grpc-default-executor-1] ERROR impl.OrderedAsync (OrderedAsync.java:lambda$send$4(179)) - Failed to send request, message=cmdType: PutBlock traceID: "" containerID: 8 datanodeUuid: "36185c6b-22ce-45d1-a622-3a6b487a5a53" putBlock { blockData { blockID { containerID: 8 localID: 115816896921600008 blockCommitSequenceId: 0 } metadata { key: "TYPE" value: "KEY" } chunks { chunkName: "115816896921600008_chunk_1" offset: 0 len: 1048576 } chunks { chunkName: "115816896921600008_chunk_2" offset: 1048576 len: 1048576 } chunks { chunkName: "115816896921600008_chunk_3" offset: 2097152 len: 524288 } } eof: true } version: 3, data.size=0 due to java.util.concurrent.CompletionException: org.apache.ratis.protocol.exceptions.AlreadyClosedException: SlidingWindow$Client:client-E1F90CE0EC34->RAFT is closed.
2025-10-10 10:40:24,224 [ForkJoinPool-1-worker-1] WARN  io.KeyOutputStream (KeyOutputStream.java:handleExceptionInternal(377)) - Encountered exception java.io.IOException: Unexpected Storage Container Exception: java.util.concurrent.CompletionException: Failed to write chunk 115816896921600008_chunk_3 into block conID: 8 locID: 115816896921600008 bcsId: 16 replicaIndex: null on the pipeline Pipeline{ Id: 56f6ef43-c50c-4d35-89b5-6ef60cb14872, Nodes: [ {36185c6b-22ce-45d1-a622-3a6b487a5a53(localhost/127.0.0.1), ReplicaIndex: 0}, {895d447a-5476-42e4-b2fa-6eb687701d46(localhost/127.0.0.1), ReplicaIndex: 0}, {aa9634f0-8836-44d6-bc05-5b19fbdd93d5(localhost/127.0.0.1), ReplicaIndex: 0},], ReplicationConfig: RATIS/THREE, State:OPEN, leaderId:895d447a-5476-42e4-b2fa-6eb687701d46, CreationTimestamp2025-10-10T10:37:46.050Z[Etc/UTC]}. The last committed block length is 2097152, uncommitted data length is 524288 retry count 0
2025-10-10 10:40:24,256 [ForkJoinPool-1-worker-1] INFO  io.BlockOutputStreamEntry (BlockOutputStreamEntry.java:writeOnRetry(192)) - BlockOutputStreamEntry:caacae76-701d-4bf0-874c-6a01277cadac conID: 2 locID: 115816896921600009 bcsId: 0 replicaIndex: null: Finish retrying with len 524288, currentPosition 524288
2025-10-10 10:40:24,256 [ForkJoinPool-1-worker-1] INFO  io.BlockOutputStreamEntry (BlockOutputStreamEntry.java:finishRetryHandling(141)) - BlockOutputStreamEntry:caacae76-701d-4bf0-874c-6a01277cadac conID: 2 locID: 115816896921600009 bcsId: 0 replicaIndex: null: Exiting retry handling mode
]]></system-out>
  </testcase>
  <testcase name="testDatanodeExclusionWithMajorityCommit(ReplicationLevel)[1]" classname="org.apache.hadoop.ozone.client.rpc.TestFailureHandlingByClient" time="3.661">
    <system-out><![CDATA[2025-10-10 10:40:24,370 [aa9634f0-8836-44d6-bc05-5b19fbdd93d5@group-6EF60CB14872-FollowerState] INFO  impl.FollowerState (FollowerState.java:runImpl(161)) - aa9634f0-8836-44d6-bc05-5b19fbdd93d5@group-6EF60CB14872-FollowerState: change to CANDIDATE, lastRpcElapsedTime:1142527651ns, electionTimeout:1142ms
2025-10-10 10:40:24,371 [aa9634f0-8836-44d6-bc05-5b19fbdd93d5@group-6EF60CB14872-FollowerState] INFO  impl.RoleInfo (RoleInfo.java:shutdownFollowerState(121)) - aa9634f0-8836-44d6-bc05-5b19fbdd93d5: shutdown aa9634f0-8836-44d6-bc05-5b19fbdd93d5@group-6EF60CB14872-FollowerState
2025-10-10 10:40:24,371 [aa9634f0-8836-44d6-bc05-5b19fbdd93d5@group-6EF60CB14872-FollowerState] INFO  server.RaftServer$Division (RaftServerImpl.java:setRole(392)) - aa9634f0-8836-44d6-bc05-5b19fbdd93d5@group-6EF60CB14872: changes role from  FOLLOWER to CANDIDATE at term 5 for changeToCandidate
2025-10-10 10:40:24,372 [aa9634f0-8836-44d6-bc05-5b19fbdd93d5@group-6EF60CB14872-FollowerState] INFO  impl.RoleInfo (RoleInfo.java:updateAndGet(148)) - aa9634f0-8836-44d6-bc05-5b19fbdd93d5: start aa9634f0-8836-44d6-bc05-5b19fbdd93d5@group-6EF60CB14872-LeaderElection287
2025-10-10 10:40:24,372 [aa9634f0-8836-44d6-bc05-5b19fbdd93d5@group-6EF60CB14872-LeaderElection287] INFO  impl.LeaderElection (LeaderElection.java:askForVotes(448)) - aa9634f0-8836-44d6-bc05-5b19fbdd93d5@group-6EF60CB14872-LeaderElection287 PRE_VOTE round 0: submit vote requests at term 5 for conf: {index: 20, cur=peers:[aa9634f0-8836-44d6-bc05-5b19fbdd93d5|127.0.0.1:15063, 36185c6b-22ce-45d1-a622-3a6b487a5a53|127.0.0.1:15071, 895d447a-5476-42e4-b2fa-6eb687701d46|127.0.0.1:15079]|listeners:[], old=null}
2025-10-10 10:40:24,373 [ForkJoinPool-1-worker-1] WARN  dropwizard3.Dm3MetricRegistriesImpl (Dm3MetricRegistriesImpl.java:addReporterRegistration(114)) - New reporters are added after registries were created. Some metrics will be missing from the reporter. Please add reporter before adding any new registry.
2025-10-10 10:40:24,374 [ForkJoinPool-1-worker-1] WARN  dropwizard3.Dm3MetricRegistriesImpl (Dm3MetricRegistriesImpl.java:addReporterRegistration(114)) - New reporters are added after registries were created. Some metrics will be missing from the reporter. Please add reporter before adding any new registry.
2025-10-10 10:40:24,375 [aa9634f0-8836-44d6-bc05-5b19fbdd93d5@group-6EF60CB14872-LeaderElection287] INFO  impl.LeaderElection (LogUtils.java:infoOrTrace(142)) - aa9634f0-8836-44d6-bc05-5b19fbdd93d5@group-6EF60CB14872-LeaderElection287 got exception when requesting votes: java.util.concurrent.ExecutionException: org.apache.ratis.thirdparty.io.grpc.StatusRuntimeException: UNAVAILABLE: io exception
2025-10-10 10:40:24,375 [aa9634f0-8836-44d6-bc05-5b19fbdd93d5@group-6EF60CB14872-LeaderElection287] INFO  impl.LeaderElection (LogUtils.java:infoOrTrace(142)) - aa9634f0-8836-44d6-bc05-5b19fbdd93d5@group-6EF60CB14872-LeaderElection287 got exception when requesting votes: java.util.concurrent.ExecutionException: org.apache.ratis.thirdparty.io.grpc.StatusRuntimeException: UNAVAILABLE: io exception
2025-10-10 10:40:24,375 [aa9634f0-8836-44d6-bc05-5b19fbdd93d5@group-6EF60CB14872-LeaderElection287] INFO  impl.LeaderElection (LeaderElection.java:logAndReturn(206)) - aa9634f0-8836-44d6-bc05-5b19fbdd93d5@group-6EF60CB14872-LeaderElection287: PRE_VOTE REJECTED received 0 response(s) and 2 exception(s):
2025-10-10 10:40:24,375 [aa9634f0-8836-44d6-bc05-5b19fbdd93d5@group-6EF60CB14872-LeaderElection287] INFO  impl.LeaderElection (LogUtils.java:infoOrTrace(142)) -   Exception 0: java.util.concurrent.ExecutionException: org.apache.ratis.thirdparty.io.grpc.StatusRuntimeException: UNAVAILABLE: io exception
2025-10-10 10:40:24,375 [aa9634f0-8836-44d6-bc05-5b19fbdd93d5@group-6EF60CB14872-LeaderElection287] INFO  impl.LeaderElection (LogUtils.java:infoOrTrace(142)) -   Exception 1: java.util.concurrent.ExecutionException: org.apache.ratis.thirdparty.io.grpc.StatusRuntimeException: UNAVAILABLE: io exception
2025-10-10 10:40:24,375 [aa9634f0-8836-44d6-bc05-5b19fbdd93d5@group-6EF60CB14872-LeaderElection287] INFO  impl.LeaderElection (LeaderElection.java:askForVotes(450)) - aa9634f0-8836-44d6-bc05-5b19fbdd93d5@group-6EF60CB14872-LeaderElection287 PRE_VOTE round 0: result REJECTED
2025-10-10 10:40:24,375 [aa9634f0-8836-44d6-bc05-5b19fbdd93d5@group-6EF60CB14872-LeaderElection287] INFO  server.RaftServer$Division (RaftServerImpl.java:setRole(392)) - aa9634f0-8836-44d6-bc05-5b19fbdd93d5@group-6EF60CB14872: changes role from CANDIDATE to FOLLOWER at term 5 for REJECTED
2025-10-10 10:40:24,375 [aa9634f0-8836-44d6-bc05-5b19fbdd93d5@group-6EF60CB14872-LeaderElection287] INFO  impl.RoleInfo (RoleInfo.java:shutdownLeaderElection(141)) - aa9634f0-8836-44d6-bc05-5b19fbdd93d5: shutdown aa9634f0-8836-44d6-bc05-5b19fbdd93d5@group-6EF60CB14872-LeaderElection287
2025-10-10 10:40:24,375 [aa9634f0-8836-44d6-bc05-5b19fbdd93d5@group-6EF60CB14872-LeaderElection287] INFO  impl.RoleInfo (RoleInfo.java:updateAndGet(148)) - aa9634f0-8836-44d6-bc05-5b19fbdd93d5: start aa9634f0-8836-44d6-bc05-5b19fbdd93d5@group-6EF60CB14872-FollowerState
2025-10-10 10:40:24,432 [ForkJoinPool-1-worker-1] INFO  ozone.HddsDatanodeService (HddsDatanodeService.java:start(236)) - HddsDatanodeService 36185c6b-22ce-45d1-a622-3a6b487a5a53(localhost/127.0.0.1)
2025-10-10 10:40:24,434 [ForkJoinPool-1-worker-1] INFO  upgrade.AbstractLayoutVersionManager (AbstractLayoutVersionManager.java:init(80)) - Initializing Layout version manager with metadata layout = WITNESSED_CONTAINER_DB_PROTO_VALUE (version = 9), software layout = WITNESSED_CONTAINER_DB_PROTO_VALUE (version = 9)
2025-10-10 10:40:24,435 [ForkJoinPool-1-worker-1] INFO  statemachine.DatanodeStateMachine (DatanodeStateMachine.java:getEndPointTaskThreadPoolSize(321)) - Datanode State Machine Task Thread Pool size 2
2025-10-10 10:40:24,439 [ForkJoinPool-1-worker-1] INFO  volume.HddsVolume (HddsVolume.java:<init>(162)) - HddsVolume: { id=DS-5cd8dead-8911-46d6-a0b8-6438206482ea dir=/home/runner/work/ozone/ozone/hadoop-ozone/integration-test/target/test-dir/MiniOzoneClusterImpl-611c99c7-d47b-4433-a4ef-cd0a35b076ef/ozone-metadata/datanode-8/data-0/hdds type=DISK capacity=9222449699674390527 used=0 available=9222449699674390527 minFree=9222450130714624 committed=0 }
2025-10-10 10:40:24,439 [ForkJoinPool-1-worker-1] INFO  volume.MutableVolumeSet (MutableVolumeSet.java:initializeVolumeSet(175)) - Added Volume : /home/runner/work/ozone/ozone/hadoop-ozone/integration-test/target/test-dir/MiniOzoneClusterImpl-611c99c7-d47b-4433-a4ef-cd0a35b076ef/ozone-metadata/datanode-8/data-0/hdds to VolumeSet
2025-10-10 10:40:24,440 [ForkJoinPool-1-worker-1] INFO  volume.MutableVolumeSet (MutableVolumeSet.java:initializeVolumeSet(175)) - Added Volume : /home/runner/work/ozone/ozone/hadoop-ozone/integration-test/target/test-dir/MiniOzoneClusterImpl-611c99c7-d47b-4433-a4ef-cd0a35b076ef/ozone-metadata/datanode-8/ratis to VolumeSet
2025-10-10 10:40:24,456 [ForkJoinPool.commonPool-worker-2] INFO  utils.DatanodeStoreCache (DatanodeStoreCache.java:addDB(70)) - Added db /home/runner/work/ozone/ozone/hadoop-ozone/integration-test/target/test-dir/MiniOzoneClusterImpl-611c99c7-d47b-4433-a4ef-cd0a35b076ef/ozone-metadata/datanode-8/data-0/hdds/611c99c7-d47b-4433-a4ef-cd0a35b076ef/DS-5cd8dead-8911-46d6-a0b8-6438206482ea/container.db to cache
2025-10-10 10:40:24,456 [ForkJoinPool.commonPool-worker-2] INFO  volume.HddsVolume (HddsVolume.java:loadDbStore(517)) - SchemaV3 db is loaded at /home/runner/work/ozone/ozone/hadoop-ozone/integration-test/target/test-dir/MiniOzoneClusterImpl-611c99c7-d47b-4433-a4ef-cd0a35b076ef/ozone-metadata/datanode-8/data-0/hdds/611c99c7-d47b-4433-a4ef-cd0a35b076ef/DS-5cd8dead-8911-46d6-a0b8-6438206482ea/container.db for volume DS-5cd8dead-8911-46d6-a0b8-6438206482ea
2025-10-10 10:40:24,457 [ForkJoinPool-1-worker-1] INFO  ozoneimpl.OzoneContainer (HddsVolumeUtil.java:loadAllHddsVolumeDbStore(102)) - Load 1 volumes DbStore cost: 15ms
2025-10-10 10:40:24,457 [ForkJoinPool-1-worker-1] WARN  db.DBStoreBuilder (DBStoreBuilder.java:getDBDirPath(157)) - ozone.scm.datanode.id.dir is not configured. We recommend adding this setting. Falling back to ozone.metadata.dirs instead.
2025-10-10 10:40:24,458 [ForkJoinPool-1-worker-1] WARN  db.DBStoreBuilder (DBStoreBuilder.java:getDBDirPath(157)) - ozone.scm.datanode.id.dir is not configured. We recommend adding this setting. Falling back to ozone.metadata.dirs instead.
2025-10-10 10:40:24,468 [ForkJoinPool-1-worker-1] INFO  impl.FilePerChunkStrategy (FilePerChunkStrategy.java:<init>(79)) - ozone.chunk.read.mapped.buffer.max.count is load with 0
2025-10-10 10:40:24,468 [ForkJoinPool-1-worker-1] INFO  impl.FilePerBlockStrategy (FilePerBlockStrategy.java:<init>(88)) - ozone.chunk.read.mapped.buffer.max.count is load with 0
2025-10-10 10:40:24,470 [ForkJoinPool-1-worker-1] INFO  server.RaftServerConfigKeys (ConfUtils.java:logGet(62)) - raft.server.log.appender.buffer.byte-limit = 33554432 (custom)
2025-10-10 10:40:24,471 [ForkJoinPool-1-worker-1] INFO  grpc.GrpcConfigKeys (ConfUtils.java:logFallback(69)) - raft.grpc.admin.host = null (fallback to raft.grpc.server.host)
2025-10-10 10:40:24,471 [ForkJoinPool-1-worker-1] INFO  grpc.GrpcConfigKeys (ConfUtils.java:logGet(62)) - raft.grpc.admin.port = 15070 (custom)
2025-10-10 10:40:24,471 [ForkJoinPool-1-worker-1] INFO  grpc.GrpcConfigKeys (ConfUtils.java:logFallback(69)) - raft.grpc.client.host = null (fallback to raft.grpc.server.host)
2025-10-10 10:40:24,471 [ForkJoinPool-1-worker-1] INFO  grpc.GrpcConfigKeys (ConfUtils.java:logGet(62)) - raft.grpc.client.port = 15069 (custom)
2025-10-10 10:40:24,471 [ForkJoinPool-1-worker-1] INFO  grpc.GrpcConfigKeys (ConfUtils.java:logGet(62)) - raft.grpc.server.port = 15071 (custom)
2025-10-10 10:40:24,471 [ForkJoinPool-1-worker-1] INFO  server.GrpcServicesImpl (ConfUtils.java:logGet(62)) - raft.grpc.message.size.max = 34603008 (custom)
2025-10-10 10:40:24,471 [ForkJoinPool-1-worker-1] INFO  server.GrpcServicesImpl (ConfUtils.java:logGet(62)) - raft.grpc.flow.control.window = 5MB (=5242880) (custom)
2025-10-10 10:40:24,471 [ForkJoinPool-1-worker-1] INFO  server.RaftServerConfigKeys (ConfUtils.java:logGet(62)) - raft.server.log.appender.buffer.byte-limit = 33554432 (custom)
2025-10-10 10:40:24,473 [ForkJoinPool-1-worker-1] INFO  netty.NettyUtils (NettyUtils.java:newEventLoopGroup(74)) - Create EpollEventLoopGroup for 36185c6b-22ce-45d1-a622-3a6b487a5a53-NettyServerStreamRpc-bossGroup; Thread size is 0.
2025-10-10 10:40:24,473 [ForkJoinPool-1-worker-1] INFO  netty.NettyUtils (NettyUtils.java:newEventLoopGroup(74)) - Create EpollEventLoopGroup for 36185c6b-22ce-45d1-a622-3a6b487a5a53-NettyServerStreamRpc-workerGroup; Thread size is 0.
2025-10-10 10:40:24,474 [ForkJoinPool-1-worker-1] INFO  netty.NettyConfigKeys$DataStream (ConfUtils.java:logGet(62)) - raft.netty.dataStream.port = 15072 (custom)
2025-10-10 10:40:24,474 [ForkJoinPool-1-worker-1] INFO  server.RaftServerConfigKeys (ConfUtils.java:logGet(62)) - raft.server.storage.dir = [/home/runner/work/ozone/ozone/hadoop-ozone/integration-test/target/test-dir/MiniOzoneClusterImpl-611c99c7-d47b-4433-a4ef-cd0a35b076ef/ozone-metadata/datanode-8/ratis] (custom)
2025-10-10 10:40:24,475 [36185c6b-22ce-45d1-a622-3a6b487a5a53-NettyServerStreamRpc-bossGroup--thread1] INFO  logging.LoggingHandler (AbstractInternalLogger.java:log(148)) - [id: 0xdf94b18e] REGISTERED
2025-10-10 10:40:24,475 [36185c6b-22ce-45d1-a622-3a6b487a5a53-impl-thread1] INFO  server.RaftServer (RaftServerProxy.java:initGroupDir(270)) - 36185c6b-22ce-45d1-a622-3a6b487a5a53: found a subdirectory /home/runner/work/ozone/ozone/hadoop-ozone/integration-test/target/test-dir/MiniOzoneClusterImpl-611c99c7-d47b-4433-a4ef-cd0a35b076ef/ozone-metadata/datanode-8/ratis/e51e4850-930a-48f3-bb77-813c05265458
2025-10-10 10:40:24,475 [36185c6b-22ce-45d1-a622-3a6b487a5a53-NettyServerStreamRpc-bossGroup--thread1] INFO  logging.LoggingHandler (AbstractInternalLogger.java:log(148)) - [id: 0xdf94b18e] BIND: 0.0.0.0/0.0.0.0:15072
2025-10-10 10:40:24,475 [36185c6b-22ce-45d1-a622-3a6b487a5a53-NettyServerStreamRpc-bossGroup--thread1] INFO  logging.LoggingHandler (AbstractInternalLogger.java:log(148)) - [id: 0xdf94b18e, L:/0.0.0.0:15072] ACTIVE
2025-10-10 10:40:24,475 [36185c6b-22ce-45d1-a622-3a6b487a5a53-impl-thread1] INFO  server.RaftServer (RaftServerProxy.java:addNew(105)) - 36185c6b-22ce-45d1-a622-3a6b487a5a53: addNew group-813C05265458:[] returns group-813C05265458:java.util.concurrent.CompletableFuture@5380ae7[Not completed]
2025-10-10 10:40:24,476 [36185c6b-22ce-45d1-a622-3a6b487a5a53-impl-thread1] INFO  server.RaftServer (RaftServerProxy.java:initGroupDir(270)) - 36185c6b-22ce-45d1-a622-3a6b487a5a53: found a subdirectory /home/runner/work/ozone/ozone/hadoop-ozone/integration-test/target/test-dir/MiniOzoneClusterImpl-611c99c7-d47b-4433-a4ef-cd0a35b076ef/ozone-metadata/datanode-8/ratis/db5b5c2b-f866-4aec-a921-386b2f16df49
2025-10-10 10:40:24,476 [36185c6b-22ce-45d1-a622-3a6b487a5a53-impl-thread1] INFO  server.RaftServer (RaftServerProxy.java:addNew(105)) - 36185c6b-22ce-45d1-a622-3a6b487a5a53: addNew group-386B2F16DF49:[] returns group-386B2F16DF49:java.util.concurrent.CompletableFuture@581830e3[Not completed]
2025-10-10 10:40:24,476 [36185c6b-22ce-45d1-a622-3a6b487a5a53-impl-thread1] INFO  server.RaftServer (RaftServerProxy.java:initGroupDir(270)) - 36185c6b-22ce-45d1-a622-3a6b487a5a53: found a subdirectory /home/runner/work/ozone/ozone/hadoop-ozone/integration-test/target/test-dir/MiniOzoneClusterImpl-611c99c7-d47b-4433-a4ef-cd0a35b076ef/ozone-metadata/datanode-8/ratis/tmp
2025-10-10 10:40:24,476 [36185c6b-22ce-45d1-a622-3a6b487a5a53-impl-thread1] INFO  server.RaftServer (RaftServerProxy.java:initGroupDir(275)) - 36185c6b-22ce-45d1-a622-3a6b487a5a53: The directory /home/runner/work/ozone/ozone/hadoop-ozone/integration-test/target/test-dir/MiniOzoneClusterImpl-611c99c7-d47b-4433-a4ef-cd0a35b076ef/ozone-metadata/datanode-8/ratis/tmp is not a group directory; ignoring it. 
2025-10-10 10:40:24,476 [36185c6b-22ce-45d1-a622-3a6b487a5a53-impl-thread1] INFO  server.RaftServer (RaftServerProxy.java:initGroupDir(270)) - 36185c6b-22ce-45d1-a622-3a6b487a5a53: found a subdirectory /home/runner/work/ozone/ozone/hadoop-ozone/integration-test/target/test-dir/MiniOzoneClusterImpl-611c99c7-d47b-4433-a4ef-cd0a35b076ef/ozone-metadata/datanode-8/ratis/56f6ef43-c50c-4d35-89b5-6ef60cb14872
2025-10-10 10:40:24,476 [36185c6b-22ce-45d1-a622-3a6b487a5a53-impl-thread1] INFO  server.RaftServer (RaftServerProxy.java:addNew(105)) - 36185c6b-22ce-45d1-a622-3a6b487a5a53: addNew group-6EF60CB14872:[] returns group-6EF60CB14872:java.util.concurrent.CompletableFuture@34f7c8dc[Not completed]
2025-10-10 10:40:24,476 [ForkJoinPool-1-worker-1] INFO  replication.ReplicationServer (ReplicationServer.java:<init>(84)) - Initializing replication server with thread count = 10 queue length = 4096
2025-10-10 10:40:24,477 [36185c6b-22ce-45d1-a622-3a6b487a5a53-groupManagement] INFO  server.RaftServer$Division (RaftServerImpl.java:<init>(268)) - 36185c6b-22ce-45d1-a622-3a6b487a5a53: new RaftServerImpl for group-813C05265458:[] with ContainerStateMachine:uninitialized
2025-10-10 10:40:24,477 [36185c6b-22ce-45d1-a622-3a6b487a5a53-groupManagement] INFO  server.RaftServer$Division (ServerState.java:<init>(114)) - 36185c6b-22ce-45d1-a622-3a6b487a5a53@group-813C05265458: ConfigurationManager, init=conf: {index: -1, cur=peers:[]|listeners:[], old=null}, confs=<EMPTY_MAP>
2025-10-10 10:40:24,477 [ForkJoinPool-1-worker-1] INFO  server.XceiverServerGrpc (XceiverServerGrpc.java:<init>(129)) - GrpcServer channel type EpollServerSocketChannel
2025-10-10 10:40:24,479 [ForkJoinPool-1-worker-1] INFO  replication.ReplicationSupervisor (ReplicationSupervisor.java:build(169)) - Initializing replication supervisor with thread count = 10
2025-10-10 10:40:24,479 [ForkJoinPool-1-worker-1] INFO  replication.ReplicationSupervisor (ReplicationSupervisor.java:nodeStateUpdated(358)) - Node state updated to IN_SERVICE, scaling executor pool size to 10
2025-10-10 10:40:24,482 [ForkJoinPool-1-worker-1] INFO  http.BaseHttpServer (BaseHttpServer.java:newHttpServer2BuilderForOzone(227)) - Starting Web-server for hddsDatanode at: http://0.0.0.0:15066
2025-10-10 10:40:24,483 [ForkJoinPool-1-worker-1] INFO  http.BaseHttpServer (BaseHttpServer.java:<init>(105)) - Hadoop Security Enabled: false Ozone Security Enabled: false Ozone HTTP Security Enabled: false 
2025-10-10 10:40:24,484 [36185c6b-22ce-45d1-a622-3a6b487a5a53-groupManagement] INFO  server.RaftServer$Division (RaftServerImpl.java:<init>(268)) - 36185c6b-22ce-45d1-a622-3a6b487a5a53: new RaftServerImpl for group-386B2F16DF49:[] with ContainerStateMachine:uninitialized
2025-10-10 10:40:24,484 [36185c6b-22ce-45d1-a622-3a6b487a5a53-groupManagement] INFO  server.RaftServer$Division (ServerState.java:<init>(114)) - 36185c6b-22ce-45d1-a622-3a6b487a5a53@group-386B2F16DF49: ConfigurationManager, init=conf: {index: -1, cur=peers:[]|listeners:[], old=null}, confs=<EMPTY_MAP>
2025-10-10 10:40:24,485 [ForkJoinPool-1-worker-1] WARN  server.AuthenticationFilter (AuthenticationFilter.java:constructSecretProvider(240)) - Unable to initialize FileSignerSecretProvider, falling back to use random secrets. Reason: Could not read signature secret file: /home/runner/hadoop-http-auth-signature-secret
2025-10-10 10:40:24,488 [ForkJoinPool-1-worker-1] INFO  http.HttpServer2 (HttpServer2.java:addGlobalFilter(1040)) - Added global filter 'safety' (class=org.apache.hadoop.hdds.server.http.HttpServer2$QuotingInputFilter)
2025-10-10 10:40:24,489 [36185c6b-22ce-45d1-a622-3a6b487a5a53-groupManagement] INFO  server.RaftServer$Division (RaftServerImpl.java:<init>(268)) - 36185c6b-22ce-45d1-a622-3a6b487a5a53: new RaftServerImpl for group-6EF60CB14872:[] with ContainerStateMachine:uninitialized
2025-10-10 10:40:24,489 [36185c6b-22ce-45d1-a622-3a6b487a5a53-groupManagement] INFO  server.RaftServer$Division (ServerState.java:<init>(114)) - 36185c6b-22ce-45d1-a622-3a6b487a5a53@group-6EF60CB14872: ConfigurationManager, init=conf: {index: -1, cur=peers:[]|listeners:[], old=null}, confs=<EMPTY_MAP>
2025-10-10 10:40:24,489 [ForkJoinPool-1-worker-1] INFO  http.HttpServer2 (HttpServer2.java:addFilter(1016)) - Added filter static_user_filter (class=org.apache.hadoop.http.lib.StaticUserWebFilter$StaticUserFilter) to context hddsDatanode
2025-10-10 10:40:24,489 [ForkJoinPool-1-worker-1] INFO  http.HttpServer2 (HttpServer2.java:addFilter(1024)) - Added filter static_user_filter (class=org.apache.hadoop.http.lib.StaticUserWebFilter$StaticUserFilter) to context static
2025-10-10 10:40:24,490 [ForkJoinPool-1-worker-1] INFO  http.HttpServer2 (HttpServer2.java:addFilter(1024)) - Added filter static_user_filter (class=org.apache.hadoop.http.lib.StaticUserWebFilter$StaticUserFilter) to context logs
2025-10-10 10:40:24,490 [ForkJoinPool-1-worker-1] INFO  http.BaseHttpServer (BaseHttpServer.java:<init>(193)) - HTTP server of hddsDatanode uses base directory /home/runner/work/ozone/ozone/hadoop-ozone/integration-test/target/test-dir/MiniOzoneClusterImpl-611c99c7-d47b-4433-a4ef-cd0a35b076ef/scm/ozone-metadata/webserver
2025-10-10 10:40:24,490 [ForkJoinPool-1-worker-1] INFO  http.HttpServer2 (HttpServer2.java:bindListener(1240)) - Jetty bound to port 15066
2025-10-10 10:40:24,491 [ForkJoinPool-1-worker-1] INFO  server.Server (Server.java:doStart(375)) - jetty-9.4.58.v20250814; built: 2025-08-14T02:28:49.637Z; git: 8f1440587e9e4ae7db3d74cf205643f3d707148d; jvm 21.0.8+9-LTS
2025-10-10 10:40:24,492 [ForkJoinPool-1-worker-1] INFO  server.session (DefaultSessionIdManager.java:doStart(334)) - DefaultSessionIdManager workerName=node0
2025-10-10 10:40:24,492 [ForkJoinPool-1-worker-1] INFO  server.session (DefaultSessionIdManager.java:doStart(339)) - No SessionScavenger set, using defaults
2025-10-10 10:40:24,493 [ForkJoinPool-1-worker-1] INFO  server.session (HouseKeeper.java:startScavenging(132)) - node0 Scavenging every 660000ms
2025-10-10 10:40:24,493 [ForkJoinPool-1-worker-1] INFO  handler.ContextHandler (ContextHandler.java:doStart(921)) - Started o.e.j.s.ServletContextHandler@1f938eb0{logs,/logs,file:///home/runner/work/ozone/ozone/hadoop-ozone/integration-test/target/log,AVAILABLE}
2025-10-10 10:40:24,493 [ForkJoinPool-1-worker-1] INFO  handler.ContextHandler (ContextHandler.java:doStart(921)) - Started o.e.j.s.ServletContextHandler@971d8c3{static,/static,jar:file:/home/runner/work/ozone/ozone/hadoop-hdds/container-service/target/hdds-container-service-2.1.0-SNAPSHOT.jar!/webapps/static,AVAILABLE}
2025-10-10 10:40:24,641 [ForkJoinPool-1-worker-1] INFO  handler.ContextHandler (ContextHandler.java:doStart(921)) - Started o.e.j.w.WebAppContext@53e104e3{hddsDatanode,/,file:///home/runner/work/ozone/ozone/hadoop-ozone/integration-test/target/test-dir/MiniOzoneClusterImpl-611c99c7-d47b-4433-a4ef-cd0a35b076ef/scm/ozone-metadata/webserver/jetty-0_0_0_0-15066-hdds-container-service-2_1_0-SNAPSHOT_jar-_-any-105436045966597043/webapp/,AVAILABLE}{jar:file:/home/runner/work/ozone/ozone/hadoop-hdds/container-service/target/hdds-container-service-2.1.0-SNAPSHOT.jar!/webapps/hddsDatanode}
2025-10-10 10:40:24,642 [ForkJoinPool-1-worker-1] INFO  server.AbstractConnector (AbstractConnector.java:doStart(333)) - Started ServerConnector@15643edb{HTTP/1.1, (http/1.1)}{0.0.0.0:15066}
2025-10-10 10:40:24,642 [ForkJoinPool-1-worker-1] INFO  server.Server (Server.java:doStart(415)) - Started @173330ms
2025-10-10 10:40:24,642 [ForkJoinPool-1-worker-1] WARN  impl.MetricsSystemImpl (MetricsSystemImpl.java:register(279)) - Sink prometheus already exists!
2025-10-10 10:40:24,642 [ForkJoinPool-1-worker-1] INFO  http.BaseHttpServer (BaseHttpServer.java:updateConnectorAddress(357)) - HTTP server of hddsDatanode listening at http://localhost:15066
2025-10-10 10:40:24,643 [ForkJoinPool-1-worker-1] INFO  ipc.CallQueueManager (CallQueueManager.java:<init>(93)) - Using callQueue: class java.util.concurrent.LinkedBlockingQueue, queueCapacity: 1000, scheduler: class org.apache.hadoop.ipc.DefaultRpcScheduler, ipcBackoff: false, ipcFailOver: false.
2025-10-10 10:40:24,643 [ForkJoinPool-1-worker-1] INFO  ipc.Server (Server.java:<init>(1438)) - Listener at 0.0.0.0:15067
2025-10-10 10:40:24,644 [Socket Reader #1 for port 15067] INFO  ipc.Server (Server.java:run(1474)) - Starting Socket Reader #1 for port 15067
2025-10-10 10:40:24,644 [Socket Reader #2 for port 15067] INFO  ipc.Server (Server.java:run(1474)) - Starting Socket Reader #2 for port 15067
2025-10-10 10:40:24,644 [Socket Reader #3 for port 15067] INFO  ipc.Server (Server.java:run(1474)) - Starting Socket Reader #3 for port 15067
2025-10-10 10:40:24,644 [Socket Reader #4 for port 15067] INFO  ipc.Server (Server.java:run(1474)) - Starting Socket Reader #4 for port 15067
2025-10-10 10:40:24,645 [Socket Reader #5 for port 15067] INFO  ipc.Server (Server.java:run(1474)) - Starting Socket Reader #5 for port 15067
2025-10-10 10:40:24,645 [Socket Reader #6 for port 15067] INFO  ipc.Server (Server.java:run(1474)) - Starting Socket Reader #6 for port 15067
2025-10-10 10:40:24,645 [Socket Reader #7 for port 15067] INFO  ipc.Server (Server.java:run(1474)) - Starting Socket Reader #7 for port 15067
2025-10-10 10:40:24,645 [Socket Reader #8 for port 15067] INFO  ipc.Server (Server.java:run(1474)) - Starting Socket Reader #8 for port 15067
2025-10-10 10:40:24,645 [Socket Reader #9 for port 15067] INFO  ipc.Server (Server.java:run(1474)) - Starting Socket Reader #9 for port 15067
2025-10-10 10:40:24,645 [Socket Reader #10 for port 15067] INFO  ipc.Server (Server.java:run(1474)) - Starting Socket Reader #10 for port 15067
2025-10-10 10:40:24,647 [ForkJoinPool-1-worker-1] INFO  ozone.HddsDatanodeService (HddsDatanodeService.java:start(333)) - Datanode start with admins: [admin, runner]
2025-10-10 10:40:24,648 [ForkJoinPool-1-worker-1] INFO  ozone.HddsDatanodeClientProtocolServer (HddsDatanodeClientProtocolServer.java:start(76)) - RPC server for Client /0.0.0.0:15067
2025-10-10 10:40:24,648 [IPC Server Responder] INFO  ipc.Server (Server.java:run(1713)) - IPC Server Responder: starting
2025-10-10 10:40:24,648 [IPC Server listener on 15067] INFO  ipc.Server (Server.java:run(1553)) - IPC Server listener on 15067: starting
2025-10-10 10:40:24,650 [36185c6b-22ce-45d1-a622-3a6b487a5a53-DatanodeStateMachineDaemonThread] INFO  statemachine.DatanodeStateMachine (DatanodeStateMachine.java:startStateMachineThread(363)) - Ozone container server started.
2025-10-10 10:40:24,651 [ForkJoinPool-1-worker-1] WARN  dropwizard3.Dm3MetricRegistriesImpl (Dm3MetricRegistriesImpl.java:addReporterRegistration(114)) - New reporters are added after registries were created. Some metrics will be missing from the reporter. Please add reporter before adding any new registry.
2025-10-10 10:40:24,651 [ForkJoinPool-1-worker-1] WARN  dropwizard3.Dm3MetricRegistriesImpl (Dm3MetricRegistriesImpl.java:addReporterRegistration(114)) - New reporters are added after registries were created. Some metrics will be missing from the reporter. Please add reporter before adding any new registry.
2025-10-10 10:40:24,654 [36185c6b-22ce-45d1-a622-3a6b487a5a53-DatanodeStateMachineTaskThread-0] INFO  datanode.InitDatanodeState (InitDatanodeState.java:persistContainerDatanodeDetails(139)) - DatanodeDetails is persisted to /home/runner/work/ozone/ozone/hadoop-ozone/integration-test/target/test-dir/MiniOzoneClusterImpl-611c99c7-d47b-4433-a4ef-cd0a35b076ef/ozone-metadata/datanode-8/ozone-metadata/datanode.id
2025-10-10 10:40:24,668 [ForkJoinPool-1-worker-1] INFO  ozone.HddsDatanodeService (HddsDatanodeService.java:start(236)) - HddsDatanodeService 895d447a-5476-42e4-b2fa-6eb687701d46(localhost/127.0.0.1)
2025-10-10 10:40:24,669 [ForkJoinPool-1-worker-1] INFO  upgrade.AbstractLayoutVersionManager (AbstractLayoutVersionManager.java:init(80)) - Initializing Layout version manager with metadata layout = WITNESSED_CONTAINER_DB_PROTO_VALUE (version = 9), software layout = WITNESSED_CONTAINER_DB_PROTO_VALUE (version = 9)
2025-10-10 10:40:24,669 [ForkJoinPool-1-worker-1] INFO  statemachine.DatanodeStateMachine (DatanodeStateMachine.java:getEndPointTaskThreadPoolSize(321)) - Datanode State Machine Task Thread Pool size 2
2025-10-10 10:40:24,671 [ForkJoinPool-1-worker-1] INFO  volume.HddsVolume (HddsVolume.java:<init>(162)) - HddsVolume: { id=DS-8fb42501-9102-4ac6-a22c-4421d3850807 dir=/home/runner/work/ozone/ozone/hadoop-ozone/integration-test/target/test-dir/MiniOzoneClusterImpl-611c99c7-d47b-4433-a4ef-cd0a35b076ef/ozone-metadata/datanode-9/data-0/hdds type=DISK capacity=9222449699674390527 used=0 available=9222449699674390527 minFree=9222450130714624 committed=0 }
2025-10-10 10:40:24,672 [ForkJoinPool-1-worker-1] INFO  volume.MutableVolumeSet (MutableVolumeSet.java:initializeVolumeSet(175)) - Added Volume : /home/runner/work/ozone/ozone/hadoop-ozone/integration-test/target/test-dir/MiniOzoneClusterImpl-611c99c7-d47b-4433-a4ef-cd0a35b076ef/ozone-metadata/datanode-9/data-0/hdds to VolumeSet
2025-10-10 10:40:24,673 [ForkJoinPool-1-worker-1] INFO  volume.MutableVolumeSet (MutableVolumeSet.java:initializeVolumeSet(175)) - Added Volume : /home/runner/work/ozone/ozone/hadoop-ozone/integration-test/target/test-dir/MiniOzoneClusterImpl-611c99c7-d47b-4433-a4ef-cd0a35b076ef/ozone-metadata/datanode-9/ratis to VolumeSet
2025-10-10 10:40:24,686 [ForkJoinPool.commonPool-worker-2] INFO  utils.DatanodeStoreCache (DatanodeStoreCache.java:addDB(70)) - Added db /home/runner/work/ozone/ozone/hadoop-ozone/integration-test/target/test-dir/MiniOzoneClusterImpl-611c99c7-d47b-4433-a4ef-cd0a35b076ef/ozone-metadata/datanode-9/data-0/hdds/611c99c7-d47b-4433-a4ef-cd0a35b076ef/DS-8fb42501-9102-4ac6-a22c-4421d3850807/container.db to cache
2025-10-10 10:40:24,686 [ForkJoinPool.commonPool-worker-2] INFO  volume.HddsVolume (HddsVolume.java:loadDbStore(517)) - SchemaV3 db is loaded at /home/runner/work/ozone/ozone/hadoop-ozone/integration-test/target/test-dir/MiniOzoneClusterImpl-611c99c7-d47b-4433-a4ef-cd0a35b076ef/ozone-metadata/datanode-9/data-0/hdds/611c99c7-d47b-4433-a4ef-cd0a35b076ef/DS-8fb42501-9102-4ac6-a22c-4421d3850807/container.db for volume DS-8fb42501-9102-4ac6-a22c-4421d3850807
2025-10-10 10:40:24,686 [ForkJoinPool-1-worker-1] INFO  ozoneimpl.OzoneContainer (HddsVolumeUtil.java:loadAllHddsVolumeDbStore(102)) - Load 1 volumes DbStore cost: 13ms
2025-10-10 10:40:24,687 [ForkJoinPool-1-worker-1] WARN  db.DBStoreBuilder (DBStoreBuilder.java:getDBDirPath(157)) - ozone.scm.datanode.id.dir is not configured. We recommend adding this setting. Falling back to ozone.metadata.dirs instead.
2025-10-10 10:40:24,688 [ForkJoinPool-1-worker-1] WARN  db.DBStoreBuilder (DBStoreBuilder.java:getDBDirPath(157)) - ozone.scm.datanode.id.dir is not configured. We recommend adding this setting. Falling back to ozone.metadata.dirs instead.
2025-10-10 10:40:24,696 [ForkJoinPool-1-worker-1] INFO  impl.FilePerChunkStrategy (FilePerChunkStrategy.java:<init>(79)) - ozone.chunk.read.mapped.buffer.max.count is load with 0
2025-10-10 10:40:24,697 [ForkJoinPool-1-worker-1] INFO  impl.FilePerBlockStrategy (FilePerBlockStrategy.java:<init>(88)) - ozone.chunk.read.mapped.buffer.max.count is load with 0
2025-10-10 10:40:24,697 [ForkJoinPool-1-worker-1] INFO  server.RaftServerConfigKeys (ConfUtils.java:logGet(62)) - raft.server.log.appender.buffer.byte-limit = 33554432 (custom)
2025-10-10 10:40:24,698 [ForkJoinPool-1-worker-1] INFO  grpc.GrpcConfigKeys (ConfUtils.java:logFallback(69)) - raft.grpc.admin.host = null (fallback to raft.grpc.server.host)
2025-10-10 10:40:24,698 [ForkJoinPool-1-worker-1] INFO  grpc.GrpcConfigKeys (ConfUtils.java:logGet(62)) - raft.grpc.admin.port = 15078 (custom)
2025-10-10 10:40:24,698 [ForkJoinPool-1-worker-1] INFO  grpc.GrpcConfigKeys (ConfUtils.java:logFallback(69)) - raft.grpc.client.host = null (fallback to raft.grpc.server.host)
2025-10-10 10:40:24,699 [ForkJoinPool-1-worker-1] INFO  grpc.GrpcConfigKeys (ConfUtils.java:logGet(62)) - raft.grpc.client.port = 15077 (custom)
2025-10-10 10:40:24,699 [ForkJoinPool-1-worker-1] INFO  grpc.GrpcConfigKeys (ConfUtils.java:logGet(62)) - raft.grpc.server.port = 15079 (custom)
2025-10-10 10:40:24,699 [ForkJoinPool-1-worker-1] INFO  server.GrpcServicesImpl (ConfUtils.java:logGet(62)) - raft.grpc.message.size.max = 34603008 (custom)
2025-10-10 10:40:24,699 [ForkJoinPool-1-worker-1] INFO  server.GrpcServicesImpl (ConfUtils.java:logGet(62)) - raft.grpc.flow.control.window = 5MB (=5242880) (custom)
2025-10-10 10:40:24,699 [ForkJoinPool-1-worker-1] INFO  server.RaftServerConfigKeys (ConfUtils.java:logGet(62)) - raft.server.log.appender.buffer.byte-limit = 33554432 (custom)
2025-10-10 10:40:24,701 [ForkJoinPool-1-worker-1] INFO  netty.NettyUtils (NettyUtils.java:newEventLoopGroup(74)) - Create EpollEventLoopGroup for 895d447a-5476-42e4-b2fa-6eb687701d46-NettyServerStreamRpc-bossGroup; Thread size is 0.
2025-10-10 10:40:24,701 [ForkJoinPool-1-worker-1] INFO  netty.NettyUtils (NettyUtils.java:newEventLoopGroup(74)) - Create EpollEventLoopGroup for 895d447a-5476-42e4-b2fa-6eb687701d46-NettyServerStreamRpc-workerGroup; Thread size is 0.
2025-10-10 10:40:24,701 [ForkJoinPool-1-worker-1] INFO  netty.NettyConfigKeys$DataStream (ConfUtils.java:logGet(62)) - raft.netty.dataStream.port = 15080 (custom)
2025-10-10 10:40:24,702 [ForkJoinPool-1-worker-1] INFO  server.RaftServerConfigKeys (ConfUtils.java:logGet(62)) - raft.server.storage.dir = [/home/runner/work/ozone/ozone/hadoop-ozone/integration-test/target/test-dir/MiniOzoneClusterImpl-611c99c7-d47b-4433-a4ef-cd0a35b076ef/ozone-metadata/datanode-9/ratis] (custom)
2025-10-10 10:40:24,702 [895d447a-5476-42e4-b2fa-6eb687701d46-NettyServerStreamRpc-bossGroup--thread1] INFO  logging.LoggingHandler (AbstractInternalLogger.java:log(148)) - [id: 0xd4d0f751] REGISTERED
2025-10-10 10:40:24,702 [895d447a-5476-42e4-b2fa-6eb687701d46-NettyServerStreamRpc-bossGroup--thread1] INFO  logging.LoggingHandler (AbstractInternalLogger.java:log(148)) - [id: 0xd4d0f751] BIND: 0.0.0.0/0.0.0.0:15080
2025-10-10 10:40:24,702 [895d447a-5476-42e4-b2fa-6eb687701d46-NettyServerStreamRpc-bossGroup--thread1] INFO  logging.LoggingHandler (AbstractInternalLogger.java:log(148)) - [id: 0xd4d0f751, L:/0.0.0.0:15080] ACTIVE
2025-10-10 10:40:24,702 [895d447a-5476-42e4-b2fa-6eb687701d46-impl-thread1] INFO  server.RaftServer (RaftServerProxy.java:initGroupDir(270)) - 895d447a-5476-42e4-b2fa-6eb687701d46: found a subdirectory /home/runner/work/ozone/ozone/hadoop-ozone/integration-test/target/test-dir/MiniOzoneClusterImpl-611c99c7-d47b-4433-a4ef-cd0a35b076ef/ozone-metadata/datanode-9/ratis/e51e4850-930a-48f3-bb77-813c05265458
2025-10-10 10:40:24,703 [895d447a-5476-42e4-b2fa-6eb687701d46-impl-thread1] INFO  server.RaftServer (RaftServerProxy.java:addNew(105)) - 895d447a-5476-42e4-b2fa-6eb687701d46: addNew group-813C05265458:[] returns group-813C05265458:java.util.concurrent.CompletableFuture@389d92fd[Not completed]
2025-10-10 10:40:24,703 [895d447a-5476-42e4-b2fa-6eb687701d46-impl-thread1] INFO  server.RaftServer (RaftServerProxy.java:initGroupDir(270)) - 895d447a-5476-42e4-b2fa-6eb687701d46: found a subdirectory /home/runner/work/ozone/ozone/hadoop-ozone/integration-test/target/test-dir/MiniOzoneClusterImpl-611c99c7-d47b-4433-a4ef-cd0a35b076ef/ozone-metadata/datanode-9/ratis/tmp
2025-10-10 10:40:24,703 [895d447a-5476-42e4-b2fa-6eb687701d46-impl-thread1] INFO  server.RaftServer (RaftServerProxy.java:initGroupDir(275)) - 895d447a-5476-42e4-b2fa-6eb687701d46: The directory /home/runner/work/ozone/ozone/hadoop-ozone/integration-test/target/test-dir/MiniOzoneClusterImpl-611c99c7-d47b-4433-a4ef-cd0a35b076ef/ozone-metadata/datanode-9/ratis/tmp is not a group directory; ignoring it. 
2025-10-10 10:40:24,703 [895d447a-5476-42e4-b2fa-6eb687701d46-impl-thread1] INFO  server.RaftServer (RaftServerProxy.java:initGroupDir(270)) - 895d447a-5476-42e4-b2fa-6eb687701d46: found a subdirectory /home/runner/work/ozone/ozone/hadoop-ozone/integration-test/target/test-dir/MiniOzoneClusterImpl-611c99c7-d47b-4433-a4ef-cd0a35b076ef/ozone-metadata/datanode-9/ratis/56f6ef43-c50c-4d35-89b5-6ef60cb14872
2025-10-10 10:40:24,703 [895d447a-5476-42e4-b2fa-6eb687701d46-impl-thread1] INFO  server.RaftServer (RaftServerProxy.java:addNew(105)) - 895d447a-5476-42e4-b2fa-6eb687701d46: addNew group-6EF60CB14872:[] returns group-6EF60CB14872:java.util.concurrent.CompletableFuture@74f4180c[Not completed]
2025-10-10 10:40:24,703 [895d447a-5476-42e4-b2fa-6eb687701d46-impl-thread1] INFO  server.RaftServer (RaftServerProxy.java:initGroupDir(270)) - 895d447a-5476-42e4-b2fa-6eb687701d46: found a subdirectory /home/runner/work/ozone/ozone/hadoop-ozone/integration-test/target/test-dir/MiniOzoneClusterImpl-611c99c7-d47b-4433-a4ef-cd0a35b076ef/ozone-metadata/datanode-9/ratis/1890b19a-2da7-4d82-9892-263a5124e6e8
2025-10-10 10:40:24,703 [895d447a-5476-42e4-b2fa-6eb687701d46-impl-thread1] INFO  server.RaftServer (RaftServerProxy.java:addNew(105)) - 895d447a-5476-42e4-b2fa-6eb687701d46: addNew group-263A5124E6E8:[] returns group-263A5124E6E8:java.util.concurrent.CompletableFuture@96fc8fc[Not completed]
2025-10-10 10:40:24,703 [ForkJoinPool-1-worker-1] INFO  replication.ReplicationServer (ReplicationServer.java:<init>(84)) - Initializing replication server with thread count = 10 queue length = 4096
2025-10-10 10:40:24,704 [895d447a-5476-42e4-b2fa-6eb687701d46-groupManagement] INFO  server.RaftServer$Division (RaftServerImpl.java:<init>(268)) - 895d447a-5476-42e4-b2fa-6eb687701d46: new RaftServerImpl for group-813C05265458:[] with ContainerStateMachine:uninitialized
2025-10-10 10:40:24,704 [ForkJoinPool-1-worker-1] INFO  server.XceiverServerGrpc (XceiverServerGrpc.java:<init>(129)) - GrpcServer channel type EpollServerSocketChannel
2025-10-10 10:40:24,704 [895d447a-5476-42e4-b2fa-6eb687701d46-groupManagement] INFO  server.RaftServer$Division (ServerState.java:<init>(114)) - 895d447a-5476-42e4-b2fa-6eb687701d46@group-813C05265458: ConfigurationManager, init=conf: {index: -1, cur=peers:[]|listeners:[], old=null}, confs=<EMPTY_MAP>
2025-10-10 10:40:24,705 [ForkJoinPool-1-worker-1] INFO  replication.ReplicationSupervisor (ReplicationSupervisor.java:build(169)) - Initializing replication supervisor with thread count = 10
2025-10-10 10:40:24,706 [ForkJoinPool-1-worker-1] INFO  replication.ReplicationSupervisor (ReplicationSupervisor.java:nodeStateUpdated(358)) - Node state updated to IN_SERVICE, scaling executor pool size to 10
2025-10-10 10:40:24,707 [ForkJoinPool-1-worker-1] INFO  http.BaseHttpServer (BaseHttpServer.java:newHttpServer2BuilderForOzone(227)) - Starting Web-server for hddsDatanode at: http://0.0.0.0:15074
2025-10-10 10:40:24,708 [ForkJoinPool-1-worker-1] INFO  http.BaseHttpServer (BaseHttpServer.java:<init>(105)) - Hadoop Security Enabled: false Ozone Security Enabled: false Ozone HTTP Security Enabled: false 
2025-10-10 10:40:24,709 [ForkJoinPool-1-worker-1] WARN  server.AuthenticationFilter (AuthenticationFilter.java:constructSecretProvider(240)) - Unable to initialize FileSignerSecretProvider, falling back to use random secrets. Reason: Could not read signature secret file: /home/runner/hadoop-http-auth-signature-secret
2025-10-10 10:40:24,709 [895d447a-5476-42e4-b2fa-6eb687701d46-groupManagement] INFO  server.RaftServer$Division (RaftServerImpl.java:<init>(268)) - 895d447a-5476-42e4-b2fa-6eb687701d46: new RaftServerImpl for group-6EF60CB14872:[] with ContainerStateMachine:uninitialized
2025-10-10 10:40:24,709 [895d447a-5476-42e4-b2fa-6eb687701d46-groupManagement] INFO  server.RaftServer$Division (ServerState.java:<init>(114)) - 895d447a-5476-42e4-b2fa-6eb687701d46@group-6EF60CB14872: ConfigurationManager, init=conf: {index: -1, cur=peers:[]|listeners:[], old=null}, confs=<EMPTY_MAP>
2025-10-10 10:40:24,711 [ForkJoinPool-1-worker-1] INFO  http.HttpServer2 (HttpServer2.java:addGlobalFilter(1040)) - Added global filter 'safety' (class=org.apache.hadoop.hdds.server.http.HttpServer2$QuotingInputFilter)
2025-10-10 10:40:24,712 [ForkJoinPool-1-worker-1] INFO  http.HttpServer2 (HttpServer2.java:addFilter(1016)) - Added filter static_user_filter (class=org.apache.hadoop.http.lib.StaticUserWebFilter$StaticUserFilter) to context hddsDatanode
2025-10-10 10:40:24,712 [ForkJoinPool-1-worker-1] INFO  http.HttpServer2 (HttpServer2.java:addFilter(1024)) - Added filter static_user_filter (class=org.apache.hadoop.http.lib.StaticUserWebFilter$StaticUserFilter) to context static
2025-10-10 10:40:24,712 [ForkJoinPool-1-worker-1] INFO  http.HttpServer2 (HttpServer2.java:addFilter(1024)) - Added filter static_user_filter (class=org.apache.hadoop.http.lib.StaticUserWebFilter$StaticUserFilter) to context logs
2025-10-10 10:40:24,713 [ForkJoinPool-1-worker-1] INFO  http.BaseHttpServer (BaseHttpServer.java:<init>(193)) - HTTP server of hddsDatanode uses base directory /home/runner/work/ozone/ozone/hadoop-ozone/integration-test/target/test-dir/MiniOzoneClusterImpl-611c99c7-d47b-4433-a4ef-cd0a35b076ef/scm/ozone-metadata/webserver
2025-10-10 10:40:24,713 [895d447a-5476-42e4-b2fa-6eb687701d46-groupManagement] INFO  server.RaftServer$Division (RaftServerImpl.java:<init>(268)) - 895d447a-5476-42e4-b2fa-6eb687701d46: new RaftServerImpl for group-263A5124E6E8:[] with ContainerStateMachine:uninitialized
2025-10-10 10:40:24,713 [ForkJoinPool-1-worker-1] INFO  http.HttpServer2 (HttpServer2.java:bindListener(1240)) - Jetty bound to port 15074
2025-10-10 10:40:24,713 [895d447a-5476-42e4-b2fa-6eb687701d46-groupManagement] INFO  server.RaftServer$Division (ServerState.java:<init>(114)) - 895d447a-5476-42e4-b2fa-6eb687701d46@group-263A5124E6E8: ConfigurationManager, init=conf: {index: -1, cur=peers:[]|listeners:[], old=null}, confs=<EMPTY_MAP>
2025-10-10 10:40:24,713 [ForkJoinPool-1-worker-1] INFO  server.Server (Server.java:doStart(375)) - jetty-9.4.58.v20250814; built: 2025-08-14T02:28:49.637Z; git: 8f1440587e9e4ae7db3d74cf205643f3d707148d; jvm 21.0.8+9-LTS
2025-10-10 10:40:24,715 [ForkJoinPool-1-worker-1] INFO  server.session (DefaultSessionIdManager.java:doStart(334)) - DefaultSessionIdManager workerName=node0
2025-10-10 10:40:24,715 [ForkJoinPool-1-worker-1] INFO  server.session (DefaultSessionIdManager.java:doStart(339)) - No SessionScavenger set, using defaults
2025-10-10 10:40:24,715 [ForkJoinPool-1-worker-1] INFO  server.session (HouseKeeper.java:startScavenging(132)) - node0 Scavenging every 600000ms
2025-10-10 10:40:24,716 [ForkJoinPool-1-worker-1] INFO  handler.ContextHandler (ContextHandler.java:doStart(921)) - Started o.e.j.s.ServletContextHandler@1089e9df{logs,/logs,file:///home/runner/work/ozone/ozone/hadoop-ozone/integration-test/target/log,AVAILABLE}
2025-10-10 10:40:24,717 [ForkJoinPool-1-worker-1] INFO  handler.ContextHandler (ContextHandler.java:doStart(921)) - Started o.e.j.s.ServletContextHandler@1be0e500{static,/static,jar:file:/home/runner/work/ozone/ozone/hadoop-hdds/container-service/target/hdds-container-service-2.1.0-SNAPSHOT.jar!/webapps/static,AVAILABLE}
2025-10-10 10:40:24,859 [ForkJoinPool-1-worker-1] INFO  handler.ContextHandler (ContextHandler.java:doStart(921)) - Started o.e.j.w.WebAppContext@7116552a{hddsDatanode,/,file:///home/runner/work/ozone/ozone/hadoop-ozone/integration-test/target/test-dir/MiniOzoneClusterImpl-611c99c7-d47b-4433-a4ef-cd0a35b076ef/scm/ozone-metadata/webserver/jetty-0_0_0_0-15074-hdds-container-service-2_1_0-SNAPSHOT_jar-_-any-444517984885072193/webapp/,AVAILABLE}{jar:file:/home/runner/work/ozone/ozone/hadoop-hdds/container-service/target/hdds-container-service-2.1.0-SNAPSHOT.jar!/webapps/hddsDatanode}
2025-10-10 10:40:24,860 [ForkJoinPool-1-worker-1] INFO  server.AbstractConnector (AbstractConnector.java:doStart(333)) - Started ServerConnector@1c1d04c0{HTTP/1.1, (http/1.1)}{0.0.0.0:15074}
2025-10-10 10:40:24,860 [ForkJoinPool-1-worker-1] INFO  server.Server (Server.java:doStart(415)) - Started @173548ms
2025-10-10 10:40:24,860 [ForkJoinPool-1-worker-1] WARN  impl.MetricsSystemImpl (MetricsSystemImpl.java:register(279)) - Sink prometheus already exists!
2025-10-10 10:40:24,860 [ForkJoinPool-1-worker-1] INFO  http.BaseHttpServer (BaseHttpServer.java:updateConnectorAddress(357)) - HTTP server of hddsDatanode listening at http://localhost:15074
2025-10-10 10:40:24,861 [ForkJoinPool-1-worker-1] INFO  ipc.CallQueueManager (CallQueueManager.java:<init>(93)) - Using callQueue: class java.util.concurrent.LinkedBlockingQueue, queueCapacity: 1000, scheduler: class org.apache.hadoop.ipc.DefaultRpcScheduler, ipcBackoff: false, ipcFailOver: false.
2025-10-10 10:40:24,861 [ForkJoinPool-1-worker-1] INFO  ipc.Server (Server.java:<init>(1438)) - Listener at 0.0.0.0:15075
2025-10-10 10:40:24,862 [Socket Reader #1 for port 15075] INFO  ipc.Server (Server.java:run(1474)) - Starting Socket Reader #1 for port 15075
2025-10-10 10:40:24,862 [Socket Reader #2 for port 15075] INFO  ipc.Server (Server.java:run(1474)) - Starting Socket Reader #2 for port 15075
2025-10-10 10:40:24,862 [Socket Reader #3 for port 15075] INFO  ipc.Server (Server.java:run(1474)) - Starting Socket Reader #3 for port 15075
2025-10-10 10:40:24,862 [Socket Reader #4 for port 15075] INFO  ipc.Server (Server.java:run(1474)) - Starting Socket Reader #4 for port 15075
2025-10-10 10:40:24,863 [Socket Reader #5 for port 15075] INFO  ipc.Server (Server.java:run(1474)) - Starting Socket Reader #5 for port 15075
2025-10-10 10:40:24,863 [Socket Reader #6 for port 15075] INFO  ipc.Server (Server.java:run(1474)) - Starting Socket Reader #6 for port 15075
2025-10-10 10:40:24,863 [Socket Reader #7 for port 15075] INFO  ipc.Server (Server.java:run(1474)) - Starting Socket Reader #7 for port 15075
2025-10-10 10:40:24,864 [Socket Reader #8 for port 15075] INFO  ipc.Server (Server.java:run(1474)) - Starting Socket Reader #8 for port 15075
2025-10-10 10:40:24,864 [Socket Reader #9 for port 15075] INFO  ipc.Server (Server.java:run(1474)) - Starting Socket Reader #9 for port 15075
2025-10-10 10:40:24,864 [Socket Reader #10 for port 15075] INFO  ipc.Server (Server.java:run(1474)) - Starting Socket Reader #10 for port 15075
2025-10-10 10:40:24,865 [ForkJoinPool-1-worker-1] INFO  ozone.HddsDatanodeService (HddsDatanodeService.java:start(333)) - Datanode start with admins: [admin, runner]
2025-10-10 10:40:24,865 [ForkJoinPool-1-worker-1] INFO  ozone.HddsDatanodeClientProtocolServer (HddsDatanodeClientProtocolServer.java:start(76)) - RPC server for Client /0.0.0.0:15075
2025-10-10 10:40:24,866 [IPC Server Responder] INFO  ipc.Server (Server.java:run(1713)) - IPC Server Responder: starting
2025-10-10 10:40:24,866 [IPC Server listener on 15075] INFO  ipc.Server (Server.java:run(1553)) - IPC Server listener on 15075: starting
2025-10-10 10:40:24,868 [ForkJoinPool-1-worker-1] INFO  ozone.MiniOzoneClusterImpl (MiniOzoneClusterImpl.java:lambda$waitForClusterToBeReady$0(181)) - Nodes are ready. Got 10 of 10 DN Heartbeats.
2025-10-10 10:40:24,868 [ForkJoinPool-1-worker-1] INFO  ozone.MiniOzoneClusterImpl (MiniOzoneClusterImpl.java:lambda$waitForClusterToBeReady$0(184)) - Cluster exits safe mode
2025-10-10 10:40:24,868 [ForkJoinPool-1-worker-1] INFO  ozone.MiniOzoneClusterImpl (MiniOzoneClusterImpl.java:lambda$waitForClusterToBeReady$0(186)) - SCM became leader
2025-10-10 10:40:24,870 [895d447a-5476-42e4-b2fa-6eb687701d46-DatanodeStateMachineDaemonThread] INFO  statemachine.DatanodeStateMachine (DatanodeStateMachine.java:startStateMachineThread(363)) - Ozone container server started.
2025-10-10 10:40:24,876 [895d447a-5476-42e4-b2fa-6eb687701d46-DatanodeStateMachineTaskThread-0] INFO  datanode.InitDatanodeState (InitDatanodeState.java:persistContainerDatanodeDetails(139)) - DatanodeDetails is persisted to /home/runner/work/ozone/ozone/hadoop-ozone/integration-test/target/test-dir/MiniOzoneClusterImpl-611c99c7-d47b-4433-a4ef-cd0a35b076ef/ozone-metadata/datanode-9/ozone-metadata/datanode.id
2025-10-10 10:40:24,934 [ForkJoinPool-1-worker-1] INFO  ozoneimpl.OzoneContainer (OzoneContainer.java:stop(549)) - Attempting to stop container services.
2025-10-10 10:40:24,935 [ContainerMetadataScanner] WARN  ozoneimpl.AbstractBackgroundContainerScanner (AbstractBackgroundContainerScanner.java:handleRemainingSleep(136)) - Background container scan was interrupted.
2025-10-10 10:40:24,935 [ContainerMetadataScanner] INFO  ozoneimpl.AbstractBackgroundContainerScanner (AbstractBackgroundContainerScanner.java:run(63)) - org.apache.hadoop.ozone.container.ozoneimpl.BackgroundContainerMetadataScanner@44c64940 exiting.
2025-10-10 10:40:24,935 [ForkJoinPool-1-worker-1] INFO  ozoneimpl.BackgroundContainerDataScanner (BackgroundContainerDataScanner.java:shutdown(87)) - ContainerDataScanner(/home/runner/work/ozone/ozone/hadoop-ozone/integration-test/target/test-dir/MiniOzoneClusterImpl-611c99c7-d47b-4433-a4ef-cd0a35b076ef/ozone-metadata/datanode-4/data-0/hdds) is shutting down. 
2025-10-10 10:40:24,935 [ContainerDataScanner(/home/runner/work/ozone/ozone/hadoop-ozone/integration-test/target/test-dir/MiniOzoneClusterImpl-611c99c7-d47b-4433-a4ef-cd0a35b076ef/ozone-metadata/datanode-4/data-0/hdds)] WARN  ozoneimpl.AbstractBackgroundContainerScanner (AbstractBackgroundContainerScanner.java:handleRemainingSleep(136)) - Background container scan was interrupted.
2025-10-10 10:40:24,935 [ContainerDataScanner(/home/runner/work/ozone/ozone/hadoop-ozone/integration-test/target/test-dir/MiniOzoneClusterImpl-611c99c7-d47b-4433-a4ef-cd0a35b076ef/ozone-metadata/datanode-4/data-0/hdds)] INFO  ozoneimpl.AbstractBackgroundContainerScanner (AbstractBackgroundContainerScanner.java:run(63)) - ContainerDataScanner(/home/runner/work/ozone/ozone/hadoop-ozone/integration-test/target/test-dir/MiniOzoneClusterImpl-611c99c7-d47b-4433-a4ef-cd0a35b076ef/ozone-metadata/datanode-4/data-0/hdds, DS-d0f0d2dd-b347-4b79-bac2-49cc0e8748a5) exiting.
2025-10-10 10:40:24,935 [ForkJoinPool-1-worker-1] INFO  ozoneimpl.OnDemandContainerScanner (OnDemandContainerScanner.java:shutdown(141)) - On-demand container scanner is shutting down.
2025-10-10 10:40:24,936 [ForkJoinPool-1-worker-1] INFO  ratis.XceiverServerRatis (XceiverServerRatis.java:stop(594)) - Closing XceiverServerRatis(ad892cb1-3002-4758-a303-de6f39da4dbc)
2025-10-10 10:40:24,936 [ForkJoinPool-1-worker-1] INFO  server.RaftServer (RaftServerProxy.java:lambda$close$9(422)) - ad892cb1-3002-4758-a303-de6f39da4dbc: close
2025-10-10 10:40:24,936 [ad892cb1-3002-4758-a303-de6f39da4dbc-impl-thread2] INFO  server.RaftServer$Division (RaftServerImpl.java:lambda$close$1(527)) - ad892cb1-3002-4758-a303-de6f39da4dbc@group-7FE9BF83969B: shutdown
2025-10-10 10:40:24,937 [ad892cb1-3002-4758-a303-de6f39da4dbc-impl-thread2] INFO  util.JmxRegister (JmxRegister.java:unregister(74)) - Successfully un-registered JMX Bean with object name Ratis:service=RaftServer,group=group-7FE9BF83969B,id=ad892cb1-3002-4758-a303-de6f39da4dbc
2025-10-10 10:40:24,937 [ad892cb1-3002-4758-a303-de6f39da4dbc-impl-thread2] INFO  impl.RoleInfo (RoleInfo.java:shutdownFollowerState(121)) - ad892cb1-3002-4758-a303-de6f39da4dbc: shutdown ad892cb1-3002-4758-a303-de6f39da4dbc@group-7FE9BF83969B-FollowerState
2025-10-10 10:40:24,937 [ad892cb1-3002-4758-a303-de6f39da4dbc-impl-thread4] INFO  server.RaftServer$Division (RaftServerImpl.java:lambda$close$1(527)) - ad892cb1-3002-4758-a303-de6f39da4dbc@group-4E13145AFCA4: shutdown
2025-10-10 10:40:24,937 [ad892cb1-3002-4758-a303-de6f39da4dbc-impl-thread2] INFO  impl.StateMachineUpdater (StateMachineUpdater.java:stopAndJoin(163)) - ad892cb1-3002-4758-a303-de6f39da4dbc@group-7FE9BF83969B-StateMachineUpdater: set stopIndex = 12
2025-10-10 10:40:24,937 [ad892cb1-3002-4758-a303-de6f39da4dbc@group-7FE9BF83969B-FollowerState] INFO  impl.FollowerState (FollowerState.java:runImpl(170)) - ad892cb1-3002-4758-a303-de6f39da4dbc@group-7FE9BF83969B-FollowerState was interrupted
2025-10-10 10:40:24,937 [ad892cb1-3002-4758-a303-de6f39da4dbc-impl-thread3] INFO  server.RaftServer$Division (RaftServerImpl.java:lambda$close$1(527)) - ad892cb1-3002-4758-a303-de6f39da4dbc@group-F0BEA0DF345E: shutdown
2025-10-10 10:40:24,937 [ad892cb1-3002-4758-a303-de6f39da4dbc-impl-thread3] INFO  util.JmxRegister (JmxRegister.java:unregister(74)) - Successfully un-registered JMX Bean with object name Ratis:service=RaftServer,group=group-F0BEA0DF345E,id=ad892cb1-3002-4758-a303-de6f39da4dbc
2025-10-10 10:40:24,937 [ad892cb1-3002-4758-a303-de6f39da4dbc-impl-thread3] INFO  impl.RoleInfo (RoleInfo.java:shutdownLeaderState(103)) - ad892cb1-3002-4758-a303-de6f39da4dbc: shutdown ad892cb1-3002-4758-a303-de6f39da4dbc@group-F0BEA0DF345E-LeaderStateImpl
2025-10-10 10:40:24,937 [ad892cb1-3002-4758-a303-de6f39da4dbc-impl-thread3] INFO  impl.PendingRequests (PendingRequests.java:sendNotLeaderResponses(287)) - ad892cb1-3002-4758-a303-de6f39da4dbc@group-F0BEA0DF345E-PendingRequests: sendNotLeaderResponses
2025-10-10 10:40:24,937 [ad892cb1-3002-4758-a303-de6f39da4dbc-impl-thread4] INFO  util.JmxRegister (JmxRegister.java:unregister(74)) - Successfully un-registered JMX Bean with object name Ratis:service=RaftServer,group=group-4E13145AFCA4,id=ad892cb1-3002-4758-a303-de6f39da4dbc
2025-10-10 10:40:24,938 [ad892cb1-3002-4758-a303-de6f39da4dbc-impl-thread4] INFO  impl.RoleInfo (RoleInfo.java:shutdownLeaderState(103)) - ad892cb1-3002-4758-a303-de6f39da4dbc: shutdown ad892cb1-3002-4758-a303-de6f39da4dbc@group-4E13145AFCA4-LeaderStateImpl
2025-10-10 10:40:24,938 [ad892cb1-3002-4758-a303-de6f39da4dbc@group-7FE9BF83969B-StateMachineUpdater] INFO  ratis.ContainerStateMachine (ContainerStateMachine.java:takeSnapshot(427)) - group-7FE9BF83969B: Taking a snapshot at:(t:1, i:12) file /home/runner/work/ozone/ozone/hadoop-ozone/integration-test/target/test-dir/MiniOzoneClusterImpl-611c99c7-d47b-4433-a4ef-cd0a35b076ef/ozone-metadata/datanode-4/ratis/905307e5-fe9f-45a7-96e9-7fe9bf83969b/sm/snapshot.1_12
2025-10-10 10:40:24,938 [ad892cb1-3002-4758-a303-de6f39da4dbc@group-4E13145AFCA4->9ab71813-e86f-4276-8581-297fed06961e-GrpcLogAppender-LogAppenderDaemon] WARN  server.GrpcLogAppender (GrpcLogAppender.java:mayWait(300)) - ad892cb1-3002-4758-a303-de6f39da4dbc@group-4E13145AFCA4->9ab71813-e86f-4276-8581-297fed06961e-GrpcLogAppender: Wait interrupted by java.lang.InterruptedException
2025-10-10 10:40:24,938 [ad892cb1-3002-4758-a303-de6f39da4dbc@group-4E13145AFCA4->22d9c8a1-4559-44b0-a4af-9630f79f1f05-GrpcLogAppender-LogAppenderDaemon] WARN  server.GrpcLogAppender (GrpcLogAppender.java:mayWait(300)) - ad892cb1-3002-4758-a303-de6f39da4dbc@group-4E13145AFCA4->22d9c8a1-4559-44b0-a4af-9630f79f1f05-GrpcLogAppender: Wait interrupted by java.lang.InterruptedException
2025-10-10 10:40:24,938 [ad892cb1-3002-4758-a303-de6f39da4dbc-impl-thread4] INFO  impl.PendingRequests (PendingRequests.java:sendNotLeaderResponses(287)) - ad892cb1-3002-4758-a303-de6f39da4dbc@group-4E13145AFCA4-PendingRequests: sendNotLeaderResponses
2025-10-10 10:40:24,937 [ForkJoinPool-1-worker-1] INFO  server.GrpcServicesImpl (GrpcServicesImpl.java:closeImpl(355)) - ad892cb1-3002-4758-a303-de6f39da4dbc: shutdown server org.apache.ratis.grpc.server.GrpcClientProtocolService now
2025-10-10 10:40:24,938 [grpc-default-executor-3] INFO  server.GrpcServerProtocolService (GrpcServerProtocolService.java:lambda$onCompleted$6(171)) - 22d9c8a1-4559-44b0-a4af-9630f79f1f05: Completed APPEND_ENTRIES, lastRequest: null 
2025-10-10 10:40:24,939 [ad892cb1-3002-4758-a303-de6f39da4dbc@group-7FE9BF83969B-StateMachineUpdater] INFO  ratis.ContainerStateMachine (ContainerStateMachine.java:takeSnapshot(436)) - group-7FE9BF83969B: Finished taking a snapshot at:(t:1, i:12) file:/home/runner/work/ozone/ozone/hadoop-ozone/integration-test/target/test-dir/MiniOzoneClusterImpl-611c99c7-d47b-4433-a4ef-cd0a35b076ef/ozone-metadata/datanode-4/ratis/905307e5-fe9f-45a7-96e9-7fe9bf83969b/sm/snapshot.1_12 took: 2 ms
2025-10-10 10:40:24,939 [ad892cb1-3002-4758-a303-de6f39da4dbc@group-7FE9BF83969B-StateMachineUpdater] INFO  impl.StateMachineUpdater (StateMachineUpdater.java:takeSnapshot(307)) - ad892cb1-3002-4758-a303-de6f39da4dbc@group-7FE9BF83969B-StateMachineUpdater: Took a snapshot at index 12
2025-10-10 10:40:24,939 [ad892cb1-3002-4758-a303-de6f39da4dbc@group-7FE9BF83969B-StateMachineUpdater] INFO  impl.StateMachineUpdater (StateMachineUpdater.java:lambda$new$0(101)) - ad892cb1-3002-4758-a303-de6f39da4dbc@group-7FE9BF83969B-StateMachineUpdater: snapshotIndex: updateIncreasingly -1 -> 12
2025-10-10 10:40:24,939 [grpc-default-executor-3] INFO  server.GrpcServerProtocolService (GrpcServerProtocolService.java:lambda$null$7(175)) - 22d9c8a1-4559-44b0-a4af-9630f79f1f05: Completed APPEND_ENTRIES, lastReply: serverReply {
  requestorId: "ad892cb1-3002-4758-a303-de6f39da4dbc"
  replyId: "22d9c8a1-4559-44b0-a4af-9630f79f1f05"
  raftGroupId {
    id: "dj\024\356k^Fu\273NN\023\024Z\374\244"
  }
  callId: 314
  success: true
}
term: 1
nextIndex: 1
matchIndex: 18446744073709551615
isHearbeat: true
 
2025-10-10 10:40:24,939 [ad892cb1-3002-4758-a303-de6f39da4dbc@group-7FE9BF83969B-StateMachineUpdater] INFO  impl.StateMachineUpdater (StateMachineUpdater.java:stop(140)) - ad892cb1-3002-4758-a303-de6f39da4dbc@group-7FE9BF83969B-StateMachineUpdater: closing ContainerStateMachine, lastApplied=(t:1, i:12)
2025-10-10 10:40:24,940 [grpc-default-executor-1] INFO  server.GrpcServerProtocolService (GrpcServerProtocolService.java:lambda$onCompleted$6(171)) - 9ab71813-e86f-4276-8581-297fed06961e: Completed APPEND_ENTRIES, lastRequest: ad892cb1-3002-4758-a303-de6f39da4dbc->9ab71813-e86f-4276-8581-297fed06961e#1-t1,previous=<PROTO_DEFAULT>,leaderCommit=-1,initializing? false,entries: size=1, first=(t:1, i:0), CONFIGURATIONENTRY(current:id:"9ab71813-e86f-4276-8581-297fed06961e"address:"127.0.0.1:15047"dataStreamAddress:"127.0.0.1:15048"clientAddress:"127.0.0.1:15045"adminAddress:"127.0.0.1:15046"startupRole:FOLLOWER, id:"ad892cb1-3002-4758-a303-de6f39da4dbc"address:"127.0.0.1:15039"priority:1dataStreamAddress:"127.0.0.1:15040"clientAddress:"127.0.0.1:15037"adminAddress:"127.0.0.1:15038"startupRole:FOLLOWER, id:"22d9c8a1-4559-44b0-a4af-9630f79f1f05"address:"127.0.0.1:15055"dataStreamAddress:"127.0.0.1:15056"clientAddress:"127.0.0.1:15053"adminAddress:"127.0.0.1:15054"startupRole:FOLLOWER, old:) 
2025-10-10 10:40:24,940 [grpc-default-executor-1] INFO  server.GrpcServerProtocolService (GrpcServerProtocolService.java:lambda$null$7(175)) - 9ab71813-e86f-4276-8581-297fed06961e: Completed APPEND_ENTRIES, lastReply: null 
2025-10-10 10:40:24,940 [grpc-default-executor-7] INFO  server.GrpcLogAppender (GrpcLogAppender.java:onCompleted(558)) - ad892cb1-3002-4758-a303-de6f39da4dbc@group-4E13145AFCA4->22d9c8a1-4559-44b0-a4af-9630f79f1f05-AppendLogResponseHandler: follower responses appendEntries COMPLETED
2025-10-10 10:40:24,941 [grpc-default-executor-3] INFO  server.GrpcLogAppender (GrpcLogAppender.java:onCompleted(558)) - ad892cb1-3002-4758-a303-de6f39da4dbc@group-4E13145AFCA4->22d9c8a1-4559-44b0-a4af-9630f79f1f05-AppendLogResponseHandler: follower responses appendEntries COMPLETED
2025-10-10 10:40:24,940 [Thread-2639] INFO  server.GrpcServerProtocolClient (GrpcServerProtocolClient.java:close(105)) - 9ab71813-e86f-4276-8581-297fed06961e Close channels
2025-10-10 10:40:24,940 [grpc-default-executor-8] INFO  server.GrpcLogAppender (GrpcLogAppender.java:onCompleted(558)) - ad892cb1-3002-4758-a303-de6f39da4dbc@group-4E13145AFCA4->9ab71813-e86f-4276-8581-297fed06961e-AppendLogResponseHandler: follower responses appendEntries COMPLETED
2025-10-10 10:40:24,941 [grpc-default-executor-8] WARN  server.GrpcLogAppender (GrpcLogAppender.java:resetClient(237)) - ad892cb1-3002-4758-a303-de6f39da4dbc@group-4E13145AFCA4->9ab71813-e86f-4276-8581-297fed06961e-GrpcLogAppender: Failed to getClient for 9ab71813-e86f-4276-8581-297fed06961e
org.apache.ratis.protocol.exceptions.AlreadyClosedException: ad892cb1-3002-4758-a303-de6f39da4dbc is already CLOSED
	at org.apache.ratis.util.PeerProxyMap$PeerAndProxy.getProxy(PeerProxyMap.java:67)
	at org.apache.ratis.util.PeerProxyMap.getProxy(PeerProxyMap.java:124)
	at org.apache.ratis.grpc.server.GrpcLogAppender.getClient(GrpcLogAppender.java:207)
	at org.apache.ratis.grpc.server.GrpcLogAppender.resetClient(GrpcLogAppender.java:212)
	at org.apache.ratis.grpc.server.GrpcLogAppender.access$800(GrpcLogAppender.java:70)
	at org.apache.ratis.grpc.server.GrpcLogAppender$AppendLogResponseHandler.onCompleted(GrpcLogAppender.java:559)
	at org.apache.ratis.thirdparty.io.grpc.stub.ClientCalls$StreamObserverToCallListenerAdapter.onClose(ClientCalls.java:562)
	at org.apache.ratis.thirdparty.io.grpc.internal.ClientCallImpl.closeObserver(ClientCallImpl.java:565)
	at org.apache.ratis.thirdparty.io.grpc.internal.ClientCallImpl.access$100(ClientCallImpl.java:72)
	at org.apache.ratis.thirdparty.io.grpc.internal.ClientCallImpl$ClientStreamListenerImpl$1StreamClosed.runInternal(ClientCallImpl.java:733)
	at org.apache.ratis.thirdparty.io.grpc.internal.ClientCallImpl$ClientStreamListenerImpl$1StreamClosed.runInContext(ClientCallImpl.java:714)
	at org.apache.ratis.thirdparty.io.grpc.internal.ContextRunnable.run(ContextRunnable.java:37)
	at org.apache.ratis.thirdparty.io.grpc.internal.SerializingExecutor.run(SerializingExecutor.java:133)
	at java.base/java.util.concurrent.ThreadPoolExecutor.runWorker(ThreadPoolExecutor.java:1144)
	at java.base/java.util.concurrent.ThreadPoolExecutor$Worker.run(ThreadPoolExecutor.java:642)
	at java.base/java.lang.Thread.run(Thread.java:1583)
2025-10-10 10:40:24,941 [grpc-default-executor-1] INFO  server.GrpcLogAppender (GrpcLogAppender.java:onCompleted(558)) - ad892cb1-3002-4758-a303-de6f39da4dbc@group-4E13145AFCA4->9ab71813-e86f-4276-8581-297fed06961e-AppendLogResponseHandler: follower responses appendEntries COMPLETED
2025-10-10 10:40:24,941 [grpc-default-executor-1] WARN  server.GrpcLogAppender (GrpcLogAppender.java:resetClient(237)) - ad892cb1-3002-4758-a303-de6f39da4dbc@group-4E13145AFCA4->9ab71813-e86f-4276-8581-297fed06961e-GrpcLogAppender: Failed to getClient for 9ab71813-e86f-4276-8581-297fed06961e
org.apache.ratis.protocol.exceptions.AlreadyClosedException: ad892cb1-3002-4758-a303-de6f39da4dbc is already CLOSED
	at org.apache.ratis.util.PeerProxyMap$PeerAndProxy.getProxy(PeerProxyMap.java:67)
	at org.apache.ratis.util.PeerProxyMap.getProxy(PeerProxyMap.java:124)
	at org.apache.ratis.grpc.server.GrpcLogAppender.getClient(GrpcLogAppender.java:207)
	at org.apache.ratis.grpc.server.GrpcLogAppender.resetClient(GrpcLogAppender.java:212)
	at org.apache.ratis.grpc.server.GrpcLogAppender.access$800(GrpcLogAppender.java:70)
	at org.apache.ratis.grpc.server.GrpcLogAppender$AppendLogResponseHandler.onCompleted(GrpcLogAppender.java:559)
	at org.apache.ratis.thirdparty.io.grpc.stub.ClientCalls$StreamObserverToCallListenerAdapter.onClose(ClientCalls.java:562)
	at org.apache.ratis.thirdparty.io.grpc.internal.DelayedClientCall$DelayedListener$3.run(DelayedClientCall.java:489)
	at org.apache.ratis.thirdparty.io.grpc.internal.DelayedClientCall$DelayedListener.delayOrExecute(DelayedClientCall.java:453)
	at org.apache.ratis.thirdparty.io.grpc.internal.DelayedClientCall$DelayedListener.onClose(DelayedClientCall.java:486)
	at org.apache.ratis.thirdparty.io.grpc.internal.ClientCallImpl.closeObserver(ClientCallImpl.java:565)
	at org.apache.ratis.thirdparty.io.grpc.internal.ClientCallImpl.access$100(ClientCallImpl.java:72)
	at org.apache.ratis.thirdparty.io.grpc.internal.ClientCallImpl$ClientStreamListenerImpl$1StreamClosed.runInternal(ClientCallImpl.java:733)
	at org.apache.ratis.thirdparty.io.grpc.internal.ClientCallImpl$ClientStreamListenerImpl$1StreamClosed.runInContext(ClientCallImpl.java:714)
	at org.apache.ratis.thirdparty.io.grpc.internal.ContextRunnable.run(ContextRunnable.java:37)
	at org.apache.ratis.thirdparty.io.grpc.internal.SerializingExecutor.run(SerializingExecutor.java:133)
	at java.base/java.util.concurrent.ThreadPoolExecutor.runWorker(ThreadPoolExecutor.java:1144)
	at java.base/java.util.concurrent.ThreadPoolExecutor$Worker.run(ThreadPoolExecutor.java:642)
	at java.base/java.lang.Thread.run(Thread.java:1583)
2025-10-10 10:40:24,942 [ad892cb1-3002-4758-a303-de6f39da4dbc-impl-thread3] INFO  impl.StateMachineUpdater (StateMachineUpdater.java:stopAndJoin(163)) - ad892cb1-3002-4758-a303-de6f39da4dbc@group-F0BEA0DF345E-StateMachineUpdater: set stopIndex = 0
2025-10-10 10:40:24,942 [ad892cb1-3002-4758-a303-de6f39da4dbc@group-F0BEA0DF345E-StateMachineUpdater] INFO  ratis.ContainerStateMachine (ContainerStateMachine.java:takeSnapshot(427)) - group-F0BEA0DF345E: Taking a snapshot at:(t:1, i:0) file /home/runner/work/ozone/ozone/hadoop-ozone/integration-test/target/test-dir/MiniOzoneClusterImpl-611c99c7-d47b-4433-a4ef-cd0a35b076ef/ozone-metadata/datanode-4/ratis/e168346d-5e42-4d50-932e-f0bea0df345e/sm/snapshot.1_0
2025-10-10 10:40:24,941 [Thread-2641] INFO  server.GrpcServerProtocolClient (GrpcServerProtocolClient.java:close(105)) - 22d9c8a1-4559-44b0-a4af-9630f79f1f05 Close channels
2025-10-10 10:40:24,941 [ad892cb1-3002-4758-a303-de6f39da4dbc@group-7FE9BF83969B-cacheEviction-AwaitToRun] INFO  util.AwaitToRun (AwaitToRun.java:run(49)) - ad892cb1-3002-4758-a303-de6f39da4dbc@group-7FE9BF83969B-cacheEviction-AwaitToRun-AwaitForSignal is interrupted
2025-10-10 10:40:24,943 [grpc-default-executor-3] WARN  server.GrpcLogAppender (GrpcLogAppender.java:resetClient(237)) - ad892cb1-3002-4758-a303-de6f39da4dbc@group-4E13145AFCA4->22d9c8a1-4559-44b0-a4af-9630f79f1f05-GrpcLogAppender: Failed to getClient for 22d9c8a1-4559-44b0-a4af-9630f79f1f05
org.apache.ratis.protocol.exceptions.AlreadyClosedException: ad892cb1-3002-4758-a303-de6f39da4dbc is already CLOSED
	at org.apache.ratis.util.PeerProxyMap$PeerAndProxy.getProxy(PeerProxyMap.java:67)
	at org.apache.ratis.util.PeerProxyMap.getProxy(PeerProxyMap.java:124)
	at org.apache.ratis.grpc.server.GrpcLogAppender.getClient(GrpcLogAppender.java:207)
	at org.apache.ratis.grpc.server.GrpcLogAppender.resetClient(GrpcLogAppender.java:212)
	at org.apache.ratis.grpc.server.GrpcLogAppender.access$800(GrpcLogAppender.java:70)
	at org.apache.ratis.grpc.server.GrpcLogAppender$AppendLogResponseHandler.onCompleted(GrpcLogAppender.java:559)
	at org.apache.ratis.thirdparty.io.grpc.stub.ClientCalls$StreamObserverToCallListenerAdapter.onClose(ClientCalls.java:562)
	at org.apache.ratis.thirdparty.io.grpc.internal.ClientCallImpl.closeObserver(ClientCallImpl.java:565)
	at org.apache.ratis.thirdparty.io.grpc.internal.ClientCallImpl.access$100(ClientCallImpl.java:72)
	at org.apache.ratis.thirdparty.io.grpc.internal.ClientCallImpl$ClientStreamListenerImpl$1StreamClosed.runInternal(ClientCallImpl.java:733)
	at org.apache.ratis.thirdparty.io.grpc.internal.ClientCallImpl$ClientStreamListenerImpl$1StreamClosed.runInContext(ClientCallImpl.java:714)
	at org.apache.ratis.thirdparty.io.grpc.internal.ContextRunnable.run(ContextRunnable.java:37)
	at org.apache.ratis.thirdparty.io.grpc.internal.SerializingExecutor.run(SerializingExecutor.java:133)
	at java.base/java.util.concurrent.ThreadPoolExecutor.runWorker(ThreadPoolExecutor.java:1144)
	at java.base/java.util.concurrent.ThreadPoolExecutor$Worker.run(ThreadPoolExecutor.java:642)
	at java.base/java.lang.Thread.run(Thread.java:1583)
2025-10-10 10:40:24,943 [ad892cb1-3002-4758-a303-de6f39da4dbc@group-4E13145AFCA4-StateMachineUpdater] INFO  ratis.ContainerStateMachine (ContainerStateMachine.java:takeSnapshot(427)) - group-4E13145AFCA4: Taking a snapshot at:(t:1, i:0) file /home/runner/work/ozone/ozone/hadoop-ozone/integration-test/target/test-dir/MiniOzoneClusterImpl-611c99c7-d47b-4433-a4ef-cd0a35b076ef/ozone-metadata/datanode-4/ratis/646a14ee-6b5e-4675-bb4e-4e13145afca4/sm/snapshot.1_0
2025-10-10 10:40:24,943 [ad892cb1-3002-4758-a303-de6f39da4dbc-impl-thread4] INFO  impl.StateMachineUpdater (StateMachineUpdater.java:stopAndJoin(163)) - ad892cb1-3002-4758-a303-de6f39da4dbc@group-4E13145AFCA4-StateMachineUpdater: set stopIndex = 0
2025-10-10 10:40:24,943 [ad892cb1-3002-4758-a303-de6f39da4dbc@group-F0BEA0DF345E-StateMachineUpdater] INFO  ratis.ContainerStateMachine (ContainerStateMachine.java:takeSnapshot(436)) - group-F0BEA0DF345E: Finished taking a snapshot at:(t:1, i:0) file:/home/runner/work/ozone/ozone/hadoop-ozone/integration-test/target/test-dir/MiniOzoneClusterImpl-611c99c7-d47b-4433-a4ef-cd0a35b076ef/ozone-metadata/datanode-4/ratis/e168346d-5e42-4d50-932e-f0bea0df345e/sm/snapshot.1_0 took: 1 ms
2025-10-10 10:40:24,944 [ad892cb1-3002-4758-a303-de6f39da4dbc@group-4E13145AFCA4-StateMachineUpdater] INFO  ratis.ContainerStateMachine (ContainerStateMachine.java:takeSnapshot(436)) - group-4E13145AFCA4: Finished taking a snapshot at:(t:1, i:0) file:/home/runner/work/ozone/ozone/hadoop-ozone/integration-test/target/test-dir/MiniOzoneClusterImpl-611c99c7-d47b-4433-a4ef-cd0a35b076ef/ozone-metadata/datanode-4/ratis/646a14ee-6b5e-4675-bb4e-4e13145afca4/sm/snapshot.1_0 took: 1 ms
2025-10-10 10:40:24,944 [ad892cb1-3002-4758-a303-de6f39da4dbc@group-4E13145AFCA4-StateMachineUpdater] INFO  impl.StateMachineUpdater (StateMachineUpdater.java:takeSnapshot(307)) - ad892cb1-3002-4758-a303-de6f39da4dbc@group-4E13145AFCA4-StateMachineUpdater: Took a snapshot at index 0
2025-10-10 10:40:24,944 [ad892cb1-3002-4758-a303-de6f39da4dbc@group-4E13145AFCA4-StateMachineUpdater] INFO  impl.StateMachineUpdater (StateMachineUpdater.java:lambda$new$0(101)) - ad892cb1-3002-4758-a303-de6f39da4dbc@group-4E13145AFCA4-StateMachineUpdater: snapshotIndex: updateIncreasingly -1 -> 0
2025-10-10 10:40:24,944 [ad892cb1-3002-4758-a303-de6f39da4dbc@group-F0BEA0DF345E-StateMachineUpdater] INFO  impl.StateMachineUpdater (StateMachineUpdater.java:takeSnapshot(307)) - ad892cb1-3002-4758-a303-de6f39da4dbc@group-F0BEA0DF345E-StateMachineUpdater: Took a snapshot at index 0
2025-10-10 10:40:24,944 [ad892cb1-3002-4758-a303-de6f39da4dbc@group-F0BEA0DF345E-StateMachineUpdater] INFO  impl.StateMachineUpdater (StateMachineUpdater.java:lambda$new$0(101)) - ad892cb1-3002-4758-a303-de6f39da4dbc@group-F0BEA0DF345E-StateMachineUpdater: snapshotIndex: updateIncreasingly -1 -> 0
2025-10-10 10:40:24,944 [ad892cb1-3002-4758-a303-de6f39da4dbc@group-4E13145AFCA4-StateMachineUpdater] INFO  impl.StateMachineUpdater (StateMachineUpdater.java:stop(140)) - ad892cb1-3002-4758-a303-de6f39da4dbc@group-4E13145AFCA4-StateMachineUpdater: closing ContainerStateMachine, lastApplied=(t:1, i:0)
2025-10-10 10:40:24,944 [ad892cb1-3002-4758-a303-de6f39da4dbc@group-F0BEA0DF345E-StateMachineUpdater] INFO  impl.StateMachineUpdater (StateMachineUpdater.java:stop(140)) - ad892cb1-3002-4758-a303-de6f39da4dbc@group-F0BEA0DF345E-StateMachineUpdater: closing ContainerStateMachine, lastApplied=(t:1, i:0)
2025-10-10 10:40:24,944 [ad892cb1-3002-4758-a303-de6f39da4dbc@group-4E13145AFCA4-cacheEviction-AwaitToRun] INFO  util.AwaitToRun (AwaitToRun.java:run(49)) - ad892cb1-3002-4758-a303-de6f39da4dbc@group-4E13145AFCA4-cacheEviction-AwaitToRun-AwaitForSignal is interrupted
2025-10-10 10:40:24,945 [ad892cb1-3002-4758-a303-de6f39da4dbc@group-F0BEA0DF345E-cacheEviction-AwaitToRun] INFO  util.AwaitToRun (AwaitToRun.java:run(49)) - ad892cb1-3002-4758-a303-de6f39da4dbc@group-F0BEA0DF345E-cacheEviction-AwaitToRun-AwaitForSignal is interrupted
2025-10-10 10:40:24,945 [ForkJoinPool-1-worker-1] INFO  server.GrpcServicesImpl (GrpcServicesImpl.java:closeImpl(364)) - ad892cb1-3002-4758-a303-de6f39da4dbc: shutdown server org.apache.ratis.grpc.server.GrpcClientProtocolService successfully
2025-10-10 10:40:24,945 [ForkJoinPool-1-worker-1] INFO  server.GrpcServicesImpl (GrpcServicesImpl.java:closeImpl(355)) - ad892cb1-3002-4758-a303-de6f39da4dbc: shutdown server GrpcServerProtocolService now
2025-10-10 10:40:24,945 [grpc-default-executor-1] WARN  server.GrpcServerProtocolService (LogUtils.java:warn(127)) - ad892cb1-3002-4758-a303-de6f39da4dbc: APPEND_ENTRIES onError, lastRequest: null: org.apache.ratis.thirdparty.io.grpc.StatusRuntimeException: CANCELLED: client cancelled
2025-10-10 10:40:24,946 [grpc-default-executor-7] WARN  server.GrpcServerProtocolService (LogUtils.java:warn(127)) - ad892cb1-3002-4758-a303-de6f39da4dbc: APPEND_ENTRIES onError, lastRequest: 22d9c8a1-4559-44b0-a4af-9630f79f1f05->ad892cb1-3002-4758-a303-de6f39da4dbc#341-t1,previous=(t:1, i:12),leaderCommit=12,initializing? false,entries: size=1, first=(t:1, i:13), METADATAENTRY(c:12): org.apache.ratis.thirdparty.io.grpc.StatusRuntimeException: CANCELLED: client cancelled
2025-10-10 10:40:24,946 [grpc-default-executor-4] WARN  server.GrpcLogAppender (LogUtils.java:warn(127)) - 22d9c8a1-4559-44b0-a4af-9630f79f1f05@group-7FE9BF83969B->ad892cb1-3002-4758-a303-de6f39da4dbc-AppendLogResponseHandler: Failed appendEntries: org.apache.ratis.thirdparty.io.grpc.StatusRuntimeException: CANCELLED: RST_STREAM closed stream. HTTP/2 error code: CANCEL
2025-10-10 10:40:24,946 [grpc-default-executor-4] WARN  server.GrpcLogAppender (GrpcLogAppender.java:lambda$resetClient$1(228)) - 22d9c8a1-4559-44b0-a4af-9630f79f1f05@group-7FE9BF83969B->ad892cb1-3002-4758-a303-de6f39da4dbc-GrpcLogAppender: Follower failed (request=null, errorCount=1); keep nextIndex (14) unchanged and retry.
2025-10-10 10:40:24,946 [ForkJoinPool-1-worker-1] INFO  server.GrpcServicesImpl (GrpcServicesImpl.java:closeImpl(364)) - ad892cb1-3002-4758-a303-de6f39da4dbc: shutdown server GrpcServerProtocolService successfully
2025-10-10 10:40:24,946 [ForkJoinPool-1-worker-1] INFO  server.GrpcServicesImpl (GrpcServicesImpl.java:closeImpl(355)) - ad892cb1-3002-4758-a303-de6f39da4dbc: shutdown server org.apache.ratis.grpc.server.GrpcAdminProtocolService now
2025-10-10 10:40:24,947 [ForkJoinPool-1-worker-1] INFO  server.GrpcServicesImpl (GrpcServicesImpl.java:closeImpl(364)) - ad892cb1-3002-4758-a303-de6f39da4dbc: shutdown server org.apache.ratis.grpc.server.GrpcAdminProtocolService successfully
2025-10-10 10:40:24,951 [ad892cb1-3002-4758-a303-de6f39da4dbc-NettyServerStreamRpc-bossGroup--thread1] INFO  logging.LoggingHandler (AbstractInternalLogger.java:log(148)) - [id: 0x0f013b44, L:/0.0.0.0:15040] CLOSE
2025-10-10 10:40:24,951 [ad892cb1-3002-4758-a303-de6f39da4dbc-NettyServerStreamRpc-bossGroup--thread1] INFO  logging.LoggingHandler (AbstractInternalLogger.java:log(148)) - [id: 0x0f013b44, L:/0.0.0.0:15040] INACTIVE
2025-10-10 10:40:24,952 [ad892cb1-3002-4758-a303-de6f39da4dbc-NettyServerStreamRpc-bossGroup--thread1] INFO  logging.LoggingHandler (AbstractInternalLogger.java:log(148)) - [id: 0x0f013b44, L:/0.0.0.0:15040] UNREGISTERED
2025-10-10 10:40:25,011 [timer2] ERROR impl.OrderedAsync (OrderedAsync.java:lambda$null$6(215)) -  (Repeated 2 times in the last 5.000s) client-E1F90CE0EC34: Failed* RaftClientRequest:client-E1F90CE0EC34->895d447a-5476-42e4-b2fa-6eb687701d46@group-6EF60CB14872, cid=60, seq=6*, RW, cmdType: WriteChunk traceID: "" containerID: 8 datanodeUuid: "36185c6b-22ce-45d1-a622-3a6b487a5a53" writeChunk { blockID { containerID: 8 localID: 115816896921600008 blockCommitSequenceId: 16 replicaIndex: 0 } chunkData { chunkName: "115816896921600008_chunk_3" offset: 2097152 len: 524288 } } version: 3, data.size=524288
java.util.concurrent.CompletionException: java.io.IOException: org.apache.ratis.thirdparty.io.grpc.StatusRuntimeException: UNAVAILABLE: io exception
	at java.base/java.util.concurrent.CompletableFuture.encodeThrowable(CompletableFuture.java:332)
	at java.base/java.util.concurrent.CompletableFuture.completeThrowable(CompletableFuture.java:347)
	at java.base/java.util.concurrent.CompletableFuture$UniAccept.tryFire(CompletableFuture.java:708)
	at java.base/java.util.concurrent.CompletableFuture.postComplete(CompletableFuture.java:510)
	at java.base/java.util.concurrent.CompletableFuture.completeExceptionally(CompletableFuture.java:2194)
	at org.apache.ratis.grpc.client.GrpcClientProtocolClient$AsyncStreamObservers.completeReplyExceptionally(GrpcClientProtocolClient.java:397)
	at org.apache.ratis.grpc.client.GrpcClientProtocolClient$AsyncStreamObservers.access$000(GrpcClientProtocolClient.java:303)
	at org.apache.ratis.grpc.client.GrpcClientProtocolClient$AsyncStreamObservers$1.onError(GrpcClientProtocolClient.java:334)
	at org.apache.ratis.thirdparty.io.grpc.stub.ClientCalls$StreamObserverToCallListenerAdapter.onClose(ClientCalls.java:564)
	at org.apache.ratis.thirdparty.io.grpc.PartialForwardingClientCallListener.onClose(PartialForwardingClientCallListener.java:39)
	at org.apache.ratis.thirdparty.io.grpc.ForwardingClientCallListener.onClose(ForwardingClientCallListener.java:23)
	at org.apache.ratis.grpc.metrics.intercept.client.MetricClientCallListener.onClose(MetricClientCallListener.java:47)
	at org.apache.ratis.thirdparty.io.grpc.internal.ClientCallImpl.closeObserver(ClientCallImpl.java:565)
	at org.apache.ratis.thirdparty.io.grpc.internal.ClientCallImpl.access$100(ClientCallImpl.java:72)
	at org.apache.ratis.thirdparty.io.grpc.internal.ClientCallImpl$ClientStreamListenerImpl$1StreamClosed.runInternal(ClientCallImpl.java:733)
	at org.apache.ratis.thirdparty.io.grpc.internal.ClientCallImpl$ClientStreamListenerImpl$1StreamClosed.runInContext(ClientCallImpl.java:714)
	at org.apache.ratis.thirdparty.io.grpc.internal.ContextRunnable.run(ContextRunnable.java:37)
	at org.apache.ratis.thirdparty.io.grpc.internal.SerializingExecutor.run(SerializingExecutor.java:133)
	at java.base/java.util.concurrent.ThreadPoolExecutor.runWorker(ThreadPoolExecutor.java:1144)
	at java.base/java.util.concurrent.ThreadPoolExecutor$Worker.run(ThreadPoolExecutor.java:642)
	at java.base/java.lang.Thread.run(Thread.java:1583)
Caused by: java.io.IOException: org.apache.ratis.thirdparty.io.grpc.StatusRuntimeException: UNAVAILABLE: io exception
	at org.apache.ratis.grpc.GrpcUtil.unwrapException(GrpcUtil.java:99)
	at org.apache.ratis.grpc.GrpcUtil.unwrapIOException(GrpcUtil.java:159)
	at org.apache.ratis.grpc.client.GrpcClientProtocolClient$AsyncStreamObservers$1.onError(GrpcClientProtocolClient.java:333)
	... 13 more
Caused by: org.apache.ratis.thirdparty.io.grpc.StatusRuntimeException: UNAVAILABLE: io exception
	at org.apache.ratis.thirdparty.io.grpc.Status.asRuntimeException(Status.java:532)
	... 13 more
Caused by: org.apache.ratis.thirdparty.io.netty.channel.AbstractChannel$AnnotatedConnectException: finishConnect(..) failed: Connection refused: /127.0.0.1:15077
Caused by: java.net.ConnectException: finishConnect(..) failed: Connection refused
	at org.apache.ratis.thirdparty.io.netty.channel.unix.Errors.newConnectException0(Errors.java:166)
	at org.apache.ratis.thirdparty.io.netty.channel.unix.Errors.handleConnectErrno(Errors.java:131)
	at org.apache.ratis.thirdparty.io.netty.channel.unix.Socket.finishConnect(Socket.java:359)
	at org.apache.ratis.thirdparty.io.netty.channel.epoll.AbstractEpollChannel$AbstractEpollUnsafe.doFinishConnect(AbstractEpollChannel.java:715)
	at org.apache.ratis.thirdparty.io.netty.channel.epoll.AbstractEpollChannel$AbstractEpollUnsafe.finishConnect(AbstractEpollChannel.java:692)
	at org.apache.ratis.thirdparty.io.netty.channel.epoll.AbstractEpollChannel$AbstractEpollUnsafe.epollOutReady(AbstractEpollChannel.java:567)
	at org.apache.ratis.thirdparty.io.netty.channel.epoll.EpollEventLoop.processReady(EpollEventLoop.java:491)
	at org.apache.ratis.thirdparty.io.netty.channel.epoll.EpollEventLoop.run(EpollEventLoop.java:399)
	at org.apache.ratis.thirdparty.io.netty.util.concurrent.SingleThreadEventExecutor$4.run(SingleThreadEventExecutor.java:998)
	at org.apache.ratis.thirdparty.io.netty.util.internal.ThreadExecutorMap$2.run(ThreadExecutorMap.java:74)
	at org.apache.ratis.thirdparty.io.netty.util.concurrent.FastThreadLocalRunnable.run(FastThreadLocalRunnable.java:30)
	at java.base/java.lang.Thread.run(Thread.java:1583)
2025-10-10 10:40:25,154 [36185c6b-22ce-45d1-a622-3a6b487a5a53-ContainerReader-0] INFO  ozoneimpl.ContainerReader (ContainerReader.java:readVolume(147)) - Start to verify containers on volume /home/runner/work/ozone/ozone/hadoop-ozone/integration-test/target/test-dir/MiniOzoneClusterImpl-611c99c7-d47b-4433-a4ef-cd0a35b076ef/ozone-metadata/datanode-8/data-0/hdds
2025-10-10 10:40:25,156 [36185c6b-22ce-45d1-a622-3a6b487a5a53-ContainerReader-0] WARN  helpers.KeyValueContainerUtil (KeyValueContainerUtil.java:populateContainerMetadata(329)) - Missing pendingDeleteBlockCount from metadata: recalculate them from block table
2025-10-10 10:40:25,159 [36185c6b-22ce-45d1-a622-3a6b487a5a53-ContainerReader-0] WARN  helpers.KeyValueContainerUtil (KeyValueContainerUtil.java:populateContainerMetadata(329)) - Missing pendingDeleteBlockCount from metadata: recalculate them from block table
2025-10-10 10:40:25,160 [36185c6b-22ce-45d1-a622-3a6b487a5a53-ContainerReader-0] INFO  ozoneimpl.ContainerReader (ContainerReader.java:readVolume(177)) - Finish verifying containers on volume /home/runner/work/ozone/ozone/hadoop-ozone/integration-test/target/test-dir/MiniOzoneClusterImpl-611c99c7-d47b-4433-a4ef-cd0a35b076ef/ozone-metadata/datanode-8/data-0/hdds
2025-10-10 10:40:25,161 [36185c6b-22ce-45d1-a622-3a6b487a5a53-EndpointStateMachineTaskThread-/0.0.0.0:15002-0 ] INFO  ozoneimpl.OzoneContainer (OzoneContainer.java:buildContainerSet(370)) - Build ContainerSet costs 0s
2025-10-10 10:40:25,161 [36185c6b-22ce-45d1-a622-3a6b487a5a53-EndpointStateMachineTaskThread-/0.0.0.0:15002-0 ] INFO  volume.ThrottledAsyncChecker (ThrottledAsyncChecker.java:schedule(138)) - Scheduling a check for /home/runner/work/ozone/ozone/hadoop-ozone/integration-test/target/test-dir/MiniOzoneClusterImpl-611c99c7-d47b-4433-a4ef-cd0a35b076ef/ozone-metadata/datanode-8/data-0/hdds
2025-10-10 10:40:25,161 [36185c6b-22ce-45d1-a622-3a6b487a5a53-EndpointStateMachineTaskThread-/0.0.0.0:15002-0 ] INFO  volume.StorageVolumeChecker (StorageVolumeChecker.java:checkAllVolumes(231)) - Scheduled health check for volume /home/runner/work/ozone/ozone/hadoop-ozone/integration-test/target/test-dir/MiniOzoneClusterImpl-611c99c7-d47b-4433-a4ef-cd0a35b076ef/ozone-metadata/datanode-8/data-0/hdds
2025-10-10 10:40:25,165 [36185c6b-22ce-45d1-a622-3a6b487a5a53-EndpointStateMachineTaskThread-/0.0.0.0:15002-0 ] INFO  volume.ThrottledAsyncChecker (ThrottledAsyncChecker.java:schedule(138)) - Scheduling a check for /home/runner/work/ozone/ozone/hadoop-ozone/integration-test/target/test-dir/MiniOzoneClusterImpl-611c99c7-d47b-4433-a4ef-cd0a35b076ef/ozone-metadata/datanode-8/ratis
2025-10-10 10:40:25,165 [36185c6b-22ce-45d1-a622-3a6b487a5a53-EndpointStateMachineTaskThread-/0.0.0.0:15002-0 ] INFO  volume.StorageVolumeChecker (StorageVolumeChecker.java:checkAllVolumes(231)) - Scheduled health check for volume /home/runner/work/ozone/ozone/hadoop-ozone/integration-test/target/test-dir/MiniOzoneClusterImpl-611c99c7-d47b-4433-a4ef-cd0a35b076ef/ozone-metadata/datanode-8/ratis
2025-10-10 10:40:25,166 [36185c6b-22ce-45d1-a622-3a6b487a5a53-EndpointStateMachineTaskThread-/0.0.0.0:15002-0 ] INFO  ozoneimpl.OzoneContainer (OzoneContainer.java:start(525)) - Attempting to start container services.
2025-10-10 10:40:25,167 [ContainerDataScanner(/home/runner/work/ozone/ozone/hadoop-ozone/integration-test/target/test-dir/MiniOzoneClusterImpl-611c99c7-d47b-4433-a4ef-cd0a35b076ef/ozone-metadata/datanode-8/data-0/hdds)] INFO  ozoneimpl.AbstractBackgroundContainerScanner (AbstractBackgroundContainerScanner.java:runIteration(89)) - Completed an iteration in 0 minutes. Number of iterations (since the data-node restart) : 1, Number of containers scanned in this iteration : 0, Number of unhealthy containers found in this iteration : 0
2025-10-10 10:40:25,168 [36185c6b-22ce-45d1-a622-3a6b487a5a53-EndpointStateMachineTaskThread-/0.0.0.0:15002-0 ] INFO  replication.ReplicationServer (ReplicationServer.java:start(137)) - ReplicationServer is started using port 15073
2025-10-10 10:40:25,168 [36185c6b-22ce-45d1-a622-3a6b487a5a53-EndpointStateMachineTaskThread-/0.0.0.0:15002-0 ] INFO  ratis.XceiverServerRatis (XceiverServerRatis.java:start(559)) - Starting XceiverServerRatis(36185c6b-22ce-45d1-a622-3a6b487a5a53)
2025-10-10 10:40:25,169 [36185c6b-22ce-45d1-a622-3a6b487a5a53-impl-thread1] INFO  server.RaftServerConfigKeys (ConfUtils.java:logGet(62)) - raft.server.storage.dir = [/home/runner/work/ozone/ozone/hadoop-ozone/integration-test/target/test-dir/MiniOzoneClusterImpl-611c99c7-d47b-4433-a4ef-cd0a35b076ef/ozone-metadata/datanode-8/ratis] (custom)
2025-10-10 10:40:25,169 [ContainerMetadataScanner] INFO  ozoneimpl.AbstractBackgroundContainerScanner (AbstractBackgroundContainerScanner.java:runIteration(89)) - Completed an iteration in 0 minutes. Number of iterations (since the data-node restart) : 1, Number of containers scanned in this iteration : 1, Number of unhealthy containers found in this iteration : 0
2025-10-10 10:40:25,170 [36185c6b-22ce-45d1-a622-3a6b487a5a53-impl-thread2] INFO  storage.RaftStorageDirectory (RaftStorageDirectoryImpl.java:tryLock(229)) - Lock on /home/runner/work/ozone/ozone/hadoop-ozone/integration-test/target/test-dir/MiniOzoneClusterImpl-611c99c7-d47b-4433-a4ef-cd0a35b076ef/ozone-metadata/datanode-8/ratis/56f6ef43-c50c-4d35-89b5-6ef60cb14872/in_use.lock acquired by nodename 58401@localhost
2025-10-10 10:40:25,170 [36185c6b-22ce-45d1-a622-3a6b487a5a53-impl-thread1] INFO  storage.RaftStorageDirectory (RaftStorageDirectoryImpl.java:tryLock(229)) - Lock on /home/runner/work/ozone/ozone/hadoop-ozone/integration-test/target/test-dir/MiniOzoneClusterImpl-611c99c7-d47b-4433-a4ef-cd0a35b076ef/ozone-metadata/datanode-8/ratis/e51e4850-930a-48f3-bb77-813c05265458/in_use.lock acquired by nodename 58401@localhost
2025-10-10 10:40:25,170 [36185c6b-22ce-45d1-a622-3a6b487a5a53-impl-thread2] INFO  storage.RaftStorage (RaftStorageImpl.java:analyzeAndRecoverStorage(118)) - Read RaftStorageMetadata{term=4, votedFor=36185c6b-22ce-45d1-a622-3a6b487a5a53} from /home/runner/work/ozone/ozone/hadoop-ozone/integration-test/target/test-dir/MiniOzoneClusterImpl-611c99c7-d47b-4433-a4ef-cd0a35b076ef/ozone-metadata/datanode-8/ratis/56f6ef43-c50c-4d35-89b5-6ef60cb14872/current/raft-meta
2025-10-10 10:40:25,170 [36185c6b-22ce-45d1-a622-3a6b487a5a53-impl-thread1] INFO  storage.RaftStorage (RaftStorageImpl.java:analyzeAndRecoverStorage(118)) - Read RaftStorageMetadata{term=1, votedFor=aa9634f0-8836-44d6-bc05-5b19fbdd93d5} from /home/runner/work/ozone/ozone/hadoop-ozone/integration-test/target/test-dir/MiniOzoneClusterImpl-611c99c7-d47b-4433-a4ef-cd0a35b076ef/ozone-metadata/datanode-8/ratis/e51e4850-930a-48f3-bb77-813c05265458/current/raft-meta
2025-10-10 10:40:25,170 [36185c6b-22ce-45d1-a622-3a6b487a5a53-impl-thread1] INFO  server.RaftServer$Division (ServerState.java:setRaftConf(386)) - 36185c6b-22ce-45d1-a622-3a6b487a5a53@group-813C05265458: set configuration conf: {index: 0, cur=peers:[aa9634f0-8836-44d6-bc05-5b19fbdd93d5|127.0.0.1:15063, 36185c6b-22ce-45d1-a622-3a6b487a5a53|127.0.0.1:15071, 895d447a-5476-42e4-b2fa-6eb687701d46|127.0.0.1:15079]|listeners:[], old=null}
2025-10-10 10:40:25,170 [36185c6b-22ce-45d1-a622-3a6b487a5a53-impl-thread3] INFO  storage.RaftStorageDirectory (RaftStorageDirectoryImpl.java:tryLock(229)) - Lock on /home/runner/work/ozone/ozone/hadoop-ozone/integration-test/target/test-dir/MiniOzoneClusterImpl-611c99c7-d47b-4433-a4ef-cd0a35b076ef/ozone-metadata/datanode-8/ratis/db5b5c2b-f866-4aec-a921-386b2f16df49/in_use.lock acquired by nodename 58401@localhost
2025-10-10 10:40:25,171 [36185c6b-22ce-45d1-a622-3a6b487a5a53-impl-thread1] INFO  ratis.ContainerStateMachine (ContainerStateMachine.java:initialize(339)) - 36185c6b-22ce-45d1-a622-3a6b487a5a53: initialize group-813C05265458
2025-10-10 10:40:25,170 [36185c6b-22ce-45d1-a622-3a6b487a5a53-impl-thread2] INFO  server.RaftServer$Division (ServerState.java:setRaftConf(386)) - 36185c6b-22ce-45d1-a622-3a6b487a5a53@group-6EF60CB14872: set configuration conf: {index: 11, cur=peers:[aa9634f0-8836-44d6-bc05-5b19fbdd93d5|127.0.0.1:15063, 36185c6b-22ce-45d1-a622-3a6b487a5a53|127.0.0.1:15071, 895d447a-5476-42e4-b2fa-6eb687701d46|127.0.0.1:15079]|listeners:[], old=null}
2025-10-10 10:40:25,171 [36185c6b-22ce-45d1-a622-3a6b487a5a53-impl-thread1] INFO  ratis.ContainerStateMachine (ContainerStateMachine.java:loadSnapshot(356)) - group-813C05265458: Setting the last applied index to (t:1, i:0)
2025-10-10 10:40:25,171 [36185c6b-22ce-45d1-a622-3a6b487a5a53-impl-thread2] INFO  ratis.ContainerStateMachine (ContainerStateMachine.java:initialize(339)) - 36185c6b-22ce-45d1-a622-3a6b487a5a53: initialize group-6EF60CB14872
2025-10-10 10:40:25,171 [36185c6b-22ce-45d1-a622-3a6b487a5a53-impl-thread3] INFO  storage.RaftStorage (RaftStorageImpl.java:analyzeAndRecoverStorage(118)) - Read RaftStorageMetadata{term=2, votedFor=36185c6b-22ce-45d1-a622-3a6b487a5a53} from /home/runner/work/ozone/ozone/hadoop-ozone/integration-test/target/test-dir/MiniOzoneClusterImpl-611c99c7-d47b-4433-a4ef-cd0a35b076ef/ozone-metadata/datanode-8/ratis/db5b5c2b-f866-4aec-a921-386b2f16df49/current/raft-meta
2025-10-10 10:40:25,171 [36185c6b-22ce-45d1-a622-3a6b487a5a53-impl-thread1] INFO  server.RaftServerConfigKeys (ConfUtils.java:logGet(62)) - raft.server.log.appender.buffer.byte-limit = 33554432 (custom)
2025-10-10 10:40:25,171 [36185c6b-22ce-45d1-a622-3a6b487a5a53-impl-thread2] INFO  ratis.ContainerStateMachine (ContainerStateMachine.java:loadSnapshot(356)) - group-6EF60CB14872: Setting the last applied index to (t:4, i:19)
2025-10-10 10:40:25,172 [36185c6b-22ce-45d1-a622-3a6b487a5a53-impl-thread2] INFO  server.RaftServerConfigKeys (ConfUtils.java:logGet(62)) - raft.server.log.appender.buffer.byte-limit = 33554432 (custom)
2025-10-10 10:40:25,171 [36185c6b-22ce-45d1-a622-3a6b487a5a53-impl-thread3] INFO  server.RaftServer$Division (ServerState.java:setRaftConf(386)) - 36185c6b-22ce-45d1-a622-3a6b487a5a53@group-386B2F16DF49: set configuration conf: {index: 1, cur=peers:[36185c6b-22ce-45d1-a622-3a6b487a5a53|127.0.0.1:15071]|listeners:[], old=null}
2025-10-10 10:40:25,172 [36185c6b-22ce-45d1-a622-3a6b487a5a53-impl-thread3] INFO  ratis.ContainerStateMachine (ContainerStateMachine.java:initialize(339)) - 36185c6b-22ce-45d1-a622-3a6b487a5a53: initialize group-386B2F16DF49
2025-10-10 10:40:25,172 [36185c6b-22ce-45d1-a622-3a6b487a5a53-impl-thread3] INFO  ratis.ContainerStateMachine (ContainerStateMachine.java:loadSnapshot(356)) - group-386B2F16DF49: Setting the last applied index to (t:2, i:2)
2025-10-10 10:40:25,172 [36185c6b-22ce-45d1-a622-3a6b487a5a53-impl-thread3] INFO  server.RaftServerConfigKeys (ConfUtils.java:logGet(62)) - raft.server.log.appender.buffer.byte-limit = 33554432 (custom)
2025-10-10 10:40:25,180 [36185c6b-22ce-45d1-a622-3a6b487a5a53-impl-thread1] INFO  server.RaftServerConfigKeys (ConfUtils.java:logGet(62)) - raft.server.log.segment.size.max = 67108864 (custom)
2025-10-10 10:40:25,182 [36185c6b-22ce-45d1-a622-3a6b487a5a53-impl-thread1] INFO  server.RaftServerConfigKeys (ConfUtils.java:logGet(62)) - raft.server.log.appender.buffer.byte-limit = 33554432 (custom)
2025-10-10 10:40:25,182 [36185c6b-22ce-45d1-a622-3a6b487a5a53-impl-thread3] INFO  server.RaftServerConfigKeys (ConfUtils.java:logGet(62)) - raft.server.log.segment.size.max = 67108864 (custom)
2025-10-10 10:40:25,182 [36185c6b-22ce-45d1-a622-3a6b487a5a53-impl-thread1] INFO  util.AwaitToRun (AwaitToRun.java:start(81)) - Thread[#3503,36185c6b-22ce-45d1-a622-3a6b487a5a53@group-813C05265458-cacheEviction-AwaitToRun,5,main] started
2025-10-10 10:40:25,182 [36185c6b-22ce-45d1-a622-3a6b487a5a53-impl-thread1] INFO  segmented.SegmentedRaftLogWorker (SegmentedRaftLogWorker.java:<init>(190)) - new 36185c6b-22ce-45d1-a622-3a6b487a5a53@group-813C05265458-SegmentedRaftLogWorker for RaftStorageImpl:Storage Directory /home/runner/work/ozone/ozone/hadoop-ozone/integration-test/target/test-dir/MiniOzoneClusterImpl-611c99c7-d47b-4433-a4ef-cd0a35b076ef/ozone-metadata/datanode-8/ratis/e51e4850-930a-48f3-bb77-813c05265458
2025-10-10 10:40:25,182 [36185c6b-22ce-45d1-a622-3a6b487a5a53-impl-thread1] INFO  server.RaftServerConfigKeys (ConfUtils.java:logGet(62)) - raft.server.log.queue.byte-limit = 4294967296 (custom)
2025-10-10 10:40:25,182 [36185c6b-22ce-45d1-a622-3a6b487a5a53-impl-thread1] INFO  server.RaftServerConfigKeys (ConfUtils.java:logGet(62)) - raft.server.log.segment.size.max = 67108864 (custom)
2025-10-10 10:40:25,182 [36185c6b-22ce-45d1-a622-3a6b487a5a53-impl-thread1] INFO  server.RaftServerConfigKeys (ConfUtils.java:logGet(62)) - raft.server.log.preallocated.size = 4194304 (custom)
2025-10-10 10:40:25,182 [36185c6b-22ce-45d1-a622-3a6b487a5a53-impl-thread2] INFO  server.RaftServerConfigKeys (ConfUtils.java:logGet(62)) - raft.server.log.segment.size.max = 67108864 (custom)
2025-10-10 10:40:25,182 [36185c6b-22ce-45d1-a622-3a6b487a5a53-impl-thread3] INFO  server.RaftServerConfigKeys (ConfUtils.java:logGet(62)) - raft.server.log.appender.buffer.byte-limit = 33554432 (custom)
2025-10-10 10:40:25,183 [36185c6b-22ce-45d1-a622-3a6b487a5a53-impl-thread1] INFO  server.RaftServerConfigKeys (ConfUtils.java:logGet(62)) - raft.server.log.write.buffer.size = 33554440 (custom)
2025-10-10 10:40:25,184 [36185c6b-22ce-45d1-a622-3a6b487a5a53-impl-thread3] INFO  util.AwaitToRun (AwaitToRun.java:start(81)) - Thread[#3504,36185c6b-22ce-45d1-a622-3a6b487a5a53@group-386B2F16DF49-cacheEviction-AwaitToRun,5,main] started
2025-10-10 10:40:25,184 [36185c6b-22ce-45d1-a622-3a6b487a5a53-impl-thread3] INFO  segmented.SegmentedRaftLogWorker (SegmentedRaftLogWorker.java:<init>(190)) - new 36185c6b-22ce-45d1-a622-3a6b487a5a53@group-386B2F16DF49-SegmentedRaftLogWorker for RaftStorageImpl:Storage Directory /home/runner/work/ozone/ozone/hadoop-ozone/integration-test/target/test-dir/MiniOzoneClusterImpl-611c99c7-d47b-4433-a4ef-cd0a35b076ef/ozone-metadata/datanode-8/ratis/db5b5c2b-f866-4aec-a921-386b2f16df49
2025-10-10 10:40:25,184 [36185c6b-22ce-45d1-a622-3a6b487a5a53-impl-thread3] INFO  server.RaftServerConfigKeys (ConfUtils.java:logGet(62)) - raft.server.log.queue.byte-limit = 4294967296 (custom)
2025-10-10 10:40:25,184 [36185c6b-22ce-45d1-a622-3a6b487a5a53-impl-thread3] INFO  server.RaftServerConfigKeys (ConfUtils.java:logGet(62)) - raft.server.log.segment.size.max = 67108864 (custom)
2025-10-10 10:40:25,184 [36185c6b-22ce-45d1-a622-3a6b487a5a53-impl-thread3] INFO  server.RaftServerConfigKeys (ConfUtils.java:logGet(62)) - raft.server.log.preallocated.size = 4194304 (custom)
2025-10-10 10:40:25,184 [36185c6b-22ce-45d1-a622-3a6b487a5a53-impl-thread2] INFO  server.RaftServerConfigKeys (ConfUtils.java:logGet(62)) - raft.server.log.appender.buffer.byte-limit = 33554432 (custom)
2025-10-10 10:40:25,184 [36185c6b-22ce-45d1-a622-3a6b487a5a53-impl-thread3] INFO  server.RaftServerConfigKeys (ConfUtils.java:logGet(62)) - raft.server.log.write.buffer.size = 33554440 (custom)
2025-10-10 10:40:25,185 [36185c6b-22ce-45d1-a622-3a6b487a5a53-impl-thread2] INFO  util.AwaitToRun (AwaitToRun.java:start(81)) - Thread[#3505,36185c6b-22ce-45d1-a622-3a6b487a5a53@group-6EF60CB14872-cacheEviction-AwaitToRun,5,main] started
2025-10-10 10:40:25,186 [36185c6b-22ce-45d1-a622-3a6b487a5a53-impl-thread2] INFO  segmented.SegmentedRaftLogWorker (SegmentedRaftLogWorker.java:<init>(190)) - new 36185c6b-22ce-45d1-a622-3a6b487a5a53@group-6EF60CB14872-SegmentedRaftLogWorker for RaftStorageImpl:Storage Directory /home/runner/work/ozone/ozone/hadoop-ozone/integration-test/target/test-dir/MiniOzoneClusterImpl-611c99c7-d47b-4433-a4ef-cd0a35b076ef/ozone-metadata/datanode-8/ratis/56f6ef43-c50c-4d35-89b5-6ef60cb14872
2025-10-10 10:40:25,186 [36185c6b-22ce-45d1-a622-3a6b487a5a53-impl-thread2] INFO  server.RaftServerConfigKeys (ConfUtils.java:logGet(62)) - raft.server.log.queue.byte-limit = 4294967296 (custom)
2025-10-10 10:40:25,186 [36185c6b-22ce-45d1-a622-3a6b487a5a53-impl-thread2] INFO  server.RaftServerConfigKeys (ConfUtils.java:logGet(62)) - raft.server.log.segment.size.max = 67108864 (custom)
2025-10-10 10:40:25,187 [36185c6b-22ce-45d1-a622-3a6b487a5a53-impl-thread2] INFO  server.RaftServerConfigKeys (ConfUtils.java:logGet(62)) - raft.server.log.preallocated.size = 4194304 (custom)
2025-10-10 10:40:25,188 [36185c6b-22ce-45d1-a622-3a6b487a5a53-impl-thread2] INFO  server.RaftServerConfigKeys (ConfUtils.java:logGet(62)) - raft.server.log.write.buffer.size = 33554440 (custom)
2025-10-10 10:40:25,189 [36185c6b-22ce-45d1-a622-3a6b487a5a53-impl-thread1] INFO  server.RaftServerConfigKeys (ConfUtils.java:logGet(62)) - raft.server.log.appender.buffer.byte-limit = 33554432 (custom)
2025-10-10 10:40:25,190 [36185c6b-22ce-45d1-a622-3a6b487a5a53-impl-thread1] INFO  server.RaftServer$Division (ServerState.java:setRaftConf(386)) - 36185c6b-22ce-45d1-a622-3a6b487a5a53@group-813C05265458: set configuration conf: {index: 0, cur=peers:[aa9634f0-8836-44d6-bc05-5b19fbdd93d5|127.0.0.1:15063, 36185c6b-22ce-45d1-a622-3a6b487a5a53|127.0.0.1:15071, 895d447a-5476-42e4-b2fa-6eb687701d46|127.0.0.1:15079]|listeners:[], old=null}
2025-10-10 10:40:25,190 [36185c6b-22ce-45d1-a622-3a6b487a5a53-impl-thread1] INFO  segmented.LogSegment (LogSegment.java:loadSegment(171)) - Successfully read 1 entries from segment file /home/runner/work/ozone/ozone/hadoop-ozone/integration-test/target/test-dir/MiniOzoneClusterImpl-611c99c7-d47b-4433-a4ef-cd0a35b076ef/ozone-metadata/datanode-8/ratis/e51e4850-930a-48f3-bb77-813c05265458/current/log_inprogress_0
2025-10-10 10:40:25,191 [36185c6b-22ce-45d1-a622-3a6b487a5a53-impl-thread1] INFO  segmented.SegmentedRaftLogWorker (SegmentedRaftLogWorker.java:lambda$new$0(141)) - 36185c6b-22ce-45d1-a622-3a6b487a5a53@group-813C05265458-SegmentedRaftLogWorker: safeCacheEvictIndex: setUnconditionally 0 -> -1
2025-10-10 10:40:25,191 [36185c6b-22ce-45d1-a622-3a6b487a5a53-impl-thread1] INFO  segmented.BufferedWriteChannel (BufferedWriteChannel.java:open(61)) - open log_inprogress_0 (append) at position 351
2025-10-10 10:40:25,191 [36185c6b-22ce-45d1-a622-3a6b487a5a53-impl-thread3] INFO  server.RaftServerConfigKeys (ConfUtils.java:logGet(62)) - raft.server.log.appender.buffer.byte-limit = 33554432 (custom)
2025-10-10 10:40:25,192 [36185c6b-22ce-45d1-a622-3a6b487a5a53-impl-thread3] INFO  server.RaftServer$Division (ServerState.java:setRaftConf(386)) - 36185c6b-22ce-45d1-a622-3a6b487a5a53@group-386B2F16DF49: set configuration conf: {index: 0, cur=peers:[36185c6b-22ce-45d1-a622-3a6b487a5a53|127.0.0.1:15071]|listeners:[], old=null}
2025-10-10 10:40:25,192 [36185c6b-22ce-45d1-a622-3a6b487a5a53-impl-thread3] INFO  segmented.LogSegment (LogSegment.java:loadSegment(171)) - Successfully read 1 entries from segment file /home/runner/work/ozone/ozone/hadoop-ozone/integration-test/target/test-dir/MiniOzoneClusterImpl-611c99c7-d47b-4433-a4ef-cd0a35b076ef/ozone-metadata/datanode-8/ratis/db5b5c2b-f866-4aec-a921-386b2f16df49/current/log_0-0
2025-10-10 10:40:25,192 [36185c6b-22ce-45d1-a622-3a6b487a5a53-impl-thread1] INFO  server.RaftServer$Division (RaftServerImpl.java:start(405)) - 36185c6b-22ce-45d1-a622-3a6b487a5a53@group-813C05265458: start as a follower, conf=conf: {index: 0, cur=peers:[aa9634f0-8836-44d6-bc05-5b19fbdd93d5|127.0.0.1:15063, 36185c6b-22ce-45d1-a622-3a6b487a5a53|127.0.0.1:15071, 895d447a-5476-42e4-b2fa-6eb687701d46|127.0.0.1:15079]|listeners:[], old=null}
2025-10-10 10:40:25,192 [36185c6b-22ce-45d1-a622-3a6b487a5a53-impl-thread1] INFO  server.RaftServer$Division (RaftServerImpl.java:setRole(392)) - 36185c6b-22ce-45d1-a622-3a6b487a5a53@group-813C05265458: changes role from      null to FOLLOWER at term 1 for startAsFollower
2025-10-10 10:40:25,192 [36185c6b-22ce-45d1-a622-3a6b487a5a53-impl-thread1] INFO  impl.RoleInfo (RoleInfo.java:updateAndGet(148)) - 36185c6b-22ce-45d1-a622-3a6b487a5a53: start 36185c6b-22ce-45d1-a622-3a6b487a5a53@group-813C05265458-FollowerState
2025-10-10 10:40:25,192 [36185c6b-22ce-45d1-a622-3a6b487a5a53-impl-thread3] INFO  server.RaftServer$Division (ServerState.java:setRaftConf(386)) - 36185c6b-22ce-45d1-a622-3a6b487a5a53@group-386B2F16DF49: set configuration conf: {index: 1, cur=peers:[36185c6b-22ce-45d1-a622-3a6b487a5a53|127.0.0.1:15071]|listeners:[], old=null}
2025-10-10 10:40:25,192 [36185c6b-22ce-45d1-a622-3a6b487a5a53-impl-thread3] INFO  segmented.LogSegment (LogSegment.java:loadSegment(171)) - Successfully read 2 entries from segment file /home/runner/work/ozone/ozone/hadoop-ozone/integration-test/target/test-dir/MiniOzoneClusterImpl-611c99c7-d47b-4433-a4ef-cd0a35b076ef/ozone-metadata/datanode-8/ratis/db5b5c2b-f866-4aec-a921-386b2f16df49/current/log_inprogress_1
2025-10-10 10:40:25,192 [36185c6b-22ce-45d1-a622-3a6b487a5a53-impl-thread3] INFO  segmented.SegmentedRaftLogWorker (SegmentedRaftLogWorker.java:lambda$new$0(141)) - 36185c6b-22ce-45d1-a622-3a6b487a5a53@group-386B2F16DF49-SegmentedRaftLogWorker: flushIndex: setUnconditionally 0 -> 2
2025-10-10 10:40:25,193 [36185c6b-22ce-45d1-a622-3a6b487a5a53-impl-thread3] INFO  segmented.BufferedWriteChannel (BufferedWriteChannel.java:open(61)) - open log_inprogress_1 (append) at position 144
2025-10-10 10:40:25,193 [36185c6b-22ce-45d1-a622-3a6b487a5a53-impl-thread1] INFO  util.JmxRegister (JmxRegister.java:tryRegister(44)) - Successfully registered JMX Bean with object name Ratis:service=RaftServer,group=group-813C05265458,id=36185c6b-22ce-45d1-a622-3a6b487a5a53
2025-10-10 10:40:25,193 [36185c6b-22ce-45d1-a622-3a6b487a5a53-impl-thread1] INFO  util.JmxRegister (JmxRegister.java:register(58)) - register mxBean class org.apache.ratis.server.impl.RaftServerJmxAdapter as Ratis:service=RaftServer,group=group-813C05265458,id=36185c6b-22ce-45d1-a622-3a6b487a5a53
2025-10-10 10:40:25,194 [36185c6b-22ce-45d1-a622-3a6b487a5a53-impl-thread1] INFO  server.RaftServer$Division (RaftServerImpl.java:start(419)) - 36185c6b-22ce-45d1-a622-3a6b487a5a53@group-813C05265458: Successfully started.
2025-10-10 10:40:25,194 [36185c6b-22ce-45d1-a622-3a6b487a5a53-impl-thread3] INFO  server.RaftServer$Division (RaftServerImpl.java:start(405)) - 36185c6b-22ce-45d1-a622-3a6b487a5a53@group-386B2F16DF49: start as a follower, conf=conf: {index: 1, cur=peers:[36185c6b-22ce-45d1-a622-3a6b487a5a53|127.0.0.1:15071]|listeners:[], old=null}
2025-10-10 10:40:25,194 [36185c6b-22ce-45d1-a622-3a6b487a5a53-impl-thread3] INFO  server.RaftServer$Division (RaftServerImpl.java:setRole(392)) - 36185c6b-22ce-45d1-a622-3a6b487a5a53@group-386B2F16DF49: changes role from      null to FOLLOWER at term 2 for startAsFollower
2025-10-10 10:40:25,194 [36185c6b-22ce-45d1-a622-3a6b487a5a53-impl-thread3] INFO  impl.RoleInfo (RoleInfo.java:updateAndGet(148)) - 36185c6b-22ce-45d1-a622-3a6b487a5a53: start 36185c6b-22ce-45d1-a622-3a6b487a5a53@group-386B2F16DF49-FollowerState
2025-10-10 10:40:25,195 [36185c6b-22ce-45d1-a622-3a6b487a5a53-impl-thread3] INFO  util.JmxRegister (JmxRegister.java:tryRegister(44)) - Successfully registered JMX Bean with object name Ratis:service=RaftServer,group=group-386B2F16DF49,id=36185c6b-22ce-45d1-a622-3a6b487a5a53
2025-10-10 10:40:25,195 [36185c6b-22ce-45d1-a622-3a6b487a5a53-impl-thread3] INFO  util.JmxRegister (JmxRegister.java:register(58)) - register mxBean class org.apache.ratis.server.impl.RaftServerJmxAdapter as Ratis:service=RaftServer,group=group-386B2F16DF49,id=36185c6b-22ce-45d1-a622-3a6b487a5a53
2025-10-10 10:40:25,196 [aa9634f0-8836-44d6-bc05-5b19fbdd93d5@group-813C05265458-FollowerState] INFO  impl.FollowerState (FollowerState.java:runImpl(161)) - aa9634f0-8836-44d6-bc05-5b19fbdd93d5@group-813C05265458-FollowerState: change to CANDIDATE, lastRpcElapsedTime:1167222440ns, electionTimeout:1166ms
2025-10-10 10:40:25,196 [aa9634f0-8836-44d6-bc05-5b19fbdd93d5@group-813C05265458-FollowerState] INFO  impl.RoleInfo (RoleInfo.java:shutdownFollowerState(121)) - aa9634f0-8836-44d6-bc05-5b19fbdd93d5: shutdown aa9634f0-8836-44d6-bc05-5b19fbdd93d5@group-813C05265458-FollowerState
2025-10-10 10:40:25,196 [aa9634f0-8836-44d6-bc05-5b19fbdd93d5@group-813C05265458-FollowerState] INFO  server.RaftServer$Division (RaftServerImpl.java:setRole(392)) - aa9634f0-8836-44d6-bc05-5b19fbdd93d5@group-813C05265458: changes role from  FOLLOWER to CANDIDATE at term 1 for changeToCandidate
2025-10-10 10:40:25,196 [36185c6b-22ce-45d1-a622-3a6b487a5a53-impl-thread3] INFO  server.RaftServer$Division (RaftServerImpl.java:start(419)) - 36185c6b-22ce-45d1-a622-3a6b487a5a53@group-386B2F16DF49: Successfully started.
2025-10-10 10:40:25,196 [aa9634f0-8836-44d6-bc05-5b19fbdd93d5@group-813C05265458-FollowerState] INFO  impl.RoleInfo (RoleInfo.java:updateAndGet(148)) - aa9634f0-8836-44d6-bc05-5b19fbdd93d5: start aa9634f0-8836-44d6-bc05-5b19fbdd93d5@group-813C05265458-LeaderElection288
2025-10-10 10:40:25,196 [36185c6b-22ce-45d1-a622-3a6b487a5a53-impl-thread2] INFO  server.RaftServerConfigKeys (ConfUtils.java:logGet(62)) - raft.server.log.appender.buffer.byte-limit = 33554432 (custom)
2025-10-10 10:40:25,196 [aa9634f0-8836-44d6-bc05-5b19fbdd93d5@group-813C05265458-LeaderElection288] INFO  impl.LeaderElection (LeaderElection.java:askForVotes(448)) - aa9634f0-8836-44d6-bc05-5b19fbdd93d5@group-813C05265458-LeaderElection288 PRE_VOTE round 0: submit vote requests at term 1 for conf: {index: 0, cur=peers:[aa9634f0-8836-44d6-bc05-5b19fbdd93d5|127.0.0.1:15063, 36185c6b-22ce-45d1-a622-3a6b487a5a53|127.0.0.1:15071, 895d447a-5476-42e4-b2fa-6eb687701d46|127.0.0.1:15079]|listeners:[], old=null}
2025-10-10 10:40:25,197 [36185c6b-22ce-45d1-a622-3a6b487a5a53-impl-thread2] INFO  server.RaftServer$Division (ServerState.java:setRaftConf(386)) - 36185c6b-22ce-45d1-a622-3a6b487a5a53@group-6EF60CB14872: set configuration conf: {index: 0, cur=peers:[aa9634f0-8836-44d6-bc05-5b19fbdd93d5|127.0.0.1:15063, 36185c6b-22ce-45d1-a622-3a6b487a5a53|127.0.0.1:15071, 895d447a-5476-42e4-b2fa-6eb687701d46|127.0.0.1:15079]|listeners:[], old=null}
2025-10-10 10:40:25,197 [aa9634f0-8836-44d6-bc05-5b19fbdd93d5@group-813C05265458-LeaderElection288] INFO  impl.LeaderElection (LogUtils.java:infoOrTrace(142)) - aa9634f0-8836-44d6-bc05-5b19fbdd93d5@group-813C05265458-LeaderElection288 got exception when requesting votes: java.util.concurrent.ExecutionException: org.apache.ratis.thirdparty.io.grpc.StatusRuntimeException: UNAVAILABLE: io exception
2025-10-10 10:40:25,197 [aa9634f0-8836-44d6-bc05-5b19fbdd93d5@group-813C05265458-LeaderElection288] INFO  impl.LeaderElection (LogUtils.java:infoOrTrace(142)) - aa9634f0-8836-44d6-bc05-5b19fbdd93d5@group-813C05265458-LeaderElection288 got exception when requesting votes: java.util.concurrent.ExecutionException: org.apache.ratis.thirdparty.io.grpc.StatusRuntimeException: UNAVAILABLE: io exception
2025-10-10 10:40:25,197 [aa9634f0-8836-44d6-bc05-5b19fbdd93d5@group-813C05265458-LeaderElection288] INFO  impl.LeaderElection (LeaderElection.java:logAndReturn(206)) - aa9634f0-8836-44d6-bc05-5b19fbdd93d5@group-813C05265458-LeaderElection288: PRE_VOTE REJECTED received 0 response(s) and 2 exception(s):
2025-10-10 10:40:25,197 [aa9634f0-8836-44d6-bc05-5b19fbdd93d5@group-813C05265458-LeaderElection288] INFO  impl.LeaderElection (LogUtils.java:infoOrTrace(142)) -   Exception 0: java.util.concurrent.ExecutionException: org.apache.ratis.thirdparty.io.grpc.StatusRuntimeException: UNAVAILABLE: io exception
2025-10-10 10:40:25,197 [36185c6b-22ce-45d1-a622-3a6b487a5a53-impl-thread2] INFO  segmented.LogSegment (LogSegment.java:loadSegment(171)) - Successfully read 7 entries from segment file /home/runner/work/ozone/ozone/hadoop-ozone/integration-test/target/test-dir/MiniOzoneClusterImpl-611c99c7-d47b-4433-a4ef-cd0a35b076ef/ozone-metadata/datanode-8/ratis/56f6ef43-c50c-4d35-89b5-6ef60cb14872/current/log_0-6
2025-10-10 10:40:25,197 [aa9634f0-8836-44d6-bc05-5b19fbdd93d5@group-813C05265458-LeaderElection288] INFO  impl.LeaderElection (LogUtils.java:infoOrTrace(142)) -   Exception 1: java.util.concurrent.ExecutionException: org.apache.ratis.thirdparty.io.grpc.StatusRuntimeException: UNAVAILABLE: io exception
2025-10-10 10:40:25,197 [aa9634f0-8836-44d6-bc05-5b19fbdd93d5@group-813C05265458-LeaderElection288] INFO  impl.LeaderElection (LeaderElection.java:askForVotes(450)) - aa9634f0-8836-44d6-bc05-5b19fbdd93d5@group-813C05265458-LeaderElection288 PRE_VOTE round 0: result REJECTED
2025-10-10 10:40:25,198 [aa9634f0-8836-44d6-bc05-5b19fbdd93d5@group-813C05265458-LeaderElection288] INFO  server.RaftServer$Division (RaftServerImpl.java:setRole(392)) - aa9634f0-8836-44d6-bc05-5b19fbdd93d5@group-813C05265458: changes role from CANDIDATE to FOLLOWER at term 1 for REJECTED
2025-10-10 10:40:25,198 [aa9634f0-8836-44d6-bc05-5b19fbdd93d5@group-813C05265458-LeaderElection288] INFO  impl.RoleInfo (RoleInfo.java:shutdownLeaderElection(141)) - aa9634f0-8836-44d6-bc05-5b19fbdd93d5: shutdown aa9634f0-8836-44d6-bc05-5b19fbdd93d5@group-813C05265458-LeaderElection288
2025-10-10 10:40:25,198 [aa9634f0-8836-44d6-bc05-5b19fbdd93d5@group-813C05265458-LeaderElection288] INFO  impl.RoleInfo (RoleInfo.java:updateAndGet(148)) - aa9634f0-8836-44d6-bc05-5b19fbdd93d5: start aa9634f0-8836-44d6-bc05-5b19fbdd93d5@group-813C05265458-FollowerState
2025-10-10 10:40:25,198 [36185c6b-22ce-45d1-a622-3a6b487a5a53-impl-thread2] INFO  server.RaftServer$Division (ServerState.java:setRaftConf(386)) - 36185c6b-22ce-45d1-a622-3a6b487a5a53@group-6EF60CB14872: set configuration conf: {index: 7, cur=peers:[aa9634f0-8836-44d6-bc05-5b19fbdd93d5|127.0.0.1:15063, 36185c6b-22ce-45d1-a622-3a6b487a5a53|127.0.0.1:15071, 895d447a-5476-42e4-b2fa-6eb687701d46|127.0.0.1:15079]|listeners:[], old=null}
2025-10-10 10:40:25,198 [36185c6b-22ce-45d1-a622-3a6b487a5a53-impl-thread2] INFO  segmented.LogSegment (LogSegment.java:loadSegment(171)) - Successfully read 2 entries from segment file /home/runner/work/ozone/ozone/hadoop-ozone/integration-test/target/test-dir/MiniOzoneClusterImpl-611c99c7-d47b-4433-a4ef-cd0a35b076ef/ozone-metadata/datanode-8/ratis/56f6ef43-c50c-4d35-89b5-6ef60cb14872/current/log_7-8
2025-10-10 10:40:25,199 [36185c6b-22ce-45d1-a622-3a6b487a5a53-impl-thread2] INFO  server.RaftServer$Division (ServerState.java:setRaftConf(386)) - 36185c6b-22ce-45d1-a622-3a6b487a5a53@group-6EF60CB14872: set configuration conf: {index: 9, cur=peers:[aa9634f0-8836-44d6-bc05-5b19fbdd93d5|127.0.0.1:15063, 36185c6b-22ce-45d1-a622-3a6b487a5a53|127.0.0.1:15071, 895d447a-5476-42e4-b2fa-6eb687701d46|127.0.0.1:15079]|listeners:[], old=null}
2025-10-10 10:40:25,199 [36185c6b-22ce-45d1-a622-3a6b487a5a53-impl-thread2] INFO  segmented.LogSegment (LogSegment.java:loadSegment(171)) - Successfully read 2 entries from segment file /home/runner/work/ozone/ozone/hadoop-ozone/integration-test/target/test-dir/MiniOzoneClusterImpl-611c99c7-d47b-4433-a4ef-cd0a35b076ef/ozone-metadata/datanode-8/ratis/56f6ef43-c50c-4d35-89b5-6ef60cb14872/current/log_9-10
2025-10-10 10:40:25,199 [36185c6b-22ce-45d1-a622-3a6b487a5a53-impl-thread2] INFO  server.RaftServer$Division (ServerState.java:setRaftConf(386)) - 36185c6b-22ce-45d1-a622-3a6b487a5a53@group-6EF60CB14872: set configuration conf: {index: 11, cur=peers:[aa9634f0-8836-44d6-bc05-5b19fbdd93d5|127.0.0.1:15063, 36185c6b-22ce-45d1-a622-3a6b487a5a53|127.0.0.1:15071, 895d447a-5476-42e4-b2fa-6eb687701d46|127.0.0.1:15079]|listeners:[], old=null}
2025-10-10 10:40:25,199 [36185c6b-22ce-45d1-a622-3a6b487a5a53-impl-thread2] INFO  segmented.LogSegment (LogSegment.java:loadSegment(171)) - Successfully read 9 entries from segment file /home/runner/work/ozone/ozone/hadoop-ozone/integration-test/target/test-dir/MiniOzoneClusterImpl-611c99c7-d47b-4433-a4ef-cd0a35b076ef/ozone-metadata/datanode-8/ratis/56f6ef43-c50c-4d35-89b5-6ef60cb14872/current/log_inprogress_11
2025-10-10 10:40:25,200 [36185c6b-22ce-45d1-a622-3a6b487a5a53-impl-thread2] INFO  segmented.SegmentedRaftLogWorker (SegmentedRaftLogWorker.java:lambda$new$0(141)) - 36185c6b-22ce-45d1-a622-3a6b487a5a53@group-6EF60CB14872-SegmentedRaftLogWorker: flushIndex: setUnconditionally 0 -> 19
2025-10-10 10:40:25,200 [36185c6b-22ce-45d1-a622-3a6b487a5a53-impl-thread2] INFO  segmented.SegmentedRaftLogWorker (SegmentedRaftLogWorker.java:lambda$new$0(141)) - 36185c6b-22ce-45d1-a622-3a6b487a5a53@group-6EF60CB14872-SegmentedRaftLogWorker: safeCacheEvictIndex: setUnconditionally 0 -> 10
2025-10-10 10:40:25,200 [36185c6b-22ce-45d1-a622-3a6b487a5a53-impl-thread2] INFO  segmented.BufferedWriteChannel (BufferedWriteChannel.java:open(61)) - open log_inprogress_11 (append) at position 3173
2025-10-10 10:40:25,200 [36185c6b-22ce-45d1-a622-3a6b487a5a53-impl-thread2] INFO  server.RaftServer$Division (RaftServerImpl.java:start(405)) - 36185c6b-22ce-45d1-a622-3a6b487a5a53@group-6EF60CB14872: start as a follower, conf=conf: {index: 11, cur=peers:[aa9634f0-8836-44d6-bc05-5b19fbdd93d5|127.0.0.1:15063, 36185c6b-22ce-45d1-a622-3a6b487a5a53|127.0.0.1:15071, 895d447a-5476-42e4-b2fa-6eb687701d46|127.0.0.1:15079]|listeners:[], old=null}
2025-10-10 10:40:25,200 [36185c6b-22ce-45d1-a622-3a6b487a5a53-impl-thread2] INFO  server.RaftServer$Division (RaftServerImpl.java:setRole(392)) - 36185c6b-22ce-45d1-a622-3a6b487a5a53@group-6EF60CB14872: changes role from      null to FOLLOWER at term 4 for startAsFollower
2025-10-10 10:40:25,200 [36185c6b-22ce-45d1-a622-3a6b487a5a53-impl-thread2] INFO  impl.RoleInfo (RoleInfo.java:updateAndGet(148)) - 36185c6b-22ce-45d1-a622-3a6b487a5a53: start 36185c6b-22ce-45d1-a622-3a6b487a5a53@group-6EF60CB14872-FollowerState
2025-10-10 10:40:25,201 [36185c6b-22ce-45d1-a622-3a6b487a5a53-impl-thread2] INFO  util.JmxRegister (JmxRegister.java:tryRegister(44)) - Successfully registered JMX Bean with object name Ratis:service=RaftServer,group=group-6EF60CB14872,id=36185c6b-22ce-45d1-a622-3a6b487a5a53
2025-10-10 10:40:25,201 [36185c6b-22ce-45d1-a622-3a6b487a5a53-impl-thread2] INFO  util.JmxRegister (JmxRegister.java:register(58)) - register mxBean class org.apache.ratis.server.impl.RaftServerJmxAdapter as Ratis:service=RaftServer,group=group-6EF60CB14872,id=36185c6b-22ce-45d1-a622-3a6b487a5a53
2025-10-10 10:40:25,201 [36185c6b-22ce-45d1-a622-3a6b487a5a53-impl-thread2] INFO  server.RaftServer$Division (RaftServerImpl.java:start(419)) - 36185c6b-22ce-45d1-a622-3a6b487a5a53@group-6EF60CB14872: Successfully started.
2025-10-10 10:40:25,201 [36185c6b-22ce-45d1-a622-3a6b487a5a53-EndpointStateMachineTaskThread-/0.0.0.0:15002-0 ] INFO  server.RaftServer (RaftServerProxy.java:startImpl(412)) - 36185c6b-22ce-45d1-a622-3a6b487a5a53: start RPC server
2025-10-10 10:40:25,202 [36185c6b-22ce-45d1-a622-3a6b487a5a53-EndpointStateMachineTaskThread-/0.0.0.0:15002-0 ] INFO  server.GrpcServicesImpl (GrpcServicesImpl.java:startImpl(346)) - 36185c6b-22ce-45d1-a622-3a6b487a5a53: GrpcServicesImpl started, listening on 15069
2025-10-10 10:40:25,202 [36185c6b-22ce-45d1-a622-3a6b487a5a53-EndpointStateMachineTaskThread-/0.0.0.0:15002-0 ] INFO  server.GrpcServicesImpl (GrpcServicesImpl.java:startImpl(346)) - 36185c6b-22ce-45d1-a622-3a6b487a5a53: GrpcServicesImpl started, listening on 15071
2025-10-10 10:40:25,202 [36185c6b-22ce-45d1-a622-3a6b487a5a53-EndpointStateMachineTaskThread-/0.0.0.0:15002-0 ] INFO  server.GrpcServicesImpl (GrpcServicesImpl.java:startImpl(346)) - 36185c6b-22ce-45d1-a622-3a6b487a5a53: GrpcServicesImpl started, listening on 15070
2025-10-10 10:40:25,202 [JvmPauseMonitor17] INFO  util.JvmPauseMonitor (JvmPauseMonitor.java:run(146)) - JvmPauseMonitor-36185c6b-22ce-45d1-a622-3a6b487a5a53: Started
2025-10-10 10:40:25,203 [36185c6b-22ce-45d1-a622-3a6b487a5a53-EndpointStateMachineTaskThread-/0.0.0.0:15002-0 ] INFO  ratis.XceiverServerRatis (XceiverServerRatis.java:getRealPort(586)) - XceiverServerRatis(36185c6b-22ce-45d1-a622-3a6b487a5a53) is started using port RATIS=15069
2025-10-10 10:40:25,203 [36185c6b-22ce-45d1-a622-3a6b487a5a53-EndpointStateMachineTaskThread-/0.0.0.0:15002-0 ] INFO  ratis.XceiverServerRatis (XceiverServerRatis.java:getRealPort(586)) - XceiverServerRatis(36185c6b-22ce-45d1-a622-3a6b487a5a53) is started using port RATIS_ADMIN=15070
2025-10-10 10:40:25,203 [36185c6b-22ce-45d1-a622-3a6b487a5a53-EndpointStateMachineTaskThread-/0.0.0.0:15002-0 ] INFO  ratis.XceiverServerRatis (XceiverServerRatis.java:getRealPort(586)) - XceiverServerRatis(36185c6b-22ce-45d1-a622-3a6b487a5a53) is started using port RATIS_SERVER=15071
2025-10-10 10:40:25,203 [36185c6b-22ce-45d1-a622-3a6b487a5a53-EndpointStateMachineTaskThread-/0.0.0.0:15002-0 ] INFO  ratis.XceiverServerRatis (XceiverServerRatis.java:getRealPort(586)) - XceiverServerRatis(36185c6b-22ce-45d1-a622-3a6b487a5a53) is started using port RATIS_DATASTREAM=15072
2025-10-10 10:40:25,203 [36185c6b-22ce-45d1-a622-3a6b487a5a53-EndpointStateMachineTaskThread-/0.0.0.0:15002-0 ] INFO  utils.BackgroundService (BackgroundService.java:start(119)) - Starting service BlockDeletingService with interval 60000 milliseconds
2025-10-10 10:40:25,203 [36185c6b-22ce-45d1-a622-3a6b487a5a53-EndpointStateMachineTaskThread-/0.0.0.0:15002-0 ] INFO  utils.BackgroundService (BackgroundService.java:start(119)) - Starting service StaleRecoveringContainerScrubbingService with interval 60000 milliseconds
2025-10-10 10:40:25,374 [895d447a-5476-42e4-b2fa-6eb687701d46-ContainerReader-0] INFO  ozoneimpl.ContainerReader (ContainerReader.java:readVolume(147)) - Start to verify containers on volume /home/runner/work/ozone/ozone/hadoop-ozone/integration-test/target/test-dir/MiniOzoneClusterImpl-611c99c7-d47b-4433-a4ef-cd0a35b076ef/ozone-metadata/datanode-9/data-0/hdds
2025-10-10 10:40:25,377 [895d447a-5476-42e4-b2fa-6eb687701d46-ContainerReader-0] WARN  helpers.KeyValueContainerUtil (KeyValueContainerUtil.java:populateContainerMetadata(329)) - Missing pendingDeleteBlockCount from metadata: recalculate them from block table
2025-10-10 10:40:25,380 [895d447a-5476-42e4-b2fa-6eb687701d46-ContainerReader-0] WARN  helpers.KeyValueContainerUtil (KeyValueContainerUtil.java:populateContainerMetadata(329)) - Missing pendingDeleteBlockCount from metadata: recalculate them from block table
2025-10-10 10:40:25,382 [895d447a-5476-42e4-b2fa-6eb687701d46-ContainerReader-0] INFO  ozoneimpl.ContainerReader (ContainerReader.java:readVolume(177)) - Finish verifying containers on volume /home/runner/work/ozone/ozone/hadoop-ozone/integration-test/target/test-dir/MiniOzoneClusterImpl-611c99c7-d47b-4433-a4ef-cd0a35b076ef/ozone-metadata/datanode-9/data-0/hdds
2025-10-10 10:40:25,382 [895d447a-5476-42e4-b2fa-6eb687701d46-EndpointStateMachineTaskThread-/0.0.0.0:15002-0 ] INFO  ozoneimpl.OzoneContainer (OzoneContainer.java:buildContainerSet(370)) - Build ContainerSet costs 0s
2025-10-10 10:40:25,383 [895d447a-5476-42e4-b2fa-6eb687701d46-EndpointStateMachineTaskThread-/0.0.0.0:15002-0 ] INFO  volume.ThrottledAsyncChecker (ThrottledAsyncChecker.java:schedule(138)) - Scheduling a check for /home/runner/work/ozone/ozone/hadoop-ozone/integration-test/target/test-dir/MiniOzoneClusterImpl-611c99c7-d47b-4433-a4ef-cd0a35b076ef/ozone-metadata/datanode-9/data-0/hdds
2025-10-10 10:40:25,384 [895d447a-5476-42e4-b2fa-6eb687701d46-EndpointStateMachineTaskThread-/0.0.0.0:15002-0 ] INFO  volume.StorageVolumeChecker (StorageVolumeChecker.java:checkAllVolumes(231)) - Scheduled health check for volume /home/runner/work/ozone/ozone/hadoop-ozone/integration-test/target/test-dir/MiniOzoneClusterImpl-611c99c7-d47b-4433-a4ef-cd0a35b076ef/ozone-metadata/datanode-9/data-0/hdds
2025-10-10 10:40:25,387 [895d447a-5476-42e4-b2fa-6eb687701d46-EndpointStateMachineTaskThread-/0.0.0.0:15002-0 ] INFO  volume.ThrottledAsyncChecker (ThrottledAsyncChecker.java:schedule(138)) - Scheduling a check for /home/runner/work/ozone/ozone/hadoop-ozone/integration-test/target/test-dir/MiniOzoneClusterImpl-611c99c7-d47b-4433-a4ef-cd0a35b076ef/ozone-metadata/datanode-9/ratis
2025-10-10 10:40:25,387 [895d447a-5476-42e4-b2fa-6eb687701d46-EndpointStateMachineTaskThread-/0.0.0.0:15002-0 ] INFO  volume.StorageVolumeChecker (StorageVolumeChecker.java:checkAllVolumes(231)) - Scheduled health check for volume /home/runner/work/ozone/ozone/hadoop-ozone/integration-test/target/test-dir/MiniOzoneClusterImpl-611c99c7-d47b-4433-a4ef-cd0a35b076ef/ozone-metadata/datanode-9/ratis
2025-10-10 10:40:25,387 [895d447a-5476-42e4-b2fa-6eb687701d46-EndpointStateMachineTaskThread-/0.0.0.0:15002-0 ] INFO  ozoneimpl.OzoneContainer (OzoneContainer.java:start(525)) - Attempting to start container services.
2025-10-10 10:40:25,388 [ContainerDataScanner(/home/runner/work/ozone/ozone/hadoop-ozone/integration-test/target/test-dir/MiniOzoneClusterImpl-611c99c7-d47b-4433-a4ef-cd0a35b076ef/ozone-metadata/datanode-9/data-0/hdds)] INFO  ozoneimpl.AbstractBackgroundContainerScanner (AbstractBackgroundContainerScanner.java:runIteration(89)) - Completed an iteration in 0 minutes. Number of iterations (since the data-node restart) : 1, Number of containers scanned in this iteration : 0, Number of unhealthy containers found in this iteration : 0
2025-10-10 10:40:25,389 [895d447a-5476-42e4-b2fa-6eb687701d46-EndpointStateMachineTaskThread-/0.0.0.0:15002-0 ] INFO  replication.ReplicationServer (ReplicationServer.java:start(137)) - ReplicationServer is started using port 15081
2025-10-10 10:40:25,389 [895d447a-5476-42e4-b2fa-6eb687701d46-EndpointStateMachineTaskThread-/0.0.0.0:15002-0 ] INFO  ratis.XceiverServerRatis (XceiverServerRatis.java:start(559)) - Starting XceiverServerRatis(895d447a-5476-42e4-b2fa-6eb687701d46)
2025-10-10 10:40:25,390 [ContainerMetadataScanner] INFO  ozoneimpl.AbstractBackgroundContainerScanner (AbstractBackgroundContainerScanner.java:runIteration(89)) - Completed an iteration in 0 minutes. Number of iterations (since the data-node restart) : 1, Number of containers scanned in this iteration : 1, Number of unhealthy containers found in this iteration : 0
2025-10-10 10:40:25,390 [895d447a-5476-42e4-b2fa-6eb687701d46-impl-thread1] INFO  server.RaftServerConfigKeys (ConfUtils.java:logGet(62)) - raft.server.storage.dir = [/home/runner/work/ozone/ozone/hadoop-ozone/integration-test/target/test-dir/MiniOzoneClusterImpl-611c99c7-d47b-4433-a4ef-cd0a35b076ef/ozone-metadata/datanode-9/ratis] (custom)
2025-10-10 10:40:25,391 [895d447a-5476-42e4-b2fa-6eb687701d46-impl-thread2] INFO  storage.RaftStorageDirectory (RaftStorageDirectoryImpl.java:tryLock(229)) - Lock on /home/runner/work/ozone/ozone/hadoop-ozone/integration-test/target/test-dir/MiniOzoneClusterImpl-611c99c7-d47b-4433-a4ef-cd0a35b076ef/ozone-metadata/datanode-9/ratis/1890b19a-2da7-4d82-9892-263a5124e6e8/in_use.lock acquired by nodename 58401@localhost
2025-10-10 10:40:25,391 [895d447a-5476-42e4-b2fa-6eb687701d46-impl-thread1] INFO  storage.RaftStorageDirectory (RaftStorageDirectoryImpl.java:tryLock(229)) - Lock on /home/runner/work/ozone/ozone/hadoop-ozone/integration-test/target/test-dir/MiniOzoneClusterImpl-611c99c7-d47b-4433-a4ef-cd0a35b076ef/ozone-metadata/datanode-9/ratis/e51e4850-930a-48f3-bb77-813c05265458/in_use.lock acquired by nodename 58401@localhost
2025-10-10 10:40:25,391 [895d447a-5476-42e4-b2fa-6eb687701d46-impl-thread1] INFO  storage.RaftStorage (RaftStorageImpl.java:analyzeAndRecoverStorage(118)) - Read RaftStorageMetadata{term=1, votedFor=aa9634f0-8836-44d6-bc05-5b19fbdd93d5} from /home/runner/work/ozone/ozone/hadoop-ozone/integration-test/target/test-dir/MiniOzoneClusterImpl-611c99c7-d47b-4433-a4ef-cd0a35b076ef/ozone-metadata/datanode-9/ratis/e51e4850-930a-48f3-bb77-813c05265458/current/raft-meta
2025-10-10 10:40:25,391 [895d447a-5476-42e4-b2fa-6eb687701d46-impl-thread2] INFO  storage.RaftStorage (RaftStorageImpl.java:analyzeAndRecoverStorage(118)) - Read RaftStorageMetadata{term=2, votedFor=895d447a-5476-42e4-b2fa-6eb687701d46} from /home/runner/work/ozone/ozone/hadoop-ozone/integration-test/target/test-dir/MiniOzoneClusterImpl-611c99c7-d47b-4433-a4ef-cd0a35b076ef/ozone-metadata/datanode-9/ratis/1890b19a-2da7-4d82-9892-263a5124e6e8/current/raft-meta
2025-10-10 10:40:25,391 [895d447a-5476-42e4-b2fa-6eb687701d46-impl-thread2] INFO  server.RaftServer$Division (ServerState.java:setRaftConf(386)) - 895d447a-5476-42e4-b2fa-6eb687701d46@group-263A5124E6E8: set configuration conf: {index: 1, cur=peers:[895d447a-5476-42e4-b2fa-6eb687701d46|127.0.0.1:15079]|listeners:[], old=null}
2025-10-10 10:40:25,391 [895d447a-5476-42e4-b2fa-6eb687701d46-impl-thread1] INFO  server.RaftServer$Division (ServerState.java:setRaftConf(386)) - 895d447a-5476-42e4-b2fa-6eb687701d46@group-813C05265458: set configuration conf: {index: 0, cur=peers:[aa9634f0-8836-44d6-bc05-5b19fbdd93d5|127.0.0.1:15063, 36185c6b-22ce-45d1-a622-3a6b487a5a53|127.0.0.1:15071, 895d447a-5476-42e4-b2fa-6eb687701d46|127.0.0.1:15079]|listeners:[], old=null}
2025-10-10 10:40:25,392 [895d447a-5476-42e4-b2fa-6eb687701d46-impl-thread3] INFO  storage.RaftStorageDirectory (RaftStorageDirectoryImpl.java:tryLock(229)) - Lock on /home/runner/work/ozone/ozone/hadoop-ozone/integration-test/target/test-dir/MiniOzoneClusterImpl-611c99c7-d47b-4433-a4ef-cd0a35b076ef/ozone-metadata/datanode-9/ratis/56f6ef43-c50c-4d35-89b5-6ef60cb14872/in_use.lock acquired by nodename 58401@localhost
2025-10-10 10:40:25,392 [895d447a-5476-42e4-b2fa-6eb687701d46-impl-thread3] INFO  storage.RaftStorage (RaftStorageImpl.java:analyzeAndRecoverStorage(118)) - Read RaftStorageMetadata{term=5, votedFor=895d447a-5476-42e4-b2fa-6eb687701d46} from /home/runner/work/ozone/ozone/hadoop-ozone/integration-test/target/test-dir/MiniOzoneClusterImpl-611c99c7-d47b-4433-a4ef-cd0a35b076ef/ozone-metadata/datanode-9/ratis/56f6ef43-c50c-4d35-89b5-6ef60cb14872/current/raft-meta
2025-10-10 10:40:25,392 [895d447a-5476-42e4-b2fa-6eb687701d46-impl-thread1] INFO  ratis.ContainerStateMachine (ContainerStateMachine.java:initialize(339)) - 895d447a-5476-42e4-b2fa-6eb687701d46: initialize group-813C05265458
2025-10-10 10:40:25,392 [895d447a-5476-42e4-b2fa-6eb687701d46-impl-thread3] INFO  server.RaftServer$Division (ServerState.java:setRaftConf(386)) - 895d447a-5476-42e4-b2fa-6eb687701d46@group-6EF60CB14872: set configuration conf: {index: 20, cur=peers:[aa9634f0-8836-44d6-bc05-5b19fbdd93d5|127.0.0.1:15063, 36185c6b-22ce-45d1-a622-3a6b487a5a53|127.0.0.1:15071, 895d447a-5476-42e4-b2fa-6eb687701d46|127.0.0.1:15079]|listeners:[], old=null}
2025-10-10 10:40:25,392 [895d447a-5476-42e4-b2fa-6eb687701d46-impl-thread2] INFO  ratis.ContainerStateMachine (ContainerStateMachine.java:initialize(339)) - 895d447a-5476-42e4-b2fa-6eb687701d46: initialize group-263A5124E6E8
2025-10-10 10:40:25,392 [895d447a-5476-42e4-b2fa-6eb687701d46-impl-thread2] INFO  ratis.ContainerStateMachine (ContainerStateMachine.java:loadSnapshot(356)) - group-263A5124E6E8: Setting the last applied index to (t:2, i:2)
2025-10-10 10:40:25,392 [895d447a-5476-42e4-b2fa-6eb687701d46-impl-thread2] INFO  server.RaftServerConfigKeys (ConfUtils.java:logGet(62)) - raft.server.log.appender.buffer.byte-limit = 33554432 (custom)
2025-10-10 10:40:25,392 [895d447a-5476-42e4-b2fa-6eb687701d46-impl-thread1] INFO  ratis.ContainerStateMachine (ContainerStateMachine.java:loadSnapshot(356)) - group-813C05265458: Setting the last applied index to (t:1, i:0)
2025-10-10 10:40:25,393 [895d447a-5476-42e4-b2fa-6eb687701d46-impl-thread1] INFO  server.RaftServerConfigKeys (ConfUtils.java:logGet(62)) - raft.server.log.appender.buffer.byte-limit = 33554432 (custom)
2025-10-10 10:40:25,392 [895d447a-5476-42e4-b2fa-6eb687701d46-impl-thread3] INFO  ratis.ContainerStateMachine (ContainerStateMachine.java:initialize(339)) - 895d447a-5476-42e4-b2fa-6eb687701d46: initialize group-6EF60CB14872
2025-10-10 10:40:25,393 [895d447a-5476-42e4-b2fa-6eb687701d46-impl-thread3] INFO  ratis.ContainerStateMachine (ContainerStateMachine.java:loadSnapshot(356)) - group-6EF60CB14872: Setting the last applied index to (t:5, i:21)
2025-10-10 10:40:25,394 [895d447a-5476-42e4-b2fa-6eb687701d46-impl-thread3] INFO  server.RaftServerConfigKeys (ConfUtils.java:logGet(62)) - raft.server.log.appender.buffer.byte-limit = 33554432 (custom)
2025-10-10 10:40:25,400 [895d447a-5476-42e4-b2fa-6eb687701d46-impl-thread1] INFO  server.RaftServerConfigKeys (ConfUtils.java:logGet(62)) - raft.server.log.segment.size.max = 67108864 (custom)
2025-10-10 10:40:25,402 [895d447a-5476-42e4-b2fa-6eb687701d46-impl-thread1] INFO  server.RaftServerConfigKeys (ConfUtils.java:logGet(62)) - raft.server.log.appender.buffer.byte-limit = 33554432 (custom)
2025-10-10 10:40:25,402 [895d447a-5476-42e4-b2fa-6eb687701d46-impl-thread1] INFO  util.AwaitToRun (AwaitToRun.java:start(81)) - Thread[#3539,895d447a-5476-42e4-b2fa-6eb687701d46@group-813C05265458-cacheEviction-AwaitToRun,5,main] started
2025-10-10 10:40:25,402 [895d447a-5476-42e4-b2fa-6eb687701d46-impl-thread1] INFO  segmented.SegmentedRaftLogWorker (SegmentedRaftLogWorker.java:<init>(190)) - new 895d447a-5476-42e4-b2fa-6eb687701d46@group-813C05265458-SegmentedRaftLogWorker for RaftStorageImpl:Storage Directory /home/runner/work/ozone/ozone/hadoop-ozone/integration-test/target/test-dir/MiniOzoneClusterImpl-611c99c7-d47b-4433-a4ef-cd0a35b076ef/ozone-metadata/datanode-9/ratis/e51e4850-930a-48f3-bb77-813c05265458
2025-10-10 10:40:25,402 [895d447a-5476-42e4-b2fa-6eb687701d46-impl-thread1] INFO  server.RaftServerConfigKeys (ConfUtils.java:logGet(62)) - raft.server.log.queue.byte-limit = 4294967296 (custom)
2025-10-10 10:40:25,402 [895d447a-5476-42e4-b2fa-6eb687701d46-impl-thread1] INFO  server.RaftServerConfigKeys (ConfUtils.java:logGet(62)) - raft.server.log.segment.size.max = 67108864 (custom)
2025-10-10 10:40:25,402 [895d447a-5476-42e4-b2fa-6eb687701d46-impl-thread1] INFO  server.RaftServerConfigKeys (ConfUtils.java:logGet(62)) - raft.server.log.preallocated.size = 4194304 (custom)
2025-10-10 10:40:25,403 [895d447a-5476-42e4-b2fa-6eb687701d46-impl-thread2] INFO  server.RaftServerConfigKeys (ConfUtils.java:logGet(62)) - raft.server.log.segment.size.max = 67108864 (custom)
2025-10-10 10:40:25,404 [895d447a-5476-42e4-b2fa-6eb687701d46-impl-thread1] INFO  server.RaftServerConfigKeys (ConfUtils.java:logGet(62)) - raft.server.log.write.buffer.size = 33554440 (custom)
2025-10-10 10:40:25,405 [895d447a-5476-42e4-b2fa-6eb687701d46-impl-thread2] INFO  server.RaftServerConfigKeys (ConfUtils.java:logGet(62)) - raft.server.log.appender.buffer.byte-limit = 33554432 (custom)
2025-10-10 10:40:25,405 [895d447a-5476-42e4-b2fa-6eb687701d46-impl-thread3] INFO  server.RaftServerConfigKeys (ConfUtils.java:logGet(62)) - raft.server.log.segment.size.max = 67108864 (custom)
2025-10-10 10:40:25,405 [895d447a-5476-42e4-b2fa-6eb687701d46-impl-thread2] INFO  util.AwaitToRun (AwaitToRun.java:start(81)) - Thread[#3540,895d447a-5476-42e4-b2fa-6eb687701d46@group-263A5124E6E8-cacheEviction-AwaitToRun,5,main] started
2025-10-10 10:40:25,405 [895d447a-5476-42e4-b2fa-6eb687701d46-impl-thread3] INFO  server.RaftServerConfigKeys (ConfUtils.java:logGet(62)) - raft.server.log.appender.buffer.byte-limit = 33554432 (custom)
2025-10-10 10:40:25,405 [895d447a-5476-42e4-b2fa-6eb687701d46-impl-thread2] INFO  segmented.SegmentedRaftLogWorker (SegmentedRaftLogWorker.java:<init>(190)) - new 895d447a-5476-42e4-b2fa-6eb687701d46@group-263A5124E6E8-SegmentedRaftLogWorker for RaftStorageImpl:Storage Directory /home/runner/work/ozone/ozone/hadoop-ozone/integration-test/target/test-dir/MiniOzoneClusterImpl-611c99c7-d47b-4433-a4ef-cd0a35b076ef/ozone-metadata/datanode-9/ratis/1890b19a-2da7-4d82-9892-263a5124e6e8
2025-10-10 10:40:25,406 [895d447a-5476-42e4-b2fa-6eb687701d46-impl-thread2] INFO  server.RaftServerConfigKeys (ConfUtils.java:logGet(62)) - raft.server.log.queue.byte-limit = 4294967296 (custom)
2025-10-10 10:40:25,406 [895d447a-5476-42e4-b2fa-6eb687701d46-impl-thread2] INFO  server.RaftServerConfigKeys (ConfUtils.java:logGet(62)) - raft.server.log.segment.size.max = 67108864 (custom)
2025-10-10 10:40:25,406 [895d447a-5476-42e4-b2fa-6eb687701d46-impl-thread2] INFO  server.RaftServerConfigKeys (ConfUtils.java:logGet(62)) - raft.server.log.preallocated.size = 4194304 (custom)
2025-10-10 10:40:25,406 [895d447a-5476-42e4-b2fa-6eb687701d46-impl-thread3] INFO  util.AwaitToRun (AwaitToRun.java:start(81)) - Thread[#3541,895d447a-5476-42e4-b2fa-6eb687701d46@group-6EF60CB14872-cacheEviction-AwaitToRun,5,main] started
2025-10-10 10:40:25,406 [895d447a-5476-42e4-b2fa-6eb687701d46-impl-thread3] INFO  segmented.SegmentedRaftLogWorker (SegmentedRaftLogWorker.java:<init>(190)) - new 895d447a-5476-42e4-b2fa-6eb687701d46@group-6EF60CB14872-SegmentedRaftLogWorker for RaftStorageImpl:Storage Directory /home/runner/work/ozone/ozone/hadoop-ozone/integration-test/target/test-dir/MiniOzoneClusterImpl-611c99c7-d47b-4433-a4ef-cd0a35b076ef/ozone-metadata/datanode-9/ratis/56f6ef43-c50c-4d35-89b5-6ef60cb14872
2025-10-10 10:40:25,406 [895d447a-5476-42e4-b2fa-6eb687701d46-impl-thread3] INFO  server.RaftServerConfigKeys (ConfUtils.java:logGet(62)) - raft.server.log.queue.byte-limit = 4294967296 (custom)
2025-10-10 10:40:25,406 [895d447a-5476-42e4-b2fa-6eb687701d46-impl-thread3] INFO  server.RaftServerConfigKeys (ConfUtils.java:logGet(62)) - raft.server.log.segment.size.max = 67108864 (custom)
2025-10-10 10:40:25,406 [895d447a-5476-42e4-b2fa-6eb687701d46-impl-thread3] INFO  server.RaftServerConfigKeys (ConfUtils.java:logGet(62)) - raft.server.log.preallocated.size = 4194304 (custom)
2025-10-10 10:40:25,406 [895d447a-5476-42e4-b2fa-6eb687701d46-impl-thread2] INFO  server.RaftServerConfigKeys (ConfUtils.java:logGet(62)) - raft.server.log.write.buffer.size = 33554440 (custom)
2025-10-10 10:40:25,407 [895d447a-5476-42e4-b2fa-6eb687701d46-impl-thread3] INFO  server.RaftServerConfigKeys (ConfUtils.java:logGet(62)) - raft.server.log.write.buffer.size = 33554440 (custom)
2025-10-10 10:40:25,410 [895d447a-5476-42e4-b2fa-6eb687701d46-impl-thread1] INFO  server.RaftServerConfigKeys (ConfUtils.java:logGet(62)) - raft.server.log.appender.buffer.byte-limit = 33554432 (custom)
2025-10-10 10:40:25,411 [895d447a-5476-42e4-b2fa-6eb687701d46-impl-thread1] INFO  server.RaftServer$Division (ServerState.java:setRaftConf(386)) - 895d447a-5476-42e4-b2fa-6eb687701d46@group-813C05265458: set configuration conf: {index: 0, cur=peers:[aa9634f0-8836-44d6-bc05-5b19fbdd93d5|127.0.0.1:15063, 36185c6b-22ce-45d1-a622-3a6b487a5a53|127.0.0.1:15071, 895d447a-5476-42e4-b2fa-6eb687701d46|127.0.0.1:15079]|listeners:[], old=null}
2025-10-10 10:40:25,411 [895d447a-5476-42e4-b2fa-6eb687701d46-impl-thread1] INFO  segmented.LogSegment (LogSegment.java:loadSegment(171)) - Successfully read 1 entries from segment file /home/runner/work/ozone/ozone/hadoop-ozone/integration-test/target/test-dir/MiniOzoneClusterImpl-611c99c7-d47b-4433-a4ef-cd0a35b076ef/ozone-metadata/datanode-9/ratis/e51e4850-930a-48f3-bb77-813c05265458/current/log_inprogress_0
2025-10-10 10:40:25,411 [895d447a-5476-42e4-b2fa-6eb687701d46-impl-thread1] INFO  segmented.SegmentedRaftLogWorker (SegmentedRaftLogWorker.java:lambda$new$0(141)) - 895d447a-5476-42e4-b2fa-6eb687701d46@group-813C05265458-SegmentedRaftLogWorker: safeCacheEvictIndex: setUnconditionally 0 -> -1
2025-10-10 10:40:25,411 [895d447a-5476-42e4-b2fa-6eb687701d46-impl-thread1] INFO  segmented.BufferedWriteChannel (BufferedWriteChannel.java:open(61)) - open log_inprogress_0 (append) at position 351
2025-10-10 10:40:25,411 [895d447a-5476-42e4-b2fa-6eb687701d46-impl-thread1] INFO  server.RaftServer$Division (RaftServerImpl.java:start(405)) - 895d447a-5476-42e4-b2fa-6eb687701d46@group-813C05265458: start as a follower, conf=conf: {index: 0, cur=peers:[aa9634f0-8836-44d6-bc05-5b19fbdd93d5|127.0.0.1:15063, 36185c6b-22ce-45d1-a622-3a6b487a5a53|127.0.0.1:15071, 895d447a-5476-42e4-b2fa-6eb687701d46|127.0.0.1:15079]|listeners:[], old=null}
2025-10-10 10:40:25,411 [895d447a-5476-42e4-b2fa-6eb687701d46-impl-thread1] INFO  server.RaftServer$Division (RaftServerImpl.java:setRole(392)) - 895d447a-5476-42e4-b2fa-6eb687701d46@group-813C05265458: changes role from      null to FOLLOWER at term 1 for startAsFollower
2025-10-10 10:40:25,411 [895d447a-5476-42e4-b2fa-6eb687701d46-impl-thread1] INFO  impl.RoleInfo (RoleInfo.java:updateAndGet(148)) - 895d447a-5476-42e4-b2fa-6eb687701d46: start 895d447a-5476-42e4-b2fa-6eb687701d46@group-813C05265458-FollowerState
2025-10-10 10:40:25,412 [895d447a-5476-42e4-b2fa-6eb687701d46-impl-thread1] INFO  util.JmxRegister (JmxRegister.java:tryRegister(44)) - Successfully registered JMX Bean with object name Ratis:service=RaftServer,group=group-813C05265458,id=895d447a-5476-42e4-b2fa-6eb687701d46
2025-10-10 10:40:25,412 [895d447a-5476-42e4-b2fa-6eb687701d46-impl-thread1] INFO  util.JmxRegister (JmxRegister.java:register(58)) - register mxBean class org.apache.ratis.server.impl.RaftServerJmxAdapter as Ratis:service=RaftServer,group=group-813C05265458,id=895d447a-5476-42e4-b2fa-6eb687701d46
2025-10-10 10:40:25,413 [895d447a-5476-42e4-b2fa-6eb687701d46-impl-thread1] INFO  server.RaftServer$Division (RaftServerImpl.java:start(419)) - 895d447a-5476-42e4-b2fa-6eb687701d46@group-813C05265458: Successfully started.
2025-10-10 10:40:25,414 [895d447a-5476-42e4-b2fa-6eb687701d46-impl-thread3] INFO  server.RaftServerConfigKeys (ConfUtils.java:logGet(62)) - raft.server.log.appender.buffer.byte-limit = 33554432 (custom)
2025-10-10 10:40:25,414 [895d447a-5476-42e4-b2fa-6eb687701d46-impl-thread2] INFO  server.RaftServerConfigKeys (ConfUtils.java:logGet(62)) - raft.server.log.appender.buffer.byte-limit = 33554432 (custom)
2025-10-10 10:40:25,415 [895d447a-5476-42e4-b2fa-6eb687701d46-impl-thread2] INFO  server.RaftServer$Division (ServerState.java:setRaftConf(386)) - 895d447a-5476-42e4-b2fa-6eb687701d46@group-263A5124E6E8: set configuration conf: {index: 0, cur=peers:[895d447a-5476-42e4-b2fa-6eb687701d46|127.0.0.1:15079]|listeners:[], old=null}
2025-10-10 10:40:25,415 [895d447a-5476-42e4-b2fa-6eb687701d46-impl-thread2] INFO  segmented.LogSegment (LogSegment.java:loadSegment(171)) - Successfully read 1 entries from segment file /home/runner/work/ozone/ozone/hadoop-ozone/integration-test/target/test-dir/MiniOzoneClusterImpl-611c99c7-d47b-4433-a4ef-cd0a35b076ef/ozone-metadata/datanode-9/ratis/1890b19a-2da7-4d82-9892-263a5124e6e8/current/log_0-0
2025-10-10 10:40:25,415 [895d447a-5476-42e4-b2fa-6eb687701d46-impl-thread3] INFO  server.RaftServer$Division (ServerState.java:setRaftConf(386)) - 895d447a-5476-42e4-b2fa-6eb687701d46@group-6EF60CB14872: set configuration conf: {index: 0, cur=peers:[aa9634f0-8836-44d6-bc05-5b19fbdd93d5|127.0.0.1:15063, 36185c6b-22ce-45d1-a622-3a6b487a5a53|127.0.0.1:15071, 895d447a-5476-42e4-b2fa-6eb687701d46|127.0.0.1:15079]|listeners:[], old=null}
2025-10-10 10:40:25,415 [895d447a-5476-42e4-b2fa-6eb687701d46-impl-thread2] INFO  server.RaftServer$Division (ServerState.java:setRaftConf(386)) - 895d447a-5476-42e4-b2fa-6eb687701d46@group-263A5124E6E8: set configuration conf: {index: 1, cur=peers:[895d447a-5476-42e4-b2fa-6eb687701d46|127.0.0.1:15079]|listeners:[], old=null}
2025-10-10 10:40:25,416 [895d447a-5476-42e4-b2fa-6eb687701d46-impl-thread2] INFO  segmented.LogSegment (LogSegment.java:loadSegment(171)) - Successfully read 2 entries from segment file /home/runner/work/ozone/ozone/hadoop-ozone/integration-test/target/test-dir/MiniOzoneClusterImpl-611c99c7-d47b-4433-a4ef-cd0a35b076ef/ozone-metadata/datanode-9/ratis/1890b19a-2da7-4d82-9892-263a5124e6e8/current/log_inprogress_1
2025-10-10 10:40:25,416 [895d447a-5476-42e4-b2fa-6eb687701d46-impl-thread2] INFO  segmented.SegmentedRaftLogWorker (SegmentedRaftLogWorker.java:lambda$new$0(141)) - 895d447a-5476-42e4-b2fa-6eb687701d46@group-263A5124E6E8-SegmentedRaftLogWorker: flushIndex: setUnconditionally 0 -> 2
2025-10-10 10:40:25,416 [895d447a-5476-42e4-b2fa-6eb687701d46-impl-thread2] INFO  segmented.BufferedWriteChannel (BufferedWriteChannel.java:open(61)) - open log_inprogress_1 (append) at position 144
2025-10-10 10:40:25,416 [895d447a-5476-42e4-b2fa-6eb687701d46-impl-thread3] INFO  segmented.LogSegment (LogSegment.java:loadSegment(171)) - Successfully read 7 entries from segment file /home/runner/work/ozone/ozone/hadoop-ozone/integration-test/target/test-dir/MiniOzoneClusterImpl-611c99c7-d47b-4433-a4ef-cd0a35b076ef/ozone-metadata/datanode-9/ratis/56f6ef43-c50c-4d35-89b5-6ef60cb14872/current/log_0-6
2025-10-10 10:40:25,416 [895d447a-5476-42e4-b2fa-6eb687701d46-impl-thread2] INFO  server.RaftServer$Division (RaftServerImpl.java:start(405)) - 895d447a-5476-42e4-b2fa-6eb687701d46@group-263A5124E6E8: start as a follower, conf=conf: {index: 1, cur=peers:[895d447a-5476-42e4-b2fa-6eb687701d46|127.0.0.1:15079]|listeners:[], old=null}
2025-10-10 10:40:25,416 [895d447a-5476-42e4-b2fa-6eb687701d46-impl-thread2] INFO  server.RaftServer$Division (RaftServerImpl.java:setRole(392)) - 895d447a-5476-42e4-b2fa-6eb687701d46@group-263A5124E6E8: changes role from      null to FOLLOWER at term 2 for startAsFollower
2025-10-10 10:40:25,416 [895d447a-5476-42e4-b2fa-6eb687701d46-impl-thread2] INFO  impl.RoleInfo (RoleInfo.java:updateAndGet(148)) - 895d447a-5476-42e4-b2fa-6eb687701d46: start 895d447a-5476-42e4-b2fa-6eb687701d46@group-263A5124E6E8-FollowerState
2025-10-10 10:40:25,416 [895d447a-5476-42e4-b2fa-6eb687701d46-impl-thread3] INFO  server.RaftServer$Division (ServerState.java:setRaftConf(386)) - 895d447a-5476-42e4-b2fa-6eb687701d46@group-6EF60CB14872: set configuration conf: {index: 7, cur=peers:[aa9634f0-8836-44d6-bc05-5b19fbdd93d5|127.0.0.1:15063, 36185c6b-22ce-45d1-a622-3a6b487a5a53|127.0.0.1:15071, 895d447a-5476-42e4-b2fa-6eb687701d46|127.0.0.1:15079]|listeners:[], old=null}
2025-10-10 10:40:25,417 [895d447a-5476-42e4-b2fa-6eb687701d46-impl-thread3] INFO  segmented.LogSegment (LogSegment.java:loadSegment(171)) - Successfully read 2 entries from segment file /home/runner/work/ozone/ozone/hadoop-ozone/integration-test/target/test-dir/MiniOzoneClusterImpl-611c99c7-d47b-4433-a4ef-cd0a35b076ef/ozone-metadata/datanode-9/ratis/56f6ef43-c50c-4d35-89b5-6ef60cb14872/current/log_7-8
2025-10-10 10:40:25,417 [895d447a-5476-42e4-b2fa-6eb687701d46-impl-thread2] INFO  util.JmxRegister (JmxRegister.java:tryRegister(44)) - Successfully registered JMX Bean with object name Ratis:service=RaftServer,group=group-263A5124E6E8,id=895d447a-5476-42e4-b2fa-6eb687701d46
2025-10-10 10:40:25,417 [895d447a-5476-42e4-b2fa-6eb687701d46-impl-thread2] INFO  util.JmxRegister (JmxRegister.java:register(58)) - register mxBean class org.apache.ratis.server.impl.RaftServerJmxAdapter as Ratis:service=RaftServer,group=group-263A5124E6E8,id=895d447a-5476-42e4-b2fa-6eb687701d46
2025-10-10 10:40:25,417 [895d447a-5476-42e4-b2fa-6eb687701d46-impl-thread3] INFO  server.RaftServer$Division (ServerState.java:setRaftConf(386)) - 895d447a-5476-42e4-b2fa-6eb687701d46@group-6EF60CB14872: set configuration conf: {index: 9, cur=peers:[aa9634f0-8836-44d6-bc05-5b19fbdd93d5|127.0.0.1:15063, 36185c6b-22ce-45d1-a622-3a6b487a5a53|127.0.0.1:15071, 895d447a-5476-42e4-b2fa-6eb687701d46|127.0.0.1:15079]|listeners:[], old=null}
2025-10-10 10:40:25,417 [895d447a-5476-42e4-b2fa-6eb687701d46-impl-thread3] INFO  segmented.LogSegment (LogSegment.java:loadSegment(171)) - Successfully read 2 entries from segment file /home/runner/work/ozone/ozone/hadoop-ozone/integration-test/target/test-dir/MiniOzoneClusterImpl-611c99c7-d47b-4433-a4ef-cd0a35b076ef/ozone-metadata/datanode-9/ratis/56f6ef43-c50c-4d35-89b5-6ef60cb14872/current/log_9-10
2025-10-10 10:40:25,417 [895d447a-5476-42e4-b2fa-6eb687701d46-impl-thread3] INFO  server.RaftServer$Division (ServerState.java:setRaftConf(386)) - 895d447a-5476-42e4-b2fa-6eb687701d46@group-6EF60CB14872: set configuration conf: {index: 11, cur=peers:[aa9634f0-8836-44d6-bc05-5b19fbdd93d5|127.0.0.1:15063, 36185c6b-22ce-45d1-a622-3a6b487a5a53|127.0.0.1:15071, 895d447a-5476-42e4-b2fa-6eb687701d46|127.0.0.1:15079]|listeners:[], old=null}
2025-10-10 10:40:25,418 [895d447a-5476-42e4-b2fa-6eb687701d46-impl-thread2] INFO  server.RaftServer$Division (RaftServerImpl.java:start(419)) - 895d447a-5476-42e4-b2fa-6eb687701d46@group-263A5124E6E8: Successfully started.
2025-10-10 10:40:25,418 [895d447a-5476-42e4-b2fa-6eb687701d46-impl-thread3] INFO  segmented.LogSegment (LogSegment.java:loadSegment(171)) - Successfully read 9 entries from segment file /home/runner/work/ozone/ozone/hadoop-ozone/integration-test/target/test-dir/MiniOzoneClusterImpl-611c99c7-d47b-4433-a4ef-cd0a35b076ef/ozone-metadata/datanode-9/ratis/56f6ef43-c50c-4d35-89b5-6ef60cb14872/current/log_11-19
2025-10-10 10:40:25,418 [895d447a-5476-42e4-b2fa-6eb687701d46-impl-thread3] INFO  server.RaftServer$Division (ServerState.java:setRaftConf(386)) - 895d447a-5476-42e4-b2fa-6eb687701d46@group-6EF60CB14872: set configuration conf: {index: 20, cur=peers:[aa9634f0-8836-44d6-bc05-5b19fbdd93d5|127.0.0.1:15063, 36185c6b-22ce-45d1-a622-3a6b487a5a53|127.0.0.1:15071, 895d447a-5476-42e4-b2fa-6eb687701d46|127.0.0.1:15079]|listeners:[], old=null}
2025-10-10 10:40:25,418 [895d447a-5476-42e4-b2fa-6eb687701d46-impl-thread3] INFO  segmented.LogSegment (LogSegment.java:loadSegment(171)) - Successfully read 2 entries from segment file /home/runner/work/ozone/ozone/hadoop-ozone/integration-test/target/test-dir/MiniOzoneClusterImpl-611c99c7-d47b-4433-a4ef-cd0a35b076ef/ozone-metadata/datanode-9/ratis/56f6ef43-c50c-4d35-89b5-6ef60cb14872/current/log_inprogress_20
2025-10-10 10:40:25,418 [895d447a-5476-42e4-b2fa-6eb687701d46-impl-thread3] INFO  segmented.SegmentedRaftLogWorker (SegmentedRaftLogWorker.java:lambda$new$0(141)) - 895d447a-5476-42e4-b2fa-6eb687701d46@group-6EF60CB14872-SegmentedRaftLogWorker: flushIndex: setUnconditionally 0 -> 21
2025-10-10 10:40:25,418 [895d447a-5476-42e4-b2fa-6eb687701d46-impl-thread3] INFO  segmented.SegmentedRaftLogWorker (SegmentedRaftLogWorker.java:lambda$new$0(141)) - 895d447a-5476-42e4-b2fa-6eb687701d46@group-6EF60CB14872-SegmentedRaftLogWorker: safeCacheEvictIndex: setUnconditionally 0 -> 19
2025-10-10 10:40:25,419 [895d447a-5476-42e4-b2fa-6eb687701d46-impl-thread3] INFO  segmented.BufferedWriteChannel (BufferedWriteChannel.java:open(61)) - open log_inprogress_20 (append) at position 366
2025-10-10 10:40:25,419 [895d447a-5476-42e4-b2fa-6eb687701d46-impl-thread3] INFO  server.RaftServer$Division (RaftServerImpl.java:start(405)) - 895d447a-5476-42e4-b2fa-6eb687701d46@group-6EF60CB14872: start as a follower, conf=conf: {index: 20, cur=peers:[aa9634f0-8836-44d6-bc05-5b19fbdd93d5|127.0.0.1:15063, 36185c6b-22ce-45d1-a622-3a6b487a5a53|127.0.0.1:15071, 895d447a-5476-42e4-b2fa-6eb687701d46|127.0.0.1:15079]|listeners:[], old=null}
2025-10-10 10:40:25,419 [895d447a-5476-42e4-b2fa-6eb687701d46-impl-thread3] INFO  server.RaftServer$Division (RaftServerImpl.java:setRole(392)) - 895d447a-5476-42e4-b2fa-6eb687701d46@group-6EF60CB14872: changes role from      null to FOLLOWER at term 5 for startAsFollower
2025-10-10 10:40:25,419 [895d447a-5476-42e4-b2fa-6eb687701d46-impl-thread3] INFO  impl.RoleInfo (RoleInfo.java:updateAndGet(148)) - 895d447a-5476-42e4-b2fa-6eb687701d46: start 895d447a-5476-42e4-b2fa-6eb687701d46@group-6EF60CB14872-FollowerState
2025-10-10 10:40:25,420 [895d447a-5476-42e4-b2fa-6eb687701d46-impl-thread3] INFO  util.JmxRegister (JmxRegister.java:tryRegister(44)) - Successfully registered JMX Bean with object name Ratis:service=RaftServer,group=group-6EF60CB14872,id=895d447a-5476-42e4-b2fa-6eb687701d46
2025-10-10 10:40:25,420 [895d447a-5476-42e4-b2fa-6eb687701d46-impl-thread3] INFO  util.JmxRegister (JmxRegister.java:register(58)) - register mxBean class org.apache.ratis.server.impl.RaftServerJmxAdapter as Ratis:service=RaftServer,group=group-6EF60CB14872,id=895d447a-5476-42e4-b2fa-6eb687701d46
2025-10-10 10:40:25,420 [895d447a-5476-42e4-b2fa-6eb687701d46-impl-thread3] INFO  server.RaftServer$Division (RaftServerImpl.java:start(419)) - 895d447a-5476-42e4-b2fa-6eb687701d46@group-6EF60CB14872: Successfully started.
2025-10-10 10:40:25,421 [895d447a-5476-42e4-b2fa-6eb687701d46-EndpointStateMachineTaskThread-/0.0.0.0:15002-0 ] INFO  server.RaftServer (RaftServerProxy.java:startImpl(412)) - 895d447a-5476-42e4-b2fa-6eb687701d46: start RPC server
2025-10-10 10:40:25,421 [895d447a-5476-42e4-b2fa-6eb687701d46-EndpointStateMachineTaskThread-/0.0.0.0:15002-0 ] INFO  server.GrpcServicesImpl (GrpcServicesImpl.java:startImpl(346)) - 895d447a-5476-42e4-b2fa-6eb687701d46: GrpcServicesImpl started, listening on 15077
2025-10-10 10:40:25,422 [895d447a-5476-42e4-b2fa-6eb687701d46-EndpointStateMachineTaskThread-/0.0.0.0:15002-0 ] INFO  server.GrpcServicesImpl (GrpcServicesImpl.java:startImpl(346)) - 895d447a-5476-42e4-b2fa-6eb687701d46: GrpcServicesImpl started, listening on 15079
2025-10-10 10:40:25,422 [895d447a-5476-42e4-b2fa-6eb687701d46-EndpointStateMachineTaskThread-/0.0.0.0:15002-0 ] INFO  server.GrpcServicesImpl (GrpcServicesImpl.java:startImpl(346)) - 895d447a-5476-42e4-b2fa-6eb687701d46: GrpcServicesImpl started, listening on 15078
2025-10-10 10:40:25,422 [895d447a-5476-42e4-b2fa-6eb687701d46-EndpointStateMachineTaskThread-/0.0.0.0:15002-0 ] INFO  ratis.XceiverServerRatis (XceiverServerRatis.java:getRealPort(586)) - XceiverServerRatis(895d447a-5476-42e4-b2fa-6eb687701d46) is started using port RATIS=15077
2025-10-10 10:40:25,422 [895d447a-5476-42e4-b2fa-6eb687701d46-EndpointStateMachineTaskThread-/0.0.0.0:15002-0 ] INFO  ratis.XceiverServerRatis (XceiverServerRatis.java:getRealPort(586)) - XceiverServerRatis(895d447a-5476-42e4-b2fa-6eb687701d46) is started using port RATIS_ADMIN=15078
2025-10-10 10:40:25,423 [895d447a-5476-42e4-b2fa-6eb687701d46-EndpointStateMachineTaskThread-/0.0.0.0:15002-0 ] INFO  ratis.XceiverServerRatis (XceiverServerRatis.java:getRealPort(586)) - XceiverServerRatis(895d447a-5476-42e4-b2fa-6eb687701d46) is started using port RATIS_SERVER=15079
2025-10-10 10:40:25,423 [895d447a-5476-42e4-b2fa-6eb687701d46-EndpointStateMachineTaskThread-/0.0.0.0:15002-0 ] INFO  ratis.XceiverServerRatis (XceiverServerRatis.java:getRealPort(586)) - XceiverServerRatis(895d447a-5476-42e4-b2fa-6eb687701d46) is started using port RATIS_DATASTREAM=15080
2025-10-10 10:40:25,423 [JvmPauseMonitor18] INFO  util.JvmPauseMonitor (JvmPauseMonitor.java:run(146)) - JvmPauseMonitor-895d447a-5476-42e4-b2fa-6eb687701d46: Started
2025-10-10 10:40:25,423 [895d447a-5476-42e4-b2fa-6eb687701d46-EndpointStateMachineTaskThread-/0.0.0.0:15002-0 ] INFO  utils.BackgroundService (BackgroundService.java:start(119)) - Starting service BlockDeletingService with interval 60000 milliseconds
2025-10-10 10:40:25,423 [895d447a-5476-42e4-b2fa-6eb687701d46-EndpointStateMachineTaskThread-/0.0.0.0:15002-0 ] INFO  utils.BackgroundService (BackgroundService.java:start(119)) - Starting service StaleRecoveringContainerScrubbingService with interval 60000 milliseconds
2025-10-10 10:40:25,433 [ad892cb1-3002-4758-a303-de6f39da4dbc-impl-thread3] INFO  segmented.SegmentedRaftLogWorker (SegmentedRaftLogWorker.java:close(254)) - ad892cb1-3002-4758-a303-de6f39da4dbc@group-F0BEA0DF345E-SegmentedRaftLogWorker close()
2025-10-10 10:40:25,434 [ad892cb1-3002-4758-a303-de6f39da4dbc-impl-thread3] INFO  ratis.ContainerStateMachine (ContainerStateMachine.java:notifyServerShutdown(1038)) - group-F0BEA0DF345E is closed by HddsDatanodeService
2025-10-10 10:40:25,469 [ad892cb1-3002-4758-a303-de6f39da4dbc-impl-thread4] INFO  segmented.SegmentedRaftLogWorker (SegmentedRaftLogWorker.java:close(254)) - ad892cb1-3002-4758-a303-de6f39da4dbc@group-4E13145AFCA4-SegmentedRaftLogWorker close()
2025-10-10 10:40:25,469 [ad892cb1-3002-4758-a303-de6f39da4dbc-impl-thread4] INFO  ratis.ContainerStateMachine (ContainerStateMachine.java:notifyServerShutdown(1038)) - group-4E13145AFCA4 is closed by HddsDatanodeService
2025-10-10 10:40:25,543 [aa9634f0-8836-44d6-bc05-5b19fbdd93d5@group-6EF60CB14872-FollowerState] INFO  impl.FollowerState (FollowerState.java:runImpl(161)) - aa9634f0-8836-44d6-bc05-5b19fbdd93d5@group-6EF60CB14872-FollowerState: change to CANDIDATE, lastRpcElapsedTime:1167741618ns, electionTimeout:1164ms
2025-10-10 10:40:25,543 [aa9634f0-8836-44d6-bc05-5b19fbdd93d5@group-6EF60CB14872-FollowerState] INFO  impl.RoleInfo (RoleInfo.java:shutdownFollowerState(121)) - aa9634f0-8836-44d6-bc05-5b19fbdd93d5: shutdown aa9634f0-8836-44d6-bc05-5b19fbdd93d5@group-6EF60CB14872-FollowerState
2025-10-10 10:40:25,543 [aa9634f0-8836-44d6-bc05-5b19fbdd93d5@group-6EF60CB14872-FollowerState] INFO  server.RaftServer$Division (RaftServerImpl.java:setRole(392)) - aa9634f0-8836-44d6-bc05-5b19fbdd93d5@group-6EF60CB14872: changes role from  FOLLOWER to CANDIDATE at term 5 for changeToCandidate
2025-10-10 10:40:25,543 [aa9634f0-8836-44d6-bc05-5b19fbdd93d5@group-6EF60CB14872-FollowerState] INFO  impl.RoleInfo (RoleInfo.java:updateAndGet(148)) - aa9634f0-8836-44d6-bc05-5b19fbdd93d5: start aa9634f0-8836-44d6-bc05-5b19fbdd93d5@group-6EF60CB14872-LeaderElection289
2025-10-10 10:40:25,544 [aa9634f0-8836-44d6-bc05-5b19fbdd93d5@group-6EF60CB14872-LeaderElection289] INFO  impl.LeaderElection (LeaderElection.java:askForVotes(448)) - aa9634f0-8836-44d6-bc05-5b19fbdd93d5@group-6EF60CB14872-LeaderElection289 PRE_VOTE round 0: submit vote requests at term 5 for conf: {index: 20, cur=peers:[aa9634f0-8836-44d6-bc05-5b19fbdd93d5|127.0.0.1:15063, 36185c6b-22ce-45d1-a622-3a6b487a5a53|127.0.0.1:15071, 895d447a-5476-42e4-b2fa-6eb687701d46|127.0.0.1:15079]|listeners:[], old=null}
2025-10-10 10:40:25,544 [aa9634f0-8836-44d6-bc05-5b19fbdd93d5@group-6EF60CB14872-LeaderElection289] INFO  impl.LeaderElection (LogUtils.java:infoOrTrace(142)) - aa9634f0-8836-44d6-bc05-5b19fbdd93d5@group-6EF60CB14872-LeaderElection289 got exception when requesting votes: java.util.concurrent.ExecutionException: org.apache.ratis.thirdparty.io.grpc.StatusRuntimeException: UNAVAILABLE: io exception
2025-10-10 10:40:25,544 [aa9634f0-8836-44d6-bc05-5b19fbdd93d5@group-6EF60CB14872-LeaderElection289] INFO  impl.LeaderElection (LogUtils.java:infoOrTrace(142)) - aa9634f0-8836-44d6-bc05-5b19fbdd93d5@group-6EF60CB14872-LeaderElection289 got exception when requesting votes: java.util.concurrent.ExecutionException: org.apache.ratis.thirdparty.io.grpc.StatusRuntimeException: UNAVAILABLE: io exception
2025-10-10 10:40:25,544 [aa9634f0-8836-44d6-bc05-5b19fbdd93d5@group-6EF60CB14872-LeaderElection289] INFO  impl.LeaderElection (LeaderElection.java:logAndReturn(206)) - aa9634f0-8836-44d6-bc05-5b19fbdd93d5@group-6EF60CB14872-LeaderElection289: PRE_VOTE REJECTED received 0 response(s) and 2 exception(s):
2025-10-10 10:40:25,544 [aa9634f0-8836-44d6-bc05-5b19fbdd93d5@group-6EF60CB14872-LeaderElection289] INFO  impl.LeaderElection (LogUtils.java:infoOrTrace(142)) -   Exception 0: java.util.concurrent.ExecutionException: org.apache.ratis.thirdparty.io.grpc.StatusRuntimeException: UNAVAILABLE: io exception
2025-10-10 10:40:25,545 [aa9634f0-8836-44d6-bc05-5b19fbdd93d5@group-6EF60CB14872-LeaderElection289] INFO  impl.LeaderElection (LogUtils.java:infoOrTrace(142)) -   Exception 1: java.util.concurrent.ExecutionException: org.apache.ratis.thirdparty.io.grpc.StatusRuntimeException: UNAVAILABLE: io exception
2025-10-10 10:40:25,545 [aa9634f0-8836-44d6-bc05-5b19fbdd93d5@group-6EF60CB14872-LeaderElection289] INFO  impl.LeaderElection (LeaderElection.java:askForVotes(450)) - aa9634f0-8836-44d6-bc05-5b19fbdd93d5@group-6EF60CB14872-LeaderElection289 PRE_VOTE round 0: result REJECTED
2025-10-10 10:40:25,545 [aa9634f0-8836-44d6-bc05-5b19fbdd93d5@group-6EF60CB14872-LeaderElection289] INFO  server.RaftServer$Division (RaftServerImpl.java:setRole(392)) - aa9634f0-8836-44d6-bc05-5b19fbdd93d5@group-6EF60CB14872: changes role from CANDIDATE to FOLLOWER at term 5 for REJECTED
2025-10-10 10:40:25,545 [aa9634f0-8836-44d6-bc05-5b19fbdd93d5@group-6EF60CB14872-LeaderElection289] INFO  impl.RoleInfo (RoleInfo.java:shutdownLeaderElection(141)) - aa9634f0-8836-44d6-bc05-5b19fbdd93d5: shutdown aa9634f0-8836-44d6-bc05-5b19fbdd93d5@group-6EF60CB14872-LeaderElection289
2025-10-10 10:40:25,545 [aa9634f0-8836-44d6-bc05-5b19fbdd93d5@group-6EF60CB14872-LeaderElection289] INFO  impl.RoleInfo (RoleInfo.java:updateAndGet(148)) - aa9634f0-8836-44d6-bc05-5b19fbdd93d5: start aa9634f0-8836-44d6-bc05-5b19fbdd93d5@group-6EF60CB14872-FollowerState
2025-10-10 10:40:25,931 [ad892cb1-3002-4758-a303-de6f39da4dbc-impl-thread2] INFO  segmented.SegmentedRaftLogWorker (SegmentedRaftLogWorker.java:close(254)) - ad892cb1-3002-4758-a303-de6f39da4dbc@group-7FE9BF83969B-SegmentedRaftLogWorker close()
2025-10-10 10:40:25,931 [ad892cb1-3002-4758-a303-de6f39da4dbc-impl-thread2] INFO  ratis.ContainerStateMachine (ContainerStateMachine.java:notifyServerShutdown(1038)) - group-7FE9BF83969B is closed by HddsDatanodeService
2025-10-10 10:40:25,931 [JvmPauseMonitor6] INFO  util.JvmPauseMonitor (JvmPauseMonitor.java:run(152)) - JvmPauseMonitor-ad892cb1-3002-4758-a303-de6f39da4dbc: Stopped
2025-10-10 10:40:26,224 [36185c6b-22ce-45d1-a622-3a6b487a5a53@group-6EF60CB14872-FollowerState] INFO  impl.FollowerState (FollowerState.java:runImpl(161)) - 36185c6b-22ce-45d1-a622-3a6b487a5a53@group-6EF60CB14872-FollowerState: change to CANDIDATE, lastRpcElapsedTime:1024324546ns, electionTimeout:1024ms
2025-10-10 10:40:26,225 [36185c6b-22ce-45d1-a622-3a6b487a5a53@group-6EF60CB14872-FollowerState] INFO  impl.RoleInfo (RoleInfo.java:shutdownFollowerState(121)) - 36185c6b-22ce-45d1-a622-3a6b487a5a53: shutdown 36185c6b-22ce-45d1-a622-3a6b487a5a53@group-6EF60CB14872-FollowerState
2025-10-10 10:40:26,225 [36185c6b-22ce-45d1-a622-3a6b487a5a53@group-6EF60CB14872-FollowerState] INFO  server.RaftServer$Division (RaftServerImpl.java:setRole(392)) - 36185c6b-22ce-45d1-a622-3a6b487a5a53@group-6EF60CB14872: changes role from  FOLLOWER to CANDIDATE at term 4 for changeToCandidate
2025-10-10 10:40:26,225 [36185c6b-22ce-45d1-a622-3a6b487a5a53@group-6EF60CB14872-FollowerState] INFO  impl.RoleInfo (RoleInfo.java:updateAndGet(148)) - 36185c6b-22ce-45d1-a622-3a6b487a5a53: start 36185c6b-22ce-45d1-a622-3a6b487a5a53@group-6EF60CB14872-LeaderElection290
2025-10-10 10:40:26,225 [36185c6b-22ce-45d1-a622-3a6b487a5a53@group-6EF60CB14872-LeaderElection290] INFO  impl.LeaderElection (LeaderElection.java:askForVotes(448)) - 36185c6b-22ce-45d1-a622-3a6b487a5a53@group-6EF60CB14872-LeaderElection290 PRE_VOTE round 0: submit vote requests at term 4 for conf: {index: 11, cur=peers:[aa9634f0-8836-44d6-bc05-5b19fbdd93d5|127.0.0.1:15063, 36185c6b-22ce-45d1-a622-3a6b487a5a53|127.0.0.1:15071, 895d447a-5476-42e4-b2fa-6eb687701d46|127.0.0.1:15079]|listeners:[], old=null}
2025-10-10 10:40:26,226 [36185c6b-22ce-45d1-a622-3a6b487a5a53@group-6EF60CB14872-LeaderElection290-1] INFO  server.GrpcServerProtocolClient (GrpcServerProtocolClient.java:<init>(65)) - Build channel for aa9634f0-8836-44d6-bc05-5b19fbdd93d5|127.0.0.1:15063
2025-10-10 10:40:26,226 [36185c6b-22ce-45d1-a622-3a6b487a5a53@group-6EF60CB14872-LeaderElection290-2] INFO  server.GrpcServerProtocolClient (GrpcServerProtocolClient.java:<init>(65)) - Build channel for 895d447a-5476-42e4-b2fa-6eb687701d46|127.0.0.1:15079
2025-10-10 10:40:26,229 [grpc-default-executor-10] INFO  server.RaftServer$Division (RaftServerImpl.java:requestVote(1421)) - aa9634f0-8836-44d6-bc05-5b19fbdd93d5@group-6EF60CB14872: receive requestVote(PRE_VOTE, 36185c6b-22ce-45d1-a622-3a6b487a5a53, group-6EF60CB14872, 4, (t:4, i:19))
2025-10-10 10:40:26,229 [grpc-default-executor-10] INFO  impl.VoteContext (VoteContext.java:log(49)) - aa9634f0-8836-44d6-bc05-5b19fbdd93d5@group-6EF60CB14872-FOLLOWER: reject PRE_VOTE from 36185c6b-22ce-45d1-a622-3a6b487a5a53: our last entry (t:5, i:21) > candidate's last entry (t:4, i:19)
2025-10-10 10:40:26,229 [grpc-default-executor-10] INFO  server.RaftServer$Division (RaftServerImpl.java:requestVote(1455)) - aa9634f0-8836-44d6-bc05-5b19fbdd93d5@group-6EF60CB14872 replies to PRE_VOTE vote request: 36185c6b-22ce-45d1-a622-3a6b487a5a53<-aa9634f0-8836-44d6-bc05-5b19fbdd93d5#0:FAIL-t5-last:(t:5, i:21). Peer's state: aa9634f0-8836-44d6-bc05-5b19fbdd93d5@group-6EF60CB14872:t5, leader=null, voted=895d447a-5476-42e4-b2fa-6eb687701d46, raftlog=Memoized:aa9634f0-8836-44d6-bc05-5b19fbdd93d5@group-6EF60CB14872-SegmentedRaftLog:OPENED:c21:last(t:5, i:21), conf=conf: {index: 20, cur=peers:[aa9634f0-8836-44d6-bc05-5b19fbdd93d5|127.0.0.1:15063, 36185c6b-22ce-45d1-a622-3a6b487a5a53|127.0.0.1:15071, 895d447a-5476-42e4-b2fa-6eb687701d46|127.0.0.1:15079]|listeners:[], old=null}
2025-10-10 10:40:26,230 [36185c6b-22ce-45d1-a622-3a6b487a5a53@group-6EF60CB14872-LeaderElection290] INFO  impl.LeaderElection (LeaderElection.java:logAndReturn(206)) - 36185c6b-22ce-45d1-a622-3a6b487a5a53@group-6EF60CB14872-LeaderElection290: PRE_VOTE DISCOVERED_A_NEW_TERM (term=5) received 1 response(s) and 0 exception(s):
2025-10-10 10:40:26,230 [36185c6b-22ce-45d1-a622-3a6b487a5a53@group-6EF60CB14872-LeaderElection290] INFO  impl.LeaderElection (LeaderElection.java:logAndReturn(210)) -   Response 0: 36185c6b-22ce-45d1-a622-3a6b487a5a53<-aa9634f0-8836-44d6-bc05-5b19fbdd93d5#0:FAIL-t5-last:(t:5, i:21)
2025-10-10 10:40:26,230 [36185c6b-22ce-45d1-a622-3a6b487a5a53@group-6EF60CB14872-LeaderElection290] INFO  impl.LeaderElection (LeaderElection.java:askForVotes(450)) - 36185c6b-22ce-45d1-a622-3a6b487a5a53@group-6EF60CB14872-LeaderElection290 PRE_VOTE round 0: result DISCOVERED_A_NEW_TERM (term=5)
2025-10-10 10:40:26,230 [36185c6b-22ce-45d1-a622-3a6b487a5a53@group-6EF60CB14872-LeaderElection290] INFO  server.RaftServer$Division (RaftServerImpl.java:setRole(392)) - 36185c6b-22ce-45d1-a622-3a6b487a5a53@group-6EF60CB14872: changes role from CANDIDATE to FOLLOWER at term 4 for DISCOVERED_A_NEW_TERM (term=5)
2025-10-10 10:40:26,230 [36185c6b-22ce-45d1-a622-3a6b487a5a53@group-6EF60CB14872-LeaderElection290] INFO  impl.RoleInfo (RoleInfo.java:shutdownLeaderElection(141)) - 36185c6b-22ce-45d1-a622-3a6b487a5a53: shutdown 36185c6b-22ce-45d1-a622-3a6b487a5a53@group-6EF60CB14872-LeaderElection290
2025-10-10 10:40:26,230 [36185c6b-22ce-45d1-a622-3a6b487a5a53@group-6EF60CB14872-LeaderElection290] INFO  impl.RoleInfo (RoleInfo.java:updateAndGet(148)) - 36185c6b-22ce-45d1-a622-3a6b487a5a53: start 36185c6b-22ce-45d1-a622-3a6b487a5a53@group-6EF60CB14872-FollowerState
2025-10-10 10:40:26,231 [36185c6b-22ce-45d1-a622-3a6b487a5a53@group-6EF60CB14872-LeaderElection290] INFO  server.RaftServer$Division (RaftServerImpl.java:setFirstElection(576)) - 36185c6b-22ce-45d1-a622-3a6b487a5a53@group-6EF60CB14872: set firstElectionSinceStartup to false for DISCOVERED_A_NEW_TERM (term=5)
2025-10-10 10:40:26,240 [36185c6b-22ce-45d1-a622-3a6b487a5a53@group-386B2F16DF49-FollowerState] INFO  impl.FollowerState (FollowerState.java:runImpl(161)) - 36185c6b-22ce-45d1-a622-3a6b487a5a53@group-386B2F16DF49-FollowerState: change to CANDIDATE, lastRpcElapsedTime:1045453154ns, electionTimeout:1045ms
2025-10-10 10:40:26,240 [36185c6b-22ce-45d1-a622-3a6b487a5a53@group-386B2F16DF49-FollowerState] INFO  impl.RoleInfo (RoleInfo.java:shutdownFollowerState(121)) - 36185c6b-22ce-45d1-a622-3a6b487a5a53: shutdown 36185c6b-22ce-45d1-a622-3a6b487a5a53@group-386B2F16DF49-FollowerState
2025-10-10 10:40:26,240 [36185c6b-22ce-45d1-a622-3a6b487a5a53@group-386B2F16DF49-FollowerState] INFO  server.RaftServer$Division (RaftServerImpl.java:setRole(392)) - 36185c6b-22ce-45d1-a622-3a6b487a5a53@group-386B2F16DF49: changes role from  FOLLOWER to CANDIDATE at term 2 for changeToCandidate
2025-10-10 10:40:26,240 [36185c6b-22ce-45d1-a622-3a6b487a5a53@group-386B2F16DF49-FollowerState] INFO  impl.RoleInfo (RoleInfo.java:updateAndGet(148)) - 36185c6b-22ce-45d1-a622-3a6b487a5a53: start 36185c6b-22ce-45d1-a622-3a6b487a5a53@group-386B2F16DF49-LeaderElection291
2025-10-10 10:40:26,240 [36185c6b-22ce-45d1-a622-3a6b487a5a53@group-386B2F16DF49-LeaderElection291] INFO  impl.LeaderElection (LeaderElection.java:askForVotes(448)) - 36185c6b-22ce-45d1-a622-3a6b487a5a53@group-386B2F16DF49-LeaderElection291 PRE_VOTE round 0: submit vote requests at term 2 for conf: {index: 1, cur=peers:[36185c6b-22ce-45d1-a622-3a6b487a5a53|127.0.0.1:15071]|listeners:[], old=null}
2025-10-10 10:40:26,240 [36185c6b-22ce-45d1-a622-3a6b487a5a53@group-386B2F16DF49-LeaderElection291] INFO  impl.LeaderElection (LeaderElection.java:askForVotes(450)) - 36185c6b-22ce-45d1-a622-3a6b487a5a53@group-386B2F16DF49-LeaderElection291 PRE_VOTE round 0: result PASSED (term=2)
2025-10-10 10:40:26,242 [36185c6b-22ce-45d1-a622-3a6b487a5a53@group-386B2F16DF49-LeaderElection291] INFO  impl.LeaderElection (LeaderElection.java:askForVotes(448)) - 36185c6b-22ce-45d1-a622-3a6b487a5a53@group-386B2F16DF49-LeaderElection291 ELECTION round 0: submit vote requests at term 3 for conf: {index: 1, cur=peers:[36185c6b-22ce-45d1-a622-3a6b487a5a53|127.0.0.1:15071]|listeners:[], old=null}
2025-10-10 10:40:26,242 [36185c6b-22ce-45d1-a622-3a6b487a5a53@group-386B2F16DF49-LeaderElection291] INFO  impl.LeaderElection (LeaderElection.java:askForVotes(450)) - 36185c6b-22ce-45d1-a622-3a6b487a5a53@group-386B2F16DF49-LeaderElection291 ELECTION round 0: result PASSED (term=3)
2025-10-10 10:40:26,242 [36185c6b-22ce-45d1-a622-3a6b487a5a53@group-386B2F16DF49-LeaderElection291] INFO  impl.RoleInfo (RoleInfo.java:shutdownLeaderElection(141)) - 36185c6b-22ce-45d1-a622-3a6b487a5a53: shutdown 36185c6b-22ce-45d1-a622-3a6b487a5a53@group-386B2F16DF49-LeaderElection291
2025-10-10 10:40:26,242 [36185c6b-22ce-45d1-a622-3a6b487a5a53@group-386B2F16DF49-LeaderElection291] INFO  server.RaftServer$Division (RaftServerImpl.java:setRole(392)) - 36185c6b-22ce-45d1-a622-3a6b487a5a53@group-386B2F16DF49: changes role from CANDIDATE to LEADER at term 3 for changeToLeader
2025-10-10 10:40:26,242 [36185c6b-22ce-45d1-a622-3a6b487a5a53@group-386B2F16DF49-LeaderElection291] INFO  server.RaftServerConfigKeys (ConfUtils.java:logFallback(69)) - raft.server.staging.timeout = 3600ms (fallback to raft.server.rpc.timeout.max)
2025-10-10 10:40:26,242 [36185c6b-22ce-45d1-a622-3a6b487a5a53@group-386B2F16DF49-LeaderElection291] INFO  server.RaftServerConfigKeys (ConfUtils.java:logGet(62)) - raft.server.write.byte-limit = 1024 M (=1073741824) (custom)
2025-10-10 10:40:26,243 [36185c6b-22ce-45d1-a622-3a6b487a5a53@group-386B2F16DF49-LeaderElection291] INFO  impl.RoleInfo (RoleInfo.java:updateAndGet(148)) - 36185c6b-22ce-45d1-a622-3a6b487a5a53: start 36185c6b-22ce-45d1-a622-3a6b487a5a53@group-386B2F16DF49-LeaderStateImpl
2025-10-10 10:40:26,243 [36185c6b-22ce-45d1-a622-3a6b487a5a53@group-386B2F16DF49-LeaderElection291] INFO  server.RaftServer$Division (RaftServerImpl.java:setFirstElection(576)) - 36185c6b-22ce-45d1-a622-3a6b487a5a53@group-386B2F16DF49: set firstElectionSinceStartup to false for becomeLeader
2025-10-10 10:40:26,243 [36185c6b-22ce-45d1-a622-3a6b487a5a53@group-386B2F16DF49-LeaderElection291] INFO  ratis.XceiverServerRatis (XceiverServerRatis.java:handleLeaderChangedNotification(940)) - Leader change notification received for group: group-386B2F16DF49 with new leaderId: 36185c6b-22ce-45d1-a622-3a6b487a5a53
2025-10-10 10:40:26,243 [36185c6b-22ce-45d1-a622-3a6b487a5a53@group-386B2F16DF49-LeaderElection291] INFO  server.RaftServer$Division (ServerState.java:setLeader(272)) - 36185c6b-22ce-45d1-a622-3a6b487a5a53@group-386B2F16DF49: change Leader from null to 36185c6b-22ce-45d1-a622-3a6b487a5a53 at term 3 for becomeLeader, leader elected after 1758ms
2025-10-10 10:40:26,243 [36185c6b-22ce-45d1-a622-3a6b487a5a53@group-386B2F16DF49-LeaderElection291] INFO  segmented.SegmentedRaftLogWorker (SegmentedRaftLogWorker.java:rollLogSegment(445)) - 36185c6b-22ce-45d1-a622-3a6b487a5a53@group-386B2F16DF49-SegmentedRaftLogWorker: Rolling segment log-1_2 to index:2
2025-10-10 10:40:26,243 [36185c6b-22ce-45d1-a622-3a6b487a5a53@group-386B2F16DF49-LeaderElection291] INFO  server.RaftServer$Division (ServerState.java:setRaftConf(386)) - 36185c6b-22ce-45d1-a622-3a6b487a5a53@group-386B2F16DF49: set configuration conf: {index: 3, cur=peers:[36185c6b-22ce-45d1-a622-3a6b487a5a53|127.0.0.1:15071]|listeners:[], old=null}
2025-10-10 10:40:26,244 [36185c6b-22ce-45d1-a622-3a6b487a5a53@group-386B2F16DF49-SegmentedRaftLogWorker] INFO  segmented.SegmentedRaftLogWorker (SegmentedRaftLogWorker.java:execute(604)) - 36185c6b-22ce-45d1-a622-3a6b487a5a53@group-386B2F16DF49-SegmentedRaftLogWorker: Rolled log segment from /home/runner/work/ozone/ozone/hadoop-ozone/integration-test/target/test-dir/MiniOzoneClusterImpl-611c99c7-d47b-4433-a4ef-cd0a35b076ef/ozone-metadata/datanode-8/ratis/db5b5c2b-f866-4aec-a921-386b2f16df49/current/log_inprogress_1 to /home/runner/work/ozone/ozone/hadoop-ozone/integration-test/target/test-dir/MiniOzoneClusterImpl-611c99c7-d47b-4433-a4ef-cd0a35b076ef/ozone-metadata/datanode-8/ratis/db5b5c2b-f866-4aec-a921-386b2f16df49/current/log_1-2
2025-10-10 10:40:26,244 [36185c6b-22ce-45d1-a622-3a6b487a5a53@group-386B2F16DF49-SegmentedRaftLogWorker] INFO  segmented.BufferedWriteChannel (BufferedWriteChannel.java:open(61)) - open log_inprogress_3 at position 0
2025-10-10 10:40:26,250 [36185c6b-22ce-45d1-a622-3a6b487a5a53@group-386B2F16DF49-SegmentedRaftLogWorker] INFO  segmented.SegmentedRaftLogWorker (SegmentedRaftLogWorker.java:execute(647)) - 36185c6b-22ce-45d1-a622-3a6b487a5a53@group-386B2F16DF49-SegmentedRaftLogWorker: created new log segment /home/runner/work/ozone/ozone/hadoop-ozone/integration-test/target/test-dir/MiniOzoneClusterImpl-611c99c7-d47b-4433-a4ef-cd0a35b076ef/ozone-metadata/datanode-8/ratis/db5b5c2b-f866-4aec-a921-386b2f16df49/current/log_inprogress_3
2025-10-10 10:40:26,251 [36185c6b-22ce-45d1-a622-3a6b487a5a53@group-813C05265458-FollowerState] INFO  impl.FollowerState (FollowerState.java:runImpl(161)) - 36185c6b-22ce-45d1-a622-3a6b487a5a53@group-813C05265458-FollowerState: change to CANDIDATE, lastRpcElapsedTime:1059124179ns, electionTimeout:1058ms
2025-10-10 10:40:26,251 [36185c6b-22ce-45d1-a622-3a6b487a5a53@group-813C05265458-FollowerState] INFO  impl.RoleInfo (RoleInfo.java:shutdownFollowerState(121)) - 36185c6b-22ce-45d1-a622-3a6b487a5a53: shutdown 36185c6b-22ce-45d1-a622-3a6b487a5a53@group-813C05265458-FollowerState
2025-10-10 10:40:26,251 [36185c6b-22ce-45d1-a622-3a6b487a5a53@group-813C05265458-FollowerState] INFO  server.RaftServer$Division (RaftServerImpl.java:setRole(392)) - 36185c6b-22ce-45d1-a622-3a6b487a5a53@group-813C05265458: changes role from  FOLLOWER to CANDIDATE at term 1 for changeToCandidate
2025-10-10 10:40:26,251 [36185c6b-22ce-45d1-a622-3a6b487a5a53@group-813C05265458-FollowerState] INFO  impl.RoleInfo (RoleInfo.java:updateAndGet(148)) - 36185c6b-22ce-45d1-a622-3a6b487a5a53: start 36185c6b-22ce-45d1-a622-3a6b487a5a53@group-813C05265458-LeaderElection292
2025-10-10 10:40:26,252 [36185c6b-22ce-45d1-a622-3a6b487a5a53@group-386B2F16DF49-StateMachineUpdater] INFO  server.RaftServer$Division (LeaderStateImpl.java:checkStartIndex(309)) - Leader 36185c6b-22ce-45d1-a622-3a6b487a5a53@group-386B2F16DF49-LeaderStateImpl is ready since appliedIndex == startIndex == 3
2025-10-10 10:40:26,252 [36185c6b-22ce-45d1-a622-3a6b487a5a53@group-813C05265458-LeaderElection292] INFO  impl.LeaderElection (LeaderElection.java:askForVotes(448)) - 36185c6b-22ce-45d1-a622-3a6b487a5a53@group-813C05265458-LeaderElection292 PRE_VOTE round 0: submit vote requests at term 1 for conf: {index: 0, cur=peers:[aa9634f0-8836-44d6-bc05-5b19fbdd93d5|127.0.0.1:15063, 36185c6b-22ce-45d1-a622-3a6b487a5a53|127.0.0.1:15071, 895d447a-5476-42e4-b2fa-6eb687701d46|127.0.0.1:15079]|listeners:[], old=null}
2025-10-10 10:40:26,253 [grpc-default-executor-10] INFO  server.RaftServer$Division (RaftServerImpl.java:requestVote(1421)) - aa9634f0-8836-44d6-bc05-5b19fbdd93d5@group-813C05265458: receive requestVote(PRE_VOTE, 36185c6b-22ce-45d1-a622-3a6b487a5a53, group-813C05265458, 1, (t:1, i:0))
2025-10-10 10:40:26,253 [grpc-default-executor-4] INFO  server.RaftServer$Division (RaftServerImpl.java:requestVote(1421)) - 895d447a-5476-42e4-b2fa-6eb687701d46@group-813C05265458: receive requestVote(PRE_VOTE, 36185c6b-22ce-45d1-a622-3a6b487a5a53, group-813C05265458, 1, (t:1, i:0))
2025-10-10 10:40:26,254 [grpc-default-executor-4] INFO  impl.VoteContext (VoteContext.java:log(49)) - 895d447a-5476-42e4-b2fa-6eb687701d46@group-813C05265458-FOLLOWER: accept PRE_VOTE from 36185c6b-22ce-45d1-a622-3a6b487a5a53: our priority 0 <= candidate's priority 0
2025-10-10 10:40:26,254 [grpc-default-executor-10] INFO  impl.VoteContext (VoteContext.java:log(49)) - aa9634f0-8836-44d6-bc05-5b19fbdd93d5@group-813C05265458-FOLLOWER: reject PRE_VOTE from 36185c6b-22ce-45d1-a622-3a6b487a5a53: our priority 1 > candidate's priority 0
2025-10-10 10:40:26,254 [grpc-default-executor-4] INFO  server.RaftServer$Division (RaftServerImpl.java:requestVote(1455)) - 895d447a-5476-42e4-b2fa-6eb687701d46@group-813C05265458 replies to PRE_VOTE vote request: 36185c6b-22ce-45d1-a622-3a6b487a5a53<-895d447a-5476-42e4-b2fa-6eb687701d46#0:OK-t1-last:(t:1, i:0). Peer's state: 895d447a-5476-42e4-b2fa-6eb687701d46@group-813C05265458:t1, leader=null, voted=aa9634f0-8836-44d6-bc05-5b19fbdd93d5, raftlog=Memoized:895d447a-5476-42e4-b2fa-6eb687701d46@group-813C05265458-SegmentedRaftLog:OPENED:c0:last(t:1, i:0), conf=conf: {index: 0, cur=peers:[aa9634f0-8836-44d6-bc05-5b19fbdd93d5|127.0.0.1:15063, 36185c6b-22ce-45d1-a622-3a6b487a5a53|127.0.0.1:15071, 895d447a-5476-42e4-b2fa-6eb687701d46|127.0.0.1:15079]|listeners:[], old=null}
2025-10-10 10:40:26,254 [grpc-default-executor-10] INFO  server.RaftServer$Division (RaftServerImpl.java:requestVote(1455)) - aa9634f0-8836-44d6-bc05-5b19fbdd93d5@group-813C05265458 replies to PRE_VOTE vote request: 36185c6b-22ce-45d1-a622-3a6b487a5a53<-aa9634f0-8836-44d6-bc05-5b19fbdd93d5#0:FAIL-t1-last:(t:1, i:0). Peer's state: aa9634f0-8836-44d6-bc05-5b19fbdd93d5@group-813C05265458:t1, leader=null, voted=aa9634f0-8836-44d6-bc05-5b19fbdd93d5, raftlog=Memoized:aa9634f0-8836-44d6-bc05-5b19fbdd93d5@group-813C05265458-SegmentedRaftLog:OPENED:c0:last(t:1, i:0), conf=conf: {index: 0, cur=peers:[aa9634f0-8836-44d6-bc05-5b19fbdd93d5|127.0.0.1:15063, 36185c6b-22ce-45d1-a622-3a6b487a5a53|127.0.0.1:15071, 895d447a-5476-42e4-b2fa-6eb687701d46|127.0.0.1:15079]|listeners:[], old=null}
2025-10-10 10:40:26,255 [36185c6b-22ce-45d1-a622-3a6b487a5a53@group-813C05265458-LeaderElection292] INFO  impl.LeaderElection (LeaderElection.java:logAndReturn(206)) - 36185c6b-22ce-45d1-a622-3a6b487a5a53@group-813C05265458-LeaderElection292: PRE_VOTE REJECTED received 1 response(s) and 0 exception(s):
2025-10-10 10:40:26,255 [36185c6b-22ce-45d1-a622-3a6b487a5a53@group-813C05265458-LeaderElection292] INFO  impl.LeaderElection (LeaderElection.java:logAndReturn(210)) -   Response 0: 36185c6b-22ce-45d1-a622-3a6b487a5a53<-aa9634f0-8836-44d6-bc05-5b19fbdd93d5#0:FAIL-t1-last:(t:1, i:0)
2025-10-10 10:40:26,255 [36185c6b-22ce-45d1-a622-3a6b487a5a53@group-813C05265458-LeaderElection292] INFO  impl.LeaderElection (LeaderElection.java:askForVotes(450)) - 36185c6b-22ce-45d1-a622-3a6b487a5a53@group-813C05265458-LeaderElection292 PRE_VOTE round 0: result REJECTED
2025-10-10 10:40:26,255 [36185c6b-22ce-45d1-a622-3a6b487a5a53@group-813C05265458-LeaderElection292] INFO  server.RaftServer$Division (RaftServerImpl.java:setRole(392)) - 36185c6b-22ce-45d1-a622-3a6b487a5a53@group-813C05265458: changes role from CANDIDATE to FOLLOWER at term 1 for REJECTED
2025-10-10 10:40:26,255 [36185c6b-22ce-45d1-a622-3a6b487a5a53@group-813C05265458-LeaderElection292] INFO  impl.RoleInfo (RoleInfo.java:shutdownLeaderElection(141)) - 36185c6b-22ce-45d1-a622-3a6b487a5a53: shutdown 36185c6b-22ce-45d1-a622-3a6b487a5a53@group-813C05265458-LeaderElection292
2025-10-10 10:40:26,255 [36185c6b-22ce-45d1-a622-3a6b487a5a53@group-813C05265458-LeaderElection292] INFO  impl.RoleInfo (RoleInfo.java:updateAndGet(148)) - 36185c6b-22ce-45d1-a622-3a6b487a5a53: start 36185c6b-22ce-45d1-a622-3a6b487a5a53@group-813C05265458-FollowerState
2025-10-10 10:40:26,255 [36185c6b-22ce-45d1-a622-3a6b487a5a53@group-813C05265458-LeaderElection292] INFO  server.RaftServer$Division (RaftServerImpl.java:setFirstElection(576)) - 36185c6b-22ce-45d1-a622-3a6b487a5a53@group-813C05265458: set firstElectionSinceStartup to false for REJECTED
2025-10-10 10:40:26,372 [aa9634f0-8836-44d6-bc05-5b19fbdd93d5@group-813C05265458-FollowerState] INFO  impl.FollowerState (FollowerState.java:runImpl(161)) - aa9634f0-8836-44d6-bc05-5b19fbdd93d5@group-813C05265458-FollowerState: change to CANDIDATE, lastRpcElapsedTime:1174315640ns, electionTimeout:1174ms
2025-10-10 10:40:26,372 [aa9634f0-8836-44d6-bc05-5b19fbdd93d5@group-813C05265458-FollowerState] INFO  impl.RoleInfo (RoleInfo.java:shutdownFollowerState(121)) - aa9634f0-8836-44d6-bc05-5b19fbdd93d5: shutdown aa9634f0-8836-44d6-bc05-5b19fbdd93d5@group-813C05265458-FollowerState
2025-10-10 10:40:26,372 [aa9634f0-8836-44d6-bc05-5b19fbdd93d5@group-813C05265458-FollowerState] INFO  server.RaftServer$Division (RaftServerImpl.java:setRole(392)) - aa9634f0-8836-44d6-bc05-5b19fbdd93d5@group-813C05265458: changes role from  FOLLOWER to CANDIDATE at term 1 for changeToCandidate
2025-10-10 10:40:26,373 [aa9634f0-8836-44d6-bc05-5b19fbdd93d5@group-813C05265458-FollowerState] INFO  impl.RoleInfo (RoleInfo.java:updateAndGet(148)) - aa9634f0-8836-44d6-bc05-5b19fbdd93d5: start aa9634f0-8836-44d6-bc05-5b19fbdd93d5@group-813C05265458-LeaderElection293
2025-10-10 10:40:26,373 [aa9634f0-8836-44d6-bc05-5b19fbdd93d5@group-813C05265458-LeaderElection293] INFO  impl.LeaderElection (LeaderElection.java:askForVotes(448)) - aa9634f0-8836-44d6-bc05-5b19fbdd93d5@group-813C05265458-LeaderElection293 PRE_VOTE round 0: submit vote requests at term 1 for conf: {index: 0, cur=peers:[aa9634f0-8836-44d6-bc05-5b19fbdd93d5|127.0.0.1:15063, 36185c6b-22ce-45d1-a622-3a6b487a5a53|127.0.0.1:15071, 895d447a-5476-42e4-b2fa-6eb687701d46|127.0.0.1:15079]|listeners:[], old=null}
2025-10-10 10:40:26,374 [aa9634f0-8836-44d6-bc05-5b19fbdd93d5@group-813C05265458-LeaderElection293] INFO  impl.LeaderElection (LogUtils.java:infoOrTrace(142)) - aa9634f0-8836-44d6-bc05-5b19fbdd93d5@group-813C05265458-LeaderElection293 got exception when requesting votes: java.util.concurrent.ExecutionException: org.apache.ratis.thirdparty.io.grpc.StatusRuntimeException: UNAVAILABLE: io exception
2025-10-10 10:40:26,374 [aa9634f0-8836-44d6-bc05-5b19fbdd93d5@group-813C05265458-LeaderElection293] INFO  impl.LeaderElection (LogUtils.java:infoOrTrace(142)) - aa9634f0-8836-44d6-bc05-5b19fbdd93d5@group-813C05265458-LeaderElection293 got exception when requesting votes: java.util.concurrent.ExecutionException: org.apache.ratis.thirdparty.io.grpc.StatusRuntimeException: UNAVAILABLE: io exception
2025-10-10 10:40:26,374 [aa9634f0-8836-44d6-bc05-5b19fbdd93d5@group-813C05265458-LeaderElection293] INFO  impl.LeaderElection (LeaderElection.java:logAndReturn(206)) - aa9634f0-8836-44d6-bc05-5b19fbdd93d5@group-813C05265458-LeaderElection293: PRE_VOTE REJECTED received 0 response(s) and 2 exception(s):
2025-10-10 10:40:26,374 [aa9634f0-8836-44d6-bc05-5b19fbdd93d5@group-813C05265458-LeaderElection293] INFO  impl.LeaderElection (LogUtils.java:infoOrTrace(142)) -   Exception 0: java.util.concurrent.ExecutionException: org.apache.ratis.thirdparty.io.grpc.StatusRuntimeException: UNAVAILABLE: io exception
2025-10-10 10:40:26,374 [aa9634f0-8836-44d6-bc05-5b19fbdd93d5@group-813C05265458-LeaderElection293] INFO  impl.LeaderElection (LogUtils.java:infoOrTrace(142)) -   Exception 1: java.util.concurrent.ExecutionException: org.apache.ratis.thirdparty.io.grpc.StatusRuntimeException: UNAVAILABLE: io exception
2025-10-10 10:40:26,374 [aa9634f0-8836-44d6-bc05-5b19fbdd93d5@group-813C05265458-LeaderElection293] INFO  impl.LeaderElection (LeaderElection.java:askForVotes(450)) - aa9634f0-8836-44d6-bc05-5b19fbdd93d5@group-813C05265458-LeaderElection293 PRE_VOTE round 0: result REJECTED
2025-10-10 10:40:26,374 [aa9634f0-8836-44d6-bc05-5b19fbdd93d5@group-813C05265458-LeaderElection293] INFO  server.RaftServer$Division (RaftServerImpl.java:setRole(392)) - aa9634f0-8836-44d6-bc05-5b19fbdd93d5@group-813C05265458: changes role from CANDIDATE to FOLLOWER at term 1 for REJECTED
2025-10-10 10:40:26,374 [aa9634f0-8836-44d6-bc05-5b19fbdd93d5@group-813C05265458-LeaderElection293] INFO  impl.RoleInfo (RoleInfo.java:shutdownLeaderElection(141)) - aa9634f0-8836-44d6-bc05-5b19fbdd93d5: shutdown aa9634f0-8836-44d6-bc05-5b19fbdd93d5@group-813C05265458-LeaderElection293
2025-10-10 10:40:26,374 [aa9634f0-8836-44d6-bc05-5b19fbdd93d5@group-813C05265458-LeaderElection293] INFO  impl.RoleInfo (RoleInfo.java:updateAndGet(148)) - aa9634f0-8836-44d6-bc05-5b19fbdd93d5: start aa9634f0-8836-44d6-bc05-5b19fbdd93d5@group-813C05265458-FollowerState
2025-10-10 10:40:26,402 [22d9c8a1-4559-44b0-a4af-9630f79f1f05@group-4E13145AFCA4-FollowerState] INFO  impl.FollowerState (FollowerState.java:runImpl(161)) - 22d9c8a1-4559-44b0-a4af-9630f79f1f05@group-4E13145AFCA4-FollowerState: change to CANDIDATE, lastRpcElapsedTime:1532497309ns, electionTimeout:1195ms
2025-10-10 10:40:26,402 [22d9c8a1-4559-44b0-a4af-9630f79f1f05@group-4E13145AFCA4-FollowerState] INFO  impl.RoleInfo (RoleInfo.java:shutdownFollowerState(121)) - 22d9c8a1-4559-44b0-a4af-9630f79f1f05: shutdown 22d9c8a1-4559-44b0-a4af-9630f79f1f05@group-4E13145AFCA4-FollowerState
2025-10-10 10:40:26,402 [22d9c8a1-4559-44b0-a4af-9630f79f1f05@group-4E13145AFCA4-FollowerState] INFO  server.RaftServer$Division (RaftServerImpl.java:setRole(392)) - 22d9c8a1-4559-44b0-a4af-9630f79f1f05@group-4E13145AFCA4: changes role from  FOLLOWER to CANDIDATE at term 1 for changeToCandidate
2025-10-10 10:40:26,403 [22d9c8a1-4559-44b0-a4af-9630f79f1f05@group-4E13145AFCA4-FollowerState] INFO  impl.RoleInfo (RoleInfo.java:updateAndGet(148)) - 22d9c8a1-4559-44b0-a4af-9630f79f1f05: start 22d9c8a1-4559-44b0-a4af-9630f79f1f05@group-4E13145AFCA4-LeaderElection294
2025-10-10 10:40:26,403 [22d9c8a1-4559-44b0-a4af-9630f79f1f05@group-4E13145AFCA4-LeaderElection294] INFO  server.RaftServer$Division (ServerState.java:setLeader(272)) - 22d9c8a1-4559-44b0-a4af-9630f79f1f05@group-4E13145AFCA4: change Leader from ad892cb1-3002-4758-a303-de6f39da4dbc to null at term 1 for PRE_VOTE
2025-10-10 10:40:26,403 [22d9c8a1-4559-44b0-a4af-9630f79f1f05@group-4E13145AFCA4-LeaderElection294] INFO  impl.LeaderElection (LeaderElection.java:askForVotes(448)) - 22d9c8a1-4559-44b0-a4af-9630f79f1f05@group-4E13145AFCA4-LeaderElection294 PRE_VOTE round 0: submit vote requests at term 1 for conf: {index: 0, cur=peers:[9ab71813-e86f-4276-8581-297fed06961e|127.0.0.1:15047, ad892cb1-3002-4758-a303-de6f39da4dbc|127.0.0.1:15039, 22d9c8a1-4559-44b0-a4af-9630f79f1f05|127.0.0.1:15055]|listeners:[], old=null}
2025-10-10 10:40:26,404 [22d9c8a1-4559-44b0-a4af-9630f79f1f05@group-4E13145AFCA4-LeaderElection294] INFO  impl.LeaderElection (LogUtils.java:infoOrTrace(142)) - 22d9c8a1-4559-44b0-a4af-9630f79f1f05@group-4E13145AFCA4-LeaderElection294 got exception when requesting votes: java.util.concurrent.ExecutionException: org.apache.ratis.thirdparty.io.grpc.StatusRuntimeException: UNAVAILABLE: io exception
2025-10-10 10:40:26,404 [grpc-default-executor-10] INFO  server.RaftServer$Division (RaftServerImpl.java:requestVote(1421)) - 9ab71813-e86f-4276-8581-297fed06961e@group-4E13145AFCA4: receive requestVote(PRE_VOTE, 22d9c8a1-4559-44b0-a4af-9630f79f1f05, group-4E13145AFCA4, 1, (t:1, i:0))
2025-10-10 10:40:26,404 [grpc-default-executor-10] INFO  impl.VoteContext (VoteContext.java:log(49)) - 9ab71813-e86f-4276-8581-297fed06961e@group-4E13145AFCA4-FOLLOWER: accept PRE_VOTE from 22d9c8a1-4559-44b0-a4af-9630f79f1f05: our priority 0 <= candidate's priority 0
2025-10-10 10:40:26,404 [grpc-default-executor-10] INFO  server.RaftServer$Division (RaftServerImpl.java:requestVote(1455)) - 9ab71813-e86f-4276-8581-297fed06961e@group-4E13145AFCA4 replies to PRE_VOTE vote request: 22d9c8a1-4559-44b0-a4af-9630f79f1f05<-9ab71813-e86f-4276-8581-297fed06961e#0:OK-t1-last:(t:1, i:0). Peer's state: 9ab71813-e86f-4276-8581-297fed06961e@group-4E13145AFCA4:t1, leader=ad892cb1-3002-4758-a303-de6f39da4dbc, voted=ad892cb1-3002-4758-a303-de6f39da4dbc, raftlog=Memoized:9ab71813-e86f-4276-8581-297fed06961e@group-4E13145AFCA4-SegmentedRaftLog:OPENED:c0:last(t:1, i:0), conf=conf: {index: 0, cur=peers:[9ab71813-e86f-4276-8581-297fed06961e|127.0.0.1:15047, ad892cb1-3002-4758-a303-de6f39da4dbc|127.0.0.1:15039, 22d9c8a1-4559-44b0-a4af-9630f79f1f05|127.0.0.1:15055]|listeners:[], old=null}
2025-10-10 10:40:26,405 [22d9c8a1-4559-44b0-a4af-9630f79f1f05@group-4E13145AFCA4-LeaderElection294] INFO  impl.LeaderElection (LeaderElection.java:logAndReturn(206)) - 22d9c8a1-4559-44b0-a4af-9630f79f1f05@group-4E13145AFCA4-LeaderElection294: PRE_VOTE PASSED received 1 response(s) and 1 exception(s):
2025-10-10 10:40:26,405 [22d9c8a1-4559-44b0-a4af-9630f79f1f05@group-4E13145AFCA4-LeaderElection294] INFO  impl.LeaderElection (LeaderElection.java:logAndReturn(210)) -   Response 0: 22d9c8a1-4559-44b0-a4af-9630f79f1f05<-9ab71813-e86f-4276-8581-297fed06961e#0:OK-t1-last:(t:1, i:0)
2025-10-10 10:40:26,405 [22d9c8a1-4559-44b0-a4af-9630f79f1f05@group-4E13145AFCA4-LeaderElection294] INFO  impl.LeaderElection (LogUtils.java:infoOrTrace(142)) -   Exception 1: java.util.concurrent.ExecutionException: org.apache.ratis.thirdparty.io.grpc.StatusRuntimeException: UNAVAILABLE: io exception
2025-10-10 10:40:26,405 [22d9c8a1-4559-44b0-a4af-9630f79f1f05@group-4E13145AFCA4-LeaderElection294] INFO  impl.LeaderElection (LeaderElection.java:askForVotes(450)) - 22d9c8a1-4559-44b0-a4af-9630f79f1f05@group-4E13145AFCA4-LeaderElection294 PRE_VOTE round 0: result PASSED
2025-10-10 10:40:26,406 [22d9c8a1-4559-44b0-a4af-9630f79f1f05@group-4E13145AFCA4-LeaderElection294] INFO  impl.LeaderElection (LeaderElection.java:askForVotes(448)) - 22d9c8a1-4559-44b0-a4af-9630f79f1f05@group-4E13145AFCA4-LeaderElection294 ELECTION round 0: submit vote requests at term 2 for conf: {index: 0, cur=peers:[9ab71813-e86f-4276-8581-297fed06961e|127.0.0.1:15047, ad892cb1-3002-4758-a303-de6f39da4dbc|127.0.0.1:15039, 22d9c8a1-4559-44b0-a4af-9630f79f1f05|127.0.0.1:15055]|listeners:[], old=null}
2025-10-10 10:40:26,407 [22d9c8a1-4559-44b0-a4af-9630f79f1f05@group-4E13145AFCA4-LeaderElection294] INFO  impl.LeaderElection (LogUtils.java:infoOrTrace(142)) - 22d9c8a1-4559-44b0-a4af-9630f79f1f05@group-4E13145AFCA4-LeaderElection294 got exception when requesting votes: java.util.concurrent.ExecutionException: org.apache.ratis.thirdparty.io.grpc.StatusRuntimeException: UNAVAILABLE: io exception
2025-10-10 10:40:26,407 [grpc-default-executor-10] INFO  server.RaftServer$Division (RaftServerImpl.java:requestVote(1421)) - 9ab71813-e86f-4276-8581-297fed06961e@group-4E13145AFCA4: receive requestVote(ELECTION, 22d9c8a1-4559-44b0-a4af-9630f79f1f05, group-4E13145AFCA4, 2, (t:1, i:0))
2025-10-10 10:40:26,407 [grpc-default-executor-10] INFO  impl.VoteContext (VoteContext.java:log(49)) - 9ab71813-e86f-4276-8581-297fed06961e@group-4E13145AFCA4-FOLLOWER: accept ELECTION from 22d9c8a1-4559-44b0-a4af-9630f79f1f05: our priority 0 <= candidate's priority 0
2025-10-10 10:40:26,407 [grpc-default-executor-10] INFO  server.RaftServer$Division (RaftServerImpl.java:setRole(392)) - 9ab71813-e86f-4276-8581-297fed06961e@group-4E13145AFCA4: changes role from  FOLLOWER to FOLLOWER at term 1 for candidate:22d9c8a1-4559-44b0-a4af-9630f79f1f05
2025-10-10 10:40:26,407 [grpc-default-executor-10] INFO  impl.RoleInfo (RoleInfo.java:shutdownFollowerState(121)) - 9ab71813-e86f-4276-8581-297fed06961e: shutdown 9ab71813-e86f-4276-8581-297fed06961e@group-4E13145AFCA4-FollowerState
2025-10-10 10:40:26,407 [grpc-default-executor-10] INFO  server.RaftServer$Division (ServerState.java:setLeader(272)) - 9ab71813-e86f-4276-8581-297fed06961e@group-4E13145AFCA4: change Leader from ad892cb1-3002-4758-a303-de6f39da4dbc to null at term 2 for updateCurrentTerm
2025-10-10 10:40:26,407 [9ab71813-e86f-4276-8581-297fed06961e@group-4E13145AFCA4-FollowerState] INFO  impl.FollowerState (FollowerState.java:runImpl(170)) - 9ab71813-e86f-4276-8581-297fed06961e@group-4E13145AFCA4-FollowerState was interrupted
2025-10-10 10:40:26,407 [grpc-default-executor-10] INFO  impl.RoleInfo (RoleInfo.java:updateAndGet(148)) - 9ab71813-e86f-4276-8581-297fed06961e: start 9ab71813-e86f-4276-8581-297fed06961e@group-4E13145AFCA4-FollowerState
2025-10-10 10:40:26,408 [grpc-default-executor-10] INFO  server.RaftServer$Division (RaftServerImpl.java:requestVote(1455)) - 9ab71813-e86f-4276-8581-297fed06961e@group-4E13145AFCA4 replies to ELECTION vote request: 22d9c8a1-4559-44b0-a4af-9630f79f1f05<-9ab71813-e86f-4276-8581-297fed06961e#0:OK-t2-last:(t:1, i:0). Peer's state: 9ab71813-e86f-4276-8581-297fed06961e@group-4E13145AFCA4:t2, leader=null, voted=22d9c8a1-4559-44b0-a4af-9630f79f1f05, raftlog=Memoized:9ab71813-e86f-4276-8581-297fed06961e@group-4E13145AFCA4-SegmentedRaftLog:OPENED:c0:last(t:1, i:0), conf=conf: {index: 0, cur=peers:[9ab71813-e86f-4276-8581-297fed06961e|127.0.0.1:15047, ad892cb1-3002-4758-a303-de6f39da4dbc|127.0.0.1:15039, 22d9c8a1-4559-44b0-a4af-9630f79f1f05|127.0.0.1:15055]|listeners:[], old=null}
2025-10-10 10:40:26,408 [22d9c8a1-4559-44b0-a4af-9630f79f1f05@group-4E13145AFCA4-LeaderElection294] INFO  impl.LeaderElection (LeaderElection.java:logAndReturn(206)) - 22d9c8a1-4559-44b0-a4af-9630f79f1f05@group-4E13145AFCA4-LeaderElection294: ELECTION PASSED received 1 response(s) and 1 exception(s):
2025-10-10 10:40:26,408 [22d9c8a1-4559-44b0-a4af-9630f79f1f05@group-4E13145AFCA4-LeaderElection294] INFO  impl.LeaderElection (LeaderElection.java:logAndReturn(210)) -   Response 0: 22d9c8a1-4559-44b0-a4af-9630f79f1f05<-9ab71813-e86f-4276-8581-297fed06961e#0:OK-t2-last:(t:1, i:0)
2025-10-10 10:40:26,409 [22d9c8a1-4559-44b0-a4af-9630f79f1f05@group-4E13145AFCA4-LeaderElection294] INFO  impl.LeaderElection (LogUtils.java:infoOrTrace(142)) -   Exception 1: java.util.concurrent.ExecutionException: org.apache.ratis.thirdparty.io.grpc.StatusRuntimeException: UNAVAILABLE: io exception
2025-10-10 10:40:26,409 [22d9c8a1-4559-44b0-a4af-9630f79f1f05@group-4E13145AFCA4-LeaderElection294] INFO  impl.LeaderElection (LeaderElection.java:askForVotes(450)) - 22d9c8a1-4559-44b0-a4af-9630f79f1f05@group-4E13145AFCA4-LeaderElection294 ELECTION round 0: result PASSED
2025-10-10 10:40:26,409 [22d9c8a1-4559-44b0-a4af-9630f79f1f05@group-4E13145AFCA4-LeaderElection294] INFO  impl.RoleInfo (RoleInfo.java:shutdownLeaderElection(141)) - 22d9c8a1-4559-44b0-a4af-9630f79f1f05: shutdown 22d9c8a1-4559-44b0-a4af-9630f79f1f05@group-4E13145AFCA4-LeaderElection294
2025-10-10 10:40:26,409 [22d9c8a1-4559-44b0-a4af-9630f79f1f05@group-4E13145AFCA4-LeaderElection294] INFO  server.RaftServer$Division (RaftServerImpl.java:setRole(392)) - 22d9c8a1-4559-44b0-a4af-9630f79f1f05@group-4E13145AFCA4: changes role from CANDIDATE to LEADER at term 2 for changeToLeader
2025-10-10 10:40:26,409 [22d9c8a1-4559-44b0-a4af-9630f79f1f05@group-4E13145AFCA4-LeaderElection294] INFO  server.RaftServerConfigKeys (ConfUtils.java:logFallback(69)) - raft.server.staging.timeout = 3600ms (fallback to raft.server.rpc.timeout.max)
2025-10-10 10:40:26,409 [22d9c8a1-4559-44b0-a4af-9630f79f1f05@group-4E13145AFCA4-LeaderElection294] INFO  server.RaftServerConfigKeys (ConfUtils.java:logGet(62)) - raft.server.write.byte-limit = 1024 M (=1073741824) (custom)
2025-10-10 10:40:26,410 [22d9c8a1-4559-44b0-a4af-9630f79f1f05@group-4E13145AFCA4-LeaderElection294] INFO  server.RaftServerConfigKeys (ConfUtils.java:logGet(62)) - raft.server.log.appender.buffer.byte-limit = 33554432 (custom)
2025-10-10 10:40:26,411 [22d9c8a1-4559-44b0-a4af-9630f79f1f05@group-4E13145AFCA4-LeaderElection294] INFO  server.RaftServerConfigKeys (ConfUtils.java:logGet(62)) - raft.server.log.appender.buffer.byte-limit = 33554432 (custom)
2025-10-10 10:40:26,411 [22d9c8a1-4559-44b0-a4af-9630f79f1f05@group-4E13145AFCA4-LeaderElection294] INFO  impl.RoleInfo (RoleInfo.java:updateAndGet(148)) - 22d9c8a1-4559-44b0-a4af-9630f79f1f05: start 22d9c8a1-4559-44b0-a4af-9630f79f1f05@group-4E13145AFCA4-LeaderStateImpl
2025-10-10 10:40:26,411 [22d9c8a1-4559-44b0-a4af-9630f79f1f05@group-4E13145AFCA4-LeaderElection294] INFO  ratis.XceiverServerRatis (XceiverServerRatis.java:handleLeaderChangedNotification(940)) - Leader change notification received for group: group-4E13145AFCA4 with new leaderId: 22d9c8a1-4559-44b0-a4af-9630f79f1f05
2025-10-10 10:40:26,411 [22d9c8a1-4559-44b0-a4af-9630f79f1f05@group-4E13145AFCA4-LeaderElection294] INFO  server.RaftServer$Division (ServerState.java:setLeader(272)) - 22d9c8a1-4559-44b0-a4af-9630f79f1f05@group-4E13145AFCA4: change Leader from null to 22d9c8a1-4559-44b0-a4af-9630f79f1f05 at term 2 for becomeLeader, leader elected after 7ms
2025-10-10 10:40:26,411 [22d9c8a1-4559-44b0-a4af-9630f79f1f05@group-4E13145AFCA4-LeaderElection294] INFO  segmented.SegmentedRaftLogWorker (SegmentedRaftLogWorker.java:rollLogSegment(445)) - 22d9c8a1-4559-44b0-a4af-9630f79f1f05@group-4E13145AFCA4-SegmentedRaftLogWorker: Rolling segment log-0_0 to index:0
2025-10-10 10:40:26,411 [22d9c8a1-4559-44b0-a4af-9630f79f1f05@group-4E13145AFCA4-LeaderElection294] INFO  server.RaftServer$Division (ServerState.java:setRaftConf(386)) - 22d9c8a1-4559-44b0-a4af-9630f79f1f05@group-4E13145AFCA4: set configuration conf: {index: 1, cur=peers:[9ab71813-e86f-4276-8581-297fed06961e|127.0.0.1:15047, ad892cb1-3002-4758-a303-de6f39da4dbc|127.0.0.1:15039, 22d9c8a1-4559-44b0-a4af-9630f79f1f05|127.0.0.1:15055]|listeners:[], old=null}
2025-10-10 10:40:26,413 [grpc-default-executor-10] WARN  server.GrpcLogAppender (LogUtils.java:warn(127)) - 22d9c8a1-4559-44b0-a4af-9630f79f1f05@group-4E13145AFCA4->ad892cb1-3002-4758-a303-de6f39da4dbc-AppendLogResponseHandler: Failed appendEntries: org.apache.ratis.thirdparty.io.grpc.StatusRuntimeException: UNAVAILABLE: io exception
  Caused by: org.apache.ratis.thirdparty.io.netty.channel.AbstractChannel$AnnotatedConnectException: finishConnect(..) failed: Connection refused: /127.0.0.1:15039
  Caused by: java.net.ConnectException: finishConnect(..) failed: Connection refused
2025-10-10 10:40:26,413 [22d9c8a1-4559-44b0-a4af-9630f79f1f05@group-4E13145AFCA4-SegmentedRaftLogWorker] INFO  segmented.SegmentedRaftLogWorker (SegmentedRaftLogWorker.java:execute(604)) - 22d9c8a1-4559-44b0-a4af-9630f79f1f05@group-4E13145AFCA4-SegmentedRaftLogWorker: Rolled log segment from /home/runner/work/ozone/ozone/hadoop-ozone/integration-test/target/test-dir/MiniOzoneClusterImpl-611c99c7-d47b-4433-a4ef-cd0a35b076ef/ozone-metadata/datanode-6/ratis/646a14ee-6b5e-4675-bb4e-4e13145afca4/current/log_inprogress_0 to /home/runner/work/ozone/ozone/hadoop-ozone/integration-test/target/test-dir/MiniOzoneClusterImpl-611c99c7-d47b-4433-a4ef-cd0a35b076ef/ozone-metadata/datanode-6/ratis/646a14ee-6b5e-4675-bb4e-4e13145afca4/current/log_0-0
2025-10-10 10:40:26,413 [22d9c8a1-4559-44b0-a4af-9630f79f1f05@group-4E13145AFCA4-SegmentedRaftLogWorker] INFO  segmented.BufferedWriteChannel (BufferedWriteChannel.java:open(61)) - open log_inprogress_1 at position 0
2025-10-10 10:40:26,414 [grpc-default-executor-1] INFO  ratis.XceiverServerRatis (XceiverServerRatis.java:handleLeaderChangedNotification(940)) - Leader change notification received for group: group-4E13145AFCA4 with new leaderId: 22d9c8a1-4559-44b0-a4af-9630f79f1f05
2025-10-10 10:40:26,414 [grpc-default-executor-1] INFO  server.RaftServer$Division (ServerState.java:setLeader(272)) - 9ab71813-e86f-4276-8581-297fed06961e@group-4E13145AFCA4: change Leader from null to 22d9c8a1-4559-44b0-a4af-9630f79f1f05 at term 2 for appendEntries, leader elected after 6ms
2025-10-10 10:40:26,414 [grpc-default-executor-1] INFO  server.RaftServer$Division (ServerState.java:setRaftConf(386)) - 9ab71813-e86f-4276-8581-297fed06961e@group-4E13145AFCA4: set configuration conf: {index: 1, cur=peers:[9ab71813-e86f-4276-8581-297fed06961e|127.0.0.1:15047, ad892cb1-3002-4758-a303-de6f39da4dbc|127.0.0.1:15039, 22d9c8a1-4559-44b0-a4af-9630f79f1f05|127.0.0.1:15055]|listeners:[], old=null}
2025-10-10 10:40:26,414 [grpc-default-executor-1] INFO  segmented.SegmentedRaftLogWorker (SegmentedRaftLogWorker.java:rollLogSegment(445)) - 9ab71813-e86f-4276-8581-297fed06961e@group-4E13145AFCA4-SegmentedRaftLogWorker: Rolling segment log-0_0 to index:0
2025-10-10 10:40:26,413 [grpc-default-executor-10] WARN  server.GrpcLogAppender (GrpcLogAppender.java:lambda$resetClient$1(228)) - 22d9c8a1-4559-44b0-a4af-9630f79f1f05@group-4E13145AFCA4->ad892cb1-3002-4758-a303-de6f39da4dbc-GrpcLogAppender: Follower failed (request=null, errorCount=1); keep nextIndex (1) unchanged and retry.
2025-10-10 10:40:26,415 [grpc-default-executor-4] WARN  server.GrpcLogAppender (GrpcLogAppender.java:lambda$resetClient$1(228)) - 22d9c8a1-4559-44b0-a4af-9630f79f1f05@group-4E13145AFCA4->ad892cb1-3002-4758-a303-de6f39da4dbc-GrpcLogAppender: Follower failed (request=null, errorCount=3); keep nextIndex (2) unchanged and retry.
2025-10-10 10:40:26,416 [9ab71813-e86f-4276-8581-297fed06961e@group-4E13145AFCA4-SegmentedRaftLogWorker] INFO  segmented.SegmentedRaftLogWorker (SegmentedRaftLogWorker.java:execute(604)) - 9ab71813-e86f-4276-8581-297fed06961e@group-4E13145AFCA4-SegmentedRaftLogWorker: Rolled log segment from /home/runner/work/ozone/ozone/hadoop-ozone/integration-test/target/test-dir/MiniOzoneClusterImpl-611c99c7-d47b-4433-a4ef-cd0a35b076ef/ozone-metadata/datanode-5/ratis/646a14ee-6b5e-4675-bb4e-4e13145afca4/current/log_inprogress_0 to /home/runner/work/ozone/ozone/hadoop-ozone/integration-test/target/test-dir/MiniOzoneClusterImpl-611c99c7-d47b-4433-a4ef-cd0a35b076ef/ozone-metadata/datanode-5/ratis/646a14ee-6b5e-4675-bb4e-4e13145afca4/current/log_0-0
2025-10-10 10:40:26,416 [9ab71813-e86f-4276-8581-297fed06961e@group-4E13145AFCA4-SegmentedRaftLogWorker] INFO  segmented.BufferedWriteChannel (BufferedWriteChannel.java:open(61)) - open log_inprogress_1 at position 0
2025-10-10 10:40:26,421 [22d9c8a1-4559-44b0-a4af-9630f79f1f05@group-4E13145AFCA4-SegmentedRaftLogWorker] INFO  segmented.SegmentedRaftLogWorker (SegmentedRaftLogWorker.java:execute(647)) - 22d9c8a1-4559-44b0-a4af-9630f79f1f05@group-4E13145AFCA4-SegmentedRaftLogWorker: created new log segment /home/runner/work/ozone/ozone/hadoop-ozone/integration-test/target/test-dir/MiniOzoneClusterImpl-611c99c7-d47b-4433-a4ef-cd0a35b076ef/ozone-metadata/datanode-6/ratis/646a14ee-6b5e-4675-bb4e-4e13145afca4/current/log_inprogress_1
2025-10-10 10:40:26,422 [9ab71813-e86f-4276-8581-297fed06961e@group-4E13145AFCA4-SegmentedRaftLogWorker] INFO  segmented.SegmentedRaftLogWorker (SegmentedRaftLogWorker.java:execute(647)) - 9ab71813-e86f-4276-8581-297fed06961e@group-4E13145AFCA4-SegmentedRaftLogWorker: created new log segment /home/runner/work/ozone/ozone/hadoop-ozone/integration-test/target/test-dir/MiniOzoneClusterImpl-611c99c7-d47b-4433-a4ef-cd0a35b076ef/ozone-metadata/datanode-5/ratis/646a14ee-6b5e-4675-bb4e-4e13145afca4/current/log_inprogress_1
2025-10-10 10:40:26,424 [22d9c8a1-4559-44b0-a4af-9630f79f1f05@group-4E13145AFCA4-StateMachineUpdater] INFO  server.RaftServer$Division (LeaderStateImpl.java:checkStartIndex(309)) - Leader 22d9c8a1-4559-44b0-a4af-9630f79f1f05@group-4E13145AFCA4-LeaderStateImpl is ready since appliedIndex == startIndex == 1
2025-10-10 10:40:26,424 [grpc-default-executor-10] WARN  server.GrpcLogAppender (GrpcLogAppender.java:lambda$resetClient$1(228)) - 22d9c8a1-4559-44b0-a4af-9630f79f1f05@group-4E13145AFCA4->ad892cb1-3002-4758-a303-de6f39da4dbc-GrpcLogAppender: Follower failed (request=null, errorCount=5); keep nextIndex (3) unchanged and retry.
2025-10-10 10:40:26,484 [895d447a-5476-42e4-b2fa-6eb687701d46@group-6EF60CB14872-FollowerState] INFO  impl.FollowerState (FollowerState.java:runImpl(161)) - 895d447a-5476-42e4-b2fa-6eb687701d46@group-6EF60CB14872-FollowerState: change to CANDIDATE, lastRpcElapsedTime:1064938121ns, electionTimeout:1064ms
2025-10-10 10:40:26,484 [895d447a-5476-42e4-b2fa-6eb687701d46@group-6EF60CB14872-FollowerState] INFO  impl.RoleInfo (RoleInfo.java:shutdownFollowerState(121)) - 895d447a-5476-42e4-b2fa-6eb687701d46: shutdown 895d447a-5476-42e4-b2fa-6eb687701d46@group-6EF60CB14872-FollowerState
2025-10-10 10:40:26,484 [895d447a-5476-42e4-b2fa-6eb687701d46@group-6EF60CB14872-FollowerState] INFO  server.RaftServer$Division (RaftServerImpl.java:setRole(392)) - 895d447a-5476-42e4-b2fa-6eb687701d46@group-6EF60CB14872: changes role from  FOLLOWER to CANDIDATE at term 5 for changeToCandidate
2025-10-10 10:40:26,484 [895d447a-5476-42e4-b2fa-6eb687701d46@group-6EF60CB14872-FollowerState] INFO  impl.RoleInfo (RoleInfo.java:updateAndGet(148)) - 895d447a-5476-42e4-b2fa-6eb687701d46: start 895d447a-5476-42e4-b2fa-6eb687701d46@group-6EF60CB14872-LeaderElection295
2025-10-10 10:40:26,484 [895d447a-5476-42e4-b2fa-6eb687701d46@group-6EF60CB14872-LeaderElection295] INFO  impl.LeaderElection (LeaderElection.java:askForVotes(448)) - 895d447a-5476-42e4-b2fa-6eb687701d46@group-6EF60CB14872-LeaderElection295 PRE_VOTE round 0: submit vote requests at term 5 for conf: {index: 20, cur=peers:[aa9634f0-8836-44d6-bc05-5b19fbdd93d5|127.0.0.1:15063, 36185c6b-22ce-45d1-a622-3a6b487a5a53|127.0.0.1:15071, 895d447a-5476-42e4-b2fa-6eb687701d46|127.0.0.1:15079]|listeners:[], old=null}
2025-10-10 10:40:26,485 [895d447a-5476-42e4-b2fa-6eb687701d46@group-6EF60CB14872-LeaderElection295-1] INFO  server.GrpcServerProtocolClient (GrpcServerProtocolClient.java:<init>(65)) - Build channel for aa9634f0-8836-44d6-bc05-5b19fbdd93d5|127.0.0.1:15063
2025-10-10 10:40:26,485 [895d447a-5476-42e4-b2fa-6eb687701d46@group-6EF60CB14872-LeaderElection295-2] INFO  server.GrpcServerProtocolClient (GrpcServerProtocolClient.java:<init>(65)) - Build channel for 36185c6b-22ce-45d1-a622-3a6b487a5a53|127.0.0.1:15071
2025-10-10 10:40:26,486 [895d447a-5476-42e4-b2fa-6eb687701d46@group-263A5124E6E8-FollowerState] INFO  impl.FollowerState (FollowerState.java:runImpl(161)) - 895d447a-5476-42e4-b2fa-6eb687701d46@group-263A5124E6E8-FollowerState: change to CANDIDATE, lastRpcElapsedTime:1069253332ns, electionTimeout:1068ms
2025-10-10 10:40:26,486 [895d447a-5476-42e4-b2fa-6eb687701d46@group-263A5124E6E8-FollowerState] INFO  impl.RoleInfo (RoleInfo.java:shutdownFollowerState(121)) - 895d447a-5476-42e4-b2fa-6eb687701d46: shutdown 895d447a-5476-42e4-b2fa-6eb687701d46@group-263A5124E6E8-FollowerState
2025-10-10 10:40:26,486 [895d447a-5476-42e4-b2fa-6eb687701d46@group-263A5124E6E8-FollowerState] INFO  server.RaftServer$Division (RaftServerImpl.java:setRole(392)) - 895d447a-5476-42e4-b2fa-6eb687701d46@group-263A5124E6E8: changes role from  FOLLOWER to CANDIDATE at term 2 for changeToCandidate
2025-10-10 10:40:26,486 [895d447a-5476-42e4-b2fa-6eb687701d46@group-263A5124E6E8-FollowerState] INFO  impl.RoleInfo (RoleInfo.java:updateAndGet(148)) - 895d447a-5476-42e4-b2fa-6eb687701d46: start 895d447a-5476-42e4-b2fa-6eb687701d46@group-263A5124E6E8-LeaderElection296
2025-10-10 10:40:26,486 [895d447a-5476-42e4-b2fa-6eb687701d46@group-263A5124E6E8-LeaderElection296] INFO  impl.LeaderElection (LeaderElection.java:askForVotes(448)) - 895d447a-5476-42e4-b2fa-6eb687701d46@group-263A5124E6E8-LeaderElection296 PRE_VOTE round 0: submit vote requests at term 2 for conf: {index: 1, cur=peers:[895d447a-5476-42e4-b2fa-6eb687701d46|127.0.0.1:15079]|listeners:[], old=null}
2025-10-10 10:40:26,486 [895d447a-5476-42e4-b2fa-6eb687701d46@group-263A5124E6E8-LeaderElection296] INFO  impl.LeaderElection (LeaderElection.java:askForVotes(450)) - 895d447a-5476-42e4-b2fa-6eb687701d46@group-263A5124E6E8-LeaderElection296 PRE_VOTE round 0: result PASSED (term=2)
2025-10-10 10:40:26,487 [895d447a-5476-42e4-b2fa-6eb687701d46@group-263A5124E6E8-LeaderElection296] INFO  impl.LeaderElection (LeaderElection.java:askForVotes(448)) - 895d447a-5476-42e4-b2fa-6eb687701d46@group-263A5124E6E8-LeaderElection296 ELECTION round 0: submit vote requests at term 3 for conf: {index: 1, cur=peers:[895d447a-5476-42e4-b2fa-6eb687701d46|127.0.0.1:15079]|listeners:[], old=null}
2025-10-10 10:40:26,487 [895d447a-5476-42e4-b2fa-6eb687701d46@group-263A5124E6E8-LeaderElection296] INFO  impl.LeaderElection (LeaderElection.java:askForVotes(450)) - 895d447a-5476-42e4-b2fa-6eb687701d46@group-263A5124E6E8-LeaderElection296 ELECTION round 0: result PASSED (term=3)
2025-10-10 10:40:26,487 [895d447a-5476-42e4-b2fa-6eb687701d46@group-263A5124E6E8-LeaderElection296] INFO  impl.RoleInfo (RoleInfo.java:shutdownLeaderElection(141)) - 895d447a-5476-42e4-b2fa-6eb687701d46: shutdown 895d447a-5476-42e4-b2fa-6eb687701d46@group-263A5124E6E8-LeaderElection296
2025-10-10 10:40:26,487 [895d447a-5476-42e4-b2fa-6eb687701d46@group-263A5124E6E8-LeaderElection296] INFO  server.RaftServer$Division (RaftServerImpl.java:setRole(392)) - 895d447a-5476-42e4-b2fa-6eb687701d46@group-263A5124E6E8: changes role from CANDIDATE to LEADER at term 3 for changeToLeader
2025-10-10 10:40:26,487 [895d447a-5476-42e4-b2fa-6eb687701d46@group-263A5124E6E8-LeaderElection296] INFO  server.RaftServerConfigKeys (ConfUtils.java:logFallback(69)) - raft.server.staging.timeout = 3600ms (fallback to raft.server.rpc.timeout.max)
2025-10-10 10:40:26,488 [895d447a-5476-42e4-b2fa-6eb687701d46@group-263A5124E6E8-LeaderElection296] INFO  server.RaftServerConfigKeys (ConfUtils.java:logGet(62)) - raft.server.write.byte-limit = 1024 M (=1073741824) (custom)
2025-10-10 10:40:26,489 [895d447a-5476-42e4-b2fa-6eb687701d46@group-263A5124E6E8-LeaderElection296] INFO  impl.RoleInfo (RoleInfo.java:updateAndGet(148)) - 895d447a-5476-42e4-b2fa-6eb687701d46: start 895d447a-5476-42e4-b2fa-6eb687701d46@group-263A5124E6E8-LeaderStateImpl
2025-10-10 10:40:26,489 [895d447a-5476-42e4-b2fa-6eb687701d46@group-263A5124E6E8-LeaderElection296] INFO  server.RaftServer$Division (RaftServerImpl.java:setFirstElection(576)) - 895d447a-5476-42e4-b2fa-6eb687701d46@group-263A5124E6E8: set firstElectionSinceStartup to false for becomeLeader
2025-10-10 10:40:26,489 [895d447a-5476-42e4-b2fa-6eb687701d46@group-263A5124E6E8-LeaderElection296] INFO  ratis.XceiverServerRatis (XceiverServerRatis.java:handleLeaderChangedNotification(940)) - Leader change notification received for group: group-263A5124E6E8 with new leaderId: 895d447a-5476-42e4-b2fa-6eb687701d46
2025-10-10 10:40:26,489 [895d447a-5476-42e4-b2fa-6eb687701d46@group-263A5124E6E8-LeaderElection296] INFO  server.RaftServer$Division (ServerState.java:setLeader(272)) - 895d447a-5476-42e4-b2fa-6eb687701d46@group-263A5124E6E8: change Leader from null to 895d447a-5476-42e4-b2fa-6eb687701d46 at term 3 for becomeLeader, leader elected after 1775ms
2025-10-10 10:40:26,489 [895d447a-5476-42e4-b2fa-6eb687701d46@group-263A5124E6E8-LeaderElection296] INFO  segmented.SegmentedRaftLogWorker (SegmentedRaftLogWorker.java:rollLogSegment(445)) - 895d447a-5476-42e4-b2fa-6eb687701d46@group-263A5124E6E8-SegmentedRaftLogWorker: Rolling segment log-1_2 to index:2
2025-10-10 10:40:26,489 [895d447a-5476-42e4-b2fa-6eb687701d46@group-263A5124E6E8-LeaderElection296] INFO  server.RaftServer$Division (ServerState.java:setRaftConf(386)) - 895d447a-5476-42e4-b2fa-6eb687701d46@group-263A5124E6E8: set configuration conf: {index: 3, cur=peers:[895d447a-5476-42e4-b2fa-6eb687701d46|127.0.0.1:15079]|listeners:[], old=null}
2025-10-10 10:40:26,490 [grpc-default-executor-4] INFO  server.RaftServer$Division (RaftServerImpl.java:requestVote(1421)) - aa9634f0-8836-44d6-bc05-5b19fbdd93d5@group-6EF60CB14872: receive requestVote(PRE_VOTE, 895d447a-5476-42e4-b2fa-6eb687701d46, group-6EF60CB14872, 5, (t:5, i:21))
2025-10-10 10:40:26,490 [grpc-default-executor-4] INFO  impl.VoteContext (VoteContext.java:log(49)) - aa9634f0-8836-44d6-bc05-5b19fbdd93d5@group-6EF60CB14872-FOLLOWER: accept PRE_VOTE from 895d447a-5476-42e4-b2fa-6eb687701d46: our priority 0 <= candidate's priority 0
2025-10-10 10:40:26,490 [895d447a-5476-42e4-b2fa-6eb687701d46@group-263A5124E6E8-SegmentedRaftLogWorker] INFO  segmented.SegmentedRaftLogWorker (SegmentedRaftLogWorker.java:execute(604)) - 895d447a-5476-42e4-b2fa-6eb687701d46@group-263A5124E6E8-SegmentedRaftLogWorker: Rolled log segment from /home/runner/work/ozone/ozone/hadoop-ozone/integration-test/target/test-dir/MiniOzoneClusterImpl-611c99c7-d47b-4433-a4ef-cd0a35b076ef/ozone-metadata/datanode-9/ratis/1890b19a-2da7-4d82-9892-263a5124e6e8/current/log_inprogress_1 to /home/runner/work/ozone/ozone/hadoop-ozone/integration-test/target/test-dir/MiniOzoneClusterImpl-611c99c7-d47b-4433-a4ef-cd0a35b076ef/ozone-metadata/datanode-9/ratis/1890b19a-2da7-4d82-9892-263a5124e6e8/current/log_1-2
2025-10-10 10:40:26,490 [grpc-default-executor-4] INFO  server.RaftServer$Division (RaftServerImpl.java:requestVote(1455)) - aa9634f0-8836-44d6-bc05-5b19fbdd93d5@group-6EF60CB14872 replies to PRE_VOTE vote request: 895d447a-5476-42e4-b2fa-6eb687701d46<-aa9634f0-8836-44d6-bc05-5b19fbdd93d5#0:OK-t5-last:(t:5, i:21). Peer's state: aa9634f0-8836-44d6-bc05-5b19fbdd93d5@group-6EF60CB14872:t5, leader=null, voted=895d447a-5476-42e4-b2fa-6eb687701d46, raftlog=Memoized:aa9634f0-8836-44d6-bc05-5b19fbdd93d5@group-6EF60CB14872-SegmentedRaftLog:OPENED:c21:last(t:5, i:21), conf=conf: {index: 20, cur=peers:[aa9634f0-8836-44d6-bc05-5b19fbdd93d5|127.0.0.1:15063, 36185c6b-22ce-45d1-a622-3a6b487a5a53|127.0.0.1:15071, 895d447a-5476-42e4-b2fa-6eb687701d46|127.0.0.1:15079]|listeners:[], old=null}
2025-10-10 10:40:26,491 [895d447a-5476-42e4-b2fa-6eb687701d46@group-263A5124E6E8-SegmentedRaftLogWorker] INFO  segmented.BufferedWriteChannel (BufferedWriteChannel.java:open(61)) - open log_inprogress_3 at position 0
2025-10-10 10:40:26,492 [grpc-default-executor-4] INFO  server.RaftServer$Division (RaftServerImpl.java:requestVote(1421)) - 36185c6b-22ce-45d1-a622-3a6b487a5a53@group-6EF60CB14872: receive requestVote(PRE_VOTE, 895d447a-5476-42e4-b2fa-6eb687701d46, group-6EF60CB14872, 5, (t:5, i:21))
2025-10-10 10:40:26,492 [grpc-default-executor-4] INFO  impl.VoteContext (VoteContext.java:log(49)) - 36185c6b-22ce-45d1-a622-3a6b487a5a53@group-6EF60CB14872-FOLLOWER: accept PRE_VOTE from 895d447a-5476-42e4-b2fa-6eb687701d46: our last entry (t:4, i:19) < candidate's last entry (t:5, i:21)
2025-10-10 10:40:26,492 [grpc-default-executor-4] INFO  server.RaftServer$Division (RaftServerImpl.java:requestVote(1455)) - 36185c6b-22ce-45d1-a622-3a6b487a5a53@group-6EF60CB14872 replies to PRE_VOTE vote request: 895d447a-5476-42e4-b2fa-6eb687701d46<-36185c6b-22ce-45d1-a622-3a6b487a5a53#0:OK-t5-last:(t:4, i:19). Peer's state: 36185c6b-22ce-45d1-a622-3a6b487a5a53@group-6EF60CB14872:t5, leader=null, voted=null, raftlog=Memoized:36185c6b-22ce-45d1-a622-3a6b487a5a53@group-6EF60CB14872-SegmentedRaftLog:OPENED:c19:last(t:4, i:19), conf=conf: {index: 11, cur=peers:[aa9634f0-8836-44d6-bc05-5b19fbdd93d5|127.0.0.1:15063, 36185c6b-22ce-45d1-a622-3a6b487a5a53|127.0.0.1:15071, 895d447a-5476-42e4-b2fa-6eb687701d46|127.0.0.1:15079]|listeners:[], old=null}
2025-10-10 10:40:26,493 [895d447a-5476-42e4-b2fa-6eb687701d46@group-6EF60CB14872-LeaderElection295] INFO  impl.LeaderElection (LeaderElection.java:logAndReturn(206)) - 895d447a-5476-42e4-b2fa-6eb687701d46@group-6EF60CB14872-LeaderElection295: PRE_VOTE PASSED received 2 response(s) and 0 exception(s):
2025-10-10 10:40:26,493 [895d447a-5476-42e4-b2fa-6eb687701d46@group-6EF60CB14872-LeaderElection295] INFO  impl.LeaderElection (LeaderElection.java:logAndReturn(210)) -   Response 0: 895d447a-5476-42e4-b2fa-6eb687701d46<-aa9634f0-8836-44d6-bc05-5b19fbdd93d5#0:OK-t5-last:(t:5, i:21)
2025-10-10 10:40:26,493 [895d447a-5476-42e4-b2fa-6eb687701d46@group-6EF60CB14872-LeaderElection295] INFO  impl.LeaderElection (LeaderElection.java:logAndReturn(210)) -   Response 1: 895d447a-5476-42e4-b2fa-6eb687701d46<-36185c6b-22ce-45d1-a622-3a6b487a5a53#0:OK-t5-last:(t:4, i:19)
2025-10-10 10:40:26,493 [895d447a-5476-42e4-b2fa-6eb687701d46@group-6EF60CB14872-LeaderElection295] INFO  impl.LeaderElection (LeaderElection.java:askForVotes(450)) - 895d447a-5476-42e4-b2fa-6eb687701d46@group-6EF60CB14872-LeaderElection295 PRE_VOTE round 0: result PASSED
2025-10-10 10:40:26,495 [895d447a-5476-42e4-b2fa-6eb687701d46@group-6EF60CB14872-LeaderElection295] INFO  impl.LeaderElection (LeaderElection.java:askForVotes(448)) - 895d447a-5476-42e4-b2fa-6eb687701d46@group-6EF60CB14872-LeaderElection295 ELECTION round 0: submit vote requests at term 6 for conf: {index: 20, cur=peers:[aa9634f0-8836-44d6-bc05-5b19fbdd93d5|127.0.0.1:15063, 36185c6b-22ce-45d1-a622-3a6b487a5a53|127.0.0.1:15071, 895d447a-5476-42e4-b2fa-6eb687701d46|127.0.0.1:15079]|listeners:[], old=null}
2025-10-10 10:40:26,496 [grpc-default-executor-4] INFO  server.RaftServer$Division (RaftServerImpl.java:requestVote(1421)) - 36185c6b-22ce-45d1-a622-3a6b487a5a53@group-6EF60CB14872: receive requestVote(ELECTION, 895d447a-5476-42e4-b2fa-6eb687701d46, group-6EF60CB14872, 6, (t:5, i:21))
2025-10-10 10:40:26,496 [grpc-default-executor-10] INFO  server.RaftServer$Division (RaftServerImpl.java:requestVote(1421)) - aa9634f0-8836-44d6-bc05-5b19fbdd93d5@group-6EF60CB14872: receive requestVote(ELECTION, 895d447a-5476-42e4-b2fa-6eb687701d46, group-6EF60CB14872, 6, (t:5, i:21))
2025-10-10 10:40:26,496 [grpc-default-executor-4] INFO  impl.VoteContext (VoteContext.java:log(49)) - 36185c6b-22ce-45d1-a622-3a6b487a5a53@group-6EF60CB14872-FOLLOWER: accept ELECTION from 895d447a-5476-42e4-b2fa-6eb687701d46: our last entry (t:4, i:19) < candidate's last entry (t:5, i:21)
2025-10-10 10:40:26,496 [grpc-default-executor-4] INFO  server.RaftServer$Division (RaftServerImpl.java:setRole(392)) - 36185c6b-22ce-45d1-a622-3a6b487a5a53@group-6EF60CB14872: changes role from  FOLLOWER to FOLLOWER at term 5 for candidate:895d447a-5476-42e4-b2fa-6eb687701d46
2025-10-10 10:40:26,496 [grpc-default-executor-4] INFO  impl.RoleInfo (RoleInfo.java:shutdownFollowerState(121)) - 36185c6b-22ce-45d1-a622-3a6b487a5a53: shutdown 36185c6b-22ce-45d1-a622-3a6b487a5a53@group-6EF60CB14872-FollowerState
2025-10-10 10:40:26,496 [grpc-default-executor-4] INFO  impl.RoleInfo (RoleInfo.java:updateAndGet(148)) - 36185c6b-22ce-45d1-a622-3a6b487a5a53: start 36185c6b-22ce-45d1-a622-3a6b487a5a53@group-6EF60CB14872-FollowerState
2025-10-10 10:40:26,496 [36185c6b-22ce-45d1-a622-3a6b487a5a53@group-6EF60CB14872-FollowerState] INFO  impl.FollowerState (FollowerState.java:runImpl(170)) - 36185c6b-22ce-45d1-a622-3a6b487a5a53@group-6EF60CB14872-FollowerState was interrupted
2025-10-10 10:40:26,496 [grpc-default-executor-10] INFO  impl.VoteContext (VoteContext.java:log(49)) - aa9634f0-8836-44d6-bc05-5b19fbdd93d5@group-6EF60CB14872-FOLLOWER: accept ELECTION from 895d447a-5476-42e4-b2fa-6eb687701d46: our priority 0 <= candidate's priority 0
2025-10-10 10:40:26,496 [grpc-default-executor-10] INFO  server.RaftServer$Division (RaftServerImpl.java:setRole(392)) - aa9634f0-8836-44d6-bc05-5b19fbdd93d5@group-6EF60CB14872: changes role from  FOLLOWER to FOLLOWER at term 5 for candidate:895d447a-5476-42e4-b2fa-6eb687701d46
2025-10-10 10:40:26,496 [grpc-default-executor-10] INFO  impl.RoleInfo (RoleInfo.java:shutdownFollowerState(121)) - aa9634f0-8836-44d6-bc05-5b19fbdd93d5: shutdown aa9634f0-8836-44d6-bc05-5b19fbdd93d5@group-6EF60CB14872-FollowerState
2025-10-10 10:40:26,496 [grpc-default-executor-10] INFO  impl.RoleInfo (RoleInfo.java:updateAndGet(148)) - aa9634f0-8836-44d6-bc05-5b19fbdd93d5: start aa9634f0-8836-44d6-bc05-5b19fbdd93d5@group-6EF60CB14872-FollowerState
2025-10-10 10:40:26,496 [aa9634f0-8836-44d6-bc05-5b19fbdd93d5@group-6EF60CB14872-FollowerState] INFO  impl.FollowerState (FollowerState.java:runImpl(170)) - aa9634f0-8836-44d6-bc05-5b19fbdd93d5@group-6EF60CB14872-FollowerState was interrupted
2025-10-10 10:40:26,497 [895d447a-5476-42e4-b2fa-6eb687701d46@group-263A5124E6E8-SegmentedRaftLogWorker] INFO  segmented.SegmentedRaftLogWorker (SegmentedRaftLogWorker.java:execute(647)) - 895d447a-5476-42e4-b2fa-6eb687701d46@group-263A5124E6E8-SegmentedRaftLogWorker: created new log segment /home/runner/work/ozone/ozone/hadoop-ozone/integration-test/target/test-dir/MiniOzoneClusterImpl-611c99c7-d47b-4433-a4ef-cd0a35b076ef/ozone-metadata/datanode-9/ratis/1890b19a-2da7-4d82-9892-263a5124e6e8/current/log_inprogress_3
2025-10-10 10:40:26,498 [grpc-default-executor-4] INFO  server.RaftServer$Division (RaftServerImpl.java:requestVote(1455)) - 36185c6b-22ce-45d1-a622-3a6b487a5a53@group-6EF60CB14872 replies to ELECTION vote request: 895d447a-5476-42e4-b2fa-6eb687701d46<-36185c6b-22ce-45d1-a622-3a6b487a5a53#0:OK-t6-last:(t:4, i:19). Peer's state: 36185c6b-22ce-45d1-a622-3a6b487a5a53@group-6EF60CB14872:t6, leader=null, voted=895d447a-5476-42e4-b2fa-6eb687701d46, raftlog=Memoized:36185c6b-22ce-45d1-a622-3a6b487a5a53@group-6EF60CB14872-SegmentedRaftLog:OPENED:c19:last(t:4, i:19), conf=conf: {index: 11, cur=peers:[aa9634f0-8836-44d6-bc05-5b19fbdd93d5|127.0.0.1:15063, 36185c6b-22ce-45d1-a622-3a6b487a5a53|127.0.0.1:15071, 895d447a-5476-42e4-b2fa-6eb687701d46|127.0.0.1:15079]|listeners:[], old=null}
2025-10-10 10:40:26,498 [895d447a-5476-42e4-b2fa-6eb687701d46@group-6EF60CB14872-LeaderElection295] INFO  impl.LeaderElection (LeaderElection.java:logAndReturn(206)) - 895d447a-5476-42e4-b2fa-6eb687701d46@group-6EF60CB14872-LeaderElection295: ELECTION PASSED received 1 response(s) and 0 exception(s):
2025-10-10 10:40:26,498 [895d447a-5476-42e4-b2fa-6eb687701d46@group-6EF60CB14872-LeaderElection295] INFO  impl.LeaderElection (LeaderElection.java:logAndReturn(210)) -   Response 0: 895d447a-5476-42e4-b2fa-6eb687701d46<-36185c6b-22ce-45d1-a622-3a6b487a5a53#0:OK-t6-last:(t:4, i:19)
2025-10-10 10:40:26,498 [895d447a-5476-42e4-b2fa-6eb687701d46@group-6EF60CB14872-LeaderElection295] INFO  impl.LeaderElection (LeaderElection.java:askForVotes(450)) - 895d447a-5476-42e4-b2fa-6eb687701d46@group-6EF60CB14872-LeaderElection295 ELECTION round 0: result PASSED
2025-10-10 10:40:26,498 [895d447a-5476-42e4-b2fa-6eb687701d46@group-6EF60CB14872-LeaderElection295] INFO  impl.RoleInfo (RoleInfo.java:shutdownLeaderElection(141)) - 895d447a-5476-42e4-b2fa-6eb687701d46: shutdown 895d447a-5476-42e4-b2fa-6eb687701d46@group-6EF60CB14872-LeaderElection295
2025-10-10 10:40:26,498 [895d447a-5476-42e4-b2fa-6eb687701d46@group-6EF60CB14872-LeaderElection295] INFO  server.RaftServer$Division (RaftServerImpl.java:setRole(392)) - 895d447a-5476-42e4-b2fa-6eb687701d46@group-6EF60CB14872: changes role from CANDIDATE to LEADER at term 6 for changeToLeader
2025-10-10 10:40:26,498 [895d447a-5476-42e4-b2fa-6eb687701d46@group-6EF60CB14872-LeaderElection295] INFO  server.RaftServerConfigKeys (ConfUtils.java:logFallback(69)) - raft.server.staging.timeout = 3600ms (fallback to raft.server.rpc.timeout.max)
2025-10-10 10:40:26,498 [grpc-default-executor-10] INFO  server.RaftServer$Division (RaftServerImpl.java:requestVote(1455)) - aa9634f0-8836-44d6-bc05-5b19fbdd93d5@group-6EF60CB14872 replies to ELECTION vote request: 895d447a-5476-42e4-b2fa-6eb687701d46<-aa9634f0-8836-44d6-bc05-5b19fbdd93d5#0:OK-t6-last:(t:5, i:21). Peer's state: aa9634f0-8836-44d6-bc05-5b19fbdd93d5@group-6EF60CB14872:t6, leader=null, voted=895d447a-5476-42e4-b2fa-6eb687701d46, raftlog=Memoized:aa9634f0-8836-44d6-bc05-5b19fbdd93d5@group-6EF60CB14872-SegmentedRaftLog:OPENED:c21:last(t:5, i:21), conf=conf: {index: 20, cur=peers:[aa9634f0-8836-44d6-bc05-5b19fbdd93d5|127.0.0.1:15063, 36185c6b-22ce-45d1-a622-3a6b487a5a53|127.0.0.1:15071, 895d447a-5476-42e4-b2fa-6eb687701d46|127.0.0.1:15079]|listeners:[], old=null}
2025-10-10 10:40:26,499 [895d447a-5476-42e4-b2fa-6eb687701d46@group-6EF60CB14872-LeaderElection295] INFO  server.RaftServerConfigKeys (ConfUtils.java:logGet(62)) - raft.server.write.byte-limit = 1024 M (=1073741824) (custom)
2025-10-10 10:40:26,500 [895d447a-5476-42e4-b2fa-6eb687701d46@group-263A5124E6E8-StateMachineUpdater] INFO  server.RaftServer$Division (LeaderStateImpl.java:checkStartIndex(309)) - Leader 895d447a-5476-42e4-b2fa-6eb687701d46@group-263A5124E6E8-LeaderStateImpl is ready since appliedIndex == startIndex == 3
2025-10-10 10:40:26,501 [895d447a-5476-42e4-b2fa-6eb687701d46@group-6EF60CB14872-LeaderElection295] INFO  server.RaftServerConfigKeys (ConfUtils.java:logGet(62)) - raft.server.log.appender.buffer.byte-limit = 33554432 (custom)
2025-10-10 10:40:26,502 [895d447a-5476-42e4-b2fa-6eb687701d46@group-6EF60CB14872-LeaderElection295] INFO  server.RaftServerConfigKeys (ConfUtils.java:logGet(62)) - raft.server.log.appender.buffer.byte-limit = 33554432 (custom)
2025-10-10 10:40:26,502 [895d447a-5476-42e4-b2fa-6eb687701d46@group-6EF60CB14872-LeaderElection295] INFO  impl.RoleInfo (RoleInfo.java:updateAndGet(148)) - 895d447a-5476-42e4-b2fa-6eb687701d46: start 895d447a-5476-42e4-b2fa-6eb687701d46@group-6EF60CB14872-LeaderStateImpl
2025-10-10 10:40:26,502 [895d447a-5476-42e4-b2fa-6eb687701d46@group-6EF60CB14872-LeaderElection295] INFO  server.RaftServer$Division (RaftServerImpl.java:setFirstElection(576)) - 895d447a-5476-42e4-b2fa-6eb687701d46@group-6EF60CB14872: set firstElectionSinceStartup to false for becomeLeader
2025-10-10 10:40:26,502 [895d447a-5476-42e4-b2fa-6eb687701d46@group-6EF60CB14872-LeaderElection295] INFO  ratis.XceiverServerRatis (XceiverServerRatis.java:handleLeaderChangedNotification(940)) - Leader change notification received for group: group-6EF60CB14872 with new leaderId: 895d447a-5476-42e4-b2fa-6eb687701d46
2025-10-10 10:40:26,502 [895d447a-5476-42e4-b2fa-6eb687701d46@group-6EF60CB14872-LeaderElection295] INFO  server.RaftServer$Division (ServerState.java:setLeader(272)) - 895d447a-5476-42e4-b2fa-6eb687701d46@group-6EF60CB14872: change Leader from null to 895d447a-5476-42e4-b2fa-6eb687701d46 at term 6 for becomeLeader, leader elected after 1793ms
2025-10-10 10:40:26,503 [895d447a-5476-42e4-b2fa-6eb687701d46@group-6EF60CB14872-LeaderElection295] INFO  segmented.SegmentedRaftLogWorker (SegmentedRaftLogWorker.java:rollLogSegment(445)) - 895d447a-5476-42e4-b2fa-6eb687701d46@group-6EF60CB14872-SegmentedRaftLogWorker: Rolling segment log-20_21 to index:21
2025-10-10 10:40:26,503 [895d447a-5476-42e4-b2fa-6eb687701d46@group-6EF60CB14872-SegmentedRaftLogWorker] INFO  segmented.SegmentedRaftLogWorker (SegmentedRaftLogWorker.java:execute(604)) - 895d447a-5476-42e4-b2fa-6eb687701d46@group-6EF60CB14872-SegmentedRaftLogWorker: Rolled log segment from /home/runner/work/ozone/ozone/hadoop-ozone/integration-test/target/test-dir/MiniOzoneClusterImpl-611c99c7-d47b-4433-a4ef-cd0a35b076ef/ozone-metadata/datanode-9/ratis/56f6ef43-c50c-4d35-89b5-6ef60cb14872/current/log_inprogress_20 to /home/runner/work/ozone/ozone/hadoop-ozone/integration-test/target/test-dir/MiniOzoneClusterImpl-611c99c7-d47b-4433-a4ef-cd0a35b076ef/ozone-metadata/datanode-9/ratis/56f6ef43-c50c-4d35-89b5-6ef60cb14872/current/log_20-21
2025-10-10 10:40:26,503 [895d447a-5476-42e4-b2fa-6eb687701d46@group-6EF60CB14872-SegmentedRaftLogWorker] INFO  segmented.BufferedWriteChannel (BufferedWriteChannel.java:open(61)) - open log_inprogress_22 at position 0
2025-10-10 10:40:26,504 [895d447a-5476-42e4-b2fa-6eb687701d46@group-6EF60CB14872-LeaderElection295] INFO  server.RaftServer$Division (ServerState.java:setRaftConf(386)) - 895d447a-5476-42e4-b2fa-6eb687701d46@group-6EF60CB14872: set configuration conf: {index: 22, cur=peers:[aa9634f0-8836-44d6-bc05-5b19fbdd93d5|127.0.0.1:15063, 36185c6b-22ce-45d1-a622-3a6b487a5a53|127.0.0.1:15071, 895d447a-5476-42e4-b2fa-6eb687701d46|127.0.0.1:15079]|listeners:[], old=null}
2025-10-10 10:40:26,509 [grpc-default-executor-10] INFO  ratis.XceiverServerRatis (XceiverServerRatis.java:handleLeaderChangedNotification(940)) - Leader change notification received for group: group-6EF60CB14872 with new leaderId: 895d447a-5476-42e4-b2fa-6eb687701d46
2025-10-10 10:40:26,510 [grpc-default-executor-1] INFO  ratis.XceiverServerRatis (XceiverServerRatis.java:handleLeaderChangedNotification(940)) - Leader change notification received for group: group-6EF60CB14872 with new leaderId: 895d447a-5476-42e4-b2fa-6eb687701d46
2025-10-10 10:40:26,510 [grpc-default-executor-1] INFO  server.RaftServer$Division (ServerState.java:setLeader(272)) - 36185c6b-22ce-45d1-a622-3a6b487a5a53@group-6EF60CB14872: change Leader from null to 895d447a-5476-42e4-b2fa-6eb687701d46 at term 6 for appendEntries, leader elected after 2021ms
2025-10-10 10:40:26,510 [grpc-default-executor-1] INFO  server.RaftServer$Division (RaftServerImpl.java:checkInconsistentAppendEntries(1673)) - 36185c6b-22ce-45d1-a622-3a6b487a5a53@group-6EF60CB14872: Failed appendEntries as previous log entry ((t:5, i:21)) is not found
2025-10-10 10:40:26,510 [grpc-default-executor-1] INFO  server.RaftServer$Division (RaftServerImpl.java:appendEntriesAsync(1594)) - 36185c6b-22ce-45d1-a622-3a6b487a5a53@group-6EF60CB14872: appendEntries* reply 895d447a-5476-42e4-b2fa-6eb687701d46<-36185c6b-22ce-45d1-a622-3a6b487a5a53#0:FAIL-t6,INCONSISTENCY,nextIndex=20,followerCommit=19,matchIndex=-1
2025-10-10 10:40:26,510 [grpc-default-executor-10] INFO  server.RaftServer$Division (ServerState.java:setLeader(272)) - aa9634f0-8836-44d6-bc05-5b19fbdd93d5@group-6EF60CB14872: change Leader from null to 895d447a-5476-42e4-b2fa-6eb687701d46 at term 6 for appendEntries, leader elected after 35817ms
2025-10-10 10:40:26,511 [grpc-default-executor-1] INFO  server.RaftServer$Division (ServerState.java:setRaftConf(386)) - aa9634f0-8836-44d6-bc05-5b19fbdd93d5@group-6EF60CB14872: set configuration conf: {index: 22, cur=peers:[aa9634f0-8836-44d6-bc05-5b19fbdd93d5|127.0.0.1:15063, 36185c6b-22ce-45d1-a622-3a6b487a5a53|127.0.0.1:15071, 895d447a-5476-42e4-b2fa-6eb687701d46|127.0.0.1:15079]|listeners:[], old=null}
2025-10-10 10:40:26,512 [grpc-default-executor-8] INFO  server.RaftServer$Division (RaftServerImpl.java:checkInconsistentAppendEntries(1673)) - 36185c6b-22ce-45d1-a622-3a6b487a5a53@group-6EF60CB14872: Failed appendEntries as previous log entry ((t:5, i:21)) is not found
2025-10-10 10:40:26,511 [grpc-default-executor-4] WARN  server.GrpcLogAppender (GrpcLogAppender.java:lambda$onNextImpl$0(527)) - 895d447a-5476-42e4-b2fa-6eb687701d46@group-6EF60CB14872->36185c6b-22ce-45d1-a622-3a6b487a5a53-AppendLogResponseHandler: received INCONSISTENCY reply with nextIndex 20, errorCount=1, request=AppendEntriesRequest:cid=0,entriesCount=0 
2025-10-10 10:40:26,512 [grpc-default-executor-4] INFO  leader.FollowerInfo (FollowerInfoImpl.java:info(70)) - 895d447a-5476-42e4-b2fa-6eb687701d46@group-6EF60CB14872->36185c6b-22ce-45d1-a622-3a6b487a5a53: setNextIndex nextIndex: updateUnconditionally 23 -> 20
2025-10-10 10:40:26,511 [895d447a-5476-42e4-b2fa-6eb687701d46@group-6EF60CB14872-SegmentedRaftLogWorker] INFO  segmented.SegmentedRaftLogWorker (SegmentedRaftLogWorker.java:execute(647)) - 895d447a-5476-42e4-b2fa-6eb687701d46@group-6EF60CB14872-SegmentedRaftLogWorker: created new log segment /home/runner/work/ozone/ozone/hadoop-ozone/integration-test/target/test-dir/MiniOzoneClusterImpl-611c99c7-d47b-4433-a4ef-cd0a35b076ef/ozone-metadata/datanode-9/ratis/56f6ef43-c50c-4d35-89b5-6ef60cb14872/current/log_inprogress_22
2025-10-10 10:40:26,512 [grpc-default-executor-8] INFO  server.RaftServer$Division (RaftServerImpl.java:appendEntriesAsync(1594)) - 36185c6b-22ce-45d1-a622-3a6b487a5a53@group-6EF60CB14872: appendEntries* reply 895d447a-5476-42e4-b2fa-6eb687701d46<-36185c6b-22ce-45d1-a622-3a6b487a5a53#1:FAIL-t6,INCONSISTENCY,nextIndex=20,followerCommit=19,matchIndex=-1
2025-10-10 10:40:26,512 [grpc-default-executor-1] INFO  segmented.SegmentedRaftLogWorker (SegmentedRaftLogWorker.java:rollLogSegment(445)) - aa9634f0-8836-44d6-bc05-5b19fbdd93d5@group-6EF60CB14872-SegmentedRaftLogWorker: Rolling segment log-20_21 to index:21
2025-10-10 10:40:26,513 [grpc-default-executor-8] INFO  server.RaftServer$Division (ServerState.java:setRaftConf(386)) - 36185c6b-22ce-45d1-a622-3a6b487a5a53@group-6EF60CB14872: set configuration conf: {index: 20, cur=peers:[aa9634f0-8836-44d6-bc05-5b19fbdd93d5|127.0.0.1:15063, 36185c6b-22ce-45d1-a622-3a6b487a5a53|127.0.0.1:15071, 895d447a-5476-42e4-b2fa-6eb687701d46|127.0.0.1:15079]|listeners:[], old=null}
2025-10-10 10:40:26,513 [grpc-default-executor-1] INFO  leader.FollowerInfo (FollowerInfoImpl.java:info(70)) - 895d447a-5476-42e4-b2fa-6eb687701d46@group-6EF60CB14872->36185c6b-22ce-45d1-a622-3a6b487a5a53: setNextIndex nextIndex: updateUnconditionally 23 -> 20
2025-10-10 10:40:26,513 [grpc-default-executor-8] INFO  server.RaftServer$Division (ServerState.java:setRaftConf(386)) - 36185c6b-22ce-45d1-a622-3a6b487a5a53@group-6EF60CB14872: set configuration conf: {index: 22, cur=peers:[aa9634f0-8836-44d6-bc05-5b19fbdd93d5|127.0.0.1:15063, 36185c6b-22ce-45d1-a622-3a6b487a5a53|127.0.0.1:15071, 895d447a-5476-42e4-b2fa-6eb687701d46|127.0.0.1:15079]|listeners:[], old=null}
2025-10-10 10:40:26,513 [grpc-default-executor-8] INFO  segmented.SegmentedRaftLogWorker (SegmentedRaftLogWorker.java:rollLogSegment(445)) - 36185c6b-22ce-45d1-a622-3a6b487a5a53@group-6EF60CB14872-SegmentedRaftLogWorker: Rolling segment log-11_19 to index:19
2025-10-10 10:40:26,514 [grpc-default-executor-8] INFO  segmented.SegmentedRaftLogWorker (SegmentedRaftLogWorker.java:rollLogSegment(445)) - 36185c6b-22ce-45d1-a622-3a6b487a5a53@group-6EF60CB14872-SegmentedRaftLogWorker: Rolling segment log-20_21 to index:21
2025-10-10 10:40:26,514 [grpc-default-executor-8] INFO  server.RaftServer$Division (ServerState.java:setRaftConf(386)) - 36185c6b-22ce-45d1-a622-3a6b487a5a53@group-6EF60CB14872: set configuration conf: {index: 20, cur=peers:[aa9634f0-8836-44d6-bc05-5b19fbdd93d5|127.0.0.1:15063, 36185c6b-22ce-45d1-a622-3a6b487a5a53|127.0.0.1:15071, 895d447a-5476-42e4-b2fa-6eb687701d46|127.0.0.1:15079]|listeners:[], old=null}
2025-10-10 10:40:26,514 [grpc-default-executor-8] INFO  server.RaftServer$Division (ServerState.java:setRaftConf(386)) - 36185c6b-22ce-45d1-a622-3a6b487a5a53@group-6EF60CB14872: set configuration conf: {index: 22, cur=peers:[aa9634f0-8836-44d6-bc05-5b19fbdd93d5|127.0.0.1:15063, 36185c6b-22ce-45d1-a622-3a6b487a5a53|127.0.0.1:15071, 895d447a-5476-42e4-b2fa-6eb687701d46|127.0.0.1:15079]|listeners:[], old=null}
2025-10-10 10:40:26,514 [aa9634f0-8836-44d6-bc05-5b19fbdd93d5@group-6EF60CB14872-SegmentedRaftLogWorker] INFO  segmented.SegmentedRaftLogWorker (SegmentedRaftLogWorker.java:execute(604)) - aa9634f0-8836-44d6-bc05-5b19fbdd93d5@group-6EF60CB14872-SegmentedRaftLogWorker: Rolled log segment from /home/runner/work/ozone/ozone/hadoop-ozone/integration-test/target/test-dir/MiniOzoneClusterImpl-611c99c7-d47b-4433-a4ef-cd0a35b076ef/ozone-metadata/datanode-7/ratis/56f6ef43-c50c-4d35-89b5-6ef60cb14872/current/log_inprogress_20 to /home/runner/work/ozone/ozone/hadoop-ozone/integration-test/target/test-dir/MiniOzoneClusterImpl-611c99c7-d47b-4433-a4ef-cd0a35b076ef/ozone-metadata/datanode-7/ratis/56f6ef43-c50c-4d35-89b5-6ef60cb14872/current/log_20-21
2025-10-10 10:40:26,514 [aa9634f0-8836-44d6-bc05-5b19fbdd93d5@group-6EF60CB14872-SegmentedRaftLogWorker] INFO  segmented.BufferedWriteChannel (BufferedWriteChannel.java:open(61)) - open log_inprogress_22 at position 0
2025-10-10 10:40:26,515 [36185c6b-22ce-45d1-a622-3a6b487a5a53@group-6EF60CB14872-SegmentedRaftLogWorker] INFO  segmented.SegmentedRaftLogWorker (SegmentedRaftLogWorker.java:execute(604)) - 36185c6b-22ce-45d1-a622-3a6b487a5a53@group-6EF60CB14872-SegmentedRaftLogWorker: Rolled log segment from /home/runner/work/ozone/ozone/hadoop-ozone/integration-test/target/test-dir/MiniOzoneClusterImpl-611c99c7-d47b-4433-a4ef-cd0a35b076ef/ozone-metadata/datanode-8/ratis/56f6ef43-c50c-4d35-89b5-6ef60cb14872/current/log_inprogress_11 to /home/runner/work/ozone/ozone/hadoop-ozone/integration-test/target/test-dir/MiniOzoneClusterImpl-611c99c7-d47b-4433-a4ef-cd0a35b076ef/ozone-metadata/datanode-8/ratis/56f6ef43-c50c-4d35-89b5-6ef60cb14872/current/log_11-19
2025-10-10 10:40:26,516 [36185c6b-22ce-45d1-a622-3a6b487a5a53@group-6EF60CB14872-SegmentedRaftLogWorker] INFO  segmented.BufferedWriteChannel (BufferedWriteChannel.java:open(61)) - open log_inprogress_20 at position 0
2025-10-10 10:40:26,521 [aa9634f0-8836-44d6-bc05-5b19fbdd93d5@group-6EF60CB14872-SegmentedRaftLogWorker] INFO  segmented.SegmentedRaftLogWorker (SegmentedRaftLogWorker.java:execute(647)) - aa9634f0-8836-44d6-bc05-5b19fbdd93d5@group-6EF60CB14872-SegmentedRaftLogWorker: created new log segment /home/runner/work/ozone/ozone/hadoop-ozone/integration-test/target/test-dir/MiniOzoneClusterImpl-611c99c7-d47b-4433-a4ef-cd0a35b076ef/ozone-metadata/datanode-7/ratis/56f6ef43-c50c-4d35-89b5-6ef60cb14872/current/log_inprogress_22
2025-10-10 10:40:26,522 [36185c6b-22ce-45d1-a622-3a6b487a5a53@group-6EF60CB14872-SegmentedRaftLogWorker] INFO  segmented.SegmentedRaftLogWorker (SegmentedRaftLogWorker.java:execute(647)) - 36185c6b-22ce-45d1-a622-3a6b487a5a53@group-6EF60CB14872-SegmentedRaftLogWorker: created new log segment /home/runner/work/ozone/ozone/hadoop-ozone/integration-test/target/test-dir/MiniOzoneClusterImpl-611c99c7-d47b-4433-a4ef-cd0a35b076ef/ozone-metadata/datanode-8/ratis/56f6ef43-c50c-4d35-89b5-6ef60cb14872/current/log_inprogress_20
2025-10-10 10:40:26,523 [895d447a-5476-42e4-b2fa-6eb687701d46@group-6EF60CB14872-StateMachineUpdater] INFO  server.RaftServer$Division (LeaderStateImpl.java:checkStartIndex(309)) - Leader 895d447a-5476-42e4-b2fa-6eb687701d46@group-6EF60CB14872-LeaderStateImpl is ready since appliedIndex == startIndex == 22
2025-10-10 10:40:26,524 [36185c6b-22ce-45d1-a622-3a6b487a5a53@group-6EF60CB14872-SegmentedRaftLogWorker] INFO  segmented.SegmentedRaftLogWorker (SegmentedRaftLogWorker.java:execute(604)) - 36185c6b-22ce-45d1-a622-3a6b487a5a53@group-6EF60CB14872-SegmentedRaftLogWorker: Rolled log segment from /home/runner/work/ozone/ozone/hadoop-ozone/integration-test/target/test-dir/MiniOzoneClusterImpl-611c99c7-d47b-4433-a4ef-cd0a35b076ef/ozone-metadata/datanode-8/ratis/56f6ef43-c50c-4d35-89b5-6ef60cb14872/current/log_inprogress_20 to /home/runner/work/ozone/ozone/hadoop-ozone/integration-test/target/test-dir/MiniOzoneClusterImpl-611c99c7-d47b-4433-a4ef-cd0a35b076ef/ozone-metadata/datanode-8/ratis/56f6ef43-c50c-4d35-89b5-6ef60cb14872/current/log_20-21
2025-10-10 10:40:26,524 [36185c6b-22ce-45d1-a622-3a6b487a5a53@group-6EF60CB14872-SegmentedRaftLogWorker] INFO  segmented.BufferedWriteChannel (BufferedWriteChannel.java:open(61)) - open log_inprogress_22 at position 0
2025-10-10 10:40:26,530 [36185c6b-22ce-45d1-a622-3a6b487a5a53@group-6EF60CB14872-SegmentedRaftLogWorker] INFO  segmented.SegmentedRaftLogWorker (SegmentedRaftLogWorker.java:execute(647)) - 36185c6b-22ce-45d1-a622-3a6b487a5a53@group-6EF60CB14872-SegmentedRaftLogWorker: created new log segment /home/runner/work/ozone/ozone/hadoop-ozone/integration-test/target/test-dir/MiniOzoneClusterImpl-611c99c7-d47b-4433-a4ef-cd0a35b076ef/ozone-metadata/datanode-8/ratis/56f6ef43-c50c-4d35-89b5-6ef60cb14872/current/log_inprogress_22
2025-10-10 10:40:27,354 [36185c6b-22ce-45d1-a622-3a6b487a5a53@group-813C05265458-FollowerState] INFO  impl.FollowerState (FollowerState.java:runImpl(161)) - 36185c6b-22ce-45d1-a622-3a6b487a5a53@group-813C05265458-FollowerState: change to CANDIDATE, lastRpcElapsedTime:1099412479ns, electionTimeout:1099ms
2025-10-10 10:40:27,354 [36185c6b-22ce-45d1-a622-3a6b487a5a53@group-813C05265458-FollowerState] INFO  impl.RoleInfo (RoleInfo.java:shutdownFollowerState(121)) - 36185c6b-22ce-45d1-a622-3a6b487a5a53: shutdown 36185c6b-22ce-45d1-a622-3a6b487a5a53@group-813C05265458-FollowerState
2025-10-10 10:40:27,355 [36185c6b-22ce-45d1-a622-3a6b487a5a53@group-813C05265458-FollowerState] INFO  server.RaftServer$Division (RaftServerImpl.java:setRole(392)) - 36185c6b-22ce-45d1-a622-3a6b487a5a53@group-813C05265458: changes role from  FOLLOWER to CANDIDATE at term 1 for changeToCandidate
2025-10-10 10:40:27,355 [36185c6b-22ce-45d1-a622-3a6b487a5a53@group-813C05265458-FollowerState] INFO  impl.RoleInfo (RoleInfo.java:updateAndGet(148)) - 36185c6b-22ce-45d1-a622-3a6b487a5a53: start 36185c6b-22ce-45d1-a622-3a6b487a5a53@group-813C05265458-LeaderElection297
2025-10-10 10:40:27,355 [36185c6b-22ce-45d1-a622-3a6b487a5a53@group-813C05265458-LeaderElection297] INFO  impl.LeaderElection (LeaderElection.java:askForVotes(448)) - 36185c6b-22ce-45d1-a622-3a6b487a5a53@group-813C05265458-LeaderElection297 PRE_VOTE round 0: submit vote requests at term 1 for conf: {index: 0, cur=peers:[aa9634f0-8836-44d6-bc05-5b19fbdd93d5|127.0.0.1:15063, 36185c6b-22ce-45d1-a622-3a6b487a5a53|127.0.0.1:15071, 895d447a-5476-42e4-b2fa-6eb687701d46|127.0.0.1:15079]|listeners:[], old=null}
2025-10-10 10:40:27,356 [grpc-default-executor-8] INFO  server.RaftServer$Division (RaftServerImpl.java:requestVote(1421)) - 895d447a-5476-42e4-b2fa-6eb687701d46@group-813C05265458: receive requestVote(PRE_VOTE, 36185c6b-22ce-45d1-a622-3a6b487a5a53, group-813C05265458, 1, (t:1, i:0))
2025-10-10 10:40:27,356 [grpc-default-executor-1] INFO  server.RaftServer$Division (RaftServerImpl.java:requestVote(1421)) - aa9634f0-8836-44d6-bc05-5b19fbdd93d5@group-813C05265458: receive requestVote(PRE_VOTE, 36185c6b-22ce-45d1-a622-3a6b487a5a53, group-813C05265458, 1, (t:1, i:0))
2025-10-10 10:40:27,357 [grpc-default-executor-1] INFO  impl.VoteContext (VoteContext.java:log(49)) - aa9634f0-8836-44d6-bc05-5b19fbdd93d5@group-813C05265458-FOLLOWER: reject PRE_VOTE from 36185c6b-22ce-45d1-a622-3a6b487a5a53: our priority 1 > candidate's priority 0
2025-10-10 10:40:27,357 [grpc-default-executor-8] INFO  impl.VoteContext (VoteContext.java:log(49)) - 895d447a-5476-42e4-b2fa-6eb687701d46@group-813C05265458-FOLLOWER: accept PRE_VOTE from 36185c6b-22ce-45d1-a622-3a6b487a5a53: our priority 0 <= candidate's priority 0
2025-10-10 10:40:27,357 [grpc-default-executor-1] INFO  server.RaftServer$Division (RaftServerImpl.java:requestVote(1455)) - aa9634f0-8836-44d6-bc05-5b19fbdd93d5@group-813C05265458 replies to PRE_VOTE vote request: 36185c6b-22ce-45d1-a622-3a6b487a5a53<-aa9634f0-8836-44d6-bc05-5b19fbdd93d5#0:FAIL-t1-last:(t:1, i:0). Peer's state: aa9634f0-8836-44d6-bc05-5b19fbdd93d5@group-813C05265458:t1, leader=null, voted=aa9634f0-8836-44d6-bc05-5b19fbdd93d5, raftlog=Memoized:aa9634f0-8836-44d6-bc05-5b19fbdd93d5@group-813C05265458-SegmentedRaftLog:OPENED:c0:last(t:1, i:0), conf=conf: {index: 0, cur=peers:[aa9634f0-8836-44d6-bc05-5b19fbdd93d5|127.0.0.1:15063, 36185c6b-22ce-45d1-a622-3a6b487a5a53|127.0.0.1:15071, 895d447a-5476-42e4-b2fa-6eb687701d46|127.0.0.1:15079]|listeners:[], old=null}
2025-10-10 10:40:27,357 [grpc-default-executor-8] INFO  server.RaftServer$Division (RaftServerImpl.java:requestVote(1455)) - 895d447a-5476-42e4-b2fa-6eb687701d46@group-813C05265458 replies to PRE_VOTE vote request: 36185c6b-22ce-45d1-a622-3a6b487a5a53<-895d447a-5476-42e4-b2fa-6eb687701d46#0:OK-t1-last:(t:1, i:0). Peer's state: 895d447a-5476-42e4-b2fa-6eb687701d46@group-813C05265458:t1, leader=null, voted=aa9634f0-8836-44d6-bc05-5b19fbdd93d5, raftlog=Memoized:895d447a-5476-42e4-b2fa-6eb687701d46@group-813C05265458-SegmentedRaftLog:OPENED:c0:last(t:1, i:0), conf=conf: {index: 0, cur=peers:[aa9634f0-8836-44d6-bc05-5b19fbdd93d5|127.0.0.1:15063, 36185c6b-22ce-45d1-a622-3a6b487a5a53|127.0.0.1:15071, 895d447a-5476-42e4-b2fa-6eb687701d46|127.0.0.1:15079]|listeners:[], old=null}
2025-10-10 10:40:27,357 [36185c6b-22ce-45d1-a622-3a6b487a5a53@group-813C05265458-LeaderElection297] INFO  impl.LeaderElection (LeaderElection.java:logAndReturn(206)) - 36185c6b-22ce-45d1-a622-3a6b487a5a53@group-813C05265458-LeaderElection297: PRE_VOTE REJECTED received 1 response(s) and 0 exception(s):
2025-10-10 10:40:27,357 [36185c6b-22ce-45d1-a622-3a6b487a5a53@group-813C05265458-LeaderElection297] INFO  impl.LeaderElection (LeaderElection.java:logAndReturn(210)) -   Response 0: 36185c6b-22ce-45d1-a622-3a6b487a5a53<-aa9634f0-8836-44d6-bc05-5b19fbdd93d5#0:FAIL-t1-last:(t:1, i:0)
2025-10-10 10:40:27,357 [36185c6b-22ce-45d1-a622-3a6b487a5a53@group-813C05265458-LeaderElection297] INFO  impl.LeaderElection (LeaderElection.java:askForVotes(450)) - 36185c6b-22ce-45d1-a622-3a6b487a5a53@group-813C05265458-LeaderElection297 PRE_VOTE round 0: result REJECTED
2025-10-10 10:40:27,358 [36185c6b-22ce-45d1-a622-3a6b487a5a53@group-813C05265458-LeaderElection297] INFO  server.RaftServer$Division (RaftServerImpl.java:setRole(392)) - 36185c6b-22ce-45d1-a622-3a6b487a5a53@group-813C05265458: changes role from CANDIDATE to FOLLOWER at term 1 for REJECTED
2025-10-10 10:40:27,358 [36185c6b-22ce-45d1-a622-3a6b487a5a53@group-813C05265458-LeaderElection297] INFO  impl.RoleInfo (RoleInfo.java:shutdownLeaderElection(141)) - 36185c6b-22ce-45d1-a622-3a6b487a5a53: shutdown 36185c6b-22ce-45d1-a622-3a6b487a5a53@group-813C05265458-LeaderElection297
2025-10-10 10:40:27,358 [36185c6b-22ce-45d1-a622-3a6b487a5a53@group-813C05265458-LeaderElection297] INFO  impl.RoleInfo (RoleInfo.java:updateAndGet(148)) - 36185c6b-22ce-45d1-a622-3a6b487a5a53: start 36185c6b-22ce-45d1-a622-3a6b487a5a53@group-813C05265458-FollowerState
2025-10-10 10:40:27,441 [aa9634f0-8836-44d6-bc05-5b19fbdd93d5@group-813C05265458-FollowerState] INFO  impl.FollowerState (FollowerState.java:runImpl(161)) - aa9634f0-8836-44d6-bc05-5b19fbdd93d5@group-813C05265458-FollowerState: change to CANDIDATE, lastRpcElapsedTime:1067383292ns, electionTimeout:1067ms
2025-10-10 10:40:27,441 [aa9634f0-8836-44d6-bc05-5b19fbdd93d5@group-813C05265458-FollowerState] INFO  impl.RoleInfo (RoleInfo.java:shutdownFollowerState(121)) - aa9634f0-8836-44d6-bc05-5b19fbdd93d5: shutdown aa9634f0-8836-44d6-bc05-5b19fbdd93d5@group-813C05265458-FollowerState
2025-10-10 10:40:27,441 [aa9634f0-8836-44d6-bc05-5b19fbdd93d5@group-813C05265458-FollowerState] INFO  server.RaftServer$Division (RaftServerImpl.java:setRole(392)) - aa9634f0-8836-44d6-bc05-5b19fbdd93d5@group-813C05265458: changes role from  FOLLOWER to CANDIDATE at term 1 for changeToCandidate
2025-10-10 10:40:27,442 [aa9634f0-8836-44d6-bc05-5b19fbdd93d5@group-813C05265458-FollowerState] INFO  impl.RoleInfo (RoleInfo.java:updateAndGet(148)) - aa9634f0-8836-44d6-bc05-5b19fbdd93d5: start aa9634f0-8836-44d6-bc05-5b19fbdd93d5@group-813C05265458-LeaderElection298
2025-10-10 10:40:27,442 [aa9634f0-8836-44d6-bc05-5b19fbdd93d5@group-813C05265458-LeaderElection298] INFO  impl.LeaderElection (LeaderElection.java:askForVotes(448)) - aa9634f0-8836-44d6-bc05-5b19fbdd93d5@group-813C05265458-LeaderElection298 PRE_VOTE round 0: submit vote requests at term 1 for conf: {index: 0, cur=peers:[aa9634f0-8836-44d6-bc05-5b19fbdd93d5|127.0.0.1:15063, 36185c6b-22ce-45d1-a622-3a6b487a5a53|127.0.0.1:15071, 895d447a-5476-42e4-b2fa-6eb687701d46|127.0.0.1:15079]|listeners:[], old=null}
2025-10-10 10:40:27,442 [aa9634f0-8836-44d6-bc05-5b19fbdd93d5@group-813C05265458-LeaderElection298] INFO  impl.LeaderElection (LogUtils.java:infoOrTrace(142)) - aa9634f0-8836-44d6-bc05-5b19fbdd93d5@group-813C05265458-LeaderElection298 got exception when requesting votes: java.util.concurrent.ExecutionException: org.apache.ratis.thirdparty.io.grpc.StatusRuntimeException: UNAVAILABLE: io exception
2025-10-10 10:40:27,442 [aa9634f0-8836-44d6-bc05-5b19fbdd93d5@group-813C05265458-LeaderElection298] INFO  impl.LeaderElection (LogUtils.java:infoOrTrace(142)) - aa9634f0-8836-44d6-bc05-5b19fbdd93d5@group-813C05265458-LeaderElection298 got exception when requesting votes: java.util.concurrent.ExecutionException: org.apache.ratis.thirdparty.io.grpc.StatusRuntimeException: UNAVAILABLE: io exception
2025-10-10 10:40:27,442 [aa9634f0-8836-44d6-bc05-5b19fbdd93d5@group-813C05265458-LeaderElection298] INFO  impl.LeaderElection (LeaderElection.java:logAndReturn(206)) - aa9634f0-8836-44d6-bc05-5b19fbdd93d5@group-813C05265458-LeaderElection298: PRE_VOTE REJECTED received 0 response(s) and 2 exception(s):
2025-10-10 10:40:27,442 [aa9634f0-8836-44d6-bc05-5b19fbdd93d5@group-813C05265458-LeaderElection298] INFO  impl.LeaderElection (LogUtils.java:infoOrTrace(142)) -   Exception 0: java.util.concurrent.ExecutionException: org.apache.ratis.thirdparty.io.grpc.StatusRuntimeException: UNAVAILABLE: io exception
2025-10-10 10:40:27,442 [aa9634f0-8836-44d6-bc05-5b19fbdd93d5@group-813C05265458-LeaderElection298] INFO  impl.LeaderElection (LogUtils.java:infoOrTrace(142)) -   Exception 1: java.util.concurrent.ExecutionException: org.apache.ratis.thirdparty.io.grpc.StatusRuntimeException: UNAVAILABLE: io exception
2025-10-10 10:40:27,442 [aa9634f0-8836-44d6-bc05-5b19fbdd93d5@group-813C05265458-LeaderElection298] INFO  impl.LeaderElection (LeaderElection.java:askForVotes(450)) - aa9634f0-8836-44d6-bc05-5b19fbdd93d5@group-813C05265458-LeaderElection298 PRE_VOTE round 0: result REJECTED
2025-10-10 10:40:27,442 [aa9634f0-8836-44d6-bc05-5b19fbdd93d5@group-813C05265458-LeaderElection298] INFO  server.RaftServer$Division (RaftServerImpl.java:setRole(392)) - aa9634f0-8836-44d6-bc05-5b19fbdd93d5@group-813C05265458: changes role from CANDIDATE to FOLLOWER at term 1 for REJECTED
2025-10-10 10:40:27,442 [aa9634f0-8836-44d6-bc05-5b19fbdd93d5@group-813C05265458-LeaderElection298] INFO  impl.RoleInfo (RoleInfo.java:shutdownLeaderElection(141)) - aa9634f0-8836-44d6-bc05-5b19fbdd93d5: shutdown aa9634f0-8836-44d6-bc05-5b19fbdd93d5@group-813C05265458-LeaderElection298
2025-10-10 10:40:27,443 [aa9634f0-8836-44d6-bc05-5b19fbdd93d5@group-813C05265458-LeaderElection298] INFO  impl.RoleInfo (RoleInfo.java:updateAndGet(148)) - aa9634f0-8836-44d6-bc05-5b19fbdd93d5: start aa9634f0-8836-44d6-bc05-5b19fbdd93d5@group-813C05265458-FollowerState
2025-10-10 10:40:27,732 [895d447a-5476-42e4-b2fa-6eb687701d46@group-6EF60CB14872-LeaderStateImpl] INFO  impl.TransferLeadership (TransferLeadership.java:tryTransferLeadership(258)) - 895d447a-5476-42e4-b2fa-6eb687701d46@group-6EF60CB14872: start transferring leadership to 36185c6b-22ce-45d1-a622-3a6b487a5a53
2025-10-10 10:40:27,732 [895d447a-5476-42e4-b2fa-6eb687701d46@group-6EF60CB14872-LeaderStateImpl] INFO  impl.TransferLeadership (TransferLeadership.java:sendStartLeaderElection(210)) - 895d447a-5476-42e4-b2fa-6eb687701d46@group-6EF60CB14872: sendStartLeaderElection to follower 36185c6b-22ce-45d1-a622-3a6b487a5a53, lastEntry=(t:6, i:23)
2025-10-10 10:40:27,732 [895d447a-5476-42e4-b2fa-6eb687701d46@group-6EF60CB14872-LeaderStateImpl] INFO  impl.TransferLeadership (TransferLeadership.java:tryTransferLeadership(266)) - 895d447a-5476-42e4-b2fa-6eb687701d46@group-6EF60CB14872: SUCCESS sent StartLeaderElection to transferee 36185c6b-22ce-45d1-a622-3a6b487a5a53 immediately as it already has up-to-date log
2025-10-10 10:40:27,733 [grpc-default-executor-1] INFO  impl.RoleInfo (RoleInfo.java:shutdownFollowerState(121)) - 36185c6b-22ce-45d1-a622-3a6b487a5a53: shutdown 36185c6b-22ce-45d1-a622-3a6b487a5a53@group-6EF60CB14872-FollowerState
2025-10-10 10:40:27,733 [grpc-default-executor-1] INFO  server.RaftServer$Division (RaftServerImpl.java:setRole(392)) - 36185c6b-22ce-45d1-a622-3a6b487a5a53@group-6EF60CB14872: changes role from  FOLLOWER to CANDIDATE at term 6 for changeToCandidate
2025-10-10 10:40:27,734 [36185c6b-22ce-45d1-a622-3a6b487a5a53@group-6EF60CB14872-FollowerState] INFO  impl.FollowerState (FollowerState.java:runImpl(170)) - 36185c6b-22ce-45d1-a622-3a6b487a5a53@group-6EF60CB14872-FollowerState was interrupted
2025-10-10 10:40:27,734 [grpc-default-executor-1] INFO  server.RaftServer$Division (ServerState.java:setLeader(272)) - 36185c6b-22ce-45d1-a622-3a6b487a5a53@group-6EF60CB14872: change Leader from 895d447a-5476-42e4-b2fa-6eb687701d46 to null at term 6 for ELECTION
2025-10-10 10:40:27,735 [grpc-default-executor-1] INFO  impl.RoleInfo (RoleInfo.java:updateAndGet(148)) - 36185c6b-22ce-45d1-a622-3a6b487a5a53: start 36185c6b-22ce-45d1-a622-3a6b487a5a53@group-6EF60CB14872-LeaderElection299
2025-10-10 10:40:27,735 [36185c6b-22ce-45d1-a622-3a6b487a5a53@group-6EF60CB14872-LeaderElection299] INFO  impl.LeaderElection (LeaderElection.java:askForVotes(448)) - 36185c6b-22ce-45d1-a622-3a6b487a5a53@group-6EF60CB14872-LeaderElection299 ELECTION round 0: submit vote requests at term 7 for conf: {index: 22, cur=peers:[aa9634f0-8836-44d6-bc05-5b19fbdd93d5|127.0.0.1:15063, 36185c6b-22ce-45d1-a622-3a6b487a5a53|127.0.0.1:15071, 895d447a-5476-42e4-b2fa-6eb687701d46|127.0.0.1:15079]|listeners:[], old=null}
2025-10-10 10:40:27,735 [895d447a-5476-42e4-b2fa-6eb687701d46-server-thread1] INFO  impl.TransferLeadership (TransferLeadership.java:lambda$sendStartLeaderElection$2(224)) - 895d447a-5476-42e4-b2fa-6eb687701d46@group-6EF60CB14872: Received startLeaderElection reply from 36185c6b-22ce-45d1-a622-3a6b487a5a53: success? true
2025-10-10 10:40:27,736 [grpc-default-executor-8] INFO  server.RaftServer$Division (RaftServerImpl.java:requestVote(1421)) - aa9634f0-8836-44d6-bc05-5b19fbdd93d5@group-6EF60CB14872: receive requestVote(ELECTION, 36185c6b-22ce-45d1-a622-3a6b487a5a53, group-6EF60CB14872, 7, (t:6, i:23))
2025-10-10 10:40:27,736 [grpc-default-executor-1] INFO  server.RaftServer$Division (RaftServerImpl.java:requestVote(1421)) - 895d447a-5476-42e4-b2fa-6eb687701d46@group-6EF60CB14872: receive requestVote(ELECTION, 36185c6b-22ce-45d1-a622-3a6b487a5a53, group-6EF60CB14872, 7, (t:6, i:23))
2025-10-10 10:40:27,736 [grpc-default-executor-8] INFO  impl.VoteContext (VoteContext.java:log(49)) - aa9634f0-8836-44d6-bc05-5b19fbdd93d5@group-6EF60CB14872-FOLLOWER: accept ELECTION from 36185c6b-22ce-45d1-a622-3a6b487a5a53: our priority 0 <= candidate's priority 1
2025-10-10 10:40:27,736 [grpc-default-executor-8] INFO  server.RaftServer$Division (RaftServerImpl.java:setRole(392)) - aa9634f0-8836-44d6-bc05-5b19fbdd93d5@group-6EF60CB14872: changes role from  FOLLOWER to FOLLOWER at term 6 for candidate:36185c6b-22ce-45d1-a622-3a6b487a5a53
2025-10-10 10:40:27,736 [grpc-default-executor-8] INFO  impl.RoleInfo (RoleInfo.java:shutdownFollowerState(121)) - aa9634f0-8836-44d6-bc05-5b19fbdd93d5: shutdown aa9634f0-8836-44d6-bc05-5b19fbdd93d5@group-6EF60CB14872-FollowerState
2025-10-10 10:40:27,736 [grpc-default-executor-8] INFO  server.RaftServer$Division (ServerState.java:setLeader(272)) - aa9634f0-8836-44d6-bc05-5b19fbdd93d5@group-6EF60CB14872: change Leader from 895d447a-5476-42e4-b2fa-6eb687701d46 to null at term 7 for updateCurrentTerm
2025-10-10 10:40:27,736 [grpc-default-executor-8] INFO  impl.RoleInfo (RoleInfo.java:updateAndGet(148)) - aa9634f0-8836-44d6-bc05-5b19fbdd93d5: start aa9634f0-8836-44d6-bc05-5b19fbdd93d5@group-6EF60CB14872-FollowerState
2025-10-10 10:40:27,736 [grpc-default-executor-1] INFO  impl.VoteContext (VoteContext.java:log(49)) - 895d447a-5476-42e4-b2fa-6eb687701d46@group-6EF60CB14872-LEADER: accept ELECTION from 36185c6b-22ce-45d1-a622-3a6b487a5a53: our priority 0 <= candidate's priority 1
2025-10-10 10:40:27,736 [grpc-default-executor-1] INFO  server.RaftServer$Division (RaftServerImpl.java:setRole(392)) - 895d447a-5476-42e4-b2fa-6eb687701d46@group-6EF60CB14872: changes role from    LEADER to FOLLOWER at term 6 for candidate:36185c6b-22ce-45d1-a622-3a6b487a5a53
2025-10-10 10:40:27,736 [grpc-default-executor-1] INFO  impl.RoleInfo (RoleInfo.java:shutdownLeaderState(103)) - 895d447a-5476-42e4-b2fa-6eb687701d46: shutdown 895d447a-5476-42e4-b2fa-6eb687701d46@group-6EF60CB14872-LeaderStateImpl
2025-10-10 10:40:27,736 [aa9634f0-8836-44d6-bc05-5b19fbdd93d5@group-6EF60CB14872-FollowerState] INFO  impl.FollowerState (FollowerState.java:runImpl(170)) - aa9634f0-8836-44d6-bc05-5b19fbdd93d5@group-6EF60CB14872-FollowerState was interrupted
2025-10-10 10:40:27,737 [grpc-default-executor-1] INFO  impl.PendingRequests (PendingRequests.java:sendNotLeaderResponses(287)) - 895d447a-5476-42e4-b2fa-6eb687701d46@group-6EF60CB14872-PendingRequests: sendNotLeaderResponses
2025-10-10 10:40:27,737 [895d447a-5476-42e4-b2fa-6eb687701d46@group-6EF60CB14872->aa9634f0-8836-44d6-bc05-5b19fbdd93d5-GrpcLogAppender-LogAppenderDaemon] WARN  server.GrpcLogAppender (GrpcLogAppender.java:mayWait(300)) - 895d447a-5476-42e4-b2fa-6eb687701d46@group-6EF60CB14872->aa9634f0-8836-44d6-bc05-5b19fbdd93d5-GrpcLogAppender: Wait interrupted by java.lang.InterruptedException
2025-10-10 10:40:27,737 [895d447a-5476-42e4-b2fa-6eb687701d46@group-6EF60CB14872->36185c6b-22ce-45d1-a622-3a6b487a5a53-GrpcLogAppender-LogAppenderDaemon] WARN  server.GrpcLogAppender (GrpcLogAppender.java:mayWait(300)) - 895d447a-5476-42e4-b2fa-6eb687701d46@group-6EF60CB14872->36185c6b-22ce-45d1-a622-3a6b487a5a53-GrpcLogAppender: Wait interrupted by java.lang.InterruptedException
2025-10-10 10:40:27,737 [grpc-default-executor-4] INFO  server.GrpcServerProtocolService (GrpcServerProtocolService.java:lambda$onCompleted$6(171)) - aa9634f0-8836-44d6-bc05-5b19fbdd93d5: Completed APPEND_ENTRIES, lastRequest: 895d447a-5476-42e4-b2fa-6eb687701d46->aa9634f0-8836-44d6-bc05-5b19fbdd93d5#3-t6,previous=(t:6, i:22),leaderCommit=22,initializing? false,entries: size=1, first=(t:6, i:23), METADATAENTRY(c:22) 
2025-10-10 10:40:27,737 [grpc-default-executor-4] INFO  server.GrpcServerProtocolService (GrpcServerProtocolService.java:lambda$null$7(175)) - aa9634f0-8836-44d6-bc05-5b19fbdd93d5: Completed APPEND_ENTRIES, lastReply: null 
2025-10-10 10:40:27,738 [grpc-default-executor-4] INFO  server.GrpcLogAppender (GrpcLogAppender.java:onCompleted(558)) - 895d447a-5476-42e4-b2fa-6eb687701d46@group-6EF60CB14872->aa9634f0-8836-44d6-bc05-5b19fbdd93d5-AppendLogResponseHandler: follower responses appendEntries COMPLETED
2025-10-10 10:40:27,738 [grpc-default-executor-1] INFO  server.RaftServer$Division (ServerState.java:setLeader(272)) - 895d447a-5476-42e4-b2fa-6eb687701d46@group-6EF60CB14872: change Leader from 895d447a-5476-42e4-b2fa-6eb687701d46 to null at term 6 for candidate:36185c6b-22ce-45d1-a622-3a6b487a5a53
2025-10-10 10:40:27,738 [grpc-default-executor-1] INFO  impl.RoleInfo (RoleInfo.java:updateAndGet(148)) - 895d447a-5476-42e4-b2fa-6eb687701d46: start 895d447a-5476-42e4-b2fa-6eb687701d46@group-6EF60CB14872-FollowerState
2025-10-10 10:40:27,738 [grpc-default-executor-10] INFO  server.GrpcServerProtocolService (GrpcServerProtocolService.java:lambda$onCompleted$6(171)) - 36185c6b-22ce-45d1-a622-3a6b487a5a53: Completed APPEND_ENTRIES, lastRequest: 895d447a-5476-42e4-b2fa-6eb687701d46->36185c6b-22ce-45d1-a622-3a6b487a5a53#5-t6,previous=(t:6, i:22),leaderCommit=22,initializing? false,entries: size=1, first=(t:6, i:23), METADATAENTRY(c:22) 
2025-10-10 10:40:27,738 [grpc-default-executor-10] INFO  server.GrpcServerProtocolService (GrpcServerProtocolService.java:lambda$null$7(175)) - 36185c6b-22ce-45d1-a622-3a6b487a5a53: Completed APPEND_ENTRIES, lastReply: null 
2025-10-10 10:40:27,738 [grpc-default-executor-4] INFO  server.GrpcLogAppender (GrpcLogAppender.java:onCompleted(558)) - 895d447a-5476-42e4-b2fa-6eb687701d46@group-6EF60CB14872->36185c6b-22ce-45d1-a622-3a6b487a5a53-AppendLogResponseHandler: follower responses appendEntries COMPLETED
2025-10-10 10:40:27,738 [grpc-default-executor-4] INFO  server.GrpcLogAppender (GrpcLogAppender.java:onCompleted(558)) - 895d447a-5476-42e4-b2fa-6eb687701d46@group-6EF60CB14872->36185c6b-22ce-45d1-a622-3a6b487a5a53-AppendLogResponseHandler: follower responses appendEntries COMPLETED
2025-10-10 10:40:27,739 [grpc-default-executor-10] INFO  server.GrpcLogAppender (GrpcLogAppender.java:onCompleted(558)) - 895d447a-5476-42e4-b2fa-6eb687701d46@group-6EF60CB14872->aa9634f0-8836-44d6-bc05-5b19fbdd93d5-AppendLogResponseHandler: follower responses appendEntries COMPLETED
2025-10-10 10:40:27,753 [grpc-default-executor-8] INFO  server.RaftServer$Division (RaftServerImpl.java:requestVote(1455)) - aa9634f0-8836-44d6-bc05-5b19fbdd93d5@group-6EF60CB14872 replies to ELECTION vote request: 36185c6b-22ce-45d1-a622-3a6b487a5a53<-aa9634f0-8836-44d6-bc05-5b19fbdd93d5#0:OK-t7-last:(t:6, i:23). Peer's state: aa9634f0-8836-44d6-bc05-5b19fbdd93d5@group-6EF60CB14872:t7, leader=null, voted=36185c6b-22ce-45d1-a622-3a6b487a5a53, raftlog=Memoized:aa9634f0-8836-44d6-bc05-5b19fbdd93d5@group-6EF60CB14872-SegmentedRaftLog:OPENED:c23:last(t:6, i:23), conf=conf: {index: 22, cur=peers:[aa9634f0-8836-44d6-bc05-5b19fbdd93d5|127.0.0.1:15063, 36185c6b-22ce-45d1-a622-3a6b487a5a53|127.0.0.1:15071, 895d447a-5476-42e4-b2fa-6eb687701d46|127.0.0.1:15079]|listeners:[], old=null}
2025-10-10 10:40:27,753 [grpc-default-executor-1] INFO  server.RaftServer$Division (RaftServerImpl.java:requestVote(1455)) - 895d447a-5476-42e4-b2fa-6eb687701d46@group-6EF60CB14872 replies to ELECTION vote request: 36185c6b-22ce-45d1-a622-3a6b487a5a53<-895d447a-5476-42e4-b2fa-6eb687701d46#0:OK-t7-last:(t:6, i:23). Peer's state: 895d447a-5476-42e4-b2fa-6eb687701d46@group-6EF60CB14872:t7, leader=null, voted=36185c6b-22ce-45d1-a622-3a6b487a5a53, raftlog=Memoized:895d447a-5476-42e4-b2fa-6eb687701d46@group-6EF60CB14872-SegmentedRaftLog:OPENED:c23:last(t:6, i:23), conf=conf: {index: 22, cur=peers:[aa9634f0-8836-44d6-bc05-5b19fbdd93d5|127.0.0.1:15063, 36185c6b-22ce-45d1-a622-3a6b487a5a53|127.0.0.1:15071, 895d447a-5476-42e4-b2fa-6eb687701d46|127.0.0.1:15079]|listeners:[], old=null}
2025-10-10 10:40:27,753 [36185c6b-22ce-45d1-a622-3a6b487a5a53@group-6EF60CB14872-LeaderElection299] INFO  impl.LeaderElection (LeaderElection.java:logAndReturn(206)) - 36185c6b-22ce-45d1-a622-3a6b487a5a53@group-6EF60CB14872-LeaderElection299: ELECTION PASSED received 1 response(s) and 0 exception(s):
2025-10-10 10:40:27,753 [36185c6b-22ce-45d1-a622-3a6b487a5a53@group-6EF60CB14872-LeaderElection299] INFO  impl.LeaderElection (LeaderElection.java:logAndReturn(210)) -   Response 0: 36185c6b-22ce-45d1-a622-3a6b487a5a53<-895d447a-5476-42e4-b2fa-6eb687701d46#0:OK-t7-last:(t:6, i:23)
2025-10-10 10:40:27,754 [36185c6b-22ce-45d1-a622-3a6b487a5a53@group-6EF60CB14872-LeaderElection299] INFO  impl.LeaderElection (LeaderElection.java:askForVotes(450)) - 36185c6b-22ce-45d1-a622-3a6b487a5a53@group-6EF60CB14872-LeaderElection299 ELECTION round 0: result PASSED
2025-10-10 10:40:27,754 [36185c6b-22ce-45d1-a622-3a6b487a5a53@group-6EF60CB14872-LeaderElection299] INFO  impl.RoleInfo (RoleInfo.java:shutdownLeaderElection(141)) - 36185c6b-22ce-45d1-a622-3a6b487a5a53: shutdown 36185c6b-22ce-45d1-a622-3a6b487a5a53@group-6EF60CB14872-LeaderElection299
2025-10-10 10:40:27,754 [36185c6b-22ce-45d1-a622-3a6b487a5a53@group-6EF60CB14872-LeaderElection299] INFO  server.RaftServer$Division (RaftServerImpl.java:setRole(392)) - 36185c6b-22ce-45d1-a622-3a6b487a5a53@group-6EF60CB14872: changes role from CANDIDATE to LEADER at term 7 for changeToLeader
2025-10-10 10:40:27,754 [36185c6b-22ce-45d1-a622-3a6b487a5a53@group-6EF60CB14872-LeaderElection299] INFO  server.RaftServerConfigKeys (ConfUtils.java:logFallback(69)) - raft.server.staging.timeout = 3600ms (fallback to raft.server.rpc.timeout.max)
2025-10-10 10:40:27,754 [36185c6b-22ce-45d1-a622-3a6b487a5a53@group-6EF60CB14872-LeaderElection299] INFO  server.RaftServerConfigKeys (ConfUtils.java:logGet(62)) - raft.server.write.byte-limit = 1024 M (=1073741824) (custom)
2025-10-10 10:40:27,755 [36185c6b-22ce-45d1-a622-3a6b487a5a53@group-6EF60CB14872-LeaderElection299] INFO  server.RaftServerConfigKeys (ConfUtils.java:logGet(62)) - raft.server.log.appender.buffer.byte-limit = 33554432 (custom)
2025-10-10 10:40:27,756 [36185c6b-22ce-45d1-a622-3a6b487a5a53@group-6EF60CB14872-LeaderElection299] INFO  server.RaftServerConfigKeys (ConfUtils.java:logGet(62)) - raft.server.log.appender.buffer.byte-limit = 33554432 (custom)
2025-10-10 10:40:27,756 [36185c6b-22ce-45d1-a622-3a6b487a5a53@group-6EF60CB14872-LeaderElection299] INFO  impl.RoleInfo (RoleInfo.java:updateAndGet(148)) - 36185c6b-22ce-45d1-a622-3a6b487a5a53: start 36185c6b-22ce-45d1-a622-3a6b487a5a53@group-6EF60CB14872-LeaderStateImpl
2025-10-10 10:40:27,756 [36185c6b-22ce-45d1-a622-3a6b487a5a53@group-6EF60CB14872-LeaderElection299] INFO  ratis.XceiverServerRatis (XceiverServerRatis.java:handleLeaderChangedNotification(940)) - Leader change notification received for group: group-6EF60CB14872 with new leaderId: 36185c6b-22ce-45d1-a622-3a6b487a5a53
2025-10-10 10:40:27,756 [36185c6b-22ce-45d1-a622-3a6b487a5a53@group-6EF60CB14872-LeaderElection299] INFO  server.RaftServer$Division (ServerState.java:setLeader(272)) - 36185c6b-22ce-45d1-a622-3a6b487a5a53@group-6EF60CB14872: change Leader from null to 36185c6b-22ce-45d1-a622-3a6b487a5a53 at term 7 for becomeLeader, leader elected after 22ms
2025-10-10 10:40:27,757 [36185c6b-22ce-45d1-a622-3a6b487a5a53@group-6EF60CB14872-LeaderElection299] INFO  segmented.SegmentedRaftLogWorker (SegmentedRaftLogWorker.java:rollLogSegment(445)) - 36185c6b-22ce-45d1-a622-3a6b487a5a53@group-6EF60CB14872-SegmentedRaftLogWorker: Rolling segment log-22_23 to index:23
2025-10-10 10:40:27,757 [36185c6b-22ce-45d1-a622-3a6b487a5a53@group-6EF60CB14872-LeaderElection299] INFO  server.RaftServer$Division (ServerState.java:setRaftConf(386)) - 36185c6b-22ce-45d1-a622-3a6b487a5a53@group-6EF60CB14872: set configuration conf: {index: 24, cur=peers:[aa9634f0-8836-44d6-bc05-5b19fbdd93d5|127.0.0.1:15063, 36185c6b-22ce-45d1-a622-3a6b487a5a53|127.0.0.1:15071, 895d447a-5476-42e4-b2fa-6eb687701d46|127.0.0.1:15079]|listeners:[], old=null}
2025-10-10 10:40:27,758 [36185c6b-22ce-45d1-a622-3a6b487a5a53@group-6EF60CB14872-SegmentedRaftLogWorker] INFO  segmented.SegmentedRaftLogWorker (SegmentedRaftLogWorker.java:execute(604)) - 36185c6b-22ce-45d1-a622-3a6b487a5a53@group-6EF60CB14872-SegmentedRaftLogWorker: Rolled log segment from /home/runner/work/ozone/ozone/hadoop-ozone/integration-test/target/test-dir/MiniOzoneClusterImpl-611c99c7-d47b-4433-a4ef-cd0a35b076ef/ozone-metadata/datanode-8/ratis/56f6ef43-c50c-4d35-89b5-6ef60cb14872/current/log_inprogress_22 to /home/runner/work/ozone/ozone/hadoop-ozone/integration-test/target/test-dir/MiniOzoneClusterImpl-611c99c7-d47b-4433-a4ef-cd0a35b076ef/ozone-metadata/datanode-8/ratis/56f6ef43-c50c-4d35-89b5-6ef60cb14872/current/log_22-23
2025-10-10 10:40:27,758 [36185c6b-22ce-45d1-a622-3a6b487a5a53@group-6EF60CB14872-SegmentedRaftLogWorker] INFO  segmented.BufferedWriteChannel (BufferedWriteChannel.java:open(61)) - open log_inprogress_24 at position 0
2025-10-10 10:40:27,761 [grpc-default-executor-7] INFO  ratis.XceiverServerRatis (XceiverServerRatis.java:handleLeaderChangedNotification(940)) - Leader change notification received for group: group-6EF60CB14872 with new leaderId: 36185c6b-22ce-45d1-a622-3a6b487a5a53
2025-10-10 10:40:27,762 [grpc-default-executor-4] INFO  ratis.XceiverServerRatis (XceiverServerRatis.java:handleLeaderChangedNotification(940)) - Leader change notification received for group: group-6EF60CB14872 with new leaderId: 36185c6b-22ce-45d1-a622-3a6b487a5a53
2025-10-10 10:40:27,762 [grpc-default-executor-4] INFO  server.RaftServer$Division (ServerState.java:setLeader(272)) - 895d447a-5476-42e4-b2fa-6eb687701d46@group-6EF60CB14872: change Leader from null to 36185c6b-22ce-45d1-a622-3a6b487a5a53 at term 7 for appendEntries, leader elected after 24ms
2025-10-10 10:40:27,762 [grpc-default-executor-7] INFO  server.RaftServer$Division (ServerState.java:setLeader(272)) - aa9634f0-8836-44d6-bc05-5b19fbdd93d5@group-6EF60CB14872: change Leader from null to 36185c6b-22ce-45d1-a622-3a6b487a5a53 at term 7 for appendEntries, leader elected after 25ms
2025-10-10 10:40:27,762 [grpc-default-executor-10] INFO  server.RaftServer$Division (ServerState.java:setRaftConf(386)) - aa9634f0-8836-44d6-bc05-5b19fbdd93d5@group-6EF60CB14872: set configuration conf: {index: 24, cur=peers:[aa9634f0-8836-44d6-bc05-5b19fbdd93d5|127.0.0.1:15063, 36185c6b-22ce-45d1-a622-3a6b487a5a53|127.0.0.1:15071, 895d447a-5476-42e4-b2fa-6eb687701d46|127.0.0.1:15079]|listeners:[], old=null}
2025-10-10 10:40:27,762 [grpc-default-executor-10] INFO  segmented.SegmentedRaftLogWorker (SegmentedRaftLogWorker.java:rollLogSegment(445)) - aa9634f0-8836-44d6-bc05-5b19fbdd93d5@group-6EF60CB14872-SegmentedRaftLogWorker: Rolling segment log-22_23 to index:23
2025-10-10 10:40:27,764 [aa9634f0-8836-44d6-bc05-5b19fbdd93d5@group-6EF60CB14872-SegmentedRaftLogWorker] INFO  segmented.SegmentedRaftLogWorker (SegmentedRaftLogWorker.java:execute(604)) - aa9634f0-8836-44d6-bc05-5b19fbdd93d5@group-6EF60CB14872-SegmentedRaftLogWorker: Rolled log segment from /home/runner/work/ozone/ozone/hadoop-ozone/integration-test/target/test-dir/MiniOzoneClusterImpl-611c99c7-d47b-4433-a4ef-cd0a35b076ef/ozone-metadata/datanode-7/ratis/56f6ef43-c50c-4d35-89b5-6ef60cb14872/current/log_inprogress_22 to /home/runner/work/ozone/ozone/hadoop-ozone/integration-test/target/test-dir/MiniOzoneClusterImpl-611c99c7-d47b-4433-a4ef-cd0a35b076ef/ozone-metadata/datanode-7/ratis/56f6ef43-c50c-4d35-89b5-6ef60cb14872/current/log_22-23
2025-10-10 10:40:27,764 [aa9634f0-8836-44d6-bc05-5b19fbdd93d5@group-6EF60CB14872-SegmentedRaftLogWorker] INFO  segmented.BufferedWriteChannel (BufferedWriteChannel.java:open(61)) - open log_inprogress_24 at position 0
2025-10-10 10:40:27,764 [grpc-default-executor-7] INFO  server.RaftServer$Division (ServerState.java:setRaftConf(386)) - 895d447a-5476-42e4-b2fa-6eb687701d46@group-6EF60CB14872: set configuration conf: {index: 24, cur=peers:[aa9634f0-8836-44d6-bc05-5b19fbdd93d5|127.0.0.1:15063, 36185c6b-22ce-45d1-a622-3a6b487a5a53|127.0.0.1:15071, 895d447a-5476-42e4-b2fa-6eb687701d46|127.0.0.1:15079]|listeners:[], old=null}
2025-10-10 10:40:27,765 [grpc-default-executor-7] INFO  segmented.SegmentedRaftLogWorker (SegmentedRaftLogWorker.java:rollLogSegment(445)) - 895d447a-5476-42e4-b2fa-6eb687701d46@group-6EF60CB14872-SegmentedRaftLogWorker: Rolling segment log-22_23 to index:23
2025-10-10 10:40:27,766 [895d447a-5476-42e4-b2fa-6eb687701d46@group-6EF60CB14872-SegmentedRaftLogWorker] INFO  segmented.SegmentedRaftLogWorker (SegmentedRaftLogWorker.java:execute(604)) - 895d447a-5476-42e4-b2fa-6eb687701d46@group-6EF60CB14872-SegmentedRaftLogWorker: Rolled log segment from /home/runner/work/ozone/ozone/hadoop-ozone/integration-test/target/test-dir/MiniOzoneClusterImpl-611c99c7-d47b-4433-a4ef-cd0a35b076ef/ozone-metadata/datanode-9/ratis/56f6ef43-c50c-4d35-89b5-6ef60cb14872/current/log_inprogress_22 to /home/runner/work/ozone/ozone/hadoop-ozone/integration-test/target/test-dir/MiniOzoneClusterImpl-611c99c7-d47b-4433-a4ef-cd0a35b076ef/ozone-metadata/datanode-9/ratis/56f6ef43-c50c-4d35-89b5-6ef60cb14872/current/log_22-23
2025-10-10 10:40:27,766 [36185c6b-22ce-45d1-a622-3a6b487a5a53@group-6EF60CB14872-SegmentedRaftLogWorker] INFO  segmented.SegmentedRaftLogWorker (SegmentedRaftLogWorker.java:execute(647)) - 36185c6b-22ce-45d1-a622-3a6b487a5a53@group-6EF60CB14872-SegmentedRaftLogWorker: created new log segment /home/runner/work/ozone/ozone/hadoop-ozone/integration-test/target/test-dir/MiniOzoneClusterImpl-611c99c7-d47b-4433-a4ef-cd0a35b076ef/ozone-metadata/datanode-8/ratis/56f6ef43-c50c-4d35-89b5-6ef60cb14872/current/log_inprogress_24
2025-10-10 10:40:27,766 [895d447a-5476-42e4-b2fa-6eb687701d46@group-6EF60CB14872-SegmentedRaftLogWorker] INFO  segmented.BufferedWriteChannel (BufferedWriteChannel.java:open(61)) - open log_inprogress_24 at position 0
2025-10-10 10:40:27,771 [aa9634f0-8836-44d6-bc05-5b19fbdd93d5@group-6EF60CB14872-SegmentedRaftLogWorker] INFO  segmented.SegmentedRaftLogWorker (SegmentedRaftLogWorker.java:execute(647)) - aa9634f0-8836-44d6-bc05-5b19fbdd93d5@group-6EF60CB14872-SegmentedRaftLogWorker: created new log segment /home/runner/work/ozone/ozone/hadoop-ozone/integration-test/target/test-dir/MiniOzoneClusterImpl-611c99c7-d47b-4433-a4ef-cd0a35b076ef/ozone-metadata/datanode-7/ratis/56f6ef43-c50c-4d35-89b5-6ef60cb14872/current/log_inprogress_24
2025-10-10 10:40:27,772 [895d447a-5476-42e4-b2fa-6eb687701d46@group-6EF60CB14872-SegmentedRaftLogWorker] INFO  segmented.SegmentedRaftLogWorker (SegmentedRaftLogWorker.java:execute(647)) - 895d447a-5476-42e4-b2fa-6eb687701d46@group-6EF60CB14872-SegmentedRaftLogWorker: created new log segment /home/runner/work/ozone/ozone/hadoop-ozone/integration-test/target/test-dir/MiniOzoneClusterImpl-611c99c7-d47b-4433-a4ef-cd0a35b076ef/ozone-metadata/datanode-9/ratis/56f6ef43-c50c-4d35-89b5-6ef60cb14872/current/log_inprogress_24
2025-10-10 10:40:27,774 [36185c6b-22ce-45d1-a622-3a6b487a5a53@group-6EF60CB14872-StateMachineUpdater] INFO  server.RaftServer$Division (LeaderStateImpl.java:checkStartIndex(309)) - Leader 36185c6b-22ce-45d1-a622-3a6b487a5a53@group-6EF60CB14872-LeaderStateImpl is ready since appliedIndex == startIndex == 24
2025-10-10 10:40:27,935 [ForkJoinPool-1-worker-1] INFO  utils.DatanodeStoreCache (DatanodeStoreCache.java:shutdownCache(110)) - Skip clearing cache in mini cluster mode. Entries left: [/home/runner/work/ozone/ozone/hadoop-ozone/integration-test/target/test-dir/MiniOzoneClusterImpl-611c99c7-d47b-4433-a4ef-cd0a35b076ef/ozone-metadata/datanode-1/data-0/hdds/611c99c7-d47b-4433-a4ef-cd0a35b076ef/DS-e04c2270-6553-4caa-98e6-0f32c0982bff/container.db, /home/runner/work/ozone/ozone/hadoop-ozone/integration-test/target/test-dir/MiniOzoneClusterImpl-611c99c7-d47b-4433-a4ef-cd0a35b076ef/ozone-metadata/datanode-10/data-0/hdds/611c99c7-d47b-4433-a4ef-cd0a35b076ef/DS-acbb0b19-c57c-43af-ab83-47b2913905c6/container.db, /home/runner/work/ozone/ozone/hadoop-ozone/integration-test/target/test-dir/MiniOzoneClusterImpl-611c99c7-d47b-4433-a4ef-cd0a35b076ef/ozone-metadata/datanode-2/data-0/hdds/611c99c7-d47b-4433-a4ef-cd0a35b076ef/DS-dbeeb2d7-87c9-464d-a232-67ecec18d322/container.db, /home/runner/work/ozone/ozone/hadoop-ozone/integration-test/target/test-dir/MiniOzoneClusterImpl-611c99c7-d47b-4433-a4ef-cd0a35b076ef/ozone-metadata/datanode-3/data-0/hdds/611c99c7-d47b-4433-a4ef-cd0a35b076ef/DS-96d12f97-f01f-4e1a-aadc-cb85e2aa7b77/container.db, /home/runner/work/ozone/ozone/hadoop-ozone/integration-test/target/test-dir/MiniOzoneClusterImpl-611c99c7-d47b-4433-a4ef-cd0a35b076ef/ozone-metadata/datanode-4/data-0/hdds/611c99c7-d47b-4433-a4ef-cd0a35b076ef/DS-d0f0d2dd-b347-4b79-bac2-49cc0e8748a5/container.db, /home/runner/work/ozone/ozone/hadoop-ozone/integration-test/target/test-dir/MiniOzoneClusterImpl-611c99c7-d47b-4433-a4ef-cd0a35b076ef/ozone-metadata/datanode-5/data-0/hdds/611c99c7-d47b-4433-a4ef-cd0a35b076ef/DS-4e487a0b-bc01-4abe-bc19-325c11ca8c9e/container.db, /home/runner/work/ozone/ozone/hadoop-ozone/integration-test/target/test-dir/MiniOzoneClusterImpl-611c99c7-d47b-4433-a4ef-cd0a35b076ef/ozone-metadata/datanode-6/data-0/hdds/611c99c7-d47b-4433-a4ef-cd0a35b076ef/DS-2abecbaf-9058-465c-9862-40fcfa0a7bd5/container.db, /home/runner/work/ozone/ozone/hadoop-ozone/integration-test/target/test-dir/MiniOzoneClusterImpl-611c99c7-d47b-4433-a4ef-cd0a35b076ef/ozone-metadata/datanode-7/data-0/hdds/611c99c7-d47b-4433-a4ef-cd0a35b076ef/DS-c4bde162-9ff2-4380-9d2e-b89c9d2de98d/container.db, /home/runner/work/ozone/ozone/hadoop-ozone/integration-test/target/test-dir/MiniOzoneClusterImpl-611c99c7-d47b-4433-a4ef-cd0a35b076ef/ozone-metadata/datanode-8/data-0/hdds/611c99c7-d47b-4433-a4ef-cd0a35b076ef/DS-5cd8dead-8911-46d6-a0b8-6438206482ea/container.db, /home/runner/work/ozone/ozone/hadoop-ozone/integration-test/target/test-dir/MiniOzoneClusterImpl-611c99c7-d47b-4433-a4ef-cd0a35b076ef/ozone-metadata/datanode-9/data-0/hdds/611c99c7-d47b-4433-a4ef-cd0a35b076ef/DS-8fb42501-9102-4ac6-a22c-4421d3850807/container.db]
2025-10-10 10:40:27,936 [ForkJoinPool-1-worker-1] INFO  utils.DatanodeStoreCache (DatanodeStoreCache.java:removeDB(104)) - Removed db /home/runner/work/ozone/ozone/hadoop-ozone/integration-test/target/test-dir/MiniOzoneClusterImpl-611c99c7-d47b-4433-a4ef-cd0a35b076ef/ozone-metadata/datanode-4/data-0/hdds/611c99c7-d47b-4433-a4ef-cd0a35b076ef/DS-d0f0d2dd-b347-4b79-bac2-49cc0e8748a5/container.db from cache
2025-10-10 10:40:27,936 [ForkJoinPool-1-worker-1] INFO  volume.HddsVolume (HddsVolume.java:closeDbStore(609)) - SchemaV3 db is stopped at /home/runner/work/ozone/ozone/hadoop-ozone/integration-test/target/test-dir/MiniOzoneClusterImpl-611c99c7-d47b-4433-a4ef-cd0a35b076ef/ozone-metadata/datanode-4/data-0/hdds/611c99c7-d47b-4433-a4ef-cd0a35b076ef/DS-d0f0d2dd-b347-4b79-bac2-49cc0e8748a5/container.db for volume DS-d0f0d2dd-b347-4b79-bac2-49cc0e8748a5
2025-10-10 10:40:27,937 [ForkJoinPool-1-worker-1] INFO  utils.BackgroundService (BackgroundService.java:shutdown(195)) - Shutting down service BlockDeletingService
2025-10-10 10:40:27,937 [ForkJoinPool-1-worker-1] INFO  utils.BackgroundService (BackgroundService.java:shutdown(195)) - Shutting down service StaleRecoveringContainerScrubbingService
2025-10-10 10:40:27,939 [ForkJoinPool-1-worker-1] INFO  statemachine.DatanodeStateMachine (DatanodeStateMachine.java:stopDaemon(654)) - Ozone container server stopped.
2025-10-10 10:40:27,955 [ForkJoinPool-1-worker-1] INFO  handler.ContextHandler (ContextHandler.java:doStop(1159)) - Stopped o.e.j.w.WebAppContext@5aa1b6da{hddsDatanode,/,null,STOPPED}{jar:file:/home/runner/work/ozone/ozone/hadoop-hdds/container-service/target/hdds-container-service-2.1.0-SNAPSHOT.jar!/webapps/hddsDatanode}
2025-10-10 10:40:27,956 [ForkJoinPool-1-worker-1] INFO  server.AbstractConnector (AbstractConnector.java:doStop(383)) - Stopped ServerConnector@ed9cc81{HTTP/1.1, (http/1.1)}{0.0.0.0:15034}
2025-10-10 10:40:27,956 [ForkJoinPool-1-worker-1] INFO  server.session (HouseKeeper.java:stopScavenging(149)) - node0 Stopped scavenging
2025-10-10 10:40:27,956 [ForkJoinPool-1-worker-1] INFO  handler.ContextHandler (ContextHandler.java:doStop(1159)) - Stopped o.e.j.s.ServletContextHandler@21034cc{static,/static,jar:file:/home/runner/work/ozone/ozone/hadoop-hdds/container-service/target/hdds-container-service-2.1.0-SNAPSHOT.jar!/webapps/static,STOPPED}
2025-10-10 10:40:27,956 [ForkJoinPool-1-worker-1] INFO  handler.ContextHandler (ContextHandler.java:doStop(1159)) - Stopped o.e.j.s.ServletContextHandler@534c55e2{logs,/logs,file:///home/runner/work/ozone/ozone/hadoop-ozone/integration-test/target/log,STOPPED}
2025-10-10 10:40:27,957 [ForkJoinPool-1-worker-1] INFO  ozone.HddsDatanodeClientProtocolServer (HddsDatanodeClientProtocolServer.java:stop(82)) - Stopping the RPC server for Client Protocol
2025-10-10 10:40:27,957 [ForkJoinPool-1-worker-1] INFO  ipc.Server (Server.java:stop(3697)) - Stopping server on 15035
2025-10-10 10:40:27,958 [IPC Server listener on 15035] INFO  ipc.Server (Server.java:run(1585)) - Stopping IPC Server listener on 15035
2025-10-10 10:40:27,959 [IPC Server Responder] INFO  ipc.Server (Server.java:run(1718)) - Stopping IPC Server Responder
2025-10-10 10:40:27,965 [grpc-default-executor-4] WARN  server.GrpcLogAppender (GrpcLogAppender.java:lambda$resetClient$1(228)) - 22d9c8a1-4559-44b0-a4af-9630f79f1f05@group-7FE9BF83969B->ad892cb1-3002-4758-a303-de6f39da4dbc-GrpcLogAppender: Follower failed (request=null, errorCount=17); keep nextIndex (15) unchanged and retry.
2025-10-10 10:40:27,969 [grpc-default-executor-7] WARN  server.GrpcLogAppender (GrpcLogAppender.java:lambda$resetClient$1(228)) - 22d9c8a1-4559-44b0-a4af-9630f79f1f05@group-7FE9BF83969B->ad892cb1-3002-4758-a303-de6f39da4dbc-GrpcLogAppender: Follower failed (request=null, errorCount=19); keep nextIndex (17) unchanged and retry.
2025-10-10 10:40:27,973 [grpc-default-executor-10] WARN  server.GrpcLogAppender (GrpcLogAppender.java:lambda$resetClient$1(228)) - 22d9c8a1-4559-44b0-a4af-9630f79f1f05@group-7FE9BF83969B->ad892cb1-3002-4758-a303-de6f39da4dbc-GrpcLogAppender: Follower failed (request=null, errorCount=21); keep nextIndex (19) unchanged and retry.
2025-10-10 10:40:27,975 [grpc-default-executor-8] WARN  server.GrpcLogAppender (GrpcLogAppender.java:lambda$resetClient$1(228)) - 22d9c8a1-4559-44b0-a4af-9630f79f1f05@group-7FE9BF83969B->ad892cb1-3002-4758-a303-de6f39da4dbc-GrpcLogAppender: Follower failed (request=null, errorCount=23); keep nextIndex (21) unchanged and retry.
2025-10-10 10:40:27,978 [grpc-default-executor-7] WARN  server.GrpcLogAppender (GrpcLogAppender.java:lambda$resetClient$1(228)) - 22d9c8a1-4559-44b0-a4af-9630f79f1f05@group-7FE9BF83969B->ad892cb1-3002-4758-a303-de6f39da4dbc-GrpcLogAppender: Follower failed (request=null, errorCount=25); keep nextIndex (22) unchanged and retry.
2025-10-10 10:40:27,982 [grpc-default-executor-1] WARN  server.GrpcLogAppender (GrpcLogAppender.java:lambda$resetClient$1(228)) - 22d9c8a1-4559-44b0-a4af-9630f79f1f05@group-7FE9BF83969B->ad892cb1-3002-4758-a303-de6f39da4dbc-GrpcLogAppender: Follower failed (request=null, errorCount=27); keep nextIndex (23) unchanged and retry.
2025-10-10 10:40:27,985 [grpc-default-executor-10] WARN  server.GrpcLogAppender (GrpcLogAppender.java:lambda$resetClient$1(228)) - 22d9c8a1-4559-44b0-a4af-9630f79f1f05@group-7FE9BF83969B->ad892cb1-3002-4758-a303-de6f39da4dbc-GrpcLogAppender: Follower failed (request=null, errorCount=29); keep nextIndex (24) unchanged and retry.
]]></system-out>
  </testcase>
  <testcase name="testDatanodeExclusionWithMajorityCommit(ReplicationLevel)[2]" classname="org.apache.hadoop.ozone.client.rpc.TestFailureHandlingByClient" time="42.766">
    <failure message="&#10;Expecting HashSet:&#10;  []&#10;to contain:&#10;  [aa9634f0-8836-44d6-bc05-5b19fbdd93d5(localhost/127.0.0.1)]&#10;but could not find the following element(s):&#10;  [aa9634f0-8836-44d6-bc05-5b19fbdd93d5(localhost/127.0.0.1)]&#10;" type="java.lang.AssertionError"><![CDATA[java.lang.AssertionError: 

Expecting HashSet:
  []
to contain:
  [aa9634f0-8836-44d6-bc05-5b19fbdd93d5(localhost/127.0.0.1)]
but could not find the following element(s):
  [aa9634f0-8836-44d6-bc05-5b19fbdd93d5(localhost/127.0.0.1)]

	at org.apache.hadoop.ozone.client.rpc.TestFailureHandlingByClient.testDatanodeExclusionWithMajorityCommit(TestFailureHandlingByClient.java:471)
	at java.base/java.lang.reflect.Method.invoke(Method.java:580)
	at java.base/java.util.Optional.ifPresent(Optional.java:178)
	at java.base/java.util.stream.ForEachOps$ForEachOp$OfRef.accept(ForEachOps.java:184)
	at java.base/java.util.stream.ReferencePipeline$3$1.accept(ReferencePipeline.java:197)
	at java.base/java.util.stream.ForEachOps$ForEachOp$OfRef.accept(ForEachOps.java:184)
	at java.base/java.util.stream.ForEachOps$ForEachOp$OfRef.accept(ForEachOps.java:184)
	at java.base/java.util.stream.ReferencePipeline$3$1.accept(ReferencePipeline.java:197)
	at java.base/java.util.Iterator.forEachRemaining(Iterator.java:133)
	at java.base/java.util.Spliterators$IteratorSpliterator.forEachRemaining(Spliterators.java:1939)
	at java.base/java.util.stream.AbstractPipeline.copyInto(AbstractPipeline.java:509)
	at java.base/java.util.stream.AbstractPipeline.wrapAndCopyInto(AbstractPipeline.java:499)
	at java.base/java.util.stream.ForEachOps$ForEachOp.evaluateSequential(ForEachOps.java:151)
	at java.base/java.util.stream.ForEachOps$ForEachOp$OfRef.evaluateSequential(ForEachOps.java:174)
	at java.base/java.util.stream.AbstractPipeline.evaluate(AbstractPipeline.java:234)
	at java.base/java.util.stream.ReferencePipeline.forEach(ReferencePipeline.java:596)
	at java.base/java.util.stream.ReferencePipeline$7$1.accept(ReferencePipeline.java:276)
	at java.base/java.util.ArrayList$ArrayListSpliterator.forEachRemaining(ArrayList.java:1708)
	at java.base/java.util.stream.AbstractPipeline.copyInto(AbstractPipeline.java:509)
	at java.base/java.util.stream.AbstractPipeline.wrapAndCopyInto(AbstractPipeline.java:499)
	at java.base/java.util.stream.ForEachOps$ForEachOp.evaluateSequential(ForEachOps.java:151)
	at java.base/java.util.stream.ForEachOps$ForEachOp$OfRef.evaluateSequential(ForEachOps.java:174)
	at java.base/java.util.stream.AbstractPipeline.evaluate(AbstractPipeline.java:234)
	at java.base/java.util.stream.ReferencePipeline.forEach(ReferencePipeline.java:596)
	at java.base/java.util.stream.ReferencePipeline$7$1.accept(ReferencePipeline.java:276)
	at java.base/java.util.stream.ReferencePipeline$3$1.accept(ReferencePipeline.java:197)
	at java.base/java.util.stream.ReferencePipeline$3$1.accept(ReferencePipeline.java:197)
	at java.base/java.util.stream.ReferencePipeline$3$1.accept(ReferencePipeline.java:197)
	at java.base/java.util.ArrayList$ArrayListSpliterator.forEachRemaining(ArrayList.java:1708)
	at java.base/java.util.stream.AbstractPipeline.copyInto(AbstractPipeline.java:509)
	at java.base/java.util.stream.AbstractPipeline.wrapAndCopyInto(AbstractPipeline.java:499)
	at java.base/java.util.stream.ForEachOps$ForEachOp.evaluateSequential(ForEachOps.java:151)
	at java.base/java.util.stream.ForEachOps$ForEachOp$OfRef.evaluateSequential(ForEachOps.java:174)
	at java.base/java.util.stream.AbstractPipeline.evaluate(AbstractPipeline.java:234)
	at java.base/java.util.stream.ReferencePipeline.forEach(ReferencePipeline.java:596)
	at java.base/java.util.concurrent.ForkJoinTask.doExec(ForkJoinTask.java:387)
	at java.base/java.util.concurrent.ForkJoinPool$WorkQueue.topLevelExec(ForkJoinPool.java:1312)
	at java.base/java.util.concurrent.ForkJoinPool.scan(ForkJoinPool.java:1843)
	at java.base/java.util.concurrent.ForkJoinPool.runWorker(ForkJoinPool.java:1808)
	at java.base/java.util.concurrent.ForkJoinWorkerThread.run(ForkJoinWorkerThread.java:188)
]]></failure>
    <system-out><![CDATA[2025-10-10 10:40:28,050 [ForkJoinPool-1-worker-1] INFO  ozone.HddsDatanodeService (HddsDatanodeService.java:start(236)) - HddsDatanodeService ad892cb1-3002-4758-a303-de6f39da4dbc(localhost/127.0.0.1)
2025-10-10 10:40:28,051 [ForkJoinPool-1-worker-1] INFO  upgrade.AbstractLayoutVersionManager (AbstractLayoutVersionManager.java:init(80)) - Initializing Layout version manager with metadata layout = WITNESSED_CONTAINER_DB_PROTO_VALUE (version = 9), software layout = WITNESSED_CONTAINER_DB_PROTO_VALUE (version = 9)
2025-10-10 10:40:28,051 [ForkJoinPool-1-worker-1] INFO  statemachine.DatanodeStateMachine (DatanodeStateMachine.java:getEndPointTaskThreadPoolSize(321)) - Datanode State Machine Task Thread Pool size 2
2025-10-10 10:40:28,053 [ForkJoinPool-1-worker-1] INFO  volume.HddsVolume (HddsVolume.java:<init>(162)) - HddsVolume: { id=DS-d0f0d2dd-b347-4b79-bac2-49cc0e8748a5 dir=/home/runner/work/ozone/ozone/hadoop-ozone/integration-test/target/test-dir/MiniOzoneClusterImpl-611c99c7-d47b-4433-a4ef-cd0a35b076ef/ozone-metadata/datanode-4/data-0/hdds type=DISK capacity=9222449699674390527 used=0 available=9222449699674390527 minFree=9222450130714624 committed=0 }
2025-10-10 10:40:28,053 [ForkJoinPool-1-worker-1] INFO  volume.MutableVolumeSet (MutableVolumeSet.java:initializeVolumeSet(175)) - Added Volume : /home/runner/work/ozone/ozone/hadoop-ozone/integration-test/target/test-dir/MiniOzoneClusterImpl-611c99c7-d47b-4433-a4ef-cd0a35b076ef/ozone-metadata/datanode-4/data-0/hdds to VolumeSet
2025-10-10 10:40:28,054 [ForkJoinPool-1-worker-1] INFO  volume.MutableVolumeSet (MutableVolumeSet.java:initializeVolumeSet(175)) - Added Volume : /home/runner/work/ozone/ozone/hadoop-ozone/integration-test/target/test-dir/MiniOzoneClusterImpl-611c99c7-d47b-4433-a4ef-cd0a35b076ef/ozone-metadata/datanode-4/ratis to VolumeSet
2025-10-10 10:40:28,089 [ForkJoinPool.commonPool-worker-2] INFO  utils.DatanodeStoreCache (DatanodeStoreCache.java:addDB(70)) - Added db /home/runner/work/ozone/ozone/hadoop-ozone/integration-test/target/test-dir/MiniOzoneClusterImpl-611c99c7-d47b-4433-a4ef-cd0a35b076ef/ozone-metadata/datanode-4/data-0/hdds/611c99c7-d47b-4433-a4ef-cd0a35b076ef/DS-d0f0d2dd-b347-4b79-bac2-49cc0e8748a5/container.db to cache
2025-10-10 10:40:28,089 [ForkJoinPool.commonPool-worker-2] INFO  volume.HddsVolume (HddsVolume.java:loadDbStore(517)) - SchemaV3 db is loaded at /home/runner/work/ozone/ozone/hadoop-ozone/integration-test/target/test-dir/MiniOzoneClusterImpl-611c99c7-d47b-4433-a4ef-cd0a35b076ef/ozone-metadata/datanode-4/data-0/hdds/611c99c7-d47b-4433-a4ef-cd0a35b076ef/DS-d0f0d2dd-b347-4b79-bac2-49cc0e8748a5/container.db for volume DS-d0f0d2dd-b347-4b79-bac2-49cc0e8748a5
2025-10-10 10:40:28,089 [ForkJoinPool-1-worker-1] INFO  ozoneimpl.OzoneContainer (HddsVolumeUtil.java:loadAllHddsVolumeDbStore(102)) - Load 1 volumes DbStore cost: 35ms
2025-10-10 10:40:28,090 [ForkJoinPool-1-worker-1] WARN  db.DBStoreBuilder (DBStoreBuilder.java:getDBDirPath(157)) - ozone.scm.datanode.id.dir is not configured. We recommend adding this setting. Falling back to ozone.metadata.dirs instead.
2025-10-10 10:40:28,091 [ForkJoinPool-1-worker-1] WARN  db.DBStoreBuilder (DBStoreBuilder.java:getDBDirPath(157)) - ozone.scm.datanode.id.dir is not configured. We recommend adding this setting. Falling back to ozone.metadata.dirs instead.
2025-10-10 10:40:28,099 [ForkJoinPool-1-worker-1] INFO  impl.FilePerChunkStrategy (FilePerChunkStrategy.java:<init>(79)) - ozone.chunk.read.mapped.buffer.max.count is load with 0
2025-10-10 10:40:28,099 [ForkJoinPool-1-worker-1] INFO  impl.FilePerBlockStrategy (FilePerBlockStrategy.java:<init>(88)) - ozone.chunk.read.mapped.buffer.max.count is load with 0
2025-10-10 10:40:28,100 [ForkJoinPool-1-worker-1] INFO  server.RaftServerConfigKeys (ConfUtils.java:logGet(62)) - raft.server.log.appender.buffer.byte-limit = 33554432 (custom)
2025-10-10 10:40:28,101 [ForkJoinPool-1-worker-1] INFO  grpc.GrpcConfigKeys (ConfUtils.java:logFallback(69)) - raft.grpc.admin.host = null (fallback to raft.grpc.server.host)
2025-10-10 10:40:28,101 [ForkJoinPool-1-worker-1] INFO  grpc.GrpcConfigKeys (ConfUtils.java:logGet(62)) - raft.grpc.admin.port = 15038 (custom)
2025-10-10 10:40:28,101 [ForkJoinPool-1-worker-1] INFO  grpc.GrpcConfigKeys (ConfUtils.java:logFallback(69)) - raft.grpc.client.host = null (fallback to raft.grpc.server.host)
2025-10-10 10:40:28,101 [ForkJoinPool-1-worker-1] INFO  grpc.GrpcConfigKeys (ConfUtils.java:logGet(62)) - raft.grpc.client.port = 15037 (custom)
2025-10-10 10:40:28,101 [ForkJoinPool-1-worker-1] INFO  grpc.GrpcConfigKeys (ConfUtils.java:logGet(62)) - raft.grpc.server.port = 15039 (custom)
2025-10-10 10:40:28,101 [ForkJoinPool-1-worker-1] INFO  server.GrpcServicesImpl (ConfUtils.java:logGet(62)) - raft.grpc.message.size.max = 34603008 (custom)
2025-10-10 10:40:28,101 [ForkJoinPool-1-worker-1] INFO  server.GrpcServicesImpl (ConfUtils.java:logGet(62)) - raft.grpc.flow.control.window = 5MB (=5242880) (custom)
2025-10-10 10:40:28,101 [ForkJoinPool-1-worker-1] INFO  server.RaftServerConfigKeys (ConfUtils.java:logGet(62)) - raft.server.log.appender.buffer.byte-limit = 33554432 (custom)
2025-10-10 10:40:28,103 [ForkJoinPool-1-worker-1] INFO  netty.NettyUtils (NettyUtils.java:newEventLoopGroup(74)) - Create EpollEventLoopGroup for ad892cb1-3002-4758-a303-de6f39da4dbc-NettyServerStreamRpc-bossGroup; Thread size is 0.
2025-10-10 10:40:28,103 [ForkJoinPool-1-worker-1] INFO  netty.NettyUtils (NettyUtils.java:newEventLoopGroup(74)) - Create EpollEventLoopGroup for ad892cb1-3002-4758-a303-de6f39da4dbc-NettyServerStreamRpc-workerGroup; Thread size is 0.
2025-10-10 10:40:28,103 [ForkJoinPool-1-worker-1] INFO  netty.NettyConfigKeys$DataStream (ConfUtils.java:logGet(62)) - raft.netty.dataStream.port = 15040 (custom)
2025-10-10 10:40:28,104 [ForkJoinPool-1-worker-1] INFO  server.RaftServerConfigKeys (ConfUtils.java:logGet(62)) - raft.server.storage.dir = [/home/runner/work/ozone/ozone/hadoop-ozone/integration-test/target/test-dir/MiniOzoneClusterImpl-611c99c7-d47b-4433-a4ef-cd0a35b076ef/ozone-metadata/datanode-4/ratis] (custom)
2025-10-10 10:40:28,104 [ad892cb1-3002-4758-a303-de6f39da4dbc-NettyServerStreamRpc-bossGroup--thread1] INFO  logging.LoggingHandler (AbstractInternalLogger.java:log(148)) - [id: 0xc92d8bd9] REGISTERED
2025-10-10 10:40:28,104 [ad892cb1-3002-4758-a303-de6f39da4dbc-NettyServerStreamRpc-bossGroup--thread1] INFO  logging.LoggingHandler (AbstractInternalLogger.java:log(148)) - [id: 0xc92d8bd9] BIND: 0.0.0.0/0.0.0.0:15040
2025-10-10 10:40:28,104 [ad892cb1-3002-4758-a303-de6f39da4dbc-NettyServerStreamRpc-bossGroup--thread1] INFO  logging.LoggingHandler (AbstractInternalLogger.java:log(148)) - [id: 0xc92d8bd9, L:/0.0.0.0:15040] ACTIVE
2025-10-10 10:40:28,104 [ad892cb1-3002-4758-a303-de6f39da4dbc-impl-thread1] INFO  server.RaftServer (RaftServerProxy.java:initGroupDir(270)) - ad892cb1-3002-4758-a303-de6f39da4dbc: found a subdirectory /home/runner/work/ozone/ozone/hadoop-ozone/integration-test/target/test-dir/MiniOzoneClusterImpl-611c99c7-d47b-4433-a4ef-cd0a35b076ef/ozone-metadata/datanode-4/ratis/tmp
2025-10-10 10:40:28,104 [ad892cb1-3002-4758-a303-de6f39da4dbc-impl-thread1] INFO  server.RaftServer (RaftServerProxy.java:initGroupDir(275)) - ad892cb1-3002-4758-a303-de6f39da4dbc: The directory /home/runner/work/ozone/ozone/hadoop-ozone/integration-test/target/test-dir/MiniOzoneClusterImpl-611c99c7-d47b-4433-a4ef-cd0a35b076ef/ozone-metadata/datanode-4/ratis/tmp is not a group directory; ignoring it. 
2025-10-10 10:40:28,104 [ad892cb1-3002-4758-a303-de6f39da4dbc-impl-thread1] INFO  server.RaftServer (RaftServerProxy.java:initGroupDir(270)) - ad892cb1-3002-4758-a303-de6f39da4dbc: found a subdirectory /home/runner/work/ozone/ozone/hadoop-ozone/integration-test/target/test-dir/MiniOzoneClusterImpl-611c99c7-d47b-4433-a4ef-cd0a35b076ef/ozone-metadata/datanode-4/ratis/646a14ee-6b5e-4675-bb4e-4e13145afca4
2025-10-10 10:40:28,104 [ad892cb1-3002-4758-a303-de6f39da4dbc-impl-thread1] INFO  server.RaftServer (RaftServerProxy.java:addNew(105)) - ad892cb1-3002-4758-a303-de6f39da4dbc: addNew group-4E13145AFCA4:[] returns group-4E13145AFCA4:java.util.concurrent.CompletableFuture@7c62e53b[Not completed]
2025-10-10 10:40:28,104 [ad892cb1-3002-4758-a303-de6f39da4dbc-impl-thread1] INFO  server.RaftServer (RaftServerProxy.java:initGroupDir(270)) - ad892cb1-3002-4758-a303-de6f39da4dbc: found a subdirectory /home/runner/work/ozone/ozone/hadoop-ozone/integration-test/target/test-dir/MiniOzoneClusterImpl-611c99c7-d47b-4433-a4ef-cd0a35b076ef/ozone-metadata/datanode-4/ratis/e168346d-5e42-4d50-932e-f0bea0df345e
2025-10-10 10:40:28,105 [ad892cb1-3002-4758-a303-de6f39da4dbc-impl-thread1] INFO  server.RaftServer (RaftServerProxy.java:addNew(105)) - ad892cb1-3002-4758-a303-de6f39da4dbc: addNew group-F0BEA0DF345E:[] returns group-F0BEA0DF345E:java.util.concurrent.CompletableFuture@fb155ab[Not completed]
2025-10-10 10:40:28,105 [ad892cb1-3002-4758-a303-de6f39da4dbc-impl-thread1] INFO  server.RaftServer (RaftServerProxy.java:initGroupDir(270)) - ad892cb1-3002-4758-a303-de6f39da4dbc: found a subdirectory /home/runner/work/ozone/ozone/hadoop-ozone/integration-test/target/test-dir/MiniOzoneClusterImpl-611c99c7-d47b-4433-a4ef-cd0a35b076ef/ozone-metadata/datanode-4/ratis/905307e5-fe9f-45a7-96e9-7fe9bf83969b
2025-10-10 10:40:28,105 [ad892cb1-3002-4758-a303-de6f39da4dbc-impl-thread1] INFO  server.RaftServer (RaftServerProxy.java:addNew(105)) - ad892cb1-3002-4758-a303-de6f39da4dbc: addNew group-7FE9BF83969B:[] returns group-7FE9BF83969B:java.util.concurrent.CompletableFuture@4d549cb2[Not completed]
2025-10-10 10:40:28,105 [ForkJoinPool-1-worker-1] INFO  replication.ReplicationServer (ReplicationServer.java:<init>(84)) - Initializing replication server with thread count = 10 queue length = 4096
2025-10-10 10:40:28,105 [ad892cb1-3002-4758-a303-de6f39da4dbc-groupManagement] INFO  server.RaftServer$Division (RaftServerImpl.java:<init>(268)) - ad892cb1-3002-4758-a303-de6f39da4dbc: new RaftServerImpl for group-4E13145AFCA4:[] with ContainerStateMachine:uninitialized
2025-10-10 10:40:28,106 [ForkJoinPool-1-worker-1] INFO  server.XceiverServerGrpc (XceiverServerGrpc.java:<init>(129)) - GrpcServer channel type EpollServerSocketChannel
2025-10-10 10:40:28,106 [ad892cb1-3002-4758-a303-de6f39da4dbc-groupManagement] INFO  server.RaftServer$Division (ServerState.java:<init>(114)) - ad892cb1-3002-4758-a303-de6f39da4dbc@group-4E13145AFCA4: ConfigurationManager, init=conf: {index: -1, cur=peers:[]|listeners:[], old=null}, confs=<EMPTY_MAP>
2025-10-10 10:40:28,117 [ForkJoinPool-1-worker-1] INFO  replication.ReplicationSupervisor (ReplicationSupervisor.java:build(169)) - Initializing replication supervisor with thread count = 10
2025-10-10 10:40:28,117 [ForkJoinPool-1-worker-1] INFO  replication.ReplicationSupervisor (ReplicationSupervisor.java:nodeStateUpdated(358)) - Node state updated to IN_SERVICE, scaling executor pool size to 10
2025-10-10 10:40:28,120 [ForkJoinPool-1-worker-1] INFO  http.BaseHttpServer (BaseHttpServer.java:newHttpServer2BuilderForOzone(227)) - Starting Web-server for hddsDatanode at: http://0.0.0.0:15034
2025-10-10 10:40:28,120 [ForkJoinPool-1-worker-1] INFO  http.BaseHttpServer (BaseHttpServer.java:<init>(105)) - Hadoop Security Enabled: false Ozone Security Enabled: false Ozone HTTP Security Enabled: false 
2025-10-10 10:40:28,121 [ad892cb1-3002-4758-a303-de6f39da4dbc-groupManagement] INFO  server.RaftServer$Division (RaftServerImpl.java:<init>(268)) - ad892cb1-3002-4758-a303-de6f39da4dbc: new RaftServerImpl for group-F0BEA0DF345E:[] with ContainerStateMachine:uninitialized
2025-10-10 10:40:28,121 [ad892cb1-3002-4758-a303-de6f39da4dbc-groupManagement] INFO  server.RaftServer$Division (ServerState.java:<init>(114)) - ad892cb1-3002-4758-a303-de6f39da4dbc@group-F0BEA0DF345E: ConfigurationManager, init=conf: {index: -1, cur=peers:[]|listeners:[], old=null}, confs=<EMPTY_MAP>
2025-10-10 10:40:28,122 [ForkJoinPool-1-worker-1] WARN  server.AuthenticationFilter (AuthenticationFilter.java:constructSecretProvider(240)) - Unable to initialize FileSignerSecretProvider, falling back to use random secrets. Reason: Could not read signature secret file: /home/runner/hadoop-http-auth-signature-secret
2025-10-10 10:40:28,124 [ForkJoinPool-1-worker-1] INFO  http.HttpServer2 (HttpServer2.java:addGlobalFilter(1040)) - Added global filter 'safety' (class=org.apache.hadoop.hdds.server.http.HttpServer2$QuotingInputFilter)
2025-10-10 10:40:28,125 [ForkJoinPool-1-worker-1] INFO  http.HttpServer2 (HttpServer2.java:addFilter(1016)) - Added filter static_user_filter (class=org.apache.hadoop.http.lib.StaticUserWebFilter$StaticUserFilter) to context hddsDatanode
2025-10-10 10:40:28,125 [ForkJoinPool-1-worker-1] INFO  http.HttpServer2 (HttpServer2.java:addFilter(1024)) - Added filter static_user_filter (class=org.apache.hadoop.http.lib.StaticUserWebFilter$StaticUserFilter) to context static
2025-10-10 10:40:28,126 [ad892cb1-3002-4758-a303-de6f39da4dbc-groupManagement] INFO  server.RaftServer$Division (RaftServerImpl.java:<init>(268)) - ad892cb1-3002-4758-a303-de6f39da4dbc: new RaftServerImpl for group-7FE9BF83969B:[] with ContainerStateMachine:uninitialized
2025-10-10 10:40:28,126 [ForkJoinPool-1-worker-1] INFO  http.HttpServer2 (HttpServer2.java:addFilter(1024)) - Added filter static_user_filter (class=org.apache.hadoop.http.lib.StaticUserWebFilter$StaticUserFilter) to context logs
2025-10-10 10:40:28,126 [ad892cb1-3002-4758-a303-de6f39da4dbc-groupManagement] INFO  server.RaftServer$Division (ServerState.java:<init>(114)) - ad892cb1-3002-4758-a303-de6f39da4dbc@group-7FE9BF83969B: ConfigurationManager, init=conf: {index: -1, cur=peers:[]|listeners:[], old=null}, confs=<EMPTY_MAP>
2025-10-10 10:40:28,126 [ForkJoinPool-1-worker-1] INFO  http.BaseHttpServer (BaseHttpServer.java:<init>(193)) - HTTP server of hddsDatanode uses base directory /home/runner/work/ozone/ozone/hadoop-ozone/integration-test/target/test-dir/MiniOzoneClusterImpl-611c99c7-d47b-4433-a4ef-cd0a35b076ef/scm/ozone-metadata/webserver
2025-10-10 10:40:28,126 [ForkJoinPool-1-worker-1] INFO  http.HttpServer2 (HttpServer2.java:bindListener(1240)) - Jetty bound to port 15034
2025-10-10 10:40:28,127 [ForkJoinPool-1-worker-1] INFO  server.Server (Server.java:doStart(375)) - jetty-9.4.58.v20250814; built: 2025-08-14T02:28:49.637Z; git: 8f1440587e9e4ae7db3d74cf205643f3d707148d; jvm 21.0.8+9-LTS
2025-10-10 10:40:28,129 [ForkJoinPool-1-worker-1] INFO  server.session (DefaultSessionIdManager.java:doStart(334)) - DefaultSessionIdManager workerName=node0
2025-10-10 10:40:28,129 [ForkJoinPool-1-worker-1] INFO  server.session (DefaultSessionIdManager.java:doStart(339)) - No SessionScavenger set, using defaults
2025-10-10 10:40:28,129 [ForkJoinPool-1-worker-1] INFO  server.session (HouseKeeper.java:startScavenging(132)) - node0 Scavenging every 600000ms
2025-10-10 10:40:28,131 [ForkJoinPool-1-worker-1] INFO  handler.ContextHandler (ContextHandler.java:doStart(921)) - Started o.e.j.s.ServletContextHandler@5845852f{logs,/logs,file:///home/runner/work/ozone/ozone/hadoop-ozone/integration-test/target/log,AVAILABLE}
2025-10-10 10:40:28,131 [ForkJoinPool-1-worker-1] INFO  handler.ContextHandler (ContextHandler.java:doStart(921)) - Started o.e.j.s.ServletContextHandler@6fa0db76{static,/static,jar:file:/home/runner/work/ozone/ozone/hadoop-hdds/container-service/target/hdds-container-service-2.1.0-SNAPSHOT.jar!/webapps/static,AVAILABLE}
2025-10-10 10:40:28,275 [ForkJoinPool-1-worker-1] INFO  handler.ContextHandler (ContextHandler.java:doStart(921)) - Started o.e.j.w.WebAppContext@3335811b{hddsDatanode,/,file:///home/runner/work/ozone/ozone/hadoop-ozone/integration-test/target/test-dir/MiniOzoneClusterImpl-611c99c7-d47b-4433-a4ef-cd0a35b076ef/scm/ozone-metadata/webserver/jetty-0_0_0_0-15034-hdds-container-service-2_1_0-SNAPSHOT_jar-_-any-4012606725144468929/webapp/,AVAILABLE}{jar:file:/home/runner/work/ozone/ozone/hadoop-hdds/container-service/target/hdds-container-service-2.1.0-SNAPSHOT.jar!/webapps/hddsDatanode}
2025-10-10 10:40:28,276 [ForkJoinPool-1-worker-1] INFO  server.AbstractConnector (AbstractConnector.java:doStart(333)) - Started ServerConnector@54074b2b{HTTP/1.1, (http/1.1)}{0.0.0.0:15034}
2025-10-10 10:40:28,276 [ForkJoinPool-1-worker-1] INFO  server.Server (Server.java:doStart(415)) - Started @176964ms
2025-10-10 10:40:28,276 [ForkJoinPool-1-worker-1] WARN  impl.MetricsSystemImpl (MetricsSystemImpl.java:register(279)) - Sink prometheus already exists!
2025-10-10 10:40:28,276 [ForkJoinPool-1-worker-1] INFO  http.BaseHttpServer (BaseHttpServer.java:updateConnectorAddress(357)) - HTTP server of hddsDatanode listening at http://localhost:15034
2025-10-10 10:40:28,277 [ForkJoinPool-1-worker-1] INFO  ipc.CallQueueManager (CallQueueManager.java:<init>(93)) - Using callQueue: class java.util.concurrent.LinkedBlockingQueue, queueCapacity: 1000, scheduler: class org.apache.hadoop.ipc.DefaultRpcScheduler, ipcBackoff: false, ipcFailOver: false.
2025-10-10 10:40:28,277 [ForkJoinPool-1-worker-1] INFO  ipc.Server (Server.java:<init>(1438)) - Listener at 0.0.0.0:15035
2025-10-10 10:40:28,277 [Socket Reader #1 for port 15035] INFO  ipc.Server (Server.java:run(1474)) - Starting Socket Reader #1 for port 15035
2025-10-10 10:40:28,277 [Socket Reader #2 for port 15035] INFO  ipc.Server (Server.java:run(1474)) - Starting Socket Reader #2 for port 15035
2025-10-10 10:40:28,278 [Socket Reader #3 for port 15035] INFO  ipc.Server (Server.java:run(1474)) - Starting Socket Reader #3 for port 15035
2025-10-10 10:40:28,278 [Socket Reader #4 for port 15035] INFO  ipc.Server (Server.java:run(1474)) - Starting Socket Reader #4 for port 15035
2025-10-10 10:40:28,278 [Socket Reader #5 for port 15035] INFO  ipc.Server (Server.java:run(1474)) - Starting Socket Reader #5 for port 15035
2025-10-10 10:40:28,278 [Socket Reader #6 for port 15035] INFO  ipc.Server (Server.java:run(1474)) - Starting Socket Reader #6 for port 15035
2025-10-10 10:40:28,278 [Socket Reader #7 for port 15035] INFO  ipc.Server (Server.java:run(1474)) - Starting Socket Reader #7 for port 15035
2025-10-10 10:40:28,279 [Socket Reader #8 for port 15035] INFO  ipc.Server (Server.java:run(1474)) - Starting Socket Reader #8 for port 15035
2025-10-10 10:40:28,279 [Socket Reader #9 for port 15035] INFO  ipc.Server (Server.java:run(1474)) - Starting Socket Reader #9 for port 15035
2025-10-10 10:40:28,279 [Socket Reader #10 for port 15035] INFO  ipc.Server (Server.java:run(1474)) - Starting Socket Reader #10 for port 15035
2025-10-10 10:40:28,280 [ForkJoinPool-1-worker-1] INFO  ozone.HddsDatanodeService (HddsDatanodeService.java:start(333)) - Datanode start with admins: [admin, runner]
2025-10-10 10:40:28,280 [ForkJoinPool-1-worker-1] INFO  ozone.HddsDatanodeClientProtocolServer (HddsDatanodeClientProtocolServer.java:start(76)) - RPC server for Client /0.0.0.0:15035
2025-10-10 10:40:28,280 [IPC Server Responder] INFO  ipc.Server (Server.java:run(1713)) - IPC Server Responder: starting
2025-10-10 10:40:28,281 [IPC Server listener on 15035] INFO  ipc.Server (Server.java:run(1553)) - IPC Server listener on 15035: starting
2025-10-10 10:40:28,282 [ForkJoinPool-1-worker-1] INFO  ozone.MiniOzoneClusterImpl (MiniOzoneClusterImpl.java:lambda$waitForClusterToBeReady$0(181)) - Nodes are ready. Got 10 of 10 DN Heartbeats.
2025-10-10 10:40:28,282 [ForkJoinPool-1-worker-1] INFO  ozone.MiniOzoneClusterImpl (MiniOzoneClusterImpl.java:lambda$waitForClusterToBeReady$0(184)) - Cluster exits safe mode
2025-10-10 10:40:28,282 [ForkJoinPool-1-worker-1] INFO  ozone.MiniOzoneClusterImpl (MiniOzoneClusterImpl.java:lambda$waitForClusterToBeReady$0(186)) - SCM became leader
2025-10-10 10:40:28,283 [ad892cb1-3002-4758-a303-de6f39da4dbc-DatanodeStateMachineDaemonThread] INFO  statemachine.DatanodeStateMachine (DatanodeStateMachine.java:startStateMachineThread(363)) - Ozone container server started.
2025-10-10 10:40:28,287 [ad892cb1-3002-4758-a303-de6f39da4dbc-DatanodeStateMachineTaskThread-0] INFO  datanode.InitDatanodeState (InitDatanodeState.java:persistContainerDatanodeDetails(139)) - DatanodeDetails is persisted to /home/runner/work/ozone/ozone/hadoop-ozone/integration-test/target/test-dir/MiniOzoneClusterImpl-611c99c7-d47b-4433-a4ef-cd0a35b076ef/ozone-metadata/datanode-4/ozone-metadata/datanode.id
2025-10-10 10:40:28,313 [grpc-default-executor-1] ERROR impl.OrderedAsync (OrderedAsync.java:lambda$null$6(215)) -  client-527EF30E8D9C: Failed* RaftClientRequest:client-527EF30E8D9C->aa9634f0-8836-44d6-bc05-5b19fbdd93d5@group-813C05265458, cid=78, seq=1*, Watch(0), null
java.util.concurrent.CompletionException: org.apache.ratis.protocol.exceptions.NotLeaderException: Server aa9634f0-8836-44d6-bc05-5b19fbdd93d5@group-813C05265458 is not the leader
	at java.base/java.util.concurrent.CompletableFuture.encodeThrowable(CompletableFuture.java:332)
	at java.base/java.util.concurrent.CompletableFuture.completeThrowable(CompletableFuture.java:347)
	at java.base/java.util.concurrent.CompletableFuture$UniAccept.tryFire(CompletableFuture.java:708)
	at java.base/java.util.concurrent.CompletableFuture.postComplete(CompletableFuture.java:510)
	at java.base/java.util.concurrent.CompletableFuture.completeExceptionally(CompletableFuture.java:2194)
	at org.apache.ratis.grpc.client.GrpcClientProtocolClient$AsyncStreamObservers.completeReplyExceptionally(GrpcClientProtocolClient.java:397)
	at org.apache.ratis.grpc.client.GrpcClientProtocolClient$AsyncStreamObservers.access$000(GrpcClientProtocolClient.java:303)
	at org.apache.ratis.grpc.client.GrpcClientProtocolClient$AsyncStreamObservers$1.onNext(GrpcClientProtocolClient.java:317)
	at org.apache.ratis.grpc.client.GrpcClientProtocolClient$AsyncStreamObservers$1.onNext(GrpcClientProtocolClient.java:308)
	at org.apache.ratis.thirdparty.io.grpc.stub.ClientCalls$StreamObserverToCallListenerAdapter.onMessage(ClientCalls.java:551)
	at org.apache.ratis.thirdparty.io.grpc.ForwardingClientCallListener.onMessage(ForwardingClientCallListener.java:33)
	at org.apache.ratis.thirdparty.io.grpc.internal.DelayedClientCall$DelayedListener.onMessage(DelayedClientCall.java:473)
	at org.apache.ratis.thirdparty.io.grpc.internal.ClientCallImpl$ClientStreamListenerImpl$1MessagesAvailable.runInternal(ClientCallImpl.java:661)
	at org.apache.ratis.thirdparty.io.grpc.internal.ClientCallImpl$ClientStreamListenerImpl$1MessagesAvailable.runInContext(ClientCallImpl.java:648)
	at org.apache.ratis.thirdparty.io.grpc.internal.ContextRunnable.run(ContextRunnable.java:37)
	at org.apache.ratis.thirdparty.io.grpc.internal.SerializingExecutor.run(SerializingExecutor.java:133)
	at java.base/java.util.concurrent.ThreadPoolExecutor.runWorker(ThreadPoolExecutor.java:1144)
	at java.base/java.util.concurrent.ThreadPoolExecutor$Worker.run(ThreadPoolExecutor.java:642)
	at java.base/java.lang.Thread.run(Thread.java:1583)
Caused by: org.apache.ratis.protocol.exceptions.NotLeaderException: Server aa9634f0-8836-44d6-bc05-5b19fbdd93d5@group-813C05265458 is not the leader
	at org.apache.ratis.client.impl.ClientProtoUtils.toRaftClientReply(ClientProtoUtils.java:402)
	at org.apache.ratis.grpc.client.GrpcClientProtocolClient$AsyncStreamObservers$1.onNext(GrpcClientProtocolClient.java:313)
	... 11 more
2025-10-10 10:40:28,503 [36185c6b-22ce-45d1-a622-3a6b487a5a53@group-813C05265458-FollowerState] INFO  impl.FollowerState (FollowerState.java:runImpl(161)) - 36185c6b-22ce-45d1-a622-3a6b487a5a53@group-813C05265458-FollowerState: change to CANDIDATE, lastRpcElapsedTime:1145296839ns, electionTimeout:1145ms
2025-10-10 10:40:28,503 [36185c6b-22ce-45d1-a622-3a6b487a5a53@group-813C05265458-FollowerState] INFO  impl.RoleInfo (RoleInfo.java:shutdownFollowerState(121)) - 36185c6b-22ce-45d1-a622-3a6b487a5a53: shutdown 36185c6b-22ce-45d1-a622-3a6b487a5a53@group-813C05265458-FollowerState
2025-10-10 10:40:28,503 [36185c6b-22ce-45d1-a622-3a6b487a5a53@group-813C05265458-FollowerState] INFO  server.RaftServer$Division (RaftServerImpl.java:setRole(392)) - 36185c6b-22ce-45d1-a622-3a6b487a5a53@group-813C05265458: changes role from  FOLLOWER to CANDIDATE at term 1 for changeToCandidate
2025-10-10 10:40:28,503 [36185c6b-22ce-45d1-a622-3a6b487a5a53@group-813C05265458-FollowerState] INFO  impl.RoleInfo (RoleInfo.java:updateAndGet(148)) - 36185c6b-22ce-45d1-a622-3a6b487a5a53: start 36185c6b-22ce-45d1-a622-3a6b487a5a53@group-813C05265458-LeaderElection300
2025-10-10 10:40:28,504 [36185c6b-22ce-45d1-a622-3a6b487a5a53@group-813C05265458-LeaderElection300] INFO  impl.LeaderElection (LeaderElection.java:askForVotes(448)) - 36185c6b-22ce-45d1-a622-3a6b487a5a53@group-813C05265458-LeaderElection300 PRE_VOTE round 0: submit vote requests at term 1 for conf: {index: 0, cur=peers:[aa9634f0-8836-44d6-bc05-5b19fbdd93d5|127.0.0.1:15063, 36185c6b-22ce-45d1-a622-3a6b487a5a53|127.0.0.1:15071, 895d447a-5476-42e4-b2fa-6eb687701d46|127.0.0.1:15079]|listeners:[], old=null}
2025-10-10 10:40:28,505 [grpc-default-executor-1] INFO  server.RaftServer$Division (RaftServerImpl.java:requestVote(1421)) - aa9634f0-8836-44d6-bc05-5b19fbdd93d5@group-813C05265458: receive requestVote(PRE_VOTE, 36185c6b-22ce-45d1-a622-3a6b487a5a53, group-813C05265458, 1, (t:1, i:0))
2025-10-10 10:40:28,505 [grpc-default-executor-10] INFO  server.RaftServer$Division (RaftServerImpl.java:requestVote(1421)) - 895d447a-5476-42e4-b2fa-6eb687701d46@group-813C05265458: receive requestVote(PRE_VOTE, 36185c6b-22ce-45d1-a622-3a6b487a5a53, group-813C05265458, 1, (t:1, i:0))
2025-10-10 10:40:28,505 [grpc-default-executor-10] INFO  impl.VoteContext (VoteContext.java:log(49)) - 895d447a-5476-42e4-b2fa-6eb687701d46@group-813C05265458-FOLLOWER: accept PRE_VOTE from 36185c6b-22ce-45d1-a622-3a6b487a5a53: our priority 0 <= candidate's priority 0
2025-10-10 10:40:28,505 [grpc-default-executor-10] INFO  server.RaftServer$Division (RaftServerImpl.java:requestVote(1455)) - 895d447a-5476-42e4-b2fa-6eb687701d46@group-813C05265458 replies to PRE_VOTE vote request: 36185c6b-22ce-45d1-a622-3a6b487a5a53<-895d447a-5476-42e4-b2fa-6eb687701d46#0:OK-t1-last:(t:1, i:0). Peer's state: 895d447a-5476-42e4-b2fa-6eb687701d46@group-813C05265458:t1, leader=null, voted=aa9634f0-8836-44d6-bc05-5b19fbdd93d5, raftlog=Memoized:895d447a-5476-42e4-b2fa-6eb687701d46@group-813C05265458-SegmentedRaftLog:OPENED:c0:last(t:1, i:0), conf=conf: {index: 0, cur=peers:[aa9634f0-8836-44d6-bc05-5b19fbdd93d5|127.0.0.1:15063, 36185c6b-22ce-45d1-a622-3a6b487a5a53|127.0.0.1:15071, 895d447a-5476-42e4-b2fa-6eb687701d46|127.0.0.1:15079]|listeners:[], old=null}
2025-10-10 10:40:28,505 [grpc-default-executor-1] INFO  impl.VoteContext (VoteContext.java:log(49)) - aa9634f0-8836-44d6-bc05-5b19fbdd93d5@group-813C05265458-FOLLOWER: reject PRE_VOTE from 36185c6b-22ce-45d1-a622-3a6b487a5a53: our priority 1 > candidate's priority 0
2025-10-10 10:40:28,505 [grpc-default-executor-1] INFO  server.RaftServer$Division (RaftServerImpl.java:requestVote(1455)) - aa9634f0-8836-44d6-bc05-5b19fbdd93d5@group-813C05265458 replies to PRE_VOTE vote request: 36185c6b-22ce-45d1-a622-3a6b487a5a53<-aa9634f0-8836-44d6-bc05-5b19fbdd93d5#0:FAIL-t1-last:(t:1, i:0). Peer's state: aa9634f0-8836-44d6-bc05-5b19fbdd93d5@group-813C05265458:t1, leader=null, voted=aa9634f0-8836-44d6-bc05-5b19fbdd93d5, raftlog=Memoized:aa9634f0-8836-44d6-bc05-5b19fbdd93d5@group-813C05265458-SegmentedRaftLog:OPENED:c0:last(t:1, i:0), conf=conf: {index: 0, cur=peers:[aa9634f0-8836-44d6-bc05-5b19fbdd93d5|127.0.0.1:15063, 36185c6b-22ce-45d1-a622-3a6b487a5a53|127.0.0.1:15071, 895d447a-5476-42e4-b2fa-6eb687701d46|127.0.0.1:15079]|listeners:[], old=null}
2025-10-10 10:40:28,506 [36185c6b-22ce-45d1-a622-3a6b487a5a53@group-813C05265458-LeaderElection300] INFO  impl.LeaderElection (LeaderElection.java:logAndReturn(206)) - 36185c6b-22ce-45d1-a622-3a6b487a5a53@group-813C05265458-LeaderElection300: PRE_VOTE REJECTED received 1 response(s) and 0 exception(s):
2025-10-10 10:40:28,506 [36185c6b-22ce-45d1-a622-3a6b487a5a53@group-813C05265458-LeaderElection300] INFO  impl.LeaderElection (LeaderElection.java:logAndReturn(210)) -   Response 0: 36185c6b-22ce-45d1-a622-3a6b487a5a53<-aa9634f0-8836-44d6-bc05-5b19fbdd93d5#0:FAIL-t1-last:(t:1, i:0)
2025-10-10 10:40:28,506 [36185c6b-22ce-45d1-a622-3a6b487a5a53@group-813C05265458-LeaderElection300] INFO  impl.LeaderElection (LeaderElection.java:askForVotes(450)) - 36185c6b-22ce-45d1-a622-3a6b487a5a53@group-813C05265458-LeaderElection300 PRE_VOTE round 0: result REJECTED
2025-10-10 10:40:28,506 [36185c6b-22ce-45d1-a622-3a6b487a5a53@group-813C05265458-LeaderElection300] INFO  server.RaftServer$Division (RaftServerImpl.java:setRole(392)) - 36185c6b-22ce-45d1-a622-3a6b487a5a53@group-813C05265458: changes role from CANDIDATE to FOLLOWER at term 1 for REJECTED
2025-10-10 10:40:28,506 [36185c6b-22ce-45d1-a622-3a6b487a5a53@group-813C05265458-LeaderElection300] INFO  impl.RoleInfo (RoleInfo.java:shutdownLeaderElection(141)) - 36185c6b-22ce-45d1-a622-3a6b487a5a53: shutdown 36185c6b-22ce-45d1-a622-3a6b487a5a53@group-813C05265458-LeaderElection300
2025-10-10 10:40:28,506 [36185c6b-22ce-45d1-a622-3a6b487a5a53@group-813C05265458-LeaderElection300] INFO  impl.RoleInfo (RoleInfo.java:updateAndGet(148)) - 36185c6b-22ce-45d1-a622-3a6b487a5a53: start 36185c6b-22ce-45d1-a622-3a6b487a5a53@group-813C05265458-FollowerState
2025-10-10 10:40:28,583 [aa9634f0-8836-44d6-bc05-5b19fbdd93d5@group-813C05265458-FollowerState] INFO  impl.FollowerState (FollowerState.java:runImpl(161)) - aa9634f0-8836-44d6-bc05-5b19fbdd93d5@group-813C05265458-FollowerState: change to CANDIDATE, lastRpcElapsedTime:1140344908ns, electionTimeout:1140ms
2025-10-10 10:40:28,583 [aa9634f0-8836-44d6-bc05-5b19fbdd93d5@group-813C05265458-FollowerState] INFO  impl.RoleInfo (RoleInfo.java:shutdownFollowerState(121)) - aa9634f0-8836-44d6-bc05-5b19fbdd93d5: shutdown aa9634f0-8836-44d6-bc05-5b19fbdd93d5@group-813C05265458-FollowerState
2025-10-10 10:40:28,583 [aa9634f0-8836-44d6-bc05-5b19fbdd93d5@group-813C05265458-FollowerState] INFO  server.RaftServer$Division (RaftServerImpl.java:setRole(392)) - aa9634f0-8836-44d6-bc05-5b19fbdd93d5@group-813C05265458: changes role from  FOLLOWER to CANDIDATE at term 1 for changeToCandidate
2025-10-10 10:40:28,583 [aa9634f0-8836-44d6-bc05-5b19fbdd93d5@group-813C05265458-FollowerState] INFO  impl.RoleInfo (RoleInfo.java:updateAndGet(148)) - aa9634f0-8836-44d6-bc05-5b19fbdd93d5: start aa9634f0-8836-44d6-bc05-5b19fbdd93d5@group-813C05265458-LeaderElection301
2025-10-10 10:40:28,584 [aa9634f0-8836-44d6-bc05-5b19fbdd93d5@group-813C05265458-LeaderElection301] INFO  impl.LeaderElection (LeaderElection.java:askForVotes(448)) - aa9634f0-8836-44d6-bc05-5b19fbdd93d5@group-813C05265458-LeaderElection301 PRE_VOTE round 0: submit vote requests at term 1 for conf: {index: 0, cur=peers:[aa9634f0-8836-44d6-bc05-5b19fbdd93d5|127.0.0.1:15063, 36185c6b-22ce-45d1-a622-3a6b487a5a53|127.0.0.1:15071, 895d447a-5476-42e4-b2fa-6eb687701d46|127.0.0.1:15079]|listeners:[], old=null}
2025-10-10 10:40:28,584 [aa9634f0-8836-44d6-bc05-5b19fbdd93d5@group-813C05265458-LeaderElection301] INFO  impl.LeaderElection (LogUtils.java:infoOrTrace(142)) - aa9634f0-8836-44d6-bc05-5b19fbdd93d5@group-813C05265458-LeaderElection301 got exception when requesting votes: java.util.concurrent.ExecutionException: org.apache.ratis.thirdparty.io.grpc.StatusRuntimeException: UNAVAILABLE: io exception
2025-10-10 10:40:28,584 [aa9634f0-8836-44d6-bc05-5b19fbdd93d5@group-813C05265458-LeaderElection301] INFO  impl.LeaderElection (LogUtils.java:infoOrTrace(142)) - aa9634f0-8836-44d6-bc05-5b19fbdd93d5@group-813C05265458-LeaderElection301 got exception when requesting votes: java.util.concurrent.ExecutionException: org.apache.ratis.thirdparty.io.grpc.StatusRuntimeException: UNAVAILABLE: io exception
2025-10-10 10:40:28,584 [aa9634f0-8836-44d6-bc05-5b19fbdd93d5@group-813C05265458-LeaderElection301] INFO  impl.LeaderElection (LeaderElection.java:logAndReturn(206)) - aa9634f0-8836-44d6-bc05-5b19fbdd93d5@group-813C05265458-LeaderElection301: PRE_VOTE REJECTED received 0 response(s) and 2 exception(s):
2025-10-10 10:40:28,584 [aa9634f0-8836-44d6-bc05-5b19fbdd93d5@group-813C05265458-LeaderElection301] INFO  impl.LeaderElection (LogUtils.java:infoOrTrace(142)) -   Exception 0: java.util.concurrent.ExecutionException: org.apache.ratis.thirdparty.io.grpc.StatusRuntimeException: UNAVAILABLE: io exception
2025-10-10 10:40:28,584 [aa9634f0-8836-44d6-bc05-5b19fbdd93d5@group-813C05265458-LeaderElection301] INFO  impl.LeaderElection (LogUtils.java:infoOrTrace(142)) -   Exception 1: java.util.concurrent.ExecutionException: org.apache.ratis.thirdparty.io.grpc.StatusRuntimeException: UNAVAILABLE: io exception
2025-10-10 10:40:28,584 [aa9634f0-8836-44d6-bc05-5b19fbdd93d5@group-813C05265458-LeaderElection301] INFO  impl.LeaderElection (LeaderElection.java:askForVotes(450)) - aa9634f0-8836-44d6-bc05-5b19fbdd93d5@group-813C05265458-LeaderElection301 PRE_VOTE round 0: result REJECTED
2025-10-10 10:40:28,584 [aa9634f0-8836-44d6-bc05-5b19fbdd93d5@group-813C05265458-LeaderElection301] INFO  server.RaftServer$Division (RaftServerImpl.java:setRole(392)) - aa9634f0-8836-44d6-bc05-5b19fbdd93d5@group-813C05265458: changes role from CANDIDATE to FOLLOWER at term 1 for REJECTED
2025-10-10 10:40:28,584 [aa9634f0-8836-44d6-bc05-5b19fbdd93d5@group-813C05265458-LeaderElection301] INFO  impl.RoleInfo (RoleInfo.java:shutdownLeaderElection(141)) - aa9634f0-8836-44d6-bc05-5b19fbdd93d5: shutdown aa9634f0-8836-44d6-bc05-5b19fbdd93d5@group-813C05265458-LeaderElection301
2025-10-10 10:40:28,584 [aa9634f0-8836-44d6-bc05-5b19fbdd93d5@group-813C05265458-LeaderElection301] INFO  impl.RoleInfo (RoleInfo.java:updateAndGet(148)) - aa9634f0-8836-44d6-bc05-5b19fbdd93d5: start aa9634f0-8836-44d6-bc05-5b19fbdd93d5@group-813C05265458-FollowerState
2025-10-10 10:40:28,786 [ad892cb1-3002-4758-a303-de6f39da4dbc-ContainerReader-0] INFO  ozoneimpl.ContainerReader (ContainerReader.java:readVolume(147)) - Start to verify containers on volume /home/runner/work/ozone/ozone/hadoop-ozone/integration-test/target/test-dir/MiniOzoneClusterImpl-611c99c7-d47b-4433-a4ef-cd0a35b076ef/ozone-metadata/datanode-4/data-0/hdds
2025-10-10 10:40:28,789 [ad892cb1-3002-4758-a303-de6f39da4dbc-ContainerReader-0] WARN  helpers.KeyValueContainerUtil (KeyValueContainerUtil.java:populateContainerMetadata(329)) - Missing pendingDeleteBlockCount from metadata: recalculate them from block table
2025-10-10 10:40:28,792 [ad892cb1-3002-4758-a303-de6f39da4dbc-ContainerReader-0] WARN  helpers.KeyValueContainerUtil (KeyValueContainerUtil.java:populateContainerMetadata(329)) - Missing pendingDeleteBlockCount from metadata: recalculate them from block table
2025-10-10 10:40:28,793 [ad892cb1-3002-4758-a303-de6f39da4dbc-ContainerReader-0] INFO  ozoneimpl.ContainerReader (ContainerReader.java:readVolume(177)) - Finish verifying containers on volume /home/runner/work/ozone/ozone/hadoop-ozone/integration-test/target/test-dir/MiniOzoneClusterImpl-611c99c7-d47b-4433-a4ef-cd0a35b076ef/ozone-metadata/datanode-4/data-0/hdds
2025-10-10 10:40:28,793 [ad892cb1-3002-4758-a303-de6f39da4dbc-EndpointStateMachineTaskThread-/0.0.0.0:15002-0 ] INFO  ozoneimpl.OzoneContainer (OzoneContainer.java:buildContainerSet(370)) - Build ContainerSet costs 0s
2025-10-10 10:40:28,794 [ad892cb1-3002-4758-a303-de6f39da4dbc-EndpointStateMachineTaskThread-/0.0.0.0:15002-0 ] INFO  volume.ThrottledAsyncChecker (ThrottledAsyncChecker.java:schedule(138)) - Scheduling a check for /home/runner/work/ozone/ozone/hadoop-ozone/integration-test/target/test-dir/MiniOzoneClusterImpl-611c99c7-d47b-4433-a4ef-cd0a35b076ef/ozone-metadata/datanode-4/data-0/hdds
2025-10-10 10:40:28,794 [ad892cb1-3002-4758-a303-de6f39da4dbc-EndpointStateMachineTaskThread-/0.0.0.0:15002-0 ] INFO  volume.StorageVolumeChecker (StorageVolumeChecker.java:checkAllVolumes(231)) - Scheduled health check for volume /home/runner/work/ozone/ozone/hadoop-ozone/integration-test/target/test-dir/MiniOzoneClusterImpl-611c99c7-d47b-4433-a4ef-cd0a35b076ef/ozone-metadata/datanode-4/data-0/hdds
2025-10-10 10:40:28,798 [ad892cb1-3002-4758-a303-de6f39da4dbc-EndpointStateMachineTaskThread-/0.0.0.0:15002-0 ] INFO  volume.ThrottledAsyncChecker (ThrottledAsyncChecker.java:schedule(138)) - Scheduling a check for /home/runner/work/ozone/ozone/hadoop-ozone/integration-test/target/test-dir/MiniOzoneClusterImpl-611c99c7-d47b-4433-a4ef-cd0a35b076ef/ozone-metadata/datanode-4/ratis
2025-10-10 10:40:28,798 [ad892cb1-3002-4758-a303-de6f39da4dbc-EndpointStateMachineTaskThread-/0.0.0.0:15002-0 ] INFO  volume.StorageVolumeChecker (StorageVolumeChecker.java:checkAllVolumes(231)) - Scheduled health check for volume /home/runner/work/ozone/ozone/hadoop-ozone/integration-test/target/test-dir/MiniOzoneClusterImpl-611c99c7-d47b-4433-a4ef-cd0a35b076ef/ozone-metadata/datanode-4/ratis
2025-10-10 10:40:28,798 [ad892cb1-3002-4758-a303-de6f39da4dbc-EndpointStateMachineTaskThread-/0.0.0.0:15002-0 ] INFO  ozoneimpl.OzoneContainer (OzoneContainer.java:start(525)) - Attempting to start container services.
2025-10-10 10:40:28,800 [ContainerDataScanner(/home/runner/work/ozone/ozone/hadoop-ozone/integration-test/target/test-dir/MiniOzoneClusterImpl-611c99c7-d47b-4433-a4ef-cd0a35b076ef/ozone-metadata/datanode-4/data-0/hdds)] INFO  ozoneimpl.AbstractBackgroundContainerScanner (AbstractBackgroundContainerScanner.java:runIteration(89)) - Completed an iteration in 0 minutes. Number of iterations (since the data-node restart) : 1, Number of containers scanned in this iteration : 0, Number of unhealthy containers found in this iteration : 0
2025-10-10 10:40:28,800 [ad892cb1-3002-4758-a303-de6f39da4dbc-EndpointStateMachineTaskThread-/0.0.0.0:15002-0 ] INFO  replication.ReplicationServer (ReplicationServer.java:start(137)) - ReplicationServer is started using port 15041
2025-10-10 10:40:28,801 [ad892cb1-3002-4758-a303-de6f39da4dbc-EndpointStateMachineTaskThread-/0.0.0.0:15002-0 ] INFO  ratis.XceiverServerRatis (XceiverServerRatis.java:start(559)) - Starting XceiverServerRatis(ad892cb1-3002-4758-a303-de6f39da4dbc)
2025-10-10 10:40:28,802 [ContainerMetadataScanner] INFO  ozoneimpl.AbstractBackgroundContainerScanner (AbstractBackgroundContainerScanner.java:runIteration(89)) - Completed an iteration in 0 minutes. Number of iterations (since the data-node restart) : 1, Number of containers scanned in this iteration : 2, Number of unhealthy containers found in this iteration : 0
2025-10-10 10:40:28,803 [ad892cb1-3002-4758-a303-de6f39da4dbc-impl-thread2] INFO  storage.RaftStorageDirectory (RaftStorageDirectoryImpl.java:tryLock(229)) - Lock on /home/runner/work/ozone/ozone/hadoop-ozone/integration-test/target/test-dir/MiniOzoneClusterImpl-611c99c7-d47b-4433-a4ef-cd0a35b076ef/ozone-metadata/datanode-4/ratis/905307e5-fe9f-45a7-96e9-7fe9bf83969b/in_use.lock acquired by nodename 58401@localhost
2025-10-10 10:40:28,803 [ad892cb1-3002-4758-a303-de6f39da4dbc-impl-thread1] INFO  storage.RaftStorageDirectory (RaftStorageDirectoryImpl.java:tryLock(229)) - Lock on /home/runner/work/ozone/ozone/hadoop-ozone/integration-test/target/test-dir/MiniOzoneClusterImpl-611c99c7-d47b-4433-a4ef-cd0a35b076ef/ozone-metadata/datanode-4/ratis/e168346d-5e42-4d50-932e-f0bea0df345e/in_use.lock acquired by nodename 58401@localhost
2025-10-10 10:40:28,803 [ad892cb1-3002-4758-a303-de6f39da4dbc-impl-thread1] INFO  storage.RaftStorage (RaftStorageImpl.java:analyzeAndRecoverStorage(118)) - Read RaftStorageMetadata{term=1, votedFor=ad892cb1-3002-4758-a303-de6f39da4dbc} from /home/runner/work/ozone/ozone/hadoop-ozone/integration-test/target/test-dir/MiniOzoneClusterImpl-611c99c7-d47b-4433-a4ef-cd0a35b076ef/ozone-metadata/datanode-4/ratis/e168346d-5e42-4d50-932e-f0bea0df345e/current/raft-meta
2025-10-10 10:40:28,803 [ad892cb1-3002-4758-a303-de6f39da4dbc-impl-thread3] INFO  storage.RaftStorageDirectory (RaftStorageDirectoryImpl.java:tryLock(229)) - Lock on /home/runner/work/ozone/ozone/hadoop-ozone/integration-test/target/test-dir/MiniOzoneClusterImpl-611c99c7-d47b-4433-a4ef-cd0a35b076ef/ozone-metadata/datanode-4/ratis/646a14ee-6b5e-4675-bb4e-4e13145afca4/in_use.lock acquired by nodename 58401@localhost
2025-10-10 10:40:28,804 [ad892cb1-3002-4758-a303-de6f39da4dbc-impl-thread1] INFO  server.RaftServer$Division (ServerState.java:setRaftConf(386)) - ad892cb1-3002-4758-a303-de6f39da4dbc@group-F0BEA0DF345E: set configuration conf: {index: 0, cur=peers:[ad892cb1-3002-4758-a303-de6f39da4dbc|127.0.0.1:15039]|listeners:[], old=null}
2025-10-10 10:40:28,803 [ad892cb1-3002-4758-a303-de6f39da4dbc-impl-thread2] INFO  storage.RaftStorage (RaftStorageImpl.java:analyzeAndRecoverStorage(118)) - Read RaftStorageMetadata{term=1, votedFor=22d9c8a1-4559-44b0-a4af-9630f79f1f05} from /home/runner/work/ozone/ozone/hadoop-ozone/integration-test/target/test-dir/MiniOzoneClusterImpl-611c99c7-d47b-4433-a4ef-cd0a35b076ef/ozone-metadata/datanode-4/ratis/905307e5-fe9f-45a7-96e9-7fe9bf83969b/current/raft-meta
2025-10-10 10:40:28,804 [ad892cb1-3002-4758-a303-de6f39da4dbc-impl-thread2] INFO  server.RaftServer$Division (ServerState.java:setRaftConf(386)) - ad892cb1-3002-4758-a303-de6f39da4dbc@group-7FE9BF83969B: set configuration conf: {index: 0, cur=peers:[9ab71813-e86f-4276-8581-297fed06961e|127.0.0.1:15047, ad892cb1-3002-4758-a303-de6f39da4dbc|127.0.0.1:15039, 22d9c8a1-4559-44b0-a4af-9630f79f1f05|127.0.0.1:15055]|listeners:[], old=null}
2025-10-10 10:40:28,804 [ad892cb1-3002-4758-a303-de6f39da4dbc-impl-thread2] INFO  ratis.ContainerStateMachine (ContainerStateMachine.java:initialize(339)) - ad892cb1-3002-4758-a303-de6f39da4dbc: initialize group-7FE9BF83969B
2025-10-10 10:40:28,804 [ad892cb1-3002-4758-a303-de6f39da4dbc-impl-thread3] INFO  storage.RaftStorage (RaftStorageImpl.java:analyzeAndRecoverStorage(118)) - Read RaftStorageMetadata{term=1, votedFor=ad892cb1-3002-4758-a303-de6f39da4dbc} from /home/runner/work/ozone/ozone/hadoop-ozone/integration-test/target/test-dir/MiniOzoneClusterImpl-611c99c7-d47b-4433-a4ef-cd0a35b076ef/ozone-metadata/datanode-4/ratis/646a14ee-6b5e-4675-bb4e-4e13145afca4/current/raft-meta
2025-10-10 10:40:28,804 [ad892cb1-3002-4758-a303-de6f39da4dbc-impl-thread2] INFO  ratis.ContainerStateMachine (ContainerStateMachine.java:loadSnapshot(356)) - group-7FE9BF83969B: Setting the last applied index to (t:1, i:12)
2025-10-10 10:40:28,804 [ad892cb1-3002-4758-a303-de6f39da4dbc-impl-thread3] INFO  server.RaftServer$Division (ServerState.java:setRaftConf(386)) - ad892cb1-3002-4758-a303-de6f39da4dbc@group-4E13145AFCA4: set configuration conf: {index: 0, cur=peers:[9ab71813-e86f-4276-8581-297fed06961e|127.0.0.1:15047, ad892cb1-3002-4758-a303-de6f39da4dbc|127.0.0.1:15039, 22d9c8a1-4559-44b0-a4af-9630f79f1f05|127.0.0.1:15055]|listeners:[], old=null}
2025-10-10 10:40:28,804 [ad892cb1-3002-4758-a303-de6f39da4dbc-impl-thread3] INFO  ratis.ContainerStateMachine (ContainerStateMachine.java:initialize(339)) - ad892cb1-3002-4758-a303-de6f39da4dbc: initialize group-4E13145AFCA4
2025-10-10 10:40:28,804 [ad892cb1-3002-4758-a303-de6f39da4dbc-impl-thread3] INFO  ratis.ContainerStateMachine (ContainerStateMachine.java:loadSnapshot(356)) - group-4E13145AFCA4: Setting the last applied index to (t:1, i:0)
2025-10-10 10:40:28,804 [ad892cb1-3002-4758-a303-de6f39da4dbc-impl-thread1] INFO  ratis.ContainerStateMachine (ContainerStateMachine.java:initialize(339)) - ad892cb1-3002-4758-a303-de6f39da4dbc: initialize group-F0BEA0DF345E
2025-10-10 10:40:28,804 [ad892cb1-3002-4758-a303-de6f39da4dbc-impl-thread3] INFO  server.RaftServerConfigKeys (ConfUtils.java:logGet(62)) - raft.server.log.appender.buffer.byte-limit = 33554432 (custom)
2025-10-10 10:40:28,804 [ad892cb1-3002-4758-a303-de6f39da4dbc-impl-thread2] INFO  server.RaftServerConfigKeys (ConfUtils.java:logGet(62)) - raft.server.log.appender.buffer.byte-limit = 33554432 (custom)
2025-10-10 10:40:28,804 [ad892cb1-3002-4758-a303-de6f39da4dbc-impl-thread1] INFO  ratis.ContainerStateMachine (ContainerStateMachine.java:loadSnapshot(356)) - group-F0BEA0DF345E: Setting the last applied index to (t:1, i:0)
2025-10-10 10:40:28,806 [ad892cb1-3002-4758-a303-de6f39da4dbc-impl-thread1] INFO  server.RaftServerConfigKeys (ConfUtils.java:logGet(62)) - raft.server.log.appender.buffer.byte-limit = 33554432 (custom)
2025-10-10 10:40:28,813 [ad892cb1-3002-4758-a303-de6f39da4dbc-impl-thread3] INFO  server.RaftServerConfigKeys (ConfUtils.java:logGet(62)) - raft.server.log.segment.size.max = 67108864 (custom)
2025-10-10 10:40:28,815 [ad892cb1-3002-4758-a303-de6f39da4dbc-impl-thread3] INFO  server.RaftServerConfigKeys (ConfUtils.java:logGet(62)) - raft.server.log.appender.buffer.byte-limit = 33554432 (custom)
2025-10-10 10:40:28,816 [ad892cb1-3002-4758-a303-de6f39da4dbc-impl-thread1] INFO  server.RaftServerConfigKeys (ConfUtils.java:logGet(62)) - raft.server.log.segment.size.max = 67108864 (custom)
2025-10-10 10:40:28,816 [ad892cb1-3002-4758-a303-de6f39da4dbc-impl-thread2] INFO  server.RaftServerConfigKeys (ConfUtils.java:logGet(62)) - raft.server.log.segment.size.max = 67108864 (custom)
2025-10-10 10:40:28,816 [ad892cb1-3002-4758-a303-de6f39da4dbc-impl-thread3] INFO  util.AwaitToRun (AwaitToRun.java:start(81)) - Thread[#3705,ad892cb1-3002-4758-a303-de6f39da4dbc@group-4E13145AFCA4-cacheEviction-AwaitToRun,5,main] started
2025-10-10 10:40:28,816 [ad892cb1-3002-4758-a303-de6f39da4dbc-impl-thread3] INFO  segmented.SegmentedRaftLogWorker (SegmentedRaftLogWorker.java:<init>(190)) - new ad892cb1-3002-4758-a303-de6f39da4dbc@group-4E13145AFCA4-SegmentedRaftLogWorker for RaftStorageImpl:Storage Directory /home/runner/work/ozone/ozone/hadoop-ozone/integration-test/target/test-dir/MiniOzoneClusterImpl-611c99c7-d47b-4433-a4ef-cd0a35b076ef/ozone-metadata/datanode-4/ratis/646a14ee-6b5e-4675-bb4e-4e13145afca4
2025-10-10 10:40:28,816 [ad892cb1-3002-4758-a303-de6f39da4dbc-impl-thread3] INFO  server.RaftServerConfigKeys (ConfUtils.java:logGet(62)) - raft.server.log.queue.byte-limit = 4294967296 (custom)
2025-10-10 10:40:28,816 [ad892cb1-3002-4758-a303-de6f39da4dbc-impl-thread3] INFO  server.RaftServerConfigKeys (ConfUtils.java:logGet(62)) - raft.server.log.segment.size.max = 67108864 (custom)
2025-10-10 10:40:28,816 [ad892cb1-3002-4758-a303-de6f39da4dbc-impl-thread3] INFO  server.RaftServerConfigKeys (ConfUtils.java:logGet(62)) - raft.server.log.preallocated.size = 4194304 (custom)
2025-10-10 10:40:28,816 [ad892cb1-3002-4758-a303-de6f39da4dbc-impl-thread2] INFO  server.RaftServerConfigKeys (ConfUtils.java:logGet(62)) - raft.server.log.appender.buffer.byte-limit = 33554432 (custom)
2025-10-10 10:40:28,817 [ad892cb1-3002-4758-a303-de6f39da4dbc-impl-thread2] INFO  util.AwaitToRun (AwaitToRun.java:start(81)) - Thread[#3706,ad892cb1-3002-4758-a303-de6f39da4dbc@group-7FE9BF83969B-cacheEviction-AwaitToRun,5,main] started
2025-10-10 10:40:28,817 [ad892cb1-3002-4758-a303-de6f39da4dbc-impl-thread2] INFO  segmented.SegmentedRaftLogWorker (SegmentedRaftLogWorker.java:<init>(190)) - new ad892cb1-3002-4758-a303-de6f39da4dbc@group-7FE9BF83969B-SegmentedRaftLogWorker for RaftStorageImpl:Storage Directory /home/runner/work/ozone/ozone/hadoop-ozone/integration-test/target/test-dir/MiniOzoneClusterImpl-611c99c7-d47b-4433-a4ef-cd0a35b076ef/ozone-metadata/datanode-4/ratis/905307e5-fe9f-45a7-96e9-7fe9bf83969b
2025-10-10 10:40:28,817 [ad892cb1-3002-4758-a303-de6f39da4dbc-impl-thread2] INFO  server.RaftServerConfigKeys (ConfUtils.java:logGet(62)) - raft.server.log.queue.byte-limit = 4294967296 (custom)
2025-10-10 10:40:28,817 [ad892cb1-3002-4758-a303-de6f39da4dbc-impl-thread2] INFO  server.RaftServerConfigKeys (ConfUtils.java:logGet(62)) - raft.server.log.segment.size.max = 67108864 (custom)
2025-10-10 10:40:28,817 [ad892cb1-3002-4758-a303-de6f39da4dbc-impl-thread2] INFO  server.RaftServerConfigKeys (ConfUtils.java:logGet(62)) - raft.server.log.preallocated.size = 4194304 (custom)
2025-10-10 10:40:28,817 [ad892cb1-3002-4758-a303-de6f39da4dbc-impl-thread3] INFO  server.RaftServerConfigKeys (ConfUtils.java:logGet(62)) - raft.server.log.write.buffer.size = 33554440 (custom)
2025-10-10 10:40:28,817 [ad892cb1-3002-4758-a303-de6f39da4dbc-impl-thread2] INFO  server.RaftServerConfigKeys (ConfUtils.java:logGet(62)) - raft.server.log.write.buffer.size = 33554440 (custom)
2025-10-10 10:40:28,818 [ad892cb1-3002-4758-a303-de6f39da4dbc-impl-thread1] INFO  server.RaftServerConfigKeys (ConfUtils.java:logGet(62)) - raft.server.log.appender.buffer.byte-limit = 33554432 (custom)
2025-10-10 10:40:28,819 [ad892cb1-3002-4758-a303-de6f39da4dbc-impl-thread1] INFO  util.AwaitToRun (AwaitToRun.java:start(81)) - Thread[#3707,ad892cb1-3002-4758-a303-de6f39da4dbc@group-F0BEA0DF345E-cacheEviction-AwaitToRun,5,main] started
2025-10-10 10:40:28,819 [ad892cb1-3002-4758-a303-de6f39da4dbc-impl-thread1] INFO  segmented.SegmentedRaftLogWorker (SegmentedRaftLogWorker.java:<init>(190)) - new ad892cb1-3002-4758-a303-de6f39da4dbc@group-F0BEA0DF345E-SegmentedRaftLogWorker for RaftStorageImpl:Storage Directory /home/runner/work/ozone/ozone/hadoop-ozone/integration-test/target/test-dir/MiniOzoneClusterImpl-611c99c7-d47b-4433-a4ef-cd0a35b076ef/ozone-metadata/datanode-4/ratis/e168346d-5e42-4d50-932e-f0bea0df345e
2025-10-10 10:40:28,820 [ad892cb1-3002-4758-a303-de6f39da4dbc-impl-thread1] INFO  server.RaftServerConfigKeys (ConfUtils.java:logGet(62)) - raft.server.log.queue.byte-limit = 4294967296 (custom)
2025-10-10 10:40:28,820 [ad892cb1-3002-4758-a303-de6f39da4dbc-impl-thread1] INFO  server.RaftServerConfigKeys (ConfUtils.java:logGet(62)) - raft.server.log.segment.size.max = 67108864 (custom)
2025-10-10 10:40:28,820 [ad892cb1-3002-4758-a303-de6f39da4dbc-impl-thread1] INFO  server.RaftServerConfigKeys (ConfUtils.java:logGet(62)) - raft.server.log.preallocated.size = 4194304 (custom)
2025-10-10 10:40:28,821 [ad892cb1-3002-4758-a303-de6f39da4dbc-impl-thread1] INFO  server.RaftServerConfigKeys (ConfUtils.java:logGet(62)) - raft.server.log.write.buffer.size = 33554440 (custom)
2025-10-10 10:40:28,824 [ad892cb1-3002-4758-a303-de6f39da4dbc-impl-thread3] INFO  server.RaftServerConfigKeys (ConfUtils.java:logGet(62)) - raft.server.log.appender.buffer.byte-limit = 33554432 (custom)
2025-10-10 10:40:28,824 [ad892cb1-3002-4758-a303-de6f39da4dbc-impl-thread2] INFO  server.RaftServerConfigKeys (ConfUtils.java:logGet(62)) - raft.server.log.appender.buffer.byte-limit = 33554432 (custom)
2025-10-10 10:40:28,825 [ad892cb1-3002-4758-a303-de6f39da4dbc-impl-thread2] INFO  server.RaftServer$Division (ServerState.java:setRaftConf(386)) - ad892cb1-3002-4758-a303-de6f39da4dbc@group-7FE9BF83969B: set configuration conf: {index: 0, cur=peers:[9ab71813-e86f-4276-8581-297fed06961e|127.0.0.1:15047, ad892cb1-3002-4758-a303-de6f39da4dbc|127.0.0.1:15039, 22d9c8a1-4559-44b0-a4af-9630f79f1f05|127.0.0.1:15055]|listeners:[], old=null}
2025-10-10 10:40:28,826 [ad892cb1-3002-4758-a303-de6f39da4dbc-impl-thread2] INFO  segmented.LogSegment (LogSegment.java:loadSegment(171)) - Successfully read 14 entries from segment file /home/runner/work/ozone/ozone/hadoop-ozone/integration-test/target/test-dir/MiniOzoneClusterImpl-611c99c7-d47b-4433-a4ef-cd0a35b076ef/ozone-metadata/datanode-4/ratis/905307e5-fe9f-45a7-96e9-7fe9bf83969b/current/log_inprogress_0
2025-10-10 10:40:28,826 [ad892cb1-3002-4758-a303-de6f39da4dbc-impl-thread2] INFO  segmented.SegmentedRaftLogWorker (SegmentedRaftLogWorker.java:lambda$new$0(141)) - ad892cb1-3002-4758-a303-de6f39da4dbc@group-7FE9BF83969B-SegmentedRaftLogWorker: flushIndex: setUnconditionally 0 -> 13
2025-10-10 10:40:28,826 [ad892cb1-3002-4758-a303-de6f39da4dbc-impl-thread2] INFO  segmented.SegmentedRaftLogWorker (SegmentedRaftLogWorker.java:lambda$new$0(141)) - ad892cb1-3002-4758-a303-de6f39da4dbc@group-7FE9BF83969B-SegmentedRaftLogWorker: safeCacheEvictIndex: setUnconditionally 0 -> -1
2025-10-10 10:40:28,826 [ad892cb1-3002-4758-a303-de6f39da4dbc-impl-thread2] INFO  segmented.BufferedWriteChannel (BufferedWriteChannel.java:open(61)) - open log_inprogress_0 (append) at position 5384
2025-10-10 10:40:28,825 [ad892cb1-3002-4758-a303-de6f39da4dbc-impl-thread3] INFO  server.RaftServer$Division (ServerState.java:setRaftConf(386)) - ad892cb1-3002-4758-a303-de6f39da4dbc@group-4E13145AFCA4: set configuration conf: {index: 0, cur=peers:[9ab71813-e86f-4276-8581-297fed06961e|127.0.0.1:15047, ad892cb1-3002-4758-a303-de6f39da4dbc|127.0.0.1:15039, 22d9c8a1-4559-44b0-a4af-9630f79f1f05|127.0.0.1:15055]|listeners:[], old=null}
2025-10-10 10:40:28,826 [ad892cb1-3002-4758-a303-de6f39da4dbc-impl-thread3] INFO  segmented.LogSegment (LogSegment.java:loadSegment(171)) - Successfully read 1 entries from segment file /home/runner/work/ozone/ozone/hadoop-ozone/integration-test/target/test-dir/MiniOzoneClusterImpl-611c99c7-d47b-4433-a4ef-cd0a35b076ef/ozone-metadata/datanode-4/ratis/646a14ee-6b5e-4675-bb4e-4e13145afca4/current/log_inprogress_0
2025-10-10 10:40:28,827 [ad892cb1-3002-4758-a303-de6f39da4dbc-impl-thread3] INFO  segmented.SegmentedRaftLogWorker (SegmentedRaftLogWorker.java:lambda$new$0(141)) - ad892cb1-3002-4758-a303-de6f39da4dbc@group-4E13145AFCA4-SegmentedRaftLogWorker: safeCacheEvictIndex: setUnconditionally 0 -> -1
2025-10-10 10:40:28,827 [ad892cb1-3002-4758-a303-de6f39da4dbc-impl-thread3] INFO  segmented.BufferedWriteChannel (BufferedWriteChannel.java:open(61)) - open log_inprogress_0 (append) at position 351
2025-10-10 10:40:28,827 [ad892cb1-3002-4758-a303-de6f39da4dbc-impl-thread2] INFO  server.RaftServer$Division (RaftServerImpl.java:start(405)) - ad892cb1-3002-4758-a303-de6f39da4dbc@group-7FE9BF83969B: start as a follower, conf=conf: {index: 0, cur=peers:[9ab71813-e86f-4276-8581-297fed06961e|127.0.0.1:15047, ad892cb1-3002-4758-a303-de6f39da4dbc|127.0.0.1:15039, 22d9c8a1-4559-44b0-a4af-9630f79f1f05|127.0.0.1:15055]|listeners:[], old=null}
2025-10-10 10:40:28,828 [ad892cb1-3002-4758-a303-de6f39da4dbc-impl-thread2] INFO  server.RaftServer$Division (RaftServerImpl.java:setRole(392)) - ad892cb1-3002-4758-a303-de6f39da4dbc@group-7FE9BF83969B: changes role from      null to FOLLOWER at term 1 for startAsFollower
2025-10-10 10:40:28,828 [ad892cb1-3002-4758-a303-de6f39da4dbc-impl-thread2] INFO  impl.RoleInfo (RoleInfo.java:updateAndGet(148)) - ad892cb1-3002-4758-a303-de6f39da4dbc: start ad892cb1-3002-4758-a303-de6f39da4dbc@group-7FE9BF83969B-FollowerState
2025-10-10 10:40:28,828 [ad892cb1-3002-4758-a303-de6f39da4dbc-impl-thread3] INFO  server.RaftServer$Division (RaftServerImpl.java:start(405)) - ad892cb1-3002-4758-a303-de6f39da4dbc@group-4E13145AFCA4: start as a follower, conf=conf: {index: 0, cur=peers:[9ab71813-e86f-4276-8581-297fed06961e|127.0.0.1:15047, ad892cb1-3002-4758-a303-de6f39da4dbc|127.0.0.1:15039, 22d9c8a1-4559-44b0-a4af-9630f79f1f05|127.0.0.1:15055]|listeners:[], old=null}
2025-10-10 10:40:28,828 [ad892cb1-3002-4758-a303-de6f39da4dbc-impl-thread3] INFO  server.RaftServer$Division (RaftServerImpl.java:setRole(392)) - ad892cb1-3002-4758-a303-de6f39da4dbc@group-4E13145AFCA4: changes role from      null to FOLLOWER at term 1 for startAsFollower
2025-10-10 10:40:28,828 [ad892cb1-3002-4758-a303-de6f39da4dbc-impl-thread3] INFO  impl.RoleInfo (RoleInfo.java:updateAndGet(148)) - ad892cb1-3002-4758-a303-de6f39da4dbc: start ad892cb1-3002-4758-a303-de6f39da4dbc@group-4E13145AFCA4-FollowerState
2025-10-10 10:40:28,828 [ad892cb1-3002-4758-a303-de6f39da4dbc-impl-thread3] INFO  util.JmxRegister (JmxRegister.java:tryRegister(44)) - Successfully registered JMX Bean with object name Ratis:service=RaftServer,group=group-4E13145AFCA4,id=ad892cb1-3002-4758-a303-de6f39da4dbc
2025-10-10 10:40:28,829 [ad892cb1-3002-4758-a303-de6f39da4dbc-impl-thread3] INFO  util.JmxRegister (JmxRegister.java:register(58)) - register mxBean class org.apache.ratis.server.impl.RaftServerJmxAdapter as Ratis:service=RaftServer,group=group-4E13145AFCA4,id=ad892cb1-3002-4758-a303-de6f39da4dbc
2025-10-10 10:40:28,829 [ad892cb1-3002-4758-a303-de6f39da4dbc-impl-thread1] INFO  server.RaftServerConfigKeys (ConfUtils.java:logGet(62)) - raft.server.log.appender.buffer.byte-limit = 33554432 (custom)
2025-10-10 10:40:28,829 [ad892cb1-3002-4758-a303-de6f39da4dbc-impl-thread2] INFO  util.JmxRegister (JmxRegister.java:tryRegister(44)) - Successfully registered JMX Bean with object name Ratis:service=RaftServer,group=group-7FE9BF83969B,id=ad892cb1-3002-4758-a303-de6f39da4dbc
2025-10-10 10:40:28,829 [ad892cb1-3002-4758-a303-de6f39da4dbc-impl-thread2] INFO  util.JmxRegister (JmxRegister.java:register(58)) - register mxBean class org.apache.ratis.server.impl.RaftServerJmxAdapter as Ratis:service=RaftServer,group=group-7FE9BF83969B,id=ad892cb1-3002-4758-a303-de6f39da4dbc
2025-10-10 10:40:28,829 [ad892cb1-3002-4758-a303-de6f39da4dbc-impl-thread1] INFO  server.RaftServer$Division (ServerState.java:setRaftConf(386)) - ad892cb1-3002-4758-a303-de6f39da4dbc@group-F0BEA0DF345E: set configuration conf: {index: 0, cur=peers:[ad892cb1-3002-4758-a303-de6f39da4dbc|127.0.0.1:15039]|listeners:[], old=null}
2025-10-10 10:40:28,829 [ad892cb1-3002-4758-a303-de6f39da4dbc-impl-thread1] INFO  segmented.LogSegment (LogSegment.java:loadSegment(171)) - Successfully read 1 entries from segment file /home/runner/work/ozone/ozone/hadoop-ozone/integration-test/target/test-dir/MiniOzoneClusterImpl-611c99c7-d47b-4433-a4ef-cd0a35b076ef/ozone-metadata/datanode-4/ratis/e168346d-5e42-4d50-932e-f0bea0df345e/current/log_inprogress_0
2025-10-10 10:40:28,829 [ad892cb1-3002-4758-a303-de6f39da4dbc-impl-thread1] INFO  segmented.SegmentedRaftLogWorker (SegmentedRaftLogWorker.java:lambda$new$0(141)) - ad892cb1-3002-4758-a303-de6f39da4dbc@group-F0BEA0DF345E-SegmentedRaftLogWorker: safeCacheEvictIndex: setUnconditionally 0 -> -1
2025-10-10 10:40:28,829 [ad892cb1-3002-4758-a303-de6f39da4dbc-impl-thread1] INFO  segmented.BufferedWriteChannel (BufferedWriteChannel.java:open(61)) - open log_inprogress_0 (append) at position 129
2025-10-10 10:40:28,830 [ad892cb1-3002-4758-a303-de6f39da4dbc-impl-thread1] INFO  server.RaftServer$Division (RaftServerImpl.java:start(405)) - ad892cb1-3002-4758-a303-de6f39da4dbc@group-F0BEA0DF345E: start as a follower, conf=conf: {index: 0, cur=peers:[ad892cb1-3002-4758-a303-de6f39da4dbc|127.0.0.1:15039]|listeners:[], old=null}
2025-10-10 10:40:28,830 [ad892cb1-3002-4758-a303-de6f39da4dbc-impl-thread1] INFO  server.RaftServer$Division (RaftServerImpl.java:setRole(392)) - ad892cb1-3002-4758-a303-de6f39da4dbc@group-F0BEA0DF345E: changes role from      null to FOLLOWER at term 1 for startAsFollower
2025-10-10 10:40:28,830 [ad892cb1-3002-4758-a303-de6f39da4dbc-impl-thread1] INFO  impl.RoleInfo (RoleInfo.java:updateAndGet(148)) - ad892cb1-3002-4758-a303-de6f39da4dbc: start ad892cb1-3002-4758-a303-de6f39da4dbc@group-F0BEA0DF345E-FollowerState
2025-10-10 10:40:28,830 [ad892cb1-3002-4758-a303-de6f39da4dbc-impl-thread1] INFO  util.JmxRegister (JmxRegister.java:tryRegister(44)) - Successfully registered JMX Bean with object name Ratis:service=RaftServer,group=group-F0BEA0DF345E,id=ad892cb1-3002-4758-a303-de6f39da4dbc
2025-10-10 10:40:28,830 [ad892cb1-3002-4758-a303-de6f39da4dbc-impl-thread1] INFO  util.JmxRegister (JmxRegister.java:register(58)) - register mxBean class org.apache.ratis.server.impl.RaftServerJmxAdapter as Ratis:service=RaftServer,group=group-F0BEA0DF345E,id=ad892cb1-3002-4758-a303-de6f39da4dbc
2025-10-10 10:40:28,830 [ad892cb1-3002-4758-a303-de6f39da4dbc-impl-thread3] INFO  server.RaftServer$Division (RaftServerImpl.java:start(419)) - ad892cb1-3002-4758-a303-de6f39da4dbc@group-4E13145AFCA4: Successfully started.
2025-10-10 10:40:28,831 [ad892cb1-3002-4758-a303-de6f39da4dbc-impl-thread2] INFO  server.RaftServer$Division (RaftServerImpl.java:start(419)) - ad892cb1-3002-4758-a303-de6f39da4dbc@group-7FE9BF83969B: Successfully started.
2025-10-10 10:40:28,831 [ad892cb1-3002-4758-a303-de6f39da4dbc-impl-thread1] INFO  server.RaftServer$Division (RaftServerImpl.java:start(419)) - ad892cb1-3002-4758-a303-de6f39da4dbc@group-F0BEA0DF345E: Successfully started.
2025-10-10 10:40:28,831 [ad892cb1-3002-4758-a303-de6f39da4dbc-EndpointStateMachineTaskThread-/0.0.0.0:15002-0 ] INFO  server.RaftServer (RaftServerProxy.java:startImpl(412)) - ad892cb1-3002-4758-a303-de6f39da4dbc: start RPC server
2025-10-10 10:40:28,832 [ad892cb1-3002-4758-a303-de6f39da4dbc-EndpointStateMachineTaskThread-/0.0.0.0:15002-0 ] INFO  server.GrpcServicesImpl (GrpcServicesImpl.java:startImpl(346)) - ad892cb1-3002-4758-a303-de6f39da4dbc: GrpcServicesImpl started, listening on 15037
2025-10-10 10:40:28,832 [ad892cb1-3002-4758-a303-de6f39da4dbc-EndpointStateMachineTaskThread-/0.0.0.0:15002-0 ] INFO  server.GrpcServicesImpl (GrpcServicesImpl.java:startImpl(346)) - ad892cb1-3002-4758-a303-de6f39da4dbc: GrpcServicesImpl started, listening on 15039
2025-10-10 10:40:28,832 [ad892cb1-3002-4758-a303-de6f39da4dbc-EndpointStateMachineTaskThread-/0.0.0.0:15002-0 ] INFO  server.GrpcServicesImpl (GrpcServicesImpl.java:startImpl(346)) - ad892cb1-3002-4758-a303-de6f39da4dbc: GrpcServicesImpl started, listening on 15038
2025-10-10 10:40:28,832 [ad892cb1-3002-4758-a303-de6f39da4dbc-EndpointStateMachineTaskThread-/0.0.0.0:15002-0 ] INFO  ratis.XceiverServerRatis (XceiverServerRatis.java:getRealPort(586)) - XceiverServerRatis(ad892cb1-3002-4758-a303-de6f39da4dbc) is started using port RATIS=15037
2025-10-10 10:40:28,832 [ad892cb1-3002-4758-a303-de6f39da4dbc-EndpointStateMachineTaskThread-/0.0.0.0:15002-0 ] INFO  ratis.XceiverServerRatis (XceiverServerRatis.java:getRealPort(586)) - XceiverServerRatis(ad892cb1-3002-4758-a303-de6f39da4dbc) is started using port RATIS_ADMIN=15038
2025-10-10 10:40:28,832 [ad892cb1-3002-4758-a303-de6f39da4dbc-EndpointStateMachineTaskThread-/0.0.0.0:15002-0 ] INFO  ratis.XceiverServerRatis (XceiverServerRatis.java:getRealPort(586)) - XceiverServerRatis(ad892cb1-3002-4758-a303-de6f39da4dbc) is started using port RATIS_SERVER=15039
2025-10-10 10:40:28,832 [JvmPauseMonitor19] INFO  util.JvmPauseMonitor (JvmPauseMonitor.java:run(146)) - JvmPauseMonitor-ad892cb1-3002-4758-a303-de6f39da4dbc: Started
2025-10-10 10:40:28,832 [ad892cb1-3002-4758-a303-de6f39da4dbc-EndpointStateMachineTaskThread-/0.0.0.0:15002-0 ] INFO  ratis.XceiverServerRatis (XceiverServerRatis.java:getRealPort(586)) - XceiverServerRatis(ad892cb1-3002-4758-a303-de6f39da4dbc) is started using port RATIS_DATASTREAM=15040
2025-10-10 10:40:28,833 [ad892cb1-3002-4758-a303-de6f39da4dbc-EndpointStateMachineTaskThread-/0.0.0.0:15002-0 ] INFO  utils.BackgroundService (BackgroundService.java:start(119)) - Starting service BlockDeletingService with interval 60000 milliseconds
2025-10-10 10:40:28,833 [ad892cb1-3002-4758-a303-de6f39da4dbc-EndpointStateMachineTaskThread-/0.0.0.0:15002-0 ] INFO  utils.BackgroundService (BackgroundService.java:start(119)) - Starting service StaleRecoveringContainerScrubbingService with interval 60000 milliseconds
2025-10-10 10:40:29,588 [36185c6b-22ce-45d1-a622-3a6b487a5a53@group-813C05265458-FollowerState] INFO  impl.FollowerState (FollowerState.java:runImpl(161)) - 36185c6b-22ce-45d1-a622-3a6b487a5a53@group-813C05265458-FollowerState: change to CANDIDATE, lastRpcElapsedTime:1081583353ns, electionTimeout:1081ms
2025-10-10 10:40:29,588 [36185c6b-22ce-45d1-a622-3a6b487a5a53@group-813C05265458-FollowerState] INFO  impl.RoleInfo (RoleInfo.java:shutdownFollowerState(121)) - 36185c6b-22ce-45d1-a622-3a6b487a5a53: shutdown 36185c6b-22ce-45d1-a622-3a6b487a5a53@group-813C05265458-FollowerState
2025-10-10 10:40:29,588 [36185c6b-22ce-45d1-a622-3a6b487a5a53@group-813C05265458-FollowerState] INFO  server.RaftServer$Division (RaftServerImpl.java:setRole(392)) - 36185c6b-22ce-45d1-a622-3a6b487a5a53@group-813C05265458: changes role from  FOLLOWER to CANDIDATE at term 1 for changeToCandidate
2025-10-10 10:40:29,588 [36185c6b-22ce-45d1-a622-3a6b487a5a53@group-813C05265458-FollowerState] INFO  impl.RoleInfo (RoleInfo.java:updateAndGet(148)) - 36185c6b-22ce-45d1-a622-3a6b487a5a53: start 36185c6b-22ce-45d1-a622-3a6b487a5a53@group-813C05265458-LeaderElection302
2025-10-10 10:40:29,588 [36185c6b-22ce-45d1-a622-3a6b487a5a53@group-813C05265458-LeaderElection302] INFO  impl.LeaderElection (LeaderElection.java:askForVotes(448)) - 36185c6b-22ce-45d1-a622-3a6b487a5a53@group-813C05265458-LeaderElection302 PRE_VOTE round 0: submit vote requests at term 1 for conf: {index: 0, cur=peers:[aa9634f0-8836-44d6-bc05-5b19fbdd93d5|127.0.0.1:15063, 36185c6b-22ce-45d1-a622-3a6b487a5a53|127.0.0.1:15071, 895d447a-5476-42e4-b2fa-6eb687701d46|127.0.0.1:15079]|listeners:[], old=null}
2025-10-10 10:40:29,590 [grpc-default-executor-1] INFO  server.RaftServer$Division (RaftServerImpl.java:requestVote(1421)) - aa9634f0-8836-44d6-bc05-5b19fbdd93d5@group-813C05265458: receive requestVote(PRE_VOTE, 36185c6b-22ce-45d1-a622-3a6b487a5a53, group-813C05265458, 1, (t:1, i:0))
2025-10-10 10:40:29,590 [grpc-default-executor-10] INFO  server.RaftServer$Division (RaftServerImpl.java:requestVote(1421)) - 895d447a-5476-42e4-b2fa-6eb687701d46@group-813C05265458: receive requestVote(PRE_VOTE, 36185c6b-22ce-45d1-a622-3a6b487a5a53, group-813C05265458, 1, (t:1, i:0))
2025-10-10 10:40:29,590 [grpc-default-executor-10] INFO  impl.VoteContext (VoteContext.java:log(49)) - 895d447a-5476-42e4-b2fa-6eb687701d46@group-813C05265458-FOLLOWER: accept PRE_VOTE from 36185c6b-22ce-45d1-a622-3a6b487a5a53: our priority 0 <= candidate's priority 0
2025-10-10 10:40:29,590 [grpc-default-executor-1] INFO  impl.VoteContext (VoteContext.java:log(49)) - aa9634f0-8836-44d6-bc05-5b19fbdd93d5@group-813C05265458-FOLLOWER: reject PRE_VOTE from 36185c6b-22ce-45d1-a622-3a6b487a5a53: our priority 1 > candidate's priority 0
2025-10-10 10:40:29,590 [grpc-default-executor-10] INFO  server.RaftServer$Division (RaftServerImpl.java:requestVote(1455)) - 895d447a-5476-42e4-b2fa-6eb687701d46@group-813C05265458 replies to PRE_VOTE vote request: 36185c6b-22ce-45d1-a622-3a6b487a5a53<-895d447a-5476-42e4-b2fa-6eb687701d46#0:OK-t1-last:(t:1, i:0). Peer's state: 895d447a-5476-42e4-b2fa-6eb687701d46@group-813C05265458:t1, leader=null, voted=aa9634f0-8836-44d6-bc05-5b19fbdd93d5, raftlog=Memoized:895d447a-5476-42e4-b2fa-6eb687701d46@group-813C05265458-SegmentedRaftLog:OPENED:c0:last(t:1, i:0), conf=conf: {index: 0, cur=peers:[aa9634f0-8836-44d6-bc05-5b19fbdd93d5|127.0.0.1:15063, 36185c6b-22ce-45d1-a622-3a6b487a5a53|127.0.0.1:15071, 895d447a-5476-42e4-b2fa-6eb687701d46|127.0.0.1:15079]|listeners:[], old=null}
2025-10-10 10:40:29,590 [grpc-default-executor-1] INFO  server.RaftServer$Division (RaftServerImpl.java:requestVote(1455)) - aa9634f0-8836-44d6-bc05-5b19fbdd93d5@group-813C05265458 replies to PRE_VOTE vote request: 36185c6b-22ce-45d1-a622-3a6b487a5a53<-aa9634f0-8836-44d6-bc05-5b19fbdd93d5#0:FAIL-t1-last:(t:1, i:0). Peer's state: aa9634f0-8836-44d6-bc05-5b19fbdd93d5@group-813C05265458:t1, leader=null, voted=aa9634f0-8836-44d6-bc05-5b19fbdd93d5, raftlog=Memoized:aa9634f0-8836-44d6-bc05-5b19fbdd93d5@group-813C05265458-SegmentedRaftLog:OPENED:c0:last(t:1, i:0), conf=conf: {index: 0, cur=peers:[aa9634f0-8836-44d6-bc05-5b19fbdd93d5|127.0.0.1:15063, 36185c6b-22ce-45d1-a622-3a6b487a5a53|127.0.0.1:15071, 895d447a-5476-42e4-b2fa-6eb687701d46|127.0.0.1:15079]|listeners:[], old=null}
2025-10-10 10:40:29,591 [36185c6b-22ce-45d1-a622-3a6b487a5a53@group-813C05265458-LeaderElection302] INFO  impl.LeaderElection (LeaderElection.java:logAndReturn(206)) - 36185c6b-22ce-45d1-a622-3a6b487a5a53@group-813C05265458-LeaderElection302: PRE_VOTE REJECTED received 2 response(s) and 0 exception(s):
2025-10-10 10:40:29,591 [36185c6b-22ce-45d1-a622-3a6b487a5a53@group-813C05265458-LeaderElection302] INFO  impl.LeaderElection (LeaderElection.java:logAndReturn(210)) -   Response 0: 36185c6b-22ce-45d1-a622-3a6b487a5a53<-aa9634f0-8836-44d6-bc05-5b19fbdd93d5#0:FAIL-t1-last:(t:1, i:0)
2025-10-10 10:40:29,591 [36185c6b-22ce-45d1-a622-3a6b487a5a53@group-813C05265458-LeaderElection302] INFO  impl.LeaderElection (LeaderElection.java:logAndReturn(210)) -   Response 1: 36185c6b-22ce-45d1-a622-3a6b487a5a53<-895d447a-5476-42e4-b2fa-6eb687701d46#0:OK-t1-last:(t:1, i:0)
2025-10-10 10:40:29,591 [36185c6b-22ce-45d1-a622-3a6b487a5a53@group-813C05265458-LeaderElection302] INFO  impl.LeaderElection (LeaderElection.java:askForVotes(450)) - 36185c6b-22ce-45d1-a622-3a6b487a5a53@group-813C05265458-LeaderElection302 PRE_VOTE round 0: result REJECTED
2025-10-10 10:40:29,591 [36185c6b-22ce-45d1-a622-3a6b487a5a53@group-813C05265458-LeaderElection302] INFO  server.RaftServer$Division (RaftServerImpl.java:setRole(392)) - 36185c6b-22ce-45d1-a622-3a6b487a5a53@group-813C05265458: changes role from CANDIDATE to FOLLOWER at term 1 for REJECTED
2025-10-10 10:40:29,591 [36185c6b-22ce-45d1-a622-3a6b487a5a53@group-813C05265458-LeaderElection302] INFO  impl.RoleInfo (RoleInfo.java:shutdownLeaderElection(141)) - 36185c6b-22ce-45d1-a622-3a6b487a5a53: shutdown 36185c6b-22ce-45d1-a622-3a6b487a5a53@group-813C05265458-LeaderElection302
2025-10-10 10:40:29,591 [36185c6b-22ce-45d1-a622-3a6b487a5a53@group-813C05265458-LeaderElection302] INFO  impl.RoleInfo (RoleInfo.java:updateAndGet(148)) - 36185c6b-22ce-45d1-a622-3a6b487a5a53: start 36185c6b-22ce-45d1-a622-3a6b487a5a53@group-813C05265458-FollowerState
2025-10-10 10:40:29,722 [aa9634f0-8836-44d6-bc05-5b19fbdd93d5@group-813C05265458-FollowerState] INFO  impl.FollowerState (FollowerState.java:runImpl(161)) - aa9634f0-8836-44d6-bc05-5b19fbdd93d5@group-813C05265458-FollowerState: change to CANDIDATE, lastRpcElapsedTime:1137271822ns, electionTimeout:1137ms
2025-10-10 10:40:29,722 [aa9634f0-8836-44d6-bc05-5b19fbdd93d5@group-813C05265458-FollowerState] INFO  impl.RoleInfo (RoleInfo.java:shutdownFollowerState(121)) - aa9634f0-8836-44d6-bc05-5b19fbdd93d5: shutdown aa9634f0-8836-44d6-bc05-5b19fbdd93d5@group-813C05265458-FollowerState
2025-10-10 10:40:29,722 [aa9634f0-8836-44d6-bc05-5b19fbdd93d5@group-813C05265458-FollowerState] INFO  server.RaftServer$Division (RaftServerImpl.java:setRole(392)) - aa9634f0-8836-44d6-bc05-5b19fbdd93d5@group-813C05265458: changes role from  FOLLOWER to CANDIDATE at term 1 for changeToCandidate
2025-10-10 10:40:29,722 [aa9634f0-8836-44d6-bc05-5b19fbdd93d5@group-813C05265458-FollowerState] INFO  impl.RoleInfo (RoleInfo.java:updateAndGet(148)) - aa9634f0-8836-44d6-bc05-5b19fbdd93d5: start aa9634f0-8836-44d6-bc05-5b19fbdd93d5@group-813C05265458-LeaderElection303
2025-10-10 10:40:29,722 [aa9634f0-8836-44d6-bc05-5b19fbdd93d5@group-813C05265458-LeaderElection303] INFO  impl.LeaderElection (LeaderElection.java:askForVotes(448)) - aa9634f0-8836-44d6-bc05-5b19fbdd93d5@group-813C05265458-LeaderElection303 PRE_VOTE round 0: submit vote requests at term 1 for conf: {index: 0, cur=peers:[aa9634f0-8836-44d6-bc05-5b19fbdd93d5|127.0.0.1:15063, 36185c6b-22ce-45d1-a622-3a6b487a5a53|127.0.0.1:15071, 895d447a-5476-42e4-b2fa-6eb687701d46|127.0.0.1:15079]|listeners:[], old=null}
2025-10-10 10:40:29,723 [aa9634f0-8836-44d6-bc05-5b19fbdd93d5@group-813C05265458-LeaderElection303] INFO  impl.LeaderElection (LogUtils.java:infoOrTrace(142)) - aa9634f0-8836-44d6-bc05-5b19fbdd93d5@group-813C05265458-LeaderElection303 got exception when requesting votes: java.util.concurrent.ExecutionException: org.apache.ratis.thirdparty.io.grpc.StatusRuntimeException: UNAVAILABLE: io exception
2025-10-10 10:40:29,723 [aa9634f0-8836-44d6-bc05-5b19fbdd93d5@group-813C05265458-LeaderElection303] INFO  impl.LeaderElection (LogUtils.java:infoOrTrace(142)) - aa9634f0-8836-44d6-bc05-5b19fbdd93d5@group-813C05265458-LeaderElection303 got exception when requesting votes: java.util.concurrent.ExecutionException: org.apache.ratis.thirdparty.io.grpc.StatusRuntimeException: UNAVAILABLE: io exception
2025-10-10 10:40:29,723 [aa9634f0-8836-44d6-bc05-5b19fbdd93d5@group-813C05265458-LeaderElection303] INFO  impl.LeaderElection (LeaderElection.java:logAndReturn(206)) - aa9634f0-8836-44d6-bc05-5b19fbdd93d5@group-813C05265458-LeaderElection303: PRE_VOTE REJECTED received 0 response(s) and 2 exception(s):
2025-10-10 10:40:29,723 [aa9634f0-8836-44d6-bc05-5b19fbdd93d5@group-813C05265458-LeaderElection303] INFO  impl.LeaderElection (LogUtils.java:infoOrTrace(142)) -   Exception 0: java.util.concurrent.ExecutionException: org.apache.ratis.thirdparty.io.grpc.StatusRuntimeException: UNAVAILABLE: io exception
2025-10-10 10:40:29,723 [aa9634f0-8836-44d6-bc05-5b19fbdd93d5@group-813C05265458-LeaderElection303] INFO  impl.LeaderElection (LogUtils.java:infoOrTrace(142)) -   Exception 1: java.util.concurrent.ExecutionException: org.apache.ratis.thirdparty.io.grpc.StatusRuntimeException: UNAVAILABLE: io exception
2025-10-10 10:40:29,723 [aa9634f0-8836-44d6-bc05-5b19fbdd93d5@group-813C05265458-LeaderElection303] INFO  impl.LeaderElection (LeaderElection.java:askForVotes(450)) - aa9634f0-8836-44d6-bc05-5b19fbdd93d5@group-813C05265458-LeaderElection303 PRE_VOTE round 0: result REJECTED
2025-10-10 10:40:29,723 [aa9634f0-8836-44d6-bc05-5b19fbdd93d5@group-813C05265458-LeaderElection303] INFO  server.RaftServer$Division (RaftServerImpl.java:setRole(392)) - aa9634f0-8836-44d6-bc05-5b19fbdd93d5@group-813C05265458: changes role from CANDIDATE to FOLLOWER at term 1 for REJECTED
2025-10-10 10:40:29,723 [aa9634f0-8836-44d6-bc05-5b19fbdd93d5@group-813C05265458-LeaderElection303] INFO  impl.RoleInfo (RoleInfo.java:shutdownLeaderElection(141)) - aa9634f0-8836-44d6-bc05-5b19fbdd93d5: shutdown aa9634f0-8836-44d6-bc05-5b19fbdd93d5@group-813C05265458-LeaderElection303
2025-10-10 10:40:29,723 [aa9634f0-8836-44d6-bc05-5b19fbdd93d5@group-813C05265458-LeaderElection303] INFO  impl.RoleInfo (RoleInfo.java:updateAndGet(148)) - aa9634f0-8836-44d6-bc05-5b19fbdd93d5: start aa9634f0-8836-44d6-bc05-5b19fbdd93d5@group-813C05265458-FollowerState
2025-10-10 10:40:29,853 [ad892cb1-3002-4758-a303-de6f39da4dbc@group-4E13145AFCA4-FollowerState] INFO  impl.FollowerState (FollowerState.java:runImpl(161)) - ad892cb1-3002-4758-a303-de6f39da4dbc@group-4E13145AFCA4-FollowerState: change to CANDIDATE, lastRpcElapsedTime:1025017581ns, electionTimeout:1024ms
2025-10-10 10:40:29,853 [ad892cb1-3002-4758-a303-de6f39da4dbc@group-4E13145AFCA4-FollowerState] INFO  impl.RoleInfo (RoleInfo.java:shutdownFollowerState(121)) - ad892cb1-3002-4758-a303-de6f39da4dbc: shutdown ad892cb1-3002-4758-a303-de6f39da4dbc@group-4E13145AFCA4-FollowerState
2025-10-10 10:40:29,853 [ad892cb1-3002-4758-a303-de6f39da4dbc@group-4E13145AFCA4-FollowerState] INFO  server.RaftServer$Division (RaftServerImpl.java:setRole(392)) - ad892cb1-3002-4758-a303-de6f39da4dbc@group-4E13145AFCA4: changes role from  FOLLOWER to CANDIDATE at term 1 for changeToCandidate
2025-10-10 10:40:29,854 [ad892cb1-3002-4758-a303-de6f39da4dbc@group-4E13145AFCA4-FollowerState] INFO  impl.RoleInfo (RoleInfo.java:updateAndGet(148)) - ad892cb1-3002-4758-a303-de6f39da4dbc: start ad892cb1-3002-4758-a303-de6f39da4dbc@group-4E13145AFCA4-LeaderElection304
2025-10-10 10:40:29,854 [ad892cb1-3002-4758-a303-de6f39da4dbc@group-4E13145AFCA4-LeaderElection304] INFO  impl.LeaderElection (LeaderElection.java:askForVotes(448)) - ad892cb1-3002-4758-a303-de6f39da4dbc@group-4E13145AFCA4-LeaderElection304 PRE_VOTE round 0: submit vote requests at term 1 for conf: {index: 0, cur=peers:[9ab71813-e86f-4276-8581-297fed06961e|127.0.0.1:15047, ad892cb1-3002-4758-a303-de6f39da4dbc|127.0.0.1:15039, 22d9c8a1-4559-44b0-a4af-9630f79f1f05|127.0.0.1:15055]|listeners:[], old=null}
2025-10-10 10:40:29,854 [ad892cb1-3002-4758-a303-de6f39da4dbc@group-4E13145AFCA4-LeaderElection304-1] INFO  server.GrpcServerProtocolClient (GrpcServerProtocolClient.java:<init>(65)) - Build channel for 9ab71813-e86f-4276-8581-297fed06961e|127.0.0.1:15047
2025-10-10 10:40:29,854 [ad892cb1-3002-4758-a303-de6f39da4dbc@group-4E13145AFCA4-LeaderElection304-2] INFO  server.GrpcServerProtocolClient (GrpcServerProtocolClient.java:<init>(65)) - Build channel for 22d9c8a1-4559-44b0-a4af-9630f79f1f05|127.0.0.1:15055
2025-10-10 10:40:29,857 [grpc-default-executor-10] INFO  server.RaftServer$Division (RaftServerImpl.java:requestVote(1421)) - 9ab71813-e86f-4276-8581-297fed06961e@group-4E13145AFCA4: receive requestVote(PRE_VOTE, ad892cb1-3002-4758-a303-de6f39da4dbc, group-4E13145AFCA4, 1, (t:1, i:0))
2025-10-10 10:40:29,857 [grpc-default-executor-1] INFO  server.RaftServer$Division (RaftServerImpl.java:requestVote(1421)) - 22d9c8a1-4559-44b0-a4af-9630f79f1f05@group-4E13145AFCA4: receive requestVote(PRE_VOTE, ad892cb1-3002-4758-a303-de6f39da4dbc, group-4E13145AFCA4, 1, (t:1, i:0))
2025-10-10 10:40:29,857 [grpc-default-executor-10] INFO  impl.VoteContext (VoteContext.java:log(49)) - 9ab71813-e86f-4276-8581-297fed06961e@group-4E13145AFCA4-FOLLOWER: reject PRE_VOTE from ad892cb1-3002-4758-a303-de6f39da4dbc: this server is a follower and still has a valid leader 22d9c8a1-4559-44b0-a4af-9630f79f1f05 different than the candidate ad892cb1-3002-4758-a303-de6f39da4dbc
2025-10-10 10:40:29,857 [grpc-default-executor-10] INFO  server.RaftServer$Division (RaftServerImpl.java:requestVote(1455)) - 9ab71813-e86f-4276-8581-297fed06961e@group-4E13145AFCA4 replies to PRE_VOTE vote request: ad892cb1-3002-4758-a303-de6f39da4dbc<-9ab71813-e86f-4276-8581-297fed06961e#0:FAIL-t2-last:(t:2, i:2). Peer's state: 9ab71813-e86f-4276-8581-297fed06961e@group-4E13145AFCA4:t2, leader=22d9c8a1-4559-44b0-a4af-9630f79f1f05, voted=22d9c8a1-4559-44b0-a4af-9630f79f1f05, raftlog=Memoized:9ab71813-e86f-4276-8581-297fed06961e@group-4E13145AFCA4-SegmentedRaftLog:OPENED:c2:last(t:2, i:2), conf=conf: {index: 1, cur=peers:[9ab71813-e86f-4276-8581-297fed06961e|127.0.0.1:15047, ad892cb1-3002-4758-a303-de6f39da4dbc|127.0.0.1:15039, 22d9c8a1-4559-44b0-a4af-9630f79f1f05|127.0.0.1:15055]|listeners:[], old=null}
2025-10-10 10:40:29,858 [grpc-default-executor-1] INFO  impl.VoteContext (VoteContext.java:log(49)) - 22d9c8a1-4559-44b0-a4af-9630f79f1f05@group-4E13145AFCA4-LEADER: reject PRE_VOTE from ad892cb1-3002-4758-a303-de6f39da4dbc: this server is the leader and still has leadership
2025-10-10 10:40:29,858 [grpc-default-executor-1] INFO  server.RaftServer$Division (RaftServerImpl.java:requestVote(1455)) - 22d9c8a1-4559-44b0-a4af-9630f79f1f05@group-4E13145AFCA4 replies to PRE_VOTE vote request: ad892cb1-3002-4758-a303-de6f39da4dbc<-22d9c8a1-4559-44b0-a4af-9630f79f1f05#0:FAIL-t2-last:(t:2, i:2). Peer's state: 22d9c8a1-4559-44b0-a4af-9630f79f1f05@group-4E13145AFCA4:t2, leader=22d9c8a1-4559-44b0-a4af-9630f79f1f05, voted=22d9c8a1-4559-44b0-a4af-9630f79f1f05, raftlog=Memoized:22d9c8a1-4559-44b0-a4af-9630f79f1f05@group-4E13145AFCA4-SegmentedRaftLog:OPENED:c2:last(t:2, i:2), conf=conf: {index: 1, cur=peers:[9ab71813-e86f-4276-8581-297fed06961e|127.0.0.1:15047, ad892cb1-3002-4758-a303-de6f39da4dbc|127.0.0.1:15039, 22d9c8a1-4559-44b0-a4af-9630f79f1f05|127.0.0.1:15055]|listeners:[], old=null}
2025-10-10 10:40:29,858 [ad892cb1-3002-4758-a303-de6f39da4dbc@group-4E13145AFCA4-LeaderElection304] INFO  impl.LeaderElection (LeaderElection.java:logAndReturn(206)) - ad892cb1-3002-4758-a303-de6f39da4dbc@group-4E13145AFCA4-LeaderElection304: PRE_VOTE DISCOVERED_A_NEW_TERM (term=2) received 1 response(s) and 0 exception(s):
2025-10-10 10:40:29,858 [ad892cb1-3002-4758-a303-de6f39da4dbc@group-4E13145AFCA4-LeaderElection304] INFO  impl.LeaderElection (LeaderElection.java:logAndReturn(210)) -   Response 0: ad892cb1-3002-4758-a303-de6f39da4dbc<-22d9c8a1-4559-44b0-a4af-9630f79f1f05#0:FAIL-t2-last:(t:2, i:2)
2025-10-10 10:40:29,858 [ad892cb1-3002-4758-a303-de6f39da4dbc@group-4E13145AFCA4-LeaderElection304] INFO  impl.LeaderElection (LeaderElection.java:askForVotes(450)) - ad892cb1-3002-4758-a303-de6f39da4dbc@group-4E13145AFCA4-LeaderElection304 PRE_VOTE round 0: result DISCOVERED_A_NEW_TERM (term=2)
2025-10-10 10:40:29,858 [ad892cb1-3002-4758-a303-de6f39da4dbc@group-4E13145AFCA4-LeaderElection304] INFO  server.RaftServer$Division (RaftServerImpl.java:setRole(392)) - ad892cb1-3002-4758-a303-de6f39da4dbc@group-4E13145AFCA4: changes role from CANDIDATE to FOLLOWER at term 1 for DISCOVERED_A_NEW_TERM (term=2)
2025-10-10 10:40:29,858 [ad892cb1-3002-4758-a303-de6f39da4dbc@group-4E13145AFCA4-LeaderElection304] INFO  impl.RoleInfo (RoleInfo.java:shutdownLeaderElection(141)) - ad892cb1-3002-4758-a303-de6f39da4dbc: shutdown ad892cb1-3002-4758-a303-de6f39da4dbc@group-4E13145AFCA4-LeaderElection304
2025-10-10 10:40:29,858 [ad892cb1-3002-4758-a303-de6f39da4dbc@group-4E13145AFCA4-LeaderElection304] INFO  impl.RoleInfo (RoleInfo.java:updateAndGet(148)) - ad892cb1-3002-4758-a303-de6f39da4dbc: start ad892cb1-3002-4758-a303-de6f39da4dbc@group-4E13145AFCA4-FollowerState
2025-10-10 10:40:29,859 [ad892cb1-3002-4758-a303-de6f39da4dbc@group-4E13145AFCA4-LeaderElection304] INFO  server.RaftServer$Division (RaftServerImpl.java:setFirstElection(576)) - ad892cb1-3002-4758-a303-de6f39da4dbc@group-4E13145AFCA4: set firstElectionSinceStartup to false for DISCOVERED_A_NEW_TERM (term=2)
2025-10-10 10:40:29,875 [ad892cb1-3002-4758-a303-de6f39da4dbc@group-F0BEA0DF345E-FollowerState] INFO  impl.FollowerState (FollowerState.java:runImpl(161)) - ad892cb1-3002-4758-a303-de6f39da4dbc@group-F0BEA0DF345E-FollowerState: change to CANDIDATE, lastRpcElapsedTime:1045468006ns, electionTimeout:1045ms
2025-10-10 10:40:29,875 [ad892cb1-3002-4758-a303-de6f39da4dbc@group-F0BEA0DF345E-FollowerState] INFO  impl.RoleInfo (RoleInfo.java:shutdownFollowerState(121)) - ad892cb1-3002-4758-a303-de6f39da4dbc: shutdown ad892cb1-3002-4758-a303-de6f39da4dbc@group-F0BEA0DF345E-FollowerState
2025-10-10 10:40:29,875 [ad892cb1-3002-4758-a303-de6f39da4dbc@group-F0BEA0DF345E-FollowerState] INFO  server.RaftServer$Division (RaftServerImpl.java:setRole(392)) - ad892cb1-3002-4758-a303-de6f39da4dbc@group-F0BEA0DF345E: changes role from  FOLLOWER to CANDIDATE at term 1 for changeToCandidate
2025-10-10 10:40:29,875 [ad892cb1-3002-4758-a303-de6f39da4dbc@group-F0BEA0DF345E-FollowerState] INFO  impl.RoleInfo (RoleInfo.java:updateAndGet(148)) - ad892cb1-3002-4758-a303-de6f39da4dbc: start ad892cb1-3002-4758-a303-de6f39da4dbc@group-F0BEA0DF345E-LeaderElection305
2025-10-10 10:40:29,876 [ad892cb1-3002-4758-a303-de6f39da4dbc@group-F0BEA0DF345E-LeaderElection305] INFO  impl.LeaderElection (LeaderElection.java:askForVotes(448)) - ad892cb1-3002-4758-a303-de6f39da4dbc@group-F0BEA0DF345E-LeaderElection305 PRE_VOTE round 0: submit vote requests at term 1 for conf: {index: 0, cur=peers:[ad892cb1-3002-4758-a303-de6f39da4dbc|127.0.0.1:15039]|listeners:[], old=null}
2025-10-10 10:40:29,876 [ad892cb1-3002-4758-a303-de6f39da4dbc@group-F0BEA0DF345E-LeaderElection305] INFO  impl.LeaderElection (LeaderElection.java:askForVotes(450)) - ad892cb1-3002-4758-a303-de6f39da4dbc@group-F0BEA0DF345E-LeaderElection305 PRE_VOTE round 0: result PASSED (term=1)
2025-10-10 10:40:29,877 [ad892cb1-3002-4758-a303-de6f39da4dbc@group-F0BEA0DF345E-LeaderElection305] INFO  impl.LeaderElection (LeaderElection.java:askForVotes(448)) - ad892cb1-3002-4758-a303-de6f39da4dbc@group-F0BEA0DF345E-LeaderElection305 ELECTION round 0: submit vote requests at term 2 for conf: {index: 0, cur=peers:[ad892cb1-3002-4758-a303-de6f39da4dbc|127.0.0.1:15039]|listeners:[], old=null}
2025-10-10 10:40:29,877 [ad892cb1-3002-4758-a303-de6f39da4dbc@group-F0BEA0DF345E-LeaderElection305] INFO  impl.LeaderElection (LeaderElection.java:askForVotes(450)) - ad892cb1-3002-4758-a303-de6f39da4dbc@group-F0BEA0DF345E-LeaderElection305 ELECTION round 0: result PASSED (term=2)
2025-10-10 10:40:29,877 [ad892cb1-3002-4758-a303-de6f39da4dbc@group-F0BEA0DF345E-LeaderElection305] INFO  impl.RoleInfo (RoleInfo.java:shutdownLeaderElection(141)) - ad892cb1-3002-4758-a303-de6f39da4dbc: shutdown ad892cb1-3002-4758-a303-de6f39da4dbc@group-F0BEA0DF345E-LeaderElection305
2025-10-10 10:40:29,877 [ad892cb1-3002-4758-a303-de6f39da4dbc@group-F0BEA0DF345E-LeaderElection305] INFO  server.RaftServer$Division (RaftServerImpl.java:setRole(392)) - ad892cb1-3002-4758-a303-de6f39da4dbc@group-F0BEA0DF345E: changes role from CANDIDATE to LEADER at term 2 for changeToLeader
2025-10-10 10:40:29,877 [ad892cb1-3002-4758-a303-de6f39da4dbc@group-F0BEA0DF345E-LeaderElection305] INFO  server.RaftServerConfigKeys (ConfUtils.java:logFallback(69)) - raft.server.staging.timeout = 3600ms (fallback to raft.server.rpc.timeout.max)
2025-10-10 10:40:29,877 [ad892cb1-3002-4758-a303-de6f39da4dbc@group-F0BEA0DF345E-LeaderElection305] INFO  server.RaftServerConfigKeys (ConfUtils.java:logGet(62)) - raft.server.write.byte-limit = 1024 M (=1073741824) (custom)
2025-10-10 10:40:29,878 [ad892cb1-3002-4758-a303-de6f39da4dbc@group-F0BEA0DF345E-LeaderElection305] INFO  impl.RoleInfo (RoleInfo.java:updateAndGet(148)) - ad892cb1-3002-4758-a303-de6f39da4dbc: start ad892cb1-3002-4758-a303-de6f39da4dbc@group-F0BEA0DF345E-LeaderStateImpl
2025-10-10 10:40:29,878 [ad892cb1-3002-4758-a303-de6f39da4dbc@group-F0BEA0DF345E-LeaderElection305] INFO  server.RaftServer$Division (RaftServerImpl.java:setFirstElection(576)) - ad892cb1-3002-4758-a303-de6f39da4dbc@group-F0BEA0DF345E: set firstElectionSinceStartup to false for becomeLeader
2025-10-10 10:40:29,878 [ad892cb1-3002-4758-a303-de6f39da4dbc@group-F0BEA0DF345E-LeaderElection305] INFO  ratis.XceiverServerRatis (XceiverServerRatis.java:handleLeaderChangedNotification(940)) - Leader change notification received for group: group-F0BEA0DF345E with new leaderId: ad892cb1-3002-4758-a303-de6f39da4dbc
2025-10-10 10:40:29,878 [ad892cb1-3002-4758-a303-de6f39da4dbc@group-F0BEA0DF345E-LeaderElection305] INFO  server.RaftServer$Division (ServerState.java:setLeader(272)) - ad892cb1-3002-4758-a303-de6f39da4dbc@group-F0BEA0DF345E: change Leader from null to ad892cb1-3002-4758-a303-de6f39da4dbc at term 2 for becomeLeader, leader elected after 1756ms
2025-10-10 10:40:29,878 [ad892cb1-3002-4758-a303-de6f39da4dbc@group-F0BEA0DF345E-LeaderElection305] INFO  segmented.SegmentedRaftLogWorker (SegmentedRaftLogWorker.java:rollLogSegment(445)) - ad892cb1-3002-4758-a303-de6f39da4dbc@group-F0BEA0DF345E-SegmentedRaftLogWorker: Rolling segment log-0_0 to index:0
2025-10-10 10:40:29,879 [ad892cb1-3002-4758-a303-de6f39da4dbc@group-F0BEA0DF345E-LeaderElection305] INFO  server.RaftServer$Division (ServerState.java:setRaftConf(386)) - ad892cb1-3002-4758-a303-de6f39da4dbc@group-F0BEA0DF345E: set configuration conf: {index: 1, cur=peers:[ad892cb1-3002-4758-a303-de6f39da4dbc|127.0.0.1:15039]|listeners:[], old=null}
2025-10-10 10:40:29,879 [ad892cb1-3002-4758-a303-de6f39da4dbc@group-F0BEA0DF345E-SegmentedRaftLogWorker] INFO  segmented.SegmentedRaftLogWorker (SegmentedRaftLogWorker.java:execute(604)) - ad892cb1-3002-4758-a303-de6f39da4dbc@group-F0BEA0DF345E-SegmentedRaftLogWorker: Rolled log segment from /home/runner/work/ozone/ozone/hadoop-ozone/integration-test/target/test-dir/MiniOzoneClusterImpl-611c99c7-d47b-4433-a4ef-cd0a35b076ef/ozone-metadata/datanode-4/ratis/e168346d-5e42-4d50-932e-f0bea0df345e/current/log_inprogress_0 to /home/runner/work/ozone/ozone/hadoop-ozone/integration-test/target/test-dir/MiniOzoneClusterImpl-611c99c7-d47b-4433-a4ef-cd0a35b076ef/ozone-metadata/datanode-4/ratis/e168346d-5e42-4d50-932e-f0bea0df345e/current/log_0-0
2025-10-10 10:40:29,879 [ad892cb1-3002-4758-a303-de6f39da4dbc@group-F0BEA0DF345E-SegmentedRaftLogWorker] INFO  segmented.BufferedWriteChannel (BufferedWriteChannel.java:open(61)) - open log_inprogress_1 at position 0
2025-10-10 10:40:29,884 [ad892cb1-3002-4758-a303-de6f39da4dbc@group-F0BEA0DF345E-SegmentedRaftLogWorker] INFO  segmented.SegmentedRaftLogWorker (SegmentedRaftLogWorker.java:execute(647)) - ad892cb1-3002-4758-a303-de6f39da4dbc@group-F0BEA0DF345E-SegmentedRaftLogWorker: created new log segment /home/runner/work/ozone/ozone/hadoop-ozone/integration-test/target/test-dir/MiniOzoneClusterImpl-611c99c7-d47b-4433-a4ef-cd0a35b076ef/ozone-metadata/datanode-4/ratis/e168346d-5e42-4d50-932e-f0bea0df345e/current/log_inprogress_1
2025-10-10 10:40:29,886 [ad892cb1-3002-4758-a303-de6f39da4dbc@group-F0BEA0DF345E-StateMachineUpdater] INFO  server.RaftServer$Division (LeaderStateImpl.java:checkStartIndex(309)) - Leader ad892cb1-3002-4758-a303-de6f39da4dbc@group-F0BEA0DF345E-LeaderStateImpl is ready since appliedIndex == startIndex == 1
2025-10-10 10:40:29,939 [timer3] INFO  server.GrpcServerProtocolService (GrpcServerProtocolService.java:lambda$null$7(175)) - 22d9c8a1-4559-44b0-a4af-9630f79f1f05: Completed APPEND_ENTRIES, lastReply: null  (Repeated 2 times in the last 5.000s)
2025-10-10 10:40:29,940 [timer2] INFO  server.GrpcServerProtocolService (GrpcServerProtocolService.java:lambda$onCompleted$6(171)) - 22d9c8a1-4559-44b0-a4af-9630f79f1f05: Completed APPEND_ENTRIES, lastRequest: ad892cb1-3002-4758-a303-de6f39da4dbc->22d9c8a1-4559-44b0-a4af-9630f79f1f05#1-t1,previous=<PROTO_DEFAULT>,leaderCommit=-1,initializing? false,entries: size=1, first=(t:1, i:0), CONFIGURATIONENTRY(current:id:"9ab71813-e86f-4276-8581-297fed06961e"address:"127.0.0.1:15047"dataStreamAddress:"127.0.0.1:15048"clientAddress:"127.0.0.1:15045"adminAddress:"127.0.0.1:15046"startupRole:FOLLOWER, id:"ad892cb1-3002-4758-a303-de6f39da4dbc"address:"127.0.0.1:15039"priority:1dataStreamAddress:"127.0.0.1:15040"clientAddress:"127.0.0.1:15037"adminAddress:"127.0.0.1:15038"startupRole:FOLLOWER, id:"22d9c8a1-4559-44b0-a4af-9630f79f1f05"address:"127.0.0.1:15055"dataStreamAddress:"127.0.0.1:15056"clientAddress:"127.0.0.1:15053"adminAddress:"127.0.0.1:15054"startupRole:FOLLOWER, old:)  (Repeated 2 times in the last 5.001s)
2025-10-10 10:40:29,940 [timer4] INFO  server.GrpcServerProtocolService (GrpcServerProtocolService.java:lambda$onCompleted$6(171)) - 9ab71813-e86f-4276-8581-297fed06961e: Completed APPEND_ENTRIES, lastRequest: null  (Repeated 2 times in the last 5.000s)
2025-10-10 10:40:29,940 [timer5] INFO  server.GrpcServerProtocolService (GrpcServerProtocolService.java:lambda$null$7(175)) - 9ab71813-e86f-4276-8581-297fed06961e: Completed APPEND_ENTRIES, lastReply: serverReply {
  requestorId: "ad892cb1-3002-4758-a303-de6f39da4dbc"
  replyId: "9ab71813-e86f-4276-8581-297fed06961e"
  raftGroupId {
    id: "dj\024\356k^Fu\273NN\023\024Z\374\244"
  }
  callId: 315
  success: true
}
term: 1
nextIndex: 1
matchIndex: 18446744073709551615
isHearbeat: true
  (Repeated 2 times in the last 5.000s)
2025-10-10 10:40:29,946 [timer7] WARN  server.GrpcLogAppender (GrpcLogAppender.java:lambda$resetClient$1(228)) - 22d9c8a1-4559-44b0-a4af-9630f79f1f05@group-7FE9BF83969B->ad892cb1-3002-4758-a303-de6f39da4dbc-GrpcLogAppender: Follower failed (request=null, errorCount=16); keep nextIndex (14) unchanged and retry. (Repeated 16 times in the last 5.000s)
2025-10-10 10:40:29,946 [timer6] WARN  server.GrpcLogAppender (LogUtils.java:warn(127)) - 22d9c8a1-4559-44b0-a4af-9630f79f1f05@group-7FE9BF83969B->ad892cb1-3002-4758-a303-de6f39da4dbc-AppendLogResponseHandler: Failed appendEntries (Repeated 32 times in the last 5.000s): org.apache.ratis.thirdparty.io.grpc.StatusRuntimeException: UNAVAILABLE: io exception
  Caused by: org.apache.ratis.thirdparty.io.netty.channel.AbstractChannel$AnnotatedConnectException: finishConnect(..) failed: Connection refused: /127.0.0.1:15039
  Caused by: java.net.ConnectException: finishConnect(..) failed: Connection refused
2025-10-10 10:40:29,963 [ad892cb1-3002-4758-a303-de6f39da4dbc@group-7FE9BF83969B-FollowerState] INFO  impl.FollowerState (FollowerState.java:runImpl(161)) - ad892cb1-3002-4758-a303-de6f39da4dbc@group-7FE9BF83969B-FollowerState: change to CANDIDATE, lastRpcElapsedTime:1134985273ns, electionTimeout:1132ms
2025-10-10 10:40:29,963 [ad892cb1-3002-4758-a303-de6f39da4dbc@group-7FE9BF83969B-FollowerState] INFO  impl.RoleInfo (RoleInfo.java:shutdownFollowerState(121)) - ad892cb1-3002-4758-a303-de6f39da4dbc: shutdown ad892cb1-3002-4758-a303-de6f39da4dbc@group-7FE9BF83969B-FollowerState
2025-10-10 10:40:29,963 [ad892cb1-3002-4758-a303-de6f39da4dbc@group-7FE9BF83969B-FollowerState] INFO  server.RaftServer$Division (RaftServerImpl.java:setRole(392)) - ad892cb1-3002-4758-a303-de6f39da4dbc@group-7FE9BF83969B: changes role from  FOLLOWER to CANDIDATE at term 1 for changeToCandidate
2025-10-10 10:40:29,963 [ad892cb1-3002-4758-a303-de6f39da4dbc@group-7FE9BF83969B-FollowerState] INFO  impl.RoleInfo (RoleInfo.java:updateAndGet(148)) - ad892cb1-3002-4758-a303-de6f39da4dbc: start ad892cb1-3002-4758-a303-de6f39da4dbc@group-7FE9BF83969B-LeaderElection306
2025-10-10 10:40:29,963 [ad892cb1-3002-4758-a303-de6f39da4dbc@group-7FE9BF83969B-LeaderElection306] INFO  impl.LeaderElection (LeaderElection.java:askForVotes(448)) - ad892cb1-3002-4758-a303-de6f39da4dbc@group-7FE9BF83969B-LeaderElection306 PRE_VOTE round 0: submit vote requests at term 1 for conf: {index: 0, cur=peers:[9ab71813-e86f-4276-8581-297fed06961e|127.0.0.1:15047, ad892cb1-3002-4758-a303-de6f39da4dbc|127.0.0.1:15039, 22d9c8a1-4559-44b0-a4af-9630f79f1f05|127.0.0.1:15055]|listeners:[], old=null}
2025-10-10 10:40:29,964 [grpc-default-executor-1] INFO  server.RaftServer$Division (RaftServerImpl.java:requestVote(1421)) - 22d9c8a1-4559-44b0-a4af-9630f79f1f05@group-7FE9BF83969B: receive requestVote(PRE_VOTE, ad892cb1-3002-4758-a303-de6f39da4dbc, group-7FE9BF83969B, 1, (t:1, i:13))
2025-10-10 10:40:29,964 [grpc-default-executor-10] INFO  server.RaftServer$Division (RaftServerImpl.java:requestVote(1421)) - 9ab71813-e86f-4276-8581-297fed06961e@group-7FE9BF83969B: receive requestVote(PRE_VOTE, ad892cb1-3002-4758-a303-de6f39da4dbc, group-7FE9BF83969B, 1, (t:1, i:13))
2025-10-10 10:40:29,964 [grpc-default-executor-1] INFO  impl.VoteContext (VoteContext.java:log(49)) - 22d9c8a1-4559-44b0-a4af-9630f79f1f05@group-7FE9BF83969B-LEADER: reject PRE_VOTE from ad892cb1-3002-4758-a303-de6f39da4dbc: this server is the leader and still has leadership
2025-10-10 10:40:29,964 [grpc-default-executor-10] INFO  impl.VoteContext (VoteContext.java:log(49)) - 9ab71813-e86f-4276-8581-297fed06961e@group-7FE9BF83969B-FOLLOWER: reject PRE_VOTE from ad892cb1-3002-4758-a303-de6f39da4dbc: this server is a follower and still has a valid leader 22d9c8a1-4559-44b0-a4af-9630f79f1f05 different than the candidate ad892cb1-3002-4758-a303-de6f39da4dbc
2025-10-10 10:40:29,964 [grpc-default-executor-1] INFO  server.RaftServer$Division (RaftServerImpl.java:requestVote(1455)) - 22d9c8a1-4559-44b0-a4af-9630f79f1f05@group-7FE9BF83969B replies to PRE_VOTE vote request: ad892cb1-3002-4758-a303-de6f39da4dbc<-22d9c8a1-4559-44b0-a4af-9630f79f1f05#0:FAIL-t1-last:(t:1, i:23). Peer's state: 22d9c8a1-4559-44b0-a4af-9630f79f1f05@group-7FE9BF83969B:t1, leader=22d9c8a1-4559-44b0-a4af-9630f79f1f05, voted=22d9c8a1-4559-44b0-a4af-9630f79f1f05, raftlog=Memoized:22d9c8a1-4559-44b0-a4af-9630f79f1f05@group-7FE9BF83969B-SegmentedRaftLog:OPENED:c23:last(t:1, i:23), conf=conf: {index: 0, cur=peers:[9ab71813-e86f-4276-8581-297fed06961e|127.0.0.1:15047, ad892cb1-3002-4758-a303-de6f39da4dbc|127.0.0.1:15039, 22d9c8a1-4559-44b0-a4af-9630f79f1f05|127.0.0.1:15055]|listeners:[], old=null}
2025-10-10 10:40:29,964 [grpc-default-executor-10] INFO  server.RaftServer$Division (RaftServerImpl.java:requestVote(1455)) - 9ab71813-e86f-4276-8581-297fed06961e@group-7FE9BF83969B replies to PRE_VOTE vote request: ad892cb1-3002-4758-a303-de6f39da4dbc<-9ab71813-e86f-4276-8581-297fed06961e#0:FAIL-t1-last:(t:1, i:23). Peer's state: 9ab71813-e86f-4276-8581-297fed06961e@group-7FE9BF83969B:t1, leader=22d9c8a1-4559-44b0-a4af-9630f79f1f05, voted=22d9c8a1-4559-44b0-a4af-9630f79f1f05, raftlog=Memoized:9ab71813-e86f-4276-8581-297fed06961e@group-7FE9BF83969B-SegmentedRaftLog:OPENED:c23:last(t:1, i:23), conf=conf: {index: 0, cur=peers:[9ab71813-e86f-4276-8581-297fed06961e|127.0.0.1:15047, ad892cb1-3002-4758-a303-de6f39da4dbc|127.0.0.1:15039, 22d9c8a1-4559-44b0-a4af-9630f79f1f05|127.0.0.1:15055]|listeners:[], old=null}
2025-10-10 10:40:29,965 [ad892cb1-3002-4758-a303-de6f39da4dbc@group-7FE9BF83969B-LeaderElection306] INFO  impl.LeaderElection (LeaderElection.java:logAndReturn(206)) - ad892cb1-3002-4758-a303-de6f39da4dbc@group-7FE9BF83969B-LeaderElection306: PRE_VOTE REJECTED received 1 response(s) and 0 exception(s):
2025-10-10 10:40:29,965 [ad892cb1-3002-4758-a303-de6f39da4dbc@group-7FE9BF83969B-LeaderElection306] INFO  impl.LeaderElection (LeaderElection.java:logAndReturn(210)) -   Response 0: ad892cb1-3002-4758-a303-de6f39da4dbc<-22d9c8a1-4559-44b0-a4af-9630f79f1f05#0:FAIL-t1-last:(t:1, i:23)
2025-10-10 10:40:29,965 [ad892cb1-3002-4758-a303-de6f39da4dbc@group-7FE9BF83969B-LeaderElection306] INFO  impl.LeaderElection (LeaderElection.java:askForVotes(450)) - ad892cb1-3002-4758-a303-de6f39da4dbc@group-7FE9BF83969B-LeaderElection306 PRE_VOTE round 0: result REJECTED
2025-10-10 10:40:29,965 [ad892cb1-3002-4758-a303-de6f39da4dbc@group-7FE9BF83969B-LeaderElection306] INFO  server.RaftServer$Division (RaftServerImpl.java:setRole(392)) - ad892cb1-3002-4758-a303-de6f39da4dbc@group-7FE9BF83969B: changes role from CANDIDATE to FOLLOWER at term 1 for REJECTED
2025-10-10 10:40:29,965 [ad892cb1-3002-4758-a303-de6f39da4dbc@group-7FE9BF83969B-LeaderElection306] INFO  impl.RoleInfo (RoleInfo.java:shutdownLeaderElection(141)) - ad892cb1-3002-4758-a303-de6f39da4dbc: shutdown ad892cb1-3002-4758-a303-de6f39da4dbc@group-7FE9BF83969B-LeaderElection306
2025-10-10 10:40:29,965 [ad892cb1-3002-4758-a303-de6f39da4dbc@group-7FE9BF83969B-LeaderElection306] INFO  impl.RoleInfo (RoleInfo.java:updateAndGet(148)) - ad892cb1-3002-4758-a303-de6f39da4dbc: start ad892cb1-3002-4758-a303-de6f39da4dbc@group-7FE9BF83969B-FollowerState
2025-10-10 10:40:29,965 [ad892cb1-3002-4758-a303-de6f39da4dbc@group-7FE9BF83969B-LeaderElection306] INFO  server.RaftServer$Division (RaftServerImpl.java:setFirstElection(576)) - ad892cb1-3002-4758-a303-de6f39da4dbc@group-7FE9BF83969B: set firstElectionSinceStartup to false for REJECTED
2025-10-10 10:40:30,346 [grpc-default-executor-10] INFO  ratis.XceiverServerRatis (XceiverServerRatis.java:handleLeaderChangedNotification(940)) - Leader change notification received for group: group-4E13145AFCA4 with new leaderId: 22d9c8a1-4559-44b0-a4af-9630f79f1f05
2025-10-10 10:40:30,346 [grpc-default-executor-10] INFO  server.RaftServer$Division (ServerState.java:setLeader(272)) - ad892cb1-3002-4758-a303-de6f39da4dbc@group-4E13145AFCA4: change Leader from null to 22d9c8a1-4559-44b0-a4af-9630f79f1f05 at term 2 for appendEntries, leader elected after 2240ms
2025-10-10 10:40:30,346 [grpc-default-executor-10] INFO  server.RaftServer$Division (RaftServerImpl.java:checkInconsistentAppendEntries(1673)) - ad892cb1-3002-4758-a303-de6f39da4dbc@group-4E13145AFCA4: Failed appendEntries as previous log entry ((t:2, i:2)) is not found
2025-10-10 10:40:30,346 [grpc-default-executor-10] INFO  server.RaftServer$Division (RaftServerImpl.java:appendEntriesAsync(1594)) - ad892cb1-3002-4758-a303-de6f39da4dbc@group-4E13145AFCA4: appendEntries* reply 22d9c8a1-4559-44b0-a4af-9630f79f1f05<-ad892cb1-3002-4758-a303-de6f39da4dbc#1372:FAIL-t2,INCONSISTENCY,nextIndex=1,followerCommit=0,matchIndex=-1
2025-10-10 10:40:30,347 [grpc-default-executor-10] WARN  server.GrpcLogAppender (GrpcLogAppender.java:lambda$onNextImpl$0(527)) - 22d9c8a1-4559-44b0-a4af-9630f79f1f05@group-4E13145AFCA4->ad892cb1-3002-4758-a303-de6f39da4dbc-AppendLogResponseHandler: received INCONSISTENCY reply with nextIndex 1, errorCount=17, request=AppendEntriesRequest:cid=1372,entriesCount=0 
2025-10-10 10:40:30,347 [grpc-default-executor-10] INFO  leader.FollowerInfo (FollowerInfoImpl.java:info(70)) - 22d9c8a1-4559-44b0-a4af-9630f79f1f05@group-4E13145AFCA4->ad892cb1-3002-4758-a303-de6f39da4dbc: setNextIndex nextIndex: updateUnconditionally 3 -> 1
2025-10-10 10:40:30,347 [grpc-default-executor-10] INFO  server.RaftServer$Division (ServerState.java:setRaftConf(386)) - ad892cb1-3002-4758-a303-de6f39da4dbc@group-4E13145AFCA4: set configuration conf: {index: 1, cur=peers:[9ab71813-e86f-4276-8581-297fed06961e|127.0.0.1:15047, ad892cb1-3002-4758-a303-de6f39da4dbc|127.0.0.1:15039, 22d9c8a1-4559-44b0-a4af-9630f79f1f05|127.0.0.1:15055]|listeners:[], old=null}
2025-10-10 10:40:30,348 [grpc-default-executor-10] INFO  segmented.SegmentedRaftLogWorker (SegmentedRaftLogWorker.java:rollLogSegment(445)) - ad892cb1-3002-4758-a303-de6f39da4dbc@group-4E13145AFCA4-SegmentedRaftLogWorker: Rolling segment log-0_0 to index:0
2025-10-10 10:40:30,348 [ad892cb1-3002-4758-a303-de6f39da4dbc@group-4E13145AFCA4-SegmentedRaftLogWorker] INFO  segmented.SegmentedRaftLogWorker (SegmentedRaftLogWorker.java:execute(604)) - ad892cb1-3002-4758-a303-de6f39da4dbc@group-4E13145AFCA4-SegmentedRaftLogWorker: Rolled log segment from /home/runner/work/ozone/ozone/hadoop-ozone/integration-test/target/test-dir/MiniOzoneClusterImpl-611c99c7-d47b-4433-a4ef-cd0a35b076ef/ozone-metadata/datanode-4/ratis/646a14ee-6b5e-4675-bb4e-4e13145afca4/current/log_inprogress_0 to /home/runner/work/ozone/ozone/hadoop-ozone/integration-test/target/test-dir/MiniOzoneClusterImpl-611c99c7-d47b-4433-a4ef-cd0a35b076ef/ozone-metadata/datanode-4/ratis/646a14ee-6b5e-4675-bb4e-4e13145afca4/current/log_0-0
2025-10-10 10:40:30,348 [ad892cb1-3002-4758-a303-de6f39da4dbc@group-4E13145AFCA4-SegmentedRaftLogWorker] INFO  segmented.BufferedWriteChannel (BufferedWriteChannel.java:open(61)) - open log_inprogress_1 at position 0
2025-10-10 10:40:30,353 [ad892cb1-3002-4758-a303-de6f39da4dbc@group-4E13145AFCA4-SegmentedRaftLogWorker] INFO  segmented.SegmentedRaftLogWorker (SegmentedRaftLogWorker.java:execute(647)) - ad892cb1-3002-4758-a303-de6f39da4dbc@group-4E13145AFCA4-SegmentedRaftLogWorker: created new log segment /home/runner/work/ozone/ozone/hadoop-ozone/integration-test/target/test-dir/MiniOzoneClusterImpl-611c99c7-d47b-4433-a4ef-cd0a35b076ef/ozone-metadata/datanode-4/ratis/646a14ee-6b5e-4675-bb4e-4e13145afca4/current/log_inprogress_1
2025-10-10 10:40:30,765 [36185c6b-22ce-45d1-a622-3a6b487a5a53@group-813C05265458-FollowerState] INFO  impl.FollowerState (FollowerState.java:runImpl(161)) - 36185c6b-22ce-45d1-a622-3a6b487a5a53@group-813C05265458-FollowerState: change to CANDIDATE, lastRpcElapsedTime:1174385321ns, electionTimeout:1174ms
2025-10-10 10:40:30,765 [36185c6b-22ce-45d1-a622-3a6b487a5a53@group-813C05265458-FollowerState] INFO  impl.RoleInfo (RoleInfo.java:shutdownFollowerState(121)) - 36185c6b-22ce-45d1-a622-3a6b487a5a53: shutdown 36185c6b-22ce-45d1-a622-3a6b487a5a53@group-813C05265458-FollowerState
2025-10-10 10:40:30,765 [36185c6b-22ce-45d1-a622-3a6b487a5a53@group-813C05265458-FollowerState] INFO  server.RaftServer$Division (RaftServerImpl.java:setRole(392)) - 36185c6b-22ce-45d1-a622-3a6b487a5a53@group-813C05265458: changes role from  FOLLOWER to CANDIDATE at term 1 for changeToCandidate
2025-10-10 10:40:30,766 [36185c6b-22ce-45d1-a622-3a6b487a5a53@group-813C05265458-FollowerState] INFO  impl.RoleInfo (RoleInfo.java:updateAndGet(148)) - 36185c6b-22ce-45d1-a622-3a6b487a5a53: start 36185c6b-22ce-45d1-a622-3a6b487a5a53@group-813C05265458-LeaderElection307
2025-10-10 10:40:30,766 [36185c6b-22ce-45d1-a622-3a6b487a5a53@group-813C05265458-LeaderElection307] INFO  impl.LeaderElection (LeaderElection.java:askForVotes(448)) - 36185c6b-22ce-45d1-a622-3a6b487a5a53@group-813C05265458-LeaderElection307 PRE_VOTE round 0: submit vote requests at term 1 for conf: {index: 0, cur=peers:[aa9634f0-8836-44d6-bc05-5b19fbdd93d5|127.0.0.1:15063, 36185c6b-22ce-45d1-a622-3a6b487a5a53|127.0.0.1:15071, 895d447a-5476-42e4-b2fa-6eb687701d46|127.0.0.1:15079]|listeners:[], old=null}
2025-10-10 10:40:30,767 [grpc-default-executor-1] INFO  server.RaftServer$Division (RaftServerImpl.java:requestVote(1421)) - 895d447a-5476-42e4-b2fa-6eb687701d46@group-813C05265458: receive requestVote(PRE_VOTE, 36185c6b-22ce-45d1-a622-3a6b487a5a53, group-813C05265458, 1, (t:1, i:0))
2025-10-10 10:40:30,767 [grpc-default-executor-10] INFO  server.RaftServer$Division (RaftServerImpl.java:requestVote(1421)) - aa9634f0-8836-44d6-bc05-5b19fbdd93d5@group-813C05265458: receive requestVote(PRE_VOTE, 36185c6b-22ce-45d1-a622-3a6b487a5a53, group-813C05265458, 1, (t:1, i:0))
2025-10-10 10:40:30,767 [grpc-default-executor-1] INFO  impl.VoteContext (VoteContext.java:log(49)) - 895d447a-5476-42e4-b2fa-6eb687701d46@group-813C05265458-FOLLOWER: accept PRE_VOTE from 36185c6b-22ce-45d1-a622-3a6b487a5a53: our priority 0 <= candidate's priority 0
2025-10-10 10:40:30,767 [grpc-default-executor-10] INFO  impl.VoteContext (VoteContext.java:log(49)) - aa9634f0-8836-44d6-bc05-5b19fbdd93d5@group-813C05265458-FOLLOWER: reject PRE_VOTE from 36185c6b-22ce-45d1-a622-3a6b487a5a53: our priority 1 > candidate's priority 0
2025-10-10 10:40:30,767 [grpc-default-executor-1] INFO  server.RaftServer$Division (RaftServerImpl.java:requestVote(1455)) - 895d447a-5476-42e4-b2fa-6eb687701d46@group-813C05265458 replies to PRE_VOTE vote request: 36185c6b-22ce-45d1-a622-3a6b487a5a53<-895d447a-5476-42e4-b2fa-6eb687701d46#0:OK-t1-last:(t:1, i:0). Peer's state: 895d447a-5476-42e4-b2fa-6eb687701d46@group-813C05265458:t1, leader=null, voted=aa9634f0-8836-44d6-bc05-5b19fbdd93d5, raftlog=Memoized:895d447a-5476-42e4-b2fa-6eb687701d46@group-813C05265458-SegmentedRaftLog:OPENED:c0:last(t:1, i:0), conf=conf: {index: 0, cur=peers:[aa9634f0-8836-44d6-bc05-5b19fbdd93d5|127.0.0.1:15063, 36185c6b-22ce-45d1-a622-3a6b487a5a53|127.0.0.1:15071, 895d447a-5476-42e4-b2fa-6eb687701d46|127.0.0.1:15079]|listeners:[], old=null}
2025-10-10 10:40:30,767 [grpc-default-executor-10] INFO  server.RaftServer$Division (RaftServerImpl.java:requestVote(1455)) - aa9634f0-8836-44d6-bc05-5b19fbdd93d5@group-813C05265458 replies to PRE_VOTE vote request: 36185c6b-22ce-45d1-a622-3a6b487a5a53<-aa9634f0-8836-44d6-bc05-5b19fbdd93d5#0:FAIL-t1-last:(t:1, i:0). Peer's state: aa9634f0-8836-44d6-bc05-5b19fbdd93d5@group-813C05265458:t1, leader=null, voted=aa9634f0-8836-44d6-bc05-5b19fbdd93d5, raftlog=Memoized:aa9634f0-8836-44d6-bc05-5b19fbdd93d5@group-813C05265458-SegmentedRaftLog:OPENED:c0:last(t:1, i:0), conf=conf: {index: 0, cur=peers:[aa9634f0-8836-44d6-bc05-5b19fbdd93d5|127.0.0.1:15063, 36185c6b-22ce-45d1-a622-3a6b487a5a53|127.0.0.1:15071, 895d447a-5476-42e4-b2fa-6eb687701d46|127.0.0.1:15079]|listeners:[], old=null}
2025-10-10 10:40:30,768 [36185c6b-22ce-45d1-a622-3a6b487a5a53@group-813C05265458-LeaderElection307] INFO  impl.LeaderElection (LeaderElection.java:logAndReturn(206)) - 36185c6b-22ce-45d1-a622-3a6b487a5a53@group-813C05265458-LeaderElection307: PRE_VOTE REJECTED received 2 response(s) and 0 exception(s):
2025-10-10 10:40:30,768 [36185c6b-22ce-45d1-a622-3a6b487a5a53@group-813C05265458-LeaderElection307] INFO  impl.LeaderElection (LeaderElection.java:logAndReturn(210)) -   Response 0: 36185c6b-22ce-45d1-a622-3a6b487a5a53<-aa9634f0-8836-44d6-bc05-5b19fbdd93d5#0:FAIL-t1-last:(t:1, i:0)
2025-10-10 10:40:30,768 [36185c6b-22ce-45d1-a622-3a6b487a5a53@group-813C05265458-LeaderElection307] INFO  impl.LeaderElection (LeaderElection.java:logAndReturn(210)) -   Response 1: 36185c6b-22ce-45d1-a622-3a6b487a5a53<-895d447a-5476-42e4-b2fa-6eb687701d46#0:OK-t1-last:(t:1, i:0)
2025-10-10 10:40:30,768 [36185c6b-22ce-45d1-a622-3a6b487a5a53@group-813C05265458-LeaderElection307] INFO  impl.LeaderElection (LeaderElection.java:askForVotes(450)) - 36185c6b-22ce-45d1-a622-3a6b487a5a53@group-813C05265458-LeaderElection307 PRE_VOTE round 0: result REJECTED
2025-10-10 10:40:30,768 [36185c6b-22ce-45d1-a622-3a6b487a5a53@group-813C05265458-LeaderElection307] INFO  server.RaftServer$Division (RaftServerImpl.java:setRole(392)) - 36185c6b-22ce-45d1-a622-3a6b487a5a53@group-813C05265458: changes role from CANDIDATE to FOLLOWER at term 1 for REJECTED
2025-10-10 10:40:30,768 [36185c6b-22ce-45d1-a622-3a6b487a5a53@group-813C05265458-LeaderElection307] INFO  impl.RoleInfo (RoleInfo.java:shutdownLeaderElection(141)) - 36185c6b-22ce-45d1-a622-3a6b487a5a53: shutdown 36185c6b-22ce-45d1-a622-3a6b487a5a53@group-813C05265458-LeaderElection307
2025-10-10 10:40:30,768 [36185c6b-22ce-45d1-a622-3a6b487a5a53@group-813C05265458-LeaderElection307] INFO  impl.RoleInfo (RoleInfo.java:updateAndGet(148)) - 36185c6b-22ce-45d1-a622-3a6b487a5a53: start 36185c6b-22ce-45d1-a622-3a6b487a5a53@group-813C05265458-FollowerState
2025-10-10 10:40:30,912 [aa9634f0-8836-44d6-bc05-5b19fbdd93d5@group-813C05265458-FollowerState] INFO  impl.FollowerState (FollowerState.java:runImpl(161)) - aa9634f0-8836-44d6-bc05-5b19fbdd93d5@group-813C05265458-FollowerState: change to CANDIDATE, lastRpcElapsedTime:1189233495ns, electionTimeout:1189ms
2025-10-10 10:40:30,912 [aa9634f0-8836-44d6-bc05-5b19fbdd93d5@group-813C05265458-FollowerState] INFO  impl.RoleInfo (RoleInfo.java:shutdownFollowerState(121)) - aa9634f0-8836-44d6-bc05-5b19fbdd93d5: shutdown aa9634f0-8836-44d6-bc05-5b19fbdd93d5@group-813C05265458-FollowerState
2025-10-10 10:40:30,912 [aa9634f0-8836-44d6-bc05-5b19fbdd93d5@group-813C05265458-FollowerState] INFO  server.RaftServer$Division (RaftServerImpl.java:setRole(392)) - aa9634f0-8836-44d6-bc05-5b19fbdd93d5@group-813C05265458: changes role from  FOLLOWER to CANDIDATE at term 1 for changeToCandidate
2025-10-10 10:40:30,913 [aa9634f0-8836-44d6-bc05-5b19fbdd93d5@group-813C05265458-FollowerState] INFO  impl.RoleInfo (RoleInfo.java:updateAndGet(148)) - aa9634f0-8836-44d6-bc05-5b19fbdd93d5: start aa9634f0-8836-44d6-bc05-5b19fbdd93d5@group-813C05265458-LeaderElection308
2025-10-10 10:40:30,913 [aa9634f0-8836-44d6-bc05-5b19fbdd93d5@group-813C05265458-LeaderElection308] INFO  impl.LeaderElection (LeaderElection.java:askForVotes(448)) - aa9634f0-8836-44d6-bc05-5b19fbdd93d5@group-813C05265458-LeaderElection308 PRE_VOTE round 0: submit vote requests at term 1 for conf: {index: 0, cur=peers:[aa9634f0-8836-44d6-bc05-5b19fbdd93d5|127.0.0.1:15063, 36185c6b-22ce-45d1-a622-3a6b487a5a53|127.0.0.1:15071, 895d447a-5476-42e4-b2fa-6eb687701d46|127.0.0.1:15079]|listeners:[], old=null}
2025-10-10 10:40:30,913 [aa9634f0-8836-44d6-bc05-5b19fbdd93d5@group-813C05265458-LeaderElection308] INFO  impl.LeaderElection (LogUtils.java:infoOrTrace(142)) - aa9634f0-8836-44d6-bc05-5b19fbdd93d5@group-813C05265458-LeaderElection308 got exception when requesting votes: java.util.concurrent.ExecutionException: org.apache.ratis.thirdparty.io.grpc.StatusRuntimeException: UNAVAILABLE: io exception
2025-10-10 10:40:30,913 [aa9634f0-8836-44d6-bc05-5b19fbdd93d5@group-813C05265458-LeaderElection308] INFO  impl.LeaderElection (LogUtils.java:infoOrTrace(142)) - aa9634f0-8836-44d6-bc05-5b19fbdd93d5@group-813C05265458-LeaderElection308 got exception when requesting votes: java.util.concurrent.ExecutionException: org.apache.ratis.thirdparty.io.grpc.StatusRuntimeException: UNAVAILABLE: io exception
2025-10-10 10:40:30,913 [aa9634f0-8836-44d6-bc05-5b19fbdd93d5@group-813C05265458-LeaderElection308] INFO  impl.LeaderElection (LeaderElection.java:logAndReturn(206)) - aa9634f0-8836-44d6-bc05-5b19fbdd93d5@group-813C05265458-LeaderElection308: PRE_VOTE REJECTED received 0 response(s) and 2 exception(s):
2025-10-10 10:40:30,913 [aa9634f0-8836-44d6-bc05-5b19fbdd93d5@group-813C05265458-LeaderElection308] INFO  impl.LeaderElection (LogUtils.java:infoOrTrace(142)) -   Exception 0: java.util.concurrent.ExecutionException: org.apache.ratis.thirdparty.io.grpc.StatusRuntimeException: UNAVAILABLE: io exception
2025-10-10 10:40:30,913 [aa9634f0-8836-44d6-bc05-5b19fbdd93d5@group-813C05265458-LeaderElection308] INFO  impl.LeaderElection (LogUtils.java:infoOrTrace(142)) -   Exception 1: java.util.concurrent.ExecutionException: org.apache.ratis.thirdparty.io.grpc.StatusRuntimeException: UNAVAILABLE: io exception
2025-10-10 10:40:30,913 [aa9634f0-8836-44d6-bc05-5b19fbdd93d5@group-813C05265458-LeaderElection308] INFO  impl.LeaderElection (LeaderElection.java:askForVotes(450)) - aa9634f0-8836-44d6-bc05-5b19fbdd93d5@group-813C05265458-LeaderElection308 PRE_VOTE round 0: result REJECTED
2025-10-10 10:40:30,914 [aa9634f0-8836-44d6-bc05-5b19fbdd93d5@group-813C05265458-LeaderElection308] INFO  server.RaftServer$Division (RaftServerImpl.java:setRole(392)) - aa9634f0-8836-44d6-bc05-5b19fbdd93d5@group-813C05265458: changes role from CANDIDATE to FOLLOWER at term 1 for REJECTED
2025-10-10 10:40:30,914 [aa9634f0-8836-44d6-bc05-5b19fbdd93d5@group-813C05265458-LeaderElection308] INFO  impl.RoleInfo (RoleInfo.java:shutdownLeaderElection(141)) - aa9634f0-8836-44d6-bc05-5b19fbdd93d5: shutdown aa9634f0-8836-44d6-bc05-5b19fbdd93d5@group-813C05265458-LeaderElection308
2025-10-10 10:40:30,914 [aa9634f0-8836-44d6-bc05-5b19fbdd93d5@group-813C05265458-LeaderElection308] INFO  impl.RoleInfo (RoleInfo.java:updateAndGet(148)) - aa9634f0-8836-44d6-bc05-5b19fbdd93d5: start aa9634f0-8836-44d6-bc05-5b19fbdd93d5@group-813C05265458-FollowerState
2025-10-10 10:40:31,088 [ad892cb1-3002-4758-a303-de6f39da4dbc@group-7FE9BF83969B-FollowerState] INFO  impl.FollowerState (FollowerState.java:runImpl(161)) - ad892cb1-3002-4758-a303-de6f39da4dbc@group-7FE9BF83969B-FollowerState: change to CANDIDATE, lastRpcElapsedTime:1123220895ns, electionTimeout:1123ms
2025-10-10 10:40:31,088 [ad892cb1-3002-4758-a303-de6f39da4dbc@group-7FE9BF83969B-FollowerState] INFO  impl.RoleInfo (RoleInfo.java:shutdownFollowerState(121)) - ad892cb1-3002-4758-a303-de6f39da4dbc: shutdown ad892cb1-3002-4758-a303-de6f39da4dbc@group-7FE9BF83969B-FollowerState
2025-10-10 10:40:31,088 [ad892cb1-3002-4758-a303-de6f39da4dbc@group-7FE9BF83969B-FollowerState] INFO  server.RaftServer$Division (RaftServerImpl.java:setRole(392)) - ad892cb1-3002-4758-a303-de6f39da4dbc@group-7FE9BF83969B: changes role from  FOLLOWER to CANDIDATE at term 1 for changeToCandidate
2025-10-10 10:40:31,088 [ad892cb1-3002-4758-a303-de6f39da4dbc@group-7FE9BF83969B-FollowerState] INFO  impl.RoleInfo (RoleInfo.java:updateAndGet(148)) - ad892cb1-3002-4758-a303-de6f39da4dbc: start ad892cb1-3002-4758-a303-de6f39da4dbc@group-7FE9BF83969B-LeaderElection309
2025-10-10 10:40:31,089 [ad892cb1-3002-4758-a303-de6f39da4dbc@group-7FE9BF83969B-LeaderElection309] INFO  impl.LeaderElection (LeaderElection.java:askForVotes(448)) - ad892cb1-3002-4758-a303-de6f39da4dbc@group-7FE9BF83969B-LeaderElection309 PRE_VOTE round 0: submit vote requests at term 1 for conf: {index: 0, cur=peers:[9ab71813-e86f-4276-8581-297fed06961e|127.0.0.1:15047, ad892cb1-3002-4758-a303-de6f39da4dbc|127.0.0.1:15039, 22d9c8a1-4559-44b0-a4af-9630f79f1f05|127.0.0.1:15055]|listeners:[], old=null}
2025-10-10 10:40:31,090 [grpc-default-executor-10] INFO  server.RaftServer$Division (RaftServerImpl.java:requestVote(1421)) - 22d9c8a1-4559-44b0-a4af-9630f79f1f05@group-7FE9BF83969B: receive requestVote(PRE_VOTE, ad892cb1-3002-4758-a303-de6f39da4dbc, group-7FE9BF83969B, 1, (t:1, i:13))
2025-10-10 10:40:31,090 [grpc-default-executor-1] INFO  server.RaftServer$Division (RaftServerImpl.java:requestVote(1421)) - 9ab71813-e86f-4276-8581-297fed06961e@group-7FE9BF83969B: receive requestVote(PRE_VOTE, ad892cb1-3002-4758-a303-de6f39da4dbc, group-7FE9BF83969B, 1, (t:1, i:13))
2025-10-10 10:40:31,090 [grpc-default-executor-1] INFO  impl.VoteContext (VoteContext.java:log(49)) - 9ab71813-e86f-4276-8581-297fed06961e@group-7FE9BF83969B-FOLLOWER: reject PRE_VOTE from ad892cb1-3002-4758-a303-de6f39da4dbc: this server is a follower and still has a valid leader 22d9c8a1-4559-44b0-a4af-9630f79f1f05 different than the candidate ad892cb1-3002-4758-a303-de6f39da4dbc
2025-10-10 10:40:31,090 [grpc-default-executor-10] INFO  impl.VoteContext (VoteContext.java:log(49)) - 22d9c8a1-4559-44b0-a4af-9630f79f1f05@group-7FE9BF83969B-LEADER: reject PRE_VOTE from ad892cb1-3002-4758-a303-de6f39da4dbc: this server is the leader and still has leadership
2025-10-10 10:40:31,090 [grpc-default-executor-10] INFO  server.RaftServer$Division (RaftServerImpl.java:requestVote(1455)) - 22d9c8a1-4559-44b0-a4af-9630f79f1f05@group-7FE9BF83969B replies to PRE_VOTE vote request: ad892cb1-3002-4758-a303-de6f39da4dbc<-22d9c8a1-4559-44b0-a4af-9630f79f1f05#0:FAIL-t1-last:(t:1, i:23). Peer's state: 22d9c8a1-4559-44b0-a4af-9630f79f1f05@group-7FE9BF83969B:t1, leader=22d9c8a1-4559-44b0-a4af-9630f79f1f05, voted=22d9c8a1-4559-44b0-a4af-9630f79f1f05, raftlog=Memoized:22d9c8a1-4559-44b0-a4af-9630f79f1f05@group-7FE9BF83969B-SegmentedRaftLog:OPENED:c23:last(t:1, i:23), conf=conf: {index: 0, cur=peers:[9ab71813-e86f-4276-8581-297fed06961e|127.0.0.1:15047, ad892cb1-3002-4758-a303-de6f39da4dbc|127.0.0.1:15039, 22d9c8a1-4559-44b0-a4af-9630f79f1f05|127.0.0.1:15055]|listeners:[], old=null}
2025-10-10 10:40:31,090 [grpc-default-executor-1] INFO  server.RaftServer$Division (RaftServerImpl.java:requestVote(1455)) - 9ab71813-e86f-4276-8581-297fed06961e@group-7FE9BF83969B replies to PRE_VOTE vote request: ad892cb1-3002-4758-a303-de6f39da4dbc<-9ab71813-e86f-4276-8581-297fed06961e#0:FAIL-t1-last:(t:1, i:23). Peer's state: 9ab71813-e86f-4276-8581-297fed06961e@group-7FE9BF83969B:t1, leader=22d9c8a1-4559-44b0-a4af-9630f79f1f05, voted=22d9c8a1-4559-44b0-a4af-9630f79f1f05, raftlog=Memoized:9ab71813-e86f-4276-8581-297fed06961e@group-7FE9BF83969B-SegmentedRaftLog:OPENED:c23:last(t:1, i:23), conf=conf: {index: 0, cur=peers:[9ab71813-e86f-4276-8581-297fed06961e|127.0.0.1:15047, ad892cb1-3002-4758-a303-de6f39da4dbc|127.0.0.1:15039, 22d9c8a1-4559-44b0-a4af-9630f79f1f05|127.0.0.1:15055]|listeners:[], old=null}
2025-10-10 10:40:31,091 [ad892cb1-3002-4758-a303-de6f39da4dbc@group-7FE9BF83969B-LeaderElection309] INFO  impl.LeaderElection (LeaderElection.java:logAndReturn(206)) - ad892cb1-3002-4758-a303-de6f39da4dbc@group-7FE9BF83969B-LeaderElection309: PRE_VOTE REJECTED received 1 response(s) and 0 exception(s):
2025-10-10 10:40:31,091 [ad892cb1-3002-4758-a303-de6f39da4dbc@group-7FE9BF83969B-LeaderElection309] INFO  impl.LeaderElection (LeaderElection.java:logAndReturn(210)) -   Response 0: ad892cb1-3002-4758-a303-de6f39da4dbc<-22d9c8a1-4559-44b0-a4af-9630f79f1f05#0:FAIL-t1-last:(t:1, i:23)
2025-10-10 10:40:31,091 [ad892cb1-3002-4758-a303-de6f39da4dbc@group-7FE9BF83969B-LeaderElection309] INFO  impl.LeaderElection (LeaderElection.java:askForVotes(450)) - ad892cb1-3002-4758-a303-de6f39da4dbc@group-7FE9BF83969B-LeaderElection309 PRE_VOTE round 0: result REJECTED
2025-10-10 10:40:31,091 [ad892cb1-3002-4758-a303-de6f39da4dbc@group-7FE9BF83969B-LeaderElection309] INFO  server.RaftServer$Division (RaftServerImpl.java:setRole(392)) - ad892cb1-3002-4758-a303-de6f39da4dbc@group-7FE9BF83969B: changes role from CANDIDATE to FOLLOWER at term 1 for REJECTED
2025-10-10 10:40:31,091 [ad892cb1-3002-4758-a303-de6f39da4dbc@group-7FE9BF83969B-LeaderElection309] INFO  impl.RoleInfo (RoleInfo.java:shutdownLeaderElection(141)) - ad892cb1-3002-4758-a303-de6f39da4dbc: shutdown ad892cb1-3002-4758-a303-de6f39da4dbc@group-7FE9BF83969B-LeaderElection309
2025-10-10 10:40:31,091 [ad892cb1-3002-4758-a303-de6f39da4dbc@group-7FE9BF83969B-LeaderElection309] INFO  impl.RoleInfo (RoleInfo.java:updateAndGet(148)) - ad892cb1-3002-4758-a303-de6f39da4dbc: start ad892cb1-3002-4758-a303-de6f39da4dbc@group-7FE9BF83969B-FollowerState
2025-10-10 10:40:31,413 [timer1] WARN  server.GrpcLogAppender (LogUtils.java:warn(127)) - 22d9c8a1-4559-44b0-a4af-9630f79f1f05@group-4E13145AFCA4->ad892cb1-3002-4758-a303-de6f39da4dbc-AppendLogResponseHandler: Failed appendEntries (Repeated 16 times in the last 5.001s): org.apache.ratis.thirdparty.io.grpc.StatusRuntimeException: UNAVAILABLE: io exception
  Caused by: org.apache.ratis.thirdparty.io.netty.channel.AbstractChannel$AnnotatedConnectException: finishConnect(..) failed: Connection refused: /127.0.0.1:15039
  Caused by: java.net.ConnectException: finishConnect(..) failed: Connection refused
2025-10-10 10:40:31,415 [timer5] WARN  server.GrpcLogAppender (GrpcLogAppender.java:lambda$resetClient$1(228)) - 22d9c8a1-4559-44b0-a4af-9630f79f1f05@group-4E13145AFCA4->ad892cb1-3002-4758-a303-de6f39da4dbc-GrpcLogAppender: Follower failed (request=null, errorCount=2); keep nextIndex (1) unchanged and retry. (Repeated 2 times in the last 5.002s)
2025-10-10 10:40:31,416 [timer6] WARN  server.GrpcLogAppender (GrpcLogAppender.java:lambda$resetClient$1(228)) - 22d9c8a1-4559-44b0-a4af-9630f79f1f05@group-4E13145AFCA4->ad892cb1-3002-4758-a303-de6f39da4dbc-GrpcLogAppender: Follower failed (request=null, errorCount=4); keep nextIndex (2) unchanged and retry. (Repeated 2 times in the last 5.000s)
2025-10-10 10:40:31,425 [timer1] WARN  server.GrpcLogAppender (GrpcLogAppender.java:lambda$resetClient$1(228)) - 22d9c8a1-4559-44b0-a4af-9630f79f1f05@group-4E13145AFCA4->ad892cb1-3002-4758-a303-de6f39da4dbc-GrpcLogAppender: Follower failed (request=null, errorCount=16); keep nextIndex (3) unchanged and retry. (Repeated 12 times in the last 5.000s)
2025-10-10 10:40:31,512 [timer1] WARN  server.GrpcLogAppender (GrpcLogAppender.java:lambda$onNextImpl$0(527)) - 895d447a-5476-42e4-b2fa-6eb687701d46@group-6EF60CB14872->36185c6b-22ce-45d1-a622-3a6b487a5a53-AppendLogResponseHandler: received INCONSISTENCY reply with nextIndex 20, errorCount=2, request=null  (Repeated 2 times in the last 5.000s)
2025-10-10 10:40:31,555 [22d9c8a1-4559-44b0-a4af-9630f79f1f05@group-4E13145AFCA4-LeaderStateImpl] INFO  impl.TransferLeadership (TransferLeadership.java:tryTransferLeadership(258)) - 22d9c8a1-4559-44b0-a4af-9630f79f1f05@group-4E13145AFCA4: start transferring leadership to ad892cb1-3002-4758-a303-de6f39da4dbc
2025-10-10 10:40:31,555 [22d9c8a1-4559-44b0-a4af-9630f79f1f05@group-4E13145AFCA4-LeaderStateImpl] INFO  impl.TransferLeadership (TransferLeadership.java:sendStartLeaderElection(210)) - 22d9c8a1-4559-44b0-a4af-9630f79f1f05@group-4E13145AFCA4: sendStartLeaderElection to follower ad892cb1-3002-4758-a303-de6f39da4dbc, lastEntry=(t:2, i:2)
2025-10-10 10:40:31,555 [22d9c8a1-4559-44b0-a4af-9630f79f1f05@group-4E13145AFCA4-LeaderStateImpl] INFO  impl.TransferLeadership (TransferLeadership.java:tryTransferLeadership(266)) - 22d9c8a1-4559-44b0-a4af-9630f79f1f05@group-4E13145AFCA4: SUCCESS sent StartLeaderElection to transferee ad892cb1-3002-4758-a303-de6f39da4dbc immediately as it already has up-to-date log
2025-10-10 10:40:31,556 [grpc-default-executor-1] INFO  impl.RoleInfo (RoleInfo.java:shutdownFollowerState(121)) - ad892cb1-3002-4758-a303-de6f39da4dbc: shutdown ad892cb1-3002-4758-a303-de6f39da4dbc@group-4E13145AFCA4-FollowerState
2025-10-10 10:40:31,556 [grpc-default-executor-1] INFO  server.RaftServer$Division (RaftServerImpl.java:setRole(392)) - ad892cb1-3002-4758-a303-de6f39da4dbc@group-4E13145AFCA4: changes role from  FOLLOWER to CANDIDATE at term 2 for changeToCandidate
2025-10-10 10:40:31,556 [ad892cb1-3002-4758-a303-de6f39da4dbc@group-4E13145AFCA4-FollowerState] INFO  impl.FollowerState (FollowerState.java:runImpl(170)) - ad892cb1-3002-4758-a303-de6f39da4dbc@group-4E13145AFCA4-FollowerState was interrupted
2025-10-10 10:40:31,556 [grpc-default-executor-1] INFO  server.RaftServer$Division (ServerState.java:setLeader(272)) - ad892cb1-3002-4758-a303-de6f39da4dbc@group-4E13145AFCA4: change Leader from 22d9c8a1-4559-44b0-a4af-9630f79f1f05 to null at term 2 for ELECTION
2025-10-10 10:40:31,557 [grpc-default-executor-1] INFO  impl.RoleInfo (RoleInfo.java:updateAndGet(148)) - ad892cb1-3002-4758-a303-de6f39da4dbc: start ad892cb1-3002-4758-a303-de6f39da4dbc@group-4E13145AFCA4-LeaderElection310
2025-10-10 10:40:31,557 [ad892cb1-3002-4758-a303-de6f39da4dbc@group-4E13145AFCA4-LeaderElection310] INFO  impl.LeaderElection (LeaderElection.java:askForVotes(448)) - ad892cb1-3002-4758-a303-de6f39da4dbc@group-4E13145AFCA4-LeaderElection310 ELECTION round 0: submit vote requests at term 3 for conf: {index: 1, cur=peers:[9ab71813-e86f-4276-8581-297fed06961e|127.0.0.1:15047, ad892cb1-3002-4758-a303-de6f39da4dbc|127.0.0.1:15039, 22d9c8a1-4559-44b0-a4af-9630f79f1f05|127.0.0.1:15055]|listeners:[], old=null}
2025-10-10 10:40:31,558 [22d9c8a1-4559-44b0-a4af-9630f79f1f05-server-thread1] INFO  impl.TransferLeadership (TransferLeadership.java:lambda$sendStartLeaderElection$2(224)) - 22d9c8a1-4559-44b0-a4af-9630f79f1f05@group-4E13145AFCA4: Received startLeaderElection reply from ad892cb1-3002-4758-a303-de6f39da4dbc: success? true
2025-10-10 10:40:31,558 [grpc-default-executor-10] INFO  server.RaftServer$Division (RaftServerImpl.java:requestVote(1421)) - 9ab71813-e86f-4276-8581-297fed06961e@group-4E13145AFCA4: receive requestVote(ELECTION, ad892cb1-3002-4758-a303-de6f39da4dbc, group-4E13145AFCA4, 3, (t:2, i:2))
2025-10-10 10:40:31,558 [grpc-default-executor-1] INFO  server.RaftServer$Division (RaftServerImpl.java:requestVote(1421)) - 22d9c8a1-4559-44b0-a4af-9630f79f1f05@group-4E13145AFCA4: receive requestVote(ELECTION, ad892cb1-3002-4758-a303-de6f39da4dbc, group-4E13145AFCA4, 3, (t:2, i:2))
2025-10-10 10:40:31,559 [grpc-default-executor-10] INFO  impl.VoteContext (VoteContext.java:log(49)) - 9ab71813-e86f-4276-8581-297fed06961e@group-4E13145AFCA4-FOLLOWER: accept ELECTION from ad892cb1-3002-4758-a303-de6f39da4dbc: our priority 0 <= candidate's priority 1
2025-10-10 10:40:31,559 [grpc-default-executor-1] INFO  impl.VoteContext (VoteContext.java:log(49)) - 22d9c8a1-4559-44b0-a4af-9630f79f1f05@group-4E13145AFCA4-LEADER: accept ELECTION from ad892cb1-3002-4758-a303-de6f39da4dbc: our priority 0 <= candidate's priority 1
2025-10-10 10:40:31,559 [grpc-default-executor-10] INFO  server.RaftServer$Division (RaftServerImpl.java:setRole(392)) - 9ab71813-e86f-4276-8581-297fed06961e@group-4E13145AFCA4: changes role from  FOLLOWER to FOLLOWER at term 2 for candidate:ad892cb1-3002-4758-a303-de6f39da4dbc
2025-10-10 10:40:31,559 [grpc-default-executor-10] INFO  impl.RoleInfo (RoleInfo.java:shutdownFollowerState(121)) - 9ab71813-e86f-4276-8581-297fed06961e: shutdown 9ab71813-e86f-4276-8581-297fed06961e@group-4E13145AFCA4-FollowerState
2025-10-10 10:40:31,559 [grpc-default-executor-10] INFO  server.RaftServer$Division (ServerState.java:setLeader(272)) - 9ab71813-e86f-4276-8581-297fed06961e@group-4E13145AFCA4: change Leader from 22d9c8a1-4559-44b0-a4af-9630f79f1f05 to null at term 3 for updateCurrentTerm
2025-10-10 10:40:31,559 [grpc-default-executor-10] INFO  impl.RoleInfo (RoleInfo.java:updateAndGet(148)) - 9ab71813-e86f-4276-8581-297fed06961e: start 9ab71813-e86f-4276-8581-297fed06961e@group-4E13145AFCA4-FollowerState
2025-10-10 10:40:31,559 [9ab71813-e86f-4276-8581-297fed06961e@group-4E13145AFCA4-FollowerState] INFO  impl.FollowerState (FollowerState.java:runImpl(170)) - 9ab71813-e86f-4276-8581-297fed06961e@group-4E13145AFCA4-FollowerState was interrupted
2025-10-10 10:40:31,559 [grpc-default-executor-1] INFO  server.RaftServer$Division (RaftServerImpl.java:setRole(392)) - 22d9c8a1-4559-44b0-a4af-9630f79f1f05@group-4E13145AFCA4: changes role from    LEADER to FOLLOWER at term 2 for candidate:ad892cb1-3002-4758-a303-de6f39da4dbc
2025-10-10 10:40:31,559 [grpc-default-executor-1] INFO  impl.RoleInfo (RoleInfo.java:shutdownLeaderState(103)) - 22d9c8a1-4559-44b0-a4af-9630f79f1f05: shutdown 22d9c8a1-4559-44b0-a4af-9630f79f1f05@group-4E13145AFCA4-LeaderStateImpl
2025-10-10 10:40:31,560 [22d9c8a1-4559-44b0-a4af-9630f79f1f05@group-4E13145AFCA4->9ab71813-e86f-4276-8581-297fed06961e-GrpcLogAppender-LogAppenderDaemon] WARN  server.GrpcLogAppender (GrpcLogAppender.java:mayWait(300)) - 22d9c8a1-4559-44b0-a4af-9630f79f1f05@group-4E13145AFCA4->9ab71813-e86f-4276-8581-297fed06961e-GrpcLogAppender: Wait interrupted by java.lang.InterruptedException
2025-10-10 10:40:31,560 [grpc-default-executor-10] INFO  server.RaftServer$Division (RaftServerImpl.java:requestVote(1455)) - 9ab71813-e86f-4276-8581-297fed06961e@group-4E13145AFCA4 replies to ELECTION vote request: ad892cb1-3002-4758-a303-de6f39da4dbc<-9ab71813-e86f-4276-8581-297fed06961e#0:OK-t3-last:(t:2, i:2). Peer's state: 9ab71813-e86f-4276-8581-297fed06961e@group-4E13145AFCA4:t3, leader=null, voted=ad892cb1-3002-4758-a303-de6f39da4dbc, raftlog=Memoized:9ab71813-e86f-4276-8581-297fed06961e@group-4E13145AFCA4-SegmentedRaftLog:OPENED:c2:last(t:2, i:2), conf=conf: {index: 1, cur=peers:[9ab71813-e86f-4276-8581-297fed06961e|127.0.0.1:15047, ad892cb1-3002-4758-a303-de6f39da4dbc|127.0.0.1:15039, 22d9c8a1-4559-44b0-a4af-9630f79f1f05|127.0.0.1:15055]|listeners:[], old=null}
2025-10-10 10:40:31,560 [grpc-default-executor-1] INFO  impl.PendingRequests (PendingRequests.java:sendNotLeaderResponses(287)) - 22d9c8a1-4559-44b0-a4af-9630f79f1f05@group-4E13145AFCA4-PendingRequests: sendNotLeaderResponses
2025-10-10 10:40:31,560 [grpc-default-executor-4] INFO  server.GrpcServerProtocolService (GrpcServerProtocolService.java:lambda$onCompleted$6(171)) - 9ab71813-e86f-4276-8581-297fed06961e: Completed APPEND_ENTRIES, lastRequest: 22d9c8a1-4559-44b0-a4af-9630f79f1f05->9ab71813-e86f-4276-8581-297fed06961e#2-t2,previous=(t:2, i:1),leaderCommit=1,initializing? false,entries: size=1, first=(t:2, i:2), METADATAENTRY(c:1) 
2025-10-10 10:40:31,560 [grpc-default-executor-7] INFO  server.GrpcServerProtocolService (GrpcServerProtocolService.java:lambda$null$7(175)) - 9ab71813-e86f-4276-8581-297fed06961e: Completed APPEND_ENTRIES, lastReply: serverReply {
  requestorId: "22d9c8a1-4559-44b0-a4af-9630f79f1f05"
  replyId: "9ab71813-e86f-4276-8581-297fed06961e"
  raftGroupId {
    id: "dj\024\356k^Fu\273NN\023\024Z\374\244"
  }
  callId: 13
  success: true
}
term: 2
nextIndex: 3
followerCommit: 2
matchIndex: 18446744073709551615
isHearbeat: true
 
2025-10-10 10:40:31,560 [22d9c8a1-4559-44b0-a4af-9630f79f1f05@group-4E13145AFCA4->ad892cb1-3002-4758-a303-de6f39da4dbc-GrpcLogAppender-LogAppenderDaemon] WARN  server.GrpcLogAppender (GrpcLogAppender.java:mayWait(300)) - 22d9c8a1-4559-44b0-a4af-9630f79f1f05@group-4E13145AFCA4->ad892cb1-3002-4758-a303-de6f39da4dbc-GrpcLogAppender: Wait interrupted by java.lang.InterruptedException
2025-10-10 10:40:31,561 [grpc-default-executor-4] INFO  server.GrpcLogAppender (GrpcLogAppender.java:onCompleted(558)) - 22d9c8a1-4559-44b0-a4af-9630f79f1f05@group-4E13145AFCA4->9ab71813-e86f-4276-8581-297fed06961e-AppendLogResponseHandler: follower responses appendEntries COMPLETED
2025-10-10 10:40:31,561 [grpc-default-executor-1] INFO  server.RaftServer$Division (ServerState.java:setLeader(272)) - 22d9c8a1-4559-44b0-a4af-9630f79f1f05@group-4E13145AFCA4: change Leader from 22d9c8a1-4559-44b0-a4af-9630f79f1f05 to null at term 2 for candidate:ad892cb1-3002-4758-a303-de6f39da4dbc
2025-10-10 10:40:31,561 [grpc-default-executor-1] INFO  impl.RoleInfo (RoleInfo.java:updateAndGet(148)) - 22d9c8a1-4559-44b0-a4af-9630f79f1f05: start 22d9c8a1-4559-44b0-a4af-9630f79f1f05@group-4E13145AFCA4-FollowerState
2025-10-10 10:40:31,562 [grpc-default-executor-7] INFO  server.GrpcServerProtocolService (GrpcServerProtocolService.java:lambda$onCompleted$6(171)) - ad892cb1-3002-4758-a303-de6f39da4dbc: Completed APPEND_ENTRIES, lastRequest: 22d9c8a1-4559-44b0-a4af-9630f79f1f05->ad892cb1-3002-4758-a303-de6f39da4dbc#1373-t2,previous=(t:1, i:0),leaderCommit=2,initializing? false,entries: size=2, first=(t:2, i:1), CONFIGURATIONENTRY(current:id:"9ab71813-e86f-4276-8581-297fed06961e"address:"127.0.0.1:15047"dataStreamAddress:"127.0.0.1:15048"clientAddress:"127.0.0.1:15045"adminAddress:"127.0.0.1:15046"startupRole:FOLLOWER, id:"ad892cb1-3002-4758-a303-de6f39da4dbc"address:"127.0.0.1:15039"priority:1dataStreamAddress:"127.0.0.1:15040"clientAddress:"127.0.0.1:15037"adminAddress:"127.0.0.1:15038"startupRole:FOLLOWER, id:"22d9c8a1-4559-44b0-a4af-9630f79f1f05"address:"127.0.0.1:15055"dataStreamAddress:"127.0.0.1:15056"clientAddress:"127.0.0.1:15053"adminAddress:"127.0.0.1:15054"startupRole:FOLLOWER, old:) 
2025-10-10 10:40:31,562 [grpc-default-executor-7] INFO  server.GrpcServerProtocolService (GrpcServerProtocolService.java:lambda$null$7(175)) - ad892cb1-3002-4758-a303-de6f39da4dbc: Completed APPEND_ENTRIES, lastReply: null 
2025-10-10 10:40:31,561 [grpc-default-executor-8] INFO  server.GrpcLogAppender (GrpcLogAppender.java:onCompleted(558)) - 22d9c8a1-4559-44b0-a4af-9630f79f1f05@group-4E13145AFCA4->9ab71813-e86f-4276-8581-297fed06961e-AppendLogResponseHandler: follower responses appendEntries COMPLETED
2025-10-10 10:40:31,562 [grpc-default-executor-7] INFO  server.GrpcLogAppender (GrpcLogAppender.java:onCompleted(558)) - 22d9c8a1-4559-44b0-a4af-9630f79f1f05@group-4E13145AFCA4->ad892cb1-3002-4758-a303-de6f39da4dbc-AppendLogResponseHandler: follower responses appendEntries COMPLETED
2025-10-10 10:40:31,562 [ad892cb1-3002-4758-a303-de6f39da4dbc@group-4E13145AFCA4-LeaderElection310] INFO  impl.LeaderElection (LeaderElection.java:logAndReturn(206)) - ad892cb1-3002-4758-a303-de6f39da4dbc@group-4E13145AFCA4-LeaderElection310: ELECTION PASSED received 1 response(s) and 0 exception(s):
2025-10-10 10:40:31,563 [ad892cb1-3002-4758-a303-de6f39da4dbc@group-4E13145AFCA4-LeaderElection310] INFO  impl.LeaderElection (LeaderElection.java:logAndReturn(210)) -   Response 0: ad892cb1-3002-4758-a303-de6f39da4dbc<-9ab71813-e86f-4276-8581-297fed06961e#0:OK-t3-last:(t:2, i:2)
2025-10-10 10:40:31,563 [ad892cb1-3002-4758-a303-de6f39da4dbc@group-4E13145AFCA4-LeaderElection310] INFO  impl.LeaderElection (LeaderElection.java:askForVotes(450)) - ad892cb1-3002-4758-a303-de6f39da4dbc@group-4E13145AFCA4-LeaderElection310 ELECTION round 0: result PASSED
2025-10-10 10:40:31,563 [ad892cb1-3002-4758-a303-de6f39da4dbc@group-4E13145AFCA4-LeaderElection310] INFO  impl.RoleInfo (RoleInfo.java:shutdownLeaderElection(141)) - ad892cb1-3002-4758-a303-de6f39da4dbc: shutdown ad892cb1-3002-4758-a303-de6f39da4dbc@group-4E13145AFCA4-LeaderElection310
2025-10-10 10:40:31,563 [ad892cb1-3002-4758-a303-de6f39da4dbc@group-4E13145AFCA4-LeaderElection310] INFO  server.RaftServer$Division (RaftServerImpl.java:setRole(392)) - ad892cb1-3002-4758-a303-de6f39da4dbc@group-4E13145AFCA4: changes role from CANDIDATE to LEADER at term 3 for changeToLeader
2025-10-10 10:40:31,563 [ad892cb1-3002-4758-a303-de6f39da4dbc@group-4E13145AFCA4-LeaderElection310] INFO  server.RaftServerConfigKeys (ConfUtils.java:logFallback(69)) - raft.server.staging.timeout = 3600ms (fallback to raft.server.rpc.timeout.max)
2025-10-10 10:40:31,563 [grpc-default-executor-7] INFO  server.GrpcLogAppender (GrpcLogAppender.java:onCompleted(558)) - 22d9c8a1-4559-44b0-a4af-9630f79f1f05@group-4E13145AFCA4->ad892cb1-3002-4758-a303-de6f39da4dbc-AppendLogResponseHandler: follower responses appendEntries COMPLETED
2025-10-10 10:40:31,563 [ad892cb1-3002-4758-a303-de6f39da4dbc@group-4E13145AFCA4-LeaderElection310] INFO  server.RaftServerConfigKeys (ConfUtils.java:logGet(62)) - raft.server.write.byte-limit = 1024 M (=1073741824) (custom)
2025-10-10 10:40:31,564 [grpc-default-executor-1] INFO  server.RaftServer$Division (RaftServerImpl.java:requestVote(1455)) - 22d9c8a1-4559-44b0-a4af-9630f79f1f05@group-4E13145AFCA4 replies to ELECTION vote request: ad892cb1-3002-4758-a303-de6f39da4dbc<-22d9c8a1-4559-44b0-a4af-9630f79f1f05#0:OK-t3-last:(t:2, i:2). Peer's state: 22d9c8a1-4559-44b0-a4af-9630f79f1f05@group-4E13145AFCA4:t3, leader=null, voted=ad892cb1-3002-4758-a303-de6f39da4dbc, raftlog=Memoized:22d9c8a1-4559-44b0-a4af-9630f79f1f05@group-4E13145AFCA4-SegmentedRaftLog:OPENED:c2:last(t:2, i:2), conf=conf: {index: 1, cur=peers:[9ab71813-e86f-4276-8581-297fed06961e|127.0.0.1:15047, ad892cb1-3002-4758-a303-de6f39da4dbc|127.0.0.1:15039, 22d9c8a1-4559-44b0-a4af-9630f79f1f05|127.0.0.1:15055]|listeners:[], old=null}
2025-10-10 10:40:31,564 [ad892cb1-3002-4758-a303-de6f39da4dbc@group-4E13145AFCA4-LeaderElection310] INFO  server.RaftServerConfigKeys (ConfUtils.java:logGet(62)) - raft.server.log.appender.buffer.byte-limit = 33554432 (custom)
2025-10-10 10:40:31,565 [ad892cb1-3002-4758-a303-de6f39da4dbc@group-4E13145AFCA4-LeaderElection310] INFO  server.RaftServerConfigKeys (ConfUtils.java:logGet(62)) - raft.server.log.appender.buffer.byte-limit = 33554432 (custom)
2025-10-10 10:40:31,565 [ad892cb1-3002-4758-a303-de6f39da4dbc@group-4E13145AFCA4-LeaderElection310] INFO  impl.RoleInfo (RoleInfo.java:updateAndGet(148)) - ad892cb1-3002-4758-a303-de6f39da4dbc: start ad892cb1-3002-4758-a303-de6f39da4dbc@group-4E13145AFCA4-LeaderStateImpl
2025-10-10 10:40:31,565 [ad892cb1-3002-4758-a303-de6f39da4dbc@group-4E13145AFCA4-LeaderElection310] INFO  ratis.XceiverServerRatis (XceiverServerRatis.java:handleLeaderChangedNotification(940)) - Leader change notification received for group: group-4E13145AFCA4 with new leaderId: ad892cb1-3002-4758-a303-de6f39da4dbc
2025-10-10 10:40:31,566 [ad892cb1-3002-4758-a303-de6f39da4dbc@group-4E13145AFCA4-LeaderElection310] INFO  server.RaftServer$Division (ServerState.java:setLeader(272)) - ad892cb1-3002-4758-a303-de6f39da4dbc@group-4E13145AFCA4: change Leader from null to ad892cb1-3002-4758-a303-de6f39da4dbc at term 3 for becomeLeader, leader elected after 9ms
2025-10-10 10:40:31,566 [ad892cb1-3002-4758-a303-de6f39da4dbc@group-4E13145AFCA4-LeaderElection310] INFO  segmented.SegmentedRaftLogWorker (SegmentedRaftLogWorker.java:rollLogSegment(445)) - ad892cb1-3002-4758-a303-de6f39da4dbc@group-4E13145AFCA4-SegmentedRaftLogWorker: Rolling segment log-1_2 to index:2
2025-10-10 10:40:31,566 [ad892cb1-3002-4758-a303-de6f39da4dbc@group-4E13145AFCA4-LeaderElection310] INFO  server.RaftServer$Division (ServerState.java:setRaftConf(386)) - ad892cb1-3002-4758-a303-de6f39da4dbc@group-4E13145AFCA4: set configuration conf: {index: 3, cur=peers:[9ab71813-e86f-4276-8581-297fed06961e|127.0.0.1:15047, ad892cb1-3002-4758-a303-de6f39da4dbc|127.0.0.1:15039, 22d9c8a1-4559-44b0-a4af-9630f79f1f05|127.0.0.1:15055]|listeners:[], old=null}
2025-10-10 10:40:31,567 [ad892cb1-3002-4758-a303-de6f39da4dbc@group-4E13145AFCA4-SegmentedRaftLogWorker] INFO  segmented.SegmentedRaftLogWorker (SegmentedRaftLogWorker.java:execute(604)) - ad892cb1-3002-4758-a303-de6f39da4dbc@group-4E13145AFCA4-SegmentedRaftLogWorker: Rolled log segment from /home/runner/work/ozone/ozone/hadoop-ozone/integration-test/target/test-dir/MiniOzoneClusterImpl-611c99c7-d47b-4433-a4ef-cd0a35b076ef/ozone-metadata/datanode-4/ratis/646a14ee-6b5e-4675-bb4e-4e13145afca4/current/log_inprogress_1 to /home/runner/work/ozone/ozone/hadoop-ozone/integration-test/target/test-dir/MiniOzoneClusterImpl-611c99c7-d47b-4433-a4ef-cd0a35b076ef/ozone-metadata/datanode-4/ratis/646a14ee-6b5e-4675-bb4e-4e13145afca4/current/log_1-2
2025-10-10 10:40:31,568 [ad892cb1-3002-4758-a303-de6f39da4dbc@group-4E13145AFCA4-SegmentedRaftLogWorker] INFO  segmented.BufferedWriteChannel (BufferedWriteChannel.java:open(61)) - open log_inprogress_3 at position 0
2025-10-10 10:40:31,569 [grpc-default-executor-8] INFO  ratis.XceiverServerRatis (XceiverServerRatis.java:handleLeaderChangedNotification(940)) - Leader change notification received for group: group-4E13145AFCA4 with new leaderId: ad892cb1-3002-4758-a303-de6f39da4dbc
2025-10-10 10:40:31,569 [grpc-default-executor-8] INFO  server.RaftServer$Division (ServerState.java:setLeader(272)) - 22d9c8a1-4559-44b0-a4af-9630f79f1f05@group-4E13145AFCA4: change Leader from null to ad892cb1-3002-4758-a303-de6f39da4dbc at term 3 for appendEntries, leader elected after 8ms
2025-10-10 10:40:31,571 [grpc-default-executor-1] INFO  server.RaftServer$Division (ServerState.java:setRaftConf(386)) - 22d9c8a1-4559-44b0-a4af-9630f79f1f05@group-4E13145AFCA4: set configuration conf: {index: 3, cur=peers:[9ab71813-e86f-4276-8581-297fed06961e|127.0.0.1:15047, ad892cb1-3002-4758-a303-de6f39da4dbc|127.0.0.1:15039, 22d9c8a1-4559-44b0-a4af-9630f79f1f05|127.0.0.1:15055]|listeners:[], old=null}
2025-10-10 10:40:31,571 [grpc-default-executor-8] INFO  ratis.XceiverServerRatis (XceiverServerRatis.java:handleLeaderChangedNotification(940)) - Leader change notification received for group: group-4E13145AFCA4 with new leaderId: ad892cb1-3002-4758-a303-de6f39da4dbc
2025-10-10 10:40:31,571 [grpc-default-executor-8] INFO  server.RaftServer$Division (ServerState.java:setLeader(272)) - 9ab71813-e86f-4276-8581-297fed06961e@group-4E13145AFCA4: change Leader from null to ad892cb1-3002-4758-a303-de6f39da4dbc at term 3 for appendEntries, leader elected after 12ms
2025-10-10 10:40:31,571 [grpc-default-executor-1] INFO  segmented.SegmentedRaftLogWorker (SegmentedRaftLogWorker.java:rollLogSegment(445)) - 22d9c8a1-4559-44b0-a4af-9630f79f1f05@group-4E13145AFCA4-SegmentedRaftLogWorker: Rolling segment log-1_2 to index:2
2025-10-10 10:40:31,571 [grpc-default-executor-7] INFO  server.RaftServer$Division (ServerState.java:setRaftConf(386)) - 9ab71813-e86f-4276-8581-297fed06961e@group-4E13145AFCA4: set configuration conf: {index: 3, cur=peers:[9ab71813-e86f-4276-8581-297fed06961e|127.0.0.1:15047, ad892cb1-3002-4758-a303-de6f39da4dbc|127.0.0.1:15039, 22d9c8a1-4559-44b0-a4af-9630f79f1f05|127.0.0.1:15055]|listeners:[], old=null}
2025-10-10 10:40:31,571 [grpc-default-executor-7] INFO  segmented.SegmentedRaftLogWorker (SegmentedRaftLogWorker.java:rollLogSegment(445)) - 9ab71813-e86f-4276-8581-297fed06961e@group-4E13145AFCA4-SegmentedRaftLogWorker: Rolling segment log-1_2 to index:2
2025-10-10 10:40:31,572 [22d9c8a1-4559-44b0-a4af-9630f79f1f05@group-4E13145AFCA4-SegmentedRaftLogWorker] INFO  segmented.SegmentedRaftLogWorker (SegmentedRaftLogWorker.java:execute(604)) - 22d9c8a1-4559-44b0-a4af-9630f79f1f05@group-4E13145AFCA4-SegmentedRaftLogWorker: Rolled log segment from /home/runner/work/ozone/ozone/hadoop-ozone/integration-test/target/test-dir/MiniOzoneClusterImpl-611c99c7-d47b-4433-a4ef-cd0a35b076ef/ozone-metadata/datanode-6/ratis/646a14ee-6b5e-4675-bb4e-4e13145afca4/current/log_inprogress_1 to /home/runner/work/ozone/ozone/hadoop-ozone/integration-test/target/test-dir/MiniOzoneClusterImpl-611c99c7-d47b-4433-a4ef-cd0a35b076ef/ozone-metadata/datanode-6/ratis/646a14ee-6b5e-4675-bb4e-4e13145afca4/current/log_1-2
2025-10-10 10:40:31,572 [22d9c8a1-4559-44b0-a4af-9630f79f1f05@group-4E13145AFCA4-SegmentedRaftLogWorker] INFO  segmented.BufferedWriteChannel (BufferedWriteChannel.java:open(61)) - open log_inprogress_3 at position 0
2025-10-10 10:40:31,573 [9ab71813-e86f-4276-8581-297fed06961e@group-4E13145AFCA4-SegmentedRaftLogWorker] INFO  segmented.SegmentedRaftLogWorker (SegmentedRaftLogWorker.java:execute(604)) - 9ab71813-e86f-4276-8581-297fed06961e@group-4E13145AFCA4-SegmentedRaftLogWorker: Rolled log segment from /home/runner/work/ozone/ozone/hadoop-ozone/integration-test/target/test-dir/MiniOzoneClusterImpl-611c99c7-d47b-4433-a4ef-cd0a35b076ef/ozone-metadata/datanode-5/ratis/646a14ee-6b5e-4675-bb4e-4e13145afca4/current/log_inprogress_1 to /home/runner/work/ozone/ozone/hadoop-ozone/integration-test/target/test-dir/MiniOzoneClusterImpl-611c99c7-d47b-4433-a4ef-cd0a35b076ef/ozone-metadata/datanode-5/ratis/646a14ee-6b5e-4675-bb4e-4e13145afca4/current/log_1-2
2025-10-10 10:40:31,573 [9ab71813-e86f-4276-8581-297fed06961e@group-4E13145AFCA4-SegmentedRaftLogWorker] INFO  segmented.BufferedWriteChannel (BufferedWriteChannel.java:open(61)) - open log_inprogress_3 at position 0
2025-10-10 10:40:31,575 [ad892cb1-3002-4758-a303-de6f39da4dbc@group-4E13145AFCA4-SegmentedRaftLogWorker] INFO  segmented.SegmentedRaftLogWorker (SegmentedRaftLogWorker.java:execute(647)) - ad892cb1-3002-4758-a303-de6f39da4dbc@group-4E13145AFCA4-SegmentedRaftLogWorker: created new log segment /home/runner/work/ozone/ozone/hadoop-ozone/integration-test/target/test-dir/MiniOzoneClusterImpl-611c99c7-d47b-4433-a4ef-cd0a35b076ef/ozone-metadata/datanode-4/ratis/646a14ee-6b5e-4675-bb4e-4e13145afca4/current/log_inprogress_3
2025-10-10 10:40:31,578 [22d9c8a1-4559-44b0-a4af-9630f79f1f05@group-4E13145AFCA4-SegmentedRaftLogWorker] INFO  segmented.SegmentedRaftLogWorker (SegmentedRaftLogWorker.java:execute(647)) - 22d9c8a1-4559-44b0-a4af-9630f79f1f05@group-4E13145AFCA4-SegmentedRaftLogWorker: created new log segment /home/runner/work/ozone/ozone/hadoop-ozone/integration-test/target/test-dir/MiniOzoneClusterImpl-611c99c7-d47b-4433-a4ef-cd0a35b076ef/ozone-metadata/datanode-6/ratis/646a14ee-6b5e-4675-bb4e-4e13145afca4/current/log_inprogress_3
2025-10-10 10:40:31,579 [9ab71813-e86f-4276-8581-297fed06961e@group-4E13145AFCA4-SegmentedRaftLogWorker] INFO  segmented.SegmentedRaftLogWorker (SegmentedRaftLogWorker.java:execute(647)) - 9ab71813-e86f-4276-8581-297fed06961e@group-4E13145AFCA4-SegmentedRaftLogWorker: created new log segment /home/runner/work/ozone/ozone/hadoop-ozone/integration-test/target/test-dir/MiniOzoneClusterImpl-611c99c7-d47b-4433-a4ef-cd0a35b076ef/ozone-metadata/datanode-5/ratis/646a14ee-6b5e-4675-bb4e-4e13145afca4/current/log_inprogress_3
2025-10-10 10:40:31,580 [ad892cb1-3002-4758-a303-de6f39da4dbc@group-4E13145AFCA4-StateMachineUpdater] INFO  server.RaftServer$Division (LeaderStateImpl.java:checkStartIndex(309)) - Leader ad892cb1-3002-4758-a303-de6f39da4dbc@group-4E13145AFCA4-LeaderStateImpl is ready since appliedIndex == startIndex == 3
2025-10-10 10:40:31,780 [36185c6b-22ce-45d1-a622-3a6b487a5a53@group-813C05265458-FollowerState] INFO  impl.FollowerState (FollowerState.java:runImpl(161)) - 36185c6b-22ce-45d1-a622-3a6b487a5a53@group-813C05265458-FollowerState: change to CANDIDATE, lastRpcElapsedTime:1012268488ns, electionTimeout:1012ms
2025-10-10 10:40:31,781 [36185c6b-22ce-45d1-a622-3a6b487a5a53@group-813C05265458-FollowerState] INFO  impl.RoleInfo (RoleInfo.java:shutdownFollowerState(121)) - 36185c6b-22ce-45d1-a622-3a6b487a5a53: shutdown 36185c6b-22ce-45d1-a622-3a6b487a5a53@group-813C05265458-FollowerState
2025-10-10 10:40:31,781 [36185c6b-22ce-45d1-a622-3a6b487a5a53@group-813C05265458-FollowerState] INFO  server.RaftServer$Division (RaftServerImpl.java:setRole(392)) - 36185c6b-22ce-45d1-a622-3a6b487a5a53@group-813C05265458: changes role from  FOLLOWER to CANDIDATE at term 1 for changeToCandidate
2025-10-10 10:40:31,781 [36185c6b-22ce-45d1-a622-3a6b487a5a53@group-813C05265458-FollowerState] INFO  impl.RoleInfo (RoleInfo.java:updateAndGet(148)) - 36185c6b-22ce-45d1-a622-3a6b487a5a53: start 36185c6b-22ce-45d1-a622-3a6b487a5a53@group-813C05265458-LeaderElection311
2025-10-10 10:40:31,781 [36185c6b-22ce-45d1-a622-3a6b487a5a53@group-813C05265458-LeaderElection311] INFO  impl.LeaderElection (LeaderElection.java:askForVotes(448)) - 36185c6b-22ce-45d1-a622-3a6b487a5a53@group-813C05265458-LeaderElection311 PRE_VOTE round 0: submit vote requests at term 1 for conf: {index: 0, cur=peers:[aa9634f0-8836-44d6-bc05-5b19fbdd93d5|127.0.0.1:15063, 36185c6b-22ce-45d1-a622-3a6b487a5a53|127.0.0.1:15071, 895d447a-5476-42e4-b2fa-6eb687701d46|127.0.0.1:15079]|listeners:[], old=null}
2025-10-10 10:40:31,782 [grpc-default-executor-7] INFO  server.RaftServer$Division (RaftServerImpl.java:requestVote(1421)) - 895d447a-5476-42e4-b2fa-6eb687701d46@group-813C05265458: receive requestVote(PRE_VOTE, 36185c6b-22ce-45d1-a622-3a6b487a5a53, group-813C05265458, 1, (t:1, i:0))
2025-10-10 10:40:31,782 [grpc-default-executor-1] INFO  server.RaftServer$Division (RaftServerImpl.java:requestVote(1421)) - aa9634f0-8836-44d6-bc05-5b19fbdd93d5@group-813C05265458: receive requestVote(PRE_VOTE, 36185c6b-22ce-45d1-a622-3a6b487a5a53, group-813C05265458, 1, (t:1, i:0))
2025-10-10 10:40:31,782 [grpc-default-executor-7] INFO  impl.VoteContext (VoteContext.java:log(49)) - 895d447a-5476-42e4-b2fa-6eb687701d46@group-813C05265458-FOLLOWER: accept PRE_VOTE from 36185c6b-22ce-45d1-a622-3a6b487a5a53: our priority 0 <= candidate's priority 0
2025-10-10 10:40:31,782 [grpc-default-executor-1] INFO  impl.VoteContext (VoteContext.java:log(49)) - aa9634f0-8836-44d6-bc05-5b19fbdd93d5@group-813C05265458-FOLLOWER: reject PRE_VOTE from 36185c6b-22ce-45d1-a622-3a6b487a5a53: our priority 1 > candidate's priority 0
2025-10-10 10:40:31,782 [grpc-default-executor-7] INFO  server.RaftServer$Division (RaftServerImpl.java:requestVote(1455)) - 895d447a-5476-42e4-b2fa-6eb687701d46@group-813C05265458 replies to PRE_VOTE vote request: 36185c6b-22ce-45d1-a622-3a6b487a5a53<-895d447a-5476-42e4-b2fa-6eb687701d46#0:OK-t1-last:(t:1, i:0). Peer's state: 895d447a-5476-42e4-b2fa-6eb687701d46@group-813C05265458:t1, leader=null, voted=aa9634f0-8836-44d6-bc05-5b19fbdd93d5, raftlog=Memoized:895d447a-5476-42e4-b2fa-6eb687701d46@group-813C05265458-SegmentedRaftLog:OPENED:c0:last(t:1, i:0), conf=conf: {index: 0, cur=peers:[aa9634f0-8836-44d6-bc05-5b19fbdd93d5|127.0.0.1:15063, 36185c6b-22ce-45d1-a622-3a6b487a5a53|127.0.0.1:15071, 895d447a-5476-42e4-b2fa-6eb687701d46|127.0.0.1:15079]|listeners:[], old=null}
2025-10-10 10:40:31,782 [grpc-default-executor-1] INFO  server.RaftServer$Division (RaftServerImpl.java:requestVote(1455)) - aa9634f0-8836-44d6-bc05-5b19fbdd93d5@group-813C05265458 replies to PRE_VOTE vote request: 36185c6b-22ce-45d1-a622-3a6b487a5a53<-aa9634f0-8836-44d6-bc05-5b19fbdd93d5#0:FAIL-t1-last:(t:1, i:0). Peer's state: aa9634f0-8836-44d6-bc05-5b19fbdd93d5@group-813C05265458:t1, leader=null, voted=aa9634f0-8836-44d6-bc05-5b19fbdd93d5, raftlog=Memoized:aa9634f0-8836-44d6-bc05-5b19fbdd93d5@group-813C05265458-SegmentedRaftLog:OPENED:c0:last(t:1, i:0), conf=conf: {index: 0, cur=peers:[aa9634f0-8836-44d6-bc05-5b19fbdd93d5|127.0.0.1:15063, 36185c6b-22ce-45d1-a622-3a6b487a5a53|127.0.0.1:15071, 895d447a-5476-42e4-b2fa-6eb687701d46|127.0.0.1:15079]|listeners:[], old=null}
2025-10-10 10:40:31,783 [36185c6b-22ce-45d1-a622-3a6b487a5a53@group-813C05265458-LeaderElection311] INFO  impl.LeaderElection (LeaderElection.java:logAndReturn(206)) - 36185c6b-22ce-45d1-a622-3a6b487a5a53@group-813C05265458-LeaderElection311: PRE_VOTE REJECTED received 2 response(s) and 0 exception(s):
2025-10-10 10:40:31,783 [36185c6b-22ce-45d1-a622-3a6b487a5a53@group-813C05265458-LeaderElection311] INFO  impl.LeaderElection (LeaderElection.java:logAndReturn(210)) -   Response 0: 36185c6b-22ce-45d1-a622-3a6b487a5a53<-aa9634f0-8836-44d6-bc05-5b19fbdd93d5#0:FAIL-t1-last:(t:1, i:0)
2025-10-10 10:40:31,783 [36185c6b-22ce-45d1-a622-3a6b487a5a53@group-813C05265458-LeaderElection311] INFO  impl.LeaderElection (LeaderElection.java:logAndReturn(210)) -   Response 1: 36185c6b-22ce-45d1-a622-3a6b487a5a53<-895d447a-5476-42e4-b2fa-6eb687701d46#0:OK-t1-last:(t:1, i:0)
2025-10-10 10:40:31,783 [36185c6b-22ce-45d1-a622-3a6b487a5a53@group-813C05265458-LeaderElection311] INFO  impl.LeaderElection (LeaderElection.java:askForVotes(450)) - 36185c6b-22ce-45d1-a622-3a6b487a5a53@group-813C05265458-LeaderElection311 PRE_VOTE round 0: result REJECTED
2025-10-10 10:40:31,783 [36185c6b-22ce-45d1-a622-3a6b487a5a53@group-813C05265458-LeaderElection311] INFO  server.RaftServer$Division (RaftServerImpl.java:setRole(392)) - 36185c6b-22ce-45d1-a622-3a6b487a5a53@group-813C05265458: changes role from CANDIDATE to FOLLOWER at term 1 for REJECTED
2025-10-10 10:40:31,783 [36185c6b-22ce-45d1-a622-3a6b487a5a53@group-813C05265458-LeaderElection311] INFO  impl.RoleInfo (RoleInfo.java:shutdownLeaderElection(141)) - 36185c6b-22ce-45d1-a622-3a6b487a5a53: shutdown 36185c6b-22ce-45d1-a622-3a6b487a5a53@group-813C05265458-LeaderElection311
2025-10-10 10:40:31,783 [36185c6b-22ce-45d1-a622-3a6b487a5a53@group-813C05265458-LeaderElection311] INFO  impl.RoleInfo (RoleInfo.java:updateAndGet(148)) - 36185c6b-22ce-45d1-a622-3a6b487a5a53: start 36185c6b-22ce-45d1-a622-3a6b487a5a53@group-813C05265458-FollowerState
2025-10-10 10:40:31,942 [aa9634f0-8836-44d6-bc05-5b19fbdd93d5@group-813C05265458-FollowerState] INFO  impl.FollowerState (FollowerState.java:runImpl(161)) - aa9634f0-8836-44d6-bc05-5b19fbdd93d5@group-813C05265458-FollowerState: change to CANDIDATE, lastRpcElapsedTime:1028214302ns, electionTimeout:1028ms
2025-10-10 10:40:31,942 [aa9634f0-8836-44d6-bc05-5b19fbdd93d5@group-813C05265458-FollowerState] INFO  impl.RoleInfo (RoleInfo.java:shutdownFollowerState(121)) - aa9634f0-8836-44d6-bc05-5b19fbdd93d5: shutdown aa9634f0-8836-44d6-bc05-5b19fbdd93d5@group-813C05265458-FollowerState
2025-10-10 10:40:31,942 [aa9634f0-8836-44d6-bc05-5b19fbdd93d5@group-813C05265458-FollowerState] INFO  server.RaftServer$Division (RaftServerImpl.java:setRole(392)) - aa9634f0-8836-44d6-bc05-5b19fbdd93d5@group-813C05265458: changes role from  FOLLOWER to CANDIDATE at term 1 for changeToCandidate
2025-10-10 10:40:31,942 [aa9634f0-8836-44d6-bc05-5b19fbdd93d5@group-813C05265458-FollowerState] INFO  impl.RoleInfo (RoleInfo.java:updateAndGet(148)) - aa9634f0-8836-44d6-bc05-5b19fbdd93d5: start aa9634f0-8836-44d6-bc05-5b19fbdd93d5@group-813C05265458-LeaderElection312
2025-10-10 10:40:31,942 [aa9634f0-8836-44d6-bc05-5b19fbdd93d5@group-813C05265458-LeaderElection312] INFO  impl.LeaderElection (LeaderElection.java:askForVotes(448)) - aa9634f0-8836-44d6-bc05-5b19fbdd93d5@group-813C05265458-LeaderElection312 PRE_VOTE round 0: submit vote requests at term 1 for conf: {index: 0, cur=peers:[aa9634f0-8836-44d6-bc05-5b19fbdd93d5|127.0.0.1:15063, 36185c6b-22ce-45d1-a622-3a6b487a5a53|127.0.0.1:15071, 895d447a-5476-42e4-b2fa-6eb687701d46|127.0.0.1:15079]|listeners:[], old=null}
2025-10-10 10:40:31,943 [aa9634f0-8836-44d6-bc05-5b19fbdd93d5@group-813C05265458-LeaderElection312] INFO  impl.LeaderElection (LogUtils.java:infoOrTrace(142)) - aa9634f0-8836-44d6-bc05-5b19fbdd93d5@group-813C05265458-LeaderElection312 got exception when requesting votes: java.util.concurrent.ExecutionException: org.apache.ratis.thirdparty.io.grpc.StatusRuntimeException: UNAVAILABLE: io exception
2025-10-10 10:40:31,943 [aa9634f0-8836-44d6-bc05-5b19fbdd93d5@group-813C05265458-LeaderElection312] INFO  impl.LeaderElection (LogUtils.java:infoOrTrace(142)) - aa9634f0-8836-44d6-bc05-5b19fbdd93d5@group-813C05265458-LeaderElection312 got exception when requesting votes: java.util.concurrent.ExecutionException: org.apache.ratis.thirdparty.io.grpc.StatusRuntimeException: UNAVAILABLE: io exception
2025-10-10 10:40:31,943 [aa9634f0-8836-44d6-bc05-5b19fbdd93d5@group-813C05265458-LeaderElection312] INFO  impl.LeaderElection (LeaderElection.java:logAndReturn(206)) - aa9634f0-8836-44d6-bc05-5b19fbdd93d5@group-813C05265458-LeaderElection312: PRE_VOTE REJECTED received 0 response(s) and 2 exception(s):
2025-10-10 10:40:31,943 [aa9634f0-8836-44d6-bc05-5b19fbdd93d5@group-813C05265458-LeaderElection312] INFO  impl.LeaderElection (LogUtils.java:infoOrTrace(142)) -   Exception 0: java.util.concurrent.ExecutionException: org.apache.ratis.thirdparty.io.grpc.StatusRuntimeException: UNAVAILABLE: io exception
2025-10-10 10:40:31,943 [aa9634f0-8836-44d6-bc05-5b19fbdd93d5@group-813C05265458-LeaderElection312] INFO  impl.LeaderElection (LogUtils.java:infoOrTrace(142)) -   Exception 1: java.util.concurrent.ExecutionException: org.apache.ratis.thirdparty.io.grpc.StatusRuntimeException: UNAVAILABLE: io exception
2025-10-10 10:40:31,943 [aa9634f0-8836-44d6-bc05-5b19fbdd93d5@group-813C05265458-LeaderElection312] INFO  impl.LeaderElection (LeaderElection.java:askForVotes(450)) - aa9634f0-8836-44d6-bc05-5b19fbdd93d5@group-813C05265458-LeaderElection312 PRE_VOTE round 0: result REJECTED
2025-10-10 10:40:31,943 [aa9634f0-8836-44d6-bc05-5b19fbdd93d5@group-813C05265458-LeaderElection312] INFO  server.RaftServer$Division (RaftServerImpl.java:setRole(392)) - aa9634f0-8836-44d6-bc05-5b19fbdd93d5@group-813C05265458: changes role from CANDIDATE to FOLLOWER at term 1 for REJECTED
2025-10-10 10:40:31,943 [aa9634f0-8836-44d6-bc05-5b19fbdd93d5@group-813C05265458-LeaderElection312] INFO  impl.RoleInfo (RoleInfo.java:shutdownLeaderElection(141)) - aa9634f0-8836-44d6-bc05-5b19fbdd93d5: shutdown aa9634f0-8836-44d6-bc05-5b19fbdd93d5@group-813C05265458-LeaderElection312
2025-10-10 10:40:31,943 [aa9634f0-8836-44d6-bc05-5b19fbdd93d5@group-813C05265458-LeaderElection312] INFO  impl.RoleInfo (RoleInfo.java:updateAndGet(148)) - aa9634f0-8836-44d6-bc05-5b19fbdd93d5: start aa9634f0-8836-44d6-bc05-5b19fbdd93d5@group-813C05265458-FollowerState
2025-10-10 10:40:32,145 [ad892cb1-3002-4758-a303-de6f39da4dbc@group-7FE9BF83969B-FollowerState] INFO  impl.FollowerState (FollowerState.java:runImpl(161)) - ad892cb1-3002-4758-a303-de6f39da4dbc@group-7FE9BF83969B-FollowerState: change to CANDIDATE, lastRpcElapsedTime:1053326565ns, electionTimeout:1053ms
2025-10-10 10:40:32,145 [ad892cb1-3002-4758-a303-de6f39da4dbc@group-7FE9BF83969B-FollowerState] INFO  impl.RoleInfo (RoleInfo.java:shutdownFollowerState(121)) - ad892cb1-3002-4758-a303-de6f39da4dbc: shutdown ad892cb1-3002-4758-a303-de6f39da4dbc@group-7FE9BF83969B-FollowerState
2025-10-10 10:40:32,145 [ad892cb1-3002-4758-a303-de6f39da4dbc@group-7FE9BF83969B-FollowerState] INFO  server.RaftServer$Division (RaftServerImpl.java:setRole(392)) - ad892cb1-3002-4758-a303-de6f39da4dbc@group-7FE9BF83969B: changes role from  FOLLOWER to CANDIDATE at term 1 for changeToCandidate
2025-10-10 10:40:32,145 [ad892cb1-3002-4758-a303-de6f39da4dbc@group-7FE9BF83969B-FollowerState] INFO  impl.RoleInfo (RoleInfo.java:updateAndGet(148)) - ad892cb1-3002-4758-a303-de6f39da4dbc: start ad892cb1-3002-4758-a303-de6f39da4dbc@group-7FE9BF83969B-LeaderElection313
2025-10-10 10:40:32,145 [ad892cb1-3002-4758-a303-de6f39da4dbc@group-7FE9BF83969B-LeaderElection313] INFO  impl.LeaderElection (LeaderElection.java:askForVotes(448)) - ad892cb1-3002-4758-a303-de6f39da4dbc@group-7FE9BF83969B-LeaderElection313 PRE_VOTE round 0: submit vote requests at term 1 for conf: {index: 0, cur=peers:[9ab71813-e86f-4276-8581-297fed06961e|127.0.0.1:15047, ad892cb1-3002-4758-a303-de6f39da4dbc|127.0.0.1:15039, 22d9c8a1-4559-44b0-a4af-9630f79f1f05|127.0.0.1:15055]|listeners:[], old=null}
2025-10-10 10:40:32,146 [grpc-default-executor-1] INFO  server.RaftServer$Division (RaftServerImpl.java:requestVote(1421)) - 22d9c8a1-4559-44b0-a4af-9630f79f1f05@group-7FE9BF83969B: receive requestVote(PRE_VOTE, ad892cb1-3002-4758-a303-de6f39da4dbc, group-7FE9BF83969B, 1, (t:1, i:13))
2025-10-10 10:40:32,146 [grpc-default-executor-7] INFO  server.RaftServer$Division (RaftServerImpl.java:requestVote(1421)) - 9ab71813-e86f-4276-8581-297fed06961e@group-7FE9BF83969B: receive requestVote(PRE_VOTE, ad892cb1-3002-4758-a303-de6f39da4dbc, group-7FE9BF83969B, 1, (t:1, i:13))
2025-10-10 10:40:32,146 [grpc-default-executor-1] INFO  impl.VoteContext (VoteContext.java:log(49)) - 22d9c8a1-4559-44b0-a4af-9630f79f1f05@group-7FE9BF83969B-LEADER: reject PRE_VOTE from ad892cb1-3002-4758-a303-de6f39da4dbc: this server is the leader and still has leadership
2025-10-10 10:40:32,146 [grpc-default-executor-7] INFO  impl.VoteContext (VoteContext.java:log(49)) - 9ab71813-e86f-4276-8581-297fed06961e@group-7FE9BF83969B-FOLLOWER: reject PRE_VOTE from ad892cb1-3002-4758-a303-de6f39da4dbc: this server is a follower and still has a valid leader 22d9c8a1-4559-44b0-a4af-9630f79f1f05 different than the candidate ad892cb1-3002-4758-a303-de6f39da4dbc
2025-10-10 10:40:32,146 [grpc-default-executor-1] INFO  server.RaftServer$Division (RaftServerImpl.java:requestVote(1455)) - 22d9c8a1-4559-44b0-a4af-9630f79f1f05@group-7FE9BF83969B replies to PRE_VOTE vote request: ad892cb1-3002-4758-a303-de6f39da4dbc<-22d9c8a1-4559-44b0-a4af-9630f79f1f05#0:FAIL-t1-last:(t:1, i:23). Peer's state: 22d9c8a1-4559-44b0-a4af-9630f79f1f05@group-7FE9BF83969B:t1, leader=22d9c8a1-4559-44b0-a4af-9630f79f1f05, voted=22d9c8a1-4559-44b0-a4af-9630f79f1f05, raftlog=Memoized:22d9c8a1-4559-44b0-a4af-9630f79f1f05@group-7FE9BF83969B-SegmentedRaftLog:OPENED:c23:last(t:1, i:23), conf=conf: {index: 0, cur=peers:[9ab71813-e86f-4276-8581-297fed06961e|127.0.0.1:15047, ad892cb1-3002-4758-a303-de6f39da4dbc|127.0.0.1:15039, 22d9c8a1-4559-44b0-a4af-9630f79f1f05|127.0.0.1:15055]|listeners:[], old=null}
2025-10-10 10:40:32,146 [grpc-default-executor-7] INFO  server.RaftServer$Division (RaftServerImpl.java:requestVote(1455)) - 9ab71813-e86f-4276-8581-297fed06961e@group-7FE9BF83969B replies to PRE_VOTE vote request: ad892cb1-3002-4758-a303-de6f39da4dbc<-9ab71813-e86f-4276-8581-297fed06961e#0:FAIL-t1-last:(t:1, i:23). Peer's state: 9ab71813-e86f-4276-8581-297fed06961e@group-7FE9BF83969B:t1, leader=22d9c8a1-4559-44b0-a4af-9630f79f1f05, voted=22d9c8a1-4559-44b0-a4af-9630f79f1f05, raftlog=Memoized:9ab71813-e86f-4276-8581-297fed06961e@group-7FE9BF83969B-SegmentedRaftLog:OPENED:c23:last(t:1, i:23), conf=conf: {index: 0, cur=peers:[9ab71813-e86f-4276-8581-297fed06961e|127.0.0.1:15047, ad892cb1-3002-4758-a303-de6f39da4dbc|127.0.0.1:15039, 22d9c8a1-4559-44b0-a4af-9630f79f1f05|127.0.0.1:15055]|listeners:[], old=null}
2025-10-10 10:40:32,147 [ad892cb1-3002-4758-a303-de6f39da4dbc@group-7FE9BF83969B-LeaderElection313] INFO  impl.LeaderElection (LeaderElection.java:logAndReturn(206)) - ad892cb1-3002-4758-a303-de6f39da4dbc@group-7FE9BF83969B-LeaderElection313: PRE_VOTE REJECTED received 1 response(s) and 0 exception(s):
2025-10-10 10:40:32,147 [ad892cb1-3002-4758-a303-de6f39da4dbc@group-7FE9BF83969B-LeaderElection313] INFO  impl.LeaderElection (LeaderElection.java:logAndReturn(210)) -   Response 0: ad892cb1-3002-4758-a303-de6f39da4dbc<-22d9c8a1-4559-44b0-a4af-9630f79f1f05#0:FAIL-t1-last:(t:1, i:23)
2025-10-10 10:40:32,147 [ad892cb1-3002-4758-a303-de6f39da4dbc@group-7FE9BF83969B-LeaderElection313] INFO  impl.LeaderElection (LeaderElection.java:askForVotes(450)) - ad892cb1-3002-4758-a303-de6f39da4dbc@group-7FE9BF83969B-LeaderElection313 PRE_VOTE round 0: result REJECTED
2025-10-10 10:40:32,147 [ad892cb1-3002-4758-a303-de6f39da4dbc@group-7FE9BF83969B-LeaderElection313] INFO  server.RaftServer$Division (RaftServerImpl.java:setRole(392)) - ad892cb1-3002-4758-a303-de6f39da4dbc@group-7FE9BF83969B: changes role from CANDIDATE to FOLLOWER at term 1 for REJECTED
2025-10-10 10:40:32,147 [ad892cb1-3002-4758-a303-de6f39da4dbc@group-7FE9BF83969B-LeaderElection313] INFO  impl.RoleInfo (RoleInfo.java:shutdownLeaderElection(141)) - ad892cb1-3002-4758-a303-de6f39da4dbc: shutdown ad892cb1-3002-4758-a303-de6f39da4dbc@group-7FE9BF83969B-LeaderElection313
2025-10-10 10:40:32,148 [ad892cb1-3002-4758-a303-de6f39da4dbc@group-7FE9BF83969B-LeaderElection313] INFO  impl.RoleInfo (RoleInfo.java:updateAndGet(148)) - ad892cb1-3002-4758-a303-de6f39da4dbc: start ad892cb1-3002-4758-a303-de6f39da4dbc@group-7FE9BF83969B-FollowerState
2025-10-10 10:40:32,168 [grpc-default-executor-7] ERROR impl.OrderedAsync (OrderedAsync.java:lambda$null$6(215)) -  client-527EF30E8D9C: Failed* RaftClientRequest:client-527EF30E8D9C->36185c6b-22ce-45d1-a622-3a6b487a5a53@group-813C05265458, cid=78, seq=1*, Watch(0), null
java.util.concurrent.CompletionException: org.apache.ratis.protocol.exceptions.NotLeaderException: Server 36185c6b-22ce-45d1-a622-3a6b487a5a53@group-813C05265458 is not the leader
	at java.base/java.util.concurrent.CompletableFuture.encodeThrowable(CompletableFuture.java:332)
	at java.base/java.util.concurrent.CompletableFuture.completeThrowable(CompletableFuture.java:347)
	at java.base/java.util.concurrent.CompletableFuture$UniAccept.tryFire(CompletableFuture.java:708)
	at java.base/java.util.concurrent.CompletableFuture.postComplete(CompletableFuture.java:510)
	at java.base/java.util.concurrent.CompletableFuture.completeExceptionally(CompletableFuture.java:2194)
	at org.apache.ratis.grpc.client.GrpcClientProtocolClient$AsyncStreamObservers.completeReplyExceptionally(GrpcClientProtocolClient.java:397)
	at org.apache.ratis.grpc.client.GrpcClientProtocolClient$AsyncStreamObservers.access$000(GrpcClientProtocolClient.java:303)
	at org.apache.ratis.grpc.client.GrpcClientProtocolClient$AsyncStreamObservers$1.onNext(GrpcClientProtocolClient.java:317)
	at org.apache.ratis.grpc.client.GrpcClientProtocolClient$AsyncStreamObservers$1.onNext(GrpcClientProtocolClient.java:308)
	at org.apache.ratis.thirdparty.io.grpc.stub.ClientCalls$StreamObserverToCallListenerAdapter.onMessage(ClientCalls.java:551)
	at org.apache.ratis.thirdparty.io.grpc.ForwardingClientCallListener.onMessage(ForwardingClientCallListener.java:33)
	at org.apache.ratis.thirdparty.io.grpc.internal.DelayedClientCall$DelayedListener.onMessage(DelayedClientCall.java:473)
	at org.apache.ratis.thirdparty.io.grpc.internal.ClientCallImpl$ClientStreamListenerImpl$1MessagesAvailable.runInternal(ClientCallImpl.java:661)
	at org.apache.ratis.thirdparty.io.grpc.internal.ClientCallImpl$ClientStreamListenerImpl$1MessagesAvailable.runInContext(ClientCallImpl.java:648)
	at org.apache.ratis.thirdparty.io.grpc.internal.ContextRunnable.run(ContextRunnable.java:37)
	at org.apache.ratis.thirdparty.io.grpc.internal.SerializingExecutor.run(SerializingExecutor.java:133)
	at java.base/java.util.concurrent.ThreadPoolExecutor.runWorker(ThreadPoolExecutor.java:1144)
	at java.base/java.util.concurrent.ThreadPoolExecutor$Worker.run(ThreadPoolExecutor.java:642)
	at java.base/java.lang.Thread.run(Thread.java:1583)
Caused by: org.apache.ratis.protocol.exceptions.NotLeaderException: Server 36185c6b-22ce-45d1-a622-3a6b487a5a53@group-813C05265458 is not the leader
	at org.apache.ratis.client.impl.ClientProtoUtils.toRaftClientReply(ClientProtoUtils.java:402)
	at org.apache.ratis.grpc.client.GrpcClientProtocolClient$AsyncStreamObservers$1.onNext(GrpcClientProtocolClient.java:313)
	... 11 more
2025-10-10 10:40:32,737 [timer4] INFO  server.GrpcServerProtocolService (GrpcServerProtocolService.java:lambda$onCompleted$6(171)) - aa9634f0-8836-44d6-bc05-5b19fbdd93d5: Completed APPEND_ENTRIES, lastRequest: null  (Repeated 2 times in the last 5.000s)
2025-10-10 10:40:32,737 [timer5] INFO  server.GrpcServerProtocolService (GrpcServerProtocolService.java:lambda$null$7(175)) - aa9634f0-8836-44d6-bc05-5b19fbdd93d5: Completed APPEND_ENTRIES, lastReply: serverReply {
  requestorId: "895d447a-5476-42e4-b2fa-6eb687701d46"
  replyId: "aa9634f0-8836-44d6-bc05-5b19fbdd93d5"
  raftGroupId {
    id: "V\366\357C\305\fM5\211\265n\366\f\261Hr"
  }
  callId: 9
  success: true
}
term: 6
nextIndex: 24
followerCommit: 23
matchIndex: 18446744073709551615
isHearbeat: true
  (Repeated 2 times in the last 5.000s)
2025-10-10 10:40:32,738 [timer6] INFO  server.GrpcServerProtocolService (GrpcServerProtocolService.java:lambda$onCompleted$6(171)) - 36185c6b-22ce-45d1-a622-3a6b487a5a53: Completed APPEND_ENTRIES, lastRequest: null  (Repeated 2 times in the last 5.000s)
2025-10-10 10:40:32,739 [timer7] INFO  server.GrpcServerProtocolService (GrpcServerProtocolService.java:lambda$null$7(175)) - 36185c6b-22ce-45d1-a622-3a6b487a5a53: Completed APPEND_ENTRIES, lastReply: serverReply {
  requestorId: "895d447a-5476-42e4-b2fa-6eb687701d46"
  replyId: "36185c6b-22ce-45d1-a622-3a6b487a5a53"
  raftGroupId {
    id: "V\366\357C\305\fM5\211\265n\366\f\261Hr"
  }
  callId: 15
  success: true
}
term: 6
nextIndex: 24
followerCommit: 23
matchIndex: 18446744073709551615
isHearbeat: true
  (Repeated 2 times in the last 5.001s)
2025-10-10 10:40:32,964 [36185c6b-22ce-45d1-a622-3a6b487a5a53@group-813C05265458-FollowerState] INFO  impl.FollowerState (FollowerState.java:runImpl(161)) - 36185c6b-22ce-45d1-a622-3a6b487a5a53@group-813C05265458-FollowerState: change to CANDIDATE, lastRpcElapsedTime:1180537637ns, electionTimeout:1180ms
2025-10-10 10:40:32,964 [36185c6b-22ce-45d1-a622-3a6b487a5a53@group-813C05265458-FollowerState] INFO  impl.RoleInfo (RoleInfo.java:shutdownFollowerState(121)) - 36185c6b-22ce-45d1-a622-3a6b487a5a53: shutdown 36185c6b-22ce-45d1-a622-3a6b487a5a53@group-813C05265458-FollowerState
2025-10-10 10:40:32,964 [36185c6b-22ce-45d1-a622-3a6b487a5a53@group-813C05265458-FollowerState] INFO  server.RaftServer$Division (RaftServerImpl.java:setRole(392)) - 36185c6b-22ce-45d1-a622-3a6b487a5a53@group-813C05265458: changes role from  FOLLOWER to CANDIDATE at term 1 for changeToCandidate
2025-10-10 10:40:32,964 [36185c6b-22ce-45d1-a622-3a6b487a5a53@group-813C05265458-FollowerState] INFO  impl.RoleInfo (RoleInfo.java:updateAndGet(148)) - 36185c6b-22ce-45d1-a622-3a6b487a5a53: start 36185c6b-22ce-45d1-a622-3a6b487a5a53@group-813C05265458-LeaderElection314
2025-10-10 10:40:32,964 [36185c6b-22ce-45d1-a622-3a6b487a5a53@group-813C05265458-LeaderElection314] INFO  impl.LeaderElection (LeaderElection.java:askForVotes(448)) - 36185c6b-22ce-45d1-a622-3a6b487a5a53@group-813C05265458-LeaderElection314 PRE_VOTE round 0: submit vote requests at term 1 for conf: {index: 0, cur=peers:[aa9634f0-8836-44d6-bc05-5b19fbdd93d5|127.0.0.1:15063, 36185c6b-22ce-45d1-a622-3a6b487a5a53|127.0.0.1:15071, 895d447a-5476-42e4-b2fa-6eb687701d46|127.0.0.1:15079]|listeners:[], old=null}
2025-10-10 10:40:32,965 [grpc-default-executor-8] INFO  server.RaftServer$Division (RaftServerImpl.java:requestVote(1421)) - aa9634f0-8836-44d6-bc05-5b19fbdd93d5@group-813C05265458: receive requestVote(PRE_VOTE, 36185c6b-22ce-45d1-a622-3a6b487a5a53, group-813C05265458, 1, (t:1, i:0))
2025-10-10 10:40:32,965 [grpc-default-executor-8] INFO  impl.VoteContext (VoteContext.java:log(49)) - aa9634f0-8836-44d6-bc05-5b19fbdd93d5@group-813C05265458-FOLLOWER: reject PRE_VOTE from 36185c6b-22ce-45d1-a622-3a6b487a5a53: our priority 1 > candidate's priority 0
2025-10-10 10:40:32,965 [grpc-default-executor-7] INFO  server.RaftServer$Division (RaftServerImpl.java:requestVote(1421)) - 895d447a-5476-42e4-b2fa-6eb687701d46@group-813C05265458: receive requestVote(PRE_VOTE, 36185c6b-22ce-45d1-a622-3a6b487a5a53, group-813C05265458, 1, (t:1, i:0))
2025-10-10 10:40:32,965 [grpc-default-executor-8] INFO  server.RaftServer$Division (RaftServerImpl.java:requestVote(1455)) - aa9634f0-8836-44d6-bc05-5b19fbdd93d5@group-813C05265458 replies to PRE_VOTE vote request: 36185c6b-22ce-45d1-a622-3a6b487a5a53<-aa9634f0-8836-44d6-bc05-5b19fbdd93d5#0:FAIL-t1-last:(t:1, i:0). Peer's state: aa9634f0-8836-44d6-bc05-5b19fbdd93d5@group-813C05265458:t1, leader=null, voted=aa9634f0-8836-44d6-bc05-5b19fbdd93d5, raftlog=Memoized:aa9634f0-8836-44d6-bc05-5b19fbdd93d5@group-813C05265458-SegmentedRaftLog:OPENED:c0:last(t:1, i:0), conf=conf: {index: 0, cur=peers:[aa9634f0-8836-44d6-bc05-5b19fbdd93d5|127.0.0.1:15063, 36185c6b-22ce-45d1-a622-3a6b487a5a53|127.0.0.1:15071, 895d447a-5476-42e4-b2fa-6eb687701d46|127.0.0.1:15079]|listeners:[], old=null}
2025-10-10 10:40:32,965 [grpc-default-executor-7] INFO  impl.VoteContext (VoteContext.java:log(49)) - 895d447a-5476-42e4-b2fa-6eb687701d46@group-813C05265458-FOLLOWER: accept PRE_VOTE from 36185c6b-22ce-45d1-a622-3a6b487a5a53: our priority 0 <= candidate's priority 0
2025-10-10 10:40:32,966 [grpc-default-executor-7] INFO  server.RaftServer$Division (RaftServerImpl.java:requestVote(1455)) - 895d447a-5476-42e4-b2fa-6eb687701d46@group-813C05265458 replies to PRE_VOTE vote request: 36185c6b-22ce-45d1-a622-3a6b487a5a53<-895d447a-5476-42e4-b2fa-6eb687701d46#0:OK-t1-last:(t:1, i:0). Peer's state: 895d447a-5476-42e4-b2fa-6eb687701d46@group-813C05265458:t1, leader=null, voted=aa9634f0-8836-44d6-bc05-5b19fbdd93d5, raftlog=Memoized:895d447a-5476-42e4-b2fa-6eb687701d46@group-813C05265458-SegmentedRaftLog:OPENED:c0:last(t:1, i:0), conf=conf: {index: 0, cur=peers:[aa9634f0-8836-44d6-bc05-5b19fbdd93d5|127.0.0.1:15063, 36185c6b-22ce-45d1-a622-3a6b487a5a53|127.0.0.1:15071, 895d447a-5476-42e4-b2fa-6eb687701d46|127.0.0.1:15079]|listeners:[], old=null}
2025-10-10 10:40:32,966 [36185c6b-22ce-45d1-a622-3a6b487a5a53@group-813C05265458-LeaderElection314] INFO  impl.LeaderElection (LeaderElection.java:logAndReturn(206)) - 36185c6b-22ce-45d1-a622-3a6b487a5a53@group-813C05265458-LeaderElection314: PRE_VOTE REJECTED received 1 response(s) and 0 exception(s):
2025-10-10 10:40:32,966 [36185c6b-22ce-45d1-a622-3a6b487a5a53@group-813C05265458-LeaderElection314] INFO  impl.LeaderElection (LeaderElection.java:logAndReturn(210)) -   Response 0: 36185c6b-22ce-45d1-a622-3a6b487a5a53<-aa9634f0-8836-44d6-bc05-5b19fbdd93d5#0:FAIL-t1-last:(t:1, i:0)
2025-10-10 10:40:32,966 [36185c6b-22ce-45d1-a622-3a6b487a5a53@group-813C05265458-LeaderElection314] INFO  impl.LeaderElection (LeaderElection.java:askForVotes(450)) - 36185c6b-22ce-45d1-a622-3a6b487a5a53@group-813C05265458-LeaderElection314 PRE_VOTE round 0: result REJECTED
2025-10-10 10:40:32,966 [36185c6b-22ce-45d1-a622-3a6b487a5a53@group-813C05265458-LeaderElection314] INFO  server.RaftServer$Division (RaftServerImpl.java:setRole(392)) - 36185c6b-22ce-45d1-a622-3a6b487a5a53@group-813C05265458: changes role from CANDIDATE to FOLLOWER at term 1 for REJECTED
2025-10-10 10:40:32,966 [36185c6b-22ce-45d1-a622-3a6b487a5a53@group-813C05265458-LeaderElection314] INFO  impl.RoleInfo (RoleInfo.java:shutdownLeaderElection(141)) - 36185c6b-22ce-45d1-a622-3a6b487a5a53: shutdown 36185c6b-22ce-45d1-a622-3a6b487a5a53@group-813C05265458-LeaderElection314
2025-10-10 10:40:32,966 [36185c6b-22ce-45d1-a622-3a6b487a5a53@group-813C05265458-LeaderElection314] INFO  impl.RoleInfo (RoleInfo.java:updateAndGet(148)) - 36185c6b-22ce-45d1-a622-3a6b487a5a53: start 36185c6b-22ce-45d1-a622-3a6b487a5a53@group-813C05265458-FollowerState
2025-10-10 10:40:32,966 [timer1] WARN  server.GrpcLogAppender (GrpcLogAppender.java:lambda$resetClient$1(228)) - 22d9c8a1-4559-44b0-a4af-9630f79f1f05@group-7FE9BF83969B->ad892cb1-3002-4758-a303-de6f39da4dbc-GrpcLogAppender: Follower failed (request=null, errorCount=18); keep nextIndex (15) unchanged and retry. (Repeated 2 times in the last 5.001s)
2025-10-10 10:40:32,970 [timer4] WARN  server.GrpcLogAppender (GrpcLogAppender.java:lambda$resetClient$1(228)) - 22d9c8a1-4559-44b0-a4af-9630f79f1f05@group-7FE9BF83969B->ad892cb1-3002-4758-a303-de6f39da4dbc-GrpcLogAppender: Follower failed (request=null, errorCount=20); keep nextIndex (17) unchanged and retry. (Repeated 2 times in the last 5.001s)
2025-10-10 10:40:32,973 [timer0] WARN  server.GrpcLogAppender (GrpcLogAppender.java:lambda$resetClient$1(228)) - 22d9c8a1-4559-44b0-a4af-9630f79f1f05@group-7FE9BF83969B->ad892cb1-3002-4758-a303-de6f39da4dbc-GrpcLogAppender: Follower failed (request=null, errorCount=22); keep nextIndex (19) unchanged and retry. (Repeated 2 times in the last 5.000s)
2025-10-10 10:40:32,977 [timer7] WARN  server.GrpcLogAppender (GrpcLogAppender.java:lambda$resetClient$1(228)) - 22d9c8a1-4559-44b0-a4af-9630f79f1f05@group-7FE9BF83969B->ad892cb1-3002-4758-a303-de6f39da4dbc-GrpcLogAppender: Follower failed (request=null, errorCount=24); keep nextIndex (21) unchanged and retry. (Repeated 2 times in the last 5.002s)
2025-10-10 10:40:32,978 [timer1] WARN  server.GrpcLogAppender (GrpcLogAppender.java:lambda$resetClient$1(228)) - 22d9c8a1-4559-44b0-a4af-9630f79f1f05@group-7FE9BF83969B->ad892cb1-3002-4758-a303-de6f39da4dbc-GrpcLogAppender: Follower failed (request=null, errorCount=26); keep nextIndex (22) unchanged and retry. (Repeated 2 times in the last 5.000s)
2025-10-10 10:40:32,983 [timer6] WARN  server.GrpcLogAppender (GrpcLogAppender.java:lambda$resetClient$1(228)) - 22d9c8a1-4559-44b0-a4af-9630f79f1f05@group-7FE9BF83969B->ad892cb1-3002-4758-a303-de6f39da4dbc-GrpcLogAppender: Follower failed (request=null, errorCount=28); keep nextIndex (23) unchanged and retry. (Repeated 2 times in the last 5.001s)
2025-10-10 10:40:32,986 [timer2] WARN  server.GrpcLogAppender (GrpcLogAppender.java:lambda$resetClient$1(228)) - 22d9c8a1-4559-44b0-a4af-9630f79f1f05@group-7FE9BF83969B->ad892cb1-3002-4758-a303-de6f39da4dbc-GrpcLogAppender: Follower failed (request=null, errorCount=32); keep nextIndex (24) unchanged and retry. (Repeated 4 times in the last 5.001s)
2025-10-10 10:40:33,106 [aa9634f0-8836-44d6-bc05-5b19fbdd93d5@group-813C05265458-FollowerState] INFO  impl.FollowerState (FollowerState.java:runImpl(161)) - aa9634f0-8836-44d6-bc05-5b19fbdd93d5@group-813C05265458-FollowerState: change to CANDIDATE, lastRpcElapsedTime:1162961935ns, electionTimeout:1162ms
2025-10-10 10:40:33,106 [aa9634f0-8836-44d6-bc05-5b19fbdd93d5@group-813C05265458-FollowerState] INFO  impl.RoleInfo (RoleInfo.java:shutdownFollowerState(121)) - aa9634f0-8836-44d6-bc05-5b19fbdd93d5: shutdown aa9634f0-8836-44d6-bc05-5b19fbdd93d5@group-813C05265458-FollowerState
2025-10-10 10:40:33,107 [aa9634f0-8836-44d6-bc05-5b19fbdd93d5@group-813C05265458-FollowerState] INFO  server.RaftServer$Division (RaftServerImpl.java:setRole(392)) - aa9634f0-8836-44d6-bc05-5b19fbdd93d5@group-813C05265458: changes role from  FOLLOWER to CANDIDATE at term 1 for changeToCandidate
2025-10-10 10:40:33,107 [aa9634f0-8836-44d6-bc05-5b19fbdd93d5@group-813C05265458-FollowerState] INFO  impl.RoleInfo (RoleInfo.java:updateAndGet(148)) - aa9634f0-8836-44d6-bc05-5b19fbdd93d5: start aa9634f0-8836-44d6-bc05-5b19fbdd93d5@group-813C05265458-LeaderElection315
2025-10-10 10:40:33,107 [aa9634f0-8836-44d6-bc05-5b19fbdd93d5@group-813C05265458-LeaderElection315] INFO  impl.LeaderElection (LeaderElection.java:askForVotes(448)) - aa9634f0-8836-44d6-bc05-5b19fbdd93d5@group-813C05265458-LeaderElection315 PRE_VOTE round 0: submit vote requests at term 1 for conf: {index: 0, cur=peers:[aa9634f0-8836-44d6-bc05-5b19fbdd93d5|127.0.0.1:15063, 36185c6b-22ce-45d1-a622-3a6b487a5a53|127.0.0.1:15071, 895d447a-5476-42e4-b2fa-6eb687701d46|127.0.0.1:15079]|listeners:[], old=null}
2025-10-10 10:40:33,107 [aa9634f0-8836-44d6-bc05-5b19fbdd93d5@group-813C05265458-LeaderElection315] INFO  impl.LeaderElection (LogUtils.java:infoOrTrace(142)) - aa9634f0-8836-44d6-bc05-5b19fbdd93d5@group-813C05265458-LeaderElection315 got exception when requesting votes: java.util.concurrent.ExecutionException: org.apache.ratis.thirdparty.io.grpc.StatusRuntimeException: UNAVAILABLE: io exception
2025-10-10 10:40:33,107 [aa9634f0-8836-44d6-bc05-5b19fbdd93d5@group-813C05265458-LeaderElection315] INFO  impl.LeaderElection (LogUtils.java:infoOrTrace(142)) - aa9634f0-8836-44d6-bc05-5b19fbdd93d5@group-813C05265458-LeaderElection315 got exception when requesting votes: java.util.concurrent.ExecutionException: org.apache.ratis.thirdparty.io.grpc.StatusRuntimeException: UNAVAILABLE: io exception
2025-10-10 10:40:33,107 [aa9634f0-8836-44d6-bc05-5b19fbdd93d5@group-813C05265458-LeaderElection315] INFO  impl.LeaderElection (LeaderElection.java:logAndReturn(206)) - aa9634f0-8836-44d6-bc05-5b19fbdd93d5@group-813C05265458-LeaderElection315: PRE_VOTE REJECTED received 0 response(s) and 2 exception(s):
2025-10-10 10:40:33,108 [aa9634f0-8836-44d6-bc05-5b19fbdd93d5@group-813C05265458-LeaderElection315] INFO  impl.LeaderElection (LogUtils.java:infoOrTrace(142)) -   Exception 0: java.util.concurrent.ExecutionException: org.apache.ratis.thirdparty.io.grpc.StatusRuntimeException: UNAVAILABLE: io exception
2025-10-10 10:40:33,108 [aa9634f0-8836-44d6-bc05-5b19fbdd93d5@group-813C05265458-LeaderElection315] INFO  impl.LeaderElection (LogUtils.java:infoOrTrace(142)) -   Exception 1: java.util.concurrent.ExecutionException: org.apache.ratis.thirdparty.io.grpc.StatusRuntimeException: UNAVAILABLE: io exception
2025-10-10 10:40:33,108 [aa9634f0-8836-44d6-bc05-5b19fbdd93d5@group-813C05265458-LeaderElection315] INFO  impl.LeaderElection (LeaderElection.java:askForVotes(450)) - aa9634f0-8836-44d6-bc05-5b19fbdd93d5@group-813C05265458-LeaderElection315 PRE_VOTE round 0: result REJECTED
2025-10-10 10:40:33,108 [aa9634f0-8836-44d6-bc05-5b19fbdd93d5@group-813C05265458-LeaderElection315] INFO  server.RaftServer$Division (RaftServerImpl.java:setRole(392)) - aa9634f0-8836-44d6-bc05-5b19fbdd93d5@group-813C05265458: changes role from CANDIDATE to FOLLOWER at term 1 for REJECTED
2025-10-10 10:40:33,108 [aa9634f0-8836-44d6-bc05-5b19fbdd93d5@group-813C05265458-LeaderElection315] INFO  impl.RoleInfo (RoleInfo.java:shutdownLeaderElection(141)) - aa9634f0-8836-44d6-bc05-5b19fbdd93d5: shutdown aa9634f0-8836-44d6-bc05-5b19fbdd93d5@group-813C05265458-LeaderElection315
2025-10-10 10:40:33,108 [aa9634f0-8836-44d6-bc05-5b19fbdd93d5@group-813C05265458-LeaderElection315] INFO  impl.RoleInfo (RoleInfo.java:updateAndGet(148)) - aa9634f0-8836-44d6-bc05-5b19fbdd93d5: start aa9634f0-8836-44d6-bc05-5b19fbdd93d5@group-813C05265458-FollowerState
2025-10-10 10:40:33,226 [ad892cb1-3002-4758-a303-de6f39da4dbc@group-7FE9BF83969B-FollowerState] INFO  impl.FollowerState (FollowerState.java:runImpl(161)) - ad892cb1-3002-4758-a303-de6f39da4dbc@group-7FE9BF83969B-FollowerState: change to CANDIDATE, lastRpcElapsedTime:1078365122ns, electionTimeout:1078ms
2025-10-10 10:40:33,226 [ad892cb1-3002-4758-a303-de6f39da4dbc@group-7FE9BF83969B-FollowerState] INFO  impl.RoleInfo (RoleInfo.java:shutdownFollowerState(121)) - ad892cb1-3002-4758-a303-de6f39da4dbc: shutdown ad892cb1-3002-4758-a303-de6f39da4dbc@group-7FE9BF83969B-FollowerState
2025-10-10 10:40:33,226 [ad892cb1-3002-4758-a303-de6f39da4dbc@group-7FE9BF83969B-FollowerState] INFO  server.RaftServer$Division (RaftServerImpl.java:setRole(392)) - ad892cb1-3002-4758-a303-de6f39da4dbc@group-7FE9BF83969B: changes role from  FOLLOWER to CANDIDATE at term 1 for changeToCandidate
2025-10-10 10:40:33,226 [ad892cb1-3002-4758-a303-de6f39da4dbc@group-7FE9BF83969B-FollowerState] INFO  impl.RoleInfo (RoleInfo.java:updateAndGet(148)) - ad892cb1-3002-4758-a303-de6f39da4dbc: start ad892cb1-3002-4758-a303-de6f39da4dbc@group-7FE9BF83969B-LeaderElection316
2025-10-10 10:40:33,226 [ad892cb1-3002-4758-a303-de6f39da4dbc@group-7FE9BF83969B-LeaderElection316] INFO  impl.LeaderElection (LeaderElection.java:askForVotes(448)) - ad892cb1-3002-4758-a303-de6f39da4dbc@group-7FE9BF83969B-LeaderElection316 PRE_VOTE round 0: submit vote requests at term 1 for conf: {index: 0, cur=peers:[9ab71813-e86f-4276-8581-297fed06961e|127.0.0.1:15047, ad892cb1-3002-4758-a303-de6f39da4dbc|127.0.0.1:15039, 22d9c8a1-4559-44b0-a4af-9630f79f1f05|127.0.0.1:15055]|listeners:[], old=null}
2025-10-10 10:40:33,227 [grpc-default-executor-8] INFO  server.RaftServer$Division (RaftServerImpl.java:requestVote(1421)) - 9ab71813-e86f-4276-8581-297fed06961e@group-7FE9BF83969B: receive requestVote(PRE_VOTE, ad892cb1-3002-4758-a303-de6f39da4dbc, group-7FE9BF83969B, 1, (t:1, i:13))
2025-10-10 10:40:33,227 [grpc-default-executor-7] INFO  server.RaftServer$Division (RaftServerImpl.java:requestVote(1421)) - 22d9c8a1-4559-44b0-a4af-9630f79f1f05@group-7FE9BF83969B: receive requestVote(PRE_VOTE, ad892cb1-3002-4758-a303-de6f39da4dbc, group-7FE9BF83969B, 1, (t:1, i:13))
2025-10-10 10:40:33,227 [grpc-default-executor-8] INFO  impl.VoteContext (VoteContext.java:log(49)) - 9ab71813-e86f-4276-8581-297fed06961e@group-7FE9BF83969B-FOLLOWER: reject PRE_VOTE from ad892cb1-3002-4758-a303-de6f39da4dbc: this server is a follower and still has a valid leader 22d9c8a1-4559-44b0-a4af-9630f79f1f05 different than the candidate ad892cb1-3002-4758-a303-de6f39da4dbc
2025-10-10 10:40:33,227 [grpc-default-executor-7] INFO  impl.VoteContext (VoteContext.java:log(49)) - 22d9c8a1-4559-44b0-a4af-9630f79f1f05@group-7FE9BF83969B-LEADER: reject PRE_VOTE from ad892cb1-3002-4758-a303-de6f39da4dbc: this server is the leader and still has leadership
2025-10-10 10:40:33,227 [grpc-default-executor-8] INFO  server.RaftServer$Division (RaftServerImpl.java:requestVote(1455)) - 9ab71813-e86f-4276-8581-297fed06961e@group-7FE9BF83969B replies to PRE_VOTE vote request: ad892cb1-3002-4758-a303-de6f39da4dbc<-9ab71813-e86f-4276-8581-297fed06961e#0:FAIL-t1-last:(t:1, i:23). Peer's state: 9ab71813-e86f-4276-8581-297fed06961e@group-7FE9BF83969B:t1, leader=22d9c8a1-4559-44b0-a4af-9630f79f1f05, voted=22d9c8a1-4559-44b0-a4af-9630f79f1f05, raftlog=Memoized:9ab71813-e86f-4276-8581-297fed06961e@group-7FE9BF83969B-SegmentedRaftLog:OPENED:c23:last(t:1, i:23), conf=conf: {index: 0, cur=peers:[9ab71813-e86f-4276-8581-297fed06961e|127.0.0.1:15047, ad892cb1-3002-4758-a303-de6f39da4dbc|127.0.0.1:15039, 22d9c8a1-4559-44b0-a4af-9630f79f1f05|127.0.0.1:15055]|listeners:[], old=null}
2025-10-10 10:40:33,227 [grpc-default-executor-7] INFO  server.RaftServer$Division (RaftServerImpl.java:requestVote(1455)) - 22d9c8a1-4559-44b0-a4af-9630f79f1f05@group-7FE9BF83969B replies to PRE_VOTE vote request: ad892cb1-3002-4758-a303-de6f39da4dbc<-22d9c8a1-4559-44b0-a4af-9630f79f1f05#0:FAIL-t1-last:(t:1, i:23). Peer's state: 22d9c8a1-4559-44b0-a4af-9630f79f1f05@group-7FE9BF83969B:t1, leader=22d9c8a1-4559-44b0-a4af-9630f79f1f05, voted=22d9c8a1-4559-44b0-a4af-9630f79f1f05, raftlog=Memoized:22d9c8a1-4559-44b0-a4af-9630f79f1f05@group-7FE9BF83969B-SegmentedRaftLog:OPENED:c23:last(t:1, i:23), conf=conf: {index: 0, cur=peers:[9ab71813-e86f-4276-8581-297fed06961e|127.0.0.1:15047, ad892cb1-3002-4758-a303-de6f39da4dbc|127.0.0.1:15039, 22d9c8a1-4559-44b0-a4af-9630f79f1f05|127.0.0.1:15055]|listeners:[], old=null}
2025-10-10 10:40:33,228 [ad892cb1-3002-4758-a303-de6f39da4dbc@group-7FE9BF83969B-LeaderElection316] INFO  impl.LeaderElection (LeaderElection.java:logAndReturn(206)) - ad892cb1-3002-4758-a303-de6f39da4dbc@group-7FE9BF83969B-LeaderElection316: PRE_VOTE REJECTED received 1 response(s) and 0 exception(s):
2025-10-10 10:40:33,228 [ad892cb1-3002-4758-a303-de6f39da4dbc@group-7FE9BF83969B-LeaderElection316] INFO  impl.LeaderElection (LeaderElection.java:logAndReturn(210)) -   Response 0: ad892cb1-3002-4758-a303-de6f39da4dbc<-22d9c8a1-4559-44b0-a4af-9630f79f1f05#0:FAIL-t1-last:(t:1, i:23)
2025-10-10 10:40:33,228 [ad892cb1-3002-4758-a303-de6f39da4dbc@group-7FE9BF83969B-LeaderElection316] INFO  impl.LeaderElection (LeaderElection.java:askForVotes(450)) - ad892cb1-3002-4758-a303-de6f39da4dbc@group-7FE9BF83969B-LeaderElection316 PRE_VOTE round 0: result REJECTED
2025-10-10 10:40:33,228 [ad892cb1-3002-4758-a303-de6f39da4dbc@group-7FE9BF83969B-LeaderElection316] INFO  server.RaftServer$Division (RaftServerImpl.java:setRole(392)) - ad892cb1-3002-4758-a303-de6f39da4dbc@group-7FE9BF83969B: changes role from CANDIDATE to FOLLOWER at term 1 for REJECTED
2025-10-10 10:40:33,228 [ad892cb1-3002-4758-a303-de6f39da4dbc@group-7FE9BF83969B-LeaderElection316] INFO  impl.RoleInfo (RoleInfo.java:shutdownLeaderElection(141)) - ad892cb1-3002-4758-a303-de6f39da4dbc: shutdown ad892cb1-3002-4758-a303-de6f39da4dbc@group-7FE9BF83969B-LeaderElection316
2025-10-10 10:40:33,228 [ad892cb1-3002-4758-a303-de6f39da4dbc@group-7FE9BF83969B-LeaderElection316] INFO  impl.RoleInfo (RoleInfo.java:updateAndGet(148)) - ad892cb1-3002-4758-a303-de6f39da4dbc: start ad892cb1-3002-4758-a303-de6f39da4dbc@group-7FE9BF83969B-FollowerState
2025-10-10 10:40:33,857 [grpc-default-executor-7] INFO  ratis.XceiverServerRatis (XceiverServerRatis.java:handleLeaderChangedNotification(940)) - Leader change notification received for group: group-7FE9BF83969B with new leaderId: 22d9c8a1-4559-44b0-a4af-9630f79f1f05
2025-10-10 10:40:33,857 [grpc-default-executor-7] INFO  server.RaftServer$Division (ServerState.java:setLeader(272)) - ad892cb1-3002-4758-a303-de6f39da4dbc@group-7FE9BF83969B: change Leader from null to 22d9c8a1-4559-44b0-a4af-9630f79f1f05 at term 1 for appendEntries, leader elected after 5731ms
2025-10-10 10:40:33,857 [grpc-default-executor-7] INFO  server.RaftServer$Division (RaftServerImpl.java:checkInconsistentAppendEntries(1673)) - ad892cb1-3002-4758-a303-de6f39da4dbc@group-7FE9BF83969B: Failed appendEntries as previous log entry ((t:1, i:23)) is not found
2025-10-10 10:40:33,857 [grpc-default-executor-7] INFO  server.RaftServer$Division (RaftServerImpl.java:appendEntriesAsync(1594)) - ad892cb1-3002-4758-a303-de6f39da4dbc@group-7FE9BF83969B: appendEntries* reply 22d9c8a1-4559-44b0-a4af-9630f79f1f05<-ad892cb1-3002-4758-a303-de6f39da4dbc#2313:FAIL-t1,INCONSISTENCY,nextIndex=14,followerCommit=12,matchIndex=-1
2025-10-10 10:40:33,857 [grpc-default-executor-7] WARN  server.GrpcLogAppender (GrpcLogAppender.java:lambda$onNextImpl$0(527)) - 22d9c8a1-4559-44b0-a4af-9630f79f1f05@group-7FE9BF83969B->ad892cb1-3002-4758-a303-de6f39da4dbc-AppendLogResponseHandler: received INCONSISTENCY reply with nextIndex 14, errorCount=33, request=AppendEntriesRequest:cid=2313,entriesCount=0 
2025-10-10 10:40:33,858 [grpc-default-executor-7] INFO  leader.FollowerInfo (FollowerInfoImpl.java:info(70)) - 22d9c8a1-4559-44b0-a4af-9630f79f1f05@group-7FE9BF83969B->ad892cb1-3002-4758-a303-de6f39da4dbc: setNextIndex nextIndex: updateUnconditionally 24 -> 14
2025-10-10 10:40:34,140 [36185c6b-22ce-45d1-a622-3a6b487a5a53@group-813C05265458-FollowerState] INFO  impl.FollowerState (FollowerState.java:runImpl(161)) - 36185c6b-22ce-45d1-a622-3a6b487a5a53@group-813C05265458-FollowerState: change to CANDIDATE, lastRpcElapsedTime:1174249457ns, electionTimeout:1174ms
2025-10-10 10:40:34,141 [36185c6b-22ce-45d1-a622-3a6b487a5a53@group-813C05265458-FollowerState] INFO  impl.RoleInfo (RoleInfo.java:shutdownFollowerState(121)) - 36185c6b-22ce-45d1-a622-3a6b487a5a53: shutdown 36185c6b-22ce-45d1-a622-3a6b487a5a53@group-813C05265458-FollowerState
2025-10-10 10:40:34,141 [36185c6b-22ce-45d1-a622-3a6b487a5a53@group-813C05265458-FollowerState] INFO  server.RaftServer$Division (RaftServerImpl.java:setRole(392)) - 36185c6b-22ce-45d1-a622-3a6b487a5a53@group-813C05265458: changes role from  FOLLOWER to CANDIDATE at term 1 for changeToCandidate
2025-10-10 10:40:34,141 [36185c6b-22ce-45d1-a622-3a6b487a5a53@group-813C05265458-FollowerState] INFO  impl.RoleInfo (RoleInfo.java:updateAndGet(148)) - 36185c6b-22ce-45d1-a622-3a6b487a5a53: start 36185c6b-22ce-45d1-a622-3a6b487a5a53@group-813C05265458-LeaderElection317
2025-10-10 10:40:34,141 [36185c6b-22ce-45d1-a622-3a6b487a5a53@group-813C05265458-LeaderElection317] INFO  impl.LeaderElection (LeaderElection.java:askForVotes(448)) - 36185c6b-22ce-45d1-a622-3a6b487a5a53@group-813C05265458-LeaderElection317 PRE_VOTE round 0: submit vote requests at term 1 for conf: {index: 0, cur=peers:[aa9634f0-8836-44d6-bc05-5b19fbdd93d5|127.0.0.1:15063, 36185c6b-22ce-45d1-a622-3a6b487a5a53|127.0.0.1:15071, 895d447a-5476-42e4-b2fa-6eb687701d46|127.0.0.1:15079]|listeners:[], old=null}
2025-10-10 10:40:34,142 [grpc-default-executor-7] INFO  server.RaftServer$Division (RaftServerImpl.java:requestVote(1421)) - aa9634f0-8836-44d6-bc05-5b19fbdd93d5@group-813C05265458: receive requestVote(PRE_VOTE, 36185c6b-22ce-45d1-a622-3a6b487a5a53, group-813C05265458, 1, (t:1, i:0))
2025-10-10 10:40:34,142 [grpc-default-executor-8] INFO  server.RaftServer$Division (RaftServerImpl.java:requestVote(1421)) - 895d447a-5476-42e4-b2fa-6eb687701d46@group-813C05265458: receive requestVote(PRE_VOTE, 36185c6b-22ce-45d1-a622-3a6b487a5a53, group-813C05265458, 1, (t:1, i:0))
2025-10-10 10:40:34,142 [grpc-default-executor-7] INFO  impl.VoteContext (VoteContext.java:log(49)) - aa9634f0-8836-44d6-bc05-5b19fbdd93d5@group-813C05265458-FOLLOWER: reject PRE_VOTE from 36185c6b-22ce-45d1-a622-3a6b487a5a53: our priority 1 > candidate's priority 0
2025-10-10 10:40:34,142 [grpc-default-executor-8] INFO  impl.VoteContext (VoteContext.java:log(49)) - 895d447a-5476-42e4-b2fa-6eb687701d46@group-813C05265458-FOLLOWER: accept PRE_VOTE from 36185c6b-22ce-45d1-a622-3a6b487a5a53: our priority 0 <= candidate's priority 0
2025-10-10 10:40:34,142 [grpc-default-executor-8] INFO  server.RaftServer$Division (RaftServerImpl.java:requestVote(1455)) - 895d447a-5476-42e4-b2fa-6eb687701d46@group-813C05265458 replies to PRE_VOTE vote request: 36185c6b-22ce-45d1-a622-3a6b487a5a53<-895d447a-5476-42e4-b2fa-6eb687701d46#0:OK-t1-last:(t:1, i:0). Peer's state: 895d447a-5476-42e4-b2fa-6eb687701d46@group-813C05265458:t1, leader=null, voted=aa9634f0-8836-44d6-bc05-5b19fbdd93d5, raftlog=Memoized:895d447a-5476-42e4-b2fa-6eb687701d46@group-813C05265458-SegmentedRaftLog:OPENED:c0:last(t:1, i:0), conf=conf: {index: 0, cur=peers:[aa9634f0-8836-44d6-bc05-5b19fbdd93d5|127.0.0.1:15063, 36185c6b-22ce-45d1-a622-3a6b487a5a53|127.0.0.1:15071, 895d447a-5476-42e4-b2fa-6eb687701d46|127.0.0.1:15079]|listeners:[], old=null}
2025-10-10 10:40:34,142 [grpc-default-executor-7] INFO  server.RaftServer$Division (RaftServerImpl.java:requestVote(1455)) - aa9634f0-8836-44d6-bc05-5b19fbdd93d5@group-813C05265458 replies to PRE_VOTE vote request: 36185c6b-22ce-45d1-a622-3a6b487a5a53<-aa9634f0-8836-44d6-bc05-5b19fbdd93d5#0:FAIL-t1-last:(t:1, i:0). Peer's state: aa9634f0-8836-44d6-bc05-5b19fbdd93d5@group-813C05265458:t1, leader=null, voted=aa9634f0-8836-44d6-bc05-5b19fbdd93d5, raftlog=Memoized:aa9634f0-8836-44d6-bc05-5b19fbdd93d5@group-813C05265458-SegmentedRaftLog:OPENED:c0:last(t:1, i:0), conf=conf: {index: 0, cur=peers:[aa9634f0-8836-44d6-bc05-5b19fbdd93d5|127.0.0.1:15063, 36185c6b-22ce-45d1-a622-3a6b487a5a53|127.0.0.1:15071, 895d447a-5476-42e4-b2fa-6eb687701d46|127.0.0.1:15079]|listeners:[], old=null}
2025-10-10 10:40:34,143 [36185c6b-22ce-45d1-a622-3a6b487a5a53@group-813C05265458-LeaderElection317] INFO  impl.LeaderElection (LeaderElection.java:logAndReturn(206)) - 36185c6b-22ce-45d1-a622-3a6b487a5a53@group-813C05265458-LeaderElection317: PRE_VOTE REJECTED received 2 response(s) and 0 exception(s):
2025-10-10 10:40:34,143 [36185c6b-22ce-45d1-a622-3a6b487a5a53@group-813C05265458-LeaderElection317] INFO  impl.LeaderElection (LeaderElection.java:logAndReturn(210)) -   Response 0: 36185c6b-22ce-45d1-a622-3a6b487a5a53<-aa9634f0-8836-44d6-bc05-5b19fbdd93d5#0:FAIL-t1-last:(t:1, i:0)
2025-10-10 10:40:34,143 [36185c6b-22ce-45d1-a622-3a6b487a5a53@group-813C05265458-LeaderElection317] INFO  impl.LeaderElection (LeaderElection.java:logAndReturn(210)) -   Response 1: 36185c6b-22ce-45d1-a622-3a6b487a5a53<-895d447a-5476-42e4-b2fa-6eb687701d46#0:OK-t1-last:(t:1, i:0)
2025-10-10 10:40:34,143 [36185c6b-22ce-45d1-a622-3a6b487a5a53@group-813C05265458-LeaderElection317] INFO  impl.LeaderElection (LeaderElection.java:askForVotes(450)) - 36185c6b-22ce-45d1-a622-3a6b487a5a53@group-813C05265458-LeaderElection317 PRE_VOTE round 0: result REJECTED
2025-10-10 10:40:34,143 [36185c6b-22ce-45d1-a622-3a6b487a5a53@group-813C05265458-LeaderElection317] INFO  server.RaftServer$Division (RaftServerImpl.java:setRole(392)) - 36185c6b-22ce-45d1-a622-3a6b487a5a53@group-813C05265458: changes role from CANDIDATE to FOLLOWER at term 1 for REJECTED
2025-10-10 10:40:34,143 [36185c6b-22ce-45d1-a622-3a6b487a5a53@group-813C05265458-LeaderElection317] INFO  impl.RoleInfo (RoleInfo.java:shutdownLeaderElection(141)) - 36185c6b-22ce-45d1-a622-3a6b487a5a53: shutdown 36185c6b-22ce-45d1-a622-3a6b487a5a53@group-813C05265458-LeaderElection317
2025-10-10 10:40:34,143 [36185c6b-22ce-45d1-a622-3a6b487a5a53@group-813C05265458-LeaderElection317] INFO  impl.RoleInfo (RoleInfo.java:updateAndGet(148)) - 36185c6b-22ce-45d1-a622-3a6b487a5a53: start 36185c6b-22ce-45d1-a622-3a6b487a5a53@group-813C05265458-FollowerState
2025-10-10 10:40:34,144 [aa9634f0-8836-44d6-bc05-5b19fbdd93d5@group-813C05265458-FollowerState] INFO  impl.FollowerState (FollowerState.java:runImpl(161)) - aa9634f0-8836-44d6-bc05-5b19fbdd93d5@group-813C05265458-FollowerState: change to CANDIDATE, lastRpcElapsedTime:1036248508ns, electionTimeout:1036ms
2025-10-10 10:40:34,144 [aa9634f0-8836-44d6-bc05-5b19fbdd93d5@group-813C05265458-FollowerState] INFO  impl.RoleInfo (RoleInfo.java:shutdownFollowerState(121)) - aa9634f0-8836-44d6-bc05-5b19fbdd93d5: shutdown aa9634f0-8836-44d6-bc05-5b19fbdd93d5@group-813C05265458-FollowerState
2025-10-10 10:40:34,144 [aa9634f0-8836-44d6-bc05-5b19fbdd93d5@group-813C05265458-FollowerState] INFO  server.RaftServer$Division (RaftServerImpl.java:setRole(392)) - aa9634f0-8836-44d6-bc05-5b19fbdd93d5@group-813C05265458: changes role from  FOLLOWER to CANDIDATE at term 1 for changeToCandidate
2025-10-10 10:40:34,144 [aa9634f0-8836-44d6-bc05-5b19fbdd93d5@group-813C05265458-FollowerState] INFO  impl.RoleInfo (RoleInfo.java:updateAndGet(148)) - aa9634f0-8836-44d6-bc05-5b19fbdd93d5: start aa9634f0-8836-44d6-bc05-5b19fbdd93d5@group-813C05265458-LeaderElection318
2025-10-10 10:40:34,144 [aa9634f0-8836-44d6-bc05-5b19fbdd93d5@group-813C05265458-LeaderElection318] INFO  impl.LeaderElection (LeaderElection.java:askForVotes(448)) - aa9634f0-8836-44d6-bc05-5b19fbdd93d5@group-813C05265458-LeaderElection318 PRE_VOTE round 0: submit vote requests at term 1 for conf: {index: 0, cur=peers:[aa9634f0-8836-44d6-bc05-5b19fbdd93d5|127.0.0.1:15063, 36185c6b-22ce-45d1-a622-3a6b487a5a53|127.0.0.1:15071, 895d447a-5476-42e4-b2fa-6eb687701d46|127.0.0.1:15079]|listeners:[], old=null}
2025-10-10 10:40:34,145 [aa9634f0-8836-44d6-bc05-5b19fbdd93d5@group-813C05265458-LeaderElection318] INFO  impl.LeaderElection (LogUtils.java:infoOrTrace(142)) - aa9634f0-8836-44d6-bc05-5b19fbdd93d5@group-813C05265458-LeaderElection318 got exception when requesting votes: java.util.concurrent.ExecutionException: org.apache.ratis.thirdparty.io.grpc.StatusRuntimeException: UNAVAILABLE: io exception
2025-10-10 10:40:34,145 [aa9634f0-8836-44d6-bc05-5b19fbdd93d5@group-813C05265458-LeaderElection318] INFO  impl.LeaderElection (LogUtils.java:infoOrTrace(142)) - aa9634f0-8836-44d6-bc05-5b19fbdd93d5@group-813C05265458-LeaderElection318 got exception when requesting votes: java.util.concurrent.ExecutionException: org.apache.ratis.thirdparty.io.grpc.StatusRuntimeException: UNAVAILABLE: io exception
2025-10-10 10:40:34,145 [aa9634f0-8836-44d6-bc05-5b19fbdd93d5@group-813C05265458-LeaderElection318] INFO  impl.LeaderElection (LeaderElection.java:logAndReturn(206)) - aa9634f0-8836-44d6-bc05-5b19fbdd93d5@group-813C05265458-LeaderElection318: PRE_VOTE REJECTED received 0 response(s) and 2 exception(s):
2025-10-10 10:40:34,145 [aa9634f0-8836-44d6-bc05-5b19fbdd93d5@group-813C05265458-LeaderElection318] INFO  impl.LeaderElection (LogUtils.java:infoOrTrace(142)) -   Exception 0: java.util.concurrent.ExecutionException: org.apache.ratis.thirdparty.io.grpc.StatusRuntimeException: UNAVAILABLE: io exception
2025-10-10 10:40:34,145 [aa9634f0-8836-44d6-bc05-5b19fbdd93d5@group-813C05265458-LeaderElection318] INFO  impl.LeaderElection (LogUtils.java:infoOrTrace(142)) -   Exception 1: java.util.concurrent.ExecutionException: org.apache.ratis.thirdparty.io.grpc.StatusRuntimeException: UNAVAILABLE: io exception
2025-10-10 10:40:34,145 [aa9634f0-8836-44d6-bc05-5b19fbdd93d5@group-813C05265458-LeaderElection318] INFO  impl.LeaderElection (LeaderElection.java:askForVotes(450)) - aa9634f0-8836-44d6-bc05-5b19fbdd93d5@group-813C05265458-LeaderElection318 PRE_VOTE round 0: result REJECTED
2025-10-10 10:40:34,145 [aa9634f0-8836-44d6-bc05-5b19fbdd93d5@group-813C05265458-LeaderElection318] INFO  server.RaftServer$Division (RaftServerImpl.java:setRole(392)) - aa9634f0-8836-44d6-bc05-5b19fbdd93d5@group-813C05265458: changes role from CANDIDATE to FOLLOWER at term 1 for REJECTED
2025-10-10 10:40:34,145 [aa9634f0-8836-44d6-bc05-5b19fbdd93d5@group-813C05265458-LeaderElection318] INFO  impl.RoleInfo (RoleInfo.java:shutdownLeaderElection(141)) - aa9634f0-8836-44d6-bc05-5b19fbdd93d5: shutdown aa9634f0-8836-44d6-bc05-5b19fbdd93d5@group-813C05265458-LeaderElection318
2025-10-10 10:40:34,145 [aa9634f0-8836-44d6-bc05-5b19fbdd93d5@group-813C05265458-LeaderElection318] INFO  impl.RoleInfo (RoleInfo.java:updateAndGet(148)) - aa9634f0-8836-44d6-bc05-5b19fbdd93d5: start aa9634f0-8836-44d6-bc05-5b19fbdd93d5@group-813C05265458-FollowerState
2025-10-10 10:40:35,165 [36185c6b-22ce-45d1-a622-3a6b487a5a53@group-813C05265458-FollowerState] INFO  impl.FollowerState (FollowerState.java:runImpl(161)) - 36185c6b-22ce-45d1-a622-3a6b487a5a53@group-813C05265458-FollowerState: change to CANDIDATE, lastRpcElapsedTime:1021292702ns, electionTimeout:1021ms
2025-10-10 10:40:35,165 [36185c6b-22ce-45d1-a622-3a6b487a5a53@group-813C05265458-FollowerState] INFO  impl.RoleInfo (RoleInfo.java:shutdownFollowerState(121)) - 36185c6b-22ce-45d1-a622-3a6b487a5a53: shutdown 36185c6b-22ce-45d1-a622-3a6b487a5a53@group-813C05265458-FollowerState
2025-10-10 10:40:35,165 [36185c6b-22ce-45d1-a622-3a6b487a5a53@group-813C05265458-FollowerState] INFO  server.RaftServer$Division (RaftServerImpl.java:setRole(392)) - 36185c6b-22ce-45d1-a622-3a6b487a5a53@group-813C05265458: changes role from  FOLLOWER to CANDIDATE at term 1 for changeToCandidate
2025-10-10 10:40:35,165 [36185c6b-22ce-45d1-a622-3a6b487a5a53@group-813C05265458-FollowerState] INFO  impl.RoleInfo (RoleInfo.java:updateAndGet(148)) - 36185c6b-22ce-45d1-a622-3a6b487a5a53: start 36185c6b-22ce-45d1-a622-3a6b487a5a53@group-813C05265458-LeaderElection319
2025-10-10 10:40:35,165 [36185c6b-22ce-45d1-a622-3a6b487a5a53@group-813C05265458-LeaderElection319] INFO  impl.LeaderElection (LeaderElection.java:askForVotes(448)) - 36185c6b-22ce-45d1-a622-3a6b487a5a53@group-813C05265458-LeaderElection319 PRE_VOTE round 0: submit vote requests at term 1 for conf: {index: 0, cur=peers:[aa9634f0-8836-44d6-bc05-5b19fbdd93d5|127.0.0.1:15063, 36185c6b-22ce-45d1-a622-3a6b487a5a53|127.0.0.1:15071, 895d447a-5476-42e4-b2fa-6eb687701d46|127.0.0.1:15079]|listeners:[], old=null}
2025-10-10 10:40:35,167 [grpc-default-executor-7] INFO  server.RaftServer$Division (RaftServerImpl.java:requestVote(1421)) - 895d447a-5476-42e4-b2fa-6eb687701d46@group-813C05265458: receive requestVote(PRE_VOTE, 36185c6b-22ce-45d1-a622-3a6b487a5a53, group-813C05265458, 1, (t:1, i:0))
2025-10-10 10:40:35,167 [grpc-default-executor-7] INFO  impl.VoteContext (VoteContext.java:log(49)) - 895d447a-5476-42e4-b2fa-6eb687701d46@group-813C05265458-FOLLOWER: accept PRE_VOTE from 36185c6b-22ce-45d1-a622-3a6b487a5a53: our priority 0 <= candidate's priority 0
2025-10-10 10:40:35,167 [grpc-default-executor-8] INFO  server.RaftServer$Division (RaftServerImpl.java:requestVote(1421)) - aa9634f0-8836-44d6-bc05-5b19fbdd93d5@group-813C05265458: receive requestVote(PRE_VOTE, 36185c6b-22ce-45d1-a622-3a6b487a5a53, group-813C05265458, 1, (t:1, i:0))
2025-10-10 10:40:35,167 [grpc-default-executor-7] INFO  server.RaftServer$Division (RaftServerImpl.java:requestVote(1455)) - 895d447a-5476-42e4-b2fa-6eb687701d46@group-813C05265458 replies to PRE_VOTE vote request: 36185c6b-22ce-45d1-a622-3a6b487a5a53<-895d447a-5476-42e4-b2fa-6eb687701d46#0:OK-t1-last:(t:1, i:0). Peer's state: 895d447a-5476-42e4-b2fa-6eb687701d46@group-813C05265458:t1, leader=null, voted=aa9634f0-8836-44d6-bc05-5b19fbdd93d5, raftlog=Memoized:895d447a-5476-42e4-b2fa-6eb687701d46@group-813C05265458-SegmentedRaftLog:OPENED:c0:last(t:1, i:0), conf=conf: {index: 0, cur=peers:[aa9634f0-8836-44d6-bc05-5b19fbdd93d5|127.0.0.1:15063, 36185c6b-22ce-45d1-a622-3a6b487a5a53|127.0.0.1:15071, 895d447a-5476-42e4-b2fa-6eb687701d46|127.0.0.1:15079]|listeners:[], old=null}
2025-10-10 10:40:35,167 [grpc-default-executor-8] INFO  impl.VoteContext (VoteContext.java:log(49)) - aa9634f0-8836-44d6-bc05-5b19fbdd93d5@group-813C05265458-FOLLOWER: reject PRE_VOTE from 36185c6b-22ce-45d1-a622-3a6b487a5a53: our priority 1 > candidate's priority 0
2025-10-10 10:40:35,167 [grpc-default-executor-8] INFO  server.RaftServer$Division (RaftServerImpl.java:requestVote(1455)) - aa9634f0-8836-44d6-bc05-5b19fbdd93d5@group-813C05265458 replies to PRE_VOTE vote request: 36185c6b-22ce-45d1-a622-3a6b487a5a53<-aa9634f0-8836-44d6-bc05-5b19fbdd93d5#0:FAIL-t1-last:(t:1, i:0). Peer's state: aa9634f0-8836-44d6-bc05-5b19fbdd93d5@group-813C05265458:t1, leader=null, voted=aa9634f0-8836-44d6-bc05-5b19fbdd93d5, raftlog=Memoized:aa9634f0-8836-44d6-bc05-5b19fbdd93d5@group-813C05265458-SegmentedRaftLog:OPENED:c0:last(t:1, i:0), conf=conf: {index: 0, cur=peers:[aa9634f0-8836-44d6-bc05-5b19fbdd93d5|127.0.0.1:15063, 36185c6b-22ce-45d1-a622-3a6b487a5a53|127.0.0.1:15071, 895d447a-5476-42e4-b2fa-6eb687701d46|127.0.0.1:15079]|listeners:[], old=null}
2025-10-10 10:40:35,168 [36185c6b-22ce-45d1-a622-3a6b487a5a53@group-813C05265458-LeaderElection319] INFO  impl.LeaderElection (LeaderElection.java:logAndReturn(206)) - 36185c6b-22ce-45d1-a622-3a6b487a5a53@group-813C05265458-LeaderElection319: PRE_VOTE REJECTED received 2 response(s) and 0 exception(s):
2025-10-10 10:40:35,168 [36185c6b-22ce-45d1-a622-3a6b487a5a53@group-813C05265458-LeaderElection319] INFO  impl.LeaderElection (LeaderElection.java:logAndReturn(210)) -   Response 0: 36185c6b-22ce-45d1-a622-3a6b487a5a53<-aa9634f0-8836-44d6-bc05-5b19fbdd93d5#0:FAIL-t1-last:(t:1, i:0)
2025-10-10 10:40:35,168 [36185c6b-22ce-45d1-a622-3a6b487a5a53@group-813C05265458-LeaderElection319] INFO  impl.LeaderElection (LeaderElection.java:logAndReturn(210)) -   Response 1: 36185c6b-22ce-45d1-a622-3a6b487a5a53<-895d447a-5476-42e4-b2fa-6eb687701d46#0:OK-t1-last:(t:1, i:0)
2025-10-10 10:40:35,168 [36185c6b-22ce-45d1-a622-3a6b487a5a53@group-813C05265458-LeaderElection319] INFO  impl.LeaderElection (LeaderElection.java:askForVotes(450)) - 36185c6b-22ce-45d1-a622-3a6b487a5a53@group-813C05265458-LeaderElection319 PRE_VOTE round 0: result REJECTED
2025-10-10 10:40:35,168 [36185c6b-22ce-45d1-a622-3a6b487a5a53@group-813C05265458-LeaderElection319] INFO  server.RaftServer$Division (RaftServerImpl.java:setRole(392)) - 36185c6b-22ce-45d1-a622-3a6b487a5a53@group-813C05265458: changes role from CANDIDATE to FOLLOWER at term 1 for REJECTED
2025-10-10 10:40:35,168 [36185c6b-22ce-45d1-a622-3a6b487a5a53@group-813C05265458-LeaderElection319] INFO  impl.RoleInfo (RoleInfo.java:shutdownLeaderElection(141)) - 36185c6b-22ce-45d1-a622-3a6b487a5a53: shutdown 36185c6b-22ce-45d1-a622-3a6b487a5a53@group-813C05265458-LeaderElection319
2025-10-10 10:40:35,168 [36185c6b-22ce-45d1-a622-3a6b487a5a53@group-813C05265458-LeaderElection319] INFO  impl.RoleInfo (RoleInfo.java:updateAndGet(148)) - 36185c6b-22ce-45d1-a622-3a6b487a5a53: start 36185c6b-22ce-45d1-a622-3a6b487a5a53@group-813C05265458-FollowerState
2025-10-10 10:40:35,188 [aa9634f0-8836-44d6-bc05-5b19fbdd93d5@group-813C05265458-FollowerState] INFO  impl.FollowerState (FollowerState.java:runImpl(161)) - aa9634f0-8836-44d6-bc05-5b19fbdd93d5@group-813C05265458-FollowerState: change to CANDIDATE, lastRpcElapsedTime:1043277023ns, electionTimeout:1043ms
2025-10-10 10:40:35,188 [aa9634f0-8836-44d6-bc05-5b19fbdd93d5@group-813C05265458-FollowerState] INFO  impl.RoleInfo (RoleInfo.java:shutdownFollowerState(121)) - aa9634f0-8836-44d6-bc05-5b19fbdd93d5: shutdown aa9634f0-8836-44d6-bc05-5b19fbdd93d5@group-813C05265458-FollowerState
2025-10-10 10:40:35,188 [aa9634f0-8836-44d6-bc05-5b19fbdd93d5@group-813C05265458-FollowerState] INFO  server.RaftServer$Division (RaftServerImpl.java:setRole(392)) - aa9634f0-8836-44d6-bc05-5b19fbdd93d5@group-813C05265458: changes role from  FOLLOWER to CANDIDATE at term 1 for changeToCandidate
2025-10-10 10:40:35,189 [aa9634f0-8836-44d6-bc05-5b19fbdd93d5@group-813C05265458-FollowerState] INFO  impl.RoleInfo (RoleInfo.java:updateAndGet(148)) - aa9634f0-8836-44d6-bc05-5b19fbdd93d5: start aa9634f0-8836-44d6-bc05-5b19fbdd93d5@group-813C05265458-LeaderElection320
2025-10-10 10:40:35,189 [aa9634f0-8836-44d6-bc05-5b19fbdd93d5@group-813C05265458-LeaderElection320] INFO  impl.LeaderElection (LeaderElection.java:askForVotes(448)) - aa9634f0-8836-44d6-bc05-5b19fbdd93d5@group-813C05265458-LeaderElection320 PRE_VOTE round 0: submit vote requests at term 1 for conf: {index: 0, cur=peers:[aa9634f0-8836-44d6-bc05-5b19fbdd93d5|127.0.0.1:15063, 36185c6b-22ce-45d1-a622-3a6b487a5a53|127.0.0.1:15071, 895d447a-5476-42e4-b2fa-6eb687701d46|127.0.0.1:15079]|listeners:[], old=null}
2025-10-10 10:40:35,189 [aa9634f0-8836-44d6-bc05-5b19fbdd93d5@group-813C05265458-LeaderElection320] INFO  impl.LeaderElection (LogUtils.java:infoOrTrace(142)) - aa9634f0-8836-44d6-bc05-5b19fbdd93d5@group-813C05265458-LeaderElection320 got exception when requesting votes: java.util.concurrent.ExecutionException: org.apache.ratis.thirdparty.io.grpc.StatusRuntimeException: UNAVAILABLE: io exception
2025-10-10 10:40:35,189 [aa9634f0-8836-44d6-bc05-5b19fbdd93d5@group-813C05265458-LeaderElection320] INFO  impl.LeaderElection (LogUtils.java:infoOrTrace(142)) - aa9634f0-8836-44d6-bc05-5b19fbdd93d5@group-813C05265458-LeaderElection320 got exception when requesting votes: java.util.concurrent.ExecutionException: org.apache.ratis.thirdparty.io.grpc.StatusRuntimeException: UNAVAILABLE: io exception
2025-10-10 10:40:35,190 [aa9634f0-8836-44d6-bc05-5b19fbdd93d5@group-813C05265458-LeaderElection320] INFO  impl.LeaderElection (LeaderElection.java:logAndReturn(206)) - aa9634f0-8836-44d6-bc05-5b19fbdd93d5@group-813C05265458-LeaderElection320: PRE_VOTE REJECTED received 0 response(s) and 2 exception(s):
2025-10-10 10:40:35,190 [aa9634f0-8836-44d6-bc05-5b19fbdd93d5@group-813C05265458-LeaderElection320] INFO  impl.LeaderElection (LogUtils.java:infoOrTrace(142)) -   Exception 0: java.util.concurrent.ExecutionException: org.apache.ratis.thirdparty.io.grpc.StatusRuntimeException: UNAVAILABLE: io exception
2025-10-10 10:40:35,190 [aa9634f0-8836-44d6-bc05-5b19fbdd93d5@group-813C05265458-LeaderElection320] INFO  impl.LeaderElection (LogUtils.java:infoOrTrace(142)) -   Exception 1: java.util.concurrent.ExecutionException: org.apache.ratis.thirdparty.io.grpc.StatusRuntimeException: UNAVAILABLE: io exception
2025-10-10 10:40:35,190 [aa9634f0-8836-44d6-bc05-5b19fbdd93d5@group-813C05265458-LeaderElection320] INFO  impl.LeaderElection (LeaderElection.java:askForVotes(450)) - aa9634f0-8836-44d6-bc05-5b19fbdd93d5@group-813C05265458-LeaderElection320 PRE_VOTE round 0: result REJECTED
2025-10-10 10:40:35,190 [aa9634f0-8836-44d6-bc05-5b19fbdd93d5@group-813C05265458-LeaderElection320] INFO  server.RaftServer$Division (RaftServerImpl.java:setRole(392)) - aa9634f0-8836-44d6-bc05-5b19fbdd93d5@group-813C05265458: changes role from CANDIDATE to FOLLOWER at term 1 for REJECTED
2025-10-10 10:40:35,190 [aa9634f0-8836-44d6-bc05-5b19fbdd93d5@group-813C05265458-LeaderElection320] INFO  impl.RoleInfo (RoleInfo.java:shutdownLeaderElection(141)) - aa9634f0-8836-44d6-bc05-5b19fbdd93d5: shutdown aa9634f0-8836-44d6-bc05-5b19fbdd93d5@group-813C05265458-LeaderElection320
2025-10-10 10:40:35,190 [aa9634f0-8836-44d6-bc05-5b19fbdd93d5@group-813C05265458-LeaderElection320] INFO  impl.RoleInfo (RoleInfo.java:updateAndGet(148)) - aa9634f0-8836-44d6-bc05-5b19fbdd93d5: start aa9634f0-8836-44d6-bc05-5b19fbdd93d5@group-813C05265458-FollowerState
2025-10-10 10:40:35,889 [grpc-default-executor-8] ERROR impl.OrderedAsync (OrderedAsync.java:lambda$null$6(215)) -  client-527EF30E8D9C: Failed* RaftClientRequest:client-527EF30E8D9C->895d447a-5476-42e4-b2fa-6eb687701d46@group-813C05265458, cid=78, seq=1*, Watch(0), null
java.util.concurrent.CompletionException: org.apache.ratis.protocol.exceptions.NotLeaderException: Server 895d447a-5476-42e4-b2fa-6eb687701d46@group-813C05265458 is not the leader
	at java.base/java.util.concurrent.CompletableFuture.encodeThrowable(CompletableFuture.java:332)
	at java.base/java.util.concurrent.CompletableFuture.completeThrowable(CompletableFuture.java:347)
	at java.base/java.util.concurrent.CompletableFuture$UniAccept.tryFire(CompletableFuture.java:708)
	at java.base/java.util.concurrent.CompletableFuture.postComplete(CompletableFuture.java:510)
	at java.base/java.util.concurrent.CompletableFuture.completeExceptionally(CompletableFuture.java:2194)
	at org.apache.ratis.grpc.client.GrpcClientProtocolClient$AsyncStreamObservers.completeReplyExceptionally(GrpcClientProtocolClient.java:397)
	at org.apache.ratis.grpc.client.GrpcClientProtocolClient$AsyncStreamObservers.access$000(GrpcClientProtocolClient.java:303)
	at org.apache.ratis.grpc.client.GrpcClientProtocolClient$AsyncStreamObservers$1.onNext(GrpcClientProtocolClient.java:317)
	at org.apache.ratis.grpc.client.GrpcClientProtocolClient$AsyncStreamObservers$1.onNext(GrpcClientProtocolClient.java:308)
	at org.apache.ratis.thirdparty.io.grpc.stub.ClientCalls$StreamObserverToCallListenerAdapter.onMessage(ClientCalls.java:551)
	at org.apache.ratis.thirdparty.io.grpc.ForwardingClientCallListener.onMessage(ForwardingClientCallListener.java:33)
	at org.apache.ratis.thirdparty.io.grpc.internal.ClientCallImpl$ClientStreamListenerImpl$1MessagesAvailable.runInternal(ClientCallImpl.java:661)
	at org.apache.ratis.thirdparty.io.grpc.internal.ClientCallImpl$ClientStreamListenerImpl$1MessagesAvailable.runInContext(ClientCallImpl.java:648)
	at org.apache.ratis.thirdparty.io.grpc.internal.ContextRunnable.run(ContextRunnable.java:37)
	at org.apache.ratis.thirdparty.io.grpc.internal.SerializingExecutor.run(SerializingExecutor.java:133)
	at java.base/java.util.concurrent.ThreadPoolExecutor.runWorker(ThreadPoolExecutor.java:1144)
	at java.base/java.util.concurrent.ThreadPoolExecutor$Worker.run(ThreadPoolExecutor.java:642)
	at java.base/java.lang.Thread.run(Thread.java:1583)
Caused by: org.apache.ratis.protocol.exceptions.NotLeaderException: Server 895d447a-5476-42e4-b2fa-6eb687701d46@group-813C05265458 is not the leader
	at org.apache.ratis.client.impl.ClientProtoUtils.toRaftClientReply(ClientProtoUtils.java:402)
	at org.apache.ratis.grpc.client.GrpcClientProtocolClient$AsyncStreamObservers$1.onNext(GrpcClientProtocolClient.java:313)
	... 10 more
2025-10-10 10:40:36,262 [aa9634f0-8836-44d6-bc05-5b19fbdd93d5@group-813C05265458-FollowerState] INFO  impl.FollowerState (FollowerState.java:runImpl(161)) - aa9634f0-8836-44d6-bc05-5b19fbdd93d5@group-813C05265458-FollowerState: change to CANDIDATE, lastRpcElapsedTime:1072301571ns, electionTimeout:1072ms
2025-10-10 10:40:36,262 [aa9634f0-8836-44d6-bc05-5b19fbdd93d5@group-813C05265458-FollowerState] INFO  impl.RoleInfo (RoleInfo.java:shutdownFollowerState(121)) - aa9634f0-8836-44d6-bc05-5b19fbdd93d5: shutdown aa9634f0-8836-44d6-bc05-5b19fbdd93d5@group-813C05265458-FollowerState
2025-10-10 10:40:36,262 [aa9634f0-8836-44d6-bc05-5b19fbdd93d5@group-813C05265458-FollowerState] INFO  server.RaftServer$Division (RaftServerImpl.java:setRole(392)) - aa9634f0-8836-44d6-bc05-5b19fbdd93d5@group-813C05265458: changes role from  FOLLOWER to CANDIDATE at term 1 for changeToCandidate
2025-10-10 10:40:36,263 [aa9634f0-8836-44d6-bc05-5b19fbdd93d5@group-813C05265458-FollowerState] INFO  impl.RoleInfo (RoleInfo.java:updateAndGet(148)) - aa9634f0-8836-44d6-bc05-5b19fbdd93d5: start aa9634f0-8836-44d6-bc05-5b19fbdd93d5@group-813C05265458-LeaderElection321
2025-10-10 10:40:36,263 [aa9634f0-8836-44d6-bc05-5b19fbdd93d5@group-813C05265458-LeaderElection321] INFO  impl.LeaderElection (LeaderElection.java:askForVotes(448)) - aa9634f0-8836-44d6-bc05-5b19fbdd93d5@group-813C05265458-LeaderElection321 PRE_VOTE round 0: submit vote requests at term 1 for conf: {index: 0, cur=peers:[aa9634f0-8836-44d6-bc05-5b19fbdd93d5|127.0.0.1:15063, 36185c6b-22ce-45d1-a622-3a6b487a5a53|127.0.0.1:15071, 895d447a-5476-42e4-b2fa-6eb687701d46|127.0.0.1:15079]|listeners:[], old=null}
2025-10-10 10:40:36,264 [aa9634f0-8836-44d6-bc05-5b19fbdd93d5@group-813C05265458-LeaderElection321] INFO  impl.LeaderElection (LogUtils.java:infoOrTrace(142)) - aa9634f0-8836-44d6-bc05-5b19fbdd93d5@group-813C05265458-LeaderElection321 got exception when requesting votes: java.util.concurrent.ExecutionException: org.apache.ratis.thirdparty.io.grpc.StatusRuntimeException: UNAVAILABLE: io exception
2025-10-10 10:40:36,264 [aa9634f0-8836-44d6-bc05-5b19fbdd93d5@group-813C05265458-LeaderElection321] INFO  impl.LeaderElection (LogUtils.java:infoOrTrace(142)) - aa9634f0-8836-44d6-bc05-5b19fbdd93d5@group-813C05265458-LeaderElection321 got exception when requesting votes: java.util.concurrent.ExecutionException: org.apache.ratis.thirdparty.io.grpc.StatusRuntimeException: UNAVAILABLE: io exception
2025-10-10 10:40:36,264 [aa9634f0-8836-44d6-bc05-5b19fbdd93d5@group-813C05265458-LeaderElection321] INFO  impl.LeaderElection (LeaderElection.java:logAndReturn(206)) - aa9634f0-8836-44d6-bc05-5b19fbdd93d5@group-813C05265458-LeaderElection321: PRE_VOTE REJECTED received 0 response(s) and 2 exception(s):
2025-10-10 10:40:36,264 [aa9634f0-8836-44d6-bc05-5b19fbdd93d5@group-813C05265458-LeaderElection321] INFO  impl.LeaderElection (LogUtils.java:infoOrTrace(142)) -   Exception 0: java.util.concurrent.ExecutionException: org.apache.ratis.thirdparty.io.grpc.StatusRuntimeException: UNAVAILABLE: io exception
2025-10-10 10:40:36,264 [aa9634f0-8836-44d6-bc05-5b19fbdd93d5@group-813C05265458-LeaderElection321] INFO  impl.LeaderElection (LogUtils.java:infoOrTrace(142)) -   Exception 1: java.util.concurrent.ExecutionException: org.apache.ratis.thirdparty.io.grpc.StatusRuntimeException: UNAVAILABLE: io exception
2025-10-10 10:40:36,264 [aa9634f0-8836-44d6-bc05-5b19fbdd93d5@group-813C05265458-LeaderElection321] INFO  impl.LeaderElection (LeaderElection.java:askForVotes(450)) - aa9634f0-8836-44d6-bc05-5b19fbdd93d5@group-813C05265458-LeaderElection321 PRE_VOTE round 0: result REJECTED
2025-10-10 10:40:36,264 [aa9634f0-8836-44d6-bc05-5b19fbdd93d5@group-813C05265458-LeaderElection321] INFO  server.RaftServer$Division (RaftServerImpl.java:setRole(392)) - aa9634f0-8836-44d6-bc05-5b19fbdd93d5@group-813C05265458: changes role from CANDIDATE to FOLLOWER at term 1 for REJECTED
2025-10-10 10:40:36,264 [aa9634f0-8836-44d6-bc05-5b19fbdd93d5@group-813C05265458-LeaderElection321] INFO  impl.RoleInfo (RoleInfo.java:shutdownLeaderElection(141)) - aa9634f0-8836-44d6-bc05-5b19fbdd93d5: shutdown aa9634f0-8836-44d6-bc05-5b19fbdd93d5@group-813C05265458-LeaderElection321
2025-10-10 10:40:36,264 [aa9634f0-8836-44d6-bc05-5b19fbdd93d5@group-813C05265458-LeaderElection321] INFO  impl.RoleInfo (RoleInfo.java:updateAndGet(148)) - aa9634f0-8836-44d6-bc05-5b19fbdd93d5: start aa9634f0-8836-44d6-bc05-5b19fbdd93d5@group-813C05265458-FollowerState
2025-10-10 10:40:36,291 [36185c6b-22ce-45d1-a622-3a6b487a5a53@group-813C05265458-FollowerState] INFO  impl.FollowerState (FollowerState.java:runImpl(161)) - 36185c6b-22ce-45d1-a622-3a6b487a5a53@group-813C05265458-FollowerState: change to CANDIDATE, lastRpcElapsedTime:1123403377ns, electionTimeout:1123ms
2025-10-10 10:40:36,291 [36185c6b-22ce-45d1-a622-3a6b487a5a53@group-813C05265458-FollowerState] INFO  impl.RoleInfo (RoleInfo.java:shutdownFollowerState(121)) - 36185c6b-22ce-45d1-a622-3a6b487a5a53: shutdown 36185c6b-22ce-45d1-a622-3a6b487a5a53@group-813C05265458-FollowerState
2025-10-10 10:40:36,291 [36185c6b-22ce-45d1-a622-3a6b487a5a53@group-813C05265458-FollowerState] INFO  server.RaftServer$Division (RaftServerImpl.java:setRole(392)) - 36185c6b-22ce-45d1-a622-3a6b487a5a53@group-813C05265458: changes role from  FOLLOWER to CANDIDATE at term 1 for changeToCandidate
2025-10-10 10:40:36,292 [36185c6b-22ce-45d1-a622-3a6b487a5a53@group-813C05265458-FollowerState] INFO  impl.RoleInfo (RoleInfo.java:updateAndGet(148)) - 36185c6b-22ce-45d1-a622-3a6b487a5a53: start 36185c6b-22ce-45d1-a622-3a6b487a5a53@group-813C05265458-LeaderElection322
2025-10-10 10:40:36,292 [36185c6b-22ce-45d1-a622-3a6b487a5a53@group-813C05265458-LeaderElection322] INFO  impl.LeaderElection (LeaderElection.java:askForVotes(448)) - 36185c6b-22ce-45d1-a622-3a6b487a5a53@group-813C05265458-LeaderElection322 PRE_VOTE round 0: submit vote requests at term 1 for conf: {index: 0, cur=peers:[aa9634f0-8836-44d6-bc05-5b19fbdd93d5|127.0.0.1:15063, 36185c6b-22ce-45d1-a622-3a6b487a5a53|127.0.0.1:15071, 895d447a-5476-42e4-b2fa-6eb687701d46|127.0.0.1:15079]|listeners:[], old=null}
2025-10-10 10:40:36,293 [grpc-default-executor-8] INFO  server.RaftServer$Division (RaftServerImpl.java:requestVote(1421)) - 895d447a-5476-42e4-b2fa-6eb687701d46@group-813C05265458: receive requestVote(PRE_VOTE, 36185c6b-22ce-45d1-a622-3a6b487a5a53, group-813C05265458, 1, (t:1, i:0))
2025-10-10 10:40:36,293 [grpc-default-executor-7] INFO  server.RaftServer$Division (RaftServerImpl.java:requestVote(1421)) - aa9634f0-8836-44d6-bc05-5b19fbdd93d5@group-813C05265458: receive requestVote(PRE_VOTE, 36185c6b-22ce-45d1-a622-3a6b487a5a53, group-813C05265458, 1, (t:1, i:0))
2025-10-10 10:40:36,293 [grpc-default-executor-8] INFO  impl.VoteContext (VoteContext.java:log(49)) - 895d447a-5476-42e4-b2fa-6eb687701d46@group-813C05265458-FOLLOWER: accept PRE_VOTE from 36185c6b-22ce-45d1-a622-3a6b487a5a53: our priority 0 <= candidate's priority 0
2025-10-10 10:40:36,293 [grpc-default-executor-7] INFO  impl.VoteContext (VoteContext.java:log(49)) - aa9634f0-8836-44d6-bc05-5b19fbdd93d5@group-813C05265458-FOLLOWER: reject PRE_VOTE from 36185c6b-22ce-45d1-a622-3a6b487a5a53: our priority 1 > candidate's priority 0
2025-10-10 10:40:36,293 [grpc-default-executor-8] INFO  server.RaftServer$Division (RaftServerImpl.java:requestVote(1455)) - 895d447a-5476-42e4-b2fa-6eb687701d46@group-813C05265458 replies to PRE_VOTE vote request: 36185c6b-22ce-45d1-a622-3a6b487a5a53<-895d447a-5476-42e4-b2fa-6eb687701d46#0:OK-t1-last:(t:1, i:0). Peer's state: 895d447a-5476-42e4-b2fa-6eb687701d46@group-813C05265458:t1, leader=null, voted=aa9634f0-8836-44d6-bc05-5b19fbdd93d5, raftlog=Memoized:895d447a-5476-42e4-b2fa-6eb687701d46@group-813C05265458-SegmentedRaftLog:OPENED:c0:last(t:1, i:0), conf=conf: {index: 0, cur=peers:[aa9634f0-8836-44d6-bc05-5b19fbdd93d5|127.0.0.1:15063, 36185c6b-22ce-45d1-a622-3a6b487a5a53|127.0.0.1:15071, 895d447a-5476-42e4-b2fa-6eb687701d46|127.0.0.1:15079]|listeners:[], old=null}
2025-10-10 10:40:36,293 [grpc-default-executor-7] INFO  server.RaftServer$Division (RaftServerImpl.java:requestVote(1455)) - aa9634f0-8836-44d6-bc05-5b19fbdd93d5@group-813C05265458 replies to PRE_VOTE vote request: 36185c6b-22ce-45d1-a622-3a6b487a5a53<-aa9634f0-8836-44d6-bc05-5b19fbdd93d5#0:FAIL-t1-last:(t:1, i:0). Peer's state: aa9634f0-8836-44d6-bc05-5b19fbdd93d5@group-813C05265458:t1, leader=null, voted=aa9634f0-8836-44d6-bc05-5b19fbdd93d5, raftlog=Memoized:aa9634f0-8836-44d6-bc05-5b19fbdd93d5@group-813C05265458-SegmentedRaftLog:OPENED:c0:last(t:1, i:0), conf=conf: {index: 0, cur=peers:[aa9634f0-8836-44d6-bc05-5b19fbdd93d5|127.0.0.1:15063, 36185c6b-22ce-45d1-a622-3a6b487a5a53|127.0.0.1:15071, 895d447a-5476-42e4-b2fa-6eb687701d46|127.0.0.1:15079]|listeners:[], old=null}
2025-10-10 10:40:36,294 [36185c6b-22ce-45d1-a622-3a6b487a5a53@group-813C05265458-LeaderElection322] INFO  impl.LeaderElection (LeaderElection.java:logAndReturn(206)) - 36185c6b-22ce-45d1-a622-3a6b487a5a53@group-813C05265458-LeaderElection322: PRE_VOTE REJECTED received 2 response(s) and 0 exception(s):
2025-10-10 10:40:36,294 [36185c6b-22ce-45d1-a622-3a6b487a5a53@group-813C05265458-LeaderElection322] INFO  impl.LeaderElection (LeaderElection.java:logAndReturn(210)) -   Response 0: 36185c6b-22ce-45d1-a622-3a6b487a5a53<-aa9634f0-8836-44d6-bc05-5b19fbdd93d5#0:FAIL-t1-last:(t:1, i:0)
2025-10-10 10:40:36,294 [36185c6b-22ce-45d1-a622-3a6b487a5a53@group-813C05265458-LeaderElection322] INFO  impl.LeaderElection (LeaderElection.java:logAndReturn(210)) -   Response 1: 36185c6b-22ce-45d1-a622-3a6b487a5a53<-895d447a-5476-42e4-b2fa-6eb687701d46#0:OK-t1-last:(t:1, i:0)
2025-10-10 10:40:36,294 [36185c6b-22ce-45d1-a622-3a6b487a5a53@group-813C05265458-LeaderElection322] INFO  impl.LeaderElection (LeaderElection.java:askForVotes(450)) - 36185c6b-22ce-45d1-a622-3a6b487a5a53@group-813C05265458-LeaderElection322 PRE_VOTE round 0: result REJECTED
2025-10-10 10:40:36,294 [36185c6b-22ce-45d1-a622-3a6b487a5a53@group-813C05265458-LeaderElection322] INFO  server.RaftServer$Division (RaftServerImpl.java:setRole(392)) - 36185c6b-22ce-45d1-a622-3a6b487a5a53@group-813C05265458: changes role from CANDIDATE to FOLLOWER at term 1 for REJECTED
2025-10-10 10:40:36,294 [36185c6b-22ce-45d1-a622-3a6b487a5a53@group-813C05265458-LeaderElection322] INFO  impl.RoleInfo (RoleInfo.java:shutdownLeaderElection(141)) - 36185c6b-22ce-45d1-a622-3a6b487a5a53: shutdown 36185c6b-22ce-45d1-a622-3a6b487a5a53@group-813C05265458-LeaderElection322
2025-10-10 10:40:36,294 [36185c6b-22ce-45d1-a622-3a6b487a5a53@group-813C05265458-LeaderElection322] INFO  impl.RoleInfo (RoleInfo.java:updateAndGet(148)) - 36185c6b-22ce-45d1-a622-3a6b487a5a53: start 36185c6b-22ce-45d1-a622-3a6b487a5a53@group-813C05265458-FollowerState
2025-10-10 10:40:36,560 [timer5] INFO  server.GrpcServerProtocolService (GrpcServerProtocolService.java:lambda$onCompleted$6(171)) - 9ab71813-e86f-4276-8581-297fed06961e: Completed APPEND_ENTRIES, lastRequest: null  (Repeated 2 times in the last 5.000s)
2025-10-10 10:40:36,561 [timer6] INFO  server.GrpcServerProtocolService (GrpcServerProtocolService.java:lambda$null$7(175)) - 9ab71813-e86f-4276-8581-297fed06961e: Completed APPEND_ENTRIES, lastReply: null  (Repeated 2 times in the last 5.001s)
2025-10-10 10:40:36,562 [timer7] INFO  server.GrpcServerProtocolService (GrpcServerProtocolService.java:lambda$onCompleted$6(171)) - ad892cb1-3002-4758-a303-de6f39da4dbc: Completed APPEND_ENTRIES, lastRequest: null  (Repeated 2 times in the last 5.000s)
2025-10-10 10:40:36,563 [timer0] INFO  server.GrpcServerProtocolService (GrpcServerProtocolService.java:lambda$null$7(175)) - ad892cb1-3002-4758-a303-de6f39da4dbc: Completed APPEND_ENTRIES, lastReply: serverReply {
  requestorId: "22d9c8a1-4559-44b0-a4af-9630f79f1f05"
  replyId: "ad892cb1-3002-4758-a303-de6f39da4dbc"
  raftGroupId {
    id: "dj\024\356k^Fu\273NN\023\024Z\374\244"
  }
  callId: 1375
  success: true
}
term: 2
nextIndex: 3
followerCommit: 2
matchIndex: 18446744073709551615
isHearbeat: true
  (Repeated 2 times in the last 5.000s)
2025-10-10 10:40:37,407 [8502da08-471d-490f-823d-1244cc2731b5-server-thread2] INFO  server.RaftServer$Division (RaftServerImpl.java:takeSnapshotAsync(1241)) - 8502da08-471d-490f-823d-1244cc2731b5@group-CD0A35B076EF: takeSnapshotAsync SnapshotManagementRequest:client-FA8B1AC3F97B->8502da08-471d-490f-823d-1244cc2731b5@group-CD0A35B076EF, cid=50, seq=null, RO, null, Create:
2025-10-10 10:40:37,426 [aa9634f0-8836-44d6-bc05-5b19fbdd93d5@group-813C05265458-FollowerState] INFO  impl.FollowerState (FollowerState.java:runImpl(161)) - aa9634f0-8836-44d6-bc05-5b19fbdd93d5@group-813C05265458-FollowerState: change to CANDIDATE, lastRpcElapsedTime:1162315428ns, electionTimeout:1162ms
2025-10-10 10:40:37,426 [36185c6b-22ce-45d1-a622-3a6b487a5a53@group-813C05265458-FollowerState] INFO  impl.FollowerState (FollowerState.java:runImpl(161)) - 36185c6b-22ce-45d1-a622-3a6b487a5a53@group-813C05265458-FollowerState: change to CANDIDATE, lastRpcElapsedTime:1132482305ns, electionTimeout:1132ms
2025-10-10 10:40:37,426 [aa9634f0-8836-44d6-bc05-5b19fbdd93d5@group-813C05265458-FollowerState] INFO  impl.RoleInfo (RoleInfo.java:shutdownFollowerState(121)) - aa9634f0-8836-44d6-bc05-5b19fbdd93d5: shutdown aa9634f0-8836-44d6-bc05-5b19fbdd93d5@group-813C05265458-FollowerState
2025-10-10 10:40:37,427 [36185c6b-22ce-45d1-a622-3a6b487a5a53@group-813C05265458-FollowerState] INFO  impl.RoleInfo (RoleInfo.java:shutdownFollowerState(121)) - 36185c6b-22ce-45d1-a622-3a6b487a5a53: shutdown 36185c6b-22ce-45d1-a622-3a6b487a5a53@group-813C05265458-FollowerState
2025-10-10 10:40:37,427 [aa9634f0-8836-44d6-bc05-5b19fbdd93d5@group-813C05265458-FollowerState] INFO  server.RaftServer$Division (RaftServerImpl.java:setRole(392)) - aa9634f0-8836-44d6-bc05-5b19fbdd93d5@group-813C05265458: changes role from  FOLLOWER to CANDIDATE at term 1 for changeToCandidate
2025-10-10 10:40:37,427 [36185c6b-22ce-45d1-a622-3a6b487a5a53@group-813C05265458-FollowerState] INFO  server.RaftServer$Division (RaftServerImpl.java:setRole(392)) - 36185c6b-22ce-45d1-a622-3a6b487a5a53@group-813C05265458: changes role from  FOLLOWER to CANDIDATE at term 1 for changeToCandidate
2025-10-10 10:40:37,427 [aa9634f0-8836-44d6-bc05-5b19fbdd93d5@group-813C05265458-FollowerState] INFO  impl.RoleInfo (RoleInfo.java:updateAndGet(148)) - aa9634f0-8836-44d6-bc05-5b19fbdd93d5: start aa9634f0-8836-44d6-bc05-5b19fbdd93d5@group-813C05265458-LeaderElection323
2025-10-10 10:40:37,427 [36185c6b-22ce-45d1-a622-3a6b487a5a53@group-813C05265458-FollowerState] INFO  impl.RoleInfo (RoleInfo.java:updateAndGet(148)) - 36185c6b-22ce-45d1-a622-3a6b487a5a53: start 36185c6b-22ce-45d1-a622-3a6b487a5a53@group-813C05265458-LeaderElection324
2025-10-10 10:40:37,427 [aa9634f0-8836-44d6-bc05-5b19fbdd93d5@group-813C05265458-LeaderElection323] INFO  impl.LeaderElection (LeaderElection.java:askForVotes(448)) - aa9634f0-8836-44d6-bc05-5b19fbdd93d5@group-813C05265458-LeaderElection323 PRE_VOTE round 0: submit vote requests at term 1 for conf: {index: 0, cur=peers:[aa9634f0-8836-44d6-bc05-5b19fbdd93d5|127.0.0.1:15063, 36185c6b-22ce-45d1-a622-3a6b487a5a53|127.0.0.1:15071, 895d447a-5476-42e4-b2fa-6eb687701d46|127.0.0.1:15079]|listeners:[], old=null}
2025-10-10 10:40:37,427 [36185c6b-22ce-45d1-a622-3a6b487a5a53@group-813C05265458-LeaderElection324] INFO  impl.LeaderElection (LeaderElection.java:askForVotes(448)) - 36185c6b-22ce-45d1-a622-3a6b487a5a53@group-813C05265458-LeaderElection324 PRE_VOTE round 0: submit vote requests at term 1 for conf: {index: 0, cur=peers:[aa9634f0-8836-44d6-bc05-5b19fbdd93d5|127.0.0.1:15063, 36185c6b-22ce-45d1-a622-3a6b487a5a53|127.0.0.1:15071, 895d447a-5476-42e4-b2fa-6eb687701d46|127.0.0.1:15079]|listeners:[], old=null}
2025-10-10 10:40:37,428 [aa9634f0-8836-44d6-bc05-5b19fbdd93d5@group-813C05265458-LeaderElection323] INFO  impl.LeaderElection (LogUtils.java:infoOrTrace(142)) - aa9634f0-8836-44d6-bc05-5b19fbdd93d5@group-813C05265458-LeaderElection323 got exception when requesting votes: java.util.concurrent.ExecutionException: org.apache.ratis.thirdparty.io.grpc.StatusRuntimeException: UNAVAILABLE: io exception
2025-10-10 10:40:37,428 [aa9634f0-8836-44d6-bc05-5b19fbdd93d5@group-813C05265458-LeaderElection323] INFO  impl.LeaderElection (LogUtils.java:infoOrTrace(142)) - aa9634f0-8836-44d6-bc05-5b19fbdd93d5@group-813C05265458-LeaderElection323 got exception when requesting votes: java.util.concurrent.ExecutionException: org.apache.ratis.thirdparty.io.grpc.StatusRuntimeException: UNAVAILABLE: io exception
2025-10-10 10:40:37,428 [aa9634f0-8836-44d6-bc05-5b19fbdd93d5@group-813C05265458-LeaderElection323] INFO  impl.LeaderElection (LeaderElection.java:logAndReturn(206)) - aa9634f0-8836-44d6-bc05-5b19fbdd93d5@group-813C05265458-LeaderElection323: PRE_VOTE REJECTED received 0 response(s) and 2 exception(s):
2025-10-10 10:40:37,428 [aa9634f0-8836-44d6-bc05-5b19fbdd93d5@group-813C05265458-LeaderElection323] INFO  impl.LeaderElection (LogUtils.java:infoOrTrace(142)) -   Exception 0: java.util.concurrent.ExecutionException: org.apache.ratis.thirdparty.io.grpc.StatusRuntimeException: UNAVAILABLE: io exception
2025-10-10 10:40:37,428 [aa9634f0-8836-44d6-bc05-5b19fbdd93d5@group-813C05265458-LeaderElection323] INFO  impl.LeaderElection (LogUtils.java:infoOrTrace(142)) -   Exception 1: java.util.concurrent.ExecutionException: org.apache.ratis.thirdparty.io.grpc.StatusRuntimeException: UNAVAILABLE: io exception
2025-10-10 10:40:37,428 [aa9634f0-8836-44d6-bc05-5b19fbdd93d5@group-813C05265458-LeaderElection323] INFO  impl.LeaderElection (LeaderElection.java:askForVotes(450)) - aa9634f0-8836-44d6-bc05-5b19fbdd93d5@group-813C05265458-LeaderElection323 PRE_VOTE round 0: result REJECTED
2025-10-10 10:40:37,428 [aa9634f0-8836-44d6-bc05-5b19fbdd93d5@group-813C05265458-LeaderElection323] INFO  server.RaftServer$Division (RaftServerImpl.java:setRole(392)) - aa9634f0-8836-44d6-bc05-5b19fbdd93d5@group-813C05265458: changes role from CANDIDATE to FOLLOWER at term 1 for REJECTED
2025-10-10 10:40:37,428 [aa9634f0-8836-44d6-bc05-5b19fbdd93d5@group-813C05265458-LeaderElection323] INFO  impl.RoleInfo (RoleInfo.java:shutdownLeaderElection(141)) - aa9634f0-8836-44d6-bc05-5b19fbdd93d5: shutdown aa9634f0-8836-44d6-bc05-5b19fbdd93d5@group-813C05265458-LeaderElection323
2025-10-10 10:40:37,428 [grpc-default-executor-8] INFO  server.RaftServer$Division (RaftServerImpl.java:requestVote(1421)) - aa9634f0-8836-44d6-bc05-5b19fbdd93d5@group-813C05265458: receive requestVote(PRE_VOTE, 36185c6b-22ce-45d1-a622-3a6b487a5a53, group-813C05265458, 1, (t:1, i:0))
2025-10-10 10:40:37,429 [aa9634f0-8836-44d6-bc05-5b19fbdd93d5@group-813C05265458-LeaderElection323] INFO  impl.RoleInfo (RoleInfo.java:updateAndGet(148)) - aa9634f0-8836-44d6-bc05-5b19fbdd93d5: start aa9634f0-8836-44d6-bc05-5b19fbdd93d5@group-813C05265458-FollowerState
2025-10-10 10:40:37,428 [grpc-default-executor-7] INFO  server.RaftServer$Division (RaftServerImpl.java:requestVote(1421)) - 895d447a-5476-42e4-b2fa-6eb687701d46@group-813C05265458: receive requestVote(PRE_VOTE, 36185c6b-22ce-45d1-a622-3a6b487a5a53, group-813C05265458, 1, (t:1, i:0))
2025-10-10 10:40:37,429 [grpc-default-executor-7] INFO  impl.VoteContext (VoteContext.java:log(49)) - 895d447a-5476-42e4-b2fa-6eb687701d46@group-813C05265458-FOLLOWER: accept PRE_VOTE from 36185c6b-22ce-45d1-a622-3a6b487a5a53: our priority 0 <= candidate's priority 0
2025-10-10 10:40:37,429 [grpc-default-executor-7] INFO  server.RaftServer$Division (RaftServerImpl.java:requestVote(1455)) - 895d447a-5476-42e4-b2fa-6eb687701d46@group-813C05265458 replies to PRE_VOTE vote request: 36185c6b-22ce-45d1-a622-3a6b487a5a53<-895d447a-5476-42e4-b2fa-6eb687701d46#0:OK-t1-last:(t:1, i:0). Peer's state: 895d447a-5476-42e4-b2fa-6eb687701d46@group-813C05265458:t1, leader=null, voted=aa9634f0-8836-44d6-bc05-5b19fbdd93d5, raftlog=Memoized:895d447a-5476-42e4-b2fa-6eb687701d46@group-813C05265458-SegmentedRaftLog:OPENED:c0:last(t:1, i:0), conf=conf: {index: 0, cur=peers:[aa9634f0-8836-44d6-bc05-5b19fbdd93d5|127.0.0.1:15063, 36185c6b-22ce-45d1-a622-3a6b487a5a53|127.0.0.1:15071, 895d447a-5476-42e4-b2fa-6eb687701d46|127.0.0.1:15079]|listeners:[], old=null}
2025-10-10 10:40:37,429 [grpc-default-executor-8] INFO  impl.VoteContext (VoteContext.java:log(49)) - aa9634f0-8836-44d6-bc05-5b19fbdd93d5@group-813C05265458-FOLLOWER: reject PRE_VOTE from 36185c6b-22ce-45d1-a622-3a6b487a5a53: our priority 1 > candidate's priority 0
2025-10-10 10:40:37,429 [grpc-default-executor-8] INFO  server.RaftServer$Division (RaftServerImpl.java:requestVote(1455)) - aa9634f0-8836-44d6-bc05-5b19fbdd93d5@group-813C05265458 replies to PRE_VOTE vote request: 36185c6b-22ce-45d1-a622-3a6b487a5a53<-aa9634f0-8836-44d6-bc05-5b19fbdd93d5#0:FAIL-t1-last:(t:1, i:0). Peer's state: aa9634f0-8836-44d6-bc05-5b19fbdd93d5@group-813C05265458:t1, leader=null, voted=aa9634f0-8836-44d6-bc05-5b19fbdd93d5, raftlog=Memoized:aa9634f0-8836-44d6-bc05-5b19fbdd93d5@group-813C05265458-SegmentedRaftLog:OPENED:c0:last(t:1, i:0), conf=conf: {index: 0, cur=peers:[aa9634f0-8836-44d6-bc05-5b19fbdd93d5|127.0.0.1:15063, 36185c6b-22ce-45d1-a622-3a6b487a5a53|127.0.0.1:15071, 895d447a-5476-42e4-b2fa-6eb687701d46|127.0.0.1:15079]|listeners:[], old=null}
2025-10-10 10:40:37,430 [36185c6b-22ce-45d1-a622-3a6b487a5a53@group-813C05265458-LeaderElection324] INFO  impl.LeaderElection (LeaderElection.java:logAndReturn(206)) - 36185c6b-22ce-45d1-a622-3a6b487a5a53@group-813C05265458-LeaderElection324: PRE_VOTE REJECTED received 2 response(s) and 0 exception(s):
2025-10-10 10:40:37,430 [36185c6b-22ce-45d1-a622-3a6b487a5a53@group-813C05265458-LeaderElection324] INFO  impl.LeaderElection (LeaderElection.java:logAndReturn(210)) -   Response 0: 36185c6b-22ce-45d1-a622-3a6b487a5a53<-aa9634f0-8836-44d6-bc05-5b19fbdd93d5#0:FAIL-t1-last:(t:1, i:0)
2025-10-10 10:40:37,430 [36185c6b-22ce-45d1-a622-3a6b487a5a53@group-813C05265458-LeaderElection324] INFO  impl.LeaderElection (LeaderElection.java:logAndReturn(210)) -   Response 1: 36185c6b-22ce-45d1-a622-3a6b487a5a53<-895d447a-5476-42e4-b2fa-6eb687701d46#0:OK-t1-last:(t:1, i:0)
2025-10-10 10:40:37,430 [36185c6b-22ce-45d1-a622-3a6b487a5a53@group-813C05265458-LeaderElection324] INFO  impl.LeaderElection (LeaderElection.java:askForVotes(450)) - 36185c6b-22ce-45d1-a622-3a6b487a5a53@group-813C05265458-LeaderElection324 PRE_VOTE round 0: result REJECTED
2025-10-10 10:40:37,430 [36185c6b-22ce-45d1-a622-3a6b487a5a53@group-813C05265458-LeaderElection324] INFO  server.RaftServer$Division (RaftServerImpl.java:setRole(392)) - 36185c6b-22ce-45d1-a622-3a6b487a5a53@group-813C05265458: changes role from CANDIDATE to FOLLOWER at term 1 for REJECTED
2025-10-10 10:40:37,430 [36185c6b-22ce-45d1-a622-3a6b487a5a53@group-813C05265458-LeaderElection324] INFO  impl.RoleInfo (RoleInfo.java:shutdownLeaderElection(141)) - 36185c6b-22ce-45d1-a622-3a6b487a5a53: shutdown 36185c6b-22ce-45d1-a622-3a6b487a5a53@group-813C05265458-LeaderElection324
2025-10-10 10:40:37,430 [36185c6b-22ce-45d1-a622-3a6b487a5a53@group-813C05265458-LeaderElection324] INFO  impl.RoleInfo (RoleInfo.java:updateAndGet(148)) - 36185c6b-22ce-45d1-a622-3a6b487a5a53: start 36185c6b-22ce-45d1-a622-3a6b487a5a53@group-813C05265458-FollowerState
2025-10-10 10:40:38,433 [aa9634f0-8836-44d6-bc05-5b19fbdd93d5@group-813C05265458-FollowerState] INFO  impl.FollowerState (FollowerState.java:runImpl(161)) - aa9634f0-8836-44d6-bc05-5b19fbdd93d5@group-813C05265458-FollowerState: change to CANDIDATE, lastRpcElapsedTime:1004711177ns, electionTimeout:1004ms
2025-10-10 10:40:38,433 [aa9634f0-8836-44d6-bc05-5b19fbdd93d5@group-813C05265458-FollowerState] INFO  impl.RoleInfo (RoleInfo.java:shutdownFollowerState(121)) - aa9634f0-8836-44d6-bc05-5b19fbdd93d5: shutdown aa9634f0-8836-44d6-bc05-5b19fbdd93d5@group-813C05265458-FollowerState
2025-10-10 10:40:38,433 [aa9634f0-8836-44d6-bc05-5b19fbdd93d5@group-813C05265458-FollowerState] INFO  server.RaftServer$Division (RaftServerImpl.java:setRole(392)) - aa9634f0-8836-44d6-bc05-5b19fbdd93d5@group-813C05265458: changes role from  FOLLOWER to CANDIDATE at term 1 for changeToCandidate
2025-10-10 10:40:38,434 [aa9634f0-8836-44d6-bc05-5b19fbdd93d5@group-813C05265458-FollowerState] INFO  impl.RoleInfo (RoleInfo.java:updateAndGet(148)) - aa9634f0-8836-44d6-bc05-5b19fbdd93d5: start aa9634f0-8836-44d6-bc05-5b19fbdd93d5@group-813C05265458-LeaderElection325
2025-10-10 10:40:38,434 [aa9634f0-8836-44d6-bc05-5b19fbdd93d5@group-813C05265458-LeaderElection325] INFO  impl.LeaderElection (LeaderElection.java:askForVotes(448)) - aa9634f0-8836-44d6-bc05-5b19fbdd93d5@group-813C05265458-LeaderElection325 PRE_VOTE round 0: submit vote requests at term 1 for conf: {index: 0, cur=peers:[aa9634f0-8836-44d6-bc05-5b19fbdd93d5|127.0.0.1:15063, 36185c6b-22ce-45d1-a622-3a6b487a5a53|127.0.0.1:15071, 895d447a-5476-42e4-b2fa-6eb687701d46|127.0.0.1:15079]|listeners:[], old=null}
2025-10-10 10:40:38,434 [aa9634f0-8836-44d6-bc05-5b19fbdd93d5@group-813C05265458-LeaderElection325] INFO  impl.LeaderElection (LogUtils.java:infoOrTrace(142)) - aa9634f0-8836-44d6-bc05-5b19fbdd93d5@group-813C05265458-LeaderElection325 got exception when requesting votes: java.util.concurrent.ExecutionException: org.apache.ratis.thirdparty.io.grpc.StatusRuntimeException: UNAVAILABLE: io exception
2025-10-10 10:40:38,434 [aa9634f0-8836-44d6-bc05-5b19fbdd93d5@group-813C05265458-LeaderElection325] INFO  impl.LeaderElection (LogUtils.java:infoOrTrace(142)) - aa9634f0-8836-44d6-bc05-5b19fbdd93d5@group-813C05265458-LeaderElection325 got exception when requesting votes: java.util.concurrent.ExecutionException: org.apache.ratis.thirdparty.io.grpc.StatusRuntimeException: UNAVAILABLE: io exception
2025-10-10 10:40:38,434 [aa9634f0-8836-44d6-bc05-5b19fbdd93d5@group-813C05265458-LeaderElection325] INFO  impl.LeaderElection (LeaderElection.java:logAndReturn(206)) - aa9634f0-8836-44d6-bc05-5b19fbdd93d5@group-813C05265458-LeaderElection325: PRE_VOTE REJECTED received 0 response(s) and 2 exception(s):
2025-10-10 10:40:38,434 [aa9634f0-8836-44d6-bc05-5b19fbdd93d5@group-813C05265458-LeaderElection325] INFO  impl.LeaderElection (LogUtils.java:infoOrTrace(142)) -   Exception 0: java.util.concurrent.ExecutionException: org.apache.ratis.thirdparty.io.grpc.StatusRuntimeException: UNAVAILABLE: io exception
2025-10-10 10:40:38,435 [aa9634f0-8836-44d6-bc05-5b19fbdd93d5@group-813C05265458-LeaderElection325] INFO  impl.LeaderElection (LogUtils.java:infoOrTrace(142)) -   Exception 1: java.util.concurrent.ExecutionException: org.apache.ratis.thirdparty.io.grpc.StatusRuntimeException: UNAVAILABLE: io exception
2025-10-10 10:40:38,435 [aa9634f0-8836-44d6-bc05-5b19fbdd93d5@group-813C05265458-LeaderElection325] INFO  impl.LeaderElection (LeaderElection.java:askForVotes(450)) - aa9634f0-8836-44d6-bc05-5b19fbdd93d5@group-813C05265458-LeaderElection325 PRE_VOTE round 0: result REJECTED
2025-10-10 10:40:38,435 [aa9634f0-8836-44d6-bc05-5b19fbdd93d5@group-813C05265458-LeaderElection325] INFO  server.RaftServer$Division (RaftServerImpl.java:setRole(392)) - aa9634f0-8836-44d6-bc05-5b19fbdd93d5@group-813C05265458: changes role from CANDIDATE to FOLLOWER at term 1 for REJECTED
2025-10-10 10:40:38,435 [aa9634f0-8836-44d6-bc05-5b19fbdd93d5@group-813C05265458-LeaderElection325] INFO  impl.RoleInfo (RoleInfo.java:shutdownLeaderElection(141)) - aa9634f0-8836-44d6-bc05-5b19fbdd93d5: shutdown aa9634f0-8836-44d6-bc05-5b19fbdd93d5@group-813C05265458-LeaderElection325
2025-10-10 10:40:38,435 [aa9634f0-8836-44d6-bc05-5b19fbdd93d5@group-813C05265458-LeaderElection325] INFO  impl.RoleInfo (RoleInfo.java:updateAndGet(148)) - aa9634f0-8836-44d6-bc05-5b19fbdd93d5: start aa9634f0-8836-44d6-bc05-5b19fbdd93d5@group-813C05265458-FollowerState
2025-10-10 10:40:38,512 [36185c6b-22ce-45d1-a622-3a6b487a5a53@group-813C05265458-FollowerState] INFO  impl.FollowerState (FollowerState.java:runImpl(161)) - 36185c6b-22ce-45d1-a622-3a6b487a5a53@group-813C05265458-FollowerState: change to CANDIDATE, lastRpcElapsedTime:1082244736ns, electionTimeout:1082ms
2025-10-10 10:40:38,512 [36185c6b-22ce-45d1-a622-3a6b487a5a53@group-813C05265458-FollowerState] INFO  impl.RoleInfo (RoleInfo.java:shutdownFollowerState(121)) - 36185c6b-22ce-45d1-a622-3a6b487a5a53: shutdown 36185c6b-22ce-45d1-a622-3a6b487a5a53@group-813C05265458-FollowerState
2025-10-10 10:40:38,513 [36185c6b-22ce-45d1-a622-3a6b487a5a53@group-813C05265458-FollowerState] INFO  server.RaftServer$Division (RaftServerImpl.java:setRole(392)) - 36185c6b-22ce-45d1-a622-3a6b487a5a53@group-813C05265458: changes role from  FOLLOWER to CANDIDATE at term 1 for changeToCandidate
2025-10-10 10:40:38,513 [36185c6b-22ce-45d1-a622-3a6b487a5a53@group-813C05265458-FollowerState] INFO  impl.RoleInfo (RoleInfo.java:updateAndGet(148)) - 36185c6b-22ce-45d1-a622-3a6b487a5a53: start 36185c6b-22ce-45d1-a622-3a6b487a5a53@group-813C05265458-LeaderElection326
2025-10-10 10:40:38,513 [36185c6b-22ce-45d1-a622-3a6b487a5a53@group-813C05265458-LeaderElection326] INFO  impl.LeaderElection (LeaderElection.java:askForVotes(448)) - 36185c6b-22ce-45d1-a622-3a6b487a5a53@group-813C05265458-LeaderElection326 PRE_VOTE round 0: submit vote requests at term 1 for conf: {index: 0, cur=peers:[aa9634f0-8836-44d6-bc05-5b19fbdd93d5|127.0.0.1:15063, 36185c6b-22ce-45d1-a622-3a6b487a5a53|127.0.0.1:15071, 895d447a-5476-42e4-b2fa-6eb687701d46|127.0.0.1:15079]|listeners:[], old=null}
2025-10-10 10:40:38,514 [grpc-default-executor-7] INFO  server.RaftServer$Division (RaftServerImpl.java:requestVote(1421)) - aa9634f0-8836-44d6-bc05-5b19fbdd93d5@group-813C05265458: receive requestVote(PRE_VOTE, 36185c6b-22ce-45d1-a622-3a6b487a5a53, group-813C05265458, 1, (t:1, i:0))
2025-10-10 10:40:38,514 [grpc-default-executor-8] INFO  server.RaftServer$Division (RaftServerImpl.java:requestVote(1421)) - 895d447a-5476-42e4-b2fa-6eb687701d46@group-813C05265458: receive requestVote(PRE_VOTE, 36185c6b-22ce-45d1-a622-3a6b487a5a53, group-813C05265458, 1, (t:1, i:0))
2025-10-10 10:40:38,514 [grpc-default-executor-7] INFO  impl.VoteContext (VoteContext.java:log(49)) - aa9634f0-8836-44d6-bc05-5b19fbdd93d5@group-813C05265458-FOLLOWER: reject PRE_VOTE from 36185c6b-22ce-45d1-a622-3a6b487a5a53: our priority 1 > candidate's priority 0
2025-10-10 10:40:38,514 [grpc-default-executor-8] INFO  impl.VoteContext (VoteContext.java:log(49)) - 895d447a-5476-42e4-b2fa-6eb687701d46@group-813C05265458-FOLLOWER: accept PRE_VOTE from 36185c6b-22ce-45d1-a622-3a6b487a5a53: our priority 0 <= candidate's priority 0
2025-10-10 10:40:38,514 [grpc-default-executor-7] INFO  server.RaftServer$Division (RaftServerImpl.java:requestVote(1455)) - aa9634f0-8836-44d6-bc05-5b19fbdd93d5@group-813C05265458 replies to PRE_VOTE vote request: 36185c6b-22ce-45d1-a622-3a6b487a5a53<-aa9634f0-8836-44d6-bc05-5b19fbdd93d5#0:FAIL-t1-last:(t:1, i:0). Peer's state: aa9634f0-8836-44d6-bc05-5b19fbdd93d5@group-813C05265458:t1, leader=null, voted=aa9634f0-8836-44d6-bc05-5b19fbdd93d5, raftlog=Memoized:aa9634f0-8836-44d6-bc05-5b19fbdd93d5@group-813C05265458-SegmentedRaftLog:OPENED:c0:last(t:1, i:0), conf=conf: {index: 0, cur=peers:[aa9634f0-8836-44d6-bc05-5b19fbdd93d5|127.0.0.1:15063, 36185c6b-22ce-45d1-a622-3a6b487a5a53|127.0.0.1:15071, 895d447a-5476-42e4-b2fa-6eb687701d46|127.0.0.1:15079]|listeners:[], old=null}
2025-10-10 10:40:38,514 [grpc-default-executor-8] INFO  server.RaftServer$Division (RaftServerImpl.java:requestVote(1455)) - 895d447a-5476-42e4-b2fa-6eb687701d46@group-813C05265458 replies to PRE_VOTE vote request: 36185c6b-22ce-45d1-a622-3a6b487a5a53<-895d447a-5476-42e4-b2fa-6eb687701d46#0:OK-t1-last:(t:1, i:0). Peer's state: 895d447a-5476-42e4-b2fa-6eb687701d46@group-813C05265458:t1, leader=null, voted=aa9634f0-8836-44d6-bc05-5b19fbdd93d5, raftlog=Memoized:895d447a-5476-42e4-b2fa-6eb687701d46@group-813C05265458-SegmentedRaftLog:OPENED:c0:last(t:1, i:0), conf=conf: {index: 0, cur=peers:[aa9634f0-8836-44d6-bc05-5b19fbdd93d5|127.0.0.1:15063, 36185c6b-22ce-45d1-a622-3a6b487a5a53|127.0.0.1:15071, 895d447a-5476-42e4-b2fa-6eb687701d46|127.0.0.1:15079]|listeners:[], old=null}
2025-10-10 10:40:38,515 [36185c6b-22ce-45d1-a622-3a6b487a5a53@group-813C05265458-LeaderElection326] INFO  impl.LeaderElection (LeaderElection.java:logAndReturn(206)) - 36185c6b-22ce-45d1-a622-3a6b487a5a53@group-813C05265458-LeaderElection326: PRE_VOTE REJECTED received 1 response(s) and 0 exception(s):
2025-10-10 10:40:38,515 [36185c6b-22ce-45d1-a622-3a6b487a5a53@group-813C05265458-LeaderElection326] INFO  impl.LeaderElection (LeaderElection.java:logAndReturn(210)) -   Response 0: 36185c6b-22ce-45d1-a622-3a6b487a5a53<-aa9634f0-8836-44d6-bc05-5b19fbdd93d5#0:FAIL-t1-last:(t:1, i:0)
2025-10-10 10:40:38,515 [36185c6b-22ce-45d1-a622-3a6b487a5a53@group-813C05265458-LeaderElection326] INFO  impl.LeaderElection (LeaderElection.java:askForVotes(450)) - 36185c6b-22ce-45d1-a622-3a6b487a5a53@group-813C05265458-LeaderElection326 PRE_VOTE round 0: result REJECTED
2025-10-10 10:40:38,515 [36185c6b-22ce-45d1-a622-3a6b487a5a53@group-813C05265458-LeaderElection326] INFO  server.RaftServer$Division (RaftServerImpl.java:setRole(392)) - 36185c6b-22ce-45d1-a622-3a6b487a5a53@group-813C05265458: changes role from CANDIDATE to FOLLOWER at term 1 for REJECTED
2025-10-10 10:40:38,515 [36185c6b-22ce-45d1-a622-3a6b487a5a53@group-813C05265458-LeaderElection326] INFO  impl.RoleInfo (RoleInfo.java:shutdownLeaderElection(141)) - 36185c6b-22ce-45d1-a622-3a6b487a5a53: shutdown 36185c6b-22ce-45d1-a622-3a6b487a5a53@group-813C05265458-LeaderElection326
2025-10-10 10:40:38,515 [36185c6b-22ce-45d1-a622-3a6b487a5a53@group-813C05265458-LeaderElection326] INFO  impl.RoleInfo (RoleInfo.java:updateAndGet(148)) - 36185c6b-22ce-45d1-a622-3a6b487a5a53: start 36185c6b-22ce-45d1-a622-3a6b487a5a53@group-813C05265458-FollowerState
2025-10-10 10:40:39,623 [aa9634f0-8836-44d6-bc05-5b19fbdd93d5@group-813C05265458-FollowerState] INFO  impl.FollowerState (FollowerState.java:runImpl(161)) - aa9634f0-8836-44d6-bc05-5b19fbdd93d5@group-813C05265458-FollowerState: change to CANDIDATE, lastRpcElapsedTime:1188235770ns, electionTimeout:1188ms
2025-10-10 10:40:39,623 [aa9634f0-8836-44d6-bc05-5b19fbdd93d5@group-813C05265458-FollowerState] INFO  impl.RoleInfo (RoleInfo.java:shutdownFollowerState(121)) - aa9634f0-8836-44d6-bc05-5b19fbdd93d5: shutdown aa9634f0-8836-44d6-bc05-5b19fbdd93d5@group-813C05265458-FollowerState
2025-10-10 10:40:39,623 [aa9634f0-8836-44d6-bc05-5b19fbdd93d5@group-813C05265458-FollowerState] INFO  server.RaftServer$Division (RaftServerImpl.java:setRole(392)) - aa9634f0-8836-44d6-bc05-5b19fbdd93d5@group-813C05265458: changes role from  FOLLOWER to CANDIDATE at term 1 for changeToCandidate
2025-10-10 10:40:39,623 [aa9634f0-8836-44d6-bc05-5b19fbdd93d5@group-813C05265458-FollowerState] INFO  impl.RoleInfo (RoleInfo.java:updateAndGet(148)) - aa9634f0-8836-44d6-bc05-5b19fbdd93d5: start aa9634f0-8836-44d6-bc05-5b19fbdd93d5@group-813C05265458-LeaderElection327
2025-10-10 10:40:39,624 [aa9634f0-8836-44d6-bc05-5b19fbdd93d5@group-813C05265458-LeaderElection327] INFO  impl.LeaderElection (LeaderElection.java:askForVotes(448)) - aa9634f0-8836-44d6-bc05-5b19fbdd93d5@group-813C05265458-LeaderElection327 PRE_VOTE round 0: submit vote requests at term 1 for conf: {index: 0, cur=peers:[aa9634f0-8836-44d6-bc05-5b19fbdd93d5|127.0.0.1:15063, 36185c6b-22ce-45d1-a622-3a6b487a5a53|127.0.0.1:15071, 895d447a-5476-42e4-b2fa-6eb687701d46|127.0.0.1:15079]|listeners:[], old=null}
2025-10-10 10:40:39,624 [aa9634f0-8836-44d6-bc05-5b19fbdd93d5@group-813C05265458-LeaderElection327] INFO  impl.LeaderElection (LogUtils.java:infoOrTrace(142)) - aa9634f0-8836-44d6-bc05-5b19fbdd93d5@group-813C05265458-LeaderElection327 got exception when requesting votes: java.util.concurrent.ExecutionException: org.apache.ratis.thirdparty.io.grpc.StatusRuntimeException: UNAVAILABLE: io exception
2025-10-10 10:40:39,624 [aa9634f0-8836-44d6-bc05-5b19fbdd93d5@group-813C05265458-LeaderElection327] INFO  impl.LeaderElection (LogUtils.java:infoOrTrace(142)) - aa9634f0-8836-44d6-bc05-5b19fbdd93d5@group-813C05265458-LeaderElection327 got exception when requesting votes: java.util.concurrent.ExecutionException: org.apache.ratis.thirdparty.io.grpc.StatusRuntimeException: UNAVAILABLE: io exception
2025-10-10 10:40:39,624 [aa9634f0-8836-44d6-bc05-5b19fbdd93d5@group-813C05265458-LeaderElection327] INFO  impl.LeaderElection (LeaderElection.java:logAndReturn(206)) - aa9634f0-8836-44d6-bc05-5b19fbdd93d5@group-813C05265458-LeaderElection327: PRE_VOTE REJECTED received 0 response(s) and 2 exception(s):
2025-10-10 10:40:39,624 [aa9634f0-8836-44d6-bc05-5b19fbdd93d5@group-813C05265458-LeaderElection327] INFO  impl.LeaderElection (LogUtils.java:infoOrTrace(142)) -   Exception 0: java.util.concurrent.ExecutionException: org.apache.ratis.thirdparty.io.grpc.StatusRuntimeException: UNAVAILABLE: io exception
2025-10-10 10:40:39,624 [aa9634f0-8836-44d6-bc05-5b19fbdd93d5@group-813C05265458-LeaderElection327] INFO  impl.LeaderElection (LogUtils.java:infoOrTrace(142)) -   Exception 1: java.util.concurrent.ExecutionException: org.apache.ratis.thirdparty.io.grpc.StatusRuntimeException: UNAVAILABLE: io exception
2025-10-10 10:40:39,624 [aa9634f0-8836-44d6-bc05-5b19fbdd93d5@group-813C05265458-LeaderElection327] INFO  impl.LeaderElection (LeaderElection.java:askForVotes(450)) - aa9634f0-8836-44d6-bc05-5b19fbdd93d5@group-813C05265458-LeaderElection327 PRE_VOTE round 0: result REJECTED
2025-10-10 10:40:39,624 [aa9634f0-8836-44d6-bc05-5b19fbdd93d5@group-813C05265458-LeaderElection327] INFO  server.RaftServer$Division (RaftServerImpl.java:setRole(392)) - aa9634f0-8836-44d6-bc05-5b19fbdd93d5@group-813C05265458: changes role from CANDIDATE to FOLLOWER at term 1 for REJECTED
2025-10-10 10:40:39,624 [aa9634f0-8836-44d6-bc05-5b19fbdd93d5@group-813C05265458-LeaderElection327] INFO  impl.RoleInfo (RoleInfo.java:shutdownLeaderElection(141)) - aa9634f0-8836-44d6-bc05-5b19fbdd93d5: shutdown aa9634f0-8836-44d6-bc05-5b19fbdd93d5@group-813C05265458-LeaderElection327
2025-10-10 10:40:39,624 [aa9634f0-8836-44d6-bc05-5b19fbdd93d5@group-813C05265458-LeaderElection327] INFO  impl.RoleInfo (RoleInfo.java:updateAndGet(148)) - aa9634f0-8836-44d6-bc05-5b19fbdd93d5: start aa9634f0-8836-44d6-bc05-5b19fbdd93d5@group-813C05265458-FollowerState
2025-10-10 10:40:39,649 [36185c6b-22ce-45d1-a622-3a6b487a5a53@group-813C05265458-FollowerState] INFO  impl.FollowerState (FollowerState.java:runImpl(161)) - 36185c6b-22ce-45d1-a622-3a6b487a5a53@group-813C05265458-FollowerState: change to CANDIDATE, lastRpcElapsedTime:1134355661ns, electionTimeout:1134ms
2025-10-10 10:40:39,649 [36185c6b-22ce-45d1-a622-3a6b487a5a53@group-813C05265458-FollowerState] INFO  impl.RoleInfo (RoleInfo.java:shutdownFollowerState(121)) - 36185c6b-22ce-45d1-a622-3a6b487a5a53: shutdown 36185c6b-22ce-45d1-a622-3a6b487a5a53@group-813C05265458-FollowerState
2025-10-10 10:40:39,649 [36185c6b-22ce-45d1-a622-3a6b487a5a53@group-813C05265458-FollowerState] INFO  server.RaftServer$Division (RaftServerImpl.java:setRole(392)) - 36185c6b-22ce-45d1-a622-3a6b487a5a53@group-813C05265458: changes role from  FOLLOWER to CANDIDATE at term 1 for changeToCandidate
2025-10-10 10:40:39,649 [36185c6b-22ce-45d1-a622-3a6b487a5a53@group-813C05265458-FollowerState] INFO  impl.RoleInfo (RoleInfo.java:updateAndGet(148)) - 36185c6b-22ce-45d1-a622-3a6b487a5a53: start 36185c6b-22ce-45d1-a622-3a6b487a5a53@group-813C05265458-LeaderElection328
2025-10-10 10:40:39,650 [36185c6b-22ce-45d1-a622-3a6b487a5a53@group-813C05265458-LeaderElection328] INFO  impl.LeaderElection (LeaderElection.java:askForVotes(448)) - 36185c6b-22ce-45d1-a622-3a6b487a5a53@group-813C05265458-LeaderElection328 PRE_VOTE round 0: submit vote requests at term 1 for conf: {index: 0, cur=peers:[aa9634f0-8836-44d6-bc05-5b19fbdd93d5|127.0.0.1:15063, 36185c6b-22ce-45d1-a622-3a6b487a5a53|127.0.0.1:15071, 895d447a-5476-42e4-b2fa-6eb687701d46|127.0.0.1:15079]|listeners:[], old=null}
2025-10-10 10:40:39,651 [grpc-default-executor-8] INFO  server.RaftServer$Division (RaftServerImpl.java:requestVote(1421)) - 895d447a-5476-42e4-b2fa-6eb687701d46@group-813C05265458: receive requestVote(PRE_VOTE, 36185c6b-22ce-45d1-a622-3a6b487a5a53, group-813C05265458, 1, (t:1, i:0))
2025-10-10 10:40:39,651 [grpc-default-executor-7] INFO  server.RaftServer$Division (RaftServerImpl.java:requestVote(1421)) - aa9634f0-8836-44d6-bc05-5b19fbdd93d5@group-813C05265458: receive requestVote(PRE_VOTE, 36185c6b-22ce-45d1-a622-3a6b487a5a53, group-813C05265458, 1, (t:1, i:0))
2025-10-10 10:40:39,651 [grpc-default-executor-8] INFO  impl.VoteContext (VoteContext.java:log(49)) - 895d447a-5476-42e4-b2fa-6eb687701d46@group-813C05265458-FOLLOWER: accept PRE_VOTE from 36185c6b-22ce-45d1-a622-3a6b487a5a53: our priority 0 <= candidate's priority 0
2025-10-10 10:40:39,651 [grpc-default-executor-7] INFO  impl.VoteContext (VoteContext.java:log(49)) - aa9634f0-8836-44d6-bc05-5b19fbdd93d5@group-813C05265458-FOLLOWER: reject PRE_VOTE from 36185c6b-22ce-45d1-a622-3a6b487a5a53: our priority 1 > candidate's priority 0
2025-10-10 10:40:39,651 [grpc-default-executor-8] INFO  server.RaftServer$Division (RaftServerImpl.java:requestVote(1455)) - 895d447a-5476-42e4-b2fa-6eb687701d46@group-813C05265458 replies to PRE_VOTE vote request: 36185c6b-22ce-45d1-a622-3a6b487a5a53<-895d447a-5476-42e4-b2fa-6eb687701d46#0:OK-t1-last:(t:1, i:0). Peer's state: 895d447a-5476-42e4-b2fa-6eb687701d46@group-813C05265458:t1, leader=null, voted=aa9634f0-8836-44d6-bc05-5b19fbdd93d5, raftlog=Memoized:895d447a-5476-42e4-b2fa-6eb687701d46@group-813C05265458-SegmentedRaftLog:OPENED:c0:last(t:1, i:0), conf=conf: {index: 0, cur=peers:[aa9634f0-8836-44d6-bc05-5b19fbdd93d5|127.0.0.1:15063, 36185c6b-22ce-45d1-a622-3a6b487a5a53|127.0.0.1:15071, 895d447a-5476-42e4-b2fa-6eb687701d46|127.0.0.1:15079]|listeners:[], old=null}
2025-10-10 10:40:39,651 [grpc-default-executor-7] INFO  server.RaftServer$Division (RaftServerImpl.java:requestVote(1455)) - aa9634f0-8836-44d6-bc05-5b19fbdd93d5@group-813C05265458 replies to PRE_VOTE vote request: 36185c6b-22ce-45d1-a622-3a6b487a5a53<-aa9634f0-8836-44d6-bc05-5b19fbdd93d5#0:FAIL-t1-last:(t:1, i:0). Peer's state: aa9634f0-8836-44d6-bc05-5b19fbdd93d5@group-813C05265458:t1, leader=null, voted=aa9634f0-8836-44d6-bc05-5b19fbdd93d5, raftlog=Memoized:aa9634f0-8836-44d6-bc05-5b19fbdd93d5@group-813C05265458-SegmentedRaftLog:OPENED:c0:last(t:1, i:0), conf=conf: {index: 0, cur=peers:[aa9634f0-8836-44d6-bc05-5b19fbdd93d5|127.0.0.1:15063, 36185c6b-22ce-45d1-a622-3a6b487a5a53|127.0.0.1:15071, 895d447a-5476-42e4-b2fa-6eb687701d46|127.0.0.1:15079]|listeners:[], old=null}
2025-10-10 10:40:39,652 [36185c6b-22ce-45d1-a622-3a6b487a5a53@group-813C05265458-LeaderElection328] INFO  impl.LeaderElection (LeaderElection.java:logAndReturn(206)) - 36185c6b-22ce-45d1-a622-3a6b487a5a53@group-813C05265458-LeaderElection328: PRE_VOTE REJECTED received 2 response(s) and 0 exception(s):
2025-10-10 10:40:39,652 [36185c6b-22ce-45d1-a622-3a6b487a5a53@group-813C05265458-LeaderElection328] INFO  impl.LeaderElection (LeaderElection.java:logAndReturn(210)) -   Response 0: 36185c6b-22ce-45d1-a622-3a6b487a5a53<-aa9634f0-8836-44d6-bc05-5b19fbdd93d5#0:FAIL-t1-last:(t:1, i:0)
2025-10-10 10:40:39,652 [36185c6b-22ce-45d1-a622-3a6b487a5a53@group-813C05265458-LeaderElection328] INFO  impl.LeaderElection (LeaderElection.java:logAndReturn(210)) -   Response 1: 36185c6b-22ce-45d1-a622-3a6b487a5a53<-895d447a-5476-42e4-b2fa-6eb687701d46#0:OK-t1-last:(t:1, i:0)
2025-10-10 10:40:39,652 [36185c6b-22ce-45d1-a622-3a6b487a5a53@group-813C05265458-LeaderElection328] INFO  impl.LeaderElection (LeaderElection.java:askForVotes(450)) - 36185c6b-22ce-45d1-a622-3a6b487a5a53@group-813C05265458-LeaderElection328 PRE_VOTE round 0: result REJECTED
2025-10-10 10:40:39,652 [36185c6b-22ce-45d1-a622-3a6b487a5a53@group-813C05265458-LeaderElection328] INFO  server.RaftServer$Division (RaftServerImpl.java:setRole(392)) - 36185c6b-22ce-45d1-a622-3a6b487a5a53@group-813C05265458: changes role from CANDIDATE to FOLLOWER at term 1 for REJECTED
2025-10-10 10:40:39,652 [36185c6b-22ce-45d1-a622-3a6b487a5a53@group-813C05265458-LeaderElection328] INFO  impl.RoleInfo (RoleInfo.java:shutdownLeaderElection(141)) - 36185c6b-22ce-45d1-a622-3a6b487a5a53: shutdown 36185c6b-22ce-45d1-a622-3a6b487a5a53@group-813C05265458-LeaderElection328
2025-10-10 10:40:39,652 [36185c6b-22ce-45d1-a622-3a6b487a5a53@group-813C05265458-LeaderElection328] INFO  impl.RoleInfo (RoleInfo.java:updateAndGet(148)) - 36185c6b-22ce-45d1-a622-3a6b487a5a53: start 36185c6b-22ce-45d1-a622-3a6b487a5a53@group-813C05265458-FollowerState
2025-10-10 10:40:40,696 [aa9634f0-8836-44d6-bc05-5b19fbdd93d5@group-813C05265458-FollowerState] INFO  impl.FollowerState (FollowerState.java:runImpl(161)) - aa9634f0-8836-44d6-bc05-5b19fbdd93d5@group-813C05265458-FollowerState: change to CANDIDATE, lastRpcElapsedTime:1072202536ns, electionTimeout:1072ms
2025-10-10 10:40:40,697 [aa9634f0-8836-44d6-bc05-5b19fbdd93d5@group-813C05265458-FollowerState] INFO  impl.RoleInfo (RoleInfo.java:shutdownFollowerState(121)) - aa9634f0-8836-44d6-bc05-5b19fbdd93d5: shutdown aa9634f0-8836-44d6-bc05-5b19fbdd93d5@group-813C05265458-FollowerState
2025-10-10 10:40:40,697 [aa9634f0-8836-44d6-bc05-5b19fbdd93d5@group-813C05265458-FollowerState] INFO  server.RaftServer$Division (RaftServerImpl.java:setRole(392)) - aa9634f0-8836-44d6-bc05-5b19fbdd93d5@group-813C05265458: changes role from  FOLLOWER to CANDIDATE at term 1 for changeToCandidate
2025-10-10 10:40:40,697 [aa9634f0-8836-44d6-bc05-5b19fbdd93d5@group-813C05265458-FollowerState] INFO  impl.RoleInfo (RoleInfo.java:updateAndGet(148)) - aa9634f0-8836-44d6-bc05-5b19fbdd93d5: start aa9634f0-8836-44d6-bc05-5b19fbdd93d5@group-813C05265458-LeaderElection329
2025-10-10 10:40:40,697 [aa9634f0-8836-44d6-bc05-5b19fbdd93d5@group-813C05265458-LeaderElection329] INFO  impl.LeaderElection (LeaderElection.java:askForVotes(448)) - aa9634f0-8836-44d6-bc05-5b19fbdd93d5@group-813C05265458-LeaderElection329 PRE_VOTE round 0: submit vote requests at term 1 for conf: {index: 0, cur=peers:[aa9634f0-8836-44d6-bc05-5b19fbdd93d5|127.0.0.1:15063, 36185c6b-22ce-45d1-a622-3a6b487a5a53|127.0.0.1:15071, 895d447a-5476-42e4-b2fa-6eb687701d46|127.0.0.1:15079]|listeners:[], old=null}
2025-10-10 10:40:40,697 [aa9634f0-8836-44d6-bc05-5b19fbdd93d5@group-813C05265458-LeaderElection329] INFO  impl.LeaderElection (LogUtils.java:infoOrTrace(142)) - aa9634f0-8836-44d6-bc05-5b19fbdd93d5@group-813C05265458-LeaderElection329 got exception when requesting votes: java.util.concurrent.ExecutionException: org.apache.ratis.thirdparty.io.grpc.StatusRuntimeException: UNAVAILABLE: io exception
2025-10-10 10:40:40,697 [aa9634f0-8836-44d6-bc05-5b19fbdd93d5@group-813C05265458-LeaderElection329] INFO  impl.LeaderElection (LogUtils.java:infoOrTrace(142)) - aa9634f0-8836-44d6-bc05-5b19fbdd93d5@group-813C05265458-LeaderElection329 got exception when requesting votes: java.util.concurrent.ExecutionException: org.apache.ratis.thirdparty.io.grpc.StatusRuntimeException: UNAVAILABLE: io exception
2025-10-10 10:40:40,697 [aa9634f0-8836-44d6-bc05-5b19fbdd93d5@group-813C05265458-LeaderElection329] INFO  impl.LeaderElection (LeaderElection.java:logAndReturn(206)) - aa9634f0-8836-44d6-bc05-5b19fbdd93d5@group-813C05265458-LeaderElection329: PRE_VOTE REJECTED received 0 response(s) and 2 exception(s):
2025-10-10 10:40:40,697 [aa9634f0-8836-44d6-bc05-5b19fbdd93d5@group-813C05265458-LeaderElection329] INFO  impl.LeaderElection (LogUtils.java:infoOrTrace(142)) -   Exception 0: java.util.concurrent.ExecutionException: org.apache.ratis.thirdparty.io.grpc.StatusRuntimeException: UNAVAILABLE: io exception
2025-10-10 10:40:40,698 [aa9634f0-8836-44d6-bc05-5b19fbdd93d5@group-813C05265458-LeaderElection329] INFO  impl.LeaderElection (LogUtils.java:infoOrTrace(142)) -   Exception 1: java.util.concurrent.ExecutionException: org.apache.ratis.thirdparty.io.grpc.StatusRuntimeException: UNAVAILABLE: io exception
2025-10-10 10:40:40,698 [aa9634f0-8836-44d6-bc05-5b19fbdd93d5@group-813C05265458-LeaderElection329] INFO  impl.LeaderElection (LeaderElection.java:askForVotes(450)) - aa9634f0-8836-44d6-bc05-5b19fbdd93d5@group-813C05265458-LeaderElection329 PRE_VOTE round 0: result REJECTED
2025-10-10 10:40:40,698 [aa9634f0-8836-44d6-bc05-5b19fbdd93d5@group-813C05265458-LeaderElection329] INFO  server.RaftServer$Division (RaftServerImpl.java:setRole(392)) - aa9634f0-8836-44d6-bc05-5b19fbdd93d5@group-813C05265458: changes role from CANDIDATE to FOLLOWER at term 1 for REJECTED
2025-10-10 10:40:40,698 [aa9634f0-8836-44d6-bc05-5b19fbdd93d5@group-813C05265458-LeaderElection329] INFO  impl.RoleInfo (RoleInfo.java:shutdownLeaderElection(141)) - aa9634f0-8836-44d6-bc05-5b19fbdd93d5: shutdown aa9634f0-8836-44d6-bc05-5b19fbdd93d5@group-813C05265458-LeaderElection329
2025-10-10 10:40:40,698 [aa9634f0-8836-44d6-bc05-5b19fbdd93d5@group-813C05265458-LeaderElection329] INFO  impl.RoleInfo (RoleInfo.java:updateAndGet(148)) - aa9634f0-8836-44d6-bc05-5b19fbdd93d5: start aa9634f0-8836-44d6-bc05-5b19fbdd93d5@group-813C05265458-FollowerState
2025-10-10 10:40:40,849 [36185c6b-22ce-45d1-a622-3a6b487a5a53@group-813C05265458-FollowerState] INFO  impl.FollowerState (FollowerState.java:runImpl(161)) - 36185c6b-22ce-45d1-a622-3a6b487a5a53@group-813C05265458-FollowerState: change to CANDIDATE, lastRpcElapsedTime:1197272962ns, electionTimeout:1197ms
2025-10-10 10:40:40,849 [36185c6b-22ce-45d1-a622-3a6b487a5a53@group-813C05265458-FollowerState] INFO  impl.RoleInfo (RoleInfo.java:shutdownFollowerState(121)) - 36185c6b-22ce-45d1-a622-3a6b487a5a53: shutdown 36185c6b-22ce-45d1-a622-3a6b487a5a53@group-813C05265458-FollowerState
2025-10-10 10:40:40,849 [36185c6b-22ce-45d1-a622-3a6b487a5a53@group-813C05265458-FollowerState] INFO  server.RaftServer$Division (RaftServerImpl.java:setRole(392)) - 36185c6b-22ce-45d1-a622-3a6b487a5a53@group-813C05265458: changes role from  FOLLOWER to CANDIDATE at term 1 for changeToCandidate
2025-10-10 10:40:40,849 [36185c6b-22ce-45d1-a622-3a6b487a5a53@group-813C05265458-FollowerState] INFO  impl.RoleInfo (RoleInfo.java:updateAndGet(148)) - 36185c6b-22ce-45d1-a622-3a6b487a5a53: start 36185c6b-22ce-45d1-a622-3a6b487a5a53@group-813C05265458-LeaderElection330
2025-10-10 10:40:40,850 [36185c6b-22ce-45d1-a622-3a6b487a5a53@group-813C05265458-LeaderElection330] INFO  impl.LeaderElection (LeaderElection.java:askForVotes(448)) - 36185c6b-22ce-45d1-a622-3a6b487a5a53@group-813C05265458-LeaderElection330 PRE_VOTE round 0: submit vote requests at term 1 for conf: {index: 0, cur=peers:[aa9634f0-8836-44d6-bc05-5b19fbdd93d5|127.0.0.1:15063, 36185c6b-22ce-45d1-a622-3a6b487a5a53|127.0.0.1:15071, 895d447a-5476-42e4-b2fa-6eb687701d46|127.0.0.1:15079]|listeners:[], old=null}
2025-10-10 10:40:40,851 [grpc-default-executor-8] INFO  server.RaftServer$Division (RaftServerImpl.java:requestVote(1421)) - 895d447a-5476-42e4-b2fa-6eb687701d46@group-813C05265458: receive requestVote(PRE_VOTE, 36185c6b-22ce-45d1-a622-3a6b487a5a53, group-813C05265458, 1, (t:1, i:0))
2025-10-10 10:40:40,851 [grpc-default-executor-7] INFO  server.RaftServer$Division (RaftServerImpl.java:requestVote(1421)) - aa9634f0-8836-44d6-bc05-5b19fbdd93d5@group-813C05265458: receive requestVote(PRE_VOTE, 36185c6b-22ce-45d1-a622-3a6b487a5a53, group-813C05265458, 1, (t:1, i:0))
2025-10-10 10:40:40,851 [grpc-default-executor-8] INFO  impl.VoteContext (VoteContext.java:log(49)) - 895d447a-5476-42e4-b2fa-6eb687701d46@group-813C05265458-FOLLOWER: accept PRE_VOTE from 36185c6b-22ce-45d1-a622-3a6b487a5a53: our priority 0 <= candidate's priority 0
2025-10-10 10:40:40,851 [grpc-default-executor-7] INFO  impl.VoteContext (VoteContext.java:log(49)) - aa9634f0-8836-44d6-bc05-5b19fbdd93d5@group-813C05265458-FOLLOWER: reject PRE_VOTE from 36185c6b-22ce-45d1-a622-3a6b487a5a53: our priority 1 > candidate's priority 0
2025-10-10 10:40:40,851 [grpc-default-executor-8] INFO  server.RaftServer$Division (RaftServerImpl.java:requestVote(1455)) - 895d447a-5476-42e4-b2fa-6eb687701d46@group-813C05265458 replies to PRE_VOTE vote request: 36185c6b-22ce-45d1-a622-3a6b487a5a53<-895d447a-5476-42e4-b2fa-6eb687701d46#0:OK-t1-last:(t:1, i:0). Peer's state: 895d447a-5476-42e4-b2fa-6eb687701d46@group-813C05265458:t1, leader=null, voted=aa9634f0-8836-44d6-bc05-5b19fbdd93d5, raftlog=Memoized:895d447a-5476-42e4-b2fa-6eb687701d46@group-813C05265458-SegmentedRaftLog:OPENED:c0:last(t:1, i:0), conf=conf: {index: 0, cur=peers:[aa9634f0-8836-44d6-bc05-5b19fbdd93d5|127.0.0.1:15063, 36185c6b-22ce-45d1-a622-3a6b487a5a53|127.0.0.1:15071, 895d447a-5476-42e4-b2fa-6eb687701d46|127.0.0.1:15079]|listeners:[], old=null}
2025-10-10 10:40:40,851 [grpc-default-executor-7] INFO  server.RaftServer$Division (RaftServerImpl.java:requestVote(1455)) - aa9634f0-8836-44d6-bc05-5b19fbdd93d5@group-813C05265458 replies to PRE_VOTE vote request: 36185c6b-22ce-45d1-a622-3a6b487a5a53<-aa9634f0-8836-44d6-bc05-5b19fbdd93d5#0:FAIL-t1-last:(t:1, i:0). Peer's state: aa9634f0-8836-44d6-bc05-5b19fbdd93d5@group-813C05265458:t1, leader=null, voted=aa9634f0-8836-44d6-bc05-5b19fbdd93d5, raftlog=Memoized:aa9634f0-8836-44d6-bc05-5b19fbdd93d5@group-813C05265458-SegmentedRaftLog:OPENED:c0:last(t:1, i:0), conf=conf: {index: 0, cur=peers:[aa9634f0-8836-44d6-bc05-5b19fbdd93d5|127.0.0.1:15063, 36185c6b-22ce-45d1-a622-3a6b487a5a53|127.0.0.1:15071, 895d447a-5476-42e4-b2fa-6eb687701d46|127.0.0.1:15079]|listeners:[], old=null}
2025-10-10 10:40:40,851 [36185c6b-22ce-45d1-a622-3a6b487a5a53@group-813C05265458-LeaderElection330] INFO  impl.LeaderElection (LeaderElection.java:logAndReturn(206)) - 36185c6b-22ce-45d1-a622-3a6b487a5a53@group-813C05265458-LeaderElection330: PRE_VOTE REJECTED received 1 response(s) and 0 exception(s):
2025-10-10 10:40:40,851 [36185c6b-22ce-45d1-a622-3a6b487a5a53@group-813C05265458-LeaderElection330] INFO  impl.LeaderElection (LeaderElection.java:logAndReturn(210)) -   Response 0: 36185c6b-22ce-45d1-a622-3a6b487a5a53<-aa9634f0-8836-44d6-bc05-5b19fbdd93d5#0:FAIL-t1-last:(t:1, i:0)
2025-10-10 10:40:40,851 [36185c6b-22ce-45d1-a622-3a6b487a5a53@group-813C05265458-LeaderElection330] INFO  impl.LeaderElection (LeaderElection.java:askForVotes(450)) - 36185c6b-22ce-45d1-a622-3a6b487a5a53@group-813C05265458-LeaderElection330 PRE_VOTE round 0: result REJECTED
2025-10-10 10:40:40,851 [36185c6b-22ce-45d1-a622-3a6b487a5a53@group-813C05265458-LeaderElection330] INFO  server.RaftServer$Division (RaftServerImpl.java:setRole(392)) - 36185c6b-22ce-45d1-a622-3a6b487a5a53@group-813C05265458: changes role from CANDIDATE to FOLLOWER at term 1 for REJECTED
2025-10-10 10:40:40,851 [36185c6b-22ce-45d1-a622-3a6b487a5a53@group-813C05265458-LeaderElection330] INFO  impl.RoleInfo (RoleInfo.java:shutdownLeaderElection(141)) - 36185c6b-22ce-45d1-a622-3a6b487a5a53: shutdown 36185c6b-22ce-45d1-a622-3a6b487a5a53@group-813C05265458-LeaderElection330
2025-10-10 10:40:40,852 [36185c6b-22ce-45d1-a622-3a6b487a5a53@group-813C05265458-LeaderElection330] INFO  impl.RoleInfo (RoleInfo.java:updateAndGet(148)) - 36185c6b-22ce-45d1-a622-3a6b487a5a53: start 36185c6b-22ce-45d1-a622-3a6b487a5a53@group-813C05265458-FollowerState
2025-10-10 10:40:40,920 [grpc-default-executor-7] ERROR impl.OrderedAsync (OrderedAsync.java:lambda$null$6(215)) -  client-527EF30E8D9C: Failed* RaftClientRequest:client-527EF30E8D9C->aa9634f0-8836-44d6-bc05-5b19fbdd93d5@group-813C05265458, cid=78, seq=1*, Watch(0), null
java.util.concurrent.CompletionException: org.apache.ratis.protocol.exceptions.NotLeaderException: Server aa9634f0-8836-44d6-bc05-5b19fbdd93d5@group-813C05265458 is not the leader
	at java.base/java.util.concurrent.CompletableFuture.encodeThrowable(CompletableFuture.java:332)
	at java.base/java.util.concurrent.CompletableFuture.completeThrowable(CompletableFuture.java:347)
	at java.base/java.util.concurrent.CompletableFuture$UniAccept.tryFire(CompletableFuture.java:708)
	at java.base/java.util.concurrent.CompletableFuture.postComplete(CompletableFuture.java:510)
	at java.base/java.util.concurrent.CompletableFuture.completeExceptionally(CompletableFuture.java:2194)
	at org.apache.ratis.grpc.client.GrpcClientProtocolClient$AsyncStreamObservers.completeReplyExceptionally(GrpcClientProtocolClient.java:397)
	at org.apache.ratis.grpc.client.GrpcClientProtocolClient$AsyncStreamObservers.access$000(GrpcClientProtocolClient.java:303)
	at org.apache.ratis.grpc.client.GrpcClientProtocolClient$AsyncStreamObservers$1.onNext(GrpcClientProtocolClient.java:317)
	at org.apache.ratis.grpc.client.GrpcClientProtocolClient$AsyncStreamObservers$1.onNext(GrpcClientProtocolClient.java:308)
	at org.apache.ratis.thirdparty.io.grpc.stub.ClientCalls$StreamObserverToCallListenerAdapter.onMessage(ClientCalls.java:551)
	at org.apache.ratis.thirdparty.io.grpc.ForwardingClientCallListener.onMessage(ForwardingClientCallListener.java:33)
	at org.apache.ratis.thirdparty.io.grpc.internal.ClientCallImpl$ClientStreamListenerImpl$1MessagesAvailable.runInternal(ClientCallImpl.java:661)
	at org.apache.ratis.thirdparty.io.grpc.internal.ClientCallImpl$ClientStreamListenerImpl$1MessagesAvailable.runInContext(ClientCallImpl.java:648)
	at org.apache.ratis.thirdparty.io.grpc.internal.ContextRunnable.run(ContextRunnable.java:37)
	at org.apache.ratis.thirdparty.io.grpc.internal.SerializingExecutor.run(SerializingExecutor.java:133)
	at java.base/java.util.concurrent.ThreadPoolExecutor.runWorker(ThreadPoolExecutor.java:1144)
	at java.base/java.util.concurrent.ThreadPoolExecutor$Worker.run(ThreadPoolExecutor.java:642)
	at java.base/java.lang.Thread.run(Thread.java:1583)
Caused by: org.apache.ratis.protocol.exceptions.NotLeaderException: Server aa9634f0-8836-44d6-bc05-5b19fbdd93d5@group-813C05265458 is not the leader
	at org.apache.ratis.client.impl.ClientProtoUtils.toRaftClientReply(ClientProtoUtils.java:402)
	at org.apache.ratis.grpc.client.GrpcClientProtocolClient$AsyncStreamObservers$1.onNext(GrpcClientProtocolClient.java:313)
	... 10 more
2025-10-10 10:40:41,856 [aa9634f0-8836-44d6-bc05-5b19fbdd93d5@group-813C05265458-FollowerState] INFO  impl.FollowerState (FollowerState.java:runImpl(161)) - aa9634f0-8836-44d6-bc05-5b19fbdd93d5@group-813C05265458-FollowerState: change to CANDIDATE, lastRpcElapsedTime:1158236671ns, electionTimeout:1158ms
2025-10-10 10:40:41,856 [aa9634f0-8836-44d6-bc05-5b19fbdd93d5@group-813C05265458-FollowerState] INFO  impl.RoleInfo (RoleInfo.java:shutdownFollowerState(121)) - aa9634f0-8836-44d6-bc05-5b19fbdd93d5: shutdown aa9634f0-8836-44d6-bc05-5b19fbdd93d5@group-813C05265458-FollowerState
2025-10-10 10:40:41,856 [aa9634f0-8836-44d6-bc05-5b19fbdd93d5@group-813C05265458-FollowerState] INFO  server.RaftServer$Division (RaftServerImpl.java:setRole(392)) - aa9634f0-8836-44d6-bc05-5b19fbdd93d5@group-813C05265458: changes role from  FOLLOWER to CANDIDATE at term 1 for changeToCandidate
2025-10-10 10:40:41,856 [aa9634f0-8836-44d6-bc05-5b19fbdd93d5@group-813C05265458-FollowerState] INFO  impl.RoleInfo (RoleInfo.java:updateAndGet(148)) - aa9634f0-8836-44d6-bc05-5b19fbdd93d5: start aa9634f0-8836-44d6-bc05-5b19fbdd93d5@group-813C05265458-LeaderElection331
2025-10-10 10:40:41,857 [aa9634f0-8836-44d6-bc05-5b19fbdd93d5@group-813C05265458-LeaderElection331] INFO  impl.LeaderElection (LeaderElection.java:askForVotes(448)) - aa9634f0-8836-44d6-bc05-5b19fbdd93d5@group-813C05265458-LeaderElection331 PRE_VOTE round 0: submit vote requests at term 1 for conf: {index: 0, cur=peers:[aa9634f0-8836-44d6-bc05-5b19fbdd93d5|127.0.0.1:15063, 36185c6b-22ce-45d1-a622-3a6b487a5a53|127.0.0.1:15071, 895d447a-5476-42e4-b2fa-6eb687701d46|127.0.0.1:15079]|listeners:[], old=null}
2025-10-10 10:40:41,857 [aa9634f0-8836-44d6-bc05-5b19fbdd93d5@group-813C05265458-LeaderElection331] INFO  impl.LeaderElection (LogUtils.java:infoOrTrace(142)) - aa9634f0-8836-44d6-bc05-5b19fbdd93d5@group-813C05265458-LeaderElection331 got exception when requesting votes: java.util.concurrent.ExecutionException: org.apache.ratis.thirdparty.io.grpc.StatusRuntimeException: UNAVAILABLE: io exception
2025-10-10 10:40:41,857 [aa9634f0-8836-44d6-bc05-5b19fbdd93d5@group-813C05265458-LeaderElection331] INFO  impl.LeaderElection (LogUtils.java:infoOrTrace(142)) - aa9634f0-8836-44d6-bc05-5b19fbdd93d5@group-813C05265458-LeaderElection331 got exception when requesting votes: java.util.concurrent.ExecutionException: org.apache.ratis.thirdparty.io.grpc.StatusRuntimeException: UNAVAILABLE: io exception
2025-10-10 10:40:41,857 [aa9634f0-8836-44d6-bc05-5b19fbdd93d5@group-813C05265458-LeaderElection331] INFO  impl.LeaderElection (LeaderElection.java:logAndReturn(206)) - aa9634f0-8836-44d6-bc05-5b19fbdd93d5@group-813C05265458-LeaderElection331: PRE_VOTE REJECTED received 0 response(s) and 2 exception(s):
2025-10-10 10:40:41,857 [aa9634f0-8836-44d6-bc05-5b19fbdd93d5@group-813C05265458-LeaderElection331] INFO  impl.LeaderElection (LogUtils.java:infoOrTrace(142)) -   Exception 0: java.util.concurrent.ExecutionException: org.apache.ratis.thirdparty.io.grpc.StatusRuntimeException: UNAVAILABLE: io exception
2025-10-10 10:40:41,857 [aa9634f0-8836-44d6-bc05-5b19fbdd93d5@group-813C05265458-LeaderElection331] INFO  impl.LeaderElection (LogUtils.java:infoOrTrace(142)) -   Exception 1: java.util.concurrent.ExecutionException: org.apache.ratis.thirdparty.io.grpc.StatusRuntimeException: UNAVAILABLE: io exception
2025-10-10 10:40:41,857 [aa9634f0-8836-44d6-bc05-5b19fbdd93d5@group-813C05265458-LeaderElection331] INFO  impl.LeaderElection (LeaderElection.java:askForVotes(450)) - aa9634f0-8836-44d6-bc05-5b19fbdd93d5@group-813C05265458-LeaderElection331 PRE_VOTE round 0: result REJECTED
2025-10-10 10:40:41,857 [aa9634f0-8836-44d6-bc05-5b19fbdd93d5@group-813C05265458-LeaderElection331] INFO  server.RaftServer$Division (RaftServerImpl.java:setRole(392)) - aa9634f0-8836-44d6-bc05-5b19fbdd93d5@group-813C05265458: changes role from CANDIDATE to FOLLOWER at term 1 for REJECTED
2025-10-10 10:40:41,857 [aa9634f0-8836-44d6-bc05-5b19fbdd93d5@group-813C05265458-LeaderElection331] INFO  impl.RoleInfo (RoleInfo.java:shutdownLeaderElection(141)) - aa9634f0-8836-44d6-bc05-5b19fbdd93d5: shutdown aa9634f0-8836-44d6-bc05-5b19fbdd93d5@group-813C05265458-LeaderElection331
2025-10-10 10:40:41,857 [aa9634f0-8836-44d6-bc05-5b19fbdd93d5@group-813C05265458-LeaderElection331] INFO  impl.RoleInfo (RoleInfo.java:updateAndGet(148)) - aa9634f0-8836-44d6-bc05-5b19fbdd93d5: start aa9634f0-8836-44d6-bc05-5b19fbdd93d5@group-813C05265458-FollowerState
2025-10-10 10:40:42,008 [36185c6b-22ce-45d1-a622-3a6b487a5a53@group-813C05265458-FollowerState] INFO  impl.FollowerState (FollowerState.java:runImpl(161)) - 36185c6b-22ce-45d1-a622-3a6b487a5a53@group-813C05265458-FollowerState: change to CANDIDATE, lastRpcElapsedTime:1156316353ns, electionTimeout:1156ms
2025-10-10 10:40:42,008 [36185c6b-22ce-45d1-a622-3a6b487a5a53@group-813C05265458-FollowerState] INFO  impl.RoleInfo (RoleInfo.java:shutdownFollowerState(121)) - 36185c6b-22ce-45d1-a622-3a6b487a5a53: shutdown 36185c6b-22ce-45d1-a622-3a6b487a5a53@group-813C05265458-FollowerState
2025-10-10 10:40:42,008 [36185c6b-22ce-45d1-a622-3a6b487a5a53@group-813C05265458-FollowerState] INFO  server.RaftServer$Division (RaftServerImpl.java:setRole(392)) - 36185c6b-22ce-45d1-a622-3a6b487a5a53@group-813C05265458: changes role from  FOLLOWER to CANDIDATE at term 1 for changeToCandidate
2025-10-10 10:40:42,008 [36185c6b-22ce-45d1-a622-3a6b487a5a53@group-813C05265458-FollowerState] INFO  impl.RoleInfo (RoleInfo.java:updateAndGet(148)) - 36185c6b-22ce-45d1-a622-3a6b487a5a53: start 36185c6b-22ce-45d1-a622-3a6b487a5a53@group-813C05265458-LeaderElection332
2025-10-10 10:40:42,009 [36185c6b-22ce-45d1-a622-3a6b487a5a53@group-813C05265458-LeaderElection332] INFO  impl.LeaderElection (LeaderElection.java:askForVotes(448)) - 36185c6b-22ce-45d1-a622-3a6b487a5a53@group-813C05265458-LeaderElection332 PRE_VOTE round 0: submit vote requests at term 1 for conf: {index: 0, cur=peers:[aa9634f0-8836-44d6-bc05-5b19fbdd93d5|127.0.0.1:15063, 36185c6b-22ce-45d1-a622-3a6b487a5a53|127.0.0.1:15071, 895d447a-5476-42e4-b2fa-6eb687701d46|127.0.0.1:15079]|listeners:[], old=null}
2025-10-10 10:40:42,010 [grpc-default-executor-7] INFO  server.RaftServer$Division (RaftServerImpl.java:requestVote(1421)) - 895d447a-5476-42e4-b2fa-6eb687701d46@group-813C05265458: receive requestVote(PRE_VOTE, 36185c6b-22ce-45d1-a622-3a6b487a5a53, group-813C05265458, 1, (t:1, i:0))
2025-10-10 10:40:42,010 [grpc-default-executor-8] INFO  server.RaftServer$Division (RaftServerImpl.java:requestVote(1421)) - aa9634f0-8836-44d6-bc05-5b19fbdd93d5@group-813C05265458: receive requestVote(PRE_VOTE, 36185c6b-22ce-45d1-a622-3a6b487a5a53, group-813C05265458, 1, (t:1, i:0))
2025-10-10 10:40:42,010 [grpc-default-executor-7] INFO  impl.VoteContext (VoteContext.java:log(49)) - 895d447a-5476-42e4-b2fa-6eb687701d46@group-813C05265458-FOLLOWER: accept PRE_VOTE from 36185c6b-22ce-45d1-a622-3a6b487a5a53: our priority 0 <= candidate's priority 0
2025-10-10 10:40:42,010 [grpc-default-executor-8] INFO  impl.VoteContext (VoteContext.java:log(49)) - aa9634f0-8836-44d6-bc05-5b19fbdd93d5@group-813C05265458-FOLLOWER: reject PRE_VOTE from 36185c6b-22ce-45d1-a622-3a6b487a5a53: our priority 1 > candidate's priority 0
2025-10-10 10:40:42,010 [grpc-default-executor-8] INFO  server.RaftServer$Division (RaftServerImpl.java:requestVote(1455)) - aa9634f0-8836-44d6-bc05-5b19fbdd93d5@group-813C05265458 replies to PRE_VOTE vote request: 36185c6b-22ce-45d1-a622-3a6b487a5a53<-aa9634f0-8836-44d6-bc05-5b19fbdd93d5#0:FAIL-t1-last:(t:1, i:0). Peer's state: aa9634f0-8836-44d6-bc05-5b19fbdd93d5@group-813C05265458:t1, leader=null, voted=aa9634f0-8836-44d6-bc05-5b19fbdd93d5, raftlog=Memoized:aa9634f0-8836-44d6-bc05-5b19fbdd93d5@group-813C05265458-SegmentedRaftLog:OPENED:c0:last(t:1, i:0), conf=conf: {index: 0, cur=peers:[aa9634f0-8836-44d6-bc05-5b19fbdd93d5|127.0.0.1:15063, 36185c6b-22ce-45d1-a622-3a6b487a5a53|127.0.0.1:15071, 895d447a-5476-42e4-b2fa-6eb687701d46|127.0.0.1:15079]|listeners:[], old=null}
2025-10-10 10:40:42,010 [grpc-default-executor-7] INFO  server.RaftServer$Division (RaftServerImpl.java:requestVote(1455)) - 895d447a-5476-42e4-b2fa-6eb687701d46@group-813C05265458 replies to PRE_VOTE vote request: 36185c6b-22ce-45d1-a622-3a6b487a5a53<-895d447a-5476-42e4-b2fa-6eb687701d46#0:OK-t1-last:(t:1, i:0). Peer's state: 895d447a-5476-42e4-b2fa-6eb687701d46@group-813C05265458:t1, leader=null, voted=aa9634f0-8836-44d6-bc05-5b19fbdd93d5, raftlog=Memoized:895d447a-5476-42e4-b2fa-6eb687701d46@group-813C05265458-SegmentedRaftLog:OPENED:c0:last(t:1, i:0), conf=conf: {index: 0, cur=peers:[aa9634f0-8836-44d6-bc05-5b19fbdd93d5|127.0.0.1:15063, 36185c6b-22ce-45d1-a622-3a6b487a5a53|127.0.0.1:15071, 895d447a-5476-42e4-b2fa-6eb687701d46|127.0.0.1:15079]|listeners:[], old=null}
2025-10-10 10:40:42,010 [36185c6b-22ce-45d1-a622-3a6b487a5a53@group-813C05265458-LeaderElection332] INFO  impl.LeaderElection (LeaderElection.java:logAndReturn(206)) - 36185c6b-22ce-45d1-a622-3a6b487a5a53@group-813C05265458-LeaderElection332: PRE_VOTE REJECTED received 1 response(s) and 0 exception(s):
2025-10-10 10:40:42,011 [36185c6b-22ce-45d1-a622-3a6b487a5a53@group-813C05265458-LeaderElection332] INFO  impl.LeaderElection (LeaderElection.java:logAndReturn(210)) -   Response 0: 36185c6b-22ce-45d1-a622-3a6b487a5a53<-aa9634f0-8836-44d6-bc05-5b19fbdd93d5#0:FAIL-t1-last:(t:1, i:0)
2025-10-10 10:40:42,011 [36185c6b-22ce-45d1-a622-3a6b487a5a53@group-813C05265458-LeaderElection332] INFO  impl.LeaderElection (LeaderElection.java:askForVotes(450)) - 36185c6b-22ce-45d1-a622-3a6b487a5a53@group-813C05265458-LeaderElection332 PRE_VOTE round 0: result REJECTED
2025-10-10 10:40:42,011 [36185c6b-22ce-45d1-a622-3a6b487a5a53@group-813C05265458-LeaderElection332] INFO  server.RaftServer$Division (RaftServerImpl.java:setRole(392)) - 36185c6b-22ce-45d1-a622-3a6b487a5a53@group-813C05265458: changes role from CANDIDATE to FOLLOWER at term 1 for REJECTED
2025-10-10 10:40:42,011 [36185c6b-22ce-45d1-a622-3a6b487a5a53@group-813C05265458-LeaderElection332] INFO  impl.RoleInfo (RoleInfo.java:shutdownLeaderElection(141)) - 36185c6b-22ce-45d1-a622-3a6b487a5a53: shutdown 36185c6b-22ce-45d1-a622-3a6b487a5a53@group-813C05265458-LeaderElection332
2025-10-10 10:40:42,011 [36185c6b-22ce-45d1-a622-3a6b487a5a53@group-813C05265458-LeaderElection332] INFO  impl.RoleInfo (RoleInfo.java:updateAndGet(148)) - 36185c6b-22ce-45d1-a622-3a6b487a5a53: start 36185c6b-22ce-45d1-a622-3a6b487a5a53@group-813C05265458-FollowerState
2025-10-10 10:40:42,239 [om1-KeyDeletingService#4] INFO  service.KeyDeletingService (KeyDeletingService.java:processKeyDeletes(151)) - Send 1 key(s) to SCM, first 1 keys: [PurgedKey{blockGroup=BlockGroup[groupID='/datanodefailurehandlingtest/datanodefailurehandlingtest/ed4c9544-cd19-4799-b7a2-63c3eea929df/-9223372036854772480/0', blockIDs=[conID: 6 locID: 115816896921600006 bcsId: 0 replicaIndex: null]], volume='datanodefailurehandlingtest', bucket='datanodefailurehandlingtest', bucketId=-9223372036854775296, purgedBytes=12582912, isCommittedKey=false, deleteKeyName='/datanodefailurehandlingtest/datanodefailurehandlingtest/ed4c9544-cd19-4799-b7a2-63c3eea929df/-9223372036854772480'}]
2025-10-10 10:40:42,242 [om1-KeyDeletingService#4] INFO  service.KeyDeletingService (KeyDeletingService.java:processKeyDeletes(158)) - 1 BlockGroup deletion are acked by SCM in 3 ms
2025-10-10 10:40:42,244 [om1-KeyDeletingService#4] INFO  service.KeyDeletingService (KeyDeletingService.java:processKeyDeletes(166)) - Blocks for 1 (out of 1) keys are deleted from DB in 2 ms. Limit per task is 50000.
2025-10-10 10:40:43,028 [36185c6b-22ce-45d1-a622-3a6b487a5a53@group-813C05265458-FollowerState] INFO  impl.FollowerState (FollowerState.java:runImpl(161)) - 36185c6b-22ce-45d1-a622-3a6b487a5a53@group-813C05265458-FollowerState: change to CANDIDATE, lastRpcElapsedTime:1017266874ns, electionTimeout:1017ms
2025-10-10 10:40:43,028 [36185c6b-22ce-45d1-a622-3a6b487a5a53@group-813C05265458-FollowerState] INFO  impl.RoleInfo (RoleInfo.java:shutdownFollowerState(121)) - 36185c6b-22ce-45d1-a622-3a6b487a5a53: shutdown 36185c6b-22ce-45d1-a622-3a6b487a5a53@group-813C05265458-FollowerState
2025-10-10 10:40:43,028 [36185c6b-22ce-45d1-a622-3a6b487a5a53@group-813C05265458-FollowerState] INFO  server.RaftServer$Division (RaftServerImpl.java:setRole(392)) - 36185c6b-22ce-45d1-a622-3a6b487a5a53@group-813C05265458: changes role from  FOLLOWER to CANDIDATE at term 1 for changeToCandidate
2025-10-10 10:40:43,028 [36185c6b-22ce-45d1-a622-3a6b487a5a53@group-813C05265458-FollowerState] INFO  impl.RoleInfo (RoleInfo.java:updateAndGet(148)) - 36185c6b-22ce-45d1-a622-3a6b487a5a53: start 36185c6b-22ce-45d1-a622-3a6b487a5a53@group-813C05265458-LeaderElection333
2025-10-10 10:40:43,029 [36185c6b-22ce-45d1-a622-3a6b487a5a53@group-813C05265458-LeaderElection333] INFO  impl.LeaderElection (LeaderElection.java:askForVotes(448)) - 36185c6b-22ce-45d1-a622-3a6b487a5a53@group-813C05265458-LeaderElection333 PRE_VOTE round 0: submit vote requests at term 1 for conf: {index: 0, cur=peers:[aa9634f0-8836-44d6-bc05-5b19fbdd93d5|127.0.0.1:15063, 36185c6b-22ce-45d1-a622-3a6b487a5a53|127.0.0.1:15071, 895d447a-5476-42e4-b2fa-6eb687701d46|127.0.0.1:15079]|listeners:[], old=null}
2025-10-10 10:40:43,030 [grpc-default-executor-7] INFO  server.RaftServer$Division (RaftServerImpl.java:requestVote(1421)) - aa9634f0-8836-44d6-bc05-5b19fbdd93d5@group-813C05265458: receive requestVote(PRE_VOTE, 36185c6b-22ce-45d1-a622-3a6b487a5a53, group-813C05265458, 1, (t:1, i:0))
2025-10-10 10:40:43,030 [grpc-default-executor-7] INFO  impl.VoteContext (VoteContext.java:log(49)) - aa9634f0-8836-44d6-bc05-5b19fbdd93d5@group-813C05265458-FOLLOWER: reject PRE_VOTE from 36185c6b-22ce-45d1-a622-3a6b487a5a53: our priority 1 > candidate's priority 0
2025-10-10 10:40:43,030 [grpc-default-executor-7] INFO  server.RaftServer$Division (RaftServerImpl.java:requestVote(1455)) - aa9634f0-8836-44d6-bc05-5b19fbdd93d5@group-813C05265458 replies to PRE_VOTE vote request: 36185c6b-22ce-45d1-a622-3a6b487a5a53<-aa9634f0-8836-44d6-bc05-5b19fbdd93d5#0:FAIL-t1-last:(t:1, i:0). Peer's state: aa9634f0-8836-44d6-bc05-5b19fbdd93d5@group-813C05265458:t1, leader=null, voted=aa9634f0-8836-44d6-bc05-5b19fbdd93d5, raftlog=Memoized:aa9634f0-8836-44d6-bc05-5b19fbdd93d5@group-813C05265458-SegmentedRaftLog:OPENED:c0:last(t:1, i:0), conf=conf: {index: 0, cur=peers:[aa9634f0-8836-44d6-bc05-5b19fbdd93d5|127.0.0.1:15063, 36185c6b-22ce-45d1-a622-3a6b487a5a53|127.0.0.1:15071, 895d447a-5476-42e4-b2fa-6eb687701d46|127.0.0.1:15079]|listeners:[], old=null}
2025-10-10 10:40:43,031 [grpc-default-executor-8] INFO  server.RaftServer$Division (RaftServerImpl.java:requestVote(1421)) - 895d447a-5476-42e4-b2fa-6eb687701d46@group-813C05265458: receive requestVote(PRE_VOTE, 36185c6b-22ce-45d1-a622-3a6b487a5a53, group-813C05265458, 1, (t:1, i:0))
2025-10-10 10:40:43,031 [grpc-default-executor-8] INFO  impl.VoteContext (VoteContext.java:log(49)) - 895d447a-5476-42e4-b2fa-6eb687701d46@group-813C05265458-FOLLOWER: accept PRE_VOTE from 36185c6b-22ce-45d1-a622-3a6b487a5a53: our priority 0 <= candidate's priority 0
2025-10-10 10:40:43,031 [grpc-default-executor-8] INFO  server.RaftServer$Division (RaftServerImpl.java:requestVote(1455)) - 895d447a-5476-42e4-b2fa-6eb687701d46@group-813C05265458 replies to PRE_VOTE vote request: 36185c6b-22ce-45d1-a622-3a6b487a5a53<-895d447a-5476-42e4-b2fa-6eb687701d46#0:OK-t1-last:(t:1, i:0). Peer's state: 895d447a-5476-42e4-b2fa-6eb687701d46@group-813C05265458:t1, leader=null, voted=aa9634f0-8836-44d6-bc05-5b19fbdd93d5, raftlog=Memoized:895d447a-5476-42e4-b2fa-6eb687701d46@group-813C05265458-SegmentedRaftLog:OPENED:c0:last(t:1, i:0), conf=conf: {index: 0, cur=peers:[aa9634f0-8836-44d6-bc05-5b19fbdd93d5|127.0.0.1:15063, 36185c6b-22ce-45d1-a622-3a6b487a5a53|127.0.0.1:15071, 895d447a-5476-42e4-b2fa-6eb687701d46|127.0.0.1:15079]|listeners:[], old=null}
2025-10-10 10:40:43,031 [36185c6b-22ce-45d1-a622-3a6b487a5a53@group-813C05265458-LeaderElection333] INFO  impl.LeaderElection (LeaderElection.java:logAndReturn(206)) - 36185c6b-22ce-45d1-a622-3a6b487a5a53@group-813C05265458-LeaderElection333: PRE_VOTE REJECTED received 1 response(s) and 0 exception(s):
2025-10-10 10:40:43,031 [36185c6b-22ce-45d1-a622-3a6b487a5a53@group-813C05265458-LeaderElection333] INFO  impl.LeaderElection (LeaderElection.java:logAndReturn(210)) -   Response 0: 36185c6b-22ce-45d1-a622-3a6b487a5a53<-aa9634f0-8836-44d6-bc05-5b19fbdd93d5#0:FAIL-t1-last:(t:1, i:0)
2025-10-10 10:40:43,031 [36185c6b-22ce-45d1-a622-3a6b487a5a53@group-813C05265458-LeaderElection333] INFO  impl.LeaderElection (LeaderElection.java:askForVotes(450)) - 36185c6b-22ce-45d1-a622-3a6b487a5a53@group-813C05265458-LeaderElection333 PRE_VOTE round 0: result REJECTED
2025-10-10 10:40:43,031 [36185c6b-22ce-45d1-a622-3a6b487a5a53@group-813C05265458-LeaderElection333] INFO  server.RaftServer$Division (RaftServerImpl.java:setRole(392)) - 36185c6b-22ce-45d1-a622-3a6b487a5a53@group-813C05265458: changes role from CANDIDATE to FOLLOWER at term 1 for REJECTED
2025-10-10 10:40:43,031 [36185c6b-22ce-45d1-a622-3a6b487a5a53@group-813C05265458-LeaderElection333] INFO  impl.RoleInfo (RoleInfo.java:shutdownLeaderElection(141)) - 36185c6b-22ce-45d1-a622-3a6b487a5a53: shutdown 36185c6b-22ce-45d1-a622-3a6b487a5a53@group-813C05265458-LeaderElection333
2025-10-10 10:40:43,032 [36185c6b-22ce-45d1-a622-3a6b487a5a53@group-813C05265458-LeaderElection333] INFO  impl.RoleInfo (RoleInfo.java:updateAndGet(148)) - 36185c6b-22ce-45d1-a622-3a6b487a5a53: start 36185c6b-22ce-45d1-a622-3a6b487a5a53@group-813C05265458-FollowerState
2025-10-10 10:40:43,049 [aa9634f0-8836-44d6-bc05-5b19fbdd93d5@group-813C05265458-FollowerState] INFO  impl.FollowerState (FollowerState.java:runImpl(161)) - aa9634f0-8836-44d6-bc05-5b19fbdd93d5@group-813C05265458-FollowerState: change to CANDIDATE, lastRpcElapsedTime:1191222316ns, electionTimeout:1191ms
2025-10-10 10:40:43,049 [aa9634f0-8836-44d6-bc05-5b19fbdd93d5@group-813C05265458-FollowerState] INFO  impl.RoleInfo (RoleInfo.java:shutdownFollowerState(121)) - aa9634f0-8836-44d6-bc05-5b19fbdd93d5: shutdown aa9634f0-8836-44d6-bc05-5b19fbdd93d5@group-813C05265458-FollowerState
2025-10-10 10:40:43,049 [aa9634f0-8836-44d6-bc05-5b19fbdd93d5@group-813C05265458-FollowerState] INFO  server.RaftServer$Division (RaftServerImpl.java:setRole(392)) - aa9634f0-8836-44d6-bc05-5b19fbdd93d5@group-813C05265458: changes role from  FOLLOWER to CANDIDATE at term 1 for changeToCandidate
2025-10-10 10:40:43,049 [aa9634f0-8836-44d6-bc05-5b19fbdd93d5@group-813C05265458-FollowerState] INFO  impl.RoleInfo (RoleInfo.java:updateAndGet(148)) - aa9634f0-8836-44d6-bc05-5b19fbdd93d5: start aa9634f0-8836-44d6-bc05-5b19fbdd93d5@group-813C05265458-LeaderElection334
2025-10-10 10:40:43,049 [aa9634f0-8836-44d6-bc05-5b19fbdd93d5@group-813C05265458-LeaderElection334] INFO  impl.LeaderElection (LeaderElection.java:askForVotes(448)) - aa9634f0-8836-44d6-bc05-5b19fbdd93d5@group-813C05265458-LeaderElection334 PRE_VOTE round 0: submit vote requests at term 1 for conf: {index: 0, cur=peers:[aa9634f0-8836-44d6-bc05-5b19fbdd93d5|127.0.0.1:15063, 36185c6b-22ce-45d1-a622-3a6b487a5a53|127.0.0.1:15071, 895d447a-5476-42e4-b2fa-6eb687701d46|127.0.0.1:15079]|listeners:[], old=null}
2025-10-10 10:40:43,050 [aa9634f0-8836-44d6-bc05-5b19fbdd93d5@group-813C05265458-LeaderElection334] INFO  impl.LeaderElection (LogUtils.java:infoOrTrace(142)) - aa9634f0-8836-44d6-bc05-5b19fbdd93d5@group-813C05265458-LeaderElection334 got exception when requesting votes: java.util.concurrent.ExecutionException: org.apache.ratis.thirdparty.io.grpc.StatusRuntimeException: UNAVAILABLE: io exception
2025-10-10 10:40:43,050 [aa9634f0-8836-44d6-bc05-5b19fbdd93d5@group-813C05265458-LeaderElection334] INFO  impl.LeaderElection (LogUtils.java:infoOrTrace(142)) - aa9634f0-8836-44d6-bc05-5b19fbdd93d5@group-813C05265458-LeaderElection334 got exception when requesting votes: java.util.concurrent.ExecutionException: org.apache.ratis.thirdparty.io.grpc.StatusRuntimeException: UNAVAILABLE: io exception
2025-10-10 10:40:43,050 [aa9634f0-8836-44d6-bc05-5b19fbdd93d5@group-813C05265458-LeaderElection334] INFO  impl.LeaderElection (LeaderElection.java:logAndReturn(206)) - aa9634f0-8836-44d6-bc05-5b19fbdd93d5@group-813C05265458-LeaderElection334: PRE_VOTE REJECTED received 0 response(s) and 2 exception(s):
2025-10-10 10:40:43,050 [aa9634f0-8836-44d6-bc05-5b19fbdd93d5@group-813C05265458-LeaderElection334] INFO  impl.LeaderElection (LogUtils.java:infoOrTrace(142)) -   Exception 0: java.util.concurrent.ExecutionException: org.apache.ratis.thirdparty.io.grpc.StatusRuntimeException: UNAVAILABLE: io exception
2025-10-10 10:40:43,050 [aa9634f0-8836-44d6-bc05-5b19fbdd93d5@group-813C05265458-LeaderElection334] INFO  impl.LeaderElection (LogUtils.java:infoOrTrace(142)) -   Exception 1: java.util.concurrent.ExecutionException: org.apache.ratis.thirdparty.io.grpc.StatusRuntimeException: UNAVAILABLE: io exception
2025-10-10 10:40:43,050 [aa9634f0-8836-44d6-bc05-5b19fbdd93d5@group-813C05265458-LeaderElection334] INFO  impl.LeaderElection (LeaderElection.java:askForVotes(450)) - aa9634f0-8836-44d6-bc05-5b19fbdd93d5@group-813C05265458-LeaderElection334 PRE_VOTE round 0: result REJECTED
2025-10-10 10:40:43,050 [aa9634f0-8836-44d6-bc05-5b19fbdd93d5@group-813C05265458-LeaderElection334] INFO  server.RaftServer$Division (RaftServerImpl.java:setRole(392)) - aa9634f0-8836-44d6-bc05-5b19fbdd93d5@group-813C05265458: changes role from CANDIDATE to FOLLOWER at term 1 for REJECTED
2025-10-10 10:40:43,050 [aa9634f0-8836-44d6-bc05-5b19fbdd93d5@group-813C05265458-LeaderElection334] INFO  impl.RoleInfo (RoleInfo.java:shutdownLeaderElection(141)) - aa9634f0-8836-44d6-bc05-5b19fbdd93d5: shutdown aa9634f0-8836-44d6-bc05-5b19fbdd93d5@group-813C05265458-LeaderElection334
2025-10-10 10:40:43,050 [aa9634f0-8836-44d6-bc05-5b19fbdd93d5@group-813C05265458-LeaderElection334] INFO  impl.RoleInfo (RoleInfo.java:updateAndGet(148)) - aa9634f0-8836-44d6-bc05-5b19fbdd93d5: start aa9634f0-8836-44d6-bc05-5b19fbdd93d5@group-813C05265458-FollowerState
2025-10-10 10:40:44,101 [36185c6b-22ce-45d1-a622-3a6b487a5a53@group-813C05265458-FollowerState] INFO  impl.FollowerState (FollowerState.java:runImpl(161)) - 36185c6b-22ce-45d1-a622-3a6b487a5a53@group-813C05265458-FollowerState: change to CANDIDATE, lastRpcElapsedTime:1069429950ns, electionTimeout:1069ms
2025-10-10 10:40:44,101 [36185c6b-22ce-45d1-a622-3a6b487a5a53@group-813C05265458-FollowerState] INFO  impl.RoleInfo (RoleInfo.java:shutdownFollowerState(121)) - 36185c6b-22ce-45d1-a622-3a6b487a5a53: shutdown 36185c6b-22ce-45d1-a622-3a6b487a5a53@group-813C05265458-FollowerState
2025-10-10 10:40:44,101 [36185c6b-22ce-45d1-a622-3a6b487a5a53@group-813C05265458-FollowerState] INFO  server.RaftServer$Division (RaftServerImpl.java:setRole(392)) - 36185c6b-22ce-45d1-a622-3a6b487a5a53@group-813C05265458: changes role from  FOLLOWER to CANDIDATE at term 1 for changeToCandidate
2025-10-10 10:40:44,101 [36185c6b-22ce-45d1-a622-3a6b487a5a53@group-813C05265458-FollowerState] INFO  impl.RoleInfo (RoleInfo.java:updateAndGet(148)) - 36185c6b-22ce-45d1-a622-3a6b487a5a53: start 36185c6b-22ce-45d1-a622-3a6b487a5a53@group-813C05265458-LeaderElection335
2025-10-10 10:40:44,102 [36185c6b-22ce-45d1-a622-3a6b487a5a53@group-813C05265458-LeaderElection335] INFO  impl.LeaderElection (LeaderElection.java:askForVotes(448)) - 36185c6b-22ce-45d1-a622-3a6b487a5a53@group-813C05265458-LeaderElection335 PRE_VOTE round 0: submit vote requests at term 1 for conf: {index: 0, cur=peers:[aa9634f0-8836-44d6-bc05-5b19fbdd93d5|127.0.0.1:15063, 36185c6b-22ce-45d1-a622-3a6b487a5a53|127.0.0.1:15071, 895d447a-5476-42e4-b2fa-6eb687701d46|127.0.0.1:15079]|listeners:[], old=null}
2025-10-10 10:40:44,103 [grpc-default-executor-7] INFO  server.RaftServer$Division (RaftServerImpl.java:requestVote(1421)) - 895d447a-5476-42e4-b2fa-6eb687701d46@group-813C05265458: receive requestVote(PRE_VOTE, 36185c6b-22ce-45d1-a622-3a6b487a5a53, group-813C05265458, 1, (t:1, i:0))
2025-10-10 10:40:44,103 [grpc-default-executor-8] INFO  server.RaftServer$Division (RaftServerImpl.java:requestVote(1421)) - aa9634f0-8836-44d6-bc05-5b19fbdd93d5@group-813C05265458: receive requestVote(PRE_VOTE, 36185c6b-22ce-45d1-a622-3a6b487a5a53, group-813C05265458, 1, (t:1, i:0))
2025-10-10 10:40:44,103 [grpc-default-executor-7] INFO  impl.VoteContext (VoteContext.java:log(49)) - 895d447a-5476-42e4-b2fa-6eb687701d46@group-813C05265458-FOLLOWER: accept PRE_VOTE from 36185c6b-22ce-45d1-a622-3a6b487a5a53: our priority 0 <= candidate's priority 0
2025-10-10 10:40:44,103 [grpc-default-executor-8] INFO  impl.VoteContext (VoteContext.java:log(49)) - aa9634f0-8836-44d6-bc05-5b19fbdd93d5@group-813C05265458-FOLLOWER: reject PRE_VOTE from 36185c6b-22ce-45d1-a622-3a6b487a5a53: our priority 1 > candidate's priority 0
2025-10-10 10:40:44,103 [grpc-default-executor-7] INFO  server.RaftServer$Division (RaftServerImpl.java:requestVote(1455)) - 895d447a-5476-42e4-b2fa-6eb687701d46@group-813C05265458 replies to PRE_VOTE vote request: 36185c6b-22ce-45d1-a622-3a6b487a5a53<-895d447a-5476-42e4-b2fa-6eb687701d46#0:OK-t1-last:(t:1, i:0). Peer's state: 895d447a-5476-42e4-b2fa-6eb687701d46@group-813C05265458:t1, leader=null, voted=aa9634f0-8836-44d6-bc05-5b19fbdd93d5, raftlog=Memoized:895d447a-5476-42e4-b2fa-6eb687701d46@group-813C05265458-SegmentedRaftLog:OPENED:c0:last(t:1, i:0), conf=conf: {index: 0, cur=peers:[aa9634f0-8836-44d6-bc05-5b19fbdd93d5|127.0.0.1:15063, 36185c6b-22ce-45d1-a622-3a6b487a5a53|127.0.0.1:15071, 895d447a-5476-42e4-b2fa-6eb687701d46|127.0.0.1:15079]|listeners:[], old=null}
2025-10-10 10:40:44,103 [grpc-default-executor-8] INFO  server.RaftServer$Division (RaftServerImpl.java:requestVote(1455)) - aa9634f0-8836-44d6-bc05-5b19fbdd93d5@group-813C05265458 replies to PRE_VOTE vote request: 36185c6b-22ce-45d1-a622-3a6b487a5a53<-aa9634f0-8836-44d6-bc05-5b19fbdd93d5#0:FAIL-t1-last:(t:1, i:0). Peer's state: aa9634f0-8836-44d6-bc05-5b19fbdd93d5@group-813C05265458:t1, leader=null, voted=aa9634f0-8836-44d6-bc05-5b19fbdd93d5, raftlog=Memoized:aa9634f0-8836-44d6-bc05-5b19fbdd93d5@group-813C05265458-SegmentedRaftLog:OPENED:c0:last(t:1, i:0), conf=conf: {index: 0, cur=peers:[aa9634f0-8836-44d6-bc05-5b19fbdd93d5|127.0.0.1:15063, 36185c6b-22ce-45d1-a622-3a6b487a5a53|127.0.0.1:15071, 895d447a-5476-42e4-b2fa-6eb687701d46|127.0.0.1:15079]|listeners:[], old=null}
2025-10-10 10:40:44,104 [36185c6b-22ce-45d1-a622-3a6b487a5a53@group-813C05265458-LeaderElection335] INFO  impl.LeaderElection (LeaderElection.java:logAndReturn(206)) - 36185c6b-22ce-45d1-a622-3a6b487a5a53@group-813C05265458-LeaderElection335: PRE_VOTE REJECTED received 2 response(s) and 0 exception(s):
2025-10-10 10:40:44,104 [36185c6b-22ce-45d1-a622-3a6b487a5a53@group-813C05265458-LeaderElection335] INFO  impl.LeaderElection (LeaderElection.java:logAndReturn(210)) -   Response 0: 36185c6b-22ce-45d1-a622-3a6b487a5a53<-aa9634f0-8836-44d6-bc05-5b19fbdd93d5#0:FAIL-t1-last:(t:1, i:0)
2025-10-10 10:40:44,104 [36185c6b-22ce-45d1-a622-3a6b487a5a53@group-813C05265458-LeaderElection335] INFO  impl.LeaderElection (LeaderElection.java:logAndReturn(210)) -   Response 1: 36185c6b-22ce-45d1-a622-3a6b487a5a53<-895d447a-5476-42e4-b2fa-6eb687701d46#0:OK-t1-last:(t:1, i:0)
2025-10-10 10:40:44,104 [36185c6b-22ce-45d1-a622-3a6b487a5a53@group-813C05265458-LeaderElection335] INFO  impl.LeaderElection (LeaderElection.java:askForVotes(450)) - 36185c6b-22ce-45d1-a622-3a6b487a5a53@group-813C05265458-LeaderElection335 PRE_VOTE round 0: result REJECTED
2025-10-10 10:40:44,104 [36185c6b-22ce-45d1-a622-3a6b487a5a53@group-813C05265458-LeaderElection335] INFO  server.RaftServer$Division (RaftServerImpl.java:setRole(392)) - 36185c6b-22ce-45d1-a622-3a6b487a5a53@group-813C05265458: changes role from CANDIDATE to FOLLOWER at term 1 for REJECTED
2025-10-10 10:40:44,104 [36185c6b-22ce-45d1-a622-3a6b487a5a53@group-813C05265458-LeaderElection335] INFO  impl.RoleInfo (RoleInfo.java:shutdownLeaderElection(141)) - 36185c6b-22ce-45d1-a622-3a6b487a5a53: shutdown 36185c6b-22ce-45d1-a622-3a6b487a5a53@group-813C05265458-LeaderElection335
2025-10-10 10:40:44,104 [36185c6b-22ce-45d1-a622-3a6b487a5a53@group-813C05265458-LeaderElection335] INFO  impl.RoleInfo (RoleInfo.java:updateAndGet(148)) - 36185c6b-22ce-45d1-a622-3a6b487a5a53: start 36185c6b-22ce-45d1-a622-3a6b487a5a53@group-813C05265458-FollowerState
2025-10-10 10:40:44,180 [aa9634f0-8836-44d6-bc05-5b19fbdd93d5@group-813C05265458-FollowerState] INFO  impl.FollowerState (FollowerState.java:runImpl(161)) - aa9634f0-8836-44d6-bc05-5b19fbdd93d5@group-813C05265458-FollowerState: change to CANDIDATE, lastRpcElapsedTime:1130240884ns, electionTimeout:1130ms
2025-10-10 10:40:44,180 [aa9634f0-8836-44d6-bc05-5b19fbdd93d5@group-813C05265458-FollowerState] INFO  impl.RoleInfo (RoleInfo.java:shutdownFollowerState(121)) - aa9634f0-8836-44d6-bc05-5b19fbdd93d5: shutdown aa9634f0-8836-44d6-bc05-5b19fbdd93d5@group-813C05265458-FollowerState
2025-10-10 10:40:44,180 [aa9634f0-8836-44d6-bc05-5b19fbdd93d5@group-813C05265458-FollowerState] INFO  server.RaftServer$Division (RaftServerImpl.java:setRole(392)) - aa9634f0-8836-44d6-bc05-5b19fbdd93d5@group-813C05265458: changes role from  FOLLOWER to CANDIDATE at term 1 for changeToCandidate
2025-10-10 10:40:44,181 [aa9634f0-8836-44d6-bc05-5b19fbdd93d5@group-813C05265458-FollowerState] INFO  impl.RoleInfo (RoleInfo.java:updateAndGet(148)) - aa9634f0-8836-44d6-bc05-5b19fbdd93d5: start aa9634f0-8836-44d6-bc05-5b19fbdd93d5@group-813C05265458-LeaderElection336
2025-10-10 10:40:44,181 [aa9634f0-8836-44d6-bc05-5b19fbdd93d5@group-813C05265458-LeaderElection336] INFO  impl.LeaderElection (LeaderElection.java:askForVotes(448)) - aa9634f0-8836-44d6-bc05-5b19fbdd93d5@group-813C05265458-LeaderElection336 PRE_VOTE round 0: submit vote requests at term 1 for conf: {index: 0, cur=peers:[aa9634f0-8836-44d6-bc05-5b19fbdd93d5|127.0.0.1:15063, 36185c6b-22ce-45d1-a622-3a6b487a5a53|127.0.0.1:15071, 895d447a-5476-42e4-b2fa-6eb687701d46|127.0.0.1:15079]|listeners:[], old=null}
2025-10-10 10:40:44,181 [aa9634f0-8836-44d6-bc05-5b19fbdd93d5@group-813C05265458-LeaderElection336] INFO  impl.LeaderElection (LogUtils.java:infoOrTrace(142)) - aa9634f0-8836-44d6-bc05-5b19fbdd93d5@group-813C05265458-LeaderElection336 got exception when requesting votes: java.util.concurrent.ExecutionException: org.apache.ratis.thirdparty.io.grpc.StatusRuntimeException: UNAVAILABLE: io exception
2025-10-10 10:40:44,181 [aa9634f0-8836-44d6-bc05-5b19fbdd93d5@group-813C05265458-LeaderElection336] INFO  impl.LeaderElection (LogUtils.java:infoOrTrace(142)) - aa9634f0-8836-44d6-bc05-5b19fbdd93d5@group-813C05265458-LeaderElection336 got exception when requesting votes: java.util.concurrent.ExecutionException: org.apache.ratis.thirdparty.io.grpc.StatusRuntimeException: UNAVAILABLE: io exception
2025-10-10 10:40:44,181 [aa9634f0-8836-44d6-bc05-5b19fbdd93d5@group-813C05265458-LeaderElection336] INFO  impl.LeaderElection (LeaderElection.java:logAndReturn(206)) - aa9634f0-8836-44d6-bc05-5b19fbdd93d5@group-813C05265458-LeaderElection336: PRE_VOTE REJECTED received 0 response(s) and 2 exception(s):
2025-10-10 10:40:44,182 [aa9634f0-8836-44d6-bc05-5b19fbdd93d5@group-813C05265458-LeaderElection336] INFO  impl.LeaderElection (LogUtils.java:infoOrTrace(142)) -   Exception 0: java.util.concurrent.ExecutionException: org.apache.ratis.thirdparty.io.grpc.StatusRuntimeException: UNAVAILABLE: io exception
2025-10-10 10:40:44,182 [aa9634f0-8836-44d6-bc05-5b19fbdd93d5@group-813C05265458-LeaderElection336] INFO  impl.LeaderElection (LogUtils.java:infoOrTrace(142)) -   Exception 1: java.util.concurrent.ExecutionException: org.apache.ratis.thirdparty.io.grpc.StatusRuntimeException: UNAVAILABLE: io exception
2025-10-10 10:40:44,182 [aa9634f0-8836-44d6-bc05-5b19fbdd93d5@group-813C05265458-LeaderElection336] INFO  impl.LeaderElection (LeaderElection.java:askForVotes(450)) - aa9634f0-8836-44d6-bc05-5b19fbdd93d5@group-813C05265458-LeaderElection336 PRE_VOTE round 0: result REJECTED
2025-10-10 10:40:44,182 [aa9634f0-8836-44d6-bc05-5b19fbdd93d5@group-813C05265458-LeaderElection336] INFO  server.RaftServer$Division (RaftServerImpl.java:setRole(392)) - aa9634f0-8836-44d6-bc05-5b19fbdd93d5@group-813C05265458: changes role from CANDIDATE to FOLLOWER at term 1 for REJECTED
2025-10-10 10:40:44,182 [aa9634f0-8836-44d6-bc05-5b19fbdd93d5@group-813C05265458-LeaderElection336] INFO  impl.RoleInfo (RoleInfo.java:shutdownLeaderElection(141)) - aa9634f0-8836-44d6-bc05-5b19fbdd93d5: shutdown aa9634f0-8836-44d6-bc05-5b19fbdd93d5@group-813C05265458-LeaderElection336
2025-10-10 10:40:44,182 [aa9634f0-8836-44d6-bc05-5b19fbdd93d5@group-813C05265458-LeaderElection336] INFO  impl.RoleInfo (RoleInfo.java:updateAndGet(148)) - aa9634f0-8836-44d6-bc05-5b19fbdd93d5: start aa9634f0-8836-44d6-bc05-5b19fbdd93d5@group-813C05265458-FollowerState
2025-10-10 10:40:45,207 [aa9634f0-8836-44d6-bc05-5b19fbdd93d5@group-813C05265458-FollowerState] INFO  impl.FollowerState (FollowerState.java:runImpl(161)) - aa9634f0-8836-44d6-bc05-5b19fbdd93d5@group-813C05265458-FollowerState: change to CANDIDATE, lastRpcElapsedTime:1025234692ns, electionTimeout:1025ms
2025-10-10 10:40:45,207 [aa9634f0-8836-44d6-bc05-5b19fbdd93d5@group-813C05265458-FollowerState] INFO  impl.RoleInfo (RoleInfo.java:shutdownFollowerState(121)) - aa9634f0-8836-44d6-bc05-5b19fbdd93d5: shutdown aa9634f0-8836-44d6-bc05-5b19fbdd93d5@group-813C05265458-FollowerState
2025-10-10 10:40:45,207 [aa9634f0-8836-44d6-bc05-5b19fbdd93d5@group-813C05265458-FollowerState] INFO  server.RaftServer$Division (RaftServerImpl.java:setRole(392)) - aa9634f0-8836-44d6-bc05-5b19fbdd93d5@group-813C05265458: changes role from  FOLLOWER to CANDIDATE at term 1 for changeToCandidate
2025-10-10 10:40:45,207 [aa9634f0-8836-44d6-bc05-5b19fbdd93d5@group-813C05265458-FollowerState] INFO  impl.RoleInfo (RoleInfo.java:updateAndGet(148)) - aa9634f0-8836-44d6-bc05-5b19fbdd93d5: start aa9634f0-8836-44d6-bc05-5b19fbdd93d5@group-813C05265458-LeaderElection337
2025-10-10 10:40:45,208 [aa9634f0-8836-44d6-bc05-5b19fbdd93d5@group-813C05265458-LeaderElection337] INFO  impl.LeaderElection (LeaderElection.java:askForVotes(448)) - aa9634f0-8836-44d6-bc05-5b19fbdd93d5@group-813C05265458-LeaderElection337 PRE_VOTE round 0: submit vote requests at term 1 for conf: {index: 0, cur=peers:[aa9634f0-8836-44d6-bc05-5b19fbdd93d5|127.0.0.1:15063, 36185c6b-22ce-45d1-a622-3a6b487a5a53|127.0.0.1:15071, 895d447a-5476-42e4-b2fa-6eb687701d46|127.0.0.1:15079]|listeners:[], old=null}
2025-10-10 10:40:45,208 [aa9634f0-8836-44d6-bc05-5b19fbdd93d5@group-813C05265458-LeaderElection337] INFO  impl.LeaderElection (LogUtils.java:infoOrTrace(142)) - aa9634f0-8836-44d6-bc05-5b19fbdd93d5@group-813C05265458-LeaderElection337 got exception when requesting votes: java.util.concurrent.ExecutionException: org.apache.ratis.thirdparty.io.grpc.StatusRuntimeException: UNAVAILABLE: io exception
2025-10-10 10:40:45,208 [aa9634f0-8836-44d6-bc05-5b19fbdd93d5@group-813C05265458-LeaderElection337] INFO  impl.LeaderElection (LogUtils.java:infoOrTrace(142)) - aa9634f0-8836-44d6-bc05-5b19fbdd93d5@group-813C05265458-LeaderElection337 got exception when requesting votes: java.util.concurrent.ExecutionException: org.apache.ratis.thirdparty.io.grpc.StatusRuntimeException: UNAVAILABLE: io exception
2025-10-10 10:40:45,208 [aa9634f0-8836-44d6-bc05-5b19fbdd93d5@group-813C05265458-LeaderElection337] INFO  impl.LeaderElection (LeaderElection.java:logAndReturn(206)) - aa9634f0-8836-44d6-bc05-5b19fbdd93d5@group-813C05265458-LeaderElection337: PRE_VOTE REJECTED received 0 response(s) and 2 exception(s):
2025-10-10 10:40:45,208 [aa9634f0-8836-44d6-bc05-5b19fbdd93d5@group-813C05265458-LeaderElection337] INFO  impl.LeaderElection (LogUtils.java:infoOrTrace(142)) -   Exception 0: java.util.concurrent.ExecutionException: org.apache.ratis.thirdparty.io.grpc.StatusRuntimeException: UNAVAILABLE: io exception
2025-10-10 10:40:45,208 [aa9634f0-8836-44d6-bc05-5b19fbdd93d5@group-813C05265458-LeaderElection337] INFO  impl.LeaderElection (LogUtils.java:infoOrTrace(142)) -   Exception 1: java.util.concurrent.ExecutionException: org.apache.ratis.thirdparty.io.grpc.StatusRuntimeException: UNAVAILABLE: io exception
2025-10-10 10:40:45,208 [aa9634f0-8836-44d6-bc05-5b19fbdd93d5@group-813C05265458-LeaderElection337] INFO  impl.LeaderElection (LeaderElection.java:askForVotes(450)) - aa9634f0-8836-44d6-bc05-5b19fbdd93d5@group-813C05265458-LeaderElection337 PRE_VOTE round 0: result REJECTED
2025-10-10 10:40:45,208 [aa9634f0-8836-44d6-bc05-5b19fbdd93d5@group-813C05265458-LeaderElection337] INFO  server.RaftServer$Division (RaftServerImpl.java:setRole(392)) - aa9634f0-8836-44d6-bc05-5b19fbdd93d5@group-813C05265458: changes role from CANDIDATE to FOLLOWER at term 1 for REJECTED
2025-10-10 10:40:45,209 [aa9634f0-8836-44d6-bc05-5b19fbdd93d5@group-813C05265458-LeaderElection337] INFO  impl.RoleInfo (RoleInfo.java:shutdownLeaderElection(141)) - aa9634f0-8836-44d6-bc05-5b19fbdd93d5: shutdown aa9634f0-8836-44d6-bc05-5b19fbdd93d5@group-813C05265458-LeaderElection337
2025-10-10 10:40:45,209 [aa9634f0-8836-44d6-bc05-5b19fbdd93d5@group-813C05265458-LeaderElection337] INFO  impl.RoleInfo (RoleInfo.java:updateAndGet(148)) - aa9634f0-8836-44d6-bc05-5b19fbdd93d5: start aa9634f0-8836-44d6-bc05-5b19fbdd93d5@group-813C05265458-FollowerState
2025-10-10 10:40:45,218 [36185c6b-22ce-45d1-a622-3a6b487a5a53@group-813C05265458-FollowerState] INFO  impl.FollowerState (FollowerState.java:runImpl(161)) - 36185c6b-22ce-45d1-a622-3a6b487a5a53@group-813C05265458-FollowerState: change to CANDIDATE, lastRpcElapsedTime:1113473587ns, electionTimeout:1113ms
2025-10-10 10:40:45,218 [36185c6b-22ce-45d1-a622-3a6b487a5a53@group-813C05265458-FollowerState] INFO  impl.RoleInfo (RoleInfo.java:shutdownFollowerState(121)) - 36185c6b-22ce-45d1-a622-3a6b487a5a53: shutdown 36185c6b-22ce-45d1-a622-3a6b487a5a53@group-813C05265458-FollowerState
2025-10-10 10:40:45,218 [36185c6b-22ce-45d1-a622-3a6b487a5a53@group-813C05265458-FollowerState] INFO  server.RaftServer$Division (RaftServerImpl.java:setRole(392)) - 36185c6b-22ce-45d1-a622-3a6b487a5a53@group-813C05265458: changes role from  FOLLOWER to CANDIDATE at term 1 for changeToCandidate
2025-10-10 10:40:45,218 [36185c6b-22ce-45d1-a622-3a6b487a5a53@group-813C05265458-FollowerState] INFO  impl.RoleInfo (RoleInfo.java:updateAndGet(148)) - 36185c6b-22ce-45d1-a622-3a6b487a5a53: start 36185c6b-22ce-45d1-a622-3a6b487a5a53@group-813C05265458-LeaderElection338
2025-10-10 10:40:45,218 [36185c6b-22ce-45d1-a622-3a6b487a5a53@group-813C05265458-LeaderElection338] INFO  impl.LeaderElection (LeaderElection.java:askForVotes(448)) - 36185c6b-22ce-45d1-a622-3a6b487a5a53@group-813C05265458-LeaderElection338 PRE_VOTE round 0: submit vote requests at term 1 for conf: {index: 0, cur=peers:[aa9634f0-8836-44d6-bc05-5b19fbdd93d5|127.0.0.1:15063, 36185c6b-22ce-45d1-a622-3a6b487a5a53|127.0.0.1:15071, 895d447a-5476-42e4-b2fa-6eb687701d46|127.0.0.1:15079]|listeners:[], old=null}
2025-10-10 10:40:45,219 [grpc-default-executor-7] INFO  server.RaftServer$Division (RaftServerImpl.java:requestVote(1421)) - aa9634f0-8836-44d6-bc05-5b19fbdd93d5@group-813C05265458: receive requestVote(PRE_VOTE, 36185c6b-22ce-45d1-a622-3a6b487a5a53, group-813C05265458, 1, (t:1, i:0))
2025-10-10 10:40:45,219 [grpc-default-executor-8] INFO  server.RaftServer$Division (RaftServerImpl.java:requestVote(1421)) - 895d447a-5476-42e4-b2fa-6eb687701d46@group-813C05265458: receive requestVote(PRE_VOTE, 36185c6b-22ce-45d1-a622-3a6b487a5a53, group-813C05265458, 1, (t:1, i:0))
2025-10-10 10:40:45,219 [grpc-default-executor-7] INFO  impl.VoteContext (VoteContext.java:log(49)) - aa9634f0-8836-44d6-bc05-5b19fbdd93d5@group-813C05265458-FOLLOWER: reject PRE_VOTE from 36185c6b-22ce-45d1-a622-3a6b487a5a53: our priority 1 > candidate's priority 0
2025-10-10 10:40:45,219 [grpc-default-executor-8] INFO  impl.VoteContext (VoteContext.java:log(49)) - 895d447a-5476-42e4-b2fa-6eb687701d46@group-813C05265458-FOLLOWER: accept PRE_VOTE from 36185c6b-22ce-45d1-a622-3a6b487a5a53: our priority 0 <= candidate's priority 0
2025-10-10 10:40:45,219 [grpc-default-executor-8] INFO  server.RaftServer$Division (RaftServerImpl.java:requestVote(1455)) - 895d447a-5476-42e4-b2fa-6eb687701d46@group-813C05265458 replies to PRE_VOTE vote request: 36185c6b-22ce-45d1-a622-3a6b487a5a53<-895d447a-5476-42e4-b2fa-6eb687701d46#0:OK-t1-last:(t:1, i:0). Peer's state: 895d447a-5476-42e4-b2fa-6eb687701d46@group-813C05265458:t1, leader=null, voted=aa9634f0-8836-44d6-bc05-5b19fbdd93d5, raftlog=Memoized:895d447a-5476-42e4-b2fa-6eb687701d46@group-813C05265458-SegmentedRaftLog:OPENED:c0:last(t:1, i:0), conf=conf: {index: 0, cur=peers:[aa9634f0-8836-44d6-bc05-5b19fbdd93d5|127.0.0.1:15063, 36185c6b-22ce-45d1-a622-3a6b487a5a53|127.0.0.1:15071, 895d447a-5476-42e4-b2fa-6eb687701d46|127.0.0.1:15079]|listeners:[], old=null}
2025-10-10 10:40:45,219 [grpc-default-executor-7] INFO  server.RaftServer$Division (RaftServerImpl.java:requestVote(1455)) - aa9634f0-8836-44d6-bc05-5b19fbdd93d5@group-813C05265458 replies to PRE_VOTE vote request: 36185c6b-22ce-45d1-a622-3a6b487a5a53<-aa9634f0-8836-44d6-bc05-5b19fbdd93d5#0:FAIL-t1-last:(t:1, i:0). Peer's state: aa9634f0-8836-44d6-bc05-5b19fbdd93d5@group-813C05265458:t1, leader=null, voted=aa9634f0-8836-44d6-bc05-5b19fbdd93d5, raftlog=Memoized:aa9634f0-8836-44d6-bc05-5b19fbdd93d5@group-813C05265458-SegmentedRaftLog:OPENED:c0:last(t:1, i:0), conf=conf: {index: 0, cur=peers:[aa9634f0-8836-44d6-bc05-5b19fbdd93d5|127.0.0.1:15063, 36185c6b-22ce-45d1-a622-3a6b487a5a53|127.0.0.1:15071, 895d447a-5476-42e4-b2fa-6eb687701d46|127.0.0.1:15079]|listeners:[], old=null}
2025-10-10 10:40:45,220 [36185c6b-22ce-45d1-a622-3a6b487a5a53@group-813C05265458-LeaderElection338] INFO  impl.LeaderElection (LeaderElection.java:logAndReturn(206)) - 36185c6b-22ce-45d1-a622-3a6b487a5a53@group-813C05265458-LeaderElection338: PRE_VOTE REJECTED received 1 response(s) and 0 exception(s):
2025-10-10 10:40:45,221 [36185c6b-22ce-45d1-a622-3a6b487a5a53@group-813C05265458-LeaderElection338] INFO  impl.LeaderElection (LeaderElection.java:logAndReturn(210)) -   Response 0: 36185c6b-22ce-45d1-a622-3a6b487a5a53<-aa9634f0-8836-44d6-bc05-5b19fbdd93d5#0:FAIL-t1-last:(t:1, i:0)
2025-10-10 10:40:45,221 [36185c6b-22ce-45d1-a622-3a6b487a5a53@group-813C05265458-LeaderElection338] INFO  impl.LeaderElection (LeaderElection.java:askForVotes(450)) - 36185c6b-22ce-45d1-a622-3a6b487a5a53@group-813C05265458-LeaderElection338 PRE_VOTE round 0: result REJECTED
2025-10-10 10:40:45,221 [36185c6b-22ce-45d1-a622-3a6b487a5a53@group-813C05265458-LeaderElection338] INFO  server.RaftServer$Division (RaftServerImpl.java:setRole(392)) - 36185c6b-22ce-45d1-a622-3a6b487a5a53@group-813C05265458: changes role from CANDIDATE to FOLLOWER at term 1 for REJECTED
2025-10-10 10:40:45,221 [36185c6b-22ce-45d1-a622-3a6b487a5a53@group-813C05265458-LeaderElection338] INFO  impl.RoleInfo (RoleInfo.java:shutdownLeaderElection(141)) - 36185c6b-22ce-45d1-a622-3a6b487a5a53: shutdown 36185c6b-22ce-45d1-a622-3a6b487a5a53@group-813C05265458-LeaderElection338
2025-10-10 10:40:45,221 [36185c6b-22ce-45d1-a622-3a6b487a5a53@group-813C05265458-LeaderElection338] INFO  impl.RoleInfo (RoleInfo.java:updateAndGet(148)) - 36185c6b-22ce-45d1-a622-3a6b487a5a53: start 36185c6b-22ce-45d1-a622-3a6b487a5a53@group-813C05265458-FollowerState
2025-10-10 10:40:46,355 [aa9634f0-8836-44d6-bc05-5b19fbdd93d5@group-813C05265458-FollowerState] INFO  impl.FollowerState (FollowerState.java:runImpl(161)) - aa9634f0-8836-44d6-bc05-5b19fbdd93d5@group-813C05265458-FollowerState: change to CANDIDATE, lastRpcElapsedTime:1146242892ns, electionTimeout:1146ms
2025-10-10 10:40:46,355 [aa9634f0-8836-44d6-bc05-5b19fbdd93d5@group-813C05265458-FollowerState] INFO  impl.RoleInfo (RoleInfo.java:shutdownFollowerState(121)) - aa9634f0-8836-44d6-bc05-5b19fbdd93d5: shutdown aa9634f0-8836-44d6-bc05-5b19fbdd93d5@group-813C05265458-FollowerState
2025-10-10 10:40:46,355 [aa9634f0-8836-44d6-bc05-5b19fbdd93d5@group-813C05265458-FollowerState] INFO  server.RaftServer$Division (RaftServerImpl.java:setRole(392)) - aa9634f0-8836-44d6-bc05-5b19fbdd93d5@group-813C05265458: changes role from  FOLLOWER to CANDIDATE at term 1 for changeToCandidate
2025-10-10 10:40:46,355 [aa9634f0-8836-44d6-bc05-5b19fbdd93d5@group-813C05265458-FollowerState] INFO  impl.RoleInfo (RoleInfo.java:updateAndGet(148)) - aa9634f0-8836-44d6-bc05-5b19fbdd93d5: start aa9634f0-8836-44d6-bc05-5b19fbdd93d5@group-813C05265458-LeaderElection339
2025-10-10 10:40:46,356 [aa9634f0-8836-44d6-bc05-5b19fbdd93d5@group-813C05265458-LeaderElection339] INFO  impl.LeaderElection (LeaderElection.java:askForVotes(448)) - aa9634f0-8836-44d6-bc05-5b19fbdd93d5@group-813C05265458-LeaderElection339 PRE_VOTE round 0: submit vote requests at term 1 for conf: {index: 0, cur=peers:[aa9634f0-8836-44d6-bc05-5b19fbdd93d5|127.0.0.1:15063, 36185c6b-22ce-45d1-a622-3a6b487a5a53|127.0.0.1:15071, 895d447a-5476-42e4-b2fa-6eb687701d46|127.0.0.1:15079]|listeners:[], old=null}
2025-10-10 10:40:46,356 [aa9634f0-8836-44d6-bc05-5b19fbdd93d5@group-813C05265458-LeaderElection339] INFO  impl.LeaderElection (LogUtils.java:infoOrTrace(142)) - aa9634f0-8836-44d6-bc05-5b19fbdd93d5@group-813C05265458-LeaderElection339 got exception when requesting votes: java.util.concurrent.ExecutionException: org.apache.ratis.thirdparty.io.grpc.StatusRuntimeException: UNAVAILABLE: io exception
2025-10-10 10:40:46,356 [aa9634f0-8836-44d6-bc05-5b19fbdd93d5@group-813C05265458-LeaderElection339] INFO  impl.LeaderElection (LogUtils.java:infoOrTrace(142)) - aa9634f0-8836-44d6-bc05-5b19fbdd93d5@group-813C05265458-LeaderElection339 got exception when requesting votes: java.util.concurrent.ExecutionException: org.apache.ratis.thirdparty.io.grpc.StatusRuntimeException: UNAVAILABLE: io exception
2025-10-10 10:40:46,356 [aa9634f0-8836-44d6-bc05-5b19fbdd93d5@group-813C05265458-LeaderElection339] INFO  impl.LeaderElection (LeaderElection.java:logAndReturn(206)) - aa9634f0-8836-44d6-bc05-5b19fbdd93d5@group-813C05265458-LeaderElection339: PRE_VOTE REJECTED received 0 response(s) and 2 exception(s):
2025-10-10 10:40:46,356 [aa9634f0-8836-44d6-bc05-5b19fbdd93d5@group-813C05265458-LeaderElection339] INFO  impl.LeaderElection (LogUtils.java:infoOrTrace(142)) -   Exception 0: java.util.concurrent.ExecutionException: org.apache.ratis.thirdparty.io.grpc.StatusRuntimeException: UNAVAILABLE: io exception
2025-10-10 10:40:46,356 [aa9634f0-8836-44d6-bc05-5b19fbdd93d5@group-813C05265458-LeaderElection339] INFO  impl.LeaderElection (LogUtils.java:infoOrTrace(142)) -   Exception 1: java.util.concurrent.ExecutionException: org.apache.ratis.thirdparty.io.grpc.StatusRuntimeException: UNAVAILABLE: io exception
2025-10-10 10:40:46,356 [aa9634f0-8836-44d6-bc05-5b19fbdd93d5@group-813C05265458-LeaderElection339] INFO  impl.LeaderElection (LeaderElection.java:askForVotes(450)) - aa9634f0-8836-44d6-bc05-5b19fbdd93d5@group-813C05265458-LeaderElection339 PRE_VOTE round 0: result REJECTED
2025-10-10 10:40:46,356 [aa9634f0-8836-44d6-bc05-5b19fbdd93d5@group-813C05265458-LeaderElection339] INFO  server.RaftServer$Division (RaftServerImpl.java:setRole(392)) - aa9634f0-8836-44d6-bc05-5b19fbdd93d5@group-813C05265458: changes role from CANDIDATE to FOLLOWER at term 1 for REJECTED
2025-10-10 10:40:46,356 [aa9634f0-8836-44d6-bc05-5b19fbdd93d5@group-813C05265458-LeaderElection339] INFO  impl.RoleInfo (RoleInfo.java:shutdownLeaderElection(141)) - aa9634f0-8836-44d6-bc05-5b19fbdd93d5: shutdown aa9634f0-8836-44d6-bc05-5b19fbdd93d5@group-813C05265458-LeaderElection339
2025-10-10 10:40:46,356 [aa9634f0-8836-44d6-bc05-5b19fbdd93d5@group-813C05265458-LeaderElection339] INFO  impl.RoleInfo (RoleInfo.java:updateAndGet(148)) - aa9634f0-8836-44d6-bc05-5b19fbdd93d5: start aa9634f0-8836-44d6-bc05-5b19fbdd93d5@group-813C05265458-FollowerState
2025-10-10 10:40:46,360 [36185c6b-22ce-45d1-a622-3a6b487a5a53@group-813C05265458-FollowerState] INFO  impl.FollowerState (FollowerState.java:runImpl(161)) - 36185c6b-22ce-45d1-a622-3a6b487a5a53@group-813C05265458-FollowerState: change to CANDIDATE, lastRpcElapsedTime:1139411425ns, electionTimeout:1139ms
2025-10-10 10:40:46,360 [36185c6b-22ce-45d1-a622-3a6b487a5a53@group-813C05265458-FollowerState] INFO  impl.RoleInfo (RoleInfo.java:shutdownFollowerState(121)) - 36185c6b-22ce-45d1-a622-3a6b487a5a53: shutdown 36185c6b-22ce-45d1-a622-3a6b487a5a53@group-813C05265458-FollowerState
2025-10-10 10:40:46,360 [36185c6b-22ce-45d1-a622-3a6b487a5a53@group-813C05265458-FollowerState] INFO  server.RaftServer$Division (RaftServerImpl.java:setRole(392)) - 36185c6b-22ce-45d1-a622-3a6b487a5a53@group-813C05265458: changes role from  FOLLOWER to CANDIDATE at term 1 for changeToCandidate
2025-10-10 10:40:46,360 [36185c6b-22ce-45d1-a622-3a6b487a5a53@group-813C05265458-FollowerState] INFO  impl.RoleInfo (RoleInfo.java:updateAndGet(148)) - 36185c6b-22ce-45d1-a622-3a6b487a5a53: start 36185c6b-22ce-45d1-a622-3a6b487a5a53@group-813C05265458-LeaderElection340
2025-10-10 10:40:46,361 [36185c6b-22ce-45d1-a622-3a6b487a5a53@group-813C05265458-LeaderElection340] INFO  impl.LeaderElection (LeaderElection.java:askForVotes(448)) - 36185c6b-22ce-45d1-a622-3a6b487a5a53@group-813C05265458-LeaderElection340 PRE_VOTE round 0: submit vote requests at term 1 for conf: {index: 0, cur=peers:[aa9634f0-8836-44d6-bc05-5b19fbdd93d5|127.0.0.1:15063, 36185c6b-22ce-45d1-a622-3a6b487a5a53|127.0.0.1:15071, 895d447a-5476-42e4-b2fa-6eb687701d46|127.0.0.1:15079]|listeners:[], old=null}
2025-10-10 10:40:46,362 [grpc-default-executor-8] INFO  server.RaftServer$Division (RaftServerImpl.java:requestVote(1421)) - 895d447a-5476-42e4-b2fa-6eb687701d46@group-813C05265458: receive requestVote(PRE_VOTE, 36185c6b-22ce-45d1-a622-3a6b487a5a53, group-813C05265458, 1, (t:1, i:0))
2025-10-10 10:40:46,362 [grpc-default-executor-7] INFO  server.RaftServer$Division (RaftServerImpl.java:requestVote(1421)) - aa9634f0-8836-44d6-bc05-5b19fbdd93d5@group-813C05265458: receive requestVote(PRE_VOTE, 36185c6b-22ce-45d1-a622-3a6b487a5a53, group-813C05265458, 1, (t:1, i:0))
2025-10-10 10:40:46,362 [grpc-default-executor-8] INFO  impl.VoteContext (VoteContext.java:log(49)) - 895d447a-5476-42e4-b2fa-6eb687701d46@group-813C05265458-FOLLOWER: accept PRE_VOTE from 36185c6b-22ce-45d1-a622-3a6b487a5a53: our priority 0 <= candidate's priority 0
2025-10-10 10:40:46,362 [grpc-default-executor-7] INFO  impl.VoteContext (VoteContext.java:log(49)) - aa9634f0-8836-44d6-bc05-5b19fbdd93d5@group-813C05265458-FOLLOWER: reject PRE_VOTE from 36185c6b-22ce-45d1-a622-3a6b487a5a53: our priority 1 > candidate's priority 0
2025-10-10 10:40:46,362 [grpc-default-executor-8] INFO  server.RaftServer$Division (RaftServerImpl.java:requestVote(1455)) - 895d447a-5476-42e4-b2fa-6eb687701d46@group-813C05265458 replies to PRE_VOTE vote request: 36185c6b-22ce-45d1-a622-3a6b487a5a53<-895d447a-5476-42e4-b2fa-6eb687701d46#0:OK-t1-last:(t:1, i:0). Peer's state: 895d447a-5476-42e4-b2fa-6eb687701d46@group-813C05265458:t1, leader=null, voted=aa9634f0-8836-44d6-bc05-5b19fbdd93d5, raftlog=Memoized:895d447a-5476-42e4-b2fa-6eb687701d46@group-813C05265458-SegmentedRaftLog:OPENED:c0:last(t:1, i:0), conf=conf: {index: 0, cur=peers:[aa9634f0-8836-44d6-bc05-5b19fbdd93d5|127.0.0.1:15063, 36185c6b-22ce-45d1-a622-3a6b487a5a53|127.0.0.1:15071, 895d447a-5476-42e4-b2fa-6eb687701d46|127.0.0.1:15079]|listeners:[], old=null}
2025-10-10 10:40:46,362 [grpc-default-executor-7] INFO  server.RaftServer$Division (RaftServerImpl.java:requestVote(1455)) - aa9634f0-8836-44d6-bc05-5b19fbdd93d5@group-813C05265458 replies to PRE_VOTE vote request: 36185c6b-22ce-45d1-a622-3a6b487a5a53<-aa9634f0-8836-44d6-bc05-5b19fbdd93d5#0:FAIL-t1-last:(t:1, i:0). Peer's state: aa9634f0-8836-44d6-bc05-5b19fbdd93d5@group-813C05265458:t1, leader=null, voted=aa9634f0-8836-44d6-bc05-5b19fbdd93d5, raftlog=Memoized:aa9634f0-8836-44d6-bc05-5b19fbdd93d5@group-813C05265458-SegmentedRaftLog:OPENED:c0:last(t:1, i:0), conf=conf: {index: 0, cur=peers:[aa9634f0-8836-44d6-bc05-5b19fbdd93d5|127.0.0.1:15063, 36185c6b-22ce-45d1-a622-3a6b487a5a53|127.0.0.1:15071, 895d447a-5476-42e4-b2fa-6eb687701d46|127.0.0.1:15079]|listeners:[], old=null}
2025-10-10 10:40:46,363 [36185c6b-22ce-45d1-a622-3a6b487a5a53@group-813C05265458-LeaderElection340] INFO  impl.LeaderElection (LeaderElection.java:logAndReturn(206)) - 36185c6b-22ce-45d1-a622-3a6b487a5a53@group-813C05265458-LeaderElection340: PRE_VOTE REJECTED received 2 response(s) and 0 exception(s):
2025-10-10 10:40:46,363 [36185c6b-22ce-45d1-a622-3a6b487a5a53@group-813C05265458-LeaderElection340] INFO  impl.LeaderElection (LeaderElection.java:logAndReturn(210)) -   Response 0: 36185c6b-22ce-45d1-a622-3a6b487a5a53<-aa9634f0-8836-44d6-bc05-5b19fbdd93d5#0:FAIL-t1-last:(t:1, i:0)
2025-10-10 10:40:46,363 [36185c6b-22ce-45d1-a622-3a6b487a5a53@group-813C05265458-LeaderElection340] INFO  impl.LeaderElection (LeaderElection.java:logAndReturn(210)) -   Response 1: 36185c6b-22ce-45d1-a622-3a6b487a5a53<-895d447a-5476-42e4-b2fa-6eb687701d46#0:OK-t1-last:(t:1, i:0)
2025-10-10 10:40:46,363 [36185c6b-22ce-45d1-a622-3a6b487a5a53@group-813C05265458-LeaderElection340] INFO  impl.LeaderElection (LeaderElection.java:askForVotes(450)) - 36185c6b-22ce-45d1-a622-3a6b487a5a53@group-813C05265458-LeaderElection340 PRE_VOTE round 0: result REJECTED
2025-10-10 10:40:46,363 [36185c6b-22ce-45d1-a622-3a6b487a5a53@group-813C05265458-LeaderElection340] INFO  server.RaftServer$Division (RaftServerImpl.java:setRole(392)) - 36185c6b-22ce-45d1-a622-3a6b487a5a53@group-813C05265458: changes role from CANDIDATE to FOLLOWER at term 1 for REJECTED
2025-10-10 10:40:46,363 [36185c6b-22ce-45d1-a622-3a6b487a5a53@group-813C05265458-LeaderElection340] INFO  impl.RoleInfo (RoleInfo.java:shutdownLeaderElection(141)) - 36185c6b-22ce-45d1-a622-3a6b487a5a53: shutdown 36185c6b-22ce-45d1-a622-3a6b487a5a53@group-813C05265458-LeaderElection340
2025-10-10 10:40:46,363 [36185c6b-22ce-45d1-a622-3a6b487a5a53@group-813C05265458-LeaderElection340] INFO  impl.RoleInfo (RoleInfo.java:updateAndGet(148)) - 36185c6b-22ce-45d1-a622-3a6b487a5a53: start 36185c6b-22ce-45d1-a622-3a6b487a5a53@group-813C05265458-FollowerState
2025-10-10 10:40:47,439 [aa9634f0-8836-44d6-bc05-5b19fbdd93d5@group-813C05265458-FollowerState] INFO  impl.FollowerState (FollowerState.java:runImpl(161)) - aa9634f0-8836-44d6-bc05-5b19fbdd93d5@group-813C05265458-FollowerState: change to CANDIDATE, lastRpcElapsedTime:1082242167ns, electionTimeout:1082ms
2025-10-10 10:40:47,439 [aa9634f0-8836-44d6-bc05-5b19fbdd93d5@group-813C05265458-FollowerState] INFO  impl.RoleInfo (RoleInfo.java:shutdownFollowerState(121)) - aa9634f0-8836-44d6-bc05-5b19fbdd93d5: shutdown aa9634f0-8836-44d6-bc05-5b19fbdd93d5@group-813C05265458-FollowerState
2025-10-10 10:40:47,439 [aa9634f0-8836-44d6-bc05-5b19fbdd93d5@group-813C05265458-FollowerState] INFO  server.RaftServer$Division (RaftServerImpl.java:setRole(392)) - aa9634f0-8836-44d6-bc05-5b19fbdd93d5@group-813C05265458: changes role from  FOLLOWER to CANDIDATE at term 1 for changeToCandidate
2025-10-10 10:40:47,439 [aa9634f0-8836-44d6-bc05-5b19fbdd93d5@group-813C05265458-FollowerState] INFO  impl.RoleInfo (RoleInfo.java:updateAndGet(148)) - aa9634f0-8836-44d6-bc05-5b19fbdd93d5: start aa9634f0-8836-44d6-bc05-5b19fbdd93d5@group-813C05265458-LeaderElection341
2025-10-10 10:40:47,439 [aa9634f0-8836-44d6-bc05-5b19fbdd93d5@group-813C05265458-LeaderElection341] INFO  impl.LeaderElection (LeaderElection.java:askForVotes(448)) - aa9634f0-8836-44d6-bc05-5b19fbdd93d5@group-813C05265458-LeaderElection341 PRE_VOTE round 0: submit vote requests at term 1 for conf: {index: 0, cur=peers:[aa9634f0-8836-44d6-bc05-5b19fbdd93d5|127.0.0.1:15063, 36185c6b-22ce-45d1-a622-3a6b487a5a53|127.0.0.1:15071, 895d447a-5476-42e4-b2fa-6eb687701d46|127.0.0.1:15079]|listeners:[], old=null}
2025-10-10 10:40:47,440 [aa9634f0-8836-44d6-bc05-5b19fbdd93d5@group-813C05265458-LeaderElection341] INFO  impl.LeaderElection (LogUtils.java:infoOrTrace(142)) - aa9634f0-8836-44d6-bc05-5b19fbdd93d5@group-813C05265458-LeaderElection341 got exception when requesting votes: java.util.concurrent.ExecutionException: org.apache.ratis.thirdparty.io.grpc.StatusRuntimeException: UNAVAILABLE: io exception
2025-10-10 10:40:47,440 [aa9634f0-8836-44d6-bc05-5b19fbdd93d5@group-813C05265458-LeaderElection341] INFO  impl.LeaderElection (LogUtils.java:infoOrTrace(142)) - aa9634f0-8836-44d6-bc05-5b19fbdd93d5@group-813C05265458-LeaderElection341 got exception when requesting votes: java.util.concurrent.ExecutionException: org.apache.ratis.thirdparty.io.grpc.StatusRuntimeException: UNAVAILABLE: io exception
2025-10-10 10:40:47,440 [aa9634f0-8836-44d6-bc05-5b19fbdd93d5@group-813C05265458-LeaderElection341] INFO  impl.LeaderElection (LeaderElection.java:logAndReturn(206)) - aa9634f0-8836-44d6-bc05-5b19fbdd93d5@group-813C05265458-LeaderElection341: PRE_VOTE REJECTED received 0 response(s) and 2 exception(s):
2025-10-10 10:40:47,440 [aa9634f0-8836-44d6-bc05-5b19fbdd93d5@group-813C05265458-LeaderElection341] INFO  impl.LeaderElection (LogUtils.java:infoOrTrace(142)) -   Exception 0: java.util.concurrent.ExecutionException: org.apache.ratis.thirdparty.io.grpc.StatusRuntimeException: UNAVAILABLE: io exception
2025-10-10 10:40:47,440 [aa9634f0-8836-44d6-bc05-5b19fbdd93d5@group-813C05265458-LeaderElection341] INFO  impl.LeaderElection (LogUtils.java:infoOrTrace(142)) -   Exception 1: java.util.concurrent.ExecutionException: org.apache.ratis.thirdparty.io.grpc.StatusRuntimeException: UNAVAILABLE: io exception
2025-10-10 10:40:47,440 [aa9634f0-8836-44d6-bc05-5b19fbdd93d5@group-813C05265458-LeaderElection341] INFO  impl.LeaderElection (LeaderElection.java:askForVotes(450)) - aa9634f0-8836-44d6-bc05-5b19fbdd93d5@group-813C05265458-LeaderElection341 PRE_VOTE round 0: result REJECTED
2025-10-10 10:40:47,440 [aa9634f0-8836-44d6-bc05-5b19fbdd93d5@group-813C05265458-LeaderElection341] INFO  server.RaftServer$Division (RaftServerImpl.java:setRole(392)) - aa9634f0-8836-44d6-bc05-5b19fbdd93d5@group-813C05265458: changes role from CANDIDATE to FOLLOWER at term 1 for REJECTED
2025-10-10 10:40:47,440 [aa9634f0-8836-44d6-bc05-5b19fbdd93d5@group-813C05265458-LeaderElection341] INFO  impl.RoleInfo (RoleInfo.java:shutdownLeaderElection(141)) - aa9634f0-8836-44d6-bc05-5b19fbdd93d5: shutdown aa9634f0-8836-44d6-bc05-5b19fbdd93d5@group-813C05265458-LeaderElection341
2025-10-10 10:40:47,440 [aa9634f0-8836-44d6-bc05-5b19fbdd93d5@group-813C05265458-LeaderElection341] INFO  impl.RoleInfo (RoleInfo.java:updateAndGet(148)) - aa9634f0-8836-44d6-bc05-5b19fbdd93d5: start aa9634f0-8836-44d6-bc05-5b19fbdd93d5@group-813C05265458-FollowerState
2025-10-10 10:40:47,548 [36185c6b-22ce-45d1-a622-3a6b487a5a53@group-813C05265458-FollowerState] INFO  impl.FollowerState (FollowerState.java:runImpl(161)) - 36185c6b-22ce-45d1-a622-3a6b487a5a53@group-813C05265458-FollowerState: change to CANDIDATE, lastRpcElapsedTime:1185384128ns, electionTimeout:1185ms
2025-10-10 10:40:47,548 [36185c6b-22ce-45d1-a622-3a6b487a5a53@group-813C05265458-FollowerState] INFO  impl.RoleInfo (RoleInfo.java:shutdownFollowerState(121)) - 36185c6b-22ce-45d1-a622-3a6b487a5a53: shutdown 36185c6b-22ce-45d1-a622-3a6b487a5a53@group-813C05265458-FollowerState
2025-10-10 10:40:47,549 [36185c6b-22ce-45d1-a622-3a6b487a5a53@group-813C05265458-FollowerState] INFO  server.RaftServer$Division (RaftServerImpl.java:setRole(392)) - 36185c6b-22ce-45d1-a622-3a6b487a5a53@group-813C05265458: changes role from  FOLLOWER to CANDIDATE at term 1 for changeToCandidate
2025-10-10 10:40:47,549 [36185c6b-22ce-45d1-a622-3a6b487a5a53@group-813C05265458-FollowerState] INFO  impl.RoleInfo (RoleInfo.java:updateAndGet(148)) - 36185c6b-22ce-45d1-a622-3a6b487a5a53: start 36185c6b-22ce-45d1-a622-3a6b487a5a53@group-813C05265458-LeaderElection342
2025-10-10 10:40:47,549 [36185c6b-22ce-45d1-a622-3a6b487a5a53@group-813C05265458-LeaderElection342] INFO  impl.LeaderElection (LeaderElection.java:askForVotes(448)) - 36185c6b-22ce-45d1-a622-3a6b487a5a53@group-813C05265458-LeaderElection342 PRE_VOTE round 0: submit vote requests at term 1 for conf: {index: 0, cur=peers:[aa9634f0-8836-44d6-bc05-5b19fbdd93d5|127.0.0.1:15063, 36185c6b-22ce-45d1-a622-3a6b487a5a53|127.0.0.1:15071, 895d447a-5476-42e4-b2fa-6eb687701d46|127.0.0.1:15079]|listeners:[], old=null}
2025-10-10 10:40:47,550 [grpc-default-executor-7] INFO  server.RaftServer$Division (RaftServerImpl.java:requestVote(1421)) - 895d447a-5476-42e4-b2fa-6eb687701d46@group-813C05265458: receive requestVote(PRE_VOTE, 36185c6b-22ce-45d1-a622-3a6b487a5a53, group-813C05265458, 1, (t:1, i:0))
2025-10-10 10:40:47,550 [grpc-default-executor-8] INFO  server.RaftServer$Division (RaftServerImpl.java:requestVote(1421)) - aa9634f0-8836-44d6-bc05-5b19fbdd93d5@group-813C05265458: receive requestVote(PRE_VOTE, 36185c6b-22ce-45d1-a622-3a6b487a5a53, group-813C05265458, 1, (t:1, i:0))
2025-10-10 10:40:47,550 [grpc-default-executor-7] INFO  impl.VoteContext (VoteContext.java:log(49)) - 895d447a-5476-42e4-b2fa-6eb687701d46@group-813C05265458-FOLLOWER: accept PRE_VOTE from 36185c6b-22ce-45d1-a622-3a6b487a5a53: our priority 0 <= candidate's priority 0
2025-10-10 10:40:47,550 [grpc-default-executor-8] INFO  impl.VoteContext (VoteContext.java:log(49)) - aa9634f0-8836-44d6-bc05-5b19fbdd93d5@group-813C05265458-FOLLOWER: reject PRE_VOTE from 36185c6b-22ce-45d1-a622-3a6b487a5a53: our priority 1 > candidate's priority 0
2025-10-10 10:40:47,551 [grpc-default-executor-7] INFO  server.RaftServer$Division (RaftServerImpl.java:requestVote(1455)) - 895d447a-5476-42e4-b2fa-6eb687701d46@group-813C05265458 replies to PRE_VOTE vote request: 36185c6b-22ce-45d1-a622-3a6b487a5a53<-895d447a-5476-42e4-b2fa-6eb687701d46#0:OK-t1-last:(t:1, i:0). Peer's state: 895d447a-5476-42e4-b2fa-6eb687701d46@group-813C05265458:t1, leader=null, voted=aa9634f0-8836-44d6-bc05-5b19fbdd93d5, raftlog=Memoized:895d447a-5476-42e4-b2fa-6eb687701d46@group-813C05265458-SegmentedRaftLog:OPENED:c0:last(t:1, i:0), conf=conf: {index: 0, cur=peers:[aa9634f0-8836-44d6-bc05-5b19fbdd93d5|127.0.0.1:15063, 36185c6b-22ce-45d1-a622-3a6b487a5a53|127.0.0.1:15071, 895d447a-5476-42e4-b2fa-6eb687701d46|127.0.0.1:15079]|listeners:[], old=null}
2025-10-10 10:40:47,551 [grpc-default-executor-8] INFO  server.RaftServer$Division (RaftServerImpl.java:requestVote(1455)) - aa9634f0-8836-44d6-bc05-5b19fbdd93d5@group-813C05265458 replies to PRE_VOTE vote request: 36185c6b-22ce-45d1-a622-3a6b487a5a53<-aa9634f0-8836-44d6-bc05-5b19fbdd93d5#0:FAIL-t1-last:(t:1, i:0). Peer's state: aa9634f0-8836-44d6-bc05-5b19fbdd93d5@group-813C05265458:t1, leader=null, voted=aa9634f0-8836-44d6-bc05-5b19fbdd93d5, raftlog=Memoized:aa9634f0-8836-44d6-bc05-5b19fbdd93d5@group-813C05265458-SegmentedRaftLog:OPENED:c0:last(t:1, i:0), conf=conf: {index: 0, cur=peers:[aa9634f0-8836-44d6-bc05-5b19fbdd93d5|127.0.0.1:15063, 36185c6b-22ce-45d1-a622-3a6b487a5a53|127.0.0.1:15071, 895d447a-5476-42e4-b2fa-6eb687701d46|127.0.0.1:15079]|listeners:[], old=null}
2025-10-10 10:40:47,551 [36185c6b-22ce-45d1-a622-3a6b487a5a53@group-813C05265458-LeaderElection342] INFO  impl.LeaderElection (LeaderElection.java:logAndReturn(206)) - 36185c6b-22ce-45d1-a622-3a6b487a5a53@group-813C05265458-LeaderElection342: PRE_VOTE REJECTED received 1 response(s) and 0 exception(s):
2025-10-10 10:40:47,551 [36185c6b-22ce-45d1-a622-3a6b487a5a53@group-813C05265458-LeaderElection342] INFO  impl.LeaderElection (LeaderElection.java:logAndReturn(210)) -   Response 0: 36185c6b-22ce-45d1-a622-3a6b487a5a53<-aa9634f0-8836-44d6-bc05-5b19fbdd93d5#0:FAIL-t1-last:(t:1, i:0)
2025-10-10 10:40:47,551 [36185c6b-22ce-45d1-a622-3a6b487a5a53@group-813C05265458-LeaderElection342] INFO  impl.LeaderElection (LeaderElection.java:askForVotes(450)) - 36185c6b-22ce-45d1-a622-3a6b487a5a53@group-813C05265458-LeaderElection342 PRE_VOTE round 0: result REJECTED
2025-10-10 10:40:47,551 [36185c6b-22ce-45d1-a622-3a6b487a5a53@group-813C05265458-LeaderElection342] INFO  server.RaftServer$Division (RaftServerImpl.java:setRole(392)) - 36185c6b-22ce-45d1-a622-3a6b487a5a53@group-813C05265458: changes role from CANDIDATE to FOLLOWER at term 1 for REJECTED
2025-10-10 10:40:47,551 [36185c6b-22ce-45d1-a622-3a6b487a5a53@group-813C05265458-LeaderElection342] INFO  impl.RoleInfo (RoleInfo.java:shutdownLeaderElection(141)) - 36185c6b-22ce-45d1-a622-3a6b487a5a53: shutdown 36185c6b-22ce-45d1-a622-3a6b487a5a53@group-813C05265458-LeaderElection342
2025-10-10 10:40:47,551 [36185c6b-22ce-45d1-a622-3a6b487a5a53@group-813C05265458-LeaderElection342] INFO  impl.RoleInfo (RoleInfo.java:updateAndGet(148)) - 36185c6b-22ce-45d1-a622-3a6b487a5a53: start 36185c6b-22ce-45d1-a622-3a6b487a5a53@group-813C05265458-FollowerState
2025-10-10 10:40:47,827 [grpc-default-executor-8] ERROR impl.OrderedAsync (OrderedAsync.java:lambda$null$6(215)) -  client-527EF30E8D9C: Failed* RaftClientRequest:client-527EF30E8D9C->895d447a-5476-42e4-b2fa-6eb687701d46@group-813C05265458, cid=78, seq=1*, Watch(0), null
java.util.concurrent.CompletionException: org.apache.ratis.protocol.exceptions.NotLeaderException: Server 895d447a-5476-42e4-b2fa-6eb687701d46@group-813C05265458 is not the leader
	at java.base/java.util.concurrent.CompletableFuture.encodeThrowable(CompletableFuture.java:332)
	at java.base/java.util.concurrent.CompletableFuture.completeThrowable(CompletableFuture.java:347)
	at java.base/java.util.concurrent.CompletableFuture$UniAccept.tryFire(CompletableFuture.java:708)
	at java.base/java.util.concurrent.CompletableFuture.postComplete(CompletableFuture.java:510)
	at java.base/java.util.concurrent.CompletableFuture.completeExceptionally(CompletableFuture.java:2194)
	at org.apache.ratis.grpc.client.GrpcClientProtocolClient$AsyncStreamObservers.completeReplyExceptionally(GrpcClientProtocolClient.java:397)
	at org.apache.ratis.grpc.client.GrpcClientProtocolClient$AsyncStreamObservers.access$000(GrpcClientProtocolClient.java:303)
	at org.apache.ratis.grpc.client.GrpcClientProtocolClient$AsyncStreamObservers$1.onNext(GrpcClientProtocolClient.java:317)
	at org.apache.ratis.grpc.client.GrpcClientProtocolClient$AsyncStreamObservers$1.onNext(GrpcClientProtocolClient.java:308)
	at org.apache.ratis.thirdparty.io.grpc.stub.ClientCalls$StreamObserverToCallListenerAdapter.onMessage(ClientCalls.java:551)
	at org.apache.ratis.thirdparty.io.grpc.ForwardingClientCallListener.onMessage(ForwardingClientCallListener.java:33)
	at org.apache.ratis.thirdparty.io.grpc.internal.ClientCallImpl$ClientStreamListenerImpl$1MessagesAvailable.runInternal(ClientCallImpl.java:661)
	at org.apache.ratis.thirdparty.io.grpc.internal.ClientCallImpl$ClientStreamListenerImpl$1MessagesAvailable.runInContext(ClientCallImpl.java:648)
	at org.apache.ratis.thirdparty.io.grpc.internal.ContextRunnable.run(ContextRunnable.java:37)
	at org.apache.ratis.thirdparty.io.grpc.internal.SerializingExecutor.run(SerializingExecutor.java:133)
	at java.base/java.util.concurrent.ThreadPoolExecutor.runWorker(ThreadPoolExecutor.java:1144)
	at java.base/java.util.concurrent.ThreadPoolExecutor$Worker.run(ThreadPoolExecutor.java:642)
	at java.base/java.lang.Thread.run(Thread.java:1583)
Caused by: org.apache.ratis.protocol.exceptions.NotLeaderException: Server 895d447a-5476-42e4-b2fa-6eb687701d46@group-813C05265458 is not the leader
	at org.apache.ratis.client.impl.ClientProtoUtils.toRaftClientReply(ClientProtoUtils.java:402)
	at org.apache.ratis.grpc.client.GrpcClientProtocolClient$AsyncStreamObservers$1.onNext(GrpcClientProtocolClient.java:313)
	... 10 more
2025-10-10 10:40:48,476 [aa9634f0-8836-44d6-bc05-5b19fbdd93d5@group-813C05265458-FollowerState] INFO  impl.FollowerState (FollowerState.java:runImpl(161)) - aa9634f0-8836-44d6-bc05-5b19fbdd93d5@group-813C05265458-FollowerState: change to CANDIDATE, lastRpcElapsedTime:1036250577ns, electionTimeout:1036ms
2025-10-10 10:40:48,476 [aa9634f0-8836-44d6-bc05-5b19fbdd93d5@group-813C05265458-FollowerState] INFO  impl.RoleInfo (RoleInfo.java:shutdownFollowerState(121)) - aa9634f0-8836-44d6-bc05-5b19fbdd93d5: shutdown aa9634f0-8836-44d6-bc05-5b19fbdd93d5@group-813C05265458-FollowerState
2025-10-10 10:40:48,476 [aa9634f0-8836-44d6-bc05-5b19fbdd93d5@group-813C05265458-FollowerState] INFO  server.RaftServer$Division (RaftServerImpl.java:setRole(392)) - aa9634f0-8836-44d6-bc05-5b19fbdd93d5@group-813C05265458: changes role from  FOLLOWER to CANDIDATE at term 1 for changeToCandidate
2025-10-10 10:40:48,477 [aa9634f0-8836-44d6-bc05-5b19fbdd93d5@group-813C05265458-FollowerState] INFO  impl.RoleInfo (RoleInfo.java:updateAndGet(148)) - aa9634f0-8836-44d6-bc05-5b19fbdd93d5: start aa9634f0-8836-44d6-bc05-5b19fbdd93d5@group-813C05265458-LeaderElection343
2025-10-10 10:40:48,477 [aa9634f0-8836-44d6-bc05-5b19fbdd93d5@group-813C05265458-LeaderElection343] INFO  impl.LeaderElection (LeaderElection.java:askForVotes(448)) - aa9634f0-8836-44d6-bc05-5b19fbdd93d5@group-813C05265458-LeaderElection343 PRE_VOTE round 0: submit vote requests at term 1 for conf: {index: 0, cur=peers:[aa9634f0-8836-44d6-bc05-5b19fbdd93d5|127.0.0.1:15063, 36185c6b-22ce-45d1-a622-3a6b487a5a53|127.0.0.1:15071, 895d447a-5476-42e4-b2fa-6eb687701d46|127.0.0.1:15079]|listeners:[], old=null}
2025-10-10 10:40:48,477 [aa9634f0-8836-44d6-bc05-5b19fbdd93d5@group-813C05265458-LeaderElection343] INFO  impl.LeaderElection (LogUtils.java:infoOrTrace(142)) - aa9634f0-8836-44d6-bc05-5b19fbdd93d5@group-813C05265458-LeaderElection343 got exception when requesting votes: java.util.concurrent.ExecutionException: org.apache.ratis.thirdparty.io.grpc.StatusRuntimeException: UNAVAILABLE: io exception
2025-10-10 10:40:48,477 [aa9634f0-8836-44d6-bc05-5b19fbdd93d5@group-813C05265458-LeaderElection343] INFO  impl.LeaderElection (LogUtils.java:infoOrTrace(142)) - aa9634f0-8836-44d6-bc05-5b19fbdd93d5@group-813C05265458-LeaderElection343 got exception when requesting votes: java.util.concurrent.ExecutionException: org.apache.ratis.thirdparty.io.grpc.StatusRuntimeException: UNAVAILABLE: io exception
2025-10-10 10:40:48,477 [aa9634f0-8836-44d6-bc05-5b19fbdd93d5@group-813C05265458-LeaderElection343] INFO  impl.LeaderElection (LeaderElection.java:logAndReturn(206)) - aa9634f0-8836-44d6-bc05-5b19fbdd93d5@group-813C05265458-LeaderElection343: PRE_VOTE REJECTED received 0 response(s) and 2 exception(s):
2025-10-10 10:40:48,477 [aa9634f0-8836-44d6-bc05-5b19fbdd93d5@group-813C05265458-LeaderElection343] INFO  impl.LeaderElection (LogUtils.java:infoOrTrace(142)) -   Exception 0: java.util.concurrent.ExecutionException: org.apache.ratis.thirdparty.io.grpc.StatusRuntimeException: UNAVAILABLE: io exception
2025-10-10 10:40:48,477 [aa9634f0-8836-44d6-bc05-5b19fbdd93d5@group-813C05265458-LeaderElection343] INFO  impl.LeaderElection (LogUtils.java:infoOrTrace(142)) -   Exception 1: java.util.concurrent.ExecutionException: org.apache.ratis.thirdparty.io.grpc.StatusRuntimeException: UNAVAILABLE: io exception
2025-10-10 10:40:48,478 [aa9634f0-8836-44d6-bc05-5b19fbdd93d5@group-813C05265458-LeaderElection343] INFO  impl.LeaderElection (LeaderElection.java:askForVotes(450)) - aa9634f0-8836-44d6-bc05-5b19fbdd93d5@group-813C05265458-LeaderElection343 PRE_VOTE round 0: result REJECTED
2025-10-10 10:40:48,478 [aa9634f0-8836-44d6-bc05-5b19fbdd93d5@group-813C05265458-LeaderElection343] INFO  server.RaftServer$Division (RaftServerImpl.java:setRole(392)) - aa9634f0-8836-44d6-bc05-5b19fbdd93d5@group-813C05265458: changes role from CANDIDATE to FOLLOWER at term 1 for REJECTED
2025-10-10 10:40:48,478 [aa9634f0-8836-44d6-bc05-5b19fbdd93d5@group-813C05265458-LeaderElection343] INFO  impl.RoleInfo (RoleInfo.java:shutdownLeaderElection(141)) - aa9634f0-8836-44d6-bc05-5b19fbdd93d5: shutdown aa9634f0-8836-44d6-bc05-5b19fbdd93d5@group-813C05265458-LeaderElection343
2025-10-10 10:40:48,478 [aa9634f0-8836-44d6-bc05-5b19fbdd93d5@group-813C05265458-LeaderElection343] INFO  impl.RoleInfo (RoleInfo.java:updateAndGet(148)) - aa9634f0-8836-44d6-bc05-5b19fbdd93d5: start aa9634f0-8836-44d6-bc05-5b19fbdd93d5@group-813C05265458-FollowerState
2025-10-10 10:40:48,592 [36185c6b-22ce-45d1-a622-3a6b487a5a53@group-813C05265458-FollowerState] INFO  impl.FollowerState (FollowerState.java:runImpl(161)) - 36185c6b-22ce-45d1-a622-3a6b487a5a53@group-813C05265458-FollowerState: change to CANDIDATE, lastRpcElapsedTime:1040363683ns, electionTimeout:1040ms
2025-10-10 10:40:48,592 [36185c6b-22ce-45d1-a622-3a6b487a5a53@group-813C05265458-FollowerState] INFO  impl.RoleInfo (RoleInfo.java:shutdownFollowerState(121)) - 36185c6b-22ce-45d1-a622-3a6b487a5a53: shutdown 36185c6b-22ce-45d1-a622-3a6b487a5a53@group-813C05265458-FollowerState
2025-10-10 10:40:48,592 [36185c6b-22ce-45d1-a622-3a6b487a5a53@group-813C05265458-FollowerState] INFO  server.RaftServer$Division (RaftServerImpl.java:setRole(392)) - 36185c6b-22ce-45d1-a622-3a6b487a5a53@group-813C05265458: changes role from  FOLLOWER to CANDIDATE at term 1 for changeToCandidate
2025-10-10 10:40:48,592 [36185c6b-22ce-45d1-a622-3a6b487a5a53@group-813C05265458-FollowerState] INFO  impl.RoleInfo (RoleInfo.java:updateAndGet(148)) - 36185c6b-22ce-45d1-a622-3a6b487a5a53: start 36185c6b-22ce-45d1-a622-3a6b487a5a53@group-813C05265458-LeaderElection344
2025-10-10 10:40:48,592 [36185c6b-22ce-45d1-a622-3a6b487a5a53@group-813C05265458-LeaderElection344] INFO  impl.LeaderElection (LeaderElection.java:askForVotes(448)) - 36185c6b-22ce-45d1-a622-3a6b487a5a53@group-813C05265458-LeaderElection344 PRE_VOTE round 0: submit vote requests at term 1 for conf: {index: 0, cur=peers:[aa9634f0-8836-44d6-bc05-5b19fbdd93d5|127.0.0.1:15063, 36185c6b-22ce-45d1-a622-3a6b487a5a53|127.0.0.1:15071, 895d447a-5476-42e4-b2fa-6eb687701d46|127.0.0.1:15079]|listeners:[], old=null}
2025-10-10 10:40:48,593 [grpc-default-executor-7] INFO  server.RaftServer$Division (RaftServerImpl.java:requestVote(1421)) - 895d447a-5476-42e4-b2fa-6eb687701d46@group-813C05265458: receive requestVote(PRE_VOTE, 36185c6b-22ce-45d1-a622-3a6b487a5a53, group-813C05265458, 1, (t:1, i:0))
2025-10-10 10:40:48,593 [grpc-default-executor-8] INFO  server.RaftServer$Division (RaftServerImpl.java:requestVote(1421)) - aa9634f0-8836-44d6-bc05-5b19fbdd93d5@group-813C05265458: receive requestVote(PRE_VOTE, 36185c6b-22ce-45d1-a622-3a6b487a5a53, group-813C05265458, 1, (t:1, i:0))
2025-10-10 10:40:48,594 [grpc-default-executor-7] INFO  impl.VoteContext (VoteContext.java:log(49)) - 895d447a-5476-42e4-b2fa-6eb687701d46@group-813C05265458-FOLLOWER: accept PRE_VOTE from 36185c6b-22ce-45d1-a622-3a6b487a5a53: our priority 0 <= candidate's priority 0
2025-10-10 10:40:48,594 [grpc-default-executor-8] INFO  impl.VoteContext (VoteContext.java:log(49)) - aa9634f0-8836-44d6-bc05-5b19fbdd93d5@group-813C05265458-FOLLOWER: reject PRE_VOTE from 36185c6b-22ce-45d1-a622-3a6b487a5a53: our priority 1 > candidate's priority 0
2025-10-10 10:40:48,594 [grpc-default-executor-7] INFO  server.RaftServer$Division (RaftServerImpl.java:requestVote(1455)) - 895d447a-5476-42e4-b2fa-6eb687701d46@group-813C05265458 replies to PRE_VOTE vote request: 36185c6b-22ce-45d1-a622-3a6b487a5a53<-895d447a-5476-42e4-b2fa-6eb687701d46#0:OK-t1-last:(t:1, i:0). Peer's state: 895d447a-5476-42e4-b2fa-6eb687701d46@group-813C05265458:t1, leader=null, voted=aa9634f0-8836-44d6-bc05-5b19fbdd93d5, raftlog=Memoized:895d447a-5476-42e4-b2fa-6eb687701d46@group-813C05265458-SegmentedRaftLog:OPENED:c0:last(t:1, i:0), conf=conf: {index: 0, cur=peers:[aa9634f0-8836-44d6-bc05-5b19fbdd93d5|127.0.0.1:15063, 36185c6b-22ce-45d1-a622-3a6b487a5a53|127.0.0.1:15071, 895d447a-5476-42e4-b2fa-6eb687701d46|127.0.0.1:15079]|listeners:[], old=null}
2025-10-10 10:40:48,594 [grpc-default-executor-8] INFO  server.RaftServer$Division (RaftServerImpl.java:requestVote(1455)) - aa9634f0-8836-44d6-bc05-5b19fbdd93d5@group-813C05265458 replies to PRE_VOTE vote request: 36185c6b-22ce-45d1-a622-3a6b487a5a53<-aa9634f0-8836-44d6-bc05-5b19fbdd93d5#0:FAIL-t1-last:(t:1, i:0). Peer's state: aa9634f0-8836-44d6-bc05-5b19fbdd93d5@group-813C05265458:t1, leader=null, voted=aa9634f0-8836-44d6-bc05-5b19fbdd93d5, raftlog=Memoized:aa9634f0-8836-44d6-bc05-5b19fbdd93d5@group-813C05265458-SegmentedRaftLog:OPENED:c0:last(t:1, i:0), conf=conf: {index: 0, cur=peers:[aa9634f0-8836-44d6-bc05-5b19fbdd93d5|127.0.0.1:15063, 36185c6b-22ce-45d1-a622-3a6b487a5a53|127.0.0.1:15071, 895d447a-5476-42e4-b2fa-6eb687701d46|127.0.0.1:15079]|listeners:[], old=null}
2025-10-10 10:40:48,594 [36185c6b-22ce-45d1-a622-3a6b487a5a53@group-813C05265458-LeaderElection344] INFO  impl.LeaderElection (LeaderElection.java:logAndReturn(206)) - 36185c6b-22ce-45d1-a622-3a6b487a5a53@group-813C05265458-LeaderElection344: PRE_VOTE REJECTED received 2 response(s) and 0 exception(s):
2025-10-10 10:40:48,594 [36185c6b-22ce-45d1-a622-3a6b487a5a53@group-813C05265458-LeaderElection344] INFO  impl.LeaderElection (LeaderElection.java:logAndReturn(210)) -   Response 0: 36185c6b-22ce-45d1-a622-3a6b487a5a53<-aa9634f0-8836-44d6-bc05-5b19fbdd93d5#0:FAIL-t1-last:(t:1, i:0)
2025-10-10 10:40:48,594 [36185c6b-22ce-45d1-a622-3a6b487a5a53@group-813C05265458-LeaderElection344] INFO  impl.LeaderElection (LeaderElection.java:logAndReturn(210)) -   Response 1: 36185c6b-22ce-45d1-a622-3a6b487a5a53<-895d447a-5476-42e4-b2fa-6eb687701d46#0:OK-t1-last:(t:1, i:0)
2025-10-10 10:40:48,595 [36185c6b-22ce-45d1-a622-3a6b487a5a53@group-813C05265458-LeaderElection344] INFO  impl.LeaderElection (LeaderElection.java:askForVotes(450)) - 36185c6b-22ce-45d1-a622-3a6b487a5a53@group-813C05265458-LeaderElection344 PRE_VOTE round 0: result REJECTED
2025-10-10 10:40:48,595 [36185c6b-22ce-45d1-a622-3a6b487a5a53@group-813C05265458-LeaderElection344] INFO  server.RaftServer$Division (RaftServerImpl.java:setRole(392)) - 36185c6b-22ce-45d1-a622-3a6b487a5a53@group-813C05265458: changes role from CANDIDATE to FOLLOWER at term 1 for REJECTED
2025-10-10 10:40:48,595 [36185c6b-22ce-45d1-a622-3a6b487a5a53@group-813C05265458-LeaderElection344] INFO  impl.RoleInfo (RoleInfo.java:shutdownLeaderElection(141)) - 36185c6b-22ce-45d1-a622-3a6b487a5a53: shutdown 36185c6b-22ce-45d1-a622-3a6b487a5a53@group-813C05265458-LeaderElection344
2025-10-10 10:40:48,595 [36185c6b-22ce-45d1-a622-3a6b487a5a53@group-813C05265458-LeaderElection344] INFO  impl.RoleInfo (RoleInfo.java:updateAndGet(148)) - 36185c6b-22ce-45d1-a622-3a6b487a5a53: start 36185c6b-22ce-45d1-a622-3a6b487a5a53@group-813C05265458-FollowerState
2025-10-10 10:40:49,540 [aa9634f0-8836-44d6-bc05-5b19fbdd93d5@group-813C05265458-FollowerState] INFO  impl.FollowerState (FollowerState.java:runImpl(161)) - aa9634f0-8836-44d6-bc05-5b19fbdd93d5@group-813C05265458-FollowerState: change to CANDIDATE, lastRpcElapsedTime:1062231668ns, electionTimeout:1062ms
2025-10-10 10:40:49,540 [aa9634f0-8836-44d6-bc05-5b19fbdd93d5@group-813C05265458-FollowerState] INFO  impl.RoleInfo (RoleInfo.java:shutdownFollowerState(121)) - aa9634f0-8836-44d6-bc05-5b19fbdd93d5: shutdown aa9634f0-8836-44d6-bc05-5b19fbdd93d5@group-813C05265458-FollowerState
2025-10-10 10:40:49,540 [aa9634f0-8836-44d6-bc05-5b19fbdd93d5@group-813C05265458-FollowerState] INFO  server.RaftServer$Division (RaftServerImpl.java:setRole(392)) - aa9634f0-8836-44d6-bc05-5b19fbdd93d5@group-813C05265458: changes role from  FOLLOWER to CANDIDATE at term 1 for changeToCandidate
2025-10-10 10:40:49,541 [aa9634f0-8836-44d6-bc05-5b19fbdd93d5@group-813C05265458-FollowerState] INFO  impl.RoleInfo (RoleInfo.java:updateAndGet(148)) - aa9634f0-8836-44d6-bc05-5b19fbdd93d5: start aa9634f0-8836-44d6-bc05-5b19fbdd93d5@group-813C05265458-LeaderElection345
2025-10-10 10:40:49,541 [aa9634f0-8836-44d6-bc05-5b19fbdd93d5@group-813C05265458-LeaderElection345] INFO  impl.LeaderElection (LeaderElection.java:askForVotes(448)) - aa9634f0-8836-44d6-bc05-5b19fbdd93d5@group-813C05265458-LeaderElection345 PRE_VOTE round 0: submit vote requests at term 1 for conf: {index: 0, cur=peers:[aa9634f0-8836-44d6-bc05-5b19fbdd93d5|127.0.0.1:15063, 36185c6b-22ce-45d1-a622-3a6b487a5a53|127.0.0.1:15071, 895d447a-5476-42e4-b2fa-6eb687701d46|127.0.0.1:15079]|listeners:[], old=null}
2025-10-10 10:40:49,542 [aa9634f0-8836-44d6-bc05-5b19fbdd93d5@group-813C05265458-LeaderElection345] INFO  impl.LeaderElection (LogUtils.java:infoOrTrace(142)) - aa9634f0-8836-44d6-bc05-5b19fbdd93d5@group-813C05265458-LeaderElection345 got exception when requesting votes: java.util.concurrent.ExecutionException: org.apache.ratis.thirdparty.io.grpc.StatusRuntimeException: UNAVAILABLE: io exception
2025-10-10 10:40:49,542 [aa9634f0-8836-44d6-bc05-5b19fbdd93d5@group-813C05265458-LeaderElection345] INFO  impl.LeaderElection (LogUtils.java:infoOrTrace(142)) - aa9634f0-8836-44d6-bc05-5b19fbdd93d5@group-813C05265458-LeaderElection345 got exception when requesting votes: java.util.concurrent.ExecutionException: org.apache.ratis.thirdparty.io.grpc.StatusRuntimeException: UNAVAILABLE: io exception
2025-10-10 10:40:49,542 [aa9634f0-8836-44d6-bc05-5b19fbdd93d5@group-813C05265458-LeaderElection345] INFO  impl.LeaderElection (LeaderElection.java:logAndReturn(206)) - aa9634f0-8836-44d6-bc05-5b19fbdd93d5@group-813C05265458-LeaderElection345: PRE_VOTE REJECTED received 0 response(s) and 2 exception(s):
2025-10-10 10:40:49,542 [aa9634f0-8836-44d6-bc05-5b19fbdd93d5@group-813C05265458-LeaderElection345] INFO  impl.LeaderElection (LogUtils.java:infoOrTrace(142)) -   Exception 0: java.util.concurrent.ExecutionException: org.apache.ratis.thirdparty.io.grpc.StatusRuntimeException: UNAVAILABLE: io exception
2025-10-10 10:40:49,542 [aa9634f0-8836-44d6-bc05-5b19fbdd93d5@group-813C05265458-LeaderElection345] INFO  impl.LeaderElection (LogUtils.java:infoOrTrace(142)) -   Exception 1: java.util.concurrent.ExecutionException: org.apache.ratis.thirdparty.io.grpc.StatusRuntimeException: UNAVAILABLE: io exception
2025-10-10 10:40:49,542 [aa9634f0-8836-44d6-bc05-5b19fbdd93d5@group-813C05265458-LeaderElection345] INFO  impl.LeaderElection (LeaderElection.java:askForVotes(450)) - aa9634f0-8836-44d6-bc05-5b19fbdd93d5@group-813C05265458-LeaderElection345 PRE_VOTE round 0: result REJECTED
2025-10-10 10:40:49,542 [aa9634f0-8836-44d6-bc05-5b19fbdd93d5@group-813C05265458-LeaderElection345] INFO  server.RaftServer$Division (RaftServerImpl.java:setRole(392)) - aa9634f0-8836-44d6-bc05-5b19fbdd93d5@group-813C05265458: changes role from CANDIDATE to FOLLOWER at term 1 for REJECTED
2025-10-10 10:40:49,542 [aa9634f0-8836-44d6-bc05-5b19fbdd93d5@group-813C05265458-LeaderElection345] INFO  impl.RoleInfo (RoleInfo.java:shutdownLeaderElection(141)) - aa9634f0-8836-44d6-bc05-5b19fbdd93d5: shutdown aa9634f0-8836-44d6-bc05-5b19fbdd93d5@group-813C05265458-LeaderElection345
2025-10-10 10:40:49,542 [aa9634f0-8836-44d6-bc05-5b19fbdd93d5@group-813C05265458-LeaderElection345] INFO  impl.RoleInfo (RoleInfo.java:updateAndGet(148)) - aa9634f0-8836-44d6-bc05-5b19fbdd93d5: start aa9634f0-8836-44d6-bc05-5b19fbdd93d5@group-813C05265458-FollowerState
2025-10-10 10:40:49,663 [36185c6b-22ce-45d1-a622-3a6b487a5a53@group-813C05265458-FollowerState] INFO  impl.FollowerState (FollowerState.java:runImpl(161)) - 36185c6b-22ce-45d1-a622-3a6b487a5a53@group-813C05265458-FollowerState: change to CANDIDATE, lastRpcElapsedTime:1068395819ns, electionTimeout:1068ms
2025-10-10 10:40:49,663 [36185c6b-22ce-45d1-a622-3a6b487a5a53@group-813C05265458-FollowerState] INFO  impl.RoleInfo (RoleInfo.java:shutdownFollowerState(121)) - 36185c6b-22ce-45d1-a622-3a6b487a5a53: shutdown 36185c6b-22ce-45d1-a622-3a6b487a5a53@group-813C05265458-FollowerState
2025-10-10 10:40:49,664 [36185c6b-22ce-45d1-a622-3a6b487a5a53@group-813C05265458-FollowerState] INFO  server.RaftServer$Division (RaftServerImpl.java:setRole(392)) - 36185c6b-22ce-45d1-a622-3a6b487a5a53@group-813C05265458: changes role from  FOLLOWER to CANDIDATE at term 1 for changeToCandidate
2025-10-10 10:40:49,664 [36185c6b-22ce-45d1-a622-3a6b487a5a53@group-813C05265458-FollowerState] INFO  impl.RoleInfo (RoleInfo.java:updateAndGet(148)) - 36185c6b-22ce-45d1-a622-3a6b487a5a53: start 36185c6b-22ce-45d1-a622-3a6b487a5a53@group-813C05265458-LeaderElection346
2025-10-10 10:40:49,664 [36185c6b-22ce-45d1-a622-3a6b487a5a53@group-813C05265458-LeaderElection346] INFO  impl.LeaderElection (LeaderElection.java:askForVotes(448)) - 36185c6b-22ce-45d1-a622-3a6b487a5a53@group-813C05265458-LeaderElection346 PRE_VOTE round 0: submit vote requests at term 1 for conf: {index: 0, cur=peers:[aa9634f0-8836-44d6-bc05-5b19fbdd93d5|127.0.0.1:15063, 36185c6b-22ce-45d1-a622-3a6b487a5a53|127.0.0.1:15071, 895d447a-5476-42e4-b2fa-6eb687701d46|127.0.0.1:15079]|listeners:[], old=null}
2025-10-10 10:40:49,665 [grpc-default-executor-7] INFO  server.RaftServer$Division (RaftServerImpl.java:requestVote(1421)) - aa9634f0-8836-44d6-bc05-5b19fbdd93d5@group-813C05265458: receive requestVote(PRE_VOTE, 36185c6b-22ce-45d1-a622-3a6b487a5a53, group-813C05265458, 1, (t:1, i:0))
2025-10-10 10:40:49,665 [grpc-default-executor-8] INFO  server.RaftServer$Division (RaftServerImpl.java:requestVote(1421)) - 895d447a-5476-42e4-b2fa-6eb687701d46@group-813C05265458: receive requestVote(PRE_VOTE, 36185c6b-22ce-45d1-a622-3a6b487a5a53, group-813C05265458, 1, (t:1, i:0))
2025-10-10 10:40:49,665 [grpc-default-executor-7] INFO  impl.VoteContext (VoteContext.java:log(49)) - aa9634f0-8836-44d6-bc05-5b19fbdd93d5@group-813C05265458-FOLLOWER: reject PRE_VOTE from 36185c6b-22ce-45d1-a622-3a6b487a5a53: our priority 1 > candidate's priority 0
2025-10-10 10:40:49,665 [grpc-default-executor-8] INFO  impl.VoteContext (VoteContext.java:log(49)) - 895d447a-5476-42e4-b2fa-6eb687701d46@group-813C05265458-FOLLOWER: accept PRE_VOTE from 36185c6b-22ce-45d1-a622-3a6b487a5a53: our priority 0 <= candidate's priority 0
2025-10-10 10:40:49,665 [grpc-default-executor-7] INFO  server.RaftServer$Division (RaftServerImpl.java:requestVote(1455)) - aa9634f0-8836-44d6-bc05-5b19fbdd93d5@group-813C05265458 replies to PRE_VOTE vote request: 36185c6b-22ce-45d1-a622-3a6b487a5a53<-aa9634f0-8836-44d6-bc05-5b19fbdd93d5#0:FAIL-t1-last:(t:1, i:0). Peer's state: aa9634f0-8836-44d6-bc05-5b19fbdd93d5@group-813C05265458:t1, leader=null, voted=aa9634f0-8836-44d6-bc05-5b19fbdd93d5, raftlog=Memoized:aa9634f0-8836-44d6-bc05-5b19fbdd93d5@group-813C05265458-SegmentedRaftLog:OPENED:c0:last(t:1, i:0), conf=conf: {index: 0, cur=peers:[aa9634f0-8836-44d6-bc05-5b19fbdd93d5|127.0.0.1:15063, 36185c6b-22ce-45d1-a622-3a6b487a5a53|127.0.0.1:15071, 895d447a-5476-42e4-b2fa-6eb687701d46|127.0.0.1:15079]|listeners:[], old=null}
2025-10-10 10:40:49,665 [grpc-default-executor-8] INFO  server.RaftServer$Division (RaftServerImpl.java:requestVote(1455)) - 895d447a-5476-42e4-b2fa-6eb687701d46@group-813C05265458 replies to PRE_VOTE vote request: 36185c6b-22ce-45d1-a622-3a6b487a5a53<-895d447a-5476-42e4-b2fa-6eb687701d46#0:OK-t1-last:(t:1, i:0). Peer's state: 895d447a-5476-42e4-b2fa-6eb687701d46@group-813C05265458:t1, leader=null, voted=aa9634f0-8836-44d6-bc05-5b19fbdd93d5, raftlog=Memoized:895d447a-5476-42e4-b2fa-6eb687701d46@group-813C05265458-SegmentedRaftLog:OPENED:c0:last(t:1, i:0), conf=conf: {index: 0, cur=peers:[aa9634f0-8836-44d6-bc05-5b19fbdd93d5|127.0.0.1:15063, 36185c6b-22ce-45d1-a622-3a6b487a5a53|127.0.0.1:15071, 895d447a-5476-42e4-b2fa-6eb687701d46|127.0.0.1:15079]|listeners:[], old=null}
2025-10-10 10:40:49,666 [36185c6b-22ce-45d1-a622-3a6b487a5a53@group-813C05265458-LeaderElection346] INFO  impl.LeaderElection (LeaderElection.java:logAndReturn(206)) - 36185c6b-22ce-45d1-a622-3a6b487a5a53@group-813C05265458-LeaderElection346: PRE_VOTE REJECTED received 2 response(s) and 0 exception(s):
2025-10-10 10:40:49,666 [36185c6b-22ce-45d1-a622-3a6b487a5a53@group-813C05265458-LeaderElection346] INFO  impl.LeaderElection (LeaderElection.java:logAndReturn(210)) -   Response 0: 36185c6b-22ce-45d1-a622-3a6b487a5a53<-aa9634f0-8836-44d6-bc05-5b19fbdd93d5#0:FAIL-t1-last:(t:1, i:0)
2025-10-10 10:40:49,666 [36185c6b-22ce-45d1-a622-3a6b487a5a53@group-813C05265458-LeaderElection346] INFO  impl.LeaderElection (LeaderElection.java:logAndReturn(210)) -   Response 1: 36185c6b-22ce-45d1-a622-3a6b487a5a53<-895d447a-5476-42e4-b2fa-6eb687701d46#0:OK-t1-last:(t:1, i:0)
2025-10-10 10:40:49,666 [36185c6b-22ce-45d1-a622-3a6b487a5a53@group-813C05265458-LeaderElection346] INFO  impl.LeaderElection (LeaderElection.java:askForVotes(450)) - 36185c6b-22ce-45d1-a622-3a6b487a5a53@group-813C05265458-LeaderElection346 PRE_VOTE round 0: result REJECTED
2025-10-10 10:40:49,666 [36185c6b-22ce-45d1-a622-3a6b487a5a53@group-813C05265458-LeaderElection346] INFO  server.RaftServer$Division (RaftServerImpl.java:setRole(392)) - 36185c6b-22ce-45d1-a622-3a6b487a5a53@group-813C05265458: changes role from CANDIDATE to FOLLOWER at term 1 for REJECTED
2025-10-10 10:40:49,666 [36185c6b-22ce-45d1-a622-3a6b487a5a53@group-813C05265458-LeaderElection346] INFO  impl.RoleInfo (RoleInfo.java:shutdownLeaderElection(141)) - 36185c6b-22ce-45d1-a622-3a6b487a5a53: shutdown 36185c6b-22ce-45d1-a622-3a6b487a5a53@group-813C05265458-LeaderElection346
2025-10-10 10:40:49,666 [36185c6b-22ce-45d1-a622-3a6b487a5a53@group-813C05265458-LeaderElection346] INFO  impl.RoleInfo (RoleInfo.java:updateAndGet(148)) - 36185c6b-22ce-45d1-a622-3a6b487a5a53: start 36185c6b-22ce-45d1-a622-3a6b487a5a53@group-813C05265458-FollowerState
2025-10-10 10:40:50,614 [aa9634f0-8836-44d6-bc05-5b19fbdd93d5@group-813C05265458-FollowerState] INFO  impl.FollowerState (FollowerState.java:runImpl(161)) - aa9634f0-8836-44d6-bc05-5b19fbdd93d5@group-813C05265458-FollowerState: change to CANDIDATE, lastRpcElapsedTime:1071417982ns, electionTimeout:1071ms
2025-10-10 10:40:50,614 [aa9634f0-8836-44d6-bc05-5b19fbdd93d5@group-813C05265458-FollowerState] INFO  impl.RoleInfo (RoleInfo.java:shutdownFollowerState(121)) - aa9634f0-8836-44d6-bc05-5b19fbdd93d5: shutdown aa9634f0-8836-44d6-bc05-5b19fbdd93d5@group-813C05265458-FollowerState
2025-10-10 10:40:50,614 [aa9634f0-8836-44d6-bc05-5b19fbdd93d5@group-813C05265458-FollowerState] INFO  server.RaftServer$Division (RaftServerImpl.java:setRole(392)) - aa9634f0-8836-44d6-bc05-5b19fbdd93d5@group-813C05265458: changes role from  FOLLOWER to CANDIDATE at term 1 for changeToCandidate
2025-10-10 10:40:50,614 [aa9634f0-8836-44d6-bc05-5b19fbdd93d5@group-813C05265458-FollowerState] INFO  impl.RoleInfo (RoleInfo.java:updateAndGet(148)) - aa9634f0-8836-44d6-bc05-5b19fbdd93d5: start aa9634f0-8836-44d6-bc05-5b19fbdd93d5@group-813C05265458-LeaderElection347
2025-10-10 10:40:50,614 [aa9634f0-8836-44d6-bc05-5b19fbdd93d5@group-813C05265458-LeaderElection347] INFO  impl.LeaderElection (LeaderElection.java:askForVotes(448)) - aa9634f0-8836-44d6-bc05-5b19fbdd93d5@group-813C05265458-LeaderElection347 PRE_VOTE round 0: submit vote requests at term 1 for conf: {index: 0, cur=peers:[aa9634f0-8836-44d6-bc05-5b19fbdd93d5|127.0.0.1:15063, 36185c6b-22ce-45d1-a622-3a6b487a5a53|127.0.0.1:15071, 895d447a-5476-42e4-b2fa-6eb687701d46|127.0.0.1:15079]|listeners:[], old=null}
2025-10-10 10:40:50,615 [aa9634f0-8836-44d6-bc05-5b19fbdd93d5@group-813C05265458-LeaderElection347] INFO  impl.LeaderElection (LogUtils.java:infoOrTrace(142)) - aa9634f0-8836-44d6-bc05-5b19fbdd93d5@group-813C05265458-LeaderElection347 got exception when requesting votes: java.util.concurrent.ExecutionException: org.apache.ratis.thirdparty.io.grpc.StatusRuntimeException: UNAVAILABLE: io exception
2025-10-10 10:40:50,615 [aa9634f0-8836-44d6-bc05-5b19fbdd93d5@group-813C05265458-LeaderElection347] INFO  impl.LeaderElection (LogUtils.java:infoOrTrace(142)) - aa9634f0-8836-44d6-bc05-5b19fbdd93d5@group-813C05265458-LeaderElection347 got exception when requesting votes: java.util.concurrent.ExecutionException: org.apache.ratis.thirdparty.io.grpc.StatusRuntimeException: UNAVAILABLE: io exception
2025-10-10 10:40:50,615 [aa9634f0-8836-44d6-bc05-5b19fbdd93d5@group-813C05265458-LeaderElection347] INFO  impl.LeaderElection (LeaderElection.java:logAndReturn(206)) - aa9634f0-8836-44d6-bc05-5b19fbdd93d5@group-813C05265458-LeaderElection347: PRE_VOTE REJECTED received 0 response(s) and 2 exception(s):
2025-10-10 10:40:50,615 [aa9634f0-8836-44d6-bc05-5b19fbdd93d5@group-813C05265458-LeaderElection347] INFO  impl.LeaderElection (LogUtils.java:infoOrTrace(142)) -   Exception 0: java.util.concurrent.ExecutionException: org.apache.ratis.thirdparty.io.grpc.StatusRuntimeException: UNAVAILABLE: io exception
2025-10-10 10:40:50,615 [aa9634f0-8836-44d6-bc05-5b19fbdd93d5@group-813C05265458-LeaderElection347] INFO  impl.LeaderElection (LogUtils.java:infoOrTrace(142)) -   Exception 1: java.util.concurrent.ExecutionException: org.apache.ratis.thirdparty.io.grpc.StatusRuntimeException: UNAVAILABLE: io exception
2025-10-10 10:40:50,615 [aa9634f0-8836-44d6-bc05-5b19fbdd93d5@group-813C05265458-LeaderElection347] INFO  impl.LeaderElection (LeaderElection.java:askForVotes(450)) - aa9634f0-8836-44d6-bc05-5b19fbdd93d5@group-813C05265458-LeaderElection347 PRE_VOTE round 0: result REJECTED
2025-10-10 10:40:50,615 [aa9634f0-8836-44d6-bc05-5b19fbdd93d5@group-813C05265458-LeaderElection347] INFO  server.RaftServer$Division (RaftServerImpl.java:setRole(392)) - aa9634f0-8836-44d6-bc05-5b19fbdd93d5@group-813C05265458: changes role from CANDIDATE to FOLLOWER at term 1 for REJECTED
2025-10-10 10:40:50,615 [aa9634f0-8836-44d6-bc05-5b19fbdd93d5@group-813C05265458-LeaderElection347] INFO  impl.RoleInfo (RoleInfo.java:shutdownLeaderElection(141)) - aa9634f0-8836-44d6-bc05-5b19fbdd93d5: shutdown aa9634f0-8836-44d6-bc05-5b19fbdd93d5@group-813C05265458-LeaderElection347
2025-10-10 10:40:50,615 [aa9634f0-8836-44d6-bc05-5b19fbdd93d5@group-813C05265458-LeaderElection347] INFO  impl.RoleInfo (RoleInfo.java:updateAndGet(148)) - aa9634f0-8836-44d6-bc05-5b19fbdd93d5: start aa9634f0-8836-44d6-bc05-5b19fbdd93d5@group-813C05265458-FollowerState
2025-10-10 10:40:50,812 [36185c6b-22ce-45d1-a622-3a6b487a5a53@group-813C05265458-FollowerState] INFO  impl.FollowerState (FollowerState.java:runImpl(161)) - 36185c6b-22ce-45d1-a622-3a6b487a5a53@group-813C05265458-FollowerState: change to CANDIDATE, lastRpcElapsedTime:1146378564ns, electionTimeout:1146ms
2025-10-10 10:40:50,812 [36185c6b-22ce-45d1-a622-3a6b487a5a53@group-813C05265458-FollowerState] INFO  impl.RoleInfo (RoleInfo.java:shutdownFollowerState(121)) - 36185c6b-22ce-45d1-a622-3a6b487a5a53: shutdown 36185c6b-22ce-45d1-a622-3a6b487a5a53@group-813C05265458-FollowerState
2025-10-10 10:40:50,812 [36185c6b-22ce-45d1-a622-3a6b487a5a53@group-813C05265458-FollowerState] INFO  server.RaftServer$Division (RaftServerImpl.java:setRole(392)) - 36185c6b-22ce-45d1-a622-3a6b487a5a53@group-813C05265458: changes role from  FOLLOWER to CANDIDATE at term 1 for changeToCandidate
2025-10-10 10:40:50,812 [36185c6b-22ce-45d1-a622-3a6b487a5a53@group-813C05265458-FollowerState] INFO  impl.RoleInfo (RoleInfo.java:updateAndGet(148)) - 36185c6b-22ce-45d1-a622-3a6b487a5a53: start 36185c6b-22ce-45d1-a622-3a6b487a5a53@group-813C05265458-LeaderElection348
2025-10-10 10:40:50,813 [36185c6b-22ce-45d1-a622-3a6b487a5a53@group-813C05265458-LeaderElection348] INFO  impl.LeaderElection (LeaderElection.java:askForVotes(448)) - 36185c6b-22ce-45d1-a622-3a6b487a5a53@group-813C05265458-LeaderElection348 PRE_VOTE round 0: submit vote requests at term 1 for conf: {index: 0, cur=peers:[aa9634f0-8836-44d6-bc05-5b19fbdd93d5|127.0.0.1:15063, 36185c6b-22ce-45d1-a622-3a6b487a5a53|127.0.0.1:15071, 895d447a-5476-42e4-b2fa-6eb687701d46|127.0.0.1:15079]|listeners:[], old=null}
2025-10-10 10:40:50,814 [grpc-default-executor-7] INFO  server.RaftServer$Division (RaftServerImpl.java:requestVote(1421)) - 895d447a-5476-42e4-b2fa-6eb687701d46@group-813C05265458: receive requestVote(PRE_VOTE, 36185c6b-22ce-45d1-a622-3a6b487a5a53, group-813C05265458, 1, (t:1, i:0))
2025-10-10 10:40:50,814 [grpc-default-executor-8] INFO  server.RaftServer$Division (RaftServerImpl.java:requestVote(1421)) - aa9634f0-8836-44d6-bc05-5b19fbdd93d5@group-813C05265458: receive requestVote(PRE_VOTE, 36185c6b-22ce-45d1-a622-3a6b487a5a53, group-813C05265458, 1, (t:1, i:0))
2025-10-10 10:40:50,814 [grpc-default-executor-7] INFO  impl.VoteContext (VoteContext.java:log(49)) - 895d447a-5476-42e4-b2fa-6eb687701d46@group-813C05265458-FOLLOWER: accept PRE_VOTE from 36185c6b-22ce-45d1-a622-3a6b487a5a53: our priority 0 <= candidate's priority 0
2025-10-10 10:40:50,814 [grpc-default-executor-8] INFO  impl.VoteContext (VoteContext.java:log(49)) - aa9634f0-8836-44d6-bc05-5b19fbdd93d5@group-813C05265458-FOLLOWER: reject PRE_VOTE from 36185c6b-22ce-45d1-a622-3a6b487a5a53: our priority 1 > candidate's priority 0
2025-10-10 10:40:50,814 [grpc-default-executor-7] INFO  server.RaftServer$Division (RaftServerImpl.java:requestVote(1455)) - 895d447a-5476-42e4-b2fa-6eb687701d46@group-813C05265458 replies to PRE_VOTE vote request: 36185c6b-22ce-45d1-a622-3a6b487a5a53<-895d447a-5476-42e4-b2fa-6eb687701d46#0:OK-t1-last:(t:1, i:0). Peer's state: 895d447a-5476-42e4-b2fa-6eb687701d46@group-813C05265458:t1, leader=null, voted=aa9634f0-8836-44d6-bc05-5b19fbdd93d5, raftlog=Memoized:895d447a-5476-42e4-b2fa-6eb687701d46@group-813C05265458-SegmentedRaftLog:OPENED:c0:last(t:1, i:0), conf=conf: {index: 0, cur=peers:[aa9634f0-8836-44d6-bc05-5b19fbdd93d5|127.0.0.1:15063, 36185c6b-22ce-45d1-a622-3a6b487a5a53|127.0.0.1:15071, 895d447a-5476-42e4-b2fa-6eb687701d46|127.0.0.1:15079]|listeners:[], old=null}
2025-10-10 10:40:50,814 [grpc-default-executor-8] INFO  server.RaftServer$Division (RaftServerImpl.java:requestVote(1455)) - aa9634f0-8836-44d6-bc05-5b19fbdd93d5@group-813C05265458 replies to PRE_VOTE vote request: 36185c6b-22ce-45d1-a622-3a6b487a5a53<-aa9634f0-8836-44d6-bc05-5b19fbdd93d5#0:FAIL-t1-last:(t:1, i:0). Peer's state: aa9634f0-8836-44d6-bc05-5b19fbdd93d5@group-813C05265458:t1, leader=null, voted=aa9634f0-8836-44d6-bc05-5b19fbdd93d5, raftlog=Memoized:aa9634f0-8836-44d6-bc05-5b19fbdd93d5@group-813C05265458-SegmentedRaftLog:OPENED:c0:last(t:1, i:0), conf=conf: {index: 0, cur=peers:[aa9634f0-8836-44d6-bc05-5b19fbdd93d5|127.0.0.1:15063, 36185c6b-22ce-45d1-a622-3a6b487a5a53|127.0.0.1:15071, 895d447a-5476-42e4-b2fa-6eb687701d46|127.0.0.1:15079]|listeners:[], old=null}
2025-10-10 10:40:50,814 [36185c6b-22ce-45d1-a622-3a6b487a5a53@group-813C05265458-LeaderElection348] INFO  impl.LeaderElection (LeaderElection.java:logAndReturn(206)) - 36185c6b-22ce-45d1-a622-3a6b487a5a53@group-813C05265458-LeaderElection348: PRE_VOTE REJECTED received 1 response(s) and 0 exception(s):
2025-10-10 10:40:50,814 [36185c6b-22ce-45d1-a622-3a6b487a5a53@group-813C05265458-LeaderElection348] INFO  impl.LeaderElection (LeaderElection.java:logAndReturn(210)) -   Response 0: 36185c6b-22ce-45d1-a622-3a6b487a5a53<-aa9634f0-8836-44d6-bc05-5b19fbdd93d5#0:FAIL-t1-last:(t:1, i:0)
2025-10-10 10:40:50,815 [36185c6b-22ce-45d1-a622-3a6b487a5a53@group-813C05265458-LeaderElection348] INFO  impl.LeaderElection (LeaderElection.java:askForVotes(450)) - 36185c6b-22ce-45d1-a622-3a6b487a5a53@group-813C05265458-LeaderElection348 PRE_VOTE round 0: result REJECTED
2025-10-10 10:40:50,815 [36185c6b-22ce-45d1-a622-3a6b487a5a53@group-813C05265458-LeaderElection348] INFO  server.RaftServer$Division (RaftServerImpl.java:setRole(392)) - 36185c6b-22ce-45d1-a622-3a6b487a5a53@group-813C05265458: changes role from CANDIDATE to FOLLOWER at term 1 for REJECTED
2025-10-10 10:40:50,815 [36185c6b-22ce-45d1-a622-3a6b487a5a53@group-813C05265458-LeaderElection348] INFO  impl.RoleInfo (RoleInfo.java:shutdownLeaderElection(141)) - 36185c6b-22ce-45d1-a622-3a6b487a5a53: shutdown 36185c6b-22ce-45d1-a622-3a6b487a5a53@group-813C05265458-LeaderElection348
2025-10-10 10:40:50,815 [36185c6b-22ce-45d1-a622-3a6b487a5a53@group-813C05265458-LeaderElection348] INFO  impl.RoleInfo (RoleInfo.java:updateAndGet(148)) - 36185c6b-22ce-45d1-a622-3a6b487a5a53: start 36185c6b-22ce-45d1-a622-3a6b487a5a53@group-813C05265458-FollowerState
2025-10-10 10:40:51,447 [grpc-default-executor-8] ERROR impl.OrderedAsync (OrderedAsync.java:lambda$null$6(215)) -  client-527EF30E8D9C: Failed* RaftClientRequest:client-527EF30E8D9C->aa9634f0-8836-44d6-bc05-5b19fbdd93d5@group-813C05265458, cid=78, seq=1*, Watch(0), null
java.util.concurrent.CompletionException: org.apache.ratis.protocol.exceptions.NotLeaderException: Server aa9634f0-8836-44d6-bc05-5b19fbdd93d5@group-813C05265458 is not the leader
	at java.base/java.util.concurrent.CompletableFuture.encodeThrowable(CompletableFuture.java:332)
	at java.base/java.util.concurrent.CompletableFuture.completeThrowable(CompletableFuture.java:347)
	at java.base/java.util.concurrent.CompletableFuture$UniAccept.tryFire(CompletableFuture.java:708)
	at java.base/java.util.concurrent.CompletableFuture.postComplete(CompletableFuture.java:510)
	at java.base/java.util.concurrent.CompletableFuture.completeExceptionally(CompletableFuture.java:2194)
	at org.apache.ratis.grpc.client.GrpcClientProtocolClient$AsyncStreamObservers.completeReplyExceptionally(GrpcClientProtocolClient.java:397)
	at org.apache.ratis.grpc.client.GrpcClientProtocolClient$AsyncStreamObservers.access$000(GrpcClientProtocolClient.java:303)
	at org.apache.ratis.grpc.client.GrpcClientProtocolClient$AsyncStreamObservers$1.onNext(GrpcClientProtocolClient.java:317)
	at org.apache.ratis.grpc.client.GrpcClientProtocolClient$AsyncStreamObservers$1.onNext(GrpcClientProtocolClient.java:308)
	at org.apache.ratis.thirdparty.io.grpc.stub.ClientCalls$StreamObserverToCallListenerAdapter.onMessage(ClientCalls.java:551)
	at org.apache.ratis.thirdparty.io.grpc.ForwardingClientCallListener.onMessage(ForwardingClientCallListener.java:33)
	at org.apache.ratis.thirdparty.io.grpc.internal.ClientCallImpl$ClientStreamListenerImpl$1MessagesAvailable.runInternal(ClientCallImpl.java:661)
	at org.apache.ratis.thirdparty.io.grpc.internal.ClientCallImpl$ClientStreamListenerImpl$1MessagesAvailable.runInContext(ClientCallImpl.java:648)
	at org.apache.ratis.thirdparty.io.grpc.internal.ContextRunnable.run(ContextRunnable.java:37)
	at org.apache.ratis.thirdparty.io.grpc.internal.SerializingExecutor.run(SerializingExecutor.java:133)
	at java.base/java.util.concurrent.ThreadPoolExecutor.runWorker(ThreadPoolExecutor.java:1144)
	at java.base/java.util.concurrent.ThreadPoolExecutor$Worker.run(ThreadPoolExecutor.java:642)
	at java.base/java.lang.Thread.run(Thread.java:1583)
Caused by: org.apache.ratis.protocol.exceptions.NotLeaderException: Server aa9634f0-8836-44d6-bc05-5b19fbdd93d5@group-813C05265458 is not the leader
	at org.apache.ratis.client.impl.ClientProtoUtils.toRaftClientReply(ClientProtoUtils.java:402)
	at org.apache.ratis.grpc.client.GrpcClientProtocolClient$AsyncStreamObservers$1.onNext(GrpcClientProtocolClient.java:313)
	... 10 more
2025-10-10 10:40:51,618 [aa9634f0-8836-44d6-bc05-5b19fbdd93d5@group-813C05265458-FollowerState] INFO  impl.FollowerState (FollowerState.java:runImpl(161)) - aa9634f0-8836-44d6-bc05-5b19fbdd93d5@group-813C05265458-FollowerState: change to CANDIDATE, lastRpcElapsedTime:1003356870ns, electionTimeout:1003ms
2025-10-10 10:40:51,619 [aa9634f0-8836-44d6-bc05-5b19fbdd93d5@group-813C05265458-FollowerState] INFO  impl.RoleInfo (RoleInfo.java:shutdownFollowerState(121)) - aa9634f0-8836-44d6-bc05-5b19fbdd93d5: shutdown aa9634f0-8836-44d6-bc05-5b19fbdd93d5@group-813C05265458-FollowerState
2025-10-10 10:40:51,619 [aa9634f0-8836-44d6-bc05-5b19fbdd93d5@group-813C05265458-FollowerState] INFO  server.RaftServer$Division (RaftServerImpl.java:setRole(392)) - aa9634f0-8836-44d6-bc05-5b19fbdd93d5@group-813C05265458: changes role from  FOLLOWER to CANDIDATE at term 1 for changeToCandidate
2025-10-10 10:40:51,619 [aa9634f0-8836-44d6-bc05-5b19fbdd93d5@group-813C05265458-FollowerState] INFO  impl.RoleInfo (RoleInfo.java:updateAndGet(148)) - aa9634f0-8836-44d6-bc05-5b19fbdd93d5: start aa9634f0-8836-44d6-bc05-5b19fbdd93d5@group-813C05265458-LeaderElection349
2025-10-10 10:40:51,619 [aa9634f0-8836-44d6-bc05-5b19fbdd93d5@group-813C05265458-LeaderElection349] INFO  impl.LeaderElection (LeaderElection.java:askForVotes(448)) - aa9634f0-8836-44d6-bc05-5b19fbdd93d5@group-813C05265458-LeaderElection349 PRE_VOTE round 0: submit vote requests at term 1 for conf: {index: 0, cur=peers:[aa9634f0-8836-44d6-bc05-5b19fbdd93d5|127.0.0.1:15063, 36185c6b-22ce-45d1-a622-3a6b487a5a53|127.0.0.1:15071, 895d447a-5476-42e4-b2fa-6eb687701d46|127.0.0.1:15079]|listeners:[], old=null}
2025-10-10 10:40:51,620 [aa9634f0-8836-44d6-bc05-5b19fbdd93d5@group-813C05265458-LeaderElection349] INFO  impl.LeaderElection (LogUtils.java:infoOrTrace(142)) - aa9634f0-8836-44d6-bc05-5b19fbdd93d5@group-813C05265458-LeaderElection349 got exception when requesting votes: java.util.concurrent.ExecutionException: org.apache.ratis.thirdparty.io.grpc.StatusRuntimeException: UNAVAILABLE: io exception
2025-10-10 10:40:51,620 [aa9634f0-8836-44d6-bc05-5b19fbdd93d5@group-813C05265458-LeaderElection349] INFO  impl.LeaderElection (LogUtils.java:infoOrTrace(142)) - aa9634f0-8836-44d6-bc05-5b19fbdd93d5@group-813C05265458-LeaderElection349 got exception when requesting votes: java.util.concurrent.ExecutionException: org.apache.ratis.thirdparty.io.grpc.StatusRuntimeException: UNAVAILABLE: io exception
2025-10-10 10:40:51,620 [aa9634f0-8836-44d6-bc05-5b19fbdd93d5@group-813C05265458-LeaderElection349] INFO  impl.LeaderElection (LeaderElection.java:logAndReturn(206)) - aa9634f0-8836-44d6-bc05-5b19fbdd93d5@group-813C05265458-LeaderElection349: PRE_VOTE REJECTED received 0 response(s) and 2 exception(s):
2025-10-10 10:40:51,620 [aa9634f0-8836-44d6-bc05-5b19fbdd93d5@group-813C05265458-LeaderElection349] INFO  impl.LeaderElection (LogUtils.java:infoOrTrace(142)) -   Exception 0: java.util.concurrent.ExecutionException: org.apache.ratis.thirdparty.io.grpc.StatusRuntimeException: UNAVAILABLE: io exception
2025-10-10 10:40:51,620 [aa9634f0-8836-44d6-bc05-5b19fbdd93d5@group-813C05265458-LeaderElection349] INFO  impl.LeaderElection (LogUtils.java:infoOrTrace(142)) -   Exception 1: java.util.concurrent.ExecutionException: org.apache.ratis.thirdparty.io.grpc.StatusRuntimeException: UNAVAILABLE: io exception
2025-10-10 10:40:51,620 [aa9634f0-8836-44d6-bc05-5b19fbdd93d5@group-813C05265458-LeaderElection349] INFO  impl.LeaderElection (LeaderElection.java:askForVotes(450)) - aa9634f0-8836-44d6-bc05-5b19fbdd93d5@group-813C05265458-LeaderElection349 PRE_VOTE round 0: result REJECTED
2025-10-10 10:40:51,620 [aa9634f0-8836-44d6-bc05-5b19fbdd93d5@group-813C05265458-LeaderElection349] INFO  server.RaftServer$Division (RaftServerImpl.java:setRole(392)) - aa9634f0-8836-44d6-bc05-5b19fbdd93d5@group-813C05265458: changes role from CANDIDATE to FOLLOWER at term 1 for REJECTED
2025-10-10 10:40:51,620 [aa9634f0-8836-44d6-bc05-5b19fbdd93d5@group-813C05265458-LeaderElection349] INFO  impl.RoleInfo (RoleInfo.java:shutdownLeaderElection(141)) - aa9634f0-8836-44d6-bc05-5b19fbdd93d5: shutdown aa9634f0-8836-44d6-bc05-5b19fbdd93d5@group-813C05265458-LeaderElection349
2025-10-10 10:40:51,620 [aa9634f0-8836-44d6-bc05-5b19fbdd93d5@group-813C05265458-LeaderElection349] INFO  impl.RoleInfo (RoleInfo.java:updateAndGet(148)) - aa9634f0-8836-44d6-bc05-5b19fbdd93d5: start aa9634f0-8836-44d6-bc05-5b19fbdd93d5@group-813C05265458-FollowerState
2025-10-10 10:40:51,818 [36185c6b-22ce-45d1-a622-3a6b487a5a53@group-813C05265458-FollowerState] INFO  impl.FollowerState (FollowerState.java:runImpl(161)) - 36185c6b-22ce-45d1-a622-3a6b487a5a53@group-813C05265458-FollowerState: change to CANDIDATE, lastRpcElapsedTime:1003367629ns, electionTimeout:1003ms
2025-10-10 10:40:51,818 [36185c6b-22ce-45d1-a622-3a6b487a5a53@group-813C05265458-FollowerState] INFO  impl.RoleInfo (RoleInfo.java:shutdownFollowerState(121)) - 36185c6b-22ce-45d1-a622-3a6b487a5a53: shutdown 36185c6b-22ce-45d1-a622-3a6b487a5a53@group-813C05265458-FollowerState
2025-10-10 10:40:51,818 [36185c6b-22ce-45d1-a622-3a6b487a5a53@group-813C05265458-FollowerState] INFO  server.RaftServer$Division (RaftServerImpl.java:setRole(392)) - 36185c6b-22ce-45d1-a622-3a6b487a5a53@group-813C05265458: changes role from  FOLLOWER to CANDIDATE at term 1 for changeToCandidate
2025-10-10 10:40:51,818 [36185c6b-22ce-45d1-a622-3a6b487a5a53@group-813C05265458-FollowerState] INFO  impl.RoleInfo (RoleInfo.java:updateAndGet(148)) - 36185c6b-22ce-45d1-a622-3a6b487a5a53: start 36185c6b-22ce-45d1-a622-3a6b487a5a53@group-813C05265458-LeaderElection350
2025-10-10 10:40:51,819 [36185c6b-22ce-45d1-a622-3a6b487a5a53@group-813C05265458-LeaderElection350] INFO  impl.LeaderElection (LeaderElection.java:askForVotes(448)) - 36185c6b-22ce-45d1-a622-3a6b487a5a53@group-813C05265458-LeaderElection350 PRE_VOTE round 0: submit vote requests at term 1 for conf: {index: 0, cur=peers:[aa9634f0-8836-44d6-bc05-5b19fbdd93d5|127.0.0.1:15063, 36185c6b-22ce-45d1-a622-3a6b487a5a53|127.0.0.1:15071, 895d447a-5476-42e4-b2fa-6eb687701d46|127.0.0.1:15079]|listeners:[], old=null}
2025-10-10 10:40:51,820 [grpc-default-executor-7] INFO  server.RaftServer$Division (RaftServerImpl.java:requestVote(1421)) - aa9634f0-8836-44d6-bc05-5b19fbdd93d5@group-813C05265458: receive requestVote(PRE_VOTE, 36185c6b-22ce-45d1-a622-3a6b487a5a53, group-813C05265458, 1, (t:1, i:0))
2025-10-10 10:40:51,820 [grpc-default-executor-7] INFO  impl.VoteContext (VoteContext.java:log(49)) - aa9634f0-8836-44d6-bc05-5b19fbdd93d5@group-813C05265458-FOLLOWER: reject PRE_VOTE from 36185c6b-22ce-45d1-a622-3a6b487a5a53: our priority 1 > candidate's priority 0
2025-10-10 10:40:51,820 [grpc-default-executor-7] INFO  server.RaftServer$Division (RaftServerImpl.java:requestVote(1455)) - aa9634f0-8836-44d6-bc05-5b19fbdd93d5@group-813C05265458 replies to PRE_VOTE vote request: 36185c6b-22ce-45d1-a622-3a6b487a5a53<-aa9634f0-8836-44d6-bc05-5b19fbdd93d5#0:FAIL-t1-last:(t:1, i:0). Peer's state: aa9634f0-8836-44d6-bc05-5b19fbdd93d5@group-813C05265458:t1, leader=null, voted=aa9634f0-8836-44d6-bc05-5b19fbdd93d5, raftlog=Memoized:aa9634f0-8836-44d6-bc05-5b19fbdd93d5@group-813C05265458-SegmentedRaftLog:OPENED:c0:last(t:1, i:0), conf=conf: {index: 0, cur=peers:[aa9634f0-8836-44d6-bc05-5b19fbdd93d5|127.0.0.1:15063, 36185c6b-22ce-45d1-a622-3a6b487a5a53|127.0.0.1:15071, 895d447a-5476-42e4-b2fa-6eb687701d46|127.0.0.1:15079]|listeners:[], old=null}
2025-10-10 10:40:51,821 [grpc-default-executor-8] INFO  server.RaftServer$Division (RaftServerImpl.java:requestVote(1421)) - 895d447a-5476-42e4-b2fa-6eb687701d46@group-813C05265458: receive requestVote(PRE_VOTE, 36185c6b-22ce-45d1-a622-3a6b487a5a53, group-813C05265458, 1, (t:1, i:0))
2025-10-10 10:40:51,821 [36185c6b-22ce-45d1-a622-3a6b487a5a53@group-813C05265458-LeaderElection350] INFO  impl.LeaderElection (LeaderElection.java:logAndReturn(206)) - 36185c6b-22ce-45d1-a622-3a6b487a5a53@group-813C05265458-LeaderElection350: PRE_VOTE REJECTED received 1 response(s) and 0 exception(s):
2025-10-10 10:40:51,821 [grpc-default-executor-8] INFO  impl.VoteContext (VoteContext.java:log(49)) - 895d447a-5476-42e4-b2fa-6eb687701d46@group-813C05265458-FOLLOWER: accept PRE_VOTE from 36185c6b-22ce-45d1-a622-3a6b487a5a53: our priority 0 <= candidate's priority 0
2025-10-10 10:40:51,821 [36185c6b-22ce-45d1-a622-3a6b487a5a53@group-813C05265458-LeaderElection350] INFO  impl.LeaderElection (LeaderElection.java:logAndReturn(210)) -   Response 0: 36185c6b-22ce-45d1-a622-3a6b487a5a53<-aa9634f0-8836-44d6-bc05-5b19fbdd93d5#0:FAIL-t1-last:(t:1, i:0)
2025-10-10 10:40:51,821 [grpc-default-executor-8] INFO  server.RaftServer$Division (RaftServerImpl.java:requestVote(1455)) - 895d447a-5476-42e4-b2fa-6eb687701d46@group-813C05265458 replies to PRE_VOTE vote request: 36185c6b-22ce-45d1-a622-3a6b487a5a53<-895d447a-5476-42e4-b2fa-6eb687701d46#0:OK-t1-last:(t:1, i:0). Peer's state: 895d447a-5476-42e4-b2fa-6eb687701d46@group-813C05265458:t1, leader=null, voted=aa9634f0-8836-44d6-bc05-5b19fbdd93d5, raftlog=Memoized:895d447a-5476-42e4-b2fa-6eb687701d46@group-813C05265458-SegmentedRaftLog:OPENED:c0:last(t:1, i:0), conf=conf: {index: 0, cur=peers:[aa9634f0-8836-44d6-bc05-5b19fbdd93d5|127.0.0.1:15063, 36185c6b-22ce-45d1-a622-3a6b487a5a53|127.0.0.1:15071, 895d447a-5476-42e4-b2fa-6eb687701d46|127.0.0.1:15079]|listeners:[], old=null}
2025-10-10 10:40:51,821 [36185c6b-22ce-45d1-a622-3a6b487a5a53@group-813C05265458-LeaderElection350] INFO  impl.LeaderElection (LeaderElection.java:askForVotes(450)) - 36185c6b-22ce-45d1-a622-3a6b487a5a53@group-813C05265458-LeaderElection350 PRE_VOTE round 0: result REJECTED
2025-10-10 10:40:51,821 [36185c6b-22ce-45d1-a622-3a6b487a5a53@group-813C05265458-LeaderElection350] INFO  server.RaftServer$Division (RaftServerImpl.java:setRole(392)) - 36185c6b-22ce-45d1-a622-3a6b487a5a53@group-813C05265458: changes role from CANDIDATE to FOLLOWER at term 1 for REJECTED
2025-10-10 10:40:51,821 [36185c6b-22ce-45d1-a622-3a6b487a5a53@group-813C05265458-LeaderElection350] INFO  impl.RoleInfo (RoleInfo.java:shutdownLeaderElection(141)) - 36185c6b-22ce-45d1-a622-3a6b487a5a53: shutdown 36185c6b-22ce-45d1-a622-3a6b487a5a53@group-813C05265458-LeaderElection350
2025-10-10 10:40:51,821 [36185c6b-22ce-45d1-a622-3a6b487a5a53@group-813C05265458-LeaderElection350] INFO  impl.RoleInfo (RoleInfo.java:updateAndGet(148)) - 36185c6b-22ce-45d1-a622-3a6b487a5a53: start 36185c6b-22ce-45d1-a622-3a6b487a5a53@group-813C05265458-FollowerState
2025-10-10 10:40:52,644 [aa9634f0-8836-44d6-bc05-5b19fbdd93d5@group-813C05265458-FollowerState] INFO  impl.FollowerState (FollowerState.java:runImpl(161)) - aa9634f0-8836-44d6-bc05-5b19fbdd93d5@group-813C05265458-FollowerState: change to CANDIDATE, lastRpcElapsedTime:1024256633ns, electionTimeout:1024ms
2025-10-10 10:40:52,644 [aa9634f0-8836-44d6-bc05-5b19fbdd93d5@group-813C05265458-FollowerState] INFO  impl.RoleInfo (RoleInfo.java:shutdownFollowerState(121)) - aa9634f0-8836-44d6-bc05-5b19fbdd93d5: shutdown aa9634f0-8836-44d6-bc05-5b19fbdd93d5@group-813C05265458-FollowerState
2025-10-10 10:40:52,644 [aa9634f0-8836-44d6-bc05-5b19fbdd93d5@group-813C05265458-FollowerState] INFO  server.RaftServer$Division (RaftServerImpl.java:setRole(392)) - aa9634f0-8836-44d6-bc05-5b19fbdd93d5@group-813C05265458: changes role from  FOLLOWER to CANDIDATE at term 1 for changeToCandidate
2025-10-10 10:40:52,645 [aa9634f0-8836-44d6-bc05-5b19fbdd93d5@group-813C05265458-FollowerState] INFO  impl.RoleInfo (RoleInfo.java:updateAndGet(148)) - aa9634f0-8836-44d6-bc05-5b19fbdd93d5: start aa9634f0-8836-44d6-bc05-5b19fbdd93d5@group-813C05265458-LeaderElection351
2025-10-10 10:40:52,645 [aa9634f0-8836-44d6-bc05-5b19fbdd93d5@group-813C05265458-LeaderElection351] INFO  impl.LeaderElection (LeaderElection.java:askForVotes(448)) - aa9634f0-8836-44d6-bc05-5b19fbdd93d5@group-813C05265458-LeaderElection351 PRE_VOTE round 0: submit vote requests at term 1 for conf: {index: 0, cur=peers:[aa9634f0-8836-44d6-bc05-5b19fbdd93d5|127.0.0.1:15063, 36185c6b-22ce-45d1-a622-3a6b487a5a53|127.0.0.1:15071, 895d447a-5476-42e4-b2fa-6eb687701d46|127.0.0.1:15079]|listeners:[], old=null}
2025-10-10 10:40:52,645 [aa9634f0-8836-44d6-bc05-5b19fbdd93d5@group-813C05265458-LeaderElection351] INFO  impl.LeaderElection (LogUtils.java:infoOrTrace(142)) - aa9634f0-8836-44d6-bc05-5b19fbdd93d5@group-813C05265458-LeaderElection351 got exception when requesting votes: java.util.concurrent.ExecutionException: org.apache.ratis.thirdparty.io.grpc.StatusRuntimeException: UNAVAILABLE: io exception
2025-10-10 10:40:52,645 [aa9634f0-8836-44d6-bc05-5b19fbdd93d5@group-813C05265458-LeaderElection351] INFO  impl.LeaderElection (LogUtils.java:infoOrTrace(142)) - aa9634f0-8836-44d6-bc05-5b19fbdd93d5@group-813C05265458-LeaderElection351 got exception when requesting votes: java.util.concurrent.ExecutionException: org.apache.ratis.thirdparty.io.grpc.StatusRuntimeException: UNAVAILABLE: io exception
2025-10-10 10:40:52,645 [aa9634f0-8836-44d6-bc05-5b19fbdd93d5@group-813C05265458-LeaderElection351] INFO  impl.LeaderElection (LeaderElection.java:logAndReturn(206)) - aa9634f0-8836-44d6-bc05-5b19fbdd93d5@group-813C05265458-LeaderElection351: PRE_VOTE REJECTED received 0 response(s) and 2 exception(s):
2025-10-10 10:40:52,645 [aa9634f0-8836-44d6-bc05-5b19fbdd93d5@group-813C05265458-LeaderElection351] INFO  impl.LeaderElection (LogUtils.java:infoOrTrace(142)) -   Exception 0: java.util.concurrent.ExecutionException: org.apache.ratis.thirdparty.io.grpc.StatusRuntimeException: UNAVAILABLE: io exception
2025-10-10 10:40:52,646 [aa9634f0-8836-44d6-bc05-5b19fbdd93d5@group-813C05265458-LeaderElection351] INFO  impl.LeaderElection (LogUtils.java:infoOrTrace(142)) -   Exception 1: java.util.concurrent.ExecutionException: org.apache.ratis.thirdparty.io.grpc.StatusRuntimeException: UNAVAILABLE: io exception
2025-10-10 10:40:52,646 [aa9634f0-8836-44d6-bc05-5b19fbdd93d5@group-813C05265458-LeaderElection351] INFO  impl.LeaderElection (LeaderElection.java:askForVotes(450)) - aa9634f0-8836-44d6-bc05-5b19fbdd93d5@group-813C05265458-LeaderElection351 PRE_VOTE round 0: result REJECTED
2025-10-10 10:40:52,646 [aa9634f0-8836-44d6-bc05-5b19fbdd93d5@group-813C05265458-LeaderElection351] INFO  server.RaftServer$Division (RaftServerImpl.java:setRole(392)) - aa9634f0-8836-44d6-bc05-5b19fbdd93d5@group-813C05265458: changes role from CANDIDATE to FOLLOWER at term 1 for REJECTED
2025-10-10 10:40:52,646 [aa9634f0-8836-44d6-bc05-5b19fbdd93d5@group-813C05265458-LeaderElection351] INFO  impl.RoleInfo (RoleInfo.java:shutdownLeaderElection(141)) - aa9634f0-8836-44d6-bc05-5b19fbdd93d5: shutdown aa9634f0-8836-44d6-bc05-5b19fbdd93d5@group-813C05265458-LeaderElection351
2025-10-10 10:40:52,646 [aa9634f0-8836-44d6-bc05-5b19fbdd93d5@group-813C05265458-LeaderElection351] INFO  impl.RoleInfo (RoleInfo.java:updateAndGet(148)) - aa9634f0-8836-44d6-bc05-5b19fbdd93d5: start aa9634f0-8836-44d6-bc05-5b19fbdd93d5@group-813C05265458-FollowerState
2025-10-10 10:40:52,897 [36185c6b-22ce-45d1-a622-3a6b487a5a53@group-813C05265458-FollowerState] INFO  impl.FollowerState (FollowerState.java:runImpl(161)) - 36185c6b-22ce-45d1-a622-3a6b487a5a53@group-813C05265458-FollowerState: change to CANDIDATE, lastRpcElapsedTime:1075345919ns, electionTimeout:1075ms
2025-10-10 10:40:52,897 [36185c6b-22ce-45d1-a622-3a6b487a5a53@group-813C05265458-FollowerState] INFO  impl.RoleInfo (RoleInfo.java:shutdownFollowerState(121)) - 36185c6b-22ce-45d1-a622-3a6b487a5a53: shutdown 36185c6b-22ce-45d1-a622-3a6b487a5a53@group-813C05265458-FollowerState
2025-10-10 10:40:52,897 [36185c6b-22ce-45d1-a622-3a6b487a5a53@group-813C05265458-FollowerState] INFO  server.RaftServer$Division (RaftServerImpl.java:setRole(392)) - 36185c6b-22ce-45d1-a622-3a6b487a5a53@group-813C05265458: changes role from  FOLLOWER to CANDIDATE at term 1 for changeToCandidate
2025-10-10 10:40:52,897 [36185c6b-22ce-45d1-a622-3a6b487a5a53@group-813C05265458-FollowerState] INFO  impl.RoleInfo (RoleInfo.java:updateAndGet(148)) - 36185c6b-22ce-45d1-a622-3a6b487a5a53: start 36185c6b-22ce-45d1-a622-3a6b487a5a53@group-813C05265458-LeaderElection352
2025-10-10 10:40:52,897 [36185c6b-22ce-45d1-a622-3a6b487a5a53@group-813C05265458-LeaderElection352] INFO  impl.LeaderElection (LeaderElection.java:askForVotes(448)) - 36185c6b-22ce-45d1-a622-3a6b487a5a53@group-813C05265458-LeaderElection352 PRE_VOTE round 0: submit vote requests at term 1 for conf: {index: 0, cur=peers:[aa9634f0-8836-44d6-bc05-5b19fbdd93d5|127.0.0.1:15063, 36185c6b-22ce-45d1-a622-3a6b487a5a53|127.0.0.1:15071, 895d447a-5476-42e4-b2fa-6eb687701d46|127.0.0.1:15079]|listeners:[], old=null}
2025-10-10 10:40:52,899 [grpc-default-executor-8] INFO  server.RaftServer$Division (RaftServerImpl.java:requestVote(1421)) - 895d447a-5476-42e4-b2fa-6eb687701d46@group-813C05265458: receive requestVote(PRE_VOTE, 36185c6b-22ce-45d1-a622-3a6b487a5a53, group-813C05265458, 1, (t:1, i:0))
2025-10-10 10:40:52,899 [grpc-default-executor-8] INFO  impl.VoteContext (VoteContext.java:log(49)) - 895d447a-5476-42e4-b2fa-6eb687701d46@group-813C05265458-FOLLOWER: accept PRE_VOTE from 36185c6b-22ce-45d1-a622-3a6b487a5a53: our priority 0 <= candidate's priority 0
2025-10-10 10:40:52,899 [grpc-default-executor-8] INFO  server.RaftServer$Division (RaftServerImpl.java:requestVote(1455)) - 895d447a-5476-42e4-b2fa-6eb687701d46@group-813C05265458 replies to PRE_VOTE vote request: 36185c6b-22ce-45d1-a622-3a6b487a5a53<-895d447a-5476-42e4-b2fa-6eb687701d46#0:OK-t1-last:(t:1, i:0). Peer's state: 895d447a-5476-42e4-b2fa-6eb687701d46@group-813C05265458:t1, leader=null, voted=aa9634f0-8836-44d6-bc05-5b19fbdd93d5, raftlog=Memoized:895d447a-5476-42e4-b2fa-6eb687701d46@group-813C05265458-SegmentedRaftLog:OPENED:c0:last(t:1, i:0), conf=conf: {index: 0, cur=peers:[aa9634f0-8836-44d6-bc05-5b19fbdd93d5|127.0.0.1:15063, 36185c6b-22ce-45d1-a622-3a6b487a5a53|127.0.0.1:15071, 895d447a-5476-42e4-b2fa-6eb687701d46|127.0.0.1:15079]|listeners:[], old=null}
2025-10-10 10:40:52,900 [grpc-default-executor-8] INFO  server.RaftServer$Division (RaftServerImpl.java:requestVote(1421)) - aa9634f0-8836-44d6-bc05-5b19fbdd93d5@group-813C05265458: receive requestVote(PRE_VOTE, 36185c6b-22ce-45d1-a622-3a6b487a5a53, group-813C05265458, 1, (t:1, i:0))
2025-10-10 10:40:52,900 [grpc-default-executor-8] INFO  impl.VoteContext (VoteContext.java:log(49)) - aa9634f0-8836-44d6-bc05-5b19fbdd93d5@group-813C05265458-FOLLOWER: reject PRE_VOTE from 36185c6b-22ce-45d1-a622-3a6b487a5a53: our priority 1 > candidate's priority 0
2025-10-10 10:40:52,900 [grpc-default-executor-8] INFO  server.RaftServer$Division (RaftServerImpl.java:requestVote(1455)) - aa9634f0-8836-44d6-bc05-5b19fbdd93d5@group-813C05265458 replies to PRE_VOTE vote request: 36185c6b-22ce-45d1-a622-3a6b487a5a53<-aa9634f0-8836-44d6-bc05-5b19fbdd93d5#0:FAIL-t1-last:(t:1, i:0). Peer's state: aa9634f0-8836-44d6-bc05-5b19fbdd93d5@group-813C05265458:t1, leader=null, voted=aa9634f0-8836-44d6-bc05-5b19fbdd93d5, raftlog=Memoized:aa9634f0-8836-44d6-bc05-5b19fbdd93d5@group-813C05265458-SegmentedRaftLog:OPENED:c0:last(t:1, i:0), conf=conf: {index: 0, cur=peers:[aa9634f0-8836-44d6-bc05-5b19fbdd93d5|127.0.0.1:15063, 36185c6b-22ce-45d1-a622-3a6b487a5a53|127.0.0.1:15071, 895d447a-5476-42e4-b2fa-6eb687701d46|127.0.0.1:15079]|listeners:[], old=null}
2025-10-10 10:40:52,900 [36185c6b-22ce-45d1-a622-3a6b487a5a53@group-813C05265458-LeaderElection352] INFO  impl.LeaderElection (LeaderElection.java:logAndReturn(206)) - 36185c6b-22ce-45d1-a622-3a6b487a5a53@group-813C05265458-LeaderElection352: PRE_VOTE REJECTED received 2 response(s) and 0 exception(s):
2025-10-10 10:40:52,900 [36185c6b-22ce-45d1-a622-3a6b487a5a53@group-813C05265458-LeaderElection352] INFO  impl.LeaderElection (LeaderElection.java:logAndReturn(210)) -   Response 0: 36185c6b-22ce-45d1-a622-3a6b487a5a53<-aa9634f0-8836-44d6-bc05-5b19fbdd93d5#0:FAIL-t1-last:(t:1, i:0)
2025-10-10 10:40:52,900 [36185c6b-22ce-45d1-a622-3a6b487a5a53@group-813C05265458-LeaderElection352] INFO  impl.LeaderElection (LeaderElection.java:logAndReturn(210)) -   Response 1: 36185c6b-22ce-45d1-a622-3a6b487a5a53<-895d447a-5476-42e4-b2fa-6eb687701d46#0:OK-t1-last:(t:1, i:0)
2025-10-10 10:40:52,900 [36185c6b-22ce-45d1-a622-3a6b487a5a53@group-813C05265458-LeaderElection352] INFO  impl.LeaderElection (LeaderElection.java:askForVotes(450)) - 36185c6b-22ce-45d1-a622-3a6b487a5a53@group-813C05265458-LeaderElection352 PRE_VOTE round 0: result REJECTED
2025-10-10 10:40:52,900 [36185c6b-22ce-45d1-a622-3a6b487a5a53@group-813C05265458-LeaderElection352] INFO  server.RaftServer$Division (RaftServerImpl.java:setRole(392)) - 36185c6b-22ce-45d1-a622-3a6b487a5a53@group-813C05265458: changes role from CANDIDATE to FOLLOWER at term 1 for REJECTED
2025-10-10 10:40:52,900 [36185c6b-22ce-45d1-a622-3a6b487a5a53@group-813C05265458-LeaderElection352] INFO  impl.RoleInfo (RoleInfo.java:shutdownLeaderElection(141)) - 36185c6b-22ce-45d1-a622-3a6b487a5a53: shutdown 36185c6b-22ce-45d1-a622-3a6b487a5a53@group-813C05265458-LeaderElection352
2025-10-10 10:40:52,901 [36185c6b-22ce-45d1-a622-3a6b487a5a53@group-813C05265458-LeaderElection352] INFO  impl.RoleInfo (RoleInfo.java:updateAndGet(148)) - 36185c6b-22ce-45d1-a622-3a6b487a5a53: start 36185c6b-22ce-45d1-a622-3a6b487a5a53@group-813C05265458-FollowerState
2025-10-10 10:40:53,728 [aa9634f0-8836-44d6-bc05-5b19fbdd93d5@group-813C05265458-FollowerState] INFO  impl.FollowerState (FollowerState.java:runImpl(161)) - aa9634f0-8836-44d6-bc05-5b19fbdd93d5@group-813C05265458-FollowerState: change to CANDIDATE, lastRpcElapsedTime:1082256864ns, electionTimeout:1082ms
2025-10-10 10:40:53,728 [aa9634f0-8836-44d6-bc05-5b19fbdd93d5@group-813C05265458-FollowerState] INFO  impl.RoleInfo (RoleInfo.java:shutdownFollowerState(121)) - aa9634f0-8836-44d6-bc05-5b19fbdd93d5: shutdown aa9634f0-8836-44d6-bc05-5b19fbdd93d5@group-813C05265458-FollowerState
2025-10-10 10:40:53,728 [aa9634f0-8836-44d6-bc05-5b19fbdd93d5@group-813C05265458-FollowerState] INFO  server.RaftServer$Division (RaftServerImpl.java:setRole(392)) - aa9634f0-8836-44d6-bc05-5b19fbdd93d5@group-813C05265458: changes role from  FOLLOWER to CANDIDATE at term 1 for changeToCandidate
2025-10-10 10:40:53,728 [aa9634f0-8836-44d6-bc05-5b19fbdd93d5@group-813C05265458-FollowerState] INFO  impl.RoleInfo (RoleInfo.java:updateAndGet(148)) - aa9634f0-8836-44d6-bc05-5b19fbdd93d5: start aa9634f0-8836-44d6-bc05-5b19fbdd93d5@group-813C05265458-LeaderElection353
2025-10-10 10:40:53,729 [aa9634f0-8836-44d6-bc05-5b19fbdd93d5@group-813C05265458-LeaderElection353] INFO  impl.LeaderElection (LeaderElection.java:askForVotes(448)) - aa9634f0-8836-44d6-bc05-5b19fbdd93d5@group-813C05265458-LeaderElection353 PRE_VOTE round 0: submit vote requests at term 1 for conf: {index: 0, cur=peers:[aa9634f0-8836-44d6-bc05-5b19fbdd93d5|127.0.0.1:15063, 36185c6b-22ce-45d1-a622-3a6b487a5a53|127.0.0.1:15071, 895d447a-5476-42e4-b2fa-6eb687701d46|127.0.0.1:15079]|listeners:[], old=null}
2025-10-10 10:40:53,729 [aa9634f0-8836-44d6-bc05-5b19fbdd93d5@group-813C05265458-LeaderElection353] INFO  impl.LeaderElection (LogUtils.java:infoOrTrace(142)) - aa9634f0-8836-44d6-bc05-5b19fbdd93d5@group-813C05265458-LeaderElection353 got exception when requesting votes: java.util.concurrent.ExecutionException: org.apache.ratis.thirdparty.io.grpc.StatusRuntimeException: UNAVAILABLE: io exception
2025-10-10 10:40:53,729 [aa9634f0-8836-44d6-bc05-5b19fbdd93d5@group-813C05265458-LeaderElection353] INFO  impl.LeaderElection (LogUtils.java:infoOrTrace(142)) - aa9634f0-8836-44d6-bc05-5b19fbdd93d5@group-813C05265458-LeaderElection353 got exception when requesting votes: java.util.concurrent.ExecutionException: org.apache.ratis.thirdparty.io.grpc.StatusRuntimeException: UNAVAILABLE: io exception
2025-10-10 10:40:53,729 [aa9634f0-8836-44d6-bc05-5b19fbdd93d5@group-813C05265458-LeaderElection353] INFO  impl.LeaderElection (LeaderElection.java:logAndReturn(206)) - aa9634f0-8836-44d6-bc05-5b19fbdd93d5@group-813C05265458-LeaderElection353: PRE_VOTE REJECTED received 0 response(s) and 2 exception(s):
2025-10-10 10:40:53,729 [aa9634f0-8836-44d6-bc05-5b19fbdd93d5@group-813C05265458-LeaderElection353] INFO  impl.LeaderElection (LogUtils.java:infoOrTrace(142)) -   Exception 0: java.util.concurrent.ExecutionException: org.apache.ratis.thirdparty.io.grpc.StatusRuntimeException: UNAVAILABLE: io exception
2025-10-10 10:40:53,729 [aa9634f0-8836-44d6-bc05-5b19fbdd93d5@group-813C05265458-LeaderElection353] INFO  impl.LeaderElection (LogUtils.java:infoOrTrace(142)) -   Exception 1: java.util.concurrent.ExecutionException: org.apache.ratis.thirdparty.io.grpc.StatusRuntimeException: UNAVAILABLE: io exception
2025-10-10 10:40:53,729 [aa9634f0-8836-44d6-bc05-5b19fbdd93d5@group-813C05265458-LeaderElection353] INFO  impl.LeaderElection (LeaderElection.java:askForVotes(450)) - aa9634f0-8836-44d6-bc05-5b19fbdd93d5@group-813C05265458-LeaderElection353 PRE_VOTE round 0: result REJECTED
2025-10-10 10:40:53,729 [aa9634f0-8836-44d6-bc05-5b19fbdd93d5@group-813C05265458-LeaderElection353] INFO  server.RaftServer$Division (RaftServerImpl.java:setRole(392)) - aa9634f0-8836-44d6-bc05-5b19fbdd93d5@group-813C05265458: changes role from CANDIDATE to FOLLOWER at term 1 for REJECTED
2025-10-10 10:40:53,729 [aa9634f0-8836-44d6-bc05-5b19fbdd93d5@group-813C05265458-LeaderElection353] INFO  impl.RoleInfo (RoleInfo.java:shutdownLeaderElection(141)) - aa9634f0-8836-44d6-bc05-5b19fbdd93d5: shutdown aa9634f0-8836-44d6-bc05-5b19fbdd93d5@group-813C05265458-LeaderElection353
2025-10-10 10:40:53,729 [aa9634f0-8836-44d6-bc05-5b19fbdd93d5@group-813C05265458-LeaderElection353] INFO  impl.RoleInfo (RoleInfo.java:updateAndGet(148)) - aa9634f0-8836-44d6-bc05-5b19fbdd93d5: start aa9634f0-8836-44d6-bc05-5b19fbdd93d5@group-813C05265458-FollowerState
2025-10-10 10:40:54,101 [36185c6b-22ce-45d1-a622-3a6b487a5a53@group-813C05265458-FollowerState] INFO  impl.FollowerState (FollowerState.java:runImpl(161)) - 36185c6b-22ce-45d1-a622-3a6b487a5a53@group-813C05265458-FollowerState: change to CANDIDATE, lastRpcElapsedTime:1200283009ns, electionTimeout:1200ms
2025-10-10 10:40:54,101 [36185c6b-22ce-45d1-a622-3a6b487a5a53@group-813C05265458-FollowerState] INFO  impl.RoleInfo (RoleInfo.java:shutdownFollowerState(121)) - 36185c6b-22ce-45d1-a622-3a6b487a5a53: shutdown 36185c6b-22ce-45d1-a622-3a6b487a5a53@group-813C05265458-FollowerState
2025-10-10 10:40:54,101 [36185c6b-22ce-45d1-a622-3a6b487a5a53@group-813C05265458-FollowerState] INFO  server.RaftServer$Division (RaftServerImpl.java:setRole(392)) - 36185c6b-22ce-45d1-a622-3a6b487a5a53@group-813C05265458: changes role from  FOLLOWER to CANDIDATE at term 1 for changeToCandidate
2025-10-10 10:40:54,101 [36185c6b-22ce-45d1-a622-3a6b487a5a53@group-813C05265458-FollowerState] INFO  impl.RoleInfo (RoleInfo.java:updateAndGet(148)) - 36185c6b-22ce-45d1-a622-3a6b487a5a53: start 36185c6b-22ce-45d1-a622-3a6b487a5a53@group-813C05265458-LeaderElection354
2025-10-10 10:40:54,101 [36185c6b-22ce-45d1-a622-3a6b487a5a53@group-813C05265458-LeaderElection354] INFO  impl.LeaderElection (LeaderElection.java:askForVotes(448)) - 36185c6b-22ce-45d1-a622-3a6b487a5a53@group-813C05265458-LeaderElection354 PRE_VOTE round 0: submit vote requests at term 1 for conf: {index: 0, cur=peers:[aa9634f0-8836-44d6-bc05-5b19fbdd93d5|127.0.0.1:15063, 36185c6b-22ce-45d1-a622-3a6b487a5a53|127.0.0.1:15071, 895d447a-5476-42e4-b2fa-6eb687701d46|127.0.0.1:15079]|listeners:[], old=null}
2025-10-10 10:40:54,102 [grpc-default-executor-1] INFO  server.RaftServer$Division (RaftServerImpl.java:requestVote(1421)) - aa9634f0-8836-44d6-bc05-5b19fbdd93d5@group-813C05265458: receive requestVote(PRE_VOTE, 36185c6b-22ce-45d1-a622-3a6b487a5a53, group-813C05265458, 1, (t:1, i:0))
2025-10-10 10:40:54,102 [grpc-default-executor-8] INFO  server.RaftServer$Division (RaftServerImpl.java:requestVote(1421)) - 895d447a-5476-42e4-b2fa-6eb687701d46@group-813C05265458: receive requestVote(PRE_VOTE, 36185c6b-22ce-45d1-a622-3a6b487a5a53, group-813C05265458, 1, (t:1, i:0))
2025-10-10 10:40:54,102 [grpc-default-executor-1] INFO  impl.VoteContext (VoteContext.java:log(49)) - aa9634f0-8836-44d6-bc05-5b19fbdd93d5@group-813C05265458-FOLLOWER: reject PRE_VOTE from 36185c6b-22ce-45d1-a622-3a6b487a5a53: our priority 1 > candidate's priority 0
2025-10-10 10:40:54,103 [grpc-default-executor-8] INFO  impl.VoteContext (VoteContext.java:log(49)) - 895d447a-5476-42e4-b2fa-6eb687701d46@group-813C05265458-FOLLOWER: accept PRE_VOTE from 36185c6b-22ce-45d1-a622-3a6b487a5a53: our priority 0 <= candidate's priority 0
2025-10-10 10:40:54,103 [grpc-default-executor-1] INFO  server.RaftServer$Division (RaftServerImpl.java:requestVote(1455)) - aa9634f0-8836-44d6-bc05-5b19fbdd93d5@group-813C05265458 replies to PRE_VOTE vote request: 36185c6b-22ce-45d1-a622-3a6b487a5a53<-aa9634f0-8836-44d6-bc05-5b19fbdd93d5#0:FAIL-t1-last:(t:1, i:0). Peer's state: aa9634f0-8836-44d6-bc05-5b19fbdd93d5@group-813C05265458:t1, leader=null, voted=aa9634f0-8836-44d6-bc05-5b19fbdd93d5, raftlog=Memoized:aa9634f0-8836-44d6-bc05-5b19fbdd93d5@group-813C05265458-SegmentedRaftLog:OPENED:c0:last(t:1, i:0), conf=conf: {index: 0, cur=peers:[aa9634f0-8836-44d6-bc05-5b19fbdd93d5|127.0.0.1:15063, 36185c6b-22ce-45d1-a622-3a6b487a5a53|127.0.0.1:15071, 895d447a-5476-42e4-b2fa-6eb687701d46|127.0.0.1:15079]|listeners:[], old=null}
2025-10-10 10:40:54,103 [grpc-default-executor-8] INFO  server.RaftServer$Division (RaftServerImpl.java:requestVote(1455)) - 895d447a-5476-42e4-b2fa-6eb687701d46@group-813C05265458 replies to PRE_VOTE vote request: 36185c6b-22ce-45d1-a622-3a6b487a5a53<-895d447a-5476-42e4-b2fa-6eb687701d46#0:OK-t1-last:(t:1, i:0). Peer's state: 895d447a-5476-42e4-b2fa-6eb687701d46@group-813C05265458:t1, leader=null, voted=aa9634f0-8836-44d6-bc05-5b19fbdd93d5, raftlog=Memoized:895d447a-5476-42e4-b2fa-6eb687701d46@group-813C05265458-SegmentedRaftLog:OPENED:c0:last(t:1, i:0), conf=conf: {index: 0, cur=peers:[aa9634f0-8836-44d6-bc05-5b19fbdd93d5|127.0.0.1:15063, 36185c6b-22ce-45d1-a622-3a6b487a5a53|127.0.0.1:15071, 895d447a-5476-42e4-b2fa-6eb687701d46|127.0.0.1:15079]|listeners:[], old=null}
2025-10-10 10:40:54,103 [36185c6b-22ce-45d1-a622-3a6b487a5a53@group-813C05265458-LeaderElection354] INFO  impl.LeaderElection (LeaderElection.java:logAndReturn(206)) - 36185c6b-22ce-45d1-a622-3a6b487a5a53@group-813C05265458-LeaderElection354: PRE_VOTE REJECTED received 1 response(s) and 0 exception(s):
2025-10-10 10:40:54,103 [36185c6b-22ce-45d1-a622-3a6b487a5a53@group-813C05265458-LeaderElection354] INFO  impl.LeaderElection (LeaderElection.java:logAndReturn(210)) -   Response 0: 36185c6b-22ce-45d1-a622-3a6b487a5a53<-aa9634f0-8836-44d6-bc05-5b19fbdd93d5#0:FAIL-t1-last:(t:1, i:0)
2025-10-10 10:40:54,103 [36185c6b-22ce-45d1-a622-3a6b487a5a53@group-813C05265458-LeaderElection354] INFO  impl.LeaderElection (LeaderElection.java:askForVotes(450)) - 36185c6b-22ce-45d1-a622-3a6b487a5a53@group-813C05265458-LeaderElection354 PRE_VOTE round 0: result REJECTED
2025-10-10 10:40:54,103 [36185c6b-22ce-45d1-a622-3a6b487a5a53@group-813C05265458-LeaderElection354] INFO  server.RaftServer$Division (RaftServerImpl.java:setRole(392)) - 36185c6b-22ce-45d1-a622-3a6b487a5a53@group-813C05265458: changes role from CANDIDATE to FOLLOWER at term 1 for REJECTED
2025-10-10 10:40:54,103 [36185c6b-22ce-45d1-a622-3a6b487a5a53@group-813C05265458-LeaderElection354] INFO  impl.RoleInfo (RoleInfo.java:shutdownLeaderElection(141)) - 36185c6b-22ce-45d1-a622-3a6b487a5a53: shutdown 36185c6b-22ce-45d1-a622-3a6b487a5a53@group-813C05265458-LeaderElection354
2025-10-10 10:40:54,103 [36185c6b-22ce-45d1-a622-3a6b487a5a53@group-813C05265458-LeaderElection354] INFO  impl.RoleInfo (RoleInfo.java:updateAndGet(148)) - 36185c6b-22ce-45d1-a622-3a6b487a5a53: start 36185c6b-22ce-45d1-a622-3a6b487a5a53@group-813C05265458-FollowerState
2025-10-10 10:40:54,817 [aa9634f0-8836-44d6-bc05-5b19fbdd93d5@group-813C05265458-FollowerState] INFO  impl.FollowerState (FollowerState.java:runImpl(161)) - aa9634f0-8836-44d6-bc05-5b19fbdd93d5@group-813C05265458-FollowerState: change to CANDIDATE, lastRpcElapsedTime:1087242062ns, electionTimeout:1087ms
2025-10-10 10:40:54,817 [aa9634f0-8836-44d6-bc05-5b19fbdd93d5@group-813C05265458-FollowerState] INFO  impl.RoleInfo (RoleInfo.java:shutdownFollowerState(121)) - aa9634f0-8836-44d6-bc05-5b19fbdd93d5: shutdown aa9634f0-8836-44d6-bc05-5b19fbdd93d5@group-813C05265458-FollowerState
2025-10-10 10:40:54,817 [aa9634f0-8836-44d6-bc05-5b19fbdd93d5@group-813C05265458-FollowerState] INFO  server.RaftServer$Division (RaftServerImpl.java:setRole(392)) - aa9634f0-8836-44d6-bc05-5b19fbdd93d5@group-813C05265458: changes role from  FOLLOWER to CANDIDATE at term 1 for changeToCandidate
2025-10-10 10:40:54,817 [aa9634f0-8836-44d6-bc05-5b19fbdd93d5@group-813C05265458-FollowerState] INFO  impl.RoleInfo (RoleInfo.java:updateAndGet(148)) - aa9634f0-8836-44d6-bc05-5b19fbdd93d5: start aa9634f0-8836-44d6-bc05-5b19fbdd93d5@group-813C05265458-LeaderElection355
2025-10-10 10:40:54,817 [aa9634f0-8836-44d6-bc05-5b19fbdd93d5@group-813C05265458-LeaderElection355] INFO  impl.LeaderElection (LeaderElection.java:askForVotes(448)) - aa9634f0-8836-44d6-bc05-5b19fbdd93d5@group-813C05265458-LeaderElection355 PRE_VOTE round 0: submit vote requests at term 1 for conf: {index: 0, cur=peers:[aa9634f0-8836-44d6-bc05-5b19fbdd93d5|127.0.0.1:15063, 36185c6b-22ce-45d1-a622-3a6b487a5a53|127.0.0.1:15071, 895d447a-5476-42e4-b2fa-6eb687701d46|127.0.0.1:15079]|listeners:[], old=null}
2025-10-10 10:40:54,818 [aa9634f0-8836-44d6-bc05-5b19fbdd93d5@group-813C05265458-LeaderElection355] INFO  impl.LeaderElection (LogUtils.java:infoOrTrace(142)) - aa9634f0-8836-44d6-bc05-5b19fbdd93d5@group-813C05265458-LeaderElection355 got exception when requesting votes: java.util.concurrent.ExecutionException: org.apache.ratis.thirdparty.io.grpc.StatusRuntimeException: UNAVAILABLE: io exception
2025-10-10 10:40:54,818 [aa9634f0-8836-44d6-bc05-5b19fbdd93d5@group-813C05265458-LeaderElection355] INFO  impl.LeaderElection (LogUtils.java:infoOrTrace(142)) - aa9634f0-8836-44d6-bc05-5b19fbdd93d5@group-813C05265458-LeaderElection355 got exception when requesting votes: java.util.concurrent.ExecutionException: org.apache.ratis.thirdparty.io.grpc.StatusRuntimeException: UNAVAILABLE: io exception
2025-10-10 10:40:54,818 [aa9634f0-8836-44d6-bc05-5b19fbdd93d5@group-813C05265458-LeaderElection355] INFO  impl.LeaderElection (LeaderElection.java:logAndReturn(206)) - aa9634f0-8836-44d6-bc05-5b19fbdd93d5@group-813C05265458-LeaderElection355: PRE_VOTE REJECTED received 0 response(s) and 2 exception(s):
2025-10-10 10:40:54,818 [aa9634f0-8836-44d6-bc05-5b19fbdd93d5@group-813C05265458-LeaderElection355] INFO  impl.LeaderElection (LogUtils.java:infoOrTrace(142)) -   Exception 0: java.util.concurrent.ExecutionException: org.apache.ratis.thirdparty.io.grpc.StatusRuntimeException: UNAVAILABLE: io exception
2025-10-10 10:40:54,818 [aa9634f0-8836-44d6-bc05-5b19fbdd93d5@group-813C05265458-LeaderElection355] INFO  impl.LeaderElection (LogUtils.java:infoOrTrace(142)) -   Exception 1: java.util.concurrent.ExecutionException: org.apache.ratis.thirdparty.io.grpc.StatusRuntimeException: UNAVAILABLE: io exception
2025-10-10 10:40:54,818 [aa9634f0-8836-44d6-bc05-5b19fbdd93d5@group-813C05265458-LeaderElection355] INFO  impl.LeaderElection (LeaderElection.java:askForVotes(450)) - aa9634f0-8836-44d6-bc05-5b19fbdd93d5@group-813C05265458-LeaderElection355 PRE_VOTE round 0: result REJECTED
2025-10-10 10:40:54,818 [aa9634f0-8836-44d6-bc05-5b19fbdd93d5@group-813C05265458-LeaderElection355] INFO  server.RaftServer$Division (RaftServerImpl.java:setRole(392)) - aa9634f0-8836-44d6-bc05-5b19fbdd93d5@group-813C05265458: changes role from CANDIDATE to FOLLOWER at term 1 for REJECTED
2025-10-10 10:40:54,818 [aa9634f0-8836-44d6-bc05-5b19fbdd93d5@group-813C05265458-LeaderElection355] INFO  impl.RoleInfo (RoleInfo.java:shutdownLeaderElection(141)) - aa9634f0-8836-44d6-bc05-5b19fbdd93d5: shutdown aa9634f0-8836-44d6-bc05-5b19fbdd93d5@group-813C05265458-LeaderElection355
2025-10-10 10:40:54,818 [aa9634f0-8836-44d6-bc05-5b19fbdd93d5@group-813C05265458-LeaderElection355] INFO  impl.RoleInfo (RoleInfo.java:updateAndGet(148)) - aa9634f0-8836-44d6-bc05-5b19fbdd93d5: start aa9634f0-8836-44d6-bc05-5b19fbdd93d5@group-813C05265458-FollowerState
2025-10-10 10:40:55,155 [36185c6b-22ce-45d1-a622-3a6b487a5a53@group-813C05265458-FollowerState] INFO  impl.FollowerState (FollowerState.java:runImpl(161)) - 36185c6b-22ce-45d1-a622-3a6b487a5a53@group-813C05265458-FollowerState: change to CANDIDATE, lastRpcElapsedTime:1051349219ns, electionTimeout:1051ms
2025-10-10 10:40:55,155 [36185c6b-22ce-45d1-a622-3a6b487a5a53@group-813C05265458-FollowerState] INFO  impl.RoleInfo (RoleInfo.java:shutdownFollowerState(121)) - 36185c6b-22ce-45d1-a622-3a6b487a5a53: shutdown 36185c6b-22ce-45d1-a622-3a6b487a5a53@group-813C05265458-FollowerState
2025-10-10 10:40:55,155 [36185c6b-22ce-45d1-a622-3a6b487a5a53@group-813C05265458-FollowerState] INFO  server.RaftServer$Division (RaftServerImpl.java:setRole(392)) - 36185c6b-22ce-45d1-a622-3a6b487a5a53@group-813C05265458: changes role from  FOLLOWER to CANDIDATE at term 1 for changeToCandidate
2025-10-10 10:40:55,155 [36185c6b-22ce-45d1-a622-3a6b487a5a53@group-813C05265458-FollowerState] INFO  impl.RoleInfo (RoleInfo.java:updateAndGet(148)) - 36185c6b-22ce-45d1-a622-3a6b487a5a53: start 36185c6b-22ce-45d1-a622-3a6b487a5a53@group-813C05265458-LeaderElection356
2025-10-10 10:40:55,155 [36185c6b-22ce-45d1-a622-3a6b487a5a53@group-813C05265458-LeaderElection356] INFO  impl.LeaderElection (LeaderElection.java:askForVotes(448)) - 36185c6b-22ce-45d1-a622-3a6b487a5a53@group-813C05265458-LeaderElection356 PRE_VOTE round 0: submit vote requests at term 1 for conf: {index: 0, cur=peers:[aa9634f0-8836-44d6-bc05-5b19fbdd93d5|127.0.0.1:15063, 36185c6b-22ce-45d1-a622-3a6b487a5a53|127.0.0.1:15071, 895d447a-5476-42e4-b2fa-6eb687701d46|127.0.0.1:15079]|listeners:[], old=null}
2025-10-10 10:40:55,156 [grpc-default-executor-8] INFO  server.RaftServer$Division (RaftServerImpl.java:requestVote(1421)) - 895d447a-5476-42e4-b2fa-6eb687701d46@group-813C05265458: receive requestVote(PRE_VOTE, 36185c6b-22ce-45d1-a622-3a6b487a5a53, group-813C05265458, 1, (t:1, i:0))
2025-10-10 10:40:55,156 [grpc-default-executor-1] INFO  server.RaftServer$Division (RaftServerImpl.java:requestVote(1421)) - aa9634f0-8836-44d6-bc05-5b19fbdd93d5@group-813C05265458: receive requestVote(PRE_VOTE, 36185c6b-22ce-45d1-a622-3a6b487a5a53, group-813C05265458, 1, (t:1, i:0))
2025-10-10 10:40:55,156 [grpc-default-executor-8] INFO  impl.VoteContext (VoteContext.java:log(49)) - 895d447a-5476-42e4-b2fa-6eb687701d46@group-813C05265458-FOLLOWER: accept PRE_VOTE from 36185c6b-22ce-45d1-a622-3a6b487a5a53: our priority 0 <= candidate's priority 0
2025-10-10 10:40:55,156 [grpc-default-executor-1] INFO  impl.VoteContext (VoteContext.java:log(49)) - aa9634f0-8836-44d6-bc05-5b19fbdd93d5@group-813C05265458-FOLLOWER: reject PRE_VOTE from 36185c6b-22ce-45d1-a622-3a6b487a5a53: our priority 1 > candidate's priority 0
2025-10-10 10:40:55,157 [grpc-default-executor-1] INFO  server.RaftServer$Division (RaftServerImpl.java:requestVote(1455)) - aa9634f0-8836-44d6-bc05-5b19fbdd93d5@group-813C05265458 replies to PRE_VOTE vote request: 36185c6b-22ce-45d1-a622-3a6b487a5a53<-aa9634f0-8836-44d6-bc05-5b19fbdd93d5#0:FAIL-t1-last:(t:1, i:0). Peer's state: aa9634f0-8836-44d6-bc05-5b19fbdd93d5@group-813C05265458:t1, leader=null, voted=aa9634f0-8836-44d6-bc05-5b19fbdd93d5, raftlog=Memoized:aa9634f0-8836-44d6-bc05-5b19fbdd93d5@group-813C05265458-SegmentedRaftLog:OPENED:c0:last(t:1, i:0), conf=conf: {index: 0, cur=peers:[aa9634f0-8836-44d6-bc05-5b19fbdd93d5|127.0.0.1:15063, 36185c6b-22ce-45d1-a622-3a6b487a5a53|127.0.0.1:15071, 895d447a-5476-42e4-b2fa-6eb687701d46|127.0.0.1:15079]|listeners:[], old=null}
2025-10-10 10:40:55,157 [grpc-default-executor-8] INFO  server.RaftServer$Division (RaftServerImpl.java:requestVote(1455)) - 895d447a-5476-42e4-b2fa-6eb687701d46@group-813C05265458 replies to PRE_VOTE vote request: 36185c6b-22ce-45d1-a622-3a6b487a5a53<-895d447a-5476-42e4-b2fa-6eb687701d46#0:OK-t1-last:(t:1, i:0). Peer's state: 895d447a-5476-42e4-b2fa-6eb687701d46@group-813C05265458:t1, leader=null, voted=aa9634f0-8836-44d6-bc05-5b19fbdd93d5, raftlog=Memoized:895d447a-5476-42e4-b2fa-6eb687701d46@group-813C05265458-SegmentedRaftLog:OPENED:c0:last(t:1, i:0), conf=conf: {index: 0, cur=peers:[aa9634f0-8836-44d6-bc05-5b19fbdd93d5|127.0.0.1:15063, 36185c6b-22ce-45d1-a622-3a6b487a5a53|127.0.0.1:15071, 895d447a-5476-42e4-b2fa-6eb687701d46|127.0.0.1:15079]|listeners:[], old=null}
2025-10-10 10:40:55,157 [36185c6b-22ce-45d1-a622-3a6b487a5a53@group-813C05265458-LeaderElection356] INFO  impl.LeaderElection (LeaderElection.java:logAndReturn(206)) - 36185c6b-22ce-45d1-a622-3a6b487a5a53@group-813C05265458-LeaderElection356: PRE_VOTE REJECTED received 1 response(s) and 0 exception(s):
2025-10-10 10:40:55,157 [36185c6b-22ce-45d1-a622-3a6b487a5a53@group-813C05265458-LeaderElection356] INFO  impl.LeaderElection (LeaderElection.java:logAndReturn(210)) -   Response 0: 36185c6b-22ce-45d1-a622-3a6b487a5a53<-aa9634f0-8836-44d6-bc05-5b19fbdd93d5#0:FAIL-t1-last:(t:1, i:0)
2025-10-10 10:40:55,157 [36185c6b-22ce-45d1-a622-3a6b487a5a53@group-813C05265458-LeaderElection356] INFO  impl.LeaderElection (LeaderElection.java:askForVotes(450)) - 36185c6b-22ce-45d1-a622-3a6b487a5a53@group-813C05265458-LeaderElection356 PRE_VOTE round 0: result REJECTED
2025-10-10 10:40:55,157 [36185c6b-22ce-45d1-a622-3a6b487a5a53@group-813C05265458-LeaderElection356] INFO  server.RaftServer$Division (RaftServerImpl.java:setRole(392)) - 36185c6b-22ce-45d1-a622-3a6b487a5a53@group-813C05265458: changes role from CANDIDATE to FOLLOWER at term 1 for REJECTED
2025-10-10 10:40:55,157 [36185c6b-22ce-45d1-a622-3a6b487a5a53@group-813C05265458-LeaderElection356] INFO  impl.RoleInfo (RoleInfo.java:shutdownLeaderElection(141)) - 36185c6b-22ce-45d1-a622-3a6b487a5a53: shutdown 36185c6b-22ce-45d1-a622-3a6b487a5a53@group-813C05265458-LeaderElection356
2025-10-10 10:40:55,157 [36185c6b-22ce-45d1-a622-3a6b487a5a53@group-813C05265458-LeaderElection356] INFO  impl.RoleInfo (RoleInfo.java:updateAndGet(148)) - 36185c6b-22ce-45d1-a622-3a6b487a5a53: start 36185c6b-22ce-45d1-a622-3a6b487a5a53@group-813C05265458-FollowerState
2025-10-10 10:40:55,926 [aa9634f0-8836-44d6-bc05-5b19fbdd93d5@group-813C05265458-FollowerState] INFO  impl.FollowerState (FollowerState.java:runImpl(161)) - aa9634f0-8836-44d6-bc05-5b19fbdd93d5@group-813C05265458-FollowerState: change to CANDIDATE, lastRpcElapsedTime:1108240055ns, electionTimeout:1108ms
2025-10-10 10:40:55,926 [aa9634f0-8836-44d6-bc05-5b19fbdd93d5@group-813C05265458-FollowerState] INFO  impl.RoleInfo (RoleInfo.java:shutdownFollowerState(121)) - aa9634f0-8836-44d6-bc05-5b19fbdd93d5: shutdown aa9634f0-8836-44d6-bc05-5b19fbdd93d5@group-813C05265458-FollowerState
2025-10-10 10:40:55,927 [aa9634f0-8836-44d6-bc05-5b19fbdd93d5@group-813C05265458-FollowerState] INFO  server.RaftServer$Division (RaftServerImpl.java:setRole(392)) - aa9634f0-8836-44d6-bc05-5b19fbdd93d5@group-813C05265458: changes role from  FOLLOWER to CANDIDATE at term 1 for changeToCandidate
2025-10-10 10:40:55,927 [aa9634f0-8836-44d6-bc05-5b19fbdd93d5@group-813C05265458-FollowerState] INFO  impl.RoleInfo (RoleInfo.java:updateAndGet(148)) - aa9634f0-8836-44d6-bc05-5b19fbdd93d5: start aa9634f0-8836-44d6-bc05-5b19fbdd93d5@group-813C05265458-LeaderElection357
2025-10-10 10:40:55,927 [aa9634f0-8836-44d6-bc05-5b19fbdd93d5@group-813C05265458-LeaderElection357] INFO  impl.LeaderElection (LeaderElection.java:askForVotes(448)) - aa9634f0-8836-44d6-bc05-5b19fbdd93d5@group-813C05265458-LeaderElection357 PRE_VOTE round 0: submit vote requests at term 1 for conf: {index: 0, cur=peers:[aa9634f0-8836-44d6-bc05-5b19fbdd93d5|127.0.0.1:15063, 36185c6b-22ce-45d1-a622-3a6b487a5a53|127.0.0.1:15071, 895d447a-5476-42e4-b2fa-6eb687701d46|127.0.0.1:15079]|listeners:[], old=null}
2025-10-10 10:40:55,927 [aa9634f0-8836-44d6-bc05-5b19fbdd93d5@group-813C05265458-LeaderElection357] INFO  impl.LeaderElection (LogUtils.java:infoOrTrace(142)) - aa9634f0-8836-44d6-bc05-5b19fbdd93d5@group-813C05265458-LeaderElection357 got exception when requesting votes: java.util.concurrent.ExecutionException: org.apache.ratis.thirdparty.io.grpc.StatusRuntimeException: UNAVAILABLE: io exception
2025-10-10 10:40:55,927 [aa9634f0-8836-44d6-bc05-5b19fbdd93d5@group-813C05265458-LeaderElection357] INFO  impl.LeaderElection (LogUtils.java:infoOrTrace(142)) - aa9634f0-8836-44d6-bc05-5b19fbdd93d5@group-813C05265458-LeaderElection357 got exception when requesting votes: java.util.concurrent.ExecutionException: org.apache.ratis.thirdparty.io.grpc.StatusRuntimeException: UNAVAILABLE: io exception
2025-10-10 10:40:55,927 [aa9634f0-8836-44d6-bc05-5b19fbdd93d5@group-813C05265458-LeaderElection357] INFO  impl.LeaderElection (LeaderElection.java:logAndReturn(206)) - aa9634f0-8836-44d6-bc05-5b19fbdd93d5@group-813C05265458-LeaderElection357: PRE_VOTE REJECTED received 0 response(s) and 2 exception(s):
2025-10-10 10:40:55,928 [aa9634f0-8836-44d6-bc05-5b19fbdd93d5@group-813C05265458-LeaderElection357] INFO  impl.LeaderElection (LogUtils.java:infoOrTrace(142)) -   Exception 0: java.util.concurrent.ExecutionException: org.apache.ratis.thirdparty.io.grpc.StatusRuntimeException: UNAVAILABLE: io exception
2025-10-10 10:40:55,928 [aa9634f0-8836-44d6-bc05-5b19fbdd93d5@group-813C05265458-LeaderElection357] INFO  impl.LeaderElection (LogUtils.java:infoOrTrace(142)) -   Exception 1: java.util.concurrent.ExecutionException: org.apache.ratis.thirdparty.io.grpc.StatusRuntimeException: UNAVAILABLE: io exception
2025-10-10 10:40:55,928 [aa9634f0-8836-44d6-bc05-5b19fbdd93d5@group-813C05265458-LeaderElection357] INFO  impl.LeaderElection (LeaderElection.java:askForVotes(450)) - aa9634f0-8836-44d6-bc05-5b19fbdd93d5@group-813C05265458-LeaderElection357 PRE_VOTE round 0: result REJECTED
2025-10-10 10:40:55,928 [aa9634f0-8836-44d6-bc05-5b19fbdd93d5@group-813C05265458-LeaderElection357] INFO  server.RaftServer$Division (RaftServerImpl.java:setRole(392)) - aa9634f0-8836-44d6-bc05-5b19fbdd93d5@group-813C05265458: changes role from CANDIDATE to FOLLOWER at term 1 for REJECTED
2025-10-10 10:40:55,928 [aa9634f0-8836-44d6-bc05-5b19fbdd93d5@group-813C05265458-LeaderElection357] INFO  impl.RoleInfo (RoleInfo.java:shutdownLeaderElection(141)) - aa9634f0-8836-44d6-bc05-5b19fbdd93d5: shutdown aa9634f0-8836-44d6-bc05-5b19fbdd93d5@group-813C05265458-LeaderElection357
2025-10-10 10:40:55,928 [aa9634f0-8836-44d6-bc05-5b19fbdd93d5@group-813C05265458-LeaderElection357] INFO  impl.RoleInfo (RoleInfo.java:updateAndGet(148)) - aa9634f0-8836-44d6-bc05-5b19fbdd93d5: start aa9634f0-8836-44d6-bc05-5b19fbdd93d5@group-813C05265458-FollowerState
2025-10-10 10:40:56,221 [36185c6b-22ce-45d1-a622-3a6b487a5a53@group-813C05265458-FollowerState] INFO  impl.FollowerState (FollowerState.java:runImpl(161)) - 36185c6b-22ce-45d1-a622-3a6b487a5a53@group-813C05265458-FollowerState: change to CANDIDATE, lastRpcElapsedTime:1063359555ns, electionTimeout:1063ms
2025-10-10 10:40:56,221 [36185c6b-22ce-45d1-a622-3a6b487a5a53@group-813C05265458-FollowerState] INFO  impl.RoleInfo (RoleInfo.java:shutdownFollowerState(121)) - 36185c6b-22ce-45d1-a622-3a6b487a5a53: shutdown 36185c6b-22ce-45d1-a622-3a6b487a5a53@group-813C05265458-FollowerState
2025-10-10 10:40:56,221 [36185c6b-22ce-45d1-a622-3a6b487a5a53@group-813C05265458-FollowerState] INFO  server.RaftServer$Division (RaftServerImpl.java:setRole(392)) - 36185c6b-22ce-45d1-a622-3a6b487a5a53@group-813C05265458: changes role from  FOLLOWER to CANDIDATE at term 1 for changeToCandidate
2025-10-10 10:40:56,221 [36185c6b-22ce-45d1-a622-3a6b487a5a53@group-813C05265458-FollowerState] INFO  impl.RoleInfo (RoleInfo.java:updateAndGet(148)) - 36185c6b-22ce-45d1-a622-3a6b487a5a53: start 36185c6b-22ce-45d1-a622-3a6b487a5a53@group-813C05265458-LeaderElection358
2025-10-10 10:40:56,221 [36185c6b-22ce-45d1-a622-3a6b487a5a53@group-813C05265458-LeaderElection358] INFO  impl.LeaderElection (LeaderElection.java:askForVotes(448)) - 36185c6b-22ce-45d1-a622-3a6b487a5a53@group-813C05265458-LeaderElection358 PRE_VOTE round 0: submit vote requests at term 1 for conf: {index: 0, cur=peers:[aa9634f0-8836-44d6-bc05-5b19fbdd93d5|127.0.0.1:15063, 36185c6b-22ce-45d1-a622-3a6b487a5a53|127.0.0.1:15071, 895d447a-5476-42e4-b2fa-6eb687701d46|127.0.0.1:15079]|listeners:[], old=null}
2025-10-10 10:40:56,222 [grpc-default-executor-1] INFO  server.RaftServer$Division (RaftServerImpl.java:requestVote(1421)) - 895d447a-5476-42e4-b2fa-6eb687701d46@group-813C05265458: receive requestVote(PRE_VOTE, 36185c6b-22ce-45d1-a622-3a6b487a5a53, group-813C05265458, 1, (t:1, i:0))
2025-10-10 10:40:56,222 [grpc-default-executor-8] INFO  server.RaftServer$Division (RaftServerImpl.java:requestVote(1421)) - aa9634f0-8836-44d6-bc05-5b19fbdd93d5@group-813C05265458: receive requestVote(PRE_VOTE, 36185c6b-22ce-45d1-a622-3a6b487a5a53, group-813C05265458, 1, (t:1, i:0))
2025-10-10 10:40:56,223 [grpc-default-executor-1] INFO  impl.VoteContext (VoteContext.java:log(49)) - 895d447a-5476-42e4-b2fa-6eb687701d46@group-813C05265458-FOLLOWER: accept PRE_VOTE from 36185c6b-22ce-45d1-a622-3a6b487a5a53: our priority 0 <= candidate's priority 0
2025-10-10 10:40:56,223 [grpc-default-executor-8] INFO  impl.VoteContext (VoteContext.java:log(49)) - aa9634f0-8836-44d6-bc05-5b19fbdd93d5@group-813C05265458-FOLLOWER: reject PRE_VOTE from 36185c6b-22ce-45d1-a622-3a6b487a5a53: our priority 1 > candidate's priority 0
2025-10-10 10:40:56,223 [grpc-default-executor-8] INFO  server.RaftServer$Division (RaftServerImpl.java:requestVote(1455)) - aa9634f0-8836-44d6-bc05-5b19fbdd93d5@group-813C05265458 replies to PRE_VOTE vote request: 36185c6b-22ce-45d1-a622-3a6b487a5a53<-aa9634f0-8836-44d6-bc05-5b19fbdd93d5#0:FAIL-t1-last:(t:1, i:0). Peer's state: aa9634f0-8836-44d6-bc05-5b19fbdd93d5@group-813C05265458:t1, leader=null, voted=aa9634f0-8836-44d6-bc05-5b19fbdd93d5, raftlog=Memoized:aa9634f0-8836-44d6-bc05-5b19fbdd93d5@group-813C05265458-SegmentedRaftLog:OPENED:c0:last(t:1, i:0), conf=conf: {index: 0, cur=peers:[aa9634f0-8836-44d6-bc05-5b19fbdd93d5|127.0.0.1:15063, 36185c6b-22ce-45d1-a622-3a6b487a5a53|127.0.0.1:15071, 895d447a-5476-42e4-b2fa-6eb687701d46|127.0.0.1:15079]|listeners:[], old=null}
2025-10-10 10:40:56,223 [grpc-default-executor-1] INFO  server.RaftServer$Division (RaftServerImpl.java:requestVote(1455)) - 895d447a-5476-42e4-b2fa-6eb687701d46@group-813C05265458 replies to PRE_VOTE vote request: 36185c6b-22ce-45d1-a622-3a6b487a5a53<-895d447a-5476-42e4-b2fa-6eb687701d46#0:OK-t1-last:(t:1, i:0). Peer's state: 895d447a-5476-42e4-b2fa-6eb687701d46@group-813C05265458:t1, leader=null, voted=aa9634f0-8836-44d6-bc05-5b19fbdd93d5, raftlog=Memoized:895d447a-5476-42e4-b2fa-6eb687701d46@group-813C05265458-SegmentedRaftLog:OPENED:c0:last(t:1, i:0), conf=conf: {index: 0, cur=peers:[aa9634f0-8836-44d6-bc05-5b19fbdd93d5|127.0.0.1:15063, 36185c6b-22ce-45d1-a622-3a6b487a5a53|127.0.0.1:15071, 895d447a-5476-42e4-b2fa-6eb687701d46|127.0.0.1:15079]|listeners:[], old=null}
2025-10-10 10:40:56,224 [36185c6b-22ce-45d1-a622-3a6b487a5a53@group-813C05265458-LeaderElection358] INFO  impl.LeaderElection (LeaderElection.java:logAndReturn(206)) - 36185c6b-22ce-45d1-a622-3a6b487a5a53@group-813C05265458-LeaderElection358: PRE_VOTE REJECTED received 1 response(s) and 0 exception(s):
2025-10-10 10:40:56,224 [36185c6b-22ce-45d1-a622-3a6b487a5a53@group-813C05265458-LeaderElection358] INFO  impl.LeaderElection (LeaderElection.java:logAndReturn(210)) -   Response 0: 36185c6b-22ce-45d1-a622-3a6b487a5a53<-aa9634f0-8836-44d6-bc05-5b19fbdd93d5#0:FAIL-t1-last:(t:1, i:0)
2025-10-10 10:40:56,224 [36185c6b-22ce-45d1-a622-3a6b487a5a53@group-813C05265458-LeaderElection358] INFO  impl.LeaderElection (LeaderElection.java:askForVotes(450)) - 36185c6b-22ce-45d1-a622-3a6b487a5a53@group-813C05265458-LeaderElection358 PRE_VOTE round 0: result REJECTED
2025-10-10 10:40:56,224 [36185c6b-22ce-45d1-a622-3a6b487a5a53@group-813C05265458-LeaderElection358] INFO  server.RaftServer$Division (RaftServerImpl.java:setRole(392)) - 36185c6b-22ce-45d1-a622-3a6b487a5a53@group-813C05265458: changes role from CANDIDATE to FOLLOWER at term 1 for REJECTED
2025-10-10 10:40:56,224 [36185c6b-22ce-45d1-a622-3a6b487a5a53@group-813C05265458-LeaderElection358] INFO  impl.RoleInfo (RoleInfo.java:shutdownLeaderElection(141)) - 36185c6b-22ce-45d1-a622-3a6b487a5a53: shutdown 36185c6b-22ce-45d1-a622-3a6b487a5a53@group-813C05265458-LeaderElection358
2025-10-10 10:40:56,224 [36185c6b-22ce-45d1-a622-3a6b487a5a53@group-813C05265458-LeaderElection358] INFO  impl.RoleInfo (RoleInfo.java:updateAndGet(148)) - 36185c6b-22ce-45d1-a622-3a6b487a5a53: start 36185c6b-22ce-45d1-a622-3a6b487a5a53@group-813C05265458-FollowerState
2025-10-10 10:40:56,948 [aa9634f0-8836-44d6-bc05-5b19fbdd93d5@group-813C05265458-FollowerState] INFO  impl.FollowerState (FollowerState.java:runImpl(161)) - aa9634f0-8836-44d6-bc05-5b19fbdd93d5@group-813C05265458-FollowerState: change to CANDIDATE, lastRpcElapsedTime:1020221439ns, electionTimeout:1020ms
2025-10-10 10:40:56,948 [aa9634f0-8836-44d6-bc05-5b19fbdd93d5@group-813C05265458-FollowerState] INFO  impl.RoleInfo (RoleInfo.java:shutdownFollowerState(121)) - aa9634f0-8836-44d6-bc05-5b19fbdd93d5: shutdown aa9634f0-8836-44d6-bc05-5b19fbdd93d5@group-813C05265458-FollowerState
2025-10-10 10:40:56,948 [aa9634f0-8836-44d6-bc05-5b19fbdd93d5@group-813C05265458-FollowerState] INFO  server.RaftServer$Division (RaftServerImpl.java:setRole(392)) - aa9634f0-8836-44d6-bc05-5b19fbdd93d5@group-813C05265458: changes role from  FOLLOWER to CANDIDATE at term 1 for changeToCandidate
2025-10-10 10:40:56,948 [aa9634f0-8836-44d6-bc05-5b19fbdd93d5@group-813C05265458-FollowerState] INFO  impl.RoleInfo (RoleInfo.java:updateAndGet(148)) - aa9634f0-8836-44d6-bc05-5b19fbdd93d5: start aa9634f0-8836-44d6-bc05-5b19fbdd93d5@group-813C05265458-LeaderElection359
2025-10-10 10:40:56,949 [aa9634f0-8836-44d6-bc05-5b19fbdd93d5@group-813C05265458-LeaderElection359] INFO  impl.LeaderElection (LeaderElection.java:askForVotes(448)) - aa9634f0-8836-44d6-bc05-5b19fbdd93d5@group-813C05265458-LeaderElection359 PRE_VOTE round 0: submit vote requests at term 1 for conf: {index: 0, cur=peers:[aa9634f0-8836-44d6-bc05-5b19fbdd93d5|127.0.0.1:15063, 36185c6b-22ce-45d1-a622-3a6b487a5a53|127.0.0.1:15071, 895d447a-5476-42e4-b2fa-6eb687701d46|127.0.0.1:15079]|listeners:[], old=null}
2025-10-10 10:40:56,949 [aa9634f0-8836-44d6-bc05-5b19fbdd93d5@group-813C05265458-LeaderElection359] INFO  impl.LeaderElection (LogUtils.java:infoOrTrace(142)) - aa9634f0-8836-44d6-bc05-5b19fbdd93d5@group-813C05265458-LeaderElection359 got exception when requesting votes: java.util.concurrent.ExecutionException: org.apache.ratis.thirdparty.io.grpc.StatusRuntimeException: UNAVAILABLE: io exception
2025-10-10 10:40:56,949 [aa9634f0-8836-44d6-bc05-5b19fbdd93d5@group-813C05265458-LeaderElection359] INFO  impl.LeaderElection (LogUtils.java:infoOrTrace(142)) - aa9634f0-8836-44d6-bc05-5b19fbdd93d5@group-813C05265458-LeaderElection359 got exception when requesting votes: java.util.concurrent.ExecutionException: org.apache.ratis.thirdparty.io.grpc.StatusRuntimeException: UNAVAILABLE: io exception
2025-10-10 10:40:56,949 [aa9634f0-8836-44d6-bc05-5b19fbdd93d5@group-813C05265458-LeaderElection359] INFO  impl.LeaderElection (LeaderElection.java:logAndReturn(206)) - aa9634f0-8836-44d6-bc05-5b19fbdd93d5@group-813C05265458-LeaderElection359: PRE_VOTE REJECTED received 0 response(s) and 2 exception(s):
2025-10-10 10:40:56,949 [aa9634f0-8836-44d6-bc05-5b19fbdd93d5@group-813C05265458-LeaderElection359] INFO  impl.LeaderElection (LogUtils.java:infoOrTrace(142)) -   Exception 0: java.util.concurrent.ExecutionException: org.apache.ratis.thirdparty.io.grpc.StatusRuntimeException: UNAVAILABLE: io exception
2025-10-10 10:40:56,949 [aa9634f0-8836-44d6-bc05-5b19fbdd93d5@group-813C05265458-LeaderElection359] INFO  impl.LeaderElection (LogUtils.java:infoOrTrace(142)) -   Exception 1: java.util.concurrent.ExecutionException: org.apache.ratis.thirdparty.io.grpc.StatusRuntimeException: UNAVAILABLE: io exception
2025-10-10 10:40:56,949 [aa9634f0-8836-44d6-bc05-5b19fbdd93d5@group-813C05265458-LeaderElection359] INFO  impl.LeaderElection (LeaderElection.java:askForVotes(450)) - aa9634f0-8836-44d6-bc05-5b19fbdd93d5@group-813C05265458-LeaderElection359 PRE_VOTE round 0: result REJECTED
2025-10-10 10:40:56,949 [aa9634f0-8836-44d6-bc05-5b19fbdd93d5@group-813C05265458-LeaderElection359] INFO  server.RaftServer$Division (RaftServerImpl.java:setRole(392)) - aa9634f0-8836-44d6-bc05-5b19fbdd93d5@group-813C05265458: changes role from CANDIDATE to FOLLOWER at term 1 for REJECTED
2025-10-10 10:40:56,949 [aa9634f0-8836-44d6-bc05-5b19fbdd93d5@group-813C05265458-LeaderElection359] INFO  impl.RoleInfo (RoleInfo.java:shutdownLeaderElection(141)) - aa9634f0-8836-44d6-bc05-5b19fbdd93d5: shutdown aa9634f0-8836-44d6-bc05-5b19fbdd93d5@group-813C05265458-LeaderElection359
2025-10-10 10:40:56,949 [aa9634f0-8836-44d6-bc05-5b19fbdd93d5@group-813C05265458-LeaderElection359] INFO  impl.RoleInfo (RoleInfo.java:updateAndGet(148)) - aa9634f0-8836-44d6-bc05-5b19fbdd93d5: start aa9634f0-8836-44d6-bc05-5b19fbdd93d5@group-813C05265458-FollowerState
2025-10-10 10:40:57,373 [36185c6b-22ce-45d1-a622-3a6b487a5a53@group-813C05265458-FollowerState] INFO  impl.FollowerState (FollowerState.java:runImpl(161)) - 36185c6b-22ce-45d1-a622-3a6b487a5a53@group-813C05265458-FollowerState: change to CANDIDATE, lastRpcElapsedTime:1148263949ns, electionTimeout:1148ms
2025-10-10 10:40:57,373 [36185c6b-22ce-45d1-a622-3a6b487a5a53@group-813C05265458-FollowerState] INFO  impl.RoleInfo (RoleInfo.java:shutdownFollowerState(121)) - 36185c6b-22ce-45d1-a622-3a6b487a5a53: shutdown 36185c6b-22ce-45d1-a622-3a6b487a5a53@group-813C05265458-FollowerState
2025-10-10 10:40:57,373 [36185c6b-22ce-45d1-a622-3a6b487a5a53@group-813C05265458-FollowerState] INFO  server.RaftServer$Division (RaftServerImpl.java:setRole(392)) - 36185c6b-22ce-45d1-a622-3a6b487a5a53@group-813C05265458: changes role from  FOLLOWER to CANDIDATE at term 1 for changeToCandidate
2025-10-10 10:40:57,373 [36185c6b-22ce-45d1-a622-3a6b487a5a53@group-813C05265458-FollowerState] INFO  impl.RoleInfo (RoleInfo.java:updateAndGet(148)) - 36185c6b-22ce-45d1-a622-3a6b487a5a53: start 36185c6b-22ce-45d1-a622-3a6b487a5a53@group-813C05265458-LeaderElection360
2025-10-10 10:40:57,373 [36185c6b-22ce-45d1-a622-3a6b487a5a53@group-813C05265458-LeaderElection360] INFO  impl.LeaderElection (LeaderElection.java:askForVotes(448)) - 36185c6b-22ce-45d1-a622-3a6b487a5a53@group-813C05265458-LeaderElection360 PRE_VOTE round 0: submit vote requests at term 1 for conf: {index: 0, cur=peers:[aa9634f0-8836-44d6-bc05-5b19fbdd93d5|127.0.0.1:15063, 36185c6b-22ce-45d1-a622-3a6b487a5a53|127.0.0.1:15071, 895d447a-5476-42e4-b2fa-6eb687701d46|127.0.0.1:15079]|listeners:[], old=null}
2025-10-10 10:40:57,374 [grpc-default-executor-1] INFO  server.RaftServer$Division (RaftServerImpl.java:requestVote(1421)) - aa9634f0-8836-44d6-bc05-5b19fbdd93d5@group-813C05265458: receive requestVote(PRE_VOTE, 36185c6b-22ce-45d1-a622-3a6b487a5a53, group-813C05265458, 1, (t:1, i:0))
2025-10-10 10:40:57,374 [grpc-default-executor-8] INFO  server.RaftServer$Division (RaftServerImpl.java:requestVote(1421)) - 895d447a-5476-42e4-b2fa-6eb687701d46@group-813C05265458: receive requestVote(PRE_VOTE, 36185c6b-22ce-45d1-a622-3a6b487a5a53, group-813C05265458, 1, (t:1, i:0))
2025-10-10 10:40:57,374 [grpc-default-executor-1] INFO  impl.VoteContext (VoteContext.java:log(49)) - aa9634f0-8836-44d6-bc05-5b19fbdd93d5@group-813C05265458-FOLLOWER: reject PRE_VOTE from 36185c6b-22ce-45d1-a622-3a6b487a5a53: our priority 1 > candidate's priority 0
2025-10-10 10:40:57,374 [grpc-default-executor-8] INFO  impl.VoteContext (VoteContext.java:log(49)) - 895d447a-5476-42e4-b2fa-6eb687701d46@group-813C05265458-FOLLOWER: accept PRE_VOTE from 36185c6b-22ce-45d1-a622-3a6b487a5a53: our priority 0 <= candidate's priority 0
2025-10-10 10:40:57,375 [grpc-default-executor-1] INFO  server.RaftServer$Division (RaftServerImpl.java:requestVote(1455)) - aa9634f0-8836-44d6-bc05-5b19fbdd93d5@group-813C05265458 replies to PRE_VOTE vote request: 36185c6b-22ce-45d1-a622-3a6b487a5a53<-aa9634f0-8836-44d6-bc05-5b19fbdd93d5#0:FAIL-t1-last:(t:1, i:0). Peer's state: aa9634f0-8836-44d6-bc05-5b19fbdd93d5@group-813C05265458:t1, leader=null, voted=aa9634f0-8836-44d6-bc05-5b19fbdd93d5, raftlog=Memoized:aa9634f0-8836-44d6-bc05-5b19fbdd93d5@group-813C05265458-SegmentedRaftLog:OPENED:c0:last(t:1, i:0), conf=conf: {index: 0, cur=peers:[aa9634f0-8836-44d6-bc05-5b19fbdd93d5|127.0.0.1:15063, 36185c6b-22ce-45d1-a622-3a6b487a5a53|127.0.0.1:15071, 895d447a-5476-42e4-b2fa-6eb687701d46|127.0.0.1:15079]|listeners:[], old=null}
2025-10-10 10:40:57,375 [grpc-default-executor-8] INFO  server.RaftServer$Division (RaftServerImpl.java:requestVote(1455)) - 895d447a-5476-42e4-b2fa-6eb687701d46@group-813C05265458 replies to PRE_VOTE vote request: 36185c6b-22ce-45d1-a622-3a6b487a5a53<-895d447a-5476-42e4-b2fa-6eb687701d46#0:OK-t1-last:(t:1, i:0). Peer's state: 895d447a-5476-42e4-b2fa-6eb687701d46@group-813C05265458:t1, leader=null, voted=aa9634f0-8836-44d6-bc05-5b19fbdd93d5, raftlog=Memoized:895d447a-5476-42e4-b2fa-6eb687701d46@group-813C05265458-SegmentedRaftLog:OPENED:c0:last(t:1, i:0), conf=conf: {index: 0, cur=peers:[aa9634f0-8836-44d6-bc05-5b19fbdd93d5|127.0.0.1:15063, 36185c6b-22ce-45d1-a622-3a6b487a5a53|127.0.0.1:15071, 895d447a-5476-42e4-b2fa-6eb687701d46|127.0.0.1:15079]|listeners:[], old=null}
2025-10-10 10:40:57,375 [36185c6b-22ce-45d1-a622-3a6b487a5a53@group-813C05265458-LeaderElection360] INFO  impl.LeaderElection (LeaderElection.java:logAndReturn(206)) - 36185c6b-22ce-45d1-a622-3a6b487a5a53@group-813C05265458-LeaderElection360: PRE_VOTE REJECTED received 2 response(s) and 0 exception(s):
2025-10-10 10:40:57,375 [36185c6b-22ce-45d1-a622-3a6b487a5a53@group-813C05265458-LeaderElection360] INFO  impl.LeaderElection (LeaderElection.java:logAndReturn(210)) -   Response 0: 36185c6b-22ce-45d1-a622-3a6b487a5a53<-aa9634f0-8836-44d6-bc05-5b19fbdd93d5#0:FAIL-t1-last:(t:1, i:0)
2025-10-10 10:40:57,375 [36185c6b-22ce-45d1-a622-3a6b487a5a53@group-813C05265458-LeaderElection360] INFO  impl.LeaderElection (LeaderElection.java:logAndReturn(210)) -   Response 1: 36185c6b-22ce-45d1-a622-3a6b487a5a53<-895d447a-5476-42e4-b2fa-6eb687701d46#0:OK-t1-last:(t:1, i:0)
2025-10-10 10:40:57,375 [36185c6b-22ce-45d1-a622-3a6b487a5a53@group-813C05265458-LeaderElection360] INFO  impl.LeaderElection (LeaderElection.java:askForVotes(450)) - 36185c6b-22ce-45d1-a622-3a6b487a5a53@group-813C05265458-LeaderElection360 PRE_VOTE round 0: result REJECTED
2025-10-10 10:40:57,375 [36185c6b-22ce-45d1-a622-3a6b487a5a53@group-813C05265458-LeaderElection360] INFO  server.RaftServer$Division (RaftServerImpl.java:setRole(392)) - 36185c6b-22ce-45d1-a622-3a6b487a5a53@group-813C05265458: changes role from CANDIDATE to FOLLOWER at term 1 for REJECTED
2025-10-10 10:40:57,375 [36185c6b-22ce-45d1-a622-3a6b487a5a53@group-813C05265458-LeaderElection360] INFO  impl.RoleInfo (RoleInfo.java:shutdownLeaderElection(141)) - 36185c6b-22ce-45d1-a622-3a6b487a5a53: shutdown 36185c6b-22ce-45d1-a622-3a6b487a5a53@group-813C05265458-LeaderElection360
2025-10-10 10:40:57,375 [36185c6b-22ce-45d1-a622-3a6b487a5a53@group-813C05265458-LeaderElection360] INFO  impl.RoleInfo (RoleInfo.java:updateAndGet(148)) - 36185c6b-22ce-45d1-a622-3a6b487a5a53: start 36185c6b-22ce-45d1-a622-3a6b487a5a53@group-813C05265458-FollowerState
2025-10-10 10:40:57,945 [grpc-default-executor-1] ERROR impl.OrderedAsync (OrderedAsync.java:lambda$null$6(215)) -  client-527EF30E8D9C: Failed* RaftClientRequest:client-527EF30E8D9C->36185c6b-22ce-45d1-a622-3a6b487a5a53@group-813C05265458, cid=78, seq=1*, Watch(0), null
java.util.concurrent.CompletionException: org.apache.ratis.protocol.exceptions.NotLeaderException: Server 36185c6b-22ce-45d1-a622-3a6b487a5a53@group-813C05265458 is not the leader
	at java.base/java.util.concurrent.CompletableFuture.encodeThrowable(CompletableFuture.java:332)
	at java.base/java.util.concurrent.CompletableFuture.completeThrowable(CompletableFuture.java:347)
	at java.base/java.util.concurrent.CompletableFuture$UniAccept.tryFire(CompletableFuture.java:708)
	at java.base/java.util.concurrent.CompletableFuture.postComplete(CompletableFuture.java:510)
	at java.base/java.util.concurrent.CompletableFuture.completeExceptionally(CompletableFuture.java:2194)
	at org.apache.ratis.grpc.client.GrpcClientProtocolClient$AsyncStreamObservers.completeReplyExceptionally(GrpcClientProtocolClient.java:397)
	at org.apache.ratis.grpc.client.GrpcClientProtocolClient$AsyncStreamObservers.access$000(GrpcClientProtocolClient.java:303)
	at org.apache.ratis.grpc.client.GrpcClientProtocolClient$AsyncStreamObservers$1.onNext(GrpcClientProtocolClient.java:317)
	at org.apache.ratis.grpc.client.GrpcClientProtocolClient$AsyncStreamObservers$1.onNext(GrpcClientProtocolClient.java:308)
	at org.apache.ratis.thirdparty.io.grpc.stub.ClientCalls$StreamObserverToCallListenerAdapter.onMessage(ClientCalls.java:551)
	at org.apache.ratis.thirdparty.io.grpc.ForwardingClientCallListener.onMessage(ForwardingClientCallListener.java:33)
	at org.apache.ratis.thirdparty.io.grpc.internal.ClientCallImpl$ClientStreamListenerImpl$1MessagesAvailable.runInternal(ClientCallImpl.java:661)
	at org.apache.ratis.thirdparty.io.grpc.internal.ClientCallImpl$ClientStreamListenerImpl$1MessagesAvailable.runInContext(ClientCallImpl.java:648)
	at org.apache.ratis.thirdparty.io.grpc.internal.ContextRunnable.run(ContextRunnable.java:37)
	at org.apache.ratis.thirdparty.io.grpc.internal.SerializingExecutor.run(SerializingExecutor.java:133)
	at java.base/java.util.concurrent.ThreadPoolExecutor.runWorker(ThreadPoolExecutor.java:1144)
	at java.base/java.util.concurrent.ThreadPoolExecutor$Worker.run(ThreadPoolExecutor.java:642)
	at java.base/java.lang.Thread.run(Thread.java:1583)
Caused by: org.apache.ratis.protocol.exceptions.NotLeaderException: Server 36185c6b-22ce-45d1-a622-3a6b487a5a53@group-813C05265458 is not the leader
	at org.apache.ratis.client.impl.ClientProtoUtils.toRaftClientReply(ClientProtoUtils.java:402)
	at org.apache.ratis.grpc.client.GrpcClientProtocolClient$AsyncStreamObservers$1.onNext(GrpcClientProtocolClient.java:313)
	... 10 more
2025-10-10 10:40:58,145 [aa9634f0-8836-44d6-bc05-5b19fbdd93d5@group-813C05265458-FollowerState] INFO  impl.FollowerState (FollowerState.java:runImpl(161)) - aa9634f0-8836-44d6-bc05-5b19fbdd93d5@group-813C05265458-FollowerState: change to CANDIDATE, lastRpcElapsedTime:1195306913ns, electionTimeout:1195ms
2025-10-10 10:40:58,145 [aa9634f0-8836-44d6-bc05-5b19fbdd93d5@group-813C05265458-FollowerState] INFO  impl.RoleInfo (RoleInfo.java:shutdownFollowerState(121)) - aa9634f0-8836-44d6-bc05-5b19fbdd93d5: shutdown aa9634f0-8836-44d6-bc05-5b19fbdd93d5@group-813C05265458-FollowerState
2025-10-10 10:40:58,145 [aa9634f0-8836-44d6-bc05-5b19fbdd93d5@group-813C05265458-FollowerState] INFO  server.RaftServer$Division (RaftServerImpl.java:setRole(392)) - aa9634f0-8836-44d6-bc05-5b19fbdd93d5@group-813C05265458: changes role from  FOLLOWER to CANDIDATE at term 1 for changeToCandidate
2025-10-10 10:40:58,145 [aa9634f0-8836-44d6-bc05-5b19fbdd93d5@group-813C05265458-FollowerState] INFO  impl.RoleInfo (RoleInfo.java:updateAndGet(148)) - aa9634f0-8836-44d6-bc05-5b19fbdd93d5: start aa9634f0-8836-44d6-bc05-5b19fbdd93d5@group-813C05265458-LeaderElection361
2025-10-10 10:40:58,145 [aa9634f0-8836-44d6-bc05-5b19fbdd93d5@group-813C05265458-LeaderElection361] INFO  impl.LeaderElection (LeaderElection.java:askForVotes(448)) - aa9634f0-8836-44d6-bc05-5b19fbdd93d5@group-813C05265458-LeaderElection361 PRE_VOTE round 0: submit vote requests at term 1 for conf: {index: 0, cur=peers:[aa9634f0-8836-44d6-bc05-5b19fbdd93d5|127.0.0.1:15063, 36185c6b-22ce-45d1-a622-3a6b487a5a53|127.0.0.1:15071, 895d447a-5476-42e4-b2fa-6eb687701d46|127.0.0.1:15079]|listeners:[], old=null}
2025-10-10 10:40:58,146 [aa9634f0-8836-44d6-bc05-5b19fbdd93d5@group-813C05265458-LeaderElection361] INFO  impl.LeaderElection (LogUtils.java:infoOrTrace(142)) - aa9634f0-8836-44d6-bc05-5b19fbdd93d5@group-813C05265458-LeaderElection361 got exception when requesting votes: java.util.concurrent.ExecutionException: org.apache.ratis.thirdparty.io.grpc.StatusRuntimeException: UNAVAILABLE: io exception
2025-10-10 10:40:58,146 [grpc-default-executor-8] INFO  server.RaftServer$Division (RaftServerImpl.java:requestVote(1421)) - 36185c6b-22ce-45d1-a622-3a6b487a5a53@group-813C05265458: receive requestVote(PRE_VOTE, aa9634f0-8836-44d6-bc05-5b19fbdd93d5, group-813C05265458, 1, (t:1, i:0))
2025-10-10 10:40:58,146 [grpc-default-executor-8] INFO  impl.VoteContext (VoteContext.java:log(49)) - 36185c6b-22ce-45d1-a622-3a6b487a5a53@group-813C05265458-FOLLOWER: accept PRE_VOTE from aa9634f0-8836-44d6-bc05-5b19fbdd93d5: our priority 0 <= candidate's priority 1
2025-10-10 10:40:58,147 [grpc-default-executor-8] INFO  server.RaftServer$Division (RaftServerImpl.java:requestVote(1455)) - 36185c6b-22ce-45d1-a622-3a6b487a5a53@group-813C05265458 replies to PRE_VOTE vote request: aa9634f0-8836-44d6-bc05-5b19fbdd93d5<-36185c6b-22ce-45d1-a622-3a6b487a5a53#0:OK-t1-last:(t:1, i:0). Peer's state: 36185c6b-22ce-45d1-a622-3a6b487a5a53@group-813C05265458:t1, leader=null, voted=aa9634f0-8836-44d6-bc05-5b19fbdd93d5, raftlog=Memoized:36185c6b-22ce-45d1-a622-3a6b487a5a53@group-813C05265458-SegmentedRaftLog:OPENED:c0:last(t:1, i:0), conf=conf: {index: 0, cur=peers:[aa9634f0-8836-44d6-bc05-5b19fbdd93d5|127.0.0.1:15063, 36185c6b-22ce-45d1-a622-3a6b487a5a53|127.0.0.1:15071, 895d447a-5476-42e4-b2fa-6eb687701d46|127.0.0.1:15079]|listeners:[], old=null}
2025-10-10 10:40:58,147 [aa9634f0-8836-44d6-bc05-5b19fbdd93d5@group-813C05265458-LeaderElection361] INFO  impl.LeaderElection (LeaderElection.java:logAndReturn(206)) - aa9634f0-8836-44d6-bc05-5b19fbdd93d5@group-813C05265458-LeaderElection361: PRE_VOTE PASSED received 1 response(s) and 1 exception(s):
2025-10-10 10:40:58,147 [aa9634f0-8836-44d6-bc05-5b19fbdd93d5@group-813C05265458-LeaderElection361] INFO  impl.LeaderElection (LeaderElection.java:logAndReturn(210)) -   Response 0: aa9634f0-8836-44d6-bc05-5b19fbdd93d5<-36185c6b-22ce-45d1-a622-3a6b487a5a53#0:OK-t1-last:(t:1, i:0)
2025-10-10 10:40:58,147 [aa9634f0-8836-44d6-bc05-5b19fbdd93d5@group-813C05265458-LeaderElection361] INFO  impl.LeaderElection (LogUtils.java:infoOrTrace(142)) -   Exception 1: java.util.concurrent.ExecutionException: org.apache.ratis.thirdparty.io.grpc.StatusRuntimeException: UNAVAILABLE: io exception
2025-10-10 10:40:58,147 [aa9634f0-8836-44d6-bc05-5b19fbdd93d5@group-813C05265458-LeaderElection361] INFO  impl.LeaderElection (LeaderElection.java:askForVotes(450)) - aa9634f0-8836-44d6-bc05-5b19fbdd93d5@group-813C05265458-LeaderElection361 PRE_VOTE round 0: result PASSED
2025-10-10 10:40:58,149 [aa9634f0-8836-44d6-bc05-5b19fbdd93d5@group-813C05265458-LeaderElection361] INFO  impl.LeaderElection (LeaderElection.java:askForVotes(448)) - aa9634f0-8836-44d6-bc05-5b19fbdd93d5@group-813C05265458-LeaderElection361 ELECTION round 0: submit vote requests at term 2 for conf: {index: 0, cur=peers:[aa9634f0-8836-44d6-bc05-5b19fbdd93d5|127.0.0.1:15063, 36185c6b-22ce-45d1-a622-3a6b487a5a53|127.0.0.1:15071, 895d447a-5476-42e4-b2fa-6eb687701d46|127.0.0.1:15079]|listeners:[], old=null}
2025-10-10 10:40:58,149 [aa9634f0-8836-44d6-bc05-5b19fbdd93d5@group-813C05265458-LeaderElection361] INFO  impl.LeaderElection (LogUtils.java:infoOrTrace(142)) - aa9634f0-8836-44d6-bc05-5b19fbdd93d5@group-813C05265458-LeaderElection361 got exception when requesting votes: java.util.concurrent.ExecutionException: org.apache.ratis.thirdparty.io.grpc.StatusRuntimeException: UNAVAILABLE: io exception
2025-10-10 10:40:58,150 [grpc-default-executor-8] INFO  server.RaftServer$Division (RaftServerImpl.java:requestVote(1421)) - 36185c6b-22ce-45d1-a622-3a6b487a5a53@group-813C05265458: receive requestVote(ELECTION, aa9634f0-8836-44d6-bc05-5b19fbdd93d5, group-813C05265458, 2, (t:1, i:0))
2025-10-10 10:40:58,150 [grpc-default-executor-8] INFO  impl.VoteContext (VoteContext.java:log(49)) - 36185c6b-22ce-45d1-a622-3a6b487a5a53@group-813C05265458-FOLLOWER: accept ELECTION from aa9634f0-8836-44d6-bc05-5b19fbdd93d5: our priority 0 <= candidate's priority 1
2025-10-10 10:40:58,150 [grpc-default-executor-8] INFO  server.RaftServer$Division (RaftServerImpl.java:setRole(392)) - 36185c6b-22ce-45d1-a622-3a6b487a5a53@group-813C05265458: changes role from  FOLLOWER to FOLLOWER at term 1 for candidate:aa9634f0-8836-44d6-bc05-5b19fbdd93d5
2025-10-10 10:40:58,150 [grpc-default-executor-8] INFO  impl.RoleInfo (RoleInfo.java:shutdownFollowerState(121)) - 36185c6b-22ce-45d1-a622-3a6b487a5a53: shutdown 36185c6b-22ce-45d1-a622-3a6b487a5a53@group-813C05265458-FollowerState
2025-10-10 10:40:58,150 [grpc-default-executor-8] INFO  impl.RoleInfo (RoleInfo.java:updateAndGet(148)) - 36185c6b-22ce-45d1-a622-3a6b487a5a53: start 36185c6b-22ce-45d1-a622-3a6b487a5a53@group-813C05265458-FollowerState
2025-10-10 10:40:58,150 [36185c6b-22ce-45d1-a622-3a6b487a5a53@group-813C05265458-FollowerState] INFO  impl.FollowerState (FollowerState.java:runImpl(170)) - 36185c6b-22ce-45d1-a622-3a6b487a5a53@group-813C05265458-FollowerState was interrupted
2025-10-10 10:40:58,151 [grpc-default-executor-8] INFO  server.RaftServer$Division (RaftServerImpl.java:requestVote(1455)) - 36185c6b-22ce-45d1-a622-3a6b487a5a53@group-813C05265458 replies to ELECTION vote request: aa9634f0-8836-44d6-bc05-5b19fbdd93d5<-36185c6b-22ce-45d1-a622-3a6b487a5a53#0:OK-t2-last:(t:1, i:0). Peer's state: 36185c6b-22ce-45d1-a622-3a6b487a5a53@group-813C05265458:t2, leader=null, voted=aa9634f0-8836-44d6-bc05-5b19fbdd93d5, raftlog=Memoized:36185c6b-22ce-45d1-a622-3a6b487a5a53@group-813C05265458-SegmentedRaftLog:OPENED:c0:last(t:1, i:0), conf=conf: {index: 0, cur=peers:[aa9634f0-8836-44d6-bc05-5b19fbdd93d5|127.0.0.1:15063, 36185c6b-22ce-45d1-a622-3a6b487a5a53|127.0.0.1:15071, 895d447a-5476-42e4-b2fa-6eb687701d46|127.0.0.1:15079]|listeners:[], old=null}
2025-10-10 10:40:58,151 [aa9634f0-8836-44d6-bc05-5b19fbdd93d5@group-813C05265458-LeaderElection361] INFO  impl.LeaderElection (LeaderElection.java:logAndReturn(206)) - aa9634f0-8836-44d6-bc05-5b19fbdd93d5@group-813C05265458-LeaderElection361: ELECTION PASSED received 1 response(s) and 1 exception(s):
2025-10-10 10:40:58,151 [aa9634f0-8836-44d6-bc05-5b19fbdd93d5@group-813C05265458-LeaderElection361] INFO  impl.LeaderElection (LeaderElection.java:logAndReturn(210)) -   Response 0: aa9634f0-8836-44d6-bc05-5b19fbdd93d5<-36185c6b-22ce-45d1-a622-3a6b487a5a53#0:OK-t2-last:(t:1, i:0)
2025-10-10 10:40:58,151 [aa9634f0-8836-44d6-bc05-5b19fbdd93d5@group-813C05265458-LeaderElection361] INFO  impl.LeaderElection (LogUtils.java:infoOrTrace(142)) -   Exception 1: java.util.concurrent.ExecutionException: org.apache.ratis.thirdparty.io.grpc.StatusRuntimeException: UNAVAILABLE: io exception
2025-10-10 10:40:58,151 [aa9634f0-8836-44d6-bc05-5b19fbdd93d5@group-813C05265458-LeaderElection361] INFO  impl.LeaderElection (LeaderElection.java:askForVotes(450)) - aa9634f0-8836-44d6-bc05-5b19fbdd93d5@group-813C05265458-LeaderElection361 ELECTION round 0: result PASSED
2025-10-10 10:40:58,151 [aa9634f0-8836-44d6-bc05-5b19fbdd93d5@group-813C05265458-LeaderElection361] INFO  impl.RoleInfo (RoleInfo.java:shutdownLeaderElection(141)) - aa9634f0-8836-44d6-bc05-5b19fbdd93d5: shutdown aa9634f0-8836-44d6-bc05-5b19fbdd93d5@group-813C05265458-LeaderElection361
2025-10-10 10:40:58,151 [aa9634f0-8836-44d6-bc05-5b19fbdd93d5@group-813C05265458-LeaderElection361] INFO  server.RaftServer$Division (RaftServerImpl.java:setRole(392)) - aa9634f0-8836-44d6-bc05-5b19fbdd93d5@group-813C05265458: changes role from CANDIDATE to LEADER at term 2 for changeToLeader
2025-10-10 10:40:58,152 [aa9634f0-8836-44d6-bc05-5b19fbdd93d5@group-813C05265458-LeaderElection361] INFO  server.RaftServerConfigKeys (ConfUtils.java:logFallback(69)) - raft.server.staging.timeout = 3600ms (fallback to raft.server.rpc.timeout.max)
2025-10-10 10:40:58,152 [aa9634f0-8836-44d6-bc05-5b19fbdd93d5@group-813C05265458-LeaderElection361] INFO  server.RaftServerConfigKeys (ConfUtils.java:logGet(62)) - raft.server.write.byte-limit = 1024 M (=1073741824) (custom)
2025-10-10 10:40:58,153 [aa9634f0-8836-44d6-bc05-5b19fbdd93d5@group-813C05265458-LeaderElection361] INFO  server.RaftServerConfigKeys (ConfUtils.java:logGet(62)) - raft.server.log.appender.buffer.byte-limit = 33554432 (custom)
2025-10-10 10:40:58,153 [aa9634f0-8836-44d6-bc05-5b19fbdd93d5@group-813C05265458-LeaderElection361] INFO  server.RaftServerConfigKeys (ConfUtils.java:logGet(62)) - raft.server.log.appender.buffer.byte-limit = 33554432 (custom)
2025-10-10 10:40:58,154 [aa9634f0-8836-44d6-bc05-5b19fbdd93d5@group-813C05265458-LeaderElection361] INFO  impl.RoleInfo (RoleInfo.java:updateAndGet(148)) - aa9634f0-8836-44d6-bc05-5b19fbdd93d5: start aa9634f0-8836-44d6-bc05-5b19fbdd93d5@group-813C05265458-LeaderStateImpl
2025-10-10 10:40:58,154 [aa9634f0-8836-44d6-bc05-5b19fbdd93d5@group-813C05265458-LeaderElection361] INFO  ratis.XceiverServerRatis (XceiverServerRatis.java:handleLeaderChangedNotification(940)) - Leader change notification received for group: group-813C05265458 with new leaderId: aa9634f0-8836-44d6-bc05-5b19fbdd93d5
2025-10-10 10:40:58,154 [aa9634f0-8836-44d6-bc05-5b19fbdd93d5@group-813C05265458-LeaderElection361] INFO  server.RaftServer$Division (ServerState.java:setLeader(272)) - aa9634f0-8836-44d6-bc05-5b19fbdd93d5@group-813C05265458: change Leader from null to aa9634f0-8836-44d6-bc05-5b19fbdd93d5 at term 2 for becomeLeader, leader elected after 110839ms
2025-10-10 10:40:58,154 [aa9634f0-8836-44d6-bc05-5b19fbdd93d5@group-813C05265458-LeaderElection361] INFO  segmented.SegmentedRaftLogWorker (SegmentedRaftLogWorker.java:rollLogSegment(445)) - aa9634f0-8836-44d6-bc05-5b19fbdd93d5@group-813C05265458-SegmentedRaftLogWorker: Rolling segment log-0_0 to index:0
2025-10-10 10:40:58,154 [aa9634f0-8836-44d6-bc05-5b19fbdd93d5@group-813C05265458-LeaderElection361] INFO  server.RaftServer$Division (ServerState.java:setRaftConf(386)) - aa9634f0-8836-44d6-bc05-5b19fbdd93d5@group-813C05265458: set configuration conf: {index: 1, cur=peers:[aa9634f0-8836-44d6-bc05-5b19fbdd93d5|127.0.0.1:15063, 36185c6b-22ce-45d1-a622-3a6b487a5a53|127.0.0.1:15071, 895d447a-5476-42e4-b2fa-6eb687701d46|127.0.0.1:15079]|listeners:[], old=null}
2025-10-10 10:40:58,155 [grpc-default-executor-8] WARN  server.GrpcLogAppender (LogUtils.java:warn(127)) - aa9634f0-8836-44d6-bc05-5b19fbdd93d5@group-813C05265458->36185c6b-22ce-45d1-a622-3a6b487a5a53-AppendLogResponseHandler: Failed appendEntries: org.apache.ratis.thirdparty.io.grpc.StatusRuntimeException: UNAVAILABLE: io exception
  Caused by: org.apache.ratis.thirdparty.io.netty.channel.AbstractChannel$AnnotatedConnectException: finishConnect(..) failed: Connection refused: /127.0.0.1:15071
  Caused by: java.net.ConnectException: finishConnect(..) failed: Connection refused
2025-10-10 10:40:58,155 [aa9634f0-8836-44d6-bc05-5b19fbdd93d5@group-813C05265458-SegmentedRaftLogWorker] INFO  segmented.SegmentedRaftLogWorker (SegmentedRaftLogWorker.java:execute(604)) - aa9634f0-8836-44d6-bc05-5b19fbdd93d5@group-813C05265458-SegmentedRaftLogWorker: Rolled log segment from /home/runner/work/ozone/ozone/hadoop-ozone/integration-test/target/test-dir/MiniOzoneClusterImpl-611c99c7-d47b-4433-a4ef-cd0a35b076ef/ozone-metadata/datanode-7/ratis/e51e4850-930a-48f3-bb77-813c05265458/current/log_inprogress_0 to /home/runner/work/ozone/ozone/hadoop-ozone/integration-test/target/test-dir/MiniOzoneClusterImpl-611c99c7-d47b-4433-a4ef-cd0a35b076ef/ozone-metadata/datanode-7/ratis/e51e4850-930a-48f3-bb77-813c05265458/current/log_0-0
2025-10-10 10:40:58,156 [aa9634f0-8836-44d6-bc05-5b19fbdd93d5@group-813C05265458-SegmentedRaftLogWorker] INFO  segmented.BufferedWriteChannel (BufferedWriteChannel.java:open(61)) - open log_inprogress_1 at position 0
2025-10-10 10:40:58,156 [grpc-default-executor-8] WARN  server.GrpcLogAppender (GrpcLogAppender.java:lambda$resetClient$1(228)) - aa9634f0-8836-44d6-bc05-5b19fbdd93d5@group-813C05265458->36185c6b-22ce-45d1-a622-3a6b487a5a53-GrpcLogAppender: Follower failed (request=null, errorCount=1); keep nextIndex (1) unchanged and retry.
2025-10-10 10:40:58,156 [grpc-default-executor-3] WARN  server.GrpcLogAppender (LogUtils.java:warn(127)) - aa9634f0-8836-44d6-bc05-5b19fbdd93d5@group-813C05265458->895d447a-5476-42e4-b2fa-6eb687701d46-AppendLogResponseHandler: Failed appendEntries: org.apache.ratis.thirdparty.io.grpc.StatusRuntimeException: UNAVAILABLE: io exception
  Caused by: org.apache.ratis.thirdparty.io.netty.channel.AbstractChannel$AnnotatedConnectException: finishConnect(..) failed: Connection refused: /127.0.0.1:15079
  Caused by: java.net.ConnectException: finishConnect(..) failed: Connection refused
2025-10-10 10:40:58,156 [grpc-default-executor-3] WARN  server.GrpcLogAppender (GrpcLogAppender.java:lambda$resetClient$1(228)) - aa9634f0-8836-44d6-bc05-5b19fbdd93d5@group-813C05265458->895d447a-5476-42e4-b2fa-6eb687701d46-GrpcLogAppender: Follower failed (request=null, errorCount=1); keep nextIndex (1) unchanged and retry.
2025-10-10 10:40:58,157 [grpc-default-executor-7] WARN  server.GrpcLogAppender (GrpcLogAppender.java:lambda$resetClient$1(228)) - aa9634f0-8836-44d6-bc05-5b19fbdd93d5@group-813C05265458->36185c6b-22ce-45d1-a622-3a6b487a5a53-GrpcLogAppender: Follower failed (request=null, errorCount=2); keep nextIndex (2) unchanged and retry.
2025-10-10 10:40:58,158 [grpc-default-executor-3] INFO  ratis.XceiverServerRatis (XceiverServerRatis.java:handleLeaderChangedNotification(940)) - Leader change notification received for group: group-813C05265458 with new leaderId: aa9634f0-8836-44d6-bc05-5b19fbdd93d5
2025-10-10 10:40:58,159 [grpc-default-executor-3] INFO  server.RaftServer$Division (ServerState.java:setLeader(272)) - 36185c6b-22ce-45d1-a622-3a6b487a5a53@group-813C05265458: change Leader from null to aa9634f0-8836-44d6-bc05-5b19fbdd93d5 at term 2 for appendEntries, leader elected after 33681ms
2025-10-10 10:40:58,159 [grpc-default-executor-3] INFO  server.RaftServer$Division (ServerState.java:setRaftConf(386)) - 36185c6b-22ce-45d1-a622-3a6b487a5a53@group-813C05265458: set configuration conf: {index: 1, cur=peers:[aa9634f0-8836-44d6-bc05-5b19fbdd93d5|127.0.0.1:15063, 36185c6b-22ce-45d1-a622-3a6b487a5a53|127.0.0.1:15071, 895d447a-5476-42e4-b2fa-6eb687701d46|127.0.0.1:15079]|listeners:[], old=null}
2025-10-10 10:40:58,159 [grpc-default-executor-3] INFO  segmented.SegmentedRaftLogWorker (SegmentedRaftLogWorker.java:rollLogSegment(445)) - 36185c6b-22ce-45d1-a622-3a6b487a5a53@group-813C05265458-SegmentedRaftLogWorker: Rolling segment log-0_0 to index:0
2025-10-10 10:40:58,159 [36185c6b-22ce-45d1-a622-3a6b487a5a53@group-813C05265458-SegmentedRaftLogWorker] INFO  segmented.SegmentedRaftLogWorker (SegmentedRaftLogWorker.java:execute(604)) - 36185c6b-22ce-45d1-a622-3a6b487a5a53@group-813C05265458-SegmentedRaftLogWorker: Rolled log segment from /home/runner/work/ozone/ozone/hadoop-ozone/integration-test/target/test-dir/MiniOzoneClusterImpl-611c99c7-d47b-4433-a4ef-cd0a35b076ef/ozone-metadata/datanode-8/ratis/e51e4850-930a-48f3-bb77-813c05265458/current/log_inprogress_0 to /home/runner/work/ozone/ozone/hadoop-ozone/integration-test/target/test-dir/MiniOzoneClusterImpl-611c99c7-d47b-4433-a4ef-cd0a35b076ef/ozone-metadata/datanode-8/ratis/e51e4850-930a-48f3-bb77-813c05265458/current/log_0-0
2025-10-10 10:40:58,160 [36185c6b-22ce-45d1-a622-3a6b487a5a53@group-813C05265458-SegmentedRaftLogWorker] INFO  segmented.BufferedWriteChannel (BufferedWriteChannel.java:open(61)) - open log_inprogress_1 at position 0
2025-10-10 10:40:58,162 [grpc-default-executor-1] INFO  server.RaftServer$Division (RaftServerImpl.java:setFirstElection(576)) - 895d447a-5476-42e4-b2fa-6eb687701d46@group-813C05265458: set firstElectionSinceStartup to false for appendEntries
2025-10-10 10:40:58,162 [grpc-default-executor-1] INFO  ratis.XceiverServerRatis (XceiverServerRatis.java:handleLeaderChangedNotification(940)) - Leader change notification received for group: group-813C05265458 with new leaderId: aa9634f0-8836-44d6-bc05-5b19fbdd93d5
2025-10-10 10:40:58,162 [grpc-default-executor-1] INFO  server.RaftServer$Division (ServerState.java:setLeader(272)) - 895d447a-5476-42e4-b2fa-6eb687701d46@group-813C05265458: change Leader from null to aa9634f0-8836-44d6-bc05-5b19fbdd93d5 at term 2 for appendEntries, leader elected after 33457ms
2025-10-10 10:40:58,162 [grpc-default-executor-1] INFO  server.RaftServer$Division (ServerState.java:setRaftConf(386)) - 895d447a-5476-42e4-b2fa-6eb687701d46@group-813C05265458: set configuration conf: {index: 1, cur=peers:[aa9634f0-8836-44d6-bc05-5b19fbdd93d5|127.0.0.1:15063, 36185c6b-22ce-45d1-a622-3a6b487a5a53|127.0.0.1:15071, 895d447a-5476-42e4-b2fa-6eb687701d46|127.0.0.1:15079]|listeners:[], old=null}
2025-10-10 10:40:58,162 [grpc-default-executor-1] INFO  segmented.SegmentedRaftLogWorker (SegmentedRaftLogWorker.java:rollLogSegment(445)) - 895d447a-5476-42e4-b2fa-6eb687701d46@group-813C05265458-SegmentedRaftLogWorker: Rolling segment log-0_0 to index:0
2025-10-10 10:40:58,163 [895d447a-5476-42e4-b2fa-6eb687701d46@group-813C05265458-SegmentedRaftLogWorker] INFO  segmented.SegmentedRaftLogWorker (SegmentedRaftLogWorker.java:execute(604)) - 895d447a-5476-42e4-b2fa-6eb687701d46@group-813C05265458-SegmentedRaftLogWorker: Rolled log segment from /home/runner/work/ozone/ozone/hadoop-ozone/integration-test/target/test-dir/MiniOzoneClusterImpl-611c99c7-d47b-4433-a4ef-cd0a35b076ef/ozone-metadata/datanode-9/ratis/e51e4850-930a-48f3-bb77-813c05265458/current/log_inprogress_0 to /home/runner/work/ozone/ozone/hadoop-ozone/integration-test/target/test-dir/MiniOzoneClusterImpl-611c99c7-d47b-4433-a4ef-cd0a35b076ef/ozone-metadata/datanode-9/ratis/e51e4850-930a-48f3-bb77-813c05265458/current/log_0-0
2025-10-10 10:40:58,163 [895d447a-5476-42e4-b2fa-6eb687701d46@group-813C05265458-SegmentedRaftLogWorker] INFO  segmented.BufferedWriteChannel (BufferedWriteChannel.java:open(61)) - open log_inprogress_1 at position 0
2025-10-10 10:40:58,163 [aa9634f0-8836-44d6-bc05-5b19fbdd93d5@group-813C05265458-SegmentedRaftLogWorker] INFO  segmented.SegmentedRaftLogWorker (SegmentedRaftLogWorker.java:execute(647)) - aa9634f0-8836-44d6-bc05-5b19fbdd93d5@group-813C05265458-SegmentedRaftLogWorker: created new log segment /home/runner/work/ozone/ozone/hadoop-ozone/integration-test/target/test-dir/MiniOzoneClusterImpl-611c99c7-d47b-4433-a4ef-cd0a35b076ef/ozone-metadata/datanode-7/ratis/e51e4850-930a-48f3-bb77-813c05265458/current/log_inprogress_1
2025-10-10 10:40:58,165 [36185c6b-22ce-45d1-a622-3a6b487a5a53@group-813C05265458-SegmentedRaftLogWorker] INFO  segmented.SegmentedRaftLogWorker (SegmentedRaftLogWorker.java:execute(647)) - 36185c6b-22ce-45d1-a622-3a6b487a5a53@group-813C05265458-SegmentedRaftLogWorker: created new log segment /home/runner/work/ozone/ozone/hadoop-ozone/integration-test/target/test-dir/MiniOzoneClusterImpl-611c99c7-d47b-4433-a4ef-cd0a35b076ef/ozone-metadata/datanode-8/ratis/e51e4850-930a-48f3-bb77-813c05265458/current/log_inprogress_1
2025-10-10 10:40:58,169 [aa9634f0-8836-44d6-bc05-5b19fbdd93d5@group-813C05265458-StateMachineUpdater] INFO  server.RaftServer$Division (LeaderStateImpl.java:checkStartIndex(309)) - Leader aa9634f0-8836-44d6-bc05-5b19fbdd93d5@group-813C05265458-LeaderStateImpl is ready since appliedIndex == startIndex == 1
2025-10-10 10:40:58,170 [895d447a-5476-42e4-b2fa-6eb687701d46@group-813C05265458-SegmentedRaftLogWorker] INFO  segmented.SegmentedRaftLogWorker (SegmentedRaftLogWorker.java:execute(647)) - 895d447a-5476-42e4-b2fa-6eb687701d46@group-813C05265458-SegmentedRaftLogWorker: created new log segment /home/runner/work/ozone/ozone/hadoop-ozone/integration-test/target/test-dir/MiniOzoneClusterImpl-611c99c7-d47b-4433-a4ef-cd0a35b076ef/ozone-metadata/datanode-9/ratis/e51e4850-930a-48f3-bb77-813c05265458/current/log_inprogress_1
2025-10-10 10:41:03,155 [timer0] WARN  server.GrpcLogAppender (LogUtils.java:warn(127)) - aa9634f0-8836-44d6-bc05-5b19fbdd93d5@group-813C05265458->36185c6b-22ce-45d1-a622-3a6b487a5a53-AppendLogResponseHandler: Failed appendEntries (Repeated 2 times in the last 5.000s): org.apache.ratis.thirdparty.io.grpc.StatusRuntimeException: UNAVAILABLE: io exception
  Caused by: org.apache.ratis.thirdparty.io.netty.channel.AbstractChannel$AnnotatedConnectException: finishConnect(..) failed: Connection refused: /127.0.0.1:15071
  Caused by: java.net.ConnectException: finishConnect(..) failed: Connection refused
2025-10-10 10:41:03,156 [timer4] WARN  server.GrpcLogAppender (GrpcLogAppender.java:lambda$resetClient$1(228)) - aa9634f0-8836-44d6-bc05-5b19fbdd93d5@group-813C05265458->895d447a-5476-42e4-b2fa-6eb687701d46-GrpcLogAppender: Follower failed (request=null, errorCount=2); keep nextIndex (1) unchanged and retry. (Repeated 2 times in the last 5.000s)
2025-10-10 10:41:03,156 [timer3] WARN  server.GrpcLogAppender (LogUtils.java:warn(127)) - aa9634f0-8836-44d6-bc05-5b19fbdd93d5@group-813C05265458->895d447a-5476-42e4-b2fa-6eb687701d46-AppendLogResponseHandler: Failed appendEntries (Repeated 2 times in the last 5.000s): org.apache.ratis.thirdparty.io.grpc.StatusRuntimeException: UNAVAILABLE: io exception
  Caused by: org.apache.ratis.thirdparty.io.netty.channel.AbstractChannel$AnnotatedConnectException: finishConnect(..) failed: Connection refused: /127.0.0.1:15079
  Caused by: java.net.ConnectException: finishConnect(..) failed: Connection refused
2025-10-10 10:41:05,681 [grpc-default-executor-7] ERROR impl.OrderedAsync (OrderedAsync.java:lambda$null$6(215)) -  client-527EF30E8D9C: Failed* RaftClientRequest:client-527EF30E8D9C->895d447a-5476-42e4-b2fa-6eb687701d46@group-813C05265458, cid=78, seq=1*, Watch(0), null
java.util.concurrent.CompletionException: org.apache.ratis.protocol.exceptions.NotLeaderException: Server 895d447a-5476-42e4-b2fa-6eb687701d46@group-813C05265458 is not the leader, suggested leader is: aa9634f0-8836-44d6-bc05-5b19fbdd93d5|127.0.0.1:15063
	at java.base/java.util.concurrent.CompletableFuture.encodeThrowable(CompletableFuture.java:332)
	at java.base/java.util.concurrent.CompletableFuture.completeThrowable(CompletableFuture.java:347)
	at java.base/java.util.concurrent.CompletableFuture$UniAccept.tryFire(CompletableFuture.java:708)
	at java.base/java.util.concurrent.CompletableFuture.postComplete(CompletableFuture.java:510)
	at java.base/java.util.concurrent.CompletableFuture.completeExceptionally(CompletableFuture.java:2194)
	at org.apache.ratis.grpc.client.GrpcClientProtocolClient$AsyncStreamObservers.completeReplyExceptionally(GrpcClientProtocolClient.java:397)
	at org.apache.ratis.grpc.client.GrpcClientProtocolClient$AsyncStreamObservers.access$000(GrpcClientProtocolClient.java:303)
	at org.apache.ratis.grpc.client.GrpcClientProtocolClient$AsyncStreamObservers$1.onNext(GrpcClientProtocolClient.java:317)
	at org.apache.ratis.grpc.client.GrpcClientProtocolClient$AsyncStreamObservers$1.onNext(GrpcClientProtocolClient.java:308)
	at org.apache.ratis.thirdparty.io.grpc.stub.ClientCalls$StreamObserverToCallListenerAdapter.onMessage(ClientCalls.java:551)
	at org.apache.ratis.thirdparty.io.grpc.ForwardingClientCallListener.onMessage(ForwardingClientCallListener.java:33)
	at org.apache.ratis.thirdparty.io.grpc.internal.ClientCallImpl$ClientStreamListenerImpl$1MessagesAvailable.runInternal(ClientCallImpl.java:661)
	at org.apache.ratis.thirdparty.io.grpc.internal.ClientCallImpl$ClientStreamListenerImpl$1MessagesAvailable.runInContext(ClientCallImpl.java:648)
	at org.apache.ratis.thirdparty.io.grpc.internal.ContextRunnable.run(ContextRunnable.java:37)
	at org.apache.ratis.thirdparty.io.grpc.internal.SerializingExecutor.run(SerializingExecutor.java:133)
	at java.base/java.util.concurrent.ThreadPoolExecutor.runWorker(ThreadPoolExecutor.java:1144)
	at java.base/java.util.concurrent.ThreadPoolExecutor$Worker.run(ThreadPoolExecutor.java:642)
	at java.base/java.lang.Thread.run(Thread.java:1583)
Caused by: org.apache.ratis.protocol.exceptions.NotLeaderException: Server 895d447a-5476-42e4-b2fa-6eb687701d46@group-813C05265458 is not the leader, suggested leader is: aa9634f0-8836-44d6-bc05-5b19fbdd93d5|127.0.0.1:15063
	at org.apache.ratis.client.impl.ClientProtoUtils.toRaftClientReply(ClientProtoUtils.java:402)
	at org.apache.ratis.grpc.client.GrpcClientProtocolClient$AsyncStreamObservers$1.onNext(GrpcClientProtocolClient.java:313)
	... 10 more
2025-10-10 10:41:05,681 [grpc-default-executor-7] ERROR impl.OrderedAsync (OrderedAsync.java:lambda$send$4(181)) - Failed to send request, message=null
java.util.concurrent.CompletionException: org.apache.ratis.protocol.exceptions.RaftRetryFailureException: Failed RaftClientRequest:client-527EF30E8D9C->895d447a-5476-42e4-b2fa-6eb687701d46@group-813C05265458, cid=78, seq=1*, Watch(0), null for 8 attempts with RequestTypeDependentRetryPolicy{WRITE->ExceptionDependentRetry(maxAttempts=2147483647; defaultPolicy=MultipleLinearRandomRetry[5x5s, 5x10s, 5x15s, 5x20s, 5x25s, 10x60s]; map={org.apache.ratis.protocol.exceptions.GroupMismatchException->NoRetry, org.apache.ratis.protocol.exceptions.NotReplicatedException->NoRetry, org.apache.ratis.protocol.exceptions.ResourceUnavailableException->org.apache.ratis.retry.ExponentialBackoffRetry@743aa077, org.apache.ratis.protocol.exceptions.StateMachineException->NoRetry, org.apache.ratis.protocol.exceptions.TimeoutIOException->org.apache.ratis.retry.ExponentialBackoffRetry@743aa077}), WATCH->ExceptionDependentRetry(maxAttempts=2147483647; defaultPolicy=MultipleLinearRandomRetry[5x5s, 5x10s, 5x15s, 5x20s, 5x25s, 10x60s]; map={org.apache.ratis.protocol.exceptions.GroupMismatchException->NoRetry, org.apache.ratis.protocol.exceptions.NotReplicatedException->NoRetry, org.apache.ratis.protocol.exceptions.ResourceUnavailableException->org.apache.ratis.retry.ExponentialBackoffRetry@743aa077, org.apache.ratis.protocol.exceptions.StateMachineException->NoRetry, org.apache.ratis.protocol.exceptions.TimeoutIOException->NoRetry})}
	at java.base/java.util.concurrent.CompletableFuture.encodeThrowable(CompletableFuture.java:332)
	at java.base/java.util.concurrent.CompletableFuture.completeThrowable(CompletableFuture.java:347)
	at java.base/java.util.concurrent.CompletableFuture$UniApply.tryFire(CompletableFuture.java:636)
	at java.base/java.util.concurrent.CompletableFuture.postComplete(CompletableFuture.java:510)
	at java.base/java.util.concurrent.CompletableFuture.completeExceptionally(CompletableFuture.java:2194)
	at org.apache.ratis.client.impl.OrderedAsync$PendingOrderedRequest.fail(OrderedAsync.java:111)
	at org.apache.ratis.util.SlidingWindow$Client.fail(SlidingWindow.java:395)
	at org.apache.ratis.client.impl.OrderedAsync.failAllAsyncRequests(OrderedAsync.java:155)
	at org.apache.ratis.client.impl.OrderedAsync.handleException(OrderedAsync.java:239)
	at org.apache.ratis.client.impl.OrderedAsync.lambda$sendRequestWithRetry$7(OrderedAsync.java:217)
	at java.base/java.util.concurrent.CompletableFuture.uniExceptionally(CompletableFuture.java:990)
	at java.base/java.util.concurrent.CompletableFuture$UniExceptionally.tryFire(CompletableFuture.java:974)
	at java.base/java.util.concurrent.CompletableFuture.postComplete(CompletableFuture.java:510)
	at java.base/java.util.concurrent.CompletableFuture.completeExceptionally(CompletableFuture.java:2194)
	at org.apache.ratis.grpc.client.GrpcClientProtocolClient$AsyncStreamObservers.completeReplyExceptionally(GrpcClientProtocolClient.java:397)
	at org.apache.ratis.grpc.client.GrpcClientProtocolClient$AsyncStreamObservers.access$000(GrpcClientProtocolClient.java:303)
	at org.apache.ratis.grpc.client.GrpcClientProtocolClient$AsyncStreamObservers$1.onNext(GrpcClientProtocolClient.java:317)
	at org.apache.ratis.grpc.client.GrpcClientProtocolClient$AsyncStreamObservers$1.onNext(GrpcClientProtocolClient.java:308)
	at org.apache.ratis.thirdparty.io.grpc.stub.ClientCalls$StreamObserverToCallListenerAdapter.onMessage(ClientCalls.java:551)
	at org.apache.ratis.thirdparty.io.grpc.ForwardingClientCallListener.onMessage(ForwardingClientCallListener.java:33)
	at org.apache.ratis.thirdparty.io.grpc.internal.ClientCallImpl$ClientStreamListenerImpl$1MessagesAvailable.runInternal(ClientCallImpl.java:661)
	at org.apache.ratis.thirdparty.io.grpc.internal.ClientCallImpl$ClientStreamListenerImpl$1MessagesAvailable.runInContext(ClientCallImpl.java:648)
	at org.apache.ratis.thirdparty.io.grpc.internal.ContextRunnable.run(ContextRunnable.java:37)
	at org.apache.ratis.thirdparty.io.grpc.internal.SerializingExecutor.run(SerializingExecutor.java:133)
	at java.base/java.util.concurrent.ThreadPoolExecutor.runWorker(ThreadPoolExecutor.java:1144)
	at java.base/java.util.concurrent.ThreadPoolExecutor$Worker.run(ThreadPoolExecutor.java:642)
	at java.base/java.lang.Thread.run(Thread.java:1583)
Caused by: org.apache.ratis.protocol.exceptions.RaftRetryFailureException: Failed RaftClientRequest:client-527EF30E8D9C->895d447a-5476-42e4-b2fa-6eb687701d46@group-813C05265458, cid=78, seq=1*, Watch(0), null for 8 attempts with RequestTypeDependentRetryPolicy{WRITE->ExceptionDependentRetry(maxAttempts=2147483647; defaultPolicy=MultipleLinearRandomRetry[5x5s, 5x10s, 5x15s, 5x20s, 5x25s, 10x60s]; map={org.apache.ratis.protocol.exceptions.GroupMismatchException->NoRetry, org.apache.ratis.protocol.exceptions.NotReplicatedException->NoRetry, org.apache.ratis.protocol.exceptions.ResourceUnavailableException->org.apache.ratis.retry.ExponentialBackoffRetry@743aa077, org.apache.ratis.protocol.exceptions.StateMachineException->NoRetry, org.apache.ratis.protocol.exceptions.TimeoutIOException->org.apache.ratis.retry.ExponentialBackoffRetry@743aa077}), WATCH->ExceptionDependentRetry(maxAttempts=2147483647; defaultPolicy=MultipleLinearRandomRetry[5x5s, 5x10s, 5x15s, 5x20s, 5x25s, 10x60s]; map={org.apache.ratis.protocol.exceptions.GroupMismatchException->NoRetry, org.apache.ratis.protocol.exceptions.NotReplicatedException->NoRetry, org.apache.ratis.protocol.exceptions.ResourceUnavailableException->org.apache.ratis.retry.ExponentialBackoffRetry@743aa077, org.apache.ratis.protocol.exceptions.StateMachineException->NoRetry, org.apache.ratis.protocol.exceptions.TimeoutIOException->NoRetry})}
	at org.apache.ratis.client.impl.RaftClientImpl.noMoreRetries(RaftClientImpl.java:352)
	... 19 more
Caused by: org.apache.ratis.protocol.exceptions.NotLeaderException: Server 895d447a-5476-42e4-b2fa-6eb687701d46@group-813C05265458 is not the leader, suggested leader is: aa9634f0-8836-44d6-bc05-5b19fbdd93d5|127.0.0.1:15063
	at org.apache.ratis.client.impl.ClientProtoUtils.toRaftClientReply(ClientProtoUtils.java:402)
	at org.apache.ratis.grpc.client.GrpcClientProtocolClient$AsyncStreamObservers$1.onNext(GrpcClientProtocolClient.java:313)
	... 10 more
2025-10-10 10:41:05,682 [grpc-default-executor-7] ERROR impl.OrderedAsync (OrderedAsync.java:lambda$send$4(179)) - Failed to send request, message=cmdType: WriteChunk traceID: "" containerID: 10 datanodeUuid: "aa9634f0-8836-44d6-bc05-5b19fbdd93d5" writeChunk { blockID { containerID: 10 localID: 115816896921600011 blockCommitSequenceId: 0 replicaIndex: 0 } chunkData { chunkName: "115816896921600011_chunk_1" offset: 0 len: 1048576 } } version: 3, data.size=1048576 due to java.util.concurrent.CompletionException: org.apache.ratis.protocol.exceptions.AlreadyClosedException: SlidingWindow$Client:client-527EF30E8D9C->RAFT is closed.
2025-10-10 10:41:05,682 [grpc-default-executor-7] ERROR impl.OrderedAsync (OrderedAsync.java:lambda$send$4(179)) - Failed to send request, message=cmdType: PutBlock traceID: "" containerID: 10 datanodeUuid: "aa9634f0-8836-44d6-bc05-5b19fbdd93d5" putBlock { blockData { blockID { containerID: 10 localID: 115816896921600011 blockCommitSequenceId: 0 } metadata { key: "TYPE" value: "KEY" } chunks { chunkName: "115816896921600011_chunk_1" offset: 0 len: 1048576 } } eof: false } version: 3, data.size=0 due to java.util.concurrent.CompletionException: org.apache.ratis.protocol.exceptions.AlreadyClosedException: SlidingWindow$Client:client-527EF30E8D9C->RAFT is closed.
2025-10-10 10:41:05,682 [ForkJoinPool-1-worker-1] WARN  io.KeyOutputStream (KeyOutputStream.java:handleExceptionInternal(377)) - Encountered exception java.io.IOException: Unexpected Storage Container Exception: java.util.concurrent.CompletionException: Failed to write chunk 115816896921600011_chunk_1 into block conID: 10 locID: 115816896921600011 bcsId: 0 replicaIndex: null on the pipeline Pipeline{ Id: e51e4850-930a-48f3-bb77-813c05265458, Nodes: [ {aa9634f0-8836-44d6-bc05-5b19fbdd93d5(localhost/127.0.0.1), ReplicaIndex: 0}, {36185c6b-22ce-45d1-a622-3a6b487a5a53(localhost/127.0.0.1), ReplicaIndex: 0}, {895d447a-5476-42e4-b2fa-6eb687701d46(localhost/127.0.0.1), ReplicaIndex: 0},], ReplicationConfig: RATIS/THREE, State:OPEN, leaderId:aa9634f0-8836-44d6-bc05-5b19fbdd93d5, CreationTimestamp2025-10-10T10:37:46.045Z[Etc/UTC]}. The last committed block length is 0, uncommitted data length is 1048576 retry count 0
2025-10-10 10:41:05,711 [ForkJoinPool-1-worker-1] INFO  io.BlockOutputStreamEntry (BlockOutputStreamEntry.java:writeOnRetry(192)) - BlockOutputStreamEntry:d3402fe2-e8e6-498c-8092-a49f0448a3a1 conID: 1 locID: 115816896921600012 bcsId: 0 replicaIndex: null: Finish retrying with len 1048576, currentPosition 1048576
2025-10-10 10:41:05,712 [ForkJoinPool-1-worker-1] INFO  io.BlockOutputStreamEntry (BlockOutputStreamEntry.java:finishRetryHandling(141)) - BlockOutputStreamEntry:d3402fe2-e8e6-498c-8092-a49f0448a3a1 conID: 1 locID: 115816896921600012 bcsId: 0 replicaIndex: null: Exiting retry handling mode
2025-10-10 10:41:05,713 [ForkJoinPool-1-worker-1] INFO  ozoneimpl.OzoneContainer (OzoneContainer.java:stop(549)) - Attempting to stop container services.
2025-10-10 10:41:05,713 [ContainerMetadataScanner] WARN  ozoneimpl.AbstractBackgroundContainerScanner (AbstractBackgroundContainerScanner.java:handleRemainingSleep(136)) - Background container scan was interrupted.
2025-10-10 10:41:05,713 [ContainerMetadataScanner] INFO  ozoneimpl.AbstractBackgroundContainerScanner (AbstractBackgroundContainerScanner.java:run(63)) - org.apache.hadoop.ozone.container.ozoneimpl.BackgroundContainerMetadataScanner@512aa668 exiting.
2025-10-10 10:41:05,714 [ForkJoinPool-1-worker-1] INFO  ozoneimpl.BackgroundContainerDataScanner (BackgroundContainerDataScanner.java:shutdown(87)) - ContainerDataScanner(/home/runner/work/ozone/ozone/hadoop-ozone/integration-test/target/test-dir/MiniOzoneClusterImpl-611c99c7-d47b-4433-a4ef-cd0a35b076ef/ozone-metadata/datanode-7/data-0/hdds) is shutting down. 
2025-10-10 10:41:05,714 [ContainerDataScanner(/home/runner/work/ozone/ozone/hadoop-ozone/integration-test/target/test-dir/MiniOzoneClusterImpl-611c99c7-d47b-4433-a4ef-cd0a35b076ef/ozone-metadata/datanode-7/data-0/hdds)] WARN  ozoneimpl.AbstractBackgroundContainerScanner (AbstractBackgroundContainerScanner.java:handleRemainingSleep(136)) - Background container scan was interrupted.
2025-10-10 10:41:05,714 [ContainerDataScanner(/home/runner/work/ozone/ozone/hadoop-ozone/integration-test/target/test-dir/MiniOzoneClusterImpl-611c99c7-d47b-4433-a4ef-cd0a35b076ef/ozone-metadata/datanode-7/data-0/hdds)] INFO  ozoneimpl.AbstractBackgroundContainerScanner (AbstractBackgroundContainerScanner.java:run(63)) - ContainerDataScanner(/home/runner/work/ozone/ozone/hadoop-ozone/integration-test/target/test-dir/MiniOzoneClusterImpl-611c99c7-d47b-4433-a4ef-cd0a35b076ef/ozone-metadata/datanode-7/data-0/hdds, DS-c4bde162-9ff2-4380-9d2e-b89c9d2de98d) exiting.
2025-10-10 10:41:05,714 [ForkJoinPool-1-worker-1] INFO  ozoneimpl.OnDemandContainerScanner (OnDemandContainerScanner.java:shutdown(141)) - On-demand container scanner is shutting down.
2025-10-10 10:41:05,715 [ForkJoinPool-1-worker-1] INFO  ratis.XceiverServerRatis (XceiverServerRatis.java:stop(594)) - Closing XceiverServerRatis(aa9634f0-8836-44d6-bc05-5b19fbdd93d5)
2025-10-10 10:41:05,715 [ForkJoinPool-1-worker-1] INFO  server.RaftServer (RaftServerProxy.java:lambda$close$9(422)) - aa9634f0-8836-44d6-bc05-5b19fbdd93d5: close
2025-10-10 10:41:05,715 [aa9634f0-8836-44d6-bc05-5b19fbdd93d5-impl-thread2] INFO  server.RaftServer$Division (RaftServerImpl.java:lambda$close$1(527)) - aa9634f0-8836-44d6-bc05-5b19fbdd93d5@group-813C05265458: shutdown
2025-10-10 10:41:05,715 [aa9634f0-8836-44d6-bc05-5b19fbdd93d5-impl-thread2] INFO  util.JmxRegister (JmxRegister.java:unregister(74)) - Successfully un-registered JMX Bean with object name Ratis:service=RaftServer,group=group-813C05265458,id=aa9634f0-8836-44d6-bc05-5b19fbdd93d5
2025-10-10 10:41:05,715 [aa9634f0-8836-44d6-bc05-5b19fbdd93d5-impl-thread2] INFO  impl.RoleInfo (RoleInfo.java:shutdownLeaderState(103)) - aa9634f0-8836-44d6-bc05-5b19fbdd93d5: shutdown aa9634f0-8836-44d6-bc05-5b19fbdd93d5@group-813C05265458-LeaderStateImpl
2025-10-10 10:41:05,716 [aa9634f0-8836-44d6-bc05-5b19fbdd93d5@group-813C05265458->36185c6b-22ce-45d1-a622-3a6b487a5a53-GrpcLogAppender-LogAppenderDaemon] WARN  server.GrpcLogAppender (GrpcLogAppender.java:mayWait(300)) - aa9634f0-8836-44d6-bc05-5b19fbdd93d5@group-813C05265458->36185c6b-22ce-45d1-a622-3a6b487a5a53-GrpcLogAppender: Wait interrupted by java.lang.InterruptedException
2025-10-10 10:41:05,716 [aa9634f0-8836-44d6-bc05-5b19fbdd93d5@group-813C05265458->895d447a-5476-42e4-b2fa-6eb687701d46-GrpcLogAppender-LogAppenderDaemon] WARN  server.GrpcLogAppender (GrpcLogAppender.java:mayWait(300)) - aa9634f0-8836-44d6-bc05-5b19fbdd93d5@group-813C05265458->895d447a-5476-42e4-b2fa-6eb687701d46-GrpcLogAppender: Wait interrupted by java.lang.InterruptedException
2025-10-10 10:41:05,716 [grpc-default-executor-3] INFO  server.GrpcServerProtocolService (GrpcServerProtocolService.java:lambda$onCompleted$6(171)) - 36185c6b-22ce-45d1-a622-3a6b487a5a53: Completed APPEND_ENTRIES, lastRequest: aa9634f0-8836-44d6-bc05-5b19fbdd93d5->36185c6b-22ce-45d1-a622-3a6b487a5a53#17-t2,previous=(t:2, i:1),leaderCommit=1,initializing? false,entries: size=1, first=(t:2, i:2), METADATAENTRY(c:1) 
2025-10-10 10:41:05,716 [grpc-default-executor-3] INFO  server.GrpcServerProtocolService (GrpcServerProtocolService.java:lambda$null$7(175)) - 36185c6b-22ce-45d1-a622-3a6b487a5a53: Completed APPEND_ENTRIES, lastReply: null 
2025-10-10 10:41:05,716 [aa9634f0-8836-44d6-bc05-5b19fbdd93d5-impl-thread2] INFO  impl.PendingRequests (PendingRequests.java:sendNotLeaderResponses(287)) - aa9634f0-8836-44d6-bc05-5b19fbdd93d5@group-813C05265458-PendingRequests: sendNotLeaderResponses
2025-10-10 10:41:05,717 [grpc-default-executor-1] INFO  server.GrpcLogAppender (GrpcLogAppender.java:onCompleted(558)) - aa9634f0-8836-44d6-bc05-5b19fbdd93d5@group-813C05265458->36185c6b-22ce-45d1-a622-3a6b487a5a53-AppendLogResponseHandler: follower responses appendEntries COMPLETED
2025-10-10 10:41:05,717 [grpc-default-executor-3] INFO  server.GrpcServerProtocolService (GrpcServerProtocolService.java:lambda$onCompleted$6(171)) - 895d447a-5476-42e4-b2fa-6eb687701d46: Completed APPEND_ENTRIES, lastRequest: null 
2025-10-10 10:41:05,717 [grpc-default-executor-3] INFO  server.GrpcServerProtocolService (GrpcServerProtocolService.java:lambda$null$7(175)) - 895d447a-5476-42e4-b2fa-6eb687701d46: Completed APPEND_ENTRIES, lastReply: serverReply {
  requestorId: "aa9634f0-8836-44d6-bc05-5b19fbdd93d5"
  replyId: "895d447a-5476-42e4-b2fa-6eb687701d46"
  raftGroupId {
    id: "\345\036HP\223\nH\363\273w\201<\005&TX"
  }
  callId: 23
  success: true
}
term: 2
nextIndex: 3
followerCommit: 2
matchIndex: 18446744073709551615
isHearbeat: true
 
2025-10-10 10:41:05,718 [aa9634f0-8836-44d6-bc05-5b19fbdd93d5-impl-thread2] INFO  impl.StateMachineUpdater (StateMachineUpdater.java:stopAndJoin(163)) - aa9634f0-8836-44d6-bc05-5b19fbdd93d5@group-813C05265458-StateMachineUpdater: set stopIndex = 2
2025-10-10 10:41:05,718 [aa9634f0-8836-44d6-bc05-5b19fbdd93d5@group-813C05265458-StateMachineUpdater] INFO  ratis.ContainerStateMachine (ContainerStateMachine.java:takeSnapshot(427)) - group-813C05265458: Taking a snapshot at:(t:2, i:2) file /home/runner/work/ozone/ozone/hadoop-ozone/integration-test/target/test-dir/MiniOzoneClusterImpl-611c99c7-d47b-4433-a4ef-cd0a35b076ef/ozone-metadata/datanode-7/ratis/e51e4850-930a-48f3-bb77-813c05265458/sm/snapshot.2_2
2025-10-10 10:41:05,718 [aa9634f0-8836-44d6-bc05-5b19fbdd93d5-impl-thread3] INFO  server.RaftServer$Division (RaftServerImpl.java:lambda$close$1(527)) - aa9634f0-8836-44d6-bc05-5b19fbdd93d5@group-A002C7D4E542: shutdown
2025-10-10 10:41:05,718 [aa9634f0-8836-44d6-bc05-5b19fbdd93d5-impl-thread3] INFO  util.JmxRegister (JmxRegister.java:unregister(74)) - Successfully un-registered JMX Bean with object name Ratis:service=RaftServer,group=group-A002C7D4E542,id=aa9634f0-8836-44d6-bc05-5b19fbdd93d5
2025-10-10 10:41:05,718 [aa9634f0-8836-44d6-bc05-5b19fbdd93d5-impl-thread3] INFO  impl.RoleInfo (RoleInfo.java:shutdownLeaderState(103)) - aa9634f0-8836-44d6-bc05-5b19fbdd93d5: shutdown aa9634f0-8836-44d6-bc05-5b19fbdd93d5@group-A002C7D4E542-LeaderStateImpl
2025-10-10 10:41:05,718 [aa9634f0-8836-44d6-bc05-5b19fbdd93d5-impl-thread3] INFO  impl.PendingRequests (PendingRequests.java:sendNotLeaderResponses(287)) - aa9634f0-8836-44d6-bc05-5b19fbdd93d5@group-A002C7D4E542-PendingRequests: sendNotLeaderResponses
2025-10-10 10:41:05,719 [ForkJoinPool-1-worker-1] INFO  server.GrpcServicesImpl (GrpcServicesImpl.java:closeImpl(355)) - aa9634f0-8836-44d6-bc05-5b19fbdd93d5: shutdown server org.apache.ratis.grpc.server.GrpcClientProtocolService now
2025-10-10 10:41:05,719 [aa9634f0-8836-44d6-bc05-5b19fbdd93d5-impl-thread4] INFO  server.RaftServer$Division (RaftServerImpl.java:lambda$close$1(527)) - aa9634f0-8836-44d6-bc05-5b19fbdd93d5@group-6EF60CB14872: shutdown
2025-10-10 10:41:05,719 [aa9634f0-8836-44d6-bc05-5b19fbdd93d5-impl-thread4] INFO  util.JmxRegister (JmxRegister.java:unregister(74)) - Successfully un-registered JMX Bean with object name Ratis:service=RaftServer,group=group-6EF60CB14872,id=aa9634f0-8836-44d6-bc05-5b19fbdd93d5
2025-10-10 10:41:05,719 [aa9634f0-8836-44d6-bc05-5b19fbdd93d5-impl-thread4] INFO  impl.RoleInfo (RoleInfo.java:shutdownFollowerState(121)) - aa9634f0-8836-44d6-bc05-5b19fbdd93d5: shutdown aa9634f0-8836-44d6-bc05-5b19fbdd93d5@group-6EF60CB14872-FollowerState
2025-10-10 10:41:05,720 [aa9634f0-8836-44d6-bc05-5b19fbdd93d5-impl-thread4] INFO  impl.StateMachineUpdater (StateMachineUpdater.java:stopAndJoin(163)) - aa9634f0-8836-44d6-bc05-5b19fbdd93d5@group-6EF60CB14872-StateMachineUpdater: set stopIndex = 25
2025-10-10 10:41:05,720 [aa9634f0-8836-44d6-bc05-5b19fbdd93d5@group-6EF60CB14872-FollowerState] INFO  impl.FollowerState (FollowerState.java:runImpl(170)) - aa9634f0-8836-44d6-bc05-5b19fbdd93d5@group-6EF60CB14872-FollowerState was interrupted
2025-10-10 10:41:05,720 [grpc-default-executor-3] INFO  server.GrpcLogAppender (GrpcLogAppender.java:onCompleted(558)) - aa9634f0-8836-44d6-bc05-5b19fbdd93d5@group-813C05265458->895d447a-5476-42e4-b2fa-6eb687701d46-AppendLogResponseHandler: follower responses appendEntries COMPLETED
2025-10-10 10:41:05,720 [grpc-default-executor-8] INFO  server.GrpcLogAppender (GrpcLogAppender.java:onCompleted(558)) - aa9634f0-8836-44d6-bc05-5b19fbdd93d5@group-813C05265458->36185c6b-22ce-45d1-a622-3a6b487a5a53-AppendLogResponseHandler: follower responses appendEntries COMPLETED
2025-10-10 10:41:05,720 [aa9634f0-8836-44d6-bc05-5b19fbdd93d5@group-6EF60CB14872-StateMachineUpdater] INFO  ratis.ContainerStateMachine (ContainerStateMachine.java:takeSnapshot(427)) - group-6EF60CB14872: Taking a snapshot at:(t:7, i:25) file /home/runner/work/ozone/ozone/hadoop-ozone/integration-test/target/test-dir/MiniOzoneClusterImpl-611c99c7-d47b-4433-a4ef-cd0a35b076ef/ozone-metadata/datanode-7/ratis/56f6ef43-c50c-4d35-89b5-6ef60cb14872/sm/snapshot.7_25
2025-10-10 10:41:05,720 [aa9634f0-8836-44d6-bc05-5b19fbdd93d5@group-813C05265458-StateMachineUpdater] INFO  ratis.ContainerStateMachine (ContainerStateMachine.java:takeSnapshot(436)) - group-813C05265458: Finished taking a snapshot at:(t:2, i:2) file:/home/runner/work/ozone/ozone/hadoop-ozone/integration-test/target/test-dir/MiniOzoneClusterImpl-611c99c7-d47b-4433-a4ef-cd0a35b076ef/ozone-metadata/datanode-7/ratis/e51e4850-930a-48f3-bb77-813c05265458/sm/snapshot.2_2 took: 2 ms
2025-10-10 10:41:05,720 [grpc-default-executor-7] INFO  server.GrpcLogAppender (GrpcLogAppender.java:onCompleted(558)) - aa9634f0-8836-44d6-bc05-5b19fbdd93d5@group-813C05265458->895d447a-5476-42e4-b2fa-6eb687701d46-AppendLogResponseHandler: follower responses appendEntries COMPLETED
2025-10-10 10:41:05,720 [aa9634f0-8836-44d6-bc05-5b19fbdd93d5@group-813C05265458-StateMachineUpdater] INFO  impl.StateMachineUpdater (StateMachineUpdater.java:takeSnapshot(307)) - aa9634f0-8836-44d6-bc05-5b19fbdd93d5@group-813C05265458-StateMachineUpdater: Took a snapshot at index 2
2025-10-10 10:41:05,720 [aa9634f0-8836-44d6-bc05-5b19fbdd93d5@group-813C05265458-StateMachineUpdater] INFO  impl.StateMachineUpdater (StateMachineUpdater.java:lambda$new$0(101)) - aa9634f0-8836-44d6-bc05-5b19fbdd93d5@group-813C05265458-StateMachineUpdater: snapshotIndex: updateIncreasingly -1 -> 2
2025-10-10 10:41:05,720 [aa9634f0-8836-44d6-bc05-5b19fbdd93d5-impl-thread3] INFO  impl.StateMachineUpdater (StateMachineUpdater.java:stopAndJoin(163)) - aa9634f0-8836-44d6-bc05-5b19fbdd93d5@group-A002C7D4E542-StateMachineUpdater: set stopIndex = 0
2025-10-10 10:41:05,720 [aa9634f0-8836-44d6-bc05-5b19fbdd93d5@group-A002C7D4E542-StateMachineUpdater] INFO  ratis.ContainerStateMachine (ContainerStateMachine.java:takeSnapshot(427)) - group-A002C7D4E542: Taking a snapshot at:(t:1, i:0) file /home/runner/work/ozone/ozone/hadoop-ozone/integration-test/target/test-dir/MiniOzoneClusterImpl-611c99c7-d47b-4433-a4ef-cd0a35b076ef/ozone-metadata/datanode-7/ratis/0e451b0a-d61f-4383-be9e-a002c7d4e542/sm/snapshot.1_0
2025-10-10 10:41:05,721 [aa9634f0-8836-44d6-bc05-5b19fbdd93d5@group-813C05265458-StateMachineUpdater] INFO  impl.StateMachineUpdater (StateMachineUpdater.java:stop(140)) - aa9634f0-8836-44d6-bc05-5b19fbdd93d5@group-813C05265458-StateMachineUpdater: closing ContainerStateMachine, lastApplied=(t:2, i:2)
2025-10-10 10:41:05,721 [Thread-3121] INFO  server.GrpcServerProtocolClient (GrpcServerProtocolClient.java:close(105)) - 895d447a-5476-42e4-b2fa-6eb687701d46 Close channels
2025-10-10 10:41:05,721 [aa9634f0-8836-44d6-bc05-5b19fbdd93d5@group-813C05265458-cacheEviction-AwaitToRun] INFO  util.AwaitToRun (AwaitToRun.java:run(49)) - aa9634f0-8836-44d6-bc05-5b19fbdd93d5@group-813C05265458-cacheEviction-AwaitToRun-AwaitForSignal is interrupted
2025-10-10 10:41:05,721 [aa9634f0-8836-44d6-bc05-5b19fbdd93d5@group-A002C7D4E542-StateMachineUpdater] INFO  ratis.ContainerStateMachine (ContainerStateMachine.java:takeSnapshot(436)) - group-A002C7D4E542: Finished taking a snapshot at:(t:1, i:0) file:/home/runner/work/ozone/ozone/hadoop-ozone/integration-test/target/test-dir/MiniOzoneClusterImpl-611c99c7-d47b-4433-a4ef-cd0a35b076ef/ozone-metadata/datanode-7/ratis/0e451b0a-d61f-4383-be9e-a002c7d4e542/sm/snapshot.1_0 took: 1 ms
2025-10-10 10:41:05,721 [Thread-3120] INFO  server.GrpcServerProtocolClient (GrpcServerProtocolClient.java:close(105)) - 36185c6b-22ce-45d1-a622-3a6b487a5a53 Close channels
2025-10-10 10:41:05,721 [aa9634f0-8836-44d6-bc05-5b19fbdd93d5@group-6EF60CB14872-StateMachineUpdater] INFO  ratis.ContainerStateMachine (ContainerStateMachine.java:takeSnapshot(436)) - group-6EF60CB14872: Finished taking a snapshot at:(t:7, i:25) file:/home/runner/work/ozone/ozone/hadoop-ozone/integration-test/target/test-dir/MiniOzoneClusterImpl-611c99c7-d47b-4433-a4ef-cd0a35b076ef/ozone-metadata/datanode-7/ratis/56f6ef43-c50c-4d35-89b5-6ef60cb14872/sm/snapshot.7_25 took: 1 ms
2025-10-10 10:41:05,721 [aa9634f0-8836-44d6-bc05-5b19fbdd93d5@group-A002C7D4E542-StateMachineUpdater] INFO  impl.StateMachineUpdater (StateMachineUpdater.java:takeSnapshot(307)) - aa9634f0-8836-44d6-bc05-5b19fbdd93d5@group-A002C7D4E542-StateMachineUpdater: Took a snapshot at index 0
2025-10-10 10:41:05,721 [aa9634f0-8836-44d6-bc05-5b19fbdd93d5@group-A002C7D4E542-StateMachineUpdater] INFO  impl.StateMachineUpdater (StateMachineUpdater.java:lambda$new$0(101)) - aa9634f0-8836-44d6-bc05-5b19fbdd93d5@group-A002C7D4E542-StateMachineUpdater: snapshotIndex: updateIncreasingly -1 -> 0
2025-10-10 10:41:05,721 [aa9634f0-8836-44d6-bc05-5b19fbdd93d5@group-6EF60CB14872-StateMachineUpdater] INFO  impl.StateMachineUpdater (StateMachineUpdater.java:takeSnapshot(307)) - aa9634f0-8836-44d6-bc05-5b19fbdd93d5@group-6EF60CB14872-StateMachineUpdater: Took a snapshot at index 25
2025-10-10 10:41:05,721 [aa9634f0-8836-44d6-bc05-5b19fbdd93d5@group-6EF60CB14872-StateMachineUpdater] INFO  impl.StateMachineUpdater (StateMachineUpdater.java:lambda$new$0(101)) - aa9634f0-8836-44d6-bc05-5b19fbdd93d5@group-6EF60CB14872-StateMachineUpdater: snapshotIndex: updateIncreasingly -1 -> 25
2025-10-10 10:41:05,721 [aa9634f0-8836-44d6-bc05-5b19fbdd93d5@group-A002C7D4E542-StateMachineUpdater] INFO  impl.StateMachineUpdater (StateMachineUpdater.java:stop(140)) - aa9634f0-8836-44d6-bc05-5b19fbdd93d5@group-A002C7D4E542-StateMachineUpdater: closing ContainerStateMachine, lastApplied=(t:1, i:0)
2025-10-10 10:41:05,722 [aa9634f0-8836-44d6-bc05-5b19fbdd93d5@group-6EF60CB14872-StateMachineUpdater] INFO  impl.StateMachineUpdater (StateMachineUpdater.java:stop(140)) - aa9634f0-8836-44d6-bc05-5b19fbdd93d5@group-6EF60CB14872-StateMachineUpdater: closing ContainerStateMachine, lastApplied=(t:7, i:25)
2025-10-10 10:41:05,722 [aa9634f0-8836-44d6-bc05-5b19fbdd93d5@group-A002C7D4E542-cacheEviction-AwaitToRun] INFO  util.AwaitToRun (AwaitToRun.java:run(49)) - aa9634f0-8836-44d6-bc05-5b19fbdd93d5@group-A002C7D4E542-cacheEviction-AwaitToRun-AwaitForSignal is interrupted
2025-10-10 10:41:05,722 [aa9634f0-8836-44d6-bc05-5b19fbdd93d5@group-6EF60CB14872-cacheEviction-AwaitToRun] INFO  util.AwaitToRun (AwaitToRun.java:run(49)) - aa9634f0-8836-44d6-bc05-5b19fbdd93d5@group-6EF60CB14872-cacheEviction-AwaitToRun-AwaitForSignal is interrupted
2025-10-10 10:41:05,777 [aa9634f0-8836-44d6-bc05-5b19fbdd93d5-impl-thread4] INFO  segmented.SegmentedRaftLogWorker (SegmentedRaftLogWorker.java:close(254)) - aa9634f0-8836-44d6-bc05-5b19fbdd93d5@group-6EF60CB14872-SegmentedRaftLogWorker close()
2025-10-10 10:41:05,777 [aa9634f0-8836-44d6-bc05-5b19fbdd93d5-impl-thread4] INFO  ratis.ContainerStateMachine (ContainerStateMachine.java:notifyServerShutdown(1038)) - group-6EF60CB14872 is closed by HddsDatanodeService
2025-10-10 10:41:05,848 [grpc-default-executor-7] ERROR server.RaftServer$Division (RaftServerImpl.java:appendEntriesAsync(1495)) - aa9634f0-8836-44d6-bc05-5b19fbdd93d5@group-6EF60CB14872: Failed appendEntries* 36185c6b-22ce-45d1-a622-3a6b487a5a53->aa9634f0-8836-44d6-bc05-5b19fbdd93d5#80-t7,previous=(t:7, i:25),leaderCommit=25,initializing? false,HEARTBEAT
org.apache.ratis.protocol.exceptions.ServerNotReadyException: aa9634f0-8836-44d6-bc05-5b19fbdd93d5@group-6EF60CB14872 is not in [STARTING, RUNNING]: current state is CLOSED
	at org.apache.ratis.server.impl.RaftServerImpl.lambda$assertLifeCycleState$7(RaftServerImpl.java:809)
	at org.apache.ratis.util.LifeCycle.assertCurrentState(LifeCycle.java:260)
	at org.apache.ratis.server.impl.RaftServerImpl.assertLifeCycleState(RaftServerImpl.java:808)
	at org.apache.ratis.server.impl.RaftServerImpl.appendEntriesAsync(RaftServerImpl.java:1486)
	at org.apache.ratis.server.impl.RaftServerProxy.lambda$null$28(RaftServerProxy.java:652)
	at org.apache.ratis.util.JavaUtils.callAsUnchecked(JavaUtils.java:118)
	at org.apache.ratis.server.impl.RaftServerProxy.lambda$appendEntriesAsync$29(RaftServerProxy.java:651)
	at java.base/java.util.concurrent.CompletableFuture.uniComposeStage(CompletableFuture.java:1187)
	at java.base/java.util.concurrent.CompletableFuture.thenCompose(CompletableFuture.java:2341)
	at org.apache.ratis.server.impl.RaftServerProxy.appendEntriesAsync(RaftServerProxy.java:651)
	at org.apache.ratis.grpc.server.GrpcServerProtocolService$1.process(GrpcServerProtocolService.java:245)
	at org.apache.ratis.grpc.server.GrpcServerProtocolService$1.process(GrpcServerProtocolService.java:242)
	at org.apache.ratis.grpc.server.GrpcServerProtocolService$ServerRequestStreamObserver.onNext(GrpcServerProtocolService.java:137)
	at org.apache.ratis.thirdparty.io.grpc.stub.ServerCalls$StreamingServerCallHandler$StreamingServerCallListener.onMessage(ServerCalls.java:262)
	at org.apache.ratis.thirdparty.io.grpc.internal.ServerCallImpl$ServerStreamListenerImpl.messagesAvailableInternal(ServerCallImpl.java:334)
	at org.apache.ratis.thirdparty.io.grpc.internal.ServerCallImpl$ServerStreamListenerImpl.messagesAvailable(ServerCallImpl.java:319)
	at org.apache.ratis.thirdparty.io.grpc.internal.ServerImpl$JumpToApplicationThreadServerStreamListener$1MessagesAvailable.runInContext(ServerImpl.java:834)
	at org.apache.ratis.thirdparty.io.grpc.internal.ContextRunnable.run(ContextRunnable.java:37)
	at org.apache.ratis.thirdparty.io.grpc.internal.SerializingExecutor.run(SerializingExecutor.java:133)
	at java.base/java.util.concurrent.ThreadPoolExecutor.runWorker(ThreadPoolExecutor.java:1144)
	at java.base/java.util.concurrent.ThreadPoolExecutor$Worker.run(ThreadPoolExecutor.java:642)
	at java.base/java.lang.Thread.run(Thread.java:1583)
2025-10-10 10:41:06,098 [grpc-default-executor-7] ERROR server.RaftServer$Division (RaftServerImpl.java:appendEntriesAsync(1495)) - aa9634f0-8836-44d6-bc05-5b19fbdd93d5@group-6EF60CB14872: Failed appendEntries* 36185c6b-22ce-45d1-a622-3a6b487a5a53->aa9634f0-8836-44d6-bc05-5b19fbdd93d5#81-t7,previous=(t:7, i:25),leaderCommit=25,initializing? false,HEARTBEAT
org.apache.ratis.protocol.exceptions.ServerNotReadyException: aa9634f0-8836-44d6-bc05-5b19fbdd93d5@group-6EF60CB14872 is not in [STARTING, RUNNING]: current state is CLOSED
	at org.apache.ratis.server.impl.RaftServerImpl.lambda$assertLifeCycleState$7(RaftServerImpl.java:809)
	at org.apache.ratis.util.LifeCycle.assertCurrentState(LifeCycle.java:260)
	at org.apache.ratis.server.impl.RaftServerImpl.assertLifeCycleState(RaftServerImpl.java:808)
	at org.apache.ratis.server.impl.RaftServerImpl.appendEntriesAsync(RaftServerImpl.java:1486)
	at org.apache.ratis.server.impl.RaftServerProxy.lambda$null$28(RaftServerProxy.java:652)
	at org.apache.ratis.util.JavaUtils.callAsUnchecked(JavaUtils.java:118)
	at org.apache.ratis.server.impl.RaftServerProxy.lambda$appendEntriesAsync$29(RaftServerProxy.java:651)
	at java.base/java.util.concurrent.CompletableFuture.uniComposeStage(CompletableFuture.java:1187)
	at java.base/java.util.concurrent.CompletableFuture.thenCompose(CompletableFuture.java:2341)
	at org.apache.ratis.server.impl.RaftServerProxy.appendEntriesAsync(RaftServerProxy.java:651)
	at org.apache.ratis.grpc.server.GrpcServerProtocolService$1.process(GrpcServerProtocolService.java:245)
	at org.apache.ratis.grpc.server.GrpcServerProtocolService$1.process(GrpcServerProtocolService.java:242)
	at org.apache.ratis.grpc.server.GrpcServerProtocolService$ServerRequestStreamObserver.onNext(GrpcServerProtocolService.java:137)
	at org.apache.ratis.thirdparty.io.grpc.stub.ServerCalls$StreamingServerCallHandler$StreamingServerCallListener.onMessage(ServerCalls.java:262)
	at org.apache.ratis.thirdparty.io.grpc.internal.ServerCallImpl$ServerStreamListenerImpl.messagesAvailableInternal(ServerCallImpl.java:334)
	at org.apache.ratis.thirdparty.io.grpc.internal.ServerCallImpl$ServerStreamListenerImpl.messagesAvailable(ServerCallImpl.java:319)
	at org.apache.ratis.thirdparty.io.grpc.internal.ServerImpl$JumpToApplicationThreadServerStreamListener$1MessagesAvailable.runInContext(ServerImpl.java:834)
	at org.apache.ratis.thirdparty.io.grpc.internal.ContextRunnable.run(ContextRunnable.java:37)
	at org.apache.ratis.thirdparty.io.grpc.internal.SerializingExecutor.run(SerializingExecutor.java:133)
	at java.base/java.util.concurrent.ThreadPoolExecutor.runWorker(ThreadPoolExecutor.java:1144)
	at java.base/java.util.concurrent.ThreadPoolExecutor$Worker.run(ThreadPoolExecutor.java:642)
	at java.base/java.lang.Thread.run(Thread.java:1583)
2025-10-10 10:41:06,169 [aa9634f0-8836-44d6-bc05-5b19fbdd93d5-impl-thread2] INFO  segmented.SegmentedRaftLogWorker (SegmentedRaftLogWorker.java:close(254)) - aa9634f0-8836-44d6-bc05-5b19fbdd93d5@group-813C05265458-SegmentedRaftLogWorker close()
2025-10-10 10:41:06,170 [aa9634f0-8836-44d6-bc05-5b19fbdd93d5-impl-thread2] INFO  ratis.ContainerStateMachine (ContainerStateMachine.java:notifyServerShutdown(1038)) - group-813C05265458 is closed by HddsDatanodeService
2025-10-10 10:41:06,247 [aa9634f0-8836-44d6-bc05-5b19fbdd93d5-impl-thread3] INFO  segmented.SegmentedRaftLogWorker (SegmentedRaftLogWorker.java:close(254)) - aa9634f0-8836-44d6-bc05-5b19fbdd93d5@group-A002C7D4E542-SegmentedRaftLogWorker close()
2025-10-10 10:41:06,247 [aa9634f0-8836-44d6-bc05-5b19fbdd93d5-impl-thread3] INFO  ratis.ContainerStateMachine (ContainerStateMachine.java:notifyServerShutdown(1038)) - group-A002C7D4E542 is closed by HddsDatanodeService
2025-10-10 10:41:06,349 [grpc-default-executor-7] ERROR server.RaftServer$Division (RaftServerImpl.java:appendEntriesAsync(1495)) - aa9634f0-8836-44d6-bc05-5b19fbdd93d5@group-6EF60CB14872: Failed appendEntries* 36185c6b-22ce-45d1-a622-3a6b487a5a53->aa9634f0-8836-44d6-bc05-5b19fbdd93d5#82-t7,previous=(t:7, i:25),leaderCommit=25,initializing? false,HEARTBEAT
org.apache.ratis.protocol.exceptions.ServerNotReadyException: aa9634f0-8836-44d6-bc05-5b19fbdd93d5@group-6EF60CB14872 is not in [STARTING, RUNNING]: current state is CLOSED
	at org.apache.ratis.server.impl.RaftServerImpl.lambda$assertLifeCycleState$7(RaftServerImpl.java:809)
	at org.apache.ratis.util.LifeCycle.assertCurrentState(LifeCycle.java:260)
	at org.apache.ratis.server.impl.RaftServerImpl.assertLifeCycleState(RaftServerImpl.java:808)
	at org.apache.ratis.server.impl.RaftServerImpl.appendEntriesAsync(RaftServerImpl.java:1486)
	at org.apache.ratis.server.impl.RaftServerProxy.lambda$null$28(RaftServerProxy.java:652)
	at org.apache.ratis.util.JavaUtils.callAsUnchecked(JavaUtils.java:118)
	at org.apache.ratis.server.impl.RaftServerProxy.lambda$appendEntriesAsync$29(RaftServerProxy.java:651)
	at java.base/java.util.concurrent.CompletableFuture.uniComposeStage(CompletableFuture.java:1187)
	at java.base/java.util.concurrent.CompletableFuture.thenCompose(CompletableFuture.java:2341)
	at org.apache.ratis.server.impl.RaftServerProxy.appendEntriesAsync(RaftServerProxy.java:651)
	at org.apache.ratis.grpc.server.GrpcServerProtocolService$1.process(GrpcServerProtocolService.java:245)
	at org.apache.ratis.grpc.server.GrpcServerProtocolService$1.process(GrpcServerProtocolService.java:242)
	at org.apache.ratis.grpc.server.GrpcServerProtocolService$ServerRequestStreamObserver.onNext(GrpcServerProtocolService.java:137)
	at org.apache.ratis.thirdparty.io.grpc.stub.ServerCalls$StreamingServerCallHandler$StreamingServerCallListener.onMessage(ServerCalls.java:262)
	at org.apache.ratis.thirdparty.io.grpc.internal.ServerCallImpl$ServerStreamListenerImpl.messagesAvailableInternal(ServerCallImpl.java:334)
	at org.apache.ratis.thirdparty.io.grpc.internal.ServerCallImpl$ServerStreamListenerImpl.messagesAvailable(ServerCallImpl.java:319)
	at org.apache.ratis.thirdparty.io.grpc.internal.ServerImpl$JumpToApplicationThreadServerStreamListener$1MessagesAvailable.runInContext(ServerImpl.java:834)
	at org.apache.ratis.thirdparty.io.grpc.internal.ContextRunnable.run(ContextRunnable.java:37)
	at org.apache.ratis.thirdparty.io.grpc.internal.SerializingExecutor.run(SerializingExecutor.java:133)
	at java.base/java.util.concurrent.ThreadPoolExecutor.runWorker(ThreadPoolExecutor.java:1144)
	at java.base/java.util.concurrent.ThreadPoolExecutor$Worker.run(ThreadPoolExecutor.java:642)
	at java.base/java.lang.Thread.run(Thread.java:1583)
2025-10-10 10:41:06,599 [grpc-default-executor-7] ERROR server.RaftServer$Division (RaftServerImpl.java:appendEntriesAsync(1495)) - aa9634f0-8836-44d6-bc05-5b19fbdd93d5@group-6EF60CB14872: Failed appendEntries* 36185c6b-22ce-45d1-a622-3a6b487a5a53->aa9634f0-8836-44d6-bc05-5b19fbdd93d5#83-t7,previous=(t:7, i:25),leaderCommit=25,initializing? false,HEARTBEAT
org.apache.ratis.protocol.exceptions.ServerNotReadyException: aa9634f0-8836-44d6-bc05-5b19fbdd93d5@group-6EF60CB14872 is not in [STARTING, RUNNING]: current state is CLOSED
	at org.apache.ratis.server.impl.RaftServerImpl.lambda$assertLifeCycleState$7(RaftServerImpl.java:809)
	at org.apache.ratis.util.LifeCycle.assertCurrentState(LifeCycle.java:260)
	at org.apache.ratis.server.impl.RaftServerImpl.assertLifeCycleState(RaftServerImpl.java:808)
	at org.apache.ratis.server.impl.RaftServerImpl.appendEntriesAsync(RaftServerImpl.java:1486)
	at org.apache.ratis.server.impl.RaftServerProxy.lambda$null$28(RaftServerProxy.java:652)
	at org.apache.ratis.util.JavaUtils.callAsUnchecked(JavaUtils.java:118)
	at org.apache.ratis.server.impl.RaftServerProxy.lambda$appendEntriesAsync$29(RaftServerProxy.java:651)
	at java.base/java.util.concurrent.CompletableFuture.uniComposeStage(CompletableFuture.java:1187)
	at java.base/java.util.concurrent.CompletableFuture.thenCompose(CompletableFuture.java:2341)
	at org.apache.ratis.server.impl.RaftServerProxy.appendEntriesAsync(RaftServerProxy.java:651)
	at org.apache.ratis.grpc.server.GrpcServerProtocolService$1.process(GrpcServerProtocolService.java:245)
	at org.apache.ratis.grpc.server.GrpcServerProtocolService$1.process(GrpcServerProtocolService.java:242)
	at org.apache.ratis.grpc.server.GrpcServerProtocolService$ServerRequestStreamObserver.onNext(GrpcServerProtocolService.java:137)
	at org.apache.ratis.thirdparty.io.grpc.stub.ServerCalls$StreamingServerCallHandler$StreamingServerCallListener.onMessage(ServerCalls.java:262)
	at org.apache.ratis.thirdparty.io.grpc.internal.ServerCallImpl$ServerStreamListenerImpl.messagesAvailableInternal(ServerCallImpl.java:334)
	at org.apache.ratis.thirdparty.io.grpc.internal.ServerCallImpl$ServerStreamListenerImpl.messagesAvailable(ServerCallImpl.java:319)
	at org.apache.ratis.thirdparty.io.grpc.internal.ServerImpl$JumpToApplicationThreadServerStreamListener$1MessagesAvailable.runInContext(ServerImpl.java:834)
	at org.apache.ratis.thirdparty.io.grpc.internal.ContextRunnable.run(ContextRunnable.java:37)
	at org.apache.ratis.thirdparty.io.grpc.internal.SerializingExecutor.run(SerializingExecutor.java:133)
	at java.base/java.util.concurrent.ThreadPoolExecutor.runWorker(ThreadPoolExecutor.java:1144)
	at java.base/java.util.concurrent.ThreadPoolExecutor$Worker.run(ThreadPoolExecutor.java:642)
	at java.base/java.lang.Thread.run(Thread.java:1583)
2025-10-10 10:41:06,796 [36185c6b-22ce-45d1-a622-3a6b487a5a53@group-813C05265458-FollowerState] INFO  impl.FollowerState (FollowerState.java:runImpl(161)) - 36185c6b-22ce-45d1-a622-3a6b487a5a53@group-813C05265458-FollowerState: change to CANDIDATE, lastRpcElapsedTime:1112501426ns, electionTimeout:1096ms
2025-10-10 10:41:06,796 [36185c6b-22ce-45d1-a622-3a6b487a5a53@group-813C05265458-FollowerState] INFO  impl.RoleInfo (RoleInfo.java:shutdownFollowerState(121)) - 36185c6b-22ce-45d1-a622-3a6b487a5a53: shutdown 36185c6b-22ce-45d1-a622-3a6b487a5a53@group-813C05265458-FollowerState
2025-10-10 10:41:06,796 [36185c6b-22ce-45d1-a622-3a6b487a5a53@group-813C05265458-FollowerState] INFO  server.RaftServer$Division (RaftServerImpl.java:setRole(392)) - 36185c6b-22ce-45d1-a622-3a6b487a5a53@group-813C05265458: changes role from  FOLLOWER to CANDIDATE at term 2 for changeToCandidate
2025-10-10 10:41:06,796 [36185c6b-22ce-45d1-a622-3a6b487a5a53@group-813C05265458-FollowerState] INFO  impl.RoleInfo (RoleInfo.java:updateAndGet(148)) - 36185c6b-22ce-45d1-a622-3a6b487a5a53: start 36185c6b-22ce-45d1-a622-3a6b487a5a53@group-813C05265458-LeaderElection362
2025-10-10 10:41:06,796 [36185c6b-22ce-45d1-a622-3a6b487a5a53@group-813C05265458-LeaderElection362] INFO  server.RaftServer$Division (ServerState.java:setLeader(272)) - 36185c6b-22ce-45d1-a622-3a6b487a5a53@group-813C05265458: change Leader from aa9634f0-8836-44d6-bc05-5b19fbdd93d5 to null at term 2 for PRE_VOTE
2025-10-10 10:41:06,796 [36185c6b-22ce-45d1-a622-3a6b487a5a53@group-813C05265458-LeaderElection362] INFO  impl.LeaderElection (LeaderElection.java:askForVotes(448)) - 36185c6b-22ce-45d1-a622-3a6b487a5a53@group-813C05265458-LeaderElection362 PRE_VOTE round 0: submit vote requests at term 2 for conf: {index: 1, cur=peers:[aa9634f0-8836-44d6-bc05-5b19fbdd93d5|127.0.0.1:15063, 36185c6b-22ce-45d1-a622-3a6b487a5a53|127.0.0.1:15071, 895d447a-5476-42e4-b2fa-6eb687701d46|127.0.0.1:15079]|listeners:[], old=null}
2025-10-10 10:41:06,798 [grpc-default-executor-8] INFO  server.RaftServer$Division (RaftServerImpl.java:requestVote(1421)) - aa9634f0-8836-44d6-bc05-5b19fbdd93d5@group-813C05265458: receive requestVote(PRE_VOTE, 36185c6b-22ce-45d1-a622-3a6b487a5a53, group-813C05265458, 2, (t:2, i:2))
2025-10-10 10:41:06,798 [grpc-default-executor-7] INFO  server.RaftServer$Division (RaftServerImpl.java:requestVote(1421)) - 895d447a-5476-42e4-b2fa-6eb687701d46@group-813C05265458: receive requestVote(PRE_VOTE, 36185c6b-22ce-45d1-a622-3a6b487a5a53, group-813C05265458, 2, (t:2, i:2))
2025-10-10 10:41:06,798 [grpc-default-executor-7] INFO  impl.VoteContext (VoteContext.java:log(49)) - 895d447a-5476-42e4-b2fa-6eb687701d46@group-813C05265458-FOLLOWER: accept PRE_VOTE from 36185c6b-22ce-45d1-a622-3a6b487a5a53: our priority 0 <= candidate's priority 0
2025-10-10 10:41:06,798 [grpc-default-executor-8] WARN  server.GrpcServerProtocolService (LogUtils.java:warn(127)) - aa9634f0-8836-44d6-bc05-5b19fbdd93d5: Failed requestVote 36185c6b-22ce-45d1-a622-3a6b487a5a53->aa9634f0-8836-44d6-bc05-5b19fbdd93d5#0: org.apache.ratis.protocol.exceptions.ServerNotReadyException: aa9634f0-8836-44d6-bc05-5b19fbdd93d5@group-813C05265458 is not in [RUNNING]: current state is CLOSED
2025-10-10 10:41:06,798 [grpc-default-executor-7] INFO  server.RaftServer$Division (RaftServerImpl.java:requestVote(1455)) - 895d447a-5476-42e4-b2fa-6eb687701d46@group-813C05265458 replies to PRE_VOTE vote request: 36185c6b-22ce-45d1-a622-3a6b487a5a53<-895d447a-5476-42e4-b2fa-6eb687701d46#0:OK-t2-last:(t:2, i:2). Peer's state: 895d447a-5476-42e4-b2fa-6eb687701d46@group-813C05265458:t2, leader=aa9634f0-8836-44d6-bc05-5b19fbdd93d5, voted=null, raftlog=Memoized:895d447a-5476-42e4-b2fa-6eb687701d46@group-813C05265458-SegmentedRaftLog:OPENED:c2:last(t:2, i:2), conf=conf: {index: 1, cur=peers:[aa9634f0-8836-44d6-bc05-5b19fbdd93d5|127.0.0.1:15063, 36185c6b-22ce-45d1-a622-3a6b487a5a53|127.0.0.1:15071, 895d447a-5476-42e4-b2fa-6eb687701d46|127.0.0.1:15079]|listeners:[], old=null}
2025-10-10 10:41:06,802 [36185c6b-22ce-45d1-a622-3a6b487a5a53@group-813C05265458-LeaderElection362] INFO  impl.LeaderElection (LogUtils.java:infoOrTrace(142)) - 36185c6b-22ce-45d1-a622-3a6b487a5a53@group-813C05265458-LeaderElection362 got exception when requesting votes: java.util.concurrent.ExecutionException: org.apache.ratis.thirdparty.io.grpc.StatusRuntimeException: INTERNAL: aa9634f0-8836-44d6-bc05-5b19fbdd93d5@group-813C05265458 is not in [RUNNING]: current state is CLOSED
2025-10-10 10:41:06,802 [36185c6b-22ce-45d1-a622-3a6b487a5a53@group-813C05265458-LeaderElection362] INFO  impl.LeaderElection (LeaderElection.java:logAndReturn(206)) - 36185c6b-22ce-45d1-a622-3a6b487a5a53@group-813C05265458-LeaderElection362: PRE_VOTE PASSED received 1 response(s) and 1 exception(s):
2025-10-10 10:41:06,802 [36185c6b-22ce-45d1-a622-3a6b487a5a53@group-813C05265458-LeaderElection362] INFO  impl.LeaderElection (LeaderElection.java:logAndReturn(210)) -   Response 0: 36185c6b-22ce-45d1-a622-3a6b487a5a53<-895d447a-5476-42e4-b2fa-6eb687701d46#0:OK-t2-last:(t:2, i:2)
2025-10-10 10:41:06,802 [36185c6b-22ce-45d1-a622-3a6b487a5a53@group-813C05265458-LeaderElection362] INFO  impl.LeaderElection (LogUtils.java:infoOrTrace(142)) -   Exception 1: java.util.concurrent.ExecutionException: org.apache.ratis.thirdparty.io.grpc.StatusRuntimeException: INTERNAL: aa9634f0-8836-44d6-bc05-5b19fbdd93d5@group-813C05265458 is not in [RUNNING]: current state is CLOSED
2025-10-10 10:41:06,802 [36185c6b-22ce-45d1-a622-3a6b487a5a53@group-813C05265458-LeaderElection362] INFO  impl.LeaderElection (LeaderElection.java:askForVotes(450)) - 36185c6b-22ce-45d1-a622-3a6b487a5a53@group-813C05265458-LeaderElection362 PRE_VOTE round 0: result PASSED
2025-10-10 10:41:06,803 [36185c6b-22ce-45d1-a622-3a6b487a5a53@group-813C05265458-LeaderElection362] INFO  impl.LeaderElection (LeaderElection.java:askForVotes(448)) - 36185c6b-22ce-45d1-a622-3a6b487a5a53@group-813C05265458-LeaderElection362 ELECTION round 0: submit vote requests at term 3 for conf: {index: 1, cur=peers:[aa9634f0-8836-44d6-bc05-5b19fbdd93d5|127.0.0.1:15063, 36185c6b-22ce-45d1-a622-3a6b487a5a53|127.0.0.1:15071, 895d447a-5476-42e4-b2fa-6eb687701d46|127.0.0.1:15079]|listeners:[], old=null}
2025-10-10 10:41:06,804 [grpc-default-executor-8] INFO  server.RaftServer$Division (RaftServerImpl.java:requestVote(1421)) - aa9634f0-8836-44d6-bc05-5b19fbdd93d5@group-813C05265458: receive requestVote(ELECTION, 36185c6b-22ce-45d1-a622-3a6b487a5a53, group-813C05265458, 3, (t:2, i:2))
2025-10-10 10:41:06,804 [grpc-default-executor-7] INFO  server.RaftServer$Division (RaftServerImpl.java:requestVote(1421)) - 895d447a-5476-42e4-b2fa-6eb687701d46@group-813C05265458: receive requestVote(ELECTION, 36185c6b-22ce-45d1-a622-3a6b487a5a53, group-813C05265458, 3, (t:2, i:2))
2025-10-10 10:41:06,804 [grpc-default-executor-8] WARN  server.GrpcServerProtocolService (LogUtils.java:warn(127)) - aa9634f0-8836-44d6-bc05-5b19fbdd93d5: Failed requestVote 36185c6b-22ce-45d1-a622-3a6b487a5a53->aa9634f0-8836-44d6-bc05-5b19fbdd93d5#0: org.apache.ratis.protocol.exceptions.ServerNotReadyException: aa9634f0-8836-44d6-bc05-5b19fbdd93d5@group-813C05265458 is not in [RUNNING]: current state is CLOSED
2025-10-10 10:41:06,804 [grpc-default-executor-7] INFO  impl.VoteContext (VoteContext.java:log(49)) - 895d447a-5476-42e4-b2fa-6eb687701d46@group-813C05265458-FOLLOWER: accept ELECTION from 36185c6b-22ce-45d1-a622-3a6b487a5a53: our priority 0 <= candidate's priority 0
2025-10-10 10:41:06,804 [grpc-default-executor-7] INFO  server.RaftServer$Division (RaftServerImpl.java:setRole(392)) - 895d447a-5476-42e4-b2fa-6eb687701d46@group-813C05265458: changes role from  FOLLOWER to FOLLOWER at term 2 for candidate:36185c6b-22ce-45d1-a622-3a6b487a5a53
2025-10-10 10:41:06,804 [grpc-default-executor-7] INFO  impl.RoleInfo (RoleInfo.java:shutdownFollowerState(121)) - 895d447a-5476-42e4-b2fa-6eb687701d46: shutdown 895d447a-5476-42e4-b2fa-6eb687701d46@group-813C05265458-FollowerState
2025-10-10 10:41:06,804 [grpc-default-executor-7] INFO  server.RaftServer$Division (ServerState.java:setLeader(272)) - 895d447a-5476-42e4-b2fa-6eb687701d46@group-813C05265458: change Leader from aa9634f0-8836-44d6-bc05-5b19fbdd93d5 to null at term 3 for updateCurrentTerm
2025-10-10 10:41:06,804 [grpc-default-executor-7] INFO  impl.RoleInfo (RoleInfo.java:updateAndGet(148)) - 895d447a-5476-42e4-b2fa-6eb687701d46: start 895d447a-5476-42e4-b2fa-6eb687701d46@group-813C05265458-FollowerState
2025-10-10 10:41:06,804 [895d447a-5476-42e4-b2fa-6eb687701d46@group-813C05265458-FollowerState] INFO  impl.FollowerState (FollowerState.java:runImpl(170)) - 895d447a-5476-42e4-b2fa-6eb687701d46@group-813C05265458-FollowerState was interrupted
2025-10-10 10:41:06,805 [grpc-default-executor-7] INFO  server.RaftServer$Division (RaftServerImpl.java:requestVote(1455)) - 895d447a-5476-42e4-b2fa-6eb687701d46@group-813C05265458 replies to ELECTION vote request: 36185c6b-22ce-45d1-a622-3a6b487a5a53<-895d447a-5476-42e4-b2fa-6eb687701d46#0:OK-t3-last:(t:2, i:2). Peer's state: 895d447a-5476-42e4-b2fa-6eb687701d46@group-813C05265458:t3, leader=null, voted=36185c6b-22ce-45d1-a622-3a6b487a5a53, raftlog=Memoized:895d447a-5476-42e4-b2fa-6eb687701d46@group-813C05265458-SegmentedRaftLog:OPENED:c2:last(t:2, i:2), conf=conf: {index: 1, cur=peers:[aa9634f0-8836-44d6-bc05-5b19fbdd93d5|127.0.0.1:15063, 36185c6b-22ce-45d1-a622-3a6b487a5a53|127.0.0.1:15071, 895d447a-5476-42e4-b2fa-6eb687701d46|127.0.0.1:15079]|listeners:[], old=null}
2025-10-10 10:41:06,805 [36185c6b-22ce-45d1-a622-3a6b487a5a53@group-813C05265458-LeaderElection362] INFO  impl.LeaderElection (LogUtils.java:infoOrTrace(142)) - 36185c6b-22ce-45d1-a622-3a6b487a5a53@group-813C05265458-LeaderElection362 got exception when requesting votes: java.util.concurrent.ExecutionException: org.apache.ratis.thirdparty.io.grpc.StatusRuntimeException: INTERNAL: aa9634f0-8836-44d6-bc05-5b19fbdd93d5@group-813C05265458 is not in [RUNNING]: current state is CLOSED
2025-10-10 10:41:06,806 [36185c6b-22ce-45d1-a622-3a6b487a5a53@group-813C05265458-LeaderElection362] INFO  impl.LeaderElection (LeaderElection.java:logAndReturn(206)) - 36185c6b-22ce-45d1-a622-3a6b487a5a53@group-813C05265458-LeaderElection362: ELECTION PASSED received 1 response(s) and 1 exception(s):
2025-10-10 10:41:06,806 [36185c6b-22ce-45d1-a622-3a6b487a5a53@group-813C05265458-LeaderElection362] INFO  impl.LeaderElection (LeaderElection.java:logAndReturn(210)) -   Response 0: 36185c6b-22ce-45d1-a622-3a6b487a5a53<-895d447a-5476-42e4-b2fa-6eb687701d46#0:OK-t3-last:(t:2, i:2)
2025-10-10 10:41:06,806 [36185c6b-22ce-45d1-a622-3a6b487a5a53@group-813C05265458-LeaderElection362] INFO  impl.LeaderElection (LogUtils.java:infoOrTrace(142)) -   Exception 1: java.util.concurrent.ExecutionException: org.apache.ratis.thirdparty.io.grpc.StatusRuntimeException: INTERNAL: aa9634f0-8836-44d6-bc05-5b19fbdd93d5@group-813C05265458 is not in [RUNNING]: current state is CLOSED
2025-10-10 10:41:06,806 [36185c6b-22ce-45d1-a622-3a6b487a5a53@group-813C05265458-LeaderElection362] INFO  impl.LeaderElection (LeaderElection.java:askForVotes(450)) - 36185c6b-22ce-45d1-a622-3a6b487a5a53@group-813C05265458-LeaderElection362 ELECTION round 0: result PASSED
2025-10-10 10:41:06,806 [36185c6b-22ce-45d1-a622-3a6b487a5a53@group-813C05265458-LeaderElection362] INFO  impl.RoleInfo (RoleInfo.java:shutdownLeaderElection(141)) - 36185c6b-22ce-45d1-a622-3a6b487a5a53: shutdown 36185c6b-22ce-45d1-a622-3a6b487a5a53@group-813C05265458-LeaderElection362
2025-10-10 10:41:06,806 [36185c6b-22ce-45d1-a622-3a6b487a5a53@group-813C05265458-LeaderElection362] INFO  server.RaftServer$Division (RaftServerImpl.java:setRole(392)) - 36185c6b-22ce-45d1-a622-3a6b487a5a53@group-813C05265458: changes role from CANDIDATE to LEADER at term 3 for changeToLeader
2025-10-10 10:41:06,806 [36185c6b-22ce-45d1-a622-3a6b487a5a53@group-813C05265458-LeaderElection362] INFO  server.RaftServerConfigKeys (ConfUtils.java:logFallback(69)) - raft.server.staging.timeout = 3600ms (fallback to raft.server.rpc.timeout.max)
2025-10-10 10:41:06,806 [36185c6b-22ce-45d1-a622-3a6b487a5a53@group-813C05265458-LeaderElection362] INFO  server.RaftServerConfigKeys (ConfUtils.java:logGet(62)) - raft.server.write.byte-limit = 1024 M (=1073741824) (custom)
2025-10-10 10:41:06,808 [36185c6b-22ce-45d1-a622-3a6b487a5a53@group-813C05265458-LeaderElection362] INFO  server.RaftServerConfigKeys (ConfUtils.java:logGet(62)) - raft.server.log.appender.buffer.byte-limit = 33554432 (custom)
2025-10-10 10:41:06,809 [36185c6b-22ce-45d1-a622-3a6b487a5a53@group-813C05265458-LeaderElection362] INFO  server.RaftServerConfigKeys (ConfUtils.java:logGet(62)) - raft.server.log.appender.buffer.byte-limit = 33554432 (custom)
2025-10-10 10:41:06,809 [36185c6b-22ce-45d1-a622-3a6b487a5a53@group-813C05265458-LeaderElection362] INFO  impl.RoleInfo (RoleInfo.java:updateAndGet(148)) - 36185c6b-22ce-45d1-a622-3a6b487a5a53: start 36185c6b-22ce-45d1-a622-3a6b487a5a53@group-813C05265458-LeaderStateImpl
2025-10-10 10:41:06,809 [36185c6b-22ce-45d1-a622-3a6b487a5a53@group-813C05265458-LeaderElection362] INFO  ratis.XceiverServerRatis (XceiverServerRatis.java:handleLeaderChangedNotification(940)) - Leader change notification received for group: group-813C05265458 with new leaderId: 36185c6b-22ce-45d1-a622-3a6b487a5a53
2025-10-10 10:41:06,809 [36185c6b-22ce-45d1-a622-3a6b487a5a53@group-813C05265458-LeaderElection362] INFO  server.RaftServer$Division (ServerState.java:setLeader(272)) - 36185c6b-22ce-45d1-a622-3a6b487a5a53@group-813C05265458: change Leader from null to 36185c6b-22ce-45d1-a622-3a6b487a5a53 at term 3 for becomeLeader, leader elected after 12ms
2025-10-10 10:41:06,809 [36185c6b-22ce-45d1-a622-3a6b487a5a53@group-813C05265458-LeaderElection362] INFO  segmented.SegmentedRaftLogWorker (SegmentedRaftLogWorker.java:rollLogSegment(445)) - 36185c6b-22ce-45d1-a622-3a6b487a5a53@group-813C05265458-SegmentedRaftLogWorker: Rolling segment log-1_2 to index:2
2025-10-10 10:41:06,809 [36185c6b-22ce-45d1-a622-3a6b487a5a53@group-813C05265458-LeaderElection362] INFO  server.RaftServer$Division (ServerState.java:setRaftConf(386)) - 36185c6b-22ce-45d1-a622-3a6b487a5a53@group-813C05265458: set configuration conf: {index: 3, cur=peers:[aa9634f0-8836-44d6-bc05-5b19fbdd93d5|127.0.0.1:15063, 36185c6b-22ce-45d1-a622-3a6b487a5a53|127.0.0.1:15071, 895d447a-5476-42e4-b2fa-6eb687701d46|127.0.0.1:15079]|listeners:[], old=null}
2025-10-10 10:41:06,811 [36185c6b-22ce-45d1-a622-3a6b487a5a53@group-813C05265458-SegmentedRaftLogWorker] INFO  segmented.SegmentedRaftLogWorker (SegmentedRaftLogWorker.java:execute(604)) - 36185c6b-22ce-45d1-a622-3a6b487a5a53@group-813C05265458-SegmentedRaftLogWorker: Rolled log segment from /home/runner/work/ozone/ozone/hadoop-ozone/integration-test/target/test-dir/MiniOzoneClusterImpl-611c99c7-d47b-4433-a4ef-cd0a35b076ef/ozone-metadata/datanode-8/ratis/e51e4850-930a-48f3-bb77-813c05265458/current/log_inprogress_1 to /home/runner/work/ozone/ozone/hadoop-ozone/integration-test/target/test-dir/MiniOzoneClusterImpl-611c99c7-d47b-4433-a4ef-cd0a35b076ef/ozone-metadata/datanode-8/ratis/e51e4850-930a-48f3-bb77-813c05265458/current/log_1-2
2025-10-10 10:41:06,811 [36185c6b-22ce-45d1-a622-3a6b487a5a53@group-813C05265458-SegmentedRaftLogWorker] INFO  segmented.BufferedWriteChannel (BufferedWriteChannel.java:open(61)) - open log_inprogress_3 at position 0
2025-10-10 10:41:06,812 [grpc-default-executor-7] ERROR server.RaftServer$Division (RaftServerImpl.java:appendEntriesAsync(1495)) - aa9634f0-8836-44d6-bc05-5b19fbdd93d5@group-813C05265458: Failed appendEntries* 36185c6b-22ce-45d1-a622-3a6b487a5a53->aa9634f0-8836-44d6-bc05-5b19fbdd93d5#0-t3,previous=(t:2, i:2),leaderCommit=2,initializing? false,HEARTBEAT
org.apache.ratis.protocol.exceptions.ServerNotReadyException: aa9634f0-8836-44d6-bc05-5b19fbdd93d5@group-813C05265458 is not in [STARTING, RUNNING]: current state is CLOSED
	at org.apache.ratis.server.impl.RaftServerImpl.lambda$assertLifeCycleState$7(RaftServerImpl.java:809)
	at org.apache.ratis.util.LifeCycle.assertCurrentState(LifeCycle.java:260)
	at org.apache.ratis.server.impl.RaftServerImpl.assertLifeCycleState(RaftServerImpl.java:808)
	at org.apache.ratis.server.impl.RaftServerImpl.appendEntriesAsync(RaftServerImpl.java:1486)
	at org.apache.ratis.server.impl.RaftServerProxy.lambda$null$28(RaftServerProxy.java:652)
	at org.apache.ratis.util.JavaUtils.callAsUnchecked(JavaUtils.java:118)
	at org.apache.ratis.server.impl.RaftServerProxy.lambda$appendEntriesAsync$29(RaftServerProxy.java:651)
	at java.base/java.util.concurrent.CompletableFuture.uniComposeStage(CompletableFuture.java:1187)
	at java.base/java.util.concurrent.CompletableFuture.thenCompose(CompletableFuture.java:2341)
	at org.apache.ratis.server.impl.RaftServerProxy.appendEntriesAsync(RaftServerProxy.java:651)
	at org.apache.ratis.grpc.server.GrpcServerProtocolService$1.process(GrpcServerProtocolService.java:245)
	at org.apache.ratis.grpc.server.GrpcServerProtocolService$1.process(GrpcServerProtocolService.java:242)
	at org.apache.ratis.grpc.server.GrpcServerProtocolService$ServerRequestStreamObserver.onNext(GrpcServerProtocolService.java:137)
	at org.apache.ratis.thirdparty.io.grpc.stub.ServerCalls$StreamingServerCallHandler$StreamingServerCallListener.onMessage(ServerCalls.java:262)
	at org.apache.ratis.thirdparty.io.grpc.internal.ServerCallImpl$ServerStreamListenerImpl.messagesAvailableInternal(ServerCallImpl.java:334)
	at org.apache.ratis.thirdparty.io.grpc.internal.ServerCallImpl$ServerStreamListenerImpl.messagesAvailable(ServerCallImpl.java:319)
	at org.apache.ratis.thirdparty.io.grpc.internal.ServerImpl$JumpToApplicationThreadServerStreamListener$1MessagesAvailable.runInContext(ServerImpl.java:834)
	at org.apache.ratis.thirdparty.io.grpc.internal.ContextRunnable.run(ContextRunnable.java:37)
	at org.apache.ratis.thirdparty.io.grpc.internal.SerializingExecutor.run(SerializingExecutor.java:133)
	at java.base/java.util.concurrent.ThreadPoolExecutor.runWorker(ThreadPoolExecutor.java:1144)
	at java.base/java.util.concurrent.ThreadPoolExecutor$Worker.run(ThreadPoolExecutor.java:642)
	at java.base/java.lang.Thread.run(Thread.java:1583)
2025-10-10 10:41:06,814 [grpc-default-executor-7] INFO  ratis.XceiverServerRatis (XceiverServerRatis.java:handleLeaderChangedNotification(940)) - Leader change notification received for group: group-813C05265458 with new leaderId: 36185c6b-22ce-45d1-a622-3a6b487a5a53
2025-10-10 10:41:06,814 [grpc-default-executor-7] INFO  server.RaftServer$Division (ServerState.java:setLeader(272)) - 895d447a-5476-42e4-b2fa-6eb687701d46@group-813C05265458: change Leader from null to 36185c6b-22ce-45d1-a622-3a6b487a5a53 at term 3 for appendEntries, leader elected after 9ms
2025-10-10 10:41:06,814 [grpc-default-executor-1] ERROR server.RaftServer$Division (RaftServerImpl.java:appendEntriesAsync(1495)) - aa9634f0-8836-44d6-bc05-5b19fbdd93d5@group-813C05265458: Failed appendEntries* 36185c6b-22ce-45d1-a622-3a6b487a5a53->aa9634f0-8836-44d6-bc05-5b19fbdd93d5#1-t3,previous=(t:2, i:2),leaderCommit=2,initializing? false,entries: size=1, first=(t:3, i:3), CONFIGURATIONENTRY(current:id:"aa9634f0-8836-44d6-bc05-5b19fbdd93d5"address:"127.0.0.1:15063"priority:1dataStreamAddress:"127.0.0.1:15064"clientAddress:"127.0.0.1:15061"adminAddress:"127.0.0.1:15062"startupRole:FOLLOWER, id:"36185c6b-22ce-45d1-a622-3a6b487a5a53"address:"127.0.0.1:15071"dataStreamAddress:"127.0.0.1:15072"clientAddress:"127.0.0.1:15069"adminAddress:"127.0.0.1:15070"startupRole:FOLLOWER, id:"895d447a-5476-42e4-b2fa-6eb687701d46"address:"127.0.0.1:15079"dataStreamAddress:"127.0.0.1:15080"clientAddress:"127.0.0.1:15077"adminAddress:"127.0.0.1:15078"startupRole:FOLLOWER, old:)
org.apache.ratis.protocol.exceptions.ServerNotReadyException: aa9634f0-8836-44d6-bc05-5b19fbdd93d5@group-813C05265458 is not in [STARTING, RUNNING]: current state is CLOSED
	at org.apache.ratis.server.impl.RaftServerImpl.lambda$assertLifeCycleState$7(RaftServerImpl.java:809)
	at org.apache.ratis.util.LifeCycle.assertCurrentState(LifeCycle.java:260)
	at org.apache.ratis.server.impl.RaftServerImpl.assertLifeCycleState(RaftServerImpl.java:808)
	at org.apache.ratis.server.impl.RaftServerImpl.appendEntriesAsync(RaftServerImpl.java:1486)
	at org.apache.ratis.server.impl.RaftServerProxy.lambda$null$28(RaftServerProxy.java:652)
	at org.apache.ratis.util.JavaUtils.callAsUnchecked(JavaUtils.java:118)
	at org.apache.ratis.server.impl.RaftServerProxy.lambda$appendEntriesAsync$29(RaftServerProxy.java:651)
	at java.base/java.util.concurrent.CompletableFuture.uniComposeStage(CompletableFuture.java:1187)
	at java.base/java.util.concurrent.CompletableFuture.thenCompose(CompletableFuture.java:2341)
	at org.apache.ratis.server.impl.RaftServerProxy.appendEntriesAsync(RaftServerProxy.java:651)
	at org.apache.ratis.grpc.server.GrpcServerProtocolService$1.process(GrpcServerProtocolService.java:245)
	at org.apache.ratis.grpc.server.GrpcServerProtocolService$1.process(GrpcServerProtocolService.java:242)
	at org.apache.ratis.grpc.server.GrpcServerProtocolService$ServerRequestStreamObserver.onNext(GrpcServerProtocolService.java:150)
	at org.apache.ratis.thirdparty.io.grpc.stub.ServerCalls$StreamingServerCallHandler$StreamingServerCallListener.onMessage(ServerCalls.java:262)
	at org.apache.ratis.thirdparty.io.grpc.internal.ServerCallImpl$ServerStreamListenerImpl.messagesAvailableInternal(ServerCallImpl.java:334)
	at org.apache.ratis.thirdparty.io.grpc.internal.ServerCallImpl$ServerStreamListenerImpl.messagesAvailable(ServerCallImpl.java:319)
	at org.apache.ratis.thirdparty.io.grpc.internal.ServerImpl$JumpToApplicationThreadServerStreamListener$1MessagesAvailable.runInContext(ServerImpl.java:834)
	at org.apache.ratis.thirdparty.io.grpc.internal.ContextRunnable.run(ContextRunnable.java:37)
	at org.apache.ratis.thirdparty.io.grpc.internal.SerializingExecutor.run(SerializingExecutor.java:133)
	at java.base/java.util.concurrent.ThreadPoolExecutor.runWorker(ThreadPoolExecutor.java:1144)
	at java.base/java.util.concurrent.ThreadPoolExecutor$Worker.run(ThreadPoolExecutor.java:642)
	at java.base/java.lang.Thread.run(Thread.java:1583)
2025-10-10 10:41:06,816 [grpc-default-executor-3] ERROR server.RaftServer$Division (RaftServerImpl.java:appendEntriesAsync(1495)) - aa9634f0-8836-44d6-bc05-5b19fbdd93d5@group-813C05265458: Failed appendEntries* 36185c6b-22ce-45d1-a622-3a6b487a5a53->aa9634f0-8836-44d6-bc05-5b19fbdd93d5#2-t3,previous=<PROTO_DEFAULT>,leaderCommit=0,initializing? false,HEARTBEAT
org.apache.ratis.protocol.exceptions.ServerNotReadyException: aa9634f0-8836-44d6-bc05-5b19fbdd93d5@group-813C05265458 is not in [STARTING, RUNNING]: current state is CLOSED
	at org.apache.ratis.server.impl.RaftServerImpl.lambda$assertLifeCycleState$7(RaftServerImpl.java:809)
	at org.apache.ratis.util.LifeCycle.assertCurrentState(LifeCycle.java:260)
	at org.apache.ratis.server.impl.RaftServerImpl.assertLifeCycleState(RaftServerImpl.java:808)
	at org.apache.ratis.server.impl.RaftServerImpl.appendEntriesAsync(RaftServerImpl.java:1486)
	at org.apache.ratis.server.impl.RaftServerProxy.lambda$null$28(RaftServerProxy.java:652)
	at org.apache.ratis.util.JavaUtils.callAsUnchecked(JavaUtils.java:118)
	at org.apache.ratis.server.impl.RaftServerProxy.lambda$appendEntriesAsync$29(RaftServerProxy.java:651)
	at java.base/java.util.concurrent.CompletableFuture.uniComposeStage(CompletableFuture.java:1187)
	at java.base/java.util.concurrent.CompletableFuture.thenCompose(CompletableFuture.java:2341)
	at org.apache.ratis.server.impl.RaftServerProxy.appendEntriesAsync(RaftServerProxy.java:651)
	at org.apache.ratis.grpc.server.GrpcServerProtocolService$1.process(GrpcServerProtocolService.java:245)
	at org.apache.ratis.grpc.server.GrpcServerProtocolService$1.process(GrpcServerProtocolService.java:242)
	at org.apache.ratis.grpc.server.GrpcServerProtocolService$ServerRequestStreamObserver.onNext(GrpcServerProtocolService.java:137)
	at org.apache.ratis.thirdparty.io.grpc.stub.ServerCalls$StreamingServerCallHandler$StreamingServerCallListener.onMessage(ServerCalls.java:262)
	at org.apache.ratis.thirdparty.io.grpc.internal.ServerCallImpl$ServerStreamListenerImpl.messagesAvailableInternal(ServerCallImpl.java:334)
	at org.apache.ratis.thirdparty.io.grpc.internal.ServerCallImpl$ServerStreamListenerImpl.messagesAvailable(ServerCallImpl.java:319)
	at org.apache.ratis.thirdparty.io.grpc.internal.ServerImpl$JumpToApplicationThreadServerStreamListener$1MessagesAvailable.runInContext(ServerImpl.java:834)
	at org.apache.ratis.thirdparty.io.grpc.internal.ContextRunnable.run(ContextRunnable.java:37)
	at org.apache.ratis.thirdparty.io.grpc.internal.SerializingExecutor.run(SerializingExecutor.java:133)
	at java.base/java.util.concurrent.ThreadPoolExecutor.runWorker(ThreadPoolExecutor.java:1144)
	at java.base/java.util.concurrent.ThreadPoolExecutor$Worker.run(ThreadPoolExecutor.java:642)
	at java.base/java.lang.Thread.run(Thread.java:1583)
2025-10-10 10:41:06,815 [grpc-default-executor-8] INFO  server.RaftServer$Division (ServerState.java:setRaftConf(386)) - 895d447a-5476-42e4-b2fa-6eb687701d46@group-813C05265458: set configuration conf: {index: 3, cur=peers:[aa9634f0-8836-44d6-bc05-5b19fbdd93d5|127.0.0.1:15063, 36185c6b-22ce-45d1-a622-3a6b487a5a53|127.0.0.1:15071, 895d447a-5476-42e4-b2fa-6eb687701d46|127.0.0.1:15079]|listeners:[], old=null}
2025-10-10 10:41:06,816 [grpc-default-executor-1] WARN  server.GrpcServerProtocolService (LogUtils.java:warn(129)) - aa9634f0-8836-44d6-bc05-5b19fbdd93d5: Failed APPEND_ENTRIES request 36185c6b-22ce-45d1-a622-3a6b487a5a53->aa9634f0-8836-44d6-bc05-5b19fbdd93d5#1-t3,previous=(t:2, i:2),leaderCommit=2,initializing? false,entries: size=1, first=(t:3, i:3), CONFIGURATIONENTRY(current:id:"aa9634f0-8836-44d6-bc05-5b19fbdd93d5"address:"127.0.0.1:15063"priority:1dataStreamAddress:"127.0.0.1:15064"clientAddress:"127.0.0.1:15061"adminAddress:"127.0.0.1:15062"startupRole:FOLLOWER, id:"36185c6b-22ce-45d1-a622-3a6b487a5a53"address:"127.0.0.1:15071"dataStreamAddress:"127.0.0.1:15072"clientAddress:"127.0.0.1:15069"adminAddress:"127.0.0.1:15070"startupRole:FOLLOWER, id:"895d447a-5476-42e4-b2fa-6eb687701d46"address:"127.0.0.1:15079"dataStreamAddress:"127.0.0.1:15080"clientAddress:"127.0.0.1:15077"adminAddress:"127.0.0.1:15078"startupRole:FOLLOWER, old:)
java.util.concurrent.CompletionException: org.apache.ratis.protocol.exceptions.ServerNotReadyException: aa9634f0-8836-44d6-bc05-5b19fbdd93d5@group-813C05265458 is not in [STARTING, RUNNING]: current state is CLOSED
	at org.apache.ratis.util.JavaUtils.callAsUnchecked(JavaUtils.java:122)
	at org.apache.ratis.server.impl.RaftServerProxy.lambda$appendEntriesAsync$29(RaftServerProxy.java:651)
	at java.base/java.util.concurrent.CompletableFuture.uniComposeStage(CompletableFuture.java:1187)
	at java.base/java.util.concurrent.CompletableFuture.thenCompose(CompletableFuture.java:2341)
	at org.apache.ratis.server.impl.RaftServerProxy.appendEntriesAsync(RaftServerProxy.java:651)
	at org.apache.ratis.grpc.server.GrpcServerProtocolService$1.process(GrpcServerProtocolService.java:245)
	at org.apache.ratis.grpc.server.GrpcServerProtocolService$1.process(GrpcServerProtocolService.java:242)
	at org.apache.ratis.grpc.server.GrpcServerProtocolService$ServerRequestStreamObserver.onNext(GrpcServerProtocolService.java:150)
	at org.apache.ratis.thirdparty.io.grpc.stub.ServerCalls$StreamingServerCallHandler$StreamingServerCallListener.onMessage(ServerCalls.java:262)
	at org.apache.ratis.thirdparty.io.grpc.internal.ServerCallImpl$ServerStreamListenerImpl.messagesAvailableInternal(ServerCallImpl.java:334)
	at org.apache.ratis.thirdparty.io.grpc.internal.ServerCallImpl$ServerStreamListenerImpl.messagesAvailable(ServerCallImpl.java:319)
	at org.apache.ratis.thirdparty.io.grpc.internal.ServerImpl$JumpToApplicationThreadServerStreamListener$1MessagesAvailable.runInContext(ServerImpl.java:834)
	at org.apache.ratis.thirdparty.io.grpc.internal.ContextRunnable.run(ContextRunnable.java:37)
	at org.apache.ratis.thirdparty.io.grpc.internal.SerializingExecutor.run(SerializingExecutor.java:133)
	at java.base/java.util.concurrent.ThreadPoolExecutor.runWorker(ThreadPoolExecutor.java:1144)
	at java.base/java.util.concurrent.ThreadPoolExecutor$Worker.run(ThreadPoolExecutor.java:642)
	at java.base/java.lang.Thread.run(Thread.java:1583)
Caused by: org.apache.ratis.protocol.exceptions.ServerNotReadyException: aa9634f0-8836-44d6-bc05-5b19fbdd93d5@group-813C05265458 is not in [STARTING, RUNNING]: current state is CLOSED
	at org.apache.ratis.server.impl.RaftServerImpl.lambda$assertLifeCycleState$7(RaftServerImpl.java:809)
	at org.apache.ratis.util.LifeCycle.assertCurrentState(LifeCycle.java:260)
	at org.apache.ratis.server.impl.RaftServerImpl.assertLifeCycleState(RaftServerImpl.java:808)
	at org.apache.ratis.server.impl.RaftServerImpl.appendEntriesAsync(RaftServerImpl.java:1486)
	at org.apache.ratis.server.impl.RaftServerProxy.lambda$null$28(RaftServerProxy.java:652)
	at org.apache.ratis.util.JavaUtils.callAsUnchecked(JavaUtils.java:118)
	... 16 more
2025-10-10 10:41:06,816 [grpc-default-executor-8] INFO  segmented.SegmentedRaftLogWorker (SegmentedRaftLogWorker.java:rollLogSegment(445)) - 895d447a-5476-42e4-b2fa-6eb687701d46@group-813C05265458-SegmentedRaftLogWorker: Rolling segment log-1_2 to index:2
2025-10-10 10:41:06,819 [895d447a-5476-42e4-b2fa-6eb687701d46@group-813C05265458-SegmentedRaftLogWorker] INFO  segmented.SegmentedRaftLogWorker (SegmentedRaftLogWorker.java:execute(604)) - 895d447a-5476-42e4-b2fa-6eb687701d46@group-813C05265458-SegmentedRaftLogWorker: Rolled log segment from /home/runner/work/ozone/ozone/hadoop-ozone/integration-test/target/test-dir/MiniOzoneClusterImpl-611c99c7-d47b-4433-a4ef-cd0a35b076ef/ozone-metadata/datanode-9/ratis/e51e4850-930a-48f3-bb77-813c05265458/current/log_inprogress_1 to /home/runner/work/ozone/ozone/hadoop-ozone/integration-test/target/test-dir/MiniOzoneClusterImpl-611c99c7-d47b-4433-a4ef-cd0a35b076ef/ozone-metadata/datanode-9/ratis/e51e4850-930a-48f3-bb77-813c05265458/current/log_1-2
2025-10-10 10:41:06,819 [895d447a-5476-42e4-b2fa-6eb687701d46@group-813C05265458-SegmentedRaftLogWorker] INFO  segmented.BufferedWriteChannel (BufferedWriteChannel.java:open(61)) - open log_inprogress_3 at position 0
2025-10-10 10:41:06,820 [grpc-default-executor-1] WARN  server.GrpcLogAppender (LogUtils.java:warn(127)) - 36185c6b-22ce-45d1-a622-3a6b487a5a53@group-813C05265458->aa9634f0-8836-44d6-bc05-5b19fbdd93d5-AppendLogResponseHandler: Failed appendEntries: org.apache.ratis.protocol.exceptions.ServerNotReadyException: aa9634f0-8836-44d6-bc05-5b19fbdd93d5@group-813C05265458 is not in [STARTING, RUNNING]: current state is CLOSED
2025-10-10 10:41:06,820 [grpc-default-executor-1] INFO  leader.LogAppender (LogAppenderBase.java:lambda$getNextIndexForError$0(215)) - Decrease nextIndex to 3
2025-10-10 10:41:06,821 [grpc-default-executor-1] INFO  leader.LogAppender (LogAppenderBase.java:lambda$getNextIndexForError$0(215)) - Decrease nextIndex to 3
2025-10-10 10:41:06,821 [grpc-default-executor-1] INFO  leader.FollowerInfo (FollowerInfoImpl.java:info(70)) - 36185c6b-22ce-45d1-a622-3a6b487a5a53@group-813C05265458->aa9634f0-8836-44d6-bc05-5b19fbdd93d5: computeNextIndex nextIndex: updateUnconditionally 4 -> 3
2025-10-10 10:41:06,821 [36185c6b-22ce-45d1-a622-3a6b487a5a53@group-813C05265458-SegmentedRaftLogWorker] INFO  segmented.SegmentedRaftLogWorker (SegmentedRaftLogWorker.java:execute(647)) - 36185c6b-22ce-45d1-a622-3a6b487a5a53@group-813C05265458-SegmentedRaftLogWorker: created new log segment /home/runner/work/ozone/ozone/hadoop-ozone/integration-test/target/test-dir/MiniOzoneClusterImpl-611c99c7-d47b-4433-a4ef-cd0a35b076ef/ozone-metadata/datanode-8/ratis/e51e4850-930a-48f3-bb77-813c05265458/current/log_inprogress_3
2025-10-10 10:41:06,825 [895d447a-5476-42e4-b2fa-6eb687701d46@group-813C05265458-SegmentedRaftLogWorker] INFO  segmented.SegmentedRaftLogWorker (SegmentedRaftLogWorker.java:execute(647)) - 895d447a-5476-42e4-b2fa-6eb687701d46@group-813C05265458-SegmentedRaftLogWorker: created new log segment /home/runner/work/ozone/ozone/hadoop-ozone/integration-test/target/test-dir/MiniOzoneClusterImpl-611c99c7-d47b-4433-a4ef-cd0a35b076ef/ozone-metadata/datanode-9/ratis/e51e4850-930a-48f3-bb77-813c05265458/current/log_inprogress_3
2025-10-10 10:41:06,827 [36185c6b-22ce-45d1-a622-3a6b487a5a53@group-813C05265458-StateMachineUpdater] INFO  server.RaftServer$Division (LeaderStateImpl.java:checkStartIndex(309)) - Leader 36185c6b-22ce-45d1-a622-3a6b487a5a53@group-813C05265458-LeaderStateImpl is ready since appliedIndex == startIndex == 3
2025-10-10 10:41:06,827 [grpc-default-executor-3] ERROR server.RaftServer$Division (RaftServerImpl.java:appendEntriesAsync(1495)) - aa9634f0-8836-44d6-bc05-5b19fbdd93d5@group-813C05265458: Failed appendEntries* 36185c6b-22ce-45d1-a622-3a6b487a5a53->aa9634f0-8836-44d6-bc05-5b19fbdd93d5#3-t3,previous=(t:2, i:2),leaderCommit=3,initializing? false,entries: size=2, first=(t:3, i:3), CONFIGURATIONENTRY(current:id:"aa9634f0-8836-44d6-bc05-5b19fbdd93d5"address:"127.0.0.1:15063"priority:1dataStreamAddress:"127.0.0.1:15064"clientAddress:"127.0.0.1:15061"adminAddress:"127.0.0.1:15062"startupRole:FOLLOWER, id:"36185c6b-22ce-45d1-a622-3a6b487a5a53"address:"127.0.0.1:15071"dataStreamAddress:"127.0.0.1:15072"clientAddress:"127.0.0.1:15069"adminAddress:"127.0.0.1:15070"startupRole:FOLLOWER, id:"895d447a-5476-42e4-b2fa-6eb687701d46"address:"127.0.0.1:15079"dataStreamAddress:"127.0.0.1:15080"clientAddress:"127.0.0.1:15077"adminAddress:"127.0.0.1:15078"startupRole:FOLLOWER, old:)
org.apache.ratis.protocol.exceptions.ServerNotReadyException: aa9634f0-8836-44d6-bc05-5b19fbdd93d5@group-813C05265458 is not in [STARTING, RUNNING]: current state is CLOSED
	at org.apache.ratis.server.impl.RaftServerImpl.lambda$assertLifeCycleState$7(RaftServerImpl.java:809)
	at org.apache.ratis.util.LifeCycle.assertCurrentState(LifeCycle.java:260)
	at org.apache.ratis.server.impl.RaftServerImpl.assertLifeCycleState(RaftServerImpl.java:808)
	at org.apache.ratis.server.impl.RaftServerImpl.appendEntriesAsync(RaftServerImpl.java:1486)
	at org.apache.ratis.server.impl.RaftServerProxy.lambda$null$28(RaftServerProxy.java:652)
	at org.apache.ratis.util.JavaUtils.callAsUnchecked(JavaUtils.java:118)
	at org.apache.ratis.server.impl.RaftServerProxy.lambda$appendEntriesAsync$29(RaftServerProxy.java:651)
	at java.base/java.util.concurrent.CompletableFuture.uniComposeStage(CompletableFuture.java:1187)
	at java.base/java.util.concurrent.CompletableFuture.thenCompose(CompletableFuture.java:2341)
	at org.apache.ratis.server.impl.RaftServerProxy.appendEntriesAsync(RaftServerProxy.java:651)
	at org.apache.ratis.grpc.server.GrpcServerProtocolService$1.process(GrpcServerProtocolService.java:245)
	at org.apache.ratis.grpc.server.GrpcServerProtocolService$1.process(GrpcServerProtocolService.java:242)
	at org.apache.ratis.grpc.server.GrpcServerProtocolService$ServerRequestStreamObserver.onNext(GrpcServerProtocolService.java:150)
	at org.apache.ratis.thirdparty.io.grpc.stub.ServerCalls$StreamingServerCallHandler$StreamingServerCallListener.onMessage(ServerCalls.java:262)
	at org.apache.ratis.thirdparty.io.grpc.internal.ServerCallImpl$ServerStreamListenerImpl.messagesAvailableInternal(ServerCallImpl.java:334)
	at org.apache.ratis.thirdparty.io.grpc.internal.ServerCallImpl$ServerStreamListenerImpl.messagesAvailable(ServerCallImpl.java:319)
	at org.apache.ratis.thirdparty.io.grpc.internal.ServerImpl$JumpToApplicationThreadServerStreamListener$1MessagesAvailable.runInContext(ServerImpl.java:834)
	at org.apache.ratis.thirdparty.io.grpc.internal.ContextRunnable.run(ContextRunnable.java:37)
	at org.apache.ratis.thirdparty.io.grpc.internal.SerializingExecutor.run(SerializingExecutor.java:133)
	at java.base/java.util.concurrent.ThreadPoolExecutor.runWorker(ThreadPoolExecutor.java:1144)
	at java.base/java.util.concurrent.ThreadPoolExecutor$Worker.run(ThreadPoolExecutor.java:642)
	at java.base/java.lang.Thread.run(Thread.java:1583)
2025-10-10 10:41:06,828 [grpc-default-executor-3] WARN  server.GrpcServerProtocolService (LogUtils.java:warn(129)) - aa9634f0-8836-44d6-bc05-5b19fbdd93d5: Failed APPEND_ENTRIES request 36185c6b-22ce-45d1-a622-3a6b487a5a53->aa9634f0-8836-44d6-bc05-5b19fbdd93d5#3-t3,previous=(t:2, i:2),leaderCommit=3,initializing? false,entries: size=2, first=(t:3, i:3), CONFIGURATIONENTRY(current:id:"aa9634f0-8836-44d6-bc05-5b19fbdd93d5"address:"127.0.0.1:15063"priority:1dataStreamAddress:"127.0.0.1:15064"clientAddress:"127.0.0.1:15061"adminAddress:"127.0.0.1:15062"startupRole:FOLLOWER, id:"36185c6b-22ce-45d1-a622-3a6b487a5a53"address:"127.0.0.1:15071"dataStreamAddress:"127.0.0.1:15072"clientAddress:"127.0.0.1:15069"adminAddress:"127.0.0.1:15070"startupRole:FOLLOWER, id:"895d447a-5476-42e4-b2fa-6eb687701d46"address:"127.0.0.1:15079"dataStreamAddress:"127.0.0.1:15080"clientAddress:"127.0.0.1:15077"adminAddress:"127.0.0.1:15078"startupRole:FOLLOWER, old:)
java.util.concurrent.CompletionException: org.apache.ratis.protocol.exceptions.ServerNotReadyException: aa9634f0-8836-44d6-bc05-5b19fbdd93d5@group-813C05265458 is not in [STARTING, RUNNING]: current state is CLOSED
	at org.apache.ratis.util.JavaUtils.callAsUnchecked(JavaUtils.java:122)
	at org.apache.ratis.server.impl.RaftServerProxy.lambda$appendEntriesAsync$29(RaftServerProxy.java:651)
	at java.base/java.util.concurrent.CompletableFuture.uniComposeStage(CompletableFuture.java:1187)
	at java.base/java.util.concurrent.CompletableFuture.thenCompose(CompletableFuture.java:2341)
	at org.apache.ratis.server.impl.RaftServerProxy.appendEntriesAsync(RaftServerProxy.java:651)
	at org.apache.ratis.grpc.server.GrpcServerProtocolService$1.process(GrpcServerProtocolService.java:245)
	at org.apache.ratis.grpc.server.GrpcServerProtocolService$1.process(GrpcServerProtocolService.java:242)
	at org.apache.ratis.grpc.server.GrpcServerProtocolService$ServerRequestStreamObserver.onNext(GrpcServerProtocolService.java:150)
	at org.apache.ratis.thirdparty.io.grpc.stub.ServerCalls$StreamingServerCallHandler$StreamingServerCallListener.onMessage(ServerCalls.java:262)
	at org.apache.ratis.thirdparty.io.grpc.internal.ServerCallImpl$ServerStreamListenerImpl.messagesAvailableInternal(ServerCallImpl.java:334)
	at org.apache.ratis.thirdparty.io.grpc.internal.ServerCallImpl$ServerStreamListenerImpl.messagesAvailable(ServerCallImpl.java:319)
	at org.apache.ratis.thirdparty.io.grpc.internal.ServerImpl$JumpToApplicationThreadServerStreamListener$1MessagesAvailable.runInContext(ServerImpl.java:834)
	at org.apache.ratis.thirdparty.io.grpc.internal.ContextRunnable.run(ContextRunnable.java:37)
	at org.apache.ratis.thirdparty.io.grpc.internal.SerializingExecutor.run(SerializingExecutor.java:133)
	at java.base/java.util.concurrent.ThreadPoolExecutor.runWorker(ThreadPoolExecutor.java:1144)
	at java.base/java.util.concurrent.ThreadPoolExecutor$Worker.run(ThreadPoolExecutor.java:642)
	at java.base/java.lang.Thread.run(Thread.java:1583)
Caused by: org.apache.ratis.protocol.exceptions.ServerNotReadyException: aa9634f0-8836-44d6-bc05-5b19fbdd93d5@group-813C05265458 is not in [STARTING, RUNNING]: current state is CLOSED
	at org.apache.ratis.server.impl.RaftServerImpl.lambda$assertLifeCycleState$7(RaftServerImpl.java:809)
	at org.apache.ratis.util.LifeCycle.assertCurrentState(LifeCycle.java:260)
	at org.apache.ratis.server.impl.RaftServerImpl.assertLifeCycleState(RaftServerImpl.java:808)
	at org.apache.ratis.server.impl.RaftServerImpl.appendEntriesAsync(RaftServerImpl.java:1486)
	at org.apache.ratis.server.impl.RaftServerProxy.lambda$null$28(RaftServerProxy.java:652)
	at org.apache.ratis.util.JavaUtils.callAsUnchecked(JavaUtils.java:118)
	... 16 more
2025-10-10 10:41:06,829 [grpc-default-executor-3] INFO  leader.LogAppender (LogAppenderBase.java:lambda$getNextIndexForError$0(215)) - Decrease nextIndex to 3
2025-10-10 10:41:06,829 [grpc-default-executor-3] INFO  leader.LogAppender (LogAppenderBase.java:lambda$getNextIndexForError$0(215)) - Decrease nextIndex to 3
2025-10-10 10:41:06,829 [grpc-default-executor-3] INFO  leader.FollowerInfo (FollowerInfoImpl.java:info(70)) - 36185c6b-22ce-45d1-a622-3a6b487a5a53@group-813C05265458->aa9634f0-8836-44d6-bc05-5b19fbdd93d5: computeNextIndex nextIndex: updateUnconditionally 5 -> 3
2025-10-10 10:41:06,849 [grpc-default-executor-3] ERROR server.RaftServer$Division (RaftServerImpl.java:appendEntriesAsync(1495)) - aa9634f0-8836-44d6-bc05-5b19fbdd93d5@group-6EF60CB14872: Failed appendEntries* 36185c6b-22ce-45d1-a622-3a6b487a5a53->aa9634f0-8836-44d6-bc05-5b19fbdd93d5#84-t7,previous=(t:7, i:25),leaderCommit=25,initializing? false,HEARTBEAT
org.apache.ratis.protocol.exceptions.ServerNotReadyException: aa9634f0-8836-44d6-bc05-5b19fbdd93d5@group-6EF60CB14872 is not in [STARTING, RUNNING]: current state is CLOSED
	at org.apache.ratis.server.impl.RaftServerImpl.lambda$assertLifeCycleState$7(RaftServerImpl.java:809)
	at org.apache.ratis.util.LifeCycle.assertCurrentState(LifeCycle.java:260)
	at org.apache.ratis.server.impl.RaftServerImpl.assertLifeCycleState(RaftServerImpl.java:808)
	at org.apache.ratis.server.impl.RaftServerImpl.appendEntriesAsync(RaftServerImpl.java:1486)
	at org.apache.ratis.server.impl.RaftServerProxy.lambda$null$28(RaftServerProxy.java:652)
	at org.apache.ratis.util.JavaUtils.callAsUnchecked(JavaUtils.java:118)
	at org.apache.ratis.server.impl.RaftServerProxy.lambda$appendEntriesAsync$29(RaftServerProxy.java:651)
	at java.base/java.util.concurrent.CompletableFuture.uniComposeStage(CompletableFuture.java:1187)
	at java.base/java.util.concurrent.CompletableFuture.thenCompose(CompletableFuture.java:2341)
	at org.apache.ratis.server.impl.RaftServerProxy.appendEntriesAsync(RaftServerProxy.java:651)
	at org.apache.ratis.grpc.server.GrpcServerProtocolService$1.process(GrpcServerProtocolService.java:245)
	at org.apache.ratis.grpc.server.GrpcServerProtocolService$1.process(GrpcServerProtocolService.java:242)
	at org.apache.ratis.grpc.server.GrpcServerProtocolService$ServerRequestStreamObserver.onNext(GrpcServerProtocolService.java:137)
	at org.apache.ratis.thirdparty.io.grpc.stub.ServerCalls$StreamingServerCallHandler$StreamingServerCallListener.onMessage(ServerCalls.java:262)
	at org.apache.ratis.thirdparty.io.grpc.internal.ServerCallImpl$ServerStreamListenerImpl.messagesAvailableInternal(ServerCallImpl.java:334)
	at org.apache.ratis.thirdparty.io.grpc.internal.ServerCallImpl$ServerStreamListenerImpl.messagesAvailable(ServerCallImpl.java:319)
	at org.apache.ratis.thirdparty.io.grpc.internal.ServerImpl$JumpToApplicationThreadServerStreamListener$1MessagesAvailable.runInContext(ServerImpl.java:834)
	at org.apache.ratis.thirdparty.io.grpc.internal.ContextRunnable.run(ContextRunnable.java:37)
	at org.apache.ratis.thirdparty.io.grpc.internal.SerializingExecutor.run(SerializingExecutor.java:133)
	at java.base/java.util.concurrent.ThreadPoolExecutor.runWorker(ThreadPoolExecutor.java:1144)
	at java.base/java.util.concurrent.ThreadPoolExecutor$Worker.run(ThreadPoolExecutor.java:642)
	at java.base/java.lang.Thread.run(Thread.java:1583)
2025-10-10 10:41:07,067 [grpc-default-executor-3] ERROR server.RaftServer$Division (RaftServerImpl.java:appendEntriesAsync(1495)) - aa9634f0-8836-44d6-bc05-5b19fbdd93d5@group-813C05265458: Failed appendEntries* 36185c6b-22ce-45d1-a622-3a6b487a5a53->aa9634f0-8836-44d6-bc05-5b19fbdd93d5#4-t3,previous=(t:2, i:2),leaderCommit=2,initializing? false,HEARTBEAT
org.apache.ratis.protocol.exceptions.ServerNotReadyException: aa9634f0-8836-44d6-bc05-5b19fbdd93d5@group-813C05265458 is not in [STARTING, RUNNING]: current state is CLOSED
	at org.apache.ratis.server.impl.RaftServerImpl.lambda$assertLifeCycleState$7(RaftServerImpl.java:809)
	at org.apache.ratis.util.LifeCycle.assertCurrentState(LifeCycle.java:260)
	at org.apache.ratis.server.impl.RaftServerImpl.assertLifeCycleState(RaftServerImpl.java:808)
	at org.apache.ratis.server.impl.RaftServerImpl.appendEntriesAsync(RaftServerImpl.java:1486)
	at org.apache.ratis.server.impl.RaftServerProxy.lambda$null$28(RaftServerProxy.java:652)
	at org.apache.ratis.util.JavaUtils.callAsUnchecked(JavaUtils.java:118)
	at org.apache.ratis.server.impl.RaftServerProxy.lambda$appendEntriesAsync$29(RaftServerProxy.java:651)
	at java.base/java.util.concurrent.CompletableFuture.uniComposeStage(CompletableFuture.java:1187)
	at java.base/java.util.concurrent.CompletableFuture.thenCompose(CompletableFuture.java:2341)
	at org.apache.ratis.server.impl.RaftServerProxy.appendEntriesAsync(RaftServerProxy.java:651)
	at org.apache.ratis.grpc.server.GrpcServerProtocolService$1.process(GrpcServerProtocolService.java:245)
	at org.apache.ratis.grpc.server.GrpcServerProtocolService$1.process(GrpcServerProtocolService.java:242)
	at org.apache.ratis.grpc.server.GrpcServerProtocolService$ServerRequestStreamObserver.onNext(GrpcServerProtocolService.java:137)
	at org.apache.ratis.thirdparty.io.grpc.stub.ServerCalls$StreamingServerCallHandler$StreamingServerCallListener.onMessage(ServerCalls.java:262)
	at org.apache.ratis.thirdparty.io.grpc.internal.ServerCallImpl$ServerStreamListenerImpl.messagesAvailableInternal(ServerCallImpl.java:334)
	at org.apache.ratis.thirdparty.io.grpc.internal.ServerCallImpl$ServerStreamListenerImpl.messagesAvailable(ServerCallImpl.java:319)
	at org.apache.ratis.thirdparty.io.grpc.internal.ServerImpl$JumpToApplicationThreadServerStreamListener$1MessagesAvailable.runInContext(ServerImpl.java:834)
	at org.apache.ratis.thirdparty.io.grpc.internal.ContextRunnable.run(ContextRunnable.java:37)
	at org.apache.ratis.thirdparty.io.grpc.internal.SerializingExecutor.run(SerializingExecutor.java:133)
	at java.base/java.util.concurrent.ThreadPoolExecutor.runWorker(ThreadPoolExecutor.java:1144)
	at java.base/java.util.concurrent.ThreadPoolExecutor$Worker.run(ThreadPoolExecutor.java:642)
	at java.base/java.lang.Thread.run(Thread.java:1583)
2025-10-10 10:41:07,068 [grpc-default-executor-8] ERROR server.RaftServer$Division (RaftServerImpl.java:appendEntriesAsync(1495)) - aa9634f0-8836-44d6-bc05-5b19fbdd93d5@group-813C05265458: Failed appendEntries* 36185c6b-22ce-45d1-a622-3a6b487a5a53->aa9634f0-8836-44d6-bc05-5b19fbdd93d5#5-t3,previous=(t:2, i:2),leaderCommit=4,initializing? false,entries: size=2, first=(t:3, i:3), CONFIGURATIONENTRY(current:id:"aa9634f0-8836-44d6-bc05-5b19fbdd93d5"address:"127.0.0.1:15063"priority:1dataStreamAddress:"127.0.0.1:15064"clientAddress:"127.0.0.1:15061"adminAddress:"127.0.0.1:15062"startupRole:FOLLOWER, id:"36185c6b-22ce-45d1-a622-3a6b487a5a53"address:"127.0.0.1:15071"dataStreamAddress:"127.0.0.1:15072"clientAddress:"127.0.0.1:15069"adminAddress:"127.0.0.1:15070"startupRole:FOLLOWER, id:"895d447a-5476-42e4-b2fa-6eb687701d46"address:"127.0.0.1:15079"dataStreamAddress:"127.0.0.1:15080"clientAddress:"127.0.0.1:15077"adminAddress:"127.0.0.1:15078"startupRole:FOLLOWER, old:)
org.apache.ratis.protocol.exceptions.ServerNotReadyException: aa9634f0-8836-44d6-bc05-5b19fbdd93d5@group-813C05265458 is not in [STARTING, RUNNING]: current state is CLOSED
	at org.apache.ratis.server.impl.RaftServerImpl.lambda$assertLifeCycleState$7(RaftServerImpl.java:809)
	at org.apache.ratis.util.LifeCycle.assertCurrentState(LifeCycle.java:260)
	at org.apache.ratis.server.impl.RaftServerImpl.assertLifeCycleState(RaftServerImpl.java:808)
	at org.apache.ratis.server.impl.RaftServerImpl.appendEntriesAsync(RaftServerImpl.java:1486)
	at org.apache.ratis.server.impl.RaftServerProxy.lambda$null$28(RaftServerProxy.java:652)
	at org.apache.ratis.util.JavaUtils.callAsUnchecked(JavaUtils.java:118)
	at org.apache.ratis.server.impl.RaftServerProxy.lambda$appendEntriesAsync$29(RaftServerProxy.java:651)
	at java.base/java.util.concurrent.CompletableFuture.uniComposeStage(CompletableFuture.java:1187)
	at java.base/java.util.concurrent.CompletableFuture.thenCompose(CompletableFuture.java:2341)
	at org.apache.ratis.server.impl.RaftServerProxy.appendEntriesAsync(RaftServerProxy.java:651)
	at org.apache.ratis.grpc.server.GrpcServerProtocolService$1.process(GrpcServerProtocolService.java:245)
	at org.apache.ratis.grpc.server.GrpcServerProtocolService$1.process(GrpcServerProtocolService.java:242)
	at org.apache.ratis.grpc.server.GrpcServerProtocolService$ServerRequestStreamObserver.onNext(GrpcServerProtocolService.java:150)
	at org.apache.ratis.thirdparty.io.grpc.stub.ServerCalls$StreamingServerCallHandler$StreamingServerCallListener.onMessage(ServerCalls.java:262)
	at org.apache.ratis.thirdparty.io.grpc.internal.ServerCallImpl$ServerStreamListenerImpl.messagesAvailableInternal(ServerCallImpl.java:334)
	at org.apache.ratis.thirdparty.io.grpc.internal.ServerCallImpl$ServerStreamListenerImpl.messagesAvailable(ServerCallImpl.java:319)
	at org.apache.ratis.thirdparty.io.grpc.internal.ServerImpl$JumpToApplicationThreadServerStreamListener$1MessagesAvailable.runInContext(ServerImpl.java:834)
	at org.apache.ratis.thirdparty.io.grpc.internal.ContextRunnable.run(ContextRunnable.java:37)
	at org.apache.ratis.thirdparty.io.grpc.internal.SerializingExecutor.run(SerializingExecutor.java:133)
	at java.base/java.util.concurrent.ThreadPoolExecutor.runWorker(ThreadPoolExecutor.java:1144)
	at java.base/java.util.concurrent.ThreadPoolExecutor$Worker.run(ThreadPoolExecutor.java:642)
	at java.base/java.lang.Thread.run(Thread.java:1583)
2025-10-10 10:41:07,068 [grpc-default-executor-8] WARN  server.GrpcServerProtocolService (LogUtils.java:warn(129)) - aa9634f0-8836-44d6-bc05-5b19fbdd93d5: Failed APPEND_ENTRIES request 36185c6b-22ce-45d1-a622-3a6b487a5a53->aa9634f0-8836-44d6-bc05-5b19fbdd93d5#5-t3,previous=(t:2, i:2),leaderCommit=4,initializing? false,entries: size=2, first=(t:3, i:3), CONFIGURATIONENTRY(current:id:"aa9634f0-8836-44d6-bc05-5b19fbdd93d5"address:"127.0.0.1:15063"priority:1dataStreamAddress:"127.0.0.1:15064"clientAddress:"127.0.0.1:15061"adminAddress:"127.0.0.1:15062"startupRole:FOLLOWER, id:"36185c6b-22ce-45d1-a622-3a6b487a5a53"address:"127.0.0.1:15071"dataStreamAddress:"127.0.0.1:15072"clientAddress:"127.0.0.1:15069"adminAddress:"127.0.0.1:15070"startupRole:FOLLOWER, id:"895d447a-5476-42e4-b2fa-6eb687701d46"address:"127.0.0.1:15079"dataStreamAddress:"127.0.0.1:15080"clientAddress:"127.0.0.1:15077"adminAddress:"127.0.0.1:15078"startupRole:FOLLOWER, old:)
java.util.concurrent.CompletionException: org.apache.ratis.protocol.exceptions.ServerNotReadyException: aa9634f0-8836-44d6-bc05-5b19fbdd93d5@group-813C05265458 is not in [STARTING, RUNNING]: current state is CLOSED
	at org.apache.ratis.util.JavaUtils.callAsUnchecked(JavaUtils.java:122)
	at org.apache.ratis.server.impl.RaftServerProxy.lambda$appendEntriesAsync$29(RaftServerProxy.java:651)
	at java.base/java.util.concurrent.CompletableFuture.uniComposeStage(CompletableFuture.java:1187)
	at java.base/java.util.concurrent.CompletableFuture.thenCompose(CompletableFuture.java:2341)
	at org.apache.ratis.server.impl.RaftServerProxy.appendEntriesAsync(RaftServerProxy.java:651)
	at org.apache.ratis.grpc.server.GrpcServerProtocolService$1.process(GrpcServerProtocolService.java:245)
	at org.apache.ratis.grpc.server.GrpcServerProtocolService$1.process(GrpcServerProtocolService.java:242)
	at org.apache.ratis.grpc.server.GrpcServerProtocolService$ServerRequestStreamObserver.onNext(GrpcServerProtocolService.java:150)
	at org.apache.ratis.thirdparty.io.grpc.stub.ServerCalls$StreamingServerCallHandler$StreamingServerCallListener.onMessage(ServerCalls.java:262)
	at org.apache.ratis.thirdparty.io.grpc.internal.ServerCallImpl$ServerStreamListenerImpl.messagesAvailableInternal(ServerCallImpl.java:334)
	at org.apache.ratis.thirdparty.io.grpc.internal.ServerCallImpl$ServerStreamListenerImpl.messagesAvailable(ServerCallImpl.java:319)
	at org.apache.ratis.thirdparty.io.grpc.internal.ServerImpl$JumpToApplicationThreadServerStreamListener$1MessagesAvailable.runInContext(ServerImpl.java:834)
	at org.apache.ratis.thirdparty.io.grpc.internal.ContextRunnable.run(ContextRunnable.java:37)
	at org.apache.ratis.thirdparty.io.grpc.internal.SerializingExecutor.run(SerializingExecutor.java:133)
	at java.base/java.util.concurrent.ThreadPoolExecutor.runWorker(ThreadPoolExecutor.java:1144)
	at java.base/java.util.concurrent.ThreadPoolExecutor$Worker.run(ThreadPoolExecutor.java:642)
	at java.base/java.lang.Thread.run(Thread.java:1583)
Caused by: org.apache.ratis.protocol.exceptions.ServerNotReadyException: aa9634f0-8836-44d6-bc05-5b19fbdd93d5@group-813C05265458 is not in [STARTING, RUNNING]: current state is CLOSED
	at org.apache.ratis.server.impl.RaftServerImpl.lambda$assertLifeCycleState$7(RaftServerImpl.java:809)
	at org.apache.ratis.util.LifeCycle.assertCurrentState(LifeCycle.java:260)
	at org.apache.ratis.server.impl.RaftServerImpl.assertLifeCycleState(RaftServerImpl.java:808)
	at org.apache.ratis.server.impl.RaftServerImpl.appendEntriesAsync(RaftServerImpl.java:1486)
	at org.apache.ratis.server.impl.RaftServerProxy.lambda$null$28(RaftServerProxy.java:652)
	at org.apache.ratis.util.JavaUtils.callAsUnchecked(JavaUtils.java:118)
	... 16 more
2025-10-10 10:41:07,070 [grpc-default-executor-8] INFO  leader.LogAppender (LogAppenderBase.java:lambda$getNextIndexForError$0(215)) - Decrease nextIndex to 3
2025-10-10 10:41:07,070 [grpc-default-executor-8] INFO  leader.LogAppender (LogAppenderBase.java:lambda$getNextIndexForError$0(215)) - Decrease nextIndex to 3
2025-10-10 10:41:07,070 [grpc-default-executor-8] INFO  leader.FollowerInfo (FollowerInfoImpl.java:info(70)) - 36185c6b-22ce-45d1-a622-3a6b487a5a53@group-813C05265458->aa9634f0-8836-44d6-bc05-5b19fbdd93d5: computeNextIndex nextIndex: updateUnconditionally 5 -> 3
2025-10-10 10:41:07,099 [grpc-default-executor-8] ERROR server.RaftServer$Division (RaftServerImpl.java:appendEntriesAsync(1495)) - aa9634f0-8836-44d6-bc05-5b19fbdd93d5@group-6EF60CB14872: Failed appendEntries* 36185c6b-22ce-45d1-a622-3a6b487a5a53->aa9634f0-8836-44d6-bc05-5b19fbdd93d5#85-t7,previous=(t:7, i:25),leaderCommit=25,initializing? false,HEARTBEAT
org.apache.ratis.protocol.exceptions.ServerNotReadyException: aa9634f0-8836-44d6-bc05-5b19fbdd93d5@group-6EF60CB14872 is not in [STARTING, RUNNING]: current state is CLOSED
	at org.apache.ratis.server.impl.RaftServerImpl.lambda$assertLifeCycleState$7(RaftServerImpl.java:809)
	at org.apache.ratis.util.LifeCycle.assertCurrentState(LifeCycle.java:260)
	at org.apache.ratis.server.impl.RaftServerImpl.assertLifeCycleState(RaftServerImpl.java:808)
	at org.apache.ratis.server.impl.RaftServerImpl.appendEntriesAsync(RaftServerImpl.java:1486)
	at org.apache.ratis.server.impl.RaftServerProxy.lambda$null$28(RaftServerProxy.java:652)
	at org.apache.ratis.util.JavaUtils.callAsUnchecked(JavaUtils.java:118)
	at org.apache.ratis.server.impl.RaftServerProxy.lambda$appendEntriesAsync$29(RaftServerProxy.java:651)
	at java.base/java.util.concurrent.CompletableFuture.uniComposeStage(CompletableFuture.java:1187)
	at java.base/java.util.concurrent.CompletableFuture.thenCompose(CompletableFuture.java:2341)
	at org.apache.ratis.server.impl.RaftServerProxy.appendEntriesAsync(RaftServerProxy.java:651)
	at org.apache.ratis.grpc.server.GrpcServerProtocolService$1.process(GrpcServerProtocolService.java:245)
	at org.apache.ratis.grpc.server.GrpcServerProtocolService$1.process(GrpcServerProtocolService.java:242)
	at org.apache.ratis.grpc.server.GrpcServerProtocolService$ServerRequestStreamObserver.onNext(GrpcServerProtocolService.java:137)
	at org.apache.ratis.thirdparty.io.grpc.stub.ServerCalls$StreamingServerCallHandler$StreamingServerCallListener.onMessage(ServerCalls.java:262)
	at org.apache.ratis.thirdparty.io.grpc.internal.ServerCallImpl$ServerStreamListenerImpl.messagesAvailableInternal(ServerCallImpl.java:334)
	at org.apache.ratis.thirdparty.io.grpc.internal.ServerCallImpl$ServerStreamListenerImpl.messagesAvailable(ServerCallImpl.java:319)
	at org.apache.ratis.thirdparty.io.grpc.internal.ServerImpl$JumpToApplicationThreadServerStreamListener$1MessagesAvailable.runInContext(ServerImpl.java:834)
	at org.apache.ratis.thirdparty.io.grpc.internal.ContextRunnable.run(ContextRunnable.java:37)
	at org.apache.ratis.thirdparty.io.grpc.internal.SerializingExecutor.run(SerializingExecutor.java:133)
	at java.base/java.util.concurrent.ThreadPoolExecutor.runWorker(ThreadPoolExecutor.java:1144)
	at java.base/java.util.concurrent.ThreadPoolExecutor$Worker.run(ThreadPoolExecutor.java:642)
	at java.base/java.lang.Thread.run(Thread.java:1583)
2025-10-10 10:41:07,320 [grpc-default-executor-8] ERROR server.RaftServer$Division (RaftServerImpl.java:appendEntriesAsync(1495)) - aa9634f0-8836-44d6-bc05-5b19fbdd93d5@group-813C05265458: Failed appendEntries* 36185c6b-22ce-45d1-a622-3a6b487a5a53->aa9634f0-8836-44d6-bc05-5b19fbdd93d5#6-t3,previous=(t:2, i:2),leaderCommit=2,initializing? false,HEARTBEAT
org.apache.ratis.protocol.exceptions.ServerNotReadyException: aa9634f0-8836-44d6-bc05-5b19fbdd93d5@group-813C05265458 is not in [STARTING, RUNNING]: current state is CLOSED
	at org.apache.ratis.server.impl.RaftServerImpl.lambda$assertLifeCycleState$7(RaftServerImpl.java:809)
	at org.apache.ratis.util.LifeCycle.assertCurrentState(LifeCycle.java:260)
	at org.apache.ratis.server.impl.RaftServerImpl.assertLifeCycleState(RaftServerImpl.java:808)
	at org.apache.ratis.server.impl.RaftServerImpl.appendEntriesAsync(RaftServerImpl.java:1486)
	at org.apache.ratis.server.impl.RaftServerProxy.lambda$null$28(RaftServerProxy.java:652)
	at org.apache.ratis.util.JavaUtils.callAsUnchecked(JavaUtils.java:118)
	at org.apache.ratis.server.impl.RaftServerProxy.lambda$appendEntriesAsync$29(RaftServerProxy.java:651)
	at java.base/java.util.concurrent.CompletableFuture.uniComposeStage(CompletableFuture.java:1187)
	at java.base/java.util.concurrent.CompletableFuture.thenCompose(CompletableFuture.java:2341)
	at org.apache.ratis.server.impl.RaftServerProxy.appendEntriesAsync(RaftServerProxy.java:651)
	at org.apache.ratis.grpc.server.GrpcServerProtocolService$1.process(GrpcServerProtocolService.java:245)
	at org.apache.ratis.grpc.server.GrpcServerProtocolService$1.process(GrpcServerProtocolService.java:242)
	at org.apache.ratis.grpc.server.GrpcServerProtocolService$ServerRequestStreamObserver.onNext(GrpcServerProtocolService.java:137)
	at org.apache.ratis.thirdparty.io.grpc.stub.ServerCalls$StreamingServerCallHandler$StreamingServerCallListener.onMessage(ServerCalls.java:262)
	at org.apache.ratis.thirdparty.io.grpc.internal.ServerCallImpl$ServerStreamListenerImpl.messagesAvailableInternal(ServerCallImpl.java:334)
	at org.apache.ratis.thirdparty.io.grpc.internal.ServerCallImpl$ServerStreamListenerImpl.messagesAvailable(ServerCallImpl.java:319)
	at org.apache.ratis.thirdparty.io.grpc.internal.ServerImpl$JumpToApplicationThreadServerStreamListener$1MessagesAvailable.runInContext(ServerImpl.java:834)
	at org.apache.ratis.thirdparty.io.grpc.internal.ContextRunnable.run(ContextRunnable.java:37)
	at org.apache.ratis.thirdparty.io.grpc.internal.SerializingExecutor.run(SerializingExecutor.java:133)
	at java.base/java.util.concurrent.ThreadPoolExecutor.runWorker(ThreadPoolExecutor.java:1144)
	at java.base/java.util.concurrent.ThreadPoolExecutor$Worker.run(ThreadPoolExecutor.java:642)
	at java.base/java.lang.Thread.run(Thread.java:1583)
2025-10-10 10:41:07,321 [grpc-default-executor-8] ERROR server.RaftServer$Division (RaftServerImpl.java:appendEntriesAsync(1495)) - aa9634f0-8836-44d6-bc05-5b19fbdd93d5@group-813C05265458: Failed appendEntries* 36185c6b-22ce-45d1-a622-3a6b487a5a53->aa9634f0-8836-44d6-bc05-5b19fbdd93d5#7-t3,previous=(t:2, i:2),leaderCommit=4,initializing? false,entries: size=2, first=(t:3, i:3), CONFIGURATIONENTRY(current:id:"aa9634f0-8836-44d6-bc05-5b19fbdd93d5"address:"127.0.0.1:15063"priority:1dataStreamAddress:"127.0.0.1:15064"clientAddress:"127.0.0.1:15061"adminAddress:"127.0.0.1:15062"startupRole:FOLLOWER, id:"36185c6b-22ce-45d1-a622-3a6b487a5a53"address:"127.0.0.1:15071"dataStreamAddress:"127.0.0.1:15072"clientAddress:"127.0.0.1:15069"adminAddress:"127.0.0.1:15070"startupRole:FOLLOWER, id:"895d447a-5476-42e4-b2fa-6eb687701d46"address:"127.0.0.1:15079"dataStreamAddress:"127.0.0.1:15080"clientAddress:"127.0.0.1:15077"adminAddress:"127.0.0.1:15078"startupRole:FOLLOWER, old:)
org.apache.ratis.protocol.exceptions.ServerNotReadyException: aa9634f0-8836-44d6-bc05-5b19fbdd93d5@group-813C05265458 is not in [STARTING, RUNNING]: current state is CLOSED
	at org.apache.ratis.server.impl.RaftServerImpl.lambda$assertLifeCycleState$7(RaftServerImpl.java:809)
	at org.apache.ratis.util.LifeCycle.assertCurrentState(LifeCycle.java:260)
	at org.apache.ratis.server.impl.RaftServerImpl.assertLifeCycleState(RaftServerImpl.java:808)
	at org.apache.ratis.server.impl.RaftServerImpl.appendEntriesAsync(RaftServerImpl.java:1486)
	at org.apache.ratis.server.impl.RaftServerProxy.lambda$null$28(RaftServerProxy.java:652)
	at org.apache.ratis.util.JavaUtils.callAsUnchecked(JavaUtils.java:118)
	at org.apache.ratis.server.impl.RaftServerProxy.lambda$appendEntriesAsync$29(RaftServerProxy.java:651)
	at java.base/java.util.concurrent.CompletableFuture.uniComposeStage(CompletableFuture.java:1187)
	at java.base/java.util.concurrent.CompletableFuture.thenCompose(CompletableFuture.java:2341)
	at org.apache.ratis.server.impl.RaftServerProxy.appendEntriesAsync(RaftServerProxy.java:651)
	at org.apache.ratis.grpc.server.GrpcServerProtocolService$1.process(GrpcServerProtocolService.java:245)
	at org.apache.ratis.grpc.server.GrpcServerProtocolService$1.process(GrpcServerProtocolService.java:242)
	at org.apache.ratis.grpc.server.GrpcServerProtocolService$ServerRequestStreamObserver.onNext(GrpcServerProtocolService.java:150)
	at org.apache.ratis.thirdparty.io.grpc.stub.ServerCalls$StreamingServerCallHandler$StreamingServerCallListener.onMessage(ServerCalls.java:262)
	at org.apache.ratis.thirdparty.io.grpc.internal.ServerCallImpl$ServerStreamListenerImpl.messagesAvailableInternal(ServerCallImpl.java:334)
	at org.apache.ratis.thirdparty.io.grpc.internal.ServerCallImpl$ServerStreamListenerImpl.messagesAvailable(ServerCallImpl.java:319)
	at org.apache.ratis.thirdparty.io.grpc.internal.ServerImpl$JumpToApplicationThreadServerStreamListener$1MessagesAvailable.runInContext(ServerImpl.java:834)
	at org.apache.ratis.thirdparty.io.grpc.internal.ContextRunnable.run(ContextRunnable.java:37)
	at org.apache.ratis.thirdparty.io.grpc.internal.SerializingExecutor.run(SerializingExecutor.java:133)
	at java.base/java.util.concurrent.ThreadPoolExecutor.runWorker(ThreadPoolExecutor.java:1144)
	at java.base/java.util.concurrent.ThreadPoolExecutor$Worker.run(ThreadPoolExecutor.java:642)
	at java.base/java.lang.Thread.run(Thread.java:1583)
2025-10-10 10:41:07,322 [grpc-default-executor-8] WARN  server.GrpcServerProtocolService (LogUtils.java:warn(129)) - aa9634f0-8836-44d6-bc05-5b19fbdd93d5: Failed APPEND_ENTRIES request 36185c6b-22ce-45d1-a622-3a6b487a5a53->aa9634f0-8836-44d6-bc05-5b19fbdd93d5#7-t3,previous=(t:2, i:2),leaderCommit=4,initializing? false,entries: size=2, first=(t:3, i:3), CONFIGURATIONENTRY(current:id:"aa9634f0-8836-44d6-bc05-5b19fbdd93d5"address:"127.0.0.1:15063"priority:1dataStreamAddress:"127.0.0.1:15064"clientAddress:"127.0.0.1:15061"adminAddress:"127.0.0.1:15062"startupRole:FOLLOWER, id:"36185c6b-22ce-45d1-a622-3a6b487a5a53"address:"127.0.0.1:15071"dataStreamAddress:"127.0.0.1:15072"clientAddress:"127.0.0.1:15069"adminAddress:"127.0.0.1:15070"startupRole:FOLLOWER, id:"895d447a-5476-42e4-b2fa-6eb687701d46"address:"127.0.0.1:15079"dataStreamAddress:"127.0.0.1:15080"clientAddress:"127.0.0.1:15077"adminAddress:"127.0.0.1:15078"startupRole:FOLLOWER, old:)
java.util.concurrent.CompletionException: org.apache.ratis.protocol.exceptions.ServerNotReadyException: aa9634f0-8836-44d6-bc05-5b19fbdd93d5@group-813C05265458 is not in [STARTING, RUNNING]: current state is CLOSED
	at org.apache.ratis.util.JavaUtils.callAsUnchecked(JavaUtils.java:122)
	at org.apache.ratis.server.impl.RaftServerProxy.lambda$appendEntriesAsync$29(RaftServerProxy.java:651)
	at java.base/java.util.concurrent.CompletableFuture.uniComposeStage(CompletableFuture.java:1187)
	at java.base/java.util.concurrent.CompletableFuture.thenCompose(CompletableFuture.java:2341)
	at org.apache.ratis.server.impl.RaftServerProxy.appendEntriesAsync(RaftServerProxy.java:651)
	at org.apache.ratis.grpc.server.GrpcServerProtocolService$1.process(GrpcServerProtocolService.java:245)
	at org.apache.ratis.grpc.server.GrpcServerProtocolService$1.process(GrpcServerProtocolService.java:242)
	at org.apache.ratis.grpc.server.GrpcServerProtocolService$ServerRequestStreamObserver.onNext(GrpcServerProtocolService.java:150)
	at org.apache.ratis.thirdparty.io.grpc.stub.ServerCalls$StreamingServerCallHandler$StreamingServerCallListener.onMessage(ServerCalls.java:262)
	at org.apache.ratis.thirdparty.io.grpc.internal.ServerCallImpl$ServerStreamListenerImpl.messagesAvailableInternal(ServerCallImpl.java:334)
	at org.apache.ratis.thirdparty.io.grpc.internal.ServerCallImpl$ServerStreamListenerImpl.messagesAvailable(ServerCallImpl.java:319)
	at org.apache.ratis.thirdparty.io.grpc.internal.ServerImpl$JumpToApplicationThreadServerStreamListener$1MessagesAvailable.runInContext(ServerImpl.java:834)
	at org.apache.ratis.thirdparty.io.grpc.internal.ContextRunnable.run(ContextRunnable.java:37)
	at org.apache.ratis.thirdparty.io.grpc.internal.SerializingExecutor.run(SerializingExecutor.java:133)
	at java.base/java.util.concurrent.ThreadPoolExecutor.runWorker(ThreadPoolExecutor.java:1144)
	at java.base/java.util.concurrent.ThreadPoolExecutor$Worker.run(ThreadPoolExecutor.java:642)
	at java.base/java.lang.Thread.run(Thread.java:1583)
Caused by: org.apache.ratis.protocol.exceptions.ServerNotReadyException: aa9634f0-8836-44d6-bc05-5b19fbdd93d5@group-813C05265458 is not in [STARTING, RUNNING]: current state is CLOSED
	at org.apache.ratis.server.impl.RaftServerImpl.lambda$assertLifeCycleState$7(RaftServerImpl.java:809)
	at org.apache.ratis.util.LifeCycle.assertCurrentState(LifeCycle.java:260)
	at org.apache.ratis.server.impl.RaftServerImpl.assertLifeCycleState(RaftServerImpl.java:808)
	at org.apache.ratis.server.impl.RaftServerImpl.appendEntriesAsync(RaftServerImpl.java:1486)
	at org.apache.ratis.server.impl.RaftServerProxy.lambda$null$28(RaftServerProxy.java:652)
	at org.apache.ratis.util.JavaUtils.callAsUnchecked(JavaUtils.java:118)
	... 16 more
2025-10-10 10:41:07,323 [grpc-default-executor-8] INFO  leader.LogAppender (LogAppenderBase.java:lambda$getNextIndexForError$0(215)) - Decrease nextIndex to 3
2025-10-10 10:41:07,323 [grpc-default-executor-8] INFO  leader.LogAppender (LogAppenderBase.java:lambda$getNextIndexForError$0(215)) - Decrease nextIndex to 3
2025-10-10 10:41:07,323 [grpc-default-executor-8] INFO  leader.FollowerInfo (FollowerInfoImpl.java:info(70)) - 36185c6b-22ce-45d1-a622-3a6b487a5a53@group-813C05265458->aa9634f0-8836-44d6-bc05-5b19fbdd93d5: computeNextIndex nextIndex: updateUnconditionally 5 -> 3
2025-10-10 10:41:07,329 [grpc-default-executor-8] ERROR server.RaftServer$Division (RaftServerImpl.java:appendEntriesAsync(1495)) - aa9634f0-8836-44d6-bc05-5b19fbdd93d5@group-813C05265458: Failed appendEntries* 36185c6b-22ce-45d1-a622-3a6b487a5a53->aa9634f0-8836-44d6-bc05-5b19fbdd93d5#8-t3,previous=(t:2, i:2),leaderCommit=4,initializing? false,entries: size=2, first=(t:3, i:3), CONFIGURATIONENTRY(current:id:"aa9634f0-8836-44d6-bc05-5b19fbdd93d5"address:"127.0.0.1:15063"priority:1dataStreamAddress:"127.0.0.1:15064"clientAddress:"127.0.0.1:15061"adminAddress:"127.0.0.1:15062"startupRole:FOLLOWER, id:"36185c6b-22ce-45d1-a622-3a6b487a5a53"address:"127.0.0.1:15071"dataStreamAddress:"127.0.0.1:15072"clientAddress:"127.0.0.1:15069"adminAddress:"127.0.0.1:15070"startupRole:FOLLOWER, id:"895d447a-5476-42e4-b2fa-6eb687701d46"address:"127.0.0.1:15079"dataStreamAddress:"127.0.0.1:15080"clientAddress:"127.0.0.1:15077"adminAddress:"127.0.0.1:15078"startupRole:FOLLOWER, old:)
org.apache.ratis.protocol.exceptions.ServerNotReadyException: aa9634f0-8836-44d6-bc05-5b19fbdd93d5@group-813C05265458 is not in [STARTING, RUNNING]: current state is CLOSED
	at org.apache.ratis.server.impl.RaftServerImpl.lambda$assertLifeCycleState$7(RaftServerImpl.java:809)
	at org.apache.ratis.util.LifeCycle.assertCurrentState(LifeCycle.java:260)
	at org.apache.ratis.server.impl.RaftServerImpl.assertLifeCycleState(RaftServerImpl.java:808)
	at org.apache.ratis.server.impl.RaftServerImpl.appendEntriesAsync(RaftServerImpl.java:1486)
	at org.apache.ratis.server.impl.RaftServerProxy.lambda$null$28(RaftServerProxy.java:652)
	at org.apache.ratis.util.JavaUtils.callAsUnchecked(JavaUtils.java:118)
	at org.apache.ratis.server.impl.RaftServerProxy.lambda$appendEntriesAsync$29(RaftServerProxy.java:651)
	at java.base/java.util.concurrent.CompletableFuture.uniComposeStage(CompletableFuture.java:1187)
	at java.base/java.util.concurrent.CompletableFuture.thenCompose(CompletableFuture.java:2341)
	at org.apache.ratis.server.impl.RaftServerProxy.appendEntriesAsync(RaftServerProxy.java:651)
	at org.apache.ratis.grpc.server.GrpcServerProtocolService$1.process(GrpcServerProtocolService.java:245)
	at org.apache.ratis.grpc.server.GrpcServerProtocolService$1.process(GrpcServerProtocolService.java:242)
	at org.apache.ratis.grpc.server.GrpcServerProtocolService$ServerRequestStreamObserver.onNext(GrpcServerProtocolService.java:150)
	at org.apache.ratis.thirdparty.io.grpc.stub.ServerCalls$StreamingServerCallHandler$StreamingServerCallListener.onMessage(ServerCalls.java:262)
	at org.apache.ratis.thirdparty.io.grpc.internal.ServerCallImpl$ServerStreamListenerImpl.messagesAvailableInternal(ServerCallImpl.java:334)
	at org.apache.ratis.thirdparty.io.grpc.internal.ServerCallImpl$ServerStreamListenerImpl.messagesAvailable(ServerCallImpl.java:319)
	at org.apache.ratis.thirdparty.io.grpc.internal.ServerImpl$JumpToApplicationThreadServerStreamListener$1MessagesAvailable.runInContext(ServerImpl.java:834)
	at org.apache.ratis.thirdparty.io.grpc.internal.ContextRunnable.run(ContextRunnable.java:37)
	at org.apache.ratis.thirdparty.io.grpc.internal.SerializingExecutor.run(SerializingExecutor.java:133)
	at java.base/java.util.concurrent.ThreadPoolExecutor.runWorker(ThreadPoolExecutor.java:1144)
	at java.base/java.util.concurrent.ThreadPoolExecutor$Worker.run(ThreadPoolExecutor.java:642)
	at java.base/java.lang.Thread.run(Thread.java:1583)
2025-10-10 10:41:07,330 [grpc-default-executor-8] WARN  server.GrpcServerProtocolService (LogUtils.java:warn(129)) - aa9634f0-8836-44d6-bc05-5b19fbdd93d5: Failed APPEND_ENTRIES request 36185c6b-22ce-45d1-a622-3a6b487a5a53->aa9634f0-8836-44d6-bc05-5b19fbdd93d5#8-t3,previous=(t:2, i:2),leaderCommit=4,initializing? false,entries: size=2, first=(t:3, i:3), CONFIGURATIONENTRY(current:id:"aa9634f0-8836-44d6-bc05-5b19fbdd93d5"address:"127.0.0.1:15063"priority:1dataStreamAddress:"127.0.0.1:15064"clientAddress:"127.0.0.1:15061"adminAddress:"127.0.0.1:15062"startupRole:FOLLOWER, id:"36185c6b-22ce-45d1-a622-3a6b487a5a53"address:"127.0.0.1:15071"dataStreamAddress:"127.0.0.1:15072"clientAddress:"127.0.0.1:15069"adminAddress:"127.0.0.1:15070"startupRole:FOLLOWER, id:"895d447a-5476-42e4-b2fa-6eb687701d46"address:"127.0.0.1:15079"dataStreamAddress:"127.0.0.1:15080"clientAddress:"127.0.0.1:15077"adminAddress:"127.0.0.1:15078"startupRole:FOLLOWER, old:)
java.util.concurrent.CompletionException: org.apache.ratis.protocol.exceptions.ServerNotReadyException: aa9634f0-8836-44d6-bc05-5b19fbdd93d5@group-813C05265458 is not in [STARTING, RUNNING]: current state is CLOSED
	at org.apache.ratis.util.JavaUtils.callAsUnchecked(JavaUtils.java:122)
	at org.apache.ratis.server.impl.RaftServerProxy.lambda$appendEntriesAsync$29(RaftServerProxy.java:651)
	at java.base/java.util.concurrent.CompletableFuture.uniComposeStage(CompletableFuture.java:1187)
	at java.base/java.util.concurrent.CompletableFuture.thenCompose(CompletableFuture.java:2341)
	at org.apache.ratis.server.impl.RaftServerProxy.appendEntriesAsync(RaftServerProxy.java:651)
	at org.apache.ratis.grpc.server.GrpcServerProtocolService$1.process(GrpcServerProtocolService.java:245)
	at org.apache.ratis.grpc.server.GrpcServerProtocolService$1.process(GrpcServerProtocolService.java:242)
	at org.apache.ratis.grpc.server.GrpcServerProtocolService$ServerRequestStreamObserver.onNext(GrpcServerProtocolService.java:150)
	at org.apache.ratis.thirdparty.io.grpc.stub.ServerCalls$StreamingServerCallHandler$StreamingServerCallListener.onMessage(ServerCalls.java:262)
	at org.apache.ratis.thirdparty.io.grpc.internal.ServerCallImpl$ServerStreamListenerImpl.messagesAvailableInternal(ServerCallImpl.java:334)
	at org.apache.ratis.thirdparty.io.grpc.internal.ServerCallImpl$ServerStreamListenerImpl.messagesAvailable(ServerCallImpl.java:319)
	at org.apache.ratis.thirdparty.io.grpc.internal.ServerImpl$JumpToApplicationThreadServerStreamListener$1MessagesAvailable.runInContext(ServerImpl.java:834)
	at org.apache.ratis.thirdparty.io.grpc.internal.ContextRunnable.run(ContextRunnable.java:37)
	at org.apache.ratis.thirdparty.io.grpc.internal.SerializingExecutor.run(SerializingExecutor.java:133)
	at java.base/java.util.concurrent.ThreadPoolExecutor.runWorker(ThreadPoolExecutor.java:1144)
	at java.base/java.util.concurrent.ThreadPoolExecutor$Worker.run(ThreadPoolExecutor.java:642)
	at java.base/java.lang.Thread.run(Thread.java:1583)
Caused by: org.apache.ratis.protocol.exceptions.ServerNotReadyException: aa9634f0-8836-44d6-bc05-5b19fbdd93d5@group-813C05265458 is not in [STARTING, RUNNING]: current state is CLOSED
	at org.apache.ratis.server.impl.RaftServerImpl.lambda$assertLifeCycleState$7(RaftServerImpl.java:809)
	at org.apache.ratis.util.LifeCycle.assertCurrentState(LifeCycle.java:260)
	at org.apache.ratis.server.impl.RaftServerImpl.assertLifeCycleState(RaftServerImpl.java:808)
	at org.apache.ratis.server.impl.RaftServerImpl.appendEntriesAsync(RaftServerImpl.java:1486)
	at org.apache.ratis.server.impl.RaftServerProxy.lambda$null$28(RaftServerProxy.java:652)
	at org.apache.ratis.util.JavaUtils.callAsUnchecked(JavaUtils.java:118)
	... 16 more
2025-10-10 10:41:07,331 [grpc-default-executor-8] INFO  leader.LogAppender (LogAppenderBase.java:lambda$getNextIndexForError$0(215)) - Decrease nextIndex to 3
2025-10-10 10:41:07,331 [grpc-default-executor-8] INFO  leader.LogAppender (LogAppenderBase.java:lambda$getNextIndexForError$0(215)) - Decrease nextIndex to 3
2025-10-10 10:41:07,331 [grpc-default-executor-8] INFO  leader.FollowerInfo (FollowerInfoImpl.java:info(70)) - 36185c6b-22ce-45d1-a622-3a6b487a5a53@group-813C05265458->aa9634f0-8836-44d6-bc05-5b19fbdd93d5: computeNextIndex nextIndex: updateUnconditionally 5 -> 3
2025-10-10 10:41:07,349 [grpc-default-executor-8] ERROR server.RaftServer$Division (RaftServerImpl.java:appendEntriesAsync(1495)) - aa9634f0-8836-44d6-bc05-5b19fbdd93d5@group-6EF60CB14872: Failed appendEntries* 36185c6b-22ce-45d1-a622-3a6b487a5a53->aa9634f0-8836-44d6-bc05-5b19fbdd93d5#86-t7,previous=(t:7, i:25),leaderCommit=25,initializing? false,HEARTBEAT
org.apache.ratis.protocol.exceptions.ServerNotReadyException: aa9634f0-8836-44d6-bc05-5b19fbdd93d5@group-6EF60CB14872 is not in [STARTING, RUNNING]: current state is CLOSED
	at org.apache.ratis.server.impl.RaftServerImpl.lambda$assertLifeCycleState$7(RaftServerImpl.java:809)
	at org.apache.ratis.util.LifeCycle.assertCurrentState(LifeCycle.java:260)
	at org.apache.ratis.server.impl.RaftServerImpl.assertLifeCycleState(RaftServerImpl.java:808)
	at org.apache.ratis.server.impl.RaftServerImpl.appendEntriesAsync(RaftServerImpl.java:1486)
	at org.apache.ratis.server.impl.RaftServerProxy.lambda$null$28(RaftServerProxy.java:652)
	at org.apache.ratis.util.JavaUtils.callAsUnchecked(JavaUtils.java:118)
	at org.apache.ratis.server.impl.RaftServerProxy.lambda$appendEntriesAsync$29(RaftServerProxy.java:651)
	at java.base/java.util.concurrent.CompletableFuture.uniComposeStage(CompletableFuture.java:1187)
	at java.base/java.util.concurrent.CompletableFuture.thenCompose(CompletableFuture.java:2341)
	at org.apache.ratis.server.impl.RaftServerProxy.appendEntriesAsync(RaftServerProxy.java:651)
	at org.apache.ratis.grpc.server.GrpcServerProtocolService$1.process(GrpcServerProtocolService.java:245)
	at org.apache.ratis.grpc.server.GrpcServerProtocolService$1.process(GrpcServerProtocolService.java:242)
	at org.apache.ratis.grpc.server.GrpcServerProtocolService$ServerRequestStreamObserver.onNext(GrpcServerProtocolService.java:137)
	at org.apache.ratis.thirdparty.io.grpc.stub.ServerCalls$StreamingServerCallHandler$StreamingServerCallListener.onMessage(ServerCalls.java:262)
	at org.apache.ratis.thirdparty.io.grpc.internal.ServerCallImpl$ServerStreamListenerImpl.messagesAvailableInternal(ServerCallImpl.java:334)
	at org.apache.ratis.thirdparty.io.grpc.internal.ServerCallImpl$ServerStreamListenerImpl.messagesAvailable(ServerCallImpl.java:319)
	at org.apache.ratis.thirdparty.io.grpc.internal.ServerImpl$JumpToApplicationThreadServerStreamListener$1MessagesAvailable.runInContext(ServerImpl.java:834)
	at org.apache.ratis.thirdparty.io.grpc.internal.ContextRunnable.run(ContextRunnable.java:37)
	at org.apache.ratis.thirdparty.io.grpc.internal.SerializingExecutor.run(SerializingExecutor.java:133)
	at java.base/java.util.concurrent.ThreadPoolExecutor.runWorker(ThreadPoolExecutor.java:1144)
	at java.base/java.util.concurrent.ThreadPoolExecutor$Worker.run(ThreadPoolExecutor.java:642)
	at java.base/java.lang.Thread.run(Thread.java:1583)
2025-10-10 10:41:07,573 [grpc-default-executor-3] ERROR server.RaftServer$Division (RaftServerImpl.java:appendEntriesAsync(1495)) - aa9634f0-8836-44d6-bc05-5b19fbdd93d5@group-813C05265458: Failed appendEntries* 36185c6b-22ce-45d1-a622-3a6b487a5a53->aa9634f0-8836-44d6-bc05-5b19fbdd93d5#9-t3,previous=(t:2, i:2),leaderCommit=2,initializing? false,HEARTBEAT
org.apache.ratis.protocol.exceptions.ServerNotReadyException: aa9634f0-8836-44d6-bc05-5b19fbdd93d5@group-813C05265458 is not in [STARTING, RUNNING]: current state is CLOSED
	at org.apache.ratis.server.impl.RaftServerImpl.lambda$assertLifeCycleState$7(RaftServerImpl.java:809)
	at org.apache.ratis.util.LifeCycle.assertCurrentState(LifeCycle.java:260)
	at org.apache.ratis.server.impl.RaftServerImpl.assertLifeCycleState(RaftServerImpl.java:808)
	at org.apache.ratis.server.impl.RaftServerImpl.appendEntriesAsync(RaftServerImpl.java:1486)
	at org.apache.ratis.server.impl.RaftServerProxy.lambda$null$28(RaftServerProxy.java:652)
	at org.apache.ratis.util.JavaUtils.callAsUnchecked(JavaUtils.java:118)
	at org.apache.ratis.server.impl.RaftServerProxy.lambda$appendEntriesAsync$29(RaftServerProxy.java:651)
	at java.base/java.util.concurrent.CompletableFuture.uniComposeStage(CompletableFuture.java:1187)
	at java.base/java.util.concurrent.CompletableFuture.thenCompose(CompletableFuture.java:2341)
	at org.apache.ratis.server.impl.RaftServerProxy.appendEntriesAsync(RaftServerProxy.java:651)
	at org.apache.ratis.grpc.server.GrpcServerProtocolService$1.process(GrpcServerProtocolService.java:245)
	at org.apache.ratis.grpc.server.GrpcServerProtocolService$1.process(GrpcServerProtocolService.java:242)
	at org.apache.ratis.grpc.server.GrpcServerProtocolService$ServerRequestStreamObserver.onNext(GrpcServerProtocolService.java:137)
	at org.apache.ratis.thirdparty.io.grpc.stub.ServerCalls$StreamingServerCallHandler$StreamingServerCallListener.onMessage(ServerCalls.java:262)
	at org.apache.ratis.thirdparty.io.grpc.internal.ServerCallImpl$ServerStreamListenerImpl.messagesAvailableInternal(ServerCallImpl.java:334)
	at org.apache.ratis.thirdparty.io.grpc.internal.ServerCallImpl$ServerStreamListenerImpl.messagesAvailable(ServerCallImpl.java:319)
	at org.apache.ratis.thirdparty.io.grpc.internal.ServerImpl$JumpToApplicationThreadServerStreamListener$1MessagesAvailable.runInContext(ServerImpl.java:834)
	at org.apache.ratis.thirdparty.io.grpc.internal.ContextRunnable.run(ContextRunnable.java:37)
	at org.apache.ratis.thirdparty.io.grpc.internal.SerializingExecutor.run(SerializingExecutor.java:133)
	at java.base/java.util.concurrent.ThreadPoolExecutor.runWorker(ThreadPoolExecutor.java:1144)
	at java.base/java.util.concurrent.ThreadPoolExecutor$Worker.run(ThreadPoolExecutor.java:642)
	at java.base/java.lang.Thread.run(Thread.java:1583)
2025-10-10 10:41:07,574 [grpc-default-executor-3] ERROR server.RaftServer$Division (RaftServerImpl.java:appendEntriesAsync(1495)) - aa9634f0-8836-44d6-bc05-5b19fbdd93d5@group-813C05265458: Failed appendEntries* 36185c6b-22ce-45d1-a622-3a6b487a5a53->aa9634f0-8836-44d6-bc05-5b19fbdd93d5#10-t3,previous=(t:2, i:2),leaderCommit=4,initializing? false,entries: size=2, first=(t:3, i:3), CONFIGURATIONENTRY(current:id:"aa9634f0-8836-44d6-bc05-5b19fbdd93d5"address:"127.0.0.1:15063"priority:1dataStreamAddress:"127.0.0.1:15064"clientAddress:"127.0.0.1:15061"adminAddress:"127.0.0.1:15062"startupRole:FOLLOWER, id:"36185c6b-22ce-45d1-a622-3a6b487a5a53"address:"127.0.0.1:15071"dataStreamAddress:"127.0.0.1:15072"clientAddress:"127.0.0.1:15069"adminAddress:"127.0.0.1:15070"startupRole:FOLLOWER, id:"895d447a-5476-42e4-b2fa-6eb687701d46"address:"127.0.0.1:15079"dataStreamAddress:"127.0.0.1:15080"clientAddress:"127.0.0.1:15077"adminAddress:"127.0.0.1:15078"startupRole:FOLLOWER, old:)
org.apache.ratis.protocol.exceptions.ServerNotReadyException: aa9634f0-8836-44d6-bc05-5b19fbdd93d5@group-813C05265458 is not in [STARTING, RUNNING]: current state is CLOSED
	at org.apache.ratis.server.impl.RaftServerImpl.lambda$assertLifeCycleState$7(RaftServerImpl.java:809)
	at org.apache.ratis.util.LifeCycle.assertCurrentState(LifeCycle.java:260)
	at org.apache.ratis.server.impl.RaftServerImpl.assertLifeCycleState(RaftServerImpl.java:808)
	at org.apache.ratis.server.impl.RaftServerImpl.appendEntriesAsync(RaftServerImpl.java:1486)
	at org.apache.ratis.server.impl.RaftServerProxy.lambda$null$28(RaftServerProxy.java:652)
	at org.apache.ratis.util.JavaUtils.callAsUnchecked(JavaUtils.java:118)
	at org.apache.ratis.server.impl.RaftServerProxy.lambda$appendEntriesAsync$29(RaftServerProxy.java:651)
	at java.base/java.util.concurrent.CompletableFuture.uniComposeStage(CompletableFuture.java:1187)
	at java.base/java.util.concurrent.CompletableFuture.thenCompose(CompletableFuture.java:2341)
	at org.apache.ratis.server.impl.RaftServerProxy.appendEntriesAsync(RaftServerProxy.java:651)
	at org.apache.ratis.grpc.server.GrpcServerProtocolService$1.process(GrpcServerProtocolService.java:245)
	at org.apache.ratis.grpc.server.GrpcServerProtocolService$1.process(GrpcServerProtocolService.java:242)
	at org.apache.ratis.grpc.server.GrpcServerProtocolService$ServerRequestStreamObserver.onNext(GrpcServerProtocolService.java:150)
	at org.apache.ratis.thirdparty.io.grpc.stub.ServerCalls$StreamingServerCallHandler$StreamingServerCallListener.onMessage(ServerCalls.java:262)
	at org.apache.ratis.thirdparty.io.grpc.internal.ServerCallImpl$ServerStreamListenerImpl.messagesAvailableInternal(ServerCallImpl.java:334)
	at org.apache.ratis.thirdparty.io.grpc.internal.ServerCallImpl$ServerStreamListenerImpl.messagesAvailable(ServerCallImpl.java:319)
	at org.apache.ratis.thirdparty.io.grpc.internal.ServerImpl$JumpToApplicationThreadServerStreamListener$1MessagesAvailable.runInContext(ServerImpl.java:834)
	at org.apache.ratis.thirdparty.io.grpc.internal.ContextRunnable.run(ContextRunnable.java:37)
	at org.apache.ratis.thirdparty.io.grpc.internal.SerializingExecutor.run(SerializingExecutor.java:133)
	at java.base/java.util.concurrent.ThreadPoolExecutor.runWorker(ThreadPoolExecutor.java:1144)
	at java.base/java.util.concurrent.ThreadPoolExecutor$Worker.run(ThreadPoolExecutor.java:642)
	at java.base/java.lang.Thread.run(Thread.java:1583)
2025-10-10 10:41:07,574 [grpc-default-executor-3] WARN  server.GrpcServerProtocolService (LogUtils.java:warn(129)) - aa9634f0-8836-44d6-bc05-5b19fbdd93d5: Failed APPEND_ENTRIES request 36185c6b-22ce-45d1-a622-3a6b487a5a53->aa9634f0-8836-44d6-bc05-5b19fbdd93d5#10-t3,previous=(t:2, i:2),leaderCommit=4,initializing? false,entries: size=2, first=(t:3, i:3), CONFIGURATIONENTRY(current:id:"aa9634f0-8836-44d6-bc05-5b19fbdd93d5"address:"127.0.0.1:15063"priority:1dataStreamAddress:"127.0.0.1:15064"clientAddress:"127.0.0.1:15061"adminAddress:"127.0.0.1:15062"startupRole:FOLLOWER, id:"36185c6b-22ce-45d1-a622-3a6b487a5a53"address:"127.0.0.1:15071"dataStreamAddress:"127.0.0.1:15072"clientAddress:"127.0.0.1:15069"adminAddress:"127.0.0.1:15070"startupRole:FOLLOWER, id:"895d447a-5476-42e4-b2fa-6eb687701d46"address:"127.0.0.1:15079"dataStreamAddress:"127.0.0.1:15080"clientAddress:"127.0.0.1:15077"adminAddress:"127.0.0.1:15078"startupRole:FOLLOWER, old:)
java.util.concurrent.CompletionException: org.apache.ratis.protocol.exceptions.ServerNotReadyException: aa9634f0-8836-44d6-bc05-5b19fbdd93d5@group-813C05265458 is not in [STARTING, RUNNING]: current state is CLOSED
	at org.apache.ratis.util.JavaUtils.callAsUnchecked(JavaUtils.java:122)
	at org.apache.ratis.server.impl.RaftServerProxy.lambda$appendEntriesAsync$29(RaftServerProxy.java:651)
	at java.base/java.util.concurrent.CompletableFuture.uniComposeStage(CompletableFuture.java:1187)
	at java.base/java.util.concurrent.CompletableFuture.thenCompose(CompletableFuture.java:2341)
	at org.apache.ratis.server.impl.RaftServerProxy.appendEntriesAsync(RaftServerProxy.java:651)
	at org.apache.ratis.grpc.server.GrpcServerProtocolService$1.process(GrpcServerProtocolService.java:245)
	at org.apache.ratis.grpc.server.GrpcServerProtocolService$1.process(GrpcServerProtocolService.java:242)
	at org.apache.ratis.grpc.server.GrpcServerProtocolService$ServerRequestStreamObserver.onNext(GrpcServerProtocolService.java:150)
	at org.apache.ratis.thirdparty.io.grpc.stub.ServerCalls$StreamingServerCallHandler$StreamingServerCallListener.onMessage(ServerCalls.java:262)
	at org.apache.ratis.thirdparty.io.grpc.internal.ServerCallImpl$ServerStreamListenerImpl.messagesAvailableInternal(ServerCallImpl.java:334)
	at org.apache.ratis.thirdparty.io.grpc.internal.ServerCallImpl$ServerStreamListenerImpl.messagesAvailable(ServerCallImpl.java:319)
	at org.apache.ratis.thirdparty.io.grpc.internal.ServerImpl$JumpToApplicationThreadServerStreamListener$1MessagesAvailable.runInContext(ServerImpl.java:834)
	at org.apache.ratis.thirdparty.io.grpc.internal.ContextRunnable.run(ContextRunnable.java:37)
	at org.apache.ratis.thirdparty.io.grpc.internal.SerializingExecutor.run(SerializingExecutor.java:133)
	at java.base/java.util.concurrent.ThreadPoolExecutor.runWorker(ThreadPoolExecutor.java:1144)
	at java.base/java.util.concurrent.ThreadPoolExecutor$Worker.run(ThreadPoolExecutor.java:642)
	at java.base/java.lang.Thread.run(Thread.java:1583)
Caused by: org.apache.ratis.protocol.exceptions.ServerNotReadyException: aa9634f0-8836-44d6-bc05-5b19fbdd93d5@group-813C05265458 is not in [STARTING, RUNNING]: current state is CLOSED
	at org.apache.ratis.server.impl.RaftServerImpl.lambda$assertLifeCycleState$7(RaftServerImpl.java:809)
	at org.apache.ratis.util.LifeCycle.assertCurrentState(LifeCycle.java:260)
	at org.apache.ratis.server.impl.RaftServerImpl.assertLifeCycleState(RaftServerImpl.java:808)
	at org.apache.ratis.server.impl.RaftServerImpl.appendEntriesAsync(RaftServerImpl.java:1486)
	at org.apache.ratis.server.impl.RaftServerProxy.lambda$null$28(RaftServerProxy.java:652)
	at org.apache.ratis.util.JavaUtils.callAsUnchecked(JavaUtils.java:118)
	... 16 more
2025-10-10 10:41:07,576 [grpc-default-executor-3] INFO  leader.LogAppender (LogAppenderBase.java:lambda$getNextIndexForError$0(215)) - Decrease nextIndex to 3
2025-10-10 10:41:07,576 [grpc-default-executor-3] INFO  leader.LogAppender (LogAppenderBase.java:lambda$getNextIndexForError$0(215)) - Decrease nextIndex to 3
2025-10-10 10:41:07,576 [grpc-default-executor-3] INFO  leader.FollowerInfo (FollowerInfoImpl.java:info(70)) - 36185c6b-22ce-45d1-a622-3a6b487a5a53@group-813C05265458->aa9634f0-8836-44d6-bc05-5b19fbdd93d5: computeNextIndex nextIndex: updateUnconditionally 5 -> 3
2025-10-10 10:41:07,600 [grpc-default-executor-3] ERROR server.RaftServer$Division (RaftServerImpl.java:appendEntriesAsync(1495)) - aa9634f0-8836-44d6-bc05-5b19fbdd93d5@group-6EF60CB14872: Failed appendEntries* 36185c6b-22ce-45d1-a622-3a6b487a5a53->aa9634f0-8836-44d6-bc05-5b19fbdd93d5#87-t7,previous=(t:7, i:25),leaderCommit=25,initializing? false,HEARTBEAT
org.apache.ratis.protocol.exceptions.ServerNotReadyException: aa9634f0-8836-44d6-bc05-5b19fbdd93d5@group-6EF60CB14872 is not in [STARTING, RUNNING]: current state is CLOSED
	at org.apache.ratis.server.impl.RaftServerImpl.lambda$assertLifeCycleState$7(RaftServerImpl.java:809)
	at org.apache.ratis.util.LifeCycle.assertCurrentState(LifeCycle.java:260)
	at org.apache.ratis.server.impl.RaftServerImpl.assertLifeCycleState(RaftServerImpl.java:808)
	at org.apache.ratis.server.impl.RaftServerImpl.appendEntriesAsync(RaftServerImpl.java:1486)
	at org.apache.ratis.server.impl.RaftServerProxy.lambda$null$28(RaftServerProxy.java:652)
	at org.apache.ratis.util.JavaUtils.callAsUnchecked(JavaUtils.java:118)
	at org.apache.ratis.server.impl.RaftServerProxy.lambda$appendEntriesAsync$29(RaftServerProxy.java:651)
	at java.base/java.util.concurrent.CompletableFuture.uniComposeStage(CompletableFuture.java:1187)
	at java.base/java.util.concurrent.CompletableFuture.thenCompose(CompletableFuture.java:2341)
	at org.apache.ratis.server.impl.RaftServerProxy.appendEntriesAsync(RaftServerProxy.java:651)
	at org.apache.ratis.grpc.server.GrpcServerProtocolService$1.process(GrpcServerProtocolService.java:245)
	at org.apache.ratis.grpc.server.GrpcServerProtocolService$1.process(GrpcServerProtocolService.java:242)
	at org.apache.ratis.grpc.server.GrpcServerProtocolService$ServerRequestStreamObserver.onNext(GrpcServerProtocolService.java:137)
	at org.apache.ratis.thirdparty.io.grpc.stub.ServerCalls$StreamingServerCallHandler$StreamingServerCallListener.onMessage(ServerCalls.java:262)
	at org.apache.ratis.thirdparty.io.grpc.internal.ServerCallImpl$ServerStreamListenerImpl.messagesAvailableInternal(ServerCallImpl.java:334)
	at org.apache.ratis.thirdparty.io.grpc.internal.ServerCallImpl$ServerStreamListenerImpl.messagesAvailable(ServerCallImpl.java:319)
	at org.apache.ratis.thirdparty.io.grpc.internal.ServerImpl$JumpToApplicationThreadServerStreamListener$1MessagesAvailable.runInContext(ServerImpl.java:834)
	at org.apache.ratis.thirdparty.io.grpc.internal.ContextRunnable.run(ContextRunnable.java:37)
	at org.apache.ratis.thirdparty.io.grpc.internal.SerializingExecutor.run(SerializingExecutor.java:133)
	at java.base/java.util.concurrent.ThreadPoolExecutor.runWorker(ThreadPoolExecutor.java:1144)
	at java.base/java.util.concurrent.ThreadPoolExecutor$Worker.run(ThreadPoolExecutor.java:642)
	at java.base/java.lang.Thread.run(Thread.java:1583)
2025-10-10 10:41:07,824 [grpc-default-executor-3] ERROR server.RaftServer$Division (RaftServerImpl.java:appendEntriesAsync(1495)) - aa9634f0-8836-44d6-bc05-5b19fbdd93d5@group-813C05265458: Failed appendEntries* 36185c6b-22ce-45d1-a622-3a6b487a5a53->aa9634f0-8836-44d6-bc05-5b19fbdd93d5#11-t3,previous=(t:2, i:2),leaderCommit=2,initializing? false,HEARTBEAT
org.apache.ratis.protocol.exceptions.ServerNotReadyException: aa9634f0-8836-44d6-bc05-5b19fbdd93d5@group-813C05265458 is not in [STARTING, RUNNING]: current state is CLOSED
	at org.apache.ratis.server.impl.RaftServerImpl.lambda$assertLifeCycleState$7(RaftServerImpl.java:809)
	at org.apache.ratis.util.LifeCycle.assertCurrentState(LifeCycle.java:260)
	at org.apache.ratis.server.impl.RaftServerImpl.assertLifeCycleState(RaftServerImpl.java:808)
	at org.apache.ratis.server.impl.RaftServerImpl.appendEntriesAsync(RaftServerImpl.java:1486)
	at org.apache.ratis.server.impl.RaftServerProxy.lambda$null$28(RaftServerProxy.java:652)
	at org.apache.ratis.util.JavaUtils.callAsUnchecked(JavaUtils.java:118)
	at org.apache.ratis.server.impl.RaftServerProxy.lambda$appendEntriesAsync$29(RaftServerProxy.java:651)
	at java.base/java.util.concurrent.CompletableFuture.uniComposeStage(CompletableFuture.java:1187)
	at java.base/java.util.concurrent.CompletableFuture.thenCompose(CompletableFuture.java:2341)
	at org.apache.ratis.server.impl.RaftServerProxy.appendEntriesAsync(RaftServerProxy.java:651)
	at org.apache.ratis.grpc.server.GrpcServerProtocolService$1.process(GrpcServerProtocolService.java:245)
	at org.apache.ratis.grpc.server.GrpcServerProtocolService$1.process(GrpcServerProtocolService.java:242)
	at org.apache.ratis.grpc.server.GrpcServerProtocolService$ServerRequestStreamObserver.onNext(GrpcServerProtocolService.java:137)
	at org.apache.ratis.thirdparty.io.grpc.stub.ServerCalls$StreamingServerCallHandler$StreamingServerCallListener.onMessage(ServerCalls.java:262)
	at org.apache.ratis.thirdparty.io.grpc.internal.ServerCallImpl$ServerStreamListenerImpl.messagesAvailableInternal(ServerCallImpl.java:334)
	at org.apache.ratis.thirdparty.io.grpc.internal.ServerCallImpl$ServerStreamListenerImpl.messagesAvailable(ServerCallImpl.java:319)
	at org.apache.ratis.thirdparty.io.grpc.internal.ServerImpl$JumpToApplicationThreadServerStreamListener$1MessagesAvailable.runInContext(ServerImpl.java:834)
	at org.apache.ratis.thirdparty.io.grpc.internal.ContextRunnable.run(ContextRunnable.java:37)
	at org.apache.ratis.thirdparty.io.grpc.internal.SerializingExecutor.run(SerializingExecutor.java:133)
	at java.base/java.util.concurrent.ThreadPoolExecutor.runWorker(ThreadPoolExecutor.java:1144)
	at java.base/java.util.concurrent.ThreadPoolExecutor$Worker.run(ThreadPoolExecutor.java:642)
	at java.base/java.lang.Thread.run(Thread.java:1583)
2025-10-10 10:41:07,825 [grpc-default-executor-8] ERROR server.RaftServer$Division (RaftServerImpl.java:appendEntriesAsync(1495)) - aa9634f0-8836-44d6-bc05-5b19fbdd93d5@group-813C05265458: Failed appendEntries* 36185c6b-22ce-45d1-a622-3a6b487a5a53->aa9634f0-8836-44d6-bc05-5b19fbdd93d5#12-t3,previous=(t:2, i:2),leaderCommit=4,initializing? false,entries: size=2, first=(t:3, i:3), CONFIGURATIONENTRY(current:id:"aa9634f0-8836-44d6-bc05-5b19fbdd93d5"address:"127.0.0.1:15063"priority:1dataStreamAddress:"127.0.0.1:15064"clientAddress:"127.0.0.1:15061"adminAddress:"127.0.0.1:15062"startupRole:FOLLOWER, id:"36185c6b-22ce-45d1-a622-3a6b487a5a53"address:"127.0.0.1:15071"dataStreamAddress:"127.0.0.1:15072"clientAddress:"127.0.0.1:15069"adminAddress:"127.0.0.1:15070"startupRole:FOLLOWER, id:"895d447a-5476-42e4-b2fa-6eb687701d46"address:"127.0.0.1:15079"dataStreamAddress:"127.0.0.1:15080"clientAddress:"127.0.0.1:15077"adminAddress:"127.0.0.1:15078"startupRole:FOLLOWER, old:)
org.apache.ratis.protocol.exceptions.ServerNotReadyException: aa9634f0-8836-44d6-bc05-5b19fbdd93d5@group-813C05265458 is not in [STARTING, RUNNING]: current state is CLOSED
	at org.apache.ratis.server.impl.RaftServerImpl.lambda$assertLifeCycleState$7(RaftServerImpl.java:809)
	at org.apache.ratis.util.LifeCycle.assertCurrentState(LifeCycle.java:260)
	at org.apache.ratis.server.impl.RaftServerImpl.assertLifeCycleState(RaftServerImpl.java:808)
	at org.apache.ratis.server.impl.RaftServerImpl.appendEntriesAsync(RaftServerImpl.java:1486)
	at org.apache.ratis.server.impl.RaftServerProxy.lambda$null$28(RaftServerProxy.java:652)
	at org.apache.ratis.util.JavaUtils.callAsUnchecked(JavaUtils.java:118)
	at org.apache.ratis.server.impl.RaftServerProxy.lambda$appendEntriesAsync$29(RaftServerProxy.java:651)
	at java.base/java.util.concurrent.CompletableFuture.uniComposeStage(CompletableFuture.java:1187)
	at java.base/java.util.concurrent.CompletableFuture.thenCompose(CompletableFuture.java:2341)
	at org.apache.ratis.server.impl.RaftServerProxy.appendEntriesAsync(RaftServerProxy.java:651)
	at org.apache.ratis.grpc.server.GrpcServerProtocolService$1.process(GrpcServerProtocolService.java:245)
	at org.apache.ratis.grpc.server.GrpcServerProtocolService$1.process(GrpcServerProtocolService.java:242)
	at org.apache.ratis.grpc.server.GrpcServerProtocolService$ServerRequestStreamObserver.onNext(GrpcServerProtocolService.java:150)
	at org.apache.ratis.thirdparty.io.grpc.stub.ServerCalls$StreamingServerCallHandler$StreamingServerCallListener.onMessage(ServerCalls.java:262)
	at org.apache.ratis.thirdparty.io.grpc.internal.ServerCallImpl$ServerStreamListenerImpl.messagesAvailableInternal(ServerCallImpl.java:334)
	at org.apache.ratis.thirdparty.io.grpc.internal.ServerCallImpl$ServerStreamListenerImpl.messagesAvailable(ServerCallImpl.java:319)
	at org.apache.ratis.thirdparty.io.grpc.internal.ServerImpl$JumpToApplicationThreadServerStreamListener$1MessagesAvailable.runInContext(ServerImpl.java:834)
	at org.apache.ratis.thirdparty.io.grpc.internal.ContextRunnable.run(ContextRunnable.java:37)
	at org.apache.ratis.thirdparty.io.grpc.internal.SerializingExecutor.run(SerializingExecutor.java:133)
	at java.base/java.util.concurrent.ThreadPoolExecutor.runWorker(ThreadPoolExecutor.java:1144)
	at java.base/java.util.concurrent.ThreadPoolExecutor$Worker.run(ThreadPoolExecutor.java:642)
	at java.base/java.lang.Thread.run(Thread.java:1583)
2025-10-10 10:41:07,825 [grpc-default-executor-8] WARN  server.GrpcServerProtocolService (LogUtils.java:warn(129)) - aa9634f0-8836-44d6-bc05-5b19fbdd93d5: Failed APPEND_ENTRIES request 36185c6b-22ce-45d1-a622-3a6b487a5a53->aa9634f0-8836-44d6-bc05-5b19fbdd93d5#12-t3,previous=(t:2, i:2),leaderCommit=4,initializing? false,entries: size=2, first=(t:3, i:3), CONFIGURATIONENTRY(current:id:"aa9634f0-8836-44d6-bc05-5b19fbdd93d5"address:"127.0.0.1:15063"priority:1dataStreamAddress:"127.0.0.1:15064"clientAddress:"127.0.0.1:15061"adminAddress:"127.0.0.1:15062"startupRole:FOLLOWER, id:"36185c6b-22ce-45d1-a622-3a6b487a5a53"address:"127.0.0.1:15071"dataStreamAddress:"127.0.0.1:15072"clientAddress:"127.0.0.1:15069"adminAddress:"127.0.0.1:15070"startupRole:FOLLOWER, id:"895d447a-5476-42e4-b2fa-6eb687701d46"address:"127.0.0.1:15079"dataStreamAddress:"127.0.0.1:15080"clientAddress:"127.0.0.1:15077"adminAddress:"127.0.0.1:15078"startupRole:FOLLOWER, old:)
java.util.concurrent.CompletionException: org.apache.ratis.protocol.exceptions.ServerNotReadyException: aa9634f0-8836-44d6-bc05-5b19fbdd93d5@group-813C05265458 is not in [STARTING, RUNNING]: current state is CLOSED
	at org.apache.ratis.util.JavaUtils.callAsUnchecked(JavaUtils.java:122)
	at org.apache.ratis.server.impl.RaftServerProxy.lambda$appendEntriesAsync$29(RaftServerProxy.java:651)
	at java.base/java.util.concurrent.CompletableFuture.uniComposeStage(CompletableFuture.java:1187)
	at java.base/java.util.concurrent.CompletableFuture.thenCompose(CompletableFuture.java:2341)
	at org.apache.ratis.server.impl.RaftServerProxy.appendEntriesAsync(RaftServerProxy.java:651)
	at org.apache.ratis.grpc.server.GrpcServerProtocolService$1.process(GrpcServerProtocolService.java:245)
	at org.apache.ratis.grpc.server.GrpcServerProtocolService$1.process(GrpcServerProtocolService.java:242)
	at org.apache.ratis.grpc.server.GrpcServerProtocolService$ServerRequestStreamObserver.onNext(GrpcServerProtocolService.java:150)
	at org.apache.ratis.thirdparty.io.grpc.stub.ServerCalls$StreamingServerCallHandler$StreamingServerCallListener.onMessage(ServerCalls.java:262)
	at org.apache.ratis.thirdparty.io.grpc.internal.ServerCallImpl$ServerStreamListenerImpl.messagesAvailableInternal(ServerCallImpl.java:334)
	at org.apache.ratis.thirdparty.io.grpc.internal.ServerCallImpl$ServerStreamListenerImpl.messagesAvailable(ServerCallImpl.java:319)
	at org.apache.ratis.thirdparty.io.grpc.internal.ServerImpl$JumpToApplicationThreadServerStreamListener$1MessagesAvailable.runInContext(ServerImpl.java:834)
	at org.apache.ratis.thirdparty.io.grpc.internal.ContextRunnable.run(ContextRunnable.java:37)
	at org.apache.ratis.thirdparty.io.grpc.internal.SerializingExecutor.run(SerializingExecutor.java:133)
	at java.base/java.util.concurrent.ThreadPoolExecutor.runWorker(ThreadPoolExecutor.java:1144)
	at java.base/java.util.concurrent.ThreadPoolExecutor$Worker.run(ThreadPoolExecutor.java:642)
	at java.base/java.lang.Thread.run(Thread.java:1583)
Caused by: org.apache.ratis.protocol.exceptions.ServerNotReadyException: aa9634f0-8836-44d6-bc05-5b19fbdd93d5@group-813C05265458 is not in [STARTING, RUNNING]: current state is CLOSED
	at org.apache.ratis.server.impl.RaftServerImpl.lambda$assertLifeCycleState$7(RaftServerImpl.java:809)
	at org.apache.ratis.util.LifeCycle.assertCurrentState(LifeCycle.java:260)
	at org.apache.ratis.server.impl.RaftServerImpl.assertLifeCycleState(RaftServerImpl.java:808)
	at org.apache.ratis.server.impl.RaftServerImpl.appendEntriesAsync(RaftServerImpl.java:1486)
	at org.apache.ratis.server.impl.RaftServerProxy.lambda$null$28(RaftServerProxy.java:652)
	at org.apache.ratis.util.JavaUtils.callAsUnchecked(JavaUtils.java:118)
	... 16 more
2025-10-10 10:41:07,827 [grpc-default-executor-8] INFO  leader.LogAppender (LogAppenderBase.java:lambda$getNextIndexForError$0(215)) - Decrease nextIndex to 3
2025-10-10 10:41:07,827 [grpc-default-executor-8] INFO  leader.LogAppender (LogAppenderBase.java:lambda$getNextIndexForError$0(215)) - Decrease nextIndex to 3
2025-10-10 10:41:07,827 [grpc-default-executor-8] INFO  leader.FollowerInfo (FollowerInfoImpl.java:info(70)) - 36185c6b-22ce-45d1-a622-3a6b487a5a53@group-813C05265458->aa9634f0-8836-44d6-bc05-5b19fbdd93d5: computeNextIndex nextIndex: updateUnconditionally 5 -> 3
2025-10-10 10:41:07,851 [grpc-default-executor-8] ERROR server.RaftServer$Division (RaftServerImpl.java:appendEntriesAsync(1495)) - aa9634f0-8836-44d6-bc05-5b19fbdd93d5@group-6EF60CB14872: Failed appendEntries* 36185c6b-22ce-45d1-a622-3a6b487a5a53->aa9634f0-8836-44d6-bc05-5b19fbdd93d5#88-t7,previous=(t:7, i:25),leaderCommit=25,initializing? false,HEARTBEAT
org.apache.ratis.protocol.exceptions.ServerNotReadyException: aa9634f0-8836-44d6-bc05-5b19fbdd93d5@group-6EF60CB14872 is not in [STARTING, RUNNING]: current state is CLOSED
	at org.apache.ratis.server.impl.RaftServerImpl.lambda$assertLifeCycleState$7(RaftServerImpl.java:809)
	at org.apache.ratis.util.LifeCycle.assertCurrentState(LifeCycle.java:260)
	at org.apache.ratis.server.impl.RaftServerImpl.assertLifeCycleState(RaftServerImpl.java:808)
	at org.apache.ratis.server.impl.RaftServerImpl.appendEntriesAsync(RaftServerImpl.java:1486)
	at org.apache.ratis.server.impl.RaftServerProxy.lambda$null$28(RaftServerProxy.java:652)
	at org.apache.ratis.util.JavaUtils.callAsUnchecked(JavaUtils.java:118)
	at org.apache.ratis.server.impl.RaftServerProxy.lambda$appendEntriesAsync$29(RaftServerProxy.java:651)
	at java.base/java.util.concurrent.CompletableFuture.uniComposeStage(CompletableFuture.java:1187)
	at java.base/java.util.concurrent.CompletableFuture.thenCompose(CompletableFuture.java:2341)
	at org.apache.ratis.server.impl.RaftServerProxy.appendEntriesAsync(RaftServerProxy.java:651)
	at org.apache.ratis.grpc.server.GrpcServerProtocolService$1.process(GrpcServerProtocolService.java:245)
	at org.apache.ratis.grpc.server.GrpcServerProtocolService$1.process(GrpcServerProtocolService.java:242)
	at org.apache.ratis.grpc.server.GrpcServerProtocolService$ServerRequestStreamObserver.onNext(GrpcServerProtocolService.java:137)
	at org.apache.ratis.thirdparty.io.grpc.stub.ServerCalls$StreamingServerCallHandler$StreamingServerCallListener.onMessage(ServerCalls.java:262)
	at org.apache.ratis.thirdparty.io.grpc.internal.ServerCallImpl$ServerStreamListenerImpl.messagesAvailableInternal(ServerCallImpl.java:334)
	at org.apache.ratis.thirdparty.io.grpc.internal.ServerCallImpl$ServerStreamListenerImpl.messagesAvailable(ServerCallImpl.java:319)
	at org.apache.ratis.thirdparty.io.grpc.internal.ServerImpl$JumpToApplicationThreadServerStreamListener$1MessagesAvailable.runInContext(ServerImpl.java:834)
	at org.apache.ratis.thirdparty.io.grpc.internal.ContextRunnable.run(ContextRunnable.java:37)
	at org.apache.ratis.thirdparty.io.grpc.internal.SerializingExecutor.run(SerializingExecutor.java:133)
	at java.base/java.util.concurrent.ThreadPoolExecutor.runWorker(ThreadPoolExecutor.java:1144)
	at java.base/java.util.concurrent.ThreadPoolExecutor$Worker.run(ThreadPoolExecutor.java:642)
	at java.base/java.lang.Thread.run(Thread.java:1583)
2025-10-10 10:41:08,077 [grpc-default-executor-3] ERROR server.RaftServer$Division (RaftServerImpl.java:appendEntriesAsync(1495)) - aa9634f0-8836-44d6-bc05-5b19fbdd93d5@group-813C05265458: Failed appendEntries* 36185c6b-22ce-45d1-a622-3a6b487a5a53->aa9634f0-8836-44d6-bc05-5b19fbdd93d5#13-t3,previous=(t:2, i:2),leaderCommit=2,initializing? false,HEARTBEAT
org.apache.ratis.protocol.exceptions.ServerNotReadyException: aa9634f0-8836-44d6-bc05-5b19fbdd93d5@group-813C05265458 is not in [STARTING, RUNNING]: current state is CLOSED
	at org.apache.ratis.server.impl.RaftServerImpl.lambda$assertLifeCycleState$7(RaftServerImpl.java:809)
	at org.apache.ratis.util.LifeCycle.assertCurrentState(LifeCycle.java:260)
	at org.apache.ratis.server.impl.RaftServerImpl.assertLifeCycleState(RaftServerImpl.java:808)
	at org.apache.ratis.server.impl.RaftServerImpl.appendEntriesAsync(RaftServerImpl.java:1486)
	at org.apache.ratis.server.impl.RaftServerProxy.lambda$null$28(RaftServerProxy.java:652)
	at org.apache.ratis.util.JavaUtils.callAsUnchecked(JavaUtils.java:118)
	at org.apache.ratis.server.impl.RaftServerProxy.lambda$appendEntriesAsync$29(RaftServerProxy.java:651)
	at java.base/java.util.concurrent.CompletableFuture.uniComposeStage(CompletableFuture.java:1187)
	at java.base/java.util.concurrent.CompletableFuture.thenCompose(CompletableFuture.java:2341)
	at org.apache.ratis.server.impl.RaftServerProxy.appendEntriesAsync(RaftServerProxy.java:651)
	at org.apache.ratis.grpc.server.GrpcServerProtocolService$1.process(GrpcServerProtocolService.java:245)
	at org.apache.ratis.grpc.server.GrpcServerProtocolService$1.process(GrpcServerProtocolService.java:242)
	at org.apache.ratis.grpc.server.GrpcServerProtocolService$ServerRequestStreamObserver.onNext(GrpcServerProtocolService.java:137)
	at org.apache.ratis.thirdparty.io.grpc.stub.ServerCalls$StreamingServerCallHandler$StreamingServerCallListener.onMessage(ServerCalls.java:262)
	at org.apache.ratis.thirdparty.io.grpc.internal.ServerCallImpl$ServerStreamListenerImpl.messagesAvailableInternal(ServerCallImpl.java:334)
	at org.apache.ratis.thirdparty.io.grpc.internal.ServerCallImpl$ServerStreamListenerImpl.messagesAvailable(ServerCallImpl.java:319)
	at org.apache.ratis.thirdparty.io.grpc.internal.ServerImpl$JumpToApplicationThreadServerStreamListener$1MessagesAvailable.runInContext(ServerImpl.java:834)
	at org.apache.ratis.thirdparty.io.grpc.internal.ContextRunnable.run(ContextRunnable.java:37)
	at org.apache.ratis.thirdparty.io.grpc.internal.SerializingExecutor.run(SerializingExecutor.java:133)
	at java.base/java.util.concurrent.ThreadPoolExecutor.runWorker(ThreadPoolExecutor.java:1144)
	at java.base/java.util.concurrent.ThreadPoolExecutor$Worker.run(ThreadPoolExecutor.java:642)
	at java.base/java.lang.Thread.run(Thread.java:1583)
2025-10-10 10:41:08,079 [grpc-default-executor-3] ERROR server.RaftServer$Division (RaftServerImpl.java:appendEntriesAsync(1495)) - aa9634f0-8836-44d6-bc05-5b19fbdd93d5@group-813C05265458: Failed appendEntries* 36185c6b-22ce-45d1-a622-3a6b487a5a53->aa9634f0-8836-44d6-bc05-5b19fbdd93d5#14-t3,previous=(t:2, i:2),leaderCommit=4,initializing? false,entries: size=2, first=(t:3, i:3), CONFIGURATIONENTRY(current:id:"aa9634f0-8836-44d6-bc05-5b19fbdd93d5"address:"127.0.0.1:15063"priority:1dataStreamAddress:"127.0.0.1:15064"clientAddress:"127.0.0.1:15061"adminAddress:"127.0.0.1:15062"startupRole:FOLLOWER, id:"36185c6b-22ce-45d1-a622-3a6b487a5a53"address:"127.0.0.1:15071"dataStreamAddress:"127.0.0.1:15072"clientAddress:"127.0.0.1:15069"adminAddress:"127.0.0.1:15070"startupRole:FOLLOWER, id:"895d447a-5476-42e4-b2fa-6eb687701d46"address:"127.0.0.1:15079"dataStreamAddress:"127.0.0.1:15080"clientAddress:"127.0.0.1:15077"adminAddress:"127.0.0.1:15078"startupRole:FOLLOWER, old:)
org.apache.ratis.protocol.exceptions.ServerNotReadyException: aa9634f0-8836-44d6-bc05-5b19fbdd93d5@group-813C05265458 is not in [STARTING, RUNNING]: current state is CLOSED
	at org.apache.ratis.server.impl.RaftServerImpl.lambda$assertLifeCycleState$7(RaftServerImpl.java:809)
	at org.apache.ratis.util.LifeCycle.assertCurrentState(LifeCycle.java:260)
	at org.apache.ratis.server.impl.RaftServerImpl.assertLifeCycleState(RaftServerImpl.java:808)
	at org.apache.ratis.server.impl.RaftServerImpl.appendEntriesAsync(RaftServerImpl.java:1486)
	at org.apache.ratis.server.impl.RaftServerProxy.lambda$null$28(RaftServerProxy.java:652)
	at org.apache.ratis.util.JavaUtils.callAsUnchecked(JavaUtils.java:118)
	at org.apache.ratis.server.impl.RaftServerProxy.lambda$appendEntriesAsync$29(RaftServerProxy.java:651)
	at java.base/java.util.concurrent.CompletableFuture.uniComposeStage(CompletableFuture.java:1187)
	at java.base/java.util.concurrent.CompletableFuture.thenCompose(CompletableFuture.java:2341)
	at org.apache.ratis.server.impl.RaftServerProxy.appendEntriesAsync(RaftServerProxy.java:651)
	at org.apache.ratis.grpc.server.GrpcServerProtocolService$1.process(GrpcServerProtocolService.java:245)
	at org.apache.ratis.grpc.server.GrpcServerProtocolService$1.process(GrpcServerProtocolService.java:242)
	at org.apache.ratis.grpc.server.GrpcServerProtocolService$ServerRequestStreamObserver.onNext(GrpcServerProtocolService.java:150)
	at org.apache.ratis.thirdparty.io.grpc.stub.ServerCalls$StreamingServerCallHandler$StreamingServerCallListener.onMessage(ServerCalls.java:262)
	at org.apache.ratis.thirdparty.io.grpc.internal.ServerCallImpl$ServerStreamListenerImpl.messagesAvailableInternal(ServerCallImpl.java:334)
	at org.apache.ratis.thirdparty.io.grpc.internal.ServerCallImpl$ServerStreamListenerImpl.messagesAvailable(ServerCallImpl.java:319)
	at org.apache.ratis.thirdparty.io.grpc.internal.ServerImpl$JumpToApplicationThreadServerStreamListener$1MessagesAvailable.runInContext(ServerImpl.java:834)
	at org.apache.ratis.thirdparty.io.grpc.internal.ContextRunnable.run(ContextRunnable.java:37)
	at org.apache.ratis.thirdparty.io.grpc.internal.SerializingExecutor.run(SerializingExecutor.java:133)
	at java.base/java.util.concurrent.ThreadPoolExecutor.runWorker(ThreadPoolExecutor.java:1144)
	at java.base/java.util.concurrent.ThreadPoolExecutor$Worker.run(ThreadPoolExecutor.java:642)
	at java.base/java.lang.Thread.run(Thread.java:1583)
2025-10-10 10:41:08,079 [grpc-default-executor-3] WARN  server.GrpcServerProtocolService (LogUtils.java:warn(129)) - aa9634f0-8836-44d6-bc05-5b19fbdd93d5: Failed APPEND_ENTRIES request 36185c6b-22ce-45d1-a622-3a6b487a5a53->aa9634f0-8836-44d6-bc05-5b19fbdd93d5#14-t3,previous=(t:2, i:2),leaderCommit=4,initializing? false,entries: size=2, first=(t:3, i:3), CONFIGURATIONENTRY(current:id:"aa9634f0-8836-44d6-bc05-5b19fbdd93d5"address:"127.0.0.1:15063"priority:1dataStreamAddress:"127.0.0.1:15064"clientAddress:"127.0.0.1:15061"adminAddress:"127.0.0.1:15062"startupRole:FOLLOWER, id:"36185c6b-22ce-45d1-a622-3a6b487a5a53"address:"127.0.0.1:15071"dataStreamAddress:"127.0.0.1:15072"clientAddress:"127.0.0.1:15069"adminAddress:"127.0.0.1:15070"startupRole:FOLLOWER, id:"895d447a-5476-42e4-b2fa-6eb687701d46"address:"127.0.0.1:15079"dataStreamAddress:"127.0.0.1:15080"clientAddress:"127.0.0.1:15077"adminAddress:"127.0.0.1:15078"startupRole:FOLLOWER, old:)
java.util.concurrent.CompletionException: org.apache.ratis.protocol.exceptions.ServerNotReadyException: aa9634f0-8836-44d6-bc05-5b19fbdd93d5@group-813C05265458 is not in [STARTING, RUNNING]: current state is CLOSED
	at org.apache.ratis.util.JavaUtils.callAsUnchecked(JavaUtils.java:122)
	at org.apache.ratis.server.impl.RaftServerProxy.lambda$appendEntriesAsync$29(RaftServerProxy.java:651)
	at java.base/java.util.concurrent.CompletableFuture.uniComposeStage(CompletableFuture.java:1187)
	at java.base/java.util.concurrent.CompletableFuture.thenCompose(CompletableFuture.java:2341)
	at org.apache.ratis.server.impl.RaftServerProxy.appendEntriesAsync(RaftServerProxy.java:651)
	at org.apache.ratis.grpc.server.GrpcServerProtocolService$1.process(GrpcServerProtocolService.java:245)
	at org.apache.ratis.grpc.server.GrpcServerProtocolService$1.process(GrpcServerProtocolService.java:242)
	at org.apache.ratis.grpc.server.GrpcServerProtocolService$ServerRequestStreamObserver.onNext(GrpcServerProtocolService.java:150)
	at org.apache.ratis.thirdparty.io.grpc.stub.ServerCalls$StreamingServerCallHandler$StreamingServerCallListener.onMessage(ServerCalls.java:262)
	at org.apache.ratis.thirdparty.io.grpc.internal.ServerCallImpl$ServerStreamListenerImpl.messagesAvailableInternal(ServerCallImpl.java:334)
	at org.apache.ratis.thirdparty.io.grpc.internal.ServerCallImpl$ServerStreamListenerImpl.messagesAvailable(ServerCallImpl.java:319)
	at org.apache.ratis.thirdparty.io.grpc.internal.ServerImpl$JumpToApplicationThreadServerStreamListener$1MessagesAvailable.runInContext(ServerImpl.java:834)
	at org.apache.ratis.thirdparty.io.grpc.internal.ContextRunnable.run(ContextRunnable.java:37)
	at org.apache.ratis.thirdparty.io.grpc.internal.SerializingExecutor.run(SerializingExecutor.java:133)
	at java.base/java.util.concurrent.ThreadPoolExecutor.runWorker(ThreadPoolExecutor.java:1144)
	at java.base/java.util.concurrent.ThreadPoolExecutor$Worker.run(ThreadPoolExecutor.java:642)
	at java.base/java.lang.Thread.run(Thread.java:1583)
Caused by: org.apache.ratis.protocol.exceptions.ServerNotReadyException: aa9634f0-8836-44d6-bc05-5b19fbdd93d5@group-813C05265458 is not in [STARTING, RUNNING]: current state is CLOSED
	at org.apache.ratis.server.impl.RaftServerImpl.lambda$assertLifeCycleState$7(RaftServerImpl.java:809)
	at org.apache.ratis.util.LifeCycle.assertCurrentState(LifeCycle.java:260)
	at org.apache.ratis.server.impl.RaftServerImpl.assertLifeCycleState(RaftServerImpl.java:808)
	at org.apache.ratis.server.impl.RaftServerImpl.appendEntriesAsync(RaftServerImpl.java:1486)
	at org.apache.ratis.server.impl.RaftServerProxy.lambda$null$28(RaftServerProxy.java:652)
	at org.apache.ratis.util.JavaUtils.callAsUnchecked(JavaUtils.java:118)
	... 16 more
2025-10-10 10:41:08,081 [grpc-default-executor-3] INFO  leader.LogAppender (LogAppenderBase.java:lambda$getNextIndexForError$0(215)) - Decrease nextIndex to 3
2025-10-10 10:41:08,081 [grpc-default-executor-3] INFO  leader.LogAppender (LogAppenderBase.java:lambda$getNextIndexForError$0(215)) - Decrease nextIndex to 3
2025-10-10 10:41:08,081 [grpc-default-executor-3] INFO  leader.FollowerInfo (FollowerInfoImpl.java:info(70)) - 36185c6b-22ce-45d1-a622-3a6b487a5a53@group-813C05265458->aa9634f0-8836-44d6-bc05-5b19fbdd93d5: computeNextIndex nextIndex: updateUnconditionally 5 -> 3
2025-10-10 10:41:08,102 [grpc-default-executor-8] ERROR server.RaftServer$Division (RaftServerImpl.java:appendEntriesAsync(1495)) - aa9634f0-8836-44d6-bc05-5b19fbdd93d5@group-6EF60CB14872: Failed appendEntries* 36185c6b-22ce-45d1-a622-3a6b487a5a53->aa9634f0-8836-44d6-bc05-5b19fbdd93d5#89-t7,previous=(t:7, i:25),leaderCommit=25,initializing? false,HEARTBEAT
org.apache.ratis.protocol.exceptions.ServerNotReadyException: aa9634f0-8836-44d6-bc05-5b19fbdd93d5@group-6EF60CB14872 is not in [STARTING, RUNNING]: current state is CLOSED
	at org.apache.ratis.server.impl.RaftServerImpl.lambda$assertLifeCycleState$7(RaftServerImpl.java:809)
	at org.apache.ratis.util.LifeCycle.assertCurrentState(LifeCycle.java:260)
	at org.apache.ratis.server.impl.RaftServerImpl.assertLifeCycleState(RaftServerImpl.java:808)
	at org.apache.ratis.server.impl.RaftServerImpl.appendEntriesAsync(RaftServerImpl.java:1486)
	at org.apache.ratis.server.impl.RaftServerProxy.lambda$null$28(RaftServerProxy.java:652)
	at org.apache.ratis.util.JavaUtils.callAsUnchecked(JavaUtils.java:118)
	at org.apache.ratis.server.impl.RaftServerProxy.lambda$appendEntriesAsync$29(RaftServerProxy.java:651)
	at java.base/java.util.concurrent.CompletableFuture.uniComposeStage(CompletableFuture.java:1187)
	at java.base/java.util.concurrent.CompletableFuture.thenCompose(CompletableFuture.java:2341)
	at org.apache.ratis.server.impl.RaftServerProxy.appendEntriesAsync(RaftServerProxy.java:651)
	at org.apache.ratis.grpc.server.GrpcServerProtocolService$1.process(GrpcServerProtocolService.java:245)
	at org.apache.ratis.grpc.server.GrpcServerProtocolService$1.process(GrpcServerProtocolService.java:242)
	at org.apache.ratis.grpc.server.GrpcServerProtocolService$ServerRequestStreamObserver.onNext(GrpcServerProtocolService.java:137)
	at org.apache.ratis.thirdparty.io.grpc.stub.ServerCalls$StreamingServerCallHandler$StreamingServerCallListener.onMessage(ServerCalls.java:262)
	at org.apache.ratis.thirdparty.io.grpc.internal.ServerCallImpl$ServerStreamListenerImpl.messagesAvailableInternal(ServerCallImpl.java:334)
	at org.apache.ratis.thirdparty.io.grpc.internal.ServerCallImpl$ServerStreamListenerImpl.messagesAvailable(ServerCallImpl.java:319)
	at org.apache.ratis.thirdparty.io.grpc.internal.ServerImpl$JumpToApplicationThreadServerStreamListener$1MessagesAvailable.runInContext(ServerImpl.java:834)
	at org.apache.ratis.thirdparty.io.grpc.internal.ContextRunnable.run(ContextRunnable.java:37)
	at org.apache.ratis.thirdparty.io.grpc.internal.SerializingExecutor.run(SerializingExecutor.java:133)
	at java.base/java.util.concurrent.ThreadPoolExecutor.runWorker(ThreadPoolExecutor.java:1144)
	at java.base/java.util.concurrent.ThreadPoolExecutor$Worker.run(ThreadPoolExecutor.java:642)
	at java.base/java.lang.Thread.run(Thread.java:1583)
2025-10-10 10:41:08,328 [grpc-default-executor-3] ERROR server.RaftServer$Division (RaftServerImpl.java:appendEntriesAsync(1495)) - aa9634f0-8836-44d6-bc05-5b19fbdd93d5@group-813C05265458: Failed appendEntries* 36185c6b-22ce-45d1-a622-3a6b487a5a53->aa9634f0-8836-44d6-bc05-5b19fbdd93d5#15-t3,previous=(t:2, i:2),leaderCommit=2,initializing? false,HEARTBEAT
org.apache.ratis.protocol.exceptions.ServerNotReadyException: aa9634f0-8836-44d6-bc05-5b19fbdd93d5@group-813C05265458 is not in [STARTING, RUNNING]: current state is CLOSED
	at org.apache.ratis.server.impl.RaftServerImpl.lambda$assertLifeCycleState$7(RaftServerImpl.java:809)
	at org.apache.ratis.util.LifeCycle.assertCurrentState(LifeCycle.java:260)
	at org.apache.ratis.server.impl.RaftServerImpl.assertLifeCycleState(RaftServerImpl.java:808)
	at org.apache.ratis.server.impl.RaftServerImpl.appendEntriesAsync(RaftServerImpl.java:1486)
	at org.apache.ratis.server.impl.RaftServerProxy.lambda$null$28(RaftServerProxy.java:652)
	at org.apache.ratis.util.JavaUtils.callAsUnchecked(JavaUtils.java:118)
	at org.apache.ratis.server.impl.RaftServerProxy.lambda$appendEntriesAsync$29(RaftServerProxy.java:651)
	at java.base/java.util.concurrent.CompletableFuture.uniComposeStage(CompletableFuture.java:1187)
	at java.base/java.util.concurrent.CompletableFuture.thenCompose(CompletableFuture.java:2341)
	at org.apache.ratis.server.impl.RaftServerProxy.appendEntriesAsync(RaftServerProxy.java:651)
	at org.apache.ratis.grpc.server.GrpcServerProtocolService$1.process(GrpcServerProtocolService.java:245)
	at org.apache.ratis.grpc.server.GrpcServerProtocolService$1.process(GrpcServerProtocolService.java:242)
	at org.apache.ratis.grpc.server.GrpcServerProtocolService$ServerRequestStreamObserver.onNext(GrpcServerProtocolService.java:137)
	at org.apache.ratis.thirdparty.io.grpc.stub.ServerCalls$StreamingServerCallHandler$StreamingServerCallListener.onMessage(ServerCalls.java:262)
	at org.apache.ratis.thirdparty.io.grpc.internal.ServerCallImpl$ServerStreamListenerImpl.messagesAvailableInternal(ServerCallImpl.java:334)
	at org.apache.ratis.thirdparty.io.grpc.internal.ServerCallImpl$ServerStreamListenerImpl.messagesAvailable(ServerCallImpl.java:319)
	at org.apache.ratis.thirdparty.io.grpc.internal.ServerImpl$JumpToApplicationThreadServerStreamListener$1MessagesAvailable.runInContext(ServerImpl.java:834)
	at org.apache.ratis.thirdparty.io.grpc.internal.ContextRunnable.run(ContextRunnable.java:37)
	at org.apache.ratis.thirdparty.io.grpc.internal.SerializingExecutor.run(SerializingExecutor.java:133)
	at java.base/java.util.concurrent.ThreadPoolExecutor.runWorker(ThreadPoolExecutor.java:1144)
	at java.base/java.util.concurrent.ThreadPoolExecutor$Worker.run(ThreadPoolExecutor.java:642)
	at java.base/java.lang.Thread.run(Thread.java:1583)
2025-10-10 10:41:08,330 [grpc-default-executor-3] ERROR server.RaftServer$Division (RaftServerImpl.java:appendEntriesAsync(1495)) - aa9634f0-8836-44d6-bc05-5b19fbdd93d5@group-813C05265458: Failed appendEntries* 36185c6b-22ce-45d1-a622-3a6b487a5a53->aa9634f0-8836-44d6-bc05-5b19fbdd93d5#16-t3,previous=(t:2, i:2),leaderCommit=4,initializing? false,entries: size=2, first=(t:3, i:3), CONFIGURATIONENTRY(current:id:"aa9634f0-8836-44d6-bc05-5b19fbdd93d5"address:"127.0.0.1:15063"priority:1dataStreamAddress:"127.0.0.1:15064"clientAddress:"127.0.0.1:15061"adminAddress:"127.0.0.1:15062"startupRole:FOLLOWER, id:"36185c6b-22ce-45d1-a622-3a6b487a5a53"address:"127.0.0.1:15071"dataStreamAddress:"127.0.0.1:15072"clientAddress:"127.0.0.1:15069"adminAddress:"127.0.0.1:15070"startupRole:FOLLOWER, id:"895d447a-5476-42e4-b2fa-6eb687701d46"address:"127.0.0.1:15079"dataStreamAddress:"127.0.0.1:15080"clientAddress:"127.0.0.1:15077"adminAddress:"127.0.0.1:15078"startupRole:FOLLOWER, old:)
org.apache.ratis.protocol.exceptions.ServerNotReadyException: aa9634f0-8836-44d6-bc05-5b19fbdd93d5@group-813C05265458 is not in [STARTING, RUNNING]: current state is CLOSED
	at org.apache.ratis.server.impl.RaftServerImpl.lambda$assertLifeCycleState$7(RaftServerImpl.java:809)
	at org.apache.ratis.util.LifeCycle.assertCurrentState(LifeCycle.java:260)
	at org.apache.ratis.server.impl.RaftServerImpl.assertLifeCycleState(RaftServerImpl.java:808)
	at org.apache.ratis.server.impl.RaftServerImpl.appendEntriesAsync(RaftServerImpl.java:1486)
	at org.apache.ratis.server.impl.RaftServerProxy.lambda$null$28(RaftServerProxy.java:652)
	at org.apache.ratis.util.JavaUtils.callAsUnchecked(JavaUtils.java:118)
	at org.apache.ratis.server.impl.RaftServerProxy.lambda$appendEntriesAsync$29(RaftServerProxy.java:651)
	at java.base/java.util.concurrent.CompletableFuture.uniComposeStage(CompletableFuture.java:1187)
	at java.base/java.util.concurrent.CompletableFuture.thenCompose(CompletableFuture.java:2341)
	at org.apache.ratis.server.impl.RaftServerProxy.appendEntriesAsync(RaftServerProxy.java:651)
	at org.apache.ratis.grpc.server.GrpcServerProtocolService$1.process(GrpcServerProtocolService.java:245)
	at org.apache.ratis.grpc.server.GrpcServerProtocolService$1.process(GrpcServerProtocolService.java:242)
	at org.apache.ratis.grpc.server.GrpcServerProtocolService$ServerRequestStreamObserver.onNext(GrpcServerProtocolService.java:150)
	at org.apache.ratis.thirdparty.io.grpc.stub.ServerCalls$StreamingServerCallHandler$StreamingServerCallListener.onMessage(ServerCalls.java:262)
	at org.apache.ratis.thirdparty.io.grpc.internal.ServerCallImpl$ServerStreamListenerImpl.messagesAvailableInternal(ServerCallImpl.java:334)
	at org.apache.ratis.thirdparty.io.grpc.internal.ServerCallImpl$ServerStreamListenerImpl.messagesAvailable(ServerCallImpl.java:319)
	at org.apache.ratis.thirdparty.io.grpc.internal.ServerImpl$JumpToApplicationThreadServerStreamListener$1MessagesAvailable.runInContext(ServerImpl.java:834)
	at org.apache.ratis.thirdparty.io.grpc.internal.ContextRunnable.run(ContextRunnable.java:37)
	at org.apache.ratis.thirdparty.io.grpc.internal.SerializingExecutor.run(SerializingExecutor.java:133)
	at java.base/java.util.concurrent.ThreadPoolExecutor.runWorker(ThreadPoolExecutor.java:1144)
	at java.base/java.util.concurrent.ThreadPoolExecutor$Worker.run(ThreadPoolExecutor.java:642)
	at java.base/java.lang.Thread.run(Thread.java:1583)
2025-10-10 10:41:08,330 [grpc-default-executor-3] WARN  server.GrpcServerProtocolService (LogUtils.java:warn(129)) - aa9634f0-8836-44d6-bc05-5b19fbdd93d5: Failed APPEND_ENTRIES request 36185c6b-22ce-45d1-a622-3a6b487a5a53->aa9634f0-8836-44d6-bc05-5b19fbdd93d5#16-t3,previous=(t:2, i:2),leaderCommit=4,initializing? false,entries: size=2, first=(t:3, i:3), CONFIGURATIONENTRY(current:id:"aa9634f0-8836-44d6-bc05-5b19fbdd93d5"address:"127.0.0.1:15063"priority:1dataStreamAddress:"127.0.0.1:15064"clientAddress:"127.0.0.1:15061"adminAddress:"127.0.0.1:15062"startupRole:FOLLOWER, id:"36185c6b-22ce-45d1-a622-3a6b487a5a53"address:"127.0.0.1:15071"dataStreamAddress:"127.0.0.1:15072"clientAddress:"127.0.0.1:15069"adminAddress:"127.0.0.1:15070"startupRole:FOLLOWER, id:"895d447a-5476-42e4-b2fa-6eb687701d46"address:"127.0.0.1:15079"dataStreamAddress:"127.0.0.1:15080"clientAddress:"127.0.0.1:15077"adminAddress:"127.0.0.1:15078"startupRole:FOLLOWER, old:)
java.util.concurrent.CompletionException: org.apache.ratis.protocol.exceptions.ServerNotReadyException: aa9634f0-8836-44d6-bc05-5b19fbdd93d5@group-813C05265458 is not in [STARTING, RUNNING]: current state is CLOSED
	at org.apache.ratis.util.JavaUtils.callAsUnchecked(JavaUtils.java:122)
	at org.apache.ratis.server.impl.RaftServerProxy.lambda$appendEntriesAsync$29(RaftServerProxy.java:651)
	at java.base/java.util.concurrent.CompletableFuture.uniComposeStage(CompletableFuture.java:1187)
	at java.base/java.util.concurrent.CompletableFuture.thenCompose(CompletableFuture.java:2341)
	at org.apache.ratis.server.impl.RaftServerProxy.appendEntriesAsync(RaftServerProxy.java:651)
	at org.apache.ratis.grpc.server.GrpcServerProtocolService$1.process(GrpcServerProtocolService.java:245)
	at org.apache.ratis.grpc.server.GrpcServerProtocolService$1.process(GrpcServerProtocolService.java:242)
	at org.apache.ratis.grpc.server.GrpcServerProtocolService$ServerRequestStreamObserver.onNext(GrpcServerProtocolService.java:150)
	at org.apache.ratis.thirdparty.io.grpc.stub.ServerCalls$StreamingServerCallHandler$StreamingServerCallListener.onMessage(ServerCalls.java:262)
	at org.apache.ratis.thirdparty.io.grpc.internal.ServerCallImpl$ServerStreamListenerImpl.messagesAvailableInternal(ServerCallImpl.java:334)
	at org.apache.ratis.thirdparty.io.grpc.internal.ServerCallImpl$ServerStreamListenerImpl.messagesAvailable(ServerCallImpl.java:319)
	at org.apache.ratis.thirdparty.io.grpc.internal.ServerImpl$JumpToApplicationThreadServerStreamListener$1MessagesAvailable.runInContext(ServerImpl.java:834)
	at org.apache.ratis.thirdparty.io.grpc.internal.ContextRunnable.run(ContextRunnable.java:37)
	at org.apache.ratis.thirdparty.io.grpc.internal.SerializingExecutor.run(SerializingExecutor.java:133)
	at java.base/java.util.concurrent.ThreadPoolExecutor.runWorker(ThreadPoolExecutor.java:1144)
	at java.base/java.util.concurrent.ThreadPoolExecutor$Worker.run(ThreadPoolExecutor.java:642)
	at java.base/java.lang.Thread.run(Thread.java:1583)
Caused by: org.apache.ratis.protocol.exceptions.ServerNotReadyException: aa9634f0-8836-44d6-bc05-5b19fbdd93d5@group-813C05265458 is not in [STARTING, RUNNING]: current state is CLOSED
	at org.apache.ratis.server.impl.RaftServerImpl.lambda$assertLifeCycleState$7(RaftServerImpl.java:809)
	at org.apache.ratis.util.LifeCycle.assertCurrentState(LifeCycle.java:260)
	at org.apache.ratis.server.impl.RaftServerImpl.assertLifeCycleState(RaftServerImpl.java:808)
	at org.apache.ratis.server.impl.RaftServerImpl.appendEntriesAsync(RaftServerImpl.java:1486)
	at org.apache.ratis.server.impl.RaftServerProxy.lambda$null$28(RaftServerProxy.java:652)
	at org.apache.ratis.util.JavaUtils.callAsUnchecked(JavaUtils.java:118)
	... 16 more
2025-10-10 10:41:08,331 [grpc-default-executor-3] INFO  leader.LogAppender (LogAppenderBase.java:lambda$getNextIndexForError$0(215)) - Decrease nextIndex to 3
2025-10-10 10:41:08,332 [grpc-default-executor-3] INFO  leader.LogAppender (LogAppenderBase.java:lambda$getNextIndexForError$0(215)) - Decrease nextIndex to 3
2025-10-10 10:41:08,332 [grpc-default-executor-3] INFO  leader.FollowerInfo (FollowerInfoImpl.java:info(70)) - 36185c6b-22ce-45d1-a622-3a6b487a5a53@group-813C05265458->aa9634f0-8836-44d6-bc05-5b19fbdd93d5: computeNextIndex nextIndex: updateUnconditionally 5 -> 3
2025-10-10 10:41:08,353 [grpc-default-executor-3] ERROR server.RaftServer$Division (RaftServerImpl.java:appendEntriesAsync(1495)) - aa9634f0-8836-44d6-bc05-5b19fbdd93d5@group-6EF60CB14872: Failed appendEntries* 36185c6b-22ce-45d1-a622-3a6b487a5a53->aa9634f0-8836-44d6-bc05-5b19fbdd93d5#90-t7,previous=(t:7, i:25),leaderCommit=25,initializing? false,HEARTBEAT
org.apache.ratis.protocol.exceptions.ServerNotReadyException: aa9634f0-8836-44d6-bc05-5b19fbdd93d5@group-6EF60CB14872 is not in [STARTING, RUNNING]: current state is CLOSED
	at org.apache.ratis.server.impl.RaftServerImpl.lambda$assertLifeCycleState$7(RaftServerImpl.java:809)
	at org.apache.ratis.util.LifeCycle.assertCurrentState(LifeCycle.java:260)
	at org.apache.ratis.server.impl.RaftServerImpl.assertLifeCycleState(RaftServerImpl.java:808)
	at org.apache.ratis.server.impl.RaftServerImpl.appendEntriesAsync(RaftServerImpl.java:1486)
	at org.apache.ratis.server.impl.RaftServerProxy.lambda$null$28(RaftServerProxy.java:652)
	at org.apache.ratis.util.JavaUtils.callAsUnchecked(JavaUtils.java:118)
	at org.apache.ratis.server.impl.RaftServerProxy.lambda$appendEntriesAsync$29(RaftServerProxy.java:651)
	at java.base/java.util.concurrent.CompletableFuture.uniComposeStage(CompletableFuture.java:1187)
	at java.base/java.util.concurrent.CompletableFuture.thenCompose(CompletableFuture.java:2341)
	at org.apache.ratis.server.impl.RaftServerProxy.appendEntriesAsync(RaftServerProxy.java:651)
	at org.apache.ratis.grpc.server.GrpcServerProtocolService$1.process(GrpcServerProtocolService.java:245)
	at org.apache.ratis.grpc.server.GrpcServerProtocolService$1.process(GrpcServerProtocolService.java:242)
	at org.apache.ratis.grpc.server.GrpcServerProtocolService$ServerRequestStreamObserver.onNext(GrpcServerProtocolService.java:137)
	at org.apache.ratis.thirdparty.io.grpc.stub.ServerCalls$StreamingServerCallHandler$StreamingServerCallListener.onMessage(ServerCalls.java:262)
	at org.apache.ratis.thirdparty.io.grpc.internal.ServerCallImpl$ServerStreamListenerImpl.messagesAvailableInternal(ServerCallImpl.java:334)
	at org.apache.ratis.thirdparty.io.grpc.internal.ServerCallImpl$ServerStreamListenerImpl.messagesAvailable(ServerCallImpl.java:319)
	at org.apache.ratis.thirdparty.io.grpc.internal.ServerImpl$JumpToApplicationThreadServerStreamListener$1MessagesAvailable.runInContext(ServerImpl.java:834)
	at org.apache.ratis.thirdparty.io.grpc.internal.ContextRunnable.run(ContextRunnable.java:37)
	at org.apache.ratis.thirdparty.io.grpc.internal.SerializingExecutor.run(SerializingExecutor.java:133)
	at java.base/java.util.concurrent.ThreadPoolExecutor.runWorker(ThreadPoolExecutor.java:1144)
	at java.base/java.util.concurrent.ThreadPoolExecutor$Worker.run(ThreadPoolExecutor.java:642)
	at java.base/java.lang.Thread.run(Thread.java:1583)
2025-10-10 10:41:08,581 [grpc-default-executor-8] ERROR server.RaftServer$Division (RaftServerImpl.java:appendEntriesAsync(1495)) - aa9634f0-8836-44d6-bc05-5b19fbdd93d5@group-813C05265458: Failed appendEntries* 36185c6b-22ce-45d1-a622-3a6b487a5a53->aa9634f0-8836-44d6-bc05-5b19fbdd93d5#17-t3,previous=(t:2, i:2),leaderCommit=2,initializing? false,HEARTBEAT
org.apache.ratis.protocol.exceptions.ServerNotReadyException: aa9634f0-8836-44d6-bc05-5b19fbdd93d5@group-813C05265458 is not in [STARTING, RUNNING]: current state is CLOSED
	at org.apache.ratis.server.impl.RaftServerImpl.lambda$assertLifeCycleState$7(RaftServerImpl.java:809)
	at org.apache.ratis.util.LifeCycle.assertCurrentState(LifeCycle.java:260)
	at org.apache.ratis.server.impl.RaftServerImpl.assertLifeCycleState(RaftServerImpl.java:808)
	at org.apache.ratis.server.impl.RaftServerImpl.appendEntriesAsync(RaftServerImpl.java:1486)
	at org.apache.ratis.server.impl.RaftServerProxy.lambda$null$28(RaftServerProxy.java:652)
	at org.apache.ratis.util.JavaUtils.callAsUnchecked(JavaUtils.java:118)
	at org.apache.ratis.server.impl.RaftServerProxy.lambda$appendEntriesAsync$29(RaftServerProxy.java:651)
	at java.base/java.util.concurrent.CompletableFuture.uniComposeStage(CompletableFuture.java:1187)
	at java.base/java.util.concurrent.CompletableFuture.thenCompose(CompletableFuture.java:2341)
	at org.apache.ratis.server.impl.RaftServerProxy.appendEntriesAsync(RaftServerProxy.java:651)
	at org.apache.ratis.grpc.server.GrpcServerProtocolService$1.process(GrpcServerProtocolService.java:245)
	at org.apache.ratis.grpc.server.GrpcServerProtocolService$1.process(GrpcServerProtocolService.java:242)
	at org.apache.ratis.grpc.server.GrpcServerProtocolService$ServerRequestStreamObserver.onNext(GrpcServerProtocolService.java:137)
	at org.apache.ratis.thirdparty.io.grpc.stub.ServerCalls$StreamingServerCallHandler$StreamingServerCallListener.onMessage(ServerCalls.java:262)
	at org.apache.ratis.thirdparty.io.grpc.internal.ServerCallImpl$ServerStreamListenerImpl.messagesAvailableInternal(ServerCallImpl.java:334)
	at org.apache.ratis.thirdparty.io.grpc.internal.ServerCallImpl$ServerStreamListenerImpl.messagesAvailable(ServerCallImpl.java:319)
	at org.apache.ratis.thirdparty.io.grpc.internal.ServerImpl$JumpToApplicationThreadServerStreamListener$1MessagesAvailable.runInContext(ServerImpl.java:834)
	at org.apache.ratis.thirdparty.io.grpc.internal.ContextRunnable.run(ContextRunnable.java:37)
	at org.apache.ratis.thirdparty.io.grpc.internal.SerializingExecutor.run(SerializingExecutor.java:133)
	at java.base/java.util.concurrent.ThreadPoolExecutor.runWorker(ThreadPoolExecutor.java:1144)
	at java.base/java.util.concurrent.ThreadPoolExecutor$Worker.run(ThreadPoolExecutor.java:642)
	at java.base/java.lang.Thread.run(Thread.java:1583)
2025-10-10 10:41:08,581 [grpc-default-executor-3] ERROR server.RaftServer$Division (RaftServerImpl.java:appendEntriesAsync(1495)) - aa9634f0-8836-44d6-bc05-5b19fbdd93d5@group-813C05265458: Failed appendEntries* 36185c6b-22ce-45d1-a622-3a6b487a5a53->aa9634f0-8836-44d6-bc05-5b19fbdd93d5#18-t3,previous=(t:2, i:2),leaderCommit=4,initializing? false,entries: size=2, first=(t:3, i:3), CONFIGURATIONENTRY(current:id:"aa9634f0-8836-44d6-bc05-5b19fbdd93d5"address:"127.0.0.1:15063"priority:1dataStreamAddress:"127.0.0.1:15064"clientAddress:"127.0.0.1:15061"adminAddress:"127.0.0.1:15062"startupRole:FOLLOWER, id:"36185c6b-22ce-45d1-a622-3a6b487a5a53"address:"127.0.0.1:15071"dataStreamAddress:"127.0.0.1:15072"clientAddress:"127.0.0.1:15069"adminAddress:"127.0.0.1:15070"startupRole:FOLLOWER, id:"895d447a-5476-42e4-b2fa-6eb687701d46"address:"127.0.0.1:15079"dataStreamAddress:"127.0.0.1:15080"clientAddress:"127.0.0.1:15077"adminAddress:"127.0.0.1:15078"startupRole:FOLLOWER, old:)
org.apache.ratis.protocol.exceptions.ServerNotReadyException: aa9634f0-8836-44d6-bc05-5b19fbdd93d5@group-813C05265458 is not in [STARTING, RUNNING]: current state is CLOSED
	at org.apache.ratis.server.impl.RaftServerImpl.lambda$assertLifeCycleState$7(RaftServerImpl.java:809)
	at org.apache.ratis.util.LifeCycle.assertCurrentState(LifeCycle.java:260)
	at org.apache.ratis.server.impl.RaftServerImpl.assertLifeCycleState(RaftServerImpl.java:808)
	at org.apache.ratis.server.impl.RaftServerImpl.appendEntriesAsync(RaftServerImpl.java:1486)
	at org.apache.ratis.server.impl.RaftServerProxy.lambda$null$28(RaftServerProxy.java:652)
	at org.apache.ratis.util.JavaUtils.callAsUnchecked(JavaUtils.java:118)
	at org.apache.ratis.server.impl.RaftServerProxy.lambda$appendEntriesAsync$29(RaftServerProxy.java:651)
	at java.base/java.util.concurrent.CompletableFuture.uniComposeStage(CompletableFuture.java:1187)
	at java.base/java.util.concurrent.CompletableFuture.thenCompose(CompletableFuture.java:2341)
	at org.apache.ratis.server.impl.RaftServerProxy.appendEntriesAsync(RaftServerProxy.java:651)
	at org.apache.ratis.grpc.server.GrpcServerProtocolService$1.process(GrpcServerProtocolService.java:245)
	at org.apache.ratis.grpc.server.GrpcServerProtocolService$1.process(GrpcServerProtocolService.java:242)
	at org.apache.ratis.grpc.server.GrpcServerProtocolService$ServerRequestStreamObserver.onNext(GrpcServerProtocolService.java:150)
	at org.apache.ratis.thirdparty.io.grpc.stub.ServerCalls$StreamingServerCallHandler$StreamingServerCallListener.onMessage(ServerCalls.java:262)
	at org.apache.ratis.thirdparty.io.grpc.internal.ServerCallImpl$ServerStreamListenerImpl.messagesAvailableInternal(ServerCallImpl.java:334)
	at org.apache.ratis.thirdparty.io.grpc.internal.ServerCallImpl$ServerStreamListenerImpl.messagesAvailable(ServerCallImpl.java:319)
	at org.apache.ratis.thirdparty.io.grpc.internal.ServerImpl$JumpToApplicationThreadServerStreamListener$1MessagesAvailable.runInContext(ServerImpl.java:834)
	at org.apache.ratis.thirdparty.io.grpc.internal.ContextRunnable.run(ContextRunnable.java:37)
	at org.apache.ratis.thirdparty.io.grpc.internal.SerializingExecutor.run(SerializingExecutor.java:133)
	at java.base/java.util.concurrent.ThreadPoolExecutor.runWorker(ThreadPoolExecutor.java:1144)
	at java.base/java.util.concurrent.ThreadPoolExecutor$Worker.run(ThreadPoolExecutor.java:642)
	at java.base/java.lang.Thread.run(Thread.java:1583)
2025-10-10 10:41:08,582 [grpc-default-executor-3] WARN  server.GrpcServerProtocolService (LogUtils.java:warn(129)) - aa9634f0-8836-44d6-bc05-5b19fbdd93d5: Failed APPEND_ENTRIES request 36185c6b-22ce-45d1-a622-3a6b487a5a53->aa9634f0-8836-44d6-bc05-5b19fbdd93d5#18-t3,previous=(t:2, i:2),leaderCommit=4,initializing? false,entries: size=2, first=(t:3, i:3), CONFIGURATIONENTRY(current:id:"aa9634f0-8836-44d6-bc05-5b19fbdd93d5"address:"127.0.0.1:15063"priority:1dataStreamAddress:"127.0.0.1:15064"clientAddress:"127.0.0.1:15061"adminAddress:"127.0.0.1:15062"startupRole:FOLLOWER, id:"36185c6b-22ce-45d1-a622-3a6b487a5a53"address:"127.0.0.1:15071"dataStreamAddress:"127.0.0.1:15072"clientAddress:"127.0.0.1:15069"adminAddress:"127.0.0.1:15070"startupRole:FOLLOWER, id:"895d447a-5476-42e4-b2fa-6eb687701d46"address:"127.0.0.1:15079"dataStreamAddress:"127.0.0.1:15080"clientAddress:"127.0.0.1:15077"adminAddress:"127.0.0.1:15078"startupRole:FOLLOWER, old:)
java.util.concurrent.CompletionException: org.apache.ratis.protocol.exceptions.ServerNotReadyException: aa9634f0-8836-44d6-bc05-5b19fbdd93d5@group-813C05265458 is not in [STARTING, RUNNING]: current state is CLOSED
	at org.apache.ratis.util.JavaUtils.callAsUnchecked(JavaUtils.java:122)
	at org.apache.ratis.server.impl.RaftServerProxy.lambda$appendEntriesAsync$29(RaftServerProxy.java:651)
	at java.base/java.util.concurrent.CompletableFuture.uniComposeStage(CompletableFuture.java:1187)
	at java.base/java.util.concurrent.CompletableFuture.thenCompose(CompletableFuture.java:2341)
	at org.apache.ratis.server.impl.RaftServerProxy.appendEntriesAsync(RaftServerProxy.java:651)
	at org.apache.ratis.grpc.server.GrpcServerProtocolService$1.process(GrpcServerProtocolService.java:245)
	at org.apache.ratis.grpc.server.GrpcServerProtocolService$1.process(GrpcServerProtocolService.java:242)
	at org.apache.ratis.grpc.server.GrpcServerProtocolService$ServerRequestStreamObserver.onNext(GrpcServerProtocolService.java:150)
	at org.apache.ratis.thirdparty.io.grpc.stub.ServerCalls$StreamingServerCallHandler$StreamingServerCallListener.onMessage(ServerCalls.java:262)
	at org.apache.ratis.thirdparty.io.grpc.internal.ServerCallImpl$ServerStreamListenerImpl.messagesAvailableInternal(ServerCallImpl.java:334)
	at org.apache.ratis.thirdparty.io.grpc.internal.ServerCallImpl$ServerStreamListenerImpl.messagesAvailable(ServerCallImpl.java:319)
	at org.apache.ratis.thirdparty.io.grpc.internal.ServerImpl$JumpToApplicationThreadServerStreamListener$1MessagesAvailable.runInContext(ServerImpl.java:834)
	at org.apache.ratis.thirdparty.io.grpc.internal.ContextRunnable.run(ContextRunnable.java:37)
	at org.apache.ratis.thirdparty.io.grpc.internal.SerializingExecutor.run(SerializingExecutor.java:133)
	at java.base/java.util.concurrent.ThreadPoolExecutor.runWorker(ThreadPoolExecutor.java:1144)
	at java.base/java.util.concurrent.ThreadPoolExecutor$Worker.run(ThreadPoolExecutor.java:642)
	at java.base/java.lang.Thread.run(Thread.java:1583)
Caused by: org.apache.ratis.protocol.exceptions.ServerNotReadyException: aa9634f0-8836-44d6-bc05-5b19fbdd93d5@group-813C05265458 is not in [STARTING, RUNNING]: current state is CLOSED
	at org.apache.ratis.server.impl.RaftServerImpl.lambda$assertLifeCycleState$7(RaftServerImpl.java:809)
	at org.apache.ratis.util.LifeCycle.assertCurrentState(LifeCycle.java:260)
	at org.apache.ratis.server.impl.RaftServerImpl.assertLifeCycleState(RaftServerImpl.java:808)
	at org.apache.ratis.server.impl.RaftServerImpl.appendEntriesAsync(RaftServerImpl.java:1486)
	at org.apache.ratis.server.impl.RaftServerProxy.lambda$null$28(RaftServerProxy.java:652)
	at org.apache.ratis.util.JavaUtils.callAsUnchecked(JavaUtils.java:118)
	... 16 more
2025-10-10 10:41:08,583 [grpc-default-executor-3] INFO  leader.LogAppender (LogAppenderBase.java:lambda$getNextIndexForError$0(215)) - Decrease nextIndex to 3
2025-10-10 10:41:08,584 [grpc-default-executor-3] INFO  leader.LogAppender (LogAppenderBase.java:lambda$getNextIndexForError$0(215)) - Decrease nextIndex to 3
2025-10-10 10:41:08,584 [grpc-default-executor-3] INFO  leader.FollowerInfo (FollowerInfoImpl.java:info(70)) - 36185c6b-22ce-45d1-a622-3a6b487a5a53@group-813C05265458->aa9634f0-8836-44d6-bc05-5b19fbdd93d5: computeNextIndex nextIndex: updateUnconditionally 5 -> 3
2025-10-10 10:41:08,603 [grpc-default-executor-8] ERROR server.RaftServer$Division (RaftServerImpl.java:appendEntriesAsync(1495)) - aa9634f0-8836-44d6-bc05-5b19fbdd93d5@group-6EF60CB14872: Failed appendEntries* 36185c6b-22ce-45d1-a622-3a6b487a5a53->aa9634f0-8836-44d6-bc05-5b19fbdd93d5#91-t7,previous=(t:7, i:25),leaderCommit=25,initializing? false,HEARTBEAT
org.apache.ratis.protocol.exceptions.ServerNotReadyException: aa9634f0-8836-44d6-bc05-5b19fbdd93d5@group-6EF60CB14872 is not in [STARTING, RUNNING]: current state is CLOSED
	at org.apache.ratis.server.impl.RaftServerImpl.lambda$assertLifeCycleState$7(RaftServerImpl.java:809)
	at org.apache.ratis.util.LifeCycle.assertCurrentState(LifeCycle.java:260)
	at org.apache.ratis.server.impl.RaftServerImpl.assertLifeCycleState(RaftServerImpl.java:808)
	at org.apache.ratis.server.impl.RaftServerImpl.appendEntriesAsync(RaftServerImpl.java:1486)
	at org.apache.ratis.server.impl.RaftServerProxy.lambda$null$28(RaftServerProxy.java:652)
	at org.apache.ratis.util.JavaUtils.callAsUnchecked(JavaUtils.java:118)
	at org.apache.ratis.server.impl.RaftServerProxy.lambda$appendEntriesAsync$29(RaftServerProxy.java:651)
	at java.base/java.util.concurrent.CompletableFuture.uniComposeStage(CompletableFuture.java:1187)
	at java.base/java.util.concurrent.CompletableFuture.thenCompose(CompletableFuture.java:2341)
	at org.apache.ratis.server.impl.RaftServerProxy.appendEntriesAsync(RaftServerProxy.java:651)
	at org.apache.ratis.grpc.server.GrpcServerProtocolService$1.process(GrpcServerProtocolService.java:245)
	at org.apache.ratis.grpc.server.GrpcServerProtocolService$1.process(GrpcServerProtocolService.java:242)
	at org.apache.ratis.grpc.server.GrpcServerProtocolService$ServerRequestStreamObserver.onNext(GrpcServerProtocolService.java:137)
	at org.apache.ratis.thirdparty.io.grpc.stub.ServerCalls$StreamingServerCallHandler$StreamingServerCallListener.onMessage(ServerCalls.java:262)
	at org.apache.ratis.thirdparty.io.grpc.internal.ServerCallImpl$ServerStreamListenerImpl.messagesAvailableInternal(ServerCallImpl.java:334)
	at org.apache.ratis.thirdparty.io.grpc.internal.ServerCallImpl$ServerStreamListenerImpl.messagesAvailable(ServerCallImpl.java:319)
	at org.apache.ratis.thirdparty.io.grpc.internal.ServerImpl$JumpToApplicationThreadServerStreamListener$1MessagesAvailable.runInContext(ServerImpl.java:834)
	at org.apache.ratis.thirdparty.io.grpc.internal.ContextRunnable.run(ContextRunnable.java:37)
	at org.apache.ratis.thirdparty.io.grpc.internal.SerializingExecutor.run(SerializingExecutor.java:133)
	at java.base/java.util.concurrent.ThreadPoolExecutor.runWorker(ThreadPoolExecutor.java:1144)
	at java.base/java.util.concurrent.ThreadPoolExecutor$Worker.run(ThreadPoolExecutor.java:642)
	at java.base/java.lang.Thread.run(Thread.java:1583)
2025-10-10 10:41:08,722 [Thread-3120] WARN  grpc.GrpcUtil (GrpcUtil.java:shutdownManagedChannel(226)) - Timed out gracefully shutting down connection: ManagedChannelOrphanWrapper{delegate=ManagedChannelImpl{logId=388, target=127.0.0.1:15071}}. 
2025-10-10 10:41:08,723 [grpc-default-executor-8] INFO  server.GrpcLogAppender (GrpcLogAppender.java:onError(545)) - aa9634f0-8836-44d6-bc05-5b19fbdd93d5@group-813C05265458->36185c6b-22ce-45d1-a622-3a6b487a5a53-GrpcLogAppender is already stopped
2025-10-10 10:41:08,723 [grpc-default-executor-3] INFO  server.GrpcLogAppender (GrpcLogAppender.java:onError(545)) - aa9634f0-8836-44d6-bc05-5b19fbdd93d5@group-813C05265458->36185c6b-22ce-45d1-a622-3a6b487a5a53-GrpcLogAppender is already stopped
2025-10-10 10:41:08,723 [grpc-default-executor-8] WARN  server.GrpcServerProtocolService (LogUtils.java:warn(127)) - 36185c6b-22ce-45d1-a622-3a6b487a5a53: APPEND_ENTRIES onError, lastRequest: null: org.apache.ratis.thirdparty.io.grpc.StatusRuntimeException: CANCELLED: client cancelled
2025-10-10 10:41:08,723 [grpc-default-executor-7] WARN  server.GrpcServerProtocolService (LogUtils.java:warn(127)) - 36185c6b-22ce-45d1-a622-3a6b487a5a53: APPEND_ENTRIES onError, lastRequest: aa9634f0-8836-44d6-bc05-5b19fbdd93d5->36185c6b-22ce-45d1-a622-3a6b487a5a53#1-t2,previous=(t:1, i:0),leaderCommit=0,initializing? false,entries: size=1, first=(t:2, i:1), CONFIGURATIONENTRY(current:id:"aa9634f0-8836-44d6-bc05-5b19fbdd93d5"address:"127.0.0.1:15063"priority:1dataStreamAddress:"127.0.0.1:15064"clientAddress:"127.0.0.1:15061"adminAddress:"127.0.0.1:15062"startupRole:FOLLOWER, id:"36185c6b-22ce-45d1-a622-3a6b487a5a53"address:"127.0.0.1:15071"dataStreamAddress:"127.0.0.1:15072"clientAddress:"127.0.0.1:15069"adminAddress:"127.0.0.1:15070"startupRole:FOLLOWER, id:"895d447a-5476-42e4-b2fa-6eb687701d46"address:"127.0.0.1:15079"dataStreamAddress:"127.0.0.1:15080"clientAddress:"127.0.0.1:15077"adminAddress:"127.0.0.1:15078"startupRole:FOLLOWER, old:): org.apache.ratis.thirdparty.io.grpc.StatusRuntimeException: CANCELLED: client cancelled
2025-10-10 10:41:08,723 [ForkJoinPool-1-worker-1] INFO  server.GrpcServicesImpl (GrpcServicesImpl.java:closeImpl(364)) - aa9634f0-8836-44d6-bc05-5b19fbdd93d5: shutdown server org.apache.ratis.grpc.server.GrpcClientProtocolService successfully
2025-10-10 10:41:08,724 [ForkJoinPool-1-worker-1] INFO  server.GrpcServicesImpl (GrpcServicesImpl.java:closeImpl(355)) - aa9634f0-8836-44d6-bc05-5b19fbdd93d5: shutdown server GrpcServerProtocolService now
2025-10-10 10:41:08,724 [grpc-default-executor-3] WARN  server.GrpcServerProtocolService (LogUtils.java:warn(127)) - aa9634f0-8836-44d6-bc05-5b19fbdd93d5: APPEND_ENTRIES onError, lastRequest: null: org.apache.ratis.thirdparty.io.grpc.StatusRuntimeException: CANCELLED: client cancelled
2025-10-10 10:41:08,725 [grpc-default-executor-9] WARN  server.GrpcServerProtocolService (LogUtils.java:warn(127)) - aa9634f0-8836-44d6-bc05-5b19fbdd93d5: APPEND_ENTRIES onError, lastRequest: null: org.apache.ratis.thirdparty.io.grpc.StatusRuntimeException: CANCELLED: client cancelled
2025-10-10 10:41:08,725 [grpc-default-executor-11] WARN  server.GrpcServerProtocolService (LogUtils.java:warn(127)) - aa9634f0-8836-44d6-bc05-5b19fbdd93d5: APPEND_ENTRIES onError, lastRequest: null: org.apache.ratis.thirdparty.io.grpc.StatusRuntimeException: CANCELLED: client cancelled
2025-10-10 10:41:08,725 [grpc-default-executor-11] WARN  server.GrpcServerProtocolService (LogUtils.java:warn(127)) - aa9634f0-8836-44d6-bc05-5b19fbdd93d5: APPEND_ENTRIES onError, lastRequest: null: org.apache.ratis.thirdparty.io.grpc.StatusRuntimeException: CANCELLED: client cancelled
2025-10-10 10:41:08,725 [grpc-default-executor-9] WARN  server.GrpcServerProtocolService (LogUtils.java:warn(127)) - aa9634f0-8836-44d6-bc05-5b19fbdd93d5: APPEND_ENTRIES onError, lastRequest: null: org.apache.ratis.thirdparty.io.grpc.StatusRuntimeException: CANCELLED: client cancelled
2025-10-10 10:41:08,725 [grpc-default-executor-10] WARN  server.GrpcServerProtocolService (LogUtils.java:warn(127)) - aa9634f0-8836-44d6-bc05-5b19fbdd93d5: APPEND_ENTRIES onError, lastRequest: null: org.apache.ratis.thirdparty.io.grpc.StatusRuntimeException: CANCELLED: client cancelled
2025-10-10 10:41:08,725 [grpc-default-executor-4] WARN  server.GrpcServerProtocolService (LogUtils.java:warn(127)) - aa9634f0-8836-44d6-bc05-5b19fbdd93d5: APPEND_ENTRIES onError, lastRequest: null: org.apache.ratis.thirdparty.io.grpc.StatusRuntimeException: CANCELLED: client cancelled
2025-10-10 10:41:08,725 [grpc-default-executor-12] WARN  server.GrpcServerProtocolService (LogUtils.java:warn(127)) - aa9634f0-8836-44d6-bc05-5b19fbdd93d5: APPEND_ENTRIES onError, lastRequest: null: org.apache.ratis.thirdparty.io.grpc.StatusRuntimeException: CANCELLED: client cancelled
2025-10-10 10:41:08,725 [grpc-default-executor-1] WARN  server.GrpcServerProtocolService (LogUtils.java:warn(127)) - aa9634f0-8836-44d6-bc05-5b19fbdd93d5: APPEND_ENTRIES onError, lastRequest: null: org.apache.ratis.thirdparty.io.grpc.StatusRuntimeException: CANCELLED: client cancelled
2025-10-10 10:41:08,725 [grpc-default-executor-4] WARN  server.GrpcServerProtocolService (LogUtils.java:warn(127)) - aa9634f0-8836-44d6-bc05-5b19fbdd93d5: APPEND_ENTRIES onError, lastRequest: null: org.apache.ratis.thirdparty.io.grpc.StatusRuntimeException: CANCELLED: client cancelled
2025-10-10 10:41:08,725 [grpc-default-executor-10] WARN  server.GrpcServerProtocolService (LogUtils.java:warn(127)) - aa9634f0-8836-44d6-bc05-5b19fbdd93d5: APPEND_ENTRIES onError, lastRequest: null: org.apache.ratis.thirdparty.io.grpc.StatusRuntimeException: CANCELLED: client cancelled
2025-10-10 10:41:08,726 [grpc-default-executor-12] WARN  server.GrpcLogAppender (GrpcLogAppender.java:lambda$resetClient$1(228)) - 36185c6b-22ce-45d1-a622-3a6b487a5a53@group-813C05265458->aa9634f0-8836-44d6-bc05-5b19fbdd93d5-GrpcLogAppender: Follower failed (request=null, errorCount=11); keep nextIndex (3) unchanged and retry.
2025-10-10 10:41:08,726 [grpc-default-executor-4] WARN  server.GrpcLogAppender (LogUtils.java:warn(127)) - 36185c6b-22ce-45d1-a622-3a6b487a5a53@group-6EF60CB14872->aa9634f0-8836-44d6-bc05-5b19fbdd93d5-AppendLogResponseHandler: Failed appendEntries: org.apache.ratis.thirdparty.io.grpc.StatusRuntimeException: CANCELLED: RST_STREAM closed stream. HTTP/2 error code: CANCEL
2025-10-10 10:41:08,726 [grpc-default-executor-4] WARN  server.GrpcLogAppender (GrpcLogAppender.java:lambda$resetClient$1(228)) - 36185c6b-22ce-45d1-a622-3a6b487a5a53@group-6EF60CB14872->aa9634f0-8836-44d6-bc05-5b19fbdd93d5-GrpcLogAppender: Follower failed (request=null, errorCount=1); keep nextIndex (26) unchanged and retry.
2025-10-10 10:41:08,726 [grpc-default-executor-9] WARN  server.GrpcServerProtocolService (LogUtils.java:warn(127)) - aa9634f0-8836-44d6-bc05-5b19fbdd93d5: APPEND_ENTRIES onError, lastRequest: 36185c6b-22ce-45d1-a622-3a6b487a5a53->aa9634f0-8836-44d6-bc05-5b19fbdd93d5#2-t7,previous=(t:7, i:24),leaderCommit=24,initializing? false,entries: size=1, first=(t:7, i:25), METADATAENTRY(c:24): org.apache.ratis.thirdparty.io.grpc.StatusRuntimeException: CANCELLED: client cancelled
2025-10-10 10:41:08,726 [ForkJoinPool-1-worker-1] INFO  server.GrpcServicesImpl (GrpcServicesImpl.java:closeImpl(364)) - aa9634f0-8836-44d6-bc05-5b19fbdd93d5: shutdown server GrpcServerProtocolService successfully
2025-10-10 10:41:08,726 [ForkJoinPool-1-worker-1] INFO  server.GrpcServicesImpl (GrpcServicesImpl.java:closeImpl(355)) - aa9634f0-8836-44d6-bc05-5b19fbdd93d5: shutdown server org.apache.ratis.grpc.server.GrpcAdminProtocolService now
2025-10-10 10:41:08,726 [ForkJoinPool-1-worker-1] INFO  server.GrpcServicesImpl (GrpcServicesImpl.java:closeImpl(364)) - aa9634f0-8836-44d6-bc05-5b19fbdd93d5: shutdown server org.apache.ratis.grpc.server.GrpcAdminProtocolService successfully
2025-10-10 10:41:08,730 [aa9634f0-8836-44d6-bc05-5b19fbdd93d5-NettyServerStreamRpc-bossGroup--thread1] INFO  logging.LoggingHandler (AbstractInternalLogger.java:log(148)) - [id: 0xd70155d6, L:/0.0.0.0:15064] CLOSE
2025-10-10 10:41:08,730 [aa9634f0-8836-44d6-bc05-5b19fbdd93d5-NettyServerStreamRpc-bossGroup--thread1] INFO  logging.LoggingHandler (AbstractInternalLogger.java:log(148)) - [id: 0xd70155d6, L:/0.0.0.0:15064] INACTIVE
2025-10-10 10:41:08,731 [aa9634f0-8836-44d6-bc05-5b19fbdd93d5-NettyServerStreamRpc-bossGroup--thread1] INFO  logging.LoggingHandler (AbstractInternalLogger.java:log(148)) - [id: 0xd70155d6, L:/0.0.0.0:15064] UNREGISTERED
2025-10-10 10:41:08,734 [JvmPauseMonitor9] INFO  util.JvmPauseMonitor (JvmPauseMonitor.java:run(152)) - JvmPauseMonitor-aa9634f0-8836-44d6-bc05-5b19fbdd93d5: Stopped
2025-10-10 10:41:10,716 [timer6] INFO  server.GrpcServerProtocolService (GrpcServerProtocolService.java:lambda$null$7(175)) - 36185c6b-22ce-45d1-a622-3a6b487a5a53: Completed APPEND_ENTRIES, lastReply: serverReply {
  requestorId: "aa9634f0-8836-44d6-bc05-5b19fbdd93d5"
  replyId: "36185c6b-22ce-45d1-a622-3a6b487a5a53"
  raftGroupId {
    id: "\345\036HP\223\nH\363\273w\201<\005&TX"
  }
  callId: 34
  success: true
}
term: 2
nextIndex: 3
followerCommit: 2
matchIndex: 18446744073709551615
isHearbeat: true
  (Repeated 2 times in the last 4.999s)
2025-10-10 10:41:10,716 [timer5] INFO  server.GrpcServerProtocolService (GrpcServerProtocolService.java:lambda$onCompleted$6(171)) - 36185c6b-22ce-45d1-a622-3a6b487a5a53: Completed APPEND_ENTRIES, lastRequest: null  (Repeated 2 times in the last 5.000s)
2025-10-10 10:41:10,717 [timer0] INFO  server.GrpcServerProtocolService (GrpcServerProtocolService.java:lambda$null$7(175)) - 895d447a-5476-42e4-b2fa-6eb687701d46: Completed APPEND_ENTRIES, lastReply: null  (Repeated 2 times in the last 4.999s)
2025-10-10 10:41:10,717 [timer7] INFO  server.GrpcServerProtocolService (GrpcServerProtocolService.java:lambda$onCompleted$6(171)) - 895d447a-5476-42e4-b2fa-6eb687701d46: Completed APPEND_ENTRIES, lastRequest: aa9634f0-8836-44d6-bc05-5b19fbdd93d5->895d447a-5476-42e4-b2fa-6eb687701d46#4-t2,previous=(t:2, i:1),leaderCommit=1,initializing? false,entries: size=1, first=(t:2, i:2), METADATAENTRY(c:1)  (Repeated 2 times in the last 5.000s)
2025-10-10 10:41:10,737 [ForkJoinPool-1-worker-1] INFO  utils.DatanodeStoreCache (DatanodeStoreCache.java:shutdownCache(110)) - Skip clearing cache in mini cluster mode. Entries left: [/home/runner/work/ozone/ozone/hadoop-ozone/integration-test/target/test-dir/MiniOzoneClusterImpl-611c99c7-d47b-4433-a4ef-cd0a35b076ef/ozone-metadata/datanode-1/data-0/hdds/611c99c7-d47b-4433-a4ef-cd0a35b076ef/DS-e04c2270-6553-4caa-98e6-0f32c0982bff/container.db, /home/runner/work/ozone/ozone/hadoop-ozone/integration-test/target/test-dir/MiniOzoneClusterImpl-611c99c7-d47b-4433-a4ef-cd0a35b076ef/ozone-metadata/datanode-10/data-0/hdds/611c99c7-d47b-4433-a4ef-cd0a35b076ef/DS-acbb0b19-c57c-43af-ab83-47b2913905c6/container.db, /home/runner/work/ozone/ozone/hadoop-ozone/integration-test/target/test-dir/MiniOzoneClusterImpl-611c99c7-d47b-4433-a4ef-cd0a35b076ef/ozone-metadata/datanode-2/data-0/hdds/611c99c7-d47b-4433-a4ef-cd0a35b076ef/DS-dbeeb2d7-87c9-464d-a232-67ecec18d322/container.db, /home/runner/work/ozone/ozone/hadoop-ozone/integration-test/target/test-dir/MiniOzoneClusterImpl-611c99c7-d47b-4433-a4ef-cd0a35b076ef/ozone-metadata/datanode-3/data-0/hdds/611c99c7-d47b-4433-a4ef-cd0a35b076ef/DS-96d12f97-f01f-4e1a-aadc-cb85e2aa7b77/container.db, /home/runner/work/ozone/ozone/hadoop-ozone/integration-test/target/test-dir/MiniOzoneClusterImpl-611c99c7-d47b-4433-a4ef-cd0a35b076ef/ozone-metadata/datanode-4/data-0/hdds/611c99c7-d47b-4433-a4ef-cd0a35b076ef/DS-d0f0d2dd-b347-4b79-bac2-49cc0e8748a5/container.db, /home/runner/work/ozone/ozone/hadoop-ozone/integration-test/target/test-dir/MiniOzoneClusterImpl-611c99c7-d47b-4433-a4ef-cd0a35b076ef/ozone-metadata/datanode-5/data-0/hdds/611c99c7-d47b-4433-a4ef-cd0a35b076ef/DS-4e487a0b-bc01-4abe-bc19-325c11ca8c9e/container.db, /home/runner/work/ozone/ozone/hadoop-ozone/integration-test/target/test-dir/MiniOzoneClusterImpl-611c99c7-d47b-4433-a4ef-cd0a35b076ef/ozone-metadata/datanode-6/data-0/hdds/611c99c7-d47b-4433-a4ef-cd0a35b076ef/DS-2abecbaf-9058-465c-9862-40fcfa0a7bd5/container.db, /home/runner/work/ozone/ozone/hadoop-ozone/integration-test/target/test-dir/MiniOzoneClusterImpl-611c99c7-d47b-4433-a4ef-cd0a35b076ef/ozone-metadata/datanode-7/data-0/hdds/611c99c7-d47b-4433-a4ef-cd0a35b076ef/DS-c4bde162-9ff2-4380-9d2e-b89c9d2de98d/container.db, /home/runner/work/ozone/ozone/hadoop-ozone/integration-test/target/test-dir/MiniOzoneClusterImpl-611c99c7-d47b-4433-a4ef-cd0a35b076ef/ozone-metadata/datanode-8/data-0/hdds/611c99c7-d47b-4433-a4ef-cd0a35b076ef/DS-5cd8dead-8911-46d6-a0b8-6438206482ea/container.db, /home/runner/work/ozone/ozone/hadoop-ozone/integration-test/target/test-dir/MiniOzoneClusterImpl-611c99c7-d47b-4433-a4ef-cd0a35b076ef/ozone-metadata/datanode-9/data-0/hdds/611c99c7-d47b-4433-a4ef-cd0a35b076ef/DS-8fb42501-9102-4ac6-a22c-4421d3850807/container.db]
2025-10-10 10:41:10,739 [ForkJoinPool-1-worker-1] INFO  utils.DatanodeStoreCache (DatanodeStoreCache.java:removeDB(104)) - Removed db /home/runner/work/ozone/ozone/hadoop-ozone/integration-test/target/test-dir/MiniOzoneClusterImpl-611c99c7-d47b-4433-a4ef-cd0a35b076ef/ozone-metadata/datanode-7/data-0/hdds/611c99c7-d47b-4433-a4ef-cd0a35b076ef/DS-c4bde162-9ff2-4380-9d2e-b89c9d2de98d/container.db from cache
2025-10-10 10:41:10,739 [ForkJoinPool-1-worker-1] INFO  volume.HddsVolume (HddsVolume.java:closeDbStore(609)) - SchemaV3 db is stopped at /home/runner/work/ozone/ozone/hadoop-ozone/integration-test/target/test-dir/MiniOzoneClusterImpl-611c99c7-d47b-4433-a4ef-cd0a35b076ef/ozone-metadata/datanode-7/data-0/hdds/611c99c7-d47b-4433-a4ef-cd0a35b076ef/DS-c4bde162-9ff2-4380-9d2e-b89c9d2de98d/container.db for volume DS-c4bde162-9ff2-4380-9d2e-b89c9d2de98d
2025-10-10 10:41:10,739 [ForkJoinPool-1-worker-1] INFO  utils.BackgroundService (BackgroundService.java:shutdown(195)) - Shutting down service BlockDeletingService
2025-10-10 10:41:10,740 [ForkJoinPool-1-worker-1] INFO  utils.BackgroundService (BackgroundService.java:shutdown(195)) - Shutting down service StaleRecoveringContainerScrubbingService
2025-10-10 10:41:10,741 [ForkJoinPool-1-worker-1] INFO  statemachine.DatanodeStateMachine (DatanodeStateMachine.java:stopDaemon(654)) - Ozone container server stopped.
2025-10-10 10:41:10,756 [ForkJoinPool-1-worker-1] INFO  handler.ContextHandler (ContextHandler.java:doStop(1159)) - Stopped o.e.j.w.WebAppContext@58c94c5a{hddsDatanode,/,null,STOPPED}{jar:file:/home/runner/work/ozone/ozone/hadoop-hdds/container-service/target/hdds-container-service-2.1.0-SNAPSHOT.jar!/webapps/hddsDatanode}
2025-10-10 10:41:10,756 [ForkJoinPool-1-worker-1] INFO  server.AbstractConnector (AbstractConnector.java:doStop(383)) - Stopped ServerConnector@6d862bf1{HTTP/1.1, (http/1.1)}{0.0.0.0:15058}
2025-10-10 10:41:10,756 [ForkJoinPool-1-worker-1] INFO  server.session (HouseKeeper.java:stopScavenging(149)) - node0 Stopped scavenging
2025-10-10 10:41:10,756 [ForkJoinPool-1-worker-1] INFO  handler.ContextHandler (ContextHandler.java:doStop(1159)) - Stopped o.e.j.s.ServletContextHandler@1457bcf1{static,/static,jar:file:/home/runner/work/ozone/ozone/hadoop-hdds/container-service/target/hdds-container-service-2.1.0-SNAPSHOT.jar!/webapps/static,STOPPED}
2025-10-10 10:41:10,757 [ForkJoinPool-1-worker-1] INFO  handler.ContextHandler (ContextHandler.java:doStop(1159)) - Stopped o.e.j.s.ServletContextHandler@72b63002{logs,/logs,file:///home/runner/work/ozone/ozone/hadoop-ozone/integration-test/target/log,STOPPED}
2025-10-10 10:41:10,757 [ForkJoinPool-1-worker-1] INFO  ozone.HddsDatanodeClientProtocolServer (HddsDatanodeClientProtocolServer.java:stop(82)) - Stopping the RPC server for Client Protocol
2025-10-10 10:41:10,758 [ForkJoinPool-1-worker-1] INFO  ipc.Server (Server.java:stop(3697)) - Stopping server on 15059
2025-10-10 10:41:10,759 [IPC Server listener on 15059] INFO  ipc.Server (Server.java:run(1585)) - Stopping IPC Server listener on 15059
2025-10-10 10:41:10,759 [IPC Server Responder] INFO  ipc.Server (Server.java:run(1718)) - Stopping IPC Server Responder
]]></system-out>
  </testcase>
  <testcase name="" classname="org.apache.hadoop.ozone.client.rpc.TestFailureHandlingByClient" time="218.877">
    <failure message="Found 2 leaked objects, check logs" type="java.lang.AssertionError"><![CDATA[java.lang.AssertionError: Found 2 leaked objects, check logs
	at org.apache.hadoop.hdds.utils.db.CodecBuffer.assertNoLeaks(CodecBuffer.java:238)
	at org.apache.hadoop.hdds.utils.db.CodecTestUtil.gc(CodecTestUtil.java:54)
	at org.apache.hadoop.ozone.MiniOzoneClusterImpl.shutdown(MiniOzoneClusterImpl.java:374)
	at org.apache.hadoop.ozone.client.rpc.TestFailureHandlingByClient.shutdown(TestFailureHandlingByClient.java:179)
	at java.base/java.lang.reflect.Method.invoke(Method.java:580)
	at java.base/java.util.ArrayList.forEach(ArrayList.java:1596)
	at java.base/java.util.Collections$UnmodifiableCollection.forEach(Collections.java:1117)
	at java.base/java.util.concurrent.ForkJoinTask.doExec(ForkJoinTask.java:387)
	at java.base/java.util.concurrent.ForkJoinPool$WorkQueue.topLevelExec(ForkJoinPool.java:1312)
	at java.base/java.util.concurrent.ForkJoinPool.scan(ForkJoinPool.java:1843)
	at java.base/java.util.concurrent.ForkJoinPool.runWorker(ForkJoinPool.java:1808)
	at java.base/java.util.concurrent.ForkJoinWorkerThread.run(ForkJoinWorkerThread.java:188)
]]></failure>
    <system-out><![CDATA[2025-10-10 10:41:10,834 [ForkJoinPool-1-worker-1] INFO  ozone.MiniOzoneClusterImpl (MiniOzoneClusterImpl.java:shutdown(373)) - Shutting down the Mini Ozone Cluster
2025-10-10 10:41:10,836 [ForkJoinPool-1-worker-1] INFO  db.CodecTestUtil (CodecTestUtil.java:gc(50)) - gc 0
2025-10-10 10:41:10,961 [LeakDetector-OzoneClientObject1] WARN  client.OzoneClientFactory (HddsUtils.java:reportLeak(902)) - OzoneClient is not closed properly
StackTrace for unclosed instance: org.apache.hadoop.ozone.client.OzoneClientFactory.getRpcClient(OzoneClientFactory.java:176)
org.apache.hadoop.ozone.client.OzoneClientFactory.getRpcClient(OzoneClientFactory.java:161)
org.apache.hadoop.ozone.client.rpc.TestFailureHandlingByClient.testDatanodeExclusionWithMajorityCommit(TestFailureHandlingByClient.java:430)
java.base/jdk.internal.reflect.DirectMethodHandleAccessor.invoke(DirectMethodHandleAccessor.java:103)
java.base/java.lang.reflect.Method.invoke(Method.java:580)
org.junit.platform.commons.util.ReflectionUtils.invokeMethod(ReflectionUtils.java:786)
org.junit.platform.commons.support.ReflectionSupport.invokeMethod(ReflectionSupport.java:514)
org.junit.jupiter.engine.execution.MethodInvocation.proceed(MethodInvocation.java:60)
org.junit.jupiter.engine.execution.InvocationInterceptorChain$ValidatingInvocation.proceed(InvocationInterceptorChain.java:131)
org.junit.jupiter.engine.extension.SameThreadTimeoutInvocation.proceed(SameThreadTimeoutInvocation.java:49)
org.junit.jupiter.engine.extension.TimeoutExtension.intercept(TimeoutExtension.java:161)
org.junit.jupiter.engine.extension.TimeoutExtension.interceptTestableMethod(TimeoutExtension.java:152)
org.junit.jupiter.engine.extension.TimeoutExtension.interceptTestTemplateMethod(TimeoutExtension.java:99)
org.junit.jupiter.engine.execution.InterceptingExecutableInvoker$ReflectiveInterceptorCall.lambda$ofVoidMethod$0(InterceptingExecutableInvoker.java:112)
org.junit.jupiter.engine.execution.InterceptingExecutableInvoker.lambda$invoke$0(InterceptingExecutableInvoker.java:94)
org.junit.jupiter.engine.execution.InvocationInterceptorChain$InterceptedInvocation.proceed(InvocationInterceptorChain.java:106)
org.junit.jupiter.engine.execution.InvocationInterceptorChain.proceed(InvocationInterceptorChain.java:64)
org.junit.jupiter.engine.execution.InvocationInterceptorChain.chainAndInvoke(InvocationInterceptorChain.java:45)
org.junit.jupiter.engine.execution.InvocationInterceptorChain.invoke(InvocationInterceptorChain.java:37)
org.junit.jupiter.engine.execution.InterceptingExecutableInvoker.invoke(InterceptingExecutableInvoker.java:93)
org.junit.jupiter.engine.execution.InterceptingExecutableInvoker.invoke(InterceptingExecutableInvoker.java:87)
org.junit.jupiter.engine.descriptor.TestMethodTestDescriptor.lambda$invokeTestMethod$4(TestMethodTestDescriptor.java:221)
org.junit.platform.engine.support.hierarchical.ThrowableCollector.execute(ThrowableCollector.java:73)
org.junit.jupiter.engine.descriptor.TestMethodTestDescriptor.invokeTestMethod(TestMethodTestDescriptor.java:217)
org.junit.jupiter.engine.descriptor.TestMethodTestDescriptor.execute(TestMethodTestDescriptor.java:159)
org.junit.jupiter.engine.descriptor.TestMethodTestDescriptor.execute(TestMethodTestDescriptor.java:70)
org.junit.platform.engine.support.hierarchical.NodeTestTask.lambda$executeRecursively$6(NodeTestTask.java:157)
org.junit.platform.engine.support.hierarchical.ThrowableCollector.execute(ThrowableCollector.java:73)
org.junit.platform.engine.support.hierarchical.NodeTestTask.lambda$executeRecursively$8(NodeTestTask.java:147)
org.junit.platform.engine.support.hierarchical.Node.around(Node.java:137)
org.junit.platform.engine.support.hierarchical.NodeTestTask.lambda$executeRecursively$9(NodeTestTask.java:145)
org.junit.platform.engine.support.hierarchical.ThrowableCollector.execute(ThrowableCollector.java:73)
org.junit.platform.engine.support.hierarchical.NodeTestTask.executeRecursively(NodeTestTask.java:144)
org.junit.platform.engine.support.hierarchical.NodeTestTask.execute(NodeTestTask.java:101)
org.junit.platform.engine.support.hierarchical.ForkJoinPoolHierarchicalTestExecutorService$ExclusiveTask.exec(ForkJoinPoolHierarchicalTestExecutorService.java:274)
org.junit.platform.engine.support.hierarchical.ForkJoinPoolHierarchicalTestExecutorService$ExclusiveTask.execSync(ForkJoinPoolHierarchicalTestExecutorService.java:247)
org.junit.platform.engine.support.hierarchical.ForkJoinPoolHierarchicalTestExecutorService.submit(ForkJoinPoolHierarchicalTestExecutorService.java:148)
org.junit.platform.engine.support.hierarchical.NodeTestTask$DefaultDynamicTestExecutor.execute(NodeTestTask.java:232)
org.junit.platform.engine.support.hierarchical.NodeTestTask$DefaultDynamicTestExecutor.execute(NodeTestTask.java:210)
org.junit.jupiter.engine.descriptor.TemplateExecutor.execute(TemplateExecutor.java:98)
org.junit.jupiter.engine.descriptor.TemplateExecutor.lambda$executeForProvider$0(TemplateExecutor.java:61)
java.base/java.util.Optional.ifPresent(Optional.java:178)
org.junit.jupiter.engine.descriptor.TemplateExecutor.lambda$executeForProvider$1(TemplateExecutor.java:61)
java.base/java.util.stream.ForEachOps$ForEachOp$OfRef.accept(ForEachOps.java:184)
java.base/java.util.stream.ReferencePipeline$3$1.accept(ReferencePipeline.java:197)
java.base/java.util.stream.ForEachOps$ForEachOp$OfRef.accept(ForEachOps.java:184)
java.base/java.util.stream.ForEachOps$ForEachOp$OfRef.accept(ForEachOps.java:184)
java.base/java.util.stream.ReferencePipeline$3$1.accept(ReferencePipeline.java:197)
java.base/java.util.Iterator.forEachRemaining(Iterator.java:133)
java.base/java.util.Spliterators$IteratorSpliterator.forEachRemaining(Spliterators.java:1939)
java.base/java.util.stream.AbstractPipeline.copyInto(AbstractPipeline.java:509)
java.base/java.util.stream.AbstractPipeline.wrapAndCopyInto(AbstractPipeline.java:499)
java.base/java.util.stream.ForEachOps$ForEachOp.evaluateSequential(ForEachOps.java:151)
java.base/java.util.stream.ForEachOps$ForEachOp$OfRef.evaluateSequential(ForEachOps.java:174)
java.base/java.util.stream.AbstractPipeline.evaluate(AbstractPipeline.java:234)
java.base/java.util.stream.ReferencePipeline.forEach(ReferencePipeline.java:596)
java.base/java.util.stream.ReferencePipeline$7$1.accept(ReferencePipeline.java:276)
java.base/java.util.ArrayList$ArrayListSpliterator.forEachRemaining(ArrayList.java:1708)
java.base/java.util.stream.AbstractPipeline.copyInto(AbstractPipeline.java:509)
java.base/java.util.stream.AbstractPipeline.wrapAndCopyInto(AbstractPipeline.java:499)
java.base/java.util.stream.ForEachOps$ForEachOp.evaluateSequential(ForEachOps.java:151)
java.base/java.util.stream.ForEachOps$ForEachOp$OfRef.evaluateSequential(ForEachOps.java:174)
java.base/java.util.stream.AbstractPipeline.evaluate(AbstractPipeline.java:234)
java.base/java.util.stream.ReferencePipeline.forEach(ReferencePipeline.java:596)
java.base/java.util.stream.ReferencePipeline$7$1.accept(ReferencePipeline.java:276)
java.base/java.util.stream.ReferencePipeline$3$1.accept(ReferencePipeline.java:197)
java.base/java.util.stream.ReferencePipeline$3$1.accept(ReferencePipeline.java:197)
java.base/java.util.stream.ReferencePipeline$3$1.accept(ReferencePipeline.java:197)
java.base/java.util.ArrayList$ArrayListSpliterator.forEachRemaining(ArrayList.java:1708)
java.base/java.util.stream.AbstractPipeline.copyInto(AbstractPipeline.java:509)
java.base/java.util.stream.AbstractPipeline.wrapAndCopyInto(AbstractPipeline.java:499)
java.base/java.util.stream.ForEachOps$ForEachOp.evaluateSequential(ForEachOps.java:151)
java.base/java.util.stream.ForEachOps$ForEachOp$OfRef.evaluateSequential(ForEachOps.java:174)
java.base/java.util.stream.AbstractPipeline.evaluate(AbstractPipeline.java:234)
java.base/java.util.stream.ReferencePipeline.forEach(ReferencePipeline.java:596)
org.junit.jupiter.engine.descriptor.TemplateExecutor.executeForProvider(TemplateExecutor.java:59)
org.junit.jupiter.engine.descriptor.TemplateExecutor.execute(TemplateExecutor.java:48)
org.junit.jupiter.engine.descriptor.TestTemplateTestDescriptor.execute(TestTemplateTestDescriptor.java:112)
org.junit.jupiter.engine.descriptor.TestTemplateTestDescriptor.execute(TestTemplateTestDescriptor.java:40)
org.junit.platform.engine.support.hierarchical.NodeTestTask.lambda$executeRecursively$6(NodeTestTask.java:157)
org.junit.platform.engine.support.hierarchical.ThrowableCollector.execute(ThrowableCollector.java:73)
org.junit.platform.engine.support.hierarchical.NodeTestTask.lambda$executeRecursively$8(NodeTestTask.java:147)
org.junit.platform.engine.support.hierarchical.Node.around(Node.java:137)
org.junit.platform.engine.support.hierarchical.NodeTestTask.lambda$executeRecursively$9(NodeTestTask.java:145)
org.junit.platform.engine.support.hierarchical.ThrowableCollector.execute(ThrowableCollector.java:73)
org.junit.platform.engine.support.hierarchical.NodeTestTask.executeRecursively(NodeTestTask.java:144)
org.junit.platform.engine.support.hierarchical.NodeTestTask.execute(NodeTestTask.java:101)
org.junit.platform.engine.support.hierarchical.ForkJoinPoolHierarchicalTestExecutorService$ExclusiveTask.exec(ForkJoinPoolHierarchicalTestExecutorService.java:274)
org.junit.platform.engine.support.hierarchical.ForkJoinPoolHierarchicalTestExecutorService$ExclusiveTask.execSync(ForkJoinPoolHierarchicalTestExecutorService.java:247)
org.junit.platform.engine.support.hierarchical.ForkJoinPoolHierarchicalTestExecutorService.executeSync(ForkJoinPoolHierarchicalTestExecutorService.java:194)
org.junit.platform.engine.support.hierarchical.ForkJoinPoolHierarchicalTestExecutorService.invokeAll(ForkJoinPoolHierarchicalTestExecutorService.java:166)
org.junit.platform.engine.support.hierarchical.NodeTestTask.lambda$executeRecursively$6(NodeTestTask.java:161)
org.junit.platform.engine.support.hierarchical.ThrowableCollector.execute(ThrowableCollector.java:73)
org.junit.platform.engine.support.hierarchical.NodeTestTask.lambda$executeRecursively$8(NodeTestTask.java:147)
org.junit.platform.engine.support.hierarchical.Node.around(Node.java:137)
org.junit.platform.engine.support.hierarchical.NodeTestTask.lambda$executeRecursively$9(NodeTestTask.java:145)
org.junit.platform.engine.support.hierarchical.ThrowableCollector.execute(ThrowableCollector.java:73)
org.junit.platform.engine.support.hierarchical.NodeTestTask.executeRecursively(NodeTestTask.java:144)
org.junit.platform.engine.support.hierarchical.NodeTestTask.execute(NodeTestTask.java:101)
org.junit.platform.engine.support.hierarchical.ForkJoinPoolHierarchicalTestExecutorService$ExclusiveTask.exec(ForkJoinPoolHierarchicalTestExecutorService.java:274)
org.junit.platform.engine.support.hierarchical.ForkJoinPoolHierarchicalTestExecutorService$ExclusiveTask.execSync(ForkJoinPoolHierarchicalTestExecutorService.java:247)
org.junit.platform.engine.support.hierarchical.ForkJoinPoolHierarchicalTestExecutorService.invokeAll(ForkJoinPoolHierarchicalTestExecutorService.java:159)
org.junit.platform.engine.support.hierarchical.NodeTestTask.lambda$executeRecursively$6(NodeTestTask.java:161)
org.junit.platform.engine.support.hierarchical.ThrowableCollector.execute(ThrowableCollector.java:73)
org.junit.platform.engine.support.hierarchical.NodeTestTask.lambda$executeRecursively$8(NodeTestTask.java:147)
org.junit.platform.engine.support.hierarchical.Node.around(Node.java:137)
org.junit.platform.engine.support.hierarchical.NodeTestTask.lambda$executeRecursively$9(NodeTestTask.java:145)
org.junit.platform.engine.support.hierarchical.ThrowableCollector.execute(ThrowableCollector.java:73)
org.junit.platform.engine.support.hierarchical.NodeTestTask.executeRecursively(NodeTestTask.java:144)
org.junit.platform.engine.support.hierarchical.NodeTestTask.execute(NodeTestTask.java:101)
org.junit.platform.engine.support.hierarchical.ForkJoinPoolHierarchicalTestExecutorService$ExclusiveTask.exec(ForkJoinPoolHierarchicalTestExecutorService.java:274)
java.base/java.util.concurrent.ForkJoinTask.doExec(ForkJoinTask.java:387)
java.base/java.util.concurrent.ForkJoinPool$WorkQueue.topLevelExec(ForkJoinPool.java:1312)
java.base/java.util.concurrent.ForkJoinPool.scan(ForkJoinPool.java:1843)
java.base/java.util.concurrent.ForkJoinPool.runWorker(ForkJoinPool.java:1808)
java.base/java.util.concurrent.ForkJoinWorkerThread.run(ForkJoinWorkerThread.java:188)

2025-10-10 10:41:10,965 [Finalizer] WARN  db.CodecBuffer (CodecBuffer.java:detectLeaks(281)) - LEAK 1: [0<=0<=1048576: ], refCnt=1, capacity=1048576 allocation:
org.apache.hadoop.hdds.utils.db.CodecBuffer.<init>(CodecBuffer.java:53)
org.apache.hadoop.hdds.utils.db.CodecBuffer$LeakDetector$1.<init>(CodecBuffer.java:100)
org.apache.hadoop.hdds.utils.db.CodecBuffer$LeakDetector.newCodecBuffer(CodecBuffer.java:100)
org.apache.hadoop.hdds.utils.db.CodecBuffer$Factory.newCodecBuffer(CodecBuffer.java:93)
org.apache.hadoop.hdds.utils.db.CodecBuffer$Factory.newCodecBuffer(CodecBuffer.java:89)
org.apache.hadoop.hdds.utils.db.CodecBuffer.allocate(CodecBuffer.java:204)
org.apache.hadoop.hdds.utils.db.CodecBuffer.allocateDirect(CodecBuffer.java:212)
org.apache.hadoop.ozone.common.ChunkBuffer.allocate(ChunkBuffer.java:48)
org.apache.hadoop.hdds.scm.storage.BufferPool.allocateBuffer(BufferPool.java:98)
org.apache.hadoop.hdds.scm.storage.BlockOutputStream.allocateNewBufferIfNeeded(BlockOutputStream.java:427)
org.apache.hadoop.hdds.scm.storage.BlockOutputStream.write(BlockOutputStream.java:384)
org.apache.hadoop.ozone.client.io.BlockOutputStreamEntry.write(BlockOutputStreamEntry.java:183)
org.apache.hadoop.ozone.client.io.KeyOutputStream.writeToOutputStream(KeyOutputStream.java:298)
org.apache.hadoop.ozone.client.io.KeyOutputStream.handleWrite(KeyOutputStream.java:274)
org.apache.hadoop.ozone.client.io.KeyOutputStream.lambda$write$1(KeyOutputStream.java:240)
org.apache.hadoop.ozone.client.io.KeyOutputStream.doInWriteLock(KeyOutputStream.java:251)
org.apache.hadoop.ozone.client.io.KeyOutputStream.write(KeyOutputStream.java:239)
org.apache.hadoop.ozone.client.io.OzoneOutputStream.write(OzoneOutputStream.java:93)
java.base/java.io.OutputStream.write(OutputStream.java:124)
org.apache.hadoop.ozone.client.rpc.TestFailureHandlingByClient.testDatanodeExclusionWithMajorityCommit(TestFailureHandlingByClient.java:466)
java.base/jdk.internal.reflect.DirectMethodHandleAccessor.invoke(DirectMethodHandleAccessor.java:103)
java.base/java.lang.reflect.Method.invoke(Method.java:580)
org.junit.platform.commons.util.ReflectionUtils.invokeMethod(ReflectionUtils.java:786)
org.junit.platform.commons.support.ReflectionSupport.invokeMethod(ReflectionSupport.java:514)
org.junit.jupiter.engine.execution.MethodInvocation.proceed(MethodInvocation.java:60)
org.junit.jupiter.engine.execution.InvocationInterceptorChain$ValidatingInvocation.proceed(InvocationInterceptorChain.java:131)
org.junit.jupiter.engine.extension.SameThreadTimeoutInvocation.proceed(SameThreadTimeoutInvocation.java:49)
org.junit.jupiter.engine.extension.TimeoutExtension.intercept(TimeoutExtension.java:161)
org.junit.jupiter.engine.extension.TimeoutExtension.interceptTestableMethod(TimeoutExtension.java:152)
org.junit.jupiter.engine.extension.TimeoutExtension.interceptTestTemplateMethod(TimeoutExtension.java:99)
org.junit.jupiter.engine.execution.InterceptingExecutableInvoker$ReflectiveInterceptorCall.lambda$ofVoidMethod$0(InterceptingExecutableInvoker.java:112)
org.junit.jupiter.engine.execution.InterceptingExecutableInvoker.lambda$invoke$0(InterceptingExecutableInvoker.java:94)
org.junit.jupiter.engine.execution.InvocationInterceptorChain$InterceptedInvocation.proceed(InvocationInterceptorChain.java:106)
org.junit.jupiter.engine.execution.InvocationInterceptorChain.proceed(InvocationInterceptorChain.java:64)
org.junit.jupiter.engine.execution.InvocationInterceptorChain.chainAndInvoke(InvocationInterceptorChain.java:45)
org.junit.jupiter.engine.execution.InvocationInterceptorChain.invoke(InvocationInterceptorChain.java:37)
org.junit.jupiter.engine.execution.InterceptingExecutableInvoker.invoke(InterceptingExecutableInvoker.java:93)
org.junit.jupiter.engine.execution.InterceptingExecutableInvoker.invoke(InterceptingExecutableInvoker.java:87)
org.junit.jupiter.engine.descriptor.TestMethodTestDescriptor.lambda$invokeTestMethod$4(TestMethodTestDescriptor.java:221)
org.junit.platform.engine.support.hierarchical.ThrowableCollector.execute(ThrowableCollector.java:73)
org.junit.jupiter.engine.descriptor.TestMethodTestDescriptor.invokeTestMethod(TestMethodTestDescriptor.java:217)
org.junit.jupiter.engine.descriptor.TestMethodTestDescriptor.execute(TestMethodTestDescriptor.java:159)
org.junit.jupiter.engine.descriptor.TestMethodTestDescriptor.execute(TestMethodTestDescriptor.java:70)
org.junit.platform.engine.support.hierarchical.NodeTestTask.lambda$executeRecursively$6(NodeTestTask.java:157)
org.junit.platform.engine.support.hierarchical.ThrowableCollector.execute(ThrowableCollector.java:73)
org.junit.platform.engine.support.hierarchical.NodeTestTask.lambda$executeRecursively$8(NodeTestTask.java:147)
org.junit.platform.engine.support.hierarchical.Node.around(Node.java:137)
org.junit.platform.engine.support.hierarchical.NodeTestTask.lambda$executeRecursively$9(NodeTestTask.java:145)
org.junit.platform.engine.support.hierarchical.ThrowableCollector.execute(ThrowableCollector.java:73)
org.junit.platform.engine.support.hierarchical.NodeTestTask.executeRecursively(NodeTestTask.java:144)
org.junit.platform.engine.support.hierarchical.NodeTestTask.execute(NodeTestTask.java:101)
org.junit.platform.engine.support.hierarchical.ForkJoinPoolHierarchicalTestExecutorService$ExclusiveTask.exec(ForkJoinPoolHierarchicalTestExecutorService.java:274)
org.junit.platform.engine.support.hierarchical.ForkJoinPoolHierarchicalTestExecutorService$ExclusiveTask.execSync(ForkJoinPoolHierarchicalTestExecutorService.java:247)
org.junit.platform.engine.support.hierarchical.ForkJoinPoolHierarchicalTestExecutorService.submit(ForkJoinPoolHierarchicalTestExecutorService.java:148)
org.junit.platform.engine.support.hierarchical.NodeTestTask$DefaultDynamicTestExecutor.execute(NodeTestTask.java:232)
org.junit.platform.engine.support.hierarchical.NodeTestTask$DefaultDynamicTestExecutor.execute(NodeTestTask.java:210)
org.junit.jupiter.engine.descriptor.TemplateExecutor.execute(TemplateExecutor.java:98)
org.junit.jupiter.engine.descriptor.TemplateExecutor.lambda$executeForProvider$0(TemplateExecutor.java:61)
java.base/java.util.Optional.ifPresent(Optional.java:178)
org.junit.jupiter.engine.descriptor.TemplateExecutor.lambda$executeForProvider$1(TemplateExecutor.java:61)
java.base/java.util.stream.ForEachOps$ForEachOp$OfRef.accept(ForEachOps.java:184)
java.base/java.util.stream.ReferencePipeline$3$1.accept(ReferencePipeline.java:197)
java.base/java.util.stream.ForEachOps$ForEachOp$OfRef.accept(ForEachOps.java:184)
java.base/java.util.stream.ForEachOps$ForEachOp$OfRef.accept(ForEachOps.java:184)
java.base/java.util.stream.ReferencePipeline$3$1.accept(ReferencePipeline.java:197)
java.base/java.util.Iterator.forEachRemaining(Iterator.java:133)
java.base/java.util.Spliterators$IteratorSpliterator.forEachRemaining(Spliterators.java:1939)
java.base/java.util.stream.AbstractPipeline.copyInto(AbstractPipeline.java:509)
java.base/java.util.stream.AbstractPipeline.wrapAndCopyInto(AbstractPipeline.java:499)
java.base/java.util.stream.ForEachOps$ForEachOp.evaluateSequential(ForEachOps.java:151)
java.base/java.util.stream.ForEachOps$ForEachOp$OfRef.evaluateSequential(ForEachOps.java:174)
java.base/java.util.stream.AbstractPipeline.evaluate(AbstractPipeline.java:234)
java.base/java.util.stream.ReferencePipeline.forEach(ReferencePipeline.java:596)
java.base/java.util.stream.ReferencePipeline$7$1.accept(ReferencePipeline.java:276)
java.base/java.util.ArrayList$ArrayListSpliterator.forEachRemaining(ArrayList.java:1708)
java.base/java.util.stream.AbstractPipeline.copyInto(AbstractPipeline.java:509)
java.base/java.util.stream.AbstractPipeline.wrapAndCopyInto(AbstractPipeline.java:499)
java.base/java.util.stream.ForEachOps$ForEachOp.evaluateSequential(ForEachOps.java:151)
java.base/java.util.stream.ForEachOps$ForEachOp$OfRef.evaluateSequential(ForEachOps.java:174)
java.base/java.util.stream.AbstractPipeline.evaluate(AbstractPipeline.java:234)
java.base/java.util.stream.ReferencePipeline.forEach(ReferencePipeline.java:596)
java.base/java.util.stream.ReferencePipeline$7$1.accept(ReferencePipeline.java:276)
java.base/java.util.stream.ReferencePipeline$3$1.accept(ReferencePipeline.java:197)
java.base/java.util.stream.ReferencePipeline$3$1.accept(ReferencePipeline.java:197)
java.base/java.util.stream.ReferencePipeline$3$1.accept(ReferencePipeline.java:197)
java.base/java.util.ArrayList$ArrayListSpliterator.forEachRemaining(ArrayList.java:1708)
java.base/java.util.stream.AbstractPipeline.copyInto(AbstractPipeline.java:509)
java.base/java.util.stream.AbstractPipeline.wrapAndCopyInto(AbstractPipeline.java:499)
java.base/java.util.stream.ForEachOps$ForEachOp.evaluateSequential(ForEachOps.java:151)
java.base/java.util.stream.ForEachOps$ForEachOp$OfRef.evaluateSequential(ForEachOps.java:174)
java.base/java.util.stream.AbstractPipeline.evaluate(AbstractPipeline.java:234)
java.base/java.util.stream.ReferencePipeline.forEach(ReferencePipeline.java:596)
org.junit.jupiter.engine.descriptor.TemplateExecutor.executeForProvider(TemplateExecutor.java:59)
org.junit.jupiter.engine.descriptor.TemplateExecutor.execute(TemplateExecutor.java:48)
org.junit.jupiter.engine.descriptor.TestTemplateTestDescriptor.execute(TestTemplateTestDescriptor.java:112)
org.junit.jupiter.engine.descriptor.TestTemplateTestDescriptor.execute(TestTemplateTestDescriptor.java:40)
org.junit.platform.engine.support.hierarchical.NodeTestTask.lambda$executeRecursively$6(NodeTestTask.java:157)
org.junit.platform.engine.support.hierarchical.ThrowableCollector.execute(ThrowableCollector.java:73)
org.junit.platform.engine.support.hierarchical.NodeTestTask.lambda$executeRecursively$8(NodeTestTask.java:147)
org.junit.platform.engine.support.hierarchical.Node.around(Node.java:137)
org.junit.platform.engine.support.hierarchical.NodeTestTask.lambda$executeRecursively$9(NodeTestTask.java:145)
org.junit.platform.engine.support.hierarchical.ThrowableCollector.execute(ThrowableCollector.java:73)
org.junit.platform.engine.support.hierarchical.NodeTestTask.executeRecursively(NodeTestTask.java:144)
org.junit.platform.engine.support.hierarchical.NodeTestTask.execute(NodeTestTask.java:101)
org.junit.platform.engine.support.hierarchical.ForkJoinPoolHierarchicalTestExecutorService$ExclusiveTask.exec(ForkJoinPoolHierarchicalTestExecutorService.java:274)
org.junit.platform.engine.support.hierarchical.ForkJoinPoolHierarchicalTestExecutorService$ExclusiveTask.execSync(ForkJoinPoolHierarchicalTestExecutorService.java:247)
org.junit.platform.engine.support.hierarchical.ForkJoinPoolHierarchicalTestExecutorService.executeSync(ForkJoinPoolHierarchicalTestExecutorService.java:194)
org.junit.platform.engine.support.hierarchical.ForkJoinPoolHierarchicalTestExecutorService.invokeAll(ForkJoinPoolHierarchicalTestExecutorService.java:166)
org.junit.platform.engine.support.hierarchical.NodeTestTask.lambda$executeRecursively$6(NodeTestTask.java:161)
org.junit.platform.engine.support.hierarchical.ThrowableCollector.execute(ThrowableCollector.java:73)
org.junit.platform.engine.support.hierarchical.NodeTestTask.lambda$executeRecursively$8(NodeTestTask.java:147)
org.junit.platform.engine.support.hierarchical.Node.around(Node.java:137)
org.junit.platform.engine.support.hierarchical.NodeTestTask.lambda$executeRecursively$9(NodeTestTask.java:145)
org.junit.platform.engine.support.hierarchical.ThrowableCollector.execute(ThrowableCollector.java:73)
org.junit.platform.engine.support.hierarchical.NodeTestTask.executeRecursively(NodeTestTask.java:144)
org.junit.platform.engine.support.hierarchical.NodeTestTask.execute(NodeTestTask.java:101)
org.junit.platform.engine.support.hierarchical.ForkJoinPoolHierarchicalTestExecutorService$ExclusiveTask.exec(ForkJoinPoolHierarchicalTestExecutorService.java:274)
org.junit.platform.engine.support.hierarchical.ForkJoinPoolHierarchicalTestExecutorService$ExclusiveTask.execSync(ForkJoinPoolHierarchicalTestExecutorService.java:247)
org.junit.platform.engine.support.hierarchical.ForkJoinPoolHierarchicalTestExecutorService.invokeAll(ForkJoinPoolHierarchicalTestExecutorService.java:159)
org.junit.platform.engine.support.hierarchical.NodeTestTask.lambda$executeRecursively$6(NodeTestTask.java:161)
org.junit.platform.engine.support.hierarchical.ThrowableCollector.execute(ThrowableCollector.java:73)
org.junit.platform.engine.support.hierarchical.NodeTestTask.lambda$executeRecursively$8(NodeTestTask.java:147)
org.junit.platform.engine.support.hierarchical.Node.around(Node.java:137)
org.junit.platform.engine.support.hierarchical.NodeTestTask.lambda$executeRecursively$9(NodeTestTask.java:145)
org.junit.platform.engine.support.hierarchical.ThrowableCollector.execute(ThrowableCollector.java:73)
org.junit.platform.engine.support.hierarchical.NodeTestTask.executeRecursively(NodeTestTask.java:144)
org.junit.platform.engine.support.hierarchical.NodeTestTask.execute(NodeTestTask.java:101)
org.junit.platform.engine.support.hierarchical.ForkJoinPoolHierarchicalTestExecutorService$ExclusiveTask.exec(ForkJoinPoolHierarchicalTestExecutorService.java:274)
java.base/java.util.concurrent.ForkJoinTask.doExec(ForkJoinTask.java:387)
java.base/java.util.concurrent.ForkJoinPool$WorkQueue.topLevelExec(ForkJoinPool.java:1312)
java.base/java.util.concurrent.ForkJoinPool.scan(ForkJoinPool.java:1843)
java.base/java.util.concurrent.ForkJoinPool.runWorker(ForkJoinPool.java:1808)
java.base/java.util.concurrent.ForkJoinWorkerThread.run(ForkJoinWorkerThread.java:188)

2025-10-10 10:41:10,967 [Finalizer] WARN  db.CodecBuffer (CodecBuffer.java:detectLeaks(281)) - LEAK 2: [0<=0<=1048576: ], refCnt=1, capacity=1048576 allocation:
org.apache.hadoop.hdds.utils.db.CodecBuffer.<init>(CodecBuffer.java:53)
org.apache.hadoop.hdds.utils.db.CodecBuffer$LeakDetector$1.<init>(CodecBuffer.java:100)
org.apache.hadoop.hdds.utils.db.CodecBuffer$LeakDetector.newCodecBuffer(CodecBuffer.java:100)
org.apache.hadoop.hdds.utils.db.CodecBuffer$Factory.newCodecBuffer(CodecBuffer.java:93)
org.apache.hadoop.hdds.utils.db.CodecBuffer$Factory.newCodecBuffer(CodecBuffer.java:89)
org.apache.hadoop.hdds.utils.db.CodecBuffer.allocate(CodecBuffer.java:204)
org.apache.hadoop.hdds.utils.db.CodecBuffer.allocateDirect(CodecBuffer.java:212)
org.apache.hadoop.ozone.common.ChunkBuffer.allocate(ChunkBuffer.java:48)
org.apache.hadoop.hdds.scm.storage.BufferPool.allocateBuffer(BufferPool.java:98)
org.apache.hadoop.hdds.scm.storage.BlockOutputStream.allocateNewBufferIfNeeded(BlockOutputStream.java:427)
org.apache.hadoop.hdds.scm.storage.BlockOutputStream.write(BlockOutputStream.java:384)
org.apache.hadoop.ozone.client.io.BlockOutputStreamEntry.write(BlockOutputStreamEntry.java:183)
org.apache.hadoop.ozone.client.io.KeyOutputStream.writeToOutputStream(KeyOutputStream.java:298)
org.apache.hadoop.ozone.client.io.KeyOutputStream.handleWrite(KeyOutputStream.java:274)
org.apache.hadoop.ozone.client.io.KeyOutputStream.lambda$write$1(KeyOutputStream.java:240)
org.apache.hadoop.ozone.client.io.KeyOutputStream.doInWriteLock(KeyOutputStream.java:251)
org.apache.hadoop.ozone.client.io.KeyOutputStream.write(KeyOutputStream.java:239)
org.apache.hadoop.ozone.client.io.OzoneOutputStream.write(OzoneOutputStream.java:93)
java.base/java.io.OutputStream.write(OutputStream.java:124)
org.apache.hadoop.ozone.client.rpc.TestFailureHandlingByClient.testDatanodeExclusionWithMajorityCommit(TestFailureHandlingByClient.java:448)
java.base/jdk.internal.reflect.DirectMethodHandleAccessor.invoke(DirectMethodHandleAccessor.java:103)
java.base/java.lang.reflect.Method.invoke(Method.java:580)
org.junit.platform.commons.util.ReflectionUtils.invokeMethod(ReflectionUtils.java:786)
org.junit.platform.commons.support.ReflectionSupport.invokeMethod(ReflectionSupport.java:514)
org.junit.jupiter.engine.execution.MethodInvocation.proceed(MethodInvocation.java:60)
org.junit.jupiter.engine.execution.InvocationInterceptorChain$ValidatingInvocation.proceed(InvocationInterceptorChain.java:131)
org.junit.jupiter.engine.extension.SameThreadTimeoutInvocation.proceed(SameThreadTimeoutInvocation.java:49)
org.junit.jupiter.engine.extension.TimeoutExtension.intercept(TimeoutExtension.java:161)
org.junit.jupiter.engine.extension.TimeoutExtension.interceptTestableMethod(TimeoutExtension.java:152)
org.junit.jupiter.engine.extension.TimeoutExtension.interceptTestTemplateMethod(TimeoutExtension.java:99)
org.junit.jupiter.engine.execution.InterceptingExecutableInvoker$ReflectiveInterceptorCall.lambda$ofVoidMethod$0(InterceptingExecutableInvoker.java:112)
org.junit.jupiter.engine.execution.InterceptingExecutableInvoker.lambda$invoke$0(InterceptingExecutableInvoker.java:94)
org.junit.jupiter.engine.execution.InvocationInterceptorChain$InterceptedInvocation.proceed(InvocationInterceptorChain.java:106)
org.junit.jupiter.engine.execution.InvocationInterceptorChain.proceed(InvocationInterceptorChain.java:64)
org.junit.jupiter.engine.execution.InvocationInterceptorChain.chainAndInvoke(InvocationInterceptorChain.java:45)
org.junit.jupiter.engine.execution.InvocationInterceptorChain.invoke(InvocationInterceptorChain.java:37)
org.junit.jupiter.engine.execution.InterceptingExecutableInvoker.invoke(InterceptingExecutableInvoker.java:93)
org.junit.jupiter.engine.execution.InterceptingExecutableInvoker.invoke(InterceptingExecutableInvoker.java:87)
org.junit.jupiter.engine.descriptor.TestMethodTestDescriptor.lambda$invokeTestMethod$4(TestMethodTestDescriptor.java:221)
org.junit.platform.engine.support.hierarchical.ThrowableCollector.execute(ThrowableCollector.java:73)
org.junit.jupiter.engine.descriptor.TestMethodTestDescriptor.invokeTestMethod(TestMethodTestDescriptor.java:217)
org.junit.jupiter.engine.descriptor.TestMethodTestDescriptor.execute(TestMethodTestDescriptor.java:159)
org.junit.jupiter.engine.descriptor.TestMethodTestDescriptor.execute(TestMethodTestDescriptor.java:70)
org.junit.platform.engine.support.hierarchical.NodeTestTask.lambda$executeRecursively$6(NodeTestTask.java:157)
org.junit.platform.engine.support.hierarchical.ThrowableCollector.execute(ThrowableCollector.java:73)
org.junit.platform.engine.support.hierarchical.NodeTestTask.lambda$executeRecursively$8(NodeTestTask.java:147)
org.junit.platform.engine.support.hierarchical.Node.around(Node.java:137)
org.junit.platform.engine.support.hierarchical.NodeTestTask.lambda$executeRecursively$9(NodeTestTask.java:145)
org.junit.platform.engine.support.hierarchical.ThrowableCollector.execute(ThrowableCollector.java:73)
org.junit.platform.engine.support.hierarchical.NodeTestTask.executeRecursively(NodeTestTask.java:144)
org.junit.platform.engine.support.hierarchical.NodeTestTask.execute(NodeTestTask.java:101)
org.junit.platform.engine.support.hierarchical.ForkJoinPoolHierarchicalTestExecutorService$ExclusiveTask.exec(ForkJoinPoolHierarchicalTestExecutorService.java:274)
org.junit.platform.engine.support.hierarchical.ForkJoinPoolHierarchicalTestExecutorService$ExclusiveTask.execSync(ForkJoinPoolHierarchicalTestExecutorService.java:247)
org.junit.platform.engine.support.hierarchical.ForkJoinPoolHierarchicalTestExecutorService.submit(ForkJoinPoolHierarchicalTestExecutorService.java:148)
org.junit.platform.engine.support.hierarchical.NodeTestTask$DefaultDynamicTestExecutor.execute(NodeTestTask.java:232)
org.junit.platform.engine.support.hierarchical.NodeTestTask$DefaultDynamicTestExecutor.execute(NodeTestTask.java:210)
org.junit.jupiter.engine.descriptor.TemplateExecutor.execute(TemplateExecutor.java:98)
org.junit.jupiter.engine.descriptor.TemplateExecutor.lambda$executeForProvider$0(TemplateExecutor.java:61)
java.base/java.util.Optional.ifPresent(Optional.java:178)
org.junit.jupiter.engine.descriptor.TemplateExecutor.lambda$executeForProvider$1(TemplateExecutor.java:61)
java.base/java.util.stream.ForEachOps$ForEachOp$OfRef.accept(ForEachOps.java:184)
java.base/java.util.stream.ReferencePipeline$3$1.accept(ReferencePipeline.java:197)
java.base/java.util.stream.ForEachOps$ForEachOp$OfRef.accept(ForEachOps.java:184)
java.base/java.util.stream.ForEachOps$ForEachOp$OfRef.accept(ForEachOps.java:184)
java.base/java.util.stream.ReferencePipeline$3$1.accept(ReferencePipeline.java:197)
java.base/java.util.Iterator.forEachRemaining(Iterator.java:133)
java.base/java.util.Spliterators$IteratorSpliterator.forEachRemaining(Spliterators.java:1939)
java.base/java.util.stream.AbstractPipeline.copyInto(AbstractPipeline.java:509)
java.base/java.util.stream.AbstractPipeline.wrapAndCopyInto(AbstractPipeline.java:499)
java.base/java.util.stream.ForEachOps$ForEachOp.evaluateSequential(ForEachOps.java:151)
java.base/java.util.stream.ForEachOps$ForEachOp$OfRef.evaluateSequential(ForEachOps.java:174)
java.base/java.util.stream.AbstractPipeline.evaluate(AbstractPipeline.java:234)
java.base/java.util.stream.ReferencePipeline.forEach(ReferencePipeline.java:596)
java.base/java.util.stream.ReferencePipeline$7$1.accept(ReferencePipeline.java:276)
java.base/java.util.ArrayList$ArrayListSpliterator.forEachRemaining(ArrayList.java:1708)
java.base/java.util.stream.AbstractPipeline.copyInto(AbstractPipeline.java:509)
java.base/java.util.stream.AbstractPipeline.wrapAndCopyInto(AbstractPipeline.java:499)
java.base/java.util.stream.ForEachOps$ForEachOp.evaluateSequential(ForEachOps.java:151)
java.base/java.util.stream.ForEachOps$ForEachOp$OfRef.evaluateSequential(ForEachOps.java:174)
java.base/java.util.stream.AbstractPipeline.evaluate(AbstractPipeline.java:234)
java.base/java.util.stream.ReferencePipeline.forEach(ReferencePipeline.java:596)
java.base/java.util.stream.ReferencePipeline$7$1.accept(ReferencePipeline.java:276)
java.base/java.util.stream.ReferencePipeline$3$1.accept(ReferencePipeline.java:197)
java.base/java.util.stream.ReferencePipeline$3$1.accept(ReferencePipeline.java:197)
java.base/java.util.stream.ReferencePipeline$3$1.accept(ReferencePipeline.java:197)
java.base/java.util.ArrayList$ArrayListSpliterator.forEachRemaining(ArrayList.java:1708)
java.base/java.util.stream.AbstractPipeline.copyInto(AbstractPipeline.java:509)
java.base/java.util.stream.AbstractPipeline.wrapAndCopyInto(AbstractPipeline.java:499)
java.base/java.util.stream.ForEachOps$ForEachOp.evaluateSequential(ForEachOps.java:151)
java.base/java.util.stream.ForEachOps$ForEachOp$OfRef.evaluateSequential(ForEachOps.java:174)
java.base/java.util.stream.AbstractPipeline.evaluate(AbstractPipeline.java:234)
java.base/java.util.stream.ReferencePipeline.forEach(ReferencePipeline.java:596)
org.junit.jupiter.engine.descriptor.TemplateExecutor.executeForProvider(TemplateExecutor.java:59)
org.junit.jupiter.engine.descriptor.TemplateExecutor.execute(TemplateExecutor.java:48)
org.junit.jupiter.engine.descriptor.TestTemplateTestDescriptor.execute(TestTemplateTestDescriptor.java:112)
org.junit.jupiter.engine.descriptor.TestTemplateTestDescriptor.execute(TestTemplateTestDescriptor.java:40)
org.junit.platform.engine.support.hierarchical.NodeTestTask.lambda$executeRecursively$6(NodeTestTask.java:157)
org.junit.platform.engine.support.hierarchical.ThrowableCollector.execute(ThrowableCollector.java:73)
org.junit.platform.engine.support.hierarchical.NodeTestTask.lambda$executeRecursively$8(NodeTestTask.java:147)
org.junit.platform.engine.support.hierarchical.Node.around(Node.java:137)
org.junit.platform.engine.support.hierarchical.NodeTestTask.lambda$executeRecursively$9(NodeTestTask.java:145)
org.junit.platform.engine.support.hierarchical.ThrowableCollector.execute(ThrowableCollector.java:73)
org.junit.platform.engine.support.hierarchical.NodeTestTask.executeRecursively(NodeTestTask.java:144)
org.junit.platform.engine.support.hierarchical.NodeTestTask.execute(NodeTestTask.java:101)
org.junit.platform.engine.support.hierarchical.ForkJoinPoolHierarchicalTestExecutorService$ExclusiveTask.exec(ForkJoinPoolHierarchicalTestExecutorService.java:274)
org.junit.platform.engine.support.hierarchical.ForkJoinPoolHierarchicalTestExecutorService$ExclusiveTask.execSync(ForkJoinPoolHierarchicalTestExecutorService.java:247)
org.junit.platform.engine.support.hierarchical.ForkJoinPoolHierarchicalTestExecutorService.executeSync(ForkJoinPoolHierarchicalTestExecutorService.java:194)
org.junit.platform.engine.support.hierarchical.ForkJoinPoolHierarchicalTestExecutorService.invokeAll(ForkJoinPoolHierarchicalTestExecutorService.java:166)
org.junit.platform.engine.support.hierarchical.NodeTestTask.lambda$executeRecursively$6(NodeTestTask.java:161)
org.junit.platform.engine.support.hierarchical.ThrowableCollector.execute(ThrowableCollector.java:73)
org.junit.platform.engine.support.hierarchical.NodeTestTask.lambda$executeRecursively$8(NodeTestTask.java:147)
org.junit.platform.engine.support.hierarchical.Node.around(Node.java:137)
org.junit.platform.engine.support.hierarchical.NodeTestTask.lambda$executeRecursively$9(NodeTestTask.java:145)
org.junit.platform.engine.support.hierarchical.ThrowableCollector.execute(ThrowableCollector.java:73)
org.junit.platform.engine.support.hierarchical.NodeTestTask.executeRecursively(NodeTestTask.java:144)
org.junit.platform.engine.support.hierarchical.NodeTestTask.execute(NodeTestTask.java:101)
org.junit.platform.engine.support.hierarchical.ForkJoinPoolHierarchicalTestExecutorService$ExclusiveTask.exec(ForkJoinPoolHierarchicalTestExecutorService.java:274)
org.junit.platform.engine.support.hierarchical.ForkJoinPoolHierarchicalTestExecutorService$ExclusiveTask.execSync(ForkJoinPoolHierarchicalTestExecutorService.java:247)
org.junit.platform.engine.support.hierarchical.ForkJoinPoolHierarchicalTestExecutorService.invokeAll(ForkJoinPoolHierarchicalTestExecutorService.java:159)
org.junit.platform.engine.support.hierarchical.NodeTestTask.lambda$executeRecursively$6(NodeTestTask.java:161)
org.junit.platform.engine.support.hierarchical.ThrowableCollector.execute(ThrowableCollector.java:73)
org.junit.platform.engine.support.hierarchical.NodeTestTask.lambda$executeRecursively$8(NodeTestTask.java:147)
org.junit.platform.engine.support.hierarchical.Node.around(Node.java:137)
org.junit.platform.engine.support.hierarchical.NodeTestTask.lambda$executeRecursively$9(NodeTestTask.java:145)
org.junit.platform.engine.support.hierarchical.ThrowableCollector.execute(ThrowableCollector.java:73)
org.junit.platform.engine.support.hierarchical.NodeTestTask.executeRecursively(NodeTestTask.java:144)
org.junit.platform.engine.support.hierarchical.NodeTestTask.execute(NodeTestTask.java:101)
org.junit.platform.engine.support.hierarchical.ForkJoinPoolHierarchicalTestExecutorService$ExclusiveTask.exec(ForkJoinPoolHierarchicalTestExecutorService.java:274)
java.base/java.util.concurrent.ForkJoinTask.doExec(ForkJoinTask.java:387)
java.base/java.util.concurrent.ForkJoinPool$WorkQueue.topLevelExec(ForkJoinPool.java:1312)
java.base/java.util.concurrent.ForkJoinPool.scan(ForkJoinPool.java:1843)
java.base/java.util.concurrent.ForkJoinPool.runWorker(ForkJoinPool.java:1808)
java.base/java.util.concurrent.ForkJoinWorkerThread.run(ForkJoinWorkerThread.java:188)

]]></system-out>
  </testcase>
</testsuite>