<?xml version="1.0" encoding="UTF-8"?>
<testsuite xmlns:xsi="http://www.w3.org/2001/XMLSchema-instance" xsi:noNamespaceSchemaLocation="https://maven.apache.org/surefire/maven-surefire-plugin/xsd/surefire-test-report.xsd" name="org.apache.hadoop.ozone.om.TestOMRatisSnapshots" time="122.43" tests="3" errors="0" skipped="0" failures="1">
  <properties>
    <property name="awt.toolkit" value="sun.awt.X11.XToolkit"/>
    <property name="file.encoding.pkg" value="sun.io"/>
    <property name="java.specification.version" value="1.8"/>
    <property name="sun.cpu.isalist" value=""/>
    <property name="sun.jnu.encoding" value="ANSI_X3.4-1968"/>
    <property name="java.class.path" value="/github/workspace/mnt/ozone/hadoop-ozone/integration-test/target/test-classes:/github/workspace/mnt/ozone/hadoop-ozone/integration-test/target/classes:/home/user/.m2/repository/org/apache/hadoop/hadoop-ozone-common/1.1.0-SNAPSHOT/hadoop-ozone-common-1.1.0-SNAPSHOT.jar:/home/user/.m2/repository/org/apache/commons/commons-compress/1.4.1/commons-compress-1.4.1.jar:/home/user/.m2/repository/org/tukaani/xz/1.0/xz-1.0.jar:/home/user/.m2/repository/org/apache/hadoop/hadoop-hdds-common/1.1.0-SNAPSHOT/hadoop-hdds-common-1.1.0-SNAPSHOT.jar:/home/user/.m2/repository/org/apache/hadoop/hadoop-hdds-client/1.1.0-SNAPSHOT/hadoop-hdds-client-1.1.0-SNAPSHOT.jar:/home/user/.m2/repository/org/apache/hadoop/hadoop-ozone-interface-client/1.1.0-SNAPSHOT/hadoop-ozone-interface-client-1.1.0-SNAPSHOT.jar:/home/user/.m2/repository/org/apache/hadoop/hadoop-hdds-test-utils/1.1.0-SNAPSHOT/hadoop-hdds-test-utils-1.1.0-SNAPSHOT.jar:/home/user/.m2/repository/com/google/guava/guava/28.2-jre/guava-28.2-jre.jar:/home/user/.m2/repository/com/google/guava/failureaccess/1.0.1/failureaccess-1.0.1.jar:/home/user/.m2/repository/com/google/guava/listenablefuture/9999.0-empty-to-avoid-conflict-with-guava/listenablefuture-9999.0-empty-to-avoid-conflict-with-guava.jar:/home/user/.m2/repository/com/google/code/findbugs/jsr305/3.0.0/jsr305-3.0.0.jar:/home/user/.m2/repository/org/checkerframework/checker-qual/2.10.0/checker-qual-2.10.0.jar:/home/user/.m2/repository/com/google/errorprone/error_prone_annotations/2.2.0/error_prone_annotations-2.2.0.jar:/home/user/.m2/repository/com/google/j2objc/j2objc-annotations/1.3/j2objc-annotations-1.3.jar:/home/user/.m2/repository/commons-io/commons-io/2.5/commons-io-2.5.jar:/home/user/.m2/repository/commons-logging/commons-logging/1.2/commons-logging-1.2.jar:/home/user/.m2/repository/log4j/log4j/1.2.17/log4j-1.2.17.jar:/home/user/.m2/repository/org/slf4j/slf4j-api/1.7.30/slf4j-api-1.7.30.jar:/home/user/.m2/repository/org/apache/hadoop/hadoop-hdds-server-scm/1.1.0-SNAPSHOT/hadoop-hdds-server-scm-1.1.0-SNAPSHOT.jar:/home/user/.m2/repository/org/apache/hadoop/hadoop-hdds-container-service/1.1.0-SNAPSHOT/hadoop-hdds-container-service-1.1.0-SNAPSHOT.jar:/home/user/.m2/repository/org/apache/hadoop/hadoop-hdds-hadoop-dependency-server/1.1.0-SNAPSHOT/hadoop-hdds-hadoop-dependency-server-1.1.0-SNAPSHOT.jar:/home/user/.m2/repository/org/apache/hadoop/hadoop-hdfs/3.2.1/hadoop-hdfs-3.2.1.jar:/home/user/.m2/repository/org/apache/hadoop/hadoop-hdds-server-framework/1.1.0-SNAPSHOT/hadoop-hdds-server-framework-1.1.0-SNAPSHOT.jar:/home/user/.m2/repository/org/apache/hadoop/hadoop-hdds-interface-server/1.1.0-SNAPSHOT/hadoop-hdds-interface-server-1.1.0-SNAPSHOT.jar:/home/user/.m2/repository/org/apache/hadoop/hadoop-hdds-interface-admin/1.1.0-SNAPSHOT/hadoop-hdds-interface-admin-1.1.0-SNAPSHOT.jar:/home/user/.m2/repository/org/eclipse/jetty/jetty-servlet/9.4.34.v20201102/jetty-servlet-9.4.34.v20201102.jar:/home/user/.m2/repository/org/eclipse/jetty/jetty-security/9.4.34.v20201102/jetty-security-9.4.34.v20201102.jar:/home/user/.m2/repository/org/rocksdb/rocksdbjni/6.8.1/rocksdbjni-6.8.1.jar:/home/user/.m2/repository/io/prometheus/simpleclient_dropwizard/0.7.0/simpleclient_dropwizard-0.7.0.jar:/home/user/.m2/repository/io/prometheus/simpleclient/0.7.0/simpleclient-0.7.0.jar:/home/user/.m2/repository/io/prometheus/simpleclient_common/0.7.0/simpleclient_common-0.7.0.jar:/home/user/.m2/repository/com/fasterxml/jackson/datatype/jackson-datatype-jsr310/2.10.3/jackson-datatype-jsr310-2.10.3.jar:/home/user/.m2/repository/io/dropwizard/metrics/metrics-core/3.2.4/metrics-core-3.2.4.jar:/home/user/.m2/repository/org/apache/hadoop/hadoop-hdfs-client/3.2.1/hadoop-hdfs-client-3.2.1.jar:/home/user/.m2/repository/org/bouncycastle/bcprov-jdk15on/1.67/bcprov-jdk15on-1.67.jar:/home/user/.m2/repository/org/apache/hadoop/hadoop-ozone-ozone-manager/1.1.0-SNAPSHOT/hadoop-ozone-ozone-manager-1.1.0-SNAPSHOT.jar:/home/user/.m2/repository/org/apache/hadoop/hadoop-hdds-interface-client/1.1.0-SNAPSHOT/hadoop-hdds-interface-client-1.1.0-SNAPSHOT.jar:/home/user/.m2/repository/org/apache/ratis/ratis-thirdparty-misc/0.6.0-SNAPSHOT/ratis-thirdparty-misc-0.6.0-SNAPSHOT.jar:/home/user/.m2/repository/org/apache/hadoop/hadoop-ozone-interface-storage/1.1.0-SNAPSHOT/hadoop-ozone-interface-storage-1.1.0-SNAPSHOT.jar:/home/user/.m2/repository/org/apache/hadoop/hadoop-minikdc/3.2.1/hadoop-minikdc-3.2.1.jar:/home/user/.m2/repository/org/apache/kerby/kerb-simplekdc/1.0.1/kerb-simplekdc-1.0.1.jar:/home/user/.m2/repository/org/apache/kerby/kerb-client/1.0.1/kerb-client-1.0.1.jar:/home/user/.m2/repository/org/apache/kerby/kerby-config/1.0.1/kerby-config-1.0.1.jar:/home/user/.m2/repository/org/apache/kerby/kerb-core/1.0.1/kerb-core-1.0.1.jar:/home/user/.m2/repository/org/apache/kerby/kerby-pkix/1.0.1/kerby-pkix-1.0.1.jar:/home/user/.m2/repository/org/apache/kerby/kerby-asn1/1.0.1/kerby-asn1-1.0.1.jar:/home/user/.m2/repository/org/apache/kerby/kerby-util/1.0.1/kerby-util-1.0.1.jar:/home/user/.m2/repository/org/apache/kerby/kerb-common/1.0.1/kerb-common-1.0.1.jar:/home/user/.m2/repository/org/apache/kerby/kerb-crypto/1.0.1/kerb-crypto-1.0.1.jar:/home/user/.m2/repository/org/apache/kerby/kerb-util/1.0.1/kerb-util-1.0.1.jar:/home/user/.m2/repository/org/apache/kerby/token-provider/1.0.1/token-provider-1.0.1.jar:/home/user/.m2/repository/org/apache/kerby/kerb-admin/1.0.1/kerb-admin-1.0.1.jar:/home/user/.m2/repository/org/apache/kerby/kerb-server/1.0.1/kerb-server-1.0.1.jar:/home/user/.m2/repository/org/apache/kerby/kerb-identity/1.0.1/kerb-identity-1.0.1.jar:/home/user/.m2/repository/org/apache/kerby/kerby-xdr/1.0.1/kerby-xdr-1.0.1.jar:/home/user/.m2/repository/org/slf4j/slf4j-log4j12/1.7.30/slf4j-log4j12-1.7.30.jar:/home/user/.m2/repository/org/apache/hadoop/hadoop-ozone-s3gateway/1.1.0-SNAPSHOT/hadoop-ozone-s3gateway-1.1.0-SNAPSHOT.jar:/home/user/.m2/repository/org/jboss/weld/servlet/weld-servlet/2.4.7.Final/weld-servlet-2.4.7.Final.jar:/home/user/.m2/repository/org/glassfish/jersey/containers/jersey-container-servlet-core/2.27/jersey-container-servlet-core-2.27.jar:/home/user/.m2/repository/org/glassfish/hk2/external/javax.inject/2.5.0-b42/javax.inject-2.5.0-b42.jar:/home/user/.m2/repository/org/glassfish/jersey/core/jersey-common/2.27/jersey-common-2.27.jar:/home/user/.m2/repository/org/glassfish/hk2/osgi-resource-locator/1.0.1/osgi-resource-locator-1.0.1.jar:/home/user/.m2/repository/javax/ws/rs/javax.ws.rs-api/2.1/javax.ws.rs-api-2.1.jar:/home/user/.m2/repository/org/glassfish/jersey/ext/cdi/jersey-cdi1x/2.27/jersey-cdi1x-2.27.jar:/home/user/.m2/repository/org/glassfish/jersey/inject/jersey-hk2/2.27/jersey-hk2-2.27.jar:/home/user/.m2/repository/org/glassfish/hk2/hk2-locator/2.5.0-b42/hk2-locator-2.5.0-b42.jar:/home/user/.m2/repository/org/javassist/javassist/3.22.0-CR2/javassist-3.22.0-CR2.jar:/home/user/.m2/repository/org/glassfish/hk2/hk2-api/2.5.0/hk2-api-2.5.0.jar:/home/user/.m2/repository/org/glassfish/hk2/external/jakarta.inject/2.5.0/jakarta.inject-2.5.0.jar:/home/user/.m2/repository/org/glassfish/hk2/hk2-utils/2.5.0/hk2-utils-2.5.0.jar:/home/user/.m2/repository/jakarta/annotation/jakarta.annotation-api/1.3.4/jakarta.annotation-api-1.3.4.jar:/home/user/.m2/repository/org/glassfish/hk2/external/aopalliance-repackaged/2.5.0/aopalliance-repackaged-2.5.0.jar:/home/user/.m2/repository/com/fasterxml/jackson/dataformat/jackson-dataformat-xml/2.10.3/jackson-dataformat-xml-2.10.3.jar:/home/user/.m2/repository/com/fasterxml/jackson/core/jackson-core/2.10.3/jackson-core-2.10.3.jar:/home/user/.m2/repository/com/fasterxml/jackson/module/jackson-module-jaxb-annotations/2.10.3/jackson-module-jaxb-annotations-2.10.3.jar:/home/user/.m2/repository/jakarta/xml/bind/jakarta.xml.bind-api/2.3.2/jakarta.xml.bind-api-2.3.2.jar:/home/user/.m2/repository/jakarta/activation/jakarta.activation-api/1.2.1/jakarta.activation-api-1.2.1.jar:/home/user/.m2/repository/org/codehaus/woodstox/stax2-api/3.1.4/stax2-api-3.1.4.jar:/home/user/.m2/repository/com/fasterxml/woodstox/woodstox-core/5.0.3/woodstox-core-5.0.3.jar:/home/user/.m2/repository/javax/enterprise/cdi-api/1.2/cdi-api-1.2.jar:/home/user/.m2/repository/javax/el/javax.el-api/3.0.0/javax.el-api-3.0.0.jar:/home/user/.m2/repository/javax/interceptor/javax.interceptor-api/1.2/javax.interceptor-api-1.2.jar:/home/user/.m2/repository/javax/inject/javax.inject/1/javax.inject-1.jar:/home/user/.m2/repository/com/sun/xml/bind/jaxb-impl/2.3.0.1/jaxb-impl-2.3.0.1.jar:/home/user/.m2/repository/com/sun/xml/bind/jaxb-core/2.3.0.1/jaxb-core-2.3.0.1.jar:/home/user/.m2/repository/javax/xml/bind/jaxb-api/2.3.0/jaxb-api-2.3.0.jar:/home/user/.m2/repository/javax/activation/activation/1.1.1/activation-1.1.1.jar:/home/user/.m2/repository/org/apache/hadoop/hadoop-ozone-csi/1.1.0-SNAPSHOT/hadoop-ozone-csi-1.1.0-SNAPSHOT.jar:/home/user/.m2/repository/com/google/protobuf/protobuf-java-util/3.11.0/protobuf-java-util-3.11.0.jar:/home/user/.m2/repository/com/google/code/gson/gson/2.2.4/gson-2.2.4.jar:/home/user/.m2/repository/org/apache/hadoop/hadoop-hdds-config/1.1.0-SNAPSHOT/hadoop-hdds-config-1.1.0-SNAPSHOT.jar:/home/user/.m2/repository/com/google/protobuf/protobuf-java/2.5.0/protobuf-java-2.5.0.jar:/home/user/.m2/repository/io/grpc/grpc-netty/1.29.0/grpc-netty-1.29.0.jar:/home/user/.m2/repository/io/grpc/grpc-core/1.29.0/grpc-core-1.29.0.jar:/home/user/.m2/repository/com/google/android/annotations/4.1.1.4/annotations-4.1.1.4.jar:/home/user/.m2/repository/io/perfmark/perfmark-api/0.19.0/perfmark-api-0.19.0.jar:/home/user/.m2/repository/io/netty/netty-codec-http2/4.1.48.Final/netty-codec-http2-4.1.48.Final.jar:/home/user/.m2/repository/io/netty/netty-codec/4.1.48.Final/netty-codec-4.1.48.Final.jar:/home/user/.m2/repository/io/netty/netty-handler/4.1.48.Final/netty-handler-4.1.48.Final.jar:/home/user/.m2/repository/io/netty/netty-codec-http/4.1.48.Final/netty-codec-http-4.1.48.Final.jar:/home/user/.m2/repository/io/netty/netty-handler-proxy/4.1.48.Final/netty-handler-proxy-4.1.48.Final.jar:/home/user/.m2/repository/io/netty/netty-codec-socks/4.1.48.Final/netty-codec-socks-4.1.48.Final.jar:/home/user/.m2/repository/io/netty/netty-transport-native-epoll/4.1.48.Final/netty-transport-native-epoll-4.1.48.Final.jar:/home/user/.m2/repository/io/netty/netty-common/4.1.48.Final/netty-common-4.1.48.Final.jar:/home/user/.m2/repository/io/netty/netty-buffer/4.1.48.Final/netty-buffer-4.1.48.Final.jar:/home/user/.m2/repository/io/netty/netty-transport/4.1.48.Final/netty-transport-4.1.48.Final.jar:/home/user/.m2/repository/io/netty/netty-resolver/4.1.48.Final/netty-resolver-4.1.48.Final.jar:/home/user/.m2/repository/io/netty/netty-transport-native-unix-common/4.1.48.Final/netty-transport-native-unix-common-4.1.48.Final.jar:/home/user/.m2/repository/io/grpc/grpc-protobuf/1.29.0/grpc-protobuf-1.29.0.jar:/home/user/.m2/repository/io/grpc/grpc-api/1.29.0/grpc-api-1.29.0.jar:/home/user/.m2/repository/io/grpc/grpc-context/1.29.0/grpc-context-1.29.0.jar:/home/user/.m2/repository/org/codehaus/mojo/animal-sniffer-annotations/1.18/animal-sniffer-annotations-1.18.jar:/home/user/.m2/repository/com/google/api/grpc/proto-google-common-protos/1.17.0/proto-google-common-protos-1.17.0.jar:/home/user/.m2/repository/io/grpc/grpc-protobuf-lite/1.29.0/grpc-protobuf-lite-1.29.0.jar:/home/user/.m2/repository/io/grpc/grpc-stub/1.29.0/grpc-stub-1.29.0.jar:/home/user/.m2/repository/org/apache/hadoop/hadoop-ozone-recon/1.1.0-SNAPSHOT/hadoop-ozone-recon-1.1.0-SNAPSHOT.jar:/home/user/.m2/repository/org/apache/hadoop/hadoop-ozone-reconcodegen/1.1.0-SNAPSHOT/hadoop-ozone-reconcodegen-1.1.0-SNAPSHOT.jar:/home/user/.m2/repository/com/google/inject/extensions/guice-multibindings/4.0/guice-multibindings-4.0.jar:/home/user/.m2/repository/com/google/inject/guice/4.0/guice-4.0.jar:/home/user/.m2/repository/aopalliance/aopalliance/1.0/aopalliance-1.0.jar:/home/user/.m2/repository/com/google/inject/extensions/guice-assistedinject/4.0/guice-assistedinject-4.0.jar:/home/user/.m2/repository/com/google/inject/extensions/guice-servlet/4.0/guice-servlet-4.0.jar:/home/user/.m2/repository/org/glassfish/jersey/containers/jersey-container-servlet/2.27/jersey-container-servlet-2.27.jar:/home/user/.m2/repository/org/glassfish/hk2/guice-bridge/2.5.0/guice-bridge-2.5.0.jar:/home/user/.m2/repository/org/glassfish/jersey/core/jersey-server/2.27/jersey-server-2.27.jar:/home/user/.m2/repository/org/glassfish/jersey/core/jersey-client/2.27/jersey-client-2.27.jar:/home/user/.m2/repository/org/glassfish/jersey/media/jersey-media-jaxb/2.27/jersey-media-jaxb-2.27.jar:/home/user/.m2/repository/javax/validation/validation-api/1.1.0.Final/validation-api-1.1.0.Final.jar:/home/user/.m2/repository/org/glassfish/jersey/media/jersey-media-json-jackson/2.27/jersey-media-json-jackson-2.27.jar:/home/user/.m2/repository/org/glassfish/jersey/ext/jersey-entity-filtering/2.27/jersey-entity-filtering-2.27.jar:/home/user/.m2/repository/org/jooq/jooq/3.11.10/jooq-3.11.10.jar:/home/user/.m2/repository/org/jooq/jooq-meta/3.11.10/jooq-meta-3.11.10.jar:/home/user/.m2/repository/org/jooq/jooq-codegen/3.11.10/jooq-codegen-3.11.10.jar:/home/user/.m2/repository/com/jolbox/bonecp/0.8.0.RELEASE/bonecp-0.8.0.RELEASE.jar:/home/user/.m2/repository/org/apache/derby/derby/10.14.2.0/derby-10.14.2.0.jar:/home/user/.m2/repository/org/xerial/sqlite-jdbc/3.25.2/sqlite-jdbc-3.25.2.jar:/home/user/.m2/repository/org/springframework/spring-jdbc/5.2.11.RELEASE/spring-jdbc-5.2.11.RELEASE.jar:/home/user/.m2/repository/org/springframework/spring-beans/5.2.11.RELEASE/spring-beans-5.2.11.RELEASE.jar:/home/user/.m2/repository/org/springframework/spring-core/5.2.11.RELEASE/spring-core-5.2.11.RELEASE.jar:/home/user/.m2/repository/org/springframework/spring-jcl/5.2.11.RELEASE/spring-jcl-5.2.11.RELEASE.jar:/home/user/.m2/repository/org/springframework/spring-tx/5.2.11.RELEASE/spring-tx-5.2.11.RELEASE.jar:/home/user/.m2/repository/org/apache/hadoop/hadoop-ozone-client/1.1.0-SNAPSHOT/hadoop-ozone-client-1.1.0-SNAPSHOT.jar:/home/user/.m2/repository/org/apache/hadoop/hadoop-ozone-filesystem/1.1.0-SNAPSHOT/hadoop-ozone-filesystem-1.1.0-SNAPSHOT.jar:/home/user/.m2/repository/org/apache/hadoop/hadoop-ozone-filesystem-common/1.1.0-SNAPSHOT/hadoop-ozone-filesystem-common-1.1.0-SNAPSHOT.jar:/home/user/.m2/repository/org/apache/hadoop/hadoop-ozone-tools/1.1.0-SNAPSHOT/hadoop-ozone-tools-1.1.0-SNAPSHOT.jar:/home/user/.m2/repository/org/apache/ratis/ratis-tools/1.1.0-35f17fa-SNAPSHOT/ratis-tools-1.1.0-35f17fa-SNAPSHOT.jar:/home/user/.m2/repository/org/apache/ratis/ratis-proto/1.1.0-35f17fa-SNAPSHOT/ratis-proto-1.1.0-35f17fa-SNAPSHOT.jar:/home/user/.m2/repository/org/apache/ratis/ratis-common/1.1.0-35f17fa-SNAPSHOT/ratis-common-1.1.0-35f17fa-SNAPSHOT.jar:/home/user/.m2/repository/com/amazonaws/aws-java-sdk-core/1.11.901/aws-java-sdk-core-1.11.901.jar:/home/user/.m2/repository/org/apache/httpcomponents/httpclient/4.5.13/httpclient-4.5.13.jar:/home/user/.m2/repository/org/apache/httpcomponents/httpcore/4.4.13/httpcore-4.4.13.jar:/home/user/.m2/repository/software/amazon/ion/ion-java/1.0.2/ion-java-1.0.2.jar:/home/user/.m2/repository/com/fasterxml/jackson/dataformat/jackson-dataformat-cbor/2.10.3/jackson-dataformat-cbor-2.10.3.jar:/home/user/.m2/repository/joda-time/joda-time/2.8.1/joda-time-2.8.1.jar:/home/user/.m2/repository/com/amazonaws/aws-java-sdk-s3/1.11.901/aws-java-sdk-s3-1.11.901.jar:/home/user/.m2/repository/com/amazonaws/aws-java-sdk-kms/1.11.901/aws-java-sdk-kms-1.11.901.jar:/home/user/.m2/repository/com/amazonaws/jmespath-java/1.11.901/jmespath-java-1.11.901.jar:/home/user/.m2/repository/org/kohsuke/metainf-services/metainf-services/1.8/metainf-services-1.8.jar:/home/user/.m2/repository/org/apache/hadoop/hadoop-hdds-tools/1.1.0-SNAPSHOT/hadoop-hdds-tools-1.1.0-SNAPSHOT.jar:/home/user/.m2/repository/commons-cli/commons-cli/1.2/commons-cli-1.2.jar:/home/user/.m2/repository/org/apache/commons/commons-lang3/3.7/commons-lang3-3.7.jar:/home/user/.m2/repository/org/apache/hadoop/hadoop-ozone-ozone-manager/1.1.0-SNAPSHOT/hadoop-ozone-ozone-manager-1.1.0-SNAPSHOT-tests.jar:/home/user/.m2/repository/org/apache/hadoop/hadoop-hdds-common/1.1.0-SNAPSHOT/hadoop-hdds-common-1.1.0-SNAPSHOT-tests.jar:/home/user/.m2/repository/org/apache/hadoop/hadoop-hdds-hadoop-dependency-client/1.1.0-SNAPSHOT/hadoop-hdds-hadoop-dependency-client-1.1.0-SNAPSHOT.jar:/home/user/.m2/repository/info/picocli/picocli/4.4.0/picocli-4.4.0.jar:/home/user/.m2/repository/com/fasterxml/jackson/core/jackson-annotations/2.10.3/jackson-annotations-2.10.3.jar:/home/user/.m2/repository/javax/annotation/javax.annotation-api/1.2/javax.annotation-api-1.2.jar:/home/user/.m2/repository/org/fusesource/leveldbjni/leveldbjni-all/1.8/leveldbjni-all-1.8.jar:/home/user/.m2/repository/org/apache/ratis/ratis-server/1.1.0-35f17fa-SNAPSHOT/ratis-server-1.1.0-35f17fa-SNAPSHOT.jar:/home/user/.m2/repository/org/apache/ratis/ratis-client/1.1.0-35f17fa-SNAPSHOT/ratis-client-1.1.0-35f17fa-SNAPSHOT.jar:/home/user/.m2/repository/org/apache/ratis/ratis-server-api/1.1.0-35f17fa-SNAPSHOT/ratis-server-api-1.1.0-35f17fa-SNAPSHOT.jar:/home/user/.m2/repository/org/apache/ratis/ratis-metrics/1.1.0-35f17fa-SNAPSHOT/ratis-metrics-1.1.0-35f17fa-SNAPSHOT.jar:/home/user/.m2/repository/org/apache/ratis/ratis-netty/1.1.0-35f17fa-SNAPSHOT/ratis-netty-1.1.0-35f17fa-SNAPSHOT.jar:/home/user/.m2/repository/org/apache/ratis/ratis-grpc/1.1.0-35f17fa-SNAPSHOT/ratis-grpc-1.1.0-35f17fa-SNAPSHOT.jar:/home/user/.m2/repository/org/apache/logging/log4j/log4j-api/2.13.3/log4j-api-2.13.3.jar:/home/user/.m2/repository/org/apache/logging/log4j/log4j-core/2.13.3/log4j-core-2.13.3.jar:/home/user/.m2/repository/com/lmax/disruptor/3.4.2/disruptor-3.4.2.jar:/home/user/.m2/repository/org/apache/commons/commons-pool2/2.6.0/commons-pool2-2.6.0.jar:/home/user/.m2/repository/org/bouncycastle/bcpkix-jdk15on/1.67/bcpkix-jdk15on-1.67.jar:/home/user/.m2/repository/commons-validator/commons-validator/1.6/commons-validator-1.6.jar:/home/user/.m2/repository/commons-beanutils/commons-beanutils/1.9.4/commons-beanutils-1.9.4.jar:/home/user/.m2/repository/commons-digester/commons-digester/1.8.1/commons-digester-1.8.1.jar:/home/user/.m2/repository/commons-collections/commons-collections/3.2.2/commons-collections-3.2.2.jar:/home/user/.m2/repository/io/jaegertracing/jaeger-client/1.2.0/jaeger-client-1.2.0.jar:/home/user/.m2/repository/io/jaegertracing/jaeger-thrift/1.2.0/jaeger-thrift-1.2.0.jar:/home/user/.m2/repository/org/apache/thrift/libthrift/0.13.0/libthrift-0.13.0.jar:/home/user/.m2/repository/com/squareup/okhttp3/okhttp/4.2.2/okhttp-4.2.2.jar:/home/user/.m2/repository/com/squareup/okio/okio/2.2.2/okio-2.2.2.jar:/home/user/.m2/repository/org/jetbrains/kotlin/kotlin-stdlib/1.3.50/kotlin-stdlib-1.3.50.jar:/home/user/.m2/repository/org/jetbrains/kotlin/kotlin-stdlib-common/1.3.50/kotlin-stdlib-common-1.3.50.jar:/home/user/.m2/repository/org/jetbrains/annotations/13.0/annotations-13.0.jar:/home/user/.m2/repository/io/jaegertracing/jaeger-core/1.2.0/jaeger-core-1.2.0.jar:/home/user/.m2/repository/io/jaegertracing/jaeger-tracerresolver/1.2.0/jaeger-tracerresolver-1.2.0.jar:/home/user/.m2/repository/io/opentracing/contrib/opentracing-tracerresolver/0.1.8/opentracing-tracerresolver-0.1.8.jar:/home/user/.m2/repository/io/opentracing/opentracing-util/0.33.0/opentracing-util-0.33.0.jar:/home/user/.m2/repository/io/opentracing/opentracing-api/0.33.0/opentracing-api-0.33.0.jar:/home/user/.m2/repository/io/opentracing/opentracing-noop/0.33.0/opentracing-noop-0.33.0.jar:/home/user/.m2/repository/org/yaml/snakeyaml/1.26/snakeyaml-1.26.jar:/home/user/.m2/repository/junit/junit/4.11/junit-4.11.jar:/home/user/.m2/repository/org/hamcrest/hamcrest-core/1.3/hamcrest-core-1.3.jar:/home/user/.m2/repository/org/openjdk/jmh/jmh-core/1.19/jmh-core-1.19.jar:/home/user/.m2/repository/net/sf/jopt-simple/jopt-simple/4.6/jopt-simple-4.6.jar:/home/user/.m2/repository/org/apache/commons/commons-math3/3.1.1/commons-math3-3.1.1.jar:/home/user/.m2/repository/org/openjdk/jmh/jmh-generator-annprocess/1.19/jmh-generator-annprocess-1.19.jar:/home/user/.m2/repository/org/mockito/mockito-all/1.8.5/mockito-all-1.8.5.jar:/home/user/.m2/repository/org/apache/hadoop/hadoop-kms/3.2.1/hadoop-kms-3.2.1.jar:/home/user/.m2/repository/org/apache/hadoop/hadoop-auth/3.2.1/hadoop-auth-3.2.1.jar:/home/user/.m2/repository/com/nimbusds/nimbus-jose-jwt/7.9/nimbus-jose-jwt-7.9.jar:/home/user/.m2/repository/com/github/stephenc/jcip/jcip-annotations/1.0-1/jcip-annotations-1.0-1.jar:/home/user/.m2/repository/net/minidev/json-smart/2.3/json-smart-2.3.jar:/home/user/.m2/repository/net/minidev/accessors-smart/1.2/accessors-smart-1.2.jar:/home/user/.m2/repository/org/ow2/asm/asm/5.0.4/asm-5.0.4.jar:/home/user/.m2/repository/org/apache/zookeeper/zookeeper/3.4.13/zookeeper-3.4.13.jar:/home/user/.m2/repository/org/apache/yetus/audience-annotations/0.5.0/audience-annotations-0.5.0.jar:/home/user/.m2/repository/org/apache/curator/curator-framework/2.13.0/curator-framework-2.13.0.jar:/home/user/.m2/repository/com/sun/jersey/jersey-core/1.19/jersey-core-1.19.jar:/home/user/.m2/repository/javax/ws/rs/jsr311-api/1.1.1/jsr311-api-1.1.1.jar:/home/user/.m2/repository/com/sun/jersey/jersey-server/1.19/jersey-server-1.19.jar:/home/user/.m2/repository/javax/servlet/javax.servlet-api/3.1.0/javax.servlet-api-3.1.0.jar:/home/user/.m2/repository/org/eclipse/jetty/jetty-server/9.4.34.v20201102/jetty-server-9.4.34.v20201102.jar:/home/user/.m2/repository/org/eclipse/jetty/jetty-http/9.4.34.v20201102/jetty-http-9.4.34.v20201102.jar:/home/user/.m2/repository/org/eclipse/jetty/jetty-io/9.4.34.v20201102/jetty-io-9.4.34.v20201102.jar:/home/user/.m2/repository/org/eclipse/jetty/jetty-webapp/9.4.34.v20201102/jetty-webapp-9.4.34.v20201102.jar:/home/user/.m2/repository/org/eclipse/jetty/jetty-xml/9.4.34.v20201102/jetty-xml-9.4.34.v20201102.jar:/home/user/.m2/repository/org/apache/hadoop/hadoop-common/3.2.1/hadoop-common-3.2.1.jar:/home/user/.m2/repository/commons-net/commons-net/3.6/commons-net-3.6.jar:/home/user/.m2/repository/com/sun/jersey/jersey-servlet/1.19/jersey-servlet-1.19.jar:/home/user/.m2/repository/com/sun/jersey/jersey-json/1.19/jersey-json-1.19.jar:/home/user/.m2/repository/org/codehaus/jettison/jettison/1.1/jettison-1.1.jar:/home/user/.m2/repository/org/codehaus/jackson/jackson-jaxrs/1.9.2/jackson-jaxrs-1.9.2.jar:/home/user/.m2/repository/org/codehaus/jackson/jackson-xc/1.9.2/jackson-xc-1.9.2.jar:/home/user/.m2/repository/org/apache/commons/commons-configuration2/2.1.1/commons-configuration2-2.1.1.jar:/home/user/.m2/repository/org/apache/commons/commons-text/1.4/commons-text-1.4.jar:/home/user/.m2/repository/com/google/re2j/re2j/1.1/re2j-1.1.jar:/home/user/.m2/repository/com/jcraft/jsch/0.1.54/jsch-0.1.54.jar:/home/user/.m2/repository/org/apache/curator/curator-client/2.13.0/curator-client-2.13.0.jar:/home/user/.m2/repository/org/apache/curator/curator-recipes/2.13.0/curator-recipes-2.13.0.jar:/home/user/.m2/repository/dnsjava/dnsjava/2.1.7/dnsjava-2.1.7.jar:/home/user/.m2/repository/org/slf4j/jul-to-slf4j/1.7.30/jul-to-slf4j-1.7.30.jar:/home/user/.m2/repository/org/eclipse/jetty/jetty-util/9.4.34.v20201102/jetty-util-9.4.34.v20201102.jar:/home/user/.m2/repository/com/fasterxml/jackson/core/jackson-databind/2.10.3/jackson-databind-2.10.3.jar:/home/user/.m2/repository/org/apache/hadoop/hadoop-kms/3.2.1/hadoop-kms-3.2.1-tests.jar:/home/user/.m2/repository/org/apache/hadoop/hadoop-hdds-server-scm/1.1.0-SNAPSHOT/hadoop-hdds-server-scm-1.1.0-SNAPSHOT-tests.jar:/home/user/.m2/repository/org/apache/hadoop/hadoop-hdds-container-service/1.1.0-SNAPSHOT/hadoop-hdds-container-service-1.1.0-SNAPSHOT-tests.jar:/home/user/.m2/repository/commons-codec/commons-codec/1.11/commons-codec-1.11.jar:/home/user/.m2/repository/org/apache/hadoop/hadoop-hdds-hadoop-dependency-test/1.1.0-SNAPSHOT/hadoop-hdds-hadoop-dependency-test-1.1.0-SNAPSHOT.jar:/home/user/.m2/repository/org/apache/hadoop/hadoop-common/3.2.1/hadoop-common-3.2.1-tests.jar:/home/user/.m2/repository/org/apache/hadoop/hadoop-hdfs/3.2.1/hadoop-hdfs-3.2.1-tests.jar:/home/user/.m2/repository/org/eclipse/jetty/jetty-util-ajax/9.4.34.v20201102/jetty-util-ajax-9.4.34.v20201102.jar:/home/user/.m2/repository/commons-daemon/commons-daemon/1.0.13/commons-daemon-1.0.13.jar:/home/user/.m2/repository/io/netty/netty/3.10.5.Final/netty-3.10.5.Final.jar:/home/user/.m2/repository/io/netty/netty-all/4.1.48.Final/netty-all-4.1.48.Final.jar:/home/user/.m2/repository/org/apache/htrace/htrace-core4/4.1.0-incubating/htrace-core4-4.1.0-incubating.jar:/home/user/.m2/repository/org/apache/hadoop/hadoop-distcp/3.2.1/hadoop-distcp-3.2.1.jar:/home/user/.m2/repository/org/apache/hadoop/hadoop-mapreduce-client-jobclient/3.2.1/hadoop-mapreduce-client-jobclient-3.2.1.jar:/home/user/.m2/repository/org/apache/hadoop/hadoop-mapreduce-client-common/3.2.1/hadoop-mapreduce-client-common-3.2.1.jar:/home/user/.m2/repository/org/apache/hadoop/hadoop-yarn-common/3.2.1/hadoop-yarn-common-3.2.1.jar:/home/user/.m2/repository/org/apache/hadoop/hadoop-yarn-api/3.2.1/hadoop-yarn-api-3.2.1.jar:/home/user/.m2/repository/com/sun/jersey/jersey-client/1.19/jersey-client-1.19.jar:/home/user/.m2/repository/com/sun/jersey/contribs/jersey-guice/1.19/jersey-guice-1.19.jar:/home/user/.m2/repository/com/fasterxml/jackson/jaxrs/jackson-jaxrs-json-provider/2.10.3/jackson-jaxrs-json-provider-2.10.3.jar:/home/user/.m2/repository/com/fasterxml/jackson/jaxrs/jackson-jaxrs-base/2.10.3/jackson-jaxrs-base-2.10.3.jar:/home/user/.m2/repository/org/apache/hadoop/hadoop-yarn-client/3.2.1/hadoop-yarn-client-3.2.1.jar:/home/user/.m2/repository/org/apache/hadoop/hadoop-mapreduce-client-core/3.2.1/hadoop-mapreduce-client-core-3.2.1.jar:/home/user/.m2/repository/org/apache/avro/avro/1.7.7/avro-1.7.7.jar:/home/user/.m2/repository/org/codehaus/jackson/jackson-core-asl/1.9.13/jackson-core-asl-1.9.13.jar:/home/user/.m2/repository/org/codehaus/jackson/jackson-mapper-asl/1.9.13/jackson-mapper-asl-1.9.13.jar:/home/user/.m2/repository/com/thoughtworks/paranamer/paranamer/2.3/paranamer-2.3.jar:/home/user/.m2/repository/org/xerial/snappy/snappy-java/1.0.5/snappy-java-1.0.5.jar:/home/user/.m2/repository/org/apache/hadoop/hadoop-annotations/3.2.1/hadoop-annotations-3.2.1.jar:/usr/lib/jvm/java-1.8.0-openjdk-1.8.0.232.b09-0.el7_7.x86_64/jre/../lib/tools.jar:/home/user/.m2/repository/org/apache/hadoop/hadoop-distcp/3.2.1/hadoop-distcp-3.2.1-tests.jar:"/>
    <property name="java.vm.vendor" value="Oracle Corporation"/>
    <property name="sun.arch.data.model" value="64"/>
    <property name="test.build.dir" value="/github/workspace/mnt/ozone/hadoop-ozone/integration-test/target/test-dir"/>
    <property name="test.cache.data" value=""/>
    <property name="java.vendor.url" value="http://java.oracle.com/"/>
    <property name="user.timezone" value=""/>
    <property name="java.vm.specification.version" value="1.8"/>
    <property name="os.name" value="Linux"/>
    <property name="test.build.data" value="/github/workspace/mnt/ozone/hadoop-ozone/integration-test/target/test-dir"/>
    <property name="user.country" value="US"/>
    <property name="sun.java.launcher" value="SUN_STANDARD"/>
    <property name="sun.boot.library.path" value="/usr/lib/jvm/java-1.8.0-openjdk-1.8.0.232.b09-0.el7_7.x86_64/jre/lib/amd64"/>
    <property name="sun.java.command" value="/github/workspace/mnt/ozone/hadoop-ozone/integration-test/target/surefire/surefirebooter8069889824034516394.jar /github/workspace/mnt/ozone/hadoop-ozone/integration-test/target/surefire 2021-01-12T10-22-52_103-jvmRun1 surefire6291285420966673768tmp surefire_222825628860875997883tmp"/>
    <property name="surefire.test.class.path" value="/github/workspace/mnt/ozone/hadoop-ozone/integration-test/target/test-classes:/github/workspace/mnt/ozone/hadoop-ozone/integration-test/target/classes:/home/user/.m2/repository/org/apache/hadoop/hadoop-ozone-common/1.1.0-SNAPSHOT/hadoop-ozone-common-1.1.0-SNAPSHOT.jar:/home/user/.m2/repository/org/apache/commons/commons-compress/1.4.1/commons-compress-1.4.1.jar:/home/user/.m2/repository/org/tukaani/xz/1.0/xz-1.0.jar:/home/user/.m2/repository/org/apache/hadoop/hadoop-hdds-common/1.1.0-SNAPSHOT/hadoop-hdds-common-1.1.0-SNAPSHOT.jar:/home/user/.m2/repository/org/apache/hadoop/hadoop-hdds-client/1.1.0-SNAPSHOT/hadoop-hdds-client-1.1.0-SNAPSHOT.jar:/home/user/.m2/repository/org/apache/hadoop/hadoop-ozone-interface-client/1.1.0-SNAPSHOT/hadoop-ozone-interface-client-1.1.0-SNAPSHOT.jar:/home/user/.m2/repository/org/apache/hadoop/hadoop-hdds-test-utils/1.1.0-SNAPSHOT/hadoop-hdds-test-utils-1.1.0-SNAPSHOT.jar:/home/user/.m2/repository/com/google/guava/guava/28.2-jre/guava-28.2-jre.jar:/home/user/.m2/repository/com/google/guava/failureaccess/1.0.1/failureaccess-1.0.1.jar:/home/user/.m2/repository/com/google/guava/listenablefuture/9999.0-empty-to-avoid-conflict-with-guava/listenablefuture-9999.0-empty-to-avoid-conflict-with-guava.jar:/home/user/.m2/repository/com/google/code/findbugs/jsr305/3.0.0/jsr305-3.0.0.jar:/home/user/.m2/repository/org/checkerframework/checker-qual/2.10.0/checker-qual-2.10.0.jar:/home/user/.m2/repository/com/google/errorprone/error_prone_annotations/2.2.0/error_prone_annotations-2.2.0.jar:/home/user/.m2/repository/com/google/j2objc/j2objc-annotations/1.3/j2objc-annotations-1.3.jar:/home/user/.m2/repository/commons-io/commons-io/2.5/commons-io-2.5.jar:/home/user/.m2/repository/commons-logging/commons-logging/1.2/commons-logging-1.2.jar:/home/user/.m2/repository/log4j/log4j/1.2.17/log4j-1.2.17.jar:/home/user/.m2/repository/org/slf4j/slf4j-api/1.7.30/slf4j-api-1.7.30.jar:/home/user/.m2/repository/org/apache/hadoop/hadoop-hdds-server-scm/1.1.0-SNAPSHOT/hadoop-hdds-server-scm-1.1.0-SNAPSHOT.jar:/home/user/.m2/repository/org/apache/hadoop/hadoop-hdds-container-service/1.1.0-SNAPSHOT/hadoop-hdds-container-service-1.1.0-SNAPSHOT.jar:/home/user/.m2/repository/org/apache/hadoop/hadoop-hdds-hadoop-dependency-server/1.1.0-SNAPSHOT/hadoop-hdds-hadoop-dependency-server-1.1.0-SNAPSHOT.jar:/home/user/.m2/repository/org/apache/hadoop/hadoop-hdfs/3.2.1/hadoop-hdfs-3.2.1.jar:/home/user/.m2/repository/org/apache/hadoop/hadoop-hdds-server-framework/1.1.0-SNAPSHOT/hadoop-hdds-server-framework-1.1.0-SNAPSHOT.jar:/home/user/.m2/repository/org/apache/hadoop/hadoop-hdds-interface-server/1.1.0-SNAPSHOT/hadoop-hdds-interface-server-1.1.0-SNAPSHOT.jar:/home/user/.m2/repository/org/apache/hadoop/hadoop-hdds-interface-admin/1.1.0-SNAPSHOT/hadoop-hdds-interface-admin-1.1.0-SNAPSHOT.jar:/home/user/.m2/repository/org/eclipse/jetty/jetty-servlet/9.4.34.v20201102/jetty-servlet-9.4.34.v20201102.jar:/home/user/.m2/repository/org/eclipse/jetty/jetty-security/9.4.34.v20201102/jetty-security-9.4.34.v20201102.jar:/home/user/.m2/repository/org/rocksdb/rocksdbjni/6.8.1/rocksdbjni-6.8.1.jar:/home/user/.m2/repository/io/prometheus/simpleclient_dropwizard/0.7.0/simpleclient_dropwizard-0.7.0.jar:/home/user/.m2/repository/io/prometheus/simpleclient/0.7.0/simpleclient-0.7.0.jar:/home/user/.m2/repository/io/prometheus/simpleclient_common/0.7.0/simpleclient_common-0.7.0.jar:/home/user/.m2/repository/com/fasterxml/jackson/datatype/jackson-datatype-jsr310/2.10.3/jackson-datatype-jsr310-2.10.3.jar:/home/user/.m2/repository/io/dropwizard/metrics/metrics-core/3.2.4/metrics-core-3.2.4.jar:/home/user/.m2/repository/org/apache/hadoop/hadoop-hdfs-client/3.2.1/hadoop-hdfs-client-3.2.1.jar:/home/user/.m2/repository/org/bouncycastle/bcprov-jdk15on/1.67/bcprov-jdk15on-1.67.jar:/home/user/.m2/repository/org/apache/hadoop/hadoop-ozone-ozone-manager/1.1.0-SNAPSHOT/hadoop-ozone-ozone-manager-1.1.0-SNAPSHOT.jar:/home/user/.m2/repository/org/apache/hadoop/hadoop-hdds-interface-client/1.1.0-SNAPSHOT/hadoop-hdds-interface-client-1.1.0-SNAPSHOT.jar:/home/user/.m2/repository/org/apache/ratis/ratis-thirdparty-misc/0.6.0-SNAPSHOT/ratis-thirdparty-misc-0.6.0-SNAPSHOT.jar:/home/user/.m2/repository/org/apache/hadoop/hadoop-ozone-interface-storage/1.1.0-SNAPSHOT/hadoop-ozone-interface-storage-1.1.0-SNAPSHOT.jar:/home/user/.m2/repository/org/apache/hadoop/hadoop-minikdc/3.2.1/hadoop-minikdc-3.2.1.jar:/home/user/.m2/repository/org/apache/kerby/kerb-simplekdc/1.0.1/kerb-simplekdc-1.0.1.jar:/home/user/.m2/repository/org/apache/kerby/kerb-client/1.0.1/kerb-client-1.0.1.jar:/home/user/.m2/repository/org/apache/kerby/kerby-config/1.0.1/kerby-config-1.0.1.jar:/home/user/.m2/repository/org/apache/kerby/kerb-core/1.0.1/kerb-core-1.0.1.jar:/home/user/.m2/repository/org/apache/kerby/kerby-pkix/1.0.1/kerby-pkix-1.0.1.jar:/home/user/.m2/repository/org/apache/kerby/kerby-asn1/1.0.1/kerby-asn1-1.0.1.jar:/home/user/.m2/repository/org/apache/kerby/kerby-util/1.0.1/kerby-util-1.0.1.jar:/home/user/.m2/repository/org/apache/kerby/kerb-common/1.0.1/kerb-common-1.0.1.jar:/home/user/.m2/repository/org/apache/kerby/kerb-crypto/1.0.1/kerb-crypto-1.0.1.jar:/home/user/.m2/repository/org/apache/kerby/kerb-util/1.0.1/kerb-util-1.0.1.jar:/home/user/.m2/repository/org/apache/kerby/token-provider/1.0.1/token-provider-1.0.1.jar:/home/user/.m2/repository/org/apache/kerby/kerb-admin/1.0.1/kerb-admin-1.0.1.jar:/home/user/.m2/repository/org/apache/kerby/kerb-server/1.0.1/kerb-server-1.0.1.jar:/home/user/.m2/repository/org/apache/kerby/kerb-identity/1.0.1/kerb-identity-1.0.1.jar:/home/user/.m2/repository/org/apache/kerby/kerby-xdr/1.0.1/kerby-xdr-1.0.1.jar:/home/user/.m2/repository/org/slf4j/slf4j-log4j12/1.7.30/slf4j-log4j12-1.7.30.jar:/home/user/.m2/repository/org/apache/hadoop/hadoop-ozone-s3gateway/1.1.0-SNAPSHOT/hadoop-ozone-s3gateway-1.1.0-SNAPSHOT.jar:/home/user/.m2/repository/org/jboss/weld/servlet/weld-servlet/2.4.7.Final/weld-servlet-2.4.7.Final.jar:/home/user/.m2/repository/org/glassfish/jersey/containers/jersey-container-servlet-core/2.27/jersey-container-servlet-core-2.27.jar:/home/user/.m2/repository/org/glassfish/hk2/external/javax.inject/2.5.0-b42/javax.inject-2.5.0-b42.jar:/home/user/.m2/repository/org/glassfish/jersey/core/jersey-common/2.27/jersey-common-2.27.jar:/home/user/.m2/repository/org/glassfish/hk2/osgi-resource-locator/1.0.1/osgi-resource-locator-1.0.1.jar:/home/user/.m2/repository/javax/ws/rs/javax.ws.rs-api/2.1/javax.ws.rs-api-2.1.jar:/home/user/.m2/repository/org/glassfish/jersey/ext/cdi/jersey-cdi1x/2.27/jersey-cdi1x-2.27.jar:/home/user/.m2/repository/org/glassfish/jersey/inject/jersey-hk2/2.27/jersey-hk2-2.27.jar:/home/user/.m2/repository/org/glassfish/hk2/hk2-locator/2.5.0-b42/hk2-locator-2.5.0-b42.jar:/home/user/.m2/repository/org/javassist/javassist/3.22.0-CR2/javassist-3.22.0-CR2.jar:/home/user/.m2/repository/org/glassfish/hk2/hk2-api/2.5.0/hk2-api-2.5.0.jar:/home/user/.m2/repository/org/glassfish/hk2/external/jakarta.inject/2.5.0/jakarta.inject-2.5.0.jar:/home/user/.m2/repository/org/glassfish/hk2/hk2-utils/2.5.0/hk2-utils-2.5.0.jar:/home/user/.m2/repository/jakarta/annotation/jakarta.annotation-api/1.3.4/jakarta.annotation-api-1.3.4.jar:/home/user/.m2/repository/org/glassfish/hk2/external/aopalliance-repackaged/2.5.0/aopalliance-repackaged-2.5.0.jar:/home/user/.m2/repository/com/fasterxml/jackson/dataformat/jackson-dataformat-xml/2.10.3/jackson-dataformat-xml-2.10.3.jar:/home/user/.m2/repository/com/fasterxml/jackson/core/jackson-core/2.10.3/jackson-core-2.10.3.jar:/home/user/.m2/repository/com/fasterxml/jackson/module/jackson-module-jaxb-annotations/2.10.3/jackson-module-jaxb-annotations-2.10.3.jar:/home/user/.m2/repository/jakarta/xml/bind/jakarta.xml.bind-api/2.3.2/jakarta.xml.bind-api-2.3.2.jar:/home/user/.m2/repository/jakarta/activation/jakarta.activation-api/1.2.1/jakarta.activation-api-1.2.1.jar:/home/user/.m2/repository/org/codehaus/woodstox/stax2-api/3.1.4/stax2-api-3.1.4.jar:/home/user/.m2/repository/com/fasterxml/woodstox/woodstox-core/5.0.3/woodstox-core-5.0.3.jar:/home/user/.m2/repository/javax/enterprise/cdi-api/1.2/cdi-api-1.2.jar:/home/user/.m2/repository/javax/el/javax.el-api/3.0.0/javax.el-api-3.0.0.jar:/home/user/.m2/repository/javax/interceptor/javax.interceptor-api/1.2/javax.interceptor-api-1.2.jar:/home/user/.m2/repository/javax/inject/javax.inject/1/javax.inject-1.jar:/home/user/.m2/repository/com/sun/xml/bind/jaxb-impl/2.3.0.1/jaxb-impl-2.3.0.1.jar:/home/user/.m2/repository/com/sun/xml/bind/jaxb-core/2.3.0.1/jaxb-core-2.3.0.1.jar:/home/user/.m2/repository/javax/xml/bind/jaxb-api/2.3.0/jaxb-api-2.3.0.jar:/home/user/.m2/repository/javax/activation/activation/1.1.1/activation-1.1.1.jar:/home/user/.m2/repository/org/apache/hadoop/hadoop-ozone-csi/1.1.0-SNAPSHOT/hadoop-ozone-csi-1.1.0-SNAPSHOT.jar:/home/user/.m2/repository/com/google/protobuf/protobuf-java-util/3.11.0/protobuf-java-util-3.11.0.jar:/home/user/.m2/repository/com/google/code/gson/gson/2.2.4/gson-2.2.4.jar:/home/user/.m2/repository/org/apache/hadoop/hadoop-hdds-config/1.1.0-SNAPSHOT/hadoop-hdds-config-1.1.0-SNAPSHOT.jar:/home/user/.m2/repository/com/google/protobuf/protobuf-java/2.5.0/protobuf-java-2.5.0.jar:/home/user/.m2/repository/io/grpc/grpc-netty/1.29.0/grpc-netty-1.29.0.jar:/home/user/.m2/repository/io/grpc/grpc-core/1.29.0/grpc-core-1.29.0.jar:/home/user/.m2/repository/com/google/android/annotations/4.1.1.4/annotations-4.1.1.4.jar:/home/user/.m2/repository/io/perfmark/perfmark-api/0.19.0/perfmark-api-0.19.0.jar:/home/user/.m2/repository/io/netty/netty-codec-http2/4.1.48.Final/netty-codec-http2-4.1.48.Final.jar:/home/user/.m2/repository/io/netty/netty-codec/4.1.48.Final/netty-codec-4.1.48.Final.jar:/home/user/.m2/repository/io/netty/netty-handler/4.1.48.Final/netty-handler-4.1.48.Final.jar:/home/user/.m2/repository/io/netty/netty-codec-http/4.1.48.Final/netty-codec-http-4.1.48.Final.jar:/home/user/.m2/repository/io/netty/netty-handler-proxy/4.1.48.Final/netty-handler-proxy-4.1.48.Final.jar:/home/user/.m2/repository/io/netty/netty-codec-socks/4.1.48.Final/netty-codec-socks-4.1.48.Final.jar:/home/user/.m2/repository/io/netty/netty-transport-native-epoll/4.1.48.Final/netty-transport-native-epoll-4.1.48.Final.jar:/home/user/.m2/repository/io/netty/netty-common/4.1.48.Final/netty-common-4.1.48.Final.jar:/home/user/.m2/repository/io/netty/netty-buffer/4.1.48.Final/netty-buffer-4.1.48.Final.jar:/home/user/.m2/repository/io/netty/netty-transport/4.1.48.Final/netty-transport-4.1.48.Final.jar:/home/user/.m2/repository/io/netty/netty-resolver/4.1.48.Final/netty-resolver-4.1.48.Final.jar:/home/user/.m2/repository/io/netty/netty-transport-native-unix-common/4.1.48.Final/netty-transport-native-unix-common-4.1.48.Final.jar:/home/user/.m2/repository/io/grpc/grpc-protobuf/1.29.0/grpc-protobuf-1.29.0.jar:/home/user/.m2/repository/io/grpc/grpc-api/1.29.0/grpc-api-1.29.0.jar:/home/user/.m2/repository/io/grpc/grpc-context/1.29.0/grpc-context-1.29.0.jar:/home/user/.m2/repository/org/codehaus/mojo/animal-sniffer-annotations/1.18/animal-sniffer-annotations-1.18.jar:/home/user/.m2/repository/com/google/api/grpc/proto-google-common-protos/1.17.0/proto-google-common-protos-1.17.0.jar:/home/user/.m2/repository/io/grpc/grpc-protobuf-lite/1.29.0/grpc-protobuf-lite-1.29.0.jar:/home/user/.m2/repository/io/grpc/grpc-stub/1.29.0/grpc-stub-1.29.0.jar:/home/user/.m2/repository/org/apache/hadoop/hadoop-ozone-recon/1.1.0-SNAPSHOT/hadoop-ozone-recon-1.1.0-SNAPSHOT.jar:/home/user/.m2/repository/org/apache/hadoop/hadoop-ozone-reconcodegen/1.1.0-SNAPSHOT/hadoop-ozone-reconcodegen-1.1.0-SNAPSHOT.jar:/home/user/.m2/repository/com/google/inject/extensions/guice-multibindings/4.0/guice-multibindings-4.0.jar:/home/user/.m2/repository/com/google/inject/guice/4.0/guice-4.0.jar:/home/user/.m2/repository/aopalliance/aopalliance/1.0/aopalliance-1.0.jar:/home/user/.m2/repository/com/google/inject/extensions/guice-assistedinject/4.0/guice-assistedinject-4.0.jar:/home/user/.m2/repository/com/google/inject/extensions/guice-servlet/4.0/guice-servlet-4.0.jar:/home/user/.m2/repository/org/glassfish/jersey/containers/jersey-container-servlet/2.27/jersey-container-servlet-2.27.jar:/home/user/.m2/repository/org/glassfish/hk2/guice-bridge/2.5.0/guice-bridge-2.5.0.jar:/home/user/.m2/repository/org/glassfish/jersey/core/jersey-server/2.27/jersey-server-2.27.jar:/home/user/.m2/repository/org/glassfish/jersey/core/jersey-client/2.27/jersey-client-2.27.jar:/home/user/.m2/repository/org/glassfish/jersey/media/jersey-media-jaxb/2.27/jersey-media-jaxb-2.27.jar:/home/user/.m2/repository/javax/validation/validation-api/1.1.0.Final/validation-api-1.1.0.Final.jar:/home/user/.m2/repository/org/glassfish/jersey/media/jersey-media-json-jackson/2.27/jersey-media-json-jackson-2.27.jar:/home/user/.m2/repository/org/glassfish/jersey/ext/jersey-entity-filtering/2.27/jersey-entity-filtering-2.27.jar:/home/user/.m2/repository/org/jooq/jooq/3.11.10/jooq-3.11.10.jar:/home/user/.m2/repository/org/jooq/jooq-meta/3.11.10/jooq-meta-3.11.10.jar:/home/user/.m2/repository/org/jooq/jooq-codegen/3.11.10/jooq-codegen-3.11.10.jar:/home/user/.m2/repository/com/jolbox/bonecp/0.8.0.RELEASE/bonecp-0.8.0.RELEASE.jar:/home/user/.m2/repository/org/apache/derby/derby/10.14.2.0/derby-10.14.2.0.jar:/home/user/.m2/repository/org/xerial/sqlite-jdbc/3.25.2/sqlite-jdbc-3.25.2.jar:/home/user/.m2/repository/org/springframework/spring-jdbc/5.2.11.RELEASE/spring-jdbc-5.2.11.RELEASE.jar:/home/user/.m2/repository/org/springframework/spring-beans/5.2.11.RELEASE/spring-beans-5.2.11.RELEASE.jar:/home/user/.m2/repository/org/springframework/spring-core/5.2.11.RELEASE/spring-core-5.2.11.RELEASE.jar:/home/user/.m2/repository/org/springframework/spring-jcl/5.2.11.RELEASE/spring-jcl-5.2.11.RELEASE.jar:/home/user/.m2/repository/org/springframework/spring-tx/5.2.11.RELEASE/spring-tx-5.2.11.RELEASE.jar:/home/user/.m2/repository/org/apache/hadoop/hadoop-ozone-client/1.1.0-SNAPSHOT/hadoop-ozone-client-1.1.0-SNAPSHOT.jar:/home/user/.m2/repository/org/apache/hadoop/hadoop-ozone-filesystem/1.1.0-SNAPSHOT/hadoop-ozone-filesystem-1.1.0-SNAPSHOT.jar:/home/user/.m2/repository/org/apache/hadoop/hadoop-ozone-filesystem-common/1.1.0-SNAPSHOT/hadoop-ozone-filesystem-common-1.1.0-SNAPSHOT.jar:/home/user/.m2/repository/org/apache/hadoop/hadoop-ozone-tools/1.1.0-SNAPSHOT/hadoop-ozone-tools-1.1.0-SNAPSHOT.jar:/home/user/.m2/repository/org/apache/ratis/ratis-tools/1.1.0-35f17fa-SNAPSHOT/ratis-tools-1.1.0-35f17fa-SNAPSHOT.jar:/home/user/.m2/repository/org/apache/ratis/ratis-proto/1.1.0-35f17fa-SNAPSHOT/ratis-proto-1.1.0-35f17fa-SNAPSHOT.jar:/home/user/.m2/repository/org/apache/ratis/ratis-common/1.1.0-35f17fa-SNAPSHOT/ratis-common-1.1.0-35f17fa-SNAPSHOT.jar:/home/user/.m2/repository/com/amazonaws/aws-java-sdk-core/1.11.901/aws-java-sdk-core-1.11.901.jar:/home/user/.m2/repository/org/apache/httpcomponents/httpclient/4.5.13/httpclient-4.5.13.jar:/home/user/.m2/repository/org/apache/httpcomponents/httpcore/4.4.13/httpcore-4.4.13.jar:/home/user/.m2/repository/software/amazon/ion/ion-java/1.0.2/ion-java-1.0.2.jar:/home/user/.m2/repository/com/fasterxml/jackson/dataformat/jackson-dataformat-cbor/2.10.3/jackson-dataformat-cbor-2.10.3.jar:/home/user/.m2/repository/joda-time/joda-time/2.8.1/joda-time-2.8.1.jar:/home/user/.m2/repository/com/amazonaws/aws-java-sdk-s3/1.11.901/aws-java-sdk-s3-1.11.901.jar:/home/user/.m2/repository/com/amazonaws/aws-java-sdk-kms/1.11.901/aws-java-sdk-kms-1.11.901.jar:/home/user/.m2/repository/com/amazonaws/jmespath-java/1.11.901/jmespath-java-1.11.901.jar:/home/user/.m2/repository/org/kohsuke/metainf-services/metainf-services/1.8/metainf-services-1.8.jar:/home/user/.m2/repository/org/apache/hadoop/hadoop-hdds-tools/1.1.0-SNAPSHOT/hadoop-hdds-tools-1.1.0-SNAPSHOT.jar:/home/user/.m2/repository/commons-cli/commons-cli/1.2/commons-cli-1.2.jar:/home/user/.m2/repository/org/apache/commons/commons-lang3/3.7/commons-lang3-3.7.jar:/home/user/.m2/repository/org/apache/hadoop/hadoop-ozone-ozone-manager/1.1.0-SNAPSHOT/hadoop-ozone-ozone-manager-1.1.0-SNAPSHOT-tests.jar:/home/user/.m2/repository/org/apache/hadoop/hadoop-hdds-common/1.1.0-SNAPSHOT/hadoop-hdds-common-1.1.0-SNAPSHOT-tests.jar:/home/user/.m2/repository/org/apache/hadoop/hadoop-hdds-hadoop-dependency-client/1.1.0-SNAPSHOT/hadoop-hdds-hadoop-dependency-client-1.1.0-SNAPSHOT.jar:/home/user/.m2/repository/info/picocli/picocli/4.4.0/picocli-4.4.0.jar:/home/user/.m2/repository/com/fasterxml/jackson/core/jackson-annotations/2.10.3/jackson-annotations-2.10.3.jar:/home/user/.m2/repository/javax/annotation/javax.annotation-api/1.2/javax.annotation-api-1.2.jar:/home/user/.m2/repository/org/fusesource/leveldbjni/leveldbjni-all/1.8/leveldbjni-all-1.8.jar:/home/user/.m2/repository/org/apache/ratis/ratis-server/1.1.0-35f17fa-SNAPSHOT/ratis-server-1.1.0-35f17fa-SNAPSHOT.jar:/home/user/.m2/repository/org/apache/ratis/ratis-client/1.1.0-35f17fa-SNAPSHOT/ratis-client-1.1.0-35f17fa-SNAPSHOT.jar:/home/user/.m2/repository/org/apache/ratis/ratis-server-api/1.1.0-35f17fa-SNAPSHOT/ratis-server-api-1.1.0-35f17fa-SNAPSHOT.jar:/home/user/.m2/repository/org/apache/ratis/ratis-metrics/1.1.0-35f17fa-SNAPSHOT/ratis-metrics-1.1.0-35f17fa-SNAPSHOT.jar:/home/user/.m2/repository/org/apache/ratis/ratis-netty/1.1.0-35f17fa-SNAPSHOT/ratis-netty-1.1.0-35f17fa-SNAPSHOT.jar:/home/user/.m2/repository/org/apache/ratis/ratis-grpc/1.1.0-35f17fa-SNAPSHOT/ratis-grpc-1.1.0-35f17fa-SNAPSHOT.jar:/home/user/.m2/repository/org/apache/logging/log4j/log4j-api/2.13.3/log4j-api-2.13.3.jar:/home/user/.m2/repository/org/apache/logging/log4j/log4j-core/2.13.3/log4j-core-2.13.3.jar:/home/user/.m2/repository/com/lmax/disruptor/3.4.2/disruptor-3.4.2.jar:/home/user/.m2/repository/org/apache/commons/commons-pool2/2.6.0/commons-pool2-2.6.0.jar:/home/user/.m2/repository/org/bouncycastle/bcpkix-jdk15on/1.67/bcpkix-jdk15on-1.67.jar:/home/user/.m2/repository/commons-validator/commons-validator/1.6/commons-validator-1.6.jar:/home/user/.m2/repository/commons-beanutils/commons-beanutils/1.9.4/commons-beanutils-1.9.4.jar:/home/user/.m2/repository/commons-digester/commons-digester/1.8.1/commons-digester-1.8.1.jar:/home/user/.m2/repository/commons-collections/commons-collections/3.2.2/commons-collections-3.2.2.jar:/home/user/.m2/repository/io/jaegertracing/jaeger-client/1.2.0/jaeger-client-1.2.0.jar:/home/user/.m2/repository/io/jaegertracing/jaeger-thrift/1.2.0/jaeger-thrift-1.2.0.jar:/home/user/.m2/repository/org/apache/thrift/libthrift/0.13.0/libthrift-0.13.0.jar:/home/user/.m2/repository/com/squareup/okhttp3/okhttp/4.2.2/okhttp-4.2.2.jar:/home/user/.m2/repository/com/squareup/okio/okio/2.2.2/okio-2.2.2.jar:/home/user/.m2/repository/org/jetbrains/kotlin/kotlin-stdlib/1.3.50/kotlin-stdlib-1.3.50.jar:/home/user/.m2/repository/org/jetbrains/kotlin/kotlin-stdlib-common/1.3.50/kotlin-stdlib-common-1.3.50.jar:/home/user/.m2/repository/org/jetbrains/annotations/13.0/annotations-13.0.jar:/home/user/.m2/repository/io/jaegertracing/jaeger-core/1.2.0/jaeger-core-1.2.0.jar:/home/user/.m2/repository/io/jaegertracing/jaeger-tracerresolver/1.2.0/jaeger-tracerresolver-1.2.0.jar:/home/user/.m2/repository/io/opentracing/contrib/opentracing-tracerresolver/0.1.8/opentracing-tracerresolver-0.1.8.jar:/home/user/.m2/repository/io/opentracing/opentracing-util/0.33.0/opentracing-util-0.33.0.jar:/home/user/.m2/repository/io/opentracing/opentracing-api/0.33.0/opentracing-api-0.33.0.jar:/home/user/.m2/repository/io/opentracing/opentracing-noop/0.33.0/opentracing-noop-0.33.0.jar:/home/user/.m2/repository/org/yaml/snakeyaml/1.26/snakeyaml-1.26.jar:/home/user/.m2/repository/junit/junit/4.11/junit-4.11.jar:/home/user/.m2/repository/org/hamcrest/hamcrest-core/1.3/hamcrest-core-1.3.jar:/home/user/.m2/repository/org/openjdk/jmh/jmh-core/1.19/jmh-core-1.19.jar:/home/user/.m2/repository/net/sf/jopt-simple/jopt-simple/4.6/jopt-simple-4.6.jar:/home/user/.m2/repository/org/apache/commons/commons-math3/3.1.1/commons-math3-3.1.1.jar:/home/user/.m2/repository/org/openjdk/jmh/jmh-generator-annprocess/1.19/jmh-generator-annprocess-1.19.jar:/home/user/.m2/repository/org/mockito/mockito-all/1.8.5/mockito-all-1.8.5.jar:/home/user/.m2/repository/org/apache/hadoop/hadoop-kms/3.2.1/hadoop-kms-3.2.1.jar:/home/user/.m2/repository/org/apache/hadoop/hadoop-auth/3.2.1/hadoop-auth-3.2.1.jar:/home/user/.m2/repository/com/nimbusds/nimbus-jose-jwt/7.9/nimbus-jose-jwt-7.9.jar:/home/user/.m2/repository/com/github/stephenc/jcip/jcip-annotations/1.0-1/jcip-annotations-1.0-1.jar:/home/user/.m2/repository/net/minidev/json-smart/2.3/json-smart-2.3.jar:/home/user/.m2/repository/net/minidev/accessors-smart/1.2/accessors-smart-1.2.jar:/home/user/.m2/repository/org/ow2/asm/asm/5.0.4/asm-5.0.4.jar:/home/user/.m2/repository/org/apache/zookeeper/zookeeper/3.4.13/zookeeper-3.4.13.jar:/home/user/.m2/repository/org/apache/yetus/audience-annotations/0.5.0/audience-annotations-0.5.0.jar:/home/user/.m2/repository/org/apache/curator/curator-framework/2.13.0/curator-framework-2.13.0.jar:/home/user/.m2/repository/com/sun/jersey/jersey-core/1.19/jersey-core-1.19.jar:/home/user/.m2/repository/javax/ws/rs/jsr311-api/1.1.1/jsr311-api-1.1.1.jar:/home/user/.m2/repository/com/sun/jersey/jersey-server/1.19/jersey-server-1.19.jar:/home/user/.m2/repository/javax/servlet/javax.servlet-api/3.1.0/javax.servlet-api-3.1.0.jar:/home/user/.m2/repository/org/eclipse/jetty/jetty-server/9.4.34.v20201102/jetty-server-9.4.34.v20201102.jar:/home/user/.m2/repository/org/eclipse/jetty/jetty-http/9.4.34.v20201102/jetty-http-9.4.34.v20201102.jar:/home/user/.m2/repository/org/eclipse/jetty/jetty-io/9.4.34.v20201102/jetty-io-9.4.34.v20201102.jar:/home/user/.m2/repository/org/eclipse/jetty/jetty-webapp/9.4.34.v20201102/jetty-webapp-9.4.34.v20201102.jar:/home/user/.m2/repository/org/eclipse/jetty/jetty-xml/9.4.34.v20201102/jetty-xml-9.4.34.v20201102.jar:/home/user/.m2/repository/org/apache/hadoop/hadoop-common/3.2.1/hadoop-common-3.2.1.jar:/home/user/.m2/repository/commons-net/commons-net/3.6/commons-net-3.6.jar:/home/user/.m2/repository/com/sun/jersey/jersey-servlet/1.19/jersey-servlet-1.19.jar:/home/user/.m2/repository/com/sun/jersey/jersey-json/1.19/jersey-json-1.19.jar:/home/user/.m2/repository/org/codehaus/jettison/jettison/1.1/jettison-1.1.jar:/home/user/.m2/repository/org/codehaus/jackson/jackson-jaxrs/1.9.2/jackson-jaxrs-1.9.2.jar:/home/user/.m2/repository/org/codehaus/jackson/jackson-xc/1.9.2/jackson-xc-1.9.2.jar:/home/user/.m2/repository/org/apache/commons/commons-configuration2/2.1.1/commons-configuration2-2.1.1.jar:/home/user/.m2/repository/org/apache/commons/commons-text/1.4/commons-text-1.4.jar:/home/user/.m2/repository/com/google/re2j/re2j/1.1/re2j-1.1.jar:/home/user/.m2/repository/com/jcraft/jsch/0.1.54/jsch-0.1.54.jar:/home/user/.m2/repository/org/apache/curator/curator-client/2.13.0/curator-client-2.13.0.jar:/home/user/.m2/repository/org/apache/curator/curator-recipes/2.13.0/curator-recipes-2.13.0.jar:/home/user/.m2/repository/dnsjava/dnsjava/2.1.7/dnsjava-2.1.7.jar:/home/user/.m2/repository/org/slf4j/jul-to-slf4j/1.7.30/jul-to-slf4j-1.7.30.jar:/home/user/.m2/repository/org/eclipse/jetty/jetty-util/9.4.34.v20201102/jetty-util-9.4.34.v20201102.jar:/home/user/.m2/repository/com/fasterxml/jackson/core/jackson-databind/2.10.3/jackson-databind-2.10.3.jar:/home/user/.m2/repository/org/apache/hadoop/hadoop-kms/3.2.1/hadoop-kms-3.2.1-tests.jar:/home/user/.m2/repository/org/apache/hadoop/hadoop-hdds-server-scm/1.1.0-SNAPSHOT/hadoop-hdds-server-scm-1.1.0-SNAPSHOT-tests.jar:/home/user/.m2/repository/org/apache/hadoop/hadoop-hdds-container-service/1.1.0-SNAPSHOT/hadoop-hdds-container-service-1.1.0-SNAPSHOT-tests.jar:/home/user/.m2/repository/commons-codec/commons-codec/1.11/commons-codec-1.11.jar:/home/user/.m2/repository/org/apache/hadoop/hadoop-hdds-hadoop-dependency-test/1.1.0-SNAPSHOT/hadoop-hdds-hadoop-dependency-test-1.1.0-SNAPSHOT.jar:/home/user/.m2/repository/org/apache/hadoop/hadoop-common/3.2.1/hadoop-common-3.2.1-tests.jar:/home/user/.m2/repository/org/apache/hadoop/hadoop-hdfs/3.2.1/hadoop-hdfs-3.2.1-tests.jar:/home/user/.m2/repository/org/eclipse/jetty/jetty-util-ajax/9.4.34.v20201102/jetty-util-ajax-9.4.34.v20201102.jar:/home/user/.m2/repository/commons-daemon/commons-daemon/1.0.13/commons-daemon-1.0.13.jar:/home/user/.m2/repository/io/netty/netty/3.10.5.Final/netty-3.10.5.Final.jar:/home/user/.m2/repository/io/netty/netty-all/4.1.48.Final/netty-all-4.1.48.Final.jar:/home/user/.m2/repository/org/apache/htrace/htrace-core4/4.1.0-incubating/htrace-core4-4.1.0-incubating.jar:/home/user/.m2/repository/org/apache/hadoop/hadoop-distcp/3.2.1/hadoop-distcp-3.2.1.jar:/home/user/.m2/repository/org/apache/hadoop/hadoop-mapreduce-client-jobclient/3.2.1/hadoop-mapreduce-client-jobclient-3.2.1.jar:/home/user/.m2/repository/org/apache/hadoop/hadoop-mapreduce-client-common/3.2.1/hadoop-mapreduce-client-common-3.2.1.jar:/home/user/.m2/repository/org/apache/hadoop/hadoop-yarn-common/3.2.1/hadoop-yarn-common-3.2.1.jar:/home/user/.m2/repository/org/apache/hadoop/hadoop-yarn-api/3.2.1/hadoop-yarn-api-3.2.1.jar:/home/user/.m2/repository/com/sun/jersey/jersey-client/1.19/jersey-client-1.19.jar:/home/user/.m2/repository/com/sun/jersey/contribs/jersey-guice/1.19/jersey-guice-1.19.jar:/home/user/.m2/repository/com/fasterxml/jackson/jaxrs/jackson-jaxrs-json-provider/2.10.3/jackson-jaxrs-json-provider-2.10.3.jar:/home/user/.m2/repository/com/fasterxml/jackson/jaxrs/jackson-jaxrs-base/2.10.3/jackson-jaxrs-base-2.10.3.jar:/home/user/.m2/repository/org/apache/hadoop/hadoop-yarn-client/3.2.1/hadoop-yarn-client-3.2.1.jar:/home/user/.m2/repository/org/apache/hadoop/hadoop-mapreduce-client-core/3.2.1/hadoop-mapreduce-client-core-3.2.1.jar:/home/user/.m2/repository/org/apache/avro/avro/1.7.7/avro-1.7.7.jar:/home/user/.m2/repository/org/codehaus/jackson/jackson-core-asl/1.9.13/jackson-core-asl-1.9.13.jar:/home/user/.m2/repository/org/codehaus/jackson/jackson-mapper-asl/1.9.13/jackson-mapper-asl-1.9.13.jar:/home/user/.m2/repository/com/thoughtworks/paranamer/paranamer/2.3/paranamer-2.3.jar:/home/user/.m2/repository/org/xerial/snappy/snappy-java/1.0.5/snappy-java-1.0.5.jar:/home/user/.m2/repository/org/apache/hadoop/hadoop-annotations/3.2.1/hadoop-annotations-3.2.1.jar:/usr/lib/jvm/java-1.8.0-openjdk-1.8.0.232.b09-0.el7_7.x86_64/jre/../lib/tools.jar:/home/user/.m2/repository/org/apache/hadoop/hadoop-distcp/3.2.1/hadoop-distcp-3.2.1-tests.jar:"/>
    <property name="sun.cpu.endian" value="little"/>
    <property name="user.home" value="/home/user"/>
    <property name="user.language" value="en"/>
    <property name="java.specification.vendor" value="Oracle Corporation"/>
    <property name="java.home" value="/usr/lib/jvm/java-1.8.0-openjdk-1.8.0.232.b09-0.el7_7.x86_64/jre"/>
    <property name="java.security.krb5.conf" value="/github/workspace/mnt/ozone/hadoop-ozone/integration-test/target/test-classes/krb5.conf"/>
    <property name="basedir" value="/github/workspace/mnt/ozone/hadoop-ozone/integration-test"/>
    <property name="file.separator" value="/"/>
    <property name="line.separator" value="&#10;"/>
    <property name="java.vm.specification.vendor" value="Oracle Corporation"/>
    <property name="java.specification.name" value="Java Platform API Specification"/>
    <property name="java.awt.graphicsenv" value="sun.awt.X11GraphicsEnvironment"/>
    <property name="skip.installnpx" value="true"/>
    <property name="surefire.real.class.path" value="/github/workspace/mnt/ozone/hadoop-ozone/integration-test/target/surefire/surefirebooter8069889824034516394.jar:/home/user/.m2/repository/org/jacoco/org.jacoco.agent/0.8.5/org.jacoco.agent-0.8.5-runtime.jar"/>
    <property name="hadoop.log.dir" value="/github/workspace/mnt/ozone/hadoop-ozone/integration-test/target/log"/>
    <property name="sun.boot.class.path" value="/usr/lib/jvm/java-1.8.0-openjdk-1.8.0.232.b09-0.el7_7.x86_64/jre/lib/resources.jar:/usr/lib/jvm/java-1.8.0-openjdk-1.8.0.232.b09-0.el7_7.x86_64/jre/lib/rt.jar:/usr/lib/jvm/java-1.8.0-openjdk-1.8.0.232.b09-0.el7_7.x86_64/jre/lib/sunrsasign.jar:/usr/lib/jvm/java-1.8.0-openjdk-1.8.0.232.b09-0.el7_7.x86_64/jre/lib/jsse.jar:/usr/lib/jvm/java-1.8.0-openjdk-1.8.0.232.b09-0.el7_7.x86_64/jre/lib/jce.jar:/usr/lib/jvm/java-1.8.0-openjdk-1.8.0.232.b09-0.el7_7.x86_64/jre/lib/charsets.jar:/usr/lib/jvm/java-1.8.0-openjdk-1.8.0.232.b09-0.el7_7.x86_64/jre/lib/jfr.jar:/usr/lib/jvm/java-1.8.0-openjdk-1.8.0.232.b09-0.el7_7.x86_64/jre/classes"/>
    <property name="sun.management.compiler" value="HotSpot 64-Bit Tiered Compilers"/>
    <property name="skip.npx" value="true"/>
    <property name="java.runtime.version" value="1.8.0_232-b09"/>
    <property name="java.net.preferIPv4Stack" value="true"/>
    <property name="user.name" value="jenkins1001"/>
    <property name="path.separator" value=":"/>
    <property name="java.security.egd" value="file:///dev/urandom"/>
    <property name="os.version" value="5.4.0-1032-azure"/>
    <property name="java.endorsed.dirs" value="/usr/lib/jvm/java-1.8.0-openjdk-1.8.0.232.b09-0.el7_7.x86_64/jre/lib/endorsed"/>
    <property name="java.runtime.name" value="OpenJDK Runtime Environment"/>
    <property name="file.encoding" value="ANSI_X3.4-1968"/>
    <property name="java.vm.name" value="OpenJDK 64-Bit Server VM"/>
    <property name="test.build.webapps" value=""/>
    <property name="localRepository" value="/home/user/.m2/repository"/>
    <property name="java.vendor.url.bug" value="http://bugreport.sun.com/bugreport/"/>
    <property name="java.io.tmpdir" value="/tmp"/>
    <property name="require.test.libhadoop" value=""/>
    <property name="java.version" value="1.8.0_232"/>
    <property name="user.dir" value="/github/workspace/mnt/ozone/hadoop-ozone/integration-test"/>
    <property name="os.arch" value="amd64"/>
    <property name="java.vm.specification.name" value="Java Virtual Machine Specification"/>
    <property name="test.build.classes" value="/github/workspace/mnt/ozone/hadoop-ozone/integration-test/target/test-classes"/>
    <property name="java.awt.printerjob" value="sun.print.PSPrinterJob"/>
    <property name="sun.os.patch.level" value="unknown"/>
    <property name="hadoop.tmp.dir" value="/github/workspace/mnt/ozone/hadoop-ozone/integration-test/target/tmp"/>
    <property name="java.library.path" value="/usr/lib:/usr/java/packages/lib/amd64:/usr/lib64:/lib64:/lib:/usr/lib"/>
    <property name="java.vm.info" value="mixed mode"/>
    <property name="java.vendor" value="Oracle Corporation"/>
    <property name="java.vm.version" value="25.232-b09"/>
    <property name="java.ext.dirs" value="/usr/lib/jvm/java-1.8.0-openjdk-1.8.0.232.b09-0.el7_7.x86_64/jre/lib/ext:/usr/java/packages/lib/ext"/>
    <property name="sun.io.unicode.encoding" value="UnicodeLittle"/>
    <property name="java.class.version" value="52.0"/>
  </properties>
  <testcase name="testInstallSnapshot" classname="org.apache.hadoop.ozone.om.TestOMRatisSnapshots" time="46.287">
    <failure type="java.lang.AssertionError">java.lang.AssertionError
	at org.junit.Assert.fail(Assert.java:86)
	at org.junit.Assert.assertTrue(Assert.java:41)
	at org.junit.Assert.assertTrue(Assert.java:52)
	at org.apache.hadoop.ozone.om.TestOMRatisSnapshots.testInstallSnapshot(TestOMRatisSnapshots.java:172)
	at sun.reflect.NativeMethodAccessorImpl.invoke0(Native Method)
	at sun.reflect.NativeMethodAccessorImpl.invoke(NativeMethodAccessorImpl.java:62)
	at sun.reflect.DelegatingMethodAccessorImpl.invoke(DelegatingMethodAccessorImpl.java:43)
	at java.lang.reflect.Method.invoke(Method.java:498)
	at org.junit.runners.model.FrameworkMethod$1.runReflectiveCall(FrameworkMethod.java:47)
	at org.junit.internal.runners.model.ReflectiveCallable.run(ReflectiveCallable.java:12)
	at org.junit.runners.model.FrameworkMethod.invokeExplosively(FrameworkMethod.java:44)
	at org.junit.internal.runners.statements.InvokeMethod.evaluate(InvokeMethod.java:17)
	at org.junit.internal.runners.statements.RunBefores.evaluate(RunBefores.java:26)
	at org.junit.internal.runners.statements.RunAfters.evaluate(RunAfters.java:27)
	at org.junit.rules.ExpectedException$ExpectedExceptionStatement.evaluate(ExpectedException.java:168)
	at org.junit.internal.runners.statements.FailOnTimeout$StatementThread.run(FailOnTimeout.java:74)
</failure>
    <system-out><![CDATA[2021-01-12 11:00:53,416 [Thread-1] WARN  server.ServerUtils (ServerUtils.java:getScmDbDir(148)) - ozone.scm.db.dirs is not configured. We recommend adding this setting. Falling back to ozone.metadata.dirs instead.
2021-01-12 11:00:53,477 [Thread-1] WARN  server.ServerUtils (ServerUtils.java:getScmDbDir(148)) - ozone.scm.db.dirs is not configured. We recommend adding this setting. Falling back to ozone.metadata.dirs instead.
2021-01-12 11:00:53,611 [Thread-1] WARN  db.DBStoreBuilder (DBStoreBuilder.java:applyDBDefinition(145)) - ozone.scm.db.dirs is not configured. We recommend adding this setting. Falling back to ozone.metadata.dirs instead.
2021-01-12 11:00:53,732 [Thread-1] INFO  net.NodeSchemaLoader (NodeSchemaLoader.java:loadSchemaFromFile(126)) - Loading file from sun.misc.CompoundEnumeration@51e7bac4
2021-01-12 11:00:53,733 [Thread-1] INFO  net.NodeSchemaLoader (NodeSchemaLoader.java:loadSchema(172)) - Loading network topology layer schema file
2021-01-12 11:00:53,802 [Thread-1] WARN  server.ServerUtils (ServerUtils.java:sanitizeUserArgs(73)) - ozone.scm.stale.node.interval value = 300000 is larger than max = 100000 based on the key value of ozone.scm.heartbeat.thread.interval, reset to the max value 100000.
2021-01-12 11:00:53,802 [Thread-1] WARN  server.ServerUtils (ServerUtils.java:sanitizeUserArgs(73)) - ozone.scm.stale.node.interval value = 300000 is larger than max = 100000 based on the key value of ozone.scm.heartbeat.thread.interval, reset to the max value 100000.
2021-01-12 11:00:53,806 [Thread-1] INFO  node.SCMNodeManager (SCMNodeManager.java:<init>(123)) - Entering startup safe mode.
2021-01-12 11:00:53,935 [Thread-1] INFO  algorithms.ContainerPlacementPolicyFactory (ContainerPlacementPolicyFactory.java:getPolicy(60)) - Create container placement policy of type org.apache.hadoop.hdds.scm.container.placement.algorithms.SCMContainerPlacementRandom
2021-01-12 11:00:53,973 [Thread-1] INFO  algorithms.LeaderChoosePolicyFactory (LeaderChoosePolicyFactory.java:getPolicy(57)) - Create leader choose policy of type org.apache.hadoop.hdds.scm.pipeline.leader.choose.algorithms.MinLeaderCountChoosePolicy
2021-01-12 11:00:53,973 [Thread-1] INFO  pipeline.SCMPipelineManager (SCMPipelineManager.java:initializePipelineState(161)) - No pipeline exists in current db
2021-01-12 11:00:53,996 [Thread-1] INFO  algorithms.PipelineChoosePolicyFactory (PipelineChoosePolicyFactory.java:createPipelineChoosePolicyFromClass(75)) - Create pipeline choose policy of type org.apache.hadoop.hdds.scm.pipeline.choose.algorithms.RandomPipelineChoosePolicy
2021-01-12 11:00:54,049 [Thread-1] INFO  safemode.HealthyPipelineSafeModeRule (HealthyPipelineSafeModeRule.java:<init>(89)) - Total pipeline count is 0, healthy pipeline threshold count is 0
2021-01-12 11:00:54,052 [Thread-1] INFO  safemode.OneReplicaPipelineSafeModeRule (OneReplicaPipelineSafeModeRule.java:<init>(85)) - Total pipeline count is 0, pipeline's with at least one datanode reported threshold count is 0
2021-01-12 11:00:54,480 [Thread-1] INFO  ipc.CallQueueManager (CallQueueManager.java:<init>(84)) - Using callQueue: class java.util.concurrent.LinkedBlockingQueue, queueCapacity: 2000, scheduler: class org.apache.hadoop.ipc.DefaultRpcScheduler, ipcBackoff: false.
2021-01-12 11:00:54,502 [Socket Reader #1 for port 0] INFO  ipc.Server (Server.java:run(1219)) - Starting Socket Reader #1 for port 0
2021-01-12 11:00:54,528 [Listener at 0.0.0.0/41487] INFO  ipc.CallQueueManager (CallQueueManager.java:<init>(84)) - Using callQueue: class java.util.concurrent.LinkedBlockingQueue, queueCapacity: 2000, scheduler: class org.apache.hadoop.ipc.DefaultRpcScheduler, ipcBackoff: false.
2021-01-12 11:00:54,529 [Socket Reader #1 for port 0] INFO  ipc.Server (Server.java:run(1219)) - Starting Socket Reader #1 for port 0
2021-01-12 11:00:54,542 [Listener at 0.0.0.0/36485] INFO  ipc.CallQueueManager (CallQueueManager.java:<init>(84)) - Using callQueue: class java.util.concurrent.LinkedBlockingQueue, queueCapacity: 2000, scheduler: class org.apache.hadoop.ipc.DefaultRpcScheduler, ipcBackoff: false.
2021-01-12 11:00:54,546 [Socket Reader #1 for port 0] INFO  ipc.Server (Server.java:run(1219)) - Starting Socket Reader #1 for port 0
2021-01-12 11:00:54,564 [Listener at 0.0.0.0/42057] INFO  http.BaseHttpServer (BaseHttpServer.java:newHttpServer2BuilderForOzone(207)) - Starting Web-server for scm at: http://0.0.0.0:0
2021-01-12 11:00:54,564 [Listener at 0.0.0.0/42057] INFO  http.BaseHttpServer (BaseHttpServer.java:<init>(106)) - Hadoop Security Enabled: false Ozone Security Enabled: false Ozone HTTP Security Enabled: false 
2021-01-12 11:00:54,590 [Listener at 0.0.0.0/42057] INFO  util.log (Log.java:initialized(169)) - Logging initialized @2177ms to org.eclipse.jetty.util.log.Slf4jLog
2021-01-12 11:00:54,711 [Listener at 0.0.0.0/42057] INFO  server.AuthenticationFilter (AuthenticationFilter.java:constructSecretProvider(240)) - Unable to initialize FileSignerSecretProvider, falling back to use random secrets.
2021-01-12 11:00:54,724 [Listener at 0.0.0.0/42057] WARN  http.HttpRequestLog (HttpRequestLog.java:getRequestLog(103)) - Jetty request log can only be enabled using Log4j
2021-01-12 11:00:54,729 [Listener at 0.0.0.0/42057] INFO  http.HttpServer2 (HttpServer2.java:addGlobalFilter(1020)) - Added global filter 'safety' (class=org.apache.hadoop.hdds.server.http.HttpServer2$QuotingInputFilter)
2021-01-12 11:00:54,732 [Listener at 0.0.0.0/42057] INFO  http.HttpServer2 (HttpServer2.java:addFilter(996)) - Added filter static_user_filter (class=org.apache.hadoop.http.lib.StaticUserWebFilter$StaticUserFilter) to context scm
2021-01-12 11:00:54,732 [Listener at 0.0.0.0/42057] INFO  http.HttpServer2 (HttpServer2.java:addFilter(1004)) - Added filter static_user_filter (class=org.apache.hadoop.http.lib.StaticUserWebFilter$StaticUserFilter) to context logs
2021-01-12 11:00:54,732 [Listener at 0.0.0.0/42057] INFO  http.HttpServer2 (HttpServer2.java:addFilter(1004)) - Added filter static_user_filter (class=org.apache.hadoop.http.lib.StaticUserWebFilter$StaticUserFilter) to context static
2021-01-12 11:00:54,792 [Listener at 0.0.0.0/42057] INFO  server.StorageContainerManager (StorageContainerManager.java:start(789)) - StorageContainerLocationProtocol RPC server is listening at /0.0.0.0:42057
2021-01-12 11:00:54,837 [Listener at 0.0.0.0/42057] WARN  impl.MetricsConfig (MetricsConfig.java:loadFirst(134)) - Cannot locate configuration: tried hadoop-metrics2-storagecontainermanager.properties,hadoop-metrics2.properties
2021-01-12 11:00:54,847 [Listener at 0.0.0.0/42057] INFO  impl.MetricsSystemImpl (MetricsSystemImpl.java:startTimer(374)) - Scheduled Metric snapshot period at 10 second(s).
2021-01-12 11:00:54,847 [Listener at 0.0.0.0/42057] INFO  impl.MetricsSystemImpl (MetricsSystemImpl.java:start(191)) - StorageContainerManager metrics system started
2021-01-12 11:00:55,055 [Listener at 0.0.0.0/42057] INFO  server.SCMClientProtocolServer (SCMClientProtocolServer.java:start(159)) - RPC server for Client  is listening at /0.0.0.0:42057
2021-01-12 11:00:55,057 [IPC Server Responder] INFO  ipc.Server (Server.java:run(1460)) - IPC Server Responder: starting
2021-01-12 11:00:55,058 [IPC Server listener on 0] INFO  ipc.Server (Server.java:run(1298)) - IPC Server listener on 0: starting
2021-01-12 11:00:55,066 [Listener at 0.0.0.0/42057] INFO  server.StorageContainerManager (StorageContainerManager.java:start(801)) - ScmBlockLocationProtocol RPC server is listening at /0.0.0.0:36485
2021-01-12 11:00:55,066 [Listener at 0.0.0.0/42057] INFO  server.SCMBlockProtocolServer (SCMBlockProtocolServer.java:start(150)) - RPC server for Block Protocol is listening at /0.0.0.0:36485
2021-01-12 11:00:55,067 [IPC Server Responder] INFO  ipc.Server (Server.java:run(1460)) - IPC Server Responder: starting
2021-01-12 11:00:55,067 [IPC Server listener on 0] INFO  ipc.Server (Server.java:run(1298)) - IPC Server listener on 0: starting
2021-01-12 11:00:55,069 [Listener at 0.0.0.0/42057] INFO  server.StorageContainerManager (StorageContainerManager.java:start(807)) - ScmDatanodeProtocl RPC server is listening at /0.0.0.0:41487
2021-01-12 11:00:55,070 [Listener at 0.0.0.0/42057] INFO  server.SCMDatanodeProtocolServer (SCMDatanodeProtocolServer.java:start(174)) - RPC server for DataNodes is listening at /0.0.0.0:41487
2021-01-12 11:00:55,072 [IPC Server Responder] INFO  ipc.Server (Server.java:run(1460)) - IPC Server Responder: starting
2021-01-12 11:00:55,073 [IPC Server listener on 0] INFO  ipc.Server (Server.java:run(1298)) - IPC Server listener on 0: starting
2021-01-12 11:00:55,076 [Listener at 0.0.0.0/42057] INFO  http.HttpServer2 (HttpServer2.java:bindListener(1238)) - Jetty bound to port 36349
2021-01-12 11:00:55,078 [Listener at 0.0.0.0/42057] INFO  server.Server (Server.java:doStart(375)) - jetty-9.4.34.v20201102; built: 2020-11-02T14:15:39.302Z; git: e46af88704a893fc12cb0e3bf46e2c7b48a009e7; jvm 1.8.0_232-b09
2021-01-12 11:00:55,108 [Listener at 0.0.0.0/42057] INFO  server.session (DefaultSessionIdManager.java:doStart(334)) - DefaultSessionIdManager workerName=node0
2021-01-12 11:00:55,109 [Listener at 0.0.0.0/42057] INFO  server.session (DefaultSessionIdManager.java:doStart(339)) - No SessionScavenger set, using defaults
2021-01-12 11:00:55,110 [Listener at 0.0.0.0/42057] INFO  server.session (HouseKeeper.java:startScavenging(132)) - node0 Scavenging every 600000ms
2021-01-12 11:00:55,125 [Listener at 0.0.0.0/42057] INFO  handler.ContextHandler (ContextHandler.java:doStart(916)) - Started o.e.j.s.ServletContextHandler@321b61a7{logs,/logs,file:///github/workspace/mnt/ozone/hadoop-ozone/integration-test/target/log,AVAILABLE}
2021-01-12 11:00:55,126 [Listener at 0.0.0.0/42057] INFO  handler.ContextHandler (ContextHandler.java:doStart(916)) - Started o.e.j.s.ServletContextHandler@4592c06f{static,/static,file:///github/workspace/mnt/ozone/hadoop-ozone/integration-test/target/test-classes/webapps/static,AVAILABLE}
2021-01-12 11:00:55,167 [Listener at 0.0.0.0/42057] INFO  handler.ContextHandler (ContextHandler.java:doStart(916)) - Started o.e.j.w.WebAppContext@279baee4{scm,/,file:///github/workspace/mnt/ozone/hadoop-ozone/integration-test/target/test-classes/webapps/scm/,AVAILABLE}{file:/github/workspace/mnt/ozone/hadoop-ozone/integration-test/target/test-classes/webapps/scm}
2021-01-12 11:00:55,188 [Listener at 0.0.0.0/42057] INFO  server.AbstractConnector (AbstractConnector.java:doStart(331)) - Started ServerConnector@263794df{HTTP/1.1, (http/1.1)}{0.0.0.0:36349}
2021-01-12 11:00:55,188 [Listener at 0.0.0.0/42057] INFO  server.Server (Server.java:doStart(415)) - Started @2776ms
2021-01-12 11:00:55,190 [Listener at 0.0.0.0/42057] INFO  impl.MetricsSinkAdapter (MetricsSinkAdapter.java:start(204)) - Sink prometheus started
2021-01-12 11:00:55,190 [Listener at 0.0.0.0/42057] INFO  impl.MetricsSystemImpl (MetricsSystemImpl.java:registerSink(301)) - Registered sink prometheus
2021-01-12 11:00:55,194 [Listener at 0.0.0.0/42057] INFO  http.BaseHttpServer (BaseHttpServer.java:updateConnectorAddress(327)) - HTTP server of scm listening at http://0.0.0.0:36349
2021-01-12 11:00:55,211 [Listener at 0.0.0.0/42057] WARN  server.ServerUtils (ServerUtils.java:getDBPath(225)) - ozone.om.db.dirs is not configured. We recommend adding this setting. Falling back to ozone.metadata.dirs instead.
2021-01-12 11:00:55,213 [org.apache.hadoop.util.JvmPauseMonitor$Monitor@7a770bca] INFO  util.JvmPauseMonitor (JvmPauseMonitor.java:run(188)) - Starting JVM pause monitor
2021-01-12 11:00:55,313 [Listener at 0.0.0.0/42057] INFO  ha.OMHANodeDetails (OMHANodeDetails.java:loadOMHAConfig(110)) - ServiceID for OzoneManager is om-service-test1
2021-01-12 11:00:55,319 [Listener at 0.0.0.0/42057] INFO  ha.OMHANodeDetails (OMHANodeDetails.java:loadOMHAConfig(186)) - Found matching OM address with OMServiceId: om-service-test1, OMNodeId: omNode-1, RPC Address: localhost:10324 and Ratis port: 10328
2021-01-12 11:00:55,319 [Listener at 0.0.0.0/42057] INFO  ha.OMHANodeDetails (OMHANodeDetails.java:setOMNodeSpecificConfigs(311)) - Setting configuration key ozone.om.http-address with value of key ozone.om.http-address.omNode-1: 127.0.0.1:10326
2021-01-12 11:00:55,319 [Listener at 0.0.0.0/42057] INFO  ha.OMHANodeDetails (OMHANodeDetails.java:setOMNodeSpecificConfigs(311)) - Setting configuration key ozone.om.https-address with value of key ozone.om.https-address.omNode-1: 127.0.0.1:10327
2021-01-12 11:00:55,319 [Listener at 0.0.0.0/42057] INFO  ha.OMHANodeDetails (OMHANodeDetails.java:setOMNodeSpecificConfigs(311)) - Setting configuration key ozone.om.address with value of key ozone.om.address.omNode-1: 127.0.0.1:10324
2021-01-12 11:00:55,320 [Listener at 0.0.0.0/42057] WARN  server.ServerUtils (ServerUtils.java:getDBPath(225)) - ozone.om.db.dirs is not configured. We recommend adding this setting. Falling back to ozone.metadata.dirs instead.
2021-01-12 11:00:55,321 [Listener at 0.0.0.0/42057] WARN  server.ServerUtils (ServerUtils.java:getDBPath(225)) - ozone.om.db.dirs is not configured. We recommend adding this setting. Falling back to ozone.metadata.dirs instead.
2021-01-12 11:00:56,017 [Listener at 0.0.0.0/42057] WARN  server.ServerUtils (ServerUtils.java:getDBPath(225)) - ozone.om.db.dirs is not configured. We recommend adding this setting. Falling back to ozone.metadata.dirs instead.
2021-01-12 11:00:56,023 [Listener at 0.0.0.0/42057] INFO  codec.OmKeyInfoCodec (OmKeyInfoCodec.java:<init>(41)) - OmKeyInfoCodec ignorePipeline = true
2021-01-12 11:00:56,025 [Listener at 0.0.0.0/42057] INFO  codec.RepeatedOmKeyInfoCodec (RepeatedOmKeyInfoCodec.java:<init>(40)) - RepeatedOmKeyInfoCodec ignorePipeline = true
2021-01-12 11:00:56,162 [Listener at 0.0.0.0/42057] INFO  om.OzoneManager (OzoneManager.java:addS3GVolumeToDB(3738)) - Created Volume s3v With Owner jenkins1001 required for S3Gateway operations.
2021-01-12 11:00:56,165 [Listener at 0.0.0.0/42057] WARN  server.ServerUtils (ServerUtils.java:getDefaultRatisDirectory(237)) - Storage directory for Ratis is not configured. It is a good idea to map this to an SSD disk. Falling back to ozone.metadata.dirs
2021-01-12 11:00:56,166 [Listener at 0.0.0.0/42057] WARN  ratis.OzoneManagerRatisServer (OzoneManagerRatisServer.java:getOMRatisSnapshotDirectory(638)) - ozone.om.ratis.snapshot.dir is not configured. Falling back to ozone.metadata.dirs config
2021-01-12 11:00:56,167 [Listener at 0.0.0.0/42057] INFO  snapshot.OzoneManagerSnapshotProvider (OzoneManagerSnapshotProvider.java:<init>(77)) - Initializing OM Snapshot Provider
2021-01-12 11:00:56,269 [Listener at 0.0.0.0/42057] INFO  metrics.MetricRegistries (MetricRegistriesLoader.java:load(64)) - Loaded MetricRegistries class org.apache.ratis.metrics.impl.MetricRegistriesImpl
2021-01-12 11:00:56,299 [Listener at 0.0.0.0/42057] WARN  server.ServerUtils (ServerUtils.java:getDefaultRatisDirectory(237)) - Storage directory for Ratis is not configured. It is a good idea to map this to an SSD disk. Falling back to ozone.metadata.dirs
2021-01-12 11:00:56,333 [Listener at 0.0.0.0/42057] INFO  ratis.OzoneManagerRatisServer (OzoneManagerRatisServer.java:<init>(280)) - Instantiating OM Ratis server with GroupID: om-service-test1 and Raft Peers: localhost:10328, localhost:10334, localhost:10340
2021-01-12 11:00:56,343 [Listener at 0.0.0.0/42057] INFO  ratis.OzoneManagerStateMachine (OzoneManagerStateMachine.java:loadSnapshotInfoFromDB(518)) - LastAppliedIndex is set from TransactionInfo from OM DB as (t:0, i:~)
2021-01-12 11:00:56,376 [Listener at 0.0.0.0/42057] INFO  server.RaftServer (ConfUtils.java:logGet(44)) - raft.rpc.type = GRPC (default)
2021-01-12 11:00:56,429 [Listener at 0.0.0.0/42057] INFO  grpc.GrpcFactory (GrpcFactory.java:checkPooledByteBufAllocatorUseCacheForAllThreads(48)) - PERFORMANCE WARNING: useCacheForAllThreads is true that may cause Netty to create a lot garbage objects and, as a result, trigger GC.
	It is recommended to disable useCacheForAllThreads by setting -Dorg.apache.ratis.thirdparty.io.netty.allocator.useCacheForAllThreads=false in command line.
2021-01-12 11:00:56,434 [Listener at 0.0.0.0/42057] INFO  grpc.GrpcConfigKeys (ConfUtils.java:logGet(44)) - raft.grpc.server.port = 10328 (custom)
2021-01-12 11:00:56,435 [Listener at 0.0.0.0/42057] INFO  server.GrpcService (ConfUtils.java:logGet(44)) - raft.grpc.message.size.max = 33554432 (custom)
2021-01-12 11:00:56,436 [Listener at 0.0.0.0/42057] INFO  server.RaftServerConfigKeys (ConfUtils.java:logGet(44)) - raft.server.log.appender.buffer.byte-limit = 33554432 (custom)
2021-01-12 11:00:56,437 [Listener at 0.0.0.0/42057] INFO  server.GrpcService (ConfUtils.java:logGet(44)) - raft.grpc.flow.control.window = 1MB (=1048576) (default)
2021-01-12 11:00:56,438 [Listener at 0.0.0.0/42057] INFO  server.RaftServerConfigKeys (ConfUtils.java:logGet(44)) - raft.server.rpc.request.timeout = 3000ms (default)
2021-01-12 11:00:56,597 [Listener at 0.0.0.0/42057] INFO  impl.DataStreamServerImpl (ConfUtils.java:logGet(44)) - raft.datastream.type = DISABLED (default)
2021-01-12 11:00:56,600 [Listener at 0.0.0.0/42057] INFO  server.RaftServerConfigKeys (ConfUtils.java:logGet(44)) - raft.server.rpc.slowness.timeout = 2s (custom)
2021-01-12 11:00:56,601 [Listener at 0.0.0.0/42057] INFO  server.RaftServerConfigKeys (ConfUtils.java:logGet(44)) - raft.server.leaderelection.leader.step-down.wait-time = 10s (default)
2021-01-12 11:00:56,614 [Listener at 0.0.0.0/42057] INFO  server.RaftServerConfigKeys (ConfUtils.java:logGet(44)) - raft.server.storage.dir = [/github/workspace/mnt/ozone/hadoop-ozone/integration-test/target/test-dir/MiniOzoneClusterImpl-124e3b68-9dbf-46e5-878a-8eb0ed2fbb06/omNode-1/ratis] (custom)
2021-01-12 11:00:56,622 [Listener at 0.0.0.0/42057] INFO  server.RaftServer (RaftServerProxy.java:addNew(95)) - omNode-1: addNew group-523986131536:[omNode-3|rpc:localhost:10340|priority:0, omNode-1|rpc:localhost:10328|priority:0, omNode-2|rpc:localhost:10334|priority:0] returns group-523986131536:java.util.concurrent.CompletableFuture@5dc73901[Not completed]
2021-01-12 11:00:56,622 [Listener at 0.0.0.0/42057] INFO  om.OzoneManager (OzoneManager.java:initializeRatisServer(1332)) - OzoneManager Ratis server initialized at port 10328
2021-01-12 11:00:56,638 [Listener at 0.0.0.0/42057] INFO  ipc.CallQueueManager (CallQueueManager.java:<init>(84)) - Using callQueue: class java.util.concurrent.LinkedBlockingQueue, queueCapacity: 2000, scheduler: class org.apache.hadoop.ipc.DefaultRpcScheduler, ipcBackoff: false.
2021-01-12 11:00:56,639 [Socket Reader #1 for port 10324] INFO  ipc.Server (Server.java:run(1219)) - Starting Socket Reader #1 for port 10324
2021-01-12 11:00:56,658 [pool-25-thread-1] INFO  server.RaftServer$Division (RaftServerImpl.java:<init>(179)) - omNode-1: new RaftServerImpl for group-523986131536:[omNode-3|rpc:localhost:10340|priority:0, omNode-1|rpc:localhost:10328|priority:0, omNode-2|rpc:localhost:10334|priority:0] with OzoneManagerStateMachine:uninitialized
2021-01-12 11:00:56,660 [pool-25-thread-1] INFO  server.RaftServerConfigKeys (ConfUtils.java:logGet(44)) - raft.server.rpc.timeout.min = 1s (custom)
2021-01-12 11:00:56,660 [pool-25-thread-1] INFO  server.RaftServerConfigKeys (ConfUtils.java:logGet(44)) - raft.server.rpc.timeout.max = 1200ms (custom)
2021-01-12 11:00:56,660 [pool-25-thread-1] INFO  server.RaftServerConfigKeys (ConfUtils.java:logGet(44)) - raft.server.rpc.sleep.time = 25ms (default)
2021-01-12 11:00:56,660 [pool-25-thread-1] INFO  server.RaftServerConfigKeys (ConfUtils.java:logGet(44)) - raft.server.rpc.slowness.timeout = 2s (custom)
2021-01-12 11:00:56,661 [pool-25-thread-1] INFO  server.RaftServerConfigKeys (ConfUtils.java:logGet(44)) - raft.server.leaderelection.leader.step-down.wait-time = 10s (default)
2021-01-12 11:00:56,661 [pool-25-thread-1] INFO  server.RaftServerConfigKeys (ConfUtils.java:logGet(44)) - raft.server.sleep.deviation.threshold = 300ms (default)
2021-01-12 11:00:56,662 [pool-25-thread-1] INFO  server.RaftServerConfigKeys (ConfUtils.java:logGet(44)) - raft.server.log.appender.install.snapshot.enabled = false (custom)
2021-01-12 11:00:56,667 [pool-25-thread-1] INFO  server.RaftServer$Division (ServerState.java:<init>(103)) - omNode-1@group-523986131536: ConfigurationManager, init=-1: [omNode-3|rpc:localhost:10340|priority:0, omNode-1|rpc:localhost:10328|priority:0, omNode-2|rpc:localhost:10334|priority:0], old=null, confs=<EMPTY_MAP>
2021-01-12 11:00:56,669 [pool-25-thread-1] INFO  server.RaftServerConfigKeys (ConfUtils.java:logGet(44)) - raft.server.storage.dir = [/github/workspace/mnt/ozone/hadoop-ozone/integration-test/target/test-dir/MiniOzoneClusterImpl-124e3b68-9dbf-46e5-878a-8eb0ed2fbb06/omNode-1/ratis] (custom)
2021-01-12 11:00:56,667 [Listener at 127.0.0.1/10324] INFO  impl.MetricsSystemImpl (MetricsSystemImpl.java:init(158)) - OzoneManager metrics system started (again)
2021-01-12 11:00:56,674 [Listener at 127.0.0.1/10324] INFO  om.OzoneManager (OzoneManager.java:start(1160)) - OzoneManager RPC server is listening at localhost/127.0.0.1:10324
2021-01-12 11:00:56,674 [Listener at 127.0.0.1/10324] INFO  ratis.OzoneManagerRatisServer (OzoneManagerRatisServer.java:start(377)) - Starting OzoneManagerRatisServer omNode-1 at port 10328
2021-01-12 11:00:56,679 [pool-25-thread-1] INFO  server.RaftServerConfigKeys (ConfUtils.java:logGet(44)) - raft.server.log.corruption.policy = EXCEPTION (default)
2021-01-12 11:00:56,681 [pool-25-thread-1] INFO  storage.RaftStorageDirectory (RaftStorageDirectoryImpl.java:analyzeStorage(132)) - The storage directory /github/workspace/mnt/ozone/hadoop-ozone/integration-test/target/test-dir/MiniOzoneClusterImpl-124e3b68-9dbf-46e5-878a-8eb0ed2fbb06/omNode-1/ratis/c9bc4cf4-3bc3-3c60-a66b-523986131536 does not exist. Creating ...
2021-01-12 11:00:56,686 [pool-25-thread-1] INFO  storage.RaftStorageDirectory (RaftStorageDirectoryImpl.java:tryLock(215)) - Lock on /github/workspace/mnt/ozone/hadoop-ozone/integration-test/target/test-dir/MiniOzoneClusterImpl-124e3b68-9dbf-46e5-878a-8eb0ed2fbb06/omNode-1/ratis/c9bc4cf4-3bc3-3c60-a66b-523986131536/in_use.lock acquired by nodename 11869@5271166cf06f
2021-01-12 11:00:56,692 [pool-25-thread-1] INFO  storage.RaftStorage (RaftStorageImpl.java:format(87)) - Storage directory /github/workspace/mnt/ozone/hadoop-ozone/integration-test/target/test-dir/MiniOzoneClusterImpl-124e3b68-9dbf-46e5-878a-8eb0ed2fbb06/omNode-1/ratis/c9bc4cf4-3bc3-3c60-a66b-523986131536 has been successfully formatted.
2021-01-12 11:00:56,694 [pool-25-thread-1] ERROR storage.RaftStorage (RaftStorageImpl.java:readRaftConfiguration(147)) - Failed reading configuration from file:/github/workspace/mnt/ozone/hadoop-ozone/integration-test/target/test-dir/MiniOzoneClusterImpl-124e3b68-9dbf-46e5-878a-8eb0ed2fbb06/omNode-1/ratis/c9bc4cf4-3bc3-3c60-a66b-523986131536/current/raft-meta.conf
java.io.FileNotFoundException: /github/workspace/mnt/ozone/hadoop-ozone/integration-test/target/test-dir/MiniOzoneClusterImpl-124e3b68-9dbf-46e5-878a-8eb0ed2fbb06/omNode-1/ratis/c9bc4cf4-3bc3-3c60-a66b-523986131536/current/raft-meta.conf (No such file or directory)
	at java.io.FileInputStream.open0(Native Method)
	at java.io.FileInputStream.open(FileInputStream.java:195)
	at java.io.FileInputStream.<init>(FileInputStream.java:138)
	at org.apache.ratis.server.storage.RaftStorageImpl.readRaftConfiguration(RaftStorageImpl.java:143)
	at org.apache.ratis.server.impl.ServerState.<init>(ServerState.java:113)
	at org.apache.ratis.server.impl.RaftServerImpl.<init>(RaftServerImpl.java:192)
	at org.apache.ratis.server.impl.RaftServerProxy.lambda$newRaftServerImpl$4(RaftServerProxy.java:266)
	at java.util.concurrent.CompletableFuture$AsyncSupply.run(CompletableFuture.java:1604)
	at java.util.concurrent.ThreadPoolExecutor.runWorker(ThreadPoolExecutor.java:1149)
	at java.util.concurrent.ThreadPoolExecutor$Worker.run(ThreadPoolExecutor.java:624)
	at java.lang.Thread.run(Thread.java:748)
2021-01-12 11:00:56,698 [pool-25-thread-1] INFO  server.RaftServerConfigKeys (ConfUtils.java:logGet(44)) - raft.server.notification.no-leader.timeout = 2s (custom)
2021-01-12 11:00:56,701 [pool-25-thread-1] INFO  server.RaftServerConfigKeys (ConfUtils.java:logGet(44)) - raft.server.log.use.memory = false (default)
2021-01-12 11:00:56,709 [pool-25-thread-1] INFO  server.RaftServerConfigKeys (ConfUtils.java:logGet(44)) - raft.server.log.purge.gap = 50 (custom)
2021-01-12 11:00:56,710 [pool-25-thread-1] INFO  server.RaftServerConfigKeys (ConfUtils.java:logGet(44)) - raft.server.log.appender.buffer.byte-limit = 33554432 (custom)
2021-01-12 11:00:56,714 [pool-25-thread-1] INFO  metrics.RatisMetrics (RatisMetrics.java:lambda$create$0(36)) - Creating Metrics Registry : ratis.log_worker.omNode-1@group-523986131536
2021-01-12 11:00:56,744 [pool-25-thread-1] INFO  server.RaftServerConfigKeys (ConfUtils.java:logGet(44)) - raft.server.log.segment.size.max = 4194304 (custom)
2021-01-12 11:00:56,753 [pool-25-thread-1] INFO  server.RaftServerConfigKeys (ConfUtils.java:logGet(44)) - raft.server.log.segment.cache.num.max = 2 (custom)
2021-01-12 11:00:56,753 [pool-25-thread-1] INFO  server.RaftServerConfigKeys (ConfUtils.java:logGet(44)) - raft.server.log.segment.cache.size.max = 200MB (=209715200) (default)
2021-01-12 11:00:56,759 [pool-25-thread-1] INFO  segmented.SegmentedRaftLogWorker (SegmentedRaftLogWorker.java:<init>(181)) - new omNode-1@group-523986131536-SegmentedRaftLogWorker for RaftStorageImpl:Storage Directory /github/workspace/mnt/ozone/hadoop-ozone/integration-test/target/test-dir/MiniOzoneClusterImpl-124e3b68-9dbf-46e5-878a-8eb0ed2fbb06/omNode-1/ratis/c9bc4cf4-3bc3-3c60-a66b-523986131536
2021-01-12 11:00:56,759 [pool-25-thread-1] INFO  server.RaftServerConfigKeys (ConfUtils.java:logGet(44)) - raft.server.log.queue.byte-limit = 64MB (=67108864) (default)
2021-01-12 11:00:56,760 [pool-25-thread-1] INFO  server.RaftServerConfigKeys (ConfUtils.java:logGet(44)) - raft.server.log.queue.element-limit = 4096 (default)
2021-01-12 11:00:56,760 [pool-25-thread-1] INFO  server.RaftServerConfigKeys (ConfUtils.java:logGet(44)) - raft.server.log.segment.size.max = 4194304 (custom)
2021-01-12 11:00:56,761 [pool-25-thread-1] INFO  server.RaftServerConfigKeys (ConfUtils.java:logGet(44)) - raft.server.log.preallocated.size = 4194304 (custom)
2021-01-12 11:00:56,762 [pool-25-thread-1] INFO  server.RaftServerConfigKeys (ConfUtils.java:logGet(44)) - raft.server.log.force.sync.num = 128 (default)
2021-01-12 11:00:56,763 [pool-25-thread-1] INFO  server.RaftServerConfigKeys (ConfUtils.java:logGet(44)) - raft.server.log.statemachine.data.sync = true (default)
2021-01-12 11:00:56,763 [pool-25-thread-1] INFO  server.RaftServerConfigKeys (ConfUtils.java:logGet(44)) - raft.server.log.statemachine.data.sync.timeout = 10s (default)
2021-01-12 11:00:56,764 [pool-25-thread-1] INFO  server.RaftServerConfigKeys (ConfUtils.java:logGet(44)) - raft.server.log.statemachine.data.sync.timeout.retry = -1 (default)
2021-01-12 11:00:56,773 [pool-25-thread-1] INFO  server.RaftServerConfigKeys (ConfUtils.java:logGet(44)) - raft.server.log.write.buffer.size = 64KB (=65536) (default)
2021-01-12 11:00:56,775 [pool-25-thread-1] INFO  server.RaftServerConfigKeys (ConfUtils.java:logGet(44)) - raft.server.log.statemachine.data.caching.enabled = false (default)
2021-01-12 11:00:56,788 [pool-25-thread-1] INFO  segmented.SegmentedRaftLogWorker (SegmentedRaftLogWorker.java:lambda$new$0(132)) - omNode-1@group-523986131536-SegmentedRaftLogWorker: flushIndex: setUnconditionally 0 -> -1
2021-01-12 11:00:56,788 [pool-25-thread-1] INFO  segmented.SegmentedRaftLogWorker (SegmentedRaftLogWorker.java:lambda$new$0(132)) - omNode-1@group-523986131536-SegmentedRaftLogWorker: safeCacheEvictIndex: setUnconditionally 0 -> -1
2021-01-12 11:00:56,802 [pool-25-thread-1] INFO  server.RaftServerConfigKeys (ConfUtils.java:logGet(44)) - raft.server.snapshot.auto.trigger.enabled = true (custom)
2021-01-12 11:00:56,803 [pool-25-thread-1] INFO  server.RaftServerConfigKeys (ConfUtils.java:logGet(44)) - raft.server.snapshot.auto.trigger.threshold = 50 (custom)
2021-01-12 11:00:56,804 [pool-25-thread-1] INFO  server.RaftServerConfigKeys (ConfUtils.java:logGet(44)) - raft.server.snapshot.retention.file.num = -1 (default)
2021-01-12 11:00:56,805 [pool-25-thread-1] INFO  server.RaftServerConfigKeys (ConfUtils.java:logGet(44)) - raft.server.log.purge.upto.snapshot.index = true (custom)
2021-01-12 11:00:56,807 [pool-25-thread-1] INFO  server.RaftServerConfigKeys (ConfUtils.java:logGet(44)) - raft.server.retrycache.expirytime = 300s (custom)
2021-01-12 11:00:56,807 [pool-25-thread-1] INFO  server.RaftServerConfigKeys (ConfUtils.java:logGet(44)) - raft.server.retrycache.statistics.expirytime = 100?s (default)
2021-01-12 11:00:56,825 [pool-25-thread-1] INFO  metrics.RatisMetrics (RatisMetrics.java:lambda$create$0(36)) - Creating Metrics Registry : ratis.leader_election.omNode-1@group-523986131536
2021-01-12 11:00:56,829 [pool-25-thread-1] INFO  metrics.RatisMetrics (RatisMetrics.java:lambda$create$0(36)) - Creating Metrics Registry : ratis.server.omNode-1@group-523986131536
2021-01-12 11:00:56,836 [Listener at 127.0.0.1/10324] INFO  server.RaftServer$Division (RaftServerImpl.java:start(294)) - omNode-1@group-523986131536: start as a follower, conf=-1: [omNode-3|rpc:localhost:10340|priority:0, omNode-1|rpc:localhost:10328|priority:0, omNode-2|rpc:localhost:10334|priority:0], old=null
2021-01-12 11:00:56,837 [Listener at 127.0.0.1/10324] INFO  server.RaftServer$Division (RaftServerImpl.java:setRole(283)) - omNode-1@group-523986131536: changes role from      null to FOLLOWER at term 0 for startAsFollower
2021-01-12 11:00:56,839 [Listener at 127.0.0.1/10324] INFO  impl.RoleInfo (RoleInfo.java:updateAndGet(130)) - omNode-1: start omNode-1@group-523986131536-FollowerState
2021-01-12 11:00:56,840 [Listener at 127.0.0.1/10324] INFO  util.JmxRegister (JmxRegister.java:tryRegister(44)) - Successfully registered JMX Bean with object name Ratis:service=RaftServer,group=group-523986131536,id=omNode-1
2021-01-12 11:00:56,841 [Listener at 127.0.0.1/10324] INFO  metrics.RatisMetrics (RatisMetrics.java:lambda$create$0(36)) - Creating Metrics Registry : ratis.state_machine.omNode-1@group-523986131536
2021-01-12 11:00:56,850 [Listener at 127.0.0.1/10324] INFO  server.RaftServer (RaftServerProxy.java:lambda$start$5(372)) - omNode-1: start RPC server
2021-01-12 11:00:56,898 [Listener at 127.0.0.1/10324] INFO  server.GrpcService (GrpcService.java:startImpl(176)) - omNode-1: GrpcService started, listening on 0.0.0.0/0.0.0.0:10328
2021-01-12 11:00:56,903 [org.apache.ratis.util.JvmPauseMonitor$$Lambda$305/1752459994@3eac8026] INFO  util.JvmPauseMonitor (JvmPauseMonitor.java:run(103)) - JvmPauseMonitor-omNode-1: Started
2021-01-12 11:00:56,917 [Listener at 127.0.0.1/10324] INFO  http.BaseHttpServer (BaseHttpServer.java:newHttpServer2BuilderForOzone(207)) - Starting Web-server for ozoneManager at: http://0.0.0.0:10326
2021-01-12 11:00:56,917 [Listener at 127.0.0.1/10324] INFO  http.BaseHttpServer (BaseHttpServer.java:<init>(106)) - Hadoop Security Enabled: false Ozone Security Enabled: false Ozone HTTP Security Enabled: false 
2021-01-12 11:00:56,919 [Listener at 127.0.0.1/10324] INFO  server.AuthenticationFilter (AuthenticationFilter.java:constructSecretProvider(240)) - Unable to initialize FileSignerSecretProvider, falling back to use random secrets.
2021-01-12 11:00:56,925 [Listener at 127.0.0.1/10324] WARN  http.HttpRequestLog (HttpRequestLog.java:getRequestLog(103)) - Jetty request log can only be enabled using Log4j
2021-01-12 11:00:56,927 [Listener at 127.0.0.1/10324] INFO  http.HttpServer2 (HttpServer2.java:addGlobalFilter(1020)) - Added global filter 'safety' (class=org.apache.hadoop.hdds.server.http.HttpServer2$QuotingInputFilter)
2021-01-12 11:00:56,928 [Listener at 127.0.0.1/10324] INFO  http.HttpServer2 (HttpServer2.java:addFilter(996)) - Added filter static_user_filter (class=org.apache.hadoop.http.lib.StaticUserWebFilter$StaticUserFilter) to context ozoneManager
2021-01-12 11:00:56,928 [Listener at 127.0.0.1/10324] INFO  http.HttpServer2 (HttpServer2.java:addFilter(1004)) - Added filter static_user_filter (class=org.apache.hadoop.http.lib.StaticUserWebFilter$StaticUserFilter) to context static
2021-01-12 11:00:56,928 [Listener at 127.0.0.1/10324] INFO  http.HttpServer2 (HttpServer2.java:addFilter(1004)) - Added filter static_user_filter (class=org.apache.hadoop.http.lib.StaticUserWebFilter$StaticUserFilter) to context logs
2021-01-12 11:00:56,931 [Listener at 127.0.0.1/10324] INFO  http.HttpServer2 (HttpServer2.java:bindListener(1238)) - Jetty bound to port 10326
2021-01-12 11:00:56,932 [Listener at 127.0.0.1/10324] INFO  server.Server (Server.java:doStart(375)) - jetty-9.4.34.v20201102; built: 2020-11-02T14:15:39.302Z; git: e46af88704a893fc12cb0e3bf46e2c7b48a009e7; jvm 1.8.0_232-b09
2021-01-12 11:00:56,934 [Listener at 127.0.0.1/10324] INFO  server.session (DefaultSessionIdManager.java:doStart(334)) - DefaultSessionIdManager workerName=node0
2021-01-12 11:00:56,934 [Listener at 127.0.0.1/10324] INFO  server.session (DefaultSessionIdManager.java:doStart(339)) - No SessionScavenger set, using defaults
2021-01-12 11:00:56,934 [Listener at 127.0.0.1/10324] INFO  server.session (HouseKeeper.java:startScavenging(132)) - node0 Scavenging every 660000ms
2021-01-12 11:00:56,935 [Listener at 127.0.0.1/10324] INFO  handler.ContextHandler (ContextHandler.java:doStart(916)) - Started o.e.j.s.ServletContextHandler@57b9a3ff{logs,/logs,file:///github/workspace/mnt/ozone/hadoop-ozone/integration-test/target/log,AVAILABLE}
2021-01-12 11:00:56,936 [Listener at 127.0.0.1/10324] INFO  handler.ContextHandler (ContextHandler.java:doStart(916)) - Started o.e.j.s.ServletContextHandler@60edf3cf{static,/static,file:///github/workspace/mnt/ozone/hadoop-ozone/integration-test/target/test-classes/webapps/static,AVAILABLE}
2021-01-12 11:00:56,939 [Listener at 127.0.0.1/10324] INFO  handler.ContextHandler (ContextHandler.java:doStart(916)) - Started o.e.j.w.WebAppContext@5359c45a{ozoneManager,/,file:///github/workspace/mnt/ozone/hadoop-ozone/integration-test/target/test-classes/webapps/ozoneManager/,AVAILABLE}{file:/github/workspace/mnt/ozone/hadoop-ozone/integration-test/target/test-classes/webapps/ozoneManager}
2021-01-12 11:00:56,944 [Listener at 127.0.0.1/10324] INFO  server.AbstractConnector (AbstractConnector.java:doStart(331)) - Started ServerConnector@75397add{HTTP/1.1, (http/1.1)}{0.0.0.0:10326}
2021-01-12 11:00:56,944 [Listener at 127.0.0.1/10324] INFO  server.Server (Server.java:doStart(415)) - Started @4531ms
2021-01-12 11:00:56,944 [Listener at 127.0.0.1/10324] WARN  impl.MetricsSystemImpl (MetricsSystemImpl.java:register(276)) - Sink prometheus already exists!
2021-01-12 11:00:56,950 [Listener at 127.0.0.1/10324] INFO  http.BaseHttpServer (BaseHttpServer.java:updateConnectorAddress(327)) - HTTP server of ozoneManager listening at http://0.0.0.0:10326
2021-01-12 11:00:56,950 [IPC Server Responder] INFO  ipc.Server (Server.java:run(1460)) - IPC Server Responder: starting
2021-01-12 11:00:56,950 [IPC Server listener on 10324] INFO  ipc.Server (Server.java:run(1298)) - IPC Server listener on 10324: starting
2021-01-12 11:00:56,954 [Listener at 127.0.0.1/10324] INFO  om.OzoneManager (OzoneManager.java:startTrashEmptier(1281)) - Trash Interval set to 0. Files deleted will not move to trash
2021-01-12 11:00:56,955 [Listener at 127.0.0.1/10324] INFO  ozone.MiniOzoneHAClusterImpl (MiniOzoneHAClusterImpl.java:createOMService(380)) - Started OzoneManager RPC server at localhost/127.0.0.1:10324
2021-01-12 11:00:56,956 [Listener at 127.0.0.1/10324] WARN  server.ServerUtils (ServerUtils.java:getDBPath(225)) - ozone.om.db.dirs is not configured. We recommend adding this setting. Falling back to ozone.metadata.dirs instead.
2021-01-12 11:00:56,957 [org.apache.hadoop.util.JvmPauseMonitor$Monitor@1480354] INFO  util.JvmPauseMonitor (JvmPauseMonitor.java:run(188)) - Starting JVM pause monitor
2021-01-12 11:00:56,957 [Listener at 127.0.0.1/10324] INFO  ha.OMHANodeDetails (OMHANodeDetails.java:loadOMHAConfig(110)) - ServiceID for OzoneManager is om-service-test1
2021-01-12 11:00:56,958 [Listener at 127.0.0.1/10324] INFO  ha.OMHANodeDetails (OMHANodeDetails.java:loadOMHAConfig(186)) - Found matching OM address with OMServiceId: om-service-test1, OMNodeId: omNode-2, RPC Address: localhost:10330 and Ratis port: 10334
2021-01-12 11:00:56,958 [Listener at 127.0.0.1/10324] INFO  ha.OMHANodeDetails (OMHANodeDetails.java:setOMNodeSpecificConfigs(311)) - Setting configuration key ozone.om.http-address with value of key ozone.om.http-address.omNode-2: 127.0.0.1:10332
2021-01-12 11:00:56,958 [Listener at 127.0.0.1/10324] INFO  ha.OMHANodeDetails (OMHANodeDetails.java:setOMNodeSpecificConfigs(311)) - Setting configuration key ozone.om.https-address with value of key ozone.om.https-address.omNode-2: 127.0.0.1:10333
2021-01-12 11:00:56,958 [Listener at 127.0.0.1/10324] INFO  ha.OMHANodeDetails (OMHANodeDetails.java:setOMNodeSpecificConfigs(311)) - Setting configuration key ozone.om.address with value of key ozone.om.address.omNode-2: 127.0.0.1:10330
2021-01-12 11:00:56,958 [Listener at 127.0.0.1/10324] WARN  server.ServerUtils (ServerUtils.java:getDBPath(225)) - ozone.om.db.dirs is not configured. We recommend adding this setting. Falling back to ozone.metadata.dirs instead.
2021-01-12 11:00:56,959 [Listener at 127.0.0.1/10324] WARN  server.ServerUtils (ServerUtils.java:getDBPath(225)) - ozone.om.db.dirs is not configured. We recommend adding this setting. Falling back to ozone.metadata.dirs instead.
2021-01-12 11:00:56,961 [Listener at 127.0.0.1/10324] WARN  server.ServerUtils (ServerUtils.java:getDBPath(225)) - ozone.om.db.dirs is not configured. We recommend adding this setting. Falling back to ozone.metadata.dirs instead.
2021-01-12 11:00:56,962 [Listener at 127.0.0.1/10324] INFO  codec.OmKeyInfoCodec (OmKeyInfoCodec.java:<init>(41)) - OmKeyInfoCodec ignorePipeline = true
2021-01-12 11:00:56,962 [Listener at 127.0.0.1/10324] INFO  codec.RepeatedOmKeyInfoCodec (RepeatedOmKeyInfoCodec.java:<init>(40)) - RepeatedOmKeyInfoCodec ignorePipeline = true
2021-01-12 11:00:57,022 [Listener at 127.0.0.1/10324] INFO  om.OzoneManager (OzoneManager.java:addS3GVolumeToDB(3738)) - Created Volume s3v With Owner jenkins1001 required for S3Gateway operations.
2021-01-12 11:00:57,023 [Listener at 127.0.0.1/10324] WARN  server.ServerUtils (ServerUtils.java:getDefaultRatisDirectory(237)) - Storage directory for Ratis is not configured. It is a good idea to map this to an SSD disk. Falling back to ozone.metadata.dirs
2021-01-12 11:00:57,023 [Listener at 127.0.0.1/10324] WARN  ratis.OzoneManagerRatisServer (OzoneManagerRatisServer.java:getOMRatisSnapshotDirectory(638)) - ozone.om.ratis.snapshot.dir is not configured. Falling back to ozone.metadata.dirs config
2021-01-12 11:00:57,025 [Listener at 127.0.0.1/10324] INFO  snapshot.OzoneManagerSnapshotProvider (OzoneManagerSnapshotProvider.java:<init>(77)) - Initializing OM Snapshot Provider
2021-01-12 11:00:57,026 [Listener at 127.0.0.1/10324] WARN  server.ServerUtils (ServerUtils.java:getDefaultRatisDirectory(237)) - Storage directory for Ratis is not configured. It is a good idea to map this to an SSD disk. Falling back to ozone.metadata.dirs
2021-01-12 11:00:57,027 [Listener at 127.0.0.1/10324] INFO  ratis.OzoneManagerRatisServer (OzoneManagerRatisServer.java:<init>(280)) - Instantiating OM Ratis server with GroupID: om-service-test1 and Raft Peers: localhost:10334, localhost:10328, localhost:10340
2021-01-12 11:00:57,028 [Listener at 127.0.0.1/10324] INFO  ratis.OzoneManagerStateMachine (OzoneManagerStateMachine.java:loadSnapshotInfoFromDB(518)) - LastAppliedIndex is set from TransactionInfo from OM DB as (t:0, i:~)
2021-01-12 11:00:57,029 [Listener at 127.0.0.1/10324] INFO  server.RaftServer (ConfUtils.java:logGet(44)) - raft.rpc.type = GRPC (default)
2021-01-12 11:00:57,029 [Listener at 127.0.0.1/10324] INFO  grpc.GrpcFactory (GrpcFactory.java:checkPooledByteBufAllocatorUseCacheForAllThreads(48)) - PERFORMANCE WARNING: useCacheForAllThreads is true that may cause Netty to create a lot garbage objects and, as a result, trigger GC.
	It is recommended to disable useCacheForAllThreads by setting -Dorg.apache.ratis.thirdparty.io.netty.allocator.useCacheForAllThreads=false in command line.
2021-01-12 11:00:57,030 [Listener at 127.0.0.1/10324] INFO  grpc.GrpcConfigKeys (ConfUtils.java:logGet(44)) - raft.grpc.server.port = 10334 (custom)
2021-01-12 11:00:57,030 [Listener at 127.0.0.1/10324] INFO  server.GrpcService (ConfUtils.java:logGet(44)) - raft.grpc.message.size.max = 33554432 (custom)
2021-01-12 11:00:57,030 [Listener at 127.0.0.1/10324] INFO  server.RaftServerConfigKeys (ConfUtils.java:logGet(44)) - raft.server.log.appender.buffer.byte-limit = 33554432 (custom)
2021-01-12 11:00:57,030 [Listener at 127.0.0.1/10324] INFO  server.GrpcService (ConfUtils.java:logGet(44)) - raft.grpc.flow.control.window = 1MB (=1048576) (default)
2021-01-12 11:00:57,030 [Listener at 127.0.0.1/10324] INFO  server.RaftServerConfigKeys (ConfUtils.java:logGet(44)) - raft.server.rpc.request.timeout = 3000ms (default)
2021-01-12 11:00:57,031 [Listener at 127.0.0.1/10324] INFO  impl.DataStreamServerImpl (ConfUtils.java:logGet(44)) - raft.datastream.type = DISABLED (default)
2021-01-12 11:00:57,031 [Listener at 127.0.0.1/10324] INFO  server.RaftServerConfigKeys (ConfUtils.java:logGet(44)) - raft.server.rpc.slowness.timeout = 2s (custom)
2021-01-12 11:00:57,031 [Listener at 127.0.0.1/10324] INFO  server.RaftServerConfigKeys (ConfUtils.java:logGet(44)) - raft.server.leaderelection.leader.step-down.wait-time = 10s (default)
2021-01-12 11:00:57,032 [Listener at 127.0.0.1/10324] INFO  server.RaftServerConfigKeys (ConfUtils.java:logGet(44)) - raft.server.storage.dir = [/github/workspace/mnt/ozone/hadoop-ozone/integration-test/target/test-dir/MiniOzoneClusterImpl-124e3b68-9dbf-46e5-878a-8eb0ed2fbb06/omNode-2/ratis] (custom)
2021-01-12 11:00:57,035 [Listener at 127.0.0.1/10324] INFO  server.RaftServer (RaftServerProxy.java:addNew(95)) - omNode-2: addNew group-523986131536:[omNode-3|rpc:localhost:10340|priority:0, omNode-1|rpc:localhost:10328|priority:0, omNode-2|rpc:localhost:10334|priority:0] returns group-523986131536:java.util.concurrent.CompletableFuture@7c6b5667[Not completed]
2021-01-12 11:00:57,035 [Listener at 127.0.0.1/10324] INFO  om.OzoneManager (OzoneManager.java:initializeRatisServer(1332)) - OzoneManager Ratis server initialized at port 10334
2021-01-12 11:00:57,039 [Listener at 127.0.0.1/10324] INFO  ipc.CallQueueManager (CallQueueManager.java:<init>(84)) - Using callQueue: class java.util.concurrent.LinkedBlockingQueue, queueCapacity: 2000, scheduler: class org.apache.hadoop.ipc.DefaultRpcScheduler, ipcBackoff: false.
2021-01-12 11:00:57,040 [pool-42-thread-1] INFO  server.RaftServer$Division (RaftServerImpl.java:<init>(179)) - omNode-2: new RaftServerImpl for group-523986131536:[omNode-3|rpc:localhost:10340|priority:0, omNode-1|rpc:localhost:10328|priority:0, omNode-2|rpc:localhost:10334|priority:0] with OzoneManagerStateMachine:uninitialized
2021-01-12 11:00:57,040 [pool-42-thread-1] INFO  server.RaftServerConfigKeys (ConfUtils.java:logGet(44)) - raft.server.rpc.timeout.min = 1s (custom)
2021-01-12 11:00:57,040 [pool-42-thread-1] INFO  server.RaftServerConfigKeys (ConfUtils.java:logGet(44)) - raft.server.rpc.timeout.max = 1200ms (custom)
2021-01-12 11:00:57,041 [pool-42-thread-1] INFO  server.RaftServerConfigKeys (ConfUtils.java:logGet(44)) - raft.server.rpc.sleep.time = 25ms (default)
2021-01-12 11:00:57,041 [pool-42-thread-1] INFO  server.RaftServerConfigKeys (ConfUtils.java:logGet(44)) - raft.server.rpc.slowness.timeout = 2s (custom)
2021-01-12 11:00:57,041 [pool-42-thread-1] INFO  server.RaftServerConfigKeys (ConfUtils.java:logGet(44)) - raft.server.leaderelection.leader.step-down.wait-time = 10s (default)
2021-01-12 11:00:57,041 [pool-42-thread-1] INFO  server.RaftServerConfigKeys (ConfUtils.java:logGet(44)) - raft.server.sleep.deviation.threshold = 300ms (default)
2021-01-12 11:00:57,041 [pool-42-thread-1] INFO  server.RaftServerConfigKeys (ConfUtils.java:logGet(44)) - raft.server.log.appender.install.snapshot.enabled = false (custom)
2021-01-12 11:00:57,041 [pool-42-thread-1] INFO  server.RaftServer$Division (ServerState.java:<init>(103)) - omNode-2@group-523986131536: ConfigurationManager, init=-1: [omNode-3|rpc:localhost:10340|priority:0, omNode-1|rpc:localhost:10328|priority:0, omNode-2|rpc:localhost:10334|priority:0], old=null, confs=<EMPTY_MAP>
2021-01-12 11:00:57,042 [pool-42-thread-1] INFO  server.RaftServerConfigKeys (ConfUtils.java:logGet(44)) - raft.server.storage.dir = [/github/workspace/mnt/ozone/hadoop-ozone/integration-test/target/test-dir/MiniOzoneClusterImpl-124e3b68-9dbf-46e5-878a-8eb0ed2fbb06/omNode-2/ratis] (custom)
2021-01-12 11:00:57,043 [pool-42-thread-1] INFO  server.RaftServerConfigKeys (ConfUtils.java:logGet(44)) - raft.server.log.corruption.policy = EXCEPTION (default)
2021-01-12 11:00:57,043 [pool-42-thread-1] INFO  storage.RaftStorageDirectory (RaftStorageDirectoryImpl.java:analyzeStorage(132)) - The storage directory /github/workspace/mnt/ozone/hadoop-ozone/integration-test/target/test-dir/MiniOzoneClusterImpl-124e3b68-9dbf-46e5-878a-8eb0ed2fbb06/omNode-2/ratis/c9bc4cf4-3bc3-3c60-a66b-523986131536 does not exist. Creating ...
2021-01-12 11:00:57,044 [Socket Reader #1 for port 10330] INFO  ipc.Server (Server.java:run(1219)) - Starting Socket Reader #1 for port 10330
2021-01-12 11:00:57,045 [pool-42-thread-1] INFO  storage.RaftStorageDirectory (RaftStorageDirectoryImpl.java:tryLock(215)) - Lock on /github/workspace/mnt/ozone/hadoop-ozone/integration-test/target/test-dir/MiniOzoneClusterImpl-124e3b68-9dbf-46e5-878a-8eb0ed2fbb06/omNode-2/ratis/c9bc4cf4-3bc3-3c60-a66b-523986131536/in_use.lock acquired by nodename 11869@5271166cf06f
2021-01-12 11:00:57,046 [pool-42-thread-1] INFO  storage.RaftStorage (RaftStorageImpl.java:format(87)) - Storage directory /github/workspace/mnt/ozone/hadoop-ozone/integration-test/target/test-dir/MiniOzoneClusterImpl-124e3b68-9dbf-46e5-878a-8eb0ed2fbb06/omNode-2/ratis/c9bc4cf4-3bc3-3c60-a66b-523986131536 has been successfully formatted.
2021-01-12 11:00:57,046 [pool-42-thread-1] ERROR storage.RaftStorage (RaftStorageImpl.java:readRaftConfiguration(147)) - Failed reading configuration from file:/github/workspace/mnt/ozone/hadoop-ozone/integration-test/target/test-dir/MiniOzoneClusterImpl-124e3b68-9dbf-46e5-878a-8eb0ed2fbb06/omNode-2/ratis/c9bc4cf4-3bc3-3c60-a66b-523986131536/current/raft-meta.conf
java.io.FileNotFoundException: /github/workspace/mnt/ozone/hadoop-ozone/integration-test/target/test-dir/MiniOzoneClusterImpl-124e3b68-9dbf-46e5-878a-8eb0ed2fbb06/omNode-2/ratis/c9bc4cf4-3bc3-3c60-a66b-523986131536/current/raft-meta.conf (No such file or directory)
	at java.io.FileInputStream.open0(Native Method)
	at java.io.FileInputStream.open(FileInputStream.java:195)
	at java.io.FileInputStream.<init>(FileInputStream.java:138)
	at org.apache.ratis.server.storage.RaftStorageImpl.readRaftConfiguration(RaftStorageImpl.java:143)
	at org.apache.ratis.server.impl.ServerState.<init>(ServerState.java:113)
	at org.apache.ratis.server.impl.RaftServerImpl.<init>(RaftServerImpl.java:192)
	at org.apache.ratis.server.impl.RaftServerProxy.lambda$newRaftServerImpl$4(RaftServerProxy.java:266)
	at java.util.concurrent.CompletableFuture$AsyncSupply.run(CompletableFuture.java:1604)
	at java.util.concurrent.ThreadPoolExecutor.runWorker(ThreadPoolExecutor.java:1149)
	at java.util.concurrent.ThreadPoolExecutor$Worker.run(ThreadPoolExecutor.java:624)
	at java.lang.Thread.run(Thread.java:748)
2021-01-12 11:00:57,048 [pool-42-thread-1] INFO  server.RaftServerConfigKeys (ConfUtils.java:logGet(44)) - raft.server.notification.no-leader.timeout = 2s (custom)
2021-01-12 11:00:57,048 [pool-42-thread-1] INFO  server.RaftServerConfigKeys (ConfUtils.java:logGet(44)) - raft.server.log.use.memory = false (default)
2021-01-12 11:00:57,049 [pool-42-thread-1] INFO  server.RaftServerConfigKeys (ConfUtils.java:logGet(44)) - raft.server.log.purge.gap = 50 (custom)
2021-01-12 11:00:57,060 [pool-42-thread-1] INFO  server.RaftServerConfigKeys (ConfUtils.java:logGet(44)) - raft.server.log.appender.buffer.byte-limit = 33554432 (custom)
2021-01-12 11:00:57,061 [pool-42-thread-1] INFO  metrics.RatisMetrics (RatisMetrics.java:lambda$create$0(36)) - Creating Metrics Registry : ratis.log_worker.omNode-2@group-523986131536
2021-01-12 11:00:57,062 [pool-42-thread-1] INFO  server.RaftServerConfigKeys (ConfUtils.java:logGet(44)) - raft.server.log.segment.size.max = 4194304 (custom)
2021-01-12 11:00:57,062 [pool-42-thread-1] INFO  server.RaftServerConfigKeys (ConfUtils.java:logGet(44)) - raft.server.log.segment.cache.num.max = 2 (custom)
2021-01-12 11:00:57,063 [pool-42-thread-1] INFO  server.RaftServerConfigKeys (ConfUtils.java:logGet(44)) - raft.server.log.segment.cache.size.max = 200MB (=209715200) (default)
2021-01-12 11:00:57,063 [pool-42-thread-1] INFO  segmented.SegmentedRaftLogWorker (SegmentedRaftLogWorker.java:<init>(181)) - new omNode-2@group-523986131536-SegmentedRaftLogWorker for RaftStorageImpl:Storage Directory /github/workspace/mnt/ozone/hadoop-ozone/integration-test/target/test-dir/MiniOzoneClusterImpl-124e3b68-9dbf-46e5-878a-8eb0ed2fbb06/omNode-2/ratis/c9bc4cf4-3bc3-3c60-a66b-523986131536
2021-01-12 11:00:57,064 [pool-42-thread-1] INFO  server.RaftServerConfigKeys (ConfUtils.java:logGet(44)) - raft.server.log.queue.byte-limit = 64MB (=67108864) (default)
2021-01-12 11:00:57,064 [pool-42-thread-1] INFO  server.RaftServerConfigKeys (ConfUtils.java:logGet(44)) - raft.server.log.queue.element-limit = 4096 (default)
2021-01-12 11:00:57,064 [pool-42-thread-1] INFO  server.RaftServerConfigKeys (ConfUtils.java:logGet(44)) - raft.server.log.segment.size.max = 4194304 (custom)
2021-01-12 11:00:57,064 [pool-42-thread-1] INFO  server.RaftServerConfigKeys (ConfUtils.java:logGet(44)) - raft.server.log.preallocated.size = 4194304 (custom)
2021-01-12 11:00:57,064 [pool-42-thread-1] INFO  server.RaftServerConfigKeys (ConfUtils.java:logGet(44)) - raft.server.log.force.sync.num = 128 (default)
2021-01-12 11:00:57,064 [pool-42-thread-1] INFO  server.RaftServerConfigKeys (ConfUtils.java:logGet(44)) - raft.server.log.statemachine.data.sync = true (default)
2021-01-12 11:00:57,065 [pool-42-thread-1] INFO  server.RaftServerConfigKeys (ConfUtils.java:logGet(44)) - raft.server.log.statemachine.data.sync.timeout = 10s (default)
2021-01-12 11:00:57,065 [pool-42-thread-1] INFO  server.RaftServerConfigKeys (ConfUtils.java:logGet(44)) - raft.server.log.statemachine.data.sync.timeout.retry = -1 (default)
2021-01-12 11:00:57,066 [pool-42-thread-1] INFO  server.RaftServerConfigKeys (ConfUtils.java:logGet(44)) - raft.server.log.write.buffer.size = 64KB (=65536) (default)
2021-01-12 11:00:57,066 [pool-42-thread-1] INFO  server.RaftServerConfigKeys (ConfUtils.java:logGet(44)) - raft.server.log.statemachine.data.caching.enabled = false (default)
2021-01-12 11:00:57,066 [pool-42-thread-1] INFO  segmented.SegmentedRaftLogWorker (SegmentedRaftLogWorker.java:lambda$new$0(132)) - omNode-2@group-523986131536-SegmentedRaftLogWorker: flushIndex: setUnconditionally 0 -> -1
2021-01-12 11:00:57,067 [pool-42-thread-1] INFO  segmented.SegmentedRaftLogWorker (SegmentedRaftLogWorker.java:lambda$new$0(132)) - omNode-2@group-523986131536-SegmentedRaftLogWorker: safeCacheEvictIndex: setUnconditionally 0 -> -1
2021-01-12 11:00:57,068 [pool-42-thread-1] INFO  server.RaftServerConfigKeys (ConfUtils.java:logGet(44)) - raft.server.snapshot.auto.trigger.enabled = true (custom)
2021-01-12 11:00:57,068 [pool-42-thread-1] INFO  server.RaftServerConfigKeys (ConfUtils.java:logGet(44)) - raft.server.snapshot.auto.trigger.threshold = 50 (custom)
2021-01-12 11:00:57,068 [pool-42-thread-1] INFO  server.RaftServerConfigKeys (ConfUtils.java:logGet(44)) - raft.server.snapshot.retention.file.num = -1 (default)
2021-01-12 11:00:57,068 [pool-42-thread-1] INFO  server.RaftServerConfigKeys (ConfUtils.java:logGet(44)) - raft.server.log.purge.upto.snapshot.index = true (custom)
2021-01-12 11:00:57,068 [pool-42-thread-1] INFO  server.RaftServerConfigKeys (ConfUtils.java:logGet(44)) - raft.server.retrycache.expirytime = 300s (custom)
2021-01-12 11:00:57,068 [pool-42-thread-1] INFO  server.RaftServerConfigKeys (ConfUtils.java:logGet(44)) - raft.server.retrycache.statistics.expirytime = 100?s (default)
2021-01-12 11:00:57,068 [pool-42-thread-1] INFO  metrics.RatisMetrics (RatisMetrics.java:lambda$create$0(36)) - Creating Metrics Registry : ratis.leader_election.omNode-2@group-523986131536
2021-01-12 11:00:57,069 [pool-42-thread-1] INFO  metrics.RatisMetrics (RatisMetrics.java:lambda$create$0(36)) - Creating Metrics Registry : ratis.server.omNode-2@group-523986131536
2021-01-12 11:00:57,080 [Listener at 127.0.0.1/10330] INFO  impl.MetricsSystemImpl (MetricsSystemImpl.java:init(158)) - OzoneManager metrics system started (again)
2021-01-12 11:00:57,083 [Listener at 127.0.0.1/10330] INFO  om.OzoneManager (OzoneManager.java:start(1160)) - OzoneManager RPC server is listening at localhost/127.0.0.1:10330
2021-01-12 11:00:57,083 [Listener at 127.0.0.1/10330] INFO  ratis.OzoneManagerRatisServer (OzoneManagerRatisServer.java:start(377)) - Starting OzoneManagerRatisServer omNode-2 at port 10334
2021-01-12 11:00:57,083 [Listener at 127.0.0.1/10330] INFO  server.RaftServer$Division (RaftServerImpl.java:start(294)) - omNode-2@group-523986131536: start as a follower, conf=-1: [omNode-3|rpc:localhost:10340|priority:0, omNode-1|rpc:localhost:10328|priority:0, omNode-2|rpc:localhost:10334|priority:0], old=null
2021-01-12 11:00:57,083 [Listener at 127.0.0.1/10330] INFO  server.RaftServer$Division (RaftServerImpl.java:setRole(283)) - omNode-2@group-523986131536: changes role from      null to FOLLOWER at term 0 for startAsFollower
2021-01-12 11:00:57,084 [Listener at 127.0.0.1/10330] INFO  impl.RoleInfo (RoleInfo.java:updateAndGet(130)) - omNode-2: start omNode-2@group-523986131536-FollowerState
2021-01-12 11:00:57,084 [Listener at 127.0.0.1/10330] INFO  util.JmxRegister (JmxRegister.java:tryRegister(44)) - Successfully registered JMX Bean with object name Ratis:service=RaftServer,group=group-523986131536,id=omNode-2
2021-01-12 11:00:57,084 [Listener at 127.0.0.1/10330] INFO  metrics.RatisMetrics (RatisMetrics.java:lambda$create$0(36)) - Creating Metrics Registry : ratis.state_machine.omNode-2@group-523986131536
2021-01-12 11:00:57,089 [Listener at 127.0.0.1/10330] INFO  server.RaftServer (RaftServerProxy.java:lambda$start$5(372)) - omNode-2: start RPC server
2021-01-12 11:00:57,090 [Listener at 127.0.0.1/10330] INFO  server.GrpcService (GrpcService.java:startImpl(176)) - omNode-2: GrpcService started, listening on 0.0.0.0/0.0.0.0:10334
2021-01-12 11:00:57,093 [org.apache.ratis.util.JvmPauseMonitor$$Lambda$305/1752459994@13a5f717] INFO  util.JvmPauseMonitor (JvmPauseMonitor.java:run(103)) - JvmPauseMonitor-omNode-2: Started
2021-01-12 11:00:57,097 [Listener at 127.0.0.1/10330] INFO  http.BaseHttpServer (BaseHttpServer.java:newHttpServer2BuilderForOzone(207)) - Starting Web-server for ozoneManager at: http://0.0.0.0:10332
2021-01-12 11:00:57,098 [Listener at 127.0.0.1/10330] INFO  http.BaseHttpServer (BaseHttpServer.java:<init>(106)) - Hadoop Security Enabled: false Ozone Security Enabled: false Ozone HTTP Security Enabled: false 
2021-01-12 11:00:57,099 [Listener at 127.0.0.1/10330] INFO  server.AuthenticationFilter (AuthenticationFilter.java:constructSecretProvider(240)) - Unable to initialize FileSignerSecretProvider, falling back to use random secrets.
2021-01-12 11:00:57,100 [Listener at 127.0.0.1/10330] WARN  http.HttpRequestLog (HttpRequestLog.java:getRequestLog(103)) - Jetty request log can only be enabled using Log4j
2021-01-12 11:00:57,101 [Listener at 127.0.0.1/10330] INFO  http.HttpServer2 (HttpServer2.java:addGlobalFilter(1020)) - Added global filter 'safety' (class=org.apache.hadoop.hdds.server.http.HttpServer2$QuotingInputFilter)
2021-01-12 11:00:57,102 [Listener at 127.0.0.1/10330] INFO  http.HttpServer2 (HttpServer2.java:addFilter(996)) - Added filter static_user_filter (class=org.apache.hadoop.http.lib.StaticUserWebFilter$StaticUserFilter) to context ozoneManager
2021-01-12 11:00:57,102 [Listener at 127.0.0.1/10330] INFO  http.HttpServer2 (HttpServer2.java:addFilter(1004)) - Added filter static_user_filter (class=org.apache.hadoop.http.lib.StaticUserWebFilter$StaticUserFilter) to context logs
2021-01-12 11:00:57,102 [Listener at 127.0.0.1/10330] INFO  http.HttpServer2 (HttpServer2.java:addFilter(1004)) - Added filter static_user_filter (class=org.apache.hadoop.http.lib.StaticUserWebFilter$StaticUserFilter) to context static
2021-01-12 11:00:57,104 [Listener at 127.0.0.1/10330] INFO  http.HttpServer2 (HttpServer2.java:bindListener(1238)) - Jetty bound to port 10332
2021-01-12 11:00:57,105 [Listener at 127.0.0.1/10330] INFO  server.Server (Server.java:doStart(375)) - jetty-9.4.34.v20201102; built: 2020-11-02T14:15:39.302Z; git: e46af88704a893fc12cb0e3bf46e2c7b48a009e7; jvm 1.8.0_232-b09
2021-01-12 11:00:57,106 [Listener at 127.0.0.1/10330] INFO  server.session (DefaultSessionIdManager.java:doStart(334)) - DefaultSessionIdManager workerName=node0
2021-01-12 11:00:57,107 [Listener at 127.0.0.1/10330] INFO  server.session (DefaultSessionIdManager.java:doStart(339)) - No SessionScavenger set, using defaults
2021-01-12 11:00:57,107 [Listener at 127.0.0.1/10330] INFO  server.session (HouseKeeper.java:startScavenging(132)) - node0 Scavenging every 600000ms
2021-01-12 11:00:57,108 [Listener at 127.0.0.1/10330] INFO  handler.ContextHandler (ContextHandler.java:doStart(916)) - Started o.e.j.s.ServletContextHandler@6a597a0{logs,/logs,file:///github/workspace/mnt/ozone/hadoop-ozone/integration-test/target/log,AVAILABLE}
2021-01-12 11:00:57,108 [Listener at 127.0.0.1/10330] INFO  handler.ContextHandler (ContextHandler.java:doStart(916)) - Started o.e.j.s.ServletContextHandler@30d4c6a9{static,/static,file:///github/workspace/mnt/ozone/hadoop-ozone/integration-test/target/test-classes/webapps/static,AVAILABLE}
2021-01-12 11:00:57,112 [Listener at 127.0.0.1/10330] INFO  handler.ContextHandler (ContextHandler.java:doStart(916)) - Started o.e.j.w.WebAppContext@538c13e3{ozoneManager,/,file:///github/workspace/mnt/ozone/hadoop-ozone/integration-test/target/test-classes/webapps/ozoneManager/,AVAILABLE}{file:/github/workspace/mnt/ozone/hadoop-ozone/integration-test/target/test-classes/webapps/ozoneManager}
2021-01-12 11:00:57,114 [Listener at 127.0.0.1/10330] INFO  server.AbstractConnector (AbstractConnector.java:doStart(331)) - Started ServerConnector@6af8d0a5{HTTP/1.1, (http/1.1)}{0.0.0.0:10332}
2021-01-12 11:00:57,114 [Listener at 127.0.0.1/10330] INFO  server.Server (Server.java:doStart(415)) - Started @4701ms
2021-01-12 11:00:57,114 [Listener at 127.0.0.1/10330] WARN  impl.MetricsSystemImpl (MetricsSystemImpl.java:register(276)) - Sink prometheus already exists!
2021-01-12 11:00:57,117 [Listener at 127.0.0.1/10330] INFO  http.BaseHttpServer (BaseHttpServer.java:updateConnectorAddress(327)) - HTTP server of ozoneManager listening at http://0.0.0.0:10332
2021-01-12 11:00:57,117 [IPC Server Responder] INFO  ipc.Server (Server.java:run(1460)) - IPC Server Responder: starting
2021-01-12 11:00:57,118 [IPC Server listener on 10330] INFO  ipc.Server (Server.java:run(1298)) - IPC Server listener on 10330: starting
2021-01-12 11:00:57,124 [Listener at 127.0.0.1/10330] INFO  om.OzoneManager (OzoneManager.java:startTrashEmptier(1281)) - Trash Interval set to 0. Files deleted will not move to trash
2021-01-12 11:00:57,125 [Listener at 127.0.0.1/10330] INFO  ozone.MiniOzoneHAClusterImpl (MiniOzoneHAClusterImpl.java:createOMService(380)) - Started OzoneManager RPC server at localhost/127.0.0.1:10330
2021-01-12 11:00:57,126 [Listener at 127.0.0.1/10330] WARN  server.ServerUtils (ServerUtils.java:getDBPath(225)) - ozone.om.db.dirs is not configured. We recommend adding this setting. Falling back to ozone.metadata.dirs instead.
2021-01-12 11:00:57,128 [Listener at 127.0.0.1/10330] INFO  ha.OMHANodeDetails (OMHANodeDetails.java:loadOMHAConfig(110)) - ServiceID for OzoneManager is om-service-test1
2021-01-12 11:00:57,128 [Listener at 127.0.0.1/10330] INFO  ha.OMHANodeDetails (OMHANodeDetails.java:loadOMHAConfig(186)) - Found matching OM address with OMServiceId: om-service-test1, OMNodeId: omNode-3, RPC Address: localhost:10336 and Ratis port: 10340
2021-01-12 11:00:57,128 [Listener at 127.0.0.1/10330] INFO  ha.OMHANodeDetails (OMHANodeDetails.java:setOMNodeSpecificConfigs(311)) - Setting configuration key ozone.om.http-address with value of key ozone.om.http-address.omNode-3: 127.0.0.1:10338
2021-01-12 11:00:57,129 [Listener at 127.0.0.1/10330] INFO  ha.OMHANodeDetails (OMHANodeDetails.java:setOMNodeSpecificConfigs(311)) - Setting configuration key ozone.om.https-address with value of key ozone.om.https-address.omNode-3: 127.0.0.1:10339
2021-01-12 11:00:57,129 [Listener at 127.0.0.1/10330] INFO  ha.OMHANodeDetails (OMHANodeDetails.java:setOMNodeSpecificConfigs(311)) - Setting configuration key ozone.om.address with value of key ozone.om.address.omNode-3: 127.0.0.1:10336
2021-01-12 11:00:57,129 [Listener at 127.0.0.1/10330] WARN  server.ServerUtils (ServerUtils.java:getDBPath(225)) - ozone.om.db.dirs is not configured. We recommend adding this setting. Falling back to ozone.metadata.dirs instead.
2021-01-12 11:00:57,129 [Listener at 127.0.0.1/10330] WARN  server.ServerUtils (ServerUtils.java:getDBPath(225)) - ozone.om.db.dirs is not configured. We recommend adding this setting. Falling back to ozone.metadata.dirs instead.
2021-01-12 11:00:57,135 [Listener at 127.0.0.1/10330] WARN  server.ServerUtils (ServerUtils.java:getDBPath(225)) - ozone.om.db.dirs is not configured. We recommend adding this setting. Falling back to ozone.metadata.dirs instead.
2021-01-12 11:00:57,136 [Listener at 127.0.0.1/10330] INFO  codec.OmKeyInfoCodec (OmKeyInfoCodec.java:<init>(41)) - OmKeyInfoCodec ignorePipeline = true
2021-01-12 11:00:57,136 [Listener at 127.0.0.1/10330] INFO  codec.RepeatedOmKeyInfoCodec (RepeatedOmKeyInfoCodec.java:<init>(40)) - RepeatedOmKeyInfoCodec ignorePipeline = true
2021-01-12 11:00:57,138 [org.apache.hadoop.util.JvmPauseMonitor$Monitor@47cc49c1] INFO  util.JvmPauseMonitor (JvmPauseMonitor.java:run(188)) - Starting JVM pause monitor
2021-01-12 11:00:57,207 [Listener at 127.0.0.1/10330] INFO  om.OzoneManager (OzoneManager.java:addS3GVolumeToDB(3738)) - Created Volume s3v With Owner jenkins1001 required for S3Gateway operations.
2021-01-12 11:00:57,207 [Listener at 127.0.0.1/10330] WARN  server.ServerUtils (ServerUtils.java:getDefaultRatisDirectory(237)) - Storage directory for Ratis is not configured. It is a good idea to map this to an SSD disk. Falling back to ozone.metadata.dirs
2021-01-12 11:00:57,207 [Listener at 127.0.0.1/10330] WARN  ratis.OzoneManagerRatisServer (OzoneManagerRatisServer.java:getOMRatisSnapshotDirectory(638)) - ozone.om.ratis.snapshot.dir is not configured. Falling back to ozone.metadata.dirs config
2021-01-12 11:00:57,208 [Listener at 127.0.0.1/10330] INFO  snapshot.OzoneManagerSnapshotProvider (OzoneManagerSnapshotProvider.java:<init>(77)) - Initializing OM Snapshot Provider
2021-01-12 11:00:57,209 [Listener at 127.0.0.1/10330] WARN  server.ServerUtils (ServerUtils.java:getDefaultRatisDirectory(237)) - Storage directory for Ratis is not configured. It is a good idea to map this to an SSD disk. Falling back to ozone.metadata.dirs
2021-01-12 11:00:57,210 [Listener at 127.0.0.1/10330] INFO  ratis.OzoneManagerRatisServer (OzoneManagerRatisServer.java:<init>(280)) - Instantiating OM Ratis server with GroupID: om-service-test1 and Raft Peers: localhost:10340, localhost:10328, localhost:10334
2021-01-12 11:00:57,210 [Listener at 127.0.0.1/10330] INFO  ratis.OzoneManagerStateMachine (OzoneManagerStateMachine.java:loadSnapshotInfoFromDB(518)) - LastAppliedIndex is set from TransactionInfo from OM DB as (t:0, i:~)
2021-01-12 11:00:57,213 [Listener at 127.0.0.1/10330] INFO  server.RaftServer (ConfUtils.java:logGet(44)) - raft.rpc.type = GRPC (default)
2021-01-12 11:00:57,213 [Listener at 127.0.0.1/10330] INFO  grpc.GrpcFactory (GrpcFactory.java:checkPooledByteBufAllocatorUseCacheForAllThreads(48)) - PERFORMANCE WARNING: useCacheForAllThreads is true that may cause Netty to create a lot garbage objects and, as a result, trigger GC.
	It is recommended to disable useCacheForAllThreads by setting -Dorg.apache.ratis.thirdparty.io.netty.allocator.useCacheForAllThreads=false in command line.
2021-01-12 11:00:57,214 [Listener at 127.0.0.1/10330] INFO  grpc.GrpcConfigKeys (ConfUtils.java:logGet(44)) - raft.grpc.server.port = 10340 (custom)
2021-01-12 11:00:57,214 [Listener at 127.0.0.1/10330] INFO  server.GrpcService (ConfUtils.java:logGet(44)) - raft.grpc.message.size.max = 33554432 (custom)
2021-01-12 11:00:57,214 [Listener at 127.0.0.1/10330] INFO  server.RaftServerConfigKeys (ConfUtils.java:logGet(44)) - raft.server.log.appender.buffer.byte-limit = 33554432 (custom)
2021-01-12 11:00:57,214 [Listener at 127.0.0.1/10330] INFO  server.GrpcService (ConfUtils.java:logGet(44)) - raft.grpc.flow.control.window = 1MB (=1048576) (default)
2021-01-12 11:00:57,214 [Listener at 127.0.0.1/10330] INFO  server.RaftServerConfigKeys (ConfUtils.java:logGet(44)) - raft.server.rpc.request.timeout = 3000ms (default)
2021-01-12 11:00:57,216 [Listener at 127.0.0.1/10330] INFO  impl.DataStreamServerImpl (ConfUtils.java:logGet(44)) - raft.datastream.type = DISABLED (default)
2021-01-12 11:00:57,216 [Listener at 127.0.0.1/10330] INFO  server.RaftServerConfigKeys (ConfUtils.java:logGet(44)) - raft.server.rpc.slowness.timeout = 2s (custom)
2021-01-12 11:00:57,216 [Listener at 127.0.0.1/10330] INFO  server.RaftServerConfigKeys (ConfUtils.java:logGet(44)) - raft.server.leaderelection.leader.step-down.wait-time = 10s (default)
2021-01-12 11:00:57,216 [Listener at 127.0.0.1/10330] INFO  server.RaftServerConfigKeys (ConfUtils.java:logGet(44)) - raft.server.storage.dir = [/github/workspace/mnt/ozone/hadoop-ozone/integration-test/target/test-dir/MiniOzoneClusterImpl-124e3b68-9dbf-46e5-878a-8eb0ed2fbb06/omNode-3/ratis] (custom)
2021-01-12 11:00:57,217 [Listener at 127.0.0.1/10330] INFO  server.RaftServer (RaftServerProxy.java:addNew(95)) - omNode-3: addNew group-523986131536:[omNode-3|rpc:localhost:10340|priority:0, omNode-1|rpc:localhost:10328|priority:0, omNode-2|rpc:localhost:10334|priority:0] returns group-523986131536:java.util.concurrent.CompletableFuture@7018627d[Not completed]
2021-01-12 11:00:57,217 [Listener at 127.0.0.1/10330] INFO  om.OzoneManager (OzoneManager.java:initializeRatisServer(1332)) - OzoneManager Ratis server initialized at port 10340
2021-01-12 11:00:57,218 [Listener at 127.0.0.1/10330] INFO  ipc.CallQueueManager (CallQueueManager.java:<init>(84)) - Using callQueue: class java.util.concurrent.LinkedBlockingQueue, queueCapacity: 2000, scheduler: class org.apache.hadoop.ipc.DefaultRpcScheduler, ipcBackoff: false.
2021-01-12 11:00:57,221 [pool-57-thread-1] INFO  server.RaftServer$Division (RaftServerImpl.java:<init>(179)) - omNode-3: new RaftServerImpl for group-523986131536:[omNode-3|rpc:localhost:10340|priority:0, omNode-1|rpc:localhost:10328|priority:0, omNode-2|rpc:localhost:10334|priority:0] with OzoneManagerStateMachine:uninitialized
2021-01-12 11:00:57,222 [pool-57-thread-1] INFO  server.RaftServerConfigKeys (ConfUtils.java:logGet(44)) - raft.server.rpc.timeout.min = 1s (custom)
2021-01-12 11:00:57,222 [Socket Reader #1 for port 10336] INFO  ipc.Server (Server.java:run(1219)) - Starting Socket Reader #1 for port 10336
2021-01-12 11:00:57,223 [pool-57-thread-1] INFO  server.RaftServerConfigKeys (ConfUtils.java:logGet(44)) - raft.server.rpc.timeout.max = 1200ms (custom)
2021-01-12 11:00:57,223 [pool-57-thread-1] INFO  server.RaftServerConfigKeys (ConfUtils.java:logGet(44)) - raft.server.rpc.sleep.time = 25ms (default)
2021-01-12 11:00:57,223 [pool-57-thread-1] INFO  server.RaftServerConfigKeys (ConfUtils.java:logGet(44)) - raft.server.rpc.slowness.timeout = 2s (custom)
2021-01-12 11:00:57,223 [pool-57-thread-1] INFO  server.RaftServerConfigKeys (ConfUtils.java:logGet(44)) - raft.server.leaderelection.leader.step-down.wait-time = 10s (default)
2021-01-12 11:00:57,223 [pool-57-thread-1] INFO  server.RaftServerConfigKeys (ConfUtils.java:logGet(44)) - raft.server.sleep.deviation.threshold = 300ms (default)
2021-01-12 11:00:57,224 [pool-57-thread-1] INFO  server.RaftServerConfigKeys (ConfUtils.java:logGet(44)) - raft.server.log.appender.install.snapshot.enabled = false (custom)
2021-01-12 11:00:57,224 [pool-57-thread-1] INFO  server.RaftServer$Division (ServerState.java:<init>(103)) - omNode-3@group-523986131536: ConfigurationManager, init=-1: [omNode-3|rpc:localhost:10340|priority:0, omNode-1|rpc:localhost:10328|priority:0, omNode-2|rpc:localhost:10334|priority:0], old=null, confs=<EMPTY_MAP>
2021-01-12 11:00:57,225 [pool-57-thread-1] INFO  server.RaftServerConfigKeys (ConfUtils.java:logGet(44)) - raft.server.storage.dir = [/github/workspace/mnt/ozone/hadoop-ozone/integration-test/target/test-dir/MiniOzoneClusterImpl-124e3b68-9dbf-46e5-878a-8eb0ed2fbb06/omNode-3/ratis] (custom)
2021-01-12 11:00:57,225 [pool-57-thread-1] INFO  server.RaftServerConfigKeys (ConfUtils.java:logGet(44)) - raft.server.log.corruption.policy = EXCEPTION (default)
2021-01-12 11:00:57,225 [pool-57-thread-1] INFO  storage.RaftStorageDirectory (RaftStorageDirectoryImpl.java:analyzeStorage(132)) - The storage directory /github/workspace/mnt/ozone/hadoop-ozone/integration-test/target/test-dir/MiniOzoneClusterImpl-124e3b68-9dbf-46e5-878a-8eb0ed2fbb06/omNode-3/ratis/c9bc4cf4-3bc3-3c60-a66b-523986131536 does not exist. Creating ...
2021-01-12 11:00:57,230 [pool-57-thread-1] INFO  storage.RaftStorageDirectory (RaftStorageDirectoryImpl.java:tryLock(215)) - Lock on /github/workspace/mnt/ozone/hadoop-ozone/integration-test/target/test-dir/MiniOzoneClusterImpl-124e3b68-9dbf-46e5-878a-8eb0ed2fbb06/omNode-3/ratis/c9bc4cf4-3bc3-3c60-a66b-523986131536/in_use.lock acquired by nodename 11869@5271166cf06f
2021-01-12 11:00:57,236 [pool-57-thread-1] INFO  storage.RaftStorage (RaftStorageImpl.java:format(87)) - Storage directory /github/workspace/mnt/ozone/hadoop-ozone/integration-test/target/test-dir/MiniOzoneClusterImpl-124e3b68-9dbf-46e5-878a-8eb0ed2fbb06/omNode-3/ratis/c9bc4cf4-3bc3-3c60-a66b-523986131536 has been successfully formatted.
2021-01-12 11:00:57,236 [pool-57-thread-1] ERROR storage.RaftStorage (RaftStorageImpl.java:readRaftConfiguration(147)) - Failed reading configuration from file:/github/workspace/mnt/ozone/hadoop-ozone/integration-test/target/test-dir/MiniOzoneClusterImpl-124e3b68-9dbf-46e5-878a-8eb0ed2fbb06/omNode-3/ratis/c9bc4cf4-3bc3-3c60-a66b-523986131536/current/raft-meta.conf
java.io.FileNotFoundException: /github/workspace/mnt/ozone/hadoop-ozone/integration-test/target/test-dir/MiniOzoneClusterImpl-124e3b68-9dbf-46e5-878a-8eb0ed2fbb06/omNode-3/ratis/c9bc4cf4-3bc3-3c60-a66b-523986131536/current/raft-meta.conf (No such file or directory)
	at java.io.FileInputStream.open0(Native Method)
	at java.io.FileInputStream.open(FileInputStream.java:195)
	at java.io.FileInputStream.<init>(FileInputStream.java:138)
	at org.apache.ratis.server.storage.RaftStorageImpl.readRaftConfiguration(RaftStorageImpl.java:143)
	at org.apache.ratis.server.impl.ServerState.<init>(ServerState.java:113)
	at org.apache.ratis.server.impl.RaftServerImpl.<init>(RaftServerImpl.java:192)
	at org.apache.ratis.server.impl.RaftServerProxy.lambda$newRaftServerImpl$4(RaftServerProxy.java:266)
	at java.util.concurrent.CompletableFuture$AsyncSupply.run(CompletableFuture.java:1604)
	at java.util.concurrent.ThreadPoolExecutor.runWorker(ThreadPoolExecutor.java:1149)
	at java.util.concurrent.ThreadPoolExecutor$Worker.run(ThreadPoolExecutor.java:624)
	at java.lang.Thread.run(Thread.java:748)
2021-01-12 11:00:57,236 [pool-57-thread-1] INFO  server.RaftServerConfigKeys (ConfUtils.java:logGet(44)) - raft.server.notification.no-leader.timeout = 2s (custom)
2021-01-12 11:00:57,236 [pool-57-thread-1] INFO  server.RaftServerConfigKeys (ConfUtils.java:logGet(44)) - raft.server.log.use.memory = false (default)
2021-01-12 11:00:57,236 [pool-57-thread-1] INFO  server.RaftServerConfigKeys (ConfUtils.java:logGet(44)) - raft.server.log.purge.gap = 50 (custom)
2021-01-12 11:00:57,236 [pool-57-thread-1] INFO  server.RaftServerConfigKeys (ConfUtils.java:logGet(44)) - raft.server.log.appender.buffer.byte-limit = 33554432 (custom)
2021-01-12 11:00:57,236 [pool-57-thread-1] INFO  metrics.RatisMetrics (RatisMetrics.java:lambda$create$0(36)) - Creating Metrics Registry : ratis.log_worker.omNode-3@group-523986131536
2021-01-12 11:00:57,237 [pool-57-thread-1] INFO  server.RaftServerConfigKeys (ConfUtils.java:logGet(44)) - raft.server.log.segment.size.max = 4194304 (custom)
2021-01-12 11:00:57,238 [pool-57-thread-1] INFO  server.RaftServerConfigKeys (ConfUtils.java:logGet(44)) - raft.server.log.segment.cache.num.max = 2 (custom)
2021-01-12 11:00:57,238 [pool-57-thread-1] INFO  server.RaftServerConfigKeys (ConfUtils.java:logGet(44)) - raft.server.log.segment.cache.size.max = 200MB (=209715200) (default)
2021-01-12 11:00:57,248 [pool-57-thread-1] INFO  segmented.SegmentedRaftLogWorker (SegmentedRaftLogWorker.java:<init>(181)) - new omNode-3@group-523986131536-SegmentedRaftLogWorker for RaftStorageImpl:Storage Directory /github/workspace/mnt/ozone/hadoop-ozone/integration-test/target/test-dir/MiniOzoneClusterImpl-124e3b68-9dbf-46e5-878a-8eb0ed2fbb06/omNode-3/ratis/c9bc4cf4-3bc3-3c60-a66b-523986131536
2021-01-12 11:00:57,248 [pool-57-thread-1] INFO  server.RaftServerConfigKeys (ConfUtils.java:logGet(44)) - raft.server.log.queue.byte-limit = 64MB (=67108864) (default)
2021-01-12 11:00:57,248 [pool-57-thread-1] INFO  server.RaftServerConfigKeys (ConfUtils.java:logGet(44)) - raft.server.log.queue.element-limit = 4096 (default)
2021-01-12 11:00:57,248 [pool-57-thread-1] INFO  server.RaftServerConfigKeys (ConfUtils.java:logGet(44)) - raft.server.log.segment.size.max = 4194304 (custom)
2021-01-12 11:00:57,248 [pool-57-thread-1] INFO  server.RaftServerConfigKeys (ConfUtils.java:logGet(44)) - raft.server.log.preallocated.size = 4194304 (custom)
2021-01-12 11:00:57,248 [pool-57-thread-1] INFO  server.RaftServerConfigKeys (ConfUtils.java:logGet(44)) - raft.server.log.force.sync.num = 128 (default)
2021-01-12 11:00:57,248 [pool-57-thread-1] INFO  server.RaftServerConfigKeys (ConfUtils.java:logGet(44)) - raft.server.log.statemachine.data.sync = true (default)
2021-01-12 11:00:57,248 [pool-57-thread-1] INFO  server.RaftServerConfigKeys (ConfUtils.java:logGet(44)) - raft.server.log.statemachine.data.sync.timeout = 10s (default)
2021-01-12 11:00:57,248 [pool-57-thread-1] INFO  server.RaftServerConfigKeys (ConfUtils.java:logGet(44)) - raft.server.log.statemachine.data.sync.timeout.retry = -1 (default)
2021-01-12 11:00:57,249 [pool-57-thread-1] INFO  server.RaftServerConfigKeys (ConfUtils.java:logGet(44)) - raft.server.log.write.buffer.size = 64KB (=65536) (default)
2021-01-12 11:00:57,249 [pool-57-thread-1] INFO  server.RaftServerConfigKeys (ConfUtils.java:logGet(44)) - raft.server.log.statemachine.data.caching.enabled = false (default)
2021-01-12 11:00:57,249 [pool-57-thread-1] INFO  segmented.SegmentedRaftLogWorker (SegmentedRaftLogWorker.java:lambda$new$0(132)) - omNode-3@group-523986131536-SegmentedRaftLogWorker: flushIndex: setUnconditionally 0 -> -1
2021-01-12 11:00:57,250 [pool-57-thread-1] INFO  segmented.SegmentedRaftLogWorker (SegmentedRaftLogWorker.java:lambda$new$0(132)) - omNode-3@group-523986131536-SegmentedRaftLogWorker: safeCacheEvictIndex: setUnconditionally 0 -> -1
2021-01-12 11:00:57,251 [pool-57-thread-1] INFO  server.RaftServerConfigKeys (ConfUtils.java:logGet(44)) - raft.server.snapshot.auto.trigger.enabled = true (custom)
2021-01-12 11:00:57,251 [pool-57-thread-1] INFO  server.RaftServerConfigKeys (ConfUtils.java:logGet(44)) - raft.server.snapshot.auto.trigger.threshold = 50 (custom)
2021-01-12 11:00:57,251 [pool-57-thread-1] INFO  server.RaftServerConfigKeys (ConfUtils.java:logGet(44)) - raft.server.snapshot.retention.file.num = -1 (default)
2021-01-12 11:00:57,251 [pool-57-thread-1] INFO  server.RaftServerConfigKeys (ConfUtils.java:logGet(44)) - raft.server.log.purge.upto.snapshot.index = true (custom)
2021-01-12 11:00:57,251 [pool-57-thread-1] INFO  server.RaftServerConfigKeys (ConfUtils.java:logGet(44)) - raft.server.retrycache.expirytime = 300s (custom)
2021-01-12 11:00:57,251 [pool-57-thread-1] INFO  server.RaftServerConfigKeys (ConfUtils.java:logGet(44)) - raft.server.retrycache.statistics.expirytime = 100?s (default)
2021-01-12 11:00:57,245 [Listener at 127.0.0.1/10336] INFO  ozone.MiniOzoneHAClusterImpl (MiniOzoneHAClusterImpl.java:createOMService(384)) - Intialized OzoneManager at localhost/127.0.0.1:10336. This OM is currently inactive (not running).
2021-01-12 11:00:57,251 [pool-57-thread-1] INFO  metrics.RatisMetrics (RatisMetrics.java:lambda$create$0(36)) - Creating Metrics Registry : ratis.leader_election.omNode-3@group-523986131536
2021-01-12 11:00:57,252 [pool-57-thread-1] INFO  metrics.RatisMetrics (RatisMetrics.java:lambda$create$0(36)) - Creating Metrics Registry : ratis.server.omNode-3@group-523986131536
2021-01-12 11:00:57,416 [Listener at 127.0.0.1/10336] INFO  impl.MetricsSystemImpl (MetricsSystemImpl.java:init(158)) - HddsDatanode metrics system started (again)
2021-01-12 11:00:57,420 [Listener at 127.0.0.1/10336] INFO  ozone.HddsDatanodeService (HddsDatanodeService.java:start(215)) - HddsDatanodeService host:5271166cf06f ip:172.17.0.2
2021-01-12 11:00:57,499 [Listener at 127.0.0.1/10336] INFO  volume.HddsVolume (HddsVolume.java:<init>(176)) - Creating Volume: /github/workspace/mnt/ozone/hadoop-ozone/integration-test/target/test-dir/MiniOzoneClusterImpl-124e3b68-9dbf-46e5-878a-8eb0ed2fbb06/datanode-0/data-0/containers/hdds of storage type : DISK and capacity : 9223372036854775807
2021-01-12 11:00:57,501 [Listener at 127.0.0.1/10336] INFO  volume.MutableVolumeSet (MutableVolumeSet.java:initializeVolumeSet(179)) - Added Volume : /github/workspace/mnt/ozone/hadoop-ozone/integration-test/target/test-dir/MiniOzoneClusterImpl-124e3b68-9dbf-46e5-878a-8eb0ed2fbb06/datanode-0/data-0/containers/hdds to VolumeSet
2021-01-12 11:00:57,502 [Listener at 127.0.0.1/10336] INFO  volume.ThrottledAsyncChecker (ThrottledAsyncChecker.java:schedule(141)) - Scheduling a check for /github/workspace/mnt/ozone/hadoop-ozone/integration-test/target/test-dir/MiniOzoneClusterImpl-124e3b68-9dbf-46e5-878a-8eb0ed2fbb06/datanode-0/data-0/containers/hdds
2021-01-12 11:00:57,521 [Listener at 127.0.0.1/10336] INFO  volume.HddsVolumeChecker (HddsVolumeChecker.java:checkAllVolumes(200)) - Scheduled health check for volume /github/workspace/mnt/ozone/hadoop-ozone/integration-test/target/test-dir/MiniOzoneClusterImpl-124e3b68-9dbf-46e5-878a-8eb0ed2fbb06/datanode-0/data-0/containers/hdds
2021-01-12 11:00:57,542 [Thread-175] INFO  ozoneimpl.ContainerReader (ContainerReader.java:readVolume(123)) - Start to verify containers on volume /github/workspace/mnt/ozone/hadoop-ozone/integration-test/target/test-dir/MiniOzoneClusterImpl-124e3b68-9dbf-46e5-878a-8eb0ed2fbb06/datanode-0/data-0/containers/hdds
2021-01-12 11:00:57,542 [Thread-175] INFO  ozoneimpl.ContainerReader (ContainerReader.java:readVolume(148)) - Finish verifying containers on volume /github/workspace/mnt/ozone/hadoop-ozone/integration-test/target/test-dir/MiniOzoneClusterImpl-124e3b68-9dbf-46e5-878a-8eb0ed2fbb06/datanode-0/data-0/containers/hdds
2021-01-12 11:00:57,542 [Listener at 127.0.0.1/10336] INFO  ozoneimpl.OzoneContainer (OzoneContainer.java:buildContainerSet(206)) - Build ContainerSet costs 0s
2021-01-12 11:00:57,608 [Listener at 127.0.0.1/10336] INFO  server.RaftServer (ConfUtils.java:logGet(44)) - raft.rpc.type = GRPC (default)
2021-01-12 11:00:57,608 [Listener at 127.0.0.1/10336] INFO  grpc.GrpcFactory (GrpcFactory.java:checkPooledByteBufAllocatorUseCacheForAllThreads(48)) - PERFORMANCE WARNING: useCacheForAllThreads is true that may cause Netty to create a lot garbage objects and, as a result, trigger GC.
	It is recommended to disable useCacheForAllThreads by setting -Dorg.apache.ratis.thirdparty.io.netty.allocator.useCacheForAllThreads=false in command line.
2021-01-12 11:00:57,608 [Listener at 127.0.0.1/10336] INFO  grpc.GrpcConfigKeys (ConfUtils.java:logGet(44)) - raft.grpc.server.port = 0 (default)
2021-01-12 11:00:57,609 [Listener at 127.0.0.1/10336] INFO  server.GrpcService (ConfUtils.java:logGet(44)) - raft.grpc.message.size.max = 32MB (=33554432) (custom)
2021-01-12 11:00:57,609 [Listener at 127.0.0.1/10336] INFO  server.RaftServerConfigKeys (ConfUtils.java:logGet(44)) - raft.server.log.appender.buffer.byte-limit = 33554432 (custom)
2021-01-12 11:00:57,609 [Listener at 127.0.0.1/10336] INFO  server.GrpcService (ConfUtils.java:logGet(44)) - raft.grpc.flow.control.window = 5MB (=5242880) (custom)
2021-01-12 11:00:57,609 [Listener at 127.0.0.1/10336] INFO  server.RaftServerConfigKeys (ConfUtils.java:logGet(44)) - raft.server.rpc.request.timeout = 60s (custom)
2021-01-12 11:00:57,611 [Listener at 127.0.0.1/10336] INFO  impl.DataStreamServerImpl (ConfUtils.java:logGet(44)) - raft.datastream.type = DISABLED (default)
2021-01-12 11:00:57,611 [Listener at 127.0.0.1/10336] INFO  server.RaftServerConfigKeys (ConfUtils.java:logGet(44)) - raft.server.rpc.slowness.timeout = 300s (custom)
2021-01-12 11:00:57,611 [Listener at 127.0.0.1/10336] INFO  server.RaftServerConfigKeys (ConfUtils.java:logGet(44)) - raft.server.leaderelection.leader.step-down.wait-time = 10s (default)
2021-01-12 11:00:57,612 [Listener at 127.0.0.1/10336] INFO  server.RaftServerConfigKeys (ConfUtils.java:logGet(44)) - raft.server.storage.dir = [/github/workspace/mnt/ozone/hadoop-ozone/integration-test/target/test-dir/MiniOzoneClusterImpl-124e3b68-9dbf-46e5-878a-8eb0ed2fbb06/datanode-0/data/ratis] (custom)
2021-01-12 11:00:57,735 [Listener at 127.0.0.1/10336] INFO  http.BaseHttpServer (BaseHttpServer.java:newHttpServer2BuilderForOzone(207)) - Starting Web-server for hddsDatanode at: http://0.0.0.0:0
2021-01-12 11:00:57,735 [Listener at 127.0.0.1/10336] INFO  http.BaseHttpServer (BaseHttpServer.java:<init>(106)) - Hadoop Security Enabled: false Ozone Security Enabled: false Ozone HTTP Security Enabled: false 
2021-01-12 11:00:57,737 [Listener at 127.0.0.1/10336] INFO  server.AuthenticationFilter (AuthenticationFilter.java:constructSecretProvider(240)) - Unable to initialize FileSignerSecretProvider, falling back to use random secrets.
2021-01-12 11:00:57,738 [Listener at 127.0.0.1/10336] WARN  http.HttpRequestLog (HttpRequestLog.java:getRequestLog(103)) - Jetty request log can only be enabled using Log4j
2021-01-12 11:00:57,738 [Listener at 127.0.0.1/10336] INFO  http.HttpServer2 (HttpServer2.java:addGlobalFilter(1020)) - Added global filter 'safety' (class=org.apache.hadoop.hdds.server.http.HttpServer2$QuotingInputFilter)
2021-01-12 11:00:57,739 [Listener at 127.0.0.1/10336] INFO  http.HttpServer2 (HttpServer2.java:addFilter(996)) - Added filter static_user_filter (class=org.apache.hadoop.http.lib.StaticUserWebFilter$StaticUserFilter) to context hddsDatanode
2021-01-12 11:00:57,739 [Listener at 127.0.0.1/10336] INFO  http.HttpServer2 (HttpServer2.java:addFilter(1004)) - Added filter static_user_filter (class=org.apache.hadoop.http.lib.StaticUserWebFilter$StaticUserFilter) to context logs
2021-01-12 11:00:57,740 [Listener at 127.0.0.1/10336] INFO  http.HttpServer2 (HttpServer2.java:addFilter(1004)) - Added filter static_user_filter (class=org.apache.hadoop.http.lib.StaticUserWebFilter$StaticUserFilter) to context static
2021-01-12 11:00:57,740 [Listener at 127.0.0.1/10336] INFO  http.HttpServer2 (HttpServer2.java:bindListener(1238)) - Jetty bound to port 45971
2021-01-12 11:00:57,740 [Listener at 127.0.0.1/10336] INFO  server.Server (Server.java:doStart(375)) - jetty-9.4.34.v20201102; built: 2020-11-02T14:15:39.302Z; git: e46af88704a893fc12cb0e3bf46e2c7b48a009e7; jvm 1.8.0_232-b09
2021-01-12 11:00:57,747 [Listener at 127.0.0.1/10336] INFO  server.session (DefaultSessionIdManager.java:doStart(334)) - DefaultSessionIdManager workerName=node0
2021-01-12 11:00:57,747 [Listener at 127.0.0.1/10336] INFO  server.session (DefaultSessionIdManager.java:doStart(339)) - No SessionScavenger set, using defaults
2021-01-12 11:00:57,747 [Listener at 127.0.0.1/10336] INFO  server.session (HouseKeeper.java:startScavenging(132)) - node0 Scavenging every 600000ms
2021-01-12 11:00:57,748 [Listener at 127.0.0.1/10336] INFO  handler.ContextHandler (ContextHandler.java:doStart(916)) - Started o.e.j.s.ServletContextHandler@66e64425{logs,/logs,file:///github/workspace/mnt/ozone/hadoop-ozone/integration-test/target/log,AVAILABLE}
2021-01-12 11:00:57,749 [Listener at 127.0.0.1/10336] INFO  handler.ContextHandler (ContextHandler.java:doStart(916)) - Started o.e.j.s.ServletContextHandler@15233ba8{static,/static,jar:file:/home/user/.m2/repository/org/apache/hadoop/hadoop-hdds-container-service/1.1.0-SNAPSHOT/hadoop-hdds-container-service-1.1.0-SNAPSHOT.jar!/webapps/static,AVAILABLE}
2021-01-12 11:00:57,897 [Listener at 127.0.0.1/10336] INFO  handler.ContextHandler (ContextHandler.java:doStart(916)) - Started o.e.j.w.WebAppContext@6b027fde{hddsDatanode,/,file:///tmp/jetty-0_0_0_0-45971-hadoop-hdds-container-service-1_1_0-SNAPSHOT_jar-_-any-7811226512247240857/webapp/,AVAILABLE}{jar:file:/home/user/.m2/repository/org/apache/hadoop/hadoop-hdds-container-service/1.1.0-SNAPSHOT/hadoop-hdds-container-service-1.1.0-SNAPSHOT.jar!/webapps/hddsDatanode}
2021-01-12 11:00:57,899 [Listener at 127.0.0.1/10336] INFO  server.AbstractConnector (AbstractConnector.java:doStart(331)) - Started ServerConnector@1e53a96b{HTTP/1.1, (http/1.1)}{0.0.0.0:45971}
2021-01-12 11:00:57,901 [Listener at 127.0.0.1/10336] INFO  server.Server (Server.java:doStart(415)) - Started @5489ms
2021-01-12 11:00:57,901 [Listener at 127.0.0.1/10336] WARN  impl.MetricsSystemImpl (MetricsSystemImpl.java:register(276)) - Sink prometheus already exists!
2021-01-12 11:00:57,964 [Thread-99] INFO  impl.FollowerState (FollowerState.java:run(133)) - omNode-1@group-523986131536-FollowerState: change to CANDIDATE, lastRpcElapsedTime:1125355781ns, electionTimeout:1105ms
2021-01-12 11:00:57,965 [Thread-99] INFO  impl.RoleInfo (RoleInfo.java:shutdownFollowerState(108)) - omNode-1: shutdown omNode-1@group-523986131536-FollowerState
2021-01-12 11:00:57,965 [Thread-99] INFO  server.RaftServer$Division (RaftServerImpl.java:setRole(283)) - omNode-1@group-523986131536: changes role from  FOLLOWER to CANDIDATE at term 0 for changeToCandidate
2021-01-12 11:00:57,967 [Thread-99] INFO  impl.RoleInfo (RoleInfo.java:updateAndGet(130)) - omNode-1: start omNode-1@group-523986131536-LeaderElection1
2021-01-12 11:00:57,969 [omNode-1@group-523986131536-LeaderElection1] INFO  impl.LeaderElection (LeaderElection.java:askForPreVotes(259)) - omNode-1@group-523986131536-LeaderElection1: begin a pre-vote at term 0 for -1: [omNode-3|rpc:localhost:10340|priority:0, omNode-1|rpc:localhost:10328|priority:0, omNode-2|rpc:localhost:10334|priority:0], old=null
2021-01-12 11:00:58,205 [Thread-137] INFO  impl.FollowerState (FollowerState.java:run(133)) - omNode-2@group-523986131536-FollowerState: change to CANDIDATE, lastRpcElapsedTime:1121762774ns, electionTimeout:1115ms
2021-01-12 11:00:58,209 [Thread-137] INFO  impl.RoleInfo (RoleInfo.java:shutdownFollowerState(108)) - omNode-2: shutdown omNode-2@group-523986131536-FollowerState
2021-01-12 11:00:58,209 [Thread-137] INFO  server.RaftServer$Division (RaftServerImpl.java:setRole(283)) - omNode-2@group-523986131536: changes role from  FOLLOWER to CANDIDATE at term 0 for changeToCandidate
2021-01-12 11:00:58,209 [Thread-137] INFO  impl.RoleInfo (RoleInfo.java:updateAndGet(130)) - omNode-2: start omNode-2@group-523986131536-LeaderElection2
2021-01-12 11:00:58,228 [omNode-2@group-523986131536-LeaderElection2] INFO  impl.LeaderElection (LeaderElection.java:askForPreVotes(259)) - omNode-2@group-523986131536-LeaderElection2: begin a pre-vote at term 0 for -1: [omNode-3|rpc:localhost:10340|priority:0, omNode-1|rpc:localhost:10328|priority:0, omNode-2|rpc:localhost:10334|priority:0], old=null
2021-01-12 11:00:58,266 [omNode-1@group-523986131536-LeaderElection1] INFO  impl.LeaderElection (LogUtils.java:infoOrTrace(137)) - omNode-1@group-523986131536-LeaderElection1 got exception when requesting votes: java.util.concurrent.ExecutionException: org.apache.ratis.thirdparty.io.grpc.StatusRuntimeException: UNAVAILABLE: io exception
2021-01-12 11:00:58,279 [omNode-2@group-523986131536-LeaderElection2] INFO  impl.LeaderElection (LogUtils.java:infoOrTrace(137)) - omNode-2@group-523986131536-LeaderElection2 got exception when requesting votes: java.util.concurrent.ExecutionException: org.apache.ratis.thirdparty.io.grpc.StatusRuntimeException: UNAVAILABLE: io exception
2021-01-12 11:00:58,357 [grpc-default-executor-1] INFO  metrics.RatisMetrics (RatisMetrics.java:lambda$create$0(36)) - Creating Metrics Registry : ratis.server_message_metrics.omNode-2
2021-01-12 11:00:58,359 [grpc-default-executor-0] INFO  metrics.RatisMetrics (RatisMetrics.java:lambda$create$0(36)) - Creating Metrics Registry : ratis.server_message_metrics.omNode-1
2021-01-12 11:00:58,372 [grpc-default-executor-0] INFO  server.RaftServer$Division (RaftServerImpl.java:requestPreVote(1060)) - omNode-1@group-523986131536: receive preVote(omNode-2, group-523986131536, 0, (t:0, i:~))
2021-01-12 11:00:58,373 [grpc-default-executor-0] INFO  server.RaftServer$Division (RaftServerImpl.java:requestPreVote(1081)) - omNode-1@group-523986131536 role:CANDIDATE allow pre-vote from:omNode-2
2021-01-12 11:00:58,378 [grpc-default-executor-1] INFO  server.RaftServer$Division (RaftServerImpl.java:requestPreVote(1060)) - omNode-2@group-523986131536: receive preVote(omNode-1, group-523986131536, 0, (t:0, i:~))
2021-01-12 11:00:58,378 [grpc-default-executor-1] INFO  server.RaftServer$Division (RaftServerImpl.java:requestPreVote(1081)) - omNode-2@group-523986131536 role:CANDIDATE allow pre-vote from:omNode-1
2021-01-12 11:00:58,379 [grpc-default-executor-1] INFO  server.RaftServer$Division (RaftServerImpl.java:requestPreVote(1099)) - omNode-2@group-523986131536 replies to pre-vote request: omNode-1<-omNode-2#0:OK-t0. Peer's state: omNode-2@group-523986131536:t0, leader=null, voted=, raftlog=omNode-2@group-523986131536-SegmentedRaftLog:OPENED:c-1,f-1,i0, conf=-1: [omNode-3|rpc:localhost:10340|priority:0, omNode-1|rpc:localhost:10328|priority:0, omNode-2|rpc:localhost:10334|priority:0], old=null
2021-01-12 11:00:58,392 [grpc-default-executor-0] INFO  server.RaftServer$Division (RaftServerImpl.java:requestPreVote(1099)) - omNode-1@group-523986131536 replies to pre-vote request: omNode-2<-omNode-1#0:OK-t0. Peer's state: omNode-1@group-523986131536:t0, leader=null, voted=, raftlog=omNode-1@group-523986131536-SegmentedRaftLog:OPENED:c-1,f-1,i0, conf=-1: [omNode-3|rpc:localhost:10340|priority:0, omNode-1|rpc:localhost:10328|priority:0, omNode-2|rpc:localhost:10334|priority:0], old=null
2021-01-12 11:00:58,402 [omNode-2@group-523986131536-LeaderElection2] INFO  impl.LeaderElection (LeaderElection.java:logAndReturn(68)) - omNode-2@group-523986131536-LeaderElection2: Pre-vote  PASSED received 1 response(s):[omNode-2<-omNode-1#0:OK-t0]
2021-01-12 11:00:58,402 [omNode-1@group-523986131536-LeaderElection1] INFO  impl.LeaderElection (LeaderElection.java:logAndReturn(68)) - omNode-1@group-523986131536-LeaderElection1: Pre-vote  PASSED received 1 response(s):[omNode-1<-omNode-2#0:OK-t0]
2021-01-12 11:00:58,403 [omNode-2@group-523986131536-LeaderElection2] INFO  impl.LeaderElection (LogUtils.java:infoOrTrace(137)) -   Exception 0: java.util.concurrent.ExecutionException: org.apache.ratis.thirdparty.io.grpc.StatusRuntimeException: UNAVAILABLE: io exception
2021-01-12 11:00:58,403 [omNode-2@group-523986131536-LeaderElection2] INFO  impl.LeaderElection (LeaderElection.java:askForPreVotes(261)) - omNode-2@group-523986131536-LeaderElection2 pre-vote result is PASSED.
2021-01-12 11:00:58,403 [omNode-1@group-523986131536-LeaderElection1] INFO  impl.LeaderElection (LogUtils.java:infoOrTrace(137)) -   Exception 0: java.util.concurrent.ExecutionException: org.apache.ratis.thirdparty.io.grpc.StatusRuntimeException: UNAVAILABLE: io exception
2021-01-12 11:00:58,403 [omNode-1@group-523986131536-LeaderElection1] INFO  impl.LeaderElection (LeaderElection.java:askForPreVotes(261)) - omNode-1@group-523986131536-LeaderElection1 pre-vote result is PASSED.
2021-01-12 11:00:58,406 [omNode-1@group-523986131536-LeaderElection1] INFO  impl.LeaderElection (LeaderElection.java:askForVotes(308)) - omNode-1@group-523986131536-LeaderElection1: begin an election at term 1 for -1: [omNode-3|rpc:localhost:10340|priority:0, omNode-1|rpc:localhost:10328|priority:0, omNode-2|rpc:localhost:10334|priority:0], old=null
2021-01-12 11:00:58,406 [omNode-2@group-523986131536-LeaderElection2] INFO  impl.LeaderElection (LeaderElection.java:askForVotes(308)) - omNode-2@group-523986131536-LeaderElection2: begin an election at term 1 for -1: [omNode-3|rpc:localhost:10340|priority:0, omNode-1|rpc:localhost:10328|priority:0, omNode-2|rpc:localhost:10334|priority:0], old=null
2021-01-12 11:00:58,418 [omNode-1@group-523986131536-LeaderElection1] INFO  impl.LeaderElection (LogUtils.java:infoOrTrace(137)) - omNode-1@group-523986131536-LeaderElection1 got exception when requesting votes: java.util.concurrent.ExecutionException: org.apache.ratis.thirdparty.io.grpc.StatusRuntimeException: UNAVAILABLE: io exception
2021-01-12 11:00:58,419 [omNode-2@group-523986131536-LeaderElection2] INFO  impl.LeaderElection (LogUtils.java:infoOrTrace(137)) - omNode-2@group-523986131536-LeaderElection2 got exception when requesting votes: java.util.concurrent.ExecutionException: org.apache.ratis.thirdparty.io.grpc.StatusRuntimeException: UNAVAILABLE: io exception
2021-01-12 11:00:58,425 [omNode-1@group-523986131536-LeaderElection1] INFO  impl.LeaderElection (LeaderElection.java:logAndReturn(68)) - omNode-1@group-523986131536-LeaderElection1: Election  REJECTED received 1 response(s):[omNode-1<-omNode-2#0:FAIL-t1]
2021-01-12 11:00:58,425 [omNode-1@group-523986131536-LeaderElection1] INFO  impl.LeaderElection (LogUtils.java:infoOrTrace(137)) -   Exception 0: java.util.concurrent.ExecutionException: org.apache.ratis.thirdparty.io.grpc.StatusRuntimeException: UNAVAILABLE: io exception
2021-01-12 11:00:58,427 [omNode-1@group-523986131536-LeaderElection1] INFO  server.RaftServer$Division (RaftServerImpl.java:setRole(283)) - omNode-1@group-523986131536: changes role from CANDIDATE to FOLLOWER at term 1 for DISCOVERED_A_NEW_TERM
2021-01-12 11:00:58,427 [omNode-1@group-523986131536-LeaderElection1] INFO  impl.RoleInfo (RoleInfo.java:shutdownLeaderElection(121)) - omNode-1: shutdown omNode-1@group-523986131536-LeaderElection1
2021-01-12 11:00:58,428 [omNode-1@group-523986131536-LeaderElection1] INFO  impl.RoleInfo (RoleInfo.java:updateAndGet(130)) - omNode-1: start omNode-1@group-523986131536-FollowerState
2021-01-12 11:00:58,432 [omNode-2@group-523986131536-LeaderElection2] INFO  impl.LeaderElection (LeaderElection.java:logAndReturn(68)) - omNode-2@group-523986131536-LeaderElection2: Election  REJECTED received 1 response(s):[omNode-2<-omNode-1#0:FAIL-t1]
2021-01-12 11:00:58,432 [omNode-2@group-523986131536-LeaderElection2] INFO  impl.LeaderElection (LogUtils.java:infoOrTrace(137)) -   Exception 0: java.util.concurrent.ExecutionException: org.apache.ratis.thirdparty.io.grpc.StatusRuntimeException: UNAVAILABLE: io exception
2021-01-12 11:00:58,432 [omNode-2@group-523986131536-LeaderElection2] INFO  server.RaftServer$Division (RaftServerImpl.java:setRole(283)) - omNode-2@group-523986131536: changes role from CANDIDATE to FOLLOWER at term 1 for DISCOVERED_A_NEW_TERM
2021-01-12 11:00:58,432 [omNode-2@group-523986131536-LeaderElection2] INFO  impl.RoleInfo (RoleInfo.java:shutdownLeaderElection(121)) - omNode-2: shutdown omNode-2@group-523986131536-LeaderElection2
2021-01-12 11:00:58,433 [omNode-2@group-523986131536-LeaderElection2] INFO  impl.RoleInfo (RoleInfo.java:updateAndGet(130)) - omNode-2: start omNode-2@group-523986131536-FollowerState
2021-01-12 11:00:59,431 [Thread-194] INFO  impl.FollowerState (FollowerState.java:run(133)) - omNode-1@group-523986131536-FollowerState: change to CANDIDATE, lastRpcElapsedTime:1003534623ns, electionTimeout:1002ms
2021-01-12 11:00:59,432 [Thread-194] INFO  impl.RoleInfo (RoleInfo.java:shutdownFollowerState(108)) - omNode-1: shutdown omNode-1@group-523986131536-FollowerState
2021-01-12 11:00:59,432 [Thread-194] INFO  server.RaftServer$Division (RaftServerImpl.java:setRole(283)) - omNode-1@group-523986131536: changes role from  FOLLOWER to CANDIDATE at term 1 for changeToCandidate
2021-01-12 11:00:59,443 [Thread-194] INFO  impl.RoleInfo (RoleInfo.java:updateAndGet(130)) - omNode-1: start omNode-1@group-523986131536-LeaderElection3
2021-01-12 11:00:59,444 [omNode-1@group-523986131536-LeaderElection3] INFO  impl.LeaderElection (LeaderElection.java:askForPreVotes(259)) - omNode-1@group-523986131536-LeaderElection3: begin a pre-vote at term 1 for -1: [omNode-3|rpc:localhost:10340|priority:0, omNode-1|rpc:localhost:10328|priority:0, omNode-2|rpc:localhost:10334|priority:0], old=null
2021-01-12 11:00:59,445 [omNode-1@group-523986131536-LeaderElection3] INFO  impl.LeaderElection (LogUtils.java:infoOrTrace(137)) - omNode-1@group-523986131536-LeaderElection3 got exception when requesting votes: java.util.concurrent.ExecutionException: org.apache.ratis.thirdparty.io.grpc.StatusRuntimeException: UNAVAILABLE: io exception
2021-01-12 11:00:59,450 [grpc-default-executor-1] INFO  server.RaftServer$Division (RaftServerImpl.java:requestPreVote(1060)) - omNode-2@group-523986131536: receive preVote(omNode-1, group-523986131536, 1, (t:0, i:~))
2021-01-12 11:00:59,450 [grpc-default-executor-1] INFO  server.RaftServer$Division (RaftServerImpl.java:requestPreVote(1081)) - omNode-2@group-523986131536 role: FOLLOWER allow pre-vote from:omNode-1
2021-01-12 11:00:59,451 [grpc-default-executor-1] INFO  server.RaftServer$Division (RaftServerImpl.java:requestPreVote(1099)) - omNode-2@group-523986131536 replies to pre-vote request: omNode-1<-omNode-2#0:OK-t1. Peer's state: omNode-2@group-523986131536:t1, leader=null, voted=omNode-2, raftlog=omNode-2@group-523986131536-SegmentedRaftLog:OPENED:c-1,f-1,i0, conf=-1: [omNode-3|rpc:localhost:10340|priority:0, omNode-1|rpc:localhost:10328|priority:0, omNode-2|rpc:localhost:10334|priority:0], old=null
2021-01-12 11:00:59,460 [omNode-1@group-523986131536-LeaderElection3] INFO  impl.LeaderElection (LeaderElection.java:logAndReturn(68)) - omNode-1@group-523986131536-LeaderElection3: Pre-vote  PASSED received 1 response(s):[omNode-1<-omNode-2#0:OK-t1]
2021-01-12 11:00:59,460 [omNode-1@group-523986131536-LeaderElection3] INFO  impl.LeaderElection (LogUtils.java:infoOrTrace(137)) -   Exception 0: java.util.concurrent.ExecutionException: org.apache.ratis.thirdparty.io.grpc.StatusRuntimeException: UNAVAILABLE: io exception
2021-01-12 11:00:59,460 [omNode-1@group-523986131536-LeaderElection3] INFO  impl.LeaderElection (LeaderElection.java:askForPreVotes(261)) - omNode-1@group-523986131536-LeaderElection3 pre-vote result is PASSED.
2021-01-12 11:00:59,461 [omNode-1@group-523986131536-LeaderElection3] INFO  impl.LeaderElection (LeaderElection.java:askForVotes(308)) - omNode-1@group-523986131536-LeaderElection3: begin an election at term 2 for -1: [omNode-3|rpc:localhost:10340|priority:0, omNode-1|rpc:localhost:10328|priority:0, omNode-2|rpc:localhost:10334|priority:0], old=null
2021-01-12 11:00:59,462 [omNode-1@group-523986131536-LeaderElection3] INFO  impl.LeaderElection (LogUtils.java:infoOrTrace(137)) - omNode-1@group-523986131536-LeaderElection3 got exception when requesting votes: java.util.concurrent.ExecutionException: org.apache.ratis.thirdparty.io.grpc.StatusRuntimeException: UNAVAILABLE: io exception
2021-01-12 11:00:59,465 [grpc-default-executor-1] INFO  server.RaftServer$Division (RaftServerImpl.java:setRole(283)) - omNode-2@group-523986131536: changes role from  FOLLOWER to FOLLOWER at term 2 for recognizeCandidate:omNode-1
2021-01-12 11:00:59,465 [grpc-default-executor-1] INFO  impl.RoleInfo (RoleInfo.java:shutdownFollowerState(108)) - omNode-2: shutdown omNode-2@group-523986131536-FollowerState
2021-01-12 11:00:59,465 [grpc-default-executor-1] INFO  impl.RoleInfo (RoleInfo.java:updateAndGet(130)) - omNode-2: start omNode-2@group-523986131536-FollowerState
2021-01-12 11:00:59,465 [Thread-195] INFO  impl.FollowerState (FollowerState.java:run(142)) - omNode-2@group-523986131536-FollowerState was interrupted: {}
java.lang.InterruptedException: sleep interrupted
	at java.lang.Thread.sleep(Native Method)
	at java.lang.Thread.sleep(Thread.java:340)
	at java.util.concurrent.TimeUnit.sleep(TimeUnit.java:386)
	at org.apache.ratis.util.TimeDuration.sleep(TimeDuration.java:324)
	at org.apache.ratis.util.TimeDuration.sleep(TimeDuration.java:309)
	at org.apache.ratis.server.impl.FollowerState.run(FollowerState.java:117)
2021-01-12 11:00:59,470 [grpc-default-executor-1] INFO  server.RaftServer$Division (RaftServerImpl.java:requestVote(1137)) -  FOLLOWER omNode-2@group-523986131536:t2, leader=null, voted=null, raftlog=omNode-2@group-523986131536-SegmentedRaftLog:OPENED:c-1,f-1,i0, conf=-1: [omNode-3|rpc:localhost:10340|priority:0, omNode-1|rpc:localhost:10328|priority:0, omNode-2|rpc:localhost:10334|priority:0], old=null RUNNING priority:0 candidate:omNode-1|rpc:localhost:10328|priority:0 candidatePriority:0 compare:0
2021-01-12 11:00:59,473 [omNode-1@group-523986131536-LeaderElection3] INFO  impl.LeaderElection (LeaderElection.java:logAndReturn(68)) - omNode-1@group-523986131536-LeaderElection3: Election  PASSED received 1 response(s):[omNode-1<-omNode-2#0:OK-t2]
2021-01-12 11:00:59,473 [omNode-1@group-523986131536-LeaderElection3] INFO  impl.LeaderElection (LogUtils.java:infoOrTrace(137)) -   Exception 0: java.util.concurrent.ExecutionException: org.apache.ratis.thirdparty.io.grpc.StatusRuntimeException: UNAVAILABLE: io exception
2021-01-12 11:00:59,473 [omNode-1@group-523986131536-LeaderElection3] INFO  impl.RoleInfo (RoleInfo.java:shutdownLeaderElection(121)) - omNode-1: shutdown omNode-1@group-523986131536-LeaderElection3
2021-01-12 11:00:59,473 [omNode-1@group-523986131536-LeaderElection3] INFO  server.RaftServer$Division (RaftServerImpl.java:setRole(283)) - omNode-1@group-523986131536: changes role from CANDIDATE to LEADER at term 2 for changeToLeader
2021-01-12 11:00:59,473 [omNode-1@group-523986131536-LeaderElection3] INFO  server.RaftServer$Division (ServerState.java:setLeader(249)) - omNode-1@group-523986131536: change Leader from null to omNode-1 at term 2 for becomeLeader, leader elected after 2775ms
2021-01-12 11:00:59,479 [omNode-1@group-523986131536-LeaderElection3] INFO  server.RaftServerConfigKeys (ConfUtils.java:logGet(44)) - raft.server.staging.catchup.gap = 1000 (default)
2021-01-12 11:00:59,485 [omNode-1@group-523986131536-LeaderElection3] INFO  metrics.RatisMetrics (RatisMetrics.java:lambda$create$0(36)) - Creating Metrics Registry : ratis.log_appender.omNode-1@group-523986131536
2021-01-12 11:00:59,487 [omNode-1@group-523986131536-LeaderElection3] INFO  server.RaftServerConfigKeys (ConfUtils.java:logGet(44)) - raft.server.write.element-limit = 4096 (default)
2021-01-12 11:00:59,487 [omNode-1@group-523986131536-LeaderElection3] INFO  server.RaftServerConfigKeys (ConfUtils.java:logGet(44)) - raft.server.write.byte-limit = 64MB (=67108864) (default)
2021-01-12 11:00:59,492 [omNode-1@group-523986131536-LeaderElection3] INFO  server.RaftServerConfigKeys (ConfUtils.java:logGet(44)) - raft.server.watch.timeout = 10s (default)
2021-01-12 11:00:59,492 [omNode-1@group-523986131536-LeaderElection3] INFO  server.RaftServerConfigKeys (ConfUtils.java:logGet(44)) - raft.server.watch.timeout.denomination = 1s (default)
2021-01-12 11:00:59,492 [omNode-1@group-523986131536-LeaderElection3] INFO  server.RaftServerConfigKeys (ConfUtils.java:logGet(44)) - raft.server.watch.element-limit = 65536 (default)
2021-01-12 11:00:59,500 [omNode-1@group-523986131536-LeaderElection3] INFO  server.RaftServerConfigKeys (ConfUtils.java:logGet(44)) - raft.server.log.appender.snapshot.chunk.size.max = 16MB (=16777216) (default)
2021-01-12 11:00:59,500 [omNode-1@group-523986131536-LeaderElection3] INFO  server.RaftServerConfigKeys (ConfUtils.java:logGet(44)) - raft.server.log.appender.buffer.byte-limit = 33554432 (custom)
2021-01-12 11:00:59,501 [omNode-1@group-523986131536-LeaderElection3] INFO  server.RaftServerConfigKeys (ConfUtils.java:logGet(44)) - raft.server.log.appender.buffer.element-limit = 1024 (custom)
2021-01-12 11:00:59,503 [omNode-1@group-523986131536-LeaderElection3] INFO  grpc.GrpcConfigKeys (ConfUtils.java:logGet(44)) - raft.grpc.server.leader.outstanding.appends.max = 128 (default)
2021-01-12 11:00:59,503 [omNode-1@group-523986131536-LeaderElection3] INFO  server.RaftServerConfigKeys (ConfUtils.java:logGet(44)) - raft.server.rpc.request.timeout = 3000ms (default)
2021-01-12 11:00:59,503 [omNode-1@group-523986131536-LeaderElection3] INFO  server.RaftServerConfigKeys (ConfUtils.java:logGet(44)) - raft.server.log.appender.install.snapshot.enabled = false (custom)
2021-01-12 11:00:59,504 [omNode-1@group-523986131536-LeaderElection3] INFO  metrics.RatisMetrics (RatisMetrics.java:lambda$create$0(36)) - Creating Metrics Registry : ratis_grpc.log_appender.omNode-1@group-523986131536
2021-01-12 11:00:59,507 [omNode-1@group-523986131536-LeaderElection3] INFO  server.RaftServerConfigKeys (ConfUtils.java:logGet(44)) - raft.server.log.appender.snapshot.chunk.size.max = 16MB (=16777216) (default)
2021-01-12 11:00:59,507 [omNode-1@group-523986131536-LeaderElection3] INFO  server.RaftServerConfigKeys (ConfUtils.java:logGet(44)) - raft.server.log.appender.buffer.byte-limit = 33554432 (custom)
2021-01-12 11:00:59,507 [omNode-1@group-523986131536-LeaderElection3] INFO  server.RaftServerConfigKeys (ConfUtils.java:logGet(44)) - raft.server.log.appender.buffer.element-limit = 1024 (custom)
2021-01-12 11:00:59,507 [omNode-1@group-523986131536-LeaderElection3] INFO  grpc.GrpcConfigKeys (ConfUtils.java:logGet(44)) - raft.grpc.server.leader.outstanding.appends.max = 128 (default)
2021-01-12 11:00:59,507 [omNode-1@group-523986131536-LeaderElection3] INFO  server.RaftServerConfigKeys (ConfUtils.java:logGet(44)) - raft.server.rpc.request.timeout = 3000ms (default)
2021-01-12 11:00:59,508 [omNode-1@group-523986131536-LeaderElection3] INFO  server.RaftServerConfigKeys (ConfUtils.java:logGet(44)) - raft.server.log.appender.install.snapshot.enabled = false (custom)
2021-01-12 11:00:59,510 [omNode-1@group-523986131536-LeaderElection3] INFO  impl.RoleInfo (RoleInfo.java:updateAndGet(130)) - omNode-1: start omNode-1@group-523986131536-LeaderStateImpl
2021-01-12 11:00:59,523 [omNode-1@group-523986131536-LeaderElection3] INFO  segmented.SegmentedRaftLogWorker (SegmentedRaftLogWorker.java:startLogSegment(392)) - omNode-1@group-523986131536-SegmentedRaftLogWorker: Starting segment from index:0
2021-01-12 11:00:59,542 [omNode-1@group-523986131536-LeaderElection3] INFO  server.RaftServer$Division (ServerState.java:setRaftConf(368)) - omNode-1@group-523986131536: set configuration 0: [omNode-3|rpc:localhost:10340|dataStream:|priority:0, omNode-1|rpc:localhost:10328|dataStream:|priority:0, omNode-2|rpc:localhost:10334|dataStream:|priority:0], old=null
2021-01-12 11:00:59,549 [grpc-default-executor-1] WARN  server.GrpcLogAppender (LogUtils.java:warn(122)) - omNode-1@group-523986131536->omNode-3-AppendLogResponseHandler: Failed appendEntries: org.apache.ratis.thirdparty.io.grpc.StatusRuntimeException: UNAVAILABLE: io exception
2021-01-12 11:00:59,555 [grpc-default-executor-1] WARN  server.GrpcLogAppender (GrpcLogAppender.java:resetClient(111)) - omNode-1@group-523986131536->omNode-3-GrpcLogAppender: Leader has not got in touch with Follower omNode-1@group-523986131536->omNode-3(c-1,m0,n0, attendVote=true, lastRpcSendTime=1260, lastRpcResponseTime=1260) yet, just keep nextIndex unchanged and retry.
2021-01-12 11:00:59,572 [grpc-default-executor-1] INFO  server.RaftServer$Division (ServerState.java:setLeader(249)) - omNode-2@group-523986131536: change Leader from null to omNode-1 at term 2 for appendEntries, leader elected after 2524ms
2021-01-12 11:00:59,572 [grpc-default-executor-0] WARN  server.GrpcLogAppender (LogUtils.java:warn(122)) - omNode-1@group-523986131536->omNode-3-AppendLogResponseHandler: Failed appendEntries: org.apache.ratis.thirdparty.io.grpc.StatusRuntimeException: UNAVAILABLE: io exception
2021-01-12 11:00:59,580 [grpc-default-executor-0] WARN  server.GrpcLogAppender (GrpcLogAppender.java:resetClient(111)) - omNode-1@group-523986131536->omNode-3-GrpcLogAppender: Leader has not got in touch with Follower omNode-1@group-523986131536->omNode-3(c-1,m0,n1, attendVote=true, lastRpcSendTime=7, lastRpcResponseTime=1284) yet, just keep nextIndex unchanged and retry.
2021-01-12 11:00:59,597 [grpc-default-executor-1] INFO  server.RaftServer$Division (ServerState.java:setRaftConf(368)) - omNode-2@group-523986131536: set configuration 0: [omNode-3|rpc:localhost:10340|dataStream:|priority:0, omNode-1|rpc:localhost:10328|dataStream:|priority:0, omNode-2|rpc:localhost:10334|dataStream:|priority:0], old=null
2021-01-12 11:00:59,597 [grpc-default-executor-1] INFO  segmented.SegmentedRaftLogWorker (SegmentedRaftLogWorker.java:startLogSegment(392)) - omNode-2@group-523986131536-SegmentedRaftLogWorker: Starting segment from index:0
2021-01-12 11:00:59,726 [omNode-1@group-523986131536-SegmentedRaftLogWorker] INFO  segmented.SegmentedRaftLogWorker (SegmentedRaftLogWorker.java:execute(599)) - omNode-1@group-523986131536-SegmentedRaftLogWorker: created new log segment /github/workspace/mnt/ozone/hadoop-ozone/integration-test/target/test-dir/MiniOzoneClusterImpl-124e3b68-9dbf-46e5-878a-8eb0ed2fbb06/omNode-1/ratis/c9bc4cf4-3bc3-3c60-a66b-523986131536/current/log_inprogress_0
2021-01-12 11:00:59,726 [omNode-2@group-523986131536-SegmentedRaftLogWorker] INFO  segmented.SegmentedRaftLogWorker (SegmentedRaftLogWorker.java:execute(599)) - omNode-2@group-523986131536-SegmentedRaftLogWorker: created new log segment /github/workspace/mnt/ozone/hadoop-ozone/integration-test/target/test-dir/MiniOzoneClusterImpl-124e3b68-9dbf-46e5-878a-8eb0ed2fbb06/omNode-2/ratis/c9bc4cf4-3bc3-3c60-a66b-523986131536/current/log_inprogress_0
2021-01-12 11:01:00,081 [grpc-default-executor-1] WARN  server.GrpcLogAppender (LogUtils.java:warn(122)) - omNode-1@group-523986131536->omNode-3-AppendLogResponseHandler: Failed appendEntries: org.apache.ratis.thirdparty.io.grpc.StatusRuntimeException: UNAVAILABLE: io exception
2021-01-12 11:01:00,084 [grpc-default-executor-1] WARN  server.GrpcLogAppender (GrpcLogAppender.java:resetClient(111)) - omNode-1@group-523986131536->omNode-3-GrpcLogAppender: Leader has not got in touch with Follower omNode-1@group-523986131536->omNode-3(c-1,m0,n1, attendVote=true, lastRpcSendTime=3, lastRpcResponseTime=1788) yet, just keep nextIndex unchanged and retry.
2021-01-12 11:01:00,581 [grpc-default-executor-1] WARN  server.GrpcLogAppender (LogUtils.java:warn(122)) - omNode-1@group-523986131536->omNode-3-AppendLogResponseHandler: Failed appendEntries: org.apache.ratis.thirdparty.io.grpc.StatusRuntimeException: UNAVAILABLE: io exception
2021-01-12 11:01:00,582 [grpc-default-executor-1] WARN  server.GrpcLogAppender (GrpcLogAppender.java:resetClient(111)) - omNode-1@group-523986131536->omNode-3-GrpcLogAppender: Leader has not got in touch with Follower omNode-1@group-523986131536->omNode-3(c-1,m0,n1, attendVote=true, lastRpcSendTime=501, lastRpcResponseTime=2286) yet, just keep nextIndex unchanged and retry.
2021-01-12 11:01:01,086 [grpc-default-executor-1] WARN  server.GrpcLogAppender (LogUtils.java:warn(122)) - omNode-1@group-523986131536->omNode-3-AppendLogResponseHandler: Failed appendEntries: org.apache.ratis.thirdparty.io.grpc.StatusRuntimeException: UNAVAILABLE: io exception
2021-01-12 11:01:01,087 [grpc-default-executor-1] WARN  server.GrpcLogAppender (GrpcLogAppender.java:resetClient(111)) - omNode-1@group-523986131536->omNode-3-GrpcLogAppender: Leader has not got in touch with Follower omNode-1@group-523986131536->omNode-3(c-1,m0,n1, attendVote=true, lastRpcSendTime=0, lastRpcResponseTime=2791) yet, just keep nextIndex unchanged and retry.
2021-01-12 11:01:01,586 [grpc-default-executor-1] WARN  server.GrpcLogAppender (LogUtils.java:warn(122)) - omNode-1@group-523986131536->omNode-3-AppendLogResponseHandler: Failed appendEntries: org.apache.ratis.thirdparty.io.grpc.StatusRuntimeException: UNAVAILABLE: io exception
2021-01-12 11:01:01,587 [grpc-default-executor-1] WARN  server.GrpcLogAppender (GrpcLogAppender.java:resetClient(111)) - omNode-1@group-523986131536->omNode-3-GrpcLogAppender: Leader has not got in touch with Follower omNode-1@group-523986131536->omNode-3(c-1,m0,n1, attendVote=true, lastRpcSendTime=0, lastRpcResponseTime=3291) yet, just keep nextIndex unchanged and retry.
2021-01-12 11:01:02,087 [grpc-default-executor-1] WARN  server.GrpcLogAppender (LogUtils.java:warn(122)) - omNode-1@group-523986131536->omNode-3-AppendLogResponseHandler: Failed appendEntries: org.apache.ratis.thirdparty.io.grpc.StatusRuntimeException: UNAVAILABLE: io exception
2021-01-12 11:01:02,088 [grpc-default-executor-1] WARN  server.GrpcLogAppender (GrpcLogAppender.java:resetClient(111)) - omNode-1@group-523986131536->omNode-3-GrpcLogAppender: Leader has not got in touch with Follower omNode-1@group-523986131536->omNode-3(c-1,m0,n1, attendVote=true, lastRpcSendTime=0, lastRpcResponseTime=3792) yet, just keep nextIndex unchanged and retry.
2021-01-12 11:01:02,588 [grpc-default-executor-1] WARN  server.GrpcLogAppender (LogUtils.java:warn(122)) - omNode-1@group-523986131536->omNode-3-AppendLogResponseHandler: Failed appendEntries: org.apache.ratis.thirdparty.io.grpc.StatusRuntimeException: UNAVAILABLE: io exception
2021-01-12 11:01:02,589 [grpc-default-executor-1] WARN  server.GrpcLogAppender (GrpcLogAppender.java:resetClient(111)) - omNode-1@group-523986131536->omNode-3-GrpcLogAppender: Leader has not got in touch with Follower omNode-1@group-523986131536->omNode-3(c-1,m0,n1, attendVote=true, lastRpcSendTime=1, lastRpcResponseTime=4293) yet, just keep nextIndex unchanged and retry.
2021-01-12 11:01:02,910 [Listener at 127.0.0.1/10336] INFO  http.BaseHttpServer (BaseHttpServer.java:updateConnectorAddress(327)) - HTTP server of hddsDatanode listening at http://0.0.0.0:45971
2021-01-12 11:01:02,912 [Listener at 127.0.0.1/10336] INFO  impl.MetricsSystemImpl (MetricsSystemImpl.java:init(158)) - HddsDatanode metrics system started (again)
2021-01-12 11:01:02,915 [Listener at 127.0.0.1/10336] INFO  ozone.HddsDatanodeService (HddsDatanodeService.java:start(215)) - HddsDatanodeService host:5271166cf06f ip:172.17.0.2
2021-01-12 11:01:02,926 [Listener at 127.0.0.1/10336] INFO  volume.HddsVolume (HddsVolume.java:<init>(176)) - Creating Volume: /github/workspace/mnt/ozone/hadoop-ozone/integration-test/target/test-dir/MiniOzoneClusterImpl-124e3b68-9dbf-46e5-878a-8eb0ed2fbb06/datanode-1/data-0/containers/hdds of storage type : DISK and capacity : 9223372036854775807
2021-01-12 11:01:02,927 [Listener at 127.0.0.1/10336] INFO  volume.MutableVolumeSet (MutableVolumeSet.java:initializeVolumeSet(179)) - Added Volume : /github/workspace/mnt/ozone/hadoop-ozone/integration-test/target/test-dir/MiniOzoneClusterImpl-124e3b68-9dbf-46e5-878a-8eb0ed2fbb06/datanode-1/data-0/containers/hdds to VolumeSet
2021-01-12 11:01:02,927 [Listener at 127.0.0.1/10336] INFO  volume.ThrottledAsyncChecker (ThrottledAsyncChecker.java:schedule(141)) - Scheduling a check for /github/workspace/mnt/ozone/hadoop-ozone/integration-test/target/test-dir/MiniOzoneClusterImpl-124e3b68-9dbf-46e5-878a-8eb0ed2fbb06/datanode-1/data-0/containers/hdds
2021-01-12 11:01:02,952 [org.apache.hadoop.util.JvmPauseMonitor$Monitor@dd01759] INFO  util.JvmPauseMonitor (JvmPauseMonitor.java:run(188)) - Starting JVM pause monitor
2021-01-12 11:01:02,957 [Listener at 127.0.0.1/10336] INFO  volume.HddsVolumeChecker (HddsVolumeChecker.java:checkAllVolumes(200)) - Scheduled health check for volume /github/workspace/mnt/ozone/hadoop-ozone/integration-test/target/test-dir/MiniOzoneClusterImpl-124e3b68-9dbf-46e5-878a-8eb0ed2fbb06/datanode-1/data-0/containers/hdds
2021-01-12 11:01:02,993 [Thread-216] INFO  ozoneimpl.ContainerReader (ContainerReader.java:readVolume(123)) - Start to verify containers on volume /github/workspace/mnt/ozone/hadoop-ozone/integration-test/target/test-dir/MiniOzoneClusterImpl-124e3b68-9dbf-46e5-878a-8eb0ed2fbb06/datanode-1/data-0/containers/hdds
2021-01-12 11:01:02,994 [Thread-216] INFO  ozoneimpl.ContainerReader (ContainerReader.java:readVolume(148)) - Finish verifying containers on volume /github/workspace/mnt/ozone/hadoop-ozone/integration-test/target/test-dir/MiniOzoneClusterImpl-124e3b68-9dbf-46e5-878a-8eb0ed2fbb06/datanode-1/data-0/containers/hdds
2021-01-12 11:01:02,994 [Listener at 127.0.0.1/10336] INFO  ozoneimpl.OzoneContainer (OzoneContainer.java:buildContainerSet(206)) - Build ContainerSet costs 0s
2021-01-12 11:01:02,997 [Listener at 127.0.0.1/10336] INFO  server.RaftServer (ConfUtils.java:logGet(44)) - raft.rpc.type = GRPC (default)
2021-01-12 11:01:02,997 [Listener at 127.0.0.1/10336] INFO  grpc.GrpcFactory (GrpcFactory.java:checkPooledByteBufAllocatorUseCacheForAllThreads(48)) - PERFORMANCE WARNING: useCacheForAllThreads is true that may cause Netty to create a lot garbage objects and, as a result, trigger GC.
	It is recommended to disable useCacheForAllThreads by setting -Dorg.apache.ratis.thirdparty.io.netty.allocator.useCacheForAllThreads=false in command line.
2021-01-12 11:01:02,997 [Listener at 127.0.0.1/10336] INFO  grpc.GrpcConfigKeys (ConfUtils.java:logGet(44)) - raft.grpc.server.port = 0 (default)
2021-01-12 11:01:02,997 [Listener at 127.0.0.1/10336] INFO  server.GrpcService (ConfUtils.java:logGet(44)) - raft.grpc.message.size.max = 32MB (=33554432) (custom)
2021-01-12 11:01:02,997 [Listener at 127.0.0.1/10336] INFO  server.RaftServerConfigKeys (ConfUtils.java:logGet(44)) - raft.server.log.appender.buffer.byte-limit = 33554432 (custom)
2021-01-12 11:01:02,998 [Listener at 127.0.0.1/10336] INFO  server.GrpcService (ConfUtils.java:logGet(44)) - raft.grpc.flow.control.window = 5MB (=5242880) (custom)
2021-01-12 11:01:02,998 [Listener at 127.0.0.1/10336] INFO  server.RaftServerConfigKeys (ConfUtils.java:logGet(44)) - raft.server.rpc.request.timeout = 60s (custom)
2021-01-12 11:01:02,999 [Listener at 127.0.0.1/10336] INFO  impl.DataStreamServerImpl (ConfUtils.java:logGet(44)) - raft.datastream.type = DISABLED (default)
2021-01-12 11:01:02,999 [Listener at 127.0.0.1/10336] INFO  server.RaftServerConfigKeys (ConfUtils.java:logGet(44)) - raft.server.rpc.slowness.timeout = 300s (custom)
2021-01-12 11:01:02,999 [Listener at 127.0.0.1/10336] INFO  server.RaftServerConfigKeys (ConfUtils.java:logGet(44)) - raft.server.leaderelection.leader.step-down.wait-time = 10s (default)
2021-01-12 11:01:02,999 [Listener at 127.0.0.1/10336] INFO  server.RaftServerConfigKeys (ConfUtils.java:logGet(44)) - raft.server.storage.dir = [/github/workspace/mnt/ozone/hadoop-ozone/integration-test/target/test-dir/MiniOzoneClusterImpl-124e3b68-9dbf-46e5-878a-8eb0ed2fbb06/datanode-1/data/ratis] (custom)
2021-01-12 11:01:03,010 [Listener at 127.0.0.1/10336] INFO  http.BaseHttpServer (BaseHttpServer.java:newHttpServer2BuilderForOzone(207)) - Starting Web-server for hddsDatanode at: http://0.0.0.0:0
2021-01-12 11:01:03,011 [Listener at 127.0.0.1/10336] INFO  http.BaseHttpServer (BaseHttpServer.java:<init>(106)) - Hadoop Security Enabled: false Ozone Security Enabled: false Ozone HTTP Security Enabled: false 
2021-01-12 11:01:03,012 [Listener at 127.0.0.1/10336] INFO  server.AuthenticationFilter (AuthenticationFilter.java:constructSecretProvider(240)) - Unable to initialize FileSignerSecretProvider, falling back to use random secrets.
2021-01-12 11:01:03,016 [Listener at 127.0.0.1/10336] WARN  http.HttpRequestLog (HttpRequestLog.java:getRequestLog(103)) - Jetty request log can only be enabled using Log4j
2021-01-12 11:01:03,138 [Listener at 127.0.0.1/10336] INFO  http.HttpServer2 (HttpServer2.java:addGlobalFilter(1020)) - Added global filter 'safety' (class=org.apache.hadoop.hdds.server.http.HttpServer2$QuotingInputFilter)
2021-01-12 11:01:03,139 [Listener at 127.0.0.1/10336] INFO  http.HttpServer2 (HttpServer2.java:addFilter(996)) - Added filter static_user_filter (class=org.apache.hadoop.http.lib.StaticUserWebFilter$StaticUserFilter) to context hddsDatanode
2021-01-12 11:01:03,140 [Listener at 127.0.0.1/10336] INFO  http.HttpServer2 (HttpServer2.java:addFilter(1004)) - Added filter static_user_filter (class=org.apache.hadoop.http.lib.StaticUserWebFilter$StaticUserFilter) to context logs
2021-01-12 11:01:03,140 [Listener at 127.0.0.1/10336] INFO  http.HttpServer2 (HttpServer2.java:addFilter(1004)) - Added filter static_user_filter (class=org.apache.hadoop.http.lib.StaticUserWebFilter$StaticUserFilter) to context static
2021-01-12 11:01:03,140 [Listener at 127.0.0.1/10336] INFO  http.HttpServer2 (HttpServer2.java:bindListener(1238)) - Jetty bound to port 41871
2021-01-12 11:01:03,141 [Listener at 127.0.0.1/10336] INFO  server.Server (Server.java:doStart(375)) - jetty-9.4.34.v20201102; built: 2020-11-02T14:15:39.302Z; git: e46af88704a893fc12cb0e3bf46e2c7b48a009e7; jvm 1.8.0_232-b09
2021-01-12 11:01:03,142 [grpc-default-executor-1] WARN  server.GrpcLogAppender (LogUtils.java:warn(122)) - omNode-1@group-523986131536->omNode-3-AppendLogResponseHandler: Failed appendEntries: org.apache.ratis.thirdparty.io.grpc.StatusRuntimeException: UNAVAILABLE: io exception
2021-01-12 11:01:03,143 [grpc-default-executor-1] WARN  server.GrpcLogAppender (GrpcLogAppender.java:resetClient(111)) - omNode-1@group-523986131536->omNode-3-GrpcLogAppender: Leader has not got in touch with Follower omNode-1@group-523986131536->omNode-3(c-1,m0,n1, attendVote=true, lastRpcSendTime=0, lastRpcResponseTime=4847) yet, just keep nextIndex unchanged and retry.
2021-01-12 11:01:03,156 [Listener at 127.0.0.1/10336] INFO  server.session (DefaultSessionIdManager.java:doStart(334)) - DefaultSessionIdManager workerName=node0
2021-01-12 11:01:03,156 [Listener at 127.0.0.1/10336] INFO  server.session (DefaultSessionIdManager.java:doStart(339)) - No SessionScavenger set, using defaults
2021-01-12 11:01:03,156 [Listener at 127.0.0.1/10336] INFO  server.session (HouseKeeper.java:startScavenging(132)) - node0 Scavenging every 660000ms
2021-01-12 11:01:03,157 [Listener at 127.0.0.1/10336] INFO  handler.ContextHandler (ContextHandler.java:doStart(916)) - Started o.e.j.s.ServletContextHandler@1173a2f7{logs,/logs,file:///github/workspace/mnt/ozone/hadoop-ozone/integration-test/target/log,AVAILABLE}
2021-01-12 11:01:03,157 [Listener at 127.0.0.1/10336] INFO  handler.ContextHandler (ContextHandler.java:doStart(916)) - Started o.e.j.s.ServletContextHandler@63ba1a44{static,/static,jar:file:/home/user/.m2/repository/org/apache/hadoop/hadoop-hdds-container-service/1.1.0-SNAPSHOT/hadoop-hdds-container-service-1.1.0-SNAPSHOT.jar!/webapps/static,AVAILABLE}
2021-01-12 11:01:03,259 [Datanode State Machine Task Thread - 0] INFO  datanode.InitDatanodeState (InitDatanodeState.java:persistContainerDatanodeDetails(145)) - DatanodeDetails is persisted to /github/workspace/mnt/ozone/hadoop-ozone/integration-test/target/test-dir/MiniOzoneClusterImpl-124e3b68-9dbf-46e5-878a-8eb0ed2fbb06/datanode-0/meta/datanode.id
2021-01-12 11:01:03,361 [Listener at 127.0.0.1/10336] INFO  handler.ContextHandler (ContextHandler.java:doStart(916)) - Started o.e.j.w.WebAppContext@12040117{hddsDatanode,/,file:///tmp/jetty-0_0_0_0-41871-hadoop-hdds-container-service-1_1_0-SNAPSHOT_jar-_-any-6912839550616207499/webapp/,AVAILABLE}{jar:file:/home/user/.m2/repository/org/apache/hadoop/hadoop-hdds-container-service/1.1.0-SNAPSHOT/hadoop-hdds-container-service-1.1.0-SNAPSHOT.jar!/webapps/hddsDatanode}
2021-01-12 11:01:03,373 [Listener at 127.0.0.1/10336] INFO  server.AbstractConnector (AbstractConnector.java:doStart(331)) - Started ServerConnector@72a2f743{HTTP/1.1, (http/1.1)}{0.0.0.0:41871}
2021-01-12 11:01:03,374 [Listener at 127.0.0.1/10336] INFO  server.Server (Server.java:doStart(415)) - Started @10961ms
2021-01-12 11:01:03,374 [Listener at 127.0.0.1/10336] WARN  impl.MetricsSystemImpl (MetricsSystemImpl.java:register(276)) - Sink prometheus already exists!
2021-01-12 11:01:03,382 [Listener at 127.0.0.1/10336] INFO  http.BaseHttpServer (BaseHttpServer.java:updateConnectorAddress(327)) - HTTP server of hddsDatanode listening at http://0.0.0.0:41871
2021-01-12 11:01:03,390 [Listener at 127.0.0.1/10336] INFO  impl.MetricsSystemImpl (MetricsSystemImpl.java:init(158)) - HddsDatanode metrics system started (again)
2021-01-12 11:01:03,392 [Listener at 127.0.0.1/10336] INFO  ozone.HddsDatanodeService (HddsDatanodeService.java:start(215)) - HddsDatanodeService host:5271166cf06f ip:172.17.0.2
2021-01-12 11:01:03,406 [Listener at 127.0.0.1/10336] INFO  volume.HddsVolume (HddsVolume.java:<init>(176)) - Creating Volume: /github/workspace/mnt/ozone/hadoop-ozone/integration-test/target/test-dir/MiniOzoneClusterImpl-124e3b68-9dbf-46e5-878a-8eb0ed2fbb06/datanode-2/data-0/containers/hdds of storage type : DISK and capacity : 9223372036854775807
2021-01-12 11:01:03,406 [Listener at 127.0.0.1/10336] INFO  volume.MutableVolumeSet (MutableVolumeSet.java:initializeVolumeSet(179)) - Added Volume : /github/workspace/mnt/ozone/hadoop-ozone/integration-test/target/test-dir/MiniOzoneClusterImpl-124e3b68-9dbf-46e5-878a-8eb0ed2fbb06/datanode-2/data-0/containers/hdds to VolumeSet
2021-01-12 11:01:03,407 [Listener at 127.0.0.1/10336] INFO  volume.ThrottledAsyncChecker (ThrottledAsyncChecker.java:schedule(141)) - Scheduling a check for /github/workspace/mnt/ozone/hadoop-ozone/integration-test/target/test-dir/MiniOzoneClusterImpl-124e3b68-9dbf-46e5-878a-8eb0ed2fbb06/datanode-2/data-0/containers/hdds
2021-01-12 11:01:03,437 [Listener at 127.0.0.1/10336] INFO  volume.HddsVolumeChecker (HddsVolumeChecker.java:checkAllVolumes(200)) - Scheduled health check for volume /github/workspace/mnt/ozone/hadoop-ozone/integration-test/target/test-dir/MiniOzoneClusterImpl-124e3b68-9dbf-46e5-878a-8eb0ed2fbb06/datanode-2/data-0/containers/hdds
2021-01-12 11:01:03,470 [Thread-227] INFO  ozoneimpl.ContainerReader (ContainerReader.java:readVolume(123)) - Start to verify containers on volume /github/workspace/mnt/ozone/hadoop-ozone/integration-test/target/test-dir/MiniOzoneClusterImpl-124e3b68-9dbf-46e5-878a-8eb0ed2fbb06/datanode-2/data-0/containers/hdds
2021-01-12 11:01:03,471 [Thread-227] INFO  ozoneimpl.ContainerReader (ContainerReader.java:readVolume(148)) - Finish verifying containers on volume /github/workspace/mnt/ozone/hadoop-ozone/integration-test/target/test-dir/MiniOzoneClusterImpl-124e3b68-9dbf-46e5-878a-8eb0ed2fbb06/datanode-2/data-0/containers/hdds
2021-01-12 11:01:03,471 [Listener at 127.0.0.1/10336] INFO  ozoneimpl.OzoneContainer (OzoneContainer.java:buildContainerSet(206)) - Build ContainerSet costs 0s
2021-01-12 11:01:03,473 [Listener at 127.0.0.1/10336] INFO  server.RaftServer (ConfUtils.java:logGet(44)) - raft.rpc.type = GRPC (default)
2021-01-12 11:01:03,474 [Listener at 127.0.0.1/10336] INFO  grpc.GrpcFactory (GrpcFactory.java:checkPooledByteBufAllocatorUseCacheForAllThreads(48)) - PERFORMANCE WARNING: useCacheForAllThreads is true that may cause Netty to create a lot garbage objects and, as a result, trigger GC.
	It is recommended to disable useCacheForAllThreads by setting -Dorg.apache.ratis.thirdparty.io.netty.allocator.useCacheForAllThreads=false in command line.
2021-01-12 11:01:03,474 [Listener at 127.0.0.1/10336] INFO  grpc.GrpcConfigKeys (ConfUtils.java:logGet(44)) - raft.grpc.server.port = 0 (default)
2021-01-12 11:01:03,474 [Listener at 127.0.0.1/10336] INFO  server.GrpcService (ConfUtils.java:logGet(44)) - raft.grpc.message.size.max = 32MB (=33554432) (custom)
2021-01-12 11:01:03,474 [Listener at 127.0.0.1/10336] INFO  server.RaftServerConfigKeys (ConfUtils.java:logGet(44)) - raft.server.log.appender.buffer.byte-limit = 33554432 (custom)
2021-01-12 11:01:03,474 [Listener at 127.0.0.1/10336] INFO  server.GrpcService (ConfUtils.java:logGet(44)) - raft.grpc.flow.control.window = 5MB (=5242880) (custom)
2021-01-12 11:01:03,474 [Listener at 127.0.0.1/10336] INFO  server.RaftServerConfigKeys (ConfUtils.java:logGet(44)) - raft.server.rpc.request.timeout = 60s (custom)
2021-01-12 11:01:03,475 [Listener at 127.0.0.1/10336] INFO  impl.DataStreamServerImpl (ConfUtils.java:logGet(44)) - raft.datastream.type = DISABLED (default)
2021-01-12 11:01:03,475 [Listener at 127.0.0.1/10336] INFO  server.RaftServerConfigKeys (ConfUtils.java:logGet(44)) - raft.server.rpc.slowness.timeout = 300s (custom)
2021-01-12 11:01:03,475 [Listener at 127.0.0.1/10336] INFO  server.RaftServerConfigKeys (ConfUtils.java:logGet(44)) - raft.server.leaderelection.leader.step-down.wait-time = 10s (default)
2021-01-12 11:01:03,476 [Listener at 127.0.0.1/10336] INFO  server.RaftServerConfigKeys (ConfUtils.java:logGet(44)) - raft.server.storage.dir = [/github/workspace/mnt/ozone/hadoop-ozone/integration-test/target/test-dir/MiniOzoneClusterImpl-124e3b68-9dbf-46e5-878a-8eb0ed2fbb06/datanode-2/data/ratis] (custom)
2021-01-12 11:01:03,481 [Listener at 127.0.0.1/10336] INFO  http.BaseHttpServer (BaseHttpServer.java:newHttpServer2BuilderForOzone(207)) - Starting Web-server for hddsDatanode at: http://0.0.0.0:0
2021-01-12 11:01:03,482 [Listener at 127.0.0.1/10336] INFO  http.BaseHttpServer (BaseHttpServer.java:<init>(106)) - Hadoop Security Enabled: false Ozone Security Enabled: false Ozone HTTP Security Enabled: false 
2021-01-12 11:01:03,483 [Listener at 127.0.0.1/10336] INFO  server.AuthenticationFilter (AuthenticationFilter.java:constructSecretProvider(240)) - Unable to initialize FileSignerSecretProvider, falling back to use random secrets.
2021-01-12 11:01:03,489 [org.apache.hadoop.util.JvmPauseMonitor$Monitor@29130340] INFO  util.JvmPauseMonitor (JvmPauseMonitor.java:run(188)) - Starting JVM pause monitor
2021-01-12 11:01:03,493 [Listener at 127.0.0.1/10336] WARN  http.HttpRequestLog (HttpRequestLog.java:getRequestLog(103)) - Jetty request log can only be enabled using Log4j
2021-01-12 11:01:03,494 [Listener at 127.0.0.1/10336] INFO  http.HttpServer2 (HttpServer2.java:addGlobalFilter(1020)) - Added global filter 'safety' (class=org.apache.hadoop.hdds.server.http.HttpServer2$QuotingInputFilter)
2021-01-12 11:01:03,495 [Listener at 127.0.0.1/10336] INFO  http.HttpServer2 (HttpServer2.java:addFilter(996)) - Added filter static_user_filter (class=org.apache.hadoop.http.lib.StaticUserWebFilter$StaticUserFilter) to context hddsDatanode
2021-01-12 11:01:03,495 [Listener at 127.0.0.1/10336] INFO  http.HttpServer2 (HttpServer2.java:addFilter(1004)) - Added filter static_user_filter (class=org.apache.hadoop.http.lib.StaticUserWebFilter$StaticUserFilter) to context static
2021-01-12 11:01:03,495 [Listener at 127.0.0.1/10336] INFO  http.HttpServer2 (HttpServer2.java:addFilter(1004)) - Added filter static_user_filter (class=org.apache.hadoop.http.lib.StaticUserWebFilter$StaticUserFilter) to context logs
2021-01-12 11:01:03,496 [Listener at 127.0.0.1/10336] INFO  http.HttpServer2 (HttpServer2.java:bindListener(1238)) - Jetty bound to port 34843
2021-01-12 11:01:03,496 [Listener at 127.0.0.1/10336] INFO  server.Server (Server.java:doStart(375)) - jetty-9.4.34.v20201102; built: 2020-11-02T14:15:39.302Z; git: e46af88704a893fc12cb0e3bf46e2c7b48a009e7; jvm 1.8.0_232-b09
2021-01-12 11:01:03,514 [Listener at 127.0.0.1/10336] INFO  server.session (DefaultSessionIdManager.java:doStart(334)) - DefaultSessionIdManager workerName=node0
2021-01-12 11:01:03,514 [Listener at 127.0.0.1/10336] INFO  server.session (DefaultSessionIdManager.java:doStart(339)) - No SessionScavenger set, using defaults
2021-01-12 11:01:03,514 [Listener at 127.0.0.1/10336] INFO  server.session (HouseKeeper.java:startScavenging(132)) - node0 Scavenging every 660000ms
2021-01-12 11:01:03,515 [Listener at 127.0.0.1/10336] INFO  handler.ContextHandler (ContextHandler.java:doStart(916)) - Started o.e.j.s.ServletContextHandler@5c3a1a25{logs,/logs,file:///github/workspace/mnt/ozone/hadoop-ozone/integration-test/target/log,AVAILABLE}
2021-01-12 11:01:03,516 [Listener at 127.0.0.1/10336] INFO  handler.ContextHandler (ContextHandler.java:doStart(916)) - Started o.e.j.s.ServletContextHandler@73961a4a{static,/static,jar:file:/home/user/.m2/repository/org/apache/hadoop/hadoop-hdds-container-service/1.1.0-SNAPSHOT/hadoop-hdds-container-service-1.1.0-SNAPSHOT.jar!/webapps/static,AVAILABLE}
2021-01-12 11:01:03,543 [Datanode State Machine Task Thread - 0] INFO  datanode.InitDatanodeState (InitDatanodeState.java:persistContainerDatanodeDetails(145)) - DatanodeDetails is persisted to /github/workspace/mnt/ozone/hadoop-ozone/integration-test/target/test-dir/MiniOzoneClusterImpl-124e3b68-9dbf-46e5-878a-8eb0ed2fbb06/datanode-1/meta/datanode.id
2021-01-12 11:01:03,645 [grpc-default-executor-1] WARN  server.GrpcLogAppender (LogUtils.java:warn(122)) - omNode-1@group-523986131536->omNode-3-AppendLogResponseHandler: Failed appendEntries: org.apache.ratis.thirdparty.io.grpc.StatusRuntimeException: UNAVAILABLE: io exception
2021-01-12 11:01:03,647 [grpc-default-executor-1] WARN  server.GrpcLogAppender (GrpcLogAppender.java:resetClient(111)) - omNode-1@group-523986131536->omNode-3-GrpcLogAppender: Leader has not got in touch with Follower omNode-1@group-523986131536->omNode-3(c-1,m0,n1, attendVote=true, lastRpcSendTime=505, lastRpcResponseTime=5351) yet, just keep nextIndex unchanged and retry.
2021-01-12 11:01:03,765 [Listener at 127.0.0.1/10336] INFO  handler.ContextHandler (ContextHandler.java:doStart(916)) - Started o.e.j.w.WebAppContext@34d28e48{hddsDatanode,/,file:///tmp/jetty-0_0_0_0-34843-hadoop-hdds-container-service-1_1_0-SNAPSHOT_jar-_-any-3968743195950709330/webapp/,AVAILABLE}{jar:file:/home/user/.m2/repository/org/apache/hadoop/hadoop-hdds-container-service/1.1.0-SNAPSHOT/hadoop-hdds-container-service-1.1.0-SNAPSHOT.jar!/webapps/hddsDatanode}
2021-01-12 11:01:03,777 [Listener at 127.0.0.1/10336] INFO  server.AbstractConnector (AbstractConnector.java:doStart(331)) - Started ServerConnector@772483c6{HTTP/1.1, (http/1.1)}{0.0.0.0:34843}
2021-01-12 11:01:03,777 [Listener at 127.0.0.1/10336] INFO  server.Server (Server.java:doStart(415)) - Started @11365ms
2021-01-12 11:01:03,778 [Listener at 127.0.0.1/10336] WARN  impl.MetricsSystemImpl (MetricsSystemImpl.java:register(276)) - Sink prometheus already exists!
2021-01-12 11:01:03,781 [Listener at 127.0.0.1/10336] INFO  http.BaseHttpServer (BaseHttpServer.java:updateConnectorAddress(327)) - HTTP server of hddsDatanode listening at http://0.0.0.0:34843
2021-01-12 11:01:03,790 [Listener at 127.0.0.1/10336] INFO  ozone.MiniOzoneClusterImpl (MiniOzoneClusterImpl.java:lambda$waitForClusterToBeReady$0(179)) - Waiting for nodes to be ready. Got 0 of 3 DN Heartbeats.
2021-01-12 11:01:03,790 [Listener at 127.0.0.1/10336] INFO  ozone.MiniOzoneClusterImpl (MiniOzoneClusterImpl.java:lambda$waitForClusterToBeReady$0(182)) - Waiting for cluster to exit safe mode
2021-01-12 11:01:03,817 [org.apache.hadoop.util.JvmPauseMonitor$Monitor@16a5bf4d] INFO  util.JvmPauseMonitor (JvmPauseMonitor.java:run(188)) - Starting JVM pause monitor
2021-01-12 11:01:03,831 [Datanode State Machine Task Thread - 0] INFO  datanode.InitDatanodeState (InitDatanodeState.java:persistContainerDatanodeDetails(145)) - DatanodeDetails is persisted to /github/workspace/mnt/ozone/hadoop-ozone/integration-test/target/test-dir/MiniOzoneClusterImpl-124e3b68-9dbf-46e5-878a-8eb0ed2fbb06/datanode-2/meta/datanode.id
2021-01-12 11:01:04,154 [grpc-default-executor-1] WARN  server.GrpcLogAppender (LogUtils.java:warn(122)) - omNode-1@group-523986131536->omNode-3-AppendLogResponseHandler: Failed appendEntries: org.apache.ratis.thirdparty.io.grpc.StatusRuntimeException: UNAVAILABLE: io exception
2021-01-12 11:01:04,155 [grpc-default-executor-1] WARN  server.GrpcLogAppender (GrpcLogAppender.java:resetClient(111)) - omNode-1@group-523986131536->omNode-3-GrpcLogAppender: Leader has not got in touch with Follower omNode-1@group-523986131536->omNode-3(c-1,m0,n1, attendVote=true, lastRpcSendTime=0, lastRpcResponseTime=5859) yet, just keep nextIndex unchanged and retry.
2021-01-12 11:01:04,655 [grpc-default-executor-1] WARN  server.GrpcLogAppender (LogUtils.java:warn(122)) - omNode-1@group-523986131536->omNode-3-AppendLogResponseHandler: Failed appendEntries: org.apache.ratis.thirdparty.io.grpc.StatusRuntimeException: UNAVAILABLE: io exception
2021-01-12 11:01:04,656 [grpc-default-executor-1] WARN  server.GrpcLogAppender (GrpcLogAppender.java:resetClient(111)) - omNode-1@group-523986131536->omNode-3-GrpcLogAppender: Leader has not got in touch with Follower omNode-1@group-523986131536->omNode-3(c-1,m0,n1, attendVote=true, lastRpcSendTime=1, lastRpcResponseTime=6360) yet, just keep nextIndex unchanged and retry.
2021-01-12 11:01:04,791 [Listener at 127.0.0.1/10336] INFO  ozone.MiniOzoneClusterImpl (MiniOzoneClusterImpl.java:lambda$waitForClusterToBeReady$0(179)) - Waiting for nodes to be ready. Got 0 of 3 DN Heartbeats.
2021-01-12 11:01:04,791 [Listener at 127.0.0.1/10336] INFO  ozone.MiniOzoneClusterImpl (MiniOzoneClusterImpl.java:lambda$waitForClusterToBeReady$0(182)) - Waiting for cluster to exit safe mode
2021-01-12 11:01:05,006 [EndpointStateMachine task thread for /0.0.0.0:41487 - 0 ] INFO  ozoneimpl.OzoneContainer (OzoneContainer.java:start(255)) - Attempting to start container services.
2021-01-12 11:01:05,008 [EndpointStateMachine task thread for /0.0.0.0:41487 - 0 ] INFO  ozoneimpl.OzoneContainer (OzoneContainer.java:startContainerScrub(219)) - Background container scanner has been disabled.
2021-01-12 11:01:05,010 [EndpointStateMachine task thread for /0.0.0.0:41487 - 0 ] INFO  replication.ReplicationServer (ReplicationServer.java:start(111)) - ReplicationServer is started using port 46159
2021-01-12 11:01:05,011 [EndpointStateMachine task thread for /0.0.0.0:41487 - 0 ] INFO  ratis.XceiverServerRatis (XceiverServerRatis.java:start(455)) - Starting XceiverServerRatis 39b417ab-8504-4076-a6f4-79e16db1ab30 at port 0
2021-01-12 11:01:05,043 [EndpointStateMachine task thread for /0.0.0.0:41487 - 0 ] INFO  server.RaftServer (RaftServerProxy.java:lambda$start$5(372)) - 39b417ab-8504-4076-a6f4-79e16db1ab30: start RPC server
2021-01-12 11:01:05,049 [EndpointStateMachine task thread for /0.0.0.0:41487 - 0 ] INFO  server.GrpcService (GrpcService.java:startImpl(176)) - 39b417ab-8504-4076-a6f4-79e16db1ab30: GrpcService started, listening on 0.0.0.0/0.0.0.0:35129
2021-01-12 11:01:05,050 [EndpointStateMachine task thread for /0.0.0.0:41487 - 0 ] INFO  ratis.XceiverServerRatis (XceiverServerRatis.java:start(467)) - XceiverServerRatis 39b417ab-8504-4076-a6f4-79e16db1ab30 is started using port 35129
2021-01-12 11:01:05,056 [EndpointStateMachine task thread for /0.0.0.0:41487 - 0 ] INFO  server.XceiverServerGrpc (XceiverServerGrpc.java:start(139)) - XceiverServerGrpc 39b417ab-8504-4076-a6f4-79e16db1ab30 is started using port 33589
2021-01-12 11:01:05,061 [org.apache.ratis.util.JvmPauseMonitor$$Lambda$305/1752459994@2d0968db] INFO  util.JvmPauseMonitor (JvmPauseMonitor.java:run(103)) - JvmPauseMonitor-39b417ab-8504-4076-a6f4-79e16db1ab30: Started
2021-01-12 11:01:05,155 [grpc-default-executor-1] WARN  server.GrpcLogAppender (LogUtils.java:warn(122)) - omNode-1@group-523986131536->omNode-3-AppendLogResponseHandler: Failed appendEntries: org.apache.ratis.thirdparty.io.grpc.StatusRuntimeException: UNAVAILABLE: io exception
2021-01-12 11:01:05,158 [grpc-default-executor-1] WARN  server.GrpcLogAppender (GrpcLogAppender.java:resetClient(111)) - omNode-1@group-523986131536->omNode-3-GrpcLogAppender: Leader has not got in touch with Follower omNode-1@group-523986131536->omNode-3(c-1,m0,n1, attendVote=true, lastRpcSendTime=2, lastRpcResponseTime=6862) yet, just keep nextIndex unchanged and retry.
2021-01-12 11:01:05,494 [EndpointStateMachine task thread for /0.0.0.0:41487 - 0 ] INFO  ozoneimpl.OzoneContainer (OzoneContainer.java:start(255)) - Attempting to start container services.
2021-01-12 11:01:05,496 [EndpointStateMachine task thread for /0.0.0.0:41487 - 0 ] INFO  ozoneimpl.OzoneContainer (OzoneContainer.java:startContainerScrub(219)) - Background container scanner has been disabled.
2021-01-12 11:01:05,499 [EndpointStateMachine task thread for /0.0.0.0:41487 - 0 ] INFO  replication.ReplicationServer (ReplicationServer.java:start(111)) - ReplicationServer is started using port 43637
2021-01-12 11:01:05,499 [EndpointStateMachine task thread for /0.0.0.0:41487 - 0 ] INFO  ratis.XceiverServerRatis (XceiverServerRatis.java:start(455)) - Starting XceiverServerRatis 88b834f5-6008-4641-83c2-e698cd1f12a5 at port 0
2021-01-12 11:01:05,506 [EndpointStateMachine task thread for /0.0.0.0:41487 - 0 ] INFO  server.RaftServer (RaftServerProxy.java:lambda$start$5(372)) - 88b834f5-6008-4641-83c2-e698cd1f12a5: start RPC server
2021-01-12 11:01:05,511 [EndpointStateMachine task thread for /0.0.0.0:41487 - 0 ] INFO  server.GrpcService (GrpcService.java:startImpl(176)) - 88b834f5-6008-4641-83c2-e698cd1f12a5: GrpcService started, listening on 0.0.0.0/0.0.0.0:38117
2021-01-12 11:01:05,511 [EndpointStateMachine task thread for /0.0.0.0:41487 - 0 ] INFO  ratis.XceiverServerRatis (XceiverServerRatis.java:start(467)) - XceiverServerRatis 88b834f5-6008-4641-83c2-e698cd1f12a5 is started using port 38117
2021-01-12 11:01:05,514 [EndpointStateMachine task thread for /0.0.0.0:41487 - 0 ] INFO  server.XceiverServerGrpc (XceiverServerGrpc.java:start(139)) - XceiverServerGrpc 88b834f5-6008-4641-83c2-e698cd1f12a5 is started using port 46523
2021-01-12 11:01:05,515 [org.apache.ratis.util.JvmPauseMonitor$$Lambda$305/1752459994@2e4922e6] INFO  util.JvmPauseMonitor (JvmPauseMonitor.java:run(103)) - JvmPauseMonitor-88b834f5-6008-4641-83c2-e698cd1f12a5: Started
2021-01-12 11:01:05,656 [grpc-default-executor-1] WARN  server.GrpcLogAppender (LogUtils.java:warn(122)) - omNode-1@group-523986131536->omNode-3-AppendLogResponseHandler: Failed appendEntries: org.apache.ratis.thirdparty.io.grpc.StatusRuntimeException: UNAVAILABLE: io exception
2021-01-12 11:01:05,657 [grpc-default-executor-1] WARN  server.GrpcLogAppender (GrpcLogAppender.java:resetClient(111)) - omNode-1@group-523986131536->omNode-3-GrpcLogAppender: Leader has not got in touch with Follower omNode-1@group-523986131536->omNode-3(c-1,m0,n1, attendVote=true, lastRpcSendTime=1, lastRpcResponseTime=7361) yet, just keep nextIndex unchanged and retry.
2021-01-12 11:01:05,791 [Listener at 127.0.0.1/10336] INFO  ozone.MiniOzoneClusterImpl (MiniOzoneClusterImpl.java:lambda$waitForClusterToBeReady$0(179)) - Waiting for nodes to be ready. Got 0 of 3 DN Heartbeats.
2021-01-12 11:01:05,791 [Listener at 127.0.0.1/10336] INFO  ozone.MiniOzoneClusterImpl (MiniOzoneClusterImpl.java:lambda$waitForClusterToBeReady$0(182)) - Waiting for cluster to exit safe mode
2021-01-12 11:01:05,833 [EndpointStateMachine task thread for /0.0.0.0:41487 - 0 ] INFO  ozoneimpl.OzoneContainer (OzoneContainer.java:start(255)) - Attempting to start container services.
2021-01-12 11:01:05,833 [EndpointStateMachine task thread for /0.0.0.0:41487 - 0 ] INFO  ozoneimpl.OzoneContainer (OzoneContainer.java:startContainerScrub(219)) - Background container scanner has been disabled.
2021-01-12 11:01:05,835 [EndpointStateMachine task thread for /0.0.0.0:41487 - 0 ] INFO  replication.ReplicationServer (ReplicationServer.java:start(111)) - ReplicationServer is started using port 39881
2021-01-12 11:01:05,835 [EndpointStateMachine task thread for /0.0.0.0:41487 - 0 ] INFO  ratis.XceiverServerRatis (XceiverServerRatis.java:start(455)) - Starting XceiverServerRatis e541cdce-a2d8-48af-b7b9-ce247b4f51b3 at port 0
2021-01-12 11:01:05,836 [EndpointStateMachine task thread for /0.0.0.0:41487 - 0 ] INFO  server.RaftServer (RaftServerProxy.java:lambda$start$5(372)) - e541cdce-a2d8-48af-b7b9-ce247b4f51b3: start RPC server
2021-01-12 11:01:05,837 [EndpointStateMachine task thread for /0.0.0.0:41487 - 0 ] INFO  server.GrpcService (GrpcService.java:startImpl(176)) - e541cdce-a2d8-48af-b7b9-ce247b4f51b3: GrpcService started, listening on 0.0.0.0/0.0.0.0:45109
2021-01-12 11:01:05,841 [EndpointStateMachine task thread for /0.0.0.0:41487 - 0 ] INFO  ratis.XceiverServerRatis (XceiverServerRatis.java:start(467)) - XceiverServerRatis e541cdce-a2d8-48af-b7b9-ce247b4f51b3 is started using port 45109
2021-01-12 11:01:05,846 [org.apache.ratis.util.JvmPauseMonitor$$Lambda$305/1752459994@80ec02e] INFO  util.JvmPauseMonitor (JvmPauseMonitor.java:run(103)) - JvmPauseMonitor-e541cdce-a2d8-48af-b7b9-ce247b4f51b3: Started
2021-01-12 11:01:05,848 [EndpointStateMachine task thread for /0.0.0.0:41487 - 0 ] INFO  server.XceiverServerGrpc (XceiverServerGrpc.java:start(139)) - XceiverServerGrpc e541cdce-a2d8-48af-b7b9-ce247b4f51b3 is started using port 36437
2021-01-12 11:01:06,156 [grpc-default-executor-1] WARN  server.GrpcLogAppender (LogUtils.java:warn(122)) - omNode-1@group-523986131536->omNode-3-AppendLogResponseHandler: Failed appendEntries: org.apache.ratis.thirdparty.io.grpc.StatusRuntimeException: UNAVAILABLE: io exception
2021-01-12 11:01:06,158 [grpc-default-executor-1] WARN  server.GrpcLogAppender (GrpcLogAppender.java:resetClient(111)) - omNode-1@group-523986131536->omNode-3-GrpcLogAppender: Leader has not got in touch with Follower omNode-1@group-523986131536->omNode-3(c-1,m0,n1, attendVote=true, lastRpcSendTime=2, lastRpcResponseTime=7863) yet, just keep nextIndex unchanged and retry.
2021-01-12 11:01:06,657 [grpc-default-executor-1] WARN  server.GrpcLogAppender (LogUtils.java:warn(122)) - omNode-1@group-523986131536->omNode-3-AppendLogResponseHandler: Failed appendEntries: org.apache.ratis.thirdparty.io.grpc.StatusRuntimeException: UNAVAILABLE: io exception
2021-01-12 11:01:06,658 [grpc-default-executor-1] WARN  server.GrpcLogAppender (GrpcLogAppender.java:resetClient(111)) - omNode-1@group-523986131536->omNode-3-GrpcLogAppender: Leader has not got in touch with Follower omNode-1@group-523986131536->omNode-3(c-1,m0,n1, attendVote=true, lastRpcSendTime=1, lastRpcResponseTime=8362) yet, just keep nextIndex unchanged and retry.
2021-01-12 11:01:06,792 [Listener at 127.0.0.1/10336] INFO  ozone.MiniOzoneClusterImpl (MiniOzoneClusterImpl.java:lambda$waitForClusterToBeReady$0(179)) - Waiting for nodes to be ready. Got 0 of 3 DN Heartbeats.
2021-01-12 11:01:06,792 [Listener at 127.0.0.1/10336] INFO  ozone.MiniOzoneClusterImpl (MiniOzoneClusterImpl.java:lambda$waitForClusterToBeReady$0(182)) - Waiting for cluster to exit safe mode
2021-01-12 11:01:06,992 [IPC Server handler 3 on default port 41487] INFO  net.NetworkTopologyImpl (NetworkTopologyImpl.java:add(111)) - Added a new node: /default-rack/39b417ab-8504-4076-a6f4-79e16db1ab30
2021-01-12 11:01:07,002 [IPC Server handler 3 on default port 41487] INFO  node.SCMNodeManager (SCMNodeManager.java:register(341)) - Registered Data node : 39b417ab-8504-4076-a6f4-79e16db1ab30{ip: 172.17.0.2, host: 5271166cf06f, networkLocation: /default-rack, certSerialId: null, persistedOpState: IN_SERVICE, persistedOpStateExpiryEpochSec: 0}
2021-01-12 11:01:07,007 [RatisPipelineUtilsThread] INFO  pipeline.RatisPipelineProvider (RatisPipelineProvider.java:lambda$create$0(161)) - Sending CreatePipelineCommand for pipeline:PipelineID=3bf14dde-5c22-4a37-aed1-6b673d8f2ce5 to datanode:39b417ab-8504-4076-a6f4-79e16db1ab30
2021-01-12 11:01:07,009 [EventQueue-NodeRegistrationContainerReportForContainerSafeModeRule] INFO  safemode.SCMSafeModeManager (SCMSafeModeManager.java:validateSafeModeExitRules(214)) - ContainerSafeModeRule rule is successfully validated
2021-01-12 11:01:07,010 [EventQueue-NodeRegistrationContainerReportForDataNodeSafeModeRule] INFO  safemode.SCMSafeModeManager (DataNodeSafeModeRule.java:process(71)) - SCM in safe mode. 1 DataNodes registered, 1 required.
2021-01-12 11:01:07,010 [EventQueue-NodeRegistrationContainerReportForDataNodeSafeModeRule] INFO  safemode.SCMSafeModeManager (SCMSafeModeManager.java:validateSafeModeExitRules(214)) - DataNodeSafeModeRule rule is successfully validated
2021-01-12 11:01:07,010 [EventQueue-NodeRegistrationContainerReportForDataNodeSafeModeRule] INFO  safemode.SCMSafeModeManager (SCMSafeModeManager.java:completePreCheck(242)) - All SCM safe mode pre check rules have passed
2021-01-12 11:01:07,025 [EventQueue-PipelineReportForOneReplicaPipelineSafeModeRule] INFO  safemode.SCMSafeModeManager (SCMSafeModeManager.java:validateSafeModeExitRules(214)) - AtleastOneDatanodeReportedRule rule is successfully validated
2021-01-12 11:01:07,037 [RatisPipelineUtilsThread] INFO  pipeline.PipelineStateManager (PipelineStateManager.java:addPipeline(54)) - Created pipeline Pipeline[ Id: 3bf14dde-5c22-4a37-aed1-6b673d8f2ce5, Nodes: 39b417ab-8504-4076-a6f4-79e16db1ab30{ip: 172.17.0.2, host: 5271166cf06f, networkLocation: /default-rack, certSerialId: null, persistedOpState: IN_SERVICE, persistedOpStateExpiryEpochSec: 0}, Type:RATIS, Factor:ONE, State:ALLOCATED, leaderId:, CreationTimestamp2021-01-12T11:01:07.004Z]
2021-01-12 11:01:07,039 [RatisPipelineUtilsThread] WARN  pipeline.PipelinePlacementPolicy (PipelinePlacementPolicy.java:filterViableNodes(142)) - Pipeline creation failed due to no sufficient healthy datanodes. Required 3. Found 1.
2021-01-12 11:01:07,157 [grpc-default-executor-1] WARN  server.GrpcLogAppender (LogUtils.java:warn(122)) - omNode-1@group-523986131536->omNode-3-AppendLogResponseHandler: Failed appendEntries: org.apache.ratis.thirdparty.io.grpc.StatusRuntimeException: UNAVAILABLE: io exception
2021-01-12 11:01:07,158 [grpc-default-executor-1] WARN  server.GrpcLogAppender (GrpcLogAppender.java:resetClient(111)) - omNode-1@group-523986131536->omNode-3-GrpcLogAppender: Leader has not got in touch with Follower omNode-1@group-523986131536->omNode-3(c-1,m0,n1, attendVote=true, lastRpcSendTime=0, lastRpcResponseTime=8862) yet, just keep nextIndex unchanged and retry.
2021-01-12 11:01:07,492 [IPC Server handler 19 on default port 41487] INFO  net.NetworkTopologyImpl (NetworkTopologyImpl.java:add(111)) - Added a new node: /default-rack/88b834f5-6008-4641-83c2-e698cd1f12a5
2021-01-12 11:01:07,492 [IPC Server handler 19 on default port 41487] INFO  node.SCMNodeManager (SCMNodeManager.java:register(341)) - Registered Data node : 88b834f5-6008-4641-83c2-e698cd1f12a5{ip: 172.17.0.2, host: 5271166cf06f, networkLocation: /default-rack, certSerialId: null, persistedOpState: IN_SERVICE, persistedOpStateExpiryEpochSec: 0}
2021-01-12 11:01:07,493 [EventQueue-NodeRegistrationContainerReportForContainerSafeModeRule] INFO  safemode.SCMSafeModeManager (SCMSafeModeManager.java:validateSafeModeExitRules(214)) - ContainerSafeModeRule rule is successfully validated
2021-01-12 11:01:07,493 [EventQueue-NodeRegistrationContainerReportForDataNodeSafeModeRule] INFO  safemode.SCMSafeModeManager (SCMSafeModeManager.java:validateSafeModeExitRules(214)) - DataNodeSafeModeRule rule is successfully validated
2021-01-12 11:01:07,493 [EventQueue-PipelineReportForOneReplicaPipelineSafeModeRule] INFO  safemode.SCMSafeModeManager (SCMSafeModeManager.java:validateSafeModeExitRules(214)) - AtleastOneDatanodeReportedRule rule is successfully validated
2021-01-12 11:01:07,494 [RatisPipelineUtilsThread] INFO  pipeline.RatisPipelineProvider (RatisPipelineProvider.java:lambda$create$0(161)) - Sending CreatePipelineCommand for pipeline:PipelineID=c93efe93-a53d-4769-b73c-860d5cf4d66c to datanode:88b834f5-6008-4641-83c2-e698cd1f12a5
2021-01-12 11:01:07,495 [RatisPipelineUtilsThread] INFO  pipeline.PipelineStateManager (PipelineStateManager.java:addPipeline(54)) - Created pipeline Pipeline[ Id: c93efe93-a53d-4769-b73c-860d5cf4d66c, Nodes: 88b834f5-6008-4641-83c2-e698cd1f12a5{ip: 172.17.0.2, host: 5271166cf06f, networkLocation: /default-rack, certSerialId: null, persistedOpState: IN_SERVICE, persistedOpStateExpiryEpochSec: 0}, Type:RATIS, Factor:ONE, State:ALLOCATED, leaderId:, CreationTimestamp2021-01-12T11:01:07.494Z]
2021-01-12 11:01:07,495 [RatisPipelineUtilsThread] WARN  pipeline.PipelinePlacementPolicy (PipelinePlacementPolicy.java:filterViableNodes(142)) - Pipeline creation failed due to no sufficient healthy datanodes. Required 3. Found 2.
2021-01-12 11:01:07,657 [grpc-default-executor-1] WARN  server.GrpcLogAppender (LogUtils.java:warn(122)) - omNode-1@group-523986131536->omNode-3-AppendLogResponseHandler: Failed appendEntries: org.apache.ratis.thirdparty.io.grpc.StatusRuntimeException: UNAVAILABLE: io exception
2021-01-12 11:01:07,658 [grpc-default-executor-1] WARN  server.GrpcLogAppender (GrpcLogAppender.java:resetClient(111)) - omNode-1@group-523986131536->omNode-3-GrpcLogAppender: Leader has not got in touch with Follower omNode-1@group-523986131536->omNode-3(c-1,m0,n1, attendVote=true, lastRpcSendTime=0, lastRpcResponseTime=9362) yet, just keep nextIndex unchanged and retry.
2021-01-12 11:01:07,792 [Listener at 127.0.0.1/10336] INFO  ozone.MiniOzoneClusterImpl (MiniOzoneClusterImpl.java:lambda$waitForClusterToBeReady$0(179)) - Waiting for nodes to be ready. Got 2 of 3 DN Heartbeats.
2021-01-12 11:01:07,792 [Listener at 127.0.0.1/10336] INFO  ozone.MiniOzoneClusterImpl (MiniOzoneClusterImpl.java:lambda$waitForClusterToBeReady$0(182)) - Waiting for cluster to exit safe mode
2021-01-12 11:01:07,819 [IPC Server handler 1 on default port 41487] INFO  net.NetworkTopologyImpl (NetworkTopologyImpl.java:add(111)) - Added a new node: /default-rack/e541cdce-a2d8-48af-b7b9-ce247b4f51b3
2021-01-12 11:01:07,819 [IPC Server handler 1 on default port 41487] INFO  node.SCMNodeManager (SCMNodeManager.java:register(341)) - Registered Data node : e541cdce-a2d8-48af-b7b9-ce247b4f51b3{ip: 172.17.0.2, host: 5271166cf06f, networkLocation: /default-rack, certSerialId: null, persistedOpState: IN_SERVICE, persistedOpStateExpiryEpochSec: 0}
2021-01-12 11:01:07,819 [EventQueue-NodeRegistrationContainerReportForContainerSafeModeRule] INFO  safemode.SCMSafeModeManager (SCMSafeModeManager.java:validateSafeModeExitRules(214)) - ContainerSafeModeRule rule is successfully validated
2021-01-12 11:01:07,819 [EventQueue-NodeRegistrationContainerReportForDataNodeSafeModeRule] INFO  safemode.SCMSafeModeManager (SCMSafeModeManager.java:validateSafeModeExitRules(214)) - DataNodeSafeModeRule rule is successfully validated
2021-01-12 11:01:07,820 [RatisPipelineUtilsThread] INFO  pipeline.RatisPipelineProvider (RatisPipelineProvider.java:lambda$create$0(161)) - Sending CreatePipelineCommand for pipeline:PipelineID=f3971f18-ec09-459f-bd4c-99f74c68c25a to datanode:e541cdce-a2d8-48af-b7b9-ce247b4f51b3
2021-01-12 11:01:07,820 [RatisPipelineUtilsThread] INFO  pipeline.PipelineStateManager (PipelineStateManager.java:addPipeline(54)) - Created pipeline Pipeline[ Id: f3971f18-ec09-459f-bd4c-99f74c68c25a, Nodes: e541cdce-a2d8-48af-b7b9-ce247b4f51b3{ip: 172.17.0.2, host: 5271166cf06f, networkLocation: /default-rack, certSerialId: null, persistedOpState: IN_SERVICE, persistedOpStateExpiryEpochSec: 0}, Type:RATIS, Factor:ONE, State:ALLOCATED, leaderId:, CreationTimestamp2021-01-12T11:01:07.820Z]
2021-01-12 11:01:07,821 [EventQueue-PipelineReportForOneReplicaPipelineSafeModeRule] INFO  safemode.SCMSafeModeManager (SCMSafeModeManager.java:validateSafeModeExitRules(214)) - AtleastOneDatanodeReportedRule rule is successfully validated
2021-01-12 11:01:07,824 [RatisPipelineUtilsThread] INFO  pipeline.RatisPipelineProvider (RatisPipelineProvider.java:lambda$create$0(161)) - Sending CreatePipelineCommand for pipeline:PipelineID=c723a57b-c2ff-4ac7-b1f3-c7489b31936e to datanode:88b834f5-6008-4641-83c2-e698cd1f12a5
2021-01-12 11:01:07,824 [RatisPipelineUtilsThread] INFO  pipeline.RatisPipelineProvider (RatisPipelineProvider.java:lambda$create$0(161)) - Sending CreatePipelineCommand for pipeline:PipelineID=c723a57b-c2ff-4ac7-b1f3-c7489b31936e to datanode:39b417ab-8504-4076-a6f4-79e16db1ab30
2021-01-12 11:01:07,824 [RatisPipelineUtilsThread] INFO  pipeline.RatisPipelineProvider (RatisPipelineProvider.java:lambda$create$0(161)) - Sending CreatePipelineCommand for pipeline:PipelineID=c723a57b-c2ff-4ac7-b1f3-c7489b31936e to datanode:e541cdce-a2d8-48af-b7b9-ce247b4f51b3
2021-01-12 11:01:07,824 [RatisPipelineUtilsThread] INFO  pipeline.PipelineStateManager (PipelineStateManager.java:addPipeline(54)) - Created pipeline Pipeline[ Id: c723a57b-c2ff-4ac7-b1f3-c7489b31936e, Nodes: 88b834f5-6008-4641-83c2-e698cd1f12a5{ip: 172.17.0.2, host: 5271166cf06f, networkLocation: /default-rack, certSerialId: null, persistedOpState: IN_SERVICE, persistedOpStateExpiryEpochSec: 0}39b417ab-8504-4076-a6f4-79e16db1ab30{ip: 172.17.0.2, host: 5271166cf06f, networkLocation: /default-rack, certSerialId: null, persistedOpState: IN_SERVICE, persistedOpStateExpiryEpochSec: 0}e541cdce-a2d8-48af-b7b9-ce247b4f51b3{ip: 172.17.0.2, host: 5271166cf06f, networkLocation: /default-rack, certSerialId: null, persistedOpState: IN_SERVICE, persistedOpStateExpiryEpochSec: 0}, Type:RATIS, Factor:THREE, State:ALLOCATED, leaderId:, CreationTimestamp2021-01-12T11:01:07.824Z]
2021-01-12 11:01:07,825 [RatisPipelineUtilsThread] INFO  pipeline.RatisPipelineProvider (RatisPipelineProvider.java:lambda$create$0(161)) - Sending CreatePipelineCommand for pipeline:PipelineID=39aa5a61-5a80-4b69-9e87-3b437d9f2b1b to datanode:88b834f5-6008-4641-83c2-e698cd1f12a5
2021-01-12 11:01:07,825 [RatisPipelineUtilsThread] INFO  pipeline.RatisPipelineProvider (RatisPipelineProvider.java:lambda$create$0(161)) - Sending CreatePipelineCommand for pipeline:PipelineID=39aa5a61-5a80-4b69-9e87-3b437d9f2b1b to datanode:39b417ab-8504-4076-a6f4-79e16db1ab30
2021-01-12 11:01:07,825 [RatisPipelineUtilsThread] INFO  pipeline.RatisPipelineProvider (RatisPipelineProvider.java:lambda$create$0(161)) - Sending CreatePipelineCommand for pipeline:PipelineID=39aa5a61-5a80-4b69-9e87-3b437d9f2b1b to datanode:e541cdce-a2d8-48af-b7b9-ce247b4f51b3
2021-01-12 11:01:07,826 [RatisPipelineUtilsThread] INFO  pipeline.PipelineStateManager (PipelineStateManager.java:addPipeline(54)) - Created pipeline Pipeline[ Id: 39aa5a61-5a80-4b69-9e87-3b437d9f2b1b, Nodes: 88b834f5-6008-4641-83c2-e698cd1f12a5{ip: 172.17.0.2, host: 5271166cf06f, networkLocation: /default-rack, certSerialId: null, persistedOpState: IN_SERVICE, persistedOpStateExpiryEpochSec: 0}39b417ab-8504-4076-a6f4-79e16db1ab30{ip: 172.17.0.2, host: 5271166cf06f, networkLocation: /default-rack, certSerialId: null, persistedOpState: IN_SERVICE, persistedOpStateExpiryEpochSec: 0}e541cdce-a2d8-48af-b7b9-ce247b4f51b3{ip: 172.17.0.2, host: 5271166cf06f, networkLocation: /default-rack, certSerialId: null, persistedOpState: IN_SERVICE, persistedOpStateExpiryEpochSec: 0}, Type:RATIS, Factor:THREE, State:ALLOCATED, leaderId:, CreationTimestamp2021-01-12T11:01:07.825Z]
2021-01-12 11:01:07,826 [RatisPipelineUtilsThread] INFO  pipeline.SCMPipelineManager (SCMPipelineManager.java:recordMetricsForPipeline(243)) - Pipeline: PipelineID=39aa5a61-5a80-4b69-9e87-3b437d9f2b1b contains same datanodes as previous pipelines: PipelineID=c723a57b-c2ff-4ac7-b1f3-c7489b31936e nodeIds: 88b834f5-6008-4641-83c2-e698cd1f12a5, 39b417ab-8504-4076-a6f4-79e16db1ab30, e541cdce-a2d8-48af-b7b9-ce247b4f51b3
2021-01-12 11:01:08,158 [grpc-default-executor-1] WARN  server.GrpcLogAppender (LogUtils.java:warn(122)) - omNode-1@group-523986131536->omNode-3-AppendLogResponseHandler: Failed appendEntries: org.apache.ratis.thirdparty.io.grpc.StatusRuntimeException: UNAVAILABLE: io exception
2021-01-12 11:01:08,159 [grpc-default-executor-1] WARN  server.GrpcLogAppender (GrpcLogAppender.java:resetClient(111)) - omNode-1@group-523986131536->omNode-3-GrpcLogAppender: Leader has not got in touch with Follower omNode-1@group-523986131536->omNode-3(c-1,m0,n1, attendVote=true, lastRpcSendTime=1, lastRpcResponseTime=9863) yet, just keep nextIndex unchanged and retry.
2021-01-12 11:01:08,658 [grpc-default-executor-1] WARN  server.GrpcLogAppender (LogUtils.java:warn(122)) - omNode-1@group-523986131536->omNode-3-AppendLogResponseHandler: Failed appendEntries: org.apache.ratis.thirdparty.io.grpc.StatusRuntimeException: UNAVAILABLE: io exception
2021-01-12 11:01:08,659 [grpc-default-executor-1] WARN  server.GrpcLogAppender (GrpcLogAppender.java:resetClient(111)) - omNode-1@group-523986131536->omNode-3-GrpcLogAppender: Leader has not got in touch with Follower omNode-1@group-523986131536->omNode-3(c-1,m0,n1, attendVote=true, lastRpcSendTime=1, lastRpcResponseTime=10363) yet, just keep nextIndex unchanged and retry.
2021-01-12 11:01:08,793 [Listener at 127.0.0.1/10336] INFO  ozone.MiniOzoneClusterImpl (MiniOzoneClusterImpl.java:lambda$waitForClusterToBeReady$0(179)) - Nodes are ready. Got 3 of 3 DN Heartbeats.
2021-01-12 11:01:08,793 [Listener at 127.0.0.1/10336] INFO  ozone.MiniOzoneClusterImpl (MiniOzoneClusterImpl.java:lambda$waitForClusterToBeReady$0(182)) - Waiting for cluster to exit safe mode
2021-01-12 11:01:09,167 [grpc-default-executor-1] WARN  server.GrpcLogAppender (LogUtils.java:warn(122)) - omNode-1@group-523986131536->omNode-3-AppendLogResponseHandler: Failed appendEntries: org.apache.ratis.thirdparty.io.grpc.StatusRuntimeException: UNAVAILABLE: io exception
2021-01-12 11:01:09,167 [grpc-default-executor-1] WARN  server.GrpcLogAppender (GrpcLogAppender.java:resetClient(111)) - omNode-1@group-523986131536->omNode-3-GrpcLogAppender: Leader has not got in touch with Follower omNode-1@group-523986131536->omNode-3(c-1,m0,n1, attendVote=true, lastRpcSendTime=509, lastRpcResponseTime=10872) yet, just keep nextIndex unchanged and retry.
2021-01-12 11:01:09,669 [grpc-default-executor-1] WARN  server.GrpcLogAppender (LogUtils.java:warn(122)) - omNode-1@group-523986131536->omNode-3-AppendLogResponseHandler: Failed appendEntries: org.apache.ratis.thirdparty.io.grpc.StatusRuntimeException: UNAVAILABLE: io exception
2021-01-12 11:01:09,670 [grpc-default-executor-1] WARN  server.GrpcLogAppender (GrpcLogAppender.java:resetClient(111)) - omNode-1@group-523986131536->omNode-3-GrpcLogAppender: Leader has not got in touch with Follower omNode-1@group-523986131536->omNode-3(c-1,m0,n1, attendVote=true, lastRpcSendTime=1, lastRpcResponseTime=11374) yet, just keep nextIndex unchanged and retry.
2021-01-12 11:01:09,793 [Listener at 127.0.0.1/10336] INFO  ozone.MiniOzoneClusterImpl (MiniOzoneClusterImpl.java:lambda$waitForClusterToBeReady$0(179)) - Nodes are ready. Got 3 of 3 DN Heartbeats.
2021-01-12 11:01:09,793 [Listener at 127.0.0.1/10336] INFO  ozone.MiniOzoneClusterImpl (MiniOzoneClusterImpl.java:lambda$waitForClusterToBeReady$0(182)) - Waiting for cluster to exit safe mode
2021-01-12 11:01:09,956 [Command processor thread] INFO  server.RaftServer (RaftServerProxy.java:addNew(95)) - 39b417ab-8504-4076-a6f4-79e16db1ab30: addNew group-6B673D8F2CE5:[39b417ab-8504-4076-a6f4-79e16db1ab30|rpc:172.17.0.2:35129|priority:1] returns group-6B673D8F2CE5:java.util.concurrent.CompletableFuture@65b8f738[Not completed]
2021-01-12 11:01:09,986 [pool-67-thread-1] INFO  server.RaftServer$Division (RaftServerImpl.java:<init>(179)) - 39b417ab-8504-4076-a6f4-79e16db1ab30: new RaftServerImpl for group-6B673D8F2CE5:[39b417ab-8504-4076-a6f4-79e16db1ab30|rpc:172.17.0.2:35129|priority:1] with ContainerStateMachine:uninitialized
2021-01-12 11:01:09,989 [pool-67-thread-1] INFO  server.RaftServerConfigKeys (ConfUtils.java:logGet(44)) - raft.server.rpc.timeout.min = 5s (custom)
2021-01-12 11:01:09,989 [pool-67-thread-1] INFO  server.RaftServerConfigKeys (ConfUtils.java:logGet(44)) - raft.server.rpc.timeout.max = 5200ms (custom)
2021-01-12 11:01:09,989 [pool-67-thread-1] INFO  server.RaftServerConfigKeys (ConfUtils.java:logGet(44)) - raft.server.rpc.sleep.time = 25ms (default)
2021-01-12 11:01:09,989 [pool-67-thread-1] INFO  server.RaftServerConfigKeys (ConfUtils.java:logGet(44)) - raft.server.rpc.slowness.timeout = 300s (custom)
2021-01-12 11:01:09,990 [pool-67-thread-1] INFO  server.RaftServerConfigKeys (ConfUtils.java:logGet(44)) - raft.server.leaderelection.leader.step-down.wait-time = 10s (default)
2021-01-12 11:01:09,990 [pool-67-thread-1] INFO  server.RaftServerConfigKeys (ConfUtils.java:logGet(44)) - raft.server.sleep.deviation.threshold = 300ms (default)
2021-01-12 11:01:09,990 [pool-67-thread-1] INFO  server.RaftServerConfigKeys (ConfUtils.java:logGet(44)) - raft.server.log.appender.install.snapshot.enabled = false (custom)
2021-01-12 11:01:09,990 [pool-67-thread-1] INFO  server.RaftServer$Division (ServerState.java:<init>(103)) - 39b417ab-8504-4076-a6f4-79e16db1ab30@group-6B673D8F2CE5: ConfigurationManager, init=-1: [39b417ab-8504-4076-a6f4-79e16db1ab30|rpc:172.17.0.2:35129|priority:1], old=null, confs=<EMPTY_MAP>
2021-01-12 11:01:09,990 [pool-67-thread-1] INFO  server.RaftServerConfigKeys (ConfUtils.java:logGet(44)) - raft.server.storage.dir = [/github/workspace/mnt/ozone/hadoop-ozone/integration-test/target/test-dir/MiniOzoneClusterImpl-124e3b68-9dbf-46e5-878a-8eb0ed2fbb06/datanode-0/data/ratis] (custom)
2021-01-12 11:01:09,990 [pool-67-thread-1] INFO  server.RaftServerConfigKeys (ConfUtils.java:logGet(44)) - raft.server.log.corruption.policy = EXCEPTION (default)
2021-01-12 11:01:09,990 [pool-67-thread-1] INFO  storage.RaftStorageDirectory (RaftStorageDirectoryImpl.java:analyzeStorage(132)) - The storage directory /github/workspace/mnt/ozone/hadoop-ozone/integration-test/target/test-dir/MiniOzoneClusterImpl-124e3b68-9dbf-46e5-878a-8eb0ed2fbb06/datanode-0/data/ratis/3bf14dde-5c22-4a37-aed1-6b673d8f2ce5 does not exist. Creating ...
2021-01-12 11:01:09,992 [pool-67-thread-1] INFO  storage.RaftStorageDirectory (RaftStorageDirectoryImpl.java:tryLock(215)) - Lock on /github/workspace/mnt/ozone/hadoop-ozone/integration-test/target/test-dir/MiniOzoneClusterImpl-124e3b68-9dbf-46e5-878a-8eb0ed2fbb06/datanode-0/data/ratis/3bf14dde-5c22-4a37-aed1-6b673d8f2ce5/in_use.lock acquired by nodename 11869@5271166cf06f
2021-01-12 11:01:09,993 [pool-67-thread-1] INFO  storage.RaftStorage (RaftStorageImpl.java:format(87)) - Storage directory /github/workspace/mnt/ozone/hadoop-ozone/integration-test/target/test-dir/MiniOzoneClusterImpl-124e3b68-9dbf-46e5-878a-8eb0ed2fbb06/datanode-0/data/ratis/3bf14dde-5c22-4a37-aed1-6b673d8f2ce5 has been successfully formatted.
2021-01-12 11:01:10,001 [pool-67-thread-1] INFO  ratis.ContainerStateMachine (ContainerStateMachine.java:loadSnapshot(223)) - group-6B673D8F2CE5: The snapshot info is null. Setting the last applied indexto:(t:0, i:~)
2021-01-12 11:01:10,002 [pool-67-thread-1] ERROR storage.RaftStorage (RaftStorageImpl.java:readRaftConfiguration(147)) - Failed reading configuration from file:/github/workspace/mnt/ozone/hadoop-ozone/integration-test/target/test-dir/MiniOzoneClusterImpl-124e3b68-9dbf-46e5-878a-8eb0ed2fbb06/datanode-0/data/ratis/3bf14dde-5c22-4a37-aed1-6b673d8f2ce5/current/raft-meta.conf
java.io.FileNotFoundException: /github/workspace/mnt/ozone/hadoop-ozone/integration-test/target/test-dir/MiniOzoneClusterImpl-124e3b68-9dbf-46e5-878a-8eb0ed2fbb06/datanode-0/data/ratis/3bf14dde-5c22-4a37-aed1-6b673d8f2ce5/current/raft-meta.conf (No such file or directory)
	at java.io.FileInputStream.open0(Native Method)
	at java.io.FileInputStream.open(FileInputStream.java:195)
	at java.io.FileInputStream.<init>(FileInputStream.java:138)
	at org.apache.ratis.server.storage.RaftStorageImpl.readRaftConfiguration(RaftStorageImpl.java:143)
	at org.apache.ratis.server.impl.ServerState.<init>(ServerState.java:113)
	at org.apache.ratis.server.impl.RaftServerImpl.<init>(RaftServerImpl.java:192)
	at org.apache.ratis.server.impl.RaftServerProxy.lambda$newRaftServerImpl$4(RaftServerProxy.java:266)
	at java.util.concurrent.CompletableFuture$AsyncSupply.run(CompletableFuture.java:1604)
	at java.util.concurrent.ThreadPoolExecutor.runWorker(ThreadPoolExecutor.java:1149)
	at java.util.concurrent.ThreadPoolExecutor$Worker.run(ThreadPoolExecutor.java:624)
	at java.lang.Thread.run(Thread.java:748)
2021-01-12 11:01:10,002 [pool-67-thread-1] INFO  server.RaftServerConfigKeys (ConfUtils.java:logGet(44)) - raft.server.notification.no-leader.timeout = 300s (custom)
2021-01-12 11:01:10,002 [pool-67-thread-1] INFO  server.RaftServerConfigKeys (ConfUtils.java:logGet(44)) - raft.server.log.use.memory = false (default)
2021-01-12 11:01:10,002 [pool-67-thread-1] INFO  server.RaftServerConfigKeys (ConfUtils.java:logGet(44)) - raft.server.log.purge.gap = 1000000 (custom)
2021-01-12 11:01:10,002 [pool-67-thread-1] INFO  server.RaftServerConfigKeys (ConfUtils.java:logGet(44)) - raft.server.log.appender.buffer.byte-limit = 33554432 (custom)
2021-01-12 11:01:10,002 [pool-67-thread-1] INFO  metrics.RatisMetrics (RatisMetrics.java:lambda$create$0(36)) - Creating Metrics Registry : ratis.log_worker.39b417ab-8504-4076-a6f4-79e16db1ab30@group-6B673D8F2CE5
2021-01-12 11:01:10,002 [pool-67-thread-1] INFO  server.RaftServerConfigKeys (ConfUtils.java:logGet(44)) - raft.server.log.segment.size.max = 1048576 (custom)
2021-01-12 11:01:10,003 [pool-67-thread-1] INFO  server.RaftServerConfigKeys (ConfUtils.java:logGet(44)) - raft.server.log.segment.cache.num.max = 2 (custom)
2021-01-12 11:01:10,014 [pool-67-thread-1] INFO  server.RaftServerConfigKeys (ConfUtils.java:logGet(44)) - raft.server.log.segment.cache.size.max = 200MB (=209715200) (default)
2021-01-12 11:01:10,014 [pool-67-thread-1] INFO  segmented.SegmentedRaftLogWorker (SegmentedRaftLogWorker.java:<init>(181)) - new 39b417ab-8504-4076-a6f4-79e16db1ab30@group-6B673D8F2CE5-SegmentedRaftLogWorker for RaftStorageImpl:Storage Directory /github/workspace/mnt/ozone/hadoop-ozone/integration-test/target/test-dir/MiniOzoneClusterImpl-124e3b68-9dbf-46e5-878a-8eb0ed2fbb06/datanode-0/data/ratis/3bf14dde-5c22-4a37-aed1-6b673d8f2ce5
2021-01-12 11:01:10,014 [pool-67-thread-1] INFO  server.RaftServerConfigKeys (ConfUtils.java:logGet(44)) - raft.server.log.queue.byte-limit = 2147483647 (custom)
2021-01-12 11:01:10,014 [pool-67-thread-1] INFO  server.RaftServerConfigKeys (ConfUtils.java:logGet(44)) - raft.server.log.queue.element-limit = 1024 (custom)
2021-01-12 11:01:10,014 [pool-67-thread-1] INFO  server.RaftServerConfigKeys (ConfUtils.java:logGet(44)) - raft.server.log.segment.size.max = 1048576 (custom)
2021-01-12 11:01:10,014 [pool-67-thread-1] INFO  server.RaftServerConfigKeys (ConfUtils.java:logGet(44)) - raft.server.log.preallocated.size = 16384 (custom)
2021-01-12 11:01:10,014 [pool-67-thread-1] INFO  server.RaftServerConfigKeys (ConfUtils.java:logGet(44)) - raft.server.log.force.sync.num = 128 (default)
2021-01-12 11:01:10,015 [pool-67-thread-1] INFO  server.RaftServerConfigKeys (ConfUtils.java:logGet(44)) - raft.server.log.statemachine.data.sync = true (default)
2021-01-12 11:01:10,015 [pool-67-thread-1] INFO  server.RaftServerConfigKeys (ConfUtils.java:logGet(44)) - raft.server.log.statemachine.data.sync.timeout = 10s (default)
2021-01-12 11:01:10,015 [pool-67-thread-1] INFO  server.RaftServerConfigKeys (ConfUtils.java:logGet(44)) - raft.server.log.statemachine.data.sync.timeout.retry = -1 (default)
2021-01-12 11:01:10,016 [pool-67-thread-1] INFO  server.RaftServerConfigKeys (ConfUtils.java:logGet(44)) - raft.server.log.write.buffer.size = 1048576 (custom)
2021-01-12 11:01:10,016 [pool-67-thread-1] INFO  server.RaftServerConfigKeys (ConfUtils.java:logGet(44)) - raft.server.log.statemachine.data.caching.enabled = true (custom)
2021-01-12 11:01:10,016 [pool-67-thread-1] INFO  segmented.SegmentedRaftLogWorker (SegmentedRaftLogWorker.java:lambda$new$0(132)) - 39b417ab-8504-4076-a6f4-79e16db1ab30@group-6B673D8F2CE5-SegmentedRaftLogWorker: flushIndex: setUnconditionally 0 -> -1
2021-01-12 11:01:10,016 [pool-67-thread-1] INFO  segmented.SegmentedRaftLogWorker (SegmentedRaftLogWorker.java:lambda$new$0(132)) - 39b417ab-8504-4076-a6f4-79e16db1ab30@group-6B673D8F2CE5-SegmentedRaftLogWorker: safeCacheEvictIndex: setUnconditionally 0 -> -1
2021-01-12 11:01:10,037 [pool-67-thread-1] INFO  server.RaftServerConfigKeys (ConfUtils.java:logGet(44)) - raft.server.snapshot.auto.trigger.enabled = true (custom)
2021-01-12 11:01:10,037 [pool-67-thread-1] INFO  server.RaftServerConfigKeys (ConfUtils.java:logGet(44)) - raft.server.snapshot.auto.trigger.threshold = 10000 (custom)
2021-01-12 11:01:10,037 [pool-67-thread-1] INFO  server.RaftServerConfigKeys (ConfUtils.java:logGet(44)) - raft.server.snapshot.retention.file.num = 5 (custom)
2021-01-12 11:01:10,037 [pool-67-thread-1] INFO  server.RaftServerConfigKeys (ConfUtils.java:logGet(44)) - raft.server.log.purge.upto.snapshot.index = false (default)
2021-01-12 11:01:10,038 [pool-67-thread-1] INFO  server.RaftServerConfigKeys (ConfUtils.java:logGet(44)) - raft.server.retrycache.expirytime = 600000ms (custom)
2021-01-12 11:01:10,038 [pool-67-thread-1] INFO  server.RaftServerConfigKeys (ConfUtils.java:logGet(44)) - raft.server.retrycache.statistics.expirytime = 100?s (default)
2021-01-12 11:01:10,038 [pool-67-thread-1] INFO  metrics.RatisMetrics (RatisMetrics.java:lambda$create$0(36)) - Creating Metrics Registry : ratis.leader_election.39b417ab-8504-4076-a6f4-79e16db1ab30@group-6B673D8F2CE5
2021-01-12 11:01:10,038 [pool-67-thread-1] INFO  metrics.RatisMetrics (RatisMetrics.java:lambda$create$0(36)) - Creating Metrics Registry : ratis.server.39b417ab-8504-4076-a6f4-79e16db1ab30@group-6B673D8F2CE5
2021-01-12 11:01:10,045 [EventQueue-PipelineReportForOneReplicaPipelineSafeModeRule] INFO  safemode.SCMSafeModeManager (SCMSafeModeManager.java:validateSafeModeExitRules(214)) - AtleastOneDatanodeReportedRule rule is successfully validated
2021-01-12 11:01:10,046 [EventQueue-PipelineReportForPipelineReportHandler] INFO  pipeline.PipelineStateManager (PipelineStateManager.java:openPipeline(132)) - Pipeline Pipeline[ Id: 3bf14dde-5c22-4a37-aed1-6b673d8f2ce5, Nodes: 39b417ab-8504-4076-a6f4-79e16db1ab30{ip: 172.17.0.2, host: 5271166cf06f, networkLocation: /default-rack, certSerialId: null, persistedOpState: IN_SERVICE, persistedOpStateExpiryEpochSec: 0}, Type:RATIS, Factor:ONE, State:ALLOCATED, leaderId:39b417ab-8504-4076-a6f4-79e16db1ab30, CreationTimestamp2021-01-12T11:01:07.004Z] moved to OPEN state
2021-01-12 11:01:10,048 [pool-67-thread-1] INFO  server.RaftServer$Division (RaftServerImpl.java:start(294)) - 39b417ab-8504-4076-a6f4-79e16db1ab30@group-6B673D8F2CE5: start as a follower, conf=-1: [39b417ab-8504-4076-a6f4-79e16db1ab30|rpc:172.17.0.2:35129|priority:1], old=null
2021-01-12 11:01:10,048 [pool-67-thread-1] INFO  server.RaftServer$Division (RaftServerImpl.java:setRole(283)) - 39b417ab-8504-4076-a6f4-79e16db1ab30@group-6B673D8F2CE5: changes role from      null to FOLLOWER at term 0 for startAsFollower
2021-01-12 11:01:10,048 [pool-67-thread-1] INFO  impl.RoleInfo (RoleInfo.java:updateAndGet(130)) - 39b417ab-8504-4076-a6f4-79e16db1ab30: start 39b417ab-8504-4076-a6f4-79e16db1ab30@group-6B673D8F2CE5-FollowerState
2021-01-12 11:01:10,057 [pool-67-thread-1] INFO  util.JmxRegister (JmxRegister.java:tryRegister(44)) - Successfully registered JMX Bean with object name Ratis:service=RaftServer,group=group-6B673D8F2CE5,id=39b417ab-8504-4076-a6f4-79e16db1ab30
2021-01-12 11:01:10,058 [pool-67-thread-1] INFO  metrics.RatisMetrics (RatisMetrics.java:lambda$create$0(36)) - Creating Metrics Registry : ratis.state_machine.39b417ab-8504-4076-a6f4-79e16db1ab30@group-6B673D8F2CE5
2021-01-12 11:01:10,060 [EventQueue-OpenPipelineForHealthyPipelineSafeModeRule] INFO  safemode.SCMSafeModeManager (HealthyPipelineSafeModeRule.java:process(128)) - SCM in safe mode. Healthy pipelines reported count is 0, required healthy pipeline reported count is 1
2021-01-12 11:01:10,068 [Command processor thread] INFO  commandhandler.CreatePipelineCommandHandler (CreatePipelineCommandHandler.java:handle(106)) - Created Pipeline RATIS ONE PipelineID=3bf14dde-5c22-4a37-aed1-6b673d8f2ce5.
2021-01-12 11:01:10,069 [Command processor thread] INFO  server.RaftServer (RaftServerProxy.java:addNew(95)) - 39b417ab-8504-4076-a6f4-79e16db1ab30: addNew group-C7489B31936E:[88b834f5-6008-4641-83c2-e698cd1f12a5|rpc:172.17.0.2:38117|priority:1, e541cdce-a2d8-48af-b7b9-ce247b4f51b3|rpc:172.17.0.2:45109|priority:0, 39b417ab-8504-4076-a6f4-79e16db1ab30|rpc:172.17.0.2:35129|priority:0] returns group-C7489B31936E:java.util.concurrent.CompletableFuture@1aa9a25d[Not completed]
2021-01-12 11:01:10,070 [pool-67-thread-1] INFO  server.RaftServer$Division (RaftServerImpl.java:<init>(179)) - 39b417ab-8504-4076-a6f4-79e16db1ab30: new RaftServerImpl for group-C7489B31936E:[88b834f5-6008-4641-83c2-e698cd1f12a5|rpc:172.17.0.2:38117|priority:1, e541cdce-a2d8-48af-b7b9-ce247b4f51b3|rpc:172.17.0.2:45109|priority:0, 39b417ab-8504-4076-a6f4-79e16db1ab30|rpc:172.17.0.2:35129|priority:0] with ContainerStateMachine:uninitialized
2021-01-12 11:01:10,070 [pool-67-thread-1] INFO  server.RaftServerConfigKeys (ConfUtils.java:logGet(44)) - raft.server.rpc.timeout.min = 5s (custom)
2021-01-12 11:01:10,070 [pool-67-thread-1] INFO  server.RaftServerConfigKeys (ConfUtils.java:logGet(44)) - raft.server.rpc.timeout.max = 5200ms (custom)
2021-01-12 11:01:10,070 [pool-67-thread-1] INFO  server.RaftServerConfigKeys (ConfUtils.java:logGet(44)) - raft.server.rpc.sleep.time = 25ms (default)
2021-01-12 11:01:10,070 [pool-67-thread-1] INFO  server.RaftServerConfigKeys (ConfUtils.java:logGet(44)) - raft.server.rpc.slowness.timeout = 300s (custom)
2021-01-12 11:01:10,070 [pool-67-thread-1] INFO  server.RaftServerConfigKeys (ConfUtils.java:logGet(44)) - raft.server.leaderelection.leader.step-down.wait-time = 10s (default)
2021-01-12 11:01:10,070 [pool-67-thread-1] INFO  server.RaftServerConfigKeys (ConfUtils.java:logGet(44)) - raft.server.sleep.deviation.threshold = 300ms (default)
2021-01-12 11:01:10,070 [pool-67-thread-1] INFO  server.RaftServerConfigKeys (ConfUtils.java:logGet(44)) - raft.server.log.appender.install.snapshot.enabled = false (custom)
2021-01-12 11:01:10,070 [pool-67-thread-1] INFO  server.RaftServer$Division (ServerState.java:<init>(103)) - 39b417ab-8504-4076-a6f4-79e16db1ab30@group-C7489B31936E: ConfigurationManager, init=-1: [88b834f5-6008-4641-83c2-e698cd1f12a5|rpc:172.17.0.2:38117|priority:1, e541cdce-a2d8-48af-b7b9-ce247b4f51b3|rpc:172.17.0.2:45109|priority:0, 39b417ab-8504-4076-a6f4-79e16db1ab30|rpc:172.17.0.2:35129|priority:0], old=null, confs=<EMPTY_MAP>
2021-01-12 11:01:10,070 [pool-67-thread-1] INFO  server.RaftServerConfigKeys (ConfUtils.java:logGet(44)) - raft.server.storage.dir = [/github/workspace/mnt/ozone/hadoop-ozone/integration-test/target/test-dir/MiniOzoneClusterImpl-124e3b68-9dbf-46e5-878a-8eb0ed2fbb06/datanode-0/data/ratis] (custom)
2021-01-12 11:01:10,071 [pool-67-thread-1] INFO  server.RaftServerConfigKeys (ConfUtils.java:logGet(44)) - raft.server.log.corruption.policy = EXCEPTION (default)
2021-01-12 11:01:10,071 [pool-67-thread-1] INFO  storage.RaftStorageDirectory (RaftStorageDirectoryImpl.java:analyzeStorage(132)) - The storage directory /github/workspace/mnt/ozone/hadoop-ozone/integration-test/target/test-dir/MiniOzoneClusterImpl-124e3b68-9dbf-46e5-878a-8eb0ed2fbb06/datanode-0/data/ratis/c723a57b-c2ff-4ac7-b1f3-c7489b31936e does not exist. Creating ...
2021-01-12 11:01:10,074 [pool-67-thread-1] INFO  storage.RaftStorageDirectory (RaftStorageDirectoryImpl.java:tryLock(215)) - Lock on /github/workspace/mnt/ozone/hadoop-ozone/integration-test/target/test-dir/MiniOzoneClusterImpl-124e3b68-9dbf-46e5-878a-8eb0ed2fbb06/datanode-0/data/ratis/c723a57b-c2ff-4ac7-b1f3-c7489b31936e/in_use.lock acquired by nodename 11869@5271166cf06f
2021-01-12 11:01:10,075 [pool-67-thread-1] INFO  storage.RaftStorage (RaftStorageImpl.java:format(87)) - Storage directory /github/workspace/mnt/ozone/hadoop-ozone/integration-test/target/test-dir/MiniOzoneClusterImpl-124e3b68-9dbf-46e5-878a-8eb0ed2fbb06/datanode-0/data/ratis/c723a57b-c2ff-4ac7-b1f3-c7489b31936e has been successfully formatted.
2021-01-12 11:01:10,075 [pool-67-thread-1] INFO  ratis.ContainerStateMachine (ContainerStateMachine.java:loadSnapshot(223)) - group-C7489B31936E: The snapshot info is null. Setting the last applied indexto:(t:0, i:~)
2021-01-12 11:01:10,075 [pool-67-thread-1] ERROR storage.RaftStorage (RaftStorageImpl.java:readRaftConfiguration(147)) - Failed reading configuration from file:/github/workspace/mnt/ozone/hadoop-ozone/integration-test/target/test-dir/MiniOzoneClusterImpl-124e3b68-9dbf-46e5-878a-8eb0ed2fbb06/datanode-0/data/ratis/c723a57b-c2ff-4ac7-b1f3-c7489b31936e/current/raft-meta.conf
java.io.FileNotFoundException: /github/workspace/mnt/ozone/hadoop-ozone/integration-test/target/test-dir/MiniOzoneClusterImpl-124e3b68-9dbf-46e5-878a-8eb0ed2fbb06/datanode-0/data/ratis/c723a57b-c2ff-4ac7-b1f3-c7489b31936e/current/raft-meta.conf (No such file or directory)
	at java.io.FileInputStream.open0(Native Method)
	at java.io.FileInputStream.open(FileInputStream.java:195)
	at java.io.FileInputStream.<init>(FileInputStream.java:138)
	at org.apache.ratis.server.storage.RaftStorageImpl.readRaftConfiguration(RaftStorageImpl.java:143)
	at org.apache.ratis.server.impl.ServerState.<init>(ServerState.java:113)
	at org.apache.ratis.server.impl.RaftServerImpl.<init>(RaftServerImpl.java:192)
	at org.apache.ratis.server.impl.RaftServerProxy.lambda$newRaftServerImpl$4(RaftServerProxy.java:266)
	at java.util.concurrent.CompletableFuture$AsyncSupply.run(CompletableFuture.java:1604)
	at java.util.concurrent.ThreadPoolExecutor.runWorker(ThreadPoolExecutor.java:1149)
	at java.util.concurrent.ThreadPoolExecutor$Worker.run(ThreadPoolExecutor.java:624)
	at java.lang.Thread.run(Thread.java:748)
2021-01-12 11:01:10,076 [pool-67-thread-1] INFO  server.RaftServerConfigKeys (ConfUtils.java:logGet(44)) - raft.server.notification.no-leader.timeout = 300s (custom)
2021-01-12 11:01:10,076 [pool-67-thread-1] INFO  server.RaftServerConfigKeys (ConfUtils.java:logGet(44)) - raft.server.log.use.memory = false (default)
2021-01-12 11:01:10,076 [pool-67-thread-1] INFO  server.RaftServerConfigKeys (ConfUtils.java:logGet(44)) - raft.server.log.purge.gap = 1000000 (custom)
2021-01-12 11:01:10,076 [pool-67-thread-1] INFO  server.RaftServerConfigKeys (ConfUtils.java:logGet(44)) - raft.server.log.appender.buffer.byte-limit = 33554432 (custom)
2021-01-12 11:01:10,076 [pool-67-thread-1] INFO  metrics.RatisMetrics (RatisMetrics.java:lambda$create$0(36)) - Creating Metrics Registry : ratis.log_worker.39b417ab-8504-4076-a6f4-79e16db1ab30@group-C7489B31936E
2021-01-12 11:01:10,076 [pool-67-thread-1] INFO  server.RaftServerConfigKeys (ConfUtils.java:logGet(44)) - raft.server.log.segment.size.max = 1048576 (custom)
2021-01-12 11:01:10,083 [pool-67-thread-1] INFO  server.RaftServerConfigKeys (ConfUtils.java:logGet(44)) - raft.server.log.segment.cache.num.max = 2 (custom)
2021-01-12 11:01:10,083 [pool-67-thread-1] INFO  server.RaftServerConfigKeys (ConfUtils.java:logGet(44)) - raft.server.log.segment.cache.size.max = 200MB (=209715200) (default)
2021-01-12 11:01:10,083 [pool-67-thread-1] INFO  segmented.SegmentedRaftLogWorker (SegmentedRaftLogWorker.java:<init>(181)) - new 39b417ab-8504-4076-a6f4-79e16db1ab30@group-C7489B31936E-SegmentedRaftLogWorker for RaftStorageImpl:Storage Directory /github/workspace/mnt/ozone/hadoop-ozone/integration-test/target/test-dir/MiniOzoneClusterImpl-124e3b68-9dbf-46e5-878a-8eb0ed2fbb06/datanode-0/data/ratis/c723a57b-c2ff-4ac7-b1f3-c7489b31936e
2021-01-12 11:01:10,083 [pool-67-thread-1] INFO  server.RaftServerConfigKeys (ConfUtils.java:logGet(44)) - raft.server.log.queue.byte-limit = 2147483647 (custom)
2021-01-12 11:01:10,083 [pool-67-thread-1] INFO  server.RaftServerConfigKeys (ConfUtils.java:logGet(44)) - raft.server.log.queue.element-limit = 1024 (custom)
2021-01-12 11:01:10,083 [pool-67-thread-1] INFO  server.RaftServerConfigKeys (ConfUtils.java:logGet(44)) - raft.server.log.segment.size.max = 1048576 (custom)
2021-01-12 11:01:10,083 [pool-67-thread-1] INFO  server.RaftServerConfigKeys (ConfUtils.java:logGet(44)) - raft.server.log.preallocated.size = 16384 (custom)
2021-01-12 11:01:10,083 [pool-67-thread-1] INFO  server.RaftServerConfigKeys (ConfUtils.java:logGet(44)) - raft.server.log.force.sync.num = 128 (default)
2021-01-12 11:01:10,083 [pool-67-thread-1] INFO  server.RaftServerConfigKeys (ConfUtils.java:logGet(44)) - raft.server.log.statemachine.data.sync = true (default)
2021-01-12 11:01:10,083 [pool-67-thread-1] INFO  server.RaftServerConfigKeys (ConfUtils.java:logGet(44)) - raft.server.log.statemachine.data.sync.timeout = 10s (default)
2021-01-12 11:01:10,083 [pool-67-thread-1] INFO  server.RaftServerConfigKeys (ConfUtils.java:logGet(44)) - raft.server.log.statemachine.data.sync.timeout.retry = -1 (default)
2021-01-12 11:01:10,084 [pool-67-thread-1] INFO  server.RaftServerConfigKeys (ConfUtils.java:logGet(44)) - raft.server.log.write.buffer.size = 1048576 (custom)
2021-01-12 11:01:10,085 [pool-67-thread-1] INFO  server.RaftServerConfigKeys (ConfUtils.java:logGet(44)) - raft.server.log.statemachine.data.caching.enabled = true (custom)
2021-01-12 11:01:10,086 [pool-67-thread-1] INFO  segmented.SegmentedRaftLogWorker (SegmentedRaftLogWorker.java:lambda$new$0(132)) - 39b417ab-8504-4076-a6f4-79e16db1ab30@group-C7489B31936E-SegmentedRaftLogWorker: flushIndex: setUnconditionally 0 -> -1
2021-01-12 11:01:10,086 [pool-67-thread-1] INFO  segmented.SegmentedRaftLogWorker (SegmentedRaftLogWorker.java:lambda$new$0(132)) - 39b417ab-8504-4076-a6f4-79e16db1ab30@group-C7489B31936E-SegmentedRaftLogWorker: safeCacheEvictIndex: setUnconditionally 0 -> -1
2021-01-12 11:01:10,088 [EventQueue-PipelineReportForOneReplicaPipelineSafeModeRule] INFO  safemode.SCMSafeModeManager (SCMSafeModeManager.java:validateSafeModeExitRules(214)) - AtleastOneDatanodeReportedRule rule is successfully validated
2021-01-12 11:01:10,097 [EventQueue-OpenPipelineForHealthyPipelineSafeModeRule] INFO  safemode.SCMSafeModeManager (HealthyPipelineSafeModeRule.java:process(128)) - SCM in safe mode. Healthy pipelines reported count is 0, required healthy pipeline reported count is 1
2021-01-12 11:01:10,097 [pool-67-thread-1] INFO  server.RaftServerConfigKeys (ConfUtils.java:logGet(44)) - raft.server.snapshot.auto.trigger.enabled = true (custom)
2021-01-12 11:01:10,097 [pool-67-thread-1] INFO  server.RaftServerConfigKeys (ConfUtils.java:logGet(44)) - raft.server.snapshot.auto.trigger.threshold = 10000 (custom)
2021-01-12 11:01:10,097 [pool-67-thread-1] INFO  server.RaftServerConfigKeys (ConfUtils.java:logGet(44)) - raft.server.snapshot.retention.file.num = 5 (custom)
2021-01-12 11:01:10,097 [pool-67-thread-1] INFO  server.RaftServerConfigKeys (ConfUtils.java:logGet(44)) - raft.server.log.purge.upto.snapshot.index = false (default)
2021-01-12 11:01:10,098 [pool-67-thread-1] INFO  server.RaftServerConfigKeys (ConfUtils.java:logGet(44)) - raft.server.retrycache.expirytime = 600000ms (custom)
2021-01-12 11:01:10,098 [pool-67-thread-1] INFO  server.RaftServerConfigKeys (ConfUtils.java:logGet(44)) - raft.server.retrycache.statistics.expirytime = 100?s (default)
2021-01-12 11:01:10,098 [pool-67-thread-1] INFO  metrics.RatisMetrics (RatisMetrics.java:lambda$create$0(36)) - Creating Metrics Registry : ratis.leader_election.39b417ab-8504-4076-a6f4-79e16db1ab30@group-C7489B31936E
2021-01-12 11:01:10,098 [pool-67-thread-1] INFO  metrics.RatisMetrics (RatisMetrics.java:lambda$create$0(36)) - Creating Metrics Registry : ratis.server.39b417ab-8504-4076-a6f4-79e16db1ab30@group-C7489B31936E
2021-01-12 11:01:10,099 [pool-67-thread-1] INFO  server.RaftServer$Division (RaftServerImpl.java:start(294)) - 39b417ab-8504-4076-a6f4-79e16db1ab30@group-C7489B31936E: start as a follower, conf=-1: [88b834f5-6008-4641-83c2-e698cd1f12a5|rpc:172.17.0.2:38117|priority:1, e541cdce-a2d8-48af-b7b9-ce247b4f51b3|rpc:172.17.0.2:45109|priority:0, 39b417ab-8504-4076-a6f4-79e16db1ab30|rpc:172.17.0.2:35129|priority:0], old=null
2021-01-12 11:01:10,099 [pool-67-thread-1] INFO  server.RaftServer$Division (RaftServerImpl.java:setRole(283)) - 39b417ab-8504-4076-a6f4-79e16db1ab30@group-C7489B31936E: changes role from      null to FOLLOWER at term 0 for startAsFollower
2021-01-12 11:01:10,099 [pool-67-thread-1] INFO  impl.RoleInfo (RoleInfo.java:updateAndGet(130)) - 39b417ab-8504-4076-a6f4-79e16db1ab30: start 39b417ab-8504-4076-a6f4-79e16db1ab30@group-C7489B31936E-FollowerState
2021-01-12 11:01:10,100 [pool-67-thread-1] INFO  util.JmxRegister (JmxRegister.java:tryRegister(44)) - Successfully registered JMX Bean with object name Ratis:service=RaftServer,group=group-C7489B31936E,id=39b417ab-8504-4076-a6f4-79e16db1ab30
2021-01-12 11:01:10,100 [pool-67-thread-1] INFO  metrics.RatisMetrics (RatisMetrics.java:lambda$create$0(36)) - Creating Metrics Registry : ratis.state_machine.39b417ab-8504-4076-a6f4-79e16db1ab30@group-C7489B31936E
2021-01-12 11:01:10,151 [Command processor thread] INFO  metrics.RatisMetrics (RatisMetrics.java:lambda$create$0(36)) - Creating Metrics Registry : ratis.client_message_metrics.client-D2E7C7C6D123->88b834f5-6008-4641-83c2-e698cd1f12a5
2021-01-12 11:01:10,169 [grpc-default-executor-1] WARN  server.GrpcLogAppender (LogUtils.java:warn(122)) - omNode-1@group-523986131536->omNode-3-AppendLogResponseHandler: Failed appendEntries: org.apache.ratis.thirdparty.io.grpc.StatusRuntimeException: UNAVAILABLE: io exception
2021-01-12 11:01:10,170 [grpc-default-executor-1] WARN  server.GrpcLogAppender (GrpcLogAppender.java:resetClient(111)) - omNode-1@group-523986131536->omNode-3-GrpcLogAppender: Leader has not got in touch with Follower omNode-1@group-523986131536->omNode-3(c-1,m0,n1, attendVote=true, lastRpcSendTime=501, lastRpcResponseTime=11874) yet, just keep nextIndex unchanged and retry.
2021-01-12 11:01:10,178 [grpc-default-executor-1] INFO  metrics.RatisMetrics (RatisMetrics.java:lambda$create$0(36)) - Creating Metrics Registry : ratis.server_message_metrics.88b834f5-6008-4641-83c2-e698cd1f12a5
2021-01-12 11:01:10,201 [grpc-default-executor-1] INFO  server.RaftServer (RaftServerProxy.java:addNew(95)) - 88b834f5-6008-4641-83c2-e698cd1f12a5: addNew group-C7489B31936E:[88b834f5-6008-4641-83c2-e698cd1f12a5|rpc:172.17.0.2:38117|dataStream:|priority:1, e541cdce-a2d8-48af-b7b9-ce247b4f51b3|rpc:172.17.0.2:45109|dataStream:|priority:0, 39b417ab-8504-4076-a6f4-79e16db1ab30|rpc:172.17.0.2:35129|dataStream:|priority:0] returns group-C7489B31936E:java.util.concurrent.CompletableFuture@333d26ee[Not completed]
2021-01-12 11:01:10,239 [pool-83-thread-1] INFO  server.RaftServer$Division (RaftServerImpl.java:<init>(179)) - 88b834f5-6008-4641-83c2-e698cd1f12a5: new RaftServerImpl for group-C7489B31936E:[88b834f5-6008-4641-83c2-e698cd1f12a5|rpc:172.17.0.2:38117|dataStream:|priority:1, e541cdce-a2d8-48af-b7b9-ce247b4f51b3|rpc:172.17.0.2:45109|dataStream:|priority:0, 39b417ab-8504-4076-a6f4-79e16db1ab30|rpc:172.17.0.2:35129|dataStream:|priority:0] with ContainerStateMachine:uninitialized
2021-01-12 11:01:10,240 [pool-83-thread-1] INFO  server.RaftServerConfigKeys (ConfUtils.java:logGet(44)) - raft.server.rpc.timeout.min = 5s (custom)
2021-01-12 11:01:10,241 [pool-83-thread-1] INFO  server.RaftServerConfigKeys (ConfUtils.java:logGet(44)) - raft.server.rpc.timeout.max = 5200ms (custom)
2021-01-12 11:01:10,241 [pool-83-thread-1] INFO  server.RaftServerConfigKeys (ConfUtils.java:logGet(44)) - raft.server.rpc.sleep.time = 25ms (default)
2021-01-12 11:01:10,241 [pool-83-thread-1] INFO  server.RaftServerConfigKeys (ConfUtils.java:logGet(44)) - raft.server.rpc.slowness.timeout = 300s (custom)
2021-01-12 11:01:10,241 [pool-83-thread-1] INFO  server.RaftServerConfigKeys (ConfUtils.java:logGet(44)) - raft.server.leaderelection.leader.step-down.wait-time = 10s (default)
2021-01-12 11:01:10,241 [pool-83-thread-1] INFO  server.RaftServerConfigKeys (ConfUtils.java:logGet(44)) - raft.server.sleep.deviation.threshold = 300ms (default)
2021-01-12 11:01:10,241 [pool-83-thread-1] INFO  server.RaftServerConfigKeys (ConfUtils.java:logGet(44)) - raft.server.log.appender.install.snapshot.enabled = false (custom)
2021-01-12 11:01:10,241 [pool-83-thread-1] INFO  server.RaftServer$Division (ServerState.java:<init>(103)) - 88b834f5-6008-4641-83c2-e698cd1f12a5@group-C7489B31936E: ConfigurationManager, init=-1: [88b834f5-6008-4641-83c2-e698cd1f12a5|rpc:172.17.0.2:38117|dataStream:|priority:1, e541cdce-a2d8-48af-b7b9-ce247b4f51b3|rpc:172.17.0.2:45109|dataStream:|priority:0, 39b417ab-8504-4076-a6f4-79e16db1ab30|rpc:172.17.0.2:35129|dataStream:|priority:0], old=null, confs=<EMPTY_MAP>
2021-01-12 11:01:10,241 [pool-83-thread-1] INFO  server.RaftServerConfigKeys (ConfUtils.java:logGet(44)) - raft.server.storage.dir = [/github/workspace/mnt/ozone/hadoop-ozone/integration-test/target/test-dir/MiniOzoneClusterImpl-124e3b68-9dbf-46e5-878a-8eb0ed2fbb06/datanode-1/data/ratis] (custom)
2021-01-12 11:01:10,241 [pool-83-thread-1] INFO  server.RaftServerConfigKeys (ConfUtils.java:logGet(44)) - raft.server.log.corruption.policy = EXCEPTION (default)
2021-01-12 11:01:10,241 [pool-83-thread-1] INFO  storage.RaftStorageDirectory (RaftStorageDirectoryImpl.java:analyzeStorage(132)) - The storage directory /github/workspace/mnt/ozone/hadoop-ozone/integration-test/target/test-dir/MiniOzoneClusterImpl-124e3b68-9dbf-46e5-878a-8eb0ed2fbb06/datanode-1/data/ratis/c723a57b-c2ff-4ac7-b1f3-c7489b31936e does not exist. Creating ...
2021-01-12 11:01:10,242 [pool-83-thread-1] INFO  storage.RaftStorageDirectory (RaftStorageDirectoryImpl.java:tryLock(215)) - Lock on /github/workspace/mnt/ozone/hadoop-ozone/integration-test/target/test-dir/MiniOzoneClusterImpl-124e3b68-9dbf-46e5-878a-8eb0ed2fbb06/datanode-1/data/ratis/c723a57b-c2ff-4ac7-b1f3-c7489b31936e/in_use.lock acquired by nodename 11869@5271166cf06f
2021-01-12 11:01:10,244 [pool-83-thread-1] INFO  storage.RaftStorage (RaftStorageImpl.java:format(87)) - Storage directory /github/workspace/mnt/ozone/hadoop-ozone/integration-test/target/test-dir/MiniOzoneClusterImpl-124e3b68-9dbf-46e5-878a-8eb0ed2fbb06/datanode-1/data/ratis/c723a57b-c2ff-4ac7-b1f3-c7489b31936e has been successfully formatted.
2021-01-12 11:01:10,250 [EventQueue-PipelineReportForOneReplicaPipelineSafeModeRule] INFO  safemode.SCMSafeModeManager (SCMSafeModeManager.java:validateSafeModeExitRules(214)) - AtleastOneDatanodeReportedRule rule is successfully validated
2021-01-12 11:01:10,245 [pool-83-thread-1] INFO  ratis.ContainerStateMachine (ContainerStateMachine.java:loadSnapshot(223)) - group-C7489B31936E: The snapshot info is null. Setting the last applied indexto:(t:0, i:~)
2021-01-12 11:01:10,252 [pool-83-thread-1] ERROR storage.RaftStorage (RaftStorageImpl.java:readRaftConfiguration(147)) - Failed reading configuration from file:/github/workspace/mnt/ozone/hadoop-ozone/integration-test/target/test-dir/MiniOzoneClusterImpl-124e3b68-9dbf-46e5-878a-8eb0ed2fbb06/datanode-1/data/ratis/c723a57b-c2ff-4ac7-b1f3-c7489b31936e/current/raft-meta.conf
java.io.FileNotFoundException: /github/workspace/mnt/ozone/hadoop-ozone/integration-test/target/test-dir/MiniOzoneClusterImpl-124e3b68-9dbf-46e5-878a-8eb0ed2fbb06/datanode-1/data/ratis/c723a57b-c2ff-4ac7-b1f3-c7489b31936e/current/raft-meta.conf (No such file or directory)
	at java.io.FileInputStream.open0(Native Method)
	at java.io.FileInputStream.open(FileInputStream.java:195)
	at java.io.FileInputStream.<init>(FileInputStream.java:138)
	at org.apache.ratis.server.storage.RaftStorageImpl.readRaftConfiguration(RaftStorageImpl.java:143)
	at org.apache.ratis.server.impl.ServerState.<init>(ServerState.java:113)
	at org.apache.ratis.server.impl.RaftServerImpl.<init>(RaftServerImpl.java:192)
	at org.apache.ratis.server.impl.RaftServerProxy.lambda$newRaftServerImpl$4(RaftServerProxy.java:266)
	at java.util.concurrent.CompletableFuture$AsyncSupply.run(CompletableFuture.java:1604)
	at java.util.concurrent.ThreadPoolExecutor.runWorker(ThreadPoolExecutor.java:1149)
	at java.util.concurrent.ThreadPoolExecutor$Worker.run(ThreadPoolExecutor.java:624)
	at java.lang.Thread.run(Thread.java:748)
2021-01-12 11:01:10,252 [pool-83-thread-1] INFO  server.RaftServerConfigKeys (ConfUtils.java:logGet(44)) - raft.server.notification.no-leader.timeout = 300s (custom)
2021-01-12 11:01:10,253 [pool-83-thread-1] INFO  server.RaftServerConfigKeys (ConfUtils.java:logGet(44)) - raft.server.log.use.memory = false (default)
2021-01-12 11:01:10,253 [pool-83-thread-1] INFO  server.RaftServerConfigKeys (ConfUtils.java:logGet(44)) - raft.server.log.purge.gap = 1000000 (custom)
2021-01-12 11:01:10,256 [pool-83-thread-1] INFO  server.RaftServerConfigKeys (ConfUtils.java:logGet(44)) - raft.server.log.appender.buffer.byte-limit = 33554432 (custom)
2021-01-12 11:01:10,256 [pool-83-thread-1] INFO  metrics.RatisMetrics (RatisMetrics.java:lambda$create$0(36)) - Creating Metrics Registry : ratis.log_worker.88b834f5-6008-4641-83c2-e698cd1f12a5@group-C7489B31936E
2021-01-12 11:01:10,256 [pool-83-thread-1] INFO  server.RaftServerConfigKeys (ConfUtils.java:logGet(44)) - raft.server.log.segment.size.max = 1048576 (custom)
2021-01-12 11:01:10,257 [pool-83-thread-1] INFO  server.RaftServerConfigKeys (ConfUtils.java:logGet(44)) - raft.server.log.segment.cache.num.max = 2 (custom)
2021-01-12 11:01:10,257 [pool-83-thread-1] INFO  server.RaftServerConfigKeys (ConfUtils.java:logGet(44)) - raft.server.log.segment.cache.size.max = 200MB (=209715200) (default)
2021-01-12 11:01:10,257 [pool-83-thread-1] INFO  segmented.SegmentedRaftLogWorker (SegmentedRaftLogWorker.java:<init>(181)) - new 88b834f5-6008-4641-83c2-e698cd1f12a5@group-C7489B31936E-SegmentedRaftLogWorker for RaftStorageImpl:Storage Directory /github/workspace/mnt/ozone/hadoop-ozone/integration-test/target/test-dir/MiniOzoneClusterImpl-124e3b68-9dbf-46e5-878a-8eb0ed2fbb06/datanode-1/data/ratis/c723a57b-c2ff-4ac7-b1f3-c7489b31936e
2021-01-12 11:01:10,258 [pool-83-thread-1] INFO  server.RaftServerConfigKeys (ConfUtils.java:logGet(44)) - raft.server.log.queue.byte-limit = 2147483647 (custom)
2021-01-12 11:01:10,258 [pool-83-thread-1] INFO  server.RaftServerConfigKeys (ConfUtils.java:logGet(44)) - raft.server.log.queue.element-limit = 1024 (custom)
2021-01-12 11:01:10,258 [pool-83-thread-1] INFO  server.RaftServerConfigKeys (ConfUtils.java:logGet(44)) - raft.server.log.segment.size.max = 1048576 (custom)
2021-01-12 11:01:10,258 [pool-83-thread-1] INFO  server.RaftServerConfigKeys (ConfUtils.java:logGet(44)) - raft.server.log.preallocated.size = 16384 (custom)
2021-01-12 11:01:10,258 [pool-83-thread-1] INFO  server.RaftServerConfigKeys (ConfUtils.java:logGet(44)) - raft.server.log.force.sync.num = 128 (default)
2021-01-12 11:01:10,258 [pool-83-thread-1] INFO  server.RaftServerConfigKeys (ConfUtils.java:logGet(44)) - raft.server.log.statemachine.data.sync = true (default)
2021-01-12 11:01:10,258 [pool-83-thread-1] INFO  server.RaftServerConfigKeys (ConfUtils.java:logGet(44)) - raft.server.log.statemachine.data.sync.timeout = 10s (default)
2021-01-12 11:01:10,259 [pool-83-thread-1] INFO  server.RaftServerConfigKeys (ConfUtils.java:logGet(44)) - raft.server.log.statemachine.data.sync.timeout.retry = -1 (default)
2021-01-12 11:01:10,259 [pool-83-thread-1] INFO  server.RaftServerConfigKeys (ConfUtils.java:logGet(44)) - raft.server.log.write.buffer.size = 1048576 (custom)
2021-01-12 11:01:10,270 [pool-83-thread-1] INFO  server.RaftServerConfigKeys (ConfUtils.java:logGet(44)) - raft.server.log.statemachine.data.caching.enabled = true (custom)
2021-01-12 11:01:10,270 [pool-83-thread-1] INFO  segmented.SegmentedRaftLogWorker (SegmentedRaftLogWorker.java:lambda$new$0(132)) - 88b834f5-6008-4641-83c2-e698cd1f12a5@group-C7489B31936E-SegmentedRaftLogWorker: flushIndex: setUnconditionally 0 -> -1
2021-01-12 11:01:10,270 [pool-83-thread-1] INFO  segmented.SegmentedRaftLogWorker (SegmentedRaftLogWorker.java:lambda$new$0(132)) - 88b834f5-6008-4641-83c2-e698cd1f12a5@group-C7489B31936E-SegmentedRaftLogWorker: safeCacheEvictIndex: setUnconditionally 0 -> -1
2021-01-12 11:01:10,270 [pool-83-thread-1] INFO  server.RaftServerConfigKeys (ConfUtils.java:logGet(44)) - raft.server.snapshot.auto.trigger.enabled = true (custom)
2021-01-12 11:01:10,270 [pool-83-thread-1] INFO  server.RaftServerConfigKeys (ConfUtils.java:logGet(44)) - raft.server.snapshot.auto.trigger.threshold = 10000 (custom)
2021-01-12 11:01:10,270 [pool-83-thread-1] INFO  server.RaftServerConfigKeys (ConfUtils.java:logGet(44)) - raft.server.snapshot.retention.file.num = 5 (custom)
2021-01-12 11:01:10,270 [pool-83-thread-1] INFO  server.RaftServerConfigKeys (ConfUtils.java:logGet(44)) - raft.server.log.purge.upto.snapshot.index = false (default)
2021-01-12 11:01:10,270 [pool-83-thread-1] INFO  server.RaftServerConfigKeys (ConfUtils.java:logGet(44)) - raft.server.retrycache.expirytime = 600000ms (custom)
2021-01-12 11:01:10,271 [pool-83-thread-1] INFO  server.RaftServerConfigKeys (ConfUtils.java:logGet(44)) - raft.server.retrycache.statistics.expirytime = 100?s (default)
2021-01-12 11:01:10,271 [pool-83-thread-1] INFO  metrics.RatisMetrics (RatisMetrics.java:lambda$create$0(36)) - Creating Metrics Registry : ratis.leader_election.88b834f5-6008-4641-83c2-e698cd1f12a5@group-C7489B31936E
2021-01-12 11:01:10,272 [pool-83-thread-1] INFO  metrics.RatisMetrics (RatisMetrics.java:lambda$create$0(36)) - Creating Metrics Registry : ratis.server.88b834f5-6008-4641-83c2-e698cd1f12a5@group-C7489B31936E
2021-01-12 11:01:10,273 [pool-83-thread-1] INFO  server.RaftServer$Division (RaftServerImpl.java:start(294)) - 88b834f5-6008-4641-83c2-e698cd1f12a5@group-C7489B31936E: start as a follower, conf=-1: [88b834f5-6008-4641-83c2-e698cd1f12a5|rpc:172.17.0.2:38117|dataStream:|priority:1, e541cdce-a2d8-48af-b7b9-ce247b4f51b3|rpc:172.17.0.2:45109|dataStream:|priority:0, 39b417ab-8504-4076-a6f4-79e16db1ab30|rpc:172.17.0.2:35129|dataStream:|priority:0], old=null
2021-01-12 11:01:10,273 [pool-83-thread-1] INFO  server.RaftServer$Division (RaftServerImpl.java:setRole(283)) - 88b834f5-6008-4641-83c2-e698cd1f12a5@group-C7489B31936E: changes role from      null to FOLLOWER at term 0 for startAsFollower
2021-01-12 11:01:10,273 [pool-83-thread-1] INFO  impl.RoleInfo (RoleInfo.java:updateAndGet(130)) - 88b834f5-6008-4641-83c2-e698cd1f12a5: start 88b834f5-6008-4641-83c2-e698cd1f12a5@group-C7489B31936E-FollowerState
2021-01-12 11:01:10,282 [pool-83-thread-1] INFO  util.JmxRegister (JmxRegister.java:tryRegister(44)) - Successfully registered JMX Bean with object name Ratis:service=RaftServer,group=group-C7489B31936E,id=88b834f5-6008-4641-83c2-e698cd1f12a5
2021-01-12 11:01:10,283 [pool-83-thread-1] INFO  metrics.RatisMetrics (RatisMetrics.java:lambda$create$0(36)) - Creating Metrics Registry : ratis.state_machine.88b834f5-6008-4641-83c2-e698cd1f12a5@group-C7489B31936E
2021-01-12 11:01:10,346 [Command processor thread] INFO  metrics.RatisMetrics (RatisMetrics.java:lambda$create$0(36)) - Creating Metrics Registry : ratis.client_message_metrics.client-54022EC80DD9->e541cdce-a2d8-48af-b7b9-ce247b4f51b3
2021-01-12 11:01:10,353 [grpc-default-executor-1] INFO  metrics.RatisMetrics (RatisMetrics.java:lambda$create$0(36)) - Creating Metrics Registry : ratis.server_message_metrics.e541cdce-a2d8-48af-b7b9-ce247b4f51b3
2021-01-12 11:01:10,389 [grpc-default-executor-1] INFO  server.RaftServer (RaftServerProxy.java:addNew(95)) - e541cdce-a2d8-48af-b7b9-ce247b4f51b3: addNew group-C7489B31936E:[88b834f5-6008-4641-83c2-e698cd1f12a5|rpc:172.17.0.2:38117|dataStream:|priority:1, e541cdce-a2d8-48af-b7b9-ce247b4f51b3|rpc:172.17.0.2:45109|dataStream:|priority:0, 39b417ab-8504-4076-a6f4-79e16db1ab30|rpc:172.17.0.2:35129|dataStream:|priority:0] returns group-C7489B31936E:java.util.concurrent.CompletableFuture@6fbc5ee8[Not completed]
2021-01-12 11:01:10,395 [pool-98-thread-1] INFO  server.RaftServer$Division (RaftServerImpl.java:<init>(179)) - e541cdce-a2d8-48af-b7b9-ce247b4f51b3: new RaftServerImpl for group-C7489B31936E:[88b834f5-6008-4641-83c2-e698cd1f12a5|rpc:172.17.0.2:38117|dataStream:|priority:1, e541cdce-a2d8-48af-b7b9-ce247b4f51b3|rpc:172.17.0.2:45109|dataStream:|priority:0, 39b417ab-8504-4076-a6f4-79e16db1ab30|rpc:172.17.0.2:35129|dataStream:|priority:0] with ContainerStateMachine:uninitialized
2021-01-12 11:01:10,396 [pool-98-thread-1] INFO  server.RaftServerConfigKeys (ConfUtils.java:logGet(44)) - raft.server.rpc.timeout.min = 5s (custom)
2021-01-12 11:01:10,396 [pool-98-thread-1] INFO  server.RaftServerConfigKeys (ConfUtils.java:logGet(44)) - raft.server.rpc.timeout.max = 5200ms (custom)
2021-01-12 11:01:10,396 [pool-98-thread-1] INFO  server.RaftServerConfigKeys (ConfUtils.java:logGet(44)) - raft.server.rpc.sleep.time = 25ms (default)
2021-01-12 11:01:10,396 [pool-98-thread-1] INFO  server.RaftServerConfigKeys (ConfUtils.java:logGet(44)) - raft.server.rpc.slowness.timeout = 300s (custom)
2021-01-12 11:01:10,396 [pool-98-thread-1] INFO  server.RaftServerConfigKeys (ConfUtils.java:logGet(44)) - raft.server.leaderelection.leader.step-down.wait-time = 10s (default)
2021-01-12 11:01:10,396 [pool-98-thread-1] INFO  server.RaftServerConfigKeys (ConfUtils.java:logGet(44)) - raft.server.sleep.deviation.threshold = 300ms (default)
2021-01-12 11:01:10,397 [pool-98-thread-1] INFO  server.RaftServerConfigKeys (ConfUtils.java:logGet(44)) - raft.server.log.appender.install.snapshot.enabled = false (custom)
2021-01-12 11:01:10,397 [pool-98-thread-1] INFO  server.RaftServer$Division (ServerState.java:<init>(103)) - e541cdce-a2d8-48af-b7b9-ce247b4f51b3@group-C7489B31936E: ConfigurationManager, init=-1: [88b834f5-6008-4641-83c2-e698cd1f12a5|rpc:172.17.0.2:38117|dataStream:|priority:1, e541cdce-a2d8-48af-b7b9-ce247b4f51b3|rpc:172.17.0.2:45109|dataStream:|priority:0, 39b417ab-8504-4076-a6f4-79e16db1ab30|rpc:172.17.0.2:35129|dataStream:|priority:0], old=null, confs=<EMPTY_MAP>
2021-01-12 11:01:10,397 [pool-98-thread-1] INFO  server.RaftServerConfigKeys (ConfUtils.java:logGet(44)) - raft.server.storage.dir = [/github/workspace/mnt/ozone/hadoop-ozone/integration-test/target/test-dir/MiniOzoneClusterImpl-124e3b68-9dbf-46e5-878a-8eb0ed2fbb06/datanode-2/data/ratis] (custom)
2021-01-12 11:01:10,397 [pool-98-thread-1] INFO  server.RaftServerConfigKeys (ConfUtils.java:logGet(44)) - raft.server.log.corruption.policy = EXCEPTION (default)
2021-01-12 11:01:10,397 [pool-98-thread-1] INFO  storage.RaftStorageDirectory (RaftStorageDirectoryImpl.java:analyzeStorage(132)) - The storage directory /github/workspace/mnt/ozone/hadoop-ozone/integration-test/target/test-dir/MiniOzoneClusterImpl-124e3b68-9dbf-46e5-878a-8eb0ed2fbb06/datanode-2/data/ratis/c723a57b-c2ff-4ac7-b1f3-c7489b31936e does not exist. Creating ...
2021-01-12 11:01:10,398 [pool-98-thread-1] INFO  storage.RaftStorageDirectory (RaftStorageDirectoryImpl.java:tryLock(215)) - Lock on /github/workspace/mnt/ozone/hadoop-ozone/integration-test/target/test-dir/MiniOzoneClusterImpl-124e3b68-9dbf-46e5-878a-8eb0ed2fbb06/datanode-2/data/ratis/c723a57b-c2ff-4ac7-b1f3-c7489b31936e/in_use.lock acquired by nodename 11869@5271166cf06f
2021-01-12 11:01:10,399 [pool-98-thread-1] INFO  storage.RaftStorage (RaftStorageImpl.java:format(87)) - Storage directory /github/workspace/mnt/ozone/hadoop-ozone/integration-test/target/test-dir/MiniOzoneClusterImpl-124e3b68-9dbf-46e5-878a-8eb0ed2fbb06/datanode-2/data/ratis/c723a57b-c2ff-4ac7-b1f3-c7489b31936e has been successfully formatted.
2021-01-12 11:01:10,400 [pool-98-thread-1] INFO  ratis.ContainerStateMachine (ContainerStateMachine.java:loadSnapshot(223)) - group-C7489B31936E: The snapshot info is null. Setting the last applied indexto:(t:0, i:~)
2021-01-12 11:01:10,400 [pool-98-thread-1] ERROR storage.RaftStorage (RaftStorageImpl.java:readRaftConfiguration(147)) - Failed reading configuration from file:/github/workspace/mnt/ozone/hadoop-ozone/integration-test/target/test-dir/MiniOzoneClusterImpl-124e3b68-9dbf-46e5-878a-8eb0ed2fbb06/datanode-2/data/ratis/c723a57b-c2ff-4ac7-b1f3-c7489b31936e/current/raft-meta.conf
java.io.FileNotFoundException: /github/workspace/mnt/ozone/hadoop-ozone/integration-test/target/test-dir/MiniOzoneClusterImpl-124e3b68-9dbf-46e5-878a-8eb0ed2fbb06/datanode-2/data/ratis/c723a57b-c2ff-4ac7-b1f3-c7489b31936e/current/raft-meta.conf (No such file or directory)
	at java.io.FileInputStream.open0(Native Method)
	at java.io.FileInputStream.open(FileInputStream.java:195)
	at java.io.FileInputStream.<init>(FileInputStream.java:138)
	at org.apache.ratis.server.storage.RaftStorageImpl.readRaftConfiguration(RaftStorageImpl.java:143)
	at org.apache.ratis.server.impl.ServerState.<init>(ServerState.java:113)
	at org.apache.ratis.server.impl.RaftServerImpl.<init>(RaftServerImpl.java:192)
	at org.apache.ratis.server.impl.RaftServerProxy.lambda$newRaftServerImpl$4(RaftServerProxy.java:266)
	at java.util.concurrent.CompletableFuture$AsyncSupply.run(CompletableFuture.java:1604)
	at java.util.concurrent.ThreadPoolExecutor.runWorker(ThreadPoolExecutor.java:1149)
	at java.util.concurrent.ThreadPoolExecutor$Worker.run(ThreadPoolExecutor.java:624)
	at java.lang.Thread.run(Thread.java:748)
2021-01-12 11:01:10,406 [EventQueue-PipelineReportForOneReplicaPipelineSafeModeRule] INFO  safemode.SCMSafeModeManager (SCMSafeModeManager.java:validateSafeModeExitRules(214)) - AtleastOneDatanodeReportedRule rule is successfully validated
2021-01-12 11:01:10,407 [pool-98-thread-1] INFO  server.RaftServerConfigKeys (ConfUtils.java:logGet(44)) - raft.server.notification.no-leader.timeout = 300s (custom)
2021-01-12 11:01:10,407 [pool-98-thread-1] INFO  server.RaftServerConfigKeys (ConfUtils.java:logGet(44)) - raft.server.log.use.memory = false (default)
2021-01-12 11:01:10,407 [pool-98-thread-1] INFO  server.RaftServerConfigKeys (ConfUtils.java:logGet(44)) - raft.server.log.purge.gap = 1000000 (custom)
2021-01-12 11:01:10,407 [pool-98-thread-1] INFO  server.RaftServerConfigKeys (ConfUtils.java:logGet(44)) - raft.server.log.appender.buffer.byte-limit = 33554432 (custom)
2021-01-12 11:01:10,407 [pool-98-thread-1] INFO  metrics.RatisMetrics (RatisMetrics.java:lambda$create$0(36)) - Creating Metrics Registry : ratis.log_worker.e541cdce-a2d8-48af-b7b9-ce247b4f51b3@group-C7489B31936E
2021-01-12 11:01:10,407 [pool-98-thread-1] INFO  server.RaftServerConfigKeys (ConfUtils.java:logGet(44)) - raft.server.log.segment.size.max = 1048576 (custom)
2021-01-12 11:01:10,408 [pool-98-thread-1] INFO  server.RaftServerConfigKeys (ConfUtils.java:logGet(44)) - raft.server.log.segment.cache.num.max = 2 (custom)
2021-01-12 11:01:10,409 [pool-98-thread-1] INFO  server.RaftServerConfigKeys (ConfUtils.java:logGet(44)) - raft.server.log.segment.cache.size.max = 200MB (=209715200) (default)
2021-01-12 11:01:10,409 [pool-98-thread-1] INFO  segmented.SegmentedRaftLogWorker (SegmentedRaftLogWorker.java:<init>(181)) - new e541cdce-a2d8-48af-b7b9-ce247b4f51b3@group-C7489B31936E-SegmentedRaftLogWorker for RaftStorageImpl:Storage Directory /github/workspace/mnt/ozone/hadoop-ozone/integration-test/target/test-dir/MiniOzoneClusterImpl-124e3b68-9dbf-46e5-878a-8eb0ed2fbb06/datanode-2/data/ratis/c723a57b-c2ff-4ac7-b1f3-c7489b31936e
2021-01-12 11:01:10,409 [pool-98-thread-1] INFO  server.RaftServerConfigKeys (ConfUtils.java:logGet(44)) - raft.server.log.queue.byte-limit = 2147483647 (custom)
2021-01-12 11:01:10,409 [pool-98-thread-1] INFO  server.RaftServerConfigKeys (ConfUtils.java:logGet(44)) - raft.server.log.queue.element-limit = 1024 (custom)
2021-01-12 11:01:10,410 [pool-98-thread-1] INFO  server.RaftServerConfigKeys (ConfUtils.java:logGet(44)) - raft.server.log.segment.size.max = 1048576 (custom)
2021-01-12 11:01:10,410 [pool-98-thread-1] INFO  server.RaftServerConfigKeys (ConfUtils.java:logGet(44)) - raft.server.log.preallocated.size = 16384 (custom)
2021-01-12 11:01:10,410 [pool-98-thread-1] INFO  server.RaftServerConfigKeys (ConfUtils.java:logGet(44)) - raft.server.log.force.sync.num = 128 (default)
2021-01-12 11:01:10,410 [pool-98-thread-1] INFO  server.RaftServerConfigKeys (ConfUtils.java:logGet(44)) - raft.server.log.statemachine.data.sync = true (default)
2021-01-12 11:01:10,410 [pool-98-thread-1] INFO  server.RaftServerConfigKeys (ConfUtils.java:logGet(44)) - raft.server.log.statemachine.data.sync.timeout = 10s (default)
2021-01-12 11:01:10,410 [pool-98-thread-1] INFO  server.RaftServerConfigKeys (ConfUtils.java:logGet(44)) - raft.server.log.statemachine.data.sync.timeout.retry = -1 (default)
2021-01-12 11:01:10,411 [pool-98-thread-1] INFO  server.RaftServerConfigKeys (ConfUtils.java:logGet(44)) - raft.server.log.write.buffer.size = 1048576 (custom)
2021-01-12 11:01:10,412 [pool-98-thread-1] INFO  server.RaftServerConfigKeys (ConfUtils.java:logGet(44)) - raft.server.log.statemachine.data.caching.enabled = true (custom)
2021-01-12 11:01:10,414 [pool-98-thread-1] INFO  segmented.SegmentedRaftLogWorker (SegmentedRaftLogWorker.java:lambda$new$0(132)) - e541cdce-a2d8-48af-b7b9-ce247b4f51b3@group-C7489B31936E-SegmentedRaftLogWorker: flushIndex: setUnconditionally 0 -> -1
2021-01-12 11:01:10,415 [pool-98-thread-1] INFO  segmented.SegmentedRaftLogWorker (SegmentedRaftLogWorker.java:lambda$new$0(132)) - e541cdce-a2d8-48af-b7b9-ce247b4f51b3@group-C7489B31936E-SegmentedRaftLogWorker: safeCacheEvictIndex: setUnconditionally 0 -> -1
2021-01-12 11:01:10,415 [pool-98-thread-1] INFO  server.RaftServerConfigKeys (ConfUtils.java:logGet(44)) - raft.server.snapshot.auto.trigger.enabled = true (custom)
2021-01-12 11:01:10,415 [pool-98-thread-1] INFO  server.RaftServerConfigKeys (ConfUtils.java:logGet(44)) - raft.server.snapshot.auto.trigger.threshold = 10000 (custom)
2021-01-12 11:01:10,415 [pool-98-thread-1] INFO  server.RaftServerConfigKeys (ConfUtils.java:logGet(44)) - raft.server.snapshot.retention.file.num = 5 (custom)
2021-01-12 11:01:10,415 [pool-98-thread-1] INFO  server.RaftServerConfigKeys (ConfUtils.java:logGet(44)) - raft.server.log.purge.upto.snapshot.index = false (default)
2021-01-12 11:01:10,415 [pool-98-thread-1] INFO  server.RaftServerConfigKeys (ConfUtils.java:logGet(44)) - raft.server.retrycache.expirytime = 600000ms (custom)
2021-01-12 11:01:10,415 [pool-98-thread-1] INFO  server.RaftServerConfigKeys (ConfUtils.java:logGet(44)) - raft.server.retrycache.statistics.expirytime = 100?s (default)
2021-01-12 11:01:10,415 [pool-98-thread-1] INFO  metrics.RatisMetrics (RatisMetrics.java:lambda$create$0(36)) - Creating Metrics Registry : ratis.leader_election.e541cdce-a2d8-48af-b7b9-ce247b4f51b3@group-C7489B31936E
2021-01-12 11:01:10,416 [pool-98-thread-1] INFO  metrics.RatisMetrics (RatisMetrics.java:lambda$create$0(36)) - Creating Metrics Registry : ratis.server.e541cdce-a2d8-48af-b7b9-ce247b4f51b3@group-C7489B31936E
2021-01-12 11:01:10,416 [pool-98-thread-1] INFO  server.RaftServer$Division (RaftServerImpl.java:start(294)) - e541cdce-a2d8-48af-b7b9-ce247b4f51b3@group-C7489B31936E: start as a follower, conf=-1: [88b834f5-6008-4641-83c2-e698cd1f12a5|rpc:172.17.0.2:38117|dataStream:|priority:1, e541cdce-a2d8-48af-b7b9-ce247b4f51b3|rpc:172.17.0.2:45109|dataStream:|priority:0, 39b417ab-8504-4076-a6f4-79e16db1ab30|rpc:172.17.0.2:35129|dataStream:|priority:0], old=null
2021-01-12 11:01:10,416 [pool-98-thread-1] INFO  server.RaftServer$Division (RaftServerImpl.java:setRole(283)) - e541cdce-a2d8-48af-b7b9-ce247b4f51b3@group-C7489B31936E: changes role from      null to FOLLOWER at term 0 for startAsFollower
2021-01-12 11:01:10,416 [pool-98-thread-1] INFO  impl.RoleInfo (RoleInfo.java:updateAndGet(130)) - e541cdce-a2d8-48af-b7b9-ce247b4f51b3: start e541cdce-a2d8-48af-b7b9-ce247b4f51b3@group-C7489B31936E-FollowerState
2021-01-12 11:01:10,418 [pool-98-thread-1] INFO  util.JmxRegister (JmxRegister.java:tryRegister(44)) - Successfully registered JMX Bean with object name Ratis:service=RaftServer,group=group-C7489B31936E,id=e541cdce-a2d8-48af-b7b9-ce247b4f51b3
2021-01-12 11:01:10,418 [pool-98-thread-1] INFO  metrics.RatisMetrics (RatisMetrics.java:lambda$create$0(36)) - Creating Metrics Registry : ratis.state_machine.e541cdce-a2d8-48af-b7b9-ce247b4f51b3@group-C7489B31936E
2021-01-12 11:01:10,440 [Command processor thread] INFO  commandhandler.CreatePipelineCommandHandler (CreatePipelineCommandHandler.java:handle(106)) - Created Pipeline RATIS THREE PipelineID=c723a57b-c2ff-4ac7-b1f3-c7489b31936e.
2021-01-12 11:01:10,440 [Command processor thread] INFO  server.RaftServer (RaftServerProxy.java:addNew(95)) - 39b417ab-8504-4076-a6f4-79e16db1ab30: addNew group-3B437D9F2B1B:[88b834f5-6008-4641-83c2-e698cd1f12a5|rpc:172.17.0.2:38117|priority:0, e541cdce-a2d8-48af-b7b9-ce247b4f51b3|rpc:172.17.0.2:45109|priority:0, 39b417ab-8504-4076-a6f4-79e16db1ab30|rpc:172.17.0.2:35129|priority:1] returns group-3B437D9F2B1B:java.util.concurrent.CompletableFuture@50a2f04a[Not completed]
2021-01-12 11:01:10,441 [pool-67-thread-1] INFO  server.RaftServer$Division (RaftServerImpl.java:<init>(179)) - 39b417ab-8504-4076-a6f4-79e16db1ab30: new RaftServerImpl for group-3B437D9F2B1B:[88b834f5-6008-4641-83c2-e698cd1f12a5|rpc:172.17.0.2:38117|priority:0, e541cdce-a2d8-48af-b7b9-ce247b4f51b3|rpc:172.17.0.2:45109|priority:0, 39b417ab-8504-4076-a6f4-79e16db1ab30|rpc:172.17.0.2:35129|priority:1] with ContainerStateMachine:uninitialized
2021-01-12 11:01:10,441 [pool-67-thread-1] INFO  server.RaftServerConfigKeys (ConfUtils.java:logGet(44)) - raft.server.rpc.timeout.min = 5s (custom)
2021-01-12 11:01:10,442 [pool-67-thread-1] INFO  server.RaftServerConfigKeys (ConfUtils.java:logGet(44)) - raft.server.rpc.timeout.max = 5200ms (custom)
2021-01-12 11:01:10,442 [pool-67-thread-1] INFO  server.RaftServerConfigKeys (ConfUtils.java:logGet(44)) - raft.server.rpc.sleep.time = 25ms (default)
2021-01-12 11:01:10,442 [pool-67-thread-1] INFO  server.RaftServerConfigKeys (ConfUtils.java:logGet(44)) - raft.server.rpc.slowness.timeout = 300s (custom)
2021-01-12 11:01:10,442 [pool-67-thread-1] INFO  server.RaftServerConfigKeys (ConfUtils.java:logGet(44)) - raft.server.leaderelection.leader.step-down.wait-time = 10s (default)
2021-01-12 11:01:10,442 [pool-67-thread-1] INFO  server.RaftServerConfigKeys (ConfUtils.java:logGet(44)) - raft.server.sleep.deviation.threshold = 300ms (default)
2021-01-12 11:01:10,442 [pool-67-thread-1] INFO  server.RaftServerConfigKeys (ConfUtils.java:logGet(44)) - raft.server.log.appender.install.snapshot.enabled = false (custom)
2021-01-12 11:01:10,442 [pool-67-thread-1] INFO  server.RaftServer$Division (ServerState.java:<init>(103)) - 39b417ab-8504-4076-a6f4-79e16db1ab30@group-3B437D9F2B1B: ConfigurationManager, init=-1: [88b834f5-6008-4641-83c2-e698cd1f12a5|rpc:172.17.0.2:38117|priority:0, e541cdce-a2d8-48af-b7b9-ce247b4f51b3|rpc:172.17.0.2:45109|priority:0, 39b417ab-8504-4076-a6f4-79e16db1ab30|rpc:172.17.0.2:35129|priority:1], old=null, confs=<EMPTY_MAP>
2021-01-12 11:01:10,442 [pool-67-thread-1] INFO  server.RaftServerConfigKeys (ConfUtils.java:logGet(44)) - raft.server.storage.dir = [/github/workspace/mnt/ozone/hadoop-ozone/integration-test/target/test-dir/MiniOzoneClusterImpl-124e3b68-9dbf-46e5-878a-8eb0ed2fbb06/datanode-0/data/ratis] (custom)
2021-01-12 11:01:10,442 [pool-67-thread-1] INFO  server.RaftServerConfigKeys (ConfUtils.java:logGet(44)) - raft.server.log.corruption.policy = EXCEPTION (default)
2021-01-12 11:01:10,442 [pool-67-thread-1] INFO  storage.RaftStorageDirectory (RaftStorageDirectoryImpl.java:analyzeStorage(132)) - The storage directory /github/workspace/mnt/ozone/hadoop-ozone/integration-test/target/test-dir/MiniOzoneClusterImpl-124e3b68-9dbf-46e5-878a-8eb0ed2fbb06/datanode-0/data/ratis/39aa5a61-5a80-4b69-9e87-3b437d9f2b1b does not exist. Creating ...
2021-01-12 11:01:10,443 [pool-67-thread-1] INFO  storage.RaftStorageDirectory (RaftStorageDirectoryImpl.java:tryLock(215)) - Lock on /github/workspace/mnt/ozone/hadoop-ozone/integration-test/target/test-dir/MiniOzoneClusterImpl-124e3b68-9dbf-46e5-878a-8eb0ed2fbb06/datanode-0/data/ratis/39aa5a61-5a80-4b69-9e87-3b437d9f2b1b/in_use.lock acquired by nodename 11869@5271166cf06f
2021-01-12 11:01:10,444 [pool-67-thread-1] INFO  storage.RaftStorage (RaftStorageImpl.java:format(87)) - Storage directory /github/workspace/mnt/ozone/hadoop-ozone/integration-test/target/test-dir/MiniOzoneClusterImpl-124e3b68-9dbf-46e5-878a-8eb0ed2fbb06/datanode-0/data/ratis/39aa5a61-5a80-4b69-9e87-3b437d9f2b1b has been successfully formatted.
2021-01-12 11:01:10,444 [pool-67-thread-1] INFO  ratis.ContainerStateMachine (ContainerStateMachine.java:loadSnapshot(223)) - group-3B437D9F2B1B: The snapshot info is null. Setting the last applied indexto:(t:0, i:~)
2021-01-12 11:01:10,445 [pool-67-thread-1] ERROR storage.RaftStorage (RaftStorageImpl.java:readRaftConfiguration(147)) - Failed reading configuration from file:/github/workspace/mnt/ozone/hadoop-ozone/integration-test/target/test-dir/MiniOzoneClusterImpl-124e3b68-9dbf-46e5-878a-8eb0ed2fbb06/datanode-0/data/ratis/39aa5a61-5a80-4b69-9e87-3b437d9f2b1b/current/raft-meta.conf
java.io.FileNotFoundException: /github/workspace/mnt/ozone/hadoop-ozone/integration-test/target/test-dir/MiniOzoneClusterImpl-124e3b68-9dbf-46e5-878a-8eb0ed2fbb06/datanode-0/data/ratis/39aa5a61-5a80-4b69-9e87-3b437d9f2b1b/current/raft-meta.conf (No such file or directory)
	at java.io.FileInputStream.open0(Native Method)
	at java.io.FileInputStream.open(FileInputStream.java:195)
	at java.io.FileInputStream.<init>(FileInputStream.java:138)
	at org.apache.ratis.server.storage.RaftStorageImpl.readRaftConfiguration(RaftStorageImpl.java:143)
	at org.apache.ratis.server.impl.ServerState.<init>(ServerState.java:113)
	at org.apache.ratis.server.impl.RaftServerImpl.<init>(RaftServerImpl.java:192)
	at org.apache.ratis.server.impl.RaftServerProxy.lambda$newRaftServerImpl$4(RaftServerProxy.java:266)
	at java.util.concurrent.CompletableFuture$AsyncSupply.run(CompletableFuture.java:1604)
	at java.util.concurrent.ThreadPoolExecutor.runWorker(ThreadPoolExecutor.java:1149)
	at java.util.concurrent.ThreadPoolExecutor$Worker.run(ThreadPoolExecutor.java:624)
	at java.lang.Thread.run(Thread.java:748)
2021-01-12 11:01:10,445 [pool-67-thread-1] INFO  server.RaftServerConfigKeys (ConfUtils.java:logGet(44)) - raft.server.notification.no-leader.timeout = 300s (custom)
2021-01-12 11:01:10,445 [pool-67-thread-1] INFO  server.RaftServerConfigKeys (ConfUtils.java:logGet(44)) - raft.server.log.use.memory = false (default)
2021-01-12 11:01:10,445 [pool-67-thread-1] INFO  server.RaftServerConfigKeys (ConfUtils.java:logGet(44)) - raft.server.log.purge.gap = 1000000 (custom)
2021-01-12 11:01:10,446 [pool-67-thread-1] INFO  server.RaftServerConfigKeys (ConfUtils.java:logGet(44)) - raft.server.log.appender.buffer.byte-limit = 33554432 (custom)
2021-01-12 11:01:10,446 [pool-67-thread-1] INFO  metrics.RatisMetrics (RatisMetrics.java:lambda$create$0(36)) - Creating Metrics Registry : ratis.log_worker.39b417ab-8504-4076-a6f4-79e16db1ab30@group-3B437D9F2B1B
2021-01-12 11:01:10,449 [pool-67-thread-1] INFO  server.RaftServerConfigKeys (ConfUtils.java:logGet(44)) - raft.server.log.segment.size.max = 1048576 (custom)
2021-01-12 11:01:10,449 [pool-67-thread-1] INFO  server.RaftServerConfigKeys (ConfUtils.java:logGet(44)) - raft.server.log.segment.cache.num.max = 2 (custom)
2021-01-12 11:01:10,450 [pool-67-thread-1] INFO  server.RaftServerConfigKeys (ConfUtils.java:logGet(44)) - raft.server.log.segment.cache.size.max = 200MB (=209715200) (default)
2021-01-12 11:01:10,450 [pool-67-thread-1] INFO  segmented.SegmentedRaftLogWorker (SegmentedRaftLogWorker.java:<init>(181)) - new 39b417ab-8504-4076-a6f4-79e16db1ab30@group-3B437D9F2B1B-SegmentedRaftLogWorker for RaftStorageImpl:Storage Directory /github/workspace/mnt/ozone/hadoop-ozone/integration-test/target/test-dir/MiniOzoneClusterImpl-124e3b68-9dbf-46e5-878a-8eb0ed2fbb06/datanode-0/data/ratis/39aa5a61-5a80-4b69-9e87-3b437d9f2b1b
2021-01-12 11:01:10,450 [pool-67-thread-1] INFO  server.RaftServerConfigKeys (ConfUtils.java:logGet(44)) - raft.server.log.queue.byte-limit = 2147483647 (custom)
2021-01-12 11:01:10,450 [pool-67-thread-1] INFO  server.RaftServerConfigKeys (ConfUtils.java:logGet(44)) - raft.server.log.queue.element-limit = 1024 (custom)
2021-01-12 11:01:10,450 [pool-67-thread-1] INFO  server.RaftServerConfigKeys (ConfUtils.java:logGet(44)) - raft.server.log.segment.size.max = 1048576 (custom)
2021-01-12 11:01:10,450 [pool-67-thread-1] INFO  server.RaftServerConfigKeys (ConfUtils.java:logGet(44)) - raft.server.log.preallocated.size = 16384 (custom)
2021-01-12 11:01:10,450 [pool-67-thread-1] INFO  server.RaftServerConfigKeys (ConfUtils.java:logGet(44)) - raft.server.log.force.sync.num = 128 (default)
2021-01-12 11:01:10,450 [pool-67-thread-1] INFO  server.RaftServerConfigKeys (ConfUtils.java:logGet(44)) - raft.server.log.statemachine.data.sync = true (default)
2021-01-12 11:01:10,450 [pool-67-thread-1] INFO  server.RaftServerConfigKeys (ConfUtils.java:logGet(44)) - raft.server.log.statemachine.data.sync.timeout = 10s (default)
2021-01-12 11:01:10,450 [pool-67-thread-1] INFO  server.RaftServerConfigKeys (ConfUtils.java:logGet(44)) - raft.server.log.statemachine.data.sync.timeout.retry = -1 (default)
2021-01-12 11:01:10,451 [EventQueue-PipelineReportForOneReplicaPipelineSafeModeRule] INFO  safemode.SCMSafeModeManager (SCMSafeModeManager.java:validateSafeModeExitRules(214)) - AtleastOneDatanodeReportedRule rule is successfully validated
2021-01-12 11:01:10,451 [pool-67-thread-1] INFO  server.RaftServerConfigKeys (ConfUtils.java:logGet(44)) - raft.server.log.write.buffer.size = 1048576 (custom)
2021-01-12 11:01:10,451 [EventQueue-OpenPipelineForHealthyPipelineSafeModeRule] INFO  safemode.SCMSafeModeManager (HealthyPipelineSafeModeRule.java:process(128)) - SCM in safe mode. Healthy pipelines reported count is 0, required healthy pipeline reported count is 1
2021-01-12 11:01:10,452 [pool-67-thread-1] INFO  server.RaftServerConfigKeys (ConfUtils.java:logGet(44)) - raft.server.log.statemachine.data.caching.enabled = true (custom)
2021-01-12 11:01:10,452 [pool-67-thread-1] INFO  segmented.SegmentedRaftLogWorker (SegmentedRaftLogWorker.java:lambda$new$0(132)) - 39b417ab-8504-4076-a6f4-79e16db1ab30@group-3B437D9F2B1B-SegmentedRaftLogWorker: flushIndex: setUnconditionally 0 -> -1
2021-01-12 11:01:10,453 [pool-67-thread-1] INFO  segmented.SegmentedRaftLogWorker (SegmentedRaftLogWorker.java:lambda$new$0(132)) - 39b417ab-8504-4076-a6f4-79e16db1ab30@group-3B437D9F2B1B-SegmentedRaftLogWorker: safeCacheEvictIndex: setUnconditionally 0 -> -1
2021-01-12 11:01:10,460 [pool-67-thread-1] INFO  server.RaftServerConfigKeys (ConfUtils.java:logGet(44)) - raft.server.snapshot.auto.trigger.enabled = true (custom)
2021-01-12 11:01:10,461 [pool-67-thread-1] INFO  server.RaftServerConfigKeys (ConfUtils.java:logGet(44)) - raft.server.snapshot.auto.trigger.threshold = 10000 (custom)
2021-01-12 11:01:10,461 [pool-67-thread-1] INFO  server.RaftServerConfigKeys (ConfUtils.java:logGet(44)) - raft.server.snapshot.retention.file.num = 5 (custom)
2021-01-12 11:01:10,461 [pool-67-thread-1] INFO  server.RaftServerConfigKeys (ConfUtils.java:logGet(44)) - raft.server.log.purge.upto.snapshot.index = false (default)
2021-01-12 11:01:10,461 [pool-67-thread-1] INFO  server.RaftServerConfigKeys (ConfUtils.java:logGet(44)) - raft.server.retrycache.expirytime = 600000ms (custom)
2021-01-12 11:01:10,461 [pool-67-thread-1] INFO  server.RaftServerConfigKeys (ConfUtils.java:logGet(44)) - raft.server.retrycache.statistics.expirytime = 100?s (default)
2021-01-12 11:01:10,461 [pool-67-thread-1] INFO  metrics.RatisMetrics (RatisMetrics.java:lambda$create$0(36)) - Creating Metrics Registry : ratis.leader_election.39b417ab-8504-4076-a6f4-79e16db1ab30@group-3B437D9F2B1B
2021-01-12 11:01:10,461 [pool-67-thread-1] INFO  metrics.RatisMetrics (RatisMetrics.java:lambda$create$0(36)) - Creating Metrics Registry : ratis.server.39b417ab-8504-4076-a6f4-79e16db1ab30@group-3B437D9F2B1B
2021-01-12 11:01:10,462 [pool-67-thread-1] INFO  server.RaftServer$Division (RaftServerImpl.java:start(294)) - 39b417ab-8504-4076-a6f4-79e16db1ab30@group-3B437D9F2B1B: start as a follower, conf=-1: [88b834f5-6008-4641-83c2-e698cd1f12a5|rpc:172.17.0.2:38117|priority:0, e541cdce-a2d8-48af-b7b9-ce247b4f51b3|rpc:172.17.0.2:45109|priority:0, 39b417ab-8504-4076-a6f4-79e16db1ab30|rpc:172.17.0.2:35129|priority:1], old=null
2021-01-12 11:01:10,462 [pool-67-thread-1] INFO  server.RaftServer$Division (RaftServerImpl.java:setRole(283)) - 39b417ab-8504-4076-a6f4-79e16db1ab30@group-3B437D9F2B1B: changes role from      null to FOLLOWER at term 0 for startAsFollower
2021-01-12 11:01:10,462 [pool-67-thread-1] INFO  impl.RoleInfo (RoleInfo.java:updateAndGet(130)) - 39b417ab-8504-4076-a6f4-79e16db1ab30: start 39b417ab-8504-4076-a6f4-79e16db1ab30@group-3B437D9F2B1B-FollowerState
2021-01-12 11:01:10,462 [pool-67-thread-1] INFO  util.JmxRegister (JmxRegister.java:tryRegister(44)) - Successfully registered JMX Bean with object name Ratis:service=RaftServer,group=group-3B437D9F2B1B,id=39b417ab-8504-4076-a6f4-79e16db1ab30
2021-01-12 11:01:10,462 [pool-67-thread-1] INFO  metrics.RatisMetrics (RatisMetrics.java:lambda$create$0(36)) - Creating Metrics Registry : ratis.state_machine.39b417ab-8504-4076-a6f4-79e16db1ab30@group-3B437D9F2B1B
2021-01-12 11:01:10,469 [Command processor thread] INFO  metrics.RatisMetrics (RatisMetrics.java:lambda$create$0(36)) - Creating Metrics Registry : ratis.client_message_metrics.client-596A1000BB76->88b834f5-6008-4641-83c2-e698cd1f12a5
2021-01-12 11:01:10,479 [grpc-default-executor-1] INFO  server.RaftServer (RaftServerProxy.java:addNew(95)) - 88b834f5-6008-4641-83c2-e698cd1f12a5: addNew group-3B437D9F2B1B:[88b834f5-6008-4641-83c2-e698cd1f12a5|rpc:172.17.0.2:38117|dataStream:|priority:0, e541cdce-a2d8-48af-b7b9-ce247b4f51b3|rpc:172.17.0.2:45109|dataStream:|priority:0, 39b417ab-8504-4076-a6f4-79e16db1ab30|rpc:172.17.0.2:35129|dataStream:|priority:1] returns group-3B437D9F2B1B:java.util.concurrent.CompletableFuture@109266ab[Not completed]
2021-01-12 11:01:10,480 [pool-83-thread-1] INFO  server.RaftServer$Division (RaftServerImpl.java:<init>(179)) - 88b834f5-6008-4641-83c2-e698cd1f12a5: new RaftServerImpl for group-3B437D9F2B1B:[88b834f5-6008-4641-83c2-e698cd1f12a5|rpc:172.17.0.2:38117|dataStream:|priority:0, e541cdce-a2d8-48af-b7b9-ce247b4f51b3|rpc:172.17.0.2:45109|dataStream:|priority:0, 39b417ab-8504-4076-a6f4-79e16db1ab30|rpc:172.17.0.2:35129|dataStream:|priority:1] with ContainerStateMachine:uninitialized
2021-01-12 11:01:10,480 [pool-83-thread-1] INFO  server.RaftServerConfigKeys (ConfUtils.java:logGet(44)) - raft.server.rpc.timeout.min = 5s (custom)
2021-01-12 11:01:10,480 [pool-83-thread-1] INFO  server.RaftServerConfigKeys (ConfUtils.java:logGet(44)) - raft.server.rpc.timeout.max = 5200ms (custom)
2021-01-12 11:01:10,480 [pool-83-thread-1] INFO  server.RaftServerConfigKeys (ConfUtils.java:logGet(44)) - raft.server.rpc.sleep.time = 25ms (default)
2021-01-12 11:01:10,480 [pool-83-thread-1] INFO  server.RaftServerConfigKeys (ConfUtils.java:logGet(44)) - raft.server.rpc.slowness.timeout = 300s (custom)
2021-01-12 11:01:10,480 [pool-83-thread-1] INFO  server.RaftServerConfigKeys (ConfUtils.java:logGet(44)) - raft.server.leaderelection.leader.step-down.wait-time = 10s (default)
2021-01-12 11:01:10,480 [pool-83-thread-1] INFO  server.RaftServerConfigKeys (ConfUtils.java:logGet(44)) - raft.server.sleep.deviation.threshold = 300ms (default)
2021-01-12 11:01:10,480 [pool-83-thread-1] INFO  server.RaftServerConfigKeys (ConfUtils.java:logGet(44)) - raft.server.log.appender.install.snapshot.enabled = false (custom)
2021-01-12 11:01:10,480 [pool-83-thread-1] INFO  server.RaftServer$Division (ServerState.java:<init>(103)) - 88b834f5-6008-4641-83c2-e698cd1f12a5@group-3B437D9F2B1B: ConfigurationManager, init=-1: [88b834f5-6008-4641-83c2-e698cd1f12a5|rpc:172.17.0.2:38117|dataStream:|priority:0, e541cdce-a2d8-48af-b7b9-ce247b4f51b3|rpc:172.17.0.2:45109|dataStream:|priority:0, 39b417ab-8504-4076-a6f4-79e16db1ab30|rpc:172.17.0.2:35129|dataStream:|priority:1], old=null, confs=<EMPTY_MAP>
2021-01-12 11:01:10,480 [pool-83-thread-1] INFO  server.RaftServerConfigKeys (ConfUtils.java:logGet(44)) - raft.server.storage.dir = [/github/workspace/mnt/ozone/hadoop-ozone/integration-test/target/test-dir/MiniOzoneClusterImpl-124e3b68-9dbf-46e5-878a-8eb0ed2fbb06/datanode-1/data/ratis] (custom)
2021-01-12 11:01:10,481 [pool-83-thread-1] INFO  server.RaftServerConfigKeys (ConfUtils.java:logGet(44)) - raft.server.log.corruption.policy = EXCEPTION (default)
2021-01-12 11:01:10,481 [pool-83-thread-1] INFO  storage.RaftStorageDirectory (RaftStorageDirectoryImpl.java:analyzeStorage(132)) - The storage directory /github/workspace/mnt/ozone/hadoop-ozone/integration-test/target/test-dir/MiniOzoneClusterImpl-124e3b68-9dbf-46e5-878a-8eb0ed2fbb06/datanode-1/data/ratis/39aa5a61-5a80-4b69-9e87-3b437d9f2b1b does not exist. Creating ...
2021-01-12 11:01:10,482 [pool-83-thread-1] INFO  storage.RaftStorageDirectory (RaftStorageDirectoryImpl.java:tryLock(215)) - Lock on /github/workspace/mnt/ozone/hadoop-ozone/integration-test/target/test-dir/MiniOzoneClusterImpl-124e3b68-9dbf-46e5-878a-8eb0ed2fbb06/datanode-1/data/ratis/39aa5a61-5a80-4b69-9e87-3b437d9f2b1b/in_use.lock acquired by nodename 11869@5271166cf06f
2021-01-12 11:01:10,484 [pool-83-thread-1] INFO  storage.RaftStorage (RaftStorageImpl.java:format(87)) - Storage directory /github/workspace/mnt/ozone/hadoop-ozone/integration-test/target/test-dir/MiniOzoneClusterImpl-124e3b68-9dbf-46e5-878a-8eb0ed2fbb06/datanode-1/data/ratis/39aa5a61-5a80-4b69-9e87-3b437d9f2b1b has been successfully formatted.
2021-01-12 11:01:10,484 [pool-83-thread-1] INFO  ratis.ContainerStateMachine (ContainerStateMachine.java:loadSnapshot(223)) - group-3B437D9F2B1B: The snapshot info is null. Setting the last applied indexto:(t:0, i:~)
2021-01-12 11:01:10,484 [pool-83-thread-1] ERROR storage.RaftStorage (RaftStorageImpl.java:readRaftConfiguration(147)) - Failed reading configuration from file:/github/workspace/mnt/ozone/hadoop-ozone/integration-test/target/test-dir/MiniOzoneClusterImpl-124e3b68-9dbf-46e5-878a-8eb0ed2fbb06/datanode-1/data/ratis/39aa5a61-5a80-4b69-9e87-3b437d9f2b1b/current/raft-meta.conf
java.io.FileNotFoundException: /github/workspace/mnt/ozone/hadoop-ozone/integration-test/target/test-dir/MiniOzoneClusterImpl-124e3b68-9dbf-46e5-878a-8eb0ed2fbb06/datanode-1/data/ratis/39aa5a61-5a80-4b69-9e87-3b437d9f2b1b/current/raft-meta.conf (No such file or directory)
	at java.io.FileInputStream.open0(Native Method)
	at java.io.FileInputStream.open(FileInputStream.java:195)
	at java.io.FileInputStream.<init>(FileInputStream.java:138)
	at org.apache.ratis.server.storage.RaftStorageImpl.readRaftConfiguration(RaftStorageImpl.java:143)
	at org.apache.ratis.server.impl.ServerState.<init>(ServerState.java:113)
	at org.apache.ratis.server.impl.RaftServerImpl.<init>(RaftServerImpl.java:192)
	at org.apache.ratis.server.impl.RaftServerProxy.lambda$newRaftServerImpl$4(RaftServerProxy.java:266)
	at java.util.concurrent.CompletableFuture$AsyncSupply.run(CompletableFuture.java:1604)
	at java.util.concurrent.ThreadPoolExecutor.runWorker(ThreadPoolExecutor.java:1149)
	at java.util.concurrent.ThreadPoolExecutor$Worker.run(ThreadPoolExecutor.java:624)
	at java.lang.Thread.run(Thread.java:748)
2021-01-12 11:01:10,485 [pool-83-thread-1] INFO  server.RaftServerConfigKeys (ConfUtils.java:logGet(44)) - raft.server.notification.no-leader.timeout = 300s (custom)
2021-01-12 11:01:10,485 [pool-83-thread-1] INFO  server.RaftServerConfigKeys (ConfUtils.java:logGet(44)) - raft.server.log.use.memory = false (default)
2021-01-12 11:01:10,485 [pool-83-thread-1] INFO  server.RaftServerConfigKeys (ConfUtils.java:logGet(44)) - raft.server.log.purge.gap = 1000000 (custom)
2021-01-12 11:01:10,485 [pool-83-thread-1] INFO  server.RaftServerConfigKeys (ConfUtils.java:logGet(44)) - raft.server.log.appender.buffer.byte-limit = 33554432 (custom)
2021-01-12 11:01:10,485 [pool-83-thread-1] INFO  metrics.RatisMetrics (RatisMetrics.java:lambda$create$0(36)) - Creating Metrics Registry : ratis.log_worker.88b834f5-6008-4641-83c2-e698cd1f12a5@group-3B437D9F2B1B
2021-01-12 11:01:10,485 [pool-83-thread-1] INFO  server.RaftServerConfigKeys (ConfUtils.java:logGet(44)) - raft.server.log.segment.size.max = 1048576 (custom)
2021-01-12 11:01:10,485 [pool-83-thread-1] INFO  server.RaftServerConfigKeys (ConfUtils.java:logGet(44)) - raft.server.log.segment.cache.num.max = 2 (custom)
2021-01-12 11:01:10,485 [pool-83-thread-1] INFO  server.RaftServerConfigKeys (ConfUtils.java:logGet(44)) - raft.server.log.segment.cache.size.max = 200MB (=209715200) (default)
2021-01-12 11:01:10,485 [pool-83-thread-1] INFO  segmented.SegmentedRaftLogWorker (SegmentedRaftLogWorker.java:<init>(181)) - new 88b834f5-6008-4641-83c2-e698cd1f12a5@group-3B437D9F2B1B-SegmentedRaftLogWorker for RaftStorageImpl:Storage Directory /github/workspace/mnt/ozone/hadoop-ozone/integration-test/target/test-dir/MiniOzoneClusterImpl-124e3b68-9dbf-46e5-878a-8eb0ed2fbb06/datanode-1/data/ratis/39aa5a61-5a80-4b69-9e87-3b437d9f2b1b
2021-01-12 11:01:10,485 [pool-83-thread-1] INFO  server.RaftServerConfigKeys (ConfUtils.java:logGet(44)) - raft.server.log.queue.byte-limit = 2147483647 (custom)
2021-01-12 11:01:10,485 [pool-83-thread-1] INFO  server.RaftServerConfigKeys (ConfUtils.java:logGet(44)) - raft.server.log.queue.element-limit = 1024 (custom)
2021-01-12 11:01:10,486 [pool-83-thread-1] INFO  server.RaftServerConfigKeys (ConfUtils.java:logGet(44)) - raft.server.log.segment.size.max = 1048576 (custom)
2021-01-12 11:01:10,486 [pool-83-thread-1] INFO  server.RaftServerConfigKeys (ConfUtils.java:logGet(44)) - raft.server.log.preallocated.size = 16384 (custom)
2021-01-12 11:01:10,486 [pool-83-thread-1] INFO  server.RaftServerConfigKeys (ConfUtils.java:logGet(44)) - raft.server.log.force.sync.num = 128 (default)
2021-01-12 11:01:10,486 [pool-83-thread-1] INFO  server.RaftServerConfigKeys (ConfUtils.java:logGet(44)) - raft.server.log.statemachine.data.sync = true (default)
2021-01-12 11:01:10,486 [pool-83-thread-1] INFO  server.RaftServerConfigKeys (ConfUtils.java:logGet(44)) - raft.server.log.statemachine.data.sync.timeout = 10s (default)
2021-01-12 11:01:10,486 [pool-83-thread-1] INFO  server.RaftServerConfigKeys (ConfUtils.java:logGet(44)) - raft.server.log.statemachine.data.sync.timeout.retry = -1 (default)
2021-01-12 11:01:10,486 [pool-83-thread-1] INFO  server.RaftServerConfigKeys (ConfUtils.java:logGet(44)) - raft.server.log.write.buffer.size = 1048576 (custom)
2021-01-12 11:01:10,487 [pool-83-thread-1] INFO  server.RaftServerConfigKeys (ConfUtils.java:logGet(44)) - raft.server.log.statemachine.data.caching.enabled = true (custom)
2021-01-12 11:01:10,487 [pool-83-thread-1] INFO  segmented.SegmentedRaftLogWorker (SegmentedRaftLogWorker.java:lambda$new$0(132)) - 88b834f5-6008-4641-83c2-e698cd1f12a5@group-3B437D9F2B1B-SegmentedRaftLogWorker: flushIndex: setUnconditionally 0 -> -1
2021-01-12 11:01:10,487 [pool-83-thread-1] INFO  segmented.SegmentedRaftLogWorker (SegmentedRaftLogWorker.java:lambda$new$0(132)) - 88b834f5-6008-4641-83c2-e698cd1f12a5@group-3B437D9F2B1B-SegmentedRaftLogWorker: safeCacheEvictIndex: setUnconditionally 0 -> -1
2021-01-12 11:01:10,490 [pool-83-thread-1] INFO  server.RaftServerConfigKeys (ConfUtils.java:logGet(44)) - raft.server.snapshot.auto.trigger.enabled = true (custom)
2021-01-12 11:01:10,490 [pool-83-thread-1] INFO  server.RaftServerConfigKeys (ConfUtils.java:logGet(44)) - raft.server.snapshot.auto.trigger.threshold = 10000 (custom)
2021-01-12 11:01:10,490 [pool-83-thread-1] INFO  server.RaftServerConfigKeys (ConfUtils.java:logGet(44)) - raft.server.snapshot.retention.file.num = 5 (custom)
2021-01-12 11:01:10,490 [pool-83-thread-1] INFO  server.RaftServerConfigKeys (ConfUtils.java:logGet(44)) - raft.server.log.purge.upto.snapshot.index = false (default)
2021-01-12 11:01:10,493 [Command processor thread] INFO  server.RaftServer (RaftServerProxy.java:addNew(95)) - 88b834f5-6008-4641-83c2-e698cd1f12a5: addNew group-860D5CF4D66C:[88b834f5-6008-4641-83c2-e698cd1f12a5|rpc:172.17.0.2:38117|priority:1] returns group-860D5CF4D66C:java.util.concurrent.CompletableFuture@5768895a[Not completed]
2021-01-12 11:01:10,493 [pool-83-thread-1] INFO  server.RaftServerConfigKeys (ConfUtils.java:logGet(44)) - raft.server.retrycache.expirytime = 600000ms (custom)
2021-01-12 11:01:10,493 [pool-83-thread-1] INFO  server.RaftServerConfigKeys (ConfUtils.java:logGet(44)) - raft.server.retrycache.statistics.expirytime = 100?s (default)
2021-01-12 11:01:10,494 [pool-83-thread-1] INFO  metrics.RatisMetrics (RatisMetrics.java:lambda$create$0(36)) - Creating Metrics Registry : ratis.leader_election.88b834f5-6008-4641-83c2-e698cd1f12a5@group-3B437D9F2B1B
2021-01-12 11:01:10,494 [pool-83-thread-1] INFO  metrics.RatisMetrics (RatisMetrics.java:lambda$create$0(36)) - Creating Metrics Registry : ratis.server.88b834f5-6008-4641-83c2-e698cd1f12a5@group-3B437D9F2B1B
2021-01-12 11:01:10,495 [pool-83-thread-1] INFO  server.RaftServer$Division (RaftServerImpl.java:<init>(179)) - 88b834f5-6008-4641-83c2-e698cd1f12a5: new RaftServerImpl for group-860D5CF4D66C:[88b834f5-6008-4641-83c2-e698cd1f12a5|rpc:172.17.0.2:38117|priority:1] with ContainerStateMachine:uninitialized
2021-01-12 11:01:10,495 [pool-83-thread-1] INFO  server.RaftServerConfigKeys (ConfUtils.java:logGet(44)) - raft.server.rpc.timeout.min = 5s (custom)
2021-01-12 11:01:10,495 [pool-83-thread-1] INFO  server.RaftServerConfigKeys (ConfUtils.java:logGet(44)) - raft.server.rpc.timeout.max = 5200ms (custom)
2021-01-12 11:01:10,495 [pool-83-thread-1] INFO  server.RaftServerConfigKeys (ConfUtils.java:logGet(44)) - raft.server.rpc.sleep.time = 25ms (default)
2021-01-12 11:01:10,496 [pool-83-thread-1] INFO  server.RaftServerConfigKeys (ConfUtils.java:logGet(44)) - raft.server.rpc.slowness.timeout = 300s (custom)
2021-01-12 11:01:10,496 [pool-83-thread-1] INFO  server.RaftServerConfigKeys (ConfUtils.java:logGet(44)) - raft.server.leaderelection.leader.step-down.wait-time = 10s (default)
2021-01-12 11:01:10,496 [pool-83-thread-1] INFO  server.RaftServerConfigKeys (ConfUtils.java:logGet(44)) - raft.server.sleep.deviation.threshold = 300ms (default)
2021-01-12 11:01:10,496 [pool-83-thread-1] INFO  server.RaftServerConfigKeys (ConfUtils.java:logGet(44)) - raft.server.log.appender.install.snapshot.enabled = false (custom)
2021-01-12 11:01:10,496 [pool-83-thread-1] INFO  server.RaftServer$Division (ServerState.java:<init>(103)) - 88b834f5-6008-4641-83c2-e698cd1f12a5@group-860D5CF4D66C: ConfigurationManager, init=-1: [88b834f5-6008-4641-83c2-e698cd1f12a5|rpc:172.17.0.2:38117|priority:1], old=null, confs=<EMPTY_MAP>
2021-01-12 11:01:10,496 [pool-83-thread-1] INFO  server.RaftServerConfigKeys (ConfUtils.java:logGet(44)) - raft.server.storage.dir = [/github/workspace/mnt/ozone/hadoop-ozone/integration-test/target/test-dir/MiniOzoneClusterImpl-124e3b68-9dbf-46e5-878a-8eb0ed2fbb06/datanode-1/data/ratis] (custom)
2021-01-12 11:01:10,496 [pool-83-thread-1] INFO  server.RaftServerConfigKeys (ConfUtils.java:logGet(44)) - raft.server.log.corruption.policy = EXCEPTION (default)
2021-01-12 11:01:10,496 [pool-83-thread-1] INFO  storage.RaftStorageDirectory (RaftStorageDirectoryImpl.java:analyzeStorage(132)) - The storage directory /github/workspace/mnt/ozone/hadoop-ozone/integration-test/target/test-dir/MiniOzoneClusterImpl-124e3b68-9dbf-46e5-878a-8eb0ed2fbb06/datanode-1/data/ratis/c93efe93-a53d-4769-b73c-860d5cf4d66c does not exist. Creating ...
2021-01-12 11:01:10,497 [EventQueue-PipelineReportForOneReplicaPipelineSafeModeRule] INFO  safemode.SCMSafeModeManager (SCMSafeModeManager.java:validateSafeModeExitRules(214)) - AtleastOneDatanodeReportedRule rule is successfully validated
2021-01-12 11:01:10,501 [pool-83-thread-1] INFO  storage.RaftStorageDirectory (RaftStorageDirectoryImpl.java:tryLock(215)) - Lock on /github/workspace/mnt/ozone/hadoop-ozone/integration-test/target/test-dir/MiniOzoneClusterImpl-124e3b68-9dbf-46e5-878a-8eb0ed2fbb06/datanode-1/data/ratis/c93efe93-a53d-4769-b73c-860d5cf4d66c/in_use.lock acquired by nodename 11869@5271166cf06f
2021-01-12 11:01:10,502 [pool-83-thread-1] INFO  storage.RaftStorage (RaftStorageImpl.java:format(87)) - Storage directory /github/workspace/mnt/ozone/hadoop-ozone/integration-test/target/test-dir/MiniOzoneClusterImpl-124e3b68-9dbf-46e5-878a-8eb0ed2fbb06/datanode-1/data/ratis/c93efe93-a53d-4769-b73c-860d5cf4d66c has been successfully formatted.
2021-01-12 11:01:10,504 [pool-83-thread-1] INFO  ratis.ContainerStateMachine (ContainerStateMachine.java:loadSnapshot(223)) - group-860D5CF4D66C: The snapshot info is null. Setting the last applied indexto:(t:0, i:~)
2021-01-12 11:01:10,504 [pool-83-thread-1] ERROR storage.RaftStorage (RaftStorageImpl.java:readRaftConfiguration(147)) - Failed reading configuration from file:/github/workspace/mnt/ozone/hadoop-ozone/integration-test/target/test-dir/MiniOzoneClusterImpl-124e3b68-9dbf-46e5-878a-8eb0ed2fbb06/datanode-1/data/ratis/c93efe93-a53d-4769-b73c-860d5cf4d66c/current/raft-meta.conf
java.io.FileNotFoundException: /github/workspace/mnt/ozone/hadoop-ozone/integration-test/target/test-dir/MiniOzoneClusterImpl-124e3b68-9dbf-46e5-878a-8eb0ed2fbb06/datanode-1/data/ratis/c93efe93-a53d-4769-b73c-860d5cf4d66c/current/raft-meta.conf (No such file or directory)
	at java.io.FileInputStream.open0(Native Method)
	at java.io.FileInputStream.open(FileInputStream.java:195)
	at java.io.FileInputStream.<init>(FileInputStream.java:138)
	at org.apache.ratis.server.storage.RaftStorageImpl.readRaftConfiguration(RaftStorageImpl.java:143)
	at org.apache.ratis.server.impl.ServerState.<init>(ServerState.java:113)
	at org.apache.ratis.server.impl.RaftServerImpl.<init>(RaftServerImpl.java:192)
	at org.apache.ratis.server.impl.RaftServerProxy.lambda$newRaftServerImpl$4(RaftServerProxy.java:266)
	at java.util.concurrent.CompletableFuture$AsyncSupply.run(CompletableFuture.java:1604)
	at java.util.concurrent.ThreadPoolExecutor.runWorker(ThreadPoolExecutor.java:1149)
	at java.util.concurrent.ThreadPoolExecutor$Worker.run(ThreadPoolExecutor.java:624)
	at java.lang.Thread.run(Thread.java:748)
2021-01-12 11:01:10,504 [pool-83-thread-1] INFO  server.RaftServerConfigKeys (ConfUtils.java:logGet(44)) - raft.server.notification.no-leader.timeout = 300s (custom)
2021-01-12 11:01:10,510 [pool-83-thread-1] INFO  server.RaftServerConfigKeys (ConfUtils.java:logGet(44)) - raft.server.log.use.memory = false (default)
2021-01-12 11:01:10,510 [pool-83-thread-1] INFO  server.RaftServerConfigKeys (ConfUtils.java:logGet(44)) - raft.server.log.purge.gap = 1000000 (custom)
2021-01-12 11:01:10,510 [pool-83-thread-1] INFO  server.RaftServerConfigKeys (ConfUtils.java:logGet(44)) - raft.server.log.appender.buffer.byte-limit = 33554432 (custom)
2021-01-12 11:01:10,510 [EventQueue-PipelineReportForOneReplicaPipelineSafeModeRule] INFO  safemode.SCMSafeModeManager (SCMSafeModeManager.java:validateSafeModeExitRules(214)) - AtleastOneDatanodeReportedRule rule is successfully validated
2021-01-12 11:01:10,512 [EventQueue-PipelineReportForPipelineReportHandler] INFO  pipeline.PipelineStateManager (PipelineStateManager.java:openPipeline(132)) - Pipeline Pipeline[ Id: c93efe93-a53d-4769-b73c-860d5cf4d66c, Nodes: 88b834f5-6008-4641-83c2-e698cd1f12a5{ip: 172.17.0.2, host: 5271166cf06f, networkLocation: /default-rack, certSerialId: null, persistedOpState: IN_SERVICE, persistedOpStateExpiryEpochSec: 0}, Type:RATIS, Factor:ONE, State:ALLOCATED, leaderId:88b834f5-6008-4641-83c2-e698cd1f12a5, CreationTimestamp2021-01-12T11:01:07.494Z] moved to OPEN state
2021-01-12 11:01:10,512 [pool-83-thread-1] INFO  metrics.RatisMetrics (RatisMetrics.java:lambda$create$0(36)) - Creating Metrics Registry : ratis.log_worker.88b834f5-6008-4641-83c2-e698cd1f12a5@group-860D5CF4D66C
2021-01-12 11:01:10,512 [pool-83-thread-1] INFO  server.RaftServerConfigKeys (ConfUtils.java:logGet(44)) - raft.server.log.segment.size.max = 1048576 (custom)
2021-01-12 11:01:10,512 [EventQueue-OpenPipelineForHealthyPipelineSafeModeRule] INFO  safemode.SCMSafeModeManager (HealthyPipelineSafeModeRule.java:process(128)) - SCM in safe mode. Healthy pipelines reported count is 0, required healthy pipeline reported count is 1
2021-01-12 11:01:10,512 [pool-83-thread-1] INFO  server.RaftServerConfigKeys (ConfUtils.java:logGet(44)) - raft.server.log.segment.cache.num.max = 2 (custom)
2021-01-12 11:01:10,519 [pool-83-thread-1] INFO  server.RaftServerConfigKeys (ConfUtils.java:logGet(44)) - raft.server.log.segment.cache.size.max = 200MB (=209715200) (default)
2021-01-12 11:01:10,519 [pool-83-thread-1] INFO  segmented.SegmentedRaftLogWorker (SegmentedRaftLogWorker.java:<init>(181)) - new 88b834f5-6008-4641-83c2-e698cd1f12a5@group-860D5CF4D66C-SegmentedRaftLogWorker for RaftStorageImpl:Storage Directory /github/workspace/mnt/ozone/hadoop-ozone/integration-test/target/test-dir/MiniOzoneClusterImpl-124e3b68-9dbf-46e5-878a-8eb0ed2fbb06/datanode-1/data/ratis/c93efe93-a53d-4769-b73c-860d5cf4d66c
2021-01-12 11:01:10,519 [pool-83-thread-1] INFO  server.RaftServerConfigKeys (ConfUtils.java:logGet(44)) - raft.server.log.queue.byte-limit = 2147483647 (custom)
2021-01-12 11:01:10,519 [pool-83-thread-1] INFO  server.RaftServerConfigKeys (ConfUtils.java:logGet(44)) - raft.server.log.queue.element-limit = 1024 (custom)
2021-01-12 11:01:10,519 [pool-83-thread-1] INFO  server.RaftServerConfigKeys (ConfUtils.java:logGet(44)) - raft.server.log.segment.size.max = 1048576 (custom)
2021-01-12 11:01:10,519 [pool-83-thread-1] INFO  server.RaftServerConfigKeys (ConfUtils.java:logGet(44)) - raft.server.log.preallocated.size = 16384 (custom)
2021-01-12 11:01:10,519 [pool-83-thread-1] INFO  server.RaftServerConfigKeys (ConfUtils.java:logGet(44)) - raft.server.log.force.sync.num = 128 (default)
2021-01-12 11:01:10,519 [pool-83-thread-1] INFO  server.RaftServerConfigKeys (ConfUtils.java:logGet(44)) - raft.server.log.statemachine.data.sync = true (default)
2021-01-12 11:01:10,519 [pool-83-thread-1] INFO  server.RaftServerConfigKeys (ConfUtils.java:logGet(44)) - raft.server.log.statemachine.data.sync.timeout = 10s (default)
2021-01-12 11:01:10,519 [pool-83-thread-1] INFO  server.RaftServerConfigKeys (ConfUtils.java:logGet(44)) - raft.server.log.statemachine.data.sync.timeout.retry = -1 (default)
2021-01-12 11:01:10,520 [pool-83-thread-1] INFO  server.RaftServerConfigKeys (ConfUtils.java:logGet(44)) - raft.server.log.write.buffer.size = 1048576 (custom)
2021-01-12 11:01:10,520 [pool-83-thread-1] INFO  server.RaftServerConfigKeys (ConfUtils.java:logGet(44)) - raft.server.log.statemachine.data.caching.enabled = true (custom)
2021-01-12 11:01:10,521 [pool-83-thread-1] INFO  segmented.SegmentedRaftLogWorker (SegmentedRaftLogWorker.java:lambda$new$0(132)) - 88b834f5-6008-4641-83c2-e698cd1f12a5@group-860D5CF4D66C-SegmentedRaftLogWorker: flushIndex: setUnconditionally 0 -> -1
2021-01-12 11:01:10,521 [pool-83-thread-1] INFO  segmented.SegmentedRaftLogWorker (SegmentedRaftLogWorker.java:lambda$new$0(132)) - 88b834f5-6008-4641-83c2-e698cd1f12a5@group-860D5CF4D66C-SegmentedRaftLogWorker: safeCacheEvictIndex: setUnconditionally 0 -> -1
2021-01-12 11:01:10,521 [pool-83-thread-1] INFO  server.RaftServerConfigKeys (ConfUtils.java:logGet(44)) - raft.server.snapshot.auto.trigger.enabled = true (custom)
2021-01-12 11:01:10,521 [pool-83-thread-1] INFO  server.RaftServerConfigKeys (ConfUtils.java:logGet(44)) - raft.server.snapshot.auto.trigger.threshold = 10000 (custom)
2021-01-12 11:01:10,521 [pool-83-thread-1] INFO  server.RaftServerConfigKeys (ConfUtils.java:logGet(44)) - raft.server.snapshot.retention.file.num = 5 (custom)
2021-01-12 11:01:10,521 [pool-83-thread-1] INFO  server.RaftServerConfigKeys (ConfUtils.java:logGet(44)) - raft.server.log.purge.upto.snapshot.index = false (default)
2021-01-12 11:01:10,521 [pool-83-thread-1] INFO  server.RaftServerConfigKeys (ConfUtils.java:logGet(44)) - raft.server.retrycache.expirytime = 600000ms (custom)
2021-01-12 11:01:10,521 [pool-83-thread-1] INFO  server.RaftServerConfigKeys (ConfUtils.java:logGet(44)) - raft.server.retrycache.statistics.expirytime = 100?s (default)
2021-01-12 11:01:10,522 [pool-83-thread-1] INFO  metrics.RatisMetrics (RatisMetrics.java:lambda$create$0(36)) - Creating Metrics Registry : ratis.leader_election.88b834f5-6008-4641-83c2-e698cd1f12a5@group-860D5CF4D66C
2021-01-12 11:01:10,522 [pool-83-thread-1] INFO  metrics.RatisMetrics (RatisMetrics.java:lambda$create$0(36)) - Creating Metrics Registry : ratis.server.88b834f5-6008-4641-83c2-e698cd1f12a5@group-860D5CF4D66C
2021-01-12 11:01:10,522 [pool-83-thread-1] INFO  server.RaftServer$Division (RaftServerImpl.java:start(294)) - 88b834f5-6008-4641-83c2-e698cd1f12a5@group-3B437D9F2B1B: start as a follower, conf=-1: [88b834f5-6008-4641-83c2-e698cd1f12a5|rpc:172.17.0.2:38117|dataStream:|priority:0, e541cdce-a2d8-48af-b7b9-ce247b4f51b3|rpc:172.17.0.2:45109|dataStream:|priority:0, 39b417ab-8504-4076-a6f4-79e16db1ab30|rpc:172.17.0.2:35129|dataStream:|priority:1], old=null
2021-01-12 11:01:10,523 [pool-83-thread-1] INFO  server.RaftServer$Division (RaftServerImpl.java:setRole(283)) - 88b834f5-6008-4641-83c2-e698cd1f12a5@group-3B437D9F2B1B: changes role from      null to FOLLOWER at term 0 for startAsFollower
2021-01-12 11:01:10,523 [pool-83-thread-1] INFO  impl.RoleInfo (RoleInfo.java:updateAndGet(130)) - 88b834f5-6008-4641-83c2-e698cd1f12a5: start 88b834f5-6008-4641-83c2-e698cd1f12a5@group-3B437D9F2B1B-FollowerState
2021-01-12 11:01:10,523 [pool-83-thread-1] INFO  util.JmxRegister (JmxRegister.java:tryRegister(44)) - Successfully registered JMX Bean with object name Ratis:service=RaftServer,group=group-3B437D9F2B1B,id=88b834f5-6008-4641-83c2-e698cd1f12a5
2021-01-12 11:01:10,523 [pool-83-thread-1] INFO  metrics.RatisMetrics (RatisMetrics.java:lambda$create$0(36)) - Creating Metrics Registry : ratis.state_machine.88b834f5-6008-4641-83c2-e698cd1f12a5@group-3B437D9F2B1B
2021-01-12 11:01:10,524 [pool-83-thread-1] INFO  server.RaftServer$Division (RaftServerImpl.java:start(294)) - 88b834f5-6008-4641-83c2-e698cd1f12a5@group-860D5CF4D66C: start as a follower, conf=-1: [88b834f5-6008-4641-83c2-e698cd1f12a5|rpc:172.17.0.2:38117|priority:1], old=null
2021-01-12 11:01:10,524 [pool-83-thread-1] INFO  server.RaftServer$Division (RaftServerImpl.java:setRole(283)) - 88b834f5-6008-4641-83c2-e698cd1f12a5@group-860D5CF4D66C: changes role from      null to FOLLOWER at term 0 for startAsFollower
2021-01-12 11:01:10,524 [pool-83-thread-1] INFO  impl.RoleInfo (RoleInfo.java:updateAndGet(130)) - 88b834f5-6008-4641-83c2-e698cd1f12a5: start 88b834f5-6008-4641-83c2-e698cd1f12a5@group-860D5CF4D66C-FollowerState
2021-01-12 11:01:10,545 [pool-83-thread-1] INFO  util.JmxRegister (JmxRegister.java:tryRegister(44)) - Successfully registered JMX Bean with object name Ratis:service=RaftServer,group=group-860D5CF4D66C,id=88b834f5-6008-4641-83c2-e698cd1f12a5
2021-01-12 11:01:10,545 [pool-83-thread-1] INFO  metrics.RatisMetrics (RatisMetrics.java:lambda$create$0(36)) - Creating Metrics Registry : ratis.state_machine.88b834f5-6008-4641-83c2-e698cd1f12a5@group-860D5CF4D66C
2021-01-12 11:01:10,559 [Command processor thread] INFO  metrics.RatisMetrics (RatisMetrics.java:lambda$create$0(36)) - Creating Metrics Registry : ratis.client_message_metrics.client-9C8E9EA7FA54->e541cdce-a2d8-48af-b7b9-ce247b4f51b3
2021-01-12 11:01:10,561 [Command processor thread] INFO  commandhandler.CreatePipelineCommandHandler (CreatePipelineCommandHandler.java:handle(106)) - Created Pipeline RATIS ONE PipelineID=c93efe93-a53d-4769-b73c-860d5cf4d66c.
2021-01-12 11:01:10,574 [grpc-default-executor-1] INFO  server.RaftServer (RaftServerProxy.java:addNew(95)) - e541cdce-a2d8-48af-b7b9-ce247b4f51b3: addNew group-3B437D9F2B1B:[88b834f5-6008-4641-83c2-e698cd1f12a5|rpc:172.17.0.2:38117|dataStream:|priority:0, e541cdce-a2d8-48af-b7b9-ce247b4f51b3|rpc:172.17.0.2:45109|dataStream:|priority:0, 39b417ab-8504-4076-a6f4-79e16db1ab30|rpc:172.17.0.2:35129|dataStream:|priority:1] returns group-3B437D9F2B1B:java.util.concurrent.CompletableFuture@5c52e75e[Not completed]
2021-01-12 11:01:10,575 [pool-98-thread-1] INFO  server.RaftServer$Division (RaftServerImpl.java:<init>(179)) - e541cdce-a2d8-48af-b7b9-ce247b4f51b3: new RaftServerImpl for group-3B437D9F2B1B:[88b834f5-6008-4641-83c2-e698cd1f12a5|rpc:172.17.0.2:38117|dataStream:|priority:0, e541cdce-a2d8-48af-b7b9-ce247b4f51b3|rpc:172.17.0.2:45109|dataStream:|priority:0, 39b417ab-8504-4076-a6f4-79e16db1ab30|rpc:172.17.0.2:35129|dataStream:|priority:1] with ContainerStateMachine:uninitialized
2021-01-12 11:01:10,575 [pool-98-thread-1] INFO  server.RaftServerConfigKeys (ConfUtils.java:logGet(44)) - raft.server.rpc.timeout.min = 5s (custom)
2021-01-12 11:01:10,575 [pool-98-thread-1] INFO  server.RaftServerConfigKeys (ConfUtils.java:logGet(44)) - raft.server.rpc.timeout.max = 5200ms (custom)
2021-01-12 11:01:10,575 [pool-98-thread-1] INFO  server.RaftServerConfigKeys (ConfUtils.java:logGet(44)) - raft.server.rpc.sleep.time = 25ms (default)
2021-01-12 11:01:10,575 [pool-98-thread-1] INFO  server.RaftServerConfigKeys (ConfUtils.java:logGet(44)) - raft.server.rpc.slowness.timeout = 300s (custom)
2021-01-12 11:01:10,575 [pool-98-thread-1] INFO  server.RaftServerConfigKeys (ConfUtils.java:logGet(44)) - raft.server.leaderelection.leader.step-down.wait-time = 10s (default)
2021-01-12 11:01:10,575 [pool-98-thread-1] INFO  server.RaftServerConfigKeys (ConfUtils.java:logGet(44)) - raft.server.sleep.deviation.threshold = 300ms (default)
2021-01-12 11:01:10,575 [pool-98-thread-1] INFO  server.RaftServerConfigKeys (ConfUtils.java:logGet(44)) - raft.server.log.appender.install.snapshot.enabled = false (custom)
2021-01-12 11:01:10,575 [pool-98-thread-1] INFO  server.RaftServer$Division (ServerState.java:<init>(103)) - e541cdce-a2d8-48af-b7b9-ce247b4f51b3@group-3B437D9F2B1B: ConfigurationManager, init=-1: [88b834f5-6008-4641-83c2-e698cd1f12a5|rpc:172.17.0.2:38117|dataStream:|priority:0, e541cdce-a2d8-48af-b7b9-ce247b4f51b3|rpc:172.17.0.2:45109|dataStream:|priority:0, 39b417ab-8504-4076-a6f4-79e16db1ab30|rpc:172.17.0.2:35129|dataStream:|priority:1], old=null, confs=<EMPTY_MAP>
2021-01-12 11:01:10,575 [pool-98-thread-1] INFO  server.RaftServerConfigKeys (ConfUtils.java:logGet(44)) - raft.server.storage.dir = [/github/workspace/mnt/ozone/hadoop-ozone/integration-test/target/test-dir/MiniOzoneClusterImpl-124e3b68-9dbf-46e5-878a-8eb0ed2fbb06/datanode-2/data/ratis] (custom)
2021-01-12 11:01:10,576 [pool-98-thread-1] INFO  server.RaftServerConfigKeys (ConfUtils.java:logGet(44)) - raft.server.log.corruption.policy = EXCEPTION (default)
2021-01-12 11:01:10,576 [pool-98-thread-1] INFO  storage.RaftStorageDirectory (RaftStorageDirectoryImpl.java:analyzeStorage(132)) - The storage directory /github/workspace/mnt/ozone/hadoop-ozone/integration-test/target/test-dir/MiniOzoneClusterImpl-124e3b68-9dbf-46e5-878a-8eb0ed2fbb06/datanode-2/data/ratis/39aa5a61-5a80-4b69-9e87-3b437d9f2b1b does not exist. Creating ...
2021-01-12 11:01:10,579 [pool-98-thread-1] INFO  storage.RaftStorageDirectory (RaftStorageDirectoryImpl.java:tryLock(215)) - Lock on /github/workspace/mnt/ozone/hadoop-ozone/integration-test/target/test-dir/MiniOzoneClusterImpl-124e3b68-9dbf-46e5-878a-8eb0ed2fbb06/datanode-2/data/ratis/39aa5a61-5a80-4b69-9e87-3b437d9f2b1b/in_use.lock acquired by nodename 11869@5271166cf06f
2021-01-12 11:01:10,580 [pool-98-thread-1] INFO  storage.RaftStorage (RaftStorageImpl.java:format(87)) - Storage directory /github/workspace/mnt/ozone/hadoop-ozone/integration-test/target/test-dir/MiniOzoneClusterImpl-124e3b68-9dbf-46e5-878a-8eb0ed2fbb06/datanode-2/data/ratis/39aa5a61-5a80-4b69-9e87-3b437d9f2b1b has been successfully formatted.
2021-01-12 11:01:10,581 [pool-98-thread-1] INFO  ratis.ContainerStateMachine (ContainerStateMachine.java:loadSnapshot(223)) - group-3B437D9F2B1B: The snapshot info is null. Setting the last applied indexto:(t:0, i:~)
2021-01-12 11:01:10,581 [pool-98-thread-1] ERROR storage.RaftStorage (RaftStorageImpl.java:readRaftConfiguration(147)) - Failed reading configuration from file:/github/workspace/mnt/ozone/hadoop-ozone/integration-test/target/test-dir/MiniOzoneClusterImpl-124e3b68-9dbf-46e5-878a-8eb0ed2fbb06/datanode-2/data/ratis/39aa5a61-5a80-4b69-9e87-3b437d9f2b1b/current/raft-meta.conf
java.io.FileNotFoundException: /github/workspace/mnt/ozone/hadoop-ozone/integration-test/target/test-dir/MiniOzoneClusterImpl-124e3b68-9dbf-46e5-878a-8eb0ed2fbb06/datanode-2/data/ratis/39aa5a61-5a80-4b69-9e87-3b437d9f2b1b/current/raft-meta.conf (No such file or directory)
	at java.io.FileInputStream.open0(Native Method)
	at java.io.FileInputStream.open(FileInputStream.java:195)
	at java.io.FileInputStream.<init>(FileInputStream.java:138)
	at org.apache.ratis.server.storage.RaftStorageImpl.readRaftConfiguration(RaftStorageImpl.java:143)
	at org.apache.ratis.server.impl.ServerState.<init>(ServerState.java:113)
	at org.apache.ratis.server.impl.RaftServerImpl.<init>(RaftServerImpl.java:192)
	at org.apache.ratis.server.impl.RaftServerProxy.lambda$newRaftServerImpl$4(RaftServerProxy.java:266)
	at java.util.concurrent.CompletableFuture$AsyncSupply.run(CompletableFuture.java:1604)
	at java.util.concurrent.ThreadPoolExecutor.runWorker(ThreadPoolExecutor.java:1149)
	at java.util.concurrent.ThreadPoolExecutor$Worker.run(ThreadPoolExecutor.java:624)
	at java.lang.Thread.run(Thread.java:748)
2021-01-12 11:01:10,581 [pool-98-thread-1] INFO  server.RaftServerConfigKeys (ConfUtils.java:logGet(44)) - raft.server.notification.no-leader.timeout = 300s (custom)
2021-01-12 11:01:10,582 [pool-98-thread-1] INFO  server.RaftServerConfigKeys (ConfUtils.java:logGet(44)) - raft.server.log.use.memory = false (default)
2021-01-12 11:01:10,582 [pool-98-thread-1] INFO  server.RaftServerConfigKeys (ConfUtils.java:logGet(44)) - raft.server.log.purge.gap = 1000000 (custom)
2021-01-12 11:01:10,582 [pool-98-thread-1] INFO  server.RaftServerConfigKeys (ConfUtils.java:logGet(44)) - raft.server.log.appender.buffer.byte-limit = 33554432 (custom)
2021-01-12 11:01:10,582 [pool-98-thread-1] INFO  metrics.RatisMetrics (RatisMetrics.java:lambda$create$0(36)) - Creating Metrics Registry : ratis.log_worker.e541cdce-a2d8-48af-b7b9-ce247b4f51b3@group-3B437D9F2B1B
2021-01-12 11:01:10,582 [pool-98-thread-1] INFO  server.RaftServerConfigKeys (ConfUtils.java:logGet(44)) - raft.server.log.segment.size.max = 1048576 (custom)
2021-01-12 11:01:10,582 [pool-98-thread-1] INFO  server.RaftServerConfigKeys (ConfUtils.java:logGet(44)) - raft.server.log.segment.cache.num.max = 2 (custom)
2021-01-12 11:01:10,582 [pool-98-thread-1] INFO  server.RaftServerConfigKeys (ConfUtils.java:logGet(44)) - raft.server.log.segment.cache.size.max = 200MB (=209715200) (default)
2021-01-12 11:01:10,582 [pool-98-thread-1] INFO  segmented.SegmentedRaftLogWorker (SegmentedRaftLogWorker.java:<init>(181)) - new e541cdce-a2d8-48af-b7b9-ce247b4f51b3@group-3B437D9F2B1B-SegmentedRaftLogWorker for RaftStorageImpl:Storage Directory /github/workspace/mnt/ozone/hadoop-ozone/integration-test/target/test-dir/MiniOzoneClusterImpl-124e3b68-9dbf-46e5-878a-8eb0ed2fbb06/datanode-2/data/ratis/39aa5a61-5a80-4b69-9e87-3b437d9f2b1b
2021-01-12 11:01:10,582 [pool-98-thread-1] INFO  server.RaftServerConfigKeys (ConfUtils.java:logGet(44)) - raft.server.log.queue.byte-limit = 2147483647 (custom)
2021-01-12 11:01:10,583 [pool-98-thread-1] INFO  server.RaftServerConfigKeys (ConfUtils.java:logGet(44)) - raft.server.log.queue.element-limit = 1024 (custom)
2021-01-12 11:01:10,583 [pool-98-thread-1] INFO  server.RaftServerConfigKeys (ConfUtils.java:logGet(44)) - raft.server.log.segment.size.max = 1048576 (custom)
2021-01-12 11:01:10,583 [pool-98-thread-1] INFO  server.RaftServerConfigKeys (ConfUtils.java:logGet(44)) - raft.server.log.preallocated.size = 16384 (custom)
2021-01-12 11:01:10,583 [pool-98-thread-1] INFO  server.RaftServerConfigKeys (ConfUtils.java:logGet(44)) - raft.server.log.force.sync.num = 128 (default)
2021-01-12 11:01:10,583 [pool-98-thread-1] INFO  server.RaftServerConfigKeys (ConfUtils.java:logGet(44)) - raft.server.log.statemachine.data.sync = true (default)
2021-01-12 11:01:10,584 [pool-98-thread-1] INFO  server.RaftServerConfigKeys (ConfUtils.java:logGet(44)) - raft.server.log.statemachine.data.sync.timeout = 10s (default)
2021-01-12 11:01:10,584 [pool-98-thread-1] INFO  server.RaftServerConfigKeys (ConfUtils.java:logGet(44)) - raft.server.log.statemachine.data.sync.timeout.retry = -1 (default)
2021-01-12 11:01:10,584 [pool-98-thread-1] INFO  server.RaftServerConfigKeys (ConfUtils.java:logGet(44)) - raft.server.log.write.buffer.size = 1048576 (custom)
2021-01-12 11:01:10,585 [pool-98-thread-1] INFO  server.RaftServerConfigKeys (ConfUtils.java:logGet(44)) - raft.server.log.statemachine.data.caching.enabled = true (custom)
2021-01-12 11:01:10,590 [EventQueue-PipelineReportForOneReplicaPipelineSafeModeRule] INFO  safemode.SCMSafeModeManager (SCMSafeModeManager.java:validateSafeModeExitRules(214)) - AtleastOneDatanodeReportedRule rule is successfully validated
2021-01-12 11:01:10,591 [pool-98-thread-1] INFO  segmented.SegmentedRaftLogWorker (SegmentedRaftLogWorker.java:lambda$new$0(132)) - e541cdce-a2d8-48af-b7b9-ce247b4f51b3@group-3B437D9F2B1B-SegmentedRaftLogWorker: flushIndex: setUnconditionally 0 -> -1
2021-01-12 11:01:10,591 [pool-98-thread-1] INFO  segmented.SegmentedRaftLogWorker (SegmentedRaftLogWorker.java:lambda$new$0(132)) - e541cdce-a2d8-48af-b7b9-ce247b4f51b3@group-3B437D9F2B1B-SegmentedRaftLogWorker: safeCacheEvictIndex: setUnconditionally 0 -> -1
2021-01-12 11:01:10,591 [pool-98-thread-1] INFO  server.RaftServerConfigKeys (ConfUtils.java:logGet(44)) - raft.server.snapshot.auto.trigger.enabled = true (custom)
2021-01-12 11:01:10,591 [pool-98-thread-1] INFO  server.RaftServerConfigKeys (ConfUtils.java:logGet(44)) - raft.server.snapshot.auto.trigger.threshold = 10000 (custom)
2021-01-12 11:01:10,591 [pool-98-thread-1] INFO  server.RaftServerConfigKeys (ConfUtils.java:logGet(44)) - raft.server.snapshot.retention.file.num = 5 (custom)
2021-01-12 11:01:10,592 [pool-98-thread-1] INFO  server.RaftServerConfigKeys (ConfUtils.java:logGet(44)) - raft.server.log.purge.upto.snapshot.index = false (default)
2021-01-12 11:01:10,592 [pool-98-thread-1] INFO  server.RaftServerConfigKeys (ConfUtils.java:logGet(44)) - raft.server.retrycache.expirytime = 600000ms (custom)
2021-01-12 11:01:10,592 [pool-98-thread-1] INFO  server.RaftServerConfigKeys (ConfUtils.java:logGet(44)) - raft.server.retrycache.statistics.expirytime = 100?s (default)
2021-01-12 11:01:10,592 [pool-98-thread-1] INFO  metrics.RatisMetrics (RatisMetrics.java:lambda$create$0(36)) - Creating Metrics Registry : ratis.leader_election.e541cdce-a2d8-48af-b7b9-ce247b4f51b3@group-3B437D9F2B1B
2021-01-12 11:01:10,592 [pool-98-thread-1] INFO  metrics.RatisMetrics (RatisMetrics.java:lambda$create$0(36)) - Creating Metrics Registry : ratis.server.e541cdce-a2d8-48af-b7b9-ce247b4f51b3@group-3B437D9F2B1B
2021-01-12 11:01:10,593 [pool-98-thread-1] INFO  server.RaftServer$Division (RaftServerImpl.java:start(294)) - e541cdce-a2d8-48af-b7b9-ce247b4f51b3@group-3B437D9F2B1B: start as a follower, conf=-1: [88b834f5-6008-4641-83c2-e698cd1f12a5|rpc:172.17.0.2:38117|dataStream:|priority:0, e541cdce-a2d8-48af-b7b9-ce247b4f51b3|rpc:172.17.0.2:45109|dataStream:|priority:0, 39b417ab-8504-4076-a6f4-79e16db1ab30|rpc:172.17.0.2:35129|dataStream:|priority:1], old=null
2021-01-12 11:01:10,593 [pool-98-thread-1] INFO  server.RaftServer$Division (RaftServerImpl.java:setRole(283)) - e541cdce-a2d8-48af-b7b9-ce247b4f51b3@group-3B437D9F2B1B: changes role from      null to FOLLOWER at term 0 for startAsFollower
2021-01-12 11:01:10,593 [pool-98-thread-1] INFO  impl.RoleInfo (RoleInfo.java:updateAndGet(130)) - e541cdce-a2d8-48af-b7b9-ce247b4f51b3: start e541cdce-a2d8-48af-b7b9-ce247b4f51b3@group-3B437D9F2B1B-FollowerState
2021-01-12 11:01:10,594 [pool-98-thread-1] INFO  util.JmxRegister (JmxRegister.java:tryRegister(44)) - Successfully registered JMX Bean with object name Ratis:service=RaftServer,group=group-3B437D9F2B1B,id=e541cdce-a2d8-48af-b7b9-ce247b4f51b3
2021-01-12 11:01:10,594 [pool-98-thread-1] INFO  metrics.RatisMetrics (RatisMetrics.java:lambda$create$0(36)) - Creating Metrics Registry : ratis.state_machine.e541cdce-a2d8-48af-b7b9-ce247b4f51b3@group-3B437D9F2B1B
2021-01-12 11:01:10,602 [Command processor thread] INFO  commandhandler.CreatePipelineCommandHandler (CreatePipelineCommandHandler.java:handle(106)) - Created Pipeline RATIS THREE PipelineID=39aa5a61-5a80-4b69-9e87-3b437d9f2b1b.
2021-01-12 11:01:10,672 [grpc-default-executor-1] WARN  server.GrpcLogAppender (LogUtils.java:warn(122)) - omNode-1@group-523986131536->omNode-3-AppendLogResponseHandler: Failed appendEntries: org.apache.ratis.thirdparty.io.grpc.StatusRuntimeException: UNAVAILABLE: io exception
2021-01-12 11:01:10,673 [grpc-default-executor-1] WARN  server.GrpcLogAppender (GrpcLogAppender.java:resetClient(111)) - omNode-1@group-523986131536->omNode-3-GrpcLogAppender: Leader has not got in touch with Follower omNode-1@group-523986131536->omNode-3(c-1,m0,n1, attendVote=true, lastRpcSendTime=501, lastRpcResponseTime=12377) yet, just keep nextIndex unchanged and retry.
2021-01-12 11:01:10,794 [Listener at 127.0.0.1/10336] INFO  ozone.MiniOzoneClusterImpl (MiniOzoneClusterImpl.java:lambda$waitForClusterToBeReady$0(179)) - Nodes are ready. Got 3 of 3 DN Heartbeats.
2021-01-12 11:01:10,794 [Listener at 127.0.0.1/10336] INFO  ozone.MiniOzoneClusterImpl (MiniOzoneClusterImpl.java:lambda$waitForClusterToBeReady$0(182)) - Waiting for cluster to exit safe mode
2021-01-12 11:01:10,817 [Command processor thread] INFO  server.RaftServer (RaftServerProxy.java:addNew(95)) - e541cdce-a2d8-48af-b7b9-ce247b4f51b3: addNew group-99F74C68C25A:[e541cdce-a2d8-48af-b7b9-ce247b4f51b3|rpc:172.17.0.2:45109|priority:1] returns group-99F74C68C25A:java.util.concurrent.CompletableFuture@56dd753e[Not completed]
2021-01-12 11:01:10,818 [pool-98-thread-1] INFO  server.RaftServer$Division (RaftServerImpl.java:<init>(179)) - e541cdce-a2d8-48af-b7b9-ce247b4f51b3: new RaftServerImpl for group-99F74C68C25A:[e541cdce-a2d8-48af-b7b9-ce247b4f51b3|rpc:172.17.0.2:45109|priority:1] with ContainerStateMachine:uninitialized
2021-01-12 11:01:10,819 [pool-98-thread-1] INFO  server.RaftServerConfigKeys (ConfUtils.java:logGet(44)) - raft.server.rpc.timeout.min = 5s (custom)
2021-01-12 11:01:10,819 [pool-98-thread-1] INFO  server.RaftServerConfigKeys (ConfUtils.java:logGet(44)) - raft.server.rpc.timeout.max = 5200ms (custom)
2021-01-12 11:01:10,819 [pool-98-thread-1] INFO  server.RaftServerConfigKeys (ConfUtils.java:logGet(44)) - raft.server.rpc.sleep.time = 25ms (default)
2021-01-12 11:01:10,819 [pool-98-thread-1] INFO  server.RaftServerConfigKeys (ConfUtils.java:logGet(44)) - raft.server.rpc.slowness.timeout = 300s (custom)
2021-01-12 11:01:10,819 [pool-98-thread-1] INFO  server.RaftServerConfigKeys (ConfUtils.java:logGet(44)) - raft.server.leaderelection.leader.step-down.wait-time = 10s (default)
2021-01-12 11:01:10,819 [pool-98-thread-1] INFO  server.RaftServerConfigKeys (ConfUtils.java:logGet(44)) - raft.server.sleep.deviation.threshold = 300ms (default)
2021-01-12 11:01:10,819 [pool-98-thread-1] INFO  server.RaftServerConfigKeys (ConfUtils.java:logGet(44)) - raft.server.log.appender.install.snapshot.enabled = false (custom)
2021-01-12 11:01:10,819 [pool-98-thread-1] INFO  server.RaftServer$Division (ServerState.java:<init>(103)) - e541cdce-a2d8-48af-b7b9-ce247b4f51b3@group-99F74C68C25A: ConfigurationManager, init=-1: [e541cdce-a2d8-48af-b7b9-ce247b4f51b3|rpc:172.17.0.2:45109|priority:1], old=null, confs=<EMPTY_MAP>
2021-01-12 11:01:10,819 [pool-98-thread-1] INFO  server.RaftServerConfigKeys (ConfUtils.java:logGet(44)) - raft.server.storage.dir = [/github/workspace/mnt/ozone/hadoop-ozone/integration-test/target/test-dir/MiniOzoneClusterImpl-124e3b68-9dbf-46e5-878a-8eb0ed2fbb06/datanode-2/data/ratis] (custom)
2021-01-12 11:01:10,819 [pool-98-thread-1] INFO  server.RaftServerConfigKeys (ConfUtils.java:logGet(44)) - raft.server.log.corruption.policy = EXCEPTION (default)
2021-01-12 11:01:10,819 [pool-98-thread-1] INFO  storage.RaftStorageDirectory (RaftStorageDirectoryImpl.java:analyzeStorage(132)) - The storage directory /github/workspace/mnt/ozone/hadoop-ozone/integration-test/target/test-dir/MiniOzoneClusterImpl-124e3b68-9dbf-46e5-878a-8eb0ed2fbb06/datanode-2/data/ratis/f3971f18-ec09-459f-bd4c-99f74c68c25a does not exist. Creating ...
2021-01-12 11:01:10,821 [pool-98-thread-1] INFO  storage.RaftStorageDirectory (RaftStorageDirectoryImpl.java:tryLock(215)) - Lock on /github/workspace/mnt/ozone/hadoop-ozone/integration-test/target/test-dir/MiniOzoneClusterImpl-124e3b68-9dbf-46e5-878a-8eb0ed2fbb06/datanode-2/data/ratis/f3971f18-ec09-459f-bd4c-99f74c68c25a/in_use.lock acquired by nodename 11869@5271166cf06f
2021-01-12 11:01:10,828 [pool-98-thread-1] INFO  storage.RaftStorage (RaftStorageImpl.java:format(87)) - Storage directory /github/workspace/mnt/ozone/hadoop-ozone/integration-test/target/test-dir/MiniOzoneClusterImpl-124e3b68-9dbf-46e5-878a-8eb0ed2fbb06/datanode-2/data/ratis/f3971f18-ec09-459f-bd4c-99f74c68c25a has been successfully formatted.
2021-01-12 11:01:10,836 [pool-98-thread-1] INFO  ratis.ContainerStateMachine (ContainerStateMachine.java:loadSnapshot(223)) - group-99F74C68C25A: The snapshot info is null. Setting the last applied indexto:(t:0, i:~)
2021-01-12 11:01:10,836 [pool-98-thread-1] ERROR storage.RaftStorage (RaftStorageImpl.java:readRaftConfiguration(147)) - Failed reading configuration from file:/github/workspace/mnt/ozone/hadoop-ozone/integration-test/target/test-dir/MiniOzoneClusterImpl-124e3b68-9dbf-46e5-878a-8eb0ed2fbb06/datanode-2/data/ratis/f3971f18-ec09-459f-bd4c-99f74c68c25a/current/raft-meta.conf
java.io.FileNotFoundException: /github/workspace/mnt/ozone/hadoop-ozone/integration-test/target/test-dir/MiniOzoneClusterImpl-124e3b68-9dbf-46e5-878a-8eb0ed2fbb06/datanode-2/data/ratis/f3971f18-ec09-459f-bd4c-99f74c68c25a/current/raft-meta.conf (No such file or directory)
	at java.io.FileInputStream.open0(Native Method)
	at java.io.FileInputStream.open(FileInputStream.java:195)
	at java.io.FileInputStream.<init>(FileInputStream.java:138)
	at org.apache.ratis.server.storage.RaftStorageImpl.readRaftConfiguration(RaftStorageImpl.java:143)
	at org.apache.ratis.server.impl.ServerState.<init>(ServerState.java:113)
	at org.apache.ratis.server.impl.RaftServerImpl.<init>(RaftServerImpl.java:192)
	at org.apache.ratis.server.impl.RaftServerProxy.lambda$newRaftServerImpl$4(RaftServerProxy.java:266)
	at java.util.concurrent.CompletableFuture$AsyncSupply.run(CompletableFuture.java:1604)
	at java.util.concurrent.ThreadPoolExecutor.runWorker(ThreadPoolExecutor.java:1149)
	at java.util.concurrent.ThreadPoolExecutor$Worker.run(ThreadPoolExecutor.java:624)
	at java.lang.Thread.run(Thread.java:748)
2021-01-12 11:01:10,836 [pool-98-thread-1] INFO  server.RaftServerConfigKeys (ConfUtils.java:logGet(44)) - raft.server.notification.no-leader.timeout = 300s (custom)
2021-01-12 11:01:10,836 [pool-98-thread-1] INFO  server.RaftServerConfigKeys (ConfUtils.java:logGet(44)) - raft.server.log.use.memory = false (default)
2021-01-12 11:01:10,836 [pool-98-thread-1] INFO  server.RaftServerConfigKeys (ConfUtils.java:logGet(44)) - raft.server.log.purge.gap = 1000000 (custom)
2021-01-12 11:01:10,836 [pool-98-thread-1] INFO  server.RaftServerConfigKeys (ConfUtils.java:logGet(44)) - raft.server.log.appender.buffer.byte-limit = 33554432 (custom)
2021-01-12 11:01:10,836 [pool-98-thread-1] INFO  metrics.RatisMetrics (RatisMetrics.java:lambda$create$0(36)) - Creating Metrics Registry : ratis.log_worker.e541cdce-a2d8-48af-b7b9-ce247b4f51b3@group-99F74C68C25A
2021-01-12 11:01:10,836 [pool-98-thread-1] INFO  server.RaftServerConfigKeys (ConfUtils.java:logGet(44)) - raft.server.log.segment.size.max = 1048576 (custom)
2021-01-12 11:01:10,837 [pool-98-thread-1] INFO  server.RaftServerConfigKeys (ConfUtils.java:logGet(44)) - raft.server.log.segment.cache.num.max = 2 (custom)
2021-01-12 11:01:10,837 [pool-98-thread-1] INFO  server.RaftServerConfigKeys (ConfUtils.java:logGet(44)) - raft.server.log.segment.cache.size.max = 200MB (=209715200) (default)
2021-01-12 11:01:10,837 [pool-98-thread-1] INFO  segmented.SegmentedRaftLogWorker (SegmentedRaftLogWorker.java:<init>(181)) - new e541cdce-a2d8-48af-b7b9-ce247b4f51b3@group-99F74C68C25A-SegmentedRaftLogWorker for RaftStorageImpl:Storage Directory /github/workspace/mnt/ozone/hadoop-ozone/integration-test/target/test-dir/MiniOzoneClusterImpl-124e3b68-9dbf-46e5-878a-8eb0ed2fbb06/datanode-2/data/ratis/f3971f18-ec09-459f-bd4c-99f74c68c25a
2021-01-12 11:01:10,837 [pool-98-thread-1] INFO  server.RaftServerConfigKeys (ConfUtils.java:logGet(44)) - raft.server.log.queue.byte-limit = 2147483647 (custom)
2021-01-12 11:01:10,837 [pool-98-thread-1] INFO  server.RaftServerConfigKeys (ConfUtils.java:logGet(44)) - raft.server.log.queue.element-limit = 1024 (custom)
2021-01-12 11:01:10,837 [pool-98-thread-1] INFO  server.RaftServerConfigKeys (ConfUtils.java:logGet(44)) - raft.server.log.segment.size.max = 1048576 (custom)
2021-01-12 11:01:10,843 [pool-98-thread-1] INFO  server.RaftServerConfigKeys (ConfUtils.java:logGet(44)) - raft.server.log.preallocated.size = 16384 (custom)
2021-01-12 11:01:10,843 [pool-98-thread-1] INFO  server.RaftServerConfigKeys (ConfUtils.java:logGet(44)) - raft.server.log.force.sync.num = 128 (default)
2021-01-12 11:01:10,843 [pool-98-thread-1] INFO  server.RaftServerConfigKeys (ConfUtils.java:logGet(44)) - raft.server.log.statemachine.data.sync = true (default)
2021-01-12 11:01:10,843 [pool-98-thread-1] INFO  server.RaftServerConfigKeys (ConfUtils.java:logGet(44)) - raft.server.log.statemachine.data.sync.timeout = 10s (default)
2021-01-12 11:01:10,844 [pool-98-thread-1] INFO  server.RaftServerConfigKeys (ConfUtils.java:logGet(44)) - raft.server.log.statemachine.data.sync.timeout.retry = -1 (default)
2021-01-12 11:01:10,844 [pool-98-thread-1] INFO  server.RaftServerConfigKeys (ConfUtils.java:logGet(44)) - raft.server.log.write.buffer.size = 1048576 (custom)
2021-01-12 11:01:10,845 [pool-98-thread-1] INFO  server.RaftServerConfigKeys (ConfUtils.java:logGet(44)) - raft.server.log.statemachine.data.caching.enabled = true (custom)
2021-01-12 11:01:10,845 [pool-98-thread-1] INFO  segmented.SegmentedRaftLogWorker (SegmentedRaftLogWorker.java:lambda$new$0(132)) - e541cdce-a2d8-48af-b7b9-ce247b4f51b3@group-99F74C68C25A-SegmentedRaftLogWorker: flushIndex: setUnconditionally 0 -> -1
2021-01-12 11:01:10,845 [pool-98-thread-1] INFO  segmented.SegmentedRaftLogWorker (SegmentedRaftLogWorker.java:lambda$new$0(132)) - e541cdce-a2d8-48af-b7b9-ce247b4f51b3@group-99F74C68C25A-SegmentedRaftLogWorker: safeCacheEvictIndex: setUnconditionally 0 -> -1
2021-01-12 11:01:10,846 [EventQueue-PipelineReportForOneReplicaPipelineSafeModeRule] INFO  safemode.SCMSafeModeManager (SCMSafeModeManager.java:validateSafeModeExitRules(214)) - AtleastOneDatanodeReportedRule rule is successfully validated
2021-01-12 11:01:10,846 [EventQueue-PipelineReportForPipelineReportHandler] INFO  pipeline.PipelineStateManager (PipelineStateManager.java:openPipeline(132)) - Pipeline Pipeline[ Id: f3971f18-ec09-459f-bd4c-99f74c68c25a, Nodes: e541cdce-a2d8-48af-b7b9-ce247b4f51b3{ip: 172.17.0.2, host: 5271166cf06f, networkLocation: /default-rack, certSerialId: null, persistedOpState: IN_SERVICE, persistedOpStateExpiryEpochSec: 0}, Type:RATIS, Factor:ONE, State:ALLOCATED, leaderId:e541cdce-a2d8-48af-b7b9-ce247b4f51b3, CreationTimestamp2021-01-12T11:01:07.820Z] moved to OPEN state
2021-01-12 11:01:10,847 [EventQueue-OpenPipelineForHealthyPipelineSafeModeRule] INFO  safemode.SCMSafeModeManager (HealthyPipelineSafeModeRule.java:process(128)) - SCM in safe mode. Healthy pipelines reported count is 0, required healthy pipeline reported count is 1
2021-01-12 11:01:10,847 [pool-98-thread-1] INFO  server.RaftServerConfigKeys (ConfUtils.java:logGet(44)) - raft.server.snapshot.auto.trigger.enabled = true (custom)
2021-01-12 11:01:10,851 [pool-98-thread-1] INFO  server.RaftServerConfigKeys (ConfUtils.java:logGet(44)) - raft.server.snapshot.auto.trigger.threshold = 10000 (custom)
2021-01-12 11:01:10,851 [pool-98-thread-1] INFO  server.RaftServerConfigKeys (ConfUtils.java:logGet(44)) - raft.server.snapshot.retention.file.num = 5 (custom)
2021-01-12 11:01:10,851 [pool-98-thread-1] INFO  server.RaftServerConfigKeys (ConfUtils.java:logGet(44)) - raft.server.log.purge.upto.snapshot.index = false (default)
2021-01-12 11:01:10,851 [pool-98-thread-1] INFO  server.RaftServerConfigKeys (ConfUtils.java:logGet(44)) - raft.server.retrycache.expirytime = 600000ms (custom)
2021-01-12 11:01:10,851 [pool-98-thread-1] INFO  server.RaftServerConfigKeys (ConfUtils.java:logGet(44)) - raft.server.retrycache.statistics.expirytime = 100?s (default)
2021-01-12 11:01:10,851 [pool-98-thread-1] INFO  metrics.RatisMetrics (RatisMetrics.java:lambda$create$0(36)) - Creating Metrics Registry : ratis.leader_election.e541cdce-a2d8-48af-b7b9-ce247b4f51b3@group-99F74C68C25A
2021-01-12 11:01:10,852 [pool-98-thread-1] INFO  metrics.RatisMetrics (RatisMetrics.java:lambda$create$0(36)) - Creating Metrics Registry : ratis.server.e541cdce-a2d8-48af-b7b9-ce247b4f51b3@group-99F74C68C25A
2021-01-12 11:01:10,852 [pool-98-thread-1] INFO  server.RaftServer$Division (RaftServerImpl.java:start(294)) - e541cdce-a2d8-48af-b7b9-ce247b4f51b3@group-99F74C68C25A: start as a follower, conf=-1: [e541cdce-a2d8-48af-b7b9-ce247b4f51b3|rpc:172.17.0.2:45109|priority:1], old=null
2021-01-12 11:01:10,852 [pool-98-thread-1] INFO  server.RaftServer$Division (RaftServerImpl.java:setRole(283)) - e541cdce-a2d8-48af-b7b9-ce247b4f51b3@group-99F74C68C25A: changes role from      null to FOLLOWER at term 0 for startAsFollower
2021-01-12 11:01:10,852 [pool-98-thread-1] INFO  impl.RoleInfo (RoleInfo.java:updateAndGet(130)) - e541cdce-a2d8-48af-b7b9-ce247b4f51b3: start e541cdce-a2d8-48af-b7b9-ce247b4f51b3@group-99F74C68C25A-FollowerState
2021-01-12 11:01:10,853 [pool-98-thread-1] INFO  util.JmxRegister (JmxRegister.java:tryRegister(44)) - Successfully registered JMX Bean with object name Ratis:service=RaftServer,group=group-99F74C68C25A,id=e541cdce-a2d8-48af-b7b9-ce247b4f51b3
2021-01-12 11:01:10,853 [pool-98-thread-1] INFO  metrics.RatisMetrics (RatisMetrics.java:lambda$create$0(36)) - Creating Metrics Registry : ratis.state_machine.e541cdce-a2d8-48af-b7b9-ce247b4f51b3@group-99F74C68C25A
2021-01-12 11:01:10,859 [Command processor thread] INFO  commandhandler.CreatePipelineCommandHandler (CreatePipelineCommandHandler.java:handle(106)) - Created Pipeline RATIS ONE PipelineID=f3971f18-ec09-459f-bd4c-99f74c68c25a.
2021-01-12 11:01:11,174 [grpc-default-executor-1] WARN  server.GrpcLogAppender (LogUtils.java:warn(122)) - omNode-1@group-523986131536->omNode-3-AppendLogResponseHandler: Failed appendEntries: org.apache.ratis.thirdparty.io.grpc.StatusRuntimeException: UNAVAILABLE: io exception
2021-01-12 11:01:11,175 [grpc-default-executor-1] WARN  server.GrpcLogAppender (GrpcLogAppender.java:resetClient(111)) - omNode-1@group-523986131536->omNode-3-GrpcLogAppender: Leader has not got in touch with Follower omNode-1@group-523986131536->omNode-3(c-1,m0,n1, attendVote=true, lastRpcSendTime=0, lastRpcResponseTime=12879) yet, just keep nextIndex unchanged and retry.
2021-01-12 11:01:11,452 [EventQueue-PipelineReportForOneReplicaPipelineSafeModeRule] INFO  safemode.SCMSafeModeManager (SCMSafeModeManager.java:validateSafeModeExitRules(214)) - AtleastOneDatanodeReportedRule rule is successfully validated
2021-01-12 11:01:11,453 [EventQueue-OpenPipelineForHealthyPipelineSafeModeRule] INFO  safemode.SCMSafeModeManager (HealthyPipelineSafeModeRule.java:process(128)) - SCM in safe mode. Healthy pipelines reported count is 0, required healthy pipeline reported count is 1
2021-01-12 11:01:11,507 [EventQueue-PipelineReportForOneReplicaPipelineSafeModeRule] INFO  safemode.SCMSafeModeManager (SCMSafeModeManager.java:validateSafeModeExitRules(214)) - AtleastOneDatanodeReportedRule rule is successfully validated
2021-01-12 11:01:11,507 [EventQueue-OpenPipelineForHealthyPipelineSafeModeRule] INFO  safemode.SCMSafeModeManager (HealthyPipelineSafeModeRule.java:process(128)) - SCM in safe mode. Healthy pipelines reported count is 0, required healthy pipeline reported count is 1
2021-01-12 11:01:11,674 [grpc-default-executor-1] WARN  server.GrpcLogAppender (LogUtils.java:warn(122)) - omNode-1@group-523986131536->omNode-3-AppendLogResponseHandler: Failed appendEntries: org.apache.ratis.thirdparty.io.grpc.StatusRuntimeException: UNAVAILABLE: io exception
2021-01-12 11:01:11,675 [grpc-default-executor-1] WARN  server.GrpcLogAppender (GrpcLogAppender.java:resetClient(111)) - omNode-1@group-523986131536->omNode-3-GrpcLogAppender: Leader has not got in touch with Follower omNode-1@group-523986131536->omNode-3(c-1,m0,n1, attendVote=true, lastRpcSendTime=0, lastRpcResponseTime=13379) yet, just keep nextIndex unchanged and retry.
2021-01-12 11:01:11,794 [Listener at 127.0.0.1/10336] INFO  ozone.MiniOzoneClusterImpl (MiniOzoneClusterImpl.java:lambda$waitForClusterToBeReady$0(179)) - Nodes are ready. Got 3 of 3 DN Heartbeats.
2021-01-12 11:01:11,794 [Listener at 127.0.0.1/10336] INFO  ozone.MiniOzoneClusterImpl (MiniOzoneClusterImpl.java:lambda$waitForClusterToBeReady$0(182)) - Waiting for cluster to exit safe mode
2021-01-12 11:01:11,841 [EventQueue-PipelineReportForOneReplicaPipelineSafeModeRule] INFO  safemode.SCMSafeModeManager (SCMSafeModeManager.java:validateSafeModeExitRules(214)) - AtleastOneDatanodeReportedRule rule is successfully validated
2021-01-12 11:01:11,842 [EventQueue-OpenPipelineForHealthyPipelineSafeModeRule] INFO  safemode.SCMSafeModeManager (HealthyPipelineSafeModeRule.java:process(128)) - SCM in safe mode. Healthy pipelines reported count is 0, required healthy pipeline reported count is 1
2021-01-12 11:01:12,175 [grpc-default-executor-1] WARN  server.GrpcLogAppender (LogUtils.java:warn(122)) - omNode-1@group-523986131536->omNode-3-AppendLogResponseHandler: Failed appendEntries: org.apache.ratis.thirdparty.io.grpc.StatusRuntimeException: UNAVAILABLE: io exception
2021-01-12 11:01:12,176 [grpc-default-executor-1] WARN  server.GrpcLogAppender (GrpcLogAppender.java:resetClient(111)) - omNode-1@group-523986131536->omNode-3-GrpcLogAppender: Leader has not got in touch with Follower omNode-1@group-523986131536->omNode-3(c-1,m0,n1, attendVote=true, lastRpcSendTime=1, lastRpcResponseTime=13880) yet, just keep nextIndex unchanged and retry.
2021-01-12 11:01:12,448 [EventQueue-PipelineReportForOneReplicaPipelineSafeModeRule] INFO  safemode.SCMSafeModeManager (SCMSafeModeManager.java:validateSafeModeExitRules(214)) - AtleastOneDatanodeReportedRule rule is successfully validated
2021-01-12 11:01:12,449 [EventQueue-OpenPipelineForHealthyPipelineSafeModeRule] INFO  safemode.SCMSafeModeManager (HealthyPipelineSafeModeRule.java:process(128)) - SCM in safe mode. Healthy pipelines reported count is 0, required healthy pipeline reported count is 1
2021-01-12 11:01:12,508 [EventQueue-PipelineReportForOneReplicaPipelineSafeModeRule] INFO  safemode.SCMSafeModeManager (SCMSafeModeManager.java:validateSafeModeExitRules(214)) - AtleastOneDatanodeReportedRule rule is successfully validated
2021-01-12 11:01:12,509 [EventQueue-OpenPipelineForHealthyPipelineSafeModeRule] INFO  safemode.SCMSafeModeManager (HealthyPipelineSafeModeRule.java:process(128)) - SCM in safe mode. Healthy pipelines reported count is 0, required healthy pipeline reported count is 1
2021-01-12 11:01:12,675 [grpc-default-executor-1] WARN  server.GrpcLogAppender (LogUtils.java:warn(122)) - omNode-1@group-523986131536->omNode-3-AppendLogResponseHandler: Failed appendEntries: org.apache.ratis.thirdparty.io.grpc.StatusRuntimeException: UNAVAILABLE: io exception
2021-01-12 11:01:12,676 [grpc-default-executor-1] WARN  server.GrpcLogAppender (GrpcLogAppender.java:resetClient(111)) - omNode-1@group-523986131536->omNode-3-GrpcLogAppender: Leader has not got in touch with Follower omNode-1@group-523986131536->omNode-3(c-1,m0,n1, attendVote=true, lastRpcSendTime=0, lastRpcResponseTime=14380) yet, just keep nextIndex unchanged and retry.
2021-01-12 11:01:12,795 [Listener at 127.0.0.1/10336] INFO  ozone.MiniOzoneClusterImpl (MiniOzoneClusterImpl.java:lambda$waitForClusterToBeReady$0(179)) - Nodes are ready. Got 3 of 3 DN Heartbeats.
2021-01-12 11:01:12,795 [Listener at 127.0.0.1/10336] INFO  ozone.MiniOzoneClusterImpl (MiniOzoneClusterImpl.java:lambda$waitForClusterToBeReady$0(182)) - Waiting for cluster to exit safe mode
2021-01-12 11:01:12,843 [EventQueue-PipelineReportForOneReplicaPipelineSafeModeRule] INFO  safemode.SCMSafeModeManager (SCMSafeModeManager.java:validateSafeModeExitRules(214)) - AtleastOneDatanodeReportedRule rule is successfully validated
2021-01-12 11:01:12,843 [EventQueue-OpenPipelineForHealthyPipelineSafeModeRule] INFO  safemode.SCMSafeModeManager (HealthyPipelineSafeModeRule.java:process(128)) - SCM in safe mode. Healthy pipelines reported count is 0, required healthy pipeline reported count is 1
2021-01-12 11:01:13,176 [grpc-default-executor-1] WARN  server.GrpcLogAppender (LogUtils.java:warn(122)) - omNode-1@group-523986131536->omNode-3-AppendLogResponseHandler: Failed appendEntries: org.apache.ratis.thirdparty.io.grpc.StatusRuntimeException: UNAVAILABLE: io exception
2021-01-12 11:01:13,176 [grpc-default-executor-1] WARN  server.GrpcLogAppender (GrpcLogAppender.java:resetClient(111)) - omNode-1@group-523986131536->omNode-3-GrpcLogAppender: Leader has not got in touch with Follower omNode-1@group-523986131536->omNode-3(c-1,m0,n1, attendVote=true, lastRpcSendTime=0, lastRpcResponseTime=14881) yet, just keep nextIndex unchanged and retry.
2021-01-12 11:01:13,458 [EventQueue-PipelineReportForOneReplicaPipelineSafeModeRule] INFO  safemode.SCMSafeModeManager (SCMSafeModeManager.java:validateSafeModeExitRules(214)) - AtleastOneDatanodeReportedRule rule is successfully validated
2021-01-12 11:01:13,459 [EventQueue-OpenPipelineForHealthyPipelineSafeModeRule] INFO  safemode.SCMSafeModeManager (HealthyPipelineSafeModeRule.java:process(128)) - SCM in safe mode. Healthy pipelines reported count is 0, required healthy pipeline reported count is 1
2021-01-12 11:01:13,507 [EventQueue-PipelineReportForOneReplicaPipelineSafeModeRule] INFO  safemode.SCMSafeModeManager (SCMSafeModeManager.java:validateSafeModeExitRules(214)) - AtleastOneDatanodeReportedRule rule is successfully validated
2021-01-12 11:01:13,507 [EventQueue-OpenPipelineForHealthyPipelineSafeModeRule] INFO  safemode.SCMSafeModeManager (HealthyPipelineSafeModeRule.java:process(128)) - SCM in safe mode. Healthy pipelines reported count is 0, required healthy pipeline reported count is 1
2021-01-12 11:01:13,676 [grpc-default-executor-1] WARN  server.GrpcLogAppender (LogUtils.java:warn(122)) - omNode-1@group-523986131536->omNode-3-AppendLogResponseHandler: Failed appendEntries: org.apache.ratis.thirdparty.io.grpc.StatusRuntimeException: UNAVAILABLE: io exception
2021-01-12 11:01:13,677 [grpc-default-executor-1] WARN  server.GrpcLogAppender (GrpcLogAppender.java:resetClient(111)) - omNode-1@group-523986131536->omNode-3-GrpcLogAppender: Leader has not got in touch with Follower omNode-1@group-523986131536->omNode-3(c-1,m0,n1, attendVote=true, lastRpcSendTime=0, lastRpcResponseTime=15381) yet, just keep nextIndex unchanged and retry.
2021-01-12 11:01:13,795 [Listener at 127.0.0.1/10336] INFO  ozone.MiniOzoneClusterImpl (MiniOzoneClusterImpl.java:lambda$waitForClusterToBeReady$0(179)) - Nodes are ready. Got 3 of 3 DN Heartbeats.
2021-01-12 11:01:13,795 [Listener at 127.0.0.1/10336] INFO  ozone.MiniOzoneClusterImpl (MiniOzoneClusterImpl.java:lambda$waitForClusterToBeReady$0(182)) - Waiting for cluster to exit safe mode
2021-01-12 11:01:13,839 [EventQueue-OpenPipelineForHealthyPipelineSafeModeRule] INFO  safemode.SCMSafeModeManager (HealthyPipelineSafeModeRule.java:process(128)) - SCM in safe mode. Healthy pipelines reported count is 0, required healthy pipeline reported count is 1
2021-01-12 11:01:13,839 [EventQueue-PipelineReportForOneReplicaPipelineSafeModeRule] INFO  safemode.SCMSafeModeManager (SCMSafeModeManager.java:validateSafeModeExitRules(214)) - AtleastOneDatanodeReportedRule rule is successfully validated
2021-01-12 11:01:14,176 [grpc-default-executor-1] WARN  server.GrpcLogAppender (LogUtils.java:warn(122)) - omNode-1@group-523986131536->omNode-3-AppendLogResponseHandler: Failed appendEntries: org.apache.ratis.thirdparty.io.grpc.StatusRuntimeException: UNAVAILABLE: io exception
2021-01-12 11:01:14,177 [grpc-default-executor-1] WARN  server.GrpcLogAppender (GrpcLogAppender.java:resetClient(111)) - omNode-1@group-523986131536->omNode-3-GrpcLogAppender: Leader has not got in touch with Follower omNode-1@group-523986131536->omNode-3(c-1,m0,n1, attendVote=true, lastRpcSendTime=0, lastRpcResponseTime=15881) yet, just keep nextIndex unchanged and retry.
2021-01-12 11:01:14,454 [EventQueue-PipelineReportForOneReplicaPipelineSafeModeRule] INFO  safemode.SCMSafeModeManager (SCMSafeModeManager.java:validateSafeModeExitRules(214)) - AtleastOneDatanodeReportedRule rule is successfully validated
2021-01-12 11:01:14,455 [EventQueue-OpenPipelineForHealthyPipelineSafeModeRule] INFO  safemode.SCMSafeModeManager (HealthyPipelineSafeModeRule.java:process(128)) - SCM in safe mode. Healthy pipelines reported count is 0, required healthy pipeline reported count is 1
2021-01-12 11:01:14,506 [EventQueue-PipelineReportForOneReplicaPipelineSafeModeRule] INFO  safemode.SCMSafeModeManager (SCMSafeModeManager.java:validateSafeModeExitRules(214)) - AtleastOneDatanodeReportedRule rule is successfully validated
2021-01-12 11:01:14,507 [EventQueue-OpenPipelineForHealthyPipelineSafeModeRule] INFO  safemode.SCMSafeModeManager (HealthyPipelineSafeModeRule.java:process(128)) - SCM in safe mode. Healthy pipelines reported count is 0, required healthy pipeline reported count is 1
2021-01-12 11:01:14,677 [grpc-default-executor-1] WARN  server.GrpcLogAppender (LogUtils.java:warn(122)) - omNode-1@group-523986131536->omNode-3-AppendLogResponseHandler: Failed appendEntries: org.apache.ratis.thirdparty.io.grpc.StatusRuntimeException: UNAVAILABLE: io exception
2021-01-12 11:01:14,678 [grpc-default-executor-1] WARN  server.GrpcLogAppender (GrpcLogAppender.java:resetClient(111)) - omNode-1@group-523986131536->omNode-3-GrpcLogAppender: Leader has not got in touch with Follower omNode-1@group-523986131536->omNode-3(c-1,m0,n1, attendVote=true, lastRpcSendTime=0, lastRpcResponseTime=16382) yet, just keep nextIndex unchanged and retry.
2021-01-12 11:01:14,802 [Listener at 127.0.0.1/10336] INFO  ozone.MiniOzoneClusterImpl (MiniOzoneClusterImpl.java:lambda$waitForClusterToBeReady$0(179)) - Nodes are ready. Got 3 of 3 DN Heartbeats.
2021-01-12 11:01:14,802 [Listener at 127.0.0.1/10336] INFO  ozone.MiniOzoneClusterImpl (MiniOzoneClusterImpl.java:lambda$waitForClusterToBeReady$0(182)) - Waiting for cluster to exit safe mode
2021-01-12 11:01:14,849 [EventQueue-OpenPipelineForHealthyPipelineSafeModeRule] INFO  safemode.SCMSafeModeManager (HealthyPipelineSafeModeRule.java:process(128)) - SCM in safe mode. Healthy pipelines reported count is 0, required healthy pipeline reported count is 1
2021-01-12 11:01:14,850 [EventQueue-PipelineReportForOneReplicaPipelineSafeModeRule] INFO  safemode.SCMSafeModeManager (SCMSafeModeManager.java:validateSafeModeExitRules(214)) - AtleastOneDatanodeReportedRule rule is successfully validated
2021-01-12 11:01:15,173 [Thread-271] INFO  impl.FollowerState (FollowerState.java:run(133)) - 39b417ab-8504-4076-a6f4-79e16db1ab30@group-6B673D8F2CE5-FollowerState: change to CANDIDATE, lastRpcElapsedTime:5124970644ns, electionTimeout:5116ms
2021-01-12 11:01:15,173 [Thread-271] INFO  impl.RoleInfo (RoleInfo.java:shutdownFollowerState(108)) - 39b417ab-8504-4076-a6f4-79e16db1ab30: shutdown 39b417ab-8504-4076-a6f4-79e16db1ab30@group-6B673D8F2CE5-FollowerState
2021-01-12 11:01:15,173 [Thread-271] INFO  server.RaftServer$Division (RaftServerImpl.java:setRole(283)) - 39b417ab-8504-4076-a6f4-79e16db1ab30@group-6B673D8F2CE5: changes role from  FOLLOWER to CANDIDATE at term 0 for changeToCandidate
2021-01-12 11:01:15,173 [Thread-271] INFO  impl.RoleInfo (RoleInfo.java:updateAndGet(130)) - 39b417ab-8504-4076-a6f4-79e16db1ab30: start 39b417ab-8504-4076-a6f4-79e16db1ab30@group-6B673D8F2CE5-LeaderElection4
2021-01-12 11:01:15,178 [grpc-default-executor-1] WARN  server.GrpcLogAppender (LogUtils.java:warn(122)) - omNode-1@group-523986131536->omNode-3-AppendLogResponseHandler: Failed appendEntries: org.apache.ratis.thirdparty.io.grpc.StatusRuntimeException: UNAVAILABLE: io exception
2021-01-12 11:01:15,179 [grpc-default-executor-1] WARN  server.GrpcLogAppender (GrpcLogAppender.java:resetClient(111)) - omNode-1@group-523986131536->omNode-3-GrpcLogAppender: Leader has not got in touch with Follower omNode-1@group-523986131536->omNode-3(c-1,m0,n1, attendVote=true, lastRpcSendTime=0, lastRpcResponseTime=16883) yet, just keep nextIndex unchanged and retry.
2021-01-12 11:01:15,181 [39b417ab-8504-4076-a6f4-79e16db1ab30@group-6B673D8F2CE5-LeaderElection4] INFO  impl.LeaderElection (LeaderElection.java:askForPreVotes(259)) - 39b417ab-8504-4076-a6f4-79e16db1ab30@group-6B673D8F2CE5-LeaderElection4: begin a pre-vote at term 0 for -1: [39b417ab-8504-4076-a6f4-79e16db1ab30|rpc:172.17.0.2:35129|priority:1], old=null
2021-01-12 11:01:15,181 [39b417ab-8504-4076-a6f4-79e16db1ab30@group-6B673D8F2CE5-LeaderElection4] INFO  impl.LeaderElection (LeaderElection.java:askForPreVotes(261)) - 39b417ab-8504-4076-a6f4-79e16db1ab30@group-6B673D8F2CE5-LeaderElection4 pre-vote result is PASSED.
2021-01-12 11:01:15,182 [39b417ab-8504-4076-a6f4-79e16db1ab30@group-6B673D8F2CE5-LeaderElection4] INFO  impl.LeaderElection (LeaderElection.java:askForVotes(308)) - 39b417ab-8504-4076-a6f4-79e16db1ab30@group-6B673D8F2CE5-LeaderElection4: begin an election at term 1 for -1: [39b417ab-8504-4076-a6f4-79e16db1ab30|rpc:172.17.0.2:35129|priority:1], old=null
2021-01-12 11:01:15,182 [39b417ab-8504-4076-a6f4-79e16db1ab30@group-6B673D8F2CE5-LeaderElection4] INFO  impl.RoleInfo (RoleInfo.java:shutdownLeaderElection(121)) - 39b417ab-8504-4076-a6f4-79e16db1ab30: shutdown 39b417ab-8504-4076-a6f4-79e16db1ab30@group-6B673D8F2CE5-LeaderElection4
2021-01-12 11:01:15,182 [39b417ab-8504-4076-a6f4-79e16db1ab30@group-6B673D8F2CE5-LeaderElection4] INFO  server.RaftServer$Division (RaftServerImpl.java:setRole(283)) - 39b417ab-8504-4076-a6f4-79e16db1ab30@group-6B673D8F2CE5: changes role from CANDIDATE to LEADER at term 1 for changeToLeader
2021-01-12 11:01:15,182 [39b417ab-8504-4076-a6f4-79e16db1ab30@group-6B673D8F2CE5-LeaderElection4] INFO  ratis.XceiverServerRatis (XceiverServerRatis.java:handleLeaderChangedNotification(868)) - Leader change notification received for group: group-6B673D8F2CE5 with new leaderId: 39b417ab-8504-4076-a6f4-79e16db1ab30
2021-01-12 11:01:15,183 [39b417ab-8504-4076-a6f4-79e16db1ab30@group-6B673D8F2CE5-LeaderElection4] INFO  server.RaftServer$Division (ServerState.java:setLeader(249)) - 39b417ab-8504-4076-a6f4-79e16db1ab30@group-6B673D8F2CE5: change Leader from null to 39b417ab-8504-4076-a6f4-79e16db1ab30 at term 1 for becomeLeader, leader elected after 5180ms
2021-01-12 11:01:15,183 [39b417ab-8504-4076-a6f4-79e16db1ab30@group-6B673D8F2CE5-LeaderElection4] INFO  server.RaftServerConfigKeys (ConfUtils.java:logGet(44)) - raft.server.staging.catchup.gap = 1000 (default)
2021-01-12 11:01:15,189 [39b417ab-8504-4076-a6f4-79e16db1ab30@group-6B673D8F2CE5-LeaderElection4] INFO  metrics.RatisMetrics (RatisMetrics.java:lambda$create$0(36)) - Creating Metrics Registry : ratis.log_appender.39b417ab-8504-4076-a6f4-79e16db1ab30@group-6B673D8F2CE5
2021-01-12 11:01:15,190 [EventQueue-OpenPipelineForHealthyPipelineSafeModeRule] INFO  safemode.SCMSafeModeManager (HealthyPipelineSafeModeRule.java:process(128)) - SCM in safe mode. Healthy pipelines reported count is 0, required healthy pipeline reported count is 1
2021-01-12 11:01:15,189 [EventQueue-PipelineReportForOneReplicaPipelineSafeModeRule] INFO  safemode.SCMSafeModeManager (SCMSafeModeManager.java:validateSafeModeExitRules(214)) - AtleastOneDatanodeReportedRule rule is successfully validated
2021-01-12 11:01:15,193 [39b417ab-8504-4076-a6f4-79e16db1ab30@group-6B673D8F2CE5-LeaderElection4] INFO  server.RaftServerConfigKeys (ConfUtils.java:logGet(44)) - raft.server.write.element-limit = 1024 (custom)
2021-01-12 11:01:15,194 [39b417ab-8504-4076-a6f4-79e16db1ab30@group-6B673D8F2CE5-LeaderElection4] INFO  server.RaftServerConfigKeys (ConfUtils.java:logGet(44)) - raft.server.write.byte-limit = 1073741824 (custom)
2021-01-12 11:01:15,194 [39b417ab-8504-4076-a6f4-79e16db1ab30@group-6B673D8F2CE5-LeaderElection4] INFO  server.RaftServerConfigKeys (ConfUtils.java:logGet(44)) - raft.server.watch.timeout = 180s (custom)
2021-01-12 11:01:15,194 [39b417ab-8504-4076-a6f4-79e16db1ab30@group-6B673D8F2CE5-LeaderElection4] INFO  server.RaftServerConfigKeys (ConfUtils.java:logGet(44)) - raft.server.watch.timeout.denomination = 1s (default)
2021-01-12 11:01:15,194 [39b417ab-8504-4076-a6f4-79e16db1ab30@group-6B673D8F2CE5-LeaderElection4] INFO  server.RaftServerConfigKeys (ConfUtils.java:logGet(44)) - raft.server.watch.element-limit = 65536 (default)
2021-01-12 11:01:15,194 [39b417ab-8504-4076-a6f4-79e16db1ab30@group-6B673D8F2CE5-LeaderElection4] INFO  impl.RoleInfo (RoleInfo.java:updateAndGet(130)) - 39b417ab-8504-4076-a6f4-79e16db1ab30: start 39b417ab-8504-4076-a6f4-79e16db1ab30@group-6B673D8F2CE5-LeaderStateImpl
2021-01-12 11:01:15,195 [39b417ab-8504-4076-a6f4-79e16db1ab30@group-6B673D8F2CE5-LeaderElection4] INFO  segmented.SegmentedRaftLogWorker (SegmentedRaftLogWorker.java:startLogSegment(392)) - 39b417ab-8504-4076-a6f4-79e16db1ab30@group-6B673D8F2CE5-SegmentedRaftLogWorker: Starting segment from index:0
2021-01-12 11:01:15,197 [39b417ab-8504-4076-a6f4-79e16db1ab30@group-6B673D8F2CE5-SegmentedRaftLogWorker] INFO  segmented.SegmentedRaftLogWorker (SegmentedRaftLogWorker.java:execute(599)) - 39b417ab-8504-4076-a6f4-79e16db1ab30@group-6B673D8F2CE5-SegmentedRaftLogWorker: created new log segment /github/workspace/mnt/ozone/hadoop-ozone/integration-test/target/test-dir/MiniOzoneClusterImpl-124e3b68-9dbf-46e5-878a-8eb0ed2fbb06/datanode-0/data/ratis/3bf14dde-5c22-4a37-aed1-6b673d8f2ce5/current/log_inprogress_0
2021-01-12 11:01:15,206 [39b417ab-8504-4076-a6f4-79e16db1ab30@group-6B673D8F2CE5-LeaderElection4] INFO  server.RaftServer$Division (ServerState.java:setRaftConf(368)) - 39b417ab-8504-4076-a6f4-79e16db1ab30@group-6B673D8F2CE5: set configuration 0: [39b417ab-8504-4076-a6f4-79e16db1ab30|rpc:172.17.0.2:35129|dataStream:|priority:1], old=null
2021-01-12 11:01:15,282 [Thread-273] INFO  impl.FollowerState (FollowerState.java:run(133)) - 39b417ab-8504-4076-a6f4-79e16db1ab30@group-C7489B31936E-FollowerState: change to CANDIDATE, lastRpcElapsedTime:5183025068ns, electionTimeout:5182ms
2021-01-12 11:01:15,282 [Thread-273] INFO  impl.RoleInfo (RoleInfo.java:shutdownFollowerState(108)) - 39b417ab-8504-4076-a6f4-79e16db1ab30: shutdown 39b417ab-8504-4076-a6f4-79e16db1ab30@group-C7489B31936E-FollowerState
2021-01-12 11:01:15,283 [Thread-273] INFO  server.RaftServer$Division (RaftServerImpl.java:setRole(283)) - 39b417ab-8504-4076-a6f4-79e16db1ab30@group-C7489B31936E: changes role from  FOLLOWER to CANDIDATE at term 0 for changeToCandidate
2021-01-12 11:01:15,283 [Thread-273] INFO  impl.RoleInfo (RoleInfo.java:updateAndGet(130)) - 39b417ab-8504-4076-a6f4-79e16db1ab30: start 39b417ab-8504-4076-a6f4-79e16db1ab30@group-C7489B31936E-LeaderElection5
2021-01-12 11:01:15,290 [39b417ab-8504-4076-a6f4-79e16db1ab30@group-C7489B31936E-LeaderElection5] INFO  impl.LeaderElection (LeaderElection.java:askForPreVotes(259)) - 39b417ab-8504-4076-a6f4-79e16db1ab30@group-C7489B31936E-LeaderElection5: begin a pre-vote at term 0 for -1: [88b834f5-6008-4641-83c2-e698cd1f12a5|rpc:172.17.0.2:38117|priority:1, e541cdce-a2d8-48af-b7b9-ce247b4f51b3|rpc:172.17.0.2:45109|priority:0, 39b417ab-8504-4076-a6f4-79e16db1ab30|rpc:172.17.0.2:35129|priority:0], old=null
2021-01-12 11:01:15,303 [grpc-default-executor-1] INFO  server.RaftServer$Division (RaftServerImpl.java:requestPreVote(1060)) - 88b834f5-6008-4641-83c2-e698cd1f12a5@group-C7489B31936E: receive preVote(39b417ab-8504-4076-a6f4-79e16db1ab30, group-C7489B31936E, 0, (t:0, i:0))
2021-01-12 11:01:15,303 [grpc-default-executor-1] INFO  server.RaftServer$Division (RaftServerImpl.java:requestPreVote(1083)) - 88b834f5-6008-4641-83c2-e698cd1f12a5@group-C7489B31936E role: FOLLOWER reject pre-vote from:39b417ab-8504-4076-a6f4-79e16db1ab30 because compare:0 isCurrentLeaderValid:false
2021-01-12 11:01:15,303 [grpc-default-executor-1] INFO  server.RaftServer$Division (RaftServerImpl.java:requestPreVote(1099)) - 88b834f5-6008-4641-83c2-e698cd1f12a5@group-C7489B31936E replies to pre-vote request: 39b417ab-8504-4076-a6f4-79e16db1ab30<-88b834f5-6008-4641-83c2-e698cd1f12a5#0:FAIL-t0. Peer's state: 88b834f5-6008-4641-83c2-e698cd1f12a5@group-C7489B31936E:t0, leader=null, voted=, raftlog=88b834f5-6008-4641-83c2-e698cd1f12a5@group-C7489B31936E-SegmentedRaftLog:OPENED:c-1,f-1,i0, conf=-1: [88b834f5-6008-4641-83c2-e698cd1f12a5|rpc:172.17.0.2:38117|dataStream:|priority:1, e541cdce-a2d8-48af-b7b9-ce247b4f51b3|rpc:172.17.0.2:45109|dataStream:|priority:0, 39b417ab-8504-4076-a6f4-79e16db1ab30|rpc:172.17.0.2:35129|dataStream:|priority:0], old=null
2021-01-12 11:01:15,306 [39b417ab-8504-4076-a6f4-79e16db1ab30@group-C7489B31936E-LeaderElection5] INFO  impl.LeaderElection (LeaderElection.java:logAndReturn(68)) - 39b417ab-8504-4076-a6f4-79e16db1ab30@group-C7489B31936E-LeaderElection5: Pre-vote  REJECTED received 1 response(s):[39b417ab-8504-4076-a6f4-79e16db1ab30<-88b834f5-6008-4641-83c2-e698cd1f12a5#0:FAIL-t0]
2021-01-12 11:01:15,306 [39b417ab-8504-4076-a6f4-79e16db1ab30@group-C7489B31936E-LeaderElection5] INFO  impl.LeaderElection (LeaderElection.java:askForPreVotes(261)) - 39b417ab-8504-4076-a6f4-79e16db1ab30@group-C7489B31936E-LeaderElection5 pre-vote result is REJECTED.
2021-01-12 11:01:15,306 [39b417ab-8504-4076-a6f4-79e16db1ab30@group-C7489B31936E-LeaderElection5] INFO  server.RaftServer$Division (RaftServerImpl.java:setRole(283)) - 39b417ab-8504-4076-a6f4-79e16db1ab30@group-C7489B31936E: changes role from CANDIDATE to FOLLOWER at term 0 for REJECTED
2021-01-12 11:01:15,306 [39b417ab-8504-4076-a6f4-79e16db1ab30@group-C7489B31936E-LeaderElection5] INFO  impl.RoleInfo (RoleInfo.java:shutdownLeaderElection(121)) - 39b417ab-8504-4076-a6f4-79e16db1ab30: shutdown 39b417ab-8504-4076-a6f4-79e16db1ab30@group-C7489B31936E-LeaderElection5
2021-01-12 11:01:15,306 [39b417ab-8504-4076-a6f4-79e16db1ab30@group-C7489B31936E-LeaderElection5] INFO  impl.RoleInfo (RoleInfo.java:updateAndGet(130)) - 39b417ab-8504-4076-a6f4-79e16db1ab30: start 39b417ab-8504-4076-a6f4-79e16db1ab30@group-C7489B31936E-FollowerState
2021-01-12 11:01:15,328 [grpc-default-executor-1] INFO  server.RaftServer$Division (RaftServerImpl.java:requestPreVote(1060)) - e541cdce-a2d8-48af-b7b9-ce247b4f51b3@group-C7489B31936E: receive preVote(39b417ab-8504-4076-a6f4-79e16db1ab30, group-C7489B31936E, 0, (t:0, i:0))
2021-01-12 11:01:15,330 [grpc-default-executor-1] INFO  server.RaftServer$Division (RaftServerImpl.java:requestPreVote(1081)) - e541cdce-a2d8-48af-b7b9-ce247b4f51b3@group-C7489B31936E role: FOLLOWER allow pre-vote from:39b417ab-8504-4076-a6f4-79e16db1ab30
2021-01-12 11:01:15,330 [grpc-default-executor-1] INFO  server.RaftServer$Division (RaftServerImpl.java:requestPreVote(1099)) - e541cdce-a2d8-48af-b7b9-ce247b4f51b3@group-C7489B31936E replies to pre-vote request: 39b417ab-8504-4076-a6f4-79e16db1ab30<-e541cdce-a2d8-48af-b7b9-ce247b4f51b3#0:OK-t0. Peer's state: e541cdce-a2d8-48af-b7b9-ce247b4f51b3@group-C7489B31936E:t0, leader=null, voted=, raftlog=e541cdce-a2d8-48af-b7b9-ce247b4f51b3@group-C7489B31936E-SegmentedRaftLog:OPENED:c-1,f-1,i0, conf=-1: [88b834f5-6008-4641-83c2-e698cd1f12a5|rpc:172.17.0.2:38117|dataStream:|priority:1, e541cdce-a2d8-48af-b7b9-ce247b4f51b3|rpc:172.17.0.2:45109|dataStream:|priority:0, 39b417ab-8504-4076-a6f4-79e16db1ab30|rpc:172.17.0.2:35129|dataStream:|priority:0], old=null
2021-01-12 11:01:15,370 [Thread-275] INFO  impl.FollowerState (FollowerState.java:run(133)) - 88b834f5-6008-4641-83c2-e698cd1f12a5@group-C7489B31936E-FollowerState: change to CANDIDATE, lastRpcElapsedTime:5097035985ns, electionTimeout:5080ms
2021-01-12 11:01:15,370 [Thread-275] INFO  impl.RoleInfo (RoleInfo.java:shutdownFollowerState(108)) - 88b834f5-6008-4641-83c2-e698cd1f12a5: shutdown 88b834f5-6008-4641-83c2-e698cd1f12a5@group-C7489B31936E-FollowerState
2021-01-12 11:01:15,370 [Thread-275] INFO  server.RaftServer$Division (RaftServerImpl.java:setRole(283)) - 88b834f5-6008-4641-83c2-e698cd1f12a5@group-C7489B31936E: changes role from  FOLLOWER to CANDIDATE at term 0 for changeToCandidate
2021-01-12 11:01:15,370 [Thread-275] INFO  impl.RoleInfo (RoleInfo.java:updateAndGet(130)) - 88b834f5-6008-4641-83c2-e698cd1f12a5: start 88b834f5-6008-4641-83c2-e698cd1f12a5@group-C7489B31936E-LeaderElection6
2021-01-12 11:01:15,378 [88b834f5-6008-4641-83c2-e698cd1f12a5@group-C7489B31936E-LeaderElection6] INFO  impl.LeaderElection (LeaderElection.java:askForPreVotes(259)) - 88b834f5-6008-4641-83c2-e698cd1f12a5@group-C7489B31936E-LeaderElection6: begin a pre-vote at term 0 for -1: [88b834f5-6008-4641-83c2-e698cd1f12a5|rpc:172.17.0.2:38117|dataStream:|priority:1, e541cdce-a2d8-48af-b7b9-ce247b4f51b3|rpc:172.17.0.2:45109|dataStream:|priority:0, 39b417ab-8504-4076-a6f4-79e16db1ab30|rpc:172.17.0.2:35129|dataStream:|priority:0], old=null
2021-01-12 11:01:15,386 [grpc-default-executor-1] INFO  server.RaftServer$Division (RaftServerImpl.java:requestPreVote(1060)) - e541cdce-a2d8-48af-b7b9-ce247b4f51b3@group-C7489B31936E: receive preVote(88b834f5-6008-4641-83c2-e698cd1f12a5, group-C7489B31936E, 0, (t:0, i:0))
2021-01-12 11:01:15,386 [grpc-default-executor-1] INFO  server.RaftServer$Division (RaftServerImpl.java:requestPreVote(1081)) - e541cdce-a2d8-48af-b7b9-ce247b4f51b3@group-C7489B31936E role: FOLLOWER allow pre-vote from:88b834f5-6008-4641-83c2-e698cd1f12a5
2021-01-12 11:01:15,386 [grpc-default-executor-1] INFO  server.RaftServer$Division (RaftServerImpl.java:requestPreVote(1099)) - e541cdce-a2d8-48af-b7b9-ce247b4f51b3@group-C7489B31936E replies to pre-vote request: 88b834f5-6008-4641-83c2-e698cd1f12a5<-e541cdce-a2d8-48af-b7b9-ce247b4f51b3#0:OK-t0. Peer's state: e541cdce-a2d8-48af-b7b9-ce247b4f51b3@group-C7489B31936E:t0, leader=null, voted=, raftlog=e541cdce-a2d8-48af-b7b9-ce247b4f51b3@group-C7489B31936E-SegmentedRaftLog:OPENED:c-1,f-1,i0, conf=-1: [88b834f5-6008-4641-83c2-e698cd1f12a5|rpc:172.17.0.2:38117|dataStream:|priority:1, e541cdce-a2d8-48af-b7b9-ce247b4f51b3|rpc:172.17.0.2:45109|dataStream:|priority:0, 39b417ab-8504-4076-a6f4-79e16db1ab30|rpc:172.17.0.2:35129|dataStream:|priority:0], old=null
2021-01-12 11:01:15,390 [88b834f5-6008-4641-83c2-e698cd1f12a5@group-C7489B31936E-LeaderElection6] INFO  impl.LeaderElection (LeaderElection.java:logAndReturn(68)) - 88b834f5-6008-4641-83c2-e698cd1f12a5@group-C7489B31936E-LeaderElection6: Pre-vote  PASSED received 1 response(s):[88b834f5-6008-4641-83c2-e698cd1f12a5<-e541cdce-a2d8-48af-b7b9-ce247b4f51b3#0:OK-t0]
2021-01-12 11:01:15,394 [88b834f5-6008-4641-83c2-e698cd1f12a5@group-C7489B31936E-LeaderElection6] INFO  impl.LeaderElection (LeaderElection.java:askForPreVotes(261)) - 88b834f5-6008-4641-83c2-e698cd1f12a5@group-C7489B31936E-LeaderElection6 pre-vote result is PASSED.
2021-01-12 11:01:15,396 [88b834f5-6008-4641-83c2-e698cd1f12a5@group-C7489B31936E-LeaderElection6] INFO  impl.LeaderElection (LeaderElection.java:askForVotes(308)) - 88b834f5-6008-4641-83c2-e698cd1f12a5@group-C7489B31936E-LeaderElection6: begin an election at term 1 for -1: [88b834f5-6008-4641-83c2-e698cd1f12a5|rpc:172.17.0.2:38117|dataStream:|priority:1, e541cdce-a2d8-48af-b7b9-ce247b4f51b3|rpc:172.17.0.2:45109|dataStream:|priority:0, 39b417ab-8504-4076-a6f4-79e16db1ab30|rpc:172.17.0.2:35129|dataStream:|priority:0], old=null
2021-01-12 11:01:15,401 [grpc-default-executor-0] INFO  metrics.RatisMetrics (RatisMetrics.java:lambda$create$0(36)) - Creating Metrics Registry : ratis.server_message_metrics.39b417ab-8504-4076-a6f4-79e16db1ab30
2021-01-12 11:01:15,406 [grpc-default-executor-1] INFO  server.RaftServer$Division (RaftServerImpl.java:setRole(283)) - e541cdce-a2d8-48af-b7b9-ce247b4f51b3@group-C7489B31936E: changes role from  FOLLOWER to FOLLOWER at term 1 for recognizeCandidate:88b834f5-6008-4641-83c2-e698cd1f12a5
2021-01-12 11:01:15,406 [grpc-default-executor-1] INFO  impl.RoleInfo (RoleInfo.java:shutdownFollowerState(108)) - e541cdce-a2d8-48af-b7b9-ce247b4f51b3: shutdown e541cdce-a2d8-48af-b7b9-ce247b4f51b3@group-C7489B31936E-FollowerState
2021-01-12 11:01:15,406 [grpc-default-executor-0] INFO  server.RaftServer$Division (RaftServerImpl.java:requestPreVote(1060)) - 39b417ab-8504-4076-a6f4-79e16db1ab30@group-C7489B31936E: receive preVote(88b834f5-6008-4641-83c2-e698cd1f12a5, group-C7489B31936E, 0, (t:0, i:0))
2021-01-12 11:01:15,407 [grpc-default-executor-0] INFO  server.RaftServer$Division (RaftServerImpl.java:requestPreVote(1081)) - 39b417ab-8504-4076-a6f4-79e16db1ab30@group-C7489B31936E role: FOLLOWER allow pre-vote from:88b834f5-6008-4641-83c2-e698cd1f12a5
2021-01-12 11:01:15,407 [grpc-default-executor-0] INFO  server.RaftServer$Division (RaftServerImpl.java:requestPreVote(1099)) - 39b417ab-8504-4076-a6f4-79e16db1ab30@group-C7489B31936E replies to pre-vote request: 88b834f5-6008-4641-83c2-e698cd1f12a5<-39b417ab-8504-4076-a6f4-79e16db1ab30#0:OK-t0. Peer's state: 39b417ab-8504-4076-a6f4-79e16db1ab30@group-C7489B31936E:t0, leader=null, voted=, raftlog=39b417ab-8504-4076-a6f4-79e16db1ab30@group-C7489B31936E-SegmentedRaftLog:OPENED:c-1,f-1,i0, conf=-1: [88b834f5-6008-4641-83c2-e698cd1f12a5|rpc:172.17.0.2:38117|priority:1, e541cdce-a2d8-48af-b7b9-ce247b4f51b3|rpc:172.17.0.2:45109|priority:0, 39b417ab-8504-4076-a6f4-79e16db1ab30|rpc:172.17.0.2:35129|priority:0], old=null
2021-01-12 11:01:15,407 [grpc-default-executor-1] INFO  impl.RoleInfo (RoleInfo.java:updateAndGet(130)) - e541cdce-a2d8-48af-b7b9-ce247b4f51b3: start e541cdce-a2d8-48af-b7b9-ce247b4f51b3@group-C7489B31936E-FollowerState
2021-01-12 11:01:15,407 [Thread-280] INFO  impl.FollowerState (FollowerState.java:run(142)) - e541cdce-a2d8-48af-b7b9-ce247b4f51b3@group-C7489B31936E-FollowerState was interrupted: {}
java.lang.InterruptedException: sleep interrupted
	at java.lang.Thread.sleep(Native Method)
	at java.lang.Thread.sleep(Thread.java:340)
	at java.util.concurrent.TimeUnit.sleep(TimeUnit.java:386)
	at org.apache.ratis.util.TimeDuration.sleep(TimeDuration.java:324)
	at org.apache.ratis.util.TimeDuration.sleep(TimeDuration.java:309)
	at org.apache.ratis.server.impl.FollowerState.run(FollowerState.java:117)
2021-01-12 11:01:15,409 [grpc-default-executor-1] INFO  server.RaftServer$Division (RaftServerImpl.java:requestVote(1137)) -  FOLLOWER e541cdce-a2d8-48af-b7b9-ce247b4f51b3@group-C7489B31936E:t1, leader=null, voted=null, raftlog=e541cdce-a2d8-48af-b7b9-ce247b4f51b3@group-C7489B31936E-SegmentedRaftLog:OPENED:c-1,f-1,i0, conf=-1: [88b834f5-6008-4641-83c2-e698cd1f12a5|rpc:172.17.0.2:38117|dataStream:|priority:1, e541cdce-a2d8-48af-b7b9-ce247b4f51b3|rpc:172.17.0.2:45109|dataStream:|priority:0, 39b417ab-8504-4076-a6f4-79e16db1ab30|rpc:172.17.0.2:35129|dataStream:|priority:0], old=null RUNNING priority:0 candidate:88b834f5-6008-4641-83c2-e698cd1f12a5|rpc:172.17.0.2:38117|dataStream:|priority:1 candidatePriority:1 compare:0
2021-01-12 11:01:15,418 [88b834f5-6008-4641-83c2-e698cd1f12a5@group-C7489B31936E-LeaderElection6] INFO  impl.LeaderElection (LeaderElection.java:logAndReturn(68)) - 88b834f5-6008-4641-83c2-e698cd1f12a5@group-C7489B31936E-LeaderElection6: Election  PASSED received 1 response(s):[88b834f5-6008-4641-83c2-e698cd1f12a5<-e541cdce-a2d8-48af-b7b9-ce247b4f51b3#0:OK-t1]
2021-01-12 11:01:15,418 [88b834f5-6008-4641-83c2-e698cd1f12a5@group-C7489B31936E-LeaderElection6] INFO  impl.RoleInfo (RoleInfo.java:shutdownLeaderElection(121)) - 88b834f5-6008-4641-83c2-e698cd1f12a5: shutdown 88b834f5-6008-4641-83c2-e698cd1f12a5@group-C7489B31936E-LeaderElection6
2021-01-12 11:01:15,418 [88b834f5-6008-4641-83c2-e698cd1f12a5@group-C7489B31936E-LeaderElection6] INFO  server.RaftServer$Division (RaftServerImpl.java:setRole(283)) - 88b834f5-6008-4641-83c2-e698cd1f12a5@group-C7489B31936E: changes role from CANDIDATE to LEADER at term 1 for changeToLeader
2021-01-12 11:01:15,418 [88b834f5-6008-4641-83c2-e698cd1f12a5@group-C7489B31936E-LeaderElection6] INFO  ratis.XceiverServerRatis (XceiverServerRatis.java:handleLeaderChangedNotification(868)) - Leader change notification received for group: group-C7489B31936E with new leaderId: 88b834f5-6008-4641-83c2-e698cd1f12a5
2021-01-12 11:01:15,418 [88b834f5-6008-4641-83c2-e698cd1f12a5@group-C7489B31936E-LeaderElection6] INFO  server.RaftServer$Division (ServerState.java:setLeader(249)) - 88b834f5-6008-4641-83c2-e698cd1f12a5@group-C7489B31936E: change Leader from null to 88b834f5-6008-4641-83c2-e698cd1f12a5 at term 1 for becomeLeader, leader elected after 5165ms
2021-01-12 11:01:15,418 [88b834f5-6008-4641-83c2-e698cd1f12a5@group-C7489B31936E-LeaderElection6] INFO  server.RaftServerConfigKeys (ConfUtils.java:logGet(44)) - raft.server.staging.catchup.gap = 1000 (default)
2021-01-12 11:01:15,418 [88b834f5-6008-4641-83c2-e698cd1f12a5@group-C7489B31936E-LeaderElection6] INFO  metrics.RatisMetrics (RatisMetrics.java:lambda$create$0(36)) - Creating Metrics Registry : ratis.log_appender.88b834f5-6008-4641-83c2-e698cd1f12a5@group-C7489B31936E
2021-01-12 11:01:15,419 [88b834f5-6008-4641-83c2-e698cd1f12a5@group-C7489B31936E-LeaderElection6] INFO  server.RaftServerConfigKeys (ConfUtils.java:logGet(44)) - raft.server.write.element-limit = 1024 (custom)
2021-01-12 11:01:15,419 [88b834f5-6008-4641-83c2-e698cd1f12a5@group-C7489B31936E-LeaderElection6] INFO  server.RaftServerConfigKeys (ConfUtils.java:logGet(44)) - raft.server.write.byte-limit = 1073741824 (custom)
2021-01-12 11:01:15,419 [88b834f5-6008-4641-83c2-e698cd1f12a5@group-C7489B31936E-LeaderElection6] INFO  server.RaftServerConfigKeys (ConfUtils.java:logGet(44)) - raft.server.watch.timeout = 180s (custom)
2021-01-12 11:01:15,419 [88b834f5-6008-4641-83c2-e698cd1f12a5@group-C7489B31936E-LeaderElection6] INFO  server.RaftServerConfigKeys (ConfUtils.java:logGet(44)) - raft.server.watch.timeout.denomination = 1s (default)
2021-01-12 11:01:15,419 [88b834f5-6008-4641-83c2-e698cd1f12a5@group-C7489B31936E-LeaderElection6] INFO  server.RaftServerConfigKeys (ConfUtils.java:logGet(44)) - raft.server.watch.element-limit = 65536 (default)
2021-01-12 11:01:15,419 [88b834f5-6008-4641-83c2-e698cd1f12a5@group-C7489B31936E-LeaderElection6] INFO  server.RaftServerConfigKeys (ConfUtils.java:logGet(44)) - raft.server.log.appender.snapshot.chunk.size.max = 16MB (=16777216) (default)
2021-01-12 11:01:15,419 [88b834f5-6008-4641-83c2-e698cd1f12a5@group-C7489B31936E-LeaderElection6] INFO  server.RaftServerConfigKeys (ConfUtils.java:logGet(44)) - raft.server.log.appender.buffer.byte-limit = 33554432 (custom)
2021-01-12 11:01:15,419 [88b834f5-6008-4641-83c2-e698cd1f12a5@group-C7489B31936E-LeaderElection6] INFO  server.RaftServerConfigKeys (ConfUtils.java:logGet(44)) - raft.server.log.appender.buffer.element-limit = 1 (custom)
2021-01-12 11:01:15,419 [88b834f5-6008-4641-83c2-e698cd1f12a5@group-C7489B31936E-LeaderElection6] INFO  grpc.GrpcConfigKeys (ConfUtils.java:logGet(44)) - raft.grpc.server.leader.outstanding.appends.max = 128 (default)
2021-01-12 11:01:15,419 [88b834f5-6008-4641-83c2-e698cd1f12a5@group-C7489B31936E-LeaderElection6] INFO  server.RaftServerConfigKeys (ConfUtils.java:logGet(44)) - raft.server.rpc.request.timeout = 60s (custom)
2021-01-12 11:01:15,419 [88b834f5-6008-4641-83c2-e698cd1f12a5@group-C7489B31936E-LeaderElection6] INFO  server.RaftServerConfigKeys (ConfUtils.java:logGet(44)) - raft.server.log.appender.install.snapshot.enabled = false (custom)
2021-01-12 11:01:15,420 [88b834f5-6008-4641-83c2-e698cd1f12a5@group-C7489B31936E-LeaderElection6] INFO  metrics.RatisMetrics (RatisMetrics.java:lambda$create$0(36)) - Creating Metrics Registry : ratis_grpc.log_appender.88b834f5-6008-4641-83c2-e698cd1f12a5@group-C7489B31936E
2021-01-12 11:01:15,420 [88b834f5-6008-4641-83c2-e698cd1f12a5@group-C7489B31936E-LeaderElection6] INFO  server.RaftServerConfigKeys (ConfUtils.java:logGet(44)) - raft.server.log.appender.snapshot.chunk.size.max = 16MB (=16777216) (default)
2021-01-12 11:01:15,420 [88b834f5-6008-4641-83c2-e698cd1f12a5@group-C7489B31936E-LeaderElection6] INFO  server.RaftServerConfigKeys (ConfUtils.java:logGet(44)) - raft.server.log.appender.buffer.byte-limit = 33554432 (custom)
2021-01-12 11:01:15,420 [88b834f5-6008-4641-83c2-e698cd1f12a5@group-C7489B31936E-LeaderElection6] INFO  server.RaftServerConfigKeys (ConfUtils.java:logGet(44)) - raft.server.log.appender.buffer.element-limit = 1 (custom)
2021-01-12 11:01:15,420 [88b834f5-6008-4641-83c2-e698cd1f12a5@group-C7489B31936E-LeaderElection6] INFO  grpc.GrpcConfigKeys (ConfUtils.java:logGet(44)) - raft.grpc.server.leader.outstanding.appends.max = 128 (default)
2021-01-12 11:01:15,420 [88b834f5-6008-4641-83c2-e698cd1f12a5@group-C7489B31936E-LeaderElection6] INFO  server.RaftServerConfigKeys (ConfUtils.java:logGet(44)) - raft.server.rpc.request.timeout = 60s (custom)
2021-01-12 11:01:15,420 [88b834f5-6008-4641-83c2-e698cd1f12a5@group-C7489B31936E-LeaderElection6] INFO  server.RaftServerConfigKeys (ConfUtils.java:logGet(44)) - raft.server.log.appender.install.snapshot.enabled = false (custom)
2021-01-12 11:01:15,421 [88b834f5-6008-4641-83c2-e698cd1f12a5@group-C7489B31936E-LeaderElection6] INFO  impl.RoleInfo (RoleInfo.java:updateAndGet(130)) - 88b834f5-6008-4641-83c2-e698cd1f12a5: start 88b834f5-6008-4641-83c2-e698cd1f12a5@group-C7489B31936E-LeaderStateImpl
2021-01-12 11:01:15,429 [88b834f5-6008-4641-83c2-e698cd1f12a5@group-C7489B31936E-LeaderElection6] INFO  segmented.SegmentedRaftLogWorker (SegmentedRaftLogWorker.java:startLogSegment(392)) - 88b834f5-6008-4641-83c2-e698cd1f12a5@group-C7489B31936E-SegmentedRaftLogWorker: Starting segment from index:0
2021-01-12 11:01:15,435 [88b834f5-6008-4641-83c2-e698cd1f12a5@group-C7489B31936E-SegmentedRaftLogWorker] INFO  segmented.SegmentedRaftLogWorker (SegmentedRaftLogWorker.java:execute(599)) - 88b834f5-6008-4641-83c2-e698cd1f12a5@group-C7489B31936E-SegmentedRaftLogWorker: created new log segment /github/workspace/mnt/ozone/hadoop-ozone/integration-test/target/test-dir/MiniOzoneClusterImpl-124e3b68-9dbf-46e5-878a-8eb0ed2fbb06/datanode-1/data/ratis/c723a57b-c2ff-4ac7-b1f3-c7489b31936e/current/log_inprogress_0
2021-01-12 11:01:15,460 [grpc-default-executor-1] INFO  server.RaftServer$Division (RaftServerImpl.java:setRole(283)) - 39b417ab-8504-4076-a6f4-79e16db1ab30@group-C7489B31936E: changes role from  FOLLOWER to FOLLOWER at term 1 for recognizeCandidate:88b834f5-6008-4641-83c2-e698cd1f12a5
2021-01-12 11:01:15,460 [grpc-default-executor-1] INFO  impl.RoleInfo (RoleInfo.java:shutdownFollowerState(108)) - 39b417ab-8504-4076-a6f4-79e16db1ab30: shutdown 39b417ab-8504-4076-a6f4-79e16db1ab30@group-C7489B31936E-FollowerState
2021-01-12 11:01:15,460 [grpc-default-executor-1] INFO  impl.RoleInfo (RoleInfo.java:updateAndGet(130)) - 39b417ab-8504-4076-a6f4-79e16db1ab30: start 39b417ab-8504-4076-a6f4-79e16db1ab30@group-C7489B31936E-FollowerState
2021-01-12 11:01:15,460 [Thread-309] INFO  impl.FollowerState (FollowerState.java:run(142)) - 39b417ab-8504-4076-a6f4-79e16db1ab30@group-C7489B31936E-FollowerState was interrupted: {}
java.lang.InterruptedException: sleep interrupted
	at java.lang.Thread.sleep(Native Method)
	at java.lang.Thread.sleep(Thread.java:340)
	at java.util.concurrent.TimeUnit.sleep(TimeUnit.java:386)
	at org.apache.ratis.util.TimeDuration.sleep(TimeDuration.java:324)
	at org.apache.ratis.util.TimeDuration.sleep(TimeDuration.java:309)
	at org.apache.ratis.server.impl.FollowerState.run(FollowerState.java:117)
2021-01-12 11:01:15,461 [EventQueue-OpenPipelineForHealthyPipelineSafeModeRule] INFO  safemode.SCMSafeModeManager (HealthyPipelineSafeModeRule.java:process(128)) - SCM in safe mode. Healthy pipelines reported count is 0, required healthy pipeline reported count is 1
2021-01-12 11:01:15,461 [EventQueue-PipelineReportForPipelineReportHandler] INFO  pipeline.PipelineStateManager (PipelineStateManager.java:openPipeline(132)) - Pipeline Pipeline[ Id: c723a57b-c2ff-4ac7-b1f3-c7489b31936e, Nodes: 88b834f5-6008-4641-83c2-e698cd1f12a5{ip: 172.17.0.2, host: 5271166cf06f, networkLocation: /default-rack, certSerialId: null, persistedOpState: IN_SERVICE, persistedOpStateExpiryEpochSec: 0}39b417ab-8504-4076-a6f4-79e16db1ab30{ip: 172.17.0.2, host: 5271166cf06f, networkLocation: /default-rack, certSerialId: null, persistedOpState: IN_SERVICE, persistedOpStateExpiryEpochSec: 0}e541cdce-a2d8-48af-b7b9-ce247b4f51b3{ip: 172.17.0.2, host: 5271166cf06f, networkLocation: /default-rack, certSerialId: null, persistedOpState: IN_SERVICE, persistedOpStateExpiryEpochSec: 0}, Type:RATIS, Factor:THREE, State:ALLOCATED, leaderId:88b834f5-6008-4641-83c2-e698cd1f12a5, CreationTimestamp2021-01-12T11:01:07.824Z] moved to OPEN state
2021-01-12 11:01:15,461 [88b834f5-6008-4641-83c2-e698cd1f12a5@group-C7489B31936E-LeaderElection6] INFO  server.RaftServer$Division (ServerState.java:setRaftConf(368)) - 88b834f5-6008-4641-83c2-e698cd1f12a5@group-C7489B31936E: set configuration 0: [88b834f5-6008-4641-83c2-e698cd1f12a5|rpc:172.17.0.2:38117|dataStream:|priority:1, e541cdce-a2d8-48af-b7b9-ce247b4f51b3|rpc:172.17.0.2:45109|dataStream:|priority:0, 39b417ab-8504-4076-a6f4-79e16db1ab30|rpc:172.17.0.2:35129|dataStream:|priority:0], old=null
2021-01-12 11:01:15,461 [EventQueue-PipelineReportForOneReplicaPipelineSafeModeRule] INFO  safemode.SCMSafeModeManager (SCMSafeModeManager.java:validateSafeModeExitRules(214)) - AtleastOneDatanodeReportedRule rule is successfully validated
2021-01-12 11:01:15,462 [grpc-default-executor-1] INFO  server.RaftServer$Division (RaftServerImpl.java:requestVote(1137)) -  FOLLOWER 39b417ab-8504-4076-a6f4-79e16db1ab30@group-C7489B31936E:t1, leader=null, voted=null, raftlog=39b417ab-8504-4076-a6f4-79e16db1ab30@group-C7489B31936E-SegmentedRaftLog:OPENED:c-1,f-1,i0, conf=-1: [88b834f5-6008-4641-83c2-e698cd1f12a5|rpc:172.17.0.2:38117|priority:1, e541cdce-a2d8-48af-b7b9-ce247b4f51b3|rpc:172.17.0.2:45109|priority:0, 39b417ab-8504-4076-a6f4-79e16db1ab30|rpc:172.17.0.2:35129|priority:0], old=null RUNNING priority:0 candidate:88b834f5-6008-4641-83c2-e698cd1f12a5|rpc:172.17.0.2:38117|priority:1 candidatePriority:1 compare:0
2021-01-12 11:01:15,462 [EventQueue-OpenPipelineForHealthyPipelineSafeModeRule] INFO  safemode.SCMSafeModeManager (HealthyPipelineSafeModeRule.java:process(128)) - SCM in safe mode. Healthy pipelines reported count is 1, required healthy pipeline reported count is 1
2021-01-12 11:01:15,477 [EventQueue-OpenPipelineForHealthyPipelineSafeModeRule] INFO  safemode.SCMSafeModeManager (SCMSafeModeManager.java:validateSafeModeExitRules(214)) - HealthyPipelineSafeModeRule rule is successfully validated
2021-01-12 11:01:15,477 [EventQueue-OpenPipelineForHealthyPipelineSafeModeRule] INFO  safemode.SCMSafeModeManager (SCMSafeModeManager.java:validateSafeModeExitRules(228)) - ScmSafeModeManager, all rules are successfully validated
2021-01-12 11:01:15,477 [EventQueue-OpenPipelineForHealthyPipelineSafeModeRule] INFO  safemode.SCMSafeModeManager (SCMSafeModeManager.java:exitSafeMode(257)) - SCM exiting safe mode.
2021-01-12 11:01:15,485 [grpc-default-executor-1] INFO  ratis.XceiverServerRatis (XceiverServerRatis.java:handleLeaderChangedNotification(868)) - Leader change notification received for group: group-C7489B31936E with new leaderId: 88b834f5-6008-4641-83c2-e698cd1f12a5
2021-01-12 11:01:15,485 [grpc-default-executor-2] INFO  ratis.XceiverServerRatis (XceiverServerRatis.java:handleLeaderChangedNotification(868)) - Leader change notification received for group: group-C7489B31936E with new leaderId: 88b834f5-6008-4641-83c2-e698cd1f12a5
2021-01-12 11:01:15,485 [grpc-default-executor-1] INFO  server.RaftServer$Division (ServerState.java:setLeader(249)) - 39b417ab-8504-4076-a6f4-79e16db1ab30@group-C7489B31936E: change Leader from null to 88b834f5-6008-4641-83c2-e698cd1f12a5 at term 1 for appendEntries, leader elected after 5408ms
2021-01-12 11:01:15,485 [grpc-default-executor-2] INFO  server.RaftServer$Division (ServerState.java:setLeader(249)) - e541cdce-a2d8-48af-b7b9-ce247b4f51b3@group-C7489B31936E: change Leader from null to 88b834f5-6008-4641-83c2-e698cd1f12a5 at term 1 for appendEntries, leader elected after 5078ms
2021-01-12 11:01:15,497 [grpc-default-executor-1] INFO  server.RaftServer$Division (ServerState.java:setRaftConf(368)) - 39b417ab-8504-4076-a6f4-79e16db1ab30@group-C7489B31936E: set configuration 0: [88b834f5-6008-4641-83c2-e698cd1f12a5|rpc:172.17.0.2:38117|dataStream:|priority:1, e541cdce-a2d8-48af-b7b9-ce247b4f51b3|rpc:172.17.0.2:45109|dataStream:|priority:0, 39b417ab-8504-4076-a6f4-79e16db1ab30|rpc:172.17.0.2:35129|dataStream:|priority:0], old=null
2021-01-12 11:01:15,498 [grpc-default-executor-1] INFO  segmented.SegmentedRaftLogWorker (SegmentedRaftLogWorker.java:startLogSegment(392)) - 39b417ab-8504-4076-a6f4-79e16db1ab30@group-C7489B31936E-SegmentedRaftLogWorker: Starting segment from index:0
2021-01-12 11:01:15,507 [grpc-default-executor-2] INFO  server.RaftServer$Division (ServerState.java:setRaftConf(368)) - e541cdce-a2d8-48af-b7b9-ce247b4f51b3@group-C7489B31936E: set configuration 0: [88b834f5-6008-4641-83c2-e698cd1f12a5|rpc:172.17.0.2:38117|dataStream:|priority:1, e541cdce-a2d8-48af-b7b9-ce247b4f51b3|rpc:172.17.0.2:45109|dataStream:|priority:0, 39b417ab-8504-4076-a6f4-79e16db1ab30|rpc:172.17.0.2:35129|dataStream:|priority:0], old=null
2021-01-12 11:01:15,508 [grpc-default-executor-2] INFO  segmented.SegmentedRaftLogWorker (SegmentedRaftLogWorker.java:startLogSegment(392)) - e541cdce-a2d8-48af-b7b9-ce247b4f51b3@group-C7489B31936E-SegmentedRaftLogWorker: Starting segment from index:0
2021-01-12 11:01:15,513 [e541cdce-a2d8-48af-b7b9-ce247b4f51b3@group-C7489B31936E-SegmentedRaftLogWorker] INFO  segmented.SegmentedRaftLogWorker (SegmentedRaftLogWorker.java:execute(599)) - e541cdce-a2d8-48af-b7b9-ce247b4f51b3@group-C7489B31936E-SegmentedRaftLogWorker: created new log segment /github/workspace/mnt/ozone/hadoop-ozone/integration-test/target/test-dir/MiniOzoneClusterImpl-124e3b68-9dbf-46e5-878a-8eb0ed2fbb06/datanode-2/data/ratis/c723a57b-c2ff-4ac7-b1f3-c7489b31936e/current/log_inprogress_0
2021-01-12 11:01:15,519 [39b417ab-8504-4076-a6f4-79e16db1ab30@group-C7489B31936E-SegmentedRaftLogWorker] INFO  segmented.SegmentedRaftLogWorker (SegmentedRaftLogWorker.java:execute(599)) - 39b417ab-8504-4076-a6f4-79e16db1ab30@group-C7489B31936E-SegmentedRaftLogWorker: created new log segment /github/workspace/mnt/ozone/hadoop-ozone/integration-test/target/test-dir/MiniOzoneClusterImpl-124e3b68-9dbf-46e5-878a-8eb0ed2fbb06/datanode-0/data/ratis/c723a57b-c2ff-4ac7-b1f3-c7489b31936e/current/log_inprogress_0
2021-01-12 11:01:15,590 [Thread-283] INFO  impl.FollowerState (FollowerState.java:run(133)) - 39b417ab-8504-4076-a6f4-79e16db1ab30@group-3B437D9F2B1B-FollowerState: change to CANDIDATE, lastRpcElapsedTime:5128038651ns, electionTimeout:5127ms
2021-01-12 11:01:15,590 [Thread-283] INFO  impl.RoleInfo (RoleInfo.java:shutdownFollowerState(108)) - 39b417ab-8504-4076-a6f4-79e16db1ab30: shutdown 39b417ab-8504-4076-a6f4-79e16db1ab30@group-3B437D9F2B1B-FollowerState
2021-01-12 11:01:15,590 [Thread-283] INFO  server.RaftServer$Division (RaftServerImpl.java:setRole(283)) - 39b417ab-8504-4076-a6f4-79e16db1ab30@group-3B437D9F2B1B: changes role from  FOLLOWER to CANDIDATE at term 0 for changeToCandidate
2021-01-12 11:01:15,590 [Thread-283] INFO  impl.RoleInfo (RoleInfo.java:updateAndGet(130)) - 39b417ab-8504-4076-a6f4-79e16db1ab30: start 39b417ab-8504-4076-a6f4-79e16db1ab30@group-3B437D9F2B1B-LeaderElection7
2021-01-12 11:01:15,614 [39b417ab-8504-4076-a6f4-79e16db1ab30@group-3B437D9F2B1B-LeaderElection7] INFO  impl.LeaderElection (LeaderElection.java:askForPreVotes(259)) - 39b417ab-8504-4076-a6f4-79e16db1ab30@group-3B437D9F2B1B-LeaderElection7: begin a pre-vote at term 0 for -1: [88b834f5-6008-4641-83c2-e698cd1f12a5|rpc:172.17.0.2:38117|priority:0, e541cdce-a2d8-48af-b7b9-ce247b4f51b3|rpc:172.17.0.2:45109|priority:0, 39b417ab-8504-4076-a6f4-79e16db1ab30|rpc:172.17.0.2:35129|priority:1], old=null
2021-01-12 11:01:15,636 [grpc-default-executor-0] INFO  server.RaftServer$Division (RaftServerImpl.java:requestPreVote(1060)) - 88b834f5-6008-4641-83c2-e698cd1f12a5@group-3B437D9F2B1B: receive preVote(39b417ab-8504-4076-a6f4-79e16db1ab30, group-3B437D9F2B1B, 0, (t:0, i:0))
2021-01-12 11:01:15,637 [grpc-default-executor-0] INFO  server.RaftServer$Division (RaftServerImpl.java:requestPreVote(1081)) - 88b834f5-6008-4641-83c2-e698cd1f12a5@group-3B437D9F2B1B role: FOLLOWER allow pre-vote from:39b417ab-8504-4076-a6f4-79e16db1ab30
2021-01-12 11:01:15,637 [grpc-default-executor-0] INFO  server.RaftServer$Division (RaftServerImpl.java:requestPreVote(1099)) - 88b834f5-6008-4641-83c2-e698cd1f12a5@group-3B437D9F2B1B replies to pre-vote request: 39b417ab-8504-4076-a6f4-79e16db1ab30<-88b834f5-6008-4641-83c2-e698cd1f12a5#0:OK-t0. Peer's state: 88b834f5-6008-4641-83c2-e698cd1f12a5@group-3B437D9F2B1B:t0, leader=null, voted=, raftlog=88b834f5-6008-4641-83c2-e698cd1f12a5@group-3B437D9F2B1B-SegmentedRaftLog:OPENED:c-1,f-1,i0, conf=-1: [88b834f5-6008-4641-83c2-e698cd1f12a5|rpc:172.17.0.2:38117|dataStream:|priority:0, e541cdce-a2d8-48af-b7b9-ce247b4f51b3|rpc:172.17.0.2:45109|dataStream:|priority:0, 39b417ab-8504-4076-a6f4-79e16db1ab30|rpc:172.17.0.2:35129|dataStream:|priority:1], old=null
2021-01-12 11:01:15,639 [39b417ab-8504-4076-a6f4-79e16db1ab30@group-3B437D9F2B1B-LeaderElection7] INFO  impl.LeaderElection (LeaderElection.java:logAndReturn(68)) - 39b417ab-8504-4076-a6f4-79e16db1ab30@group-3B437D9F2B1B-LeaderElection7: Pre-vote  PASSED received 1 response(s):[39b417ab-8504-4076-a6f4-79e16db1ab30<-88b834f5-6008-4641-83c2-e698cd1f12a5#0:OK-t0]
2021-01-12 11:01:15,642 [39b417ab-8504-4076-a6f4-79e16db1ab30@group-3B437D9F2B1B-LeaderElection7] INFO  impl.LeaderElection (LeaderElection.java:askForPreVotes(261)) - 39b417ab-8504-4076-a6f4-79e16db1ab30@group-3B437D9F2B1B-LeaderElection7 pre-vote result is PASSED.
2021-01-12 11:01:15,642 [grpc-default-executor-3] INFO  server.RaftServer$Division (RaftServerImpl.java:requestPreVote(1060)) - e541cdce-a2d8-48af-b7b9-ce247b4f51b3@group-3B437D9F2B1B: receive preVote(39b417ab-8504-4076-a6f4-79e16db1ab30, group-3B437D9F2B1B, 0, (t:0, i:0))
2021-01-12 11:01:15,644 [39b417ab-8504-4076-a6f4-79e16db1ab30@group-3B437D9F2B1B-LeaderElection7] INFO  impl.LeaderElection (LeaderElection.java:askForVotes(308)) - 39b417ab-8504-4076-a6f4-79e16db1ab30@group-3B437D9F2B1B-LeaderElection7: begin an election at term 1 for -1: [88b834f5-6008-4641-83c2-e698cd1f12a5|rpc:172.17.0.2:38117|priority:0, e541cdce-a2d8-48af-b7b9-ce247b4f51b3|rpc:172.17.0.2:45109|priority:0, 39b417ab-8504-4076-a6f4-79e16db1ab30|rpc:172.17.0.2:35129|priority:1], old=null
2021-01-12 11:01:15,644 [grpc-default-executor-3] INFO  server.RaftServer$Division (RaftServerImpl.java:requestPreVote(1081)) - e541cdce-a2d8-48af-b7b9-ce247b4f51b3@group-3B437D9F2B1B role: FOLLOWER allow pre-vote from:39b417ab-8504-4076-a6f4-79e16db1ab30
2021-01-12 11:01:15,644 [grpc-default-executor-3] INFO  server.RaftServer$Division (RaftServerImpl.java:requestPreVote(1099)) - e541cdce-a2d8-48af-b7b9-ce247b4f51b3@group-3B437D9F2B1B replies to pre-vote request: 39b417ab-8504-4076-a6f4-79e16db1ab30<-e541cdce-a2d8-48af-b7b9-ce247b4f51b3#0:OK-t0. Peer's state: e541cdce-a2d8-48af-b7b9-ce247b4f51b3@group-3B437D9F2B1B:t0, leader=null, voted=, raftlog=e541cdce-a2d8-48af-b7b9-ce247b4f51b3@group-3B437D9F2B1B-SegmentedRaftLog:OPENED:c-1,f-1,i0, conf=-1: [88b834f5-6008-4641-83c2-e698cd1f12a5|rpc:172.17.0.2:38117|dataStream:|priority:0, e541cdce-a2d8-48af-b7b9-ce247b4f51b3|rpc:172.17.0.2:45109|dataStream:|priority:0, 39b417ab-8504-4076-a6f4-79e16db1ab30|rpc:172.17.0.2:35129|dataStream:|priority:1], old=null
2021-01-12 11:01:15,651 [grpc-default-executor-3] INFO  server.RaftServer$Division (RaftServerImpl.java:setRole(283)) - 88b834f5-6008-4641-83c2-e698cd1f12a5@group-3B437D9F2B1B: changes role from  FOLLOWER to FOLLOWER at term 1 for recognizeCandidate:39b417ab-8504-4076-a6f4-79e16db1ab30
2021-01-12 11:01:15,651 [grpc-default-executor-3] INFO  impl.RoleInfo (RoleInfo.java:shutdownFollowerState(108)) - 88b834f5-6008-4641-83c2-e698cd1f12a5: shutdown 88b834f5-6008-4641-83c2-e698cd1f12a5@group-3B437D9F2B1B-FollowerState
2021-01-12 11:01:15,651 [grpc-default-executor-3] INFO  impl.RoleInfo (RoleInfo.java:updateAndGet(130)) - 88b834f5-6008-4641-83c2-e698cd1f12a5: start 88b834f5-6008-4641-83c2-e698cd1f12a5@group-3B437D9F2B1B-FollowerState
2021-01-12 11:01:15,651 [Thread-286] INFO  impl.FollowerState (FollowerState.java:run(142)) - 88b834f5-6008-4641-83c2-e698cd1f12a5@group-3B437D9F2B1B-FollowerState was interrupted: {}
java.lang.InterruptedException: sleep interrupted
	at java.lang.Thread.sleep(Native Method)
	at java.lang.Thread.sleep(Thread.java:340)
	at java.util.concurrent.TimeUnit.sleep(TimeUnit.java:386)
	at org.apache.ratis.util.TimeDuration.sleep(TimeDuration.java:324)
	at org.apache.ratis.util.TimeDuration.sleep(TimeDuration.java:309)
	at org.apache.ratis.server.impl.FollowerState.run(FollowerState.java:117)
2021-01-12 11:01:15,658 [grpc-default-executor-3] INFO  server.RaftServer$Division (RaftServerImpl.java:requestVote(1137)) -  FOLLOWER 88b834f5-6008-4641-83c2-e698cd1f12a5@group-3B437D9F2B1B:t1, leader=null, voted=null, raftlog=88b834f5-6008-4641-83c2-e698cd1f12a5@group-3B437D9F2B1B-SegmentedRaftLog:OPENED:c-1,f-1,i0, conf=-1: [88b834f5-6008-4641-83c2-e698cd1f12a5|rpc:172.17.0.2:38117|dataStream:|priority:0, e541cdce-a2d8-48af-b7b9-ce247b4f51b3|rpc:172.17.0.2:45109|dataStream:|priority:0, 39b417ab-8504-4076-a6f4-79e16db1ab30|rpc:172.17.0.2:35129|dataStream:|priority:1], old=null RUNNING priority:0 candidate:39b417ab-8504-4076-a6f4-79e16db1ab30|rpc:172.17.0.2:35129|dataStream:|priority:1 candidatePriority:1 compare:0
2021-01-12 11:01:15,661 [grpc-default-executor-0] INFO  server.RaftServer$Division (RaftServerImpl.java:setRole(283)) - e541cdce-a2d8-48af-b7b9-ce247b4f51b3@group-3B437D9F2B1B: changes role from  FOLLOWER to FOLLOWER at term 1 for recognizeCandidate:39b417ab-8504-4076-a6f4-79e16db1ab30
2021-01-12 11:01:15,663 [grpc-default-executor-0] INFO  impl.RoleInfo (RoleInfo.java:shutdownFollowerState(108)) - e541cdce-a2d8-48af-b7b9-ce247b4f51b3: shutdown e541cdce-a2d8-48af-b7b9-ce247b4f51b3@group-3B437D9F2B1B-FollowerState
2021-01-12 11:01:15,663 [grpc-default-executor-0] INFO  impl.RoleInfo (RoleInfo.java:updateAndGet(130)) - e541cdce-a2d8-48af-b7b9-ce247b4f51b3: start e541cdce-a2d8-48af-b7b9-ce247b4f51b3@group-3B437D9F2B1B-FollowerState
2021-01-12 11:01:15,663 [Thread-290] INFO  impl.FollowerState (FollowerState.java:run(142)) - e541cdce-a2d8-48af-b7b9-ce247b4f51b3@group-3B437D9F2B1B-FollowerState was interrupted: {}
java.lang.InterruptedException: sleep interrupted
	at java.lang.Thread.sleep(Native Method)
	at java.lang.Thread.sleep(Thread.java:340)
	at java.util.concurrent.TimeUnit.sleep(TimeUnit.java:386)
	at org.apache.ratis.util.TimeDuration.sleep(TimeDuration.java:324)
	at org.apache.ratis.util.TimeDuration.sleep(TimeDuration.java:309)
	at org.apache.ratis.server.impl.FollowerState.run(FollowerState.java:117)
2021-01-12 11:01:15,663 [grpc-default-executor-0] INFO  server.RaftServer$Division (RaftServerImpl.java:requestVote(1137)) -  FOLLOWER e541cdce-a2d8-48af-b7b9-ce247b4f51b3@group-3B437D9F2B1B:t1, leader=null, voted=null, raftlog=e541cdce-a2d8-48af-b7b9-ce247b4f51b3@group-3B437D9F2B1B-SegmentedRaftLog:OPENED:c-1,f-1,i0, conf=-1: [88b834f5-6008-4641-83c2-e698cd1f12a5|rpc:172.17.0.2:38117|dataStream:|priority:0, e541cdce-a2d8-48af-b7b9-ce247b4f51b3|rpc:172.17.0.2:45109|dataStream:|priority:0, 39b417ab-8504-4076-a6f4-79e16db1ab30|rpc:172.17.0.2:35129|dataStream:|priority:1], old=null RUNNING priority:0 candidate:39b417ab-8504-4076-a6f4-79e16db1ab30|rpc:172.17.0.2:35129|dataStream:|priority:1 candidatePriority:1 compare:0
2021-01-12 11:01:15,679 [39b417ab-8504-4076-a6f4-79e16db1ab30@group-3B437D9F2B1B-LeaderElection7] INFO  impl.LeaderElection (LeaderElection.java:logAndReturn(68)) - 39b417ab-8504-4076-a6f4-79e16db1ab30@group-3B437D9F2B1B-LeaderElection7: Election  PASSED received 1 response(s):[39b417ab-8504-4076-a6f4-79e16db1ab30<-88b834f5-6008-4641-83c2-e698cd1f12a5#0:OK-t1]
2021-01-12 11:01:15,680 [39b417ab-8504-4076-a6f4-79e16db1ab30@group-3B437D9F2B1B-LeaderElection7] INFO  impl.RoleInfo (RoleInfo.java:shutdownLeaderElection(121)) - 39b417ab-8504-4076-a6f4-79e16db1ab30: shutdown 39b417ab-8504-4076-a6f4-79e16db1ab30@group-3B437D9F2B1B-LeaderElection7
2021-01-12 11:01:15,680 [39b417ab-8504-4076-a6f4-79e16db1ab30@group-3B437D9F2B1B-LeaderElection7] INFO  server.RaftServer$Division (RaftServerImpl.java:setRole(283)) - 39b417ab-8504-4076-a6f4-79e16db1ab30@group-3B437D9F2B1B: changes role from CANDIDATE to LEADER at term 1 for changeToLeader
2021-01-12 11:01:15,680 [39b417ab-8504-4076-a6f4-79e16db1ab30@group-3B437D9F2B1B-LeaderElection7] INFO  ratis.XceiverServerRatis (XceiverServerRatis.java:handleLeaderChangedNotification(868)) - Leader change notification received for group: group-3B437D9F2B1B with new leaderId: 39b417ab-8504-4076-a6f4-79e16db1ab30
2021-01-12 11:01:15,680 [39b417ab-8504-4076-a6f4-79e16db1ab30@group-3B437D9F2B1B-LeaderElection7] INFO  server.RaftServer$Division (ServerState.java:setLeader(249)) - 39b417ab-8504-4076-a6f4-79e16db1ab30@group-3B437D9F2B1B: change Leader from null to 39b417ab-8504-4076-a6f4-79e16db1ab30 at term 1 for becomeLeader, leader elected after 5234ms
2021-01-12 11:01:15,680 [39b417ab-8504-4076-a6f4-79e16db1ab30@group-3B437D9F2B1B-LeaderElection7] INFO  server.RaftServerConfigKeys (ConfUtils.java:logGet(44)) - raft.server.staging.catchup.gap = 1000 (default)
2021-01-12 11:01:15,680 [39b417ab-8504-4076-a6f4-79e16db1ab30@group-3B437D9F2B1B-LeaderElection7] INFO  metrics.RatisMetrics (RatisMetrics.java:lambda$create$0(36)) - Creating Metrics Registry : ratis.log_appender.39b417ab-8504-4076-a6f4-79e16db1ab30@group-3B437D9F2B1B
2021-01-12 11:01:15,680 [39b417ab-8504-4076-a6f4-79e16db1ab30@group-3B437D9F2B1B-LeaderElection7] INFO  server.RaftServerConfigKeys (ConfUtils.java:logGet(44)) - raft.server.write.element-limit = 1024 (custom)
2021-01-12 11:01:15,680 [39b417ab-8504-4076-a6f4-79e16db1ab30@group-3B437D9F2B1B-LeaderElection7] INFO  server.RaftServerConfigKeys (ConfUtils.java:logGet(44)) - raft.server.write.byte-limit = 1073741824 (custom)
2021-01-12 11:01:15,680 [39b417ab-8504-4076-a6f4-79e16db1ab30@group-3B437D9F2B1B-LeaderElection7] INFO  server.RaftServerConfigKeys (ConfUtils.java:logGet(44)) - raft.server.watch.timeout = 180s (custom)
2021-01-12 11:01:15,681 [39b417ab-8504-4076-a6f4-79e16db1ab30@group-3B437D9F2B1B-LeaderElection7] INFO  server.RaftServerConfigKeys (ConfUtils.java:logGet(44)) - raft.server.watch.timeout.denomination = 1s (default)
2021-01-12 11:01:15,681 [39b417ab-8504-4076-a6f4-79e16db1ab30@group-3B437D9F2B1B-LeaderElection7] INFO  server.RaftServerConfigKeys (ConfUtils.java:logGet(44)) - raft.server.watch.element-limit = 65536 (default)
2021-01-12 11:01:15,681 [39b417ab-8504-4076-a6f4-79e16db1ab30@group-3B437D9F2B1B-LeaderElection7] INFO  server.RaftServerConfigKeys (ConfUtils.java:logGet(44)) - raft.server.log.appender.snapshot.chunk.size.max = 16MB (=16777216) (default)
2021-01-12 11:01:15,681 [39b417ab-8504-4076-a6f4-79e16db1ab30@group-3B437D9F2B1B-LeaderElection7] INFO  server.RaftServerConfigKeys (ConfUtils.java:logGet(44)) - raft.server.log.appender.buffer.byte-limit = 33554432 (custom)
2021-01-12 11:01:15,681 [39b417ab-8504-4076-a6f4-79e16db1ab30@group-3B437D9F2B1B-LeaderElection7] INFO  server.RaftServerConfigKeys (ConfUtils.java:logGet(44)) - raft.server.log.appender.buffer.element-limit = 1 (custom)
2021-01-12 11:01:15,681 [39b417ab-8504-4076-a6f4-79e16db1ab30@group-3B437D9F2B1B-LeaderElection7] INFO  grpc.GrpcConfigKeys (ConfUtils.java:logGet(44)) - raft.grpc.server.leader.outstanding.appends.max = 128 (default)
2021-01-12 11:01:15,681 [39b417ab-8504-4076-a6f4-79e16db1ab30@group-3B437D9F2B1B-LeaderElection7] INFO  server.RaftServerConfigKeys (ConfUtils.java:logGet(44)) - raft.server.rpc.request.timeout = 60s (custom)
2021-01-12 11:01:15,681 [39b417ab-8504-4076-a6f4-79e16db1ab30@group-3B437D9F2B1B-LeaderElection7] INFO  server.RaftServerConfigKeys (ConfUtils.java:logGet(44)) - raft.server.log.appender.install.snapshot.enabled = false (custom)
2021-01-12 11:01:15,688 [39b417ab-8504-4076-a6f4-79e16db1ab30@group-3B437D9F2B1B-LeaderElection7] INFO  metrics.RatisMetrics (RatisMetrics.java:lambda$create$0(36)) - Creating Metrics Registry : ratis_grpc.log_appender.39b417ab-8504-4076-a6f4-79e16db1ab30@group-3B437D9F2B1B
2021-01-12 11:01:15,688 [39b417ab-8504-4076-a6f4-79e16db1ab30@group-3B437D9F2B1B-LeaderElection7] INFO  server.RaftServerConfigKeys (ConfUtils.java:logGet(44)) - raft.server.log.appender.snapshot.chunk.size.max = 16MB (=16777216) (default)
2021-01-12 11:01:15,689 [39b417ab-8504-4076-a6f4-79e16db1ab30@group-3B437D9F2B1B-LeaderElection7] INFO  server.RaftServerConfigKeys (ConfUtils.java:logGet(44)) - raft.server.log.appender.buffer.byte-limit = 33554432 (custom)
2021-01-12 11:01:15,689 [39b417ab-8504-4076-a6f4-79e16db1ab30@group-3B437D9F2B1B-LeaderElection7] INFO  server.RaftServerConfigKeys (ConfUtils.java:logGet(44)) - raft.server.log.appender.buffer.element-limit = 1 (custom)
2021-01-12 11:01:15,689 [39b417ab-8504-4076-a6f4-79e16db1ab30@group-3B437D9F2B1B-LeaderElection7] INFO  grpc.GrpcConfigKeys (ConfUtils.java:logGet(44)) - raft.grpc.server.leader.outstanding.appends.max = 128 (default)
2021-01-12 11:01:15,689 [39b417ab-8504-4076-a6f4-79e16db1ab30@group-3B437D9F2B1B-LeaderElection7] INFO  server.RaftServerConfigKeys (ConfUtils.java:logGet(44)) - raft.server.rpc.request.timeout = 60s (custom)
2021-01-12 11:01:15,689 [39b417ab-8504-4076-a6f4-79e16db1ab30@group-3B437D9F2B1B-LeaderElection7] INFO  server.RaftServerConfigKeys (ConfUtils.java:logGet(44)) - raft.server.log.appender.install.snapshot.enabled = false (custom)
2021-01-12 11:01:15,689 [39b417ab-8504-4076-a6f4-79e16db1ab30@group-3B437D9F2B1B-LeaderElection7] INFO  impl.RoleInfo (RoleInfo.java:updateAndGet(130)) - 39b417ab-8504-4076-a6f4-79e16db1ab30: start 39b417ab-8504-4076-a6f4-79e16db1ab30@group-3B437D9F2B1B-LeaderStateImpl
2021-01-12 11:01:15,690 [39b417ab-8504-4076-a6f4-79e16db1ab30@group-3B437D9F2B1B-LeaderElection7] INFO  segmented.SegmentedRaftLogWorker (SegmentedRaftLogWorker.java:startLogSegment(392)) - 39b417ab-8504-4076-a6f4-79e16db1ab30@group-3B437D9F2B1B-SegmentedRaftLogWorker: Starting segment from index:0
2021-01-12 11:01:15,691 [EventQueue-PipelineReportForPipelineReportHandler] INFO  pipeline.PipelineStateManager (PipelineStateManager.java:openPipeline(132)) - Pipeline Pipeline[ Id: 39aa5a61-5a80-4b69-9e87-3b437d9f2b1b, Nodes: 88b834f5-6008-4641-83c2-e698cd1f12a5{ip: 172.17.0.2, host: 5271166cf06f, networkLocation: /default-rack, certSerialId: null, persistedOpState: IN_SERVICE, persistedOpStateExpiryEpochSec: 0}39b417ab-8504-4076-a6f4-79e16db1ab30{ip: 172.17.0.2, host: 5271166cf06f, networkLocation: /default-rack, certSerialId: null, persistedOpState: IN_SERVICE, persistedOpStateExpiryEpochSec: 0}e541cdce-a2d8-48af-b7b9-ce247b4f51b3{ip: 172.17.0.2, host: 5271166cf06f, networkLocation: /default-rack, certSerialId: null, persistedOpState: IN_SERVICE, persistedOpStateExpiryEpochSec: 0}, Type:RATIS, Factor:THREE, State:ALLOCATED, leaderId:39b417ab-8504-4076-a6f4-79e16db1ab30, CreationTimestamp2021-01-12T11:01:07.825Z] moved to OPEN state
2021-01-12 11:01:15,692 [grpc-default-executor-3] WARN  server.GrpcLogAppender (LogUtils.java:warn(122)) - omNode-1@group-523986131536->omNode-3-AppendLogResponseHandler: Failed appendEntries: org.apache.ratis.thirdparty.io.grpc.StatusRuntimeException: UNAVAILABLE: io exception
2021-01-12 11:01:15,694 [grpc-default-executor-3] WARN  server.GrpcLogAppender (GrpcLogAppender.java:resetClient(111)) - omNode-1@group-523986131536->omNode-3-GrpcLogAppender: Leader has not got in touch with Follower omNode-1@group-523986131536->omNode-3(c-1,m0,n1, attendVote=true, lastRpcSendTime=2, lastRpcResponseTime=17398) yet, just keep nextIndex unchanged and retry.
2021-01-12 11:01:15,691 [39b417ab-8504-4076-a6f4-79e16db1ab30@group-3B437D9F2B1B-SegmentedRaftLogWorker] INFO  segmented.SegmentedRaftLogWorker (SegmentedRaftLogWorker.java:execute(599)) - 39b417ab-8504-4076-a6f4-79e16db1ab30@group-3B437D9F2B1B-SegmentedRaftLogWorker: created new log segment /github/workspace/mnt/ozone/hadoop-ozone/integration-test/target/test-dir/MiniOzoneClusterImpl-124e3b68-9dbf-46e5-878a-8eb0ed2fbb06/datanode-0/data/ratis/39aa5a61-5a80-4b69-9e87-3b437d9f2b1b/current/log_inprogress_0
2021-01-12 11:01:15,695 [39b417ab-8504-4076-a6f4-79e16db1ab30@group-3B437D9F2B1B-LeaderElection7] INFO  server.RaftServer$Division (ServerState.java:setRaftConf(368)) - 39b417ab-8504-4076-a6f4-79e16db1ab30@group-3B437D9F2B1B: set configuration 0: [88b834f5-6008-4641-83c2-e698cd1f12a5|rpc:172.17.0.2:38117|dataStream:|priority:0, e541cdce-a2d8-48af-b7b9-ce247b4f51b3|rpc:172.17.0.2:45109|dataStream:|priority:0, 39b417ab-8504-4076-a6f4-79e16db1ab30|rpc:172.17.0.2:35129|dataStream:|priority:1], old=null
2021-01-12 11:01:15,703 [grpc-default-executor-3] INFO  ratis.XceiverServerRatis (XceiverServerRatis.java:handleLeaderChangedNotification(868)) - Leader change notification received for group: group-3B437D9F2B1B with new leaderId: 39b417ab-8504-4076-a6f4-79e16db1ab30
2021-01-12 11:01:15,703 [grpc-default-executor-3] INFO  server.RaftServer$Division (ServerState.java:setLeader(249)) - e541cdce-a2d8-48af-b7b9-ce247b4f51b3@group-3B437D9F2B1B: change Leader from null to 39b417ab-8504-4076-a6f4-79e16db1ab30 at term 1 for appendEntries, leader elected after 5121ms
2021-01-12 11:01:15,705 [grpc-default-executor-0] INFO  ratis.XceiverServerRatis (XceiverServerRatis.java:handleLeaderChangedNotification(868)) - Leader change notification received for group: group-3B437D9F2B1B with new leaderId: 39b417ab-8504-4076-a6f4-79e16db1ab30
2021-01-12 11:01:15,705 [grpc-default-executor-0] INFO  server.RaftServer$Division (ServerState.java:setLeader(249)) - 88b834f5-6008-4641-83c2-e698cd1f12a5@group-3B437D9F2B1B: change Leader from null to 39b417ab-8504-4076-a6f4-79e16db1ab30 at term 1 for appendEntries, leader elected after 5220ms
2021-01-12 11:01:15,713 [grpc-default-executor-3] INFO  server.RaftServer$Division (ServerState.java:setRaftConf(368)) - e541cdce-a2d8-48af-b7b9-ce247b4f51b3@group-3B437D9F2B1B: set configuration 0: [88b834f5-6008-4641-83c2-e698cd1f12a5|rpc:172.17.0.2:38117|dataStream:|priority:0, e541cdce-a2d8-48af-b7b9-ce247b4f51b3|rpc:172.17.0.2:45109|dataStream:|priority:0, 39b417ab-8504-4076-a6f4-79e16db1ab30|rpc:172.17.0.2:35129|dataStream:|priority:1], old=null
2021-01-12 11:01:15,714 [grpc-default-executor-3] INFO  segmented.SegmentedRaftLogWorker (SegmentedRaftLogWorker.java:startLogSegment(392)) - e541cdce-a2d8-48af-b7b9-ce247b4f51b3@group-3B437D9F2B1B-SegmentedRaftLogWorker: Starting segment from index:0
2021-01-12 11:01:15,715 [grpc-default-executor-0] INFO  server.RaftServer$Division (ServerState.java:setRaftConf(368)) - 88b834f5-6008-4641-83c2-e698cd1f12a5@group-3B437D9F2B1B: set configuration 0: [88b834f5-6008-4641-83c2-e698cd1f12a5|rpc:172.17.0.2:38117|dataStream:|priority:0, e541cdce-a2d8-48af-b7b9-ce247b4f51b3|rpc:172.17.0.2:45109|dataStream:|priority:0, 39b417ab-8504-4076-a6f4-79e16db1ab30|rpc:172.17.0.2:35129|dataStream:|priority:1], old=null
2021-01-12 11:01:15,715 [grpc-default-executor-0] INFO  segmented.SegmentedRaftLogWorker (SegmentedRaftLogWorker.java:startLogSegment(392)) - 88b834f5-6008-4641-83c2-e698cd1f12a5@group-3B437D9F2B1B-SegmentedRaftLogWorker: Starting segment from index:0
2021-01-12 11:01:15,716 [e541cdce-a2d8-48af-b7b9-ce247b4f51b3@group-3B437D9F2B1B-SegmentedRaftLogWorker] INFO  segmented.SegmentedRaftLogWorker (SegmentedRaftLogWorker.java:execute(599)) - e541cdce-a2d8-48af-b7b9-ce247b4f51b3@group-3B437D9F2B1B-SegmentedRaftLogWorker: created new log segment /github/workspace/mnt/ozone/hadoop-ozone/integration-test/target/test-dir/MiniOzoneClusterImpl-124e3b68-9dbf-46e5-878a-8eb0ed2fbb06/datanode-2/data/ratis/39aa5a61-5a80-4b69-9e87-3b437d9f2b1b/current/log_inprogress_0
2021-01-12 11:01:15,717 [88b834f5-6008-4641-83c2-e698cd1f12a5@group-3B437D9F2B1B-SegmentedRaftLogWorker] INFO  segmented.SegmentedRaftLogWorker (SegmentedRaftLogWorker.java:execute(599)) - 88b834f5-6008-4641-83c2-e698cd1f12a5@group-3B437D9F2B1B-SegmentedRaftLogWorker: created new log segment /github/workspace/mnt/ozone/hadoop-ozone/integration-test/target/test-dir/MiniOzoneClusterImpl-124e3b68-9dbf-46e5-878a-8eb0ed2fbb06/datanode-1/data/ratis/39aa5a61-5a80-4b69-9e87-3b437d9f2b1b/current/log_inprogress_0
2021-01-12 11:01:15,737 [Thread-288] INFO  impl.FollowerState (FollowerState.java:run(133)) - 88b834f5-6008-4641-83c2-e698cd1f12a5@group-860D5CF4D66C-FollowerState: change to CANDIDATE, lastRpcElapsedTime:5212631730ns, electionTimeout:5192ms
2021-01-12 11:01:15,737 [Thread-288] INFO  impl.RoleInfo (RoleInfo.java:shutdownFollowerState(108)) - 88b834f5-6008-4641-83c2-e698cd1f12a5: shutdown 88b834f5-6008-4641-83c2-e698cd1f12a5@group-860D5CF4D66C-FollowerState
2021-01-12 11:01:15,737 [Thread-288] INFO  server.RaftServer$Division (RaftServerImpl.java:setRole(283)) - 88b834f5-6008-4641-83c2-e698cd1f12a5@group-860D5CF4D66C: changes role from  FOLLOWER to CANDIDATE at term 0 for changeToCandidate
2021-01-12 11:01:15,745 [Thread-288] INFO  impl.RoleInfo (RoleInfo.java:updateAndGet(130)) - 88b834f5-6008-4641-83c2-e698cd1f12a5: start 88b834f5-6008-4641-83c2-e698cd1f12a5@group-860D5CF4D66C-LeaderElection8
2021-01-12 11:01:15,753 [88b834f5-6008-4641-83c2-e698cd1f12a5@group-860D5CF4D66C-LeaderElection8] INFO  impl.LeaderElection (LeaderElection.java:askForPreVotes(259)) - 88b834f5-6008-4641-83c2-e698cd1f12a5@group-860D5CF4D66C-LeaderElection8: begin a pre-vote at term 0 for -1: [88b834f5-6008-4641-83c2-e698cd1f12a5|rpc:172.17.0.2:38117|priority:1], old=null
2021-01-12 11:01:15,753 [88b834f5-6008-4641-83c2-e698cd1f12a5@group-860D5CF4D66C-LeaderElection8] INFO  impl.LeaderElection (LeaderElection.java:askForPreVotes(261)) - 88b834f5-6008-4641-83c2-e698cd1f12a5@group-860D5CF4D66C-LeaderElection8 pre-vote result is PASSED.
2021-01-12 11:01:15,755 [88b834f5-6008-4641-83c2-e698cd1f12a5@group-860D5CF4D66C-LeaderElection8] INFO  impl.LeaderElection (LeaderElection.java:askForVotes(308)) - 88b834f5-6008-4641-83c2-e698cd1f12a5@group-860D5CF4D66C-LeaderElection8: begin an election at term 1 for -1: [88b834f5-6008-4641-83c2-e698cd1f12a5|rpc:172.17.0.2:38117|priority:1], old=null
2021-01-12 11:01:15,755 [88b834f5-6008-4641-83c2-e698cd1f12a5@group-860D5CF4D66C-LeaderElection8] INFO  impl.RoleInfo (RoleInfo.java:shutdownLeaderElection(121)) - 88b834f5-6008-4641-83c2-e698cd1f12a5: shutdown 88b834f5-6008-4641-83c2-e698cd1f12a5@group-860D5CF4D66C-LeaderElection8
2021-01-12 11:01:15,755 [88b834f5-6008-4641-83c2-e698cd1f12a5@group-860D5CF4D66C-LeaderElection8] INFO  server.RaftServer$Division (RaftServerImpl.java:setRole(283)) - 88b834f5-6008-4641-83c2-e698cd1f12a5@group-860D5CF4D66C: changes role from CANDIDATE to LEADER at term 1 for changeToLeader
2021-01-12 11:01:15,755 [88b834f5-6008-4641-83c2-e698cd1f12a5@group-860D5CF4D66C-LeaderElection8] INFO  ratis.XceiverServerRatis (XceiverServerRatis.java:handleLeaderChangedNotification(868)) - Leader change notification received for group: group-860D5CF4D66C with new leaderId: 88b834f5-6008-4641-83c2-e698cd1f12a5
2021-01-12 11:01:15,755 [88b834f5-6008-4641-83c2-e698cd1f12a5@group-860D5CF4D66C-LeaderElection8] INFO  server.RaftServer$Division (ServerState.java:setLeader(249)) - 88b834f5-6008-4641-83c2-e698cd1f12a5@group-860D5CF4D66C: change Leader from null to 88b834f5-6008-4641-83c2-e698cd1f12a5 at term 1 for becomeLeader, leader elected after 5251ms
2021-01-12 11:01:15,755 [88b834f5-6008-4641-83c2-e698cd1f12a5@group-860D5CF4D66C-LeaderElection8] INFO  server.RaftServerConfigKeys (ConfUtils.java:logGet(44)) - raft.server.staging.catchup.gap = 1000 (default)
2021-01-12 11:01:15,755 [88b834f5-6008-4641-83c2-e698cd1f12a5@group-860D5CF4D66C-LeaderElection8] INFO  metrics.RatisMetrics (RatisMetrics.java:lambda$create$0(36)) - Creating Metrics Registry : ratis.log_appender.88b834f5-6008-4641-83c2-e698cd1f12a5@group-860D5CF4D66C
2021-01-12 11:01:15,756 [88b834f5-6008-4641-83c2-e698cd1f12a5@group-860D5CF4D66C-LeaderElection8] INFO  server.RaftServerConfigKeys (ConfUtils.java:logGet(44)) - raft.server.write.element-limit = 1024 (custom)
2021-01-12 11:01:15,769 [88b834f5-6008-4641-83c2-e698cd1f12a5@group-860D5CF4D66C-LeaderElection8] INFO  server.RaftServerConfigKeys (ConfUtils.java:logGet(44)) - raft.server.write.byte-limit = 1073741824 (custom)
2021-01-12 11:01:15,770 [88b834f5-6008-4641-83c2-e698cd1f12a5@group-860D5CF4D66C-LeaderElection8] INFO  server.RaftServerConfigKeys (ConfUtils.java:logGet(44)) - raft.server.watch.timeout = 180s (custom)
2021-01-12 11:01:15,770 [88b834f5-6008-4641-83c2-e698cd1f12a5@group-860D5CF4D66C-LeaderElection8] INFO  server.RaftServerConfigKeys (ConfUtils.java:logGet(44)) - raft.server.watch.timeout.denomination = 1s (default)
2021-01-12 11:01:15,770 [88b834f5-6008-4641-83c2-e698cd1f12a5@group-860D5CF4D66C-LeaderElection8] INFO  server.RaftServerConfigKeys (ConfUtils.java:logGet(44)) - raft.server.watch.element-limit = 65536 (default)
2021-01-12 11:01:15,770 [88b834f5-6008-4641-83c2-e698cd1f12a5@group-860D5CF4D66C-LeaderElection8] INFO  impl.RoleInfo (RoleInfo.java:updateAndGet(130)) - 88b834f5-6008-4641-83c2-e698cd1f12a5: start 88b834f5-6008-4641-83c2-e698cd1f12a5@group-860D5CF4D66C-LeaderStateImpl
2021-01-12 11:01:15,770 [88b834f5-6008-4641-83c2-e698cd1f12a5@group-860D5CF4D66C-LeaderElection8] INFO  segmented.SegmentedRaftLogWorker (SegmentedRaftLogWorker.java:startLogSegment(392)) - 88b834f5-6008-4641-83c2-e698cd1f12a5@group-860D5CF4D66C-SegmentedRaftLogWorker: Starting segment from index:0
2021-01-12 11:01:15,777 [88b834f5-6008-4641-83c2-e698cd1f12a5@group-860D5CF4D66C-LeaderElection8] INFO  server.RaftServer$Division (ServerState.java:setRaftConf(368)) - 88b834f5-6008-4641-83c2-e698cd1f12a5@group-860D5CF4D66C: set configuration 0: [88b834f5-6008-4641-83c2-e698cd1f12a5|rpc:172.17.0.2:38117|dataStream:|priority:1], old=null
2021-01-12 11:01:15,777 [88b834f5-6008-4641-83c2-e698cd1f12a5@group-860D5CF4D66C-SegmentedRaftLogWorker] INFO  segmented.SegmentedRaftLogWorker (SegmentedRaftLogWorker.java:execute(599)) - 88b834f5-6008-4641-83c2-e698cd1f12a5@group-860D5CF4D66C-SegmentedRaftLogWorker: created new log segment /github/workspace/mnt/ozone/hadoop-ozone/integration-test/target/test-dir/MiniOzoneClusterImpl-124e3b68-9dbf-46e5-878a-8eb0ed2fbb06/datanode-1/data/ratis/c93efe93-a53d-4769-b73c-860d5cf4d66c/current/log_inprogress_0
2021-01-12 11:01:15,803 [Listener at 127.0.0.1/10336] INFO  ozone.MiniOzoneClusterImpl (MiniOzoneClusterImpl.java:lambda$waitForClusterToBeReady$0(179)) - Nodes are ready. Got 3 of 3 DN Heartbeats.
2021-01-12 11:01:15,803 [Listener at 127.0.0.1/10336] INFO  ozone.MiniOzoneClusterImpl (MiniOzoneClusterImpl.java:lambda$waitForClusterToBeReady$0(182)) - Cluster exits safe mode
2021-01-12 11:01:15,977 [Thread-294] INFO  impl.FollowerState (FollowerState.java:run(133)) - e541cdce-a2d8-48af-b7b9-ce247b4f51b3@group-99F74C68C25A-FollowerState: change to CANDIDATE, lastRpcElapsedTime:5124607944ns, electionTimeout:5124ms
2021-01-12 11:01:15,977 [Thread-294] INFO  impl.RoleInfo (RoleInfo.java:shutdownFollowerState(108)) - e541cdce-a2d8-48af-b7b9-ce247b4f51b3: shutdown e541cdce-a2d8-48af-b7b9-ce247b4f51b3@group-99F74C68C25A-FollowerState
2021-01-12 11:01:15,977 [Thread-294] INFO  server.RaftServer$Division (RaftServerImpl.java:setRole(283)) - e541cdce-a2d8-48af-b7b9-ce247b4f51b3@group-99F74C68C25A: changes role from  FOLLOWER to CANDIDATE at term 0 for changeToCandidate
2021-01-12 11:01:15,977 [Thread-294] INFO  impl.RoleInfo (RoleInfo.java:updateAndGet(130)) - e541cdce-a2d8-48af-b7b9-ce247b4f51b3: start e541cdce-a2d8-48af-b7b9-ce247b4f51b3@group-99F74C68C25A-LeaderElection9
2021-01-12 11:01:15,991 [e541cdce-a2d8-48af-b7b9-ce247b4f51b3@group-99F74C68C25A-LeaderElection9] INFO  impl.LeaderElection (LeaderElection.java:askForPreVotes(259)) - e541cdce-a2d8-48af-b7b9-ce247b4f51b3@group-99F74C68C25A-LeaderElection9: begin a pre-vote at term 0 for -1: [e541cdce-a2d8-48af-b7b9-ce247b4f51b3|rpc:172.17.0.2:45109|priority:1], old=null
2021-01-12 11:01:15,992 [e541cdce-a2d8-48af-b7b9-ce247b4f51b3@group-99F74C68C25A-LeaderElection9] INFO  impl.LeaderElection (LeaderElection.java:askForPreVotes(261)) - e541cdce-a2d8-48af-b7b9-ce247b4f51b3@group-99F74C68C25A-LeaderElection9 pre-vote result is PASSED.
2021-01-12 11:01:15,994 [e541cdce-a2d8-48af-b7b9-ce247b4f51b3@group-99F74C68C25A-LeaderElection9] INFO  impl.LeaderElection (LeaderElection.java:askForVotes(308)) - e541cdce-a2d8-48af-b7b9-ce247b4f51b3@group-99F74C68C25A-LeaderElection9: begin an election at term 1 for -1: [e541cdce-a2d8-48af-b7b9-ce247b4f51b3|rpc:172.17.0.2:45109|priority:1], old=null
2021-01-12 11:01:15,994 [e541cdce-a2d8-48af-b7b9-ce247b4f51b3@group-99F74C68C25A-LeaderElection9] INFO  impl.RoleInfo (RoleInfo.java:shutdownLeaderElection(121)) - e541cdce-a2d8-48af-b7b9-ce247b4f51b3: shutdown e541cdce-a2d8-48af-b7b9-ce247b4f51b3@group-99F74C68C25A-LeaderElection9
2021-01-12 11:01:15,994 [e541cdce-a2d8-48af-b7b9-ce247b4f51b3@group-99F74C68C25A-LeaderElection9] INFO  server.RaftServer$Division (RaftServerImpl.java:setRole(283)) - e541cdce-a2d8-48af-b7b9-ce247b4f51b3@group-99F74C68C25A: changes role from CANDIDATE to LEADER at term 1 for changeToLeader
2021-01-12 11:01:15,994 [e541cdce-a2d8-48af-b7b9-ce247b4f51b3@group-99F74C68C25A-LeaderElection9] INFO  ratis.XceiverServerRatis (XceiverServerRatis.java:handleLeaderChangedNotification(868)) - Leader change notification received for group: group-99F74C68C25A with new leaderId: e541cdce-a2d8-48af-b7b9-ce247b4f51b3
2021-01-12 11:01:15,995 [e541cdce-a2d8-48af-b7b9-ce247b4f51b3@group-99F74C68C25A-LeaderElection9] INFO  server.RaftServer$Division (ServerState.java:setLeader(249)) - e541cdce-a2d8-48af-b7b9-ce247b4f51b3@group-99F74C68C25A: change Leader from null to e541cdce-a2d8-48af-b7b9-ce247b4f51b3 at term 1 for becomeLeader, leader elected after 5158ms
2021-01-12 11:01:15,995 [e541cdce-a2d8-48af-b7b9-ce247b4f51b3@group-99F74C68C25A-LeaderElection9] INFO  server.RaftServerConfigKeys (ConfUtils.java:logGet(44)) - raft.server.staging.catchup.gap = 1000 (default)
2021-01-12 11:01:15,995 [e541cdce-a2d8-48af-b7b9-ce247b4f51b3@group-99F74C68C25A-LeaderElection9] INFO  metrics.RatisMetrics (RatisMetrics.java:lambda$create$0(36)) - Creating Metrics Registry : ratis.log_appender.e541cdce-a2d8-48af-b7b9-ce247b4f51b3@group-99F74C68C25A
2021-01-12 11:01:15,995 [e541cdce-a2d8-48af-b7b9-ce247b4f51b3@group-99F74C68C25A-LeaderElection9] INFO  server.RaftServerConfigKeys (ConfUtils.java:logGet(44)) - raft.server.write.element-limit = 1024 (custom)
2021-01-12 11:01:15,996 [e541cdce-a2d8-48af-b7b9-ce247b4f51b3@group-99F74C68C25A-LeaderElection9] INFO  server.RaftServerConfigKeys (ConfUtils.java:logGet(44)) - raft.server.write.byte-limit = 1073741824 (custom)
2021-01-12 11:01:15,996 [e541cdce-a2d8-48af-b7b9-ce247b4f51b3@group-99F74C68C25A-LeaderElection9] INFO  server.RaftServerConfigKeys (ConfUtils.java:logGet(44)) - raft.server.watch.timeout = 180s (custom)
2021-01-12 11:01:15,996 [e541cdce-a2d8-48af-b7b9-ce247b4f51b3@group-99F74C68C25A-LeaderElection9] INFO  server.RaftServerConfigKeys (ConfUtils.java:logGet(44)) - raft.server.watch.timeout.denomination = 1s (default)
2021-01-12 11:01:15,996 [e541cdce-a2d8-48af-b7b9-ce247b4f51b3@group-99F74C68C25A-LeaderElection9] INFO  server.RaftServerConfigKeys (ConfUtils.java:logGet(44)) - raft.server.watch.element-limit = 65536 (default)
2021-01-12 11:01:15,996 [e541cdce-a2d8-48af-b7b9-ce247b4f51b3@group-99F74C68C25A-LeaderElection9] INFO  impl.RoleInfo (RoleInfo.java:updateAndGet(130)) - e541cdce-a2d8-48af-b7b9-ce247b4f51b3: start e541cdce-a2d8-48af-b7b9-ce247b4f51b3@group-99F74C68C25A-LeaderStateImpl
2021-01-12 11:01:15,997 [e541cdce-a2d8-48af-b7b9-ce247b4f51b3@group-99F74C68C25A-LeaderElection9] INFO  segmented.SegmentedRaftLogWorker (SegmentedRaftLogWorker.java:startLogSegment(392)) - e541cdce-a2d8-48af-b7b9-ce247b4f51b3@group-99F74C68C25A-SegmentedRaftLogWorker: Starting segment from index:0
2021-01-12 11:01:15,998 [e541cdce-a2d8-48af-b7b9-ce247b4f51b3@group-99F74C68C25A-SegmentedRaftLogWorker] INFO  segmented.SegmentedRaftLogWorker (SegmentedRaftLogWorker.java:execute(599)) - e541cdce-a2d8-48af-b7b9-ce247b4f51b3@group-99F74C68C25A-SegmentedRaftLogWorker: created new log segment /github/workspace/mnt/ozone/hadoop-ozone/integration-test/target/test-dir/MiniOzoneClusterImpl-124e3b68-9dbf-46e5-878a-8eb0ed2fbb06/datanode-2/data/ratis/f3971f18-ec09-459f-bd4c-99f74c68c25a/current/log_inprogress_0
2021-01-12 11:01:16,008 [e541cdce-a2d8-48af-b7b9-ce247b4f51b3@group-99F74C68C25A-LeaderElection9] INFO  server.RaftServer$Division (ServerState.java:setRaftConf(368)) - e541cdce-a2d8-48af-b7b9-ce247b4f51b3@group-99F74C68C25A: set configuration 0: [e541cdce-a2d8-48af-b7b9-ce247b4f51b3|rpc:172.17.0.2:45109|dataStream:|priority:1], old=null
2021-01-12 11:01:16,198 [grpc-default-executor-3] WARN  server.GrpcLogAppender (LogUtils.java:warn(122)) - omNode-1@group-523986131536->omNode-3-AppendLogResponseHandler: Failed appendEntries: org.apache.ratis.thirdparty.io.grpc.StatusRuntimeException: UNAVAILABLE: io exception
2021-01-12 11:01:16,199 [grpc-default-executor-3] WARN  server.GrpcLogAppender (GrpcLogAppender.java:resetClient(111)) - omNode-1@group-523986131536->omNode-3-GrpcLogAppender: Leader has not got in touch with Follower omNode-1@group-523986131536->omNode-3(c-1,m0,n1, attendVote=true, lastRpcSendTime=0, lastRpcResponseTime=17903) yet, just keep nextIndex unchanged and retry.
2021-01-12 11:01:16,416 [Listener at 127.0.0.1/10336] INFO  rpc.RpcClient (RpcClient.java:createVolume(273)) - Creating Volume: volume42026, with user07785 as owner.
2021-01-12 11:01:16,486 [grpc-default-executor-3] WARN  server.GrpcLogAppender (LogUtils.java:warn(122)) - omNode-1@group-523986131536->omNode-3-AppendLogResponseHandler: Failed appendEntries: org.apache.ratis.thirdparty.io.grpc.StatusRuntimeException: UNAVAILABLE: io exception
2021-01-12 11:01:16,487 [grpc-default-executor-3] WARN  server.GrpcLogAppender (GrpcLogAppender.java:resetClient(111)) - omNode-1@group-523986131536->omNode-3-GrpcLogAppender: Leader has not got in touch with Follower omNode-1@group-523986131536->omNode-3(c-1,m0,n2, attendVote=true, lastRpcSendTime=288, lastRpcResponseTime=18191) yet, just keep nextIndex unchanged and retry.
2021-01-12 11:01:16,498 [grpc-default-executor-3] WARN  server.GrpcLogAppender (LogUtils.java:warn(122)) - omNode-1@group-523986131536->omNode-3-AppendLogResponseHandler: Failed appendEntries: org.apache.ratis.thirdparty.io.grpc.StatusRuntimeException: UNAVAILABLE: io exception
2021-01-12 11:01:16,499 [grpc-default-executor-3] WARN  server.GrpcLogAppender (GrpcLogAppender.java:resetClient(111)) - omNode-1@group-523986131536->omNode-3-GrpcLogAppender: Leader has not got in touch with Follower omNode-1@group-523986131536->omNode-3(c-1,m0,n3, attendVote=true, lastRpcSendTime=0, lastRpcResponseTime=18203) yet, just keep nextIndex unchanged and retry.
2021-01-12 11:01:16,526 [OM StateMachine ApplyTransaction Thread - 0] INFO  volume.OMVolumeCreateRequest (OMVolumeCreateRequest.java:validateAndUpdateCache(196)) - created volume:volume42026 for user:user07785
2021-01-12 11:01:16,526 [OM StateMachine ApplyTransaction Thread - 0] INFO  volume.OMVolumeCreateRequest (OMVolumeCreateRequest.java:validateAndUpdateCache(196)) - created volume:volume42026 for user:user07785
2021-01-12 11:01:16,571 [Listener at 127.0.0.1/10336] INFO  rpc.RpcClient (RpcClient.java:createBucket(429)) - Creating Bucket: volume42026/bucket16048, with Versioning false and Storage Type set to DISK and Encryption set to false 
2021-01-12 11:01:16,583 [grpc-default-executor-3] WARN  server.GrpcLogAppender (LogUtils.java:warn(122)) - omNode-1@group-523986131536->omNode-3-AppendLogResponseHandler: Failed appendEntries: org.apache.ratis.thirdparty.io.grpc.StatusRuntimeException: UNAVAILABLE: io exception
2021-01-12 11:01:16,585 [grpc-default-executor-3] WARN  server.GrpcLogAppender (GrpcLogAppender.java:resetClient(111)) - omNode-1@group-523986131536->omNode-3-GrpcLogAppender: Leader has not got in touch with Follower omNode-1@group-523986131536->omNode-3(c-1,m0,n4, attendVote=true, lastRpcSendTime=87, lastRpcResponseTime=18289) yet, just keep nextIndex unchanged and retry.
2021-01-12 11:01:16,592 [grpc-default-executor-0] WARN  server.GrpcLogAppender (LogUtils.java:warn(122)) - omNode-1@group-523986131536->omNode-3-AppendLogResponseHandler: Failed appendEntries: org.apache.ratis.thirdparty.io.grpc.StatusRuntimeException: UNAVAILABLE: io exception
2021-01-12 11:01:16,592 [grpc-default-executor-0] WARN  server.GrpcLogAppender (GrpcLogAppender.java:resetClient(111)) - omNode-1@group-523986131536->omNode-3-GrpcLogAppender: Leader has not got in touch with Follower omNode-1@group-523986131536->omNode-3(c-1,m0,n5, attendVote=true, lastRpcSendTime=0, lastRpcResponseTime=18296) yet, just keep nextIndex unchanged and retry.
2021-01-12 11:01:16,650 [IPC Server handler 1 on default port 36485] INFO  pipeline.PipelineStateManager (PipelineStateManager.java:addPipeline(54)) - Created pipeline Pipeline[ Id: fb60f6fe-b84b-46c2-87e6-98ce77e555fa, Nodes: 88b834f5-6008-4641-83c2-e698cd1f12a5{ip: 172.17.0.2, host: 5271166cf06f, networkLocation: /default-rack, certSerialId: null, persistedOpState: IN_SERVICE, persistedOpStateExpiryEpochSec: 0}, Type:STAND_ALONE, Factor:ONE, State:OPEN, leaderId:, CreationTimestamp2021-01-12T11:01:16.649Z]
2021-01-12 11:01:16,711 [grpc-default-executor-0] WARN  server.GrpcLogAppender (LogUtils.java:warn(122)) - omNode-1@group-523986131536->omNode-3-AppendLogResponseHandler: Failed appendEntries: org.apache.ratis.thirdparty.io.grpc.StatusRuntimeException: UNAVAILABLE: io exception
2021-01-12 11:01:16,712 [grpc-default-executor-0] WARN  server.GrpcLogAppender (GrpcLogAppender.java:resetClient(111)) - omNode-1@group-523986131536->omNode-3-GrpcLogAppender: Leader has not got in touch with Follower omNode-1@group-523986131536->omNode-3(c-1,m0,n6, attendVote=true, lastRpcSendTime=1, lastRpcResponseTime=18416) yet, just keep nextIndex unchanged and retry.
2021-01-12 11:01:16,721 [grpc-default-executor-0] WARN  server.GrpcLogAppender (LogUtils.java:warn(122)) - omNode-1@group-523986131536->omNode-3-AppendLogResponseHandler: Failed appendEntries: org.apache.ratis.thirdparty.io.grpc.StatusRuntimeException: UNAVAILABLE: io exception
2021-01-12 11:01:16,722 [grpc-default-executor-0] WARN  server.GrpcLogAppender (GrpcLogAppender.java:resetClient(111)) - omNode-1@group-523986131536->omNode-3-GrpcLogAppender: Leader has not got in touch with Follower omNode-1@group-523986131536->omNode-3(c-1,m0,n7, attendVote=true, lastRpcSendTime=4, lastRpcResponseTime=18426) yet, just keep nextIndex unchanged and retry.
2021-01-12 11:01:16,819 [Listener at 127.0.0.1/10336] INFO  impl.MetricsSystemImpl (MetricsSystemImpl.java:init(158)) - XceiverClientMetrics metrics system started (again)
2021-01-12 11:01:17,113 [grpc-default-executor-0] WARN  server.GrpcLogAppender (LogUtils.java:warn(122)) - omNode-1@group-523986131536->omNode-3-AppendLogResponseHandler: Failed appendEntries: org.apache.ratis.thirdparty.io.grpc.StatusRuntimeException: UNAVAILABLE: io exception
2021-01-12 11:01:17,114 [grpc-default-executor-0] WARN  server.GrpcLogAppender (GrpcLogAppender.java:resetClient(111)) - omNode-1@group-523986131536->omNode-3-GrpcLogAppender: Leader has not got in touch with Follower omNode-1@group-523986131536->omNode-3(c-1,m0,n8, attendVote=true, lastRpcSendTime=396, lastRpcResponseTime=18818) yet, just keep nextIndex unchanged and retry.
2021-01-12 11:01:17,123 [grpc-default-executor-3] WARN  server.GrpcLogAppender (LogUtils.java:warn(122)) - omNode-1@group-523986131536->omNode-3-AppendLogResponseHandler: Failed appendEntries: org.apache.ratis.thirdparty.io.grpc.StatusRuntimeException: UNAVAILABLE: io exception
2021-01-12 11:01:17,124 [grpc-default-executor-3] WARN  server.GrpcLogAppender (GrpcLogAppender.java:resetClient(111)) - omNode-1@group-523986131536->omNode-3-GrpcLogAppender: Leader has not got in touch with Follower omNode-1@group-523986131536->omNode-3(c-1,m0,n9, attendVote=true, lastRpcSendTime=0, lastRpcResponseTime=18828) yet, just keep nextIndex unchanged and retry.
2021-01-12 11:01:17,232 [grpc-default-executor-3] WARN  server.GrpcLogAppender (LogUtils.java:warn(122)) - omNode-1@group-523986131536->omNode-3-AppendLogResponseHandler: Failed appendEntries: org.apache.ratis.thirdparty.io.grpc.StatusRuntimeException: UNAVAILABLE: io exception
2021-01-12 11:01:17,233 [grpc-default-executor-3] WARN  server.GrpcLogAppender (GrpcLogAppender.java:resetClient(111)) - omNode-1@group-523986131536->omNode-3-GrpcLogAppender: Leader has not got in touch with Follower omNode-1@group-523986131536->omNode-3(c-1,m0,n10, attendVote=true, lastRpcSendTime=1, lastRpcResponseTime=18938) yet, just keep nextIndex unchanged and retry.
2021-01-12 11:01:17,237 [grpc-default-executor-3] WARN  server.GrpcLogAppender (LogUtils.java:warn(122)) - omNode-1@group-523986131536->omNode-3-AppendLogResponseHandler: Failed appendEntries: org.apache.ratis.thirdparty.io.grpc.StatusRuntimeException: UNAVAILABLE: io exception
2021-01-12 11:01:17,237 [grpc-default-executor-3] WARN  server.GrpcLogAppender (GrpcLogAppender.java:resetClient(111)) - omNode-1@group-523986131536->omNode-3-GrpcLogAppender: Leader has not got in touch with Follower omNode-1@group-523986131536->omNode-3(c-1,m0,n11, attendVote=true, lastRpcSendTime=5, lastRpcResponseTime=18941) yet, just keep nextIndex unchanged and retry.
2021-01-12 11:01:17,283 [grpc-default-executor-0] WARN  server.GrpcLogAppender (LogUtils.java:warn(122)) - omNode-1@group-523986131536->omNode-3-AppendLogResponseHandler: Failed appendEntries: org.apache.ratis.thirdparty.io.grpc.StatusRuntimeException: UNAVAILABLE: io exception
2021-01-12 11:01:17,283 [grpc-default-executor-0] WARN  server.GrpcLogAppender (GrpcLogAppender.java:resetClient(111)) - omNode-1@group-523986131536->omNode-3-GrpcLogAppender: Leader has not got in touch with Follower omNode-1@group-523986131536->omNode-3(c-1,m0,n12, attendVote=true, lastRpcSendTime=0, lastRpcResponseTime=18988) yet, just keep nextIndex unchanged and retry.
2021-01-12 11:01:17,287 [grpc-default-executor-3] WARN  server.GrpcLogAppender (LogUtils.java:warn(122)) - omNode-1@group-523986131536->omNode-3-AppendLogResponseHandler: Failed appendEntries: org.apache.ratis.thirdparty.io.grpc.StatusRuntimeException: UNAVAILABLE: io exception
2021-01-12 11:01:17,287 [grpc-default-executor-3] WARN  server.GrpcLogAppender (GrpcLogAppender.java:resetClient(111)) - omNode-1@group-523986131536->omNode-3-GrpcLogAppender: Leader has not got in touch with Follower omNode-1@group-523986131536->omNode-3(c-1,m0,n13, attendVote=true, lastRpcSendTime=0, lastRpcResponseTime=18991) yet, just keep nextIndex unchanged and retry.
2021-01-12 11:01:17,402 [grpc-default-executor-3] WARN  server.GrpcLogAppender (LogUtils.java:warn(122)) - omNode-1@group-523986131536->omNode-3-AppendLogResponseHandler: Failed appendEntries: org.apache.ratis.thirdparty.io.grpc.StatusRuntimeException: UNAVAILABLE: io exception
2021-01-12 11:01:17,402 [grpc-default-executor-3] WARN  server.GrpcLogAppender (GrpcLogAppender.java:resetClient(111)) - omNode-1@group-523986131536->omNode-3-GrpcLogAppender: Leader has not got in touch with Follower omNode-1@group-523986131536->omNode-3(c-1,m0,n14, attendVote=true, lastRpcSendTime=0, lastRpcResponseTime=19106) yet, just keep nextIndex unchanged and retry.
2021-01-12 11:01:17,412 [grpc-default-executor-1] WARN  server.GrpcLogAppender (LogUtils.java:warn(122)) - omNode-1@group-523986131536->omNode-3-AppendLogResponseHandler: Failed appendEntries: org.apache.ratis.thirdparty.io.grpc.StatusRuntimeException: UNAVAILABLE: io exception
2021-01-12 11:01:17,413 [grpc-default-executor-1] WARN  server.GrpcLogAppender (GrpcLogAppender.java:resetClient(111)) - omNode-1@group-523986131536->omNode-3-GrpcLogAppender: Leader has not got in touch with Follower omNode-1@group-523986131536->omNode-3(c-1,m0,n15, attendVote=true, lastRpcSendTime=0, lastRpcResponseTime=19117) yet, just keep nextIndex unchanged and retry.
2021-01-12 11:01:17,435 [grpc-default-executor-3] WARN  server.GrpcLogAppender (LogUtils.java:warn(122)) - omNode-1@group-523986131536->omNode-3-AppendLogResponseHandler: Failed appendEntries: org.apache.ratis.thirdparty.io.grpc.StatusRuntimeException: UNAVAILABLE: io exception
2021-01-12 11:01:17,436 [grpc-default-executor-3] WARN  server.GrpcLogAppender (GrpcLogAppender.java:resetClient(111)) - omNode-1@group-523986131536->omNode-3-GrpcLogAppender: Leader has not got in touch with Follower omNode-1@group-523986131536->omNode-3(c-1,m0,n16, attendVote=true, lastRpcSendTime=0, lastRpcResponseTime=19140) yet, just keep nextIndex unchanged and retry.
2021-01-12 11:01:17,443 [grpc-default-executor-3] WARN  server.GrpcLogAppender (LogUtils.java:warn(122)) - omNode-1@group-523986131536->omNode-3-AppendLogResponseHandler: Failed appendEntries: org.apache.ratis.thirdparty.io.grpc.StatusRuntimeException: UNAVAILABLE: io exception
2021-01-12 11:01:17,444 [grpc-default-executor-3] WARN  server.GrpcLogAppender (GrpcLogAppender.java:resetClient(111)) - omNode-1@group-523986131536->omNode-3-GrpcLogAppender: Leader has not got in touch with Follower omNode-1@group-523986131536->omNode-3(c-1,m0,n17, attendVote=true, lastRpcSendTime=1, lastRpcResponseTime=19148) yet, just keep nextIndex unchanged and retry.
2021-01-12 11:01:17,548 [grpc-default-executor-3] WARN  server.GrpcLogAppender (LogUtils.java:warn(122)) - omNode-1@group-523986131536->omNode-3-AppendLogResponseHandler: Failed appendEntries: org.apache.ratis.thirdparty.io.grpc.StatusRuntimeException: UNAVAILABLE: io exception
2021-01-12 11:01:17,549 [grpc-default-executor-3] WARN  server.GrpcLogAppender (GrpcLogAppender.java:resetClient(111)) - omNode-1@group-523986131536->omNode-3-GrpcLogAppender: Leader has not got in touch with Follower omNode-1@group-523986131536->omNode-3(c-1,m0,n18, attendVote=true, lastRpcSendTime=0, lastRpcResponseTime=19253) yet, just keep nextIndex unchanged and retry.
2021-01-12 11:01:17,571 [grpc-default-executor-3] WARN  server.GrpcLogAppender (LogUtils.java:warn(122)) - omNode-1@group-523986131536->omNode-3-AppendLogResponseHandler: Failed appendEntries: org.apache.ratis.thirdparty.io.grpc.StatusRuntimeException: UNAVAILABLE: io exception
2021-01-12 11:01:17,572 [grpc-default-executor-3] WARN  server.GrpcLogAppender (GrpcLogAppender.java:resetClient(111)) - omNode-1@group-523986131536->omNode-3-GrpcLogAppender: Leader has not got in touch with Follower omNode-1@group-523986131536->omNode-3(c-1,m0,n19, attendVote=true, lastRpcSendTime=23, lastRpcResponseTime=19276) yet, just keep nextIndex unchanged and retry.
2021-01-12 11:01:17,598 [grpc-default-executor-3] WARN  server.GrpcLogAppender (LogUtils.java:warn(122)) - omNode-1@group-523986131536->omNode-3-AppendLogResponseHandler: Failed appendEntries: org.apache.ratis.thirdparty.io.grpc.StatusRuntimeException: UNAVAILABLE: io exception
2021-01-12 11:01:17,598 [grpc-default-executor-3] WARN  server.GrpcLogAppender (GrpcLogAppender.java:resetClient(111)) - omNode-1@group-523986131536->omNode-3-GrpcLogAppender: Leader has not got in touch with Follower omNode-1@group-523986131536->omNode-3(c-1,m0,n20, attendVote=true, lastRpcSendTime=0, lastRpcResponseTime=19303) yet, just keep nextIndex unchanged and retry.
2021-01-12 11:01:17,602 [grpc-default-executor-3] WARN  server.GrpcLogAppender (LogUtils.java:warn(122)) - omNode-1@group-523986131536->omNode-3-AppendLogResponseHandler: Failed appendEntries: org.apache.ratis.thirdparty.io.grpc.StatusRuntimeException: UNAVAILABLE: io exception
2021-01-12 11:01:17,602 [grpc-default-executor-3] WARN  server.GrpcLogAppender (GrpcLogAppender.java:resetClient(111)) - omNode-1@group-523986131536->omNode-3-GrpcLogAppender: Leader has not got in touch with Follower omNode-1@group-523986131536->omNode-3(c-1,m0,n21, attendVote=true, lastRpcSendTime=0, lastRpcResponseTime=19306) yet, just keep nextIndex unchanged and retry.
2021-01-12 11:01:17,710 [grpc-default-executor-3] WARN  server.GrpcLogAppender (LogUtils.java:warn(122)) - omNode-1@group-523986131536->omNode-3-AppendLogResponseHandler: Failed appendEntries: org.apache.ratis.thirdparty.io.grpc.StatusRuntimeException: UNAVAILABLE: io exception
2021-01-12 11:01:17,711 [grpc-default-executor-3] WARN  server.GrpcLogAppender (GrpcLogAppender.java:resetClient(111)) - omNode-1@group-523986131536->omNode-3-GrpcLogAppender: Leader has not got in touch with Follower omNode-1@group-523986131536->omNode-3(c-1,m0,n22, attendVote=true, lastRpcSendTime=0, lastRpcResponseTime=19415) yet, just keep nextIndex unchanged and retry.
2021-01-12 11:01:17,718 [grpc-default-executor-3] WARN  server.GrpcLogAppender (LogUtils.java:warn(122)) - omNode-1@group-523986131536->omNode-3-AppendLogResponseHandler: Failed appendEntries: org.apache.ratis.thirdparty.io.grpc.StatusRuntimeException: UNAVAILABLE: io exception
2021-01-12 11:01:17,718 [grpc-default-executor-3] WARN  server.GrpcLogAppender (GrpcLogAppender.java:resetClient(111)) - omNode-1@group-523986131536->omNode-3-GrpcLogAppender: Leader has not got in touch with Follower omNode-1@group-523986131536->omNode-3(c-1,m0,n23, attendVote=true, lastRpcSendTime=0, lastRpcResponseTime=19422) yet, just keep nextIndex unchanged and retry.
2021-01-12 11:01:17,741 [grpc-default-executor-0] WARN  server.GrpcLogAppender (LogUtils.java:warn(122)) - omNode-1@group-523986131536->omNode-3-AppendLogResponseHandler: Failed appendEntries: org.apache.ratis.thirdparty.io.grpc.StatusRuntimeException: UNAVAILABLE: io exception
2021-01-12 11:01:17,742 [grpc-default-executor-0] WARN  server.GrpcLogAppender (GrpcLogAppender.java:resetClient(111)) - omNode-1@group-523986131536->omNode-3-GrpcLogAppender: Leader has not got in touch with Follower omNode-1@group-523986131536->omNode-3(c-1,m0,n25, attendVote=true, lastRpcSendTime=1, lastRpcResponseTime=19446) yet, just keep nextIndex unchanged and retry.
2021-01-12 11:01:17,848 [grpc-default-executor-0] WARN  server.GrpcLogAppender (LogUtils.java:warn(122)) - omNode-1@group-523986131536->omNode-3-AppendLogResponseHandler: Failed appendEntries: org.apache.ratis.thirdparty.io.grpc.StatusRuntimeException: UNAVAILABLE: io exception
2021-01-12 11:01:17,849 [grpc-default-executor-0] WARN  server.GrpcLogAppender (GrpcLogAppender.java:resetClient(111)) - omNode-1@group-523986131536->omNode-3-GrpcLogAppender: Leader has not got in touch with Follower omNode-1@group-523986131536->omNode-3(c-1,m0,n26, attendVote=true, lastRpcSendTime=108, lastRpcResponseTime=19553) yet, just keep nextIndex unchanged and retry.
2021-01-12 11:01:17,858 [grpc-default-executor-0] WARN  server.GrpcLogAppender (LogUtils.java:warn(122)) - omNode-1@group-523986131536->omNode-3-AppendLogResponseHandler: Failed appendEntries: org.apache.ratis.thirdparty.io.grpc.StatusRuntimeException: UNAVAILABLE: io exception
2021-01-12 11:01:17,859 [grpc-default-executor-0] WARN  server.GrpcLogAppender (GrpcLogAppender.java:resetClient(111)) - omNode-1@group-523986131536->omNode-3-GrpcLogAppender: Leader has not got in touch with Follower omNode-1@group-523986131536->omNode-3(c-1,m0,n27, attendVote=true, lastRpcSendTime=9, lastRpcResponseTime=19563) yet, just keep nextIndex unchanged and retry.
2021-01-12 11:01:17,884 [grpc-default-executor-3] WARN  server.GrpcLogAppender (LogUtils.java:warn(122)) - omNode-1@group-523986131536->omNode-3-AppendLogResponseHandler: Failed appendEntries: org.apache.ratis.thirdparty.io.grpc.StatusRuntimeException: UNAVAILABLE: io exception
2021-01-12 11:01:17,884 [grpc-default-executor-3] WARN  server.GrpcLogAppender (GrpcLogAppender.java:resetClient(111)) - omNode-1@group-523986131536->omNode-3-GrpcLogAppender: Leader has not got in touch with Follower omNode-1@group-523986131536->omNode-3(c-1,m0,n28, attendVote=true, lastRpcSendTime=0, lastRpcResponseTime=19588) yet, just keep nextIndex unchanged and retry.
2021-01-12 11:01:17,889 [grpc-default-executor-3] WARN  server.GrpcLogAppender (LogUtils.java:warn(122)) - omNode-1@group-523986131536->omNode-3-AppendLogResponseHandler: Failed appendEntries: org.apache.ratis.thirdparty.io.grpc.StatusRuntimeException: UNAVAILABLE: io exception
2021-01-12 11:01:17,890 [grpc-default-executor-3] WARN  server.GrpcLogAppender (GrpcLogAppender.java:resetClient(111)) - omNode-1@group-523986131536->omNode-3-GrpcLogAppender: Leader has not got in touch with Follower omNode-1@group-523986131536->omNode-3(c-1,m0,n29, attendVote=true, lastRpcSendTime=6, lastRpcResponseTime=19594) yet, just keep nextIndex unchanged and retry.
2021-01-12 11:01:17,997 [grpc-default-executor-3] WARN  server.GrpcLogAppender (LogUtils.java:warn(122)) - omNode-1@group-523986131536->omNode-3-AppendLogResponseHandler: Failed appendEntries: org.apache.ratis.thirdparty.io.grpc.StatusRuntimeException: UNAVAILABLE: io exception
2021-01-12 11:01:17,999 [grpc-default-executor-3] WARN  server.GrpcLogAppender (GrpcLogAppender.java:resetClient(111)) - omNode-1@group-523986131536->omNode-3-GrpcLogAppender: Leader has not got in touch with Follower omNode-1@group-523986131536->omNode-3(c-1,m0,n30, attendVote=true, lastRpcSendTime=109, lastRpcResponseTime=19703) yet, just keep nextIndex unchanged and retry.
2021-01-12 11:01:18,004 [grpc-default-executor-3] WARN  server.GrpcLogAppender (LogUtils.java:warn(122)) - omNode-1@group-523986131536->omNode-3-AppendLogResponseHandler: Failed appendEntries: org.apache.ratis.thirdparty.io.grpc.StatusRuntimeException: UNAVAILABLE: io exception
2021-01-12 11:01:18,005 [grpc-default-executor-3] WARN  server.GrpcLogAppender (GrpcLogAppender.java:resetClient(111)) - omNode-1@group-523986131536->omNode-3-GrpcLogAppender: Leader has not got in touch with Follower omNode-1@group-523986131536->omNode-3(c-1,m0,n31, attendVote=true, lastRpcSendTime=4, lastRpcResponseTime=19709) yet, just keep nextIndex unchanged and retry.
2021-01-12 11:01:18,040 [grpc-default-executor-0] WARN  server.GrpcLogAppender (LogUtils.java:warn(122)) - omNode-1@group-523986131536->omNode-3-AppendLogResponseHandler: Failed appendEntries: org.apache.ratis.thirdparty.io.grpc.StatusRuntimeException: UNAVAILABLE: io exception
2021-01-12 11:01:18,041 [grpc-default-executor-0] WARN  server.GrpcLogAppender (GrpcLogAppender.java:resetClient(111)) - omNode-1@group-523986131536->omNode-3-GrpcLogAppender: Leader has not got in touch with Follower omNode-1@group-523986131536->omNode-3(c-1,m0,n32, attendVote=true, lastRpcSendTime=35, lastRpcResponseTime=19745) yet, just keep nextIndex unchanged and retry.
2021-01-12 11:01:18,049 [grpc-default-executor-0] WARN  server.GrpcLogAppender (LogUtils.java:warn(122)) - omNode-1@group-523986131536->omNode-3-AppendLogResponseHandler: Failed appendEntries: org.apache.ratis.thirdparty.io.grpc.StatusRuntimeException: UNAVAILABLE: io exception
2021-01-12 11:01:18,050 [grpc-default-executor-0] WARN  server.GrpcLogAppender (GrpcLogAppender.java:resetClient(111)) - omNode-1@group-523986131536->omNode-3-GrpcLogAppender: Leader has not got in touch with Follower omNode-1@group-523986131536->omNode-3(c-1,m0,n33, attendVote=true, lastRpcSendTime=0, lastRpcResponseTime=19754) yet, just keep nextIndex unchanged and retry.
2021-01-12 11:01:18,156 [grpc-default-executor-0] WARN  server.GrpcLogAppender (LogUtils.java:warn(122)) - omNode-1@group-523986131536->omNode-3-AppendLogResponseHandler: Failed appendEntries: org.apache.ratis.thirdparty.io.grpc.StatusRuntimeException: UNAVAILABLE: io exception
2021-01-12 11:01:18,156 [grpc-default-executor-0] WARN  server.GrpcLogAppender (GrpcLogAppender.java:resetClient(111)) - omNode-1@group-523986131536->omNode-3-GrpcLogAppender: Leader has not got in touch with Follower omNode-1@group-523986131536->omNode-3(c-1,m0,n34, attendVote=true, lastRpcSendTime=0, lastRpcResponseTime=19860) yet, just keep nextIndex unchanged and retry.
2021-01-12 11:01:18,161 [grpc-default-executor-0] WARN  server.GrpcLogAppender (LogUtils.java:warn(122)) - omNode-1@group-523986131536->omNode-3-AppendLogResponseHandler: Failed appendEntries: org.apache.ratis.thirdparty.io.grpc.StatusRuntimeException: UNAVAILABLE: io exception
2021-01-12 11:01:18,162 [grpc-default-executor-0] WARN  server.GrpcLogAppender (GrpcLogAppender.java:resetClient(111)) - omNode-1@group-523986131536->omNode-3-GrpcLogAppender: Leader has not got in touch with Follower omNode-1@group-523986131536->omNode-3(c-1,m0,n35, attendVote=true, lastRpcSendTime=0, lastRpcResponseTime=19866) yet, just keep nextIndex unchanged and retry.
2021-01-12 11:01:18,174 [grpc-default-executor-3] WARN  server.GrpcLogAppender (LogUtils.java:warn(122)) - omNode-1@group-523986131536->omNode-3-AppendLogResponseHandler: Failed appendEntries: org.apache.ratis.thirdparty.io.grpc.StatusRuntimeException: UNAVAILABLE: io exception
2021-01-12 11:01:18,175 [grpc-default-executor-3] WARN  server.GrpcLogAppender (GrpcLogAppender.java:resetClient(111)) - omNode-1@group-523986131536->omNode-3-GrpcLogAppender: Leader has not got in touch with Follower omNode-1@group-523986131536->omNode-3(c-1,m0,n36, attendVote=true, lastRpcSendTime=0, lastRpcResponseTime=19879) yet, just keep nextIndex unchanged and retry.
2021-01-12 11:01:18,184 [grpc-default-executor-3] WARN  server.GrpcLogAppender (LogUtils.java:warn(122)) - omNode-1@group-523986131536->omNode-3-AppendLogResponseHandler: Failed appendEntries: org.apache.ratis.thirdparty.io.grpc.StatusRuntimeException: UNAVAILABLE: io exception
2021-01-12 11:01:18,184 [grpc-default-executor-3] WARN  server.GrpcLogAppender (GrpcLogAppender.java:resetClient(111)) - omNode-1@group-523986131536->omNode-3-GrpcLogAppender: Leader has not got in touch with Follower omNode-1@group-523986131536->omNode-3(c-1,m0,n37, attendVote=true, lastRpcSendTime=0, lastRpcResponseTime=19888) yet, just keep nextIndex unchanged and retry.
2021-01-12 11:01:18,290 [grpc-default-executor-3] WARN  server.GrpcLogAppender (LogUtils.java:warn(122)) - omNode-1@group-523986131536->omNode-3-AppendLogResponseHandler: Failed appendEntries: org.apache.ratis.thirdparty.io.grpc.StatusRuntimeException: UNAVAILABLE: io exception
2021-01-12 11:01:18,291 [grpc-default-executor-3] WARN  server.GrpcLogAppender (GrpcLogAppender.java:resetClient(111)) - omNode-1@group-523986131536->omNode-3-GrpcLogAppender: Leader has not got in touch with Follower omNode-1@group-523986131536->omNode-3(c-1,m0,n38, attendVote=true, lastRpcSendTime=0, lastRpcResponseTime=19995) yet, just keep nextIndex unchanged and retry.
2021-01-12 11:01:18,294 [grpc-default-executor-3] WARN  server.GrpcLogAppender (LogUtils.java:warn(122)) - omNode-1@group-523986131536->omNode-3-AppendLogResponseHandler: Failed appendEntries: org.apache.ratis.thirdparty.io.grpc.StatusRuntimeException: UNAVAILABLE: io exception
2021-01-12 11:01:18,295 [grpc-default-executor-3] WARN  server.GrpcLogAppender (GrpcLogAppender.java:resetClient(111)) - omNode-1@group-523986131536->omNode-3-GrpcLogAppender: Leader has not got in touch with Follower omNode-1@group-523986131536->omNode-3(c-1,m0,n39, attendVote=true, lastRpcSendTime=5, lastRpcResponseTime=19999) yet, just keep nextIndex unchanged and retry.
2021-01-12 11:01:18,321 [grpc-default-executor-3] WARN  server.GrpcLogAppender (LogUtils.java:warn(122)) - omNode-1@group-523986131536->omNode-3-AppendLogResponseHandler: Failed appendEntries: org.apache.ratis.thirdparty.io.grpc.StatusRuntimeException: UNAVAILABLE: io exception
2021-01-12 11:01:18,322 [grpc-default-executor-3] WARN  server.GrpcLogAppender (GrpcLogAppender.java:resetClient(111)) - omNode-1@group-523986131536->omNode-3-GrpcLogAppender: Leader has not got in touch with Follower omNode-1@group-523986131536->omNode-3(c-1,m0,n40, attendVote=true, lastRpcSendTime=1, lastRpcResponseTime=20026) yet, just keep nextIndex unchanged and retry.
2021-01-12 11:01:18,331 [grpc-default-executor-3] WARN  server.GrpcLogAppender (LogUtils.java:warn(122)) - omNode-1@group-523986131536->omNode-3-AppendLogResponseHandler: Failed appendEntries: org.apache.ratis.thirdparty.io.grpc.StatusRuntimeException: UNAVAILABLE: io exception
2021-01-12 11:01:18,331 [grpc-default-executor-3] WARN  server.GrpcLogAppender (GrpcLogAppender.java:resetClient(111)) - omNode-1@group-523986131536->omNode-3-GrpcLogAppender: Leader has not got in touch with Follower omNode-1@group-523986131536->omNode-3(c-1,m0,n41, attendVote=true, lastRpcSendTime=1, lastRpcResponseTime=20035) yet, just keep nextIndex unchanged and retry.
2021-01-12 11:01:18,438 [grpc-default-executor-3] WARN  server.GrpcLogAppender (LogUtils.java:warn(122)) - omNode-1@group-523986131536->omNode-3-AppendLogResponseHandler: Failed appendEntries: org.apache.ratis.thirdparty.io.grpc.StatusRuntimeException: UNAVAILABLE: io exception
2021-01-12 11:01:18,438 [grpc-default-executor-3] WARN  server.GrpcLogAppender (GrpcLogAppender.java:resetClient(111)) - omNode-1@group-523986131536->omNode-3-GrpcLogAppender: Leader has not got in touch with Follower omNode-1@group-523986131536->omNode-3(c-1,m0,n42, attendVote=true, lastRpcSendTime=0, lastRpcResponseTime=20142) yet, just keep nextIndex unchanged and retry.
2021-01-12 11:01:18,444 [grpc-default-executor-3] WARN  server.GrpcLogAppender (LogUtils.java:warn(122)) - omNode-1@group-523986131536->omNode-3-AppendLogResponseHandler: Failed appendEntries: org.apache.ratis.thirdparty.io.grpc.StatusRuntimeException: UNAVAILABLE: io exception
2021-01-12 11:01:18,444 [grpc-default-executor-3] WARN  server.GrpcLogAppender (GrpcLogAppender.java:resetClient(111)) - omNode-1@group-523986131536->omNode-3-GrpcLogAppender: Leader has not got in touch with Follower omNode-1@group-523986131536->omNode-3(c-1,m0,n43, attendVote=true, lastRpcSendTime=0, lastRpcResponseTime=20148) yet, just keep nextIndex unchanged and retry.
2021-01-12 11:01:18,465 [grpc-default-executor-3] WARN  server.GrpcLogAppender (LogUtils.java:warn(122)) - omNode-1@group-523986131536->omNode-3-AppendLogResponseHandler: Failed appendEntries: org.apache.ratis.thirdparty.io.grpc.StatusRuntimeException: UNAVAILABLE: io exception
2021-01-12 11:01:18,466 [grpc-default-executor-3] WARN  server.GrpcLogAppender (GrpcLogAppender.java:resetClient(111)) - omNode-1@group-523986131536->omNode-3-GrpcLogAppender: Leader has not got in touch with Follower omNode-1@group-523986131536->omNode-3(c-1,m0,n45, attendVote=true, lastRpcSendTime=22, lastRpcResponseTime=20170) yet, just keep nextIndex unchanged and retry.
2021-01-12 11:01:18,481 [EventQueue-Delayed safe mode statusForReplicationManager] INFO  container.ReplicationManager (ReplicationManager.java:start(186)) - Starting Replication Monitor Thread.
2021-01-12 11:01:18,482 [ReplicationMonitor] INFO  container.ReplicationManager (ReplicationManager.java:run(250)) - Replication Monitor Thread took 2 milliseconds for processing 2 containers.
2021-01-12 11:01:18,568 [grpc-default-executor-0] WARN  server.GrpcLogAppender (LogUtils.java:warn(122)) - omNode-1@group-523986131536->omNode-3-AppendLogResponseHandler: Failed appendEntries: org.apache.ratis.thirdparty.io.grpc.StatusRuntimeException: UNAVAILABLE: io exception
2021-01-12 11:01:18,569 [grpc-default-executor-0] WARN  server.GrpcLogAppender (GrpcLogAppender.java:resetClient(111)) - omNode-1@group-523986131536->omNode-3-GrpcLogAppender: Leader has not got in touch with Follower omNode-1@group-523986131536->omNode-3(c-1,m0,n46, attendVote=true, lastRpcSendTime=103, lastRpcResponseTime=20273) yet, just keep nextIndex unchanged and retry.
2021-01-12 11:01:18,573 [grpc-default-executor-0] WARN  server.GrpcLogAppender (LogUtils.java:warn(122)) - omNode-1@group-523986131536->omNode-3-AppendLogResponseHandler: Failed appendEntries: org.apache.ratis.thirdparty.io.grpc.StatusRuntimeException: UNAVAILABLE: io exception
2021-01-12 11:01:18,574 [grpc-default-executor-0] WARN  server.GrpcLogAppender (GrpcLogAppender.java:resetClient(111)) - omNode-1@group-523986131536->omNode-3-GrpcLogAppender: Leader has not got in touch with Follower omNode-1@group-523986131536->omNode-3(c-1,m0,n47, attendVote=true, lastRpcSendTime=4, lastRpcResponseTime=20278) yet, just keep nextIndex unchanged and retry.
2021-01-12 11:01:18,588 [grpc-default-executor-0] WARN  server.GrpcLogAppender (LogUtils.java:warn(122)) - omNode-1@group-523986131536->omNode-3-AppendLogResponseHandler: Failed appendEntries: org.apache.ratis.thirdparty.io.grpc.StatusRuntimeException: UNAVAILABLE: io exception
2021-01-12 11:01:18,588 [grpc-default-executor-0] WARN  server.GrpcLogAppender (GrpcLogAppender.java:resetClient(111)) - omNode-1@group-523986131536->omNode-3-GrpcLogAppender: Leader has not got in touch with Follower omNode-1@group-523986131536->omNode-3(c-1,m0,n48, attendVote=true, lastRpcSendTime=0, lastRpcResponseTime=20293) yet, just keep nextIndex unchanged and retry.
2021-01-12 11:01:18,595 [grpc-default-executor-0] WARN  server.GrpcLogAppender (LogUtils.java:warn(122)) - omNode-1@group-523986131536->omNode-3-AppendLogResponseHandler: Failed appendEntries: org.apache.ratis.thirdparty.io.grpc.StatusRuntimeException: UNAVAILABLE: io exception
2021-01-12 11:01:18,595 [grpc-default-executor-0] WARN  server.GrpcLogAppender (GrpcLogAppender.java:resetClient(111)) - omNode-1@group-523986131536->omNode-3-GrpcLogAppender: Leader has not got in touch with Follower omNode-1@group-523986131536->omNode-3(c-1,m0,n49, attendVote=true, lastRpcSendTime=0, lastRpcResponseTime=20299) yet, just keep nextIndex unchanged and retry.
2021-01-12 11:01:18,702 [grpc-default-executor-0] WARN  server.GrpcLogAppender (LogUtils.java:warn(122)) - omNode-1@group-523986131536->omNode-3-AppendLogResponseHandler: Failed appendEntries: org.apache.ratis.thirdparty.io.grpc.StatusRuntimeException: UNAVAILABLE: io exception
2021-01-12 11:01:18,703 [grpc-default-executor-0] WARN  server.GrpcLogAppender (GrpcLogAppender.java:resetClient(111)) - omNode-1@group-523986131536->omNode-3-GrpcLogAppender: Leader has not got in touch with Follower omNode-1@group-523986131536->omNode-3(c-1,m0,n50, attendVote=true, lastRpcSendTime=0, lastRpcResponseTime=20407) yet, just keep nextIndex unchanged and retry.
2021-01-12 11:01:18,705 [grpc-default-executor-1] WARN  server.GrpcLogAppender (LogUtils.java:warn(122)) - omNode-1@group-523986131536->omNode-3-AppendLogResponseHandler: Failed appendEntries: org.apache.ratis.thirdparty.io.grpc.StatusRuntimeException: UNAVAILABLE: io exception
2021-01-12 11:01:18,706 [grpc-default-executor-1] WARN  server.GrpcLogAppender (GrpcLogAppender.java:resetClient(111)) - omNode-1@group-523986131536->omNode-3-GrpcLogAppender: Leader has not got in touch with Follower omNode-1@group-523986131536->omNode-3(c-1,m0,n51, attendVote=true, lastRpcSendTime=0, lastRpcResponseTime=20410) yet, just keep nextIndex unchanged and retry.
2021-01-12 11:01:18,707 [omNode-1@group-523986131536-StateMachineUpdater] INFO  ratis.OzoneManagerStateMachine (OzoneManagerStateMachine.java:takeSnapshot(345)) - Current Snapshot Index (t:2, i:48)
2021-01-12 11:01:18,709 [omNode-1@group-523986131536-StateMachineUpdater] INFO  impl.StateMachineUpdater (StateMachineUpdater.java:takeSnapshot(279)) - omNode-1@group-523986131536-StateMachineUpdater: Took a snapshot at index 48
2021-01-12 11:01:18,709 [omNode-1@group-523986131536-StateMachineUpdater] INFO  impl.StateMachineUpdater (StateMachineUpdater.java:lambda$new$0(88)) - omNode-1@group-523986131536-StateMachineUpdater: snapshotIndex: updateIncreasingly -1 -> 48
2021-01-12 11:01:18,717 [omNode-2@group-523986131536-StateMachineUpdater] INFO  ratis.OzoneManagerStateMachine (OzoneManagerStateMachine.java:takeSnapshot(345)) - Current Snapshot Index (t:2, i:49)
2021-01-12 11:01:18,717 [omNode-2@group-523986131536-StateMachineUpdater] INFO  impl.StateMachineUpdater (StateMachineUpdater.java:takeSnapshot(279)) - omNode-2@group-523986131536-StateMachineUpdater: Took a snapshot at index 49
2021-01-12 11:01:18,717 [omNode-2@group-523986131536-StateMachineUpdater] INFO  impl.StateMachineUpdater (StateMachineUpdater.java:lambda$new$0(88)) - omNode-2@group-523986131536-StateMachineUpdater: snapshotIndex: updateIncreasingly -1 -> 49
2021-01-12 11:01:18,718 [omNode-2@group-523986131536-StateMachineUpdater] INFO  raftlog.RaftLog (RaftLogBase.java:purge(306)) - omNode-2@group-523986131536-SegmentedRaftLog: purge 49
2021-01-12 11:01:18,718 [omNode-2@group-523986131536-StateMachineUpdater] INFO  raftlog.RaftLog (RaftLogBase.java:lambda$new$0(53)) - omNode-2@group-523986131536-SegmentedRaftLog: snapshotIndex: updateIncreasingly -1 -> 49
2021-01-12 11:01:18,719 [omNode-2@group-523986131536-StateMachineUpdater] INFO  raftlog.RaftLog (RaftLogBase.java:lambda$new$0(53)) - omNode-2@group-523986131536-SegmentedRaftLog: purgeIndex: updateToMax old=-1, new=49, updated? true
2021-01-12 11:01:18,724 [grpc-default-executor-3] WARN  server.GrpcLogAppender (LogUtils.java:warn(122)) - omNode-1@group-523986131536->omNode-3-AppendLogResponseHandler: Failed appendEntries: org.apache.ratis.thirdparty.io.grpc.StatusRuntimeException: UNAVAILABLE: io exception
2021-01-12 11:01:18,725 [grpc-default-executor-3] WARN  server.GrpcLogAppender (GrpcLogAppender.java:resetClient(111)) - omNode-1@group-523986131536->omNode-3-GrpcLogAppender: Leader has not got in touch with Follower omNode-1@group-523986131536->omNode-3(c-1,m0,n52, attendVote=true, lastRpcSendTime=19, lastRpcResponseTime=20429) yet, just keep nextIndex unchanged and retry.
2021-01-12 11:01:18,732 [grpc-default-executor-3] WARN  server.GrpcLogAppender (LogUtils.java:warn(122)) - omNode-1@group-523986131536->omNode-3-AppendLogResponseHandler: Failed appendEntries: org.apache.ratis.thirdparty.io.grpc.StatusRuntimeException: UNAVAILABLE: io exception
2021-01-12 11:01:18,733 [grpc-default-executor-3] WARN  server.GrpcLogAppender (GrpcLogAppender.java:resetClient(111)) - omNode-1@group-523986131536->omNode-3-GrpcLogAppender: Leader has not got in touch with Follower omNode-1@group-523986131536->omNode-3(c-1,m0,n53, attendVote=true, lastRpcSendTime=8, lastRpcResponseTime=20437) yet, just keep nextIndex unchanged and retry.
2021-01-12 11:01:18,840 [grpc-default-executor-3] WARN  server.GrpcLogAppender (LogUtils.java:warn(122)) - omNode-1@group-523986131536->omNode-3-AppendLogResponseHandler: Failed appendEntries: org.apache.ratis.thirdparty.io.grpc.StatusRuntimeException: UNAVAILABLE: io exception
2021-01-12 11:01:18,840 [grpc-default-executor-3] WARN  server.GrpcLogAppender (GrpcLogAppender.java:resetClient(111)) - omNode-1@group-523986131536->omNode-3-GrpcLogAppender: Leader has not got in touch with Follower omNode-1@group-523986131536->omNode-3(c-1,m0,n54, attendVote=true, lastRpcSendTime=0, lastRpcResponseTime=20544) yet, just keep nextIndex unchanged and retry.
2021-01-12 11:01:18,845 [grpc-default-executor-3] WARN  server.GrpcLogAppender (LogUtils.java:warn(122)) - omNode-1@group-523986131536->omNode-3-AppendLogResponseHandler: Failed appendEntries: org.apache.ratis.thirdparty.io.grpc.StatusRuntimeException: UNAVAILABLE: io exception
2021-01-12 11:01:18,845 [grpc-default-executor-3] WARN  server.GrpcLogAppender (GrpcLogAppender.java:resetClient(111)) - omNode-1@group-523986131536->omNode-3-GrpcLogAppender: Leader has not got in touch with Follower omNode-1@group-523986131536->omNode-3(c-1,m0,n55, attendVote=true, lastRpcSendTime=5, lastRpcResponseTime=20549) yet, just keep nextIndex unchanged and retry.
2021-01-12 11:01:18,861 [grpc-default-executor-0] WARN  server.GrpcLogAppender (LogUtils.java:warn(122)) - omNode-1@group-523986131536->omNode-3-AppendLogResponseHandler: Failed appendEntries: org.apache.ratis.thirdparty.io.grpc.StatusRuntimeException: UNAVAILABLE: io exception
2021-01-12 11:01:18,861 [grpc-default-executor-0] WARN  server.GrpcLogAppender (GrpcLogAppender.java:resetClient(111)) - omNode-1@group-523986131536->omNode-3-GrpcLogAppender: Leader has not got in touch with Follower omNode-1@group-523986131536->omNode-3(c-1,m0,n56, attendVote=true, lastRpcSendTime=0, lastRpcResponseTime=20566) yet, just keep nextIndex unchanged and retry.
2021-01-12 11:01:18,864 [grpc-default-executor-3] WARN  server.GrpcLogAppender (LogUtils.java:warn(122)) - omNode-1@group-523986131536->omNode-3-AppendLogResponseHandler: Failed appendEntries: org.apache.ratis.thirdparty.io.grpc.StatusRuntimeException: UNAVAILABLE: io exception
2021-01-12 11:01:18,864 [grpc-default-executor-3] WARN  server.GrpcLogAppender (GrpcLogAppender.java:resetClient(111)) - omNode-1@group-523986131536->omNode-3-GrpcLogAppender: Leader has not got in touch with Follower omNode-1@group-523986131536->omNode-3(c-1,m0,n57, attendVote=true, lastRpcSendTime=3, lastRpcResponseTime=20569) yet, just keep nextIndex unchanged and retry.
2021-01-12 11:01:18,970 [grpc-default-executor-3] WARN  server.GrpcLogAppender (LogUtils.java:warn(122)) - omNode-1@group-523986131536->omNode-3-AppendLogResponseHandler: Failed appendEntries: org.apache.ratis.thirdparty.io.grpc.StatusRuntimeException: UNAVAILABLE: io exception
2021-01-12 11:01:18,971 [grpc-default-executor-3] WARN  server.GrpcLogAppender (GrpcLogAppender.java:resetClient(111)) - omNode-1@group-523986131536->omNode-3-GrpcLogAppender: Leader has not got in touch with Follower omNode-1@group-523986131536->omNode-3(c-1,m0,n58, attendVote=true, lastRpcSendTime=0, lastRpcResponseTime=20675) yet, just keep nextIndex unchanged and retry.
2021-01-12 11:01:18,977 [grpc-default-executor-3] WARN  server.GrpcLogAppender (LogUtils.java:warn(122)) - omNode-1@group-523986131536->omNode-3-AppendLogResponseHandler: Failed appendEntries: org.apache.ratis.thirdparty.io.grpc.StatusRuntimeException: UNAVAILABLE: io exception
2021-01-12 11:01:18,978 [grpc-default-executor-3] WARN  server.GrpcLogAppender (GrpcLogAppender.java:resetClient(111)) - omNode-1@group-523986131536->omNode-3-GrpcLogAppender: Leader has not got in touch with Follower omNode-1@group-523986131536->omNode-3(c-1,m0,n59, attendVote=true, lastRpcSendTime=7, lastRpcResponseTime=20682) yet, just keep nextIndex unchanged and retry.
2021-01-12 11:01:18,998 [grpc-default-executor-0] WARN  server.GrpcLogAppender (LogUtils.java:warn(122)) - omNode-1@group-523986131536->omNode-3-AppendLogResponseHandler: Failed appendEntries: org.apache.ratis.thirdparty.io.grpc.StatusRuntimeException: UNAVAILABLE: io exception
2021-01-12 11:01:18,998 [grpc-default-executor-0] WARN  server.GrpcLogAppender (GrpcLogAppender.java:resetClient(111)) - omNode-1@group-523986131536->omNode-3-GrpcLogAppender: Leader has not got in touch with Follower omNode-1@group-523986131536->omNode-3(c-1,m0,n60, attendVote=true, lastRpcSendTime=20, lastRpcResponseTime=20702) yet, just keep nextIndex unchanged and retry.
2021-01-12 11:01:19,003 [grpc-default-executor-0] WARN  server.GrpcLogAppender (LogUtils.java:warn(122)) - omNode-1@group-523986131536->omNode-3-AppendLogResponseHandler: Failed appendEntries: org.apache.ratis.thirdparty.io.grpc.StatusRuntimeException: UNAVAILABLE: io exception
2021-01-12 11:01:19,004 [grpc-default-executor-0] WARN  server.GrpcLogAppender (GrpcLogAppender.java:resetClient(111)) - omNode-1@group-523986131536->omNode-3-GrpcLogAppender: Leader has not got in touch with Follower omNode-1@group-523986131536->omNode-3(c-1,m0,n61, attendVote=true, lastRpcSendTime=5, lastRpcResponseTime=20708) yet, just keep nextIndex unchanged and retry.
2021-01-12 11:01:19,110 [grpc-default-executor-0] WARN  server.GrpcLogAppender (LogUtils.java:warn(122)) - omNode-1@group-523986131536->omNode-3-AppendLogResponseHandler: Failed appendEntries: org.apache.ratis.thirdparty.io.grpc.StatusRuntimeException: UNAVAILABLE: io exception
2021-01-12 11:01:19,111 [grpc-default-executor-0] WARN  server.GrpcLogAppender (GrpcLogAppender.java:resetClient(111)) - omNode-1@group-523986131536->omNode-3-GrpcLogAppender: Leader has not got in touch with Follower omNode-1@group-523986131536->omNode-3(c-1,m0,n62, attendVote=true, lastRpcSendTime=106, lastRpcResponseTime=20815) yet, just keep nextIndex unchanged and retry.
2021-01-12 11:01:19,115 [grpc-default-executor-0] WARN  server.GrpcLogAppender (LogUtils.java:warn(122)) - omNode-1@group-523986131536->omNode-3-AppendLogResponseHandler: Failed appendEntries: org.apache.ratis.thirdparty.io.grpc.StatusRuntimeException: UNAVAILABLE: io exception
2021-01-12 11:01:19,116 [grpc-default-executor-0] WARN  server.GrpcLogAppender (GrpcLogAppender.java:resetClient(111)) - omNode-1@group-523986131536->omNode-3-GrpcLogAppender: Leader has not got in touch with Follower omNode-1@group-523986131536->omNode-3(c-1,m0,n63, attendVote=true, lastRpcSendTime=0, lastRpcResponseTime=20820) yet, just keep nextIndex unchanged and retry.
2021-01-12 11:01:19,129 [grpc-default-executor-3] WARN  server.GrpcLogAppender (LogUtils.java:warn(122)) - omNode-1@group-523986131536->omNode-3-AppendLogResponseHandler: Failed appendEntries: org.apache.ratis.thirdparty.io.grpc.StatusRuntimeException: UNAVAILABLE: io exception
2021-01-12 11:01:19,129 [grpc-default-executor-3] WARN  server.GrpcLogAppender (GrpcLogAppender.java:resetClient(111)) - omNode-1@group-523986131536->omNode-3-GrpcLogAppender: Leader has not got in touch with Follower omNode-1@group-523986131536->omNode-3(c-1,m0,n64, attendVote=true, lastRpcSendTime=0, lastRpcResponseTime=20833) yet, just keep nextIndex unchanged and retry.
2021-01-12 11:01:19,135 [grpc-default-executor-0] WARN  server.GrpcLogAppender (LogUtils.java:warn(122)) - omNode-1@group-523986131536->omNode-3-AppendLogResponseHandler: Failed appendEntries: org.apache.ratis.thirdparty.io.grpc.StatusRuntimeException: UNAVAILABLE: io exception
2021-01-12 11:01:19,135 [grpc-default-executor-0] WARN  server.GrpcLogAppender (GrpcLogAppender.java:resetClient(111)) - omNode-1@group-523986131536->omNode-3-GrpcLogAppender: Leader has not got in touch with Follower omNode-1@group-523986131536->omNode-3(c-1,m0,n65, attendVote=true, lastRpcSendTime=0, lastRpcResponseTime=20839) yet, just keep nextIndex unchanged and retry.
2021-01-12 11:01:19,240 [grpc-default-executor-0] WARN  server.GrpcLogAppender (LogUtils.java:warn(122)) - omNode-1@group-523986131536->omNode-3-AppendLogResponseHandler: Failed appendEntries: org.apache.ratis.thirdparty.io.grpc.StatusRuntimeException: UNAVAILABLE: io exception
2021-01-12 11:01:19,241 [grpc-default-executor-0] WARN  server.GrpcLogAppender (GrpcLogAppender.java:resetClient(111)) - omNode-1@group-523986131536->omNode-3-GrpcLogAppender: Leader has not got in touch with Follower omNode-1@group-523986131536->omNode-3(c-1,m0,n66, attendVote=true, lastRpcSendTime=1, lastRpcResponseTime=20946) yet, just keep nextIndex unchanged and retry.
2021-01-12 11:01:19,244 [grpc-default-executor-3] WARN  server.GrpcLogAppender (LogUtils.java:warn(122)) - omNode-1@group-523986131536->omNode-3-AppendLogResponseHandler: Failed appendEntries: org.apache.ratis.thirdparty.io.grpc.StatusRuntimeException: UNAVAILABLE: io exception
2021-01-12 11:01:19,244 [grpc-default-executor-3] WARN  server.GrpcLogAppender (GrpcLogAppender.java:resetClient(111)) - omNode-1@group-523986131536->omNode-3-GrpcLogAppender: Leader has not got in touch with Follower omNode-1@group-523986131536->omNode-3(c-1,m0,n67, attendVote=true, lastRpcSendTime=4, lastRpcResponseTime=20948) yet, just keep nextIndex unchanged and retry.
2021-01-12 11:01:19,269 [grpc-default-executor-1] WARN  server.GrpcLogAppender (LogUtils.java:warn(122)) - omNode-1@group-523986131536->omNode-3-AppendLogResponseHandler: Failed appendEntries: org.apache.ratis.thirdparty.io.grpc.StatusRuntimeException: UNAVAILABLE: io exception
2021-01-12 11:01:19,269 [grpc-default-executor-1] WARN  server.GrpcLogAppender (GrpcLogAppender.java:resetClient(111)) - omNode-1@group-523986131536->omNode-3-GrpcLogAppender: Leader has not got in touch with Follower omNode-1@group-523986131536->omNode-3(c-1,m0,n68, attendVote=true, lastRpcSendTime=0, lastRpcResponseTime=20973) yet, just keep nextIndex unchanged and retry.
2021-01-12 11:01:19,275 [grpc-default-executor-3] WARN  server.GrpcLogAppender (LogUtils.java:warn(122)) - omNode-1@group-523986131536->omNode-3-AppendLogResponseHandler: Failed appendEntries: org.apache.ratis.thirdparty.io.grpc.StatusRuntimeException: UNAVAILABLE: io exception
2021-01-12 11:01:19,276 [grpc-default-executor-3] WARN  server.GrpcLogAppender (GrpcLogAppender.java:resetClient(111)) - omNode-1@group-523986131536->omNode-3-GrpcLogAppender: Leader has not got in touch with Follower omNode-1@group-523986131536->omNode-3(c-1,m0,n69, attendVote=true, lastRpcSendTime=0, lastRpcResponseTime=20980) yet, just keep nextIndex unchanged and retry.
2021-01-12 11:01:19,381 [grpc-default-executor-3] WARN  server.GrpcLogAppender (LogUtils.java:warn(122)) - omNode-1@group-523986131536->omNode-3-AppendLogResponseHandler: Failed appendEntries: org.apache.ratis.thirdparty.io.grpc.StatusRuntimeException: UNAVAILABLE: io exception
2021-01-12 11:01:19,382 [grpc-default-executor-3] WARN  server.GrpcLogAppender (GrpcLogAppender.java:resetClient(111)) - omNode-1@group-523986131536->omNode-3-GrpcLogAppender: Leader has not got in touch with Follower omNode-1@group-523986131536->omNode-3(c-1,m0,n70, attendVote=true, lastRpcSendTime=106, lastRpcResponseTime=21086) yet, just keep nextIndex unchanged and retry.
2021-01-12 11:01:19,394 [grpc-default-executor-3] WARN  server.GrpcLogAppender (LogUtils.java:warn(122)) - omNode-1@group-523986131536->omNode-3-AppendLogResponseHandler: Failed appendEntries: org.apache.ratis.thirdparty.io.grpc.StatusRuntimeException: UNAVAILABLE: io exception
2021-01-12 11:01:19,394 [grpc-default-executor-3] WARN  server.GrpcLogAppender (GrpcLogAppender.java:resetClient(111)) - omNode-1@group-523986131536->omNode-3-GrpcLogAppender: Leader has not got in touch with Follower omNode-1@group-523986131536->omNode-3(c-1,m0,n71, attendVote=true, lastRpcSendTime=11, lastRpcResponseTime=21099) yet, just keep nextIndex unchanged and retry.
2021-01-12 11:01:19,415 [grpc-default-executor-3] WARN  server.GrpcLogAppender (LogUtils.java:warn(122)) - omNode-1@group-523986131536->omNode-3-AppendLogResponseHandler: Failed appendEntries: org.apache.ratis.thirdparty.io.grpc.StatusRuntimeException: UNAVAILABLE: io exception
2021-01-12 11:01:19,415 [grpc-default-executor-3] WARN  server.GrpcLogAppender (GrpcLogAppender.java:resetClient(111)) - omNode-1@group-523986131536->omNode-3-GrpcLogAppender: Leader has not got in touch with Follower omNode-1@group-523986131536->omNode-3(c-1,m0,n72, attendVote=true, lastRpcSendTime=0, lastRpcResponseTime=21119) yet, just keep nextIndex unchanged and retry.
2021-01-12 11:01:19,418 [grpc-default-executor-3] WARN  server.GrpcLogAppender (LogUtils.java:warn(122)) - omNode-1@group-523986131536->omNode-3-AppendLogResponseHandler: Failed appendEntries: org.apache.ratis.thirdparty.io.grpc.StatusRuntimeException: UNAVAILABLE: io exception
2021-01-12 11:01:19,419 [grpc-default-executor-3] WARN  server.GrpcLogAppender (GrpcLogAppender.java:resetClient(111)) - omNode-1@group-523986131536->omNode-3-GrpcLogAppender: Leader has not got in touch with Follower omNode-1@group-523986131536->omNode-3(c-1,m0,n73, attendVote=true, lastRpcSendTime=4, lastRpcResponseTime=21123) yet, just keep nextIndex unchanged and retry.
2021-01-12 11:01:19,523 [grpc-default-executor-3] WARN  server.GrpcLogAppender (LogUtils.java:warn(122)) - omNode-1@group-523986131536->omNode-3-AppendLogResponseHandler: Failed appendEntries: org.apache.ratis.thirdparty.io.grpc.StatusRuntimeException: UNAVAILABLE: io exception
2021-01-12 11:01:19,524 [grpc-default-executor-3] WARN  server.GrpcLogAppender (GrpcLogAppender.java:resetClient(111)) - omNode-1@group-523986131536->omNode-3-GrpcLogAppender: Leader has not got in touch with Follower omNode-1@group-523986131536->omNode-3(c-1,m0,n74, attendVote=true, lastRpcSendTime=0, lastRpcResponseTime=21228) yet, just keep nextIndex unchanged and retry.
2021-01-12 11:01:19,533 [grpc-default-executor-3] WARN  server.GrpcLogAppender (LogUtils.java:warn(122)) - omNode-1@group-523986131536->omNode-3-AppendLogResponseHandler: Failed appendEntries: org.apache.ratis.thirdparty.io.grpc.StatusRuntimeException: UNAVAILABLE: io exception
2021-01-12 11:01:19,533 [grpc-default-executor-3] WARN  server.GrpcLogAppender (GrpcLogAppender.java:resetClient(111)) - omNode-1@group-523986131536->omNode-3-GrpcLogAppender: Leader has not got in touch with Follower omNode-1@group-523986131536->omNode-3(c-1,m0,n75, attendVote=true, lastRpcSendTime=1, lastRpcResponseTime=21237) yet, just keep nextIndex unchanged and retry.
2021-01-12 11:01:19,549 [grpc-default-executor-0] WARN  server.GrpcLogAppender (LogUtils.java:warn(122)) - omNode-1@group-523986131536->omNode-3-AppendLogResponseHandler: Failed appendEntries: org.apache.ratis.thirdparty.io.grpc.StatusRuntimeException: UNAVAILABLE: io exception
2021-01-12 11:01:19,549 [grpc-default-executor-0] WARN  server.GrpcLogAppender (GrpcLogAppender.java:resetClient(111)) - omNode-1@group-523986131536->omNode-3-GrpcLogAppender: Leader has not got in touch with Follower omNode-1@group-523986131536->omNode-3(c-1,m0,n76, attendVote=true, lastRpcSendTime=0, lastRpcResponseTime=21254) yet, just keep nextIndex unchanged and retry.
2021-01-12 11:01:19,554 [grpc-default-executor-0] WARN  server.GrpcLogAppender (LogUtils.java:warn(122)) - omNode-1@group-523986131536->omNode-3-AppendLogResponseHandler: Failed appendEntries: org.apache.ratis.thirdparty.io.grpc.StatusRuntimeException: UNAVAILABLE: io exception
2021-01-12 11:01:19,554 [grpc-default-executor-0] WARN  server.GrpcLogAppender (GrpcLogAppender.java:resetClient(111)) - omNode-1@group-523986131536->omNode-3-GrpcLogAppender: Leader has not got in touch with Follower omNode-1@group-523986131536->omNode-3(c-1,m0,n77, attendVote=true, lastRpcSendTime=1, lastRpcResponseTime=21259) yet, just keep nextIndex unchanged and retry.
2021-01-12 11:01:19,660 [grpc-default-executor-0] WARN  server.GrpcLogAppender (LogUtils.java:warn(122)) - omNode-1@group-523986131536->omNode-3-AppendLogResponseHandler: Failed appendEntries: org.apache.ratis.thirdparty.io.grpc.StatusRuntimeException: UNAVAILABLE: io exception
2021-01-12 11:01:19,660 [grpc-default-executor-0] WARN  server.GrpcLogAppender (GrpcLogAppender.java:resetClient(111)) - omNode-1@group-523986131536->omNode-3-GrpcLogAppender: Leader has not got in touch with Follower omNode-1@group-523986131536->omNode-3(c-1,m0,n78, attendVote=true, lastRpcSendTime=0, lastRpcResponseTime=21364) yet, just keep nextIndex unchanged and retry.
2021-01-12 11:01:19,666 [grpc-default-executor-0] WARN  server.GrpcLogAppender (LogUtils.java:warn(122)) - omNode-1@group-523986131536->omNode-3-AppendLogResponseHandler: Failed appendEntries: org.apache.ratis.thirdparty.io.grpc.StatusRuntimeException: UNAVAILABLE: io exception
2021-01-12 11:01:19,667 [grpc-default-executor-0] WARN  server.GrpcLogAppender (GrpcLogAppender.java:resetClient(111)) - omNode-1@group-523986131536->omNode-3-GrpcLogAppender: Leader has not got in touch with Follower omNode-1@group-523986131536->omNode-3(c-1,m0,n79, attendVote=true, lastRpcSendTime=7, lastRpcResponseTime=21371) yet, just keep nextIndex unchanged and retry.
2021-01-12 11:01:19,683 [grpc-default-executor-0] WARN  server.GrpcLogAppender (LogUtils.java:warn(122)) - omNode-1@group-523986131536->omNode-3-AppendLogResponseHandler: Failed appendEntries: org.apache.ratis.thirdparty.io.grpc.StatusRuntimeException: UNAVAILABLE: io exception
2021-01-12 11:01:19,684 [grpc-default-executor-0] WARN  server.GrpcLogAppender (GrpcLogAppender.java:resetClient(111)) - omNode-1@group-523986131536->omNode-3-GrpcLogAppender: Leader has not got in touch with Follower omNode-1@group-523986131536->omNode-3(c-1,m0,n80, attendVote=true, lastRpcSendTime=17, lastRpcResponseTime=21388) yet, just keep nextIndex unchanged and retry.
2021-01-12 11:01:19,702 [grpc-default-executor-0] WARN  server.GrpcLogAppender (LogUtils.java:warn(122)) - omNode-1@group-523986131536->omNode-3-AppendLogResponseHandler: Failed appendEntries: org.apache.ratis.thirdparty.io.grpc.StatusRuntimeException: UNAVAILABLE: io exception
2021-01-12 11:01:19,703 [grpc-default-executor-0] WARN  server.GrpcLogAppender (GrpcLogAppender.java:resetClient(111)) - omNode-1@group-523986131536->omNode-3-GrpcLogAppender: Leader has not got in touch with Follower omNode-1@group-523986131536->omNode-3(c-1,m0,n81, attendVote=true, lastRpcSendTime=18, lastRpcResponseTime=21407) yet, just keep nextIndex unchanged and retry.
2021-01-12 11:01:19,810 [grpc-default-executor-0] WARN  server.GrpcLogAppender (LogUtils.java:warn(122)) - omNode-1@group-523986131536->omNode-3-AppendLogResponseHandler: Failed appendEntries: org.apache.ratis.thirdparty.io.grpc.StatusRuntimeException: UNAVAILABLE: io exception
2021-01-12 11:01:19,811 [grpc-default-executor-0] WARN  server.GrpcLogAppender (GrpcLogAppender.java:resetClient(111)) - omNode-1@group-523986131536->omNode-3-GrpcLogAppender: Leader has not got in touch with Follower omNode-1@group-523986131536->omNode-3(c-1,m0,n82, attendVote=true, lastRpcSendTime=107, lastRpcResponseTime=21515) yet, just keep nextIndex unchanged and retry.
2021-01-12 11:01:19,815 [grpc-default-executor-1] WARN  server.GrpcLogAppender (LogUtils.java:warn(122)) - omNode-1@group-523986131536->omNode-3-AppendLogResponseHandler: Failed appendEntries: org.apache.ratis.thirdparty.io.grpc.StatusRuntimeException: UNAVAILABLE: io exception
2021-01-12 11:01:19,815 [grpc-default-executor-1] WARN  server.GrpcLogAppender (GrpcLogAppender.java:resetClient(111)) - omNode-1@group-523986131536->omNode-3-GrpcLogAppender: Leader has not got in touch with Follower omNode-1@group-523986131536->omNode-3(c-1,m0,n83, attendVote=true, lastRpcSendTime=0, lastRpcResponseTime=21519) yet, just keep nextIndex unchanged and retry.
2021-01-12 11:01:19,831 [grpc-default-executor-1] WARN  server.GrpcLogAppender (LogUtils.java:warn(122)) - omNode-1@group-523986131536->omNode-3-AppendLogResponseHandler: Failed appendEntries: org.apache.ratis.thirdparty.io.grpc.StatusRuntimeException: UNAVAILABLE: io exception
2021-01-12 11:01:19,832 [grpc-default-executor-1] WARN  server.GrpcLogAppender (GrpcLogAppender.java:resetClient(111)) - omNode-1@group-523986131536->omNode-3-GrpcLogAppender: Leader has not got in touch with Follower omNode-1@group-523986131536->omNode-3(c-1,m0,n84, attendVote=true, lastRpcSendTime=0, lastRpcResponseTime=21536) yet, just keep nextIndex unchanged and retry.
2021-01-12 11:01:19,835 [grpc-default-executor-1] WARN  server.GrpcLogAppender (LogUtils.java:warn(122)) - omNode-1@group-523986131536->omNode-3-AppendLogResponseHandler: Failed appendEntries: org.apache.ratis.thirdparty.io.grpc.StatusRuntimeException: UNAVAILABLE: io exception
2021-01-12 11:01:19,835 [grpc-default-executor-1] WARN  server.GrpcLogAppender (GrpcLogAppender.java:resetClient(111)) - omNode-1@group-523986131536->omNode-3-GrpcLogAppender: Leader has not got in touch with Follower omNode-1@group-523986131536->omNode-3(c-1,m0,n85, attendVote=true, lastRpcSendTime=1, lastRpcResponseTime=21540) yet, just keep nextIndex unchanged and retry.
2021-01-12 11:01:19,940 [grpc-default-executor-1] WARN  server.GrpcLogAppender (LogUtils.java:warn(122)) - omNode-1@group-523986131536->omNode-3-AppendLogResponseHandler: Failed appendEntries: org.apache.ratis.thirdparty.io.grpc.StatusRuntimeException: UNAVAILABLE: io exception
2021-01-12 11:01:19,940 [grpc-default-executor-1] WARN  server.GrpcLogAppender (GrpcLogAppender.java:resetClient(111)) - omNode-1@group-523986131536->omNode-3-GrpcLogAppender: Leader has not got in touch with Follower omNode-1@group-523986131536->omNode-3(c-1,m0,n86, attendVote=true, lastRpcSendTime=1, lastRpcResponseTime=21644) yet, just keep nextIndex unchanged and retry.
2021-01-12 11:01:19,944 [grpc-default-executor-1] WARN  server.GrpcLogAppender (LogUtils.java:warn(122)) - omNode-1@group-523986131536->omNode-3-AppendLogResponseHandler: Failed appendEntries: org.apache.ratis.thirdparty.io.grpc.StatusRuntimeException: UNAVAILABLE: io exception
2021-01-12 11:01:19,945 [grpc-default-executor-1] WARN  server.GrpcLogAppender (GrpcLogAppender.java:resetClient(111)) - omNode-1@group-523986131536->omNode-3-GrpcLogAppender: Leader has not got in touch with Follower omNode-1@group-523986131536->omNode-3(c-1,m0,n87, attendVote=true, lastRpcSendTime=5, lastRpcResponseTime=21649) yet, just keep nextIndex unchanged and retry.
2021-01-12 11:01:19,958 [grpc-default-executor-1] WARN  server.GrpcLogAppender (LogUtils.java:warn(122)) - omNode-1@group-523986131536->omNode-3-AppendLogResponseHandler: Failed appendEntries: org.apache.ratis.thirdparty.io.grpc.StatusRuntimeException: UNAVAILABLE: io exception
2021-01-12 11:01:19,958 [grpc-default-executor-1] WARN  server.GrpcLogAppender (GrpcLogAppender.java:resetClient(111)) - omNode-1@group-523986131536->omNode-3-GrpcLogAppender: Leader has not got in touch with Follower omNode-1@group-523986131536->omNode-3(c-1,m0,n88, attendVote=true, lastRpcSendTime=1, lastRpcResponseTime=21662) yet, just keep nextIndex unchanged and retry.
2021-01-12 11:01:19,968 [grpc-default-executor-0] WARN  server.GrpcLogAppender (LogUtils.java:warn(122)) - omNode-1@group-523986131536->omNode-3-AppendLogResponseHandler: Failed appendEntries: org.apache.ratis.thirdparty.io.grpc.StatusRuntimeException: UNAVAILABLE: io exception
2021-01-12 11:01:19,968 [grpc-default-executor-0] WARN  server.GrpcLogAppender (GrpcLogAppender.java:resetClient(111)) - omNode-1@group-523986131536->omNode-3-GrpcLogAppender: Leader has not got in touch with Follower omNode-1@group-523986131536->omNode-3(c-1,m0,n89, attendVote=true, lastRpcSendTime=0, lastRpcResponseTime=21672) yet, just keep nextIndex unchanged and retry.
2021-01-12 11:01:20,071 [grpc-default-executor-0] WARN  server.GrpcLogAppender (LogUtils.java:warn(122)) - omNode-1@group-523986131536->omNode-3-AppendLogResponseHandler: Failed appendEntries: org.apache.ratis.thirdparty.io.grpc.StatusRuntimeException: UNAVAILABLE: io exception
2021-01-12 11:01:20,072 [grpc-default-executor-0] WARN  server.GrpcLogAppender (GrpcLogAppender.java:resetClient(111)) - omNode-1@group-523986131536->omNode-3-GrpcLogAppender: Leader has not got in touch with Follower omNode-1@group-523986131536->omNode-3(c-1,m0,n90, attendVote=true, lastRpcSendTime=104, lastRpcResponseTime=21776) yet, just keep nextIndex unchanged and retry.
2021-01-12 11:01:20,076 [grpc-default-executor-1] WARN  server.GrpcLogAppender (LogUtils.java:warn(122)) - omNode-1@group-523986131536->omNode-3-AppendLogResponseHandler: Failed appendEntries: org.apache.ratis.thirdparty.io.grpc.StatusRuntimeException: UNAVAILABLE: io exception
2021-01-12 11:01:20,077 [grpc-default-executor-1] WARN  server.GrpcLogAppender (GrpcLogAppender.java:resetClient(111)) - omNode-1@group-523986131536->omNode-3-GrpcLogAppender: Leader has not got in touch with Follower omNode-1@group-523986131536->omNode-3(c-1,m0,n91, attendVote=true, lastRpcSendTime=0, lastRpcResponseTime=21781) yet, just keep nextIndex unchanged and retry.
2021-01-12 11:01:20,111 [grpc-default-executor-0] WARN  server.GrpcLogAppender (LogUtils.java:warn(122)) - omNode-1@group-523986131536->omNode-3-AppendLogResponseHandler: Failed appendEntries: org.apache.ratis.thirdparty.io.grpc.StatusRuntimeException: UNAVAILABLE: io exception
2021-01-12 11:01:20,112 [grpc-default-executor-0] WARN  server.GrpcLogAppender (GrpcLogAppender.java:resetClient(111)) - omNode-1@group-523986131536->omNode-3-GrpcLogAppender: Leader has not got in touch with Follower omNode-1@group-523986131536->omNode-3(c-1,m0,n92, attendVote=true, lastRpcSendTime=0, lastRpcResponseTime=21816) yet, just keep nextIndex unchanged and retry.
2021-01-12 11:01:20,119 [grpc-default-executor-0] WARN  server.GrpcLogAppender (LogUtils.java:warn(122)) - omNode-1@group-523986131536->omNode-3-AppendLogResponseHandler: Failed appendEntries: org.apache.ratis.thirdparty.io.grpc.StatusRuntimeException: UNAVAILABLE: io exception
2021-01-12 11:01:20,120 [grpc-default-executor-0] WARN  server.GrpcLogAppender (GrpcLogAppender.java:resetClient(111)) - omNode-1@group-523986131536->omNode-3-GrpcLogAppender: Leader has not got in touch with Follower omNode-1@group-523986131536->omNode-3(c-1,m0,n93, attendVote=true, lastRpcSendTime=0, lastRpcResponseTime=21824) yet, just keep nextIndex unchanged and retry.
2021-01-12 11:01:20,225 [grpc-default-executor-0] WARN  server.GrpcLogAppender (LogUtils.java:warn(122)) - omNode-1@group-523986131536->omNode-3-AppendLogResponseHandler: Failed appendEntries: org.apache.ratis.thirdparty.io.grpc.StatusRuntimeException: UNAVAILABLE: io exception
2021-01-12 11:01:20,226 [grpc-default-executor-0] WARN  server.GrpcLogAppender (GrpcLogAppender.java:resetClient(111)) - omNode-1@group-523986131536->omNode-3-GrpcLogAppender: Leader has not got in touch with Follower omNode-1@group-523986131536->omNode-3(c-1,m0,n94, attendVote=true, lastRpcSendTime=0, lastRpcResponseTime=21930) yet, just keep nextIndex unchanged and retry.
2021-01-12 11:01:20,230 [grpc-default-executor-0] WARN  server.GrpcLogAppender (LogUtils.java:warn(122)) - omNode-1@group-523986131536->omNode-3-AppendLogResponseHandler: Failed appendEntries: org.apache.ratis.thirdparty.io.grpc.StatusRuntimeException: UNAVAILABLE: io exception
2021-01-12 11:01:20,230 [grpc-default-executor-0] WARN  server.GrpcLogAppender (GrpcLogAppender.java:resetClient(111)) - omNode-1@group-523986131536->omNode-3-GrpcLogAppender: Leader has not got in touch with Follower omNode-1@group-523986131536->omNode-3(c-1,m0,n95, attendVote=true, lastRpcSendTime=0, lastRpcResponseTime=21935) yet, just keep nextIndex unchanged and retry.
2021-01-12 11:01:20,252 [grpc-default-executor-0] WARN  server.GrpcLogAppender (LogUtils.java:warn(122)) - omNode-1@group-523986131536->omNode-3-AppendLogResponseHandler: Failed appendEntries: org.apache.ratis.thirdparty.io.grpc.StatusRuntimeException: UNAVAILABLE: io exception
2021-01-12 11:01:20,252 [grpc-default-executor-0] WARN  server.GrpcLogAppender (GrpcLogAppender.java:resetClient(111)) - omNode-1@group-523986131536->omNode-3-GrpcLogAppender: Leader has not got in touch with Follower omNode-1@group-523986131536->omNode-3(c-1,m0,n96, attendVote=true, lastRpcSendTime=0, lastRpcResponseTime=21957) yet, just keep nextIndex unchanged and retry.
2021-01-12 11:01:20,254 [grpc-default-executor-3] WARN  server.GrpcLogAppender (LogUtils.java:warn(122)) - omNode-1@group-523986131536->omNode-3-AppendLogResponseHandler: Failed appendEntries: org.apache.ratis.thirdparty.io.grpc.StatusRuntimeException: UNAVAILABLE: io exception
2021-01-12 11:01:20,255 [grpc-default-executor-3] WARN  server.GrpcLogAppender (GrpcLogAppender.java:resetClient(111)) - omNode-1@group-523986131536->omNode-3-GrpcLogAppender: Leader has not got in touch with Follower omNode-1@group-523986131536->omNode-3(c-1,m0,n97, attendVote=true, lastRpcSendTime=0, lastRpcResponseTime=21959) yet, just keep nextIndex unchanged and retry.
2021-01-12 11:01:20,360 [grpc-default-executor-0] WARN  server.GrpcLogAppender (LogUtils.java:warn(122)) - omNode-1@group-523986131536->omNode-3-AppendLogResponseHandler: Failed appendEntries: org.apache.ratis.thirdparty.io.grpc.StatusRuntimeException: UNAVAILABLE: io exception
2021-01-12 11:01:20,360 [grpc-default-executor-0] WARN  server.GrpcLogAppender (GrpcLogAppender.java:resetClient(111)) - omNode-1@group-523986131536->omNode-3-GrpcLogAppender: Leader has not got in touch with Follower omNode-1@group-523986131536->omNode-3(c-1,m0,n98, attendVote=true, lastRpcSendTime=105, lastRpcResponseTime=22064) yet, just keep nextIndex unchanged and retry.
2021-01-12 11:01:20,385 [grpc-default-executor-3] WARN  server.GrpcLogAppender (LogUtils.java:warn(122)) - omNode-1@group-523986131536->omNode-3-AppendLogResponseHandler: Failed appendEntries: org.apache.ratis.thirdparty.io.grpc.StatusRuntimeException: UNAVAILABLE: io exception
2021-01-12 11:01:20,385 [grpc-default-executor-3] WARN  server.GrpcLogAppender (GrpcLogAppender.java:resetClient(111)) - omNode-1@group-523986131536->omNode-3-GrpcLogAppender: Leader has not got in touch with Follower omNode-1@group-523986131536->omNode-3(c-1,m0,n99, attendVote=true, lastRpcSendTime=0, lastRpcResponseTime=22089) yet, just keep nextIndex unchanged and retry.
2021-01-12 11:01:20,387 [omNode-1@group-523986131536-StateMachineUpdater] INFO  ratis.OzoneManagerStateMachine (OzoneManagerStateMachine.java:takeSnapshot(345)) - Current Snapshot Index (t:2, i:98)
2021-01-12 11:01:20,387 [omNode-1@group-523986131536-StateMachineUpdater] INFO  impl.StateMachineUpdater (StateMachineUpdater.java:takeSnapshot(279)) - omNode-1@group-523986131536-StateMachineUpdater: Took a snapshot at index 98
2021-01-12 11:01:20,387 [omNode-1@group-523986131536-StateMachineUpdater] INFO  impl.StateMachineUpdater (StateMachineUpdater.java:lambda$new$0(88)) - omNode-1@group-523986131536-StateMachineUpdater: snapshotIndex: updateIncreasingly 48 -> 98
2021-01-12 11:01:20,387 [omNode-1@group-523986131536-StateMachineUpdater] INFO  raftlog.RaftLog (RaftLogBase.java:purge(306)) - omNode-1@group-523986131536-SegmentedRaftLog: purge 98
2021-01-12 11:01:20,387 [omNode-1@group-523986131536-StateMachineUpdater] INFO  raftlog.RaftLog (RaftLogBase.java:lambda$new$0(53)) - omNode-1@group-523986131536-SegmentedRaftLog: snapshotIndex: updateIncreasingly -1 -> 98
2021-01-12 11:01:20,387 [omNode-1@group-523986131536-StateMachineUpdater] INFO  raftlog.RaftLog (RaftLogBase.java:lambda$new$0(53)) - omNode-1@group-523986131536-SegmentedRaftLog: purgeIndex: updateToMax old=-1, new=98, updated? true
2021-01-12 11:01:20,398 [grpc-default-executor-0] WARN  server.GrpcLogAppender (LogUtils.java:warn(122)) - omNode-1@group-523986131536->omNode-3-AppendLogResponseHandler: Failed appendEntries: org.apache.ratis.thirdparty.io.grpc.StatusRuntimeException: UNAVAILABLE: io exception
2021-01-12 11:01:20,399 [grpc-default-executor-0] WARN  server.GrpcLogAppender (GrpcLogAppender.java:resetClient(111)) - omNode-1@group-523986131536->omNode-3-GrpcLogAppender: Leader has not got in touch with Follower omNode-1@group-523986131536->omNode-3(c-1,m0,n100, attendVote=true, lastRpcSendTime=14, lastRpcResponseTime=22103) yet, just keep nextIndex unchanged and retry.
2021-01-12 11:01:20,408 [grpc-default-executor-0] WARN  server.GrpcLogAppender (LogUtils.java:warn(122)) - omNode-1@group-523986131536->omNode-3-AppendLogResponseHandler: Failed appendEntries: org.apache.ratis.thirdparty.io.grpc.StatusRuntimeException: UNAVAILABLE: io exception
2021-01-12 11:01:20,409 [grpc-default-executor-0] WARN  server.GrpcLogAppender (GrpcLogAppender.java:resetClient(111)) - omNode-1@group-523986131536->omNode-3-GrpcLogAppender: Leader has not got in touch with Follower omNode-1@group-523986131536->omNode-3(c-1,m0,n101, attendVote=true, lastRpcSendTime=9, lastRpcResponseTime=22113) yet, just keep nextIndex unchanged and retry.
2021-01-12 11:01:20,423 [omNode-2@group-523986131536-StateMachineUpdater] INFO  ratis.OzoneManagerStateMachine (OzoneManagerStateMachine.java:takeSnapshot(345)) - Current Snapshot Index (t:2, i:99)
2021-01-12 11:01:20,423 [omNode-2@group-523986131536-StateMachineUpdater] INFO  impl.StateMachineUpdater (StateMachineUpdater.java:takeSnapshot(279)) - omNode-2@group-523986131536-StateMachineUpdater: Took a snapshot at index 99
2021-01-12 11:01:20,423 [omNode-2@group-523986131536-StateMachineUpdater] INFO  impl.StateMachineUpdater (StateMachineUpdater.java:lambda$new$0(88)) - omNode-2@group-523986131536-StateMachineUpdater: snapshotIndex: updateIncreasingly 49 -> 99
2021-01-12 11:01:20,423 [omNode-2@group-523986131536-StateMachineUpdater] INFO  raftlog.RaftLog (RaftLogBase.java:purge(306)) - omNode-2@group-523986131536-SegmentedRaftLog: purge 99
2021-01-12 11:01:20,423 [omNode-2@group-523986131536-StateMachineUpdater] INFO  raftlog.RaftLog (RaftLogBase.java:lambda$new$0(53)) - omNode-2@group-523986131536-SegmentedRaftLog: snapshotIndex: updateIncreasingly 49 -> 99
2021-01-12 11:01:20,423 [omNode-2@group-523986131536-StateMachineUpdater] INFO  raftlog.RaftLog (RaftLogBase.java:lambda$new$0(53)) - omNode-2@group-523986131536-SegmentedRaftLog: purgeIndex: updateToMax old=49, new=99, updated? true
2021-01-12 11:01:20,513 [grpc-default-executor-0] WARN  server.GrpcLogAppender (LogUtils.java:warn(122)) - omNode-1@group-523986131536->omNode-3-AppendLogResponseHandler: Failed appendEntries: org.apache.ratis.thirdparty.io.grpc.StatusRuntimeException: UNAVAILABLE: io exception
2021-01-12 11:01:20,514 [grpc-default-executor-0] WARN  server.GrpcLogAppender (GrpcLogAppender.java:resetClient(111)) - omNode-1@group-523986131536->omNode-3-GrpcLogAppender: Leader has not got in touch with Follower omNode-1@group-523986131536->omNode-3(c-1,m0,n102, attendVote=true, lastRpcSendTime=0, lastRpcResponseTime=22218) yet, just keep nextIndex unchanged and retry.
2021-01-12 11:01:20,521 [grpc-default-executor-0] WARN  server.GrpcLogAppender (LogUtils.java:warn(122)) - omNode-1@group-523986131536->omNode-3-AppendLogResponseHandler: Failed appendEntries: org.apache.ratis.thirdparty.io.grpc.StatusRuntimeException: UNAVAILABLE: io exception
2021-01-12 11:01:20,522 [grpc-default-executor-0] WARN  server.GrpcLogAppender (GrpcLogAppender.java:resetClient(111)) - omNode-1@group-523986131536->omNode-3-GrpcLogAppender: Leader has not got in touch with Follower omNode-1@group-523986131536->omNode-3(c-1,m0,n103, attendVote=true, lastRpcSendTime=0, lastRpcResponseTime=22226) yet, just keep nextIndex unchanged and retry.
2021-01-12 11:01:20,533 [grpc-default-executor-0] WARN  server.GrpcLogAppender (LogUtils.java:warn(122)) - omNode-1@group-523986131536->omNode-3-AppendLogResponseHandler: Failed appendEntries: org.apache.ratis.thirdparty.io.grpc.StatusRuntimeException: UNAVAILABLE: io exception
2021-01-12 11:01:20,534 [grpc-default-executor-0] WARN  server.GrpcLogAppender (GrpcLogAppender.java:resetClient(111)) - omNode-1@group-523986131536->omNode-3-GrpcLogAppender: Leader has not got in touch with Follower omNode-1@group-523986131536->omNode-3(c-1,m0,n104, attendVote=true, lastRpcSendTime=12, lastRpcResponseTime=22238) yet, just keep nextIndex unchanged and retry.
2021-01-12 11:01:20,549 [grpc-default-executor-3] WARN  server.GrpcLogAppender (LogUtils.java:warn(122)) - omNode-1@group-523986131536->omNode-3-AppendLogResponseHandler: Failed appendEntries: org.apache.ratis.thirdparty.io.grpc.StatusRuntimeException: UNAVAILABLE: io exception
2021-01-12 11:01:20,552 [grpc-default-executor-3] WARN  server.GrpcLogAppender (GrpcLogAppender.java:resetClient(111)) - omNode-1@group-523986131536->omNode-3-GrpcLogAppender: Leader has not got in touch with Follower omNode-1@group-523986131536->omNode-3(c-1,m0,n105, attendVote=true, lastRpcSendTime=17, lastRpcResponseTime=22256) yet, just keep nextIndex unchanged and retry.
2021-01-12 11:01:20,655 [grpc-default-executor-2] WARN  server.GrpcLogAppender (LogUtils.java:warn(122)) - omNode-1@group-523986131536->omNode-3-AppendLogResponseHandler: Failed appendEntries: org.apache.ratis.thirdparty.io.grpc.StatusRuntimeException: UNAVAILABLE: io exception
2021-01-12 11:01:20,656 [grpc-default-executor-2] WARN  server.GrpcLogAppender (GrpcLogAppender.java:resetClient(111)) - omNode-1@group-523986131536->omNode-3-GrpcLogAppender: Leader has not got in touch with Follower omNode-1@group-523986131536->omNode-3(c-1,m0,n106, attendVote=true, lastRpcSendTime=0, lastRpcResponseTime=22360) yet, just keep nextIndex unchanged and retry.
2021-01-12 11:01:20,659 [grpc-default-executor-3] WARN  server.GrpcLogAppender (LogUtils.java:warn(122)) - omNode-1@group-523986131536->omNode-3-AppendLogResponseHandler: Failed appendEntries: org.apache.ratis.thirdparty.io.grpc.StatusRuntimeException: UNAVAILABLE: io exception
2021-01-12 11:01:20,659 [grpc-default-executor-3] WARN  server.GrpcLogAppender (GrpcLogAppender.java:resetClient(111)) - omNode-1@group-523986131536->omNode-3-GrpcLogAppender: Leader has not got in touch with Follower omNode-1@group-523986131536->omNode-3(c-1,m0,n107, attendVote=true, lastRpcSendTime=0, lastRpcResponseTime=22363) yet, just keep nextIndex unchanged and retry.
2021-01-12 11:01:20,672 [grpc-default-executor-3] WARN  server.GrpcLogAppender (LogUtils.java:warn(122)) - omNode-1@group-523986131536->omNode-3-AppendLogResponseHandler: Failed appendEntries: org.apache.ratis.thirdparty.io.grpc.StatusRuntimeException: UNAVAILABLE: io exception
2021-01-12 11:01:20,673 [grpc-default-executor-3] WARN  server.GrpcLogAppender (GrpcLogAppender.java:resetClient(111)) - omNode-1@group-523986131536->omNode-3-GrpcLogAppender: Leader has not got in touch with Follower omNode-1@group-523986131536->omNode-3(c-1,m0,n108, attendVote=true, lastRpcSendTime=13, lastRpcResponseTime=22377) yet, just keep nextIndex unchanged and retry.
2021-01-12 11:01:20,680 [grpc-default-executor-3] WARN  server.GrpcLogAppender (LogUtils.java:warn(122)) - omNode-1@group-523986131536->omNode-3-AppendLogResponseHandler: Failed appendEntries: org.apache.ratis.thirdparty.io.grpc.StatusRuntimeException: UNAVAILABLE: io exception
2021-01-12 11:01:20,680 [grpc-default-executor-3] WARN  server.GrpcLogAppender (GrpcLogAppender.java:resetClient(111)) - omNode-1@group-523986131536->omNode-3-GrpcLogAppender: Leader has not got in touch with Follower omNode-1@group-523986131536->omNode-3(c-1,m0,n109, attendVote=true, lastRpcSendTime=1, lastRpcResponseTime=22384) yet, just keep nextIndex unchanged and retry.
2021-01-12 11:01:20,785 [grpc-default-executor-3] WARN  server.GrpcLogAppender (LogUtils.java:warn(122)) - omNode-1@group-523986131536->omNode-3-AppendLogResponseHandler: Failed appendEntries: org.apache.ratis.thirdparty.io.grpc.StatusRuntimeException: UNAVAILABLE: io exception
2021-01-12 11:01:20,785 [grpc-default-executor-3] WARN  server.GrpcLogAppender (GrpcLogAppender.java:resetClient(111)) - omNode-1@group-523986131536->omNode-3-GrpcLogAppender: Leader has not got in touch with Follower omNode-1@group-523986131536->omNode-3(c-1,m0,n110, attendVote=true, lastRpcSendTime=0, lastRpcResponseTime=22490) yet, just keep nextIndex unchanged and retry.
2021-01-12 11:01:20,790 [grpc-default-executor-3] WARN  server.GrpcLogAppender (LogUtils.java:warn(122)) - omNode-1@group-523986131536->omNode-3-AppendLogResponseHandler: Failed appendEntries: org.apache.ratis.thirdparty.io.grpc.StatusRuntimeException: UNAVAILABLE: io exception
2021-01-12 11:01:20,790 [grpc-default-executor-3] WARN  server.GrpcLogAppender (GrpcLogAppender.java:resetClient(111)) - omNode-1@group-523986131536->omNode-3-GrpcLogAppender: Leader has not got in touch with Follower omNode-1@group-523986131536->omNode-3(c-1,m0,n111, attendVote=true, lastRpcSendTime=5, lastRpcResponseTime=22495) yet, just keep nextIndex unchanged and retry.
2021-01-12 11:01:20,807 [grpc-default-executor-3] WARN  server.GrpcLogAppender (LogUtils.java:warn(122)) - omNode-1@group-523986131536->omNode-3-AppendLogResponseHandler: Failed appendEntries: org.apache.ratis.thirdparty.io.grpc.StatusRuntimeException: UNAVAILABLE: io exception
2021-01-12 11:01:20,808 [grpc-default-executor-3] WARN  server.GrpcLogAppender (GrpcLogAppender.java:resetClient(111)) - omNode-1@group-523986131536->omNode-3-GrpcLogAppender: Leader has not got in touch with Follower omNode-1@group-523986131536->omNode-3(c-1,m0,n112, attendVote=true, lastRpcSendTime=16, lastRpcResponseTime=22512) yet, just keep nextIndex unchanged and retry.
2021-01-12 11:01:20,810 [grpc-default-executor-3] WARN  server.GrpcLogAppender (LogUtils.java:warn(122)) - omNode-1@group-523986131536->omNode-3-AppendLogResponseHandler: Failed appendEntries: org.apache.ratis.thirdparty.io.grpc.StatusRuntimeException: UNAVAILABLE: io exception
2021-01-12 11:01:20,811 [grpc-default-executor-3] WARN  server.GrpcLogAppender (GrpcLogAppender.java:resetClient(111)) - omNode-1@group-523986131536->omNode-3-GrpcLogAppender: Leader has not got in touch with Follower omNode-1@group-523986131536->omNode-3(c-1,m0,n113, attendVote=true, lastRpcSendTime=1, lastRpcResponseTime=22515) yet, just keep nextIndex unchanged and retry.
2021-01-12 11:01:20,918 [grpc-default-executor-3] WARN  server.GrpcLogAppender (LogUtils.java:warn(122)) - omNode-1@group-523986131536->omNode-3-AppendLogResponseHandler: Failed appendEntries: org.apache.ratis.thirdparty.io.grpc.StatusRuntimeException: UNAVAILABLE: io exception
2021-01-12 11:01:20,919 [grpc-default-executor-3] WARN  server.GrpcLogAppender (GrpcLogAppender.java:resetClient(111)) - omNode-1@group-523986131536->omNode-3-GrpcLogAppender: Leader has not got in touch with Follower omNode-1@group-523986131536->omNode-3(c-1,m0,n114, attendVote=true, lastRpcSendTime=0, lastRpcResponseTime=22623) yet, just keep nextIndex unchanged and retry.
2021-01-12 11:01:20,927 [grpc-default-executor-3] WARN  server.GrpcLogAppender (LogUtils.java:warn(122)) - omNode-1@group-523986131536->omNode-3-AppendLogResponseHandler: Failed appendEntries: org.apache.ratis.thirdparty.io.grpc.StatusRuntimeException: UNAVAILABLE: io exception
2021-01-12 11:01:20,927 [grpc-default-executor-3] WARN  server.GrpcLogAppender (GrpcLogAppender.java:resetClient(111)) - omNode-1@group-523986131536->omNode-3-GrpcLogAppender: Leader has not got in touch with Follower omNode-1@group-523986131536->omNode-3(c-1,m0,n115, attendVote=true, lastRpcSendTime=2, lastRpcResponseTime=22631) yet, just keep nextIndex unchanged and retry.
2021-01-12 11:01:20,940 [grpc-default-executor-3] WARN  server.GrpcLogAppender (LogUtils.java:warn(122)) - omNode-1@group-523986131536->omNode-3-AppendLogResponseHandler: Failed appendEntries: org.apache.ratis.thirdparty.io.grpc.StatusRuntimeException: UNAVAILABLE: io exception
2021-01-12 11:01:20,941 [grpc-default-executor-3] WARN  server.GrpcLogAppender (GrpcLogAppender.java:resetClient(111)) - omNode-1@group-523986131536->omNode-3-GrpcLogAppender: Leader has not got in touch with Follower omNode-1@group-523986131536->omNode-3(c-1,m0,n116, attendVote=true, lastRpcSendTime=0, lastRpcResponseTime=22645) yet, just keep nextIndex unchanged and retry.
2021-01-12 11:01:20,942 [grpc-default-executor-3] WARN  server.GrpcLogAppender (LogUtils.java:warn(122)) - omNode-1@group-523986131536->omNode-3-AppendLogResponseHandler: Failed appendEntries: org.apache.ratis.thirdparty.io.grpc.StatusRuntimeException: UNAVAILABLE: io exception
2021-01-12 11:01:20,943 [grpc-default-executor-3] WARN  server.GrpcLogAppender (GrpcLogAppender.java:resetClient(111)) - omNode-1@group-523986131536->omNode-3-GrpcLogAppender: Leader has not got in touch with Follower omNode-1@group-523986131536->omNode-3(c-1,m0,n117, attendVote=true, lastRpcSendTime=0, lastRpcResponseTime=22647) yet, just keep nextIndex unchanged and retry.
2021-01-12 11:01:21,048 [grpc-default-executor-3] WARN  server.GrpcLogAppender (LogUtils.java:warn(122)) - omNode-1@group-523986131536->omNode-3-AppendLogResponseHandler: Failed appendEntries: org.apache.ratis.thirdparty.io.grpc.StatusRuntimeException: UNAVAILABLE: io exception
2021-01-12 11:01:21,049 [grpc-default-executor-3] WARN  server.GrpcLogAppender (GrpcLogAppender.java:resetClient(111)) - omNode-1@group-523986131536->omNode-3-GrpcLogAppender: Leader has not got in touch with Follower omNode-1@group-523986131536->omNode-3(c-1,m0,n118, attendVote=true, lastRpcSendTime=106, lastRpcResponseTime=22753) yet, just keep nextIndex unchanged and retry.
2021-01-12 11:01:21,065 [grpc-default-executor-0] WARN  server.GrpcLogAppender (LogUtils.java:warn(122)) - omNode-1@group-523986131536->omNode-3-AppendLogResponseHandler: Failed appendEntries: org.apache.ratis.thirdparty.io.grpc.StatusRuntimeException: UNAVAILABLE: io exception
2021-01-12 11:01:21,065 [grpc-default-executor-0] WARN  server.GrpcLogAppender (GrpcLogAppender.java:resetClient(111)) - omNode-1@group-523986131536->omNode-3-GrpcLogAppender: Leader has not got in touch with Follower omNode-1@group-523986131536->omNode-3(c-1,m0,n119, attendVote=true, lastRpcSendTime=16, lastRpcResponseTime=22769) yet, just keep nextIndex unchanged and retry.
2021-01-12 11:01:21,075 [grpc-default-executor-3] WARN  server.GrpcLogAppender (LogUtils.java:warn(122)) - omNode-1@group-523986131536->omNode-3-AppendLogResponseHandler: Failed appendEntries: org.apache.ratis.thirdparty.io.grpc.StatusRuntimeException: UNAVAILABLE: io exception
2021-01-12 11:01:21,076 [grpc-default-executor-3] WARN  server.GrpcLogAppender (GrpcLogAppender.java:resetClient(111)) - omNode-1@group-523986131536->omNode-3-GrpcLogAppender: Leader has not got in touch with Follower omNode-1@group-523986131536->omNode-3(c-1,m0,n120, attendVote=true, lastRpcSendTime=10, lastRpcResponseTime=22780) yet, just keep nextIndex unchanged and retry.
2021-01-12 11:01:21,080 [grpc-default-executor-3] WARN  server.GrpcLogAppender (LogUtils.java:warn(122)) - omNode-1@group-523986131536->omNode-3-AppendLogResponseHandler: Failed appendEntries: org.apache.ratis.thirdparty.io.grpc.StatusRuntimeException: UNAVAILABLE: io exception
2021-01-12 11:01:21,080 [grpc-default-executor-3] WARN  server.GrpcLogAppender (GrpcLogAppender.java:resetClient(111)) - omNode-1@group-523986131536->omNode-3-GrpcLogAppender: Leader has not got in touch with Follower omNode-1@group-523986131536->omNode-3(c-1,m0,n121, attendVote=true, lastRpcSendTime=4, lastRpcResponseTime=22784) yet, just keep nextIndex unchanged and retry.
2021-01-12 11:01:21,192 [grpc-default-executor-3] WARN  server.GrpcLogAppender (LogUtils.java:warn(122)) - omNode-1@group-523986131536->omNode-3-AppendLogResponseHandler: Failed appendEntries: org.apache.ratis.thirdparty.io.grpc.StatusRuntimeException: UNAVAILABLE: io exception
2021-01-12 11:01:21,192 [grpc-default-executor-3] WARN  server.GrpcLogAppender (GrpcLogAppender.java:resetClient(111)) - omNode-1@group-523986131536->omNode-3-GrpcLogAppender: Leader has not got in touch with Follower omNode-1@group-523986131536->omNode-3(c-1,m0,n122, attendVote=true, lastRpcSendTime=111, lastRpcResponseTime=22897) yet, just keep nextIndex unchanged and retry.
2021-01-12 11:01:21,198 [grpc-default-executor-3] WARN  server.GrpcLogAppender (LogUtils.java:warn(122)) - omNode-1@group-523986131536->omNode-3-AppendLogResponseHandler: Failed appendEntries: org.apache.ratis.thirdparty.io.grpc.StatusRuntimeException: UNAVAILABLE: io exception
2021-01-12 11:01:21,199 [grpc-default-executor-3] WARN  server.GrpcLogAppender (GrpcLogAppender.java:resetClient(111)) - omNode-1@group-523986131536->omNode-3-GrpcLogAppender: Leader has not got in touch with Follower omNode-1@group-523986131536->omNode-3(c-1,m0,n123, attendVote=true, lastRpcSendTime=1, lastRpcResponseTime=22903) yet, just keep nextIndex unchanged and retry.
2021-01-12 11:01:21,216 [grpc-default-executor-0] WARN  server.GrpcLogAppender (LogUtils.java:warn(122)) - omNode-1@group-523986131536->omNode-3-AppendLogResponseHandler: Failed appendEntries: org.apache.ratis.thirdparty.io.grpc.StatusRuntimeException: UNAVAILABLE: io exception
2021-01-12 11:01:21,217 [grpc-default-executor-0] WARN  server.GrpcLogAppender (GrpcLogAppender.java:resetClient(111)) - omNode-1@group-523986131536->omNode-3-GrpcLogAppender: Leader has not got in touch with Follower omNode-1@group-523986131536->omNode-3(c-1,m0,n124, attendVote=true, lastRpcSendTime=19, lastRpcResponseTime=22921) yet, just keep nextIndex unchanged and retry.
2021-01-12 11:01:21,220 [grpc-default-executor-0] WARN  server.GrpcLogAppender (LogUtils.java:warn(122)) - omNode-1@group-523986131536->omNode-3-AppendLogResponseHandler: Failed appendEntries: org.apache.ratis.thirdparty.io.grpc.StatusRuntimeException: UNAVAILABLE: io exception
2021-01-12 11:01:21,221 [grpc-default-executor-0] WARN  server.GrpcLogAppender (GrpcLogAppender.java:resetClient(111)) - omNode-1@group-523986131536->omNode-3-GrpcLogAppender: Leader has not got in touch with Follower omNode-1@group-523986131536->omNode-3(c-1,m0,n125, attendVote=true, lastRpcSendTime=3, lastRpcResponseTime=22925) yet, just keep nextIndex unchanged and retry.
2021-01-12 11:01:21,325 [grpc-default-executor-0] WARN  server.GrpcLogAppender (LogUtils.java:warn(122)) - omNode-1@group-523986131536->omNode-3-AppendLogResponseHandler: Failed appendEntries: org.apache.ratis.thirdparty.io.grpc.StatusRuntimeException: UNAVAILABLE: io exception
2021-01-12 11:01:21,326 [grpc-default-executor-0] WARN  server.GrpcLogAppender (GrpcLogAppender.java:resetClient(111)) - omNode-1@group-523986131536->omNode-3-GrpcLogAppender: Leader has not got in touch with Follower omNode-1@group-523986131536->omNode-3(c-1,m0,n126, attendVote=true, lastRpcSendTime=0, lastRpcResponseTime=23030) yet, just keep nextIndex unchanged and retry.
2021-01-12 11:01:21,384 [grpc-default-executor-3] WARN  server.GrpcLogAppender (LogUtils.java:warn(122)) - omNode-1@group-523986131536->omNode-3-AppendLogResponseHandler: Failed appendEntries: org.apache.ratis.thirdparty.io.grpc.StatusRuntimeException: UNAVAILABLE: io exception
2021-01-12 11:01:21,384 [grpc-default-executor-3] WARN  server.GrpcLogAppender (GrpcLogAppender.java:resetClient(111)) - omNode-1@group-523986131536->omNode-3-GrpcLogAppender: Leader has not got in touch with Follower omNode-1@group-523986131536->omNode-3(c-1,m0,n127, attendVote=true, lastRpcSendTime=58, lastRpcResponseTime=23088) yet, just keep nextIndex unchanged and retry.
2021-01-12 11:01:21,414 [grpc-default-executor-0] WARN  server.GrpcLogAppender (LogUtils.java:warn(122)) - omNode-1@group-523986131536->omNode-3-AppendLogResponseHandler: Failed appendEntries: org.apache.ratis.thirdparty.io.grpc.StatusRuntimeException: UNAVAILABLE: io exception
2021-01-12 11:01:21,414 [grpc-default-executor-0] WARN  server.GrpcLogAppender (GrpcLogAppender.java:resetClient(111)) - omNode-1@group-523986131536->omNode-3-GrpcLogAppender: Leader has not got in touch with Follower omNode-1@group-523986131536->omNode-3(c-1,m0,n128, attendVote=true, lastRpcSendTime=0, lastRpcResponseTime=23119) yet, just keep nextIndex unchanged and retry.
2021-01-12 11:01:21,421 [grpc-default-executor-0] WARN  server.GrpcLogAppender (LogUtils.java:warn(122)) - omNode-1@group-523986131536->omNode-3-AppendLogResponseHandler: Failed appendEntries: org.apache.ratis.thirdparty.io.grpc.StatusRuntimeException: UNAVAILABLE: io exception
2021-01-12 11:01:21,422 [grpc-default-executor-0] WARN  server.GrpcLogAppender (GrpcLogAppender.java:resetClient(111)) - omNode-1@group-523986131536->omNode-3-GrpcLogAppender: Leader has not got in touch with Follower omNode-1@group-523986131536->omNode-3(c-1,m0,n129, attendVote=true, lastRpcSendTime=8, lastRpcResponseTime=23126) yet, just keep nextIndex unchanged and retry.
2021-01-12 11:01:21,525 [grpc-default-executor-0] WARN  server.GrpcLogAppender (LogUtils.java:warn(122)) - omNode-1@group-523986131536->omNode-3-AppendLogResponseHandler: Failed appendEntries: org.apache.ratis.thirdparty.io.grpc.StatusRuntimeException: UNAVAILABLE: io exception
2021-01-12 11:01:21,526 [grpc-default-executor-0] WARN  server.GrpcLogAppender (GrpcLogAppender.java:resetClient(111)) - omNode-1@group-523986131536->omNode-3-GrpcLogAppender: Leader has not got in touch with Follower omNode-1@group-523986131536->omNode-3(c-1,m0,n130, attendVote=true, lastRpcSendTime=103, lastRpcResponseTime=23230) yet, just keep nextIndex unchanged and retry.
2021-01-12 11:01:21,539 [grpc-default-executor-0] WARN  server.GrpcLogAppender (LogUtils.java:warn(122)) - omNode-1@group-523986131536->omNode-3-AppendLogResponseHandler: Failed appendEntries: org.apache.ratis.thirdparty.io.grpc.StatusRuntimeException: UNAVAILABLE: io exception
2021-01-12 11:01:21,539 [grpc-default-executor-0] WARN  server.GrpcLogAppender (GrpcLogAppender.java:resetClient(111)) - omNode-1@group-523986131536->omNode-3-GrpcLogAppender: Leader has not got in touch with Follower omNode-1@group-523986131536->omNode-3(c-1,m0,n131, attendVote=true, lastRpcSendTime=3, lastRpcResponseTime=23243) yet, just keep nextIndex unchanged and retry.
2021-01-12 11:01:21,551 [grpc-default-executor-0] WARN  server.GrpcLogAppender (LogUtils.java:warn(122)) - omNode-1@group-523986131536->omNode-3-AppendLogResponseHandler: Failed appendEntries: org.apache.ratis.thirdparty.io.grpc.StatusRuntimeException: UNAVAILABLE: io exception
2021-01-12 11:01:21,552 [grpc-default-executor-0] WARN  server.GrpcLogAppender (GrpcLogAppender.java:resetClient(111)) - omNode-1@group-523986131536->omNode-3-GrpcLogAppender: Leader has not got in touch with Follower omNode-1@group-523986131536->omNode-3(c-1,m0,n132, attendVote=true, lastRpcSendTime=0, lastRpcResponseTime=23256) yet, just keep nextIndex unchanged and retry.
2021-01-12 11:01:21,557 [grpc-default-executor-0] WARN  server.GrpcLogAppender (LogUtils.java:warn(122)) - omNode-1@group-523986131536->omNode-3-AppendLogResponseHandler: Failed appendEntries: org.apache.ratis.thirdparty.io.grpc.StatusRuntimeException: UNAVAILABLE: io exception
2021-01-12 11:01:21,557 [grpc-default-executor-0] WARN  server.GrpcLogAppender (GrpcLogAppender.java:resetClient(111)) - omNode-1@group-523986131536->omNode-3-GrpcLogAppender: Leader has not got in touch with Follower omNode-1@group-523986131536->omNode-3(c-1,m0,n133, attendVote=true, lastRpcSendTime=6, lastRpcResponseTime=23261) yet, just keep nextIndex unchanged and retry.
2021-01-12 11:01:21,663 [grpc-default-executor-0] WARN  server.GrpcLogAppender (LogUtils.java:warn(122)) - omNode-1@group-523986131536->omNode-3-AppendLogResponseHandler: Failed appendEntries: org.apache.ratis.thirdparty.io.grpc.StatusRuntimeException: UNAVAILABLE: io exception
2021-01-12 11:01:21,664 [grpc-default-executor-0] WARN  server.GrpcLogAppender (GrpcLogAppender.java:resetClient(111)) - omNode-1@group-523986131536->omNode-3-GrpcLogAppender: Leader has not got in touch with Follower omNode-1@group-523986131536->omNode-3(c-1,m0,n134, attendVote=true, lastRpcSendTime=106, lastRpcResponseTime=23368) yet, just keep nextIndex unchanged and retry.
2021-01-12 11:01:21,668 [grpc-default-executor-0] WARN  server.GrpcLogAppender (LogUtils.java:warn(122)) - omNode-1@group-523986131536->omNode-3-AppendLogResponseHandler: Failed appendEntries: org.apache.ratis.thirdparty.io.grpc.StatusRuntimeException: UNAVAILABLE: io exception
2021-01-12 11:01:21,669 [grpc-default-executor-0] WARN  server.GrpcLogAppender (GrpcLogAppender.java:resetClient(111)) - omNode-1@group-523986131536->omNode-3-GrpcLogAppender: Leader has not got in touch with Follower omNode-1@group-523986131536->omNode-3(c-1,m0,n135, attendVote=true, lastRpcSendTime=5, lastRpcResponseTime=23373) yet, just keep nextIndex unchanged and retry.
2021-01-12 11:01:21,689 [grpc-default-executor-2] WARN  server.GrpcLogAppender (LogUtils.java:warn(122)) - omNode-1@group-523986131536->omNode-3-AppendLogResponseHandler: Failed appendEntries: org.apache.ratis.thirdparty.io.grpc.StatusRuntimeException: UNAVAILABLE: io exception
2021-01-12 11:01:21,690 [grpc-default-executor-2] WARN  server.GrpcLogAppender (GrpcLogAppender.java:resetClient(111)) - omNode-1@group-523986131536->omNode-3-GrpcLogAppender: Leader has not got in touch with Follower omNode-1@group-523986131536->omNode-3(c-1,m0,n136, attendVote=true, lastRpcSendTime=20, lastRpcResponseTime=23394) yet, just keep nextIndex unchanged and retry.
2021-01-12 11:01:21,693 [grpc-default-executor-2] WARN  server.GrpcLogAppender (LogUtils.java:warn(122)) - omNode-1@group-523986131536->omNode-3-AppendLogResponseHandler: Failed appendEntries: org.apache.ratis.thirdparty.io.grpc.StatusRuntimeException: UNAVAILABLE: io exception
2021-01-12 11:01:21,694 [grpc-default-executor-2] WARN  server.GrpcLogAppender (GrpcLogAppender.java:resetClient(111)) - omNode-1@group-523986131536->omNode-3-GrpcLogAppender: Leader has not got in touch with Follower omNode-1@group-523986131536->omNode-3(c-1,m0,n137, attendVote=true, lastRpcSendTime=3, lastRpcResponseTime=23398) yet, just keep nextIndex unchanged and retry.
2021-01-12 11:01:21,801 [grpc-default-executor-2] WARN  server.GrpcLogAppender (LogUtils.java:warn(122)) - omNode-1@group-523986131536->omNode-3-AppendLogResponseHandler: Failed appendEntries: org.apache.ratis.thirdparty.io.grpc.StatusRuntimeException: UNAVAILABLE: io exception
2021-01-12 11:01:21,802 [grpc-default-executor-2] WARN  server.GrpcLogAppender (GrpcLogAppender.java:resetClient(111)) - omNode-1@group-523986131536->omNode-3-GrpcLogAppender: Leader has not got in touch with Follower omNode-1@group-523986131536->omNode-3(c-1,m0,n138, attendVote=true, lastRpcSendTime=107, lastRpcResponseTime=23506) yet, just keep nextIndex unchanged and retry.
2021-01-12 11:01:21,809 [grpc-default-executor-0] WARN  server.GrpcLogAppender (LogUtils.java:warn(122)) - omNode-1@group-523986131536->omNode-3-AppendLogResponseHandler: Failed appendEntries: org.apache.ratis.thirdparty.io.grpc.StatusRuntimeException: UNAVAILABLE: io exception
2021-01-12 11:01:21,810 [grpc-default-executor-0] WARN  server.GrpcLogAppender (GrpcLogAppender.java:resetClient(111)) - omNode-1@group-523986131536->omNode-3-GrpcLogAppender: Leader has not got in touch with Follower omNode-1@group-523986131536->omNode-3(c-1,m0,n139, attendVote=true, lastRpcSendTime=7, lastRpcResponseTime=23514) yet, just keep nextIndex unchanged and retry.
2021-01-12 11:01:21,834 [grpc-default-executor-2] WARN  server.GrpcLogAppender (LogUtils.java:warn(122)) - omNode-1@group-523986131536->omNode-3-AppendLogResponseHandler: Failed appendEntries: org.apache.ratis.thirdparty.io.grpc.StatusRuntimeException: UNAVAILABLE: io exception
2021-01-12 11:01:21,835 [grpc-default-executor-2] WARN  server.GrpcLogAppender (GrpcLogAppender.java:resetClient(111)) - omNode-1@group-523986131536->omNode-3-GrpcLogAppender: Leader has not got in touch with Follower omNode-1@group-523986131536->omNode-3(c-1,m0,n140, attendVote=true, lastRpcSendTime=1, lastRpcResponseTime=23539) yet, just keep nextIndex unchanged and retry.
2021-01-12 11:01:21,837 [grpc-default-executor-2] WARN  server.GrpcLogAppender (LogUtils.java:warn(122)) - omNode-1@group-523986131536->omNode-3-AppendLogResponseHandler: Failed appendEntries: org.apache.ratis.thirdparty.io.grpc.StatusRuntimeException: UNAVAILABLE: io exception
2021-01-12 11:01:21,838 [grpc-default-executor-2] WARN  server.GrpcLogAppender (GrpcLogAppender.java:resetClient(111)) - omNode-1@group-523986131536->omNode-3-GrpcLogAppender: Leader has not got in touch with Follower omNode-1@group-523986131536->omNode-3(c-1,m0,n141, attendVote=true, lastRpcSendTime=4, lastRpcResponseTime=23542) yet, just keep nextIndex unchanged and retry.
2021-01-12 11:01:21,944 [grpc-default-executor-2] WARN  server.GrpcLogAppender (LogUtils.java:warn(122)) - omNode-1@group-523986131536->omNode-3-AppendLogResponseHandler: Failed appendEntries: org.apache.ratis.thirdparty.io.grpc.StatusRuntimeException: UNAVAILABLE: io exception
2021-01-12 11:01:21,945 [grpc-default-executor-2] WARN  server.GrpcLogAppender (GrpcLogAppender.java:resetClient(111)) - omNode-1@group-523986131536->omNode-3-GrpcLogAppender: Leader has not got in touch with Follower omNode-1@group-523986131536->omNode-3(c-1,m0,n142, attendVote=true, lastRpcSendTime=106, lastRpcResponseTime=23649) yet, just keep nextIndex unchanged and retry.
2021-01-12 11:01:21,950 [grpc-default-executor-3] WARN  server.GrpcLogAppender (LogUtils.java:warn(122)) - omNode-1@group-523986131536->omNode-3-AppendLogResponseHandler: Failed appendEntries: org.apache.ratis.thirdparty.io.grpc.StatusRuntimeException: UNAVAILABLE: io exception
2021-01-12 11:01:21,950 [grpc-default-executor-3] WARN  server.GrpcLogAppender (GrpcLogAppender.java:resetClient(111)) - omNode-1@group-523986131536->omNode-3-GrpcLogAppender: Leader has not got in touch with Follower omNode-1@group-523986131536->omNode-3(c-1,m0,n143, attendVote=true, lastRpcSendTime=5, lastRpcResponseTime=23654) yet, just keep nextIndex unchanged and retry.
2021-01-12 11:01:21,967 [grpc-default-executor-3] WARN  server.GrpcLogAppender (LogUtils.java:warn(122)) - omNode-1@group-523986131536->omNode-3-AppendLogResponseHandler: Failed appendEntries: org.apache.ratis.thirdparty.io.grpc.StatusRuntimeException: UNAVAILABLE: io exception
2021-01-12 11:01:21,968 [grpc-default-executor-3] WARN  server.GrpcLogAppender (GrpcLogAppender.java:resetClient(111)) - omNode-1@group-523986131536->omNode-3-GrpcLogAppender: Leader has not got in touch with Follower omNode-1@group-523986131536->omNode-3(c-1,m0,n144, attendVote=true, lastRpcSendTime=0, lastRpcResponseTime=23672) yet, just keep nextIndex unchanged and retry.
2021-01-12 11:01:21,971 [grpc-default-executor-2] WARN  server.GrpcLogAppender (LogUtils.java:warn(122)) - omNode-1@group-523986131536->omNode-3-AppendLogResponseHandler: Failed appendEntries: org.apache.ratis.thirdparty.io.grpc.StatusRuntimeException: UNAVAILABLE: io exception
2021-01-12 11:01:21,971 [grpc-default-executor-2] WARN  server.GrpcLogAppender (GrpcLogAppender.java:resetClient(111)) - omNode-1@group-523986131536->omNode-3-GrpcLogAppender: Leader has not got in touch with Follower omNode-1@group-523986131536->omNode-3(c-1,m0,n145, attendVote=true, lastRpcSendTime=0, lastRpcResponseTime=23675) yet, just keep nextIndex unchanged and retry.
2021-01-12 11:01:22,076 [grpc-default-executor-2] WARN  server.GrpcLogAppender (LogUtils.java:warn(122)) - omNode-1@group-523986131536->omNode-3-AppendLogResponseHandler: Failed appendEntries: org.apache.ratis.thirdparty.io.grpc.StatusRuntimeException: UNAVAILABLE: io exception
2021-01-12 11:01:22,077 [grpc-default-executor-2] WARN  server.GrpcLogAppender (GrpcLogAppender.java:resetClient(111)) - omNode-1@group-523986131536->omNode-3-GrpcLogAppender: Leader has not got in touch with Follower omNode-1@group-523986131536->omNode-3(c-1,m0,n146, attendVote=true, lastRpcSendTime=106, lastRpcResponseTime=23781) yet, just keep nextIndex unchanged and retry.
2021-01-12 11:01:22,081 [grpc-default-executor-2] WARN  server.GrpcLogAppender (LogUtils.java:warn(122)) - omNode-1@group-523986131536->omNode-3-AppendLogResponseHandler: Failed appendEntries: org.apache.ratis.thirdparty.io.grpc.StatusRuntimeException: UNAVAILABLE: io exception
2021-01-12 11:01:22,082 [grpc-default-executor-2] WARN  server.GrpcLogAppender (GrpcLogAppender.java:resetClient(111)) - omNode-1@group-523986131536->omNode-3-GrpcLogAppender: Leader has not got in touch with Follower omNode-1@group-523986131536->omNode-3(c-1,m0,n147, attendVote=true, lastRpcSendTime=4, lastRpcResponseTime=23786) yet, just keep nextIndex unchanged and retry.
2021-01-12 11:01:22,103 [grpc-default-executor-2] WARN  server.GrpcLogAppender (LogUtils.java:warn(122)) - omNode-1@group-523986131536->omNode-3-AppendLogResponseHandler: Failed appendEntries: org.apache.ratis.thirdparty.io.grpc.StatusRuntimeException: UNAVAILABLE: io exception
2021-01-12 11:01:22,103 [grpc-default-executor-2] WARN  server.GrpcLogAppender (GrpcLogAppender.java:resetClient(111)) - omNode-1@group-523986131536->omNode-3-GrpcLogAppender: Leader has not got in touch with Follower omNode-1@group-523986131536->omNode-3(c-1,m0,n148, attendVote=true, lastRpcSendTime=21, lastRpcResponseTime=23807) yet, just keep nextIndex unchanged and retry.
2021-01-12 11:01:22,108 [grpc-default-executor-2] WARN  server.GrpcLogAppender (LogUtils.java:warn(122)) - omNode-1@group-523986131536->omNode-3-AppendLogResponseHandler: Failed appendEntries: org.apache.ratis.thirdparty.io.grpc.StatusRuntimeException: UNAVAILABLE: io exception
2021-01-12 11:01:22,109 [grpc-default-executor-2] WARN  server.GrpcLogAppender (GrpcLogAppender.java:resetClient(111)) - omNode-1@group-523986131536->omNode-3-GrpcLogAppender: Leader has not got in touch with Follower omNode-1@group-523986131536->omNode-3(c-1,m0,n149, attendVote=true, lastRpcSendTime=1, lastRpcResponseTime=23813) yet, just keep nextIndex unchanged and retry.
2021-01-12 11:01:22,115 [omNode-1@group-523986131536-StateMachineUpdater] INFO  ratis.OzoneManagerStateMachine (OzoneManagerStateMachine.java:takeSnapshot(345)) - Current Snapshot Index (t:2, i:148)
2021-01-12 11:01:22,115 [omNode-1@group-523986131536-StateMachineUpdater] INFO  impl.StateMachineUpdater (StateMachineUpdater.java:takeSnapshot(279)) - omNode-1@group-523986131536-StateMachineUpdater: Took a snapshot at index 148
2021-01-12 11:01:22,115 [omNode-1@group-523986131536-StateMachineUpdater] INFO  impl.StateMachineUpdater (StateMachineUpdater.java:lambda$new$0(88)) - omNode-1@group-523986131536-StateMachineUpdater: snapshotIndex: updateIncreasingly 98 -> 148
2021-01-12 11:01:22,115 [omNode-1@group-523986131536-StateMachineUpdater] INFO  raftlog.RaftLog (RaftLogBase.java:purge(306)) - omNode-1@group-523986131536-SegmentedRaftLog: purge 148
2021-01-12 11:01:22,115 [omNode-1@group-523986131536-StateMachineUpdater] INFO  raftlog.RaftLog (RaftLogBase.java:lambda$new$0(53)) - omNode-1@group-523986131536-SegmentedRaftLog: snapshotIndex: updateIncreasingly 98 -> 148
2021-01-12 11:01:22,115 [omNode-1@group-523986131536-StateMachineUpdater] INFO  raftlog.RaftLog (RaftLogBase.java:lambda$new$0(53)) - omNode-1@group-523986131536-SegmentedRaftLog: purgeIndex: updateToMax old=98, new=148, updated? true
2021-01-12 11:01:22,213 [grpc-default-executor-2] WARN  server.GrpcLogAppender (LogUtils.java:warn(122)) - omNode-1@group-523986131536->omNode-3-AppendLogResponseHandler: Failed appendEntries: org.apache.ratis.thirdparty.io.grpc.StatusRuntimeException: UNAVAILABLE: io exception
2021-01-12 11:01:22,213 [grpc-default-executor-2] WARN  server.GrpcLogAppender (GrpcLogAppender.java:resetClient(111)) - omNode-1@group-523986131536->omNode-3-GrpcLogAppender: Leader has not got in touch with Follower omNode-1@group-523986131536->omNode-3(c-1,m0,n150, attendVote=true, lastRpcSendTime=1, lastRpcResponseTime=23918) yet, just keep nextIndex unchanged and retry.
2021-01-12 11:01:22,222 [grpc-default-executor-2] WARN  server.GrpcLogAppender (LogUtils.java:warn(122)) - omNode-1@group-523986131536->omNode-3-AppendLogResponseHandler: Failed appendEntries: org.apache.ratis.thirdparty.io.grpc.StatusRuntimeException: UNAVAILABLE: io exception
2021-01-12 11:01:22,222 [grpc-default-executor-2] WARN  server.GrpcLogAppender (GrpcLogAppender.java:resetClient(111)) - omNode-1@group-523986131536->omNode-3-GrpcLogAppender: Leader has not got in touch with Follower omNode-1@group-523986131536->omNode-3(c-1,m0,n151, attendVote=true, lastRpcSendTime=2, lastRpcResponseTime=23927) yet, just keep nextIndex unchanged and retry.
2021-01-12 11:01:22,232 [grpc-default-executor-0] WARN  server.GrpcLogAppender (LogUtils.java:warn(122)) - omNode-1@group-523986131536->omNode-3-AppendLogResponseHandler: Failed appendEntries: org.apache.ratis.thirdparty.io.grpc.StatusRuntimeException: UNAVAILABLE: io exception
2021-01-12 11:01:22,232 [grpc-default-executor-0] WARN  server.GrpcLogAppender (GrpcLogAppender.java:resetClient(111)) - omNode-1@group-523986131536->omNode-3-GrpcLogAppender: Leader has not got in touch with Follower omNode-1@group-523986131536->omNode-3(c-1,m0,n152, attendVote=true, lastRpcSendTime=0, lastRpcResponseTime=23936) yet, just keep nextIndex unchanged and retry.
2021-01-12 11:01:22,233 [omNode-2@group-523986131536-StateMachineUpdater] INFO  ratis.OzoneManagerStateMachine (OzoneManagerStateMachine.java:takeSnapshot(345)) - Current Snapshot Index (t:2, i:149)
2021-01-12 11:01:22,233 [omNode-2@group-523986131536-StateMachineUpdater] INFO  impl.StateMachineUpdater (StateMachineUpdater.java:takeSnapshot(279)) - omNode-2@group-523986131536-StateMachineUpdater: Took a snapshot at index 149
2021-01-12 11:01:22,233 [omNode-2@group-523986131536-StateMachineUpdater] INFO  impl.StateMachineUpdater (StateMachineUpdater.java:lambda$new$0(88)) - omNode-2@group-523986131536-StateMachineUpdater: snapshotIndex: updateIncreasingly 99 -> 149
2021-01-12 11:01:22,233 [omNode-2@group-523986131536-StateMachineUpdater] INFO  raftlog.RaftLog (RaftLogBase.java:purge(306)) - omNode-2@group-523986131536-SegmentedRaftLog: purge 149
2021-01-12 11:01:22,233 [omNode-2@group-523986131536-StateMachineUpdater] INFO  raftlog.RaftLog (RaftLogBase.java:lambda$new$0(53)) - omNode-2@group-523986131536-SegmentedRaftLog: snapshotIndex: updateIncreasingly 99 -> 149
2021-01-12 11:01:22,234 [omNode-2@group-523986131536-StateMachineUpdater] INFO  raftlog.RaftLog (RaftLogBase.java:lambda$new$0(53)) - omNode-2@group-523986131536-SegmentedRaftLog: purgeIndex: updateToMax old=99, new=149, updated? true
2021-01-12 11:01:22,237 [grpc-default-executor-2] WARN  server.GrpcLogAppender (LogUtils.java:warn(122)) - omNode-1@group-523986131536->omNode-3-AppendLogResponseHandler: Failed appendEntries: org.apache.ratis.thirdparty.io.grpc.StatusRuntimeException: UNAVAILABLE: io exception
2021-01-12 11:01:22,238 [grpc-default-executor-2] WARN  server.GrpcLogAppender (GrpcLogAppender.java:resetClient(111)) - omNode-1@group-523986131536->omNode-3-GrpcLogAppender: Leader has not got in touch with Follower omNode-1@group-523986131536->omNode-3(c-1,m0,n153, attendVote=true, lastRpcSendTime=0, lastRpcResponseTime=23942) yet, just keep nextIndex unchanged and retry.
2021-01-12 11:01:22,347 [grpc-default-executor-0] WARN  server.GrpcLogAppender (LogUtils.java:warn(122)) - omNode-1@group-523986131536->omNode-3-AppendLogResponseHandler: Failed appendEntries: org.apache.ratis.thirdparty.io.grpc.StatusRuntimeException: UNAVAILABLE: io exception
2021-01-12 11:01:22,348 [grpc-default-executor-0] WARN  server.GrpcLogAppender (GrpcLogAppender.java:resetClient(111)) - omNode-1@group-523986131536->omNode-3-GrpcLogAppender: Leader has not got in touch with Follower omNode-1@group-523986131536->omNode-3(c-1,m0,n154, attendVote=true, lastRpcSendTime=110, lastRpcResponseTime=24052) yet, just keep nextIndex unchanged and retry.
2021-01-12 11:01:22,351 [grpc-default-executor-0] WARN  server.GrpcLogAppender (LogUtils.java:warn(122)) - omNode-1@group-523986131536->omNode-3-AppendLogResponseHandler: Failed appendEntries: org.apache.ratis.thirdparty.io.grpc.StatusRuntimeException: UNAVAILABLE: io exception
2021-01-12 11:01:22,352 [grpc-default-executor-0] WARN  server.GrpcLogAppender (GrpcLogAppender.java:resetClient(111)) - omNode-1@group-523986131536->omNode-3-GrpcLogAppender: Leader has not got in touch with Follower omNode-1@group-523986131536->omNode-3(c-1,m0,n155, attendVote=true, lastRpcSendTime=0, lastRpcResponseTime=24056) yet, just keep nextIndex unchanged and retry.
2021-01-12 11:01:22,372 [grpc-default-executor-0] WARN  server.GrpcLogAppender (LogUtils.java:warn(122)) - omNode-1@group-523986131536->omNode-3-AppendLogResponseHandler: Failed appendEntries: org.apache.ratis.thirdparty.io.grpc.StatusRuntimeException: UNAVAILABLE: io exception
2021-01-12 11:01:22,373 [grpc-default-executor-0] WARN  server.GrpcLogAppender (GrpcLogAppender.java:resetClient(111)) - omNode-1@group-523986131536->omNode-3-GrpcLogAppender: Leader has not got in touch with Follower omNode-1@group-523986131536->omNode-3(c-1,m0,n156, attendVote=true, lastRpcSendTime=0, lastRpcResponseTime=24077) yet, just keep nextIndex unchanged and retry.
2021-01-12 11:01:22,376 [grpc-default-executor-0] WARN  server.GrpcLogAppender (LogUtils.java:warn(122)) - omNode-1@group-523986131536->omNode-3-AppendLogResponseHandler: Failed appendEntries: org.apache.ratis.thirdparty.io.grpc.StatusRuntimeException: UNAVAILABLE: io exception
2021-01-12 11:01:22,376 [grpc-default-executor-0] WARN  server.GrpcLogAppender (GrpcLogAppender.java:resetClient(111)) - omNode-1@group-523986131536->omNode-3-GrpcLogAppender: Leader has not got in touch with Follower omNode-1@group-523986131536->omNode-3(c-1,m0,n157, attendVote=true, lastRpcSendTime=1, lastRpcResponseTime=24080) yet, just keep nextIndex unchanged and retry.
2021-01-12 11:01:22,482 [grpc-default-executor-0] WARN  server.GrpcLogAppender (LogUtils.java:warn(122)) - omNode-1@group-523986131536->omNode-3-AppendLogResponseHandler: Failed appendEntries: org.apache.ratis.thirdparty.io.grpc.StatusRuntimeException: UNAVAILABLE: io exception
2021-01-12 11:01:22,483 [grpc-default-executor-0] WARN  server.GrpcLogAppender (GrpcLogAppender.java:resetClient(111)) - omNode-1@group-523986131536->omNode-3-GrpcLogAppender: Leader has not got in touch with Follower omNode-1@group-523986131536->omNode-3(c-1,m0,n158, attendVote=true, lastRpcSendTime=0, lastRpcResponseTime=24187) yet, just keep nextIndex unchanged and retry.
2021-01-12 11:01:22,489 [grpc-default-executor-0] WARN  server.GrpcLogAppender (LogUtils.java:warn(122)) - omNode-1@group-523986131536->omNode-3-AppendLogResponseHandler: Failed appendEntries: org.apache.ratis.thirdparty.io.grpc.StatusRuntimeException: UNAVAILABLE: io exception
2021-01-12 11:01:22,490 [grpc-default-executor-0] WARN  server.GrpcLogAppender (GrpcLogAppender.java:resetClient(111)) - omNode-1@group-523986131536->omNode-3-GrpcLogAppender: Leader has not got in touch with Follower omNode-1@group-523986131536->omNode-3(c-1,m0,n159, attendVote=true, lastRpcSendTime=1, lastRpcResponseTime=24194) yet, just keep nextIndex unchanged and retry.
2021-01-12 11:01:22,505 [grpc-default-executor-3] WARN  server.GrpcLogAppender (LogUtils.java:warn(122)) - omNode-1@group-523986131536->omNode-3-AppendLogResponseHandler: Failed appendEntries: org.apache.ratis.thirdparty.io.grpc.StatusRuntimeException: UNAVAILABLE: io exception
2021-01-12 11:01:22,506 [grpc-default-executor-3] WARN  server.GrpcLogAppender (GrpcLogAppender.java:resetClient(111)) - omNode-1@group-523986131536->omNode-3-GrpcLogAppender: Leader has not got in touch with Follower omNode-1@group-523986131536->omNode-3(c-1,m0,n160, attendVote=true, lastRpcSendTime=0, lastRpcResponseTime=24210) yet, just keep nextIndex unchanged and retry.
2021-01-12 11:01:22,509 [grpc-default-executor-3] WARN  server.GrpcLogAppender (LogUtils.java:warn(122)) - omNode-1@group-523986131536->omNode-3-AppendLogResponseHandler: Failed appendEntries: org.apache.ratis.thirdparty.io.grpc.StatusRuntimeException: UNAVAILABLE: io exception
2021-01-12 11:01:22,510 [grpc-default-executor-3] WARN  server.GrpcLogAppender (GrpcLogAppender.java:resetClient(111)) - omNode-1@group-523986131536->omNode-3-GrpcLogAppender: Leader has not got in touch with Follower omNode-1@group-523986131536->omNode-3(c-1,m0,n161, attendVote=true, lastRpcSendTime=1, lastRpcResponseTime=24214) yet, just keep nextIndex unchanged and retry.
2021-01-12 11:01:22,615 [grpc-default-executor-3] WARN  server.GrpcLogAppender (LogUtils.java:warn(122)) - omNode-1@group-523986131536->omNode-3-AppendLogResponseHandler: Failed appendEntries: org.apache.ratis.thirdparty.io.grpc.StatusRuntimeException: UNAVAILABLE: io exception
2021-01-12 11:01:22,616 [grpc-default-executor-3] WARN  server.GrpcLogAppender (GrpcLogAppender.java:resetClient(111)) - omNode-1@group-523986131536->omNode-3-GrpcLogAppender: Leader has not got in touch with Follower omNode-1@group-523986131536->omNode-3(c-1,m0,n162, attendVote=true, lastRpcSendTime=0, lastRpcResponseTime=24320) yet, just keep nextIndex unchanged and retry.
2021-01-12 11:01:22,620 [grpc-default-executor-3] WARN  server.GrpcLogAppender (LogUtils.java:warn(122)) - omNode-1@group-523986131536->omNode-3-AppendLogResponseHandler: Failed appendEntries: org.apache.ratis.thirdparty.io.grpc.StatusRuntimeException: UNAVAILABLE: io exception
2021-01-12 11:01:22,621 [grpc-default-executor-3] WARN  server.GrpcLogAppender (GrpcLogAppender.java:resetClient(111)) - omNode-1@group-523986131536->omNode-3-GrpcLogAppender: Leader has not got in touch with Follower omNode-1@group-523986131536->omNode-3(c-1,m0,n163, attendVote=true, lastRpcSendTime=1, lastRpcResponseTime=24325) yet, just keep nextIndex unchanged and retry.
2021-01-12 11:01:22,639 [grpc-default-executor-3] WARN  server.GrpcLogAppender (LogUtils.java:warn(122)) - omNode-1@group-523986131536->omNode-3-AppendLogResponseHandler: Failed appendEntries: org.apache.ratis.thirdparty.io.grpc.StatusRuntimeException: UNAVAILABLE: io exception
2021-01-12 11:01:22,640 [grpc-default-executor-3] WARN  server.GrpcLogAppender (GrpcLogAppender.java:resetClient(111)) - omNode-1@group-523986131536->omNode-3-GrpcLogAppender: Leader has not got in touch with Follower omNode-1@group-523986131536->omNode-3(c-1,m0,n164, attendVote=true, lastRpcSendTime=0, lastRpcResponseTime=24344) yet, just keep nextIndex unchanged and retry.
2021-01-12 11:01:22,644 [grpc-default-executor-3] WARN  server.GrpcLogAppender (LogUtils.java:warn(122)) - omNode-1@group-523986131536->omNode-3-AppendLogResponseHandler: Failed appendEntries: org.apache.ratis.thirdparty.io.grpc.StatusRuntimeException: UNAVAILABLE: io exception
2021-01-12 11:01:22,644 [grpc-default-executor-3] WARN  server.GrpcLogAppender (GrpcLogAppender.java:resetClient(111)) - omNode-1@group-523986131536->omNode-3-GrpcLogAppender: Leader has not got in touch with Follower omNode-1@group-523986131536->omNode-3(c-1,m0,n165, attendVote=true, lastRpcSendTime=0, lastRpcResponseTime=24349) yet, just keep nextIndex unchanged and retry.
2021-01-12 11:01:22,748 [grpc-default-executor-3] WARN  server.GrpcLogAppender (LogUtils.java:warn(122)) - omNode-1@group-523986131536->omNode-3-AppendLogResponseHandler: Failed appendEntries: org.apache.ratis.thirdparty.io.grpc.StatusRuntimeException: UNAVAILABLE: io exception
2021-01-12 11:01:22,748 [grpc-default-executor-3] WARN  server.GrpcLogAppender (GrpcLogAppender.java:resetClient(111)) - omNode-1@group-523986131536->omNode-3-GrpcLogAppender: Leader has not got in touch with Follower omNode-1@group-523986131536->omNode-3(c-1,m0,n166, attendVote=true, lastRpcSendTime=104, lastRpcResponseTime=24452) yet, just keep nextIndex unchanged and retry.
2021-01-12 11:01:22,751 [grpc-default-executor-3] WARN  server.GrpcLogAppender (LogUtils.java:warn(122)) - omNode-1@group-523986131536->omNode-3-AppendLogResponseHandler: Failed appendEntries: org.apache.ratis.thirdparty.io.grpc.StatusRuntimeException: UNAVAILABLE: io exception
2021-01-12 11:01:22,751 [grpc-default-executor-3] WARN  server.GrpcLogAppender (GrpcLogAppender.java:resetClient(111)) - omNode-1@group-523986131536->omNode-3-GrpcLogAppender: Leader has not got in touch with Follower omNode-1@group-523986131536->omNode-3(c-1,m0,n167, attendVote=true, lastRpcSendTime=2, lastRpcResponseTime=24455) yet, just keep nextIndex unchanged and retry.
2021-01-12 11:01:22,762 [grpc-default-executor-2] WARN  server.GrpcLogAppender (LogUtils.java:warn(122)) - omNode-1@group-523986131536->omNode-3-AppendLogResponseHandler: Failed appendEntries: org.apache.ratis.thirdparty.io.grpc.StatusRuntimeException: UNAVAILABLE: io exception
2021-01-12 11:01:22,763 [grpc-default-executor-2] WARN  server.GrpcLogAppender (GrpcLogAppender.java:resetClient(111)) - omNode-1@group-523986131536->omNode-3-GrpcLogAppender: Leader has not got in touch with Follower omNode-1@group-523986131536->omNode-3(c-1,m0,n168, attendVote=true, lastRpcSendTime=1, lastRpcResponseTime=24467) yet, just keep nextIndex unchanged and retry.
2021-01-12 11:01:22,767 [grpc-default-executor-3] WARN  server.GrpcLogAppender (LogUtils.java:warn(122)) - omNode-1@group-523986131536->omNode-3-AppendLogResponseHandler: Failed appendEntries: org.apache.ratis.thirdparty.io.grpc.StatusRuntimeException: UNAVAILABLE: io exception
2021-01-12 11:01:22,767 [grpc-default-executor-3] WARN  server.GrpcLogAppender (GrpcLogAppender.java:resetClient(111)) - omNode-1@group-523986131536->omNode-3-GrpcLogAppender: Leader has not got in touch with Follower omNode-1@group-523986131536->omNode-3(c-1,m0,n169, attendVote=true, lastRpcSendTime=0, lastRpcResponseTime=24471) yet, just keep nextIndex unchanged and retry.
2021-01-12 11:01:22,873 [grpc-default-executor-3] WARN  server.GrpcLogAppender (LogUtils.java:warn(122)) - omNode-1@group-523986131536->omNode-3-AppendLogResponseHandler: Failed appendEntries: org.apache.ratis.thirdparty.io.grpc.StatusRuntimeException: UNAVAILABLE: io exception
2021-01-12 11:01:22,874 [grpc-default-executor-3] WARN  server.GrpcLogAppender (GrpcLogAppender.java:resetClient(111)) - omNode-1@group-523986131536->omNode-3-GrpcLogAppender: Leader has not got in touch with Follower omNode-1@group-523986131536->omNode-3(c-1,m0,n170, attendVote=true, lastRpcSendTime=0, lastRpcResponseTime=24578) yet, just keep nextIndex unchanged and retry.
2021-01-12 11:01:22,881 [grpc-default-executor-2] WARN  server.GrpcLogAppender (LogUtils.java:warn(122)) - omNode-1@group-523986131536->omNode-3-AppendLogResponseHandler: Failed appendEntries: org.apache.ratis.thirdparty.io.grpc.StatusRuntimeException: UNAVAILABLE: io exception
2021-01-12 11:01:22,882 [grpc-default-executor-2] WARN  server.GrpcLogAppender (GrpcLogAppender.java:resetClient(111)) - omNode-1@group-523986131536->omNode-3-GrpcLogAppender: Leader has not got in touch with Follower omNode-1@group-523986131536->omNode-3(c-1,m0,n171, attendVote=true, lastRpcSendTime=1, lastRpcResponseTime=24586) yet, just keep nextIndex unchanged and retry.
2021-01-12 11:01:22,900 [grpc-default-executor-3] WARN  server.GrpcLogAppender (LogUtils.java:warn(122)) - omNode-1@group-523986131536->omNode-3-AppendLogResponseHandler: Failed appendEntries: org.apache.ratis.thirdparty.io.grpc.StatusRuntimeException: UNAVAILABLE: io exception
2021-01-12 11:01:22,900 [grpc-default-executor-3] WARN  server.GrpcLogAppender (GrpcLogAppender.java:resetClient(111)) - omNode-1@group-523986131536->omNode-3-GrpcLogAppender: Leader has not got in touch with Follower omNode-1@group-523986131536->omNode-3(c-1,m0,n172, attendVote=true, lastRpcSendTime=19, lastRpcResponseTime=24604) yet, just keep nextIndex unchanged and retry.
2021-01-12 11:01:22,914 [grpc-default-executor-3] WARN  server.GrpcLogAppender (LogUtils.java:warn(122)) - omNode-1@group-523986131536->omNode-3-AppendLogResponseHandler: Failed appendEntries: org.apache.ratis.thirdparty.io.grpc.StatusRuntimeException: UNAVAILABLE: io exception
2021-01-12 11:01:22,915 [grpc-default-executor-3] WARN  server.GrpcLogAppender (GrpcLogAppender.java:resetClient(111)) - omNode-1@group-523986131536->omNode-3-GrpcLogAppender: Leader has not got in touch with Follower omNode-1@group-523986131536->omNode-3(c-1,m0,n173, attendVote=true, lastRpcSendTime=0, lastRpcResponseTime=24619) yet, just keep nextIndex unchanged and retry.
2021-01-12 11:01:23,018 [grpc-default-executor-3] WARN  server.GrpcLogAppender (LogUtils.java:warn(122)) - omNode-1@group-523986131536->omNode-3-AppendLogResponseHandler: Failed appendEntries: org.apache.ratis.thirdparty.io.grpc.StatusRuntimeException: UNAVAILABLE: io exception
2021-01-12 11:01:23,018 [grpc-default-executor-3] WARN  server.GrpcLogAppender (GrpcLogAppender.java:resetClient(111)) - omNode-1@group-523986131536->omNode-3-GrpcLogAppender: Leader has not got in touch with Follower omNode-1@group-523986131536->omNode-3(c-1,m0,n174, attendVote=true, lastRpcSendTime=104, lastRpcResponseTime=24722) yet, just keep nextIndex unchanged and retry.
2021-01-12 11:01:23,021 [grpc-default-executor-3] WARN  server.GrpcLogAppender (LogUtils.java:warn(122)) - omNode-1@group-523986131536->omNode-3-AppendLogResponseHandler: Failed appendEntries: org.apache.ratis.thirdparty.io.grpc.StatusRuntimeException: UNAVAILABLE: io exception
2021-01-12 11:01:23,022 [grpc-default-executor-3] WARN  server.GrpcLogAppender (GrpcLogAppender.java:resetClient(111)) - omNode-1@group-523986131536->omNode-3-GrpcLogAppender: Leader has not got in touch with Follower omNode-1@group-523986131536->omNode-3(c-1,m0,n175, attendVote=true, lastRpcSendTime=2, lastRpcResponseTime=24726) yet, just keep nextIndex unchanged and retry.
2021-01-12 11:01:23,049 [grpc-default-executor-3] WARN  server.GrpcLogAppender (LogUtils.java:warn(122)) - omNode-1@group-523986131536->omNode-3-AppendLogResponseHandler: Failed appendEntries: org.apache.ratis.thirdparty.io.grpc.StatusRuntimeException: UNAVAILABLE: io exception
2021-01-12 11:01:23,050 [grpc-default-executor-3] WARN  server.GrpcLogAppender (GrpcLogAppender.java:resetClient(111)) - omNode-1@group-523986131536->omNode-3-GrpcLogAppender: Leader has not got in touch with Follower omNode-1@group-523986131536->omNode-3(c-1,m0,n176, attendVote=true, lastRpcSendTime=0, lastRpcResponseTime=24754) yet, just keep nextIndex unchanged and retry.
2021-01-12 11:01:23,053 [grpc-default-executor-3] WARN  server.GrpcLogAppender (LogUtils.java:warn(122)) - omNode-1@group-523986131536->omNode-3-AppendLogResponseHandler: Failed appendEntries: org.apache.ratis.thirdparty.io.grpc.StatusRuntimeException: UNAVAILABLE: io exception
2021-01-12 11:01:23,053 [grpc-default-executor-3] WARN  server.GrpcLogAppender (GrpcLogAppender.java:resetClient(111)) - omNode-1@group-523986131536->omNode-3-GrpcLogAppender: Leader has not got in touch with Follower omNode-1@group-523986131536->omNode-3(c-1,m0,n177, attendVote=true, lastRpcSendTime=3, lastRpcResponseTime=24757) yet, just keep nextIndex unchanged and retry.
2021-01-12 11:01:23,159 [grpc-default-executor-0] WARN  server.GrpcLogAppender (LogUtils.java:warn(122)) - omNode-1@group-523986131536->omNode-3-AppendLogResponseHandler: Failed appendEntries: org.apache.ratis.thirdparty.io.grpc.StatusRuntimeException: UNAVAILABLE: io exception
2021-01-12 11:01:23,160 [grpc-default-executor-0] WARN  server.GrpcLogAppender (GrpcLogAppender.java:resetClient(111)) - omNode-1@group-523986131536->omNode-3-GrpcLogAppender: Leader has not got in touch with Follower omNode-1@group-523986131536->omNode-3(c-1,m0,n178, attendVote=true, lastRpcSendTime=1, lastRpcResponseTime=24864) yet, just keep nextIndex unchanged and retry.
2021-01-12 11:01:23,171 [grpc-default-executor-0] WARN  server.GrpcLogAppender (LogUtils.java:warn(122)) - omNode-1@group-523986131536->omNode-3-AppendLogResponseHandler: Failed appendEntries: org.apache.ratis.thirdparty.io.grpc.StatusRuntimeException: UNAVAILABLE: io exception
2021-01-12 11:01:23,172 [grpc-default-executor-0] WARN  server.GrpcLogAppender (GrpcLogAppender.java:resetClient(111)) - omNode-1@group-523986131536->omNode-3-GrpcLogAppender: Leader has not got in touch with Follower omNode-1@group-523986131536->omNode-3(c-1,m0,n179, attendVote=true, lastRpcSendTime=13, lastRpcResponseTime=24876) yet, just keep nextIndex unchanged and retry.
2021-01-12 11:01:23,203 [grpc-default-executor-0] WARN  server.GrpcLogAppender (LogUtils.java:warn(122)) - omNode-1@group-523986131536->omNode-3-AppendLogResponseHandler: Failed appendEntries: org.apache.ratis.thirdparty.io.grpc.StatusRuntimeException: UNAVAILABLE: io exception
2021-01-12 11:01:23,204 [grpc-default-executor-0] WARN  server.GrpcLogAppender (GrpcLogAppender.java:resetClient(111)) - omNode-1@group-523986131536->omNode-3-GrpcLogAppender: Leader has not got in touch with Follower omNode-1@group-523986131536->omNode-3(c-1,m0,n180, attendVote=true, lastRpcSendTime=31, lastRpcResponseTime=24908) yet, just keep nextIndex unchanged and retry.
2021-01-12 11:01:23,212 [grpc-default-executor-0] WARN  server.GrpcLogAppender (LogUtils.java:warn(122)) - omNode-1@group-523986131536->omNode-3-AppendLogResponseHandler: Failed appendEntries: org.apache.ratis.thirdparty.io.grpc.StatusRuntimeException: UNAVAILABLE: io exception
2021-01-12 11:01:23,213 [grpc-default-executor-0] WARN  server.GrpcLogAppender (GrpcLogAppender.java:resetClient(111)) - omNode-1@group-523986131536->omNode-3-GrpcLogAppender: Leader has not got in touch with Follower omNode-1@group-523986131536->omNode-3(c-1,m0,n181, attendVote=true, lastRpcSendTime=7, lastRpcResponseTime=24917) yet, just keep nextIndex unchanged and retry.
2021-01-12 11:01:23,317 [grpc-default-executor-0] WARN  server.GrpcLogAppender (LogUtils.java:warn(122)) - omNode-1@group-523986131536->omNode-3-AppendLogResponseHandler: Failed appendEntries: org.apache.ratis.thirdparty.io.grpc.StatusRuntimeException: UNAVAILABLE: io exception
2021-01-12 11:01:23,317 [grpc-default-executor-0] WARN  server.GrpcLogAppender (GrpcLogAppender.java:resetClient(111)) - omNode-1@group-523986131536->omNode-3-GrpcLogAppender: Leader has not got in touch with Follower omNode-1@group-523986131536->omNode-3(c-1,m0,n182, attendVote=true, lastRpcSendTime=0, lastRpcResponseTime=25021) yet, just keep nextIndex unchanged and retry.
2021-01-12 11:01:23,329 [grpc-default-executor-0] WARN  server.GrpcLogAppender (LogUtils.java:warn(122)) - omNode-1@group-523986131536->omNode-3-AppendLogResponseHandler: Failed appendEntries: org.apache.ratis.thirdparty.io.grpc.StatusRuntimeException: UNAVAILABLE: io exception
2021-01-12 11:01:23,329 [grpc-default-executor-0] WARN  server.GrpcLogAppender (GrpcLogAppender.java:resetClient(111)) - omNode-1@group-523986131536->omNode-3-GrpcLogAppender: Leader has not got in touch with Follower omNode-1@group-523986131536->omNode-3(c-1,m0,n183, attendVote=true, lastRpcSendTime=3, lastRpcResponseTime=25034) yet, just keep nextIndex unchanged and retry.
2021-01-12 11:01:23,338 [grpc-default-executor-0] WARN  server.GrpcLogAppender (LogUtils.java:warn(122)) - omNode-1@group-523986131536->omNode-3-AppendLogResponseHandler: Failed appendEntries: org.apache.ratis.thirdparty.io.grpc.StatusRuntimeException: UNAVAILABLE: io exception
2021-01-12 11:01:23,339 [grpc-default-executor-0] WARN  server.GrpcLogAppender (GrpcLogAppender.java:resetClient(111)) - omNode-1@group-523986131536->omNode-3-GrpcLogAppender: Leader has not got in touch with Follower omNode-1@group-523986131536->omNode-3(c-1,m0,n184, attendVote=true, lastRpcSendTime=13, lastRpcResponseTime=25043) yet, just keep nextIndex unchanged and retry.
2021-01-12 11:01:23,349 [grpc-default-executor-0] WARN  server.GrpcLogAppender (LogUtils.java:warn(122)) - omNode-1@group-523986131536->omNode-3-AppendLogResponseHandler: Failed appendEntries: org.apache.ratis.thirdparty.io.grpc.StatusRuntimeException: UNAVAILABLE: io exception
2021-01-12 11:01:23,350 [grpc-default-executor-0] WARN  server.GrpcLogAppender (GrpcLogAppender.java:resetClient(111)) - omNode-1@group-523986131536->omNode-3-GrpcLogAppender: Leader has not got in touch with Follower omNode-1@group-523986131536->omNode-3(c-1,m0,n185, attendVote=true, lastRpcSendTime=0, lastRpcResponseTime=25054) yet, just keep nextIndex unchanged and retry.
2021-01-12 11:01:23,454 [grpc-default-executor-0] WARN  server.GrpcLogAppender (LogUtils.java:warn(122)) - omNode-1@group-523986131536->omNode-3-AppendLogResponseHandler: Failed appendEntries: org.apache.ratis.thirdparty.io.grpc.StatusRuntimeException: UNAVAILABLE: io exception
2021-01-12 11:01:23,455 [grpc-default-executor-0] WARN  server.GrpcLogAppender (GrpcLogAppender.java:resetClient(111)) - omNode-1@group-523986131536->omNode-3-GrpcLogAppender: Leader has not got in touch with Follower omNode-1@group-523986131536->omNode-3(c-1,m0,n186, attendVote=true, lastRpcSendTime=105, lastRpcResponseTime=25159) yet, just keep nextIndex unchanged and retry.
2021-01-12 11:01:23,472 [grpc-default-executor-0] WARN  server.GrpcLogAppender (LogUtils.java:warn(122)) - omNode-1@group-523986131536->omNode-3-AppendLogResponseHandler: Failed appendEntries: org.apache.ratis.thirdparty.io.grpc.StatusRuntimeException: UNAVAILABLE: io exception
2021-01-12 11:01:23,473 [grpc-default-executor-0] WARN  server.GrpcLogAppender (GrpcLogAppender.java:resetClient(111)) - omNode-1@group-523986131536->omNode-3-GrpcLogAppender: Leader has not got in touch with Follower omNode-1@group-523986131536->omNode-3(c-1,m0,n187, attendVote=true, lastRpcSendTime=17, lastRpcResponseTime=25177) yet, just keep nextIndex unchanged and retry.
2021-01-12 11:01:23,497 [grpc-default-executor-2] WARN  server.GrpcLogAppender (LogUtils.java:warn(122)) - omNode-1@group-523986131536->omNode-3-AppendLogResponseHandler: Failed appendEntries: org.apache.ratis.thirdparty.io.grpc.StatusRuntimeException: UNAVAILABLE: io exception
2021-01-12 11:01:23,498 [grpc-default-executor-2] WARN  server.GrpcLogAppender (GrpcLogAppender.java:resetClient(111)) - omNode-1@group-523986131536->omNode-3-GrpcLogAppender: Leader has not got in touch with Follower omNode-1@group-523986131536->omNode-3(c-1,m0,n188, attendVote=true, lastRpcSendTime=24, lastRpcResponseTime=25202) yet, just keep nextIndex unchanged and retry.
2021-01-12 11:01:23,511 [grpc-default-executor-2] WARN  server.GrpcLogAppender (LogUtils.java:warn(122)) - omNode-1@group-523986131536->omNode-3-AppendLogResponseHandler: Failed appendEntries: org.apache.ratis.thirdparty.io.grpc.StatusRuntimeException: UNAVAILABLE: io exception
2021-01-12 11:01:23,512 [grpc-default-executor-2] WARN  server.GrpcLogAppender (GrpcLogAppender.java:resetClient(111)) - omNode-1@group-523986131536->omNode-3-GrpcLogAppender: Leader has not got in touch with Follower omNode-1@group-523986131536->omNode-3(c-1,m0,n189, attendVote=true, lastRpcSendTime=0, lastRpcResponseTime=25216) yet, just keep nextIndex unchanged and retry.
2021-01-12 11:01:23,616 [grpc-default-executor-2] WARN  server.GrpcLogAppender (LogUtils.java:warn(122)) - omNode-1@group-523986131536->omNode-3-AppendLogResponseHandler: Failed appendEntries: org.apache.ratis.thirdparty.io.grpc.StatusRuntimeException: UNAVAILABLE: io exception
2021-01-12 11:01:23,617 [grpc-default-executor-2] WARN  server.GrpcLogAppender (GrpcLogAppender.java:resetClient(111)) - omNode-1@group-523986131536->omNode-3-GrpcLogAppender: Leader has not got in touch with Follower omNode-1@group-523986131536->omNode-3(c-1,m0,n190, attendVote=true, lastRpcSendTime=105, lastRpcResponseTime=25321) yet, just keep nextIndex unchanged and retry.
2021-01-12 11:01:23,625 [grpc-default-executor-2] WARN  server.GrpcLogAppender (LogUtils.java:warn(122)) - omNode-1@group-523986131536->omNode-3-AppendLogResponseHandler: Failed appendEntries: org.apache.ratis.thirdparty.io.grpc.StatusRuntimeException: UNAVAILABLE: io exception
2021-01-12 11:01:23,625 [grpc-default-executor-2] WARN  server.GrpcLogAppender (GrpcLogAppender.java:resetClient(111)) - omNode-1@group-523986131536->omNode-3-GrpcLogAppender: Leader has not got in touch with Follower omNode-1@group-523986131536->omNode-3(c-1,m0,n191, attendVote=true, lastRpcSendTime=1, lastRpcResponseTime=25329) yet, just keep nextIndex unchanged and retry.
2021-01-12 11:01:23,642 [grpc-default-executor-0] WARN  server.GrpcLogAppender (LogUtils.java:warn(122)) - omNode-1@group-523986131536->omNode-3-AppendLogResponseHandler: Failed appendEntries: org.apache.ratis.thirdparty.io.grpc.StatusRuntimeException: UNAVAILABLE: io exception
2021-01-12 11:01:23,642 [grpc-default-executor-0] WARN  server.GrpcLogAppender (GrpcLogAppender.java:resetClient(111)) - omNode-1@group-523986131536->omNode-3-GrpcLogAppender: Leader has not got in touch with Follower omNode-1@group-523986131536->omNode-3(c-1,m0,n192, attendVote=true, lastRpcSendTime=0, lastRpcResponseTime=25346) yet, just keep nextIndex unchanged and retry.
2021-01-12 11:01:23,647 [grpc-default-executor-0] WARN  server.GrpcLogAppender (LogUtils.java:warn(122)) - omNode-1@group-523986131536->omNode-3-AppendLogResponseHandler: Failed appendEntries: org.apache.ratis.thirdparty.io.grpc.StatusRuntimeException: UNAVAILABLE: io exception
2021-01-12 11:01:23,648 [grpc-default-executor-0] WARN  server.GrpcLogAppender (GrpcLogAppender.java:resetClient(111)) - omNode-1@group-523986131536->omNode-3-GrpcLogAppender: Leader has not got in touch with Follower omNode-1@group-523986131536->omNode-3(c-1,m0,n193, attendVote=true, lastRpcSendTime=1, lastRpcResponseTime=25352) yet, just keep nextIndex unchanged and retry.
2021-01-12 11:01:23,753 [grpc-default-executor-0] WARN  server.GrpcLogAppender (LogUtils.java:warn(122)) - omNode-1@group-523986131536->omNode-3-AppendLogResponseHandler: Failed appendEntries: org.apache.ratis.thirdparty.io.grpc.StatusRuntimeException: UNAVAILABLE: io exception
2021-01-12 11:01:23,753 [grpc-default-executor-0] WARN  server.GrpcLogAppender (GrpcLogAppender.java:resetClient(111)) - omNode-1@group-523986131536->omNode-3-GrpcLogAppender: Leader has not got in touch with Follower omNode-1@group-523986131536->omNode-3(c-1,m0,n194, attendVote=true, lastRpcSendTime=0, lastRpcResponseTime=25457) yet, just keep nextIndex unchanged and retry.
2021-01-12 11:01:23,758 [grpc-default-executor-0] WARN  server.GrpcLogAppender (LogUtils.java:warn(122)) - omNode-1@group-523986131536->omNode-3-AppendLogResponseHandler: Failed appendEntries: org.apache.ratis.thirdparty.io.grpc.StatusRuntimeException: UNAVAILABLE: io exception
2021-01-12 11:01:23,759 [grpc-default-executor-0] WARN  server.GrpcLogAppender (GrpcLogAppender.java:resetClient(111)) - omNode-1@group-523986131536->omNode-3-GrpcLogAppender: Leader has not got in touch with Follower omNode-1@group-523986131536->omNode-3(c-1,m0,n195, attendVote=true, lastRpcSendTime=1, lastRpcResponseTime=25463) yet, just keep nextIndex unchanged and retry.
2021-01-12 11:01:23,776 [grpc-default-executor-0] WARN  server.GrpcLogAppender (LogUtils.java:warn(122)) - omNode-1@group-523986131536->omNode-3-AppendLogResponseHandler: Failed appendEntries: org.apache.ratis.thirdparty.io.grpc.StatusRuntimeException: UNAVAILABLE: io exception
2021-01-12 11:01:23,777 [grpc-default-executor-0] WARN  server.GrpcLogAppender (GrpcLogAppender.java:resetClient(111)) - omNode-1@group-523986131536->omNode-3-GrpcLogAppender: Leader has not got in touch with Follower omNode-1@group-523986131536->omNode-3(c-1,m0,n196, attendVote=true, lastRpcSendTime=1, lastRpcResponseTime=25481) yet, just keep nextIndex unchanged and retry.
2021-01-12 11:01:23,781 [grpc-default-executor-0] WARN  server.GrpcLogAppender (LogUtils.java:warn(122)) - omNode-1@group-523986131536->omNode-3-AppendLogResponseHandler: Failed appendEntries: org.apache.ratis.thirdparty.io.grpc.StatusRuntimeException: UNAVAILABLE: io exception
2021-01-12 11:01:23,782 [grpc-default-executor-0] WARN  server.GrpcLogAppender (GrpcLogAppender.java:resetClient(111)) - omNode-1@group-523986131536->omNode-3-GrpcLogAppender: Leader has not got in touch with Follower omNode-1@group-523986131536->omNode-3(c-1,m0,n197, attendVote=true, lastRpcSendTime=1, lastRpcResponseTime=25486) yet, just keep nextIndex unchanged and retry.
2021-01-12 11:01:23,886 [grpc-default-executor-2] WARN  server.GrpcLogAppender (LogUtils.java:warn(122)) - omNode-1@group-523986131536->omNode-3-AppendLogResponseHandler: Failed appendEntries: org.apache.ratis.thirdparty.io.grpc.StatusRuntimeException: UNAVAILABLE: io exception
2021-01-12 11:01:23,887 [grpc-default-executor-2] WARN  server.GrpcLogAppender (GrpcLogAppender.java:resetClient(111)) - omNode-1@group-523986131536->omNode-3-GrpcLogAppender: Leader has not got in touch with Follower omNode-1@group-523986131536->omNode-3(c-1,m0,n198, attendVote=true, lastRpcSendTime=0, lastRpcResponseTime=25591) yet, just keep nextIndex unchanged and retry.
2021-01-12 11:01:23,894 [grpc-default-executor-2] WARN  server.GrpcLogAppender (LogUtils.java:warn(122)) - omNode-1@group-523986131536->omNode-3-AppendLogResponseHandler: Failed appendEntries: org.apache.ratis.thirdparty.io.grpc.StatusRuntimeException: UNAVAILABLE: io exception
2021-01-12 11:01:23,894 [grpc-default-executor-2] WARN  server.GrpcLogAppender (GrpcLogAppender.java:resetClient(111)) - omNode-1@group-523986131536->omNode-3-GrpcLogAppender: Leader has not got in touch with Follower omNode-1@group-523986131536->omNode-3(c-1,m0,n199, attendVote=true, lastRpcSendTime=1, lastRpcResponseTime=25598) yet, just keep nextIndex unchanged and retry.
2021-01-12 11:01:23,907 [omNode-1@group-523986131536-StateMachineUpdater] INFO  ratis.OzoneManagerStateMachine (OzoneManagerStateMachine.java:takeSnapshot(345)) - Current Snapshot Index (t:2, i:198)
2021-01-12 11:01:23,907 [omNode-1@group-523986131536-StateMachineUpdater] INFO  impl.StateMachineUpdater (StateMachineUpdater.java:takeSnapshot(279)) - omNode-1@group-523986131536-StateMachineUpdater: Took a snapshot at index 198
2021-01-12 11:01:23,907 [omNode-1@group-523986131536-StateMachineUpdater] INFO  impl.StateMachineUpdater (StateMachineUpdater.java:lambda$new$0(88)) - omNode-1@group-523986131536-StateMachineUpdater: snapshotIndex: updateIncreasingly 148 -> 198
2021-01-12 11:01:23,907 [omNode-1@group-523986131536-StateMachineUpdater] INFO  raftlog.RaftLog (RaftLogBase.java:purge(306)) - omNode-1@group-523986131536-SegmentedRaftLog: purge 198
2021-01-12 11:01:23,907 [omNode-1@group-523986131536-StateMachineUpdater] INFO  raftlog.RaftLog (RaftLogBase.java:lambda$new$0(53)) - omNode-1@group-523986131536-SegmentedRaftLog: snapshotIndex: updateIncreasingly 148 -> 198
2021-01-12 11:01:23,907 [omNode-1@group-523986131536-StateMachineUpdater] INFO  raftlog.RaftLog (RaftLogBase.java:lambda$new$0(53)) - omNode-1@group-523986131536-SegmentedRaftLog: purgeIndex: updateToMax old=148, new=198, updated? true
2021-01-12 11:01:23,912 [omNode-2@group-523986131536-StateMachineUpdater] INFO  ratis.OzoneManagerStateMachine (OzoneManagerStateMachine.java:takeSnapshot(345)) - Current Snapshot Index (t:2, i:199)
2021-01-12 11:01:23,912 [omNode-2@group-523986131536-StateMachineUpdater] INFO  impl.StateMachineUpdater (StateMachineUpdater.java:takeSnapshot(279)) - omNode-2@group-523986131536-StateMachineUpdater: Took a snapshot at index 199
2021-01-12 11:01:23,912 [omNode-2@group-523986131536-StateMachineUpdater] INFO  impl.StateMachineUpdater (StateMachineUpdater.java:lambda$new$0(88)) - omNode-2@group-523986131536-StateMachineUpdater: snapshotIndex: updateIncreasingly 149 -> 199
2021-01-12 11:01:23,912 [grpc-default-executor-2] WARN  server.GrpcLogAppender (LogUtils.java:warn(122)) - omNode-1@group-523986131536->omNode-3-AppendLogResponseHandler: Failed appendEntries: org.apache.ratis.thirdparty.io.grpc.StatusRuntimeException: UNAVAILABLE: io exception
2021-01-12 11:01:23,912 [omNode-2@group-523986131536-StateMachineUpdater] INFO  raftlog.RaftLog (RaftLogBase.java:purge(306)) - omNode-2@group-523986131536-SegmentedRaftLog: purge 199
2021-01-12 11:01:23,913 [omNode-2@group-523986131536-StateMachineUpdater] INFO  raftlog.RaftLog (RaftLogBase.java:lambda$new$0(53)) - omNode-2@group-523986131536-SegmentedRaftLog: snapshotIndex: updateIncreasingly 149 -> 199
2021-01-12 11:01:23,913 [omNode-2@group-523986131536-StateMachineUpdater] INFO  raftlog.RaftLog (RaftLogBase.java:lambda$new$0(53)) - omNode-2@group-523986131536-SegmentedRaftLog: purgeIndex: updateToMax old=149, new=199, updated? true
2021-01-12 11:01:23,913 [grpc-default-executor-2] WARN  server.GrpcLogAppender (GrpcLogAppender.java:resetClient(111)) - omNode-1@group-523986131536->omNode-3-GrpcLogAppender: Leader has not got in touch with Follower omNode-1@group-523986131536->omNode-3(c-1,m0,n201, attendVote=true, lastRpcSendTime=0, lastRpcResponseTime=25617) yet, just keep nextIndex unchanged and retry.
2021-01-12 11:01:24,031 [Listener at 127.0.0.1/10336] INFO  db.RDBCheckpointManager (RDBCheckpointManager.java:createCheckpoint(86)) - Created checkpoint at /github/workspace/mnt/ozone/hadoop-ozone/integration-test/target/test-dir/MiniOzoneClusterImpl-124e3b68-9dbf-46e5-878a-8eb0ed2fbb06/omNode-1/db.checkpoints/rdb_rdb_checkpoint_1610449284011 in 20 milliseconds
2021-01-12 11:01:24,033 [Listener at 127.0.0.1/10336] INFO  impl.MetricsSystemImpl (MetricsSystemImpl.java:init(158)) - OzoneManager metrics system started (again)
2021-01-12 11:01:24,035 [Listener at 127.0.0.1/10336] INFO  om.OzoneManager (OzoneManager.java:start(1160)) - OzoneManager RPC server is listening at localhost/127.0.0.1:10336
2021-01-12 11:01:24,035 [Listener at 127.0.0.1/10336] INFO  ratis.OzoneManagerRatisServer (OzoneManagerRatisServer.java:start(377)) - Starting OzoneManagerRatisServer omNode-3 at port 10340
2021-01-12 11:01:24,037 [Listener at 127.0.0.1/10336] INFO  server.RaftServer$Division (RaftServerImpl.java:start(294)) - omNode-3@group-523986131536: start as a follower, conf=-1: [omNode-3|rpc:localhost:10340|priority:0, omNode-1|rpc:localhost:10328|priority:0, omNode-2|rpc:localhost:10334|priority:0], old=null
2021-01-12 11:01:24,037 [Listener at 127.0.0.1/10336] INFO  server.RaftServer$Division (RaftServerImpl.java:setRole(283)) - omNode-3@group-523986131536: changes role from      null to FOLLOWER at term 0 for startAsFollower
2021-01-12 11:01:24,038 [Listener at 127.0.0.1/10336] INFO  impl.RoleInfo (RoleInfo.java:updateAndGet(130)) - omNode-3: start omNode-3@group-523986131536-FollowerState
2021-01-12 11:01:24,038 [Listener at 127.0.0.1/10336] INFO  util.JmxRegister (JmxRegister.java:tryRegister(44)) - Successfully registered JMX Bean with object name Ratis:service=RaftServer,group=group-523986131536,id=omNode-3
2021-01-12 11:01:24,039 [Listener at 127.0.0.1/10336] INFO  metrics.RatisMetrics (RatisMetrics.java:lambda$create$0(36)) - Creating Metrics Registry : ratis.state_machine.omNode-3@group-523986131536
2021-01-12 11:01:24,039 [Listener at 127.0.0.1/10336] INFO  server.RaftServer (RaftServerProxy.java:lambda$start$5(372)) - omNode-3: start RPC server
2021-01-12 11:01:24,040 [Listener at 127.0.0.1/10336] INFO  server.GrpcService (GrpcService.java:startImpl(176)) - omNode-3: GrpcService started, listening on 0.0.0.0/0.0.0.0:10340
2021-01-12 11:01:24,048 [org.apache.ratis.util.JvmPauseMonitor$$Lambda$305/1752459994@677c130a] INFO  util.JvmPauseMonitor (JvmPauseMonitor.java:run(103)) - JvmPauseMonitor-omNode-3: Started
2021-01-12 11:01:24,413 [grpc-default-executor-0] WARN  server.GrpcLogAppender (LogUtils.java:warn(122)) - omNode-1@group-523986131536->omNode-3-AppendLogResponseHandler: Failed appendEntries: org.apache.ratis.thirdparty.io.grpc.StatusRuntimeException: UNAVAILABLE: io exception
2021-01-12 11:01:24,414 [grpc-default-executor-0] WARN  server.GrpcLogAppender (GrpcLogAppender.java:resetClient(111)) - omNode-1@group-523986131536->omNode-3-GrpcLogAppender: Leader has not got in touch with Follower omNode-1@group-523986131536->omNode-3(c-1,m0,n201, attendVote=true, lastRpcSendTime=0, lastRpcResponseTime=26118) yet, just keep nextIndex unchanged and retry.
2021-01-12 11:01:24,914 [grpc-default-executor-2] INFO  metrics.RatisMetrics (RatisMetrics.java:lambda$create$0(36)) - Creating Metrics Registry : ratis.server_message_metrics.omNode-3
2021-01-12 11:01:24,916 [grpc-default-executor-2] INFO  server.RaftServer$Division (ServerState.java:setLeader(249)) - omNode-3@group-523986131536: change Leader from null to omNode-1 at term 2 for appendEntries, leader elected after 27680ms
2021-01-12 11:01:24,917 [grpc-default-executor-2] INFO  server.RaftServer$Division (RaftServerImpl.java:checkInconsistentAppendEntries(1403)) - omNode-3@group-523986131536: Failed appendEntries as previous log entry ((t:2, i:200)) is not found
2021-01-12 11:01:24,917 [grpc-default-executor-2] INFO  server.RaftServer$Division (RaftServerImpl.java:checkInconsistentAppendEntries(1369)) - omNode-3@group-523986131536: inconsistency entries. Reply:omNode-1<-omNode-3#28559104:FAIL-t0,INCONSISTENCY,nextIndex=1,followerCommit=-1
2021-01-12 11:01:24,918 [grpc-default-executor-2] INFO  leader.FollowerInfo (FollowerInfoImpl.java:lambda$new$0(46)) - omNode-1@group-523986131536->omNode-3: nextIndex: updateUnconditionally 201 -> 1
2021-01-12 11:01:24,921 [grpc-default-executor-2] INFO  server.RaftServer$Division (RaftServerImpl.java:checkInconsistentAppendEntries(1403)) - omNode-3@group-523986131536: Failed appendEntries as previous log entry ((t:2, i:0)) is not found
2021-01-12 11:01:24,922 [grpc-default-executor-2] INFO  server.RaftServer$Division (RaftServerImpl.java:checkInconsistentAppendEntries(1369)) - omNode-3@group-523986131536: inconsistency entries. Reply:omNode-1<-omNode-3#28559105:FAIL-t2,INCONSISTENCY,nextIndex=0,followerCommit=-1
2021-01-12 11:01:24,922 [grpc-default-executor-3] INFO  leader.FollowerInfo (FollowerInfoImpl.java:lambda$new$0(46)) - omNode-1@group-523986131536->omNode-3: nextIndex: updateUnconditionally 201 -> 0
2021-01-12 11:01:24,925 [grpc-default-executor-0] INFO  server.RaftServer$Division (ServerState.java:setRaftConf(368)) - omNode-3@group-523986131536: set configuration 0: [omNode-3|rpc:localhost:10340|dataStream:|priority:0, omNode-1|rpc:localhost:10328|dataStream:|priority:0, omNode-2|rpc:localhost:10334|dataStream:|priority:0], old=null
2021-01-12 11:01:24,926 [grpc-default-executor-0] INFO  segmented.SegmentedRaftLogWorker (SegmentedRaftLogWorker.java:startLogSegment(392)) - omNode-3@group-523986131536-SegmentedRaftLogWorker: Starting segment from index:0
2021-01-12 11:01:24,976 [omNode-3@group-523986131536-SegmentedRaftLogWorker] INFO  segmented.SegmentedRaftLogWorker (SegmentedRaftLogWorker.java:execute(599)) - omNode-3@group-523986131536-SegmentedRaftLogWorker: created new log segment /github/workspace/mnt/ozone/hadoop-ozone/integration-test/target/test-dir/MiniOzoneClusterImpl-124e3b68-9dbf-46e5-878a-8eb0ed2fbb06/omNode-3/ratis/c9bc4cf4-3bc3-3c60-a66b-523986131536/current/log_inprogress_0
2021-01-12 11:01:25,007 [OM StateMachine ApplyTransaction Thread - 0] INFO  volume.OMVolumeCreateRequest (OMVolumeCreateRequest.java:validateAndUpdateCache(196)) - created volume:volume42026 for user:user07785
2021-01-12 11:01:25,077 [omNode-3@group-523986131536-StateMachineUpdater] INFO  ratis.OzoneManagerStateMachine (OzoneManagerStateMachine.java:takeSnapshot(345)) - Current Snapshot Index (t:2, i:188)
2021-01-12 11:01:25,077 [omNode-3@group-523986131536-StateMachineUpdater] INFO  impl.StateMachineUpdater (StateMachineUpdater.java:takeSnapshot(279)) - omNode-3@group-523986131536-StateMachineUpdater: Took a snapshot at index 188
2021-01-12 11:01:25,077 [omNode-3@group-523986131536-StateMachineUpdater] INFO  impl.StateMachineUpdater (StateMachineUpdater.java:lambda$new$0(88)) - omNode-3@group-523986131536-StateMachineUpdater: snapshotIndex: updateIncreasingly -1 -> 188
2021-01-12 11:01:25,077 [omNode-3@group-523986131536-StateMachineUpdater] INFO  raftlog.RaftLog (RaftLogBase.java:purge(306)) - omNode-3@group-523986131536-SegmentedRaftLog: purge 188
2021-01-12 11:01:25,077 [omNode-3@group-523986131536-StateMachineUpdater] INFO  raftlog.RaftLog (RaftLogBase.java:lambda$new$0(53)) - omNode-3@group-523986131536-SegmentedRaftLog: snapshotIndex: updateIncreasingly -1 -> 188
2021-01-12 11:01:25,077 [omNode-3@group-523986131536-StateMachineUpdater] INFO  raftlog.RaftLog (RaftLogBase.java:lambda$new$0(53)) - omNode-3@group-523986131536-SegmentedRaftLog: purgeIndex: updateToMax old=-1, new=188, updated? true
2021-01-12 11:01:29,055 [Listener at 127.0.0.1/10336] INFO  http.BaseHttpServer (BaseHttpServer.java:newHttpServer2BuilderForOzone(207)) - Starting Web-server for ozoneManager at: http://0.0.0.0:10338
2021-01-12 11:01:29,055 [Listener at 127.0.0.1/10336] INFO  http.BaseHttpServer (BaseHttpServer.java:<init>(106)) - Hadoop Security Enabled: false Ozone Security Enabled: false Ozone HTTP Security Enabled: false 
2021-01-12 11:01:29,057 [Listener at 127.0.0.1/10336] INFO  server.AuthenticationFilter (AuthenticationFilter.java:constructSecretProvider(240)) - Unable to initialize FileSignerSecretProvider, falling back to use random secrets.
2021-01-12 11:01:29,057 [Listener at 127.0.0.1/10336] WARN  http.HttpRequestLog (HttpRequestLog.java:getRequestLog(103)) - Jetty request log can only be enabled using Log4j
2021-01-12 11:01:29,058 [Listener at 127.0.0.1/10336] INFO  http.HttpServer2 (HttpServer2.java:addGlobalFilter(1020)) - Added global filter 'safety' (class=org.apache.hadoop.hdds.server.http.HttpServer2$QuotingInputFilter)
2021-01-12 11:01:29,059 [Listener at 127.0.0.1/10336] INFO  http.HttpServer2 (HttpServer2.java:addFilter(996)) - Added filter static_user_filter (class=org.apache.hadoop.http.lib.StaticUserWebFilter$StaticUserFilter) to context ozoneManager
2021-01-12 11:01:29,059 [Listener at 127.0.0.1/10336] INFO  http.HttpServer2 (HttpServer2.java:addFilter(1004)) - Added filter static_user_filter (class=org.apache.hadoop.http.lib.StaticUserWebFilter$StaticUserFilter) to context static
2021-01-12 11:01:29,059 [Listener at 127.0.0.1/10336] INFO  http.HttpServer2 (HttpServer2.java:addFilter(1004)) - Added filter static_user_filter (class=org.apache.hadoop.http.lib.StaticUserWebFilter$StaticUserFilter) to context logs
2021-01-12 11:01:29,060 [Listener at 127.0.0.1/10336] INFO  http.HttpServer2 (HttpServer2.java:bindListener(1238)) - Jetty bound to port 10338
2021-01-12 11:01:29,060 [Listener at 127.0.0.1/10336] INFO  server.Server (Server.java:doStart(375)) - jetty-9.4.34.v20201102; built: 2020-11-02T14:15:39.302Z; git: e46af88704a893fc12cb0e3bf46e2c7b48a009e7; jvm 1.8.0_232-b09
2021-01-12 11:01:29,063 [Listener at 127.0.0.1/10336] INFO  server.session (DefaultSessionIdManager.java:doStart(334)) - DefaultSessionIdManager workerName=node0
2021-01-12 11:01:29,063 [Listener at 127.0.0.1/10336] INFO  server.session (DefaultSessionIdManager.java:doStart(339)) - No SessionScavenger set, using defaults
2021-01-12 11:01:29,063 [Listener at 127.0.0.1/10336] INFO  server.session (HouseKeeper.java:startScavenging(132)) - node0 Scavenging every 600000ms
2021-01-12 11:01:29,064 [Listener at 127.0.0.1/10336] INFO  handler.ContextHandler (ContextHandler.java:doStart(916)) - Started o.e.j.s.ServletContextHandler@43abcf4d{logs,/logs,file:///github/workspace/mnt/ozone/hadoop-ozone/integration-test/target/log,AVAILABLE}
2021-01-12 11:01:29,064 [Listener at 127.0.0.1/10336] INFO  handler.ContextHandler (ContextHandler.java:doStart(916)) - Started o.e.j.s.ServletContextHandler@59bd6ca9{static,/static,file:///github/workspace/mnt/ozone/hadoop-ozone/integration-test/target/test-classes/webapps/static,AVAILABLE}
2021-01-12 11:01:29,067 [Listener at 127.0.0.1/10336] INFO  handler.ContextHandler (ContextHandler.java:doStart(916)) - Started o.e.j.w.WebAppContext@3a2162a0{ozoneManager,/,file:///github/workspace/mnt/ozone/hadoop-ozone/integration-test/target/test-classes/webapps/ozoneManager/,AVAILABLE}{file:/github/workspace/mnt/ozone/hadoop-ozone/integration-test/target/test-classes/webapps/ozoneManager}
2021-01-12 11:01:29,068 [Listener at 127.0.0.1/10336] INFO  server.AbstractConnector (AbstractConnector.java:doStart(331)) - Started ServerConnector@39d44461{HTTP/1.1, (http/1.1)}{0.0.0.0:10338}
2021-01-12 11:01:29,068 [Listener at 127.0.0.1/10336] INFO  server.Server (Server.java:doStart(415)) - Started @36656ms
2021-01-12 11:01:29,068 [Listener at 127.0.0.1/10336] WARN  impl.MetricsSystemImpl (MetricsSystemImpl.java:register(276)) - Sink prometheus already exists!
2021-01-12 11:01:29,071 [Listener at 127.0.0.1/10336] INFO  http.BaseHttpServer (BaseHttpServer.java:updateConnectorAddress(327)) - HTTP server of ozoneManager listening at http://0.0.0.0:10338
2021-01-12 11:01:29,073 [IPC Server Responder] INFO  ipc.Server (Server.java:run(1460)) - IPC Server Responder: starting
2021-01-12 11:01:29,078 [IPC Server listener on 10336] INFO  ipc.Server (Server.java:run(1298)) - IPC Server listener on 10336: starting
2021-01-12 11:01:29,086 [Listener at 127.0.0.1/10336] INFO  om.OzoneManager (OzoneManager.java:startTrashEmptier(1281)) - Trash Interval set to 0. Files deleted will not move to trash
2021-01-12 11:01:29,087 [org.apache.hadoop.util.JvmPauseMonitor$Monitor@789f267] INFO  util.JvmPauseMonitor (JvmPauseMonitor.java:run(188)) - Starting JVM pause monitor
2021-01-12 11:01:29,087 [Listener at 127.0.0.1/10336] INFO  ozone.MiniOzoneClusterImpl (MiniOzoneClusterImpl.java:shutdown(389)) - Shutting down the Mini Ozone Cluster
2021-01-12 11:01:29,087 [Listener at 127.0.0.1/10336] INFO  ozone.MiniOzoneHAClusterImpl (MiniOzoneHAClusterImpl.java:stop(230)) - Stopping the OzoneManager omNode-3
2021-01-12 11:01:29,087 [Listener at 127.0.0.1/10336] INFO  ipc.Server (Server.java:stop(3359)) - Stopping server on 10336
2021-01-12 11:01:29,091 [IPC Server listener on 10336] INFO  ipc.Server (Server.java:run(1330)) - Stopping IPC Server listener on 10336
2021-01-12 11:01:29,091 [IPC Server Responder] INFO  ipc.Server (Server.java:run(1465)) - Stopping IPC Server Responder
2021-01-12 11:01:29,091 [Listener at 127.0.0.1/10336] INFO  server.RaftServer (RaftServerProxy.java:lambda$close$6(389)) - omNode-3: close
2021-01-12 11:01:29,092 [Listener at 127.0.0.1/10336] INFO  server.RaftServer$Division (RaftServerImpl.java:lambda$close$4(405)) - omNode-3@group-523986131536: shutdown
2021-01-12 11:01:29,092 [Listener at 127.0.0.1/10336] INFO  util.JmxRegister (JmxRegister.java:unregister(73)) - Successfully un-registered JMX Bean with object name Ratis:service=RaftServer,group=group-523986131536,id=omNode-3
2021-01-12 11:01:29,092 [Listener at 127.0.0.1/10336] INFO  impl.RoleInfo (RoleInfo.java:shutdownFollowerState(108)) - omNode-3: shutdown omNode-3@group-523986131536-FollowerState
2021-01-12 11:01:29,093 [Listener at 127.0.0.1/10336] INFO  impl.StateMachineUpdater (StateMachineUpdater.java:stopAndJoin(148)) - omNode-3@group-523986131536-StateMachineUpdater: set stopIndex = 200
2021-01-12 11:01:29,093 [Thread-566] INFO  impl.FollowerState (FollowerState.java:run(142)) - omNode-3@group-523986131536-FollowerState was interrupted: {}
java.lang.InterruptedException: sleep interrupted
	at java.lang.Thread.sleep(Native Method)
	at java.lang.Thread.sleep(Thread.java:340)
	at java.util.concurrent.TimeUnit.sleep(TimeUnit.java:386)
	at org.apache.ratis.util.TimeDuration.sleep(TimeDuration.java:324)
	at org.apache.ratis.util.TimeDuration.sleep(TimeDuration.java:309)
	at org.apache.ratis.server.impl.FollowerState.run(FollowerState.java:117)
2021-01-12 11:01:29,093 [omNode-3@group-523986131536-StateMachineUpdater] INFO  ratis.OzoneManagerStateMachine (OzoneManagerStateMachine.java:takeSnapshot(345)) - Current Snapshot Index (t:2, i:200)
2021-01-12 11:01:29,093 [omNode-3@group-523986131536-StateMachineUpdater] INFO  impl.StateMachineUpdater (StateMachineUpdater.java:takeSnapshot(279)) - omNode-3@group-523986131536-StateMachineUpdater: Took a snapshot at index 200
2021-01-12 11:01:29,093 [omNode-3@group-523986131536-StateMachineUpdater] INFO  impl.StateMachineUpdater (StateMachineUpdater.java:lambda$new$0(88)) - omNode-3@group-523986131536-StateMachineUpdater: snapshotIndex: updateIncreasingly 188 -> 200
2021-01-12 11:01:29,093 [omNode-3@group-523986131536-StateMachineUpdater] INFO  metrics.RatisMetrics (RatisMetrics.java:unregister(43)) - Unregistering Metrics Registry : ratis.state_machine.omNode-3@group-523986131536
2021-01-12 11:01:29,094 [Listener at 127.0.0.1/10336] INFO  server.RaftServer$Division (ServerState.java:close(400)) - omNode-3@group-523986131536: closes. applyIndex: 200
2021-01-12 11:01:29,095 [omNode-3@group-523986131536-SegmentedRaftLogWorker] INFO  segmented.SegmentedRaftLogWorker (SegmentedRaftLogWorker.java:run(326)) - omNode-3@group-523986131536-SegmentedRaftLogWorker was interrupted, exiting. There are 0 tasks remaining in the queue.
2021-01-12 11:01:29,096 [Listener at 127.0.0.1/10336] INFO  segmented.SegmentedRaftLogWorker (SegmentedRaftLogWorker.java:close(236)) - omNode-3@group-523986131536-SegmentedRaftLogWorker close()
2021-01-12 11:01:29,096 [Listener at 127.0.0.1/10336] INFO  metrics.RatisMetrics (RatisMetrics.java:unregister(43)) - Unregistering Metrics Registry : ratis.log_worker.omNode-3@group-523986131536
2021-01-12 11:01:29,097 [Listener at 127.0.0.1/10336] INFO  metrics.RatisMetrics (RatisMetrics.java:unregister(43)) - Unregistering Metrics Registry : ratis.leader_election.omNode-3@group-523986131536
2021-01-12 11:01:29,097 [Listener at 127.0.0.1/10336] INFO  metrics.RatisMetrics (RatisMetrics.java:unregister(43)) - Unregistering Metrics Registry : ratis.server.omNode-3@group-523986131536
2021-01-12 11:01:29,097 [Listener at 127.0.0.1/10336] INFO  server.GrpcService (GrpcService.java:closeImpl(183)) - omNode-3: shutdown server with port 10340 now
2021-01-12 11:01:29,102 [grpc-default-executor-2] WARN  server.GrpcServerProtocolService (LogUtils.java:warn(122)) - omNode-3: installSnapshot onError, lastRequest: omNode-1->omNode-3#28559106-t2,previous=(t:0, i:0),leaderCommit=200,initializing? true,entries: size=201, first=(t:2, i:0), CONFIGURATIONENTRY: org.apache.ratis.thirdparty.io.grpc.StatusRuntimeException: CANCELLED: cancelled before receiving half close
2021-01-12 11:01:29,102 [Listener at 127.0.0.1/10336] INFO  server.GrpcService (GrpcService.java:closeImpl(192)) - omNode-3: shutdown server with port 10340 successfully
2021-01-12 11:01:29,103 [org.apache.ratis.util.JvmPauseMonitor$$Lambda$305/1752459994@677c130a] INFO  util.JvmPauseMonitor (JvmPauseMonitor.java:run(109)) - JvmPauseMonitor-omNode-3: Stopped
2021-01-12 11:01:29,103 [grpc-default-executor-0] WARN  server.GrpcLogAppender (LogUtils.java:warn(122)) - omNode-1@group-523986131536->omNode-3-AppendLogResponseHandler: Failed appendEntries: org.apache.ratis.thirdparty.io.grpc.StatusRuntimeException: CANCELLED: HTTP/2 error code: CANCEL
Received Rst Stream
2021-01-12 11:01:29,104 [grpc-default-executor-0] INFO  leader.FollowerInfo (FollowerInfoImpl.java:lambda$new$0(46)) - omNode-1@group-523986131536->omNode-3: nextIndex: updateUnconditionally 201 -> 200
2021-01-12 11:01:29,104 [Listener at 127.0.0.1/10336] INFO  ratis.OzoneManagerDoubleBuffer (OzoneManagerDoubleBuffer.java:stop(425)) - Stopping OMDoubleBuffer flush thread
2021-01-12 11:01:29,105 [OMDoubleBufferFlushThread] INFO  ratis.OzoneManagerDoubleBuffer (OzoneManagerDoubleBuffer.java:flushTransactions(352)) - OMDoubleBuffer flush thread OMDoubleBufferFlushThread is interrupted and will exit. OMDoubleBufferFlushThread
2021-01-12 11:01:29,106 [Listener at 127.0.0.1/10336] INFO  ratis.OzoneManagerStateMachine (HadoopExecutors.java:shutdown(118)) - Gracefully shutting down executor service. Waiting max 5 SECONDS
2021-01-12 11:01:29,106 [Listener at 127.0.0.1/10336] INFO  ratis.OzoneManagerStateMachine (HadoopExecutors.java:shutdown(129)) - Succesfully shutdown executor service
2021-01-12 11:01:29,106 [Listener at 127.0.0.1/10336] INFO  ratis.OzoneManagerStateMachine (HadoopExecutors.java:shutdown(118)) - Gracefully shutting down executor service. Waiting max 5 SECONDS
2021-01-12 11:01:29,106 [Listener at 127.0.0.1/10336] INFO  ratis.OzoneManagerStateMachine (HadoopExecutors.java:shutdown(129)) - Succesfully shutdown executor service
2021-01-12 11:01:29,106 [Listener at 127.0.0.1/10336] INFO  utils.BackgroundService (BackgroundService.java:shutdown(132)) - Shutting down service KeyDeletingService
2021-01-12 11:01:29,115 [Listener at 127.0.0.1/10336] INFO  handler.ContextHandler (ContextHandler.java:doStop(1154)) - Stopped o.e.j.w.WebAppContext@3a2162a0{ozoneManager,/,null,STOPPED}{file:/github/workspace/mnt/ozone/hadoop-ozone/integration-test/target/test-classes/webapps/ozoneManager}
2021-01-12 11:01:29,115 [grpc-default-executor-2] WARN  server.GrpcLogAppender (LogUtils.java:warn(122)) - omNode-1@group-523986131536->omNode-3-AppendLogResponseHandler: Failed appendEntries: org.apache.ratis.thirdparty.io.grpc.StatusRuntimeException: UNAVAILABLE: io exception
2021-01-12 11:01:29,116 [grpc-default-executor-2] INFO  leader.FollowerInfo (FollowerInfoImpl.java:lambda$new$0(46)) - omNode-1@group-523986131536->omNode-3: nextIndex: updateUnconditionally 201 -> 200
2021-01-12 11:01:29,119 [Listener at 127.0.0.1/10336] INFO  server.AbstractConnector (AbstractConnector.java:doStop(381)) - Stopped ServerConnector@39d44461{HTTP/1.1, (http/1.1)}{0.0.0.0:10338}
2021-01-12 11:01:29,119 [Listener at 127.0.0.1/10336] INFO  server.session (HouseKeeper.java:stopScavenging(149)) - node0 Stopped scavenging
2021-01-12 11:01:29,120 [Listener at 127.0.0.1/10336] INFO  handler.ContextHandler (ContextHandler.java:doStop(1154)) - Stopped o.e.j.s.ServletContextHandler@59bd6ca9{static,/static,file:///github/workspace/mnt/ozone/hadoop-ozone/integration-test/target/test-classes/webapps/static,STOPPED}
2021-01-12 11:01:29,120 [Listener at 127.0.0.1/10336] INFO  handler.ContextHandler (ContextHandler.java:doStop(1154)) - Stopped o.e.j.s.ServletContextHandler@43abcf4d{logs,/logs,file:///github/workspace/mnt/ozone/hadoop-ozone/integration-test/target/log,STOPPED}
2021-01-12 11:01:29,122 [Listener at 127.0.0.1/10336] INFO  ozone.MiniOzoneHAClusterImpl (MiniOzoneHAClusterImpl.java:stop(230)) - Stopping the OzoneManager omNode-1
2021-01-12 11:01:29,122 [Listener at 127.0.0.1/10336] INFO  ipc.Server (Server.java:stop(3359)) - Stopping server on 10324
2021-01-12 11:01:29,123 [IPC Server listener on 10324] INFO  ipc.Server (Server.java:run(1330)) - Stopping IPC Server listener on 10324
2021-01-12 11:01:29,126 [IPC Server Responder] INFO  ipc.Server (Server.java:run(1465)) - Stopping IPC Server Responder
2021-01-12 11:01:29,126 [Listener at 127.0.0.1/10336] INFO  server.RaftServer (RaftServerProxy.java:lambda$close$6(389)) - omNode-1: close
2021-01-12 11:01:29,127 [Listener at 127.0.0.1/10336] INFO  server.RaftServer$Division (RaftServerImpl.java:lambda$close$4(405)) - omNode-1@group-523986131536: shutdown
2021-01-12 11:01:29,127 [Listener at 127.0.0.1/10336] INFO  util.JmxRegister (JmxRegister.java:unregister(73)) - Successfully un-registered JMX Bean with object name Ratis:service=RaftServer,group=group-523986131536,id=omNode-1
2021-01-12 11:01:29,127 [Listener at 127.0.0.1/10336] INFO  impl.RoleInfo (RoleInfo.java:shutdownLeaderState(91)) - omNode-1: shutdown omNode-1@group-523986131536-LeaderStateImpl
2021-01-12 11:01:29,127 [Listener at 127.0.0.1/10336] INFO  metrics.RatisMetrics (RatisMetrics.java:unregister(43)) - Unregistering Metrics Registry : ratis_grpc.log_appender.omNode-1@group-523986131536
2021-01-12 11:01:29,127 [Listener at 127.0.0.1/10336] INFO  metrics.RatisMetrics (RatisMetrics.java:unregister(43)) - Unregistering Metrics Registry : ratis_grpc.log_appender.omNode-1@group-523986131536
2021-01-12 11:01:29,127 [omNode-1@group-523986131536->omNode-3-GrpcLogAppender-LogAppenderDaemon] WARN  server.GrpcLogAppender (GrpcLogAppender.java:mayWait(175)) - omNode-1@group-523986131536->omNode-3-GrpcLogAppender: Wait interrupted by java.lang.InterruptedException
2021-01-12 11:01:29,128 [Listener at 127.0.0.1/10336] INFO  impl.PendingRequests (PendingRequests.java:sendNotLeaderResponses(249)) - omNode-1@group-523986131536-PendingRequests: sendNotLeaderResponses
2021-01-12 11:01:29,128 [omNode-1@group-523986131536->omNode-2-GrpcLogAppender-LogAppenderDaemon] WARN  server.GrpcLogAppender (GrpcLogAppender.java:mayWait(175)) - omNode-1@group-523986131536->omNode-2-GrpcLogAppender: Wait interrupted by java.lang.InterruptedException
2021-01-12 11:01:29,129 [grpc-default-executor-2] INFO  server.GrpcServerProtocolService (GrpcServerProtocolService.java:onCompleted(138)) - omNode-2: Completed APPEND_ENTRIES, lastRequest: omNode-1->omNode-2#958-t2,previous=(t:2, i:199),leaderCommit=199,initializing? true,entries: size=1, first=(t:2, i:200), METADATAENTRY(c:199)
2021-01-12 11:01:29,130 [grpc-default-executor-3] INFO  server.GrpcLogAppender (GrpcLogAppender.java:onCompleted(344)) - omNode-1@group-523986131536->omNode-2-AppendLogResponseHandler: follower responses appendEntries COMPLETED
2021-01-12 11:01:29,130 [grpc-default-executor-3] INFO  leader.FollowerInfo (FollowerInfoImpl.java:lambda$new$0(46)) - omNode-1@group-523986131536->omNode-2: nextIndex: updateUnconditionally 201 -> 200
2021-01-12 11:01:29,135 [Listener at 127.0.0.1/10336] INFO  metrics.RatisMetrics (RatisMetrics.java:unregister(43)) - Unregistering Metrics Registry : ratis.log_appender.omNode-1@group-523986131536
2021-01-12 11:01:29,135 [Listener at 127.0.0.1/10336] INFO  metrics.RatisMetrics (RatisMetrics.java:unregister(43)) - Unregistering Metrics Registry : ratis.server.omNode-1@group-523986131536
2021-01-12 11:01:29,135 [Listener at 127.0.0.1/10336] INFO  impl.StateMachineUpdater (StateMachineUpdater.java:stopAndJoin(148)) - omNode-1@group-523986131536-StateMachineUpdater: set stopIndex = 200
2021-01-12 11:01:29,135 [omNode-1@group-523986131536-StateMachineUpdater] INFO  ratis.OzoneManagerStateMachine (OzoneManagerStateMachine.java:takeSnapshot(345)) - Current Snapshot Index (t:2, i:200)
2021-01-12 11:01:29,135 [omNode-1@group-523986131536-StateMachineUpdater] INFO  impl.StateMachineUpdater (StateMachineUpdater.java:takeSnapshot(279)) - omNode-1@group-523986131536-StateMachineUpdater: Took a snapshot at index 200
2021-01-12 11:01:29,135 [omNode-1@group-523986131536-StateMachineUpdater] INFO  impl.StateMachineUpdater (StateMachineUpdater.java:lambda$new$0(88)) - omNode-1@group-523986131536-StateMachineUpdater: snapshotIndex: updateIncreasingly 198 -> 200
2021-01-12 11:01:29,135 [omNode-1@group-523986131536-StateMachineUpdater] INFO  metrics.RatisMetrics (RatisMetrics.java:unregister(43)) - Unregistering Metrics Registry : ratis.state_machine.omNode-1@group-523986131536
2021-01-12 11:01:29,136 [Listener at 127.0.0.1/10336] INFO  server.RaftServer$Division (ServerState.java:close(400)) - omNode-1@group-523986131536: closes. applyIndex: 200
2021-01-12 11:01:29,136 [omNode-1@group-523986131536-SegmentedRaftLogWorker] INFO  segmented.SegmentedRaftLogWorker (SegmentedRaftLogWorker.java:run(326)) - omNode-1@group-523986131536-SegmentedRaftLogWorker was interrupted, exiting. There are 0 tasks remaining in the queue.
2021-01-12 11:01:29,137 [Listener at 127.0.0.1/10336] INFO  segmented.SegmentedRaftLogWorker (SegmentedRaftLogWorker.java:close(236)) - omNode-1@group-523986131536-SegmentedRaftLogWorker close()
2021-01-12 11:01:29,137 [Listener at 127.0.0.1/10336] INFO  metrics.RatisMetrics (RatisMetrics.java:unregister(43)) - Unregistering Metrics Registry : ratis.log_worker.omNode-1@group-523986131536
2021-01-12 11:01:29,137 [Listener at 127.0.0.1/10336] INFO  metrics.RatisMetrics (RatisMetrics.java:unregister(43)) - Unregistering Metrics Registry : ratis.leader_election.omNode-1@group-523986131536
2021-01-12 11:01:29,138 [Listener at 127.0.0.1/10336] INFO  metrics.RatisMetrics (RatisMetrics.java:unregister(43)) - Unregistering Metrics Registry : ratis.server.omNode-1@group-523986131536
2021-01-12 11:01:29,138 [Listener at 127.0.0.1/10336] INFO  server.GrpcService (GrpcService.java:closeImpl(183)) - omNode-1: shutdown server with port 10328 now
2021-01-12 11:01:29,141 [Listener at 127.0.0.1/10336] INFO  server.GrpcService (GrpcService.java:closeImpl(192)) - omNode-1: shutdown server with port 10328 successfully
2021-01-12 11:01:29,141 [org.apache.ratis.util.JvmPauseMonitor$$Lambda$305/1752459994@3eac8026] INFO  util.JvmPauseMonitor (JvmPauseMonitor.java:run(109)) - JvmPauseMonitor-omNode-1: Stopped
2021-01-12 11:01:29,141 [Listener at 127.0.0.1/10336] INFO  ratis.OzoneManagerDoubleBuffer (OzoneManagerDoubleBuffer.java:stop(425)) - Stopping OMDoubleBuffer flush thread
2021-01-12 11:01:29,141 [OMDoubleBufferFlushThread] INFO  ratis.OzoneManagerDoubleBuffer (OzoneManagerDoubleBuffer.java:flushTransactions(352)) - OMDoubleBuffer flush thread OMDoubleBufferFlushThread is interrupted and will exit. OMDoubleBufferFlushThread
2021-01-12 11:01:29,142 [Listener at 127.0.0.1/10336] INFO  ratis.OzoneManagerStateMachine (HadoopExecutors.java:shutdown(118)) - Gracefully shutting down executor service. Waiting max 5 SECONDS
2021-01-12 11:01:29,142 [Listener at 127.0.0.1/10336] INFO  ratis.OzoneManagerStateMachine (HadoopExecutors.java:shutdown(129)) - Succesfully shutdown executor service
2021-01-12 11:01:29,142 [Listener at 127.0.0.1/10336] INFO  ratis.OzoneManagerStateMachine (HadoopExecutors.java:shutdown(118)) - Gracefully shutting down executor service. Waiting max 5 SECONDS
2021-01-12 11:01:29,142 [Listener at 127.0.0.1/10336] INFO  ratis.OzoneManagerStateMachine (HadoopExecutors.java:shutdown(129)) - Succesfully shutdown executor service
2021-01-12 11:01:29,142 [Listener at 127.0.0.1/10336] INFO  utils.BackgroundService (BackgroundService.java:shutdown(132)) - Shutting down service KeyDeletingService
2021-01-12 11:01:29,143 [Listener at 127.0.0.1/10336] INFO  handler.ContextHandler (ContextHandler.java:doStop(1154)) - Stopped o.e.j.w.WebAppContext@5359c45a{ozoneManager,/,null,STOPPED}{file:/github/workspace/mnt/ozone/hadoop-ozone/integration-test/target/test-classes/webapps/ozoneManager}
2021-01-12 11:01:29,143 [Listener at 127.0.0.1/10336] INFO  server.AbstractConnector (AbstractConnector.java:doStop(381)) - Stopped ServerConnector@75397add{HTTP/1.1, (http/1.1)}{0.0.0.0:10326}
2021-01-12 11:01:29,143 [Listener at 127.0.0.1/10336] INFO  server.session (HouseKeeper.java:stopScavenging(149)) - node0 Stopped scavenging
2021-01-12 11:01:29,144 [Listener at 127.0.0.1/10336] INFO  handler.ContextHandler (ContextHandler.java:doStop(1154)) - Stopped o.e.j.s.ServletContextHandler@60edf3cf{static,/static,file:///github/workspace/mnt/ozone/hadoop-ozone/integration-test/target/test-classes/webapps/static,STOPPED}
2021-01-12 11:01:29,144 [Listener at 127.0.0.1/10336] INFO  handler.ContextHandler (ContextHandler.java:doStop(1154)) - Stopped o.e.j.s.ServletContextHandler@57b9a3ff{logs,/logs,file:///github/workspace/mnt/ozone/hadoop-ozone/integration-test/target/log,STOPPED}
2021-01-12 11:01:29,146 [Listener at 127.0.0.1/10336] INFO  ozone.MiniOzoneHAClusterImpl (MiniOzoneHAClusterImpl.java:stop(230)) - Stopping the OzoneManager omNode-2
2021-01-12 11:01:29,146 [Listener at 127.0.0.1/10336] INFO  ipc.Server (Server.java:stop(3359)) - Stopping server on 10330
2021-01-12 11:01:29,148 [IPC Server Responder] INFO  ipc.Server (Server.java:run(1465)) - Stopping IPC Server Responder
2021-01-12 11:01:29,148 [Listener at 127.0.0.1/10336] INFO  server.RaftServer (RaftServerProxy.java:lambda$close$6(389)) - omNode-2: close
2021-01-12 11:01:29,148 [Listener at 127.0.0.1/10336] INFO  server.RaftServer$Division (RaftServerImpl.java:lambda$close$4(405)) - omNode-2@group-523986131536: shutdown
2021-01-12 11:01:29,148 [IPC Server listener on 10330] INFO  ipc.Server (Server.java:run(1330)) - Stopping IPC Server listener on 10330
2021-01-12 11:01:29,154 [Listener at 127.0.0.1/10336] INFO  util.JmxRegister (JmxRegister.java:unregister(73)) - Successfully un-registered JMX Bean with object name Ratis:service=RaftServer,group=group-523986131536,id=omNode-2
2021-01-12 11:01:29,157 [Listener at 127.0.0.1/10336] INFO  impl.RoleInfo (RoleInfo.java:shutdownFollowerState(108)) - omNode-2: shutdown omNode-2@group-523986131536-FollowerState
2021-01-12 11:01:29,157 [Thread-201] INFO  impl.FollowerState (FollowerState.java:run(142)) - omNode-2@group-523986131536-FollowerState was interrupted: {}
java.lang.InterruptedException: sleep interrupted
	at java.lang.Thread.sleep(Native Method)
	at java.lang.Thread.sleep(Thread.java:340)
	at java.util.concurrent.TimeUnit.sleep(TimeUnit.java:386)
	at org.apache.ratis.util.TimeDuration.sleep(TimeDuration.java:324)
	at org.apache.ratis.util.TimeDuration.sleep(TimeDuration.java:309)
	at org.apache.ratis.server.impl.FollowerState.run(FollowerState.java:117)
2021-01-12 11:01:29,158 [Listener at 127.0.0.1/10336] INFO  impl.StateMachineUpdater (StateMachineUpdater.java:stopAndJoin(148)) - omNode-2@group-523986131536-StateMachineUpdater: set stopIndex = 200
2021-01-12 11:01:29,158 [omNode-2@group-523986131536-StateMachineUpdater] INFO  ratis.OzoneManagerStateMachine (OzoneManagerStateMachine.java:takeSnapshot(345)) - Current Snapshot Index (t:2, i:200)
2021-01-12 11:01:29,158 [omNode-2@group-523986131536-StateMachineUpdater] INFO  impl.StateMachineUpdater (StateMachineUpdater.java:takeSnapshot(279)) - omNode-2@group-523986131536-StateMachineUpdater: Took a snapshot at index 200
2021-01-12 11:01:29,158 [omNode-2@group-523986131536-StateMachineUpdater] INFO  impl.StateMachineUpdater (StateMachineUpdater.java:lambda$new$0(88)) - omNode-2@group-523986131536-StateMachineUpdater: snapshotIndex: updateIncreasingly 199 -> 200
2021-01-12 11:01:29,158 [omNode-2@group-523986131536-StateMachineUpdater] INFO  metrics.RatisMetrics (RatisMetrics.java:unregister(43)) - Unregistering Metrics Registry : ratis.state_machine.omNode-2@group-523986131536
2021-01-12 11:01:29,158 [Listener at 127.0.0.1/10336] INFO  server.RaftServer$Division (ServerState.java:close(400)) - omNode-2@group-523986131536: closes. applyIndex: 200
2021-01-12 11:01:29,159 [omNode-2@group-523986131536-SegmentedRaftLogWorker] INFO  segmented.SegmentedRaftLogWorker (SegmentedRaftLogWorker.java:run(326)) - omNode-2@group-523986131536-SegmentedRaftLogWorker was interrupted, exiting. There are 0 tasks remaining in the queue.
2021-01-12 11:01:29,160 [Listener at 127.0.0.1/10336] INFO  segmented.SegmentedRaftLogWorker (SegmentedRaftLogWorker.java:close(236)) - omNode-2@group-523986131536-SegmentedRaftLogWorker close()
2021-01-12 11:01:29,160 [Listener at 127.0.0.1/10336] INFO  metrics.RatisMetrics (RatisMetrics.java:unregister(43)) - Unregistering Metrics Registry : ratis.log_worker.omNode-2@group-523986131536
2021-01-12 11:01:29,160 [Listener at 127.0.0.1/10336] INFO  metrics.RatisMetrics (RatisMetrics.java:unregister(43)) - Unregistering Metrics Registry : ratis.leader_election.omNode-2@group-523986131536
2021-01-12 11:01:29,160 [Listener at 127.0.0.1/10336] INFO  metrics.RatisMetrics (RatisMetrics.java:unregister(43)) - Unregistering Metrics Registry : ratis.server.omNode-2@group-523986131536
2021-01-12 11:01:29,160 [Listener at 127.0.0.1/10336] INFO  server.GrpcService (GrpcService.java:closeImpl(183)) - omNode-2: shutdown server with port 10334 now
2021-01-12 11:01:29,162 [Listener at 127.0.0.1/10336] INFO  server.GrpcService (GrpcService.java:closeImpl(192)) - omNode-2: shutdown server with port 10334 successfully
2021-01-12 11:01:29,162 [org.apache.ratis.util.JvmPauseMonitor$$Lambda$305/1752459994@13a5f717] INFO  util.JvmPauseMonitor (JvmPauseMonitor.java:run(109)) - JvmPauseMonitor-omNode-2: Stopped
2021-01-12 11:01:29,162 [Listener at 127.0.0.1/10336] INFO  ratis.OzoneManagerDoubleBuffer (OzoneManagerDoubleBuffer.java:stop(425)) - Stopping OMDoubleBuffer flush thread
2021-01-12 11:01:29,162 [OMDoubleBufferFlushThread] INFO  ratis.OzoneManagerDoubleBuffer (OzoneManagerDoubleBuffer.java:flushTransactions(352)) - OMDoubleBuffer flush thread OMDoubleBufferFlushThread is interrupted and will exit. OMDoubleBufferFlushThread
2021-01-12 11:01:29,162 [Listener at 127.0.0.1/10336] INFO  ratis.OzoneManagerStateMachine (HadoopExecutors.java:shutdown(118)) - Gracefully shutting down executor service. Waiting max 5 SECONDS
2021-01-12 11:01:29,162 [Listener at 127.0.0.1/10336] INFO  ratis.OzoneManagerStateMachine (HadoopExecutors.java:shutdown(129)) - Succesfully shutdown executor service
2021-01-12 11:01:29,162 [Listener at 127.0.0.1/10336] INFO  ratis.OzoneManagerStateMachine (HadoopExecutors.java:shutdown(118)) - Gracefully shutting down executor service. Waiting max 5 SECONDS
2021-01-12 11:01:29,163 [Listener at 127.0.0.1/10336] INFO  ratis.OzoneManagerStateMachine (HadoopExecutors.java:shutdown(129)) - Succesfully shutdown executor service
2021-01-12 11:01:29,163 [Listener at 127.0.0.1/10336] INFO  utils.BackgroundService (BackgroundService.java:shutdown(132)) - Shutting down service KeyDeletingService
2021-01-12 11:01:29,163 [Listener at 127.0.0.1/10336] INFO  handler.ContextHandler (ContextHandler.java:doStop(1154)) - Stopped o.e.j.w.WebAppContext@538c13e3{ozoneManager,/,null,STOPPED}{file:/github/workspace/mnt/ozone/hadoop-ozone/integration-test/target/test-classes/webapps/ozoneManager}
2021-01-12 11:01:29,170 [Listener at 127.0.0.1/10336] INFO  server.AbstractConnector (AbstractConnector.java:doStop(381)) - Stopped ServerConnector@6af8d0a5{HTTP/1.1, (http/1.1)}{0.0.0.0:10332}
2021-01-12 11:01:29,170 [Listener at 127.0.0.1/10336] INFO  server.session (HouseKeeper.java:stopScavenging(149)) - node0 Stopped scavenging
2021-01-12 11:01:29,170 [Listener at 127.0.0.1/10336] INFO  handler.ContextHandler (ContextHandler.java:doStop(1154)) - Stopped o.e.j.s.ServletContextHandler@30d4c6a9{static,/static,file:///github/workspace/mnt/ozone/hadoop-ozone/integration-test/target/test-classes/webapps/static,STOPPED}
2021-01-12 11:01:29,170 [Listener at 127.0.0.1/10336] INFO  handler.ContextHandler (ContextHandler.java:doStop(1154)) - Stopped o.e.j.s.ServletContextHandler@6a597a0{logs,/logs,file:///github/workspace/mnt/ozone/hadoop-ozone/integration-test/target/log,STOPPED}
2021-01-12 11:01:29,172 [Listener at 127.0.0.1/10336] INFO  ozone.MiniOzoneClusterImpl (MiniOzoneClusterImpl.java:stop(404)) - Stopping the Mini Ozone Cluster
2021-01-12 11:01:29,172 [Listener at 127.0.0.1/10336] INFO  ozone.MiniOzoneClusterImpl (MiniOzoneClusterImpl.java:stopDatanodes(463)) - Stopping the HddsDatanodes
2021-01-12 11:01:29,269 [Datanode State Machine Thread - 0] INFO  statemachine.DatanodeStateMachine (DatanodeStateMachine.java:lambda$startDaemon$0(408)) - Ozone container server started.
2021-01-12 11:01:29,689 [Datanode State Machine Thread - 0] INFO  statemachine.DatanodeStateMachine (DatanodeStateMachine.java:lambda$startDaemon$0(408)) - Ozone container server started.
2021-01-12 11:01:34,174 [ForkJoinPool.commonPool-worker-0] INFO  ozoneimpl.OzoneContainer (OzoneContainer.java:stop(273)) - Attempting to stop container services.
2021-01-12 11:01:34,174 [Listener at 127.0.0.1/10336] INFO  ozoneimpl.OzoneContainer (OzoneContainer.java:stop(273)) - Attempting to stop container services.
2021-01-12 11:01:34,174 [Listener at 127.0.0.1/10336] INFO  server.RaftServer (RaftServerProxy.java:lambda$close$6(389)) - 88b834f5-6008-4641-83c2-e698cd1f12a5: close
2021-01-12 11:01:34,174 [ForkJoinPool.commonPool-worker-0] INFO  server.RaftServer (RaftServerProxy.java:lambda$close$6(389)) - 39b417ab-8504-4076-a6f4-79e16db1ab30: close
2021-01-12 11:01:34,175 [Listener at 127.0.0.1/10336] INFO  server.RaftServer$Division (RaftServerImpl.java:lambda$close$4(405)) - 88b834f5-6008-4641-83c2-e698cd1f12a5@group-860D5CF4D66C: shutdown
2021-01-12 11:01:34,175 [ForkJoinPool.commonPool-worker-0] INFO  server.RaftServer$Division (RaftServerImpl.java:lambda$close$4(405)) - 39b417ab-8504-4076-a6f4-79e16db1ab30@group-3B437D9F2B1B: shutdown
2021-01-12 11:01:34,175 [Listener at 127.0.0.1/10336] INFO  util.JmxRegister (JmxRegister.java:unregister(73)) - Successfully un-registered JMX Bean with object name Ratis:service=RaftServer,group=group-860D5CF4D66C,id=88b834f5-6008-4641-83c2-e698cd1f12a5
2021-01-12 11:01:34,175 [Listener at 127.0.0.1/10336] INFO  impl.RoleInfo (RoleInfo.java:shutdownLeaderState(91)) - 88b834f5-6008-4641-83c2-e698cd1f12a5: shutdown 88b834f5-6008-4641-83c2-e698cd1f12a5@group-860D5CF4D66C-LeaderStateImpl
2021-01-12 11:01:34,175 [ForkJoinPool.commonPool-worker-0] INFO  util.JmxRegister (JmxRegister.java:unregister(73)) - Successfully un-registered JMX Bean with object name Ratis:service=RaftServer,group=group-3B437D9F2B1B,id=39b417ab-8504-4076-a6f4-79e16db1ab30
2021-01-12 11:01:34,175 [Listener at 127.0.0.1/10336] INFO  impl.PendingRequests (PendingRequests.java:sendNotLeaderResponses(249)) - 88b834f5-6008-4641-83c2-e698cd1f12a5@group-860D5CF4D66C-PendingRequests: sendNotLeaderResponses
2021-01-12 11:01:34,175 [ForkJoinPool.commonPool-worker-0] INFO  impl.RoleInfo (RoleInfo.java:shutdownLeaderState(91)) - 39b417ab-8504-4076-a6f4-79e16db1ab30: shutdown 39b417ab-8504-4076-a6f4-79e16db1ab30@group-3B437D9F2B1B-LeaderStateImpl
2021-01-12 11:01:34,176 [Listener at 127.0.0.1/10336] INFO  metrics.RatisMetrics (RatisMetrics.java:unregister(43)) - Unregistering Metrics Registry : ratis.log_appender.88b834f5-6008-4641-83c2-e698cd1f12a5@group-860D5CF4D66C
2021-01-12 11:01:34,176 [Listener at 127.0.0.1/10336] INFO  metrics.RatisMetrics (RatisMetrics.java:unregister(43)) - Unregistering Metrics Registry : ratis.server.88b834f5-6008-4641-83c2-e698cd1f12a5@group-860D5CF4D66C
2021-01-12 11:01:34,176 [Listener at 127.0.0.1/10336] INFO  impl.StateMachineUpdater (StateMachineUpdater.java:stopAndJoin(148)) - 88b834f5-6008-4641-83c2-e698cd1f12a5@group-860D5CF4D66C-StateMachineUpdater: set stopIndex = 0
2021-01-12 11:01:34,176 [ForkJoinPool.commonPool-worker-0] INFO  metrics.RatisMetrics (RatisMetrics.java:unregister(43)) - Unregistering Metrics Registry : ratis_grpc.log_appender.39b417ab-8504-4076-a6f4-79e16db1ab30@group-3B437D9F2B1B
2021-01-12 11:01:34,176 [88b834f5-6008-4641-83c2-e698cd1f12a5@group-860D5CF4D66C-StateMachineUpdater] INFO  ratis.ContainerStateMachine (ContainerStateMachine.java:takeSnapshot(291)) - group-860D5CF4D66C: Taking a snapshot at:(t:1, i:0) file /github/workspace/mnt/ozone/hadoop-ozone/integration-test/target/test-dir/MiniOzoneClusterImpl-124e3b68-9dbf-46e5-878a-8eb0ed2fbb06/datanode-1/data/ratis/c93efe93-a53d-4769-b73c-860d5cf4d66c/sm/snapshot.1_0
2021-01-12 11:01:34,177 [39b417ab-8504-4076-a6f4-79e16db1ab30@group-3B437D9F2B1B->88b834f5-6008-4641-83c2-e698cd1f12a5-GrpcLogAppender-LogAppenderDaemon] WARN  server.GrpcLogAppender (GrpcLogAppender.java:mayWait(175)) - 39b417ab-8504-4076-a6f4-79e16db1ab30@group-3B437D9F2B1B->88b834f5-6008-4641-83c2-e698cd1f12a5-GrpcLogAppender: Wait interrupted by java.lang.InterruptedException
2021-01-12 11:01:34,177 [grpc-default-executor-2] INFO  server.GrpcServerProtocolService (GrpcServerProtocolService.java:onCompleted(138)) - 88b834f5-6008-4641-83c2-e698cd1f12a5: Completed APPEND_ENTRIES, lastRequest: 39b417ab-8504-4076-a6f4-79e16db1ab30->88b834f5-6008-4641-83c2-e698cd1f12a5#1-t1,previous=(t:0, i:0),leaderCommit=-1,initializing? true,entries: size=1, first=(t:1, i:0), CONFIGURATIONENTRY
2021-01-12 11:01:34,177 [ForkJoinPool.commonPool-worker-0] INFO  metrics.RatisMetrics (RatisMetrics.java:unregister(43)) - Unregistering Metrics Registry : ratis_grpc.log_appender.39b417ab-8504-4076-a6f4-79e16db1ab30@group-3B437D9F2B1B
2021-01-12 11:01:34,178 [39b417ab-8504-4076-a6f4-79e16db1ab30@group-3B437D9F2B1B->e541cdce-a2d8-48af-b7b9-ce247b4f51b3-GrpcLogAppender-LogAppenderDaemon] WARN  server.GrpcLogAppender (GrpcLogAppender.java:mayWait(175)) - 39b417ab-8504-4076-a6f4-79e16db1ab30@group-3B437D9F2B1B->e541cdce-a2d8-48af-b7b9-ce247b4f51b3-GrpcLogAppender: Wait interrupted by java.lang.InterruptedException
2021-01-12 11:01:34,178 [grpc-default-executor-2] INFO  server.GrpcServerProtocolService (GrpcServerProtocolService.java:onCompleted(138)) - e541cdce-a2d8-48af-b7b9-ce247b4f51b3: Completed APPEND_ENTRIES, lastRequest: 39b417ab-8504-4076-a6f4-79e16db1ab30->e541cdce-a2d8-48af-b7b9-ce247b4f51b3#1-t1,previous=(t:0, i:0),leaderCommit=0,initializing? true,entries: size=1, first=(t:1, i:0), CONFIGURATIONENTRY
2021-01-12 11:01:34,179 [grpc-default-executor-2] INFO  server.GrpcLogAppender (GrpcLogAppender.java:onCompleted(344)) - 39b417ab-8504-4076-a6f4-79e16db1ab30@group-3B437D9F2B1B->e541cdce-a2d8-48af-b7b9-ce247b4f51b3-AppendLogResponseHandler: follower responses appendEntries COMPLETED
2021-01-12 11:01:34,179 [grpc-default-executor-2] INFO  leader.FollowerInfo (FollowerInfoImpl.java:lambda$new$0(46)) - 39b417ab-8504-4076-a6f4-79e16db1ab30@group-3B437D9F2B1B->e541cdce-a2d8-48af-b7b9-ce247b4f51b3: nextIndex: updateUnconditionally 1 -> 0
2021-01-12 11:01:34,180 [grpc-default-executor-3] INFO  server.GrpcLogAppender (GrpcLogAppender.java:onCompleted(344)) - 39b417ab-8504-4076-a6f4-79e16db1ab30@group-3B437D9F2B1B->88b834f5-6008-4641-83c2-e698cd1f12a5-AppendLogResponseHandler: follower responses appendEntries COMPLETED
2021-01-12 11:01:34,180 [grpc-default-executor-3] INFO  leader.FollowerInfo (FollowerInfoImpl.java:lambda$new$0(46)) - 39b417ab-8504-4076-a6f4-79e16db1ab30@group-3B437D9F2B1B->88b834f5-6008-4641-83c2-e698cd1f12a5: nextIndex: updateUnconditionally 1 -> 0
2021-01-12 11:01:34,178 [ForkJoinPool.commonPool-worker-0] INFO  impl.PendingRequests (PendingRequests.java:sendNotLeaderResponses(249)) - 39b417ab-8504-4076-a6f4-79e16db1ab30@group-3B437D9F2B1B-PendingRequests: sendNotLeaderResponses
2021-01-12 11:01:34,184 [ForkJoinPool.commonPool-worker-0] INFO  metrics.RatisMetrics (RatisMetrics.java:unregister(43)) - Unregistering Metrics Registry : ratis.log_appender.39b417ab-8504-4076-a6f4-79e16db1ab30@group-3B437D9F2B1B
2021-01-12 11:01:34,184 [ForkJoinPool.commonPool-worker-0] INFO  metrics.RatisMetrics (RatisMetrics.java:unregister(43)) - Unregistering Metrics Registry : ratis.server.39b417ab-8504-4076-a6f4-79e16db1ab30@group-3B437D9F2B1B
2021-01-12 11:01:34,184 [ForkJoinPool.commonPool-worker-0] INFO  impl.StateMachineUpdater (StateMachineUpdater.java:stopAndJoin(148)) - 39b417ab-8504-4076-a6f4-79e16db1ab30@group-3B437D9F2B1B-StateMachineUpdater: set stopIndex = 0
2021-01-12 11:01:34,184 [39b417ab-8504-4076-a6f4-79e16db1ab30@group-3B437D9F2B1B-StateMachineUpdater] INFO  ratis.ContainerStateMachine (ContainerStateMachine.java:takeSnapshot(291)) - group-3B437D9F2B1B: Taking a snapshot at:(t:1, i:0) file /github/workspace/mnt/ozone/hadoop-ozone/integration-test/target/test-dir/MiniOzoneClusterImpl-124e3b68-9dbf-46e5-878a-8eb0ed2fbb06/datanode-0/data/ratis/39aa5a61-5a80-4b69-9e87-3b437d9f2b1b/sm/snapshot.1_0
2021-01-12 11:01:34,233 [39b417ab-8504-4076-a6f4-79e16db1ab30@group-3B437D9F2B1B-StateMachineUpdater] INFO  ratis.ContainerStateMachine (ContainerStateMachine.java:takeSnapshot(302)) - group-3B437D9F2B1B: Finished taking a snapshot at:(t:1, i:0) file:/github/workspace/mnt/ozone/hadoop-ozone/integration-test/target/test-dir/MiniOzoneClusterImpl-124e3b68-9dbf-46e5-878a-8eb0ed2fbb06/datanode-0/data/ratis/39aa5a61-5a80-4b69-9e87-3b437d9f2b1b/sm/snapshot.1_0 took: 48 ms
2021-01-12 11:01:34,233 [88b834f5-6008-4641-83c2-e698cd1f12a5@group-860D5CF4D66C-StateMachineUpdater] INFO  ratis.ContainerStateMachine (ContainerStateMachine.java:takeSnapshot(302)) - group-860D5CF4D66C: Finished taking a snapshot at:(t:1, i:0) file:/github/workspace/mnt/ozone/hadoop-ozone/integration-test/target/test-dir/MiniOzoneClusterImpl-124e3b68-9dbf-46e5-878a-8eb0ed2fbb06/datanode-1/data/ratis/c93efe93-a53d-4769-b73c-860d5cf4d66c/sm/snapshot.1_0 took: 56 ms
2021-01-12 11:01:34,234 [88b834f5-6008-4641-83c2-e698cd1f12a5@group-860D5CF4D66C-StateMachineUpdater] INFO  impl.StateMachineUpdater (StateMachineUpdater.java:takeSnapshot(279)) - 88b834f5-6008-4641-83c2-e698cd1f12a5@group-860D5CF4D66C-StateMachineUpdater: Took a snapshot at index 0
2021-01-12 11:01:34,234 [39b417ab-8504-4076-a6f4-79e16db1ab30@group-3B437D9F2B1B-StateMachineUpdater] INFO  impl.StateMachineUpdater (StateMachineUpdater.java:takeSnapshot(279)) - 39b417ab-8504-4076-a6f4-79e16db1ab30@group-3B437D9F2B1B-StateMachineUpdater: Took a snapshot at index 0
2021-01-12 11:01:34,234 [39b417ab-8504-4076-a6f4-79e16db1ab30@group-3B437D9F2B1B-StateMachineUpdater] INFO  impl.StateMachineUpdater (StateMachineUpdater.java:lambda$new$0(88)) - 39b417ab-8504-4076-a6f4-79e16db1ab30@group-3B437D9F2B1B-StateMachineUpdater: snapshotIndex: updateIncreasingly -1 -> 0
2021-01-12 11:01:34,234 [88b834f5-6008-4641-83c2-e698cd1f12a5@group-860D5CF4D66C-StateMachineUpdater] INFO  impl.StateMachineUpdater (StateMachineUpdater.java:lambda$new$0(88)) - 88b834f5-6008-4641-83c2-e698cd1f12a5@group-860D5CF4D66C-StateMachineUpdater: snapshotIndex: updateIncreasingly -1 -> 0
2021-01-12 11:01:34,237 [39b417ab-8504-4076-a6f4-79e16db1ab30@group-3B437D9F2B1B-StateMachineUpdater] INFO  metrics.RatisMetrics (RatisMetrics.java:unregister(43)) - Unregistering Metrics Registry : ratis.state_machine.39b417ab-8504-4076-a6f4-79e16db1ab30@group-3B437D9F2B1B
2021-01-12 11:01:34,237 [88b834f5-6008-4641-83c2-e698cd1f12a5@group-860D5CF4D66C-StateMachineUpdater] INFO  metrics.RatisMetrics (RatisMetrics.java:unregister(43)) - Unregistering Metrics Registry : ratis.state_machine.88b834f5-6008-4641-83c2-e698cd1f12a5@group-860D5CF4D66C
2021-01-12 11:01:34,237 [Listener at 127.0.0.1/10336] INFO  server.RaftServer$Division (ServerState.java:close(400)) - 88b834f5-6008-4641-83c2-e698cd1f12a5@group-860D5CF4D66C: closes. applyIndex: 0
2021-01-12 11:01:34,237 [88b834f5-6008-4641-83c2-e698cd1f12a5@group-860D5CF4D66C-SegmentedRaftLogWorker] INFO  segmented.SegmentedRaftLogWorker (SegmentedRaftLogWorker.java:run(326)) - 88b834f5-6008-4641-83c2-e698cd1f12a5@group-860D5CF4D66C-SegmentedRaftLogWorker was interrupted, exiting. There are 0 tasks remaining in the queue.
2021-01-12 11:01:34,237 [Listener at 127.0.0.1/10336] INFO  segmented.SegmentedRaftLogWorker (SegmentedRaftLogWorker.java:close(236)) - 88b834f5-6008-4641-83c2-e698cd1f12a5@group-860D5CF4D66C-SegmentedRaftLogWorker close()
2021-01-12 11:01:34,238 [Listener at 127.0.0.1/10336] INFO  metrics.RatisMetrics (RatisMetrics.java:unregister(43)) - Unregistering Metrics Registry : ratis.log_worker.88b834f5-6008-4641-83c2-e698cd1f12a5@group-860D5CF4D66C
2021-01-12 11:01:34,238 [Listener at 127.0.0.1/10336] INFO  metrics.RatisMetrics (RatisMetrics.java:unregister(43)) - Unregistering Metrics Registry : ratis.leader_election.88b834f5-6008-4641-83c2-e698cd1f12a5@group-860D5CF4D66C
2021-01-12 11:01:34,238 [Listener at 127.0.0.1/10336] INFO  metrics.RatisMetrics (RatisMetrics.java:unregister(43)) - Unregistering Metrics Registry : ratis.server.88b834f5-6008-4641-83c2-e698cd1f12a5@group-860D5CF4D66C
2021-01-12 11:01:34,238 [Listener at 127.0.0.1/10336] INFO  server.RaftServer$Division (RaftServerImpl.java:lambda$close$4(405)) - 88b834f5-6008-4641-83c2-e698cd1f12a5@group-3B437D9F2B1B: shutdown
2021-01-12 11:01:34,239 [Listener at 127.0.0.1/10336] INFO  util.JmxRegister (JmxRegister.java:unregister(73)) - Successfully un-registered JMX Bean with object name Ratis:service=RaftServer,group=group-3B437D9F2B1B,id=88b834f5-6008-4641-83c2-e698cd1f12a5
2021-01-12 11:01:34,239 [Listener at 127.0.0.1/10336] INFO  impl.RoleInfo (RoleInfo.java:shutdownFollowerState(108)) - 88b834f5-6008-4641-83c2-e698cd1f12a5: shutdown 88b834f5-6008-4641-83c2-e698cd1f12a5@group-3B437D9F2B1B-FollowerState
2021-01-12 11:01:34,239 [Listener at 127.0.0.1/10336] INFO  impl.StateMachineUpdater (StateMachineUpdater.java:stopAndJoin(148)) - 88b834f5-6008-4641-83c2-e698cd1f12a5@group-3B437D9F2B1B-StateMachineUpdater: set stopIndex = 0
2021-01-12 11:01:34,239 [Thread-333] INFO  impl.FollowerState (FollowerState.java:run(142)) - 88b834f5-6008-4641-83c2-e698cd1f12a5@group-3B437D9F2B1B-FollowerState was interrupted: {}
java.lang.InterruptedException: sleep interrupted
	at java.lang.Thread.sleep(Native Method)
	at java.lang.Thread.sleep(Thread.java:340)
	at java.util.concurrent.TimeUnit.sleep(TimeUnit.java:386)
	at org.apache.ratis.util.TimeDuration.sleep(TimeDuration.java:324)
	at org.apache.ratis.util.TimeDuration.sleep(TimeDuration.java:309)
	at org.apache.ratis.server.impl.FollowerState.run(FollowerState.java:117)
2021-01-12 11:01:34,239 [88b834f5-6008-4641-83c2-e698cd1f12a5@group-3B437D9F2B1B-StateMachineUpdater] INFO  ratis.ContainerStateMachine (ContainerStateMachine.java:takeSnapshot(291)) - group-3B437D9F2B1B: Taking a snapshot at:(t:1, i:0) file /github/workspace/mnt/ozone/hadoop-ozone/integration-test/target/test-dir/MiniOzoneClusterImpl-124e3b68-9dbf-46e5-878a-8eb0ed2fbb06/datanode-1/data/ratis/39aa5a61-5a80-4b69-9e87-3b437d9f2b1b/sm/snapshot.1_0
2021-01-12 11:01:34,240 [ForkJoinPool.commonPool-worker-0] INFO  server.RaftServer$Division (ServerState.java:close(400)) - 39b417ab-8504-4076-a6f4-79e16db1ab30@group-3B437D9F2B1B: closes. applyIndex: 0
2021-01-12 11:01:34,240 [39b417ab-8504-4076-a6f4-79e16db1ab30@group-3B437D9F2B1B-SegmentedRaftLogWorker] INFO  segmented.SegmentedRaftLogWorker (SegmentedRaftLogWorker.java:run(326)) - 39b417ab-8504-4076-a6f4-79e16db1ab30@group-3B437D9F2B1B-SegmentedRaftLogWorker was interrupted, exiting. There are 0 tasks remaining in the queue.
2021-01-12 11:01:34,240 [ForkJoinPool.commonPool-worker-0] INFO  segmented.SegmentedRaftLogWorker (SegmentedRaftLogWorker.java:close(236)) - 39b417ab-8504-4076-a6f4-79e16db1ab30@group-3B437D9F2B1B-SegmentedRaftLogWorker close()
2021-01-12 11:01:34,240 [88b834f5-6008-4641-83c2-e698cd1f12a5@group-3B437D9F2B1B-StateMachineUpdater] INFO  ratis.ContainerStateMachine (ContainerStateMachine.java:takeSnapshot(302)) - group-3B437D9F2B1B: Finished taking a snapshot at:(t:1, i:0) file:/github/workspace/mnt/ozone/hadoop-ozone/integration-test/target/test-dir/MiniOzoneClusterImpl-124e3b68-9dbf-46e5-878a-8eb0ed2fbb06/datanode-1/data/ratis/39aa5a61-5a80-4b69-9e87-3b437d9f2b1b/sm/snapshot.1_0 took: 2 ms
2021-01-12 11:01:34,240 [88b834f5-6008-4641-83c2-e698cd1f12a5@group-3B437D9F2B1B-StateMachineUpdater] INFO  impl.StateMachineUpdater (StateMachineUpdater.java:takeSnapshot(279)) - 88b834f5-6008-4641-83c2-e698cd1f12a5@group-3B437D9F2B1B-StateMachineUpdater: Took a snapshot at index 0
2021-01-12 11:01:34,241 [88b834f5-6008-4641-83c2-e698cd1f12a5@group-3B437D9F2B1B-StateMachineUpdater] INFO  impl.StateMachineUpdater (StateMachineUpdater.java:lambda$new$0(88)) - 88b834f5-6008-4641-83c2-e698cd1f12a5@group-3B437D9F2B1B-StateMachineUpdater: snapshotIndex: updateIncreasingly -1 -> 0
2021-01-12 11:01:34,241 [88b834f5-6008-4641-83c2-e698cd1f12a5@group-3B437D9F2B1B-StateMachineUpdater] INFO  metrics.RatisMetrics (RatisMetrics.java:unregister(43)) - Unregistering Metrics Registry : ratis.state_machine.88b834f5-6008-4641-83c2-e698cd1f12a5@group-3B437D9F2B1B
2021-01-12 11:01:34,245 [Listener at 127.0.0.1/10336] INFO  server.RaftServer$Division (ServerState.java:close(400)) - 88b834f5-6008-4641-83c2-e698cd1f12a5@group-3B437D9F2B1B: closes. applyIndex: 0
2021-01-12 11:01:34,245 [88b834f5-6008-4641-83c2-e698cd1f12a5@group-3B437D9F2B1B-SegmentedRaftLogWorker] INFO  segmented.SegmentedRaftLogWorker (SegmentedRaftLogWorker.java:run(326)) - 88b834f5-6008-4641-83c2-e698cd1f12a5@group-3B437D9F2B1B-SegmentedRaftLogWorker was interrupted, exiting. There are 0 tasks remaining in the queue.
2021-01-12 11:01:34,245 [ForkJoinPool.commonPool-worker-0] INFO  metrics.RatisMetrics (RatisMetrics.java:unregister(43)) - Unregistering Metrics Registry : ratis.log_worker.39b417ab-8504-4076-a6f4-79e16db1ab30@group-3B437D9F2B1B
2021-01-12 11:01:34,245 [ForkJoinPool.commonPool-worker-0] INFO  metrics.RatisMetrics (RatisMetrics.java:unregister(43)) - Unregistering Metrics Registry : ratis.leader_election.39b417ab-8504-4076-a6f4-79e16db1ab30@group-3B437D9F2B1B
2021-01-12 11:01:34,246 [ForkJoinPool.commonPool-worker-0] INFO  metrics.RatisMetrics (RatisMetrics.java:unregister(43)) - Unregistering Metrics Registry : ratis.server.39b417ab-8504-4076-a6f4-79e16db1ab30@group-3B437D9F2B1B
2021-01-12 11:01:34,246 [ForkJoinPool.commonPool-worker-0] INFO  server.RaftServer$Division (RaftServerImpl.java:lambda$close$4(405)) - 39b417ab-8504-4076-a6f4-79e16db1ab30@group-C7489B31936E: shutdown
2021-01-12 11:01:34,246 [ForkJoinPool.commonPool-worker-0] INFO  util.JmxRegister (JmxRegister.java:unregister(73)) - Successfully un-registered JMX Bean with object name Ratis:service=RaftServer,group=group-C7489B31936E,id=39b417ab-8504-4076-a6f4-79e16db1ab30
2021-01-12 11:01:34,246 [ForkJoinPool.commonPool-worker-0] INFO  impl.RoleInfo (RoleInfo.java:shutdownFollowerState(108)) - 39b417ab-8504-4076-a6f4-79e16db1ab30: shutdown 39b417ab-8504-4076-a6f4-79e16db1ab30@group-C7489B31936E-FollowerState
2021-01-12 11:01:34,246 [ForkJoinPool.commonPool-worker-0] INFO  impl.StateMachineUpdater (StateMachineUpdater.java:stopAndJoin(148)) - 39b417ab-8504-4076-a6f4-79e16db1ab30@group-C7489B31936E-StateMachineUpdater: set stopIndex = 0
2021-01-12 11:01:34,246 [Thread-319] INFO  impl.FollowerState (FollowerState.java:run(142)) - 39b417ab-8504-4076-a6f4-79e16db1ab30@group-C7489B31936E-FollowerState was interrupted: {}
java.lang.InterruptedException: sleep interrupted
	at java.lang.Thread.sleep(Native Method)
	at java.lang.Thread.sleep(Thread.java:340)
	at java.util.concurrent.TimeUnit.sleep(TimeUnit.java:386)
	at org.apache.ratis.util.TimeDuration.sleep(TimeDuration.java:324)
	at org.apache.ratis.util.TimeDuration.sleep(TimeDuration.java:309)
	at org.apache.ratis.server.impl.FollowerState.run(FollowerState.java:117)
2021-01-12 11:01:34,246 [39b417ab-8504-4076-a6f4-79e16db1ab30@group-C7489B31936E-StateMachineUpdater] INFO  ratis.ContainerStateMachine (ContainerStateMachine.java:takeSnapshot(291)) - group-C7489B31936E: Taking a snapshot at:(t:1, i:0) file /github/workspace/mnt/ozone/hadoop-ozone/integration-test/target/test-dir/MiniOzoneClusterImpl-124e3b68-9dbf-46e5-878a-8eb0ed2fbb06/datanode-0/data/ratis/c723a57b-c2ff-4ac7-b1f3-c7489b31936e/sm/snapshot.1_0
2021-01-12 11:01:34,247 [Listener at 127.0.0.1/10336] INFO  segmented.SegmentedRaftLogWorker (SegmentedRaftLogWorker.java:close(236)) - 88b834f5-6008-4641-83c2-e698cd1f12a5@group-3B437D9F2B1B-SegmentedRaftLogWorker close()
2021-01-12 11:01:34,247 [39b417ab-8504-4076-a6f4-79e16db1ab30@group-C7489B31936E-StateMachineUpdater] INFO  ratis.ContainerStateMachine (ContainerStateMachine.java:takeSnapshot(302)) - group-C7489B31936E: Finished taking a snapshot at:(t:1, i:0) file:/github/workspace/mnt/ozone/hadoop-ozone/integration-test/target/test-dir/MiniOzoneClusterImpl-124e3b68-9dbf-46e5-878a-8eb0ed2fbb06/datanode-0/data/ratis/c723a57b-c2ff-4ac7-b1f3-c7489b31936e/sm/snapshot.1_0 took: 0 ms
2021-01-12 11:01:34,247 [39b417ab-8504-4076-a6f4-79e16db1ab30@group-C7489B31936E-StateMachineUpdater] INFO  impl.StateMachineUpdater (StateMachineUpdater.java:takeSnapshot(279)) - 39b417ab-8504-4076-a6f4-79e16db1ab30@group-C7489B31936E-StateMachineUpdater: Took a snapshot at index 0
2021-01-12 11:01:34,247 [39b417ab-8504-4076-a6f4-79e16db1ab30@group-C7489B31936E-StateMachineUpdater] INFO  impl.StateMachineUpdater (StateMachineUpdater.java:lambda$new$0(88)) - 39b417ab-8504-4076-a6f4-79e16db1ab30@group-C7489B31936E-StateMachineUpdater: snapshotIndex: updateIncreasingly -1 -> 0
2021-01-12 11:01:34,247 [39b417ab-8504-4076-a6f4-79e16db1ab30@group-C7489B31936E-StateMachineUpdater] INFO  metrics.RatisMetrics (RatisMetrics.java:unregister(43)) - Unregistering Metrics Registry : ratis.state_machine.39b417ab-8504-4076-a6f4-79e16db1ab30@group-C7489B31936E
2021-01-12 11:01:34,248 [ForkJoinPool.commonPool-worker-0] INFO  server.RaftServer$Division (ServerState.java:close(400)) - 39b417ab-8504-4076-a6f4-79e16db1ab30@group-C7489B31936E: closes. applyIndex: 0
2021-01-12 11:01:34,248 [Listener at 127.0.0.1/10336] INFO  metrics.RatisMetrics (RatisMetrics.java:unregister(43)) - Unregistering Metrics Registry : ratis.log_worker.88b834f5-6008-4641-83c2-e698cd1f12a5@group-3B437D9F2B1B
2021-01-12 11:01:34,248 [39b417ab-8504-4076-a6f4-79e16db1ab30@group-C7489B31936E-SegmentedRaftLogWorker] INFO  segmented.SegmentedRaftLogWorker (SegmentedRaftLogWorker.java:run(326)) - 39b417ab-8504-4076-a6f4-79e16db1ab30@group-C7489B31936E-SegmentedRaftLogWorker was interrupted, exiting. There are 0 tasks remaining in the queue.
2021-01-12 11:01:34,248 [ForkJoinPool.commonPool-worker-0] INFO  segmented.SegmentedRaftLogWorker (SegmentedRaftLogWorker.java:close(236)) - 39b417ab-8504-4076-a6f4-79e16db1ab30@group-C7489B31936E-SegmentedRaftLogWorker close()
2021-01-12 11:01:34,248 [Listener at 127.0.0.1/10336] INFO  metrics.RatisMetrics (RatisMetrics.java:unregister(43)) - Unregistering Metrics Registry : ratis.leader_election.88b834f5-6008-4641-83c2-e698cd1f12a5@group-3B437D9F2B1B
2021-01-12 11:01:34,249 [Listener at 127.0.0.1/10336] INFO  metrics.RatisMetrics (RatisMetrics.java:unregister(43)) - Unregistering Metrics Registry : ratis.server.88b834f5-6008-4641-83c2-e698cd1f12a5@group-3B437D9F2B1B
2021-01-12 11:01:34,249 [Listener at 127.0.0.1/10336] INFO  server.RaftServer$Division (RaftServerImpl.java:lambda$close$4(405)) - 88b834f5-6008-4641-83c2-e698cd1f12a5@group-C7489B31936E: shutdown
2021-01-12 11:01:34,249 [Listener at 127.0.0.1/10336] INFO  util.JmxRegister (JmxRegister.java:unregister(73)) - Successfully un-registered JMX Bean with object name Ratis:service=RaftServer,group=group-C7489B31936E,id=88b834f5-6008-4641-83c2-e698cd1f12a5
2021-01-12 11:01:34,249 [Listener at 127.0.0.1/10336] INFO  impl.RoleInfo (RoleInfo.java:shutdownLeaderState(91)) - 88b834f5-6008-4641-83c2-e698cd1f12a5: shutdown 88b834f5-6008-4641-83c2-e698cd1f12a5@group-C7489B31936E-LeaderStateImpl
2021-01-12 11:01:34,249 [Listener at 127.0.0.1/10336] INFO  metrics.RatisMetrics (RatisMetrics.java:unregister(43)) - Unregistering Metrics Registry : ratis_grpc.log_appender.88b834f5-6008-4641-83c2-e698cd1f12a5@group-C7489B31936E
2021-01-12 11:01:34,249 [88b834f5-6008-4641-83c2-e698cd1f12a5@group-C7489B31936E->e541cdce-a2d8-48af-b7b9-ce247b4f51b3-GrpcLogAppender-LogAppenderDaemon] WARN  server.GrpcLogAppender (GrpcLogAppender.java:mayWait(175)) - 88b834f5-6008-4641-83c2-e698cd1f12a5@group-C7489B31936E->e541cdce-a2d8-48af-b7b9-ce247b4f51b3-GrpcLogAppender: Wait interrupted by java.lang.InterruptedException
2021-01-12 11:01:34,250 [grpc-default-executor-3] INFO  server.GrpcServerProtocolService (GrpcServerProtocolService.java:onCompleted(138)) - e541cdce-a2d8-48af-b7b9-ce247b4f51b3: Completed APPEND_ENTRIES, lastRequest: 88b834f5-6008-4641-83c2-e698cd1f12a5->e541cdce-a2d8-48af-b7b9-ce247b4f51b3#1-t1,previous=(t:0, i:0),leaderCommit=-1,initializing? true,entries: size=1, first=(t:1, i:0), CONFIGURATIONENTRY
2021-01-12 11:01:34,250 [ForkJoinPool.commonPool-worker-0] INFO  metrics.RatisMetrics (RatisMetrics.java:unregister(43)) - Unregistering Metrics Registry : ratis.log_worker.39b417ab-8504-4076-a6f4-79e16db1ab30@group-C7489B31936E
2021-01-12 11:01:34,250 [ForkJoinPool.commonPool-worker-0] INFO  metrics.RatisMetrics (RatisMetrics.java:unregister(43)) - Unregistering Metrics Registry : ratis.leader_election.39b417ab-8504-4076-a6f4-79e16db1ab30@group-C7489B31936E
2021-01-12 11:01:34,250 [ForkJoinPool.commonPool-worker-0] INFO  metrics.RatisMetrics (RatisMetrics.java:unregister(43)) - Unregistering Metrics Registry : ratis.server.39b417ab-8504-4076-a6f4-79e16db1ab30@group-C7489B31936E
2021-01-12 11:01:34,251 [ForkJoinPool.commonPool-worker-0] INFO  server.RaftServer$Division (RaftServerImpl.java:lambda$close$4(405)) - 39b417ab-8504-4076-a6f4-79e16db1ab30@group-6B673D8F2CE5: shutdown
2021-01-12 11:01:34,251 [grpc-default-executor-2] INFO  server.GrpcLogAppender (GrpcLogAppender.java:onCompleted(344)) - 88b834f5-6008-4641-83c2-e698cd1f12a5@group-C7489B31936E->e541cdce-a2d8-48af-b7b9-ce247b4f51b3-AppendLogResponseHandler: follower responses appendEntries COMPLETED
2021-01-12 11:01:34,250 [Listener at 127.0.0.1/10336] INFO  metrics.RatisMetrics (RatisMetrics.java:unregister(43)) - Unregistering Metrics Registry : ratis_grpc.log_appender.88b834f5-6008-4641-83c2-e698cd1f12a5@group-C7489B31936E
2021-01-12 11:01:34,251 [grpc-default-executor-2] INFO  leader.FollowerInfo (FollowerInfoImpl.java:lambda$new$0(46)) - 88b834f5-6008-4641-83c2-e698cd1f12a5@group-C7489B31936E->e541cdce-a2d8-48af-b7b9-ce247b4f51b3: nextIndex: updateUnconditionally 1 -> 0
2021-01-12 11:01:34,251 [ForkJoinPool.commonPool-worker-0] INFO  util.JmxRegister (JmxRegister.java:unregister(73)) - Successfully un-registered JMX Bean with object name Ratis:service=RaftServer,group=group-6B673D8F2CE5,id=39b417ab-8504-4076-a6f4-79e16db1ab30
2021-01-12 11:01:34,251 [ForkJoinPool.commonPool-worker-0] INFO  impl.RoleInfo (RoleInfo.java:shutdownLeaderState(91)) - 39b417ab-8504-4076-a6f4-79e16db1ab30: shutdown 39b417ab-8504-4076-a6f4-79e16db1ab30@group-6B673D8F2CE5-LeaderStateImpl
2021-01-12 11:01:34,252 [ForkJoinPool.commonPool-worker-0] INFO  impl.PendingRequests (PendingRequests.java:sendNotLeaderResponses(249)) - 39b417ab-8504-4076-a6f4-79e16db1ab30@group-6B673D8F2CE5-PendingRequests: sendNotLeaderResponses
2021-01-12 11:01:34,252 [ForkJoinPool.commonPool-worker-0] INFO  metrics.RatisMetrics (RatisMetrics.java:unregister(43)) - Unregistering Metrics Registry : ratis.log_appender.39b417ab-8504-4076-a6f4-79e16db1ab30@group-6B673D8F2CE5
2021-01-12 11:01:34,252 [ForkJoinPool.commonPool-worker-0] INFO  metrics.RatisMetrics (RatisMetrics.java:unregister(43)) - Unregistering Metrics Registry : ratis.server.39b417ab-8504-4076-a6f4-79e16db1ab30@group-6B673D8F2CE5
2021-01-12 11:01:34,251 [88b834f5-6008-4641-83c2-e698cd1f12a5@group-C7489B31936E->39b417ab-8504-4076-a6f4-79e16db1ab30-GrpcLogAppender-LogAppenderDaemon] WARN  server.GrpcLogAppender (GrpcLogAppender.java:mayWait(175)) - 88b834f5-6008-4641-83c2-e698cd1f12a5@group-C7489B31936E->39b417ab-8504-4076-a6f4-79e16db1ab30-GrpcLogAppender: Wait interrupted by java.lang.InterruptedException
2021-01-12 11:01:34,252 [39b417ab-8504-4076-a6f4-79e16db1ab30@group-6B673D8F2CE5-StateMachineUpdater] INFO  ratis.ContainerStateMachine (ContainerStateMachine.java:takeSnapshot(291)) - group-6B673D8F2CE5: Taking a snapshot at:(t:1, i:0) file /github/workspace/mnt/ozone/hadoop-ozone/integration-test/target/test-dir/MiniOzoneClusterImpl-124e3b68-9dbf-46e5-878a-8eb0ed2fbb06/datanode-0/data/ratis/3bf14dde-5c22-4a37-aed1-6b673d8f2ce5/sm/snapshot.1_0
2021-01-12 11:01:34,252 [grpc-default-executor-2] INFO  server.GrpcServerProtocolService (GrpcServerProtocolService.java:onCompleted(138)) - 39b417ab-8504-4076-a6f4-79e16db1ab30: Completed APPEND_ENTRIES, lastRequest: 88b834f5-6008-4641-83c2-e698cd1f12a5->39b417ab-8504-4076-a6f4-79e16db1ab30#1-t1,previous=(t:0, i:0),leaderCommit=-1,initializing? true,entries: size=1, first=(t:1, i:0), CONFIGURATIONENTRY
2021-01-12 11:01:34,253 [Listener at 127.0.0.1/10336] INFO  impl.PendingRequests (PendingRequests.java:sendNotLeaderResponses(249)) - 88b834f5-6008-4641-83c2-e698cd1f12a5@group-C7489B31936E-PendingRequests: sendNotLeaderResponses
2021-01-12 11:01:34,253 [Listener at 127.0.0.1/10336] INFO  metrics.RatisMetrics (RatisMetrics.java:unregister(43)) - Unregistering Metrics Registry : ratis.log_appender.88b834f5-6008-4641-83c2-e698cd1f12a5@group-C7489B31936E
2021-01-12 11:01:34,253 [Listener at 127.0.0.1/10336] INFO  metrics.RatisMetrics (RatisMetrics.java:unregister(43)) - Unregistering Metrics Registry : ratis.server.88b834f5-6008-4641-83c2-e698cd1f12a5@group-C7489B31936E
2021-01-12 11:01:34,254 [Listener at 127.0.0.1/10336] INFO  impl.StateMachineUpdater (StateMachineUpdater.java:stopAndJoin(148)) - 88b834f5-6008-4641-83c2-e698cd1f12a5@group-C7489B31936E-StateMachineUpdater: set stopIndex = 0
2021-01-12 11:01:34,254 [88b834f5-6008-4641-83c2-e698cd1f12a5@group-C7489B31936E-StateMachineUpdater] INFO  ratis.ContainerStateMachine (ContainerStateMachine.java:takeSnapshot(291)) - group-C7489B31936E: Taking a snapshot at:(t:1, i:0) file /github/workspace/mnt/ozone/hadoop-ozone/integration-test/target/test-dir/MiniOzoneClusterImpl-124e3b68-9dbf-46e5-878a-8eb0ed2fbb06/datanode-1/data/ratis/c723a57b-c2ff-4ac7-b1f3-c7489b31936e/sm/snapshot.1_0
2021-01-12 11:01:34,253 [ForkJoinPool.commonPool-worker-0] INFO  impl.StateMachineUpdater (StateMachineUpdater.java:stopAndJoin(148)) - 39b417ab-8504-4076-a6f4-79e16db1ab30@group-6B673D8F2CE5-StateMachineUpdater: set stopIndex = 0
2021-01-12 11:01:34,253 [grpc-default-executor-3] INFO  server.GrpcLogAppender (GrpcLogAppender.java:onCompleted(344)) - 88b834f5-6008-4641-83c2-e698cd1f12a5@group-C7489B31936E->39b417ab-8504-4076-a6f4-79e16db1ab30-AppendLogResponseHandler: follower responses appendEntries COMPLETED
2021-01-12 11:01:34,253 [39b417ab-8504-4076-a6f4-79e16db1ab30@group-6B673D8F2CE5-StateMachineUpdater] INFO  ratis.ContainerStateMachine (ContainerStateMachine.java:takeSnapshot(302)) - group-6B673D8F2CE5: Finished taking a snapshot at:(t:1, i:0) file:/github/workspace/mnt/ozone/hadoop-ozone/integration-test/target/test-dir/MiniOzoneClusterImpl-124e3b68-9dbf-46e5-878a-8eb0ed2fbb06/datanode-0/data/ratis/3bf14dde-5c22-4a37-aed1-6b673d8f2ce5/sm/snapshot.1_0 took: 0 ms
2021-01-12 11:01:34,254 [grpc-default-executor-3] INFO  leader.FollowerInfo (FollowerInfoImpl.java:lambda$new$0(46)) - 88b834f5-6008-4641-83c2-e698cd1f12a5@group-C7489B31936E->39b417ab-8504-4076-a6f4-79e16db1ab30: nextIndex: updateUnconditionally 1 -> 0
2021-01-12 11:01:34,254 [39b417ab-8504-4076-a6f4-79e16db1ab30@group-6B673D8F2CE5-StateMachineUpdater] INFO  impl.StateMachineUpdater (StateMachineUpdater.java:takeSnapshot(279)) - 39b417ab-8504-4076-a6f4-79e16db1ab30@group-6B673D8F2CE5-StateMachineUpdater: Took a snapshot at index 0
2021-01-12 11:01:34,254 [39b417ab-8504-4076-a6f4-79e16db1ab30@group-6B673D8F2CE5-StateMachineUpdater] INFO  impl.StateMachineUpdater (StateMachineUpdater.java:lambda$new$0(88)) - 39b417ab-8504-4076-a6f4-79e16db1ab30@group-6B673D8F2CE5-StateMachineUpdater: snapshotIndex: updateIncreasingly -1 -> 0
2021-01-12 11:01:34,254 [88b834f5-6008-4641-83c2-e698cd1f12a5@group-C7489B31936E-StateMachineUpdater] INFO  ratis.ContainerStateMachine (ContainerStateMachine.java:takeSnapshot(302)) - group-C7489B31936E: Finished taking a snapshot at:(t:1, i:0) file:/github/workspace/mnt/ozone/hadoop-ozone/integration-test/target/test-dir/MiniOzoneClusterImpl-124e3b68-9dbf-46e5-878a-8eb0ed2fbb06/datanode-1/data/ratis/c723a57b-c2ff-4ac7-b1f3-c7489b31936e/sm/snapshot.1_0 took: 0 ms
2021-01-12 11:01:34,254 [39b417ab-8504-4076-a6f4-79e16db1ab30@group-6B673D8F2CE5-StateMachineUpdater] INFO  metrics.RatisMetrics (RatisMetrics.java:unregister(43)) - Unregistering Metrics Registry : ratis.state_machine.39b417ab-8504-4076-a6f4-79e16db1ab30@group-6B673D8F2CE5
2021-01-12 11:01:34,254 [88b834f5-6008-4641-83c2-e698cd1f12a5@group-C7489B31936E-StateMachineUpdater] INFO  impl.StateMachineUpdater (StateMachineUpdater.java:takeSnapshot(279)) - 88b834f5-6008-4641-83c2-e698cd1f12a5@group-C7489B31936E-StateMachineUpdater: Took a snapshot at index 0
2021-01-12 11:01:34,254 [88b834f5-6008-4641-83c2-e698cd1f12a5@group-C7489B31936E-StateMachineUpdater] INFO  impl.StateMachineUpdater (StateMachineUpdater.java:lambda$new$0(88)) - 88b834f5-6008-4641-83c2-e698cd1f12a5@group-C7489B31936E-StateMachineUpdater: snapshotIndex: updateIncreasingly -1 -> 0
2021-01-12 11:01:34,254 [ForkJoinPool.commonPool-worker-0] INFO  server.RaftServer$Division (ServerState.java:close(400)) - 39b417ab-8504-4076-a6f4-79e16db1ab30@group-6B673D8F2CE5: closes. applyIndex: 0
2021-01-12 11:01:34,254 [88b834f5-6008-4641-83c2-e698cd1f12a5@group-C7489B31936E-StateMachineUpdater] INFO  metrics.RatisMetrics (RatisMetrics.java:unregister(43)) - Unregistering Metrics Registry : ratis.state_machine.88b834f5-6008-4641-83c2-e698cd1f12a5@group-C7489B31936E
2021-01-12 11:01:34,255 [39b417ab-8504-4076-a6f4-79e16db1ab30@group-6B673D8F2CE5-SegmentedRaftLogWorker] INFO  segmented.SegmentedRaftLogWorker (SegmentedRaftLogWorker.java:run(326)) - 39b417ab-8504-4076-a6f4-79e16db1ab30@group-6B673D8F2CE5-SegmentedRaftLogWorker was interrupted, exiting. There are 0 tasks remaining in the queue.
2021-01-12 11:01:34,255 [ForkJoinPool.commonPool-worker-0] INFO  segmented.SegmentedRaftLogWorker (SegmentedRaftLogWorker.java:close(236)) - 39b417ab-8504-4076-a6f4-79e16db1ab30@group-6B673D8F2CE5-SegmentedRaftLogWorker close()
2021-01-12 11:01:34,255 [Listener at 127.0.0.1/10336] INFO  server.RaftServer$Division (ServerState.java:close(400)) - 88b834f5-6008-4641-83c2-e698cd1f12a5@group-C7489B31936E: closes. applyIndex: 0
2021-01-12 11:01:34,255 [88b834f5-6008-4641-83c2-e698cd1f12a5@group-C7489B31936E-SegmentedRaftLogWorker] INFO  segmented.SegmentedRaftLogWorker (SegmentedRaftLogWorker.java:run(326)) - 88b834f5-6008-4641-83c2-e698cd1f12a5@group-C7489B31936E-SegmentedRaftLogWorker was interrupted, exiting. There are 0 tasks remaining in the queue.
2021-01-12 11:01:34,255 [Listener at 127.0.0.1/10336] INFO  segmented.SegmentedRaftLogWorker (SegmentedRaftLogWorker.java:close(236)) - 88b834f5-6008-4641-83c2-e698cd1f12a5@group-C7489B31936E-SegmentedRaftLogWorker close()
2021-01-12 11:01:34,256 [Listener at 127.0.0.1/10336] INFO  metrics.RatisMetrics (RatisMetrics.java:unregister(43)) - Unregistering Metrics Registry : ratis.log_worker.88b834f5-6008-4641-83c2-e698cd1f12a5@group-C7489B31936E
2021-01-12 11:01:34,256 [Listener at 127.0.0.1/10336] INFO  metrics.RatisMetrics (RatisMetrics.java:unregister(43)) - Unregistering Metrics Registry : ratis.leader_election.88b834f5-6008-4641-83c2-e698cd1f12a5@group-C7489B31936E
2021-01-12 11:01:34,256 [Listener at 127.0.0.1/10336] INFO  metrics.RatisMetrics (RatisMetrics.java:unregister(43)) - Unregistering Metrics Registry : ratis.server.88b834f5-6008-4641-83c2-e698cd1f12a5@group-C7489B31936E
2021-01-12 11:01:34,256 [Listener at 127.0.0.1/10336] INFO  server.GrpcService (GrpcService.java:closeImpl(183)) - 88b834f5-6008-4641-83c2-e698cd1f12a5: shutdown server with port 38117 now
2021-01-12 11:01:34,256 [ForkJoinPool.commonPool-worker-0] INFO  metrics.RatisMetrics (RatisMetrics.java:unregister(43)) - Unregistering Metrics Registry : ratis.log_worker.39b417ab-8504-4076-a6f4-79e16db1ab30@group-6B673D8F2CE5
2021-01-12 11:01:34,257 [ForkJoinPool.commonPool-worker-0] INFO  metrics.RatisMetrics (RatisMetrics.java:unregister(43)) - Unregistering Metrics Registry : ratis.leader_election.39b417ab-8504-4076-a6f4-79e16db1ab30@group-6B673D8F2CE5
2021-01-12 11:01:34,257 [ForkJoinPool.commonPool-worker-0] INFO  metrics.RatisMetrics (RatisMetrics.java:unregister(43)) - Unregistering Metrics Registry : ratis.server.39b417ab-8504-4076-a6f4-79e16db1ab30@group-6B673D8F2CE5
2021-01-12 11:01:34,257 [ForkJoinPool.commonPool-worker-0] INFO  server.GrpcService (GrpcService.java:closeImpl(183)) - 39b417ab-8504-4076-a6f4-79e16db1ab30: shutdown server with port 35129 now
2021-01-12 11:01:34,263 [ForkJoinPool.commonPool-worker-0] INFO  server.GrpcService (GrpcService.java:closeImpl(192)) - 39b417ab-8504-4076-a6f4-79e16db1ab30: shutdown server with port 35129 successfully
2021-01-12 11:01:34,264 [org.apache.ratis.util.JvmPauseMonitor$$Lambda$305/1752459994@2d0968db] INFO  util.JvmPauseMonitor (JvmPauseMonitor.java:run(109)) - JvmPauseMonitor-39b417ab-8504-4076-a6f4-79e16db1ab30: Stopped
2021-01-12 11:01:34,264 [Listener at 127.0.0.1/10336] INFO  server.GrpcService (GrpcService.java:closeImpl(192)) - 88b834f5-6008-4641-83c2-e698cd1f12a5: shutdown server with port 38117 successfully
2021-01-12 11:01:34,265 [org.apache.ratis.util.JvmPauseMonitor$$Lambda$305/1752459994@2e4922e6] INFO  util.JvmPauseMonitor (JvmPauseMonitor.java:run(109)) - JvmPauseMonitor-88b834f5-6008-4641-83c2-e698cd1f12a5: Stopped
2021-01-12 11:01:34,266 [ForkJoinPool.commonPool-worker-0] INFO  utils.BackgroundService (BackgroundService.java:shutdown(132)) - Shutting down service BlockDeletingService
2021-01-12 11:01:34,267 [ForkJoinPool.commonPool-worker-0] INFO  statemachine.DatanodeStateMachine (DatanodeStateMachine.java:stopDaemon(461)) - Ozone container server stopped.
2021-01-12 11:01:34,269 [Listener at 127.0.0.1/10336] INFO  utils.BackgroundService (BackgroundService.java:shutdown(132)) - Shutting down service BlockDeletingService
2021-01-12 11:01:34,274 [Listener at 127.0.0.1/10336] INFO  statemachine.DatanodeStateMachine (DatanodeStateMachine.java:stopDaemon(461)) - Ozone container server stopped.
2021-01-12 11:01:34,287 [ForkJoinPool.commonPool-worker-0] INFO  handler.ContextHandler (ContextHandler.java:doStop(1154)) - Stopped o.e.j.w.WebAppContext@6b027fde{hddsDatanode,/,null,STOPPED}{jar:file:/home/user/.m2/repository/org/apache/hadoop/hadoop-hdds-container-service/1.1.0-SNAPSHOT/hadoop-hdds-container-service-1.1.0-SNAPSHOT.jar!/webapps/hddsDatanode}
2021-01-12 11:01:34,288 [ForkJoinPool.commonPool-worker-0] INFO  server.AbstractConnector (AbstractConnector.java:doStop(381)) - Stopped ServerConnector@1e53a96b{HTTP/1.1, (http/1.1)}{0.0.0.0:0}
2021-01-12 11:01:34,288 [ForkJoinPool.commonPool-worker-0] INFO  server.session (HouseKeeper.java:stopScavenging(149)) - node0 Stopped scavenging
2021-01-12 11:01:34,289 [Listener at 127.0.0.1/10336] INFO  handler.ContextHandler (ContextHandler.java:doStop(1154)) - Stopped o.e.j.w.WebAppContext@12040117{hddsDatanode,/,null,STOPPED}{jar:file:/home/user/.m2/repository/org/apache/hadoop/hadoop-hdds-container-service/1.1.0-SNAPSHOT/hadoop-hdds-container-service-1.1.0-SNAPSHOT.jar!/webapps/hddsDatanode}
2021-01-12 11:01:34,289 [ForkJoinPool.commonPool-worker-0] INFO  handler.ContextHandler (ContextHandler.java:doStop(1154)) - Stopped o.e.j.s.ServletContextHandler@15233ba8{static,/static,jar:file:/home/user/.m2/repository/org/apache/hadoop/hadoop-hdds-container-service/1.1.0-SNAPSHOT/hadoop-hdds-container-service-1.1.0-SNAPSHOT.jar!/webapps/static,STOPPED}
2021-01-12 11:01:34,293 [Listener at 127.0.0.1/10336] INFO  server.AbstractConnector (AbstractConnector.java:doStop(381)) - Stopped ServerConnector@72a2f743{HTTP/1.1, (http/1.1)}{0.0.0.0:0}
2021-01-12 11:01:34,294 [Listener at 127.0.0.1/10336] INFO  server.session (HouseKeeper.java:stopScavenging(149)) - node0 Stopped scavenging
2021-01-12 11:01:34,294 [Listener at 127.0.0.1/10336] INFO  handler.ContextHandler (ContextHandler.java:doStop(1154)) - Stopped o.e.j.s.ServletContextHandler@63ba1a44{static,/static,jar:file:/home/user/.m2/repository/org/apache/hadoop/hadoop-hdds-container-service/1.1.0-SNAPSHOT/hadoop-hdds-container-service-1.1.0-SNAPSHOT.jar!/webapps/static,STOPPED}
2021-01-12 11:01:34,294 [Listener at 127.0.0.1/10336] INFO  handler.ContextHandler (ContextHandler.java:doStop(1154)) - Stopped o.e.j.s.ServletContextHandler@1173a2f7{logs,/logs,file:///github/workspace/mnt/ozone/hadoop-ozone/integration-test/target/log,STOPPED}
2021-01-12 11:01:34,294 [ForkJoinPool.commonPool-worker-0] INFO  handler.ContextHandler (ContextHandler.java:doStop(1154)) - Stopped o.e.j.s.ServletContextHandler@66e64425{logs,/logs,file:///github/workspace/mnt/ozone/hadoop-ozone/integration-test/target/log,STOPPED}
2021-01-12 11:01:34,998 [Datanode State Machine Thread - 0] INFO  statemachine.DatanodeStateMachine (DatanodeStateMachine.java:lambda$startDaemon$0(408)) - Ozone container server started.
2021-01-12 11:01:39,296 [Listener at 127.0.0.1/10336] INFO  ozoneimpl.OzoneContainer (OzoneContainer.java:stop(273)) - Attempting to stop container services.
2021-01-12 11:01:39,297 [Listener at 127.0.0.1/10336] INFO  server.RaftServer (RaftServerProxy.java:lambda$close$6(389)) - e541cdce-a2d8-48af-b7b9-ce247b4f51b3: close
2021-01-12 11:01:39,297 [Listener at 127.0.0.1/10336] INFO  server.RaftServer$Division (RaftServerImpl.java:lambda$close$4(405)) - e541cdce-a2d8-48af-b7b9-ce247b4f51b3@group-99F74C68C25A: shutdown
2021-01-12 11:01:39,297 [Listener at 127.0.0.1/10336] INFO  util.JmxRegister (JmxRegister.java:unregister(73)) - Successfully un-registered JMX Bean with object name Ratis:service=RaftServer,group=group-99F74C68C25A,id=e541cdce-a2d8-48af-b7b9-ce247b4f51b3
2021-01-12 11:01:39,297 [Listener at 127.0.0.1/10336] INFO  impl.RoleInfo (RoleInfo.java:shutdownLeaderState(91)) - e541cdce-a2d8-48af-b7b9-ce247b4f51b3: shutdown e541cdce-a2d8-48af-b7b9-ce247b4f51b3@group-99F74C68C25A-LeaderStateImpl
2021-01-12 11:01:39,298 [Listener at 127.0.0.1/10336] INFO  impl.PendingRequests (PendingRequests.java:sendNotLeaderResponses(249)) - e541cdce-a2d8-48af-b7b9-ce247b4f51b3@group-99F74C68C25A-PendingRequests: sendNotLeaderResponses
2021-01-12 11:01:39,298 [Listener at 127.0.0.1/10336] INFO  metrics.RatisMetrics (RatisMetrics.java:unregister(43)) - Unregistering Metrics Registry : ratis.log_appender.e541cdce-a2d8-48af-b7b9-ce247b4f51b3@group-99F74C68C25A
2021-01-12 11:01:39,298 [Listener at 127.0.0.1/10336] INFO  metrics.RatisMetrics (RatisMetrics.java:unregister(43)) - Unregistering Metrics Registry : ratis.server.e541cdce-a2d8-48af-b7b9-ce247b4f51b3@group-99F74C68C25A
2021-01-12 11:01:39,298 [Listener at 127.0.0.1/10336] INFO  impl.StateMachineUpdater (StateMachineUpdater.java:stopAndJoin(148)) - e541cdce-a2d8-48af-b7b9-ce247b4f51b3@group-99F74C68C25A-StateMachineUpdater: set stopIndex = 0
2021-01-12 11:01:39,299 [e541cdce-a2d8-48af-b7b9-ce247b4f51b3@group-99F74C68C25A-StateMachineUpdater] INFO  ratis.ContainerStateMachine (ContainerStateMachine.java:takeSnapshot(291)) - group-99F74C68C25A: Taking a snapshot at:(t:1, i:0) file /github/workspace/mnt/ozone/hadoop-ozone/integration-test/target/test-dir/MiniOzoneClusterImpl-124e3b68-9dbf-46e5-878a-8eb0ed2fbb06/datanode-2/data/ratis/f3971f18-ec09-459f-bd4c-99f74c68c25a/sm/snapshot.1_0
2021-01-12 11:01:39,299 [e541cdce-a2d8-48af-b7b9-ce247b4f51b3@group-99F74C68C25A-StateMachineUpdater] INFO  ratis.ContainerStateMachine (ContainerStateMachine.java:takeSnapshot(302)) - group-99F74C68C25A: Finished taking a snapshot at:(t:1, i:0) file:/github/workspace/mnt/ozone/hadoop-ozone/integration-test/target/test-dir/MiniOzoneClusterImpl-124e3b68-9dbf-46e5-878a-8eb0ed2fbb06/datanode-2/data/ratis/f3971f18-ec09-459f-bd4c-99f74c68c25a/sm/snapshot.1_0 took: 1 ms
2021-01-12 11:01:39,300 [e541cdce-a2d8-48af-b7b9-ce247b4f51b3@group-99F74C68C25A-StateMachineUpdater] INFO  impl.StateMachineUpdater (StateMachineUpdater.java:takeSnapshot(279)) - e541cdce-a2d8-48af-b7b9-ce247b4f51b3@group-99F74C68C25A-StateMachineUpdater: Took a snapshot at index 0
2021-01-12 11:01:39,300 [e541cdce-a2d8-48af-b7b9-ce247b4f51b3@group-99F74C68C25A-StateMachineUpdater] INFO  impl.StateMachineUpdater (StateMachineUpdater.java:lambda$new$0(88)) - e541cdce-a2d8-48af-b7b9-ce247b4f51b3@group-99F74C68C25A-StateMachineUpdater: snapshotIndex: updateIncreasingly -1 -> 0
2021-01-12 11:01:39,300 [e541cdce-a2d8-48af-b7b9-ce247b4f51b3@group-99F74C68C25A-StateMachineUpdater] INFO  metrics.RatisMetrics (RatisMetrics.java:unregister(43)) - Unregistering Metrics Registry : ratis.state_machine.e541cdce-a2d8-48af-b7b9-ce247b4f51b3@group-99F74C68C25A
2021-01-12 11:01:39,300 [Listener at 127.0.0.1/10336] INFO  server.RaftServer$Division (ServerState.java:close(400)) - e541cdce-a2d8-48af-b7b9-ce247b4f51b3@group-99F74C68C25A: closes. applyIndex: 0
2021-01-12 11:01:39,300 [e541cdce-a2d8-48af-b7b9-ce247b4f51b3@group-99F74C68C25A-SegmentedRaftLogWorker] INFO  segmented.SegmentedRaftLogWorker (SegmentedRaftLogWorker.java:run(326)) - e541cdce-a2d8-48af-b7b9-ce247b4f51b3@group-99F74C68C25A-SegmentedRaftLogWorker was interrupted, exiting. There are 0 tasks remaining in the queue.
2021-01-12 11:01:39,300 [Listener at 127.0.0.1/10336] INFO  segmented.SegmentedRaftLogWorker (SegmentedRaftLogWorker.java:close(236)) - e541cdce-a2d8-48af-b7b9-ce247b4f51b3@group-99F74C68C25A-SegmentedRaftLogWorker close()
2021-01-12 11:01:39,301 [Listener at 127.0.0.1/10336] INFO  metrics.RatisMetrics (RatisMetrics.java:unregister(43)) - Unregistering Metrics Registry : ratis.log_worker.e541cdce-a2d8-48af-b7b9-ce247b4f51b3@group-99F74C68C25A
2021-01-12 11:01:39,301 [Listener at 127.0.0.1/10336] INFO  metrics.RatisMetrics (RatisMetrics.java:unregister(43)) - Unregistering Metrics Registry : ratis.leader_election.e541cdce-a2d8-48af-b7b9-ce247b4f51b3@group-99F74C68C25A
2021-01-12 11:01:39,301 [Listener at 127.0.0.1/10336] INFO  metrics.RatisMetrics (RatisMetrics.java:unregister(43)) - Unregistering Metrics Registry : ratis.server.e541cdce-a2d8-48af-b7b9-ce247b4f51b3@group-99F74C68C25A
2021-01-12 11:01:39,302 [Listener at 127.0.0.1/10336] INFO  server.RaftServer$Division (RaftServerImpl.java:lambda$close$4(405)) - e541cdce-a2d8-48af-b7b9-ce247b4f51b3@group-3B437D9F2B1B: shutdown
2021-01-12 11:01:39,302 [Listener at 127.0.0.1/10336] INFO  util.JmxRegister (JmxRegister.java:unregister(73)) - Successfully un-registered JMX Bean with object name Ratis:service=RaftServer,group=group-3B437D9F2B1B,id=e541cdce-a2d8-48af-b7b9-ce247b4f51b3
2021-01-12 11:01:39,302 [Listener at 127.0.0.1/10336] INFO  impl.RoleInfo (RoleInfo.java:shutdownFollowerState(108)) - e541cdce-a2d8-48af-b7b9-ce247b4f51b3: shutdown e541cdce-a2d8-48af-b7b9-ce247b4f51b3@group-3B437D9F2B1B-FollowerState
2021-01-12 11:01:39,302 [Thread-334] INFO  impl.FollowerState (FollowerState.java:run(142)) - e541cdce-a2d8-48af-b7b9-ce247b4f51b3@group-3B437D9F2B1B-FollowerState was interrupted: {}
java.lang.InterruptedException: sleep interrupted
	at java.lang.Thread.sleep(Native Method)
	at java.lang.Thread.sleep(Thread.java:340)
	at java.util.concurrent.TimeUnit.sleep(TimeUnit.java:386)
	at org.apache.ratis.util.TimeDuration.sleep(TimeDuration.java:324)
	at org.apache.ratis.util.TimeDuration.sleep(TimeDuration.java:309)
	at org.apache.ratis.server.impl.FollowerState.run(FollowerState.java:117)
2021-01-12 11:01:39,302 [e541cdce-a2d8-48af-b7b9-ce247b4f51b3@group-3B437D9F2B1B-StateMachineUpdater] INFO  ratis.ContainerStateMachine (ContainerStateMachine.java:takeSnapshot(291)) - group-3B437D9F2B1B: Taking a snapshot at:(t:1, i:0) file /github/workspace/mnt/ozone/hadoop-ozone/integration-test/target/test-dir/MiniOzoneClusterImpl-124e3b68-9dbf-46e5-878a-8eb0ed2fbb06/datanode-2/data/ratis/39aa5a61-5a80-4b69-9e87-3b437d9f2b1b/sm/snapshot.1_0
2021-01-12 11:01:39,303 [Listener at 127.0.0.1/10336] INFO  impl.StateMachineUpdater (StateMachineUpdater.java:stopAndJoin(148)) - e541cdce-a2d8-48af-b7b9-ce247b4f51b3@group-3B437D9F2B1B-StateMachineUpdater: set stopIndex = 0
2021-01-12 11:01:39,304 [e541cdce-a2d8-48af-b7b9-ce247b4f51b3@group-3B437D9F2B1B-StateMachineUpdater] INFO  ratis.ContainerStateMachine (ContainerStateMachine.java:takeSnapshot(302)) - group-3B437D9F2B1B: Finished taking a snapshot at:(t:1, i:0) file:/github/workspace/mnt/ozone/hadoop-ozone/integration-test/target/test-dir/MiniOzoneClusterImpl-124e3b68-9dbf-46e5-878a-8eb0ed2fbb06/datanode-2/data/ratis/39aa5a61-5a80-4b69-9e87-3b437d9f2b1b/sm/snapshot.1_0 took: 2 ms
2021-01-12 11:01:39,304 [e541cdce-a2d8-48af-b7b9-ce247b4f51b3@group-3B437D9F2B1B-StateMachineUpdater] INFO  impl.StateMachineUpdater (StateMachineUpdater.java:takeSnapshot(279)) - e541cdce-a2d8-48af-b7b9-ce247b4f51b3@group-3B437D9F2B1B-StateMachineUpdater: Took a snapshot at index 0
2021-01-12 11:01:39,304 [e541cdce-a2d8-48af-b7b9-ce247b4f51b3@group-3B437D9F2B1B-StateMachineUpdater] INFO  impl.StateMachineUpdater (StateMachineUpdater.java:lambda$new$0(88)) - e541cdce-a2d8-48af-b7b9-ce247b4f51b3@group-3B437D9F2B1B-StateMachineUpdater: snapshotIndex: updateIncreasingly -1 -> 0
2021-01-12 11:01:39,304 [e541cdce-a2d8-48af-b7b9-ce247b4f51b3@group-3B437D9F2B1B-StateMachineUpdater] INFO  metrics.RatisMetrics (RatisMetrics.java:unregister(43)) - Unregistering Metrics Registry : ratis.state_machine.e541cdce-a2d8-48af-b7b9-ce247b4f51b3@group-3B437D9F2B1B
2021-01-12 11:01:39,304 [Listener at 127.0.0.1/10336] INFO  server.RaftServer$Division (ServerState.java:close(400)) - e541cdce-a2d8-48af-b7b9-ce247b4f51b3@group-3B437D9F2B1B: closes. applyIndex: 0
2021-01-12 11:01:39,304 [e541cdce-a2d8-48af-b7b9-ce247b4f51b3@group-3B437D9F2B1B-SegmentedRaftLogWorker] INFO  segmented.SegmentedRaftLogWorker (SegmentedRaftLogWorker.java:run(326)) - e541cdce-a2d8-48af-b7b9-ce247b4f51b3@group-3B437D9F2B1B-SegmentedRaftLogWorker was interrupted, exiting. There are 0 tasks remaining in the queue.
2021-01-12 11:01:39,305 [Listener at 127.0.0.1/10336] INFO  segmented.SegmentedRaftLogWorker (SegmentedRaftLogWorker.java:close(236)) - e541cdce-a2d8-48af-b7b9-ce247b4f51b3@group-3B437D9F2B1B-SegmentedRaftLogWorker close()
2021-01-12 11:01:39,305 [Listener at 127.0.0.1/10336] INFO  metrics.RatisMetrics (RatisMetrics.java:unregister(43)) - Unregistering Metrics Registry : ratis.log_worker.e541cdce-a2d8-48af-b7b9-ce247b4f51b3@group-3B437D9F2B1B
2021-01-12 11:01:39,305 [Listener at 127.0.0.1/10336] INFO  metrics.RatisMetrics (RatisMetrics.java:unregister(43)) - Unregistering Metrics Registry : ratis.leader_election.e541cdce-a2d8-48af-b7b9-ce247b4f51b3@group-3B437D9F2B1B
2021-01-12 11:01:39,305 [Listener at 127.0.0.1/10336] INFO  metrics.RatisMetrics (RatisMetrics.java:unregister(43)) - Unregistering Metrics Registry : ratis.server.e541cdce-a2d8-48af-b7b9-ce247b4f51b3@group-3B437D9F2B1B
2021-01-12 11:01:39,306 [Listener at 127.0.0.1/10336] INFO  server.RaftServer$Division (RaftServerImpl.java:lambda$close$4(405)) - e541cdce-a2d8-48af-b7b9-ce247b4f51b3@group-C7489B31936E: shutdown
2021-01-12 11:01:39,306 [Listener at 127.0.0.1/10336] INFO  util.JmxRegister (JmxRegister.java:unregister(73)) - Successfully un-registered JMX Bean with object name Ratis:service=RaftServer,group=group-C7489B31936E,id=e541cdce-a2d8-48af-b7b9-ce247b4f51b3
2021-01-12 11:01:39,306 [Listener at 127.0.0.1/10336] INFO  impl.RoleInfo (RoleInfo.java:shutdownFollowerState(108)) - e541cdce-a2d8-48af-b7b9-ce247b4f51b3: shutdown e541cdce-a2d8-48af-b7b9-ce247b4f51b3@group-C7489B31936E-FollowerState
2021-01-12 11:01:39,306 [Thread-315] INFO  impl.FollowerState (FollowerState.java:run(142)) - e541cdce-a2d8-48af-b7b9-ce247b4f51b3@group-C7489B31936E-FollowerState was interrupted: {}
java.lang.InterruptedException: sleep interrupted
	at java.lang.Thread.sleep(Native Method)
	at java.lang.Thread.sleep(Thread.java:340)
	at java.util.concurrent.TimeUnit.sleep(TimeUnit.java:386)
	at org.apache.ratis.util.TimeDuration.sleep(TimeDuration.java:324)
	at org.apache.ratis.util.TimeDuration.sleep(TimeDuration.java:309)
	at org.apache.ratis.server.impl.FollowerState.run(FollowerState.java:117)
2021-01-12 11:01:39,306 [Listener at 127.0.0.1/10336] INFO  impl.StateMachineUpdater (StateMachineUpdater.java:stopAndJoin(148)) - e541cdce-a2d8-48af-b7b9-ce247b4f51b3@group-C7489B31936E-StateMachineUpdater: set stopIndex = 0
2021-01-12 11:01:39,306 [e541cdce-a2d8-48af-b7b9-ce247b4f51b3@group-C7489B31936E-StateMachineUpdater] INFO  ratis.ContainerStateMachine (ContainerStateMachine.java:takeSnapshot(291)) - group-C7489B31936E: Taking a snapshot at:(t:1, i:0) file /github/workspace/mnt/ozone/hadoop-ozone/integration-test/target/test-dir/MiniOzoneClusterImpl-124e3b68-9dbf-46e5-878a-8eb0ed2fbb06/datanode-2/data/ratis/c723a57b-c2ff-4ac7-b1f3-c7489b31936e/sm/snapshot.1_0
2021-01-12 11:01:39,307 [e541cdce-a2d8-48af-b7b9-ce247b4f51b3@group-C7489B31936E-StateMachineUpdater] INFO  ratis.ContainerStateMachine (ContainerStateMachine.java:takeSnapshot(302)) - group-C7489B31936E: Finished taking a snapshot at:(t:1, i:0) file:/github/workspace/mnt/ozone/hadoop-ozone/integration-test/target/test-dir/MiniOzoneClusterImpl-124e3b68-9dbf-46e5-878a-8eb0ed2fbb06/datanode-2/data/ratis/c723a57b-c2ff-4ac7-b1f3-c7489b31936e/sm/snapshot.1_0 took: 2 ms
2021-01-12 11:01:39,307 [e541cdce-a2d8-48af-b7b9-ce247b4f51b3@group-C7489B31936E-StateMachineUpdater] INFO  impl.StateMachineUpdater (StateMachineUpdater.java:takeSnapshot(279)) - e541cdce-a2d8-48af-b7b9-ce247b4f51b3@group-C7489B31936E-StateMachineUpdater: Took a snapshot at index 0
2021-01-12 11:01:39,307 [e541cdce-a2d8-48af-b7b9-ce247b4f51b3@group-C7489B31936E-StateMachineUpdater] INFO  impl.StateMachineUpdater (StateMachineUpdater.java:lambda$new$0(88)) - e541cdce-a2d8-48af-b7b9-ce247b4f51b3@group-C7489B31936E-StateMachineUpdater: snapshotIndex: updateIncreasingly -1 -> 0
2021-01-12 11:01:39,308 [e541cdce-a2d8-48af-b7b9-ce247b4f51b3@group-C7489B31936E-StateMachineUpdater] INFO  metrics.RatisMetrics (RatisMetrics.java:unregister(43)) - Unregistering Metrics Registry : ratis.state_machine.e541cdce-a2d8-48af-b7b9-ce247b4f51b3@group-C7489B31936E
2021-01-12 11:01:39,309 [Listener at 127.0.0.1/10336] INFO  server.RaftServer$Division (ServerState.java:close(400)) - e541cdce-a2d8-48af-b7b9-ce247b4f51b3@group-C7489B31936E: closes. applyIndex: 0
2021-01-12 11:01:39,309 [e541cdce-a2d8-48af-b7b9-ce247b4f51b3@group-C7489B31936E-SegmentedRaftLogWorker] INFO  segmented.SegmentedRaftLogWorker (SegmentedRaftLogWorker.java:run(326)) - e541cdce-a2d8-48af-b7b9-ce247b4f51b3@group-C7489B31936E-SegmentedRaftLogWorker was interrupted, exiting. There are 0 tasks remaining in the queue.
2021-01-12 11:01:39,309 [Listener at 127.0.0.1/10336] INFO  segmented.SegmentedRaftLogWorker (SegmentedRaftLogWorker.java:close(236)) - e541cdce-a2d8-48af-b7b9-ce247b4f51b3@group-C7489B31936E-SegmentedRaftLogWorker close()
2021-01-12 11:01:39,310 [Listener at 127.0.0.1/10336] INFO  metrics.RatisMetrics (RatisMetrics.java:unregister(43)) - Unregistering Metrics Registry : ratis.log_worker.e541cdce-a2d8-48af-b7b9-ce247b4f51b3@group-C7489B31936E
2021-01-12 11:01:39,310 [Listener at 127.0.0.1/10336] INFO  metrics.RatisMetrics (RatisMetrics.java:unregister(43)) - Unregistering Metrics Registry : ratis.leader_election.e541cdce-a2d8-48af-b7b9-ce247b4f51b3@group-C7489B31936E
2021-01-12 11:01:39,310 [Listener at 127.0.0.1/10336] INFO  metrics.RatisMetrics (RatisMetrics.java:unregister(43)) - Unregistering Metrics Registry : ratis.server.e541cdce-a2d8-48af-b7b9-ce247b4f51b3@group-C7489B31936E
2021-01-12 11:01:39,310 [Listener at 127.0.0.1/10336] INFO  server.GrpcService (GrpcService.java:closeImpl(183)) - e541cdce-a2d8-48af-b7b9-ce247b4f51b3: shutdown server with port 45109 now
2021-01-12 11:01:39,310 [Listener at 127.0.0.1/10336] INFO  server.GrpcService (GrpcService.java:closeImpl(192)) - e541cdce-a2d8-48af-b7b9-ce247b4f51b3: shutdown server with port 45109 successfully
2021-01-12 11:01:39,311 [org.apache.ratis.util.JvmPauseMonitor$$Lambda$305/1752459994@80ec02e] INFO  util.JvmPauseMonitor (JvmPauseMonitor.java:run(109)) - JvmPauseMonitor-e541cdce-a2d8-48af-b7b9-ce247b4f51b3: Stopped
2021-01-12 11:01:39,312 [Listener at 127.0.0.1/10336] INFO  utils.BackgroundService (BackgroundService.java:shutdown(132)) - Shutting down service BlockDeletingService
2021-01-12 11:01:39,313 [Listener at 127.0.0.1/10336] INFO  statemachine.DatanodeStateMachine (DatanodeStateMachine.java:stopDaemon(461)) - Ozone container server stopped.
2021-01-12 11:01:39,325 [Listener at 127.0.0.1/10336] INFO  handler.ContextHandler (ContextHandler.java:doStop(1154)) - Stopped o.e.j.w.WebAppContext@34d28e48{hddsDatanode,/,null,STOPPED}{jar:file:/home/user/.m2/repository/org/apache/hadoop/hadoop-hdds-container-service/1.1.0-SNAPSHOT/hadoop-hdds-container-service-1.1.0-SNAPSHOT.jar!/webapps/hddsDatanode}
2021-01-12 11:01:39,326 [Listener at 127.0.0.1/10336] INFO  server.AbstractConnector (AbstractConnector.java:doStop(381)) - Stopped ServerConnector@772483c6{HTTP/1.1, (http/1.1)}{0.0.0.0:0}
2021-01-12 11:01:39,326 [Listener at 127.0.0.1/10336] INFO  server.session (HouseKeeper.java:stopScavenging(149)) - node0 Stopped scavenging
2021-01-12 11:01:39,326 [Listener at 127.0.0.1/10336] INFO  handler.ContextHandler (ContextHandler.java:doStop(1154)) - Stopped o.e.j.s.ServletContextHandler@73961a4a{static,/static,jar:file:/home/user/.m2/repository/org/apache/hadoop/hadoop-hdds-container-service/1.1.0-SNAPSHOT/hadoop-hdds-container-service-1.1.0-SNAPSHOT.jar!/webapps/static,STOPPED}
2021-01-12 11:01:39,326 [Listener at 127.0.0.1/10336] INFO  handler.ContextHandler (ContextHandler.java:doStop(1154)) - Stopped o.e.j.s.ServletContextHandler@5c3a1a25{logs,/logs,file:///github/workspace/mnt/ozone/hadoop-ozone/integration-test/target/log,STOPPED}
2021-01-12 11:01:39,327 [Listener at 127.0.0.1/10336] INFO  ozone.MiniOzoneClusterImpl (MiniOzoneClusterImpl.java:stopSCM(478)) - Stopping the StorageContainerManager
2021-01-12 11:01:39,327 [Listener at 127.0.0.1/10336] INFO  server.StorageContainerManager (StorageContainerManager.java:stop(832)) - Stopping Replication Manager Service.
2021-01-12 11:01:39,329 [Listener at 127.0.0.1/10336] INFO  container.ReplicationManager (ReplicationManager.java:stop(227)) - Stopping Replication Monitor Thread.
2021-01-12 11:01:39,329 [Listener at 127.0.0.1/10336] INFO  server.StorageContainerManager (StorageContainerManager.java:stop(839)) - Stopping the Datanode Admin Monitor.
2021-01-12 11:01:39,330 [Listener at 127.0.0.1/10336] INFO  server.StorageContainerManager (StorageContainerManager.java:stop(846)) - Stopping Lease Manager of the command watchers
2021-01-12 11:01:39,330 [Listener at 127.0.0.1/10336] INFO  server.StorageContainerManager (StorageContainerManager.java:stop(853)) - Stopping datanode service RPC server
2021-01-12 11:01:39,330 [Listener at 127.0.0.1/10336] INFO  server.SCMDatanodeProtocolServer (SCMDatanodeProtocolServer.java:stop(369)) - Stopping the RPC server for DataNodes
2021-01-12 11:01:39,330 [Listener at 127.0.0.1/10336] INFO  ipc.Server (Server.java:stop(3359)) - Stopping server on 41487
2021-01-12 11:01:39,331 [IPC Server listener on 0] INFO  ipc.Server (Server.java:run(1330)) - Stopping IPC Server listener on 0
2021-01-12 11:01:39,332 [IPC Server Responder] INFO  ipc.Server (Server.java:run(1465)) - Stopping IPC Server Responder
2021-01-12 11:01:39,332 [SCM Heartbeat Processing Thread - 0] WARN  node.NodeStateManager (NodeStateManager.java:scheduleNextHealthCheck(688)) - Current Thread is interrupted, shutting down HB processing thread for Node Manager.
2021-01-12 11:01:39,333 [Listener at 127.0.0.1/10336] INFO  server.StorageContainerManager (StorageContainerManager.java:stop(861)) - Stopping block service RPC server
2021-01-12 11:01:39,333 [Listener at 127.0.0.1/10336] INFO  server.SCMBlockProtocolServer (SCMBlockProtocolServer.java:stop(159)) - Stopping the RPC server for Block Protocol
2021-01-12 11:01:39,333 [Listener at 127.0.0.1/10336] INFO  ipc.Server (Server.java:stop(3359)) - Stopping server on 36485
2021-01-12 11:01:39,334 [IPC Server Responder] INFO  ipc.Server (Server.java:run(1465)) - Stopping IPC Server Responder
2021-01-12 11:01:39,334 [Listener at 127.0.0.1/10336] INFO  server.StorageContainerManager (StorageContainerManager.java:stop(868)) - Stopping the StorageContainerLocationProtocol RPC server
2021-01-12 11:01:39,334 [IPC Server listener on 0] INFO  ipc.Server (Server.java:run(1330)) - Stopping IPC Server listener on 0
2021-01-12 11:01:39,334 [Listener at 127.0.0.1/10336] INFO  server.SCMClientProtocolServer (SCMClientProtocolServer.java:stop(168)) - Stopping the RPC server for Client Protocol
2021-01-12 11:01:39,334 [Listener at 127.0.0.1/10336] INFO  ipc.Server (Server.java:stop(3359)) - Stopping server on 42057
2021-01-12 11:01:39,335 [Listener at 127.0.0.1/10336] INFO  server.StorageContainerManager (StorageContainerManager.java:stop(875)) - Stopping Storage Container Manager HTTP server.
2021-01-12 11:01:39,335 [IPC Server Responder] INFO  ipc.Server (Server.java:run(1465)) - Stopping IPC Server Responder
2021-01-12 11:01:39,336 [Listener at 127.0.0.1/10336] INFO  handler.ContextHandler (ContextHandler.java:doStop(1154)) - Stopped o.e.j.w.WebAppContext@279baee4{scm,/,null,STOPPED}{file:/github/workspace/mnt/ozone/hadoop-ozone/integration-test/target/test-classes/webapps/scm}
2021-01-12 11:01:39,336 [IPC Server listener on 0] INFO  ipc.Server (Server.java:run(1330)) - Stopping IPC Server listener on 0
2021-01-12 11:01:39,337 [Listener at 127.0.0.1/10336] INFO  server.AbstractConnector (AbstractConnector.java:doStop(381)) - Stopped ServerConnector@263794df{HTTP/1.1, (http/1.1)}{0.0.0.0:0}
2021-01-12 11:01:39,338 [Listener at 127.0.0.1/10336] INFO  server.session (HouseKeeper.java:stopScavenging(149)) - node0 Stopped scavenging
2021-01-12 11:01:39,338 [Listener at 127.0.0.1/10336] INFO  handler.ContextHandler (ContextHandler.java:doStop(1154)) - Stopped o.e.j.s.ServletContextHandler@4592c06f{static,/static,file:///github/workspace/mnt/ozone/hadoop-ozone/integration-test/target/test-classes/webapps/static,STOPPED}
2021-01-12 11:01:39,340 [Listener at 127.0.0.1/10336] INFO  handler.ContextHandler (ContextHandler.java:doStop(1154)) - Stopped o.e.j.s.ServletContextHandler@321b61a7{logs,/logs,file:///github/workspace/mnt/ozone/hadoop-ozone/integration-test/target/log,STOPPED}
2021-01-12 11:01:39,342 [Listener at 127.0.0.1/10336] INFO  server.StorageContainerManager (StorageContainerManager.java:stop(886)) - Stopping Block Manager Service.
2021-01-12 11:01:39,342 [Listener at 127.0.0.1/10336] INFO  utils.BackgroundService (BackgroundService.java:shutdown(132)) - Shutting down service SCMBlockDeletingService
2021-01-12 11:01:39,343 [Listener at 127.0.0.1/10336] INFO  utils.BackgroundService (BackgroundService.java:shutdown(132)) - Shutting down service SCMBlockDeletingService
2021-01-12 11:01:39,343 [Listener at 127.0.0.1/10336] INFO  server.StorageContainerManager (StorageContainerManager.java:stop(911)) - Stopping SCM Event Queue.
2021-01-12 11:01:39,349 [Listener at 127.0.0.1/10336] INFO  impl.MetricsSystemImpl (MetricsSystemImpl.java:stop(210)) - Stopping OzoneManager metrics system...
2021-01-12 11:01:39,351 [prometheus] INFO  impl.MetricsSinkAdapter (MetricsSinkAdapter.java:publishMetricsFromQueue(141)) - prometheus thread interrupted.
2021-01-12 11:01:39,351 [Listener at 127.0.0.1/10336] INFO  impl.MetricsSystemImpl (MetricsSystemImpl.java:stop(216)) - OzoneManager metrics system stopped.
]]></system-out>
  </testcase>
  <testcase name="testInstallOldCheckpointFailure" classname="org.apache.hadoop.ozone.om.TestOMRatisSnapshots" time="39.158"/>
  <testcase name="testInstallCorruptedCheckpointFailure" classname="org.apache.hadoop.ozone.om.TestOMRatisSnapshots" time="36.863"/>
</testsuite>