<?xml version="1.0" encoding="UTF-8"?>
<testsuite xmlns:xsi="http://www.w3.org/2001/XMLSchema-instance" xsi:noNamespaceSchemaLocation="https://maven.apache.org/surefire/maven-surefire-plugin/xsd/surefire-test-report.xsd" name="org.apache.hadoop.ozone.client.rpc.TestWatchForCommit" time="334.023" tests="4" errors="0" skipped="0" failures="1">
  <properties>
    <property name="awt.toolkit" value="sun.awt.X11.XToolkit"/>
    <property name="file.encoding.pkg" value="sun.io"/>
    <property name="java.specification.version" value="1.8"/>
    <property name="sun.cpu.isalist" value=""/>
    <property name="sun.jnu.encoding" value="UTF-8"/>
    <property name="java.class.path" value="/home/runner/work/ozone/ozone/hadoop-ozone/integration-test/target/test-classes:/home/runner/work/ozone/ozone/hadoop-ozone/integration-test/target/classes:/home/runner/.m2/repository/org/apache/ozone/ozone-common/1.3.0-SNAPSHOT/ozone-common-1.3.0-SNAPSHOT.jar:/home/runner/.m2/repository/org/apache/commons/commons-compress/1.21/commons-compress-1.21.jar:/home/runner/.m2/repository/org/apache/ozone/hdds-common/1.3.0-SNAPSHOT/hdds-common-1.3.0-SNAPSHOT.jar:/home/runner/.m2/repository/org/apache/ozone/hdds-client/1.3.0-SNAPSHOT/hdds-client-1.3.0-SNAPSHOT.jar:/home/runner/.m2/repository/org/apache/ozone/ozone-interface-client/1.3.0-SNAPSHOT/ozone-interface-client-1.3.0-SNAPSHOT.jar:/home/runner/.m2/repository/org/apache/ozone/hdds-test-utils/1.3.0-SNAPSHOT/hdds-test-utils-1.3.0-SNAPSHOT.jar:/home/runner/.m2/repository/com/google/guava/guava/30.1.1-jre/guava-30.1.1-jre.jar:/home/runner/.m2/repository/com/google/guava/failureaccess/1.0.1/failureaccess-1.0.1.jar:/home/runner/.m2/repository/com/google/guava/listenablefuture/9999.0-empty-to-avoid-conflict-with-guava/listenablefuture-9999.0-empty-to-avoid-conflict-with-guava.jar:/home/runner/.m2/repository/com/google/code/findbugs/jsr305/3.0.0/jsr305-3.0.0.jar:/home/runner/.m2/repository/org/checkerframework/checker-qual/3.8.0/checker-qual-3.8.0.jar:/home/runner/.m2/repository/com/google/errorprone/error_prone_annotations/2.2.0/error_prone_annotations-2.2.0.jar:/home/runner/.m2/repository/com/google/j2objc/j2objc-annotations/1.3/j2objc-annotations-1.3.jar:/home/runner/.m2/repository/commons-io/commons-io/2.11.0/commons-io-2.11.0.jar:/home/runner/.m2/repository/commons-logging/commons-logging/1.2/commons-logging-1.2.jar:/home/runner/.m2/repository/log4j/log4j/1.2.17/log4j-1.2.17.jar:/home/runner/.m2/repository/org/slf4j/slf4j-api/1.7.30/slf4j-api-1.7.30.jar:/home/runner/.m2/repository/org/apache/ozone/hdds-server-scm/1.3.0-SNAPSHOT/hdds-server-scm-1.3.0-SNAPSHOT.jar:/home/runner/.m2/repository/org/apache/ozone/hdds-container-service/1.3.0-SNAPSHOT/hdds-container-service-1.3.0-SNAPSHOT.jar:/home/runner/.m2/repository/org/apache/ozone/hdds-hadoop-dependency-server/1.3.0-SNAPSHOT/hdds-hadoop-dependency-server-1.3.0-SNAPSHOT.jar:/home/runner/.m2/repository/org/apache/hadoop/hadoop-hdfs/3.3.1/hadoop-hdfs-3.3.1.jar:/home/runner/.m2/repository/org/apache/ozone/hdds-server-framework/1.3.0-SNAPSHOT/hdds-server-framework-1.3.0-SNAPSHOT.jar:/home/runner/.m2/repository/org/apache/ozone/hdds-interface-server/1.3.0-SNAPSHOT/hdds-interface-server-1.3.0-SNAPSHOT.jar:/home/runner/.m2/repository/org/eclipse/jetty/jetty-servlet/9.4.43.v20210629/jetty-servlet-9.4.43.v20210629.jar:/home/runner/.m2/repository/org/eclipse/jetty/jetty-security/9.4.43.v20210629/jetty-security-9.4.43.v20210629.jar:/home/runner/.m2/repository/org/rocksdb/rocksdbjni/6.25.3/rocksdbjni-6.25.3.jar:/home/runner/.m2/repository/io/prometheus/simpleclient_dropwizard/0.7.0/simpleclient_dropwizard-0.7.0.jar:/home/runner/.m2/repository/io/prometheus/simpleclient/0.7.0/simpleclient-0.7.0.jar:/home/runner/.m2/repository/io/prometheus/simpleclient_common/0.7.0/simpleclient_common-0.7.0.jar:/home/runner/.m2/repository/com/fasterxml/jackson/datatype/jackson-datatype-jsr310/2.12.1/jackson-datatype-jsr310-2.12.1.jar:/home/runner/.m2/repository/io/dropwizard/metrics/metrics-core/3.2.4/metrics-core-3.2.4.jar:/home/runner/.m2/repository/org/apache/hadoop/hadoop-hdfs-client/3.3.1/hadoop-hdfs-client-3.3.1.jar:/home/runner/.m2/repository/org/bouncycastle/bcprov-jdk15on/1.67/bcprov-jdk15on-1.67.jar:/home/runner/.m2/repository/com/google/protobuf/protobuf-java/2.5.0/protobuf-java-2.5.0.jar:/home/runner/.m2/repository/org/apache/ozone/ozone-manager/1.3.0-SNAPSHOT/ozone-manager-1.3.0-SNAPSHOT.jar:/home/runner/.m2/repository/org/aspectj/aspectjrt/1.9.7/aspectjrt-1.9.7.jar:/home/runner/.m2/repository/org/aspectj/aspectjweaver/1.9.7/aspectjweaver-1.9.7.jar:/home/runner/.m2/repository/org/apache/ozone/hdds-interface-client/1.3.0-SNAPSHOT/hdds-interface-client-1.3.0-SNAPSHOT.jar:/home/runner/.m2/repository/org/apache/hadoop/thirdparty/hadoop-shaded-protobuf_3_7/1.1.1/hadoop-shaded-protobuf_3_7-1.1.1.jar:/home/runner/.m2/repository/org/apache/ozone/ozone-interface-storage/1.3.0-SNAPSHOT/ozone-interface-storage-1.3.0-SNAPSHOT.jar:/home/runner/.m2/repository/org/reflections/reflections/0.9.11/reflections-0.9.11.jar:/home/runner/.m2/repository/org/apache/hadoop/hadoop-minikdc/3.3.1/hadoop-minikdc-3.3.1.jar:/home/runner/.m2/repository/org/apache/kerby/kerb-simplekdc/1.0.1/kerb-simplekdc-1.0.1.jar:/home/runner/.m2/repository/org/apache/kerby/kerb-client/1.0.1/kerb-client-1.0.1.jar:/home/runner/.m2/repository/org/apache/kerby/kerby-config/1.0.1/kerby-config-1.0.1.jar:/home/runner/.m2/repository/org/apache/kerby/kerb-common/1.0.1/kerb-common-1.0.1.jar:/home/runner/.m2/repository/org/apache/kerby/kerb-crypto/1.0.1/kerb-crypto-1.0.1.jar:/home/runner/.m2/repository/org/apache/kerby/kerb-util/1.0.1/kerb-util-1.0.1.jar:/home/runner/.m2/repository/org/apache/kerby/token-provider/1.0.1/token-provider-1.0.1.jar:/home/runner/.m2/repository/org/apache/kerby/kerb-admin/1.0.1/kerb-admin-1.0.1.jar:/home/runner/.m2/repository/org/apache/kerby/kerb-server/1.0.1/kerb-server-1.0.1.jar:/home/runner/.m2/repository/org/apache/kerby/kerb-identity/1.0.1/kerb-identity-1.0.1.jar:/home/runner/.m2/repository/org/apache/kerby/kerby-xdr/1.0.1/kerby-xdr-1.0.1.jar:/home/runner/.m2/repository/org/slf4j/slf4j-log4j12/1.7.30/slf4j-log4j12-1.7.30.jar:/home/runner/.m2/repository/org/apache/ozone/ozone-s3gateway/1.3.0-SNAPSHOT/ozone-s3gateway-1.3.0-SNAPSHOT.jar:/home/runner/.m2/repository/org/javassist/javassist/3.21.0-GA/javassist-3.21.0-GA.jar:/home/runner/.m2/repository/org/jboss/weld/servlet/weld-servlet/2.4.7.Final/weld-servlet-2.4.7.Final.jar:/home/runner/.m2/repository/org/glassfish/jersey/containers/jersey-container-servlet-core/2.33/jersey-container-servlet-core-2.33.jar:/home/runner/.m2/repository/org/glassfish/hk2/external/jakarta.inject/2.6.1/jakarta.inject-2.6.1.jar:/home/runner/.m2/repository/org/glassfish/jersey/core/jersey-common/2.33/jersey-common-2.33.jar:/home/runner/.m2/repository/jakarta/ws/rs/jakarta.ws.rs-api/2.1.6/jakarta.ws.rs-api-2.1.6.jar:/home/runner/.m2/repository/org/glassfish/jersey/ext/cdi/jersey-cdi1x/2.33/jersey-cdi1x-2.33.jar:/home/runner/.m2/repository/org/glassfish/jersey/inject/jersey-hk2/2.33/jersey-hk2-2.33.jar:/home/runner/.m2/repository/org/glassfish/hk2/hk2-locator/2.6.1/hk2-locator-2.6.1.jar:/home/runner/.m2/repository/org/glassfish/jersey/media/jersey-media-jaxb/2.33/jersey-media-jaxb-2.33.jar:/home/runner/.m2/repository/org/glassfish/hk2/osgi-resource-locator/1.0.3/osgi-resource-locator-1.0.3.jar:/home/runner/.m2/repository/org/glassfish/hk2/hk2-api/2.5.0/hk2-api-2.5.0.jar:/home/runner/.m2/repository/org/glassfish/hk2/hk2-utils/2.5.0/hk2-utils-2.5.0.jar:/home/runner/.m2/repository/org/glassfish/hk2/external/aopalliance-repackaged/2.5.0/aopalliance-repackaged-2.5.0.jar:/home/runner/.m2/repository/com/fasterxml/jackson/dataformat/jackson-dataformat-xml/2.12.1/jackson-dataformat-xml-2.12.1.jar:/home/runner/.m2/repository/com/fasterxml/jackson/core/jackson-core/2.12.1/jackson-core-2.12.1.jar:/home/runner/.m2/repository/com/fasterxml/jackson/module/jackson-module-jaxb-annotations/2.12.1/jackson-module-jaxb-annotations-2.12.1.jar:/home/runner/.m2/repository/jakarta/xml/bind/jakarta.xml.bind-api/2.3.2/jakarta.xml.bind-api-2.3.2.jar:/home/runner/.m2/repository/org/codehaus/woodstox/stax2-api/3.1.4/stax2-api-3.1.4.jar:/home/runner/.m2/repository/com/fasterxml/woodstox/woodstox-core/5.0.3/woodstox-core-5.0.3.jar:/home/runner/.m2/repository/javax/enterprise/cdi-api/1.2/cdi-api-1.2.jar:/home/runner/.m2/repository/javax/el/javax.el-api/3.0.0/javax.el-api-3.0.0.jar:/home/runner/.m2/repository/javax/interceptor/javax.interceptor-api/1.2/javax.interceptor-api-1.2.jar:/home/runner/.m2/repository/javax/inject/javax.inject/1/javax.inject-1.jar:/home/runner/.m2/repository/javax/xml/bind/jaxb-api/2.3.0/jaxb-api-2.3.0.jar:/home/runner/.m2/repository/org/glassfish/jaxb/jaxb-runtime/2.3.0.1/jaxb-runtime-2.3.0.1.jar:/home/runner/.m2/repository/org/glassfish/jaxb/jaxb-core/2.3.0.1/jaxb-core-2.3.0.1.jar:/home/runner/.m2/repository/org/glassfish/jaxb/txw2/2.3.0.1/txw2-2.3.0.1.jar:/home/runner/.m2/repository/com/sun/istack/istack-commons-runtime/3.0.5/istack-commons-runtime-3.0.5.jar:/home/runner/.m2/repository/org/jvnet/staxex/stax-ex/1.7.8/stax-ex-1.7.8.jar:/home/runner/.m2/repository/com/sun/xml/fastinfoset/FastInfoset/1.2.13/FastInfoset-1.2.13.jar:/home/runner/.m2/repository/javax/activation/activation/1.1.1/activation-1.1.1.jar:/home/runner/.m2/repository/org/apache/ozone/ozone-csi/1.3.0-SNAPSHOT/ozone-csi-1.3.0-SNAPSHOT.jar:/home/runner/.m2/repository/com/google/protobuf/protobuf-java-util/3.12.0/protobuf-java-util-3.12.0.jar:/home/runner/.m2/repository/com/google/code/gson/gson/2.2.4/gson-2.2.4.jar:/home/runner/.m2/repository/org/apache/ozone/hdds-config/1.3.0-SNAPSHOT/hdds-config-1.3.0-SNAPSHOT.jar:/home/runner/.m2/repository/io/grpc/grpc-netty/1.33.0/grpc-netty-1.33.0.jar:/home/runner/.m2/repository/io/grpc/grpc-core/1.33.0/grpc-core-1.33.0.jar:/home/runner/.m2/repository/com/google/android/annotations/4.1.1.4/annotations-4.1.1.4.jar:/home/runner/.m2/repository/io/netty/netty-codec-http2/4.1.63.Final/netty-codec-http2-4.1.63.Final.jar:/home/runner/.m2/repository/io/netty/netty-codec-http/4.1.63.Final/netty-codec-http-4.1.63.Final.jar:/home/runner/.m2/repository/io/netty/netty-handler-proxy/4.1.63.Final/netty-handler-proxy-4.1.63.Final.jar:/home/runner/.m2/repository/io/netty/netty-codec-socks/4.1.63.Final/netty-codec-socks-4.1.63.Final.jar:/home/runner/.m2/repository/io/perfmark/perfmark-api/0.19.0/perfmark-api-0.19.0.jar:/home/runner/.m2/repository/org/codehaus/mojo/animal-sniffer-annotations/1.18/animal-sniffer-annotations-1.18.jar:/home/runner/.m2/repository/io/netty/netty-transport-native-epoll/4.1.63.Final/netty-transport-native-epoll-4.1.63.Final.jar:/home/runner/.m2/repository/io/netty/netty-common/4.1.63.Final/netty-common-4.1.63.Final.jar:/home/runner/.m2/repository/io/netty/netty-buffer/4.1.63.Final/netty-buffer-4.1.63.Final.jar:/home/runner/.m2/repository/io/netty/netty-transport-native-unix-common/4.1.63.Final/netty-transport-native-unix-common-4.1.63.Final.jar:/home/runner/.m2/repository/io/grpc/grpc-protobuf/1.33.0/grpc-protobuf-1.33.0.jar:/home/runner/.m2/repository/io/grpc/grpc-api/1.33.0/grpc-api-1.33.0.jar:/home/runner/.m2/repository/io/grpc/grpc-context/1.33.0/grpc-context-1.33.0.jar:/home/runner/.m2/repository/com/google/api/grpc/proto-google-common-protos/1.17.0/proto-google-common-protos-1.17.0.jar:/home/runner/.m2/repository/io/grpc/grpc-protobuf-lite/1.33.0/grpc-protobuf-lite-1.33.0.jar:/home/runner/.m2/repository/io/grpc/grpc-stub/1.33.0/grpc-stub-1.33.0.jar:/home/runner/.m2/repository/org/apache/ozone/ozone-recon/1.3.0-SNAPSHOT/ozone-recon-1.3.0-SNAPSHOT.jar:/home/runner/.m2/repository/org/apache/ozone/ozone-reconcodegen/1.3.0-SNAPSHOT/ozone-reconcodegen-1.3.0-SNAPSHOT.jar:/home/runner/.m2/repository/com/google/inject/extensions/guice-multibindings/4.0/guice-multibindings-4.0.jar:/home/runner/.m2/repository/com/google/inject/guice/4.0/guice-4.0.jar:/home/runner/.m2/repository/aopalliance/aopalliance/1.0/aopalliance-1.0.jar:/home/runner/.m2/repository/com/google/inject/extensions/guice-assistedinject/4.0/guice-assistedinject-4.0.jar:/home/runner/.m2/repository/com/google/inject/extensions/guice-servlet/4.0/guice-servlet-4.0.jar:/home/runner/.m2/repository/org/glassfish/jersey/containers/jersey-container-servlet/2.33/jersey-container-servlet-2.33.jar:/home/runner/.m2/repository/org/glassfish/hk2/guice-bridge/2.5.0/guice-bridge-2.5.0.jar:/home/runner/.m2/repository/org/glassfish/jersey/core/jersey-server/2.33/jersey-server-2.33.jar:/home/runner/.m2/repository/org/glassfish/jersey/core/jersey-client/2.33/jersey-client-2.33.jar:/home/runner/.m2/repository/jakarta/annotation/jakarta.annotation-api/1.3.5/jakarta.annotation-api-1.3.5.jar:/home/runner/.m2/repository/jakarta/validation/jakarta.validation-api/2.0.2/jakarta.validation-api-2.0.2.jar:/home/runner/.m2/repository/org/glassfish/jersey/media/jersey-media-json-jackson/2.33/jersey-media-json-jackson-2.33.jar:/home/runner/.m2/repository/org/glassfish/jersey/ext/jersey-entity-filtering/2.33/jersey-entity-filtering-2.33.jar:/home/runner/.m2/repository/org/jooq/jooq/3.11.10/jooq-3.11.10.jar:/home/runner/.m2/repository/org/jooq/jooq-meta/3.11.10/jooq-meta-3.11.10.jar:/home/runner/.m2/repository/org/jooq/jooq-codegen/3.11.10/jooq-codegen-3.11.10.jar:/home/runner/.m2/repository/com/jolbox/bonecp/0.8.0.RELEASE/bonecp-0.8.0.RELEASE.jar:/home/runner/.m2/repository/org/apache/derby/derby/10.14.2.0/derby-10.14.2.0.jar:/home/runner/.m2/repository/org/xerial/sqlite-jdbc/3.25.2/sqlite-jdbc-3.25.2.jar:/home/runner/.m2/repository/org/springframework/spring-jdbc/5.2.18.RELEASE/spring-jdbc-5.2.18.RELEASE.jar:/home/runner/.m2/repository/org/springframework/spring-beans/5.2.18.RELEASE/spring-beans-5.2.18.RELEASE.jar:/home/runner/.m2/repository/org/springframework/spring-core/5.2.18.RELEASE/spring-core-5.2.18.RELEASE.jar:/home/runner/.m2/repository/org/springframework/spring-jcl/5.2.18.RELEASE/spring-jcl-5.2.18.RELEASE.jar:/home/runner/.m2/repository/org/springframework/spring-tx/5.2.18.RELEASE/spring-tx-5.2.18.RELEASE.jar:/home/runner/.m2/repository/org/apache/ozone/ozone-client/1.3.0-SNAPSHOT/ozone-client-1.3.0-SNAPSHOT.jar:/home/runner/.m2/repository/org/apache/ozone/ozone-filesystem/1.3.0-SNAPSHOT/ozone-filesystem-1.3.0-SNAPSHOT.jar:/home/runner/.m2/repository/org/apache/ozone/ozone-filesystem-common/1.3.0-SNAPSHOT/ozone-filesystem-common-1.3.0-SNAPSHOT.jar:/home/runner/.m2/repository/org/apache/ozone/ozone-tools/1.3.0-SNAPSHOT/ozone-tools-1.3.0-SNAPSHOT.jar:/home/runner/.m2/repository/org/apache/ratis/ratis-tools/2.2.0/ratis-tools-2.2.0.jar:/home/runner/.m2/repository/com/amazonaws/aws-java-sdk-core/1.12.124/aws-java-sdk-core-1.12.124.jar:/home/runner/.m2/repository/org/apache/httpcomponents/httpclient/4.5.13/httpclient-4.5.13.jar:/home/runner/.m2/repository/org/apache/httpcomponents/httpcore/4.4.13/httpcore-4.4.13.jar:/home/runner/.m2/repository/software/amazon/ion/ion-java/1.0.2/ion-java-1.0.2.jar:/home/runner/.m2/repository/com/fasterxml/jackson/dataformat/jackson-dataformat-cbor/2.12.1/jackson-dataformat-cbor-2.12.1.jar:/home/runner/.m2/repository/joda-time/joda-time/2.8.1/joda-time-2.8.1.jar:/home/runner/.m2/repository/com/amazonaws/aws-java-sdk-s3/1.12.124/aws-java-sdk-s3-1.12.124.jar:/home/runner/.m2/repository/com/amazonaws/aws-java-sdk-kms/1.12.124/aws-java-sdk-kms-1.12.124.jar:/home/runner/.m2/repository/com/amazonaws/jmespath-java/1.12.124/jmespath-java-1.12.124.jar:/home/runner/.m2/repository/org/kohsuke/metainf-services/metainf-services/1.8/metainf-services-1.8.jar:/home/runner/.m2/repository/org/apache/ozone/hdds-tools/1.3.0-SNAPSHOT/hdds-tools-1.3.0-SNAPSHOT.jar:/home/runner/.m2/repository/commons-cli/commons-cli/1.2/commons-cli-1.2.jar:/home/runner/.m2/repository/org/apache/commons/commons-lang3/3.7/commons-lang3-3.7.jar:/home/runner/.m2/repository/org/apache/ozone/ozone-manager/1.3.0-SNAPSHOT/ozone-manager-1.3.0-SNAPSHOT-tests.jar:/home/runner/.m2/repository/org/apache/ozone/hdds-common/1.3.0-SNAPSHOT/hdds-common-1.3.0-SNAPSHOT-tests.jar:/home/runner/.m2/repository/org/apache/ozone/hdds-hadoop-dependency-client/1.3.0-SNAPSHOT/hdds-hadoop-dependency-client-1.3.0-SNAPSHOT.jar:/home/runner/.m2/repository/info/picocli/picocli/4.6.1/picocli-4.6.1.jar:/home/runner/.m2/repository/com/fasterxml/jackson/core/jackson-annotations/2.12.1/jackson-annotations-2.12.1.jar:/home/runner/.m2/repository/javax/annotation/javax.annotation-api/1.2/javax.annotation-api-1.2.jar:/home/runner/.m2/repository/org/apache/ratis/ratis-server/2.2.0/ratis-server-2.2.0.jar:/home/runner/.m2/repository/org/apache/ratis/ratis-client/2.2.0/ratis-client-2.2.0.jar:/home/runner/.m2/repository/org/apache/ratis/ratis-server-api/2.2.0/ratis-server-api-2.2.0.jar:/home/runner/.m2/repository/org/apache/ratis/ratis-metrics/2.2.0/ratis-metrics-2.2.0.jar:/home/runner/.m2/repository/org/apache/ratis/ratis-netty/2.2.0/ratis-netty-2.2.0.jar:/home/runner/.m2/repository/org/apache/ratis/ratis-grpc/2.2.0/ratis-grpc-2.2.0.jar:/home/runner/.m2/repository/org/apache/logging/log4j/log4j-api/2.17.1/log4j-api-2.17.1.jar:/home/runner/.m2/repository/org/apache/logging/log4j/log4j-core/2.17.1/log4j-core-2.17.1.jar:/home/runner/.m2/repository/com/lmax/disruptor/3.4.2/disruptor-3.4.2.jar:/home/runner/.m2/repository/org/apache/commons/commons-pool2/2.6.0/commons-pool2-2.6.0.jar:/home/runner/.m2/repository/org/bouncycastle/bcpkix-jdk15on/1.67/bcpkix-jdk15on-1.67.jar:/home/runner/.m2/repository/commons-validator/commons-validator/1.6/commons-validator-1.6.jar:/home/runner/.m2/repository/commons-beanutils/commons-beanutils/1.9.4/commons-beanutils-1.9.4.jar:/home/runner/.m2/repository/commons-digester/commons-digester/1.8.1/commons-digester-1.8.1.jar:/home/runner/.m2/repository/commons-collections/commons-collections/3.2.2/commons-collections-3.2.2.jar:/home/runner/.m2/repository/io/jaegertracing/jaeger-client/1.6.0/jaeger-client-1.6.0.jar:/home/runner/.m2/repository/io/jaegertracing/jaeger-thrift/1.6.0/jaeger-thrift-1.6.0.jar:/home/runner/.m2/repository/org/apache/thrift/libthrift/0.14.1/libthrift-0.14.1.jar:/home/runner/.m2/repository/com/squareup/okhttp3/okhttp/4.9.0/okhttp-4.9.0.jar:/home/runner/.m2/repository/com/squareup/okio/okio/2.8.0/okio-2.8.0.jar:/home/runner/.m2/repository/io/jaegertracing/jaeger-core/1.6.0/jaeger-core-1.6.0.jar:/home/runner/.m2/repository/io/jaegertracing/jaeger-tracerresolver/1.6.0/jaeger-tracerresolver-1.6.0.jar:/home/runner/.m2/repository/io/opentracing/contrib/opentracing-tracerresolver/0.1.8/opentracing-tracerresolver-0.1.8.jar:/home/runner/.m2/repository/org/jetbrains/kotlin/kotlin-stdlib/1.4.31/kotlin-stdlib-1.4.31.jar:/home/runner/.m2/repository/org/jetbrains/kotlin/kotlin-stdlib-common/1.4.31/kotlin-stdlib-common-1.4.31.jar:/home/runner/.m2/repository/org/jetbrains/annotations/13.0/annotations-13.0.jar:/home/runner/.m2/repository/io/opentracing/opentracing-util/0.33.0/opentracing-util-0.33.0.jar:/home/runner/.m2/repository/io/opentracing/opentracing-api/0.33.0/opentracing-api-0.33.0.jar:/home/runner/.m2/repository/io/opentracing/opentracing-noop/0.33.0/opentracing-noop-0.33.0.jar:/home/runner/.m2/repository/org/yaml/snakeyaml/1.26/snakeyaml-1.26.jar:/home/runner/.m2/repository/org/apache/ozone/hdds-interface-admin/1.3.0-SNAPSHOT/hdds-interface-admin-1.3.0-SNAPSHOT.jar:/home/runner/.m2/repository/junit/junit/4.13.1/junit-4.13.1.jar:/home/runner/.m2/repository/org/hamcrest/hamcrest-core/1.3/hamcrest-core-1.3.jar:/home/runner/.m2/repository/org/junit/jupiter/junit-jupiter-api/5.7.0/junit-jupiter-api-5.7.0.jar:/home/runner/.m2/repository/org/apiguardian/apiguardian-api/1.1.0/apiguardian-api-1.1.0.jar:/home/runner/.m2/repository/org/opentest4j/opentest4j/1.2.0/opentest4j-1.2.0.jar:/home/runner/.m2/repository/org/junit/platform/junit-platform-commons/1.7.0/junit-platform-commons-1.7.0.jar:/home/runner/.m2/repository/org/junit/jupiter/junit-jupiter-engine/5.7.0/junit-jupiter-engine-5.7.0.jar:/home/runner/.m2/repository/org/junit/platform/junit-platform-engine/1.7.0/junit-platform-engine-1.7.0.jar:/home/runner/.m2/repository/org/junit/vintage/junit-vintage-engine/5.7.0/junit-vintage-engine-5.7.0.jar:/home/runner/.m2/repository/org/junit/platform/junit-platform-launcher/1.7.0/junit-platform-launcher-1.7.0.jar:/home/runner/.m2/repository/org/openjdk/jmh/jmh-core/1.19/jmh-core-1.19.jar:/home/runner/.m2/repository/net/sf/jopt-simple/jopt-simple/4.6/jopt-simple-4.6.jar:/home/runner/.m2/repository/org/apache/commons/commons-math3/3.1.1/commons-math3-3.1.1.jar:/home/runner/.m2/repository/org/openjdk/jmh/jmh-generator-annprocess/1.19/jmh-generator-annprocess-1.19.jar:/home/runner/.m2/repository/org/mockito/mockito-core/2.28.2/mockito-core-2.28.2.jar:/home/runner/.m2/repository/net/bytebuddy/byte-buddy/1.9.10/byte-buddy-1.9.10.jar:/home/runner/.m2/repository/net/bytebuddy/byte-buddy-agent/1.9.10/byte-buddy-agent-1.9.10.jar:/home/runner/.m2/repository/org/objenesis/objenesis/1.0/objenesis-1.0.jar:/home/runner/.m2/repository/org/apache/hadoop/hadoop-kms/3.3.1/hadoop-kms-3.3.1.jar:/home/runner/.m2/repository/org/apache/hadoop/hadoop-auth/3.3.1/hadoop-auth-3.3.1.jar:/home/runner/.m2/repository/com/nimbusds/nimbus-jose-jwt/7.9/nimbus-jose-jwt-7.9.jar:/home/runner/.m2/repository/com/github/stephenc/jcip/jcip-annotations/1.0-1/jcip-annotations-1.0-1.jar:/home/runner/.m2/repository/net/minidev/json-smart/2.3.1/json-smart-2.3.1.jar:/home/runner/.m2/repository/net/minidev/accessors-smart/2.3.1/accessors-smart-2.3.1.jar:/home/runner/.m2/repository/org/ow2/asm/asm/5.0.4/asm-5.0.4.jar:/home/runner/.m2/repository/org/apache/zookeeper/zookeeper/3.5.6/zookeeper-3.5.6.jar:/home/runner/.m2/repository/org/apache/zookeeper/zookeeper-jute/3.5.6/zookeeper-jute-3.5.6.jar:/home/runner/.m2/repository/org/apache/yetus/audience-annotations/0.5.0/audience-annotations-0.5.0.jar:/home/runner/.m2/repository/org/apache/curator/curator-framework/4.2.0/curator-framework-4.2.0.jar:/home/runner/.m2/repository/org/apache/hadoop/thirdparty/hadoop-shaded-guava/1.1.1/hadoop-shaded-guava-1.1.1.jar:/home/runner/.m2/repository/com/sun/jersey/jersey-core/1.19/jersey-core-1.19.jar:/home/runner/.m2/repository/javax/ws/rs/jsr311-api/1.1.1/jsr311-api-1.1.1.jar:/home/runner/.m2/repository/com/sun/jersey/jersey-server/1.19/jersey-server-1.19.jar:/home/runner/.m2/repository/javax/servlet/javax.servlet-api/3.1.0/javax.servlet-api-3.1.0.jar:/home/runner/.m2/repository/org/eclipse/jetty/jetty-server/9.4.43.v20210629/jetty-server-9.4.43.v20210629.jar:/home/runner/.m2/repository/org/eclipse/jetty/jetty-http/9.4.43.v20210629/jetty-http-9.4.43.v20210629.jar:/home/runner/.m2/repository/org/eclipse/jetty/jetty-io/9.4.43.v20210629/jetty-io-9.4.43.v20210629.jar:/home/runner/.m2/repository/org/eclipse/jetty/jetty-webapp/9.4.43.v20210629/jetty-webapp-9.4.43.v20210629.jar:/home/runner/.m2/repository/org/eclipse/jetty/jetty-xml/9.4.43.v20210629/jetty-xml-9.4.43.v20210629.jar:/home/runner/.m2/repository/org/apache/hadoop/hadoop-common/3.3.1/hadoop-common-3.3.1.jar:/home/runner/.m2/repository/commons-net/commons-net/3.6/commons-net-3.6.jar:/home/runner/.m2/repository/jakarta/activation/jakarta.activation-api/1.2.1/jakarta.activation-api-1.2.1.jar:/home/runner/.m2/repository/com/sun/jersey/jersey-servlet/1.19/jersey-servlet-1.19.jar:/home/runner/.m2/repository/com/sun/jersey/jersey-json/1.19/jersey-json-1.19.jar:/home/runner/.m2/repository/org/codehaus/jettison/jettison/1.1/jettison-1.1.jar:/home/runner/.m2/repository/com/sun/xml/bind/jaxb-impl/2.2.3-1/jaxb-impl-2.2.3-1.jar:/home/runner/.m2/repository/org/codehaus/jackson/jackson-jaxrs/1.9.2/jackson-jaxrs-1.9.2.jar:/home/runner/.m2/repository/org/codehaus/jackson/jackson-xc/1.9.2/jackson-xc-1.9.2.jar:/home/runner/.m2/repository/org/apache/commons/commons-configuration2/2.1.1/commons-configuration2-2.1.1.jar:/home/runner/.m2/repository/org/apache/commons/commons-text/1.4/commons-text-1.4.jar:/home/runner/.m2/repository/com/google/re2j/re2j/1.1/re2j-1.1.jar:/home/runner/.m2/repository/com/jcraft/jsch/0.1.54/jsch-0.1.54.jar:/home/runner/.m2/repository/org/apache/curator/curator-client/4.2.0/curator-client-4.2.0.jar:/home/runner/.m2/repository/org/apache/curator/curator-recipes/4.2.0/curator-recipes-4.2.0.jar:/home/runner/.m2/repository/org/apache/kerby/kerb-core/1.0.1/kerb-core-1.0.1.jar:/home/runner/.m2/repository/org/apache/kerby/kerby-pkix/1.0.1/kerby-pkix-1.0.1.jar:/home/runner/.m2/repository/org/apache/kerby/kerby-asn1/1.0.1/kerby-asn1-1.0.1.jar:/home/runner/.m2/repository/org/apache/kerby/kerby-util/1.0.1/kerby-util-1.0.1.jar:/home/runner/.m2/repository/dnsjava/dnsjava/2.1.7/dnsjava-2.1.7.jar:/home/runner/.m2/repository/org/xerial/snappy/snappy-java/1.1.8.2/snappy-java-1.1.8.2.jar:/home/runner/.m2/repository/org/slf4j/jul-to-slf4j/1.7.30/jul-to-slf4j-1.7.30.jar:/home/runner/.m2/repository/org/eclipse/jetty/jetty-util/9.4.43.v20210629/jetty-util-9.4.43.v20210629.jar:/home/runner/.m2/repository/com/fasterxml/jackson/core/jackson-databind/2.12.1/jackson-databind-2.12.1.jar:/home/runner/.m2/repository/org/apache/hadoop/hadoop-kms/3.3.1/hadoop-kms-3.3.1-tests.jar:/home/runner/.m2/repository/org/apache/ozone/hdds-server-scm/1.3.0-SNAPSHOT/hdds-server-scm-1.3.0-SNAPSHOT-tests.jar:/home/runner/.m2/repository/org/apache/ozone/hdds-container-service/1.3.0-SNAPSHOT/hdds-container-service-1.3.0-SNAPSHOT-tests.jar:/home/runner/.m2/repository/commons-codec/commons-codec/1.11/commons-codec-1.11.jar:/home/runner/.m2/repository/io/netty/netty-transport/4.1.63.Final/netty-transport-4.1.63.Final.jar:/home/runner/.m2/repository/io/netty/netty-resolver/4.1.63.Final/netty-resolver-4.1.63.Final.jar:/home/runner/.m2/repository/io/netty/netty-codec/4.1.63.Final/netty-codec-4.1.63.Final.jar:/home/runner/.m2/repository/io/netty/netty-handler/4.1.63.Final/netty-handler-4.1.63.Final.jar:/home/runner/.m2/repository/org/apache/ozone/hdds-hadoop-dependency-test/1.3.0-SNAPSHOT/hdds-hadoop-dependency-test-1.3.0-SNAPSHOT.jar:/home/runner/.m2/repository/org/apache/hadoop/hadoop-common/3.3.1/hadoop-common-3.3.1-tests.jar:/home/runner/.m2/repository/org/assertj/assertj-core/3.12.2/assertj-core-3.12.2.jar:/home/runner/.m2/repository/org/apache/hadoop/hadoop-hdfs/3.3.1/hadoop-hdfs-3.3.1-tests.jar:/home/runner/.m2/repository/org/eclipse/jetty/jetty-util-ajax/9.4.43.v20210629/jetty-util-ajax-9.4.43.v20210629.jar:/home/runner/.m2/repository/commons-daemon/commons-daemon/1.0.13/commons-daemon-1.0.13.jar:/home/runner/.m2/repository/io/netty/netty/3.10.6.Final/netty-3.10.6.Final.jar:/home/runner/.m2/repository/io/netty/netty-all/4.1.63.Final/netty-all-4.1.63.Final.jar:/home/runner/.m2/repository/org/apache/htrace/htrace-core4/4.1.0-incubating/htrace-core4-4.1.0-incubating.jar:/home/runner/.m2/repository/org/fusesource/leveldbjni/leveldbjni-all/1.8/leveldbjni-all-1.8.jar:/home/runner/.m2/repository/org/apache/hadoop/hadoop-distcp/3.3.1/hadoop-distcp-3.3.1.jar:/home/runner/.m2/repository/org/apache/hadoop/hadoop-mapreduce-client-jobclient/3.3.1/hadoop-mapreduce-client-jobclient-3.3.1.jar:/home/runner/.m2/repository/org/apache/hadoop/hadoop-mapreduce-client-common/3.3.1/hadoop-mapreduce-client-common-3.3.1.jar:/home/runner/.m2/repository/org/apache/hadoop/hadoop-yarn-common/3.3.1/hadoop-yarn-common-3.3.1.jar:/home/runner/.m2/repository/org/apache/hadoop/hadoop-yarn-api/3.3.1/hadoop-yarn-api-3.3.1.jar:/home/runner/.m2/repository/com/sun/jersey/jersey-client/1.19/jersey-client-1.19.jar:/home/runner/.m2/repository/com/sun/jersey/contribs/jersey-guice/1.19/jersey-guice-1.19.jar:/home/runner/.m2/repository/com/fasterxml/jackson/jaxrs/jackson-jaxrs-json-provider/2.12.1/jackson-jaxrs-json-provider-2.12.1.jar:/home/runner/.m2/repository/com/fasterxml/jackson/jaxrs/jackson-jaxrs-base/2.12.1/jackson-jaxrs-base-2.12.1.jar:/home/runner/.m2/repository/org/apache/hadoop/hadoop-yarn-client/3.3.1/hadoop-yarn-client-3.3.1.jar:/home/runner/.m2/repository/org/eclipse/jetty/websocket/websocket-client/9.4.40.v20210413/websocket-client-9.4.40.v20210413.jar:/home/runner/.m2/repository/org/eclipse/jetty/jetty-client/9.4.40.v20210413/jetty-client-9.4.40.v20210413.jar:/home/runner/.m2/repository/org/eclipse/jetty/websocket/websocket-common/9.4.40.v20210413/websocket-common-9.4.40.v20210413.jar:/home/runner/.m2/repository/org/eclipse/jetty/websocket/websocket-api/9.4.40.v20210413/websocket-api-9.4.40.v20210413.jar:/home/runner/.m2/repository/org/jline/jline/3.9.0/jline-3.9.0.jar:/home/runner/.m2/repository/org/apache/hadoop/hadoop-mapreduce-client-core/3.3.1/hadoop-mapreduce-client-core-3.3.1.jar:/home/runner/.m2/repository/org/apache/avro/avro/1.7.7/avro-1.7.7.jar:/home/runner/.m2/repository/org/codehaus/jackson/jackson-core-asl/1.9.13/jackson-core-asl-1.9.13.jar:/home/runner/.m2/repository/org/codehaus/jackson/jackson-mapper-asl/1.9.13/jackson-mapper-asl-1.9.13.jar:/home/runner/.m2/repository/com/thoughtworks/paranamer/paranamer/2.3/paranamer-2.3.jar:/home/runner/.m2/repository/org/apache/hadoop/hadoop-annotations/3.3.1/hadoop-annotations-3.3.1.jar:/usr/lib/jvm/adoptopenjdk-8-hotspot-amd64/jre/../lib/tools.jar:/home/runner/.m2/repository/org/apache/hadoop/hadoop-distcp/3.3.1/hadoop-distcp-3.3.1-tests.jar:/home/runner/.m2/repository/org/apache/ratis/ratis-common/2.2.0/ratis-common-2.2.0.jar:/home/runner/.m2/repository/org/apache/ratis/ratis-thirdparty-misc/0.7.0/ratis-thirdparty-misc-0.7.0.jar:/home/runner/.m2/repository/org/apache/ratis/ratis-proto/2.2.0/ratis-proto-2.2.0.jar:"/>
    <property name="java.vm.vendor" value="AdoptOpenJDK"/>
    <property name="sun.arch.data.model" value="64"/>
    <property name="test.build.dir" value="/home/runner/work/ozone/ozone/hadoop-ozone/integration-test/target/test-dir"/>
    <property name="test.cache.data" value=""/>
    <property name="java.vendor.url" value="https://adoptopenjdk.net/"/>
    <property name="user.timezone" value=""/>
    <property name="java.vm.specification.version" value="1.8"/>
    <property name="os.name" value="Linux"/>
    <property name="test.build.data" value="/home/runner/work/ozone/ozone/hadoop-ozone/integration-test/target/test-dir"/>
    <property name="sun.java.launcher" value="SUN_STANDARD"/>
    <property name="sun.boot.library.path" value="/usr/lib/jvm/adoptopenjdk-8-hotspot-amd64/jre/lib/amd64"/>
    <property name="sun.java.command" value="/home/runner/work/ozone/ozone/hadoop-ozone/integration-test/target/surefire/surefirebooter1995140642864402838.jar /home/runner/work/ozone/ozone/hadoop-ozone/integration-test/target/surefire 2022-01-06T12-49-42_992-jvmRun1 surefire3700770491921235524tmp surefire_233146118296176249359tmp"/>
    <property name="surefire.test.class.path" value="/home/runner/work/ozone/ozone/hadoop-ozone/integration-test/target/test-classes:/home/runner/work/ozone/ozone/hadoop-ozone/integration-test/target/classes:/home/runner/.m2/repository/org/apache/ozone/ozone-common/1.3.0-SNAPSHOT/ozone-common-1.3.0-SNAPSHOT.jar:/home/runner/.m2/repository/org/apache/commons/commons-compress/1.21/commons-compress-1.21.jar:/home/runner/.m2/repository/org/apache/ozone/hdds-common/1.3.0-SNAPSHOT/hdds-common-1.3.0-SNAPSHOT.jar:/home/runner/.m2/repository/org/apache/ozone/hdds-client/1.3.0-SNAPSHOT/hdds-client-1.3.0-SNAPSHOT.jar:/home/runner/.m2/repository/org/apache/ozone/ozone-interface-client/1.3.0-SNAPSHOT/ozone-interface-client-1.3.0-SNAPSHOT.jar:/home/runner/.m2/repository/org/apache/ozone/hdds-test-utils/1.3.0-SNAPSHOT/hdds-test-utils-1.3.0-SNAPSHOT.jar:/home/runner/.m2/repository/com/google/guava/guava/30.1.1-jre/guava-30.1.1-jre.jar:/home/runner/.m2/repository/com/google/guava/failureaccess/1.0.1/failureaccess-1.0.1.jar:/home/runner/.m2/repository/com/google/guava/listenablefuture/9999.0-empty-to-avoid-conflict-with-guava/listenablefuture-9999.0-empty-to-avoid-conflict-with-guava.jar:/home/runner/.m2/repository/com/google/code/findbugs/jsr305/3.0.0/jsr305-3.0.0.jar:/home/runner/.m2/repository/org/checkerframework/checker-qual/3.8.0/checker-qual-3.8.0.jar:/home/runner/.m2/repository/com/google/errorprone/error_prone_annotations/2.2.0/error_prone_annotations-2.2.0.jar:/home/runner/.m2/repository/com/google/j2objc/j2objc-annotations/1.3/j2objc-annotations-1.3.jar:/home/runner/.m2/repository/commons-io/commons-io/2.11.0/commons-io-2.11.0.jar:/home/runner/.m2/repository/commons-logging/commons-logging/1.2/commons-logging-1.2.jar:/home/runner/.m2/repository/log4j/log4j/1.2.17/log4j-1.2.17.jar:/home/runner/.m2/repository/org/slf4j/slf4j-api/1.7.30/slf4j-api-1.7.30.jar:/home/runner/.m2/repository/org/apache/ozone/hdds-server-scm/1.3.0-SNAPSHOT/hdds-server-scm-1.3.0-SNAPSHOT.jar:/home/runner/.m2/repository/org/apache/ozone/hdds-container-service/1.3.0-SNAPSHOT/hdds-container-service-1.3.0-SNAPSHOT.jar:/home/runner/.m2/repository/org/apache/ozone/hdds-hadoop-dependency-server/1.3.0-SNAPSHOT/hdds-hadoop-dependency-server-1.3.0-SNAPSHOT.jar:/home/runner/.m2/repository/org/apache/hadoop/hadoop-hdfs/3.3.1/hadoop-hdfs-3.3.1.jar:/home/runner/.m2/repository/org/apache/ozone/hdds-server-framework/1.3.0-SNAPSHOT/hdds-server-framework-1.3.0-SNAPSHOT.jar:/home/runner/.m2/repository/org/apache/ozone/hdds-interface-server/1.3.0-SNAPSHOT/hdds-interface-server-1.3.0-SNAPSHOT.jar:/home/runner/.m2/repository/org/eclipse/jetty/jetty-servlet/9.4.43.v20210629/jetty-servlet-9.4.43.v20210629.jar:/home/runner/.m2/repository/org/eclipse/jetty/jetty-security/9.4.43.v20210629/jetty-security-9.4.43.v20210629.jar:/home/runner/.m2/repository/org/rocksdb/rocksdbjni/6.25.3/rocksdbjni-6.25.3.jar:/home/runner/.m2/repository/io/prometheus/simpleclient_dropwizard/0.7.0/simpleclient_dropwizard-0.7.0.jar:/home/runner/.m2/repository/io/prometheus/simpleclient/0.7.0/simpleclient-0.7.0.jar:/home/runner/.m2/repository/io/prometheus/simpleclient_common/0.7.0/simpleclient_common-0.7.0.jar:/home/runner/.m2/repository/com/fasterxml/jackson/datatype/jackson-datatype-jsr310/2.12.1/jackson-datatype-jsr310-2.12.1.jar:/home/runner/.m2/repository/io/dropwizard/metrics/metrics-core/3.2.4/metrics-core-3.2.4.jar:/home/runner/.m2/repository/org/apache/hadoop/hadoop-hdfs-client/3.3.1/hadoop-hdfs-client-3.3.1.jar:/home/runner/.m2/repository/org/bouncycastle/bcprov-jdk15on/1.67/bcprov-jdk15on-1.67.jar:/home/runner/.m2/repository/com/google/protobuf/protobuf-java/2.5.0/protobuf-java-2.5.0.jar:/home/runner/.m2/repository/org/apache/ozone/ozone-manager/1.3.0-SNAPSHOT/ozone-manager-1.3.0-SNAPSHOT.jar:/home/runner/.m2/repository/org/aspectj/aspectjrt/1.9.7/aspectjrt-1.9.7.jar:/home/runner/.m2/repository/org/aspectj/aspectjweaver/1.9.7/aspectjweaver-1.9.7.jar:/home/runner/.m2/repository/org/apache/ozone/hdds-interface-client/1.3.0-SNAPSHOT/hdds-interface-client-1.3.0-SNAPSHOT.jar:/home/runner/.m2/repository/org/apache/hadoop/thirdparty/hadoop-shaded-protobuf_3_7/1.1.1/hadoop-shaded-protobuf_3_7-1.1.1.jar:/home/runner/.m2/repository/org/apache/ozone/ozone-interface-storage/1.3.0-SNAPSHOT/ozone-interface-storage-1.3.0-SNAPSHOT.jar:/home/runner/.m2/repository/org/reflections/reflections/0.9.11/reflections-0.9.11.jar:/home/runner/.m2/repository/org/apache/hadoop/hadoop-minikdc/3.3.1/hadoop-minikdc-3.3.1.jar:/home/runner/.m2/repository/org/apache/kerby/kerb-simplekdc/1.0.1/kerb-simplekdc-1.0.1.jar:/home/runner/.m2/repository/org/apache/kerby/kerb-client/1.0.1/kerb-client-1.0.1.jar:/home/runner/.m2/repository/org/apache/kerby/kerby-config/1.0.1/kerby-config-1.0.1.jar:/home/runner/.m2/repository/org/apache/kerby/kerb-common/1.0.1/kerb-common-1.0.1.jar:/home/runner/.m2/repository/org/apache/kerby/kerb-crypto/1.0.1/kerb-crypto-1.0.1.jar:/home/runner/.m2/repository/org/apache/kerby/kerb-util/1.0.1/kerb-util-1.0.1.jar:/home/runner/.m2/repository/org/apache/kerby/token-provider/1.0.1/token-provider-1.0.1.jar:/home/runner/.m2/repository/org/apache/kerby/kerb-admin/1.0.1/kerb-admin-1.0.1.jar:/home/runner/.m2/repository/org/apache/kerby/kerb-server/1.0.1/kerb-server-1.0.1.jar:/home/runner/.m2/repository/org/apache/kerby/kerb-identity/1.0.1/kerb-identity-1.0.1.jar:/home/runner/.m2/repository/org/apache/kerby/kerby-xdr/1.0.1/kerby-xdr-1.0.1.jar:/home/runner/.m2/repository/org/slf4j/slf4j-log4j12/1.7.30/slf4j-log4j12-1.7.30.jar:/home/runner/.m2/repository/org/apache/ozone/ozone-s3gateway/1.3.0-SNAPSHOT/ozone-s3gateway-1.3.0-SNAPSHOT.jar:/home/runner/.m2/repository/org/javassist/javassist/3.21.0-GA/javassist-3.21.0-GA.jar:/home/runner/.m2/repository/org/jboss/weld/servlet/weld-servlet/2.4.7.Final/weld-servlet-2.4.7.Final.jar:/home/runner/.m2/repository/org/glassfish/jersey/containers/jersey-container-servlet-core/2.33/jersey-container-servlet-core-2.33.jar:/home/runner/.m2/repository/org/glassfish/hk2/external/jakarta.inject/2.6.1/jakarta.inject-2.6.1.jar:/home/runner/.m2/repository/org/glassfish/jersey/core/jersey-common/2.33/jersey-common-2.33.jar:/home/runner/.m2/repository/jakarta/ws/rs/jakarta.ws.rs-api/2.1.6/jakarta.ws.rs-api-2.1.6.jar:/home/runner/.m2/repository/org/glassfish/jersey/ext/cdi/jersey-cdi1x/2.33/jersey-cdi1x-2.33.jar:/home/runner/.m2/repository/org/glassfish/jersey/inject/jersey-hk2/2.33/jersey-hk2-2.33.jar:/home/runner/.m2/repository/org/glassfish/hk2/hk2-locator/2.6.1/hk2-locator-2.6.1.jar:/home/runner/.m2/repository/org/glassfish/jersey/media/jersey-media-jaxb/2.33/jersey-media-jaxb-2.33.jar:/home/runner/.m2/repository/org/glassfish/hk2/osgi-resource-locator/1.0.3/osgi-resource-locator-1.0.3.jar:/home/runner/.m2/repository/org/glassfish/hk2/hk2-api/2.5.0/hk2-api-2.5.0.jar:/home/runner/.m2/repository/org/glassfish/hk2/hk2-utils/2.5.0/hk2-utils-2.5.0.jar:/home/runner/.m2/repository/org/glassfish/hk2/external/aopalliance-repackaged/2.5.0/aopalliance-repackaged-2.5.0.jar:/home/runner/.m2/repository/com/fasterxml/jackson/dataformat/jackson-dataformat-xml/2.12.1/jackson-dataformat-xml-2.12.1.jar:/home/runner/.m2/repository/com/fasterxml/jackson/core/jackson-core/2.12.1/jackson-core-2.12.1.jar:/home/runner/.m2/repository/com/fasterxml/jackson/module/jackson-module-jaxb-annotations/2.12.1/jackson-module-jaxb-annotations-2.12.1.jar:/home/runner/.m2/repository/jakarta/xml/bind/jakarta.xml.bind-api/2.3.2/jakarta.xml.bind-api-2.3.2.jar:/home/runner/.m2/repository/org/codehaus/woodstox/stax2-api/3.1.4/stax2-api-3.1.4.jar:/home/runner/.m2/repository/com/fasterxml/woodstox/woodstox-core/5.0.3/woodstox-core-5.0.3.jar:/home/runner/.m2/repository/javax/enterprise/cdi-api/1.2/cdi-api-1.2.jar:/home/runner/.m2/repository/javax/el/javax.el-api/3.0.0/javax.el-api-3.0.0.jar:/home/runner/.m2/repository/javax/interceptor/javax.interceptor-api/1.2/javax.interceptor-api-1.2.jar:/home/runner/.m2/repository/javax/inject/javax.inject/1/javax.inject-1.jar:/home/runner/.m2/repository/javax/xml/bind/jaxb-api/2.3.0/jaxb-api-2.3.0.jar:/home/runner/.m2/repository/org/glassfish/jaxb/jaxb-runtime/2.3.0.1/jaxb-runtime-2.3.0.1.jar:/home/runner/.m2/repository/org/glassfish/jaxb/jaxb-core/2.3.0.1/jaxb-core-2.3.0.1.jar:/home/runner/.m2/repository/org/glassfish/jaxb/txw2/2.3.0.1/txw2-2.3.0.1.jar:/home/runner/.m2/repository/com/sun/istack/istack-commons-runtime/3.0.5/istack-commons-runtime-3.0.5.jar:/home/runner/.m2/repository/org/jvnet/staxex/stax-ex/1.7.8/stax-ex-1.7.8.jar:/home/runner/.m2/repository/com/sun/xml/fastinfoset/FastInfoset/1.2.13/FastInfoset-1.2.13.jar:/home/runner/.m2/repository/javax/activation/activation/1.1.1/activation-1.1.1.jar:/home/runner/.m2/repository/org/apache/ozone/ozone-csi/1.3.0-SNAPSHOT/ozone-csi-1.3.0-SNAPSHOT.jar:/home/runner/.m2/repository/com/google/protobuf/protobuf-java-util/3.12.0/protobuf-java-util-3.12.0.jar:/home/runner/.m2/repository/com/google/code/gson/gson/2.2.4/gson-2.2.4.jar:/home/runner/.m2/repository/org/apache/ozone/hdds-config/1.3.0-SNAPSHOT/hdds-config-1.3.0-SNAPSHOT.jar:/home/runner/.m2/repository/io/grpc/grpc-netty/1.33.0/grpc-netty-1.33.0.jar:/home/runner/.m2/repository/io/grpc/grpc-core/1.33.0/grpc-core-1.33.0.jar:/home/runner/.m2/repository/com/google/android/annotations/4.1.1.4/annotations-4.1.1.4.jar:/home/runner/.m2/repository/io/netty/netty-codec-http2/4.1.63.Final/netty-codec-http2-4.1.63.Final.jar:/home/runner/.m2/repository/io/netty/netty-codec-http/4.1.63.Final/netty-codec-http-4.1.63.Final.jar:/home/runner/.m2/repository/io/netty/netty-handler-proxy/4.1.63.Final/netty-handler-proxy-4.1.63.Final.jar:/home/runner/.m2/repository/io/netty/netty-codec-socks/4.1.63.Final/netty-codec-socks-4.1.63.Final.jar:/home/runner/.m2/repository/io/perfmark/perfmark-api/0.19.0/perfmark-api-0.19.0.jar:/home/runner/.m2/repository/org/codehaus/mojo/animal-sniffer-annotations/1.18/animal-sniffer-annotations-1.18.jar:/home/runner/.m2/repository/io/netty/netty-transport-native-epoll/4.1.63.Final/netty-transport-native-epoll-4.1.63.Final.jar:/home/runner/.m2/repository/io/netty/netty-common/4.1.63.Final/netty-common-4.1.63.Final.jar:/home/runner/.m2/repository/io/netty/netty-buffer/4.1.63.Final/netty-buffer-4.1.63.Final.jar:/home/runner/.m2/repository/io/netty/netty-transport-native-unix-common/4.1.63.Final/netty-transport-native-unix-common-4.1.63.Final.jar:/home/runner/.m2/repository/io/grpc/grpc-protobuf/1.33.0/grpc-protobuf-1.33.0.jar:/home/runner/.m2/repository/io/grpc/grpc-api/1.33.0/grpc-api-1.33.0.jar:/home/runner/.m2/repository/io/grpc/grpc-context/1.33.0/grpc-context-1.33.0.jar:/home/runner/.m2/repository/com/google/api/grpc/proto-google-common-protos/1.17.0/proto-google-common-protos-1.17.0.jar:/home/runner/.m2/repository/io/grpc/grpc-protobuf-lite/1.33.0/grpc-protobuf-lite-1.33.0.jar:/home/runner/.m2/repository/io/grpc/grpc-stub/1.33.0/grpc-stub-1.33.0.jar:/home/runner/.m2/repository/org/apache/ozone/ozone-recon/1.3.0-SNAPSHOT/ozone-recon-1.3.0-SNAPSHOT.jar:/home/runner/.m2/repository/org/apache/ozone/ozone-reconcodegen/1.3.0-SNAPSHOT/ozone-reconcodegen-1.3.0-SNAPSHOT.jar:/home/runner/.m2/repository/com/google/inject/extensions/guice-multibindings/4.0/guice-multibindings-4.0.jar:/home/runner/.m2/repository/com/google/inject/guice/4.0/guice-4.0.jar:/home/runner/.m2/repository/aopalliance/aopalliance/1.0/aopalliance-1.0.jar:/home/runner/.m2/repository/com/google/inject/extensions/guice-assistedinject/4.0/guice-assistedinject-4.0.jar:/home/runner/.m2/repository/com/google/inject/extensions/guice-servlet/4.0/guice-servlet-4.0.jar:/home/runner/.m2/repository/org/glassfish/jersey/containers/jersey-container-servlet/2.33/jersey-container-servlet-2.33.jar:/home/runner/.m2/repository/org/glassfish/hk2/guice-bridge/2.5.0/guice-bridge-2.5.0.jar:/home/runner/.m2/repository/org/glassfish/jersey/core/jersey-server/2.33/jersey-server-2.33.jar:/home/runner/.m2/repository/org/glassfish/jersey/core/jersey-client/2.33/jersey-client-2.33.jar:/home/runner/.m2/repository/jakarta/annotation/jakarta.annotation-api/1.3.5/jakarta.annotation-api-1.3.5.jar:/home/runner/.m2/repository/jakarta/validation/jakarta.validation-api/2.0.2/jakarta.validation-api-2.0.2.jar:/home/runner/.m2/repository/org/glassfish/jersey/media/jersey-media-json-jackson/2.33/jersey-media-json-jackson-2.33.jar:/home/runner/.m2/repository/org/glassfish/jersey/ext/jersey-entity-filtering/2.33/jersey-entity-filtering-2.33.jar:/home/runner/.m2/repository/org/jooq/jooq/3.11.10/jooq-3.11.10.jar:/home/runner/.m2/repository/org/jooq/jooq-meta/3.11.10/jooq-meta-3.11.10.jar:/home/runner/.m2/repository/org/jooq/jooq-codegen/3.11.10/jooq-codegen-3.11.10.jar:/home/runner/.m2/repository/com/jolbox/bonecp/0.8.0.RELEASE/bonecp-0.8.0.RELEASE.jar:/home/runner/.m2/repository/org/apache/derby/derby/10.14.2.0/derby-10.14.2.0.jar:/home/runner/.m2/repository/org/xerial/sqlite-jdbc/3.25.2/sqlite-jdbc-3.25.2.jar:/home/runner/.m2/repository/org/springframework/spring-jdbc/5.2.18.RELEASE/spring-jdbc-5.2.18.RELEASE.jar:/home/runner/.m2/repository/org/springframework/spring-beans/5.2.18.RELEASE/spring-beans-5.2.18.RELEASE.jar:/home/runner/.m2/repository/org/springframework/spring-core/5.2.18.RELEASE/spring-core-5.2.18.RELEASE.jar:/home/runner/.m2/repository/org/springframework/spring-jcl/5.2.18.RELEASE/spring-jcl-5.2.18.RELEASE.jar:/home/runner/.m2/repository/org/springframework/spring-tx/5.2.18.RELEASE/spring-tx-5.2.18.RELEASE.jar:/home/runner/.m2/repository/org/apache/ozone/ozone-client/1.3.0-SNAPSHOT/ozone-client-1.3.0-SNAPSHOT.jar:/home/runner/.m2/repository/org/apache/ozone/ozone-filesystem/1.3.0-SNAPSHOT/ozone-filesystem-1.3.0-SNAPSHOT.jar:/home/runner/.m2/repository/org/apache/ozone/ozone-filesystem-common/1.3.0-SNAPSHOT/ozone-filesystem-common-1.3.0-SNAPSHOT.jar:/home/runner/.m2/repository/org/apache/ozone/ozone-tools/1.3.0-SNAPSHOT/ozone-tools-1.3.0-SNAPSHOT.jar:/home/runner/.m2/repository/org/apache/ratis/ratis-tools/2.2.0/ratis-tools-2.2.0.jar:/home/runner/.m2/repository/com/amazonaws/aws-java-sdk-core/1.12.124/aws-java-sdk-core-1.12.124.jar:/home/runner/.m2/repository/org/apache/httpcomponents/httpclient/4.5.13/httpclient-4.5.13.jar:/home/runner/.m2/repository/org/apache/httpcomponents/httpcore/4.4.13/httpcore-4.4.13.jar:/home/runner/.m2/repository/software/amazon/ion/ion-java/1.0.2/ion-java-1.0.2.jar:/home/runner/.m2/repository/com/fasterxml/jackson/dataformat/jackson-dataformat-cbor/2.12.1/jackson-dataformat-cbor-2.12.1.jar:/home/runner/.m2/repository/joda-time/joda-time/2.8.1/joda-time-2.8.1.jar:/home/runner/.m2/repository/com/amazonaws/aws-java-sdk-s3/1.12.124/aws-java-sdk-s3-1.12.124.jar:/home/runner/.m2/repository/com/amazonaws/aws-java-sdk-kms/1.12.124/aws-java-sdk-kms-1.12.124.jar:/home/runner/.m2/repository/com/amazonaws/jmespath-java/1.12.124/jmespath-java-1.12.124.jar:/home/runner/.m2/repository/org/kohsuke/metainf-services/metainf-services/1.8/metainf-services-1.8.jar:/home/runner/.m2/repository/org/apache/ozone/hdds-tools/1.3.0-SNAPSHOT/hdds-tools-1.3.0-SNAPSHOT.jar:/home/runner/.m2/repository/commons-cli/commons-cli/1.2/commons-cli-1.2.jar:/home/runner/.m2/repository/org/apache/commons/commons-lang3/3.7/commons-lang3-3.7.jar:/home/runner/.m2/repository/org/apache/ozone/ozone-manager/1.3.0-SNAPSHOT/ozone-manager-1.3.0-SNAPSHOT-tests.jar:/home/runner/.m2/repository/org/apache/ozone/hdds-common/1.3.0-SNAPSHOT/hdds-common-1.3.0-SNAPSHOT-tests.jar:/home/runner/.m2/repository/org/apache/ozone/hdds-hadoop-dependency-client/1.3.0-SNAPSHOT/hdds-hadoop-dependency-client-1.3.0-SNAPSHOT.jar:/home/runner/.m2/repository/info/picocli/picocli/4.6.1/picocli-4.6.1.jar:/home/runner/.m2/repository/com/fasterxml/jackson/core/jackson-annotations/2.12.1/jackson-annotations-2.12.1.jar:/home/runner/.m2/repository/javax/annotation/javax.annotation-api/1.2/javax.annotation-api-1.2.jar:/home/runner/.m2/repository/org/apache/ratis/ratis-server/2.2.0/ratis-server-2.2.0.jar:/home/runner/.m2/repository/org/apache/ratis/ratis-client/2.2.0/ratis-client-2.2.0.jar:/home/runner/.m2/repository/org/apache/ratis/ratis-server-api/2.2.0/ratis-server-api-2.2.0.jar:/home/runner/.m2/repository/org/apache/ratis/ratis-metrics/2.2.0/ratis-metrics-2.2.0.jar:/home/runner/.m2/repository/org/apache/ratis/ratis-netty/2.2.0/ratis-netty-2.2.0.jar:/home/runner/.m2/repository/org/apache/ratis/ratis-grpc/2.2.0/ratis-grpc-2.2.0.jar:/home/runner/.m2/repository/org/apache/logging/log4j/log4j-api/2.17.1/log4j-api-2.17.1.jar:/home/runner/.m2/repository/org/apache/logging/log4j/log4j-core/2.17.1/log4j-core-2.17.1.jar:/home/runner/.m2/repository/com/lmax/disruptor/3.4.2/disruptor-3.4.2.jar:/home/runner/.m2/repository/org/apache/commons/commons-pool2/2.6.0/commons-pool2-2.6.0.jar:/home/runner/.m2/repository/org/bouncycastle/bcpkix-jdk15on/1.67/bcpkix-jdk15on-1.67.jar:/home/runner/.m2/repository/commons-validator/commons-validator/1.6/commons-validator-1.6.jar:/home/runner/.m2/repository/commons-beanutils/commons-beanutils/1.9.4/commons-beanutils-1.9.4.jar:/home/runner/.m2/repository/commons-digester/commons-digester/1.8.1/commons-digester-1.8.1.jar:/home/runner/.m2/repository/commons-collections/commons-collections/3.2.2/commons-collections-3.2.2.jar:/home/runner/.m2/repository/io/jaegertracing/jaeger-client/1.6.0/jaeger-client-1.6.0.jar:/home/runner/.m2/repository/io/jaegertracing/jaeger-thrift/1.6.0/jaeger-thrift-1.6.0.jar:/home/runner/.m2/repository/org/apache/thrift/libthrift/0.14.1/libthrift-0.14.1.jar:/home/runner/.m2/repository/com/squareup/okhttp3/okhttp/4.9.0/okhttp-4.9.0.jar:/home/runner/.m2/repository/com/squareup/okio/okio/2.8.0/okio-2.8.0.jar:/home/runner/.m2/repository/io/jaegertracing/jaeger-core/1.6.0/jaeger-core-1.6.0.jar:/home/runner/.m2/repository/io/jaegertracing/jaeger-tracerresolver/1.6.0/jaeger-tracerresolver-1.6.0.jar:/home/runner/.m2/repository/io/opentracing/contrib/opentracing-tracerresolver/0.1.8/opentracing-tracerresolver-0.1.8.jar:/home/runner/.m2/repository/org/jetbrains/kotlin/kotlin-stdlib/1.4.31/kotlin-stdlib-1.4.31.jar:/home/runner/.m2/repository/org/jetbrains/kotlin/kotlin-stdlib-common/1.4.31/kotlin-stdlib-common-1.4.31.jar:/home/runner/.m2/repository/org/jetbrains/annotations/13.0/annotations-13.0.jar:/home/runner/.m2/repository/io/opentracing/opentracing-util/0.33.0/opentracing-util-0.33.0.jar:/home/runner/.m2/repository/io/opentracing/opentracing-api/0.33.0/opentracing-api-0.33.0.jar:/home/runner/.m2/repository/io/opentracing/opentracing-noop/0.33.0/opentracing-noop-0.33.0.jar:/home/runner/.m2/repository/org/yaml/snakeyaml/1.26/snakeyaml-1.26.jar:/home/runner/.m2/repository/org/apache/ozone/hdds-interface-admin/1.3.0-SNAPSHOT/hdds-interface-admin-1.3.0-SNAPSHOT.jar:/home/runner/.m2/repository/junit/junit/4.13.1/junit-4.13.1.jar:/home/runner/.m2/repository/org/hamcrest/hamcrest-core/1.3/hamcrest-core-1.3.jar:/home/runner/.m2/repository/org/junit/jupiter/junit-jupiter-api/5.7.0/junit-jupiter-api-5.7.0.jar:/home/runner/.m2/repository/org/apiguardian/apiguardian-api/1.1.0/apiguardian-api-1.1.0.jar:/home/runner/.m2/repository/org/opentest4j/opentest4j/1.2.0/opentest4j-1.2.0.jar:/home/runner/.m2/repository/org/junit/platform/junit-platform-commons/1.7.0/junit-platform-commons-1.7.0.jar:/home/runner/.m2/repository/org/junit/jupiter/junit-jupiter-engine/5.7.0/junit-jupiter-engine-5.7.0.jar:/home/runner/.m2/repository/org/junit/platform/junit-platform-engine/1.7.0/junit-platform-engine-1.7.0.jar:/home/runner/.m2/repository/org/junit/vintage/junit-vintage-engine/5.7.0/junit-vintage-engine-5.7.0.jar:/home/runner/.m2/repository/org/junit/platform/junit-platform-launcher/1.7.0/junit-platform-launcher-1.7.0.jar:/home/runner/.m2/repository/org/openjdk/jmh/jmh-core/1.19/jmh-core-1.19.jar:/home/runner/.m2/repository/net/sf/jopt-simple/jopt-simple/4.6/jopt-simple-4.6.jar:/home/runner/.m2/repository/org/apache/commons/commons-math3/3.1.1/commons-math3-3.1.1.jar:/home/runner/.m2/repository/org/openjdk/jmh/jmh-generator-annprocess/1.19/jmh-generator-annprocess-1.19.jar:/home/runner/.m2/repository/org/mockito/mockito-core/2.28.2/mockito-core-2.28.2.jar:/home/runner/.m2/repository/net/bytebuddy/byte-buddy/1.9.10/byte-buddy-1.9.10.jar:/home/runner/.m2/repository/net/bytebuddy/byte-buddy-agent/1.9.10/byte-buddy-agent-1.9.10.jar:/home/runner/.m2/repository/org/objenesis/objenesis/1.0/objenesis-1.0.jar:/home/runner/.m2/repository/org/apache/hadoop/hadoop-kms/3.3.1/hadoop-kms-3.3.1.jar:/home/runner/.m2/repository/org/apache/hadoop/hadoop-auth/3.3.1/hadoop-auth-3.3.1.jar:/home/runner/.m2/repository/com/nimbusds/nimbus-jose-jwt/7.9/nimbus-jose-jwt-7.9.jar:/home/runner/.m2/repository/com/github/stephenc/jcip/jcip-annotations/1.0-1/jcip-annotations-1.0-1.jar:/home/runner/.m2/repository/net/minidev/json-smart/2.3.1/json-smart-2.3.1.jar:/home/runner/.m2/repository/net/minidev/accessors-smart/2.3.1/accessors-smart-2.3.1.jar:/home/runner/.m2/repository/org/ow2/asm/asm/5.0.4/asm-5.0.4.jar:/home/runner/.m2/repository/org/apache/zookeeper/zookeeper/3.5.6/zookeeper-3.5.6.jar:/home/runner/.m2/repository/org/apache/zookeeper/zookeeper-jute/3.5.6/zookeeper-jute-3.5.6.jar:/home/runner/.m2/repository/org/apache/yetus/audience-annotations/0.5.0/audience-annotations-0.5.0.jar:/home/runner/.m2/repository/org/apache/curator/curator-framework/4.2.0/curator-framework-4.2.0.jar:/home/runner/.m2/repository/org/apache/hadoop/thirdparty/hadoop-shaded-guava/1.1.1/hadoop-shaded-guava-1.1.1.jar:/home/runner/.m2/repository/com/sun/jersey/jersey-core/1.19/jersey-core-1.19.jar:/home/runner/.m2/repository/javax/ws/rs/jsr311-api/1.1.1/jsr311-api-1.1.1.jar:/home/runner/.m2/repository/com/sun/jersey/jersey-server/1.19/jersey-server-1.19.jar:/home/runner/.m2/repository/javax/servlet/javax.servlet-api/3.1.0/javax.servlet-api-3.1.0.jar:/home/runner/.m2/repository/org/eclipse/jetty/jetty-server/9.4.43.v20210629/jetty-server-9.4.43.v20210629.jar:/home/runner/.m2/repository/org/eclipse/jetty/jetty-http/9.4.43.v20210629/jetty-http-9.4.43.v20210629.jar:/home/runner/.m2/repository/org/eclipse/jetty/jetty-io/9.4.43.v20210629/jetty-io-9.4.43.v20210629.jar:/home/runner/.m2/repository/org/eclipse/jetty/jetty-webapp/9.4.43.v20210629/jetty-webapp-9.4.43.v20210629.jar:/home/runner/.m2/repository/org/eclipse/jetty/jetty-xml/9.4.43.v20210629/jetty-xml-9.4.43.v20210629.jar:/home/runner/.m2/repository/org/apache/hadoop/hadoop-common/3.3.1/hadoop-common-3.3.1.jar:/home/runner/.m2/repository/commons-net/commons-net/3.6/commons-net-3.6.jar:/home/runner/.m2/repository/jakarta/activation/jakarta.activation-api/1.2.1/jakarta.activation-api-1.2.1.jar:/home/runner/.m2/repository/com/sun/jersey/jersey-servlet/1.19/jersey-servlet-1.19.jar:/home/runner/.m2/repository/com/sun/jersey/jersey-json/1.19/jersey-json-1.19.jar:/home/runner/.m2/repository/org/codehaus/jettison/jettison/1.1/jettison-1.1.jar:/home/runner/.m2/repository/com/sun/xml/bind/jaxb-impl/2.2.3-1/jaxb-impl-2.2.3-1.jar:/home/runner/.m2/repository/org/codehaus/jackson/jackson-jaxrs/1.9.2/jackson-jaxrs-1.9.2.jar:/home/runner/.m2/repository/org/codehaus/jackson/jackson-xc/1.9.2/jackson-xc-1.9.2.jar:/home/runner/.m2/repository/org/apache/commons/commons-configuration2/2.1.1/commons-configuration2-2.1.1.jar:/home/runner/.m2/repository/org/apache/commons/commons-text/1.4/commons-text-1.4.jar:/home/runner/.m2/repository/com/google/re2j/re2j/1.1/re2j-1.1.jar:/home/runner/.m2/repository/com/jcraft/jsch/0.1.54/jsch-0.1.54.jar:/home/runner/.m2/repository/org/apache/curator/curator-client/4.2.0/curator-client-4.2.0.jar:/home/runner/.m2/repository/org/apache/curator/curator-recipes/4.2.0/curator-recipes-4.2.0.jar:/home/runner/.m2/repository/org/apache/kerby/kerb-core/1.0.1/kerb-core-1.0.1.jar:/home/runner/.m2/repository/org/apache/kerby/kerby-pkix/1.0.1/kerby-pkix-1.0.1.jar:/home/runner/.m2/repository/org/apache/kerby/kerby-asn1/1.0.1/kerby-asn1-1.0.1.jar:/home/runner/.m2/repository/org/apache/kerby/kerby-util/1.0.1/kerby-util-1.0.1.jar:/home/runner/.m2/repository/dnsjava/dnsjava/2.1.7/dnsjava-2.1.7.jar:/home/runner/.m2/repository/org/xerial/snappy/snappy-java/1.1.8.2/snappy-java-1.1.8.2.jar:/home/runner/.m2/repository/org/slf4j/jul-to-slf4j/1.7.30/jul-to-slf4j-1.7.30.jar:/home/runner/.m2/repository/org/eclipse/jetty/jetty-util/9.4.43.v20210629/jetty-util-9.4.43.v20210629.jar:/home/runner/.m2/repository/com/fasterxml/jackson/core/jackson-databind/2.12.1/jackson-databind-2.12.1.jar:/home/runner/.m2/repository/org/apache/hadoop/hadoop-kms/3.3.1/hadoop-kms-3.3.1-tests.jar:/home/runner/.m2/repository/org/apache/ozone/hdds-server-scm/1.3.0-SNAPSHOT/hdds-server-scm-1.3.0-SNAPSHOT-tests.jar:/home/runner/.m2/repository/org/apache/ozone/hdds-container-service/1.3.0-SNAPSHOT/hdds-container-service-1.3.0-SNAPSHOT-tests.jar:/home/runner/.m2/repository/commons-codec/commons-codec/1.11/commons-codec-1.11.jar:/home/runner/.m2/repository/io/netty/netty-transport/4.1.63.Final/netty-transport-4.1.63.Final.jar:/home/runner/.m2/repository/io/netty/netty-resolver/4.1.63.Final/netty-resolver-4.1.63.Final.jar:/home/runner/.m2/repository/io/netty/netty-codec/4.1.63.Final/netty-codec-4.1.63.Final.jar:/home/runner/.m2/repository/io/netty/netty-handler/4.1.63.Final/netty-handler-4.1.63.Final.jar:/home/runner/.m2/repository/org/apache/ozone/hdds-hadoop-dependency-test/1.3.0-SNAPSHOT/hdds-hadoop-dependency-test-1.3.0-SNAPSHOT.jar:/home/runner/.m2/repository/org/apache/hadoop/hadoop-common/3.3.1/hadoop-common-3.3.1-tests.jar:/home/runner/.m2/repository/org/assertj/assertj-core/3.12.2/assertj-core-3.12.2.jar:/home/runner/.m2/repository/org/apache/hadoop/hadoop-hdfs/3.3.1/hadoop-hdfs-3.3.1-tests.jar:/home/runner/.m2/repository/org/eclipse/jetty/jetty-util-ajax/9.4.43.v20210629/jetty-util-ajax-9.4.43.v20210629.jar:/home/runner/.m2/repository/commons-daemon/commons-daemon/1.0.13/commons-daemon-1.0.13.jar:/home/runner/.m2/repository/io/netty/netty/3.10.6.Final/netty-3.10.6.Final.jar:/home/runner/.m2/repository/io/netty/netty-all/4.1.63.Final/netty-all-4.1.63.Final.jar:/home/runner/.m2/repository/org/apache/htrace/htrace-core4/4.1.0-incubating/htrace-core4-4.1.0-incubating.jar:/home/runner/.m2/repository/org/fusesource/leveldbjni/leveldbjni-all/1.8/leveldbjni-all-1.8.jar:/home/runner/.m2/repository/org/apache/hadoop/hadoop-distcp/3.3.1/hadoop-distcp-3.3.1.jar:/home/runner/.m2/repository/org/apache/hadoop/hadoop-mapreduce-client-jobclient/3.3.1/hadoop-mapreduce-client-jobclient-3.3.1.jar:/home/runner/.m2/repository/org/apache/hadoop/hadoop-mapreduce-client-common/3.3.1/hadoop-mapreduce-client-common-3.3.1.jar:/home/runner/.m2/repository/org/apache/hadoop/hadoop-yarn-common/3.3.1/hadoop-yarn-common-3.3.1.jar:/home/runner/.m2/repository/org/apache/hadoop/hadoop-yarn-api/3.3.1/hadoop-yarn-api-3.3.1.jar:/home/runner/.m2/repository/com/sun/jersey/jersey-client/1.19/jersey-client-1.19.jar:/home/runner/.m2/repository/com/sun/jersey/contribs/jersey-guice/1.19/jersey-guice-1.19.jar:/home/runner/.m2/repository/com/fasterxml/jackson/jaxrs/jackson-jaxrs-json-provider/2.12.1/jackson-jaxrs-json-provider-2.12.1.jar:/home/runner/.m2/repository/com/fasterxml/jackson/jaxrs/jackson-jaxrs-base/2.12.1/jackson-jaxrs-base-2.12.1.jar:/home/runner/.m2/repository/org/apache/hadoop/hadoop-yarn-client/3.3.1/hadoop-yarn-client-3.3.1.jar:/home/runner/.m2/repository/org/eclipse/jetty/websocket/websocket-client/9.4.40.v20210413/websocket-client-9.4.40.v20210413.jar:/home/runner/.m2/repository/org/eclipse/jetty/jetty-client/9.4.40.v20210413/jetty-client-9.4.40.v20210413.jar:/home/runner/.m2/repository/org/eclipse/jetty/websocket/websocket-common/9.4.40.v20210413/websocket-common-9.4.40.v20210413.jar:/home/runner/.m2/repository/org/eclipse/jetty/websocket/websocket-api/9.4.40.v20210413/websocket-api-9.4.40.v20210413.jar:/home/runner/.m2/repository/org/jline/jline/3.9.0/jline-3.9.0.jar:/home/runner/.m2/repository/org/apache/hadoop/hadoop-mapreduce-client-core/3.3.1/hadoop-mapreduce-client-core-3.3.1.jar:/home/runner/.m2/repository/org/apache/avro/avro/1.7.7/avro-1.7.7.jar:/home/runner/.m2/repository/org/codehaus/jackson/jackson-core-asl/1.9.13/jackson-core-asl-1.9.13.jar:/home/runner/.m2/repository/org/codehaus/jackson/jackson-mapper-asl/1.9.13/jackson-mapper-asl-1.9.13.jar:/home/runner/.m2/repository/com/thoughtworks/paranamer/paranamer/2.3/paranamer-2.3.jar:/home/runner/.m2/repository/org/apache/hadoop/hadoop-annotations/3.3.1/hadoop-annotations-3.3.1.jar:/usr/lib/jvm/adoptopenjdk-8-hotspot-amd64/jre/../lib/tools.jar:/home/runner/.m2/repository/org/apache/hadoop/hadoop-distcp/3.3.1/hadoop-distcp-3.3.1-tests.jar:/home/runner/.m2/repository/org/apache/ratis/ratis-common/2.2.0/ratis-common-2.2.0.jar:/home/runner/.m2/repository/org/apache/ratis/ratis-thirdparty-misc/0.7.0/ratis-thirdparty-misc-0.7.0.jar:/home/runner/.m2/repository/org/apache/ratis/ratis-proto/2.2.0/ratis-proto-2.2.0.jar:"/>
    <property name="sun.cpu.endian" value="little"/>
    <property name="user.home" value="/home/runner"/>
    <property name="user.language" value="en"/>
    <property name="java.specification.vendor" value="Oracle Corporation"/>
    <property name="java.home" value="/usr/lib/jvm/adoptopenjdk-8-hotspot-amd64/jre"/>
    <property name="java.security.krb5.conf" value="/home/runner/work/ozone/ozone/hadoop-ozone/integration-test/target/test-classes/krb5.conf"/>
    <property name="basedir" value="/home/runner/work/ozone/ozone/hadoop-ozone/integration-test"/>
    <property name="file.separator" value="/"/>
    <property name="line.separator" value="&#10;"/>
    <property name="java.vm.specification.vendor" value="Oracle Corporation"/>
    <property name="java.specification.name" value="Java Platform API Specification"/>
    <property name="java.awt.graphicsenv" value="sun.awt.X11GraphicsEnvironment"/>
    <property name="skip.installnpx" value="true"/>
    <property name="surefire.real.class.path" value="/home/runner/work/ozone/ozone/hadoop-ozone/integration-test/target/surefire/surefirebooter1995140642864402838.jar:/home/runner/.m2/repository/org/jacoco/org.jacoco.agent/0.8.5/org.jacoco.agent-0.8.5-runtime.jar"/>
    <property name="hadoop.log.dir" value="/home/runner/work/ozone/ozone/hadoop-ozone/integration-test/target/log"/>
    <property name="sun.boot.class.path" value="/usr/lib/jvm/adoptopenjdk-8-hotspot-amd64/jre/lib/resources.jar:/usr/lib/jvm/adoptopenjdk-8-hotspot-amd64/jre/lib/rt.jar:/usr/lib/jvm/adoptopenjdk-8-hotspot-amd64/jre/lib/sunrsasign.jar:/usr/lib/jvm/adoptopenjdk-8-hotspot-amd64/jre/lib/jsse.jar:/usr/lib/jvm/adoptopenjdk-8-hotspot-amd64/jre/lib/jce.jar:/usr/lib/jvm/adoptopenjdk-8-hotspot-amd64/jre/lib/charsets.jar:/usr/lib/jvm/adoptopenjdk-8-hotspot-amd64/jre/lib/jfr.jar:/usr/lib/jvm/adoptopenjdk-8-hotspot-amd64/jre/classes"/>
    <property name="sun.management.compiler" value="HotSpot 64-Bit Tiered Compilers"/>
    <property name="skip.npx" value="true"/>
    <property name="java.runtime.version" value="1.8.0_292-b10"/>
    <property name="java.net.preferIPv4Stack" value="true"/>
    <property name="user.name" value="runner"/>
    <property name="path.separator" value=":"/>
    <property name="java.security.egd" value="file:///dev/urandom"/>
    <property name="os.version" value="5.4.0-1064-azure"/>
    <property name="java.endorsed.dirs" value="/usr/lib/jvm/adoptopenjdk-8-hotspot-amd64/jre/lib/endorsed"/>
    <property name="java.runtime.name" value="OpenJDK Runtime Environment"/>
    <property name="file.encoding" value="UTF-8"/>
    <property name="java.vm.name" value="OpenJDK 64-Bit Server VM"/>
    <property name="test.build.webapps" value=""/>
    <property name="localRepository" value="/home/runner/.m2/repository"/>
    <property name="java.vendor.url.bug" value="https://github.com/AdoptOpenJDK/openjdk-support/issues"/>
    <property name="java.io.tmpdir" value="/tmp"/>
    <property name="require.test.libhadoop" value=""/>
    <property name="java.version" value="1.8.0_292"/>
    <property name="user.dir" value="/home/runner/work/ozone/ozone/hadoop-ozone/integration-test"/>
    <property name="os.arch" value="amd64"/>
    <property name="java.vm.specification.name" value="Java Virtual Machine Specification"/>
    <property name="test.build.classes" value="/home/runner/work/ozone/ozone/hadoop-ozone/integration-test/target/test-classes"/>
    <property name="java.awt.printerjob" value="sun.print.PSPrinterJob"/>
    <property name="sun.os.patch.level" value="unknown"/>
    <property name="hadoop.tmp.dir" value="/home/runner/work/ozone/ozone/hadoop-ozone/integration-test/target/tmp"/>
    <property name="java.library.path" value="/usr/java/packages/lib/amd64:/usr/lib64:/lib64:/lib:/usr/lib"/>
    <property name="java.vm.info" value="mixed mode"/>
    <property name="java.vendor" value="AdoptOpenJDK"/>
    <property name="java.vm.version" value="25.292-b10"/>
    <property name="java.ext.dirs" value="/usr/lib/jvm/adoptopenjdk-8-hotspot-amd64/jre/lib/ext:/usr/java/packages/lib/ext"/>
    <property name="sun.io.unicode.encoding" value="UnicodeLittle"/>
    <property name="java.class.version" value="52.0"/>
  </properties>
  <testcase name="testWatchForCommitWithKeyWrite" classname="org.apache.hadoop.ozone.client.rpc.TestWatchForCommit" time="89.168">
    <failure message="expected:&lt;450&gt; but was:&lt;400&gt;" type="java.lang.AssertionError"><![CDATA[java.lang.AssertionError: expected:<450> but was:<400>
	at org.junit.Assert.fail(Assert.java:89)
	at org.junit.Assert.failNotEquals(Assert.java:835)
	at org.junit.Assert.assertEquals(Assert.java:647)
	at org.junit.Assert.assertEquals(Assert.java:633)
	at org.apache.hadoop.ozone.client.rpc.TestWatchForCommit.testWatchForCommitWithKeyWrite(TestWatchForCommit.java:192)
	at sun.reflect.NativeMethodAccessorImpl.invoke0(Native Method)
	at sun.reflect.NativeMethodAccessorImpl.invoke(NativeMethodAccessorImpl.java:62)
	at sun.reflect.DelegatingMethodAccessorImpl.invoke(DelegatingMethodAccessorImpl.java:43)
	at java.lang.reflect.Method.invoke(Method.java:498)
	at org.junit.runners.model.FrameworkMethod$1.runReflectiveCall(FrameworkMethod.java:59)
	at org.junit.internal.runners.model.ReflectiveCallable.run(ReflectiveCallable.java:12)
	at org.junit.runners.model.FrameworkMethod.invokeExplosively(FrameworkMethod.java:56)
	at org.junit.internal.runners.statements.InvokeMethod.evaluate(InvokeMethod.java:17)
	at org.junit.internal.runners.statements.RunBefores.evaluate(RunBefores.java:26)
	at org.junit.internal.runners.statements.RunAfters.evaluate(RunAfters.java:27)
	at org.junit.runners.ParentRunner$3.evaluate(ParentRunner.java:306)
	at org.junit.runners.BlockJUnit4ClassRunner$1.evaluate(BlockJUnit4ClassRunner.java:100)
	at org.junit.runners.ParentRunner.runLeaf(ParentRunner.java:366)
	at org.junit.runners.BlockJUnit4ClassRunner.runChild(BlockJUnit4ClassRunner.java:103)
	at org.junit.runners.BlockJUnit4ClassRunner.runChild(BlockJUnit4ClassRunner.java:63)
	at org.junit.runners.ParentRunner$4.run(ParentRunner.java:331)
	at org.junit.runners.ParentRunner$1.schedule(ParentRunner.java:79)
	at org.junit.runners.ParentRunner.runChildren(ParentRunner.java:329)
	at org.junit.runners.ParentRunner.access$100(ParentRunner.java:66)
	at org.junit.runners.ParentRunner$2.evaluate(ParentRunner.java:293)
	at org.junit.runners.ParentRunner$3.evaluate(ParentRunner.java:306)
	at org.junit.runners.ParentRunner.run(ParentRunner.java:413)
	at org.junit.runner.JUnitCore.run(JUnitCore.java:137)
	at org.junit.runner.JUnitCore.run(JUnitCore.java:115)
	at org.junit.vintage.engine.execution.RunnerExecutor.execute(RunnerExecutor.java:43)
	at java.util.stream.ForEachOps$ForEachOp$OfRef.accept(ForEachOps.java:183)
	at java.util.stream.ReferencePipeline$3$1.accept(ReferencePipeline.java:193)
	at java.util.Iterator.forEachRemaining(Iterator.java:116)
	at java.util.Spliterators$IteratorSpliterator.forEachRemaining(Spliterators.java:1801)
	at java.util.stream.AbstractPipeline.copyInto(AbstractPipeline.java:482)
	at java.util.stream.AbstractPipeline.wrapAndCopyInto(AbstractPipeline.java:472)
	at java.util.stream.ForEachOps$ForEachOp.evaluateSequential(ForEachOps.java:150)
	at java.util.stream.ForEachOps$ForEachOp$OfRef.evaluateSequential(ForEachOps.java:173)
	at java.util.stream.AbstractPipeline.evaluate(AbstractPipeline.java:234)
	at java.util.stream.ReferencePipeline.forEach(ReferencePipeline.java:485)
	at org.junit.vintage.engine.VintageTestEngine.executeAllChildren(VintageTestEngine.java:82)
	at org.junit.vintage.engine.VintageTestEngine.execute(VintageTestEngine.java:73)
	at org.junit.platform.launcher.core.EngineExecutionOrchestrator.execute(EngineExecutionOrchestrator.java:108)
	at org.junit.platform.launcher.core.EngineExecutionOrchestrator.execute(EngineExecutionOrchestrator.java:88)
	at org.junit.platform.launcher.core.EngineExecutionOrchestrator.lambda$execute$0(EngineExecutionOrchestrator.java:54)
	at org.junit.platform.launcher.core.EngineExecutionOrchestrator.withInterceptedStreams(EngineExecutionOrchestrator.java:67)
	at org.junit.platform.launcher.core.EngineExecutionOrchestrator.execute(EngineExecutionOrchestrator.java:52)
	at org.junit.platform.launcher.core.DefaultLauncher.execute(DefaultLauncher.java:96)
	at org.junit.platform.launcher.core.DefaultLauncher.execute(DefaultLauncher.java:75)
	at org.apache.maven.surefire.junitplatform.JUnitPlatformProvider.invokeAllTests(JUnitPlatformProvider.java:142)
	at org.apache.maven.surefire.junitplatform.JUnitPlatformProvider.invoke(JUnitPlatformProvider.java:113)
	at org.apache.maven.surefire.booter.ForkedBooter.invokeProviderInSameClassLoader(ForkedBooter.java:384)
	at org.apache.maven.surefire.booter.ForkedBooter.runSuitesInProcess(ForkedBooter.java:345)
	at org.apache.maven.surefire.booter.ForkedBooter.execute(ForkedBooter.java:126)
	at org.apache.maven.surefire.booter.ForkedBooter.main(ForkedBooter.java:418)
]]></failure>
    <system-out><![CDATA[2022-01-06 13:29:43,524 [main] WARN  server.ServerUtils (ServerUtils.java:getScmDbDir(148)) - ozone.scm.db.dirs is not configured. We recommend adding this setting. Falling back to ozone.metadata.dirs instead.
2022-01-06 13:29:43,631 [main] INFO  ha.SCMHANodeDetails (SCMHANodeDetails.java:loadSCMHAConfig(157)) - ServiceID for StorageContainerManager is null
2022-01-06 13:29:43,631 [main] INFO  ha.SCMHANodeDetails (SCMHANodeDetails.java:loadSCMHAConfig(162)) - ozone.scm.default.service.id is not defined, falling back to ozone.scm.service.ids to find serviceID for StorageContainerManager if it is HA enabled cluster
2022-01-06 13:29:43,746 [main] WARN  server.ServerUtils (ServerUtils.java:getScmDbDir(148)) - ozone.scm.db.dirs is not configured. We recommend adding this setting. Falling back to ozone.metadata.dirs instead.
2022-01-06 13:29:43,750 [main] INFO  upgrade.AbstractLayoutVersionManager (AbstractLayoutVersionManager.java:init(79)) - Initializing Layout version manager with metadata layout = SCM_HA (version = 2), software layout = SCM_HA (version = 2)
2022-01-06 13:29:43,975 [main] INFO  reflections.Reflections (Reflections.java:scan(232)) - Reflections took 133 ms to scan 7 urls, producing 119 keys and 279 values 
2022-01-06 13:29:44,525 [main] WARN  utils.HAUtils (HAUtils.java:getMetaDir(342)) - ozone.scm.db.dirs is not configured. We recommend adding this setting. Falling back to ozone.metadata.dirs instead.
2022-01-06 13:29:44,643 [main] WARN  db.DBStoreBuilder (DBStoreBuilder.java:applyDBDefinition(145)) - ozone.scm.db.dirs is not configured. We recommend adding this setting. Falling back to ozone.metadata.dirs instead.
2022-01-06 13:29:44,797 [main] INFO  net.NodeSchemaLoader (NodeSchemaLoader.java:loadSchemaFromFile(129)) - Loading schema from [jar:file:/home/runner/.m2/repository/org/apache/ozone/hdds-common/1.3.0-SNAPSHOT/hdds-common-1.3.0-SNAPSHOT.jar!/network-topology-default.xml]
2022-01-06 13:29:44,798 [main] INFO  net.NodeSchemaLoader (NodeSchemaLoader.java:loadSchema(176)) - Loading network topology layer schema file
2022-01-06 13:29:44,836 [main] INFO  metrics.MetricRegistries (MetricRegistriesLoader.java:load(64)) - Loaded MetricRegistries class org.apache.ratis.metrics.impl.MetricRegistriesImpl
2022-01-06 13:29:44,855 [main] INFO  ha.SequenceIdGenerator (SequenceIdGenerator.java:upgradeToSequenceId(347)) - upgrade localId to 109611004723200000
2022-01-06 13:29:44,856 [main] INFO  ha.SequenceIdGenerator (SequenceIdGenerator.java:upgradeToSequenceId(357)) - upgrade delTxnId to 0
2022-01-06 13:29:44,858 [main] INFO  ha.SequenceIdGenerator (SequenceIdGenerator.java:upgradeToSequenceId(371)) - upgrade containerId to 0
2022-01-06 13:29:44,860 [main] INFO  ha.SequenceIdGenerator (SequenceIdGenerator.java:<init>(218)) - Init the HA SequenceIdGenerator.
2022-01-06 13:29:44,897 [main] INFO  node.SCMNodeManager (SCMNodeManager.java:<init>(144)) - Entering startup safe mode.
2022-01-06 13:29:44,944 [main] INFO  algorithms.ContainerPlacementPolicyFactory (ContainerPlacementPolicyFactory.java:getPolicy(60)) - Create container placement policy of type org.apache.hadoop.hdds.scm.container.placement.algorithms.SCMContainerPlacementRandom
2022-01-06 13:29:44,954 [main] INFO  pipeline.PipelineStateManagerImpl (PipelineStateManagerImpl.java:initialize(78)) - No pipeline exists in current db
2022-01-06 13:29:44,982 [main] INFO  algorithms.LeaderChoosePolicyFactory (LeaderChoosePolicyFactory.java:getPolicy(57)) - Create leader choose policy of type org.apache.hadoop.hdds.scm.pipeline.leader.choose.algorithms.MinLeaderCountChoosePolicy
2022-01-06 13:29:44,988 [main] INFO  ha.SCMServiceManager (SCMServiceManager.java:register(43)) - Registering service BackgroundPipelineCreator.
2022-01-06 13:29:44,988 [main] INFO  pipeline.BackgroundPipelineCreator (BackgroundPipelineCreator.java:start(130)) - Starting RatisPipelineUtilsThread.
2022-01-06 13:29:45,018 [main] INFO  algorithms.PipelineChoosePolicyFactory (PipelineChoosePolicyFactory.java:createPipelineChoosePolicyFromClass(73)) - Create pipeline choose policy of type org.apache.hadoop.hdds.scm.pipeline.choose.algorithms.RandomPipelineChoosePolicy
2022-01-06 13:29:45,033 [main] INFO  ha.SCMServiceManager (SCMServiceManager.java:register(43)) - Registering service SCMBlockDeletingService.
2022-01-06 13:29:45,055 [main] INFO  ha.SCMServiceManager (SCMServiceManager.java:register(43)) - Registering service ReplicationManager.
2022-01-06 13:29:45,057 [main] INFO  container.ReplicationManager (ReplicationManager.java:start(319)) - Starting Replication Monitor Thread.
2022-01-06 13:29:45,067 [ReplicationMonitor] INFO  container.ReplicationManager (ReplicationManager.java:processAll(371)) - Replication Monitor Thread took 1 milliseconds for processing 0 containers.
2022-01-06 13:29:45,068 [main] INFO  safemode.ContainerSafeModeRule (ContainerSafeModeRule.java:<init>(89)) - containers with one replica threshold count 0
2022-01-06 13:29:45,071 [main] INFO  safemode.HealthyPipelineSafeModeRule (HealthyPipelineSafeModeRule.java:initializeRule(156)) - Total pipeline count is 0, healthy pipeline threshold count is 1
2022-01-06 13:29:45,074 [main] INFO  safemode.OneReplicaPipelineSafeModeRule (OneReplicaPipelineSafeModeRule.java:initializeRule(180)) - Total pipeline count is 0, pipeline's with at least one datanode reported threshold count is 0
2022-01-06 13:29:45,411 [main] INFO  ipc.CallQueueManager (CallQueueManager.java:<init>(90)) - Using callQueue: class java.util.concurrent.LinkedBlockingQueue, queueCapacity: 2000, scheduler: class org.apache.hadoop.ipc.DefaultRpcScheduler, ipcBackoff: false.
2022-01-06 13:29:45,445 [Socket Reader #1 for port 0] INFO  ipc.Server (Server.java:run(1265)) - Starting Socket Reader #1 for port 0
2022-01-06 13:29:45,481 [Listener at 0.0.0.0/33937] INFO  ipc.CallQueueManager (CallQueueManager.java:<init>(90)) - Using callQueue: class java.util.concurrent.LinkedBlockingQueue, queueCapacity: 2000, scheduler: class org.apache.hadoop.ipc.DefaultRpcScheduler, ipcBackoff: false.
2022-01-06 13:29:45,486 [Socket Reader #1 for port 0] INFO  ipc.Server (Server.java:run(1265)) - Starting Socket Reader #1 for port 0
2022-01-06 13:29:45,502 [Listener at 0.0.0.0/36611] INFO  ipc.CallQueueManager (CallQueueManager.java:<init>(90)) - Using callQueue: class java.util.concurrent.LinkedBlockingQueue, queueCapacity: 2000, scheduler: class org.apache.hadoop.ipc.DefaultRpcScheduler, ipcBackoff: false.
2022-01-06 13:29:45,504 [Socket Reader #1 for port 0] INFO  ipc.Server (Server.java:run(1265)) - Starting Socket Reader #1 for port 0
2022-01-06 13:29:45,558 [Listener at 0.0.0.0/32935] INFO  algorithms.ContainerPlacementPolicyFactory (ContainerPlacementPolicyFactory.java:getPolicy(60)) - Create container placement policy of type org.apache.hadoop.hdds.scm.container.placement.algorithms.SCMContainerPlacementRandom
2022-01-06 13:29:45,566 [Listener at 0.0.0.0/32935] INFO  server.StorageContainerManager (StorageContainerManager.java:<init>(388)) - 
Container Balancer status:
Key                            Value
Running                        false
Container Balancer Configuration values:
Key                                                Value
Threshold                                          0.1
Max Datanodes to Involve per Iteration(ratio)      0.2
Max Size to Move per Iteration                     30GB
Max Size Entering Target per Iteration             26GB
Max Size Leaving Source per Iteration              26GB

2022-01-06 13:29:45,570 [Listener at 0.0.0.0/32935] WARN  events.EventQueue (EventQueue.java:fireEvent(194)) - No event handler registered for event TypedEvent{payloadType=SafeModeStatus, name='Safe mode status'}
2022-01-06 13:29:45,571 [Listener at 0.0.0.0/32935] INFO  ha.SCMContext (SCMContext.java:updateSafeModeStatus(211)) - Update SafeModeStatus from SafeModeStatus{safeModeStatus=true, preCheckPassed=false} to SafeModeStatus{safeModeStatus=true, preCheckPassed=false}.
2022-01-06 13:29:45,573 [Listener at 0.0.0.0/32935] INFO  server.StorageContainerManager (StorageContainerManager.java:start(1303)) - StorageContainerLocationProtocol RPC server is listening at /0.0.0.0:32935
2022-01-06 13:29:45,638 [Listener at 0.0.0.0/32935] WARN  impl.MetricsConfig (MetricsConfig.java:loadFirst(136)) - Cannot locate configuration: tried hadoop-metrics2-storagecontainermanager.properties,hadoop-metrics2.properties
2022-01-06 13:29:45,651 [Listener at 0.0.0.0/32935] INFO  impl.MetricsSystemImpl (MetricsSystemImpl.java:startTimer(378)) - Scheduled Metric snapshot period at 10 second(s).
2022-01-06 13:29:45,651 [Listener at 0.0.0.0/32935] INFO  impl.MetricsSystemImpl (MetricsSystemImpl.java:start(191)) - StorageContainerManager metrics system started
2022-01-06 13:29:45,969 [Listener at 0.0.0.0/32935] INFO  server.SCMClientProtocolServer (SCMClientProtocolServer.java:start(164)) - RPC server for Client  is listening at /0.0.0.0:32935
2022-01-06 13:29:45,974 [IPC Server Responder] INFO  ipc.Server (Server.java:run(1507)) - IPC Server Responder: starting
2022-01-06 13:29:45,975 [IPC Server listener on 0] INFO  ipc.Server (Server.java:run(1344)) - IPC Server listener on 0: starting
2022-01-06 13:29:45,982 [Listener at 0.0.0.0/32935] INFO  server.StorageContainerManager (StorageContainerManager.java:start(1318)) - ScmBlockLocationProtocol RPC server is listening at /0.0.0.0:36611
2022-01-06 13:29:45,983 [Listener at 0.0.0.0/32935] INFO  server.SCMBlockProtocolServer (SCMBlockProtocolServer.java:start(151)) - RPC server for Block Protocol is listening at /0.0.0.0:36611
2022-01-06 13:29:45,984 [IPC Server Responder] INFO  ipc.Server (Server.java:run(1507)) - IPC Server Responder: starting
2022-01-06 13:29:45,984 [IPC Server listener on 0] INFO  ipc.Server (Server.java:run(1344)) - IPC Server listener on 0: starting
2022-01-06 13:29:45,987 [Listener at 0.0.0.0/32935] INFO  server.SCMDatanodeProtocolServer (SCMDatanodeProtocolServer.java:start(181)) - ScmDatanodeProtocol RPC server for DataNodes is listening at /0.0.0.0:33937
2022-01-06 13:29:45,988 [IPC Server Responder] INFO  ipc.Server (Server.java:run(1507)) - IPC Server Responder: starting
2022-01-06 13:29:45,988 [IPC Server listener on 0] INFO  ipc.Server (Server.java:run(1344)) - IPC Server listener on 0: starting
2022-01-06 13:29:46,007 [org.apache.hadoop.util.JvmPauseMonitor$Monitor@1c9975a8] INFO  util.JvmPauseMonitor (JvmPauseMonitor.java:run(188)) - Starting JVM pause monitor
2022-01-06 13:29:46,017 [Listener at 0.0.0.0/32935] INFO  http.BaseHttpServer (BaseHttpServer.java:newHttpServer2BuilderForOzone(209)) - Starting Web-server for scm at: http://0.0.0.0:0
2022-01-06 13:29:46,017 [Listener at 0.0.0.0/32935] INFO  http.BaseHttpServer (BaseHttpServer.java:<init>(107)) - Hadoop Security Enabled: false Ozone Security Enabled: false Ozone HTTP Security Enabled: false 
2022-01-06 13:29:46,043 [Listener at 0.0.0.0/32935] INFO  util.log (Log.java:initialized(170)) - Logging initialized @3787ms to org.eclipse.jetty.util.log.Slf4jLog
2022-01-06 13:29:46,144 [Listener at 0.0.0.0/32935] INFO  server.AuthenticationFilter (AuthenticationFilter.java:constructSecretProvider(240)) - Unable to initialize FileSignerSecretProvider, falling back to use random secrets.
2022-01-06 13:29:46,148 [Listener at 0.0.0.0/32935] WARN  http.HttpRequestLog (HttpRequestLog.java:getRequestLog(103)) - Jetty request log can only be enabled using Log4j
2022-01-06 13:29:46,156 [Listener at 0.0.0.0/32935] INFO  http.HttpServer2 (HttpServer2.java:addGlobalFilter(1030)) - Added global filter 'safety' (class=org.apache.hadoop.hdds.server.http.HttpServer2$QuotingInputFilter)
2022-01-06 13:29:46,158 [Listener at 0.0.0.0/32935] INFO  http.HttpServer2 (HttpServer2.java:addFilter(1006)) - Added filter static_user_filter (class=org.apache.hadoop.http.lib.StaticUserWebFilter$StaticUserFilter) to context scm
2022-01-06 13:29:46,158 [Listener at 0.0.0.0/32935] INFO  http.HttpServer2 (HttpServer2.java:addFilter(1014)) - Added filter static_user_filter (class=org.apache.hadoop.http.lib.StaticUserWebFilter$StaticUserFilter) to context static
2022-01-06 13:29:46,159 [Listener at 0.0.0.0/32935] INFO  http.HttpServer2 (HttpServer2.java:addFilter(1014)) - Added filter static_user_filter (class=org.apache.hadoop.http.lib.StaticUserWebFilter$StaticUserFilter) to context logs
2022-01-06 13:29:46,196 [Listener at 0.0.0.0/32935] INFO  http.HttpServer2 (HttpServer2.java:bindListener(1249)) - Jetty bound to port 38841
2022-01-06 13:29:46,197 [Listener at 0.0.0.0/32935] INFO  server.Server (Server.java:doStart(375)) - jetty-9.4.43.v20210629; built: 2021-06-30T11:07:22.254Z; git: 526006ecfa3af7f1a27ef3a288e2bef7ea9dd7e8; jvm 1.8.0_292-b10
2022-01-06 13:29:46,224 [Listener at 0.0.0.0/32935] INFO  server.session (DefaultSessionIdManager.java:doStart(334)) - DefaultSessionIdManager workerName=node0
2022-01-06 13:29:46,224 [Listener at 0.0.0.0/32935] INFO  server.session (DefaultSessionIdManager.java:doStart(339)) - No SessionScavenger set, using defaults
2022-01-06 13:29:46,226 [Listener at 0.0.0.0/32935] INFO  server.session (HouseKeeper.java:startScavenging(132)) - node0 Scavenging every 600000ms
2022-01-06 13:29:46,237 [Listener at 0.0.0.0/32935] INFO  handler.ContextHandler (ContextHandler.java:doStart(915)) - Started o.e.j.s.ServletContextHandler@4f98ac31{logs,/logs,file:///home/runner/work/ozone/ozone/hadoop-ozone/integration-test/target/log,AVAILABLE}
2022-01-06 13:29:46,238 [Listener at 0.0.0.0/32935] INFO  handler.ContextHandler (ContextHandler.java:doStart(915)) - Started o.e.j.s.ServletContextHandler@a97a895{static,/static,file:///home/runner/work/ozone/ozone/hadoop-ozone/integration-test/target/test-classes/webapps/static,AVAILABLE}
2022-01-06 13:29:46,276 [Listener at 0.0.0.0/32935] INFO  handler.ContextHandler (ContextHandler.java:doStart(915)) - Started o.e.j.w.WebAppContext@1d535b78{scm,/,file:///home/runner/work/ozone/ozone/hadoop-ozone/integration-test/target/test-classes/webapps/scm/,AVAILABLE}{file:/home/runner/work/ozone/ozone/hadoop-ozone/integration-test/target/test-classes/webapps/scm}
2022-01-06 13:29:46,284 [Listener at 0.0.0.0/32935] INFO  server.AbstractConnector (AbstractConnector.java:doStart(331)) - Started ServerConnector@6c46dc02{HTTP/1.1, (http/1.1)}{0.0.0.0:38841}
2022-01-06 13:29:46,284 [Listener at 0.0.0.0/32935] INFO  server.Server (Server.java:doStart(415)) - Started @4028ms
2022-01-06 13:29:46,286 [Listener at 0.0.0.0/32935] INFO  impl.MetricsSinkAdapter (MetricsSinkAdapter.java:start(204)) - Sink prometheus started
2022-01-06 13:29:46,286 [Listener at 0.0.0.0/32935] INFO  impl.MetricsSystemImpl (MetricsSystemImpl.java:registerSink(305)) - Registered sink prometheus
2022-01-06 13:29:46,287 [Listener at 0.0.0.0/32935] INFO  http.BaseHttpServer (BaseHttpServer.java:updateConnectorAddress(329)) - HTTP server of scm listening at http://0.0.0.0:38841
2022-01-06 13:29:46,289 [Listener at 0.0.0.0/32935] WARN  server.ServerUtils (ServerUtils.java:getDBPath(225)) - ozone.om.db.dirs is not configured. We recommend adding this setting. Falling back to ozone.metadata.dirs instead.
2022-01-06 13:29:46,389 [Listener at 0.0.0.0/32935] INFO  ha.OMHANodeDetails (OMHANodeDetails.java:loadOMHAConfig(112)) - ozone.om.internal.service.id is not defined, falling back to ozone.om.service.ids to find serviceID for OzoneManager if it is HA enabled cluster
2022-01-06 13:29:46,392 [Listener at 0.0.0.0/32935] INFO  ha.OMHANodeDetails (OMHANodeDetails.java:loadOMHAConfig(218)) - Configuration does not have ozone.om.address set. Falling back to the default OM address /127.0.0.1:0
2022-01-06 13:29:46,392 [Listener at 0.0.0.0/32935] INFO  ha.OMHANodeDetails (OMHANodeDetails.java:getOMNodeDetailsForNonHA(246)) - OM Service ID is not set. Setting it to the default ID: omServiceIdDefault
2022-01-06 13:29:46,392 [Listener at 0.0.0.0/32935] INFO  ha.OMHANodeDetails (OMHANodeDetails.java:getOMNodeDetailsForNonHA(253)) - OM Node ID is not set. Setting it to the default ID: om1
2022-01-06 13:29:46,396 [Listener at 0.0.0.0/32935] WARN  server.ServerUtils (ServerUtils.java:getDBPath(225)) - ozone.om.db.dirs is not configured. We recommend adding this setting. Falling back to ozone.metadata.dirs instead.
2022-01-06 13:29:46,398 [Listener at 0.0.0.0/32935] INFO  upgrade.AbstractLayoutVersionManager (AbstractLayoutVersionManager.java:init(79)) - Initializing Layout version manager with metadata layout = INITIAL_VERSION (version = 0), software layout = INITIAL_VERSION (version = 0)
2022-01-06 13:29:46,456 [Listener at 0.0.0.0/32935] INFO  reflections.Reflections (Reflections.java:scan(232)) - Reflections took 53 ms to scan 2 urls, producing 133 keys and 345 values [using 2 cores]
2022-01-06 13:29:46,460 [Listener at 0.0.0.0/32935] INFO  upgrade.OMLayoutVersionManager (OMLayoutVersionManager.java:lambda$0(115)) - Skipping Upgrade Action MockOmUpgradeAction since it has been finalized.
2022-01-06 13:29:46,462 [Listener at 0.0.0.0/32935] WARN  server.ServerUtils (ServerUtils.java:getDBPath(225)) - ozone.om.db.dirs is not configured. We recommend adding this setting. Falling back to ozone.metadata.dirs instead.
2022-01-06 13:29:46,826 [Listener at 0.0.0.0/32935] WARN  server.ServerUtils (ServerUtils.java:getDBPath(225)) - ozone.om.db.dirs is not configured. We recommend adding this setting. Falling back to ozone.metadata.dirs instead.
2022-01-06 13:29:46,832 [Listener at 0.0.0.0/32935] INFO  codec.OmKeyInfoCodec (OmKeyInfoCodec.java:<init>(50)) - OmKeyInfoCodec ignorePipeline = true
2022-01-06 13:29:46,833 [Listener at 0.0.0.0/32935] INFO  codec.RepeatedOmKeyInfoCodec (RepeatedOmKeyInfoCodec.java:<init>(42)) - RepeatedOmKeyInfoCodec ignorePipeline = true
2022-01-06 13:29:47,046 [Listener at 0.0.0.0/32935] INFO  om.OzoneManager (OzoneManager.java:addS3GVolumeToDB(3728)) - Created Volume s3v With Owner runner required for S3Gateway operations.
2022-01-06 13:29:47,087 [Listener at 0.0.0.0/32935] WARN  server.ServerUtils (ServerUtils.java:getDefaultRatisDirectory(237)) - Storage directory for Ratis is not configured. It is a good idea to map this to an SSD disk. Falling back to ozone.metadata.dirs
2022-01-06 13:29:47,087 [Listener at 0.0.0.0/32935] WARN  utils.OzoneManagerRatisUtils (OzoneManagerRatisUtils.java:getOMRatisSnapshotDirectory(323)) - ozone.om.ratis.snapshot.dir is not configured. Falling back to ozone.metadata.dirs config
2022-01-06 13:29:47,107 [Listener at 0.0.0.0/32935] WARN  server.ServerUtils (ServerUtils.java:getDefaultRatisDirectory(237)) - Storage directory for Ratis is not configured. It is a good idea to map this to an SSD disk. Falling back to ozone.metadata.dirs
2022-01-06 13:29:47,146 [Listener at 0.0.0.0/32935] INFO  ratis.OzoneManagerRatisServer (OzoneManagerRatisServer.java:<init>(159)) - Instantiating OM Ratis server with groupID: omServiceIdDefault and peers: localhost:9872
2022-01-06 13:29:47,155 [Listener at 0.0.0.0/32935] INFO  ratis.OzoneManagerStateMachine (OzoneManagerStateMachine.java:loadSnapshotInfoFromDB(605)) - LastAppliedIndex is set from TransactionInfo from OM DB as (t:0, i:~)
2022-01-06 13:29:47,191 [Listener at 0.0.0.0/32935] INFO  server.RaftServer (ConfUtils.java:logGet(44)) - raft.rpc.type = GRPC (default)
2022-01-06 13:29:47,276 [Listener at 0.0.0.0/32935] INFO  grpc.GrpcFactory (GrpcFactory.java:checkPooledByteBufAllocatorUseCacheForAllThreads(48)) - PERFORMANCE WARNING: useCacheForAllThreads is true that may cause Netty to create a lot garbage objects and, as a result, trigger GC.
	It is recommended to disable useCacheForAllThreads by setting -Dorg.apache.ratis.thirdparty.io.netty.allocator.useCacheForAllThreads=false in command line.
2022-01-06 13:29:47,291 [Listener at 0.0.0.0/32935] INFO  grpc.GrpcConfigKeys (ConfUtils.java:logGet(44)) - raft.grpc.admin.port = -1 (default)
2022-01-06 13:29:47,291 [Listener at 0.0.0.0/32935] INFO  grpc.GrpcConfigKeys (ConfUtils.java:logGet(44)) - raft.grpc.server.port = 9872 (custom)
2022-01-06 13:29:47,292 [Listener at 0.0.0.0/32935] INFO  grpc.GrpcConfigKeys (ConfUtils.java:logGet(44)) - raft.grpc.client.port = -1 (default)
2022-01-06 13:29:47,292 [Listener at 0.0.0.0/32935] INFO  grpc.GrpcConfigKeys (ConfUtils.java:logGet(44)) - raft.grpc.server.port = 9872 (custom)
2022-01-06 13:29:47,292 [Listener at 0.0.0.0/32935] INFO  grpc.GrpcConfigKeys (ConfUtils.java:logGet(44)) - raft.grpc.server.port = 9872 (custom)
2022-01-06 13:29:47,293 [Listener at 0.0.0.0/32935] INFO  server.GrpcService (ConfUtils.java:logGet(44)) - raft.grpc.message.size.max = 33554432 (custom)
2022-01-06 13:29:47,297 [Listener at 0.0.0.0/32935] INFO  server.RaftServerConfigKeys (ConfUtils.java:logGet(44)) - raft.server.log.appender.buffer.byte-limit = 33554432 (custom)
2022-01-06 13:29:47,298 [Listener at 0.0.0.0/32935] INFO  server.GrpcService (ConfUtils.java:logGet(44)) - raft.grpc.flow.control.window = 1MB (=1048576) (default)
2022-01-06 13:29:47,299 [Listener at 0.0.0.0/32935] INFO  server.RaftServerConfigKeys (ConfUtils.java:logGet(44)) - raft.server.rpc.request.timeout = 3000ms (default)
2022-01-06 13:29:47,590 [Listener at 0.0.0.0/32935] INFO  impl.DataStreamServerImpl (ConfUtils.java:logGet(44)) - raft.datastream.type = DISABLED (default)
2022-01-06 13:29:47,592 [Listener at 0.0.0.0/32935] INFO  server.RaftServerConfigKeys (ConfUtils.java:logGet(44)) - raft.server.rpc.slowness.timeout = 120s (custom)
2022-01-06 13:29:47,592 [Listener at 0.0.0.0/32935] INFO  server.RaftServerConfigKeys (ConfUtils.java:logGet(44)) - raft.server.leaderelection.leader.step-down.wait-time = 10s (default)
2022-01-06 13:29:47,607 [Listener at 0.0.0.0/32935] INFO  server.RaftServerConfigKeys (ConfUtils.java:logGet(44)) - raft.server.storage.dir = [/home/runner/work/ozone/ozone/hadoop-ozone/integration-test/target/test-dir/MiniOzoneClusterImpl-1040910a-51cd-4ce1-8f2d-abd84b974e59/ozone-meta/ratis] (custom)
2022-01-06 13:29:47,613 [Listener at 0.0.0.0/32935] INFO  server.RaftServer (RaftServerProxy.java:addNew(95)) - om1: addNew group-C5BA1605619E:[om1|rpc:localhost:9872|priority:0] returns group-C5BA1605619E:java.util.concurrent.CompletableFuture@5b83545d[Not completed]
2022-01-06 13:29:47,614 [Listener at 0.0.0.0/32935] INFO  om.OzoneManager (OzoneManager.java:initializeRatisServer(1834)) - OzoneManager Ratis server initialized at port 9872
2022-01-06 13:29:47,644 [Listener at 0.0.0.0/32935] INFO  ipc.CallQueueManager (CallQueueManager.java:<init>(90)) - Using callQueue: class java.util.concurrent.LinkedBlockingQueue, queueCapacity: 2000, scheduler: class org.apache.hadoop.ipc.DefaultRpcScheduler, ipcBackoff: false.
2022-01-06 13:29:47,644 [pool-39-thread-1] INFO  server.RaftServer$Division (RaftServerImpl.java:<init>(184)) - om1: new RaftServerImpl for group-C5BA1605619E:[om1|rpc:localhost:9872|priority:0] with OzoneManagerStateMachine:uninitialized
2022-01-06 13:29:47,649 [Socket Reader #1 for port 0] INFO  ipc.Server (Server.java:run(1265)) - Starting Socket Reader #1 for port 0
2022-01-06 13:29:47,652 [pool-39-thread-1] INFO  server.RaftServerConfigKeys (ConfUtils.java:logGet(44)) - raft.server.rpc.timeout.min = 1s (custom)
2022-01-06 13:29:47,654 [pool-39-thread-1] INFO  server.RaftServerConfigKeys (ConfUtils.java:logGet(44)) - raft.server.rpc.timeout.max = 1200ms (custom)
2022-01-06 13:29:47,654 [pool-39-thread-1] INFO  server.RaftServerConfigKeys (ConfUtils.java:logGet(44)) - raft.server.rpc.sleep.time = 25ms (default)
2022-01-06 13:29:47,654 [pool-39-thread-1] INFO  server.RaftServerConfigKeys (ConfUtils.java:logGet(44)) - raft.server.rpc.slowness.timeout = 120s (custom)
2022-01-06 13:29:47,655 [pool-39-thread-1] INFO  server.RaftServerConfigKeys (ConfUtils.java:logGet(44)) - raft.server.leaderelection.leader.step-down.wait-time = 10s (default)
2022-01-06 13:29:47,655 [pool-39-thread-1] INFO  server.RaftServerConfigKeys (ConfUtils.java:logGet(44)) - raft.server.sleep.deviation.threshold = 300ms (default)
2022-01-06 13:29:47,662 [pool-39-thread-1] INFO  server.RaftServerConfigKeys (ConfUtils.java:logGet(44)) - raft.server.log.appender.install.snapshot.enabled = false (custom)
2022-01-06 13:29:47,667 [pool-39-thread-1] INFO  server.RaftServer$Division (ServerState.java:<init>(105)) - om1@group-C5BA1605619E: ConfigurationManager, init=-1: [om1|rpc:localhost:9872|priority:0], old=null, confs=<EMPTY_MAP>
2022-01-06 13:29:47,670 [pool-39-thread-1] INFO  server.RaftServerConfigKeys (ConfUtils.java:logGet(44)) - raft.server.storage.dir = [/home/runner/work/ozone/ozone/hadoop-ozone/integration-test/target/test-dir/MiniOzoneClusterImpl-1040910a-51cd-4ce1-8f2d-abd84b974e59/ozone-meta/ratis] (custom)
2022-01-06 13:29:47,680 [pool-39-thread-1] INFO  server.RaftServerConfigKeys (ConfUtils.java:logGet(44)) - raft.server.log.corruption.policy = EXCEPTION (default)
2022-01-06 13:29:47,680 [pool-39-thread-1] INFO  server.RaftServerConfigKeys (ConfUtils.java:logGet(44)) - raft.server.storage.free-space.min = 0MB (=0) (default)
2022-01-06 13:29:47,682 [pool-39-thread-1] INFO  storage.RaftStorageDirectory (RaftStorageDirectoryImpl.java:analyzeStorage(135)) - The storage directory /home/runner/work/ozone/ozone/hadoop-ozone/integration-test/target/test-dir/MiniOzoneClusterImpl-1040910a-51cd-4ce1-8f2d-abd84b974e59/ozone-meta/ratis/bf265839-605b-3f16-9796-c5ba1605619e does not exist. Creating ...
2022-01-06 13:29:47,692 [pool-39-thread-1] INFO  storage.RaftStorageDirectory (RaftStorageDirectoryImpl.java:tryLock(230)) - Lock on /home/runner/work/ozone/ozone/hadoop-ozone/integration-test/target/test-dir/MiniOzoneClusterImpl-1040910a-51cd-4ce1-8f2d-abd84b974e59/ozone-meta/ratis/bf265839-605b-3f16-9796-c5ba1605619e/in_use.lock acquired by nodename 24655@fv-az59-280
2022-01-06 13:29:47,698 [Listener at 127.0.0.1/36535] INFO  impl.MetricsSystemImpl (MetricsSystemImpl.java:init(158)) - OzoneManager metrics system started (again)
2022-01-06 13:29:47,698 [pool-39-thread-1] INFO  storage.RaftStorage (RaftStorageImpl.java:format(89)) - Storage directory /home/runner/work/ozone/ozone/hadoop-ozone/integration-test/target/test-dir/MiniOzoneClusterImpl-1040910a-51cd-4ce1-8f2d-abd84b974e59/ozone-meta/ratis/bf265839-605b-3f16-9796-c5ba1605619e has been successfully formatted.
2022-01-06 13:29:47,700 [pool-39-thread-1] INFO  server.RaftServerConfigKeys (ConfUtils.java:logGet(44)) - raft.server.notification.no-leader.timeout = 120s (custom)
2022-01-06 13:29:47,711 [pool-39-thread-1] INFO  server.RaftServerConfigKeys (ConfUtils.java:logGet(44)) - raft.server.log.use.memory = false (default)
2022-01-06 13:29:47,720 [pool-39-thread-1] INFO  server.RaftServerConfigKeys (ConfUtils.java:logGet(44)) - raft.server.log.purge.gap = 1000000 (custom)
2022-01-06 13:29:47,723 [pool-39-thread-1] INFO  server.RaftServerConfigKeys (ConfUtils.java:logGet(44)) - raft.server.log.appender.buffer.byte-limit = 33554432 (custom)
2022-01-06 13:29:47,726 [Listener at 127.0.0.1/36535] INFO  om.OzoneManager (OzoneManager.java:start(1365)) - OzoneManager RPC server is listening at localhost/127.0.0.1:36535
2022-01-06 13:29:47,726 [Listener at 127.0.0.1/36535] INFO  ratis.OzoneManagerRatisServer (OzoneManagerRatisServer.java:start(554)) - Starting OzoneManagerRatisServer om1 at port 9872
2022-01-06 13:29:47,737 [pool-39-thread-1] INFO  server.RaftServerConfigKeys (ConfUtils.java:logGet(44)) - raft.server.log.segment.size.max = 4194304 (custom)
2022-01-06 13:29:47,744 [pool-39-thread-1] INFO  server.RaftServerConfigKeys (ConfUtils.java:logGet(44)) - raft.server.log.segment.cache.num.max = 2 (custom)
2022-01-06 13:29:47,744 [pool-39-thread-1] INFO  server.RaftServerConfigKeys (ConfUtils.java:logGet(44)) - raft.server.log.segment.cache.size.max = 200MB (=209715200) (default)
2022-01-06 13:29:47,749 [pool-39-thread-1] INFO  segmented.SegmentedRaftLogWorker (SegmentedRaftLogWorker.java:<init>(182)) - new om1@group-C5BA1605619E-SegmentedRaftLogWorker for RaftStorageImpl:Storage Directory /home/runner/work/ozone/ozone/hadoop-ozone/integration-test/target/test-dir/MiniOzoneClusterImpl-1040910a-51cd-4ce1-8f2d-abd84b974e59/ozone-meta/ratis/bf265839-605b-3f16-9796-c5ba1605619e
2022-01-06 13:29:47,750 [pool-39-thread-1] INFO  server.RaftServerConfigKeys (ConfUtils.java:logGet(44)) - raft.server.log.queue.byte-limit = 64MB (=67108864) (default)
2022-01-06 13:29:47,750 [pool-39-thread-1] INFO  server.RaftServerConfigKeys (ConfUtils.java:logGet(44)) - raft.server.log.queue.element-limit = 4096 (default)
2022-01-06 13:29:47,751 [pool-39-thread-1] INFO  server.RaftServerConfigKeys (ConfUtils.java:logGet(44)) - raft.server.log.segment.size.max = 4194304 (custom)
2022-01-06 13:29:47,751 [pool-39-thread-1] INFO  server.RaftServerConfigKeys (ConfUtils.java:logGet(44)) - raft.server.log.preallocated.size = 4194304 (custom)
2022-01-06 13:29:47,752 [pool-39-thread-1] INFO  server.RaftServerConfigKeys (ConfUtils.java:logGet(44)) - raft.server.log.force.sync.num = 128 (default)
2022-01-06 13:29:47,753 [pool-39-thread-1] INFO  server.RaftServerConfigKeys (ConfUtils.java:logGet(44)) - raft.server.log.statemachine.data.sync = true (default)
2022-01-06 13:29:47,753 [pool-39-thread-1] INFO  server.RaftServerConfigKeys (ConfUtils.java:logGet(44)) - raft.server.log.statemachine.data.sync.timeout = 10s (default)
2022-01-06 13:29:47,754 [pool-39-thread-1] INFO  server.RaftServerConfigKeys (ConfUtils.java:logGet(44)) - raft.server.log.statemachine.data.sync.timeout.retry = -1 (default)
2022-01-06 13:29:47,761 [pool-39-thread-1] INFO  server.RaftServerConfigKeys (ConfUtils.java:logGet(44)) - raft.server.log.write.buffer.size = 64KB (=65536) (default)
2022-01-06 13:29:47,761 [pool-39-thread-1] INFO  server.RaftServerConfigKeys (ConfUtils.java:logGet(44)) - raft.server.log.statemachine.data.caching.enabled = false (default)
2022-01-06 13:29:47,767 [pool-39-thread-1] INFO  segmented.SegmentedRaftLogWorker (SegmentedRaftLogWorker.java:lambda$new$0(133)) - om1@group-C5BA1605619E-SegmentedRaftLogWorker: flushIndex: setUnconditionally 0 -> -1
2022-01-06 13:29:47,767 [pool-39-thread-1] INFO  segmented.SegmentedRaftLogWorker (SegmentedRaftLogWorker.java:lambda$new$0(133)) - om1@group-C5BA1605619E-SegmentedRaftLogWorker: safeCacheEvictIndex: setUnconditionally 0 -> -1
2022-01-06 13:29:47,773 [pool-39-thread-1] INFO  server.RaftServerConfigKeys (ConfUtils.java:logGet(44)) - raft.server.snapshot.auto.trigger.enabled = true (custom)
2022-01-06 13:29:47,774 [pool-39-thread-1] INFO  server.RaftServerConfigKeys (ConfUtils.java:logGet(44)) - raft.server.snapshot.auto.trigger.threshold = 400000 (default)
2022-01-06 13:29:47,775 [pool-39-thread-1] INFO  server.RaftServerConfigKeys (ConfUtils.java:logGet(44)) - raft.server.snapshot.retention.file.num = -1 (default)
2022-01-06 13:29:47,775 [pool-39-thread-1] INFO  server.RaftServerConfigKeys (ConfUtils.java:logGet(44)) - raft.server.log.purge.upto.snapshot.index = true (custom)
2022-01-06 13:29:47,776 [pool-39-thread-1] INFO  server.RaftServerConfigKeys (ConfUtils.java:logGet(44)) - raft.server.retrycache.expirytime = 300s (custom)
2022-01-06 13:29:47,777 [pool-39-thread-1] INFO  server.RaftServerConfigKeys (ConfUtils.java:logGet(44)) - raft.server.retrycache.statistics.expirytime = 100μs (default)
2022-01-06 13:29:47,813 [Listener at 127.0.0.1/36535] INFO  server.RaftServer$Division (RaftServerImpl.java:start(301)) - om1@group-C5BA1605619E: start as a follower, conf=-1: [om1|rpc:localhost:9872|priority:0], old=null
2022-01-06 13:29:47,814 [Listener at 127.0.0.1/36535] INFO  server.RaftServer$Division (RaftServerImpl.java:setRole(290)) - om1@group-C5BA1605619E: changes role from      null to FOLLOWER at term 0 for startAsFollower
2022-01-06 13:29:47,816 [Listener at 127.0.0.1/36535] INFO  impl.RoleInfo (RoleInfo.java:updateAndGet(130)) - om1: start om1@group-C5BA1605619E-FollowerState
2022-01-06 13:29:47,817 [Listener at 127.0.0.1/36535] INFO  util.JmxRegister (JmxRegister.java:tryRegister(44)) - Successfully registered JMX Bean with object name Ratis:service=RaftServer,group=group-C5BA1605619E,id=om1
2022-01-06 13:29:47,821 [Listener at 127.0.0.1/36535] INFO  server.RaftServer (RaftServerProxy.java:lambda$start$5(374)) - om1: start RPC server
2022-01-06 13:29:47,878 [Listener at 127.0.0.1/36535] INFO  server.GrpcService (GrpcService.java:startImpl(253)) - om1: GrpcService started, listening on 9872
2022-01-06 13:29:47,880 [org.apache.ratis.util.JvmPauseMonitor$$Lambda$539/55753935@70d3e710] INFO  util.JvmPauseMonitor (JvmPauseMonitor.java:run(103)) - JvmPauseMonitor-om1: Started
2022-01-06 13:29:47,880 [Listener at 127.0.0.1/36535] INFO  om.OzoneManager (OzoneManager.java:start(1381)) - Version File has different layout version (0) than OM DB (null). That is expected if this OM has never been finalized to a newer layout version.
2022-01-06 13:29:47,898 [Listener at 127.0.0.1/36535] INFO  http.BaseHttpServer (BaseHttpServer.java:newHttpServer2BuilderForOzone(209)) - Starting Web-server for ozoneManager at: http://0.0.0.0:0
2022-01-06 13:29:47,899 [Listener at 127.0.0.1/36535] INFO  http.BaseHttpServer (BaseHttpServer.java:<init>(107)) - Hadoop Security Enabled: false Ozone Security Enabled: false Ozone HTTP Security Enabled: false 
2022-01-06 13:29:47,900 [Listener at 127.0.0.1/36535] INFO  server.AuthenticationFilter (AuthenticationFilter.java:constructSecretProvider(240)) - Unable to initialize FileSignerSecretProvider, falling back to use random secrets.
2022-01-06 13:29:47,901 [Listener at 127.0.0.1/36535] WARN  http.HttpRequestLog (HttpRequestLog.java:getRequestLog(103)) - Jetty request log can only be enabled using Log4j
2022-01-06 13:29:47,902 [Listener at 127.0.0.1/36535] INFO  http.HttpServer2 (HttpServer2.java:addGlobalFilter(1030)) - Added global filter 'safety' (class=org.apache.hadoop.hdds.server.http.HttpServer2$QuotingInputFilter)
2022-01-06 13:29:47,904 [Listener at 127.0.0.1/36535] INFO  http.HttpServer2 (HttpServer2.java:addFilter(1006)) - Added filter static_user_filter (class=org.apache.hadoop.http.lib.StaticUserWebFilter$StaticUserFilter) to context ozoneManager
2022-01-06 13:29:47,904 [Listener at 127.0.0.1/36535] INFO  http.HttpServer2 (HttpServer2.java:addFilter(1014)) - Added filter static_user_filter (class=org.apache.hadoop.http.lib.StaticUserWebFilter$StaticUserFilter) to context logs
2022-01-06 13:29:47,904 [Listener at 127.0.0.1/36535] INFO  http.HttpServer2 (HttpServer2.java:addFilter(1014)) - Added filter static_user_filter (class=org.apache.hadoop.http.lib.StaticUserWebFilter$StaticUserFilter) to context static
2022-01-06 13:29:47,906 [Listener at 127.0.0.1/36535] INFO  http.HttpServer2 (HttpServer2.java:bindListener(1249)) - Jetty bound to port 41243
2022-01-06 13:29:47,906 [Listener at 127.0.0.1/36535] INFO  server.Server (Server.java:doStart(375)) - jetty-9.4.43.v20210629; built: 2021-06-30T11:07:22.254Z; git: 526006ecfa3af7f1a27ef3a288e2bef7ea9dd7e8; jvm 1.8.0_292-b10
2022-01-06 13:29:47,908 [Listener at 127.0.0.1/36535] INFO  server.session (DefaultSessionIdManager.java:doStart(334)) - DefaultSessionIdManager workerName=node0
2022-01-06 13:29:47,908 [Listener at 127.0.0.1/36535] INFO  server.session (DefaultSessionIdManager.java:doStart(339)) - No SessionScavenger set, using defaults
2022-01-06 13:29:47,908 [Listener at 127.0.0.1/36535] INFO  server.session (HouseKeeper.java:startScavenging(132)) - node0 Scavenging every 660000ms
2022-01-06 13:29:47,909 [Listener at 127.0.0.1/36535] INFO  handler.ContextHandler (ContextHandler.java:doStart(915)) - Started o.e.j.s.ServletContextHandler@57e273e0{logs,/logs,file:///home/runner/work/ozone/ozone/hadoop-ozone/integration-test/target/log,AVAILABLE}
2022-01-06 13:29:47,909 [Listener at 127.0.0.1/36535] INFO  handler.ContextHandler (ContextHandler.java:doStart(915)) - Started o.e.j.s.ServletContextHandler@1ed43328{static,/static,file:///home/runner/work/ozone/ozone/hadoop-ozone/integration-test/target/test-classes/webapps/static,AVAILABLE}
2022-01-06 13:29:47,913 [Listener at 127.0.0.1/36535] INFO  handler.ContextHandler (ContextHandler.java:doStart(915)) - Started o.e.j.w.WebAppContext@6dace32a{ozoneManager,/,file:///home/runner/work/ozone/ozone/hadoop-ozone/integration-test/target/test-classes/webapps/ozoneManager/,AVAILABLE}{file:/home/runner/work/ozone/ozone/hadoop-ozone/integration-test/target/test-classes/webapps/ozoneManager}
2022-01-06 13:29:47,914 [Listener at 127.0.0.1/36535] INFO  server.AbstractConnector (AbstractConnector.java:doStart(331)) - Started ServerConnector@510ee215{HTTP/1.1, (http/1.1)}{0.0.0.0:41243}
2022-01-06 13:29:47,915 [Listener at 127.0.0.1/36535] INFO  server.Server (Server.java:doStart(415)) - Started @5659ms
2022-01-06 13:29:47,915 [Listener at 127.0.0.1/36535] WARN  impl.MetricsSystemImpl (MetricsSystemImpl.java:register(279)) - Sink prometheus already exists!
2022-01-06 13:29:47,915 [Listener at 127.0.0.1/36535] INFO  http.BaseHttpServer (BaseHttpServer.java:updateConnectorAddress(329)) - HTTP server of ozoneManager listening at http://0.0.0.0:41243
2022-01-06 13:29:47,916 [IPC Server Responder] INFO  ipc.Server (Server.java:run(1507)) - IPC Server Responder: starting
2022-01-06 13:29:47,922 [IPC Server listener on 0] INFO  ipc.Server (Server.java:run(1344)) - IPC Server listener on 0: starting
2022-01-06 13:29:47,939 [Listener at 127.0.0.1/36535] INFO  om.OzoneManager (OzoneManager.java:startTrashEmptier(1792)) - Trash Interval set to 0. Files deleted will not move to trash
2022-01-06 13:29:47,953 [org.apache.hadoop.util.JvmPauseMonitor$Monitor@10009505] INFO  util.JvmPauseMonitor (JvmPauseMonitor.java:run(188)) - Starting JVM pause monitor
2022-01-06 13:29:48,084 [Listener at 127.0.0.1/36535] WARN  impl.MetricRegistriesImpl (MetricRegistriesImpl.java:addReporterRegistration(111)) - New reporters are added after registries were created. Some metrics will be missing from the reporter. Please add reporter before adding any new registry.
2022-01-06 13:29:48,084 [Listener at 127.0.0.1/36535] WARN  impl.MetricRegistriesImpl (MetricRegistriesImpl.java:addReporterRegistration(111)) - New reporters are added after registries were created. Some metrics will be missing from the reporter. Please add reporter before adding any new registry.
2022-01-06 13:29:48,085 [Listener at 127.0.0.1/36535] INFO  impl.MetricsSystemImpl (MetricsSystemImpl.java:init(158)) - HddsDatanode metrics system started (again)
2022-01-06 13:29:48,101 [Listener at 127.0.0.1/36535] INFO  ozone.HddsDatanodeService (HddsDatanodeService.java:start(234)) - HddsDatanodeService host:fv-az59-280.csjynl4pkq3e1pkirw3ssqjfoh.cx.internal.cloudapp.net ip:10.1.0.50
2022-01-06 13:29:48,127 [Listener at 127.0.0.1/36535] INFO  upgrade.AbstractLayoutVersionManager (AbstractLayoutVersionManager.java:init(79)) - Initializing Layout version manager with metadata layout = SCM_HA (version = 2), software layout = SCM_HA (version = 2)
2022-01-06 13:29:48,164 [Listener at 127.0.0.1/36535] INFO  reflections.Reflections (Reflections.java:scan(232)) - Reflections took 36 ms to scan 7 urls, producing 119 keys and 279 values 
2022-01-06 13:29:48,167 [Listener at 127.0.0.1/36535] INFO  statemachine.DatanodeStateMachine (DatanodeStateMachine.java:getEndPointTaskThreadPoolSize(219)) - Datanode State Machine Task Thread Pool size 2
2022-01-06 13:29:48,217 [Listener at 127.0.0.1/36535] INFO  volume.HddsVolume (HddsVolume.java:<init>(120)) - Creating HddsVolume: /home/runner/work/ozone/ozone/hadoop-ozone/integration-test/target/test-dir/MiniOzoneClusterImpl-1040910a-51cd-4ce1-8f2d-abd84b974e59/datanode-0/data-0/containers/hdds of storage type : DISK capacity : 9223372036854775807
2022-01-06 13:29:48,219 [Listener at 127.0.0.1/36535] INFO  volume.MutableVolumeSet (MutableVolumeSet.java:initializeVolumeSet(168)) - Added Volume : /home/runner/work/ozone/ozone/hadoop-ozone/integration-test/target/test-dir/MiniOzoneClusterImpl-1040910a-51cd-4ce1-8f2d-abd84b974e59/datanode-0/data-0/containers/hdds to VolumeSet
2022-01-06 13:29:48,220 [Listener at 127.0.0.1/36535] INFO  volume.ThrottledAsyncChecker (ThrottledAsyncChecker.java:schedule(141)) - Scheduling a check for /home/runner/work/ozone/ozone/hadoop-ozone/integration-test/target/test-dir/MiniOzoneClusterImpl-1040910a-51cd-4ce1-8f2d-abd84b974e59/datanode-0/data-0/containers/hdds
2022-01-06 13:29:48,242 [Listener at 127.0.0.1/36535] INFO  volume.StorageVolumeChecker (StorageVolumeChecker.java:checkAllVolumes(202)) - Scheduled health check for volume /home/runner/work/ozone/ozone/hadoop-ozone/integration-test/target/test-dir/MiniOzoneClusterImpl-1040910a-51cd-4ce1-8f2d-abd84b974e59/datanode-0/data-0/containers/hdds
2022-01-06 13:29:48,260 [Listener at 127.0.0.1/36535] INFO  volume.MutableVolumeSet (MutableVolumeSet.java:initializeVolumeSet(168)) - Added Volume : /home/runner/work/ozone/ozone/hadoop-ozone/integration-test/target/test-dir/MiniOzoneClusterImpl-1040910a-51cd-4ce1-8f2d-abd84b974e59/datanode-0/data/ratis to VolumeSet
2022-01-06 13:29:48,260 [Listener at 127.0.0.1/36535] INFO  volume.ThrottledAsyncChecker (ThrottledAsyncChecker.java:schedule(141)) - Scheduling a check for /home/runner/work/ozone/ozone/hadoop-ozone/integration-test/target/test-dir/MiniOzoneClusterImpl-1040910a-51cd-4ce1-8f2d-abd84b974e59/datanode-0/data/ratis
2022-01-06 13:29:48,260 [Listener at 127.0.0.1/36535] INFO  volume.StorageVolumeChecker (StorageVolumeChecker.java:checkAllVolumes(202)) - Scheduled health check for volume /home/runner/work/ozone/ozone/hadoop-ozone/integration-test/target/test-dir/MiniOzoneClusterImpl-1040910a-51cd-4ce1-8f2d-abd84b974e59/datanode-0/data/ratis
2022-01-06 13:29:48,276 [Thread-129] INFO  ozoneimpl.ContainerReader (ContainerReader.java:readVolume(172)) - Finish verifying containers on volume /home/runner/work/ozone/ozone/hadoop-ozone/integration-test/target/test-dir/MiniOzoneClusterImpl-1040910a-51cd-4ce1-8f2d-abd84b974e59/datanode-0/data-0/containers/hdds
2022-01-06 13:29:48,276 [Listener at 127.0.0.1/36535] INFO  ozoneimpl.OzoneContainer (OzoneContainer.java:buildContainerSet(237)) - Build ContainerSet costs 0s
2022-01-06 13:29:48,338 [Listener at 127.0.0.1/36535] INFO  server.RaftServer (ConfUtils.java:logGet(44)) - raft.rpc.type = GRPC (default)
2022-01-06 13:29:48,339 [Listener at 127.0.0.1/36535] INFO  grpc.GrpcFactory (GrpcFactory.java:checkPooledByteBufAllocatorUseCacheForAllThreads(48)) - PERFORMANCE WARNING: useCacheForAllThreads is true that may cause Netty to create a lot garbage objects and, as a result, trigger GC.
	It is recommended to disable useCacheForAllThreads by setting -Dorg.apache.ratis.thirdparty.io.netty.allocator.useCacheForAllThreads=false in command line.
2022-01-06 13:29:48,339 [Listener at 127.0.0.1/36535] INFO  grpc.GrpcConfigKeys (ConfUtils.java:logGet(44)) - raft.grpc.admin.port = 0 (custom)
2022-01-06 13:29:48,339 [Listener at 127.0.0.1/36535] INFO  grpc.GrpcConfigKeys (ConfUtils.java:logGet(44)) - raft.grpc.client.port = 0 (custom)
2022-01-06 13:29:48,339 [Listener at 127.0.0.1/36535] INFO  grpc.GrpcConfigKeys (ConfUtils.java:logGet(44)) - raft.grpc.server.port = 0 (default)
2022-01-06 13:29:48,339 [Listener at 127.0.0.1/36535] INFO  server.GrpcService (ConfUtils.java:logGet(44)) - raft.grpc.message.size.max = 32MB (=33554432) (custom)
2022-01-06 13:29:48,340 [Listener at 127.0.0.1/36535] INFO  server.RaftServerConfigKeys (ConfUtils.java:logGet(44)) - raft.server.log.appender.buffer.byte-limit = 33554432 (custom)
2022-01-06 13:29:48,340 [Listener at 127.0.0.1/36535] INFO  server.GrpcService (ConfUtils.java:logGet(44)) - raft.grpc.flow.control.window = 5MB (=5242880) (custom)
2022-01-06 13:29:48,340 [Listener at 127.0.0.1/36535] INFO  server.RaftServerConfigKeys (ConfUtils.java:logGet(44)) - raft.server.rpc.request.timeout = 3000ms (default)
2022-01-06 13:29:48,342 [Listener at 127.0.0.1/36535] INFO  impl.DataStreamServerImpl (ConfUtils.java:logGet(44)) - raft.datastream.type = DISABLED (default)
2022-01-06 13:29:48,342 [Listener at 127.0.0.1/36535] INFO  server.RaftServerConfigKeys (ConfUtils.java:logGet(44)) - raft.server.rpc.slowness.timeout = 300000ms (custom)
2022-01-06 13:29:48,342 [Listener at 127.0.0.1/36535] INFO  server.RaftServerConfigKeys (ConfUtils.java:logGet(44)) - raft.server.leaderelection.leader.step-down.wait-time = 10s (default)
2022-01-06 13:29:48,343 [Listener at 127.0.0.1/36535] INFO  server.RaftServerConfigKeys (ConfUtils.java:logGet(44)) - raft.server.storage.dir = [/home/runner/work/ozone/ozone/hadoop-ozone/integration-test/target/test-dir/MiniOzoneClusterImpl-1040910a-51cd-4ce1-8f2d-abd84b974e59/datanode-0/data/ratis] (custom)
2022-01-06 13:29:48,360 [Listener at 127.0.0.1/36535] INFO  server.XceiverServerGrpc (XceiverServerGrpc.java:<init>(132)) - GrpcServer channel type EpollServerSocketChannel
2022-01-06 13:29:48,408 [Listener at 127.0.0.1/36535] INFO  http.BaseHttpServer (BaseHttpServer.java:newHttpServer2BuilderForOzone(209)) - Starting Web-server for hddsDatanode at: http://0.0.0.0:0
2022-01-06 13:29:48,408 [Listener at 127.0.0.1/36535] INFO  http.BaseHttpServer (BaseHttpServer.java:<init>(107)) - Hadoop Security Enabled: false Ozone Security Enabled: false Ozone HTTP Security Enabled: false 
2022-01-06 13:29:48,410 [Listener at 127.0.0.1/36535] INFO  server.AuthenticationFilter (AuthenticationFilter.java:constructSecretProvider(240)) - Unable to initialize FileSignerSecretProvider, falling back to use random secrets.
2022-01-06 13:29:48,411 [Listener at 127.0.0.1/36535] WARN  http.HttpRequestLog (HttpRequestLog.java:getRequestLog(103)) - Jetty request log can only be enabled using Log4j
2022-01-06 13:29:48,412 [Listener at 127.0.0.1/36535] INFO  http.HttpServer2 (HttpServer2.java:addGlobalFilter(1030)) - Added global filter 'safety' (class=org.apache.hadoop.hdds.server.http.HttpServer2$QuotingInputFilter)
2022-01-06 13:29:48,413 [Listener at 127.0.0.1/36535] INFO  http.HttpServer2 (HttpServer2.java:addFilter(1006)) - Added filter static_user_filter (class=org.apache.hadoop.http.lib.StaticUserWebFilter$StaticUserFilter) to context hddsDatanode
2022-01-06 13:29:48,413 [Listener at 127.0.0.1/36535] INFO  http.HttpServer2 (HttpServer2.java:addFilter(1014)) - Added filter static_user_filter (class=org.apache.hadoop.http.lib.StaticUserWebFilter$StaticUserFilter) to context static
2022-01-06 13:29:48,413 [Listener at 127.0.0.1/36535] INFO  http.HttpServer2 (HttpServer2.java:addFilter(1014)) - Added filter static_user_filter (class=org.apache.hadoop.http.lib.StaticUserWebFilter$StaticUserFilter) to context logs
2022-01-06 13:29:48,414 [Listener at 127.0.0.1/36535] INFO  http.HttpServer2 (HttpServer2.java:bindListener(1249)) - Jetty bound to port 35049
2022-01-06 13:29:48,414 [Listener at 127.0.0.1/36535] INFO  server.Server (Server.java:doStart(375)) - jetty-9.4.43.v20210629; built: 2021-06-30T11:07:22.254Z; git: 526006ecfa3af7f1a27ef3a288e2bef7ea9dd7e8; jvm 1.8.0_292-b10
2022-01-06 13:29:48,418 [Listener at 127.0.0.1/36535] INFO  server.session (DefaultSessionIdManager.java:doStart(334)) - DefaultSessionIdManager workerName=node0
2022-01-06 13:29:48,418 [Listener at 127.0.0.1/36535] INFO  server.session (DefaultSessionIdManager.java:doStart(339)) - No SessionScavenger set, using defaults
2022-01-06 13:29:48,419 [Listener at 127.0.0.1/36535] INFO  server.session (HouseKeeper.java:startScavenging(132)) - node0 Scavenging every 600000ms
2022-01-06 13:29:48,420 [Listener at 127.0.0.1/36535] INFO  handler.ContextHandler (ContextHandler.java:doStart(915)) - Started o.e.j.s.ServletContextHandler@2b728f15{logs,/logs,file:///home/runner/work/ozone/ozone/hadoop-ozone/integration-test/target/log,AVAILABLE}
2022-01-06 13:29:48,420 [Listener at 127.0.0.1/36535] INFO  handler.ContextHandler (ContextHandler.java:doStart(915)) - Started o.e.j.s.ServletContextHandler@605000d4{static,/static,jar:file:/home/runner/.m2/repository/org/apache/ozone/hdds-container-service/1.3.0-SNAPSHOT/hdds-container-service-1.3.0-SNAPSHOT.jar!/webapps/static,AVAILABLE}
2022-01-06 13:29:48,479 [Listener at 127.0.0.1/36535] INFO  handler.ContextHandler (ContextHandler.java:doStart(915)) - Started o.e.j.w.WebAppContext@1b6bb1bd{hddsDatanode,/,file:///tmp/jetty-0_0_0_0-35049-hdds-container-service-1_3_0-SNAPSHOT_jar-_-any-444877611074438234/webapp/,AVAILABLE}{jar:file:/home/runner/.m2/repository/org/apache/ozone/hdds-container-service/1.3.0-SNAPSHOT/hdds-container-service-1.3.0-SNAPSHOT.jar!/webapps/hddsDatanode}
2022-01-06 13:29:48,481 [Listener at 127.0.0.1/36535] INFO  server.AbstractConnector (AbstractConnector.java:doStart(331)) - Started ServerConnector@7da48c4c{HTTP/1.1, (http/1.1)}{0.0.0.0:35049}
2022-01-06 13:29:48,482 [Listener at 127.0.0.1/36535] INFO  server.Server (Server.java:doStart(415)) - Started @6226ms
2022-01-06 13:29:48,482 [Listener at 127.0.0.1/36535] WARN  impl.MetricsSystemImpl (MetricsSystemImpl.java:register(279)) - Sink prometheus already exists!
2022-01-06 13:29:48,483 [Listener at 127.0.0.1/36535] INFO  http.BaseHttpServer (BaseHttpServer.java:updateConnectorAddress(329)) - HTTP server of hddsDatanode listening at http://0.0.0.0:35049
2022-01-06 13:29:48,484 [Listener at 127.0.0.1/36535] WARN  impl.MetricRegistriesImpl (MetricRegistriesImpl.java:addReporterRegistration(111)) - New reporters are added after registries were created. Some metrics will be missing from the reporter. Please add reporter before adding any new registry.
2022-01-06 13:29:48,484 [Listener at 127.0.0.1/36535] WARN  impl.MetricRegistriesImpl (MetricRegistriesImpl.java:addReporterRegistration(111)) - New reporters are added after registries were created. Some metrics will be missing from the reporter. Please add reporter before adding any new registry.
2022-01-06 13:29:48,484 [Listener at 127.0.0.1/36535] INFO  impl.MetricsSystemImpl (MetricsSystemImpl.java:init(158)) - HddsDatanode metrics system started (again)
2022-01-06 13:29:48,494 [Datanode State Machine Daemon Thread] INFO  statemachine.DatanodeStateMachine (DatanodeStateMachine.java:lambda$startDaemon$0(467)) - Ozone container server started.
2022-01-06 13:29:48,506 [org.apache.hadoop.util.JvmPauseMonitor$Monitor@39302222] INFO  util.JvmPauseMonitor (JvmPauseMonitor.java:run(188)) - Starting JVM pause monitor
2022-01-06 13:29:48,513 [Listener at 127.0.0.1/36535] INFO  ozone.HddsDatanodeService (HddsDatanodeService.java:start(234)) - HddsDatanodeService host:fv-az59-280.csjynl4pkq3e1pkirw3ssqjfoh.cx.internal.cloudapp.net ip:10.1.0.50
2022-01-06 13:29:48,538 [Listener at 127.0.0.1/36535] INFO  upgrade.AbstractLayoutVersionManager (AbstractLayoutVersionManager.java:init(79)) - Initializing Layout version manager with metadata layout = SCM_HA (version = 2), software layout = SCM_HA (version = 2)
2022-01-06 13:29:48,655 [Listener at 127.0.0.1/36535] INFO  reflections.Reflections (Reflections.java:scan(232)) - Reflections took 114 ms to scan 7 urls, producing 119 keys and 279 values 
2022-01-06 13:29:48,663 [Listener at 127.0.0.1/36535] INFO  statemachine.DatanodeStateMachine (DatanodeStateMachine.java:getEndPointTaskThreadPoolSize(219)) - Datanode State Machine Task Thread Pool size 2
2022-01-06 13:29:48,669 [Listener at 127.0.0.1/36535] INFO  volume.HddsVolume (HddsVolume.java:<init>(120)) - Creating HddsVolume: /home/runner/work/ozone/ozone/hadoop-ozone/integration-test/target/test-dir/MiniOzoneClusterImpl-1040910a-51cd-4ce1-8f2d-abd84b974e59/datanode-1/data-0/containers/hdds of storage type : DISK capacity : 9223372036854775807
2022-01-06 13:29:48,670 [Listener at 127.0.0.1/36535] INFO  volume.MutableVolumeSet (MutableVolumeSet.java:initializeVolumeSet(168)) - Added Volume : /home/runner/work/ozone/ozone/hadoop-ozone/integration-test/target/test-dir/MiniOzoneClusterImpl-1040910a-51cd-4ce1-8f2d-abd84b974e59/datanode-1/data-0/containers/hdds to VolumeSet
2022-01-06 13:29:48,671 [Listener at 127.0.0.1/36535] INFO  volume.ThrottledAsyncChecker (ThrottledAsyncChecker.java:schedule(141)) - Scheduling a check for /home/runner/work/ozone/ozone/hadoop-ozone/integration-test/target/test-dir/MiniOzoneClusterImpl-1040910a-51cd-4ce1-8f2d-abd84b974e59/datanode-1/data-0/containers/hdds
2022-01-06 13:29:48,674 [Listener at 127.0.0.1/36535] INFO  volume.StorageVolumeChecker (StorageVolumeChecker.java:checkAllVolumes(202)) - Scheduled health check for volume /home/runner/work/ozone/ozone/hadoop-ozone/integration-test/target/test-dir/MiniOzoneClusterImpl-1040910a-51cd-4ce1-8f2d-abd84b974e59/datanode-1/data-0/containers/hdds
2022-01-06 13:29:48,693 [Listener at 127.0.0.1/36535] INFO  volume.MutableVolumeSet (MutableVolumeSet.java:initializeVolumeSet(168)) - Added Volume : /home/runner/work/ozone/ozone/hadoop-ozone/integration-test/target/test-dir/MiniOzoneClusterImpl-1040910a-51cd-4ce1-8f2d-abd84b974e59/datanode-1/data/ratis to VolumeSet
2022-01-06 13:29:48,693 [Listener at 127.0.0.1/36535] INFO  volume.ThrottledAsyncChecker (ThrottledAsyncChecker.java:schedule(141)) - Scheduling a check for /home/runner/work/ozone/ozone/hadoop-ozone/integration-test/target/test-dir/MiniOzoneClusterImpl-1040910a-51cd-4ce1-8f2d-abd84b974e59/datanode-1/data/ratis
2022-01-06 13:29:48,693 [Listener at 127.0.0.1/36535] INFO  volume.StorageVolumeChecker (StorageVolumeChecker.java:checkAllVolumes(202)) - Scheduled health check for volume /home/runner/work/ozone/ozone/hadoop-ozone/integration-test/target/test-dir/MiniOzoneClusterImpl-1040910a-51cd-4ce1-8f2d-abd84b974e59/datanode-1/data/ratis
2022-01-06 13:29:48,723 [Thread-141] INFO  ozoneimpl.ContainerReader (ContainerReader.java:readVolume(172)) - Finish verifying containers on volume /home/runner/work/ozone/ozone/hadoop-ozone/integration-test/target/test-dir/MiniOzoneClusterImpl-1040910a-51cd-4ce1-8f2d-abd84b974e59/datanode-1/data-0/containers/hdds
2022-01-06 13:29:48,723 [Listener at 127.0.0.1/36535] INFO  ozoneimpl.OzoneContainer (OzoneContainer.java:buildContainerSet(237)) - Build ContainerSet costs 0s
2022-01-06 13:29:48,727 [Listener at 127.0.0.1/36535] INFO  server.RaftServer (ConfUtils.java:logGet(44)) - raft.rpc.type = GRPC (default)
2022-01-06 13:29:48,727 [Listener at 127.0.0.1/36535] INFO  grpc.GrpcFactory (GrpcFactory.java:checkPooledByteBufAllocatorUseCacheForAllThreads(48)) - PERFORMANCE WARNING: useCacheForAllThreads is true that may cause Netty to create a lot garbage objects and, as a result, trigger GC.
	It is recommended to disable useCacheForAllThreads by setting -Dorg.apache.ratis.thirdparty.io.netty.allocator.useCacheForAllThreads=false in command line.
2022-01-06 13:29:48,727 [Listener at 127.0.0.1/36535] INFO  grpc.GrpcConfigKeys (ConfUtils.java:logGet(44)) - raft.grpc.admin.port = 0 (custom)
2022-01-06 13:29:48,727 [Listener at 127.0.0.1/36535] INFO  grpc.GrpcConfigKeys (ConfUtils.java:logGet(44)) - raft.grpc.client.port = 0 (custom)
2022-01-06 13:29:48,727 [Listener at 127.0.0.1/36535] INFO  grpc.GrpcConfigKeys (ConfUtils.java:logGet(44)) - raft.grpc.server.port = 0 (default)
2022-01-06 13:29:48,727 [Listener at 127.0.0.1/36535] INFO  server.GrpcService (ConfUtils.java:logGet(44)) - raft.grpc.message.size.max = 32MB (=33554432) (custom)
2022-01-06 13:29:48,730 [Listener at 127.0.0.1/36535] INFO  server.RaftServerConfigKeys (ConfUtils.java:logGet(44)) - raft.server.log.appender.buffer.byte-limit = 33554432 (custom)
2022-01-06 13:29:48,731 [Listener at 127.0.0.1/36535] INFO  server.GrpcService (ConfUtils.java:logGet(44)) - raft.grpc.flow.control.window = 5MB (=5242880) (custom)
2022-01-06 13:29:48,731 [Listener at 127.0.0.1/36535] INFO  server.RaftServerConfigKeys (ConfUtils.java:logGet(44)) - raft.server.rpc.request.timeout = 3000ms (default)
2022-01-06 13:29:48,732 [Listener at 127.0.0.1/36535] INFO  impl.DataStreamServerImpl (ConfUtils.java:logGet(44)) - raft.datastream.type = DISABLED (default)
2022-01-06 13:29:48,732 [Listener at 127.0.0.1/36535] INFO  server.RaftServerConfigKeys (ConfUtils.java:logGet(44)) - raft.server.rpc.slowness.timeout = 300000ms (custom)
2022-01-06 13:29:48,732 [Listener at 127.0.0.1/36535] INFO  server.RaftServerConfigKeys (ConfUtils.java:logGet(44)) - raft.server.leaderelection.leader.step-down.wait-time = 10s (default)
2022-01-06 13:29:48,732 [Listener at 127.0.0.1/36535] INFO  server.RaftServerConfigKeys (ConfUtils.java:logGet(44)) - raft.server.storage.dir = [/home/runner/work/ozone/ozone/hadoop-ozone/integration-test/target/test-dir/MiniOzoneClusterImpl-1040910a-51cd-4ce1-8f2d-abd84b974e59/datanode-1/data/ratis] (custom)
2022-01-06 13:29:48,730 [Datanode State Machine Task Thread - 0] INFO  datanode.InitDatanodeState (InitDatanodeState.java:persistContainerDatanodeDetails(145)) - DatanodeDetails is persisted to /home/runner/work/ozone/ozone/hadoop-ozone/integration-test/target/test-dir/MiniOzoneClusterImpl-1040910a-51cd-4ce1-8f2d-abd84b974e59/datanode-0/meta/datanode.id
2022-01-06 13:29:48,734 [Listener at 127.0.0.1/36535] INFO  server.XceiverServerGrpc (XceiverServerGrpc.java:<init>(132)) - GrpcServer channel type EpollServerSocketChannel
2022-01-06 13:29:48,737 [Listener at 127.0.0.1/36535] INFO  http.BaseHttpServer (BaseHttpServer.java:newHttpServer2BuilderForOzone(209)) - Starting Web-server for hddsDatanode at: http://0.0.0.0:0
2022-01-06 13:29:48,737 [Listener at 127.0.0.1/36535] INFO  http.BaseHttpServer (BaseHttpServer.java:<init>(107)) - Hadoop Security Enabled: false Ozone Security Enabled: false Ozone HTTP Security Enabled: false 
2022-01-06 13:29:48,739 [Listener at 127.0.0.1/36535] INFO  server.AuthenticationFilter (AuthenticationFilter.java:constructSecretProvider(240)) - Unable to initialize FileSignerSecretProvider, falling back to use random secrets.
2022-01-06 13:29:48,742 [Listener at 127.0.0.1/36535] WARN  http.HttpRequestLog (HttpRequestLog.java:getRequestLog(103)) - Jetty request log can only be enabled using Log4j
2022-01-06 13:29:48,743 [Listener at 127.0.0.1/36535] INFO  http.HttpServer2 (HttpServer2.java:addGlobalFilter(1030)) - Added global filter 'safety' (class=org.apache.hadoop.hdds.server.http.HttpServer2$QuotingInputFilter)
2022-01-06 13:29:48,744 [Listener at 127.0.0.1/36535] INFO  http.HttpServer2 (HttpServer2.java:addFilter(1006)) - Added filter static_user_filter (class=org.apache.hadoop.http.lib.StaticUserWebFilter$StaticUserFilter) to context hddsDatanode
2022-01-06 13:29:48,744 [Listener at 127.0.0.1/36535] INFO  http.HttpServer2 (HttpServer2.java:addFilter(1014)) - Added filter static_user_filter (class=org.apache.hadoop.http.lib.StaticUserWebFilter$StaticUserFilter) to context static
2022-01-06 13:29:48,744 [Listener at 127.0.0.1/36535] INFO  http.HttpServer2 (HttpServer2.java:addFilter(1014)) - Added filter static_user_filter (class=org.apache.hadoop.http.lib.StaticUserWebFilter$StaticUserFilter) to context logs
2022-01-06 13:29:48,745 [Listener at 127.0.0.1/36535] INFO  http.HttpServer2 (HttpServer2.java:bindListener(1249)) - Jetty bound to port 46149
2022-01-06 13:29:48,745 [Listener at 127.0.0.1/36535] INFO  server.Server (Server.java:doStart(375)) - jetty-9.4.43.v20210629; built: 2021-06-30T11:07:22.254Z; git: 526006ecfa3af7f1a27ef3a288e2bef7ea9dd7e8; jvm 1.8.0_292-b10
2022-01-06 13:29:48,747 [Listener at 127.0.0.1/36535] INFO  server.session (DefaultSessionIdManager.java:doStart(334)) - DefaultSessionIdManager workerName=node0
2022-01-06 13:29:48,747 [Listener at 127.0.0.1/36535] INFO  server.session (DefaultSessionIdManager.java:doStart(339)) - No SessionScavenger set, using defaults
2022-01-06 13:29:48,747 [Listener at 127.0.0.1/36535] INFO  server.session (HouseKeeper.java:startScavenging(132)) - node0 Scavenging every 600000ms
2022-01-06 13:29:48,748 [Listener at 127.0.0.1/36535] INFO  handler.ContextHandler (ContextHandler.java:doStart(915)) - Started o.e.j.s.ServletContextHandler@10eddc8b{logs,/logs,file:///home/runner/work/ozone/ozone/hadoop-ozone/integration-test/target/log,AVAILABLE}
2022-01-06 13:29:48,748 [Listener at 127.0.0.1/36535] INFO  handler.ContextHandler (ContextHandler.java:doStart(915)) - Started o.e.j.s.ServletContextHandler@50c253b6{static,/static,jar:file:/home/runner/.m2/repository/org/apache/ozone/hdds-container-service/1.3.0-SNAPSHOT/hdds-container-service-1.3.0-SNAPSHOT.jar!/webapps/static,AVAILABLE}
2022-01-06 13:29:48,789 [Listener at 127.0.0.1/36535] INFO  handler.ContextHandler (ContextHandler.java:doStart(915)) - Started o.e.j.w.WebAppContext@58ea2bc2{hddsDatanode,/,file:///tmp/jetty-0_0_0_0-46149-hdds-container-service-1_3_0-SNAPSHOT_jar-_-any-8547270698081260182/webapp/,AVAILABLE}{jar:file:/home/runner/.m2/repository/org/apache/ozone/hdds-container-service/1.3.0-SNAPSHOT/hdds-container-service-1.3.0-SNAPSHOT.jar!/webapps/hddsDatanode}
2022-01-06 13:29:48,790 [Listener at 127.0.0.1/36535] INFO  server.AbstractConnector (AbstractConnector.java:doStart(331)) - Started ServerConnector@4d97c12c{HTTP/1.1, (http/1.1)}{0.0.0.0:46149}
2022-01-06 13:29:48,790 [Listener at 127.0.0.1/36535] INFO  server.Server (Server.java:doStart(415)) - Started @6534ms
2022-01-06 13:29:48,790 [Listener at 127.0.0.1/36535] WARN  impl.MetricsSystemImpl (MetricsSystemImpl.java:register(279)) - Sink prometheus already exists!
2022-01-06 13:29:48,791 [Listener at 127.0.0.1/36535] INFO  http.BaseHttpServer (BaseHttpServer.java:updateConnectorAddress(329)) - HTTP server of hddsDatanode listening at http://0.0.0.0:46149
2022-01-06 13:29:48,791 [Datanode State Machine Daemon Thread] INFO  statemachine.DatanodeStateMachine (DatanodeStateMachine.java:lambda$startDaemon$0(467)) - Ozone container server started.
2022-01-06 13:29:48,791 [Listener at 127.0.0.1/36535] WARN  impl.MetricRegistriesImpl (MetricRegistriesImpl.java:addReporterRegistration(111)) - New reporters are added after registries were created. Some metrics will be missing from the reporter. Please add reporter before adding any new registry.
2022-01-06 13:29:48,795 [Listener at 127.0.0.1/36535] WARN  impl.MetricRegistriesImpl (MetricRegistriesImpl.java:addReporterRegistration(111)) - New reporters are added after registries were created. Some metrics will be missing from the reporter. Please add reporter before adding any new registry.
2022-01-06 13:29:48,798 [org.apache.hadoop.util.JvmPauseMonitor$Monitor@1af117f] INFO  util.JvmPauseMonitor (JvmPauseMonitor.java:run(188)) - Starting JVM pause monitor
2022-01-06 13:29:48,806 [Listener at 127.0.0.1/36535] INFO  impl.MetricsSystemImpl (MetricsSystemImpl.java:init(158)) - HddsDatanode metrics system started (again)
2022-01-06 13:29:48,827 [Datanode State Machine Task Thread - 0] INFO  datanode.InitDatanodeState (InitDatanodeState.java:persistContainerDatanodeDetails(145)) - DatanodeDetails is persisted to /home/runner/work/ozone/ozone/hadoop-ozone/integration-test/target/test-dir/MiniOzoneClusterImpl-1040910a-51cd-4ce1-8f2d-abd84b974e59/datanode-1/meta/datanode.id
2022-01-06 13:29:48,832 [Listener at 127.0.0.1/36535] INFO  ozone.HddsDatanodeService (HddsDatanodeService.java:start(234)) - HddsDatanodeService host:fv-az59-280.csjynl4pkq3e1pkirw3ssqjfoh.cx.internal.cloudapp.net ip:10.1.0.50
2022-01-06 13:29:48,857 [Listener at 127.0.0.1/36535] INFO  upgrade.AbstractLayoutVersionManager (AbstractLayoutVersionManager.java:init(79)) - Initializing Layout version manager with metadata layout = SCM_HA (version = 2), software layout = SCM_HA (version = 2)
2022-01-06 13:29:48,898 [Listener at 127.0.0.1/36535] INFO  reflections.Reflections (Reflections.java:scan(232)) - Reflections took 40 ms to scan 7 urls, producing 119 keys and 279 values 
2022-01-06 13:29:48,899 [Listener at 127.0.0.1/36535] INFO  statemachine.DatanodeStateMachine (DatanodeStateMachine.java:getEndPointTaskThreadPoolSize(219)) - Datanode State Machine Task Thread Pool size 2
2022-01-06 13:29:48,902 [Listener at 127.0.0.1/36535] INFO  volume.HddsVolume (HddsVolume.java:<init>(120)) - Creating HddsVolume: /home/runner/work/ozone/ozone/hadoop-ozone/integration-test/target/test-dir/MiniOzoneClusterImpl-1040910a-51cd-4ce1-8f2d-abd84b974e59/datanode-2/data-0/containers/hdds of storage type : DISK capacity : 9223372036854775807
2022-01-06 13:29:48,903 [Listener at 127.0.0.1/36535] INFO  volume.MutableVolumeSet (MutableVolumeSet.java:initializeVolumeSet(168)) - Added Volume : /home/runner/work/ozone/ozone/hadoop-ozone/integration-test/target/test-dir/MiniOzoneClusterImpl-1040910a-51cd-4ce1-8f2d-abd84b974e59/datanode-2/data-0/containers/hdds to VolumeSet
2022-01-06 13:29:48,903 [Listener at 127.0.0.1/36535] INFO  volume.ThrottledAsyncChecker (ThrottledAsyncChecker.java:schedule(141)) - Scheduling a check for /home/runner/work/ozone/ozone/hadoop-ozone/integration-test/target/test-dir/MiniOzoneClusterImpl-1040910a-51cd-4ce1-8f2d-abd84b974e59/datanode-2/data-0/containers/hdds
2022-01-06 13:29:48,906 [Listener at 127.0.0.1/36535] INFO  volume.StorageVolumeChecker (StorageVolumeChecker.java:checkAllVolumes(202)) - Scheduled health check for volume /home/runner/work/ozone/ozone/hadoop-ozone/integration-test/target/test-dir/MiniOzoneClusterImpl-1040910a-51cd-4ce1-8f2d-abd84b974e59/datanode-2/data-0/containers/hdds
2022-01-06 13:29:48,919 [Listener at 127.0.0.1/36535] INFO  volume.MutableVolumeSet (MutableVolumeSet.java:initializeVolumeSet(168)) - Added Volume : /home/runner/work/ozone/ozone/hadoop-ozone/integration-test/target/test-dir/MiniOzoneClusterImpl-1040910a-51cd-4ce1-8f2d-abd84b974e59/datanode-2/data/ratis to VolumeSet
2022-01-06 13:29:48,920 [Listener at 127.0.0.1/36535] INFO  volume.ThrottledAsyncChecker (ThrottledAsyncChecker.java:schedule(141)) - Scheduling a check for /home/runner/work/ozone/ozone/hadoop-ozone/integration-test/target/test-dir/MiniOzoneClusterImpl-1040910a-51cd-4ce1-8f2d-abd84b974e59/datanode-2/data/ratis
2022-01-06 13:29:48,920 [Listener at 127.0.0.1/36535] INFO  volume.StorageVolumeChecker (StorageVolumeChecker.java:checkAllVolumes(202)) - Scheduled health check for volume /home/runner/work/ozone/ozone/hadoop-ozone/integration-test/target/test-dir/MiniOzoneClusterImpl-1040910a-51cd-4ce1-8f2d-abd84b974e59/datanode-2/data/ratis
2022-01-06 13:29:48,928 [om1@group-C5BA1605619E-FollowerState] INFO  impl.FollowerState (FollowerState.java:run(134)) - om1@group-C5BA1605619E-FollowerState: change to CANDIDATE, lastRpcElapsedTime:1112612742ns, electionTimeout:1110ms
2022-01-06 13:29:48,929 [om1@group-C5BA1605619E-FollowerState] INFO  impl.RoleInfo (RoleInfo.java:shutdownFollowerState(108)) - om1: shutdown om1@group-C5BA1605619E-FollowerState
2022-01-06 13:29:48,931 [om1@group-C5BA1605619E-FollowerState] INFO  server.RaftServer$Division (RaftServerImpl.java:setRole(290)) - om1@group-C5BA1605619E: changes role from  FOLLOWER to CANDIDATE at term 0 for changeToCandidate
2022-01-06 13:29:48,933 [om1@group-C5BA1605619E-FollowerState] INFO  server.RaftServerConfigKeys (ConfUtils.java:logGet(44)) - raft.server.leaderelection.pre-vote = false (custom)
2022-01-06 13:29:48,933 [om1@group-C5BA1605619E-FollowerState] INFO  impl.RoleInfo (RoleInfo.java:updateAndGet(130)) - om1: start om1@group-C5BA1605619E-LeaderElection1
2022-01-06 13:29:48,937 [Thread-154] INFO  ozoneimpl.ContainerReader (ContainerReader.java:readVolume(172)) - Finish verifying containers on volume /home/runner/work/ozone/ozone/hadoop-ozone/integration-test/target/test-dir/MiniOzoneClusterImpl-1040910a-51cd-4ce1-8f2d-abd84b974e59/datanode-2/data-0/containers/hdds
2022-01-06 13:29:48,937 [Listener at 127.0.0.1/36535] INFO  ozoneimpl.OzoneContainer (OzoneContainer.java:buildContainerSet(237)) - Build ContainerSet costs 0s
2022-01-06 13:29:48,941 [Listener at 127.0.0.1/36535] INFO  server.RaftServer (ConfUtils.java:logGet(44)) - raft.rpc.type = GRPC (default)
2022-01-06 13:29:48,941 [Listener at 127.0.0.1/36535] INFO  grpc.GrpcFactory (GrpcFactory.java:checkPooledByteBufAllocatorUseCacheForAllThreads(48)) - PERFORMANCE WARNING: useCacheForAllThreads is true that may cause Netty to create a lot garbage objects and, as a result, trigger GC.
	It is recommended to disable useCacheForAllThreads by setting -Dorg.apache.ratis.thirdparty.io.netty.allocator.useCacheForAllThreads=false in command line.
2022-01-06 13:29:48,941 [Listener at 127.0.0.1/36535] INFO  grpc.GrpcConfigKeys (ConfUtils.java:logGet(44)) - raft.grpc.admin.port = 0 (custom)
2022-01-06 13:29:48,941 [Listener at 127.0.0.1/36535] INFO  grpc.GrpcConfigKeys (ConfUtils.java:logGet(44)) - raft.grpc.client.port = 0 (custom)
2022-01-06 13:29:48,941 [Listener at 127.0.0.1/36535] INFO  grpc.GrpcConfigKeys (ConfUtils.java:logGet(44)) - raft.grpc.server.port = 0 (default)
2022-01-06 13:29:48,941 [Listener at 127.0.0.1/36535] INFO  server.GrpcService (ConfUtils.java:logGet(44)) - raft.grpc.message.size.max = 32MB (=33554432) (custom)
2022-01-06 13:29:48,941 [Listener at 127.0.0.1/36535] INFO  server.RaftServerConfigKeys (ConfUtils.java:logGet(44)) - raft.server.log.appender.buffer.byte-limit = 33554432 (custom)
2022-01-06 13:29:48,942 [Listener at 127.0.0.1/36535] INFO  server.GrpcService (ConfUtils.java:logGet(44)) - raft.grpc.flow.control.window = 5MB (=5242880) (custom)
2022-01-06 13:29:48,942 [Listener at 127.0.0.1/36535] INFO  server.RaftServerConfigKeys (ConfUtils.java:logGet(44)) - raft.server.rpc.request.timeout = 3000ms (default)
2022-01-06 13:29:48,943 [Listener at 127.0.0.1/36535] INFO  impl.DataStreamServerImpl (ConfUtils.java:logGet(44)) - raft.datastream.type = DISABLED (default)
2022-01-06 13:29:48,943 [Listener at 127.0.0.1/36535] INFO  server.RaftServerConfigKeys (ConfUtils.java:logGet(44)) - raft.server.rpc.slowness.timeout = 300000ms (custom)
2022-01-06 13:29:48,943 [Listener at 127.0.0.1/36535] INFO  server.RaftServerConfigKeys (ConfUtils.java:logGet(44)) - raft.server.leaderelection.leader.step-down.wait-time = 10s (default)
2022-01-06 13:29:48,944 [Listener at 127.0.0.1/36535] INFO  server.RaftServerConfigKeys (ConfUtils.java:logGet(44)) - raft.server.storage.dir = [/home/runner/work/ozone/ozone/hadoop-ozone/integration-test/target/test-dir/MiniOzoneClusterImpl-1040910a-51cd-4ce1-8f2d-abd84b974e59/datanode-2/data/ratis] (custom)
2022-01-06 13:29:48,945 [Listener at 127.0.0.1/36535] INFO  server.XceiverServerGrpc (XceiverServerGrpc.java:<init>(132)) - GrpcServer channel type EpollServerSocketChannel
2022-01-06 13:29:48,948 [om1@group-C5BA1605619E-LeaderElection1] INFO  impl.LeaderElection (LeaderElection.java:askForVotes(306)) - om1@group-C5BA1605619E-LeaderElection1 ELECTION round 0: submit vote requests at term 1 for -1: [om1|rpc:localhost:9872|priority:0], old=null
2022-01-06 13:29:48,948 [om1@group-C5BA1605619E-LeaderElection1] INFO  impl.LeaderElection (LeaderElection.java:askForVotes(308)) - om1@group-C5BA1605619E-LeaderElection1 ELECTION round 0: result PASSED (term=1)
2022-01-06 13:29:48,949 [om1@group-C5BA1605619E-LeaderElection1] INFO  impl.RoleInfo (RoleInfo.java:shutdownLeaderElection(121)) - om1: shutdown om1@group-C5BA1605619E-LeaderElection1
2022-01-06 13:29:48,949 [om1@group-C5BA1605619E-LeaderElection1] INFO  server.RaftServer$Division (RaftServerImpl.java:setRole(290)) - om1@group-C5BA1605619E: changes role from CANDIDATE to LEADER at term 1 for changeToLeader
2022-01-06 13:29:48,950 [om1@group-C5BA1605619E-LeaderElection1] INFO  server.RaftServer$Division (ServerState.java:setLeader(285)) - om1@group-C5BA1605619E: change Leader from null to om1 at term 1 for becomeLeader, leader elected after 1249ms
2022-01-06 13:29:48,953 [Listener at 127.0.0.1/36535] INFO  http.BaseHttpServer (BaseHttpServer.java:newHttpServer2BuilderForOzone(209)) - Starting Web-server for hddsDatanode at: http://0.0.0.0:0
2022-01-06 13:29:48,953 [Listener at 127.0.0.1/36535] INFO  http.BaseHttpServer (BaseHttpServer.java:<init>(107)) - Hadoop Security Enabled: false Ozone Security Enabled: false Ozone HTTP Security Enabled: false 
2022-01-06 13:29:48,955 [Listener at 127.0.0.1/36535] INFO  server.AuthenticationFilter (AuthenticationFilter.java:constructSecretProvider(240)) - Unable to initialize FileSignerSecretProvider, falling back to use random secrets.
2022-01-06 13:29:48,955 [Listener at 127.0.0.1/36535] WARN  http.HttpRequestLog (HttpRequestLog.java:getRequestLog(103)) - Jetty request log can only be enabled using Log4j
2022-01-06 13:29:48,956 [Listener at 127.0.0.1/36535] INFO  http.HttpServer2 (HttpServer2.java:addGlobalFilter(1030)) - Added global filter 'safety' (class=org.apache.hadoop.hdds.server.http.HttpServer2$QuotingInputFilter)
2022-01-06 13:29:48,957 [Listener at 127.0.0.1/36535] INFO  http.HttpServer2 (HttpServer2.java:addFilter(1006)) - Added filter static_user_filter (class=org.apache.hadoop.http.lib.StaticUserWebFilter$StaticUserFilter) to context hddsDatanode
2022-01-06 13:29:48,957 [Listener at 127.0.0.1/36535] INFO  http.HttpServer2 (HttpServer2.java:addFilter(1014)) - Added filter static_user_filter (class=org.apache.hadoop.http.lib.StaticUserWebFilter$StaticUserFilter) to context logs
2022-01-06 13:29:48,957 [Listener at 127.0.0.1/36535] INFO  http.HttpServer2 (HttpServer2.java:addFilter(1014)) - Added filter static_user_filter (class=org.apache.hadoop.http.lib.StaticUserWebFilter$StaticUserFilter) to context static
2022-01-06 13:29:48,958 [Listener at 127.0.0.1/36535] INFO  http.HttpServer2 (HttpServer2.java:bindListener(1249)) - Jetty bound to port 32837
2022-01-06 13:29:48,958 [Listener at 127.0.0.1/36535] INFO  server.Server (Server.java:doStart(375)) - jetty-9.4.43.v20210629; built: 2021-06-30T11:07:22.254Z; git: 526006ecfa3af7f1a27ef3a288e2bef7ea9dd7e8; jvm 1.8.0_292-b10
2022-01-06 13:29:49,110 [om1@group-C5BA1605619E-LeaderElection1] INFO  server.RaftServerConfigKeys (ConfUtils.java:logGet(44)) - raft.server.staging.catchup.gap = 1000 (default)
2022-01-06 13:29:49,122 [Listener at 127.0.0.1/36535] INFO  server.session (DefaultSessionIdManager.java:doStart(334)) - DefaultSessionIdManager workerName=node0
2022-01-06 13:29:49,123 [Listener at 127.0.0.1/36535] INFO  server.session (DefaultSessionIdManager.java:doStart(339)) - No SessionScavenger set, using defaults
2022-01-06 13:29:49,123 [Listener at 127.0.0.1/36535] INFO  server.session (HouseKeeper.java:startScavenging(132)) - node0 Scavenging every 600000ms
2022-01-06 13:29:49,127 [Listener at 127.0.0.1/36535] INFO  handler.ContextHandler (ContextHandler.java:doStart(915)) - Started o.e.j.s.ServletContextHandler@24602d7a{logs,/logs,file:///home/runner/work/ozone/ozone/hadoop-ozone/integration-test/target/log,AVAILABLE}
2022-01-06 13:29:49,127 [Listener at 127.0.0.1/36535] INFO  handler.ContextHandler (ContextHandler.java:doStart(915)) - Started o.e.j.s.ServletContextHandler@6c4ffcf0{static,/static,jar:file:/home/runner/.m2/repository/org/apache/ozone/hdds-container-service/1.3.0-SNAPSHOT/hdds-container-service-1.3.0-SNAPSHOT.jar!/webapps/static,AVAILABLE}
2022-01-06 13:29:49,128 [om1@group-C5BA1605619E-LeaderElection1] INFO  server.RaftServerConfigKeys (ConfUtils.java:logGet(44)) - raft.server.write.element-limit = 4096 (default)
2022-01-06 13:29:49,129 [om1@group-C5BA1605619E-LeaderElection1] INFO  server.RaftServerConfigKeys (ConfUtils.java:logGet(44)) - raft.server.write.byte-limit = 64MB (=67108864) (default)
2022-01-06 13:29:49,146 [om1@group-C5BA1605619E-LeaderElection1] INFO  server.RaftServerConfigKeys (ConfUtils.java:logGet(44)) - raft.server.watch.timeout = 10s (default)
2022-01-06 13:29:49,146 [om1@group-C5BA1605619E-LeaderElection1] INFO  server.RaftServerConfigKeys (ConfUtils.java:logGet(44)) - raft.server.watch.timeout.denomination = 1s (default)
2022-01-06 13:29:49,154 [om1@group-C5BA1605619E-LeaderElection1] INFO  server.RaftServerConfigKeys (ConfUtils.java:logGet(44)) - raft.server.watch.element-limit = 65536 (default)
2022-01-06 13:29:49,158 [om1@group-C5BA1605619E-LeaderElection1] INFO  server.RaftServerConfigKeys (ConfUtils.java:logGet(44)) - raft.server.write.element-limit = 4096 (default)
2022-01-06 13:29:49,159 [om1@group-C5BA1605619E-LeaderElection1] INFO  server.RaftServerConfigKeys (ConfUtils.java:logGet(44)) - raft.server.write.follower.gap.ratio.max = -1.0 (default)
2022-01-06 13:29:49,161 [om1@group-C5BA1605619E-LeaderElection1] INFO  impl.RoleInfo (RoleInfo.java:updateAndGet(130)) - om1: start om1@group-C5BA1605619E-LeaderStateImpl
2022-01-06 13:29:49,184 [Listener at 127.0.0.1/36535] INFO  handler.ContextHandler (ContextHandler.java:doStart(915)) - Started o.e.j.w.WebAppContext@65b75087{hddsDatanode,/,file:///tmp/jetty-0_0_0_0-32837-hdds-container-service-1_3_0-SNAPSHOT_jar-_-any-6165904136466799407/webapp/,AVAILABLE}{jar:file:/home/runner/.m2/repository/org/apache/ozone/hdds-container-service/1.3.0-SNAPSHOT/hdds-container-service-1.3.0-SNAPSHOT.jar!/webapps/hddsDatanode}
2022-01-06 13:29:49,188 [Listener at 127.0.0.1/36535] INFO  server.AbstractConnector (AbstractConnector.java:doStart(331)) - Started ServerConnector@60a64104{HTTP/1.1, (http/1.1)}{0.0.0.0:32837}
2022-01-06 13:29:49,188 [Listener at 127.0.0.1/36535] INFO  server.Server (Server.java:doStart(415)) - Started @6933ms
2022-01-06 13:29:49,188 [Listener at 127.0.0.1/36535] WARN  impl.MetricsSystemImpl (MetricsSystemImpl.java:register(279)) - Sink prometheus already exists!
2022-01-06 13:29:49,189 [Listener at 127.0.0.1/36535] INFO  http.BaseHttpServer (BaseHttpServer.java:updateConnectorAddress(329)) - HTTP server of hddsDatanode listening at http://0.0.0.0:32837
2022-01-06 13:29:49,194 [Listener at 127.0.0.1/36535] WARN  impl.MetricRegistriesImpl (MetricRegistriesImpl.java:addReporterRegistration(111)) - New reporters are added after registries were created. Some metrics will be missing from the reporter. Please add reporter before adding any new registry.
2022-01-06 13:29:49,194 [Listener at 127.0.0.1/36535] WARN  impl.MetricRegistriesImpl (MetricRegistriesImpl.java:addReporterRegistration(111)) - New reporters are added after registries were created. Some metrics will be missing from the reporter. Please add reporter before adding any new registry.
2022-01-06 13:29:49,194 [Listener at 127.0.0.1/36535] INFO  impl.MetricsSystemImpl (MetricsSystemImpl.java:init(158)) - HddsDatanode metrics system started (again)
2022-01-06 13:29:49,198 [Datanode State Machine Daemon Thread] INFO  statemachine.DatanodeStateMachine (DatanodeStateMachine.java:lambda$startDaemon$0(467)) - Ozone container server started.
2022-01-06 13:29:49,216 [org.apache.hadoop.util.JvmPauseMonitor$Monitor@22f8ae6c] INFO  util.JvmPauseMonitor (JvmPauseMonitor.java:run(188)) - Starting JVM pause monitor
2022-01-06 13:29:49,218 [om1@group-C5BA1605619E-LeaderElection1] INFO  segmented.SegmentedRaftLogWorker (SegmentedRaftLogWorker.java:startLogSegment(394)) - om1@group-C5BA1605619E-SegmentedRaftLogWorker: Starting segment from index:0
2022-01-06 13:29:49,233 [Datanode State Machine Task Thread - 0] INFO  datanode.InitDatanodeState (InitDatanodeState.java:persistContainerDatanodeDetails(145)) - DatanodeDetails is persisted to /home/runner/work/ozone/ozone/hadoop-ozone/integration-test/target/test-dir/MiniOzoneClusterImpl-1040910a-51cd-4ce1-8f2d-abd84b974e59/datanode-2/meta/datanode.id
2022-01-06 13:29:49,236 [Listener at 127.0.0.1/36535] INFO  ozone.HddsDatanodeService (HddsDatanodeService.java:start(234)) - HddsDatanodeService host:fv-az59-280.csjynl4pkq3e1pkirw3ssqjfoh.cx.internal.cloudapp.net ip:10.1.0.50
2022-01-06 13:29:49,260 [om1@group-C5BA1605619E-LeaderElection1] INFO  server.RaftServer$Division (ServerState.java:setRaftConf(387)) - om1@group-C5BA1605619E: set configuration 0: [om1|rpc:localhost:9872|admin:|client:|dataStream:|priority:0], old=null
2022-01-06 13:29:49,272 [Listener at 127.0.0.1/36535] INFO  upgrade.AbstractLayoutVersionManager (AbstractLayoutVersionManager.java:init(79)) - Initializing Layout version manager with metadata layout = SCM_HA (version = 2), software layout = SCM_HA (version = 2)
2022-01-06 13:29:49,323 [Listener at 127.0.0.1/36535] INFO  reflections.Reflections (Reflections.java:scan(232)) - Reflections took 50 ms to scan 7 urls, producing 119 keys and 279 values 
2022-01-06 13:29:49,325 [om1@group-C5BA1605619E-SegmentedRaftLogWorker] INFO  segmented.SegmentedRaftLogWorker (SegmentedRaftLogWorker.java:execute(601)) - om1@group-C5BA1605619E-SegmentedRaftLogWorker: created new log segment /home/runner/work/ozone/ozone/hadoop-ozone/integration-test/target/test-dir/MiniOzoneClusterImpl-1040910a-51cd-4ce1-8f2d-abd84b974e59/ozone-meta/ratis/bf265839-605b-3f16-9796-c5ba1605619e/current/log_inprogress_0
2022-01-06 13:29:49,328 [Listener at 127.0.0.1/36535] INFO  statemachine.DatanodeStateMachine (DatanodeStateMachine.java:getEndPointTaskThreadPoolSize(219)) - Datanode State Machine Task Thread Pool size 2
2022-01-06 13:29:49,341 [Listener at 127.0.0.1/36535] INFO  volume.HddsVolume (HddsVolume.java:<init>(120)) - Creating HddsVolume: /home/runner/work/ozone/ozone/hadoop-ozone/integration-test/target/test-dir/MiniOzoneClusterImpl-1040910a-51cd-4ce1-8f2d-abd84b974e59/datanode-3/data-0/containers/hdds of storage type : DISK capacity : 9223372036854775807
2022-01-06 13:29:49,342 [Listener at 127.0.0.1/36535] INFO  volume.MutableVolumeSet (MutableVolumeSet.java:initializeVolumeSet(168)) - Added Volume : /home/runner/work/ozone/ozone/hadoop-ozone/integration-test/target/test-dir/MiniOzoneClusterImpl-1040910a-51cd-4ce1-8f2d-abd84b974e59/datanode-3/data-0/containers/hdds to VolumeSet
2022-01-06 13:29:49,342 [Listener at 127.0.0.1/36535] INFO  volume.ThrottledAsyncChecker (ThrottledAsyncChecker.java:schedule(141)) - Scheduling a check for /home/runner/work/ozone/ozone/hadoop-ozone/integration-test/target/test-dir/MiniOzoneClusterImpl-1040910a-51cd-4ce1-8f2d-abd84b974e59/datanode-3/data-0/containers/hdds
2022-01-06 13:29:49,353 [Listener at 127.0.0.1/36535] INFO  volume.StorageVolumeChecker (StorageVolumeChecker.java:checkAllVolumes(202)) - Scheduled health check for volume /home/runner/work/ozone/ozone/hadoop-ozone/integration-test/target/test-dir/MiniOzoneClusterImpl-1040910a-51cd-4ce1-8f2d-abd84b974e59/datanode-3/data-0/containers/hdds
2022-01-06 13:29:49,366 [Listener at 127.0.0.1/36535] INFO  volume.MutableVolumeSet (MutableVolumeSet.java:initializeVolumeSet(168)) - Added Volume : /home/runner/work/ozone/ozone/hadoop-ozone/integration-test/target/test-dir/MiniOzoneClusterImpl-1040910a-51cd-4ce1-8f2d-abd84b974e59/datanode-3/data/ratis to VolumeSet
2022-01-06 13:29:49,366 [Listener at 127.0.0.1/36535] INFO  volume.ThrottledAsyncChecker (ThrottledAsyncChecker.java:schedule(141)) - Scheduling a check for /home/runner/work/ozone/ozone/hadoop-ozone/integration-test/target/test-dir/MiniOzoneClusterImpl-1040910a-51cd-4ce1-8f2d-abd84b974e59/datanode-3/data/ratis
2022-01-06 13:29:49,367 [Listener at 127.0.0.1/36535] INFO  volume.StorageVolumeChecker (StorageVolumeChecker.java:checkAllVolumes(202)) - Scheduled health check for volume /home/runner/work/ozone/ozone/hadoop-ozone/integration-test/target/test-dir/MiniOzoneClusterImpl-1040910a-51cd-4ce1-8f2d-abd84b974e59/datanode-3/data/ratis
2022-01-06 13:29:49,387 [Thread-167] INFO  ozoneimpl.ContainerReader (ContainerReader.java:readVolume(172)) - Finish verifying containers on volume /home/runner/work/ozone/ozone/hadoop-ozone/integration-test/target/test-dir/MiniOzoneClusterImpl-1040910a-51cd-4ce1-8f2d-abd84b974e59/datanode-3/data-0/containers/hdds
2022-01-06 13:29:49,387 [Listener at 127.0.0.1/36535] INFO  ozoneimpl.OzoneContainer (OzoneContainer.java:buildContainerSet(237)) - Build ContainerSet costs 0s
2022-01-06 13:29:49,390 [Listener at 127.0.0.1/36535] INFO  server.RaftServer (ConfUtils.java:logGet(44)) - raft.rpc.type = GRPC (default)
2022-01-06 13:29:49,390 [Listener at 127.0.0.1/36535] INFO  grpc.GrpcFactory (GrpcFactory.java:checkPooledByteBufAllocatorUseCacheForAllThreads(48)) - PERFORMANCE WARNING: useCacheForAllThreads is true that may cause Netty to create a lot garbage objects and, as a result, trigger GC.
	It is recommended to disable useCacheForAllThreads by setting -Dorg.apache.ratis.thirdparty.io.netty.allocator.useCacheForAllThreads=false in command line.
2022-01-06 13:29:49,391 [Listener at 127.0.0.1/36535] INFO  grpc.GrpcConfigKeys (ConfUtils.java:logGet(44)) - raft.grpc.admin.port = 0 (custom)
2022-01-06 13:29:49,391 [Listener at 127.0.0.1/36535] INFO  grpc.GrpcConfigKeys (ConfUtils.java:logGet(44)) - raft.grpc.client.port = 0 (custom)
2022-01-06 13:29:49,391 [Listener at 127.0.0.1/36535] INFO  grpc.GrpcConfigKeys (ConfUtils.java:logGet(44)) - raft.grpc.server.port = 0 (default)
2022-01-06 13:29:49,391 [Listener at 127.0.0.1/36535] INFO  server.GrpcService (ConfUtils.java:logGet(44)) - raft.grpc.message.size.max = 32MB (=33554432) (custom)
2022-01-06 13:29:49,391 [Listener at 127.0.0.1/36535] INFO  server.RaftServerConfigKeys (ConfUtils.java:logGet(44)) - raft.server.log.appender.buffer.byte-limit = 33554432 (custom)
2022-01-06 13:29:49,391 [Listener at 127.0.0.1/36535] INFO  server.GrpcService (ConfUtils.java:logGet(44)) - raft.grpc.flow.control.window = 5MB (=5242880) (custom)
2022-01-06 13:29:49,391 [Listener at 127.0.0.1/36535] INFO  server.RaftServerConfigKeys (ConfUtils.java:logGet(44)) - raft.server.rpc.request.timeout = 3000ms (default)
2022-01-06 13:29:49,392 [Listener at 127.0.0.1/36535] INFO  impl.DataStreamServerImpl (ConfUtils.java:logGet(44)) - raft.datastream.type = DISABLED (default)
2022-01-06 13:29:49,392 [Listener at 127.0.0.1/36535] INFO  server.RaftServerConfigKeys (ConfUtils.java:logGet(44)) - raft.server.rpc.slowness.timeout = 300000ms (custom)
2022-01-06 13:29:49,393 [Listener at 127.0.0.1/36535] INFO  server.RaftServerConfigKeys (ConfUtils.java:logGet(44)) - raft.server.leaderelection.leader.step-down.wait-time = 10s (default)
2022-01-06 13:29:49,393 [Listener at 127.0.0.1/36535] INFO  server.RaftServerConfigKeys (ConfUtils.java:logGet(44)) - raft.server.storage.dir = [/home/runner/work/ozone/ozone/hadoop-ozone/integration-test/target/test-dir/MiniOzoneClusterImpl-1040910a-51cd-4ce1-8f2d-abd84b974e59/datanode-3/data/ratis] (custom)
2022-01-06 13:29:49,394 [Listener at 127.0.0.1/36535] INFO  server.XceiverServerGrpc (XceiverServerGrpc.java:<init>(132)) - GrpcServer channel type EpollServerSocketChannel
2022-01-06 13:29:49,403 [Listener at 127.0.0.1/36535] INFO  http.BaseHttpServer (BaseHttpServer.java:newHttpServer2BuilderForOzone(209)) - Starting Web-server for hddsDatanode at: http://0.0.0.0:0
2022-01-06 13:29:49,403 [Listener at 127.0.0.1/36535] INFO  http.BaseHttpServer (BaseHttpServer.java:<init>(107)) - Hadoop Security Enabled: false Ozone Security Enabled: false Ozone HTTP Security Enabled: false 
2022-01-06 13:29:49,405 [Listener at 127.0.0.1/36535] INFO  server.AuthenticationFilter (AuthenticationFilter.java:constructSecretProvider(240)) - Unable to initialize FileSignerSecretProvider, falling back to use random secrets.
2022-01-06 13:29:49,406 [Listener at 127.0.0.1/36535] WARN  http.HttpRequestLog (HttpRequestLog.java:getRequestLog(103)) - Jetty request log can only be enabled using Log4j
2022-01-06 13:29:49,407 [Listener at 127.0.0.1/36535] INFO  http.HttpServer2 (HttpServer2.java:addGlobalFilter(1030)) - Added global filter 'safety' (class=org.apache.hadoop.hdds.server.http.HttpServer2$QuotingInputFilter)
2022-01-06 13:29:49,408 [Listener at 127.0.0.1/36535] INFO  http.HttpServer2 (HttpServer2.java:addFilter(1006)) - Added filter static_user_filter (class=org.apache.hadoop.http.lib.StaticUserWebFilter$StaticUserFilter) to context hddsDatanode
2022-01-06 13:29:49,408 [Listener at 127.0.0.1/36535] INFO  http.HttpServer2 (HttpServer2.java:addFilter(1014)) - Added filter static_user_filter (class=org.apache.hadoop.http.lib.StaticUserWebFilter$StaticUserFilter) to context logs
2022-01-06 13:29:49,408 [Listener at 127.0.0.1/36535] INFO  http.HttpServer2 (HttpServer2.java:addFilter(1014)) - Added filter static_user_filter (class=org.apache.hadoop.http.lib.StaticUserWebFilter$StaticUserFilter) to context static
2022-01-06 13:29:49,408 [Listener at 127.0.0.1/36535] INFO  http.HttpServer2 (HttpServer2.java:bindListener(1249)) - Jetty bound to port 34707
2022-01-06 13:29:49,409 [Listener at 127.0.0.1/36535] INFO  server.Server (Server.java:doStart(375)) - jetty-9.4.43.v20210629; built: 2021-06-30T11:07:22.254Z; git: 526006ecfa3af7f1a27ef3a288e2bef7ea9dd7e8; jvm 1.8.0_292-b10
2022-01-06 13:29:49,417 [Listener at 127.0.0.1/36535] INFO  server.session (DefaultSessionIdManager.java:doStart(334)) - DefaultSessionIdManager workerName=node0
2022-01-06 13:29:49,417 [Listener at 127.0.0.1/36535] INFO  server.session (DefaultSessionIdManager.java:doStart(339)) - No SessionScavenger set, using defaults
2022-01-06 13:29:49,417 [Listener at 127.0.0.1/36535] INFO  server.session (HouseKeeper.java:startScavenging(132)) - node0 Scavenging every 600000ms
2022-01-06 13:29:49,418 [Listener at 127.0.0.1/36535] INFO  handler.ContextHandler (ContextHandler.java:doStart(915)) - Started o.e.j.s.ServletContextHandler@5b218570{logs,/logs,file:///home/runner/work/ozone/ozone/hadoop-ozone/integration-test/target/log,AVAILABLE}
2022-01-06 13:29:49,419 [Listener at 127.0.0.1/36535] INFO  handler.ContextHandler (ContextHandler.java:doStart(915)) - Started o.e.j.s.ServletContextHandler@777a67a0{static,/static,jar:file:/home/runner/.m2/repository/org/apache/ozone/hdds-container-service/1.3.0-SNAPSHOT/hdds-container-service-1.3.0-SNAPSHOT.jar!/webapps/static,AVAILABLE}
2022-01-06 13:29:49,429 [om1@group-C5BA1605619E-StateMachineUpdater] INFO  ratis.OzoneManagerStateMachine (OzoneManagerStateMachine.java:notifyConfigurationChanged(188)) - Received Configuration change notification from Ratis. New Peer list:
[id: "om1"
address: "localhost:9872"
]
2022-01-06 13:29:49,464 [Listener at 127.0.0.1/36535] INFO  handler.ContextHandler (ContextHandler.java:doStart(915)) - Started o.e.j.w.WebAppContext@1f44c6b6{hddsDatanode,/,file:///tmp/jetty-0_0_0_0-34707-hdds-container-service-1_3_0-SNAPSHOT_jar-_-any-3757327428185029530/webapp/,AVAILABLE}{jar:file:/home/runner/.m2/repository/org/apache/ozone/hdds-container-service/1.3.0-SNAPSHOT/hdds-container-service-1.3.0-SNAPSHOT.jar!/webapps/hddsDatanode}
2022-01-06 13:29:49,465 [Listener at 127.0.0.1/36535] INFO  server.AbstractConnector (AbstractConnector.java:doStart(331)) - Started ServerConnector@4c27fe7a{HTTP/1.1, (http/1.1)}{0.0.0.0:34707}
2022-01-06 13:29:49,465 [Listener at 127.0.0.1/36535] INFO  server.Server (Server.java:doStart(415)) - Started @7210ms
2022-01-06 13:29:49,465 [Listener at 127.0.0.1/36535] WARN  impl.MetricsSystemImpl (MetricsSystemImpl.java:register(279)) - Sink prometheus already exists!
2022-01-06 13:29:49,466 [Listener at 127.0.0.1/36535] INFO  http.BaseHttpServer (BaseHttpServer.java:updateConnectorAddress(329)) - HTTP server of hddsDatanode listening at http://0.0.0.0:34707
2022-01-06 13:29:49,469 [Datanode State Machine Daemon Thread] INFO  statemachine.DatanodeStateMachine (DatanodeStateMachine.java:lambda$startDaemon$0(467)) - Ozone container server started.
2022-01-06 13:29:49,469 [Listener at 127.0.0.1/36535] WARN  impl.MetricRegistriesImpl (MetricRegistriesImpl.java:addReporterRegistration(111)) - New reporters are added after registries were created. Some metrics will be missing from the reporter. Please add reporter before adding any new registry.
2022-01-06 13:29:49,470 [Listener at 127.0.0.1/36535] WARN  impl.MetricRegistriesImpl (MetricRegistriesImpl.java:addReporterRegistration(111)) - New reporters are added after registries were created. Some metrics will be missing from the reporter. Please add reporter before adding any new registry.
2022-01-06 13:29:49,470 [Listener at 127.0.0.1/36535] INFO  impl.MetricsSystemImpl (MetricsSystemImpl.java:init(158)) - HddsDatanode metrics system started (again)
2022-01-06 13:29:49,482 [Listener at 127.0.0.1/36535] INFO  ozone.HddsDatanodeService (HddsDatanodeService.java:start(234)) - HddsDatanodeService host:fv-az59-280.csjynl4pkq3e1pkirw3ssqjfoh.cx.internal.cloudapp.net ip:10.1.0.50
2022-01-06 13:29:49,483 [org.apache.hadoop.util.JvmPauseMonitor$Monitor@113f0f87] INFO  util.JvmPauseMonitor (JvmPauseMonitor.java:run(188)) - Starting JVM pause monitor
2022-01-06 13:29:49,487 [Datanode State Machine Task Thread - 0] INFO  datanode.InitDatanodeState (InitDatanodeState.java:persistContainerDatanodeDetails(145)) - DatanodeDetails is persisted to /home/runner/work/ozone/ozone/hadoop-ozone/integration-test/target/test-dir/MiniOzoneClusterImpl-1040910a-51cd-4ce1-8f2d-abd84b974e59/datanode-3/meta/datanode.id
2022-01-06 13:29:49,516 [Listener at 127.0.0.1/36535] INFO  upgrade.AbstractLayoutVersionManager (AbstractLayoutVersionManager.java:init(79)) - Initializing Layout version manager with metadata layout = SCM_HA (version = 2), software layout = SCM_HA (version = 2)
2022-01-06 13:29:49,552 [Listener at 127.0.0.1/36535] INFO  reflections.Reflections (Reflections.java:scan(232)) - Reflections took 34 ms to scan 7 urls, producing 119 keys and 279 values 
2022-01-06 13:29:49,554 [Listener at 127.0.0.1/36535] INFO  statemachine.DatanodeStateMachine (DatanodeStateMachine.java:getEndPointTaskThreadPoolSize(219)) - Datanode State Machine Task Thread Pool size 2
2022-01-06 13:29:49,559 [Listener at 127.0.0.1/36535] INFO  volume.HddsVolume (HddsVolume.java:<init>(120)) - Creating HddsVolume: /home/runner/work/ozone/ozone/hadoop-ozone/integration-test/target/test-dir/MiniOzoneClusterImpl-1040910a-51cd-4ce1-8f2d-abd84b974e59/datanode-4/data-0/containers/hdds of storage type : DISK capacity : 9223372036854775807
2022-01-06 13:29:49,559 [Listener at 127.0.0.1/36535] INFO  volume.MutableVolumeSet (MutableVolumeSet.java:initializeVolumeSet(168)) - Added Volume : /home/runner/work/ozone/ozone/hadoop-ozone/integration-test/target/test-dir/MiniOzoneClusterImpl-1040910a-51cd-4ce1-8f2d-abd84b974e59/datanode-4/data-0/containers/hdds to VolumeSet
2022-01-06 13:29:49,559 [Listener at 127.0.0.1/36535] INFO  volume.ThrottledAsyncChecker (ThrottledAsyncChecker.java:schedule(141)) - Scheduling a check for /home/runner/work/ozone/ozone/hadoop-ozone/integration-test/target/test-dir/MiniOzoneClusterImpl-1040910a-51cd-4ce1-8f2d-abd84b974e59/datanode-4/data-0/containers/hdds
2022-01-06 13:29:49,565 [Listener at 127.0.0.1/36535] INFO  volume.StorageVolumeChecker (StorageVolumeChecker.java:checkAllVolumes(202)) - Scheduled health check for volume /home/runner/work/ozone/ozone/hadoop-ozone/integration-test/target/test-dir/MiniOzoneClusterImpl-1040910a-51cd-4ce1-8f2d-abd84b974e59/datanode-4/data-0/containers/hdds
2022-01-06 13:29:49,578 [Listener at 127.0.0.1/36535] INFO  volume.MutableVolumeSet (MutableVolumeSet.java:initializeVolumeSet(168)) - Added Volume : /home/runner/work/ozone/ozone/hadoop-ozone/integration-test/target/test-dir/MiniOzoneClusterImpl-1040910a-51cd-4ce1-8f2d-abd84b974e59/datanode-4/data/ratis to VolumeSet
2022-01-06 13:29:49,578 [Listener at 127.0.0.1/36535] INFO  volume.ThrottledAsyncChecker (ThrottledAsyncChecker.java:schedule(141)) - Scheduling a check for /home/runner/work/ozone/ozone/hadoop-ozone/integration-test/target/test-dir/MiniOzoneClusterImpl-1040910a-51cd-4ce1-8f2d-abd84b974e59/datanode-4/data/ratis
2022-01-06 13:29:49,578 [Listener at 127.0.0.1/36535] INFO  volume.StorageVolumeChecker (StorageVolumeChecker.java:checkAllVolumes(202)) - Scheduled health check for volume /home/runner/work/ozone/ozone/hadoop-ozone/integration-test/target/test-dir/MiniOzoneClusterImpl-1040910a-51cd-4ce1-8f2d-abd84b974e59/datanode-4/data/ratis
2022-01-06 13:29:49,590 [Thread-179] INFO  ozoneimpl.ContainerReader (ContainerReader.java:readVolume(172)) - Finish verifying containers on volume /home/runner/work/ozone/ozone/hadoop-ozone/integration-test/target/test-dir/MiniOzoneClusterImpl-1040910a-51cd-4ce1-8f2d-abd84b974e59/datanode-4/data-0/containers/hdds
2022-01-06 13:29:49,590 [Listener at 127.0.0.1/36535] INFO  ozoneimpl.OzoneContainer (OzoneContainer.java:buildContainerSet(237)) - Build ContainerSet costs 0s
2022-01-06 13:29:49,593 [Listener at 127.0.0.1/36535] INFO  server.RaftServer (ConfUtils.java:logGet(44)) - raft.rpc.type = GRPC (default)
2022-01-06 13:29:49,593 [Listener at 127.0.0.1/36535] INFO  grpc.GrpcFactory (GrpcFactory.java:checkPooledByteBufAllocatorUseCacheForAllThreads(48)) - PERFORMANCE WARNING: useCacheForAllThreads is true that may cause Netty to create a lot garbage objects and, as a result, trigger GC.
	It is recommended to disable useCacheForAllThreads by setting -Dorg.apache.ratis.thirdparty.io.netty.allocator.useCacheForAllThreads=false in command line.
2022-01-06 13:29:49,593 [Listener at 127.0.0.1/36535] INFO  grpc.GrpcConfigKeys (ConfUtils.java:logGet(44)) - raft.grpc.admin.port = 0 (custom)
2022-01-06 13:29:49,593 [Listener at 127.0.0.1/36535] INFO  grpc.GrpcConfigKeys (ConfUtils.java:logGet(44)) - raft.grpc.client.port = 0 (custom)
2022-01-06 13:29:49,594 [Listener at 127.0.0.1/36535] INFO  grpc.GrpcConfigKeys (ConfUtils.java:logGet(44)) - raft.grpc.server.port = 0 (default)
2022-01-06 13:29:49,594 [Listener at 127.0.0.1/36535] INFO  server.GrpcService (ConfUtils.java:logGet(44)) - raft.grpc.message.size.max = 32MB (=33554432) (custom)
2022-01-06 13:29:49,594 [Listener at 127.0.0.1/36535] INFO  server.RaftServerConfigKeys (ConfUtils.java:logGet(44)) - raft.server.log.appender.buffer.byte-limit = 33554432 (custom)
2022-01-06 13:29:49,594 [Listener at 127.0.0.1/36535] INFO  server.GrpcService (ConfUtils.java:logGet(44)) - raft.grpc.flow.control.window = 5MB (=5242880) (custom)
2022-01-06 13:29:49,594 [Listener at 127.0.0.1/36535] INFO  server.RaftServerConfigKeys (ConfUtils.java:logGet(44)) - raft.server.rpc.request.timeout = 3000ms (default)
2022-01-06 13:29:49,595 [Listener at 127.0.0.1/36535] INFO  impl.DataStreamServerImpl (ConfUtils.java:logGet(44)) - raft.datastream.type = DISABLED (default)
2022-01-06 13:29:49,596 [Listener at 127.0.0.1/36535] INFO  server.RaftServerConfigKeys (ConfUtils.java:logGet(44)) - raft.server.rpc.slowness.timeout = 300000ms (custom)
2022-01-06 13:29:49,596 [Listener at 127.0.0.1/36535] INFO  server.RaftServerConfigKeys (ConfUtils.java:logGet(44)) - raft.server.leaderelection.leader.step-down.wait-time = 10s (default)
2022-01-06 13:29:49,596 [Listener at 127.0.0.1/36535] INFO  server.RaftServerConfigKeys (ConfUtils.java:logGet(44)) - raft.server.storage.dir = [/home/runner/work/ozone/ozone/hadoop-ozone/integration-test/target/test-dir/MiniOzoneClusterImpl-1040910a-51cd-4ce1-8f2d-abd84b974e59/datanode-4/data/ratis] (custom)
2022-01-06 13:29:49,597 [Listener at 127.0.0.1/36535] INFO  server.XceiverServerGrpc (XceiverServerGrpc.java:<init>(132)) - GrpcServer channel type EpollServerSocketChannel
2022-01-06 13:29:49,600 [Listener at 127.0.0.1/36535] INFO  http.BaseHttpServer (BaseHttpServer.java:newHttpServer2BuilderForOzone(209)) - Starting Web-server for hddsDatanode at: http://0.0.0.0:0
2022-01-06 13:29:49,600 [Listener at 127.0.0.1/36535] INFO  http.BaseHttpServer (BaseHttpServer.java:<init>(107)) - Hadoop Security Enabled: false Ozone Security Enabled: false Ozone HTTP Security Enabled: false 
2022-01-06 13:29:49,601 [Listener at 127.0.0.1/36535] INFO  server.AuthenticationFilter (AuthenticationFilter.java:constructSecretProvider(240)) - Unable to initialize FileSignerSecretProvider, falling back to use random secrets.
2022-01-06 13:29:49,602 [Listener at 127.0.0.1/36535] WARN  http.HttpRequestLog (HttpRequestLog.java:getRequestLog(103)) - Jetty request log can only be enabled using Log4j
2022-01-06 13:29:49,602 [Listener at 127.0.0.1/36535] INFO  http.HttpServer2 (HttpServer2.java:addGlobalFilter(1030)) - Added global filter 'safety' (class=org.apache.hadoop.hdds.server.http.HttpServer2$QuotingInputFilter)
2022-01-06 13:29:49,603 [Listener at 127.0.0.1/36535] INFO  http.HttpServer2 (HttpServer2.java:addFilter(1006)) - Added filter static_user_filter (class=org.apache.hadoop.http.lib.StaticUserWebFilter$StaticUserFilter) to context hddsDatanode
2022-01-06 13:29:49,603 [Listener at 127.0.0.1/36535] INFO  http.HttpServer2 (HttpServer2.java:addFilter(1014)) - Added filter static_user_filter (class=org.apache.hadoop.http.lib.StaticUserWebFilter$StaticUserFilter) to context static
2022-01-06 13:29:49,603 [Listener at 127.0.0.1/36535] INFO  http.HttpServer2 (HttpServer2.java:addFilter(1014)) - Added filter static_user_filter (class=org.apache.hadoop.http.lib.StaticUserWebFilter$StaticUserFilter) to context logs
2022-01-06 13:29:49,604 [Listener at 127.0.0.1/36535] INFO  http.HttpServer2 (HttpServer2.java:bindListener(1249)) - Jetty bound to port 37943
2022-01-06 13:29:49,604 [Listener at 127.0.0.1/36535] INFO  server.Server (Server.java:doStart(375)) - jetty-9.4.43.v20210629; built: 2021-06-30T11:07:22.254Z; git: 526006ecfa3af7f1a27ef3a288e2bef7ea9dd7e8; jvm 1.8.0_292-b10
2022-01-06 13:29:49,606 [Listener at 127.0.0.1/36535] INFO  server.session (DefaultSessionIdManager.java:doStart(334)) - DefaultSessionIdManager workerName=node0
2022-01-06 13:29:49,606 [Listener at 127.0.0.1/36535] INFO  server.session (DefaultSessionIdManager.java:doStart(339)) - No SessionScavenger set, using defaults
2022-01-06 13:29:49,607 [Listener at 127.0.0.1/36535] INFO  server.session (HouseKeeper.java:startScavenging(132)) - node0 Scavenging every 600000ms
2022-01-06 13:29:49,607 [Listener at 127.0.0.1/36535] INFO  handler.ContextHandler (ContextHandler.java:doStart(915)) - Started o.e.j.s.ServletContextHandler@5bff7f13{logs,/logs,file:///home/runner/work/ozone/ozone/hadoop-ozone/integration-test/target/log,AVAILABLE}
2022-01-06 13:29:49,608 [Listener at 127.0.0.1/36535] INFO  handler.ContextHandler (ContextHandler.java:doStart(915)) - Started o.e.j.s.ServletContextHandler@7271ee48{static,/static,jar:file:/home/runner/.m2/repository/org/apache/ozone/hdds-container-service/1.3.0-SNAPSHOT/hdds-container-service-1.3.0-SNAPSHOT.jar!/webapps/static,AVAILABLE}
2022-01-06 13:29:49,647 [Listener at 127.0.0.1/36535] INFO  handler.ContextHandler (ContextHandler.java:doStart(915)) - Started o.e.j.w.WebAppContext@53a95744{hddsDatanode,/,file:///tmp/jetty-0_0_0_0-37943-hdds-container-service-1_3_0-SNAPSHOT_jar-_-any-6082273825567990132/webapp/,AVAILABLE}{jar:file:/home/runner/.m2/repository/org/apache/ozone/hdds-container-service/1.3.0-SNAPSHOT/hdds-container-service-1.3.0-SNAPSHOT.jar!/webapps/hddsDatanode}
2022-01-06 13:29:49,648 [Listener at 127.0.0.1/36535] INFO  server.AbstractConnector (AbstractConnector.java:doStart(331)) - Started ServerConnector@2aff6ec3{HTTP/1.1, (http/1.1)}{0.0.0.0:37943}
2022-01-06 13:29:49,648 [Listener at 127.0.0.1/36535] INFO  server.Server (Server.java:doStart(415)) - Started @7393ms
2022-01-06 13:29:49,649 [Listener at 127.0.0.1/36535] WARN  impl.MetricsSystemImpl (MetricsSystemImpl.java:register(279)) - Sink prometheus already exists!
2022-01-06 13:29:49,663 [Listener at 127.0.0.1/36535] INFO  http.BaseHttpServer (BaseHttpServer.java:updateConnectorAddress(329)) - HTTP server of hddsDatanode listening at http://0.0.0.0:37943
2022-01-06 13:29:49,663 [Datanode State Machine Daemon Thread] INFO  statemachine.DatanodeStateMachine (DatanodeStateMachine.java:lambda$startDaemon$0(467)) - Ozone container server started.
2022-01-06 13:29:49,667 [Listener at 127.0.0.1/36535] WARN  impl.MetricRegistriesImpl (MetricRegistriesImpl.java:addReporterRegistration(111)) - New reporters are added after registries were created. Some metrics will be missing from the reporter. Please add reporter before adding any new registry.
2022-01-06 13:29:49,667 [Listener at 127.0.0.1/36535] WARN  impl.MetricRegistriesImpl (MetricRegistriesImpl.java:addReporterRegistration(111)) - New reporters are added after registries were created. Some metrics will be missing from the reporter. Please add reporter before adding any new registry.
2022-01-06 13:29:49,667 [Listener at 127.0.0.1/36535] INFO  impl.MetricsSystemImpl (MetricsSystemImpl.java:init(158)) - HddsDatanode metrics system started (again)
2022-01-06 13:29:49,678 [org.apache.hadoop.util.JvmPauseMonitor$Monitor@7ebd1044] INFO  util.JvmPauseMonitor (JvmPauseMonitor.java:run(188)) - Starting JVM pause monitor
2022-01-06 13:29:49,680 [Datanode State Machine Task Thread - 0] INFO  datanode.InitDatanodeState (InitDatanodeState.java:persistContainerDatanodeDetails(145)) - DatanodeDetails is persisted to /home/runner/work/ozone/ozone/hadoop-ozone/integration-test/target/test-dir/MiniOzoneClusterImpl-1040910a-51cd-4ce1-8f2d-abd84b974e59/datanode-4/meta/datanode.id
2022-01-06 13:29:49,690 [Listener at 127.0.0.1/36535] INFO  ozone.HddsDatanodeService (HddsDatanodeService.java:start(234)) - HddsDatanodeService host:fv-az59-280.csjynl4pkq3e1pkirw3ssqjfoh.cx.internal.cloudapp.net ip:10.1.0.50
2022-01-06 13:29:49,712 [Listener at 127.0.0.1/36535] INFO  upgrade.AbstractLayoutVersionManager (AbstractLayoutVersionManager.java:init(79)) - Initializing Layout version manager with metadata layout = SCM_HA (version = 2), software layout = SCM_HA (version = 2)
2022-01-06 13:29:49,750 [Listener at 127.0.0.1/36535] INFO  reflections.Reflections (Reflections.java:scan(232)) - Reflections took 37 ms to scan 7 urls, producing 119 keys and 279 values 
2022-01-06 13:29:49,753 [Listener at 127.0.0.1/36535] INFO  statemachine.DatanodeStateMachine (DatanodeStateMachine.java:getEndPointTaskThreadPoolSize(219)) - Datanode State Machine Task Thread Pool size 2
2022-01-06 13:29:49,756 [Listener at 127.0.0.1/36535] INFO  volume.HddsVolume (HddsVolume.java:<init>(120)) - Creating HddsVolume: /home/runner/work/ozone/ozone/hadoop-ozone/integration-test/target/test-dir/MiniOzoneClusterImpl-1040910a-51cd-4ce1-8f2d-abd84b974e59/datanode-5/data-0/containers/hdds of storage type : DISK capacity : 9223372036854775807
2022-01-06 13:29:49,756 [Listener at 127.0.0.1/36535] INFO  volume.MutableVolumeSet (MutableVolumeSet.java:initializeVolumeSet(168)) - Added Volume : /home/runner/work/ozone/ozone/hadoop-ozone/integration-test/target/test-dir/MiniOzoneClusterImpl-1040910a-51cd-4ce1-8f2d-abd84b974e59/datanode-5/data-0/containers/hdds to VolumeSet
2022-01-06 13:29:49,756 [Listener at 127.0.0.1/36535] INFO  volume.ThrottledAsyncChecker (ThrottledAsyncChecker.java:schedule(141)) - Scheduling a check for /home/runner/work/ozone/ozone/hadoop-ozone/integration-test/target/test-dir/MiniOzoneClusterImpl-1040910a-51cd-4ce1-8f2d-abd84b974e59/datanode-5/data-0/containers/hdds
2022-01-06 13:29:49,757 [Listener at 127.0.0.1/36535] INFO  volume.StorageVolumeChecker (StorageVolumeChecker.java:checkAllVolumes(202)) - Scheduled health check for volume /home/runner/work/ozone/ozone/hadoop-ozone/integration-test/target/test-dir/MiniOzoneClusterImpl-1040910a-51cd-4ce1-8f2d-abd84b974e59/datanode-5/data-0/containers/hdds
2022-01-06 13:29:49,770 [Listener at 127.0.0.1/36535] INFO  volume.MutableVolumeSet (MutableVolumeSet.java:initializeVolumeSet(168)) - Added Volume : /home/runner/work/ozone/ozone/hadoop-ozone/integration-test/target/test-dir/MiniOzoneClusterImpl-1040910a-51cd-4ce1-8f2d-abd84b974e59/datanode-5/data/ratis to VolumeSet
2022-01-06 13:29:49,770 [Listener at 127.0.0.1/36535] INFO  volume.ThrottledAsyncChecker (ThrottledAsyncChecker.java:schedule(141)) - Scheduling a check for /home/runner/work/ozone/ozone/hadoop-ozone/integration-test/target/test-dir/MiniOzoneClusterImpl-1040910a-51cd-4ce1-8f2d-abd84b974e59/datanode-5/data/ratis
2022-01-06 13:29:49,770 [Listener at 127.0.0.1/36535] INFO  volume.StorageVolumeChecker (StorageVolumeChecker.java:checkAllVolumes(202)) - Scheduled health check for volume /home/runner/work/ozone/ozone/hadoop-ozone/integration-test/target/test-dir/MiniOzoneClusterImpl-1040910a-51cd-4ce1-8f2d-abd84b974e59/datanode-5/data/ratis
2022-01-06 13:29:49,782 [Thread-191] INFO  ozoneimpl.ContainerReader (ContainerReader.java:readVolume(172)) - Finish verifying containers on volume /home/runner/work/ozone/ozone/hadoop-ozone/integration-test/target/test-dir/MiniOzoneClusterImpl-1040910a-51cd-4ce1-8f2d-abd84b974e59/datanode-5/data-0/containers/hdds
2022-01-06 13:29:49,782 [Listener at 127.0.0.1/36535] INFO  ozoneimpl.OzoneContainer (OzoneContainer.java:buildContainerSet(237)) - Build ContainerSet costs 0s
2022-01-06 13:29:49,788 [Listener at 127.0.0.1/36535] INFO  server.RaftServer (ConfUtils.java:logGet(44)) - raft.rpc.type = GRPC (default)
2022-01-06 13:29:49,789 [Listener at 127.0.0.1/36535] INFO  grpc.GrpcFactory (GrpcFactory.java:checkPooledByteBufAllocatorUseCacheForAllThreads(48)) - PERFORMANCE WARNING: useCacheForAllThreads is true that may cause Netty to create a lot garbage objects and, as a result, trigger GC.
	It is recommended to disable useCacheForAllThreads by setting -Dorg.apache.ratis.thirdparty.io.netty.allocator.useCacheForAllThreads=false in command line.
2022-01-06 13:29:49,789 [Listener at 127.0.0.1/36535] INFO  grpc.GrpcConfigKeys (ConfUtils.java:logGet(44)) - raft.grpc.admin.port = 0 (custom)
2022-01-06 13:29:49,789 [Listener at 127.0.0.1/36535] INFO  grpc.GrpcConfigKeys (ConfUtils.java:logGet(44)) - raft.grpc.client.port = 0 (custom)
2022-01-06 13:29:49,789 [Listener at 127.0.0.1/36535] INFO  grpc.GrpcConfigKeys (ConfUtils.java:logGet(44)) - raft.grpc.server.port = 0 (default)
2022-01-06 13:29:49,789 [Listener at 127.0.0.1/36535] INFO  server.GrpcService (ConfUtils.java:logGet(44)) - raft.grpc.message.size.max = 32MB (=33554432) (custom)
2022-01-06 13:29:49,789 [Listener at 127.0.0.1/36535] INFO  server.RaftServerConfigKeys (ConfUtils.java:logGet(44)) - raft.server.log.appender.buffer.byte-limit = 33554432 (custom)
2022-01-06 13:29:49,789 [Listener at 127.0.0.1/36535] INFO  server.GrpcService (ConfUtils.java:logGet(44)) - raft.grpc.flow.control.window = 5MB (=5242880) (custom)
2022-01-06 13:29:49,789 [Listener at 127.0.0.1/36535] INFO  server.RaftServerConfigKeys (ConfUtils.java:logGet(44)) - raft.server.rpc.request.timeout = 3000ms (default)
2022-01-06 13:29:49,791 [Listener at 127.0.0.1/36535] INFO  impl.DataStreamServerImpl (ConfUtils.java:logGet(44)) - raft.datastream.type = DISABLED (default)
2022-01-06 13:29:49,791 [Listener at 127.0.0.1/36535] INFO  server.RaftServerConfigKeys (ConfUtils.java:logGet(44)) - raft.server.rpc.slowness.timeout = 300000ms (custom)
2022-01-06 13:29:49,791 [Listener at 127.0.0.1/36535] INFO  server.RaftServerConfigKeys (ConfUtils.java:logGet(44)) - raft.server.leaderelection.leader.step-down.wait-time = 10s (default)
2022-01-06 13:29:49,791 [Listener at 127.0.0.1/36535] INFO  server.RaftServerConfigKeys (ConfUtils.java:logGet(44)) - raft.server.storage.dir = [/home/runner/work/ozone/ozone/hadoop-ozone/integration-test/target/test-dir/MiniOzoneClusterImpl-1040910a-51cd-4ce1-8f2d-abd84b974e59/datanode-5/data/ratis] (custom)
2022-01-06 13:29:49,793 [Listener at 127.0.0.1/36535] INFO  server.XceiverServerGrpc (XceiverServerGrpc.java:<init>(132)) - GrpcServer channel type EpollServerSocketChannel
2022-01-06 13:29:49,800 [Listener at 127.0.0.1/36535] INFO  http.BaseHttpServer (BaseHttpServer.java:newHttpServer2BuilderForOzone(209)) - Starting Web-server for hddsDatanode at: http://0.0.0.0:0
2022-01-06 13:29:49,800 [Listener at 127.0.0.1/36535] INFO  http.BaseHttpServer (BaseHttpServer.java:<init>(107)) - Hadoop Security Enabled: false Ozone Security Enabled: false Ozone HTTP Security Enabled: false 
2022-01-06 13:29:49,801 [Listener at 127.0.0.1/36535] INFO  server.AuthenticationFilter (AuthenticationFilter.java:constructSecretProvider(240)) - Unable to initialize FileSignerSecretProvider, falling back to use random secrets.
2022-01-06 13:29:49,802 [Listener at 127.0.0.1/36535] WARN  http.HttpRequestLog (HttpRequestLog.java:getRequestLog(103)) - Jetty request log can only be enabled using Log4j
2022-01-06 13:29:49,803 [Listener at 127.0.0.1/36535] INFO  http.HttpServer2 (HttpServer2.java:addGlobalFilter(1030)) - Added global filter 'safety' (class=org.apache.hadoop.hdds.server.http.HttpServer2$QuotingInputFilter)
2022-01-06 13:29:49,804 [Listener at 127.0.0.1/36535] INFO  http.HttpServer2 (HttpServer2.java:addFilter(1006)) - Added filter static_user_filter (class=org.apache.hadoop.http.lib.StaticUserWebFilter$StaticUserFilter) to context hddsDatanode
2022-01-06 13:29:49,804 [Listener at 127.0.0.1/36535] INFO  http.HttpServer2 (HttpServer2.java:addFilter(1014)) - Added filter static_user_filter (class=org.apache.hadoop.http.lib.StaticUserWebFilter$StaticUserFilter) to context logs
2022-01-06 13:29:49,804 [Listener at 127.0.0.1/36535] INFO  http.HttpServer2 (HttpServer2.java:addFilter(1014)) - Added filter static_user_filter (class=org.apache.hadoop.http.lib.StaticUserWebFilter$StaticUserFilter) to context static
2022-01-06 13:29:49,805 [Listener at 127.0.0.1/36535] INFO  http.HttpServer2 (HttpServer2.java:bindListener(1249)) - Jetty bound to port 32997
2022-01-06 13:29:49,805 [Listener at 127.0.0.1/36535] INFO  server.Server (Server.java:doStart(375)) - jetty-9.4.43.v20210629; built: 2021-06-30T11:07:22.254Z; git: 526006ecfa3af7f1a27ef3a288e2bef7ea9dd7e8; jvm 1.8.0_292-b10
2022-01-06 13:29:49,806 [Listener at 127.0.0.1/36535] INFO  server.session (DefaultSessionIdManager.java:doStart(334)) - DefaultSessionIdManager workerName=node0
2022-01-06 13:29:49,806 [Listener at 127.0.0.1/36535] INFO  server.session (DefaultSessionIdManager.java:doStart(339)) - No SessionScavenger set, using defaults
2022-01-06 13:29:49,807 [Listener at 127.0.0.1/36535] INFO  server.session (HouseKeeper.java:startScavenging(132)) - node0 Scavenging every 660000ms
2022-01-06 13:29:49,810 [Listener at 127.0.0.1/36535] INFO  handler.ContextHandler (ContextHandler.java:doStart(915)) - Started o.e.j.s.ServletContextHandler@7a51ba06{logs,/logs,file:///home/runner/work/ozone/ozone/hadoop-ozone/integration-test/target/log,AVAILABLE}
2022-01-06 13:29:49,810 [Listener at 127.0.0.1/36535] INFO  handler.ContextHandler (ContextHandler.java:doStart(915)) - Started o.e.j.s.ServletContextHandler@57b03187{static,/static,jar:file:/home/runner/.m2/repository/org/apache/ozone/hdds-container-service/1.3.0-SNAPSHOT/hdds-container-service-1.3.0-SNAPSHOT.jar!/webapps/static,AVAILABLE}
2022-01-06 13:29:49,851 [Listener at 127.0.0.1/36535] INFO  handler.ContextHandler (ContextHandler.java:doStart(915)) - Started o.e.j.w.WebAppContext@1472308f{hddsDatanode,/,file:///tmp/jetty-0_0_0_0-32997-hdds-container-service-1_3_0-SNAPSHOT_jar-_-any-9107152447723845491/webapp/,AVAILABLE}{jar:file:/home/runner/.m2/repository/org/apache/ozone/hdds-container-service/1.3.0-SNAPSHOT/hdds-container-service-1.3.0-SNAPSHOT.jar!/webapps/hddsDatanode}
2022-01-06 13:29:49,852 [Listener at 127.0.0.1/36535] INFO  server.AbstractConnector (AbstractConnector.java:doStart(331)) - Started ServerConnector@304d96b5{HTTP/1.1, (http/1.1)}{0.0.0.0:32997}
2022-01-06 13:29:49,852 [Listener at 127.0.0.1/36535] INFO  server.Server (Server.java:doStart(415)) - Started @7597ms
2022-01-06 13:29:49,852 [Listener at 127.0.0.1/36535] WARN  impl.MetricsSystemImpl (MetricsSystemImpl.java:register(279)) - Sink prometheus already exists!
2022-01-06 13:29:49,853 [Listener at 127.0.0.1/36535] INFO  http.BaseHttpServer (BaseHttpServer.java:updateConnectorAddress(329)) - HTTP server of hddsDatanode listening at http://0.0.0.0:32997
2022-01-06 13:29:49,854 [Datanode State Machine Daemon Thread] INFO  statemachine.DatanodeStateMachine (DatanodeStateMachine.java:lambda$startDaemon$0(467)) - Ozone container server started.
2022-01-06 13:29:49,854 [Listener at 127.0.0.1/36535] WARN  impl.MetricRegistriesImpl (MetricRegistriesImpl.java:addReporterRegistration(111)) - New reporters are added after registries were created. Some metrics will be missing from the reporter. Please add reporter before adding any new registry.
2022-01-06 13:29:49,856 [Listener at 127.0.0.1/36535] WARN  impl.MetricRegistriesImpl (MetricRegistriesImpl.java:addReporterRegistration(111)) - New reporters are added after registries were created. Some metrics will be missing from the reporter. Please add reporter before adding any new registry.
2022-01-06 13:29:49,856 [Listener at 127.0.0.1/36535] INFO  impl.MetricsSystemImpl (MetricsSystemImpl.java:init(158)) - HddsDatanode metrics system started (again)
2022-01-06 13:29:49,869 [Listener at 127.0.0.1/36535] INFO  ozone.HddsDatanodeService (HddsDatanodeService.java:start(234)) - HddsDatanodeService host:fv-az59-280.csjynl4pkq3e1pkirw3ssqjfoh.cx.internal.cloudapp.net ip:10.1.0.50
2022-01-06 13:29:49,870 [org.apache.hadoop.util.JvmPauseMonitor$Monitor@79475ab4] INFO  util.JvmPauseMonitor (JvmPauseMonitor.java:run(188)) - Starting JVM pause monitor
2022-01-06 13:29:49,873 [Datanode State Machine Task Thread - 0] INFO  datanode.InitDatanodeState (InitDatanodeState.java:persistContainerDatanodeDetails(145)) - DatanodeDetails is persisted to /home/runner/work/ozone/ozone/hadoop-ozone/integration-test/target/test-dir/MiniOzoneClusterImpl-1040910a-51cd-4ce1-8f2d-abd84b974e59/datanode-5/meta/datanode.id
2022-01-06 13:29:49,886 [Listener at 127.0.0.1/36535] INFO  upgrade.AbstractLayoutVersionManager (AbstractLayoutVersionManager.java:init(79)) - Initializing Layout version manager with metadata layout = SCM_HA (version = 2), software layout = SCM_HA (version = 2)
2022-01-06 13:29:49,921 [Listener at 127.0.0.1/36535] INFO  reflections.Reflections (Reflections.java:scan(232)) - Reflections took 34 ms to scan 7 urls, producing 119 keys and 279 values 
2022-01-06 13:29:49,923 [Listener at 127.0.0.1/36535] INFO  statemachine.DatanodeStateMachine (DatanodeStateMachine.java:getEndPointTaskThreadPoolSize(219)) - Datanode State Machine Task Thread Pool size 2
2022-01-06 13:29:49,927 [Listener at 127.0.0.1/36535] INFO  volume.HddsVolume (HddsVolume.java:<init>(120)) - Creating HddsVolume: /home/runner/work/ozone/ozone/hadoop-ozone/integration-test/target/test-dir/MiniOzoneClusterImpl-1040910a-51cd-4ce1-8f2d-abd84b974e59/datanode-6/data-0/containers/hdds of storage type : DISK capacity : 9223372036854775807
2022-01-06 13:29:49,927 [Listener at 127.0.0.1/36535] INFO  volume.MutableVolumeSet (MutableVolumeSet.java:initializeVolumeSet(168)) - Added Volume : /home/runner/work/ozone/ozone/hadoop-ozone/integration-test/target/test-dir/MiniOzoneClusterImpl-1040910a-51cd-4ce1-8f2d-abd84b974e59/datanode-6/data-0/containers/hdds to VolumeSet
2022-01-06 13:29:49,927 [Listener at 127.0.0.1/36535] INFO  volume.ThrottledAsyncChecker (ThrottledAsyncChecker.java:schedule(141)) - Scheduling a check for /home/runner/work/ozone/ozone/hadoop-ozone/integration-test/target/test-dir/MiniOzoneClusterImpl-1040910a-51cd-4ce1-8f2d-abd84b974e59/datanode-6/data-0/containers/hdds
2022-01-06 13:29:49,928 [Listener at 127.0.0.1/36535] INFO  volume.StorageVolumeChecker (StorageVolumeChecker.java:checkAllVolumes(202)) - Scheduled health check for volume /home/runner/work/ozone/ozone/hadoop-ozone/integration-test/target/test-dir/MiniOzoneClusterImpl-1040910a-51cd-4ce1-8f2d-abd84b974e59/datanode-6/data-0/containers/hdds
2022-01-06 13:29:49,941 [Listener at 127.0.0.1/36535] INFO  volume.MutableVolumeSet (MutableVolumeSet.java:initializeVolumeSet(168)) - Added Volume : /home/runner/work/ozone/ozone/hadoop-ozone/integration-test/target/test-dir/MiniOzoneClusterImpl-1040910a-51cd-4ce1-8f2d-abd84b974e59/datanode-6/data/ratis to VolumeSet
2022-01-06 13:29:49,941 [Listener at 127.0.0.1/36535] INFO  volume.ThrottledAsyncChecker (ThrottledAsyncChecker.java:schedule(141)) - Scheduling a check for /home/runner/work/ozone/ozone/hadoop-ozone/integration-test/target/test-dir/MiniOzoneClusterImpl-1040910a-51cd-4ce1-8f2d-abd84b974e59/datanode-6/data/ratis
2022-01-06 13:29:49,942 [Listener at 127.0.0.1/36535] INFO  volume.StorageVolumeChecker (StorageVolumeChecker.java:checkAllVolumes(202)) - Scheduled health check for volume /home/runner/work/ozone/ozone/hadoop-ozone/integration-test/target/test-dir/MiniOzoneClusterImpl-1040910a-51cd-4ce1-8f2d-abd84b974e59/datanode-6/data/ratis
2022-01-06 13:29:49,954 [Thread-203] INFO  ozoneimpl.ContainerReader (ContainerReader.java:readVolume(172)) - Finish verifying containers on volume /home/runner/work/ozone/ozone/hadoop-ozone/integration-test/target/test-dir/MiniOzoneClusterImpl-1040910a-51cd-4ce1-8f2d-abd84b974e59/datanode-6/data-0/containers/hdds
2022-01-06 13:29:49,954 [Listener at 127.0.0.1/36535] INFO  ozoneimpl.OzoneContainer (OzoneContainer.java:buildContainerSet(237)) - Build ContainerSet costs 0s
2022-01-06 13:29:49,957 [Listener at 127.0.0.1/36535] INFO  server.RaftServer (ConfUtils.java:logGet(44)) - raft.rpc.type = GRPC (default)
2022-01-06 13:29:49,957 [Listener at 127.0.0.1/36535] INFO  grpc.GrpcFactory (GrpcFactory.java:checkPooledByteBufAllocatorUseCacheForAllThreads(48)) - PERFORMANCE WARNING: useCacheForAllThreads is true that may cause Netty to create a lot garbage objects and, as a result, trigger GC.
	It is recommended to disable useCacheForAllThreads by setting -Dorg.apache.ratis.thirdparty.io.netty.allocator.useCacheForAllThreads=false in command line.
2022-01-06 13:29:49,957 [Listener at 127.0.0.1/36535] INFO  grpc.GrpcConfigKeys (ConfUtils.java:logGet(44)) - raft.grpc.admin.port = 0 (custom)
2022-01-06 13:29:49,957 [Listener at 127.0.0.1/36535] INFO  grpc.GrpcConfigKeys (ConfUtils.java:logGet(44)) - raft.grpc.client.port = 0 (custom)
2022-01-06 13:29:49,958 [Listener at 127.0.0.1/36535] INFO  grpc.GrpcConfigKeys (ConfUtils.java:logGet(44)) - raft.grpc.server.port = 0 (default)
2022-01-06 13:29:49,958 [Listener at 127.0.0.1/36535] INFO  server.GrpcService (ConfUtils.java:logGet(44)) - raft.grpc.message.size.max = 32MB (=33554432) (custom)
2022-01-06 13:29:49,958 [Listener at 127.0.0.1/36535] INFO  server.RaftServerConfigKeys (ConfUtils.java:logGet(44)) - raft.server.log.appender.buffer.byte-limit = 33554432 (custom)
2022-01-06 13:29:49,958 [Listener at 127.0.0.1/36535] INFO  server.GrpcService (ConfUtils.java:logGet(44)) - raft.grpc.flow.control.window = 5MB (=5242880) (custom)
2022-01-06 13:29:49,958 [Listener at 127.0.0.1/36535] INFO  server.RaftServerConfigKeys (ConfUtils.java:logGet(44)) - raft.server.rpc.request.timeout = 3000ms (default)
2022-01-06 13:29:49,959 [Listener at 127.0.0.1/36535] INFO  impl.DataStreamServerImpl (ConfUtils.java:logGet(44)) - raft.datastream.type = DISABLED (default)
2022-01-06 13:29:49,959 [Listener at 127.0.0.1/36535] INFO  server.RaftServerConfigKeys (ConfUtils.java:logGet(44)) - raft.server.rpc.slowness.timeout = 300000ms (custom)
2022-01-06 13:29:49,960 [Listener at 127.0.0.1/36535] INFO  server.RaftServerConfigKeys (ConfUtils.java:logGet(44)) - raft.server.leaderelection.leader.step-down.wait-time = 10s (default)
2022-01-06 13:29:49,960 [Listener at 127.0.0.1/36535] INFO  server.RaftServerConfigKeys (ConfUtils.java:logGet(44)) - raft.server.storage.dir = [/home/runner/work/ozone/ozone/hadoop-ozone/integration-test/target/test-dir/MiniOzoneClusterImpl-1040910a-51cd-4ce1-8f2d-abd84b974e59/datanode-6/data/ratis] (custom)
2022-01-06 13:29:49,961 [Listener at 127.0.0.1/36535] INFO  server.XceiverServerGrpc (XceiverServerGrpc.java:<init>(132)) - GrpcServer channel type EpollServerSocketChannel
2022-01-06 13:29:49,967 [Listener at 127.0.0.1/36535] INFO  http.BaseHttpServer (BaseHttpServer.java:newHttpServer2BuilderForOzone(209)) - Starting Web-server for hddsDatanode at: http://0.0.0.0:0
2022-01-06 13:29:49,967 [Listener at 127.0.0.1/36535] INFO  http.BaseHttpServer (BaseHttpServer.java:<init>(107)) - Hadoop Security Enabled: false Ozone Security Enabled: false Ozone HTTP Security Enabled: false 
2022-01-06 13:29:49,968 [Listener at 127.0.0.1/36535] INFO  server.AuthenticationFilter (AuthenticationFilter.java:constructSecretProvider(240)) - Unable to initialize FileSignerSecretProvider, falling back to use random secrets.
2022-01-06 13:29:49,974 [Listener at 127.0.0.1/36535] WARN  http.HttpRequestLog (HttpRequestLog.java:getRequestLog(103)) - Jetty request log can only be enabled using Log4j
2022-01-06 13:29:49,974 [Listener at 127.0.0.1/36535] INFO  http.HttpServer2 (HttpServer2.java:addGlobalFilter(1030)) - Added global filter 'safety' (class=org.apache.hadoop.hdds.server.http.HttpServer2$QuotingInputFilter)
2022-01-06 13:29:49,976 [Listener at 127.0.0.1/36535] INFO  http.HttpServer2 (HttpServer2.java:addFilter(1006)) - Added filter static_user_filter (class=org.apache.hadoop.http.lib.StaticUserWebFilter$StaticUserFilter) to context hddsDatanode
2022-01-06 13:29:49,976 [Listener at 127.0.0.1/36535] INFO  http.HttpServer2 (HttpServer2.java:addFilter(1014)) - Added filter static_user_filter (class=org.apache.hadoop.http.lib.StaticUserWebFilter$StaticUserFilter) to context static
2022-01-06 13:29:49,976 [Listener at 127.0.0.1/36535] INFO  http.HttpServer2 (HttpServer2.java:addFilter(1014)) - Added filter static_user_filter (class=org.apache.hadoop.http.lib.StaticUserWebFilter$StaticUserFilter) to context logs
2022-01-06 13:29:49,977 [Listener at 127.0.0.1/36535] INFO  http.HttpServer2 (HttpServer2.java:bindListener(1249)) - Jetty bound to port 36291
2022-01-06 13:29:49,977 [Listener at 127.0.0.1/36535] INFO  server.Server (Server.java:doStart(375)) - jetty-9.4.43.v20210629; built: 2021-06-30T11:07:22.254Z; git: 526006ecfa3af7f1a27ef3a288e2bef7ea9dd7e8; jvm 1.8.0_292-b10
2022-01-06 13:29:49,978 [Listener at 127.0.0.1/36535] INFO  server.session (DefaultSessionIdManager.java:doStart(334)) - DefaultSessionIdManager workerName=node0
2022-01-06 13:29:49,978 [Listener at 127.0.0.1/36535] INFO  server.session (DefaultSessionIdManager.java:doStart(339)) - No SessionScavenger set, using defaults
2022-01-06 13:29:49,979 [Listener at 127.0.0.1/36535] INFO  server.session (HouseKeeper.java:startScavenging(132)) - node0 Scavenging every 600000ms
2022-01-06 13:29:49,979 [Listener at 127.0.0.1/36535] INFO  handler.ContextHandler (ContextHandler.java:doStart(915)) - Started o.e.j.s.ServletContextHandler@4136d4da{logs,/logs,file:///home/runner/work/ozone/ozone/hadoop-ozone/integration-test/target/log,AVAILABLE}
2022-01-06 13:29:49,980 [Listener at 127.0.0.1/36535] INFO  handler.ContextHandler (ContextHandler.java:doStart(915)) - Started o.e.j.s.ServletContextHandler@2e7d71d9{static,/static,jar:file:/home/runner/.m2/repository/org/apache/ozone/hdds-container-service/1.3.0-SNAPSHOT/hdds-container-service-1.3.0-SNAPSHOT.jar!/webapps/static,AVAILABLE}
2022-01-06 13:29:50,018 [Listener at 127.0.0.1/36535] INFO  handler.ContextHandler (ContextHandler.java:doStart(915)) - Started o.e.j.w.WebAppContext@627e21c9{hddsDatanode,/,file:///tmp/jetty-0_0_0_0-36291-hdds-container-service-1_3_0-SNAPSHOT_jar-_-any-2274722795960429901/webapp/,AVAILABLE}{jar:file:/home/runner/.m2/repository/org/apache/ozone/hdds-container-service/1.3.0-SNAPSHOT/hdds-container-service-1.3.0-SNAPSHOT.jar!/webapps/hddsDatanode}
2022-01-06 13:29:50,023 [Listener at 127.0.0.1/36535] INFO  server.AbstractConnector (AbstractConnector.java:doStart(331)) - Started ServerConnector@1e695be6{HTTP/1.1, (http/1.1)}{0.0.0.0:36291}
2022-01-06 13:29:50,023 [Listener at 127.0.0.1/36535] INFO  server.Server (Server.java:doStart(415)) - Started @7767ms
2022-01-06 13:29:50,023 [Listener at 127.0.0.1/36535] WARN  impl.MetricsSystemImpl (MetricsSystemImpl.java:register(279)) - Sink prometheus already exists!
2022-01-06 13:29:50,024 [Listener at 127.0.0.1/36535] INFO  http.BaseHttpServer (BaseHttpServer.java:updateConnectorAddress(329)) - HTTP server of hddsDatanode listening at http://0.0.0.0:36291
2022-01-06 13:29:50,026 [Listener at 127.0.0.1/36535] WARN  impl.MetricRegistriesImpl (MetricRegistriesImpl.java:addReporterRegistration(111)) - New reporters are added after registries were created. Some metrics will be missing from the reporter. Please add reporter before adding any new registry.
2022-01-06 13:29:50,026 [Listener at 127.0.0.1/36535] WARN  impl.MetricRegistriesImpl (MetricRegistriesImpl.java:addReporterRegistration(111)) - New reporters are added after registries were created. Some metrics will be missing from the reporter. Please add reporter before adding any new registry.
2022-01-06 13:29:50,027 [Listener at 127.0.0.1/36535] INFO  impl.MetricsSystemImpl (MetricsSystemImpl.java:init(158)) - HddsDatanode metrics system started (again)
2022-01-06 13:29:50,034 [Datanode State Machine Daemon Thread] INFO  statemachine.DatanodeStateMachine (DatanodeStateMachine.java:lambda$startDaemon$0(467)) - Ozone container server started.
2022-01-06 13:29:50,041 [Listener at 127.0.0.1/36535] INFO  ozone.HddsDatanodeService (HddsDatanodeService.java:start(234)) - HddsDatanodeService host:fv-az59-280.csjynl4pkq3e1pkirw3ssqjfoh.cx.internal.cloudapp.net ip:10.1.0.50
2022-01-06 13:29:50,054 [org.apache.hadoop.util.JvmPauseMonitor$Monitor@636f088] INFO  util.JvmPauseMonitor (JvmPauseMonitor.java:run(188)) - Starting JVM pause monitor
2022-01-06 13:29:50,062 [Datanode State Machine Task Thread - 0] INFO  datanode.InitDatanodeState (InitDatanodeState.java:persistContainerDatanodeDetails(145)) - DatanodeDetails is persisted to /home/runner/work/ozone/ozone/hadoop-ozone/integration-test/target/test-dir/MiniOzoneClusterImpl-1040910a-51cd-4ce1-8f2d-abd84b974e59/datanode-6/meta/datanode.id
2022-01-06 13:29:50,069 [Listener at 127.0.0.1/36535] INFO  upgrade.AbstractLayoutVersionManager (AbstractLayoutVersionManager.java:init(79)) - Initializing Layout version manager with metadata layout = SCM_HA (version = 2), software layout = SCM_HA (version = 2)
2022-01-06 13:29:50,105 [Listener at 127.0.0.1/36535] INFO  reflections.Reflections (Reflections.java:scan(232)) - Reflections took 35 ms to scan 7 urls, producing 119 keys and 279 values 
2022-01-06 13:29:50,106 [Listener at 127.0.0.1/36535] INFO  statemachine.DatanodeStateMachine (DatanodeStateMachine.java:getEndPointTaskThreadPoolSize(219)) - Datanode State Machine Task Thread Pool size 2
2022-01-06 13:29:50,111 [Listener at 127.0.0.1/36535] INFO  volume.HddsVolume (HddsVolume.java:<init>(120)) - Creating HddsVolume: /home/runner/work/ozone/ozone/hadoop-ozone/integration-test/target/test-dir/MiniOzoneClusterImpl-1040910a-51cd-4ce1-8f2d-abd84b974e59/datanode-7/data-0/containers/hdds of storage type : DISK capacity : 9223372036854775807
2022-01-06 13:29:50,111 [Listener at 127.0.0.1/36535] INFO  volume.MutableVolumeSet (MutableVolumeSet.java:initializeVolumeSet(168)) - Added Volume : /home/runner/work/ozone/ozone/hadoop-ozone/integration-test/target/test-dir/MiniOzoneClusterImpl-1040910a-51cd-4ce1-8f2d-abd84b974e59/datanode-7/data-0/containers/hdds to VolumeSet
2022-01-06 13:29:50,112 [Listener at 127.0.0.1/36535] INFO  volume.ThrottledAsyncChecker (ThrottledAsyncChecker.java:schedule(141)) - Scheduling a check for /home/runner/work/ozone/ozone/hadoop-ozone/integration-test/target/test-dir/MiniOzoneClusterImpl-1040910a-51cd-4ce1-8f2d-abd84b974e59/datanode-7/data-0/containers/hdds
2022-01-06 13:29:50,118 [Listener at 127.0.0.1/36535] INFO  volume.StorageVolumeChecker (StorageVolumeChecker.java:checkAllVolumes(202)) - Scheduled health check for volume /home/runner/work/ozone/ozone/hadoop-ozone/integration-test/target/test-dir/MiniOzoneClusterImpl-1040910a-51cd-4ce1-8f2d-abd84b974e59/datanode-7/data-0/containers/hdds
2022-01-06 13:29:50,132 [Listener at 127.0.0.1/36535] INFO  volume.MutableVolumeSet (MutableVolumeSet.java:initializeVolumeSet(168)) - Added Volume : /home/runner/work/ozone/ozone/hadoop-ozone/integration-test/target/test-dir/MiniOzoneClusterImpl-1040910a-51cd-4ce1-8f2d-abd84b974e59/datanode-7/data/ratis to VolumeSet
2022-01-06 13:29:50,132 [Listener at 127.0.0.1/36535] INFO  volume.ThrottledAsyncChecker (ThrottledAsyncChecker.java:schedule(141)) - Scheduling a check for /home/runner/work/ozone/ozone/hadoop-ozone/integration-test/target/test-dir/MiniOzoneClusterImpl-1040910a-51cd-4ce1-8f2d-abd84b974e59/datanode-7/data/ratis
2022-01-06 13:29:50,133 [Listener at 127.0.0.1/36535] INFO  volume.StorageVolumeChecker (StorageVolumeChecker.java:checkAllVolumes(202)) - Scheduled health check for volume /home/runner/work/ozone/ozone/hadoop-ozone/integration-test/target/test-dir/MiniOzoneClusterImpl-1040910a-51cd-4ce1-8f2d-abd84b974e59/datanode-7/data/ratis
2022-01-06 13:29:50,146 [Thread-215] INFO  ozoneimpl.ContainerReader (ContainerReader.java:readVolume(172)) - Finish verifying containers on volume /home/runner/work/ozone/ozone/hadoop-ozone/integration-test/target/test-dir/MiniOzoneClusterImpl-1040910a-51cd-4ce1-8f2d-abd84b974e59/datanode-7/data-0/containers/hdds
2022-01-06 13:29:50,146 [Listener at 127.0.0.1/36535] INFO  ozoneimpl.OzoneContainer (OzoneContainer.java:buildContainerSet(237)) - Build ContainerSet costs 0s
2022-01-06 13:29:50,149 [Listener at 127.0.0.1/36535] INFO  server.RaftServer (ConfUtils.java:logGet(44)) - raft.rpc.type = GRPC (default)
2022-01-06 13:29:50,149 [Listener at 127.0.0.1/36535] INFO  grpc.GrpcFactory (GrpcFactory.java:checkPooledByteBufAllocatorUseCacheForAllThreads(48)) - PERFORMANCE WARNING: useCacheForAllThreads is true that may cause Netty to create a lot garbage objects and, as a result, trigger GC.
	It is recommended to disable useCacheForAllThreads by setting -Dorg.apache.ratis.thirdparty.io.netty.allocator.useCacheForAllThreads=false in command line.
2022-01-06 13:29:50,149 [Listener at 127.0.0.1/36535] INFO  grpc.GrpcConfigKeys (ConfUtils.java:logGet(44)) - raft.grpc.admin.port = 0 (custom)
2022-01-06 13:29:50,149 [Listener at 127.0.0.1/36535] INFO  grpc.GrpcConfigKeys (ConfUtils.java:logGet(44)) - raft.grpc.client.port = 0 (custom)
2022-01-06 13:29:50,149 [Listener at 127.0.0.1/36535] INFO  grpc.GrpcConfigKeys (ConfUtils.java:logGet(44)) - raft.grpc.server.port = 0 (default)
2022-01-06 13:29:50,149 [Listener at 127.0.0.1/36535] INFO  server.GrpcService (ConfUtils.java:logGet(44)) - raft.grpc.message.size.max = 32MB (=33554432) (custom)
2022-01-06 13:29:50,149 [Listener at 127.0.0.1/36535] INFO  server.RaftServerConfigKeys (ConfUtils.java:logGet(44)) - raft.server.log.appender.buffer.byte-limit = 33554432 (custom)
2022-01-06 13:29:50,150 [Listener at 127.0.0.1/36535] INFO  server.GrpcService (ConfUtils.java:logGet(44)) - raft.grpc.flow.control.window = 5MB (=5242880) (custom)
2022-01-06 13:29:50,150 [Listener at 127.0.0.1/36535] INFO  server.RaftServerConfigKeys (ConfUtils.java:logGet(44)) - raft.server.rpc.request.timeout = 3000ms (default)
2022-01-06 13:29:50,152 [Listener at 127.0.0.1/36535] INFO  impl.DataStreamServerImpl (ConfUtils.java:logGet(44)) - raft.datastream.type = DISABLED (default)
2022-01-06 13:29:50,152 [Listener at 127.0.0.1/36535] INFO  server.RaftServerConfigKeys (ConfUtils.java:logGet(44)) - raft.server.rpc.slowness.timeout = 300000ms (custom)
2022-01-06 13:29:50,153 [Listener at 127.0.0.1/36535] INFO  server.RaftServerConfigKeys (ConfUtils.java:logGet(44)) - raft.server.leaderelection.leader.step-down.wait-time = 10s (default)
2022-01-06 13:29:50,153 [Listener at 127.0.0.1/36535] INFO  server.RaftServerConfigKeys (ConfUtils.java:logGet(44)) - raft.server.storage.dir = [/home/runner/work/ozone/ozone/hadoop-ozone/integration-test/target/test-dir/MiniOzoneClusterImpl-1040910a-51cd-4ce1-8f2d-abd84b974e59/datanode-7/data/ratis] (custom)
2022-01-06 13:29:50,154 [Listener at 127.0.0.1/36535] INFO  server.XceiverServerGrpc (XceiverServerGrpc.java:<init>(132)) - GrpcServer channel type EpollServerSocketChannel
2022-01-06 13:29:50,157 [Listener at 127.0.0.1/36535] INFO  http.BaseHttpServer (BaseHttpServer.java:newHttpServer2BuilderForOzone(209)) - Starting Web-server for hddsDatanode at: http://0.0.0.0:0
2022-01-06 13:29:50,157 [Listener at 127.0.0.1/36535] INFO  http.BaseHttpServer (BaseHttpServer.java:<init>(107)) - Hadoop Security Enabled: false Ozone Security Enabled: false Ozone HTTP Security Enabled: false 
2022-01-06 13:29:50,158 [Listener at 127.0.0.1/36535] INFO  server.AuthenticationFilter (AuthenticationFilter.java:constructSecretProvider(240)) - Unable to initialize FileSignerSecretProvider, falling back to use random secrets.
2022-01-06 13:29:50,158 [Listener at 127.0.0.1/36535] WARN  http.HttpRequestLog (HttpRequestLog.java:getRequestLog(103)) - Jetty request log can only be enabled using Log4j
2022-01-06 13:29:50,159 [Listener at 127.0.0.1/36535] INFO  http.HttpServer2 (HttpServer2.java:addGlobalFilter(1030)) - Added global filter 'safety' (class=org.apache.hadoop.hdds.server.http.HttpServer2$QuotingInputFilter)
2022-01-06 13:29:50,160 [Listener at 127.0.0.1/36535] INFO  http.HttpServer2 (HttpServer2.java:addFilter(1006)) - Added filter static_user_filter (class=org.apache.hadoop.http.lib.StaticUserWebFilter$StaticUserFilter) to context hddsDatanode
2022-01-06 13:29:50,160 [Listener at 127.0.0.1/36535] INFO  http.HttpServer2 (HttpServer2.java:addFilter(1014)) - Added filter static_user_filter (class=org.apache.hadoop.http.lib.StaticUserWebFilter$StaticUserFilter) to context logs
2022-01-06 13:29:50,160 [Listener at 127.0.0.1/36535] INFO  http.HttpServer2 (HttpServer2.java:addFilter(1014)) - Added filter static_user_filter (class=org.apache.hadoop.http.lib.StaticUserWebFilter$StaticUserFilter) to context static
2022-01-06 13:29:50,160 [Listener at 127.0.0.1/36535] INFO  http.HttpServer2 (HttpServer2.java:bindListener(1249)) - Jetty bound to port 43589
2022-01-06 13:29:50,161 [Listener at 127.0.0.1/36535] INFO  server.Server (Server.java:doStart(375)) - jetty-9.4.43.v20210629; built: 2021-06-30T11:07:22.254Z; git: 526006ecfa3af7f1a27ef3a288e2bef7ea9dd7e8; jvm 1.8.0_292-b10
2022-01-06 13:29:50,162 [Listener at 127.0.0.1/36535] INFO  server.session (DefaultSessionIdManager.java:doStart(334)) - DefaultSessionIdManager workerName=node0
2022-01-06 13:29:50,162 [Listener at 127.0.0.1/36535] INFO  server.session (DefaultSessionIdManager.java:doStart(339)) - No SessionScavenger set, using defaults
2022-01-06 13:29:50,162 [Listener at 127.0.0.1/36535] INFO  server.session (HouseKeeper.java:startScavenging(132)) - node0 Scavenging every 660000ms
2022-01-06 13:29:50,163 [Listener at 127.0.0.1/36535] INFO  handler.ContextHandler (ContextHandler.java:doStart(915)) - Started o.e.j.s.ServletContextHandler@6f8a516c{logs,/logs,file:///home/runner/work/ozone/ozone/hadoop-ozone/integration-test/target/log,AVAILABLE}
2022-01-06 13:29:50,163 [Listener at 127.0.0.1/36535] INFO  handler.ContextHandler (ContextHandler.java:doStart(915)) - Started o.e.j.s.ServletContextHandler@a9c51ea{static,/static,jar:file:/home/runner/.m2/repository/org/apache/ozone/hdds-container-service/1.3.0-SNAPSHOT/hdds-container-service-1.3.0-SNAPSHOT.jar!/webapps/static,AVAILABLE}
2022-01-06 13:29:50,202 [Listener at 127.0.0.1/36535] INFO  handler.ContextHandler (ContextHandler.java:doStart(915)) - Started o.e.j.w.WebAppContext@56352274{hddsDatanode,/,file:///tmp/jetty-0_0_0_0-43589-hdds-container-service-1_3_0-SNAPSHOT_jar-_-any-2007277983727335664/webapp/,AVAILABLE}{jar:file:/home/runner/.m2/repository/org/apache/ozone/hdds-container-service/1.3.0-SNAPSHOT/hdds-container-service-1.3.0-SNAPSHOT.jar!/webapps/hddsDatanode}
2022-01-06 13:29:50,203 [Listener at 127.0.0.1/36535] INFO  server.AbstractConnector (AbstractConnector.java:doStart(331)) - Started ServerConnector@6a4b956f{HTTP/1.1, (http/1.1)}{0.0.0.0:43589}
2022-01-06 13:29:50,204 [Listener at 127.0.0.1/36535] INFO  server.Server (Server.java:doStart(415)) - Started @7948ms
2022-01-06 13:29:50,204 [Listener at 127.0.0.1/36535] WARN  impl.MetricsSystemImpl (MetricsSystemImpl.java:register(279)) - Sink prometheus already exists!
2022-01-06 13:29:50,204 [Listener at 127.0.0.1/36535] INFO  http.BaseHttpServer (BaseHttpServer.java:updateConnectorAddress(329)) - HTTP server of hddsDatanode listening at http://0.0.0.0:43589
2022-01-06 13:29:50,205 [Listener at 127.0.0.1/36535] WARN  impl.MetricRegistriesImpl (MetricRegistriesImpl.java:addReporterRegistration(111)) - New reporters are added after registries were created. Some metrics will be missing from the reporter. Please add reporter before adding any new registry.
2022-01-06 13:29:50,205 [Listener at 127.0.0.1/36535] WARN  impl.MetricRegistriesImpl (MetricRegistriesImpl.java:addReporterRegistration(111)) - New reporters are added after registries were created. Some metrics will be missing from the reporter. Please add reporter before adding any new registry.
2022-01-06 13:29:50,205 [Listener at 127.0.0.1/36535] INFO  impl.MetricsSystemImpl (MetricsSystemImpl.java:init(158)) - HddsDatanode metrics system started (again)
2022-01-06 13:29:50,214 [Datanode State Machine Daemon Thread] INFO  statemachine.DatanodeStateMachine (DatanodeStateMachine.java:lambda$startDaemon$0(467)) - Ozone container server started.
2022-01-06 13:29:50,234 [org.apache.hadoop.util.JvmPauseMonitor$Monitor@5a394fc0] INFO  util.JvmPauseMonitor (JvmPauseMonitor.java:run(188)) - Starting JVM pause monitor
2022-01-06 13:29:50,238 [Listener at 127.0.0.1/36535] INFO  ozone.HddsDatanodeService (HddsDatanodeService.java:start(234)) - HddsDatanodeService host:fv-az59-280.csjynl4pkq3e1pkirw3ssqjfoh.cx.internal.cloudapp.net ip:10.1.0.50
2022-01-06 13:29:50,242 [Datanode State Machine Task Thread - 0] INFO  datanode.InitDatanodeState (InitDatanodeState.java:persistContainerDatanodeDetails(145)) - DatanodeDetails is persisted to /home/runner/work/ozone/ozone/hadoop-ozone/integration-test/target/test-dir/MiniOzoneClusterImpl-1040910a-51cd-4ce1-8f2d-abd84b974e59/datanode-7/meta/datanode.id
2022-01-06 13:29:50,255 [Listener at 127.0.0.1/36535] INFO  upgrade.AbstractLayoutVersionManager (AbstractLayoutVersionManager.java:init(79)) - Initializing Layout version manager with metadata layout = SCM_HA (version = 2), software layout = SCM_HA (version = 2)
2022-01-06 13:29:50,293 [Listener at 127.0.0.1/36535] INFO  reflections.Reflections (Reflections.java:scan(232)) - Reflections took 37 ms to scan 7 urls, producing 119 keys and 279 values 
2022-01-06 13:29:50,296 [Listener at 127.0.0.1/36535] INFO  statemachine.DatanodeStateMachine (DatanodeStateMachine.java:getEndPointTaskThreadPoolSize(219)) - Datanode State Machine Task Thread Pool size 2
2022-01-06 13:29:50,297 [Listener at 127.0.0.1/36535] INFO  volume.HddsVolume (HddsVolume.java:<init>(120)) - Creating HddsVolume: /home/runner/work/ozone/ozone/hadoop-ozone/integration-test/target/test-dir/MiniOzoneClusterImpl-1040910a-51cd-4ce1-8f2d-abd84b974e59/datanode-8/data-0/containers/hdds of storage type : DISK capacity : 9223372036854775807
2022-01-06 13:29:50,298 [Listener at 127.0.0.1/36535] INFO  volume.MutableVolumeSet (MutableVolumeSet.java:initializeVolumeSet(168)) - Added Volume : /home/runner/work/ozone/ozone/hadoop-ozone/integration-test/target/test-dir/MiniOzoneClusterImpl-1040910a-51cd-4ce1-8f2d-abd84b974e59/datanode-8/data-0/containers/hdds to VolumeSet
2022-01-06 13:29:50,298 [Listener at 127.0.0.1/36535] INFO  volume.ThrottledAsyncChecker (ThrottledAsyncChecker.java:schedule(141)) - Scheduling a check for /home/runner/work/ozone/ozone/hadoop-ozone/integration-test/target/test-dir/MiniOzoneClusterImpl-1040910a-51cd-4ce1-8f2d-abd84b974e59/datanode-8/data-0/containers/hdds
2022-01-06 13:29:50,302 [Listener at 127.0.0.1/36535] INFO  volume.StorageVolumeChecker (StorageVolumeChecker.java:checkAllVolumes(202)) - Scheduled health check for volume /home/runner/work/ozone/ozone/hadoop-ozone/integration-test/target/test-dir/MiniOzoneClusterImpl-1040910a-51cd-4ce1-8f2d-abd84b974e59/datanode-8/data-0/containers/hdds
2022-01-06 13:29:50,318 [Listener at 127.0.0.1/36535] INFO  volume.MutableVolumeSet (MutableVolumeSet.java:initializeVolumeSet(168)) - Added Volume : /home/runner/work/ozone/ozone/hadoop-ozone/integration-test/target/test-dir/MiniOzoneClusterImpl-1040910a-51cd-4ce1-8f2d-abd84b974e59/datanode-8/data/ratis to VolumeSet
2022-01-06 13:29:50,318 [Listener at 127.0.0.1/36535] INFO  volume.ThrottledAsyncChecker (ThrottledAsyncChecker.java:schedule(141)) - Scheduling a check for /home/runner/work/ozone/ozone/hadoop-ozone/integration-test/target/test-dir/MiniOzoneClusterImpl-1040910a-51cd-4ce1-8f2d-abd84b974e59/datanode-8/data/ratis
2022-01-06 13:29:50,319 [Listener at 127.0.0.1/36535] INFO  volume.StorageVolumeChecker (StorageVolumeChecker.java:checkAllVolumes(202)) - Scheduled health check for volume /home/runner/work/ozone/ozone/hadoop-ozone/integration-test/target/test-dir/MiniOzoneClusterImpl-1040910a-51cd-4ce1-8f2d-abd84b974e59/datanode-8/data/ratis
2022-01-06 13:29:50,331 [Thread-227] INFO  ozoneimpl.ContainerReader (ContainerReader.java:readVolume(172)) - Finish verifying containers on volume /home/runner/work/ozone/ozone/hadoop-ozone/integration-test/target/test-dir/MiniOzoneClusterImpl-1040910a-51cd-4ce1-8f2d-abd84b974e59/datanode-8/data-0/containers/hdds
2022-01-06 13:29:50,332 [Listener at 127.0.0.1/36535] INFO  ozoneimpl.OzoneContainer (OzoneContainer.java:buildContainerSet(237)) - Build ContainerSet costs 0s
2022-01-06 13:29:50,334 [Listener at 127.0.0.1/36535] INFO  server.RaftServer (ConfUtils.java:logGet(44)) - raft.rpc.type = GRPC (default)
2022-01-06 13:29:50,334 [Listener at 127.0.0.1/36535] INFO  grpc.GrpcFactory (GrpcFactory.java:checkPooledByteBufAllocatorUseCacheForAllThreads(48)) - PERFORMANCE WARNING: useCacheForAllThreads is true that may cause Netty to create a lot garbage objects and, as a result, trigger GC.
	It is recommended to disable useCacheForAllThreads by setting -Dorg.apache.ratis.thirdparty.io.netty.allocator.useCacheForAllThreads=false in command line.
2022-01-06 13:29:50,334 [Listener at 127.0.0.1/36535] INFO  grpc.GrpcConfigKeys (ConfUtils.java:logGet(44)) - raft.grpc.admin.port = 0 (custom)
2022-01-06 13:29:50,335 [Listener at 127.0.0.1/36535] INFO  grpc.GrpcConfigKeys (ConfUtils.java:logGet(44)) - raft.grpc.client.port = 0 (custom)
2022-01-06 13:29:50,335 [Listener at 127.0.0.1/36535] INFO  grpc.GrpcConfigKeys (ConfUtils.java:logGet(44)) - raft.grpc.server.port = 0 (default)
2022-01-06 13:29:50,335 [Listener at 127.0.0.1/36535] INFO  server.GrpcService (ConfUtils.java:logGet(44)) - raft.grpc.message.size.max = 32MB (=33554432) (custom)
2022-01-06 13:29:50,335 [Listener at 127.0.0.1/36535] INFO  server.RaftServerConfigKeys (ConfUtils.java:logGet(44)) - raft.server.log.appender.buffer.byte-limit = 33554432 (custom)
2022-01-06 13:29:50,335 [Listener at 127.0.0.1/36535] INFO  server.GrpcService (ConfUtils.java:logGet(44)) - raft.grpc.flow.control.window = 5MB (=5242880) (custom)
2022-01-06 13:29:50,335 [Listener at 127.0.0.1/36535] INFO  server.RaftServerConfigKeys (ConfUtils.java:logGet(44)) - raft.server.rpc.request.timeout = 3000ms (default)
2022-01-06 13:29:50,336 [Listener at 127.0.0.1/36535] INFO  impl.DataStreamServerImpl (ConfUtils.java:logGet(44)) - raft.datastream.type = DISABLED (default)
2022-01-06 13:29:50,336 [Listener at 127.0.0.1/36535] INFO  server.RaftServerConfigKeys (ConfUtils.java:logGet(44)) - raft.server.rpc.slowness.timeout = 300000ms (custom)
2022-01-06 13:29:50,337 [Listener at 127.0.0.1/36535] INFO  server.RaftServerConfigKeys (ConfUtils.java:logGet(44)) - raft.server.leaderelection.leader.step-down.wait-time = 10s (default)
2022-01-06 13:29:50,337 [Listener at 127.0.0.1/36535] INFO  server.RaftServerConfigKeys (ConfUtils.java:logGet(44)) - raft.server.storage.dir = [/home/runner/work/ozone/ozone/hadoop-ozone/integration-test/target/test-dir/MiniOzoneClusterImpl-1040910a-51cd-4ce1-8f2d-abd84b974e59/datanode-8/data/ratis] (custom)
2022-01-06 13:29:50,338 [Listener at 127.0.0.1/36535] INFO  server.XceiverServerGrpc (XceiverServerGrpc.java:<init>(132)) - GrpcServer channel type EpollServerSocketChannel
2022-01-06 13:29:50,340 [Listener at 127.0.0.1/36535] INFO  http.BaseHttpServer (BaseHttpServer.java:newHttpServer2BuilderForOzone(209)) - Starting Web-server for hddsDatanode at: http://0.0.0.0:0
2022-01-06 13:29:50,340 [Listener at 127.0.0.1/36535] INFO  http.BaseHttpServer (BaseHttpServer.java:<init>(107)) - Hadoop Security Enabled: false Ozone Security Enabled: false Ozone HTTP Security Enabled: false 
2022-01-06 13:29:50,342 [Listener at 127.0.0.1/36535] INFO  server.AuthenticationFilter (AuthenticationFilter.java:constructSecretProvider(240)) - Unable to initialize FileSignerSecretProvider, falling back to use random secrets.
2022-01-06 13:29:50,342 [Listener at 127.0.0.1/36535] WARN  http.HttpRequestLog (HttpRequestLog.java:getRequestLog(103)) - Jetty request log can only be enabled using Log4j
2022-01-06 13:29:50,343 [Listener at 127.0.0.1/36535] INFO  http.HttpServer2 (HttpServer2.java:addGlobalFilter(1030)) - Added global filter 'safety' (class=org.apache.hadoop.hdds.server.http.HttpServer2$QuotingInputFilter)
2022-01-06 13:29:50,344 [Listener at 127.0.0.1/36535] INFO  http.HttpServer2 (HttpServer2.java:addFilter(1006)) - Added filter static_user_filter (class=org.apache.hadoop.http.lib.StaticUserWebFilter$StaticUserFilter) to context hddsDatanode
2022-01-06 13:29:50,344 [Listener at 127.0.0.1/36535] INFO  http.HttpServer2 (HttpServer2.java:addFilter(1014)) - Added filter static_user_filter (class=org.apache.hadoop.http.lib.StaticUserWebFilter$StaticUserFilter) to context logs
2022-01-06 13:29:50,344 [Listener at 127.0.0.1/36535] INFO  http.HttpServer2 (HttpServer2.java:addFilter(1014)) - Added filter static_user_filter (class=org.apache.hadoop.http.lib.StaticUserWebFilter$StaticUserFilter) to context static
2022-01-06 13:29:50,345 [Listener at 127.0.0.1/36535] INFO  http.HttpServer2 (HttpServer2.java:bindListener(1249)) - Jetty bound to port 38159
2022-01-06 13:29:50,345 [Listener at 127.0.0.1/36535] INFO  server.Server (Server.java:doStart(375)) - jetty-9.4.43.v20210629; built: 2021-06-30T11:07:22.254Z; git: 526006ecfa3af7f1a27ef3a288e2bef7ea9dd7e8; jvm 1.8.0_292-b10
2022-01-06 13:29:50,347 [Listener at 127.0.0.1/36535] INFO  server.session (DefaultSessionIdManager.java:doStart(334)) - DefaultSessionIdManager workerName=node0
2022-01-06 13:29:50,347 [Listener at 127.0.0.1/36535] INFO  server.session (DefaultSessionIdManager.java:doStart(339)) - No SessionScavenger set, using defaults
2022-01-06 13:29:50,347 [Listener at 127.0.0.1/36535] INFO  server.session (HouseKeeper.java:startScavenging(132)) - node0 Scavenging every 600000ms
2022-01-06 13:29:50,348 [Listener at 127.0.0.1/36535] INFO  handler.ContextHandler (ContextHandler.java:doStart(915)) - Started o.e.j.s.ServletContextHandler@1f55bb2{logs,/logs,file:///home/runner/work/ozone/ozone/hadoop-ozone/integration-test/target/log,AVAILABLE}
2022-01-06 13:29:50,348 [Listener at 127.0.0.1/36535] INFO  handler.ContextHandler (ContextHandler.java:doStart(915)) - Started o.e.j.s.ServletContextHandler@47098232{static,/static,jar:file:/home/runner/.m2/repository/org/apache/ozone/hdds-container-service/1.3.0-SNAPSHOT/hdds-container-service-1.3.0-SNAPSHOT.jar!/webapps/static,AVAILABLE}
2022-01-06 13:29:50,387 [Listener at 127.0.0.1/36535] INFO  handler.ContextHandler (ContextHandler.java:doStart(915)) - Started o.e.j.w.WebAppContext@7def94bb{hddsDatanode,/,file:///tmp/jetty-0_0_0_0-38159-hdds-container-service-1_3_0-SNAPSHOT_jar-_-any-7855436918559275616/webapp/,AVAILABLE}{jar:file:/home/runner/.m2/repository/org/apache/ozone/hdds-container-service/1.3.0-SNAPSHOT/hdds-container-service-1.3.0-SNAPSHOT.jar!/webapps/hddsDatanode}
2022-01-06 13:29:50,388 [Listener at 127.0.0.1/36535] INFO  server.AbstractConnector (AbstractConnector.java:doStart(331)) - Started ServerConnector@4e025001{HTTP/1.1, (http/1.1)}{0.0.0.0:38159}
2022-01-06 13:29:50,388 [Listener at 127.0.0.1/36535] INFO  server.Server (Server.java:doStart(415)) - Started @8133ms
2022-01-06 13:29:50,389 [Listener at 127.0.0.1/36535] WARN  impl.MetricsSystemImpl (MetricsSystemImpl.java:register(279)) - Sink prometheus already exists!
2022-01-06 13:29:50,389 [Listener at 127.0.0.1/36535] INFO  http.BaseHttpServer (BaseHttpServer.java:updateConnectorAddress(329)) - HTTP server of hddsDatanode listening at http://0.0.0.0:38159
2022-01-06 13:29:50,390 [Datanode State Machine Daemon Thread] INFO  statemachine.DatanodeStateMachine (DatanodeStateMachine.java:lambda$startDaemon$0(467)) - Ozone container server started.
2022-01-06 13:29:50,391 [Listener at 127.0.0.1/36535] INFO  ozone.MiniOzoneClusterImpl (MiniOzoneClusterImpl.java:lambda$waitForClusterToBeReady$0(235)) - Waiting for nodes to be ready. Got 0 of 9 DN Heartbeats.
2022-01-06 13:29:50,391 [Listener at 127.0.0.1/36535] INFO  ozone.MiniOzoneClusterImpl (MiniOzoneClusterImpl.java:lambda$waitForClusterToBeReady$0(238)) - Waiting for cluster to exit safe mode
2022-01-06 13:29:50,391 [Listener at 127.0.0.1/36535] INFO  ozone.MiniOzoneClusterImpl (MiniOzoneClusterImpl.java:lambda$waitForClusterToBeReady$0(240)) - SCM became leader
2022-01-06 13:29:50,398 [org.apache.hadoop.util.JvmPauseMonitor$Monitor@6dbebf33] INFO  util.JvmPauseMonitor (JvmPauseMonitor.java:run(188)) - Starting JVM pause monitor
2022-01-06 13:29:50,402 [Datanode State Machine Task Thread - 0] INFO  datanode.InitDatanodeState (InitDatanodeState.java:persistContainerDatanodeDetails(145)) - DatanodeDetails is persisted to /home/runner/work/ozone/ozone/hadoop-ozone/integration-test/target/test-dir/MiniOzoneClusterImpl-1040910a-51cd-4ce1-8f2d-abd84b974e59/datanode-8/meta/datanode.id
2022-01-06 13:29:50,565 [EndpointStateMachine task thread for /0.0.0.0:33937 - 0 ] INFO  ozoneimpl.OzoneContainer (OzoneContainer.java:start(315)) - Attempting to start container services.
2022-01-06 13:29:50,567 [EndpointStateMachine task thread for /0.0.0.0:33937 - 0 ] INFO  ozoneimpl.OzoneContainer (OzoneContainer.java:startContainerScrub(250)) - Background container scanner has been disabled.
2022-01-06 13:29:50,569 [EndpointStateMachine task thread for /0.0.0.0:33937 - 0 ] INFO  replication.ReplicationServer (ReplicationServer.java:start(107)) - ReplicationServer is started using port 35961
2022-01-06 13:29:50,572 [EndpointStateMachine task thread for /0.0.0.0:33937 - 0 ] INFO  ratis.XceiverServerRatis (XceiverServerRatis.java:start(484)) - Starting XceiverServerRatis 30761433-74de-448b-9041-b7efaa078424
2022-01-06 13:29:50,573 [EndpointStateMachine task thread for /0.0.0.0:33937 - 0 ] INFO  server.RaftServer (RaftServerProxy.java:lambda$start$5(374)) - 30761433-74de-448b-9041-b7efaa078424: start RPC server
2022-01-06 13:29:50,579 [EndpointStateMachine task thread for /0.0.0.0:33937 - 0 ] INFO  server.GrpcService (GrpcService.java:startImpl(253)) - 30761433-74de-448b-9041-b7efaa078424: GrpcService started, listening on 41385
2022-01-06 13:29:50,586 [EndpointStateMachine task thread for /0.0.0.0:33937 - 0 ] INFO  ratis.XceiverServerRatis (XceiverServerRatis.java:getRealPort(505)) - XceiverServerRatis 30761433-74de-448b-9041-b7efaa078424 is started using port 41385 for RATIS
2022-01-06 13:29:50,586 [EndpointStateMachine task thread for /0.0.0.0:33937 - 0 ] INFO  ratis.XceiverServerRatis (XceiverServerRatis.java:getRealPort(505)) - XceiverServerRatis 30761433-74de-448b-9041-b7efaa078424 is started using port 41385 for RATIS_ADMIN
2022-01-06 13:29:50,586 [EndpointStateMachine task thread for /0.0.0.0:33937 - 0 ] INFO  ratis.XceiverServerRatis (XceiverServerRatis.java:getRealPort(505)) - XceiverServerRatis 30761433-74de-448b-9041-b7efaa078424 is started using port 41385 for RATIS_SERVER
2022-01-06 13:29:50,586 [org.apache.ratis.util.JvmPauseMonitor$$Lambda$539/55753935@444fddcd] INFO  util.JvmPauseMonitor (JvmPauseMonitor.java:run(103)) - JvmPauseMonitor-30761433-74de-448b-9041-b7efaa078424: Started
2022-01-06 13:29:50,590 [EndpointStateMachine task thread for /0.0.0.0:33937 - 0 ] INFO  server.XceiverServerGrpc (XceiverServerGrpc.java:start(180)) - XceiverServerGrpc 30761433-74de-448b-9041-b7efaa078424 is started using port 42517
2022-01-06 13:29:50,805 [EndpointStateMachine task thread for /0.0.0.0:33937 - 0 ] INFO  ozoneimpl.OzoneContainer (OzoneContainer.java:start(315)) - Attempting to start container services.
2022-01-06 13:29:50,805 [EndpointStateMachine task thread for /0.0.0.0:33937 - 0 ] INFO  ozoneimpl.OzoneContainer (OzoneContainer.java:startContainerScrub(250)) - Background container scanner has been disabled.
2022-01-06 13:29:50,806 [EndpointStateMachine task thread for /0.0.0.0:33937 - 0 ] INFO  replication.ReplicationServer (ReplicationServer.java:start(107)) - ReplicationServer is started using port 44323
2022-01-06 13:29:50,807 [EndpointStateMachine task thread for /0.0.0.0:33937 - 0 ] INFO  ratis.XceiverServerRatis (XceiverServerRatis.java:start(484)) - Starting XceiverServerRatis 22c8497a-9e61-48ae-afcc-0cb0db452240
2022-01-06 13:29:50,808 [EndpointStateMachine task thread for /0.0.0.0:33937 - 0 ] INFO  server.RaftServer (RaftServerProxy.java:lambda$start$5(374)) - 22c8497a-9e61-48ae-afcc-0cb0db452240: start RPC server
2022-01-06 13:29:50,811 [EndpointStateMachine task thread for /0.0.0.0:33937 - 0 ] INFO  server.GrpcService (GrpcService.java:startImpl(253)) - 22c8497a-9e61-48ae-afcc-0cb0db452240: GrpcService started, listening on 44975
2022-01-06 13:29:50,811 [EndpointStateMachine task thread for /0.0.0.0:33937 - 0 ] INFO  ratis.XceiverServerRatis (XceiverServerRatis.java:getRealPort(505)) - XceiverServerRatis 22c8497a-9e61-48ae-afcc-0cb0db452240 is started using port 44975 for RATIS
2022-01-06 13:29:50,811 [EndpointStateMachine task thread for /0.0.0.0:33937 - 0 ] INFO  ratis.XceiverServerRatis (XceiverServerRatis.java:getRealPort(505)) - XceiverServerRatis 22c8497a-9e61-48ae-afcc-0cb0db452240 is started using port 44975 for RATIS_ADMIN
2022-01-06 13:29:50,811 [EndpointStateMachine task thread for /0.0.0.0:33937 - 0 ] INFO  ratis.XceiverServerRatis (XceiverServerRatis.java:getRealPort(505)) - XceiverServerRatis 22c8497a-9e61-48ae-afcc-0cb0db452240 is started using port 44975 for RATIS_SERVER
2022-01-06 13:29:50,811 [org.apache.ratis.util.JvmPauseMonitor$$Lambda$539/55753935@77d74e40] INFO  util.JvmPauseMonitor (JvmPauseMonitor.java:run(103)) - JvmPauseMonitor-22c8497a-9e61-48ae-afcc-0cb0db452240: Started
2022-01-06 13:29:50,818 [EndpointStateMachine task thread for /0.0.0.0:33937 - 0 ] INFO  server.XceiverServerGrpc (XceiverServerGrpc.java:start(180)) - XceiverServerGrpc 22c8497a-9e61-48ae-afcc-0cb0db452240 is started using port 43543
2022-01-06 13:29:51,221 [EndpointStateMachine task thread for /0.0.0.0:33937 - 0 ] INFO  ozoneimpl.OzoneContainer (OzoneContainer.java:start(315)) - Attempting to start container services.
2022-01-06 13:29:51,221 [EndpointStateMachine task thread for /0.0.0.0:33937 - 0 ] INFO  ozoneimpl.OzoneContainer (OzoneContainer.java:startContainerScrub(250)) - Background container scanner has been disabled.
2022-01-06 13:29:51,223 [EndpointStateMachine task thread for /0.0.0.0:33937 - 0 ] INFO  replication.ReplicationServer (ReplicationServer.java:start(107)) - ReplicationServer is started using port 34521
2022-01-06 13:29:51,224 [EndpointStateMachine task thread for /0.0.0.0:33937 - 0 ] INFO  ratis.XceiverServerRatis (XceiverServerRatis.java:start(484)) - Starting XceiverServerRatis 129ac5cb-389f-40c7-b14f-a1c1703048e2
2022-01-06 13:29:51,226 [EndpointStateMachine task thread for /0.0.0.0:33937 - 0 ] INFO  server.RaftServer (RaftServerProxy.java:lambda$start$5(374)) - 129ac5cb-389f-40c7-b14f-a1c1703048e2: start RPC server
2022-01-06 13:29:51,227 [EndpointStateMachine task thread for /0.0.0.0:33937 - 0 ] INFO  server.GrpcService (GrpcService.java:startImpl(253)) - 129ac5cb-389f-40c7-b14f-a1c1703048e2: GrpcService started, listening on 43165
2022-01-06 13:29:51,227 [EndpointStateMachine task thread for /0.0.0.0:33937 - 0 ] INFO  ratis.XceiverServerRatis (XceiverServerRatis.java:getRealPort(505)) - XceiverServerRatis 129ac5cb-389f-40c7-b14f-a1c1703048e2 is started using port 43165 for RATIS
2022-01-06 13:29:51,227 [EndpointStateMachine task thread for /0.0.0.0:33937 - 0 ] INFO  ratis.XceiverServerRatis (XceiverServerRatis.java:getRealPort(505)) - XceiverServerRatis 129ac5cb-389f-40c7-b14f-a1c1703048e2 is started using port 43165 for RATIS_ADMIN
2022-01-06 13:29:51,227 [org.apache.ratis.util.JvmPauseMonitor$$Lambda$539/55753935@78d61074] INFO  util.JvmPauseMonitor (JvmPauseMonitor.java:run(103)) - JvmPauseMonitor-129ac5cb-389f-40c7-b14f-a1c1703048e2: Started
2022-01-06 13:29:51,227 [EndpointStateMachine task thread for /0.0.0.0:33937 - 0 ] INFO  ratis.XceiverServerRatis (XceiverServerRatis.java:getRealPort(505)) - XceiverServerRatis 129ac5cb-389f-40c7-b14f-a1c1703048e2 is started using port 43165 for RATIS_SERVER
2022-01-06 13:29:51,229 [EndpointStateMachine task thread for /0.0.0.0:33937 - 0 ] INFO  server.XceiverServerGrpc (XceiverServerGrpc.java:start(180)) - XceiverServerGrpc 129ac5cb-389f-40c7-b14f-a1c1703048e2 is started using port 43115
2022-01-06 13:29:51,392 [Listener at 127.0.0.1/36535] INFO  ozone.MiniOzoneClusterImpl (MiniOzoneClusterImpl.java:lambda$waitForClusterToBeReady$0(235)) - Waiting for nodes to be ready. Got 0 of 9 DN Heartbeats.
2022-01-06 13:29:51,392 [Listener at 127.0.0.1/36535] INFO  ozone.MiniOzoneClusterImpl (MiniOzoneClusterImpl.java:lambda$waitForClusterToBeReady$0(238)) - Waiting for cluster to exit safe mode
2022-01-06 13:29:51,392 [Listener at 127.0.0.1/36535] INFO  ozone.MiniOzoneClusterImpl (MiniOzoneClusterImpl.java:lambda$waitForClusterToBeReady$0(240)) - SCM became leader
2022-01-06 13:29:51,489 [EndpointStateMachine task thread for /0.0.0.0:33937 - 0 ] INFO  ozoneimpl.OzoneContainer (OzoneContainer.java:start(315)) - Attempting to start container services.
2022-01-06 13:29:51,489 [EndpointStateMachine task thread for /0.0.0.0:33937 - 0 ] INFO  ozoneimpl.OzoneContainer (OzoneContainer.java:startContainerScrub(250)) - Background container scanner has been disabled.
2022-01-06 13:29:51,491 [EndpointStateMachine task thread for /0.0.0.0:33937 - 0 ] INFO  replication.ReplicationServer (ReplicationServer.java:start(107)) - ReplicationServer is started using port 40151
2022-01-06 13:29:51,491 [EndpointStateMachine task thread for /0.0.0.0:33937 - 0 ] INFO  ratis.XceiverServerRatis (XceiverServerRatis.java:start(484)) - Starting XceiverServerRatis f94be414-d4cd-4929-99d0-8f9eafd02643
2022-01-06 13:29:51,492 [EndpointStateMachine task thread for /0.0.0.0:33937 - 0 ] INFO  server.RaftServer (RaftServerProxy.java:lambda$start$5(374)) - f94be414-d4cd-4929-99d0-8f9eafd02643: start RPC server
2022-01-06 13:29:51,493 [EndpointStateMachine task thread for /0.0.0.0:33937 - 0 ] INFO  server.GrpcService (GrpcService.java:startImpl(253)) - f94be414-d4cd-4929-99d0-8f9eafd02643: GrpcService started, listening on 45415
2022-01-06 13:29:51,494 [EndpointStateMachine task thread for /0.0.0.0:33937 - 0 ] INFO  ratis.XceiverServerRatis (XceiverServerRatis.java:getRealPort(505)) - XceiverServerRatis f94be414-d4cd-4929-99d0-8f9eafd02643 is started using port 45415 for RATIS
2022-01-06 13:29:51,494 [EndpointStateMachine task thread for /0.0.0.0:33937 - 0 ] INFO  ratis.XceiverServerRatis (XceiverServerRatis.java:getRealPort(505)) - XceiverServerRatis f94be414-d4cd-4929-99d0-8f9eafd02643 is started using port 45415 for RATIS_ADMIN
2022-01-06 13:29:51,494 [org.apache.ratis.util.JvmPauseMonitor$$Lambda$539/55753935@74b01611] INFO  util.JvmPauseMonitor (JvmPauseMonitor.java:run(103)) - JvmPauseMonitor-f94be414-d4cd-4929-99d0-8f9eafd02643: Started
2022-01-06 13:29:51,494 [EndpointStateMachine task thread for /0.0.0.0:33937 - 0 ] INFO  ratis.XceiverServerRatis (XceiverServerRatis.java:getRealPort(505)) - XceiverServerRatis f94be414-d4cd-4929-99d0-8f9eafd02643 is started using port 45415 for RATIS_SERVER
2022-01-06 13:29:51,497 [EndpointStateMachine task thread for /0.0.0.0:33937 - 0 ] INFO  server.XceiverServerGrpc (XceiverServerGrpc.java:start(180)) - XceiverServerGrpc f94be414-d4cd-4929-99d0-8f9eafd02643 is started using port 39341
2022-01-06 13:29:51,683 [EndpointStateMachine task thread for /0.0.0.0:33937 - 0 ] INFO  ozoneimpl.OzoneContainer (OzoneContainer.java:start(315)) - Attempting to start container services.
2022-01-06 13:29:51,683 [EndpointStateMachine task thread for /0.0.0.0:33937 - 0 ] INFO  ozoneimpl.OzoneContainer (OzoneContainer.java:startContainerScrub(250)) - Background container scanner has been disabled.
2022-01-06 13:29:51,685 [EndpointStateMachine task thread for /0.0.0.0:33937 - 0 ] INFO  replication.ReplicationServer (ReplicationServer.java:start(107)) - ReplicationServer is started using port 46849
2022-01-06 13:29:51,685 [EndpointStateMachine task thread for /0.0.0.0:33937 - 0 ] INFO  ratis.XceiverServerRatis (XceiverServerRatis.java:start(484)) - Starting XceiverServerRatis a3271a13-46d8-4b51-acff-5e832eb04f76
2022-01-06 13:29:51,686 [EndpointStateMachine task thread for /0.0.0.0:33937 - 0 ] INFO  server.RaftServer (RaftServerProxy.java:lambda$start$5(374)) - a3271a13-46d8-4b51-acff-5e832eb04f76: start RPC server
2022-01-06 13:29:51,688 [EndpointStateMachine task thread for /0.0.0.0:33937 - 0 ] INFO  server.GrpcService (GrpcService.java:startImpl(253)) - a3271a13-46d8-4b51-acff-5e832eb04f76: GrpcService started, listening on 39137
2022-01-06 13:29:51,688 [EndpointStateMachine task thread for /0.0.0.0:33937 - 0 ] INFO  ratis.XceiverServerRatis (XceiverServerRatis.java:getRealPort(505)) - XceiverServerRatis a3271a13-46d8-4b51-acff-5e832eb04f76 is started using port 39137 for RATIS
2022-01-06 13:29:51,688 [EndpointStateMachine task thread for /0.0.0.0:33937 - 0 ] INFO  ratis.XceiverServerRatis (XceiverServerRatis.java:getRealPort(505)) - XceiverServerRatis a3271a13-46d8-4b51-acff-5e832eb04f76 is started using port 39137 for RATIS_ADMIN
2022-01-06 13:29:51,688 [EndpointStateMachine task thread for /0.0.0.0:33937 - 0 ] INFO  ratis.XceiverServerRatis (XceiverServerRatis.java:getRealPort(505)) - XceiverServerRatis a3271a13-46d8-4b51-acff-5e832eb04f76 is started using port 39137 for RATIS_SERVER
2022-01-06 13:29:51,688 [org.apache.ratis.util.JvmPauseMonitor$$Lambda$539/55753935@51b20f62] INFO  util.JvmPauseMonitor (JvmPauseMonitor.java:run(103)) - JvmPauseMonitor-a3271a13-46d8-4b51-acff-5e832eb04f76: Started
2022-01-06 13:29:51,690 [EndpointStateMachine task thread for /0.0.0.0:33937 - 0 ] INFO  server.XceiverServerGrpc (XceiverServerGrpc.java:start(180)) - XceiverServerGrpc a3271a13-46d8-4b51-acff-5e832eb04f76 is started using port 45697
2022-01-06 13:29:51,874 [EndpointStateMachine task thread for /0.0.0.0:33937 - 0 ] INFO  ozoneimpl.OzoneContainer (OzoneContainer.java:start(315)) - Attempting to start container services.
2022-01-06 13:29:51,874 [EndpointStateMachine task thread for /0.0.0.0:33937 - 0 ] INFO  ozoneimpl.OzoneContainer (OzoneContainer.java:startContainerScrub(250)) - Background container scanner has been disabled.
2022-01-06 13:29:51,879 [EndpointStateMachine task thread for /0.0.0.0:33937 - 0 ] INFO  replication.ReplicationServer (ReplicationServer.java:start(107)) - ReplicationServer is started using port 35873
2022-01-06 13:29:51,880 [EndpointStateMachine task thread for /0.0.0.0:33937 - 0 ] INFO  ratis.XceiverServerRatis (XceiverServerRatis.java:start(484)) - Starting XceiverServerRatis 832710ff-70fd-4195-974e-450d8fd5944e
2022-01-06 13:29:51,881 [EndpointStateMachine task thread for /0.0.0.0:33937 - 0 ] INFO  server.RaftServer (RaftServerProxy.java:lambda$start$5(374)) - 832710ff-70fd-4195-974e-450d8fd5944e: start RPC server
2022-01-06 13:29:51,882 [EndpointStateMachine task thread for /0.0.0.0:33937 - 0 ] INFO  server.GrpcService (GrpcService.java:startImpl(253)) - 832710ff-70fd-4195-974e-450d8fd5944e: GrpcService started, listening on 39399
2022-01-06 13:29:51,882 [EndpointStateMachine task thread for /0.0.0.0:33937 - 0 ] INFO  ratis.XceiverServerRatis (XceiverServerRatis.java:getRealPort(505)) - XceiverServerRatis 832710ff-70fd-4195-974e-450d8fd5944e is started using port 39399 for RATIS
2022-01-06 13:29:51,882 [EndpointStateMachine task thread for /0.0.0.0:33937 - 0 ] INFO  ratis.XceiverServerRatis (XceiverServerRatis.java:getRealPort(505)) - XceiverServerRatis 832710ff-70fd-4195-974e-450d8fd5944e is started using port 39399 for RATIS_ADMIN
2022-01-06 13:29:51,882 [EndpointStateMachine task thread for /0.0.0.0:33937 - 0 ] INFO  ratis.XceiverServerRatis (XceiverServerRatis.java:getRealPort(505)) - XceiverServerRatis 832710ff-70fd-4195-974e-450d8fd5944e is started using port 39399 for RATIS_SERVER
2022-01-06 13:29:51,883 [org.apache.ratis.util.JvmPauseMonitor$$Lambda$539/55753935@501ef38f] INFO  util.JvmPauseMonitor (JvmPauseMonitor.java:run(103)) - JvmPauseMonitor-832710ff-70fd-4195-974e-450d8fd5944e: Started
2022-01-06 13:29:51,884 [EndpointStateMachine task thread for /0.0.0.0:33937 - 0 ] INFO  server.XceiverServerGrpc (XceiverServerGrpc.java:start(180)) - XceiverServerGrpc 832710ff-70fd-4195-974e-450d8fd5944e is started using port 34621
2022-01-06 13:29:52,058 [EndpointStateMachine task thread for /0.0.0.0:33937 - 0 ] INFO  ozoneimpl.OzoneContainer (OzoneContainer.java:start(315)) - Attempting to start container services.
2022-01-06 13:29:52,058 [EndpointStateMachine task thread for /0.0.0.0:33937 - 0 ] INFO  ozoneimpl.OzoneContainer (OzoneContainer.java:startContainerScrub(250)) - Background container scanner has been disabled.
2022-01-06 13:29:52,061 [EndpointStateMachine task thread for /0.0.0.0:33937 - 0 ] INFO  replication.ReplicationServer (ReplicationServer.java:start(107)) - ReplicationServer is started using port 41445
2022-01-06 13:29:52,061 [EndpointStateMachine task thread for /0.0.0.0:33937 - 0 ] INFO  ratis.XceiverServerRatis (XceiverServerRatis.java:start(484)) - Starting XceiverServerRatis 177ce3f2-416d-49f6-9e1f-da5fb9a9d371
2022-01-06 13:29:52,062 [EndpointStateMachine task thread for /0.0.0.0:33937 - 0 ] INFO  server.RaftServer (RaftServerProxy.java:lambda$start$5(374)) - 177ce3f2-416d-49f6-9e1f-da5fb9a9d371: start RPC server
2022-01-06 13:29:52,066 [EndpointStateMachine task thread for /0.0.0.0:33937 - 0 ] INFO  server.GrpcService (GrpcService.java:startImpl(253)) - 177ce3f2-416d-49f6-9e1f-da5fb9a9d371: GrpcService started, listening on 39477
2022-01-06 13:29:52,066 [EndpointStateMachine task thread for /0.0.0.0:33937 - 0 ] INFO  ratis.XceiverServerRatis (XceiverServerRatis.java:getRealPort(505)) - XceiverServerRatis 177ce3f2-416d-49f6-9e1f-da5fb9a9d371 is started using port 39477 for RATIS
2022-01-06 13:29:52,066 [EndpointStateMachine task thread for /0.0.0.0:33937 - 0 ] INFO  ratis.XceiverServerRatis (XceiverServerRatis.java:getRealPort(505)) - XceiverServerRatis 177ce3f2-416d-49f6-9e1f-da5fb9a9d371 is started using port 39477 for RATIS_ADMIN
2022-01-06 13:29:52,066 [EndpointStateMachine task thread for /0.0.0.0:33937 - 0 ] INFO  ratis.XceiverServerRatis (XceiverServerRatis.java:getRealPort(505)) - XceiverServerRatis 177ce3f2-416d-49f6-9e1f-da5fb9a9d371 is started using port 39477 for RATIS_SERVER
2022-01-06 13:29:52,066 [org.apache.ratis.util.JvmPauseMonitor$$Lambda$539/55753935@28e18758] INFO  util.JvmPauseMonitor (JvmPauseMonitor.java:run(103)) - JvmPauseMonitor-177ce3f2-416d-49f6-9e1f-da5fb9a9d371: Started
2022-01-06 13:29:52,068 [EndpointStateMachine task thread for /0.0.0.0:33937 - 0 ] INFO  server.XceiverServerGrpc (XceiverServerGrpc.java:start(180)) - XceiverServerGrpc 177ce3f2-416d-49f6-9e1f-da5fb9a9d371 is started using port 35293
2022-01-06 13:29:52,239 [EndpointStateMachine task thread for /0.0.0.0:33937 - 0 ] INFO  ozoneimpl.OzoneContainer (OzoneContainer.java:start(315)) - Attempting to start container services.
2022-01-06 13:29:52,239 [EndpointStateMachine task thread for /0.0.0.0:33937 - 0 ] INFO  ozoneimpl.OzoneContainer (OzoneContainer.java:startContainerScrub(250)) - Background container scanner has been disabled.
2022-01-06 13:29:52,243 [EndpointStateMachine task thread for /0.0.0.0:33937 - 0 ] INFO  replication.ReplicationServer (ReplicationServer.java:start(107)) - ReplicationServer is started using port 43757
2022-01-06 13:29:52,244 [EndpointStateMachine task thread for /0.0.0.0:33937 - 0 ] INFO  ratis.XceiverServerRatis (XceiverServerRatis.java:start(484)) - Starting XceiverServerRatis 665e739a-157d-4ef9-b1c9-ec3dd6c8e45b
2022-01-06 13:29:52,246 [EndpointStateMachine task thread for /0.0.0.0:33937 - 0 ] INFO  server.RaftServer (RaftServerProxy.java:lambda$start$5(374)) - 665e739a-157d-4ef9-b1c9-ec3dd6c8e45b: start RPC server
2022-01-06 13:29:52,247 [EndpointStateMachine task thread for /0.0.0.0:33937 - 0 ] INFO  server.GrpcService (GrpcService.java:startImpl(253)) - 665e739a-157d-4ef9-b1c9-ec3dd6c8e45b: GrpcService started, listening on 42233
2022-01-06 13:29:52,248 [EndpointStateMachine task thread for /0.0.0.0:33937 - 0 ] INFO  ratis.XceiverServerRatis (XceiverServerRatis.java:getRealPort(505)) - XceiverServerRatis 665e739a-157d-4ef9-b1c9-ec3dd6c8e45b is started using port 42233 for RATIS
2022-01-06 13:29:52,248 [EndpointStateMachine task thread for /0.0.0.0:33937 - 0 ] INFO  ratis.XceiverServerRatis (XceiverServerRatis.java:getRealPort(505)) - XceiverServerRatis 665e739a-157d-4ef9-b1c9-ec3dd6c8e45b is started using port 42233 for RATIS_ADMIN
2022-01-06 13:29:52,248 [EndpointStateMachine task thread for /0.0.0.0:33937 - 0 ] INFO  ratis.XceiverServerRatis (XceiverServerRatis.java:getRealPort(505)) - XceiverServerRatis 665e739a-157d-4ef9-b1c9-ec3dd6c8e45b is started using port 42233 for RATIS_SERVER
2022-01-06 13:29:52,248 [org.apache.ratis.util.JvmPauseMonitor$$Lambda$539/55753935@1fadc0b9] INFO  util.JvmPauseMonitor (JvmPauseMonitor.java:run(103)) - JvmPauseMonitor-665e739a-157d-4ef9-b1c9-ec3dd6c8e45b: Started
2022-01-06 13:29:52,251 [EndpointStateMachine task thread for /0.0.0.0:33937 - 0 ] INFO  server.XceiverServerGrpc (XceiverServerGrpc.java:start(180)) - XceiverServerGrpc 665e739a-157d-4ef9-b1c9-ec3dd6c8e45b is started using port 33423
2022-01-06 13:29:52,393 [Listener at 127.0.0.1/36535] INFO  ozone.MiniOzoneClusterImpl (MiniOzoneClusterImpl.java:lambda$waitForClusterToBeReady$0(235)) - Waiting for nodes to be ready. Got 0 of 9 DN Heartbeats.
2022-01-06 13:29:52,393 [Listener at 127.0.0.1/36535] INFO  ozone.MiniOzoneClusterImpl (MiniOzoneClusterImpl.java:lambda$waitForClusterToBeReady$0(238)) - Waiting for cluster to exit safe mode
2022-01-06 13:29:52,393 [Listener at 127.0.0.1/36535] INFO  ozone.MiniOzoneClusterImpl (MiniOzoneClusterImpl.java:lambda$waitForClusterToBeReady$0(240)) - SCM became leader
2022-01-06 13:29:52,403 [EndpointStateMachine task thread for /0.0.0.0:33937 - 0 ] INFO  ozoneimpl.OzoneContainer (OzoneContainer.java:start(315)) - Attempting to start container services.
2022-01-06 13:29:52,403 [EndpointStateMachine task thread for /0.0.0.0:33937 - 0 ] INFO  ozoneimpl.OzoneContainer (OzoneContainer.java:startContainerScrub(250)) - Background container scanner has been disabled.
2022-01-06 13:29:52,405 [EndpointStateMachine task thread for /0.0.0.0:33937 - 0 ] INFO  replication.ReplicationServer (ReplicationServer.java:start(107)) - ReplicationServer is started using port 45325
2022-01-06 13:29:52,406 [EndpointStateMachine task thread for /0.0.0.0:33937 - 0 ] INFO  ratis.XceiverServerRatis (XceiverServerRatis.java:start(484)) - Starting XceiverServerRatis 76e53578-69cb-4294-9496-1cf18385f48a
2022-01-06 13:29:52,406 [EndpointStateMachine task thread for /0.0.0.0:33937 - 0 ] INFO  server.RaftServer (RaftServerProxy.java:lambda$start$5(374)) - 76e53578-69cb-4294-9496-1cf18385f48a: start RPC server
2022-01-06 13:29:52,408 [EndpointStateMachine task thread for /0.0.0.0:33937 - 0 ] INFO  server.GrpcService (GrpcService.java:startImpl(253)) - 76e53578-69cb-4294-9496-1cf18385f48a: GrpcService started, listening on 41391
2022-01-06 13:29:52,408 [EndpointStateMachine task thread for /0.0.0.0:33937 - 0 ] INFO  ratis.XceiverServerRatis (XceiverServerRatis.java:getRealPort(505)) - XceiverServerRatis 76e53578-69cb-4294-9496-1cf18385f48a is started using port 41391 for RATIS
2022-01-06 13:29:52,408 [EndpointStateMachine task thread for /0.0.0.0:33937 - 0 ] INFO  ratis.XceiverServerRatis (XceiverServerRatis.java:getRealPort(505)) - XceiverServerRatis 76e53578-69cb-4294-9496-1cf18385f48a is started using port 41391 for RATIS_ADMIN
2022-01-06 13:29:52,409 [org.apache.ratis.util.JvmPauseMonitor$$Lambda$539/55753935@281b0107] INFO  util.JvmPauseMonitor (JvmPauseMonitor.java:run(103)) - JvmPauseMonitor-76e53578-69cb-4294-9496-1cf18385f48a: Started
2022-01-06 13:29:52,409 [EndpointStateMachine task thread for /0.0.0.0:33937 - 0 ] INFO  ratis.XceiverServerRatis (XceiverServerRatis.java:getRealPort(505)) - XceiverServerRatis 76e53578-69cb-4294-9496-1cf18385f48a is started using port 41391 for RATIS_SERVER
2022-01-06 13:29:52,410 [EndpointStateMachine task thread for /0.0.0.0:33937 - 0 ] INFO  server.XceiverServerGrpc (XceiverServerGrpc.java:start(180)) - XceiverServerGrpc 76e53578-69cb-4294-9496-1cf18385f48a is started using port 41745
2022-01-06 13:29:52,567 [IPC Server handler 15 on default port 33937] INFO  net.NetworkTopologyImpl (NetworkTopologyImpl.java:add(112)) - Added a new node: /default-rack/30761433-74de-448b-9041-b7efaa078424
2022-01-06 13:29:52,569 [IPC Server handler 15 on default port 33937] INFO  node.SCMNodeManager (SCMNodeManager.java:register(389)) - Registered Data node : 30761433-74de-448b-9041-b7efaa078424{ip: 10.1.0.50, host: fv-az59-280.csjynl4pkq3e1pkirw3ssqjfoh.cx.internal.cloudapp.net, ports: [REPLICATION=35961, RATIS=41385, RATIS_ADMIN=41385, RATIS_SERVER=41385, STANDALONE=42517], networkLocation: /default-rack, certSerialId: null, persistedOpState: null, persistedOpStateExpiryEpochSec: 0}
2022-01-06 13:29:52,575 [EventQueue-NewNodeForNewNodeHandler] INFO  pipeline.BackgroundPipelineCreator (BackgroundPipelineCreator.java:notifyEventTriggered(285)) - trigger a one-shot run on RatisPipelineUtilsThread.
2022-01-06 13:29:52,584 [RatisPipelineUtilsThread - 0] INFO  pipeline.RatisPipelineProvider (RatisPipelineProvider.java:lambda$create$0(183)) - Sending CreatePipelineCommand for pipeline:PipelineID=c7f70cff-003f-4311-9eb4-57d22a8c9907 to datanode:30761433-74de-448b-9041-b7efaa078424
2022-01-06 13:29:52,585 [EventQueue-NodeRegistrationContainerReportForContainerSafeModeRule] INFO  safemode.SCMSafeModeManager (SCMSafeModeManager.java:validateSafeModeExitRules(204)) - ContainerSafeModeRule rule is successfully validated
2022-01-06 13:29:52,587 [EventQueue-NodeRegistrationContainerReportForDataNodeSafeModeRule] INFO  safemode.SCMSafeModeManager (DataNodeSafeModeRule.java:process(71)) - SCM in safe mode. 1 DataNodes registered, 3 required.
2022-01-06 13:29:52,590 [EventQueue-PipelineReportForOneReplicaPipelineSafeModeRule] INFO  safemode.SCMSafeModeManager (SCMSafeModeManager.java:validateSafeModeExitRules(204)) - AtleastOneDatanodeReportedRule rule is successfully validated
2022-01-06 13:29:52,601 [RatisPipelineUtilsThread - 0] INFO  pipeline.PipelineStateManagerImpl (PipelineStateManagerImpl.java:addPipeline(101)) - Created pipeline Pipeline[ Id: c7f70cff-003f-4311-9eb4-57d22a8c9907, Nodes: 30761433-74de-448b-9041-b7efaa078424{ip: 10.1.0.50, host: fv-az59-280.csjynl4pkq3e1pkirw3ssqjfoh.cx.internal.cloudapp.net, ports: [REPLICATION=35961, RATIS=41385, RATIS_ADMIN=41385, RATIS_SERVER=41385, STANDALONE=42517], networkLocation: /default-rack, certSerialId: null, persistedOpState: IN_SERVICE, persistedOpStateExpiryEpochSec: 0}, ReplicationConfig: RATIS/ONE, State:ALLOCATED, leaderId:, CreationTimestamp2022-01-06T13:29:52.581Z[Etc/UTC]].
2022-01-06 13:29:52,802 [IPC Server handler 13 on default port 33937] INFO  net.NetworkTopologyImpl (NetworkTopologyImpl.java:add(112)) - Added a new node: /default-rack/22c8497a-9e61-48ae-afcc-0cb0db452240
2022-01-06 13:29:52,802 [IPC Server handler 13 on default port 33937] INFO  node.SCMNodeManager (SCMNodeManager.java:register(389)) - Registered Data node : 22c8497a-9e61-48ae-afcc-0cb0db452240{ip: 10.1.0.50, host: fv-az59-280.csjynl4pkq3e1pkirw3ssqjfoh.cx.internal.cloudapp.net, ports: [REPLICATION=44323, RATIS=44975, RATIS_ADMIN=44975, RATIS_SERVER=44975, STANDALONE=43543], networkLocation: /default-rack, certSerialId: null, persistedOpState: null, persistedOpStateExpiryEpochSec: 0}
2022-01-06 13:29:52,802 [EventQueue-NewNodeForNewNodeHandler] INFO  pipeline.BackgroundPipelineCreator (BackgroundPipelineCreator.java:notifyEventTriggered(285)) - trigger a one-shot run on RatisPipelineUtilsThread.
2022-01-06 13:29:52,803 [EventQueue-NodeRegistrationContainerReportForDataNodeSafeModeRule] INFO  safemode.SCMSafeModeManager (DataNodeSafeModeRule.java:process(71)) - SCM in safe mode. 2 DataNodes registered, 3 required.
2022-01-06 13:29:52,807 [RatisPipelineUtilsThread - 0] INFO  pipeline.RatisPipelineProvider (RatisPipelineProvider.java:lambda$create$0(183)) - Sending CreatePipelineCommand for pipeline:PipelineID=7c72d3ff-6670-434b-933a-d2337a1ffcba to datanode:22c8497a-9e61-48ae-afcc-0cb0db452240
2022-01-06 13:29:52,807 [RatisPipelineUtilsThread - 0] INFO  pipeline.PipelineStateManagerImpl (PipelineStateManagerImpl.java:addPipeline(101)) - Created pipeline Pipeline[ Id: 7c72d3ff-6670-434b-933a-d2337a1ffcba, Nodes: 22c8497a-9e61-48ae-afcc-0cb0db452240{ip: 10.1.0.50, host: fv-az59-280.csjynl4pkq3e1pkirw3ssqjfoh.cx.internal.cloudapp.net, ports: [REPLICATION=44323, RATIS=44975, RATIS_ADMIN=44975, RATIS_SERVER=44975, STANDALONE=43543], networkLocation: /default-rack, certSerialId: null, persistedOpState: IN_SERVICE, persistedOpStateExpiryEpochSec: 0}, ReplicationConfig: RATIS/ONE, State:ALLOCATED, leaderId:, CreationTimestamp2022-01-06T13:29:52.807Z[Etc/UTC]].
2022-01-06 13:29:53,219 [IPC Server handler 19 on default port 33937] INFO  net.NetworkTopologyImpl (NetworkTopologyImpl.java:add(112)) - Added a new node: /default-rack/129ac5cb-389f-40c7-b14f-a1c1703048e2
2022-01-06 13:29:53,219 [IPC Server handler 19 on default port 33937] INFO  node.SCMNodeManager (SCMNodeManager.java:register(389)) - Registered Data node : 129ac5cb-389f-40c7-b14f-a1c1703048e2{ip: 10.1.0.50, host: fv-az59-280.csjynl4pkq3e1pkirw3ssqjfoh.cx.internal.cloudapp.net, ports: [REPLICATION=34521, RATIS=43165, RATIS_ADMIN=43165, RATIS_SERVER=43165, STANDALONE=43115], networkLocation: /default-rack, certSerialId: null, persistedOpState: null, persistedOpStateExpiryEpochSec: 0}
2022-01-06 13:29:53,220 [EventQueue-NewNodeForNewNodeHandler] INFO  pipeline.BackgroundPipelineCreator (BackgroundPipelineCreator.java:notifyEventTriggered(285)) - trigger a one-shot run on RatisPipelineUtilsThread.
2022-01-06 13:29:53,220 [EventQueue-NodeRegistrationContainerReportForDataNodeSafeModeRule] INFO  safemode.SCMSafeModeManager (DataNodeSafeModeRule.java:process(71)) - SCM in safe mode. 3 DataNodes registered, 3 required.
2022-01-06 13:29:53,222 [EventQueue-NodeRegistrationContainerReportForDataNodeSafeModeRule] INFO  safemode.SCMSafeModeManager (SCMSafeModeManager.java:validateSafeModeExitRules(204)) - DataNodeSafeModeRule rule is successfully validated
2022-01-06 13:29:53,222 [EventQueue-NodeRegistrationContainerReportForDataNodeSafeModeRule] INFO  safemode.SCMSafeModeManager (SCMSafeModeManager.java:completePreCheck(233)) - All SCM safe mode pre check rules have passed
2022-01-06 13:29:53,222 [EventQueue-NodeRegistrationContainerReportForDataNodeSafeModeRule] WARN  events.EventQueue (EventQueue.java:fireEvent(194)) - No event handler registered for event TypedEvent{payloadType=SafeModeStatus, name='Safe mode status'}
2022-01-06 13:29:53,222 [EventQueue-NodeRegistrationContainerReportForDataNodeSafeModeRule] INFO  ha.SCMContext (SCMContext.java:updateSafeModeStatus(211)) - Update SafeModeStatus from SafeModeStatus{safeModeStatus=true, preCheckPassed=false} to SafeModeStatus{safeModeStatus=true, preCheckPassed=true}.
2022-01-06 13:29:53,222 [EventQueue-NodeRegistrationContainerReportForDataNodeSafeModeRule] INFO  pipeline.BackgroundPipelineCreator (BackgroundPipelineCreator.java:notifyEventTriggered(285)) - trigger a one-shot run on RatisPipelineUtilsThread.
2022-01-06 13:29:53,222 [RatisPipelineUtilsThread - 0] INFO  pipeline.RatisPipelineProvider (RatisPipelineProvider.java:lambda$create$0(183)) - Sending CreatePipelineCommand for pipeline:PipelineID=0a696a4a-0a3e-4552-a946-195b01aaad31 to datanode:129ac5cb-389f-40c7-b14f-a1c1703048e2
2022-01-06 13:29:53,223 [RatisPipelineUtilsThread - 0] INFO  pipeline.PipelineStateManagerImpl (PipelineStateManagerImpl.java:addPipeline(101)) - Created pipeline Pipeline[ Id: 0a696a4a-0a3e-4552-a946-195b01aaad31, Nodes: 129ac5cb-389f-40c7-b14f-a1c1703048e2{ip: 10.1.0.50, host: fv-az59-280.csjynl4pkq3e1pkirw3ssqjfoh.cx.internal.cloudapp.net, ports: [REPLICATION=34521, RATIS=43165, RATIS_ADMIN=43165, RATIS_SERVER=43165, STANDALONE=43115], networkLocation: /default-rack, certSerialId: null, persistedOpState: IN_SERVICE, persistedOpStateExpiryEpochSec: 0}, ReplicationConfig: RATIS/ONE, State:ALLOCATED, leaderId:, CreationTimestamp2022-01-06T13:29:53.222Z[Etc/UTC]].
2022-01-06 13:29:53,226 [RatisPipelineUtilsThread - 0] INFO  pipeline.RatisPipelineProvider (RatisPipelineProvider.java:lambda$create$0(183)) - Sending CreatePipelineCommand for pipeline:PipelineID=6e6fbaad-accd-40fc-ad54-99b4631465cc to datanode:30761433-74de-448b-9041-b7efaa078424
2022-01-06 13:29:53,226 [RatisPipelineUtilsThread - 0] INFO  pipeline.RatisPipelineProvider (RatisPipelineProvider.java:lambda$create$0(183)) - Sending CreatePipelineCommand for pipeline:PipelineID=6e6fbaad-accd-40fc-ad54-99b4631465cc to datanode:129ac5cb-389f-40c7-b14f-a1c1703048e2
2022-01-06 13:29:53,226 [RatisPipelineUtilsThread - 0] INFO  pipeline.RatisPipelineProvider (RatisPipelineProvider.java:lambda$create$0(183)) - Sending CreatePipelineCommand for pipeline:PipelineID=6e6fbaad-accd-40fc-ad54-99b4631465cc to datanode:22c8497a-9e61-48ae-afcc-0cb0db452240
2022-01-06 13:29:53,227 [RatisPipelineUtilsThread - 0] INFO  pipeline.PipelineStateManagerImpl (PipelineStateManagerImpl.java:addPipeline(101)) - Created pipeline Pipeline[ Id: 6e6fbaad-accd-40fc-ad54-99b4631465cc, Nodes: 30761433-74de-448b-9041-b7efaa078424{ip: 10.1.0.50, host: fv-az59-280.csjynl4pkq3e1pkirw3ssqjfoh.cx.internal.cloudapp.net, ports: [REPLICATION=35961, RATIS=41385, RATIS_ADMIN=41385, RATIS_SERVER=41385, STANDALONE=42517], networkLocation: /default-rack, certSerialId: null, persistedOpState: IN_SERVICE, persistedOpStateExpiryEpochSec: 0}129ac5cb-389f-40c7-b14f-a1c1703048e2{ip: 10.1.0.50, host: fv-az59-280.csjynl4pkq3e1pkirw3ssqjfoh.cx.internal.cloudapp.net, ports: [REPLICATION=34521, RATIS=43165, RATIS_ADMIN=43165, RATIS_SERVER=43165, STANDALONE=43115], networkLocation: /default-rack, certSerialId: null, persistedOpState: IN_SERVICE, persistedOpStateExpiryEpochSec: 0}22c8497a-9e61-48ae-afcc-0cb0db452240{ip: 10.1.0.50, host: fv-az59-280.csjynl4pkq3e1pkirw3ssqjfoh.cx.internal.cloudapp.net, ports: [REPLICATION=44323, RATIS=44975, RATIS_ADMIN=44975, RATIS_SERVER=44975, STANDALONE=43543], networkLocation: /default-rack, certSerialId: null, persistedOpState: IN_SERVICE, persistedOpStateExpiryEpochSec: 0}, ReplicationConfig: RATIS/THREE, State:ALLOCATED, leaderId:, CreationTimestamp2022-01-06T13:29:53.226Z[Etc/UTC]].
2022-01-06 13:29:53,393 [Listener at 127.0.0.1/36535] INFO  ozone.MiniOzoneClusterImpl (MiniOzoneClusterImpl.java:lambda$waitForClusterToBeReady$0(235)) - Waiting for nodes to be ready. Got 3 of 9 DN Heartbeats.
2022-01-06 13:29:53,394 [Listener at 127.0.0.1/36535] INFO  ozone.MiniOzoneClusterImpl (MiniOzoneClusterImpl.java:lambda$waitForClusterToBeReady$0(238)) - Waiting for cluster to exit safe mode
2022-01-06 13:29:53,395 [Listener at 127.0.0.1/36535] INFO  ozone.MiniOzoneClusterImpl (MiniOzoneClusterImpl.java:lambda$waitForClusterToBeReady$0(240)) - SCM became leader
2022-01-06 13:29:53,487 [IPC Server handler 15 on default port 33937] INFO  net.NetworkTopologyImpl (NetworkTopologyImpl.java:add(112)) - Added a new node: /default-rack/f94be414-d4cd-4929-99d0-8f9eafd02643
2022-01-06 13:29:53,488 [IPC Server handler 15 on default port 33937] INFO  node.SCMNodeManager (SCMNodeManager.java:register(389)) - Registered Data node : f94be414-d4cd-4929-99d0-8f9eafd02643{ip: 10.1.0.50, host: fv-az59-280.csjynl4pkq3e1pkirw3ssqjfoh.cx.internal.cloudapp.net, ports: [REPLICATION=40151, RATIS=45415, RATIS_ADMIN=45415, RATIS_SERVER=45415, STANDALONE=39341], networkLocation: /default-rack, certSerialId: null, persistedOpState: null, persistedOpStateExpiryEpochSec: 0}
2022-01-06 13:29:53,488 [EventQueue-NewNodeForNewNodeHandler] INFO  pipeline.BackgroundPipelineCreator (BackgroundPipelineCreator.java:notifyEventTriggered(285)) - trigger a one-shot run on RatisPipelineUtilsThread.
2022-01-06 13:29:53,489 [RatisPipelineUtilsThread - 0] INFO  pipeline.RatisPipelineProvider (RatisPipelineProvider.java:lambda$create$0(183)) - Sending CreatePipelineCommand for pipeline:PipelineID=d767b8ec-313e-485f-b43c-43dc455be5bd to datanode:f94be414-d4cd-4929-99d0-8f9eafd02643
2022-01-06 13:29:53,490 [RatisPipelineUtilsThread - 0] INFO  pipeline.PipelineStateManagerImpl (PipelineStateManagerImpl.java:addPipeline(101)) - Created pipeline Pipeline[ Id: d767b8ec-313e-485f-b43c-43dc455be5bd, Nodes: f94be414-d4cd-4929-99d0-8f9eafd02643{ip: 10.1.0.50, host: fv-az59-280.csjynl4pkq3e1pkirw3ssqjfoh.cx.internal.cloudapp.net, ports: [REPLICATION=40151, RATIS=45415, RATIS_ADMIN=45415, RATIS_SERVER=45415, STANDALONE=39341], networkLocation: /default-rack, certSerialId: null, persistedOpState: IN_SERVICE, persistedOpStateExpiryEpochSec: 0}, ReplicationConfig: RATIS/ONE, State:ALLOCATED, leaderId:, CreationTimestamp2022-01-06T13:29:53.489Z[Etc/UTC]].
2022-01-06 13:29:53,681 [IPC Server handler 13 on default port 33937] INFO  net.NetworkTopologyImpl (NetworkTopologyImpl.java:add(112)) - Added a new node: /default-rack/a3271a13-46d8-4b51-acff-5e832eb04f76
2022-01-06 13:29:53,681 [IPC Server handler 13 on default port 33937] INFO  node.SCMNodeManager (SCMNodeManager.java:register(389)) - Registered Data node : a3271a13-46d8-4b51-acff-5e832eb04f76{ip: 10.1.0.50, host: fv-az59-280.csjynl4pkq3e1pkirw3ssqjfoh.cx.internal.cloudapp.net, ports: [REPLICATION=46849, RATIS=39137, RATIS_ADMIN=39137, RATIS_SERVER=39137, STANDALONE=45697], networkLocation: /default-rack, certSerialId: null, persistedOpState: null, persistedOpStateExpiryEpochSec: 0}
2022-01-06 13:29:53,682 [EventQueue-NewNodeForNewNodeHandler] INFO  pipeline.BackgroundPipelineCreator (BackgroundPipelineCreator.java:notifyEventTriggered(285)) - trigger a one-shot run on RatisPipelineUtilsThread.
2022-01-06 13:29:53,688 [RatisPipelineUtilsThread - 0] INFO  pipeline.RatisPipelineProvider (RatisPipelineProvider.java:lambda$create$0(183)) - Sending CreatePipelineCommand for pipeline:PipelineID=ed24ecc4-60a8-4ca4-b88c-d578e6914626 to datanode:a3271a13-46d8-4b51-acff-5e832eb04f76
2022-01-06 13:29:53,688 [RatisPipelineUtilsThread - 0] INFO  pipeline.PipelineStateManagerImpl (PipelineStateManagerImpl.java:addPipeline(101)) - Created pipeline Pipeline[ Id: ed24ecc4-60a8-4ca4-b88c-d578e6914626, Nodes: a3271a13-46d8-4b51-acff-5e832eb04f76{ip: 10.1.0.50, host: fv-az59-280.csjynl4pkq3e1pkirw3ssqjfoh.cx.internal.cloudapp.net, ports: [REPLICATION=46849, RATIS=39137, RATIS_ADMIN=39137, RATIS_SERVER=39137, STANDALONE=45697], networkLocation: /default-rack, certSerialId: null, persistedOpState: IN_SERVICE, persistedOpStateExpiryEpochSec: 0}, ReplicationConfig: RATIS/ONE, State:ALLOCATED, leaderId:, CreationTimestamp2022-01-06T13:29:53.688Z[Etc/UTC]].
2022-01-06 13:29:53,873 [IPC Server handler 14 on default port 33937] INFO  net.NetworkTopologyImpl (NetworkTopologyImpl.java:add(112)) - Added a new node: /default-rack/832710ff-70fd-4195-974e-450d8fd5944e
2022-01-06 13:29:53,873 [IPC Server handler 14 on default port 33937] INFO  node.SCMNodeManager (SCMNodeManager.java:register(389)) - Registered Data node : 832710ff-70fd-4195-974e-450d8fd5944e{ip: 10.1.0.50, host: fv-az59-280.csjynl4pkq3e1pkirw3ssqjfoh.cx.internal.cloudapp.net, ports: [REPLICATION=35873, RATIS=39399, RATIS_ADMIN=39399, RATIS_SERVER=39399, STANDALONE=34621], networkLocation: /default-rack, certSerialId: null, persistedOpState: null, persistedOpStateExpiryEpochSec: 0}
2022-01-06 13:29:53,874 [EventQueue-NewNodeForNewNodeHandler] INFO  pipeline.BackgroundPipelineCreator (BackgroundPipelineCreator.java:notifyEventTriggered(285)) - trigger a one-shot run on RatisPipelineUtilsThread.
2022-01-06 13:29:53,875 [RatisPipelineUtilsThread - 0] INFO  pipeline.RatisPipelineProvider (RatisPipelineProvider.java:lambda$create$0(183)) - Sending CreatePipelineCommand for pipeline:PipelineID=14430a4b-7558-4436-80de-f93097442047 to datanode:832710ff-70fd-4195-974e-450d8fd5944e
2022-01-06 13:29:53,876 [RatisPipelineUtilsThread - 0] INFO  pipeline.PipelineStateManagerImpl (PipelineStateManagerImpl.java:addPipeline(101)) - Created pipeline Pipeline[ Id: 14430a4b-7558-4436-80de-f93097442047, Nodes: 832710ff-70fd-4195-974e-450d8fd5944e{ip: 10.1.0.50, host: fv-az59-280.csjynl4pkq3e1pkirw3ssqjfoh.cx.internal.cloudapp.net, ports: [REPLICATION=35873, RATIS=39399, RATIS_ADMIN=39399, RATIS_SERVER=39399, STANDALONE=34621], networkLocation: /default-rack, certSerialId: null, persistedOpState: IN_SERVICE, persistedOpStateExpiryEpochSec: 0}, ReplicationConfig: RATIS/ONE, State:ALLOCATED, leaderId:, CreationTimestamp2022-01-06T13:29:53.875Z[Etc/UTC]].
2022-01-06 13:29:53,876 [RatisPipelineUtilsThread - 0] INFO  pipeline.RatisPipelineProvider (RatisPipelineProvider.java:lambda$create$0(183)) - Sending CreatePipelineCommand for pipeline:PipelineID=11925957-c949-41db-84e3-f1d01d8a5c73 to datanode:832710ff-70fd-4195-974e-450d8fd5944e
2022-01-06 13:29:53,876 [RatisPipelineUtilsThread - 0] INFO  pipeline.RatisPipelineProvider (RatisPipelineProvider.java:lambda$create$0(183)) - Sending CreatePipelineCommand for pipeline:PipelineID=11925957-c949-41db-84e3-f1d01d8a5c73 to datanode:f94be414-d4cd-4929-99d0-8f9eafd02643
2022-01-06 13:29:53,877 [RatisPipelineUtilsThread - 0] INFO  pipeline.RatisPipelineProvider (RatisPipelineProvider.java:lambda$create$0(183)) - Sending CreatePipelineCommand for pipeline:PipelineID=11925957-c949-41db-84e3-f1d01d8a5c73 to datanode:a3271a13-46d8-4b51-acff-5e832eb04f76
2022-01-06 13:29:53,877 [RatisPipelineUtilsThread - 0] INFO  pipeline.PipelineStateManagerImpl (PipelineStateManagerImpl.java:addPipeline(101)) - Created pipeline Pipeline[ Id: 11925957-c949-41db-84e3-f1d01d8a5c73, Nodes: 832710ff-70fd-4195-974e-450d8fd5944e{ip: 10.1.0.50, host: fv-az59-280.csjynl4pkq3e1pkirw3ssqjfoh.cx.internal.cloudapp.net, ports: [REPLICATION=35873, RATIS=39399, RATIS_ADMIN=39399, RATIS_SERVER=39399, STANDALONE=34621], networkLocation: /default-rack, certSerialId: null, persistedOpState: IN_SERVICE, persistedOpStateExpiryEpochSec: 0}f94be414-d4cd-4929-99d0-8f9eafd02643{ip: 10.1.0.50, host: fv-az59-280.csjynl4pkq3e1pkirw3ssqjfoh.cx.internal.cloudapp.net, ports: [REPLICATION=40151, RATIS=45415, RATIS_ADMIN=45415, RATIS_SERVER=45415, STANDALONE=39341], networkLocation: /default-rack, certSerialId: null, persistedOpState: IN_SERVICE, persistedOpStateExpiryEpochSec: 0}a3271a13-46d8-4b51-acff-5e832eb04f76{ip: 10.1.0.50, host: fv-az59-280.csjynl4pkq3e1pkirw3ssqjfoh.cx.internal.cloudapp.net, ports: [REPLICATION=46849, RATIS=39137, RATIS_ADMIN=39137, RATIS_SERVER=39137, STANDALONE=45697], networkLocation: /default-rack, certSerialId: null, persistedOpState: IN_SERVICE, persistedOpStateExpiryEpochSec: 0}, ReplicationConfig: RATIS/THREE, State:ALLOCATED, leaderId:, CreationTimestamp2022-01-06T13:29:53.876Z[Etc/UTC]].
2022-01-06 13:29:54,056 [IPC Server handler 12 on default port 33937] INFO  net.NetworkTopologyImpl (NetworkTopologyImpl.java:add(112)) - Added a new node: /default-rack/177ce3f2-416d-49f6-9e1f-da5fb9a9d371
2022-01-06 13:29:54,057 [IPC Server handler 12 on default port 33937] INFO  node.SCMNodeManager (SCMNodeManager.java:register(389)) - Registered Data node : 177ce3f2-416d-49f6-9e1f-da5fb9a9d371{ip: 10.1.0.50, host: fv-az59-280.csjynl4pkq3e1pkirw3ssqjfoh.cx.internal.cloudapp.net, ports: [REPLICATION=41445, RATIS=39477, RATIS_ADMIN=39477, RATIS_SERVER=39477, STANDALONE=35293], networkLocation: /default-rack, certSerialId: null, persistedOpState: null, persistedOpStateExpiryEpochSec: 0}
2022-01-06 13:29:54,057 [EventQueue-NewNodeForNewNodeHandler] INFO  pipeline.BackgroundPipelineCreator (BackgroundPipelineCreator.java:notifyEventTriggered(285)) - trigger a one-shot run on RatisPipelineUtilsThread.
2022-01-06 13:29:54,059 [RatisPipelineUtilsThread - 0] INFO  pipeline.RatisPipelineProvider (RatisPipelineProvider.java:lambda$create$0(183)) - Sending CreatePipelineCommand for pipeline:PipelineID=3f0a10d6-27fc-4b50-9cd3-ea9518340237 to datanode:177ce3f2-416d-49f6-9e1f-da5fb9a9d371
2022-01-06 13:29:54,060 [RatisPipelineUtilsThread - 0] INFO  pipeline.PipelineStateManagerImpl (PipelineStateManagerImpl.java:addPipeline(101)) - Created pipeline Pipeline[ Id: 3f0a10d6-27fc-4b50-9cd3-ea9518340237, Nodes: 177ce3f2-416d-49f6-9e1f-da5fb9a9d371{ip: 10.1.0.50, host: fv-az59-280.csjynl4pkq3e1pkirw3ssqjfoh.cx.internal.cloudapp.net, ports: [REPLICATION=41445, RATIS=39477, RATIS_ADMIN=39477, RATIS_SERVER=39477, STANDALONE=35293], networkLocation: /default-rack, certSerialId: null, persistedOpState: IN_SERVICE, persistedOpStateExpiryEpochSec: 0}, ReplicationConfig: RATIS/ONE, State:ALLOCATED, leaderId:, CreationTimestamp2022-01-06T13:29:54.059Z[Etc/UTC]].
2022-01-06 13:29:54,238 [IPC Server handler 18 on default port 33937] INFO  net.NetworkTopologyImpl (NetworkTopologyImpl.java:add(112)) - Added a new node: /default-rack/665e739a-157d-4ef9-b1c9-ec3dd6c8e45b
2022-01-06 13:29:54,238 [IPC Server handler 18 on default port 33937] INFO  node.SCMNodeManager (SCMNodeManager.java:register(389)) - Registered Data node : 665e739a-157d-4ef9-b1c9-ec3dd6c8e45b{ip: 10.1.0.50, host: fv-az59-280.csjynl4pkq3e1pkirw3ssqjfoh.cx.internal.cloudapp.net, ports: [REPLICATION=43757, RATIS=42233, RATIS_ADMIN=42233, RATIS_SERVER=42233, STANDALONE=33423], networkLocation: /default-rack, certSerialId: null, persistedOpState: null, persistedOpStateExpiryEpochSec: 0}
2022-01-06 13:29:54,239 [EventQueue-NewNodeForNewNodeHandler] INFO  pipeline.BackgroundPipelineCreator (BackgroundPipelineCreator.java:notifyEventTriggered(285)) - trigger a one-shot run on RatisPipelineUtilsThread.
2022-01-06 13:29:54,240 [RatisPipelineUtilsThread - 0] INFO  pipeline.RatisPipelineProvider (RatisPipelineProvider.java:lambda$create$0(183)) - Sending CreatePipelineCommand for pipeline:PipelineID=5822dadb-f2d4-4a0d-a59b-e679ef3c7c02 to datanode:665e739a-157d-4ef9-b1c9-ec3dd6c8e45b
2022-01-06 13:29:54,241 [RatisPipelineUtilsThread - 0] INFO  pipeline.PipelineStateManagerImpl (PipelineStateManagerImpl.java:addPipeline(101)) - Created pipeline Pipeline[ Id: 5822dadb-f2d4-4a0d-a59b-e679ef3c7c02, Nodes: 665e739a-157d-4ef9-b1c9-ec3dd6c8e45b{ip: 10.1.0.50, host: fv-az59-280.csjynl4pkq3e1pkirw3ssqjfoh.cx.internal.cloudapp.net, ports: [REPLICATION=43757, RATIS=42233, RATIS_ADMIN=42233, RATIS_SERVER=42233, STANDALONE=33423], networkLocation: /default-rack, certSerialId: null, persistedOpState: IN_SERVICE, persistedOpStateExpiryEpochSec: 0}, ReplicationConfig: RATIS/ONE, State:ALLOCATED, leaderId:, CreationTimestamp2022-01-06T13:29:54.240Z[Etc/UTC]].
2022-01-06 13:29:54,395 [Listener at 127.0.0.1/36535] INFO  ozone.MiniOzoneClusterImpl (MiniOzoneClusterImpl.java:lambda$waitForClusterToBeReady$0(235)) - Waiting for nodes to be ready. Got 8 of 9 DN Heartbeats.
2022-01-06 13:29:54,395 [Listener at 127.0.0.1/36535] INFO  ozone.MiniOzoneClusterImpl (MiniOzoneClusterImpl.java:lambda$waitForClusterToBeReady$0(238)) - Waiting for cluster to exit safe mode
2022-01-06 13:29:54,396 [Listener at 127.0.0.1/36535] INFO  ozone.MiniOzoneClusterImpl (MiniOzoneClusterImpl.java:lambda$waitForClusterToBeReady$0(240)) - SCM became leader
2022-01-06 13:29:54,402 [IPC Server handler 17 on default port 33937] INFO  net.NetworkTopologyImpl (NetworkTopologyImpl.java:add(112)) - Added a new node: /default-rack/76e53578-69cb-4294-9496-1cf18385f48a
2022-01-06 13:29:54,402 [IPC Server handler 17 on default port 33937] INFO  node.SCMNodeManager (SCMNodeManager.java:register(389)) - Registered Data node : 76e53578-69cb-4294-9496-1cf18385f48a{ip: 10.1.0.50, host: fv-az59-280.csjynl4pkq3e1pkirw3ssqjfoh.cx.internal.cloudapp.net, ports: [REPLICATION=45325, RATIS=41391, RATIS_ADMIN=41391, RATIS_SERVER=41391, STANDALONE=41745], networkLocation: /default-rack, certSerialId: null, persistedOpState: null, persistedOpStateExpiryEpochSec: 0}
2022-01-06 13:29:54,403 [EventQueue-NewNodeForNewNodeHandler] INFO  pipeline.BackgroundPipelineCreator (BackgroundPipelineCreator.java:notifyEventTriggered(285)) - trigger a one-shot run on RatisPipelineUtilsThread.
2022-01-06 13:29:54,403 [RatisPipelineUtilsThread - 0] INFO  pipeline.RatisPipelineProvider (RatisPipelineProvider.java:lambda$create$0(183)) - Sending CreatePipelineCommand for pipeline:PipelineID=2fbe6e56-73fa-444f-9fe4-044480f4d795 to datanode:76e53578-69cb-4294-9496-1cf18385f48a
2022-01-06 13:29:54,404 [RatisPipelineUtilsThread - 0] INFO  pipeline.PipelineStateManagerImpl (PipelineStateManagerImpl.java:addPipeline(101)) - Created pipeline Pipeline[ Id: 2fbe6e56-73fa-444f-9fe4-044480f4d795, Nodes: 76e53578-69cb-4294-9496-1cf18385f48a{ip: 10.1.0.50, host: fv-az59-280.csjynl4pkq3e1pkirw3ssqjfoh.cx.internal.cloudapp.net, ports: [REPLICATION=45325, RATIS=41391, RATIS_ADMIN=41391, RATIS_SERVER=41391, STANDALONE=41745], networkLocation: /default-rack, certSerialId: null, persistedOpState: IN_SERVICE, persistedOpStateExpiryEpochSec: 0}, ReplicationConfig: RATIS/ONE, State:ALLOCATED, leaderId:, CreationTimestamp2022-01-06T13:29:54.403Z[Etc/UTC]].
2022-01-06 13:29:54,404 [RatisPipelineUtilsThread - 0] INFO  pipeline.RatisPipelineProvider (RatisPipelineProvider.java:lambda$create$0(183)) - Sending CreatePipelineCommand for pipeline:PipelineID=e04dc973-2c55-47c2-9965-1fe22983bc3e to datanode:665e739a-157d-4ef9-b1c9-ec3dd6c8e45b
2022-01-06 13:29:54,404 [RatisPipelineUtilsThread - 0] INFO  pipeline.RatisPipelineProvider (RatisPipelineProvider.java:lambda$create$0(183)) - Sending CreatePipelineCommand for pipeline:PipelineID=e04dc973-2c55-47c2-9965-1fe22983bc3e to datanode:76e53578-69cb-4294-9496-1cf18385f48a
2022-01-06 13:29:54,404 [RatisPipelineUtilsThread - 0] INFO  pipeline.RatisPipelineProvider (RatisPipelineProvider.java:lambda$create$0(183)) - Sending CreatePipelineCommand for pipeline:PipelineID=e04dc973-2c55-47c2-9965-1fe22983bc3e to datanode:177ce3f2-416d-49f6-9e1f-da5fb9a9d371
2022-01-06 13:29:54,405 [RatisPipelineUtilsThread - 0] INFO  pipeline.PipelineStateManagerImpl (PipelineStateManagerImpl.java:addPipeline(101)) - Created pipeline Pipeline[ Id: e04dc973-2c55-47c2-9965-1fe22983bc3e, Nodes: 665e739a-157d-4ef9-b1c9-ec3dd6c8e45b{ip: 10.1.0.50, host: fv-az59-280.csjynl4pkq3e1pkirw3ssqjfoh.cx.internal.cloudapp.net, ports: [REPLICATION=43757, RATIS=42233, RATIS_ADMIN=42233, RATIS_SERVER=42233, STANDALONE=33423], networkLocation: /default-rack, certSerialId: null, persistedOpState: IN_SERVICE, persistedOpStateExpiryEpochSec: 0}76e53578-69cb-4294-9496-1cf18385f48a{ip: 10.1.0.50, host: fv-az59-280.csjynl4pkq3e1pkirw3ssqjfoh.cx.internal.cloudapp.net, ports: [REPLICATION=45325, RATIS=41391, RATIS_ADMIN=41391, RATIS_SERVER=41391, STANDALONE=41745], networkLocation: /default-rack, certSerialId: null, persistedOpState: IN_SERVICE, persistedOpStateExpiryEpochSec: 0}177ce3f2-416d-49f6-9e1f-da5fb9a9d371{ip: 10.1.0.50, host: fv-az59-280.csjynl4pkq3e1pkirw3ssqjfoh.cx.internal.cloudapp.net, ports: [REPLICATION=41445, RATIS=39477, RATIS_ADMIN=39477, RATIS_SERVER=39477, STANDALONE=35293], networkLocation: /default-rack, certSerialId: null, persistedOpState: IN_SERVICE, persistedOpStateExpiryEpochSec: 0}, ReplicationConfig: RATIS/THREE, State:ALLOCATED, leaderId:, CreationTimestamp2022-01-06T13:29:54.404Z[Etc/UTC]].
2022-01-06 13:29:55,396 [Listener at 127.0.0.1/36535] INFO  ozone.MiniOzoneClusterImpl (MiniOzoneClusterImpl.java:lambda$waitForClusterToBeReady$0(235)) - Nodes are ready. Got 9 of 9 DN Heartbeats.
2022-01-06 13:29:55,397 [Listener at 127.0.0.1/36535] INFO  ozone.MiniOzoneClusterImpl (MiniOzoneClusterImpl.java:lambda$waitForClusterToBeReady$0(238)) - Waiting for cluster to exit safe mode
2022-01-06 13:29:55,397 [Listener at 127.0.0.1/36535] INFO  ozone.MiniOzoneClusterImpl (MiniOzoneClusterImpl.java:lambda$waitForClusterToBeReady$0(240)) - SCM became leader
2022-01-06 13:29:55,522 [Command processor thread] INFO  server.RaftServer (RaftServerProxy.java:addNew(95)) - 30761433-74de-448b-9041-b7efaa078424: addNew group-57D22A8C9907:[30761433-74de-448b-9041-b7efaa078424|rpc:10.1.0.50:41385|priority:1] returns group-57D22A8C9907:java.util.concurrent.CompletableFuture@5ecc05a6[Not completed]
2022-01-06 13:29:55,533 [pool-55-thread-1] INFO  server.RaftServer$Division (RaftServerImpl.java:<init>(184)) - 30761433-74de-448b-9041-b7efaa078424: new RaftServerImpl for group-57D22A8C9907:[30761433-74de-448b-9041-b7efaa078424|rpc:10.1.0.50:41385|priority:1] with ContainerStateMachine:uninitialized
2022-01-06 13:29:55,535 [pool-55-thread-1] INFO  server.RaftServerConfigKeys (ConfUtils.java:logGet(44)) - raft.server.rpc.timeout.min = 5s (custom)
2022-01-06 13:29:55,535 [pool-55-thread-1] INFO  server.RaftServerConfigKeys (ConfUtils.java:logGet(44)) - raft.server.rpc.timeout.max = 5200ms (custom)
2022-01-06 13:29:55,535 [pool-55-thread-1] INFO  server.RaftServerConfigKeys (ConfUtils.java:logGet(44)) - raft.server.rpc.sleep.time = 25ms (default)
2022-01-06 13:29:55,535 [pool-55-thread-1] INFO  server.RaftServerConfigKeys (ConfUtils.java:logGet(44)) - raft.server.rpc.slowness.timeout = 300000ms (custom)
2022-01-06 13:29:55,535 [pool-55-thread-1] INFO  server.RaftServerConfigKeys (ConfUtils.java:logGet(44)) - raft.server.leaderelection.leader.step-down.wait-time = 10s (default)
2022-01-06 13:29:55,535 [pool-55-thread-1] INFO  server.RaftServerConfigKeys (ConfUtils.java:logGet(44)) - raft.server.sleep.deviation.threshold = 300ms (default)
2022-01-06 13:29:55,535 [pool-55-thread-1] INFO  server.RaftServerConfigKeys (ConfUtils.java:logGet(44)) - raft.server.log.appender.install.snapshot.enabled = false (custom)
2022-01-06 13:29:55,536 [pool-55-thread-1] INFO  server.RaftServer$Division (ServerState.java:<init>(105)) - 30761433-74de-448b-9041-b7efaa078424@group-57D22A8C9907: ConfigurationManager, init=-1: [30761433-74de-448b-9041-b7efaa078424|rpc:10.1.0.50:41385|priority:1], old=null, confs=<EMPTY_MAP>
2022-01-06 13:29:55,536 [pool-55-thread-1] INFO  server.RaftServerConfigKeys (ConfUtils.java:logGet(44)) - raft.server.storage.dir = [/home/runner/work/ozone/ozone/hadoop-ozone/integration-test/target/test-dir/MiniOzoneClusterImpl-1040910a-51cd-4ce1-8f2d-abd84b974e59/datanode-0/data/ratis] (custom)
2022-01-06 13:29:55,536 [pool-55-thread-1] INFO  server.RaftServerConfigKeys (ConfUtils.java:logGet(44)) - raft.server.log.corruption.policy = EXCEPTION (default)
2022-01-06 13:29:55,536 [pool-55-thread-1] INFO  server.RaftServerConfigKeys (ConfUtils.java:logGet(44)) - raft.server.storage.free-space.min = 0MB (=0) (default)
2022-01-06 13:29:55,536 [pool-55-thread-1] INFO  storage.RaftStorageDirectory (RaftStorageDirectoryImpl.java:analyzeStorage(135)) - The storage directory /home/runner/work/ozone/ozone/hadoop-ozone/integration-test/target/test-dir/MiniOzoneClusterImpl-1040910a-51cd-4ce1-8f2d-abd84b974e59/datanode-0/data/ratis/c7f70cff-003f-4311-9eb4-57d22a8c9907 does not exist. Creating ...
2022-01-06 13:29:55,539 [pool-55-thread-1] INFO  storage.RaftStorageDirectory (RaftStorageDirectoryImpl.java:tryLock(230)) - Lock on /home/runner/work/ozone/ozone/hadoop-ozone/integration-test/target/test-dir/MiniOzoneClusterImpl-1040910a-51cd-4ce1-8f2d-abd84b974e59/datanode-0/data/ratis/c7f70cff-003f-4311-9eb4-57d22a8c9907/in_use.lock acquired by nodename 24655@fv-az59-280
2022-01-06 13:29:55,540 [pool-55-thread-1] INFO  storage.RaftStorage (RaftStorageImpl.java:format(89)) - Storage directory /home/runner/work/ozone/ozone/hadoop-ozone/integration-test/target/test-dir/MiniOzoneClusterImpl-1040910a-51cd-4ce1-8f2d-abd84b974e59/datanode-0/data/ratis/c7f70cff-003f-4311-9eb4-57d22a8c9907 has been successfully formatted.
2022-01-06 13:29:55,544 [pool-55-thread-1] INFO  ratis.ContainerStateMachine (ContainerStateMachine.java:loadSnapshot(231)) - group-57D22A8C9907: The snapshot info is null. Setting the last applied indexto:(t:0, i:~)
2022-01-06 13:29:55,550 [pool-55-thread-1] INFO  server.RaftServerConfigKeys (ConfUtils.java:logGet(44)) - raft.server.notification.no-leader.timeout = 300000ms (custom)
2022-01-06 13:29:55,550 [pool-55-thread-1] INFO  server.RaftServerConfigKeys (ConfUtils.java:logGet(44)) - raft.server.log.use.memory = false (default)
2022-01-06 13:29:55,553 [pool-55-thread-1] INFO  server.RaftServerConfigKeys (ConfUtils.java:logGet(44)) - raft.server.log.purge.gap = 1000000 (custom)
2022-01-06 13:29:55,553 [pool-55-thread-1] INFO  server.RaftServerConfigKeys (ConfUtils.java:logGet(44)) - raft.server.log.appender.buffer.byte-limit = 33554432 (custom)
2022-01-06 13:29:55,553 [pool-55-thread-1] INFO  server.RaftServerConfigKeys (ConfUtils.java:logGet(44)) - raft.server.log.segment.size.max = 1048576 (custom)
2022-01-06 13:29:55,554 [pool-55-thread-1] INFO  server.RaftServerConfigKeys (ConfUtils.java:logGet(44)) - raft.server.log.segment.cache.num.max = 2 (custom)
2022-01-06 13:29:55,555 [pool-55-thread-1] INFO  server.RaftServerConfigKeys (ConfUtils.java:logGet(44)) - raft.server.log.segment.cache.size.max = 200MB (=209715200) (default)
2022-01-06 13:29:55,555 [pool-55-thread-1] INFO  segmented.SegmentedRaftLogWorker (SegmentedRaftLogWorker.java:<init>(182)) - new 30761433-74de-448b-9041-b7efaa078424@group-57D22A8C9907-SegmentedRaftLogWorker for RaftStorageImpl:Storage Directory /home/runner/work/ozone/ozone/hadoop-ozone/integration-test/target/test-dir/MiniOzoneClusterImpl-1040910a-51cd-4ce1-8f2d-abd84b974e59/datanode-0/data/ratis/c7f70cff-003f-4311-9eb4-57d22a8c9907
2022-01-06 13:29:55,555 [pool-55-thread-1] INFO  server.RaftServerConfigKeys (ConfUtils.java:logGet(44)) - raft.server.log.queue.byte-limit = 2147483647 (custom)
2022-01-06 13:29:55,555 [pool-55-thread-1] INFO  server.RaftServerConfigKeys (ConfUtils.java:logGet(44)) - raft.server.log.queue.element-limit = 1024 (custom)
2022-01-06 13:29:55,555 [pool-55-thread-1] INFO  server.RaftServerConfigKeys (ConfUtils.java:logGet(44)) - raft.server.log.segment.size.max = 1048576 (custom)
2022-01-06 13:29:55,555 [pool-55-thread-1] INFO  server.RaftServerConfigKeys (ConfUtils.java:logGet(44)) - raft.server.log.preallocated.size = 16384 (custom)
2022-01-06 13:29:55,555 [pool-55-thread-1] INFO  server.RaftServerConfigKeys (ConfUtils.java:logGet(44)) - raft.server.log.force.sync.num = 128 (default)
2022-01-06 13:29:55,555 [pool-55-thread-1] INFO  server.RaftServerConfigKeys (ConfUtils.java:logGet(44)) - raft.server.log.statemachine.data.sync = true (default)
2022-01-06 13:29:55,555 [pool-55-thread-1] INFO  server.RaftServerConfigKeys (ConfUtils.java:logGet(44)) - raft.server.log.statemachine.data.sync.timeout = 10s (default)
2022-01-06 13:29:55,555 [pool-55-thread-1] INFO  server.RaftServerConfigKeys (ConfUtils.java:logGet(44)) - raft.server.log.statemachine.data.sync.timeout.retry = -1 (default)
2022-01-06 13:29:55,557 [pool-55-thread-1] INFO  server.RaftServerConfigKeys (ConfUtils.java:logGet(44)) - raft.server.log.write.buffer.size = 1048576 (custom)
2022-01-06 13:29:55,560 [pool-55-thread-1] INFO  server.RaftServerConfigKeys (ConfUtils.java:logGet(44)) - raft.server.log.statemachine.data.caching.enabled = true (custom)
2022-01-06 13:29:55,561 [pool-55-thread-1] INFO  segmented.SegmentedRaftLogWorker (SegmentedRaftLogWorker.java:lambda$new$0(133)) - 30761433-74de-448b-9041-b7efaa078424@group-57D22A8C9907-SegmentedRaftLogWorker: flushIndex: setUnconditionally 0 -> -1
2022-01-06 13:29:55,561 [pool-55-thread-1] INFO  segmented.SegmentedRaftLogWorker (SegmentedRaftLogWorker.java:lambda$new$0(133)) - 30761433-74de-448b-9041-b7efaa078424@group-57D22A8C9907-SegmentedRaftLogWorker: safeCacheEvictIndex: setUnconditionally 0 -> -1
2022-01-06 13:29:55,561 [EventQueue-PipelineReportForPipelineReportHandler] INFO  pipeline.PipelineManagerImpl (PipelineManagerImpl.java:openPipeline(291)) - Pipeline Pipeline[ Id: c7f70cff-003f-4311-9eb4-57d22a8c9907, Nodes: 30761433-74de-448b-9041-b7efaa078424{ip: 10.1.0.50, host: fv-az59-280.csjynl4pkq3e1pkirw3ssqjfoh.cx.internal.cloudapp.net, ports: [REPLICATION=35961, RATIS=41385, RATIS_ADMIN=41385, RATIS_SERVER=41385, STANDALONE=42517], networkLocation: /default-rack, certSerialId: null, persistedOpState: IN_SERVICE, persistedOpStateExpiryEpochSec: 0}, ReplicationConfig: RATIS/ONE, State:ALLOCATED, leaderId:30761433-74de-448b-9041-b7efaa078424, CreationTimestamp2022-01-06T13:29:52.581Z[Etc/UTC]] moved to OPEN state
2022-01-06 13:29:55,562 [pool-55-thread-1] INFO  server.RaftServerConfigKeys (ConfUtils.java:logGet(44)) - raft.server.snapshot.auto.trigger.enabled = true (custom)
2022-01-06 13:29:55,562 [pool-55-thread-1] INFO  server.RaftServerConfigKeys (ConfUtils.java:logGet(44)) - raft.server.snapshot.auto.trigger.threshold = 10000 (custom)
2022-01-06 13:29:55,562 [pool-55-thread-1] INFO  server.RaftServerConfigKeys (ConfUtils.java:logGet(44)) - raft.server.snapshot.retention.file.num = 5 (custom)
2022-01-06 13:29:55,562 [pool-55-thread-1] INFO  server.RaftServerConfigKeys (ConfUtils.java:logGet(44)) - raft.server.log.purge.upto.snapshot.index = false (default)
2022-01-06 13:29:55,562 [pool-55-thread-1] INFO  server.RaftServerConfigKeys (ConfUtils.java:logGet(44)) - raft.server.retrycache.expirytime = 600000ms (custom)
2022-01-06 13:29:55,562 [pool-55-thread-1] INFO  server.RaftServerConfigKeys (ConfUtils.java:logGet(44)) - raft.server.retrycache.statistics.expirytime = 100μs (default)
2022-01-06 13:29:55,568 [EventQueue-OpenPipelineForHealthyPipelineSafeModeRule] INFO  safemode.SCMSafeModeManager (HealthyPipelineSafeModeRule.java:process(124)) - SCM in safe mode. Healthy pipelines reported count is 0, required healthy pipeline reported count is 1
2022-01-06 13:29:55,571 [pool-55-thread-1] INFO  server.RaftServer$Division (RaftServerImpl.java:start(301)) - 30761433-74de-448b-9041-b7efaa078424@group-57D22A8C9907: start as a follower, conf=-1: [30761433-74de-448b-9041-b7efaa078424|rpc:10.1.0.50:41385|priority:1], old=null
2022-01-06 13:29:55,572 [pool-55-thread-1] INFO  server.RaftServer$Division (RaftServerImpl.java:setRole(290)) - 30761433-74de-448b-9041-b7efaa078424@group-57D22A8C9907: changes role from      null to FOLLOWER at term 0 for startAsFollower
2022-01-06 13:29:55,572 [pool-55-thread-1] INFO  impl.RoleInfo (RoleInfo.java:updateAndGet(130)) - 30761433-74de-448b-9041-b7efaa078424: start 30761433-74de-448b-9041-b7efaa078424@group-57D22A8C9907-FollowerState
2022-01-06 13:29:55,573 [pool-55-thread-1] INFO  util.JmxRegister (JmxRegister.java:tryRegister(44)) - Successfully registered JMX Bean with object name Ratis:service=RaftServer,group=group-57D22A8C9907,id=30761433-74de-448b-9041-b7efaa078424
2022-01-06 13:29:55,589 [Command processor thread] INFO  ratis.XceiverServerRatis (XceiverServerRatis.java:addGroup(768)) - Created group PipelineID=c7f70cff-003f-4311-9eb4-57d22a8c9907
2022-01-06 13:29:55,589 [Command processor thread] INFO  commandhandler.CreatePipelineCommandHandler (CreatePipelineCommandHandler.java:handle(106)) - Created Pipeline RATIS ONE PipelineID=c7f70cff-003f-4311-9eb4-57d22a8c9907.
2022-01-06 13:29:55,589 [Command processor thread] INFO  server.RaftServer (RaftServerProxy.java:addNew(95)) - 30761433-74de-448b-9041-b7efaa078424: addNew group-99B4631465CC:[129ac5cb-389f-40c7-b14f-a1c1703048e2|rpc:10.1.0.50:43165|priority:0, 30761433-74de-448b-9041-b7efaa078424|rpc:10.1.0.50:41385|priority:0, 22c8497a-9e61-48ae-afcc-0cb0db452240|rpc:10.1.0.50:44975|priority:1] returns group-99B4631465CC:java.util.concurrent.CompletableFuture@53186aa2[Not completed]
2022-01-06 13:29:55,593 [pool-55-thread-1] INFO  server.RaftServer$Division (RaftServerImpl.java:<init>(184)) - 30761433-74de-448b-9041-b7efaa078424: new RaftServerImpl for group-99B4631465CC:[129ac5cb-389f-40c7-b14f-a1c1703048e2|rpc:10.1.0.50:43165|priority:0, 30761433-74de-448b-9041-b7efaa078424|rpc:10.1.0.50:41385|priority:0, 22c8497a-9e61-48ae-afcc-0cb0db452240|rpc:10.1.0.50:44975|priority:1] with ContainerStateMachine:uninitialized
2022-01-06 13:29:55,593 [pool-55-thread-1] INFO  server.RaftServerConfigKeys (ConfUtils.java:logGet(44)) - raft.server.rpc.timeout.min = 5s (custom)
2022-01-06 13:29:55,593 [pool-55-thread-1] INFO  server.RaftServerConfigKeys (ConfUtils.java:logGet(44)) - raft.server.rpc.timeout.max = 5200ms (custom)
2022-01-06 13:29:55,593 [pool-55-thread-1] INFO  server.RaftServerConfigKeys (ConfUtils.java:logGet(44)) - raft.server.rpc.sleep.time = 25ms (default)
2022-01-06 13:29:55,593 [pool-55-thread-1] INFO  server.RaftServerConfigKeys (ConfUtils.java:logGet(44)) - raft.server.rpc.slowness.timeout = 300000ms (custom)
2022-01-06 13:29:55,593 [pool-55-thread-1] INFO  server.RaftServerConfigKeys (ConfUtils.java:logGet(44)) - raft.server.leaderelection.leader.step-down.wait-time = 10s (default)
2022-01-06 13:29:55,593 [pool-55-thread-1] INFO  server.RaftServerConfigKeys (ConfUtils.java:logGet(44)) - raft.server.sleep.deviation.threshold = 300ms (default)
2022-01-06 13:29:55,593 [pool-55-thread-1] INFO  server.RaftServerConfigKeys (ConfUtils.java:logGet(44)) - raft.server.log.appender.install.snapshot.enabled = false (custom)
2022-01-06 13:29:55,593 [pool-55-thread-1] INFO  server.RaftServer$Division (ServerState.java:<init>(105)) - 30761433-74de-448b-9041-b7efaa078424@group-99B4631465CC: ConfigurationManager, init=-1: [129ac5cb-389f-40c7-b14f-a1c1703048e2|rpc:10.1.0.50:43165|priority:0, 30761433-74de-448b-9041-b7efaa078424|rpc:10.1.0.50:41385|priority:0, 22c8497a-9e61-48ae-afcc-0cb0db452240|rpc:10.1.0.50:44975|priority:1], old=null, confs=<EMPTY_MAP>
2022-01-06 13:29:55,593 [pool-55-thread-1] INFO  server.RaftServerConfigKeys (ConfUtils.java:logGet(44)) - raft.server.storage.dir = [/home/runner/work/ozone/ozone/hadoop-ozone/integration-test/target/test-dir/MiniOzoneClusterImpl-1040910a-51cd-4ce1-8f2d-abd84b974e59/datanode-0/data/ratis] (custom)
2022-01-06 13:29:55,594 [pool-55-thread-1] INFO  server.RaftServerConfigKeys (ConfUtils.java:logGet(44)) - raft.server.log.corruption.policy = EXCEPTION (default)
2022-01-06 13:29:55,594 [pool-55-thread-1] INFO  server.RaftServerConfigKeys (ConfUtils.java:logGet(44)) - raft.server.storage.free-space.min = 0MB (=0) (default)
2022-01-06 13:29:55,594 [pool-55-thread-1] INFO  storage.RaftStorageDirectory (RaftStorageDirectoryImpl.java:analyzeStorage(135)) - The storage directory /home/runner/work/ozone/ozone/hadoop-ozone/integration-test/target/test-dir/MiniOzoneClusterImpl-1040910a-51cd-4ce1-8f2d-abd84b974e59/datanode-0/data/ratis/6e6fbaad-accd-40fc-ad54-99b4631465cc does not exist. Creating ...
2022-01-06 13:29:55,595 [pool-55-thread-1] INFO  storage.RaftStorageDirectory (RaftStorageDirectoryImpl.java:tryLock(230)) - Lock on /home/runner/work/ozone/ozone/hadoop-ozone/integration-test/target/test-dir/MiniOzoneClusterImpl-1040910a-51cd-4ce1-8f2d-abd84b974e59/datanode-0/data/ratis/6e6fbaad-accd-40fc-ad54-99b4631465cc/in_use.lock acquired by nodename 24655@fv-az59-280
2022-01-06 13:29:55,595 [pool-55-thread-1] INFO  storage.RaftStorage (RaftStorageImpl.java:format(89)) - Storage directory /home/runner/work/ozone/ozone/hadoop-ozone/integration-test/target/test-dir/MiniOzoneClusterImpl-1040910a-51cd-4ce1-8f2d-abd84b974e59/datanode-0/data/ratis/6e6fbaad-accd-40fc-ad54-99b4631465cc has been successfully formatted.
2022-01-06 13:29:55,596 [pool-55-thread-1] INFO  ratis.ContainerStateMachine (ContainerStateMachine.java:loadSnapshot(231)) - group-99B4631465CC: The snapshot info is null. Setting the last applied indexto:(t:0, i:~)
2022-01-06 13:29:55,599 [EventQueue-OpenPipelineForHealthyPipelineSafeModeRule] INFO  safemode.SCMSafeModeManager (HealthyPipelineSafeModeRule.java:process(124)) - SCM in safe mode. Healthy pipelines reported count is 0, required healthy pipeline reported count is 1
2022-01-06 13:29:55,603 [pool-55-thread-1] INFO  server.RaftServerConfigKeys (ConfUtils.java:logGet(44)) - raft.server.notification.no-leader.timeout = 300000ms (custom)
2022-01-06 13:29:55,603 [pool-55-thread-1] INFO  server.RaftServerConfigKeys (ConfUtils.java:logGet(44)) - raft.server.log.use.memory = false (default)
2022-01-06 13:29:55,603 [pool-55-thread-1] INFO  server.RaftServerConfigKeys (ConfUtils.java:logGet(44)) - raft.server.log.purge.gap = 1000000 (custom)
2022-01-06 13:29:55,603 [pool-55-thread-1] INFO  server.RaftServerConfigKeys (ConfUtils.java:logGet(44)) - raft.server.log.appender.buffer.byte-limit = 33554432 (custom)
2022-01-06 13:29:55,603 [pool-55-thread-1] INFO  server.RaftServerConfigKeys (ConfUtils.java:logGet(44)) - raft.server.log.segment.size.max = 1048576 (custom)
2022-01-06 13:29:55,605 [pool-55-thread-1] INFO  server.RaftServerConfigKeys (ConfUtils.java:logGet(44)) - raft.server.log.segment.cache.num.max = 2 (custom)
2022-01-06 13:29:55,605 [pool-55-thread-1] INFO  server.RaftServerConfigKeys (ConfUtils.java:logGet(44)) - raft.server.log.segment.cache.size.max = 200MB (=209715200) (default)
2022-01-06 13:29:55,605 [pool-55-thread-1] INFO  segmented.SegmentedRaftLogWorker (SegmentedRaftLogWorker.java:<init>(182)) - new 30761433-74de-448b-9041-b7efaa078424@group-99B4631465CC-SegmentedRaftLogWorker for RaftStorageImpl:Storage Directory /home/runner/work/ozone/ozone/hadoop-ozone/integration-test/target/test-dir/MiniOzoneClusterImpl-1040910a-51cd-4ce1-8f2d-abd84b974e59/datanode-0/data/ratis/6e6fbaad-accd-40fc-ad54-99b4631465cc
2022-01-06 13:29:55,605 [pool-55-thread-1] INFO  server.RaftServerConfigKeys (ConfUtils.java:logGet(44)) - raft.server.log.queue.byte-limit = 2147483647 (custom)
2022-01-06 13:29:55,605 [pool-55-thread-1] INFO  server.RaftServerConfigKeys (ConfUtils.java:logGet(44)) - raft.server.log.queue.element-limit = 1024 (custom)
2022-01-06 13:29:55,605 [pool-55-thread-1] INFO  server.RaftServerConfigKeys (ConfUtils.java:logGet(44)) - raft.server.log.segment.size.max = 1048576 (custom)
2022-01-06 13:29:55,606 [pool-55-thread-1] INFO  server.RaftServerConfigKeys (ConfUtils.java:logGet(44)) - raft.server.log.preallocated.size = 16384 (custom)
2022-01-06 13:29:55,606 [pool-55-thread-1] INFO  server.RaftServerConfigKeys (ConfUtils.java:logGet(44)) - raft.server.log.force.sync.num = 128 (default)
2022-01-06 13:29:55,606 [pool-55-thread-1] INFO  server.RaftServerConfigKeys (ConfUtils.java:logGet(44)) - raft.server.log.statemachine.data.sync = true (default)
2022-01-06 13:29:55,606 [pool-55-thread-1] INFO  server.RaftServerConfigKeys (ConfUtils.java:logGet(44)) - raft.server.log.statemachine.data.sync.timeout = 10s (default)
2022-01-06 13:29:55,606 [pool-55-thread-1] INFO  server.RaftServerConfigKeys (ConfUtils.java:logGet(44)) - raft.server.log.statemachine.data.sync.timeout.retry = -1 (default)
2022-01-06 13:29:55,610 [pool-55-thread-1] INFO  server.RaftServerConfigKeys (ConfUtils.java:logGet(44)) - raft.server.log.write.buffer.size = 1048576 (custom)
2022-01-06 13:29:55,613 [pool-55-thread-1] INFO  server.RaftServerConfigKeys (ConfUtils.java:logGet(44)) - raft.server.log.statemachine.data.caching.enabled = true (custom)
2022-01-06 13:29:55,614 [pool-55-thread-1] INFO  segmented.SegmentedRaftLogWorker (SegmentedRaftLogWorker.java:lambda$new$0(133)) - 30761433-74de-448b-9041-b7efaa078424@group-99B4631465CC-SegmentedRaftLogWorker: flushIndex: setUnconditionally 0 -> -1
2022-01-06 13:29:55,614 [pool-55-thread-1] INFO  segmented.SegmentedRaftLogWorker (SegmentedRaftLogWorker.java:lambda$new$0(133)) - 30761433-74de-448b-9041-b7efaa078424@group-99B4631465CC-SegmentedRaftLogWorker: safeCacheEvictIndex: setUnconditionally 0 -> -1
2022-01-06 13:29:55,614 [pool-55-thread-1] INFO  server.RaftServerConfigKeys (ConfUtils.java:logGet(44)) - raft.server.snapshot.auto.trigger.enabled = true (custom)
2022-01-06 13:29:55,614 [pool-55-thread-1] INFO  server.RaftServerConfigKeys (ConfUtils.java:logGet(44)) - raft.server.snapshot.auto.trigger.threshold = 10000 (custom)
2022-01-06 13:29:55,614 [pool-55-thread-1] INFO  server.RaftServerConfigKeys (ConfUtils.java:logGet(44)) - raft.server.snapshot.retention.file.num = 5 (custom)
2022-01-06 13:29:55,614 [pool-55-thread-1] INFO  server.RaftServerConfigKeys (ConfUtils.java:logGet(44)) - raft.server.log.purge.upto.snapshot.index = false (default)
2022-01-06 13:29:55,614 [pool-55-thread-1] INFO  server.RaftServerConfigKeys (ConfUtils.java:logGet(44)) - raft.server.retrycache.expirytime = 600000ms (custom)
2022-01-06 13:29:55,614 [pool-55-thread-1] INFO  server.RaftServerConfigKeys (ConfUtils.java:logGet(44)) - raft.server.retrycache.statistics.expirytime = 100μs (default)
2022-01-06 13:29:55,616 [pool-55-thread-1] INFO  server.RaftServer$Division (RaftServerImpl.java:start(301)) - 30761433-74de-448b-9041-b7efaa078424@group-99B4631465CC: start as a follower, conf=-1: [129ac5cb-389f-40c7-b14f-a1c1703048e2|rpc:10.1.0.50:43165|priority:0, 30761433-74de-448b-9041-b7efaa078424|rpc:10.1.0.50:41385|priority:0, 22c8497a-9e61-48ae-afcc-0cb0db452240|rpc:10.1.0.50:44975|priority:1], old=null
2022-01-06 13:29:55,616 [pool-55-thread-1] INFO  server.RaftServer$Division (RaftServerImpl.java:setRole(290)) - 30761433-74de-448b-9041-b7efaa078424@group-99B4631465CC: changes role from      null to FOLLOWER at term 0 for startAsFollower
2022-01-06 13:29:55,616 [pool-55-thread-1] INFO  impl.RoleInfo (RoleInfo.java:updateAndGet(130)) - 30761433-74de-448b-9041-b7efaa078424: start 30761433-74de-448b-9041-b7efaa078424@group-99B4631465CC-FollowerState
2022-01-06 13:29:55,622 [pool-55-thread-1] INFO  util.JmxRegister (JmxRegister.java:tryRegister(44)) - Successfully registered JMX Bean with object name Ratis:service=RaftServer,group=group-99B4631465CC,id=30761433-74de-448b-9041-b7efaa078424
2022-01-06 13:29:55,626 [Command processor thread] INFO  ratis.XceiverServerRatis (XceiverServerRatis.java:addGroup(768)) - Created group PipelineID=6e6fbaad-accd-40fc-ad54-99b4631465cc
2022-01-06 13:29:55,800 [Command processor thread] INFO  server.RaftServer (RaftServerProxy.java:addNew(95)) - 22c8497a-9e61-48ae-afcc-0cb0db452240: addNew group-D2337A1FFCBA:[22c8497a-9e61-48ae-afcc-0cb0db452240|rpc:10.1.0.50:44975|priority:1] returns group-D2337A1FFCBA:java.util.concurrent.CompletableFuture@453ad0f[Not completed]
2022-01-06 13:29:55,804 [pool-76-thread-1] INFO  server.RaftServer$Division (RaftServerImpl.java:<init>(184)) - 22c8497a-9e61-48ae-afcc-0cb0db452240: new RaftServerImpl for group-D2337A1FFCBA:[22c8497a-9e61-48ae-afcc-0cb0db452240|rpc:10.1.0.50:44975|priority:1] with ContainerStateMachine:uninitialized
2022-01-06 13:29:55,804 [pool-76-thread-1] INFO  server.RaftServerConfigKeys (ConfUtils.java:logGet(44)) - raft.server.rpc.timeout.min = 5s (custom)
2022-01-06 13:29:55,804 [pool-76-thread-1] INFO  server.RaftServerConfigKeys (ConfUtils.java:logGet(44)) - raft.server.rpc.timeout.max = 5200ms (custom)
2022-01-06 13:29:55,804 [pool-76-thread-1] INFO  server.RaftServerConfigKeys (ConfUtils.java:logGet(44)) - raft.server.rpc.sleep.time = 25ms (default)
2022-01-06 13:29:55,804 [pool-76-thread-1] INFO  server.RaftServerConfigKeys (ConfUtils.java:logGet(44)) - raft.server.rpc.slowness.timeout = 300000ms (custom)
2022-01-06 13:29:55,804 [pool-76-thread-1] INFO  server.RaftServerConfigKeys (ConfUtils.java:logGet(44)) - raft.server.leaderelection.leader.step-down.wait-time = 10s (default)
2022-01-06 13:29:55,805 [pool-76-thread-1] INFO  server.RaftServerConfigKeys (ConfUtils.java:logGet(44)) - raft.server.sleep.deviation.threshold = 300ms (default)
2022-01-06 13:29:55,805 [pool-76-thread-1] INFO  server.RaftServerConfigKeys (ConfUtils.java:logGet(44)) - raft.server.log.appender.install.snapshot.enabled = false (custom)
2022-01-06 13:29:55,805 [pool-76-thread-1] INFO  server.RaftServer$Division (ServerState.java:<init>(105)) - 22c8497a-9e61-48ae-afcc-0cb0db452240@group-D2337A1FFCBA: ConfigurationManager, init=-1: [22c8497a-9e61-48ae-afcc-0cb0db452240|rpc:10.1.0.50:44975|priority:1], old=null, confs=<EMPTY_MAP>
2022-01-06 13:29:55,805 [pool-76-thread-1] INFO  server.RaftServerConfigKeys (ConfUtils.java:logGet(44)) - raft.server.storage.dir = [/home/runner/work/ozone/ozone/hadoop-ozone/integration-test/target/test-dir/MiniOzoneClusterImpl-1040910a-51cd-4ce1-8f2d-abd84b974e59/datanode-1/data/ratis] (custom)
2022-01-06 13:29:55,805 [pool-76-thread-1] INFO  server.RaftServerConfigKeys (ConfUtils.java:logGet(44)) - raft.server.log.corruption.policy = EXCEPTION (default)
2022-01-06 13:29:55,805 [pool-76-thread-1] INFO  server.RaftServerConfigKeys (ConfUtils.java:logGet(44)) - raft.server.storage.free-space.min = 0MB (=0) (default)
2022-01-06 13:29:55,805 [pool-76-thread-1] INFO  storage.RaftStorageDirectory (RaftStorageDirectoryImpl.java:analyzeStorage(135)) - The storage directory /home/runner/work/ozone/ozone/hadoop-ozone/integration-test/target/test-dir/MiniOzoneClusterImpl-1040910a-51cd-4ce1-8f2d-abd84b974e59/datanode-1/data/ratis/7c72d3ff-6670-434b-933a-d2337a1ffcba does not exist. Creating ...
2022-01-06 13:29:55,806 [pool-76-thread-1] INFO  storage.RaftStorageDirectory (RaftStorageDirectoryImpl.java:tryLock(230)) - Lock on /home/runner/work/ozone/ozone/hadoop-ozone/integration-test/target/test-dir/MiniOzoneClusterImpl-1040910a-51cd-4ce1-8f2d-abd84b974e59/datanode-1/data/ratis/7c72d3ff-6670-434b-933a-d2337a1ffcba/in_use.lock acquired by nodename 24655@fv-az59-280
2022-01-06 13:29:55,807 [pool-76-thread-1] INFO  storage.RaftStorage (RaftStorageImpl.java:format(89)) - Storage directory /home/runner/work/ozone/ozone/hadoop-ozone/integration-test/target/test-dir/MiniOzoneClusterImpl-1040910a-51cd-4ce1-8f2d-abd84b974e59/datanode-1/data/ratis/7c72d3ff-6670-434b-933a-d2337a1ffcba has been successfully formatted.
2022-01-06 13:29:55,810 [pool-76-thread-1] INFO  ratis.ContainerStateMachine (ContainerStateMachine.java:loadSnapshot(231)) - group-D2337A1FFCBA: The snapshot info is null. Setting the last applied indexto:(t:0, i:~)
2022-01-06 13:29:55,814 [EventQueue-PipelineReportForPipelineReportHandler] INFO  pipeline.PipelineManagerImpl (PipelineManagerImpl.java:openPipeline(291)) - Pipeline Pipeline[ Id: 7c72d3ff-6670-434b-933a-d2337a1ffcba, Nodes: 22c8497a-9e61-48ae-afcc-0cb0db452240{ip: 10.1.0.50, host: fv-az59-280.csjynl4pkq3e1pkirw3ssqjfoh.cx.internal.cloudapp.net, ports: [REPLICATION=44323, RATIS=44975, RATIS_ADMIN=44975, RATIS_SERVER=44975, STANDALONE=43543], networkLocation: /default-rack, certSerialId: null, persistedOpState: IN_SERVICE, persistedOpStateExpiryEpochSec: 0}, ReplicationConfig: RATIS/ONE, State:ALLOCATED, leaderId:22c8497a-9e61-48ae-afcc-0cb0db452240, CreationTimestamp2022-01-06T13:29:52.807Z[Etc/UTC]] moved to OPEN state
2022-01-06 13:29:55,815 [EventQueue-OpenPipelineForHealthyPipelineSafeModeRule] INFO  safemode.SCMSafeModeManager (HealthyPipelineSafeModeRule.java:process(124)) - SCM in safe mode. Healthy pipelines reported count is 0, required healthy pipeline reported count is 1
2022-01-06 13:29:55,820 [pool-76-thread-1] INFO  server.RaftServerConfigKeys (ConfUtils.java:logGet(44)) - raft.server.notification.no-leader.timeout = 300000ms (custom)
2022-01-06 13:29:55,822 [pool-76-thread-1] INFO  server.RaftServerConfigKeys (ConfUtils.java:logGet(44)) - raft.server.log.use.memory = false (default)
2022-01-06 13:29:55,822 [pool-76-thread-1] INFO  server.RaftServerConfigKeys (ConfUtils.java:logGet(44)) - raft.server.log.purge.gap = 1000000 (custom)
2022-01-06 13:29:55,822 [pool-76-thread-1] INFO  server.RaftServerConfigKeys (ConfUtils.java:logGet(44)) - raft.server.log.appender.buffer.byte-limit = 33554432 (custom)
2022-01-06 13:29:55,824 [pool-76-thread-1] INFO  server.RaftServerConfigKeys (ConfUtils.java:logGet(44)) - raft.server.log.segment.size.max = 1048576 (custom)
2022-01-06 13:29:55,828 [pool-76-thread-1] INFO  server.RaftServerConfigKeys (ConfUtils.java:logGet(44)) - raft.server.log.segment.cache.num.max = 2 (custom)
2022-01-06 13:29:55,829 [pool-76-thread-1] INFO  server.RaftServerConfigKeys (ConfUtils.java:logGet(44)) - raft.server.log.segment.cache.size.max = 200MB (=209715200) (default)
2022-01-06 13:29:55,829 [pool-76-thread-1] INFO  segmented.SegmentedRaftLogWorker (SegmentedRaftLogWorker.java:<init>(182)) - new 22c8497a-9e61-48ae-afcc-0cb0db452240@group-D2337A1FFCBA-SegmentedRaftLogWorker for RaftStorageImpl:Storage Directory /home/runner/work/ozone/ozone/hadoop-ozone/integration-test/target/test-dir/MiniOzoneClusterImpl-1040910a-51cd-4ce1-8f2d-abd84b974e59/datanode-1/data/ratis/7c72d3ff-6670-434b-933a-d2337a1ffcba
2022-01-06 13:29:55,830 [pool-76-thread-1] INFO  server.RaftServerConfigKeys (ConfUtils.java:logGet(44)) - raft.server.log.queue.byte-limit = 2147483647 (custom)
2022-01-06 13:29:55,830 [pool-76-thread-1] INFO  server.RaftServerConfigKeys (ConfUtils.java:logGet(44)) - raft.server.log.queue.element-limit = 1024 (custom)
2022-01-06 13:29:55,830 [pool-76-thread-1] INFO  server.RaftServerConfigKeys (ConfUtils.java:logGet(44)) - raft.server.log.segment.size.max = 1048576 (custom)
2022-01-06 13:29:55,830 [pool-76-thread-1] INFO  server.RaftServerConfigKeys (ConfUtils.java:logGet(44)) - raft.server.log.preallocated.size = 16384 (custom)
2022-01-06 13:29:55,830 [pool-76-thread-1] INFO  server.RaftServerConfigKeys (ConfUtils.java:logGet(44)) - raft.server.log.force.sync.num = 128 (default)
2022-01-06 13:29:55,830 [pool-76-thread-1] INFO  server.RaftServerConfigKeys (ConfUtils.java:logGet(44)) - raft.server.log.statemachine.data.sync = true (default)
2022-01-06 13:29:55,830 [pool-76-thread-1] INFO  server.RaftServerConfigKeys (ConfUtils.java:logGet(44)) - raft.server.log.statemachine.data.sync.timeout = 10s (default)
2022-01-06 13:29:55,830 [pool-76-thread-1] INFO  server.RaftServerConfigKeys (ConfUtils.java:logGet(44)) - raft.server.log.statemachine.data.sync.timeout.retry = -1 (default)
2022-01-06 13:29:55,831 [pool-76-thread-1] INFO  server.RaftServerConfigKeys (ConfUtils.java:logGet(44)) - raft.server.log.write.buffer.size = 1048576 (custom)
2022-01-06 13:29:55,838 [pool-76-thread-1] INFO  server.RaftServerConfigKeys (ConfUtils.java:logGet(44)) - raft.server.log.statemachine.data.caching.enabled = true (custom)
2022-01-06 13:29:55,839 [pool-76-thread-1] INFO  segmented.SegmentedRaftLogWorker (SegmentedRaftLogWorker.java:lambda$new$0(133)) - 22c8497a-9e61-48ae-afcc-0cb0db452240@group-D2337A1FFCBA-SegmentedRaftLogWorker: flushIndex: setUnconditionally 0 -> -1
2022-01-06 13:29:55,839 [pool-76-thread-1] INFO  segmented.SegmentedRaftLogWorker (SegmentedRaftLogWorker.java:lambda$new$0(133)) - 22c8497a-9e61-48ae-afcc-0cb0db452240@group-D2337A1FFCBA-SegmentedRaftLogWorker: safeCacheEvictIndex: setUnconditionally 0 -> -1
2022-01-06 13:29:55,839 [pool-76-thread-1] INFO  server.RaftServerConfigKeys (ConfUtils.java:logGet(44)) - raft.server.snapshot.auto.trigger.enabled = true (custom)
2022-01-06 13:29:55,839 [pool-76-thread-1] INFO  server.RaftServerConfigKeys (ConfUtils.java:logGet(44)) - raft.server.snapshot.auto.trigger.threshold = 10000 (custom)
2022-01-06 13:29:55,839 [pool-76-thread-1] INFO  server.RaftServerConfigKeys (ConfUtils.java:logGet(44)) - raft.server.snapshot.retention.file.num = 5 (custom)
2022-01-06 13:29:55,839 [pool-76-thread-1] INFO  server.RaftServerConfigKeys (ConfUtils.java:logGet(44)) - raft.server.log.purge.upto.snapshot.index = false (default)
2022-01-06 13:29:55,839 [pool-76-thread-1] INFO  server.RaftServerConfigKeys (ConfUtils.java:logGet(44)) - raft.server.retrycache.expirytime = 600000ms (custom)
2022-01-06 13:29:55,839 [pool-76-thread-1] INFO  server.RaftServerConfigKeys (ConfUtils.java:logGet(44)) - raft.server.retrycache.statistics.expirytime = 100μs (default)
2022-01-06 13:29:55,846 [pool-76-thread-1] INFO  server.RaftServer$Division (RaftServerImpl.java:start(301)) - 22c8497a-9e61-48ae-afcc-0cb0db452240@group-D2337A1FFCBA: start as a follower, conf=-1: [22c8497a-9e61-48ae-afcc-0cb0db452240|rpc:10.1.0.50:44975|priority:1], old=null
2022-01-06 13:29:55,847 [pool-76-thread-1] INFO  server.RaftServer$Division (RaftServerImpl.java:setRole(290)) - 22c8497a-9e61-48ae-afcc-0cb0db452240@group-D2337A1FFCBA: changes role from      null to FOLLOWER at term 0 for startAsFollower
2022-01-06 13:29:55,847 [pool-76-thread-1] INFO  impl.RoleInfo (RoleInfo.java:updateAndGet(130)) - 22c8497a-9e61-48ae-afcc-0cb0db452240: start 22c8497a-9e61-48ae-afcc-0cb0db452240@group-D2337A1FFCBA-FollowerState
2022-01-06 13:29:55,851 [pool-76-thread-1] INFO  util.JmxRegister (JmxRegister.java:tryRegister(44)) - Successfully registered JMX Bean with object name Ratis:service=RaftServer,group=group-D2337A1FFCBA,id=22c8497a-9e61-48ae-afcc-0cb0db452240
2022-01-06 13:29:55,859 [Command processor thread] INFO  ratis.XceiverServerRatis (XceiverServerRatis.java:addGroup(768)) - Created group PipelineID=7c72d3ff-6670-434b-933a-d2337a1ffcba
2022-01-06 13:29:55,859 [Command processor thread] INFO  commandhandler.CreatePipelineCommandHandler (CreatePipelineCommandHandler.java:handle(106)) - Created Pipeline RATIS ONE PipelineID=7c72d3ff-6670-434b-933a-d2337a1ffcba.
2022-01-06 13:29:55,864 [Command processor thread] INFO  server.RaftServer (RaftServerProxy.java:addNew(95)) - 22c8497a-9e61-48ae-afcc-0cb0db452240: addNew group-99B4631465CC:[129ac5cb-389f-40c7-b14f-a1c1703048e2|rpc:10.1.0.50:43165|priority:0, 30761433-74de-448b-9041-b7efaa078424|rpc:10.1.0.50:41385|priority:0, 22c8497a-9e61-48ae-afcc-0cb0db452240|rpc:10.1.0.50:44975|priority:1] returns group-99B4631465CC:java.util.concurrent.CompletableFuture@6c395d[Not completed]
2022-01-06 13:29:55,865 [pool-76-thread-1] INFO  server.RaftServer$Division (RaftServerImpl.java:<init>(184)) - 22c8497a-9e61-48ae-afcc-0cb0db452240: new RaftServerImpl for group-99B4631465CC:[129ac5cb-389f-40c7-b14f-a1c1703048e2|rpc:10.1.0.50:43165|priority:0, 30761433-74de-448b-9041-b7efaa078424|rpc:10.1.0.50:41385|priority:0, 22c8497a-9e61-48ae-afcc-0cb0db452240|rpc:10.1.0.50:44975|priority:1] with ContainerStateMachine:uninitialized
2022-01-06 13:29:55,866 [pool-76-thread-1] INFO  server.RaftServerConfigKeys (ConfUtils.java:logGet(44)) - raft.server.rpc.timeout.min = 5s (custom)
2022-01-06 13:29:55,866 [pool-76-thread-1] INFO  server.RaftServerConfigKeys (ConfUtils.java:logGet(44)) - raft.server.rpc.timeout.max = 5200ms (custom)
2022-01-06 13:29:55,866 [pool-76-thread-1] INFO  server.RaftServerConfigKeys (ConfUtils.java:logGet(44)) - raft.server.rpc.sleep.time = 25ms (default)
2022-01-06 13:29:55,866 [pool-76-thread-1] INFO  server.RaftServerConfigKeys (ConfUtils.java:logGet(44)) - raft.server.rpc.slowness.timeout = 300000ms (custom)
2022-01-06 13:29:55,866 [pool-76-thread-1] INFO  server.RaftServerConfigKeys (ConfUtils.java:logGet(44)) - raft.server.leaderelection.leader.step-down.wait-time = 10s (default)
2022-01-06 13:29:55,866 [pool-76-thread-1] INFO  server.RaftServerConfigKeys (ConfUtils.java:logGet(44)) - raft.server.sleep.deviation.threshold = 300ms (default)
2022-01-06 13:29:55,866 [pool-76-thread-1] INFO  server.RaftServerConfigKeys (ConfUtils.java:logGet(44)) - raft.server.log.appender.install.snapshot.enabled = false (custom)
2022-01-06 13:29:55,866 [pool-76-thread-1] INFO  server.RaftServer$Division (ServerState.java:<init>(105)) - 22c8497a-9e61-48ae-afcc-0cb0db452240@group-99B4631465CC: ConfigurationManager, init=-1: [129ac5cb-389f-40c7-b14f-a1c1703048e2|rpc:10.1.0.50:43165|priority:0, 30761433-74de-448b-9041-b7efaa078424|rpc:10.1.0.50:41385|priority:0, 22c8497a-9e61-48ae-afcc-0cb0db452240|rpc:10.1.0.50:44975|priority:1], old=null, confs=<EMPTY_MAP>
2022-01-06 13:29:55,866 [pool-76-thread-1] INFO  server.RaftServerConfigKeys (ConfUtils.java:logGet(44)) - raft.server.storage.dir = [/home/runner/work/ozone/ozone/hadoop-ozone/integration-test/target/test-dir/MiniOzoneClusterImpl-1040910a-51cd-4ce1-8f2d-abd84b974e59/datanode-1/data/ratis] (custom)
2022-01-06 13:29:55,866 [pool-76-thread-1] INFO  server.RaftServerConfigKeys (ConfUtils.java:logGet(44)) - raft.server.log.corruption.policy = EXCEPTION (default)
2022-01-06 13:29:55,866 [pool-76-thread-1] INFO  server.RaftServerConfigKeys (ConfUtils.java:logGet(44)) - raft.server.storage.free-space.min = 0MB (=0) (default)
2022-01-06 13:29:55,866 [pool-76-thread-1] INFO  storage.RaftStorageDirectory (RaftStorageDirectoryImpl.java:analyzeStorage(135)) - The storage directory /home/runner/work/ozone/ozone/hadoop-ozone/integration-test/target/test-dir/MiniOzoneClusterImpl-1040910a-51cd-4ce1-8f2d-abd84b974e59/datanode-1/data/ratis/6e6fbaad-accd-40fc-ad54-99b4631465cc does not exist. Creating ...
2022-01-06 13:29:55,867 [pool-76-thread-1] INFO  storage.RaftStorageDirectory (RaftStorageDirectoryImpl.java:tryLock(230)) - Lock on /home/runner/work/ozone/ozone/hadoop-ozone/integration-test/target/test-dir/MiniOzoneClusterImpl-1040910a-51cd-4ce1-8f2d-abd84b974e59/datanode-1/data/ratis/6e6fbaad-accd-40fc-ad54-99b4631465cc/in_use.lock acquired by nodename 24655@fv-az59-280
2022-01-06 13:29:55,869 [pool-76-thread-1] INFO  storage.RaftStorage (RaftStorageImpl.java:format(89)) - Storage directory /home/runner/work/ozone/ozone/hadoop-ozone/integration-test/target/test-dir/MiniOzoneClusterImpl-1040910a-51cd-4ce1-8f2d-abd84b974e59/datanode-1/data/ratis/6e6fbaad-accd-40fc-ad54-99b4631465cc has been successfully formatted.
2022-01-06 13:29:55,869 [pool-76-thread-1] INFO  ratis.ContainerStateMachine (ContainerStateMachine.java:loadSnapshot(231)) - group-99B4631465CC: The snapshot info is null. Setting the last applied indexto:(t:0, i:~)
2022-01-06 13:29:55,870 [pool-76-thread-1] INFO  server.RaftServerConfigKeys (ConfUtils.java:logGet(44)) - raft.server.notification.no-leader.timeout = 300000ms (custom)
2022-01-06 13:29:55,870 [pool-76-thread-1] INFO  server.RaftServerConfigKeys (ConfUtils.java:logGet(44)) - raft.server.log.use.memory = false (default)
2022-01-06 13:29:55,870 [pool-76-thread-1] INFO  server.RaftServerConfigKeys (ConfUtils.java:logGet(44)) - raft.server.log.purge.gap = 1000000 (custom)
2022-01-06 13:29:55,870 [pool-76-thread-1] INFO  server.RaftServerConfigKeys (ConfUtils.java:logGet(44)) - raft.server.log.appender.buffer.byte-limit = 33554432 (custom)
2022-01-06 13:29:55,871 [pool-76-thread-1] INFO  server.RaftServerConfigKeys (ConfUtils.java:logGet(44)) - raft.server.log.segment.size.max = 1048576 (custom)
2022-01-06 13:29:55,871 [pool-76-thread-1] INFO  server.RaftServerConfigKeys (ConfUtils.java:logGet(44)) - raft.server.log.segment.cache.num.max = 2 (custom)
2022-01-06 13:29:55,871 [pool-76-thread-1] INFO  server.RaftServerConfigKeys (ConfUtils.java:logGet(44)) - raft.server.log.segment.cache.size.max = 200MB (=209715200) (default)
2022-01-06 13:29:55,871 [pool-76-thread-1] INFO  segmented.SegmentedRaftLogWorker (SegmentedRaftLogWorker.java:<init>(182)) - new 22c8497a-9e61-48ae-afcc-0cb0db452240@group-99B4631465CC-SegmentedRaftLogWorker for RaftStorageImpl:Storage Directory /home/runner/work/ozone/ozone/hadoop-ozone/integration-test/target/test-dir/MiniOzoneClusterImpl-1040910a-51cd-4ce1-8f2d-abd84b974e59/datanode-1/data/ratis/6e6fbaad-accd-40fc-ad54-99b4631465cc
2022-01-06 13:29:55,871 [pool-76-thread-1] INFO  server.RaftServerConfigKeys (ConfUtils.java:logGet(44)) - raft.server.log.queue.byte-limit = 2147483647 (custom)
2022-01-06 13:29:55,871 [pool-76-thread-1] INFO  server.RaftServerConfigKeys (ConfUtils.java:logGet(44)) - raft.server.log.queue.element-limit = 1024 (custom)
2022-01-06 13:29:55,872 [pool-76-thread-1] INFO  server.RaftServerConfigKeys (ConfUtils.java:logGet(44)) - raft.server.log.segment.size.max = 1048576 (custom)
2022-01-06 13:29:55,872 [pool-76-thread-1] INFO  server.RaftServerConfigKeys (ConfUtils.java:logGet(44)) - raft.server.log.preallocated.size = 16384 (custom)
2022-01-06 13:29:55,872 [pool-76-thread-1] INFO  server.RaftServerConfigKeys (ConfUtils.java:logGet(44)) - raft.server.log.force.sync.num = 128 (default)
2022-01-06 13:29:55,872 [pool-76-thread-1] INFO  server.RaftServerConfigKeys (ConfUtils.java:logGet(44)) - raft.server.log.statemachine.data.sync = true (default)
2022-01-06 13:29:55,872 [pool-76-thread-1] INFO  server.RaftServerConfigKeys (ConfUtils.java:logGet(44)) - raft.server.log.statemachine.data.sync.timeout = 10s (default)
2022-01-06 13:29:55,872 [pool-76-thread-1] INFO  server.RaftServerConfigKeys (ConfUtils.java:logGet(44)) - raft.server.log.statemachine.data.sync.timeout.retry = -1 (default)
2022-01-06 13:29:55,873 [pool-76-thread-1] INFO  server.RaftServerConfigKeys (ConfUtils.java:logGet(44)) - raft.server.log.write.buffer.size = 1048576 (custom)
2022-01-06 13:29:55,874 [pool-76-thread-1] INFO  server.RaftServerConfigKeys (ConfUtils.java:logGet(44)) - raft.server.log.statemachine.data.caching.enabled = true (custom)
2022-01-06 13:29:55,876 [EventQueue-OpenPipelineForHealthyPipelineSafeModeRule] INFO  safemode.SCMSafeModeManager (HealthyPipelineSafeModeRule.java:process(124)) - SCM in safe mode. Healthy pipelines reported count is 0, required healthy pipeline reported count is 1
2022-01-06 13:29:55,879 [pool-76-thread-1] INFO  segmented.SegmentedRaftLogWorker (SegmentedRaftLogWorker.java:lambda$new$0(133)) - 22c8497a-9e61-48ae-afcc-0cb0db452240@group-99B4631465CC-SegmentedRaftLogWorker: flushIndex: setUnconditionally 0 -> -1
2022-01-06 13:29:55,879 [pool-76-thread-1] INFO  segmented.SegmentedRaftLogWorker (SegmentedRaftLogWorker.java:lambda$new$0(133)) - 22c8497a-9e61-48ae-afcc-0cb0db452240@group-99B4631465CC-SegmentedRaftLogWorker: safeCacheEvictIndex: setUnconditionally 0 -> -1
2022-01-06 13:29:55,879 [pool-76-thread-1] INFO  server.RaftServerConfigKeys (ConfUtils.java:logGet(44)) - raft.server.snapshot.auto.trigger.enabled = true (custom)
2022-01-06 13:29:55,879 [pool-76-thread-1] INFO  server.RaftServerConfigKeys (ConfUtils.java:logGet(44)) - raft.server.snapshot.auto.trigger.threshold = 10000 (custom)
2022-01-06 13:29:55,879 [pool-76-thread-1] INFO  server.RaftServerConfigKeys (ConfUtils.java:logGet(44)) - raft.server.snapshot.retention.file.num = 5 (custom)
2022-01-06 13:29:55,879 [pool-76-thread-1] INFO  server.RaftServerConfigKeys (ConfUtils.java:logGet(44)) - raft.server.log.purge.upto.snapshot.index = false (default)
2022-01-06 13:29:55,880 [pool-76-thread-1] INFO  server.RaftServerConfigKeys (ConfUtils.java:logGet(44)) - raft.server.retrycache.expirytime = 600000ms (custom)
2022-01-06 13:29:55,880 [pool-76-thread-1] INFO  server.RaftServerConfigKeys (ConfUtils.java:logGet(44)) - raft.server.retrycache.statistics.expirytime = 100μs (default)
2022-01-06 13:29:55,896 [pool-76-thread-1] INFO  server.RaftServer$Division (RaftServerImpl.java:start(301)) - 22c8497a-9e61-48ae-afcc-0cb0db452240@group-99B4631465CC: start as a follower, conf=-1: [129ac5cb-389f-40c7-b14f-a1c1703048e2|rpc:10.1.0.50:43165|priority:0, 30761433-74de-448b-9041-b7efaa078424|rpc:10.1.0.50:41385|priority:0, 22c8497a-9e61-48ae-afcc-0cb0db452240|rpc:10.1.0.50:44975|priority:1], old=null
2022-01-06 13:29:55,896 [pool-76-thread-1] INFO  server.RaftServer$Division (RaftServerImpl.java:setRole(290)) - 22c8497a-9e61-48ae-afcc-0cb0db452240@group-99B4631465CC: changes role from      null to FOLLOWER at term 0 for startAsFollower
2022-01-06 13:29:55,896 [pool-76-thread-1] INFO  impl.RoleInfo (RoleInfo.java:updateAndGet(130)) - 22c8497a-9e61-48ae-afcc-0cb0db452240: start 22c8497a-9e61-48ae-afcc-0cb0db452240@group-99B4631465CC-FollowerState
2022-01-06 13:29:55,902 [pool-76-thread-1] INFO  util.JmxRegister (JmxRegister.java:tryRegister(44)) - Successfully registered JMX Bean with object name Ratis:service=RaftServer,group=group-99B4631465CC,id=22c8497a-9e61-48ae-afcc-0cb0db452240
2022-01-06 13:29:55,907 [Command processor thread] INFO  ratis.XceiverServerRatis (XceiverServerRatis.java:addGroup(768)) - Created group PipelineID=6e6fbaad-accd-40fc-ad54-99b4631465cc
2022-01-06 13:29:56,199 [grpc-default-executor-1] INFO  server.RaftServer (RaftServerProxy.java:addNew(95)) - 129ac5cb-389f-40c7-b14f-a1c1703048e2: addNew group-99B4631465CC:[129ac5cb-389f-40c7-b14f-a1c1703048e2|rpc:10.1.0.50:43165|dataStream:|priority:0, 30761433-74de-448b-9041-b7efaa078424|rpc:10.1.0.50:41385|dataStream:|priority:0, 22c8497a-9e61-48ae-afcc-0cb0db452240|rpc:10.1.0.50:44975|dataStream:|priority:1] returns group-99B4631465CC:java.util.concurrent.CompletableFuture@52ea5d1c[Not completed]
2022-01-06 13:29:56,204 [pool-97-thread-1] INFO  server.RaftServer$Division (RaftServerImpl.java:<init>(184)) - 129ac5cb-389f-40c7-b14f-a1c1703048e2: new RaftServerImpl for group-99B4631465CC:[129ac5cb-389f-40c7-b14f-a1c1703048e2|rpc:10.1.0.50:43165|dataStream:|priority:0, 30761433-74de-448b-9041-b7efaa078424|rpc:10.1.0.50:41385|dataStream:|priority:0, 22c8497a-9e61-48ae-afcc-0cb0db452240|rpc:10.1.0.50:44975|dataStream:|priority:1] with ContainerStateMachine:uninitialized
2022-01-06 13:29:56,205 [pool-97-thread-1] INFO  server.RaftServerConfigKeys (ConfUtils.java:logGet(44)) - raft.server.rpc.timeout.min = 5s (custom)
2022-01-06 13:29:56,205 [pool-97-thread-1] INFO  server.RaftServerConfigKeys (ConfUtils.java:logGet(44)) - raft.server.rpc.timeout.max = 5200ms (custom)
2022-01-06 13:29:56,205 [pool-97-thread-1] INFO  server.RaftServerConfigKeys (ConfUtils.java:logGet(44)) - raft.server.rpc.sleep.time = 25ms (default)
2022-01-06 13:29:56,206 [pool-97-thread-1] INFO  server.RaftServerConfigKeys (ConfUtils.java:logGet(44)) - raft.server.rpc.slowness.timeout = 300000ms (custom)
2022-01-06 13:29:56,206 [pool-97-thread-1] INFO  server.RaftServerConfigKeys (ConfUtils.java:logGet(44)) - raft.server.leaderelection.leader.step-down.wait-time = 10s (default)
2022-01-06 13:29:56,206 [pool-97-thread-1] INFO  server.RaftServerConfigKeys (ConfUtils.java:logGet(44)) - raft.server.sleep.deviation.threshold = 300ms (default)
2022-01-06 13:29:56,206 [pool-97-thread-1] INFO  server.RaftServerConfigKeys (ConfUtils.java:logGet(44)) - raft.server.log.appender.install.snapshot.enabled = false (custom)
2022-01-06 13:29:56,206 [pool-97-thread-1] INFO  server.RaftServer$Division (ServerState.java:<init>(105)) - 129ac5cb-389f-40c7-b14f-a1c1703048e2@group-99B4631465CC: ConfigurationManager, init=-1: [129ac5cb-389f-40c7-b14f-a1c1703048e2|rpc:10.1.0.50:43165|dataStream:|priority:0, 30761433-74de-448b-9041-b7efaa078424|rpc:10.1.0.50:41385|dataStream:|priority:0, 22c8497a-9e61-48ae-afcc-0cb0db452240|rpc:10.1.0.50:44975|dataStream:|priority:1], old=null, confs=<EMPTY_MAP>
2022-01-06 13:29:56,206 [pool-97-thread-1] INFO  server.RaftServerConfigKeys (ConfUtils.java:logGet(44)) - raft.server.storage.dir = [/home/runner/work/ozone/ozone/hadoop-ozone/integration-test/target/test-dir/MiniOzoneClusterImpl-1040910a-51cd-4ce1-8f2d-abd84b974e59/datanode-2/data/ratis] (custom)
2022-01-06 13:29:56,206 [pool-97-thread-1] INFO  server.RaftServerConfigKeys (ConfUtils.java:logGet(44)) - raft.server.log.corruption.policy = EXCEPTION (default)
2022-01-06 13:29:56,206 [pool-97-thread-1] INFO  server.RaftServerConfigKeys (ConfUtils.java:logGet(44)) - raft.server.storage.free-space.min = 0MB (=0) (default)
2022-01-06 13:29:56,206 [pool-97-thread-1] INFO  storage.RaftStorageDirectory (RaftStorageDirectoryImpl.java:analyzeStorage(135)) - The storage directory /home/runner/work/ozone/ozone/hadoop-ozone/integration-test/target/test-dir/MiniOzoneClusterImpl-1040910a-51cd-4ce1-8f2d-abd84b974e59/datanode-2/data/ratis/6e6fbaad-accd-40fc-ad54-99b4631465cc does not exist. Creating ...
2022-01-06 13:29:56,207 [pool-97-thread-1] INFO  storage.RaftStorageDirectory (RaftStorageDirectoryImpl.java:tryLock(230)) - Lock on /home/runner/work/ozone/ozone/hadoop-ozone/integration-test/target/test-dir/MiniOzoneClusterImpl-1040910a-51cd-4ce1-8f2d-abd84b974e59/datanode-2/data/ratis/6e6fbaad-accd-40fc-ad54-99b4631465cc/in_use.lock acquired by nodename 24655@fv-az59-280
2022-01-06 13:29:56,208 [pool-97-thread-1] INFO  storage.RaftStorage (RaftStorageImpl.java:format(89)) - Storage directory /home/runner/work/ozone/ozone/hadoop-ozone/integration-test/target/test-dir/MiniOzoneClusterImpl-1040910a-51cd-4ce1-8f2d-abd84b974e59/datanode-2/data/ratis/6e6fbaad-accd-40fc-ad54-99b4631465cc has been successfully formatted.
2022-01-06 13:29:56,209 [pool-97-thread-1] INFO  ratis.ContainerStateMachine (ContainerStateMachine.java:loadSnapshot(231)) - group-99B4631465CC: The snapshot info is null. Setting the last applied indexto:(t:0, i:~)
2022-01-06 13:29:56,211 [pool-97-thread-1] INFO  server.RaftServerConfigKeys (ConfUtils.java:logGet(44)) - raft.server.notification.no-leader.timeout = 300000ms (custom)
2022-01-06 13:29:56,211 [pool-97-thread-1] INFO  server.RaftServerConfigKeys (ConfUtils.java:logGet(44)) - raft.server.log.use.memory = false (default)
2022-01-06 13:29:56,211 [pool-97-thread-1] INFO  server.RaftServerConfigKeys (ConfUtils.java:logGet(44)) - raft.server.log.purge.gap = 1000000 (custom)
2022-01-06 13:29:56,211 [pool-97-thread-1] INFO  server.RaftServerConfigKeys (ConfUtils.java:logGet(44)) - raft.server.log.appender.buffer.byte-limit = 33554432 (custom)
2022-01-06 13:29:56,211 [pool-97-thread-1] INFO  server.RaftServerConfigKeys (ConfUtils.java:logGet(44)) - raft.server.log.segment.size.max = 1048576 (custom)
2022-01-06 13:29:56,214 [pool-97-thread-1] INFO  server.RaftServerConfigKeys (ConfUtils.java:logGet(44)) - raft.server.log.segment.cache.num.max = 2 (custom)
2022-01-06 13:29:56,214 [pool-97-thread-1] INFO  server.RaftServerConfigKeys (ConfUtils.java:logGet(44)) - raft.server.log.segment.cache.size.max = 200MB (=209715200) (default)
2022-01-06 13:29:56,214 [pool-97-thread-1] INFO  segmented.SegmentedRaftLogWorker (SegmentedRaftLogWorker.java:<init>(182)) - new 129ac5cb-389f-40c7-b14f-a1c1703048e2@group-99B4631465CC-SegmentedRaftLogWorker for RaftStorageImpl:Storage Directory /home/runner/work/ozone/ozone/hadoop-ozone/integration-test/target/test-dir/MiniOzoneClusterImpl-1040910a-51cd-4ce1-8f2d-abd84b974e59/datanode-2/data/ratis/6e6fbaad-accd-40fc-ad54-99b4631465cc
2022-01-06 13:29:56,214 [pool-97-thread-1] INFO  server.RaftServerConfigKeys (ConfUtils.java:logGet(44)) - raft.server.log.queue.byte-limit = 2147483647 (custom)
2022-01-06 13:29:56,214 [pool-97-thread-1] INFO  server.RaftServerConfigKeys (ConfUtils.java:logGet(44)) - raft.server.log.queue.element-limit = 1024 (custom)
2022-01-06 13:29:56,214 [pool-97-thread-1] INFO  server.RaftServerConfigKeys (ConfUtils.java:logGet(44)) - raft.server.log.segment.size.max = 1048576 (custom)
2022-01-06 13:29:56,214 [pool-97-thread-1] INFO  server.RaftServerConfigKeys (ConfUtils.java:logGet(44)) - raft.server.log.preallocated.size = 16384 (custom)
2022-01-06 13:29:56,214 [pool-97-thread-1] INFO  server.RaftServerConfigKeys (ConfUtils.java:logGet(44)) - raft.server.log.force.sync.num = 128 (default)
2022-01-06 13:29:56,214 [pool-97-thread-1] INFO  server.RaftServerConfigKeys (ConfUtils.java:logGet(44)) - raft.server.log.statemachine.data.sync = true (default)
2022-01-06 13:29:56,215 [pool-97-thread-1] INFO  server.RaftServerConfigKeys (ConfUtils.java:logGet(44)) - raft.server.log.statemachine.data.sync.timeout = 10s (default)
2022-01-06 13:29:56,215 [pool-97-thread-1] INFO  server.RaftServerConfigKeys (ConfUtils.java:logGet(44)) - raft.server.log.statemachine.data.sync.timeout.retry = -1 (default)
2022-01-06 13:29:56,219 [Command processor thread] INFO  server.RaftServer (RaftServerProxy.java:addNew(95)) - 129ac5cb-389f-40c7-b14f-a1c1703048e2: addNew group-195B01AAAD31:[129ac5cb-389f-40c7-b14f-a1c1703048e2|rpc:10.1.0.50:43165|priority:1] returns group-195B01AAAD31:java.util.concurrent.CompletableFuture@1ae3d05[Not completed]
2022-01-06 13:29:56,220 [pool-97-thread-1] INFO  server.RaftServerConfigKeys (ConfUtils.java:logGet(44)) - raft.server.log.write.buffer.size = 1048576 (custom)
2022-01-06 13:29:56,220 [pool-97-thread-1] INFO  server.RaftServerConfigKeys (ConfUtils.java:logGet(44)) - raft.server.log.statemachine.data.caching.enabled = true (custom)
2022-01-06 13:29:56,220 [pool-97-thread-1] INFO  segmented.SegmentedRaftLogWorker (SegmentedRaftLogWorker.java:lambda$new$0(133)) - 129ac5cb-389f-40c7-b14f-a1c1703048e2@group-99B4631465CC-SegmentedRaftLogWorker: flushIndex: setUnconditionally 0 -> -1
2022-01-06 13:29:56,220 [pool-97-thread-1] INFO  segmented.SegmentedRaftLogWorker (SegmentedRaftLogWorker.java:lambda$new$0(133)) - 129ac5cb-389f-40c7-b14f-a1c1703048e2@group-99B4631465CC-SegmentedRaftLogWorker: safeCacheEvictIndex: setUnconditionally 0 -> -1
2022-01-06 13:29:56,222 [pool-97-thread-1] INFO  server.RaftServerConfigKeys (ConfUtils.java:logGet(44)) - raft.server.snapshot.auto.trigger.enabled = true (custom)
2022-01-06 13:29:56,222 [pool-97-thread-1] INFO  server.RaftServerConfigKeys (ConfUtils.java:logGet(44)) - raft.server.snapshot.auto.trigger.threshold = 10000 (custom)
2022-01-06 13:29:56,222 [pool-97-thread-1] INFO  server.RaftServerConfigKeys (ConfUtils.java:logGet(44)) - raft.server.snapshot.retention.file.num = 5 (custom)
2022-01-06 13:29:56,222 [pool-97-thread-1] INFO  server.RaftServerConfigKeys (ConfUtils.java:logGet(44)) - raft.server.log.purge.upto.snapshot.index = false (default)
2022-01-06 13:29:56,222 [pool-97-thread-1] INFO  server.RaftServerConfigKeys (ConfUtils.java:logGet(44)) - raft.server.retrycache.expirytime = 600000ms (custom)
2022-01-06 13:29:56,222 [pool-97-thread-1] INFO  server.RaftServerConfigKeys (ConfUtils.java:logGet(44)) - raft.server.retrycache.statistics.expirytime = 100μs (default)
2022-01-06 13:29:56,225 [pool-97-thread-1] INFO  server.RaftServer$Division (RaftServerImpl.java:<init>(184)) - 129ac5cb-389f-40c7-b14f-a1c1703048e2: new RaftServerImpl for group-195B01AAAD31:[129ac5cb-389f-40c7-b14f-a1c1703048e2|rpc:10.1.0.50:43165|priority:1] with ContainerStateMachine:uninitialized
2022-01-06 13:29:56,230 [pool-97-thread-1] INFO  server.RaftServerConfigKeys (ConfUtils.java:logGet(44)) - raft.server.rpc.timeout.min = 5s (custom)
2022-01-06 13:29:56,230 [pool-97-thread-1] INFO  server.RaftServerConfigKeys (ConfUtils.java:logGet(44)) - raft.server.rpc.timeout.max = 5200ms (custom)
2022-01-06 13:29:56,230 [pool-97-thread-1] INFO  server.RaftServerConfigKeys (ConfUtils.java:logGet(44)) - raft.server.rpc.sleep.time = 25ms (default)
2022-01-06 13:29:56,230 [pool-97-thread-1] INFO  server.RaftServerConfigKeys (ConfUtils.java:logGet(44)) - raft.server.rpc.slowness.timeout = 300000ms (custom)
2022-01-06 13:29:56,230 [pool-97-thread-1] INFO  server.RaftServerConfigKeys (ConfUtils.java:logGet(44)) - raft.server.leaderelection.leader.step-down.wait-time = 10s (default)
2022-01-06 13:29:56,230 [pool-97-thread-1] INFO  server.RaftServerConfigKeys (ConfUtils.java:logGet(44)) - raft.server.sleep.deviation.threshold = 300ms (default)
2022-01-06 13:29:56,230 [pool-97-thread-1] INFO  server.RaftServerConfigKeys (ConfUtils.java:logGet(44)) - raft.server.log.appender.install.snapshot.enabled = false (custom)
2022-01-06 13:29:56,230 [pool-97-thread-1] INFO  server.RaftServer$Division (ServerState.java:<init>(105)) - 129ac5cb-389f-40c7-b14f-a1c1703048e2@group-195B01AAAD31: ConfigurationManager, init=-1: [129ac5cb-389f-40c7-b14f-a1c1703048e2|rpc:10.1.0.50:43165|priority:1], old=null, confs=<EMPTY_MAP>
2022-01-06 13:29:56,230 [pool-97-thread-1] INFO  server.RaftServerConfigKeys (ConfUtils.java:logGet(44)) - raft.server.storage.dir = [/home/runner/work/ozone/ozone/hadoop-ozone/integration-test/target/test-dir/MiniOzoneClusterImpl-1040910a-51cd-4ce1-8f2d-abd84b974e59/datanode-2/data/ratis] (custom)
2022-01-06 13:29:56,230 [pool-97-thread-1] INFO  server.RaftServerConfigKeys (ConfUtils.java:logGet(44)) - raft.server.log.corruption.policy = EXCEPTION (default)
2022-01-06 13:29:56,230 [pool-97-thread-1] INFO  server.RaftServerConfigKeys (ConfUtils.java:logGet(44)) - raft.server.storage.free-space.min = 0MB (=0) (default)
2022-01-06 13:29:56,231 [pool-97-thread-1] INFO  storage.RaftStorageDirectory (RaftStorageDirectoryImpl.java:analyzeStorage(135)) - The storage directory /home/runner/work/ozone/ozone/hadoop-ozone/integration-test/target/test-dir/MiniOzoneClusterImpl-1040910a-51cd-4ce1-8f2d-abd84b974e59/datanode-2/data/ratis/0a696a4a-0a3e-4552-a946-195b01aaad31 does not exist. Creating ...
2022-01-06 13:29:56,232 [pool-97-thread-1] INFO  storage.RaftStorageDirectory (RaftStorageDirectoryImpl.java:tryLock(230)) - Lock on /home/runner/work/ozone/ozone/hadoop-ozone/integration-test/target/test-dir/MiniOzoneClusterImpl-1040910a-51cd-4ce1-8f2d-abd84b974e59/datanode-2/data/ratis/0a696a4a-0a3e-4552-a946-195b01aaad31/in_use.lock acquired by nodename 24655@fv-az59-280
2022-01-06 13:29:56,236 [pool-97-thread-1] INFO  storage.RaftStorage (RaftStorageImpl.java:format(89)) - Storage directory /home/runner/work/ozone/ozone/hadoop-ozone/integration-test/target/test-dir/MiniOzoneClusterImpl-1040910a-51cd-4ce1-8f2d-abd84b974e59/datanode-2/data/ratis/0a696a4a-0a3e-4552-a946-195b01aaad31 has been successfully formatted.
2022-01-06 13:29:56,236 [pool-97-thread-1] INFO  ratis.ContainerStateMachine (ContainerStateMachine.java:loadSnapshot(231)) - group-195B01AAAD31: The snapshot info is null. Setting the last applied indexto:(t:0, i:~)
2022-01-06 13:29:56,237 [pool-97-thread-1] INFO  server.RaftServerConfigKeys (ConfUtils.java:logGet(44)) - raft.server.notification.no-leader.timeout = 300000ms (custom)
2022-01-06 13:29:56,237 [pool-97-thread-1] INFO  server.RaftServerConfigKeys (ConfUtils.java:logGet(44)) - raft.server.log.use.memory = false (default)
2022-01-06 13:29:56,237 [pool-97-thread-1] INFO  server.RaftServerConfigKeys (ConfUtils.java:logGet(44)) - raft.server.log.purge.gap = 1000000 (custom)
2022-01-06 13:29:56,237 [pool-97-thread-1] INFO  server.RaftServerConfigKeys (ConfUtils.java:logGet(44)) - raft.server.log.appender.buffer.byte-limit = 33554432 (custom)
2022-01-06 13:29:56,237 [pool-97-thread-1] INFO  server.RaftServerConfigKeys (ConfUtils.java:logGet(44)) - raft.server.log.segment.size.max = 1048576 (custom)
2022-01-06 13:29:56,237 [pool-97-thread-1] INFO  server.RaftServerConfigKeys (ConfUtils.java:logGet(44)) - raft.server.log.segment.cache.num.max = 2 (custom)
2022-01-06 13:29:56,237 [pool-97-thread-1] INFO  server.RaftServerConfigKeys (ConfUtils.java:logGet(44)) - raft.server.log.segment.cache.size.max = 200MB (=209715200) (default)
2022-01-06 13:29:56,238 [pool-97-thread-1] INFO  segmented.SegmentedRaftLogWorker (SegmentedRaftLogWorker.java:<init>(182)) - new 129ac5cb-389f-40c7-b14f-a1c1703048e2@group-195B01AAAD31-SegmentedRaftLogWorker for RaftStorageImpl:Storage Directory /home/runner/work/ozone/ozone/hadoop-ozone/integration-test/target/test-dir/MiniOzoneClusterImpl-1040910a-51cd-4ce1-8f2d-abd84b974e59/datanode-2/data/ratis/0a696a4a-0a3e-4552-a946-195b01aaad31
2022-01-06 13:29:56,238 [pool-97-thread-1] INFO  server.RaftServerConfigKeys (ConfUtils.java:logGet(44)) - raft.server.log.queue.byte-limit = 2147483647 (custom)
2022-01-06 13:29:56,238 [pool-97-thread-1] INFO  server.RaftServerConfigKeys (ConfUtils.java:logGet(44)) - raft.server.log.queue.element-limit = 1024 (custom)
2022-01-06 13:29:56,238 [pool-97-thread-1] INFO  server.RaftServerConfigKeys (ConfUtils.java:logGet(44)) - raft.server.log.segment.size.max = 1048576 (custom)
2022-01-06 13:29:56,238 [pool-97-thread-1] INFO  server.RaftServerConfigKeys (ConfUtils.java:logGet(44)) - raft.server.log.preallocated.size = 16384 (custom)
2022-01-06 13:29:56,238 [pool-97-thread-1] INFO  server.RaftServerConfigKeys (ConfUtils.java:logGet(44)) - raft.server.log.force.sync.num = 128 (default)
2022-01-06 13:29:56,238 [pool-97-thread-1] INFO  server.RaftServerConfigKeys (ConfUtils.java:logGet(44)) - raft.server.log.statemachine.data.sync = true (default)
2022-01-06 13:29:56,238 [pool-97-thread-1] INFO  server.RaftServerConfigKeys (ConfUtils.java:logGet(44)) - raft.server.log.statemachine.data.sync.timeout = 10s (default)
2022-01-06 13:29:56,238 [pool-97-thread-1] INFO  server.RaftServerConfigKeys (ConfUtils.java:logGet(44)) - raft.server.log.statemachine.data.sync.timeout.retry = -1 (default)
2022-01-06 13:29:56,239 [pool-97-thread-1] INFO  server.RaftServerConfigKeys (ConfUtils.java:logGet(44)) - raft.server.log.write.buffer.size = 1048576 (custom)
2022-01-06 13:29:56,246 [EventQueue-PipelineReportForPipelineReportHandler] INFO  pipeline.PipelineManagerImpl (PipelineManagerImpl.java:openPipeline(291)) - Pipeline Pipeline[ Id: 0a696a4a-0a3e-4552-a946-195b01aaad31, Nodes: 129ac5cb-389f-40c7-b14f-a1c1703048e2{ip: 10.1.0.50, host: fv-az59-280.csjynl4pkq3e1pkirw3ssqjfoh.cx.internal.cloudapp.net, ports: [REPLICATION=34521, RATIS=43165, RATIS_ADMIN=43165, RATIS_SERVER=43165, STANDALONE=43115], networkLocation: /default-rack, certSerialId: null, persistedOpState: IN_SERVICE, persistedOpStateExpiryEpochSec: 0}, ReplicationConfig: RATIS/ONE, State:ALLOCATED, leaderId:129ac5cb-389f-40c7-b14f-a1c1703048e2, CreationTimestamp2022-01-06T13:29:53.222Z[Etc/UTC]] moved to OPEN state
2022-01-06 13:29:56,255 [pool-97-thread-1] INFO  server.RaftServerConfigKeys (ConfUtils.java:logGet(44)) - raft.server.log.statemachine.data.caching.enabled = true (custom)
2022-01-06 13:29:56,255 [EventQueue-OpenPipelineForHealthyPipelineSafeModeRule] INFO  safemode.SCMSafeModeManager (HealthyPipelineSafeModeRule.java:process(124)) - SCM in safe mode. Healthy pipelines reported count is 0, required healthy pipeline reported count is 1
2022-01-06 13:29:56,267 [pool-97-thread-1] INFO  segmented.SegmentedRaftLogWorker (SegmentedRaftLogWorker.java:lambda$new$0(133)) - 129ac5cb-389f-40c7-b14f-a1c1703048e2@group-195B01AAAD31-SegmentedRaftLogWorker: flushIndex: setUnconditionally 0 -> -1
2022-01-06 13:29:56,271 [pool-97-thread-1] INFO  segmented.SegmentedRaftLogWorker (SegmentedRaftLogWorker.java:lambda$new$0(133)) - 129ac5cb-389f-40c7-b14f-a1c1703048e2@group-195B01AAAD31-SegmentedRaftLogWorker: safeCacheEvictIndex: setUnconditionally 0 -> -1
2022-01-06 13:29:56,271 [pool-97-thread-1] INFO  server.RaftServerConfigKeys (ConfUtils.java:logGet(44)) - raft.server.snapshot.auto.trigger.enabled = true (custom)
2022-01-06 13:29:56,271 [pool-97-thread-1] INFO  server.RaftServerConfigKeys (ConfUtils.java:logGet(44)) - raft.server.snapshot.auto.trigger.threshold = 10000 (custom)
2022-01-06 13:29:56,271 [pool-97-thread-1] INFO  server.RaftServerConfigKeys (ConfUtils.java:logGet(44)) - raft.server.snapshot.retention.file.num = 5 (custom)
2022-01-06 13:29:56,272 [pool-97-thread-1] INFO  server.RaftServerConfigKeys (ConfUtils.java:logGet(44)) - raft.server.log.purge.upto.snapshot.index = false (default)
2022-01-06 13:29:56,272 [pool-97-thread-1] INFO  server.RaftServerConfigKeys (ConfUtils.java:logGet(44)) - raft.server.retrycache.expirytime = 600000ms (custom)
2022-01-06 13:29:56,272 [pool-97-thread-1] INFO  server.RaftServerConfigKeys (ConfUtils.java:logGet(44)) - raft.server.retrycache.statistics.expirytime = 100μs (default)
2022-01-06 13:29:56,273 [pool-97-thread-1] INFO  server.RaftServer$Division (RaftServerImpl.java:start(301)) - 129ac5cb-389f-40c7-b14f-a1c1703048e2@group-99B4631465CC: start as a follower, conf=-1: [129ac5cb-389f-40c7-b14f-a1c1703048e2|rpc:10.1.0.50:43165|dataStream:|priority:0, 30761433-74de-448b-9041-b7efaa078424|rpc:10.1.0.50:41385|dataStream:|priority:0, 22c8497a-9e61-48ae-afcc-0cb0db452240|rpc:10.1.0.50:44975|dataStream:|priority:1], old=null
2022-01-06 13:29:56,273 [pool-97-thread-1] INFO  server.RaftServer$Division (RaftServerImpl.java:setRole(290)) - 129ac5cb-389f-40c7-b14f-a1c1703048e2@group-99B4631465CC: changes role from      null to FOLLOWER at term 0 for startAsFollower
2022-01-06 13:29:56,273 [pool-97-thread-1] INFO  impl.RoleInfo (RoleInfo.java:updateAndGet(130)) - 129ac5cb-389f-40c7-b14f-a1c1703048e2: start 129ac5cb-389f-40c7-b14f-a1c1703048e2@group-99B4631465CC-FollowerState
2022-01-06 13:29:56,273 [pool-97-thread-1] INFO  util.JmxRegister (JmxRegister.java:tryRegister(44)) - Successfully registered JMX Bean with object name Ratis:service=RaftServer,group=group-99B4631465CC,id=129ac5cb-389f-40c7-b14f-a1c1703048e2
2022-01-06 13:29:56,283 [pool-97-thread-1] INFO  server.RaftServer$Division (RaftServerImpl.java:start(301)) - 129ac5cb-389f-40c7-b14f-a1c1703048e2@group-195B01AAAD31: start as a follower, conf=-1: [129ac5cb-389f-40c7-b14f-a1c1703048e2|rpc:10.1.0.50:43165|priority:1], old=null
2022-01-06 13:29:56,283 [pool-97-thread-1] INFO  server.RaftServer$Division (RaftServerImpl.java:setRole(290)) - 129ac5cb-389f-40c7-b14f-a1c1703048e2@group-195B01AAAD31: changes role from      null to FOLLOWER at term 0 for startAsFollower
2022-01-06 13:29:56,283 [pool-97-thread-1] INFO  impl.RoleInfo (RoleInfo.java:updateAndGet(130)) - 129ac5cb-389f-40c7-b14f-a1c1703048e2: start 129ac5cb-389f-40c7-b14f-a1c1703048e2@group-195B01AAAD31-FollowerState
2022-01-06 13:29:56,292 [pool-97-thread-1] INFO  util.JmxRegister (JmxRegister.java:tryRegister(44)) - Successfully registered JMX Bean with object name Ratis:service=RaftServer,group=group-195B01AAAD31,id=129ac5cb-389f-40c7-b14f-a1c1703048e2
2022-01-06 13:29:56,298 [Command processor thread] INFO  ratis.XceiverServerRatis (XceiverServerRatis.java:addGroup(768)) - Created group PipelineID=0a696a4a-0a3e-4552-a946-195b01aaad31
2022-01-06 13:29:56,298 [Command processor thread] INFO  commandhandler.CreatePipelineCommandHandler (CreatePipelineCommandHandler.java:handle(106)) - Created Pipeline RATIS ONE PipelineID=0a696a4a-0a3e-4552-a946-195b01aaad31.
2022-01-06 13:29:56,334 [Command processor thread] INFO  commandhandler.CreatePipelineCommandHandler (CreatePipelineCommandHandler.java:handle(106)) - Created Pipeline RATIS THREE PipelineID=6e6fbaad-accd-40fc-ad54-99b4631465cc.
2022-01-06 13:29:56,354 [Command processor thread] INFO  commandhandler.CreatePipelineCommandHandler (CreatePipelineCommandHandler.java:handle(106)) - Created Pipeline RATIS THREE PipelineID=6e6fbaad-accd-40fc-ad54-99b4631465cc.
2022-01-06 13:29:56,398 [Listener at 127.0.0.1/36535] INFO  ozone.MiniOzoneClusterImpl (MiniOzoneClusterImpl.java:lambda$waitForClusterToBeReady$0(235)) - Nodes are ready. Got 9 of 9 DN Heartbeats.
2022-01-06 13:29:56,398 [Listener at 127.0.0.1/36535] INFO  ozone.MiniOzoneClusterImpl (MiniOzoneClusterImpl.java:lambda$waitForClusterToBeReady$0(238)) - Waiting for cluster to exit safe mode
2022-01-06 13:29:56,398 [Listener at 127.0.0.1/36535] INFO  ozone.MiniOzoneClusterImpl (MiniOzoneClusterImpl.java:lambda$waitForClusterToBeReady$0(240)) - SCM became leader
2022-01-06 13:29:56,485 [Command processor thread] INFO  server.RaftServer (RaftServerProxy.java:addNew(95)) - f94be414-d4cd-4929-99d0-8f9eafd02643: addNew group-43DC455BE5BD:[f94be414-d4cd-4929-99d0-8f9eafd02643|rpc:10.1.0.50:45415|priority:1] returns group-43DC455BE5BD:java.util.concurrent.CompletableFuture@3fcffba7[Not completed]
2022-01-06 13:29:56,486 [pool-118-thread-1] INFO  server.RaftServer$Division (RaftServerImpl.java:<init>(184)) - f94be414-d4cd-4929-99d0-8f9eafd02643: new RaftServerImpl for group-43DC455BE5BD:[f94be414-d4cd-4929-99d0-8f9eafd02643|rpc:10.1.0.50:45415|priority:1] with ContainerStateMachine:uninitialized
2022-01-06 13:29:56,487 [pool-118-thread-1] INFO  server.RaftServerConfigKeys (ConfUtils.java:logGet(44)) - raft.server.rpc.timeout.min = 5s (custom)
2022-01-06 13:29:56,487 [pool-118-thread-1] INFO  server.RaftServerConfigKeys (ConfUtils.java:logGet(44)) - raft.server.rpc.timeout.max = 5200ms (custom)
2022-01-06 13:29:56,487 [pool-118-thread-1] INFO  server.RaftServerConfigKeys (ConfUtils.java:logGet(44)) - raft.server.rpc.sleep.time = 25ms (default)
2022-01-06 13:29:56,487 [pool-118-thread-1] INFO  server.RaftServerConfigKeys (ConfUtils.java:logGet(44)) - raft.server.rpc.slowness.timeout = 300000ms (custom)
2022-01-06 13:29:56,487 [pool-118-thread-1] INFO  server.RaftServerConfigKeys (ConfUtils.java:logGet(44)) - raft.server.leaderelection.leader.step-down.wait-time = 10s (default)
2022-01-06 13:29:56,487 [pool-118-thread-1] INFO  server.RaftServerConfigKeys (ConfUtils.java:logGet(44)) - raft.server.sleep.deviation.threshold = 300ms (default)
2022-01-06 13:29:56,487 [pool-118-thread-1] INFO  server.RaftServerConfigKeys (ConfUtils.java:logGet(44)) - raft.server.log.appender.install.snapshot.enabled = false (custom)
2022-01-06 13:29:56,487 [pool-118-thread-1] INFO  server.RaftServer$Division (ServerState.java:<init>(105)) - f94be414-d4cd-4929-99d0-8f9eafd02643@group-43DC455BE5BD: ConfigurationManager, init=-1: [f94be414-d4cd-4929-99d0-8f9eafd02643|rpc:10.1.0.50:45415|priority:1], old=null, confs=<EMPTY_MAP>
2022-01-06 13:29:56,487 [pool-118-thread-1] INFO  server.RaftServerConfigKeys (ConfUtils.java:logGet(44)) - raft.server.storage.dir = [/home/runner/work/ozone/ozone/hadoop-ozone/integration-test/target/test-dir/MiniOzoneClusterImpl-1040910a-51cd-4ce1-8f2d-abd84b974e59/datanode-3/data/ratis] (custom)
2022-01-06 13:29:56,487 [pool-118-thread-1] INFO  server.RaftServerConfigKeys (ConfUtils.java:logGet(44)) - raft.server.log.corruption.policy = EXCEPTION (default)
2022-01-06 13:29:56,487 [pool-118-thread-1] INFO  server.RaftServerConfigKeys (ConfUtils.java:logGet(44)) - raft.server.storage.free-space.min = 0MB (=0) (default)
2022-01-06 13:29:56,488 [pool-118-thread-1] INFO  storage.RaftStorageDirectory (RaftStorageDirectoryImpl.java:analyzeStorage(135)) - The storage directory /home/runner/work/ozone/ozone/hadoop-ozone/integration-test/target/test-dir/MiniOzoneClusterImpl-1040910a-51cd-4ce1-8f2d-abd84b974e59/datanode-3/data/ratis/d767b8ec-313e-485f-b43c-43dc455be5bd does not exist. Creating ...
2022-01-06 13:29:56,489 [pool-118-thread-1] INFO  storage.RaftStorageDirectory (RaftStorageDirectoryImpl.java:tryLock(230)) - Lock on /home/runner/work/ozone/ozone/hadoop-ozone/integration-test/target/test-dir/MiniOzoneClusterImpl-1040910a-51cd-4ce1-8f2d-abd84b974e59/datanode-3/data/ratis/d767b8ec-313e-485f-b43c-43dc455be5bd/in_use.lock acquired by nodename 24655@fv-az59-280
2022-01-06 13:29:56,490 [pool-118-thread-1] INFO  storage.RaftStorage (RaftStorageImpl.java:format(89)) - Storage directory /home/runner/work/ozone/ozone/hadoop-ozone/integration-test/target/test-dir/MiniOzoneClusterImpl-1040910a-51cd-4ce1-8f2d-abd84b974e59/datanode-3/data/ratis/d767b8ec-313e-485f-b43c-43dc455be5bd has been successfully formatted.
2022-01-06 13:29:56,490 [pool-118-thread-1] INFO  ratis.ContainerStateMachine (ContainerStateMachine.java:loadSnapshot(231)) - group-43DC455BE5BD: The snapshot info is null. Setting the last applied indexto:(t:0, i:~)
2022-01-06 13:29:56,491 [pool-118-thread-1] INFO  server.RaftServerConfigKeys (ConfUtils.java:logGet(44)) - raft.server.notification.no-leader.timeout = 300000ms (custom)
2022-01-06 13:29:56,491 [pool-118-thread-1] INFO  server.RaftServerConfigKeys (ConfUtils.java:logGet(44)) - raft.server.log.use.memory = false (default)
2022-01-06 13:29:56,491 [pool-118-thread-1] INFO  server.RaftServerConfigKeys (ConfUtils.java:logGet(44)) - raft.server.log.purge.gap = 1000000 (custom)
2022-01-06 13:29:56,491 [pool-118-thread-1] INFO  server.RaftServerConfigKeys (ConfUtils.java:logGet(44)) - raft.server.log.appender.buffer.byte-limit = 33554432 (custom)
2022-01-06 13:29:56,491 [pool-118-thread-1] INFO  server.RaftServerConfigKeys (ConfUtils.java:logGet(44)) - raft.server.log.segment.size.max = 1048576 (custom)
2022-01-06 13:29:56,492 [EventQueue-PipelineReportForPipelineReportHandler] INFO  pipeline.PipelineManagerImpl (PipelineManagerImpl.java:openPipeline(291)) - Pipeline Pipeline[ Id: d767b8ec-313e-485f-b43c-43dc455be5bd, Nodes: f94be414-d4cd-4929-99d0-8f9eafd02643{ip: 10.1.0.50, host: fv-az59-280.csjynl4pkq3e1pkirw3ssqjfoh.cx.internal.cloudapp.net, ports: [REPLICATION=40151, RATIS=45415, RATIS_ADMIN=45415, RATIS_SERVER=45415, STANDALONE=39341], networkLocation: /default-rack, certSerialId: null, persistedOpState: IN_SERVICE, persistedOpStateExpiryEpochSec: 0}, ReplicationConfig: RATIS/ONE, State:ALLOCATED, leaderId:f94be414-d4cd-4929-99d0-8f9eafd02643, CreationTimestamp2022-01-06T13:29:53.489Z[Etc/UTC]] moved to OPEN state
2022-01-06 13:29:56,493 [EventQueue-OpenPipelineForHealthyPipelineSafeModeRule] INFO  safemode.SCMSafeModeManager (HealthyPipelineSafeModeRule.java:process(124)) - SCM in safe mode. Healthy pipelines reported count is 0, required healthy pipeline reported count is 1
2022-01-06 13:29:56,493 [pool-118-thread-1] INFO  server.RaftServerConfigKeys (ConfUtils.java:logGet(44)) - raft.server.log.segment.cache.num.max = 2 (custom)
2022-01-06 13:29:56,494 [pool-118-thread-1] INFO  server.RaftServerConfigKeys (ConfUtils.java:logGet(44)) - raft.server.log.segment.cache.size.max = 200MB (=209715200) (default)
2022-01-06 13:29:56,494 [pool-118-thread-1] INFO  segmented.SegmentedRaftLogWorker (SegmentedRaftLogWorker.java:<init>(182)) - new f94be414-d4cd-4929-99d0-8f9eafd02643@group-43DC455BE5BD-SegmentedRaftLogWorker for RaftStorageImpl:Storage Directory /home/runner/work/ozone/ozone/hadoop-ozone/integration-test/target/test-dir/MiniOzoneClusterImpl-1040910a-51cd-4ce1-8f2d-abd84b974e59/datanode-3/data/ratis/d767b8ec-313e-485f-b43c-43dc455be5bd
2022-01-06 13:29:56,494 [pool-118-thread-1] INFO  server.RaftServerConfigKeys (ConfUtils.java:logGet(44)) - raft.server.log.queue.byte-limit = 2147483647 (custom)
2022-01-06 13:29:56,494 [pool-118-thread-1] INFO  server.RaftServerConfigKeys (ConfUtils.java:logGet(44)) - raft.server.log.queue.element-limit = 1024 (custom)
2022-01-06 13:29:56,494 [pool-118-thread-1] INFO  server.RaftServerConfigKeys (ConfUtils.java:logGet(44)) - raft.server.log.segment.size.max = 1048576 (custom)
2022-01-06 13:29:56,494 [pool-118-thread-1] INFO  server.RaftServerConfigKeys (ConfUtils.java:logGet(44)) - raft.server.log.preallocated.size = 16384 (custom)
2022-01-06 13:29:56,494 [pool-118-thread-1] INFO  server.RaftServerConfigKeys (ConfUtils.java:logGet(44)) - raft.server.log.force.sync.num = 128 (default)
2022-01-06 13:29:56,494 [pool-118-thread-1] INFO  server.RaftServerConfigKeys (ConfUtils.java:logGet(44)) - raft.server.log.statemachine.data.sync = true (default)
2022-01-06 13:29:56,494 [pool-118-thread-1] INFO  server.RaftServerConfigKeys (ConfUtils.java:logGet(44)) - raft.server.log.statemachine.data.sync.timeout = 10s (default)
2022-01-06 13:29:56,494 [pool-118-thread-1] INFO  server.RaftServerConfigKeys (ConfUtils.java:logGet(44)) - raft.server.log.statemachine.data.sync.timeout.retry = -1 (default)
2022-01-06 13:29:56,495 [pool-118-thread-1] INFO  server.RaftServerConfigKeys (ConfUtils.java:logGet(44)) - raft.server.log.write.buffer.size = 1048576 (custom)
2022-01-06 13:29:56,496 [pool-118-thread-1] INFO  server.RaftServerConfigKeys (ConfUtils.java:logGet(44)) - raft.server.log.statemachine.data.caching.enabled = true (custom)
2022-01-06 13:29:56,496 [pool-118-thread-1] INFO  segmented.SegmentedRaftLogWorker (SegmentedRaftLogWorker.java:lambda$new$0(133)) - f94be414-d4cd-4929-99d0-8f9eafd02643@group-43DC455BE5BD-SegmentedRaftLogWorker: flushIndex: setUnconditionally 0 -> -1
2022-01-06 13:29:56,496 [pool-118-thread-1] INFO  segmented.SegmentedRaftLogWorker (SegmentedRaftLogWorker.java:lambda$new$0(133)) - f94be414-d4cd-4929-99d0-8f9eafd02643@group-43DC455BE5BD-SegmentedRaftLogWorker: safeCacheEvictIndex: setUnconditionally 0 -> -1
2022-01-06 13:29:56,496 [pool-118-thread-1] INFO  server.RaftServerConfigKeys (ConfUtils.java:logGet(44)) - raft.server.snapshot.auto.trigger.enabled = true (custom)
2022-01-06 13:29:56,497 [pool-118-thread-1] INFO  server.RaftServerConfigKeys (ConfUtils.java:logGet(44)) - raft.server.snapshot.auto.trigger.threshold = 10000 (custom)
2022-01-06 13:29:56,497 [pool-118-thread-1] INFO  server.RaftServerConfigKeys (ConfUtils.java:logGet(44)) - raft.server.snapshot.retention.file.num = 5 (custom)
2022-01-06 13:29:56,497 [pool-118-thread-1] INFO  server.RaftServerConfigKeys (ConfUtils.java:logGet(44)) - raft.server.log.purge.upto.snapshot.index = false (default)
2022-01-06 13:29:56,497 [pool-118-thread-1] INFO  server.RaftServerConfigKeys (ConfUtils.java:logGet(44)) - raft.server.retrycache.expirytime = 600000ms (custom)
2022-01-06 13:29:56,497 [pool-118-thread-1] INFO  server.RaftServerConfigKeys (ConfUtils.java:logGet(44)) - raft.server.retrycache.statistics.expirytime = 100μs (default)
2022-01-06 13:29:56,498 [pool-118-thread-1] INFO  server.RaftServer$Division (RaftServerImpl.java:start(301)) - f94be414-d4cd-4929-99d0-8f9eafd02643@group-43DC455BE5BD: start as a follower, conf=-1: [f94be414-d4cd-4929-99d0-8f9eafd02643|rpc:10.1.0.50:45415|priority:1], old=null
2022-01-06 13:29:56,498 [pool-118-thread-1] INFO  server.RaftServer$Division (RaftServerImpl.java:setRole(290)) - f94be414-d4cd-4929-99d0-8f9eafd02643@group-43DC455BE5BD: changes role from      null to FOLLOWER at term 0 for startAsFollower
2022-01-06 13:29:56,498 [pool-118-thread-1] INFO  impl.RoleInfo (RoleInfo.java:updateAndGet(130)) - f94be414-d4cd-4929-99d0-8f9eafd02643: start f94be414-d4cd-4929-99d0-8f9eafd02643@group-43DC455BE5BD-FollowerState
2022-01-06 13:29:56,498 [pool-118-thread-1] INFO  util.JmxRegister (JmxRegister.java:tryRegister(44)) - Successfully registered JMX Bean with object name Ratis:service=RaftServer,group=group-43DC455BE5BD,id=f94be414-d4cd-4929-99d0-8f9eafd02643
2022-01-06 13:29:56,499 [Command processor thread] INFO  ratis.XceiverServerRatis (XceiverServerRatis.java:addGroup(768)) - Created group PipelineID=d767b8ec-313e-485f-b43c-43dc455be5bd
2022-01-06 13:29:56,499 [Command processor thread] INFO  commandhandler.CreatePipelineCommandHandler (CreatePipelineCommandHandler.java:handle(106)) - Created Pipeline RATIS ONE PipelineID=d767b8ec-313e-485f-b43c-43dc455be5bd.
2022-01-06 13:29:56,499 [Command processor thread] INFO  server.RaftServer (RaftServerProxy.java:addNew(95)) - f94be414-d4cd-4929-99d0-8f9eafd02643: addNew group-F1D01D8A5C73:[f94be414-d4cd-4929-99d0-8f9eafd02643|rpc:10.1.0.50:45415|priority:1, a3271a13-46d8-4b51-acff-5e832eb04f76|rpc:10.1.0.50:39137|priority:0, 832710ff-70fd-4195-974e-450d8fd5944e|rpc:10.1.0.50:39399|priority:0] returns group-F1D01D8A5C73:java.util.concurrent.CompletableFuture@3bf07886[Not completed]
2022-01-06 13:29:56,500 [pool-118-thread-1] INFO  server.RaftServer$Division (RaftServerImpl.java:<init>(184)) - f94be414-d4cd-4929-99d0-8f9eafd02643: new RaftServerImpl for group-F1D01D8A5C73:[f94be414-d4cd-4929-99d0-8f9eafd02643|rpc:10.1.0.50:45415|priority:1, a3271a13-46d8-4b51-acff-5e832eb04f76|rpc:10.1.0.50:39137|priority:0, 832710ff-70fd-4195-974e-450d8fd5944e|rpc:10.1.0.50:39399|priority:0] with ContainerStateMachine:uninitialized
2022-01-06 13:29:56,500 [pool-118-thread-1] INFO  server.RaftServerConfigKeys (ConfUtils.java:logGet(44)) - raft.server.rpc.timeout.min = 5s (custom)
2022-01-06 13:29:56,500 [pool-118-thread-1] INFO  server.RaftServerConfigKeys (ConfUtils.java:logGet(44)) - raft.server.rpc.timeout.max = 5200ms (custom)
2022-01-06 13:29:56,500 [pool-118-thread-1] INFO  server.RaftServerConfigKeys (ConfUtils.java:logGet(44)) - raft.server.rpc.sleep.time = 25ms (default)
2022-01-06 13:29:56,501 [pool-118-thread-1] INFO  server.RaftServerConfigKeys (ConfUtils.java:logGet(44)) - raft.server.rpc.slowness.timeout = 300000ms (custom)
2022-01-06 13:29:56,501 [pool-118-thread-1] INFO  server.RaftServerConfigKeys (ConfUtils.java:logGet(44)) - raft.server.leaderelection.leader.step-down.wait-time = 10s (default)
2022-01-06 13:29:56,501 [pool-118-thread-1] INFO  server.RaftServerConfigKeys (ConfUtils.java:logGet(44)) - raft.server.sleep.deviation.threshold = 300ms (default)
2022-01-06 13:29:56,501 [pool-118-thread-1] INFO  server.RaftServerConfigKeys (ConfUtils.java:logGet(44)) - raft.server.log.appender.install.snapshot.enabled = false (custom)
2022-01-06 13:29:56,501 [pool-118-thread-1] INFO  server.RaftServer$Division (ServerState.java:<init>(105)) - f94be414-d4cd-4929-99d0-8f9eafd02643@group-F1D01D8A5C73: ConfigurationManager, init=-1: [f94be414-d4cd-4929-99d0-8f9eafd02643|rpc:10.1.0.50:45415|priority:1, a3271a13-46d8-4b51-acff-5e832eb04f76|rpc:10.1.0.50:39137|priority:0, 832710ff-70fd-4195-974e-450d8fd5944e|rpc:10.1.0.50:39399|priority:0], old=null, confs=<EMPTY_MAP>
2022-01-06 13:29:56,501 [pool-118-thread-1] INFO  server.RaftServerConfigKeys (ConfUtils.java:logGet(44)) - raft.server.storage.dir = [/home/runner/work/ozone/ozone/hadoop-ozone/integration-test/target/test-dir/MiniOzoneClusterImpl-1040910a-51cd-4ce1-8f2d-abd84b974e59/datanode-3/data/ratis] (custom)
2022-01-06 13:29:56,501 [pool-118-thread-1] INFO  server.RaftServerConfigKeys (ConfUtils.java:logGet(44)) - raft.server.log.corruption.policy = EXCEPTION (default)
2022-01-06 13:29:56,501 [pool-118-thread-1] INFO  server.RaftServerConfigKeys (ConfUtils.java:logGet(44)) - raft.server.storage.free-space.min = 0MB (=0) (default)
2022-01-06 13:29:56,501 [pool-118-thread-1] INFO  storage.RaftStorageDirectory (RaftStorageDirectoryImpl.java:analyzeStorage(135)) - The storage directory /home/runner/work/ozone/ozone/hadoop-ozone/integration-test/target/test-dir/MiniOzoneClusterImpl-1040910a-51cd-4ce1-8f2d-abd84b974e59/datanode-3/data/ratis/11925957-c949-41db-84e3-f1d01d8a5c73 does not exist. Creating ...
2022-01-06 13:29:56,502 [pool-118-thread-1] INFO  storage.RaftStorageDirectory (RaftStorageDirectoryImpl.java:tryLock(230)) - Lock on /home/runner/work/ozone/ozone/hadoop-ozone/integration-test/target/test-dir/MiniOzoneClusterImpl-1040910a-51cd-4ce1-8f2d-abd84b974e59/datanode-3/data/ratis/11925957-c949-41db-84e3-f1d01d8a5c73/in_use.lock acquired by nodename 24655@fv-az59-280
2022-01-06 13:29:56,503 [pool-118-thread-1] INFO  storage.RaftStorage (RaftStorageImpl.java:format(89)) - Storage directory /home/runner/work/ozone/ozone/hadoop-ozone/integration-test/target/test-dir/MiniOzoneClusterImpl-1040910a-51cd-4ce1-8f2d-abd84b974e59/datanode-3/data/ratis/11925957-c949-41db-84e3-f1d01d8a5c73 has been successfully formatted.
2022-01-06 13:29:56,504 [EventQueue-OpenPipelineForHealthyPipelineSafeModeRule] INFO  safemode.SCMSafeModeManager (HealthyPipelineSafeModeRule.java:process(124)) - SCM in safe mode. Healthy pipelines reported count is 0, required healthy pipeline reported count is 1
2022-01-06 13:29:56,504 [pool-118-thread-1] INFO  ratis.ContainerStateMachine (ContainerStateMachine.java:loadSnapshot(231)) - group-F1D01D8A5C73: The snapshot info is null. Setting the last applied indexto:(t:0, i:~)
2022-01-06 13:29:56,504 [pool-118-thread-1] INFO  server.RaftServerConfigKeys (ConfUtils.java:logGet(44)) - raft.server.notification.no-leader.timeout = 300000ms (custom)
2022-01-06 13:29:56,504 [pool-118-thread-1] INFO  server.RaftServerConfigKeys (ConfUtils.java:logGet(44)) - raft.server.log.use.memory = false (default)
2022-01-06 13:29:56,505 [pool-118-thread-1] INFO  server.RaftServerConfigKeys (ConfUtils.java:logGet(44)) - raft.server.log.purge.gap = 1000000 (custom)
2022-01-06 13:29:56,505 [pool-118-thread-1] INFO  server.RaftServerConfigKeys (ConfUtils.java:logGet(44)) - raft.server.log.appender.buffer.byte-limit = 33554432 (custom)
2022-01-06 13:29:56,505 [pool-118-thread-1] INFO  server.RaftServerConfigKeys (ConfUtils.java:logGet(44)) - raft.server.log.segment.size.max = 1048576 (custom)
2022-01-06 13:29:56,505 [pool-118-thread-1] INFO  server.RaftServerConfigKeys (ConfUtils.java:logGet(44)) - raft.server.log.segment.cache.num.max = 2 (custom)
2022-01-06 13:29:56,505 [pool-118-thread-1] INFO  server.RaftServerConfigKeys (ConfUtils.java:logGet(44)) - raft.server.log.segment.cache.size.max = 200MB (=209715200) (default)
2022-01-06 13:29:56,506 [pool-118-thread-1] INFO  segmented.SegmentedRaftLogWorker (SegmentedRaftLogWorker.java:<init>(182)) - new f94be414-d4cd-4929-99d0-8f9eafd02643@group-F1D01D8A5C73-SegmentedRaftLogWorker for RaftStorageImpl:Storage Directory /home/runner/work/ozone/ozone/hadoop-ozone/integration-test/target/test-dir/MiniOzoneClusterImpl-1040910a-51cd-4ce1-8f2d-abd84b974e59/datanode-3/data/ratis/11925957-c949-41db-84e3-f1d01d8a5c73
2022-01-06 13:29:56,506 [pool-118-thread-1] INFO  server.RaftServerConfigKeys (ConfUtils.java:logGet(44)) - raft.server.log.queue.byte-limit = 2147483647 (custom)
2022-01-06 13:29:56,506 [pool-118-thread-1] INFO  server.RaftServerConfigKeys (ConfUtils.java:logGet(44)) - raft.server.log.queue.element-limit = 1024 (custom)
2022-01-06 13:29:56,506 [pool-118-thread-1] INFO  server.RaftServerConfigKeys (ConfUtils.java:logGet(44)) - raft.server.log.segment.size.max = 1048576 (custom)
2022-01-06 13:29:56,506 [pool-118-thread-1] INFO  server.RaftServerConfigKeys (ConfUtils.java:logGet(44)) - raft.server.log.preallocated.size = 16384 (custom)
2022-01-06 13:29:56,506 [pool-118-thread-1] INFO  server.RaftServerConfigKeys (ConfUtils.java:logGet(44)) - raft.server.log.force.sync.num = 128 (default)
2022-01-06 13:29:56,506 [pool-118-thread-1] INFO  server.RaftServerConfigKeys (ConfUtils.java:logGet(44)) - raft.server.log.statemachine.data.sync = true (default)
2022-01-06 13:29:56,506 [pool-118-thread-1] INFO  server.RaftServerConfigKeys (ConfUtils.java:logGet(44)) - raft.server.log.statemachine.data.sync.timeout = 10s (default)
2022-01-06 13:29:56,506 [pool-118-thread-1] INFO  server.RaftServerConfigKeys (ConfUtils.java:logGet(44)) - raft.server.log.statemachine.data.sync.timeout.retry = -1 (default)
2022-01-06 13:29:56,507 [pool-118-thread-1] INFO  server.RaftServerConfigKeys (ConfUtils.java:logGet(44)) - raft.server.log.write.buffer.size = 1048576 (custom)
2022-01-06 13:29:56,507 [pool-118-thread-1] INFO  server.RaftServerConfigKeys (ConfUtils.java:logGet(44)) - raft.server.log.statemachine.data.caching.enabled = true (custom)
2022-01-06 13:29:56,508 [pool-118-thread-1] INFO  segmented.SegmentedRaftLogWorker (SegmentedRaftLogWorker.java:lambda$new$0(133)) - f94be414-d4cd-4929-99d0-8f9eafd02643@group-F1D01D8A5C73-SegmentedRaftLogWorker: flushIndex: setUnconditionally 0 -> -1
2022-01-06 13:29:56,508 [pool-118-thread-1] INFO  segmented.SegmentedRaftLogWorker (SegmentedRaftLogWorker.java:lambda$new$0(133)) - f94be414-d4cd-4929-99d0-8f9eafd02643@group-F1D01D8A5C73-SegmentedRaftLogWorker: safeCacheEvictIndex: setUnconditionally 0 -> -1
2022-01-06 13:29:56,508 [pool-118-thread-1] INFO  server.RaftServerConfigKeys (ConfUtils.java:logGet(44)) - raft.server.snapshot.auto.trigger.enabled = true (custom)
2022-01-06 13:29:56,508 [pool-118-thread-1] INFO  server.RaftServerConfigKeys (ConfUtils.java:logGet(44)) - raft.server.snapshot.auto.trigger.threshold = 10000 (custom)
2022-01-06 13:29:56,508 [pool-118-thread-1] INFO  server.RaftServerConfigKeys (ConfUtils.java:logGet(44)) - raft.server.snapshot.retention.file.num = 5 (custom)
2022-01-06 13:29:56,508 [pool-118-thread-1] INFO  server.RaftServerConfigKeys (ConfUtils.java:logGet(44)) - raft.server.log.purge.upto.snapshot.index = false (default)
2022-01-06 13:29:56,508 [pool-118-thread-1] INFO  server.RaftServerConfigKeys (ConfUtils.java:logGet(44)) - raft.server.retrycache.expirytime = 600000ms (custom)
2022-01-06 13:29:56,508 [pool-118-thread-1] INFO  server.RaftServerConfigKeys (ConfUtils.java:logGet(44)) - raft.server.retrycache.statistics.expirytime = 100μs (default)
2022-01-06 13:29:56,509 [pool-118-thread-1] INFO  server.RaftServer$Division (RaftServerImpl.java:start(301)) - f94be414-d4cd-4929-99d0-8f9eafd02643@group-F1D01D8A5C73: start as a follower, conf=-1: [f94be414-d4cd-4929-99d0-8f9eafd02643|rpc:10.1.0.50:45415|priority:1, a3271a13-46d8-4b51-acff-5e832eb04f76|rpc:10.1.0.50:39137|priority:0, 832710ff-70fd-4195-974e-450d8fd5944e|rpc:10.1.0.50:39399|priority:0], old=null
2022-01-06 13:29:56,509 [pool-118-thread-1] INFO  server.RaftServer$Division (RaftServerImpl.java:setRole(290)) - f94be414-d4cd-4929-99d0-8f9eafd02643@group-F1D01D8A5C73: changes role from      null to FOLLOWER at term 0 for startAsFollower
2022-01-06 13:29:56,509 [pool-118-thread-1] INFO  impl.RoleInfo (RoleInfo.java:updateAndGet(130)) - f94be414-d4cd-4929-99d0-8f9eafd02643: start f94be414-d4cd-4929-99d0-8f9eafd02643@group-F1D01D8A5C73-FollowerState
2022-01-06 13:29:56,511 [pool-118-thread-1] INFO  util.JmxRegister (JmxRegister.java:tryRegister(44)) - Successfully registered JMX Bean with object name Ratis:service=RaftServer,group=group-F1D01D8A5C73,id=f94be414-d4cd-4929-99d0-8f9eafd02643
2022-01-06 13:29:56,511 [Command processor thread] INFO  ratis.XceiverServerRatis (XceiverServerRatis.java:addGroup(768)) - Created group PipelineID=11925957-c949-41db-84e3-f1d01d8a5c73
2022-01-06 13:29:56,530 [grpc-default-executor-0] INFO  server.RaftServer (RaftServerProxy.java:addNew(95)) - 832710ff-70fd-4195-974e-450d8fd5944e: addNew group-F1D01D8A5C73:[f94be414-d4cd-4929-99d0-8f9eafd02643|rpc:10.1.0.50:45415|dataStream:|priority:1, a3271a13-46d8-4b51-acff-5e832eb04f76|rpc:10.1.0.50:39137|dataStream:|priority:0, 832710ff-70fd-4195-974e-450d8fd5944e|rpc:10.1.0.50:39399|dataStream:|priority:0] returns group-F1D01D8A5C73:java.util.concurrent.CompletableFuture@441724c7[Not completed]
2022-01-06 13:29:56,531 [pool-160-thread-1] INFO  server.RaftServer$Division (RaftServerImpl.java:<init>(184)) - 832710ff-70fd-4195-974e-450d8fd5944e: new RaftServerImpl for group-F1D01D8A5C73:[f94be414-d4cd-4929-99d0-8f9eafd02643|rpc:10.1.0.50:45415|dataStream:|priority:1, a3271a13-46d8-4b51-acff-5e832eb04f76|rpc:10.1.0.50:39137|dataStream:|priority:0, 832710ff-70fd-4195-974e-450d8fd5944e|rpc:10.1.0.50:39399|dataStream:|priority:0] with ContainerStateMachine:uninitialized
2022-01-06 13:29:56,531 [pool-160-thread-1] INFO  server.RaftServerConfigKeys (ConfUtils.java:logGet(44)) - raft.server.rpc.timeout.min = 5s (custom)
2022-01-06 13:29:56,531 [pool-160-thread-1] INFO  server.RaftServerConfigKeys (ConfUtils.java:logGet(44)) - raft.server.rpc.timeout.max = 5200ms (custom)
2022-01-06 13:29:56,532 [pool-160-thread-1] INFO  server.RaftServerConfigKeys (ConfUtils.java:logGet(44)) - raft.server.rpc.sleep.time = 25ms (default)
2022-01-06 13:29:56,532 [pool-160-thread-1] INFO  server.RaftServerConfigKeys (ConfUtils.java:logGet(44)) - raft.server.rpc.slowness.timeout = 300000ms (custom)
2022-01-06 13:29:56,532 [pool-160-thread-1] INFO  server.RaftServerConfigKeys (ConfUtils.java:logGet(44)) - raft.server.leaderelection.leader.step-down.wait-time = 10s (default)
2022-01-06 13:29:56,532 [pool-160-thread-1] INFO  server.RaftServerConfigKeys (ConfUtils.java:logGet(44)) - raft.server.sleep.deviation.threshold = 300ms (default)
2022-01-06 13:29:56,532 [pool-160-thread-1] INFO  server.RaftServerConfigKeys (ConfUtils.java:logGet(44)) - raft.server.log.appender.install.snapshot.enabled = false (custom)
2022-01-06 13:29:56,532 [pool-160-thread-1] INFO  server.RaftServer$Division (ServerState.java:<init>(105)) - 832710ff-70fd-4195-974e-450d8fd5944e@group-F1D01D8A5C73: ConfigurationManager, init=-1: [f94be414-d4cd-4929-99d0-8f9eafd02643|rpc:10.1.0.50:45415|dataStream:|priority:1, a3271a13-46d8-4b51-acff-5e832eb04f76|rpc:10.1.0.50:39137|dataStream:|priority:0, 832710ff-70fd-4195-974e-450d8fd5944e|rpc:10.1.0.50:39399|dataStream:|priority:0], old=null, confs=<EMPTY_MAP>
2022-01-06 13:29:56,532 [pool-160-thread-1] INFO  server.RaftServerConfigKeys (ConfUtils.java:logGet(44)) - raft.server.storage.dir = [/home/runner/work/ozone/ozone/hadoop-ozone/integration-test/target/test-dir/MiniOzoneClusterImpl-1040910a-51cd-4ce1-8f2d-abd84b974e59/datanode-5/data/ratis] (custom)
2022-01-06 13:29:56,532 [pool-160-thread-1] INFO  server.RaftServerConfigKeys (ConfUtils.java:logGet(44)) - raft.server.log.corruption.policy = EXCEPTION (default)
2022-01-06 13:29:56,532 [pool-160-thread-1] INFO  server.RaftServerConfigKeys (ConfUtils.java:logGet(44)) - raft.server.storage.free-space.min = 0MB (=0) (default)
2022-01-06 13:29:56,532 [pool-160-thread-1] INFO  storage.RaftStorageDirectory (RaftStorageDirectoryImpl.java:analyzeStorage(135)) - The storage directory /home/runner/work/ozone/ozone/hadoop-ozone/integration-test/target/test-dir/MiniOzoneClusterImpl-1040910a-51cd-4ce1-8f2d-abd84b974e59/datanode-5/data/ratis/11925957-c949-41db-84e3-f1d01d8a5c73 does not exist. Creating ...
2022-01-06 13:29:56,533 [pool-160-thread-1] INFO  storage.RaftStorageDirectory (RaftStorageDirectoryImpl.java:tryLock(230)) - Lock on /home/runner/work/ozone/ozone/hadoop-ozone/integration-test/target/test-dir/MiniOzoneClusterImpl-1040910a-51cd-4ce1-8f2d-abd84b974e59/datanode-5/data/ratis/11925957-c949-41db-84e3-f1d01d8a5c73/in_use.lock acquired by nodename 24655@fv-az59-280
2022-01-06 13:29:56,534 [pool-160-thread-1] INFO  storage.RaftStorage (RaftStorageImpl.java:format(89)) - Storage directory /home/runner/work/ozone/ozone/hadoop-ozone/integration-test/target/test-dir/MiniOzoneClusterImpl-1040910a-51cd-4ce1-8f2d-abd84b974e59/datanode-5/data/ratis/11925957-c949-41db-84e3-f1d01d8a5c73 has been successfully formatted.
2022-01-06 13:29:56,535 [pool-160-thread-1] INFO  ratis.ContainerStateMachine (ContainerStateMachine.java:loadSnapshot(231)) - group-F1D01D8A5C73: The snapshot info is null. Setting the last applied indexto:(t:0, i:~)
2022-01-06 13:29:56,535 [pool-160-thread-1] INFO  server.RaftServerConfigKeys (ConfUtils.java:logGet(44)) - raft.server.notification.no-leader.timeout = 300000ms (custom)
2022-01-06 13:29:56,535 [pool-160-thread-1] INFO  server.RaftServerConfigKeys (ConfUtils.java:logGet(44)) - raft.server.log.use.memory = false (default)
2022-01-06 13:29:56,535 [pool-160-thread-1] INFO  server.RaftServerConfigKeys (ConfUtils.java:logGet(44)) - raft.server.log.purge.gap = 1000000 (custom)
2022-01-06 13:29:56,537 [pool-160-thread-1] INFO  server.RaftServerConfigKeys (ConfUtils.java:logGet(44)) - raft.server.log.appender.buffer.byte-limit = 33554432 (custom)
2022-01-06 13:29:56,538 [pool-160-thread-1] INFO  server.RaftServerConfigKeys (ConfUtils.java:logGet(44)) - raft.server.log.segment.size.max = 1048576 (custom)
2022-01-06 13:29:56,539 [pool-160-thread-1] INFO  server.RaftServerConfigKeys (ConfUtils.java:logGet(44)) - raft.server.log.segment.cache.num.max = 2 (custom)
2022-01-06 13:29:56,539 [pool-160-thread-1] INFO  server.RaftServerConfigKeys (ConfUtils.java:logGet(44)) - raft.server.log.segment.cache.size.max = 200MB (=209715200) (default)
2022-01-06 13:29:56,539 [pool-160-thread-1] INFO  segmented.SegmentedRaftLogWorker (SegmentedRaftLogWorker.java:<init>(182)) - new 832710ff-70fd-4195-974e-450d8fd5944e@group-F1D01D8A5C73-SegmentedRaftLogWorker for RaftStorageImpl:Storage Directory /home/runner/work/ozone/ozone/hadoop-ozone/integration-test/target/test-dir/MiniOzoneClusterImpl-1040910a-51cd-4ce1-8f2d-abd84b974e59/datanode-5/data/ratis/11925957-c949-41db-84e3-f1d01d8a5c73
2022-01-06 13:29:56,539 [pool-160-thread-1] INFO  server.RaftServerConfigKeys (ConfUtils.java:logGet(44)) - raft.server.log.queue.byte-limit = 2147483647 (custom)
2022-01-06 13:29:56,539 [pool-160-thread-1] INFO  server.RaftServerConfigKeys (ConfUtils.java:logGet(44)) - raft.server.log.queue.element-limit = 1024 (custom)
2022-01-06 13:29:56,539 [pool-160-thread-1] INFO  server.RaftServerConfigKeys (ConfUtils.java:logGet(44)) - raft.server.log.segment.size.max = 1048576 (custom)
2022-01-06 13:29:56,539 [pool-160-thread-1] INFO  server.RaftServerConfigKeys (ConfUtils.java:logGet(44)) - raft.server.log.preallocated.size = 16384 (custom)
2022-01-06 13:29:56,539 [pool-160-thread-1] INFO  server.RaftServerConfigKeys (ConfUtils.java:logGet(44)) - raft.server.log.force.sync.num = 128 (default)
2022-01-06 13:29:56,539 [pool-160-thread-1] INFO  server.RaftServerConfigKeys (ConfUtils.java:logGet(44)) - raft.server.log.statemachine.data.sync = true (default)
2022-01-06 13:29:56,539 [pool-160-thread-1] INFO  server.RaftServerConfigKeys (ConfUtils.java:logGet(44)) - raft.server.log.statemachine.data.sync.timeout = 10s (default)
2022-01-06 13:29:56,539 [pool-160-thread-1] INFO  server.RaftServerConfigKeys (ConfUtils.java:logGet(44)) - raft.server.log.statemachine.data.sync.timeout.retry = -1 (default)
2022-01-06 13:29:56,540 [pool-160-thread-1] INFO  server.RaftServerConfigKeys (ConfUtils.java:logGet(44)) - raft.server.log.write.buffer.size = 1048576 (custom)
2022-01-06 13:29:56,540 [pool-160-thread-1] INFO  server.RaftServerConfigKeys (ConfUtils.java:logGet(44)) - raft.server.log.statemachine.data.caching.enabled = true (custom)
2022-01-06 13:29:56,541 [pool-160-thread-1] INFO  segmented.SegmentedRaftLogWorker (SegmentedRaftLogWorker.java:lambda$new$0(133)) - 832710ff-70fd-4195-974e-450d8fd5944e@group-F1D01D8A5C73-SegmentedRaftLogWorker: flushIndex: setUnconditionally 0 -> -1
2022-01-06 13:29:56,541 [pool-160-thread-1] INFO  segmented.SegmentedRaftLogWorker (SegmentedRaftLogWorker.java:lambda$new$0(133)) - 832710ff-70fd-4195-974e-450d8fd5944e@group-F1D01D8A5C73-SegmentedRaftLogWorker: safeCacheEvictIndex: setUnconditionally 0 -> -1
2022-01-06 13:29:56,541 [pool-160-thread-1] INFO  server.RaftServerConfigKeys (ConfUtils.java:logGet(44)) - raft.server.snapshot.auto.trigger.enabled = true (custom)
2022-01-06 13:29:56,541 [pool-160-thread-1] INFO  server.RaftServerConfigKeys (ConfUtils.java:logGet(44)) - raft.server.snapshot.auto.trigger.threshold = 10000 (custom)
2022-01-06 13:29:56,541 [pool-160-thread-1] INFO  server.RaftServerConfigKeys (ConfUtils.java:logGet(44)) - raft.server.snapshot.retention.file.num = 5 (custom)
2022-01-06 13:29:56,541 [pool-160-thread-1] INFO  server.RaftServerConfigKeys (ConfUtils.java:logGet(44)) - raft.server.log.purge.upto.snapshot.index = false (default)
2022-01-06 13:29:56,541 [pool-160-thread-1] INFO  server.RaftServerConfigKeys (ConfUtils.java:logGet(44)) - raft.server.retrycache.expirytime = 600000ms (custom)
2022-01-06 13:29:56,541 [pool-160-thread-1] INFO  server.RaftServerConfigKeys (ConfUtils.java:logGet(44)) - raft.server.retrycache.statistics.expirytime = 100μs (default)
2022-01-06 13:29:56,542 [pool-160-thread-1] INFO  server.RaftServer$Division (RaftServerImpl.java:start(301)) - 832710ff-70fd-4195-974e-450d8fd5944e@group-F1D01D8A5C73: start as a follower, conf=-1: [f94be414-d4cd-4929-99d0-8f9eafd02643|rpc:10.1.0.50:45415|dataStream:|priority:1, a3271a13-46d8-4b51-acff-5e832eb04f76|rpc:10.1.0.50:39137|dataStream:|priority:0, 832710ff-70fd-4195-974e-450d8fd5944e|rpc:10.1.0.50:39399|dataStream:|priority:0], old=null
2022-01-06 13:29:56,542 [pool-160-thread-1] INFO  server.RaftServer$Division (RaftServerImpl.java:setRole(290)) - 832710ff-70fd-4195-974e-450d8fd5944e@group-F1D01D8A5C73: changes role from      null to FOLLOWER at term 0 for startAsFollower
2022-01-06 13:29:56,542 [pool-160-thread-1] INFO  impl.RoleInfo (RoleInfo.java:updateAndGet(130)) - 832710ff-70fd-4195-974e-450d8fd5944e: start 832710ff-70fd-4195-974e-450d8fd5944e@group-F1D01D8A5C73-FollowerState
2022-01-06 13:29:56,543 [pool-160-thread-1] INFO  util.JmxRegister (JmxRegister.java:tryRegister(44)) - Successfully registered JMX Bean with object name Ratis:service=RaftServer,group=group-F1D01D8A5C73,id=832710ff-70fd-4195-974e-450d8fd5944e
2022-01-06 13:29:56,560 [grpc-default-executor-0] INFO  server.RaftServer (RaftServerProxy.java:addNew(95)) - a3271a13-46d8-4b51-acff-5e832eb04f76: addNew group-F1D01D8A5C73:[f94be414-d4cd-4929-99d0-8f9eafd02643|rpc:10.1.0.50:45415|dataStream:|priority:1, a3271a13-46d8-4b51-acff-5e832eb04f76|rpc:10.1.0.50:39137|dataStream:|priority:0, 832710ff-70fd-4195-974e-450d8fd5944e|rpc:10.1.0.50:39399|dataStream:|priority:0] returns group-F1D01D8A5C73:java.util.concurrent.CompletableFuture@2253302f[Not completed]
2022-01-06 13:29:56,563 [pool-139-thread-1] INFO  server.RaftServer$Division (RaftServerImpl.java:<init>(184)) - a3271a13-46d8-4b51-acff-5e832eb04f76: new RaftServerImpl for group-F1D01D8A5C73:[f94be414-d4cd-4929-99d0-8f9eafd02643|rpc:10.1.0.50:45415|dataStream:|priority:1, a3271a13-46d8-4b51-acff-5e832eb04f76|rpc:10.1.0.50:39137|dataStream:|priority:0, 832710ff-70fd-4195-974e-450d8fd5944e|rpc:10.1.0.50:39399|dataStream:|priority:0] with ContainerStateMachine:uninitialized
2022-01-06 13:29:56,563 [pool-139-thread-1] INFO  server.RaftServerConfigKeys (ConfUtils.java:logGet(44)) - raft.server.rpc.timeout.min = 5s (custom)
2022-01-06 13:29:56,563 [pool-139-thread-1] INFO  server.RaftServerConfigKeys (ConfUtils.java:logGet(44)) - raft.server.rpc.timeout.max = 5200ms (custom)
2022-01-06 13:29:56,563 [pool-139-thread-1] INFO  server.RaftServerConfigKeys (ConfUtils.java:logGet(44)) - raft.server.rpc.sleep.time = 25ms (default)
2022-01-06 13:29:56,563 [pool-139-thread-1] INFO  server.RaftServerConfigKeys (ConfUtils.java:logGet(44)) - raft.server.rpc.slowness.timeout = 300000ms (custom)
2022-01-06 13:29:56,563 [pool-139-thread-1] INFO  server.RaftServerConfigKeys (ConfUtils.java:logGet(44)) - raft.server.leaderelection.leader.step-down.wait-time = 10s (default)
2022-01-06 13:29:56,563 [pool-139-thread-1] INFO  server.RaftServerConfigKeys (ConfUtils.java:logGet(44)) - raft.server.sleep.deviation.threshold = 300ms (default)
2022-01-06 13:29:56,563 [pool-139-thread-1] INFO  server.RaftServerConfigKeys (ConfUtils.java:logGet(44)) - raft.server.log.appender.install.snapshot.enabled = false (custom)
2022-01-06 13:29:56,563 [pool-139-thread-1] INFO  server.RaftServer$Division (ServerState.java:<init>(105)) - a3271a13-46d8-4b51-acff-5e832eb04f76@group-F1D01D8A5C73: ConfigurationManager, init=-1: [f94be414-d4cd-4929-99d0-8f9eafd02643|rpc:10.1.0.50:45415|dataStream:|priority:1, a3271a13-46d8-4b51-acff-5e832eb04f76|rpc:10.1.0.50:39137|dataStream:|priority:0, 832710ff-70fd-4195-974e-450d8fd5944e|rpc:10.1.0.50:39399|dataStream:|priority:0], old=null, confs=<EMPTY_MAP>
2022-01-06 13:29:56,563 [pool-139-thread-1] INFO  server.RaftServerConfigKeys (ConfUtils.java:logGet(44)) - raft.server.storage.dir = [/home/runner/work/ozone/ozone/hadoop-ozone/integration-test/target/test-dir/MiniOzoneClusterImpl-1040910a-51cd-4ce1-8f2d-abd84b974e59/datanode-4/data/ratis] (custom)
2022-01-06 13:29:56,563 [pool-139-thread-1] INFO  server.RaftServerConfigKeys (ConfUtils.java:logGet(44)) - raft.server.log.corruption.policy = EXCEPTION (default)
2022-01-06 13:29:56,563 [pool-139-thread-1] INFO  server.RaftServerConfigKeys (ConfUtils.java:logGet(44)) - raft.server.storage.free-space.min = 0MB (=0) (default)
2022-01-06 13:29:56,564 [pool-139-thread-1] INFO  storage.RaftStorageDirectory (RaftStorageDirectoryImpl.java:analyzeStorage(135)) - The storage directory /home/runner/work/ozone/ozone/hadoop-ozone/integration-test/target/test-dir/MiniOzoneClusterImpl-1040910a-51cd-4ce1-8f2d-abd84b974e59/datanode-4/data/ratis/11925957-c949-41db-84e3-f1d01d8a5c73 does not exist. Creating ...
2022-01-06 13:29:56,564 [pool-139-thread-1] INFO  storage.RaftStorageDirectory (RaftStorageDirectoryImpl.java:tryLock(230)) - Lock on /home/runner/work/ozone/ozone/hadoop-ozone/integration-test/target/test-dir/MiniOzoneClusterImpl-1040910a-51cd-4ce1-8f2d-abd84b974e59/datanode-4/data/ratis/11925957-c949-41db-84e3-f1d01d8a5c73/in_use.lock acquired by nodename 24655@fv-az59-280
2022-01-06 13:29:56,565 [pool-139-thread-1] INFO  storage.RaftStorage (RaftStorageImpl.java:format(89)) - Storage directory /home/runner/work/ozone/ozone/hadoop-ozone/integration-test/target/test-dir/MiniOzoneClusterImpl-1040910a-51cd-4ce1-8f2d-abd84b974e59/datanode-4/data/ratis/11925957-c949-41db-84e3-f1d01d8a5c73 has been successfully formatted.
2022-01-06 13:29:56,566 [pool-139-thread-1] INFO  ratis.ContainerStateMachine (ContainerStateMachine.java:loadSnapshot(231)) - group-F1D01D8A5C73: The snapshot info is null. Setting the last applied indexto:(t:0, i:~)
2022-01-06 13:29:56,569 [pool-139-thread-1] INFO  server.RaftServerConfigKeys (ConfUtils.java:logGet(44)) - raft.server.notification.no-leader.timeout = 300000ms (custom)
2022-01-06 13:29:56,569 [pool-139-thread-1] INFO  server.RaftServerConfigKeys (ConfUtils.java:logGet(44)) - raft.server.log.use.memory = false (default)
2022-01-06 13:29:56,569 [pool-139-thread-1] INFO  server.RaftServerConfigKeys (ConfUtils.java:logGet(44)) - raft.server.log.purge.gap = 1000000 (custom)
2022-01-06 13:29:56,569 [pool-139-thread-1] INFO  server.RaftServerConfigKeys (ConfUtils.java:logGet(44)) - raft.server.log.appender.buffer.byte-limit = 33554432 (custom)
2022-01-06 13:29:56,569 [pool-139-thread-1] INFO  server.RaftServerConfigKeys (ConfUtils.java:logGet(44)) - raft.server.log.segment.size.max = 1048576 (custom)
2022-01-06 13:29:56,570 [pool-139-thread-1] INFO  server.RaftServerConfigKeys (ConfUtils.java:logGet(44)) - raft.server.log.segment.cache.num.max = 2 (custom)
2022-01-06 13:29:56,570 [pool-139-thread-1] INFO  server.RaftServerConfigKeys (ConfUtils.java:logGet(44)) - raft.server.log.segment.cache.size.max = 200MB (=209715200) (default)
2022-01-06 13:29:56,570 [pool-139-thread-1] INFO  segmented.SegmentedRaftLogWorker (SegmentedRaftLogWorker.java:<init>(182)) - new a3271a13-46d8-4b51-acff-5e832eb04f76@group-F1D01D8A5C73-SegmentedRaftLogWorker for RaftStorageImpl:Storage Directory /home/runner/work/ozone/ozone/hadoop-ozone/integration-test/target/test-dir/MiniOzoneClusterImpl-1040910a-51cd-4ce1-8f2d-abd84b974e59/datanode-4/data/ratis/11925957-c949-41db-84e3-f1d01d8a5c73
2022-01-06 13:29:56,570 [pool-139-thread-1] INFO  server.RaftServerConfigKeys (ConfUtils.java:logGet(44)) - raft.server.log.queue.byte-limit = 2147483647 (custom)
2022-01-06 13:29:56,570 [pool-139-thread-1] INFO  server.RaftServerConfigKeys (ConfUtils.java:logGet(44)) - raft.server.log.queue.element-limit = 1024 (custom)
2022-01-06 13:29:56,570 [pool-139-thread-1] INFO  server.RaftServerConfigKeys (ConfUtils.java:logGet(44)) - raft.server.log.segment.size.max = 1048576 (custom)
2022-01-06 13:29:56,570 [pool-139-thread-1] INFO  server.RaftServerConfigKeys (ConfUtils.java:logGet(44)) - raft.server.log.preallocated.size = 16384 (custom)
2022-01-06 13:29:56,570 [pool-139-thread-1] INFO  server.RaftServerConfigKeys (ConfUtils.java:logGet(44)) - raft.server.log.force.sync.num = 128 (default)
2022-01-06 13:29:56,570 [pool-139-thread-1] INFO  server.RaftServerConfigKeys (ConfUtils.java:logGet(44)) - raft.server.log.statemachine.data.sync = true (default)
2022-01-06 13:29:56,570 [pool-139-thread-1] INFO  server.RaftServerConfigKeys (ConfUtils.java:logGet(44)) - raft.server.log.statemachine.data.sync.timeout = 10s (default)
2022-01-06 13:29:56,571 [pool-139-thread-1] INFO  server.RaftServerConfigKeys (ConfUtils.java:logGet(44)) - raft.server.log.statemachine.data.sync.timeout.retry = -1 (default)
2022-01-06 13:29:56,571 [pool-139-thread-1] INFO  server.RaftServerConfigKeys (ConfUtils.java:logGet(44)) - raft.server.log.write.buffer.size = 1048576 (custom)
2022-01-06 13:29:56,572 [pool-139-thread-1] INFO  server.RaftServerConfigKeys (ConfUtils.java:logGet(44)) - raft.server.log.statemachine.data.caching.enabled = true (custom)
2022-01-06 13:29:56,572 [pool-139-thread-1] INFO  segmented.SegmentedRaftLogWorker (SegmentedRaftLogWorker.java:lambda$new$0(133)) - a3271a13-46d8-4b51-acff-5e832eb04f76@group-F1D01D8A5C73-SegmentedRaftLogWorker: flushIndex: setUnconditionally 0 -> -1
2022-01-06 13:29:56,572 [pool-139-thread-1] INFO  segmented.SegmentedRaftLogWorker (SegmentedRaftLogWorker.java:lambda$new$0(133)) - a3271a13-46d8-4b51-acff-5e832eb04f76@group-F1D01D8A5C73-SegmentedRaftLogWorker: safeCacheEvictIndex: setUnconditionally 0 -> -1
2022-01-06 13:29:56,573 [pool-139-thread-1] INFO  server.RaftServerConfigKeys (ConfUtils.java:logGet(44)) - raft.server.snapshot.auto.trigger.enabled = true (custom)
2022-01-06 13:29:56,573 [pool-139-thread-1] INFO  server.RaftServerConfigKeys (ConfUtils.java:logGet(44)) - raft.server.snapshot.auto.trigger.threshold = 10000 (custom)
2022-01-06 13:29:56,573 [pool-139-thread-1] INFO  server.RaftServerConfigKeys (ConfUtils.java:logGet(44)) - raft.server.snapshot.retention.file.num = 5 (custom)
2022-01-06 13:29:56,573 [pool-139-thread-1] INFO  server.RaftServerConfigKeys (ConfUtils.java:logGet(44)) - raft.server.log.purge.upto.snapshot.index = false (default)
2022-01-06 13:29:56,573 [pool-139-thread-1] INFO  server.RaftServerConfigKeys (ConfUtils.java:logGet(44)) - raft.server.retrycache.expirytime = 600000ms (custom)
2022-01-06 13:29:56,573 [pool-139-thread-1] INFO  server.RaftServerConfigKeys (ConfUtils.java:logGet(44)) - raft.server.retrycache.statistics.expirytime = 100μs (default)
2022-01-06 13:29:56,574 [pool-139-thread-1] INFO  server.RaftServer$Division (RaftServerImpl.java:start(301)) - a3271a13-46d8-4b51-acff-5e832eb04f76@group-F1D01D8A5C73: start as a follower, conf=-1: [f94be414-d4cd-4929-99d0-8f9eafd02643|rpc:10.1.0.50:45415|dataStream:|priority:1, a3271a13-46d8-4b51-acff-5e832eb04f76|rpc:10.1.0.50:39137|dataStream:|priority:0, 832710ff-70fd-4195-974e-450d8fd5944e|rpc:10.1.0.50:39399|dataStream:|priority:0], old=null
2022-01-06 13:29:56,574 [pool-139-thread-1] INFO  server.RaftServer$Division (RaftServerImpl.java:setRole(290)) - a3271a13-46d8-4b51-acff-5e832eb04f76@group-F1D01D8A5C73: changes role from      null to FOLLOWER at term 0 for startAsFollower
2022-01-06 13:29:56,574 [pool-139-thread-1] INFO  impl.RoleInfo (RoleInfo.java:updateAndGet(130)) - a3271a13-46d8-4b51-acff-5e832eb04f76: start a3271a13-46d8-4b51-acff-5e832eb04f76@group-F1D01D8A5C73-FollowerState
2022-01-06 13:29:56,574 [pool-139-thread-1] INFO  util.JmxRegister (JmxRegister.java:tryRegister(44)) - Successfully registered JMX Bean with object name Ratis:service=RaftServer,group=group-F1D01D8A5C73,id=a3271a13-46d8-4b51-acff-5e832eb04f76
2022-01-06 13:29:56,580 [Command processor thread] INFO  commandhandler.CreatePipelineCommandHandler (CreatePipelineCommandHandler.java:handle(106)) - Created Pipeline RATIS THREE PipelineID=11925957-c949-41db-84e3-f1d01d8a5c73.
2022-01-06 13:29:56,679 [Command processor thread] INFO  server.RaftServer (RaftServerProxy.java:addNew(95)) - a3271a13-46d8-4b51-acff-5e832eb04f76: addNew group-D578E6914626:[a3271a13-46d8-4b51-acff-5e832eb04f76|rpc:10.1.0.50:39137|priority:1] returns group-D578E6914626:java.util.concurrent.CompletableFuture@f616250[Not completed]
2022-01-06 13:29:56,680 [pool-139-thread-1] INFO  server.RaftServer$Division (RaftServerImpl.java:<init>(184)) - a3271a13-46d8-4b51-acff-5e832eb04f76: new RaftServerImpl for group-D578E6914626:[a3271a13-46d8-4b51-acff-5e832eb04f76|rpc:10.1.0.50:39137|priority:1] with ContainerStateMachine:uninitialized
2022-01-06 13:29:56,680 [pool-139-thread-1] INFO  server.RaftServerConfigKeys (ConfUtils.java:logGet(44)) - raft.server.rpc.timeout.min = 5s (custom)
2022-01-06 13:29:56,680 [pool-139-thread-1] INFO  server.RaftServerConfigKeys (ConfUtils.java:logGet(44)) - raft.server.rpc.timeout.max = 5200ms (custom)
2022-01-06 13:29:56,680 [pool-139-thread-1] INFO  server.RaftServerConfigKeys (ConfUtils.java:logGet(44)) - raft.server.rpc.sleep.time = 25ms (default)
2022-01-06 13:29:56,680 [pool-139-thread-1] INFO  server.RaftServerConfigKeys (ConfUtils.java:logGet(44)) - raft.server.rpc.slowness.timeout = 300000ms (custom)
2022-01-06 13:29:56,680 [pool-139-thread-1] INFO  server.RaftServerConfigKeys (ConfUtils.java:logGet(44)) - raft.server.leaderelection.leader.step-down.wait-time = 10s (default)
2022-01-06 13:29:56,680 [pool-139-thread-1] INFO  server.RaftServerConfigKeys (ConfUtils.java:logGet(44)) - raft.server.sleep.deviation.threshold = 300ms (default)
2022-01-06 13:29:56,680 [pool-139-thread-1] INFO  server.RaftServerConfigKeys (ConfUtils.java:logGet(44)) - raft.server.log.appender.install.snapshot.enabled = false (custom)
2022-01-06 13:29:56,680 [pool-139-thread-1] INFO  server.RaftServer$Division (ServerState.java:<init>(105)) - a3271a13-46d8-4b51-acff-5e832eb04f76@group-D578E6914626: ConfigurationManager, init=-1: [a3271a13-46d8-4b51-acff-5e832eb04f76|rpc:10.1.0.50:39137|priority:1], old=null, confs=<EMPTY_MAP>
2022-01-06 13:29:56,680 [pool-139-thread-1] INFO  server.RaftServerConfigKeys (ConfUtils.java:logGet(44)) - raft.server.storage.dir = [/home/runner/work/ozone/ozone/hadoop-ozone/integration-test/target/test-dir/MiniOzoneClusterImpl-1040910a-51cd-4ce1-8f2d-abd84b974e59/datanode-4/data/ratis] (custom)
2022-01-06 13:29:56,680 [pool-139-thread-1] INFO  server.RaftServerConfigKeys (ConfUtils.java:logGet(44)) - raft.server.log.corruption.policy = EXCEPTION (default)
2022-01-06 13:29:56,680 [pool-139-thread-1] INFO  server.RaftServerConfigKeys (ConfUtils.java:logGet(44)) - raft.server.storage.free-space.min = 0MB (=0) (default)
2022-01-06 13:29:56,681 [pool-139-thread-1] INFO  storage.RaftStorageDirectory (RaftStorageDirectoryImpl.java:analyzeStorage(135)) - The storage directory /home/runner/work/ozone/ozone/hadoop-ozone/integration-test/target/test-dir/MiniOzoneClusterImpl-1040910a-51cd-4ce1-8f2d-abd84b974e59/datanode-4/data/ratis/ed24ecc4-60a8-4ca4-b88c-d578e6914626 does not exist. Creating ...
2022-01-06 13:29:56,682 [pool-139-thread-1] INFO  storage.RaftStorageDirectory (RaftStorageDirectoryImpl.java:tryLock(230)) - Lock on /home/runner/work/ozone/ozone/hadoop-ozone/integration-test/target/test-dir/MiniOzoneClusterImpl-1040910a-51cd-4ce1-8f2d-abd84b974e59/datanode-4/data/ratis/ed24ecc4-60a8-4ca4-b88c-d578e6914626/in_use.lock acquired by nodename 24655@fv-az59-280
2022-01-06 13:29:56,682 [pool-139-thread-1] INFO  storage.RaftStorage (RaftStorageImpl.java:format(89)) - Storage directory /home/runner/work/ozone/ozone/hadoop-ozone/integration-test/target/test-dir/MiniOzoneClusterImpl-1040910a-51cd-4ce1-8f2d-abd84b974e59/datanode-4/data/ratis/ed24ecc4-60a8-4ca4-b88c-d578e6914626 has been successfully formatted.
2022-01-06 13:29:56,683 [pool-139-thread-1] INFO  ratis.ContainerStateMachine (ContainerStateMachine.java:loadSnapshot(231)) - group-D578E6914626: The snapshot info is null. Setting the last applied indexto:(t:0, i:~)
2022-01-06 13:29:56,684 [pool-139-thread-1] INFO  server.RaftServerConfigKeys (ConfUtils.java:logGet(44)) - raft.server.notification.no-leader.timeout = 300000ms (custom)
2022-01-06 13:29:56,684 [pool-139-thread-1] INFO  server.RaftServerConfigKeys (ConfUtils.java:logGet(44)) - raft.server.log.use.memory = false (default)
2022-01-06 13:29:56,684 [pool-139-thread-1] INFO  server.RaftServerConfigKeys (ConfUtils.java:logGet(44)) - raft.server.log.purge.gap = 1000000 (custom)
2022-01-06 13:29:56,684 [pool-139-thread-1] INFO  server.RaftServerConfigKeys (ConfUtils.java:logGet(44)) - raft.server.log.appender.buffer.byte-limit = 33554432 (custom)
2022-01-06 13:29:56,684 [pool-139-thread-1] INFO  server.RaftServerConfigKeys (ConfUtils.java:logGet(44)) - raft.server.log.segment.size.max = 1048576 (custom)
2022-01-06 13:29:56,685 [pool-139-thread-1] INFO  server.RaftServerConfigKeys (ConfUtils.java:logGet(44)) - raft.server.log.segment.cache.num.max = 2 (custom)
2022-01-06 13:29:56,685 [pool-139-thread-1] INFO  server.RaftServerConfigKeys (ConfUtils.java:logGet(44)) - raft.server.log.segment.cache.size.max = 200MB (=209715200) (default)
2022-01-06 13:29:56,685 [pool-139-thread-1] INFO  segmented.SegmentedRaftLogWorker (SegmentedRaftLogWorker.java:<init>(182)) - new a3271a13-46d8-4b51-acff-5e832eb04f76@group-D578E6914626-SegmentedRaftLogWorker for RaftStorageImpl:Storage Directory /home/runner/work/ozone/ozone/hadoop-ozone/integration-test/target/test-dir/MiniOzoneClusterImpl-1040910a-51cd-4ce1-8f2d-abd84b974e59/datanode-4/data/ratis/ed24ecc4-60a8-4ca4-b88c-d578e6914626
2022-01-06 13:29:56,685 [pool-139-thread-1] INFO  server.RaftServerConfigKeys (ConfUtils.java:logGet(44)) - raft.server.log.queue.byte-limit = 2147483647 (custom)
2022-01-06 13:29:56,685 [pool-139-thread-1] INFO  server.RaftServerConfigKeys (ConfUtils.java:logGet(44)) - raft.server.log.queue.element-limit = 1024 (custom)
2022-01-06 13:29:56,685 [pool-139-thread-1] INFO  server.RaftServerConfigKeys (ConfUtils.java:logGet(44)) - raft.server.log.segment.size.max = 1048576 (custom)
2022-01-06 13:29:56,685 [pool-139-thread-1] INFO  server.RaftServerConfigKeys (ConfUtils.java:logGet(44)) - raft.server.log.preallocated.size = 16384 (custom)
2022-01-06 13:29:56,685 [pool-139-thread-1] INFO  server.RaftServerConfigKeys (ConfUtils.java:logGet(44)) - raft.server.log.force.sync.num = 128 (default)
2022-01-06 13:29:56,686 [EventQueue-PipelineReportForPipelineReportHandler] INFO  pipeline.PipelineManagerImpl (PipelineManagerImpl.java:openPipeline(291)) - Pipeline Pipeline[ Id: ed24ecc4-60a8-4ca4-b88c-d578e6914626, Nodes: a3271a13-46d8-4b51-acff-5e832eb04f76{ip: 10.1.0.50, host: fv-az59-280.csjynl4pkq3e1pkirw3ssqjfoh.cx.internal.cloudapp.net, ports: [REPLICATION=46849, RATIS=39137, RATIS_ADMIN=39137, RATIS_SERVER=39137, STANDALONE=45697], networkLocation: /default-rack, certSerialId: null, persistedOpState: IN_SERVICE, persistedOpStateExpiryEpochSec: 0}, ReplicationConfig: RATIS/ONE, State:ALLOCATED, leaderId:a3271a13-46d8-4b51-acff-5e832eb04f76, CreationTimestamp2022-01-06T13:29:53.688Z[Etc/UTC]] moved to OPEN state
2022-01-06 13:29:56,686 [EventQueue-OpenPipelineForHealthyPipelineSafeModeRule] INFO  safemode.SCMSafeModeManager (HealthyPipelineSafeModeRule.java:process(124)) - SCM in safe mode. Healthy pipelines reported count is 0, required healthy pipeline reported count is 1
2022-01-06 13:29:56,687 [pool-139-thread-1] INFO  server.RaftServerConfigKeys (ConfUtils.java:logGet(44)) - raft.server.log.statemachine.data.sync = true (default)
2022-01-06 13:29:56,688 [pool-139-thread-1] INFO  server.RaftServerConfigKeys (ConfUtils.java:logGet(44)) - raft.server.log.statemachine.data.sync.timeout = 10s (default)
2022-01-06 13:29:56,688 [pool-139-thread-1] INFO  server.RaftServerConfigKeys (ConfUtils.java:logGet(44)) - raft.server.log.statemachine.data.sync.timeout.retry = -1 (default)
2022-01-06 13:29:56,689 [pool-139-thread-1] INFO  server.RaftServerConfigKeys (ConfUtils.java:logGet(44)) - raft.server.log.write.buffer.size = 1048576 (custom)
2022-01-06 13:29:56,690 [pool-139-thread-1] INFO  server.RaftServerConfigKeys (ConfUtils.java:logGet(44)) - raft.server.log.statemachine.data.caching.enabled = true (custom)
2022-01-06 13:29:56,690 [pool-139-thread-1] INFO  segmented.SegmentedRaftLogWorker (SegmentedRaftLogWorker.java:lambda$new$0(133)) - a3271a13-46d8-4b51-acff-5e832eb04f76@group-D578E6914626-SegmentedRaftLogWorker: flushIndex: setUnconditionally 0 -> -1
2022-01-06 13:29:56,690 [pool-139-thread-1] INFO  segmented.SegmentedRaftLogWorker (SegmentedRaftLogWorker.java:lambda$new$0(133)) - a3271a13-46d8-4b51-acff-5e832eb04f76@group-D578E6914626-SegmentedRaftLogWorker: safeCacheEvictIndex: setUnconditionally 0 -> -1
2022-01-06 13:29:56,690 [pool-139-thread-1] INFO  server.RaftServerConfigKeys (ConfUtils.java:logGet(44)) - raft.server.snapshot.auto.trigger.enabled = true (custom)
2022-01-06 13:29:56,690 [pool-139-thread-1] INFO  server.RaftServerConfigKeys (ConfUtils.java:logGet(44)) - raft.server.snapshot.auto.trigger.threshold = 10000 (custom)
2022-01-06 13:29:56,690 [pool-139-thread-1] INFO  server.RaftServerConfigKeys (ConfUtils.java:logGet(44)) - raft.server.snapshot.retention.file.num = 5 (custom)
2022-01-06 13:29:56,690 [pool-139-thread-1] INFO  server.RaftServerConfigKeys (ConfUtils.java:logGet(44)) - raft.server.log.purge.upto.snapshot.index = false (default)
2022-01-06 13:29:56,690 [pool-139-thread-1] INFO  server.RaftServerConfigKeys (ConfUtils.java:logGet(44)) - raft.server.retrycache.expirytime = 600000ms (custom)
2022-01-06 13:29:56,690 [pool-139-thread-1] INFO  server.RaftServerConfigKeys (ConfUtils.java:logGet(44)) - raft.server.retrycache.statistics.expirytime = 100μs (default)
2022-01-06 13:29:56,692 [pool-139-thread-1] INFO  server.RaftServer$Division (RaftServerImpl.java:start(301)) - a3271a13-46d8-4b51-acff-5e832eb04f76@group-D578E6914626: start as a follower, conf=-1: [a3271a13-46d8-4b51-acff-5e832eb04f76|rpc:10.1.0.50:39137|priority:1], old=null
2022-01-06 13:29:56,692 [pool-139-thread-1] INFO  server.RaftServer$Division (RaftServerImpl.java:setRole(290)) - a3271a13-46d8-4b51-acff-5e832eb04f76@group-D578E6914626: changes role from      null to FOLLOWER at term 0 for startAsFollower
2022-01-06 13:29:56,692 [pool-139-thread-1] INFO  impl.RoleInfo (RoleInfo.java:updateAndGet(130)) - a3271a13-46d8-4b51-acff-5e832eb04f76: start a3271a13-46d8-4b51-acff-5e832eb04f76@group-D578E6914626-FollowerState
2022-01-06 13:29:56,692 [pool-139-thread-1] INFO  util.JmxRegister (JmxRegister.java:tryRegister(44)) - Successfully registered JMX Bean with object name Ratis:service=RaftServer,group=group-D578E6914626,id=a3271a13-46d8-4b51-acff-5e832eb04f76
2022-01-06 13:29:56,693 [Command processor thread] INFO  ratis.XceiverServerRatis (XceiverServerRatis.java:addGroup(768)) - Created group PipelineID=ed24ecc4-60a8-4ca4-b88c-d578e6914626
2022-01-06 13:29:56,693 [Command processor thread] INFO  commandhandler.CreatePipelineCommandHandler (CreatePipelineCommandHandler.java:handle(106)) - Created Pipeline RATIS ONE PipelineID=ed24ecc4-60a8-4ca4-b88c-d578e6914626.
2022-01-06 13:29:56,870 [Command processor thread] INFO  server.RaftServer (RaftServerProxy.java:addNew(95)) - 832710ff-70fd-4195-974e-450d8fd5944e: addNew group-F93097442047:[832710ff-70fd-4195-974e-450d8fd5944e|rpc:10.1.0.50:39399|priority:1] returns group-F93097442047:java.util.concurrent.CompletableFuture@35cd81f5[Not completed]
2022-01-06 13:29:56,871 [pool-160-thread-1] INFO  server.RaftServer$Division (RaftServerImpl.java:<init>(184)) - 832710ff-70fd-4195-974e-450d8fd5944e: new RaftServerImpl for group-F93097442047:[832710ff-70fd-4195-974e-450d8fd5944e|rpc:10.1.0.50:39399|priority:1] with ContainerStateMachine:uninitialized
2022-01-06 13:29:56,871 [pool-160-thread-1] INFO  server.RaftServerConfigKeys (ConfUtils.java:logGet(44)) - raft.server.rpc.timeout.min = 5s (custom)
2022-01-06 13:29:56,871 [pool-160-thread-1] INFO  server.RaftServerConfigKeys (ConfUtils.java:logGet(44)) - raft.server.rpc.timeout.max = 5200ms (custom)
2022-01-06 13:29:56,871 [pool-160-thread-1] INFO  server.RaftServerConfigKeys (ConfUtils.java:logGet(44)) - raft.server.rpc.sleep.time = 25ms (default)
2022-01-06 13:29:56,871 [pool-160-thread-1] INFO  server.RaftServerConfigKeys (ConfUtils.java:logGet(44)) - raft.server.rpc.slowness.timeout = 300000ms (custom)
2022-01-06 13:29:56,871 [pool-160-thread-1] INFO  server.RaftServerConfigKeys (ConfUtils.java:logGet(44)) - raft.server.leaderelection.leader.step-down.wait-time = 10s (default)
2022-01-06 13:29:56,871 [pool-160-thread-1] INFO  server.RaftServerConfigKeys (ConfUtils.java:logGet(44)) - raft.server.sleep.deviation.threshold = 300ms (default)
2022-01-06 13:29:56,871 [pool-160-thread-1] INFO  server.RaftServerConfigKeys (ConfUtils.java:logGet(44)) - raft.server.log.appender.install.snapshot.enabled = false (custom)
2022-01-06 13:29:56,871 [pool-160-thread-1] INFO  server.RaftServer$Division (ServerState.java:<init>(105)) - 832710ff-70fd-4195-974e-450d8fd5944e@group-F93097442047: ConfigurationManager, init=-1: [832710ff-70fd-4195-974e-450d8fd5944e|rpc:10.1.0.50:39399|priority:1], old=null, confs=<EMPTY_MAP>
2022-01-06 13:29:56,872 [pool-160-thread-1] INFO  server.RaftServerConfigKeys (ConfUtils.java:logGet(44)) - raft.server.storage.dir = [/home/runner/work/ozone/ozone/hadoop-ozone/integration-test/target/test-dir/MiniOzoneClusterImpl-1040910a-51cd-4ce1-8f2d-abd84b974e59/datanode-5/data/ratis] (custom)
2022-01-06 13:29:56,872 [pool-160-thread-1] INFO  server.RaftServerConfigKeys (ConfUtils.java:logGet(44)) - raft.server.log.corruption.policy = EXCEPTION (default)
2022-01-06 13:29:56,872 [pool-160-thread-1] INFO  server.RaftServerConfigKeys (ConfUtils.java:logGet(44)) - raft.server.storage.free-space.min = 0MB (=0) (default)
2022-01-06 13:29:56,872 [pool-160-thread-1] INFO  storage.RaftStorageDirectory (RaftStorageDirectoryImpl.java:analyzeStorage(135)) - The storage directory /home/runner/work/ozone/ozone/hadoop-ozone/integration-test/target/test-dir/MiniOzoneClusterImpl-1040910a-51cd-4ce1-8f2d-abd84b974e59/datanode-5/data/ratis/14430a4b-7558-4436-80de-f93097442047 does not exist. Creating ...
2022-01-06 13:29:56,874 [pool-160-thread-1] INFO  storage.RaftStorageDirectory (RaftStorageDirectoryImpl.java:tryLock(230)) - Lock on /home/runner/work/ozone/ozone/hadoop-ozone/integration-test/target/test-dir/MiniOzoneClusterImpl-1040910a-51cd-4ce1-8f2d-abd84b974e59/datanode-5/data/ratis/14430a4b-7558-4436-80de-f93097442047/in_use.lock acquired by nodename 24655@fv-az59-280
2022-01-06 13:29:56,875 [pool-160-thread-1] INFO  storage.RaftStorage (RaftStorageImpl.java:format(89)) - Storage directory /home/runner/work/ozone/ozone/hadoop-ozone/integration-test/target/test-dir/MiniOzoneClusterImpl-1040910a-51cd-4ce1-8f2d-abd84b974e59/datanode-5/data/ratis/14430a4b-7558-4436-80de-f93097442047 has been successfully formatted.
2022-01-06 13:29:56,875 [pool-160-thread-1] INFO  ratis.ContainerStateMachine (ContainerStateMachine.java:loadSnapshot(231)) - group-F93097442047: The snapshot info is null. Setting the last applied indexto:(t:0, i:~)
2022-01-06 13:29:56,875 [pool-160-thread-1] INFO  server.RaftServerConfigKeys (ConfUtils.java:logGet(44)) - raft.server.notification.no-leader.timeout = 300000ms (custom)
2022-01-06 13:29:56,875 [pool-160-thread-1] INFO  server.RaftServerConfigKeys (ConfUtils.java:logGet(44)) - raft.server.log.use.memory = false (default)
2022-01-06 13:29:56,876 [pool-160-thread-1] INFO  server.RaftServerConfigKeys (ConfUtils.java:logGet(44)) - raft.server.log.purge.gap = 1000000 (custom)
2022-01-06 13:29:56,876 [pool-160-thread-1] INFO  server.RaftServerConfigKeys (ConfUtils.java:logGet(44)) - raft.server.log.appender.buffer.byte-limit = 33554432 (custom)
2022-01-06 13:29:56,876 [pool-160-thread-1] INFO  server.RaftServerConfigKeys (ConfUtils.java:logGet(44)) - raft.server.log.segment.size.max = 1048576 (custom)
2022-01-06 13:29:56,876 [pool-160-thread-1] INFO  server.RaftServerConfigKeys (ConfUtils.java:logGet(44)) - raft.server.log.segment.cache.num.max = 2 (custom)
2022-01-06 13:29:56,877 [EventQueue-PipelineReportForPipelineReportHandler] INFO  pipeline.PipelineManagerImpl (PipelineManagerImpl.java:openPipeline(291)) - Pipeline Pipeline[ Id: 14430a4b-7558-4436-80de-f93097442047, Nodes: 832710ff-70fd-4195-974e-450d8fd5944e{ip: 10.1.0.50, host: fv-az59-280.csjynl4pkq3e1pkirw3ssqjfoh.cx.internal.cloudapp.net, ports: [REPLICATION=35873, RATIS=39399, RATIS_ADMIN=39399, RATIS_SERVER=39399, STANDALONE=34621], networkLocation: /default-rack, certSerialId: null, persistedOpState: IN_SERVICE, persistedOpStateExpiryEpochSec: 0}, ReplicationConfig: RATIS/ONE, State:ALLOCATED, leaderId:832710ff-70fd-4195-974e-450d8fd5944e, CreationTimestamp2022-01-06T13:29:53.875Z[Etc/UTC]] moved to OPEN state
2022-01-06 13:29:56,877 [EventQueue-OpenPipelineForHealthyPipelineSafeModeRule] INFO  safemode.SCMSafeModeManager (HealthyPipelineSafeModeRule.java:process(124)) - SCM in safe mode. Healthy pipelines reported count is 0, required healthy pipeline reported count is 1
2022-01-06 13:29:56,877 [pool-160-thread-1] INFO  server.RaftServerConfigKeys (ConfUtils.java:logGet(44)) - raft.server.log.segment.cache.size.max = 200MB (=209715200) (default)
2022-01-06 13:29:56,878 [pool-160-thread-1] INFO  segmented.SegmentedRaftLogWorker (SegmentedRaftLogWorker.java:<init>(182)) - new 832710ff-70fd-4195-974e-450d8fd5944e@group-F93097442047-SegmentedRaftLogWorker for RaftStorageImpl:Storage Directory /home/runner/work/ozone/ozone/hadoop-ozone/integration-test/target/test-dir/MiniOzoneClusterImpl-1040910a-51cd-4ce1-8f2d-abd84b974e59/datanode-5/data/ratis/14430a4b-7558-4436-80de-f93097442047
2022-01-06 13:29:56,879 [pool-160-thread-1] INFO  server.RaftServerConfigKeys (ConfUtils.java:logGet(44)) - raft.server.log.queue.byte-limit = 2147483647 (custom)
2022-01-06 13:29:56,879 [pool-160-thread-1] INFO  server.RaftServerConfigKeys (ConfUtils.java:logGet(44)) - raft.server.log.queue.element-limit = 1024 (custom)
2022-01-06 13:29:56,879 [pool-160-thread-1] INFO  server.RaftServerConfigKeys (ConfUtils.java:logGet(44)) - raft.server.log.segment.size.max = 1048576 (custom)
2022-01-06 13:29:56,879 [pool-160-thread-1] INFO  server.RaftServerConfigKeys (ConfUtils.java:logGet(44)) - raft.server.log.preallocated.size = 16384 (custom)
2022-01-06 13:29:56,879 [pool-160-thread-1] INFO  server.RaftServerConfigKeys (ConfUtils.java:logGet(44)) - raft.server.log.force.sync.num = 128 (default)
2022-01-06 13:29:56,879 [pool-160-thread-1] INFO  server.RaftServerConfigKeys (ConfUtils.java:logGet(44)) - raft.server.log.statemachine.data.sync = true (default)
2022-01-06 13:29:56,879 [pool-160-thread-1] INFO  server.RaftServerConfigKeys (ConfUtils.java:logGet(44)) - raft.server.log.statemachine.data.sync.timeout = 10s (default)
2022-01-06 13:29:56,879 [pool-160-thread-1] INFO  server.RaftServerConfigKeys (ConfUtils.java:logGet(44)) - raft.server.log.statemachine.data.sync.timeout.retry = -1 (default)
2022-01-06 13:29:56,880 [pool-160-thread-1] INFO  server.RaftServerConfigKeys (ConfUtils.java:logGet(44)) - raft.server.log.write.buffer.size = 1048576 (custom)
2022-01-06 13:29:56,881 [pool-160-thread-1] INFO  server.RaftServerConfigKeys (ConfUtils.java:logGet(44)) - raft.server.log.statemachine.data.caching.enabled = true (custom)
2022-01-06 13:29:56,882 [pool-160-thread-1] INFO  segmented.SegmentedRaftLogWorker (SegmentedRaftLogWorker.java:lambda$new$0(133)) - 832710ff-70fd-4195-974e-450d8fd5944e@group-F93097442047-SegmentedRaftLogWorker: flushIndex: setUnconditionally 0 -> -1
2022-01-06 13:29:56,882 [pool-160-thread-1] INFO  segmented.SegmentedRaftLogWorker (SegmentedRaftLogWorker.java:lambda$new$0(133)) - 832710ff-70fd-4195-974e-450d8fd5944e@group-F93097442047-SegmentedRaftLogWorker: safeCacheEvictIndex: setUnconditionally 0 -> -1
2022-01-06 13:29:56,882 [pool-160-thread-1] INFO  server.RaftServerConfigKeys (ConfUtils.java:logGet(44)) - raft.server.snapshot.auto.trigger.enabled = true (custom)
2022-01-06 13:29:56,882 [pool-160-thread-1] INFO  server.RaftServerConfigKeys (ConfUtils.java:logGet(44)) - raft.server.snapshot.auto.trigger.threshold = 10000 (custom)
2022-01-06 13:29:56,882 [pool-160-thread-1] INFO  server.RaftServerConfigKeys (ConfUtils.java:logGet(44)) - raft.server.snapshot.retention.file.num = 5 (custom)
2022-01-06 13:29:56,882 [pool-160-thread-1] INFO  server.RaftServerConfigKeys (ConfUtils.java:logGet(44)) - raft.server.log.purge.upto.snapshot.index = false (default)
2022-01-06 13:29:56,882 [pool-160-thread-1] INFO  server.RaftServerConfigKeys (ConfUtils.java:logGet(44)) - raft.server.retrycache.expirytime = 600000ms (custom)
2022-01-06 13:29:56,883 [pool-160-thread-1] INFO  server.RaftServerConfigKeys (ConfUtils.java:logGet(44)) - raft.server.retrycache.statistics.expirytime = 100μs (default)
2022-01-06 13:29:56,884 [pool-160-thread-1] INFO  server.RaftServer$Division (RaftServerImpl.java:start(301)) - 832710ff-70fd-4195-974e-450d8fd5944e@group-F93097442047: start as a follower, conf=-1: [832710ff-70fd-4195-974e-450d8fd5944e|rpc:10.1.0.50:39399|priority:1], old=null
2022-01-06 13:29:56,884 [pool-160-thread-1] INFO  server.RaftServer$Division (RaftServerImpl.java:setRole(290)) - 832710ff-70fd-4195-974e-450d8fd5944e@group-F93097442047: changes role from      null to FOLLOWER at term 0 for startAsFollower
2022-01-06 13:29:56,884 [pool-160-thread-1] INFO  impl.RoleInfo (RoleInfo.java:updateAndGet(130)) - 832710ff-70fd-4195-974e-450d8fd5944e: start 832710ff-70fd-4195-974e-450d8fd5944e@group-F93097442047-FollowerState
2022-01-06 13:29:56,884 [pool-160-thread-1] INFO  util.JmxRegister (JmxRegister.java:tryRegister(44)) - Successfully registered JMX Bean with object name Ratis:service=RaftServer,group=group-F93097442047,id=832710ff-70fd-4195-974e-450d8fd5944e
2022-01-06 13:29:56,885 [Command processor thread] INFO  ratis.XceiverServerRatis (XceiverServerRatis.java:addGroup(768)) - Created group PipelineID=14430a4b-7558-4436-80de-f93097442047
2022-01-06 13:29:56,885 [Command processor thread] INFO  commandhandler.CreatePipelineCommandHandler (CreatePipelineCommandHandler.java:handle(106)) - Created Pipeline RATIS ONE PipelineID=14430a4b-7558-4436-80de-f93097442047.
2022-01-06 13:29:57,056 [Command processor thread] INFO  server.RaftServer (RaftServerProxy.java:addNew(95)) - 177ce3f2-416d-49f6-9e1f-da5fb9a9d371: addNew group-EA9518340237:[177ce3f2-416d-49f6-9e1f-da5fb9a9d371|rpc:10.1.0.50:39477|priority:1] returns group-EA9518340237:java.util.concurrent.CompletableFuture@2971ec3d[Not completed]
2022-01-06 13:29:57,059 [pool-181-thread-1] INFO  server.RaftServer$Division (RaftServerImpl.java:<init>(184)) - 177ce3f2-416d-49f6-9e1f-da5fb9a9d371: new RaftServerImpl for group-EA9518340237:[177ce3f2-416d-49f6-9e1f-da5fb9a9d371|rpc:10.1.0.50:39477|priority:1] with ContainerStateMachine:uninitialized
2022-01-06 13:29:57,059 [pool-181-thread-1] INFO  server.RaftServerConfigKeys (ConfUtils.java:logGet(44)) - raft.server.rpc.timeout.min = 5s (custom)
2022-01-06 13:29:57,059 [pool-181-thread-1] INFO  server.RaftServerConfigKeys (ConfUtils.java:logGet(44)) - raft.server.rpc.timeout.max = 5200ms (custom)
2022-01-06 13:29:57,059 [pool-181-thread-1] INFO  server.RaftServerConfigKeys (ConfUtils.java:logGet(44)) - raft.server.rpc.sleep.time = 25ms (default)
2022-01-06 13:29:57,059 [pool-181-thread-1] INFO  server.RaftServerConfigKeys (ConfUtils.java:logGet(44)) - raft.server.rpc.slowness.timeout = 300000ms (custom)
2022-01-06 13:29:57,059 [pool-181-thread-1] INFO  server.RaftServerConfigKeys (ConfUtils.java:logGet(44)) - raft.server.leaderelection.leader.step-down.wait-time = 10s (default)
2022-01-06 13:29:57,059 [pool-181-thread-1] INFO  server.RaftServerConfigKeys (ConfUtils.java:logGet(44)) - raft.server.sleep.deviation.threshold = 300ms (default)
2022-01-06 13:29:57,059 [pool-181-thread-1] INFO  server.RaftServerConfigKeys (ConfUtils.java:logGet(44)) - raft.server.log.appender.install.snapshot.enabled = false (custom)
2022-01-06 13:29:57,059 [pool-181-thread-1] INFO  server.RaftServer$Division (ServerState.java:<init>(105)) - 177ce3f2-416d-49f6-9e1f-da5fb9a9d371@group-EA9518340237: ConfigurationManager, init=-1: [177ce3f2-416d-49f6-9e1f-da5fb9a9d371|rpc:10.1.0.50:39477|priority:1], old=null, confs=<EMPTY_MAP>
2022-01-06 13:29:57,059 [pool-181-thread-1] INFO  server.RaftServerConfigKeys (ConfUtils.java:logGet(44)) - raft.server.storage.dir = [/home/runner/work/ozone/ozone/hadoop-ozone/integration-test/target/test-dir/MiniOzoneClusterImpl-1040910a-51cd-4ce1-8f2d-abd84b974e59/datanode-6/data/ratis] (custom)
2022-01-06 13:29:57,060 [pool-181-thread-1] INFO  server.RaftServerConfigKeys (ConfUtils.java:logGet(44)) - raft.server.log.corruption.policy = EXCEPTION (default)
2022-01-06 13:29:57,060 [pool-181-thread-1] INFO  server.RaftServerConfigKeys (ConfUtils.java:logGet(44)) - raft.server.storage.free-space.min = 0MB (=0) (default)
2022-01-06 13:29:57,060 [pool-181-thread-1] INFO  storage.RaftStorageDirectory (RaftStorageDirectoryImpl.java:analyzeStorage(135)) - The storage directory /home/runner/work/ozone/ozone/hadoop-ozone/integration-test/target/test-dir/MiniOzoneClusterImpl-1040910a-51cd-4ce1-8f2d-abd84b974e59/datanode-6/data/ratis/3f0a10d6-27fc-4b50-9cd3-ea9518340237 does not exist. Creating ...
2022-01-06 13:29:57,061 [pool-181-thread-1] INFO  storage.RaftStorageDirectory (RaftStorageDirectoryImpl.java:tryLock(230)) - Lock on /home/runner/work/ozone/ozone/hadoop-ozone/integration-test/target/test-dir/MiniOzoneClusterImpl-1040910a-51cd-4ce1-8f2d-abd84b974e59/datanode-6/data/ratis/3f0a10d6-27fc-4b50-9cd3-ea9518340237/in_use.lock acquired by nodename 24655@fv-az59-280
2022-01-06 13:29:57,061 [pool-181-thread-1] INFO  storage.RaftStorage (RaftStorageImpl.java:format(89)) - Storage directory /home/runner/work/ozone/ozone/hadoop-ozone/integration-test/target/test-dir/MiniOzoneClusterImpl-1040910a-51cd-4ce1-8f2d-abd84b974e59/datanode-6/data/ratis/3f0a10d6-27fc-4b50-9cd3-ea9518340237 has been successfully formatted.
2022-01-06 13:29:57,062 [pool-181-thread-1] INFO  ratis.ContainerStateMachine (ContainerStateMachine.java:loadSnapshot(231)) - group-EA9518340237: The snapshot info is null. Setting the last applied indexto:(t:0, i:~)
2022-01-06 13:29:57,062 [pool-181-thread-1] INFO  server.RaftServerConfigKeys (ConfUtils.java:logGet(44)) - raft.server.notification.no-leader.timeout = 300000ms (custom)
2022-01-06 13:29:57,062 [pool-181-thread-1] INFO  server.RaftServerConfigKeys (ConfUtils.java:logGet(44)) - raft.server.log.use.memory = false (default)
2022-01-06 13:29:57,063 [pool-181-thread-1] INFO  server.RaftServerConfigKeys (ConfUtils.java:logGet(44)) - raft.server.log.purge.gap = 1000000 (custom)
2022-01-06 13:29:57,063 [pool-181-thread-1] INFO  server.RaftServerConfigKeys (ConfUtils.java:logGet(44)) - raft.server.log.appender.buffer.byte-limit = 33554432 (custom)
2022-01-06 13:29:57,063 [pool-181-thread-1] INFO  server.RaftServerConfigKeys (ConfUtils.java:logGet(44)) - raft.server.log.segment.size.max = 1048576 (custom)
2022-01-06 13:29:57,063 [pool-181-thread-1] INFO  server.RaftServerConfigKeys (ConfUtils.java:logGet(44)) - raft.server.log.segment.cache.num.max = 2 (custom)
2022-01-06 13:29:57,063 [pool-181-thread-1] INFO  server.RaftServerConfigKeys (ConfUtils.java:logGet(44)) - raft.server.log.segment.cache.size.max = 200MB (=209715200) (default)
2022-01-06 13:29:57,063 [pool-181-thread-1] INFO  segmented.SegmentedRaftLogWorker (SegmentedRaftLogWorker.java:<init>(182)) - new 177ce3f2-416d-49f6-9e1f-da5fb9a9d371@group-EA9518340237-SegmentedRaftLogWorker for RaftStorageImpl:Storage Directory /home/runner/work/ozone/ozone/hadoop-ozone/integration-test/target/test-dir/MiniOzoneClusterImpl-1040910a-51cd-4ce1-8f2d-abd84b974e59/datanode-6/data/ratis/3f0a10d6-27fc-4b50-9cd3-ea9518340237
2022-01-06 13:29:57,063 [pool-181-thread-1] INFO  server.RaftServerConfigKeys (ConfUtils.java:logGet(44)) - raft.server.log.queue.byte-limit = 2147483647 (custom)
2022-01-06 13:29:57,064 [pool-181-thread-1] INFO  server.RaftServerConfigKeys (ConfUtils.java:logGet(44)) - raft.server.log.queue.element-limit = 1024 (custom)
2022-01-06 13:29:57,064 [pool-181-thread-1] INFO  server.RaftServerConfigKeys (ConfUtils.java:logGet(44)) - raft.server.log.segment.size.max = 1048576 (custom)
2022-01-06 13:29:57,064 [pool-181-thread-1] INFO  server.RaftServerConfigKeys (ConfUtils.java:logGet(44)) - raft.server.log.preallocated.size = 16384 (custom)
2022-01-06 13:29:57,064 [pool-181-thread-1] INFO  server.RaftServerConfigKeys (ConfUtils.java:logGet(44)) - raft.server.log.force.sync.num = 128 (default)
2022-01-06 13:29:57,064 [pool-181-thread-1] INFO  server.RaftServerConfigKeys (ConfUtils.java:logGet(44)) - raft.server.log.statemachine.data.sync = true (default)
2022-01-06 13:29:57,064 [EventQueue-PipelineReportForPipelineReportHandler] INFO  pipeline.PipelineManagerImpl (PipelineManagerImpl.java:openPipeline(291)) - Pipeline Pipeline[ Id: 3f0a10d6-27fc-4b50-9cd3-ea9518340237, Nodes: 177ce3f2-416d-49f6-9e1f-da5fb9a9d371{ip: 10.1.0.50, host: fv-az59-280.csjynl4pkq3e1pkirw3ssqjfoh.cx.internal.cloudapp.net, ports: [REPLICATION=41445, RATIS=39477, RATIS_ADMIN=39477, RATIS_SERVER=39477, STANDALONE=35293], networkLocation: /default-rack, certSerialId: null, persistedOpState: IN_SERVICE, persistedOpStateExpiryEpochSec: 0}, ReplicationConfig: RATIS/ONE, State:ALLOCATED, leaderId:177ce3f2-416d-49f6-9e1f-da5fb9a9d371, CreationTimestamp2022-01-06T13:29:54.059Z[Etc/UTC]] moved to OPEN state
2022-01-06 13:29:57,064 [pool-181-thread-1] INFO  server.RaftServerConfigKeys (ConfUtils.java:logGet(44)) - raft.server.log.statemachine.data.sync.timeout = 10s (default)
2022-01-06 13:29:57,064 [pool-181-thread-1] INFO  server.RaftServerConfigKeys (ConfUtils.java:logGet(44)) - raft.server.log.statemachine.data.sync.timeout.retry = -1 (default)
2022-01-06 13:29:57,064 [EventQueue-OpenPipelineForHealthyPipelineSafeModeRule] INFO  safemode.SCMSafeModeManager (HealthyPipelineSafeModeRule.java:process(124)) - SCM in safe mode. Healthy pipelines reported count is 0, required healthy pipeline reported count is 1
2022-01-06 13:29:57,065 [pool-181-thread-1] INFO  server.RaftServerConfigKeys (ConfUtils.java:logGet(44)) - raft.server.log.write.buffer.size = 1048576 (custom)
2022-01-06 13:29:57,066 [pool-181-thread-1] INFO  server.RaftServerConfigKeys (ConfUtils.java:logGet(44)) - raft.server.log.statemachine.data.caching.enabled = true (custom)
2022-01-06 13:29:57,066 [pool-181-thread-1] INFO  segmented.SegmentedRaftLogWorker (SegmentedRaftLogWorker.java:lambda$new$0(133)) - 177ce3f2-416d-49f6-9e1f-da5fb9a9d371@group-EA9518340237-SegmentedRaftLogWorker: flushIndex: setUnconditionally 0 -> -1
2022-01-06 13:29:57,066 [pool-181-thread-1] INFO  segmented.SegmentedRaftLogWorker (SegmentedRaftLogWorker.java:lambda$new$0(133)) - 177ce3f2-416d-49f6-9e1f-da5fb9a9d371@group-EA9518340237-SegmentedRaftLogWorker: safeCacheEvictIndex: setUnconditionally 0 -> -1
2022-01-06 13:29:57,070 [pool-181-thread-1] INFO  server.RaftServerConfigKeys (ConfUtils.java:logGet(44)) - raft.server.snapshot.auto.trigger.enabled = true (custom)
2022-01-06 13:29:57,070 [pool-181-thread-1] INFO  server.RaftServerConfigKeys (ConfUtils.java:logGet(44)) - raft.server.snapshot.auto.trigger.threshold = 10000 (custom)
2022-01-06 13:29:57,070 [pool-181-thread-1] INFO  server.RaftServerConfigKeys (ConfUtils.java:logGet(44)) - raft.server.snapshot.retention.file.num = 5 (custom)
2022-01-06 13:29:57,070 [pool-181-thread-1] INFO  server.RaftServerConfigKeys (ConfUtils.java:logGet(44)) - raft.server.log.purge.upto.snapshot.index = false (default)
2022-01-06 13:29:57,070 [pool-181-thread-1] INFO  server.RaftServerConfigKeys (ConfUtils.java:logGet(44)) - raft.server.retrycache.expirytime = 600000ms (custom)
2022-01-06 13:29:57,070 [pool-181-thread-1] INFO  server.RaftServerConfigKeys (ConfUtils.java:logGet(44)) - raft.server.retrycache.statistics.expirytime = 100μs (default)
2022-01-06 13:29:57,071 [pool-181-thread-1] INFO  server.RaftServer$Division (RaftServerImpl.java:start(301)) - 177ce3f2-416d-49f6-9e1f-da5fb9a9d371@group-EA9518340237: start as a follower, conf=-1: [177ce3f2-416d-49f6-9e1f-da5fb9a9d371|rpc:10.1.0.50:39477|priority:1], old=null
2022-01-06 13:29:57,071 [pool-181-thread-1] INFO  server.RaftServer$Division (RaftServerImpl.java:setRole(290)) - 177ce3f2-416d-49f6-9e1f-da5fb9a9d371@group-EA9518340237: changes role from      null to FOLLOWER at term 0 for startAsFollower
2022-01-06 13:29:57,071 [pool-181-thread-1] INFO  impl.RoleInfo (RoleInfo.java:updateAndGet(130)) - 177ce3f2-416d-49f6-9e1f-da5fb9a9d371: start 177ce3f2-416d-49f6-9e1f-da5fb9a9d371@group-EA9518340237-FollowerState
2022-01-06 13:29:57,072 [pool-181-thread-1] INFO  util.JmxRegister (JmxRegister.java:tryRegister(44)) - Successfully registered JMX Bean with object name Ratis:service=RaftServer,group=group-EA9518340237,id=177ce3f2-416d-49f6-9e1f-da5fb9a9d371
2022-01-06 13:29:57,072 [Command processor thread] INFO  ratis.XceiverServerRatis (XceiverServerRatis.java:addGroup(768)) - Created group PipelineID=3f0a10d6-27fc-4b50-9cd3-ea9518340237
2022-01-06 13:29:57,072 [Command processor thread] INFO  commandhandler.CreatePipelineCommandHandler (CreatePipelineCommandHandler.java:handle(106)) - Created Pipeline RATIS ONE PipelineID=3f0a10d6-27fc-4b50-9cd3-ea9518340237.
2022-01-06 13:29:57,072 [Command processor thread] INFO  server.RaftServer (RaftServerProxy.java:addNew(95)) - 177ce3f2-416d-49f6-9e1f-da5fb9a9d371: addNew group-1FE22983BC3E:[665e739a-157d-4ef9-b1c9-ec3dd6c8e45b|rpc:10.1.0.50:42233|priority:1, 177ce3f2-416d-49f6-9e1f-da5fb9a9d371|rpc:10.1.0.50:39477|priority:0, 76e53578-69cb-4294-9496-1cf18385f48a|rpc:10.1.0.50:41391|priority:0] returns group-1FE22983BC3E:java.util.concurrent.CompletableFuture@2d4e6dcb[Not completed]
2022-01-06 13:29:57,073 [pool-181-thread-1] INFO  server.RaftServer$Division (RaftServerImpl.java:<init>(184)) - 177ce3f2-416d-49f6-9e1f-da5fb9a9d371: new RaftServerImpl for group-1FE22983BC3E:[665e739a-157d-4ef9-b1c9-ec3dd6c8e45b|rpc:10.1.0.50:42233|priority:1, 177ce3f2-416d-49f6-9e1f-da5fb9a9d371|rpc:10.1.0.50:39477|priority:0, 76e53578-69cb-4294-9496-1cf18385f48a|rpc:10.1.0.50:41391|priority:0] with ContainerStateMachine:uninitialized
2022-01-06 13:29:57,073 [pool-181-thread-1] INFO  server.RaftServerConfigKeys (ConfUtils.java:logGet(44)) - raft.server.rpc.timeout.min = 5s (custom)
2022-01-06 13:29:57,074 [pool-181-thread-1] INFO  server.RaftServerConfigKeys (ConfUtils.java:logGet(44)) - raft.server.rpc.timeout.max = 5200ms (custom)
2022-01-06 13:29:57,074 [pool-181-thread-1] INFO  server.RaftServerConfigKeys (ConfUtils.java:logGet(44)) - raft.server.rpc.sleep.time = 25ms (default)
2022-01-06 13:29:57,074 [pool-181-thread-1] INFO  server.RaftServerConfigKeys (ConfUtils.java:logGet(44)) - raft.server.rpc.slowness.timeout = 300000ms (custom)
2022-01-06 13:29:57,074 [pool-181-thread-1] INFO  server.RaftServerConfigKeys (ConfUtils.java:logGet(44)) - raft.server.leaderelection.leader.step-down.wait-time = 10s (default)
2022-01-06 13:29:57,074 [pool-181-thread-1] INFO  server.RaftServerConfigKeys (ConfUtils.java:logGet(44)) - raft.server.sleep.deviation.threshold = 300ms (default)
2022-01-06 13:29:57,074 [pool-181-thread-1] INFO  server.RaftServerConfigKeys (ConfUtils.java:logGet(44)) - raft.server.log.appender.install.snapshot.enabled = false (custom)
2022-01-06 13:29:57,074 [pool-181-thread-1] INFO  server.RaftServer$Division (ServerState.java:<init>(105)) - 177ce3f2-416d-49f6-9e1f-da5fb9a9d371@group-1FE22983BC3E: ConfigurationManager, init=-1: [665e739a-157d-4ef9-b1c9-ec3dd6c8e45b|rpc:10.1.0.50:42233|priority:1, 177ce3f2-416d-49f6-9e1f-da5fb9a9d371|rpc:10.1.0.50:39477|priority:0, 76e53578-69cb-4294-9496-1cf18385f48a|rpc:10.1.0.50:41391|priority:0], old=null, confs=<EMPTY_MAP>
2022-01-06 13:29:57,074 [pool-181-thread-1] INFO  server.RaftServerConfigKeys (ConfUtils.java:logGet(44)) - raft.server.storage.dir = [/home/runner/work/ozone/ozone/hadoop-ozone/integration-test/target/test-dir/MiniOzoneClusterImpl-1040910a-51cd-4ce1-8f2d-abd84b974e59/datanode-6/data/ratis] (custom)
2022-01-06 13:29:57,074 [pool-181-thread-1] INFO  server.RaftServerConfigKeys (ConfUtils.java:logGet(44)) - raft.server.log.corruption.policy = EXCEPTION (default)
2022-01-06 13:29:57,074 [pool-181-thread-1] INFO  server.RaftServerConfigKeys (ConfUtils.java:logGet(44)) - raft.server.storage.free-space.min = 0MB (=0) (default)
2022-01-06 13:29:57,074 [pool-181-thread-1] INFO  storage.RaftStorageDirectory (RaftStorageDirectoryImpl.java:analyzeStorage(135)) - The storage directory /home/runner/work/ozone/ozone/hadoop-ozone/integration-test/target/test-dir/MiniOzoneClusterImpl-1040910a-51cd-4ce1-8f2d-abd84b974e59/datanode-6/data/ratis/e04dc973-2c55-47c2-9965-1fe22983bc3e does not exist. Creating ...
2022-01-06 13:29:57,079 [pool-181-thread-1] INFO  storage.RaftStorageDirectory (RaftStorageDirectoryImpl.java:tryLock(230)) - Lock on /home/runner/work/ozone/ozone/hadoop-ozone/integration-test/target/test-dir/MiniOzoneClusterImpl-1040910a-51cd-4ce1-8f2d-abd84b974e59/datanode-6/data/ratis/e04dc973-2c55-47c2-9965-1fe22983bc3e/in_use.lock acquired by nodename 24655@fv-az59-280
2022-01-06 13:29:57,080 [pool-181-thread-1] INFO  storage.RaftStorage (RaftStorageImpl.java:format(89)) - Storage directory /home/runner/work/ozone/ozone/hadoop-ozone/integration-test/target/test-dir/MiniOzoneClusterImpl-1040910a-51cd-4ce1-8f2d-abd84b974e59/datanode-6/data/ratis/e04dc973-2c55-47c2-9965-1fe22983bc3e has been successfully formatted.
2022-01-06 13:29:57,080 [pool-181-thread-1] INFO  ratis.ContainerStateMachine (ContainerStateMachine.java:loadSnapshot(231)) - group-1FE22983BC3E: The snapshot info is null. Setting the last applied indexto:(t:0, i:~)
2022-01-06 13:29:57,081 [EventQueue-OpenPipelineForHealthyPipelineSafeModeRule] INFO  safemode.SCMSafeModeManager (HealthyPipelineSafeModeRule.java:process(124)) - SCM in safe mode. Healthy pipelines reported count is 0, required healthy pipeline reported count is 1
2022-01-06 13:29:57,082 [pool-181-thread-1] INFO  server.RaftServerConfigKeys (ConfUtils.java:logGet(44)) - raft.server.notification.no-leader.timeout = 300000ms (custom)
2022-01-06 13:29:57,082 [pool-181-thread-1] INFO  server.RaftServerConfigKeys (ConfUtils.java:logGet(44)) - raft.server.log.use.memory = false (default)
2022-01-06 13:29:57,082 [pool-181-thread-1] INFO  server.RaftServerConfigKeys (ConfUtils.java:logGet(44)) - raft.server.log.purge.gap = 1000000 (custom)
2022-01-06 13:29:57,082 [pool-181-thread-1] INFO  server.RaftServerConfigKeys (ConfUtils.java:logGet(44)) - raft.server.log.appender.buffer.byte-limit = 33554432 (custom)
2022-01-06 13:29:57,082 [pool-181-thread-1] INFO  server.RaftServerConfigKeys (ConfUtils.java:logGet(44)) - raft.server.log.segment.size.max = 1048576 (custom)
2022-01-06 13:29:57,082 [pool-181-thread-1] INFO  server.RaftServerConfigKeys (ConfUtils.java:logGet(44)) - raft.server.log.segment.cache.num.max = 2 (custom)
2022-01-06 13:29:57,082 [pool-181-thread-1] INFO  server.RaftServerConfigKeys (ConfUtils.java:logGet(44)) - raft.server.log.segment.cache.size.max = 200MB (=209715200) (default)
2022-01-06 13:29:57,082 [pool-181-thread-1] INFO  segmented.SegmentedRaftLogWorker (SegmentedRaftLogWorker.java:<init>(182)) - new 177ce3f2-416d-49f6-9e1f-da5fb9a9d371@group-1FE22983BC3E-SegmentedRaftLogWorker for RaftStorageImpl:Storage Directory /home/runner/work/ozone/ozone/hadoop-ozone/integration-test/target/test-dir/MiniOzoneClusterImpl-1040910a-51cd-4ce1-8f2d-abd84b974e59/datanode-6/data/ratis/e04dc973-2c55-47c2-9965-1fe22983bc3e
2022-01-06 13:29:57,082 [pool-181-thread-1] INFO  server.RaftServerConfigKeys (ConfUtils.java:logGet(44)) - raft.server.log.queue.byte-limit = 2147483647 (custom)
2022-01-06 13:29:57,082 [pool-181-thread-1] INFO  server.RaftServerConfigKeys (ConfUtils.java:logGet(44)) - raft.server.log.queue.element-limit = 1024 (custom)
2022-01-06 13:29:57,082 [pool-181-thread-1] INFO  server.RaftServerConfigKeys (ConfUtils.java:logGet(44)) - raft.server.log.segment.size.max = 1048576 (custom)
2022-01-06 13:29:57,083 [pool-181-thread-1] INFO  server.RaftServerConfigKeys (ConfUtils.java:logGet(44)) - raft.server.log.preallocated.size = 16384 (custom)
2022-01-06 13:29:57,083 [pool-181-thread-1] INFO  server.RaftServerConfigKeys (ConfUtils.java:logGet(44)) - raft.server.log.force.sync.num = 128 (default)
2022-01-06 13:29:57,083 [pool-181-thread-1] INFO  server.RaftServerConfigKeys (ConfUtils.java:logGet(44)) - raft.server.log.statemachine.data.sync = true (default)
2022-01-06 13:29:57,083 [pool-181-thread-1] INFO  server.RaftServerConfigKeys (ConfUtils.java:logGet(44)) - raft.server.log.statemachine.data.sync.timeout = 10s (default)
2022-01-06 13:29:57,083 [pool-181-thread-1] INFO  server.RaftServerConfigKeys (ConfUtils.java:logGet(44)) - raft.server.log.statemachine.data.sync.timeout.retry = -1 (default)
2022-01-06 13:29:57,083 [pool-181-thread-1] INFO  server.RaftServerConfigKeys (ConfUtils.java:logGet(44)) - raft.server.log.write.buffer.size = 1048576 (custom)
2022-01-06 13:29:57,084 [pool-181-thread-1] INFO  server.RaftServerConfigKeys (ConfUtils.java:logGet(44)) - raft.server.log.statemachine.data.caching.enabled = true (custom)
2022-01-06 13:29:57,084 [pool-181-thread-1] INFO  segmented.SegmentedRaftLogWorker (SegmentedRaftLogWorker.java:lambda$new$0(133)) - 177ce3f2-416d-49f6-9e1f-da5fb9a9d371@group-1FE22983BC3E-SegmentedRaftLogWorker: flushIndex: setUnconditionally 0 -> -1
2022-01-06 13:29:57,084 [pool-181-thread-1] INFO  segmented.SegmentedRaftLogWorker (SegmentedRaftLogWorker.java:lambda$new$0(133)) - 177ce3f2-416d-49f6-9e1f-da5fb9a9d371@group-1FE22983BC3E-SegmentedRaftLogWorker: safeCacheEvictIndex: setUnconditionally 0 -> -1
2022-01-06 13:29:57,085 [pool-181-thread-1] INFO  server.RaftServerConfigKeys (ConfUtils.java:logGet(44)) - raft.server.snapshot.auto.trigger.enabled = true (custom)
2022-01-06 13:29:57,085 [pool-181-thread-1] INFO  server.RaftServerConfigKeys (ConfUtils.java:logGet(44)) - raft.server.snapshot.auto.trigger.threshold = 10000 (custom)
2022-01-06 13:29:57,085 [pool-181-thread-1] INFO  server.RaftServerConfigKeys (ConfUtils.java:logGet(44)) - raft.server.snapshot.retention.file.num = 5 (custom)
2022-01-06 13:29:57,085 [pool-181-thread-1] INFO  server.RaftServerConfigKeys (ConfUtils.java:logGet(44)) - raft.server.log.purge.upto.snapshot.index = false (default)
2022-01-06 13:29:57,085 [pool-181-thread-1] INFO  server.RaftServerConfigKeys (ConfUtils.java:logGet(44)) - raft.server.retrycache.expirytime = 600000ms (custom)
2022-01-06 13:29:57,085 [pool-181-thread-1] INFO  server.RaftServerConfigKeys (ConfUtils.java:logGet(44)) - raft.server.retrycache.statistics.expirytime = 100μs (default)
2022-01-06 13:29:57,086 [pool-181-thread-1] INFO  server.RaftServer$Division (RaftServerImpl.java:start(301)) - 177ce3f2-416d-49f6-9e1f-da5fb9a9d371@group-1FE22983BC3E: start as a follower, conf=-1: [665e739a-157d-4ef9-b1c9-ec3dd6c8e45b|rpc:10.1.0.50:42233|priority:1, 177ce3f2-416d-49f6-9e1f-da5fb9a9d371|rpc:10.1.0.50:39477|priority:0, 76e53578-69cb-4294-9496-1cf18385f48a|rpc:10.1.0.50:41391|priority:0], old=null
2022-01-06 13:29:57,086 [pool-181-thread-1] INFO  server.RaftServer$Division (RaftServerImpl.java:setRole(290)) - 177ce3f2-416d-49f6-9e1f-da5fb9a9d371@group-1FE22983BC3E: changes role from      null to FOLLOWER at term 0 for startAsFollower
2022-01-06 13:29:57,086 [pool-181-thread-1] INFO  impl.RoleInfo (RoleInfo.java:updateAndGet(130)) - 177ce3f2-416d-49f6-9e1f-da5fb9a9d371: start 177ce3f2-416d-49f6-9e1f-da5fb9a9d371@group-1FE22983BC3E-FollowerState
2022-01-06 13:29:57,086 [pool-181-thread-1] INFO  util.JmxRegister (JmxRegister.java:tryRegister(44)) - Successfully registered JMX Bean with object name Ratis:service=RaftServer,group=group-1FE22983BC3E,id=177ce3f2-416d-49f6-9e1f-da5fb9a9d371
2022-01-06 13:29:57,087 [Command processor thread] INFO  ratis.XceiverServerRatis (XceiverServerRatis.java:addGroup(768)) - Created group PipelineID=e04dc973-2c55-47c2-9965-1fe22983bc3e
2022-01-06 13:29:57,096 [grpc-default-executor-0] INFO  server.RaftServer (RaftServerProxy.java:addNew(95)) - 665e739a-157d-4ef9-b1c9-ec3dd6c8e45b: addNew group-1FE22983BC3E:[665e739a-157d-4ef9-b1c9-ec3dd6c8e45b|rpc:10.1.0.50:42233|dataStream:|priority:1, 177ce3f2-416d-49f6-9e1f-da5fb9a9d371|rpc:10.1.0.50:39477|dataStream:|priority:0, 76e53578-69cb-4294-9496-1cf18385f48a|rpc:10.1.0.50:41391|dataStream:|priority:0] returns group-1FE22983BC3E:java.util.concurrent.CompletableFuture@795b970a[Not completed]
2022-01-06 13:29:57,098 [pool-202-thread-1] INFO  server.RaftServer$Division (RaftServerImpl.java:<init>(184)) - 665e739a-157d-4ef9-b1c9-ec3dd6c8e45b: new RaftServerImpl for group-1FE22983BC3E:[665e739a-157d-4ef9-b1c9-ec3dd6c8e45b|rpc:10.1.0.50:42233|dataStream:|priority:1, 177ce3f2-416d-49f6-9e1f-da5fb9a9d371|rpc:10.1.0.50:39477|dataStream:|priority:0, 76e53578-69cb-4294-9496-1cf18385f48a|rpc:10.1.0.50:41391|dataStream:|priority:0] with ContainerStateMachine:uninitialized
2022-01-06 13:29:57,098 [pool-202-thread-1] INFO  server.RaftServerConfigKeys (ConfUtils.java:logGet(44)) - raft.server.rpc.timeout.min = 5s (custom)
2022-01-06 13:29:57,098 [pool-202-thread-1] INFO  server.RaftServerConfigKeys (ConfUtils.java:logGet(44)) - raft.server.rpc.timeout.max = 5200ms (custom)
2022-01-06 13:29:57,098 [pool-202-thread-1] INFO  server.RaftServerConfigKeys (ConfUtils.java:logGet(44)) - raft.server.rpc.sleep.time = 25ms (default)
2022-01-06 13:29:57,098 [pool-202-thread-1] INFO  server.RaftServerConfigKeys (ConfUtils.java:logGet(44)) - raft.server.rpc.slowness.timeout = 300000ms (custom)
2022-01-06 13:29:57,098 [pool-202-thread-1] INFO  server.RaftServerConfigKeys (ConfUtils.java:logGet(44)) - raft.server.leaderelection.leader.step-down.wait-time = 10s (default)
2022-01-06 13:29:57,098 [pool-202-thread-1] INFO  server.RaftServerConfigKeys (ConfUtils.java:logGet(44)) - raft.server.sleep.deviation.threshold = 300ms (default)
2022-01-06 13:29:57,098 [pool-202-thread-1] INFO  server.RaftServerConfigKeys (ConfUtils.java:logGet(44)) - raft.server.log.appender.install.snapshot.enabled = false (custom)
2022-01-06 13:29:57,098 [pool-202-thread-1] INFO  server.RaftServer$Division (ServerState.java:<init>(105)) - 665e739a-157d-4ef9-b1c9-ec3dd6c8e45b@group-1FE22983BC3E: ConfigurationManager, init=-1: [665e739a-157d-4ef9-b1c9-ec3dd6c8e45b|rpc:10.1.0.50:42233|dataStream:|priority:1, 177ce3f2-416d-49f6-9e1f-da5fb9a9d371|rpc:10.1.0.50:39477|dataStream:|priority:0, 76e53578-69cb-4294-9496-1cf18385f48a|rpc:10.1.0.50:41391|dataStream:|priority:0], old=null, confs=<EMPTY_MAP>
2022-01-06 13:29:57,098 [pool-202-thread-1] INFO  server.RaftServerConfigKeys (ConfUtils.java:logGet(44)) - raft.server.storage.dir = [/home/runner/work/ozone/ozone/hadoop-ozone/integration-test/target/test-dir/MiniOzoneClusterImpl-1040910a-51cd-4ce1-8f2d-abd84b974e59/datanode-7/data/ratis] (custom)
2022-01-06 13:29:57,098 [pool-202-thread-1] INFO  server.RaftServerConfigKeys (ConfUtils.java:logGet(44)) - raft.server.log.corruption.policy = EXCEPTION (default)
2022-01-06 13:29:57,098 [pool-202-thread-1] INFO  server.RaftServerConfigKeys (ConfUtils.java:logGet(44)) - raft.server.storage.free-space.min = 0MB (=0) (default)
2022-01-06 13:29:57,098 [pool-202-thread-1] INFO  storage.RaftStorageDirectory (RaftStorageDirectoryImpl.java:analyzeStorage(135)) - The storage directory /home/runner/work/ozone/ozone/hadoop-ozone/integration-test/target/test-dir/MiniOzoneClusterImpl-1040910a-51cd-4ce1-8f2d-abd84b974e59/datanode-7/data/ratis/e04dc973-2c55-47c2-9965-1fe22983bc3e does not exist. Creating ...
2022-01-06 13:29:57,099 [pool-202-thread-1] INFO  storage.RaftStorageDirectory (RaftStorageDirectoryImpl.java:tryLock(230)) - Lock on /home/runner/work/ozone/ozone/hadoop-ozone/integration-test/target/test-dir/MiniOzoneClusterImpl-1040910a-51cd-4ce1-8f2d-abd84b974e59/datanode-7/data/ratis/e04dc973-2c55-47c2-9965-1fe22983bc3e/in_use.lock acquired by nodename 24655@fv-az59-280
2022-01-06 13:29:57,100 [pool-202-thread-1] INFO  storage.RaftStorage (RaftStorageImpl.java:format(89)) - Storage directory /home/runner/work/ozone/ozone/hadoop-ozone/integration-test/target/test-dir/MiniOzoneClusterImpl-1040910a-51cd-4ce1-8f2d-abd84b974e59/datanode-7/data/ratis/e04dc973-2c55-47c2-9965-1fe22983bc3e has been successfully formatted.
2022-01-06 13:29:57,101 [pool-202-thread-1] INFO  ratis.ContainerStateMachine (ContainerStateMachine.java:loadSnapshot(231)) - group-1FE22983BC3E: The snapshot info is null. Setting the last applied indexto:(t:0, i:~)
2022-01-06 13:29:57,101 [pool-202-thread-1] INFO  server.RaftServerConfigKeys (ConfUtils.java:logGet(44)) - raft.server.notification.no-leader.timeout = 300000ms (custom)
2022-01-06 13:29:57,101 [pool-202-thread-1] INFO  server.RaftServerConfigKeys (ConfUtils.java:logGet(44)) - raft.server.log.use.memory = false (default)
2022-01-06 13:29:57,102 [pool-202-thread-1] INFO  server.RaftServerConfigKeys (ConfUtils.java:logGet(44)) - raft.server.log.purge.gap = 1000000 (custom)
2022-01-06 13:29:57,102 [pool-202-thread-1] INFO  server.RaftServerConfigKeys (ConfUtils.java:logGet(44)) - raft.server.log.appender.buffer.byte-limit = 33554432 (custom)
2022-01-06 13:29:57,102 [pool-202-thread-1] INFO  server.RaftServerConfigKeys (ConfUtils.java:logGet(44)) - raft.server.log.segment.size.max = 1048576 (custom)
2022-01-06 13:29:57,103 [pool-202-thread-1] INFO  server.RaftServerConfigKeys (ConfUtils.java:logGet(44)) - raft.server.log.segment.cache.num.max = 2 (custom)
2022-01-06 13:29:57,103 [pool-202-thread-1] INFO  server.RaftServerConfigKeys (ConfUtils.java:logGet(44)) - raft.server.log.segment.cache.size.max = 200MB (=209715200) (default)
2022-01-06 13:29:57,103 [pool-202-thread-1] INFO  segmented.SegmentedRaftLogWorker (SegmentedRaftLogWorker.java:<init>(182)) - new 665e739a-157d-4ef9-b1c9-ec3dd6c8e45b@group-1FE22983BC3E-SegmentedRaftLogWorker for RaftStorageImpl:Storage Directory /home/runner/work/ozone/ozone/hadoop-ozone/integration-test/target/test-dir/MiniOzoneClusterImpl-1040910a-51cd-4ce1-8f2d-abd84b974e59/datanode-7/data/ratis/e04dc973-2c55-47c2-9965-1fe22983bc3e
2022-01-06 13:29:57,103 [pool-202-thread-1] INFO  server.RaftServerConfigKeys (ConfUtils.java:logGet(44)) - raft.server.log.queue.byte-limit = 2147483647 (custom)
2022-01-06 13:29:57,103 [pool-202-thread-1] INFO  server.RaftServerConfigKeys (ConfUtils.java:logGet(44)) - raft.server.log.queue.element-limit = 1024 (custom)
2022-01-06 13:29:57,103 [pool-202-thread-1] INFO  server.RaftServerConfigKeys (ConfUtils.java:logGet(44)) - raft.server.log.segment.size.max = 1048576 (custom)
2022-01-06 13:29:57,110 [pool-202-thread-1] INFO  server.RaftServerConfigKeys (ConfUtils.java:logGet(44)) - raft.server.log.preallocated.size = 16384 (custom)
2022-01-06 13:29:57,110 [pool-202-thread-1] INFO  server.RaftServerConfigKeys (ConfUtils.java:logGet(44)) - raft.server.log.force.sync.num = 128 (default)
2022-01-06 13:29:57,110 [pool-202-thread-1] INFO  server.RaftServerConfigKeys (ConfUtils.java:logGet(44)) - raft.server.log.statemachine.data.sync = true (default)
2022-01-06 13:29:57,110 [pool-202-thread-1] INFO  server.RaftServerConfigKeys (ConfUtils.java:logGet(44)) - raft.server.log.statemachine.data.sync.timeout = 10s (default)
2022-01-06 13:29:57,110 [pool-202-thread-1] INFO  server.RaftServerConfigKeys (ConfUtils.java:logGet(44)) - raft.server.log.statemachine.data.sync.timeout.retry = -1 (default)
2022-01-06 13:29:57,111 [pool-202-thread-1] INFO  server.RaftServerConfigKeys (ConfUtils.java:logGet(44)) - raft.server.log.write.buffer.size = 1048576 (custom)
2022-01-06 13:29:57,112 [pool-202-thread-1] INFO  server.RaftServerConfigKeys (ConfUtils.java:logGet(44)) - raft.server.log.statemachine.data.caching.enabled = true (custom)
2022-01-06 13:29:57,113 [pool-202-thread-1] INFO  segmented.SegmentedRaftLogWorker (SegmentedRaftLogWorker.java:lambda$new$0(133)) - 665e739a-157d-4ef9-b1c9-ec3dd6c8e45b@group-1FE22983BC3E-SegmentedRaftLogWorker: flushIndex: setUnconditionally 0 -> -1
2022-01-06 13:29:57,113 [pool-202-thread-1] INFO  segmented.SegmentedRaftLogWorker (SegmentedRaftLogWorker.java:lambda$new$0(133)) - 665e739a-157d-4ef9-b1c9-ec3dd6c8e45b@group-1FE22983BC3E-SegmentedRaftLogWorker: safeCacheEvictIndex: setUnconditionally 0 -> -1
2022-01-06 13:29:57,113 [pool-202-thread-1] INFO  server.RaftServerConfigKeys (ConfUtils.java:logGet(44)) - raft.server.snapshot.auto.trigger.enabled = true (custom)
2022-01-06 13:29:57,113 [pool-202-thread-1] INFO  server.RaftServerConfigKeys (ConfUtils.java:logGet(44)) - raft.server.snapshot.auto.trigger.threshold = 10000 (custom)
2022-01-06 13:29:57,113 [pool-202-thread-1] INFO  server.RaftServerConfigKeys (ConfUtils.java:logGet(44)) - raft.server.snapshot.retention.file.num = 5 (custom)
2022-01-06 13:29:57,113 [pool-202-thread-1] INFO  server.RaftServerConfigKeys (ConfUtils.java:logGet(44)) - raft.server.log.purge.upto.snapshot.index = false (default)
2022-01-06 13:29:57,113 [pool-202-thread-1] INFO  server.RaftServerConfigKeys (ConfUtils.java:logGet(44)) - raft.server.retrycache.expirytime = 600000ms (custom)
2022-01-06 13:29:57,113 [pool-202-thread-1] INFO  server.RaftServerConfigKeys (ConfUtils.java:logGet(44)) - raft.server.retrycache.statistics.expirytime = 100μs (default)
2022-01-06 13:29:57,114 [pool-202-thread-1] INFO  server.RaftServer$Division (RaftServerImpl.java:start(301)) - 665e739a-157d-4ef9-b1c9-ec3dd6c8e45b@group-1FE22983BC3E: start as a follower, conf=-1: [665e739a-157d-4ef9-b1c9-ec3dd6c8e45b|rpc:10.1.0.50:42233|dataStream:|priority:1, 177ce3f2-416d-49f6-9e1f-da5fb9a9d371|rpc:10.1.0.50:39477|dataStream:|priority:0, 76e53578-69cb-4294-9496-1cf18385f48a|rpc:10.1.0.50:41391|dataStream:|priority:0], old=null
2022-01-06 13:29:57,114 [pool-202-thread-1] INFO  server.RaftServer$Division (RaftServerImpl.java:setRole(290)) - 665e739a-157d-4ef9-b1c9-ec3dd6c8e45b@group-1FE22983BC3E: changes role from      null to FOLLOWER at term 0 for startAsFollower
2022-01-06 13:29:57,114 [pool-202-thread-1] INFO  impl.RoleInfo (RoleInfo.java:updateAndGet(130)) - 665e739a-157d-4ef9-b1c9-ec3dd6c8e45b: start 665e739a-157d-4ef9-b1c9-ec3dd6c8e45b@group-1FE22983BC3E-FollowerState
2022-01-06 13:29:57,116 [pool-202-thread-1] INFO  util.JmxRegister (JmxRegister.java:tryRegister(44)) - Successfully registered JMX Bean with object name Ratis:service=RaftServer,group=group-1FE22983BC3E,id=665e739a-157d-4ef9-b1c9-ec3dd6c8e45b
2022-01-06 13:29:57,140 [grpc-default-executor-0] INFO  server.RaftServer (RaftServerProxy.java:addNew(95)) - 76e53578-69cb-4294-9496-1cf18385f48a: addNew group-1FE22983BC3E:[665e739a-157d-4ef9-b1c9-ec3dd6c8e45b|rpc:10.1.0.50:42233|dataStream:|priority:1, 177ce3f2-416d-49f6-9e1f-da5fb9a9d371|rpc:10.1.0.50:39477|dataStream:|priority:0, 76e53578-69cb-4294-9496-1cf18385f48a|rpc:10.1.0.50:41391|dataStream:|priority:0] returns group-1FE22983BC3E:java.util.concurrent.CompletableFuture@798dc9d[Not completed]
2022-01-06 13:29:57,141 [pool-223-thread-1] INFO  server.RaftServer$Division (RaftServerImpl.java:<init>(184)) - 76e53578-69cb-4294-9496-1cf18385f48a: new RaftServerImpl for group-1FE22983BC3E:[665e739a-157d-4ef9-b1c9-ec3dd6c8e45b|rpc:10.1.0.50:42233|dataStream:|priority:1, 177ce3f2-416d-49f6-9e1f-da5fb9a9d371|rpc:10.1.0.50:39477|dataStream:|priority:0, 76e53578-69cb-4294-9496-1cf18385f48a|rpc:10.1.0.50:41391|dataStream:|priority:0] with ContainerStateMachine:uninitialized
2022-01-06 13:29:57,141 [pool-223-thread-1] INFO  server.RaftServerConfigKeys (ConfUtils.java:logGet(44)) - raft.server.rpc.timeout.min = 5s (custom)
2022-01-06 13:29:57,141 [pool-223-thread-1] INFO  server.RaftServerConfigKeys (ConfUtils.java:logGet(44)) - raft.server.rpc.timeout.max = 5200ms (custom)
2022-01-06 13:29:57,141 [pool-223-thread-1] INFO  server.RaftServerConfigKeys (ConfUtils.java:logGet(44)) - raft.server.rpc.sleep.time = 25ms (default)
2022-01-06 13:29:57,141 [pool-223-thread-1] INFO  server.RaftServerConfigKeys (ConfUtils.java:logGet(44)) - raft.server.rpc.slowness.timeout = 300000ms (custom)
2022-01-06 13:29:57,141 [pool-223-thread-1] INFO  server.RaftServerConfigKeys (ConfUtils.java:logGet(44)) - raft.server.leaderelection.leader.step-down.wait-time = 10s (default)
2022-01-06 13:29:57,142 [pool-223-thread-1] INFO  server.RaftServerConfigKeys (ConfUtils.java:logGet(44)) - raft.server.sleep.deviation.threshold = 300ms (default)
2022-01-06 13:29:57,142 [pool-223-thread-1] INFO  server.RaftServerConfigKeys (ConfUtils.java:logGet(44)) - raft.server.log.appender.install.snapshot.enabled = false (custom)
2022-01-06 13:29:57,142 [pool-223-thread-1] INFO  server.RaftServer$Division (ServerState.java:<init>(105)) - 76e53578-69cb-4294-9496-1cf18385f48a@group-1FE22983BC3E: ConfigurationManager, init=-1: [665e739a-157d-4ef9-b1c9-ec3dd6c8e45b|rpc:10.1.0.50:42233|dataStream:|priority:1, 177ce3f2-416d-49f6-9e1f-da5fb9a9d371|rpc:10.1.0.50:39477|dataStream:|priority:0, 76e53578-69cb-4294-9496-1cf18385f48a|rpc:10.1.0.50:41391|dataStream:|priority:0], old=null, confs=<EMPTY_MAP>
2022-01-06 13:29:57,142 [pool-223-thread-1] INFO  server.RaftServerConfigKeys (ConfUtils.java:logGet(44)) - raft.server.storage.dir = [/home/runner/work/ozone/ozone/hadoop-ozone/integration-test/target/test-dir/MiniOzoneClusterImpl-1040910a-51cd-4ce1-8f2d-abd84b974e59/datanode-8/data/ratis] (custom)
2022-01-06 13:29:57,142 [pool-223-thread-1] INFO  server.RaftServerConfigKeys (ConfUtils.java:logGet(44)) - raft.server.log.corruption.policy = EXCEPTION (default)
2022-01-06 13:29:57,142 [pool-223-thread-1] INFO  server.RaftServerConfigKeys (ConfUtils.java:logGet(44)) - raft.server.storage.free-space.min = 0MB (=0) (default)
2022-01-06 13:29:57,143 [pool-223-thread-1] INFO  storage.RaftStorageDirectory (RaftStorageDirectoryImpl.java:analyzeStorage(135)) - The storage directory /home/runner/work/ozone/ozone/hadoop-ozone/integration-test/target/test-dir/MiniOzoneClusterImpl-1040910a-51cd-4ce1-8f2d-abd84b974e59/datanode-8/data/ratis/e04dc973-2c55-47c2-9965-1fe22983bc3e does not exist. Creating ...
2022-01-06 13:29:57,144 [pool-223-thread-1] INFO  storage.RaftStorageDirectory (RaftStorageDirectoryImpl.java:tryLock(230)) - Lock on /home/runner/work/ozone/ozone/hadoop-ozone/integration-test/target/test-dir/MiniOzoneClusterImpl-1040910a-51cd-4ce1-8f2d-abd84b974e59/datanode-8/data/ratis/e04dc973-2c55-47c2-9965-1fe22983bc3e/in_use.lock acquired by nodename 24655@fv-az59-280
2022-01-06 13:29:57,144 [pool-223-thread-1] INFO  storage.RaftStorage (RaftStorageImpl.java:format(89)) - Storage directory /home/runner/work/ozone/ozone/hadoop-ozone/integration-test/target/test-dir/MiniOzoneClusterImpl-1040910a-51cd-4ce1-8f2d-abd84b974e59/datanode-8/data/ratis/e04dc973-2c55-47c2-9965-1fe22983bc3e has been successfully formatted.
2022-01-06 13:29:57,148 [pool-223-thread-1] INFO  ratis.ContainerStateMachine (ContainerStateMachine.java:loadSnapshot(231)) - group-1FE22983BC3E: The snapshot info is null. Setting the last applied indexto:(t:0, i:~)
2022-01-06 13:29:57,148 [pool-223-thread-1] INFO  server.RaftServerConfigKeys (ConfUtils.java:logGet(44)) - raft.server.notification.no-leader.timeout = 300000ms (custom)
2022-01-06 13:29:57,148 [pool-223-thread-1] INFO  server.RaftServerConfigKeys (ConfUtils.java:logGet(44)) - raft.server.log.use.memory = false (default)
2022-01-06 13:29:57,148 [pool-223-thread-1] INFO  server.RaftServerConfigKeys (ConfUtils.java:logGet(44)) - raft.server.log.purge.gap = 1000000 (custom)
2022-01-06 13:29:57,148 [pool-223-thread-1] INFO  server.RaftServerConfigKeys (ConfUtils.java:logGet(44)) - raft.server.log.appender.buffer.byte-limit = 33554432 (custom)
2022-01-06 13:29:57,148 [pool-223-thread-1] INFO  server.RaftServerConfigKeys (ConfUtils.java:logGet(44)) - raft.server.log.segment.size.max = 1048576 (custom)
2022-01-06 13:29:57,149 [pool-223-thread-1] INFO  server.RaftServerConfigKeys (ConfUtils.java:logGet(44)) - raft.server.log.segment.cache.num.max = 2 (custom)
2022-01-06 13:29:57,149 [pool-223-thread-1] INFO  server.RaftServerConfigKeys (ConfUtils.java:logGet(44)) - raft.server.log.segment.cache.size.max = 200MB (=209715200) (default)
2022-01-06 13:29:57,149 [pool-223-thread-1] INFO  segmented.SegmentedRaftLogWorker (SegmentedRaftLogWorker.java:<init>(182)) - new 76e53578-69cb-4294-9496-1cf18385f48a@group-1FE22983BC3E-SegmentedRaftLogWorker for RaftStorageImpl:Storage Directory /home/runner/work/ozone/ozone/hadoop-ozone/integration-test/target/test-dir/MiniOzoneClusterImpl-1040910a-51cd-4ce1-8f2d-abd84b974e59/datanode-8/data/ratis/e04dc973-2c55-47c2-9965-1fe22983bc3e
2022-01-06 13:29:57,149 [pool-223-thread-1] INFO  server.RaftServerConfigKeys (ConfUtils.java:logGet(44)) - raft.server.log.queue.byte-limit = 2147483647 (custom)
2022-01-06 13:29:57,149 [pool-223-thread-1] INFO  server.RaftServerConfigKeys (ConfUtils.java:logGet(44)) - raft.server.log.queue.element-limit = 1024 (custom)
2022-01-06 13:29:57,149 [pool-223-thread-1] INFO  server.RaftServerConfigKeys (ConfUtils.java:logGet(44)) - raft.server.log.segment.size.max = 1048576 (custom)
2022-01-06 13:29:57,149 [pool-223-thread-1] INFO  server.RaftServerConfigKeys (ConfUtils.java:logGet(44)) - raft.server.log.preallocated.size = 16384 (custom)
2022-01-06 13:29:57,149 [pool-223-thread-1] INFO  server.RaftServerConfigKeys (ConfUtils.java:logGet(44)) - raft.server.log.force.sync.num = 128 (default)
2022-01-06 13:29:57,149 [pool-223-thread-1] INFO  server.RaftServerConfigKeys (ConfUtils.java:logGet(44)) - raft.server.log.statemachine.data.sync = true (default)
2022-01-06 13:29:57,149 [pool-223-thread-1] INFO  server.RaftServerConfigKeys (ConfUtils.java:logGet(44)) - raft.server.log.statemachine.data.sync.timeout = 10s (default)
2022-01-06 13:29:57,149 [pool-223-thread-1] INFO  server.RaftServerConfigKeys (ConfUtils.java:logGet(44)) - raft.server.log.statemachine.data.sync.timeout.retry = -1 (default)
2022-01-06 13:29:57,150 [pool-223-thread-1] INFO  server.RaftServerConfigKeys (ConfUtils.java:logGet(44)) - raft.server.log.write.buffer.size = 1048576 (custom)
2022-01-06 13:29:57,151 [pool-223-thread-1] INFO  server.RaftServerConfigKeys (ConfUtils.java:logGet(44)) - raft.server.log.statemachine.data.caching.enabled = true (custom)
2022-01-06 13:29:57,152 [pool-223-thread-1] INFO  segmented.SegmentedRaftLogWorker (SegmentedRaftLogWorker.java:lambda$new$0(133)) - 76e53578-69cb-4294-9496-1cf18385f48a@group-1FE22983BC3E-SegmentedRaftLogWorker: flushIndex: setUnconditionally 0 -> -1
2022-01-06 13:29:57,152 [pool-223-thread-1] INFO  segmented.SegmentedRaftLogWorker (SegmentedRaftLogWorker.java:lambda$new$0(133)) - 76e53578-69cb-4294-9496-1cf18385f48a@group-1FE22983BC3E-SegmentedRaftLogWorker: safeCacheEvictIndex: setUnconditionally 0 -> -1
2022-01-06 13:29:57,152 [pool-223-thread-1] INFO  server.RaftServerConfigKeys (ConfUtils.java:logGet(44)) - raft.server.snapshot.auto.trigger.enabled = true (custom)
2022-01-06 13:29:57,152 [pool-223-thread-1] INFO  server.RaftServerConfigKeys (ConfUtils.java:logGet(44)) - raft.server.snapshot.auto.trigger.threshold = 10000 (custom)
2022-01-06 13:29:57,152 [pool-223-thread-1] INFO  server.RaftServerConfigKeys (ConfUtils.java:logGet(44)) - raft.server.snapshot.retention.file.num = 5 (custom)
2022-01-06 13:29:57,152 [pool-223-thread-1] INFO  server.RaftServerConfigKeys (ConfUtils.java:logGet(44)) - raft.server.log.purge.upto.snapshot.index = false (default)
2022-01-06 13:29:57,152 [pool-223-thread-1] INFO  server.RaftServerConfigKeys (ConfUtils.java:logGet(44)) - raft.server.retrycache.expirytime = 600000ms (custom)
2022-01-06 13:29:57,153 [pool-223-thread-1] INFO  server.RaftServerConfigKeys (ConfUtils.java:logGet(44)) - raft.server.retrycache.statistics.expirytime = 100μs (default)
2022-01-06 13:29:57,153 [pool-223-thread-1] INFO  server.RaftServer$Division (RaftServerImpl.java:start(301)) - 76e53578-69cb-4294-9496-1cf18385f48a@group-1FE22983BC3E: start as a follower, conf=-1: [665e739a-157d-4ef9-b1c9-ec3dd6c8e45b|rpc:10.1.0.50:42233|dataStream:|priority:1, 177ce3f2-416d-49f6-9e1f-da5fb9a9d371|rpc:10.1.0.50:39477|dataStream:|priority:0, 76e53578-69cb-4294-9496-1cf18385f48a|rpc:10.1.0.50:41391|dataStream:|priority:0], old=null
2022-01-06 13:29:57,154 [pool-223-thread-1] INFO  server.RaftServer$Division (RaftServerImpl.java:setRole(290)) - 76e53578-69cb-4294-9496-1cf18385f48a@group-1FE22983BC3E: changes role from      null to FOLLOWER at term 0 for startAsFollower
2022-01-06 13:29:57,154 [pool-223-thread-1] INFO  impl.RoleInfo (RoleInfo.java:updateAndGet(130)) - 76e53578-69cb-4294-9496-1cf18385f48a: start 76e53578-69cb-4294-9496-1cf18385f48a@group-1FE22983BC3E-FollowerState
2022-01-06 13:29:57,154 [pool-223-thread-1] INFO  util.JmxRegister (JmxRegister.java:tryRegister(44)) - Successfully registered JMX Bean with object name Ratis:service=RaftServer,group=group-1FE22983BC3E,id=76e53578-69cb-4294-9496-1cf18385f48a
2022-01-06 13:29:57,165 [Command processor thread] INFO  commandhandler.CreatePipelineCommandHandler (CreatePipelineCommandHandler.java:handle(106)) - Created Pipeline RATIS THREE PipelineID=e04dc973-2c55-47c2-9965-1fe22983bc3e.
2022-01-06 13:29:57,235 [Command processor thread] INFO  server.RaftServer (RaftServerProxy.java:addNew(95)) - 665e739a-157d-4ef9-b1c9-ec3dd6c8e45b: addNew group-E679EF3C7C02:[665e739a-157d-4ef9-b1c9-ec3dd6c8e45b|rpc:10.1.0.50:42233|priority:1] returns group-E679EF3C7C02:java.util.concurrent.CompletableFuture@7255b1a1[Not completed]
2022-01-06 13:29:57,236 [pool-202-thread-1] INFO  server.RaftServer$Division (RaftServerImpl.java:<init>(184)) - 665e739a-157d-4ef9-b1c9-ec3dd6c8e45b: new RaftServerImpl for group-E679EF3C7C02:[665e739a-157d-4ef9-b1c9-ec3dd6c8e45b|rpc:10.1.0.50:42233|priority:1] with ContainerStateMachine:uninitialized
2022-01-06 13:29:57,236 [pool-202-thread-1] INFO  server.RaftServerConfigKeys (ConfUtils.java:logGet(44)) - raft.server.rpc.timeout.min = 5s (custom)
2022-01-06 13:29:57,237 [pool-202-thread-1] INFO  server.RaftServerConfigKeys (ConfUtils.java:logGet(44)) - raft.server.rpc.timeout.max = 5200ms (custom)
2022-01-06 13:29:57,237 [pool-202-thread-1] INFO  server.RaftServerConfigKeys (ConfUtils.java:logGet(44)) - raft.server.rpc.sleep.time = 25ms (default)
2022-01-06 13:29:57,237 [pool-202-thread-1] INFO  server.RaftServerConfigKeys (ConfUtils.java:logGet(44)) - raft.server.rpc.slowness.timeout = 300000ms (custom)
2022-01-06 13:29:57,237 [pool-202-thread-1] INFO  server.RaftServerConfigKeys (ConfUtils.java:logGet(44)) - raft.server.leaderelection.leader.step-down.wait-time = 10s (default)
2022-01-06 13:29:57,237 [pool-202-thread-1] INFO  server.RaftServerConfigKeys (ConfUtils.java:logGet(44)) - raft.server.sleep.deviation.threshold = 300ms (default)
2022-01-06 13:29:57,237 [pool-202-thread-1] INFO  server.RaftServerConfigKeys (ConfUtils.java:logGet(44)) - raft.server.log.appender.install.snapshot.enabled = false (custom)
2022-01-06 13:29:57,237 [pool-202-thread-1] INFO  server.RaftServer$Division (ServerState.java:<init>(105)) - 665e739a-157d-4ef9-b1c9-ec3dd6c8e45b@group-E679EF3C7C02: ConfigurationManager, init=-1: [665e739a-157d-4ef9-b1c9-ec3dd6c8e45b|rpc:10.1.0.50:42233|priority:1], old=null, confs=<EMPTY_MAP>
2022-01-06 13:29:57,237 [pool-202-thread-1] INFO  server.RaftServerConfigKeys (ConfUtils.java:logGet(44)) - raft.server.storage.dir = [/home/runner/work/ozone/ozone/hadoop-ozone/integration-test/target/test-dir/MiniOzoneClusterImpl-1040910a-51cd-4ce1-8f2d-abd84b974e59/datanode-7/data/ratis] (custom)
2022-01-06 13:29:57,237 [pool-202-thread-1] INFO  server.RaftServerConfigKeys (ConfUtils.java:logGet(44)) - raft.server.log.corruption.policy = EXCEPTION (default)
2022-01-06 13:29:57,237 [pool-202-thread-1] INFO  server.RaftServerConfigKeys (ConfUtils.java:logGet(44)) - raft.server.storage.free-space.min = 0MB (=0) (default)
2022-01-06 13:29:57,237 [pool-202-thread-1] INFO  storage.RaftStorageDirectory (RaftStorageDirectoryImpl.java:analyzeStorage(135)) - The storage directory /home/runner/work/ozone/ozone/hadoop-ozone/integration-test/target/test-dir/MiniOzoneClusterImpl-1040910a-51cd-4ce1-8f2d-abd84b974e59/datanode-7/data/ratis/5822dadb-f2d4-4a0d-a59b-e679ef3c7c02 does not exist. Creating ...
2022-01-06 13:29:57,238 [pool-202-thread-1] INFO  storage.RaftStorageDirectory (RaftStorageDirectoryImpl.java:tryLock(230)) - Lock on /home/runner/work/ozone/ozone/hadoop-ozone/integration-test/target/test-dir/MiniOzoneClusterImpl-1040910a-51cd-4ce1-8f2d-abd84b974e59/datanode-7/data/ratis/5822dadb-f2d4-4a0d-a59b-e679ef3c7c02/in_use.lock acquired by nodename 24655@fv-az59-280
2022-01-06 13:29:57,239 [pool-202-thread-1] INFO  storage.RaftStorage (RaftStorageImpl.java:format(89)) - Storage directory /home/runner/work/ozone/ozone/hadoop-ozone/integration-test/target/test-dir/MiniOzoneClusterImpl-1040910a-51cd-4ce1-8f2d-abd84b974e59/datanode-7/data/ratis/5822dadb-f2d4-4a0d-a59b-e679ef3c7c02 has been successfully formatted.
2022-01-06 13:29:57,240 [pool-202-thread-1] INFO  ratis.ContainerStateMachine (ContainerStateMachine.java:loadSnapshot(231)) - group-E679EF3C7C02: The snapshot info is null. Setting the last applied indexto:(t:0, i:~)
2022-01-06 13:29:57,240 [pool-202-thread-1] INFO  server.RaftServerConfigKeys (ConfUtils.java:logGet(44)) - raft.server.notification.no-leader.timeout = 300000ms (custom)
2022-01-06 13:29:57,240 [pool-202-thread-1] INFO  server.RaftServerConfigKeys (ConfUtils.java:logGet(44)) - raft.server.log.use.memory = false (default)
2022-01-06 13:29:57,240 [pool-202-thread-1] INFO  server.RaftServerConfigKeys (ConfUtils.java:logGet(44)) - raft.server.log.purge.gap = 1000000 (custom)
2022-01-06 13:29:57,240 [pool-202-thread-1] INFO  server.RaftServerConfigKeys (ConfUtils.java:logGet(44)) - raft.server.log.appender.buffer.byte-limit = 33554432 (custom)
2022-01-06 13:29:57,240 [pool-202-thread-1] INFO  server.RaftServerConfigKeys (ConfUtils.java:logGet(44)) - raft.server.log.segment.size.max = 1048576 (custom)
2022-01-06 13:29:57,241 [pool-202-thread-1] INFO  server.RaftServerConfigKeys (ConfUtils.java:logGet(44)) - raft.server.log.segment.cache.num.max = 2 (custom)
2022-01-06 13:29:57,241 [pool-202-thread-1] INFO  server.RaftServerConfigKeys (ConfUtils.java:logGet(44)) - raft.server.log.segment.cache.size.max = 200MB (=209715200) (default)
2022-01-06 13:29:57,241 [pool-202-thread-1] INFO  segmented.SegmentedRaftLogWorker (SegmentedRaftLogWorker.java:<init>(182)) - new 665e739a-157d-4ef9-b1c9-ec3dd6c8e45b@group-E679EF3C7C02-SegmentedRaftLogWorker for RaftStorageImpl:Storage Directory /home/runner/work/ozone/ozone/hadoop-ozone/integration-test/target/test-dir/MiniOzoneClusterImpl-1040910a-51cd-4ce1-8f2d-abd84b974e59/datanode-7/data/ratis/5822dadb-f2d4-4a0d-a59b-e679ef3c7c02
2022-01-06 13:29:57,241 [pool-202-thread-1] INFO  server.RaftServerConfigKeys (ConfUtils.java:logGet(44)) - raft.server.log.queue.byte-limit = 2147483647 (custom)
2022-01-06 13:29:57,241 [pool-202-thread-1] INFO  server.RaftServerConfigKeys (ConfUtils.java:logGet(44)) - raft.server.log.queue.element-limit = 1024 (custom)
2022-01-06 13:29:57,241 [pool-202-thread-1] INFO  server.RaftServerConfigKeys (ConfUtils.java:logGet(44)) - raft.server.log.segment.size.max = 1048576 (custom)
2022-01-06 13:29:57,241 [pool-202-thread-1] INFO  server.RaftServerConfigKeys (ConfUtils.java:logGet(44)) - raft.server.log.preallocated.size = 16384 (custom)
2022-01-06 13:29:57,241 [pool-202-thread-1] INFO  server.RaftServerConfigKeys (ConfUtils.java:logGet(44)) - raft.server.log.force.sync.num = 128 (default)
2022-01-06 13:29:57,241 [pool-202-thread-1] INFO  server.RaftServerConfigKeys (ConfUtils.java:logGet(44)) - raft.server.log.statemachine.data.sync = true (default)
2022-01-06 13:29:57,241 [pool-202-thread-1] INFO  server.RaftServerConfigKeys (ConfUtils.java:logGet(44)) - raft.server.log.statemachine.data.sync.timeout = 10s (default)
2022-01-06 13:29:57,241 [pool-202-thread-1] INFO  server.RaftServerConfigKeys (ConfUtils.java:logGet(44)) - raft.server.log.statemachine.data.sync.timeout.retry = -1 (default)
2022-01-06 13:29:57,241 [EventQueue-PipelineReportForPipelineReportHandler] INFO  pipeline.PipelineManagerImpl (PipelineManagerImpl.java:openPipeline(291)) - Pipeline Pipeline[ Id: 5822dadb-f2d4-4a0d-a59b-e679ef3c7c02, Nodes: 665e739a-157d-4ef9-b1c9-ec3dd6c8e45b{ip: 10.1.0.50, host: fv-az59-280.csjynl4pkq3e1pkirw3ssqjfoh.cx.internal.cloudapp.net, ports: [REPLICATION=43757, RATIS=42233, RATIS_ADMIN=42233, RATIS_SERVER=42233, STANDALONE=33423], networkLocation: /default-rack, certSerialId: null, persistedOpState: IN_SERVICE, persistedOpStateExpiryEpochSec: 0}, ReplicationConfig: RATIS/ONE, State:ALLOCATED, leaderId:665e739a-157d-4ef9-b1c9-ec3dd6c8e45b, CreationTimestamp2022-01-06T13:29:54.240Z[Etc/UTC]] moved to OPEN state
2022-01-06 13:29:57,242 [pool-202-thread-1] INFO  server.RaftServerConfigKeys (ConfUtils.java:logGet(44)) - raft.server.log.write.buffer.size = 1048576 (custom)
2022-01-06 13:29:57,242 [EventQueue-OpenPipelineForHealthyPipelineSafeModeRule] INFO  safemode.SCMSafeModeManager (HealthyPipelineSafeModeRule.java:process(124)) - SCM in safe mode. Healthy pipelines reported count is 0, required healthy pipeline reported count is 1
2022-01-06 13:29:57,245 [pool-202-thread-1] INFO  server.RaftServerConfigKeys (ConfUtils.java:logGet(44)) - raft.server.log.statemachine.data.caching.enabled = true (custom)
2022-01-06 13:29:57,247 [pool-202-thread-1] INFO  segmented.SegmentedRaftLogWorker (SegmentedRaftLogWorker.java:lambda$new$0(133)) - 665e739a-157d-4ef9-b1c9-ec3dd6c8e45b@group-E679EF3C7C02-SegmentedRaftLogWorker: flushIndex: setUnconditionally 0 -> -1
2022-01-06 13:29:57,247 [pool-202-thread-1] INFO  segmented.SegmentedRaftLogWorker (SegmentedRaftLogWorker.java:lambda$new$0(133)) - 665e739a-157d-4ef9-b1c9-ec3dd6c8e45b@group-E679EF3C7C02-SegmentedRaftLogWorker: safeCacheEvictIndex: setUnconditionally 0 -> -1
2022-01-06 13:29:57,247 [pool-202-thread-1] INFO  server.RaftServerConfigKeys (ConfUtils.java:logGet(44)) - raft.server.snapshot.auto.trigger.enabled = true (custom)
2022-01-06 13:29:57,247 [pool-202-thread-1] INFO  server.RaftServerConfigKeys (ConfUtils.java:logGet(44)) - raft.server.snapshot.auto.trigger.threshold = 10000 (custom)
2022-01-06 13:29:57,247 [pool-202-thread-1] INFO  server.RaftServerConfigKeys (ConfUtils.java:logGet(44)) - raft.server.snapshot.retention.file.num = 5 (custom)
2022-01-06 13:29:57,247 [pool-202-thread-1] INFO  server.RaftServerConfigKeys (ConfUtils.java:logGet(44)) - raft.server.log.purge.upto.snapshot.index = false (default)
2022-01-06 13:29:57,247 [pool-202-thread-1] INFO  server.RaftServerConfigKeys (ConfUtils.java:logGet(44)) - raft.server.retrycache.expirytime = 600000ms (custom)
2022-01-06 13:29:57,247 [pool-202-thread-1] INFO  server.RaftServerConfigKeys (ConfUtils.java:logGet(44)) - raft.server.retrycache.statistics.expirytime = 100μs (default)
2022-01-06 13:29:57,248 [pool-202-thread-1] INFO  server.RaftServer$Division (RaftServerImpl.java:start(301)) - 665e739a-157d-4ef9-b1c9-ec3dd6c8e45b@group-E679EF3C7C02: start as a follower, conf=-1: [665e739a-157d-4ef9-b1c9-ec3dd6c8e45b|rpc:10.1.0.50:42233|priority:1], old=null
2022-01-06 13:29:57,248 [pool-202-thread-1] INFO  server.RaftServer$Division (RaftServerImpl.java:setRole(290)) - 665e739a-157d-4ef9-b1c9-ec3dd6c8e45b@group-E679EF3C7C02: changes role from      null to FOLLOWER at term 0 for startAsFollower
2022-01-06 13:29:57,248 [pool-202-thread-1] INFO  impl.RoleInfo (RoleInfo.java:updateAndGet(130)) - 665e739a-157d-4ef9-b1c9-ec3dd6c8e45b: start 665e739a-157d-4ef9-b1c9-ec3dd6c8e45b@group-E679EF3C7C02-FollowerState
2022-01-06 13:29:57,249 [pool-202-thread-1] INFO  util.JmxRegister (JmxRegister.java:tryRegister(44)) - Successfully registered JMX Bean with object name Ratis:service=RaftServer,group=group-E679EF3C7C02,id=665e739a-157d-4ef9-b1c9-ec3dd6c8e45b
2022-01-06 13:29:57,250 [Command processor thread] INFO  ratis.XceiverServerRatis (XceiverServerRatis.java:addGroup(768)) - Created group PipelineID=5822dadb-f2d4-4a0d-a59b-e679ef3c7c02
2022-01-06 13:29:57,250 [Command processor thread] INFO  commandhandler.CreatePipelineCommandHandler (CreatePipelineCommandHandler.java:handle(106)) - Created Pipeline RATIS ONE PipelineID=5822dadb-f2d4-4a0d-a59b-e679ef3c7c02.
2022-01-06 13:29:57,399 [Listener at 127.0.0.1/36535] INFO  ozone.MiniOzoneClusterImpl (MiniOzoneClusterImpl.java:lambda$waitForClusterToBeReady$0(235)) - Nodes are ready. Got 9 of 9 DN Heartbeats.
2022-01-06 13:29:57,399 [Listener at 127.0.0.1/36535] INFO  ozone.MiniOzoneClusterImpl (MiniOzoneClusterImpl.java:lambda$waitForClusterToBeReady$0(238)) - Waiting for cluster to exit safe mode
2022-01-06 13:29:57,399 [Listener at 127.0.0.1/36535] INFO  ozone.MiniOzoneClusterImpl (MiniOzoneClusterImpl.java:lambda$waitForClusterToBeReady$0(240)) - SCM became leader
2022-01-06 13:29:57,400 [pool-223-thread-1] INFO  server.RaftServer$Division (RaftServerImpl.java:<init>(184)) - 76e53578-69cb-4294-9496-1cf18385f48a: new RaftServerImpl for group-044480F4D795:[76e53578-69cb-4294-9496-1cf18385f48a|rpc:10.1.0.50:41391|priority:1] with ContainerStateMachine:uninitialized
2022-01-06 13:29:57,400 [pool-223-thread-1] INFO  server.RaftServerConfigKeys (ConfUtils.java:logGet(44)) - raft.server.rpc.timeout.min = 5s (custom)
2022-01-06 13:29:57,400 [pool-223-thread-1] INFO  server.RaftServerConfigKeys (ConfUtils.java:logGet(44)) - raft.server.rpc.timeout.max = 5200ms (custom)
2022-01-06 13:29:57,400 [pool-223-thread-1] INFO  server.RaftServerConfigKeys (ConfUtils.java:logGet(44)) - raft.server.rpc.sleep.time = 25ms (default)
2022-01-06 13:29:57,400 [pool-223-thread-1] INFO  server.RaftServerConfigKeys (ConfUtils.java:logGet(44)) - raft.server.rpc.slowness.timeout = 300000ms (custom)
2022-01-06 13:29:57,400 [pool-223-thread-1] INFO  server.RaftServerConfigKeys (ConfUtils.java:logGet(44)) - raft.server.leaderelection.leader.step-down.wait-time = 10s (default)
2022-01-06 13:29:57,400 [pool-223-thread-1] INFO  server.RaftServerConfigKeys (ConfUtils.java:logGet(44)) - raft.server.sleep.deviation.threshold = 300ms (default)
2022-01-06 13:29:57,400 [pool-223-thread-1] INFO  server.RaftServerConfigKeys (ConfUtils.java:logGet(44)) - raft.server.log.appender.install.snapshot.enabled = false (custom)
2022-01-06 13:29:57,400 [pool-223-thread-1] INFO  server.RaftServer$Division (ServerState.java:<init>(105)) - 76e53578-69cb-4294-9496-1cf18385f48a@group-044480F4D795: ConfigurationManager, init=-1: [76e53578-69cb-4294-9496-1cf18385f48a|rpc:10.1.0.50:41391|priority:1], old=null, confs=<EMPTY_MAP>
2022-01-06 13:29:57,400 [pool-223-thread-1] INFO  server.RaftServerConfigKeys (ConfUtils.java:logGet(44)) - raft.server.storage.dir = [/home/runner/work/ozone/ozone/hadoop-ozone/integration-test/target/test-dir/MiniOzoneClusterImpl-1040910a-51cd-4ce1-8f2d-abd84b974e59/datanode-8/data/ratis] (custom)
2022-01-06 13:29:57,400 [pool-223-thread-1] INFO  server.RaftServerConfigKeys (ConfUtils.java:logGet(44)) - raft.server.log.corruption.policy = EXCEPTION (default)
2022-01-06 13:29:57,401 [pool-223-thread-1] INFO  server.RaftServerConfigKeys (ConfUtils.java:logGet(44)) - raft.server.storage.free-space.min = 0MB (=0) (default)
2022-01-06 13:29:57,401 [pool-223-thread-1] INFO  storage.RaftStorageDirectory (RaftStorageDirectoryImpl.java:analyzeStorage(135)) - The storage directory /home/runner/work/ozone/ozone/hadoop-ozone/integration-test/target/test-dir/MiniOzoneClusterImpl-1040910a-51cd-4ce1-8f2d-abd84b974e59/datanode-8/data/ratis/2fbe6e56-73fa-444f-9fe4-044480f4d795 does not exist. Creating ...
2022-01-06 13:29:57,399 [Command processor thread] INFO  server.RaftServer (RaftServerProxy.java:addNew(95)) - 76e53578-69cb-4294-9496-1cf18385f48a: addNew group-044480F4D795:[76e53578-69cb-4294-9496-1cf18385f48a|rpc:10.1.0.50:41391|priority:1] returns group-044480F4D795:java.util.concurrent.CompletableFuture@75f772a0[Not completed]
2022-01-06 13:29:57,402 [pool-223-thread-1] INFO  storage.RaftStorageDirectory (RaftStorageDirectoryImpl.java:tryLock(230)) - Lock on /home/runner/work/ozone/ozone/hadoop-ozone/integration-test/target/test-dir/MiniOzoneClusterImpl-1040910a-51cd-4ce1-8f2d-abd84b974e59/datanode-8/data/ratis/2fbe6e56-73fa-444f-9fe4-044480f4d795/in_use.lock acquired by nodename 24655@fv-az59-280
2022-01-06 13:29:57,403 [pool-223-thread-1] INFO  storage.RaftStorage (RaftStorageImpl.java:format(89)) - Storage directory /home/runner/work/ozone/ozone/hadoop-ozone/integration-test/target/test-dir/MiniOzoneClusterImpl-1040910a-51cd-4ce1-8f2d-abd84b974e59/datanode-8/data/ratis/2fbe6e56-73fa-444f-9fe4-044480f4d795 has been successfully formatted.
2022-01-06 13:29:57,403 [pool-223-thread-1] INFO  ratis.ContainerStateMachine (ContainerStateMachine.java:loadSnapshot(231)) - group-044480F4D795: The snapshot info is null. Setting the last applied indexto:(t:0, i:~)
2022-01-06 13:29:57,404 [pool-223-thread-1] INFO  server.RaftServerConfigKeys (ConfUtils.java:logGet(44)) - raft.server.notification.no-leader.timeout = 300000ms (custom)
2022-01-06 13:29:57,404 [pool-223-thread-1] INFO  server.RaftServerConfigKeys (ConfUtils.java:logGet(44)) - raft.server.log.use.memory = false (default)
2022-01-06 13:29:57,404 [pool-223-thread-1] INFO  server.RaftServerConfigKeys (ConfUtils.java:logGet(44)) - raft.server.log.purge.gap = 1000000 (custom)
2022-01-06 13:29:57,404 [pool-223-thread-1] INFO  server.RaftServerConfigKeys (ConfUtils.java:logGet(44)) - raft.server.log.appender.buffer.byte-limit = 33554432 (custom)
2022-01-06 13:29:57,404 [pool-223-thread-1] INFO  server.RaftServerConfigKeys (ConfUtils.java:logGet(44)) - raft.server.log.segment.size.max = 1048576 (custom)
2022-01-06 13:29:57,404 [pool-223-thread-1] INFO  server.RaftServerConfigKeys (ConfUtils.java:logGet(44)) - raft.server.log.segment.cache.num.max = 2 (custom)
2022-01-06 13:29:57,404 [pool-223-thread-1] INFO  server.RaftServerConfigKeys (ConfUtils.java:logGet(44)) - raft.server.log.segment.cache.size.max = 200MB (=209715200) (default)
2022-01-06 13:29:57,405 [pool-223-thread-1] INFO  segmented.SegmentedRaftLogWorker (SegmentedRaftLogWorker.java:<init>(182)) - new 76e53578-69cb-4294-9496-1cf18385f48a@group-044480F4D795-SegmentedRaftLogWorker for RaftStorageImpl:Storage Directory /home/runner/work/ozone/ozone/hadoop-ozone/integration-test/target/test-dir/MiniOzoneClusterImpl-1040910a-51cd-4ce1-8f2d-abd84b974e59/datanode-8/data/ratis/2fbe6e56-73fa-444f-9fe4-044480f4d795
2022-01-06 13:29:57,405 [pool-223-thread-1] INFO  server.RaftServerConfigKeys (ConfUtils.java:logGet(44)) - raft.server.log.queue.byte-limit = 2147483647 (custom)
2022-01-06 13:29:57,405 [pool-223-thread-1] INFO  server.RaftServerConfigKeys (ConfUtils.java:logGet(44)) - raft.server.log.queue.element-limit = 1024 (custom)
2022-01-06 13:29:57,405 [pool-223-thread-1] INFO  server.RaftServerConfigKeys (ConfUtils.java:logGet(44)) - raft.server.log.segment.size.max = 1048576 (custom)
2022-01-06 13:29:57,405 [pool-223-thread-1] INFO  server.RaftServerConfigKeys (ConfUtils.java:logGet(44)) - raft.server.log.preallocated.size = 16384 (custom)
2022-01-06 13:29:57,405 [pool-223-thread-1] INFO  server.RaftServerConfigKeys (ConfUtils.java:logGet(44)) - raft.server.log.force.sync.num = 128 (default)
2022-01-06 13:29:57,405 [pool-223-thread-1] INFO  server.RaftServerConfigKeys (ConfUtils.java:logGet(44)) - raft.server.log.statemachine.data.sync = true (default)
2022-01-06 13:29:57,405 [pool-223-thread-1] INFO  server.RaftServerConfigKeys (ConfUtils.java:logGet(44)) - raft.server.log.statemachine.data.sync.timeout = 10s (default)
2022-01-06 13:29:57,405 [pool-223-thread-1] INFO  server.RaftServerConfigKeys (ConfUtils.java:logGet(44)) - raft.server.log.statemachine.data.sync.timeout.retry = -1 (default)
2022-01-06 13:29:57,406 [pool-223-thread-1] INFO  server.RaftServerConfigKeys (ConfUtils.java:logGet(44)) - raft.server.log.write.buffer.size = 1048576 (custom)
2022-01-06 13:29:57,406 [pool-223-thread-1] INFO  server.RaftServerConfigKeys (ConfUtils.java:logGet(44)) - raft.server.log.statemachine.data.caching.enabled = true (custom)
2022-01-06 13:29:57,406 [pool-223-thread-1] INFO  segmented.SegmentedRaftLogWorker (SegmentedRaftLogWorker.java:lambda$new$0(133)) - 76e53578-69cb-4294-9496-1cf18385f48a@group-044480F4D795-SegmentedRaftLogWorker: flushIndex: setUnconditionally 0 -> -1
2022-01-06 13:29:57,406 [pool-223-thread-1] INFO  segmented.SegmentedRaftLogWorker (SegmentedRaftLogWorker.java:lambda$new$0(133)) - 76e53578-69cb-4294-9496-1cf18385f48a@group-044480F4D795-SegmentedRaftLogWorker: safeCacheEvictIndex: setUnconditionally 0 -> -1
2022-01-06 13:29:57,408 [EventQueue-PipelineReportForPipelineReportHandler] INFO  pipeline.PipelineManagerImpl (PipelineManagerImpl.java:openPipeline(291)) - Pipeline Pipeline[ Id: 2fbe6e56-73fa-444f-9fe4-044480f4d795, Nodes: 76e53578-69cb-4294-9496-1cf18385f48a{ip: 10.1.0.50, host: fv-az59-280.csjynl4pkq3e1pkirw3ssqjfoh.cx.internal.cloudapp.net, ports: [REPLICATION=45325, RATIS=41391, RATIS_ADMIN=41391, RATIS_SERVER=41391, STANDALONE=41745], networkLocation: /default-rack, certSerialId: null, persistedOpState: IN_SERVICE, persistedOpStateExpiryEpochSec: 0}, ReplicationConfig: RATIS/ONE, State:ALLOCATED, leaderId:76e53578-69cb-4294-9496-1cf18385f48a, CreationTimestamp2022-01-06T13:29:54.403Z[Etc/UTC]] moved to OPEN state
2022-01-06 13:29:57,408 [EventQueue-OpenPipelineForHealthyPipelineSafeModeRule] INFO  safemode.SCMSafeModeManager (HealthyPipelineSafeModeRule.java:process(124)) - SCM in safe mode. Healthy pipelines reported count is 0, required healthy pipeline reported count is 1
2022-01-06 13:29:57,411 [pool-223-thread-1] INFO  server.RaftServerConfigKeys (ConfUtils.java:logGet(44)) - raft.server.snapshot.auto.trigger.enabled = true (custom)
2022-01-06 13:29:57,412 [pool-223-thread-1] INFO  server.RaftServerConfigKeys (ConfUtils.java:logGet(44)) - raft.server.snapshot.auto.trigger.threshold = 10000 (custom)
2022-01-06 13:29:57,412 [pool-223-thread-1] INFO  server.RaftServerConfigKeys (ConfUtils.java:logGet(44)) - raft.server.snapshot.retention.file.num = 5 (custom)
2022-01-06 13:29:57,412 [pool-223-thread-1] INFO  server.RaftServerConfigKeys (ConfUtils.java:logGet(44)) - raft.server.log.purge.upto.snapshot.index = false (default)
2022-01-06 13:29:57,412 [pool-223-thread-1] INFO  server.RaftServerConfigKeys (ConfUtils.java:logGet(44)) - raft.server.retrycache.expirytime = 600000ms (custom)
2022-01-06 13:29:57,412 [pool-223-thread-1] INFO  server.RaftServerConfigKeys (ConfUtils.java:logGet(44)) - raft.server.retrycache.statistics.expirytime = 100μs (default)
2022-01-06 13:29:57,413 [pool-223-thread-1] INFO  server.RaftServer$Division (RaftServerImpl.java:start(301)) - 76e53578-69cb-4294-9496-1cf18385f48a@group-044480F4D795: start as a follower, conf=-1: [76e53578-69cb-4294-9496-1cf18385f48a|rpc:10.1.0.50:41391|priority:1], old=null
2022-01-06 13:29:57,413 [pool-223-thread-1] INFO  server.RaftServer$Division (RaftServerImpl.java:setRole(290)) - 76e53578-69cb-4294-9496-1cf18385f48a@group-044480F4D795: changes role from      null to FOLLOWER at term 0 for startAsFollower
2022-01-06 13:29:57,413 [pool-223-thread-1] INFO  impl.RoleInfo (RoleInfo.java:updateAndGet(130)) - 76e53578-69cb-4294-9496-1cf18385f48a: start 76e53578-69cb-4294-9496-1cf18385f48a@group-044480F4D795-FollowerState
2022-01-06 13:29:57,413 [pool-223-thread-1] INFO  util.JmxRegister (JmxRegister.java:tryRegister(44)) - Successfully registered JMX Bean with object name Ratis:service=RaftServer,group=group-044480F4D795,id=76e53578-69cb-4294-9496-1cf18385f48a
2022-01-06 13:29:57,414 [Command processor thread] INFO  ratis.XceiverServerRatis (XceiverServerRatis.java:addGroup(768)) - Created group PipelineID=2fbe6e56-73fa-444f-9fe4-044480f4d795
2022-01-06 13:29:57,414 [Command processor thread] INFO  commandhandler.CreatePipelineCommandHandler (CreatePipelineCommandHandler.java:handle(106)) - Created Pipeline RATIS ONE PipelineID=2fbe6e56-73fa-444f-9fe4-044480f4d795.
2022-01-06 13:29:58,399 [Listener at 127.0.0.1/36535] INFO  ozone.MiniOzoneClusterImpl (MiniOzoneClusterImpl.java:lambda$waitForClusterToBeReady$0(235)) - Nodes are ready. Got 9 of 9 DN Heartbeats.
2022-01-06 13:29:58,400 [Listener at 127.0.0.1/36535] INFO  ozone.MiniOzoneClusterImpl (MiniOzoneClusterImpl.java:lambda$waitForClusterToBeReady$0(238)) - Waiting for cluster to exit safe mode
2022-01-06 13:29:58,400 [Listener at 127.0.0.1/36535] INFO  ozone.MiniOzoneClusterImpl (MiniOzoneClusterImpl.java:lambda$waitForClusterToBeReady$0(240)) - SCM became leader
2022-01-06 13:29:59,400 [Listener at 127.0.0.1/36535] INFO  ozone.MiniOzoneClusterImpl (MiniOzoneClusterImpl.java:lambda$waitForClusterToBeReady$0(235)) - Nodes are ready. Got 9 of 9 DN Heartbeats.
2022-01-06 13:29:59,401 [Listener at 127.0.0.1/36535] INFO  ozone.MiniOzoneClusterImpl (MiniOzoneClusterImpl.java:lambda$waitForClusterToBeReady$0(238)) - Waiting for cluster to exit safe mode
2022-01-06 13:29:59,401 [Listener at 127.0.0.1/36535] INFO  ozone.MiniOzoneClusterImpl (MiniOzoneClusterImpl.java:lambda$waitForClusterToBeReady$0(240)) - SCM became leader
2022-01-06 13:30:00,402 [Listener at 127.0.0.1/36535] INFO  ozone.MiniOzoneClusterImpl (MiniOzoneClusterImpl.java:lambda$waitForClusterToBeReady$0(235)) - Nodes are ready. Got 9 of 9 DN Heartbeats.
2022-01-06 13:30:00,402 [Listener at 127.0.0.1/36535] INFO  ozone.MiniOzoneClusterImpl (MiniOzoneClusterImpl.java:lambda$waitForClusterToBeReady$0(238)) - Waiting for cluster to exit safe mode
2022-01-06 13:30:00,402 [Listener at 127.0.0.1/36535] INFO  ozone.MiniOzoneClusterImpl (MiniOzoneClusterImpl.java:lambda$waitForClusterToBeReady$0(240)) - SCM became leader
2022-01-06 13:30:00,662 [30761433-74de-448b-9041-b7efaa078424@group-99B4631465CC-FollowerState] INFO  impl.FollowerState (FollowerState.java:run(134)) - 30761433-74de-448b-9041-b7efaa078424@group-99B4631465CC-FollowerState: change to CANDIDATE, lastRpcElapsedTime:5045401245ns, electionTimeout:5038ms
2022-01-06 13:30:00,662 [30761433-74de-448b-9041-b7efaa078424@group-99B4631465CC-FollowerState] INFO  impl.RoleInfo (RoleInfo.java:shutdownFollowerState(108)) - 30761433-74de-448b-9041-b7efaa078424: shutdown 30761433-74de-448b-9041-b7efaa078424@group-99B4631465CC-FollowerState
2022-01-06 13:30:00,662 [30761433-74de-448b-9041-b7efaa078424@group-99B4631465CC-FollowerState] INFO  server.RaftServer$Division (RaftServerImpl.java:setRole(290)) - 30761433-74de-448b-9041-b7efaa078424@group-99B4631465CC: changes role from  FOLLOWER to CANDIDATE at term 0 for changeToCandidate
2022-01-06 13:30:00,664 [30761433-74de-448b-9041-b7efaa078424@group-99B4631465CC-FollowerState] INFO  server.RaftServerConfigKeys (ConfUtils.java:logGet(44)) - raft.server.leaderelection.pre-vote = false (custom)
2022-01-06 13:30:00,664 [30761433-74de-448b-9041-b7efaa078424@group-99B4631465CC-FollowerState] INFO  impl.RoleInfo (RoleInfo.java:updateAndGet(130)) - 30761433-74de-448b-9041-b7efaa078424: start 30761433-74de-448b-9041-b7efaa078424@group-99B4631465CC-LeaderElection2
2022-01-06 13:30:00,669 [30761433-74de-448b-9041-b7efaa078424@group-99B4631465CC-LeaderElection2] INFO  impl.LeaderElection (LeaderElection.java:askForVotes(306)) - 30761433-74de-448b-9041-b7efaa078424@group-99B4631465CC-LeaderElection2 ELECTION round 0: submit vote requests at term 1 for -1: [129ac5cb-389f-40c7-b14f-a1c1703048e2|rpc:10.1.0.50:43165|priority:0, 30761433-74de-448b-9041-b7efaa078424|rpc:10.1.0.50:41385|priority:0, 22c8497a-9e61-48ae-afcc-0cb0db452240|rpc:10.1.0.50:44975|priority:1], old=null
2022-01-06 13:30:00,691 [grpc-default-executor-1] INFO  server.RaftServer$Division (RaftServerImpl.java:requestVote(1046)) - 22c8497a-9e61-48ae-afcc-0cb0db452240@group-99B4631465CC: receive requestVote(ELECTION, 30761433-74de-448b-9041-b7efaa078424, group-99B4631465CC, 1, (t:0, i:0))
2022-01-06 13:30:00,693 [grpc-default-executor-0] INFO  server.RaftServer$Division (RaftServerImpl.java:requestVote(1046)) - 129ac5cb-389f-40c7-b14f-a1c1703048e2@group-99B4631465CC: receive requestVote(ELECTION, 30761433-74de-448b-9041-b7efaa078424, group-99B4631465CC, 1, (t:0, i:0))
2022-01-06 13:30:00,693 [grpc-default-executor-0] INFO  impl.VoteContext (VoteContext.java:log(48)) - 129ac5cb-389f-40c7-b14f-a1c1703048e2@group-99B4631465CC-FOLLOWER: accept ELECTION from 30761433-74de-448b-9041-b7efaa078424: our priority 0 <= candidate's priority 0
2022-01-06 13:30:00,693 [grpc-default-executor-0] INFO  server.RaftServer$Division (RaftServerImpl.java:setRole(290)) - 129ac5cb-389f-40c7-b14f-a1c1703048e2@group-99B4631465CC: changes role from  FOLLOWER to FOLLOWER at term 1 for candidate:30761433-74de-448b-9041-b7efaa078424
2022-01-06 13:30:00,693 [grpc-default-executor-0] INFO  impl.RoleInfo (RoleInfo.java:shutdownFollowerState(108)) - 129ac5cb-389f-40c7-b14f-a1c1703048e2: shutdown 129ac5cb-389f-40c7-b14f-a1c1703048e2@group-99B4631465CC-FollowerState
2022-01-06 13:30:00,694 [grpc-default-executor-0] INFO  impl.RoleInfo (RoleInfo.java:updateAndGet(130)) - 129ac5cb-389f-40c7-b14f-a1c1703048e2: start 129ac5cb-389f-40c7-b14f-a1c1703048e2@group-99B4631465CC-FollowerState
2022-01-06 13:30:00,694 [129ac5cb-389f-40c7-b14f-a1c1703048e2@group-99B4631465CC-FollowerState] INFO  impl.FollowerState (FollowerState.java:run(143)) - 129ac5cb-389f-40c7-b14f-a1c1703048e2@group-99B4631465CC-FollowerState was interrupted: {}
java.lang.InterruptedException: sleep interrupted
	at java.lang.Thread.sleep(Native Method)
	at java.lang.Thread.sleep(Thread.java:340)
	at java.util.concurrent.TimeUnit.sleep(TimeUnit.java:386)
	at org.apache.ratis.util.TimeDuration.sleep(TimeDuration.java:324)
	at org.apache.ratis.util.TimeDuration.sleep(TimeDuration.java:309)
	at org.apache.ratis.server.impl.FollowerState.run(FollowerState.java:118)
2022-01-06 13:30:00,697 [grpc-default-executor-1] INFO  impl.VoteContext (VoteContext.java:log(48)) - 22c8497a-9e61-48ae-afcc-0cb0db452240@group-99B4631465CC-FOLLOWER: reject ELECTION from 30761433-74de-448b-9041-b7efaa078424: our priority 1 > candidate's priority 0
2022-01-06 13:30:00,705 [grpc-default-executor-1] INFO  server.RaftServer$Division (RaftServerImpl.java:setRole(290)) - 22c8497a-9e61-48ae-afcc-0cb0db452240@group-99B4631465CC: changes role from  FOLLOWER to FOLLOWER at term 1 for candidate:30761433-74de-448b-9041-b7efaa078424
2022-01-06 13:30:00,705 [grpc-default-executor-1] INFO  impl.RoleInfo (RoleInfo.java:shutdownFollowerState(108)) - 22c8497a-9e61-48ae-afcc-0cb0db452240: shutdown 22c8497a-9e61-48ae-afcc-0cb0db452240@group-99B4631465CC-FollowerState
2022-01-06 13:30:00,705 [grpc-default-executor-1] INFO  impl.RoleInfo (RoleInfo.java:updateAndGet(130)) - 22c8497a-9e61-48ae-afcc-0cb0db452240: start 22c8497a-9e61-48ae-afcc-0cb0db452240@group-99B4631465CC-FollowerState
2022-01-06 13:30:00,705 [22c8497a-9e61-48ae-afcc-0cb0db452240@group-99B4631465CC-FollowerState] INFO  impl.FollowerState (FollowerState.java:run(143)) - 22c8497a-9e61-48ae-afcc-0cb0db452240@group-99B4631465CC-FollowerState was interrupted: {}
java.lang.InterruptedException: sleep interrupted
	at java.lang.Thread.sleep(Native Method)
	at java.lang.Thread.sleep(Thread.java:340)
	at java.util.concurrent.TimeUnit.sleep(TimeUnit.java:386)
	at org.apache.ratis.util.TimeDuration.sleep(TimeDuration.java:324)
	at org.apache.ratis.util.TimeDuration.sleep(TimeDuration.java:309)
	at org.apache.ratis.server.impl.FollowerState.run(FollowerState.java:118)
2022-01-06 13:30:00,705 [30761433-74de-448b-9041-b7efaa078424@group-57D22A8C9907-FollowerState] INFO  impl.FollowerState (FollowerState.java:run(134)) - 30761433-74de-448b-9041-b7efaa078424@group-57D22A8C9907-FollowerState: change to CANDIDATE, lastRpcElapsedTime:5132370206ns, electionTimeout:5126ms
2022-01-06 13:30:00,705 [30761433-74de-448b-9041-b7efaa078424@group-57D22A8C9907-FollowerState] INFO  impl.RoleInfo (RoleInfo.java:shutdownFollowerState(108)) - 30761433-74de-448b-9041-b7efaa078424: shutdown 30761433-74de-448b-9041-b7efaa078424@group-57D22A8C9907-FollowerState
2022-01-06 13:30:00,705 [30761433-74de-448b-9041-b7efaa078424@group-57D22A8C9907-FollowerState] INFO  server.RaftServer$Division (RaftServerImpl.java:setRole(290)) - 30761433-74de-448b-9041-b7efaa078424@group-57D22A8C9907: changes role from  FOLLOWER to CANDIDATE at term 0 for changeToCandidate
2022-01-06 13:30:00,708 [grpc-default-executor-0] INFO  server.RaftServer$Division (RaftServerImpl.java:requestVote(1078)) - 129ac5cb-389f-40c7-b14f-a1c1703048e2@group-99B4631465CC replies to ELECTION vote request: 30761433-74de-448b-9041-b7efaa078424<-129ac5cb-389f-40c7-b14f-a1c1703048e2#0:OK-t1. Peer's state: 129ac5cb-389f-40c7-b14f-a1c1703048e2@group-99B4631465CC:t1, leader=null, voted=30761433-74de-448b-9041-b7efaa078424, raftlog=129ac5cb-389f-40c7-b14f-a1c1703048e2@group-99B4631465CC-SegmentedRaftLog:OPENED:c-1, conf=-1: [129ac5cb-389f-40c7-b14f-a1c1703048e2|rpc:10.1.0.50:43165|dataStream:|priority:0, 30761433-74de-448b-9041-b7efaa078424|rpc:10.1.0.50:41385|dataStream:|priority:0, 22c8497a-9e61-48ae-afcc-0cb0db452240|rpc:10.1.0.50:44975|dataStream:|priority:1], old=null
2022-01-06 13:30:00,711 [grpc-default-executor-1] INFO  server.RaftServer$Division (RaftServerImpl.java:requestVote(1078)) - 22c8497a-9e61-48ae-afcc-0cb0db452240@group-99B4631465CC replies to ELECTION vote request: 30761433-74de-448b-9041-b7efaa078424<-22c8497a-9e61-48ae-afcc-0cb0db452240#0:FAIL-t1. Peer's state: 22c8497a-9e61-48ae-afcc-0cb0db452240@group-99B4631465CC:t1, leader=null, voted=null, raftlog=22c8497a-9e61-48ae-afcc-0cb0db452240@group-99B4631465CC-SegmentedRaftLog:OPENED:c-1, conf=-1: [129ac5cb-389f-40c7-b14f-a1c1703048e2|rpc:10.1.0.50:43165|priority:0, 30761433-74de-448b-9041-b7efaa078424|rpc:10.1.0.50:41385|priority:0, 22c8497a-9e61-48ae-afcc-0cb0db452240|rpc:10.1.0.50:44975|priority:1], old=null
2022-01-06 13:30:00,713 [30761433-74de-448b-9041-b7efaa078424@group-99B4631465CC-LeaderElection2] INFO  impl.LeaderElection (LeaderElection.java:logAndReturn(89)) - 30761433-74de-448b-9041-b7efaa078424@group-99B4631465CC-LeaderElection2: ELECTION REJECTED received 1 response(s) and 0 exception(s):
2022-01-06 13:30:00,719 [30761433-74de-448b-9041-b7efaa078424@group-99B4631465CC-LeaderElection2] INFO  impl.LeaderElection (LeaderElection.java:logAndReturn(93)) -   Response 0: 30761433-74de-448b-9041-b7efaa078424<-22c8497a-9e61-48ae-afcc-0cb0db452240#0:FAIL-t1
2022-01-06 13:30:00,719 [30761433-74de-448b-9041-b7efaa078424@group-99B4631465CC-LeaderElection2] INFO  impl.LeaderElection (LeaderElection.java:askForVotes(308)) - 30761433-74de-448b-9041-b7efaa078424@group-99B4631465CC-LeaderElection2 ELECTION round 0: result REJECTED
2022-01-06 13:30:00,714 [30761433-74de-448b-9041-b7efaa078424@group-57D22A8C9907-FollowerState] INFO  server.RaftServerConfigKeys (ConfUtils.java:logGet(44)) - raft.server.leaderelection.pre-vote = false (custom)
2022-01-06 13:30:00,721 [30761433-74de-448b-9041-b7efaa078424@group-99B4631465CC-LeaderElection2] INFO  server.RaftServer$Division (RaftServerImpl.java:setRole(290)) - 30761433-74de-448b-9041-b7efaa078424@group-99B4631465CC: changes role from CANDIDATE to FOLLOWER at term 1 for REJECTED
2022-01-06 13:30:00,721 [30761433-74de-448b-9041-b7efaa078424@group-99B4631465CC-LeaderElection2] INFO  impl.RoleInfo (RoleInfo.java:shutdownLeaderElection(121)) - 30761433-74de-448b-9041-b7efaa078424: shutdown 30761433-74de-448b-9041-b7efaa078424@group-99B4631465CC-LeaderElection2
2022-01-06 13:30:00,721 [30761433-74de-448b-9041-b7efaa078424@group-57D22A8C9907-FollowerState] INFO  impl.RoleInfo (RoleInfo.java:updateAndGet(130)) - 30761433-74de-448b-9041-b7efaa078424: start 30761433-74de-448b-9041-b7efaa078424@group-57D22A8C9907-LeaderElection3
2022-01-06 13:30:00,721 [30761433-74de-448b-9041-b7efaa078424@group-99B4631465CC-LeaderElection2] INFO  impl.RoleInfo (RoleInfo.java:updateAndGet(130)) - 30761433-74de-448b-9041-b7efaa078424: start 30761433-74de-448b-9041-b7efaa078424@group-99B4631465CC-FollowerState
2022-01-06 13:30:00,728 [30761433-74de-448b-9041-b7efaa078424@group-57D22A8C9907-LeaderElection3] INFO  impl.LeaderElection (LeaderElection.java:askForVotes(306)) - 30761433-74de-448b-9041-b7efaa078424@group-57D22A8C9907-LeaderElection3 ELECTION round 0: submit vote requests at term 1 for -1: [30761433-74de-448b-9041-b7efaa078424|rpc:10.1.0.50:41385|priority:1], old=null
2022-01-06 13:30:00,728 [30761433-74de-448b-9041-b7efaa078424@group-57D22A8C9907-LeaderElection3] INFO  impl.LeaderElection (LeaderElection.java:askForVotes(308)) - 30761433-74de-448b-9041-b7efaa078424@group-57D22A8C9907-LeaderElection3 ELECTION round 0: result PASSED (term=1)
2022-01-06 13:30:00,728 [30761433-74de-448b-9041-b7efaa078424@group-57D22A8C9907-LeaderElection3] INFO  impl.RoleInfo (RoleInfo.java:shutdownLeaderElection(121)) - 30761433-74de-448b-9041-b7efaa078424: shutdown 30761433-74de-448b-9041-b7efaa078424@group-57D22A8C9907-LeaderElection3
2022-01-06 13:30:00,728 [30761433-74de-448b-9041-b7efaa078424@group-57D22A8C9907-LeaderElection3] INFO  server.RaftServer$Division (RaftServerImpl.java:setRole(290)) - 30761433-74de-448b-9041-b7efaa078424@group-57D22A8C9907: changes role from CANDIDATE to LEADER at term 1 for changeToLeader
2022-01-06 13:30:00,728 [30761433-74de-448b-9041-b7efaa078424@group-57D22A8C9907-LeaderElection3] INFO  ratis.XceiverServerRatis (XceiverServerRatis.java:handleLeaderChangedNotification(866)) - Leader change notification received for group: group-57D22A8C9907 with new leaderId: 30761433-74de-448b-9041-b7efaa078424
2022-01-06 13:30:00,728 [30761433-74de-448b-9041-b7efaa078424@group-57D22A8C9907-LeaderElection3] INFO  server.RaftServer$Division (ServerState.java:setLeader(285)) - 30761433-74de-448b-9041-b7efaa078424@group-57D22A8C9907: change Leader from null to 30761433-74de-448b-9041-b7efaa078424 at term 1 for becomeLeader, leader elected after 5177ms
2022-01-06 13:30:00,729 [30761433-74de-448b-9041-b7efaa078424@group-57D22A8C9907-LeaderElection3] INFO  server.RaftServerConfigKeys (ConfUtils.java:logGet(44)) - raft.server.staging.catchup.gap = 1000 (default)
2022-01-06 13:30:00,729 [30761433-74de-448b-9041-b7efaa078424@group-57D22A8C9907-LeaderElection3] INFO  server.RaftServerConfigKeys (ConfUtils.java:logGet(44)) - raft.server.write.element-limit = 1024 (custom)
2022-01-06 13:30:00,729 [30761433-74de-448b-9041-b7efaa078424@group-57D22A8C9907-LeaderElection3] INFO  server.RaftServerConfigKeys (ConfUtils.java:logGet(44)) - raft.server.write.byte-limit = 1024 M (=1073741824) (custom)
2022-01-06 13:30:00,729 [30761433-74de-448b-9041-b7efaa078424@group-57D22A8C9907-LeaderElection3] INFO  server.RaftServerConfigKeys (ConfUtils.java:logGet(44)) - raft.server.watch.timeout = 3000ms (custom)
2022-01-06 13:30:00,729 [30761433-74de-448b-9041-b7efaa078424@group-57D22A8C9907-LeaderElection3] INFO  server.RaftServerConfigKeys (ConfUtils.java:logGet(44)) - raft.server.watch.timeout.denomination = 1s (default)
2022-01-06 13:30:00,729 [30761433-74de-448b-9041-b7efaa078424@group-57D22A8C9907-LeaderElection3] INFO  server.RaftServerConfigKeys (ConfUtils.java:logGet(44)) - raft.server.watch.element-limit = 65536 (default)
2022-01-06 13:30:00,729 [30761433-74de-448b-9041-b7efaa078424@group-57D22A8C9907-LeaderElection3] INFO  server.RaftServerConfigKeys (ConfUtils.java:logGet(44)) - raft.server.write.element-limit = 1024 (custom)
2022-01-06 13:30:00,729 [30761433-74de-448b-9041-b7efaa078424@group-57D22A8C9907-LeaderElection3] INFO  server.RaftServerConfigKeys (ConfUtils.java:logGet(44)) - raft.server.write.follower.gap.ratio.max = -1.0 (default)
2022-01-06 13:30:00,729 [30761433-74de-448b-9041-b7efaa078424@group-57D22A8C9907-LeaderElection3] INFO  impl.RoleInfo (RoleInfo.java:updateAndGet(130)) - 30761433-74de-448b-9041-b7efaa078424: start 30761433-74de-448b-9041-b7efaa078424@group-57D22A8C9907-LeaderStateImpl
2022-01-06 13:30:00,730 [30761433-74de-448b-9041-b7efaa078424@group-57D22A8C9907-LeaderElection3] INFO  segmented.SegmentedRaftLogWorker (SegmentedRaftLogWorker.java:startLogSegment(394)) - 30761433-74de-448b-9041-b7efaa078424@group-57D22A8C9907-SegmentedRaftLogWorker: Starting segment from index:0
2022-01-06 13:30:00,730 [EventQueue-OpenPipelineForHealthyPipelineSafeModeRule] INFO  safemode.SCMSafeModeManager (HealthyPipelineSafeModeRule.java:process(124)) - SCM in safe mode. Healthy pipelines reported count is 0, required healthy pipeline reported count is 1
2022-01-06 13:30:00,731 [30761433-74de-448b-9041-b7efaa078424@group-57D22A8C9907-SegmentedRaftLogWorker] INFO  segmented.SegmentedRaftLogWorker (SegmentedRaftLogWorker.java:execute(601)) - 30761433-74de-448b-9041-b7efaa078424@group-57D22A8C9907-SegmentedRaftLogWorker: created new log segment /home/runner/work/ozone/ozone/hadoop-ozone/integration-test/target/test-dir/MiniOzoneClusterImpl-1040910a-51cd-4ce1-8f2d-abd84b974e59/datanode-0/data/ratis/c7f70cff-003f-4311-9eb4-57d22a8c9907/current/log_inprogress_0
2022-01-06 13:30:00,733 [30761433-74de-448b-9041-b7efaa078424@group-57D22A8C9907-LeaderElection3] INFO  server.RaftServer$Division (ServerState.java:setRaftConf(387)) - 30761433-74de-448b-9041-b7efaa078424@group-57D22A8C9907: set configuration 0: [30761433-74de-448b-9041-b7efaa078424|rpc:10.1.0.50:41385|dataStream:|priority:1], old=null
2022-01-06 13:30:00,986 [22c8497a-9e61-48ae-afcc-0cb0db452240@group-D2337A1FFCBA-FollowerState] INFO  impl.FollowerState (FollowerState.java:run(134)) - 22c8497a-9e61-48ae-afcc-0cb0db452240@group-D2337A1FFCBA-FollowerState: change to CANDIDATE, lastRpcElapsedTime:5139620575ns, electionTimeout:5135ms
2022-01-06 13:30:00,987 [22c8497a-9e61-48ae-afcc-0cb0db452240@group-D2337A1FFCBA-FollowerState] INFO  impl.RoleInfo (RoleInfo.java:shutdownFollowerState(108)) - 22c8497a-9e61-48ae-afcc-0cb0db452240: shutdown 22c8497a-9e61-48ae-afcc-0cb0db452240@group-D2337A1FFCBA-FollowerState
2022-01-06 13:30:00,987 [22c8497a-9e61-48ae-afcc-0cb0db452240@group-D2337A1FFCBA-FollowerState] INFO  server.RaftServer$Division (RaftServerImpl.java:setRole(290)) - 22c8497a-9e61-48ae-afcc-0cb0db452240@group-D2337A1FFCBA: changes role from  FOLLOWER to CANDIDATE at term 0 for changeToCandidate
2022-01-06 13:30:00,988 [22c8497a-9e61-48ae-afcc-0cb0db452240@group-D2337A1FFCBA-FollowerState] INFO  server.RaftServerConfigKeys (ConfUtils.java:logGet(44)) - raft.server.leaderelection.pre-vote = false (custom)
2022-01-06 13:30:00,988 [22c8497a-9e61-48ae-afcc-0cb0db452240@group-D2337A1FFCBA-FollowerState] INFO  impl.RoleInfo (RoleInfo.java:updateAndGet(130)) - 22c8497a-9e61-48ae-afcc-0cb0db452240: start 22c8497a-9e61-48ae-afcc-0cb0db452240@group-D2337A1FFCBA-LeaderElection4
2022-01-06 13:30:00,991 [22c8497a-9e61-48ae-afcc-0cb0db452240@group-D2337A1FFCBA-LeaderElection4] INFO  impl.LeaderElection (LeaderElection.java:askForVotes(306)) - 22c8497a-9e61-48ae-afcc-0cb0db452240@group-D2337A1FFCBA-LeaderElection4 ELECTION round 0: submit vote requests at term 1 for -1: [22c8497a-9e61-48ae-afcc-0cb0db452240|rpc:10.1.0.50:44975|priority:1], old=null
2022-01-06 13:30:00,991 [22c8497a-9e61-48ae-afcc-0cb0db452240@group-D2337A1FFCBA-LeaderElection4] INFO  impl.LeaderElection (LeaderElection.java:askForVotes(308)) - 22c8497a-9e61-48ae-afcc-0cb0db452240@group-D2337A1FFCBA-LeaderElection4 ELECTION round 0: result PASSED (term=1)
2022-01-06 13:30:00,991 [22c8497a-9e61-48ae-afcc-0cb0db452240@group-D2337A1FFCBA-LeaderElection4] INFO  impl.RoleInfo (RoleInfo.java:shutdownLeaderElection(121)) - 22c8497a-9e61-48ae-afcc-0cb0db452240: shutdown 22c8497a-9e61-48ae-afcc-0cb0db452240@group-D2337A1FFCBA-LeaderElection4
2022-01-06 13:30:00,991 [22c8497a-9e61-48ae-afcc-0cb0db452240@group-D2337A1FFCBA-LeaderElection4] INFO  server.RaftServer$Division (RaftServerImpl.java:setRole(290)) - 22c8497a-9e61-48ae-afcc-0cb0db452240@group-D2337A1FFCBA: changes role from CANDIDATE to LEADER at term 1 for changeToLeader
2022-01-06 13:30:00,991 [22c8497a-9e61-48ae-afcc-0cb0db452240@group-D2337A1FFCBA-LeaderElection4] INFO  ratis.XceiverServerRatis (XceiverServerRatis.java:handleLeaderChangedNotification(866)) - Leader change notification received for group: group-D2337A1FFCBA with new leaderId: 22c8497a-9e61-48ae-afcc-0cb0db452240
2022-01-06 13:30:00,992 [22c8497a-9e61-48ae-afcc-0cb0db452240@group-D2337A1FFCBA-LeaderElection4] INFO  server.RaftServer$Division (ServerState.java:setLeader(285)) - 22c8497a-9e61-48ae-afcc-0cb0db452240@group-D2337A1FFCBA: change Leader from null to 22c8497a-9e61-48ae-afcc-0cb0db452240 at term 1 for becomeLeader, leader elected after 5177ms
2022-01-06 13:30:00,992 [22c8497a-9e61-48ae-afcc-0cb0db452240@group-D2337A1FFCBA-LeaderElection4] INFO  server.RaftServerConfigKeys (ConfUtils.java:logGet(44)) - raft.server.staging.catchup.gap = 1000 (default)
2022-01-06 13:30:00,992 [22c8497a-9e61-48ae-afcc-0cb0db452240@group-D2337A1FFCBA-LeaderElection4] INFO  server.RaftServerConfigKeys (ConfUtils.java:logGet(44)) - raft.server.write.element-limit = 1024 (custom)
2022-01-06 13:30:00,992 [22c8497a-9e61-48ae-afcc-0cb0db452240@group-D2337A1FFCBA-LeaderElection4] INFO  server.RaftServerConfigKeys (ConfUtils.java:logGet(44)) - raft.server.write.byte-limit = 1024 M (=1073741824) (custom)
2022-01-06 13:30:00,992 [22c8497a-9e61-48ae-afcc-0cb0db452240@group-D2337A1FFCBA-LeaderElection4] INFO  server.RaftServerConfigKeys (ConfUtils.java:logGet(44)) - raft.server.watch.timeout = 3000ms (custom)
2022-01-06 13:30:00,993 [22c8497a-9e61-48ae-afcc-0cb0db452240@group-D2337A1FFCBA-LeaderElection4] INFO  server.RaftServerConfigKeys (ConfUtils.java:logGet(44)) - raft.server.watch.timeout.denomination = 1s (default)
2022-01-06 13:30:00,993 [22c8497a-9e61-48ae-afcc-0cb0db452240@group-D2337A1FFCBA-LeaderElection4] INFO  server.RaftServerConfigKeys (ConfUtils.java:logGet(44)) - raft.server.watch.element-limit = 65536 (default)
2022-01-06 13:30:00,993 [22c8497a-9e61-48ae-afcc-0cb0db452240@group-D2337A1FFCBA-LeaderElection4] INFO  server.RaftServerConfigKeys (ConfUtils.java:logGet(44)) - raft.server.write.element-limit = 1024 (custom)
2022-01-06 13:30:00,993 [22c8497a-9e61-48ae-afcc-0cb0db452240@group-D2337A1FFCBA-LeaderElection4] INFO  server.RaftServerConfigKeys (ConfUtils.java:logGet(44)) - raft.server.write.follower.gap.ratio.max = -1.0 (default)
2022-01-06 13:30:00,993 [22c8497a-9e61-48ae-afcc-0cb0db452240@group-D2337A1FFCBA-LeaderElection4] INFO  impl.RoleInfo (RoleInfo.java:updateAndGet(130)) - 22c8497a-9e61-48ae-afcc-0cb0db452240: start 22c8497a-9e61-48ae-afcc-0cb0db452240@group-D2337A1FFCBA-LeaderStateImpl
2022-01-06 13:30:00,993 [22c8497a-9e61-48ae-afcc-0cb0db452240@group-D2337A1FFCBA-LeaderElection4] INFO  segmented.SegmentedRaftLogWorker (SegmentedRaftLogWorker.java:startLogSegment(394)) - 22c8497a-9e61-48ae-afcc-0cb0db452240@group-D2337A1FFCBA-SegmentedRaftLogWorker: Starting segment from index:0
2022-01-06 13:30:00,996 [EventQueue-OpenPipelineForHealthyPipelineSafeModeRule] INFO  safemode.SCMSafeModeManager (HealthyPipelineSafeModeRule.java:process(124)) - SCM in safe mode. Healthy pipelines reported count is 0, required healthy pipeline reported count is 1
2022-01-06 13:30:00,996 [22c8497a-9e61-48ae-afcc-0cb0db452240@group-D2337A1FFCBA-SegmentedRaftLogWorker] INFO  segmented.SegmentedRaftLogWorker (SegmentedRaftLogWorker.java:execute(601)) - 22c8497a-9e61-48ae-afcc-0cb0db452240@group-D2337A1FFCBA-SegmentedRaftLogWorker: created new log segment /home/runner/work/ozone/ozone/hadoop-ozone/integration-test/target/test-dir/MiniOzoneClusterImpl-1040910a-51cd-4ce1-8f2d-abd84b974e59/datanode-1/data/ratis/7c72d3ff-6670-434b-933a-d2337a1ffcba/current/log_inprogress_0
2022-01-06 13:30:00,999 [22c8497a-9e61-48ae-afcc-0cb0db452240@group-D2337A1FFCBA-LeaderElection4] INFO  server.RaftServer$Division (ServerState.java:setRaftConf(387)) - 22c8497a-9e61-48ae-afcc-0cb0db452240@group-D2337A1FFCBA: set configuration 0: [22c8497a-9e61-48ae-afcc-0cb0db452240|rpc:10.1.0.50:44975|dataStream:|priority:1], old=null
2022-01-06 13:30:01,403 [Listener at 127.0.0.1/36535] INFO  ozone.MiniOzoneClusterImpl (MiniOzoneClusterImpl.java:lambda$waitForClusterToBeReady$0(235)) - Nodes are ready. Got 9 of 9 DN Heartbeats.
2022-01-06 13:30:01,403 [Listener at 127.0.0.1/36535] INFO  ozone.MiniOzoneClusterImpl (MiniOzoneClusterImpl.java:lambda$waitForClusterToBeReady$0(238)) - Waiting for cluster to exit safe mode
2022-01-06 13:30:01,403 [Listener at 127.0.0.1/36535] INFO  ozone.MiniOzoneClusterImpl (MiniOzoneClusterImpl.java:lambda$waitForClusterToBeReady$0(240)) - SCM became leader
2022-01-06 13:30:01,445 [129ac5cb-389f-40c7-b14f-a1c1703048e2@group-195B01AAAD31-FollowerState] INFO  impl.FollowerState (FollowerState.java:run(134)) - 129ac5cb-389f-40c7-b14f-a1c1703048e2@group-195B01AAAD31-FollowerState: change to CANDIDATE, lastRpcElapsedTime:5162464195ns, electionTimeout:5147ms
2022-01-06 13:30:01,446 [129ac5cb-389f-40c7-b14f-a1c1703048e2@group-195B01AAAD31-FollowerState] INFO  impl.RoleInfo (RoleInfo.java:shutdownFollowerState(108)) - 129ac5cb-389f-40c7-b14f-a1c1703048e2: shutdown 129ac5cb-389f-40c7-b14f-a1c1703048e2@group-195B01AAAD31-FollowerState
2022-01-06 13:30:01,446 [129ac5cb-389f-40c7-b14f-a1c1703048e2@group-195B01AAAD31-FollowerState] INFO  server.RaftServer$Division (RaftServerImpl.java:setRole(290)) - 129ac5cb-389f-40c7-b14f-a1c1703048e2@group-195B01AAAD31: changes role from  FOLLOWER to CANDIDATE at term 0 for changeToCandidate
2022-01-06 13:30:01,447 [129ac5cb-389f-40c7-b14f-a1c1703048e2@group-195B01AAAD31-FollowerState] INFO  server.RaftServerConfigKeys (ConfUtils.java:logGet(44)) - raft.server.leaderelection.pre-vote = false (custom)
2022-01-06 13:30:01,447 [129ac5cb-389f-40c7-b14f-a1c1703048e2@group-195B01AAAD31-FollowerState] INFO  impl.RoleInfo (RoleInfo.java:updateAndGet(130)) - 129ac5cb-389f-40c7-b14f-a1c1703048e2: start 129ac5cb-389f-40c7-b14f-a1c1703048e2@group-195B01AAAD31-LeaderElection5
2022-01-06 13:30:01,457 [129ac5cb-389f-40c7-b14f-a1c1703048e2@group-195B01AAAD31-LeaderElection5] INFO  impl.LeaderElection (LeaderElection.java:askForVotes(306)) - 129ac5cb-389f-40c7-b14f-a1c1703048e2@group-195B01AAAD31-LeaderElection5 ELECTION round 0: submit vote requests at term 1 for -1: [129ac5cb-389f-40c7-b14f-a1c1703048e2|rpc:10.1.0.50:43165|priority:1], old=null
2022-01-06 13:30:01,457 [129ac5cb-389f-40c7-b14f-a1c1703048e2@group-195B01AAAD31-LeaderElection5] INFO  impl.LeaderElection (LeaderElection.java:askForVotes(308)) - 129ac5cb-389f-40c7-b14f-a1c1703048e2@group-195B01AAAD31-LeaderElection5 ELECTION round 0: result PASSED (term=1)
2022-01-06 13:30:01,458 [129ac5cb-389f-40c7-b14f-a1c1703048e2@group-195B01AAAD31-LeaderElection5] INFO  impl.RoleInfo (RoleInfo.java:shutdownLeaderElection(121)) - 129ac5cb-389f-40c7-b14f-a1c1703048e2: shutdown 129ac5cb-389f-40c7-b14f-a1c1703048e2@group-195B01AAAD31-LeaderElection5
2022-01-06 13:30:01,458 [129ac5cb-389f-40c7-b14f-a1c1703048e2@group-195B01AAAD31-LeaderElection5] INFO  server.RaftServer$Division (RaftServerImpl.java:setRole(290)) - 129ac5cb-389f-40c7-b14f-a1c1703048e2@group-195B01AAAD31: changes role from CANDIDATE to LEADER at term 1 for changeToLeader
2022-01-06 13:30:01,458 [129ac5cb-389f-40c7-b14f-a1c1703048e2@group-195B01AAAD31-LeaderElection5] INFO  ratis.XceiverServerRatis (XceiverServerRatis.java:handleLeaderChangedNotification(866)) - Leader change notification received for group: group-195B01AAAD31 with new leaderId: 129ac5cb-389f-40c7-b14f-a1c1703048e2
2022-01-06 13:30:01,458 [129ac5cb-389f-40c7-b14f-a1c1703048e2@group-195B01AAAD31-LeaderElection5] INFO  server.RaftServer$Division (ServerState.java:setLeader(285)) - 129ac5cb-389f-40c7-b14f-a1c1703048e2@group-195B01AAAD31: change Leader from null to 129ac5cb-389f-40c7-b14f-a1c1703048e2 at term 1 for becomeLeader, leader elected after 5221ms
2022-01-06 13:30:01,458 [129ac5cb-389f-40c7-b14f-a1c1703048e2@group-195B01AAAD31-LeaderElection5] INFO  server.RaftServerConfigKeys (ConfUtils.java:logGet(44)) - raft.server.staging.catchup.gap = 1000 (default)
2022-01-06 13:30:01,458 [129ac5cb-389f-40c7-b14f-a1c1703048e2@group-195B01AAAD31-LeaderElection5] INFO  server.RaftServerConfigKeys (ConfUtils.java:logGet(44)) - raft.server.write.element-limit = 1024 (custom)
2022-01-06 13:30:01,458 [129ac5cb-389f-40c7-b14f-a1c1703048e2@group-195B01AAAD31-LeaderElection5] INFO  server.RaftServerConfigKeys (ConfUtils.java:logGet(44)) - raft.server.write.byte-limit = 1024 M (=1073741824) (custom)
2022-01-06 13:30:01,460 [EventQueue-OpenPipelineForHealthyPipelineSafeModeRule] INFO  safemode.SCMSafeModeManager (HealthyPipelineSafeModeRule.java:process(124)) - SCM in safe mode. Healthy pipelines reported count is 0, required healthy pipeline reported count is 1
2022-01-06 13:30:01,460 [129ac5cb-389f-40c7-b14f-a1c1703048e2@group-195B01AAAD31-LeaderElection5] INFO  server.RaftServerConfigKeys (ConfUtils.java:logGet(44)) - raft.server.watch.timeout = 3000ms (custom)
2022-01-06 13:30:01,461 [129ac5cb-389f-40c7-b14f-a1c1703048e2@group-195B01AAAD31-LeaderElection5] INFO  server.RaftServerConfigKeys (ConfUtils.java:logGet(44)) - raft.server.watch.timeout.denomination = 1s (default)
2022-01-06 13:30:01,461 [129ac5cb-389f-40c7-b14f-a1c1703048e2@group-195B01AAAD31-LeaderElection5] INFO  server.RaftServerConfigKeys (ConfUtils.java:logGet(44)) - raft.server.watch.element-limit = 65536 (default)
2022-01-06 13:30:01,461 [129ac5cb-389f-40c7-b14f-a1c1703048e2@group-195B01AAAD31-LeaderElection5] INFO  server.RaftServerConfigKeys (ConfUtils.java:logGet(44)) - raft.server.write.element-limit = 1024 (custom)
2022-01-06 13:30:01,461 [129ac5cb-389f-40c7-b14f-a1c1703048e2@group-195B01AAAD31-LeaderElection5] INFO  server.RaftServerConfigKeys (ConfUtils.java:logGet(44)) - raft.server.write.follower.gap.ratio.max = -1.0 (default)
2022-01-06 13:30:01,461 [129ac5cb-389f-40c7-b14f-a1c1703048e2@group-195B01AAAD31-LeaderElection5] INFO  impl.RoleInfo (RoleInfo.java:updateAndGet(130)) - 129ac5cb-389f-40c7-b14f-a1c1703048e2: start 129ac5cb-389f-40c7-b14f-a1c1703048e2@group-195B01AAAD31-LeaderStateImpl
2022-01-06 13:30:01,461 [129ac5cb-389f-40c7-b14f-a1c1703048e2@group-195B01AAAD31-LeaderElection5] INFO  segmented.SegmentedRaftLogWorker (SegmentedRaftLogWorker.java:startLogSegment(394)) - 129ac5cb-389f-40c7-b14f-a1c1703048e2@group-195B01AAAD31-SegmentedRaftLogWorker: Starting segment from index:0
2022-01-06 13:30:01,462 [129ac5cb-389f-40c7-b14f-a1c1703048e2@group-195B01AAAD31-SegmentedRaftLogWorker] INFO  segmented.SegmentedRaftLogWorker (SegmentedRaftLogWorker.java:execute(601)) - 129ac5cb-389f-40c7-b14f-a1c1703048e2@group-195B01AAAD31-SegmentedRaftLogWorker: created new log segment /home/runner/work/ozone/ozone/hadoop-ozone/integration-test/target/test-dir/MiniOzoneClusterImpl-1040910a-51cd-4ce1-8f2d-abd84b974e59/datanode-2/data/ratis/0a696a4a-0a3e-4552-a946-195b01aaad31/current/log_inprogress_0
2022-01-06 13:30:01,463 [129ac5cb-389f-40c7-b14f-a1c1703048e2@group-195B01AAAD31-LeaderElection5] INFO  server.RaftServer$Division (ServerState.java:setRaftConf(387)) - 129ac5cb-389f-40c7-b14f-a1c1703048e2@group-195B01AAAD31: set configuration 0: [129ac5cb-389f-40c7-b14f-a1c1703048e2|rpc:10.1.0.50:43165|dataStream:|priority:1], old=null
2022-01-06 13:30:01,596 [a3271a13-46d8-4b51-acff-5e832eb04f76@group-F1D01D8A5C73-FollowerState] INFO  impl.FollowerState (FollowerState.java:run(134)) - a3271a13-46d8-4b51-acff-5e832eb04f76@group-F1D01D8A5C73-FollowerState: change to CANDIDATE, lastRpcElapsedTime:5022458006ns, electionTimeout:5022ms
2022-01-06 13:30:01,597 [a3271a13-46d8-4b51-acff-5e832eb04f76@group-F1D01D8A5C73-FollowerState] INFO  impl.RoleInfo (RoleInfo.java:shutdownFollowerState(108)) - a3271a13-46d8-4b51-acff-5e832eb04f76: shutdown a3271a13-46d8-4b51-acff-5e832eb04f76@group-F1D01D8A5C73-FollowerState
2022-01-06 13:30:01,597 [a3271a13-46d8-4b51-acff-5e832eb04f76@group-F1D01D8A5C73-FollowerState] INFO  server.RaftServer$Division (RaftServerImpl.java:setRole(290)) - a3271a13-46d8-4b51-acff-5e832eb04f76@group-F1D01D8A5C73: changes role from  FOLLOWER to CANDIDATE at term 0 for changeToCandidate
2022-01-06 13:30:01,598 [a3271a13-46d8-4b51-acff-5e832eb04f76@group-F1D01D8A5C73-FollowerState] INFO  server.RaftServerConfigKeys (ConfUtils.java:logGet(44)) - raft.server.leaderelection.pre-vote = false (custom)
2022-01-06 13:30:01,598 [a3271a13-46d8-4b51-acff-5e832eb04f76@group-F1D01D8A5C73-FollowerState] INFO  impl.RoleInfo (RoleInfo.java:updateAndGet(130)) - a3271a13-46d8-4b51-acff-5e832eb04f76: start a3271a13-46d8-4b51-acff-5e832eb04f76@group-F1D01D8A5C73-LeaderElection6
2022-01-06 13:30:01,602 [a3271a13-46d8-4b51-acff-5e832eb04f76@group-F1D01D8A5C73-LeaderElection6] INFO  impl.LeaderElection (LeaderElection.java:askForVotes(306)) - a3271a13-46d8-4b51-acff-5e832eb04f76@group-F1D01D8A5C73-LeaderElection6 ELECTION round 0: submit vote requests at term 1 for -1: [f94be414-d4cd-4929-99d0-8f9eafd02643|rpc:10.1.0.50:45415|dataStream:|priority:1, a3271a13-46d8-4b51-acff-5e832eb04f76|rpc:10.1.0.50:39137|dataStream:|priority:0, 832710ff-70fd-4195-974e-450d8fd5944e|rpc:10.1.0.50:39399|dataStream:|priority:0], old=null
2022-01-06 13:30:01,613 [grpc-default-executor-1] INFO  server.RaftServer$Division (RaftServerImpl.java:requestVote(1046)) - f94be414-d4cd-4929-99d0-8f9eafd02643@group-F1D01D8A5C73: receive requestVote(ELECTION, a3271a13-46d8-4b51-acff-5e832eb04f76, group-F1D01D8A5C73, 1, (t:0, i:0))
2022-01-06 13:30:01,613 [grpc-default-executor-1] INFO  impl.VoteContext (VoteContext.java:log(48)) - f94be414-d4cd-4929-99d0-8f9eafd02643@group-F1D01D8A5C73-FOLLOWER: reject ELECTION from a3271a13-46d8-4b51-acff-5e832eb04f76: our priority 1 > candidate's priority 0
2022-01-06 13:30:01,613 [grpc-default-executor-1] INFO  server.RaftServer$Division (RaftServerImpl.java:setRole(290)) - f94be414-d4cd-4929-99d0-8f9eafd02643@group-F1D01D8A5C73: changes role from  FOLLOWER to FOLLOWER at term 1 for candidate:a3271a13-46d8-4b51-acff-5e832eb04f76
2022-01-06 13:30:01,613 [grpc-default-executor-1] INFO  impl.RoleInfo (RoleInfo.java:shutdownFollowerState(108)) - f94be414-d4cd-4929-99d0-8f9eafd02643: shutdown f94be414-d4cd-4929-99d0-8f9eafd02643@group-F1D01D8A5C73-FollowerState
2022-01-06 13:30:01,613 [grpc-default-executor-1] INFO  impl.RoleInfo (RoleInfo.java:updateAndGet(130)) - f94be414-d4cd-4929-99d0-8f9eafd02643: start f94be414-d4cd-4929-99d0-8f9eafd02643@group-F1D01D8A5C73-FollowerState
2022-01-06 13:30:01,613 [f94be414-d4cd-4929-99d0-8f9eafd02643@group-F1D01D8A5C73-FollowerState] INFO  impl.FollowerState (FollowerState.java:run(143)) - f94be414-d4cd-4929-99d0-8f9eafd02643@group-F1D01D8A5C73-FollowerState was interrupted: {}
java.lang.InterruptedException: sleep interrupted
	at java.lang.Thread.sleep(Native Method)
	at java.lang.Thread.sleep(Thread.java:340)
	at java.util.concurrent.TimeUnit.sleep(TimeUnit.java:386)
	at org.apache.ratis.util.TimeDuration.sleep(TimeDuration.java:324)
	at org.apache.ratis.util.TimeDuration.sleep(TimeDuration.java:309)
	at org.apache.ratis.server.impl.FollowerState.run(FollowerState.java:118)
2022-01-06 13:30:01,615 [grpc-default-executor-1] INFO  server.RaftServer$Division (RaftServerImpl.java:requestVote(1078)) - f94be414-d4cd-4929-99d0-8f9eafd02643@group-F1D01D8A5C73 replies to ELECTION vote request: a3271a13-46d8-4b51-acff-5e832eb04f76<-f94be414-d4cd-4929-99d0-8f9eafd02643#0:FAIL-t1. Peer's state: f94be414-d4cd-4929-99d0-8f9eafd02643@group-F1D01D8A5C73:t1, leader=null, voted=null, raftlog=f94be414-d4cd-4929-99d0-8f9eafd02643@group-F1D01D8A5C73-SegmentedRaftLog:OPENED:c-1, conf=-1: [f94be414-d4cd-4929-99d0-8f9eafd02643|rpc:10.1.0.50:45415|priority:1, a3271a13-46d8-4b51-acff-5e832eb04f76|rpc:10.1.0.50:39137|priority:0, 832710ff-70fd-4195-974e-450d8fd5944e|rpc:10.1.0.50:39399|priority:0], old=null
2022-01-06 13:30:01,618 [a3271a13-46d8-4b51-acff-5e832eb04f76@group-F1D01D8A5C73-LeaderElection6] INFO  impl.LeaderElection (LeaderElection.java:logAndReturn(89)) - a3271a13-46d8-4b51-acff-5e832eb04f76@group-F1D01D8A5C73-LeaderElection6: ELECTION REJECTED received 1 response(s) and 0 exception(s):
2022-01-06 13:30:01,618 [a3271a13-46d8-4b51-acff-5e832eb04f76@group-F1D01D8A5C73-LeaderElection6] INFO  impl.LeaderElection (LeaderElection.java:logAndReturn(93)) -   Response 0: a3271a13-46d8-4b51-acff-5e832eb04f76<-f94be414-d4cd-4929-99d0-8f9eafd02643#0:FAIL-t1
2022-01-06 13:30:01,618 [a3271a13-46d8-4b51-acff-5e832eb04f76@group-F1D01D8A5C73-LeaderElection6] INFO  impl.LeaderElection (LeaderElection.java:askForVotes(308)) - a3271a13-46d8-4b51-acff-5e832eb04f76@group-F1D01D8A5C73-LeaderElection6 ELECTION round 0: result REJECTED
2022-01-06 13:30:01,618 [a3271a13-46d8-4b51-acff-5e832eb04f76@group-F1D01D8A5C73-LeaderElection6] INFO  server.RaftServer$Division (RaftServerImpl.java:setRole(290)) - a3271a13-46d8-4b51-acff-5e832eb04f76@group-F1D01D8A5C73: changes role from CANDIDATE to FOLLOWER at term 1 for REJECTED
2022-01-06 13:30:01,618 [a3271a13-46d8-4b51-acff-5e832eb04f76@group-F1D01D8A5C73-LeaderElection6] INFO  impl.RoleInfo (RoleInfo.java:shutdownLeaderElection(121)) - a3271a13-46d8-4b51-acff-5e832eb04f76: shutdown a3271a13-46d8-4b51-acff-5e832eb04f76@group-F1D01D8A5C73-LeaderElection6
2022-01-06 13:30:01,618 [a3271a13-46d8-4b51-acff-5e832eb04f76@group-F1D01D8A5C73-LeaderElection6] INFO  impl.RoleInfo (RoleInfo.java:updateAndGet(130)) - a3271a13-46d8-4b51-acff-5e832eb04f76: start a3271a13-46d8-4b51-acff-5e832eb04f76@group-F1D01D8A5C73-FollowerState
2022-01-06 13:30:01,626 [f94be414-d4cd-4929-99d0-8f9eafd02643@group-43DC455BE5BD-FollowerState] INFO  impl.FollowerState (FollowerState.java:run(134)) - f94be414-d4cd-4929-99d0-8f9eafd02643@group-43DC455BE5BD-FollowerState: change to CANDIDATE, lastRpcElapsedTime:5128282654ns, electionTimeout:5127ms
2022-01-06 13:30:01,627 [grpc-default-executor-1] INFO  server.RaftServer$Division (RaftServerImpl.java:requestVote(1046)) - 832710ff-70fd-4195-974e-450d8fd5944e@group-F1D01D8A5C73: receive requestVote(ELECTION, a3271a13-46d8-4b51-acff-5e832eb04f76, group-F1D01D8A5C73, 1, (t:0, i:0))
2022-01-06 13:30:01,628 [f94be414-d4cd-4929-99d0-8f9eafd02643@group-43DC455BE5BD-FollowerState] INFO  impl.RoleInfo (RoleInfo.java:shutdownFollowerState(108)) - f94be414-d4cd-4929-99d0-8f9eafd02643: shutdown f94be414-d4cd-4929-99d0-8f9eafd02643@group-43DC455BE5BD-FollowerState
2022-01-06 13:30:01,628 [grpc-default-executor-1] INFO  impl.VoteContext (VoteContext.java:log(48)) - 832710ff-70fd-4195-974e-450d8fd5944e@group-F1D01D8A5C73-FOLLOWER: accept ELECTION from a3271a13-46d8-4b51-acff-5e832eb04f76: our priority 0 <= candidate's priority 0
2022-01-06 13:30:01,628 [grpc-default-executor-1] INFO  server.RaftServer$Division (RaftServerImpl.java:setRole(290)) - 832710ff-70fd-4195-974e-450d8fd5944e@group-F1D01D8A5C73: changes role from  FOLLOWER to FOLLOWER at term 1 for candidate:a3271a13-46d8-4b51-acff-5e832eb04f76
2022-01-06 13:30:01,628 [grpc-default-executor-1] INFO  impl.RoleInfo (RoleInfo.java:shutdownFollowerState(108)) - 832710ff-70fd-4195-974e-450d8fd5944e: shutdown 832710ff-70fd-4195-974e-450d8fd5944e@group-F1D01D8A5C73-FollowerState
2022-01-06 13:30:01,628 [grpc-default-executor-1] INFO  impl.RoleInfo (RoleInfo.java:updateAndGet(130)) - 832710ff-70fd-4195-974e-450d8fd5944e: start 832710ff-70fd-4195-974e-450d8fd5944e@group-F1D01D8A5C73-FollowerState
2022-01-06 13:30:01,628 [832710ff-70fd-4195-974e-450d8fd5944e@group-F1D01D8A5C73-FollowerState] INFO  impl.FollowerState (FollowerState.java:run(143)) - 832710ff-70fd-4195-974e-450d8fd5944e@group-F1D01D8A5C73-FollowerState was interrupted: {}
java.lang.InterruptedException: sleep interrupted
	at java.lang.Thread.sleep(Native Method)
	at java.lang.Thread.sleep(Thread.java:340)
	at java.util.concurrent.TimeUnit.sleep(TimeUnit.java:386)
	at org.apache.ratis.util.TimeDuration.sleep(TimeDuration.java:324)
	at org.apache.ratis.util.TimeDuration.sleep(TimeDuration.java:309)
	at org.apache.ratis.server.impl.FollowerState.run(FollowerState.java:118)
2022-01-06 13:30:01,628 [f94be414-d4cd-4929-99d0-8f9eafd02643@group-43DC455BE5BD-FollowerState] INFO  server.RaftServer$Division (RaftServerImpl.java:setRole(290)) - f94be414-d4cd-4929-99d0-8f9eafd02643@group-43DC455BE5BD: changes role from  FOLLOWER to CANDIDATE at term 0 for changeToCandidate
2022-01-06 13:30:01,629 [f94be414-d4cd-4929-99d0-8f9eafd02643@group-43DC455BE5BD-FollowerState] INFO  server.RaftServerConfigKeys (ConfUtils.java:logGet(44)) - raft.server.leaderelection.pre-vote = false (custom)
2022-01-06 13:30:01,629 [f94be414-d4cd-4929-99d0-8f9eafd02643@group-43DC455BE5BD-FollowerState] INFO  impl.RoleInfo (RoleInfo.java:updateAndGet(130)) - f94be414-d4cd-4929-99d0-8f9eafd02643: start f94be414-d4cd-4929-99d0-8f9eafd02643@group-43DC455BE5BD-LeaderElection7
2022-01-06 13:30:01,630 [grpc-default-executor-1] INFO  server.RaftServer$Division (RaftServerImpl.java:requestVote(1078)) - 832710ff-70fd-4195-974e-450d8fd5944e@group-F1D01D8A5C73 replies to ELECTION vote request: a3271a13-46d8-4b51-acff-5e832eb04f76<-832710ff-70fd-4195-974e-450d8fd5944e#0:OK-t1. Peer's state: 832710ff-70fd-4195-974e-450d8fd5944e@group-F1D01D8A5C73:t1, leader=null, voted=a3271a13-46d8-4b51-acff-5e832eb04f76, raftlog=832710ff-70fd-4195-974e-450d8fd5944e@group-F1D01D8A5C73-SegmentedRaftLog:OPENED:c-1, conf=-1: [f94be414-d4cd-4929-99d0-8f9eafd02643|rpc:10.1.0.50:45415|dataStream:|priority:1, a3271a13-46d8-4b51-acff-5e832eb04f76|rpc:10.1.0.50:39137|dataStream:|priority:0, 832710ff-70fd-4195-974e-450d8fd5944e|rpc:10.1.0.50:39399|dataStream:|priority:0], old=null
2022-01-06 13:30:01,632 [f94be414-d4cd-4929-99d0-8f9eafd02643@group-43DC455BE5BD-LeaderElection7] INFO  impl.LeaderElection (LeaderElection.java:askForVotes(306)) - f94be414-d4cd-4929-99d0-8f9eafd02643@group-43DC455BE5BD-LeaderElection7 ELECTION round 0: submit vote requests at term 1 for -1: [f94be414-d4cd-4929-99d0-8f9eafd02643|rpc:10.1.0.50:45415|priority:1], old=null
2022-01-06 13:30:01,632 [f94be414-d4cd-4929-99d0-8f9eafd02643@group-43DC455BE5BD-LeaderElection7] INFO  impl.LeaderElection (LeaderElection.java:askForVotes(308)) - f94be414-d4cd-4929-99d0-8f9eafd02643@group-43DC455BE5BD-LeaderElection7 ELECTION round 0: result PASSED (term=1)
2022-01-06 13:30:01,632 [f94be414-d4cd-4929-99d0-8f9eafd02643@group-43DC455BE5BD-LeaderElection7] INFO  impl.RoleInfo (RoleInfo.java:shutdownLeaderElection(121)) - f94be414-d4cd-4929-99d0-8f9eafd02643: shutdown f94be414-d4cd-4929-99d0-8f9eafd02643@group-43DC455BE5BD-LeaderElection7
2022-01-06 13:30:01,632 [f94be414-d4cd-4929-99d0-8f9eafd02643@group-43DC455BE5BD-LeaderElection7] INFO  server.RaftServer$Division (RaftServerImpl.java:setRole(290)) - f94be414-d4cd-4929-99d0-8f9eafd02643@group-43DC455BE5BD: changes role from CANDIDATE to LEADER at term 1 for changeToLeader
2022-01-06 13:30:01,632 [f94be414-d4cd-4929-99d0-8f9eafd02643@group-43DC455BE5BD-LeaderElection7] INFO  ratis.XceiverServerRatis (XceiverServerRatis.java:handleLeaderChangedNotification(866)) - Leader change notification received for group: group-43DC455BE5BD with new leaderId: f94be414-d4cd-4929-99d0-8f9eafd02643
2022-01-06 13:30:01,633 [f94be414-d4cd-4929-99d0-8f9eafd02643@group-43DC455BE5BD-LeaderElection7] INFO  server.RaftServer$Division (ServerState.java:setLeader(285)) - f94be414-d4cd-4929-99d0-8f9eafd02643@group-43DC455BE5BD: change Leader from null to f94be414-d4cd-4929-99d0-8f9eafd02643 at term 1 for becomeLeader, leader elected after 5141ms
2022-01-06 13:30:01,633 [f94be414-d4cd-4929-99d0-8f9eafd02643@group-43DC455BE5BD-LeaderElection7] INFO  server.RaftServerConfigKeys (ConfUtils.java:logGet(44)) - raft.server.staging.catchup.gap = 1000 (default)
2022-01-06 13:30:01,633 [f94be414-d4cd-4929-99d0-8f9eafd02643@group-43DC455BE5BD-LeaderElection7] INFO  server.RaftServerConfigKeys (ConfUtils.java:logGet(44)) - raft.server.write.element-limit = 1024 (custom)
2022-01-06 13:30:01,633 [f94be414-d4cd-4929-99d0-8f9eafd02643@group-43DC455BE5BD-LeaderElection7] INFO  server.RaftServerConfigKeys (ConfUtils.java:logGet(44)) - raft.server.write.byte-limit = 1024 M (=1073741824) (custom)
2022-01-06 13:30:01,633 [f94be414-d4cd-4929-99d0-8f9eafd02643@group-43DC455BE5BD-LeaderElection7] INFO  server.RaftServerConfigKeys (ConfUtils.java:logGet(44)) - raft.server.watch.timeout = 3000ms (custom)
2022-01-06 13:30:01,633 [f94be414-d4cd-4929-99d0-8f9eafd02643@group-43DC455BE5BD-LeaderElection7] INFO  server.RaftServerConfigKeys (ConfUtils.java:logGet(44)) - raft.server.watch.timeout.denomination = 1s (default)
2022-01-06 13:30:01,634 [EventQueue-OpenPipelineForHealthyPipelineSafeModeRule] INFO  safemode.SCMSafeModeManager (HealthyPipelineSafeModeRule.java:process(124)) - SCM in safe mode. Healthy pipelines reported count is 0, required healthy pipeline reported count is 1
2022-01-06 13:30:01,639 [f94be414-d4cd-4929-99d0-8f9eafd02643@group-43DC455BE5BD-LeaderElection7] INFO  server.RaftServerConfigKeys (ConfUtils.java:logGet(44)) - raft.server.watch.element-limit = 65536 (default)
2022-01-06 13:30:01,640 [f94be414-d4cd-4929-99d0-8f9eafd02643@group-43DC455BE5BD-LeaderElection7] INFO  server.RaftServerConfigKeys (ConfUtils.java:logGet(44)) - raft.server.write.element-limit = 1024 (custom)
2022-01-06 13:30:01,640 [f94be414-d4cd-4929-99d0-8f9eafd02643@group-43DC455BE5BD-LeaderElection7] INFO  server.RaftServerConfigKeys (ConfUtils.java:logGet(44)) - raft.server.write.follower.gap.ratio.max = -1.0 (default)
2022-01-06 13:30:01,641 [f94be414-d4cd-4929-99d0-8f9eafd02643@group-43DC455BE5BD-LeaderElection7] INFO  impl.RoleInfo (RoleInfo.java:updateAndGet(130)) - f94be414-d4cd-4929-99d0-8f9eafd02643: start f94be414-d4cd-4929-99d0-8f9eafd02643@group-43DC455BE5BD-LeaderStateImpl
2022-01-06 13:30:01,641 [f94be414-d4cd-4929-99d0-8f9eafd02643@group-43DC455BE5BD-LeaderElection7] INFO  segmented.SegmentedRaftLogWorker (SegmentedRaftLogWorker.java:startLogSegment(394)) - f94be414-d4cd-4929-99d0-8f9eafd02643@group-43DC455BE5BD-SegmentedRaftLogWorker: Starting segment from index:0
2022-01-06 13:30:01,643 [f94be414-d4cd-4929-99d0-8f9eafd02643@group-43DC455BE5BD-SegmentedRaftLogWorker] INFO  segmented.SegmentedRaftLogWorker (SegmentedRaftLogWorker.java:execute(601)) - f94be414-d4cd-4929-99d0-8f9eafd02643@group-43DC455BE5BD-SegmentedRaftLogWorker: created new log segment /home/runner/work/ozone/ozone/hadoop-ozone/integration-test/target/test-dir/MiniOzoneClusterImpl-1040910a-51cd-4ce1-8f2d-abd84b974e59/datanode-3/data/ratis/d767b8ec-313e-485f-b43c-43dc455be5bd/current/log_inprogress_0
2022-01-06 13:30:01,643 [f94be414-d4cd-4929-99d0-8f9eafd02643@group-43DC455BE5BD-LeaderElection7] INFO  server.RaftServer$Division (ServerState.java:setRaftConf(387)) - f94be414-d4cd-4929-99d0-8f9eafd02643@group-43DC455BE5BD: set configuration 0: [f94be414-d4cd-4929-99d0-8f9eafd02643|rpc:10.1.0.50:45415|dataStream:|priority:1], old=null
2022-01-06 13:30:01,819 [a3271a13-46d8-4b51-acff-5e832eb04f76@group-D578E6914626-FollowerState] INFO  impl.FollowerState (FollowerState.java:run(134)) - a3271a13-46d8-4b51-acff-5e832eb04f76@group-D578E6914626-FollowerState: change to CANDIDATE, lastRpcElapsedTime:5127055039ns, electionTimeout:5126ms
2022-01-06 13:30:01,819 [a3271a13-46d8-4b51-acff-5e832eb04f76@group-D578E6914626-FollowerState] INFO  impl.RoleInfo (RoleInfo.java:shutdownFollowerState(108)) - a3271a13-46d8-4b51-acff-5e832eb04f76: shutdown a3271a13-46d8-4b51-acff-5e832eb04f76@group-D578E6914626-FollowerState
2022-01-06 13:30:01,819 [a3271a13-46d8-4b51-acff-5e832eb04f76@group-D578E6914626-FollowerState] INFO  server.RaftServer$Division (RaftServerImpl.java:setRole(290)) - a3271a13-46d8-4b51-acff-5e832eb04f76@group-D578E6914626: changes role from  FOLLOWER to CANDIDATE at term 0 for changeToCandidate
2022-01-06 13:30:01,819 [a3271a13-46d8-4b51-acff-5e832eb04f76@group-D578E6914626-FollowerState] INFO  server.RaftServerConfigKeys (ConfUtils.java:logGet(44)) - raft.server.leaderelection.pre-vote = false (custom)
2022-01-06 13:30:01,819 [a3271a13-46d8-4b51-acff-5e832eb04f76@group-D578E6914626-FollowerState] INFO  impl.RoleInfo (RoleInfo.java:updateAndGet(130)) - a3271a13-46d8-4b51-acff-5e832eb04f76: start a3271a13-46d8-4b51-acff-5e832eb04f76@group-D578E6914626-LeaderElection8
2022-01-06 13:30:01,824 [a3271a13-46d8-4b51-acff-5e832eb04f76@group-D578E6914626-LeaderElection8] INFO  impl.LeaderElection (LeaderElection.java:askForVotes(306)) - a3271a13-46d8-4b51-acff-5e832eb04f76@group-D578E6914626-LeaderElection8 ELECTION round 0: submit vote requests at term 1 for -1: [a3271a13-46d8-4b51-acff-5e832eb04f76|rpc:10.1.0.50:39137|priority:1], old=null
2022-01-06 13:30:01,824 [a3271a13-46d8-4b51-acff-5e832eb04f76@group-D578E6914626-LeaderElection8] INFO  impl.LeaderElection (LeaderElection.java:askForVotes(308)) - a3271a13-46d8-4b51-acff-5e832eb04f76@group-D578E6914626-LeaderElection8 ELECTION round 0: result PASSED (term=1)
2022-01-06 13:30:01,824 [a3271a13-46d8-4b51-acff-5e832eb04f76@group-D578E6914626-LeaderElection8] INFO  impl.RoleInfo (RoleInfo.java:shutdownLeaderElection(121)) - a3271a13-46d8-4b51-acff-5e832eb04f76: shutdown a3271a13-46d8-4b51-acff-5e832eb04f76@group-D578E6914626-LeaderElection8
2022-01-06 13:30:01,824 [a3271a13-46d8-4b51-acff-5e832eb04f76@group-D578E6914626-LeaderElection8] INFO  server.RaftServer$Division (RaftServerImpl.java:setRole(290)) - a3271a13-46d8-4b51-acff-5e832eb04f76@group-D578E6914626: changes role from CANDIDATE to LEADER at term 1 for changeToLeader
2022-01-06 13:30:01,824 [a3271a13-46d8-4b51-acff-5e832eb04f76@group-D578E6914626-LeaderElection8] INFO  ratis.XceiverServerRatis (XceiverServerRatis.java:handleLeaderChangedNotification(866)) - Leader change notification received for group: group-D578E6914626 with new leaderId: a3271a13-46d8-4b51-acff-5e832eb04f76
2022-01-06 13:30:01,824 [a3271a13-46d8-4b51-acff-5e832eb04f76@group-D578E6914626-LeaderElection8] INFO  server.RaftServer$Division (ServerState.java:setLeader(285)) - a3271a13-46d8-4b51-acff-5e832eb04f76@group-D578E6914626: change Leader from null to a3271a13-46d8-4b51-acff-5e832eb04f76 at term 1 for becomeLeader, leader elected after 5140ms
2022-01-06 13:30:01,824 [a3271a13-46d8-4b51-acff-5e832eb04f76@group-D578E6914626-LeaderElection8] INFO  server.RaftServerConfigKeys (ConfUtils.java:logGet(44)) - raft.server.staging.catchup.gap = 1000 (default)
2022-01-06 13:30:01,826 [EventQueue-OpenPipelineForHealthyPipelineSafeModeRule] INFO  safemode.SCMSafeModeManager (HealthyPipelineSafeModeRule.java:process(124)) - SCM in safe mode. Healthy pipelines reported count is 0, required healthy pipeline reported count is 1
2022-01-06 13:30:01,830 [a3271a13-46d8-4b51-acff-5e832eb04f76@group-D578E6914626-LeaderElection8] INFO  server.RaftServerConfigKeys (ConfUtils.java:logGet(44)) - raft.server.write.element-limit = 1024 (custom)
2022-01-06 13:30:01,830 [a3271a13-46d8-4b51-acff-5e832eb04f76@group-D578E6914626-LeaderElection8] INFO  server.RaftServerConfigKeys (ConfUtils.java:logGet(44)) - raft.server.write.byte-limit = 1024 M (=1073741824) (custom)
2022-01-06 13:30:01,830 [a3271a13-46d8-4b51-acff-5e832eb04f76@group-D578E6914626-LeaderElection8] INFO  server.RaftServerConfigKeys (ConfUtils.java:logGet(44)) - raft.server.watch.timeout = 3000ms (custom)
2022-01-06 13:30:01,830 [a3271a13-46d8-4b51-acff-5e832eb04f76@group-D578E6914626-LeaderElection8] INFO  server.RaftServerConfigKeys (ConfUtils.java:logGet(44)) - raft.server.watch.timeout.denomination = 1s (default)
2022-01-06 13:30:01,830 [a3271a13-46d8-4b51-acff-5e832eb04f76@group-D578E6914626-LeaderElection8] INFO  server.RaftServerConfigKeys (ConfUtils.java:logGet(44)) - raft.server.watch.element-limit = 65536 (default)
2022-01-06 13:30:01,830 [a3271a13-46d8-4b51-acff-5e832eb04f76@group-D578E6914626-LeaderElection8] INFO  server.RaftServerConfigKeys (ConfUtils.java:logGet(44)) - raft.server.write.element-limit = 1024 (custom)
2022-01-06 13:30:01,830 [a3271a13-46d8-4b51-acff-5e832eb04f76@group-D578E6914626-LeaderElection8] INFO  server.RaftServerConfigKeys (ConfUtils.java:logGet(44)) - raft.server.write.follower.gap.ratio.max = -1.0 (default)
2022-01-06 13:30:01,830 [a3271a13-46d8-4b51-acff-5e832eb04f76@group-D578E6914626-LeaderElection8] INFO  impl.RoleInfo (RoleInfo.java:updateAndGet(130)) - a3271a13-46d8-4b51-acff-5e832eb04f76: start a3271a13-46d8-4b51-acff-5e832eb04f76@group-D578E6914626-LeaderStateImpl
2022-01-06 13:30:01,831 [a3271a13-46d8-4b51-acff-5e832eb04f76@group-D578E6914626-LeaderElection8] INFO  segmented.SegmentedRaftLogWorker (SegmentedRaftLogWorker.java:startLogSegment(394)) - a3271a13-46d8-4b51-acff-5e832eb04f76@group-D578E6914626-SegmentedRaftLogWorker: Starting segment from index:0
2022-01-06 13:30:01,833 [a3271a13-46d8-4b51-acff-5e832eb04f76@group-D578E6914626-SegmentedRaftLogWorker] INFO  segmented.SegmentedRaftLogWorker (SegmentedRaftLogWorker.java:execute(601)) - a3271a13-46d8-4b51-acff-5e832eb04f76@group-D578E6914626-SegmentedRaftLogWorker: created new log segment /home/runner/work/ozone/ozone/hadoop-ozone/integration-test/target/test-dir/MiniOzoneClusterImpl-1040910a-51cd-4ce1-8f2d-abd84b974e59/datanode-4/data/ratis/ed24ecc4-60a8-4ca4-b88c-d578e6914626/current/log_inprogress_0
2022-01-06 13:30:01,833 [a3271a13-46d8-4b51-acff-5e832eb04f76@group-D578E6914626-LeaderElection8] INFO  server.RaftServer$Division (ServerState.java:setRaftConf(387)) - a3271a13-46d8-4b51-acff-5e832eb04f76@group-D578E6914626: set configuration 0: [a3271a13-46d8-4b51-acff-5e832eb04f76|rpc:10.1.0.50:39137|dataStream:|priority:1], old=null
2022-01-06 13:30:02,029 [832710ff-70fd-4195-974e-450d8fd5944e@group-F93097442047-FollowerState] INFO  impl.FollowerState (FollowerState.java:run(134)) - 832710ff-70fd-4195-974e-450d8fd5944e@group-F93097442047-FollowerState: change to CANDIDATE, lastRpcElapsedTime:5145042615ns, electionTimeout:5144ms
2022-01-06 13:30:02,029 [832710ff-70fd-4195-974e-450d8fd5944e@group-F93097442047-FollowerState] INFO  impl.RoleInfo (RoleInfo.java:shutdownFollowerState(108)) - 832710ff-70fd-4195-974e-450d8fd5944e: shutdown 832710ff-70fd-4195-974e-450d8fd5944e@group-F93097442047-FollowerState
2022-01-06 13:30:02,029 [832710ff-70fd-4195-974e-450d8fd5944e@group-F93097442047-FollowerState] INFO  server.RaftServer$Division (RaftServerImpl.java:setRole(290)) - 832710ff-70fd-4195-974e-450d8fd5944e@group-F93097442047: changes role from  FOLLOWER to CANDIDATE at term 0 for changeToCandidate
2022-01-06 13:30:02,031 [832710ff-70fd-4195-974e-450d8fd5944e@group-F93097442047-FollowerState] INFO  server.RaftServerConfigKeys (ConfUtils.java:logGet(44)) - raft.server.leaderelection.pre-vote = false (custom)
2022-01-06 13:30:02,031 [832710ff-70fd-4195-974e-450d8fd5944e@group-F93097442047-FollowerState] INFO  impl.RoleInfo (RoleInfo.java:updateAndGet(130)) - 832710ff-70fd-4195-974e-450d8fd5944e: start 832710ff-70fd-4195-974e-450d8fd5944e@group-F93097442047-LeaderElection9
2022-01-06 13:30:02,034 [832710ff-70fd-4195-974e-450d8fd5944e@group-F93097442047-LeaderElection9] INFO  impl.LeaderElection (LeaderElection.java:askForVotes(306)) - 832710ff-70fd-4195-974e-450d8fd5944e@group-F93097442047-LeaderElection9 ELECTION round 0: submit vote requests at term 1 for -1: [832710ff-70fd-4195-974e-450d8fd5944e|rpc:10.1.0.50:39399|priority:1], old=null
2022-01-06 13:30:02,034 [832710ff-70fd-4195-974e-450d8fd5944e@group-F93097442047-LeaderElection9] INFO  impl.LeaderElection (LeaderElection.java:askForVotes(308)) - 832710ff-70fd-4195-974e-450d8fd5944e@group-F93097442047-LeaderElection9 ELECTION round 0: result PASSED (term=1)
2022-01-06 13:30:02,034 [832710ff-70fd-4195-974e-450d8fd5944e@group-F93097442047-LeaderElection9] INFO  impl.RoleInfo (RoleInfo.java:shutdownLeaderElection(121)) - 832710ff-70fd-4195-974e-450d8fd5944e: shutdown 832710ff-70fd-4195-974e-450d8fd5944e@group-F93097442047-LeaderElection9
2022-01-06 13:30:02,034 [832710ff-70fd-4195-974e-450d8fd5944e@group-F93097442047-LeaderElection9] INFO  server.RaftServer$Division (RaftServerImpl.java:setRole(290)) - 832710ff-70fd-4195-974e-450d8fd5944e@group-F93097442047: changes role from CANDIDATE to LEADER at term 1 for changeToLeader
2022-01-06 13:30:02,034 [832710ff-70fd-4195-974e-450d8fd5944e@group-F93097442047-LeaderElection9] INFO  ratis.XceiverServerRatis (XceiverServerRatis.java:handleLeaderChangedNotification(866)) - Leader change notification received for group: group-F93097442047 with new leaderId: 832710ff-70fd-4195-974e-450d8fd5944e
2022-01-06 13:30:02,034 [832710ff-70fd-4195-974e-450d8fd5944e@group-F93097442047-LeaderElection9] INFO  server.RaftServer$Division (ServerState.java:setLeader(285)) - 832710ff-70fd-4195-974e-450d8fd5944e@group-F93097442047: change Leader from null to 832710ff-70fd-4195-974e-450d8fd5944e at term 1 for becomeLeader, leader elected after 5158ms
2022-01-06 13:30:02,035 [832710ff-70fd-4195-974e-450d8fd5944e@group-F93097442047-LeaderElection9] INFO  server.RaftServerConfigKeys (ConfUtils.java:logGet(44)) - raft.server.staging.catchup.gap = 1000 (default)
2022-01-06 13:30:02,035 [832710ff-70fd-4195-974e-450d8fd5944e@group-F93097442047-LeaderElection9] INFO  server.RaftServerConfigKeys (ConfUtils.java:logGet(44)) - raft.server.write.element-limit = 1024 (custom)
2022-01-06 13:30:02,035 [832710ff-70fd-4195-974e-450d8fd5944e@group-F93097442047-LeaderElection9] INFO  server.RaftServerConfigKeys (ConfUtils.java:logGet(44)) - raft.server.write.byte-limit = 1024 M (=1073741824) (custom)
2022-01-06 13:30:02,035 [832710ff-70fd-4195-974e-450d8fd5944e@group-F93097442047-LeaderElection9] INFO  server.RaftServerConfigKeys (ConfUtils.java:logGet(44)) - raft.server.watch.timeout = 3000ms (custom)
2022-01-06 13:30:02,035 [832710ff-70fd-4195-974e-450d8fd5944e@group-F93097442047-LeaderElection9] INFO  server.RaftServerConfigKeys (ConfUtils.java:logGet(44)) - raft.server.watch.timeout.denomination = 1s (default)
2022-01-06 13:30:02,035 [832710ff-70fd-4195-974e-450d8fd5944e@group-F93097442047-LeaderElection9] INFO  server.RaftServerConfigKeys (ConfUtils.java:logGet(44)) - raft.server.watch.element-limit = 65536 (default)
2022-01-06 13:30:02,035 [832710ff-70fd-4195-974e-450d8fd5944e@group-F93097442047-LeaderElection9] INFO  server.RaftServerConfigKeys (ConfUtils.java:logGet(44)) - raft.server.write.element-limit = 1024 (custom)
2022-01-06 13:30:02,036 [832710ff-70fd-4195-974e-450d8fd5944e@group-F93097442047-LeaderElection9] INFO  server.RaftServerConfigKeys (ConfUtils.java:logGet(44)) - raft.server.write.follower.gap.ratio.max = -1.0 (default)
2022-01-06 13:30:02,036 [832710ff-70fd-4195-974e-450d8fd5944e@group-F93097442047-LeaderElection9] INFO  impl.RoleInfo (RoleInfo.java:updateAndGet(130)) - 832710ff-70fd-4195-974e-450d8fd5944e: start 832710ff-70fd-4195-974e-450d8fd5944e@group-F93097442047-LeaderStateImpl
2022-01-06 13:30:02,036 [832710ff-70fd-4195-974e-450d8fd5944e@group-F93097442047-LeaderElection9] INFO  segmented.SegmentedRaftLogWorker (SegmentedRaftLogWorker.java:startLogSegment(394)) - 832710ff-70fd-4195-974e-450d8fd5944e@group-F93097442047-SegmentedRaftLogWorker: Starting segment from index:0
2022-01-06 13:30:02,036 [EventQueue-OpenPipelineForHealthyPipelineSafeModeRule] INFO  safemode.SCMSafeModeManager (HealthyPipelineSafeModeRule.java:process(124)) - SCM in safe mode. Healthy pipelines reported count is 0, required healthy pipeline reported count is 1
2022-01-06 13:30:02,039 [832710ff-70fd-4195-974e-450d8fd5944e@group-F93097442047-SegmentedRaftLogWorker] INFO  segmented.SegmentedRaftLogWorker (SegmentedRaftLogWorker.java:execute(601)) - 832710ff-70fd-4195-974e-450d8fd5944e@group-F93097442047-SegmentedRaftLogWorker: created new log segment /home/runner/work/ozone/ozone/hadoop-ozone/integration-test/target/test-dir/MiniOzoneClusterImpl-1040910a-51cd-4ce1-8f2d-abd84b974e59/datanode-5/data/ratis/14430a4b-7558-4436-80de-f93097442047/current/log_inprogress_0
2022-01-06 13:30:02,040 [832710ff-70fd-4195-974e-450d8fd5944e@group-F93097442047-LeaderElection9] INFO  server.RaftServer$Division (ServerState.java:setRaftConf(387)) - 832710ff-70fd-4195-974e-450d8fd5944e@group-F93097442047: set configuration 0: [832710ff-70fd-4195-974e-450d8fd5944e|rpc:10.1.0.50:39399|dataStream:|priority:1], old=null
2022-01-06 13:30:02,114 [177ce3f2-416d-49f6-9e1f-da5fb9a9d371@group-EA9518340237-FollowerState] INFO  impl.FollowerState (FollowerState.java:run(134)) - 177ce3f2-416d-49f6-9e1f-da5fb9a9d371@group-EA9518340237-FollowerState: change to CANDIDATE, lastRpcElapsedTime:5042830801ns, electionTimeout:5042ms
2022-01-06 13:30:02,114 [177ce3f2-416d-49f6-9e1f-da5fb9a9d371@group-EA9518340237-FollowerState] INFO  impl.RoleInfo (RoleInfo.java:shutdownFollowerState(108)) - 177ce3f2-416d-49f6-9e1f-da5fb9a9d371: shutdown 177ce3f2-416d-49f6-9e1f-da5fb9a9d371@group-EA9518340237-FollowerState
2022-01-06 13:30:02,115 [177ce3f2-416d-49f6-9e1f-da5fb9a9d371@group-EA9518340237-FollowerState] INFO  server.RaftServer$Division (RaftServerImpl.java:setRole(290)) - 177ce3f2-416d-49f6-9e1f-da5fb9a9d371@group-EA9518340237: changes role from  FOLLOWER to CANDIDATE at term 0 for changeToCandidate
2022-01-06 13:30:02,115 [177ce3f2-416d-49f6-9e1f-da5fb9a9d371@group-EA9518340237-FollowerState] INFO  server.RaftServerConfigKeys (ConfUtils.java:logGet(44)) - raft.server.leaderelection.pre-vote = false (custom)
2022-01-06 13:30:02,115 [177ce3f2-416d-49f6-9e1f-da5fb9a9d371@group-EA9518340237-FollowerState] INFO  impl.RoleInfo (RoleInfo.java:updateAndGet(130)) - 177ce3f2-416d-49f6-9e1f-da5fb9a9d371: start 177ce3f2-416d-49f6-9e1f-da5fb9a9d371@group-EA9518340237-LeaderElection10
2022-01-06 13:30:02,118 [177ce3f2-416d-49f6-9e1f-da5fb9a9d371@group-EA9518340237-LeaderElection10] INFO  impl.LeaderElection (LeaderElection.java:askForVotes(306)) - 177ce3f2-416d-49f6-9e1f-da5fb9a9d371@group-EA9518340237-LeaderElection10 ELECTION round 0: submit vote requests at term 1 for -1: [177ce3f2-416d-49f6-9e1f-da5fb9a9d371|rpc:10.1.0.50:39477|priority:1], old=null
2022-01-06 13:30:02,118 [177ce3f2-416d-49f6-9e1f-da5fb9a9d371@group-EA9518340237-LeaderElection10] INFO  impl.LeaderElection (LeaderElection.java:askForVotes(308)) - 177ce3f2-416d-49f6-9e1f-da5fb9a9d371@group-EA9518340237-LeaderElection10 ELECTION round 0: result PASSED (term=1)
2022-01-06 13:30:02,118 [177ce3f2-416d-49f6-9e1f-da5fb9a9d371@group-EA9518340237-LeaderElection10] INFO  impl.RoleInfo (RoleInfo.java:shutdownLeaderElection(121)) - 177ce3f2-416d-49f6-9e1f-da5fb9a9d371: shutdown 177ce3f2-416d-49f6-9e1f-da5fb9a9d371@group-EA9518340237-LeaderElection10
2022-01-06 13:30:02,118 [177ce3f2-416d-49f6-9e1f-da5fb9a9d371@group-EA9518340237-LeaderElection10] INFO  server.RaftServer$Division (RaftServerImpl.java:setRole(290)) - 177ce3f2-416d-49f6-9e1f-da5fb9a9d371@group-EA9518340237: changes role from CANDIDATE to LEADER at term 1 for changeToLeader
2022-01-06 13:30:02,118 [177ce3f2-416d-49f6-9e1f-da5fb9a9d371@group-EA9518340237-LeaderElection10] INFO  ratis.XceiverServerRatis (XceiverServerRatis.java:handleLeaderChangedNotification(866)) - Leader change notification received for group: group-EA9518340237 with new leaderId: 177ce3f2-416d-49f6-9e1f-da5fb9a9d371
2022-01-06 13:30:02,119 [177ce3f2-416d-49f6-9e1f-da5fb9a9d371@group-EA9518340237-LeaderElection10] INFO  server.RaftServer$Division (ServerState.java:setLeader(285)) - 177ce3f2-416d-49f6-9e1f-da5fb9a9d371@group-EA9518340237: change Leader from null to 177ce3f2-416d-49f6-9e1f-da5fb9a9d371 at term 1 for becomeLeader, leader elected after 5056ms
2022-01-06 13:30:02,119 [177ce3f2-416d-49f6-9e1f-da5fb9a9d371@group-EA9518340237-LeaderElection10] INFO  server.RaftServerConfigKeys (ConfUtils.java:logGet(44)) - raft.server.staging.catchup.gap = 1000 (default)
2022-01-06 13:30:02,120 [177ce3f2-416d-49f6-9e1f-da5fb9a9d371@group-EA9518340237-LeaderElection10] INFO  server.RaftServerConfigKeys (ConfUtils.java:logGet(44)) - raft.server.write.element-limit = 1024 (custom)
2022-01-06 13:30:02,120 [177ce3f2-416d-49f6-9e1f-da5fb9a9d371@group-EA9518340237-LeaderElection10] INFO  server.RaftServerConfigKeys (ConfUtils.java:logGet(44)) - raft.server.write.byte-limit = 1024 M (=1073741824) (custom)
2022-01-06 13:30:02,120 [177ce3f2-416d-49f6-9e1f-da5fb9a9d371@group-EA9518340237-LeaderElection10] INFO  server.RaftServerConfigKeys (ConfUtils.java:logGet(44)) - raft.server.watch.timeout = 3000ms (custom)
2022-01-06 13:30:02,120 [177ce3f2-416d-49f6-9e1f-da5fb9a9d371@group-EA9518340237-LeaderElection10] INFO  server.RaftServerConfigKeys (ConfUtils.java:logGet(44)) - raft.server.watch.timeout.denomination = 1s (default)
2022-01-06 13:30:02,121 [177ce3f2-416d-49f6-9e1f-da5fb9a9d371@group-EA9518340237-LeaderElection10] INFO  server.RaftServerConfigKeys (ConfUtils.java:logGet(44)) - raft.server.watch.element-limit = 65536 (default)
2022-01-06 13:30:02,121 [177ce3f2-416d-49f6-9e1f-da5fb9a9d371@group-EA9518340237-LeaderElection10] INFO  server.RaftServerConfigKeys (ConfUtils.java:logGet(44)) - raft.server.write.element-limit = 1024 (custom)
2022-01-06 13:30:02,121 [177ce3f2-416d-49f6-9e1f-da5fb9a9d371@group-EA9518340237-LeaderElection10] INFO  server.RaftServerConfigKeys (ConfUtils.java:logGet(44)) - raft.server.write.follower.gap.ratio.max = -1.0 (default)
2022-01-06 13:30:02,121 [177ce3f2-416d-49f6-9e1f-da5fb9a9d371@group-EA9518340237-LeaderElection10] INFO  impl.RoleInfo (RoleInfo.java:updateAndGet(130)) - 177ce3f2-416d-49f6-9e1f-da5fb9a9d371: start 177ce3f2-416d-49f6-9e1f-da5fb9a9d371@group-EA9518340237-LeaderStateImpl
2022-01-06 13:30:02,122 [177ce3f2-416d-49f6-9e1f-da5fb9a9d371@group-EA9518340237-LeaderElection10] INFO  segmented.SegmentedRaftLogWorker (SegmentedRaftLogWorker.java:startLogSegment(394)) - 177ce3f2-416d-49f6-9e1f-da5fb9a9d371@group-EA9518340237-SegmentedRaftLogWorker: Starting segment from index:0
2022-01-06 13:30:02,125 [177ce3f2-416d-49f6-9e1f-da5fb9a9d371@group-1FE22983BC3E-FollowerState] INFO  impl.FollowerState (FollowerState.java:run(134)) - 177ce3f2-416d-49f6-9e1f-da5fb9a9d371@group-1FE22983BC3E-FollowerState: change to CANDIDATE, lastRpcElapsedTime:5039331767ns, electionTimeout:5039ms
2022-01-06 13:30:02,126 [177ce3f2-416d-49f6-9e1f-da5fb9a9d371@group-1FE22983BC3E-FollowerState] INFO  impl.RoleInfo (RoleInfo.java:shutdownFollowerState(108)) - 177ce3f2-416d-49f6-9e1f-da5fb9a9d371: shutdown 177ce3f2-416d-49f6-9e1f-da5fb9a9d371@group-1FE22983BC3E-FollowerState
2022-01-06 13:30:02,126 [177ce3f2-416d-49f6-9e1f-da5fb9a9d371@group-1FE22983BC3E-FollowerState] INFO  server.RaftServer$Division (RaftServerImpl.java:setRole(290)) - 177ce3f2-416d-49f6-9e1f-da5fb9a9d371@group-1FE22983BC3E: changes role from  FOLLOWER to CANDIDATE at term 0 for changeToCandidate
2022-01-06 13:30:02,126 [EventQueue-OpenPipelineForHealthyPipelineSafeModeRule] INFO  safemode.SCMSafeModeManager (HealthyPipelineSafeModeRule.java:process(124)) - SCM in safe mode. Healthy pipelines reported count is 0, required healthy pipeline reported count is 1
2022-01-06 13:30:02,128 [177ce3f2-416d-49f6-9e1f-da5fb9a9d371@group-EA9518340237-SegmentedRaftLogWorker] INFO  segmented.SegmentedRaftLogWorker (SegmentedRaftLogWorker.java:execute(601)) - 177ce3f2-416d-49f6-9e1f-da5fb9a9d371@group-EA9518340237-SegmentedRaftLogWorker: created new log segment /home/runner/work/ozone/ozone/hadoop-ozone/integration-test/target/test-dir/MiniOzoneClusterImpl-1040910a-51cd-4ce1-8f2d-abd84b974e59/datanode-6/data/ratis/3f0a10d6-27fc-4b50-9cd3-ea9518340237/current/log_inprogress_0
2022-01-06 13:30:02,137 [177ce3f2-416d-49f6-9e1f-da5fb9a9d371@group-1FE22983BC3E-FollowerState] INFO  server.RaftServerConfigKeys (ConfUtils.java:logGet(44)) - raft.server.leaderelection.pre-vote = false (custom)
2022-01-06 13:30:02,137 [177ce3f2-416d-49f6-9e1f-da5fb9a9d371@group-1FE22983BC3E-FollowerState] INFO  impl.RoleInfo (RoleInfo.java:updateAndGet(130)) - 177ce3f2-416d-49f6-9e1f-da5fb9a9d371: start 177ce3f2-416d-49f6-9e1f-da5fb9a9d371@group-1FE22983BC3E-LeaderElection11
2022-01-06 13:30:02,140 [177ce3f2-416d-49f6-9e1f-da5fb9a9d371@group-EA9518340237-LeaderElection10] INFO  server.RaftServer$Division (ServerState.java:setRaftConf(387)) - 177ce3f2-416d-49f6-9e1f-da5fb9a9d371@group-EA9518340237: set configuration 0: [177ce3f2-416d-49f6-9e1f-da5fb9a9d371|rpc:10.1.0.50:39477|dataStream:|priority:1], old=null
2022-01-06 13:30:02,146 [177ce3f2-416d-49f6-9e1f-da5fb9a9d371@group-1FE22983BC3E-LeaderElection11] INFO  impl.LeaderElection (LeaderElection.java:askForVotes(306)) - 177ce3f2-416d-49f6-9e1f-da5fb9a9d371@group-1FE22983BC3E-LeaderElection11 ELECTION round 0: submit vote requests at term 1 for -1: [665e739a-157d-4ef9-b1c9-ec3dd6c8e45b|rpc:10.1.0.50:42233|priority:1, 177ce3f2-416d-49f6-9e1f-da5fb9a9d371|rpc:10.1.0.50:39477|priority:0, 76e53578-69cb-4294-9496-1cf18385f48a|rpc:10.1.0.50:41391|priority:0], old=null
2022-01-06 13:30:02,163 [76e53578-69cb-4294-9496-1cf18385f48a@group-1FE22983BC3E-FollowerState] INFO  impl.FollowerState (FollowerState.java:run(134)) - 76e53578-69cb-4294-9496-1cf18385f48a@group-1FE22983BC3E-FollowerState: change to CANDIDATE, lastRpcElapsedTime:5009227468ns, electionTimeout:5006ms
2022-01-06 13:30:02,163 [76e53578-69cb-4294-9496-1cf18385f48a@group-1FE22983BC3E-FollowerState] INFO  impl.RoleInfo (RoleInfo.java:shutdownFollowerState(108)) - 76e53578-69cb-4294-9496-1cf18385f48a: shutdown 76e53578-69cb-4294-9496-1cf18385f48a@group-1FE22983BC3E-FollowerState
2022-01-06 13:30:02,163 [76e53578-69cb-4294-9496-1cf18385f48a@group-1FE22983BC3E-FollowerState] INFO  server.RaftServer$Division (RaftServerImpl.java:setRole(290)) - 76e53578-69cb-4294-9496-1cf18385f48a@group-1FE22983BC3E: changes role from  FOLLOWER to CANDIDATE at term 0 for changeToCandidate
2022-01-06 13:30:02,175 [76e53578-69cb-4294-9496-1cf18385f48a@group-1FE22983BC3E-FollowerState] INFO  server.RaftServerConfigKeys (ConfUtils.java:logGet(44)) - raft.server.leaderelection.pre-vote = false (custom)
2022-01-06 13:30:02,175 [76e53578-69cb-4294-9496-1cf18385f48a@group-1FE22983BC3E-FollowerState] INFO  impl.RoleInfo (RoleInfo.java:updateAndGet(130)) - 76e53578-69cb-4294-9496-1cf18385f48a: start 76e53578-69cb-4294-9496-1cf18385f48a@group-1FE22983BC3E-LeaderElection12
2022-01-06 13:30:02,179 [grpc-default-executor-1] INFO  server.RaftServer$Division (RaftServerImpl.java:requestVote(1046)) - 76e53578-69cb-4294-9496-1cf18385f48a@group-1FE22983BC3E: receive requestVote(ELECTION, 177ce3f2-416d-49f6-9e1f-da5fb9a9d371, group-1FE22983BC3E, 1, (t:0, i:0))
2022-01-06 13:30:02,180 [grpc-default-executor-1] INFO  impl.VoteContext (VoteContext.java:log(48)) - 76e53578-69cb-4294-9496-1cf18385f48a@group-1FE22983BC3E-CANDIDATE: accept ELECTION from 177ce3f2-416d-49f6-9e1f-da5fb9a9d371: our priority 0 <= candidate's priority 0
2022-01-06 13:30:02,180 [grpc-default-executor-1] INFO  server.RaftServer$Division (RaftServerImpl.java:setRole(290)) - 76e53578-69cb-4294-9496-1cf18385f48a@group-1FE22983BC3E: changes role from CANDIDATE to FOLLOWER at term 1 for candidate:177ce3f2-416d-49f6-9e1f-da5fb9a9d371
2022-01-06 13:30:02,180 [grpc-default-executor-1] INFO  impl.RoleInfo (RoleInfo.java:shutdownLeaderElection(121)) - 76e53578-69cb-4294-9496-1cf18385f48a: shutdown 76e53578-69cb-4294-9496-1cf18385f48a@group-1FE22983BC3E-LeaderElection12
2022-01-06 13:30:02,180 [grpc-default-executor-1] INFO  impl.RoleInfo (RoleInfo.java:updateAndGet(130)) - 76e53578-69cb-4294-9496-1cf18385f48a: start 76e53578-69cb-4294-9496-1cf18385f48a@group-1FE22983BC3E-FollowerState
2022-01-06 13:30:02,181 [76e53578-69cb-4294-9496-1cf18385f48a@group-1FE22983BC3E-LeaderElection12] INFO  impl.LeaderElection (LeaderElection.java:run(230)) - 76e53578-69cb-4294-9496-1cf18385f48a@group-1FE22983BC3E-LeaderElection12: skip running since this is already CLOSING
2022-01-06 13:30:02,181 [grpc-default-executor-1] INFO  server.RaftServer$Division (RaftServerImpl.java:requestVote(1078)) - 76e53578-69cb-4294-9496-1cf18385f48a@group-1FE22983BC3E replies to ELECTION vote request: 177ce3f2-416d-49f6-9e1f-da5fb9a9d371<-76e53578-69cb-4294-9496-1cf18385f48a#0:OK-t1. Peer's state: 76e53578-69cb-4294-9496-1cf18385f48a@group-1FE22983BC3E:t1, leader=null, voted=177ce3f2-416d-49f6-9e1f-da5fb9a9d371, raftlog=76e53578-69cb-4294-9496-1cf18385f48a@group-1FE22983BC3E-SegmentedRaftLog:OPENED:c-1, conf=-1: [665e739a-157d-4ef9-b1c9-ec3dd6c8e45b|rpc:10.1.0.50:42233|dataStream:|priority:1, 177ce3f2-416d-49f6-9e1f-da5fb9a9d371|rpc:10.1.0.50:39477|dataStream:|priority:0, 76e53578-69cb-4294-9496-1cf18385f48a|rpc:10.1.0.50:41391|dataStream:|priority:0], old=null
2022-01-06 13:30:02,185 [grpc-default-executor-1] INFO  server.RaftServer$Division (RaftServerImpl.java:requestVote(1046)) - 665e739a-157d-4ef9-b1c9-ec3dd6c8e45b@group-1FE22983BC3E: receive requestVote(ELECTION, 177ce3f2-416d-49f6-9e1f-da5fb9a9d371, group-1FE22983BC3E, 1, (t:0, i:0))
2022-01-06 13:30:02,185 [grpc-default-executor-1] INFO  impl.VoteContext (VoteContext.java:log(48)) - 665e739a-157d-4ef9-b1c9-ec3dd6c8e45b@group-1FE22983BC3E-FOLLOWER: reject ELECTION from 177ce3f2-416d-49f6-9e1f-da5fb9a9d371: our priority 1 > candidate's priority 0
2022-01-06 13:30:02,185 [grpc-default-executor-1] INFO  server.RaftServer$Division (RaftServerImpl.java:setRole(290)) - 665e739a-157d-4ef9-b1c9-ec3dd6c8e45b@group-1FE22983BC3E: changes role from  FOLLOWER to FOLLOWER at term 1 for candidate:177ce3f2-416d-49f6-9e1f-da5fb9a9d371
2022-01-06 13:30:02,185 [grpc-default-executor-1] INFO  impl.RoleInfo (RoleInfo.java:shutdownFollowerState(108)) - 665e739a-157d-4ef9-b1c9-ec3dd6c8e45b: shutdown 665e739a-157d-4ef9-b1c9-ec3dd6c8e45b@group-1FE22983BC3E-FollowerState
2022-01-06 13:30:02,185 [grpc-default-executor-1] INFO  impl.RoleInfo (RoleInfo.java:updateAndGet(130)) - 665e739a-157d-4ef9-b1c9-ec3dd6c8e45b: start 665e739a-157d-4ef9-b1c9-ec3dd6c8e45b@group-1FE22983BC3E-FollowerState
2022-01-06 13:30:02,186 [665e739a-157d-4ef9-b1c9-ec3dd6c8e45b@group-1FE22983BC3E-FollowerState] INFO  impl.FollowerState (FollowerState.java:run(143)) - 665e739a-157d-4ef9-b1c9-ec3dd6c8e45b@group-1FE22983BC3E-FollowerState was interrupted: {}
java.lang.InterruptedException: sleep interrupted
	at java.lang.Thread.sleep(Native Method)
	at java.lang.Thread.sleep(Thread.java:340)
	at java.util.concurrent.TimeUnit.sleep(TimeUnit.java:386)
	at org.apache.ratis.util.TimeDuration.sleep(TimeDuration.java:324)
	at org.apache.ratis.util.TimeDuration.sleep(TimeDuration.java:309)
	at org.apache.ratis.server.impl.FollowerState.run(FollowerState.java:118)
2022-01-06 13:30:02,191 [grpc-default-executor-1] INFO  server.RaftServer$Division (RaftServerImpl.java:requestVote(1078)) - 665e739a-157d-4ef9-b1c9-ec3dd6c8e45b@group-1FE22983BC3E replies to ELECTION vote request: 177ce3f2-416d-49f6-9e1f-da5fb9a9d371<-665e739a-157d-4ef9-b1c9-ec3dd6c8e45b#0:FAIL-t1. Peer's state: 665e739a-157d-4ef9-b1c9-ec3dd6c8e45b@group-1FE22983BC3E:t1, leader=null, voted=null, raftlog=665e739a-157d-4ef9-b1c9-ec3dd6c8e45b@group-1FE22983BC3E-SegmentedRaftLog:OPENED:c-1, conf=-1: [665e739a-157d-4ef9-b1c9-ec3dd6c8e45b|rpc:10.1.0.50:42233|dataStream:|priority:1, 177ce3f2-416d-49f6-9e1f-da5fb9a9d371|rpc:10.1.0.50:39477|dataStream:|priority:0, 76e53578-69cb-4294-9496-1cf18385f48a|rpc:10.1.0.50:41391|dataStream:|priority:0], old=null
2022-01-06 13:30:02,194 [177ce3f2-416d-49f6-9e1f-da5fb9a9d371@group-1FE22983BC3E-LeaderElection11] INFO  impl.LeaderElection (LeaderElection.java:logAndReturn(89)) - 177ce3f2-416d-49f6-9e1f-da5fb9a9d371@group-1FE22983BC3E-LeaderElection11: ELECTION REJECTED received 2 response(s) and 0 exception(s):
2022-01-06 13:30:02,194 [177ce3f2-416d-49f6-9e1f-da5fb9a9d371@group-1FE22983BC3E-LeaderElection11] INFO  impl.LeaderElection (LeaderElection.java:logAndReturn(93)) -   Response 0: 177ce3f2-416d-49f6-9e1f-da5fb9a9d371<-665e739a-157d-4ef9-b1c9-ec3dd6c8e45b#0:FAIL-t1
2022-01-06 13:30:02,194 [177ce3f2-416d-49f6-9e1f-da5fb9a9d371@group-1FE22983BC3E-LeaderElection11] INFO  impl.LeaderElection (LeaderElection.java:logAndReturn(93)) -   Response 1: 177ce3f2-416d-49f6-9e1f-da5fb9a9d371<-76e53578-69cb-4294-9496-1cf18385f48a#0:OK-t1
2022-01-06 13:30:02,194 [177ce3f2-416d-49f6-9e1f-da5fb9a9d371@group-1FE22983BC3E-LeaderElection11] INFO  impl.LeaderElection (LeaderElection.java:askForVotes(308)) - 177ce3f2-416d-49f6-9e1f-da5fb9a9d371@group-1FE22983BC3E-LeaderElection11 ELECTION round 0: result REJECTED
2022-01-06 13:30:02,194 [177ce3f2-416d-49f6-9e1f-da5fb9a9d371@group-1FE22983BC3E-LeaderElection11] INFO  server.RaftServer$Division (RaftServerImpl.java:setRole(290)) - 177ce3f2-416d-49f6-9e1f-da5fb9a9d371@group-1FE22983BC3E: changes role from CANDIDATE to FOLLOWER at term 1 for REJECTED
2022-01-06 13:30:02,194 [177ce3f2-416d-49f6-9e1f-da5fb9a9d371@group-1FE22983BC3E-LeaderElection11] INFO  impl.RoleInfo (RoleInfo.java:shutdownLeaderElection(121)) - 177ce3f2-416d-49f6-9e1f-da5fb9a9d371: shutdown 177ce3f2-416d-49f6-9e1f-da5fb9a9d371@group-1FE22983BC3E-LeaderElection11
2022-01-06 13:30:02,194 [177ce3f2-416d-49f6-9e1f-da5fb9a9d371@group-1FE22983BC3E-LeaderElection11] INFO  impl.RoleInfo (RoleInfo.java:updateAndGet(130)) - 177ce3f2-416d-49f6-9e1f-da5fb9a9d371: start 177ce3f2-416d-49f6-9e1f-da5fb9a9d371@group-1FE22983BC3E-FollowerState
2022-01-06 13:30:02,317 [665e739a-157d-4ef9-b1c9-ec3dd6c8e45b@group-E679EF3C7C02-FollowerState] INFO  impl.FollowerState (FollowerState.java:run(134)) - 665e739a-157d-4ef9-b1c9-ec3dd6c8e45b@group-E679EF3C7C02-FollowerState: change to CANDIDATE, lastRpcElapsedTime:5068661155ns, electionTimeout:5066ms
2022-01-06 13:30:02,318 [665e739a-157d-4ef9-b1c9-ec3dd6c8e45b@group-E679EF3C7C02-FollowerState] INFO  impl.RoleInfo (RoleInfo.java:shutdownFollowerState(108)) - 665e739a-157d-4ef9-b1c9-ec3dd6c8e45b: shutdown 665e739a-157d-4ef9-b1c9-ec3dd6c8e45b@group-E679EF3C7C02-FollowerState
2022-01-06 13:30:02,318 [665e739a-157d-4ef9-b1c9-ec3dd6c8e45b@group-E679EF3C7C02-FollowerState] INFO  server.RaftServer$Division (RaftServerImpl.java:setRole(290)) - 665e739a-157d-4ef9-b1c9-ec3dd6c8e45b@group-E679EF3C7C02: changes role from  FOLLOWER to CANDIDATE at term 0 for changeToCandidate
2022-01-06 13:30:02,319 [665e739a-157d-4ef9-b1c9-ec3dd6c8e45b@group-E679EF3C7C02-FollowerState] INFO  server.RaftServerConfigKeys (ConfUtils.java:logGet(44)) - raft.server.leaderelection.pre-vote = false (custom)
2022-01-06 13:30:02,319 [665e739a-157d-4ef9-b1c9-ec3dd6c8e45b@group-E679EF3C7C02-FollowerState] INFO  impl.RoleInfo (RoleInfo.java:updateAndGet(130)) - 665e739a-157d-4ef9-b1c9-ec3dd6c8e45b: start 665e739a-157d-4ef9-b1c9-ec3dd6c8e45b@group-E679EF3C7C02-LeaderElection13
2022-01-06 13:30:02,323 [665e739a-157d-4ef9-b1c9-ec3dd6c8e45b@group-E679EF3C7C02-LeaderElection13] INFO  impl.LeaderElection (LeaderElection.java:askForVotes(306)) - 665e739a-157d-4ef9-b1c9-ec3dd6c8e45b@group-E679EF3C7C02-LeaderElection13 ELECTION round 0: submit vote requests at term 1 for -1: [665e739a-157d-4ef9-b1c9-ec3dd6c8e45b|rpc:10.1.0.50:42233|priority:1], old=null
2022-01-06 13:30:02,323 [665e739a-157d-4ef9-b1c9-ec3dd6c8e45b@group-E679EF3C7C02-LeaderElection13] INFO  impl.LeaderElection (LeaderElection.java:askForVotes(308)) - 665e739a-157d-4ef9-b1c9-ec3dd6c8e45b@group-E679EF3C7C02-LeaderElection13 ELECTION round 0: result PASSED (term=1)
2022-01-06 13:30:02,323 [665e739a-157d-4ef9-b1c9-ec3dd6c8e45b@group-E679EF3C7C02-LeaderElection13] INFO  impl.RoleInfo (RoleInfo.java:shutdownLeaderElection(121)) - 665e739a-157d-4ef9-b1c9-ec3dd6c8e45b: shutdown 665e739a-157d-4ef9-b1c9-ec3dd6c8e45b@group-E679EF3C7C02-LeaderElection13
2022-01-06 13:30:02,323 [665e739a-157d-4ef9-b1c9-ec3dd6c8e45b@group-E679EF3C7C02-LeaderElection13] INFO  server.RaftServer$Division (RaftServerImpl.java:setRole(290)) - 665e739a-157d-4ef9-b1c9-ec3dd6c8e45b@group-E679EF3C7C02: changes role from CANDIDATE to LEADER at term 1 for changeToLeader
2022-01-06 13:30:02,323 [665e739a-157d-4ef9-b1c9-ec3dd6c8e45b@group-E679EF3C7C02-LeaderElection13] INFO  ratis.XceiverServerRatis (XceiverServerRatis.java:handleLeaderChangedNotification(866)) - Leader change notification received for group: group-E679EF3C7C02 with new leaderId: 665e739a-157d-4ef9-b1c9-ec3dd6c8e45b
2022-01-06 13:30:02,324 [665e739a-157d-4ef9-b1c9-ec3dd6c8e45b@group-E679EF3C7C02-LeaderElection13] INFO  server.RaftServer$Division (ServerState.java:setLeader(285)) - 665e739a-157d-4ef9-b1c9-ec3dd6c8e45b@group-E679EF3C7C02: change Leader from null to 665e739a-157d-4ef9-b1c9-ec3dd6c8e45b at term 1 for becomeLeader, leader elected after 5083ms
2022-01-06 13:30:02,324 [665e739a-157d-4ef9-b1c9-ec3dd6c8e45b@group-E679EF3C7C02-LeaderElection13] INFO  server.RaftServerConfigKeys (ConfUtils.java:logGet(44)) - raft.server.staging.catchup.gap = 1000 (default)
2022-01-06 13:30:02,324 [665e739a-157d-4ef9-b1c9-ec3dd6c8e45b@group-E679EF3C7C02-LeaderElection13] INFO  server.RaftServerConfigKeys (ConfUtils.java:logGet(44)) - raft.server.write.element-limit = 1024 (custom)
2022-01-06 13:30:02,324 [665e739a-157d-4ef9-b1c9-ec3dd6c8e45b@group-E679EF3C7C02-LeaderElection13] INFO  server.RaftServerConfigKeys (ConfUtils.java:logGet(44)) - raft.server.write.byte-limit = 1024 M (=1073741824) (custom)
2022-01-06 13:30:02,325 [665e739a-157d-4ef9-b1c9-ec3dd6c8e45b@group-E679EF3C7C02-LeaderElection13] INFO  server.RaftServerConfigKeys (ConfUtils.java:logGet(44)) - raft.server.watch.timeout = 3000ms (custom)
2022-01-06 13:30:02,325 [665e739a-157d-4ef9-b1c9-ec3dd6c8e45b@group-E679EF3C7C02-LeaderElection13] INFO  server.RaftServerConfigKeys (ConfUtils.java:logGet(44)) - raft.server.watch.timeout.denomination = 1s (default)
2022-01-06 13:30:02,325 [665e739a-157d-4ef9-b1c9-ec3dd6c8e45b@group-E679EF3C7C02-LeaderElection13] INFO  server.RaftServerConfigKeys (ConfUtils.java:logGet(44)) - raft.server.watch.element-limit = 65536 (default)
2022-01-06 13:30:02,325 [665e739a-157d-4ef9-b1c9-ec3dd6c8e45b@group-E679EF3C7C02-LeaderElection13] INFO  server.RaftServerConfigKeys (ConfUtils.java:logGet(44)) - raft.server.write.element-limit = 1024 (custom)
2022-01-06 13:30:02,325 [665e739a-157d-4ef9-b1c9-ec3dd6c8e45b@group-E679EF3C7C02-LeaderElection13] INFO  server.RaftServerConfigKeys (ConfUtils.java:logGet(44)) - raft.server.write.follower.gap.ratio.max = -1.0 (default)
2022-01-06 13:30:02,325 [665e739a-157d-4ef9-b1c9-ec3dd6c8e45b@group-E679EF3C7C02-LeaderElection13] INFO  impl.RoleInfo (RoleInfo.java:updateAndGet(130)) - 665e739a-157d-4ef9-b1c9-ec3dd6c8e45b: start 665e739a-157d-4ef9-b1c9-ec3dd6c8e45b@group-E679EF3C7C02-LeaderStateImpl
2022-01-06 13:30:02,325 [665e739a-157d-4ef9-b1c9-ec3dd6c8e45b@group-E679EF3C7C02-LeaderElection13] INFO  segmented.SegmentedRaftLogWorker (SegmentedRaftLogWorker.java:startLogSegment(394)) - 665e739a-157d-4ef9-b1c9-ec3dd6c8e45b@group-E679EF3C7C02-SegmentedRaftLogWorker: Starting segment from index:0
2022-01-06 13:30:02,325 [EventQueue-OpenPipelineForHealthyPipelineSafeModeRule] INFO  safemode.SCMSafeModeManager (HealthyPipelineSafeModeRule.java:process(124)) - SCM in safe mode. Healthy pipelines reported count is 0, required healthy pipeline reported count is 1
2022-01-06 13:30:02,327 [665e739a-157d-4ef9-b1c9-ec3dd6c8e45b@group-E679EF3C7C02-SegmentedRaftLogWorker] INFO  segmented.SegmentedRaftLogWorker (SegmentedRaftLogWorker.java:execute(601)) - 665e739a-157d-4ef9-b1c9-ec3dd6c8e45b@group-E679EF3C7C02-SegmentedRaftLogWorker: created new log segment /home/runner/work/ozone/ozone/hadoop-ozone/integration-test/target/test-dir/MiniOzoneClusterImpl-1040910a-51cd-4ce1-8f2d-abd84b974e59/datanode-7/data/ratis/5822dadb-f2d4-4a0d-a59b-e679ef3c7c02/current/log_inprogress_0
2022-01-06 13:30:02,335 [665e739a-157d-4ef9-b1c9-ec3dd6c8e45b@group-E679EF3C7C02-LeaderElection13] INFO  server.RaftServer$Division (ServerState.java:setRaftConf(387)) - 665e739a-157d-4ef9-b1c9-ec3dd6c8e45b@group-E679EF3C7C02: set configuration 0: [665e739a-157d-4ef9-b1c9-ec3dd6c8e45b|rpc:10.1.0.50:42233|dataStream:|priority:1], old=null
2022-01-06 13:30:02,403 [Listener at 127.0.0.1/36535] INFO  ozone.MiniOzoneClusterImpl (MiniOzoneClusterImpl.java:lambda$waitForClusterToBeReady$0(235)) - Nodes are ready. Got 9 of 9 DN Heartbeats.
2022-01-06 13:30:02,403 [Listener at 127.0.0.1/36535] INFO  ozone.MiniOzoneClusterImpl (MiniOzoneClusterImpl.java:lambda$waitForClusterToBeReady$0(238)) - Waiting for cluster to exit safe mode
2022-01-06 13:30:02,404 [Listener at 127.0.0.1/36535] INFO  ozone.MiniOzoneClusterImpl (MiniOzoneClusterImpl.java:lambda$waitForClusterToBeReady$0(240)) - SCM became leader
2022-01-06 13:30:02,460 [76e53578-69cb-4294-9496-1cf18385f48a@group-044480F4D795-FollowerState] INFO  impl.FollowerState (FollowerState.java:run(134)) - 76e53578-69cb-4294-9496-1cf18385f48a@group-044480F4D795-FollowerState: change to CANDIDATE, lastRpcElapsedTime:5046842937ns, electionTimeout:5046ms
2022-01-06 13:30:02,460 [76e53578-69cb-4294-9496-1cf18385f48a@group-044480F4D795-FollowerState] INFO  impl.RoleInfo (RoleInfo.java:shutdownFollowerState(108)) - 76e53578-69cb-4294-9496-1cf18385f48a: shutdown 76e53578-69cb-4294-9496-1cf18385f48a@group-044480F4D795-FollowerState
2022-01-06 13:30:02,460 [76e53578-69cb-4294-9496-1cf18385f48a@group-044480F4D795-FollowerState] INFO  server.RaftServer$Division (RaftServerImpl.java:setRole(290)) - 76e53578-69cb-4294-9496-1cf18385f48a@group-044480F4D795: changes role from  FOLLOWER to CANDIDATE at term 0 for changeToCandidate
2022-01-06 13:30:02,460 [76e53578-69cb-4294-9496-1cf18385f48a@group-044480F4D795-FollowerState] INFO  server.RaftServerConfigKeys (ConfUtils.java:logGet(44)) - raft.server.leaderelection.pre-vote = false (custom)
2022-01-06 13:30:02,460 [76e53578-69cb-4294-9496-1cf18385f48a@group-044480F4D795-FollowerState] INFO  impl.RoleInfo (RoleInfo.java:updateAndGet(130)) - 76e53578-69cb-4294-9496-1cf18385f48a: start 76e53578-69cb-4294-9496-1cf18385f48a@group-044480F4D795-LeaderElection14
2022-01-06 13:30:02,465 [76e53578-69cb-4294-9496-1cf18385f48a@group-044480F4D795-LeaderElection14] INFO  impl.LeaderElection (LeaderElection.java:askForVotes(306)) - 76e53578-69cb-4294-9496-1cf18385f48a@group-044480F4D795-LeaderElection14 ELECTION round 0: submit vote requests at term 1 for -1: [76e53578-69cb-4294-9496-1cf18385f48a|rpc:10.1.0.50:41391|priority:1], old=null
2022-01-06 13:30:02,465 [76e53578-69cb-4294-9496-1cf18385f48a@group-044480F4D795-LeaderElection14] INFO  impl.LeaderElection (LeaderElection.java:askForVotes(308)) - 76e53578-69cb-4294-9496-1cf18385f48a@group-044480F4D795-LeaderElection14 ELECTION round 0: result PASSED (term=1)
2022-01-06 13:30:02,465 [76e53578-69cb-4294-9496-1cf18385f48a@group-044480F4D795-LeaderElection14] INFO  impl.RoleInfo (RoleInfo.java:shutdownLeaderElection(121)) - 76e53578-69cb-4294-9496-1cf18385f48a: shutdown 76e53578-69cb-4294-9496-1cf18385f48a@group-044480F4D795-LeaderElection14
2022-01-06 13:30:02,465 [76e53578-69cb-4294-9496-1cf18385f48a@group-044480F4D795-LeaderElection14] INFO  server.RaftServer$Division (RaftServerImpl.java:setRole(290)) - 76e53578-69cb-4294-9496-1cf18385f48a@group-044480F4D795: changes role from CANDIDATE to LEADER at term 1 for changeToLeader
2022-01-06 13:30:02,465 [76e53578-69cb-4294-9496-1cf18385f48a@group-044480F4D795-LeaderElection14] INFO  ratis.XceiverServerRatis (XceiverServerRatis.java:handleLeaderChangedNotification(866)) - Leader change notification received for group: group-044480F4D795 with new leaderId: 76e53578-69cb-4294-9496-1cf18385f48a
2022-01-06 13:30:02,465 [76e53578-69cb-4294-9496-1cf18385f48a@group-044480F4D795-LeaderElection14] INFO  server.RaftServer$Division (ServerState.java:setLeader(285)) - 76e53578-69cb-4294-9496-1cf18385f48a@group-044480F4D795: change Leader from null to 76e53578-69cb-4294-9496-1cf18385f48a at term 1 for becomeLeader, leader elected after 5061ms
2022-01-06 13:30:02,466 [76e53578-69cb-4294-9496-1cf18385f48a@group-044480F4D795-LeaderElection14] INFO  server.RaftServerConfigKeys (ConfUtils.java:logGet(44)) - raft.server.staging.catchup.gap = 1000 (default)
2022-01-06 13:30:02,466 [76e53578-69cb-4294-9496-1cf18385f48a@group-044480F4D795-LeaderElection14] INFO  server.RaftServerConfigKeys (ConfUtils.java:logGet(44)) - raft.server.write.element-limit = 1024 (custom)
2022-01-06 13:30:02,467 [76e53578-69cb-4294-9496-1cf18385f48a@group-044480F4D795-LeaderElection14] INFO  server.RaftServerConfigKeys (ConfUtils.java:logGet(44)) - raft.server.write.byte-limit = 1024 M (=1073741824) (custom)
2022-01-06 13:30:02,467 [EventQueue-OpenPipelineForHealthyPipelineSafeModeRule] INFO  safemode.SCMSafeModeManager (HealthyPipelineSafeModeRule.java:process(124)) - SCM in safe mode. Healthy pipelines reported count is 0, required healthy pipeline reported count is 1
2022-01-06 13:30:02,468 [76e53578-69cb-4294-9496-1cf18385f48a@group-044480F4D795-LeaderElection14] INFO  server.RaftServerConfigKeys (ConfUtils.java:logGet(44)) - raft.server.watch.timeout = 3000ms (custom)
2022-01-06 13:30:02,468 [76e53578-69cb-4294-9496-1cf18385f48a@group-044480F4D795-LeaderElection14] INFO  server.RaftServerConfigKeys (ConfUtils.java:logGet(44)) - raft.server.watch.timeout.denomination = 1s (default)
2022-01-06 13:30:02,468 [76e53578-69cb-4294-9496-1cf18385f48a@group-044480F4D795-LeaderElection14] INFO  server.RaftServerConfigKeys (ConfUtils.java:logGet(44)) - raft.server.watch.element-limit = 65536 (default)
2022-01-06 13:30:02,468 [76e53578-69cb-4294-9496-1cf18385f48a@group-044480F4D795-LeaderElection14] INFO  server.RaftServerConfigKeys (ConfUtils.java:logGet(44)) - raft.server.write.element-limit = 1024 (custom)
2022-01-06 13:30:02,468 [76e53578-69cb-4294-9496-1cf18385f48a@group-044480F4D795-LeaderElection14] INFO  server.RaftServerConfigKeys (ConfUtils.java:logGet(44)) - raft.server.write.follower.gap.ratio.max = -1.0 (default)
2022-01-06 13:30:02,468 [76e53578-69cb-4294-9496-1cf18385f48a@group-044480F4D795-LeaderElection14] INFO  impl.RoleInfo (RoleInfo.java:updateAndGet(130)) - 76e53578-69cb-4294-9496-1cf18385f48a: start 76e53578-69cb-4294-9496-1cf18385f48a@group-044480F4D795-LeaderStateImpl
2022-01-06 13:30:02,469 [76e53578-69cb-4294-9496-1cf18385f48a@group-044480F4D795-LeaderElection14] INFO  segmented.SegmentedRaftLogWorker (SegmentedRaftLogWorker.java:startLogSegment(394)) - 76e53578-69cb-4294-9496-1cf18385f48a@group-044480F4D795-SegmentedRaftLogWorker: Starting segment from index:0
2022-01-06 13:30:02,470 [76e53578-69cb-4294-9496-1cf18385f48a@group-044480F4D795-SegmentedRaftLogWorker] INFO  segmented.SegmentedRaftLogWorker (SegmentedRaftLogWorker.java:execute(601)) - 76e53578-69cb-4294-9496-1cf18385f48a@group-044480F4D795-SegmentedRaftLogWorker: created new log segment /home/runner/work/ozone/ozone/hadoop-ozone/integration-test/target/test-dir/MiniOzoneClusterImpl-1040910a-51cd-4ce1-8f2d-abd84b974e59/datanode-8/data/ratis/2fbe6e56-73fa-444f-9fe4-044480f4d795/current/log_inprogress_0
2022-01-06 13:30:02,471 [76e53578-69cb-4294-9496-1cf18385f48a@group-044480F4D795-LeaderElection14] INFO  server.RaftServer$Division (ServerState.java:setRaftConf(387)) - 76e53578-69cb-4294-9496-1cf18385f48a@group-044480F4D795: set configuration 0: [76e53578-69cb-4294-9496-1cf18385f48a|rpc:10.1.0.50:41391|dataStream:|priority:1], old=null
2022-01-06 13:30:03,404 [Listener at 127.0.0.1/36535] INFO  ozone.MiniOzoneClusterImpl (MiniOzoneClusterImpl.java:lambda$waitForClusterToBeReady$0(235)) - Nodes are ready. Got 9 of 9 DN Heartbeats.
2022-01-06 13:30:03,404 [Listener at 127.0.0.1/36535] INFO  ozone.MiniOzoneClusterImpl (MiniOzoneClusterImpl.java:lambda$waitForClusterToBeReady$0(238)) - Waiting for cluster to exit safe mode
2022-01-06 13:30:03,404 [Listener at 127.0.0.1/36535] INFO  ozone.MiniOzoneClusterImpl (MiniOzoneClusterImpl.java:lambda$waitForClusterToBeReady$0(240)) - SCM became leader
2022-01-06 13:30:04,405 [Listener at 127.0.0.1/36535] INFO  ozone.MiniOzoneClusterImpl (MiniOzoneClusterImpl.java:lambda$waitForClusterToBeReady$0(235)) - Nodes are ready. Got 9 of 9 DN Heartbeats.
2022-01-06 13:30:04,405 [Listener at 127.0.0.1/36535] INFO  ozone.MiniOzoneClusterImpl (MiniOzoneClusterImpl.java:lambda$waitForClusterToBeReady$0(238)) - Waiting for cluster to exit safe mode
2022-01-06 13:30:04,405 [Listener at 127.0.0.1/36535] INFO  ozone.MiniOzoneClusterImpl (MiniOzoneClusterImpl.java:lambda$waitForClusterToBeReady$0(240)) - SCM became leader
2022-01-06 13:30:05,405 [Listener at 127.0.0.1/36535] INFO  ozone.MiniOzoneClusterImpl (MiniOzoneClusterImpl.java:lambda$waitForClusterToBeReady$0(235)) - Nodes are ready. Got 9 of 9 DN Heartbeats.
2022-01-06 13:30:05,406 [Listener at 127.0.0.1/36535] INFO  ozone.MiniOzoneClusterImpl (MiniOzoneClusterImpl.java:lambda$waitForClusterToBeReady$0(238)) - Waiting for cluster to exit safe mode
2022-01-06 13:30:05,406 [Listener at 127.0.0.1/36535] INFO  ozone.MiniOzoneClusterImpl (MiniOzoneClusterImpl.java:lambda$waitForClusterToBeReady$0(240)) - SCM became leader
2022-01-06 13:30:05,777 [30761433-74de-448b-9041-b7efaa078424@group-99B4631465CC-FollowerState] INFO  impl.FollowerState (FollowerState.java:run(134)) - 30761433-74de-448b-9041-b7efaa078424@group-99B4631465CC-FollowerState: change to CANDIDATE, lastRpcElapsedTime:5055558281ns, electionTimeout:5050ms
2022-01-06 13:30:05,777 [30761433-74de-448b-9041-b7efaa078424@group-99B4631465CC-FollowerState] INFO  impl.RoleInfo (RoleInfo.java:shutdownFollowerState(108)) - 30761433-74de-448b-9041-b7efaa078424: shutdown 30761433-74de-448b-9041-b7efaa078424@group-99B4631465CC-FollowerState
2022-01-06 13:30:05,777 [30761433-74de-448b-9041-b7efaa078424@group-99B4631465CC-FollowerState] INFO  server.RaftServer$Division (RaftServerImpl.java:setRole(290)) - 30761433-74de-448b-9041-b7efaa078424@group-99B4631465CC: changes role from  FOLLOWER to CANDIDATE at term 1 for changeToCandidate
2022-01-06 13:30:05,777 [30761433-74de-448b-9041-b7efaa078424@group-99B4631465CC-FollowerState] INFO  server.RaftServerConfigKeys (ConfUtils.java:logGet(44)) - raft.server.leaderelection.pre-vote = false (custom)
2022-01-06 13:30:05,777 [30761433-74de-448b-9041-b7efaa078424@group-99B4631465CC-FollowerState] INFO  impl.RoleInfo (RoleInfo.java:updateAndGet(130)) - 30761433-74de-448b-9041-b7efaa078424: start 30761433-74de-448b-9041-b7efaa078424@group-99B4631465CC-LeaderElection15
2022-01-06 13:30:05,786 [30761433-74de-448b-9041-b7efaa078424@group-99B4631465CC-LeaderElection15] INFO  impl.LeaderElection (LeaderElection.java:askForVotes(306)) - 30761433-74de-448b-9041-b7efaa078424@group-99B4631465CC-LeaderElection15 ELECTION round 0: submit vote requests at term 2 for -1: [129ac5cb-389f-40c7-b14f-a1c1703048e2|rpc:10.1.0.50:43165|priority:0, 30761433-74de-448b-9041-b7efaa078424|rpc:10.1.0.50:41385|priority:0, 22c8497a-9e61-48ae-afcc-0cb0db452240|rpc:10.1.0.50:44975|priority:1], old=null
2022-01-06 13:30:05,790 [grpc-default-executor-0] INFO  server.RaftServer$Division (RaftServerImpl.java:requestVote(1046)) - 129ac5cb-389f-40c7-b14f-a1c1703048e2@group-99B4631465CC: receive requestVote(ELECTION, 30761433-74de-448b-9041-b7efaa078424, group-99B4631465CC, 2, (t:0, i:0))
2022-01-06 13:30:05,790 [grpc-default-executor-0] INFO  impl.VoteContext (VoteContext.java:log(48)) - 129ac5cb-389f-40c7-b14f-a1c1703048e2@group-99B4631465CC-FOLLOWER: accept ELECTION from 30761433-74de-448b-9041-b7efaa078424: our priority 0 <= candidate's priority 0
2022-01-06 13:30:05,790 [grpc-default-executor-0] INFO  server.RaftServer$Division (RaftServerImpl.java:setRole(290)) - 129ac5cb-389f-40c7-b14f-a1c1703048e2@group-99B4631465CC: changes role from  FOLLOWER to FOLLOWER at term 2 for candidate:30761433-74de-448b-9041-b7efaa078424
2022-01-06 13:30:05,791 [grpc-default-executor-0] INFO  impl.RoleInfo (RoleInfo.java:shutdownFollowerState(108)) - 129ac5cb-389f-40c7-b14f-a1c1703048e2: shutdown 129ac5cb-389f-40c7-b14f-a1c1703048e2@group-99B4631465CC-FollowerState
2022-01-06 13:30:05,791 [grpc-default-executor-0] INFO  impl.RoleInfo (RoleInfo.java:updateAndGet(130)) - 129ac5cb-389f-40c7-b14f-a1c1703048e2: start 129ac5cb-389f-40c7-b14f-a1c1703048e2@group-99B4631465CC-FollowerState
2022-01-06 13:30:05,791 [129ac5cb-389f-40c7-b14f-a1c1703048e2@group-99B4631465CC-FollowerState] INFO  impl.FollowerState (FollowerState.java:run(143)) - 129ac5cb-389f-40c7-b14f-a1c1703048e2@group-99B4631465CC-FollowerState was interrupted: {}
java.lang.InterruptedException: sleep interrupted
	at java.lang.Thread.sleep(Native Method)
	at java.lang.Thread.sleep(Thread.java:340)
	at java.util.concurrent.TimeUnit.sleep(TimeUnit.java:386)
	at org.apache.ratis.util.TimeDuration.sleep(TimeDuration.java:324)
	at org.apache.ratis.util.TimeDuration.sleep(TimeDuration.java:309)
	at org.apache.ratis.server.impl.FollowerState.run(FollowerState.java:118)
2022-01-06 13:30:05,792 [grpc-default-executor-1] INFO  server.RaftServer$Division (RaftServerImpl.java:requestVote(1046)) - 22c8497a-9e61-48ae-afcc-0cb0db452240@group-99B4631465CC: receive requestVote(ELECTION, 30761433-74de-448b-9041-b7efaa078424, group-99B4631465CC, 2, (t:0, i:0))
2022-01-06 13:30:05,792 [grpc-default-executor-0] INFO  server.RaftServer$Division (RaftServerImpl.java:requestVote(1078)) - 129ac5cb-389f-40c7-b14f-a1c1703048e2@group-99B4631465CC replies to ELECTION vote request: 30761433-74de-448b-9041-b7efaa078424<-129ac5cb-389f-40c7-b14f-a1c1703048e2#0:OK-t2. Peer's state: 129ac5cb-389f-40c7-b14f-a1c1703048e2@group-99B4631465CC:t2, leader=null, voted=30761433-74de-448b-9041-b7efaa078424, raftlog=129ac5cb-389f-40c7-b14f-a1c1703048e2@group-99B4631465CC-SegmentedRaftLog:OPENED:c-1, conf=-1: [129ac5cb-389f-40c7-b14f-a1c1703048e2|rpc:10.1.0.50:43165|dataStream:|priority:0, 30761433-74de-448b-9041-b7efaa078424|rpc:10.1.0.50:41385|dataStream:|priority:0, 22c8497a-9e61-48ae-afcc-0cb0db452240|rpc:10.1.0.50:44975|dataStream:|priority:1], old=null
2022-01-06 13:30:05,793 [grpc-default-executor-1] INFO  impl.VoteContext (VoteContext.java:log(48)) - 22c8497a-9e61-48ae-afcc-0cb0db452240@group-99B4631465CC-FOLLOWER: reject ELECTION from 30761433-74de-448b-9041-b7efaa078424: our priority 1 > candidate's priority 0
2022-01-06 13:30:05,793 [grpc-default-executor-1] INFO  server.RaftServer$Division (RaftServerImpl.java:setRole(290)) - 22c8497a-9e61-48ae-afcc-0cb0db452240@group-99B4631465CC: changes role from  FOLLOWER to FOLLOWER at term 2 for candidate:30761433-74de-448b-9041-b7efaa078424
2022-01-06 13:30:05,794 [grpc-default-executor-1] INFO  impl.RoleInfo (RoleInfo.java:shutdownFollowerState(108)) - 22c8497a-9e61-48ae-afcc-0cb0db452240: shutdown 22c8497a-9e61-48ae-afcc-0cb0db452240@group-99B4631465CC-FollowerState
2022-01-06 13:30:05,794 [grpc-default-executor-1] INFO  impl.RoleInfo (RoleInfo.java:updateAndGet(130)) - 22c8497a-9e61-48ae-afcc-0cb0db452240: start 22c8497a-9e61-48ae-afcc-0cb0db452240@group-99B4631465CC-FollowerState
2022-01-06 13:30:05,794 [22c8497a-9e61-48ae-afcc-0cb0db452240@group-99B4631465CC-FollowerState] INFO  impl.FollowerState (FollowerState.java:run(143)) - 22c8497a-9e61-48ae-afcc-0cb0db452240@group-99B4631465CC-FollowerState was interrupted: {}
java.lang.InterruptedException: sleep interrupted
	at java.lang.Thread.sleep(Native Method)
	at java.lang.Thread.sleep(Thread.java:340)
	at java.util.concurrent.TimeUnit.sleep(TimeUnit.java:386)
	at org.apache.ratis.util.TimeDuration.sleep(TimeDuration.java:324)
	at org.apache.ratis.util.TimeDuration.sleep(TimeDuration.java:309)
	at org.apache.ratis.server.impl.FollowerState.run(FollowerState.java:118)
2022-01-06 13:30:05,798 [grpc-default-executor-1] INFO  server.RaftServer$Division (RaftServerImpl.java:requestVote(1078)) - 22c8497a-9e61-48ae-afcc-0cb0db452240@group-99B4631465CC replies to ELECTION vote request: 30761433-74de-448b-9041-b7efaa078424<-22c8497a-9e61-48ae-afcc-0cb0db452240#0:FAIL-t2. Peer's state: 22c8497a-9e61-48ae-afcc-0cb0db452240@group-99B4631465CC:t2, leader=null, voted=null, raftlog=22c8497a-9e61-48ae-afcc-0cb0db452240@group-99B4631465CC-SegmentedRaftLog:OPENED:c-1, conf=-1: [129ac5cb-389f-40c7-b14f-a1c1703048e2|rpc:10.1.0.50:43165|priority:0, 30761433-74de-448b-9041-b7efaa078424|rpc:10.1.0.50:41385|priority:0, 22c8497a-9e61-48ae-afcc-0cb0db452240|rpc:10.1.0.50:44975|priority:1], old=null
2022-01-06 13:30:05,803 [30761433-74de-448b-9041-b7efaa078424@group-99B4631465CC-LeaderElection15] INFO  impl.LeaderElection (LeaderElection.java:logAndReturn(89)) - 30761433-74de-448b-9041-b7efaa078424@group-99B4631465CC-LeaderElection15: ELECTION REJECTED received 2 response(s) and 0 exception(s):
2022-01-06 13:30:05,803 [30761433-74de-448b-9041-b7efaa078424@group-99B4631465CC-LeaderElection15] INFO  impl.LeaderElection (LeaderElection.java:logAndReturn(93)) -   Response 0: 30761433-74de-448b-9041-b7efaa078424<-129ac5cb-389f-40c7-b14f-a1c1703048e2#0:OK-t2
2022-01-06 13:30:05,803 [30761433-74de-448b-9041-b7efaa078424@group-99B4631465CC-LeaderElection15] INFO  impl.LeaderElection (LeaderElection.java:logAndReturn(93)) -   Response 1: 30761433-74de-448b-9041-b7efaa078424<-22c8497a-9e61-48ae-afcc-0cb0db452240#0:FAIL-t2
2022-01-06 13:30:05,803 [30761433-74de-448b-9041-b7efaa078424@group-99B4631465CC-LeaderElection15] INFO  impl.LeaderElection (LeaderElection.java:askForVotes(308)) - 30761433-74de-448b-9041-b7efaa078424@group-99B4631465CC-LeaderElection15 ELECTION round 0: result REJECTED
2022-01-06 13:30:05,803 [30761433-74de-448b-9041-b7efaa078424@group-99B4631465CC-LeaderElection15] INFO  server.RaftServer$Division (RaftServerImpl.java:setRole(290)) - 30761433-74de-448b-9041-b7efaa078424@group-99B4631465CC: changes role from CANDIDATE to FOLLOWER at term 2 for REJECTED
2022-01-06 13:30:05,803 [30761433-74de-448b-9041-b7efaa078424@group-99B4631465CC-LeaderElection15] INFO  impl.RoleInfo (RoleInfo.java:shutdownLeaderElection(121)) - 30761433-74de-448b-9041-b7efaa078424: shutdown 30761433-74de-448b-9041-b7efaa078424@group-99B4631465CC-LeaderElection15
2022-01-06 13:30:05,803 [30761433-74de-448b-9041-b7efaa078424@group-99B4631465CC-LeaderElection15] INFO  impl.RoleInfo (RoleInfo.java:updateAndGet(130)) - 30761433-74de-448b-9041-b7efaa078424: start 30761433-74de-448b-9041-b7efaa078424@group-99B4631465CC-FollowerState
2022-01-06 13:30:06,406 [Listener at 127.0.0.1/36535] INFO  ozone.MiniOzoneClusterImpl (MiniOzoneClusterImpl.java:lambda$waitForClusterToBeReady$0(235)) - Nodes are ready. Got 9 of 9 DN Heartbeats.
2022-01-06 13:30:06,408 [Listener at 127.0.0.1/36535] INFO  ozone.MiniOzoneClusterImpl (MiniOzoneClusterImpl.java:lambda$waitForClusterToBeReady$0(238)) - Waiting for cluster to exit safe mode
2022-01-06 13:30:06,408 [Listener at 127.0.0.1/36535] INFO  ozone.MiniOzoneClusterImpl (MiniOzoneClusterImpl.java:lambda$waitForClusterToBeReady$0(240)) - SCM became leader
2022-01-06 13:30:06,624 [f94be414-d4cd-4929-99d0-8f9eafd02643@group-F1D01D8A5C73-FollowerState] INFO  impl.FollowerState (FollowerState.java:run(134)) - f94be414-d4cd-4929-99d0-8f9eafd02643@group-F1D01D8A5C73-FollowerState: change to CANDIDATE, lastRpcElapsedTime:5011228232ns, electionTimeout:5006ms
2022-01-06 13:30:06,625 [f94be414-d4cd-4929-99d0-8f9eafd02643@group-F1D01D8A5C73-FollowerState] INFO  impl.RoleInfo (RoleInfo.java:shutdownFollowerState(108)) - f94be414-d4cd-4929-99d0-8f9eafd02643: shutdown f94be414-d4cd-4929-99d0-8f9eafd02643@group-F1D01D8A5C73-FollowerState
2022-01-06 13:30:06,625 [f94be414-d4cd-4929-99d0-8f9eafd02643@group-F1D01D8A5C73-FollowerState] INFO  server.RaftServer$Division (RaftServerImpl.java:setRole(290)) - f94be414-d4cd-4929-99d0-8f9eafd02643@group-F1D01D8A5C73: changes role from  FOLLOWER to CANDIDATE at term 1 for changeToCandidate
2022-01-06 13:30:06,625 [f94be414-d4cd-4929-99d0-8f9eafd02643@group-F1D01D8A5C73-FollowerState] INFO  server.RaftServerConfigKeys (ConfUtils.java:logGet(44)) - raft.server.leaderelection.pre-vote = false (custom)
2022-01-06 13:30:06,625 [f94be414-d4cd-4929-99d0-8f9eafd02643@group-F1D01D8A5C73-FollowerState] INFO  impl.RoleInfo (RoleInfo.java:updateAndGet(130)) - f94be414-d4cd-4929-99d0-8f9eafd02643: start f94be414-d4cd-4929-99d0-8f9eafd02643@group-F1D01D8A5C73-LeaderElection16
2022-01-06 13:30:06,627 [f94be414-d4cd-4929-99d0-8f9eafd02643@group-F1D01D8A5C73-LeaderElection16] INFO  impl.LeaderElection (LeaderElection.java:askForVotes(306)) - f94be414-d4cd-4929-99d0-8f9eafd02643@group-F1D01D8A5C73-LeaderElection16 ELECTION round 0: submit vote requests at term 2 for -1: [f94be414-d4cd-4929-99d0-8f9eafd02643|rpc:10.1.0.50:45415|priority:1, a3271a13-46d8-4b51-acff-5e832eb04f76|rpc:10.1.0.50:39137|priority:0, 832710ff-70fd-4195-974e-450d8fd5944e|rpc:10.1.0.50:39399|priority:0], old=null
2022-01-06 13:30:06,650 [grpc-default-executor-1] INFO  server.RaftServer$Division (RaftServerImpl.java:requestVote(1046)) - 832710ff-70fd-4195-974e-450d8fd5944e@group-F1D01D8A5C73: receive requestVote(ELECTION, f94be414-d4cd-4929-99d0-8f9eafd02643, group-F1D01D8A5C73, 2, (t:0, i:0))
2022-01-06 13:30:06,651 [grpc-default-executor-1] INFO  impl.VoteContext (VoteContext.java:log(48)) - 832710ff-70fd-4195-974e-450d8fd5944e@group-F1D01D8A5C73-FOLLOWER: accept ELECTION from f94be414-d4cd-4929-99d0-8f9eafd02643: our priority 0 <= candidate's priority 1
2022-01-06 13:30:06,651 [grpc-default-executor-1] INFO  server.RaftServer$Division (RaftServerImpl.java:setRole(290)) - 832710ff-70fd-4195-974e-450d8fd5944e@group-F1D01D8A5C73: changes role from  FOLLOWER to FOLLOWER at term 2 for candidate:f94be414-d4cd-4929-99d0-8f9eafd02643
2022-01-06 13:30:06,651 [grpc-default-executor-1] INFO  impl.RoleInfo (RoleInfo.java:shutdownFollowerState(108)) - 832710ff-70fd-4195-974e-450d8fd5944e: shutdown 832710ff-70fd-4195-974e-450d8fd5944e@group-F1D01D8A5C73-FollowerState
2022-01-06 13:30:06,651 [grpc-default-executor-1] INFO  impl.RoleInfo (RoleInfo.java:updateAndGet(130)) - 832710ff-70fd-4195-974e-450d8fd5944e: start 832710ff-70fd-4195-974e-450d8fd5944e@group-F1D01D8A5C73-FollowerState
2022-01-06 13:30:06,651 [grpc-default-executor-0] INFO  server.RaftServer$Division (RaftServerImpl.java:requestVote(1046)) - a3271a13-46d8-4b51-acff-5e832eb04f76@group-F1D01D8A5C73: receive requestVote(ELECTION, f94be414-d4cd-4929-99d0-8f9eafd02643, group-F1D01D8A5C73, 2, (t:0, i:0))
2022-01-06 13:30:06,651 [grpc-default-executor-0] INFO  impl.VoteContext (VoteContext.java:log(48)) - a3271a13-46d8-4b51-acff-5e832eb04f76@group-F1D01D8A5C73-FOLLOWER: accept ELECTION from f94be414-d4cd-4929-99d0-8f9eafd02643: our priority 0 <= candidate's priority 1
2022-01-06 13:30:06,651 [grpc-default-executor-0] INFO  server.RaftServer$Division (RaftServerImpl.java:setRole(290)) - a3271a13-46d8-4b51-acff-5e832eb04f76@group-F1D01D8A5C73: changes role from  FOLLOWER to FOLLOWER at term 2 for candidate:f94be414-d4cd-4929-99d0-8f9eafd02643
2022-01-06 13:30:06,651 [grpc-default-executor-0] INFO  impl.RoleInfo (RoleInfo.java:shutdownFollowerState(108)) - a3271a13-46d8-4b51-acff-5e832eb04f76: shutdown a3271a13-46d8-4b51-acff-5e832eb04f76@group-F1D01D8A5C73-FollowerState
2022-01-06 13:30:06,652 [grpc-default-executor-1] INFO  server.RaftServer$Division (RaftServerImpl.java:requestVote(1078)) - 832710ff-70fd-4195-974e-450d8fd5944e@group-F1D01D8A5C73 replies to ELECTION vote request: f94be414-d4cd-4929-99d0-8f9eafd02643<-832710ff-70fd-4195-974e-450d8fd5944e#0:OK-t2. Peer's state: 832710ff-70fd-4195-974e-450d8fd5944e@group-F1D01D8A5C73:t2, leader=null, voted=f94be414-d4cd-4929-99d0-8f9eafd02643, raftlog=832710ff-70fd-4195-974e-450d8fd5944e@group-F1D01D8A5C73-SegmentedRaftLog:OPENED:c-1, conf=-1: [f94be414-d4cd-4929-99d0-8f9eafd02643|rpc:10.1.0.50:45415|dataStream:|priority:1, a3271a13-46d8-4b51-acff-5e832eb04f76|rpc:10.1.0.50:39137|dataStream:|priority:0, 832710ff-70fd-4195-974e-450d8fd5944e|rpc:10.1.0.50:39399|dataStream:|priority:0], old=null
2022-01-06 13:30:06,653 [832710ff-70fd-4195-974e-450d8fd5944e@group-F1D01D8A5C73-FollowerState] INFO  impl.FollowerState (FollowerState.java:run(134)) - 832710ff-70fd-4195-974e-450d8fd5944e@group-F1D01D8A5C73-FollowerState: change to CANDIDATE, lastRpcElapsedTime:5023161550ns, electionTimeout:5020ms
2022-01-06 13:30:06,653 [grpc-default-executor-0] INFO  impl.RoleInfo (RoleInfo.java:updateAndGet(130)) - a3271a13-46d8-4b51-acff-5e832eb04f76: start a3271a13-46d8-4b51-acff-5e832eb04f76@group-F1D01D8A5C73-FollowerState
2022-01-06 13:30:06,653 [a3271a13-46d8-4b51-acff-5e832eb04f76@group-F1D01D8A5C73-FollowerState] INFO  impl.FollowerState (FollowerState.java:run(143)) - a3271a13-46d8-4b51-acff-5e832eb04f76@group-F1D01D8A5C73-FollowerState was interrupted: {}
java.lang.InterruptedException: sleep interrupted
	at java.lang.Thread.sleep(Native Method)
	at java.lang.Thread.sleep(Thread.java:340)
	at java.util.concurrent.TimeUnit.sleep(TimeUnit.java:386)
	at org.apache.ratis.util.TimeDuration.sleep(TimeDuration.java:324)
	at org.apache.ratis.util.TimeDuration.sleep(TimeDuration.java:309)
	at org.apache.ratis.server.impl.FollowerState.run(FollowerState.java:118)
2022-01-06 13:30:06,653 [832710ff-70fd-4195-974e-450d8fd5944e@group-F1D01D8A5C73-FollowerState] INFO  impl.RoleInfo (RoleInfo.java:shutdownFollowerState(108)) - 832710ff-70fd-4195-974e-450d8fd5944e: shutdown 832710ff-70fd-4195-974e-450d8fd5944e@group-F1D01D8A5C73-FollowerState
2022-01-06 13:30:06,654 [832710ff-70fd-4195-974e-450d8fd5944e@group-F1D01D8A5C73-FollowerState] INFO  server.RaftServer$Division (RaftServerImpl.java:setRole(290)) - 832710ff-70fd-4195-974e-450d8fd5944e@group-F1D01D8A5C73: changes role from  FOLLOWER to CANDIDATE at term 2 for changeToCandidate
2022-01-06 13:30:06,655 [832710ff-70fd-4195-974e-450d8fd5944e@group-F1D01D8A5C73-FollowerState] INFO  impl.FollowerState (FollowerState.java:run(143)) - 832710ff-70fd-4195-974e-450d8fd5944e@group-F1D01D8A5C73-FollowerState was interrupted: {}
java.lang.InterruptedException: sleep interrupted
	at java.lang.Thread.sleep(Native Method)
	at java.lang.Thread.sleep(Thread.java:340)
	at java.util.concurrent.TimeUnit.sleep(TimeUnit.java:386)
	at org.apache.ratis.util.TimeDuration.sleep(TimeDuration.java:324)
	at org.apache.ratis.util.TimeDuration.sleep(TimeDuration.java:309)
	at org.apache.ratis.server.impl.FollowerState.run(FollowerState.java:118)
2022-01-06 13:30:06,655 [832710ff-70fd-4195-974e-450d8fd5944e@group-F1D01D8A5C73-FollowerState] INFO  server.RaftServerConfigKeys (ConfUtils.java:logGet(44)) - raft.server.leaderelection.pre-vote = false (custom)
2022-01-06 13:30:06,655 [832710ff-70fd-4195-974e-450d8fd5944e@group-F1D01D8A5C73-FollowerState] INFO  impl.RoleInfo (RoleInfo.java:updateAndGet(130)) - 832710ff-70fd-4195-974e-450d8fd5944e: start 832710ff-70fd-4195-974e-450d8fd5944e@group-F1D01D8A5C73-LeaderElection17
2022-01-06 13:30:06,656 [grpc-default-executor-0] INFO  server.RaftServer$Division (RaftServerImpl.java:requestVote(1078)) - a3271a13-46d8-4b51-acff-5e832eb04f76@group-F1D01D8A5C73 replies to ELECTION vote request: f94be414-d4cd-4929-99d0-8f9eafd02643<-a3271a13-46d8-4b51-acff-5e832eb04f76#0:OK-t2. Peer's state: a3271a13-46d8-4b51-acff-5e832eb04f76@group-F1D01D8A5C73:t2, leader=null, voted=f94be414-d4cd-4929-99d0-8f9eafd02643, raftlog=a3271a13-46d8-4b51-acff-5e832eb04f76@group-F1D01D8A5C73-SegmentedRaftLog:OPENED:c-1, conf=-1: [f94be414-d4cd-4929-99d0-8f9eafd02643|rpc:10.1.0.50:45415|dataStream:|priority:1, a3271a13-46d8-4b51-acff-5e832eb04f76|rpc:10.1.0.50:39137|dataStream:|priority:0, 832710ff-70fd-4195-974e-450d8fd5944e|rpc:10.1.0.50:39399|dataStream:|priority:0], old=null
2022-01-06 13:30:06,659 [832710ff-70fd-4195-974e-450d8fd5944e@group-F1D01D8A5C73-LeaderElection17] INFO  impl.LeaderElection (LeaderElection.java:askForVotes(306)) - 832710ff-70fd-4195-974e-450d8fd5944e@group-F1D01D8A5C73-LeaderElection17 ELECTION round 0: submit vote requests at term 3 for -1: [f94be414-d4cd-4929-99d0-8f9eafd02643|rpc:10.1.0.50:45415|dataStream:|priority:1, a3271a13-46d8-4b51-acff-5e832eb04f76|rpc:10.1.0.50:39137|dataStream:|priority:0, 832710ff-70fd-4195-974e-450d8fd5944e|rpc:10.1.0.50:39399|dataStream:|priority:0], old=null
2022-01-06 13:30:06,659 [f94be414-d4cd-4929-99d0-8f9eafd02643@group-F1D01D8A5C73-LeaderElection16] INFO  impl.LeaderElection (LeaderElection.java:logAndReturn(89)) - f94be414-d4cd-4929-99d0-8f9eafd02643@group-F1D01D8A5C73-LeaderElection16: ELECTION PASSED received 1 response(s) and 0 exception(s):
2022-01-06 13:30:06,659 [f94be414-d4cd-4929-99d0-8f9eafd02643@group-F1D01D8A5C73-LeaderElection16] INFO  impl.LeaderElection (LeaderElection.java:logAndReturn(93)) -   Response 0: f94be414-d4cd-4929-99d0-8f9eafd02643<-832710ff-70fd-4195-974e-450d8fd5944e#0:OK-t2
2022-01-06 13:30:06,659 [f94be414-d4cd-4929-99d0-8f9eafd02643@group-F1D01D8A5C73-LeaderElection16] INFO  impl.LeaderElection (LeaderElection.java:askForVotes(308)) - f94be414-d4cd-4929-99d0-8f9eafd02643@group-F1D01D8A5C73-LeaderElection16 ELECTION round 0: result PASSED
2022-01-06 13:30:06,659 [f94be414-d4cd-4929-99d0-8f9eafd02643@group-F1D01D8A5C73-LeaderElection16] INFO  impl.RoleInfo (RoleInfo.java:shutdownLeaderElection(121)) - f94be414-d4cd-4929-99d0-8f9eafd02643: shutdown f94be414-d4cd-4929-99d0-8f9eafd02643@group-F1D01D8A5C73-LeaderElection16
2022-01-06 13:30:06,660 [f94be414-d4cd-4929-99d0-8f9eafd02643@group-F1D01D8A5C73-LeaderElection16] INFO  server.RaftServer$Division (RaftServerImpl.java:setRole(290)) - f94be414-d4cd-4929-99d0-8f9eafd02643@group-F1D01D8A5C73: changes role from CANDIDATE to LEADER at term 2 for changeToLeader
2022-01-06 13:30:06,660 [f94be414-d4cd-4929-99d0-8f9eafd02643@group-F1D01D8A5C73-LeaderElection16] INFO  ratis.XceiverServerRatis (XceiverServerRatis.java:handleLeaderChangedNotification(866)) - Leader change notification received for group: group-F1D01D8A5C73 with new leaderId: f94be414-d4cd-4929-99d0-8f9eafd02643
2022-01-06 13:30:06,660 [f94be414-d4cd-4929-99d0-8f9eafd02643@group-F1D01D8A5C73-LeaderElection16] INFO  server.RaftServer$Division (ServerState.java:setLeader(285)) - f94be414-d4cd-4929-99d0-8f9eafd02643@group-F1D01D8A5C73: change Leader from null to f94be414-d4cd-4929-99d0-8f9eafd02643 at term 2 for becomeLeader, leader elected after 10155ms
2022-01-06 13:30:06,660 [f94be414-d4cd-4929-99d0-8f9eafd02643@group-F1D01D8A5C73-LeaderElection16] INFO  server.RaftServerConfigKeys (ConfUtils.java:logGet(44)) - raft.server.staging.catchup.gap = 1000 (default)
2022-01-06 13:30:06,660 [f94be414-d4cd-4929-99d0-8f9eafd02643@group-F1D01D8A5C73-LeaderElection16] INFO  server.RaftServerConfigKeys (ConfUtils.java:logGet(44)) - raft.server.write.element-limit = 1024 (custom)
2022-01-06 13:30:06,660 [f94be414-d4cd-4929-99d0-8f9eafd02643@group-F1D01D8A5C73-LeaderElection16] INFO  server.RaftServerConfigKeys (ConfUtils.java:logGet(44)) - raft.server.write.byte-limit = 1024 M (=1073741824) (custom)
2022-01-06 13:30:06,661 [f94be414-d4cd-4929-99d0-8f9eafd02643@group-F1D01D8A5C73-LeaderElection16] INFO  server.RaftServerConfigKeys (ConfUtils.java:logGet(44)) - raft.server.watch.timeout = 3000ms (custom)
2022-01-06 13:30:06,661 [f94be414-d4cd-4929-99d0-8f9eafd02643@group-F1D01D8A5C73-LeaderElection16] INFO  server.RaftServerConfigKeys (ConfUtils.java:logGet(44)) - raft.server.watch.timeout.denomination = 1s (default)
2022-01-06 13:30:06,661 [f94be414-d4cd-4929-99d0-8f9eafd02643@group-F1D01D8A5C73-LeaderElection16] INFO  server.RaftServerConfigKeys (ConfUtils.java:logGet(44)) - raft.server.watch.element-limit = 65536 (default)
2022-01-06 13:30:06,661 [f94be414-d4cd-4929-99d0-8f9eafd02643@group-F1D01D8A5C73-LeaderElection16] INFO  server.RaftServerConfigKeys (ConfUtils.java:logGet(44)) - raft.server.write.element-limit = 1024 (custom)
2022-01-06 13:30:06,661 [f94be414-d4cd-4929-99d0-8f9eafd02643@group-F1D01D8A5C73-LeaderElection16] INFO  server.RaftServerConfigKeys (ConfUtils.java:logGet(44)) - raft.server.write.follower.gap.ratio.max = -1.0 (default)
2022-01-06 13:30:06,667 [EventQueue-PipelineReportForPipelineReportHandler] INFO  pipeline.PipelineManagerImpl (PipelineManagerImpl.java:openPipeline(291)) - Pipeline Pipeline[ Id: 11925957-c949-41db-84e3-f1d01d8a5c73, Nodes: 832710ff-70fd-4195-974e-450d8fd5944e{ip: 10.1.0.50, host: fv-az59-280.csjynl4pkq3e1pkirw3ssqjfoh.cx.internal.cloudapp.net, ports: [REPLICATION=35873, RATIS=39399, RATIS_ADMIN=39399, RATIS_SERVER=39399, STANDALONE=34621], networkLocation: /default-rack, certSerialId: null, persistedOpState: IN_SERVICE, persistedOpStateExpiryEpochSec: 0}f94be414-d4cd-4929-99d0-8f9eafd02643{ip: 10.1.0.50, host: fv-az59-280.csjynl4pkq3e1pkirw3ssqjfoh.cx.internal.cloudapp.net, ports: [REPLICATION=40151, RATIS=45415, RATIS_ADMIN=45415, RATIS_SERVER=45415, STANDALONE=39341], networkLocation: /default-rack, certSerialId: null, persistedOpState: IN_SERVICE, persistedOpStateExpiryEpochSec: 0}a3271a13-46d8-4b51-acff-5e832eb04f76{ip: 10.1.0.50, host: fv-az59-280.csjynl4pkq3e1pkirw3ssqjfoh.cx.internal.cloudapp.net, ports: [REPLICATION=46849, RATIS=39137, RATIS_ADMIN=39137, RATIS_SERVER=39137, STANDALONE=45697], networkLocation: /default-rack, certSerialId: null, persistedOpState: IN_SERVICE, persistedOpStateExpiryEpochSec: 0}, ReplicationConfig: RATIS/THREE, State:ALLOCATED, leaderId:f94be414-d4cd-4929-99d0-8f9eafd02643, CreationTimestamp2022-01-06T13:29:53.876Z[Etc/UTC]] moved to OPEN state
2022-01-06 13:30:06,667 [EventQueue-OpenPipelineForHealthyPipelineSafeModeRule] INFO  safemode.SCMSafeModeManager (HealthyPipelineSafeModeRule.java:process(124)) - SCM in safe mode. Healthy pipelines reported count is 0, required healthy pipeline reported count is 1
2022-01-06 13:30:06,671 [EventQueue-OpenPipelineForHealthyPipelineSafeModeRule] INFO  safemode.SCMSafeModeManager (HealthyPipelineSafeModeRule.java:process(124)) - SCM in safe mode. Healthy pipelines reported count is 1, required healthy pipeline reported count is 1
2022-01-06 13:30:06,671 [EventQueue-OpenPipelineForHealthyPipelineSafeModeRule] INFO  safemode.SCMSafeModeManager (SCMSafeModeManager.java:validateSafeModeExitRules(204)) - HealthyPipelineSafeModeRule rule is successfully validated
2022-01-06 13:30:06,671 [EventQueue-OpenPipelineForHealthyPipelineSafeModeRule] INFO  safemode.SCMSafeModeManager (SCMSafeModeManager.java:validateSafeModeExitRules(219)) - ScmSafeModeManager, all rules are successfully validated
2022-01-06 13:30:06,671 [EventQueue-OpenPipelineForHealthyPipelineSafeModeRule] INFO  safemode.SCMSafeModeManager (SCMSafeModeManager.java:exitSafeMode(248)) - SCM exiting safe mode.
2022-01-06 13:30:06,671 [EventQueue-OpenPipelineForHealthyPipelineSafeModeRule] WARN  events.EventQueue (EventQueue.java:fireEvent(194)) - No event handler registered for event TypedEvent{payloadType=SafeModeStatus, name='Safe mode status'}
2022-01-06 13:30:06,671 [EventQueue-OpenPipelineForHealthyPipelineSafeModeRule] INFO  ha.SCMContext (SCMContext.java:updateSafeModeStatus(211)) - Update SafeModeStatus from SafeModeStatus{safeModeStatus=true, preCheckPassed=true} to SafeModeStatus{safeModeStatus=false, preCheckPassed=true}.
2022-01-06 13:30:06,671 [EventQueue-OpenPipelineForHealthyPipelineSafeModeRule] INFO  pipeline.BackgroundPipelineCreator (BackgroundPipelineCreator.java:notifyStatusChanged(264)) - Service BackgroundPipelineCreator transitions to RUNNING.
2022-01-06 13:30:06,671 [EventQueue-OpenPipelineForHealthyPipelineSafeModeRule] INFO  container.ReplicationManager (ReplicationManager.java:notifyStatusChanged(1758)) - Service ReplicationManager transitions to RUNNING.
2022-01-06 13:30:06,672 [f94be414-d4cd-4929-99d0-8f9eafd02643@group-F1D01D8A5C73-LeaderElection16] INFO  server.RaftServerConfigKeys (ConfUtils.java:logGet(44)) - raft.server.log.appender.snapshot.chunk.size.max = 16MB (=16777216) (default)
2022-01-06 13:30:06,675 [grpc-default-executor-0] INFO  server.RaftServer$Division (RaftServerImpl.java:requestVote(1046)) - f94be414-d4cd-4929-99d0-8f9eafd02643@group-F1D01D8A5C73: receive requestVote(ELECTION, 832710ff-70fd-4195-974e-450d8fd5944e, group-F1D01D8A5C73, 3, (t:0, i:0))
2022-01-06 13:30:06,681 [f94be414-d4cd-4929-99d0-8f9eafd02643@group-F1D01D8A5C73-LeaderElection16] INFO  server.RaftServerConfigKeys (ConfUtils.java:logGet(44)) - raft.server.log.appender.buffer.byte-limit = 33554432 (custom)
2022-01-06 13:30:06,681 [grpc-default-executor-1] INFO  server.RaftServer$Division (RaftServerImpl.java:requestVote(1046)) - a3271a13-46d8-4b51-acff-5e832eb04f76@group-F1D01D8A5C73: receive requestVote(ELECTION, 832710ff-70fd-4195-974e-450d8fd5944e, group-F1D01D8A5C73, 3, (t:0, i:0))
2022-01-06 13:30:06,682 [grpc-default-executor-1] INFO  impl.VoteContext (VoteContext.java:log(48)) - a3271a13-46d8-4b51-acff-5e832eb04f76@group-F1D01D8A5C73-FOLLOWER: accept ELECTION from 832710ff-70fd-4195-974e-450d8fd5944e: our priority 0 <= candidate's priority 0
2022-01-06 13:30:06,682 [grpc-default-executor-1] INFO  server.RaftServer$Division (RaftServerImpl.java:setRole(290)) - a3271a13-46d8-4b51-acff-5e832eb04f76@group-F1D01D8A5C73: changes role from  FOLLOWER to FOLLOWER at term 3 for candidate:832710ff-70fd-4195-974e-450d8fd5944e
2022-01-06 13:30:06,682 [grpc-default-executor-1] INFO  impl.RoleInfo (RoleInfo.java:shutdownFollowerState(108)) - a3271a13-46d8-4b51-acff-5e832eb04f76: shutdown a3271a13-46d8-4b51-acff-5e832eb04f76@group-F1D01D8A5C73-FollowerState
2022-01-06 13:30:06,682 [grpc-default-executor-1] INFO  impl.RoleInfo (RoleInfo.java:updateAndGet(130)) - a3271a13-46d8-4b51-acff-5e832eb04f76: start a3271a13-46d8-4b51-acff-5e832eb04f76@group-F1D01D8A5C73-FollowerState
2022-01-06 13:30:06,682 [a3271a13-46d8-4b51-acff-5e832eb04f76@group-F1D01D8A5C73-FollowerState] INFO  impl.FollowerState (FollowerState.java:run(143)) - a3271a13-46d8-4b51-acff-5e832eb04f76@group-F1D01D8A5C73-FollowerState was interrupted: {}
java.lang.InterruptedException: sleep interrupted
	at java.lang.Thread.sleep(Native Method)
	at java.lang.Thread.sleep(Thread.java:340)
	at java.util.concurrent.TimeUnit.sleep(TimeUnit.java:386)
	at org.apache.ratis.util.TimeDuration.sleep(TimeDuration.java:324)
	at org.apache.ratis.util.TimeDuration.sleep(TimeDuration.java:309)
	at org.apache.ratis.server.impl.FollowerState.run(FollowerState.java:118)
2022-01-06 13:30:06,683 [f94be414-d4cd-4929-99d0-8f9eafd02643@group-F1D01D8A5C73-LeaderElection16] INFO  server.RaftServerConfigKeys (ConfUtils.java:logGet(44)) - raft.server.log.appender.buffer.element-limit = 1 (custom)
2022-01-06 13:30:06,691 [f94be414-d4cd-4929-99d0-8f9eafd02643@group-F1D01D8A5C73-LeaderElection16] INFO  grpc.GrpcConfigKeys (ConfUtils.java:logGet(44)) - raft.grpc.server.leader.outstanding.appends.max = 128 (default)
2022-01-06 13:30:06,692 [f94be414-d4cd-4929-99d0-8f9eafd02643@group-F1D01D8A5C73-LeaderElection16] INFO  server.RaftServerConfigKeys (ConfUtils.java:logGet(44)) - raft.server.rpc.request.timeout = 3000ms (default)
2022-01-06 13:30:06,692 [f94be414-d4cd-4929-99d0-8f9eafd02643@group-F1D01D8A5C73-LeaderElection16] INFO  server.RaftServerConfigKeys (ConfUtils.java:logGet(44)) - raft.server.log.appender.install.snapshot.enabled = false (custom)
2022-01-06 13:30:06,695 [f94be414-d4cd-4929-99d0-8f9eafd02643@group-F1D01D8A5C73-LeaderElection16] INFO  server.RaftServerConfigKeys (ConfUtils.java:logGet(44)) - raft.server.log.appender.snapshot.chunk.size.max = 16MB (=16777216) (default)
2022-01-06 13:30:06,695 [f94be414-d4cd-4929-99d0-8f9eafd02643@group-F1D01D8A5C73-LeaderElection16] INFO  server.RaftServerConfigKeys (ConfUtils.java:logGet(44)) - raft.server.log.appender.buffer.byte-limit = 33554432 (custom)
2022-01-06 13:30:06,695 [f94be414-d4cd-4929-99d0-8f9eafd02643@group-F1D01D8A5C73-LeaderElection16] INFO  server.RaftServerConfigKeys (ConfUtils.java:logGet(44)) - raft.server.log.appender.buffer.element-limit = 1 (custom)
2022-01-06 13:30:06,696 [f94be414-d4cd-4929-99d0-8f9eafd02643@group-F1D01D8A5C73-LeaderElection16] INFO  grpc.GrpcConfigKeys (ConfUtils.java:logGet(44)) - raft.grpc.server.leader.outstanding.appends.max = 128 (default)
2022-01-06 13:30:06,696 [f94be414-d4cd-4929-99d0-8f9eafd02643@group-F1D01D8A5C73-LeaderElection16] INFO  server.RaftServerConfigKeys (ConfUtils.java:logGet(44)) - raft.server.rpc.request.timeout = 3000ms (default)
2022-01-06 13:30:06,696 [f94be414-d4cd-4929-99d0-8f9eafd02643@group-F1D01D8A5C73-LeaderElection16] INFO  server.RaftServerConfigKeys (ConfUtils.java:logGet(44)) - raft.server.log.appender.install.snapshot.enabled = false (custom)
2022-01-06 13:30:06,698 [f94be414-d4cd-4929-99d0-8f9eafd02643@group-F1D01D8A5C73-LeaderElection16] INFO  impl.RoleInfo (RoleInfo.java:updateAndGet(130)) - f94be414-d4cd-4929-99d0-8f9eafd02643: start f94be414-d4cd-4929-99d0-8f9eafd02643@group-F1D01D8A5C73-LeaderStateImpl
2022-01-06 13:30:06,698 [f94be414-d4cd-4929-99d0-8f9eafd02643@group-F1D01D8A5C73-LeaderElection16] INFO  segmented.SegmentedRaftLogWorker (SegmentedRaftLogWorker.java:startLogSegment(394)) - f94be414-d4cd-4929-99d0-8f9eafd02643@group-F1D01D8A5C73-SegmentedRaftLogWorker: Starting segment from index:0
2022-01-06 13:30:06,699 [grpc-default-executor-1] INFO  server.RaftServer$Division (RaftServerImpl.java:requestVote(1078)) - a3271a13-46d8-4b51-acff-5e832eb04f76@group-F1D01D8A5C73 replies to ELECTION vote request: 832710ff-70fd-4195-974e-450d8fd5944e<-a3271a13-46d8-4b51-acff-5e832eb04f76#0:OK-t3. Peer's state: a3271a13-46d8-4b51-acff-5e832eb04f76@group-F1D01D8A5C73:t3, leader=null, voted=832710ff-70fd-4195-974e-450d8fd5944e, raftlog=a3271a13-46d8-4b51-acff-5e832eb04f76@group-F1D01D8A5C73-SegmentedRaftLog:OPENED:c-1, conf=-1: [f94be414-d4cd-4929-99d0-8f9eafd02643|rpc:10.1.0.50:45415|dataStream:|priority:1, a3271a13-46d8-4b51-acff-5e832eb04f76|rpc:10.1.0.50:39137|dataStream:|priority:0, 832710ff-70fd-4195-974e-450d8fd5944e|rpc:10.1.0.50:39399|dataStream:|priority:0], old=null
2022-01-06 13:30:06,699 [f94be414-d4cd-4929-99d0-8f9eafd02643@group-F1D01D8A5C73-SegmentedRaftLogWorker] INFO  segmented.SegmentedRaftLogWorker (SegmentedRaftLogWorker.java:execute(601)) - f94be414-d4cd-4929-99d0-8f9eafd02643@group-F1D01D8A5C73-SegmentedRaftLogWorker: created new log segment /home/runner/work/ozone/ozone/hadoop-ozone/integration-test/target/test-dir/MiniOzoneClusterImpl-1040910a-51cd-4ce1-8f2d-abd84b974e59/datanode-3/data/ratis/11925957-c949-41db-84e3-f1d01d8a5c73/current/log_inprogress_0
2022-01-06 13:30:06,707 [f94be414-d4cd-4929-99d0-8f9eafd02643@group-F1D01D8A5C73-LeaderElection16] INFO  server.RaftServer$Division (ServerState.java:setRaftConf(387)) - f94be414-d4cd-4929-99d0-8f9eafd02643@group-F1D01D8A5C73: set configuration 0: [f94be414-d4cd-4929-99d0-8f9eafd02643|rpc:10.1.0.50:45415|dataStream:|priority:1, a3271a13-46d8-4b51-acff-5e832eb04f76|rpc:10.1.0.50:39137|dataStream:|priority:0, 832710ff-70fd-4195-974e-450d8fd5944e|rpc:10.1.0.50:39399|dataStream:|priority:0], old=null
2022-01-06 13:30:06,708 [grpc-default-executor-0] INFO  impl.VoteContext (VoteContext.java:log(48)) - f94be414-d4cd-4929-99d0-8f9eafd02643@group-F1D01D8A5C73-LEADER: reject ELECTION from 832710ff-70fd-4195-974e-450d8fd5944e: our last entry (t:2, i:0) > candidate's last entry (t:0, i:0)
2022-01-06 13:30:06,708 [grpc-default-executor-0] INFO  server.RaftServer$Division (ServerState.java:setLeader(285)) - f94be414-d4cd-4929-99d0-8f9eafd02643@group-F1D01D8A5C73: change Leader from f94be414-d4cd-4929-99d0-8f9eafd02643 to null at term 3 for updateCurrentTerm
2022-01-06 13:30:06,708 [grpc-default-executor-0] INFO  server.RaftServer$Division (RaftServerImpl.java:setRole(290)) - f94be414-d4cd-4929-99d0-8f9eafd02643@group-F1D01D8A5C73: changes role from    LEADER to FOLLOWER at term 3 for candidate:832710ff-70fd-4195-974e-450d8fd5944e
2022-01-06 13:30:06,708 [grpc-default-executor-0] INFO  impl.RoleInfo (RoleInfo.java:shutdownLeaderState(91)) - f94be414-d4cd-4929-99d0-8f9eafd02643: shutdown f94be414-d4cd-4929-99d0-8f9eafd02643@group-F1D01D8A5C73-LeaderStateImpl
2022-01-06 13:30:06,710 [grpc-default-executor-0] INFO  impl.PendingRequests (PendingRequests.java:sendNotLeaderResponses(282)) - f94be414-d4cd-4929-99d0-8f9eafd02643@group-F1D01D8A5C73-PendingRequests: sendNotLeaderResponses
2022-01-06 13:30:06,713 [grpc-default-executor-0] INFO  impl.RoleInfo (RoleInfo.java:updateAndGet(130)) - f94be414-d4cd-4929-99d0-8f9eafd02643: start f94be414-d4cd-4929-99d0-8f9eafd02643@group-F1D01D8A5C73-FollowerState
2022-01-06 13:30:06,725 [grpc-default-executor-0] INFO  server.RaftServer$Division (RaftServerImpl.java:requestVote(1078)) - f94be414-d4cd-4929-99d0-8f9eafd02643@group-F1D01D8A5C73 replies to ELECTION vote request: 832710ff-70fd-4195-974e-450d8fd5944e<-f94be414-d4cd-4929-99d0-8f9eafd02643#0:FAIL-t3. Peer's state: f94be414-d4cd-4929-99d0-8f9eafd02643@group-F1D01D8A5C73:t3, leader=null, voted=null, raftlog=f94be414-d4cd-4929-99d0-8f9eafd02643@group-F1D01D8A5C73-SegmentedRaftLog:OPENED:c0, conf=0: [f94be414-d4cd-4929-99d0-8f9eafd02643|rpc:10.1.0.50:45415|dataStream:|priority:1, a3271a13-46d8-4b51-acff-5e832eb04f76|rpc:10.1.0.50:39137|dataStream:|priority:0, 832710ff-70fd-4195-974e-450d8fd5944e|rpc:10.1.0.50:39399|dataStream:|priority:0], old=null
2022-01-06 13:30:06,726 [832710ff-70fd-4195-974e-450d8fd5944e@group-F1D01D8A5C73-LeaderElection17] INFO  impl.LeaderElection (LeaderElection.java:logAndReturn(89)) - 832710ff-70fd-4195-974e-450d8fd5944e@group-F1D01D8A5C73-LeaderElection17: ELECTION REJECTED received 2 response(s) and 0 exception(s):
2022-01-06 13:30:06,726 [832710ff-70fd-4195-974e-450d8fd5944e@group-F1D01D8A5C73-LeaderElection17] INFO  impl.LeaderElection (LeaderElection.java:logAndReturn(93)) -   Response 0: 832710ff-70fd-4195-974e-450d8fd5944e<-f94be414-d4cd-4929-99d0-8f9eafd02643#0:FAIL-t3
2022-01-06 13:30:06,726 [832710ff-70fd-4195-974e-450d8fd5944e@group-F1D01D8A5C73-LeaderElection17] INFO  impl.LeaderElection (LeaderElection.java:logAndReturn(93)) -   Response 1: 832710ff-70fd-4195-974e-450d8fd5944e<-a3271a13-46d8-4b51-acff-5e832eb04f76#0:OK-t3
2022-01-06 13:30:06,727 [832710ff-70fd-4195-974e-450d8fd5944e@group-F1D01D8A5C73-LeaderElection17] INFO  impl.LeaderElection (LeaderElection.java:askForVotes(308)) - 832710ff-70fd-4195-974e-450d8fd5944e@group-F1D01D8A5C73-LeaderElection17 ELECTION round 0: result REJECTED
2022-01-06 13:30:06,727 [832710ff-70fd-4195-974e-450d8fd5944e@group-F1D01D8A5C73-LeaderElection17] INFO  server.RaftServer$Division (RaftServerImpl.java:setRole(290)) - 832710ff-70fd-4195-974e-450d8fd5944e@group-F1D01D8A5C73: changes role from CANDIDATE to FOLLOWER at term 3 for REJECTED
2022-01-06 13:30:06,727 [832710ff-70fd-4195-974e-450d8fd5944e@group-F1D01D8A5C73-LeaderElection17] INFO  impl.RoleInfo (RoleInfo.java:shutdownLeaderElection(121)) - 832710ff-70fd-4195-974e-450d8fd5944e: shutdown 832710ff-70fd-4195-974e-450d8fd5944e@group-F1D01D8A5C73-LeaderElection17
2022-01-06 13:30:06,727 [832710ff-70fd-4195-974e-450d8fd5944e@group-F1D01D8A5C73-LeaderElection17] INFO  impl.RoleInfo (RoleInfo.java:updateAndGet(130)) - 832710ff-70fd-4195-974e-450d8fd5944e: start 832710ff-70fd-4195-974e-450d8fd5944e@group-F1D01D8A5C73-FollowerState
2022-01-06 13:30:06,730 [grpc-default-executor-0] INFO  server.GrpcServerProtocolService (GrpcServerProtocolService.java:onCompleted(140)) - a3271a13-46d8-4b51-acff-5e832eb04f76: Completed APPEND_ENTRIES, lastRequest: null
2022-01-06 13:30:06,731 [grpc-default-executor-2] INFO  server.GrpcServerProtocolService (GrpcServerProtocolService.java:onCompleted(140)) - 832710ff-70fd-4195-974e-450d8fd5944e: Completed APPEND_ENTRIES, lastRequest: null
2022-01-06 13:30:06,735 [grpc-default-executor-1] INFO  server.GrpcLogAppender (GrpcLogAppender.java:onCompleted(346)) - f94be414-d4cd-4929-99d0-8f9eafd02643@group-F1D01D8A5C73->a3271a13-46d8-4b51-acff-5e832eb04f76-AppendLogResponseHandler: follower responses appendEntries COMPLETED
2022-01-06 13:30:06,738 [grpc-default-executor-1] INFO  leader.FollowerInfo (FollowerInfoImpl.java:lambda$new$0(47)) - f94be414-d4cd-4929-99d0-8f9eafd02643@group-F1D01D8A5C73->a3271a13-46d8-4b51-acff-5e832eb04f76: nextIndex: updateUnconditionally 0 -> 0
2022-01-06 13:30:06,739 [grpc-default-executor-1] INFO  server.GrpcLogAppender (GrpcLogAppender.java:onCompleted(346)) - f94be414-d4cd-4929-99d0-8f9eafd02643@group-F1D01D8A5C73->832710ff-70fd-4195-974e-450d8fd5944e-AppendLogResponseHandler: follower responses appendEntries COMPLETED
2022-01-06 13:30:06,739 [grpc-default-executor-1] INFO  leader.FollowerInfo (FollowerInfoImpl.java:lambda$new$0(47)) - f94be414-d4cd-4929-99d0-8f9eafd02643@group-F1D01D8A5C73->832710ff-70fd-4195-974e-450d8fd5944e: nextIndex: updateUnconditionally 0 -> 0
2022-01-06 13:30:07,211 [177ce3f2-416d-49f6-9e1f-da5fb9a9d371@group-1FE22983BC3E-FollowerState] INFO  impl.FollowerState (FollowerState.java:run(134)) - 177ce3f2-416d-49f6-9e1f-da5fb9a9d371@group-1FE22983BC3E-FollowerState: change to CANDIDATE, lastRpcElapsedTime:5016319775ns, electionTimeout:5008ms
2022-01-06 13:30:07,211 [177ce3f2-416d-49f6-9e1f-da5fb9a9d371@group-1FE22983BC3E-FollowerState] INFO  impl.RoleInfo (RoleInfo.java:shutdownFollowerState(108)) - 177ce3f2-416d-49f6-9e1f-da5fb9a9d371: shutdown 177ce3f2-416d-49f6-9e1f-da5fb9a9d371@group-1FE22983BC3E-FollowerState
2022-01-06 13:30:07,211 [177ce3f2-416d-49f6-9e1f-da5fb9a9d371@group-1FE22983BC3E-FollowerState] INFO  server.RaftServer$Division (RaftServerImpl.java:setRole(290)) - 177ce3f2-416d-49f6-9e1f-da5fb9a9d371@group-1FE22983BC3E: changes role from  FOLLOWER to CANDIDATE at term 1 for changeToCandidate
2022-01-06 13:30:07,211 [177ce3f2-416d-49f6-9e1f-da5fb9a9d371@group-1FE22983BC3E-FollowerState] INFO  server.RaftServerConfigKeys (ConfUtils.java:logGet(44)) - raft.server.leaderelection.pre-vote = false (custom)
2022-01-06 13:30:07,211 [177ce3f2-416d-49f6-9e1f-da5fb9a9d371@group-1FE22983BC3E-FollowerState] INFO  impl.RoleInfo (RoleInfo.java:updateAndGet(130)) - 177ce3f2-416d-49f6-9e1f-da5fb9a9d371: start 177ce3f2-416d-49f6-9e1f-da5fb9a9d371@group-1FE22983BC3E-LeaderElection18
2022-01-06 13:30:07,213 [177ce3f2-416d-49f6-9e1f-da5fb9a9d371@group-1FE22983BC3E-LeaderElection18] INFO  impl.LeaderElection (LeaderElection.java:askForVotes(306)) - 177ce3f2-416d-49f6-9e1f-da5fb9a9d371@group-1FE22983BC3E-LeaderElection18 ELECTION round 0: submit vote requests at term 2 for -1: [665e739a-157d-4ef9-b1c9-ec3dd6c8e45b|rpc:10.1.0.50:42233|priority:1, 177ce3f2-416d-49f6-9e1f-da5fb9a9d371|rpc:10.1.0.50:39477|priority:0, 76e53578-69cb-4294-9496-1cf18385f48a|rpc:10.1.0.50:41391|priority:0], old=null
2022-01-06 13:30:07,219 [grpc-default-executor-2] INFO  server.RaftServer$Division (RaftServerImpl.java:requestVote(1046)) - 665e739a-157d-4ef9-b1c9-ec3dd6c8e45b@group-1FE22983BC3E: receive requestVote(ELECTION, 177ce3f2-416d-49f6-9e1f-da5fb9a9d371, group-1FE22983BC3E, 2, (t:0, i:0))
2022-01-06 13:30:07,220 [grpc-default-executor-2] INFO  impl.VoteContext (VoteContext.java:log(48)) - 665e739a-157d-4ef9-b1c9-ec3dd6c8e45b@group-1FE22983BC3E-FOLLOWER: reject ELECTION from 177ce3f2-416d-49f6-9e1f-da5fb9a9d371: our priority 1 > candidate's priority 0
2022-01-06 13:30:07,220 [grpc-default-executor-2] INFO  server.RaftServer$Division (RaftServerImpl.java:setRole(290)) - 665e739a-157d-4ef9-b1c9-ec3dd6c8e45b@group-1FE22983BC3E: changes role from  FOLLOWER to FOLLOWER at term 2 for candidate:177ce3f2-416d-49f6-9e1f-da5fb9a9d371
2022-01-06 13:30:07,220 [grpc-default-executor-2] INFO  impl.RoleInfo (RoleInfo.java:shutdownFollowerState(108)) - 665e739a-157d-4ef9-b1c9-ec3dd6c8e45b: shutdown 665e739a-157d-4ef9-b1c9-ec3dd6c8e45b@group-1FE22983BC3E-FollowerState
2022-01-06 13:30:07,220 [grpc-default-executor-2] INFO  impl.RoleInfo (RoleInfo.java:updateAndGet(130)) - 665e739a-157d-4ef9-b1c9-ec3dd6c8e45b: start 665e739a-157d-4ef9-b1c9-ec3dd6c8e45b@group-1FE22983BC3E-FollowerState
2022-01-06 13:30:07,220 [665e739a-157d-4ef9-b1c9-ec3dd6c8e45b@group-1FE22983BC3E-FollowerState] INFO  impl.FollowerState (FollowerState.java:run(143)) - 665e739a-157d-4ef9-b1c9-ec3dd6c8e45b@group-1FE22983BC3E-FollowerState was interrupted: {}
java.lang.InterruptedException: sleep interrupted
	at java.lang.Thread.sleep(Native Method)
	at java.lang.Thread.sleep(Thread.java:340)
	at java.util.concurrent.TimeUnit.sleep(TimeUnit.java:386)
	at org.apache.ratis.util.TimeDuration.sleep(TimeDuration.java:324)
	at org.apache.ratis.util.TimeDuration.sleep(TimeDuration.java:309)
	at org.apache.ratis.server.impl.FollowerState.run(FollowerState.java:118)
2022-01-06 13:30:07,222 [grpc-default-executor-1] INFO  server.RaftServer$Division (RaftServerImpl.java:requestVote(1046)) - 76e53578-69cb-4294-9496-1cf18385f48a@group-1FE22983BC3E: receive requestVote(ELECTION, 177ce3f2-416d-49f6-9e1f-da5fb9a9d371, group-1FE22983BC3E, 2, (t:0, i:0))
2022-01-06 13:30:07,222 [grpc-default-executor-1] INFO  impl.VoteContext (VoteContext.java:log(48)) - 76e53578-69cb-4294-9496-1cf18385f48a@group-1FE22983BC3E-FOLLOWER: accept ELECTION from 177ce3f2-416d-49f6-9e1f-da5fb9a9d371: our priority 0 <= candidate's priority 0
2022-01-06 13:30:07,222 [grpc-default-executor-1] INFO  server.RaftServer$Division (RaftServerImpl.java:setRole(290)) - 76e53578-69cb-4294-9496-1cf18385f48a@group-1FE22983BC3E: changes role from  FOLLOWER to FOLLOWER at term 2 for candidate:177ce3f2-416d-49f6-9e1f-da5fb9a9d371
2022-01-06 13:30:07,222 [grpc-default-executor-1] INFO  impl.RoleInfo (RoleInfo.java:shutdownFollowerState(108)) - 76e53578-69cb-4294-9496-1cf18385f48a: shutdown 76e53578-69cb-4294-9496-1cf18385f48a@group-1FE22983BC3E-FollowerState
2022-01-06 13:30:07,222 [grpc-default-executor-2] INFO  server.RaftServer$Division (RaftServerImpl.java:requestVote(1078)) - 665e739a-157d-4ef9-b1c9-ec3dd6c8e45b@group-1FE22983BC3E replies to ELECTION vote request: 177ce3f2-416d-49f6-9e1f-da5fb9a9d371<-665e739a-157d-4ef9-b1c9-ec3dd6c8e45b#0:FAIL-t2. Peer's state: 665e739a-157d-4ef9-b1c9-ec3dd6c8e45b@group-1FE22983BC3E:t2, leader=null, voted=null, raftlog=665e739a-157d-4ef9-b1c9-ec3dd6c8e45b@group-1FE22983BC3E-SegmentedRaftLog:OPENED:c-1, conf=-1: [665e739a-157d-4ef9-b1c9-ec3dd6c8e45b|rpc:10.1.0.50:42233|dataStream:|priority:1, 177ce3f2-416d-49f6-9e1f-da5fb9a9d371|rpc:10.1.0.50:39477|dataStream:|priority:0, 76e53578-69cb-4294-9496-1cf18385f48a|rpc:10.1.0.50:41391|dataStream:|priority:0], old=null
2022-01-06 13:30:07,222 [76e53578-69cb-4294-9496-1cf18385f48a@group-1FE22983BC3E-FollowerState] INFO  impl.FollowerState (FollowerState.java:run(143)) - 76e53578-69cb-4294-9496-1cf18385f48a@group-1FE22983BC3E-FollowerState was interrupted: {}
java.lang.InterruptedException: sleep interrupted
	at java.lang.Thread.sleep(Native Method)
	at java.lang.Thread.sleep(Thread.java:340)
	at java.util.concurrent.TimeUnit.sleep(TimeUnit.java:386)
	at org.apache.ratis.util.TimeDuration.sleep(TimeDuration.java:324)
	at org.apache.ratis.util.TimeDuration.sleep(TimeDuration.java:309)
	at org.apache.ratis.server.impl.FollowerState.run(FollowerState.java:118)
2022-01-06 13:30:07,222 [grpc-default-executor-1] INFO  impl.RoleInfo (RoleInfo.java:updateAndGet(130)) - 76e53578-69cb-4294-9496-1cf18385f48a: start 76e53578-69cb-4294-9496-1cf18385f48a@group-1FE22983BC3E-FollowerState
2022-01-06 13:30:07,225 [grpc-default-executor-1] INFO  server.RaftServer$Division (RaftServerImpl.java:requestVote(1078)) - 76e53578-69cb-4294-9496-1cf18385f48a@group-1FE22983BC3E replies to ELECTION vote request: 177ce3f2-416d-49f6-9e1f-da5fb9a9d371<-76e53578-69cb-4294-9496-1cf18385f48a#0:OK-t2. Peer's state: 76e53578-69cb-4294-9496-1cf18385f48a@group-1FE22983BC3E:t2, leader=null, voted=177ce3f2-416d-49f6-9e1f-da5fb9a9d371, raftlog=76e53578-69cb-4294-9496-1cf18385f48a@group-1FE22983BC3E-SegmentedRaftLog:OPENED:c-1, conf=-1: [665e739a-157d-4ef9-b1c9-ec3dd6c8e45b|rpc:10.1.0.50:42233|dataStream:|priority:1, 177ce3f2-416d-49f6-9e1f-da5fb9a9d371|rpc:10.1.0.50:39477|dataStream:|priority:0, 76e53578-69cb-4294-9496-1cf18385f48a|rpc:10.1.0.50:41391|dataStream:|priority:0], old=null
2022-01-06 13:30:07,228 [177ce3f2-416d-49f6-9e1f-da5fb9a9d371@group-1FE22983BC3E-LeaderElection18] INFO  impl.LeaderElection (LeaderElection.java:logAndReturn(89)) - 177ce3f2-416d-49f6-9e1f-da5fb9a9d371@group-1FE22983BC3E-LeaderElection18: ELECTION REJECTED received 1 response(s) and 0 exception(s):
2022-01-06 13:30:07,228 [177ce3f2-416d-49f6-9e1f-da5fb9a9d371@group-1FE22983BC3E-LeaderElection18] INFO  impl.LeaderElection (LeaderElection.java:logAndReturn(93)) -   Response 0: 177ce3f2-416d-49f6-9e1f-da5fb9a9d371<-665e739a-157d-4ef9-b1c9-ec3dd6c8e45b#0:FAIL-t2
2022-01-06 13:30:07,228 [177ce3f2-416d-49f6-9e1f-da5fb9a9d371@group-1FE22983BC3E-LeaderElection18] INFO  impl.LeaderElection (LeaderElection.java:askForVotes(308)) - 177ce3f2-416d-49f6-9e1f-da5fb9a9d371@group-1FE22983BC3E-LeaderElection18 ELECTION round 0: result REJECTED
2022-01-06 13:30:07,229 [177ce3f2-416d-49f6-9e1f-da5fb9a9d371@group-1FE22983BC3E-LeaderElection18] INFO  server.RaftServer$Division (RaftServerImpl.java:setRole(290)) - 177ce3f2-416d-49f6-9e1f-da5fb9a9d371@group-1FE22983BC3E: changes role from CANDIDATE to FOLLOWER at term 2 for REJECTED
2022-01-06 13:30:07,229 [177ce3f2-416d-49f6-9e1f-da5fb9a9d371@group-1FE22983BC3E-LeaderElection18] INFO  impl.RoleInfo (RoleInfo.java:shutdownLeaderElection(121)) - 177ce3f2-416d-49f6-9e1f-da5fb9a9d371: shutdown 177ce3f2-416d-49f6-9e1f-da5fb9a9d371@group-1FE22983BC3E-LeaderElection18
2022-01-06 13:30:07,229 [177ce3f2-416d-49f6-9e1f-da5fb9a9d371@group-1FE22983BC3E-LeaderElection18] INFO  impl.RoleInfo (RoleInfo.java:updateAndGet(130)) - 177ce3f2-416d-49f6-9e1f-da5fb9a9d371: start 177ce3f2-416d-49f6-9e1f-da5fb9a9d371@group-1FE22983BC3E-FollowerState
2022-01-06 13:30:07,409 [Listener at 127.0.0.1/36535] INFO  ozone.MiniOzoneClusterImpl (MiniOzoneClusterImpl.java:lambda$waitForClusterToBeReady$0(235)) - Nodes are ready. Got 9 of 9 DN Heartbeats.
2022-01-06 13:30:07,410 [Listener at 127.0.0.1/36535] INFO  ozone.MiniOzoneClusterImpl (MiniOzoneClusterImpl.java:lambda$waitForClusterToBeReady$0(238)) - Cluster exits safe mode
2022-01-06 13:30:07,410 [Listener at 127.0.0.1/36535] INFO  ozone.MiniOzoneClusterImpl (MiniOzoneClusterImpl.java:lambda$waitForClusterToBeReady$0(240)) - SCM became leader
2022-01-06 13:30:07,650 [Listener at 127.0.0.1/36535] INFO  rpc.RpcClient (RpcClient.java:createVolume(389)) - Creating Volume: watchforcommithandlingtest, with runner as owner and space quota set to -1 bytes, counts quota set to -1
2022-01-06 13:30:07,887 [OM StateMachine ApplyTransaction Thread - 0] INFO  volume.OMVolumeCreateRequest (OMVolumeCreateRequest.java:validateAndUpdateCache(195)) - created volume:watchforcommithandlingtest for user:runner
2022-01-06 13:30:07,916 [Listener at 127.0.0.1/36535] INFO  rpc.RpcClient (RpcClient.java:createBucket(552)) - Creating Bucket: watchforcommithandlingtest/watchforcommithandlingtest, with runner as owner and Versioning false and Storage Type set to DISK and Encryption set to false 
2022-01-06 13:30:07,935 [Listener at 127.0.0.1/36535] INFO  ozone.MiniOzoneClusterImpl (MiniOzoneClusterImpl.java:getStorageContainerLocationClient(346)) - Creating StorageContainerLocationProtocol RPC client with address /0.0.0.0:32935
2022-01-06 13:30:07,995 [IPC Server handler 19 on default port 36611] INFO  ha.SequenceIdGenerator (SequenceIdGenerator.java:getNextId(127)) - Allocate a batch for containerId, change lastId from 0 to 1000.
2022-01-06 13:30:08,006 [IPC Server handler 19 on default port 36611] WARN  ha.SequenceIdGenerator (SequenceIdGenerator.java:allocateBatch(235)) - Failed to allocate a batch for localId, expected lastId is 0, actual lastId is 109611004723200000.
2022-01-06 13:30:08,006 [IPC Server handler 19 on default port 36611] INFO  ha.SequenceIdGenerator (SequenceIdGenerator.java:getNextId(127)) - Allocate a batch for localId, change lastId from 109611004723200000 to 109611004723201000.
2022-01-06 13:30:08,074 [Listener at 127.0.0.1/36535] INFO  impl.MetricsSystemImpl (MetricsSystemImpl.java:init(158)) - XceiverClientMetrics metrics system started (again)
2022-01-06 13:30:10,847 [30761433-74de-448b-9041-b7efaa078424@group-99B4631465CC-FollowerState] INFO  impl.FollowerState (FollowerState.java:run(134)) - 30761433-74de-448b-9041-b7efaa078424@group-99B4631465CC-FollowerState: change to CANDIDATE, lastRpcElapsedTime:5044368507ns, electionTimeout:5036ms
2022-01-06 13:30:10,848 [30761433-74de-448b-9041-b7efaa078424@group-99B4631465CC-FollowerState] INFO  impl.RoleInfo (RoleInfo.java:shutdownFollowerState(108)) - 30761433-74de-448b-9041-b7efaa078424: shutdown 30761433-74de-448b-9041-b7efaa078424@group-99B4631465CC-FollowerState
2022-01-06 13:30:10,848 [30761433-74de-448b-9041-b7efaa078424@group-99B4631465CC-FollowerState] INFO  server.RaftServer$Division (RaftServerImpl.java:setRole(290)) - 30761433-74de-448b-9041-b7efaa078424@group-99B4631465CC: changes role from  FOLLOWER to CANDIDATE at term 2 for changeToCandidate
2022-01-06 13:30:10,848 [30761433-74de-448b-9041-b7efaa078424@group-99B4631465CC-FollowerState] INFO  server.RaftServerConfigKeys (ConfUtils.java:logGet(44)) - raft.server.leaderelection.pre-vote = false (custom)
2022-01-06 13:30:10,848 [30761433-74de-448b-9041-b7efaa078424@group-99B4631465CC-FollowerState] INFO  impl.RoleInfo (RoleInfo.java:updateAndGet(130)) - 30761433-74de-448b-9041-b7efaa078424: start 30761433-74de-448b-9041-b7efaa078424@group-99B4631465CC-LeaderElection19
2022-01-06 13:30:10,852 [30761433-74de-448b-9041-b7efaa078424@group-99B4631465CC-LeaderElection19] INFO  impl.LeaderElection (LeaderElection.java:askForVotes(306)) - 30761433-74de-448b-9041-b7efaa078424@group-99B4631465CC-LeaderElection19 ELECTION round 0: submit vote requests at term 3 for -1: [129ac5cb-389f-40c7-b14f-a1c1703048e2|rpc:10.1.0.50:43165|priority:0, 30761433-74de-448b-9041-b7efaa078424|rpc:10.1.0.50:41385|priority:0, 22c8497a-9e61-48ae-afcc-0cb0db452240|rpc:10.1.0.50:44975|priority:1], old=null
2022-01-06 13:30:10,855 [grpc-default-executor-2] INFO  server.RaftServer$Division (RaftServerImpl.java:requestVote(1046)) - 129ac5cb-389f-40c7-b14f-a1c1703048e2@group-99B4631465CC: receive requestVote(ELECTION, 30761433-74de-448b-9041-b7efaa078424, group-99B4631465CC, 3, (t:0, i:0))
2022-01-06 13:30:10,855 [grpc-default-executor-2] INFO  impl.VoteContext (VoteContext.java:log(48)) - 129ac5cb-389f-40c7-b14f-a1c1703048e2@group-99B4631465CC-FOLLOWER: accept ELECTION from 30761433-74de-448b-9041-b7efaa078424: our priority 0 <= candidate's priority 0
2022-01-06 13:30:10,855 [grpc-default-executor-2] INFO  server.RaftServer$Division (RaftServerImpl.java:setRole(290)) - 129ac5cb-389f-40c7-b14f-a1c1703048e2@group-99B4631465CC: changes role from  FOLLOWER to FOLLOWER at term 3 for candidate:30761433-74de-448b-9041-b7efaa078424
2022-01-06 13:30:10,856 [grpc-default-executor-2] INFO  impl.RoleInfo (RoleInfo.java:shutdownFollowerState(108)) - 129ac5cb-389f-40c7-b14f-a1c1703048e2: shutdown 129ac5cb-389f-40c7-b14f-a1c1703048e2@group-99B4631465CC-FollowerState
2022-01-06 13:30:10,856 [grpc-default-executor-2] INFO  impl.RoleInfo (RoleInfo.java:updateAndGet(130)) - 129ac5cb-389f-40c7-b14f-a1c1703048e2: start 129ac5cb-389f-40c7-b14f-a1c1703048e2@group-99B4631465CC-FollowerState
2022-01-06 13:30:10,856 [129ac5cb-389f-40c7-b14f-a1c1703048e2@group-99B4631465CC-FollowerState] INFO  impl.FollowerState (FollowerState.java:run(143)) - 129ac5cb-389f-40c7-b14f-a1c1703048e2@group-99B4631465CC-FollowerState was interrupted: {}
java.lang.InterruptedException: sleep interrupted
	at java.lang.Thread.sleep(Native Method)
	at java.lang.Thread.sleep(Thread.java:340)
	at java.util.concurrent.TimeUnit.sleep(TimeUnit.java:386)
	at org.apache.ratis.util.TimeDuration.sleep(TimeDuration.java:324)
	at org.apache.ratis.util.TimeDuration.sleep(TimeDuration.java:309)
	at org.apache.ratis.server.impl.FollowerState.run(FollowerState.java:118)
2022-01-06 13:30:10,857 [grpc-default-executor-2] INFO  server.RaftServer$Division (RaftServerImpl.java:requestVote(1078)) - 129ac5cb-389f-40c7-b14f-a1c1703048e2@group-99B4631465CC replies to ELECTION vote request: 30761433-74de-448b-9041-b7efaa078424<-129ac5cb-389f-40c7-b14f-a1c1703048e2#0:OK-t3. Peer's state: 129ac5cb-389f-40c7-b14f-a1c1703048e2@group-99B4631465CC:t3, leader=null, voted=30761433-74de-448b-9041-b7efaa078424, raftlog=129ac5cb-389f-40c7-b14f-a1c1703048e2@group-99B4631465CC-SegmentedRaftLog:OPENED:c-1, conf=-1: [129ac5cb-389f-40c7-b14f-a1c1703048e2|rpc:10.1.0.50:43165|dataStream:|priority:0, 30761433-74de-448b-9041-b7efaa078424|rpc:10.1.0.50:41385|dataStream:|priority:0, 22c8497a-9e61-48ae-afcc-0cb0db452240|rpc:10.1.0.50:44975|dataStream:|priority:1], old=null
2022-01-06 13:30:10,870 [grpc-default-executor-1] INFO  server.RaftServer$Division (RaftServerImpl.java:requestVote(1046)) - 22c8497a-9e61-48ae-afcc-0cb0db452240@group-99B4631465CC: receive requestVote(ELECTION, 30761433-74de-448b-9041-b7efaa078424, group-99B4631465CC, 3, (t:0, i:0))
2022-01-06 13:30:10,870 [grpc-default-executor-1] INFO  impl.VoteContext (VoteContext.java:log(48)) - 22c8497a-9e61-48ae-afcc-0cb0db452240@group-99B4631465CC-FOLLOWER: reject ELECTION from 30761433-74de-448b-9041-b7efaa078424: our priority 1 > candidate's priority 0
2022-01-06 13:30:10,870 [grpc-default-executor-1] INFO  server.RaftServer$Division (RaftServerImpl.java:setRole(290)) - 22c8497a-9e61-48ae-afcc-0cb0db452240@group-99B4631465CC: changes role from  FOLLOWER to FOLLOWER at term 3 for candidate:30761433-74de-448b-9041-b7efaa078424
2022-01-06 13:30:10,870 [grpc-default-executor-1] INFO  impl.RoleInfo (RoleInfo.java:shutdownFollowerState(108)) - 22c8497a-9e61-48ae-afcc-0cb0db452240: shutdown 22c8497a-9e61-48ae-afcc-0cb0db452240@group-99B4631465CC-FollowerState
2022-01-06 13:30:10,871 [grpc-default-executor-1] INFO  impl.RoleInfo (RoleInfo.java:updateAndGet(130)) - 22c8497a-9e61-48ae-afcc-0cb0db452240: start 22c8497a-9e61-48ae-afcc-0cb0db452240@group-99B4631465CC-FollowerState
2022-01-06 13:30:10,871 [22c8497a-9e61-48ae-afcc-0cb0db452240@group-99B4631465CC-FollowerState] INFO  impl.FollowerState (FollowerState.java:run(143)) - 22c8497a-9e61-48ae-afcc-0cb0db452240@group-99B4631465CC-FollowerState was interrupted: {}
java.lang.InterruptedException: sleep interrupted
	at java.lang.Thread.sleep(Native Method)
	at java.lang.Thread.sleep(Thread.java:340)
	at java.util.concurrent.TimeUnit.sleep(TimeUnit.java:386)
	at org.apache.ratis.util.TimeDuration.sleep(TimeDuration.java:324)
	at org.apache.ratis.util.TimeDuration.sleep(TimeDuration.java:309)
	at org.apache.ratis.server.impl.FollowerState.run(FollowerState.java:118)
2022-01-06 13:30:10,874 [grpc-default-executor-1] INFO  server.RaftServer$Division (RaftServerImpl.java:requestVote(1078)) - 22c8497a-9e61-48ae-afcc-0cb0db452240@group-99B4631465CC replies to ELECTION vote request: 30761433-74de-448b-9041-b7efaa078424<-22c8497a-9e61-48ae-afcc-0cb0db452240#0:FAIL-t3. Peer's state: 22c8497a-9e61-48ae-afcc-0cb0db452240@group-99B4631465CC:t3, leader=null, voted=null, raftlog=22c8497a-9e61-48ae-afcc-0cb0db452240@group-99B4631465CC-SegmentedRaftLog:OPENED:c-1, conf=-1: [129ac5cb-389f-40c7-b14f-a1c1703048e2|rpc:10.1.0.50:43165|priority:0, 30761433-74de-448b-9041-b7efaa078424|rpc:10.1.0.50:41385|priority:0, 22c8497a-9e61-48ae-afcc-0cb0db452240|rpc:10.1.0.50:44975|priority:1], old=null
2022-01-06 13:30:10,876 [30761433-74de-448b-9041-b7efaa078424@group-99B4631465CC-LeaderElection19] INFO  impl.LeaderElection (LeaderElection.java:logAndReturn(89)) - 30761433-74de-448b-9041-b7efaa078424@group-99B4631465CC-LeaderElection19: ELECTION REJECTED received 2 response(s) and 0 exception(s):
2022-01-06 13:30:10,876 [30761433-74de-448b-9041-b7efaa078424@group-99B4631465CC-LeaderElection19] INFO  impl.LeaderElection (LeaderElection.java:logAndReturn(93)) -   Response 0: 30761433-74de-448b-9041-b7efaa078424<-129ac5cb-389f-40c7-b14f-a1c1703048e2#0:OK-t3
2022-01-06 13:30:10,876 [30761433-74de-448b-9041-b7efaa078424@group-99B4631465CC-LeaderElection19] INFO  impl.LeaderElection (LeaderElection.java:logAndReturn(93)) -   Response 1: 30761433-74de-448b-9041-b7efaa078424<-22c8497a-9e61-48ae-afcc-0cb0db452240#0:FAIL-t3
2022-01-06 13:30:10,876 [30761433-74de-448b-9041-b7efaa078424@group-99B4631465CC-LeaderElection19] INFO  impl.LeaderElection (LeaderElection.java:askForVotes(308)) - 30761433-74de-448b-9041-b7efaa078424@group-99B4631465CC-LeaderElection19 ELECTION round 0: result REJECTED
2022-01-06 13:30:10,876 [30761433-74de-448b-9041-b7efaa078424@group-99B4631465CC-LeaderElection19] INFO  server.RaftServer$Division (RaftServerImpl.java:setRole(290)) - 30761433-74de-448b-9041-b7efaa078424@group-99B4631465CC: changes role from CANDIDATE to FOLLOWER at term 3 for REJECTED
2022-01-06 13:30:10,876 [30761433-74de-448b-9041-b7efaa078424@group-99B4631465CC-LeaderElection19] INFO  impl.RoleInfo (RoleInfo.java:shutdownLeaderElection(121)) - 30761433-74de-448b-9041-b7efaa078424: shutdown 30761433-74de-448b-9041-b7efaa078424@group-99B4631465CC-LeaderElection19
2022-01-06 13:30:10,876 [30761433-74de-448b-9041-b7efaa078424@group-99B4631465CC-LeaderElection19] INFO  impl.RoleInfo (RoleInfo.java:updateAndGet(130)) - 30761433-74de-448b-9041-b7efaa078424: start 30761433-74de-448b-9041-b7efaa078424@group-99B4631465CC-FollowerState
2022-01-06 13:30:11,805 [832710ff-70fd-4195-974e-450d8fd5944e@group-F1D01D8A5C73-FollowerState] INFO  impl.FollowerState (FollowerState.java:run(134)) - 832710ff-70fd-4195-974e-450d8fd5944e@group-F1D01D8A5C73-FollowerState: change to CANDIDATE, lastRpcElapsedTime:5078662733ns, electionTimeout:5071ms
2022-01-06 13:30:11,806 [832710ff-70fd-4195-974e-450d8fd5944e@group-F1D01D8A5C73-FollowerState] INFO  impl.RoleInfo (RoleInfo.java:shutdownFollowerState(108)) - 832710ff-70fd-4195-974e-450d8fd5944e: shutdown 832710ff-70fd-4195-974e-450d8fd5944e@group-F1D01D8A5C73-FollowerState
2022-01-06 13:30:11,806 [832710ff-70fd-4195-974e-450d8fd5944e@group-F1D01D8A5C73-FollowerState] INFO  server.RaftServer$Division (RaftServerImpl.java:setRole(290)) - 832710ff-70fd-4195-974e-450d8fd5944e@group-F1D01D8A5C73: changes role from  FOLLOWER to CANDIDATE at term 3 for changeToCandidate
2022-01-06 13:30:11,806 [832710ff-70fd-4195-974e-450d8fd5944e@group-F1D01D8A5C73-FollowerState] INFO  server.RaftServerConfigKeys (ConfUtils.java:logGet(44)) - raft.server.leaderelection.pre-vote = false (custom)
2022-01-06 13:30:11,806 [832710ff-70fd-4195-974e-450d8fd5944e@group-F1D01D8A5C73-FollowerState] INFO  impl.RoleInfo (RoleInfo.java:updateAndGet(130)) - 832710ff-70fd-4195-974e-450d8fd5944e: start 832710ff-70fd-4195-974e-450d8fd5944e@group-F1D01D8A5C73-LeaderElection20
2022-01-06 13:30:11,809 [832710ff-70fd-4195-974e-450d8fd5944e@group-F1D01D8A5C73-LeaderElection20] INFO  impl.LeaderElection (LeaderElection.java:askForVotes(306)) - 832710ff-70fd-4195-974e-450d8fd5944e@group-F1D01D8A5C73-LeaderElection20 ELECTION round 0: submit vote requests at term 4 for -1: [f94be414-d4cd-4929-99d0-8f9eafd02643|rpc:10.1.0.50:45415|dataStream:|priority:1, a3271a13-46d8-4b51-acff-5e832eb04f76|rpc:10.1.0.50:39137|dataStream:|priority:0, 832710ff-70fd-4195-974e-450d8fd5944e|rpc:10.1.0.50:39399|dataStream:|priority:0], old=null
2022-01-06 13:30:11,814 [grpc-default-executor-2] INFO  server.RaftServer$Division (RaftServerImpl.java:requestVote(1046)) - f94be414-d4cd-4929-99d0-8f9eafd02643@group-F1D01D8A5C73: receive requestVote(ELECTION, 832710ff-70fd-4195-974e-450d8fd5944e, group-F1D01D8A5C73, 4, (t:0, i:0))
2022-01-06 13:30:11,814 [grpc-default-executor-2] INFO  impl.VoteContext (VoteContext.java:log(48)) - f94be414-d4cd-4929-99d0-8f9eafd02643@group-F1D01D8A5C73-FOLLOWER: reject ELECTION from 832710ff-70fd-4195-974e-450d8fd5944e: our last entry (t:2, i:0) > candidate's last entry (t:0, i:0)
2022-01-06 13:30:11,814 [grpc-default-executor-2] INFO  server.RaftServer$Division (RaftServerImpl.java:setRole(290)) - f94be414-d4cd-4929-99d0-8f9eafd02643@group-F1D01D8A5C73: changes role from  FOLLOWER to FOLLOWER at term 4 for candidate:832710ff-70fd-4195-974e-450d8fd5944e
2022-01-06 13:30:11,814 [grpc-default-executor-2] INFO  impl.RoleInfo (RoleInfo.java:shutdownFollowerState(108)) - f94be414-d4cd-4929-99d0-8f9eafd02643: shutdown f94be414-d4cd-4929-99d0-8f9eafd02643@group-F1D01D8A5C73-FollowerState
2022-01-06 13:30:11,814 [grpc-default-executor-2] INFO  impl.RoleInfo (RoleInfo.java:updateAndGet(130)) - f94be414-d4cd-4929-99d0-8f9eafd02643: start f94be414-d4cd-4929-99d0-8f9eafd02643@group-F1D01D8A5C73-FollowerState
2022-01-06 13:30:11,814 [f94be414-d4cd-4929-99d0-8f9eafd02643@group-F1D01D8A5C73-FollowerState] INFO  impl.FollowerState (FollowerState.java:run(143)) - f94be414-d4cd-4929-99d0-8f9eafd02643@group-F1D01D8A5C73-FollowerState was interrupted: {}
java.lang.InterruptedException: sleep interrupted
	at java.lang.Thread.sleep(Native Method)
	at java.lang.Thread.sleep(Thread.java:340)
	at java.util.concurrent.TimeUnit.sleep(TimeUnit.java:386)
	at org.apache.ratis.util.TimeDuration.sleep(TimeDuration.java:324)
	at org.apache.ratis.util.TimeDuration.sleep(TimeDuration.java:309)
	at org.apache.ratis.server.impl.FollowerState.run(FollowerState.java:118)
2022-01-06 13:30:11,816 [grpc-default-executor-2] INFO  server.RaftServer$Division (RaftServerImpl.java:requestVote(1078)) - f94be414-d4cd-4929-99d0-8f9eafd02643@group-F1D01D8A5C73 replies to ELECTION vote request: 832710ff-70fd-4195-974e-450d8fd5944e<-f94be414-d4cd-4929-99d0-8f9eafd02643#0:FAIL-t4. Peer's state: f94be414-d4cd-4929-99d0-8f9eafd02643@group-F1D01D8A5C73:t4, leader=null, voted=null, raftlog=f94be414-d4cd-4929-99d0-8f9eafd02643@group-F1D01D8A5C73-SegmentedRaftLog:OPENED:c0, conf=0: [f94be414-d4cd-4929-99d0-8f9eafd02643|rpc:10.1.0.50:45415|dataStream:|priority:1, a3271a13-46d8-4b51-acff-5e832eb04f76|rpc:10.1.0.50:39137|dataStream:|priority:0, 832710ff-70fd-4195-974e-450d8fd5944e|rpc:10.1.0.50:39399|dataStream:|priority:0], old=null
2022-01-06 13:30:11,816 [grpc-default-executor-1] INFO  server.RaftServer$Division (RaftServerImpl.java:requestVote(1046)) - a3271a13-46d8-4b51-acff-5e832eb04f76@group-F1D01D8A5C73: receive requestVote(ELECTION, 832710ff-70fd-4195-974e-450d8fd5944e, group-F1D01D8A5C73, 4, (t:0, i:0))
2022-01-06 13:30:11,817 [grpc-default-executor-1] INFO  impl.VoteContext (VoteContext.java:log(48)) - a3271a13-46d8-4b51-acff-5e832eb04f76@group-F1D01D8A5C73-FOLLOWER: accept ELECTION from 832710ff-70fd-4195-974e-450d8fd5944e: our priority 0 <= candidate's priority 0
2022-01-06 13:30:11,817 [grpc-default-executor-1] INFO  server.RaftServer$Division (RaftServerImpl.java:setRole(290)) - a3271a13-46d8-4b51-acff-5e832eb04f76@group-F1D01D8A5C73: changes role from  FOLLOWER to FOLLOWER at term 4 for candidate:832710ff-70fd-4195-974e-450d8fd5944e
2022-01-06 13:30:11,817 [grpc-default-executor-1] INFO  impl.RoleInfo (RoleInfo.java:shutdownFollowerState(108)) - a3271a13-46d8-4b51-acff-5e832eb04f76: shutdown a3271a13-46d8-4b51-acff-5e832eb04f76@group-F1D01D8A5C73-FollowerState
2022-01-06 13:30:11,817 [grpc-default-executor-1] INFO  impl.RoleInfo (RoleInfo.java:updateAndGet(130)) - a3271a13-46d8-4b51-acff-5e832eb04f76: start a3271a13-46d8-4b51-acff-5e832eb04f76@group-F1D01D8A5C73-FollowerState
2022-01-06 13:30:11,817 [a3271a13-46d8-4b51-acff-5e832eb04f76@group-F1D01D8A5C73-FollowerState] INFO  impl.FollowerState (FollowerState.java:run(143)) - a3271a13-46d8-4b51-acff-5e832eb04f76@group-F1D01D8A5C73-FollowerState was interrupted: {}
java.lang.InterruptedException: sleep interrupted
	at java.lang.Thread.sleep(Native Method)
	at java.lang.Thread.sleep(Thread.java:340)
	at java.util.concurrent.TimeUnit.sleep(TimeUnit.java:386)
	at org.apache.ratis.util.TimeDuration.sleep(TimeDuration.java:324)
	at org.apache.ratis.util.TimeDuration.sleep(TimeDuration.java:309)
	at org.apache.ratis.server.impl.FollowerState.run(FollowerState.java:118)
2022-01-06 13:30:11,818 [832710ff-70fd-4195-974e-450d8fd5944e@group-F1D01D8A5C73-LeaderElection20] INFO  impl.LeaderElection (LeaderElection.java:logAndReturn(89)) - 832710ff-70fd-4195-974e-450d8fd5944e@group-F1D01D8A5C73-LeaderElection20: ELECTION REJECTED received 1 response(s) and 0 exception(s):
2022-01-06 13:30:11,819 [832710ff-70fd-4195-974e-450d8fd5944e@group-F1D01D8A5C73-LeaderElection20] INFO  impl.LeaderElection (LeaderElection.java:logAndReturn(93)) -   Response 0: 832710ff-70fd-4195-974e-450d8fd5944e<-f94be414-d4cd-4929-99d0-8f9eafd02643#0:FAIL-t4
2022-01-06 13:30:11,819 [832710ff-70fd-4195-974e-450d8fd5944e@group-F1D01D8A5C73-LeaderElection20] INFO  impl.LeaderElection (LeaderElection.java:askForVotes(308)) - 832710ff-70fd-4195-974e-450d8fd5944e@group-F1D01D8A5C73-LeaderElection20 ELECTION round 0: result REJECTED
2022-01-06 13:30:11,820 [grpc-default-executor-1] INFO  server.RaftServer$Division (RaftServerImpl.java:requestVote(1078)) - a3271a13-46d8-4b51-acff-5e832eb04f76@group-F1D01D8A5C73 replies to ELECTION vote request: 832710ff-70fd-4195-974e-450d8fd5944e<-a3271a13-46d8-4b51-acff-5e832eb04f76#0:OK-t4. Peer's state: a3271a13-46d8-4b51-acff-5e832eb04f76@group-F1D01D8A5C73:t4, leader=null, voted=832710ff-70fd-4195-974e-450d8fd5944e, raftlog=a3271a13-46d8-4b51-acff-5e832eb04f76@group-F1D01D8A5C73-SegmentedRaftLog:OPENED:c-1, conf=-1: [f94be414-d4cd-4929-99d0-8f9eafd02643|rpc:10.1.0.50:45415|dataStream:|priority:1, a3271a13-46d8-4b51-acff-5e832eb04f76|rpc:10.1.0.50:39137|dataStream:|priority:0, 832710ff-70fd-4195-974e-450d8fd5944e|rpc:10.1.0.50:39399|dataStream:|priority:0], old=null
2022-01-06 13:30:11,824 [832710ff-70fd-4195-974e-450d8fd5944e@group-F1D01D8A5C73-LeaderElection20] INFO  server.RaftServer$Division (RaftServerImpl.java:setRole(290)) - 832710ff-70fd-4195-974e-450d8fd5944e@group-F1D01D8A5C73: changes role from CANDIDATE to FOLLOWER at term 4 for REJECTED
2022-01-06 13:30:11,824 [832710ff-70fd-4195-974e-450d8fd5944e@group-F1D01D8A5C73-LeaderElection20] INFO  impl.RoleInfo (RoleInfo.java:shutdownLeaderElection(121)) - 832710ff-70fd-4195-974e-450d8fd5944e: shutdown 832710ff-70fd-4195-974e-450d8fd5944e@group-F1D01D8A5C73-LeaderElection20
2022-01-06 13:30:11,824 [832710ff-70fd-4195-974e-450d8fd5944e@group-F1D01D8A5C73-LeaderElection20] INFO  impl.RoleInfo (RoleInfo.java:updateAndGet(130)) - 832710ff-70fd-4195-974e-450d8fd5944e: start 832710ff-70fd-4195-974e-450d8fd5944e@group-F1D01D8A5C73-FollowerState
2022-01-06 13:30:12,226 [665e739a-157d-4ef9-b1c9-ec3dd6c8e45b@group-1FE22983BC3E-FollowerState] INFO  impl.FollowerState (FollowerState.java:run(134)) - 665e739a-157d-4ef9-b1c9-ec3dd6c8e45b@group-1FE22983BC3E-FollowerState: change to CANDIDATE, lastRpcElapsedTime:5005817109ns, electionTimeout:5005ms
2022-01-06 13:30:12,226 [665e739a-157d-4ef9-b1c9-ec3dd6c8e45b@group-1FE22983BC3E-FollowerState] INFO  impl.RoleInfo (RoleInfo.java:shutdownFollowerState(108)) - 665e739a-157d-4ef9-b1c9-ec3dd6c8e45b: shutdown 665e739a-157d-4ef9-b1c9-ec3dd6c8e45b@group-1FE22983BC3E-FollowerState
2022-01-06 13:30:12,227 [665e739a-157d-4ef9-b1c9-ec3dd6c8e45b@group-1FE22983BC3E-FollowerState] INFO  server.RaftServer$Division (RaftServerImpl.java:setRole(290)) - 665e739a-157d-4ef9-b1c9-ec3dd6c8e45b@group-1FE22983BC3E: changes role from  FOLLOWER to CANDIDATE at term 2 for changeToCandidate
2022-01-06 13:30:12,227 [665e739a-157d-4ef9-b1c9-ec3dd6c8e45b@group-1FE22983BC3E-FollowerState] INFO  server.RaftServerConfigKeys (ConfUtils.java:logGet(44)) - raft.server.leaderelection.pre-vote = false (custom)
2022-01-06 13:30:12,227 [665e739a-157d-4ef9-b1c9-ec3dd6c8e45b@group-1FE22983BC3E-FollowerState] INFO  impl.RoleInfo (RoleInfo.java:updateAndGet(130)) - 665e739a-157d-4ef9-b1c9-ec3dd6c8e45b: start 665e739a-157d-4ef9-b1c9-ec3dd6c8e45b@group-1FE22983BC3E-LeaderElection21
2022-01-06 13:30:12,229 [665e739a-157d-4ef9-b1c9-ec3dd6c8e45b@group-1FE22983BC3E-LeaderElection21] INFO  impl.LeaderElection (LeaderElection.java:askForVotes(306)) - 665e739a-157d-4ef9-b1c9-ec3dd6c8e45b@group-1FE22983BC3E-LeaderElection21 ELECTION round 0: submit vote requests at term 3 for -1: [665e739a-157d-4ef9-b1c9-ec3dd6c8e45b|rpc:10.1.0.50:42233|dataStream:|priority:1, 177ce3f2-416d-49f6-9e1f-da5fb9a9d371|rpc:10.1.0.50:39477|dataStream:|priority:0, 76e53578-69cb-4294-9496-1cf18385f48a|rpc:10.1.0.50:41391|dataStream:|priority:0], old=null
2022-01-06 13:30:12,236 [grpc-default-executor-1] INFO  server.RaftServer$Division (RaftServerImpl.java:requestVote(1046)) - 76e53578-69cb-4294-9496-1cf18385f48a@group-1FE22983BC3E: receive requestVote(ELECTION, 665e739a-157d-4ef9-b1c9-ec3dd6c8e45b, group-1FE22983BC3E, 3, (t:0, i:0))
2022-01-06 13:30:12,236 [grpc-default-executor-1] INFO  impl.VoteContext (VoteContext.java:log(48)) - 76e53578-69cb-4294-9496-1cf18385f48a@group-1FE22983BC3E-FOLLOWER: accept ELECTION from 665e739a-157d-4ef9-b1c9-ec3dd6c8e45b: our priority 0 <= candidate's priority 1
2022-01-06 13:30:12,236 [grpc-default-executor-1] INFO  server.RaftServer$Division (RaftServerImpl.java:setRole(290)) - 76e53578-69cb-4294-9496-1cf18385f48a@group-1FE22983BC3E: changes role from  FOLLOWER to FOLLOWER at term 3 for candidate:665e739a-157d-4ef9-b1c9-ec3dd6c8e45b
2022-01-06 13:30:12,236 [grpc-default-executor-1] INFO  impl.RoleInfo (RoleInfo.java:shutdownFollowerState(108)) - 76e53578-69cb-4294-9496-1cf18385f48a: shutdown 76e53578-69cb-4294-9496-1cf18385f48a@group-1FE22983BC3E-FollowerState
2022-01-06 13:30:12,236 [grpc-default-executor-1] INFO  impl.RoleInfo (RoleInfo.java:updateAndGet(130)) - 76e53578-69cb-4294-9496-1cf18385f48a: start 76e53578-69cb-4294-9496-1cf18385f48a@group-1FE22983BC3E-FollowerState
2022-01-06 13:30:12,238 [76e53578-69cb-4294-9496-1cf18385f48a@group-1FE22983BC3E-FollowerState] INFO  impl.FollowerState (FollowerState.java:run(143)) - 76e53578-69cb-4294-9496-1cf18385f48a@group-1FE22983BC3E-FollowerState was interrupted: {}
java.lang.InterruptedException: sleep interrupted
	at java.lang.Thread.sleep(Native Method)
	at java.lang.Thread.sleep(Thread.java:340)
	at java.util.concurrent.TimeUnit.sleep(TimeUnit.java:386)
	at org.apache.ratis.util.TimeDuration.sleep(TimeDuration.java:324)
	at org.apache.ratis.util.TimeDuration.sleep(TimeDuration.java:309)
	at org.apache.ratis.server.impl.FollowerState.run(FollowerState.java:118)
2022-01-06 13:30:12,243 [grpc-default-executor-1] INFO  server.RaftServer$Division (RaftServerImpl.java:requestVote(1078)) - 76e53578-69cb-4294-9496-1cf18385f48a@group-1FE22983BC3E replies to ELECTION vote request: 665e739a-157d-4ef9-b1c9-ec3dd6c8e45b<-76e53578-69cb-4294-9496-1cf18385f48a#0:OK-t3. Peer's state: 76e53578-69cb-4294-9496-1cf18385f48a@group-1FE22983BC3E:t3, leader=null, voted=665e739a-157d-4ef9-b1c9-ec3dd6c8e45b, raftlog=76e53578-69cb-4294-9496-1cf18385f48a@group-1FE22983BC3E-SegmentedRaftLog:OPENED:c-1, conf=-1: [665e739a-157d-4ef9-b1c9-ec3dd6c8e45b|rpc:10.1.0.50:42233|dataStream:|priority:1, 177ce3f2-416d-49f6-9e1f-da5fb9a9d371|rpc:10.1.0.50:39477|dataStream:|priority:0, 76e53578-69cb-4294-9496-1cf18385f48a|rpc:10.1.0.50:41391|dataStream:|priority:0], old=null
2022-01-06 13:30:12,246 [grpc-default-executor-2] INFO  server.RaftServer$Division (RaftServerImpl.java:requestVote(1046)) - 177ce3f2-416d-49f6-9e1f-da5fb9a9d371@group-1FE22983BC3E: receive requestVote(ELECTION, 665e739a-157d-4ef9-b1c9-ec3dd6c8e45b, group-1FE22983BC3E, 3, (t:0, i:0))
2022-01-06 13:30:12,247 [grpc-default-executor-2] INFO  impl.VoteContext (VoteContext.java:log(48)) - 177ce3f2-416d-49f6-9e1f-da5fb9a9d371@group-1FE22983BC3E-FOLLOWER: accept ELECTION from 665e739a-157d-4ef9-b1c9-ec3dd6c8e45b: our priority 0 <= candidate's priority 1
2022-01-06 13:30:12,247 [grpc-default-executor-2] INFO  server.RaftServer$Division (RaftServerImpl.java:setRole(290)) - 177ce3f2-416d-49f6-9e1f-da5fb9a9d371@group-1FE22983BC3E: changes role from  FOLLOWER to FOLLOWER at term 3 for candidate:665e739a-157d-4ef9-b1c9-ec3dd6c8e45b
2022-01-06 13:30:12,247 [grpc-default-executor-2] INFO  impl.RoleInfo (RoleInfo.java:shutdownFollowerState(108)) - 177ce3f2-416d-49f6-9e1f-da5fb9a9d371: shutdown 177ce3f2-416d-49f6-9e1f-da5fb9a9d371@group-1FE22983BC3E-FollowerState
2022-01-06 13:30:12,247 [grpc-default-executor-2] INFO  impl.RoleInfo (RoleInfo.java:updateAndGet(130)) - 177ce3f2-416d-49f6-9e1f-da5fb9a9d371: start 177ce3f2-416d-49f6-9e1f-da5fb9a9d371@group-1FE22983BC3E-FollowerState
2022-01-06 13:30:12,247 [177ce3f2-416d-49f6-9e1f-da5fb9a9d371@group-1FE22983BC3E-FollowerState] INFO  impl.FollowerState (FollowerState.java:run(143)) - 177ce3f2-416d-49f6-9e1f-da5fb9a9d371@group-1FE22983BC3E-FollowerState was interrupted: {}
java.lang.InterruptedException: sleep interrupted
	at java.lang.Thread.sleep(Native Method)
	at java.lang.Thread.sleep(Thread.java:340)
	at java.util.concurrent.TimeUnit.sleep(TimeUnit.java:386)
	at org.apache.ratis.util.TimeDuration.sleep(TimeDuration.java:324)
	at org.apache.ratis.util.TimeDuration.sleep(TimeDuration.java:309)
	at org.apache.ratis.server.impl.FollowerState.run(FollowerState.java:118)
2022-01-06 13:30:12,251 [665e739a-157d-4ef9-b1c9-ec3dd6c8e45b@group-1FE22983BC3E-LeaderElection21] INFO  impl.LeaderElection (LeaderElection.java:logAndReturn(89)) - 665e739a-157d-4ef9-b1c9-ec3dd6c8e45b@group-1FE22983BC3E-LeaderElection21: ELECTION PASSED received 1 response(s) and 0 exception(s):
2022-01-06 13:30:12,251 [665e739a-157d-4ef9-b1c9-ec3dd6c8e45b@group-1FE22983BC3E-LeaderElection21] INFO  impl.LeaderElection (LeaderElection.java:logAndReturn(93)) -   Response 0: 665e739a-157d-4ef9-b1c9-ec3dd6c8e45b<-76e53578-69cb-4294-9496-1cf18385f48a#0:OK-t3
2022-01-06 13:30:12,251 [665e739a-157d-4ef9-b1c9-ec3dd6c8e45b@group-1FE22983BC3E-LeaderElection21] INFO  impl.LeaderElection (LeaderElection.java:askForVotes(308)) - 665e739a-157d-4ef9-b1c9-ec3dd6c8e45b@group-1FE22983BC3E-LeaderElection21 ELECTION round 0: result PASSED
2022-01-06 13:30:12,251 [665e739a-157d-4ef9-b1c9-ec3dd6c8e45b@group-1FE22983BC3E-LeaderElection21] INFO  impl.RoleInfo (RoleInfo.java:shutdownLeaderElection(121)) - 665e739a-157d-4ef9-b1c9-ec3dd6c8e45b: shutdown 665e739a-157d-4ef9-b1c9-ec3dd6c8e45b@group-1FE22983BC3E-LeaderElection21
2022-01-06 13:30:12,251 [665e739a-157d-4ef9-b1c9-ec3dd6c8e45b@group-1FE22983BC3E-LeaderElection21] INFO  server.RaftServer$Division (RaftServerImpl.java:setRole(290)) - 665e739a-157d-4ef9-b1c9-ec3dd6c8e45b@group-1FE22983BC3E: changes role from CANDIDATE to LEADER at term 3 for changeToLeader
2022-01-06 13:30:12,251 [665e739a-157d-4ef9-b1c9-ec3dd6c8e45b@group-1FE22983BC3E-LeaderElection21] INFO  ratis.XceiverServerRatis (XceiverServerRatis.java:handleLeaderChangedNotification(866)) - Leader change notification received for group: group-1FE22983BC3E with new leaderId: 665e739a-157d-4ef9-b1c9-ec3dd6c8e45b
2022-01-06 13:30:12,251 [665e739a-157d-4ef9-b1c9-ec3dd6c8e45b@group-1FE22983BC3E-LeaderElection21] INFO  server.RaftServer$Division (ServerState.java:setLeader(285)) - 665e739a-157d-4ef9-b1c9-ec3dd6c8e45b@group-1FE22983BC3E: change Leader from null to 665e739a-157d-4ef9-b1c9-ec3dd6c8e45b at term 3 for becomeLeader, leader elected after 15149ms
2022-01-06 13:30:12,251 [665e739a-157d-4ef9-b1c9-ec3dd6c8e45b@group-1FE22983BC3E-LeaderElection21] INFO  server.RaftServerConfigKeys (ConfUtils.java:logGet(44)) - raft.server.staging.catchup.gap = 1000 (default)
2022-01-06 13:30:12,251 [665e739a-157d-4ef9-b1c9-ec3dd6c8e45b@group-1FE22983BC3E-LeaderElection21] INFO  server.RaftServerConfigKeys (ConfUtils.java:logGet(44)) - raft.server.write.element-limit = 1024 (custom)
2022-01-06 13:30:12,251 [665e739a-157d-4ef9-b1c9-ec3dd6c8e45b@group-1FE22983BC3E-LeaderElection21] INFO  server.RaftServerConfigKeys (ConfUtils.java:logGet(44)) - raft.server.write.byte-limit = 1024 M (=1073741824) (custom)
2022-01-06 13:30:12,252 [665e739a-157d-4ef9-b1c9-ec3dd6c8e45b@group-1FE22983BC3E-LeaderElection21] INFO  server.RaftServerConfigKeys (ConfUtils.java:logGet(44)) - raft.server.watch.timeout = 3000ms (custom)
2022-01-06 13:30:12,252 [665e739a-157d-4ef9-b1c9-ec3dd6c8e45b@group-1FE22983BC3E-LeaderElection21] INFO  server.RaftServerConfigKeys (ConfUtils.java:logGet(44)) - raft.server.watch.timeout.denomination = 1s (default)
2022-01-06 13:30:12,252 [665e739a-157d-4ef9-b1c9-ec3dd6c8e45b@group-1FE22983BC3E-LeaderElection21] INFO  server.RaftServerConfigKeys (ConfUtils.java:logGet(44)) - raft.server.watch.element-limit = 65536 (default)
2022-01-06 13:30:12,252 [665e739a-157d-4ef9-b1c9-ec3dd6c8e45b@group-1FE22983BC3E-LeaderElection21] INFO  server.RaftServerConfigKeys (ConfUtils.java:logGet(44)) - raft.server.write.element-limit = 1024 (custom)
2022-01-06 13:30:12,252 [665e739a-157d-4ef9-b1c9-ec3dd6c8e45b@group-1FE22983BC3E-LeaderElection21] INFO  server.RaftServerConfigKeys (ConfUtils.java:logGet(44)) - raft.server.write.follower.gap.ratio.max = -1.0 (default)
2022-01-06 13:30:12,252 [665e739a-157d-4ef9-b1c9-ec3dd6c8e45b@group-1FE22983BC3E-LeaderElection21] INFO  server.RaftServerConfigKeys (ConfUtils.java:logGet(44)) - raft.server.log.appender.snapshot.chunk.size.max = 16MB (=16777216) (default)
2022-01-06 13:30:12,252 [665e739a-157d-4ef9-b1c9-ec3dd6c8e45b@group-1FE22983BC3E-LeaderElection21] INFO  server.RaftServerConfigKeys (ConfUtils.java:logGet(44)) - raft.server.log.appender.buffer.byte-limit = 33554432 (custom)
2022-01-06 13:30:12,252 [665e739a-157d-4ef9-b1c9-ec3dd6c8e45b@group-1FE22983BC3E-LeaderElection21] INFO  server.RaftServerConfigKeys (ConfUtils.java:logGet(44)) - raft.server.log.appender.buffer.element-limit = 1 (custom)
2022-01-06 13:30:12,252 [665e739a-157d-4ef9-b1c9-ec3dd6c8e45b@group-1FE22983BC3E-LeaderElection21] INFO  grpc.GrpcConfigKeys (ConfUtils.java:logGet(44)) - raft.grpc.server.leader.outstanding.appends.max = 128 (default)
2022-01-06 13:30:12,253 [665e739a-157d-4ef9-b1c9-ec3dd6c8e45b@group-1FE22983BC3E-LeaderElection21] INFO  server.RaftServerConfigKeys (ConfUtils.java:logGet(44)) - raft.server.rpc.request.timeout = 3000ms (default)
2022-01-06 13:30:12,253 [665e739a-157d-4ef9-b1c9-ec3dd6c8e45b@group-1FE22983BC3E-LeaderElection21] INFO  server.RaftServerConfigKeys (ConfUtils.java:logGet(44)) - raft.server.log.appender.install.snapshot.enabled = false (custom)
2022-01-06 13:30:12,254 [665e739a-157d-4ef9-b1c9-ec3dd6c8e45b@group-1FE22983BC3E-LeaderElection21] INFO  server.RaftServerConfigKeys (ConfUtils.java:logGet(44)) - raft.server.log.appender.snapshot.chunk.size.max = 16MB (=16777216) (default)
2022-01-06 13:30:12,254 [665e739a-157d-4ef9-b1c9-ec3dd6c8e45b@group-1FE22983BC3E-LeaderElection21] INFO  server.RaftServerConfigKeys (ConfUtils.java:logGet(44)) - raft.server.log.appender.buffer.byte-limit = 33554432 (custom)
2022-01-06 13:30:12,254 [665e739a-157d-4ef9-b1c9-ec3dd6c8e45b@group-1FE22983BC3E-LeaderElection21] INFO  server.RaftServerConfigKeys (ConfUtils.java:logGet(44)) - raft.server.log.appender.buffer.element-limit = 1 (custom)
2022-01-06 13:30:12,254 [665e739a-157d-4ef9-b1c9-ec3dd6c8e45b@group-1FE22983BC3E-LeaderElection21] INFO  grpc.GrpcConfigKeys (ConfUtils.java:logGet(44)) - raft.grpc.server.leader.outstanding.appends.max = 128 (default)
2022-01-06 13:30:12,254 [665e739a-157d-4ef9-b1c9-ec3dd6c8e45b@group-1FE22983BC3E-LeaderElection21] INFO  server.RaftServerConfigKeys (ConfUtils.java:logGet(44)) - raft.server.rpc.request.timeout = 3000ms (default)
2022-01-06 13:30:12,254 [665e739a-157d-4ef9-b1c9-ec3dd6c8e45b@group-1FE22983BC3E-LeaderElection21] INFO  server.RaftServerConfigKeys (ConfUtils.java:logGet(44)) - raft.server.log.appender.install.snapshot.enabled = false (custom)
2022-01-06 13:30:12,255 [665e739a-157d-4ef9-b1c9-ec3dd6c8e45b@group-1FE22983BC3E-LeaderElection21] INFO  impl.RoleInfo (RoleInfo.java:updateAndGet(130)) - 665e739a-157d-4ef9-b1c9-ec3dd6c8e45b: start 665e739a-157d-4ef9-b1c9-ec3dd6c8e45b@group-1FE22983BC3E-LeaderStateImpl
2022-01-06 13:30:12,255 [665e739a-157d-4ef9-b1c9-ec3dd6c8e45b@group-1FE22983BC3E-LeaderElection21] INFO  segmented.SegmentedRaftLogWorker (SegmentedRaftLogWorker.java:startLogSegment(394)) - 665e739a-157d-4ef9-b1c9-ec3dd6c8e45b@group-1FE22983BC3E-SegmentedRaftLogWorker: Starting segment from index:0
2022-01-06 13:30:12,256 [665e739a-157d-4ef9-b1c9-ec3dd6c8e45b@group-1FE22983BC3E-SegmentedRaftLogWorker] INFO  segmented.SegmentedRaftLogWorker (SegmentedRaftLogWorker.java:execute(601)) - 665e739a-157d-4ef9-b1c9-ec3dd6c8e45b@group-1FE22983BC3E-SegmentedRaftLogWorker: created new log segment /home/runner/work/ozone/ozone/hadoop-ozone/integration-test/target/test-dir/MiniOzoneClusterImpl-1040910a-51cd-4ce1-8f2d-abd84b974e59/datanode-7/data/ratis/e04dc973-2c55-47c2-9965-1fe22983bc3e/current/log_inprogress_0
2022-01-06 13:30:12,263 [grpc-default-executor-2] INFO  server.RaftServer$Division (RaftServerImpl.java:requestVote(1078)) - 177ce3f2-416d-49f6-9e1f-da5fb9a9d371@group-1FE22983BC3E replies to ELECTION vote request: 665e739a-157d-4ef9-b1c9-ec3dd6c8e45b<-177ce3f2-416d-49f6-9e1f-da5fb9a9d371#0:OK-t3. Peer's state: 177ce3f2-416d-49f6-9e1f-da5fb9a9d371@group-1FE22983BC3E:t3, leader=null, voted=665e739a-157d-4ef9-b1c9-ec3dd6c8e45b, raftlog=177ce3f2-416d-49f6-9e1f-da5fb9a9d371@group-1FE22983BC3E-SegmentedRaftLog:OPENED:c-1, conf=-1: [665e739a-157d-4ef9-b1c9-ec3dd6c8e45b|rpc:10.1.0.50:42233|priority:1, 177ce3f2-416d-49f6-9e1f-da5fb9a9d371|rpc:10.1.0.50:39477|priority:0, 76e53578-69cb-4294-9496-1cf18385f48a|rpc:10.1.0.50:41391|priority:0], old=null
2022-01-06 13:30:12,270 [grpc-default-executor-1] INFO  ratis.XceiverServerRatis (XceiverServerRatis.java:handleLeaderChangedNotification(866)) - Leader change notification received for group: group-1FE22983BC3E with new leaderId: 665e739a-157d-4ef9-b1c9-ec3dd6c8e45b
2022-01-06 13:30:12,271 [grpc-default-executor-1] INFO  server.RaftServer$Division (ServerState.java:setLeader(285)) - 76e53578-69cb-4294-9496-1cf18385f48a@group-1FE22983BC3E: change Leader from null to 665e739a-157d-4ef9-b1c9-ec3dd6c8e45b at term 3 for appendEntries, leader elected after 15122ms
2022-01-06 13:30:12,275 [665e739a-157d-4ef9-b1c9-ec3dd6c8e45b@group-1FE22983BC3E-LeaderElection21] INFO  server.RaftServer$Division (ServerState.java:setRaftConf(387)) - 665e739a-157d-4ef9-b1c9-ec3dd6c8e45b@group-1FE22983BC3E: set configuration 0: [665e739a-157d-4ef9-b1c9-ec3dd6c8e45b|rpc:10.1.0.50:42233|dataStream:|priority:1, 177ce3f2-416d-49f6-9e1f-da5fb9a9d371|rpc:10.1.0.50:39477|dataStream:|priority:0, 76e53578-69cb-4294-9496-1cf18385f48a|rpc:10.1.0.50:41391|dataStream:|priority:0], old=null
2022-01-06 13:30:12,276 [EventQueue-PipelineReportForPipelineReportHandler] INFO  pipeline.PipelineManagerImpl (PipelineManagerImpl.java:openPipeline(291)) - Pipeline Pipeline[ Id: e04dc973-2c55-47c2-9965-1fe22983bc3e, Nodes: 665e739a-157d-4ef9-b1c9-ec3dd6c8e45b{ip: 10.1.0.50, host: fv-az59-280.csjynl4pkq3e1pkirw3ssqjfoh.cx.internal.cloudapp.net, ports: [REPLICATION=43757, RATIS=42233, RATIS_ADMIN=42233, RATIS_SERVER=42233, STANDALONE=33423], networkLocation: /default-rack, certSerialId: null, persistedOpState: IN_SERVICE, persistedOpStateExpiryEpochSec: 0}76e53578-69cb-4294-9496-1cf18385f48a{ip: 10.1.0.50, host: fv-az59-280.csjynl4pkq3e1pkirw3ssqjfoh.cx.internal.cloudapp.net, ports: [REPLICATION=45325, RATIS=41391, RATIS_ADMIN=41391, RATIS_SERVER=41391, STANDALONE=41745], networkLocation: /default-rack, certSerialId: null, persistedOpState: IN_SERVICE, persistedOpStateExpiryEpochSec: 0}177ce3f2-416d-49f6-9e1f-da5fb9a9d371{ip: 10.1.0.50, host: fv-az59-280.csjynl4pkq3e1pkirw3ssqjfoh.cx.internal.cloudapp.net, ports: [REPLICATION=41445, RATIS=39477, RATIS_ADMIN=39477, RATIS_SERVER=39477, STANDALONE=35293], networkLocation: /default-rack, certSerialId: null, persistedOpState: IN_SERVICE, persistedOpStateExpiryEpochSec: 0}, ReplicationConfig: RATIS/THREE, State:ALLOCATED, leaderId:665e739a-157d-4ef9-b1c9-ec3dd6c8e45b, CreationTimestamp2022-01-06T13:29:54.404Z[Etc/UTC]] moved to OPEN state
2022-01-06 13:30:12,280 [grpc-default-executor-0] INFO  ratis.XceiverServerRatis (XceiverServerRatis.java:handleLeaderChangedNotification(866)) - Leader change notification received for group: group-1FE22983BC3E with new leaderId: 665e739a-157d-4ef9-b1c9-ec3dd6c8e45b
2022-01-06 13:30:12,280 [grpc-default-executor-0] INFO  server.RaftServer$Division (ServerState.java:setLeader(285)) - 177ce3f2-416d-49f6-9e1f-da5fb9a9d371@group-1FE22983BC3E: change Leader from null to 665e739a-157d-4ef9-b1c9-ec3dd6c8e45b at term 3 for appendEntries, leader elected after 15198ms
2022-01-06 13:30:12,294 [grpc-default-executor-0] INFO  server.RaftServer$Division (ServerState.java:setRaftConf(387)) - 177ce3f2-416d-49f6-9e1f-da5fb9a9d371@group-1FE22983BC3E: set configuration 0: [665e739a-157d-4ef9-b1c9-ec3dd6c8e45b|rpc:10.1.0.50:42233|dataStream:|priority:1, 177ce3f2-416d-49f6-9e1f-da5fb9a9d371|rpc:10.1.0.50:39477|dataStream:|priority:0, 76e53578-69cb-4294-9496-1cf18385f48a|rpc:10.1.0.50:41391|dataStream:|priority:0], old=null
2022-01-06 13:30:12,295 [grpc-default-executor-1] INFO  server.RaftServer$Division (ServerState.java:setRaftConf(387)) - 76e53578-69cb-4294-9496-1cf18385f48a@group-1FE22983BC3E: set configuration 0: [665e739a-157d-4ef9-b1c9-ec3dd6c8e45b|rpc:10.1.0.50:42233|dataStream:|priority:1, 177ce3f2-416d-49f6-9e1f-da5fb9a9d371|rpc:10.1.0.50:39477|dataStream:|priority:0, 76e53578-69cb-4294-9496-1cf18385f48a|rpc:10.1.0.50:41391|dataStream:|priority:0], old=null
2022-01-06 13:30:12,295 [grpc-default-executor-1] INFO  segmented.SegmentedRaftLogWorker (SegmentedRaftLogWorker.java:startLogSegment(394)) - 76e53578-69cb-4294-9496-1cf18385f48a@group-1FE22983BC3E-SegmentedRaftLogWorker: Starting segment from index:0
2022-01-06 13:30:12,297 [grpc-default-executor-0] INFO  segmented.SegmentedRaftLogWorker (SegmentedRaftLogWorker.java:startLogSegment(394)) - 177ce3f2-416d-49f6-9e1f-da5fb9a9d371@group-1FE22983BC3E-SegmentedRaftLogWorker: Starting segment from index:0
2022-01-06 13:30:12,297 [76e53578-69cb-4294-9496-1cf18385f48a@group-1FE22983BC3E-SegmentedRaftLogWorker] INFO  segmented.SegmentedRaftLogWorker (SegmentedRaftLogWorker.java:execute(601)) - 76e53578-69cb-4294-9496-1cf18385f48a@group-1FE22983BC3E-SegmentedRaftLogWorker: created new log segment /home/runner/work/ozone/ozone/hadoop-ozone/integration-test/target/test-dir/MiniOzoneClusterImpl-1040910a-51cd-4ce1-8f2d-abd84b974e59/datanode-8/data/ratis/e04dc973-2c55-47c2-9965-1fe22983bc3e/current/log_inprogress_0
2022-01-06 13:30:12,302 [177ce3f2-416d-49f6-9e1f-da5fb9a9d371@group-1FE22983BC3E-SegmentedRaftLogWorker] INFO  segmented.SegmentedRaftLogWorker (SegmentedRaftLogWorker.java:execute(601)) - 177ce3f2-416d-49f6-9e1f-da5fb9a9d371@group-1FE22983BC3E-SegmentedRaftLogWorker: created new log segment /home/runner/work/ozone/ozone/hadoop-ozone/integration-test/target/test-dir/MiniOzoneClusterImpl-1040910a-51cd-4ce1-8f2d-abd84b974e59/datanode-6/data/ratis/e04dc973-2c55-47c2-9965-1fe22983bc3e/current/log_inprogress_0
2022-01-06 13:30:15,976 [129ac5cb-389f-40c7-b14f-a1c1703048e2@group-99B4631465CC-FollowerState] INFO  impl.FollowerState (FollowerState.java:run(134)) - 129ac5cb-389f-40c7-b14f-a1c1703048e2@group-99B4631465CC-FollowerState: change to CANDIDATE, lastRpcElapsedTime:5118536975ns, electionTimeout:5106ms
2022-01-06 13:30:15,976 [129ac5cb-389f-40c7-b14f-a1c1703048e2@group-99B4631465CC-FollowerState] INFO  impl.RoleInfo (RoleInfo.java:shutdownFollowerState(108)) - 129ac5cb-389f-40c7-b14f-a1c1703048e2: shutdown 129ac5cb-389f-40c7-b14f-a1c1703048e2@group-99B4631465CC-FollowerState
2022-01-06 13:30:15,976 [129ac5cb-389f-40c7-b14f-a1c1703048e2@group-99B4631465CC-FollowerState] INFO  server.RaftServer$Division (RaftServerImpl.java:setRole(290)) - 129ac5cb-389f-40c7-b14f-a1c1703048e2@group-99B4631465CC: changes role from  FOLLOWER to CANDIDATE at term 3 for changeToCandidate
2022-01-06 13:30:15,977 [129ac5cb-389f-40c7-b14f-a1c1703048e2@group-99B4631465CC-FollowerState] INFO  server.RaftServerConfigKeys (ConfUtils.java:logGet(44)) - raft.server.leaderelection.pre-vote = false (custom)
2022-01-06 13:30:15,977 [129ac5cb-389f-40c7-b14f-a1c1703048e2@group-99B4631465CC-FollowerState] INFO  impl.RoleInfo (RoleInfo.java:updateAndGet(130)) - 129ac5cb-389f-40c7-b14f-a1c1703048e2: start 129ac5cb-389f-40c7-b14f-a1c1703048e2@group-99B4631465CC-LeaderElection22
2022-01-06 13:30:15,980 [129ac5cb-389f-40c7-b14f-a1c1703048e2@group-99B4631465CC-LeaderElection22] INFO  impl.LeaderElection (LeaderElection.java:askForVotes(306)) - 129ac5cb-389f-40c7-b14f-a1c1703048e2@group-99B4631465CC-LeaderElection22 ELECTION round 0: submit vote requests at term 4 for -1: [129ac5cb-389f-40c7-b14f-a1c1703048e2|rpc:10.1.0.50:43165|dataStream:|priority:0, 30761433-74de-448b-9041-b7efaa078424|rpc:10.1.0.50:41385|dataStream:|priority:0, 22c8497a-9e61-48ae-afcc-0cb0db452240|rpc:10.1.0.50:44975|dataStream:|priority:1], old=null
2022-01-06 13:30:15,991 [grpc-default-executor-1] INFO  server.RaftServer$Division (RaftServerImpl.java:requestVote(1046)) - 30761433-74de-448b-9041-b7efaa078424@group-99B4631465CC: receive requestVote(ELECTION, 129ac5cb-389f-40c7-b14f-a1c1703048e2, group-99B4631465CC, 4, (t:0, i:0))
2022-01-06 13:30:15,991 [grpc-default-executor-1] INFO  impl.VoteContext (VoteContext.java:log(48)) - 30761433-74de-448b-9041-b7efaa078424@group-99B4631465CC-FOLLOWER: accept ELECTION from 129ac5cb-389f-40c7-b14f-a1c1703048e2: our priority 0 <= candidate's priority 0
2022-01-06 13:30:15,991 [grpc-default-executor-1] INFO  server.RaftServer$Division (RaftServerImpl.java:setRole(290)) - 30761433-74de-448b-9041-b7efaa078424@group-99B4631465CC: changes role from  FOLLOWER to FOLLOWER at term 4 for candidate:129ac5cb-389f-40c7-b14f-a1c1703048e2
2022-01-06 13:30:15,991 [grpc-default-executor-1] INFO  impl.RoleInfo (RoleInfo.java:shutdownFollowerState(108)) - 30761433-74de-448b-9041-b7efaa078424: shutdown 30761433-74de-448b-9041-b7efaa078424@group-99B4631465CC-FollowerState
2022-01-06 13:30:15,991 [grpc-default-executor-1] INFO  impl.RoleInfo (RoleInfo.java:updateAndGet(130)) - 30761433-74de-448b-9041-b7efaa078424: start 30761433-74de-448b-9041-b7efaa078424@group-99B4631465CC-FollowerState
2022-01-06 13:30:15,991 [30761433-74de-448b-9041-b7efaa078424@group-99B4631465CC-FollowerState] INFO  impl.FollowerState (FollowerState.java:run(143)) - 30761433-74de-448b-9041-b7efaa078424@group-99B4631465CC-FollowerState was interrupted: {}
java.lang.InterruptedException: sleep interrupted
	at java.lang.Thread.sleep(Native Method)
	at java.lang.Thread.sleep(Thread.java:340)
	at java.util.concurrent.TimeUnit.sleep(TimeUnit.java:386)
	at org.apache.ratis.util.TimeDuration.sleep(TimeDuration.java:324)
	at org.apache.ratis.util.TimeDuration.sleep(TimeDuration.java:309)
	at org.apache.ratis.server.impl.FollowerState.run(FollowerState.java:118)
2022-01-06 13:30:15,992 [grpc-default-executor-0] INFO  server.RaftServer$Division (RaftServerImpl.java:requestVote(1046)) - 22c8497a-9e61-48ae-afcc-0cb0db452240@group-99B4631465CC: receive requestVote(ELECTION, 129ac5cb-389f-40c7-b14f-a1c1703048e2, group-99B4631465CC, 4, (t:0, i:0))
2022-01-06 13:30:15,999 [grpc-default-executor-0] INFO  impl.VoteContext (VoteContext.java:log(48)) - 22c8497a-9e61-48ae-afcc-0cb0db452240@group-99B4631465CC-FOLLOWER: reject ELECTION from 129ac5cb-389f-40c7-b14f-a1c1703048e2: our priority 1 > candidate's priority 0
2022-01-06 13:30:15,999 [grpc-default-executor-0] INFO  server.RaftServer$Division (RaftServerImpl.java:setRole(290)) - 22c8497a-9e61-48ae-afcc-0cb0db452240@group-99B4631465CC: changes role from  FOLLOWER to FOLLOWER at term 4 for candidate:129ac5cb-389f-40c7-b14f-a1c1703048e2
2022-01-06 13:30:15,999 [grpc-default-executor-0] INFO  impl.RoleInfo (RoleInfo.java:shutdownFollowerState(108)) - 22c8497a-9e61-48ae-afcc-0cb0db452240: shutdown 22c8497a-9e61-48ae-afcc-0cb0db452240@group-99B4631465CC-FollowerState
2022-01-06 13:30:15,999 [grpc-default-executor-0] INFO  impl.RoleInfo (RoleInfo.java:updateAndGet(130)) - 22c8497a-9e61-48ae-afcc-0cb0db452240: start 22c8497a-9e61-48ae-afcc-0cb0db452240@group-99B4631465CC-FollowerState
2022-01-06 13:30:15,999 [22c8497a-9e61-48ae-afcc-0cb0db452240@group-99B4631465CC-FollowerState] INFO  impl.FollowerState (FollowerState.java:run(143)) - 22c8497a-9e61-48ae-afcc-0cb0db452240@group-99B4631465CC-FollowerState was interrupted: {}
java.lang.InterruptedException: sleep interrupted
	at java.lang.Thread.sleep(Native Method)
	at java.lang.Thread.sleep(Thread.java:340)
	at java.util.concurrent.TimeUnit.sleep(TimeUnit.java:386)
	at org.apache.ratis.util.TimeDuration.sleep(TimeDuration.java:324)
	at org.apache.ratis.util.TimeDuration.sleep(TimeDuration.java:309)
	at org.apache.ratis.server.impl.FollowerState.run(FollowerState.java:118)
2022-01-06 13:30:16,006 [grpc-default-executor-1] INFO  server.RaftServer$Division (RaftServerImpl.java:requestVote(1078)) - 30761433-74de-448b-9041-b7efaa078424@group-99B4631465CC replies to ELECTION vote request: 129ac5cb-389f-40c7-b14f-a1c1703048e2<-30761433-74de-448b-9041-b7efaa078424#0:OK-t4. Peer's state: 30761433-74de-448b-9041-b7efaa078424@group-99B4631465CC:t4, leader=null, voted=129ac5cb-389f-40c7-b14f-a1c1703048e2, raftlog=30761433-74de-448b-9041-b7efaa078424@group-99B4631465CC-SegmentedRaftLog:OPENED:c-1, conf=-1: [129ac5cb-389f-40c7-b14f-a1c1703048e2|rpc:10.1.0.50:43165|priority:0, 30761433-74de-448b-9041-b7efaa078424|rpc:10.1.0.50:41385|priority:0, 22c8497a-9e61-48ae-afcc-0cb0db452240|rpc:10.1.0.50:44975|priority:1], old=null
2022-01-06 13:30:16,009 [grpc-default-executor-0] INFO  server.RaftServer$Division (RaftServerImpl.java:requestVote(1078)) - 22c8497a-9e61-48ae-afcc-0cb0db452240@group-99B4631465CC replies to ELECTION vote request: 129ac5cb-389f-40c7-b14f-a1c1703048e2<-22c8497a-9e61-48ae-afcc-0cb0db452240#0:FAIL-t4. Peer's state: 22c8497a-9e61-48ae-afcc-0cb0db452240@group-99B4631465CC:t4, leader=null, voted=null, raftlog=22c8497a-9e61-48ae-afcc-0cb0db452240@group-99B4631465CC-SegmentedRaftLog:OPENED:c-1, conf=-1: [129ac5cb-389f-40c7-b14f-a1c1703048e2|rpc:10.1.0.50:43165|priority:0, 30761433-74de-448b-9041-b7efaa078424|rpc:10.1.0.50:41385|priority:0, 22c8497a-9e61-48ae-afcc-0cb0db452240|rpc:10.1.0.50:44975|priority:1], old=null
2022-01-06 13:30:16,011 [129ac5cb-389f-40c7-b14f-a1c1703048e2@group-99B4631465CC-LeaderElection22] INFO  impl.LeaderElection (LeaderElection.java:logAndReturn(89)) - 129ac5cb-389f-40c7-b14f-a1c1703048e2@group-99B4631465CC-LeaderElection22: ELECTION REJECTED received 2 response(s) and 0 exception(s):
2022-01-06 13:30:16,011 [129ac5cb-389f-40c7-b14f-a1c1703048e2@group-99B4631465CC-LeaderElection22] INFO  impl.LeaderElection (LeaderElection.java:logAndReturn(93)) -   Response 0: 129ac5cb-389f-40c7-b14f-a1c1703048e2<-30761433-74de-448b-9041-b7efaa078424#0:OK-t4
2022-01-06 13:30:16,011 [129ac5cb-389f-40c7-b14f-a1c1703048e2@group-99B4631465CC-LeaderElection22] INFO  impl.LeaderElection (LeaderElection.java:logAndReturn(93)) -   Response 1: 129ac5cb-389f-40c7-b14f-a1c1703048e2<-22c8497a-9e61-48ae-afcc-0cb0db452240#0:FAIL-t4
2022-01-06 13:30:16,011 [129ac5cb-389f-40c7-b14f-a1c1703048e2@group-99B4631465CC-LeaderElection22] INFO  impl.LeaderElection (LeaderElection.java:askForVotes(308)) - 129ac5cb-389f-40c7-b14f-a1c1703048e2@group-99B4631465CC-LeaderElection22 ELECTION round 0: result REJECTED
2022-01-06 13:30:16,011 [129ac5cb-389f-40c7-b14f-a1c1703048e2@group-99B4631465CC-LeaderElection22] INFO  server.RaftServer$Division (RaftServerImpl.java:setRole(290)) - 129ac5cb-389f-40c7-b14f-a1c1703048e2@group-99B4631465CC: changes role from CANDIDATE to FOLLOWER at term 4 for REJECTED
2022-01-06 13:30:16,011 [129ac5cb-389f-40c7-b14f-a1c1703048e2@group-99B4631465CC-LeaderElection22] INFO  impl.RoleInfo (RoleInfo.java:shutdownLeaderElection(121)) - 129ac5cb-389f-40c7-b14f-a1c1703048e2: shutdown 129ac5cb-389f-40c7-b14f-a1c1703048e2@group-99B4631465CC-LeaderElection22
2022-01-06 13:30:16,011 [129ac5cb-389f-40c7-b14f-a1c1703048e2@group-99B4631465CC-LeaderElection22] INFO  impl.RoleInfo (RoleInfo.java:updateAndGet(130)) - 129ac5cb-389f-40c7-b14f-a1c1703048e2: start 129ac5cb-389f-40c7-b14f-a1c1703048e2@group-99B4631465CC-FollowerState
2022-01-06 13:30:16,910 [832710ff-70fd-4195-974e-450d8fd5944e@group-F1D01D8A5C73-FollowerState] INFO  impl.FollowerState (FollowerState.java:run(134)) - 832710ff-70fd-4195-974e-450d8fd5944e@group-F1D01D8A5C73-FollowerState: change to CANDIDATE, lastRpcElapsedTime:5085995542ns, electionTimeout:5082ms
2022-01-06 13:30:16,910 [832710ff-70fd-4195-974e-450d8fd5944e@group-F1D01D8A5C73-FollowerState] INFO  impl.RoleInfo (RoleInfo.java:shutdownFollowerState(108)) - 832710ff-70fd-4195-974e-450d8fd5944e: shutdown 832710ff-70fd-4195-974e-450d8fd5944e@group-F1D01D8A5C73-FollowerState
2022-01-06 13:30:16,910 [832710ff-70fd-4195-974e-450d8fd5944e@group-F1D01D8A5C73-FollowerState] INFO  server.RaftServer$Division (RaftServerImpl.java:setRole(290)) - 832710ff-70fd-4195-974e-450d8fd5944e@group-F1D01D8A5C73: changes role from  FOLLOWER to CANDIDATE at term 4 for changeToCandidate
2022-01-06 13:30:16,910 [832710ff-70fd-4195-974e-450d8fd5944e@group-F1D01D8A5C73-FollowerState] INFO  server.RaftServerConfigKeys (ConfUtils.java:logGet(44)) - raft.server.leaderelection.pre-vote = false (custom)
2022-01-06 13:30:16,910 [832710ff-70fd-4195-974e-450d8fd5944e@group-F1D01D8A5C73-FollowerState] INFO  impl.RoleInfo (RoleInfo.java:updateAndGet(130)) - 832710ff-70fd-4195-974e-450d8fd5944e: start 832710ff-70fd-4195-974e-450d8fd5944e@group-F1D01D8A5C73-LeaderElection23
2022-01-06 13:30:16,913 [832710ff-70fd-4195-974e-450d8fd5944e@group-F1D01D8A5C73-LeaderElection23] INFO  impl.LeaderElection (LeaderElection.java:askForVotes(306)) - 832710ff-70fd-4195-974e-450d8fd5944e@group-F1D01D8A5C73-LeaderElection23 ELECTION round 0: submit vote requests at term 5 for -1: [f94be414-d4cd-4929-99d0-8f9eafd02643|rpc:10.1.0.50:45415|dataStream:|priority:1, a3271a13-46d8-4b51-acff-5e832eb04f76|rpc:10.1.0.50:39137|dataStream:|priority:0, 832710ff-70fd-4195-974e-450d8fd5944e|rpc:10.1.0.50:39399|dataStream:|priority:0], old=null
2022-01-06 13:30:16,917 [grpc-default-executor-0] INFO  server.RaftServer$Division (RaftServerImpl.java:requestVote(1046)) - a3271a13-46d8-4b51-acff-5e832eb04f76@group-F1D01D8A5C73: receive requestVote(ELECTION, 832710ff-70fd-4195-974e-450d8fd5944e, group-F1D01D8A5C73, 5, (t:0, i:0))
2022-01-06 13:30:16,917 [grpc-default-executor-0] INFO  impl.VoteContext (VoteContext.java:log(48)) - a3271a13-46d8-4b51-acff-5e832eb04f76@group-F1D01D8A5C73-FOLLOWER: accept ELECTION from 832710ff-70fd-4195-974e-450d8fd5944e: our priority 0 <= candidate's priority 0
2022-01-06 13:30:16,917 [grpc-default-executor-0] INFO  server.RaftServer$Division (RaftServerImpl.java:setRole(290)) - a3271a13-46d8-4b51-acff-5e832eb04f76@group-F1D01D8A5C73: changes role from  FOLLOWER to FOLLOWER at term 5 for candidate:832710ff-70fd-4195-974e-450d8fd5944e
2022-01-06 13:30:16,917 [grpc-default-executor-0] INFO  impl.RoleInfo (RoleInfo.java:shutdownFollowerState(108)) - a3271a13-46d8-4b51-acff-5e832eb04f76: shutdown a3271a13-46d8-4b51-acff-5e832eb04f76@group-F1D01D8A5C73-FollowerState
2022-01-06 13:30:16,917 [grpc-default-executor-0] INFO  impl.RoleInfo (RoleInfo.java:updateAndGet(130)) - a3271a13-46d8-4b51-acff-5e832eb04f76: start a3271a13-46d8-4b51-acff-5e832eb04f76@group-F1D01D8A5C73-FollowerState
2022-01-06 13:30:16,917 [a3271a13-46d8-4b51-acff-5e832eb04f76@group-F1D01D8A5C73-FollowerState] INFO  impl.FollowerState (FollowerState.java:run(143)) - a3271a13-46d8-4b51-acff-5e832eb04f76@group-F1D01D8A5C73-FollowerState was interrupted: {}
java.lang.InterruptedException: sleep interrupted
	at java.lang.Thread.sleep(Native Method)
	at java.lang.Thread.sleep(Thread.java:340)
	at java.util.concurrent.TimeUnit.sleep(TimeUnit.java:386)
	at org.apache.ratis.util.TimeDuration.sleep(TimeDuration.java:324)
	at org.apache.ratis.util.TimeDuration.sleep(TimeDuration.java:309)
	at org.apache.ratis.server.impl.FollowerState.run(FollowerState.java:118)
2022-01-06 13:30:16,919 [grpc-default-executor-0] INFO  server.RaftServer$Division (RaftServerImpl.java:requestVote(1078)) - a3271a13-46d8-4b51-acff-5e832eb04f76@group-F1D01D8A5C73 replies to ELECTION vote request: 832710ff-70fd-4195-974e-450d8fd5944e<-a3271a13-46d8-4b51-acff-5e832eb04f76#0:OK-t5. Peer's state: a3271a13-46d8-4b51-acff-5e832eb04f76@group-F1D01D8A5C73:t5, leader=null, voted=832710ff-70fd-4195-974e-450d8fd5944e, raftlog=a3271a13-46d8-4b51-acff-5e832eb04f76@group-F1D01D8A5C73-SegmentedRaftLog:OPENED:c-1, conf=-1: [f94be414-d4cd-4929-99d0-8f9eafd02643|rpc:10.1.0.50:45415|dataStream:|priority:1, a3271a13-46d8-4b51-acff-5e832eb04f76|rpc:10.1.0.50:39137|dataStream:|priority:0, 832710ff-70fd-4195-974e-450d8fd5944e|rpc:10.1.0.50:39399|dataStream:|priority:0], old=null
2022-01-06 13:30:16,922 [grpc-default-executor-1] INFO  server.RaftServer$Division (RaftServerImpl.java:requestVote(1046)) - f94be414-d4cd-4929-99d0-8f9eafd02643@group-F1D01D8A5C73: receive requestVote(ELECTION, 832710ff-70fd-4195-974e-450d8fd5944e, group-F1D01D8A5C73, 5, (t:0, i:0))
2022-01-06 13:30:16,922 [grpc-default-executor-1] INFO  impl.VoteContext (VoteContext.java:log(48)) - f94be414-d4cd-4929-99d0-8f9eafd02643@group-F1D01D8A5C73-FOLLOWER: reject ELECTION from 832710ff-70fd-4195-974e-450d8fd5944e: our last entry (t:2, i:0) > candidate's last entry (t:0, i:0)
2022-01-06 13:30:16,922 [grpc-default-executor-1] INFO  server.RaftServer$Division (RaftServerImpl.java:setRole(290)) - f94be414-d4cd-4929-99d0-8f9eafd02643@group-F1D01D8A5C73: changes role from  FOLLOWER to FOLLOWER at term 5 for candidate:832710ff-70fd-4195-974e-450d8fd5944e
2022-01-06 13:30:16,922 [grpc-default-executor-1] INFO  impl.RoleInfo (RoleInfo.java:shutdownFollowerState(108)) - f94be414-d4cd-4929-99d0-8f9eafd02643: shutdown f94be414-d4cd-4929-99d0-8f9eafd02643@group-F1D01D8A5C73-FollowerState
2022-01-06 13:30:16,922 [grpc-default-executor-1] INFO  impl.RoleInfo (RoleInfo.java:updateAndGet(130)) - f94be414-d4cd-4929-99d0-8f9eafd02643: start f94be414-d4cd-4929-99d0-8f9eafd02643@group-F1D01D8A5C73-FollowerState
2022-01-06 13:30:16,922 [f94be414-d4cd-4929-99d0-8f9eafd02643@group-F1D01D8A5C73-FollowerState] INFO  impl.FollowerState (FollowerState.java:run(143)) - f94be414-d4cd-4929-99d0-8f9eafd02643@group-F1D01D8A5C73-FollowerState was interrupted: {}
java.lang.InterruptedException: sleep interrupted
	at java.lang.Thread.sleep(Native Method)
	at java.lang.Thread.sleep(Thread.java:340)
	at java.util.concurrent.TimeUnit.sleep(TimeUnit.java:386)
	at org.apache.ratis.util.TimeDuration.sleep(TimeDuration.java:324)
	at org.apache.ratis.util.TimeDuration.sleep(TimeDuration.java:309)
	at org.apache.ratis.server.impl.FollowerState.run(FollowerState.java:118)
2022-01-06 13:30:16,930 [grpc-default-executor-1] INFO  server.RaftServer$Division (RaftServerImpl.java:requestVote(1078)) - f94be414-d4cd-4929-99d0-8f9eafd02643@group-F1D01D8A5C73 replies to ELECTION vote request: 832710ff-70fd-4195-974e-450d8fd5944e<-f94be414-d4cd-4929-99d0-8f9eafd02643#0:FAIL-t5. Peer's state: f94be414-d4cd-4929-99d0-8f9eafd02643@group-F1D01D8A5C73:t5, leader=null, voted=null, raftlog=f94be414-d4cd-4929-99d0-8f9eafd02643@group-F1D01D8A5C73-SegmentedRaftLog:OPENED:c0, conf=0: [f94be414-d4cd-4929-99d0-8f9eafd02643|rpc:10.1.0.50:45415|dataStream:|priority:1, a3271a13-46d8-4b51-acff-5e832eb04f76|rpc:10.1.0.50:39137|dataStream:|priority:0, 832710ff-70fd-4195-974e-450d8fd5944e|rpc:10.1.0.50:39399|dataStream:|priority:0], old=null
2022-01-06 13:30:16,931 [832710ff-70fd-4195-974e-450d8fd5944e@group-F1D01D8A5C73-LeaderElection23] INFO  impl.LeaderElection (LeaderElection.java:logAndReturn(89)) - 832710ff-70fd-4195-974e-450d8fd5944e@group-F1D01D8A5C73-LeaderElection23: ELECTION REJECTED received 2 response(s) and 0 exception(s):
2022-01-06 13:30:16,931 [832710ff-70fd-4195-974e-450d8fd5944e@group-F1D01D8A5C73-LeaderElection23] INFO  impl.LeaderElection (LeaderElection.java:logAndReturn(93)) -   Response 0: 832710ff-70fd-4195-974e-450d8fd5944e<-f94be414-d4cd-4929-99d0-8f9eafd02643#0:FAIL-t5
2022-01-06 13:30:16,931 [832710ff-70fd-4195-974e-450d8fd5944e@group-F1D01D8A5C73-LeaderElection23] INFO  impl.LeaderElection (LeaderElection.java:logAndReturn(93)) -   Response 1: 832710ff-70fd-4195-974e-450d8fd5944e<-a3271a13-46d8-4b51-acff-5e832eb04f76#0:OK-t5
2022-01-06 13:30:16,931 [832710ff-70fd-4195-974e-450d8fd5944e@group-F1D01D8A5C73-LeaderElection23] INFO  impl.LeaderElection (LeaderElection.java:askForVotes(308)) - 832710ff-70fd-4195-974e-450d8fd5944e@group-F1D01D8A5C73-LeaderElection23 ELECTION round 0: result REJECTED
2022-01-06 13:30:16,931 [832710ff-70fd-4195-974e-450d8fd5944e@group-F1D01D8A5C73-LeaderElection23] INFO  server.RaftServer$Division (RaftServerImpl.java:setRole(290)) - 832710ff-70fd-4195-974e-450d8fd5944e@group-F1D01D8A5C73: changes role from CANDIDATE to FOLLOWER at term 5 for REJECTED
2022-01-06 13:30:16,931 [832710ff-70fd-4195-974e-450d8fd5944e@group-F1D01D8A5C73-LeaderElection23] INFO  impl.RoleInfo (RoleInfo.java:shutdownLeaderElection(121)) - 832710ff-70fd-4195-974e-450d8fd5944e: shutdown 832710ff-70fd-4195-974e-450d8fd5944e@group-F1D01D8A5C73-LeaderElection23
2022-01-06 13:30:16,931 [832710ff-70fd-4195-974e-450d8fd5944e@group-F1D01D8A5C73-LeaderElection23] INFO  impl.RoleInfo (RoleInfo.java:updateAndGet(130)) - 832710ff-70fd-4195-974e-450d8fd5944e: start 832710ff-70fd-4195-974e-450d8fd5944e@group-F1D01D8A5C73-FollowerState
2022-01-06 13:30:20,956 [Listener at 127.0.0.1/36535] WARN  io.KeyOutputStream (KeyOutputStream.java:handleException(310)) - Encountered exception java.io.IOException: Unexpected Storage Container Exception: java.util.concurrent.CompletionException: Failed to write chunk 109611004723200001_chunk_1 into block conID: 1 locID: 109611004723200001 bcsId: 0 on the pipeline Pipeline[ Id: 11925957-c949-41db-84e3-f1d01d8a5c73, Nodes: 832710ff-70fd-4195-974e-450d8fd5944e{ip: 10.1.0.50, host: fv-az59-280.csjynl4pkq3e1pkirw3ssqjfoh.cx.internal.cloudapp.net, ports: [REPLICATION=35873, RATIS=39399, RATIS_ADMIN=39399, RATIS_SERVER=39399, STANDALONE=34621], networkLocation: /default-rack, certSerialId: null, persistedOpState: IN_SERVICE, persistedOpStateExpiryEpochSec: 0}f94be414-d4cd-4929-99d0-8f9eafd02643{ip: 10.1.0.50, host: fv-az59-280.csjynl4pkq3e1pkirw3ssqjfoh.cx.internal.cloudapp.net, ports: [REPLICATION=40151, RATIS=45415, RATIS_ADMIN=45415, RATIS_SERVER=45415, STANDALONE=39341], networkLocation: /default-rack, certSerialId: null, persistedOpState: IN_SERVICE, persistedOpStateExpiryEpochSec: 0}a3271a13-46d8-4b51-acff-5e832eb04f76{ip: 10.1.0.50, host: fv-az59-280.csjynl4pkq3e1pkirw3ssqjfoh.cx.internal.cloudapp.net, ports: [REPLICATION=46849, RATIS=39137, RATIS_ADMIN=39137, RATIS_SERVER=39137, STANDALONE=45697], networkLocation: /default-rack, certSerialId: null, persistedOpState: IN_SERVICE, persistedOpStateExpiryEpochSec: 0}, ReplicationConfig: RATIS/THREE, State:OPEN, leaderId:f94be414-d4cd-4929-99d0-8f9eafd02643, CreationTimestamp2022-01-06T13:29:53.876Z[Etc/UTC]]. The last committed block length is 0, uncommitted data length is 400 retry count 0
2022-01-06 13:30:21,018 [22c8497a-9e61-48ae-afcc-0cb0db452240@group-99B4631465CC-FollowerState] INFO  impl.FollowerState (FollowerState.java:run(134)) - 22c8497a-9e61-48ae-afcc-0cb0db452240@group-99B4631465CC-FollowerState: change to CANDIDATE, lastRpcElapsedTime:5019442236ns, electionTimeout:5010ms
2022-01-06 13:30:21,019 [22c8497a-9e61-48ae-afcc-0cb0db452240@group-99B4631465CC-FollowerState] INFO  impl.RoleInfo (RoleInfo.java:shutdownFollowerState(108)) - 22c8497a-9e61-48ae-afcc-0cb0db452240: shutdown 22c8497a-9e61-48ae-afcc-0cb0db452240@group-99B4631465CC-FollowerState
2022-01-06 13:30:21,019 [22c8497a-9e61-48ae-afcc-0cb0db452240@group-99B4631465CC-FollowerState] INFO  server.RaftServer$Division (RaftServerImpl.java:setRole(290)) - 22c8497a-9e61-48ae-afcc-0cb0db452240@group-99B4631465CC: changes role from  FOLLOWER to CANDIDATE at term 4 for changeToCandidate
2022-01-06 13:30:21,019 [22c8497a-9e61-48ae-afcc-0cb0db452240@group-99B4631465CC-FollowerState] INFO  server.RaftServerConfigKeys (ConfUtils.java:logGet(44)) - raft.server.leaderelection.pre-vote = false (custom)
2022-01-06 13:30:21,019 [22c8497a-9e61-48ae-afcc-0cb0db452240@group-99B4631465CC-FollowerState] INFO  impl.RoleInfo (RoleInfo.java:updateAndGet(130)) - 22c8497a-9e61-48ae-afcc-0cb0db452240: start 22c8497a-9e61-48ae-afcc-0cb0db452240@group-99B4631465CC-LeaderElection24
2022-01-06 13:30:21,030 [22c8497a-9e61-48ae-afcc-0cb0db452240@group-99B4631465CC-LeaderElection24] INFO  impl.LeaderElection (LeaderElection.java:askForVotes(306)) - 22c8497a-9e61-48ae-afcc-0cb0db452240@group-99B4631465CC-LeaderElection24 ELECTION round 0: submit vote requests at term 5 for -1: [129ac5cb-389f-40c7-b14f-a1c1703048e2|rpc:10.1.0.50:43165|priority:0, 30761433-74de-448b-9041-b7efaa078424|rpc:10.1.0.50:41385|priority:0, 22c8497a-9e61-48ae-afcc-0cb0db452240|rpc:10.1.0.50:44975|priority:1], old=null
2022-01-06 13:30:21,046 [grpc-default-executor-2] INFO  server.RaftServer$Division (RaftServerImpl.java:requestVote(1046)) - 129ac5cb-389f-40c7-b14f-a1c1703048e2@group-99B4631465CC: receive requestVote(ELECTION, 22c8497a-9e61-48ae-afcc-0cb0db452240, group-99B4631465CC, 5, (t:0, i:0))
2022-01-06 13:30:21,047 [grpc-default-executor-2] INFO  impl.VoteContext (VoteContext.java:log(48)) - 129ac5cb-389f-40c7-b14f-a1c1703048e2@group-99B4631465CC-FOLLOWER: accept ELECTION from 22c8497a-9e61-48ae-afcc-0cb0db452240: our priority 0 <= candidate's priority 1
2022-01-06 13:30:21,047 [grpc-default-executor-2] INFO  server.RaftServer$Division (RaftServerImpl.java:setRole(290)) - 129ac5cb-389f-40c7-b14f-a1c1703048e2@group-99B4631465CC: changes role from  FOLLOWER to FOLLOWER at term 5 for candidate:22c8497a-9e61-48ae-afcc-0cb0db452240
2022-01-06 13:30:21,047 [grpc-default-executor-2] INFO  impl.RoleInfo (RoleInfo.java:shutdownFollowerState(108)) - 129ac5cb-389f-40c7-b14f-a1c1703048e2: shutdown 129ac5cb-389f-40c7-b14f-a1c1703048e2@group-99B4631465CC-FollowerState
2022-01-06 13:30:21,047 [grpc-default-executor-2] INFO  impl.RoleInfo (RoleInfo.java:updateAndGet(130)) - 129ac5cb-389f-40c7-b14f-a1c1703048e2: start 129ac5cb-389f-40c7-b14f-a1c1703048e2@group-99B4631465CC-FollowerState
2022-01-06 13:30:21,047 [129ac5cb-389f-40c7-b14f-a1c1703048e2@group-99B4631465CC-FollowerState] INFO  impl.FollowerState (FollowerState.java:run(143)) - 129ac5cb-389f-40c7-b14f-a1c1703048e2@group-99B4631465CC-FollowerState was interrupted: {}
java.lang.InterruptedException: sleep interrupted
	at java.lang.Thread.sleep(Native Method)
	at java.lang.Thread.sleep(Thread.java:340)
	at java.util.concurrent.TimeUnit.sleep(TimeUnit.java:386)
	at org.apache.ratis.util.TimeDuration.sleep(TimeDuration.java:324)
	at org.apache.ratis.util.TimeDuration.sleep(TimeDuration.java:309)
	at org.apache.ratis.server.impl.FollowerState.run(FollowerState.java:118)
2022-01-06 13:30:21,047 [grpc-default-executor-1] INFO  server.RaftServer$Division (RaftServerImpl.java:requestVote(1046)) - 30761433-74de-448b-9041-b7efaa078424@group-99B4631465CC: receive requestVote(ELECTION, 22c8497a-9e61-48ae-afcc-0cb0db452240, group-99B4631465CC, 5, (t:0, i:0))
2022-01-06 13:30:21,047 [grpc-default-executor-1] INFO  impl.VoteContext (VoteContext.java:log(48)) - 30761433-74de-448b-9041-b7efaa078424@group-99B4631465CC-FOLLOWER: accept ELECTION from 22c8497a-9e61-48ae-afcc-0cb0db452240: our priority 0 <= candidate's priority 1
2022-01-06 13:30:21,047 [grpc-default-executor-1] INFO  server.RaftServer$Division (RaftServerImpl.java:setRole(290)) - 30761433-74de-448b-9041-b7efaa078424@group-99B4631465CC: changes role from  FOLLOWER to FOLLOWER at term 5 for candidate:22c8497a-9e61-48ae-afcc-0cb0db452240
2022-01-06 13:30:21,047 [grpc-default-executor-1] INFO  impl.RoleInfo (RoleInfo.java:shutdownFollowerState(108)) - 30761433-74de-448b-9041-b7efaa078424: shutdown 30761433-74de-448b-9041-b7efaa078424@group-99B4631465CC-FollowerState
2022-01-06 13:30:21,069 [grpc-default-executor-1] INFO  impl.RoleInfo (RoleInfo.java:updateAndGet(130)) - 30761433-74de-448b-9041-b7efaa078424: start 30761433-74de-448b-9041-b7efaa078424@group-99B4631465CC-FollowerState
2022-01-06 13:30:21,069 [30761433-74de-448b-9041-b7efaa078424@group-99B4631465CC-FollowerState] INFO  impl.FollowerState (FollowerState.java:run(143)) - 30761433-74de-448b-9041-b7efaa078424@group-99B4631465CC-FollowerState was interrupted: {}
java.lang.InterruptedException: sleep interrupted
	at java.lang.Thread.sleep(Native Method)
	at java.lang.Thread.sleep(Thread.java:340)
	at java.util.concurrent.TimeUnit.sleep(TimeUnit.java:386)
	at org.apache.ratis.util.TimeDuration.sleep(TimeDuration.java:324)
	at org.apache.ratis.util.TimeDuration.sleep(TimeDuration.java:309)
	at org.apache.ratis.server.impl.FollowerState.run(FollowerState.java:118)
2022-01-06 13:30:21,071 [grpc-default-executor-1] INFO  server.RaftServer$Division (RaftServerImpl.java:requestVote(1078)) - 30761433-74de-448b-9041-b7efaa078424@group-99B4631465CC replies to ELECTION vote request: 22c8497a-9e61-48ae-afcc-0cb0db452240<-30761433-74de-448b-9041-b7efaa078424#0:OK-t5. Peer's state: 30761433-74de-448b-9041-b7efaa078424@group-99B4631465CC:t5, leader=null, voted=22c8497a-9e61-48ae-afcc-0cb0db452240, raftlog=30761433-74de-448b-9041-b7efaa078424@group-99B4631465CC-SegmentedRaftLog:OPENED:c-1, conf=-1: [129ac5cb-389f-40c7-b14f-a1c1703048e2|rpc:10.1.0.50:43165|priority:0, 30761433-74de-448b-9041-b7efaa078424|rpc:10.1.0.50:41385|priority:0, 22c8497a-9e61-48ae-afcc-0cb0db452240|rpc:10.1.0.50:44975|priority:1], old=null
2022-01-06 13:30:21,076 [grpc-default-executor-2] INFO  server.RaftServer$Division (RaftServerImpl.java:requestVote(1078)) - 129ac5cb-389f-40c7-b14f-a1c1703048e2@group-99B4631465CC replies to ELECTION vote request: 22c8497a-9e61-48ae-afcc-0cb0db452240<-129ac5cb-389f-40c7-b14f-a1c1703048e2#0:OK-t5. Peer's state: 129ac5cb-389f-40c7-b14f-a1c1703048e2@group-99B4631465CC:t5, leader=null, voted=22c8497a-9e61-48ae-afcc-0cb0db452240, raftlog=129ac5cb-389f-40c7-b14f-a1c1703048e2@group-99B4631465CC-SegmentedRaftLog:OPENED:c-1, conf=-1: [129ac5cb-389f-40c7-b14f-a1c1703048e2|rpc:10.1.0.50:43165|dataStream:|priority:0, 30761433-74de-448b-9041-b7efaa078424|rpc:10.1.0.50:41385|dataStream:|priority:0, 22c8497a-9e61-48ae-afcc-0cb0db452240|rpc:10.1.0.50:44975|dataStream:|priority:1], old=null
2022-01-06 13:30:21,087 [22c8497a-9e61-48ae-afcc-0cb0db452240@group-99B4631465CC-LeaderElection24] INFO  impl.LeaderElection (LeaderElection.java:logAndReturn(89)) - 22c8497a-9e61-48ae-afcc-0cb0db452240@group-99B4631465CC-LeaderElection24: ELECTION PASSED received 1 response(s) and 0 exception(s):
2022-01-06 13:30:21,087 [22c8497a-9e61-48ae-afcc-0cb0db452240@group-99B4631465CC-LeaderElection24] INFO  impl.LeaderElection (LeaderElection.java:logAndReturn(93)) -   Response 0: 22c8497a-9e61-48ae-afcc-0cb0db452240<-30761433-74de-448b-9041-b7efaa078424#0:OK-t5
2022-01-06 13:30:21,087 [22c8497a-9e61-48ae-afcc-0cb0db452240@group-99B4631465CC-LeaderElection24] INFO  impl.LeaderElection (LeaderElection.java:askForVotes(308)) - 22c8497a-9e61-48ae-afcc-0cb0db452240@group-99B4631465CC-LeaderElection24 ELECTION round 0: result PASSED
2022-01-06 13:30:21,087 [22c8497a-9e61-48ae-afcc-0cb0db452240@group-99B4631465CC-LeaderElection24] INFO  impl.RoleInfo (RoleInfo.java:shutdownLeaderElection(121)) - 22c8497a-9e61-48ae-afcc-0cb0db452240: shutdown 22c8497a-9e61-48ae-afcc-0cb0db452240@group-99B4631465CC-LeaderElection24
2022-01-06 13:30:21,087 [22c8497a-9e61-48ae-afcc-0cb0db452240@group-99B4631465CC-LeaderElection24] INFO  server.RaftServer$Division (RaftServerImpl.java:setRole(290)) - 22c8497a-9e61-48ae-afcc-0cb0db452240@group-99B4631465CC: changes role from CANDIDATE to LEADER at term 5 for changeToLeader
2022-01-06 13:30:21,087 [22c8497a-9e61-48ae-afcc-0cb0db452240@group-99B4631465CC-LeaderElection24] INFO  ratis.XceiverServerRatis (XceiverServerRatis.java:handleLeaderChangedNotification(866)) - Leader change notification received for group: group-99B4631465CC with new leaderId: 22c8497a-9e61-48ae-afcc-0cb0db452240
2022-01-06 13:30:21,087 [22c8497a-9e61-48ae-afcc-0cb0db452240@group-99B4631465CC-LeaderElection24] INFO  server.RaftServer$Division (ServerState.java:setLeader(285)) - 22c8497a-9e61-48ae-afcc-0cb0db452240@group-99B4631465CC: change Leader from null to 22c8497a-9e61-48ae-afcc-0cb0db452240 at term 5 for becomeLeader, leader elected after 25216ms
2022-01-06 13:30:21,087 [22c8497a-9e61-48ae-afcc-0cb0db452240@group-99B4631465CC-LeaderElection24] INFO  server.RaftServerConfigKeys (ConfUtils.java:logGet(44)) - raft.server.staging.catchup.gap = 1000 (default)
2022-01-06 13:30:21,087 [22c8497a-9e61-48ae-afcc-0cb0db452240@group-99B4631465CC-LeaderElection24] INFO  server.RaftServerConfigKeys (ConfUtils.java:logGet(44)) - raft.server.write.element-limit = 1024 (custom)
2022-01-06 13:30:21,087 [22c8497a-9e61-48ae-afcc-0cb0db452240@group-99B4631465CC-LeaderElection24] INFO  server.RaftServerConfigKeys (ConfUtils.java:logGet(44)) - raft.server.write.byte-limit = 1024 M (=1073741824) (custom)
2022-01-06 13:30:21,088 [22c8497a-9e61-48ae-afcc-0cb0db452240@group-99B4631465CC-LeaderElection24] INFO  server.RaftServerConfigKeys (ConfUtils.java:logGet(44)) - raft.server.watch.timeout = 3000ms (custom)
2022-01-06 13:30:21,088 [22c8497a-9e61-48ae-afcc-0cb0db452240@group-99B4631465CC-LeaderElection24] INFO  server.RaftServerConfigKeys (ConfUtils.java:logGet(44)) - raft.server.watch.timeout.denomination = 1s (default)
2022-01-06 13:30:21,088 [22c8497a-9e61-48ae-afcc-0cb0db452240@group-99B4631465CC-LeaderElection24] INFO  server.RaftServerConfigKeys (ConfUtils.java:logGet(44)) - raft.server.watch.element-limit = 65536 (default)
2022-01-06 13:30:21,088 [22c8497a-9e61-48ae-afcc-0cb0db452240@group-99B4631465CC-LeaderElection24] INFO  server.RaftServerConfigKeys (ConfUtils.java:logGet(44)) - raft.server.write.element-limit = 1024 (custom)
2022-01-06 13:30:21,088 [22c8497a-9e61-48ae-afcc-0cb0db452240@group-99B4631465CC-LeaderElection24] INFO  server.RaftServerConfigKeys (ConfUtils.java:logGet(44)) - raft.server.write.follower.gap.ratio.max = -1.0 (default)
2022-01-06 13:30:21,088 [22c8497a-9e61-48ae-afcc-0cb0db452240@group-99B4631465CC-LeaderElection24] INFO  server.RaftServerConfigKeys (ConfUtils.java:logGet(44)) - raft.server.log.appender.snapshot.chunk.size.max = 16MB (=16777216) (default)
2022-01-06 13:30:21,088 [22c8497a-9e61-48ae-afcc-0cb0db452240@group-99B4631465CC-LeaderElection24] INFO  server.RaftServerConfigKeys (ConfUtils.java:logGet(44)) - raft.server.log.appender.buffer.byte-limit = 33554432 (custom)
2022-01-06 13:30:21,088 [22c8497a-9e61-48ae-afcc-0cb0db452240@group-99B4631465CC-LeaderElection24] INFO  server.RaftServerConfigKeys (ConfUtils.java:logGet(44)) - raft.server.log.appender.buffer.element-limit = 1 (custom)
2022-01-06 13:30:21,088 [22c8497a-9e61-48ae-afcc-0cb0db452240@group-99B4631465CC-LeaderElection24] INFO  grpc.GrpcConfigKeys (ConfUtils.java:logGet(44)) - raft.grpc.server.leader.outstanding.appends.max = 128 (default)
2022-01-06 13:30:21,088 [22c8497a-9e61-48ae-afcc-0cb0db452240@group-99B4631465CC-LeaderElection24] INFO  server.RaftServerConfigKeys (ConfUtils.java:logGet(44)) - raft.server.rpc.request.timeout = 3000ms (default)
2022-01-06 13:30:21,088 [22c8497a-9e61-48ae-afcc-0cb0db452240@group-99B4631465CC-LeaderElection24] INFO  server.RaftServerConfigKeys (ConfUtils.java:logGet(44)) - raft.server.log.appender.install.snapshot.enabled = false (custom)
2022-01-06 13:30:21,094 [22c8497a-9e61-48ae-afcc-0cb0db452240@group-99B4631465CC-LeaderElection24] INFO  server.RaftServerConfigKeys (ConfUtils.java:logGet(44)) - raft.server.log.appender.snapshot.chunk.size.max = 16MB (=16777216) (default)
2022-01-06 13:30:21,095 [22c8497a-9e61-48ae-afcc-0cb0db452240@group-99B4631465CC-LeaderElection24] INFO  server.RaftServerConfigKeys (ConfUtils.java:logGet(44)) - raft.server.log.appender.buffer.byte-limit = 33554432 (custom)
2022-01-06 13:30:21,095 [22c8497a-9e61-48ae-afcc-0cb0db452240@group-99B4631465CC-LeaderElection24] INFO  server.RaftServerConfigKeys (ConfUtils.java:logGet(44)) - raft.server.log.appender.buffer.element-limit = 1 (custom)
2022-01-06 13:30:21,095 [22c8497a-9e61-48ae-afcc-0cb0db452240@group-99B4631465CC-LeaderElection24] INFO  grpc.GrpcConfigKeys (ConfUtils.java:logGet(44)) - raft.grpc.server.leader.outstanding.appends.max = 128 (default)
2022-01-06 13:30:21,095 [22c8497a-9e61-48ae-afcc-0cb0db452240@group-99B4631465CC-LeaderElection24] INFO  server.RaftServerConfigKeys (ConfUtils.java:logGet(44)) - raft.server.rpc.request.timeout = 3000ms (default)
2022-01-06 13:30:21,095 [22c8497a-9e61-48ae-afcc-0cb0db452240@group-99B4631465CC-LeaderElection24] INFO  server.RaftServerConfigKeys (ConfUtils.java:logGet(44)) - raft.server.log.appender.install.snapshot.enabled = false (custom)
2022-01-06 13:30:21,095 [22c8497a-9e61-48ae-afcc-0cb0db452240@group-99B4631465CC-LeaderElection24] INFO  impl.RoleInfo (RoleInfo.java:updateAndGet(130)) - 22c8497a-9e61-48ae-afcc-0cb0db452240: start 22c8497a-9e61-48ae-afcc-0cb0db452240@group-99B4631465CC-LeaderStateImpl
2022-01-06 13:30:21,096 [22c8497a-9e61-48ae-afcc-0cb0db452240@group-99B4631465CC-LeaderElection24] INFO  segmented.SegmentedRaftLogWorker (SegmentedRaftLogWorker.java:startLogSegment(394)) - 22c8497a-9e61-48ae-afcc-0cb0db452240@group-99B4631465CC-SegmentedRaftLogWorker: Starting segment from index:0
2022-01-06 13:30:21,096 [EventQueue-PipelineReportForPipelineReportHandler] INFO  pipeline.PipelineManagerImpl (PipelineManagerImpl.java:openPipeline(291)) - Pipeline Pipeline[ Id: 6e6fbaad-accd-40fc-ad54-99b4631465cc, Nodes: 30761433-74de-448b-9041-b7efaa078424{ip: 10.1.0.50, host: fv-az59-280.csjynl4pkq3e1pkirw3ssqjfoh.cx.internal.cloudapp.net, ports: [REPLICATION=35961, RATIS=41385, RATIS_ADMIN=41385, RATIS_SERVER=41385, STANDALONE=42517], networkLocation: /default-rack, certSerialId: null, persistedOpState: IN_SERVICE, persistedOpStateExpiryEpochSec: 0}129ac5cb-389f-40c7-b14f-a1c1703048e2{ip: 10.1.0.50, host: fv-az59-280.csjynl4pkq3e1pkirw3ssqjfoh.cx.internal.cloudapp.net, ports: [REPLICATION=34521, RATIS=43165, RATIS_ADMIN=43165, RATIS_SERVER=43165, STANDALONE=43115], networkLocation: /default-rack, certSerialId: null, persistedOpState: IN_SERVICE, persistedOpStateExpiryEpochSec: 0}22c8497a-9e61-48ae-afcc-0cb0db452240{ip: 10.1.0.50, host: fv-az59-280.csjynl4pkq3e1pkirw3ssqjfoh.cx.internal.cloudapp.net, ports: [REPLICATION=44323, RATIS=44975, RATIS_ADMIN=44975, RATIS_SERVER=44975, STANDALONE=43543], networkLocation: /default-rack, certSerialId: null, persistedOpState: IN_SERVICE, persistedOpStateExpiryEpochSec: 0}, ReplicationConfig: RATIS/THREE, State:ALLOCATED, leaderId:22c8497a-9e61-48ae-afcc-0cb0db452240, CreationTimestamp2022-01-06T13:29:53.226Z[Etc/UTC]] moved to OPEN state
2022-01-06 13:30:21,097 [22c8497a-9e61-48ae-afcc-0cb0db452240@group-99B4631465CC-SegmentedRaftLogWorker] INFO  segmented.SegmentedRaftLogWorker (SegmentedRaftLogWorker.java:execute(601)) - 22c8497a-9e61-48ae-afcc-0cb0db452240@group-99B4631465CC-SegmentedRaftLogWorker: created new log segment /home/runner/work/ozone/ozone/hadoop-ozone/integration-test/target/test-dir/MiniOzoneClusterImpl-1040910a-51cd-4ce1-8f2d-abd84b974e59/datanode-1/data/ratis/6e6fbaad-accd-40fc-ad54-99b4631465cc/current/log_inprogress_0
2022-01-06 13:30:21,114 [22c8497a-9e61-48ae-afcc-0cb0db452240@group-99B4631465CC-LeaderElection24] INFO  server.RaftServer$Division (ServerState.java:setRaftConf(387)) - 22c8497a-9e61-48ae-afcc-0cb0db452240@group-99B4631465CC: set configuration 0: [129ac5cb-389f-40c7-b14f-a1c1703048e2|rpc:10.1.0.50:43165|dataStream:|priority:0, 30761433-74de-448b-9041-b7efaa078424|rpc:10.1.0.50:41385|dataStream:|priority:0, 22c8497a-9e61-48ae-afcc-0cb0db452240|rpc:10.1.0.50:44975|dataStream:|priority:1], old=null
2022-01-06 13:30:21,116 [grpc-default-executor-2] INFO  ratis.XceiverServerRatis (XceiverServerRatis.java:handleLeaderChangedNotification(866)) - Leader change notification received for group: group-99B4631465CC with new leaderId: 22c8497a-9e61-48ae-afcc-0cb0db452240
2022-01-06 13:30:21,116 [grpc-default-executor-2] INFO  server.RaftServer$Division (ServerState.java:setLeader(285)) - 30761433-74de-448b-9041-b7efaa078424@group-99B4631465CC: change Leader from null to 22c8497a-9e61-48ae-afcc-0cb0db452240 at term 5 for appendEntries, leader elected after 25517ms
2022-01-06 13:30:21,119 [grpc-default-executor-0] INFO  ratis.XceiverServerRatis (XceiverServerRatis.java:handleLeaderChangedNotification(866)) - Leader change notification received for group: group-99B4631465CC with new leaderId: 22c8497a-9e61-48ae-afcc-0cb0db452240
2022-01-06 13:30:21,119 [grpc-default-executor-0] INFO  server.RaftServer$Division (ServerState.java:setLeader(285)) - 129ac5cb-389f-40c7-b14f-a1c1703048e2@group-99B4631465CC: change Leader from null to 22c8497a-9e61-48ae-afcc-0cb0db452240 at term 5 for appendEntries, leader elected after 24908ms
2022-01-06 13:30:21,129 [grpc-default-executor-2] INFO  server.RaftServer$Division (ServerState.java:setRaftConf(387)) - 30761433-74de-448b-9041-b7efaa078424@group-99B4631465CC: set configuration 0: [129ac5cb-389f-40c7-b14f-a1c1703048e2|rpc:10.1.0.50:43165|dataStream:|priority:0, 30761433-74de-448b-9041-b7efaa078424|rpc:10.1.0.50:41385|dataStream:|priority:0, 22c8497a-9e61-48ae-afcc-0cb0db452240|rpc:10.1.0.50:44975|dataStream:|priority:1], old=null
2022-01-06 13:30:21,129 [grpc-default-executor-2] INFO  segmented.SegmentedRaftLogWorker (SegmentedRaftLogWorker.java:startLogSegment(394)) - 30761433-74de-448b-9041-b7efaa078424@group-99B4631465CC-SegmentedRaftLogWorker: Starting segment from index:0
2022-01-06 13:30:21,130 [30761433-74de-448b-9041-b7efaa078424@group-99B4631465CC-SegmentedRaftLogWorker] INFO  segmented.SegmentedRaftLogWorker (SegmentedRaftLogWorker.java:execute(601)) - 30761433-74de-448b-9041-b7efaa078424@group-99B4631465CC-SegmentedRaftLogWorker: created new log segment /home/runner/work/ozone/ozone/hadoop-ozone/integration-test/target/test-dir/MiniOzoneClusterImpl-1040910a-51cd-4ce1-8f2d-abd84b974e59/datanode-0/data/ratis/6e6fbaad-accd-40fc-ad54-99b4631465cc/current/log_inprogress_0
2022-01-06 13:30:21,153 [grpc-default-executor-2] INFO  server.RaftServer$Division (ServerState.java:setRaftConf(387)) - 129ac5cb-389f-40c7-b14f-a1c1703048e2@group-99B4631465CC: set configuration 0: [129ac5cb-389f-40c7-b14f-a1c1703048e2|rpc:10.1.0.50:43165|dataStream:|priority:0, 30761433-74de-448b-9041-b7efaa078424|rpc:10.1.0.50:41385|dataStream:|priority:0, 22c8497a-9e61-48ae-afcc-0cb0db452240|rpc:10.1.0.50:44975|dataStream:|priority:1], old=null
2022-01-06 13:30:21,153 [grpc-default-executor-2] INFO  segmented.SegmentedRaftLogWorker (SegmentedRaftLogWorker.java:startLogSegment(394)) - 129ac5cb-389f-40c7-b14f-a1c1703048e2@group-99B4631465CC-SegmentedRaftLogWorker: Starting segment from index:0
2022-01-06 13:30:21,154 [129ac5cb-389f-40c7-b14f-a1c1703048e2@group-99B4631465CC-SegmentedRaftLogWorker] INFO  segmented.SegmentedRaftLogWorker (SegmentedRaftLogWorker.java:execute(601)) - 129ac5cb-389f-40c7-b14f-a1c1703048e2@group-99B4631465CC-SegmentedRaftLogWorker: created new log segment /home/runner/work/ozone/ozone/hadoop-ozone/integration-test/target/test-dir/MiniOzoneClusterImpl-1040910a-51cd-4ce1-8f2d-abd84b974e59/datanode-2/data/ratis/6e6fbaad-accd-40fc-ad54-99b4631465cc/current/log_inprogress_0
2022-01-06 13:30:21,328 [Listener at 127.0.0.1/36535] INFO  ozone.MiniOzoneClusterImpl (MiniOzoneClusterImpl.java:shutdown(453)) - Shutting down the Mini Ozone Cluster
2022-01-06 13:30:21,329 [Listener at 127.0.0.1/36535] INFO  ozone.MiniOzoneClusterImpl (MiniOzoneClusterImpl.java:stop(468)) - Stopping the Mini Ozone Cluster
2022-01-06 13:30:21,329 [Listener at 127.0.0.1/36535] INFO  ozone.MiniOzoneClusterImpl (MiniOzoneClusterImpl.java:stopOM(550)) - Stopping the OzoneManager
2022-01-06 13:30:21,329 [Listener at 127.0.0.1/36535] INFO  om.OzoneManager (OzoneManager.java:stop(1893)) - om1[localhost:0]: Stopping Ozone Manager
2022-01-06 13:30:21,329 [Listener at 127.0.0.1/36535] INFO  ipc.Server (Server.java:stop(3414)) - Stopping server on 36535
2022-01-06 13:30:21,335 [IPC Server listener on 0] INFO  ipc.Server (Server.java:run(1376)) - Stopping IPC Server listener on 0
2022-01-06 13:30:21,336 [IPC Server Responder] INFO  ipc.Server (Server.java:run(1512)) - Stopping IPC Server Responder
2022-01-06 13:30:21,337 [Listener at 127.0.0.1/36535] INFO  server.RaftServer (RaftServerProxy.java:lambda$close$6(391)) - om1: close
2022-01-06 13:30:21,338 [Listener at 127.0.0.1/36535] INFO  server.RaftServer$Division (RaftServerImpl.java:lambda$close$4(412)) - om1@group-C5BA1605619E: shutdown
2022-01-06 13:30:21,338 [Listener at 127.0.0.1/36535] INFO  util.JmxRegister (JmxRegister.java:unregister(73)) - Successfully un-registered JMX Bean with object name Ratis:service=RaftServer,group=group-C5BA1605619E,id=om1
2022-01-06 13:30:21,338 [Listener at 127.0.0.1/36535] INFO  impl.RoleInfo (RoleInfo.java:shutdownLeaderState(91)) - om1: shutdown om1@group-C5BA1605619E-LeaderStateImpl
2022-01-06 13:30:21,339 [Listener at 127.0.0.1/36535] INFO  impl.PendingRequests (PendingRequests.java:sendNotLeaderResponses(282)) - om1@group-C5BA1605619E-PendingRequests: sendNotLeaderResponses
2022-01-06 13:30:21,343 [Listener at 127.0.0.1/36535] INFO  impl.StateMachineUpdater (StateMachineUpdater.java:stopAndJoin(149)) - om1@group-C5BA1605619E-StateMachineUpdater: set stopIndex = 8
2022-01-06 13:30:21,344 [om1@group-C5BA1605619E-StateMachineUpdater] INFO  ratis.OzoneManagerStateMachine (OzoneManagerStateMachine.java:takeSnapshot(417)) - Current Snapshot Index (t:1, i:8)
2022-01-06 13:30:21,345 [om1@group-C5BA1605619E-StateMachineUpdater] INFO  impl.StateMachineUpdater (StateMachineUpdater.java:takeSnapshot(281)) - om1@group-C5BA1605619E-StateMachineUpdater: Took a snapshot at index 8
2022-01-06 13:30:21,349 [om1@group-C5BA1605619E-StateMachineUpdater] INFO  impl.StateMachineUpdater (StateMachineUpdater.java:lambda$new$0(89)) - om1@group-C5BA1605619E-StateMachineUpdater: snapshotIndex: updateIncreasingly -1 -> 8
2022-01-06 13:30:21,349 [om1@group-C5BA1605619E-StateMachineUpdater] INFO  ratis.OzoneManagerStateMachine (OzoneManagerStateMachine.java:close(471)) - StateMachine has shutdown. Shutdown OzoneManager if not already shutdown.
2022-01-06 13:30:21,349 [Listener at 127.0.0.1/36535] INFO  server.RaftServer$Division (ServerState.java:close(419)) - om1@group-C5BA1605619E: closes. applyIndex: 8
2022-01-06 13:30:21,350 [om1@group-C5BA1605619E-SegmentedRaftLogWorker] INFO  segmented.SegmentedRaftLogWorker (SegmentedRaftLogWorker.java:run(327)) - om1@group-C5BA1605619E-SegmentedRaftLogWorker was interrupted, exiting. There are 0 tasks remaining in the queue.
2022-01-06 13:30:21,351 [Listener at 127.0.0.1/36535] INFO  segmented.SegmentedRaftLogWorker (SegmentedRaftLogWorker.java:close(237)) - om1@group-C5BA1605619E-SegmentedRaftLogWorker close()
2022-01-06 13:30:21,352 [Listener at 127.0.0.1/36535] INFO  server.GrpcService (GrpcService.java:closeImpl(262)) - om1: shutdown server with port 9872 now
2022-01-06 13:30:21,354 [Listener at 127.0.0.1/36535] INFO  server.GrpcService (GrpcService.java:closeImpl(271)) - om1: shutdown server with port 9872 successfully
2022-01-06 13:30:21,354 [org.apache.ratis.util.JvmPauseMonitor$$Lambda$539/55753935@70d3e710] INFO  util.JvmPauseMonitor (JvmPauseMonitor.java:run(109)) - JvmPauseMonitor-om1: Stopped
2022-01-06 13:30:21,355 [Listener at 127.0.0.1/36535] INFO  ratis.OzoneManagerDoubleBuffer (OzoneManagerDoubleBuffer.java:stop(437)) - Stopping OMDoubleBuffer flush thread
2022-01-06 13:30:21,355 [OMDoubleBufferFlushThread] INFO  ratis.OzoneManagerDoubleBuffer (OzoneManagerDoubleBuffer.java:flushTransactions(356)) - OMDoubleBuffer flush thread OMDoubleBufferFlushThread is interrupted and will exit. OMDoubleBufferFlushThread
2022-01-06 13:30:21,356 [Listener at 127.0.0.1/36535] INFO  utils.BackgroundService (BackgroundService.java:shutdown(132)) - Shutting down service KeyDeletingService
2022-01-06 13:30:21,356 [Listener at 127.0.0.1/36535] INFO  utils.BackgroundService (BackgroundService.java:shutdown(132)) - Shutting down service DirectoryDeletingService
2022-01-06 13:30:21,358 [Listener at 127.0.0.1/36535] INFO  handler.ContextHandler (ContextHandler.java:doStop(1153)) - Stopped o.e.j.w.WebAppContext@6dace32a{ozoneManager,/,null,STOPPED}{file:/home/runner/work/ozone/ozone/hadoop-ozone/integration-test/target/test-classes/webapps/ozoneManager}
2022-01-06 13:30:21,362 [Listener at 127.0.0.1/36535] INFO  server.AbstractConnector (AbstractConnector.java:doStop(381)) - Stopped ServerConnector@510ee215{HTTP/1.1, (http/1.1)}{0.0.0.0:0}
2022-01-06 13:30:21,362 [Listener at 127.0.0.1/36535] INFO  server.session (HouseKeeper.java:stopScavenging(149)) - node0 Stopped scavenging
2022-01-06 13:30:21,363 [Listener at 127.0.0.1/36535] INFO  handler.ContextHandler (ContextHandler.java:doStop(1153)) - Stopped o.e.j.s.ServletContextHandler@1ed43328{static,/static,file:///home/runner/work/ozone/ozone/hadoop-ozone/integration-test/target/test-classes/webapps/static,STOPPED}
2022-01-06 13:30:21,363 [Listener at 127.0.0.1/36535] INFO  handler.ContextHandler (ContextHandler.java:doStop(1153)) - Stopped o.e.j.s.ServletContextHandler@57e273e0{logs,/logs,file:///home/runner/work/ozone/ozone/hadoop-ozone/integration-test/target/log,STOPPED}
2022-01-06 13:30:21,365 [Listener at 127.0.0.1/36535] INFO  ozone.MiniOzoneClusterImpl (MiniOzoneClusterImpl.java:stopDatanodes(527)) - Stopping the HddsDatanodes
2022-01-06 13:30:22,037 [f94be414-d4cd-4929-99d0-8f9eafd02643@group-F1D01D8A5C73-FollowerState] INFO  impl.FollowerState (FollowerState.java:run(134)) - f94be414-d4cd-4929-99d0-8f9eafd02643@group-F1D01D8A5C73-FollowerState: change to CANDIDATE, lastRpcElapsedTime:5114854763ns, electionTimeout:5106ms
2022-01-06 13:30:22,037 [f94be414-d4cd-4929-99d0-8f9eafd02643@group-F1D01D8A5C73-FollowerState] INFO  impl.RoleInfo (RoleInfo.java:shutdownFollowerState(108)) - f94be414-d4cd-4929-99d0-8f9eafd02643: shutdown f94be414-d4cd-4929-99d0-8f9eafd02643@group-F1D01D8A5C73-FollowerState
2022-01-06 13:30:22,037 [f94be414-d4cd-4929-99d0-8f9eafd02643@group-F1D01D8A5C73-FollowerState] INFO  server.RaftServer$Division (RaftServerImpl.java:setRole(290)) - f94be414-d4cd-4929-99d0-8f9eafd02643@group-F1D01D8A5C73: changes role from  FOLLOWER to CANDIDATE at term 5 for changeToCandidate
2022-01-06 13:30:22,037 [f94be414-d4cd-4929-99d0-8f9eafd02643@group-F1D01D8A5C73-FollowerState] INFO  server.RaftServerConfigKeys (ConfUtils.java:logGet(44)) - raft.server.leaderelection.pre-vote = false (custom)
2022-01-06 13:30:22,038 [f94be414-d4cd-4929-99d0-8f9eafd02643@group-F1D01D8A5C73-FollowerState] INFO  impl.RoleInfo (RoleInfo.java:updateAndGet(130)) - f94be414-d4cd-4929-99d0-8f9eafd02643: start f94be414-d4cd-4929-99d0-8f9eafd02643@group-F1D01D8A5C73-LeaderElection25
2022-01-06 13:30:22,040 [f94be414-d4cd-4929-99d0-8f9eafd02643@group-F1D01D8A5C73-LeaderElection25] INFO  impl.LeaderElection (LeaderElection.java:askForVotes(306)) - f94be414-d4cd-4929-99d0-8f9eafd02643@group-F1D01D8A5C73-LeaderElection25 ELECTION round 0: submit vote requests at term 6 for 0: [f94be414-d4cd-4929-99d0-8f9eafd02643|rpc:10.1.0.50:45415|dataStream:|priority:1, a3271a13-46d8-4b51-acff-5e832eb04f76|rpc:10.1.0.50:39137|dataStream:|priority:0, 832710ff-70fd-4195-974e-450d8fd5944e|rpc:10.1.0.50:39399|dataStream:|priority:0], old=null
2022-01-06 13:30:22,043 [grpc-default-executor-1] INFO  server.RaftServer$Division (RaftServerImpl.java:requestVote(1046)) - 832710ff-70fd-4195-974e-450d8fd5944e@group-F1D01D8A5C73: receive requestVote(ELECTION, f94be414-d4cd-4929-99d0-8f9eafd02643, group-F1D01D8A5C73, 6, (t:2, i:0))
2022-01-06 13:30:22,044 [grpc-default-executor-1] INFO  impl.VoteContext (VoteContext.java:log(48)) - 832710ff-70fd-4195-974e-450d8fd5944e@group-F1D01D8A5C73-FOLLOWER: accept ELECTION from f94be414-d4cd-4929-99d0-8f9eafd02643: our last entry null < candidate's last entry (t:2, i:0)
2022-01-06 13:30:22,044 [grpc-default-executor-1] INFO  server.RaftServer$Division (RaftServerImpl.java:setRole(290)) - 832710ff-70fd-4195-974e-450d8fd5944e@group-F1D01D8A5C73: changes role from  FOLLOWER to FOLLOWER at term 6 for candidate:f94be414-d4cd-4929-99d0-8f9eafd02643
2022-01-06 13:30:22,044 [grpc-default-executor-1] INFO  impl.RoleInfo (RoleInfo.java:shutdownFollowerState(108)) - 832710ff-70fd-4195-974e-450d8fd5944e: shutdown 832710ff-70fd-4195-974e-450d8fd5944e@group-F1D01D8A5C73-FollowerState
2022-01-06 13:30:22,044 [grpc-default-executor-1] INFO  impl.RoleInfo (RoleInfo.java:updateAndGet(130)) - 832710ff-70fd-4195-974e-450d8fd5944e: start 832710ff-70fd-4195-974e-450d8fd5944e@group-F1D01D8A5C73-FollowerState
2022-01-06 13:30:22,044 [832710ff-70fd-4195-974e-450d8fd5944e@group-F1D01D8A5C73-FollowerState] INFO  impl.FollowerState (FollowerState.java:run(143)) - 832710ff-70fd-4195-974e-450d8fd5944e@group-F1D01D8A5C73-FollowerState was interrupted: {}
java.lang.InterruptedException: sleep interrupted
	at java.lang.Thread.sleep(Native Method)
	at java.lang.Thread.sleep(Thread.java:340)
	at java.util.concurrent.TimeUnit.sleep(TimeUnit.java:386)
	at org.apache.ratis.util.TimeDuration.sleep(TimeDuration.java:324)
	at org.apache.ratis.util.TimeDuration.sleep(TimeDuration.java:309)
	at org.apache.ratis.server.impl.FollowerState.run(FollowerState.java:118)
2022-01-06 13:30:22,046 [grpc-default-executor-1] INFO  server.RaftServer$Division (RaftServerImpl.java:requestVote(1078)) - 832710ff-70fd-4195-974e-450d8fd5944e@group-F1D01D8A5C73 replies to ELECTION vote request: f94be414-d4cd-4929-99d0-8f9eafd02643<-832710ff-70fd-4195-974e-450d8fd5944e#0:OK-t6. Peer's state: 832710ff-70fd-4195-974e-450d8fd5944e@group-F1D01D8A5C73:t6, leader=null, voted=f94be414-d4cd-4929-99d0-8f9eafd02643, raftlog=832710ff-70fd-4195-974e-450d8fd5944e@group-F1D01D8A5C73-SegmentedRaftLog:OPENED:c-1, conf=-1: [f94be414-d4cd-4929-99d0-8f9eafd02643|rpc:10.1.0.50:45415|dataStream:|priority:1, a3271a13-46d8-4b51-acff-5e832eb04f76|rpc:10.1.0.50:39137|dataStream:|priority:0, 832710ff-70fd-4195-974e-450d8fd5944e|rpc:10.1.0.50:39399|dataStream:|priority:0], old=null
2022-01-06 13:30:22,047 [grpc-default-executor-1] INFO  server.RaftServer$Division (RaftServerImpl.java:requestVote(1046)) - a3271a13-46d8-4b51-acff-5e832eb04f76@group-F1D01D8A5C73: receive requestVote(ELECTION, f94be414-d4cd-4929-99d0-8f9eafd02643, group-F1D01D8A5C73, 6, (t:2, i:0))
2022-01-06 13:30:22,047 [grpc-default-executor-1] INFO  impl.VoteContext (VoteContext.java:log(48)) - a3271a13-46d8-4b51-acff-5e832eb04f76@group-F1D01D8A5C73-FOLLOWER: accept ELECTION from f94be414-d4cd-4929-99d0-8f9eafd02643: our last entry null < candidate's last entry (t:2, i:0)
2022-01-06 13:30:22,047 [grpc-default-executor-1] INFO  server.RaftServer$Division (RaftServerImpl.java:setRole(290)) - a3271a13-46d8-4b51-acff-5e832eb04f76@group-F1D01D8A5C73: changes role from  FOLLOWER to FOLLOWER at term 6 for candidate:f94be414-d4cd-4929-99d0-8f9eafd02643
2022-01-06 13:30:22,047 [grpc-default-executor-1] INFO  impl.RoleInfo (RoleInfo.java:shutdownFollowerState(108)) - a3271a13-46d8-4b51-acff-5e832eb04f76: shutdown a3271a13-46d8-4b51-acff-5e832eb04f76@group-F1D01D8A5C73-FollowerState
2022-01-06 13:30:22,047 [grpc-default-executor-1] INFO  impl.RoleInfo (RoleInfo.java:updateAndGet(130)) - a3271a13-46d8-4b51-acff-5e832eb04f76: start a3271a13-46d8-4b51-acff-5e832eb04f76@group-F1D01D8A5C73-FollowerState
2022-01-06 13:30:22,047 [a3271a13-46d8-4b51-acff-5e832eb04f76@group-F1D01D8A5C73-FollowerState] INFO  impl.FollowerState (FollowerState.java:run(143)) - a3271a13-46d8-4b51-acff-5e832eb04f76@group-F1D01D8A5C73-FollowerState was interrupted: {}
java.lang.InterruptedException: sleep interrupted
	at java.lang.Thread.sleep(Native Method)
	at java.lang.Thread.sleep(Thread.java:340)
	at java.util.concurrent.TimeUnit.sleep(TimeUnit.java:386)
	at org.apache.ratis.util.TimeDuration.sleep(TimeDuration.java:324)
	at org.apache.ratis.util.TimeDuration.sleep(TimeDuration.java:309)
	at org.apache.ratis.server.impl.FollowerState.run(FollowerState.java:118)
2022-01-06 13:30:22,049 [grpc-default-executor-1] INFO  server.RaftServer$Division (RaftServerImpl.java:requestVote(1078)) - a3271a13-46d8-4b51-acff-5e832eb04f76@group-F1D01D8A5C73 replies to ELECTION vote request: f94be414-d4cd-4929-99d0-8f9eafd02643<-a3271a13-46d8-4b51-acff-5e832eb04f76#0:OK-t6. Peer's state: a3271a13-46d8-4b51-acff-5e832eb04f76@group-F1D01D8A5C73:t6, leader=null, voted=f94be414-d4cd-4929-99d0-8f9eafd02643, raftlog=a3271a13-46d8-4b51-acff-5e832eb04f76@group-F1D01D8A5C73-SegmentedRaftLog:OPENED:c-1, conf=-1: [f94be414-d4cd-4929-99d0-8f9eafd02643|rpc:10.1.0.50:45415|dataStream:|priority:1, a3271a13-46d8-4b51-acff-5e832eb04f76|rpc:10.1.0.50:39137|dataStream:|priority:0, 832710ff-70fd-4195-974e-450d8fd5944e|rpc:10.1.0.50:39399|dataStream:|priority:0], old=null
2022-01-06 13:30:22,050 [f94be414-d4cd-4929-99d0-8f9eafd02643@group-F1D01D8A5C73-LeaderElection25] INFO  impl.LeaderElection (LeaderElection.java:logAndReturn(89)) - f94be414-d4cd-4929-99d0-8f9eafd02643@group-F1D01D8A5C73-LeaderElection25: ELECTION PASSED received 1 response(s) and 0 exception(s):
2022-01-06 13:30:22,050 [f94be414-d4cd-4929-99d0-8f9eafd02643@group-F1D01D8A5C73-LeaderElection25] INFO  impl.LeaderElection (LeaderElection.java:logAndReturn(93)) -   Response 0: f94be414-d4cd-4929-99d0-8f9eafd02643<-a3271a13-46d8-4b51-acff-5e832eb04f76#0:OK-t6
2022-01-06 13:30:22,050 [f94be414-d4cd-4929-99d0-8f9eafd02643@group-F1D01D8A5C73-LeaderElection25] INFO  impl.LeaderElection (LeaderElection.java:askForVotes(308)) - f94be414-d4cd-4929-99d0-8f9eafd02643@group-F1D01D8A5C73-LeaderElection25 ELECTION round 0: result PASSED
2022-01-06 13:30:22,050 [f94be414-d4cd-4929-99d0-8f9eafd02643@group-F1D01D8A5C73-LeaderElection25] INFO  impl.RoleInfo (RoleInfo.java:shutdownLeaderElection(121)) - f94be414-d4cd-4929-99d0-8f9eafd02643: shutdown f94be414-d4cd-4929-99d0-8f9eafd02643@group-F1D01D8A5C73-LeaderElection25
2022-01-06 13:30:22,050 [f94be414-d4cd-4929-99d0-8f9eafd02643@group-F1D01D8A5C73-LeaderElection25] INFO  server.RaftServer$Division (RaftServerImpl.java:setRole(290)) - f94be414-d4cd-4929-99d0-8f9eafd02643@group-F1D01D8A5C73: changes role from CANDIDATE to LEADER at term 6 for changeToLeader
2022-01-06 13:30:22,050 [f94be414-d4cd-4929-99d0-8f9eafd02643@group-F1D01D8A5C73-LeaderElection25] INFO  ratis.XceiverServerRatis (XceiverServerRatis.java:handleLeaderChangedNotification(866)) - Leader change notification received for group: group-F1D01D8A5C73 with new leaderId: f94be414-d4cd-4929-99d0-8f9eafd02643
2022-01-06 13:30:22,050 [f94be414-d4cd-4929-99d0-8f9eafd02643@group-F1D01D8A5C73-LeaderElection25] INFO  server.RaftServer$Division (ServerState.java:setLeader(285)) - f94be414-d4cd-4929-99d0-8f9eafd02643@group-F1D01D8A5C73: change Leader from null to f94be414-d4cd-4929-99d0-8f9eafd02643 at term 6 for becomeLeader, leader elected after 15342ms
2022-01-06 13:30:22,050 [f94be414-d4cd-4929-99d0-8f9eafd02643@group-F1D01D8A5C73-LeaderElection25] INFO  server.RaftServerConfigKeys (ConfUtils.java:logGet(44)) - raft.server.staging.catchup.gap = 1000 (default)
2022-01-06 13:30:22,050 [f94be414-d4cd-4929-99d0-8f9eafd02643@group-F1D01D8A5C73-LeaderElection25] INFO  server.RaftServerConfigKeys (ConfUtils.java:logGet(44)) - raft.server.write.element-limit = 1024 (custom)
2022-01-06 13:30:22,050 [f94be414-d4cd-4929-99d0-8f9eafd02643@group-F1D01D8A5C73-LeaderElection25] INFO  server.RaftServerConfigKeys (ConfUtils.java:logGet(44)) - raft.server.write.byte-limit = 1024 M (=1073741824) (custom)
2022-01-06 13:30:22,051 [f94be414-d4cd-4929-99d0-8f9eafd02643@group-F1D01D8A5C73-LeaderElection25] INFO  server.RaftServerConfigKeys (ConfUtils.java:logGet(44)) - raft.server.watch.timeout = 3000ms (custom)
2022-01-06 13:30:22,051 [f94be414-d4cd-4929-99d0-8f9eafd02643@group-F1D01D8A5C73-LeaderElection25] INFO  server.RaftServerConfigKeys (ConfUtils.java:logGet(44)) - raft.server.watch.timeout.denomination = 1s (default)
2022-01-06 13:30:22,051 [f94be414-d4cd-4929-99d0-8f9eafd02643@group-F1D01D8A5C73-LeaderElection25] INFO  server.RaftServerConfigKeys (ConfUtils.java:logGet(44)) - raft.server.watch.element-limit = 65536 (default)
2022-01-06 13:30:22,051 [f94be414-d4cd-4929-99d0-8f9eafd02643@group-F1D01D8A5C73-LeaderElection25] INFO  server.RaftServerConfigKeys (ConfUtils.java:logGet(44)) - raft.server.write.element-limit = 1024 (custom)
2022-01-06 13:30:22,051 [f94be414-d4cd-4929-99d0-8f9eafd02643@group-F1D01D8A5C73-LeaderElection25] INFO  server.RaftServerConfigKeys (ConfUtils.java:logGet(44)) - raft.server.write.follower.gap.ratio.max = -1.0 (default)
2022-01-06 13:30:22,051 [f94be414-d4cd-4929-99d0-8f9eafd02643@group-F1D01D8A5C73-LeaderElection25] INFO  server.RaftServerConfigKeys (ConfUtils.java:logGet(44)) - raft.server.log.appender.snapshot.chunk.size.max = 16MB (=16777216) (default)
2022-01-06 13:30:22,051 [f94be414-d4cd-4929-99d0-8f9eafd02643@group-F1D01D8A5C73-LeaderElection25] INFO  server.RaftServerConfigKeys (ConfUtils.java:logGet(44)) - raft.server.log.appender.buffer.byte-limit = 33554432 (custom)
2022-01-06 13:30:22,051 [f94be414-d4cd-4929-99d0-8f9eafd02643@group-F1D01D8A5C73-LeaderElection25] INFO  server.RaftServerConfigKeys (ConfUtils.java:logGet(44)) - raft.server.log.appender.buffer.element-limit = 1 (custom)
2022-01-06 13:30:22,051 [f94be414-d4cd-4929-99d0-8f9eafd02643@group-F1D01D8A5C73-LeaderElection25] INFO  grpc.GrpcConfigKeys (ConfUtils.java:logGet(44)) - raft.grpc.server.leader.outstanding.appends.max = 128 (default)
2022-01-06 13:30:22,051 [f94be414-d4cd-4929-99d0-8f9eafd02643@group-F1D01D8A5C73-LeaderElection25] INFO  server.RaftServerConfigKeys (ConfUtils.java:logGet(44)) - raft.server.rpc.request.timeout = 3000ms (default)
2022-01-06 13:30:22,051 [f94be414-d4cd-4929-99d0-8f9eafd02643@group-F1D01D8A5C73-LeaderElection25] INFO  server.RaftServerConfigKeys (ConfUtils.java:logGet(44)) - raft.server.log.appender.install.snapshot.enabled = false (custom)
2022-01-06 13:30:22,052 [f94be414-d4cd-4929-99d0-8f9eafd02643@group-F1D01D8A5C73-LeaderElection25] INFO  server.RaftServerConfigKeys (ConfUtils.java:logGet(44)) - raft.server.log.appender.snapshot.chunk.size.max = 16MB (=16777216) (default)
2022-01-06 13:30:22,052 [f94be414-d4cd-4929-99d0-8f9eafd02643@group-F1D01D8A5C73-LeaderElection25] INFO  server.RaftServerConfigKeys (ConfUtils.java:logGet(44)) - raft.server.log.appender.buffer.byte-limit = 33554432 (custom)
2022-01-06 13:30:22,052 [f94be414-d4cd-4929-99d0-8f9eafd02643@group-F1D01D8A5C73-LeaderElection25] INFO  server.RaftServerConfigKeys (ConfUtils.java:logGet(44)) - raft.server.log.appender.buffer.element-limit = 1 (custom)
2022-01-06 13:30:22,052 [f94be414-d4cd-4929-99d0-8f9eafd02643@group-F1D01D8A5C73-LeaderElection25] INFO  grpc.GrpcConfigKeys (ConfUtils.java:logGet(44)) - raft.grpc.server.leader.outstanding.appends.max = 128 (default)
2022-01-06 13:30:22,052 [f94be414-d4cd-4929-99d0-8f9eafd02643@group-F1D01D8A5C73-LeaderElection25] INFO  server.RaftServerConfigKeys (ConfUtils.java:logGet(44)) - raft.server.rpc.request.timeout = 3000ms (default)
2022-01-06 13:30:22,052 [f94be414-d4cd-4929-99d0-8f9eafd02643@group-F1D01D8A5C73-LeaderElection25] INFO  server.RaftServerConfigKeys (ConfUtils.java:logGet(44)) - raft.server.log.appender.install.snapshot.enabled = false (custom)
2022-01-06 13:30:22,052 [f94be414-d4cd-4929-99d0-8f9eafd02643@group-F1D01D8A5C73-LeaderElection25] INFO  impl.RoleInfo (RoleInfo.java:updateAndGet(130)) - f94be414-d4cd-4929-99d0-8f9eafd02643: start f94be414-d4cd-4929-99d0-8f9eafd02643@group-F1D01D8A5C73-LeaderStateImpl
2022-01-06 13:30:22,053 [f94be414-d4cd-4929-99d0-8f9eafd02643@group-F1D01D8A5C73-LeaderElection25] INFO  segmented.SegmentedRaftLogWorker (SegmentedRaftLogWorker.java:rollLogSegment(399)) - f94be414-d4cd-4929-99d0-8f9eafd02643@group-F1D01D8A5C73-SegmentedRaftLogWorker: Rolling segment log-0_0 to index:0
2022-01-06 13:30:22,054 [f94be414-d4cd-4929-99d0-8f9eafd02643@group-F1D01D8A5C73-SegmentedRaftLogWorker] INFO  segmented.SegmentedRaftLogWorker (SegmentedRaftLogWorker.java:execute(558)) - f94be414-d4cd-4929-99d0-8f9eafd02643@group-F1D01D8A5C73-SegmentedRaftLogWorker: Rolled log segment from /home/runner/work/ozone/ozone/hadoop-ozone/integration-test/target/test-dir/MiniOzoneClusterImpl-1040910a-51cd-4ce1-8f2d-abd84b974e59/datanode-3/data/ratis/11925957-c949-41db-84e3-f1d01d8a5c73/current/log_inprogress_0 to /home/runner/work/ozone/ozone/hadoop-ozone/integration-test/target/test-dir/MiniOzoneClusterImpl-1040910a-51cd-4ce1-8f2d-abd84b974e59/datanode-3/data/ratis/11925957-c949-41db-84e3-f1d01d8a5c73/current/log_0-0
2022-01-06 13:30:22,056 [f94be414-d4cd-4929-99d0-8f9eafd02643@group-F1D01D8A5C73-SegmentedRaftLogWorker] INFO  segmented.SegmentedRaftLogWorker (SegmentedRaftLogWorker.java:execute(601)) - f94be414-d4cd-4929-99d0-8f9eafd02643@group-F1D01D8A5C73-SegmentedRaftLogWorker: created new log segment /home/runner/work/ozone/ozone/hadoop-ozone/integration-test/target/test-dir/MiniOzoneClusterImpl-1040910a-51cd-4ce1-8f2d-abd84b974e59/datanode-3/data/ratis/11925957-c949-41db-84e3-f1d01d8a5c73/current/log_inprogress_1
2022-01-06 13:30:22,061 [f94be414-d4cd-4929-99d0-8f9eafd02643@group-F1D01D8A5C73-LeaderElection25] INFO  server.RaftServer$Division (ServerState.java:setRaftConf(387)) - f94be414-d4cd-4929-99d0-8f9eafd02643@group-F1D01D8A5C73: set configuration 1: [f94be414-d4cd-4929-99d0-8f9eafd02643|rpc:10.1.0.50:45415|dataStream:|priority:1, a3271a13-46d8-4b51-acff-5e832eb04f76|rpc:10.1.0.50:39137|dataStream:|priority:0, 832710ff-70fd-4195-974e-450d8fd5944e|rpc:10.1.0.50:39399|dataStream:|priority:0], old=null
2022-01-06 13:30:22,063 [grpc-default-executor-2] INFO  ratis.XceiverServerRatis (XceiverServerRatis.java:handleLeaderChangedNotification(866)) - Leader change notification received for group: group-F1D01D8A5C73 with new leaderId: f94be414-d4cd-4929-99d0-8f9eafd02643
2022-01-06 13:30:22,063 [grpc-default-executor-2] INFO  server.RaftServer$Division (ServerState.java:setLeader(285)) - 832710ff-70fd-4195-974e-450d8fd5944e@group-F1D01D8A5C73: change Leader from null to f94be414-d4cd-4929-99d0-8f9eafd02643 at term 6 for appendEntries, leader elected after 25528ms
2022-01-06 13:30:22,063 [grpc-default-executor-2] INFO  server.RaftServer$Division (RaftServerImpl.java:checkInconsistentAppendEntries(1322)) - 832710ff-70fd-4195-974e-450d8fd5944e@group-F1D01D8A5C73: Failed appendEntries as previous log entry ((t:2, i:0)) is not found
2022-01-06 13:30:22,063 [grpc-default-executor-2] INFO  server.RaftServer$Division (RaftServerImpl.java:checkInconsistentAppendEntries(1288)) - 832710ff-70fd-4195-974e-450d8fd5944e@group-F1D01D8A5C73: inconsistency entries. Reply:f94be414-d4cd-4929-99d0-8f9eafd02643<-832710ff-70fd-4195-974e-450d8fd5944e#0:FAIL-t6,INCONSISTENCY,nextIndex=0,followerCommit=-1
2022-01-06 13:30:22,065 [grpc-default-executor-2] INFO  leader.FollowerInfo (FollowerInfoImpl.java:lambda$new$0(47)) - f94be414-d4cd-4929-99d0-8f9eafd02643@group-F1D01D8A5C73->832710ff-70fd-4195-974e-450d8fd5944e: nextIndex: updateUnconditionally 1 -> 0
2022-01-06 13:30:22,067 [grpc-default-executor-2] INFO  ratis.XceiverServerRatis (XceiverServerRatis.java:handleLeaderChangedNotification(866)) - Leader change notification received for group: group-F1D01D8A5C73 with new leaderId: f94be414-d4cd-4929-99d0-8f9eafd02643
2022-01-06 13:30:22,067 [grpc-default-executor-2] INFO  server.RaftServer$Division (ServerState.java:setLeader(285)) - a3271a13-46d8-4b51-acff-5e832eb04f76@group-F1D01D8A5C73: change Leader from null to f94be414-d4cd-4929-99d0-8f9eafd02643 at term 6 for appendEntries, leader elected after 25498ms
2022-01-06 13:30:22,067 [grpc-default-executor-2] INFO  server.RaftServer$Division (RaftServerImpl.java:checkInconsistentAppendEntries(1322)) - a3271a13-46d8-4b51-acff-5e832eb04f76@group-F1D01D8A5C73: Failed appendEntries as previous log entry ((t:2, i:0)) is not found
2022-01-06 13:30:22,067 [grpc-default-executor-2] INFO  server.RaftServer$Division (RaftServerImpl.java:checkInconsistentAppendEntries(1288)) - a3271a13-46d8-4b51-acff-5e832eb04f76@group-F1D01D8A5C73: inconsistency entries. Reply:f94be414-d4cd-4929-99d0-8f9eafd02643<-a3271a13-46d8-4b51-acff-5e832eb04f76#0:FAIL-t6,INCONSISTENCY,nextIndex=0,followerCommit=-1
2022-01-06 13:30:22,068 [grpc-default-executor-2] INFO  leader.FollowerInfo (FollowerInfoImpl.java:lambda$new$0(47)) - f94be414-d4cd-4929-99d0-8f9eafd02643@group-F1D01D8A5C73->a3271a13-46d8-4b51-acff-5e832eb04f76: nextIndex: updateUnconditionally 1 -> 0
2022-01-06 13:30:22,076 [grpc-default-executor-2] INFO  server.RaftServer$Division (ServerState.java:setRaftConf(387)) - 832710ff-70fd-4195-974e-450d8fd5944e@group-F1D01D8A5C73: set configuration 0: [f94be414-d4cd-4929-99d0-8f9eafd02643|rpc:10.1.0.50:45415|dataStream:|priority:1, a3271a13-46d8-4b51-acff-5e832eb04f76|rpc:10.1.0.50:39137|dataStream:|priority:0, 832710ff-70fd-4195-974e-450d8fd5944e|rpc:10.1.0.50:39399|dataStream:|priority:0], old=null
2022-01-06 13:30:22,076 [grpc-default-executor-2] INFO  segmented.SegmentedRaftLogWorker (SegmentedRaftLogWorker.java:startLogSegment(394)) - 832710ff-70fd-4195-974e-450d8fd5944e@group-F1D01D8A5C73-SegmentedRaftLogWorker: Starting segment from index:0
2022-01-06 13:30:22,078 [832710ff-70fd-4195-974e-450d8fd5944e@group-F1D01D8A5C73-SegmentedRaftLogWorker] INFO  segmented.SegmentedRaftLogWorker (SegmentedRaftLogWorker.java:execute(601)) - 832710ff-70fd-4195-974e-450d8fd5944e@group-F1D01D8A5C73-SegmentedRaftLogWorker: created new log segment /home/runner/work/ozone/ozone/hadoop-ozone/integration-test/target/test-dir/MiniOzoneClusterImpl-1040910a-51cd-4ce1-8f2d-abd84b974e59/datanode-5/data/ratis/11925957-c949-41db-84e3-f1d01d8a5c73/current/log_inprogress_0
2022-01-06 13:30:22,078 [grpc-default-executor-2] INFO  server.RaftServer$Division (ServerState.java:setRaftConf(387)) - 832710ff-70fd-4195-974e-450d8fd5944e@group-F1D01D8A5C73: set configuration 1: [f94be414-d4cd-4929-99d0-8f9eafd02643|rpc:10.1.0.50:45415|dataStream:|priority:1, a3271a13-46d8-4b51-acff-5e832eb04f76|rpc:10.1.0.50:39137|dataStream:|priority:0, 832710ff-70fd-4195-974e-450d8fd5944e|rpc:10.1.0.50:39399|dataStream:|priority:0], old=null
2022-01-06 13:30:22,078 [grpc-default-executor-2] INFO  segmented.SegmentedRaftLogWorker (SegmentedRaftLogWorker.java:rollLogSegment(399)) - 832710ff-70fd-4195-974e-450d8fd5944e@group-F1D01D8A5C73-SegmentedRaftLogWorker: Rolling segment log-0_0 to index:0
2022-01-06 13:30:22,079 [832710ff-70fd-4195-974e-450d8fd5944e@group-F1D01D8A5C73-SegmentedRaftLogWorker] INFO  segmented.SegmentedRaftLogWorker (SegmentedRaftLogWorker.java:execute(558)) - 832710ff-70fd-4195-974e-450d8fd5944e@group-F1D01D8A5C73-SegmentedRaftLogWorker: Rolled log segment from /home/runner/work/ozone/ozone/hadoop-ozone/integration-test/target/test-dir/MiniOzoneClusterImpl-1040910a-51cd-4ce1-8f2d-abd84b974e59/datanode-5/data/ratis/11925957-c949-41db-84e3-f1d01d8a5c73/current/log_inprogress_0 to /home/runner/work/ozone/ozone/hadoop-ozone/integration-test/target/test-dir/MiniOzoneClusterImpl-1040910a-51cd-4ce1-8f2d-abd84b974e59/datanode-5/data/ratis/11925957-c949-41db-84e3-f1d01d8a5c73/current/log_0-0
2022-01-06 13:30:22,080 [832710ff-70fd-4195-974e-450d8fd5944e@group-F1D01D8A5C73-SegmentedRaftLogWorker] INFO  segmented.SegmentedRaftLogWorker (SegmentedRaftLogWorker.java:execute(601)) - 832710ff-70fd-4195-974e-450d8fd5944e@group-F1D01D8A5C73-SegmentedRaftLogWorker: created new log segment /home/runner/work/ozone/ozone/hadoop-ozone/integration-test/target/test-dir/MiniOzoneClusterImpl-1040910a-51cd-4ce1-8f2d-abd84b974e59/datanode-5/data/ratis/11925957-c949-41db-84e3-f1d01d8a5c73/current/log_inprogress_1
2022-01-06 13:30:22,087 [grpc-default-executor-2] INFO  server.RaftServer$Division (ServerState.java:setRaftConf(387)) - a3271a13-46d8-4b51-acff-5e832eb04f76@group-F1D01D8A5C73: set configuration 0: [f94be414-d4cd-4929-99d0-8f9eafd02643|rpc:10.1.0.50:45415|dataStream:|priority:1, a3271a13-46d8-4b51-acff-5e832eb04f76|rpc:10.1.0.50:39137|dataStream:|priority:0, 832710ff-70fd-4195-974e-450d8fd5944e|rpc:10.1.0.50:39399|dataStream:|priority:0], old=null
2022-01-06 13:30:22,088 [grpc-default-executor-2] INFO  segmented.SegmentedRaftLogWorker (SegmentedRaftLogWorker.java:startLogSegment(394)) - a3271a13-46d8-4b51-acff-5e832eb04f76@group-F1D01D8A5C73-SegmentedRaftLogWorker: Starting segment from index:0
2022-01-06 13:30:22,088 [grpc-default-executor-1] INFO  server.RaftServer$Division (ServerState.java:setRaftConf(387)) - a3271a13-46d8-4b51-acff-5e832eb04f76@group-F1D01D8A5C73: set configuration 1: [f94be414-d4cd-4929-99d0-8f9eafd02643|rpc:10.1.0.50:45415|dataStream:|priority:1, a3271a13-46d8-4b51-acff-5e832eb04f76|rpc:10.1.0.50:39137|dataStream:|priority:0, 832710ff-70fd-4195-974e-450d8fd5944e|rpc:10.1.0.50:39399|dataStream:|priority:0], old=null
2022-01-06 13:30:22,088 [grpc-default-executor-1] INFO  segmented.SegmentedRaftLogWorker (SegmentedRaftLogWorker.java:rollLogSegment(399)) - a3271a13-46d8-4b51-acff-5e832eb04f76@group-F1D01D8A5C73-SegmentedRaftLogWorker: Rolling segment log-0_0 to index:0
2022-01-06 13:30:22,089 [a3271a13-46d8-4b51-acff-5e832eb04f76@group-F1D01D8A5C73-SegmentedRaftLogWorker] INFO  segmented.SegmentedRaftLogWorker (SegmentedRaftLogWorker.java:execute(601)) - a3271a13-46d8-4b51-acff-5e832eb04f76@group-F1D01D8A5C73-SegmentedRaftLogWorker: created new log segment /home/runner/work/ozone/ozone/hadoop-ozone/integration-test/target/test-dir/MiniOzoneClusterImpl-1040910a-51cd-4ce1-8f2d-abd84b974e59/datanode-4/data/ratis/11925957-c949-41db-84e3-f1d01d8a5c73/current/log_inprogress_0
2022-01-06 13:30:22,094 [a3271a13-46d8-4b51-acff-5e832eb04f76@group-F1D01D8A5C73-SegmentedRaftLogWorker] INFO  segmented.SegmentedRaftLogWorker (SegmentedRaftLogWorker.java:execute(558)) - a3271a13-46d8-4b51-acff-5e832eb04f76@group-F1D01D8A5C73-SegmentedRaftLogWorker: Rolled log segment from /home/runner/work/ozone/ozone/hadoop-ozone/integration-test/target/test-dir/MiniOzoneClusterImpl-1040910a-51cd-4ce1-8f2d-abd84b974e59/datanode-4/data/ratis/11925957-c949-41db-84e3-f1d01d8a5c73/current/log_inprogress_0 to /home/runner/work/ozone/ozone/hadoop-ozone/integration-test/target/test-dir/MiniOzoneClusterImpl-1040910a-51cd-4ce1-8f2d-abd84b974e59/datanode-4/data/ratis/11925957-c949-41db-84e3-f1d01d8a5c73/current/log_0-0
2022-01-06 13:30:22,095 [a3271a13-46d8-4b51-acff-5e832eb04f76@group-F1D01D8A5C73-SegmentedRaftLogWorker] INFO  segmented.SegmentedRaftLogWorker (SegmentedRaftLogWorker.java:execute(601)) - a3271a13-46d8-4b51-acff-5e832eb04f76@group-F1D01D8A5C73-SegmentedRaftLogWorker: created new log segment /home/runner/work/ozone/ozone/hadoop-ozone/integration-test/target/test-dir/MiniOzoneClusterImpl-1040910a-51cd-4ce1-8f2d-abd84b974e59/datanode-4/data/ratis/11925957-c949-41db-84e3-f1d01d8a5c73/current/log_inprogress_1
2022-01-06 13:30:26,369 [Listener at 127.0.0.1/36535] INFO  ozoneimpl.OzoneContainer (OzoneContainer.java:stop(336)) - Attempting to stop container services.
2022-01-06 13:30:26,370 [ForkJoinPool.commonPool-worker-0] INFO  ozoneimpl.OzoneContainer (OzoneContainer.java:stop(336)) - Attempting to stop container services.
2022-01-06 13:30:26,370 [ForkJoinPool.commonPool-worker-0] INFO  server.RaftServer (RaftServerProxy.java:lambda$close$6(391)) - 129ac5cb-389f-40c7-b14f-a1c1703048e2: close
2022-01-06 13:30:26,370 [ForkJoinPool.commonPool-worker-0] INFO  server.RaftServer$Division (RaftServerImpl.java:lambda$close$4(412)) - 129ac5cb-389f-40c7-b14f-a1c1703048e2@group-195B01AAAD31: shutdown
2022-01-06 13:30:26,371 [ForkJoinPool.commonPool-worker-0] INFO  util.JmxRegister (JmxRegister.java:unregister(73)) - Successfully un-registered JMX Bean with object name Ratis:service=RaftServer,group=group-195B01AAAD31,id=129ac5cb-389f-40c7-b14f-a1c1703048e2
2022-01-06 13:30:26,371 [ForkJoinPool.commonPool-worker-0] INFO  impl.RoleInfo (RoleInfo.java:shutdownLeaderState(91)) - 129ac5cb-389f-40c7-b14f-a1c1703048e2: shutdown 129ac5cb-389f-40c7-b14f-a1c1703048e2@group-195B01AAAD31-LeaderStateImpl
2022-01-06 13:30:26,371 [ForkJoinPool.commonPool-worker-0] INFO  impl.PendingRequests (PendingRequests.java:sendNotLeaderResponses(282)) - 129ac5cb-389f-40c7-b14f-a1c1703048e2@group-195B01AAAD31-PendingRequests: sendNotLeaderResponses
2022-01-06 13:30:26,371 [ForkJoinPool.commonPool-worker-0] INFO  impl.StateMachineUpdater (StateMachineUpdater.java:stopAndJoin(149)) - 129ac5cb-389f-40c7-b14f-a1c1703048e2@group-195B01AAAD31-StateMachineUpdater: set stopIndex = 0
2022-01-06 13:30:26,372 [Listener at 127.0.0.1/36535] INFO  server.RaftServer (RaftServerProxy.java:lambda$close$6(391)) - a3271a13-46d8-4b51-acff-5e832eb04f76: close
2022-01-06 13:30:26,372 [Listener at 127.0.0.1/36535] INFO  server.RaftServer$Division (RaftServerImpl.java:lambda$close$4(412)) - a3271a13-46d8-4b51-acff-5e832eb04f76@group-F1D01D8A5C73: shutdown
2022-01-06 13:30:26,372 [Listener at 127.0.0.1/36535] INFO  util.JmxRegister (JmxRegister.java:unregister(73)) - Successfully un-registered JMX Bean with object name Ratis:service=RaftServer,group=group-F1D01D8A5C73,id=a3271a13-46d8-4b51-acff-5e832eb04f76
2022-01-06 13:30:26,372 [Listener at 127.0.0.1/36535] INFO  impl.RoleInfo (RoleInfo.java:shutdownFollowerState(108)) - a3271a13-46d8-4b51-acff-5e832eb04f76: shutdown a3271a13-46d8-4b51-acff-5e832eb04f76@group-F1D01D8A5C73-FollowerState
2022-01-06 13:30:26,372 [129ac5cb-389f-40c7-b14f-a1c1703048e2@group-195B01AAAD31-StateMachineUpdater] INFO  ratis.ContainerStateMachine (ContainerStateMachine.java:takeSnapshot(299)) - group-195B01AAAD31: Taking a snapshot at:(t:1, i:0) file /home/runner/work/ozone/ozone/hadoop-ozone/integration-test/target/test-dir/MiniOzoneClusterImpl-1040910a-51cd-4ce1-8f2d-abd84b974e59/datanode-2/data/ratis/0a696a4a-0a3e-4552-a946-195b01aaad31/sm/snapshot.1_0
2022-01-06 13:30:26,378 [a3271a13-46d8-4b51-acff-5e832eb04f76@group-F1D01D8A5C73-FollowerState] INFO  impl.FollowerState (FollowerState.java:run(143)) - a3271a13-46d8-4b51-acff-5e832eb04f76@group-F1D01D8A5C73-FollowerState was interrupted: {}
java.lang.InterruptedException: sleep interrupted
	at java.lang.Thread.sleep(Native Method)
	at java.lang.Thread.sleep(Thread.java:340)
	at java.util.concurrent.TimeUnit.sleep(TimeUnit.java:386)
	at org.apache.ratis.util.TimeDuration.sleep(TimeDuration.java:324)
	at org.apache.ratis.util.TimeDuration.sleep(TimeDuration.java:309)
	at org.apache.ratis.server.impl.FollowerState.run(FollowerState.java:118)
2022-01-06 13:30:26,379 [a3271a13-46d8-4b51-acff-5e832eb04f76@group-F1D01D8A5C73-StateMachineUpdater] INFO  ratis.ContainerStateMachine (ContainerStateMachine.java:takeSnapshot(299)) - group-F1D01D8A5C73: Taking a snapshot at:(t:6, i:2) file /home/runner/work/ozone/ozone/hadoop-ozone/integration-test/target/test-dir/MiniOzoneClusterImpl-1040910a-51cd-4ce1-8f2d-abd84b974e59/datanode-4/data/ratis/11925957-c949-41db-84e3-f1d01d8a5c73/sm/snapshot.6_2
2022-01-06 13:30:26,379 [Listener at 127.0.0.1/36535] INFO  impl.StateMachineUpdater (StateMachineUpdater.java:stopAndJoin(149)) - a3271a13-46d8-4b51-acff-5e832eb04f76@group-F1D01D8A5C73-StateMachineUpdater: set stopIndex = 2
2022-01-06 13:30:26,400 [a3271a13-46d8-4b51-acff-5e832eb04f76@group-F1D01D8A5C73-StateMachineUpdater] INFO  ratis.ContainerStateMachine (ContainerStateMachine.java:takeSnapshot(310)) - group-F1D01D8A5C73: Finished taking a snapshot at:(t:6, i:2) file:/home/runner/work/ozone/ozone/hadoop-ozone/integration-test/target/test-dir/MiniOzoneClusterImpl-1040910a-51cd-4ce1-8f2d-abd84b974e59/datanode-4/data/ratis/11925957-c949-41db-84e3-f1d01d8a5c73/sm/snapshot.6_2 took: 22 ms
2022-01-06 13:30:26,402 [a3271a13-46d8-4b51-acff-5e832eb04f76@group-F1D01D8A5C73-StateMachineUpdater] INFO  impl.StateMachineUpdater (StateMachineUpdater.java:takeSnapshot(281)) - a3271a13-46d8-4b51-acff-5e832eb04f76@group-F1D01D8A5C73-StateMachineUpdater: Took a snapshot at index 2
2022-01-06 13:30:26,402 [a3271a13-46d8-4b51-acff-5e832eb04f76@group-F1D01D8A5C73-StateMachineUpdater] INFO  impl.StateMachineUpdater (StateMachineUpdater.java:lambda$new$0(89)) - a3271a13-46d8-4b51-acff-5e832eb04f76@group-F1D01D8A5C73-StateMachineUpdater: snapshotIndex: updateIncreasingly -1 -> 2
2022-01-06 13:30:26,402 [129ac5cb-389f-40c7-b14f-a1c1703048e2@group-195B01AAAD31-StateMachineUpdater] INFO  ratis.ContainerStateMachine (ContainerStateMachine.java:takeSnapshot(310)) - group-195B01AAAD31: Finished taking a snapshot at:(t:1, i:0) file:/home/runner/work/ozone/ozone/hadoop-ozone/integration-test/target/test-dir/MiniOzoneClusterImpl-1040910a-51cd-4ce1-8f2d-abd84b974e59/datanode-2/data/ratis/0a696a4a-0a3e-4552-a946-195b01aaad31/sm/snapshot.1_0 took: 30 ms
2022-01-06 13:30:26,404 [129ac5cb-389f-40c7-b14f-a1c1703048e2@group-195B01AAAD31-StateMachineUpdater] INFO  impl.StateMachineUpdater (StateMachineUpdater.java:takeSnapshot(281)) - 129ac5cb-389f-40c7-b14f-a1c1703048e2@group-195B01AAAD31-StateMachineUpdater: Took a snapshot at index 0
2022-01-06 13:30:26,404 [129ac5cb-389f-40c7-b14f-a1c1703048e2@group-195B01AAAD31-StateMachineUpdater] INFO  impl.StateMachineUpdater (StateMachineUpdater.java:lambda$new$0(89)) - 129ac5cb-389f-40c7-b14f-a1c1703048e2@group-195B01AAAD31-StateMachineUpdater: snapshotIndex: updateIncreasingly -1 -> 0
2022-01-06 13:30:26,409 [Listener at 127.0.0.1/36535] INFO  server.RaftServer$Division (ServerState.java:close(419)) - a3271a13-46d8-4b51-acff-5e832eb04f76@group-F1D01D8A5C73: closes. applyIndex: 2
2022-01-06 13:30:26,409 [a3271a13-46d8-4b51-acff-5e832eb04f76@group-F1D01D8A5C73-SegmentedRaftLogWorker] INFO  segmented.SegmentedRaftLogWorker (SegmentedRaftLogWorker.java:run(327)) - a3271a13-46d8-4b51-acff-5e832eb04f76@group-F1D01D8A5C73-SegmentedRaftLogWorker was interrupted, exiting. There are 0 tasks remaining in the queue.
2022-01-06 13:30:26,411 [Listener at 127.0.0.1/36535] INFO  segmented.SegmentedRaftLogWorker (SegmentedRaftLogWorker.java:close(237)) - a3271a13-46d8-4b51-acff-5e832eb04f76@group-F1D01D8A5C73-SegmentedRaftLogWorker close()
2022-01-06 13:30:26,411 [ForkJoinPool.commonPool-worker-0] INFO  server.RaftServer$Division (ServerState.java:close(419)) - 129ac5cb-389f-40c7-b14f-a1c1703048e2@group-195B01AAAD31: closes. applyIndex: 0
2022-01-06 13:30:26,412 [129ac5cb-389f-40c7-b14f-a1c1703048e2@group-195B01AAAD31-SegmentedRaftLogWorker] INFO  segmented.SegmentedRaftLogWorker (SegmentedRaftLogWorker.java:run(327)) - 129ac5cb-389f-40c7-b14f-a1c1703048e2@group-195B01AAAD31-SegmentedRaftLogWorker was interrupted, exiting. There are 0 tasks remaining in the queue.
2022-01-06 13:30:26,412 [Listener at 127.0.0.1/36535] INFO  server.RaftServer$Division (RaftServerImpl.java:lambda$close$4(412)) - a3271a13-46d8-4b51-acff-5e832eb04f76@group-D578E6914626: shutdown
2022-01-06 13:30:26,413 [Listener at 127.0.0.1/36535] INFO  util.JmxRegister (JmxRegister.java:unregister(73)) - Successfully un-registered JMX Bean with object name Ratis:service=RaftServer,group=group-D578E6914626,id=a3271a13-46d8-4b51-acff-5e832eb04f76
2022-01-06 13:30:26,413 [Listener at 127.0.0.1/36535] INFO  impl.RoleInfo (RoleInfo.java:shutdownLeaderState(91)) - a3271a13-46d8-4b51-acff-5e832eb04f76: shutdown a3271a13-46d8-4b51-acff-5e832eb04f76@group-D578E6914626-LeaderStateImpl
2022-01-06 13:30:26,413 [Listener at 127.0.0.1/36535] INFO  impl.PendingRequests (PendingRequests.java:sendNotLeaderResponses(282)) - a3271a13-46d8-4b51-acff-5e832eb04f76@group-D578E6914626-PendingRequests: sendNotLeaderResponses
2022-01-06 13:30:26,413 [Listener at 127.0.0.1/36535] INFO  impl.StateMachineUpdater (StateMachineUpdater.java:stopAndJoin(149)) - a3271a13-46d8-4b51-acff-5e832eb04f76@group-D578E6914626-StateMachineUpdater: set stopIndex = 0
2022-01-06 13:30:26,414 [a3271a13-46d8-4b51-acff-5e832eb04f76@group-D578E6914626-StateMachineUpdater] INFO  ratis.ContainerStateMachine (ContainerStateMachine.java:takeSnapshot(299)) - group-D578E6914626: Taking a snapshot at:(t:1, i:0) file /home/runner/work/ozone/ozone/hadoop-ozone/integration-test/target/test-dir/MiniOzoneClusterImpl-1040910a-51cd-4ce1-8f2d-abd84b974e59/datanode-4/data/ratis/ed24ecc4-60a8-4ca4-b88c-d578e6914626/sm/snapshot.1_0
2022-01-06 13:30:26,415 [ForkJoinPool.commonPool-worker-0] INFO  segmented.SegmentedRaftLogWorker (SegmentedRaftLogWorker.java:close(237)) - 129ac5cb-389f-40c7-b14f-a1c1703048e2@group-195B01AAAD31-SegmentedRaftLogWorker close()
2022-01-06 13:30:26,415 [a3271a13-46d8-4b51-acff-5e832eb04f76@group-D578E6914626-StateMachineUpdater] INFO  ratis.ContainerStateMachine (ContainerStateMachine.java:takeSnapshot(310)) - group-D578E6914626: Finished taking a snapshot at:(t:1, i:0) file:/home/runner/work/ozone/ozone/hadoop-ozone/integration-test/target/test-dir/MiniOzoneClusterImpl-1040910a-51cd-4ce1-8f2d-abd84b974e59/datanode-4/data/ratis/ed24ecc4-60a8-4ca4-b88c-d578e6914626/sm/snapshot.1_0 took: 1 ms
2022-01-06 13:30:26,415 [a3271a13-46d8-4b51-acff-5e832eb04f76@group-D578E6914626-StateMachineUpdater] INFO  impl.StateMachineUpdater (StateMachineUpdater.java:takeSnapshot(281)) - a3271a13-46d8-4b51-acff-5e832eb04f76@group-D578E6914626-StateMachineUpdater: Took a snapshot at index 0
2022-01-06 13:30:26,415 [a3271a13-46d8-4b51-acff-5e832eb04f76@group-D578E6914626-StateMachineUpdater] INFO  impl.StateMachineUpdater (StateMachineUpdater.java:lambda$new$0(89)) - a3271a13-46d8-4b51-acff-5e832eb04f76@group-D578E6914626-StateMachineUpdater: snapshotIndex: updateIncreasingly -1 -> 0
2022-01-06 13:30:26,417 [Listener at 127.0.0.1/36535] INFO  server.RaftServer$Division (ServerState.java:close(419)) - a3271a13-46d8-4b51-acff-5e832eb04f76@group-D578E6914626: closes. applyIndex: 0
2022-01-06 13:30:26,417 [a3271a13-46d8-4b51-acff-5e832eb04f76@group-D578E6914626-SegmentedRaftLogWorker] INFO  segmented.SegmentedRaftLogWorker (SegmentedRaftLogWorker.java:run(327)) - a3271a13-46d8-4b51-acff-5e832eb04f76@group-D578E6914626-SegmentedRaftLogWorker was interrupted, exiting. There are 0 tasks remaining in the queue.
2022-01-06 13:30:26,418 [Listener at 127.0.0.1/36535] INFO  segmented.SegmentedRaftLogWorker (SegmentedRaftLogWorker.java:close(237)) - a3271a13-46d8-4b51-acff-5e832eb04f76@group-D578E6914626-SegmentedRaftLogWorker close()
2022-01-06 13:30:26,419 [ForkJoinPool.commonPool-worker-0] INFO  server.RaftServer$Division (RaftServerImpl.java:lambda$close$4(412)) - 129ac5cb-389f-40c7-b14f-a1c1703048e2@group-99B4631465CC: shutdown
2022-01-06 13:30:26,419 [ForkJoinPool.commonPool-worker-0] INFO  util.JmxRegister (JmxRegister.java:unregister(73)) - Successfully un-registered JMX Bean with object name Ratis:service=RaftServer,group=group-99B4631465CC,id=129ac5cb-389f-40c7-b14f-a1c1703048e2
2022-01-06 13:30:26,419 [ForkJoinPool.commonPool-worker-0] INFO  impl.RoleInfo (RoleInfo.java:shutdownFollowerState(108)) - 129ac5cb-389f-40c7-b14f-a1c1703048e2: shutdown 129ac5cb-389f-40c7-b14f-a1c1703048e2@group-99B4631465CC-FollowerState
2022-01-06 13:30:26,419 [ForkJoinPool.commonPool-worker-0] INFO  impl.StateMachineUpdater (StateMachineUpdater.java:stopAndJoin(149)) - 129ac5cb-389f-40c7-b14f-a1c1703048e2@group-99B4631465CC-StateMachineUpdater: set stopIndex = 0
2022-01-06 13:30:26,419 [129ac5cb-389f-40c7-b14f-a1c1703048e2@group-99B4631465CC-FollowerState] INFO  impl.FollowerState (FollowerState.java:run(143)) - 129ac5cb-389f-40c7-b14f-a1c1703048e2@group-99B4631465CC-FollowerState was interrupted: {}
java.lang.InterruptedException: sleep interrupted
	at java.lang.Thread.sleep(Native Method)
	at java.lang.Thread.sleep(Thread.java:340)
	at java.util.concurrent.TimeUnit.sleep(TimeUnit.java:386)
	at org.apache.ratis.util.TimeDuration.sleep(TimeDuration.java:324)
	at org.apache.ratis.util.TimeDuration.sleep(TimeDuration.java:309)
	at org.apache.ratis.server.impl.FollowerState.run(FollowerState.java:118)
2022-01-06 13:30:26,420 [129ac5cb-389f-40c7-b14f-a1c1703048e2@group-99B4631465CC-StateMachineUpdater] INFO  ratis.ContainerStateMachine (ContainerStateMachine.java:takeSnapshot(299)) - group-99B4631465CC: Taking a snapshot at:(t:5, i:0) file /home/runner/work/ozone/ozone/hadoop-ozone/integration-test/target/test-dir/MiniOzoneClusterImpl-1040910a-51cd-4ce1-8f2d-abd84b974e59/datanode-2/data/ratis/6e6fbaad-accd-40fc-ad54-99b4631465cc/sm/snapshot.5_0
2022-01-06 13:30:26,421 [Listener at 127.0.0.1/36535] INFO  server.GrpcService (GrpcService.java:closeImpl(262)) - a3271a13-46d8-4b51-acff-5e832eb04f76: shutdown server with port 39137 now
2022-01-06 13:30:26,424 [129ac5cb-389f-40c7-b14f-a1c1703048e2@group-99B4631465CC-StateMachineUpdater] INFO  ratis.ContainerStateMachine (ContainerStateMachine.java:takeSnapshot(310)) - group-99B4631465CC: Finished taking a snapshot at:(t:5, i:0) file:/home/runner/work/ozone/ozone/hadoop-ozone/integration-test/target/test-dir/MiniOzoneClusterImpl-1040910a-51cd-4ce1-8f2d-abd84b974e59/datanode-2/data/ratis/6e6fbaad-accd-40fc-ad54-99b4631465cc/sm/snapshot.5_0 took: 4 ms
2022-01-06 13:30:26,424 [129ac5cb-389f-40c7-b14f-a1c1703048e2@group-99B4631465CC-StateMachineUpdater] INFO  impl.StateMachineUpdater (StateMachineUpdater.java:takeSnapshot(281)) - 129ac5cb-389f-40c7-b14f-a1c1703048e2@group-99B4631465CC-StateMachineUpdater: Took a snapshot at index 0
2022-01-06 13:30:26,424 [129ac5cb-389f-40c7-b14f-a1c1703048e2@group-99B4631465CC-StateMachineUpdater] INFO  impl.StateMachineUpdater (StateMachineUpdater.java:lambda$new$0(89)) - 129ac5cb-389f-40c7-b14f-a1c1703048e2@group-99B4631465CC-StateMachineUpdater: snapshotIndex: updateIncreasingly -1 -> 0
2022-01-06 13:30:26,424 [ForkJoinPool.commonPool-worker-0] INFO  server.RaftServer$Division (ServerState.java:close(419)) - 129ac5cb-389f-40c7-b14f-a1c1703048e2@group-99B4631465CC: closes. applyIndex: 0
2022-01-06 13:30:26,424 [129ac5cb-389f-40c7-b14f-a1c1703048e2@group-99B4631465CC-SegmentedRaftLogWorker] INFO  segmented.SegmentedRaftLogWorker (SegmentedRaftLogWorker.java:run(327)) - 129ac5cb-389f-40c7-b14f-a1c1703048e2@group-99B4631465CC-SegmentedRaftLogWorker was interrupted, exiting. There are 0 tasks remaining in the queue.
2022-01-06 13:30:26,425 [ForkJoinPool.commonPool-worker-0] INFO  segmented.SegmentedRaftLogWorker (SegmentedRaftLogWorker.java:close(237)) - 129ac5cb-389f-40c7-b14f-a1c1703048e2@group-99B4631465CC-SegmentedRaftLogWorker close()
2022-01-06 13:30:26,429 [grpc-default-executor-1] WARN  server.GrpcServerProtocolService (LogUtils.java:warn(122)) - a3271a13-46d8-4b51-acff-5e832eb04f76: installSnapshot onError, lastRequest: f94be414-d4cd-4929-99d0-8f9eafd02643->a3271a13-46d8-4b51-acff-5e832eb04f76#4-t6,previous=(t:6, i:1),leaderCommit=1,initializing? true,entries: size=1, first=(t:6, i:2), METADATAENTRY(c:1): org.apache.ratis.thirdparty.io.grpc.StatusRuntimeException: CANCELLED: client cancelled
2022-01-06 13:30:26,433 [ForkJoinPool.commonPool-worker-0] INFO  server.GrpcService (GrpcService.java:closeImpl(262)) - 129ac5cb-389f-40c7-b14f-a1c1703048e2: shutdown server with port 43165 now
2022-01-06 13:30:26,440 [grpc-default-executor-2] WARN  server.GrpcServerProtocolService (LogUtils.java:warn(122)) - 129ac5cb-389f-40c7-b14f-a1c1703048e2: installSnapshot onError, lastRequest: 22c8497a-9e61-48ae-afcc-0cb0db452240->129ac5cb-389f-40c7-b14f-a1c1703048e2#1-t5,previous=(t:0, i:0),leaderCommit=0,initializing? true,entries: size=1, first=(t:5, i:0), CONFIGURATIONENTRY: org.apache.ratis.thirdparty.io.grpc.StatusRuntimeException: CANCELLED: client cancelled
2022-01-06 13:30:26,442 [grpc-default-executor-1] WARN  server.GrpcLogAppender (LogUtils.java:warn(122)) - f94be414-d4cd-4929-99d0-8f9eafd02643@group-F1D01D8A5C73->a3271a13-46d8-4b51-acff-5e832eb04f76-AppendLogResponseHandler: Failed appendEntries: org.apache.ratis.thirdparty.io.grpc.StatusRuntimeException: CANCELLED: HTTP/2 error code: CANCEL
Received Rst Stream
2022-01-06 13:30:26,443 [grpc-default-executor-1] INFO  leader.FollowerInfo (FollowerInfoImpl.java:lambda$new$0(47)) - f94be414-d4cd-4929-99d0-8f9eafd02643@group-F1D01D8A5C73->a3271a13-46d8-4b51-acff-5e832eb04f76: nextIndex: updateUnconditionally 3 -> 2
2022-01-06 13:30:26,441 [grpc-default-executor-2] WARN  server.GrpcLogAppender (LogUtils.java:warn(122)) - 22c8497a-9e61-48ae-afcc-0cb0db452240@group-99B4631465CC->129ac5cb-389f-40c7-b14f-a1c1703048e2-AppendLogResponseHandler: Failed appendEntries: org.apache.ratis.thirdparty.io.grpc.StatusRuntimeException: CANCELLED: HTTP/2 error code: CANCEL
Received Rst Stream
2022-01-06 13:30:26,444 [grpc-default-executor-2] WARN  server.GrpcLogAppender (GrpcLogAppender.java:resetClient(110)) - 22c8497a-9e61-48ae-afcc-0cb0db452240@group-99B4631465CC->129ac5cb-389f-40c7-b14f-a1c1703048e2-GrpcLogAppender: Leader has not got in touch with Follower 22c8497a-9e61-48ae-afcc-0cb0db452240@group-99B4631465CC->129ac5cb-389f-40c7-b14f-a1c1703048e2(c0,m0,n1, attendVote=true, lastRpcSendTime=267, lastRpcResponseTime=264) yet, just keep nextIndex unchanged and retry.
2022-01-06 13:30:26,444 [ForkJoinPool.commonPool-worker-0] INFO  server.GrpcService (GrpcService.java:closeImpl(271)) - 129ac5cb-389f-40c7-b14f-a1c1703048e2: shutdown server with port 43165 successfully
2022-01-06 13:30:26,444 [org.apache.ratis.util.JvmPauseMonitor$$Lambda$539/55753935@78d61074] INFO  util.JvmPauseMonitor (JvmPauseMonitor.java:run(109)) - JvmPauseMonitor-129ac5cb-389f-40c7-b14f-a1c1703048e2: Stopped
2022-01-06 13:30:26,446 [Listener at 127.0.0.1/36535] INFO  server.GrpcService (GrpcService.java:closeImpl(271)) - a3271a13-46d8-4b51-acff-5e832eb04f76: shutdown server with port 39137 successfully
2022-01-06 13:30:26,446 [org.apache.ratis.util.JvmPauseMonitor$$Lambda$539/55753935@51b20f62] INFO  util.JvmPauseMonitor (JvmPauseMonitor.java:run(109)) - JvmPauseMonitor-a3271a13-46d8-4b51-acff-5e832eb04f76: Stopped
2022-01-06 13:30:26,458 [grpc-default-executor-1] WARN  server.GrpcLogAppender (LogUtils.java:warn(122)) - f94be414-d4cd-4929-99d0-8f9eafd02643@group-F1D01D8A5C73->a3271a13-46d8-4b51-acff-5e832eb04f76-AppendLogResponseHandler: Failed appendEntries: org.apache.ratis.thirdparty.io.grpc.StatusRuntimeException: UNAVAILABLE: io exception
2022-01-06 13:30:26,459 [grpc-default-executor-1] INFO  leader.FollowerInfo (FollowerInfoImpl.java:lambda$new$0(47)) - f94be414-d4cd-4929-99d0-8f9eafd02643@group-F1D01D8A5C73->a3271a13-46d8-4b51-acff-5e832eb04f76: nextIndex: updateUnconditionally 3 -> 2
2022-01-06 13:30:28,480 [Listener at 127.0.0.1/36535] INFO  utils.BackgroundService (BackgroundService.java:shutdown(132)) - Shutting down service BlockDeletingService
2022-01-06 13:30:28,480 [ForkJoinPool.commonPool-worker-0] INFO  utils.BackgroundService (BackgroundService.java:shutdown(132)) - Shutting down service BlockDeletingService
2022-01-06 13:30:28,683 [grpc-default-executor-2] WARN  server.GrpcLogAppender (LogUtils.java:warn(122)) - 22c8497a-9e61-48ae-afcc-0cb0db452240@group-99B4631465CC->129ac5cb-389f-40c7-b14f-a1c1703048e2-AppendLogResponseHandler: Failed appendEntries: org.apache.ratis.thirdparty.io.grpc.StatusRuntimeException: UNAVAILABLE: io exception
2022-01-06 13:30:28,684 [grpc-default-executor-2] WARN  server.GrpcLogAppender (GrpcLogAppender.java:resetClient(110)) - 22c8497a-9e61-48ae-afcc-0cb0db452240@group-99B4631465CC->129ac5cb-389f-40c7-b14f-a1c1703048e2-GrpcLogAppender: Leader has not got in touch with Follower 22c8497a-9e61-48ae-afcc-0cb0db452240@group-99B4631465CC->129ac5cb-389f-40c7-b14f-a1c1703048e2(c0,m0,n1, attendVote=true, lastRpcSendTime=1, lastRpcResponseTime=2504) yet, just keep nextIndex unchanged and retry.
2022-01-06 13:30:28,952 [grpc-default-executor-2] WARN  server.GrpcLogAppender (LogUtils.java:warn(122)) - f94be414-d4cd-4929-99d0-8f9eafd02643@group-F1D01D8A5C73->a3271a13-46d8-4b51-acff-5e832eb04f76-AppendLogResponseHandler: Failed appendEntries: org.apache.ratis.thirdparty.io.grpc.StatusRuntimeException: UNAVAILABLE: io exception
2022-01-06 13:30:28,952 [grpc-default-executor-2] INFO  leader.FollowerInfo (FollowerInfoImpl.java:lambda$new$0(47)) - f94be414-d4cd-4929-99d0-8f9eafd02643@group-F1D01D8A5C73->a3271a13-46d8-4b51-acff-5e832eb04f76: nextIndex: updateUnconditionally 3 -> 2
2022-01-06 13:30:31,191 [grpc-default-executor-2] WARN  server.GrpcLogAppender (LogUtils.java:warn(122)) - 22c8497a-9e61-48ae-afcc-0cb0db452240@group-99B4631465CC->129ac5cb-389f-40c7-b14f-a1c1703048e2-AppendLogResponseHandler: Failed appendEntries: org.apache.ratis.thirdparty.io.grpc.StatusRuntimeException: UNAVAILABLE: io exception
2022-01-06 13:30:31,192 [grpc-default-executor-2] WARN  server.GrpcLogAppender (GrpcLogAppender.java:resetClient(110)) - 22c8497a-9e61-48ae-afcc-0cb0db452240@group-99B4631465CC->129ac5cb-389f-40c7-b14f-a1c1703048e2-GrpcLogAppender: Leader has not got in touch with Follower 22c8497a-9e61-48ae-afcc-0cb0db452240@group-99B4631465CC->129ac5cb-389f-40c7-b14f-a1c1703048e2(c0,m0,n1, attendVote=true, lastRpcSendTime=2509, lastRpcResponseTime=5012) yet, just keep nextIndex unchanged and retry.
2022-01-06 13:30:31,452 [grpc-default-executor-1] WARN  server.GrpcLogAppender (LogUtils.java:warn(122)) - f94be414-d4cd-4929-99d0-8f9eafd02643@group-F1D01D8A5C73->a3271a13-46d8-4b51-acff-5e832eb04f76-AppendLogResponseHandler: Failed appendEntries: org.apache.ratis.thirdparty.io.grpc.StatusRuntimeException: UNAVAILABLE: io exception
2022-01-06 13:30:31,453 [grpc-default-executor-1] INFO  leader.FollowerInfo (FollowerInfoImpl.java:lambda$new$0(47)) - f94be414-d4cd-4929-99d0-8f9eafd02643@group-F1D01D8A5C73->a3271a13-46d8-4b51-acff-5e832eb04f76: nextIndex: updateUnconditionally 3 -> 2
2022-01-06 13:30:31,491 [Listener at 127.0.0.1/36535] INFO  statemachine.DatanodeStateMachine (DatanodeStateMachine.java:stopDaemon(526)) - Ozone container server stopped.
2022-01-06 13:30:31,492 [Listener at 127.0.0.1/36535] INFO  handler.ContextHandler (ContextHandler.java:doStop(1153)) - Stopped o.e.j.w.WebAppContext@53a95744{hddsDatanode,/,null,STOPPED}{jar:file:/home/runner/.m2/repository/org/apache/ozone/hdds-container-service/1.3.0-SNAPSHOT/hdds-container-service-1.3.0-SNAPSHOT.jar!/webapps/hddsDatanode}
2022-01-06 13:30:31,492 [ForkJoinPool.commonPool-worker-0] INFO  statemachine.DatanodeStateMachine (DatanodeStateMachine.java:stopDaemon(526)) - Ozone container server stopped.
2022-01-06 13:30:31,497 [Listener at 127.0.0.1/36535] INFO  server.AbstractConnector (AbstractConnector.java:doStop(381)) - Stopped ServerConnector@2aff6ec3{HTTP/1.1, (http/1.1)}{0.0.0.0:0}
2022-01-06 13:30:31,497 [Listener at 127.0.0.1/36535] INFO  server.session (HouseKeeper.java:stopScavenging(149)) - node0 Stopped scavenging
2022-01-06 13:30:31,497 [Listener at 127.0.0.1/36535] INFO  handler.ContextHandler (ContextHandler.java:doStop(1153)) - Stopped o.e.j.s.ServletContextHandler@7271ee48{static,/static,jar:file:/home/runner/.m2/repository/org/apache/ozone/hdds-container-service/1.3.0-SNAPSHOT/hdds-container-service-1.3.0-SNAPSHOT.jar!/webapps/static,STOPPED}
2022-01-06 13:30:31,497 [Listener at 127.0.0.1/36535] INFO  handler.ContextHandler (ContextHandler.java:doStop(1153)) - Stopped o.e.j.s.ServletContextHandler@5bff7f13{logs,/logs,file:///home/runner/work/ozone/ozone/hadoop-ozone/integration-test/target/log,STOPPED}
2022-01-06 13:30:31,503 [ForkJoinPool.commonPool-worker-0] INFO  handler.ContextHandler (ContextHandler.java:doStop(1153)) - Stopped o.e.j.w.WebAppContext@65b75087{hddsDatanode,/,null,STOPPED}{jar:file:/home/runner/.m2/repository/org/apache/ozone/hdds-container-service/1.3.0-SNAPSHOT/hdds-container-service-1.3.0-SNAPSHOT.jar!/webapps/hddsDatanode}
2022-01-06 13:30:31,503 [ForkJoinPool.commonPool-worker-0] INFO  server.AbstractConnector (AbstractConnector.java:doStop(381)) - Stopped ServerConnector@60a64104{HTTP/1.1, (http/1.1)}{0.0.0.0:0}
2022-01-06 13:30:31,503 [ForkJoinPool.commonPool-worker-0] INFO  server.session (HouseKeeper.java:stopScavenging(149)) - node0 Stopped scavenging
2022-01-06 13:30:31,504 [ForkJoinPool.commonPool-worker-0] INFO  handler.ContextHandler (ContextHandler.java:doStop(1153)) - Stopped o.e.j.s.ServletContextHandler@6c4ffcf0{static,/static,jar:file:/home/runner/.m2/repository/org/apache/ozone/hdds-container-service/1.3.0-SNAPSHOT/hdds-container-service-1.3.0-SNAPSHOT.jar!/webapps/static,STOPPED}
2022-01-06 13:30:31,505 [ForkJoinPool.commonPool-worker-0] INFO  handler.ContextHandler (ContextHandler.java:doStop(1153)) - Stopped o.e.j.s.ServletContextHandler@24602d7a{logs,/logs,file:///home/runner/work/ozone/ozone/hadoop-ozone/integration-test/target/log,STOPPED}
2022-01-06 13:30:33,693 [grpc-default-executor-1] WARN  server.GrpcLogAppender (LogUtils.java:warn(122)) - 22c8497a-9e61-48ae-afcc-0cb0db452240@group-99B4631465CC->129ac5cb-389f-40c7-b14f-a1c1703048e2-AppendLogResponseHandler: Failed appendEntries: org.apache.ratis.thirdparty.io.grpc.StatusRuntimeException: UNAVAILABLE: io exception
2022-01-06 13:30:33,694 [grpc-default-executor-1] WARN  server.GrpcLogAppender (GrpcLogAppender.java:resetClient(110)) - 22c8497a-9e61-48ae-afcc-0cb0db452240@group-99B4631465CC->129ac5cb-389f-40c7-b14f-a1c1703048e2-GrpcLogAppender: Leader has not got in touch with Follower 22c8497a-9e61-48ae-afcc-0cb0db452240@group-99B4631465CC->129ac5cb-389f-40c7-b14f-a1c1703048e2(c0,m0,n1, attendVote=true, lastRpcSendTime=0, lastRpcResponseTime=7514) yet, just keep nextIndex unchanged and retry.
2022-01-06 13:30:33,953 [grpc-default-executor-1] WARN  server.GrpcLogAppender (LogUtils.java:warn(122)) - f94be414-d4cd-4929-99d0-8f9eafd02643@group-F1D01D8A5C73->a3271a13-46d8-4b51-acff-5e832eb04f76-AppendLogResponseHandler: Failed appendEntries: org.apache.ratis.thirdparty.io.grpc.StatusRuntimeException: UNAVAILABLE: io exception
2022-01-06 13:30:33,954 [grpc-default-executor-1] INFO  leader.FollowerInfo (FollowerInfoImpl.java:lambda$new$0(47)) - f94be414-d4cd-4929-99d0-8f9eafd02643@group-F1D01D8A5C73->a3271a13-46d8-4b51-acff-5e832eb04f76: nextIndex: updateUnconditionally 3 -> 2
2022-01-06 13:30:36,195 [grpc-default-executor-1] WARN  server.GrpcLogAppender (LogUtils.java:warn(122)) - 22c8497a-9e61-48ae-afcc-0cb0db452240@group-99B4631465CC->129ac5cb-389f-40c7-b14f-a1c1703048e2-AppendLogResponseHandler: Failed appendEntries: org.apache.ratis.thirdparty.io.grpc.StatusRuntimeException: UNAVAILABLE: io exception
2022-01-06 13:30:36,197 [grpc-default-executor-1] WARN  server.GrpcLogAppender (GrpcLogAppender.java:resetClient(110)) - 22c8497a-9e61-48ae-afcc-0cb0db452240@group-99B4631465CC->129ac5cb-389f-40c7-b14f-a1c1703048e2-GrpcLogAppender: Leader has not got in touch with Follower 22c8497a-9e61-48ae-afcc-0cb0db452240@group-99B4631465CC->129ac5cb-389f-40c7-b14f-a1c1703048e2(c0,m0,n1, attendVote=true, lastRpcSendTime=0, lastRpcResponseTime=10018) yet, just keep nextIndex unchanged and retry.
2022-01-06 13:30:36,455 [grpc-default-executor-1] WARN  server.GrpcLogAppender (LogUtils.java:warn(122)) - f94be414-d4cd-4929-99d0-8f9eafd02643@group-F1D01D8A5C73->a3271a13-46d8-4b51-acff-5e832eb04f76-AppendLogResponseHandler: Failed appendEntries: org.apache.ratis.thirdparty.io.grpc.StatusRuntimeException: UNAVAILABLE: io exception
2022-01-06 13:30:36,455 [grpc-default-executor-1] INFO  leader.FollowerInfo (FollowerInfoImpl.java:lambda$new$0(47)) - f94be414-d4cd-4929-99d0-8f9eafd02643@group-F1D01D8A5C73->a3271a13-46d8-4b51-acff-5e832eb04f76: nextIndex: updateUnconditionally 3 -> 2
2022-01-06 13:30:36,506 [Listener at 127.0.0.1/36535] INFO  ozoneimpl.OzoneContainer (OzoneContainer.java:stop(336)) - Attempting to stop container services.
2022-01-06 13:30:36,507 [Listener at 127.0.0.1/36535] INFO  server.RaftServer (RaftServerProxy.java:lambda$close$6(391)) - 832710ff-70fd-4195-974e-450d8fd5944e: close
2022-01-06 13:30:36,507 [Listener at 127.0.0.1/36535] INFO  server.RaftServer$Division (RaftServerImpl.java:lambda$close$4(412)) - 832710ff-70fd-4195-974e-450d8fd5944e@group-F93097442047: shutdown
2022-01-06 13:30:36,507 [Listener at 127.0.0.1/36535] INFO  util.JmxRegister (JmxRegister.java:unregister(73)) - Successfully un-registered JMX Bean with object name Ratis:service=RaftServer,group=group-F93097442047,id=832710ff-70fd-4195-974e-450d8fd5944e
2022-01-06 13:30:36,507 [Listener at 127.0.0.1/36535] INFO  impl.RoleInfo (RoleInfo.java:shutdownLeaderState(91)) - 832710ff-70fd-4195-974e-450d8fd5944e: shutdown 832710ff-70fd-4195-974e-450d8fd5944e@group-F93097442047-LeaderStateImpl
2022-01-06 13:30:36,508 [Listener at 127.0.0.1/36535] INFO  impl.PendingRequests (PendingRequests.java:sendNotLeaderResponses(282)) - 832710ff-70fd-4195-974e-450d8fd5944e@group-F93097442047-PendingRequests: sendNotLeaderResponses
2022-01-06 13:30:36,508 [Listener at 127.0.0.1/36535] INFO  impl.StateMachineUpdater (StateMachineUpdater.java:stopAndJoin(149)) - 832710ff-70fd-4195-974e-450d8fd5944e@group-F93097442047-StateMachineUpdater: set stopIndex = 0
2022-01-06 13:30:36,509 [832710ff-70fd-4195-974e-450d8fd5944e@group-F93097442047-StateMachineUpdater] INFO  ratis.ContainerStateMachine (ContainerStateMachine.java:takeSnapshot(299)) - group-F93097442047: Taking a snapshot at:(t:1, i:0) file /home/runner/work/ozone/ozone/hadoop-ozone/integration-test/target/test-dir/MiniOzoneClusterImpl-1040910a-51cd-4ce1-8f2d-abd84b974e59/datanode-5/data/ratis/14430a4b-7558-4436-80de-f93097442047/sm/snapshot.1_0
2022-01-06 13:30:36,510 [832710ff-70fd-4195-974e-450d8fd5944e@group-F93097442047-StateMachineUpdater] INFO  ratis.ContainerStateMachine (ContainerStateMachine.java:takeSnapshot(310)) - group-F93097442047: Finished taking a snapshot at:(t:1, i:0) file:/home/runner/work/ozone/ozone/hadoop-ozone/integration-test/target/test-dir/MiniOzoneClusterImpl-1040910a-51cd-4ce1-8f2d-abd84b974e59/datanode-5/data/ratis/14430a4b-7558-4436-80de-f93097442047/sm/snapshot.1_0 took: 1 ms
2022-01-06 13:30:36,510 [832710ff-70fd-4195-974e-450d8fd5944e@group-F93097442047-StateMachineUpdater] INFO  impl.StateMachineUpdater (StateMachineUpdater.java:takeSnapshot(281)) - 832710ff-70fd-4195-974e-450d8fd5944e@group-F93097442047-StateMachineUpdater: Took a snapshot at index 0
2022-01-06 13:30:36,510 [832710ff-70fd-4195-974e-450d8fd5944e@group-F93097442047-StateMachineUpdater] INFO  impl.StateMachineUpdater (StateMachineUpdater.java:lambda$new$0(89)) - 832710ff-70fd-4195-974e-450d8fd5944e@group-F93097442047-StateMachineUpdater: snapshotIndex: updateIncreasingly -1 -> 0
2022-01-06 13:30:36,511 [Listener at 127.0.0.1/36535] INFO  server.RaftServer$Division (ServerState.java:close(419)) - 832710ff-70fd-4195-974e-450d8fd5944e@group-F93097442047: closes. applyIndex: 0
2022-01-06 13:30:36,511 [832710ff-70fd-4195-974e-450d8fd5944e@group-F93097442047-SegmentedRaftLogWorker] INFO  segmented.SegmentedRaftLogWorker (SegmentedRaftLogWorker.java:run(327)) - 832710ff-70fd-4195-974e-450d8fd5944e@group-F93097442047-SegmentedRaftLogWorker was interrupted, exiting. There are 0 tasks remaining in the queue.
2022-01-06 13:30:36,512 [Listener at 127.0.0.1/36535] INFO  segmented.SegmentedRaftLogWorker (SegmentedRaftLogWorker.java:close(237)) - 832710ff-70fd-4195-974e-450d8fd5944e@group-F93097442047-SegmentedRaftLogWorker close()
2022-01-06 13:30:36,513 [Listener at 127.0.0.1/36535] INFO  server.RaftServer$Division (RaftServerImpl.java:lambda$close$4(412)) - 832710ff-70fd-4195-974e-450d8fd5944e@group-F1D01D8A5C73: shutdown
2022-01-06 13:30:36,513 [Listener at 127.0.0.1/36535] INFO  util.JmxRegister (JmxRegister.java:unregister(73)) - Successfully un-registered JMX Bean with object name Ratis:service=RaftServer,group=group-F1D01D8A5C73,id=832710ff-70fd-4195-974e-450d8fd5944e
2022-01-06 13:30:36,513 [Listener at 127.0.0.1/36535] INFO  impl.RoleInfo (RoleInfo.java:shutdownFollowerState(108)) - 832710ff-70fd-4195-974e-450d8fd5944e: shutdown 832710ff-70fd-4195-974e-450d8fd5944e@group-F1D01D8A5C73-FollowerState
2022-01-06 13:30:36,513 [ForkJoinPool.commonPool-worker-0] INFO  ozoneimpl.OzoneContainer (OzoneContainer.java:stop(336)) - Attempting to stop container services.
2022-01-06 13:30:36,514 [ForkJoinPool.commonPool-worker-0] INFO  server.RaftServer (RaftServerProxy.java:lambda$close$6(391)) - f94be414-d4cd-4929-99d0-8f9eafd02643: close
2022-01-06 13:30:36,514 [ForkJoinPool.commonPool-worker-0] INFO  server.RaftServer$Division (RaftServerImpl.java:lambda$close$4(412)) - f94be414-d4cd-4929-99d0-8f9eafd02643@group-43DC455BE5BD: shutdown
2022-01-06 13:30:36,514 [ForkJoinPool.commonPool-worker-0] INFO  util.JmxRegister (JmxRegister.java:unregister(73)) - Successfully un-registered JMX Bean with object name Ratis:service=RaftServer,group=group-43DC455BE5BD,id=f94be414-d4cd-4929-99d0-8f9eafd02643
2022-01-06 13:30:36,514 [ForkJoinPool.commonPool-worker-0] INFO  impl.RoleInfo (RoleInfo.java:shutdownLeaderState(91)) - f94be414-d4cd-4929-99d0-8f9eafd02643: shutdown f94be414-d4cd-4929-99d0-8f9eafd02643@group-43DC455BE5BD-LeaderStateImpl
2022-01-06 13:30:36,514 [ForkJoinPool.commonPool-worker-0] INFO  impl.PendingRequests (PendingRequests.java:sendNotLeaderResponses(282)) - f94be414-d4cd-4929-99d0-8f9eafd02643@group-43DC455BE5BD-PendingRequests: sendNotLeaderResponses
2022-01-06 13:30:36,515 [ForkJoinPool.commonPool-worker-0] INFO  impl.StateMachineUpdater (StateMachineUpdater.java:stopAndJoin(149)) - f94be414-d4cd-4929-99d0-8f9eafd02643@group-43DC455BE5BD-StateMachineUpdater: set stopIndex = 0
2022-01-06 13:30:36,515 [f94be414-d4cd-4929-99d0-8f9eafd02643@group-43DC455BE5BD-StateMachineUpdater] INFO  ratis.ContainerStateMachine (ContainerStateMachine.java:takeSnapshot(299)) - group-43DC455BE5BD: Taking a snapshot at:(t:1, i:0) file /home/runner/work/ozone/ozone/hadoop-ozone/integration-test/target/test-dir/MiniOzoneClusterImpl-1040910a-51cd-4ce1-8f2d-abd84b974e59/datanode-3/data/ratis/d767b8ec-313e-485f-b43c-43dc455be5bd/sm/snapshot.1_0
2022-01-06 13:30:36,516 [f94be414-d4cd-4929-99d0-8f9eafd02643@group-43DC455BE5BD-StateMachineUpdater] INFO  ratis.ContainerStateMachine (ContainerStateMachine.java:takeSnapshot(310)) - group-43DC455BE5BD: Finished taking a snapshot at:(t:1, i:0) file:/home/runner/work/ozone/ozone/hadoop-ozone/integration-test/target/test-dir/MiniOzoneClusterImpl-1040910a-51cd-4ce1-8f2d-abd84b974e59/datanode-3/data/ratis/d767b8ec-313e-485f-b43c-43dc455be5bd/sm/snapshot.1_0 took: 1 ms
2022-01-06 13:30:36,516 [f94be414-d4cd-4929-99d0-8f9eafd02643@group-43DC455BE5BD-StateMachineUpdater] INFO  impl.StateMachineUpdater (StateMachineUpdater.java:takeSnapshot(281)) - f94be414-d4cd-4929-99d0-8f9eafd02643@group-43DC455BE5BD-StateMachineUpdater: Took a snapshot at index 0
2022-01-06 13:30:36,516 [f94be414-d4cd-4929-99d0-8f9eafd02643@group-43DC455BE5BD-StateMachineUpdater] INFO  impl.StateMachineUpdater (StateMachineUpdater.java:lambda$new$0(89)) - f94be414-d4cd-4929-99d0-8f9eafd02643@group-43DC455BE5BD-StateMachineUpdater: snapshotIndex: updateIncreasingly -1 -> 0
2022-01-06 13:30:36,516 [ForkJoinPool.commonPool-worker-0] INFO  server.RaftServer$Division (ServerState.java:close(419)) - f94be414-d4cd-4929-99d0-8f9eafd02643@group-43DC455BE5BD: closes. applyIndex: 0
2022-01-06 13:30:36,516 [f94be414-d4cd-4929-99d0-8f9eafd02643@group-43DC455BE5BD-SegmentedRaftLogWorker] INFO  segmented.SegmentedRaftLogWorker (SegmentedRaftLogWorker.java:run(327)) - f94be414-d4cd-4929-99d0-8f9eafd02643@group-43DC455BE5BD-SegmentedRaftLogWorker was interrupted, exiting. There are 0 tasks remaining in the queue.
2022-01-06 13:30:36,520 [ForkJoinPool.commonPool-worker-0] INFO  segmented.SegmentedRaftLogWorker (SegmentedRaftLogWorker.java:close(237)) - f94be414-d4cd-4929-99d0-8f9eafd02643@group-43DC455BE5BD-SegmentedRaftLogWorker close()
2022-01-06 13:30:36,521 [ForkJoinPool.commonPool-worker-0] INFO  server.RaftServer$Division (RaftServerImpl.java:lambda$close$4(412)) - f94be414-d4cd-4929-99d0-8f9eafd02643@group-F1D01D8A5C73: shutdown
2022-01-06 13:30:36,521 [ForkJoinPool.commonPool-worker-0] INFO  util.JmxRegister (JmxRegister.java:unregister(73)) - Successfully un-registered JMX Bean with object name Ratis:service=RaftServer,group=group-F1D01D8A5C73,id=f94be414-d4cd-4929-99d0-8f9eafd02643
2022-01-06 13:30:36,521 [ForkJoinPool.commonPool-worker-0] INFO  impl.RoleInfo (RoleInfo.java:shutdownLeaderState(91)) - f94be414-d4cd-4929-99d0-8f9eafd02643: shutdown f94be414-d4cd-4929-99d0-8f9eafd02643@group-F1D01D8A5C73-LeaderStateImpl
2022-01-06 13:30:36,521 [ForkJoinPool.commonPool-worker-0] INFO  impl.PendingRequests (PendingRequests.java:sendNotLeaderResponses(282)) - f94be414-d4cd-4929-99d0-8f9eafd02643@group-F1D01D8A5C73-PendingRequests: sendNotLeaderResponses
2022-01-06 13:30:36,521 [f94be414-d4cd-4929-99d0-8f9eafd02643@group-F1D01D8A5C73->832710ff-70fd-4195-974e-450d8fd5944e-GrpcLogAppender-LogAppenderDaemon] WARN  server.GrpcLogAppender (GrpcLogAppender.java:mayWait(177)) - f94be414-d4cd-4929-99d0-8f9eafd02643@group-F1D01D8A5C73->832710ff-70fd-4195-974e-450d8fd5944e-GrpcLogAppender: Wait interrupted by java.lang.InterruptedException
2022-01-06 13:30:36,521 [832710ff-70fd-4195-974e-450d8fd5944e@group-F1D01D8A5C73-FollowerState] INFO  impl.FollowerState (FollowerState.java:run(143)) - 832710ff-70fd-4195-974e-450d8fd5944e@group-F1D01D8A5C73-FollowerState was interrupted: {}
java.lang.InterruptedException: sleep interrupted
	at java.lang.Thread.sleep(Native Method)
	at java.lang.Thread.sleep(Thread.java:340)
	at java.util.concurrent.TimeUnit.sleep(TimeUnit.java:386)
	at org.apache.ratis.util.TimeDuration.sleep(TimeDuration.java:324)
	at org.apache.ratis.util.TimeDuration.sleep(TimeDuration.java:309)
	at org.apache.ratis.server.impl.FollowerState.run(FollowerState.java:118)
2022-01-06 13:30:36,521 [f94be414-d4cd-4929-99d0-8f9eafd02643@group-F1D01D8A5C73->a3271a13-46d8-4b51-acff-5e832eb04f76-GrpcLogAppender-LogAppenderDaemon] WARN  server.GrpcLogAppender (GrpcLogAppender.java:mayWait(177)) - f94be414-d4cd-4929-99d0-8f9eafd02643@group-F1D01D8A5C73->a3271a13-46d8-4b51-acff-5e832eb04f76-GrpcLogAppender: Wait interrupted by java.lang.InterruptedException
2022-01-06 13:30:36,522 [grpc-default-executor-1] INFO  server.GrpcServerProtocolService (GrpcServerProtocolService.java:onCompleted(140)) - 832710ff-70fd-4195-974e-450d8fd5944e: Completed APPEND_ENTRIES, lastRequest: f94be414-d4cd-4929-99d0-8f9eafd02643->832710ff-70fd-4195-974e-450d8fd5944e#4-t6,previous=(t:6, i:1),leaderCommit=1,initializing? true,entries: size=1, first=(t:6, i:2), METADATAENTRY(c:1)
2022-01-06 13:30:36,523 [grpc-default-executor-2] INFO  server.GrpcLogAppender (GrpcLogAppender.java:onCompleted(346)) - f94be414-d4cd-4929-99d0-8f9eafd02643@group-F1D01D8A5C73->832710ff-70fd-4195-974e-450d8fd5944e-AppendLogResponseHandler: follower responses appendEntries COMPLETED
2022-01-06 13:30:36,523 [grpc-default-executor-2] INFO  leader.FollowerInfo (FollowerInfoImpl.java:lambda$new$0(47)) - f94be414-d4cd-4929-99d0-8f9eafd02643@group-F1D01D8A5C73->832710ff-70fd-4195-974e-450d8fd5944e: nextIndex: updateUnconditionally 3 -> 2
2022-01-06 13:30:36,523 [832710ff-70fd-4195-974e-450d8fd5944e@group-F1D01D8A5C73-StateMachineUpdater] INFO  ratis.ContainerStateMachine (ContainerStateMachine.java:takeSnapshot(299)) - group-F1D01D8A5C73: Taking a snapshot at:(t:6, i:2) file /home/runner/work/ozone/ozone/hadoop-ozone/integration-test/target/test-dir/MiniOzoneClusterImpl-1040910a-51cd-4ce1-8f2d-abd84b974e59/datanode-5/data/ratis/11925957-c949-41db-84e3-f1d01d8a5c73/sm/snapshot.6_2
2022-01-06 13:30:36,523 [Listener at 127.0.0.1/36535] INFO  impl.StateMachineUpdater (StateMachineUpdater.java:stopAndJoin(149)) - 832710ff-70fd-4195-974e-450d8fd5944e@group-F1D01D8A5C73-StateMachineUpdater: set stopIndex = 2
2022-01-06 13:30:36,525 [832710ff-70fd-4195-974e-450d8fd5944e@group-F1D01D8A5C73-StateMachineUpdater] INFO  ratis.ContainerStateMachine (ContainerStateMachine.java:takeSnapshot(310)) - group-F1D01D8A5C73: Finished taking a snapshot at:(t:6, i:2) file:/home/runner/work/ozone/ozone/hadoop-ozone/integration-test/target/test-dir/MiniOzoneClusterImpl-1040910a-51cd-4ce1-8f2d-abd84b974e59/datanode-5/data/ratis/11925957-c949-41db-84e3-f1d01d8a5c73/sm/snapshot.6_2 took: 2 ms
2022-01-06 13:30:36,525 [832710ff-70fd-4195-974e-450d8fd5944e@group-F1D01D8A5C73-StateMachineUpdater] INFO  impl.StateMachineUpdater (StateMachineUpdater.java:takeSnapshot(281)) - 832710ff-70fd-4195-974e-450d8fd5944e@group-F1D01D8A5C73-StateMachineUpdater: Took a snapshot at index 2
2022-01-06 13:30:36,525 [832710ff-70fd-4195-974e-450d8fd5944e@group-F1D01D8A5C73-StateMachineUpdater] INFO  impl.StateMachineUpdater (StateMachineUpdater.java:lambda$new$0(89)) - 832710ff-70fd-4195-974e-450d8fd5944e@group-F1D01D8A5C73-StateMachineUpdater: snapshotIndex: updateIncreasingly -1 -> 2
2022-01-06 13:30:36,532 [ForkJoinPool.commonPool-worker-0] INFO  impl.StateMachineUpdater (StateMachineUpdater.java:stopAndJoin(149)) - f94be414-d4cd-4929-99d0-8f9eafd02643@group-F1D01D8A5C73-StateMachineUpdater: set stopIndex = 2
2022-01-06 13:30:36,532 [f94be414-d4cd-4929-99d0-8f9eafd02643@group-F1D01D8A5C73-StateMachineUpdater] INFO  ratis.ContainerStateMachine (ContainerStateMachine.java:takeSnapshot(299)) - group-F1D01D8A5C73: Taking a snapshot at:(t:6, i:2) file /home/runner/work/ozone/ozone/hadoop-ozone/integration-test/target/test-dir/MiniOzoneClusterImpl-1040910a-51cd-4ce1-8f2d-abd84b974e59/datanode-3/data/ratis/11925957-c949-41db-84e3-f1d01d8a5c73/sm/snapshot.6_2
2022-01-06 13:30:36,533 [Listener at 127.0.0.1/36535] INFO  server.RaftServer$Division (ServerState.java:close(419)) - 832710ff-70fd-4195-974e-450d8fd5944e@group-F1D01D8A5C73: closes. applyIndex: 2
2022-01-06 13:30:36,533 [f94be414-d4cd-4929-99d0-8f9eafd02643@group-F1D01D8A5C73-StateMachineUpdater] INFO  ratis.ContainerStateMachine (ContainerStateMachine.java:takeSnapshot(310)) - group-F1D01D8A5C73: Finished taking a snapshot at:(t:6, i:2) file:/home/runner/work/ozone/ozone/hadoop-ozone/integration-test/target/test-dir/MiniOzoneClusterImpl-1040910a-51cd-4ce1-8f2d-abd84b974e59/datanode-3/data/ratis/11925957-c949-41db-84e3-f1d01d8a5c73/sm/snapshot.6_2 took: 1 ms
2022-01-06 13:30:36,534 [f94be414-d4cd-4929-99d0-8f9eafd02643@group-F1D01D8A5C73-StateMachineUpdater] INFO  impl.StateMachineUpdater (StateMachineUpdater.java:takeSnapshot(281)) - f94be414-d4cd-4929-99d0-8f9eafd02643@group-F1D01D8A5C73-StateMachineUpdater: Took a snapshot at index 2
2022-01-06 13:30:36,534 [f94be414-d4cd-4929-99d0-8f9eafd02643@group-F1D01D8A5C73-StateMachineUpdater] INFO  impl.StateMachineUpdater (StateMachineUpdater.java:lambda$new$0(89)) - f94be414-d4cd-4929-99d0-8f9eafd02643@group-F1D01D8A5C73-StateMachineUpdater: snapshotIndex: updateIncreasingly -1 -> 2
2022-01-06 13:30:36,535 [ForkJoinPool.commonPool-worker-0] INFO  server.RaftServer$Division (ServerState.java:close(419)) - f94be414-d4cd-4929-99d0-8f9eafd02643@group-F1D01D8A5C73: closes. applyIndex: 2
2022-01-06 13:30:36,535 [f94be414-d4cd-4929-99d0-8f9eafd02643@group-F1D01D8A5C73-SegmentedRaftLogWorker] INFO  segmented.SegmentedRaftLogWorker (SegmentedRaftLogWorker.java:run(327)) - f94be414-d4cd-4929-99d0-8f9eafd02643@group-F1D01D8A5C73-SegmentedRaftLogWorker was interrupted, exiting. There are 0 tasks remaining in the queue.
2022-01-06 13:30:36,535 [832710ff-70fd-4195-974e-450d8fd5944e@group-F1D01D8A5C73-SegmentedRaftLogWorker] INFO  segmented.SegmentedRaftLogWorker (SegmentedRaftLogWorker.java:run(327)) - 832710ff-70fd-4195-974e-450d8fd5944e@group-F1D01D8A5C73-SegmentedRaftLogWorker was interrupted, exiting. There are 0 tasks remaining in the queue.
2022-01-06 13:30:36,545 [ForkJoinPool.commonPool-worker-0] INFO  segmented.SegmentedRaftLogWorker (SegmentedRaftLogWorker.java:close(237)) - f94be414-d4cd-4929-99d0-8f9eafd02643@group-F1D01D8A5C73-SegmentedRaftLogWorker close()
2022-01-06 13:30:36,545 [Listener at 127.0.0.1/36535] INFO  segmented.SegmentedRaftLogWorker (SegmentedRaftLogWorker.java:close(237)) - 832710ff-70fd-4195-974e-450d8fd5944e@group-F1D01D8A5C73-SegmentedRaftLogWorker close()
2022-01-06 13:30:36,547 [ForkJoinPool.commonPool-worker-0] INFO  server.GrpcService (GrpcService.java:closeImpl(262)) - f94be414-d4cd-4929-99d0-8f9eafd02643: shutdown server with port 45415 now
2022-01-06 13:30:36,547 [Listener at 127.0.0.1/36535] INFO  server.GrpcService (GrpcService.java:closeImpl(262)) - 832710ff-70fd-4195-974e-450d8fd5944e: shutdown server with port 39399 now
2022-01-06 13:30:36,553 [ForkJoinPool.commonPool-worker-0] INFO  server.GrpcService (GrpcService.java:closeImpl(271)) - f94be414-d4cd-4929-99d0-8f9eafd02643: shutdown server with port 45415 successfully
2022-01-06 13:30:36,553 [org.apache.ratis.util.JvmPauseMonitor$$Lambda$539/55753935@74b01611] INFO  util.JvmPauseMonitor (JvmPauseMonitor.java:run(109)) - JvmPauseMonitor-f94be414-d4cd-4929-99d0-8f9eafd02643: Stopped
2022-01-06 13:30:36,554 [Listener at 127.0.0.1/36535] INFO  server.GrpcService (GrpcService.java:closeImpl(271)) - 832710ff-70fd-4195-974e-450d8fd5944e: shutdown server with port 39399 successfully
2022-01-06 13:30:36,554 [org.apache.ratis.util.JvmPauseMonitor$$Lambda$539/55753935@501ef38f] INFO  util.JvmPauseMonitor (JvmPauseMonitor.java:run(109)) - JvmPauseMonitor-832710ff-70fd-4195-974e-450d8fd5944e: Stopped
2022-01-06 13:30:38,562 [Listener at 127.0.0.1/36535] INFO  utils.BackgroundService (BackgroundService.java:shutdown(132)) - Shutting down service BlockDeletingService
2022-01-06 13:30:38,568 [ForkJoinPool.commonPool-worker-0] INFO  utils.BackgroundService (BackgroundService.java:shutdown(132)) - Shutting down service BlockDeletingService
2022-01-06 13:30:38,702 [grpc-default-executor-1] WARN  server.GrpcLogAppender (LogUtils.java:warn(122)) - 22c8497a-9e61-48ae-afcc-0cb0db452240@group-99B4631465CC->129ac5cb-389f-40c7-b14f-a1c1703048e2-AppendLogResponseHandler: Failed appendEntries: org.apache.ratis.thirdparty.io.grpc.StatusRuntimeException: UNAVAILABLE: io exception
2022-01-06 13:30:38,703 [grpc-default-executor-1] WARN  server.GrpcLogAppender (GrpcLogAppender.java:resetClient(110)) - 22c8497a-9e61-48ae-afcc-0cb0db452240@group-99B4631465CC->129ac5cb-389f-40c7-b14f-a1c1703048e2-GrpcLogAppender: Leader has not got in touch with Follower 22c8497a-9e61-48ae-afcc-0cb0db452240@group-99B4631465CC->129ac5cb-389f-40c7-b14f-a1c1703048e2(c0,m0,n1, attendVote=true, lastRpcSendTime=2506, lastRpcResponseTime=12523) yet, just keep nextIndex unchanged and retry.
2022-01-06 13:30:41,205 [grpc-default-executor-1] WARN  server.GrpcLogAppender (LogUtils.java:warn(122)) - 22c8497a-9e61-48ae-afcc-0cb0db452240@group-99B4631465CC->129ac5cb-389f-40c7-b14f-a1c1703048e2-AppendLogResponseHandler: Failed appendEntries: org.apache.ratis.thirdparty.io.grpc.StatusRuntimeException: UNAVAILABLE: io exception
2022-01-06 13:30:41,206 [grpc-default-executor-1] WARN  server.GrpcLogAppender (GrpcLogAppender.java:resetClient(110)) - 22c8497a-9e61-48ae-afcc-0cb0db452240@group-99B4631465CC->129ac5cb-389f-40c7-b14f-a1c1703048e2-GrpcLogAppender: Leader has not got in touch with Follower 22c8497a-9e61-48ae-afcc-0cb0db452240@group-99B4631465CC->129ac5cb-389f-40c7-b14f-a1c1703048e2(c0,m0,n1, attendVote=true, lastRpcSendTime=2501, lastRpcResponseTime=15026) yet, just keep nextIndex unchanged and retry.
2022-01-06 13:30:41,583 [Listener at 127.0.0.1/36535] INFO  statemachine.DatanodeStateMachine (DatanodeStateMachine.java:stopDaemon(526)) - Ozone container server stopped.
2022-01-06 13:30:41,584 [Listener at 127.0.0.1/36535] INFO  handler.ContextHandler (ContextHandler.java:doStop(1153)) - Stopped o.e.j.w.WebAppContext@1472308f{hddsDatanode,/,null,STOPPED}{jar:file:/home/runner/.m2/repository/org/apache/ozone/hdds-container-service/1.3.0-SNAPSHOT/hdds-container-service-1.3.0-SNAPSHOT.jar!/webapps/hddsDatanode}
2022-01-06 13:30:41,584 [Listener at 127.0.0.1/36535] INFO  server.AbstractConnector (AbstractConnector.java:doStop(381)) - Stopped ServerConnector@304d96b5{HTTP/1.1, (http/1.1)}{0.0.0.0:0}
2022-01-06 13:30:41,585 [Listener at 127.0.0.1/36535] INFO  server.session (HouseKeeper.java:stopScavenging(149)) - node0 Stopped scavenging
2022-01-06 13:30:41,585 [Listener at 127.0.0.1/36535] INFO  handler.ContextHandler (ContextHandler.java:doStop(1153)) - Stopped o.e.j.s.ServletContextHandler@57b03187{static,/static,jar:file:/home/runner/.m2/repository/org/apache/ozone/hdds-container-service/1.3.0-SNAPSHOT/hdds-container-service-1.3.0-SNAPSHOT.jar!/webapps/static,STOPPED}
2022-01-06 13:30:41,585 [Listener at 127.0.0.1/36535] INFO  handler.ContextHandler (ContextHandler.java:doStop(1153)) - Stopped o.e.j.s.ServletContextHandler@7a51ba06{logs,/logs,file:///home/runner/work/ozone/ozone/hadoop-ozone/integration-test/target/log,STOPPED}
2022-01-06 13:30:41,586 [ForkJoinPool.commonPool-worker-0] INFO  statemachine.DatanodeStateMachine (DatanodeStateMachine.java:stopDaemon(526)) - Ozone container server stopped.
2022-01-06 13:30:41,590 [ForkJoinPool.commonPool-worker-0] INFO  handler.ContextHandler (ContextHandler.java:doStop(1153)) - Stopped o.e.j.w.WebAppContext@1f44c6b6{hddsDatanode,/,null,STOPPED}{jar:file:/home/runner/.m2/repository/org/apache/ozone/hdds-container-service/1.3.0-SNAPSHOT/hdds-container-service-1.3.0-SNAPSHOT.jar!/webapps/hddsDatanode}
2022-01-06 13:30:41,590 [ForkJoinPool.commonPool-worker-0] INFO  server.AbstractConnector (AbstractConnector.java:doStop(381)) - Stopped ServerConnector@4c27fe7a{HTTP/1.1, (http/1.1)}{0.0.0.0:0}
2022-01-06 13:30:41,590 [ForkJoinPool.commonPool-worker-0] INFO  server.session (HouseKeeper.java:stopScavenging(149)) - node0 Stopped scavenging
2022-01-06 13:30:41,595 [ForkJoinPool.commonPool-worker-0] INFO  handler.ContextHandler (ContextHandler.java:doStop(1153)) - Stopped o.e.j.s.ServletContextHandler@777a67a0{static,/static,jar:file:/home/runner/.m2/repository/org/apache/ozone/hdds-container-service/1.3.0-SNAPSHOT/hdds-container-service-1.3.0-SNAPSHOT.jar!/webapps/static,STOPPED}
2022-01-06 13:30:41,595 [ForkJoinPool.commonPool-worker-0] INFO  handler.ContextHandler (ContextHandler.java:doStop(1153)) - Stopped o.e.j.s.ServletContextHandler@5b218570{logs,/logs,file:///home/runner/work/ozone/ozone/hadoop-ozone/integration-test/target/log,STOPPED}
2022-01-06 13:30:43,710 [grpc-default-executor-1] WARN  server.GrpcLogAppender (LogUtils.java:warn(122)) - 22c8497a-9e61-48ae-afcc-0cb0db452240@group-99B4631465CC->129ac5cb-389f-40c7-b14f-a1c1703048e2-AppendLogResponseHandler: Failed appendEntries: org.apache.ratis.thirdparty.io.grpc.StatusRuntimeException: UNAVAILABLE: io exception
2022-01-06 13:30:43,711 [grpc-default-executor-1] WARN  server.GrpcLogAppender (GrpcLogAppender.java:resetClient(110)) - 22c8497a-9e61-48ae-afcc-0cb0db452240@group-99B4631465CC->129ac5cb-389f-40c7-b14f-a1c1703048e2-GrpcLogAppender: Leader has not got in touch with Follower 22c8497a-9e61-48ae-afcc-0cb0db452240@group-99B4631465CC->129ac5cb-389f-40c7-b14f-a1c1703048e2(c0,m0,n1, attendVote=true, lastRpcSendTime=0, lastRpcResponseTime=17531) yet, just keep nextIndex unchanged and retry.
2022-01-06 13:30:46,217 [grpc-default-executor-1] WARN  server.GrpcLogAppender (LogUtils.java:warn(122)) - 22c8497a-9e61-48ae-afcc-0cb0db452240@group-99B4631465CC->129ac5cb-389f-40c7-b14f-a1c1703048e2-AppendLogResponseHandler: Failed appendEntries: org.apache.ratis.thirdparty.io.grpc.StatusRuntimeException: UNAVAILABLE: io exception
2022-01-06 13:30:46,218 [grpc-default-executor-1] WARN  server.GrpcLogAppender (GrpcLogAppender.java:resetClient(110)) - 22c8497a-9e61-48ae-afcc-0cb0db452240@group-99B4631465CC->129ac5cb-389f-40c7-b14f-a1c1703048e2-GrpcLogAppender: Leader has not got in touch with Follower 22c8497a-9e61-48ae-afcc-0cb0db452240@group-99B4631465CC->129ac5cb-389f-40c7-b14f-a1c1703048e2(c0,m0,n1, attendVote=true, lastRpcSendTime=0, lastRpcResponseTime=20038) yet, just keep nextIndex unchanged and retry.
2022-01-06 13:30:46,599 [Listener at 127.0.0.1/36535] INFO  ozoneimpl.OzoneContainer (OzoneContainer.java:stop(336)) - Attempting to stop container services.
2022-01-06 13:30:46,600 [ForkJoinPool.commonPool-worker-0] INFO  ozoneimpl.OzoneContainer (OzoneContainer.java:stop(336)) - Attempting to stop container services.
2022-01-06 13:30:46,600 [Listener at 127.0.0.1/36535] INFO  server.RaftServer (RaftServerProxy.java:lambda$close$6(391)) - 665e739a-157d-4ef9-b1c9-ec3dd6c8e45b: close
2022-01-06 13:30:46,601 [Listener at 127.0.0.1/36535] INFO  server.RaftServer$Division (RaftServerImpl.java:lambda$close$4(412)) - 665e739a-157d-4ef9-b1c9-ec3dd6c8e45b@group-1FE22983BC3E: shutdown
2022-01-06 13:30:46,602 [Listener at 127.0.0.1/36535] INFO  util.JmxRegister (JmxRegister.java:unregister(73)) - Successfully un-registered JMX Bean with object name Ratis:service=RaftServer,group=group-1FE22983BC3E,id=665e739a-157d-4ef9-b1c9-ec3dd6c8e45b
2022-01-06 13:30:46,602 [Listener at 127.0.0.1/36535] INFO  impl.RoleInfo (RoleInfo.java:shutdownLeaderState(91)) - 665e739a-157d-4ef9-b1c9-ec3dd6c8e45b: shutdown 665e739a-157d-4ef9-b1c9-ec3dd6c8e45b@group-1FE22983BC3E-LeaderStateImpl
2022-01-06 13:30:46,602 [665e739a-157d-4ef9-b1c9-ec3dd6c8e45b@group-1FE22983BC3E->76e53578-69cb-4294-9496-1cf18385f48a-GrpcLogAppender-LogAppenderDaemon] WARN  server.GrpcLogAppender (GrpcLogAppender.java:mayWait(177)) - 665e739a-157d-4ef9-b1c9-ec3dd6c8e45b@group-1FE22983BC3E->76e53578-69cb-4294-9496-1cf18385f48a-GrpcLogAppender: Wait interrupted by java.lang.InterruptedException
2022-01-06 13:30:46,602 [Listener at 127.0.0.1/36535] INFO  impl.PendingRequests (PendingRequests.java:sendNotLeaderResponses(282)) - 665e739a-157d-4ef9-b1c9-ec3dd6c8e45b@group-1FE22983BC3E-PendingRequests: sendNotLeaderResponses
2022-01-06 13:30:46,602 [ForkJoinPool.commonPool-worker-0] INFO  server.RaftServer (RaftServerProxy.java:lambda$close$6(391)) - 30761433-74de-448b-9041-b7efaa078424: close
2022-01-06 13:30:46,609 [ForkJoinPool.commonPool-worker-0] INFO  server.RaftServer$Division (RaftServerImpl.java:lambda$close$4(412)) - 30761433-74de-448b-9041-b7efaa078424@group-57D22A8C9907: shutdown
2022-01-06 13:30:46,610 [ForkJoinPool.commonPool-worker-0] INFO  util.JmxRegister (JmxRegister.java:unregister(73)) - Successfully un-registered JMX Bean with object name Ratis:service=RaftServer,group=group-57D22A8C9907,id=30761433-74de-448b-9041-b7efaa078424
2022-01-06 13:30:46,610 [ForkJoinPool.commonPool-worker-0] INFO  impl.RoleInfo (RoleInfo.java:shutdownLeaderState(91)) - 30761433-74de-448b-9041-b7efaa078424: shutdown 30761433-74de-448b-9041-b7efaa078424@group-57D22A8C9907-LeaderStateImpl
2022-01-06 13:30:46,610 [ForkJoinPool.commonPool-worker-0] INFO  impl.PendingRequests (PendingRequests.java:sendNotLeaderResponses(282)) - 30761433-74de-448b-9041-b7efaa078424@group-57D22A8C9907-PendingRequests: sendNotLeaderResponses
2022-01-06 13:30:46,612 [grpc-default-executor-2] INFO  server.GrpcServerProtocolService (GrpcServerProtocolService.java:onCompleted(140)) - 76e53578-69cb-4294-9496-1cf18385f48a: Completed APPEND_ENTRIES, lastRequest: 665e739a-157d-4ef9-b1c9-ec3dd6c8e45b->76e53578-69cb-4294-9496-1cf18385f48a#19-t3,previous=(t:3, i:11),leaderCommit=6,initializing? true,entries: size=1, first=(t:3, i:12), METADATAENTRY(c:6)
2022-01-06 13:30:46,605 [665e739a-157d-4ef9-b1c9-ec3dd6c8e45b@group-1FE22983BC3E-StateMachineUpdater] INFO  ratis.ContainerStateMachine (ContainerStateMachine.java:takeSnapshot(299)) - group-1FE22983BC3E: Taking a snapshot at:(t:3, i:12) file /home/runner/work/ozone/ozone/hadoop-ozone/integration-test/target/test-dir/MiniOzoneClusterImpl-1040910a-51cd-4ce1-8f2d-abd84b974e59/datanode-7/data/ratis/e04dc973-2c55-47c2-9965-1fe22983bc3e/sm/snapshot.3_12
2022-01-06 13:30:46,604 [Listener at 127.0.0.1/36535] INFO  impl.StateMachineUpdater (StateMachineUpdater.java:stopAndJoin(149)) - 665e739a-157d-4ef9-b1c9-ec3dd6c8e45b@group-1FE22983BC3E-StateMachineUpdater: set stopIndex = 12
2022-01-06 13:30:46,602 [665e739a-157d-4ef9-b1c9-ec3dd6c8e45b@group-1FE22983BC3E->177ce3f2-416d-49f6-9e1f-da5fb9a9d371-GrpcLogAppender-LogAppenderDaemon] WARN  server.GrpcLogAppender (GrpcLogAppender.java:mayWait(177)) - 665e739a-157d-4ef9-b1c9-ec3dd6c8e45b@group-1FE22983BC3E->177ce3f2-416d-49f6-9e1f-da5fb9a9d371-GrpcLogAppender: Wait interrupted by java.lang.InterruptedException
2022-01-06 13:30:46,614 [grpc-default-executor-1] INFO  server.GrpcLogAppender (GrpcLogAppender.java:onCompleted(346)) - 665e739a-157d-4ef9-b1c9-ec3dd6c8e45b@group-1FE22983BC3E->76e53578-69cb-4294-9496-1cf18385f48a-AppendLogResponseHandler: follower responses appendEntries COMPLETED
2022-01-06 13:30:46,614 [grpc-default-executor-1] INFO  leader.FollowerInfo (FollowerInfoImpl.java:lambda$new$0(47)) - 665e739a-157d-4ef9-b1c9-ec3dd6c8e45b@group-1FE22983BC3E->76e53578-69cb-4294-9496-1cf18385f48a: nextIndex: updateUnconditionally 13 -> 12
2022-01-06 13:30:46,615 [grpc-default-executor-1] INFO  server.GrpcServerProtocolService (GrpcServerProtocolService.java:onCompleted(140)) - 177ce3f2-416d-49f6-9e1f-da5fb9a9d371: Completed APPEND_ENTRIES, lastRequest: 665e739a-157d-4ef9-b1c9-ec3dd6c8e45b->177ce3f2-416d-49f6-9e1f-da5fb9a9d371#25-t3,previous=(t:3, i:11),leaderCommit=6,initializing? true,entries: size=1, first=(t:3, i:12), METADATAENTRY(c:6)
2022-01-06 13:30:46,615 [grpc-default-executor-0] INFO  server.GrpcLogAppender (GrpcLogAppender.java:onCompleted(346)) - 665e739a-157d-4ef9-b1c9-ec3dd6c8e45b@group-1FE22983BC3E->177ce3f2-416d-49f6-9e1f-da5fb9a9d371-AppendLogResponseHandler: follower responses appendEntries COMPLETED
2022-01-06 13:30:46,615 [grpc-default-executor-0] INFO  leader.FollowerInfo (FollowerInfoImpl.java:lambda$new$0(47)) - 665e739a-157d-4ef9-b1c9-ec3dd6c8e45b@group-1FE22983BC3E->177ce3f2-416d-49f6-9e1f-da5fb9a9d371: nextIndex: updateUnconditionally 13 -> 12
2022-01-06 13:30:46,618 [ForkJoinPool.commonPool-worker-0] INFO  impl.StateMachineUpdater (StateMachineUpdater.java:stopAndJoin(149)) - 30761433-74de-448b-9041-b7efaa078424@group-57D22A8C9907-StateMachineUpdater: set stopIndex = 0
2022-01-06 13:30:46,618 [30761433-74de-448b-9041-b7efaa078424@group-57D22A8C9907-StateMachineUpdater] INFO  ratis.ContainerStateMachine (ContainerStateMachine.java:takeSnapshot(299)) - group-57D22A8C9907: Taking a snapshot at:(t:1, i:0) file /home/runner/work/ozone/ozone/hadoop-ozone/integration-test/target/test-dir/MiniOzoneClusterImpl-1040910a-51cd-4ce1-8f2d-abd84b974e59/datanode-0/data/ratis/c7f70cff-003f-4311-9eb4-57d22a8c9907/sm/snapshot.1_0
2022-01-06 13:30:46,620 [30761433-74de-448b-9041-b7efaa078424@group-57D22A8C9907-StateMachineUpdater] INFO  ratis.ContainerStateMachine (ContainerStateMachine.java:takeSnapshot(310)) - group-57D22A8C9907: Finished taking a snapshot at:(t:1, i:0) file:/home/runner/work/ozone/ozone/hadoop-ozone/integration-test/target/test-dir/MiniOzoneClusterImpl-1040910a-51cd-4ce1-8f2d-abd84b974e59/datanode-0/data/ratis/c7f70cff-003f-4311-9eb4-57d22a8c9907/sm/snapshot.1_0 took: 1 ms
2022-01-06 13:30:46,620 [30761433-74de-448b-9041-b7efaa078424@group-57D22A8C9907-StateMachineUpdater] INFO  impl.StateMachineUpdater (StateMachineUpdater.java:takeSnapshot(281)) - 30761433-74de-448b-9041-b7efaa078424@group-57D22A8C9907-StateMachineUpdater: Took a snapshot at index 0
2022-01-06 13:30:46,620 [30761433-74de-448b-9041-b7efaa078424@group-57D22A8C9907-StateMachineUpdater] INFO  impl.StateMachineUpdater (StateMachineUpdater.java:lambda$new$0(89)) - 30761433-74de-448b-9041-b7efaa078424@group-57D22A8C9907-StateMachineUpdater: snapshotIndex: updateIncreasingly -1 -> 0
2022-01-06 13:30:46,620 [ForkJoinPool.commonPool-worker-0] INFO  server.RaftServer$Division (ServerState.java:close(419)) - 30761433-74de-448b-9041-b7efaa078424@group-57D22A8C9907: closes. applyIndex: 0
2022-01-06 13:30:46,620 [30761433-74de-448b-9041-b7efaa078424@group-57D22A8C9907-SegmentedRaftLogWorker] INFO  segmented.SegmentedRaftLogWorker (SegmentedRaftLogWorker.java:run(327)) - 30761433-74de-448b-9041-b7efaa078424@group-57D22A8C9907-SegmentedRaftLogWorker was interrupted, exiting. There are 0 tasks remaining in the queue.
2022-01-06 13:30:46,621 [ForkJoinPool.commonPool-worker-0] INFO  segmented.SegmentedRaftLogWorker (SegmentedRaftLogWorker.java:close(237)) - 30761433-74de-448b-9041-b7efaa078424@group-57D22A8C9907-SegmentedRaftLogWorker close()
2022-01-06 13:30:46,624 [ForkJoinPool.commonPool-worker-0] INFO  server.RaftServer$Division (RaftServerImpl.java:lambda$close$4(412)) - 30761433-74de-448b-9041-b7efaa078424@group-99B4631465CC: shutdown
2022-01-06 13:30:46,624 [ForkJoinPool.commonPool-worker-0] INFO  util.JmxRegister (JmxRegister.java:unregister(73)) - Successfully un-registered JMX Bean with object name Ratis:service=RaftServer,group=group-99B4631465CC,id=30761433-74de-448b-9041-b7efaa078424
2022-01-06 13:30:46,624 [ForkJoinPool.commonPool-worker-0] INFO  impl.RoleInfo (RoleInfo.java:shutdownFollowerState(108)) - 30761433-74de-448b-9041-b7efaa078424: shutdown 30761433-74de-448b-9041-b7efaa078424@group-99B4631465CC-FollowerState
2022-01-06 13:30:46,624 [ForkJoinPool.commonPool-worker-0] INFO  impl.StateMachineUpdater (StateMachineUpdater.java:stopAndJoin(149)) - 30761433-74de-448b-9041-b7efaa078424@group-99B4631465CC-StateMachineUpdater: set stopIndex = 0
2022-01-06 13:30:46,624 [30761433-74de-448b-9041-b7efaa078424@group-99B4631465CC-FollowerState] INFO  impl.FollowerState (FollowerState.java:run(143)) - 30761433-74de-448b-9041-b7efaa078424@group-99B4631465CC-FollowerState was interrupted: {}
java.lang.InterruptedException: sleep interrupted
	at java.lang.Thread.sleep(Native Method)
	at java.lang.Thread.sleep(Thread.java:340)
	at java.util.concurrent.TimeUnit.sleep(TimeUnit.java:386)
	at org.apache.ratis.util.TimeDuration.sleep(TimeDuration.java:324)
	at org.apache.ratis.util.TimeDuration.sleep(TimeDuration.java:309)
	at org.apache.ratis.server.impl.FollowerState.run(FollowerState.java:118)
2022-01-06 13:30:46,625 [30761433-74de-448b-9041-b7efaa078424@group-99B4631465CC-StateMachineUpdater] INFO  ratis.ContainerStateMachine (ContainerStateMachine.java:takeSnapshot(299)) - group-99B4631465CC: Taking a snapshot at:(t:5, i:0) file /home/runner/work/ozone/ozone/hadoop-ozone/integration-test/target/test-dir/MiniOzoneClusterImpl-1040910a-51cd-4ce1-8f2d-abd84b974e59/datanode-0/data/ratis/6e6fbaad-accd-40fc-ad54-99b4631465cc/sm/snapshot.5_0
2022-01-06 13:30:46,634 [30761433-74de-448b-9041-b7efaa078424@group-99B4631465CC-StateMachineUpdater] INFO  ratis.ContainerStateMachine (ContainerStateMachine.java:takeSnapshot(310)) - group-99B4631465CC: Finished taking a snapshot at:(t:5, i:0) file:/home/runner/work/ozone/ozone/hadoop-ozone/integration-test/target/test-dir/MiniOzoneClusterImpl-1040910a-51cd-4ce1-8f2d-abd84b974e59/datanode-0/data/ratis/6e6fbaad-accd-40fc-ad54-99b4631465cc/sm/snapshot.5_0 took: 10 ms
2022-01-06 13:30:46,635 [665e739a-157d-4ef9-b1c9-ec3dd6c8e45b@group-1FE22983BC3E-StateMachineUpdater] INFO  ratis.ContainerStateMachine (ContainerStateMachine.java:takeSnapshot(310)) - group-1FE22983BC3E: Finished taking a snapshot at:(t:3, i:12) file:/home/runner/work/ozone/ozone/hadoop-ozone/integration-test/target/test-dir/MiniOzoneClusterImpl-1040910a-51cd-4ce1-8f2d-abd84b974e59/datanode-7/data/ratis/e04dc973-2c55-47c2-9965-1fe22983bc3e/sm/snapshot.3_12 took: 30 ms
2022-01-06 13:30:46,635 [665e739a-157d-4ef9-b1c9-ec3dd6c8e45b@group-1FE22983BC3E-StateMachineUpdater] INFO  impl.StateMachineUpdater (StateMachineUpdater.java:takeSnapshot(281)) - 665e739a-157d-4ef9-b1c9-ec3dd6c8e45b@group-1FE22983BC3E-StateMachineUpdater: Took a snapshot at index 12
2022-01-06 13:30:46,635 [665e739a-157d-4ef9-b1c9-ec3dd6c8e45b@group-1FE22983BC3E-StateMachineUpdater] INFO  impl.StateMachineUpdater (StateMachineUpdater.java:lambda$new$0(89)) - 665e739a-157d-4ef9-b1c9-ec3dd6c8e45b@group-1FE22983BC3E-StateMachineUpdater: snapshotIndex: updateIncreasingly -1 -> 12
2022-01-06 13:30:46,635 [Listener at 127.0.0.1/36535] INFO  server.RaftServer$Division (ServerState.java:close(419)) - 665e739a-157d-4ef9-b1c9-ec3dd6c8e45b@group-1FE22983BC3E: closes. applyIndex: 12
2022-01-06 13:30:46,639 [665e739a-157d-4ef9-b1c9-ec3dd6c8e45b@group-1FE22983BC3E-SegmentedRaftLogWorker] INFO  segmented.SegmentedRaftLogWorker (SegmentedRaftLogWorker.java:run(327)) - 665e739a-157d-4ef9-b1c9-ec3dd6c8e45b@group-1FE22983BC3E-SegmentedRaftLogWorker was interrupted, exiting. There are 0 tasks remaining in the queue.
2022-01-06 13:30:46,639 [Listener at 127.0.0.1/36535] INFO  segmented.SegmentedRaftLogWorker (SegmentedRaftLogWorker.java:close(237)) - 665e739a-157d-4ef9-b1c9-ec3dd6c8e45b@group-1FE22983BC3E-SegmentedRaftLogWorker close()
2022-01-06 13:30:46,635 [30761433-74de-448b-9041-b7efaa078424@group-99B4631465CC-StateMachineUpdater] INFO  impl.StateMachineUpdater (StateMachineUpdater.java:takeSnapshot(281)) - 30761433-74de-448b-9041-b7efaa078424@group-99B4631465CC-StateMachineUpdater: Took a snapshot at index 0
2022-01-06 13:30:46,640 [30761433-74de-448b-9041-b7efaa078424@group-99B4631465CC-StateMachineUpdater] INFO  impl.StateMachineUpdater (StateMachineUpdater.java:lambda$new$0(89)) - 30761433-74de-448b-9041-b7efaa078424@group-99B4631465CC-StateMachineUpdater: snapshotIndex: updateIncreasingly -1 -> 0
2022-01-06 13:30:46,640 [Listener at 127.0.0.1/36535] INFO  server.RaftServer$Division (RaftServerImpl.java:lambda$close$4(412)) - 665e739a-157d-4ef9-b1c9-ec3dd6c8e45b@group-E679EF3C7C02: shutdown
2022-01-06 13:30:46,640 [Listener at 127.0.0.1/36535] INFO  util.JmxRegister (JmxRegister.java:unregister(73)) - Successfully un-registered JMX Bean with object name Ratis:service=RaftServer,group=group-E679EF3C7C02,id=665e739a-157d-4ef9-b1c9-ec3dd6c8e45b
2022-01-06 13:30:46,640 [Listener at 127.0.0.1/36535] INFO  impl.RoleInfo (RoleInfo.java:shutdownLeaderState(91)) - 665e739a-157d-4ef9-b1c9-ec3dd6c8e45b: shutdown 665e739a-157d-4ef9-b1c9-ec3dd6c8e45b@group-E679EF3C7C02-LeaderStateImpl
2022-01-06 13:30:46,640 [ForkJoinPool.commonPool-worker-0] INFO  server.RaftServer$Division (ServerState.java:close(419)) - 30761433-74de-448b-9041-b7efaa078424@group-99B4631465CC: closes. applyIndex: 0
2022-01-06 13:30:46,640 [30761433-74de-448b-9041-b7efaa078424@group-99B4631465CC-SegmentedRaftLogWorker] INFO  segmented.SegmentedRaftLogWorker (SegmentedRaftLogWorker.java:run(327)) - 30761433-74de-448b-9041-b7efaa078424@group-99B4631465CC-SegmentedRaftLogWorker was interrupted, exiting. There are 0 tasks remaining in the queue.
2022-01-06 13:30:46,641 [ForkJoinPool.commonPool-worker-0] INFO  segmented.SegmentedRaftLogWorker (SegmentedRaftLogWorker.java:close(237)) - 30761433-74de-448b-9041-b7efaa078424@group-99B4631465CC-SegmentedRaftLogWorker close()
2022-01-06 13:30:46,647 [ForkJoinPool.commonPool-worker-0] INFO  server.GrpcService (GrpcService.java:closeImpl(262)) - 30761433-74de-448b-9041-b7efaa078424: shutdown server with port 41385 now
2022-01-06 13:30:46,654 [Listener at 127.0.0.1/36535] INFO  impl.PendingRequests (PendingRequests.java:sendNotLeaderResponses(282)) - 665e739a-157d-4ef9-b1c9-ec3dd6c8e45b@group-E679EF3C7C02-PendingRequests: sendNotLeaderResponses
2022-01-06 13:30:46,655 [Listener at 127.0.0.1/36535] INFO  impl.StateMachineUpdater (StateMachineUpdater.java:stopAndJoin(149)) - 665e739a-157d-4ef9-b1c9-ec3dd6c8e45b@group-E679EF3C7C02-StateMachineUpdater: set stopIndex = 0
2022-01-06 13:30:46,655 [665e739a-157d-4ef9-b1c9-ec3dd6c8e45b@group-E679EF3C7C02-StateMachineUpdater] INFO  ratis.ContainerStateMachine (ContainerStateMachine.java:takeSnapshot(299)) - group-E679EF3C7C02: Taking a snapshot at:(t:1, i:0) file /home/runner/work/ozone/ozone/hadoop-ozone/integration-test/target/test-dir/MiniOzoneClusterImpl-1040910a-51cd-4ce1-8f2d-abd84b974e59/datanode-7/data/ratis/5822dadb-f2d4-4a0d-a59b-e679ef3c7c02/sm/snapshot.1_0
2022-01-06 13:30:46,655 [665e739a-157d-4ef9-b1c9-ec3dd6c8e45b@group-E679EF3C7C02-StateMachineUpdater] INFO  ratis.ContainerStateMachine (ContainerStateMachine.java:takeSnapshot(310)) - group-E679EF3C7C02: Finished taking a snapshot at:(t:1, i:0) file:/home/runner/work/ozone/ozone/hadoop-ozone/integration-test/target/test-dir/MiniOzoneClusterImpl-1040910a-51cd-4ce1-8f2d-abd84b974e59/datanode-7/data/ratis/5822dadb-f2d4-4a0d-a59b-e679ef3c7c02/sm/snapshot.1_0 took: 1 ms
2022-01-06 13:30:46,656 [665e739a-157d-4ef9-b1c9-ec3dd6c8e45b@group-E679EF3C7C02-StateMachineUpdater] INFO  impl.StateMachineUpdater (StateMachineUpdater.java:takeSnapshot(281)) - 665e739a-157d-4ef9-b1c9-ec3dd6c8e45b@group-E679EF3C7C02-StateMachineUpdater: Took a snapshot at index 0
2022-01-06 13:30:46,656 [665e739a-157d-4ef9-b1c9-ec3dd6c8e45b@group-E679EF3C7C02-StateMachineUpdater] INFO  impl.StateMachineUpdater (StateMachineUpdater.java:lambda$new$0(89)) - 665e739a-157d-4ef9-b1c9-ec3dd6c8e45b@group-E679EF3C7C02-StateMachineUpdater: snapshotIndex: updateIncreasingly -1 -> 0
2022-01-06 13:30:46,657 [Listener at 127.0.0.1/36535] INFO  server.RaftServer$Division (ServerState.java:close(419)) - 665e739a-157d-4ef9-b1c9-ec3dd6c8e45b@group-E679EF3C7C02: closes. applyIndex: 0
2022-01-06 13:30:46,657 [665e739a-157d-4ef9-b1c9-ec3dd6c8e45b@group-E679EF3C7C02-SegmentedRaftLogWorker] INFO  segmented.SegmentedRaftLogWorker (SegmentedRaftLogWorker.java:run(327)) - 665e739a-157d-4ef9-b1c9-ec3dd6c8e45b@group-E679EF3C7C02-SegmentedRaftLogWorker was interrupted, exiting. There are 0 tasks remaining in the queue.
2022-01-06 13:30:46,657 [Listener at 127.0.0.1/36535] INFO  segmented.SegmentedRaftLogWorker (SegmentedRaftLogWorker.java:close(237)) - 665e739a-157d-4ef9-b1c9-ec3dd6c8e45b@group-E679EF3C7C02-SegmentedRaftLogWorker close()
2022-01-06 13:30:46,659 [Listener at 127.0.0.1/36535] INFO  server.GrpcService (GrpcService.java:closeImpl(262)) - 665e739a-157d-4ef9-b1c9-ec3dd6c8e45b: shutdown server with port 42233 now
2022-01-06 13:30:46,660 [grpc-default-executor-1] WARN  server.GrpcServerProtocolService (LogUtils.java:warn(122)) - 30761433-74de-448b-9041-b7efaa078424: installSnapshot onError, lastRequest: 22c8497a-9e61-48ae-afcc-0cb0db452240->30761433-74de-448b-9041-b7efaa078424#1-t5,previous=(t:0, i:0),leaderCommit=-1,initializing? true,entries: size=1, first=(t:5, i:0), CONFIGURATIONENTRY: org.apache.ratis.thirdparty.io.grpc.StatusRuntimeException: CANCELLED: client cancelled
2022-01-06 13:30:46,661 [grpc-default-executor-2] WARN  server.GrpcLogAppender (LogUtils.java:warn(122)) - 22c8497a-9e61-48ae-afcc-0cb0db452240@group-99B4631465CC->30761433-74de-448b-9041-b7efaa078424-AppendLogResponseHandler: Failed appendEntries: org.apache.ratis.thirdparty.io.grpc.StatusRuntimeException: CANCELLED: HTTP/2 error code: CANCEL
Received Rst Stream
2022-01-06 13:30:46,662 [grpc-default-executor-2] WARN  server.GrpcLogAppender (GrpcLogAppender.java:resetClient(110)) - 22c8497a-9e61-48ae-afcc-0cb0db452240@group-99B4631465CC->30761433-74de-448b-9041-b7efaa078424-GrpcLogAppender: Leader has not got in touch with Follower 22c8497a-9e61-48ae-afcc-0cb0db452240@group-99B4631465CC->30761433-74de-448b-9041-b7efaa078424(c0,m0,n1, attendVote=true, lastRpcSendTime=420, lastRpcResponseTime=405) yet, just keep nextIndex unchanged and retry.
2022-01-06 13:30:46,705 [ForkJoinPool.commonPool-worker-0] INFO  server.GrpcService (GrpcService.java:closeImpl(271)) - 30761433-74de-448b-9041-b7efaa078424: shutdown server with port 41385 successfully
2022-01-06 13:30:46,705 [Listener at 127.0.0.1/36535] INFO  server.GrpcService (GrpcService.java:closeImpl(271)) - 665e739a-157d-4ef9-b1c9-ec3dd6c8e45b: shutdown server with port 42233 successfully
2022-01-06 13:30:46,705 [org.apache.ratis.util.JvmPauseMonitor$$Lambda$539/55753935@444fddcd] INFO  util.JvmPauseMonitor (JvmPauseMonitor.java:run(109)) - JvmPauseMonitor-30761433-74de-448b-9041-b7efaa078424: Stopped
2022-01-06 13:30:46,705 [org.apache.ratis.util.JvmPauseMonitor$$Lambda$539/55753935@1fadc0b9] INFO  util.JvmPauseMonitor (JvmPauseMonitor.java:run(109)) - JvmPauseMonitor-665e739a-157d-4ef9-b1c9-ec3dd6c8e45b: Stopped
2022-01-06 13:30:48,723 [grpc-default-executor-2] WARN  server.GrpcLogAppender (LogUtils.java:warn(122)) - 22c8497a-9e61-48ae-afcc-0cb0db452240@group-99B4631465CC->129ac5cb-389f-40c7-b14f-a1c1703048e2-AppendLogResponseHandler: Failed appendEntries: org.apache.ratis.thirdparty.io.grpc.StatusRuntimeException: UNAVAILABLE: io exception
2022-01-06 13:30:48,724 [grpc-default-executor-2] WARN  server.GrpcLogAppender (GrpcLogAppender.java:resetClient(110)) - 22c8497a-9e61-48ae-afcc-0cb0db452240@group-99B4631465CC->129ac5cb-389f-40c7-b14f-a1c1703048e2-GrpcLogAppender: Leader has not got in touch with Follower 22c8497a-9e61-48ae-afcc-0cb0db452240@group-99B4631465CC->129ac5cb-389f-40c7-b14f-a1c1703048e2(c0,m0,n1, attendVote=true, lastRpcSendTime=2506, lastRpcResponseTime=22544) yet, just keep nextIndex unchanged and retry.
2022-01-06 13:30:48,754 [Listener at 127.0.0.1/36535] INFO  utils.BackgroundService (BackgroundService.java:shutdown(132)) - Shutting down service BlockDeletingService
2022-01-06 13:30:48,767 [ForkJoinPool.commonPool-worker-0] INFO  utils.BackgroundService (BackgroundService.java:shutdown(132)) - Shutting down service BlockDeletingService
2022-01-06 13:30:48,789 [grpc-default-executor-2] WARN  server.GrpcLogAppender (LogUtils.java:warn(122)) - 22c8497a-9e61-48ae-afcc-0cb0db452240@group-99B4631465CC->30761433-74de-448b-9041-b7efaa078424-AppendLogResponseHandler: Failed appendEntries: org.apache.ratis.thirdparty.io.grpc.StatusRuntimeException: UNAVAILABLE: io exception
2022-01-06 13:30:48,790 [grpc-default-executor-2] WARN  server.GrpcLogAppender (GrpcLogAppender.java:resetClient(110)) - 22c8497a-9e61-48ae-afcc-0cb0db452240@group-99B4631465CC->30761433-74de-448b-9041-b7efaa078424-GrpcLogAppender: Leader has not got in touch with Follower 22c8497a-9e61-48ae-afcc-0cb0db452240@group-99B4631465CC->30761433-74de-448b-9041-b7efaa078424(c0,m0,n1, attendVote=true, lastRpcSendTime=2, lastRpcResponseTime=2533) yet, just keep nextIndex unchanged and retry.
2022-01-06 13:30:50,495 [EventQueue-StaleNodeForStaleNodeHandler] INFO  node.StaleNodeHandler (StaleNodeHandler.java:onMessage(58)) - Datanode 129ac5cb-389f-40c7-b14f-a1c1703048e2{ip: 10.1.0.50, host: fv-az59-280.csjynl4pkq3e1pkirw3ssqjfoh.cx.internal.cloudapp.net, ports: [REPLICATION=34521, RATIS=43165, RATIS_ADMIN=43165, RATIS_SERVER=43165, STANDALONE=43115], networkLocation: /default-rack, certSerialId: null, persistedOpState: IN_SERVICE, persistedOpStateExpiryEpochSec: 0} moved to stale state. Finalizing its pipelines [PipelineID=0a696a4a-0a3e-4552-a946-195b01aaad31, PipelineID=6e6fbaad-accd-40fc-ad54-99b4631465cc]
2022-01-06 13:30:50,496 [EventQueue-StaleNodeForStaleNodeHandler] INFO  pipeline.PipelineManagerImpl (PipelineManagerImpl.java:closePipeline(365)) - Pipeline Pipeline[ Id: 0a696a4a-0a3e-4552-a946-195b01aaad31, Nodes: 129ac5cb-389f-40c7-b14f-a1c1703048e2{ip: 10.1.0.50, host: fv-az59-280.csjynl4pkq3e1pkirw3ssqjfoh.cx.internal.cloudapp.net, ports: [REPLICATION=34521, RATIS=43165, RATIS_ADMIN=43165, RATIS_SERVER=43165, STANDALONE=43115], networkLocation: /default-rack, certSerialId: null, persistedOpState: IN_SERVICE, persistedOpStateExpiryEpochSec: 0}, ReplicationConfig: RATIS/ONE, State:OPEN, leaderId:129ac5cb-389f-40c7-b14f-a1c1703048e2, CreationTimestamp2022-01-06T13:29:53.222Z[Etc/UTC]] moved to CLOSED state
2022-01-06 13:30:50,497 [EventQueue-StaleNodeForStaleNodeHandler] INFO  pipeline.PipelineManagerImpl (PipelineManagerImpl.java:closePipeline(365)) - Pipeline Pipeline[ Id: 6e6fbaad-accd-40fc-ad54-99b4631465cc, Nodes: 30761433-74de-448b-9041-b7efaa078424{ip: 10.1.0.50, host: fv-az59-280.csjynl4pkq3e1pkirw3ssqjfoh.cx.internal.cloudapp.net, ports: [REPLICATION=35961, RATIS=41385, RATIS_ADMIN=41385, RATIS_SERVER=41385, STANDALONE=42517], networkLocation: /default-rack, certSerialId: null, persistedOpState: IN_SERVICE, persistedOpStateExpiryEpochSec: 0}129ac5cb-389f-40c7-b14f-a1c1703048e2{ip: 10.1.0.50, host: fv-az59-280.csjynl4pkq3e1pkirw3ssqjfoh.cx.internal.cloudapp.net, ports: [REPLICATION=34521, RATIS=43165, RATIS_ADMIN=43165, RATIS_SERVER=43165, STANDALONE=43115], networkLocation: /default-rack, certSerialId: null, persistedOpState: IN_SERVICE, persistedOpStateExpiryEpochSec: 0}22c8497a-9e61-48ae-afcc-0cb0db452240{ip: 10.1.0.50, host: fv-az59-280.csjynl4pkq3e1pkirw3ssqjfoh.cx.internal.cloudapp.net, ports: [REPLICATION=44323, RATIS=44975, RATIS_ADMIN=44975, RATIS_SERVER=44975, STANDALONE=43543], networkLocation: /default-rack, certSerialId: null, persistedOpState: IN_SERVICE, persistedOpStateExpiryEpochSec: 0}, ReplicationConfig: RATIS/THREE, State:OPEN, leaderId:22c8497a-9e61-48ae-afcc-0cb0db452240, CreationTimestamp2022-01-06T13:29:53.226Z[Etc/UTC]] moved to CLOSED state
2022-01-06 13:30:50,902 [EventQueue-StaleNodeForStaleNodeHandler] INFO  node.StaleNodeHandler (StaleNodeHandler.java:onMessage(58)) - Datanode a3271a13-46d8-4b51-acff-5e832eb04f76{ip: 10.1.0.50, host: fv-az59-280.csjynl4pkq3e1pkirw3ssqjfoh.cx.internal.cloudapp.net, ports: [REPLICATION=46849, RATIS=39137, RATIS_ADMIN=39137, RATIS_SERVER=39137, STANDALONE=45697], networkLocation: /default-rack, certSerialId: null, persistedOpState: IN_SERVICE, persistedOpStateExpiryEpochSec: 0} moved to stale state. Finalizing its pipelines [PipelineID=11925957-c949-41db-84e3-f1d01d8a5c73, PipelineID=ed24ecc4-60a8-4ca4-b88c-d578e6914626]
2022-01-06 13:30:50,924 [EventQueue-StaleNodeForStaleNodeHandler] INFO  pipeline.PipelineManagerImpl (PipelineManagerImpl.java:closeContainersForPipeline(344)) - Container #1 closed for pipeline=PipelineID=11925957-c949-41db-84e3-f1d01d8a5c73
2022-01-06 13:30:50,925 [EventQueue-StaleNodeForStaleNodeHandler] INFO  pipeline.PipelineManagerImpl (PipelineManagerImpl.java:closePipeline(365)) - Pipeline Pipeline[ Id: 11925957-c949-41db-84e3-f1d01d8a5c73, Nodes: 832710ff-70fd-4195-974e-450d8fd5944e{ip: 10.1.0.50, host: fv-az59-280.csjynl4pkq3e1pkirw3ssqjfoh.cx.internal.cloudapp.net, ports: [REPLICATION=35873, RATIS=39399, RATIS_ADMIN=39399, RATIS_SERVER=39399, STANDALONE=34621], networkLocation: /default-rack, certSerialId: null, persistedOpState: IN_SERVICE, persistedOpStateExpiryEpochSec: 0}f94be414-d4cd-4929-99d0-8f9eafd02643{ip: 10.1.0.50, host: fv-az59-280.csjynl4pkq3e1pkirw3ssqjfoh.cx.internal.cloudapp.net, ports: [REPLICATION=40151, RATIS=45415, RATIS_ADMIN=45415, RATIS_SERVER=45415, STANDALONE=39341], networkLocation: /default-rack, certSerialId: null, persistedOpState: IN_SERVICE, persistedOpStateExpiryEpochSec: 0}a3271a13-46d8-4b51-acff-5e832eb04f76{ip: 10.1.0.50, host: fv-az59-280.csjynl4pkq3e1pkirw3ssqjfoh.cx.internal.cloudapp.net, ports: [REPLICATION=46849, RATIS=39137, RATIS_ADMIN=39137, RATIS_SERVER=39137, STANDALONE=45697], networkLocation: /default-rack, certSerialId: null, persistedOpState: IN_SERVICE, persistedOpStateExpiryEpochSec: 0}, ReplicationConfig: RATIS/THREE, State:OPEN, leaderId:f94be414-d4cd-4929-99d0-8f9eafd02643, CreationTimestamp2022-01-06T13:29:53.876Z[Etc/UTC]] moved to CLOSED state
2022-01-06 13:30:50,925 [EventQueue-StaleNodeForStaleNodeHandler] INFO  pipeline.PipelineManagerImpl (PipelineManagerImpl.java:closePipeline(365)) - Pipeline Pipeline[ Id: ed24ecc4-60a8-4ca4-b88c-d578e6914626, Nodes: a3271a13-46d8-4b51-acff-5e832eb04f76{ip: 10.1.0.50, host: fv-az59-280.csjynl4pkq3e1pkirw3ssqjfoh.cx.internal.cloudapp.net, ports: [REPLICATION=46849, RATIS=39137, RATIS_ADMIN=39137, RATIS_SERVER=39137, STANDALONE=45697], networkLocation: /default-rack, certSerialId: null, persistedOpState: IN_SERVICE, persistedOpStateExpiryEpochSec: 0}, ReplicationConfig: RATIS/ONE, State:OPEN, leaderId:a3271a13-46d8-4b51-acff-5e832eb04f76, CreationTimestamp2022-01-06T13:29:53.688Z[Etc/UTC]] moved to CLOSED state
2022-01-06 13:30:50,927 [EventQueue-CloseContainerForCloseContainerEventHandler] INFO  container.CloseContainerEventHandler (CloseContainerEventHandler.java:onMessage(69)) - Close container Event triggered for container : #1
2022-01-06 13:30:51,234 [grpc-default-executor-2] WARN  server.GrpcLogAppender (LogUtils.java:warn(122)) - 22c8497a-9e61-48ae-afcc-0cb0db452240@group-99B4631465CC->129ac5cb-389f-40c7-b14f-a1c1703048e2-AppendLogResponseHandler: Failed appendEntries: org.apache.ratis.thirdparty.io.grpc.StatusRuntimeException: UNAVAILABLE: io exception
2022-01-06 13:30:51,235 [grpc-default-executor-2] WARN  server.GrpcLogAppender (GrpcLogAppender.java:resetClient(110)) - 22c8497a-9e61-48ae-afcc-0cb0db452240@group-99B4631465CC->129ac5cb-389f-40c7-b14f-a1c1703048e2-GrpcLogAppender: Leader has not got in touch with Follower 22c8497a-9e61-48ae-afcc-0cb0db452240@group-99B4631465CC->129ac5cb-389f-40c7-b14f-a1c1703048e2(c0,m0,n1, attendVote=true, lastRpcSendTime=2511, lastRpcResponseTime=25055) yet, just keep nextIndex unchanged and retry.
2022-01-06 13:30:51,288 [grpc-default-executor-2] WARN  server.GrpcLogAppender (LogUtils.java:warn(122)) - 22c8497a-9e61-48ae-afcc-0cb0db452240@group-99B4631465CC->30761433-74de-448b-9041-b7efaa078424-AppendLogResponseHandler: Failed appendEntries: org.apache.ratis.thirdparty.io.grpc.StatusRuntimeException: UNAVAILABLE: io exception
2022-01-06 13:30:51,288 [grpc-default-executor-2] WARN  server.GrpcLogAppender (GrpcLogAppender.java:resetClient(110)) - 22c8497a-9e61-48ae-afcc-0cb0db452240@group-99B4631465CC->30761433-74de-448b-9041-b7efaa078424-GrpcLogAppender: Leader has not got in touch with Follower 22c8497a-9e61-48ae-afcc-0cb0db452240@group-99B4631465CC->30761433-74de-448b-9041-b7efaa078424(c0,m0,n1, attendVote=true, lastRpcSendTime=0, lastRpcResponseTime=5032) yet, just keep nextIndex unchanged and retry.
2022-01-06 13:30:51,787 [ForkJoinPool.commonPool-worker-0] INFO  statemachine.DatanodeStateMachine (DatanodeStateMachine.java:stopDaemon(526)) - Ozone container server stopped.
2022-01-06 13:30:51,787 [Listener at 127.0.0.1/36535] INFO  statemachine.DatanodeStateMachine (DatanodeStateMachine.java:stopDaemon(526)) - Ozone container server stopped.
2022-01-06 13:30:51,799 [ForkJoinPool.commonPool-worker-0] INFO  handler.ContextHandler (ContextHandler.java:doStop(1153)) - Stopped o.e.j.w.WebAppContext@1b6bb1bd{hddsDatanode,/,null,STOPPED}{jar:file:/home/runner/.m2/repository/org/apache/ozone/hdds-container-service/1.3.0-SNAPSHOT/hdds-container-service-1.3.0-SNAPSHOT.jar!/webapps/hddsDatanode}
2022-01-06 13:30:51,806 [ForkJoinPool.commonPool-worker-0] INFO  server.AbstractConnector (AbstractConnector.java:doStop(381)) - Stopped ServerConnector@7da48c4c{HTTP/1.1, (http/1.1)}{0.0.0.0:0}
2022-01-06 13:30:51,806 [ForkJoinPool.commonPool-worker-0] INFO  server.session (HouseKeeper.java:stopScavenging(149)) - node0 Stopped scavenging
2022-01-06 13:30:51,811 [ForkJoinPool.commonPool-worker-0] INFO  handler.ContextHandler (ContextHandler.java:doStop(1153)) - Stopped o.e.j.s.ServletContextHandler@605000d4{static,/static,jar:file:/home/runner/.m2/repository/org/apache/ozone/hdds-container-service/1.3.0-SNAPSHOT/hdds-container-service-1.3.0-SNAPSHOT.jar!/webapps/static,STOPPED}
2022-01-06 13:30:51,811 [ForkJoinPool.commonPool-worker-0] INFO  handler.ContextHandler (ContextHandler.java:doStop(1153)) - Stopped o.e.j.s.ServletContextHandler@2b728f15{logs,/logs,file:///home/runner/work/ozone/ozone/hadoop-ozone/integration-test/target/log,STOPPED}
2022-01-06 13:30:51,830 [Listener at 127.0.0.1/36535] INFO  handler.ContextHandler (ContextHandler.java:doStop(1153)) - Stopped o.e.j.w.WebAppContext@56352274{hddsDatanode,/,null,STOPPED}{jar:file:/home/runner/.m2/repository/org/apache/ozone/hdds-container-service/1.3.0-SNAPSHOT/hdds-container-service-1.3.0-SNAPSHOT.jar!/webapps/hddsDatanode}
2022-01-06 13:30:51,834 [Listener at 127.0.0.1/36535] INFO  server.AbstractConnector (AbstractConnector.java:doStop(381)) - Stopped ServerConnector@6a4b956f{HTTP/1.1, (http/1.1)}{0.0.0.0:0}
2022-01-06 13:30:51,834 [Listener at 127.0.0.1/36535] INFO  server.session (HouseKeeper.java:stopScavenging(149)) - node0 Stopped scavenging
2022-01-06 13:30:51,835 [Listener at 127.0.0.1/36535] INFO  handler.ContextHandler (ContextHandler.java:doStop(1153)) - Stopped o.e.j.s.ServletContextHandler@a9c51ea{static,/static,jar:file:/home/runner/.m2/repository/org/apache/ozone/hdds-container-service/1.3.0-SNAPSHOT/hdds-container-service-1.3.0-SNAPSHOT.jar!/webapps/static,STOPPED}
2022-01-06 13:30:51,835 [Listener at 127.0.0.1/36535] INFO  handler.ContextHandler (ContextHandler.java:doStop(1153)) - Stopped o.e.j.s.ServletContextHandler@6f8a516c{logs,/logs,file:///home/runner/work/ozone/ozone/hadoop-ozone/integration-test/target/log,STOPPED}
2022-01-06 13:30:52,324 [22c8497a-9e61-48ae-afcc-0cb0db452240@group-99B4631465CC-LeaderStateImpl] WARN  server.RaftServer$Division (LeaderStateImpl.java:checkLeadership(974)) - 22c8497a-9e61-48ae-afcc-0cb0db452240@group-99B4631465CC-LeaderStateImpl: Lost leadership on term: 5. Election timeout: 5200ms. In charge for: 31237ms. Conf: 0: [129ac5cb-389f-40c7-b14f-a1c1703048e2|rpc:10.1.0.50:43165|dataStream:|priority:0, 30761433-74de-448b-9041-b7efaa078424|rpc:10.1.0.50:41385|dataStream:|priority:0, 22c8497a-9e61-48ae-afcc-0cb0db452240|rpc:10.1.0.50:44975|dataStream:|priority:1], old=null
2022-01-06 13:30:52,325 [22c8497a-9e61-48ae-afcc-0cb0db452240@group-99B4631465CC-LeaderStateImpl] WARN  server.RaftServer$Division (LeaderStateImpl.java:lambda$checkLeadership$15(978)) - Follower 22c8497a-9e61-48ae-afcc-0cb0db452240@group-99B4631465CC->129ac5cb-389f-40c7-b14f-a1c1703048e2(c0,m0,n1, attendVote=true, lastRpcSendTime=1088, lastRpcResponseTime=26146)
2022-01-06 13:30:52,325 [22c8497a-9e61-48ae-afcc-0cb0db452240@group-99B4631465CC-LeaderStateImpl] WARN  server.RaftServer$Division (LeaderStateImpl.java:lambda$checkLeadership$15(978)) - Follower 22c8497a-9e61-48ae-afcc-0cb0db452240@group-99B4631465CC->30761433-74de-448b-9041-b7efaa078424(c0,m0,n1, attendVote=true, lastRpcSendTime=1037, lastRpcResponseTime=6069)
2022-01-06 13:30:52,325 [22c8497a-9e61-48ae-afcc-0cb0db452240@group-99B4631465CC-LeaderStateImpl] INFO  server.RaftServer$Division (RaftServerImpl.java:setRole(290)) - 22c8497a-9e61-48ae-afcc-0cb0db452240@group-99B4631465CC: changes role from    LEADER to FOLLOWER at term 5 for StepDownReason:LOST_MAJORITY_HEARTBEATS
2022-01-06 13:30:52,326 [22c8497a-9e61-48ae-afcc-0cb0db452240@group-99B4631465CC-LeaderStateImpl] INFO  impl.RoleInfo (RoleInfo.java:shutdownLeaderState(91)) - 22c8497a-9e61-48ae-afcc-0cb0db452240: shutdown 22c8497a-9e61-48ae-afcc-0cb0db452240@group-99B4631465CC-LeaderStateImpl
2022-01-06 13:30:52,326 [22c8497a-9e61-48ae-afcc-0cb0db452240@group-99B4631465CC-LeaderStateImpl] INFO  impl.PendingRequests (PendingRequests.java:sendNotLeaderResponses(282)) - 22c8497a-9e61-48ae-afcc-0cb0db452240@group-99B4631465CC-PendingRequests: sendNotLeaderResponses
2022-01-06 13:30:52,326 [22c8497a-9e61-48ae-afcc-0cb0db452240@group-99B4631465CC-LeaderStateImpl] INFO  impl.RoleInfo (RoleInfo.java:updateAndGet(130)) - 22c8497a-9e61-48ae-afcc-0cb0db452240: start 22c8497a-9e61-48ae-afcc-0cb0db452240@group-99B4631465CC-FollowerState
2022-01-06 13:30:53,024 [76e53578-69cb-4294-9496-1cf18385f48a@group-1FE22983BC3E-FollowerState] INFO  impl.FollowerState (FollowerState.java:run(134)) - 76e53578-69cb-4294-9496-1cf18385f48a@group-1FE22983BC3E-FollowerState: change to CANDIDATE, lastRpcElapsedTime:6619627809ns, electionTimeout:5137ms
2022-01-06 13:30:53,024 [76e53578-69cb-4294-9496-1cf18385f48a@group-1FE22983BC3E-FollowerState] INFO  impl.RoleInfo (RoleInfo.java:shutdownFollowerState(108)) - 76e53578-69cb-4294-9496-1cf18385f48a: shutdown 76e53578-69cb-4294-9496-1cf18385f48a@group-1FE22983BC3E-FollowerState
2022-01-06 13:30:53,025 [76e53578-69cb-4294-9496-1cf18385f48a@group-1FE22983BC3E-FollowerState] INFO  server.RaftServer$Division (RaftServerImpl.java:setRole(290)) - 76e53578-69cb-4294-9496-1cf18385f48a@group-1FE22983BC3E: changes role from  FOLLOWER to CANDIDATE at term 3 for changeToCandidate
2022-01-06 13:30:53,025 [76e53578-69cb-4294-9496-1cf18385f48a@group-1FE22983BC3E-FollowerState] INFO  server.RaftServerConfigKeys (ConfUtils.java:logGet(44)) - raft.server.leaderelection.pre-vote = false (custom)
2022-01-06 13:30:53,025 [76e53578-69cb-4294-9496-1cf18385f48a@group-1FE22983BC3E-FollowerState] INFO  impl.RoleInfo (RoleInfo.java:updateAndGet(130)) - 76e53578-69cb-4294-9496-1cf18385f48a: start 76e53578-69cb-4294-9496-1cf18385f48a@group-1FE22983BC3E-LeaderElection26
2022-01-06 13:30:53,027 [177ce3f2-416d-49f6-9e1f-da5fb9a9d371@group-1FE22983BC3E-FollowerState] INFO  impl.FollowerState (FollowerState.java:run(134)) - 177ce3f2-416d-49f6-9e1f-da5fb9a9d371@group-1FE22983BC3E-FollowerState: change to CANDIDATE, lastRpcElapsedTime:6659123195ns, electionTimeout:5098ms
2022-01-06 13:30:53,028 [177ce3f2-416d-49f6-9e1f-da5fb9a9d371@group-1FE22983BC3E-FollowerState] INFO  impl.RoleInfo (RoleInfo.java:shutdownFollowerState(108)) - 177ce3f2-416d-49f6-9e1f-da5fb9a9d371: shutdown 177ce3f2-416d-49f6-9e1f-da5fb9a9d371@group-1FE22983BC3E-FollowerState
2022-01-06 13:30:53,028 [177ce3f2-416d-49f6-9e1f-da5fb9a9d371@group-1FE22983BC3E-FollowerState] INFO  server.RaftServer$Division (RaftServerImpl.java:setRole(290)) - 177ce3f2-416d-49f6-9e1f-da5fb9a9d371@group-1FE22983BC3E: changes role from  FOLLOWER to CANDIDATE at term 3 for changeToCandidate
2022-01-06 13:30:53,033 [177ce3f2-416d-49f6-9e1f-da5fb9a9d371@group-1FE22983BC3E-FollowerState] INFO  server.RaftServerConfigKeys (ConfUtils.java:logGet(44)) - raft.server.leaderelection.pre-vote = false (custom)
2022-01-06 13:30:53,033 [177ce3f2-416d-49f6-9e1f-da5fb9a9d371@group-1FE22983BC3E-FollowerState] INFO  impl.RoleInfo (RoleInfo.java:updateAndGet(130)) - 177ce3f2-416d-49f6-9e1f-da5fb9a9d371: start 177ce3f2-416d-49f6-9e1f-da5fb9a9d371@group-1FE22983BC3E-LeaderElection27
2022-01-06 13:30:53,034 [76e53578-69cb-4294-9496-1cf18385f48a@group-1FE22983BC3E-LeaderElection26] INFO  server.RaftServer$Division (ServerState.java:setLeader(285)) - 76e53578-69cb-4294-9496-1cf18385f48a@group-1FE22983BC3E: change Leader from 665e739a-157d-4ef9-b1c9-ec3dd6c8e45b to null at term 3 for ELECTION
2022-01-06 13:30:53,035 [177ce3f2-416d-49f6-9e1f-da5fb9a9d371@group-1FE22983BC3E-LeaderElection27] INFO  server.RaftServer$Division (ServerState.java:setLeader(285)) - 177ce3f2-416d-49f6-9e1f-da5fb9a9d371@group-1FE22983BC3E: change Leader from 665e739a-157d-4ef9-b1c9-ec3dd6c8e45b to null at term 3 for ELECTION
2022-01-06 13:30:53,042 [76e53578-69cb-4294-9496-1cf18385f48a@group-1FE22983BC3E-LeaderElection26] INFO  impl.LeaderElection (LeaderElection.java:askForVotes(306)) - 76e53578-69cb-4294-9496-1cf18385f48a@group-1FE22983BC3E-LeaderElection26 ELECTION round 0: submit vote requests at term 4 for 0: [665e739a-157d-4ef9-b1c9-ec3dd6c8e45b|rpc:10.1.0.50:42233|dataStream:|priority:1, 177ce3f2-416d-49f6-9e1f-da5fb9a9d371|rpc:10.1.0.50:39477|dataStream:|priority:0, 76e53578-69cb-4294-9496-1cf18385f48a|rpc:10.1.0.50:41391|dataStream:|priority:0], old=null
2022-01-06 13:30:53,042 [177ce3f2-416d-49f6-9e1f-da5fb9a9d371@group-1FE22983BC3E-LeaderElection27] INFO  impl.LeaderElection (LeaderElection.java:askForVotes(306)) - 177ce3f2-416d-49f6-9e1f-da5fb9a9d371@group-1FE22983BC3E-LeaderElection27 ELECTION round 0: submit vote requests at term 4 for 0: [665e739a-157d-4ef9-b1c9-ec3dd6c8e45b|rpc:10.1.0.50:42233|dataStream:|priority:1, 177ce3f2-416d-49f6-9e1f-da5fb9a9d371|rpc:10.1.0.50:39477|dataStream:|priority:0, 76e53578-69cb-4294-9496-1cf18385f48a|rpc:10.1.0.50:41391|dataStream:|priority:0], old=null
2022-01-06 13:30:53,063 [177ce3f2-416d-49f6-9e1f-da5fb9a9d371@group-1FE22983BC3E-LeaderElection27] INFO  impl.LeaderElection (LogUtils.java:infoOrTrace(137)) - 177ce3f2-416d-49f6-9e1f-da5fb9a9d371@group-1FE22983BC3E-LeaderElection27 got exception when requesting votes: java.util.concurrent.ExecutionException: org.apache.ratis.thirdparty.io.grpc.StatusRuntimeException: UNAVAILABLE: io exception
2022-01-06 13:30:53,064 [grpc-default-executor-2] INFO  server.RaftServer$Division (RaftServerImpl.java:requestVote(1046)) - 76e53578-69cb-4294-9496-1cf18385f48a@group-1FE22983BC3E: receive requestVote(ELECTION, 177ce3f2-416d-49f6-9e1f-da5fb9a9d371, group-1FE22983BC3E, 4, (t:3, i:12))
2022-01-06 13:30:53,064 [grpc-default-executor-2] INFO  impl.VoteContext (VoteContext.java:log(48)) - 76e53578-69cb-4294-9496-1cf18385f48a@group-1FE22983BC3E-CANDIDATE: reject ELECTION from 177ce3f2-416d-49f6-9e1f-da5fb9a9d371: already has voted for 76e53578-69cb-4294-9496-1cf18385f48a at current term 4
2022-01-06 13:30:53,064 [grpc-default-executor-2] INFO  server.RaftServer$Division (RaftServerImpl.java:requestVote(1078)) - 76e53578-69cb-4294-9496-1cf18385f48a@group-1FE22983BC3E replies to ELECTION vote request: 177ce3f2-416d-49f6-9e1f-da5fb9a9d371<-76e53578-69cb-4294-9496-1cf18385f48a#0:FAIL-t4. Peer's state: 76e53578-69cb-4294-9496-1cf18385f48a@group-1FE22983BC3E:t4, leader=null, voted=76e53578-69cb-4294-9496-1cf18385f48a, raftlog=76e53578-69cb-4294-9496-1cf18385f48a@group-1FE22983BC3E-SegmentedRaftLog:OPENED:c12, conf=0: [665e739a-157d-4ef9-b1c9-ec3dd6c8e45b|rpc:10.1.0.50:42233|dataStream:|priority:1, 177ce3f2-416d-49f6-9e1f-da5fb9a9d371|rpc:10.1.0.50:39477|dataStream:|priority:0, 76e53578-69cb-4294-9496-1cf18385f48a|rpc:10.1.0.50:41391|dataStream:|priority:0], old=null
2022-01-06 13:30:53,068 [grpc-default-executor-2] INFO  server.RaftServer$Division (RaftServerImpl.java:requestVote(1046)) - 177ce3f2-416d-49f6-9e1f-da5fb9a9d371@group-1FE22983BC3E: receive requestVote(ELECTION, 76e53578-69cb-4294-9496-1cf18385f48a, group-1FE22983BC3E, 4, (t:3, i:12))
2022-01-06 13:30:53,068 [grpc-default-executor-2] INFO  impl.VoteContext (VoteContext.java:log(48)) - 177ce3f2-416d-49f6-9e1f-da5fb9a9d371@group-1FE22983BC3E-CANDIDATE: reject ELECTION from 76e53578-69cb-4294-9496-1cf18385f48a: already has voted for 177ce3f2-416d-49f6-9e1f-da5fb9a9d371 at current term 4
2022-01-06 13:30:53,068 [grpc-default-executor-2] INFO  server.RaftServer$Division (RaftServerImpl.java:requestVote(1078)) - 177ce3f2-416d-49f6-9e1f-da5fb9a9d371@group-1FE22983BC3E replies to ELECTION vote request: 76e53578-69cb-4294-9496-1cf18385f48a<-177ce3f2-416d-49f6-9e1f-da5fb9a9d371#0:FAIL-t4. Peer's state: 177ce3f2-416d-49f6-9e1f-da5fb9a9d371@group-1FE22983BC3E:t4, leader=null, voted=177ce3f2-416d-49f6-9e1f-da5fb9a9d371, raftlog=177ce3f2-416d-49f6-9e1f-da5fb9a9d371@group-1FE22983BC3E-SegmentedRaftLog:OPENED:c12, conf=0: [665e739a-157d-4ef9-b1c9-ec3dd6c8e45b|rpc:10.1.0.50:42233|dataStream:|priority:1, 177ce3f2-416d-49f6-9e1f-da5fb9a9d371|rpc:10.1.0.50:39477|dataStream:|priority:0, 76e53578-69cb-4294-9496-1cf18385f48a|rpc:10.1.0.50:41391|dataStream:|priority:0], old=null
2022-01-06 13:30:53,078 [76e53578-69cb-4294-9496-1cf18385f48a@group-1FE22983BC3E-LeaderElection26] INFO  impl.LeaderElection (LogUtils.java:infoOrTrace(137)) - 76e53578-69cb-4294-9496-1cf18385f48a@group-1FE22983BC3E-LeaderElection26 got exception when requesting votes: java.util.concurrent.ExecutionException: org.apache.ratis.thirdparty.io.grpc.StatusRuntimeException: UNAVAILABLE: io exception
2022-01-06 13:30:53,078 [76e53578-69cb-4294-9496-1cf18385f48a@group-1FE22983BC3E-LeaderElection26] INFO  impl.LeaderElection (LeaderElection.java:logAndReturn(89)) - 76e53578-69cb-4294-9496-1cf18385f48a@group-1FE22983BC3E-LeaderElection26: ELECTION REJECTED received 1 response(s) and 1 exception(s):
2022-01-06 13:30:53,078 [76e53578-69cb-4294-9496-1cf18385f48a@group-1FE22983BC3E-LeaderElection26] INFO  impl.LeaderElection (LeaderElection.java:logAndReturn(93)) -   Response 0: 76e53578-69cb-4294-9496-1cf18385f48a<-177ce3f2-416d-49f6-9e1f-da5fb9a9d371#0:FAIL-t4
2022-01-06 13:30:53,078 [177ce3f2-416d-49f6-9e1f-da5fb9a9d371@group-1FE22983BC3E-LeaderElection27] INFO  impl.LeaderElection (LeaderElection.java:logAndReturn(89)) - 177ce3f2-416d-49f6-9e1f-da5fb9a9d371@group-1FE22983BC3E-LeaderElection27: ELECTION REJECTED received 1 response(s) and 1 exception(s):
2022-01-06 13:30:53,079 [177ce3f2-416d-49f6-9e1f-da5fb9a9d371@group-1FE22983BC3E-LeaderElection27] INFO  impl.LeaderElection (LeaderElection.java:logAndReturn(93)) -   Response 0: 177ce3f2-416d-49f6-9e1f-da5fb9a9d371<-76e53578-69cb-4294-9496-1cf18385f48a#0:FAIL-t4
2022-01-06 13:30:53,079 [76e53578-69cb-4294-9496-1cf18385f48a@group-1FE22983BC3E-LeaderElection26] INFO  impl.LeaderElection (LogUtils.java:infoOrTrace(137)) -   Exception 1: java.util.concurrent.ExecutionException: org.apache.ratis.thirdparty.io.grpc.StatusRuntimeException: UNAVAILABLE: io exception
2022-01-06 13:30:53,079 [177ce3f2-416d-49f6-9e1f-da5fb9a9d371@group-1FE22983BC3E-LeaderElection27] INFO  impl.LeaderElection (LogUtils.java:infoOrTrace(137)) -   Exception 1: java.util.concurrent.ExecutionException: org.apache.ratis.thirdparty.io.grpc.StatusRuntimeException: UNAVAILABLE: io exception
2022-01-06 13:30:53,079 [177ce3f2-416d-49f6-9e1f-da5fb9a9d371@group-1FE22983BC3E-LeaderElection27] INFO  impl.LeaderElection (LeaderElection.java:askForVotes(308)) - 177ce3f2-416d-49f6-9e1f-da5fb9a9d371@group-1FE22983BC3E-LeaderElection27 ELECTION round 0: result REJECTED
2022-01-06 13:30:53,079 [177ce3f2-416d-49f6-9e1f-da5fb9a9d371@group-1FE22983BC3E-LeaderElection27] INFO  server.RaftServer$Division (RaftServerImpl.java:setRole(290)) - 177ce3f2-416d-49f6-9e1f-da5fb9a9d371@group-1FE22983BC3E: changes role from CANDIDATE to FOLLOWER at term 4 for REJECTED
2022-01-06 13:30:53,079 [76e53578-69cb-4294-9496-1cf18385f48a@group-1FE22983BC3E-LeaderElection26] INFO  impl.LeaderElection (LeaderElection.java:askForVotes(308)) - 76e53578-69cb-4294-9496-1cf18385f48a@group-1FE22983BC3E-LeaderElection26 ELECTION round 0: result REJECTED
2022-01-06 13:30:53,079 [177ce3f2-416d-49f6-9e1f-da5fb9a9d371@group-1FE22983BC3E-LeaderElection27] INFO  impl.RoleInfo (RoleInfo.java:shutdownLeaderElection(121)) - 177ce3f2-416d-49f6-9e1f-da5fb9a9d371: shutdown 177ce3f2-416d-49f6-9e1f-da5fb9a9d371@group-1FE22983BC3E-LeaderElection27
2022-01-06 13:30:53,079 [177ce3f2-416d-49f6-9e1f-da5fb9a9d371@group-1FE22983BC3E-LeaderElection27] INFO  impl.RoleInfo (RoleInfo.java:updateAndGet(130)) - 177ce3f2-416d-49f6-9e1f-da5fb9a9d371: start 177ce3f2-416d-49f6-9e1f-da5fb9a9d371@group-1FE22983BC3E-FollowerState
2022-01-06 13:30:53,079 [76e53578-69cb-4294-9496-1cf18385f48a@group-1FE22983BC3E-LeaderElection26] INFO  server.RaftServer$Division (RaftServerImpl.java:setRole(290)) - 76e53578-69cb-4294-9496-1cf18385f48a@group-1FE22983BC3E: changes role from CANDIDATE to FOLLOWER at term 4 for REJECTED
2022-01-06 13:30:53,079 [76e53578-69cb-4294-9496-1cf18385f48a@group-1FE22983BC3E-LeaderElection26] INFO  impl.RoleInfo (RoleInfo.java:shutdownLeaderElection(121)) - 76e53578-69cb-4294-9496-1cf18385f48a: shutdown 76e53578-69cb-4294-9496-1cf18385f48a@group-1FE22983BC3E-LeaderElection26
2022-01-06 13:30:53,086 [76e53578-69cb-4294-9496-1cf18385f48a@group-1FE22983BC3E-LeaderElection26] INFO  impl.RoleInfo (RoleInfo.java:updateAndGet(130)) - 76e53578-69cb-4294-9496-1cf18385f48a: start 76e53578-69cb-4294-9496-1cf18385f48a@group-1FE22983BC3E-FollowerState
2022-01-06 13:30:56,815 [ForkJoinPool.commonPool-worker-0] INFO  ozoneimpl.OzoneContainer (OzoneContainer.java:stop(336)) - Attempting to stop container services.
2022-01-06 13:30:56,815 [ForkJoinPool.commonPool-worker-0] INFO  server.RaftServer (RaftServerProxy.java:lambda$close$6(391)) - 22c8497a-9e61-48ae-afcc-0cb0db452240: close
2022-01-06 13:30:56,816 [ForkJoinPool.commonPool-worker-0] INFO  server.RaftServer$Division (RaftServerImpl.java:lambda$close$4(412)) - 22c8497a-9e61-48ae-afcc-0cb0db452240@group-D2337A1FFCBA: shutdown
2022-01-06 13:30:56,816 [ForkJoinPool.commonPool-worker-0] INFO  util.JmxRegister (JmxRegister.java:unregister(73)) - Successfully un-registered JMX Bean with object name Ratis:service=RaftServer,group=group-D2337A1FFCBA,id=22c8497a-9e61-48ae-afcc-0cb0db452240
2022-01-06 13:30:56,816 [ForkJoinPool.commonPool-worker-0] INFO  impl.RoleInfo (RoleInfo.java:shutdownLeaderState(91)) - 22c8497a-9e61-48ae-afcc-0cb0db452240: shutdown 22c8497a-9e61-48ae-afcc-0cb0db452240@group-D2337A1FFCBA-LeaderStateImpl
2022-01-06 13:30:56,816 [ForkJoinPool.commonPool-worker-0] INFO  impl.PendingRequests (PendingRequests.java:sendNotLeaderResponses(282)) - 22c8497a-9e61-48ae-afcc-0cb0db452240@group-D2337A1FFCBA-PendingRequests: sendNotLeaderResponses
2022-01-06 13:30:56,816 [ForkJoinPool.commonPool-worker-0] INFO  impl.StateMachineUpdater (StateMachineUpdater.java:stopAndJoin(149)) - 22c8497a-9e61-48ae-afcc-0cb0db452240@group-D2337A1FFCBA-StateMachineUpdater: set stopIndex = 0
2022-01-06 13:30:56,817 [22c8497a-9e61-48ae-afcc-0cb0db452240@group-D2337A1FFCBA-StateMachineUpdater] INFO  ratis.ContainerStateMachine (ContainerStateMachine.java:takeSnapshot(299)) - group-D2337A1FFCBA: Taking a snapshot at:(t:1, i:0) file /home/runner/work/ozone/ozone/hadoop-ozone/integration-test/target/test-dir/MiniOzoneClusterImpl-1040910a-51cd-4ce1-8f2d-abd84b974e59/datanode-1/data/ratis/7c72d3ff-6670-434b-933a-d2337a1ffcba/sm/snapshot.1_0
2022-01-06 13:30:56,818 [22c8497a-9e61-48ae-afcc-0cb0db452240@group-D2337A1FFCBA-StateMachineUpdater] INFO  ratis.ContainerStateMachine (ContainerStateMachine.java:takeSnapshot(310)) - group-D2337A1FFCBA: Finished taking a snapshot at:(t:1, i:0) file:/home/runner/work/ozone/ozone/hadoop-ozone/integration-test/target/test-dir/MiniOzoneClusterImpl-1040910a-51cd-4ce1-8f2d-abd84b974e59/datanode-1/data/ratis/7c72d3ff-6670-434b-933a-d2337a1ffcba/sm/snapshot.1_0 took: 1 ms
2022-01-06 13:30:56,818 [22c8497a-9e61-48ae-afcc-0cb0db452240@group-D2337A1FFCBA-StateMachineUpdater] INFO  impl.StateMachineUpdater (StateMachineUpdater.java:takeSnapshot(281)) - 22c8497a-9e61-48ae-afcc-0cb0db452240@group-D2337A1FFCBA-StateMachineUpdater: Took a snapshot at index 0
2022-01-06 13:30:56,818 [22c8497a-9e61-48ae-afcc-0cb0db452240@group-D2337A1FFCBA-StateMachineUpdater] INFO  impl.StateMachineUpdater (StateMachineUpdater.java:lambda$new$0(89)) - 22c8497a-9e61-48ae-afcc-0cb0db452240@group-D2337A1FFCBA-StateMachineUpdater: snapshotIndex: updateIncreasingly -1 -> 0
2022-01-06 13:30:56,820 [ForkJoinPool.commonPool-worker-0] INFO  server.RaftServer$Division (ServerState.java:close(419)) - 22c8497a-9e61-48ae-afcc-0cb0db452240@group-D2337A1FFCBA: closes. applyIndex: 0
2022-01-06 13:30:56,820 [22c8497a-9e61-48ae-afcc-0cb0db452240@group-D2337A1FFCBA-SegmentedRaftLogWorker] INFO  segmented.SegmentedRaftLogWorker (SegmentedRaftLogWorker.java:run(327)) - 22c8497a-9e61-48ae-afcc-0cb0db452240@group-D2337A1FFCBA-SegmentedRaftLogWorker was interrupted, exiting. There are 0 tasks remaining in the queue.
2022-01-06 13:30:56,820 [ForkJoinPool.commonPool-worker-0] INFO  segmented.SegmentedRaftLogWorker (SegmentedRaftLogWorker.java:close(237)) - 22c8497a-9e61-48ae-afcc-0cb0db452240@group-D2337A1FFCBA-SegmentedRaftLogWorker close()
2022-01-06 13:30:56,821 [ForkJoinPool.commonPool-worker-0] INFO  server.RaftServer$Division (RaftServerImpl.java:lambda$close$4(412)) - 22c8497a-9e61-48ae-afcc-0cb0db452240@group-99B4631465CC: shutdown
2022-01-06 13:30:56,822 [ForkJoinPool.commonPool-worker-0] INFO  util.JmxRegister (JmxRegister.java:unregister(73)) - Successfully un-registered JMX Bean with object name Ratis:service=RaftServer,group=group-99B4631465CC,id=22c8497a-9e61-48ae-afcc-0cb0db452240
2022-01-06 13:30:56,822 [ForkJoinPool.commonPool-worker-0] INFO  impl.RoleInfo (RoleInfo.java:shutdownFollowerState(108)) - 22c8497a-9e61-48ae-afcc-0cb0db452240: shutdown 22c8497a-9e61-48ae-afcc-0cb0db452240@group-99B4631465CC-FollowerState
2022-01-06 13:30:56,822 [22c8497a-9e61-48ae-afcc-0cb0db452240@group-99B4631465CC-FollowerState] INFO  impl.FollowerState (FollowerState.java:run(143)) - 22c8497a-9e61-48ae-afcc-0cb0db452240@group-99B4631465CC-FollowerState was interrupted: {}
java.lang.InterruptedException: sleep interrupted
	at java.lang.Thread.sleep(Native Method)
	at java.lang.Thread.sleep(Thread.java:340)
	at java.util.concurrent.TimeUnit.sleep(TimeUnit.java:386)
	at org.apache.ratis.util.TimeDuration.sleep(TimeDuration.java:324)
	at org.apache.ratis.util.TimeDuration.sleep(TimeDuration.java:309)
	at org.apache.ratis.server.impl.FollowerState.run(FollowerState.java:118)
2022-01-06 13:30:56,822 [22c8497a-9e61-48ae-afcc-0cb0db452240@group-99B4631465CC-StateMachineUpdater] INFO  ratis.ContainerStateMachine (ContainerStateMachine.java:takeSnapshot(299)) - group-99B4631465CC: Taking a snapshot at:(t:5, i:0) file /home/runner/work/ozone/ozone/hadoop-ozone/integration-test/target/test-dir/MiniOzoneClusterImpl-1040910a-51cd-4ce1-8f2d-abd84b974e59/datanode-1/data/ratis/6e6fbaad-accd-40fc-ad54-99b4631465cc/sm/snapshot.5_0
2022-01-06 13:30:56,822 [ForkJoinPool.commonPool-worker-0] INFO  impl.StateMachineUpdater (StateMachineUpdater.java:stopAndJoin(149)) - 22c8497a-9e61-48ae-afcc-0cb0db452240@group-99B4631465CC-StateMachineUpdater: set stopIndex = 0
2022-01-06 13:30:56,823 [22c8497a-9e61-48ae-afcc-0cb0db452240@group-99B4631465CC-StateMachineUpdater] INFO  ratis.ContainerStateMachine (ContainerStateMachine.java:takeSnapshot(310)) - group-99B4631465CC: Finished taking a snapshot at:(t:5, i:0) file:/home/runner/work/ozone/ozone/hadoop-ozone/integration-test/target/test-dir/MiniOzoneClusterImpl-1040910a-51cd-4ce1-8f2d-abd84b974e59/datanode-1/data/ratis/6e6fbaad-accd-40fc-ad54-99b4631465cc/sm/snapshot.5_0 took: 1 ms
2022-01-06 13:30:56,823 [22c8497a-9e61-48ae-afcc-0cb0db452240@group-99B4631465CC-StateMachineUpdater] INFO  impl.StateMachineUpdater (StateMachineUpdater.java:takeSnapshot(281)) - 22c8497a-9e61-48ae-afcc-0cb0db452240@group-99B4631465CC-StateMachineUpdater: Took a snapshot at index 0
2022-01-06 13:30:56,823 [22c8497a-9e61-48ae-afcc-0cb0db452240@group-99B4631465CC-StateMachineUpdater] INFO  impl.StateMachineUpdater (StateMachineUpdater.java:lambda$new$0(89)) - 22c8497a-9e61-48ae-afcc-0cb0db452240@group-99B4631465CC-StateMachineUpdater: snapshotIndex: updateIncreasingly -1 -> 0
2022-01-06 13:30:56,823 [ForkJoinPool.commonPool-worker-0] INFO  server.RaftServer$Division (ServerState.java:close(419)) - 22c8497a-9e61-48ae-afcc-0cb0db452240@group-99B4631465CC: closes. applyIndex: 0
2022-01-06 13:30:56,823 [22c8497a-9e61-48ae-afcc-0cb0db452240@group-99B4631465CC-SegmentedRaftLogWorker] INFO  segmented.SegmentedRaftLogWorker (SegmentedRaftLogWorker.java:run(327)) - 22c8497a-9e61-48ae-afcc-0cb0db452240@group-99B4631465CC-SegmentedRaftLogWorker was interrupted, exiting. There are 0 tasks remaining in the queue.
2022-01-06 13:30:56,824 [ForkJoinPool.commonPool-worker-0] INFO  segmented.SegmentedRaftLogWorker (SegmentedRaftLogWorker.java:close(237)) - 22c8497a-9e61-48ae-afcc-0cb0db452240@group-99B4631465CC-SegmentedRaftLogWorker close()
2022-01-06 13:30:56,828 [ForkJoinPool.commonPool-worker-0] INFO  server.GrpcService (GrpcService.java:closeImpl(262)) - 22c8497a-9e61-48ae-afcc-0cb0db452240: shutdown server with port 44975 now
2022-01-06 13:30:56,836 [Listener at 127.0.0.1/36535] INFO  ozoneimpl.OzoneContainer (OzoneContainer.java:stop(336)) - Attempting to stop container services.
2022-01-06 13:30:56,837 [Listener at 127.0.0.1/36535] INFO  server.RaftServer (RaftServerProxy.java:lambda$close$6(391)) - 76e53578-69cb-4294-9496-1cf18385f48a: close
2022-01-06 13:30:56,837 [Listener at 127.0.0.1/36535] INFO  server.RaftServer$Division (RaftServerImpl.java:lambda$close$4(412)) - 76e53578-69cb-4294-9496-1cf18385f48a@group-1FE22983BC3E: shutdown
2022-01-06 13:30:56,837 [Listener at 127.0.0.1/36535] INFO  util.JmxRegister (JmxRegister.java:unregister(73)) - Successfully un-registered JMX Bean with object name Ratis:service=RaftServer,group=group-1FE22983BC3E,id=76e53578-69cb-4294-9496-1cf18385f48a
2022-01-06 13:30:56,837 [Listener at 127.0.0.1/36535] INFO  impl.RoleInfo (RoleInfo.java:shutdownFollowerState(108)) - 76e53578-69cb-4294-9496-1cf18385f48a: shutdown 76e53578-69cb-4294-9496-1cf18385f48a@group-1FE22983BC3E-FollowerState
2022-01-06 13:30:56,838 [Listener at 127.0.0.1/36535] INFO  impl.StateMachineUpdater (StateMachineUpdater.java:stopAndJoin(149)) - 76e53578-69cb-4294-9496-1cf18385f48a@group-1FE22983BC3E-StateMachineUpdater: set stopIndex = 12
2022-01-06 13:30:56,838 [76e53578-69cb-4294-9496-1cf18385f48a@group-1FE22983BC3E-FollowerState] INFO  impl.FollowerState (FollowerState.java:run(143)) - 76e53578-69cb-4294-9496-1cf18385f48a@group-1FE22983BC3E-FollowerState was interrupted: {}
java.lang.InterruptedException: sleep interrupted
	at java.lang.Thread.sleep(Native Method)
	at java.lang.Thread.sleep(Thread.java:340)
	at java.util.concurrent.TimeUnit.sleep(TimeUnit.java:386)
	at org.apache.ratis.util.TimeDuration.sleep(TimeDuration.java:324)
	at org.apache.ratis.util.TimeDuration.sleep(TimeDuration.java:309)
	at org.apache.ratis.server.impl.FollowerState.run(FollowerState.java:118)
2022-01-06 13:30:56,838 [76e53578-69cb-4294-9496-1cf18385f48a@group-1FE22983BC3E-StateMachineUpdater] INFO  ratis.ContainerStateMachine (ContainerStateMachine.java:takeSnapshot(299)) - group-1FE22983BC3E: Taking a snapshot at:(t:3, i:12) file /home/runner/work/ozone/ozone/hadoop-ozone/integration-test/target/test-dir/MiniOzoneClusterImpl-1040910a-51cd-4ce1-8f2d-abd84b974e59/datanode-8/data/ratis/e04dc973-2c55-47c2-9965-1fe22983bc3e/sm/snapshot.3_12
2022-01-06 13:30:56,839 [76e53578-69cb-4294-9496-1cf18385f48a@group-1FE22983BC3E-StateMachineUpdater] INFO  ratis.ContainerStateMachine (ContainerStateMachine.java:takeSnapshot(310)) - group-1FE22983BC3E: Finished taking a snapshot at:(t:3, i:12) file:/home/runner/work/ozone/ozone/hadoop-ozone/integration-test/target/test-dir/MiniOzoneClusterImpl-1040910a-51cd-4ce1-8f2d-abd84b974e59/datanode-8/data/ratis/e04dc973-2c55-47c2-9965-1fe22983bc3e/sm/snapshot.3_12 took: 1 ms
2022-01-06 13:30:56,839 [76e53578-69cb-4294-9496-1cf18385f48a@group-1FE22983BC3E-StateMachineUpdater] INFO  impl.StateMachineUpdater (StateMachineUpdater.java:takeSnapshot(281)) - 76e53578-69cb-4294-9496-1cf18385f48a@group-1FE22983BC3E-StateMachineUpdater: Took a snapshot at index 12
2022-01-06 13:30:56,839 [76e53578-69cb-4294-9496-1cf18385f48a@group-1FE22983BC3E-StateMachineUpdater] INFO  impl.StateMachineUpdater (StateMachineUpdater.java:lambda$new$0(89)) - 76e53578-69cb-4294-9496-1cf18385f48a@group-1FE22983BC3E-StateMachineUpdater: snapshotIndex: updateIncreasingly -1 -> 12
2022-01-06 13:30:56,840 [Listener at 127.0.0.1/36535] INFO  server.RaftServer$Division (ServerState.java:close(419)) - 76e53578-69cb-4294-9496-1cf18385f48a@group-1FE22983BC3E: closes. applyIndex: 12
2022-01-06 13:30:56,840 [76e53578-69cb-4294-9496-1cf18385f48a@group-1FE22983BC3E-SegmentedRaftLogWorker] INFO  segmented.SegmentedRaftLogWorker (SegmentedRaftLogWorker.java:run(327)) - 76e53578-69cb-4294-9496-1cf18385f48a@group-1FE22983BC3E-SegmentedRaftLogWorker was interrupted, exiting. There are 0 tasks remaining in the queue.
2022-01-06 13:30:56,840 [Listener at 127.0.0.1/36535] INFO  segmented.SegmentedRaftLogWorker (SegmentedRaftLogWorker.java:close(237)) - 76e53578-69cb-4294-9496-1cf18385f48a@group-1FE22983BC3E-SegmentedRaftLogWorker close()
2022-01-06 13:30:56,847 [ForkJoinPool.commonPool-worker-0] INFO  server.GrpcService (GrpcService.java:closeImpl(271)) - 22c8497a-9e61-48ae-afcc-0cb0db452240: shutdown server with port 44975 successfully
2022-01-06 13:30:56,847 [org.apache.ratis.util.JvmPauseMonitor$$Lambda$539/55753935@77d74e40] INFO  util.JvmPauseMonitor (JvmPauseMonitor.java:run(109)) - JvmPauseMonitor-22c8497a-9e61-48ae-afcc-0cb0db452240: Stopped
2022-01-06 13:30:56,847 [Listener at 127.0.0.1/36535] INFO  server.RaftServer$Division (RaftServerImpl.java:lambda$close$4(412)) - 76e53578-69cb-4294-9496-1cf18385f48a@group-044480F4D795: shutdown
2022-01-06 13:30:56,847 [Listener at 127.0.0.1/36535] INFO  util.JmxRegister (JmxRegister.java:unregister(73)) - Successfully un-registered JMX Bean with object name Ratis:service=RaftServer,group=group-044480F4D795,id=76e53578-69cb-4294-9496-1cf18385f48a
2022-01-06 13:30:56,848 [Listener at 127.0.0.1/36535] INFO  impl.RoleInfo (RoleInfo.java:shutdownLeaderState(91)) - 76e53578-69cb-4294-9496-1cf18385f48a: shutdown 76e53578-69cb-4294-9496-1cf18385f48a@group-044480F4D795-LeaderStateImpl
2022-01-06 13:30:56,848 [Listener at 127.0.0.1/36535] INFO  impl.PendingRequests (PendingRequests.java:sendNotLeaderResponses(282)) - 76e53578-69cb-4294-9496-1cf18385f48a@group-044480F4D795-PendingRequests: sendNotLeaderResponses
2022-01-06 13:30:56,849 [76e53578-69cb-4294-9496-1cf18385f48a@group-044480F4D795-StateMachineUpdater] INFO  ratis.ContainerStateMachine (ContainerStateMachine.java:takeSnapshot(299)) - group-044480F4D795: Taking a snapshot at:(t:1, i:0) file /home/runner/work/ozone/ozone/hadoop-ozone/integration-test/target/test-dir/MiniOzoneClusterImpl-1040910a-51cd-4ce1-8f2d-abd84b974e59/datanode-8/data/ratis/2fbe6e56-73fa-444f-9fe4-044480f4d795/sm/snapshot.1_0
2022-01-06 13:30:56,849 [Listener at 127.0.0.1/36535] INFO  impl.StateMachineUpdater (StateMachineUpdater.java:stopAndJoin(149)) - 76e53578-69cb-4294-9496-1cf18385f48a@group-044480F4D795-StateMachineUpdater: set stopIndex = 0
2022-01-06 13:30:56,850 [76e53578-69cb-4294-9496-1cf18385f48a@group-044480F4D795-StateMachineUpdater] INFO  ratis.ContainerStateMachine (ContainerStateMachine.java:takeSnapshot(310)) - group-044480F4D795: Finished taking a snapshot at:(t:1, i:0) file:/home/runner/work/ozone/ozone/hadoop-ozone/integration-test/target/test-dir/MiniOzoneClusterImpl-1040910a-51cd-4ce1-8f2d-abd84b974e59/datanode-8/data/ratis/2fbe6e56-73fa-444f-9fe4-044480f4d795/sm/snapshot.1_0 took: 1 ms
2022-01-06 13:30:56,850 [76e53578-69cb-4294-9496-1cf18385f48a@group-044480F4D795-StateMachineUpdater] INFO  impl.StateMachineUpdater (StateMachineUpdater.java:takeSnapshot(281)) - 76e53578-69cb-4294-9496-1cf18385f48a@group-044480F4D795-StateMachineUpdater: Took a snapshot at index 0
2022-01-06 13:30:56,850 [76e53578-69cb-4294-9496-1cf18385f48a@group-044480F4D795-StateMachineUpdater] INFO  impl.StateMachineUpdater (StateMachineUpdater.java:lambda$new$0(89)) - 76e53578-69cb-4294-9496-1cf18385f48a@group-044480F4D795-StateMachineUpdater: snapshotIndex: updateIncreasingly -1 -> 0
2022-01-06 13:30:56,850 [Listener at 127.0.0.1/36535] INFO  server.RaftServer$Division (ServerState.java:close(419)) - 76e53578-69cb-4294-9496-1cf18385f48a@group-044480F4D795: closes. applyIndex: 0
2022-01-06 13:30:56,850 [76e53578-69cb-4294-9496-1cf18385f48a@group-044480F4D795-SegmentedRaftLogWorker] INFO  segmented.SegmentedRaftLogWorker (SegmentedRaftLogWorker.java:run(327)) - 76e53578-69cb-4294-9496-1cf18385f48a@group-044480F4D795-SegmentedRaftLogWorker was interrupted, exiting. There are 0 tasks remaining in the queue.
2022-01-06 13:30:56,850 [Listener at 127.0.0.1/36535] INFO  segmented.SegmentedRaftLogWorker (SegmentedRaftLogWorker.java:close(237)) - 76e53578-69cb-4294-9496-1cf18385f48a@group-044480F4D795-SegmentedRaftLogWorker close()
2022-01-06 13:30:56,851 [Listener at 127.0.0.1/36535] INFO  server.GrpcService (GrpcService.java:closeImpl(262)) - 76e53578-69cb-4294-9496-1cf18385f48a: shutdown server with port 41391 now
2022-01-06 13:30:56,864 [Listener at 127.0.0.1/36535] INFO  server.GrpcService (GrpcService.java:closeImpl(271)) - 76e53578-69cb-4294-9496-1cf18385f48a: shutdown server with port 41391 successfully
2022-01-06 13:30:56,864 [org.apache.ratis.util.JvmPauseMonitor$$Lambda$539/55753935@281b0107] INFO  util.JvmPauseMonitor (JvmPauseMonitor.java:run(109)) - JvmPauseMonitor-76e53578-69cb-4294-9496-1cf18385f48a: Stopped
2022-01-06 13:30:58,284 [177ce3f2-416d-49f6-9e1f-da5fb9a9d371@group-1FE22983BC3E-FollowerState] INFO  impl.FollowerState (FollowerState.java:run(134)) - 177ce3f2-416d-49f6-9e1f-da5fb9a9d371@group-1FE22983BC3E-FollowerState: change to CANDIDATE, lastRpcElapsedTime:5204414004ns, electionTimeout:5197ms
2022-01-06 13:30:58,284 [177ce3f2-416d-49f6-9e1f-da5fb9a9d371@group-1FE22983BC3E-FollowerState] INFO  impl.RoleInfo (RoleInfo.java:shutdownFollowerState(108)) - 177ce3f2-416d-49f6-9e1f-da5fb9a9d371: shutdown 177ce3f2-416d-49f6-9e1f-da5fb9a9d371@group-1FE22983BC3E-FollowerState
2022-01-06 13:30:58,284 [177ce3f2-416d-49f6-9e1f-da5fb9a9d371@group-1FE22983BC3E-FollowerState] INFO  server.RaftServer$Division (RaftServerImpl.java:setRole(290)) - 177ce3f2-416d-49f6-9e1f-da5fb9a9d371@group-1FE22983BC3E: changes role from  FOLLOWER to CANDIDATE at term 4 for changeToCandidate
2022-01-06 13:30:58,284 [177ce3f2-416d-49f6-9e1f-da5fb9a9d371@group-1FE22983BC3E-FollowerState] INFO  server.RaftServerConfigKeys (ConfUtils.java:logGet(44)) - raft.server.leaderelection.pre-vote = false (custom)
2022-01-06 13:30:58,284 [177ce3f2-416d-49f6-9e1f-da5fb9a9d371@group-1FE22983BC3E-FollowerState] INFO  impl.RoleInfo (RoleInfo.java:updateAndGet(130)) - 177ce3f2-416d-49f6-9e1f-da5fb9a9d371: start 177ce3f2-416d-49f6-9e1f-da5fb9a9d371@group-1FE22983BC3E-LeaderElection28
2022-01-06 13:30:58,293 [177ce3f2-416d-49f6-9e1f-da5fb9a9d371@group-1FE22983BC3E-LeaderElection28] INFO  impl.LeaderElection (LeaderElection.java:askForVotes(306)) - 177ce3f2-416d-49f6-9e1f-da5fb9a9d371@group-1FE22983BC3E-LeaderElection28 ELECTION round 0: submit vote requests at term 5 for 0: [665e739a-157d-4ef9-b1c9-ec3dd6c8e45b|rpc:10.1.0.50:42233|dataStream:|priority:1, 177ce3f2-416d-49f6-9e1f-da5fb9a9d371|rpc:10.1.0.50:39477|dataStream:|priority:0, 76e53578-69cb-4294-9496-1cf18385f48a|rpc:10.1.0.50:41391|dataStream:|priority:0], old=null
2022-01-06 13:30:58,298 [177ce3f2-416d-49f6-9e1f-da5fb9a9d371@group-1FE22983BC3E-LeaderElection28] INFO  impl.LeaderElection (LogUtils.java:infoOrTrace(137)) - 177ce3f2-416d-49f6-9e1f-da5fb9a9d371@group-1FE22983BC3E-LeaderElection28 got exception when requesting votes: java.util.concurrent.ExecutionException: org.apache.ratis.thirdparty.io.grpc.StatusRuntimeException: UNAVAILABLE: io exception
2022-01-06 13:30:58,300 [177ce3f2-416d-49f6-9e1f-da5fb9a9d371@group-1FE22983BC3E-LeaderElection28] INFO  impl.LeaderElection (LogUtils.java:infoOrTrace(137)) - 177ce3f2-416d-49f6-9e1f-da5fb9a9d371@group-1FE22983BC3E-LeaderElection28 got exception when requesting votes: java.util.concurrent.ExecutionException: org.apache.ratis.thirdparty.io.grpc.StatusRuntimeException: UNAVAILABLE: io exception
2022-01-06 13:30:58,301 [177ce3f2-416d-49f6-9e1f-da5fb9a9d371@group-1FE22983BC3E-LeaderElection28] INFO  impl.LeaderElection (LeaderElection.java:logAndReturn(89)) - 177ce3f2-416d-49f6-9e1f-da5fb9a9d371@group-1FE22983BC3E-LeaderElection28: ELECTION REJECTED received 0 response(s) and 2 exception(s):
2022-01-06 13:30:58,301 [177ce3f2-416d-49f6-9e1f-da5fb9a9d371@group-1FE22983BC3E-LeaderElection28] INFO  impl.LeaderElection (LogUtils.java:infoOrTrace(137)) -   Exception 0: java.util.concurrent.ExecutionException: org.apache.ratis.thirdparty.io.grpc.StatusRuntimeException: UNAVAILABLE: io exception
2022-01-06 13:30:58,301 [177ce3f2-416d-49f6-9e1f-da5fb9a9d371@group-1FE22983BC3E-LeaderElection28] INFO  impl.LeaderElection (LogUtils.java:infoOrTrace(137)) -   Exception 1: java.util.concurrent.ExecutionException: org.apache.ratis.thirdparty.io.grpc.StatusRuntimeException: UNAVAILABLE: io exception
2022-01-06 13:30:58,301 [177ce3f2-416d-49f6-9e1f-da5fb9a9d371@group-1FE22983BC3E-LeaderElection28] INFO  impl.LeaderElection (LeaderElection.java:askForVotes(308)) - 177ce3f2-416d-49f6-9e1f-da5fb9a9d371@group-1FE22983BC3E-LeaderElection28 ELECTION round 0: result REJECTED
2022-01-06 13:30:58,301 [177ce3f2-416d-49f6-9e1f-da5fb9a9d371@group-1FE22983BC3E-LeaderElection28] INFO  server.RaftServer$Division (RaftServerImpl.java:setRole(290)) - 177ce3f2-416d-49f6-9e1f-da5fb9a9d371@group-1FE22983BC3E: changes role from CANDIDATE to FOLLOWER at term 5 for REJECTED
2022-01-06 13:30:58,301 [177ce3f2-416d-49f6-9e1f-da5fb9a9d371@group-1FE22983BC3E-LeaderElection28] INFO  impl.RoleInfo (RoleInfo.java:shutdownLeaderElection(121)) - 177ce3f2-416d-49f6-9e1f-da5fb9a9d371: shutdown 177ce3f2-416d-49f6-9e1f-da5fb9a9d371@group-1FE22983BC3E-LeaderElection28
2022-01-06 13:30:58,301 [177ce3f2-416d-49f6-9e1f-da5fb9a9d371@group-1FE22983BC3E-LeaderElection28] INFO  impl.RoleInfo (RoleInfo.java:updateAndGet(130)) - 177ce3f2-416d-49f6-9e1f-da5fb9a9d371: start 177ce3f2-416d-49f6-9e1f-da5fb9a9d371@group-1FE22983BC3E-FollowerState
2022-01-06 13:30:58,873 [ForkJoinPool.commonPool-worker-0] INFO  utils.BackgroundService (BackgroundService.java:shutdown(132)) - Shutting down service BlockDeletingService
2022-01-06 13:30:58,889 [Listener at 127.0.0.1/36535] INFO  utils.BackgroundService (BackgroundService.java:shutdown(132)) - Shutting down service BlockDeletingService
2022-01-06 13:31:01,146 [EventQueue-StaleNodeForStaleNodeHandler] INFO  node.StaleNodeHandler (StaleNodeHandler.java:onMessage(58)) - Datanode f94be414-d4cd-4929-99d0-8f9eafd02643{ip: 10.1.0.50, host: fv-az59-280.csjynl4pkq3e1pkirw3ssqjfoh.cx.internal.cloudapp.net, ports: [REPLICATION=40151, RATIS=45415, RATIS_ADMIN=45415, RATIS_SERVER=45415, STANDALONE=39341], networkLocation: /default-rack, certSerialId: null, persistedOpState: IN_SERVICE, persistedOpStateExpiryEpochSec: 0} moved to stale state. Finalizing its pipelines [PipelineID=d767b8ec-313e-485f-b43c-43dc455be5bd, PipelineID=11925957-c949-41db-84e3-f1d01d8a5c73]
2022-01-06 13:31:01,147 [EventQueue-StaleNodeForStaleNodeHandler] INFO  pipeline.PipelineManagerImpl (PipelineManagerImpl.java:closePipeline(365)) - Pipeline Pipeline[ Id: d767b8ec-313e-485f-b43c-43dc455be5bd, Nodes: f94be414-d4cd-4929-99d0-8f9eafd02643{ip: 10.1.0.50, host: fv-az59-280.csjynl4pkq3e1pkirw3ssqjfoh.cx.internal.cloudapp.net, ports: [REPLICATION=40151, RATIS=45415, RATIS_ADMIN=45415, RATIS_SERVER=45415, STANDALONE=39341], networkLocation: /default-rack, certSerialId: null, persistedOpState: IN_SERVICE, persistedOpStateExpiryEpochSec: 0}, ReplicationConfig: RATIS/ONE, State:OPEN, leaderId:f94be414-d4cd-4929-99d0-8f9eafd02643, CreationTimestamp2022-01-06T13:29:53.489Z[Etc/UTC]] moved to CLOSED state
2022-01-06 13:31:01,147 [EventQueue-StaleNodeForStaleNodeHandler] INFO  node.StaleNodeHandler (StaleNodeHandler.java:onMessage(58)) - Datanode 832710ff-70fd-4195-974e-450d8fd5944e{ip: 10.1.0.50, host: fv-az59-280.csjynl4pkq3e1pkirw3ssqjfoh.cx.internal.cloudapp.net, ports: [REPLICATION=35873, RATIS=39399, RATIS_ADMIN=39399, RATIS_SERVER=39399, STANDALONE=34621], networkLocation: /default-rack, certSerialId: null, persistedOpState: IN_SERVICE, persistedOpStateExpiryEpochSec: 0} moved to stale state. Finalizing its pipelines [PipelineID=14430a4b-7558-4436-80de-f93097442047, PipelineID=11925957-c949-41db-84e3-f1d01d8a5c73]
2022-01-06 13:31:01,147 [EventQueue-StaleNodeForStaleNodeHandler] INFO  pipeline.PipelineManagerImpl (PipelineManagerImpl.java:closePipeline(365)) - Pipeline Pipeline[ Id: 14430a4b-7558-4436-80de-f93097442047, Nodes: 832710ff-70fd-4195-974e-450d8fd5944e{ip: 10.1.0.50, host: fv-az59-280.csjynl4pkq3e1pkirw3ssqjfoh.cx.internal.cloudapp.net, ports: [REPLICATION=35873, RATIS=39399, RATIS_ADMIN=39399, RATIS_SERVER=39399, STANDALONE=34621], networkLocation: /default-rack, certSerialId: null, persistedOpState: IN_SERVICE, persistedOpStateExpiryEpochSec: 0}, ReplicationConfig: RATIS/ONE, State:OPEN, leaderId:832710ff-70fd-4195-974e-450d8fd5944e, CreationTimestamp2022-01-06T13:29:53.875Z[Etc/UTC]] moved to CLOSED state
2022-01-06 13:31:01,888 [ForkJoinPool.commonPool-worker-0] INFO  statemachine.DatanodeStateMachine (DatanodeStateMachine.java:stopDaemon(526)) - Ozone container server stopped.
2022-01-06 13:31:01,894 [Listener at 127.0.0.1/36535] INFO  statemachine.DatanodeStateMachine (DatanodeStateMachine.java:stopDaemon(526)) - Ozone container server stopped.
2022-01-06 13:31:01,895 [Listener at 127.0.0.1/36535] INFO  handler.ContextHandler (ContextHandler.java:doStop(1153)) - Stopped o.e.j.w.WebAppContext@7def94bb{hddsDatanode,/,null,STOPPED}{jar:file:/home/runner/.m2/repository/org/apache/ozone/hdds-container-service/1.3.0-SNAPSHOT/hdds-container-service-1.3.0-SNAPSHOT.jar!/webapps/hddsDatanode}
2022-01-06 13:31:01,896 [ForkJoinPool.commonPool-worker-0] INFO  handler.ContextHandler (ContextHandler.java:doStop(1153)) - Stopped o.e.j.w.WebAppContext@58ea2bc2{hddsDatanode,/,null,STOPPED}{jar:file:/home/runner/.m2/repository/org/apache/ozone/hdds-container-service/1.3.0-SNAPSHOT/hdds-container-service-1.3.0-SNAPSHOT.jar!/webapps/hddsDatanode}
2022-01-06 13:31:01,911 [ForkJoinPool.commonPool-worker-0] INFO  server.AbstractConnector (AbstractConnector.java:doStop(381)) - Stopped ServerConnector@4d97c12c{HTTP/1.1, (http/1.1)}{0.0.0.0:0}
2022-01-06 13:31:01,911 [ForkJoinPool.commonPool-worker-0] INFO  server.session (HouseKeeper.java:stopScavenging(149)) - node0 Stopped scavenging
2022-01-06 13:31:01,911 [Listener at 127.0.0.1/36535] INFO  server.AbstractConnector (AbstractConnector.java:doStop(381)) - Stopped ServerConnector@4e025001{HTTP/1.1, (http/1.1)}{0.0.0.0:0}
2022-01-06 13:31:01,911 [Listener at 127.0.0.1/36535] INFO  server.session (HouseKeeper.java:stopScavenging(149)) - node0 Stopped scavenging
2022-01-06 13:31:01,912 [Listener at 127.0.0.1/36535] INFO  handler.ContextHandler (ContextHandler.java:doStop(1153)) - Stopped o.e.j.s.ServletContextHandler@47098232{static,/static,jar:file:/home/runner/.m2/repository/org/apache/ozone/hdds-container-service/1.3.0-SNAPSHOT/hdds-container-service-1.3.0-SNAPSHOT.jar!/webapps/static,STOPPED}
2022-01-06 13:31:01,912 [Listener at 127.0.0.1/36535] INFO  handler.ContextHandler (ContextHandler.java:doStop(1153)) - Stopped o.e.j.s.ServletContextHandler@1f55bb2{logs,/logs,file:///home/runner/work/ozone/ozone/hadoop-ozone/integration-test/target/log,STOPPED}
2022-01-06 13:31:01,914 [ForkJoinPool.commonPool-worker-0] INFO  handler.ContextHandler (ContextHandler.java:doStop(1153)) - Stopped o.e.j.s.ServletContextHandler@50c253b6{static,/static,jar:file:/home/runner/.m2/repository/org/apache/ozone/hdds-container-service/1.3.0-SNAPSHOT/hdds-container-service-1.3.0-SNAPSHOT.jar!/webapps/static,STOPPED}
2022-01-06 13:31:01,919 [ForkJoinPool.commonPool-worker-0] INFO  handler.ContextHandler (ContextHandler.java:doStop(1153)) - Stopped o.e.j.s.ServletContextHandler@10eddc8b{logs,/logs,file:///home/runner/work/ozone/ozone/hadoop-ozone/integration-test/target/log,STOPPED}
2022-01-06 13:31:03,446 [177ce3f2-416d-49f6-9e1f-da5fb9a9d371@group-1FE22983BC3E-FollowerState] INFO  impl.FollowerState (FollowerState.java:run(134)) - 177ce3f2-416d-49f6-9e1f-da5fb9a9d371@group-1FE22983BC3E-FollowerState: change to CANDIDATE, lastRpcElapsedTime:5144656860ns, electionTimeout:5141ms
2022-01-06 13:31:03,446 [177ce3f2-416d-49f6-9e1f-da5fb9a9d371@group-1FE22983BC3E-FollowerState] INFO  impl.RoleInfo (RoleInfo.java:shutdownFollowerState(108)) - 177ce3f2-416d-49f6-9e1f-da5fb9a9d371: shutdown 177ce3f2-416d-49f6-9e1f-da5fb9a9d371@group-1FE22983BC3E-FollowerState
2022-01-06 13:31:03,446 [177ce3f2-416d-49f6-9e1f-da5fb9a9d371@group-1FE22983BC3E-FollowerState] INFO  server.RaftServer$Division (RaftServerImpl.java:setRole(290)) - 177ce3f2-416d-49f6-9e1f-da5fb9a9d371@group-1FE22983BC3E: changes role from  FOLLOWER to CANDIDATE at term 5 for changeToCandidate
2022-01-06 13:31:03,446 [177ce3f2-416d-49f6-9e1f-da5fb9a9d371@group-1FE22983BC3E-FollowerState] INFO  server.RaftServerConfigKeys (ConfUtils.java:logGet(44)) - raft.server.leaderelection.pre-vote = false (custom)
2022-01-06 13:31:03,446 [177ce3f2-416d-49f6-9e1f-da5fb9a9d371@group-1FE22983BC3E-FollowerState] INFO  impl.RoleInfo (RoleInfo.java:updateAndGet(130)) - 177ce3f2-416d-49f6-9e1f-da5fb9a9d371: start 177ce3f2-416d-49f6-9e1f-da5fb9a9d371@group-1FE22983BC3E-LeaderElection29
2022-01-06 13:31:03,459 [177ce3f2-416d-49f6-9e1f-da5fb9a9d371@group-1FE22983BC3E-LeaderElection29] INFO  impl.LeaderElection (LeaderElection.java:askForVotes(306)) - 177ce3f2-416d-49f6-9e1f-da5fb9a9d371@group-1FE22983BC3E-LeaderElection29 ELECTION round 0: submit vote requests at term 6 for 0: [665e739a-157d-4ef9-b1c9-ec3dd6c8e45b|rpc:10.1.0.50:42233|dataStream:|priority:1, 177ce3f2-416d-49f6-9e1f-da5fb9a9d371|rpc:10.1.0.50:39477|dataStream:|priority:0, 76e53578-69cb-4294-9496-1cf18385f48a|rpc:10.1.0.50:41391|dataStream:|priority:0], old=null
2022-01-06 13:31:03,494 [177ce3f2-416d-49f6-9e1f-da5fb9a9d371@group-1FE22983BC3E-LeaderElection29] INFO  impl.LeaderElection (LogUtils.java:infoOrTrace(137)) - 177ce3f2-416d-49f6-9e1f-da5fb9a9d371@group-1FE22983BC3E-LeaderElection29 got exception when requesting votes: java.util.concurrent.ExecutionException: org.apache.ratis.thirdparty.io.grpc.StatusRuntimeException: UNAVAILABLE: io exception
2022-01-06 13:31:03,495 [177ce3f2-416d-49f6-9e1f-da5fb9a9d371@group-1FE22983BC3E-LeaderElection29] INFO  impl.LeaderElection (LogUtils.java:infoOrTrace(137)) - 177ce3f2-416d-49f6-9e1f-da5fb9a9d371@group-1FE22983BC3E-LeaderElection29 got exception when requesting votes: java.util.concurrent.ExecutionException: org.apache.ratis.thirdparty.io.grpc.StatusRuntimeException: UNAVAILABLE: io exception
2022-01-06 13:31:03,495 [177ce3f2-416d-49f6-9e1f-da5fb9a9d371@group-1FE22983BC3E-LeaderElection29] INFO  impl.LeaderElection (LeaderElection.java:logAndReturn(89)) - 177ce3f2-416d-49f6-9e1f-da5fb9a9d371@group-1FE22983BC3E-LeaderElection29: ELECTION REJECTED received 0 response(s) and 2 exception(s):
2022-01-06 13:31:03,495 [177ce3f2-416d-49f6-9e1f-da5fb9a9d371@group-1FE22983BC3E-LeaderElection29] INFO  impl.LeaderElection (LogUtils.java:infoOrTrace(137)) -   Exception 0: java.util.concurrent.ExecutionException: org.apache.ratis.thirdparty.io.grpc.StatusRuntimeException: UNAVAILABLE: io exception
2022-01-06 13:31:03,495 [177ce3f2-416d-49f6-9e1f-da5fb9a9d371@group-1FE22983BC3E-LeaderElection29] INFO  impl.LeaderElection (LogUtils.java:infoOrTrace(137)) -   Exception 1: java.util.concurrent.ExecutionException: org.apache.ratis.thirdparty.io.grpc.StatusRuntimeException: UNAVAILABLE: io exception
2022-01-06 13:31:03,495 [177ce3f2-416d-49f6-9e1f-da5fb9a9d371@group-1FE22983BC3E-LeaderElection29] INFO  impl.LeaderElection (LeaderElection.java:askForVotes(308)) - 177ce3f2-416d-49f6-9e1f-da5fb9a9d371@group-1FE22983BC3E-LeaderElection29 ELECTION round 0: result REJECTED
2022-01-06 13:31:03,495 [177ce3f2-416d-49f6-9e1f-da5fb9a9d371@group-1FE22983BC3E-LeaderElection29] INFO  server.RaftServer$Division (RaftServerImpl.java:setRole(290)) - 177ce3f2-416d-49f6-9e1f-da5fb9a9d371@group-1FE22983BC3E: changes role from CANDIDATE to FOLLOWER at term 6 for REJECTED
2022-01-06 13:31:03,495 [177ce3f2-416d-49f6-9e1f-da5fb9a9d371@group-1FE22983BC3E-LeaderElection29] INFO  impl.RoleInfo (RoleInfo.java:shutdownLeaderElection(121)) - 177ce3f2-416d-49f6-9e1f-da5fb9a9d371: shutdown 177ce3f2-416d-49f6-9e1f-da5fb9a9d371@group-1FE22983BC3E-LeaderElection29
2022-01-06 13:31:03,495 [177ce3f2-416d-49f6-9e1f-da5fb9a9d371@group-1FE22983BC3E-LeaderElection29] INFO  impl.RoleInfo (RoleInfo.java:updateAndGet(130)) - 177ce3f2-416d-49f6-9e1f-da5fb9a9d371: start 177ce3f2-416d-49f6-9e1f-da5fb9a9d371@group-1FE22983BC3E-FollowerState
2022-01-06 13:31:06,921 [ForkJoinPool.commonPool-worker-0] INFO  ozoneimpl.OzoneContainer (OzoneContainer.java:stop(336)) - Attempting to stop container services.
2022-01-06 13:31:06,921 [ForkJoinPool.commonPool-worker-0] INFO  server.RaftServer (RaftServerProxy.java:lambda$close$6(391)) - 177ce3f2-416d-49f6-9e1f-da5fb9a9d371: close
2022-01-06 13:31:06,921 [ForkJoinPool.commonPool-worker-0] INFO  server.RaftServer$Division (RaftServerImpl.java:lambda$close$4(412)) - 177ce3f2-416d-49f6-9e1f-da5fb9a9d371@group-1FE22983BC3E: shutdown
2022-01-06 13:31:06,922 [ForkJoinPool.commonPool-worker-0] INFO  util.JmxRegister (JmxRegister.java:unregister(73)) - Successfully un-registered JMX Bean with object name Ratis:service=RaftServer,group=group-1FE22983BC3E,id=177ce3f2-416d-49f6-9e1f-da5fb9a9d371
2022-01-06 13:31:06,922 [ForkJoinPool.commonPool-worker-0] INFO  impl.RoleInfo (RoleInfo.java:shutdownFollowerState(108)) - 177ce3f2-416d-49f6-9e1f-da5fb9a9d371: shutdown 177ce3f2-416d-49f6-9e1f-da5fb9a9d371@group-1FE22983BC3E-FollowerState
2022-01-06 13:31:06,922 [ForkJoinPool.commonPool-worker-0] INFO  impl.StateMachineUpdater (StateMachineUpdater.java:stopAndJoin(149)) - 177ce3f2-416d-49f6-9e1f-da5fb9a9d371@group-1FE22983BC3E-StateMachineUpdater: set stopIndex = 12
2022-01-06 13:31:06,922 [177ce3f2-416d-49f6-9e1f-da5fb9a9d371@group-1FE22983BC3E-FollowerState] INFO  impl.FollowerState (FollowerState.java:run(143)) - 177ce3f2-416d-49f6-9e1f-da5fb9a9d371@group-1FE22983BC3E-FollowerState was interrupted: {}
java.lang.InterruptedException: sleep interrupted
	at java.lang.Thread.sleep(Native Method)
	at java.lang.Thread.sleep(Thread.java:340)
	at java.util.concurrent.TimeUnit.sleep(TimeUnit.java:386)
	at org.apache.ratis.util.TimeDuration.sleep(TimeDuration.java:324)
	at org.apache.ratis.util.TimeDuration.sleep(TimeDuration.java:309)
	at org.apache.ratis.server.impl.FollowerState.run(FollowerState.java:118)
2022-01-06 13:31:06,922 [177ce3f2-416d-49f6-9e1f-da5fb9a9d371@group-1FE22983BC3E-StateMachineUpdater] INFO  ratis.ContainerStateMachine (ContainerStateMachine.java:takeSnapshot(299)) - group-1FE22983BC3E: Taking a snapshot at:(t:3, i:12) file /home/runner/work/ozone/ozone/hadoop-ozone/integration-test/target/test-dir/MiniOzoneClusterImpl-1040910a-51cd-4ce1-8f2d-abd84b974e59/datanode-6/data/ratis/e04dc973-2c55-47c2-9965-1fe22983bc3e/sm/snapshot.3_12
2022-01-06 13:31:06,925 [177ce3f2-416d-49f6-9e1f-da5fb9a9d371@group-1FE22983BC3E-StateMachineUpdater] INFO  ratis.ContainerStateMachine (ContainerStateMachine.java:takeSnapshot(310)) - group-1FE22983BC3E: Finished taking a snapshot at:(t:3, i:12) file:/home/runner/work/ozone/ozone/hadoop-ozone/integration-test/target/test-dir/MiniOzoneClusterImpl-1040910a-51cd-4ce1-8f2d-abd84b974e59/datanode-6/data/ratis/e04dc973-2c55-47c2-9965-1fe22983bc3e/sm/snapshot.3_12 took: 4 ms
2022-01-06 13:31:06,925 [177ce3f2-416d-49f6-9e1f-da5fb9a9d371@group-1FE22983BC3E-StateMachineUpdater] INFO  impl.StateMachineUpdater (StateMachineUpdater.java:takeSnapshot(281)) - 177ce3f2-416d-49f6-9e1f-da5fb9a9d371@group-1FE22983BC3E-StateMachineUpdater: Took a snapshot at index 12
2022-01-06 13:31:06,925 [177ce3f2-416d-49f6-9e1f-da5fb9a9d371@group-1FE22983BC3E-StateMachineUpdater] INFO  impl.StateMachineUpdater (StateMachineUpdater.java:lambda$new$0(89)) - 177ce3f2-416d-49f6-9e1f-da5fb9a9d371@group-1FE22983BC3E-StateMachineUpdater: snapshotIndex: updateIncreasingly -1 -> 12
2022-01-06 13:31:06,926 [ForkJoinPool.commonPool-worker-0] INFO  server.RaftServer$Division (ServerState.java:close(419)) - 177ce3f2-416d-49f6-9e1f-da5fb9a9d371@group-1FE22983BC3E: closes. applyIndex: 12
2022-01-06 13:31:06,926 [177ce3f2-416d-49f6-9e1f-da5fb9a9d371@group-1FE22983BC3E-SegmentedRaftLogWorker] INFO  segmented.SegmentedRaftLogWorker (SegmentedRaftLogWorker.java:run(327)) - 177ce3f2-416d-49f6-9e1f-da5fb9a9d371@group-1FE22983BC3E-SegmentedRaftLogWorker was interrupted, exiting. There are 0 tasks remaining in the queue.
2022-01-06 13:31:06,927 [ForkJoinPool.commonPool-worker-0] INFO  segmented.SegmentedRaftLogWorker (SegmentedRaftLogWorker.java:close(237)) - 177ce3f2-416d-49f6-9e1f-da5fb9a9d371@group-1FE22983BC3E-SegmentedRaftLogWorker close()
2022-01-06 13:31:06,927 [ForkJoinPool.commonPool-worker-0] INFO  server.RaftServer$Division (RaftServerImpl.java:lambda$close$4(412)) - 177ce3f2-416d-49f6-9e1f-da5fb9a9d371@group-EA9518340237: shutdown
2022-01-06 13:31:06,928 [ForkJoinPool.commonPool-worker-0] INFO  util.JmxRegister (JmxRegister.java:unregister(73)) - Successfully un-registered JMX Bean with object name Ratis:service=RaftServer,group=group-EA9518340237,id=177ce3f2-416d-49f6-9e1f-da5fb9a9d371
2022-01-06 13:31:06,928 [ForkJoinPool.commonPool-worker-0] INFO  impl.RoleInfo (RoleInfo.java:shutdownLeaderState(91)) - 177ce3f2-416d-49f6-9e1f-da5fb9a9d371: shutdown 177ce3f2-416d-49f6-9e1f-da5fb9a9d371@group-EA9518340237-LeaderStateImpl
2022-01-06 13:31:06,928 [ForkJoinPool.commonPool-worker-0] INFO  impl.PendingRequests (PendingRequests.java:sendNotLeaderResponses(282)) - 177ce3f2-416d-49f6-9e1f-da5fb9a9d371@group-EA9518340237-PendingRequests: sendNotLeaderResponses
2022-01-06 13:31:06,928 [ForkJoinPool.commonPool-worker-0] INFO  impl.StateMachineUpdater (StateMachineUpdater.java:stopAndJoin(149)) - 177ce3f2-416d-49f6-9e1f-da5fb9a9d371@group-EA9518340237-StateMachineUpdater: set stopIndex = 0
2022-01-06 13:31:06,928 [177ce3f2-416d-49f6-9e1f-da5fb9a9d371@group-EA9518340237-StateMachineUpdater] INFO  ratis.ContainerStateMachine (ContainerStateMachine.java:takeSnapshot(299)) - group-EA9518340237: Taking a snapshot at:(t:1, i:0) file /home/runner/work/ozone/ozone/hadoop-ozone/integration-test/target/test-dir/MiniOzoneClusterImpl-1040910a-51cd-4ce1-8f2d-abd84b974e59/datanode-6/data/ratis/3f0a10d6-27fc-4b50-9cd3-ea9518340237/sm/snapshot.1_0
2022-01-06 13:31:06,929 [177ce3f2-416d-49f6-9e1f-da5fb9a9d371@group-EA9518340237-StateMachineUpdater] INFO  ratis.ContainerStateMachine (ContainerStateMachine.java:takeSnapshot(310)) - group-EA9518340237: Finished taking a snapshot at:(t:1, i:0) file:/home/runner/work/ozone/ozone/hadoop-ozone/integration-test/target/test-dir/MiniOzoneClusterImpl-1040910a-51cd-4ce1-8f2d-abd84b974e59/datanode-6/data/ratis/3f0a10d6-27fc-4b50-9cd3-ea9518340237/sm/snapshot.1_0 took: 1 ms
2022-01-06 13:31:06,929 [177ce3f2-416d-49f6-9e1f-da5fb9a9d371@group-EA9518340237-StateMachineUpdater] INFO  impl.StateMachineUpdater (StateMachineUpdater.java:takeSnapshot(281)) - 177ce3f2-416d-49f6-9e1f-da5fb9a9d371@group-EA9518340237-StateMachineUpdater: Took a snapshot at index 0
2022-01-06 13:31:06,929 [177ce3f2-416d-49f6-9e1f-da5fb9a9d371@group-EA9518340237-StateMachineUpdater] INFO  impl.StateMachineUpdater (StateMachineUpdater.java:lambda$new$0(89)) - 177ce3f2-416d-49f6-9e1f-da5fb9a9d371@group-EA9518340237-StateMachineUpdater: snapshotIndex: updateIncreasingly -1 -> 0
2022-01-06 13:31:06,930 [ForkJoinPool.commonPool-worker-0] INFO  server.RaftServer$Division (ServerState.java:close(419)) - 177ce3f2-416d-49f6-9e1f-da5fb9a9d371@group-EA9518340237: closes. applyIndex: 0
2022-01-06 13:31:06,930 [177ce3f2-416d-49f6-9e1f-da5fb9a9d371@group-EA9518340237-SegmentedRaftLogWorker] INFO  segmented.SegmentedRaftLogWorker (SegmentedRaftLogWorker.java:run(327)) - 177ce3f2-416d-49f6-9e1f-da5fb9a9d371@group-EA9518340237-SegmentedRaftLogWorker was interrupted, exiting. There are 0 tasks remaining in the queue.
2022-01-06 13:31:06,931 [ForkJoinPool.commonPool-worker-0] INFO  segmented.SegmentedRaftLogWorker (SegmentedRaftLogWorker.java:close(237)) - 177ce3f2-416d-49f6-9e1f-da5fb9a9d371@group-EA9518340237-SegmentedRaftLogWorker close()
2022-01-06 13:31:06,931 [ForkJoinPool.commonPool-worker-0] INFO  server.GrpcService (GrpcService.java:closeImpl(262)) - 177ce3f2-416d-49f6-9e1f-da5fb9a9d371: shutdown server with port 39477 now
2022-01-06 13:31:06,942 [ForkJoinPool.commonPool-worker-0] INFO  server.GrpcService (GrpcService.java:closeImpl(271)) - 177ce3f2-416d-49f6-9e1f-da5fb9a9d371: shutdown server with port 39477 successfully
2022-01-06 13:31:06,943 [org.apache.ratis.util.JvmPauseMonitor$$Lambda$539/55753935@28e18758] INFO  util.JvmPauseMonitor (JvmPauseMonitor.java:run(109)) - JvmPauseMonitor-177ce3f2-416d-49f6-9e1f-da5fb9a9d371: Stopped
2022-01-06 13:31:08,966 [ForkJoinPool.commonPool-worker-0] INFO  utils.BackgroundService (BackgroundService.java:shutdown(132)) - Shutting down service BlockDeletingService
2022-01-06 13:31:10,810 [EventQueue-StaleNodeForStaleNodeHandler] INFO  node.StaleNodeHandler (StaleNodeHandler.java:onMessage(58)) - Datanode 30761433-74de-448b-9041-b7efaa078424{ip: 10.1.0.50, host: fv-az59-280.csjynl4pkq3e1pkirw3ssqjfoh.cx.internal.cloudapp.net, ports: [REPLICATION=35961, RATIS=41385, RATIS_ADMIN=41385, RATIS_SERVER=41385, STANDALONE=42517], networkLocation: /default-rack, certSerialId: null, persistedOpState: IN_SERVICE, persistedOpStateExpiryEpochSec: 0} moved to stale state. Finalizing its pipelines [PipelineID=c7f70cff-003f-4311-9eb4-57d22a8c9907, PipelineID=6e6fbaad-accd-40fc-ad54-99b4631465cc]
2022-01-06 13:31:10,811 [EventQueue-StaleNodeForStaleNodeHandler] INFO  pipeline.PipelineManagerImpl (PipelineManagerImpl.java:closePipeline(365)) - Pipeline Pipeline[ Id: c7f70cff-003f-4311-9eb4-57d22a8c9907, Nodes: 30761433-74de-448b-9041-b7efaa078424{ip: 10.1.0.50, host: fv-az59-280.csjynl4pkq3e1pkirw3ssqjfoh.cx.internal.cloudapp.net, ports: [REPLICATION=35961, RATIS=41385, RATIS_ADMIN=41385, RATIS_SERVER=41385, STANDALONE=42517], networkLocation: /default-rack, certSerialId: null, persistedOpState: IN_SERVICE, persistedOpStateExpiryEpochSec: 0}, ReplicationConfig: RATIS/ONE, State:OPEN, leaderId:30761433-74de-448b-9041-b7efaa078424, CreationTimestamp2022-01-06T13:29:52.581Z[Etc/UTC]] moved to CLOSED state
2022-01-06 13:31:11,214 [EventQueue-StaleNodeForStaleNodeHandler] INFO  node.StaleNodeHandler (StaleNodeHandler.java:onMessage(58)) - Datanode 665e739a-157d-4ef9-b1c9-ec3dd6c8e45b{ip: 10.1.0.50, host: fv-az59-280.csjynl4pkq3e1pkirw3ssqjfoh.cx.internal.cloudapp.net, ports: [REPLICATION=43757, RATIS=42233, RATIS_ADMIN=42233, RATIS_SERVER=42233, STANDALONE=33423], networkLocation: /default-rack, certSerialId: null, persistedOpState: IN_SERVICE, persistedOpStateExpiryEpochSec: 0} moved to stale state. Finalizing its pipelines [PipelineID=e04dc973-2c55-47c2-9965-1fe22983bc3e, PipelineID=5822dadb-f2d4-4a0d-a59b-e679ef3c7c02]
2022-01-06 13:31:11,214 [EventQueue-StaleNodeForStaleNodeHandler] INFO  pipeline.PipelineManagerImpl (PipelineManagerImpl.java:closeContainersForPipeline(344)) - Container #2 closed for pipeline=PipelineID=e04dc973-2c55-47c2-9965-1fe22983bc3e
2022-01-06 13:31:11,215 [EventQueue-StaleNodeForStaleNodeHandler] INFO  pipeline.PipelineManagerImpl (PipelineManagerImpl.java:closePipeline(365)) - Pipeline Pipeline[ Id: e04dc973-2c55-47c2-9965-1fe22983bc3e, Nodes: 665e739a-157d-4ef9-b1c9-ec3dd6c8e45b{ip: 10.1.0.50, host: fv-az59-280.csjynl4pkq3e1pkirw3ssqjfoh.cx.internal.cloudapp.net, ports: [REPLICATION=43757, RATIS=42233, RATIS_ADMIN=42233, RATIS_SERVER=42233, STANDALONE=33423], networkLocation: /default-rack, certSerialId: null, persistedOpState: IN_SERVICE, persistedOpStateExpiryEpochSec: 0}76e53578-69cb-4294-9496-1cf18385f48a{ip: 10.1.0.50, host: fv-az59-280.csjynl4pkq3e1pkirw3ssqjfoh.cx.internal.cloudapp.net, ports: [REPLICATION=45325, RATIS=41391, RATIS_ADMIN=41391, RATIS_SERVER=41391, STANDALONE=41745], networkLocation: /default-rack, certSerialId: null, persistedOpState: IN_SERVICE, persistedOpStateExpiryEpochSec: 0}177ce3f2-416d-49f6-9e1f-da5fb9a9d371{ip: 10.1.0.50, host: fv-az59-280.csjynl4pkq3e1pkirw3ssqjfoh.cx.internal.cloudapp.net, ports: [REPLICATION=41445, RATIS=39477, RATIS_ADMIN=39477, RATIS_SERVER=39477, STANDALONE=35293], networkLocation: /default-rack, certSerialId: null, persistedOpState: IN_SERVICE, persistedOpStateExpiryEpochSec: 0}, ReplicationConfig: RATIS/THREE, State:OPEN, leaderId:665e739a-157d-4ef9-b1c9-ec3dd6c8e45b, CreationTimestamp2022-01-06T13:29:54.404Z[Etc/UTC]] moved to CLOSED state
2022-01-06 13:31:11,216 [EventQueue-StaleNodeForStaleNodeHandler] INFO  pipeline.PipelineManagerImpl (PipelineManagerImpl.java:closePipeline(365)) - Pipeline Pipeline[ Id: 5822dadb-f2d4-4a0d-a59b-e679ef3c7c02, Nodes: 665e739a-157d-4ef9-b1c9-ec3dd6c8e45b{ip: 10.1.0.50, host: fv-az59-280.csjynl4pkq3e1pkirw3ssqjfoh.cx.internal.cloudapp.net, ports: [REPLICATION=43757, RATIS=42233, RATIS_ADMIN=42233, RATIS_SERVER=42233, STANDALONE=33423], networkLocation: /default-rack, certSerialId: null, persistedOpState: IN_SERVICE, persistedOpStateExpiryEpochSec: 0}, ReplicationConfig: RATIS/ONE, State:OPEN, leaderId:665e739a-157d-4ef9-b1c9-ec3dd6c8e45b, CreationTimestamp2022-01-06T13:29:54.240Z[Etc/UTC]] moved to CLOSED state
2022-01-06 13:31:11,216 [EventQueue-CloseContainerForCloseContainerEventHandler] INFO  container.CloseContainerEventHandler (CloseContainerEventHandler.java:onMessage(69)) - Close container Event triggered for container : #2
2022-01-06 13:31:11,979 [ForkJoinPool.commonPool-worker-0] INFO  statemachine.DatanodeStateMachine (DatanodeStateMachine.java:stopDaemon(526)) - Ozone container server stopped.
2022-01-06 13:31:11,982 [ForkJoinPool.commonPool-worker-0] INFO  handler.ContextHandler (ContextHandler.java:doStop(1153)) - Stopped o.e.j.w.WebAppContext@627e21c9{hddsDatanode,/,null,STOPPED}{jar:file:/home/runner/.m2/repository/org/apache/ozone/hdds-container-service/1.3.0-SNAPSHOT/hdds-container-service-1.3.0-SNAPSHOT.jar!/webapps/hddsDatanode}
2022-01-06 13:31:11,995 [ForkJoinPool.commonPool-worker-0] INFO  server.AbstractConnector (AbstractConnector.java:doStop(381)) - Stopped ServerConnector@1e695be6{HTTP/1.1, (http/1.1)}{0.0.0.0:0}
2022-01-06 13:31:11,995 [ForkJoinPool.commonPool-worker-0] INFO  server.session (HouseKeeper.java:stopScavenging(149)) - node0 Stopped scavenging
2022-01-06 13:31:12,002 [ForkJoinPool.commonPool-worker-0] INFO  handler.ContextHandler (ContextHandler.java:doStop(1153)) - Stopped o.e.j.s.ServletContextHandler@2e7d71d9{static,/static,jar:file:/home/runner/.m2/repository/org/apache/ozone/hdds-container-service/1.3.0-SNAPSHOT/hdds-container-service-1.3.0-SNAPSHOT.jar!/webapps/static,STOPPED}
2022-01-06 13:31:12,016 [ForkJoinPool.commonPool-worker-0] INFO  handler.ContextHandler (ContextHandler.java:doStop(1153)) - Stopped o.e.j.s.ServletContextHandler@4136d4da{logs,/logs,file:///home/runner/work/ozone/ozone/hadoop-ozone/integration-test/target/log,STOPPED}
2022-01-06 13:31:12,017 [Listener at 127.0.0.1/36535] INFO  ozone.MiniOzoneClusterImpl (MiniOzoneClusterImpl.java:stopSCM(542)) - Stopping the StorageContainerManager
2022-01-06 13:31:12,017 [Listener at 127.0.0.1/36535] INFO  server.StorageContainerManager (StorageContainerManager.java:stop(1390)) - Stopping Container Balancer service.
2022-01-06 13:31:12,017 [Listener at 127.0.0.1/36535] INFO  balancer.ContainerBalancer (ContainerBalancer.java:stop(748)) - Container Balancer is not running.
2022-01-06 13:31:12,017 [Listener at 127.0.0.1/36535] INFO  server.StorageContainerManager (StorageContainerManager.java:stop(1397)) - Stopping Replication Manager Service.
2022-01-06 13:31:12,017 [Listener at 127.0.0.1/36535] INFO  container.ReplicationManager (ReplicationManager.java:stop(350)) - Stopping Replication Monitor Thread.
2022-01-06 13:31:12,017 [Listener at 127.0.0.1/36535] INFO  server.StorageContainerManager (StorageContainerManager.java:stop(1404)) - Stopping the Datanode Admin Monitor.
2022-01-06 13:31:12,018 [Listener at 127.0.0.1/36535] INFO  server.StorageContainerManager (StorageContainerManager.java:stop(1411)) - Stopping Lease Manager of the command watchers
2022-01-06 13:31:12,018 [Listener at 127.0.0.1/36535] INFO  server.StorageContainerManager (StorageContainerManager.java:stop(1418)) - Stopping datanode service RPC server
2022-01-06 13:31:12,018 [Listener at 127.0.0.1/36535] INFO  server.SCMDatanodeProtocolServer (SCMDatanodeProtocolServer.java:stop(390)) - Stopping the RPC server for DataNodes
2022-01-06 13:31:12,018 [Listener at 127.0.0.1/36535] INFO  ipc.Server (Server.java:stop(3414)) - Stopping server on 33937
2022-01-06 13:31:12,020 [IPC Server Responder] INFO  ipc.Server (Server.java:run(1512)) - Stopping IPC Server Responder
2022-01-06 13:31:12,020 [IPC Server listener on 0] INFO  ipc.Server (Server.java:run(1376)) - Stopping IPC Server listener on 0
2022-01-06 13:31:12,034 [SCM Heartbeat Processing Thread - 0] WARN  node.NodeStateManager (NodeStateManager.java:scheduleNextHealthCheck(799)) - Current Thread is interrupted, shutting down HB processing thread for Node Manager.
2022-01-06 13:31:12,034 [Listener at 127.0.0.1/36535] INFO  server.StorageContainerManager (StorageContainerManager.java:stop(1426)) - Stopping block service RPC server
2022-01-06 13:31:12,035 [Listener at 127.0.0.1/36535] INFO  server.SCMBlockProtocolServer (SCMBlockProtocolServer.java:stop(160)) - Stopping the RPC server for Block Protocol
2022-01-06 13:31:12,035 [Listener at 127.0.0.1/36535] INFO  ipc.Server (Server.java:stop(3414)) - Stopping server on 36611
2022-01-06 13:31:12,036 [IPC Server listener on 0] INFO  ipc.Server (Server.java:run(1376)) - Stopping IPC Server listener on 0
2022-01-06 13:31:12,037 [IPC Server Responder] INFO  ipc.Server (Server.java:run(1512)) - Stopping IPC Server Responder
2022-01-06 13:31:12,037 [Listener at 127.0.0.1/36535] INFO  server.StorageContainerManager (StorageContainerManager.java:stop(1433)) - Stopping the StorageContainerLocationProtocol RPC server
2022-01-06 13:31:12,037 [Listener at 127.0.0.1/36535] INFO  server.SCMClientProtocolServer (SCMClientProtocolServer.java:stop(173)) - Stopping the RPC server for Client Protocol
2022-01-06 13:31:12,037 [Listener at 127.0.0.1/36535] INFO  ipc.Server (Server.java:stop(3414)) - Stopping server on 32935
2022-01-06 13:31:12,039 [Listener at 127.0.0.1/36535] INFO  server.StorageContainerManager (StorageContainerManager.java:stop(1440)) - Stopping Storage Container Manager HTTP server.
2022-01-06 13:31:12,039 [Listener at 127.0.0.1/36535] INFO  handler.ContextHandler (ContextHandler.java:doStop(1153)) - Stopped o.e.j.w.WebAppContext@1d535b78{scm,/,null,STOPPED}{file:/home/runner/work/ozone/ozone/hadoop-ozone/integration-test/target/test-classes/webapps/scm}
2022-01-06 13:31:12,040 [IPC Server Responder] INFO  ipc.Server (Server.java:run(1512)) - Stopping IPC Server Responder
2022-01-06 13:31:12,040 [IPC Server listener on 0] INFO  ipc.Server (Server.java:run(1376)) - Stopping IPC Server listener on 0
2022-01-06 13:31:12,041 [Listener at 127.0.0.1/36535] INFO  server.AbstractConnector (AbstractConnector.java:doStop(381)) - Stopped ServerConnector@6c46dc02{HTTP/1.1, (http/1.1)}{0.0.0.0:0}
2022-01-06 13:31:12,041 [Listener at 127.0.0.1/36535] INFO  server.session (HouseKeeper.java:stopScavenging(149)) - node0 Stopped scavenging
2022-01-06 13:31:12,041 [Listener at 127.0.0.1/36535] INFO  handler.ContextHandler (ContextHandler.java:doStop(1153)) - Stopped o.e.j.s.ServletContextHandler@a97a895{static,/static,file:///home/runner/work/ozone/ozone/hadoop-ozone/integration-test/target/test-classes/webapps/static,STOPPED}
2022-01-06 13:31:12,041 [Listener at 127.0.0.1/36535] INFO  handler.ContextHandler (ContextHandler.java:doStop(1153)) - Stopped o.e.j.s.ServletContextHandler@4f98ac31{logs,/logs,file:///home/runner/work/ozone/ozone/hadoop-ozone/integration-test/target/log,STOPPED}
2022-01-06 13:31:12,043 [Listener at 127.0.0.1/36535] INFO  server.StorageContainerManager (StorageContainerManager.java:stop(1451)) - Stopping Block Manager Service.
2022-01-06 13:31:12,043 [Listener at 127.0.0.1/36535] INFO  utils.BackgroundService (BackgroundService.java:shutdown(132)) - Shutting down service SCMBlockDeletingService
2022-01-06 13:31:12,043 [Listener at 127.0.0.1/36535] INFO  utils.BackgroundService (BackgroundService.java:shutdown(132)) - Shutting down service SCMBlockDeletingService
2022-01-06 13:31:12,043 [Listener at 127.0.0.1/36535] INFO  server.StorageContainerManager (StorageContainerManager.java:stop(1478)) - Stopping SCM Event Queue.
2022-01-06 13:31:12,050 [Listener at 127.0.0.1/36535] INFO  server.StorageContainerManager (StorageContainerManager.java:stop(1489)) - Stopping SCM HA services.
2022-01-06 13:31:12,050 [Listener at 127.0.0.1/36535] INFO  pipeline.BackgroundPipelineCreator (BackgroundPipelineCreator.java:stop(158)) - Stopping RatisPipelineUtilsThread.
2022-01-06 13:31:12,051 [Listener at 127.0.0.1/36535] INFO  server.StorageContainerManager (StorageContainerManager.java:stop(1499)) - Stopping SCM MetadataStore.
2022-01-06 13:31:12,053 [Listener at 127.0.0.1/36535] INFO  impl.MetricsSystemImpl (MetricsSystemImpl.java:stop(210)) - Stopping XceiverClientMetrics metrics system...
2022-01-06 13:31:12,088 [prometheus] INFO  impl.MetricsSinkAdapter (MetricsSinkAdapter.java:publishMetricsFromQueue(141)) - prometheus thread interrupted.
2022-01-06 13:31:12,102 [Listener at 127.0.0.1/36535] INFO  impl.MetricsSystemImpl (MetricsSystemImpl.java:stop(216)) - XceiverClientMetrics metrics system stopped.
]]></system-out>
  </testcase>
  <testcase name="testWatchForCommitForRetryfailure" classname="org.apache.hadoop.ozone.client.rpc.TestWatchForCommit" time="99.72"/>
  <testcase name="testWatchForCommitForGroupMismatchException" classname="org.apache.hadoop.ozone.client.rpc.TestWatchForCommit" time="70.655"/>
  <testcase name="test2WayCommitForTimeoutException" classname="org.apache.hadoop.ozone.client.rpc.TestWatchForCommit" time="74.472"/>
</testsuite>