<?xml version="1.0" encoding="UTF-8"?>
<testsuite xmlns:xsi="http://www.w3.org/2001/XMLSchema-instance" xsi:noNamespaceSchemaLocation="https://maven.apache.org/surefire/maven-surefire-plugin/xsd/surefire-test-report-3.0.xsd" version="3.0" name="org.apache.hadoop.hdds.scm.pipeline.TestRatisPipelineCreateAndDestroy" time="160.587" tests="3" errors="1" skipped="0" failures="0">
  <properties>
    <property name="awt.toolkit" value="sun.awt.X11.XToolkit"/>
    <property name="file.encoding.pkg" value="sun.io"/>
    <property name="java.specification.version" value="1.8"/>
    <property name="sun.cpu.isalist" value=""/>
    <property name="sun.jnu.encoding" value="UTF-8"/>
    <property name="java.class.path" value="/home/runner/work/ozone/ozone/hadoop-ozone/integration-test/target/test-classes:/home/runner/work/ozone/ozone/hadoop-ozone/integration-test/target/classes:/home/runner/.m2/repository/org/apache/ozone/ozone-common/1.4.0-SNAPSHOT/ozone-common-1.4.0-SNAPSHOT.jar:/home/runner/.m2/repository/io/grpc/grpc-netty/1.48.1/grpc-netty-1.48.1.jar:/home/runner/.m2/repository/io/grpc/grpc-core/1.48.1/grpc-core-1.48.1.jar:/home/runner/.m2/repository/com/google/android/annotations/4.1.1.4/annotations-4.1.1.4.jar:/home/runner/.m2/repository/org/codehaus/mojo/animal-sniffer-annotations/1.21/animal-sniffer-annotations-1.21.jar:/home/runner/.m2/repository/com/google/errorprone/error_prone_annotations/2.2.0/error_prone_annotations-2.2.0.jar:/home/runner/.m2/repository/io/perfmark/perfmark-api/0.25.0/perfmark-api-0.25.0.jar:/home/runner/.m2/repository/io/netty/netty-codec-http2/4.1.77.Final/netty-codec-http2-4.1.77.Final.jar:/home/runner/.m2/repository/io/netty/netty-common/4.1.77.Final/netty-common-4.1.77.Final.jar:/home/runner/.m2/repository/io/netty/netty-buffer/4.1.77.Final/netty-buffer-4.1.77.Final.jar:/home/runner/.m2/repository/io/netty/netty-codec-http/4.1.77.Final/netty-codec-http-4.1.77.Final.jar:/home/runner/.m2/repository/io/netty/netty-handler-proxy/4.1.77.Final/netty-handler-proxy-4.1.77.Final.jar:/home/runner/.m2/repository/io/netty/netty-codec-socks/4.1.77.Final/netty-codec-socks-4.1.77.Final.jar:/home/runner/.m2/repository/io/netty/netty-tcnative-boringssl-static/2.0.52.Final/netty-tcnative-boringssl-static-2.0.52.Final.jar:/home/runner/.m2/repository/io/netty/netty-tcnative-classes/2.0.52.Final/netty-tcnative-classes-2.0.52.Final.jar:/home/runner/.m2/repository/io/netty/netty-tcnative-boringssl-static/2.0.52.Final/netty-tcnative-boringssl-static-2.0.52.Final-linux-x86_64.jar:/home/runner/.m2/repository/io/netty/netty-tcnative-boringssl-static/2.0.52.Final/netty-tcnative-boringssl-static-2.0.52.Final-linux-aarch_64.jar:/home/runner/.m2/repository/io/netty/netty-tcnative-boringssl-static/2.0.52.Final/netty-tcnative-boringssl-static-2.0.52.Final-osx-x86_64.jar:/home/runner/.m2/repository/io/netty/netty-tcnative-boringssl-static/2.0.52.Final/netty-tcnative-boringssl-static-2.0.52.Final-osx-aarch_64.jar:/home/runner/.m2/repository/io/netty/netty-tcnative-boringssl-static/2.0.52.Final/netty-tcnative-boringssl-static-2.0.52.Final-windows-x86_64.jar:/home/runner/.m2/repository/org/apache/commons/commons-compress/1.21/commons-compress-1.21.jar:/home/runner/.m2/repository/org/apache/ozone/hdds-common/1.4.0-SNAPSHOT/hdds-common-1.4.0-SNAPSHOT.jar:/home/runner/.m2/repository/org/apache/ozone/hdds-client/1.4.0-SNAPSHOT/hdds-client-1.4.0-SNAPSHOT.jar:/home/runner/.m2/repository/org/apache/ozone/ozone-interface-client/1.4.0-SNAPSHOT/ozone-interface-client-1.4.0-SNAPSHOT.jar:/home/runner/.m2/repository/org/apache/ozone/hdds-test-utils/1.4.0-SNAPSHOT/hdds-test-utils-1.4.0-SNAPSHOT.jar:/home/runner/.m2/repository/com/google/guava/guava/31.1-jre/guava-31.1-jre.jar:/home/runner/.m2/repository/com/google/guava/failureaccess/1.0.1/failureaccess-1.0.1.jar:/home/runner/.m2/repository/com/google/guava/listenablefuture/9999.0-empty-to-avoid-conflict-with-guava/listenablefuture-9999.0-empty-to-avoid-conflict-with-guava.jar:/home/runner/.m2/repository/com/google/code/findbugs/jsr305/3.0.0/jsr305-3.0.0.jar:/home/runner/.m2/repository/org/checkerframework/checker-qual/3.12.0/checker-qual-3.12.0.jar:/home/runner/.m2/repository/com/google/j2objc/j2objc-annotations/1.3/j2objc-annotations-1.3.jar:/home/runner/.m2/repository/commons-io/commons-io/2.11.0/commons-io-2.11.0.jar:/home/runner/.m2/repository/commons-logging/commons-logging/1.2/commons-logging-1.2.jar:/home/runner/.m2/repository/ch/qos/reload4j/reload4j/1.2.22/reload4j-1.2.22.jar:/home/runner/.m2/repository/org/slf4j/slf4j-api/1.7.36/slf4j-api-1.7.36.jar:/home/runner/.m2/repository/org/apache/ozone/hdds-server-scm/1.4.0-SNAPSHOT/hdds-server-scm-1.4.0-SNAPSHOT.jar:/home/runner/.m2/repository/org/apache/ozone/hdds-container-service/1.4.0-SNAPSHOT/hdds-container-service-1.4.0-SNAPSHOT.jar:/home/runner/.m2/repository/org/apache/ozone/hdds-hadoop-dependency-server/1.4.0-SNAPSHOT/hdds-hadoop-dependency-server-1.4.0-SNAPSHOT.jar:/home/runner/.m2/repository/org/apache/hadoop/hadoop-hdfs/3.3.4/hadoop-hdfs-3.3.4.jar:/home/runner/.m2/repository/org/eclipse/jetty/jetty-util-ajax/9.4.49.v20220914/jetty-util-ajax-9.4.49.v20220914.jar:/home/runner/.m2/repository/commons-daemon/commons-daemon/1.0.13/commons-daemon-1.0.13.jar:/home/runner/.m2/repository/org/apache/ozone/hdds-server-framework/1.4.0-SNAPSHOT/hdds-server-framework-1.4.0-SNAPSHOT.jar:/home/runner/.m2/repository/org/apache/ozone/hdds-interface-server/1.4.0-SNAPSHOT/hdds-interface-server-1.4.0-SNAPSHOT.jar:/home/runner/.m2/repository/org/apache/commons/commons-configuration2/2.1.1/commons-configuration2-2.1.1.jar:/home/runner/.m2/repository/org/apache/logging/log4j/log4j-core/2.17.1/log4j-core-2.17.1.jar:/home/runner/.m2/repository/com/lmax/disruptor/3.4.2/disruptor-3.4.2.jar:/home/runner/.m2/repository/org/eclipse/jetty/jetty-servlet/9.4.49.v20220914/jetty-servlet-9.4.49.v20220914.jar:/home/runner/.m2/repository/org/eclipse/jetty/jetty-security/9.4.49.v20220914/jetty-security-9.4.49.v20220914.jar:/home/runner/.m2/repository/org/rocksdb/rocksdbjni/7.7.3/rocksdbjni-7.7.3.jar:/home/runner/.m2/repository/io/prometheus/simpleclient_dropwizard/0.7.0/simpleclient_dropwizard-0.7.0.jar:/home/runner/.m2/repository/io/prometheus/simpleclient/0.7.0/simpleclient-0.7.0.jar:/home/runner/.m2/repository/io/prometheus/simpleclient_common/0.7.0/simpleclient_common-0.7.0.jar:/home/runner/.m2/repository/com/github/spotbugs/spotbugs-annotations/3.1.12/spotbugs-annotations-3.1.12.jar:/home/runner/.m2/repository/io/dropwizard/metrics/metrics-core/3.2.4/metrics-core-3.2.4.jar:/home/runner/.m2/repository/org/apache/commons/commons-text/1.4/commons-text-1.4.jar:/home/runner/.m2/repository/org/apache/hadoop/hadoop-hdfs-client/3.3.4/hadoop-hdfs-client-3.3.4.jar:/home/runner/.m2/repository/com/squareup/okhttp3/okhttp/4.9.3/okhttp-4.9.3.jar:/home/runner/.m2/repository/com/squareup/okio/okio/2.8.0/okio-2.8.0.jar:/home/runner/.m2/repository/org/jetbrains/kotlin/kotlin-stdlib-common/1.4.10/kotlin-stdlib-common-1.4.10.jar:/home/runner/.m2/repository/org/bouncycastle/bcprov-jdk15on/1.67/bcprov-jdk15on-1.67.jar:/home/runner/.m2/repository/com/google/protobuf/protobuf-java/2.5.0/protobuf-java-2.5.0.jar:/home/runner/.m2/repository/org/apache/ozone/ozone-manager/1.4.0-SNAPSHOT/ozone-manager-1.4.0-SNAPSHOT.jar:/home/runner/.m2/repository/org/aspectj/aspectjrt/1.9.7/aspectjrt-1.9.7.jar:/home/runner/.m2/repository/org/aspectj/aspectjweaver/1.9.7/aspectjweaver-1.9.7.jar:/home/runner/.m2/repository/org/apache/ozone/hdds-interface-client/1.4.0-SNAPSHOT/hdds-interface-client-1.4.0-SNAPSHOT.jar:/home/runner/.m2/repository/org/apache/hadoop/thirdparty/hadoop-shaded-protobuf_3_7/1.1.1/hadoop-shaded-protobuf_3_7-1.1.1.jar:/home/runner/.m2/repository/org/apache/ozone/ozone-interface-storage/1.4.0-SNAPSHOT/ozone-interface-storage-1.4.0-SNAPSHOT.jar:/home/runner/.m2/repository/org/reflections/reflections/0.9.11/reflections-0.9.11.jar:/home/runner/.m2/repository/com/sun/jersey/jersey-client/1.19/jersey-client-1.19.jar:/home/runner/.m2/repository/org/apache/ranger/ranger-intg/2.3.0/ranger-intg-2.3.0.jar:/home/runner/.m2/repository/org/apache/ranger/ranger-plugins-common/2.3.0/ranger-plugins-common-2.3.0.jar:/home/runner/.m2/repository/commons-lang/commons-lang/2.6/commons-lang-2.6.jar:/home/runner/.m2/repository/org/codehaus/jackson/jackson-jaxrs/1.9.13/jackson-jaxrs-1.9.13.jar:/home/runner/.m2/repository/org/apache/ranger/ranger-plugins-cred/2.3.0/ranger-plugins-cred-2.3.0.jar:/home/runner/.m2/repository/org/apache/ranger/ranger-plugins-audit/2.3.0/ranger-plugins-audit-2.3.0.jar:/home/runner/.m2/repository/org/eclipse/jetty/jetty-client/9.4.31.v20200723/jetty-client-9.4.31.v20200723.jar:/home/runner/.m2/repository/org/apache/httpcomponents/httpmime/4.5.6/httpmime-4.5.6.jar:/home/runner/.m2/repository/org/apache/httpcomponents/httpcore-nio/4.4.6/httpcore-nio-4.4.6.jar:/home/runner/.m2/repository/org/apache/httpcomponents/httpasyncclient/4.1.3/httpasyncclient-4.1.3.jar:/home/runner/.m2/repository/com/carrotsearch/hppc/0.8.0/hppc-0.8.0.jar:/home/runner/.m2/repository/org/apache/orc/orc-core/1.5.8/orc-core-1.5.8.jar:/home/runner/.m2/repository/net/java/dev/jna/jna/5.2.0/jna-5.2.0.jar:/home/runner/.m2/repository/net/java/dev/jna/jna-platform/5.2.0/jna-platform-5.2.0.jar:/home/runner/.m2/repository/com/kstruct/gethostname4j/0.0.2/gethostname4j-0.0.2.jar:/home/runner/.m2/repository/org/apache/ranger/ranger-plugin-classloader/2.3.0/ranger-plugin-classloader-2.3.0.jar:/home/runner/.m2/repository/org/apache/hadoop/hadoop-minikdc/3.3.4/hadoop-minikdc-3.3.4.jar:/home/runner/.m2/repository/org/apache/kerby/kerb-simplekdc/1.0.1/kerb-simplekdc-1.0.1.jar:/home/runner/.m2/repository/org/apache/kerby/kerb-client/1.0.1/kerb-client-1.0.1.jar:/home/runner/.m2/repository/org/apache/kerby/kerby-config/1.0.1/kerby-config-1.0.1.jar:/home/runner/.m2/repository/org/apache/kerby/kerb-common/1.0.1/kerb-common-1.0.1.jar:/home/runner/.m2/repository/org/apache/kerby/kerb-crypto/1.0.1/kerb-crypto-1.0.1.jar:/home/runner/.m2/repository/org/apache/kerby/kerb-util/1.0.1/kerb-util-1.0.1.jar:/home/runner/.m2/repository/org/apache/kerby/token-provider/1.0.1/token-provider-1.0.1.jar:/home/runner/.m2/repository/org/apache/kerby/kerb-admin/1.0.1/kerb-admin-1.0.1.jar:/home/runner/.m2/repository/org/apache/kerby/kerb-server/1.0.1/kerb-server-1.0.1.jar:/home/runner/.m2/repository/org/apache/kerby/kerb-identity/1.0.1/kerb-identity-1.0.1.jar:/home/runner/.m2/repository/org/apache/kerby/kerby-xdr/1.0.1/kerby-xdr-1.0.1.jar:/home/runner/.m2/repository/org/apache/ozone/ozone-s3gateway/1.4.0-SNAPSHOT/ozone-s3gateway-1.4.0-SNAPSHOT.jar:/home/runner/.m2/repository/org/javassist/javassist/3.21.0-GA/javassist-3.21.0-GA.jar:/home/runner/.m2/repository/org/jboss/weld/servlet/weld-servlet/2.4.7.Final/weld-servlet-2.4.7.Final.jar:/home/runner/.m2/repository/org/glassfish/jersey/containers/jersey-container-servlet-core/2.34/jersey-container-servlet-core-2.34.jar:/home/runner/.m2/repository/org/glassfish/hk2/external/jakarta.inject/2.6.1/jakarta.inject-2.6.1.jar:/home/runner/.m2/repository/org/glassfish/jersey/core/jersey-common/2.34/jersey-common-2.34.jar:/home/runner/.m2/repository/jakarta/ws/rs/jakarta.ws.rs-api/2.1.6/jakarta.ws.rs-api-2.1.6.jar:/home/runner/.m2/repository/org/glassfish/jersey/ext/cdi/jersey-cdi1x/2.34/jersey-cdi1x-2.34.jar:/home/runner/.m2/repository/org/glassfish/jersey/inject/jersey-hk2/2.34/jersey-hk2-2.34.jar:/home/runner/.m2/repository/org/glassfish/hk2/hk2-locator/2.6.1/hk2-locator-2.6.1.jar:/home/runner/.m2/repository/org/glassfish/jersey/media/jersey-media-jaxb/2.34/jersey-media-jaxb-2.34.jar:/home/runner/.m2/repository/org/glassfish/hk2/osgi-resource-locator/1.0.3/osgi-resource-locator-1.0.3.jar:/home/runner/.m2/repository/org/glassfish/hk2/hk2-api/2.5.0/hk2-api-2.5.0.jar:/home/runner/.m2/repository/org/glassfish/hk2/hk2-utils/2.5.0/hk2-utils-2.5.0.jar:/home/runner/.m2/repository/org/glassfish/hk2/external/aopalliance-repackaged/2.5.0/aopalliance-repackaged-2.5.0.jar:/home/runner/.m2/repository/com/fasterxml/jackson/dataformat/jackson-dataformat-xml/2.13.4/jackson-dataformat-xml-2.13.4.jar:/home/runner/.m2/repository/com/fasterxml/jackson/core/jackson-core/2.13.4/jackson-core-2.13.4.jar:/home/runner/.m2/repository/org/codehaus/woodstox/stax2-api/4.2.1/stax2-api-4.2.1.jar:/home/runner/.m2/repository/com/fasterxml/woodstox/woodstox-core/5.4.0/woodstox-core-5.4.0.jar:/home/runner/.m2/repository/com/fasterxml/jackson/module/jackson-module-jaxb-annotations/2.13.4/jackson-module-jaxb-annotations-2.13.4.jar:/home/runner/.m2/repository/jakarta/xml/bind/jakarta.xml.bind-api/2.3.3/jakarta.xml.bind-api-2.3.3.jar:/home/runner/.m2/repository/jakarta/activation/jakarta.activation-api/1.2.1/jakarta.activation-api-1.2.1.jar:/home/runner/.m2/repository/javax/enterprise/cdi-api/1.2/cdi-api-1.2.jar:/home/runner/.m2/repository/javax/el/javax.el-api/3.0.0/javax.el-api-3.0.0.jar:/home/runner/.m2/repository/javax/interceptor/javax.interceptor-api/1.2/javax.interceptor-api-1.2.jar:/home/runner/.m2/repository/javax/inject/javax.inject/1/javax.inject-1.jar:/home/runner/.m2/repository/javax/xml/bind/jaxb-api/2.3.0/jaxb-api-2.3.0.jar:/home/runner/.m2/repository/org/glassfish/jaxb/jaxb-runtime/2.3.0.1/jaxb-runtime-2.3.0.1.jar:/home/runner/.m2/repository/org/glassfish/jaxb/jaxb-core/2.3.0.1/jaxb-core-2.3.0.1.jar:/home/runner/.m2/repository/org/glassfish/jaxb/txw2/2.3.0.1/txw2-2.3.0.1.jar:/home/runner/.m2/repository/com/sun/istack/istack-commons-runtime/3.0.5/istack-commons-runtime-3.0.5.jar:/home/runner/.m2/repository/org/jvnet/staxex/stax-ex/1.7.8/stax-ex-1.7.8.jar:/home/runner/.m2/repository/com/sun/xml/fastinfoset/FastInfoset/1.2.13/FastInfoset-1.2.13.jar:/home/runner/.m2/repository/javax/activation/activation/1.1.1/activation-1.1.1.jar:/home/runner/.m2/repository/io/grpc/grpc-protobuf/1.48.1/grpc-protobuf-1.48.1.jar:/home/runner/.m2/repository/io/grpc/grpc-api/1.48.1/grpc-api-1.48.1.jar:/home/runner/.m2/repository/io/grpc/grpc-context/1.48.1/grpc-context-1.48.1.jar:/home/runner/.m2/repository/com/google/api/grpc/proto-google-common-protos/2.9.0/proto-google-common-protos-2.9.0.jar:/home/runner/.m2/repository/io/grpc/grpc-protobuf-lite/1.48.1/grpc-protobuf-lite-1.48.1.jar:/home/runner/.m2/repository/io/grpc/grpc-stub/1.48.1/grpc-stub-1.48.1.jar:/home/runner/.m2/repository/io/netty/netty-transport/4.1.77.Final/netty-transport-4.1.77.Final.jar:/home/runner/.m2/repository/io/netty/netty-resolver/4.1.77.Final/netty-resolver-4.1.77.Final.jar:/home/runner/.m2/repository/org/apache/ozone/ozone-csi/1.4.0-SNAPSHOT/ozone-csi-1.4.0-SNAPSHOT.jar:/home/runner/.m2/repository/com/google/protobuf/protobuf-java-util/3.19.6/protobuf-java-util-3.19.6.jar:/home/runner/.m2/repository/com/google/code/gson/gson/2.9.0/gson-2.9.0.jar:/home/runner/.m2/repository/org/apache/ozone/hdds-config/1.4.0-SNAPSHOT/hdds-config-1.4.0-SNAPSHOT.jar:/home/runner/.m2/repository/io/netty/netty-transport-native-epoll/4.1.77.Final/netty-transport-native-epoll-4.1.77.Final-linux-x86_64.jar:/home/runner/.m2/repository/io/netty/netty-transport-classes-epoll/4.1.77.Final/netty-transport-classes-epoll-4.1.77.Final.jar:/home/runner/.m2/repository/io/netty/netty-transport-native-unix-common/4.1.77.Final/netty-transport-native-unix-common-4.1.77.Final.jar:/home/runner/.m2/repository/org/slf4j/slf4j-reload4j/1.7.36/slf4j-reload4j-1.7.36.jar:/home/runner/.m2/repository/org/apache/ozone/ozone-recon/1.4.0-SNAPSHOT/ozone-recon-1.4.0-SNAPSHOT.jar:/home/runner/.m2/repository/org/apache/ozone/ozone-reconcodegen/1.4.0-SNAPSHOT/ozone-reconcodegen-1.4.0-SNAPSHOT.jar:/home/runner/.m2/repository/com/google/inject/extensions/guice-multibindings/4.0/guice-multibindings-4.0.jar:/home/runner/.m2/repository/com/google/inject/guice/4.0/guice-4.0.jar:/home/runner/.m2/repository/aopalliance/aopalliance/1.0/aopalliance-1.0.jar:/home/runner/.m2/repository/com/google/inject/extensions/guice-assistedinject/4.0/guice-assistedinject-4.0.jar:/home/runner/.m2/repository/com/google/inject/extensions/guice-servlet/4.0/guice-servlet-4.0.jar:/home/runner/.m2/repository/org/glassfish/jersey/containers/jersey-container-servlet/2.34/jersey-container-servlet-2.34.jar:/home/runner/.m2/repository/org/glassfish/hk2/guice-bridge/2.5.0/guice-bridge-2.5.0.jar:/home/runner/.m2/repository/org/glassfish/jersey/core/jersey-server/2.34/jersey-server-2.34.jar:/home/runner/.m2/repository/org/glassfish/jersey/core/jersey-client/2.34/jersey-client-2.34.jar:/home/runner/.m2/repository/jakarta/annotation/jakarta.annotation-api/1.3.5/jakarta.annotation-api-1.3.5.jar:/home/runner/.m2/repository/jakarta/validation/jakarta.validation-api/2.0.2/jakarta.validation-api-2.0.2.jar:/home/runner/.m2/repository/org/glassfish/jersey/media/jersey-media-json-jackson/2.34/jersey-media-json-jackson-2.34.jar:/home/runner/.m2/repository/org/glassfish/jersey/ext/jersey-entity-filtering/2.34/jersey-entity-filtering-2.34.jar:/home/runner/.m2/repository/org/jooq/jooq/3.11.10/jooq-3.11.10.jar:/home/runner/.m2/repository/org/jooq/jooq-meta/3.11.10/jooq-meta-3.11.10.jar:/home/runner/.m2/repository/org/jooq/jooq-codegen/3.11.10/jooq-codegen-3.11.10.jar:/home/runner/.m2/repository/com/jolbox/bonecp/0.8.0.RELEASE/bonecp-0.8.0.RELEASE.jar:/home/runner/.m2/repository/org/apache/derby/derby/10.14.2.0/derby-10.14.2.0.jar:/home/runner/.m2/repository/org/xerial/sqlite-jdbc/3.25.2/sqlite-jdbc-3.25.2.jar:/home/runner/.m2/repository/org/springframework/spring-jdbc/5.3.23/spring-jdbc-5.3.23.jar:/home/runner/.m2/repository/org/springframework/spring-beans/5.3.23/spring-beans-5.3.23.jar:/home/runner/.m2/repository/org/springframework/spring-core/5.3.23/spring-core-5.3.23.jar:/home/runner/.m2/repository/org/springframework/spring-jcl/5.3.23/spring-jcl-5.3.23.jar:/home/runner/.m2/repository/org/springframework/spring-tx/5.3.23/spring-tx-5.3.23.jar:/home/runner/.m2/repository/org/apache/ozone/ozone-client/1.4.0-SNAPSHOT/ozone-client-1.4.0-SNAPSHOT.jar:/home/runner/.m2/repository/org/apache/ozone/hdds-erasurecode/1.4.0-SNAPSHOT/hdds-erasurecode-1.4.0-SNAPSHOT.jar:/home/runner/.m2/repository/org/apache/ozone/ozone-filesystem/1.4.0-SNAPSHOT/ozone-filesystem-1.4.0-SNAPSHOT.jar:/home/runner/.m2/repository/org/apache/ozone/ozone-filesystem-common/1.4.0-SNAPSHOT/ozone-filesystem-common-1.4.0-SNAPSHOT.jar:/home/runner/.m2/repository/org/apache/ozone/ozone-tools/1.4.0-SNAPSHOT/ozone-tools-1.4.0-SNAPSHOT.jar:/home/runner/.m2/repository/org/apache/ratis/ratis-tools/2.4.2-8b8bdda-SNAPSHOT/ratis-tools-2.4.2-8b8bdda-SNAPSHOT.jar:/home/runner/.m2/repository/com/amazonaws/aws-java-sdk-core/1.12.261/aws-java-sdk-core-1.12.261.jar:/home/runner/.m2/repository/org/apache/httpcomponents/httpclient/4.5.13/httpclient-4.5.13.jar:/home/runner/.m2/repository/org/apache/httpcomponents/httpcore/4.4.13/httpcore-4.4.13.jar:/home/runner/.m2/repository/software/amazon/ion/ion-java/1.0.2/ion-java-1.0.2.jar:/home/runner/.m2/repository/com/fasterxml/jackson/dataformat/jackson-dataformat-cbor/2.13.4/jackson-dataformat-cbor-2.13.4.jar:/home/runner/.m2/repository/joda-time/joda-time/2.8.1/joda-time-2.8.1.jar:/home/runner/.m2/repository/com/amazonaws/aws-java-sdk-s3/1.12.261/aws-java-sdk-s3-1.12.261.jar:/home/runner/.m2/repository/com/amazonaws/aws-java-sdk-kms/1.12.261/aws-java-sdk-kms-1.12.261.jar:/home/runner/.m2/repository/com/amazonaws/jmespath-java/1.12.261/jmespath-java-1.12.261.jar:/home/runner/.m2/repository/org/kohsuke/metainf-services/metainf-services/1.8/metainf-services-1.8.jar:/home/runner/.m2/repository/org/apache/ozone/hdds-tools/1.4.0-SNAPSHOT/hdds-tools-1.4.0-SNAPSHOT.jar:/home/runner/.m2/repository/commons-cli/commons-cli/1.2/commons-cli-1.2.jar:/home/runner/.m2/repository/org/apache/commons/commons-lang3/3.7/commons-lang3-3.7.jar:/home/runner/.m2/repository/org/apache/ozone/ozone-manager/1.4.0-SNAPSHOT/ozone-manager-1.4.0-SNAPSHOT-tests.jar:/home/runner/.m2/repository/org/apache/ozone/hdds-common/1.4.0-SNAPSHOT/hdds-common-1.4.0-SNAPSHOT-tests.jar:/home/runner/.m2/repository/org/apache/ozone/hdds-hadoop-dependency-client/1.4.0-SNAPSHOT/hdds-hadoop-dependency-client-1.4.0-SNAPSHOT.jar:/home/runner/.m2/repository/info/picocli/picocli/4.6.1/picocli-4.6.1.jar:/home/runner/.m2/repository/com/fasterxml/jackson/core/jackson-annotations/2.13.4/jackson-annotations-2.13.4.jar:/home/runner/.m2/repository/com/fasterxml/jackson/datatype/jackson-datatype-jsr310/2.13.4/jackson-datatype-jsr310-2.13.4.jar:/home/runner/.m2/repository/org/apache/ozone/hdds-annotation-processing/1.4.0-SNAPSHOT/hdds-annotation-processing-1.4.0-SNAPSHOT.jar:/home/runner/.m2/repository/javax/annotation/javax.annotation-api/1.2/javax.annotation-api-1.2.jar:/home/runner/.m2/repository/org/apache/ratis/ratis-server/2.4.2-8b8bdda-SNAPSHOT/ratis-server-2.4.2-8b8bdda-SNAPSHOT.jar:/home/runner/.m2/repository/org/apache/ratis/ratis-client/2.4.2-8b8bdda-SNAPSHOT/ratis-client-2.4.2-8b8bdda-SNAPSHOT.jar:/home/runner/.m2/repository/org/apache/ratis/ratis-server-api/2.4.2-8b8bdda-SNAPSHOT/ratis-server-api-2.4.2-8b8bdda-SNAPSHOT.jar:/home/runner/.m2/repository/org/apache/ratis/ratis-metrics/2.4.2-8b8bdda-SNAPSHOT/ratis-metrics-2.4.2-8b8bdda-SNAPSHOT.jar:/home/runner/.m2/repository/org/apache/ratis/ratis-netty/2.4.2-8b8bdda-SNAPSHOT/ratis-netty-2.4.2-8b8bdda-SNAPSHOT.jar:/home/runner/.m2/repository/org/apache/ratis/ratis-grpc/2.4.2-8b8bdda-SNAPSHOT/ratis-grpc-2.4.2-8b8bdda-SNAPSHOT.jar:/home/runner/.m2/repository/org/apache/logging/log4j/log4j-api/2.17.1/log4j-api-2.17.1.jar:/home/runner/.m2/repository/org/apache/commons/commons-pool2/2.6.0/commons-pool2-2.6.0.jar:/home/runner/.m2/repository/org/bouncycastle/bcpkix-jdk15on/1.67/bcpkix-jdk15on-1.67.jar:/home/runner/.m2/repository/commons-validator/commons-validator/1.6/commons-validator-1.6.jar:/home/runner/.m2/repository/commons-beanutils/commons-beanutils/1.9.4/commons-beanutils-1.9.4.jar:/home/runner/.m2/repository/commons-digester/commons-digester/1.8.1/commons-digester-1.8.1.jar:/home/runner/.m2/repository/commons-collections/commons-collections/3.2.2/commons-collections-3.2.2.jar:/home/runner/.m2/repository/io/jaegertracing/jaeger-client/1.6.0/jaeger-client-1.6.0.jar:/home/runner/.m2/repository/io/jaegertracing/jaeger-thrift/1.6.0/jaeger-thrift-1.6.0.jar:/home/runner/.m2/repository/org/apache/thrift/libthrift/0.14.1/libthrift-0.14.1.jar:/home/runner/.m2/repository/io/jaegertracing/jaeger-core/1.6.0/jaeger-core-1.6.0.jar:/home/runner/.m2/repository/io/jaegertracing/jaeger-tracerresolver/1.6.0/jaeger-tracerresolver-1.6.0.jar:/home/runner/.m2/repository/io/opentracing/contrib/opentracing-tracerresolver/0.1.8/opentracing-tracerresolver-0.1.8.jar:/home/runner/.m2/repository/org/jetbrains/kotlin/kotlin-stdlib/1.6.21/kotlin-stdlib-1.6.21.jar:/home/runner/.m2/repository/org/jetbrains/annotations/13.0/annotations-13.0.jar:/home/runner/.m2/repository/io/opentracing/opentracing-util/0.33.0/opentracing-util-0.33.0.jar:/home/runner/.m2/repository/io/opentracing/opentracing-api/0.33.0/opentracing-api-0.33.0.jar:/home/runner/.m2/repository/io/opentracing/opentracing-noop/0.33.0/opentracing-noop-0.33.0.jar:/home/runner/.m2/repository/org/yaml/snakeyaml/1.33/snakeyaml-1.33.jar:/home/runner/.m2/repository/org/apache/ozone/hdds-interface-admin/1.4.0-SNAPSHOT/hdds-interface-admin-1.4.0-SNAPSHOT.jar:/home/runner/.m2/repository/junit/junit/4.13.1/junit-4.13.1.jar:/home/runner/.m2/repository/org/hamcrest/hamcrest-core/1.3/hamcrest-core-1.3.jar:/home/runner/.m2/repository/org/junit/jupiter/junit-jupiter-api/5.8.2/junit-jupiter-api-5.8.2.jar:/home/runner/.m2/repository/org/opentest4j/opentest4j/1.2.0/opentest4j-1.2.0.jar:/home/runner/.m2/repository/org/junit/platform/junit-platform-commons/1.8.2/junit-platform-commons-1.8.2.jar:/home/runner/.m2/repository/org/apiguardian/apiguardian-api/1.1.2/apiguardian-api-1.1.2.jar:/home/runner/.m2/repository/org/junit/jupiter/junit-jupiter-params/5.8.2/junit-jupiter-params-5.8.2.jar:/home/runner/.m2/repository/org/junit/jupiter/junit-jupiter-migrationsupport/5.8.2/junit-jupiter-migrationsupport-5.8.2.jar:/home/runner/.m2/repository/org/junit/jupiter/junit-jupiter-engine/5.8.2/junit-jupiter-engine-5.8.2.jar:/home/runner/.m2/repository/org/junit/platform/junit-platform-engine/1.8.2/junit-platform-engine-1.8.2.jar:/home/runner/.m2/repository/org/junit/vintage/junit-vintage-engine/5.8.2/junit-vintage-engine-5.8.2.jar:/home/runner/.m2/repository/org/junit/platform/junit-platform-launcher/1.8.2/junit-platform-launcher-1.8.2.jar:/home/runner/.m2/repository/org/mockito/mockito-core/2.28.2/mockito-core-2.28.2.jar:/home/runner/.m2/repository/net/bytebuddy/byte-buddy/1.9.10/byte-buddy-1.9.10.jar:/home/runner/.m2/repository/net/bytebuddy/byte-buddy-agent/1.9.10/byte-buddy-agent-1.9.10.jar:/home/runner/.m2/repository/org/objenesis/objenesis/1.0/objenesis-1.0.jar:/home/runner/.m2/repository/org/apache/hadoop/hadoop-kms/3.3.4/hadoop-kms-3.3.4.jar:/home/runner/.m2/repository/org/apache/hadoop/hadoop-auth/3.3.4/hadoop-auth-3.3.4.jar:/home/runner/.m2/repository/com/nimbusds/nimbus-jose-jwt/9.8.1/nimbus-jose-jwt-9.8.1.jar:/home/runner/.m2/repository/com/github/stephenc/jcip/jcip-annotations/1.0-1/jcip-annotations-1.0-1.jar:/home/runner/.m2/repository/net/minidev/json-smart/2.4.7/json-smart-2.4.7.jar:/home/runner/.m2/repository/net/minidev/accessors-smart/2.4.7/accessors-smart-2.4.7.jar:/home/runner/.m2/repository/org/ow2/asm/asm/5.0.4/asm-5.0.4.jar:/home/runner/.m2/repository/org/apache/zookeeper/zookeeper/3.5.6/zookeeper-3.5.6.jar:/home/runner/.m2/repository/org/apache/zookeeper/zookeeper-jute/3.5.6/zookeeper-jute-3.5.6.jar:/home/runner/.m2/repository/org/apache/yetus/audience-annotations/0.5.0/audience-annotations-0.5.0.jar:/home/runner/.m2/repository/org/apache/curator/curator-framework/4.2.0/curator-framework-4.2.0.jar:/home/runner/.m2/repository/org/apache/hadoop/thirdparty/hadoop-shaded-guava/1.1.1/hadoop-shaded-guava-1.1.1.jar:/home/runner/.m2/repository/com/sun/jersey/jersey-core/1.19/jersey-core-1.19.jar:/home/runner/.m2/repository/javax/ws/rs/jsr311-api/1.1.1/jsr311-api-1.1.1.jar:/home/runner/.m2/repository/com/sun/jersey/jersey-server/1.19/jersey-server-1.19.jar:/home/runner/.m2/repository/javax/servlet/javax.servlet-api/3.1.0/javax.servlet-api-3.1.0.jar:/home/runner/.m2/repository/org/eclipse/jetty/jetty-server/9.4.49.v20220914/jetty-server-9.4.49.v20220914.jar:/home/runner/.m2/repository/org/eclipse/jetty/jetty-http/9.4.49.v20220914/jetty-http-9.4.49.v20220914.jar:/home/runner/.m2/repository/org/eclipse/jetty/jetty-io/9.4.49.v20220914/jetty-io-9.4.49.v20220914.jar:/home/runner/.m2/repository/org/eclipse/jetty/jetty-webapp/9.4.49.v20220914/jetty-webapp-9.4.49.v20220914.jar:/home/runner/.m2/repository/org/eclipse/jetty/jetty-xml/9.4.49.v20220914/jetty-xml-9.4.49.v20220914.jar:/home/runner/.m2/repository/org/apache/hadoop/hadoop-common/3.3.4/hadoop-common-3.3.4.jar:/home/runner/.m2/repository/org/apache/commons/commons-math3/3.1.1/commons-math3-3.1.1.jar:/home/runner/.m2/repository/commons-net/commons-net/3.9.0/commons-net-3.9.0.jar:/home/runner/.m2/repository/com/sun/jersey/jersey-servlet/1.19/jersey-servlet-1.19.jar:/home/runner/.m2/repository/com/sun/jersey/jersey-json/1.19/jersey-json-1.19.jar:/home/runner/.m2/repository/org/codehaus/jettison/jettison/1.1/jettison-1.1.jar:/home/runner/.m2/repository/com/sun/xml/bind/jaxb-impl/2.2.3-1/jaxb-impl-2.2.3-1.jar:/home/runner/.m2/repository/org/codehaus/jackson/jackson-xc/1.9.2/jackson-xc-1.9.2.jar:/home/runner/.m2/repository/com/google/re2j/re2j/1.1/re2j-1.1.jar:/home/runner/.m2/repository/com/jcraft/jsch/0.1.54/jsch-0.1.54.jar:/home/runner/.m2/repository/org/apache/curator/curator-client/4.2.0/curator-client-4.2.0.jar:/home/runner/.m2/repository/org/apache/curator/curator-recipes/4.2.0/curator-recipes-4.2.0.jar:/home/runner/.m2/repository/org/apache/kerby/kerb-core/1.0.1/kerb-core-1.0.1.jar:/home/runner/.m2/repository/org/apache/kerby/kerby-pkix/1.0.1/kerby-pkix-1.0.1.jar:/home/runner/.m2/repository/org/apache/kerby/kerby-asn1/1.0.1/kerby-asn1-1.0.1.jar:/home/runner/.m2/repository/org/apache/kerby/kerby-util/1.0.1/kerby-util-1.0.1.jar:/home/runner/.m2/repository/dnsjava/dnsjava/2.1.7/dnsjava-2.1.7.jar:/home/runner/.m2/repository/org/xerial/snappy/snappy-java/1.1.8.2/snappy-java-1.1.8.2.jar:/home/runner/.m2/repository/org/eclipse/jetty/jetty-util/9.4.49.v20220914/jetty-util-9.4.49.v20220914.jar:/home/runner/.m2/repository/com/fasterxml/jackson/core/jackson-databind/2.13.4.2/jackson-databind-2.13.4.2.jar:/home/runner/.m2/repository/org/apache/hadoop/hadoop-kms/3.3.4/hadoop-kms-3.3.4-tests.jar:/home/runner/.m2/repository/org/apache/ozone/hdds-server-scm/1.4.0-SNAPSHOT/hdds-server-scm-1.4.0-SNAPSHOT-tests.jar:/home/runner/.m2/repository/org/apache/ozone/hdds-container-service/1.4.0-SNAPSHOT/hdds-container-service-1.4.0-SNAPSHOT-tests.jar:/home/runner/.m2/repository/com/github/luben/zstd-jni/1.5.2-5/zstd-jni-1.5.2-5.jar:/home/runner/.m2/repository/commons-codec/commons-codec/1.15/commons-codec-1.15.jar:/home/runner/.m2/repository/io/netty/netty-codec/4.1.77.Final/netty-codec-4.1.77.Final.jar:/home/runner/.m2/repository/io/netty/netty-handler/4.1.77.Final/netty-handler-4.1.77.Final.jar:/home/runner/.m2/repository/org/apache/ozone/hdds-hadoop-dependency-test/1.4.0-SNAPSHOT/hdds-hadoop-dependency-test-1.4.0-SNAPSHOT.jar:/home/runner/.m2/repository/org/apache/hadoop/hadoop-common/3.3.4/hadoop-common-3.3.4-tests.jar:/home/runner/.m2/repository/org/apache/hadoop/hadoop-hdfs/3.3.4/hadoop-hdfs-3.3.4-tests.jar:/home/runner/.m2/repository/org/assertj/assertj-core/3.12.2/assertj-core-3.12.2.jar:/home/runner/.m2/repository/org/apache/hadoop/hadoop-distcp/3.3.4/hadoop-distcp-3.3.4.jar:/home/runner/.m2/repository/org/apache/hadoop/hadoop-mapreduce-client-jobclient/3.3.4/hadoop-mapreduce-client-jobclient-3.3.4.jar:/home/runner/.m2/repository/org/apache/hadoop/hadoop-mapreduce-client-common/3.3.4/hadoop-mapreduce-client-common-3.3.4.jar:/home/runner/.m2/repository/org/apache/hadoop/hadoop-yarn-common/3.3.4/hadoop-yarn-common-3.3.4.jar:/home/runner/.m2/repository/org/apache/hadoop/hadoop-yarn-api/3.3.4/hadoop-yarn-api-3.3.4.jar:/home/runner/.m2/repository/com/sun/jersey/contribs/jersey-guice/1.19/jersey-guice-1.19.jar:/home/runner/.m2/repository/com/fasterxml/jackson/jaxrs/jackson-jaxrs-json-provider/2.13.4/jackson-jaxrs-json-provider-2.13.4.jar:/home/runner/.m2/repository/com/fasterxml/jackson/jaxrs/jackson-jaxrs-base/2.13.4/jackson-jaxrs-base-2.13.4.jar:/home/runner/.m2/repository/org/apache/hadoop/hadoop-yarn-client/3.3.4/hadoop-yarn-client-3.3.4.jar:/home/runner/.m2/repository/org/eclipse/jetty/websocket/websocket-client/9.4.43.v20210629/websocket-client-9.4.43.v20210629.jar:/home/runner/.m2/repository/org/eclipse/jetty/websocket/websocket-common/9.4.43.v20210629/websocket-common-9.4.43.v20210629.jar:/home/runner/.m2/repository/org/eclipse/jetty/websocket/websocket-api/9.4.43.v20210629/websocket-api-9.4.43.v20210629.jar:/home/runner/.m2/repository/org/jline/jline/3.9.0/jline-3.9.0.jar:/home/runner/.m2/repository/org/apache/hadoop/hadoop-mapreduce-client-core/3.3.4/hadoop-mapreduce-client-core-3.3.4.jar:/home/runner/.m2/repository/org/apache/avro/avro/1.7.7/avro-1.7.7.jar:/home/runner/.m2/repository/org/codehaus/jackson/jackson-core-asl/1.9.13/jackson-core-asl-1.9.13.jar:/home/runner/.m2/repository/org/codehaus/jackson/jackson-mapper-asl/1.9.13/jackson-mapper-asl-1.9.13.jar:/home/runner/.m2/repository/com/thoughtworks/paranamer/paranamer/2.3/paranamer-2.3.jar:/home/runner/.m2/repository/org/apache/hadoop/hadoop-annotations/3.3.4/hadoop-annotations-3.3.4.jar:/usr/lib/jvm/temurin-8-jdk-amd64/jre/../lib/tools.jar:/home/runner/.m2/repository/io/netty/netty/3.10.6.Final/netty-3.10.6.Final.jar:/home/runner/.m2/repository/org/apache/hadoop/hadoop-distcp/3.3.4/hadoop-distcp-3.3.4-tests.jar:/home/runner/.m2/repository/org/slf4j/jul-to-slf4j/1.7.36/jul-to-slf4j-1.7.36.jar:/home/runner/.m2/repository/org/apache/ratis/ratis-common/2.4.2-8b8bdda-SNAPSHOT/ratis-common-2.4.2-8b8bdda-SNAPSHOT.jar:/home/runner/.m2/repository/org/apache/ratis/ratis-thirdparty-misc/1.0.3/ratis-thirdparty-misc-1.0.3.jar:/home/runner/.m2/repository/org/apache/ratis/ratis-proto/2.4.2-8b8bdda-SNAPSHOT/ratis-proto-2.4.2-8b8bdda-SNAPSHOT.jar:"/>
    <property name="java.vm.vendor" value="Temurin"/>
    <property name="sun.arch.data.model" value="64"/>
    <property name="test.build.dir" value="/home/runner/work/ozone/ozone/hadoop-ozone/integration-test/target/test-dir"/>
    <property name="test.cache.data" value=""/>
    <property name="java.vendor.url" value="https://adoptium.net/"/>
    <property name="user.timezone" value="Etc/UTC"/>
    <property name="java.vm.specification.version" value="1.8"/>
    <property name="os.name" value="Linux"/>
    <property name="test.build.data" value="/home/runner/work/ozone/ozone/hadoop-ozone/integration-test/target/test-dir"/>
    <property name="sun.java.launcher" value="SUN_STANDARD"/>
    <property name="sun.boot.library.path" value="/usr/lib/jvm/temurin-8-jdk-amd64/jre/lib/amd64"/>
    <property name="sun.java.command" value="/home/runner/work/ozone/ozone/hadoop-ozone/integration-test/target/surefire/surefirebooter8810971538058804985.jar /home/runner/work/ozone/ozone/hadoop-ozone/integration-test/target/surefire 2023-01-10T01-05-04_085-jvmRun1 surefire681251398912955906tmp surefire_8843134456802155022tmp"/>
    <property name="surefire.test.class.path" value="/home/runner/work/ozone/ozone/hadoop-ozone/integration-test/target/test-classes:/home/runner/work/ozone/ozone/hadoop-ozone/integration-test/target/classes:/home/runner/.m2/repository/org/apache/ozone/ozone-common/1.4.0-SNAPSHOT/ozone-common-1.4.0-SNAPSHOT.jar:/home/runner/.m2/repository/io/grpc/grpc-netty/1.48.1/grpc-netty-1.48.1.jar:/home/runner/.m2/repository/io/grpc/grpc-core/1.48.1/grpc-core-1.48.1.jar:/home/runner/.m2/repository/com/google/android/annotations/4.1.1.4/annotations-4.1.1.4.jar:/home/runner/.m2/repository/org/codehaus/mojo/animal-sniffer-annotations/1.21/animal-sniffer-annotations-1.21.jar:/home/runner/.m2/repository/com/google/errorprone/error_prone_annotations/2.2.0/error_prone_annotations-2.2.0.jar:/home/runner/.m2/repository/io/perfmark/perfmark-api/0.25.0/perfmark-api-0.25.0.jar:/home/runner/.m2/repository/io/netty/netty-codec-http2/4.1.77.Final/netty-codec-http2-4.1.77.Final.jar:/home/runner/.m2/repository/io/netty/netty-common/4.1.77.Final/netty-common-4.1.77.Final.jar:/home/runner/.m2/repository/io/netty/netty-buffer/4.1.77.Final/netty-buffer-4.1.77.Final.jar:/home/runner/.m2/repository/io/netty/netty-codec-http/4.1.77.Final/netty-codec-http-4.1.77.Final.jar:/home/runner/.m2/repository/io/netty/netty-handler-proxy/4.1.77.Final/netty-handler-proxy-4.1.77.Final.jar:/home/runner/.m2/repository/io/netty/netty-codec-socks/4.1.77.Final/netty-codec-socks-4.1.77.Final.jar:/home/runner/.m2/repository/io/netty/netty-tcnative-boringssl-static/2.0.52.Final/netty-tcnative-boringssl-static-2.0.52.Final.jar:/home/runner/.m2/repository/io/netty/netty-tcnative-classes/2.0.52.Final/netty-tcnative-classes-2.0.52.Final.jar:/home/runner/.m2/repository/io/netty/netty-tcnative-boringssl-static/2.0.52.Final/netty-tcnative-boringssl-static-2.0.52.Final-linux-x86_64.jar:/home/runner/.m2/repository/io/netty/netty-tcnative-boringssl-static/2.0.52.Final/netty-tcnative-boringssl-static-2.0.52.Final-linux-aarch_64.jar:/home/runner/.m2/repository/io/netty/netty-tcnative-boringssl-static/2.0.52.Final/netty-tcnative-boringssl-static-2.0.52.Final-osx-x86_64.jar:/home/runner/.m2/repository/io/netty/netty-tcnative-boringssl-static/2.0.52.Final/netty-tcnative-boringssl-static-2.0.52.Final-osx-aarch_64.jar:/home/runner/.m2/repository/io/netty/netty-tcnative-boringssl-static/2.0.52.Final/netty-tcnative-boringssl-static-2.0.52.Final-windows-x86_64.jar:/home/runner/.m2/repository/org/apache/commons/commons-compress/1.21/commons-compress-1.21.jar:/home/runner/.m2/repository/org/apache/ozone/hdds-common/1.4.0-SNAPSHOT/hdds-common-1.4.0-SNAPSHOT.jar:/home/runner/.m2/repository/org/apache/ozone/hdds-client/1.4.0-SNAPSHOT/hdds-client-1.4.0-SNAPSHOT.jar:/home/runner/.m2/repository/org/apache/ozone/ozone-interface-client/1.4.0-SNAPSHOT/ozone-interface-client-1.4.0-SNAPSHOT.jar:/home/runner/.m2/repository/org/apache/ozone/hdds-test-utils/1.4.0-SNAPSHOT/hdds-test-utils-1.4.0-SNAPSHOT.jar:/home/runner/.m2/repository/com/google/guava/guava/31.1-jre/guava-31.1-jre.jar:/home/runner/.m2/repository/com/google/guava/failureaccess/1.0.1/failureaccess-1.0.1.jar:/home/runner/.m2/repository/com/google/guava/listenablefuture/9999.0-empty-to-avoid-conflict-with-guava/listenablefuture-9999.0-empty-to-avoid-conflict-with-guava.jar:/home/runner/.m2/repository/com/google/code/findbugs/jsr305/3.0.0/jsr305-3.0.0.jar:/home/runner/.m2/repository/org/checkerframework/checker-qual/3.12.0/checker-qual-3.12.0.jar:/home/runner/.m2/repository/com/google/j2objc/j2objc-annotations/1.3/j2objc-annotations-1.3.jar:/home/runner/.m2/repository/commons-io/commons-io/2.11.0/commons-io-2.11.0.jar:/home/runner/.m2/repository/commons-logging/commons-logging/1.2/commons-logging-1.2.jar:/home/runner/.m2/repository/ch/qos/reload4j/reload4j/1.2.22/reload4j-1.2.22.jar:/home/runner/.m2/repository/org/slf4j/slf4j-api/1.7.36/slf4j-api-1.7.36.jar:/home/runner/.m2/repository/org/apache/ozone/hdds-server-scm/1.4.0-SNAPSHOT/hdds-server-scm-1.4.0-SNAPSHOT.jar:/home/runner/.m2/repository/org/apache/ozone/hdds-container-service/1.4.0-SNAPSHOT/hdds-container-service-1.4.0-SNAPSHOT.jar:/home/runner/.m2/repository/org/apache/ozone/hdds-hadoop-dependency-server/1.4.0-SNAPSHOT/hdds-hadoop-dependency-server-1.4.0-SNAPSHOT.jar:/home/runner/.m2/repository/org/apache/hadoop/hadoop-hdfs/3.3.4/hadoop-hdfs-3.3.4.jar:/home/runner/.m2/repository/org/eclipse/jetty/jetty-util-ajax/9.4.49.v20220914/jetty-util-ajax-9.4.49.v20220914.jar:/home/runner/.m2/repository/commons-daemon/commons-daemon/1.0.13/commons-daemon-1.0.13.jar:/home/runner/.m2/repository/org/apache/ozone/hdds-server-framework/1.4.0-SNAPSHOT/hdds-server-framework-1.4.0-SNAPSHOT.jar:/home/runner/.m2/repository/org/apache/ozone/hdds-interface-server/1.4.0-SNAPSHOT/hdds-interface-server-1.4.0-SNAPSHOT.jar:/home/runner/.m2/repository/org/apache/commons/commons-configuration2/2.1.1/commons-configuration2-2.1.1.jar:/home/runner/.m2/repository/org/apache/logging/log4j/log4j-core/2.17.1/log4j-core-2.17.1.jar:/home/runner/.m2/repository/com/lmax/disruptor/3.4.2/disruptor-3.4.2.jar:/home/runner/.m2/repository/org/eclipse/jetty/jetty-servlet/9.4.49.v20220914/jetty-servlet-9.4.49.v20220914.jar:/home/runner/.m2/repository/org/eclipse/jetty/jetty-security/9.4.49.v20220914/jetty-security-9.4.49.v20220914.jar:/home/runner/.m2/repository/org/rocksdb/rocksdbjni/7.7.3/rocksdbjni-7.7.3.jar:/home/runner/.m2/repository/io/prometheus/simpleclient_dropwizard/0.7.0/simpleclient_dropwizard-0.7.0.jar:/home/runner/.m2/repository/io/prometheus/simpleclient/0.7.0/simpleclient-0.7.0.jar:/home/runner/.m2/repository/io/prometheus/simpleclient_common/0.7.0/simpleclient_common-0.7.0.jar:/home/runner/.m2/repository/com/github/spotbugs/spotbugs-annotations/3.1.12/spotbugs-annotations-3.1.12.jar:/home/runner/.m2/repository/io/dropwizard/metrics/metrics-core/3.2.4/metrics-core-3.2.4.jar:/home/runner/.m2/repository/org/apache/commons/commons-text/1.4/commons-text-1.4.jar:/home/runner/.m2/repository/org/apache/hadoop/hadoop-hdfs-client/3.3.4/hadoop-hdfs-client-3.3.4.jar:/home/runner/.m2/repository/com/squareup/okhttp3/okhttp/4.9.3/okhttp-4.9.3.jar:/home/runner/.m2/repository/com/squareup/okio/okio/2.8.0/okio-2.8.0.jar:/home/runner/.m2/repository/org/jetbrains/kotlin/kotlin-stdlib-common/1.4.10/kotlin-stdlib-common-1.4.10.jar:/home/runner/.m2/repository/org/bouncycastle/bcprov-jdk15on/1.67/bcprov-jdk15on-1.67.jar:/home/runner/.m2/repository/com/google/protobuf/protobuf-java/2.5.0/protobuf-java-2.5.0.jar:/home/runner/.m2/repository/org/apache/ozone/ozone-manager/1.4.0-SNAPSHOT/ozone-manager-1.4.0-SNAPSHOT.jar:/home/runner/.m2/repository/org/aspectj/aspectjrt/1.9.7/aspectjrt-1.9.7.jar:/home/runner/.m2/repository/org/aspectj/aspectjweaver/1.9.7/aspectjweaver-1.9.7.jar:/home/runner/.m2/repository/org/apache/ozone/hdds-interface-client/1.4.0-SNAPSHOT/hdds-interface-client-1.4.0-SNAPSHOT.jar:/home/runner/.m2/repository/org/apache/hadoop/thirdparty/hadoop-shaded-protobuf_3_7/1.1.1/hadoop-shaded-protobuf_3_7-1.1.1.jar:/home/runner/.m2/repository/org/apache/ozone/ozone-interface-storage/1.4.0-SNAPSHOT/ozone-interface-storage-1.4.0-SNAPSHOT.jar:/home/runner/.m2/repository/org/reflections/reflections/0.9.11/reflections-0.9.11.jar:/home/runner/.m2/repository/com/sun/jersey/jersey-client/1.19/jersey-client-1.19.jar:/home/runner/.m2/repository/org/apache/ranger/ranger-intg/2.3.0/ranger-intg-2.3.0.jar:/home/runner/.m2/repository/org/apache/ranger/ranger-plugins-common/2.3.0/ranger-plugins-common-2.3.0.jar:/home/runner/.m2/repository/commons-lang/commons-lang/2.6/commons-lang-2.6.jar:/home/runner/.m2/repository/org/codehaus/jackson/jackson-jaxrs/1.9.13/jackson-jaxrs-1.9.13.jar:/home/runner/.m2/repository/org/apache/ranger/ranger-plugins-cred/2.3.0/ranger-plugins-cred-2.3.0.jar:/home/runner/.m2/repository/org/apache/ranger/ranger-plugins-audit/2.3.0/ranger-plugins-audit-2.3.0.jar:/home/runner/.m2/repository/org/eclipse/jetty/jetty-client/9.4.31.v20200723/jetty-client-9.4.31.v20200723.jar:/home/runner/.m2/repository/org/apache/httpcomponents/httpmime/4.5.6/httpmime-4.5.6.jar:/home/runner/.m2/repository/org/apache/httpcomponents/httpcore-nio/4.4.6/httpcore-nio-4.4.6.jar:/home/runner/.m2/repository/org/apache/httpcomponents/httpasyncclient/4.1.3/httpasyncclient-4.1.3.jar:/home/runner/.m2/repository/com/carrotsearch/hppc/0.8.0/hppc-0.8.0.jar:/home/runner/.m2/repository/org/apache/orc/orc-core/1.5.8/orc-core-1.5.8.jar:/home/runner/.m2/repository/net/java/dev/jna/jna/5.2.0/jna-5.2.0.jar:/home/runner/.m2/repository/net/java/dev/jna/jna-platform/5.2.0/jna-platform-5.2.0.jar:/home/runner/.m2/repository/com/kstruct/gethostname4j/0.0.2/gethostname4j-0.0.2.jar:/home/runner/.m2/repository/org/apache/ranger/ranger-plugin-classloader/2.3.0/ranger-plugin-classloader-2.3.0.jar:/home/runner/.m2/repository/org/apache/hadoop/hadoop-minikdc/3.3.4/hadoop-minikdc-3.3.4.jar:/home/runner/.m2/repository/org/apache/kerby/kerb-simplekdc/1.0.1/kerb-simplekdc-1.0.1.jar:/home/runner/.m2/repository/org/apache/kerby/kerb-client/1.0.1/kerb-client-1.0.1.jar:/home/runner/.m2/repository/org/apache/kerby/kerby-config/1.0.1/kerby-config-1.0.1.jar:/home/runner/.m2/repository/org/apache/kerby/kerb-common/1.0.1/kerb-common-1.0.1.jar:/home/runner/.m2/repository/org/apache/kerby/kerb-crypto/1.0.1/kerb-crypto-1.0.1.jar:/home/runner/.m2/repository/org/apache/kerby/kerb-util/1.0.1/kerb-util-1.0.1.jar:/home/runner/.m2/repository/org/apache/kerby/token-provider/1.0.1/token-provider-1.0.1.jar:/home/runner/.m2/repository/org/apache/kerby/kerb-admin/1.0.1/kerb-admin-1.0.1.jar:/home/runner/.m2/repository/org/apache/kerby/kerb-server/1.0.1/kerb-server-1.0.1.jar:/home/runner/.m2/repository/org/apache/kerby/kerb-identity/1.0.1/kerb-identity-1.0.1.jar:/home/runner/.m2/repository/org/apache/kerby/kerby-xdr/1.0.1/kerby-xdr-1.0.1.jar:/home/runner/.m2/repository/org/apache/ozone/ozone-s3gateway/1.4.0-SNAPSHOT/ozone-s3gateway-1.4.0-SNAPSHOT.jar:/home/runner/.m2/repository/org/javassist/javassist/3.21.0-GA/javassist-3.21.0-GA.jar:/home/runner/.m2/repository/org/jboss/weld/servlet/weld-servlet/2.4.7.Final/weld-servlet-2.4.7.Final.jar:/home/runner/.m2/repository/org/glassfish/jersey/containers/jersey-container-servlet-core/2.34/jersey-container-servlet-core-2.34.jar:/home/runner/.m2/repository/org/glassfish/hk2/external/jakarta.inject/2.6.1/jakarta.inject-2.6.1.jar:/home/runner/.m2/repository/org/glassfish/jersey/core/jersey-common/2.34/jersey-common-2.34.jar:/home/runner/.m2/repository/jakarta/ws/rs/jakarta.ws.rs-api/2.1.6/jakarta.ws.rs-api-2.1.6.jar:/home/runner/.m2/repository/org/glassfish/jersey/ext/cdi/jersey-cdi1x/2.34/jersey-cdi1x-2.34.jar:/home/runner/.m2/repository/org/glassfish/jersey/inject/jersey-hk2/2.34/jersey-hk2-2.34.jar:/home/runner/.m2/repository/org/glassfish/hk2/hk2-locator/2.6.1/hk2-locator-2.6.1.jar:/home/runner/.m2/repository/org/glassfish/jersey/media/jersey-media-jaxb/2.34/jersey-media-jaxb-2.34.jar:/home/runner/.m2/repository/org/glassfish/hk2/osgi-resource-locator/1.0.3/osgi-resource-locator-1.0.3.jar:/home/runner/.m2/repository/org/glassfish/hk2/hk2-api/2.5.0/hk2-api-2.5.0.jar:/home/runner/.m2/repository/org/glassfish/hk2/hk2-utils/2.5.0/hk2-utils-2.5.0.jar:/home/runner/.m2/repository/org/glassfish/hk2/external/aopalliance-repackaged/2.5.0/aopalliance-repackaged-2.5.0.jar:/home/runner/.m2/repository/com/fasterxml/jackson/dataformat/jackson-dataformat-xml/2.13.4/jackson-dataformat-xml-2.13.4.jar:/home/runner/.m2/repository/com/fasterxml/jackson/core/jackson-core/2.13.4/jackson-core-2.13.4.jar:/home/runner/.m2/repository/org/codehaus/woodstox/stax2-api/4.2.1/stax2-api-4.2.1.jar:/home/runner/.m2/repository/com/fasterxml/woodstox/woodstox-core/5.4.0/woodstox-core-5.4.0.jar:/home/runner/.m2/repository/com/fasterxml/jackson/module/jackson-module-jaxb-annotations/2.13.4/jackson-module-jaxb-annotations-2.13.4.jar:/home/runner/.m2/repository/jakarta/xml/bind/jakarta.xml.bind-api/2.3.3/jakarta.xml.bind-api-2.3.3.jar:/home/runner/.m2/repository/jakarta/activation/jakarta.activation-api/1.2.1/jakarta.activation-api-1.2.1.jar:/home/runner/.m2/repository/javax/enterprise/cdi-api/1.2/cdi-api-1.2.jar:/home/runner/.m2/repository/javax/el/javax.el-api/3.0.0/javax.el-api-3.0.0.jar:/home/runner/.m2/repository/javax/interceptor/javax.interceptor-api/1.2/javax.interceptor-api-1.2.jar:/home/runner/.m2/repository/javax/inject/javax.inject/1/javax.inject-1.jar:/home/runner/.m2/repository/javax/xml/bind/jaxb-api/2.3.0/jaxb-api-2.3.0.jar:/home/runner/.m2/repository/org/glassfish/jaxb/jaxb-runtime/2.3.0.1/jaxb-runtime-2.3.0.1.jar:/home/runner/.m2/repository/org/glassfish/jaxb/jaxb-core/2.3.0.1/jaxb-core-2.3.0.1.jar:/home/runner/.m2/repository/org/glassfish/jaxb/txw2/2.3.0.1/txw2-2.3.0.1.jar:/home/runner/.m2/repository/com/sun/istack/istack-commons-runtime/3.0.5/istack-commons-runtime-3.0.5.jar:/home/runner/.m2/repository/org/jvnet/staxex/stax-ex/1.7.8/stax-ex-1.7.8.jar:/home/runner/.m2/repository/com/sun/xml/fastinfoset/FastInfoset/1.2.13/FastInfoset-1.2.13.jar:/home/runner/.m2/repository/javax/activation/activation/1.1.1/activation-1.1.1.jar:/home/runner/.m2/repository/io/grpc/grpc-protobuf/1.48.1/grpc-protobuf-1.48.1.jar:/home/runner/.m2/repository/io/grpc/grpc-api/1.48.1/grpc-api-1.48.1.jar:/home/runner/.m2/repository/io/grpc/grpc-context/1.48.1/grpc-context-1.48.1.jar:/home/runner/.m2/repository/com/google/api/grpc/proto-google-common-protos/2.9.0/proto-google-common-protos-2.9.0.jar:/home/runner/.m2/repository/io/grpc/grpc-protobuf-lite/1.48.1/grpc-protobuf-lite-1.48.1.jar:/home/runner/.m2/repository/io/grpc/grpc-stub/1.48.1/grpc-stub-1.48.1.jar:/home/runner/.m2/repository/io/netty/netty-transport/4.1.77.Final/netty-transport-4.1.77.Final.jar:/home/runner/.m2/repository/io/netty/netty-resolver/4.1.77.Final/netty-resolver-4.1.77.Final.jar:/home/runner/.m2/repository/org/apache/ozone/ozone-csi/1.4.0-SNAPSHOT/ozone-csi-1.4.0-SNAPSHOT.jar:/home/runner/.m2/repository/com/google/protobuf/protobuf-java-util/3.19.6/protobuf-java-util-3.19.6.jar:/home/runner/.m2/repository/com/google/code/gson/gson/2.9.0/gson-2.9.0.jar:/home/runner/.m2/repository/org/apache/ozone/hdds-config/1.4.0-SNAPSHOT/hdds-config-1.4.0-SNAPSHOT.jar:/home/runner/.m2/repository/io/netty/netty-transport-native-epoll/4.1.77.Final/netty-transport-native-epoll-4.1.77.Final-linux-x86_64.jar:/home/runner/.m2/repository/io/netty/netty-transport-classes-epoll/4.1.77.Final/netty-transport-classes-epoll-4.1.77.Final.jar:/home/runner/.m2/repository/io/netty/netty-transport-native-unix-common/4.1.77.Final/netty-transport-native-unix-common-4.1.77.Final.jar:/home/runner/.m2/repository/org/slf4j/slf4j-reload4j/1.7.36/slf4j-reload4j-1.7.36.jar:/home/runner/.m2/repository/org/apache/ozone/ozone-recon/1.4.0-SNAPSHOT/ozone-recon-1.4.0-SNAPSHOT.jar:/home/runner/.m2/repository/org/apache/ozone/ozone-reconcodegen/1.4.0-SNAPSHOT/ozone-reconcodegen-1.4.0-SNAPSHOT.jar:/home/runner/.m2/repository/com/google/inject/extensions/guice-multibindings/4.0/guice-multibindings-4.0.jar:/home/runner/.m2/repository/com/google/inject/guice/4.0/guice-4.0.jar:/home/runner/.m2/repository/aopalliance/aopalliance/1.0/aopalliance-1.0.jar:/home/runner/.m2/repository/com/google/inject/extensions/guice-assistedinject/4.0/guice-assistedinject-4.0.jar:/home/runner/.m2/repository/com/google/inject/extensions/guice-servlet/4.0/guice-servlet-4.0.jar:/home/runner/.m2/repository/org/glassfish/jersey/containers/jersey-container-servlet/2.34/jersey-container-servlet-2.34.jar:/home/runner/.m2/repository/org/glassfish/hk2/guice-bridge/2.5.0/guice-bridge-2.5.0.jar:/home/runner/.m2/repository/org/glassfish/jersey/core/jersey-server/2.34/jersey-server-2.34.jar:/home/runner/.m2/repository/org/glassfish/jersey/core/jersey-client/2.34/jersey-client-2.34.jar:/home/runner/.m2/repository/jakarta/annotation/jakarta.annotation-api/1.3.5/jakarta.annotation-api-1.3.5.jar:/home/runner/.m2/repository/jakarta/validation/jakarta.validation-api/2.0.2/jakarta.validation-api-2.0.2.jar:/home/runner/.m2/repository/org/glassfish/jersey/media/jersey-media-json-jackson/2.34/jersey-media-json-jackson-2.34.jar:/home/runner/.m2/repository/org/glassfish/jersey/ext/jersey-entity-filtering/2.34/jersey-entity-filtering-2.34.jar:/home/runner/.m2/repository/org/jooq/jooq/3.11.10/jooq-3.11.10.jar:/home/runner/.m2/repository/org/jooq/jooq-meta/3.11.10/jooq-meta-3.11.10.jar:/home/runner/.m2/repository/org/jooq/jooq-codegen/3.11.10/jooq-codegen-3.11.10.jar:/home/runner/.m2/repository/com/jolbox/bonecp/0.8.0.RELEASE/bonecp-0.8.0.RELEASE.jar:/home/runner/.m2/repository/org/apache/derby/derby/10.14.2.0/derby-10.14.2.0.jar:/home/runner/.m2/repository/org/xerial/sqlite-jdbc/3.25.2/sqlite-jdbc-3.25.2.jar:/home/runner/.m2/repository/org/springframework/spring-jdbc/5.3.23/spring-jdbc-5.3.23.jar:/home/runner/.m2/repository/org/springframework/spring-beans/5.3.23/spring-beans-5.3.23.jar:/home/runner/.m2/repository/org/springframework/spring-core/5.3.23/spring-core-5.3.23.jar:/home/runner/.m2/repository/org/springframework/spring-jcl/5.3.23/spring-jcl-5.3.23.jar:/home/runner/.m2/repository/org/springframework/spring-tx/5.3.23/spring-tx-5.3.23.jar:/home/runner/.m2/repository/org/apache/ozone/ozone-client/1.4.0-SNAPSHOT/ozone-client-1.4.0-SNAPSHOT.jar:/home/runner/.m2/repository/org/apache/ozone/hdds-erasurecode/1.4.0-SNAPSHOT/hdds-erasurecode-1.4.0-SNAPSHOT.jar:/home/runner/.m2/repository/org/apache/ozone/ozone-filesystem/1.4.0-SNAPSHOT/ozone-filesystem-1.4.0-SNAPSHOT.jar:/home/runner/.m2/repository/org/apache/ozone/ozone-filesystem-common/1.4.0-SNAPSHOT/ozone-filesystem-common-1.4.0-SNAPSHOT.jar:/home/runner/.m2/repository/org/apache/ozone/ozone-tools/1.4.0-SNAPSHOT/ozone-tools-1.4.0-SNAPSHOT.jar:/home/runner/.m2/repository/org/apache/ratis/ratis-tools/2.4.2-8b8bdda-SNAPSHOT/ratis-tools-2.4.2-8b8bdda-SNAPSHOT.jar:/home/runner/.m2/repository/com/amazonaws/aws-java-sdk-core/1.12.261/aws-java-sdk-core-1.12.261.jar:/home/runner/.m2/repository/org/apache/httpcomponents/httpclient/4.5.13/httpclient-4.5.13.jar:/home/runner/.m2/repository/org/apache/httpcomponents/httpcore/4.4.13/httpcore-4.4.13.jar:/home/runner/.m2/repository/software/amazon/ion/ion-java/1.0.2/ion-java-1.0.2.jar:/home/runner/.m2/repository/com/fasterxml/jackson/dataformat/jackson-dataformat-cbor/2.13.4/jackson-dataformat-cbor-2.13.4.jar:/home/runner/.m2/repository/joda-time/joda-time/2.8.1/joda-time-2.8.1.jar:/home/runner/.m2/repository/com/amazonaws/aws-java-sdk-s3/1.12.261/aws-java-sdk-s3-1.12.261.jar:/home/runner/.m2/repository/com/amazonaws/aws-java-sdk-kms/1.12.261/aws-java-sdk-kms-1.12.261.jar:/home/runner/.m2/repository/com/amazonaws/jmespath-java/1.12.261/jmespath-java-1.12.261.jar:/home/runner/.m2/repository/org/kohsuke/metainf-services/metainf-services/1.8/metainf-services-1.8.jar:/home/runner/.m2/repository/org/apache/ozone/hdds-tools/1.4.0-SNAPSHOT/hdds-tools-1.4.0-SNAPSHOT.jar:/home/runner/.m2/repository/commons-cli/commons-cli/1.2/commons-cli-1.2.jar:/home/runner/.m2/repository/org/apache/commons/commons-lang3/3.7/commons-lang3-3.7.jar:/home/runner/.m2/repository/org/apache/ozone/ozone-manager/1.4.0-SNAPSHOT/ozone-manager-1.4.0-SNAPSHOT-tests.jar:/home/runner/.m2/repository/org/apache/ozone/hdds-common/1.4.0-SNAPSHOT/hdds-common-1.4.0-SNAPSHOT-tests.jar:/home/runner/.m2/repository/org/apache/ozone/hdds-hadoop-dependency-client/1.4.0-SNAPSHOT/hdds-hadoop-dependency-client-1.4.0-SNAPSHOT.jar:/home/runner/.m2/repository/info/picocli/picocli/4.6.1/picocli-4.6.1.jar:/home/runner/.m2/repository/com/fasterxml/jackson/core/jackson-annotations/2.13.4/jackson-annotations-2.13.4.jar:/home/runner/.m2/repository/com/fasterxml/jackson/datatype/jackson-datatype-jsr310/2.13.4/jackson-datatype-jsr310-2.13.4.jar:/home/runner/.m2/repository/org/apache/ozone/hdds-annotation-processing/1.4.0-SNAPSHOT/hdds-annotation-processing-1.4.0-SNAPSHOT.jar:/home/runner/.m2/repository/javax/annotation/javax.annotation-api/1.2/javax.annotation-api-1.2.jar:/home/runner/.m2/repository/org/apache/ratis/ratis-server/2.4.2-8b8bdda-SNAPSHOT/ratis-server-2.4.2-8b8bdda-SNAPSHOT.jar:/home/runner/.m2/repository/org/apache/ratis/ratis-client/2.4.2-8b8bdda-SNAPSHOT/ratis-client-2.4.2-8b8bdda-SNAPSHOT.jar:/home/runner/.m2/repository/org/apache/ratis/ratis-server-api/2.4.2-8b8bdda-SNAPSHOT/ratis-server-api-2.4.2-8b8bdda-SNAPSHOT.jar:/home/runner/.m2/repository/org/apache/ratis/ratis-metrics/2.4.2-8b8bdda-SNAPSHOT/ratis-metrics-2.4.2-8b8bdda-SNAPSHOT.jar:/home/runner/.m2/repository/org/apache/ratis/ratis-netty/2.4.2-8b8bdda-SNAPSHOT/ratis-netty-2.4.2-8b8bdda-SNAPSHOT.jar:/home/runner/.m2/repository/org/apache/ratis/ratis-grpc/2.4.2-8b8bdda-SNAPSHOT/ratis-grpc-2.4.2-8b8bdda-SNAPSHOT.jar:/home/runner/.m2/repository/org/apache/logging/log4j/log4j-api/2.17.1/log4j-api-2.17.1.jar:/home/runner/.m2/repository/org/apache/commons/commons-pool2/2.6.0/commons-pool2-2.6.0.jar:/home/runner/.m2/repository/org/bouncycastle/bcpkix-jdk15on/1.67/bcpkix-jdk15on-1.67.jar:/home/runner/.m2/repository/commons-validator/commons-validator/1.6/commons-validator-1.6.jar:/home/runner/.m2/repository/commons-beanutils/commons-beanutils/1.9.4/commons-beanutils-1.9.4.jar:/home/runner/.m2/repository/commons-digester/commons-digester/1.8.1/commons-digester-1.8.1.jar:/home/runner/.m2/repository/commons-collections/commons-collections/3.2.2/commons-collections-3.2.2.jar:/home/runner/.m2/repository/io/jaegertracing/jaeger-client/1.6.0/jaeger-client-1.6.0.jar:/home/runner/.m2/repository/io/jaegertracing/jaeger-thrift/1.6.0/jaeger-thrift-1.6.0.jar:/home/runner/.m2/repository/org/apache/thrift/libthrift/0.14.1/libthrift-0.14.1.jar:/home/runner/.m2/repository/io/jaegertracing/jaeger-core/1.6.0/jaeger-core-1.6.0.jar:/home/runner/.m2/repository/io/jaegertracing/jaeger-tracerresolver/1.6.0/jaeger-tracerresolver-1.6.0.jar:/home/runner/.m2/repository/io/opentracing/contrib/opentracing-tracerresolver/0.1.8/opentracing-tracerresolver-0.1.8.jar:/home/runner/.m2/repository/org/jetbrains/kotlin/kotlin-stdlib/1.6.21/kotlin-stdlib-1.6.21.jar:/home/runner/.m2/repository/org/jetbrains/annotations/13.0/annotations-13.0.jar:/home/runner/.m2/repository/io/opentracing/opentracing-util/0.33.0/opentracing-util-0.33.0.jar:/home/runner/.m2/repository/io/opentracing/opentracing-api/0.33.0/opentracing-api-0.33.0.jar:/home/runner/.m2/repository/io/opentracing/opentracing-noop/0.33.0/opentracing-noop-0.33.0.jar:/home/runner/.m2/repository/org/yaml/snakeyaml/1.33/snakeyaml-1.33.jar:/home/runner/.m2/repository/org/apache/ozone/hdds-interface-admin/1.4.0-SNAPSHOT/hdds-interface-admin-1.4.0-SNAPSHOT.jar:/home/runner/.m2/repository/junit/junit/4.13.1/junit-4.13.1.jar:/home/runner/.m2/repository/org/hamcrest/hamcrest-core/1.3/hamcrest-core-1.3.jar:/home/runner/.m2/repository/org/junit/jupiter/junit-jupiter-api/5.8.2/junit-jupiter-api-5.8.2.jar:/home/runner/.m2/repository/org/opentest4j/opentest4j/1.2.0/opentest4j-1.2.0.jar:/home/runner/.m2/repository/org/junit/platform/junit-platform-commons/1.8.2/junit-platform-commons-1.8.2.jar:/home/runner/.m2/repository/org/apiguardian/apiguardian-api/1.1.2/apiguardian-api-1.1.2.jar:/home/runner/.m2/repository/org/junit/jupiter/junit-jupiter-params/5.8.2/junit-jupiter-params-5.8.2.jar:/home/runner/.m2/repository/org/junit/jupiter/junit-jupiter-migrationsupport/5.8.2/junit-jupiter-migrationsupport-5.8.2.jar:/home/runner/.m2/repository/org/junit/jupiter/junit-jupiter-engine/5.8.2/junit-jupiter-engine-5.8.2.jar:/home/runner/.m2/repository/org/junit/platform/junit-platform-engine/1.8.2/junit-platform-engine-1.8.2.jar:/home/runner/.m2/repository/org/junit/vintage/junit-vintage-engine/5.8.2/junit-vintage-engine-5.8.2.jar:/home/runner/.m2/repository/org/junit/platform/junit-platform-launcher/1.8.2/junit-platform-launcher-1.8.2.jar:/home/runner/.m2/repository/org/mockito/mockito-core/2.28.2/mockito-core-2.28.2.jar:/home/runner/.m2/repository/net/bytebuddy/byte-buddy/1.9.10/byte-buddy-1.9.10.jar:/home/runner/.m2/repository/net/bytebuddy/byte-buddy-agent/1.9.10/byte-buddy-agent-1.9.10.jar:/home/runner/.m2/repository/org/objenesis/objenesis/1.0/objenesis-1.0.jar:/home/runner/.m2/repository/org/apache/hadoop/hadoop-kms/3.3.4/hadoop-kms-3.3.4.jar:/home/runner/.m2/repository/org/apache/hadoop/hadoop-auth/3.3.4/hadoop-auth-3.3.4.jar:/home/runner/.m2/repository/com/nimbusds/nimbus-jose-jwt/9.8.1/nimbus-jose-jwt-9.8.1.jar:/home/runner/.m2/repository/com/github/stephenc/jcip/jcip-annotations/1.0-1/jcip-annotations-1.0-1.jar:/home/runner/.m2/repository/net/minidev/json-smart/2.4.7/json-smart-2.4.7.jar:/home/runner/.m2/repository/net/minidev/accessors-smart/2.4.7/accessors-smart-2.4.7.jar:/home/runner/.m2/repository/org/ow2/asm/asm/5.0.4/asm-5.0.4.jar:/home/runner/.m2/repository/org/apache/zookeeper/zookeeper/3.5.6/zookeeper-3.5.6.jar:/home/runner/.m2/repository/org/apache/zookeeper/zookeeper-jute/3.5.6/zookeeper-jute-3.5.6.jar:/home/runner/.m2/repository/org/apache/yetus/audience-annotations/0.5.0/audience-annotations-0.5.0.jar:/home/runner/.m2/repository/org/apache/curator/curator-framework/4.2.0/curator-framework-4.2.0.jar:/home/runner/.m2/repository/org/apache/hadoop/thirdparty/hadoop-shaded-guava/1.1.1/hadoop-shaded-guava-1.1.1.jar:/home/runner/.m2/repository/com/sun/jersey/jersey-core/1.19/jersey-core-1.19.jar:/home/runner/.m2/repository/javax/ws/rs/jsr311-api/1.1.1/jsr311-api-1.1.1.jar:/home/runner/.m2/repository/com/sun/jersey/jersey-server/1.19/jersey-server-1.19.jar:/home/runner/.m2/repository/javax/servlet/javax.servlet-api/3.1.0/javax.servlet-api-3.1.0.jar:/home/runner/.m2/repository/org/eclipse/jetty/jetty-server/9.4.49.v20220914/jetty-server-9.4.49.v20220914.jar:/home/runner/.m2/repository/org/eclipse/jetty/jetty-http/9.4.49.v20220914/jetty-http-9.4.49.v20220914.jar:/home/runner/.m2/repository/org/eclipse/jetty/jetty-io/9.4.49.v20220914/jetty-io-9.4.49.v20220914.jar:/home/runner/.m2/repository/org/eclipse/jetty/jetty-webapp/9.4.49.v20220914/jetty-webapp-9.4.49.v20220914.jar:/home/runner/.m2/repository/org/eclipse/jetty/jetty-xml/9.4.49.v20220914/jetty-xml-9.4.49.v20220914.jar:/home/runner/.m2/repository/org/apache/hadoop/hadoop-common/3.3.4/hadoop-common-3.3.4.jar:/home/runner/.m2/repository/org/apache/commons/commons-math3/3.1.1/commons-math3-3.1.1.jar:/home/runner/.m2/repository/commons-net/commons-net/3.9.0/commons-net-3.9.0.jar:/home/runner/.m2/repository/com/sun/jersey/jersey-servlet/1.19/jersey-servlet-1.19.jar:/home/runner/.m2/repository/com/sun/jersey/jersey-json/1.19/jersey-json-1.19.jar:/home/runner/.m2/repository/org/codehaus/jettison/jettison/1.1/jettison-1.1.jar:/home/runner/.m2/repository/com/sun/xml/bind/jaxb-impl/2.2.3-1/jaxb-impl-2.2.3-1.jar:/home/runner/.m2/repository/org/codehaus/jackson/jackson-xc/1.9.2/jackson-xc-1.9.2.jar:/home/runner/.m2/repository/com/google/re2j/re2j/1.1/re2j-1.1.jar:/home/runner/.m2/repository/com/jcraft/jsch/0.1.54/jsch-0.1.54.jar:/home/runner/.m2/repository/org/apache/curator/curator-client/4.2.0/curator-client-4.2.0.jar:/home/runner/.m2/repository/org/apache/curator/curator-recipes/4.2.0/curator-recipes-4.2.0.jar:/home/runner/.m2/repository/org/apache/kerby/kerb-core/1.0.1/kerb-core-1.0.1.jar:/home/runner/.m2/repository/org/apache/kerby/kerby-pkix/1.0.1/kerby-pkix-1.0.1.jar:/home/runner/.m2/repository/org/apache/kerby/kerby-asn1/1.0.1/kerby-asn1-1.0.1.jar:/home/runner/.m2/repository/org/apache/kerby/kerby-util/1.0.1/kerby-util-1.0.1.jar:/home/runner/.m2/repository/dnsjava/dnsjava/2.1.7/dnsjava-2.1.7.jar:/home/runner/.m2/repository/org/xerial/snappy/snappy-java/1.1.8.2/snappy-java-1.1.8.2.jar:/home/runner/.m2/repository/org/eclipse/jetty/jetty-util/9.4.49.v20220914/jetty-util-9.4.49.v20220914.jar:/home/runner/.m2/repository/com/fasterxml/jackson/core/jackson-databind/2.13.4.2/jackson-databind-2.13.4.2.jar:/home/runner/.m2/repository/org/apache/hadoop/hadoop-kms/3.3.4/hadoop-kms-3.3.4-tests.jar:/home/runner/.m2/repository/org/apache/ozone/hdds-server-scm/1.4.0-SNAPSHOT/hdds-server-scm-1.4.0-SNAPSHOT-tests.jar:/home/runner/.m2/repository/org/apache/ozone/hdds-container-service/1.4.0-SNAPSHOT/hdds-container-service-1.4.0-SNAPSHOT-tests.jar:/home/runner/.m2/repository/com/github/luben/zstd-jni/1.5.2-5/zstd-jni-1.5.2-5.jar:/home/runner/.m2/repository/commons-codec/commons-codec/1.15/commons-codec-1.15.jar:/home/runner/.m2/repository/io/netty/netty-codec/4.1.77.Final/netty-codec-4.1.77.Final.jar:/home/runner/.m2/repository/io/netty/netty-handler/4.1.77.Final/netty-handler-4.1.77.Final.jar:/home/runner/.m2/repository/org/apache/ozone/hdds-hadoop-dependency-test/1.4.0-SNAPSHOT/hdds-hadoop-dependency-test-1.4.0-SNAPSHOT.jar:/home/runner/.m2/repository/org/apache/hadoop/hadoop-common/3.3.4/hadoop-common-3.3.4-tests.jar:/home/runner/.m2/repository/org/apache/hadoop/hadoop-hdfs/3.3.4/hadoop-hdfs-3.3.4-tests.jar:/home/runner/.m2/repository/org/assertj/assertj-core/3.12.2/assertj-core-3.12.2.jar:/home/runner/.m2/repository/org/apache/hadoop/hadoop-distcp/3.3.4/hadoop-distcp-3.3.4.jar:/home/runner/.m2/repository/org/apache/hadoop/hadoop-mapreduce-client-jobclient/3.3.4/hadoop-mapreduce-client-jobclient-3.3.4.jar:/home/runner/.m2/repository/org/apache/hadoop/hadoop-mapreduce-client-common/3.3.4/hadoop-mapreduce-client-common-3.3.4.jar:/home/runner/.m2/repository/org/apache/hadoop/hadoop-yarn-common/3.3.4/hadoop-yarn-common-3.3.4.jar:/home/runner/.m2/repository/org/apache/hadoop/hadoop-yarn-api/3.3.4/hadoop-yarn-api-3.3.4.jar:/home/runner/.m2/repository/com/sun/jersey/contribs/jersey-guice/1.19/jersey-guice-1.19.jar:/home/runner/.m2/repository/com/fasterxml/jackson/jaxrs/jackson-jaxrs-json-provider/2.13.4/jackson-jaxrs-json-provider-2.13.4.jar:/home/runner/.m2/repository/com/fasterxml/jackson/jaxrs/jackson-jaxrs-base/2.13.4/jackson-jaxrs-base-2.13.4.jar:/home/runner/.m2/repository/org/apache/hadoop/hadoop-yarn-client/3.3.4/hadoop-yarn-client-3.3.4.jar:/home/runner/.m2/repository/org/eclipse/jetty/websocket/websocket-client/9.4.43.v20210629/websocket-client-9.4.43.v20210629.jar:/home/runner/.m2/repository/org/eclipse/jetty/websocket/websocket-common/9.4.43.v20210629/websocket-common-9.4.43.v20210629.jar:/home/runner/.m2/repository/org/eclipse/jetty/websocket/websocket-api/9.4.43.v20210629/websocket-api-9.4.43.v20210629.jar:/home/runner/.m2/repository/org/jline/jline/3.9.0/jline-3.9.0.jar:/home/runner/.m2/repository/org/apache/hadoop/hadoop-mapreduce-client-core/3.3.4/hadoop-mapreduce-client-core-3.3.4.jar:/home/runner/.m2/repository/org/apache/avro/avro/1.7.7/avro-1.7.7.jar:/home/runner/.m2/repository/org/codehaus/jackson/jackson-core-asl/1.9.13/jackson-core-asl-1.9.13.jar:/home/runner/.m2/repository/org/codehaus/jackson/jackson-mapper-asl/1.9.13/jackson-mapper-asl-1.9.13.jar:/home/runner/.m2/repository/com/thoughtworks/paranamer/paranamer/2.3/paranamer-2.3.jar:/home/runner/.m2/repository/org/apache/hadoop/hadoop-annotations/3.3.4/hadoop-annotations-3.3.4.jar:/usr/lib/jvm/temurin-8-jdk-amd64/jre/../lib/tools.jar:/home/runner/.m2/repository/io/netty/netty/3.10.6.Final/netty-3.10.6.Final.jar:/home/runner/.m2/repository/org/apache/hadoop/hadoop-distcp/3.3.4/hadoop-distcp-3.3.4-tests.jar:/home/runner/.m2/repository/org/slf4j/jul-to-slf4j/1.7.36/jul-to-slf4j-1.7.36.jar:/home/runner/.m2/repository/org/apache/ratis/ratis-common/2.4.2-8b8bdda-SNAPSHOT/ratis-common-2.4.2-8b8bdda-SNAPSHOT.jar:/home/runner/.m2/repository/org/apache/ratis/ratis-thirdparty-misc/1.0.3/ratis-thirdparty-misc-1.0.3.jar:/home/runner/.m2/repository/org/apache/ratis/ratis-proto/2.4.2-8b8bdda-SNAPSHOT/ratis-proto-2.4.2-8b8bdda-SNAPSHOT.jar:"/>
    <property name="sun.cpu.endian" value="little"/>
    <property name="user.home" value="/home/runner"/>
    <property name="user.language" value="en"/>
    <property name="java.specification.vendor" value="Oracle Corporation"/>
    <property name="java.home" value="/usr/lib/jvm/temurin-8-jdk-amd64/jre"/>
    <property name="java.security.krb5.conf" value="/home/runner/work/ozone/ozone/hadoop-ozone/integration-test/target/test-classes/krb5.conf"/>
    <property name="basedir" value="/home/runner/work/ozone/ozone/hadoop-ozone/integration-test"/>
    <property name="file.separator" value="/"/>
    <property name="line.separator" value="&#10;"/>
    <property name="java.vm.specification.vendor" value="Oracle Corporation"/>
    <property name="java.specification.name" value="Java Platform API Specification"/>
    <property name="java.awt.graphicsenv" value="sun.awt.X11GraphicsEnvironment"/>
    <property name="skip.installnpx" value="true"/>
    <property name="surefire.real.class.path" value="/home/runner/work/ozone/ozone/hadoop-ozone/integration-test/target/surefire/surefirebooter8810971538058804985.jar:/home/runner/.m2/repository/org/jacoco/org.jacoco.agent/0.8.5/org.jacoco.agent-0.8.5-runtime.jar"/>
    <property name="hadoop.log.dir" value="/home/runner/work/ozone/ozone/hadoop-ozone/integration-test/target/log"/>
    <property name="sun.boot.class.path" value="/usr/lib/jvm/temurin-8-jdk-amd64/jre/lib/resources.jar:/usr/lib/jvm/temurin-8-jdk-amd64/jre/lib/rt.jar:/usr/lib/jvm/temurin-8-jdk-amd64/jre/lib/sunrsasign.jar:/usr/lib/jvm/temurin-8-jdk-amd64/jre/lib/jsse.jar:/usr/lib/jvm/temurin-8-jdk-amd64/jre/lib/jce.jar:/usr/lib/jvm/temurin-8-jdk-amd64/jre/lib/charsets.jar:/usr/lib/jvm/temurin-8-jdk-amd64/jre/lib/jfr.jar:/usr/lib/jvm/temurin-8-jdk-amd64/jre/classes"/>
    <property name="sun.management.compiler" value="HotSpot 64-Bit Tiered Compilers"/>
    <property name="skip.npx" value="true"/>
    <property name="java.runtime.version" value="1.8.0_352-b08"/>
    <property name="java.net.preferIPv4Stack" value="true"/>
    <property name="user.name" value="runner"/>
    <property name="path.separator" value=":"/>
    <property name="java.security.egd" value="file:///dev/urandom"/>
    <property name="os.version" value="5.15.0-1023-azure"/>
    <property name="java.endorsed.dirs" value="/usr/lib/jvm/temurin-8-jdk-amd64/jre/lib/endorsed"/>
    <property name="java.runtime.name" value="OpenJDK Runtime Environment"/>
    <property name="file.encoding" value="UTF-8"/>
    <property name="java.vm.name" value="OpenJDK 64-Bit Server VM"/>
    <property name="test.build.webapps" value=""/>
    <property name="localRepository" value="/home/runner/.m2/repository"/>
    <property name="jetty.git.hash" value="4231a3b2e4cb8548a412a789936d640a97b1aa0a"/>
    <property name="java.vendor.url.bug" value="https://github.com/adoptium/adoptium-support/issues"/>
    <property name="java.io.tmpdir" value="/tmp"/>
    <property name="require.test.libhadoop" value=""/>
    <property name="java.version" value="1.8.0_352"/>
    <property name="user.dir" value="/home/runner/work/ozone/ozone/hadoop-ozone/integration-test"/>
    <property name="os.arch" value="amd64"/>
    <property name="java.vm.specification.name" value="Java Virtual Machine Specification"/>
    <property name="test.build.classes" value="/home/runner/work/ozone/ozone/hadoop-ozone/integration-test/target/test-classes"/>
    <property name="java.awt.printerjob" value="sun.print.PSPrinterJob"/>
    <property name="sun.os.patch.level" value="unknown"/>
    <property name="org.apache.ratis.thirdparty.io.netty.allocator.useCacheForAllThreads" value="false"/>
    <property name="hadoop.tmp.dir" value="/home/runner/work/ozone/ozone/hadoop-ozone/integration-test/target/tmp"/>
    <property name="java.library.path" value="/usr/java/packages/lib/amd64:/usr/lib64:/lib64:/lib:/usr/lib"/>
    <property name="java.vm.info" value="mixed mode"/>
    <property name="java.vendor" value="Temurin"/>
    <property name="java.vm.version" value="25.352-b08"/>
    <property name="java.specification.maintenance.version" value="4"/>
    <property name="java.ext.dirs" value="/usr/lib/jvm/temurin-8-jdk-amd64/jre/lib/ext:/usr/java/packages/lib/ext"/>
    <property name="sun.io.unicode.encoding" value="UnicodeLittle"/>
    <property name="java.class.version" value="52.0"/>
  </properties>
  <testcase name="testAutomaticPipelineCreationOnPipelineDestroy" classname="org.apache.hadoop.hdds.scm.pipeline.TestRatisPipelineCreateAndDestroy" time="87.954">
    <error type="java.util.concurrent.TimeoutException"><![CDATA[java.util.concurrent.TimeoutException: 
Timed out waiting for condition. Thread diagnostics:
Timestamp: 2023-01-10 01:13:00,417

"grpc-default-executor-3" daemon prio=5 tid=524 timed_waiting
java.lang.Thread.State: TIMED_WAITING
        at sun.misc.Unsafe.park(Native Method)
        at java.util.concurrent.locks.LockSupport.parkNanos(LockSupport.java:215)
        at java.util.concurrent.SynchronousQueue$TransferStack.awaitFulfill(SynchronousQueue.java:460)
        at java.util.concurrent.SynchronousQueue$TransferStack.transfer(SynchronousQueue.java:362)
        at java.util.concurrent.SynchronousQueue.poll(SynchronousQueue.java:941)
        at java.util.concurrent.ThreadPoolExecutor.getTask(ThreadPoolExecutor.java:1073)
        at java.util.concurrent.ThreadPoolExecutor.runWorker(ThreadPoolExecutor.java:1134)
        at java.util.concurrent.ThreadPoolExecutor$Worker.run(ThreadPoolExecutor.java:624)
        at java.lang.Thread.run(Thread.java:750)
"qtp616421782-110" daemon prio=5 tid=110 runnable
java.lang.Thread.State: RUNNABLE
        at sun.nio.ch.EPollArrayWrapper.epollWait(Native Method)
        at sun.nio.ch.EPollArrayWrapper.poll(EPollArrayWrapper.java:269)
        at sun.nio.ch.EPollSelectorImpl.doSelect(EPollSelectorImpl.java:93)
        at sun.nio.ch.SelectorImpl.lockAndDoSelect(SelectorImpl.java:86)
        at sun.nio.ch.SelectorImpl.select(SelectorImpl.java:97)
        at sun.nio.ch.SelectorImpl.select(SelectorImpl.java:101)
        at org.eclipse.jetty.io.ManagedSelector.nioSelect(ManagedSelector.java:183)
        at org.eclipse.jetty.io.ManagedSelector.select(ManagedSelector.java:190)
        at org.eclipse.jetty.io.ManagedSelector$SelectorProducer.select(ManagedSelector.java:606)
        at org.eclipse.jetty.io.ManagedSelector$SelectorProducer.produce(ManagedSelector.java:543)
        at org.eclipse.jetty.util.thread.strategy.EatWhatYouKill.produceTask(EatWhatYouKill.java:362)
        at org.eclipse.jetty.util.thread.strategy.EatWhatYouKill.doProduce(EatWhatYouKill.java:186)
        at org.eclipse.jetty.util.thread.strategy.EatWhatYouKill.tryProduce(EatWhatYouKill.java:173)
        at org.eclipse.jetty.util.thread.strategy.EatWhatYouKill.produce(EatWhatYouKill.java:137)
        at org.eclipse.jetty.io.ManagedSelector$$Lambda$468/1286968216.run(Unknown Source)
        at org.eclipse.jetty.util.thread.QueuedThreadPool.runJob(QueuedThreadPool.java:883)
        at org.eclipse.jetty.util.thread.QueuedThreadPool$Runner.run(QueuedThreadPool.java:1034)
        at java.lang.Thread.run(Thread.java:750)
"qtp1347332959-298" daemon prio=5 tid=298 timed_waiting
java.lang.Thread.State: TIMED_WAITING
        at sun.misc.Unsafe.park(Native Method)
        at java.util.concurrent.locks.LockSupport.parkNanos(LockSupport.java:215)
        at java.util.concurrent.locks.AbstractQueuedSynchronizer$ConditionObject.awaitNanos(AbstractQueuedSynchronizer.java:2078)
        at org.eclipse.jetty.util.BlockingArrayQueue.poll(BlockingArrayQueue.java:382)
        at org.eclipse.jetty.util.thread.QueuedThreadPool$Runner.idleJobPoll(QueuedThreadPool.java:974)
        at org.eclipse.jetty.util.thread.QueuedThreadPool$Runner.run(QueuedThreadPool.java:1018)
        at java.lang.Thread.run(Thread.java:750)
"Datanode ReportManager Thread - 1" daemon prio=5 tid=307 in Object.wait()
java.lang.Thread.State: WAITING (on object monitor)
        at sun.misc.Unsafe.park(Native Method)
        at java.util.concurrent.locks.LockSupport.park(LockSupport.java:175)
        at java.util.concurrent.locks.AbstractQueuedSynchronizer$ConditionObject.await(AbstractQueuedSynchronizer.java:2039)
        at java.util.concurrent.ScheduledThreadPoolExecutor$DelayedWorkQueue.take(ScheduledThreadPoolExecutor.java:1088)
        at java.util.concurrent.ScheduledThreadPoolExecutor$DelayedWorkQueue.take(ScheduledThreadPoolExecutor.java:809)
        at java.util.concurrent.ThreadPoolExecutor.getTask(ThreadPoolExecutor.java:1074)
        at java.util.concurrent.ThreadPoolExecutor.runWorker(ThreadPoolExecutor.java:1134)
        at java.util.concurrent.ThreadPoolExecutor$Worker.run(ThreadPoolExecutor.java:624)
        at java.lang.Thread.run(Thread.java:750)
"qtp1846922173-153" daemon prio=5 tid=153 timed_waiting
java.lang.Thread.State: TIMED_WAITING
        at sun.misc.Unsafe.park(Native Method)
        at java.util.concurrent.locks.LockSupport.parkNanos(LockSupport.java:215)
        at java.util.concurrent.locks.AbstractQueuedSynchronizer$ConditionObject.awaitNanos(AbstractQueuedSynchronizer.java:2078)
        at org.eclipse.jetty.util.BlockingArrayQueue.poll(BlockingArrayQueue.java:382)
        at org.eclipse.jetty.util.thread.QueuedThreadPool$Runner.idleJobPoll(QueuedThreadPool.java:974)
        at org.eclipse.jetty.util.thread.QueuedThreadPool$Runner.run(QueuedThreadPool.java:1018)
        at java.lang.Thread.run(Thread.java:750)
"qtp616421782-113" daemon prio=5 tid=113 timed_waiting
java.lang.Thread.State: TIMED_WAITING
        at sun.misc.Unsafe.park(Native Method)
        at java.util.concurrent.locks.LockSupport.parkNanos(LockSupport.java:215)
        at java.util.concurrent.locks.AbstractQueuedSynchronizer$ConditionObject.awaitNanos(AbstractQueuedSynchronizer.java:2078)
        at org.eclipse.jetty.util.BlockingArrayQueue.poll(BlockingArrayQueue.java:382)
        at org.eclipse.jetty.util.thread.QueuedThreadPool$Runner.idleJobPoll(QueuedThreadPool.java:974)
        at org.eclipse.jetty.util.thread.QueuedThreadPool$Runner.run(QueuedThreadPool.java:1018)
        at java.lang.Thread.run(Thread.java:750)
"9684d5c9-574d-4083-afb3-2b5a0b78eb45@group-767D98A7D697-StateMachineUpdater" daemon prio=5 tid=427 timed_waiting
java.lang.Thread.State: TIMED_WAITING
        at sun.misc.Unsafe.park(Native Method)
        at java.util.concurrent.locks.LockSupport.parkNanos(LockSupport.java:215)
        at java.util.concurrent.locks.AbstractQueuedSynchronizer$ConditionObject.await(AbstractQueuedSynchronizer.java:2163)
        at org.apache.ratis.util.AwaitForSignal.await(AwaitForSignal.java:62)
        at org.apache.ratis.server.impl.StateMachineUpdater.waitForCommit(StateMachineUpdater.java:207)
        at org.apache.ratis.server.impl.StateMachineUpdater.run(StateMachineUpdater.java:176)
        at java.lang.Thread.run(Thread.java:750)
"BlockDeletingService#1" daemon prio=5 tid=364 timed_waiting
java.lang.Thread.State: TIMED_WAITING
        at sun.misc.Unsafe.park(Native Method)
        at java.util.concurrent.locks.LockSupport.parkNanos(LockSupport.java:215)
        at java.util.concurrent.locks.AbstractQueuedSynchronizer$ConditionObject.awaitNanos(AbstractQueuedSynchronizer.java:2078)
        at java.util.concurrent.ScheduledThreadPoolExecutor$DelayedWorkQueue.take(ScheduledThreadPoolExecutor.java:1093)
        at java.util.concurrent.ScheduledThreadPoolExecutor$DelayedWorkQueue.take(ScheduledThreadPoolExecutor.java:809)
        at java.util.concurrent.ThreadPoolExecutor.getTask(ThreadPoolExecutor.java:1074)
        at java.util.concurrent.ThreadPoolExecutor.runWorker(ThreadPoolExecutor.java:1134)
        at java.util.concurrent.ThreadPoolExecutor$Worker.run(ThreadPoolExecutor.java:624)
        at java.lang.Thread.run(Thread.java:750)
"qtp1347332959-296" daemon prio=5 tid=296 runnable
java.lang.Thread.State: RUNNABLE
        at sun.nio.ch.EPollArrayWrapper.epollWait(Native Method)
        at sun.nio.ch.EPollArrayWrapper.poll(EPollArrayWrapper.java:269)
        at sun.nio.ch.EPollSelectorImpl.doSelect(EPollSelectorImpl.java:93)
        at sun.nio.ch.SelectorImpl.lockAndDoSelect(SelectorImpl.java:86)
        at sun.nio.ch.SelectorImpl.select(SelectorImpl.java:97)
        at sun.nio.ch.SelectorImpl.select(SelectorImpl.java:101)
        at org.eclipse.jetty.io.ManagedSelector.nioSelect(ManagedSelector.java:183)
        at org.eclipse.jetty.io.ManagedSelector.select(ManagedSelector.java:190)
        at org.eclipse.jetty.io.ManagedSelector$SelectorProducer.select(ManagedSelector.java:606)
        at org.eclipse.jetty.io.ManagedSelector$SelectorProducer.produce(ManagedSelector.java:543)
        at org.eclipse.jetty.util.thread.strategy.EatWhatYouKill.produceTask(EatWhatYouKill.java:362)
        at org.eclipse.jetty.util.thread.strategy.EatWhatYouKill.doProduce(EatWhatYouKill.java:186)
        at org.eclipse.jetty.util.thread.strategy.EatWhatYouKill.tryProduce(EatWhatYouKill.java:173)
        at org.eclipse.jetty.util.thread.strategy.EatWhatYouKill.produce(EatWhatYouKill.java:137)
        at org.eclipse.jetty.io.ManagedSelector$$Lambda$468/1286968216.run(Unknown Source)
        at org.eclipse.jetty.util.thread.QueuedThreadPool.runJob(QueuedThreadPool.java:883)
        at org.eclipse.jetty.util.thread.QueuedThreadPool$Runner.run(QueuedThreadPool.java:1034)
        at java.lang.Thread.run(Thread.java:750)
"Socket Reader #1 for port 0"  prio=5 tid=132 runnable
java.lang.Thread.State: RUNNABLE
        at sun.nio.ch.EPollArrayWrapper.epollWait(Native Method)
        at sun.nio.ch.EPollArrayWrapper.poll(EPollArrayWrapper.java:269)
        at sun.nio.ch.EPollSelectorImpl.doSelect(EPollSelectorImpl.java:93)
        at sun.nio.ch.SelectorImpl.lockAndDoSelect(SelectorImpl.java:86)
        at sun.nio.ch.SelectorImpl.select(SelectorImpl.java:97)
        at sun.nio.ch.SelectorImpl.select(SelectorImpl.java:101)
        at org.apache.hadoop.ipc.Server$Listener$Reader.doRunLoop(Server.java:1296)
        at org.apache.hadoop.ipc.Server$Listener$Reader.run(Server.java:1275)
"Datanode State Machine Task Thread - 0"  prio=5 tid=340 in Object.wait()
java.lang.Thread.State: WAITING (on object monitor)
        at sun.misc.Unsafe.park(Native Method)
        at java.util.concurrent.locks.LockSupport.park(LockSupport.java:175)
        at java.util.concurrent.locks.AbstractQueuedSynchronizer$ConditionObject.await(AbstractQueuedSynchronizer.java:2039)
        at java.util.concurrent.LinkedBlockingQueue.take(LinkedBlockingQueue.java:442)
        at java.util.concurrent.ThreadPoolExecutor.getTask(ThreadPoolExecutor.java:1074)
        at java.util.concurrent.ThreadPoolExecutor.runWorker(ThreadPoolExecutor.java:1134)
        at java.util.concurrent.ThreadPoolExecutor$Worker.run(ThreadPoolExecutor.java:624)
        at java.lang.Thread.run(Thread.java:750)
"OMDoubleBufferFlushThread" daemon prio=5 tid=125 timed_waiting
java.lang.Thread.State: TIMED_WAITING
        at java.lang.Object.wait(Native Method)
        at org.apache.hadoop.ozone.om.ratis.OzoneManagerDoubleBuffer.canFlush(OzoneManagerDoubleBuffer.java:538)
        at org.apache.hadoop.ozone.om.ratis.OzoneManagerDoubleBuffer.flushTransactions(OzoneManagerDoubleBuffer.java:268)
        at org.apache.hadoop.ozone.om.ratis.OzoneManagerDoubleBuffer$$Lambda$527/519375931.run(Unknown Source)
        at java.lang.Thread.run(Thread.java:750)
"KeyDeletingService#0" daemon prio=5 tid=142 timed_waiting
java.lang.Thread.State: TIMED_WAITING
        at sun.misc.Unsafe.park(Native Method)
        at java.util.concurrent.locks.LockSupport.parkNanos(LockSupport.java:215)
        at java.util.concurrent.locks.AbstractQueuedSynchronizer$ConditionObject.awaitNanos(AbstractQueuedSynchronizer.java:2078)
        at java.util.concurrent.ScheduledThreadPoolExecutor$DelayedWorkQueue.take(ScheduledThreadPoolExecutor.java:1093)
        at java.util.concurrent.ScheduledThreadPoolExecutor$DelayedWorkQueue.take(ScheduledThreadPoolExecutor.java:809)
        at java.util.concurrent.ThreadPoolExecutor.getTask(ThreadPoolExecutor.java:1074)
        at java.util.concurrent.ThreadPoolExecutor.runWorker(ThreadPoolExecutor.java:1134)
        at java.util.concurrent.ThreadPoolExecutor$Worker.run(ThreadPoolExecutor.java:624)
        at java.lang.Thread.run(Thread.java:750)
"IPC Server handler 5 on default port 42039" daemon prio=5 tid=92 timed_waiting
java.lang.Thread.State: TIMED_WAITING
        at sun.misc.Unsafe.park(Native Method)
        at java.util.concurrent.locks.LockSupport.parkNanos(LockSupport.java:215)
        at java.util.concurrent.locks.AbstractQueuedSynchronizer$ConditionObject.awaitNanos(AbstractQueuedSynchronizer.java:2078)
        at java.util.concurrent.LinkedBlockingQueue.poll(LinkedBlockingQueue.java:467)
        at org.apache.hadoop.ipc.CallQueueManager.take(CallQueueManager.java:317)
        at org.apache.hadoop.ipc.Server$Handler.run(Server.java:2942)
"Datanode State Machine Daemon Thread" daemon prio=5 tid=195 timed_waiting
java.lang.Thread.State: TIMED_WAITING
        at java.lang.Thread.sleep(Native Method)
        at org.apache.hadoop.ozone.container.common.statemachine.DatanodeStateMachine.startStateMachineThread(DatanodeStateMachine.java:324)
        at org.apache.hadoop.ozone.container.common.statemachine.DatanodeStateMachine.lambda$startDaemon$0(DatanodeStateMachine.java:509)
        at org.apache.hadoop.ozone.container.common.statemachine.DatanodeStateMachine$$Lambda$797/108845334.run(Unknown Source)
        at java.lang.Thread.run(Thread.java:750)
"qtp192320682-220" daemon prio=5 tid=220 timed_waiting
java.lang.Thread.State: TIMED_WAITING
        at sun.misc.Unsafe.park(Native Method)
        at java.util.concurrent.locks.LockSupport.parkNanos(LockSupport.java:215)
        at java.util.concurrent.locks.AbstractQueuedSynchronizer$ConditionObject.awaitNanos(AbstractQueuedSynchronizer.java:2078)
        at org.eclipse.jetty.util.BlockingArrayQueue.poll(BlockingArrayQueue.java:382)
        at org.eclipse.jetty.util.thread.QueuedThreadPool$Runner.idleJobPoll(QueuedThreadPool.java:974)
        at org.eclipse.jetty.util.thread.QueuedThreadPool$Runner.run(QueuedThreadPool.java:1018)
        at java.lang.Thread.run(Thread.java:750)
"IPC Server handler 4 on default port 37049" daemon prio=5 tid=71 timed_waiting
java.lang.Thread.State: TIMED_WAITING
        at sun.misc.Unsafe.park(Native Method)
        at java.util.concurrent.locks.LockSupport.parkNanos(LockSupport.java:215)
        at java.util.concurrent.locks.AbstractQueuedSynchronizer$ConditionObject.awaitNanos(AbstractQueuedSynchronizer.java:2078)
        at java.util.concurrent.LinkedBlockingQueue.poll(LinkedBlockingQueue.java:467)
        at org.apache.hadoop.ipc.CallQueueManager.take(CallQueueManager.java:317)
        at org.apache.hadoop.ipc.Server$Handler.run(Server.java:2942)
"ChunkWriter-0-0" daemon prio=5 tid=368 in Object.wait()
java.lang.Thread.State: WAITING (on object monitor)
        at sun.misc.Unsafe.park(Native Method)
        at java.util.concurrent.locks.LockSupport.park(LockSupport.java:175)
        at java.util.concurrent.locks.AbstractQueuedSynchronizer$ConditionObject.await(AbstractQueuedSynchronizer.java:2039)
        at java.util.concurrent.LinkedBlockingDeque.takeFirst(LinkedBlockingDeque.java:492)
        at java.util.concurrent.LinkedBlockingDeque.take(LinkedBlockingDeque.java:680)
        at java.util.concurrent.ThreadPoolExecutor.getTask(ThreadPoolExecutor.java:1074)
        at java.util.concurrent.ThreadPoolExecutor.runWorker(ThreadPoolExecutor.java:1134)
        at java.util.concurrent.ThreadPoolExecutor$Worker.run(ThreadPoolExecutor.java:624)
        at java.lang.Thread.run(Thread.java:750)
"pool-117-thread-1"  prio=5 tid=444 in Object.wait()
java.lang.Thread.State: WAITING (on object monitor)
        at sun.misc.Unsafe.park(Native Method)
        at java.util.concurrent.locks.LockSupport.park(LockSupport.java:175)
        at java.util.concurrent.locks.AbstractQueuedSynchronizer$ConditionObject.await(AbstractQueuedSynchronizer.java:2039)
        at java.util.concurrent.LinkedBlockingQueue.take(LinkedBlockingQueue.java:442)
        at java.util.concurrent.ThreadPoolExecutor.getTask(ThreadPoolExecutor.java:1074)
        at java.util.concurrent.ThreadPoolExecutor.runWorker(ThreadPoolExecutor.java:1134)
        at java.util.concurrent.ThreadPoolExecutor$Worker.run(ThreadPoolExecutor.java:624)
        at java.lang.Thread.run(Thread.java:750)
"qtp549492098-272" daemon prio=5 tid=272 timed_waiting
java.lang.Thread.State: TIMED_WAITING
        at sun.misc.Unsafe.park(Native Method)
        at java.util.concurrent.locks.LockSupport.parkNanos(LockSupport.java:215)
        at java.util.concurrent.locks.AbstractQueuedSynchronizer$ConditionObject.awaitNanos(AbstractQueuedSynchronizer.java:2078)
        at org.eclipse.jetty.util.BlockingArrayQueue.poll(BlockingArrayQueue.java:382)
        at org.eclipse.jetty.util.thread.QueuedThreadPool$Runner.idleJobPoll(QueuedThreadPool.java:974)
        at org.eclipse.jetty.util.thread.QueuedThreadPool$Runner.run(QueuedThreadPool.java:1018)
        at java.lang.Thread.run(Thread.java:750)
"Command processor thread" daemon prio=5 tid=311 timed_waiting
java.lang.Thread.State: TIMED_WAITING
        at java.lang.Thread.sleep(Native Method)
        at org.apache.hadoop.ozone.container.common.statemachine.DatanodeStateMachine.lambda$initCommandHandlerThread$3(DatanodeStateMachine.java:644)
        at org.apache.hadoop.ozone.container.common.statemachine.DatanodeStateMachine$$Lambda$799/1524986595.run(Unknown Source)
        at java.lang.Thread.run(Thread.java:750)
"pool-140-thread-1"  prio=5 tid=456 in Object.wait()
java.lang.Thread.State: WAITING (on object monitor)
        at sun.misc.Unsafe.park(Native Method)
        at java.util.concurrent.locks.LockSupport.park(LockSupport.java:175)
        at java.util.concurrent.locks.AbstractQueuedSynchronizer$ConditionObject.await(AbstractQueuedSynchronizer.java:2039)
        at java.util.concurrent.LinkedBlockingQueue.take(LinkedBlockingQueue.java:442)
        at java.util.concurrent.ThreadPoolExecutor.getTask(ThreadPoolExecutor.java:1074)
        at java.util.concurrent.ThreadPoolExecutor.runWorker(ThreadPoolExecutor.java:1134)
        at java.util.concurrent.ThreadPoolExecutor$Worker.run(ThreadPoolExecutor.java:624)
        at java.lang.Thread.run(Thread.java:750)
"Listener at 127.0.0.1/34303"  prio=5 tid=1 runnable
java.lang.Thread.State: RUNNABLE
        at java.lang.Thread.dumpThreads(Native Method)
        at java.lang.Thread.getAllStackTraces(Thread.java:1615)
        at org.apache.ozone.test.TimedOutTestsListener.buildThreadDump(TimedOutTestsListener.java:93)
        at org.apache.ozone.test.TimedOutTestsListener.buildThreadDiagnosticString(TimedOutTestsListener.java:79)
        at org.apache.ozone.test.GenericTestUtils.waitFor(GenericTestUtils.java:231)
        at org.apache.hadoop.hdds.scm.pipeline.TestRatisPipelineCreateAndDestroy.waitForPipelines(TestRatisPipelineCreateAndDestroy.java:179)
        at org.apache.hadoop.hdds.scm.pipeline.TestRatisPipelineCreateAndDestroy.testAutomaticPipelineCreationOnPipelineDestroy(TestRatisPipelineCreateAndDestroy.java:95)
        at sun.reflect.NativeMethodAccessorImpl.invoke0(Native Method)
        at sun.reflect.NativeMethodAccessorImpl.invoke(NativeMethodAccessorImpl.java:62)
        at sun.reflect.DelegatingMethodAccessorImpl.invoke(DelegatingMethodAccessorImpl.java:43)
        at java.lang.reflect.Method.invoke(Method.java:498)
        at org.junit.platform.commons.util.ReflectionUtils.invokeMethod(ReflectionUtils.java:725)
        at org.junit.jupiter.engine.execution.MethodInvocation.proceed(MethodInvocation.java:60)
        at org.junit.jupiter.engine.execution.InvocationInterceptorChain$ValidatingInvocation.proceed(InvocationInterceptorChain.java:131)
        at org.junit.jupiter.engine.extension.TimeoutInvocation.proceed(TimeoutInvocation.java:46)
        at org.junit.jupiter.engine.extension.TimeoutExtension.intercept(TimeoutExtension.java:149)
        at org.junit.jupiter.engine.extension.TimeoutExtension.interceptTestableMethod(TimeoutExtension.java:140)
        at org.junit.jupiter.engine.extension.TimeoutExtension.interceptTestMethod(TimeoutExtension.java:84)
        at org.junit.jupiter.engine.descriptor.TestMethodTestDescriptor$$Lambda$158/118394766.apply(Unknown Source)
        at org.junit.jupiter.engine.execution.ExecutableInvoker$ReflectiveInterceptorCall.lambda$ofVoidMethod$0(ExecutableInvoker.java:115)
        at org.junit.jupiter.engine.execution.ExecutableInvoker$ReflectiveInterceptorCall$$Lambda$159/1850180796.apply(Unknown Source)
        at org.junit.jupiter.engine.execution.ExecutableInvoker.lambda$invoke$0(ExecutableInvoker.java:105)
        at org.junit.jupiter.engine.execution.ExecutableInvoker$$Lambda$316/556488341.apply(Unknown Source)
        at org.junit.jupiter.engine.execution.InvocationInterceptorChain$InterceptedInvocation.proceed(InvocationInterceptorChain.java:106)
        at org.junit.jupiter.engine.execution.InvocationInterceptorChain.proceed(InvocationInterceptorChain.java:64)
        at org.junit.jupiter.engine.execution.InvocationInterceptorChain.chainAndInvoke(InvocationInterceptorChain.java:45)
        at org.junit.jupiter.engine.execution.InvocationInterceptorChain.invoke(InvocationInterceptorChain.java:37)
        at org.junit.jupiter.engine.execution.ExecutableInvoker.invoke(ExecutableInvoker.java:104)
        at org.junit.jupiter.engine.execution.ExecutableInvoker.invoke(ExecutableInvoker.java:98)
        at org.junit.jupiter.engine.descriptor.TestMethodTestDescriptor.lambda$invokeTestMethod$7(TestMethodTestDescriptor.java:214)
        at org.junit.jupiter.engine.descriptor.TestMethodTestDescriptor$$Lambda$337/1534754611.execute(Unknown Source)
        at org.junit.platform.engine.support.hierarchical.ThrowableCollector.execute(ThrowableCollector.java:73)
        at org.junit.jupiter.engine.descriptor.TestMethodTestDescriptor.invokeTestMethod(TestMethodTestDescriptor.java:210)
        at org.junit.jupiter.engine.descriptor.TestMethodTestDescriptor.execute(TestMethodTestDescriptor.java:135)
        at org.junit.jupiter.engine.descriptor.TestMethodTestDescriptor.execute(TestMethodTestDescriptor.java:66)
        at org.junit.platform.engine.support.hierarchical.NodeTestTask.lambda$executeRecursively$6(NodeTestTask.java:151)
        at org.junit.platform.engine.support.hierarchical.NodeTestTask$$Lambda$258/136936250.execute(Unknown Source)
        at org.junit.platform.engine.support.hierarchical.ThrowableCollector.execute(ThrowableCollector.java:73)
        at org.junit.platform.engine.support.hierarchical.NodeTestTask.lambda$executeRecursively$8(NodeTestTask.java:141)
        at org.junit.platform.engine.support.hierarchical.NodeTestTask$$Lambda$257/2014838114.invoke(Unknown Source)
        at org.junit.platform.engine.support.hierarchical.Node.around(Node.java:137)
        at org.junit.platform.engine.support.hierarchical.NodeTestTask.lambda$executeRecursively$9(NodeTestTask.java:139)
        at org.junit.platform.engine.support.hierarchical.NodeTestTask$$Lambda$256/536122141.execute(Unknown Source)
        at org.junit.platform.engine.support.hierarchical.ThrowableCollector.execute(ThrowableCollector.java:73)
        at org.junit.platform.engine.support.hierarchical.NodeTestTask.executeRecursively(NodeTestTask.java:138)
        at org.junit.platform.engine.support.hierarchical.NodeTestTask.execute(NodeTestTask.java:95)
        at org.junit.platform.engine.support.hierarchical.SameThreadHierarchicalTestExecutorService$$Lambda$262/612097453.accept(Unknown Source)
        at java.util.ArrayList.forEach(ArrayList.java:1259)
        at org.junit.platform.engine.support.hierarchical.SameThreadHierarchicalTestExecutorService.invokeAll(SameThreadHierarchicalTestExecutorService.java:41)
        at org.junit.platform.engine.support.hierarchical.NodeTestTask.lambda$executeRecursively$6(NodeTestTask.java:155)
        at org.junit.platform.engine.support.hierarchical.NodeTestTask$$Lambda$258/136936250.execute(Unknown Source)
        at org.junit.platform.engine.support.hierarchical.ThrowableCollector.execute(ThrowableCollector.java:73)
        at org.junit.platform.engine.support.hierarchical.NodeTestTask.lambda$executeRecursively$8(NodeTestTask.java:141)
        at org.junit.platform.engine.support.hierarchical.NodeTestTask$$Lambda$257/2014838114.invoke(Unknown Source)
        at org.junit.platform.engine.support.hierarchical.Node.around(Node.java:137)
        at org.junit.platform.engine.support.hierarchical.NodeTestTask.lambda$executeRecursively$9(NodeTestTask.java:139)
        at org.junit.platform.engine.support.hierarchical.NodeTestTask$$Lambda$256/536122141.execute(Unknown Source)
        at org.junit.platform.engine.support.hierarchical.ThrowableCollector.execute(ThrowableCollector.java:73)
        at org.junit.platform.engine.support.hierarchical.NodeTestTask.executeRecursively(NodeTestTask.java:138)
        at org.junit.platform.engine.support.hierarchical.NodeTestTask.execute(NodeTestTask.java:95)
        at org.junit.platform.engine.support.hierarchical.SameThreadHierarchicalTestExecutorService$$Lambda$262/612097453.accept(Unknown Source)
        at java.util.ArrayList.forEach(ArrayList.java:1259)
        at org.junit.platform.engine.support.hierarchical.SameThreadHierarchicalTestExecutorService.invokeAll(SameThreadHierarchicalTestExecutorService.java:41)
        at org.junit.platform.engine.support.hierarchical.NodeTestTask.lambda$executeRecursively$6(NodeTestTask.java:155)
        at org.junit.platform.engine.support.hierarchical.NodeTestTask$$Lambda$258/136936250.execute(Unknown Source)
        at org.junit.platform.engine.support.hierarchical.ThrowableCollector.execute(ThrowableCollector.java:73)
        at org.junit.platform.engine.support.hierarchical.NodeTestTask.lambda$executeRecursively$8(NodeTestTask.java:141)
        at org.junit.platform.engine.support.hierarchical.NodeTestTask$$Lambda$257/2014838114.invoke(Unknown Source)
        at org.junit.platform.engine.support.hierarchical.Node.around(Node.java:137)
        at org.junit.platform.engine.support.hierarchical.NodeTestTask.lambda$executeRecursively$9(NodeTestTask.java:139)
        at org.junit.platform.engine.support.hierarchical.NodeTestTask$$Lambda$256/536122141.execute(Unknown Source)
        at org.junit.platform.engine.support.hierarchical.ThrowableCollector.execute(ThrowableCollector.java:73)
        at org.junit.platform.engine.support.hierarchical.NodeTestTask.executeRecursively(NodeTestTask.java:138)
        at org.junit.platform.engine.support.hierarchical.NodeTestTask.execute(NodeTestTask.java:95)
        at org.junit.platform.engine.support.hierarchical.SameThreadHierarchicalTestExecutorService.submit(SameThreadHierarchicalTestExecutorService.java:35)
        at org.junit.platform.engine.support.hierarchical.HierarchicalTestExecutor.execute(HierarchicalTestExecutor.java:57)
        at org.junit.platform.engine.support.hierarchical.HierarchicalTestEngine.execute(HierarchicalTestEngine.java:54)
        at org.junit.platform.launcher.core.EngineExecutionOrchestrator.execute(EngineExecutionOrchestrator.java:107)
        at org.junit.platform.launcher.core.EngineExecutionOrchestrator.execute(EngineExecutionOrchestrator.java:88)
        at org.junit.platform.launcher.core.EngineExecutionOrchestrator.lambda$execute$0(EngineExecutionOrchestrator.java:54)
        at org.junit.platform.launcher.core.EngineExecutionOrchestrator$$Lambda$214/798981583.accept(Unknown Source)
        at org.junit.platform.launcher.core.EngineExecutionOrchestrator.withInterceptedStreams(EngineExecutionOrchestrator.java:67)
        at org.junit.platform.launcher.core.EngineExecutionOrchestrator.execute(EngineExecutionOrchestrator.java:52)
        at org.junit.platform.launcher.core.DefaultLauncher.execute(DefaultLauncher.java:114)
        at org.junit.platform.launcher.core.DefaultLauncher.execute(DefaultLauncher.java:86)
        at org.junit.platform.launcher.core.DefaultLauncherSession$DelegatingLauncher.execute(DefaultLauncherSession.java:86)
        at org.junit.platform.launcher.core.SessionPerRequestLauncher.execute(SessionPerRequestLauncher.java:53)
        at org.apache.maven.surefire.junitplatform.JUnitPlatformProvider.execute(JUnitPlatformProvider.java:188)
        at org.apache.maven.surefire.junitplatform.JUnitPlatformProvider.invokeAllTests(JUnitPlatformProvider.java:154)
        at org.apache.maven.surefire.junitplatform.JUnitPlatformProvider.invoke(JUnitPlatformProvider.java:124)
        at org.apache.maven.surefire.booter.ForkedBooter.runSuitesInProcess(ForkedBooter.java:428)
        at org.apache.maven.surefire.booter.ForkedBooter.execute(ForkedBooter.java:162)
        at org.apache.maven.surefire.booter.ForkedBooter.run(ForkedBooter.java:562)
        at org.apache.maven.surefire.booter.ForkedBooter.main(ForkedBooter.java:548)
"junit-jupiter-timeout-watcher"  prio=10 tid=12 timed_waiting
java.lang.Thread.State: TIMED_WAITING
        at sun.misc.Unsafe.park(Native Method)
        at java.util.concurrent.locks.LockSupport.parkNanos(LockSupport.java:215)
        at java.util.concurrent.locks.AbstractQueuedSynchronizer$ConditionObject.awaitNanos(AbstractQueuedSynchronizer.java:2078)
        at java.util.concurrent.ScheduledThreadPoolExecutor$DelayedWorkQueue.take(ScheduledThreadPoolExecutor.java:1093)
        at java.util.concurrent.ScheduledThreadPoolExecutor$DelayedWorkQueue.take(ScheduledThreadPoolExecutor.java:809)
        at java.util.concurrent.ThreadPoolExecutor.getTask(ThreadPoolExecutor.java:1074)
        at java.util.concurrent.ThreadPoolExecutor.runWorker(ThreadPoolExecutor.java:1134)
        at java.util.concurrent.ThreadPoolExecutor$Worker.run(ThreadPoolExecutor.java:624)
        at java.lang.Thread.run(Thread.java:750)
"timer1" daemon prio=5 tid=527 timed_waiting
java.lang.Thread.State: TIMED_WAITING
        at java.lang.Object.wait(Native Method)
        at java.util.TimerThread.mainLoop(Timer.java:552)
        at java.util.TimerThread.run(Timer.java:505)
"qtp549492098-273" daemon prio=5 tid=273 timed_waiting
java.lang.Thread.State: TIMED_WAITING
        at sun.misc.Unsafe.park(Native Method)
        at java.util.concurrent.locks.LockSupport.parkNanos(LockSupport.java:215)
        at java.util.concurrent.locks.AbstractQueuedSynchronizer$ConditionObject.awaitNanos(AbstractQueuedSynchronizer.java:2078)
        at org.eclipse.jetty.util.BlockingArrayQueue.poll(BlockingArrayQueue.java:382)
        at org.eclipse.jetty.util.thread.QueuedThreadPool$Runner.idleJobPoll(QueuedThreadPool.java:974)
        at org.eclipse.jetty.util.thread.QueuedThreadPool$Runner.run(QueuedThreadPool.java:1018)
        at java.lang.Thread.run(Thread.java:750)
"Periodic HDDS volume checker" daemon prio=5 tid=177 timed_waiting
java.lang.Thread.State: TIMED_WAITING
        at sun.misc.Unsafe.park(Native Method)
        at java.util.concurrent.locks.LockSupport.parkNanos(LockSupport.java:215)
        at java.util.concurrent.locks.AbstractQueuedSynchronizer$ConditionObject.awaitNanos(AbstractQueuedSynchronizer.java:2078)
        at java.util.concurrent.ScheduledThreadPoolExecutor$DelayedWorkQueue.take(ScheduledThreadPoolExecutor.java:1093)
        at java.util.concurrent.ScheduledThreadPoolExecutor$DelayedWorkQueue.take(ScheduledThreadPoolExecutor.java:809)
        at java.util.concurrent.ThreadPoolExecutor.getTask(ThreadPoolExecutor.java:1074)
        at java.util.concurrent.ThreadPoolExecutor.runWorker(ThreadPoolExecutor.java:1134)
        at java.util.concurrent.ThreadPoolExecutor$Worker.run(ThreadPoolExecutor.java:624)
        at java.lang.Thread.run(Thread.java:750)
"Periodic HDDS volume checker" daemon prio=5 tid=205 timed_waiting
java.lang.Thread.State: TIMED_WAITING
        at sun.misc.Unsafe.park(Native Method)
        at java.util.concurrent.locks.LockSupport.parkNanos(LockSupport.java:215)
        at java.util.concurrent.locks.AbstractQueuedSynchronizer$ConditionObject.awaitNanos(AbstractQueuedSynchronizer.java:2078)
        at java.util.concurrent.ScheduledThreadPoolExecutor$DelayedWorkQueue.take(ScheduledThreadPoolExecutor.java:1093)
        at java.util.concurrent.ScheduledThreadPoolExecutor$DelayedWorkQueue.take(ScheduledThreadPoolExecutor.java:809)
        at java.util.concurrent.ThreadPoolExecutor.getTask(ThreadPoolExecutor.java:1074)
        at java.util.concurrent.ThreadPoolExecutor.runWorker(ThreadPoolExecutor.java:1134)
        at java.util.concurrent.ThreadPoolExecutor$Worker.run(ThreadPoolExecutor.java:624)
        at java.lang.Thread.run(Thread.java:750)
"IPC Server handler 2 on default port 37049" daemon prio=5 tid=69 timed_waiting
java.lang.Thread.State: TIMED_WAITING
        at sun.misc.Unsafe.park(Native Method)
        at java.util.concurrent.locks.LockSupport.parkNanos(LockSupport.java:215)
        at java.util.concurrent.locks.AbstractQueuedSynchronizer$ConditionObject.awaitNanos(AbstractQueuedSynchronizer.java:2078)
        at java.util.concurrent.LinkedBlockingQueue.poll(LinkedBlockingQueue.java:467)
        at org.apache.hadoop.ipc.CallQueueManager.take(CallQueueManager.java:317)
        at org.apache.hadoop.ipc.Server$Handler.run(Server.java:2942)
"qtp1832656647-330" daemon prio=5 tid=330 timed_waiting
java.lang.Thread.State: TIMED_WAITING
        at sun.misc.Unsafe.park(Native Method)
        at java.util.concurrent.locks.LockSupport.parkNanos(LockSupport.java:215)
        at java.util.concurrent.locks.AbstractQueuedSynchronizer$ConditionObject.awaitNanos(AbstractQueuedSynchronizer.java:2078)
        at org.eclipse.jetty.util.BlockingArrayQueue.poll(BlockingArrayQueue.java:382)
        at org.eclipse.jetty.util.thread.QueuedThreadPool$Runner.idleJobPoll(QueuedThreadPool.java:974)
        at org.eclipse.jetty.util.thread.QueuedThreadPool$Runner.run(QueuedThreadPool.java:1018)
        at java.lang.Thread.run(Thread.java:750)
"Datanode State Machine Task Thread - 1"  prio=5 tid=402 in Object.wait()
java.lang.Thread.State: WAITING (on object monitor)
        at sun.misc.Unsafe.park(Native Method)
        at java.util.concurrent.locks.LockSupport.park(LockSupport.java:175)
        at java.util.concurrent.locks.AbstractQueuedSynchronizer$ConditionObject.await(AbstractQueuedSynchronizer.java:2039)
        at java.util.concurrent.LinkedBlockingQueue.take(LinkedBlockingQueue.java:442)
        at java.util.concurrent.ThreadPoolExecutor.getTask(ThreadPoolExecutor.java:1074)
        at java.util.concurrent.ThreadPoolExecutor.runWorker(ThreadPoolExecutor.java:1134)
        at java.util.concurrent.ThreadPoolExecutor$Worker.run(ThreadPoolExecutor.java:624)
        at java.lang.Thread.run(Thread.java:750)
"IPC Server handler 12 on default port 42039" daemon prio=5 tid=99 timed_waiting
java.lang.Thread.State: TIMED_WAITING
        at sun.misc.Unsafe.park(Native Method)
        at java.util.concurrent.locks.LockSupport.parkNanos(LockSupport.java:215)
        at java.util.concurrent.locks.AbstractQueuedSynchronizer$ConditionObject.awaitNanos(AbstractQueuedSynchronizer.java:2078)
        at java.util.concurrent.LinkedBlockingQueue.poll(LinkedBlockingQueue.java:467)
        at org.apache.hadoop.ipc.CallQueueManager.take(CallQueueManager.java:317)
        at org.apache.hadoop.ipc.Server$Handler.run(Server.java:2942)
"StaleRecoveringContainerScrubbingService#2" daemon prio=5 tid=596 in Object.wait()
java.lang.Thread.State: WAITING (on object monitor)
        at sun.misc.Unsafe.park(Native Method)
        at java.util.concurrent.locks.LockSupport.park(LockSupport.java:175)
        at java.util.concurrent.locks.AbstractQueuedSynchronizer$ConditionObject.await(AbstractQueuedSynchronizer.java:2039)
        at java.util.concurrent.ScheduledThreadPoolExecutor$DelayedWorkQueue.take(ScheduledThreadPoolExecutor.java:1088)
        at java.util.concurrent.ScheduledThreadPoolExecutor$DelayedWorkQueue.take(ScheduledThreadPoolExecutor.java:809)
        at java.util.concurrent.ThreadPoolExecutor.getTask(ThreadPoolExecutor.java:1074)
        at java.util.concurrent.ThreadPoolExecutor.runWorker(ThreadPoolExecutor.java:1134)
        at java.util.concurrent.ThreadPoolExecutor$Worker.run(ThreadPoolExecutor.java:624)
        at java.lang.Thread.run(Thread.java:750)
"qtp616421782-114" daemon prio=5 tid=114 timed_waiting
java.lang.Thread.State: TIMED_WAITING
        at sun.misc.Unsafe.park(Native Method)
        at java.util.concurrent.locks.LockSupport.parkNanos(LockSupport.java:215)
        at java.util.concurrent.locks.AbstractQueuedSynchronizer$ConditionObject.awaitNanos(AbstractQueuedSynchronizer.java:2078)
        at org.eclipse.jetty.util.BlockingArrayQueue.poll(BlockingArrayQueue.java:382)
        at org.eclipse.jetty.util.thread.QueuedThreadPool$Runner.idleJobPoll(QueuedThreadPool.java:974)
        at org.eclipse.jetty.util.thread.QueuedThreadPool$Runner.run(QueuedThreadPool.java:1018)
        at java.lang.Thread.run(Thread.java:750)
"de1dc05a-b420-436e-92e0-be95de2f8d14@group-6F7CAD6E2125-StateMachineUpdater" daemon prio=5 tid=467 timed_waiting
java.lang.Thread.State: TIMED_WAITING
        at sun.misc.Unsafe.park(Native Method)
        at java.util.concurrent.locks.LockSupport.parkNanos(LockSupport.java:215)
        at java.util.concurrent.locks.AbstractQueuedSynchronizer$ConditionObject.await(AbstractQueuedSynchronizer.java:2163)
        at org.apache.ratis.util.AwaitForSignal.await(AwaitForSignal.java:62)
        at org.apache.ratis.server.impl.StateMachineUpdater.waitForCommit(StateMachineUpdater.java:207)
        at org.apache.ratis.server.impl.StateMachineUpdater.run(StateMachineUpdater.java:176)
        at java.lang.Thread.run(Thread.java:750)
"IPC Server handler 3 on default port 34303" daemon prio=5 tid=158 timed_waiting
java.lang.Thread.State: TIMED_WAITING
        at sun.misc.Unsafe.park(Native Method)
        at java.util.concurrent.locks.LockSupport.parkNanos(LockSupport.java:215)
        at java.util.concurrent.locks.AbstractQueuedSynchronizer$ConditionObject.awaitNanos(AbstractQueuedSynchronizer.java:2078)
        at java.util.concurrent.LinkedBlockingQueue.poll(LinkedBlockingQueue.java:467)
        at org.apache.hadoop.ipc.CallQueueManager.take(CallQueueManager.java:317)
        at org.apache.hadoop.ipc.Server$Handler.run(Server.java:2942)
"Datanode ReportManager Thread - 1" daemon prio=5 tid=280 in Object.wait()
java.lang.Thread.State: WAITING (on object monitor)
        at sun.misc.Unsafe.park(Native Method)
        at java.util.concurrent.locks.LockSupport.park(LockSupport.java:175)
        at java.util.concurrent.locks.AbstractQueuedSynchronizer$ConditionObject.await(AbstractQueuedSynchronizer.java:2039)
        at java.util.concurrent.ScheduledThreadPoolExecutor$DelayedWorkQueue.take(ScheduledThreadPoolExecutor.java:1088)
        at java.util.concurrent.ScheduledThreadPoolExecutor$DelayedWorkQueue.take(ScheduledThreadPoolExecutor.java:809)
        at java.util.concurrent.ThreadPoolExecutor.getTask(ThreadPoolExecutor.java:1074)
        at java.util.concurrent.ThreadPoolExecutor.runWorker(ThreadPoolExecutor.java:1134)
        at java.util.concurrent.ThreadPoolExecutor$Worker.run(ThreadPoolExecutor.java:624)
        at java.lang.Thread.run(Thread.java:750)
"om1-client-thread1" daemon prio=5 tid=589 timed_waiting
java.lang.Thread.State: TIMED_WAITING
        at sun.misc.Unsafe.park(Native Method)
        at java.util.concurrent.locks.LockSupport.parkNanos(LockSupport.java:215)
        at java.util.concurrent.SynchronousQueue$TransferStack.awaitFulfill(SynchronousQueue.java:460)
        at java.util.concurrent.SynchronousQueue$TransferStack.transfer(SynchronousQueue.java:362)
        at java.util.concurrent.SynchronousQueue.poll(SynchronousQueue.java:941)
        at java.util.concurrent.ThreadPoolExecutor.getTask(ThreadPoolExecutor.java:1073)
        at java.util.concurrent.ThreadPoolExecutor.runWorker(ThreadPoolExecutor.java:1134)
        at java.util.concurrent.ThreadPoolExecutor$Worker.run(ThreadPoolExecutor.java:624)
        at java.lang.Thread.run(Thread.java:750)
"IPC Server handler 14 on default port 34303" daemon prio=5 tid=169 timed_waiting
java.lang.Thread.State: TIMED_WAITING
        at sun.misc.Unsafe.park(Native Method)
        at java.util.concurrent.locks.LockSupport.parkNanos(LockSupport.java:215)
        at java.util.concurrent.locks.AbstractQueuedSynchronizer$ConditionObject.awaitNanos(AbstractQueuedSynchronizer.java:2078)
        at java.util.concurrent.LinkedBlockingQueue.poll(LinkedBlockingQueue.java:467)
        at org.apache.hadoop.ipc.CallQueueManager.take(CallQueueManager.java:317)
        at org.apache.hadoop.ipc.Server$Handler.run(Server.java:2942)
"pool-71-thread-1"  prio=5 tid=423 in Object.wait()
java.lang.Thread.State: WAITING (on object monitor)
        at sun.misc.Unsafe.park(Native Method)
        at java.util.concurrent.locks.LockSupport.park(LockSupport.java:175)
        at java.util.concurrent.locks.AbstractQueuedSynchronizer$ConditionObject.await(AbstractQueuedSynchronizer.java:2039)
        at java.util.concurrent.LinkedBlockingQueue.take(LinkedBlockingQueue.java:442)
        at java.util.concurrent.ThreadPoolExecutor.getTask(ThreadPoolExecutor.java:1074)
        at java.util.concurrent.ThreadPoolExecutor.runWorker(ThreadPoolExecutor.java:1134)
        at java.util.concurrent.ThreadPoolExecutor$Worker.run(ThreadPoolExecutor.java:624)
        at java.lang.Thread.run(Thread.java:750)
"IPC Server idle connection scanner for port 34303" daemon prio=5 tid=133 timed_waiting
java.lang.Thread.State: TIMED_WAITING
        at java.lang.Object.wait(Native Method)
        at java.util.TimerThread.mainLoop(Timer.java:552)
        at java.util.TimerThread.run(Timer.java:505)
"IPC Server handler 13 on default port 37049" daemon prio=5 tid=80 timed_waiting
java.lang.Thread.State: TIMED_WAITING
        at sun.misc.Unsafe.park(Native Method)
        at java.util.concurrent.locks.LockSupport.parkNanos(LockSupport.java:215)
        at java.util.concurrent.locks.AbstractQueuedSynchronizer$ConditionObject.awaitNanos(AbstractQueuedSynchronizer.java:2078)
        at java.util.concurrent.LinkedBlockingQueue.poll(LinkedBlockingQueue.java:467)
        at org.apache.hadoop.ipc.CallQueueManager.take(CallQueueManager.java:317)
        at org.apache.hadoop.ipc.Server$Handler.run(Server.java:2942)
"StaleRecoveringContainerScrubbingService#0" daemon prio=5 tid=387 in Object.wait()
java.lang.Thread.State: WAITING (on object monitor)
        at sun.misc.Unsafe.park(Native Method)
        at java.util.concurrent.locks.LockSupport.park(LockSupport.java:175)
        at java.util.concurrent.locks.AbstractQueuedSynchronizer$ConditionObject.await(AbstractQueuedSynchronizer.java:2039)
        at java.util.concurrent.ScheduledThreadPoolExecutor$DelayedWorkQueue.take(ScheduledThreadPoolExecutor.java:1088)
        at java.util.concurrent.ScheduledThreadPoolExecutor$DelayedWorkQueue.take(ScheduledThreadPoolExecutor.java:809)
        at java.util.concurrent.ThreadPoolExecutor.getTask(ThreadPoolExecutor.java:1074)
        at java.util.concurrent.ThreadPoolExecutor.runWorker(ThreadPoolExecutor.java:1134)
        at java.util.concurrent.ThreadPoolExecutor$Worker.run(ThreadPoolExecutor.java:624)
        at java.lang.Thread.run(Thread.java:750)
"ReplicationMonitor" daemon prio=5 tid=19 timed_waiting
java.lang.Thread.State: TIMED_WAITING
        at java.lang.Object.wait(Native Method)
        at org.apache.hadoop.hdds.scm.container.replication.ReplicationManager.run(ReplicationManager.java:662)
        at org.apache.hadoop.hdds.scm.container.replication.ReplicationManager$$Lambda$402/1366832221.run(Unknown Source)
        at java.lang.Thread.run(Thread.java:750)
"BlockDeletingService#1" daemon prio=5 tid=412 timed_waiting
java.lang.Thread.State: TIMED_WAITING
        at sun.misc.Unsafe.park(Native Method)
        at java.util.concurrent.locks.LockSupport.parkNanos(LockSupport.java:215)
        at java.util.concurrent.locks.AbstractQueuedSynchronizer$ConditionObject.awaitNanos(AbstractQueuedSynchronizer.java:2078)
        at java.util.concurrent.ScheduledThreadPoolExecutor$DelayedWorkQueue.take(ScheduledThreadPoolExecutor.java:1093)
        at java.util.concurrent.ScheduledThreadPoolExecutor$DelayedWorkQueue.take(ScheduledThreadPoolExecutor.java:809)
        at java.util.concurrent.ThreadPoolExecutor.getTask(ThreadPoolExecutor.java:1074)
        at java.util.concurrent.ThreadPoolExecutor.runWorker(ThreadPoolExecutor.java:1134)
        at java.util.concurrent.ThreadPoolExecutor$Worker.run(ThreadPoolExecutor.java:624)
        at java.lang.Thread.run(Thread.java:750)
"pool-133-thread-1" daemon prio=5 tid=263 timed_waiting
java.lang.Thread.State: TIMED_WAITING
        at sun.misc.Unsafe.park(Native Method)
        at java.util.concurrent.locks.LockSupport.parkNanos(LockSupport.java:215)
        at java.util.concurrent.locks.AbstractQueuedSynchronizer$ConditionObject.awaitNanos(AbstractQueuedSynchronizer.java:2078)
        at java.util.concurrent.ScheduledThreadPoolExecutor$DelayedWorkQueue.take(ScheduledThreadPoolExecutor.java:1093)
        at java.util.concurrent.ScheduledThreadPoolExecutor$DelayedWorkQueue.take(ScheduledThreadPoolExecutor.java:809)
        at java.util.concurrent.ThreadPoolExecutor.getTask(ThreadPoolExecutor.java:1074)
        at java.util.concurrent.ThreadPoolExecutor.runWorker(ThreadPoolExecutor.java:1134)
        at java.util.concurrent.ThreadPoolExecutor$Worker.run(ThreadPoolExecutor.java:624)
        at java.lang.Thread.run(Thread.java:750)
"RatisPipelineUtilsThread - 0"  prio=5 tid=16 timed_waiting
java.lang.Thread.State: TIMED_WAITING
        at java.lang.Object.wait(Native Method)
        at org.apache.hadoop.hdds.scm.pipeline.BackgroundPipelineCreator.run(BackgroundPipelineCreator.java:176)
        at org.apache.hadoop.hdds.scm.pipeline.BackgroundPipelineCreator$$Lambda$392/910572297.run(Unknown Source)
        at java.lang.Thread.run(Thread.java:750)
"EndpointStateMachine task thread for /0.0.0.0:42039 - 0 "  prio=5 tid=342 in Object.wait()
java.lang.Thread.State: WAITING (on object monitor)
        at sun.misc.Unsafe.park(Native Method)
        at java.util.concurrent.locks.LockSupport.park(LockSupport.java:175)
        at java.util.concurrent.locks.AbstractQueuedSynchronizer$ConditionObject.await(AbstractQueuedSynchronizer.java:2039)
        at java.util.concurrent.LinkedBlockingQueue.take(LinkedBlockingQueue.java:442)
        at java.util.concurrent.ThreadPoolExecutor.getTask(ThreadPoolExecutor.java:1074)
        at java.util.concurrent.ThreadPoolExecutor.runWorker(ThreadPoolExecutor.java:1134)
        at java.util.concurrent.ThreadPoolExecutor$Worker.run(ThreadPoolExecutor.java:624)
        at java.lang.Thread.run(Thread.java:750)
"IPC Server handler 5 on default port 43507" daemon prio=5 tid=52 timed_waiting
java.lang.Thread.State: TIMED_WAITING
        at sun.misc.Unsafe.park(Native Method)
        at java.util.concurrent.locks.LockSupport.parkNanos(LockSupport.java:215)
        at java.util.concurrent.locks.AbstractQueuedSynchronizer$ConditionObject.awaitNanos(AbstractQueuedSynchronizer.java:2078)
        at java.util.concurrent.LinkedBlockingQueue.poll(LinkedBlockingQueue.java:467)
        at org.apache.hadoop.ipc.CallQueueManager.take(CallQueueManager.java:317)
        at org.apache.hadoop.ipc.Server$Handler.run(Server.java:2942)
"ChunkWriter-1-0" daemon prio=5 tid=405 in Object.wait()
java.lang.Thread.State: WAITING (on object monitor)
        at sun.misc.Unsafe.park(Native Method)
        at java.util.concurrent.locks.LockSupport.park(LockSupport.java:175)
        at java.util.concurrent.locks.AbstractQueuedSynchronizer$ConditionObject.await(AbstractQueuedSynchronizer.java:2039)
        at java.util.concurrent.LinkedBlockingDeque.takeFirst(LinkedBlockingDeque.java:492)
        at java.util.concurrent.LinkedBlockingDeque.take(LinkedBlockingDeque.java:680)
        at java.util.concurrent.ThreadPoolExecutor.getTask(ThreadPoolExecutor.java:1074)
        at java.util.concurrent.ThreadPoolExecutor.runWorker(ThreadPoolExecutor.java:1134)
        at java.util.concurrent.ThreadPoolExecutor$Worker.run(ThreadPoolExecutor.java:624)
        at java.lang.Thread.run(Thread.java:750)
"9684d5c9-574d-4083-afb3-2b5a0b78eb45@group-225BCC242D8D-StateMachineUpdater" daemon prio=5 tid=430 timed_waiting
java.lang.Thread.State: TIMED_WAITING
        at sun.misc.Unsafe.park(Native Method)
        at java.util.concurrent.locks.LockSupport.parkNanos(LockSupport.java:215)
        at java.util.concurrent.locks.AbstractQueuedSynchronizer$ConditionObject.await(AbstractQueuedSynchronizer.java:2163)
        at org.apache.ratis.util.AwaitForSignal.await(AwaitForSignal.java:62)
        at org.apache.ratis.server.impl.StateMachineUpdater.waitForCommit(StateMachineUpdater.java:207)
        at org.apache.ratis.server.impl.StateMachineUpdater.run(StateMachineUpdater.java:176)
        at java.lang.Thread.run(Thread.java:750)
"IPC Server handler 15 on default port 34303" daemon prio=5 tid=170 timed_waiting
java.lang.Thread.State: TIMED_WAITING
        at sun.misc.Unsafe.park(Native Method)
        at java.util.concurrent.locks.LockSupport.parkNanos(LockSupport.java:215)
        at java.util.concurrent.locks.AbstractQueuedSynchronizer$ConditionObject.awaitNanos(AbstractQueuedSynchronizer.java:2078)
        at java.util.concurrent.LinkedBlockingQueue.poll(LinkedBlockingQueue.java:467)
        at org.apache.hadoop.ipc.CallQueueManager.take(CallQueueManager.java:317)
        at org.apache.hadoop.ipc.Server$Handler.run(Server.java:2942)
"org.apache.hadoop.util.JvmPauseMonitor$Monitor@50037fa7" daemon prio=5 tid=231 timed_waiting
java.lang.Thread.State: TIMED_WAITING
        at java.lang.Thread.sleep(Native Method)
        at org.apache.hadoop.util.JvmPauseMonitor$Monitor.run(JvmPauseMonitor.java:192)
        at java.lang.Thread.run(Thread.java:750)
"qtp1846922173-146" daemon prio=5 tid=146 runnable
java.lang.Thread.State: RUNNABLE
        at sun.nio.ch.EPollArrayWrapper.epollWait(Native Method)
        at sun.nio.ch.EPollArrayWrapper.poll(EPollArrayWrapper.java:269)
        at sun.nio.ch.EPollSelectorImpl.doSelect(EPollSelectorImpl.java:93)
        at sun.nio.ch.SelectorImpl.lockAndDoSelect(SelectorImpl.java:86)
        at sun.nio.ch.SelectorImpl.select(SelectorImpl.java:97)
        at sun.nio.ch.SelectorImpl.select(SelectorImpl.java:101)
        at org.eclipse.jetty.io.ManagedSelector.nioSelect(ManagedSelector.java:183)
        at org.eclipse.jetty.io.ManagedSelector.select(ManagedSelector.java:190)
        at org.eclipse.jetty.io.ManagedSelector$SelectorProducer.select(ManagedSelector.java:606)
        at org.eclipse.jetty.io.ManagedSelector$SelectorProducer.produce(ManagedSelector.java:543)
        at org.eclipse.jetty.util.thread.strategy.EatWhatYouKill.produceTask(EatWhatYouKill.java:362)
        at org.eclipse.jetty.util.thread.strategy.EatWhatYouKill.doProduce(EatWhatYouKill.java:186)
        at org.eclipse.jetty.util.thread.strategy.EatWhatYouKill.tryProduce(EatWhatYouKill.java:173)
        at org.eclipse.jetty.util.thread.strategy.EatWhatYouKill.produce(EatWhatYouKill.java:137)
        at org.eclipse.jetty.io.ManagedSelector$$Lambda$468/1286968216.run(Unknown Source)
        at org.eclipse.jetty.util.thread.QueuedThreadPool.runJob(QueuedThreadPool.java:883)
        at org.eclipse.jetty.util.thread.QueuedThreadPool$Runner.run(QueuedThreadPool.java:1034)
        at java.lang.Thread.run(Thread.java:750)
"IPC Server handler 3 on default port 42039" daemon prio=5 tid=90 timed_waiting
java.lang.Thread.State: TIMED_WAITING
        at sun.misc.Unsafe.park(Native Method)
        at java.util.concurrent.locks.LockSupport.parkNanos(LockSupport.java:215)
        at java.util.concurrent.locks.AbstractQueuedSynchronizer$ConditionObject.awaitNanos(AbstractQueuedSynchronizer.java:2078)
        at java.util.concurrent.LinkedBlockingQueue.poll(LinkedBlockingQueue.java:467)
        at org.apache.hadoop.ipc.CallQueueManager.take(CallQueueManager.java:317)
        at org.apache.hadoop.ipc.Server$Handler.run(Server.java:2942)
"timer2" daemon prio=5 tid=528 timed_waiting
java.lang.Thread.State: TIMED_WAITING
        at java.lang.Object.wait(Native Method)
        at java.util.TimerThread.mainLoop(Timer.java:552)
        at java.util.TimerThread.run(Timer.java:505)
"qtp616421782-117" daemon prio=5 tid=117 timed_waiting
java.lang.Thread.State: TIMED_WAITING
        at sun.misc.Unsafe.park(Native Method)
        at java.util.concurrent.locks.LockSupport.parkNanos(LockSupport.java:215)
        at java.util.concurrent.locks.AbstractQueuedSynchronizer$ConditionObject.awaitNanos(AbstractQueuedSynchronizer.java:2078)
        at org.eclipse.jetty.util.BlockingArrayQueue.poll(BlockingArrayQueue.java:382)
        at org.eclipse.jetty.util.thread.QueuedThreadPool$Runner.idleJobPoll(QueuedThreadPool.java:974)
        at org.eclipse.jetty.util.thread.QueuedThreadPool$Runner.run(QueuedThreadPool.java:1018)
        at java.lang.Thread.run(Thread.java:750)
"pool-94-thread-1"  prio=5 tid=434 in Object.wait()
java.lang.Thread.State: WAITING (on object monitor)
        at sun.misc.Unsafe.park(Native Method)
        at java.util.concurrent.locks.LockSupport.park(LockSupport.java:175)
        at java.util.concurrent.locks.AbstractQueuedSynchronizer$ConditionObject.await(AbstractQueuedSynchronizer.java:2039)
        at java.util.concurrent.LinkedBlockingQueue.take(LinkedBlockingQueue.java:442)
        at java.util.concurrent.ThreadPoolExecutor.getTask(ThreadPoolExecutor.java:1074)
        at java.util.concurrent.ThreadPoolExecutor.runWorker(ThreadPoolExecutor.java:1134)
        at java.util.concurrent.ThreadPoolExecutor$Worker.run(ThreadPoolExecutor.java:624)
        at java.lang.Thread.run(Thread.java:750)
"9684d5c9-574d-4083-afb3-2b5a0b78eb45-NettyServerStreamRpc-bossGroup--thread1"  prio=5 tid=182 runnable
java.lang.Thread.State: RUNNABLE
        at sun.nio.ch.EPollArrayWrapper.epollWait(Native Method)
        at sun.nio.ch.EPollArrayWrapper.poll(EPollArrayWrapper.java:269)
        at sun.nio.ch.EPollSelectorImpl.doSelect(EPollSelectorImpl.java:93)
        at sun.nio.ch.SelectorImpl.lockAndDoSelect(SelectorImpl.java:86)
        at sun.nio.ch.SelectorImpl.select(SelectorImpl.java:97)
        at sun.nio.ch.SelectorImpl.select(SelectorImpl.java:101)
        at org.apache.ratis.thirdparty.io.netty.channel.nio.SelectedSelectionKeySetSelector.select(SelectedSelectionKeySetSelector.java:68)
        at org.apache.ratis.thirdparty.io.netty.channel.nio.NioEventLoop.select(NioEventLoop.java:813)
        at org.apache.ratis.thirdparty.io.netty.channel.nio.NioEventLoop.run(NioEventLoop.java:460)
        at org.apache.ratis.thirdparty.io.netty.util.concurrent.SingleThreadEventExecutor$4.run(SingleThreadEventExecutor.java:995)
        at org.apache.ratis.thirdparty.io.netty.util.internal.ThreadExecutorMap$2.run(ThreadExecutorMap.java:74)
        at java.lang.Thread.run(Thread.java:750)
"IPC Server idle connection scanner for port 42039" daemon prio=5 tid=26 timed_waiting
java.lang.Thread.State: TIMED_WAITING
        at java.lang.Object.wait(Native Method)
        at java.util.TimerThread.mainLoop(Timer.java:552)
        at java.util.TimerThread.run(Timer.java:505)
"IPC Server handler 15 on default port 42039" daemon prio=5 tid=102 timed_waiting
java.lang.Thread.State: TIMED_WAITING
        at sun.misc.Unsafe.park(Native Method)
        at java.util.concurrent.locks.LockSupport.parkNanos(LockSupport.java:215)
        at java.util.concurrent.locks.AbstractQueuedSynchronizer$ConditionObject.awaitNanos(AbstractQueuedSynchronizer.java:2078)
        at java.util.concurrent.LinkedBlockingQueue.poll(LinkedBlockingQueue.java:467)
        at org.apache.hadoop.ipc.CallQueueManager.take(CallQueueManager.java:317)
        at org.apache.hadoop.ipc.Server$Handler.run(Server.java:2942)
"IPC Server handler 13 on default port 43507" daemon prio=5 tid=60 timed_waiting
java.lang.Thread.State: TIMED_WAITING
        at sun.misc.Unsafe.park(Native Method)
        at java.util.concurrent.locks.LockSupport.parkNanos(LockSupport.java:215)
        at java.util.concurrent.locks.AbstractQueuedSynchronizer$ConditionObject.awaitNanos(AbstractQueuedSynchronizer.java:2078)
        at java.util.concurrent.LinkedBlockingQueue.poll(LinkedBlockingQueue.java:467)
        at org.apache.hadoop.ipc.CallQueueManager.take(CallQueueManager.java:317)
        at org.apache.hadoop.ipc.Server$Handler.run(Server.java:2942)
"FixedThreadPoolWithAffinityExecutor-2-0" daemon prio=5 tid=38 timed_waiting
java.lang.Thread.State: TIMED_WAITING
        at sun.misc.Unsafe.park(Native Method)
        at java.util.concurrent.locks.LockSupport.parkNanos(LockSupport.java:215)
        at java.util.concurrent.locks.AbstractQueuedSynchronizer$ConditionObject.awaitNanos(AbstractQueuedSynchronizer.java:2078)
        at java.util.concurrent.LinkedBlockingQueue.poll(LinkedBlockingQueue.java:467)
        at org.apache.hadoop.hdds.scm.server.ContainerReportQueue.poll(ContainerReportQueue.java:266)
        at org.apache.hadoop.hdds.scm.server.ContainerReportQueue.poll(ContainerReportQueue.java:42)
        at org.apache.hadoop.hdds.server.events.FixedThreadPoolWithAffinityExecutor$ContainerReportProcessTask.run(FixedThreadPoolWithAffinityExecutor.java:247)
        at java.util.concurrent.Executors$RunnableAdapter.call(Executors.java:511)
        at java.util.concurrent.FutureTask.run(FutureTask.java:266)
        at java.util.concurrent.ThreadPoolExecutor.runWorker(ThreadPoolExecutor.java:1149)
        at java.util.concurrent.ThreadPoolExecutor$Worker.run(ThreadPoolExecutor.java:624)
        at java.lang.Thread.run(Thread.java:750)
"ChunkWriter-1-0" daemon prio=5 tid=345 in Object.wait()
java.lang.Thread.State: WAITING (on object monitor)
        at sun.misc.Unsafe.park(Native Method)
        at java.util.concurrent.locks.LockSupport.park(LockSupport.java:175)
        at java.util.concurrent.locks.AbstractQueuedSynchronizer$ConditionObject.await(AbstractQueuedSynchronizer.java:2039)
        at java.util.concurrent.LinkedBlockingDeque.takeFirst(LinkedBlockingDeque.java:492)
        at java.util.concurrent.LinkedBlockingDeque.take(LinkedBlockingDeque.java:680)
        at java.util.concurrent.ThreadPoolExecutor.getTask(ThreadPoolExecutor.java:1074)
        at java.util.concurrent.ThreadPoolExecutor.runWorker(ThreadPoolExecutor.java:1134)
        at java.util.concurrent.ThreadPoolExecutor$Worker.run(ThreadPoolExecutor.java:624)
        at java.lang.Thread.run(Thread.java:750)
"IPC Server handler 15 on default port 37049" daemon prio=5 tid=82 timed_waiting
java.lang.Thread.State: TIMED_WAITING
        at sun.misc.Unsafe.park(Native Method)
        at java.util.concurrent.locks.LockSupport.parkNanos(LockSupport.java:215)
        at java.util.concurrent.locks.AbstractQueuedSynchronizer$ConditionObject.awaitNanos(AbstractQueuedSynchronizer.java:2078)
        at java.util.concurrent.LinkedBlockingQueue.poll(LinkedBlockingQueue.java:467)
        at org.apache.hadoop.ipc.CallQueueManager.take(CallQueueManager.java:317)
        at org.apache.hadoop.ipc.Server$Handler.run(Server.java:2942)
"qtp1832656647-329" daemon prio=5 tid=329 timed_waiting
java.lang.Thread.State: TIMED_WAITING
        at sun.misc.Unsafe.park(Native Method)
        at java.util.concurrent.locks.LockSupport.parkNanos(LockSupport.java:215)
        at java.util.concurrent.locks.AbstractQueuedSynchronizer$ConditionObject.awaitNanos(AbstractQueuedSynchronizer.java:2078)
        at org.eclipse.jetty.util.BlockingArrayQueue.poll(BlockingArrayQueue.java:382)
        at org.eclipse.jetty.util.thread.QueuedThreadPool$Runner.idleJobPoll(QueuedThreadPool.java:974)
        at org.eclipse.jetty.util.thread.QueuedThreadPool$Runner.run(QueuedThreadPool.java:1018)
        at java.lang.Thread.run(Thread.java:750)
"ChunkWriter-0-0" daemon prio=5 tid=344 in Object.wait()
java.lang.Thread.State: WAITING (on object monitor)
        at sun.misc.Unsafe.park(Native Method)
        at java.util.concurrent.locks.LockSupport.park(LockSupport.java:175)
        at java.util.concurrent.locks.AbstractQueuedSynchronizer$ConditionObject.await(AbstractQueuedSynchronizer.java:2039)
        at java.util.concurrent.LinkedBlockingDeque.takeFirst(LinkedBlockingDeque.java:492)
        at java.util.concurrent.LinkedBlockingDeque.take(LinkedBlockingDeque.java:680)
        at java.util.concurrent.ThreadPoolExecutor.getTask(ThreadPoolExecutor.java:1074)
        at java.util.concurrent.ThreadPoolExecutor.runWorker(ThreadPoolExecutor.java:1134)
        at java.util.concurrent.ThreadPoolExecutor$Worker.run(ThreadPoolExecutor.java:624)
        at java.lang.Thread.run(Thread.java:750)
"482fd31e-156c-418e-9aed-e6d52525a62a@group-225BCC242D8D-SegmentedRaftLogWorker"  prio=5 tid=438 timed_waiting
java.lang.Thread.State: TIMED_WAITING
        at sun.misc.Unsafe.park(Native Method)
        at java.util.concurrent.locks.LockSupport.parkNanos(LockSupport.java:215)
        at java.util.concurrent.locks.AbstractQueuedSynchronizer$ConditionObject.awaitNanos(AbstractQueuedSynchronizer.java:2078)
        at org.apache.ratis.util.DataBlockingQueue.poll(DataBlockingQueue.java:148)
        at org.apache.ratis.server.raftlog.segmented.SegmentedRaftLogWorker.run(SegmentedRaftLogWorker.java:312)
        at org.apache.ratis.server.raftlog.segmented.SegmentedRaftLogWorker$$Lambda$708/579279345.run(Unknown Source)
        at java.lang.Thread.run(Thread.java:750)
"BlockDeletingService#2" daemon prio=5 tid=602 in Object.wait()
java.lang.Thread.State: WAITING (on object monitor)
        at sun.misc.Unsafe.park(Native Method)
        at java.util.concurrent.locks.LockSupport.park(LockSupport.java:175)
        at java.util.concurrent.locks.AbstractQueuedSynchronizer$ConditionObject.await(AbstractQueuedSynchronizer.java:2039)
        at java.util.concurrent.ScheduledThreadPoolExecutor$DelayedWorkQueue.take(ScheduledThreadPoolExecutor.java:1088)
        at java.util.concurrent.ScheduledThreadPoolExecutor$DelayedWorkQueue.take(ScheduledThreadPoolExecutor.java:809)
        at java.util.concurrent.ThreadPoolExecutor.getTask(ThreadPoolExecutor.java:1074)
        at java.util.concurrent.ThreadPoolExecutor.runWorker(ThreadPoolExecutor.java:1134)
        at java.util.concurrent.ThreadPoolExecutor$Worker.run(ThreadPoolExecutor.java:624)
        at java.lang.Thread.run(Thread.java:750)
"Datanode State Machine Task Thread - 0"  prio=5 tid=313 in Object.wait()
java.lang.Thread.State: WAITING (on object monitor)
        at sun.misc.Unsafe.park(Native Method)
        at java.util.concurrent.locks.LockSupport.park(LockSupport.java:175)
        at java.util.concurrent.locks.AbstractQueuedSynchronizer$ConditionObject.await(AbstractQueuedSynchronizer.java:2039)
        at java.util.concurrent.LinkedBlockingQueue.take(LinkedBlockingQueue.java:442)
        at java.util.concurrent.ThreadPoolExecutor.getTask(ThreadPoolExecutor.java:1074)
        at java.util.concurrent.ThreadPoolExecutor.runWorker(ThreadPoolExecutor.java:1134)
        at java.util.concurrent.ThreadPoolExecutor$Worker.run(ThreadPoolExecutor.java:624)
        at java.lang.Thread.run(Thread.java:750)
"qtp1846922173-150" daemon prio=5 tid=150 timed_waiting
java.lang.Thread.State: TIMED_WAITING
        at sun.misc.Unsafe.park(Native Method)
        at java.util.concurrent.locks.LockSupport.parkNanos(LockSupport.java:215)
        at java.util.concurrent.locks.AbstractQueuedSynchronizer$ConditionObject.awaitNanos(AbstractQueuedSynchronizer.java:2078)
        at org.eclipse.jetty.util.BlockingArrayQueue.poll(BlockingArrayQueue.java:382)
        at org.eclipse.jetty.util.thread.QueuedThreadPool$Runner.idleJobPoll(QueuedThreadPool.java:974)
        at org.eclipse.jetty.util.thread.QueuedThreadPool$Runner.run(QueuedThreadPool.java:1018)
        at java.lang.Thread.run(Thread.java:750)
"qtp616421782-116" daemon prio=5 tid=116 timed_waiting
java.lang.Thread.State: TIMED_WAITING
        at sun.misc.Unsafe.park(Native Method)
        at java.util.concurrent.locks.LockSupport.parkNanos(LockSupport.java:215)
        at java.util.concurrent.locks.AbstractQueuedSynchronizer$ConditionObject.awaitNanos(AbstractQueuedSynchronizer.java:2078)
        at org.eclipse.jetty.util.BlockingArrayQueue.poll(BlockingArrayQueue.java:382)
        at org.eclipse.jetty.util.thread.QueuedThreadPool$Runner.idleJobPoll(QueuedThreadPool.java:974)
        at org.eclipse.jetty.util.thread.QueuedThreadPool$Runner.run(QueuedThreadPool.java:1018)
        at java.lang.Thread.run(Thread.java:750)
"Datanode State Machine Task Thread - 1"  prio=5 tid=366 in Object.wait()
java.lang.Thread.State: WAITING (on object monitor)
        at sun.misc.Unsafe.park(Native Method)
        at java.util.concurrent.locks.LockSupport.park(LockSupport.java:175)
        at java.util.concurrent.locks.AbstractQueuedSynchronizer$ConditionObject.await(AbstractQueuedSynchronizer.java:2039)
        at java.util.concurrent.LinkedBlockingQueue.take(LinkedBlockingQueue.java:442)
        at java.util.concurrent.ThreadPoolExecutor.getTask(ThreadPoolExecutor.java:1074)
        at java.util.concurrent.ThreadPoolExecutor.runWorker(ThreadPoolExecutor.java:1134)
        at java.util.concurrent.ThreadPoolExecutor$Worker.run(ThreadPoolExecutor.java:624)
        at java.lang.Thread.run(Thread.java:750)
"cf55343f-a051-44b0-a85c-65c9cdfe5b3e@group-0D490B3C9A7C-SegmentedRaftLogWorker"  prio=5 tid=453 timed_waiting
java.lang.Thread.State: TIMED_WAITING
        at sun.misc.Unsafe.park(Native Method)
        at java.util.concurrent.locks.LockSupport.parkNanos(LockSupport.java:215)
        at java.util.concurrent.locks.AbstractQueuedSynchronizer$ConditionObject.awaitNanos(AbstractQueuedSynchronizer.java:2078)
        at org.apache.ratis.util.DataBlockingQueue.poll(DataBlockingQueue.java:148)
        at org.apache.ratis.server.raftlog.segmented.SegmentedRaftLogWorker.run(SegmentedRaftLogWorker.java:312)
        at org.apache.ratis.server.raftlog.segmented.SegmentedRaftLogWorker$$Lambda$708/579279345.run(Unknown Source)
        at java.lang.Thread.run(Thread.java:750)
"StaleRecoveringContainerScrubbingService#1" daemon prio=5 tid=352 timed_waiting
java.lang.Thread.State: TIMED_WAITING
        at sun.misc.Unsafe.park(Native Method)
        at java.util.concurrent.locks.LockSupport.parkNanos(LockSupport.java:215)
        at java.util.concurrent.locks.AbstractQueuedSynchronizer$ConditionObject.awaitNanos(AbstractQueuedSynchronizer.java:2078)
        at java.util.concurrent.ScheduledThreadPoolExecutor$DelayedWorkQueue.take(ScheduledThreadPoolExecutor.java:1093)
        at java.util.concurrent.ScheduledThreadPoolExecutor$DelayedWorkQueue.take(ScheduledThreadPoolExecutor.java:809)
        at java.util.concurrent.ThreadPoolExecutor.getTask(ThreadPoolExecutor.java:1074)
        at java.util.concurrent.ThreadPoolExecutor.runWorker(ThreadPoolExecutor.java:1134)
        at java.util.concurrent.ThreadPoolExecutor$Worker.run(ThreadPoolExecutor.java:624)
        at java.lang.Thread.run(Thread.java:750)
"IPC Server handler 12 on default port 37049" daemon prio=5 tid=79 timed_waiting
java.lang.Thread.State: TIMED_WAITING
        at sun.misc.Unsafe.park(Native Method)
        at java.util.concurrent.locks.LockSupport.parkNanos(LockSupport.java:215)
        at java.util.concurrent.locks.AbstractQueuedSynchronizer$ConditionObject.awaitNanos(AbstractQueuedSynchronizer.java:2078)
        at java.util.concurrent.LinkedBlockingQueue.poll(LinkedBlockingQueue.java:467)
        at org.apache.hadoop.ipc.CallQueueManager.take(CallQueueManager.java:317)
        at org.apache.hadoop.ipc.Server$Handler.run(Server.java:2942)
"qtp1347332959-300" daemon prio=5 tid=300 timed_waiting
java.lang.Thread.State: TIMED_WAITING
        at sun.misc.Unsafe.park(Native Method)
        at java.util.concurrent.locks.LockSupport.parkNanos(LockSupport.java:215)
        at java.util.concurrent.locks.AbstractQueuedSynchronizer$ConditionObject.awaitNanos(AbstractQueuedSynchronizer.java:2078)
        at org.eclipse.jetty.util.BlockingArrayQueue.poll(BlockingArrayQueue.java:382)
        at org.eclipse.jetty.util.thread.QueuedThreadPool$Runner.idleJobPoll(QueuedThreadPool.java:974)
        at org.eclipse.jetty.util.thread.QueuedThreadPool$Runner.run(QueuedThreadPool.java:1018)
        at java.lang.Thread.run(Thread.java:750)
"Datanode ReportManager Thread - 2" daemon prio=5 tid=254 in Object.wait()
java.lang.Thread.State: WAITING (on object monitor)
        at sun.misc.Unsafe.park(Native Method)
        at java.util.concurrent.locks.LockSupport.park(LockSupport.java:175)
        at java.util.concurrent.locks.AbstractQueuedSynchronizer$ConditionObject.await(AbstractQueuedSynchronizer.java:2039)
        at java.util.concurrent.ScheduledThreadPoolExecutor$DelayedWorkQueue.take(ScheduledThreadPoolExecutor.java:1088)
        at java.util.concurrent.ScheduledThreadPoolExecutor$DelayedWorkQueue.take(ScheduledThreadPoolExecutor.java:809)
        at java.util.concurrent.ThreadPoolExecutor.getTask(ThreadPoolExecutor.java:1074)
        at java.util.concurrent.ThreadPoolExecutor.runWorker(ThreadPoolExecutor.java:1134)
        at java.util.concurrent.ThreadPoolExecutor$Worker.run(ThreadPoolExecutor.java:624)
        at java.lang.Thread.run(Thread.java:750)
"Session-HouseKeeper-7895ca84-1"  prio=5 tid=277 timed_waiting
java.lang.Thread.State: TIMED_WAITING
        at sun.misc.Unsafe.park(Native Method)
        at java.util.concurrent.locks.LockSupport.parkNanos(LockSupport.java:215)
        at java.util.concurrent.locks.AbstractQueuedSynchronizer$ConditionObject.awaitNanos(AbstractQueuedSynchronizer.java:2078)
        at java.util.concurrent.ScheduledThreadPoolExecutor$DelayedWorkQueue.take(ScheduledThreadPoolExecutor.java:1093)
        at java.util.concurrent.ScheduledThreadPoolExecutor$DelayedWorkQueue.take(ScheduledThreadPoolExecutor.java:809)
        at java.util.concurrent.ThreadPoolExecutor.getTask(ThreadPoolExecutor.java:1074)
        at java.util.concurrent.ThreadPoolExecutor.runWorker(ThreadPoolExecutor.java:1134)
        at java.util.concurrent.ThreadPoolExecutor$Worker.run(ThreadPoolExecutor.java:624)
        at java.lang.Thread.run(Thread.java:750)
"Socket Reader #1 for port 0"  prio=5 tid=29 runnable
java.lang.Thread.State: RUNNABLE
        at sun.nio.ch.EPollArrayWrapper.epollWait(Native Method)
        at sun.nio.ch.EPollArrayWrapper.poll(EPollArrayWrapper.java:269)
        at sun.nio.ch.EPollSelectorImpl.doSelect(EPollSelectorImpl.java:93)
        at sun.nio.ch.SelectorImpl.lockAndDoSelect(SelectorImpl.java:86)
        at sun.nio.ch.SelectorImpl.select(SelectorImpl.java:97)
        at sun.nio.ch.SelectorImpl.select(SelectorImpl.java:101)
        at org.apache.hadoop.ipc.Server$Listener$Reader.doRunLoop(Server.java:1296)
        at org.apache.hadoop.ipc.Server$Listener$Reader.run(Server.java:1275)
"qtp1347332959-302" daemon prio=5 tid=302 timed_waiting
java.lang.Thread.State: TIMED_WAITING
        at sun.misc.Unsafe.park(Native Method)
        at java.util.concurrent.locks.LockSupport.parkNanos(LockSupport.java:215)
        at java.util.concurrent.locks.AbstractQueuedSynchronizer$ConditionObject.awaitNanos(AbstractQueuedSynchronizer.java:2078)
        at org.eclipse.jetty.util.BlockingArrayQueue.poll(BlockingArrayQueue.java:382)
        at org.eclipse.jetty.util.thread.QueuedThreadPool$Runner.idleJobPoll(QueuedThreadPool.java:974)
        at org.eclipse.jetty.util.thread.QueuedThreadPool$Runner.run(QueuedThreadPool.java:1018)
        at java.lang.Thread.run(Thread.java:750)
"Datanode State Machine Task Thread - 0"  prio=5 tid=232 in Object.wait()
java.lang.Thread.State: WAITING (on object monitor)
        at sun.misc.Unsafe.park(Native Method)
        at java.util.concurrent.locks.LockSupport.park(LockSupport.java:175)
        at java.util.concurrent.locks.AbstractQueuedSynchronizer$ConditionObject.await(AbstractQueuedSynchronizer.java:2039)
        at java.util.concurrent.LinkedBlockingQueue.take(LinkedBlockingQueue.java:442)
        at java.util.concurrent.ThreadPoolExecutor.getTask(ThreadPoolExecutor.java:1074)
        at java.util.concurrent.ThreadPoolExecutor.runWorker(ThreadPoolExecutor.java:1134)
        at java.util.concurrent.ThreadPoolExecutor$Worker.run(ThreadPoolExecutor.java:624)
        at java.lang.Thread.run(Thread.java:750)
"IPC Server handler 2 on default port 43507" daemon prio=5 tid=49 timed_waiting
java.lang.Thread.State: TIMED_WAITING
        at sun.misc.Unsafe.park(Native Method)
        at java.util.concurrent.locks.LockSupport.parkNanos(LockSupport.java:215)
        at java.util.concurrent.locks.AbstractQueuedSynchronizer$ConditionObject.awaitNanos(AbstractQueuedSynchronizer.java:2078)
        at java.util.concurrent.LinkedBlockingQueue.poll(LinkedBlockingQueue.java:467)
        at org.apache.hadoop.ipc.CallQueueManager.take(CallQueueManager.java:317)
        at org.apache.hadoop.ipc.Server$Handler.run(Server.java:2942)
"IPC Server handler 14 on default port 42039" daemon prio=5 tid=101 timed_waiting
java.lang.Thread.State: TIMED_WAITING
        at sun.misc.Unsafe.park(Native Method)
        at java.util.concurrent.locks.LockSupport.parkNanos(LockSupport.java:215)
        at java.util.concurrent.locks.AbstractQueuedSynchronizer$ConditionObject.awaitNanos(AbstractQueuedSynchronizer.java:2078)
        at java.util.concurrent.LinkedBlockingQueue.poll(LinkedBlockingQueue.java:467)
        at org.apache.hadoop.ipc.CallQueueManager.take(CallQueueManager.java:317)
        at org.apache.hadoop.ipc.Server$Handler.run(Server.java:2942)
"IPC Server handler 16 on default port 42039" daemon prio=5 tid=103 timed_waiting
java.lang.Thread.State: TIMED_WAITING
        at sun.misc.Unsafe.park(Native Method)
        at java.util.concurrent.locks.LockSupport.parkNanos(LockSupport.java:215)
        at java.util.concurrent.locks.AbstractQueuedSynchronizer$ConditionObject.awaitNanos(AbstractQueuedSynchronizer.java:2078)
        at java.util.concurrent.LinkedBlockingQueue.poll(LinkedBlockingQueue.java:467)
        at org.apache.hadoop.ipc.CallQueueManager.take(CallQueueManager.java:317)
        at org.apache.hadoop.ipc.Server$Handler.run(Server.java:2942)
"FixedThreadPoolWithAffinityExecutor-9-0" daemon prio=5 tid=45 timed_waiting
java.lang.Thread.State: TIMED_WAITING
        at sun.misc.Unsafe.park(Native Method)
        at java.util.concurrent.locks.LockSupport.parkNanos(LockSupport.java:215)
        at java.util.concurrent.locks.AbstractQueuedSynchronizer$ConditionObject.awaitNanos(AbstractQueuedSynchronizer.java:2078)
        at java.util.concurrent.LinkedBlockingQueue.poll(LinkedBlockingQueue.java:467)
        at org.apache.hadoop.hdds.scm.server.ContainerReportQueue.poll(ContainerReportQueue.java:266)
        at org.apache.hadoop.hdds.scm.server.ContainerReportQueue.poll(ContainerReportQueue.java:42)
        at org.apache.hadoop.hdds.server.events.FixedThreadPoolWithAffinityExecutor$ContainerReportProcessTask.run(FixedThreadPoolWithAffinityExecutor.java:247)
        at java.util.concurrent.Executors$RunnableAdapter.call(Executors.java:511)
        at java.util.concurrent.FutureTask.run(FutureTask.java:266)
        at java.util.concurrent.ThreadPoolExecutor.runWorker(ThreadPoolExecutor.java:1149)
        at java.util.concurrent.ThreadPoolExecutor$Worker.run(ThreadPoolExecutor.java:624)
        at java.lang.Thread.run(Thread.java:750)
"IPC Server handler 17 on default port 37049" daemon prio=5 tid=84 timed_waiting
java.lang.Thread.State: TIMED_WAITING
        at sun.misc.Unsafe.park(Native Method)
        at java.util.concurrent.locks.LockSupport.parkNanos(LockSupport.java:215)
        at java.util.concurrent.locks.AbstractQueuedSynchronizer$ConditionObject.awaitNanos(AbstractQueuedSynchronizer.java:2078)
        at java.util.concurrent.LinkedBlockingQueue.poll(LinkedBlockingQueue.java:467)
        at org.apache.hadoop.ipc.CallQueueManager.take(CallQueueManager.java:317)
        at org.apache.hadoop.ipc.Server$Handler.run(Server.java:2942)
"IPC Server handler 8 on default port 34303" daemon prio=5 tid=163 timed_waiting
java.lang.Thread.State: TIMED_WAITING
        at sun.misc.Unsafe.park(Native Method)
        at java.util.concurrent.locks.LockSupport.parkNanos(LockSupport.java:215)
        at java.util.concurrent.locks.AbstractQueuedSynchronizer$ConditionObject.awaitNanos(AbstractQueuedSynchronizer.java:2078)
        at java.util.concurrent.LinkedBlockingQueue.poll(LinkedBlockingQueue.java:467)
        at org.apache.hadoop.ipc.CallQueueManager.take(CallQueueManager.java:317)
        at org.apache.hadoop.ipc.Server$Handler.run(Server.java:2942)
"StaleRecoveringContainerScrubbingService#1" daemon prio=5 tid=413 timed_waiting
java.lang.Thread.State: TIMED_WAITING
        at sun.misc.Unsafe.park(Native Method)
        at java.util.concurrent.locks.LockSupport.parkNanos(LockSupport.java:215)
        at java.util.concurrent.locks.AbstractQueuedSynchronizer$ConditionObject.awaitNanos(AbstractQueuedSynchronizer.java:2078)
        at java.util.concurrent.ScheduledThreadPoolExecutor$DelayedWorkQueue.take(ScheduledThreadPoolExecutor.java:1093)
        at java.util.concurrent.ScheduledThreadPoolExecutor$DelayedWorkQueue.take(ScheduledThreadPoolExecutor.java:809)
        at java.util.concurrent.ThreadPoolExecutor.getTask(ThreadPoolExecutor.java:1074)
        at java.util.concurrent.ThreadPoolExecutor.runWorker(ThreadPoolExecutor.java:1134)
        at java.util.concurrent.ThreadPoolExecutor$Worker.run(ThreadPoolExecutor.java:624)
        at java.lang.Thread.run(Thread.java:750)
"StaleRecoveringContainerScrubbingService#1" daemon prio=5 tid=377 timed_waiting
java.lang.Thread.State: TIMED_WAITING
        at sun.misc.Unsafe.park(Native Method)
        at java.util.concurrent.locks.LockSupport.parkNanos(LockSupport.java:215)
        at java.util.concurrent.locks.AbstractQueuedSynchronizer$ConditionObject.awaitNanos(AbstractQueuedSynchronizer.java:2078)
        at java.util.concurrent.ScheduledThreadPoolExecutor$DelayedWorkQueue.take(ScheduledThreadPoolExecutor.java:1093)
        at java.util.concurrent.ScheduledThreadPoolExecutor$DelayedWorkQueue.take(ScheduledThreadPoolExecutor.java:809)
        at java.util.concurrent.ThreadPoolExecutor.getTask(ThreadPoolExecutor.java:1074)
        at java.util.concurrent.ThreadPoolExecutor.runWorker(ThreadPoolExecutor.java:1134)
        at java.util.concurrent.ThreadPoolExecutor$Worker.run(ThreadPoolExecutor.java:624)
        at java.lang.Thread.run(Thread.java:750)
"IPC Server handler 9 on default port 42039" daemon prio=5 tid=96 timed_waiting
java.lang.Thread.State: TIMED_WAITING
        at sun.misc.Unsafe.park(Native Method)
        at java.util.concurrent.locks.LockSupport.parkNanos(LockSupport.java:215)
        at java.util.concurrent.locks.AbstractQueuedSynchronizer$ConditionObject.awaitNanos(AbstractQueuedSynchronizer.java:2078)
        at java.util.concurrent.LinkedBlockingQueue.poll(LinkedBlockingQueue.java:467)
        at org.apache.hadoop.ipc.CallQueueManager.take(CallQueueManager.java:317)
        at org.apache.hadoop.ipc.Server$Handler.run(Server.java:2942)
"Datanode State Machine Task Thread - 0"  prio=5 tid=259 in Object.wait()
java.lang.Thread.State: WAITING (on object monitor)
        at sun.misc.Unsafe.park(Native Method)
        at java.util.concurrent.locks.LockSupport.park(LockSupport.java:175)
        at java.util.concurrent.locks.AbstractQueuedSynchronizer$ConditionObject.await(AbstractQueuedSynchronizer.java:2039)
        at java.util.concurrent.LinkedBlockingQueue.take(LinkedBlockingQueue.java:442)
        at java.util.concurrent.ThreadPoolExecutor.getTask(ThreadPoolExecutor.java:1074)
        at java.util.concurrent.ThreadPoolExecutor.runWorker(ThreadPoolExecutor.java:1134)
        at java.util.concurrent.ThreadPoolExecutor$Worker.run(ThreadPoolExecutor.java:624)
        at java.lang.Thread.run(Thread.java:750)
"IPC Server handler 8 on default port 42039" daemon prio=5 tid=95 timed_waiting
java.lang.Thread.State: TIMED_WAITING
        at sun.misc.Unsafe.park(Native Method)
        at java.util.concurrent.locks.LockSupport.parkNanos(LockSupport.java:215)
        at java.util.concurrent.locks.AbstractQueuedSynchronizer$ConditionObject.awaitNanos(AbstractQueuedSynchronizer.java:2078)
        at java.util.concurrent.LinkedBlockingQueue.poll(LinkedBlockingQueue.java:467)
        at org.apache.hadoop.ipc.CallQueueManager.take(CallQueueManager.java:317)
        at org.apache.hadoop.ipc.Server$Handler.run(Server.java:2942)
"Socket Reader #1 for port 0"  prio=5 tid=33 runnable
java.lang.Thread.State: RUNNABLE
        at sun.nio.ch.EPollArrayWrapper.epollWait(Native Method)
        at sun.nio.ch.EPollArrayWrapper.poll(EPollArrayWrapper.java:269)
        at sun.nio.ch.EPollSelectorImpl.doSelect(EPollSelectorImpl.java:93)
        at sun.nio.ch.SelectorImpl.lockAndDoSelect(SelectorImpl.java:86)
        at sun.nio.ch.SelectorImpl.select(SelectorImpl.java:97)
        at sun.nio.ch.SelectorImpl.select(SelectorImpl.java:101)
        at org.apache.hadoop.ipc.Server$Listener$Reader.doRunLoop(Server.java:1296)
        at org.apache.hadoop.ipc.Server$Listener$Reader.run(Server.java:1275)
"Periodic HDDS volume checker" daemon prio=5 tid=234 timed_waiting
java.lang.Thread.State: TIMED_WAITING
        at sun.misc.Unsafe.park(Native Method)
        at java.util.concurrent.locks.LockSupport.parkNanos(LockSupport.java:215)
        at java.util.concurrent.locks.AbstractQueuedSynchronizer$ConditionObject.awaitNanos(AbstractQueuedSynchronizer.java:2078)
        at java.util.concurrent.ScheduledThreadPoolExecutor$DelayedWorkQueue.take(ScheduledThreadPoolExecutor.java:1093)
        at java.util.concurrent.ScheduledThreadPoolExecutor$DelayedWorkQueue.take(ScheduledThreadPoolExecutor.java:809)
        at java.util.concurrent.ThreadPoolExecutor.getTask(ThreadPoolExecutor.java:1074)
        at java.util.concurrent.ThreadPoolExecutor.runWorker(ThreadPoolExecutor.java:1134)
        at java.util.concurrent.ThreadPoolExecutor$Worker.run(ThreadPoolExecutor.java:624)
        at java.lang.Thread.run(Thread.java:750)
"IPC Server handler 8 on default port 43507" daemon prio=5 tid=55 timed_waiting
java.lang.Thread.State: TIMED_WAITING
        at sun.misc.Unsafe.park(Native Method)
        at java.util.concurrent.locks.LockSupport.parkNanos(LockSupport.java:215)
        at java.util.concurrent.locks.AbstractQueuedSynchronizer$ConditionObject.awaitNanos(AbstractQueuedSynchronizer.java:2078)
        at java.util.concurrent.LinkedBlockingQueue.poll(LinkedBlockingQueue.java:467)
        at org.apache.hadoop.ipc.CallQueueManager.take(CallQueueManager.java:317)
        at org.apache.hadoop.ipc.Server$Handler.run(Server.java:2942)
"pool-156-thread-1" daemon prio=5 tid=290 timed_waiting
java.lang.Thread.State: TIMED_WAITING
        at sun.misc.Unsafe.park(Native Method)
        at java.util.concurrent.locks.LockSupport.parkNanos(LockSupport.java:215)
        at java.util.concurrent.locks.AbstractQueuedSynchronizer$ConditionObject.awaitNanos(AbstractQueuedSynchronizer.java:2078)
        at java.util.concurrent.ScheduledThreadPoolExecutor$DelayedWorkQueue.take(ScheduledThreadPoolExecutor.java:1093)
        at java.util.concurrent.ScheduledThreadPoolExecutor$DelayedWorkQueue.take(ScheduledThreadPoolExecutor.java:809)
        at java.util.concurrent.ThreadPoolExecutor.getTask(ThreadPoolExecutor.java:1074)
        at java.util.concurrent.ThreadPoolExecutor.runWorker(ThreadPoolExecutor.java:1134)
        at java.util.concurrent.ThreadPoolExecutor$Worker.run(ThreadPoolExecutor.java:624)
        at java.lang.Thread.run(Thread.java:750)
"43274a1e-e531-4976-aba4-4015449e37b0@group-AA105E67F7B2-SegmentedRaftLogWorker"  prio=5 tid=490 timed_waiting
java.lang.Thread.State: TIMED_WAITING
        at sun.misc.Unsafe.park(Native Method)
        at java.util.concurrent.locks.LockSupport.parkNanos(LockSupport.java:215)
        at java.util.concurrent.locks.AbstractQueuedSynchronizer$ConditionObject.awaitNanos(AbstractQueuedSynchronizer.java:2078)
        at org.apache.ratis.util.DataBlockingQueue.poll(DataBlockingQueue.java:148)
        at org.apache.ratis.server.raftlog.segmented.SegmentedRaftLogWorker.run(SegmentedRaftLogWorker.java:312)
        at org.apache.ratis.server.raftlog.segmented.SegmentedRaftLogWorker$$Lambda$708/579279345.run(Unknown Source)
        at java.lang.Thread.run(Thread.java:750)
"org.apache.hadoop.util.JvmPauseMonitor$Monitor@740fccd2" daemon prio=5 tid=108 timed_waiting
java.lang.Thread.State: TIMED_WAITING
        at java.lang.Thread.sleep(Native Method)
        at org.apache.hadoop.util.JvmPauseMonitor$Monitor.run(JvmPauseMonitor.java:192)
        at java.lang.Thread.run(Thread.java:750)
"IPC Server listener on 0" daemon prio=5 tid=32 runnable
java.lang.Thread.State: RUNNABLE
        at sun.nio.ch.EPollArrayWrapper.epollWait(Native Method)
        at sun.nio.ch.EPollArrayWrapper.poll(EPollArrayWrapper.java:269)
        at sun.nio.ch.EPollSelectorImpl.doSelect(EPollSelectorImpl.java:93)
        at sun.nio.ch.SelectorImpl.lockAndDoSelect(SelectorImpl.java:86)
        at sun.nio.ch.SelectorImpl.select(SelectorImpl.java:97)
        at sun.nio.ch.SelectorImpl.select(SelectorImpl.java:101)
        at org.apache.hadoop.ipc.Server$Listener.run(Server.java:1358)
"JvmPauseMonitor4" daemon prio=5 tid=384 timed_waiting
java.lang.Thread.State: TIMED_WAITING
        at java.lang.Thread.sleep(Native Method)
        at java.lang.Thread.sleep(Thread.java:342)
        at java.util.concurrent.TimeUnit.sleep(TimeUnit.java:386)
        at org.apache.ratis.util.TimeDuration.sleep(TimeDuration.java:325)
        at org.apache.ratis.util.TimeDuration.sleep(TimeDuration.java:310)
        at org.apache.ratis.util.JvmPauseMonitor.detectPause(JvmPauseMonitor.java:119)
        at org.apache.ratis.util.JvmPauseMonitor.run(JvmPauseMonitor.java:108)
        at org.apache.ratis.util.JvmPauseMonitor$$Lambda$749/143111683.run(Unknown Source)
        at java.lang.Thread.run(Thread.java:750)
"Periodic HDDS volume checker" daemon prio=5 tid=288 timed_waiting
java.lang.Thread.State: TIMED_WAITING
        at sun.misc.Unsafe.park(Native Method)
        at java.util.concurrent.locks.LockSupport.parkNanos(LockSupport.java:215)
        at java.util.concurrent.locks.AbstractQueuedSynchronizer$ConditionObject.awaitNanos(AbstractQueuedSynchronizer.java:2078)
        at java.util.concurrent.ScheduledThreadPoolExecutor$DelayedWorkQueue.take(ScheduledThreadPoolExecutor.java:1093)
        at java.util.concurrent.ScheduledThreadPoolExecutor$DelayedWorkQueue.take(ScheduledThreadPoolExecutor.java:809)
        at java.util.concurrent.ThreadPoolExecutor.getTask(ThreadPoolExecutor.java:1074)
        at java.util.concurrent.ThreadPoolExecutor.runWorker(ThreadPoolExecutor.java:1134)
        at java.util.concurrent.ThreadPoolExecutor$Worker.run(ThreadPoolExecutor.java:624)
        at java.lang.Thread.run(Thread.java:750)
"DirectoryDeletingService#0" daemon prio=5 tid=143 timed_waiting
java.lang.Thread.State: TIMED_WAITING
        at sun.misc.Unsafe.park(Native Method)
        at java.util.concurrent.locks.LockSupport.parkNanos(LockSupport.java:215)
        at java.util.concurrent.locks.AbstractQueuedSynchronizer$ConditionObject.awaitNanos(AbstractQueuedSynchronizer.java:2078)
        at java.util.concurrent.ScheduledThreadPoolExecutor$DelayedWorkQueue.take(ScheduledThreadPoolExecutor.java:1093)
        at java.util.concurrent.ScheduledThreadPoolExecutor$DelayedWorkQueue.take(ScheduledThreadPoolExecutor.java:809)
        at java.util.concurrent.ThreadPoolExecutor.getTask(ThreadPoolExecutor.java:1074)
        at java.util.concurrent.ThreadPoolExecutor.runWorker(ThreadPoolExecutor.java:1134)
        at java.util.concurrent.ThreadPoolExecutor$Worker.run(ThreadPoolExecutor.java:624)
        at java.lang.Thread.run(Thread.java:750)
"pool-80-thread-1"  prio=5 tid=185 timed_waiting
java.lang.Thread.State: TIMED_WAITING
        at sun.misc.Unsafe.park(Native Method)
        at java.util.concurrent.locks.LockSupport.parkNanos(LockSupport.java:215)
        at java.util.concurrent.locks.AbstractQueuedSynchronizer$ConditionObject.awaitNanos(AbstractQueuedSynchronizer.java:2078)
        at java.util.concurrent.ScheduledThreadPoolExecutor$DelayedWorkQueue.take(ScheduledThreadPoolExecutor.java:1093)
        at java.util.concurrent.ScheduledThreadPoolExecutor$DelayedWorkQueue.take(ScheduledThreadPoolExecutor.java:809)
        at java.util.concurrent.ThreadPoolExecutor.getTask(ThreadPoolExecutor.java:1074)
        at java.util.concurrent.ThreadPoolExecutor.runWorker(ThreadPoolExecutor.java:1134)
        at java.util.concurrent.ThreadPoolExecutor$Worker.run(ThreadPoolExecutor.java:624)
        at java.lang.Thread.run(Thread.java:750)
"819a9d5b-d004-47f6-9883-bc546cfa0094-NettyServerStreamRpc-bossGroup--thread1"  prio=5 tid=319 runnable
java.lang.Thread.State: RUNNABLE
        at sun.nio.ch.EPollArrayWrapper.epollWait(Native Method)
        at sun.nio.ch.EPollArrayWrapper.poll(EPollArrayWrapper.java:269)
        at sun.nio.ch.EPollSelectorImpl.doSelect(EPollSelectorImpl.java:93)
        at sun.nio.ch.SelectorImpl.lockAndDoSelect(SelectorImpl.java:86)
        at sun.nio.ch.SelectorImpl.select(SelectorImpl.java:97)
        at sun.nio.ch.SelectorImpl.select(SelectorImpl.java:101)
        at org.apache.ratis.thirdparty.io.netty.channel.nio.SelectedSelectionKeySetSelector.select(SelectedSelectionKeySetSelector.java:68)
        at org.apache.ratis.thirdparty.io.netty.channel.nio.NioEventLoop.select(NioEventLoop.java:813)
        at org.apache.ratis.thirdparty.io.netty.channel.nio.NioEventLoop.run(NioEventLoop.java:460)
        at org.apache.ratis.thirdparty.io.netty.util.concurrent.SingleThreadEventExecutor$4.run(SingleThreadEventExecutor.java:995)
        at org.apache.ratis.thirdparty.io.netty.util.internal.ThreadExecutorMap$2.run(ThreadExecutorMap.java:74)
        at java.lang.Thread.run(Thread.java:750)
"pool-63-thread-1" daemon prio=5 tid=179 timed_waiting
java.lang.Thread.State: TIMED_WAITING
        at sun.misc.Unsafe.park(Native Method)
        at java.util.concurrent.locks.LockSupport.parkNanos(LockSupport.java:215)
        at java.util.concurrent.locks.AbstractQueuedSynchronizer$ConditionObject.awaitNanos(AbstractQueuedSynchronizer.java:2078)
        at java.util.concurrent.ScheduledThreadPoolExecutor$DelayedWorkQueue.take(ScheduledThreadPoolExecutor.java:1093)
        at java.util.concurrent.ScheduledThreadPoolExecutor$DelayedWorkQueue.take(ScheduledThreadPoolExecutor.java:809)
        at java.util.concurrent.ThreadPoolExecutor.getTask(ThreadPoolExecutor.java:1074)
        at java.util.concurrent.ThreadPoolExecutor.runWorker(ThreadPoolExecutor.java:1134)
        at java.util.concurrent.ThreadPoolExecutor$Worker.run(ThreadPoolExecutor.java:624)
        at java.lang.Thread.run(Thread.java:750)
"ChunkReader-ELG-0" daemon prio=5 tid=349 runnable
java.lang.Thread.State: RUNNABLE
        at org.apache.ratis.thirdparty.io.netty.channel.epoll.Native.epollWait(Native Method)
        at org.apache.ratis.thirdparty.io.netty.channel.epoll.Native.epollWait(Native.java:209)
        at org.apache.ratis.thirdparty.io.netty.channel.epoll.Native.epollWait(Native.java:202)
        at org.apache.ratis.thirdparty.io.netty.channel.epoll.EpollEventLoop.epollWaitNoTimerChange(EpollEventLoop.java:294)
        at org.apache.ratis.thirdparty.io.netty.channel.epoll.EpollEventLoop.run(EpollEventLoop.java:351)
        at org.apache.ratis.thirdparty.io.netty.util.concurrent.SingleThreadEventExecutor$4.run(SingleThreadEventExecutor.java:995)
        at org.apache.ratis.thirdparty.io.netty.util.internal.ThreadExecutorMap$2.run(ThreadExecutorMap.java:74)
        at java.lang.Thread.run(Thread.java:750)
"IPC Server Responder" daemon prio=5 tid=134 runnable
java.lang.Thread.State: RUNNABLE
        at sun.nio.ch.EPollArrayWrapper.epollWait(Native Method)
        at sun.nio.ch.EPollArrayWrapper.poll(EPollArrayWrapper.java:269)
        at sun.nio.ch.EPollSelectorImpl.doSelect(EPollSelectorImpl.java:93)
        at sun.nio.ch.SelectorImpl.lockAndDoSelect(SelectorImpl.java:86)
        at sun.nio.ch.SelectorImpl.select(SelectorImpl.java:97)
        at org.apache.hadoop.ipc.Server$Responder.doRunLoop(Server.java:1532)
        at org.apache.hadoop.ipc.Server$Responder.run(Server.java:1515)
"qtp1347332959-299" daemon prio=5 tid=299 timed_waiting
java.lang.Thread.State: TIMED_WAITING
        at sun.misc.Unsafe.park(Native Method)
        at java.util.concurrent.locks.LockSupport.parkNanos(LockSupport.java:215)
        at java.util.concurrent.locks.AbstractQueuedSynchronizer$ConditionObject.awaitNanos(AbstractQueuedSynchronizer.java:2078)
        at org.eclipse.jetty.util.BlockingArrayQueue.poll(BlockingArrayQueue.java:382)
        at org.eclipse.jetty.util.thread.QueuedThreadPool$Runner.idleJobPoll(QueuedThreadPool.java:974)
        at org.eclipse.jetty.util.thread.QueuedThreadPool$Runner.run(QueuedThreadPool.java:1018)
        at java.lang.Thread.run(Thread.java:750)
"Timer for 'StorageContainerManager' metrics system" daemon prio=5 tid=46 timed_waiting
java.lang.Thread.State: TIMED_WAITING
        at java.lang.Object.wait(Native Method)
        at java.util.TimerThread.mainLoop(Timer.java:552)
        at java.util.TimerThread.run(Timer.java:505)
"482fd31e-156c-418e-9aed-e6d52525a62a@group-225BCC242D8D-StateMachineUpdater" daemon prio=5 tid=440 timed_waiting
java.lang.Thread.State: TIMED_WAITING
        at sun.misc.Unsafe.park(Native Method)
        at java.util.concurrent.locks.LockSupport.parkNanos(LockSupport.java:215)
        at java.util.concurrent.locks.AbstractQueuedSynchronizer$ConditionObject.await(AbstractQueuedSynchronizer.java:2163)
        at org.apache.ratis.util.AwaitForSignal.await(AwaitForSignal.java:62)
        at org.apache.ratis.server.impl.StateMachineUpdater.waitForCommit(StateMachineUpdater.java:207)
        at org.apache.ratis.server.impl.StateMachineUpdater.run(StateMachineUpdater.java:176)
        at java.lang.Thread.run(Thread.java:750)
"pool-58-thread-1"  prio=5 tid=145 timed_waiting
java.lang.Thread.State: TIMED_WAITING
        at sun.misc.Unsafe.park(Native Method)
        at java.util.concurrent.locks.LockSupport.parkNanos(LockSupport.java:215)
        at java.util.concurrent.locks.AbstractQueuedSynchronizer$ConditionObject.awaitNanos(AbstractQueuedSynchronizer.java:2078)
        at java.util.concurrent.ScheduledThreadPoolExecutor$DelayedWorkQueue.take(ScheduledThreadPoolExecutor.java:1093)
        at java.util.concurrent.ScheduledThreadPoolExecutor$DelayedWorkQueue.take(ScheduledThreadPoolExecutor.java:809)
        at java.util.concurrent.ThreadPoolExecutor.getTask(ThreadPoolExecutor.java:1074)
        at java.util.concurrent.ThreadPoolExecutor.runWorker(ThreadPoolExecutor.java:1134)
        at java.util.concurrent.ThreadPoolExecutor$Worker.run(ThreadPoolExecutor.java:624)
        at java.lang.Thread.run(Thread.java:750)
"ChunkWriter-2-0" daemon prio=5 tid=406 in Object.wait()
java.lang.Thread.State: WAITING (on object monitor)
        at sun.misc.Unsafe.park(Native Method)
        at java.util.concurrent.locks.LockSupport.park(LockSupport.java:175)
        at java.util.concurrent.locks.AbstractQueuedSynchronizer$ConditionObject.await(AbstractQueuedSynchronizer.java:2039)
        at java.util.concurrent.LinkedBlockingDeque.takeFirst(LinkedBlockingDeque.java:492)
        at java.util.concurrent.LinkedBlockingDeque.take(LinkedBlockingDeque.java:680)
        at java.util.concurrent.ThreadPoolExecutor.getTask(ThreadPoolExecutor.java:1074)
        at java.util.concurrent.ThreadPoolExecutor.runWorker(ThreadPoolExecutor.java:1134)
        at java.util.concurrent.ThreadPoolExecutor$Worker.run(ThreadPoolExecutor.java:624)
        at java.lang.Thread.run(Thread.java:750)
"org.apache.hadoop.ozone.container.common.statemachine.commandhandler.DeleteBlocksCommandHandler$DeleteCmdWorker@1443e114" daemon prio=5 tid=321 timed_waiting
java.lang.Thread.State: TIMED_WAITING
        at java.lang.Thread.sleep(Native Method)
        at org.apache.hadoop.ozone.container.common.statemachine.commandhandler.DeleteBlocksCommandHandler$DeleteCmdWorker.run(DeleteBlocksCommandHandler.java:184)
        at java.lang.Thread.run(Thread.java:750)
"FixedThreadPoolWithAffinityExecutor-5-0" daemon prio=5 tid=41 runnable
java.lang.Thread.State: RUNNABLE
        at sun.misc.Unsafe.park(Native Method)
        at java.util.concurrent.locks.LockSupport.parkNanos(LockSupport.java:215)
        at java.util.concurrent.locks.AbstractQueuedSynchronizer$ConditionObject.awaitNanos(AbstractQueuedSynchronizer.java:2078)
        at java.util.concurrent.LinkedBlockingQueue.poll(LinkedBlockingQueue.java:467)
        at org.apache.hadoop.hdds.scm.server.ContainerReportQueue.poll(ContainerReportQueue.java:266)
        at org.apache.hadoop.hdds.scm.server.ContainerReportQueue.poll(ContainerReportQueue.java:42)
        at org.apache.hadoop.hdds.server.events.FixedThreadPoolWithAffinityExecutor$ContainerReportProcessTask.run(FixedThreadPoolWithAffinityExecutor.java:247)
        at java.util.concurrent.Executors$RunnableAdapter.call(Executors.java:511)
        at java.util.concurrent.FutureTask.run(FutureTask.java:266)
        at java.util.concurrent.ThreadPoolExecutor.runWorker(ThreadPoolExecutor.java:1149)
        at java.util.concurrent.ThreadPoolExecutor$Worker.run(ThreadPoolExecutor.java:624)
        at java.lang.Thread.run(Thread.java:750)
"StaleRecoveringContainerScrubbingService#0" daemon prio=5 tid=375 in Object.wait()
java.lang.Thread.State: WAITING (on object monitor)
        at sun.misc.Unsafe.park(Native Method)
        at java.util.concurrent.locks.LockSupport.park(LockSupport.java:175)
        at java.util.concurrent.locks.AbstractQueuedSynchronizer$ConditionObject.await(AbstractQueuedSynchronizer.java:2039)
        at java.util.concurrent.ScheduledThreadPoolExecutor$DelayedWorkQueue.take(ScheduledThreadPoolExecutor.java:1088)
        at java.util.concurrent.ScheduledThreadPoolExecutor$DelayedWorkQueue.take(ScheduledThreadPoolExecutor.java:809)
        at java.util.concurrent.ThreadPoolExecutor.getTask(ThreadPoolExecutor.java:1074)
        at java.util.concurrent.ThreadPoolExecutor.runWorker(ThreadPoolExecutor.java:1134)
        at java.util.concurrent.ThreadPoolExecutor$Worker.run(ThreadPoolExecutor.java:624)
        at java.lang.Thread.run(Thread.java:750)
"qtp1832656647-324-acceptor-0@5f69731b-ServerConnector@1d070725{HTTP/1.1, (http/1.1)}{0.0.0.0:45163}" daemon prio=3 tid=324 runnable
java.lang.Thread.State: RUNNABLE
        at sun.nio.ch.ServerSocketChannelImpl.accept0(Native Method)
        at sun.nio.ch.ServerSocketChannelImpl.accept(ServerSocketChannelImpl.java:421)
        at sun.nio.ch.ServerSocketChannelImpl.accept(ServerSocketChannelImpl.java:249)
        at org.eclipse.jetty.server.ServerConnector.accept(ServerConnector.java:388)
        at org.eclipse.jetty.server.AbstractConnector$Acceptor.run(AbstractConnector.java:704)
        at org.eclipse.jetty.util.thread.QueuedThreadPool.runJob(QueuedThreadPool.java:883)
        at org.eclipse.jetty.util.thread.QueuedThreadPool$Runner.run(QueuedThreadPool.java:1034)
        at java.lang.Thread.run(Thread.java:750)
"9684d5c9-574d-4083-afb3-2b5a0b78eb45@group-225BCC242D8D-SegmentedRaftLogWorker"  prio=5 tid=428 timed_waiting
java.lang.Thread.State: TIMED_WAITING
        at sun.misc.Unsafe.park(Native Method)
        at java.util.concurrent.locks.LockSupport.parkNanos(LockSupport.java:215)
        at java.util.concurrent.locks.AbstractQueuedSynchronizer$ConditionObject.awaitNanos(AbstractQueuedSynchronizer.java:2078)
        at org.apache.ratis.util.DataBlockingQueue.poll(DataBlockingQueue.java:148)
        at org.apache.ratis.server.raftlog.segmented.SegmentedRaftLogWorker.run(SegmentedRaftLogWorker.java:312)
        at org.apache.ratis.server.raftlog.segmented.SegmentedRaftLogWorker$$Lambda$708/579279345.run(Unknown Source)
        at java.lang.Thread.run(Thread.java:750)
"qtp275016957-248" daemon prio=5 tid=248 timed_waiting
java.lang.Thread.State: TIMED_WAITING
        at sun.misc.Unsafe.park(Native Method)
        at java.util.concurrent.locks.LockSupport.parkNanos(LockSupport.java:215)
        at java.util.concurrent.locks.AbstractQueuedSynchronizer$ConditionObject.awaitNanos(AbstractQueuedSynchronizer.java:2078)
        at org.eclipse.jetty.util.BlockingArrayQueue.poll(BlockingArrayQueue.java:382)
        at org.eclipse.jetty.util.thread.QueuedThreadPool$Runner.idleJobPoll(QueuedThreadPool.java:974)
        at org.eclipse.jetty.util.thread.QueuedThreadPool$Runner.run(QueuedThreadPool.java:1018)
        at java.lang.Thread.run(Thread.java:750)
"qtp275016957-245" daemon prio=5 tid=245 timed_waiting
java.lang.Thread.State: TIMED_WAITING
        at sun.misc.Unsafe.park(Native Method)
        at java.util.concurrent.locks.LockSupport.parkNanos(LockSupport.java:215)
        at java.util.concurrent.locks.AbstractQueuedSynchronizer$ConditionObject.awaitNanos(AbstractQueuedSynchronizer.java:2078)
        at org.eclipse.jetty.util.BlockingArrayQueue.poll(BlockingArrayQueue.java:382)
        at org.eclipse.jetty.util.thread.QueuedThreadPool$Runner.idleJobPoll(QueuedThreadPool.java:974)
        at org.eclipse.jetty.util.thread.QueuedThreadPool$Runner.run(QueuedThreadPool.java:1018)
        at java.lang.Thread.run(Thread.java:750)
"IPC Server handler 19 on default port 34303" daemon prio=5 tid=174 timed_waiting
java.lang.Thread.State: TIMED_WAITING
        at sun.misc.Unsafe.park(Native Method)
        at java.util.concurrent.locks.LockSupport.parkNanos(LockSupport.java:215)
        at java.util.concurrent.locks.AbstractQueuedSynchronizer$ConditionObject.awaitNanos(AbstractQueuedSynchronizer.java:2078)
        at java.util.concurrent.LinkedBlockingQueue.poll(LinkedBlockingQueue.java:467)
        at org.apache.hadoop.ipc.CallQueueManager.take(CallQueueManager.java:317)
        at org.apache.hadoop.ipc.Server$Handler.run(Server.java:2942)
"qtp549492098-275" daemon prio=5 tid=275 timed_waiting
java.lang.Thread.State: TIMED_WAITING
        at sun.misc.Unsafe.park(Native Method)
        at java.util.concurrent.locks.LockSupport.parkNanos(LockSupport.java:215)
        at java.util.concurrent.locks.AbstractQueuedSynchronizer$ConditionObject.awaitNanos(AbstractQueuedSynchronizer.java:2078)
        at org.eclipse.jetty.util.BlockingArrayQueue.poll(BlockingArrayQueue.java:382)
        at org.eclipse.jetty.util.thread.QueuedThreadPool$Runner.idleJobPoll(QueuedThreadPool.java:974)
        at org.eclipse.jetty.util.thread.QueuedThreadPool$Runner.run(QueuedThreadPool.java:1018)
        at java.lang.Thread.run(Thread.java:750)
"PartialTableCache Cleanup Thread - 0" daemon prio=5 tid=593 in Object.wait()
java.lang.Thread.State: WAITING (on object monitor)
        at sun.misc.Unsafe.park(Native Method)
        at java.util.concurrent.locks.LockSupport.park(LockSupport.java:175)
        at java.util.concurrent.locks.AbstractQueuedSynchronizer$ConditionObject.await(AbstractQueuedSynchronizer.java:2039)
        at java.util.concurrent.LinkedBlockingQueue.take(LinkedBlockingQueue.java:442)
        at java.util.concurrent.ThreadPoolExecutor.getTask(ThreadPoolExecutor.java:1074)
        at java.util.concurrent.ThreadPoolExecutor.runWorker(ThreadPoolExecutor.java:1134)
        at java.util.concurrent.ThreadPoolExecutor$Worker.run(ThreadPoolExecutor.java:624)
        at java.lang.Thread.run(Thread.java:750)
"StaleRecoveringContainerScrubbingService#0" daemon prio=5 tid=363 in Object.wait()
java.lang.Thread.State: WAITING (on object monitor)
        at sun.misc.Unsafe.park(Native Method)
        at java.util.concurrent.locks.LockSupport.park(LockSupport.java:175)
        at java.util.concurrent.locks.AbstractQueuedSynchronizer$ConditionObject.await(AbstractQueuedSynchronizer.java:2039)
        at java.util.concurrent.ScheduledThreadPoolExecutor$DelayedWorkQueue.take(ScheduledThreadPoolExecutor.java:1088)
        at java.util.concurrent.ScheduledThreadPoolExecutor$DelayedWorkQueue.take(ScheduledThreadPoolExecutor.java:809)
        at java.util.concurrent.ThreadPoolExecutor.getTask(ThreadPoolExecutor.java:1074)
        at java.util.concurrent.ThreadPoolExecutor.runWorker(ThreadPoolExecutor.java:1134)
        at java.util.concurrent.ThreadPoolExecutor$Worker.run(ThreadPoolExecutor.java:624)
        at java.lang.Thread.run(Thread.java:750)
"Datanode State Machine Daemon Thread" daemon prio=5 tid=305 timed_waiting
java.lang.Thread.State: TIMED_WAITING
        at java.lang.Thread.sleep(Native Method)
        at org.apache.hadoop.ozone.container.common.statemachine.DatanodeStateMachine.startStateMachineThread(DatanodeStateMachine.java:324)
        at org.apache.hadoop.ozone.container.common.statemachine.DatanodeStateMachine.lambda$startDaemon$0(DatanodeStateMachine.java:509)
        at org.apache.hadoop.ozone.container.common.statemachine.DatanodeStateMachine$$Lambda$797/108845334.run(Unknown Source)
        at java.lang.Thread.run(Thread.java:750)
"ChunkWriter-2-0" daemon prio=5 tid=394 in Object.wait()
java.lang.Thread.State: WAITING (on object monitor)
        at sun.misc.Unsafe.park(Native Method)
        at java.util.concurrent.locks.LockSupport.park(LockSupport.java:175)
        at java.util.concurrent.locks.AbstractQueuedSynchronizer$ConditionObject.await(AbstractQueuedSynchronizer.java:2039)
        at java.util.concurrent.LinkedBlockingDeque.takeFirst(LinkedBlockingDeque.java:492)
        at java.util.concurrent.LinkedBlockingDeque.take(LinkedBlockingDeque.java:680)
        at java.util.concurrent.ThreadPoolExecutor.getTask(ThreadPoolExecutor.java:1074)
        at java.util.concurrent.ThreadPoolExecutor.runWorker(ThreadPoolExecutor.java:1134)
        at java.util.concurrent.ThreadPoolExecutor$Worker.run(ThreadPoolExecutor.java:624)
        at java.lang.Thread.run(Thread.java:750)
"IPC Server handler 0 on default port 34303" daemon prio=5 tid=155 timed_waiting
java.lang.Thread.State: TIMED_WAITING
        at sun.misc.Unsafe.park(Native Method)
        at java.util.concurrent.locks.LockSupport.parkNanos(LockSupport.java:215)
        at java.util.concurrent.locks.AbstractQueuedSynchronizer$ConditionObject.awaitNanos(AbstractQueuedSynchronizer.java:2078)
        at java.util.concurrent.LinkedBlockingQueue.poll(LinkedBlockingQueue.java:467)
        at org.apache.hadoop.ipc.CallQueueManager.take(CallQueueManager.java:317)
        at org.apache.hadoop.ipc.Server$Handler.run(Server.java:2942)
"ChunkWriter-3-0" daemon prio=5 tid=383 in Object.wait()
java.lang.Thread.State: WAITING (on object monitor)
        at sun.misc.Unsafe.park(Native Method)
        at java.util.concurrent.locks.LockSupport.park(LockSupport.java:175)
        at java.util.concurrent.locks.AbstractQueuedSynchronizer$ConditionObject.await(AbstractQueuedSynchronizer.java:2039)
        at java.util.concurrent.LinkedBlockingDeque.takeFirst(LinkedBlockingDeque.java:492)
        at java.util.concurrent.LinkedBlockingDeque.take(LinkedBlockingDeque.java:680)
        at java.util.concurrent.ThreadPoolExecutor.getTask(ThreadPoolExecutor.java:1074)
        at java.util.concurrent.ThreadPoolExecutor.runWorker(ThreadPoolExecutor.java:1134)
        at java.util.concurrent.ThreadPoolExecutor$Worker.run(ThreadPoolExecutor.java:624)
        at java.lang.Thread.run(Thread.java:750)
"BlockDeletingService#0" daemon prio=5 tid=362 in Object.wait()
java.lang.Thread.State: WAITING (on object monitor)
        at sun.misc.Unsafe.park(Native Method)
        at java.util.concurrent.locks.LockSupport.park(LockSupport.java:175)
        at java.util.concurrent.locks.AbstractQueuedSynchronizer$ConditionObject.await(AbstractQueuedSynchronizer.java:2039)
        at java.util.concurrent.ScheduledThreadPoolExecutor$DelayedWorkQueue.take(ScheduledThreadPoolExecutor.java:1088)
        at java.util.concurrent.ScheduledThreadPoolExecutor$DelayedWorkQueue.take(ScheduledThreadPoolExecutor.java:809)
        at java.util.concurrent.ThreadPoolExecutor.getTask(ThreadPoolExecutor.java:1074)
        at java.util.concurrent.ThreadPoolExecutor.runWorker(ThreadPoolExecutor.java:1134)
        at java.util.concurrent.ThreadPoolExecutor$Worker.run(ThreadPoolExecutor.java:624)
        at java.lang.Thread.run(Thread.java:750)
"IPC Server handler 4 on default port 42039" daemon prio=5 tid=91 timed_waiting
java.lang.Thread.State: TIMED_WAITING
        at sun.misc.Unsafe.park(Native Method)
        at java.util.concurrent.locks.LockSupport.parkNanos(LockSupport.java:215)
        at java.util.concurrent.locks.AbstractQueuedSynchronizer$ConditionObject.awaitNanos(AbstractQueuedSynchronizer.java:2078)
        at java.util.concurrent.LinkedBlockingQueue.poll(LinkedBlockingQueue.java:467)
        at org.apache.hadoop.ipc.CallQueueManager.take(CallQueueManager.java:317)
        at org.apache.hadoop.ipc.Server$Handler.run(Server.java:2942)
"ExpiredContainerReplicaOpScrubberThread" daemon prio=5 tid=18 timed_waiting
java.lang.Thread.State: TIMED_WAITING
        at java.lang.Object.wait(Native Method)
        at org.apache.hadoop.hdds.scm.ha.BackgroundSCMService.run(BackgroundSCMService.java:110)
        at org.apache.hadoop.hdds.scm.ha.BackgroundSCMService$$Lambda$395/799834280.run(Unknown Source)
        at java.lang.Thread.run(Thread.java:750)
"IPC Server handler 16 on default port 43507" daemon prio=5 tid=63 timed_waiting
java.lang.Thread.State: TIMED_WAITING
        at sun.misc.Unsafe.park(Native Method)
        at java.util.concurrent.locks.LockSupport.parkNanos(LockSupport.java:215)
        at java.util.concurrent.locks.AbstractQueuedSynchronizer$ConditionObject.awaitNanos(AbstractQueuedSynchronizer.java:2078)
        at java.util.concurrent.LinkedBlockingQueue.poll(LinkedBlockingQueue.java:467)
        at org.apache.hadoop.ipc.CallQueueManager.take(CallQueueManager.java:317)
        at org.apache.hadoop.ipc.Server$Handler.run(Server.java:2942)
"IPC Server handler 19 on default port 42039" daemon prio=5 tid=106 timed_waiting
java.lang.Thread.State: TIMED_WAITING
        at sun.misc.Unsafe.park(Native Method)
        at java.util.concurrent.locks.LockSupport.parkNanos(LockSupport.java:215)
        at java.util.concurrent.locks.AbstractQueuedSynchronizer$ConditionObject.awaitNanos(AbstractQueuedSynchronizer.java:2078)
        at java.util.concurrent.LinkedBlockingQueue.poll(LinkedBlockingQueue.java:467)
        at org.apache.hadoop.ipc.CallQueueManager.take(CallQueueManager.java:317)
        at org.apache.hadoop.ipc.Server$Handler.run(Server.java:2942)
"qtp192320682-218" daemon prio=5 tid=218 timed_waiting
java.lang.Thread.State: TIMED_WAITING
        at sun.misc.Unsafe.park(Native Method)
        at java.util.concurrent.locks.LockSupport.parkNanos(LockSupport.java:215)
        at java.util.concurrent.locks.AbstractQueuedSynchronizer$ConditionObject.awaitNanos(AbstractQueuedSynchronizer.java:2078)
        at org.eclipse.jetty.util.BlockingArrayQueue.poll(BlockingArrayQueue.java:382)
        at org.eclipse.jetty.util.thread.QueuedThreadPool$Runner.idleJobPoll(QueuedThreadPool.java:974)
        at org.eclipse.jetty.util.thread.QueuedThreadPool$Runner.run(QueuedThreadPool.java:1018)
        at java.lang.Thread.run(Thread.java:750)
"qtp507361937-192" daemon prio=5 tid=192 timed_waiting
java.lang.Thread.State: TIMED_WAITING
        at sun.misc.Unsafe.park(Native Method)
        at java.util.concurrent.locks.LockSupport.parkNanos(LockSupport.java:215)
        at java.util.concurrent.locks.AbstractQueuedSynchronizer$ConditionObject.awaitNanos(AbstractQueuedSynchronizer.java:2078)
        at org.eclipse.jetty.util.BlockingArrayQueue.poll(BlockingArrayQueue.java:382)
        at org.eclipse.jetty.util.thread.QueuedThreadPool$Runner.idleJobPoll(QueuedThreadPool.java:974)
        at org.eclipse.jetty.util.thread.QueuedThreadPool$Runner.run(QueuedThreadPool.java:1018)
        at java.lang.Thread.run(Thread.java:750)
"timer4" daemon prio=5 tid=533 timed_waiting
java.lang.Thread.State: TIMED_WAITING
        at java.lang.Object.wait(Native Method)
        at java.util.TimerThread.mainLoop(Timer.java:552)
        at java.util.TimerThread.run(Timer.java:505)
"ChunkWriter-0-0" daemon prio=5 tid=392 in Object.wait()
java.lang.Thread.State: WAITING (on object monitor)
        at sun.misc.Unsafe.park(Native Method)
        at java.util.concurrent.locks.LockSupport.park(LockSupport.java:175)
        at java.util.concurrent.locks.AbstractQueuedSynchronizer$ConditionObject.await(AbstractQueuedSynchronizer.java:2039)
        at java.util.concurrent.LinkedBlockingDeque.takeFirst(LinkedBlockingDeque.java:492)
        at java.util.concurrent.LinkedBlockingDeque.take(LinkedBlockingDeque.java:680)
        at java.util.concurrent.ThreadPoolExecutor.getTask(ThreadPoolExecutor.java:1074)
        at java.util.concurrent.ThreadPoolExecutor.runWorker(ThreadPoolExecutor.java:1134)
        at java.util.concurrent.ThreadPoolExecutor$Worker.run(ThreadPoolExecutor.java:624)
        at java.lang.Thread.run(Thread.java:750)
"IPC Server listener on 0" daemon prio=5 tid=131 runnable
java.lang.Thread.State: RUNNABLE
        at sun.nio.ch.EPollArrayWrapper.epollWait(Native Method)
        at sun.nio.ch.EPollArrayWrapper.poll(EPollArrayWrapper.java:269)
        at sun.nio.ch.EPollSelectorImpl.doSelect(EPollSelectorImpl.java:93)
        at sun.nio.ch.SelectorImpl.lockAndDoSelect(SelectorImpl.java:86)
        at sun.nio.ch.SelectorImpl.select(SelectorImpl.java:97)
        at sun.nio.ch.SelectorImpl.select(SelectorImpl.java:101)
        at org.apache.hadoop.ipc.Server$Listener.run(Server.java:1358)
"Command processor thread" daemon prio=5 tid=201 timed_waiting
java.lang.Thread.State: TIMED_WAITING
        at java.lang.Thread.sleep(Native Method)
        at org.apache.hadoop.ozone.container.common.statemachine.DatanodeStateMachine.lambda$initCommandHandlerThread$3(DatanodeStateMachine.java:644)
        at org.apache.hadoop.ozone.container.common.statemachine.DatanodeStateMachine$$Lambda$799/1524986595.run(Unknown Source)
        at java.lang.Thread.run(Thread.java:750)
"IPC Server handler 4 on default port 43507" daemon prio=5 tid=51 timed_waiting
java.lang.Thread.State: TIMED_WAITING
        at sun.misc.Unsafe.park(Native Method)
        at java.util.concurrent.locks.LockSupport.parkNanos(LockSupport.java:215)
        at java.util.concurrent.locks.AbstractQueuedSynchronizer$ConditionObject.awaitNanos(AbstractQueuedSynchronizer.java:2078)
        at java.util.concurrent.LinkedBlockingQueue.poll(LinkedBlockingQueue.java:467)
        at org.apache.hadoop.ipc.CallQueueManager.take(CallQueueManager.java:317)
        at org.apache.hadoop.ipc.Server$Handler.run(Server.java:2942)
"BlockDeletingService#2" daemon prio=5 tid=600 in Object.wait()
java.lang.Thread.State: WAITING (on object monitor)
        at sun.misc.Unsafe.park(Native Method)
        at java.util.concurrent.locks.LockSupport.park(LockSupport.java:175)
        at java.util.concurrent.locks.AbstractQueuedSynchronizer$ConditionObject.await(AbstractQueuedSynchronizer.java:2039)
        at java.util.concurrent.ScheduledThreadPoolExecutor$DelayedWorkQueue.take(ScheduledThreadPoolExecutor.java:1088)
        at java.util.concurrent.ScheduledThreadPoolExecutor$DelayedWorkQueue.take(ScheduledThreadPoolExecutor.java:809)
        at java.util.concurrent.ThreadPoolExecutor.getTask(ThreadPoolExecutor.java:1074)
        at java.util.concurrent.ThreadPoolExecutor.runWorker(ThreadPoolExecutor.java:1134)
        at java.util.concurrent.ThreadPoolExecutor$Worker.run(ThreadPoolExecutor.java:624)
        at java.lang.Thread.run(Thread.java:750)
"pool-195-thread-1"  prio=5 tid=322 timed_waiting
java.lang.Thread.State: TIMED_WAITING
        at sun.misc.Unsafe.park(Native Method)
        at java.util.concurrent.locks.LockSupport.parkNanos(LockSupport.java:215)
        at java.util.concurrent.locks.AbstractQueuedSynchronizer$ConditionObject.awaitNanos(AbstractQueuedSynchronizer.java:2078)
        at java.util.concurrent.ScheduledThreadPoolExecutor$DelayedWorkQueue.take(ScheduledThreadPoolExecutor.java:1093)
        at java.util.concurrent.ScheduledThreadPoolExecutor$DelayedWorkQueue.take(ScheduledThreadPoolExecutor.java:809)
        at java.util.concurrent.ThreadPoolExecutor.getTask(ThreadPoolExecutor.java:1074)
        at java.util.concurrent.ThreadPoolExecutor.runWorker(ThreadPoolExecutor.java:1134)
        at java.util.concurrent.ThreadPoolExecutor$Worker.run(ThreadPoolExecutor.java:624)
        at java.lang.Thread.run(Thread.java:750)
"StaleRecoveringContainerScrubbingService#1" daemon prio=5 tid=401 timed_waiting
java.lang.Thread.State: TIMED_WAITING
        at sun.misc.Unsafe.park(Native Method)
        at java.util.concurrent.locks.LockSupport.parkNanos(LockSupport.java:215)
        at java.util.concurrent.locks.AbstractQueuedSynchronizer$ConditionObject.awaitNanos(AbstractQueuedSynchronizer.java:2078)
        at java.util.concurrent.ScheduledThreadPoolExecutor$DelayedWorkQueue.take(ScheduledThreadPoolExecutor.java:1093)
        at java.util.concurrent.ScheduledThreadPoolExecutor$DelayedWorkQueue.take(ScheduledThreadPoolExecutor.java:809)
        at java.util.concurrent.ThreadPoolExecutor.getTask(ThreadPoolExecutor.java:1074)
        at java.util.concurrent.ThreadPoolExecutor.runWorker(ThreadPoolExecutor.java:1134)
        at java.util.concurrent.ThreadPoolExecutor$Worker.run(ThreadPoolExecutor.java:624)
        at java.lang.Thread.run(Thread.java:750)
"Datanode ReportManager Thread - 0" daemon prio=5 tid=333 in Object.wait()
java.lang.Thread.State: WAITING (on object monitor)
        at sun.misc.Unsafe.park(Native Method)
        at java.util.concurrent.locks.LockSupport.park(LockSupport.java:175)
        at java.util.concurrent.locks.AbstractQueuedSynchronizer$ConditionObject.await(AbstractQueuedSynchronizer.java:2039)
        at java.util.concurrent.ScheduledThreadPoolExecutor$DelayedWorkQueue.take(ScheduledThreadPoolExecutor.java:1088)
        at java.util.concurrent.ScheduledThreadPoolExecutor$DelayedWorkQueue.take(ScheduledThreadPoolExecutor.java:809)
        at java.util.concurrent.ThreadPoolExecutor.getTask(ThreadPoolExecutor.java:1074)
        at java.util.concurrent.ThreadPoolExecutor.runWorker(ThreadPoolExecutor.java:1134)
        at java.util.concurrent.ThreadPoolExecutor$Worker.run(ThreadPoolExecutor.java:624)
        at java.lang.Thread.run(Thread.java:750)
"OM StateMachine ApplyTransaction Thread - 0" daemon prio=5 tid=590 in Object.wait()
java.lang.Thread.State: WAITING (on object monitor)
        at sun.misc.Unsafe.park(Native Method)
        at java.util.concurrent.locks.LockSupport.park(LockSupport.java:175)
        at java.util.concurrent.locks.AbstractQueuedSynchronizer$ConditionObject.await(AbstractQueuedSynchronizer.java:2039)
        at java.util.concurrent.LinkedBlockingQueue.take(LinkedBlockingQueue.java:442)
        at java.util.concurrent.ThreadPoolExecutor.getTask(ThreadPoolExecutor.java:1074)
        at java.util.concurrent.ThreadPoolExecutor.runWorker(ThreadPoolExecutor.java:1134)
        at java.util.concurrent.ThreadPoolExecutor$Worker.run(ThreadPoolExecutor.java:624)
        at java.lang.Thread.run(Thread.java:750)
"482fd31e-156c-418e-9aed-e6d52525a62a@group-20D9327FE511-StateMachineUpdater" daemon prio=5 tid=437 timed_waiting
java.lang.Thread.State: TIMED_WAITING
        at sun.misc.Unsafe.park(Native Method)
        at java.util.concurrent.locks.LockSupport.parkNanos(LockSupport.java:215)
        at java.util.concurrent.locks.AbstractQueuedSynchronizer$ConditionObject.await(AbstractQueuedSynchronizer.java:2163)
        at org.apache.ratis.util.AwaitForSignal.await(AwaitForSignal.java:62)
        at org.apache.ratis.server.impl.StateMachineUpdater.waitForCommit(StateMachineUpdater.java:207)
        at org.apache.ratis.server.impl.StateMachineUpdater.run(StateMachineUpdater.java:176)
        at java.lang.Thread.run(Thread.java:750)
"IPC Server handler 19 on default port 37049" daemon prio=5 tid=86 timed_waiting
java.lang.Thread.State: TIMED_WAITING
        at sun.misc.Unsafe.park(Native Method)
        at java.util.concurrent.locks.LockSupport.parkNanos(LockSupport.java:215)
        at java.util.concurrent.locks.AbstractQueuedSynchronizer$ConditionObject.awaitNanos(AbstractQueuedSynchronizer.java:2078)
        at java.util.concurrent.LinkedBlockingQueue.poll(LinkedBlockingQueue.java:467)
        at org.apache.hadoop.ipc.CallQueueManager.take(CallQueueManager.java:317)
        at org.apache.hadoop.ipc.Server$Handler.run(Server.java:2942)
"Datanode State Machine Task Thread - 1"  prio=5 tid=341 in Object.wait()
java.lang.Thread.State: WAITING (on object monitor)
        at sun.misc.Unsafe.park(Native Method)
        at java.util.concurrent.locks.LockSupport.park(LockSupport.java:175)
        at java.util.concurrent.locks.AbstractQueuedSynchronizer$ConditionObject.await(AbstractQueuedSynchronizer.java:2039)
        at java.util.concurrent.LinkedBlockingQueue.take(LinkedBlockingQueue.java:442)
        at java.util.concurrent.ThreadPoolExecutor.getTask(ThreadPoolExecutor.java:1074)
        at java.util.concurrent.ThreadPoolExecutor.runWorker(ThreadPoolExecutor.java:1134)
        at java.util.concurrent.ThreadPoolExecutor$Worker.run(ThreadPoolExecutor.java:624)
        at java.lang.Thread.run(Thread.java:750)
"pool-110-thread-1" daemon prio=5 tid=236 timed_waiting
java.lang.Thread.State: TIMED_WAITING
        at sun.misc.Unsafe.park(Native Method)
        at java.util.concurrent.locks.LockSupport.parkNanos(LockSupport.java:215)
        at java.util.concurrent.locks.AbstractQueuedSynchronizer$ConditionObject.awaitNanos(AbstractQueuedSynchronizer.java:2078)
        at java.util.concurrent.ScheduledThreadPoolExecutor$DelayedWorkQueue.take(ScheduledThreadPoolExecutor.java:1093)
        at java.util.concurrent.ScheduledThreadPoolExecutor$DelayedWorkQueue.take(ScheduledThreadPoolExecutor.java:809)
        at java.util.concurrent.ThreadPoolExecutor.getTask(ThreadPoolExecutor.java:1074)
        at java.util.concurrent.ThreadPoolExecutor.runWorker(ThreadPoolExecutor.java:1134)
        at java.util.concurrent.ThreadPoolExecutor$Worker.run(ThreadPoolExecutor.java:624)
        at java.lang.Thread.run(Thread.java:750)
"Datanode State Machine Daemon Thread" daemon prio=5 tid=224 timed_waiting
java.lang.Thread.State: TIMED_WAITING
        at java.lang.Thread.sleep(Native Method)
        at org.apache.hadoop.ozone.container.common.statemachine.DatanodeStateMachine.startStateMachineThread(DatanodeStateMachine.java:324)
        at org.apache.hadoop.ozone.container.common.statemachine.DatanodeStateMachine.lambda$startDaemon$0(DatanodeStateMachine.java:509)
        at org.apache.hadoop.ozone.container.common.statemachine.DatanodeStateMachine$$Lambda$797/108845334.run(Unknown Source)
        at java.lang.Thread.run(Thread.java:750)
"qtp192320682-221" daemon prio=5 tid=221 timed_waiting
java.lang.Thread.State: TIMED_WAITING
        at sun.misc.Unsafe.park(Native Method)
        at java.util.concurrent.locks.LockSupport.parkNanos(LockSupport.java:215)
        at java.util.concurrent.locks.AbstractQueuedSynchronizer$ConditionObject.awaitNanos(AbstractQueuedSynchronizer.java:2078)
        at org.eclipse.jetty.util.BlockingArrayQueue.poll(BlockingArrayQueue.java:382)
        at org.eclipse.jetty.util.thread.QueuedThreadPool$Runner.idleJobPoll(QueuedThreadPool.java:974)
        at org.eclipse.jetty.util.thread.QueuedThreadPool$Runner.run(QueuedThreadPool.java:1018)
        at java.lang.Thread.run(Thread.java:750)
"Command processor thread" daemon prio=5 tid=338 timed_waiting
java.lang.Thread.State: TIMED_WAITING
        at java.lang.Thread.sleep(Native Method)
        at org.apache.hadoop.ozone.container.common.statemachine.DatanodeStateMachine.lambda$initCommandHandlerThread$3(DatanodeStateMachine.java:644)
        at org.apache.hadoop.ozone.container.common.statemachine.DatanodeStateMachine$$Lambda$799/1524986595.run(Unknown Source)
        at java.lang.Thread.run(Thread.java:750)
"cf55343f-a051-44b0-a85c-65c9cdfe5b3e-NettyServerStreamRpc-bossGroup--thread1"  prio=5 tid=238 runnable
java.lang.Thread.State: RUNNABLE
        at sun.nio.ch.EPollArrayWrapper.epollWait(Native Method)
        at sun.nio.ch.EPollArrayWrapper.poll(EPollArrayWrapper.java:269)
        at sun.nio.ch.EPollSelectorImpl.doSelect(EPollSelectorImpl.java:93)
        at sun.nio.ch.SelectorImpl.lockAndDoSelect(SelectorImpl.java:86)
        at sun.nio.ch.SelectorImpl.select(SelectorImpl.java:97)
        at sun.nio.ch.SelectorImpl.select(SelectorImpl.java:101)
        at org.apache.ratis.thirdparty.io.netty.channel.nio.SelectedSelectionKeySetSelector.select(SelectedSelectionKeySetSelector.java:68)
        at org.apache.ratis.thirdparty.io.netty.channel.nio.NioEventLoop.select(NioEventLoop.java:813)
        at org.apache.ratis.thirdparty.io.netty.channel.nio.NioEventLoop.run(NioEventLoop.java:460)
        at org.apache.ratis.thirdparty.io.netty.util.concurrent.SingleThreadEventExecutor$4.run(SingleThreadEventExecutor.java:995)
        at org.apache.ratis.thirdparty.io.netty.util.internal.ThreadExecutorMap$2.run(ThreadExecutorMap.java:74)
        at java.lang.Thread.run(Thread.java:750)
"Signal Dispatcher" daemon prio=9 tid=4 runnable
java.lang.Thread.State: RUNNABLE
"IPC Server handler 2 on default port 42039" daemon prio=5 tid=89 timed_waiting
java.lang.Thread.State: TIMED_WAITING
        at sun.misc.Unsafe.park(Native Method)
        at java.util.concurrent.locks.LockSupport.parkNanos(LockSupport.java:215)
        at java.util.concurrent.locks.AbstractQueuedSynchronizer$ConditionObject.awaitNanos(AbstractQueuedSynchronizer.java:2078)
        at java.util.concurrent.LinkedBlockingQueue.poll(LinkedBlockingQueue.java:467)
        at org.apache.hadoop.ipc.CallQueueManager.take(CallQueueManager.java:317)
        at org.apache.hadoop.ipc.Server$Handler.run(Server.java:2942)
"PartialTableCache Cleanup Thread - 0" daemon prio=5 tid=592 in Object.wait()
java.lang.Thread.State: WAITING (on object monitor)
        at sun.misc.Unsafe.park(Native Method)
        at java.util.concurrent.locks.LockSupport.park(LockSupport.java:175)
        at java.util.concurrent.locks.AbstractQueuedSynchronizer$ConditionObject.await(AbstractQueuedSynchronizer.java:2039)
        at java.util.concurrent.LinkedBlockingQueue.take(LinkedBlockingQueue.java:442)
        at java.util.concurrent.ThreadPoolExecutor.getTask(ThreadPoolExecutor.java:1074)
        at java.util.concurrent.ThreadPoolExecutor.runWorker(ThreadPoolExecutor.java:1134)
        at java.util.concurrent.ThreadPoolExecutor$Worker.run(ThreadPoolExecutor.java:624)
        at java.lang.Thread.run(Thread.java:750)
"BlockDeletingService#2" daemon prio=5 tid=604 in Object.wait()
java.lang.Thread.State: WAITING (on object monitor)
        at sun.misc.Unsafe.park(Native Method)
        at java.util.concurrent.locks.LockSupport.park(LockSupport.java:175)
        at java.util.concurrent.locks.AbstractQueuedSynchronizer$ConditionObject.await(AbstractQueuedSynchronizer.java:2039)
        at java.util.concurrent.ScheduledThreadPoolExecutor$DelayedWorkQueue.take(ScheduledThreadPoolExecutor.java:1088)
        at java.util.concurrent.ScheduledThreadPoolExecutor$DelayedWorkQueue.take(ScheduledThreadPoolExecutor.java:809)
        at java.util.concurrent.ThreadPoolExecutor.getTask(ThreadPoolExecutor.java:1074)
        at java.util.concurrent.ThreadPoolExecutor.runWorker(ThreadPoolExecutor.java:1134)
        at java.util.concurrent.ThreadPoolExecutor$Worker.run(ThreadPoolExecutor.java:624)
        at java.lang.Thread.run(Thread.java:750)
"Datanode ReportManager Thread - 1" daemon prio=5 tid=226 in Object.wait()
java.lang.Thread.State: WAITING (on object monitor)
        at sun.misc.Unsafe.park(Native Method)
        at java.util.concurrent.locks.LockSupport.park(LockSupport.java:175)
        at java.util.concurrent.locks.AbstractQueuedSynchronizer$ConditionObject.await(AbstractQueuedSynchronizer.java:2039)
        at java.util.concurrent.ScheduledThreadPoolExecutor$DelayedWorkQueue.take(ScheduledThreadPoolExecutor.java:1088)
        at java.util.concurrent.ScheduledThreadPoolExecutor$DelayedWorkQueue.take(ScheduledThreadPoolExecutor.java:809)
        at java.util.concurrent.ThreadPoolExecutor.getTask(ThreadPoolExecutor.java:1074)
        at java.util.concurrent.ThreadPoolExecutor.runWorker(ThreadPoolExecutor.java:1134)
        at java.util.concurrent.ThreadPoolExecutor$Worker.run(ThreadPoolExecutor.java:624)
        at java.lang.Thread.run(Thread.java:750)
"JvmPauseMonitor6" daemon prio=5 tid=408 timed_waiting
java.lang.Thread.State: TIMED_WAITING
        at java.lang.Thread.sleep(Native Method)
        at java.lang.Thread.sleep(Thread.java:342)
        at java.util.concurrent.TimeUnit.sleep(TimeUnit.java:386)
        at org.apache.ratis.util.TimeDuration.sleep(TimeDuration.java:325)
        at org.apache.ratis.util.TimeDuration.sleep(TimeDuration.java:310)
        at org.apache.ratis.util.JvmPauseMonitor.detectPause(JvmPauseMonitor.java:119)
        at org.apache.ratis.util.JvmPauseMonitor.run(JvmPauseMonitor.java:108)
        at org.apache.ratis.util.JvmPauseMonitor$$Lambda$749/143111683.run(Unknown Source)
        at java.lang.Thread.run(Thread.java:750)
"timer3" daemon prio=5 tid=531 timed_waiting
java.lang.Thread.State: TIMED_WAITING
        at java.lang.Object.wait(Native Method)
        at java.util.TimerThread.mainLoop(Timer.java:552)
        at java.util.TimerThread.run(Timer.java:505)
"qtp1832656647-325" daemon prio=5 tid=325 timed_waiting
java.lang.Thread.State: TIMED_WAITING
        at sun.misc.Unsafe.park(Native Method)
        at java.util.concurrent.locks.LockSupport.parkNanos(LockSupport.java:215)
        at java.util.concurrent.locks.AbstractQueuedSynchronizer$ConditionObject.awaitNanos(AbstractQueuedSynchronizer.java:2078)
        at org.eclipse.jetty.util.BlockingArrayQueue.poll(BlockingArrayQueue.java:382)
        at org.eclipse.jetty.util.thread.QueuedThreadPool$Runner.idleJobPoll(QueuedThreadPool.java:974)
        at org.eclipse.jetty.util.thread.QueuedThreadPool$Runner.run(QueuedThreadPool.java:1018)
        at java.lang.Thread.run(Thread.java:750)
"StaleRecoveringContainerScrubbingService#2" daemon prio=5 tid=607 in Object.wait()
java.lang.Thread.State: WAITING (on object monitor)
        at sun.misc.Unsafe.park(Native Method)
        at java.util.concurrent.locks.LockSupport.park(LockSupport.java:175)
        at java.util.concurrent.locks.AbstractQueuedSynchronizer$ConditionObject.await(AbstractQueuedSynchronizer.java:2039)
        at java.util.concurrent.ScheduledThreadPoolExecutor$DelayedWorkQueue.take(ScheduledThreadPoolExecutor.java:1088)
        at java.util.concurrent.ScheduledThreadPoolExecutor$DelayedWorkQueue.take(ScheduledThreadPoolExecutor.java:809)
        at java.util.concurrent.ThreadPoolExecutor.getTask(ThreadPoolExecutor.java:1074)
        at java.util.concurrent.ThreadPoolExecutor.runWorker(ThreadPoolExecutor.java:1134)
        at java.util.concurrent.ThreadPoolExecutor$Worker.run(ThreadPoolExecutor.java:624)
        at java.lang.Thread.run(Thread.java:750)
"Datanode State Machine Task Thread - 1"  prio=5 tid=354 in Object.wait()
java.lang.Thread.State: WAITING (on object monitor)
        at sun.misc.Unsafe.park(Native Method)
        at java.util.concurrent.locks.LockSupport.park(LockSupport.java:175)
        at java.util.concurrent.locks.AbstractQueuedSynchronizer$ConditionObject.await(AbstractQueuedSynchronizer.java:2039)
        at java.util.concurrent.LinkedBlockingQueue.take(LinkedBlockingQueue.java:442)
        at java.util.concurrent.ThreadPoolExecutor.getTask(ThreadPoolExecutor.java:1074)
        at java.util.concurrent.ThreadPoolExecutor.runWorker(ThreadPoolExecutor.java:1134)
        at java.util.concurrent.ThreadPoolExecutor$Worker.run(ThreadPoolExecutor.java:624)
        at java.lang.Thread.run(Thread.java:750)
"IPC Server handler 1 on default port 43507" daemon prio=5 tid=48 timed_waiting
java.lang.Thread.State: TIMED_WAITING
        at sun.misc.Unsafe.park(Native Method)
        at java.util.concurrent.locks.LockSupport.parkNanos(LockSupport.java:215)
        at java.util.concurrent.locks.AbstractQueuedSynchronizer$ConditionObject.awaitNanos(AbstractQueuedSynchronizer.java:2078)
        at java.util.concurrent.LinkedBlockingQueue.poll(LinkedBlockingQueue.java:467)
        at org.apache.hadoop.ipc.CallQueueManager.take(CallQueueManager.java:317)
        at org.apache.hadoop.ipc.Server$Handler.run(Server.java:2942)
"EndpointStateMachine task thread for /0.0.0.0:42039 - 0 "  prio=5 tid=379 in Object.wait()
java.lang.Thread.State: WAITING (on object monitor)
        at sun.misc.Unsafe.park(Native Method)
        at java.util.concurrent.locks.LockSupport.park(LockSupport.java:175)
        at java.util.concurrent.locks.AbstractQueuedSynchronizer$ConditionObject.await(AbstractQueuedSynchronizer.java:2039)
        at java.util.concurrent.LinkedBlockingQueue.take(LinkedBlockingQueue.java:442)
        at java.util.concurrent.ThreadPoolExecutor.getTask(ThreadPoolExecutor.java:1074)
        at java.util.concurrent.ThreadPoolExecutor.runWorker(ThreadPoolExecutor.java:1134)
        at java.util.concurrent.ThreadPoolExecutor$Worker.run(ThreadPoolExecutor.java:624)
        at java.lang.Thread.run(Thread.java:750)
"Datanode ReportManager Thread - 4" daemon prio=5 tid=200 timed_waiting
java.lang.Thread.State: TIMED_WAITING
        at sun.misc.Unsafe.park(Native Method)
        at java.util.concurrent.locks.LockSupport.parkNanos(LockSupport.java:215)
        at java.util.concurrent.locks.AbstractQueuedSynchronizer$ConditionObject.awaitNanos(AbstractQueuedSynchronizer.java:2078)
        at java.util.concurrent.ScheduledThreadPoolExecutor$DelayedWorkQueue.take(ScheduledThreadPoolExecutor.java:1093)
        at java.util.concurrent.ScheduledThreadPoolExecutor$DelayedWorkQueue.take(ScheduledThreadPoolExecutor.java:809)
        at java.util.concurrent.ThreadPoolExecutor.getTask(ThreadPoolExecutor.java:1074)
        at java.util.concurrent.ThreadPoolExecutor.runWorker(ThreadPoolExecutor.java:1134)
        at java.util.concurrent.ThreadPoolExecutor$Worker.run(ThreadPoolExecutor.java:624)
        at java.lang.Thread.run(Thread.java:750)
"org.apache.hadoop.util.JvmPauseMonitor$Monitor@475e3a08" daemon prio=5 tid=285 timed_waiting
java.lang.Thread.State: TIMED_WAITING
        at java.lang.Thread.sleep(Native Method)
        at org.apache.hadoop.util.JvmPauseMonitor$Monitor.run(JvmPauseMonitor.java:192)
        at java.lang.Thread.run(Thread.java:750)
"cf55343f-a051-44b0-a85c-65c9cdfe5b3e-server-thread1" daemon prio=5 tid=584 timed_waiting
java.lang.Thread.State: TIMED_WAITING
        at sun.misc.Unsafe.park(Native Method)
        at java.util.concurrent.locks.LockSupport.parkNanos(LockSupport.java:215)
        at java.util.concurrent.SynchronousQueue$TransferStack.awaitFulfill(SynchronousQueue.java:460)
        at java.util.concurrent.SynchronousQueue$TransferStack.transfer(SynchronousQueue.java:362)
        at java.util.concurrent.SynchronousQueue.poll(SynchronousQueue.java:941)
        at java.util.concurrent.ThreadPoolExecutor.getTask(ThreadPoolExecutor.java:1073)
        at java.util.concurrent.ThreadPoolExecutor.runWorker(ThreadPoolExecutor.java:1134)
        at java.util.concurrent.ThreadPoolExecutor$Worker.run(ThreadPoolExecutor.java:624)
        at java.lang.Thread.run(Thread.java:750)
"org.apache.hadoop.ozone.container.common.statemachine.commandhandler.DeleteBlocksCommandHandler$DeleteCmdWorker@b002c02" daemon prio=5 tid=267 timed_waiting
java.lang.Thread.State: TIMED_WAITING
        at java.lang.Thread.sleep(Native Method)
        at org.apache.hadoop.ozone.container.common.statemachine.commandhandler.DeleteBlocksCommandHandler$DeleteCmdWorker.run(DeleteBlocksCommandHandler.java:184)
        at java.lang.Thread.run(Thread.java:750)
"org.apache.hadoop.util.JvmPauseMonitor$Monitor@5cb708d0" daemon prio=5 tid=339 timed_waiting
java.lang.Thread.State: TIMED_WAITING
        at java.lang.Thread.sleep(Native Method)
        at org.apache.hadoop.util.JvmPauseMonitor$Monitor.run(JvmPauseMonitor.java:192)
        at java.lang.Thread.run(Thread.java:750)
"Session-HouseKeeper-39c0db85-1"  prio=5 tid=304 timed_waiting
java.lang.Thread.State: TIMED_WAITING
        at sun.misc.Unsafe.park(Native Method)
        at java.util.concurrent.locks.LockSupport.parkNanos(LockSupport.java:215)
        at java.util.concurrent.locks.AbstractQueuedSynchronizer$ConditionObject.awaitNanos(AbstractQueuedSynchronizer.java:2078)
        at java.util.concurrent.ScheduledThreadPoolExecutor$DelayedWorkQueue.take(ScheduledThreadPoolExecutor.java:1093)
        at java.util.concurrent.ScheduledThreadPoolExecutor$DelayedWorkQueue.take(ScheduledThreadPoolExecutor.java:809)
        at java.util.concurrent.ThreadPoolExecutor.getTask(ThreadPoolExecutor.java:1074)
        at java.util.concurrent.ThreadPoolExecutor.runWorker(ThreadPoolExecutor.java:1134)
        at java.util.concurrent.ThreadPoolExecutor$Worker.run(ThreadPoolExecutor.java:624)
        at java.lang.Thread.run(Thread.java:750)
"EndpointStateMachine task thread for /0.0.0.0:42039 - 0 "  prio=5 tid=367 in Object.wait()
java.lang.Thread.State: WAITING (on object monitor)
        at sun.misc.Unsafe.park(Native Method)
        at java.util.concurrent.locks.LockSupport.park(LockSupport.java:175)
        at java.util.concurrent.locks.AbstractQueuedSynchronizer$ConditionObject.await(AbstractQueuedSynchronizer.java:2039)
        at java.util.concurrent.LinkedBlockingQueue.take(LinkedBlockingQueue.java:442)
        at java.util.concurrent.ThreadPoolExecutor.getTask(ThreadPoolExecutor.java:1074)
        at java.util.concurrent.ThreadPoolExecutor.runWorker(ThreadPoolExecutor.java:1134)
        at java.util.concurrent.ThreadPoolExecutor$Worker.run(ThreadPoolExecutor.java:624)
        at java.lang.Thread.run(Thread.java:750)
"qtp275016957-249" daemon prio=5 tid=249 timed_waiting
java.lang.Thread.State: TIMED_WAITING
        at sun.misc.Unsafe.park(Native Method)
        at java.util.concurrent.locks.LockSupport.parkNanos(LockSupport.java:215)
        at java.util.concurrent.locks.AbstractQueuedSynchronizer$ConditionObject.awaitNanos(AbstractQueuedSynchronizer.java:2078)
        at org.eclipse.jetty.util.BlockingArrayQueue.poll(BlockingArrayQueue.java:382)
        at org.eclipse.jetty.util.thread.QueuedThreadPool$Runner.idleJobPoll(QueuedThreadPool.java:974)
        at org.eclipse.jetty.util.thread.QueuedThreadPool$Runner.run(QueuedThreadPool.java:1018)
        at java.lang.Thread.run(Thread.java:750)
"timer6" daemon prio=5 tid=546 timed_waiting
java.lang.Thread.State: TIMED_WAITING
        at java.lang.Object.wait(Native Method)
        at java.util.TimerThread.mainLoop(Timer.java:552)
        at java.util.TimerThread.run(Timer.java:505)
"org.apache.hadoop.ozone.container.common.statemachine.commandhandler.DeleteBlocksCommandHandler$DeleteCmdWorker@17020207" daemon prio=5 tid=184 timed_waiting
java.lang.Thread.State: TIMED_WAITING
        at java.lang.Thread.sleep(Native Method)
        at org.apache.hadoop.ozone.container.common.statemachine.commandhandler.DeleteBlocksCommandHandler$DeleteCmdWorker.run(DeleteBlocksCommandHandler.java:184)
        at java.lang.Thread.run(Thread.java:750)
"pool-30-thread-1"  prio=5 tid=109 timed_waiting
java.lang.Thread.State: TIMED_WAITING
        at sun.misc.Unsafe.park(Native Method)
        at java.util.concurrent.locks.LockSupport.parkNanos(LockSupport.java:215)
        at java.util.concurrent.locks.AbstractQueuedSynchronizer$ConditionObject.awaitNanos(AbstractQueuedSynchronizer.java:2078)
        at java.util.concurrent.ScheduledThreadPoolExecutor$DelayedWorkQueue.take(ScheduledThreadPoolExecutor.java:1093)
        at java.util.concurrent.ScheduledThreadPoolExecutor$DelayedWorkQueue.take(ScheduledThreadPoolExecutor.java:809)
        at java.util.concurrent.ThreadPoolExecutor.getTask(ThreadPoolExecutor.java:1074)
        at java.util.concurrent.ThreadPoolExecutor.runWorker(ThreadPoolExecutor.java:1134)
        at java.util.concurrent.ThreadPoolExecutor$Worker.run(ThreadPoolExecutor.java:624)
        at java.lang.Thread.run(Thread.java:750)
"qtp616421782-112" daemon prio=5 tid=112 timed_waiting
java.lang.Thread.State: TIMED_WAITING
        at sun.misc.Unsafe.park(Native Method)
        at java.util.concurrent.locks.LockSupport.parkNanos(LockSupport.java:215)
        at java.util.concurrent.locks.AbstractQueuedSynchronizer$ConditionObject.awaitNanos(AbstractQueuedSynchronizer.java:2078)
        at org.eclipse.jetty.util.BlockingArrayQueue.poll(BlockingArrayQueue.java:382)
        at org.eclipse.jetty.util.thread.QueuedThreadPool$Runner.idleJobPoll(QueuedThreadPool.java:974)
        at org.eclipse.jetty.util.thread.QueuedThreadPool$Runner.run(QueuedThreadPool.java:1018)
        at java.lang.Thread.run(Thread.java:750)
"ChunkWriter-3-0" daemon prio=5 tid=347 in Object.wait()
java.lang.Thread.State: WAITING (on object monitor)
        at sun.misc.Unsafe.park(Native Method)
        at java.util.concurrent.locks.LockSupport.park(LockSupport.java:175)
        at java.util.concurrent.locks.AbstractQueuedSynchronizer$ConditionObject.await(AbstractQueuedSynchronizer.java:2039)
        at java.util.concurrent.LinkedBlockingDeque.takeFirst(LinkedBlockingDeque.java:492)
        at java.util.concurrent.LinkedBlockingDeque.take(LinkedBlockingDeque.java:680)
        at java.util.concurrent.ThreadPoolExecutor.getTask(ThreadPoolExecutor.java:1074)
        at java.util.concurrent.ThreadPoolExecutor.runWorker(ThreadPoolExecutor.java:1134)
        at java.util.concurrent.ThreadPoolExecutor$Worker.run(ThreadPoolExecutor.java:624)
        at java.lang.Thread.run(Thread.java:750)
"Session-HouseKeeper-ced8cc7-1"  prio=5 tid=250 timed_waiting
java.lang.Thread.State: TIMED_WAITING
        at sun.misc.Unsafe.park(Native Method)
        at java.util.concurrent.locks.LockSupport.parkNanos(LockSupport.java:215)
        at java.util.concurrent.locks.AbstractQueuedSynchronizer$ConditionObject.awaitNanos(AbstractQueuedSynchronizer.java:2078)
        at java.util.concurrent.ScheduledThreadPoolExecutor$DelayedWorkQueue.take(ScheduledThreadPoolExecutor.java:1093)
        at java.util.concurrent.ScheduledThreadPoolExecutor$DelayedWorkQueue.take(ScheduledThreadPoolExecutor.java:809)
        at java.util.concurrent.ThreadPoolExecutor.getTask(ThreadPoolExecutor.java:1074)
        at java.util.concurrent.ThreadPoolExecutor.runWorker(ThreadPoolExecutor.java:1134)
        at java.util.concurrent.ThreadPoolExecutor$Worker.run(ThreadPoolExecutor.java:624)
        at java.lang.Thread.run(Thread.java:750)
"IPC Server handler 9 on default port 43507" daemon prio=5 tid=56 timed_waiting
java.lang.Thread.State: TIMED_WAITING
        at sun.misc.Unsafe.park(Native Method)
        at java.util.concurrent.locks.LockSupport.parkNanos(LockSupport.java:215)
        at java.util.concurrent.locks.AbstractQueuedSynchronizer$ConditionObject.awaitNanos(AbstractQueuedSynchronizer.java:2078)
        at java.util.concurrent.LinkedBlockingQueue.poll(LinkedBlockingQueue.java:467)
        at org.apache.hadoop.ipc.CallQueueManager.take(CallQueueManager.java:317)
        at org.apache.hadoop.ipc.Server$Handler.run(Server.java:2942)
"IPC Server handler 0 on default port 43507" daemon prio=5 tid=47 timed_waiting
java.lang.Thread.State: TIMED_WAITING
        at sun.misc.Unsafe.park(Native Method)
        at java.util.concurrent.locks.LockSupport.parkNanos(LockSupport.java:215)
        at java.util.concurrent.locks.AbstractQueuedSynchronizer$ConditionObject.awaitNanos(AbstractQueuedSynchronizer.java:2078)
        at java.util.concurrent.LinkedBlockingQueue.poll(LinkedBlockingQueue.java:467)
        at org.apache.hadoop.ipc.CallQueueManager.take(CallQueueManager.java:317)
        at org.apache.hadoop.ipc.Server$Handler.run(Server.java:2942)
"482fd31e-156c-418e-9aed-e6d52525a62a@group-225BCC242D8D->9684d5c9-574d-4083-afb3-2b5a0b78eb45-GrpcLogAppender-LogAppenderDaemon" daemon prio=5 tid=580 timed_waiting
java.lang.Thread.State: TIMED_WAITING
        at sun.misc.Unsafe.park(Native Method)
        at java.util.concurrent.locks.LockSupport.parkNanos(LockSupport.java:215)
        at java.util.concurrent.locks.AbstractQueuedSynchronizer$ConditionObject.await(AbstractQueuedSynchronizer.java:2163)
        at org.apache.ratis.util.AwaitForSignal.await(AwaitForSignal.java:62)
        at org.apache.ratis.grpc.server.GrpcLogAppender.mayWait(GrpcLogAppender.java:198)
        at org.apache.ratis.grpc.server.GrpcLogAppender.run(GrpcLogAppender.java:148)
        at org.apache.ratis.server.leader.LogAppenderDaemon.run(LogAppenderDaemon.java:78)
        at org.apache.ratis.server.leader.LogAppenderDaemon$$Lambda$1093/1204476946.run(Unknown Source)
        at java.lang.Thread.run(Thread.java:750)
"qtp507361937-187-acceptor-0@5f9b5baa-ServerConnector@4c9d87ff{HTTP/1.1, (http/1.1)}{0.0.0.0:46703}" daemon prio=3 tid=187 runnable
java.lang.Thread.State: RUNNABLE
        at sun.nio.ch.ServerSocketChannelImpl.accept0(Native Method)
        at sun.nio.ch.ServerSocketChannelImpl.accept(ServerSocketChannelImpl.java:421)
        at sun.nio.ch.ServerSocketChannelImpl.accept(ServerSocketChannelImpl.java:249)
        at org.eclipse.jetty.server.ServerConnector.accept(ServerConnector.java:388)
        at org.eclipse.jetty.server.AbstractConnector$Acceptor.run(AbstractConnector.java:704)
        at org.eclipse.jetty.util.thread.QueuedThreadPool.runJob(QueuedThreadPool.java:883)
        at org.eclipse.jetty.util.thread.QueuedThreadPool$Runner.run(QueuedThreadPool.java:1034)
        at java.lang.Thread.run(Thread.java:750)
"grpc-default-executor-2" daemon prio=5 tid=523 timed_waiting
java.lang.Thread.State: TIMED_WAITING
        at sun.misc.Unsafe.park(Native Method)
        at java.util.concurrent.locks.LockSupport.parkNanos(LockSupport.java:215)
        at java.util.concurrent.SynchronousQueue$TransferStack.awaitFulfill(SynchronousQueue.java:460)
        at java.util.concurrent.SynchronousQueue$TransferStack.transfer(SynchronousQueue.java:362)
        at java.util.concurrent.SynchronousQueue.poll(SynchronousQueue.java:941)
        at java.util.concurrent.ThreadPoolExecutor.getTask(ThreadPoolExecutor.java:1073)
        at java.util.concurrent.ThreadPoolExecutor.runWorker(ThreadPoolExecutor.java:1134)
        at java.util.concurrent.ThreadPoolExecutor$Worker.run(ThreadPoolExecutor.java:624)
        at java.lang.Thread.run(Thread.java:750)
"qtp507361937-189" daemon prio=5 tid=189 timed_waiting
java.lang.Thread.State: TIMED_WAITING
        at sun.misc.Unsafe.park(Native Method)
        at java.util.concurrent.locks.LockSupport.parkNanos(LockSupport.java:215)
        at java.util.concurrent.locks.AbstractQueuedSynchronizer$ConditionObject.awaitNanos(AbstractQueuedSynchronizer.java:2078)
        at org.eclipse.jetty.util.BlockingArrayQueue.poll(BlockingArrayQueue.java:382)
        at org.eclipse.jetty.util.thread.QueuedThreadPool$Runner.idleJobPoll(QueuedThreadPool.java:974)
        at org.eclipse.jetty.util.thread.QueuedThreadPool$Runner.run(QueuedThreadPool.java:1018)
        at java.lang.Thread.run(Thread.java:750)
"IPC Server handler 1 on default port 42039" daemon prio=5 tid=88 timed_waiting
java.lang.Thread.State: TIMED_WAITING
        at sun.misc.Unsafe.park(Native Method)
        at java.util.concurrent.locks.LockSupport.parkNanos(LockSupport.java:215)
        at java.util.concurrent.locks.AbstractQueuedSynchronizer$ConditionObject.awaitNanos(AbstractQueuedSynchronizer.java:2078)
        at java.util.concurrent.LinkedBlockingQueue.poll(LinkedBlockingQueue.java:467)
        at org.apache.hadoop.ipc.CallQueueManager.take(CallQueueManager.java:317)
        at org.apache.hadoop.ipc.Server$Handler.run(Server.java:2942)
"timer0" daemon prio=5 tid=549 timed_waiting
java.lang.Thread.State: TIMED_WAITING
        at java.lang.Object.wait(Native Method)
        at java.util.TimerThread.mainLoop(Timer.java:552)
        at java.util.TimerThread.run(Timer.java:505)
"qtp275016957-243-acceptor-0@1ee0aecf-ServerConnector@44747589{HTTP/1.1, (http/1.1)}{0.0.0.0:46467}" daemon prio=3 tid=243 runnable
java.lang.Thread.State: RUNNABLE
        at sun.nio.ch.ServerSocketChannelImpl.accept0(Native Method)
        at sun.nio.ch.ServerSocketChannelImpl.accept(ServerSocketChannelImpl.java:421)
        at sun.nio.ch.ServerSocketChannelImpl.accept(ServerSocketChannelImpl.java:249)
        at org.eclipse.jetty.server.ServerConnector.accept(ServerConnector.java:388)
        at org.eclipse.jetty.server.AbstractConnector$Acceptor.run(AbstractConnector.java:704)
        at org.eclipse.jetty.util.thread.QueuedThreadPool.runJob(QueuedThreadPool.java:883)
        at org.eclipse.jetty.util.thread.QueuedThreadPool$Runner.run(QueuedThreadPool.java:1034)
        at java.lang.Thread.run(Thread.java:750)
"de1dc05a-b420-436e-92e0-be95de2f8d14@group-6F7CAD6E2125-LeaderStateImpl" daemon prio=5 tid=536 timed_waiting
java.lang.Thread.State: TIMED_WAITING
        at sun.misc.Unsafe.park(Native Method)
        at java.util.concurrent.locks.LockSupport.parkNanos(LockSupport.java:215)
        at java.util.concurrent.locks.AbstractQueuedSynchronizer$ConditionObject.awaitNanos(AbstractQueuedSynchronizer.java:2078)
        at java.util.concurrent.ArrayBlockingQueue.poll(ArrayBlockingQueue.java:418)
        at org.apache.ratis.server.impl.LeaderStateImpl$EventQueue.poll(LeaderStateImpl.java:159)
        at org.apache.ratis.server.impl.LeaderStateImpl$EventProcessor.run(LeaderStateImpl.java:630)
"timer7" daemon prio=5 tid=550 timed_waiting
java.lang.Thread.State: TIMED_WAITING
        at java.lang.Object.wait(Native Method)
        at java.util.TimerThread.mainLoop(Timer.java:552)
        at java.util.TimerThread.run(Timer.java:505)
"qtp275016957-246" daemon prio=5 tid=246 timed_waiting
java.lang.Thread.State: TIMED_WAITING
        at sun.misc.Unsafe.park(Native Method)
        at java.util.concurrent.locks.LockSupport.parkNanos(LockSupport.java:215)
        at java.util.concurrent.locks.AbstractQueuedSynchronizer$ConditionObject.awaitNanos(AbstractQueuedSynchronizer.java:2078)
        at org.eclipse.jetty.util.BlockingArrayQueue.poll(BlockingArrayQueue.java:382)
        at org.eclipse.jetty.util.thread.QueuedThreadPool$Runner.idleJobPoll(QueuedThreadPool.java:974)
        at org.eclipse.jetty.util.thread.QueuedThreadPool$Runner.run(QueuedThreadPool.java:1018)
        at java.lang.Thread.run(Thread.java:750)
"9684d5c9-574d-4083-afb3-2b5a0b78eb45-server-thread1" daemon prio=5 tid=582 timed_waiting
java.lang.Thread.State: TIMED_WAITING
        at sun.misc.Unsafe.park(Native Method)
        at java.util.concurrent.locks.LockSupport.parkNanos(LockSupport.java:215)
        at java.util.concurrent.SynchronousQueue$TransferStack.awaitFulfill(SynchronousQueue.java:460)
        at java.util.concurrent.SynchronousQueue$TransferStack.transfer(SynchronousQueue.java:362)
        at java.util.concurrent.SynchronousQueue.poll(SynchronousQueue.java:941)
        at java.util.concurrent.ThreadPoolExecutor.getTask(ThreadPoolExecutor.java:1073)
        at java.util.concurrent.ThreadPoolExecutor.runWorker(ThreadPoolExecutor.java:1134)
        at java.util.concurrent.ThreadPoolExecutor$Worker.run(ThreadPoolExecutor.java:624)
        at java.lang.Thread.run(Thread.java:750)
"Datanode State Machine Task Thread - 1"  prio=5 tid=390 in Object.wait()
java.lang.Thread.State: WAITING (on object monitor)
        at sun.misc.Unsafe.park(Native Method)
        at java.util.concurrent.locks.LockSupport.park(LockSupport.java:175)
        at java.util.concurrent.locks.AbstractQueuedSynchronizer$ConditionObject.await(AbstractQueuedSynchronizer.java:2039)
        at java.util.concurrent.LinkedBlockingQueue.take(LinkedBlockingQueue.java:442)
        at java.util.concurrent.ThreadPoolExecutor.getTask(ThreadPoolExecutor.java:1074)
        at java.util.concurrent.ThreadPoolExecutor.runWorker(ThreadPoolExecutor.java:1134)
        at java.util.concurrent.ThreadPoolExecutor$Worker.run(ThreadPoolExecutor.java:624)
        at java.lang.Thread.run(Thread.java:750)
"ChunkWriter-0-0" daemon prio=5 tid=380 in Object.wait()
java.lang.Thread.State: WAITING (on object monitor)
        at sun.misc.Unsafe.park(Native Method)
        at java.util.concurrent.locks.LockSupport.park(LockSupport.java:175)
        at java.util.concurrent.locks.AbstractQueuedSynchronizer$ConditionObject.await(AbstractQueuedSynchronizer.java:2039)
        at java.util.concurrent.LinkedBlockingDeque.takeFirst(LinkedBlockingDeque.java:492)
        at java.util.concurrent.LinkedBlockingDeque.take(LinkedBlockingDeque.java:680)
        at java.util.concurrent.ThreadPoolExecutor.getTask(ThreadPoolExecutor.java:1074)
        at java.util.concurrent.ThreadPoolExecutor.runWorker(ThreadPoolExecutor.java:1134)
        at java.util.concurrent.ThreadPoolExecutor$Worker.run(ThreadPoolExecutor.java:624)
        at java.lang.Thread.run(Thread.java:750)
"StaleRecoveringContainerScrubbingService#0" daemon prio=5 tid=411 in Object.wait()
java.lang.Thread.State: WAITING (on object monitor)
        at sun.misc.Unsafe.park(Native Method)
        at java.util.concurrent.locks.LockSupport.park(LockSupport.java:175)
        at java.util.concurrent.locks.AbstractQueuedSynchronizer$ConditionObject.await(AbstractQueuedSynchronizer.java:2039)
        at java.util.concurrent.ScheduledThreadPoolExecutor$DelayedWorkQueue.take(ScheduledThreadPoolExecutor.java:1088)
        at java.util.concurrent.ScheduledThreadPoolExecutor$DelayedWorkQueue.take(ScheduledThreadPoolExecutor.java:809)
        at java.util.concurrent.ThreadPoolExecutor.getTask(ThreadPoolExecutor.java:1074)
        at java.util.concurrent.ThreadPoolExecutor.runWorker(ThreadPoolExecutor.java:1134)
        at java.util.concurrent.ThreadPoolExecutor$Worker.run(ThreadPoolExecutor.java:624)
        at java.lang.Thread.run(Thread.java:750)
"qtp192320682-222" daemon prio=5 tid=222 timed_waiting
java.lang.Thread.State: TIMED_WAITING
        at sun.misc.Unsafe.park(Native Method)
        at java.util.concurrent.locks.LockSupport.parkNanos(LockSupport.java:215)
        at java.util.concurrent.locks.AbstractQueuedSynchronizer$ConditionObject.awaitNanos(AbstractQueuedSynchronizer.java:2078)
        at org.eclipse.jetty.util.BlockingArrayQueue.poll(BlockingArrayQueue.java:382)
        at org.eclipse.jetty.util.thread.QueuedThreadPool$Runner.idleJobPoll(QueuedThreadPool.java:974)
        at org.eclipse.jetty.util.thread.QueuedThreadPool$Runner.run(QueuedThreadPool.java:1018)
        at java.lang.Thread.run(Thread.java:750)
"StaleRecoveringContainerScrubbingService#2" daemon prio=5 tid=601 in Object.wait()
java.lang.Thread.State: WAITING (on object monitor)
        at sun.misc.Unsafe.park(Native Method)
        at java.util.concurrent.locks.LockSupport.park(LockSupport.java:175)
        at java.util.concurrent.locks.AbstractQueuedSynchronizer$ConditionObject.await(AbstractQueuedSynchronizer.java:2039)
        at java.util.concurrent.ScheduledThreadPoolExecutor$DelayedWorkQueue.take(ScheduledThreadPoolExecutor.java:1088)
        at java.util.concurrent.ScheduledThreadPoolExecutor$DelayedWorkQueue.take(ScheduledThreadPoolExecutor.java:809)
        at java.util.concurrent.ThreadPoolExecutor.getTask(ThreadPoolExecutor.java:1074)
        at java.util.concurrent.ThreadPoolExecutor.runWorker(ThreadPoolExecutor.java:1134)
        at java.util.concurrent.ThreadPoolExecutor$Worker.run(ThreadPoolExecutor.java:624)
        at java.lang.Thread.run(Thread.java:750)
"BlockDeletingService#0" daemon prio=5 tid=398 in Object.wait()
java.lang.Thread.State: WAITING (on object monitor)
        at sun.misc.Unsafe.park(Native Method)
        at java.util.concurrent.locks.LockSupport.park(LockSupport.java:175)
        at java.util.concurrent.locks.AbstractQueuedSynchronizer$ConditionObject.await(AbstractQueuedSynchronizer.java:2039)
        at java.util.concurrent.ScheduledThreadPoolExecutor$DelayedWorkQueue.take(ScheduledThreadPoolExecutor.java:1088)
        at java.util.concurrent.ScheduledThreadPoolExecutor$DelayedWorkQueue.take(ScheduledThreadPoolExecutor.java:809)
        at java.util.concurrent.ThreadPoolExecutor.getTask(ThreadPoolExecutor.java:1074)
        at java.util.concurrent.ThreadPoolExecutor.runWorker(ThreadPoolExecutor.java:1134)
        at java.util.concurrent.ThreadPoolExecutor$Worker.run(ThreadPoolExecutor.java:624)
        at java.lang.Thread.run(Thread.java:750)
"BackgroundPipelineScrubberThread" daemon prio=5 tid=17 timed_waiting
java.lang.Thread.State: TIMED_WAITING
        at java.lang.Object.wait(Native Method)
        at org.apache.hadoop.hdds.scm.ha.BackgroundSCMService.run(BackgroundSCMService.java:110)
        at org.apache.hadoop.hdds.scm.ha.BackgroundSCMService$$Lambda$395/799834280.run(Unknown Source)
        at java.lang.Thread.run(Thread.java:750)
"ChunkWriter-1-0" daemon prio=5 tid=357 in Object.wait()
java.lang.Thread.State: WAITING (on object monitor)
        at sun.misc.Unsafe.park(Native Method)
        at java.util.concurrent.locks.LockSupport.park(LockSupport.java:175)
        at java.util.concurrent.locks.AbstractQueuedSynchronizer$ConditionObject.await(AbstractQueuedSynchronizer.java:2039)
        at java.util.concurrent.LinkedBlockingDeque.takeFirst(LinkedBlockingDeque.java:492)
        at java.util.concurrent.LinkedBlockingDeque.take(LinkedBlockingDeque.java:680)
        at java.util.concurrent.ThreadPoolExecutor.getTask(ThreadPoolExecutor.java:1074)
        at java.util.concurrent.ThreadPoolExecutor.runWorker(ThreadPoolExecutor.java:1134)
        at java.util.concurrent.ThreadPoolExecutor$Worker.run(ThreadPoolExecutor.java:624)
        at java.lang.Thread.run(Thread.java:750)
"Periodic HDDS volume checker" daemon prio=5 tid=315 timed_waiting
java.lang.Thread.State: TIMED_WAITING
        at sun.misc.Unsafe.park(Native Method)
        at java.util.concurrent.locks.LockSupport.parkNanos(LockSupport.java:215)
        at java.util.concurrent.locks.AbstractQueuedSynchronizer$ConditionObject.awaitNanos(AbstractQueuedSynchronizer.java:2078)
        at java.util.concurrent.ScheduledThreadPoolExecutor$DelayedWorkQueue.take(ScheduledThreadPoolExecutor.java:1093)
        at java.util.concurrent.ScheduledThreadPoolExecutor$DelayedWorkQueue.take(ScheduledThreadPoolExecutor.java:809)
        at java.util.concurrent.ThreadPoolExecutor.getTask(ThreadPoolExecutor.java:1074)
        at java.util.concurrent.ThreadPoolExecutor.runWorker(ThreadPoolExecutor.java:1134)
        at java.util.concurrent.ThreadPoolExecutor$Worker.run(ThreadPoolExecutor.java:624)
        at java.lang.Thread.run(Thread.java:750)
"EventQueue-OpenPipelineForHealthyPipelineSafeModeRule" daemon prio=5 tid=425 in Object.wait()
java.lang.Thread.State: WAITING (on object monitor)
        at sun.misc.Unsafe.park(Native Method)
        at java.util.concurrent.locks.LockSupport.park(LockSupport.java:175)
        at java.util.concurrent.locks.AbstractQueuedSynchronizer$ConditionObject.await(AbstractQueuedSynchronizer.java:2039)
        at java.util.concurrent.LinkedBlockingQueue.take(LinkedBlockingQueue.java:442)
        at java.util.concurrent.ThreadPoolExecutor.getTask(ThreadPoolExecutor.java:1074)
        at java.util.concurrent.ThreadPoolExecutor.runWorker(ThreadPoolExecutor.java:1134)
        at java.util.concurrent.ThreadPoolExecutor$Worker.run(ThreadPoolExecutor.java:624)
        at java.lang.Thread.run(Thread.java:750)
"qtp1846922173-151" daemon prio=5 tid=151 timed_waiting
java.lang.Thread.State: TIMED_WAITING
        at sun.misc.Unsafe.park(Native Method)
        at java.util.concurrent.locks.LockSupport.parkNanos(LockSupport.java:215)
        at java.util.concurrent.locks.AbstractQueuedSynchronizer$ConditionObject.awaitNanos(AbstractQueuedSynchronizer.java:2078)
        at org.eclipse.jetty.util.BlockingArrayQueue.poll(BlockingArrayQueue.java:382)
        at org.eclipse.jetty.util.thread.QueuedThreadPool$Runner.idleJobPoll(QueuedThreadPool.java:974)
        at org.eclipse.jetty.util.thread.QueuedThreadPool$Runner.run(QueuedThreadPool.java:1018)
        at java.lang.Thread.run(Thread.java:750)
"ChunkWriter-2-0" daemon prio=5 tid=346 in Object.wait()
java.lang.Thread.State: WAITING (on object monitor)
        at sun.misc.Unsafe.park(Native Method)
        at java.util.concurrent.locks.LockSupport.park(LockSupport.java:175)
        at java.util.concurrent.locks.AbstractQueuedSynchronizer$ConditionObject.await(AbstractQueuedSynchronizer.java:2039)
        at java.util.concurrent.LinkedBlockingDeque.takeFirst(LinkedBlockingDeque.java:492)
        at java.util.concurrent.LinkedBlockingDeque.take(LinkedBlockingDeque.java:680)
        at java.util.concurrent.ThreadPoolExecutor.getTask(ThreadPoolExecutor.java:1074)
        at java.util.concurrent.ThreadPoolExecutor.runWorker(ThreadPoolExecutor.java:1134)
        at java.util.concurrent.ThreadPoolExecutor$Worker.run(ThreadPoolExecutor.java:624)
        at java.lang.Thread.run(Thread.java:750)
"9684d5c9-574d-4083-afb3-2b5a0b78eb45@group-225BCC242D8D-FollowerState" daemon prio=5 tid=579 timed_waiting
java.lang.Thread.State: TIMED_WAITING
        at java.lang.Thread.sleep(Native Method)
        at java.lang.Thread.sleep(Thread.java:342)
        at java.util.concurrent.TimeUnit.sleep(TimeUnit.java:386)
        at org.apache.ratis.util.TimeDuration.sleep(TimeDuration.java:325)
        at org.apache.ratis.util.TimeDuration.sleep(TimeDuration.java:310)
        at org.apache.ratis.server.impl.FollowerState.run(FollowerState.java:128)
"qtp507361937-186" daemon prio=5 tid=186 runnable
java.lang.Thread.State: RUNNABLE
        at sun.nio.ch.EPollArrayWrapper.epollWait(Native Method)
        at sun.nio.ch.EPollArrayWrapper.poll(EPollArrayWrapper.java:269)
        at sun.nio.ch.EPollSelectorImpl.doSelect(EPollSelectorImpl.java:93)
        at sun.nio.ch.SelectorImpl.lockAndDoSelect(SelectorImpl.java:86)
        at sun.nio.ch.SelectorImpl.select(SelectorImpl.java:97)
        at sun.nio.ch.SelectorImpl.select(SelectorImpl.java:101)
        at org.eclipse.jetty.io.ManagedSelector.nioSelect(ManagedSelector.java:183)
        at org.eclipse.jetty.io.ManagedSelector.select(ManagedSelector.java:190)
        at org.eclipse.jetty.io.ManagedSelector$SelectorProducer.select(ManagedSelector.java:606)
        at org.eclipse.jetty.io.ManagedSelector$SelectorProducer.produce(ManagedSelector.java:543)
        at org.eclipse.jetty.util.thread.strategy.EatWhatYouKill.produceTask(EatWhatYouKill.java:362)
        at org.eclipse.jetty.util.thread.strategy.EatWhatYouKill.doProduce(EatWhatYouKill.java:186)
        at org.eclipse.jetty.util.thread.strategy.EatWhatYouKill.tryProduce(EatWhatYouKill.java:173)
        at org.eclipse.jetty.util.thread.strategy.EatWhatYouKill.produce(EatWhatYouKill.java:137)
        at org.eclipse.jetty.io.ManagedSelector$$Lambda$468/1286968216.run(Unknown Source)
        at org.eclipse.jetty.util.thread.QueuedThreadPool.runJob(QueuedThreadPool.java:883)
        at org.eclipse.jetty.util.thread.QueuedThreadPool$Runner.run(QueuedThreadPool.java:1034)
        at java.lang.Thread.run(Thread.java:750)
"IPC Server listener on 0" daemon prio=5 tid=28 runnable
java.lang.Thread.State: RUNNABLE
        at sun.nio.ch.EPollArrayWrapper.epollWait(Native Method)
        at sun.nio.ch.EPollArrayWrapper.poll(EPollArrayWrapper.java:269)
        at sun.nio.ch.EPollSelectorImpl.doSelect(EPollSelectorImpl.java:93)
        at sun.nio.ch.SelectorImpl.lockAndDoSelect(SelectorImpl.java:86)
        at sun.nio.ch.SelectorImpl.select(SelectorImpl.java:97)
        at sun.nio.ch.SelectorImpl.select(SelectorImpl.java:101)
        at org.apache.hadoop.ipc.Server$Listener.run(Server.java:1358)
"StaleRecoveringContainerScrubbingService#1" daemon prio=5 tid=365 timed_waiting
java.lang.Thread.State: TIMED_WAITING
        at sun.misc.Unsafe.park(Native Method)
        at java.util.concurrent.locks.LockSupport.parkNanos(LockSupport.java:215)
        at java.util.concurrent.locks.AbstractQueuedSynchronizer$ConditionObject.awaitNanos(AbstractQueuedSynchronizer.java:2078)
        at java.util.concurrent.ScheduledThreadPoolExecutor$DelayedWorkQueue.take(ScheduledThreadPoolExecutor.java:1093)
        at java.util.concurrent.ScheduledThreadPoolExecutor$DelayedWorkQueue.take(ScheduledThreadPoolExecutor.java:809)
        at java.util.concurrent.ThreadPoolExecutor.getTask(ThreadPoolExecutor.java:1074)
        at java.util.concurrent.ThreadPoolExecutor.runWorker(ThreadPoolExecutor.java:1134)
        at java.util.concurrent.ThreadPoolExecutor$Worker.run(ThreadPoolExecutor.java:624)
        at java.lang.Thread.run(Thread.java:750)
"ChunkWriter-3-0" daemon prio=5 tid=407 in Object.wait()
java.lang.Thread.State: WAITING (on object monitor)
        at sun.misc.Unsafe.park(Native Method)
        at java.util.concurrent.locks.LockSupport.park(LockSupport.java:175)
        at java.util.concurrent.locks.AbstractQueuedSynchronizer$ConditionObject.await(AbstractQueuedSynchronizer.java:2039)
        at java.util.concurrent.LinkedBlockingDeque.takeFirst(LinkedBlockingDeque.java:492)
        at java.util.concurrent.LinkedBlockingDeque.take(LinkedBlockingDeque.java:680)
        at java.util.concurrent.ThreadPoolExecutor.getTask(ThreadPoolExecutor.java:1074)
        at java.util.concurrent.ThreadPoolExecutor.runWorker(ThreadPoolExecutor.java:1134)
        at java.util.concurrent.ThreadPoolExecutor$Worker.run(ThreadPoolExecutor.java:624)
        at java.lang.Thread.run(Thread.java:750)
"IPC Server handler 16 on default port 34303" daemon prio=5 tid=171 timed_waiting
java.lang.Thread.State: TIMED_WAITING
        at sun.misc.Unsafe.park(Native Method)
        at java.util.concurrent.locks.LockSupport.parkNanos(LockSupport.java:215)
        at java.util.concurrent.locks.AbstractQueuedSynchronizer$ConditionObject.awaitNanos(AbstractQueuedSynchronizer.java:2078)
        at java.util.concurrent.LinkedBlockingQueue.poll(LinkedBlockingQueue.java:467)
        at org.apache.hadoop.ipc.CallQueueManager.take(CallQueueManager.java:317)
        at org.apache.hadoop.ipc.Server$Handler.run(Server.java:2942)
"IPC Server handler 11 on default port 43507" daemon prio=5 tid=58 timed_waiting
java.lang.Thread.State: TIMED_WAITING
        at sun.misc.Unsafe.park(Native Method)
        at java.util.concurrent.locks.LockSupport.parkNanos(LockSupport.java:215)
        at java.util.concurrent.locks.AbstractQueuedSynchronizer$ConditionObject.awaitNanos(AbstractQueuedSynchronizer.java:2078)
        at java.util.concurrent.LinkedBlockingQueue.poll(LinkedBlockingQueue.java:467)
        at org.apache.hadoop.ipc.CallQueueManager.take(CallQueueManager.java:317)
        at org.apache.hadoop.ipc.Server$Handler.run(Server.java:2942)
"Reference Handler" daemon prio=10 tid=2 in Object.wait()
java.lang.Thread.State: WAITING (on object monitor)
        at java.lang.Object.wait(Native Method)
        at java.lang.Object.wait(Object.java:502)
        at java.lang.ref.Reference.tryHandlePending(Reference.java:191)
        at java.lang.ref.Reference$ReferenceHandler.run(Reference.java:153)
"ChunkReader-ELG-0" daemon prio=5 tid=397 runnable
java.lang.Thread.State: RUNNABLE
        at org.apache.ratis.thirdparty.io.netty.channel.epoll.Native.epollWait(Native Method)
        at org.apache.ratis.thirdparty.io.netty.channel.epoll.Native.epollWait(Native.java:209)
        at org.apache.ratis.thirdparty.io.netty.channel.epoll.Native.epollWait(Native.java:202)
        at org.apache.ratis.thirdparty.io.netty.channel.epoll.EpollEventLoop.epollWaitNoTimerChange(EpollEventLoop.java:294)
        at org.apache.ratis.thirdparty.io.netty.channel.epoll.EpollEventLoop.run(EpollEventLoop.java:351)
        at org.apache.ratis.thirdparty.io.netty.util.concurrent.SingleThreadEventExecutor$4.run(SingleThreadEventExecutor.java:995)
        at org.apache.ratis.thirdparty.io.netty.util.internal.ThreadExecutorMap$2.run(ThreadExecutorMap.java:74)
        at java.lang.Thread.run(Thread.java:750)
"qtp549492098-276" daemon prio=5 tid=276 timed_waiting
java.lang.Thread.State: TIMED_WAITING
        at sun.misc.Unsafe.park(Native Method)
        at java.util.concurrent.locks.LockSupport.parkNanos(LockSupport.java:215)
        at java.util.concurrent.locks.AbstractQueuedSynchronizer$ConditionObject.awaitNanos(AbstractQueuedSynchronizer.java:2078)
        at org.eclipse.jetty.util.BlockingArrayQueue.poll(BlockingArrayQueue.java:382)
        at org.eclipse.jetty.util.thread.QueuedThreadPool$Runner.idleJobPoll(QueuedThreadPool.java:974)
        at org.eclipse.jetty.util.thread.QueuedThreadPool$Runner.run(QueuedThreadPool.java:1018)
        at java.lang.Thread.run(Thread.java:750)
"qtp549492098-274" daemon prio=5 tid=274 timed_waiting
java.lang.Thread.State: TIMED_WAITING
        at sun.misc.Unsafe.park(Native Method)
        at java.util.concurrent.locks.LockSupport.parkNanos(LockSupport.java:215)
        at java.util.concurrent.locks.AbstractQueuedSynchronizer$ConditionObject.awaitNanos(AbstractQueuedSynchronizer.java:2078)
        at org.eclipse.jetty.util.BlockingArrayQueue.poll(BlockingArrayQueue.java:382)
        at org.eclipse.jetty.util.thread.QueuedThreadPool$Runner.idleJobPoll(QueuedThreadPool.java:974)
        at org.eclipse.jetty.util.thread.QueuedThreadPool$Runner.run(QueuedThreadPool.java:1018)
        at java.lang.Thread.run(Thread.java:750)
"9684d5c9-574d-4083-afb3-2b5a0b78eb45@group-767D98A7D697-LeaderStateImpl" daemon prio=5 tid=503 timed_waiting
java.lang.Thread.State: TIMED_WAITING
        at sun.misc.Unsafe.park(Native Method)
        at java.util.concurrent.locks.LockSupport.parkNanos(LockSupport.java:215)
        at java.util.concurrent.locks.AbstractQueuedSynchronizer$ConditionObject.awaitNanos(AbstractQueuedSynchronizer.java:2078)
        at java.util.concurrent.ArrayBlockingQueue.poll(ArrayBlockingQueue.java:418)
        at org.apache.ratis.server.impl.LeaderStateImpl$EventQueue.poll(LeaderStateImpl.java:159)
        at org.apache.ratis.server.impl.LeaderStateImpl$EventProcessor.run(LeaderStateImpl.java:630)
"IPC Server handler 6 on default port 37049" daemon prio=5 tid=73 timed_waiting
java.lang.Thread.State: TIMED_WAITING
        at sun.misc.Unsafe.park(Native Method)
        at java.util.concurrent.locks.LockSupport.parkNanos(LockSupport.java:215)
        at java.util.concurrent.locks.AbstractQueuedSynchronizer$ConditionObject.awaitNanos(AbstractQueuedSynchronizer.java:2078)
        at java.util.concurrent.LinkedBlockingQueue.poll(LinkedBlockingQueue.java:467)
        at org.apache.hadoop.ipc.CallQueueManager.take(CallQueueManager.java:317)
        at org.apache.hadoop.ipc.Server$Handler.run(Server.java:2942)
"BlockDeletingService#0" daemon prio=5 tid=386 in Object.wait()
java.lang.Thread.State: WAITING (on object monitor)
        at sun.misc.Unsafe.park(Native Method)
        at java.util.concurrent.locks.LockSupport.park(LockSupport.java:175)
        at java.util.concurrent.locks.AbstractQueuedSynchronizer$ConditionObject.await(AbstractQueuedSynchronizer.java:2039)
        at java.util.concurrent.ScheduledThreadPoolExecutor$DelayedWorkQueue.take(ScheduledThreadPoolExecutor.java:1088)
        at java.util.concurrent.ScheduledThreadPoolExecutor$DelayedWorkQueue.take(ScheduledThreadPoolExecutor.java:809)
        at java.util.concurrent.ThreadPoolExecutor.getTask(ThreadPoolExecutor.java:1074)
        at java.util.concurrent.ThreadPoolExecutor.runWorker(ThreadPoolExecutor.java:1134)
        at java.util.concurrent.ThreadPoolExecutor$Worker.run(ThreadPoolExecutor.java:624)
        at java.lang.Thread.run(Thread.java:750)
"om1@group-C5BA1605619E-LeaderStateImpl" daemon prio=5 tid=210 timed_waiting
java.lang.Thread.State: TIMED_WAITING
        at sun.misc.Unsafe.park(Native Method)
        at java.util.concurrent.locks.LockSupport.parkNanos(LockSupport.java:215)
        at java.util.concurrent.locks.AbstractQueuedSynchronizer$ConditionObject.awaitNanos(AbstractQueuedSynchronizer.java:2078)
        at java.util.concurrent.ArrayBlockingQueue.poll(ArrayBlockingQueue.java:418)
        at org.apache.ratis.server.impl.LeaderStateImpl$EventQueue.poll(LeaderStateImpl.java:159)
        at org.apache.ratis.server.impl.LeaderStateImpl$EventProcessor.run(LeaderStateImpl.java:630)
"819a9d5b-d004-47f6-9883-bc546cfa0094@group-E63690302BF4-StateMachineUpdater" daemon prio=5 tid=499 timed_waiting
java.lang.Thread.State: TIMED_WAITING
        at sun.misc.Unsafe.park(Native Method)
        at java.util.concurrent.locks.LockSupport.parkNanos(LockSupport.java:215)
        at java.util.concurrent.locks.AbstractQueuedSynchronizer$ConditionObject.await(AbstractQueuedSynchronizer.java:2163)
        at org.apache.ratis.util.AwaitForSignal.await(AwaitForSignal.java:62)
        at org.apache.ratis.server.impl.StateMachineUpdater.waitForCommit(StateMachineUpdater.java:207)
        at org.apache.ratis.server.impl.StateMachineUpdater.run(StateMachineUpdater.java:176)
        at java.lang.Thread.run(Thread.java:750)
"cf55343f-a051-44b0-a85c-65c9cdfe5b3e-server-thread4" daemon prio=5 tid=588 timed_waiting
java.lang.Thread.State: TIMED_WAITING
        at sun.misc.Unsafe.park(Native Method)
        at java.util.concurrent.locks.LockSupport.parkNanos(LockSupport.java:215)
        at java.util.concurrent.SynchronousQueue$TransferStack.awaitFulfill(SynchronousQueue.java:460)
        at java.util.concurrent.SynchronousQueue$TransferStack.transfer(SynchronousQueue.java:362)
        at java.util.concurrent.SynchronousQueue.poll(SynchronousQueue.java:941)
        at java.util.concurrent.ThreadPoolExecutor.getTask(ThreadPoolExecutor.java:1073)
        at java.util.concurrent.ThreadPoolExecutor.runWorker(ThreadPoolExecutor.java:1134)
        at java.util.concurrent.ThreadPoolExecutor$Worker.run(ThreadPoolExecutor.java:624)
        at java.lang.Thread.run(Thread.java:750)
"BlockDeletingService#1" daemon prio=5 tid=400 timed_waiting
java.lang.Thread.State: TIMED_WAITING
        at sun.misc.Unsafe.park(Native Method)
        at java.util.concurrent.locks.LockSupport.parkNanos(LockSupport.java:215)
        at java.util.concurrent.locks.AbstractQueuedSynchronizer$ConditionObject.awaitNanos(AbstractQueuedSynchronizer.java:2078)
        at java.util.concurrent.ScheduledThreadPoolExecutor$DelayedWorkQueue.take(ScheduledThreadPoolExecutor.java:1093)
        at java.util.concurrent.ScheduledThreadPoolExecutor$DelayedWorkQueue.take(ScheduledThreadPoolExecutor.java:809)
        at java.util.concurrent.ThreadPoolExecutor.getTask(ThreadPoolExecutor.java:1074)
        at java.util.concurrent.ThreadPoolExecutor.runWorker(ThreadPoolExecutor.java:1134)
        at java.util.concurrent.ThreadPoolExecutor$Worker.run(ThreadPoolExecutor.java:624)
        at java.lang.Thread.run(Thread.java:750)
"Datanode ReportManager Thread - 3" daemon prio=5 tid=228 in Object.wait()
java.lang.Thread.State: WAITING (on object monitor)
        at sun.misc.Unsafe.park(Native Method)
        at java.util.concurrent.locks.LockSupport.park(LockSupport.java:175)
        at java.util.concurrent.locks.AbstractQueuedSynchronizer$ConditionObject.await(AbstractQueuedSynchronizer.java:2039)
        at java.util.concurrent.ScheduledThreadPoolExecutor$DelayedWorkQueue.take(ScheduledThreadPoolExecutor.java:1088)
        at java.util.concurrent.ScheduledThreadPoolExecutor$DelayedWorkQueue.take(ScheduledThreadPoolExecutor.java:809)
        at java.util.concurrent.ThreadPoolExecutor.getTask(ThreadPoolExecutor.java:1074)
        at java.util.concurrent.ThreadPoolExecutor.runWorker(ThreadPoolExecutor.java:1134)
        at java.util.concurrent.ThreadPoolExecutor$Worker.run(ThreadPoolExecutor.java:624)
        at java.lang.Thread.run(Thread.java:750)
"Session-HouseKeeper-59fb5d3a-1"  prio=5 tid=331 timed_waiting
java.lang.Thread.State: TIMED_WAITING
        at sun.misc.Unsafe.park(Native Method)
        at java.util.concurrent.locks.LockSupport.parkNanos(LockSupport.java:215)
        at java.util.concurrent.locks.AbstractQueuedSynchronizer$ConditionObject.awaitNanos(AbstractQueuedSynchronizer.java:2078)
        at java.util.concurrent.ScheduledThreadPoolExecutor$DelayedWorkQueue.take(ScheduledThreadPoolExecutor.java:1093)
        at java.util.concurrent.ScheduledThreadPoolExecutor$DelayedWorkQueue.take(ScheduledThreadPoolExecutor.java:809)
        at java.util.concurrent.ThreadPoolExecutor.getTask(ThreadPoolExecutor.java:1074)
        at java.util.concurrent.ThreadPoolExecutor.runWorker(ThreadPoolExecutor.java:1134)
        at java.util.concurrent.ThreadPoolExecutor$Worker.run(ThreadPoolExecutor.java:624)
        at java.lang.Thread.run(Thread.java:750)
"EventQueue-NodeRegistrationContainerReportForDataNodeSafeModeRule" daemon prio=5 tid=415 in Object.wait()
java.lang.Thread.State: WAITING (on object monitor)
        at sun.misc.Unsafe.park(Native Method)
        at java.util.concurrent.locks.LockSupport.park(LockSupport.java:175)
        at java.util.concurrent.locks.AbstractQueuedSynchronizer$ConditionObject.await(AbstractQueuedSynchronizer.java:2039)
        at java.util.concurrent.LinkedBlockingQueue.take(LinkedBlockingQueue.java:442)
        at java.util.concurrent.ThreadPoolExecutor.getTask(ThreadPoolExecutor.java:1074)
        at java.util.concurrent.ThreadPoolExecutor.runWorker(ThreadPoolExecutor.java:1134)
        at java.util.concurrent.ThreadPoolExecutor$Worker.run(ThreadPoolExecutor.java:624)
        at java.lang.Thread.run(Thread.java:750)
"EventQueue-DatanodeCommandForSCMNodeManager"  prio=5 tid=419 in Object.wait()
java.lang.Thread.State: WAITING (on object monitor)
        at sun.misc.Unsafe.park(Native Method)
        at java.util.concurrent.locks.LockSupport.park(LockSupport.java:175)
        at java.util.concurrent.locks.AbstractQueuedSynchronizer$ConditionObject.await(AbstractQueuedSynchronizer.java:2039)
        at java.util.concurrent.LinkedBlockingQueue.take(LinkedBlockingQueue.java:442)
        at java.util.concurrent.ThreadPoolExecutor.getTask(ThreadPoolExecutor.java:1074)
        at java.util.concurrent.ThreadPoolExecutor.runWorker(ThreadPoolExecutor.java:1134)
        at java.util.concurrent.ThreadPoolExecutor$Worker.run(ThreadPoolExecutor.java:624)
        at java.lang.Thread.run(Thread.java:750)
"ChunkWriter-0-0" daemon prio=5 tid=356 in Object.wait()
java.lang.Thread.State: WAITING (on object monitor)
        at sun.misc.Unsafe.park(Native Method)
        at java.util.concurrent.locks.LockSupport.park(LockSupport.java:175)
        at java.util.concurrent.locks.AbstractQueuedSynchronizer$ConditionObject.await(AbstractQueuedSynchronizer.java:2039)
        at java.util.concurrent.LinkedBlockingDeque.takeFirst(LinkedBlockingDeque.java:492)
        at java.util.concurrent.LinkedBlockingDeque.take(LinkedBlockingDeque.java:680)
        at java.util.concurrent.ThreadPoolExecutor.getTask(ThreadPoolExecutor.java:1074)
        at java.util.concurrent.ThreadPoolExecutor.runWorker(ThreadPoolExecutor.java:1134)
        at java.util.concurrent.ThreadPoolExecutor$Worker.run(ThreadPoolExecutor.java:624)
        at java.lang.Thread.run(Thread.java:750)
"IPC Server handler 18 on default port 37049" daemon prio=5 tid=85 timed_waiting
java.lang.Thread.State: TIMED_WAITING
        at sun.misc.Unsafe.park(Native Method)
        at java.util.concurrent.locks.LockSupport.parkNanos(LockSupport.java:215)
        at java.util.concurrent.locks.AbstractQueuedSynchronizer$ConditionObject.awaitNanos(AbstractQueuedSynchronizer.java:2078)
        at java.util.concurrent.LinkedBlockingQueue.poll(LinkedBlockingQueue.java:467)
        at org.apache.hadoop.ipc.CallQueueManager.take(CallQueueManager.java:317)
        at org.apache.hadoop.ipc.Server$Handler.run(Server.java:2942)
"819a9d5b-d004-47f6-9883-bc546cfa0094@group-E63690302BF4-SegmentedRaftLogWorker"  prio=5 tid=497 timed_waiting
java.lang.Thread.State: TIMED_WAITING
        at sun.misc.Unsafe.park(Native Method)
        at java.util.concurrent.locks.LockSupport.parkNanos(LockSupport.java:215)
        at java.util.concurrent.locks.AbstractQueuedSynchronizer$ConditionObject.awaitNanos(AbstractQueuedSynchronizer.java:2078)
        at org.apache.ratis.util.DataBlockingQueue.poll(DataBlockingQueue.java:148)
        at org.apache.ratis.server.raftlog.segmented.SegmentedRaftLogWorker.run(SegmentedRaftLogWorker.java:312)
        at org.apache.ratis.server.raftlog.segmented.SegmentedRaftLogWorker$$Lambda$708/579279345.run(Unknown Source)
        at java.lang.Thread.run(Thread.java:750)
"grpc-default-worker-ELG-3-1" daemon prio=5 tid=431 runnable
java.lang.Thread.State: RUNNABLE
        at org.apache.ratis.thirdparty.io.netty.channel.epoll.Native.epollWait0(Native Method)
        at org.apache.ratis.thirdparty.io.netty.channel.epoll.Native.epollWait(Native.java:182)
        at org.apache.ratis.thirdparty.io.netty.channel.epoll.EpollEventLoop.epollWait(EpollEventLoop.java:290)
        at org.apache.ratis.thirdparty.io.netty.channel.epoll.EpollEventLoop.run(EpollEventLoop.java:354)
        at org.apache.ratis.thirdparty.io.netty.util.concurrent.SingleThreadEventExecutor$4.run(SingleThreadEventExecutor.java:995)
        at org.apache.ratis.thirdparty.io.netty.util.internal.ThreadExecutorMap$2.run(ThreadExecutorMap.java:74)
        at org.apache.ratis.thirdparty.io.netty.util.concurrent.FastThreadLocalRunnable.run(FastThreadLocalRunnable.java:30)
        at java.lang.Thread.run(Thread.java:750)
"IPC Server handler 3 on default port 37049" daemon prio=5 tid=70 timed_waiting
java.lang.Thread.State: TIMED_WAITING
        at sun.misc.Unsafe.park(Native Method)
        at java.util.concurrent.locks.LockSupport.parkNanos(LockSupport.java:215)
        at java.util.concurrent.locks.AbstractQueuedSynchronizer$ConditionObject.awaitNanos(AbstractQueuedSynchronizer.java:2078)
        at java.util.concurrent.LinkedBlockingQueue.poll(LinkedBlockingQueue.java:467)
        at org.apache.hadoop.ipc.CallQueueManager.take(CallQueueManager.java:317)
        at org.apache.hadoop.ipc.Server$Handler.run(Server.java:2942)
"qtp507361937-190" daemon prio=5 tid=190 timed_waiting
java.lang.Thread.State: TIMED_WAITING
        at sun.misc.Unsafe.park(Native Method)
        at java.util.concurrent.locks.LockSupport.parkNanos(LockSupport.java:215)
        at java.util.concurrent.locks.AbstractQueuedSynchronizer$ConditionObject.awaitNanos(AbstractQueuedSynchronizer.java:2078)
        at org.eclipse.jetty.util.BlockingArrayQueue.poll(BlockingArrayQueue.java:382)
        at org.eclipse.jetty.util.thread.QueuedThreadPool$Runner.idleJobPoll(QueuedThreadPool.java:974)
        at org.eclipse.jetty.util.thread.QueuedThreadPool$Runner.run(QueuedThreadPool.java:1018)
        at java.lang.Thread.run(Thread.java:750)
"Datanode State Machine Daemon Thread" daemon prio=5 tid=332 timed_waiting
java.lang.Thread.State: TIMED_WAITING
        at java.lang.Thread.sleep(Native Method)
        at org.apache.hadoop.ozone.container.common.statemachine.DatanodeStateMachine.startStateMachineThread(DatanodeStateMachine.java:324)
        at org.apache.hadoop.ozone.container.common.statemachine.DatanodeStateMachine.lambda$startDaemon$0(DatanodeStateMachine.java:509)
        at org.apache.hadoop.ozone.container.common.statemachine.DatanodeStateMachine$$Lambda$797/108845334.run(Unknown Source)
        at java.lang.Thread.run(Thread.java:750)
"Datanode ReportManager Thread - 4" daemon prio=5 tid=283 timed_waiting
java.lang.Thread.State: TIMED_WAITING
        at sun.misc.Unsafe.park(Native Method)
        at java.util.concurrent.locks.LockSupport.parkNanos(LockSupport.java:215)
        at java.util.concurrent.locks.AbstractQueuedSynchronizer$ConditionObject.awaitNanos(AbstractQueuedSynchronizer.java:2078)
        at java.util.concurrent.ScheduledThreadPoolExecutor$DelayedWorkQueue.take(ScheduledThreadPoolExecutor.java:1093)
        at java.util.concurrent.ScheduledThreadPoolExecutor$DelayedWorkQueue.take(ScheduledThreadPoolExecutor.java:809)
        at java.util.concurrent.ThreadPoolExecutor.getTask(ThreadPoolExecutor.java:1074)
        at java.util.concurrent.ThreadPoolExecutor.runWorker(ThreadPoolExecutor.java:1134)
        at java.util.concurrent.ThreadPoolExecutor$Worker.run(ThreadPoolExecutor.java:624)
        at java.lang.Thread.run(Thread.java:750)
"IPC Server handler 5 on default port 37049" daemon prio=5 tid=72 timed_waiting
java.lang.Thread.State: TIMED_WAITING
        at sun.misc.Unsafe.park(Native Method)
        at java.util.concurrent.locks.LockSupport.parkNanos(LockSupport.java:215)
        at java.util.concurrent.locks.AbstractQueuedSynchronizer$ConditionObject.awaitNanos(AbstractQueuedSynchronizer.java:2078)
        at java.util.concurrent.LinkedBlockingQueue.poll(LinkedBlockingQueue.java:467)
        at org.apache.hadoop.ipc.CallQueueManager.take(CallQueueManager.java:317)
        at org.apache.hadoop.ipc.Server$Handler.run(Server.java:2942)
"9684d5c9-574d-4083-afb3-2b5a0b78eb45@group-767D98A7D697-SegmentedRaftLogWorker"  prio=5 tid=424 timed_waiting
java.lang.Thread.State: TIMED_WAITING
        at sun.misc.Unsafe.park(Native Method)
        at java.util.concurrent.locks.LockSupport.parkNanos(LockSupport.java:215)
        at java.util.concurrent.locks.AbstractQueuedSynchronizer$ConditionObject.awaitNanos(AbstractQueuedSynchronizer.java:2078)
        at org.apache.ratis.util.DataBlockingQueue.poll(DataBlockingQueue.java:148)
        at org.apache.ratis.server.raftlog.segmented.SegmentedRaftLogWorker.run(SegmentedRaftLogWorker.java:312)
        at org.apache.ratis.server.raftlog.segmented.SegmentedRaftLogWorker$$Lambda$708/579279345.run(Unknown Source)
        at java.lang.Thread.run(Thread.java:750)
"Datanode ReportManager Thread - 1" daemon prio=5 tid=197 in Object.wait()
java.lang.Thread.State: WAITING (on object monitor)
        at sun.misc.Unsafe.park(Native Method)
        at java.util.concurrent.locks.LockSupport.park(LockSupport.java:175)
        at java.util.concurrent.locks.AbstractQueuedSynchronizer$ConditionObject.await(AbstractQueuedSynchronizer.java:2039)
        at java.util.concurrent.ScheduledThreadPoolExecutor$DelayedWorkQueue.take(ScheduledThreadPoolExecutor.java:1088)
        at java.util.concurrent.ScheduledThreadPoolExecutor$DelayedWorkQueue.take(ScheduledThreadPoolExecutor.java:809)
        at java.util.concurrent.ThreadPoolExecutor.getTask(ThreadPoolExecutor.java:1074)
        at java.util.concurrent.ThreadPoolExecutor.runWorker(ThreadPoolExecutor.java:1134)
        at java.util.concurrent.ThreadPoolExecutor$Worker.run(ThreadPoolExecutor.java:624)
        at java.lang.Thread.run(Thread.java:750)
"IPC Server handler 18 on default port 43507" daemon prio=5 tid=65 timed_waiting
java.lang.Thread.State: TIMED_WAITING
        at sun.misc.Unsafe.park(Native Method)
        at java.util.concurrent.locks.LockSupport.parkNanos(LockSupport.java:215)
        at java.util.concurrent.locks.AbstractQueuedSynchronizer$ConditionObject.awaitNanos(AbstractQueuedSynchronizer.java:2078)
        at java.util.concurrent.LinkedBlockingQueue.poll(LinkedBlockingQueue.java:467)
        at org.apache.hadoop.ipc.CallQueueManager.take(CallQueueManager.java:317)
        at org.apache.hadoop.ipc.Server$Handler.run(Server.java:2942)
"qtp1347332959-297-acceptor-0@4697a3cb-ServerConnector@46d80eb{HTTP/1.1, (http/1.1)}{0.0.0.0:41519}" daemon prio=3 tid=297 runnable
java.lang.Thread.State: RUNNABLE
        at sun.nio.ch.ServerSocketChannelImpl.accept0(Native Method)
        at sun.nio.ch.ServerSocketChannelImpl.accept(ServerSocketChannelImpl.java:421)
        at sun.nio.ch.ServerSocketChannelImpl.accept(ServerSocketChannelImpl.java:249)
        at org.eclipse.jetty.server.ServerConnector.accept(ServerConnector.java:388)
        at org.eclipse.jetty.server.AbstractConnector$Acceptor.run(AbstractConnector.java:704)
        at org.eclipse.jetty.util.thread.QueuedThreadPool.runJob(QueuedThreadPool.java:883)
        at org.eclipse.jetty.util.thread.QueuedThreadPool$Runner.run(QueuedThreadPool.java:1034)
        at java.lang.Thread.run(Thread.java:750)
"StaleRecoveringContainerScrubbingService#2" daemon prio=5 tid=599 in Object.wait()
java.lang.Thread.State: WAITING (on object monitor)
        at sun.misc.Unsafe.park(Native Method)
        at java.util.concurrent.locks.LockSupport.park(LockSupport.java:175)
        at java.util.concurrent.locks.AbstractQueuedSynchronizer$ConditionObject.await(AbstractQueuedSynchronizer.java:2039)
        at java.util.concurrent.ScheduledThreadPoolExecutor$DelayedWorkQueue.take(ScheduledThreadPoolExecutor.java:1088)
        at java.util.concurrent.ScheduledThreadPoolExecutor$DelayedWorkQueue.take(ScheduledThreadPoolExecutor.java:809)
        at java.util.concurrent.ThreadPoolExecutor.getTask(ThreadPoolExecutor.java:1074)
        at java.util.concurrent.ThreadPoolExecutor.runWorker(ThreadPoolExecutor.java:1134)
        at java.util.concurrent.ThreadPoolExecutor$Worker.run(ThreadPoolExecutor.java:624)
        at java.lang.Thread.run(Thread.java:750)
"de1dc05a-b420-436e-92e0-be95de2f8d14-NettyServerStreamRpc-bossGroup--thread1"  prio=5 tid=265 runnable
java.lang.Thread.State: RUNNABLE
        at sun.nio.ch.EPollArrayWrapper.epollWait(Native Method)
        at sun.nio.ch.EPollArrayWrapper.poll(EPollArrayWrapper.java:269)
        at sun.nio.ch.EPollSelectorImpl.doSelect(EPollSelectorImpl.java:93)
        at sun.nio.ch.SelectorImpl.lockAndDoSelect(SelectorImpl.java:86)
        at sun.nio.ch.SelectorImpl.select(SelectorImpl.java:97)
        at sun.nio.ch.SelectorImpl.select(SelectorImpl.java:101)
        at org.apache.ratis.thirdparty.io.netty.channel.nio.SelectedSelectionKeySetSelector.select(SelectedSelectionKeySetSelector.java:68)
        at org.apache.ratis.thirdparty.io.netty.channel.nio.NioEventLoop.select(NioEventLoop.java:813)
        at org.apache.ratis.thirdparty.io.netty.channel.nio.NioEventLoop.run(NioEventLoop.java:460)
        at org.apache.ratis.thirdparty.io.netty.util.concurrent.SingleThreadEventExecutor$4.run(SingleThreadEventExecutor.java:995)
        at org.apache.ratis.thirdparty.io.netty.util.internal.ThreadExecutorMap$2.run(ThreadExecutorMap.java:74)
        at java.lang.Thread.run(Thread.java:750)
"qtp549492098-269" daemon prio=5 tid=269 runnable
java.lang.Thread.State: RUNNABLE
        at sun.nio.ch.EPollArrayWrapper.epollWait(Native Method)
        at sun.nio.ch.EPollArrayWrapper.poll(EPollArrayWrapper.java:269)
        at sun.nio.ch.EPollSelectorImpl.doSelect(EPollSelectorImpl.java:93)
        at sun.nio.ch.SelectorImpl.lockAndDoSelect(SelectorImpl.java:86)
        at sun.nio.ch.SelectorImpl.select(SelectorImpl.java:97)
        at sun.nio.ch.SelectorImpl.select(SelectorImpl.java:101)
        at org.eclipse.jetty.io.ManagedSelector.nioSelect(ManagedSelector.java:183)
        at org.eclipse.jetty.io.ManagedSelector.select(ManagedSelector.java:190)
        at org.eclipse.jetty.io.ManagedSelector$SelectorProducer.select(ManagedSelector.java:606)
        at org.eclipse.jetty.io.ManagedSelector$SelectorProducer.produce(ManagedSelector.java:543)
        at org.eclipse.jetty.util.thread.strategy.EatWhatYouKill.produceTask(EatWhatYouKill.java:362)
        at org.eclipse.jetty.util.thread.strategy.EatWhatYouKill.doProduce(EatWhatYouKill.java:186)
        at org.eclipse.jetty.util.thread.strategy.EatWhatYouKill.tryProduce(EatWhatYouKill.java:173)
        at org.eclipse.jetty.util.thread.strategy.EatWhatYouKill.produce(EatWhatYouKill.java:137)
        at org.eclipse.jetty.io.ManagedSelector$$Lambda$468/1286968216.run(Unknown Source)
        at org.eclipse.jetty.util.thread.QueuedThreadPool.runJob(QueuedThreadPool.java:883)
        at org.eclipse.jetty.util.thread.QueuedThreadPool$Runner.run(QueuedThreadPool.java:1034)
        at java.lang.Thread.run(Thread.java:750)
"EventQueue-NodeRegistrationContainerReportForContainerSafeModeRule" daemon prio=5 tid=416 in Object.wait()
java.lang.Thread.State: WAITING (on object monitor)
        at sun.misc.Unsafe.park(Native Method)
        at java.util.concurrent.locks.LockSupport.park(LockSupport.java:175)
        at java.util.concurrent.locks.AbstractQueuedSynchronizer$ConditionObject.await(AbstractQueuedSynchronizer.java:2039)
        at java.util.concurrent.LinkedBlockingQueue.take(LinkedBlockingQueue.java:442)
        at java.util.concurrent.ThreadPoolExecutor.getTask(ThreadPoolExecutor.java:1074)
        at java.util.concurrent.ThreadPoolExecutor.runWorker(ThreadPoolExecutor.java:1134)
        at java.util.concurrent.ThreadPoolExecutor$Worker.run(ThreadPoolExecutor.java:624)
        at java.lang.Thread.run(Thread.java:750)
"pool-179-thread-1" daemon prio=5 tid=317 timed_waiting
java.lang.Thread.State: TIMED_WAITING
        at sun.misc.Unsafe.park(Native Method)
        at java.util.concurrent.locks.LockSupport.parkNanos(LockSupport.java:215)
        at java.util.concurrent.locks.AbstractQueuedSynchronizer$ConditionObject.awaitNanos(AbstractQueuedSynchronizer.java:2078)
        at java.util.concurrent.ScheduledThreadPoolExecutor$DelayedWorkQueue.take(ScheduledThreadPoolExecutor.java:1093)
        at java.util.concurrent.ScheduledThreadPoolExecutor$DelayedWorkQueue.take(ScheduledThreadPoolExecutor.java:809)
        at java.util.concurrent.ThreadPoolExecutor.getTask(ThreadPoolExecutor.java:1074)
        at java.util.concurrent.ThreadPoolExecutor.runWorker(ThreadPoolExecutor.java:1134)
        at java.util.concurrent.ThreadPoolExecutor$Worker.run(ThreadPoolExecutor.java:624)
        at java.lang.Thread.run(Thread.java:750)
"ChunkWriter-1-0" daemon prio=5 tid=381 in Object.wait()
java.lang.Thread.State: WAITING (on object monitor)
        at sun.misc.Unsafe.park(Native Method)
        at java.util.concurrent.locks.LockSupport.park(LockSupport.java:175)
        at java.util.concurrent.locks.AbstractQueuedSynchronizer$ConditionObject.await(AbstractQueuedSynchronizer.java:2039)
        at java.util.concurrent.LinkedBlockingDeque.takeFirst(LinkedBlockingDeque.java:492)
        at java.util.concurrent.LinkedBlockingDeque.take(LinkedBlockingDeque.java:680)
        at java.util.concurrent.ThreadPoolExecutor.getTask(ThreadPoolExecutor.java:1074)
        at java.util.concurrent.ThreadPoolExecutor.runWorker(ThreadPoolExecutor.java:1134)
        at java.util.concurrent.ThreadPoolExecutor$Worker.run(ThreadPoolExecutor.java:624)
        at java.lang.Thread.run(Thread.java:750)
"IPC Server handler 7 on default port 43507" daemon prio=5 tid=54 timed_waiting
java.lang.Thread.State: TIMED_WAITING
        at sun.misc.Unsafe.park(Native Method)
        at java.util.concurrent.locks.LockSupport.parkNanos(LockSupport.java:215)
        at java.util.concurrent.locks.AbstractQueuedSynchronizer$ConditionObject.awaitNanos(AbstractQueuedSynchronizer.java:2078)
        at java.util.concurrent.LinkedBlockingQueue.poll(LinkedBlockingQueue.java:467)
        at org.apache.hadoop.ipc.CallQueueManager.take(CallQueueManager.java:317)
        at org.apache.hadoop.ipc.Server$Handler.run(Server.java:2942)
"IPC Server handler 16 on default port 37049" daemon prio=5 tid=83 timed_waiting
java.lang.Thread.State: TIMED_WAITING
        at sun.misc.Unsafe.park(Native Method)
        at java.util.concurrent.locks.LockSupport.parkNanos(LockSupport.java:215)
        at java.util.concurrent.locks.AbstractQueuedSynchronizer$ConditionObject.awaitNanos(AbstractQueuedSynchronizer.java:2078)
        at java.util.concurrent.LinkedBlockingQueue.poll(LinkedBlockingQueue.java:467)
        at org.apache.hadoop.ipc.CallQueueManager.take(CallQueueManager.java:317)
        at org.apache.hadoop.ipc.Server$Handler.run(Server.java:2942)
"ChunkReader-ELG-0" daemon prio=5 tid=385 runnable
java.lang.Thread.State: RUNNABLE
        at org.apache.ratis.thirdparty.io.netty.channel.epoll.Native.epollWait(Native Method)
        at org.apache.ratis.thirdparty.io.netty.channel.epoll.Native.epollWait(Native.java:209)
        at org.apache.ratis.thirdparty.io.netty.channel.epoll.Native.epollWait(Native.java:202)
        at org.apache.ratis.thirdparty.io.netty.channel.epoll.EpollEventLoop.epollWaitNoTimerChange(EpollEventLoop.java:294)
        at org.apache.ratis.thirdparty.io.netty.channel.epoll.EpollEventLoop.run(EpollEventLoop.java:351)
        at org.apache.ratis.thirdparty.io.netty.util.concurrent.SingleThreadEventExecutor$4.run(SingleThreadEventExecutor.java:995)
        at org.apache.ratis.thirdparty.io.netty.util.internal.ThreadExecutorMap$2.run(ThreadExecutorMap.java:74)
        at java.lang.Thread.run(Thread.java:750)
"482fd31e-156c-418e-9aed-e6d52525a62a-NettyServerStreamRpc-bossGroup--thread1"  prio=5 tid=211 runnable
java.lang.Thread.State: RUNNABLE
        at sun.nio.ch.EPollArrayWrapper.epollWait(Native Method)
        at sun.nio.ch.EPollArrayWrapper.poll(EPollArrayWrapper.java:269)
        at sun.nio.ch.EPollSelectorImpl.doSelect(EPollSelectorImpl.java:93)
        at sun.nio.ch.SelectorImpl.lockAndDoSelect(SelectorImpl.java:86)
        at sun.nio.ch.SelectorImpl.select(SelectorImpl.java:97)
        at sun.nio.ch.SelectorImpl.select(SelectorImpl.java:101)
        at org.apache.ratis.thirdparty.io.netty.channel.nio.SelectedSelectionKeySetSelector.select(SelectedSelectionKeySetSelector.java:68)
        at org.apache.ratis.thirdparty.io.netty.channel.nio.NioEventLoop.select(NioEventLoop.java:813)
        at org.apache.ratis.thirdparty.io.netty.channel.nio.NioEventLoop.run(NioEventLoop.java:460)
        at org.apache.ratis.thirdparty.io.netty.util.concurrent.SingleThreadEventExecutor$4.run(SingleThreadEventExecutor.java:995)
        at org.apache.ratis.thirdparty.io.netty.util.internal.ThreadExecutorMap$2.run(ThreadExecutorMap.java:74)
        at java.lang.Thread.run(Thread.java:750)
"ChunkWriter-1-0" daemon prio=5 tid=393 in Object.wait()
java.lang.Thread.State: WAITING (on object monitor)
        at sun.misc.Unsafe.park(Native Method)
        at java.util.concurrent.locks.LockSupport.park(LockSupport.java:175)
        at java.util.concurrent.locks.AbstractQueuedSynchronizer$ConditionObject.await(AbstractQueuedSynchronizer.java:2039)
        at java.util.concurrent.LinkedBlockingDeque.takeFirst(LinkedBlockingDeque.java:492)
        at java.util.concurrent.LinkedBlockingDeque.take(LinkedBlockingDeque.java:680)
        at java.util.concurrent.ThreadPoolExecutor.getTask(ThreadPoolExecutor.java:1074)
        at java.util.concurrent.ThreadPoolExecutor.runWorker(ThreadPoolExecutor.java:1134)
        at java.util.concurrent.ThreadPoolExecutor$Worker.run(ThreadPoolExecutor.java:624)
        at java.lang.Thread.run(Thread.java:750)
"EndpointStateMachine task thread for /0.0.0.0:42039 - 0 "  prio=5 tid=391 in Object.wait()
java.lang.Thread.State: WAITING (on object monitor)
        at sun.misc.Unsafe.park(Native Method)
        at java.util.concurrent.locks.LockSupport.park(LockSupport.java:175)
        at java.util.concurrent.locks.AbstractQueuedSynchronizer$ConditionObject.await(AbstractQueuedSynchronizer.java:2039)
        at java.util.concurrent.LinkedBlockingQueue.take(LinkedBlockingQueue.java:442)
        at java.util.concurrent.ThreadPoolExecutor.getTask(ThreadPoolExecutor.java:1074)
        at java.util.concurrent.ThreadPoolExecutor.runWorker(ThreadPoolExecutor.java:1134)
        at java.util.concurrent.ThreadPoolExecutor$Worker.run(ThreadPoolExecutor.java:624)
        at java.lang.Thread.run(Thread.java:750)
"IPC Server handler 6 on default port 34303" daemon prio=5 tid=161 timed_waiting
java.lang.Thread.State: TIMED_WAITING
        at sun.misc.Unsafe.park(Native Method)
        at java.util.concurrent.locks.LockSupport.parkNanos(LockSupport.java:215)
        at java.util.concurrent.locks.AbstractQueuedSynchronizer$ConditionObject.awaitNanos(AbstractQueuedSynchronizer.java:2078)
        at java.util.concurrent.LinkedBlockingQueue.poll(LinkedBlockingQueue.java:467)
        at org.apache.hadoop.ipc.CallQueueManager.take(CallQueueManager.java:317)
        at org.apache.hadoop.ipc.Server$Handler.run(Server.java:2942)
"ChunkWriter-0-0" daemon prio=5 tid=404 in Object.wait()
java.lang.Thread.State: WAITING (on object monitor)
        at sun.misc.Unsafe.park(Native Method)
        at java.util.concurrent.locks.LockSupport.park(LockSupport.java:175)
        at java.util.concurrent.locks.AbstractQueuedSynchronizer$ConditionObject.await(AbstractQueuedSynchronizer.java:2039)
        at java.util.concurrent.LinkedBlockingDeque.takeFirst(LinkedBlockingDeque.java:492)
        at java.util.concurrent.LinkedBlockingDeque.take(LinkedBlockingDeque.java:680)
        at java.util.concurrent.ThreadPoolExecutor.getTask(ThreadPoolExecutor.java:1074)
        at java.util.concurrent.ThreadPoolExecutor.runWorker(ThreadPoolExecutor.java:1134)
        at java.util.concurrent.ThreadPoolExecutor$Worker.run(ThreadPoolExecutor.java:624)
        at java.lang.Thread.run(Thread.java:750)
"BlockDeletingService#1" daemon prio=5 tid=353 timed_waiting
java.lang.Thread.State: TIMED_WAITING
        at sun.misc.Unsafe.park(Native Method)
        at java.util.concurrent.locks.LockSupport.parkNanos(LockSupport.java:215)
        at java.util.concurrent.locks.AbstractQueuedSynchronizer$ConditionObject.awaitNanos(AbstractQueuedSynchronizer.java:2078)
        at java.util.concurrent.ScheduledThreadPoolExecutor$DelayedWorkQueue.take(ScheduledThreadPoolExecutor.java:1093)
        at java.util.concurrent.ScheduledThreadPoolExecutor$DelayedWorkQueue.take(ScheduledThreadPoolExecutor.java:809)
        at java.util.concurrent.ThreadPoolExecutor.getTask(ThreadPoolExecutor.java:1074)
        at java.util.concurrent.ThreadPoolExecutor.runWorker(ThreadPoolExecutor.java:1134)
        at java.util.concurrent.ThreadPoolExecutor$Worker.run(ThreadPoolExecutor.java:624)
        at java.lang.Thread.run(Thread.java:750)
"IPC Server handler 15 on default port 43507" daemon prio=5 tid=62 timed_waiting
java.lang.Thread.State: TIMED_WAITING
        at sun.misc.Unsafe.park(Native Method)
        at java.util.concurrent.locks.LockSupport.parkNanos(LockSupport.java:215)
        at java.util.concurrent.locks.AbstractQueuedSynchronizer$ConditionObject.awaitNanos(AbstractQueuedSynchronizer.java:2078)
        at java.util.concurrent.LinkedBlockingQueue.poll(LinkedBlockingQueue.java:467)
        at org.apache.hadoop.ipc.CallQueueManager.take(CallQueueManager.java:317)
        at org.apache.hadoop.ipc.Server$Handler.run(Server.java:2942)
"ChunkWriter-3-0" daemon prio=5 tid=359 in Object.wait()
java.lang.Thread.State: WAITING (on object monitor)
        at sun.misc.Unsafe.park(Native Method)
        at java.util.concurrent.locks.LockSupport.park(LockSupport.java:175)
        at java.util.concurrent.locks.AbstractQueuedSynchronizer$ConditionObject.await(AbstractQueuedSynchronizer.java:2039)
        at java.util.concurrent.LinkedBlockingDeque.takeFirst(LinkedBlockingDeque.java:492)
        at java.util.concurrent.LinkedBlockingDeque.take(LinkedBlockingDeque.java:680)
        at java.util.concurrent.ThreadPoolExecutor.getTask(ThreadPoolExecutor.java:1074)
        at java.util.concurrent.ThreadPoolExecutor.runWorker(ThreadPoolExecutor.java:1134)
        at java.util.concurrent.ThreadPoolExecutor$Worker.run(ThreadPoolExecutor.java:624)
        at java.lang.Thread.run(Thread.java:750)
"Periodic HDDS volume checker" daemon prio=5 tid=261 timed_waiting
java.lang.Thread.State: TIMED_WAITING
        at sun.misc.Unsafe.park(Native Method)
        at java.util.concurrent.locks.LockSupport.parkNanos(LockSupport.java:215)
        at java.util.concurrent.locks.AbstractQueuedSynchronizer$ConditionObject.awaitNanos(AbstractQueuedSynchronizer.java:2078)
        at java.util.concurrent.ScheduledThreadPoolExecutor$DelayedWorkQueue.take(ScheduledThreadPoolExecutor.java:1093)
        at java.util.concurrent.ScheduledThreadPoolExecutor$DelayedWorkQueue.take(ScheduledThreadPoolExecutor.java:809)
        at java.util.concurrent.ThreadPoolExecutor.getTask(ThreadPoolExecutor.java:1074)
        at java.util.concurrent.ThreadPoolExecutor.runWorker(ThreadPoolExecutor.java:1134)
        at java.util.concurrent.ThreadPoolExecutor$Worker.run(ThreadPoolExecutor.java:624)
        at java.lang.Thread.run(Thread.java:750)
"qtp192320682-217" daemon prio=5 tid=217 timed_waiting
java.lang.Thread.State: TIMED_WAITING
        at sun.misc.Unsafe.park(Native Method)
        at java.util.concurrent.locks.LockSupport.parkNanos(LockSupport.java:215)
        at java.util.concurrent.locks.AbstractQueuedSynchronizer$ConditionObject.awaitNanos(AbstractQueuedSynchronizer.java:2078)
        at org.eclipse.jetty.util.BlockingArrayQueue.poll(BlockingArrayQueue.java:382)
        at org.eclipse.jetty.util.thread.QueuedThreadPool$Runner.idleJobPoll(QueuedThreadPool.java:974)
        at org.eclipse.jetty.util.thread.QueuedThreadPool$Runner.run(QueuedThreadPool.java:1018)
        at java.lang.Thread.run(Thread.java:750)
"BlockDeletingService#0" daemon prio=5 tid=410 in Object.wait()
java.lang.Thread.State: WAITING (on object monitor)
        at sun.misc.Unsafe.park(Native Method)
        at java.util.concurrent.locks.LockSupport.park(LockSupport.java:175)
        at java.util.concurrent.locks.AbstractQueuedSynchronizer$ConditionObject.await(AbstractQueuedSynchronizer.java:2039)
        at java.util.concurrent.ScheduledThreadPoolExecutor$DelayedWorkQueue.take(ScheduledThreadPoolExecutor.java:1088)
        at java.util.concurrent.ScheduledThreadPoolExecutor$DelayedWorkQueue.take(ScheduledThreadPoolExecutor.java:809)
        at java.util.concurrent.ThreadPoolExecutor.getTask(ThreadPoolExecutor.java:1074)
        at java.util.concurrent.ThreadPoolExecutor.runWorker(ThreadPoolExecutor.java:1134)
        at java.util.concurrent.ThreadPoolExecutor$Worker.run(ThreadPoolExecutor.java:624)
        at java.lang.Thread.run(Thread.java:750)
"SCM Heartbeat Processing Thread - 0" daemon prio=5 tid=15 timed_waiting
java.lang.Thread.State: TIMED_WAITING
        at sun.misc.Unsafe.park(Native Method)
        at java.util.concurrent.locks.LockSupport.parkNanos(LockSupport.java:215)
        at java.util.concurrent.locks.AbstractQueuedSynchronizer$ConditionObject.awaitNanos(AbstractQueuedSynchronizer.java:2078)
        at java.util.concurrent.ScheduledThreadPoolExecutor$DelayedWorkQueue.take(ScheduledThreadPoolExecutor.java:1093)
        at java.util.concurrent.ScheduledThreadPoolExecutor$DelayedWorkQueue.take(ScheduledThreadPoolExecutor.java:809)
        at java.util.concurrent.ThreadPoolExecutor.getTask(ThreadPoolExecutor.java:1074)
        at java.util.concurrent.ThreadPoolExecutor.runWorker(ThreadPoolExecutor.java:1134)
        at java.util.concurrent.ThreadPoolExecutor$Worker.run(ThreadPoolExecutor.java:624)
        at java.lang.Thread.run(Thread.java:750)
"om1@group-C5BA1605619E-StateMachineUpdater" daemon prio=5 tid=138 timed_waiting
java.lang.Thread.State: TIMED_WAITING
        at sun.misc.Unsafe.park(Native Method)
        at java.util.concurrent.locks.LockSupport.parkNanos(LockSupport.java:215)
        at java.util.concurrent.locks.AbstractQueuedSynchronizer$ConditionObject.await(AbstractQueuedSynchronizer.java:2163)
        at org.apache.ratis.util.AwaitForSignal.await(AwaitForSignal.java:62)
        at org.apache.ratis.server.impl.StateMachineUpdater.waitForCommit(StateMachineUpdater.java:207)
        at org.apache.ratis.server.impl.StateMachineUpdater.run(StateMachineUpdater.java:176)
        at java.lang.Thread.run(Thread.java:750)
"prometheus" daemon prio=5 tid=119 in Object.wait()
java.lang.Thread.State: WAITING (on object monitor)
        at java.lang.Object.wait(Native Method)
        at java.lang.Object.wait(Object.java:502)
        at org.apache.hadoop.metrics2.impl.SinkQueue.waitForData(SinkQueue.java:114)
        at org.apache.hadoop.metrics2.impl.SinkQueue.consumeAll(SinkQueue.java:83)
        at org.apache.hadoop.metrics2.impl.MetricsSinkAdapter.publishMetricsFromQueue(MetricsSinkAdapter.java:135)
        at org.apache.hadoop.metrics2.impl.MetricsSinkAdapter$1.run(MetricsSinkAdapter.java:89)
"Datanode ReportManager Thread - 2" daemon prio=5 tid=335 in Object.wait()
java.lang.Thread.State: WAITING (on object monitor)
        at sun.misc.Unsafe.park(Native Method)
        at java.util.concurrent.locks.LockSupport.park(LockSupport.java:175)
        at java.util.concurrent.locks.AbstractQueuedSynchronizer$ConditionObject.await(AbstractQueuedSynchronizer.java:2039)
        at java.util.concurrent.ScheduledThreadPoolExecutor$DelayedWorkQueue.take(ScheduledThreadPoolExecutor.java:1088)
        at java.util.concurrent.ScheduledThreadPoolExecutor$DelayedWorkQueue.take(ScheduledThreadPoolExecutor.java:809)
        at java.util.concurrent.ThreadPoolExecutor.getTask(ThreadPoolExecutor.java:1074)
        at java.util.concurrent.ThreadPoolExecutor.runWorker(ThreadPoolExecutor.java:1134)
        at java.util.concurrent.ThreadPoolExecutor$Worker.run(ThreadPoolExecutor.java:624)
        at java.lang.Thread.run(Thread.java:750)
"IPC Server handler 18 on default port 42039" daemon prio=5 tid=105 timed_waiting
java.lang.Thread.State: TIMED_WAITING
        at sun.misc.Unsafe.park(Native Method)
        at java.util.concurrent.locks.LockSupport.parkNanos(LockSupport.java:215)
        at java.util.concurrent.locks.AbstractQueuedSynchronizer$ConditionObject.awaitNanos(AbstractQueuedSynchronizer.java:2078)
        at java.util.concurrent.LinkedBlockingQueue.poll(LinkedBlockingQueue.java:467)
        at org.apache.hadoop.ipc.CallQueueManager.take(CallQueueManager.java:317)
        at org.apache.hadoop.ipc.Server$Handler.run(Server.java:2942)
"Datanode ReportManager Thread - 4" daemon prio=5 tid=337 timed_waiting
java.lang.Thread.State: TIMED_WAITING
        at sun.misc.Unsafe.park(Native Method)
        at java.util.concurrent.locks.LockSupport.parkNanos(LockSupport.java:215)
        at java.util.concurrent.locks.AbstractQueuedSynchronizer$ConditionObject.awaitNanos(AbstractQueuedSynchronizer.java:2078)
        at java.util.concurrent.ScheduledThreadPoolExecutor$DelayedWorkQueue.take(ScheduledThreadPoolExecutor.java:1093)
        at java.util.concurrent.ScheduledThreadPoolExecutor$DelayedWorkQueue.take(ScheduledThreadPoolExecutor.java:809)
        at java.util.concurrent.ThreadPoolExecutor.getTask(ThreadPoolExecutor.java:1074)
        at java.util.concurrent.ThreadPoolExecutor.runWorker(ThreadPoolExecutor.java:1134)
        at java.util.concurrent.ThreadPoolExecutor$Worker.run(ThreadPoolExecutor.java:624)
        at java.lang.Thread.run(Thread.java:750)
"cf55343f-a051-44b0-a85c-65c9cdfe5b3e@group-225BCC242D8D-FollowerState" daemon prio=5 tid=577 timed_waiting
java.lang.Thread.State: TIMED_WAITING
        at java.lang.Thread.sleep(Native Method)
        at java.lang.Thread.sleep(Thread.java:342)
        at java.util.concurrent.TimeUnit.sleep(TimeUnit.java:386)
        at org.apache.ratis.util.TimeDuration.sleep(TimeDuration.java:325)
        at org.apache.ratis.util.TimeDuration.sleep(TimeDuration.java:310)
        at org.apache.ratis.server.impl.FollowerState.run(FollowerState.java:128)
"IPC Server handler 14 on default port 43507" daemon prio=5 tid=61 timed_waiting
java.lang.Thread.State: TIMED_WAITING
        at sun.misc.Unsafe.park(Native Method)
        at java.util.concurrent.locks.LockSupport.parkNanos(LockSupport.java:215)
        at java.util.concurrent.locks.AbstractQueuedSynchronizer$ConditionObject.awaitNanos(AbstractQueuedSynchronizer.java:2078)
        at java.util.concurrent.LinkedBlockingQueue.poll(LinkedBlockingQueue.java:467)
        at org.apache.hadoop.ipc.CallQueueManager.take(CallQueueManager.java:317)
        at org.apache.hadoop.ipc.Server$Handler.run(Server.java:2942)
"ChunkWriter-2-0" daemon prio=5 tid=370 in Object.wait()
java.lang.Thread.State: WAITING (on object monitor)
        at sun.misc.Unsafe.park(Native Method)
        at java.util.concurrent.locks.LockSupport.park(LockSupport.java:175)
        at java.util.concurrent.locks.AbstractQueuedSynchronizer$ConditionObject.await(AbstractQueuedSynchronizer.java:2039)
        at java.util.concurrent.LinkedBlockingDeque.takeFirst(LinkedBlockingDeque.java:492)
        at java.util.concurrent.LinkedBlockingDeque.take(LinkedBlockingDeque.java:680)
        at java.util.concurrent.ThreadPoolExecutor.getTask(ThreadPoolExecutor.java:1074)
        at java.util.concurrent.ThreadPoolExecutor.runWorker(ThreadPoolExecutor.java:1134)
        at java.util.concurrent.ThreadPoolExecutor$Worker.run(ThreadPoolExecutor.java:624)
        at java.lang.Thread.run(Thread.java:750)
"pool-172-thread-1"  prio=5 tid=295 timed_waiting
java.lang.Thread.State: TIMED_WAITING
        at sun.misc.Unsafe.park(Native Method)
        at java.util.concurrent.locks.LockSupport.parkNanos(LockSupport.java:215)
        at java.util.concurrent.locks.AbstractQueuedSynchronizer$ConditionObject.awaitNanos(AbstractQueuedSynchronizer.java:2078)
        at java.util.concurrent.ScheduledThreadPoolExecutor$DelayedWorkQueue.take(ScheduledThreadPoolExecutor.java:1093)
        at java.util.concurrent.ScheduledThreadPoolExecutor$DelayedWorkQueue.take(ScheduledThreadPoolExecutor.java:809)
        at java.util.concurrent.ThreadPoolExecutor.getTask(ThreadPoolExecutor.java:1074)
        at java.util.concurrent.ThreadPoolExecutor.runWorker(ThreadPoolExecutor.java:1134)
        at java.util.concurrent.ThreadPoolExecutor$Worker.run(ThreadPoolExecutor.java:624)
        at java.lang.Thread.run(Thread.java:750)
"qtp192320682-219" daemon prio=5 tid=219 timed_waiting
java.lang.Thread.State: TIMED_WAITING
        at sun.misc.Unsafe.park(Native Method)
        at java.util.concurrent.locks.LockSupport.parkNanos(LockSupport.java:215)
        at java.util.concurrent.locks.AbstractQueuedSynchronizer$ConditionObject.awaitNanos(AbstractQueuedSynchronizer.java:2078)
        at org.eclipse.jetty.util.BlockingArrayQueue.poll(BlockingArrayQueue.java:382)
        at org.eclipse.jetty.util.thread.QueuedThreadPool$Runner.idleJobPoll(QueuedThreadPool.java:974)
        at org.eclipse.jetty.util.thread.QueuedThreadPool$Runner.run(QueuedThreadPool.java:1018)
        at java.lang.Thread.run(Thread.java:750)
"IPC Server handler 2 on default port 34303" daemon prio=5 tid=157 timed_waiting
java.lang.Thread.State: TIMED_WAITING
        at sun.misc.Unsafe.park(Native Method)
        at java.util.concurrent.locks.LockSupport.parkNanos(LockSupport.java:215)
        at java.util.concurrent.locks.AbstractQueuedSynchronizer$ConditionObject.awaitNanos(AbstractQueuedSynchronizer.java:2078)
        at java.util.concurrent.LinkedBlockingQueue.poll(LinkedBlockingQueue.java:467)
        at org.apache.hadoop.ipc.CallQueueManager.take(CallQueueManager.java:317)
        at org.apache.hadoop.ipc.Server$Handler.run(Server.java:2942)
"IPC Server handler 4 on default port 34303" daemon prio=5 tid=159 timed_waiting
java.lang.Thread.State: TIMED_WAITING
        at sun.misc.Unsafe.park(Native Method)
        at java.util.concurrent.locks.LockSupport.parkNanos(LockSupport.java:215)
        at java.util.concurrent.locks.AbstractQueuedSynchronizer$ConditionObject.awaitNanos(AbstractQueuedSynchronizer.java:2078)
        at java.util.concurrent.LinkedBlockingQueue.poll(LinkedBlockingQueue.java:467)
        at org.apache.hadoop.ipc.CallQueueManager.take(CallQueueManager.java:317)
        at org.apache.hadoop.ipc.Server$Handler.run(Server.java:2942)
"qtp1347332959-303" daemon prio=5 tid=303 timed_waiting
java.lang.Thread.State: TIMED_WAITING
        at sun.misc.Unsafe.park(Native Method)
        at java.util.concurrent.locks.LockSupport.parkNanos(LockSupport.java:215)
        at java.util.concurrent.locks.AbstractQueuedSynchronizer$ConditionObject.awaitNanos(AbstractQueuedSynchronizer.java:2078)
        at org.eclipse.jetty.util.BlockingArrayQueue.poll(BlockingArrayQueue.java:382)
        at org.eclipse.jetty.util.thread.QueuedThreadPool$Runner.idleJobPoll(QueuedThreadPool.java:974)
        at org.eclipse.jetty.util.thread.QueuedThreadPool$Runner.run(QueuedThreadPool.java:1018)
        at java.lang.Thread.run(Thread.java:750)
"StaleRecoveringContainerScrubbingService#2" daemon prio=5 tid=603 in Object.wait()
java.lang.Thread.State: WAITING (on object monitor)
        at sun.misc.Unsafe.park(Native Method)
        at java.util.concurrent.locks.LockSupport.park(LockSupport.java:175)
        at java.util.concurrent.locks.AbstractQueuedSynchronizer$ConditionObject.await(AbstractQueuedSynchronizer.java:2039)
        at java.util.concurrent.ScheduledThreadPoolExecutor$DelayedWorkQueue.take(ScheduledThreadPoolExecutor.java:1088)
        at java.util.concurrent.ScheduledThreadPoolExecutor$DelayedWorkQueue.take(ScheduledThreadPoolExecutor.java:809)
        at java.util.concurrent.ThreadPoolExecutor.getTask(ThreadPoolExecutor.java:1074)
        at java.util.concurrent.ThreadPoolExecutor.runWorker(ThreadPoolExecutor.java:1134)
        at java.util.concurrent.ThreadPoolExecutor$Worker.run(ThreadPoolExecutor.java:624)
        at java.lang.Thread.run(Thread.java:750)
"IPC Client (413354443) connection to 0.0.0.0/0.0.0.0:42039 from runner" daemon prio=5 tid=343 timed_waiting
java.lang.Thread.State: TIMED_WAITING
        at java.lang.Object.wait(Native Method)
        at org.apache.hadoop.ipc.Client$Connection.waitForWork(Client.java:1086)
        at org.apache.hadoop.ipc.Client$Connection.run(Client.java:1133)
"9684d5c9-574d-4083-afb3-2b5a0b78eb45-server-thread2" daemon prio=5 tid=583 timed_waiting
java.lang.Thread.State: TIMED_WAITING
        at sun.misc.Unsafe.park(Native Method)
        at java.util.concurrent.locks.LockSupport.parkNanos(LockSupport.java:215)
        at java.util.concurrent.SynchronousQueue$TransferStack.awaitFulfill(SynchronousQueue.java:460)
        at java.util.concurrent.SynchronousQueue$TransferStack.transfer(SynchronousQueue.java:362)
        at java.util.concurrent.SynchronousQueue.poll(SynchronousQueue.java:941)
        at java.util.concurrent.ThreadPoolExecutor.getTask(ThreadPoolExecutor.java:1073)
        at java.util.concurrent.ThreadPoolExecutor.runWorker(ThreadPoolExecutor.java:1134)
        at java.util.concurrent.ThreadPoolExecutor$Worker.run(ThreadPoolExecutor.java:624)
        at java.lang.Thread.run(Thread.java:750)
"EventQueue-CommandQueueReportForCommandQueueReportHandler" daemon prio=5 tid=421 in Object.wait()
java.lang.Thread.State: WAITING (on object monitor)
        at sun.misc.Unsafe.park(Native Method)
        at java.util.concurrent.locks.LockSupport.park(LockSupport.java:175)
        at java.util.concurrent.locks.AbstractQueuedSynchronizer$ConditionObject.await(AbstractQueuedSynchronizer.java:2039)
        at java.util.concurrent.LinkedBlockingQueue.take(LinkedBlockingQueue.java:442)
        at java.util.concurrent.ThreadPoolExecutor.getTask(ThreadPoolExecutor.java:1074)
        at java.util.concurrent.ThreadPoolExecutor.runWorker(ThreadPoolExecutor.java:1134)
        at java.util.concurrent.ThreadPoolExecutor$Worker.run(ThreadPoolExecutor.java:624)
        at java.lang.Thread.run(Thread.java:750)
"Timer-0"  prio=5 tid=141 timed_waiting
java.lang.Thread.State: TIMED_WAITING
        at java.lang.Object.wait(Native Method)
        at java.util.TimerThread.mainLoop(Timer.java:552)
        at java.util.TimerThread.run(Timer.java:505)
"Datanode ReportManager Thread - 3" daemon prio=5 tid=199 in Object.wait()
java.lang.Thread.State: WAITING (on object monitor)
        at sun.misc.Unsafe.park(Native Method)
        at java.util.concurrent.locks.LockSupport.park(LockSupport.java:175)
        at java.util.concurrent.locks.AbstractQueuedSynchronizer$ConditionObject.await(AbstractQueuedSynchronizer.java:2039)
        at java.util.concurrent.ScheduledThreadPoolExecutor$DelayedWorkQueue.take(ScheduledThreadPoolExecutor.java:1088)
        at java.util.concurrent.ScheduledThreadPoolExecutor$DelayedWorkQueue.take(ScheduledThreadPoolExecutor.java:809)
        at java.util.concurrent.ThreadPoolExecutor.getTask(ThreadPoolExecutor.java:1074)
        at java.util.concurrent.ThreadPoolExecutor.runWorker(ThreadPoolExecutor.java:1134)
        at java.util.concurrent.ThreadPoolExecutor$Worker.run(ThreadPoolExecutor.java:624)
        at java.lang.Thread.run(Thread.java:750)
"IPC Server handler 5 on default port 34303" daemon prio=5 tid=160 timed_waiting
java.lang.Thread.State: TIMED_WAITING
        at sun.misc.Unsafe.park(Native Method)
        at java.util.concurrent.locks.LockSupport.parkNanos(LockSupport.java:215)
        at java.util.concurrent.locks.AbstractQueuedSynchronizer$ConditionObject.awaitNanos(AbstractQueuedSynchronizer.java:2078)
        at java.util.concurrent.LinkedBlockingQueue.poll(LinkedBlockingQueue.java:467)
        at org.apache.hadoop.ipc.CallQueueManager.take(CallQueueManager.java:317)
        at org.apache.hadoop.ipc.Server$Handler.run(Server.java:2942)
"cf55343f-a051-44b0-a85c-65c9cdfe5b3e-server-thread3" daemon prio=5 tid=587 timed_waiting
java.lang.Thread.State: TIMED_WAITING
        at sun.misc.Unsafe.park(Native Method)
        at java.util.concurrent.locks.LockSupport.parkNanos(LockSupport.java:215)
        at java.util.concurrent.SynchronousQueue$TransferStack.awaitFulfill(SynchronousQueue.java:460)
        at java.util.concurrent.SynchronousQueue$TransferStack.transfer(SynchronousQueue.java:362)
        at java.util.concurrent.SynchronousQueue.poll(SynchronousQueue.java:941)
        at java.util.concurrent.ThreadPoolExecutor.getTask(ThreadPoolExecutor.java:1073)
        at java.util.concurrent.ThreadPoolExecutor.runWorker(ThreadPoolExecutor.java:1134)
        at java.util.concurrent.ThreadPoolExecutor$Worker.run(ThreadPoolExecutor.java:624)
        at java.lang.Thread.run(Thread.java:750)
"de1dc05a-b420-436e-92e0-be95de2f8d14@group-6F7CAD6E2125-SegmentedRaftLogWorker"  prio=5 tid=464 timed_waiting
java.lang.Thread.State: TIMED_WAITING
        at sun.misc.Unsafe.park(Native Method)
        at java.util.concurrent.locks.LockSupport.parkNanos(LockSupport.java:215)
        at java.util.concurrent.locks.AbstractQueuedSynchronizer$ConditionObject.awaitNanos(AbstractQueuedSynchronizer.java:2078)
        at org.apache.ratis.util.DataBlockingQueue.poll(DataBlockingQueue.java:148)
        at org.apache.ratis.server.raftlog.segmented.SegmentedRaftLogWorker.run(SegmentedRaftLogWorker.java:312)
        at org.apache.ratis.server.raftlog.segmented.SegmentedRaftLogWorker$$Lambda$708/579279345.run(Unknown Source)
        at java.lang.Thread.run(Thread.java:750)
"Datanode ReportManager Thread - 4" daemon prio=5 tid=256 in Object.wait()
java.lang.Thread.State: WAITING (on object monitor)
        at sun.misc.Unsafe.park(Native Method)
        at java.util.concurrent.locks.LockSupport.park(LockSupport.java:175)
        at java.util.concurrent.locks.AbstractQueuedSynchronizer$ConditionObject.await(AbstractQueuedSynchronizer.java:2039)
        at java.util.concurrent.ScheduledThreadPoolExecutor$DelayedWorkQueue.take(ScheduledThreadPoolExecutor.java:1088)
        at java.util.concurrent.ScheduledThreadPoolExecutor$DelayedWorkQueue.take(ScheduledThreadPoolExecutor.java:809)
        at java.util.concurrent.ThreadPoolExecutor.getTask(ThreadPoolExecutor.java:1074)
        at java.util.concurrent.ThreadPoolExecutor.runWorker(ThreadPoolExecutor.java:1134)
        at java.util.concurrent.ThreadPoolExecutor$Worker.run(ThreadPoolExecutor.java:624)
        at java.lang.Thread.run(Thread.java:750)
"pool-126-thread-1"  prio=5 tid=241 timed_waiting
java.lang.Thread.State: TIMED_WAITING
        at sun.misc.Unsafe.park(Native Method)
        at java.util.concurrent.locks.LockSupport.parkNanos(LockSupport.java:215)
        at java.util.concurrent.locks.AbstractQueuedSynchronizer$ConditionObject.awaitNanos(AbstractQueuedSynchronizer.java:2078)
        at java.util.concurrent.ScheduledThreadPoolExecutor$DelayedWorkQueue.take(ScheduledThreadPoolExecutor.java:1093)
        at java.util.concurrent.ScheduledThreadPoolExecutor$DelayedWorkQueue.take(ScheduledThreadPoolExecutor.java:809)
        at java.util.concurrent.ThreadPoolExecutor.getTask(ThreadPoolExecutor.java:1074)
        at java.util.concurrent.ThreadPoolExecutor.runWorker(ThreadPoolExecutor.java:1134)
        at java.util.concurrent.ThreadPoolExecutor$Worker.run(ThreadPoolExecutor.java:624)
        at java.lang.Thread.run(Thread.java:750)
"qtp549492098-271" daemon prio=5 tid=271 timed_waiting
java.lang.Thread.State: TIMED_WAITING
        at sun.misc.Unsafe.park(Native Method)
        at java.util.concurrent.locks.LockSupport.parkNanos(LockSupport.java:215)
        at java.util.concurrent.locks.AbstractQueuedSynchronizer$ConditionObject.awaitNanos(AbstractQueuedSynchronizer.java:2078)
        at org.eclipse.jetty.util.BlockingArrayQueue.poll(BlockingArrayQueue.java:382)
        at org.eclipse.jetty.util.thread.QueuedThreadPool$Runner.idleJobPoll(QueuedThreadPool.java:974)
        at org.eclipse.jetty.util.thread.QueuedThreadPool$Runner.run(QueuedThreadPool.java:1018)
        at java.lang.Thread.run(Thread.java:750)
"Session-HouseKeeper-3ae4336-1"  prio=5 tid=223 timed_waiting
java.lang.Thread.State: TIMED_WAITING
        at sun.misc.Unsafe.park(Native Method)
        at java.util.concurrent.locks.LockSupport.parkNanos(LockSupport.java:215)
        at java.util.concurrent.locks.AbstractQueuedSynchronizer$ConditionObject.awaitNanos(AbstractQueuedSynchronizer.java:2078)
        at java.util.concurrent.ScheduledThreadPoolExecutor$DelayedWorkQueue.take(ScheduledThreadPoolExecutor.java:1093)
        at java.util.concurrent.ScheduledThreadPoolExecutor$DelayedWorkQueue.take(ScheduledThreadPoolExecutor.java:809)
        at java.util.concurrent.ThreadPoolExecutor.getTask(ThreadPoolExecutor.java:1074)
        at java.util.concurrent.ThreadPoolExecutor.runWorker(ThreadPoolExecutor.java:1134)
        at java.util.concurrent.ThreadPoolExecutor$Worker.run(ThreadPoolExecutor.java:624)
        at java.lang.Thread.run(Thread.java:750)
"Datanode ReportManager Thread - 2" daemon prio=5 tid=308 in Object.wait()
java.lang.Thread.State: WAITING (on object monitor)
        at sun.misc.Unsafe.park(Native Method)
        at java.util.concurrent.locks.LockSupport.park(LockSupport.java:175)
        at java.util.concurrent.locks.AbstractQueuedSynchronizer$ConditionObject.await(AbstractQueuedSynchronizer.java:2039)
        at java.util.concurrent.ScheduledThreadPoolExecutor$DelayedWorkQueue.take(ScheduledThreadPoolExecutor.java:1088)
        at java.util.concurrent.ScheduledThreadPoolExecutor$DelayedWorkQueue.take(ScheduledThreadPoolExecutor.java:809)
        at java.util.concurrent.ThreadPoolExecutor.getTask(ThreadPoolExecutor.java:1074)
        at java.util.concurrent.ThreadPoolExecutor.runWorker(ThreadPoolExecutor.java:1134)
        at java.util.concurrent.ThreadPoolExecutor$Worker.run(ThreadPoolExecutor.java:624)
        at java.lang.Thread.run(Thread.java:750)
"Command processor thread" daemon prio=5 tid=284 timed_waiting
java.lang.Thread.State: TIMED_WAITING
        at java.lang.Thread.sleep(Native Method)
        at org.apache.hadoop.ozone.container.common.statemachine.DatanodeStateMachine.lambda$initCommandHandlerThread$3(DatanodeStateMachine.java:644)
        at org.apache.hadoop.ozone.container.common.statemachine.DatanodeStateMachine$$Lambda$799/1524986595.run(Unknown Source)
        at java.lang.Thread.run(Thread.java:750)
"Datanode ReportManager Thread - 0" daemon prio=5 tid=279 in Object.wait()
java.lang.Thread.State: WAITING (on object monitor)
        at sun.misc.Unsafe.park(Native Method)
        at java.util.concurrent.locks.LockSupport.park(LockSupport.java:175)
        at java.util.concurrent.locks.AbstractQueuedSynchronizer$ConditionObject.await(AbstractQueuedSynchronizer.java:2039)
        at java.util.concurrent.ScheduledThreadPoolExecutor$DelayedWorkQueue.take(ScheduledThreadPoolExecutor.java:1088)
        at java.util.concurrent.ScheduledThreadPoolExecutor$DelayedWorkQueue.take(ScheduledThreadPoolExecutor.java:809)
        at java.util.concurrent.ThreadPoolExecutor.getTask(ThreadPoolExecutor.java:1074)
        at java.util.concurrent.ThreadPoolExecutor.runWorker(ThreadPoolExecutor.java:1134)
        at java.util.concurrent.ThreadPoolExecutor$Worker.run(ThreadPoolExecutor.java:624)
        at java.lang.Thread.run(Thread.java:750)
"482fd31e-156c-418e-9aed-e6d52525a62a@group-20D9327FE511-SegmentedRaftLogWorker"  prio=5 tid=435 timed_waiting
java.lang.Thread.State: TIMED_WAITING
        at sun.misc.Unsafe.park(Native Method)
        at java.util.concurrent.locks.LockSupport.parkNanos(LockSupport.java:215)
        at java.util.concurrent.locks.AbstractQueuedSynchronizer$ConditionObject.awaitNanos(AbstractQueuedSynchronizer.java:2078)
        at org.apache.ratis.util.DataBlockingQueue.poll(DataBlockingQueue.java:148)
        at org.apache.ratis.server.raftlog.segmented.SegmentedRaftLogWorker.run(SegmentedRaftLogWorker.java:312)
        at org.apache.ratis.server.raftlog.segmented.SegmentedRaftLogWorker$$Lambda$708/579279345.run(Unknown Source)
        at java.lang.Thread.run(Thread.java:750)
"JvmPauseMonitor5" daemon prio=5 tid=396 timed_waiting
java.lang.Thread.State: TIMED_WAITING
        at java.lang.Thread.sleep(Native Method)
        at java.lang.Thread.sleep(Thread.java:342)
        at java.util.concurrent.TimeUnit.sleep(TimeUnit.java:386)
        at org.apache.ratis.util.TimeDuration.sleep(TimeDuration.java:325)
        at org.apache.ratis.util.TimeDuration.sleep(TimeDuration.java:310)
        at org.apache.ratis.util.JvmPauseMonitor.detectPause(JvmPauseMonitor.java:119)
        at org.apache.ratis.util.JvmPauseMonitor.run(JvmPauseMonitor.java:108)
        at org.apache.ratis.util.JvmPauseMonitor$$Lambda$749/143111683.run(Unknown Source)
        at java.lang.Thread.run(Thread.java:750)
"IPC Server handler 17 on default port 43507" daemon prio=5 tid=64 timed_waiting
java.lang.Thread.State: TIMED_WAITING
        at sun.misc.Unsafe.park(Native Method)
        at java.util.concurrent.locks.LockSupport.parkNanos(LockSupport.java:215)
        at java.util.concurrent.locks.AbstractQueuedSynchronizer$ConditionObject.awaitNanos(AbstractQueuedSynchronizer.java:2078)
        at java.util.concurrent.LinkedBlockingQueue.poll(LinkedBlockingQueue.java:467)
        at org.apache.hadoop.ipc.CallQueueManager.take(CallQueueManager.java:317)
        at org.apache.hadoop.ipc.Server$Handler.run(Server.java:2942)
"IPC Server idle connection scanner for port 37049" daemon prio=5 tid=30 timed_waiting
java.lang.Thread.State: TIMED_WAITING
        at java.lang.Object.wait(Native Method)
        at java.util.TimerThread.mainLoop(Timer.java:552)
        at java.util.TimerThread.run(Timer.java:505)
"qtp275016957-244" daemon prio=5 tid=244 timed_waiting
java.lang.Thread.State: TIMED_WAITING
        at sun.misc.Unsafe.park(Native Method)
        at java.util.concurrent.locks.LockSupport.parkNanos(LockSupport.java:215)
        at java.util.concurrent.locks.AbstractQueuedSynchronizer$ConditionObject.awaitNanos(AbstractQueuedSynchronizer.java:2078)
        at org.eclipse.jetty.util.BlockingArrayQueue.poll(BlockingArrayQueue.java:382)
        at org.eclipse.jetty.util.thread.QueuedThreadPool$Runner.idleJobPoll(QueuedThreadPool.java:974)
        at org.eclipse.jetty.util.thread.QueuedThreadPool$Runner.run(QueuedThreadPool.java:1018)
        at java.lang.Thread.run(Thread.java:750)
"Datanode ReportManager Thread - 3" daemon prio=5 tid=255 in Object.wait()
java.lang.Thread.State: WAITING (on object monitor)
        at sun.misc.Unsafe.park(Native Method)
        at java.util.concurrent.locks.LockSupport.park(LockSupport.java:175)
        at java.util.concurrent.locks.AbstractQueuedSynchronizer$ConditionObject.await(AbstractQueuedSynchronizer.java:2039)
        at java.util.concurrent.ScheduledThreadPoolExecutor$DelayedWorkQueue.take(ScheduledThreadPoolExecutor.java:1088)
        at java.util.concurrent.ScheduledThreadPoolExecutor$DelayedWorkQueue.take(ScheduledThreadPoolExecutor.java:809)
        at java.util.concurrent.ThreadPoolExecutor.getTask(ThreadPoolExecutor.java:1074)
        at java.util.concurrent.ThreadPoolExecutor.runWorker(ThreadPoolExecutor.java:1134)
        at java.util.concurrent.ThreadPoolExecutor$Worker.run(ThreadPoolExecutor.java:624)
        at java.lang.Thread.run(Thread.java:750)
"819a9d5b-d004-47f6-9883-bc546cfa0094@group-E63690302BF4-LeaderStateImpl" daemon prio=5 tid=573 timed_waiting
java.lang.Thread.State: TIMED_WAITING
        at sun.misc.Unsafe.park(Native Method)
        at java.util.concurrent.locks.LockSupport.parkNanos(LockSupport.java:215)
        at java.util.concurrent.locks.AbstractQueuedSynchronizer$ConditionObject.awaitNanos(AbstractQueuedSynchronizer.java:2078)
        at java.util.concurrent.ArrayBlockingQueue.poll(ArrayBlockingQueue.java:418)
        at org.apache.ratis.server.impl.LeaderStateImpl$EventQueue.poll(LeaderStateImpl.java:159)
        at org.apache.ratis.server.impl.LeaderStateImpl$EventProcessor.run(LeaderStateImpl.java:630)
"qtp1347332959-301" daemon prio=5 tid=301 timed_waiting
java.lang.Thread.State: TIMED_WAITING
        at sun.misc.Unsafe.park(Native Method)
        at java.util.concurrent.locks.LockSupport.parkNanos(LockSupport.java:215)
        at java.util.concurrent.locks.AbstractQueuedSynchronizer$ConditionObject.awaitNanos(AbstractQueuedSynchronizer.java:2078)
        at org.eclipse.jetty.util.BlockingArrayQueue.poll(BlockingArrayQueue.java:382)
        at org.eclipse.jetty.util.thread.QueuedThreadPool$Runner.idleJobPoll(QueuedThreadPool.java:974)
        at org.eclipse.jetty.util.thread.QueuedThreadPool$Runner.run(QueuedThreadPool.java:1018)
        at java.lang.Thread.run(Thread.java:750)
"PartialTableCache Cleanup Thread - 0" daemon prio=5 tid=591 in Object.wait()
java.lang.Thread.State: WAITING (on object monitor)
        at sun.misc.Unsafe.park(Native Method)
        at java.util.concurrent.locks.LockSupport.park(LockSupport.java:175)
        at java.util.concurrent.locks.AbstractQueuedSynchronizer$ConditionObject.await(AbstractQueuedSynchronizer.java:2039)
        at java.util.concurrent.LinkedBlockingQueue.take(LinkedBlockingQueue.java:442)
        at java.util.concurrent.ThreadPoolExecutor.getTask(ThreadPoolExecutor.java:1074)
        at java.util.concurrent.ThreadPoolExecutor.runWorker(ThreadPoolExecutor.java:1134)
        at java.util.concurrent.ThreadPoolExecutor$Worker.run(ThreadPoolExecutor.java:624)
        at java.lang.Thread.run(Thread.java:750)
"om1-NettyServerStreamRpc-bossGroup--thread1"  prio=5 tid=126 runnable
java.lang.Thread.State: RUNNABLE
        at sun.nio.ch.EPollArrayWrapper.epollWait(Native Method)
        at sun.nio.ch.EPollArrayWrapper.poll(EPollArrayWrapper.java:269)
        at sun.nio.ch.EPollSelectorImpl.doSelect(EPollSelectorImpl.java:93)
        at sun.nio.ch.SelectorImpl.lockAndDoSelect(SelectorImpl.java:86)
        at sun.nio.ch.SelectorImpl.select(SelectorImpl.java:97)
        at sun.nio.ch.SelectorImpl.select(SelectorImpl.java:101)
        at org.apache.ratis.thirdparty.io.netty.channel.nio.SelectedSelectionKeySetSelector.select(SelectedSelectionKeySetSelector.java:68)
        at org.apache.ratis.thirdparty.io.netty.channel.nio.NioEventLoop.select(NioEventLoop.java:813)
        at org.apache.ratis.thirdparty.io.netty.channel.nio.NioEventLoop.run(NioEventLoop.java:460)
        at org.apache.ratis.thirdparty.io.netty.util.concurrent.SingleThreadEventExecutor$4.run(SingleThreadEventExecutor.java:995)
        at org.apache.ratis.thirdparty.io.netty.util.internal.ThreadExecutorMap$2.run(ThreadExecutorMap.java:74)
        at java.lang.Thread.run(Thread.java:750)
"IPC Server handler 0 on default port 42039" daemon prio=5 tid=87 timed_waiting
java.lang.Thread.State: TIMED_WAITING
        at sun.misc.Unsafe.park(Native Method)
        at java.util.concurrent.locks.LockSupport.parkNanos(LockSupport.java:215)
        at java.util.concurrent.locks.AbstractQueuedSynchronizer$ConditionObject.awaitNanos(AbstractQueuedSynchronizer.java:2078)
        at java.util.concurrent.LinkedBlockingQueue.poll(LinkedBlockingQueue.java:467)
        at org.apache.hadoop.ipc.CallQueueManager.take(CallQueueManager.java:317)
        at org.apache.hadoop.ipc.Server$Handler.run(Server.java:2942)
"JvmPauseMonitor2" daemon prio=5 tid=360 timed_waiting
java.lang.Thread.State: TIMED_WAITING
        at java.lang.Thread.sleep(Native Method)
        at java.lang.Thread.sleep(Thread.java:342)
        at java.util.concurrent.TimeUnit.sleep(TimeUnit.java:386)
        at org.apache.ratis.util.TimeDuration.sleep(TimeDuration.java:325)
        at org.apache.ratis.util.TimeDuration.sleep(TimeDuration.java:310)
        at org.apache.ratis.util.JvmPauseMonitor.detectPause(JvmPauseMonitor.java:119)
        at org.apache.ratis.util.JvmPauseMonitor.run(JvmPauseMonitor.java:108)
        at org.apache.ratis.util.JvmPauseMonitor$$Lambda$749/143111683.run(Unknown Source)
        at java.lang.Thread.run(Thread.java:750)
"Datanode ReportManager Thread - 3" daemon prio=5 tid=282 in Object.wait()
java.lang.Thread.State: WAITING (on object monitor)
        at sun.misc.Unsafe.park(Native Method)
        at java.util.concurrent.locks.LockSupport.park(LockSupport.java:175)
        at java.util.concurrent.locks.AbstractQueuedSynchronizer$ConditionObject.await(AbstractQueuedSynchronizer.java:2039)
        at java.util.concurrent.ScheduledThreadPoolExecutor$DelayedWorkQueue.take(ScheduledThreadPoolExecutor.java:1088)
        at java.util.concurrent.ScheduledThreadPoolExecutor$DelayedWorkQueue.take(ScheduledThreadPoolExecutor.java:809)
        at java.util.concurrent.ThreadPoolExecutor.getTask(ThreadPoolExecutor.java:1074)
        at java.util.concurrent.ThreadPoolExecutor.runWorker(ThreadPoolExecutor.java:1134)
        at java.util.concurrent.ThreadPoolExecutor$Worker.run(ThreadPoolExecutor.java:624)
        at java.lang.Thread.run(Thread.java:750)
"grpc-default-executor-1" daemon prio=5 tid=441 timed_waiting
java.lang.Thread.State: TIMED_WAITING
        at sun.misc.Unsafe.park(Native Method)
        at java.util.concurrent.locks.LockSupport.parkNanos(LockSupport.java:215)
        at java.util.concurrent.SynchronousQueue$TransferStack.awaitFulfill(SynchronousQueue.java:460)
        at java.util.concurrent.SynchronousQueue$TransferStack.transfer(SynchronousQueue.java:362)
        at java.util.concurrent.SynchronousQueue.poll(SynchronousQueue.java:941)
        at java.util.concurrent.ThreadPoolExecutor.getTask(ThreadPoolExecutor.java:1073)
        at java.util.concurrent.ThreadPoolExecutor.runWorker(ThreadPoolExecutor.java:1134)
        at java.util.concurrent.ThreadPoolExecutor$Worker.run(ThreadPoolExecutor.java:624)
        at java.lang.Thread.run(Thread.java:750)
"43274a1e-e531-4976-aba4-4015449e37b0-NettyServerStreamRpc-bossGroup--thread1"  prio=5 tid=292 runnable
java.lang.Thread.State: RUNNABLE
        at sun.nio.ch.EPollArrayWrapper.epollWait(Native Method)
        at sun.nio.ch.EPollArrayWrapper.poll(EPollArrayWrapper.java:269)
        at sun.nio.ch.EPollSelectorImpl.doSelect(EPollSelectorImpl.java:93)
        at sun.nio.ch.SelectorImpl.lockAndDoSelect(SelectorImpl.java:86)
        at sun.nio.ch.SelectorImpl.select(SelectorImpl.java:97)
        at sun.nio.ch.SelectorImpl.select(SelectorImpl.java:101)
        at org.apache.ratis.thirdparty.io.netty.channel.nio.SelectedSelectionKeySetSelector.select(SelectedSelectionKeySetSelector.java:68)
        at org.apache.ratis.thirdparty.io.netty.channel.nio.NioEventLoop.select(NioEventLoop.java:813)
        at org.apache.ratis.thirdparty.io.netty.channel.nio.NioEventLoop.run(NioEventLoop.java:460)
        at org.apache.ratis.thirdparty.io.netty.util.concurrent.SingleThreadEventExecutor$4.run(SingleThreadEventExecutor.java:995)
        at org.apache.ratis.thirdparty.io.netty.util.internal.ThreadExecutorMap$2.run(ThreadExecutorMap.java:74)
        at java.lang.Thread.run(Thread.java:750)
"ChunkWriter-3-0" daemon prio=5 tid=395 in Object.wait()
java.lang.Thread.State: WAITING (on object monitor)
        at sun.misc.Unsafe.park(Native Method)
        at java.util.concurrent.locks.LockSupport.park(LockSupport.java:175)
        at java.util.concurrent.locks.AbstractQueuedSynchronizer$ConditionObject.await(AbstractQueuedSynchronizer.java:2039)
        at java.util.concurrent.LinkedBlockingDeque.takeFirst(LinkedBlockingDeque.java:492)
        at java.util.concurrent.LinkedBlockingDeque.take(LinkedBlockingDeque.java:680)
        at java.util.concurrent.ThreadPoolExecutor.getTask(ThreadPoolExecutor.java:1074)
        at java.util.concurrent.ThreadPoolExecutor.runWorker(ThreadPoolExecutor.java:1134)
        at java.util.concurrent.ThreadPoolExecutor$Worker.run(ThreadPoolExecutor.java:624)
        at java.lang.Thread.run(Thread.java:750)
"DatanodeAdminManager-0" daemon prio=5 tid=22 timed_waiting
java.lang.Thread.State: TIMED_WAITING
        at sun.misc.Unsafe.park(Native Method)
        at java.util.concurrent.locks.LockSupport.parkNanos(LockSupport.java:215)
        at java.util.concurrent.locks.AbstractQueuedSynchronizer$ConditionObject.awaitNanos(AbstractQueuedSynchronizer.java:2078)
        at java.util.concurrent.ScheduledThreadPoolExecutor$DelayedWorkQueue.take(ScheduledThreadPoolExecutor.java:1093)
        at java.util.concurrent.ScheduledThreadPoolExecutor$DelayedWorkQueue.take(ScheduledThreadPoolExecutor.java:809)
        at java.util.concurrent.ThreadPoolExecutor.getTask(ThreadPoolExecutor.java:1074)
        at java.util.concurrent.ThreadPoolExecutor.runWorker(ThreadPoolExecutor.java:1134)
        at java.util.concurrent.ThreadPoolExecutor$Worker.run(ThreadPoolExecutor.java:624)
        at java.lang.Thread.run(Thread.java:750)
"Session-HouseKeeper-5ee3ca50-1"  prio=5 tid=154 timed_waiting
java.lang.Thread.State: TIMED_WAITING
        at sun.misc.Unsafe.park(Native Method)
        at java.util.concurrent.locks.LockSupport.parkNanos(LockSupport.java:215)
        at java.util.concurrent.locks.AbstractQueuedSynchronizer$ConditionObject.awaitNanos(AbstractQueuedSynchronizer.java:2078)
        at java.util.concurrent.ScheduledThreadPoolExecutor$DelayedWorkQueue.take(ScheduledThreadPoolExecutor.java:1093)
        at java.util.concurrent.ScheduledThreadPoolExecutor$DelayedWorkQueue.take(ScheduledThreadPoolExecutor.java:809)
        at java.util.concurrent.ThreadPoolExecutor.getTask(ThreadPoolExecutor.java:1074)
        at java.util.concurrent.ThreadPoolExecutor.runWorker(ThreadPoolExecutor.java:1134)
        at java.util.concurrent.ThreadPoolExecutor$Worker.run(ThreadPoolExecutor.java:624)
        at java.lang.Thread.run(Thread.java:750)
"org.apache.hadoop.util.JvmPauseMonitor$Monitor@274d757" daemon prio=5 tid=258 timed_waiting
java.lang.Thread.State: TIMED_WAITING
        at java.lang.Thread.sleep(Native Method)
        at org.apache.hadoop.util.JvmPauseMonitor$Monitor.run(JvmPauseMonitor.java:192)
        at java.lang.Thread.run(Thread.java:750)
"ChunkWriter-1-0" daemon prio=5 tid=369 in Object.wait()
java.lang.Thread.State: WAITING (on object monitor)
        at sun.misc.Unsafe.park(Native Method)
        at java.util.concurrent.locks.LockSupport.park(LockSupport.java:175)
        at java.util.concurrent.locks.AbstractQueuedSynchronizer$ConditionObject.await(AbstractQueuedSynchronizer.java:2039)
        at java.util.concurrent.LinkedBlockingDeque.takeFirst(LinkedBlockingDeque.java:492)
        at java.util.concurrent.LinkedBlockingDeque.take(LinkedBlockingDeque.java:680)
        at java.util.concurrent.ThreadPoolExecutor.getTask(ThreadPoolExecutor.java:1074)
        at java.util.concurrent.ThreadPoolExecutor.runWorker(ThreadPoolExecutor.java:1134)
        at java.util.concurrent.ThreadPoolExecutor$Worker.run(ThreadPoolExecutor.java:624)
        at java.lang.Thread.run(Thread.java:750)
"pool-149-thread-1"  prio=5 tid=268 timed_waiting
java.lang.Thread.State: TIMED_WAITING
        at sun.misc.Unsafe.park(Native Method)
        at java.util.concurrent.locks.LockSupport.parkNanos(LockSupport.java:215)
        at java.util.concurrent.locks.AbstractQueuedSynchronizer$ConditionObject.awaitNanos(AbstractQueuedSynchronizer.java:2078)
        at java.util.concurrent.ScheduledThreadPoolExecutor$DelayedWorkQueue.take(ScheduledThreadPoolExecutor.java:1093)
        at java.util.concurrent.ScheduledThreadPoolExecutor$DelayedWorkQueue.take(ScheduledThreadPoolExecutor.java:809)
        at java.util.concurrent.ThreadPoolExecutor.getTask(ThreadPoolExecutor.java:1074)
        at java.util.concurrent.ThreadPoolExecutor.runWorker(ThreadPoolExecutor.java:1134)
        at java.util.concurrent.ThreadPoolExecutor$Worker.run(ThreadPoolExecutor.java:624)
        at java.lang.Thread.run(Thread.java:750)
"StaleRecoveringContainerScrubbingService#2" daemon prio=5 tid=605 in Object.wait()
java.lang.Thread.State: WAITING (on object monitor)
        at sun.misc.Unsafe.park(Native Method)
        at java.util.concurrent.locks.LockSupport.park(LockSupport.java:175)
        at java.util.concurrent.locks.AbstractQueuedSynchronizer$ConditionObject.await(AbstractQueuedSynchronizer.java:2039)
        at java.util.concurrent.ScheduledThreadPoolExecutor$DelayedWorkQueue.take(ScheduledThreadPoolExecutor.java:1088)
        at java.util.concurrent.ScheduledThreadPoolExecutor$DelayedWorkQueue.take(ScheduledThreadPoolExecutor.java:809)
        at java.util.concurrent.ThreadPoolExecutor.getTask(ThreadPoolExecutor.java:1074)
        at java.util.concurrent.ThreadPoolExecutor.runWorker(ThreadPoolExecutor.java:1134)
        at java.util.concurrent.ThreadPoolExecutor$Worker.run(ThreadPoolExecutor.java:624)
        at java.lang.Thread.run(Thread.java:750)
"43274a1e-e531-4976-aba4-4015449e37b0@group-AA105E67F7B2-LeaderStateImpl" daemon prio=5 tid=571 timed_waiting
java.lang.Thread.State: TIMED_WAITING
        at sun.misc.Unsafe.park(Native Method)
        at java.util.concurrent.locks.LockSupport.parkNanos(LockSupport.java:215)
        at java.util.concurrent.locks.AbstractQueuedSynchronizer$ConditionObject.awaitNanos(AbstractQueuedSynchronizer.java:2078)
        at java.util.concurrent.ArrayBlockingQueue.poll(ArrayBlockingQueue.java:418)
        at org.apache.ratis.server.impl.LeaderStateImpl$EventQueue.poll(LeaderStateImpl.java:159)
        at org.apache.ratis.server.impl.LeaderStateImpl$EventProcessor.run(LeaderStateImpl.java:630)
"IPC Server handler 1 on default port 34303" daemon prio=5 tid=156 timed_waiting
java.lang.Thread.State: TIMED_WAITING
        at sun.misc.Unsafe.park(Native Method)
        at java.util.concurrent.locks.LockSupport.parkNanos(LockSupport.java:215)
        at java.util.concurrent.locks.AbstractQueuedSynchronizer$ConditionObject.awaitNanos(AbstractQueuedSynchronizer.java:2078)
        at java.util.concurrent.LinkedBlockingQueue.poll(LinkedBlockingQueue.java:467)
        at org.apache.hadoop.ipc.CallQueueManager.take(CallQueueManager.java:317)
        at org.apache.hadoop.ipc.Server$Handler.run(Server.java:2942)
"qtp616421782-115" daemon prio=5 tid=115 timed_waiting
java.lang.Thread.State: TIMED_WAITING
        at sun.misc.Unsafe.park(Native Method)
        at java.util.concurrent.locks.LockSupport.parkNanos(LockSupport.java:215)
        at java.util.concurrent.locks.AbstractQueuedSynchronizer$ConditionObject.awaitNanos(AbstractQueuedSynchronizer.java:2078)
        at org.eclipse.jetty.util.BlockingArrayQueue.poll(BlockingArrayQueue.java:382)
        at org.eclipse.jetty.util.thread.QueuedThreadPool$Runner.idleJobPoll(QueuedThreadPool.java:974)
        at org.eclipse.jetty.util.thread.QueuedThreadPool$Runner.run(QueuedThreadPool.java:1018)
        at java.lang.Thread.run(Thread.java:750)
"EventQueue-DatanodeCommandQueueUpdatedForDatanodeCommandCountUpdatedHandler" daemon prio=5 tid=422 in Object.wait()
java.lang.Thread.State: WAITING (on object monitor)
        at sun.misc.Unsafe.park(Native Method)
        at java.util.concurrent.locks.LockSupport.park(LockSupport.java:175)
        at java.util.concurrent.locks.AbstractQueuedSynchronizer$ConditionObject.await(AbstractQueuedSynchronizer.java:2039)
        at java.util.concurrent.LinkedBlockingQueue.take(LinkedBlockingQueue.java:442)
        at java.util.concurrent.ThreadPoolExecutor.getTask(ThreadPoolExecutor.java:1074)
        at java.util.concurrent.ThreadPoolExecutor.runWorker(ThreadPoolExecutor.java:1134)
        at java.util.concurrent.ThreadPoolExecutor$Worker.run(ThreadPoolExecutor.java:624)
        at java.lang.Thread.run(Thread.java:750)
"IPC Server handler 8 on default port 37049" daemon prio=5 tid=75 timed_waiting
java.lang.Thread.State: TIMED_WAITING
        at sun.misc.Unsafe.park(Native Method)
        at java.util.concurrent.locks.LockSupport.parkNanos(LockSupport.java:215)
        at java.util.concurrent.locks.AbstractQueuedSynchronizer$ConditionObject.awaitNanos(AbstractQueuedSynchronizer.java:2078)
        at java.util.concurrent.LinkedBlockingQueue.poll(LinkedBlockingQueue.java:467)
        at org.apache.hadoop.ipc.CallQueueManager.take(CallQueueManager.java:317)
        at org.apache.hadoop.ipc.Server$Handler.run(Server.java:2942)
"SCMBlockDeletingService#0" daemon prio=5 tid=107 timed_waiting
java.lang.Thread.State: TIMED_WAITING
        at sun.misc.Unsafe.park(Native Method)
        at java.util.concurrent.locks.LockSupport.parkNanos(LockSupport.java:215)
        at java.util.concurrent.locks.AbstractQueuedSynchronizer$ConditionObject.awaitNanos(AbstractQueuedSynchronizer.java:2078)
        at java.util.concurrent.ScheduledThreadPoolExecutor$DelayedWorkQueue.take(ScheduledThreadPoolExecutor.java:1093)
        at java.util.concurrent.ScheduledThreadPoolExecutor$DelayedWorkQueue.take(ScheduledThreadPoolExecutor.java:809)
        at java.util.concurrent.ThreadPoolExecutor.getTask(ThreadPoolExecutor.java:1074)
        at java.util.concurrent.ThreadPoolExecutor.runWorker(ThreadPoolExecutor.java:1134)
        at java.util.concurrent.ThreadPoolExecutor$Worker.run(ThreadPoolExecutor.java:624)
        at java.lang.Thread.run(Thread.java:750)
"StaleRecoveringContainerScrubbingService#1" daemon prio=5 tid=388 timed_waiting
java.lang.Thread.State: TIMED_WAITING
        at sun.misc.Unsafe.park(Native Method)
        at java.util.concurrent.locks.LockSupport.parkNanos(LockSupport.java:215)
        at java.util.concurrent.locks.AbstractQueuedSynchronizer$ConditionObject.awaitNanos(AbstractQueuedSynchronizer.java:2078)
        at java.util.concurrent.ScheduledThreadPoolExecutor$DelayedWorkQueue.take(ScheduledThreadPoolExecutor.java:1093)
        at java.util.concurrent.ScheduledThreadPoolExecutor$DelayedWorkQueue.take(ScheduledThreadPoolExecutor.java:809)
        at java.util.concurrent.ThreadPoolExecutor.getTask(ThreadPoolExecutor.java:1074)
        at java.util.concurrent.ThreadPoolExecutor.runWorker(ThreadPoolExecutor.java:1134)
        at java.util.concurrent.ThreadPoolExecutor$Worker.run(ThreadPoolExecutor.java:624)
        at java.lang.Thread.run(Thread.java:750)
"ChunkWriter-2-0" daemon prio=5 tid=382 in Object.wait()
java.lang.Thread.State: WAITING (on object monitor)
        at sun.misc.Unsafe.park(Native Method)
        at java.util.concurrent.locks.LockSupport.park(LockSupport.java:175)
        at java.util.concurrent.locks.AbstractQueuedSynchronizer$ConditionObject.await(AbstractQueuedSynchronizer.java:2039)
        at java.util.concurrent.LinkedBlockingDeque.takeFirst(LinkedBlockingDeque.java:492)
        at java.util.concurrent.LinkedBlockingDeque.take(LinkedBlockingDeque.java:680)
        at java.util.concurrent.ThreadPoolExecutor.getTask(ThreadPoolExecutor.java:1074)
        at java.util.concurrent.ThreadPoolExecutor.runWorker(ThreadPoolExecutor.java:1134)
        at java.util.concurrent.ThreadPoolExecutor$Worker.run(ThreadPoolExecutor.java:624)
        at java.lang.Thread.run(Thread.java:750)
"Datanode ReportManager Thread - 3" daemon prio=5 tid=309 in Object.wait()
java.lang.Thread.State: WAITING (on object monitor)
        at sun.misc.Unsafe.park(Native Method)
        at java.util.concurrent.locks.LockSupport.park(LockSupport.java:175)
        at java.util.concurrent.locks.AbstractQueuedSynchronizer$ConditionObject.await(AbstractQueuedSynchronizer.java:2039)
        at java.util.concurrent.ScheduledThreadPoolExecutor$DelayedWorkQueue.take(ScheduledThreadPoolExecutor.java:1088)
        at java.util.concurrent.ScheduledThreadPoolExecutor$DelayedWorkQueue.take(ScheduledThreadPoolExecutor.java:809)
        at java.util.concurrent.ThreadPoolExecutor.getTask(ThreadPoolExecutor.java:1074)
        at java.util.concurrent.ThreadPoolExecutor.runWorker(ThreadPoolExecutor.java:1134)
        at java.util.concurrent.ThreadPoolExecutor$Worker.run(ThreadPoolExecutor.java:624)
        at java.lang.Thread.run(Thread.java:750)
"BlockDeletingService#2" daemon prio=5 tid=606 in Object.wait()
java.lang.Thread.State: WAITING (on object monitor)
        at sun.misc.Unsafe.park(Native Method)
        at java.util.concurrent.locks.LockSupport.park(LockSupport.java:175)
        at java.util.concurrent.locks.AbstractQueuedSynchronizer$ConditionObject.await(AbstractQueuedSynchronizer.java:2039)
        at java.util.concurrent.ScheduledThreadPoolExecutor$DelayedWorkQueue.take(ScheduledThreadPoolExecutor.java:1088)
        at java.util.concurrent.ScheduledThreadPoolExecutor$DelayedWorkQueue.take(ScheduledThreadPoolExecutor.java:809)
        at java.util.concurrent.ThreadPoolExecutor.getTask(ThreadPoolExecutor.java:1074)
        at java.util.concurrent.ThreadPoolExecutor.runWorker(ThreadPoolExecutor.java:1134)
        at java.util.concurrent.ThreadPoolExecutor$Worker.run(ThreadPoolExecutor.java:624)
        at java.lang.Thread.run(Thread.java:750)
"qtp507361937-191" daemon prio=5 tid=191 timed_waiting
java.lang.Thread.State: TIMED_WAITING
        at sun.misc.Unsafe.park(Native Method)
        at java.util.concurrent.locks.LockSupport.parkNanos(LockSupport.java:215)
        at java.util.concurrent.locks.AbstractQueuedSynchronizer$ConditionObject.awaitNanos(AbstractQueuedSynchronizer.java:2078)
        at org.eclipse.jetty.util.BlockingArrayQueue.poll(BlockingArrayQueue.java:382)
        at org.eclipse.jetty.util.thread.QueuedThreadPool$Runner.idleJobPoll(QueuedThreadPool.java:974)
        at org.eclipse.jetty.util.thread.QueuedThreadPool$Runner.run(QueuedThreadPool.java:1018)
        at java.lang.Thread.run(Thread.java:750)
"IPC Server handler 12 on default port 34303" daemon prio=5 tid=167 timed_waiting
java.lang.Thread.State: TIMED_WAITING
        at sun.misc.Unsafe.park(Native Method)
        at java.util.concurrent.locks.LockSupport.parkNanos(LockSupport.java:215)
        at java.util.concurrent.locks.AbstractQueuedSynchronizer$ConditionObject.awaitNanos(AbstractQueuedSynchronizer.java:2078)
        at java.util.concurrent.LinkedBlockingQueue.poll(LinkedBlockingQueue.java:467)
        at org.apache.hadoop.ipc.CallQueueManager.take(CallQueueManager.java:317)
        at org.apache.hadoop.ipc.Server$Handler.run(Server.java:2942)
"IPC Server handler 10 on default port 34303" daemon prio=5 tid=165 timed_waiting
java.lang.Thread.State: TIMED_WAITING
        at sun.misc.Unsafe.park(Native Method)
        at java.util.concurrent.locks.LockSupport.parkNanos(LockSupport.java:215)
        at java.util.concurrent.locks.AbstractQueuedSynchronizer$ConditionObject.awaitNanos(AbstractQueuedSynchronizer.java:2078)
        at java.util.concurrent.LinkedBlockingQueue.poll(LinkedBlockingQueue.java:467)
        at org.apache.hadoop.ipc.CallQueueManager.take(CallQueueManager.java:317)
        at org.apache.hadoop.ipc.Server$Handler.run(Server.java:2942)
"org.apache.hadoop.util.JvmPauseMonitor$Monitor@4061455" daemon prio=5 tid=175 timed_waiting
java.lang.Thread.State: TIMED_WAITING
        at java.lang.Thread.sleep(Native Method)
        at org.apache.hadoop.util.JvmPauseMonitor$Monitor.run(JvmPauseMonitor.java:192)
        at java.lang.Thread.run(Thread.java:750)
"ChunkReader-ELG-0" daemon prio=5 tid=409 runnable
java.lang.Thread.State: RUNNABLE
        at org.apache.ratis.thirdparty.io.netty.channel.epoll.Native.epollWait(Native Method)
        at org.apache.ratis.thirdparty.io.netty.channel.epoll.Native.epollWait(Native.java:209)
        at org.apache.ratis.thirdparty.io.netty.channel.epoll.Native.epollWait(Native.java:202)
        at org.apache.ratis.thirdparty.io.netty.channel.epoll.EpollEventLoop.epollWaitNoTimerChange(EpollEventLoop.java:294)
        at org.apache.ratis.thirdparty.io.netty.channel.epoll.EpollEventLoop.run(EpollEventLoop.java:351)
        at org.apache.ratis.thirdparty.io.netty.util.concurrent.SingleThreadEventExecutor$4.run(SingleThreadEventExecutor.java:995)
        at org.apache.ratis.thirdparty.io.netty.util.internal.ThreadExecutorMap$2.run(ThreadExecutorMap.java:74)
        at java.lang.Thread.run(Thread.java:750)
"IPC Server Responder" daemon prio=5 tid=35 runnable
java.lang.Thread.State: RUNNABLE
        at sun.nio.ch.EPollArrayWrapper.epollWait(Native Method)
        at sun.nio.ch.EPollArrayWrapper.poll(EPollArrayWrapper.java:269)
        at sun.nio.ch.EPollSelectorImpl.doSelect(EPollSelectorImpl.java:93)
        at sun.nio.ch.SelectorImpl.lockAndDoSelect(SelectorImpl.java:86)
        at sun.nio.ch.SelectorImpl.select(SelectorImpl.java:97)
        at org.apache.hadoop.ipc.Server$Responder.doRunLoop(Server.java:1532)
        at org.apache.hadoop.ipc.Server$Responder.run(Server.java:1515)
"grpc-default-worker-ELG-3-2" daemon prio=5 tid=433 runnable
java.lang.Thread.State: RUNNABLE
        at org.apache.ratis.thirdparty.io.netty.channel.epoll.Native.epollWait0(Native Method)
        at org.apache.ratis.thirdparty.io.netty.channel.epoll.Native.epollWait(Native.java:182)
        at org.apache.ratis.thirdparty.io.netty.channel.epoll.EpollEventLoop.epollWait(EpollEventLoop.java:290)
        at org.apache.ratis.thirdparty.io.netty.channel.epoll.EpollEventLoop.run(EpollEventLoop.java:354)
        at org.apache.ratis.thirdparty.io.netty.util.concurrent.SingleThreadEventExecutor$4.run(SingleThreadEventExecutor.java:995)
        at org.apache.ratis.thirdparty.io.netty.util.internal.ThreadExecutorMap$2.run(ThreadExecutorMap.java:74)
        at org.apache.ratis.thirdparty.io.netty.util.concurrent.FastThreadLocalRunnable.run(FastThreadLocalRunnable.java:30)
        at java.lang.Thread.run(Thread.java:750)
"BlockDeletingService#1" daemon prio=5 tid=389 timed_waiting
java.lang.Thread.State: TIMED_WAITING
        at sun.misc.Unsafe.park(Native Method)
        at java.util.concurrent.locks.LockSupport.parkNanos(LockSupport.java:215)
        at java.util.concurrent.locks.AbstractQueuedSynchronizer$ConditionObject.awaitNanos(AbstractQueuedSynchronizer.java:2078)
        at java.util.concurrent.ScheduledThreadPoolExecutor$DelayedWorkQueue.take(ScheduledThreadPoolExecutor.java:1093)
        at java.util.concurrent.ScheduledThreadPoolExecutor$DelayedWorkQueue.take(ScheduledThreadPoolExecutor.java:809)
        at java.util.concurrent.ThreadPoolExecutor.getTask(ThreadPoolExecutor.java:1074)
        at java.util.concurrent.ThreadPoolExecutor.runWorker(ThreadPoolExecutor.java:1134)
        at java.util.concurrent.ThreadPoolExecutor$Worker.run(ThreadPoolExecutor.java:624)
        at java.lang.Thread.run(Thread.java:750)
"Datanode ReportManager Thread - 0" daemon prio=5 tid=252 timed_waiting
java.lang.Thread.State: TIMED_WAITING
        at sun.misc.Unsafe.park(Native Method)
        at java.util.concurrent.locks.LockSupport.parkNanos(LockSupport.java:215)
        at java.util.concurrent.locks.AbstractQueuedSynchronizer$ConditionObject.awaitNanos(AbstractQueuedSynchronizer.java:2078)
        at java.util.concurrent.ScheduledThreadPoolExecutor$DelayedWorkQueue.take(ScheduledThreadPoolExecutor.java:1093)
        at java.util.concurrent.ScheduledThreadPoolExecutor$DelayedWorkQueue.take(ScheduledThreadPoolExecutor.java:809)
        at java.util.concurrent.ThreadPoolExecutor.getTask(ThreadPoolExecutor.java:1074)
        at java.util.concurrent.ThreadPoolExecutor.runWorker(ThreadPoolExecutor.java:1134)
        at java.util.concurrent.ThreadPoolExecutor$Worker.run(ThreadPoolExecutor.java:624)
        at java.lang.Thread.run(Thread.java:750)
"FixedThreadPoolWithAffinityExecutor-4-0" daemon prio=5 tid=40 timed_waiting
java.lang.Thread.State: TIMED_WAITING
        at sun.misc.Unsafe.park(Native Method)
        at java.util.concurrent.locks.LockSupport.parkNanos(LockSupport.java:215)
        at java.util.concurrent.locks.AbstractQueuedSynchronizer$ConditionObject.awaitNanos(AbstractQueuedSynchronizer.java:2078)
        at java.util.concurrent.LinkedBlockingQueue.poll(LinkedBlockingQueue.java:467)
        at org.apache.hadoop.hdds.scm.server.ContainerReportQueue.poll(ContainerReportQueue.java:266)
        at org.apache.hadoop.hdds.scm.server.ContainerReportQueue.poll(ContainerReportQueue.java:42)
        at org.apache.hadoop.hdds.server.events.FixedThreadPoolWithAffinityExecutor$ContainerReportProcessTask.run(FixedThreadPoolWithAffinityExecutor.java:247)
        at java.util.concurrent.Executors$RunnableAdapter.call(Executors.java:511)
        at java.util.concurrent.FutureTask.run(FutureTask.java:266)
        at java.util.concurrent.ThreadPoolExecutor.runWorker(ThreadPoolExecutor.java:1149)
        at java.util.concurrent.ThreadPoolExecutor$Worker.run(ThreadPoolExecutor.java:624)
        at java.lang.Thread.run(Thread.java:750)
"EventQueue-NodeReportForNodeReportHandler" daemon prio=5 tid=595 in Object.wait()
java.lang.Thread.State: WAITING (on object monitor)
        at sun.misc.Unsafe.park(Native Method)
        at java.util.concurrent.locks.LockSupport.park(LockSupport.java:175)
        at java.util.concurrent.locks.AbstractQueuedSynchronizer$ConditionObject.await(AbstractQueuedSynchronizer.java:2039)
        at java.util.concurrent.LinkedBlockingQueue.take(LinkedBlockingQueue.java:442)
        at java.util.concurrent.ThreadPoolExecutor.getTask(ThreadPoolExecutor.java:1074)
        at java.util.concurrent.ThreadPoolExecutor.runWorker(ThreadPoolExecutor.java:1134)
        at java.util.concurrent.ThreadPoolExecutor$Worker.run(ThreadPoolExecutor.java:624)
        at java.lang.Thread.run(Thread.java:750)
"EndpointStateMachine task thread for /0.0.0.0:42039 - 0 "  prio=5 tid=355 in Object.wait()
java.lang.Thread.State: WAITING (on object monitor)
        at sun.misc.Unsafe.park(Native Method)
        at java.util.concurrent.locks.LockSupport.park(LockSupport.java:175)
        at java.util.concurrent.locks.AbstractQueuedSynchronizer$ConditionObject.await(AbstractQueuedSynchronizer.java:2039)
        at java.util.concurrent.LinkedBlockingQueue.take(LinkedBlockingQueue.java:442)
        at java.util.concurrent.ThreadPoolExecutor.getTask(ThreadPoolExecutor.java:1074)
        at java.util.concurrent.ThreadPoolExecutor.runWorker(ThreadPoolExecutor.java:1134)
        at java.util.concurrent.ThreadPoolExecutor$Worker.run(ThreadPoolExecutor.java:624)
        at java.lang.Thread.run(Thread.java:750)
"FixedThreadPoolWithAffinityExecutor-6-0" daemon prio=5 tid=42 timed_waiting
java.lang.Thread.State: TIMED_WAITING
        at sun.misc.Unsafe.park(Native Method)
        at java.util.concurrent.locks.LockSupport.parkNanos(LockSupport.java:215)
        at java.util.concurrent.locks.AbstractQueuedSynchronizer$ConditionObject.awaitNanos(AbstractQueuedSynchronizer.java:2078)
        at java.util.concurrent.LinkedBlockingQueue.poll(LinkedBlockingQueue.java:467)
        at org.apache.hadoop.hdds.scm.server.ContainerReportQueue.poll(ContainerReportQueue.java:266)
        at org.apache.hadoop.hdds.scm.server.ContainerReportQueue.poll(ContainerReportQueue.java:42)
        at org.apache.hadoop.hdds.server.events.FixedThreadPoolWithAffinityExecutor$ContainerReportProcessTask.run(FixedThreadPoolWithAffinityExecutor.java:247)
        at java.util.concurrent.Executors$RunnableAdapter.call(Executors.java:511)
        at java.util.concurrent.FutureTask.run(FutureTask.java:266)
        at java.util.concurrent.ThreadPoolExecutor.runWorker(ThreadPoolExecutor.java:1149)
        at java.util.concurrent.ThreadPoolExecutor$Worker.run(ThreadPoolExecutor.java:624)
        at java.lang.Thread.run(Thread.java:750)
"Socket Reader #1 for port 0"  prio=5 tid=25 runnable
java.lang.Thread.State: RUNNABLE
        at sun.nio.ch.EPollArrayWrapper.epollWait(Native Method)
        at sun.nio.ch.EPollArrayWrapper.poll(EPollArrayWrapper.java:269)
        at sun.nio.ch.EPollSelectorImpl.doSelect(EPollSelectorImpl.java:93)
        at sun.nio.ch.SelectorImpl.lockAndDoSelect(SelectorImpl.java:86)
        at sun.nio.ch.SelectorImpl.select(SelectorImpl.java:97)
        at sun.nio.ch.SelectorImpl.select(SelectorImpl.java:101)
        at org.apache.hadoop.ipc.Server$Listener$Reader.doRunLoop(Server.java:1296)
        at org.apache.hadoop.ipc.Server$Listener$Reader.run(Server.java:1275)
"qtp275016957-242" daemon prio=5 tid=242 runnable
java.lang.Thread.State: RUNNABLE
        at sun.nio.ch.EPollArrayWrapper.epollWait(Native Method)
        at sun.nio.ch.EPollArrayWrapper.poll(EPollArrayWrapper.java:269)
        at sun.nio.ch.EPollSelectorImpl.doSelect(EPollSelectorImpl.java:93)
        at sun.nio.ch.SelectorImpl.lockAndDoSelect(SelectorImpl.java:86)
        at sun.nio.ch.SelectorImpl.select(SelectorImpl.java:97)
        at sun.nio.ch.SelectorImpl.select(SelectorImpl.java:101)
        at org.eclipse.jetty.io.ManagedSelector.nioSelect(ManagedSelector.java:183)
        at org.eclipse.jetty.io.ManagedSelector.select(ManagedSelector.java:190)
        at org.eclipse.jetty.io.ManagedSelector$SelectorProducer.select(ManagedSelector.java:606)
        at org.eclipse.jetty.io.ManagedSelector$SelectorProducer.produce(ManagedSelector.java:543)
        at org.eclipse.jetty.util.thread.strategy.EatWhatYouKill.produceTask(EatWhatYouKill.java:362)
        at org.eclipse.jetty.util.thread.strategy.EatWhatYouKill.doProduce(EatWhatYouKill.java:186)
        at org.eclipse.jetty.util.thread.strategy.EatWhatYouKill.tryProduce(EatWhatYouKill.java:173)
        at org.eclipse.jetty.util.thread.strategy.EatWhatYouKill.produce(EatWhatYouKill.java:137)
        at org.eclipse.jetty.io.ManagedSelector$$Lambda$468/1286968216.run(Unknown Source)
        at org.eclipse.jetty.util.thread.QueuedThreadPool.runJob(QueuedThreadPool.java:883)
        at org.eclipse.jetty.util.thread.QueuedThreadPool$Runner.run(QueuedThreadPool.java:1034)
        at java.lang.Thread.run(Thread.java:750)
"qtp1832656647-326" daemon prio=5 tid=326 timed_waiting
java.lang.Thread.State: TIMED_WAITING
        at sun.misc.Unsafe.park(Native Method)
        at java.util.concurrent.locks.LockSupport.parkNanos(LockSupport.java:215)
        at java.util.concurrent.locks.AbstractQueuedSynchronizer$ConditionObject.awaitNanos(AbstractQueuedSynchronizer.java:2078)
        at org.eclipse.jetty.util.BlockingArrayQueue.poll(BlockingArrayQueue.java:382)
        at org.eclipse.jetty.util.thread.QueuedThreadPool$Runner.idleJobPoll(QueuedThreadPool.java:974)
        at org.eclipse.jetty.util.thread.QueuedThreadPool$Runner.run(QueuedThreadPool.java:1018)
        at java.lang.Thread.run(Thread.java:750)
"EventQueue-NewNodeForNewNodeHandler" daemon prio=5 tid=414 in Object.wait()
java.lang.Thread.State: WAITING (on object monitor)
        at sun.misc.Unsafe.park(Native Method)
        at java.util.concurrent.locks.LockSupport.park(LockSupport.java:175)
        at java.util.concurrent.locks.AbstractQueuedSynchronizer$ConditionObject.await(AbstractQueuedSynchronizer.java:2039)
        at java.util.concurrent.LinkedBlockingQueue.take(LinkedBlockingQueue.java:442)
        at java.util.concurrent.ThreadPoolExecutor.getTask(ThreadPoolExecutor.java:1074)
        at java.util.concurrent.ThreadPoolExecutor.runWorker(ThreadPoolExecutor.java:1134)
        at java.util.concurrent.ThreadPoolExecutor$Worker.run(ThreadPoolExecutor.java:624)
        at java.lang.Thread.run(Thread.java:750)
"IPC Server handler 13 on default port 34303" daemon prio=5 tid=168 timed_waiting
java.lang.Thread.State: TIMED_WAITING
        at sun.misc.Unsafe.park(Native Method)
        at java.util.concurrent.locks.LockSupport.parkNanos(LockSupport.java:215)
        at java.util.concurrent.locks.AbstractQueuedSynchronizer$ConditionObject.awaitNanos(AbstractQueuedSynchronizer.java:2078)
        at java.util.concurrent.LinkedBlockingQueue.poll(LinkedBlockingQueue.java:467)
        at org.apache.hadoop.ipc.CallQueueManager.take(CallQueueManager.java:317)
        at org.apache.hadoop.ipc.Server$Handler.run(Server.java:2942)
"IPC Server handler 11 on default port 37049" daemon prio=5 tid=78 timed_waiting
java.lang.Thread.State: TIMED_WAITING
        at sun.misc.Unsafe.park(Native Method)
        at java.util.concurrent.locks.LockSupport.parkNanos(LockSupport.java:215)
        at java.util.concurrent.locks.AbstractQueuedSynchronizer$ConditionObject.awaitNanos(AbstractQueuedSynchronizer.java:2078)
        at java.util.concurrent.LinkedBlockingQueue.poll(LinkedBlockingQueue.java:467)
        at org.apache.hadoop.ipc.CallQueueManager.take(CallQueueManager.java:317)
        at org.apache.hadoop.ipc.Server$Handler.run(Server.java:2942)
"pool-87-thread-1" daemon prio=5 tid=207 timed_waiting
java.lang.Thread.State: TIMED_WAITING
        at sun.misc.Unsafe.park(Native Method)
        at java.util.concurrent.locks.LockSupport.parkNanos(LockSupport.java:215)
        at java.util.concurrent.locks.AbstractQueuedSynchronizer$ConditionObject.awaitNanos(AbstractQueuedSynchronizer.java:2078)
        at java.util.concurrent.ScheduledThreadPoolExecutor$DelayedWorkQueue.take(ScheduledThreadPoolExecutor.java:1093)
        at java.util.concurrent.ScheduledThreadPoolExecutor$DelayedWorkQueue.take(ScheduledThreadPoolExecutor.java:809)
        at java.util.concurrent.ThreadPoolExecutor.getTask(ThreadPoolExecutor.java:1074)
        at java.util.concurrent.ThreadPoolExecutor.runWorker(ThreadPoolExecutor.java:1134)
        at java.util.concurrent.ThreadPoolExecutor$Worker.run(ThreadPoolExecutor.java:624)
        at java.lang.Thread.run(Thread.java:750)
"Datanode ReportManager Thread - 3" daemon prio=5 tid=336 in Object.wait()
java.lang.Thread.State: WAITING (on object monitor)
        at sun.misc.Unsafe.park(Native Method)
        at java.util.concurrent.locks.LockSupport.park(LockSupport.java:175)
        at java.util.concurrent.locks.AbstractQueuedSynchronizer$ConditionObject.await(AbstractQueuedSynchronizer.java:2039)
        at java.util.concurrent.ScheduledThreadPoolExecutor$DelayedWorkQueue.take(ScheduledThreadPoolExecutor.java:1088)
        at java.util.concurrent.ScheduledThreadPoolExecutor$DelayedWorkQueue.take(ScheduledThreadPoolExecutor.java:809)
        at java.util.concurrent.ThreadPoolExecutor.getTask(ThreadPoolExecutor.java:1074)
        at java.util.concurrent.ThreadPoolExecutor.runWorker(ThreadPoolExecutor.java:1134)
        at java.util.concurrent.ThreadPoolExecutor$Worker.run(ThreadPoolExecutor.java:624)
        at java.lang.Thread.run(Thread.java:750)
"org.apache.hadoop.ozone.container.common.statemachine.commandhandler.DeleteBlocksCommandHandler$DeleteCmdWorker@1937bcc6" daemon prio=5 tid=240 timed_waiting
java.lang.Thread.State: TIMED_WAITING
        at java.lang.Thread.sleep(Native Method)
        at org.apache.hadoop.ozone.container.common.statemachine.commandhandler.DeleteBlocksCommandHandler$DeleteCmdWorker.run(DeleteBlocksCommandHandler.java:184)
        at java.lang.Thread.run(Thread.java:750)
"IPC Server handler 19 on default port 43507" daemon prio=5 tid=66 timed_waiting
java.lang.Thread.State: TIMED_WAITING
        at sun.misc.Unsafe.park(Native Method)
        at java.util.concurrent.locks.LockSupport.parkNanos(LockSupport.java:215)
        at java.util.concurrent.locks.AbstractQueuedSynchronizer$ConditionObject.awaitNanos(AbstractQueuedSynchronizer.java:2078)
        at java.util.concurrent.LinkedBlockingQueue.poll(LinkedBlockingQueue.java:467)
        at org.apache.hadoop.ipc.CallQueueManager.take(CallQueueManager.java:317)
        at org.apache.hadoop.ipc.Server$Handler.run(Server.java:2942)
"org.apache.hadoop.util.JvmPauseMonitor$Monitor@8bd376b" daemon prio=5 tid=312 timed_waiting
java.lang.Thread.State: TIMED_WAITING
        at java.lang.Thread.sleep(Native Method)
        at org.apache.hadoop.util.JvmPauseMonitor$Monitor.run(JvmPauseMonitor.java:192)
        at java.lang.Thread.run(Thread.java:750)
"IPC Server handler 17 on default port 34303" daemon prio=5 tid=172 timed_waiting
java.lang.Thread.State: TIMED_WAITING
        at sun.misc.Unsafe.park(Native Method)
        at java.util.concurrent.locks.LockSupport.parkNanos(LockSupport.java:215)
        at java.util.concurrent.locks.AbstractQueuedSynchronizer$ConditionObject.awaitNanos(AbstractQueuedSynchronizer.java:2078)
        at java.util.concurrent.LinkedBlockingQueue.poll(LinkedBlockingQueue.java:467)
        at org.apache.hadoop.ipc.CallQueueManager.take(CallQueueManager.java:317)
        at org.apache.hadoop.ipc.Server$Handler.run(Server.java:2942)
"Datanode ReportManager Thread - 0" daemon prio=5 tid=225 timed_waiting
java.lang.Thread.State: TIMED_WAITING
        at sun.misc.Unsafe.park(Native Method)
        at java.util.concurrent.locks.LockSupport.parkNanos(LockSupport.java:215)
        at java.util.concurrent.locks.AbstractQueuedSynchronizer$ConditionObject.awaitNanos(AbstractQueuedSynchronizer.java:2078)
        at java.util.concurrent.ScheduledThreadPoolExecutor$DelayedWorkQueue.take(ScheduledThreadPoolExecutor.java:1093)
        at java.util.concurrent.ScheduledThreadPoolExecutor$DelayedWorkQueue.take(ScheduledThreadPoolExecutor.java:809)
        at java.util.concurrent.ThreadPoolExecutor.getTask(ThreadPoolExecutor.java:1074)
        at java.util.concurrent.ThreadPoolExecutor.runWorker(ThreadPoolExecutor.java:1134)
        at java.util.concurrent.ThreadPoolExecutor$Worker.run(ThreadPoolExecutor.java:624)
        at java.lang.Thread.run(Thread.java:750)
"PartialTableCache Cleanup Thread - 0" daemon prio=5 tid=594 in Object.wait()
java.lang.Thread.State: WAITING (on object monitor)
        at sun.misc.Unsafe.park(Native Method)
        at java.util.concurrent.locks.LockSupport.park(LockSupport.java:175)
        at java.util.concurrent.locks.AbstractQueuedSynchronizer$ConditionObject.await(AbstractQueuedSynchronizer.java:2039)
        at java.util.concurrent.LinkedBlockingQueue.take(LinkedBlockingQueue.java:442)
        at java.util.concurrent.ThreadPoolExecutor.getTask(ThreadPoolExecutor.java:1074)
        at java.util.concurrent.ThreadPoolExecutor.runWorker(ThreadPoolExecutor.java:1134)
        at java.util.concurrent.ThreadPoolExecutor$Worker.run(ThreadPoolExecutor.java:624)
        at java.lang.Thread.run(Thread.java:750)
"Command processor thread" daemon prio=5 tid=230 timed_waiting
java.lang.Thread.State: TIMED_WAITING
        at java.lang.Thread.sleep(Native Method)
        at org.apache.hadoop.ozone.container.common.statemachine.DatanodeStateMachine.lambda$initCommandHandlerThread$3(DatanodeStateMachine.java:644)
        at org.apache.hadoop.ozone.container.common.statemachine.DatanodeStateMachine$$Lambda$799/1524986595.run(Unknown Source)
        at java.lang.Thread.run(Thread.java:750)
"qtp1846922173-147-acceptor-0@33673d1c-ServerConnector@488e27f3{HTTP/1.1, (http/1.1)}{0.0.0.0:37699}" daemon prio=3 tid=147 runnable
java.lang.Thread.State: RUNNABLE
        at sun.nio.ch.ServerSocketChannelImpl.accept0(Native Method)
        at sun.nio.ch.ServerSocketChannelImpl.accept(ServerSocketChannelImpl.java:421)
        at sun.nio.ch.ServerSocketChannelImpl.accept(ServerSocketChannelImpl.java:249)
        at org.eclipse.jetty.server.ServerConnector.accept(ServerConnector.java:388)
        at org.eclipse.jetty.server.AbstractConnector$Acceptor.run(AbstractConnector.java:704)
        at org.eclipse.jetty.util.thread.QueuedThreadPool.runJob(QueuedThreadPool.java:883)
        at org.eclipse.jetty.util.thread.QueuedThreadPool$Runner.run(QueuedThreadPool.java:1034)
        at java.lang.Thread.run(Thread.java:750)
"Datanode State Machine Task Thread - 1"  prio=5 tid=378 in Object.wait()
java.lang.Thread.State: WAITING (on object monitor)
        at sun.misc.Unsafe.park(Native Method)
        at java.util.concurrent.locks.LockSupport.park(LockSupport.java:175)
        at java.util.concurrent.locks.AbstractQueuedSynchronizer$ConditionObject.await(AbstractQueuedSynchronizer.java:2039)
        at java.util.concurrent.LinkedBlockingQueue.take(LinkedBlockingQueue.java:442)
        at java.util.concurrent.ThreadPoolExecutor.getTask(ThreadPoolExecutor.java:1074)
        at java.util.concurrent.ThreadPoolExecutor.runWorker(ThreadPoolExecutor.java:1134)
        at java.util.concurrent.ThreadPoolExecutor$Worker.run(ThreadPoolExecutor.java:624)
        at java.lang.Thread.run(Thread.java:750)
"cf55343f-a051-44b0-a85c-65c9cdfe5b3e@group-0D490B3C9A7C-StateMachineUpdater" daemon prio=5 tid=455 timed_waiting
java.lang.Thread.State: TIMED_WAITING
        at sun.misc.Unsafe.park(Native Method)
        at java.util.concurrent.locks.LockSupport.parkNanos(LockSupport.java:215)
        at java.util.concurrent.locks.AbstractQueuedSynchronizer$ConditionObject.await(AbstractQueuedSynchronizer.java:2163)
        at org.apache.ratis.util.AwaitForSignal.await(AwaitForSignal.java:62)
        at org.apache.ratis.server.impl.StateMachineUpdater.waitForCommit(StateMachineUpdater.java:207)
        at org.apache.ratis.server.impl.StateMachineUpdater.run(StateMachineUpdater.java:176)
        at java.lang.Thread.run(Thread.java:750)
"Datanode ReportManager Thread - 1" daemon prio=5 tid=334 in Object.wait()
java.lang.Thread.State: WAITING (on object monitor)
        at sun.misc.Unsafe.park(Native Method)
        at java.util.concurrent.locks.LockSupport.park(LockSupport.java:175)
        at java.util.concurrent.locks.AbstractQueuedSynchronizer$ConditionObject.await(AbstractQueuedSynchronizer.java:2039)
        at java.util.concurrent.ScheduledThreadPoolExecutor$DelayedWorkQueue.take(ScheduledThreadPoolExecutor.java:1088)
        at java.util.concurrent.ScheduledThreadPoolExecutor$DelayedWorkQueue.take(ScheduledThreadPoolExecutor.java:809)
        at java.util.concurrent.ThreadPoolExecutor.getTask(ThreadPoolExecutor.java:1074)
        at java.util.concurrent.ThreadPoolExecutor.runWorker(ThreadPoolExecutor.java:1134)
        at java.util.concurrent.ThreadPoolExecutor$Worker.run(ThreadPoolExecutor.java:624)
        at java.lang.Thread.run(Thread.java:750)
"om1@group-C5BA1605619E-SegmentedRaftLogWorker"  prio=5 tid=136 timed_waiting
java.lang.Thread.State: TIMED_WAITING
        at sun.misc.Unsafe.park(Native Method)
        at java.util.concurrent.locks.LockSupport.parkNanos(LockSupport.java:215)
        at java.util.concurrent.locks.AbstractQueuedSynchronizer$ConditionObject.awaitNanos(AbstractQueuedSynchronizer.java:2078)
        at org.apache.ratis.util.DataBlockingQueue.poll(DataBlockingQueue.java:148)
        at org.apache.ratis.server.raftlog.segmented.SegmentedRaftLogWorker.run(SegmentedRaftLogWorker.java:312)
        at org.apache.ratis.server.raftlog.segmented.SegmentedRaftLogWorker$$Lambda$708/579279345.run(Unknown Source)
        at java.lang.Thread.run(Thread.java:750)
"qtp616421782-111-acceptor-0@7e202310-ServerConnector@7359f3ac{HTTP/1.1, (http/1.1)}{0.0.0.0:45967}" daemon prio=3 tid=111 runnable
java.lang.Thread.State: RUNNABLE
        at sun.nio.ch.ServerSocketChannelImpl.accept0(Native Method)
        at sun.nio.ch.ServerSocketChannelImpl.accept(ServerSocketChannelImpl.java:421)
        at sun.nio.ch.ServerSocketChannelImpl.accept(ServerSocketChannelImpl.java:249)
        at org.eclipse.jetty.server.ServerConnector.accept(ServerConnector.java:388)
        at org.eclipse.jetty.server.AbstractConnector$Acceptor.run(AbstractConnector.java:704)
        at org.eclipse.jetty.util.thread.QueuedThreadPool.runJob(QueuedThreadPool.java:883)
        at org.eclipse.jetty.util.thread.QueuedThreadPool$Runner.run(QueuedThreadPool.java:1034)
        at java.lang.Thread.run(Thread.java:750)
"JvmPauseMonitor0" daemon prio=5 tid=140 timed_waiting
java.lang.Thread.State: TIMED_WAITING
        at java.lang.Thread.sleep(Native Method)
        at java.lang.Thread.sleep(Thread.java:342)
        at java.util.concurrent.TimeUnit.sleep(TimeUnit.java:386)
        at org.apache.ratis.util.TimeDuration.sleep(TimeDuration.java:325)
        at org.apache.ratis.util.TimeDuration.sleep(TimeDuration.java:310)
        at org.apache.ratis.util.JvmPauseMonitor.detectPause(JvmPauseMonitor.java:119)
        at org.apache.ratis.util.JvmPauseMonitor.run(JvmPauseMonitor.java:108)
        at org.apache.ratis.util.JvmPauseMonitor$$Lambda$749/143111683.run(Unknown Source)
        at java.lang.Thread.run(Thread.java:750)
"Datanode ReportManager Thread - 1" daemon prio=5 tid=253 in Object.wait()
java.lang.Thread.State: WAITING (on object monitor)
        at sun.misc.Unsafe.park(Native Method)
        at java.util.concurrent.locks.LockSupport.park(LockSupport.java:175)
        at java.util.concurrent.locks.AbstractQueuedSynchronizer$ConditionObject.await(AbstractQueuedSynchronizer.java:2039)
        at java.util.concurrent.ScheduledThreadPoolExecutor$DelayedWorkQueue.take(ScheduledThreadPoolExecutor.java:1088)
        at java.util.concurrent.ScheduledThreadPoolExecutor$DelayedWorkQueue.take(ScheduledThreadPoolExecutor.java:809)
        at java.util.concurrent.ThreadPoolExecutor.getTask(ThreadPoolExecutor.java:1074)
        at java.util.concurrent.ThreadPoolExecutor.runWorker(ThreadPoolExecutor.java:1134)
        at java.util.concurrent.ThreadPoolExecutor$Worker.run(ThreadPoolExecutor.java:624)
        at java.lang.Thread.run(Thread.java:750)
"IPC Server handler 7 on default port 42039" daemon prio=5 tid=94 timed_waiting
java.lang.Thread.State: TIMED_WAITING
        at sun.misc.Unsafe.park(Native Method)
        at java.util.concurrent.locks.LockSupport.parkNanos(LockSupport.java:215)
        at java.util.concurrent.locks.AbstractQueuedSynchronizer$ConditionObject.awaitNanos(AbstractQueuedSynchronizer.java:2078)
        at java.util.concurrent.LinkedBlockingQueue.poll(LinkedBlockingQueue.java:467)
        at org.apache.hadoop.ipc.CallQueueManager.take(CallQueueManager.java:317)
        at org.apache.hadoop.ipc.Server$Handler.run(Server.java:2942)
"Datanode ReportManager Thread - 4" daemon prio=5 tid=310 in Object.wait()
java.lang.Thread.State: WAITING (on object monitor)
        at sun.misc.Unsafe.park(Native Method)
        at java.util.concurrent.locks.LockSupport.park(LockSupport.java:175)
        at java.util.concurrent.locks.AbstractQueuedSynchronizer$ConditionObject.await(AbstractQueuedSynchronizer.java:2039)
        at java.util.concurrent.ScheduledThreadPoolExecutor$DelayedWorkQueue.take(ScheduledThreadPoolExecutor.java:1088)
        at java.util.concurrent.ScheduledThreadPoolExecutor$DelayedWorkQueue.take(ScheduledThreadPoolExecutor.java:809)
        at java.util.concurrent.ThreadPoolExecutor.getTask(ThreadPoolExecutor.java:1074)
        at java.util.concurrent.ThreadPoolExecutor.runWorker(ThreadPoolExecutor.java:1134)
        at java.util.concurrent.ThreadPoolExecutor$Worker.run(ThreadPoolExecutor.java:624)
        at java.lang.Thread.run(Thread.java:750)
"ChunkWriter-3-0" daemon prio=5 tid=371 in Object.wait()
java.lang.Thread.State: WAITING (on object monitor)
        at sun.misc.Unsafe.park(Native Method)
        at java.util.concurrent.locks.LockSupport.park(LockSupport.java:175)
        at java.util.concurrent.locks.AbstractQueuedSynchronizer$ConditionObject.await(AbstractQueuedSynchronizer.java:2039)
        at java.util.concurrent.LinkedBlockingDeque.takeFirst(LinkedBlockingDeque.java:492)
        at java.util.concurrent.LinkedBlockingDeque.take(LinkedBlockingDeque.java:680)
        at java.util.concurrent.ThreadPoolExecutor.getTask(ThreadPoolExecutor.java:1074)
        at java.util.concurrent.ThreadPoolExecutor.runWorker(ThreadPoolExecutor.java:1134)
        at java.util.concurrent.ThreadPoolExecutor$Worker.run(ThreadPoolExecutor.java:624)
        at java.lang.Thread.run(Thread.java:750)
"Datanode ReportManager Thread - 0" daemon prio=5 tid=196 in Object.wait()
java.lang.Thread.State: WAITING (on object monitor)
        at sun.misc.Unsafe.park(Native Method)
        at java.util.concurrent.locks.LockSupport.park(LockSupport.java:175)
        at java.util.concurrent.locks.AbstractQueuedSynchronizer$ConditionObject.await(AbstractQueuedSynchronizer.java:2039)
        at java.util.concurrent.ScheduledThreadPoolExecutor$DelayedWorkQueue.take(ScheduledThreadPoolExecutor.java:1088)
        at java.util.concurrent.ScheduledThreadPoolExecutor$DelayedWorkQueue.take(ScheduledThreadPoolExecutor.java:809)
        at java.util.concurrent.ThreadPoolExecutor.getTask(ThreadPoolExecutor.java:1074)
        at java.util.concurrent.ThreadPoolExecutor.runWorker(ThreadPoolExecutor.java:1134)
        at java.util.concurrent.ThreadPoolExecutor$Worker.run(ThreadPoolExecutor.java:624)
        at java.lang.Thread.run(Thread.java:750)
"qtp1846922173-152" daemon prio=5 tid=152 timed_waiting
java.lang.Thread.State: TIMED_WAITING
        at sun.misc.Unsafe.park(Native Method)
        at java.util.concurrent.locks.LockSupport.parkNanos(LockSupport.java:215)
        at java.util.concurrent.locks.AbstractQueuedSynchronizer$ConditionObject.awaitNanos(AbstractQueuedSynchronizer.java:2078)
        at org.eclipse.jetty.util.BlockingArrayQueue.poll(BlockingArrayQueue.java:382)
        at org.eclipse.jetty.util.thread.QueuedThreadPool$Runner.idleJobPoll(QueuedThreadPool.java:974)
        at org.eclipse.jetty.util.thread.QueuedThreadPool$Runner.run(QueuedThreadPool.java:1018)
        at java.lang.Thread.run(Thread.java:750)
"482fd31e-156c-418e-9aed-e6d52525a62a@group-20D9327FE511-LeaderStateImpl" daemon prio=5 tid=511 timed_waiting
java.lang.Thread.State: TIMED_WAITING
        at sun.misc.Unsafe.park(Native Method)
        at java.util.concurrent.locks.LockSupport.parkNanos(LockSupport.java:215)
        at java.util.concurrent.locks.AbstractQueuedSynchronizer$ConditionObject.awaitNanos(AbstractQueuedSynchronizer.java:2078)
        at java.util.concurrent.ArrayBlockingQueue.poll(ArrayBlockingQueue.java:418)
        at org.apache.ratis.server.impl.LeaderStateImpl$EventQueue.poll(LeaderStateImpl.java:159)
        at org.apache.ratis.server.impl.LeaderStateImpl$EventProcessor.run(LeaderStateImpl.java:630)
"JvmPauseMonitor1" daemon prio=5 tid=348 timed_waiting
java.lang.Thread.State: TIMED_WAITING
        at java.lang.Thread.sleep(Native Method)
        at java.lang.Thread.sleep(Thread.java:342)
        at java.util.concurrent.TimeUnit.sleep(TimeUnit.java:386)
        at org.apache.ratis.util.TimeDuration.sleep(TimeDuration.java:325)
        at org.apache.ratis.util.TimeDuration.sleep(TimeDuration.java:310)
        at org.apache.ratis.util.JvmPauseMonitor.detectPause(JvmPauseMonitor.java:119)
        at org.apache.ratis.util.JvmPauseMonitor.run(JvmPauseMonitor.java:108)
        at org.apache.ratis.util.JvmPauseMonitor$$Lambda$749/143111683.run(Unknown Source)
        at java.lang.Thread.run(Thread.java:750)
"IPC Server handler 7 on default port 37049" daemon prio=5 tid=74 timed_waiting
java.lang.Thread.State: TIMED_WAITING
        at sun.misc.Unsafe.park(Native Method)
        at java.util.concurrent.locks.LockSupport.parkNanos(LockSupport.java:215)
        at java.util.concurrent.locks.AbstractQueuedSynchronizer$ConditionObject.awaitNanos(AbstractQueuedSynchronizer.java:2078)
        at java.util.concurrent.LinkedBlockingQueue.poll(LinkedBlockingQueue.java:467)
        at org.apache.hadoop.ipc.CallQueueManager.take(CallQueueManager.java:317)
        at org.apache.hadoop.ipc.Server$Handler.run(Server.java:2942)
"Finalizer" daemon prio=8 tid=3 in Object.wait()
java.lang.Thread.State: WAITING (on object monitor)
        at java.lang.Object.wait(Native Method)
        at java.lang.ref.ReferenceQueue.remove(ReferenceQueue.java:144)
        at java.lang.ref.ReferenceQueue.remove(ReferenceQueue.java:165)
        at java.lang.ref.Finalizer$FinalizerThread.run(Finalizer.java:188)
"43274a1e-e531-4976-aba4-4015449e37b0@group-AA105E67F7B2-StateMachineUpdater" daemon prio=5 tid=492 timed_waiting
java.lang.Thread.State: TIMED_WAITING
        at sun.misc.Unsafe.park(Native Method)
        at java.util.concurrent.locks.LockSupport.parkNanos(LockSupport.java:215)
        at java.util.concurrent.locks.AbstractQueuedSynchronizer$ConditionObject.await(AbstractQueuedSynchronizer.java:2163)
        at org.apache.ratis.util.AwaitForSignal.await(AwaitForSignal.java:62)
        at org.apache.ratis.server.impl.StateMachineUpdater.waitForCommit(StateMachineUpdater.java:207)
        at org.apache.ratis.server.impl.StateMachineUpdater.run(StateMachineUpdater.java:176)
        at java.lang.Thread.run(Thread.java:750)
"IPC Server listener on 0" daemon prio=5 tid=24 runnable
java.lang.Thread.State: RUNNABLE
        at sun.nio.ch.EPollArrayWrapper.epollWait(Native Method)
        at sun.nio.ch.EPollArrayWrapper.poll(EPollArrayWrapper.java:269)
        at sun.nio.ch.EPollSelectorImpl.doSelect(EPollSelectorImpl.java:93)
        at sun.nio.ch.SelectorImpl.lockAndDoSelect(SelectorImpl.java:86)
        at sun.nio.ch.SelectorImpl.select(SelectorImpl.java:97)
        at sun.nio.ch.SelectorImpl.select(SelectorImpl.java:101)
        at org.apache.hadoop.ipc.Server$Listener.run(Server.java:1358)
"Datanode ReportManager Thread - 4" daemon prio=5 tid=229 in Object.wait()
java.lang.Thread.State: WAITING (on object monitor)
        at sun.misc.Unsafe.park(Native Method)
        at java.util.concurrent.locks.LockSupport.park(LockSupport.java:175)
        at java.util.concurrent.locks.AbstractQueuedSynchronizer$ConditionObject.await(AbstractQueuedSynchronizer.java:2039)
        at java.util.concurrent.ScheduledThreadPoolExecutor$DelayedWorkQueue.take(ScheduledThreadPoolExecutor.java:1088)
        at java.util.concurrent.ScheduledThreadPoolExecutor$DelayedWorkQueue.take(ScheduledThreadPoolExecutor.java:809)
        at java.util.concurrent.ThreadPoolExecutor.getTask(ThreadPoolExecutor.java:1074)
        at java.util.concurrent.ThreadPoolExecutor.runWorker(ThreadPoolExecutor.java:1134)
        at java.util.concurrent.ThreadPoolExecutor$Worker.run(ThreadPoolExecutor.java:624)
        at java.lang.Thread.run(Thread.java:750)
"IPC Server handler 9 on default port 34303" daemon prio=5 tid=164 timed_waiting
java.lang.Thread.State: TIMED_WAITING
        at sun.misc.Unsafe.park(Native Method)
        at java.util.concurrent.locks.LockSupport.parkNanos(LockSupport.java:215)
        at java.util.concurrent.locks.AbstractQueuedSynchronizer$ConditionObject.awaitNanos(AbstractQueuedSynchronizer.java:2078)
        at java.util.concurrent.LinkedBlockingQueue.poll(LinkedBlockingQueue.java:467)
        at org.apache.hadoop.ipc.CallQueueManager.take(CallQueueManager.java:317)
        at org.apache.hadoop.ipc.Server$Handler.run(Server.java:2942)
"FixedThreadPoolWithAffinityExecutor-1-0" daemon prio=5 tid=37 timed_waiting
java.lang.Thread.State: TIMED_WAITING
        at sun.misc.Unsafe.park(Native Method)
        at java.util.concurrent.locks.LockSupport.parkNanos(LockSupport.java:215)
        at java.util.concurrent.locks.AbstractQueuedSynchronizer$ConditionObject.awaitNanos(AbstractQueuedSynchronizer.java:2078)
        at java.util.concurrent.LinkedBlockingQueue.poll(LinkedBlockingQueue.java:467)
        at org.apache.hadoop.hdds.scm.server.ContainerReportQueue.poll(ContainerReportQueue.java:266)
        at org.apache.hadoop.hdds.scm.server.ContainerReportQueue.poll(ContainerReportQueue.java:42)
        at org.apache.hadoop.hdds.server.events.FixedThreadPoolWithAffinityExecutor$ContainerReportProcessTask.run(FixedThreadPoolWithAffinityExecutor.java:247)
        at java.util.concurrent.Executors$RunnableAdapter.call(Executors.java:511)
        at java.util.concurrent.FutureTask.run(FutureTask.java:266)
        at java.util.concurrent.ThreadPoolExecutor.runWorker(ThreadPoolExecutor.java:1149)
        at java.util.concurrent.ThreadPoolExecutor$Worker.run(ThreadPoolExecutor.java:624)
        at java.lang.Thread.run(Thread.java:750)
"grpc-default-boss-ELG-1-1" daemon prio=5 tid=139 runnable
java.lang.Thread.State: RUNNABLE
        at org.apache.ratis.thirdparty.io.netty.channel.epoll.Native.epollWait(Native Method)
        at org.apache.ratis.thirdparty.io.netty.channel.epoll.Native.epollWait(Native.java:209)
        at org.apache.ratis.thirdparty.io.netty.channel.epoll.Native.epollWait(Native.java:202)
        at org.apache.ratis.thirdparty.io.netty.channel.epoll.EpollEventLoop.epollWaitNoTimerChange(EpollEventLoop.java:294)
        at org.apache.ratis.thirdparty.io.netty.channel.epoll.EpollEventLoop.run(EpollEventLoop.java:351)
        at org.apache.ratis.thirdparty.io.netty.util.concurrent.SingleThreadEventExecutor$4.run(SingleThreadEventExecutor.java:995)
        at org.apache.ratis.thirdparty.io.netty.util.internal.ThreadExecutorMap$2.run(ThreadExecutorMap.java:74)
        at org.apache.ratis.thirdparty.io.netty.util.concurrent.FastThreadLocalRunnable.run(FastThreadLocalRunnable.java:30)
        at java.lang.Thread.run(Thread.java:750)
"IPC Server handler 10 on default port 42039" daemon prio=5 tid=97 timed_waiting
java.lang.Thread.State: TIMED_WAITING
        at sun.misc.Unsafe.park(Native Method)
        at java.util.concurrent.locks.LockSupport.parkNanos(LockSupport.java:215)
        at java.util.concurrent.locks.AbstractQueuedSynchronizer$ConditionObject.awaitNanos(AbstractQueuedSynchronizer.java:2078)
        at java.util.concurrent.LinkedBlockingQueue.poll(LinkedBlockingQueue.java:467)
        at org.apache.hadoop.ipc.CallQueueManager.take(CallQueueManager.java:317)
        at org.apache.hadoop.ipc.Server$Handler.run(Server.java:2942)
"qtp549492098-270-acceptor-0@21a8e2fd-ServerConnector@1647eed2{HTTP/1.1, (http/1.1)}{0.0.0.0:34347}" daemon prio=3 tid=270 runnable
java.lang.Thread.State: RUNNABLE
        at sun.nio.ch.ServerSocketChannelImpl.accept0(Native Method)
        at sun.nio.ch.ServerSocketChannelImpl.accept(ServerSocketChannelImpl.java:421)
        at sun.nio.ch.ServerSocketChannelImpl.accept(ServerSocketChannelImpl.java:249)
        at org.eclipse.jetty.server.ServerConnector.accept(ServerConnector.java:388)
        at org.eclipse.jetty.server.AbstractConnector$Acceptor.run(AbstractConnector.java:704)
        at org.eclipse.jetty.util.thread.QueuedThreadPool.runJob(QueuedThreadPool.java:883)
        at org.eclipse.jetty.util.thread.QueuedThreadPool$Runner.run(QueuedThreadPool.java:1034)
        at java.lang.Thread.run(Thread.java:750)
"pool-163-thread-1"  prio=5 tid=473 in Object.wait()
java.lang.Thread.State: WAITING (on object monitor)
        at sun.misc.Unsafe.park(Native Method)
        at java.util.concurrent.locks.LockSupport.park(LockSupport.java:175)
        at java.util.concurrent.locks.AbstractQueuedSynchronizer$ConditionObject.await(AbstractQueuedSynchronizer.java:2039)
        at java.util.concurrent.LinkedBlockingQueue.take(LinkedBlockingQueue.java:442)
        at java.util.concurrent.ThreadPoolExecutor.getTask(ThreadPoolExecutor.java:1074)
        at java.util.concurrent.ThreadPoolExecutor.runWorker(ThreadPoolExecutor.java:1134)
        at java.util.concurrent.ThreadPoolExecutor$Worker.run(ThreadPoolExecutor.java:624)
        at java.lang.Thread.run(Thread.java:750)
"IPC Server handler 6 on default port 42039" daemon prio=5 tid=93 timed_waiting
java.lang.Thread.State: TIMED_WAITING
        at sun.misc.Unsafe.park(Native Method)
        at java.util.concurrent.locks.LockSupport.parkNanos(LockSupport.java:215)
        at java.util.concurrent.locks.AbstractQueuedSynchronizer$ConditionObject.awaitNanos(AbstractQueuedSynchronizer.java:2078)
        at java.util.concurrent.LinkedBlockingQueue.poll(LinkedBlockingQueue.java:467)
        at org.apache.hadoop.ipc.CallQueueManager.take(CallQueueManager.java:317)
        at org.apache.hadoop.ipc.Server$Handler.run(Server.java:2942)
"org.apache.hadoop.ozone.container.common.statemachine.commandhandler.DeleteBlocksCommandHandler$DeleteCmdWorker@4b6e7dc9" daemon prio=5 tid=213 timed_waiting
java.lang.Thread.State: TIMED_WAITING
        at java.lang.Thread.sleep(Native Method)
        at org.apache.hadoop.ozone.container.common.statemachine.commandhandler.DeleteBlocksCommandHandler$DeleteCmdWorker.run(DeleteBlocksCommandHandler.java:184)
        at java.lang.Thread.run(Thread.java:750)
"IPC Server handler 11 on default port 34303" daemon prio=5 tid=166 timed_waiting
java.lang.Thread.State: TIMED_WAITING
        at sun.misc.Unsafe.park(Native Method)
        at java.util.concurrent.locks.LockSupport.parkNanos(LockSupport.java:215)
        at java.util.concurrent.locks.AbstractQueuedSynchronizer$ConditionObject.awaitNanos(AbstractQueuedSynchronizer.java:2078)
        at java.util.concurrent.LinkedBlockingQueue.poll(LinkedBlockingQueue.java:467)
        at org.apache.hadoop.ipc.CallQueueManager.take(CallQueueManager.java:317)
        at org.apache.hadoop.ipc.Server$Handler.run(Server.java:2942)
"Datanode ReportManager Thread - 2" daemon prio=5 tid=281 in Object.wait()
java.lang.Thread.State: WAITING (on object monitor)
        at sun.misc.Unsafe.park(Native Method)
        at java.util.concurrent.locks.LockSupport.park(LockSupport.java:175)
        at java.util.concurrent.locks.AbstractQueuedSynchronizer$ConditionObject.await(AbstractQueuedSynchronizer.java:2039)
        at java.util.concurrent.ScheduledThreadPoolExecutor$DelayedWorkQueue.take(ScheduledThreadPoolExecutor.java:1088)
        at java.util.concurrent.ScheduledThreadPoolExecutor$DelayedWorkQueue.take(ScheduledThreadPoolExecutor.java:809)
        at java.util.concurrent.ThreadPoolExecutor.getTask(ThreadPoolExecutor.java:1074)
        at java.util.concurrent.ThreadPoolExecutor.runWorker(ThreadPoolExecutor.java:1134)
        at java.util.concurrent.ThreadPoolExecutor$Worker.run(ThreadPoolExecutor.java:624)
        at java.lang.Thread.run(Thread.java:750)
"StaleRecoveringContainerScrubbingService#0" daemon prio=5 tid=399 in Object.wait()
java.lang.Thread.State: WAITING (on object monitor)
        at sun.misc.Unsafe.park(Native Method)
        at java.util.concurrent.locks.LockSupport.park(LockSupport.java:175)
        at java.util.concurrent.locks.AbstractQueuedSynchronizer$ConditionObject.await(AbstractQueuedSynchronizer.java:2039)
        at java.util.concurrent.ScheduledThreadPoolExecutor$DelayedWorkQueue.take(ScheduledThreadPoolExecutor.java:1088)
        at java.util.concurrent.ScheduledThreadPoolExecutor$DelayedWorkQueue.take(ScheduledThreadPoolExecutor.java:809)
        at java.util.concurrent.ThreadPoolExecutor.getTask(ThreadPoolExecutor.java:1074)
        at java.util.concurrent.ThreadPoolExecutor.runWorker(ThreadPoolExecutor.java:1134)
        at java.util.concurrent.ThreadPoolExecutor$Worker.run(ThreadPoolExecutor.java:624)
        at java.lang.Thread.run(Thread.java:750)
"482fd31e-156c-418e-9aed-e6d52525a62a@group-225BCC242D8D->cf55343f-a051-44b0-a85c-65c9cdfe5b3e-GrpcLogAppender-LogAppenderDaemon" daemon prio=5 tid=581 timed_waiting
java.lang.Thread.State: TIMED_WAITING
        at sun.misc.Unsafe.park(Native Method)
        at java.util.concurrent.locks.LockSupport.parkNanos(LockSupport.java:215)
        at java.util.concurrent.locks.AbstractQueuedSynchronizer$ConditionObject.await(AbstractQueuedSynchronizer.java:2163)
        at org.apache.ratis.util.AwaitForSignal.await(AwaitForSignal.java:62)
        at org.apache.ratis.grpc.server.GrpcLogAppender.mayWait(GrpcLogAppender.java:198)
        at org.apache.ratis.grpc.server.GrpcLogAppender.run(GrpcLogAppender.java:148)
        at org.apache.ratis.server.leader.LogAppenderDaemon.run(LogAppenderDaemon.java:78)
        at org.apache.ratis.server.leader.LogAppenderDaemon$$Lambda$1093/1204476946.run(Unknown Source)
        at java.lang.Thread.run(Thread.java:750)
"IPC Server handler 10 on default port 43507" daemon prio=5 tid=57 timed_waiting
java.lang.Thread.State: TIMED_WAITING
        at sun.misc.Unsafe.park(Native Method)
        at java.util.concurrent.locks.LockSupport.parkNanos(LockSupport.java:215)
        at java.util.concurrent.locks.AbstractQueuedSynchronizer$ConditionObject.awaitNanos(AbstractQueuedSynchronizer.java:2078)
        at java.util.concurrent.LinkedBlockingQueue.poll(LinkedBlockingQueue.java:467)
        at org.apache.hadoop.ipc.CallQueueManager.take(CallQueueManager.java:317)
        at org.apache.hadoop.ipc.Server$Handler.run(Server.java:2942)
"FixedThreadPoolWithAffinityExecutor-7-0" daemon prio=5 tid=43 timed_waiting
java.lang.Thread.State: TIMED_WAITING
        at sun.misc.Unsafe.park(Native Method)
        at java.util.concurrent.locks.LockSupport.parkNanos(LockSupport.java:215)
        at java.util.concurrent.locks.AbstractQueuedSynchronizer$ConditionObject.awaitNanos(AbstractQueuedSynchronizer.java:2078)
        at java.util.concurrent.LinkedBlockingQueue.poll(LinkedBlockingQueue.java:467)
        at org.apache.hadoop.hdds.scm.server.ContainerReportQueue.poll(ContainerReportQueue.java:266)
        at org.apache.hadoop.hdds.scm.server.ContainerReportQueue.poll(ContainerReportQueue.java:42)
        at org.apache.hadoop.hdds.server.events.FixedThreadPoolWithAffinityExecutor$ContainerReportProcessTask.run(FixedThreadPoolWithAffinityExecutor.java:247)
        at java.util.concurrent.Executors$RunnableAdapter.call(Executors.java:511)
        at java.util.concurrent.FutureTask.run(FutureTask.java:266)
        at java.util.concurrent.ThreadPoolExecutor.runWorker(ThreadPoolExecutor.java:1149)
        at java.util.concurrent.ThreadPoolExecutor$Worker.run(ThreadPoolExecutor.java:624)
        at java.lang.Thread.run(Thread.java:750)
"9684d5c9-574d-4083-afb3-2b5a0b78eb45-server-thread3" daemon prio=5 tid=585 timed_waiting
java.lang.Thread.State: TIMED_WAITING
        at sun.misc.Unsafe.park(Native Method)
        at java.util.concurrent.locks.LockSupport.parkNanos(LockSupport.java:215)
        at java.util.concurrent.SynchronousQueue$TransferStack.awaitFulfill(SynchronousQueue.java:460)
        at java.util.concurrent.SynchronousQueue$TransferStack.transfer(SynchronousQueue.java:362)
        at java.util.concurrent.SynchronousQueue.poll(SynchronousQueue.java:941)
        at java.util.concurrent.ThreadPoolExecutor.getTask(ThreadPoolExecutor.java:1073)
        at java.util.concurrent.ThreadPoolExecutor.runWorker(ThreadPoolExecutor.java:1134)
        at java.util.concurrent.ThreadPoolExecutor$Worker.run(ThreadPoolExecutor.java:624)
        at java.lang.Thread.run(Thread.java:750)
"surefire-forkedjvm-command-thread" daemon prio=5 tid=10 runnable
java.lang.Thread.State: RUNNABLE
        at java.io.FileInputStream.readBytes(Native Method)
        at java.io.FileInputStream.read(FileInputStream.java:255)
        at java.io.BufferedInputStream.read1(BufferedInputStream.java:284)
        at java.io.BufferedInputStream.read(BufferedInputStream.java:345)
        at java.io.BufferedInputStream.fill(BufferedInputStream.java:246)
        at java.io.BufferedInputStream.read1(BufferedInputStream.java:286)
        at java.io.BufferedInputStream.read(BufferedInputStream.java:345)
        at org.apache.maven.surefire.api.util.internal.Channels$3.readImpl(Channels.java:214)
        at org.apache.maven.surefire.api.util.internal.AbstractNoninterruptibleReadableChannel.read(AbstractNoninterruptibleReadableChannel.java:54)
        at org.apache.maven.surefire.booter.spi.LegacyMasterProcessChannelDecoder.decode(LegacyMasterProcessChannelDecoder.java:80)
        at org.apache.maven.surefire.booter.CommandReader$CommandRunnable.run(CommandReader.java:343)
        at java.lang.Thread.run(Thread.java:750)
"qtp192320682-216-acceptor-0@6cfec31e-ServerConnector@d4f9a45{HTTP/1.1, (http/1.1)}{0.0.0.0:37837}" daemon prio=3 tid=216 runnable
java.lang.Thread.State: RUNNABLE
        at sun.nio.ch.ServerSocketChannelImpl.accept0(Native Method)
        at sun.nio.ch.ServerSocketChannelImpl.accept(ServerSocketChannelImpl.java:421)
        at sun.nio.ch.ServerSocketChannelImpl.accept(ServerSocketChannelImpl.java:249)
        at org.eclipse.jetty.server.ServerConnector.accept(ServerConnector.java:388)
        at org.eclipse.jetty.server.AbstractConnector$Acceptor.run(AbstractConnector.java:704)
        at org.eclipse.jetty.util.thread.QueuedThreadPool.runJob(QueuedThreadPool.java:883)
        at org.eclipse.jetty.util.thread.QueuedThreadPool$Runner.run(QueuedThreadPool.java:1034)
        at java.lang.Thread.run(Thread.java:750)
"EventQueue-PipelineReportForOneReplicaPipelineSafeModeRule" daemon prio=5 tid=418 in Object.wait()
java.lang.Thread.State: WAITING (on object monitor)
        at sun.misc.Unsafe.park(Native Method)
        at java.util.concurrent.locks.LockSupport.park(LockSupport.java:175)
        at java.util.concurrent.locks.AbstractQueuedSynchronizer$ConditionObject.await(AbstractQueuedSynchronizer.java:2039)
        at java.util.concurrent.LinkedBlockingQueue.take(LinkedBlockingQueue.java:442)
        at java.util.concurrent.ThreadPoolExecutor.getTask(ThreadPoolExecutor.java:1074)
        at java.util.concurrent.ThreadPoolExecutor.runWorker(ThreadPoolExecutor.java:1134)
        at java.util.concurrent.ThreadPoolExecutor$Worker.run(ThreadPoolExecutor.java:624)
        at java.lang.Thread.run(Thread.java:750)
"cf55343f-a051-44b0-a85c-65c9cdfe5b3e@group-225BCC242D8D-SegmentedRaftLogWorker"  prio=5 tid=447 timed_waiting
java.lang.Thread.State: TIMED_WAITING
        at sun.misc.Unsafe.park(Native Method)
        at java.util.concurrent.locks.LockSupport.parkNanos(LockSupport.java:215)
        at java.util.concurrent.locks.AbstractQueuedSynchronizer$ConditionObject.awaitNanos(AbstractQueuedSynchronizer.java:2078)
        at org.apache.ratis.util.DataBlockingQueue.poll(DataBlockingQueue.java:148)
        at org.apache.ratis.server.raftlog.segmented.SegmentedRaftLogWorker.run(SegmentedRaftLogWorker.java:312)
        at org.apache.ratis.server.raftlog.segmented.SegmentedRaftLogWorker$$Lambda$708/579279345.run(Unknown Source)
        at java.lang.Thread.run(Thread.java:750)
"ChunkReader-ELG-0" daemon prio=5 tid=373 runnable
java.lang.Thread.State: RUNNABLE
        at org.apache.ratis.thirdparty.io.netty.channel.epoll.Native.epollWait(Native Method)
        at org.apache.ratis.thirdparty.io.netty.channel.epoll.Native.epollWait(Native.java:209)
        at org.apache.ratis.thirdparty.io.netty.channel.epoll.Native.epollWait(Native.java:202)
        at org.apache.ratis.thirdparty.io.netty.channel.epoll.EpollEventLoop.epollWaitNoTimerChange(EpollEventLoop.java:294)
        at org.apache.ratis.thirdparty.io.netty.channel.epoll.EpollEventLoop.run(EpollEventLoop.java:351)
        at org.apache.ratis.thirdparty.io.netty.util.concurrent.SingleThreadEventExecutor$4.run(SingleThreadEventExecutor.java:995)
        at org.apache.ratis.thirdparty.io.netty.util.internal.ThreadExecutorMap$2.run(ThreadExecutorMap.java:74)
        at java.lang.Thread.run(Thread.java:750)
"IPC Server handler 6 on default port 43507" daemon prio=5 tid=53 timed_waiting
java.lang.Thread.State: TIMED_WAITING
        at sun.misc.Unsafe.park(Native Method)
        at java.util.concurrent.locks.LockSupport.parkNanos(LockSupport.java:215)
        at java.util.concurrent.locks.AbstractQueuedSynchronizer$ConditionObject.awaitNanos(AbstractQueuedSynchronizer.java:2078)
        at java.util.concurrent.LinkedBlockingQueue.poll(LinkedBlockingQueue.java:467)
        at org.apache.hadoop.ipc.CallQueueManager.take(CallQueueManager.java:317)
        at org.apache.hadoop.ipc.Server$Handler.run(Server.java:2942)
"IPC Server idle connection scanner for port 43507" daemon prio=5 tid=34 timed_waiting
java.lang.Thread.State: TIMED_WAITING
        at java.lang.Object.wait(Native Method)
        at java.util.TimerThread.mainLoop(Timer.java:552)
        at java.util.TimerThread.run(Timer.java:505)
"timer5" daemon prio=5 tid=545 timed_waiting
java.lang.Thread.State: TIMED_WAITING
        at java.lang.Object.wait(Native Method)
        at java.util.TimerThread.mainLoop(Timer.java:552)
        at java.util.TimerThread.run(Timer.java:505)
"pool-186-thread-1"  prio=5 tid=478 in Object.wait()
java.lang.Thread.State: WAITING (on object monitor)
        at sun.misc.Unsafe.park(Native Method)
        at java.util.concurrent.locks.LockSupport.park(LockSupport.java:175)
        at java.util.concurrent.locks.AbstractQueuedSynchronizer$ConditionObject.await(AbstractQueuedSynchronizer.java:2039)
        at java.util.concurrent.LinkedBlockingQueue.take(LinkedBlockingQueue.java:442)
        at java.util.concurrent.ThreadPoolExecutor.getTask(ThreadPoolExecutor.java:1074)
        at java.util.concurrent.ThreadPoolExecutor.runWorker(ThreadPoolExecutor.java:1134)
        at java.util.concurrent.ThreadPoolExecutor$Worker.run(ThreadPoolExecutor.java:624)
        at java.lang.Thread.run(Thread.java:750)
"Datanode State Machine Daemon Thread" daemon prio=5 tid=278 timed_waiting
java.lang.Thread.State: TIMED_WAITING
        at java.lang.Thread.sleep(Native Method)
        at org.apache.hadoop.ozone.container.common.statemachine.DatanodeStateMachine.startStateMachineThread(DatanodeStateMachine.java:324)
        at org.apache.hadoop.ozone.container.common.statemachine.DatanodeStateMachine.lambda$startDaemon$0(DatanodeStateMachine.java:509)
        at org.apache.hadoop.ozone.container.common.statemachine.DatanodeStateMachine$$Lambda$797/108845334.run(Unknown Source)
        at java.lang.Thread.run(Thread.java:750)
"FixedThreadPoolWithAffinityExecutor-8-0" daemon prio=5 tid=44 timed_waiting
java.lang.Thread.State: TIMED_WAITING
        at sun.misc.Unsafe.park(Native Method)
        at java.util.concurrent.locks.LockSupport.parkNanos(LockSupport.java:215)
        at java.util.concurrent.locks.AbstractQueuedSynchronizer$ConditionObject.awaitNanos(AbstractQueuedSynchronizer.java:2078)
        at java.util.concurrent.LinkedBlockingQueue.poll(LinkedBlockingQueue.java:467)
        at org.apache.hadoop.hdds.scm.server.ContainerReportQueue.poll(ContainerReportQueue.java:266)
        at org.apache.hadoop.hdds.scm.server.ContainerReportQueue.poll(ContainerReportQueue.java:42)
        at org.apache.hadoop.hdds.server.events.FixedThreadPoolWithAffinityExecutor$ContainerReportProcessTask.run(FixedThreadPoolWithAffinityExecutor.java:247)
        at java.util.concurrent.Executors$RunnableAdapter.call(Executors.java:511)
        at java.util.concurrent.FutureTask.run(FutureTask.java:266)
        at java.util.concurrent.ThreadPoolExecutor.runWorker(ThreadPoolExecutor.java:1149)
        at java.util.concurrent.ThreadPoolExecutor$Worker.run(ThreadPoolExecutor.java:624)
        at java.lang.Thread.run(Thread.java:750)
"Over Replicated Processor" daemon prio=5 tid=21 timed_waiting
java.lang.Thread.State: TIMED_WAITING
        at java.lang.Object.wait(Native Method)
        at org.apache.hadoop.hdds.scm.container.replication.UnhealthyReplicationProcessor.run(UnhealthyReplicationProcessor.java:135)
        at java.lang.Thread.run(Thread.java:750)
"pool-103-thread-1"  prio=5 tid=214 timed_waiting
java.lang.Thread.State: TIMED_WAITING
        at sun.misc.Unsafe.park(Native Method)
        at java.util.concurrent.locks.LockSupport.parkNanos(LockSupport.java:215)
        at java.util.concurrent.locks.AbstractQueuedSynchronizer$ConditionObject.awaitNanos(AbstractQueuedSynchronizer.java:2078)
        at java.util.concurrent.ScheduledThreadPoolExecutor$DelayedWorkQueue.take(ScheduledThreadPoolExecutor.java:1093)
        at java.util.concurrent.ScheduledThreadPoolExecutor$DelayedWorkQueue.take(ScheduledThreadPoolExecutor.java:809)
        at java.util.concurrent.ThreadPoolExecutor.getTask(ThreadPoolExecutor.java:1074)
        at java.util.concurrent.ThreadPoolExecutor.runWorker(ThreadPoolExecutor.java:1134)
        at java.util.concurrent.ThreadPoolExecutor$Worker.run(ThreadPoolExecutor.java:624)
        at java.lang.Thread.run(Thread.java:750)
"IPC Server Responder" daemon prio=5 tid=27 runnable
java.lang.Thread.State: RUNNABLE
        at sun.nio.ch.EPollArrayWrapper.epollWait(Native Method)
        at sun.nio.ch.EPollArrayWrapper.poll(EPollArrayWrapper.java:269)
        at sun.nio.ch.EPollSelectorImpl.doSelect(EPollSelectorImpl.java:93)
        at sun.nio.ch.SelectorImpl.lockAndDoSelect(SelectorImpl.java:86)
        at sun.nio.ch.SelectorImpl.select(SelectorImpl.java:97)
        at org.apache.hadoop.ipc.Server$Responder.doRunLoop(Server.java:1532)
        at org.apache.hadoop.ipc.Server$Responder.run(Server.java:1515)
"IPC Server handler 9 on default port 37049" daemon prio=5 tid=76 timed_waiting
java.lang.Thread.State: TIMED_WAITING
        at sun.misc.Unsafe.park(Native Method)
        at java.util.concurrent.locks.LockSupport.parkNanos(LockSupport.java:215)
        at java.util.concurrent.locks.AbstractQueuedSynchronizer$ConditionObject.awaitNanos(AbstractQueuedSynchronizer.java:2078)
        at java.util.concurrent.LinkedBlockingQueue.poll(LinkedBlockingQueue.java:467)
        at org.apache.hadoop.ipc.CallQueueManager.take(CallQueueManager.java:317)
        at org.apache.hadoop.ipc.Server$Handler.run(Server.java:2942)
"FixedThreadPoolWithAffinityExecutor-3-0" daemon prio=5 tid=39 timed_waiting
java.lang.Thread.State: TIMED_WAITING
        at sun.misc.Unsafe.park(Native Method)
        at java.util.concurrent.locks.LockSupport.parkNanos(LockSupport.java:215)
        at java.util.concurrent.locks.AbstractQueuedSynchronizer$ConditionObject.awaitNanos(AbstractQueuedSynchronizer.java:2078)
        at java.util.concurrent.LinkedBlockingQueue.poll(LinkedBlockingQueue.java:467)
        at org.apache.hadoop.hdds.scm.server.ContainerReportQueue.poll(ContainerReportQueue.java:266)
        at org.apache.hadoop.hdds.scm.server.ContainerReportQueue.poll(ContainerReportQueue.java:42)
        at org.apache.hadoop.hdds.server.events.FixedThreadPoolWithAffinityExecutor$ContainerReportProcessTask.run(FixedThreadPoolWithAffinityExecutor.java:247)
        at java.util.concurrent.Executors$RunnableAdapter.call(Executors.java:511)
        at java.util.concurrent.FutureTask.run(FutureTask.java:266)
        at java.util.concurrent.ThreadPoolExecutor.runWorker(ThreadPoolExecutor.java:1149)
        at java.util.concurrent.ThreadPoolExecutor$Worker.run(ThreadPoolExecutor.java:624)
        at java.lang.Thread.run(Thread.java:750)
"Datanode State Machine Task Thread - 0"  prio=5 tid=286 in Object.wait()
java.lang.Thread.State: WAITING (on object monitor)
        at sun.misc.Unsafe.park(Native Method)
        at java.util.concurrent.locks.LockSupport.park(LockSupport.java:175)
        at java.util.concurrent.locks.AbstractQueuedSynchronizer$ConditionObject.await(AbstractQueuedSynchronizer.java:2039)
        at java.util.concurrent.LinkedBlockingQueue.take(LinkedBlockingQueue.java:442)
        at java.util.concurrent.ThreadPoolExecutor.getTask(ThreadPoolExecutor.java:1074)
        at java.util.concurrent.ThreadPoolExecutor.runWorker(ThreadPoolExecutor.java:1134)
        at java.util.concurrent.ThreadPoolExecutor$Worker.run(ThreadPoolExecutor.java:624)
        at java.lang.Thread.run(Thread.java:750)
"Session-HouseKeeper-225fb75e-1"  prio=5 tid=118 timed_waiting
java.lang.Thread.State: TIMED_WAITING
        at sun.misc.Unsafe.park(Native Method)
        at java.util.concurrent.locks.LockSupport.parkNanos(LockSupport.java:215)
        at java.util.concurrent.locks.AbstractQueuedSynchronizer$ConditionObject.awaitNanos(AbstractQueuedSynchronizer.java:2078)
        at java.util.concurrent.ScheduledThreadPoolExecutor$DelayedWorkQueue.take(ScheduledThreadPoolExecutor.java:1093)
        at java.util.concurrent.ScheduledThreadPoolExecutor$DelayedWorkQueue.take(ScheduledThreadPoolExecutor.java:809)
        at java.util.concurrent.ThreadPoolExecutor.getTask(ThreadPoolExecutor.java:1074)
        at java.util.concurrent.ThreadPoolExecutor.runWorker(ThreadPoolExecutor.java:1134)
        at java.util.concurrent.ThreadPoolExecutor$Worker.run(ThreadPoolExecutor.java:624)
        at java.lang.Thread.run(Thread.java:750)
"IPC Server handler 10 on default port 37049" daemon prio=5 tid=77 timed_waiting
java.lang.Thread.State: TIMED_WAITING
        at sun.misc.Unsafe.park(Native Method)
        at java.util.concurrent.locks.LockSupport.parkNanos(LockSupport.java:215)
        at java.util.concurrent.locks.AbstractQueuedSynchronizer$ConditionObject.awaitNanos(AbstractQueuedSynchronizer.java:2078)
        at java.util.concurrent.LinkedBlockingQueue.poll(LinkedBlockingQueue.java:467)
        at org.apache.hadoop.ipc.CallQueueManager.take(CallQueueManager.java:317)
        at org.apache.hadoop.ipc.Server$Handler.run(Server.java:2942)
"EndpointStateMachine task thread for /0.0.0.0:42039 - 0 "  prio=5 tid=403 in Object.wait()
java.lang.Thread.State: WAITING (on object monitor)
        at sun.misc.Unsafe.park(Native Method)
        at java.util.concurrent.locks.LockSupport.park(LockSupport.java:175)
        at java.util.concurrent.locks.AbstractQueuedSynchronizer$ConditionObject.await(AbstractQueuedSynchronizer.java:2039)
        at java.util.concurrent.LinkedBlockingQueue.take(LinkedBlockingQueue.java:442)
        at java.util.concurrent.ThreadPoolExecutor.getTask(ThreadPoolExecutor.java:1074)
        at java.util.concurrent.ThreadPoolExecutor.runWorker(ThreadPoolExecutor.java:1134)
        at java.util.concurrent.ThreadPoolExecutor$Worker.run(ThreadPoolExecutor.java:624)
        at java.lang.Thread.run(Thread.java:750)
"Command processor thread" daemon prio=5 tid=257 timed_waiting
java.lang.Thread.State: TIMED_WAITING
        at java.lang.Thread.sleep(Native Method)
        at org.apache.hadoop.ozone.container.common.statemachine.DatanodeStateMachine.lambda$initCommandHandlerThread$3(DatanodeStateMachine.java:644)
        at org.apache.hadoop.ozone.container.common.statemachine.DatanodeStateMachine$$Lambda$799/1524986595.run(Unknown Source)
        at java.lang.Thread.run(Thread.java:750)
"cf55343f-a051-44b0-a85c-65c9cdfe5b3e@group-225BCC242D8D-StateMachineUpdater" daemon prio=5 tid=451 timed_waiting
java.lang.Thread.State: TIMED_WAITING
        at sun.misc.Unsafe.park(Native Method)
        at java.util.concurrent.locks.LockSupport.parkNanos(LockSupport.java:215)
        at java.util.concurrent.locks.AbstractQueuedSynchronizer$ConditionObject.await(AbstractQueuedSynchronizer.java:2163)
        at org.apache.ratis.util.AwaitForSignal.await(AwaitForSignal.java:62)
        at org.apache.ratis.server.impl.StateMachineUpdater.waitForCommit(StateMachineUpdater.java:207)
        at org.apache.ratis.server.impl.StateMachineUpdater.run(StateMachineUpdater.java:176)
        at java.lang.Thread.run(Thread.java:750)
"BlockDeletingService#0" daemon prio=5 tid=350 in Object.wait()
java.lang.Thread.State: WAITING (on object monitor)
        at sun.misc.Unsafe.park(Native Method)
        at java.util.concurrent.locks.LockSupport.park(LockSupport.java:175)
        at java.util.concurrent.locks.AbstractQueuedSynchronizer$ConditionObject.await(AbstractQueuedSynchronizer.java:2039)
        at java.util.concurrent.ScheduledThreadPoolExecutor$DelayedWorkQueue.take(ScheduledThreadPoolExecutor.java:1088)
        at java.util.concurrent.ScheduledThreadPoolExecutor$DelayedWorkQueue.take(ScheduledThreadPoolExecutor.java:809)
        at java.util.concurrent.ThreadPoolExecutor.getTask(ThreadPoolExecutor.java:1074)
        at java.util.concurrent.ThreadPoolExecutor.runWorker(ThreadPoolExecutor.java:1134)
        at java.util.concurrent.ThreadPoolExecutor$Worker.run(ThreadPoolExecutor.java:624)
        at java.lang.Thread.run(Thread.java:750)
"pool-54-thread-1"  prio=5 tid=128 in Object.wait()
java.lang.Thread.State: WAITING (on object monitor)
        at sun.misc.Unsafe.park(Native Method)
        at java.util.concurrent.locks.LockSupport.park(LockSupport.java:175)
        at java.util.concurrent.locks.AbstractQueuedSynchronizer$ConditionObject.await(AbstractQueuedSynchronizer.java:2039)
        at java.util.concurrent.LinkedBlockingQueue.take(LinkedBlockingQueue.java:442)
        at java.util.concurrent.ThreadPoolExecutor.getTask(ThreadPoolExecutor.java:1074)
        at java.util.concurrent.ThreadPoolExecutor.runWorker(ThreadPoolExecutor.java:1134)
        at java.util.concurrent.ThreadPoolExecutor$Worker.run(ThreadPoolExecutor.java:624)
        at java.lang.Thread.run(Thread.java:750)
"ChunkWriter-2-0" daemon prio=5 tid=358 in Object.wait()
java.lang.Thread.State: WAITING (on object monitor)
        at sun.misc.Unsafe.park(Native Method)
        at java.util.concurrent.locks.LockSupport.park(LockSupport.java:175)
        at java.util.concurrent.locks.AbstractQueuedSynchronizer$ConditionObject.await(AbstractQueuedSynchronizer.java:2039)
        at java.util.concurrent.LinkedBlockingDeque.takeFirst(LinkedBlockingDeque.java:492)
        at java.util.concurrent.LinkedBlockingDeque.take(LinkedBlockingDeque.java:680)
        at java.util.concurrent.ThreadPoolExecutor.getTask(ThreadPoolExecutor.java:1074)
        at java.util.concurrent.ThreadPoolExecutor.runWorker(ThreadPoolExecutor.java:1134)
        at java.util.concurrent.ThreadPoolExecutor$Worker.run(ThreadPoolExecutor.java:624)
        at java.lang.Thread.run(Thread.java:750)
"qtp1846922173-149" daemon prio=5 tid=149 timed_waiting
java.lang.Thread.State: TIMED_WAITING
        at sun.misc.Unsafe.park(Native Method)
        at java.util.concurrent.locks.LockSupport.parkNanos(LockSupport.java:215)
        at java.util.concurrent.locks.AbstractQueuedSynchronizer$ConditionObject.awaitNanos(AbstractQueuedSynchronizer.java:2078)
        at org.eclipse.jetty.util.BlockingArrayQueue.poll(BlockingArrayQueue.java:382)
        at org.eclipse.jetty.util.thread.QueuedThreadPool$Runner.idleJobPoll(QueuedThreadPool.java:974)
        at org.eclipse.jetty.util.thread.QueuedThreadPool$Runner.run(QueuedThreadPool.java:1018)
        at java.lang.Thread.run(Thread.java:750)
"FixedThreadPoolWithAffinityExecutor-0-0" daemon prio=5 tid=36 timed_waiting
java.lang.Thread.State: TIMED_WAITING
        at sun.misc.Unsafe.park(Native Method)
        at java.util.concurrent.locks.LockSupport.parkNanos(LockSupport.java:215)
        at java.util.concurrent.locks.AbstractQueuedSynchronizer$ConditionObject.awaitNanos(AbstractQueuedSynchronizer.java:2078)
        at java.util.concurrent.LinkedBlockingQueue.poll(LinkedBlockingQueue.java:467)
        at org.apache.hadoop.hdds.scm.server.ContainerReportQueue.poll(ContainerReportQueue.java:266)
        at org.apache.hadoop.hdds.scm.server.ContainerReportQueue.poll(ContainerReportQueue.java:42)
        at org.apache.hadoop.hdds.server.events.FixedThreadPoolWithAffinityExecutor$ContainerReportProcessTask.run(FixedThreadPoolWithAffinityExecutor.java:247)
        at java.util.concurrent.Executors$RunnableAdapter.call(Executors.java:511)
        at java.util.concurrent.FutureTask.run(FutureTask.java:266)
        at java.util.concurrent.ThreadPoolExecutor.runWorker(ThreadPoolExecutor.java:1149)
        at java.util.concurrent.ThreadPoolExecutor$Worker.run(ThreadPoolExecutor.java:624)
        at java.lang.Thread.run(Thread.java:750)
"Datanode ReportManager Thread - 0" daemon prio=5 tid=306 timed_waiting
java.lang.Thread.State: TIMED_WAITING
        at sun.misc.Unsafe.park(Native Method)
        at java.util.concurrent.locks.LockSupport.parkNanos(LockSupport.java:215)
        at java.util.concurrent.locks.AbstractQueuedSynchronizer$ConditionObject.awaitNanos(AbstractQueuedSynchronizer.java:2078)
        at java.util.concurrent.ScheduledThreadPoolExecutor$DelayedWorkQueue.take(ScheduledThreadPoolExecutor.java:1093)
        at java.util.concurrent.ScheduledThreadPoolExecutor$DelayedWorkQueue.take(ScheduledThreadPoolExecutor.java:809)
        at java.util.concurrent.ThreadPoolExecutor.getTask(ThreadPoolExecutor.java:1074)
        at java.util.concurrent.ThreadPoolExecutor.runWorker(ThreadPoolExecutor.java:1134)
        at java.util.concurrent.ThreadPoolExecutor$Worker.run(ThreadPoolExecutor.java:624)
        at java.lang.Thread.run(Thread.java:750)
"qtp192320682-215" daemon prio=5 tid=215 runnable
java.lang.Thread.State: RUNNABLE
        at sun.nio.ch.EPollArrayWrapper.epollWait(Native Method)
        at sun.nio.ch.EPollArrayWrapper.poll(EPollArrayWrapper.java:269)
        at sun.nio.ch.EPollSelectorImpl.doSelect(EPollSelectorImpl.java:93)
        at sun.nio.ch.SelectorImpl.lockAndDoSelect(SelectorImpl.java:86)
        at sun.nio.ch.SelectorImpl.select(SelectorImpl.java:97)
        at sun.nio.ch.SelectorImpl.select(SelectorImpl.java:101)
        at org.eclipse.jetty.io.ManagedSelector.nioSelect(ManagedSelector.java:183)
        at org.eclipse.jetty.io.ManagedSelector.select(ManagedSelector.java:190)
        at org.eclipse.jetty.io.ManagedSelector$SelectorProducer.select(ManagedSelector.java:606)
        at org.eclipse.jetty.io.ManagedSelector$SelectorProducer.produce(ManagedSelector.java:543)
        at org.eclipse.jetty.util.thread.strategy.EatWhatYouKill.produceTask(EatWhatYouKill.java:362)
        at org.eclipse.jetty.util.thread.strategy.EatWhatYouKill.doProduce(EatWhatYouKill.java:186)
        at org.eclipse.jetty.util.thread.strategy.EatWhatYouKill.tryProduce(EatWhatYouKill.java:173)
        at org.eclipse.jetty.util.thread.strategy.EatWhatYouKill.produce(EatWhatYouKill.java:137)
        at org.eclipse.jetty.io.ManagedSelector$$Lambda$468/1286968216.run(Unknown Source)
        at org.eclipse.jetty.util.thread.QueuedThreadPool.runJob(QueuedThreadPool.java:883)
        at org.eclipse.jetty.util.thread.QueuedThreadPool$Runner.run(QueuedThreadPool.java:1034)
        at java.lang.Thread.run(Thread.java:750)
"IPC Server handler 11 on default port 42039" daemon prio=5 tid=98 timed_waiting
java.lang.Thread.State: TIMED_WAITING
        at sun.misc.Unsafe.park(Native Method)
        at java.util.concurrent.locks.LockSupport.parkNanos(LockSupport.java:215)
        at java.util.concurrent.locks.AbstractQueuedSynchronizer$ConditionObject.awaitNanos(AbstractQueuedSynchronizer.java:2078)
        at java.util.concurrent.LinkedBlockingQueue.poll(LinkedBlockingQueue.java:467)
        at org.apache.hadoop.ipc.CallQueueManager.take(CallQueueManager.java:317)
        at org.apache.hadoop.ipc.Server$Handler.run(Server.java:2942)
"OpenKeyCleanupService#0" daemon prio=5 tid=144 timed_waiting
java.lang.Thread.State: TIMED_WAITING
        at sun.misc.Unsafe.park(Native Method)
        at java.util.concurrent.locks.LockSupport.parkNanos(LockSupport.java:215)
        at java.util.concurrent.locks.AbstractQueuedSynchronizer$ConditionObject.awaitNanos(AbstractQueuedSynchronizer.java:2078)
        at java.util.concurrent.ScheduledThreadPoolExecutor$DelayedWorkQueue.take(ScheduledThreadPoolExecutor.java:1093)
        at java.util.concurrent.ScheduledThreadPoolExecutor$DelayedWorkQueue.take(ScheduledThreadPoolExecutor.java:809)
        at java.util.concurrent.ThreadPoolExecutor.getTask(ThreadPoolExecutor.java:1074)
        at java.util.concurrent.ThreadPoolExecutor.runWorker(ThreadPoolExecutor.java:1134)
        at java.util.concurrent.ThreadPoolExecutor$Worker.run(ThreadPoolExecutor.java:624)
        at java.lang.Thread.run(Thread.java:750)
"cf55343f-a051-44b0-a85c-65c9cdfe5b3e-server-thread2" daemon prio=5 tid=586 timed_waiting
java.lang.Thread.State: TIMED_WAITING
        at sun.misc.Unsafe.park(Native Method)
        at java.util.concurrent.locks.LockSupport.parkNanos(LockSupport.java:215)
        at java.util.concurrent.SynchronousQueue$TransferStack.awaitFulfill(SynchronousQueue.java:460)
        at java.util.concurrent.SynchronousQueue$TransferStack.transfer(SynchronousQueue.java:362)
        at java.util.concurrent.SynchronousQueue.poll(SynchronousQueue.java:941)
        at java.util.concurrent.ThreadPoolExecutor.getTask(ThreadPoolExecutor.java:1073)
        at java.util.concurrent.ThreadPoolExecutor.runWorker(ThreadPoolExecutor.java:1134)
        at java.util.concurrent.ThreadPoolExecutor$Worker.run(ThreadPoolExecutor.java:624)
        at java.lang.Thread.run(Thread.java:750)
"cf55343f-a051-44b0-a85c-65c9cdfe5b3e@group-0D490B3C9A7C-LeaderStateImpl" daemon prio=5 tid=513 timed_waiting
java.lang.Thread.State: TIMED_WAITING
        at sun.misc.Unsafe.park(Native Method)
        at java.util.concurrent.locks.LockSupport.parkNanos(LockSupport.java:215)
        at java.util.concurrent.locks.AbstractQueuedSynchronizer$ConditionObject.awaitNanos(AbstractQueuedSynchronizer.java:2078)
        at java.util.concurrent.ArrayBlockingQueue.poll(ArrayBlockingQueue.java:418)
        at org.apache.ratis.server.impl.LeaderStateImpl$EventQueue.poll(LeaderStateImpl.java:159)
        at org.apache.ratis.server.impl.LeaderStateImpl$EventProcessor.run(LeaderStateImpl.java:630)
"org.apache.hadoop.util.JvmPauseMonitor$Monitor@5eab4cbf" daemon prio=5 tid=202 timed_waiting
java.lang.Thread.State: TIMED_WAITING
        at java.lang.Thread.sleep(Native Method)
        at org.apache.hadoop.util.JvmPauseMonitor$Monitor.run(JvmPauseMonitor.java:192)
        at java.lang.Thread.run(Thread.java:750)
"Datanode ReportManager Thread - 2" daemon prio=5 tid=227 in Object.wait()
java.lang.Thread.State: WAITING (on object monitor)
        at sun.misc.Unsafe.park(Native Method)
        at java.util.concurrent.locks.LockSupport.park(LockSupport.java:175)
        at java.util.concurrent.locks.AbstractQueuedSynchronizer$ConditionObject.await(AbstractQueuedSynchronizer.java:2039)
        at java.util.concurrent.ScheduledThreadPoolExecutor$DelayedWorkQueue.take(ScheduledThreadPoolExecutor.java:1088)
        at java.util.concurrent.ScheduledThreadPoolExecutor$DelayedWorkQueue.take(ScheduledThreadPoolExecutor.java:809)
        at java.util.concurrent.ThreadPoolExecutor.getTask(ThreadPoolExecutor.java:1074)
        at java.util.concurrent.ThreadPoolExecutor.runWorker(ThreadPoolExecutor.java:1134)
        at java.util.concurrent.ThreadPoolExecutor$Worker.run(ThreadPoolExecutor.java:624)
        at java.lang.Thread.run(Thread.java:750)
"StaleRecoveringContainerScrubbingService#0" daemon prio=5 tid=351 in Object.wait()
java.lang.Thread.State: WAITING (on object monitor)
        at sun.misc.Unsafe.park(Native Method)
        at java.util.concurrent.locks.LockSupport.park(LockSupport.java:175)
        at java.util.concurrent.locks.AbstractQueuedSynchronizer$ConditionObject.await(AbstractQueuedSynchronizer.java:2039)
        at java.util.concurrent.ScheduledThreadPoolExecutor$DelayedWorkQueue.take(ScheduledThreadPoolExecutor.java:1088)
        at java.util.concurrent.ScheduledThreadPoolExecutor$DelayedWorkQueue.take(ScheduledThreadPoolExecutor.java:809)
        at java.util.concurrent.ThreadPoolExecutor.getTask(ThreadPoolExecutor.java:1074)
        at java.util.concurrent.ThreadPoolExecutor.runWorker(ThreadPoolExecutor.java:1134)
        at java.util.concurrent.ThreadPoolExecutor$Worker.run(ThreadPoolExecutor.java:624)
        at java.lang.Thread.run(Thread.java:750)
"IPC Parameter Sending Thread #0" daemon prio=5 tid=123 timed_waiting
java.lang.Thread.State: TIMED_WAITING
        at sun.misc.Unsafe.park(Native Method)
        at java.util.concurrent.locks.LockSupport.parkNanos(LockSupport.java:215)
        at java.util.concurrent.SynchronousQueue$TransferStack.awaitFulfill(SynchronousQueue.java:460)
        at java.util.concurrent.SynchronousQueue$TransferStack.transfer(SynchronousQueue.java:362)
        at java.util.concurrent.SynchronousQueue.poll(SynchronousQueue.java:941)
        at java.util.concurrent.ThreadPoolExecutor.getTask(ThreadPoolExecutor.java:1073)
        at java.util.concurrent.ThreadPoolExecutor.runWorker(ThreadPoolExecutor.java:1134)
        at java.util.concurrent.ThreadPoolExecutor$Worker.run(ThreadPoolExecutor.java:624)
        at java.lang.Thread.run(Thread.java:750)
"482fd31e-156c-418e-9aed-e6d52525a62a@group-225BCC242D8D-LeaderStateImpl" daemon prio=5 tid=578 timed_waiting
java.lang.Thread.State: TIMED_WAITING
        at sun.misc.Unsafe.park(Native Method)
        at java.util.concurrent.locks.LockSupport.parkNanos(LockSupport.java:215)
        at java.util.concurrent.locks.AbstractQueuedSynchronizer$ConditionObject.awaitNanos(AbstractQueuedSynchronizer.java:2078)
        at java.util.concurrent.ArrayBlockingQueue.poll(ArrayBlockingQueue.java:418)
        at org.apache.ratis.server.impl.LeaderStateImpl$EventQueue.poll(LeaderStateImpl.java:159)
        at org.apache.ratis.server.impl.LeaderStateImpl$EventProcessor.run(LeaderStateImpl.java:630)
"qtp507361937-188" daemon prio=5 tid=188 timed_waiting
java.lang.Thread.State: TIMED_WAITING
        at sun.misc.Unsafe.park(Native Method)
        at java.util.concurrent.locks.LockSupport.parkNanos(LockSupport.java:215)
        at java.util.concurrent.locks.AbstractQueuedSynchronizer$ConditionObject.awaitNanos(AbstractQueuedSynchronizer.java:2078)
        at org.eclipse.jetty.util.BlockingArrayQueue.poll(BlockingArrayQueue.java:382)
        at org.eclipse.jetty.util.thread.QueuedThreadPool$Runner.idleJobPoll(QueuedThreadPool.java:974)
        at org.eclipse.jetty.util.thread.QueuedThreadPool$Runner.run(QueuedThreadPool.java:1018)
        at java.lang.Thread.run(Thread.java:750)
"Datanode State Machine Daemon Thread" daemon prio=5 tid=251 timed_waiting
java.lang.Thread.State: TIMED_WAITING
        at java.lang.Thread.sleep(Native Method)
        at org.apache.hadoop.ozone.container.common.statemachine.DatanodeStateMachine.startStateMachineThread(DatanodeStateMachine.java:324)
        at org.apache.hadoop.ozone.container.common.statemachine.DatanodeStateMachine.lambda$startDaemon$0(DatanodeStateMachine.java:509)
        at org.apache.hadoop.ozone.container.common.statemachine.DatanodeStateMachine$$Lambda$797/108845334.run(Unknown Source)
        at java.lang.Thread.run(Thread.java:750)
"Session-HouseKeeper-11090c52-1"  prio=5 tid=194 timed_waiting
java.lang.Thread.State: TIMED_WAITING
        at sun.misc.Unsafe.park(Native Method)
        at java.util.concurrent.locks.LockSupport.parkNanos(LockSupport.java:215)
        at java.util.concurrent.locks.AbstractQueuedSynchronizer$ConditionObject.awaitNanos(AbstractQueuedSynchronizer.java:2078)
        at java.util.concurrent.ScheduledThreadPoolExecutor$DelayedWorkQueue.take(ScheduledThreadPoolExecutor.java:1093)
        at java.util.concurrent.ScheduledThreadPoolExecutor$DelayedWorkQueue.take(ScheduledThreadPoolExecutor.java:809)
        at java.util.concurrent.ThreadPoolExecutor.getTask(ThreadPoolExecutor.java:1074)
        at java.util.concurrent.ThreadPoolExecutor.runWorker(ThreadPoolExecutor.java:1134)
        at java.util.concurrent.ThreadPoolExecutor$Worker.run(ThreadPoolExecutor.java:624)
        at java.lang.Thread.run(Thread.java:750)
"IPC Server handler 0 on default port 37049" daemon prio=5 tid=67 timed_waiting
java.lang.Thread.State: TIMED_WAITING
        at sun.misc.Unsafe.park(Native Method)
        at java.util.concurrent.locks.LockSupport.parkNanos(LockSupport.java:215)
        at java.util.concurrent.locks.AbstractQueuedSynchronizer$ConditionObject.awaitNanos(AbstractQueuedSynchronizer.java:2078)
        at java.util.concurrent.LinkedBlockingQueue.poll(LinkedBlockingQueue.java:467)
        at org.apache.hadoop.ipc.CallQueueManager.take(CallQueueManager.java:317)
        at org.apache.hadoop.ipc.Server$Handler.run(Server.java:2942)
"qtp1846922173-148" daemon prio=5 tid=148 timed_waiting
java.lang.Thread.State: TIMED_WAITING
        at sun.misc.Unsafe.park(Native Method)
        at java.util.concurrent.locks.LockSupport.parkNanos(LockSupport.java:215)
        at java.util.concurrent.locks.AbstractQueuedSynchronizer$ConditionObject.awaitNanos(AbstractQueuedSynchronizer.java:2078)
        at org.eclipse.jetty.util.BlockingArrayQueue.poll(BlockingArrayQueue.java:382)
        at org.eclipse.jetty.util.thread.QueuedThreadPool$Runner.idleJobPoll(QueuedThreadPool.java:974)
        at org.eclipse.jetty.util.thread.QueuedThreadPool$Runner.run(QueuedThreadPool.java:1018)
        at java.lang.Thread.run(Thread.java:750)
"JvmPauseMonitor3" daemon prio=5 tid=372 timed_waiting
java.lang.Thread.State: TIMED_WAITING
        at java.lang.Thread.sleep(Native Method)
        at java.lang.Thread.sleep(Thread.java:342)
        at java.util.concurrent.TimeUnit.sleep(TimeUnit.java:386)
        at org.apache.ratis.util.TimeDuration.sleep(TimeDuration.java:325)
        at org.apache.ratis.util.TimeDuration.sleep(TimeDuration.java:310)
        at org.apache.ratis.util.JvmPauseMonitor.detectPause(JvmPauseMonitor.java:119)
        at org.apache.ratis.util.JvmPauseMonitor.run(JvmPauseMonitor.java:108)
        at org.apache.ratis.util.JvmPauseMonitor$$Lambda$749/143111683.run(Unknown Source)
        at java.lang.Thread.run(Thread.java:750)
"qtp507361937-193" daemon prio=5 tid=193 timed_waiting
java.lang.Thread.State: TIMED_WAITING
        at sun.misc.Unsafe.park(Native Method)
        at java.util.concurrent.locks.LockSupport.parkNanos(LockSupport.java:215)
        at java.util.concurrent.locks.AbstractQueuedSynchronizer$ConditionObject.awaitNanos(AbstractQueuedSynchronizer.java:2078)
        at org.eclipse.jetty.util.BlockingArrayQueue.poll(BlockingArrayQueue.java:382)
        at org.eclipse.jetty.util.thread.QueuedThreadPool$Runner.idleJobPoll(QueuedThreadPool.java:974)
        at org.eclipse.jetty.util.thread.QueuedThreadPool$Runner.run(QueuedThreadPool.java:1018)
        at java.lang.Thread.run(Thread.java:750)
"ChunkReader-ELG-0" daemon prio=5 tid=361 runnable
java.lang.Thread.State: RUNNABLE
        at org.apache.ratis.thirdparty.io.netty.channel.epoll.Native.epollWait(Native Method)
        at org.apache.ratis.thirdparty.io.netty.channel.epoll.Native.epollWait(Native.java:209)
        at org.apache.ratis.thirdparty.io.netty.channel.epoll.Native.epollWait(Native.java:202)
        at org.apache.ratis.thirdparty.io.netty.channel.epoll.EpollEventLoop.epollWaitNoTimerChange(EpollEventLoop.java:294)
        at org.apache.ratis.thirdparty.io.netty.channel.epoll.EpollEventLoop.run(EpollEventLoop.java:351)
        at org.apache.ratis.thirdparty.io.netty.util.concurrent.SingleThreadEventExecutor$4.run(SingleThreadEventExecutor.java:995)
        at org.apache.ratis.thirdparty.io.netty.util.internal.ThreadExecutorMap$2.run(ThreadExecutorMap.java:74)
        at java.lang.Thread.run(Thread.java:750)
"IPC Server Responder" daemon prio=5 tid=31 runnable
java.lang.Thread.State: RUNNABLE
        at sun.nio.ch.EPollArrayWrapper.epollWait(Native Method)
        at sun.nio.ch.EPollArrayWrapper.poll(EPollArrayWrapper.java:269)
        at sun.nio.ch.EPollSelectorImpl.doSelect(EPollSelectorImpl.java:93)
        at sun.nio.ch.SelectorImpl.lockAndDoSelect(SelectorImpl.java:86)
        at sun.nio.ch.SelectorImpl.select(SelectorImpl.java:97)
        at org.apache.hadoop.ipc.Server$Responder.doRunLoop(Server.java:1532)
        at org.apache.hadoop.ipc.Server$Responder.run(Server.java:1515)
"IPC Server handler 1 on default port 37049" daemon prio=5 tid=68 timed_waiting
java.lang.Thread.State: TIMED_WAITING
        at sun.misc.Unsafe.park(Native Method)
        at java.util.concurrent.locks.LockSupport.parkNanos(LockSupport.java:215)
        at java.util.concurrent.locks.AbstractQueuedSynchronizer$ConditionObject.awaitNanos(AbstractQueuedSynchronizer.java:2078)
        at java.util.concurrent.LinkedBlockingQueue.poll(LinkedBlockingQueue.java:467)
        at org.apache.hadoop.ipc.CallQueueManager.take(CallQueueManager.java:317)
        at org.apache.hadoop.ipc.Server$Handler.run(Server.java:2942)
"IPC Server handler 14 on default port 37049" daemon prio=5 tid=81 timed_waiting
java.lang.Thread.State: TIMED_WAITING
        at sun.misc.Unsafe.park(Native Method)
        at java.util.concurrent.locks.LockSupport.parkNanos(LockSupport.java:215)
        at java.util.concurrent.locks.AbstractQueuedSynchronizer$ConditionObject.awaitNanos(AbstractQueuedSynchronizer.java:2078)
        at java.util.concurrent.LinkedBlockingQueue.poll(LinkedBlockingQueue.java:467)
        at org.apache.hadoop.ipc.CallQueueManager.take(CallQueueManager.java:317)
        at org.apache.hadoop.ipc.Server$Handler.run(Server.java:2942)
"IPC Server handler 12 on default port 43507" daemon prio=5 tid=59 timed_waiting
java.lang.Thread.State: TIMED_WAITING
        at sun.misc.Unsafe.park(Native Method)
        at java.util.concurrent.locks.LockSupport.parkNanos(LockSupport.java:215)
        at java.util.concurrent.locks.AbstractQueuedSynchronizer$ConditionObject.awaitNanos(AbstractQueuedSynchronizer.java:2078)
        at java.util.concurrent.LinkedBlockingQueue.poll(LinkedBlockingQueue.java:467)
        at org.apache.hadoop.ipc.CallQueueManager.take(CallQueueManager.java:317)
        at org.apache.hadoop.ipc.Server$Handler.run(Server.java:2942)
"BlockDeletingService#1" daemon prio=5 tid=376 timed_waiting
java.lang.Thread.State: TIMED_WAITING
        at sun.misc.Unsafe.park(Native Method)
        at java.util.concurrent.locks.LockSupport.parkNanos(LockSupport.java:215)
        at java.util.concurrent.locks.AbstractQueuedSynchronizer$ConditionObject.awaitNanos(AbstractQueuedSynchronizer.java:2078)
        at java.util.concurrent.ScheduledThreadPoolExecutor$DelayedWorkQueue.take(ScheduledThreadPoolExecutor.java:1093)
        at java.util.concurrent.ScheduledThreadPoolExecutor$DelayedWorkQueue.take(ScheduledThreadPoolExecutor.java:809)
        at java.util.concurrent.ThreadPoolExecutor.getTask(ThreadPoolExecutor.java:1074)
        at java.util.concurrent.ThreadPoolExecutor.runWorker(ThreadPoolExecutor.java:1134)
        at java.util.concurrent.ThreadPoolExecutor$Worker.run(ThreadPoolExecutor.java:624)
        at java.lang.Thread.run(Thread.java:750)
"BlockDeletingService#2" daemon prio=5 tid=597 in Object.wait()
java.lang.Thread.State: WAITING (on object monitor)
        at sun.misc.Unsafe.park(Native Method)
        at java.util.concurrent.locks.LockSupport.park(LockSupport.java:175)
        at java.util.concurrent.locks.AbstractQueuedSynchronizer$ConditionObject.await(AbstractQueuedSynchronizer.java:2039)
        at java.util.concurrent.ScheduledThreadPoolExecutor$DelayedWorkQueue.take(ScheduledThreadPoolExecutor.java:1088)
        at java.util.concurrent.ScheduledThreadPoolExecutor$DelayedWorkQueue.take(ScheduledThreadPoolExecutor.java:809)
        at java.util.concurrent.ThreadPoolExecutor.getTask(ThreadPoolExecutor.java:1074)
        at java.util.concurrent.ThreadPoolExecutor.runWorker(ThreadPoolExecutor.java:1134)
        at java.util.concurrent.ThreadPoolExecutor$Worker.run(ThreadPoolExecutor.java:624)
        at java.lang.Thread.run(Thread.java:750)
"qtp1832656647-323" daemon prio=5 tid=323 runnable
java.lang.Thread.State: RUNNABLE
        at sun.nio.ch.EPollArrayWrapper.epollWait(Native Method)
        at sun.nio.ch.EPollArrayWrapper.poll(EPollArrayWrapper.java:269)
        at sun.nio.ch.EPollSelectorImpl.doSelect(EPollSelectorImpl.java:93)
        at sun.nio.ch.SelectorImpl.lockAndDoSelect(SelectorImpl.java:86)
        at sun.nio.ch.SelectorImpl.select(SelectorImpl.java:97)
        at sun.nio.ch.SelectorImpl.select(SelectorImpl.java:101)
        at org.eclipse.jetty.io.ManagedSelector.nioSelect(ManagedSelector.java:183)
        at org.eclipse.jetty.io.ManagedSelector.select(ManagedSelector.java:190)
        at org.eclipse.jetty.io.ManagedSelector$SelectorProducer.select(ManagedSelector.java:606)
        at org.eclipse.jetty.io.ManagedSelector$SelectorProducer.produce(ManagedSelector.java:543)
        at org.eclipse.jetty.util.thread.strategy.EatWhatYouKill.produceTask(EatWhatYouKill.java:362)
        at org.eclipse.jetty.util.thread.strategy.EatWhatYouKill.doProduce(EatWhatYouKill.java:186)
        at org.eclipse.jetty.util.thread.strategy.EatWhatYouKill.tryProduce(EatWhatYouKill.java:173)
        at org.eclipse.jetty.util.thread.strategy.EatWhatYouKill.produce(EatWhatYouKill.java:137)
        at org.eclipse.jetty.io.ManagedSelector$$Lambda$468/1286968216.run(Unknown Source)
        at org.eclipse.jetty.util.thread.QueuedThreadPool.runJob(QueuedThreadPool.java:883)
        at org.eclipse.jetty.util.thread.QueuedThreadPool$Runner.run(QueuedThreadPool.java:1034)
        at java.lang.Thread.run(Thread.java:750)
"IPC Server handler 3 on default port 43507" daemon prio=5 tid=50 timed_waiting
java.lang.Thread.State: TIMED_WAITING
        at sun.misc.Unsafe.park(Native Method)
        at java.util.concurrent.locks.LockSupport.parkNanos(LockSupport.java:215)
        at java.util.concurrent.locks.AbstractQueuedSynchronizer$ConditionObject.awaitNanos(AbstractQueuedSynchronizer.java:2078)
        at java.util.concurrent.LinkedBlockingQueue.poll(LinkedBlockingQueue.java:467)
        at org.apache.hadoop.ipc.CallQueueManager.take(CallQueueManager.java:317)
        at org.apache.hadoop.ipc.Server$Handler.run(Server.java:2942)
"BlockDeletingService#2" daemon prio=5 tid=598 in Object.wait()
java.lang.Thread.State: WAITING (on object monitor)
        at sun.misc.Unsafe.park(Native Method)
        at java.util.concurrent.locks.LockSupport.park(LockSupport.java:175)
        at java.util.concurrent.locks.AbstractQueuedSynchronizer$ConditionObject.await(AbstractQueuedSynchronizer.java:2039)
        at java.util.concurrent.ScheduledThreadPoolExecutor$DelayedWorkQueue.take(ScheduledThreadPoolExecutor.java:1088)
        at java.util.concurrent.ScheduledThreadPoolExecutor$DelayedWorkQueue.take(ScheduledThreadPoolExecutor.java:809)
        at java.util.concurrent.ThreadPoolExecutor.getTask(ThreadPoolExecutor.java:1074)
        at java.util.concurrent.ThreadPoolExecutor.runWorker(ThreadPoolExecutor.java:1134)
        at java.util.concurrent.ThreadPoolExecutor$Worker.run(ThreadPoolExecutor.java:624)
        at java.lang.Thread.run(Thread.java:750)
"qtp275016957-247" daemon prio=5 tid=247 timed_waiting
java.lang.Thread.State: TIMED_WAITING
        at sun.misc.Unsafe.park(Native Method)
        at java.util.concurrent.locks.LockSupport.parkNanos(LockSupport.java:215)
        at java.util.concurrent.locks.AbstractQueuedSynchronizer$ConditionObject.awaitNanos(AbstractQueuedSynchronizer.java:2078)
        at org.eclipse.jetty.util.BlockingArrayQueue.poll(BlockingArrayQueue.java:382)
        at org.eclipse.jetty.util.thread.QueuedThreadPool$Runner.idleJobPoll(QueuedThreadPool.java:974)
        at org.eclipse.jetty.util.thread.QueuedThreadPool$Runner.run(QueuedThreadPool.java:1018)
        at java.lang.Thread.run(Thread.java:750)
"IPC Server handler 7 on default port 34303" daemon prio=5 tid=162 timed_waiting
java.lang.Thread.State: TIMED_WAITING
        at sun.misc.Unsafe.park(Native Method)
        at java.util.concurrent.locks.LockSupport.parkNanos(LockSupport.java:215)
        at java.util.concurrent.locks.AbstractQueuedSynchronizer$ConditionObject.awaitNanos(AbstractQueuedSynchronizer.java:2078)
        at java.util.concurrent.LinkedBlockingQueue.poll(LinkedBlockingQueue.java:467)
        at org.apache.hadoop.ipc.CallQueueManager.take(CallQueueManager.java:317)
        at org.apache.hadoop.ipc.Server$Handler.run(Server.java:2942)
"org.apache.hadoop.ozone.container.common.statemachine.commandhandler.DeleteBlocksCommandHandler$DeleteCmdWorker@3dc03beb" daemon prio=5 tid=294 timed_waiting
java.lang.Thread.State: TIMED_WAITING
        at java.lang.Thread.sleep(Native Method)
        at org.apache.hadoop.ozone.container.common.statemachine.commandhandler.DeleteBlocksCommandHandler$DeleteCmdWorker.run(DeleteBlocksCommandHandler.java:184)
        at java.lang.Thread.run(Thread.java:750)
"qtp1832656647-327" daemon prio=5 tid=327 timed_waiting
java.lang.Thread.State: TIMED_WAITING
        at sun.misc.Unsafe.park(Native Method)
        at java.util.concurrent.locks.LockSupport.parkNanos(LockSupport.java:215)
        at java.util.concurrent.locks.AbstractQueuedSynchronizer$ConditionObject.awaitNanos(AbstractQueuedSynchronizer.java:2078)
        at org.eclipse.jetty.util.BlockingArrayQueue.poll(BlockingArrayQueue.java:382)
        at org.eclipse.jetty.util.thread.QueuedThreadPool$Runner.idleJobPoll(QueuedThreadPool.java:974)
        at org.eclipse.jetty.util.thread.QueuedThreadPool$Runner.run(QueuedThreadPool.java:1018)
        at java.lang.Thread.run(Thread.java:750)
"IPC Server handler 18 on default port 34303" daemon prio=5 tid=173 timed_waiting
java.lang.Thread.State: TIMED_WAITING
        at sun.misc.Unsafe.park(Native Method)
        at java.util.concurrent.locks.LockSupport.parkNanos(LockSupport.java:215)
        at java.util.concurrent.locks.AbstractQueuedSynchronizer$ConditionObject.awaitNanos(AbstractQueuedSynchronizer.java:2078)
        at java.util.concurrent.LinkedBlockingQueue.poll(LinkedBlockingQueue.java:467)
        at org.apache.hadoop.ipc.CallQueueManager.take(CallQueueManager.java:317)
        at org.apache.hadoop.ipc.Server$Handler.run(Server.java:2942)
"IPC Server handler 17 on default port 42039" daemon prio=5 tid=104 timed_waiting
java.lang.Thread.State: TIMED_WAITING
        at sun.misc.Unsafe.park(Native Method)
        at java.util.concurrent.locks.LockSupport.parkNanos(LockSupport.java:215)
        at java.util.concurrent.locks.AbstractQueuedSynchronizer$ConditionObject.awaitNanos(AbstractQueuedSynchronizer.java:2078)
        at java.util.concurrent.LinkedBlockingQueue.poll(LinkedBlockingQueue.java:467)
        at org.apache.hadoop.ipc.CallQueueManager.take(CallQueueManager.java:317)
        at org.apache.hadoop.ipc.Server$Handler.run(Server.java:2942)
"Datanode State Machine Task Thread - 0"  prio=5 tid=203 in Object.wait()
java.lang.Thread.State: WAITING (on object monitor)
        at sun.misc.Unsafe.park(Native Method)
        at java.util.concurrent.locks.LockSupport.park(LockSupport.java:175)
        at java.util.concurrent.locks.AbstractQueuedSynchronizer$ConditionObject.await(AbstractQueuedSynchronizer.java:2039)
        at java.util.concurrent.LinkedBlockingQueue.take(LinkedBlockingQueue.java:442)
        at java.util.concurrent.ThreadPoolExecutor.getTask(ThreadPoolExecutor.java:1074)
        at java.util.concurrent.ThreadPoolExecutor.runWorker(ThreadPoolExecutor.java:1134)
        at java.util.concurrent.ThreadPoolExecutor$Worker.run(ThreadPoolExecutor.java:624)
        at java.lang.Thread.run(Thread.java:750)
"EventQueue-PipelineReportForPipelineReportHandler" daemon prio=5 tid=417 in Object.wait()
java.lang.Thread.State: WAITING (on object monitor)
        at sun.misc.Unsafe.park(Native Method)
        at java.util.concurrent.locks.LockSupport.park(LockSupport.java:175)
        at java.util.concurrent.locks.AbstractQueuedSynchronizer$ConditionObject.await(AbstractQueuedSynchronizer.java:2039)
        at java.util.concurrent.LinkedBlockingQueue.take(LinkedBlockingQueue.java:442)
        at java.util.concurrent.ThreadPoolExecutor.getTask(ThreadPoolExecutor.java:1074)
        at java.util.concurrent.ThreadPoolExecutor.runWorker(ThreadPoolExecutor.java:1134)
        at java.util.concurrent.ThreadPoolExecutor$Worker.run(ThreadPoolExecutor.java:624)
        at java.lang.Thread.run(Thread.java:750)
"Datanode ReportManager Thread - 2" daemon prio=5 tid=198 in Object.wait()
java.lang.Thread.State: WAITING (on object monitor)
        at sun.misc.Unsafe.park(Native Method)
        at java.util.concurrent.locks.LockSupport.park(LockSupport.java:175)
        at java.util.concurrent.locks.AbstractQueuedSynchronizer$ConditionObject.await(AbstractQueuedSynchronizer.java:2039)
        at java.util.concurrent.ScheduledThreadPoolExecutor$DelayedWorkQueue.take(ScheduledThreadPoolExecutor.java:1088)
        at java.util.concurrent.ScheduledThreadPoolExecutor$DelayedWorkQueue.take(ScheduledThreadPoolExecutor.java:809)
        at java.util.concurrent.ThreadPoolExecutor.getTask(ThreadPoolExecutor.java:1074)
        at java.util.concurrent.ThreadPoolExecutor.runWorker(ThreadPoolExecutor.java:1134)
        at java.util.concurrent.ThreadPoolExecutor$Worker.run(ThreadPoolExecutor.java:624)
        at java.lang.Thread.run(Thread.java:750)
"qtp1832656647-328" daemon prio=5 tid=328 timed_waiting
java.lang.Thread.State: TIMED_WAITING
        at sun.misc.Unsafe.park(Native Method)
        at java.util.concurrent.locks.LockSupport.parkNanos(LockSupport.java:215)
        at java.util.concurrent.locks.AbstractQueuedSynchronizer$ConditionObject.awaitNanos(AbstractQueuedSynchronizer.java:2078)
        at org.eclipse.jetty.util.BlockingArrayQueue.poll(BlockingArrayQueue.java:382)
        at org.eclipse.jetty.util.thread.QueuedThreadPool$Runner.idleJobPoll(QueuedThreadPool.java:974)
        at org.eclipse.jetty.util.thread.QueuedThreadPool$Runner.run(QueuedThreadPool.java:1018)
        at java.lang.Thread.run(Thread.java:750)
"BlockDeletingService#0" daemon prio=5 tid=374 in Object.wait()
java.lang.Thread.State: WAITING (on object monitor)
        at sun.misc.Unsafe.park(Native Method)
        at java.util.concurrent.locks.LockSupport.park(LockSupport.java:175)
        at java.util.concurrent.locks.AbstractQueuedSynchronizer$ConditionObject.await(AbstractQueuedSynchronizer.java:2039)
        at java.util.concurrent.ScheduledThreadPoolExecutor$DelayedWorkQueue.take(ScheduledThreadPoolExecutor.java:1088)
        at java.util.concurrent.ScheduledThreadPoolExecutor$DelayedWorkQueue.take(ScheduledThreadPoolExecutor.java:809)
        at java.util.concurrent.ThreadPoolExecutor.getTask(ThreadPoolExecutor.java:1074)
        at java.util.concurrent.ThreadPoolExecutor.runWorker(ThreadPoolExecutor.java:1134)
        at java.util.concurrent.ThreadPoolExecutor$Worker.run(ThreadPoolExecutor.java:624)
        at java.lang.Thread.run(Thread.java:750)
"Under Replicated Processor" daemon prio=5 tid=20 timed_waiting
java.lang.Thread.State: TIMED_WAITING
        at java.lang.Object.wait(Native Method)
        at org.apache.hadoop.hdds.scm.container.replication.UnhealthyReplicationProcessor.run(UnhealthyReplicationProcessor.java:135)
        at java.lang.Thread.run(Thread.java:750)
"grpc-default-executor-4" daemon prio=5 tid=525 timed_waiting
java.lang.Thread.State: TIMED_WAITING
        at sun.misc.Unsafe.park(Native Method)
        at java.util.concurrent.locks.LockSupport.parkNanos(LockSupport.java:215)
        at java.util.concurrent.SynchronousQueue$TransferStack.awaitFulfill(SynchronousQueue.java:460)
        at java.util.concurrent.SynchronousQueue$TransferStack.transfer(SynchronousQueue.java:362)
        at java.util.concurrent.SynchronousQueue.poll(SynchronousQueue.java:941)
        at java.util.concurrent.ThreadPoolExecutor.getTask(ThreadPoolExecutor.java:1073)
        at java.util.concurrent.ThreadPoolExecutor.runWorker(ThreadPoolExecutor.java:1134)
        at java.util.concurrent.ThreadPoolExecutor$Worker.run(ThreadPoolExecutor.java:624)
        at java.lang.Thread.run(Thread.java:750)
"grpc-default-executor-0" daemon prio=5 tid=432 timed_waiting
java.lang.Thread.State: TIMED_WAITING
        at sun.misc.Unsafe.park(Native Method)
        at java.util.concurrent.locks.LockSupport.parkNanos(LockSupport.java:215)
        at java.util.concurrent.SynchronousQueue$TransferStack.awaitFulfill(SynchronousQueue.java:460)
        at java.util.concurrent.SynchronousQueue$TransferStack.transfer(SynchronousQueue.java:362)
        at java.util.concurrent.SynchronousQueue.poll(SynchronousQueue.java:941)
        at java.util.concurrent.ThreadPoolExecutor.getTask(ThreadPoolExecutor.java:1073)
        at java.util.concurrent.ThreadPoolExecutor.runWorker(ThreadPoolExecutor.java:1134)
        at java.util.concurrent.ThreadPoolExecutor$Worker.run(ThreadPoolExecutor.java:624)
        at java.lang.Thread.run(Thread.java:750)
"IPC Server handler 13 on default port 42039" daemon prio=5 tid=100 timed_waiting
java.lang.Thread.State: TIMED_WAITING
        at sun.misc.Unsafe.park(Native Method)
        at java.util.concurrent.locks.LockSupport.parkNanos(LockSupport.java:215)
        at java.util.concurrent.locks.AbstractQueuedSynchronizer$ConditionObject.awaitNanos(AbstractQueuedSynchronizer.java:2078)
        at java.util.concurrent.LinkedBlockingQueue.poll(LinkedBlockingQueue.java:467)
        at org.apache.hadoop.ipc.CallQueueManager.take(CallQueueManager.java:317)
        at org.apache.hadoop.ipc.Server$Handler.run(Server.java:2942)


	at org.apache.ozone.test.GenericTestUtils.waitFor(GenericTestUtils.java:231)
	at org.apache.hadoop.hdds.scm.pipeline.TestRatisPipelineCreateAndDestroy.waitForPipelines(TestRatisPipelineCreateAndDestroy.java:179)
	at org.apache.hadoop.hdds.scm.pipeline.TestRatisPipelineCreateAndDestroy.testAutomaticPipelineCreationOnPipelineDestroy(TestRatisPipelineCreateAndDestroy.java:95)
	at sun.reflect.NativeMethodAccessorImpl.invoke0(Native Method)
	at sun.reflect.NativeMethodAccessorImpl.invoke(NativeMethodAccessorImpl.java:62)
	at sun.reflect.DelegatingMethodAccessorImpl.invoke(DelegatingMethodAccessorImpl.java:43)
	at java.lang.reflect.Method.invoke(Method.java:498)
	at org.junit.platform.commons.util.ReflectionUtils.invokeMethod(ReflectionUtils.java:725)
	at org.junit.jupiter.engine.execution.MethodInvocation.proceed(MethodInvocation.java:60)
	at org.junit.jupiter.engine.execution.InvocationInterceptorChain$ValidatingInvocation.proceed(InvocationInterceptorChain.java:131)
	at org.junit.jupiter.engine.extension.TimeoutInvocation.proceed(TimeoutInvocation.java:46)
	at org.junit.jupiter.engine.extension.TimeoutExtension.intercept(TimeoutExtension.java:149)
	at org.junit.jupiter.engine.extension.TimeoutExtension.interceptTestableMethod(TimeoutExtension.java:140)
	at org.junit.jupiter.engine.extension.TimeoutExtension.interceptTestMethod(TimeoutExtension.java:84)
	at org.junit.jupiter.engine.execution.ExecutableInvoker$ReflectiveInterceptorCall.lambda$ofVoidMethod$0(ExecutableInvoker.java:115)
	at org.junit.jupiter.engine.execution.ExecutableInvoker.lambda$invoke$0(ExecutableInvoker.java:105)
	at org.junit.jupiter.engine.execution.InvocationInterceptorChain$InterceptedInvocation.proceed(InvocationInterceptorChain.java:106)
	at org.junit.jupiter.engine.execution.InvocationInterceptorChain.proceed(InvocationInterceptorChain.java:64)
	at org.junit.jupiter.engine.execution.InvocationInterceptorChain.chainAndInvoke(InvocationInterceptorChain.java:45)
	at org.junit.jupiter.engine.execution.InvocationInterceptorChain.invoke(InvocationInterceptorChain.java:37)
	at org.junit.jupiter.engine.execution.ExecutableInvoker.invoke(ExecutableInvoker.java:104)
	at org.junit.jupiter.engine.execution.ExecutableInvoker.invoke(ExecutableInvoker.java:98)
	at org.junit.jupiter.engine.descriptor.TestMethodTestDescriptor.lambda$invokeTestMethod$7(TestMethodTestDescriptor.java:214)
	at org.junit.platform.engine.support.hierarchical.ThrowableCollector.execute(ThrowableCollector.java:73)
	at org.junit.jupiter.engine.descriptor.TestMethodTestDescriptor.invokeTestMethod(TestMethodTestDescriptor.java:210)
	at org.junit.jupiter.engine.descriptor.TestMethodTestDescriptor.execute(TestMethodTestDescriptor.java:135)
	at org.junit.jupiter.engine.descriptor.TestMethodTestDescriptor.execute(TestMethodTestDescriptor.java:66)
	at org.junit.platform.engine.support.hierarchical.NodeTestTask.lambda$executeRecursively$6(NodeTestTask.java:151)
	at org.junit.platform.engine.support.hierarchical.ThrowableCollector.execute(ThrowableCollector.java:73)
	at org.junit.platform.engine.support.hierarchical.NodeTestTask.lambda$executeRecursively$8(NodeTestTask.java:141)
	at org.junit.platform.engine.support.hierarchical.Node.around(Node.java:137)
	at org.junit.platform.engine.support.hierarchical.NodeTestTask.lambda$executeRecursively$9(NodeTestTask.java:139)
	at org.junit.platform.engine.support.hierarchical.ThrowableCollector.execute(ThrowableCollector.java:73)
	at org.junit.platform.engine.support.hierarchical.NodeTestTask.executeRecursively(NodeTestTask.java:138)
	at org.junit.platform.engine.support.hierarchical.NodeTestTask.execute(NodeTestTask.java:95)
	at java.util.ArrayList.forEach(ArrayList.java:1259)
	at org.junit.platform.engine.support.hierarchical.SameThreadHierarchicalTestExecutorService.invokeAll(SameThreadHierarchicalTestExecutorService.java:41)
	at org.junit.platform.engine.support.hierarchical.NodeTestTask.lambda$executeRecursively$6(NodeTestTask.java:155)
	at org.junit.platform.engine.support.hierarchical.ThrowableCollector.execute(ThrowableCollector.java:73)
	at org.junit.platform.engine.support.hierarchical.NodeTestTask.lambda$executeRecursively$8(NodeTestTask.java:141)
	at org.junit.platform.engine.support.hierarchical.Node.around(Node.java:137)
	at org.junit.platform.engine.support.hierarchical.NodeTestTask.lambda$executeRecursively$9(NodeTestTask.java:139)
	at org.junit.platform.engine.support.hierarchical.ThrowableCollector.execute(ThrowableCollector.java:73)
	at org.junit.platform.engine.support.hierarchical.NodeTestTask.executeRecursively(NodeTestTask.java:138)
	at org.junit.platform.engine.support.hierarchical.NodeTestTask.execute(NodeTestTask.java:95)
	at java.util.ArrayList.forEach(ArrayList.java:1259)
	at org.junit.platform.engine.support.hierarchical.SameThreadHierarchicalTestExecutorService.invokeAll(SameThreadHierarchicalTestExecutorService.java:41)
	at org.junit.platform.engine.support.hierarchical.NodeTestTask.lambda$executeRecursively$6(NodeTestTask.java:155)
	at org.junit.platform.engine.support.hierarchical.ThrowableCollector.execute(ThrowableCollector.java:73)
	at org.junit.platform.engine.support.hierarchical.NodeTestTask.lambda$executeRecursively$8(NodeTestTask.java:141)
	at org.junit.platform.engine.support.hierarchical.Node.around(Node.java:137)
	at org.junit.platform.engine.support.hierarchical.NodeTestTask.lambda$executeRecursively$9(NodeTestTask.java:139)
	at org.junit.platform.engine.support.hierarchical.ThrowableCollector.execute(ThrowableCollector.java:73)
	at org.junit.platform.engine.support.hierarchical.NodeTestTask.executeRecursively(NodeTestTask.java:138)
	at org.junit.platform.engine.support.hierarchical.NodeTestTask.execute(NodeTestTask.java:95)
	at org.junit.platform.engine.support.hierarchical.SameThreadHierarchicalTestExecutorService.submit(SameThreadHierarchicalTestExecutorService.java:35)
	at org.junit.platform.engine.support.hierarchical.HierarchicalTestExecutor.execute(HierarchicalTestExecutor.java:57)
	at org.junit.platform.engine.support.hierarchical.HierarchicalTestEngine.execute(HierarchicalTestEngine.java:54)
	at org.junit.platform.launcher.core.EngineExecutionOrchestrator.execute(EngineExecutionOrchestrator.java:107)
	at org.junit.platform.launcher.core.EngineExecutionOrchestrator.execute(EngineExecutionOrchestrator.java:88)
	at org.junit.platform.launcher.core.EngineExecutionOrchestrator.lambda$execute$0(EngineExecutionOrchestrator.java:54)
	at org.junit.platform.launcher.core.EngineExecutionOrchestrator.withInterceptedStreams(EngineExecutionOrchestrator.java:67)
	at org.junit.platform.launcher.core.EngineExecutionOrchestrator.execute(EngineExecutionOrchestrator.java:52)
	at org.junit.platform.launcher.core.DefaultLauncher.execute(DefaultLauncher.java:114)
	at org.junit.platform.launcher.core.DefaultLauncher.execute(DefaultLauncher.java:86)
	at org.junit.platform.launcher.core.DefaultLauncherSession$DelegatingLauncher.execute(DefaultLauncherSession.java:86)
	at org.junit.platform.launcher.core.SessionPerRequestLauncher.execute(SessionPerRequestLauncher.java:53)
	at org.apache.maven.surefire.junitplatform.JUnitPlatformProvider.execute(JUnitPlatformProvider.java:188)
	at org.apache.maven.surefire.junitplatform.JUnitPlatformProvider.invokeAllTests(JUnitPlatformProvider.java:154)
	at org.apache.maven.surefire.junitplatform.JUnitPlatformProvider.invoke(JUnitPlatformProvider.java:124)
	at org.apache.maven.surefire.booter.ForkedBooter.runSuitesInProcess(ForkedBooter.java:428)
	at org.apache.maven.surefire.booter.ForkedBooter.execute(ForkedBooter.java:162)
	at org.apache.maven.surefire.booter.ForkedBooter.run(ForkedBooter.java:562)
	at org.apache.maven.surefire.booter.ForkedBooter.main(ForkedBooter.java:548)
]]></error>
    <system-out><![CDATA[2023-01-10 01:11:39,732 [main] WARN  server.ServerUtils (ServerUtils.java:getScmDbDir(148)) - ozone.scm.db.dirs is not configured. We recommend adding this setting. Falling back to ozone.metadata.dirs instead.
2023-01-10 01:11:39,814 [main] WARN  server.ServerUtils (ServerUtils.java:getScmDbDir(148)) - ozone.scm.db.dirs is not configured. We recommend adding this setting. Falling back to ozone.metadata.dirs instead.
2023-01-10 01:11:39,817 [main] INFO  ha.SCMHANodeDetails (SCMHANodeDetails.java:loadSCMHAConfig(209)) - ServiceID for StorageContainerManager is null
2023-01-10 01:11:39,828 [main] WARN  ha.SCMHANodeDetails (SCMHANodeDetails.java:validateSCMHAConfig(182)) - Invalid config ozone.scm.ratis.enable. The config was not specified, but the default value true conflicts with the expected config value false. Falling back to the expected value. Current State of SCM: SCM is running in Non-HA without Ratis Ratis SCM -> Non Ratis SCM or Non HA SCM -> HA SCM is not supported
2023-01-10 01:11:39,828 [main] INFO  ha.SCMHANodeDetails (SCMHANodeDetails.java:loadSCMHAConfig(214)) - ozone.scm.default.service.id is not defined, falling back to ozone.scm.service.ids to find serviceID for StorageContainerManager if it is HA enabled cluster
2023-01-10 01:11:40,362 [main] WARN  utils.HAUtils (HAUtils.java:getMetaDir(342)) - ozone.scm.db.dirs is not configured. We recommend adding this setting. Falling back to ozone.metadata.dirs instead.
2023-01-10 01:11:40,492 [main] WARN  db.DBStoreBuilder (DBStoreBuilder.java:applyDBDefinition(144)) - ozone.scm.db.dirs is not configured. We recommend adding this setting. Falling back to ozone.metadata.dirs instead.
2023-01-10 01:11:40,772 [main] INFO  net.NodeSchemaLoader (NodeSchemaLoader.java:loadSchemaFromFile(129)) - Loading schema from [jar:file:/home/runner/.m2/repository/org/apache/ozone/hdds-common/1.4.0-SNAPSHOT/hdds-common-1.4.0-SNAPSHOT.jar!/network-topology-default.xml]
2023-01-10 01:11:40,773 [main] INFO  net.NodeSchemaLoader (NodeSchemaLoader.java:loadSchema(176)) - Loading network topology layer schema file
2023-01-10 01:11:40,810 [main] INFO  metrics.MetricRegistries (MetricRegistriesLoader.java:load(64)) - Loaded MetricRegistries class org.apache.ratis.metrics.impl.MetricRegistriesImpl
2023-01-10 01:11:40,814 [main] INFO  upgrade.AbstractLayoutVersionManager (AbstractLayoutVersionManager.java:init(83)) - Initializing Layout version manager with metadata layout = DATANODE_SCHEMA_V3 (version = 4), software layout = DATANODE_SCHEMA_V3 (version = 4)
2023-01-10 01:11:41,028 [main] INFO  reflections.Reflections (Reflections.java:scan(232)) - Reflections took 145 ms to scan 7 urls, producing 146 keys and 350 values 
2023-01-10 01:11:41,141 [main] INFO  ha.SequenceIdGenerator (SequenceIdGenerator.java:upgradeToSequenceId(349)) - upgrade localId to 111677748019200000
2023-01-10 01:11:41,141 [main] INFO  ha.SequenceIdGenerator (SequenceIdGenerator.java:upgradeToSequenceId(359)) - upgrade delTxnId to 0
2023-01-10 01:11:41,144 [main] INFO  ha.SequenceIdGenerator (SequenceIdGenerator.java:upgradeToSequenceId(376)) - upgrade containerId to 0
2023-01-10 01:11:41,146 [main] INFO  ha.SequenceIdGenerator (SequenceIdGenerator.java:<init>(220)) - Init the HA SequenceIdGenerator.
2023-01-10 01:11:41,211 [main] INFO  node.SCMNodeManager (SCMNodeManager.java:<init>(149)) - Entering startup safe mode.
2023-01-10 01:11:41,284 [main] INFO  algorithms.ContainerPlacementPolicyFactory (ContainerPlacementPolicyFactory.java:getPolicyInternal(86)) - Create container placement policy of type org.apache.hadoop.hdds.scm.container.placement.algorithms.SCMContainerPlacementRandom
2023-01-10 01:11:41,287 [main] INFO  algorithms.ContainerPlacementPolicyFactory (ContainerPlacementPolicyFactory.java:getPolicyInternal(86)) - Create container placement policy of type org.apache.hadoop.hdds.scm.container.placement.algorithms.SCMContainerPlacementRackScatter
2023-01-10 01:11:41,294 [main] INFO  pipeline.PipelineStateManagerImpl (PipelineStateManagerImpl.java:initialize(78)) - No pipeline exists in current db
2023-01-10 01:11:41,324 [main] INFO  algorithms.LeaderChoosePolicyFactory (LeaderChoosePolicyFactory.java:getPolicy(57)) - Create leader choose policy of type org.apache.hadoop.hdds.scm.pipeline.leader.choose.algorithms.MinLeaderCountChoosePolicy
2023-01-10 01:11:41,324 [main] INFO  algorithms.ContainerPlacementPolicyFactory (ContainerPlacementPolicyFactory.java:getPolicyInternal(86)) - Create container placement policy of type org.apache.hadoop.hdds.scm.container.placement.algorithms.SCMContainerPlacementRackScatter
2023-01-10 01:11:41,329 [main] INFO  ha.SCMServiceManager (SCMServiceManager.java:register(42)) - Registering service BackgroundPipelineCreator.
2023-01-10 01:11:41,330 [main] INFO  pipeline.BackgroundPipelineCreator (BackgroundPipelineCreator.java:start(124)) - Starting RatisPipelineUtilsThread.
2023-01-10 01:11:41,333 [main] INFO  BackgroundPipelineScrubber (BackgroundSCMService.java:start(68)) - Starting BackgroundPipelineScrubber Service.
2023-01-10 01:11:41,334 [main] INFO  ha.SCMServiceManager (SCMServiceManager.java:register(42)) - Registering service BackgroundPipelineScrubber.
2023-01-10 01:11:41,341 [main] INFO  ExpiredContainerReplicaOpScrubber (BackgroundSCMService.java:start(68)) - Starting ExpiredContainerReplicaOpScrubber Service.
2023-01-10 01:11:41,341 [main] INFO  ha.SCMServiceManager (SCMServiceManager.java:register(42)) - Registering service ExpiredContainerReplicaOpScrubber.
2023-01-10 01:11:41,377 [main] INFO  algorithms.PipelineChoosePolicyFactory (PipelineChoosePolicyFactory.java:createPipelineChoosePolicyFromClass(73)) - Create pipeline choose policy of type org.apache.hadoop.hdds.scm.pipeline.choose.algorithms.RandomPipelineChoosePolicy
2023-01-10 01:11:41,393 [main] INFO  ha.SCMServiceManager (SCMServiceManager.java:register(42)) - Registering service SCMBlockDeletingService.
2023-01-10 01:11:41,440 [main] INFO  replication.ReplicationManager (ReplicationManager.java:start(261)) - Starting Replication Monitor Thread.
2023-01-10 01:11:41,447 [main] INFO  ha.SCMServiceManager (SCMServiceManager.java:register(42)) - Registering service ReplicationManager.
2023-01-10 01:11:41,453 [ReplicationMonitor] INFO  replication.ReplicationManager (ReplicationManager.java:processAll(330)) - Replication Manager is not ready to run until 3000ms after safemode exit
2023-01-10 01:11:41,456 [main] INFO  safemode.ContainerSafeModeRule (ContainerSafeModeRule.java:<init>(89)) - containers with one replica threshold count 0
2023-01-10 01:11:41,459 [main] INFO  safemode.HealthyPipelineSafeModeRule (HealthyPipelineSafeModeRule.java:initializeRule(169)) - Total pipeline count is 0, healthy pipeline threshold count is 1
2023-01-10 01:11:41,461 [main] INFO  safemode.OneReplicaPipelineSafeModeRule (OneReplicaPipelineSafeModeRule.java:initializeRule(180)) - Total pipeline count is 0, pipeline's with at least one datanode reported threshold count is 0
2023-01-10 01:11:41,756 [main] INFO  audit.AuditLogger (AuditLogger.java:refreshDebugCmdSet(126)) - Refresh DebugCmdSet for SCMAudit to [].
2023-01-10 01:11:41,784 [main] INFO  ipc.CallQueueManager (CallQueueManager.java:<init>(90)) - Using callQueue: class java.util.concurrent.LinkedBlockingQueue, queueCapacity: 2000, scheduler: class org.apache.hadoop.ipc.DefaultRpcScheduler, ipcBackoff: false.
2023-01-10 01:11:41,820 [Socket Reader #1 for port 0] INFO  ipc.Server (Server.java:run(1273)) - Starting Socket Reader #1 for port 0
2023-01-10 01:11:41,879 [Listener at 0.0.0.0/42039] INFO  audit.AuditLogger (AuditLogger.java:refreshDebugCmdSet(126)) - Refresh DebugCmdSet for SCMAudit to [].
2023-01-10 01:11:41,887 [Listener at 0.0.0.0/42039] INFO  ipc.CallQueueManager (CallQueueManager.java:<init>(90)) - Using callQueue: class java.util.concurrent.LinkedBlockingQueue, queueCapacity: 2000, scheduler: class org.apache.hadoop.ipc.DefaultRpcScheduler, ipcBackoff: false.
2023-01-10 01:11:41,888 [Socket Reader #1 for port 0] INFO  ipc.Server (Server.java:run(1273)) - Starting Socket Reader #1 for port 0
2023-01-10 01:11:41,918 [Listener at 0.0.0.0/37049] INFO  audit.AuditLogger (AuditLogger.java:refreshDebugCmdSet(126)) - Refresh DebugCmdSet for SCMAudit to [].
2023-01-10 01:11:41,930 [Listener at 0.0.0.0/37049] INFO  ipc.CallQueueManager (CallQueueManager.java:<init>(90)) - Using callQueue: class java.util.concurrent.LinkedBlockingQueue, queueCapacity: 2000, scheduler: class org.apache.hadoop.ipc.DefaultRpcScheduler, ipcBackoff: false.
2023-01-10 01:11:41,944 [Socket Reader #1 for port 0] INFO  ipc.Server (Server.java:run(1273)) - Starting Socket Reader #1 for port 0
2023-01-10 01:11:41,989 [Listener at 0.0.0.0/43507] INFO  ha.SCMServiceManager (SCMServiceManager.java:register(42)) - Registering service ContainerBalancer.
2023-01-10 01:11:41,991 [Listener at 0.0.0.0/43507] INFO  server.StorageContainerManager (StorageContainerManager.java:<init>(399)) - 
Container Balancer status:
Key                            Value
Running                        true
Container Balancer Configuration values:
Key                                                Value
Threshold                                          10
Max Datanodes to Involve per Iteration(percent)    20
Max Size to Move per Iteration                     500GB
Max Size Entering Target per Iteration             26GB
Max Size Leaving Source per Iteration              26GB

2023-01-10 01:11:41,991 [Listener at 0.0.0.0/43507] INFO  ha.SCMContext (SCMContext.java:updateSafeModeStatus(228)) - Update SafeModeStatus from SafeModeStatus{safeModeStatus=true, preCheckPassed=false} to SafeModeStatus{safeModeStatus=true, preCheckPassed=false}.
2023-01-10 01:11:41,996 [Listener at 0.0.0.0/43507] INFO  server.StorageContainerManager (StorageContainerManager.java:start(1426)) - StorageContainerLocationProtocol RPC server is listening at /0.0.0.0:43507
2023-01-10 01:11:42,121 [Listener at 0.0.0.0/43507] WARN  impl.MetricsConfig (MetricsConfig.java:loadFirst(136)) - Cannot locate configuration: tried hadoop-metrics2-storagecontainermanager.properties,hadoop-metrics2.properties
2023-01-10 01:11:42,133 [Listener at 0.0.0.0/43507] INFO  impl.MetricsSystemImpl (MetricsSystemImpl.java:startTimer(378)) - Scheduled Metric snapshot period at 10 second(s).
2023-01-10 01:11:42,133 [Listener at 0.0.0.0/43507] INFO  impl.MetricsSystemImpl (MetricsSystemImpl.java:start(191)) - StorageContainerManager metrics system started
2023-01-10 01:11:42,369 [Listener at 0.0.0.0/43507] INFO  server.SCMClientProtocolServer (SCMClientProtocolServer.java:start(170)) - RPC server for Client  is listening at /0.0.0.0:43507
2023-01-10 01:11:42,370 [IPC Server Responder] INFO  ipc.Server (Server.java:run(1512)) - IPC Server Responder: starting
2023-01-10 01:11:42,371 [IPC Server listener on 0] INFO  ipc.Server (Server.java:run(1352)) - IPC Server listener on 0: starting
2023-01-10 01:11:42,374 [Listener at 0.0.0.0/43507] INFO  server.StorageContainerManager (StorageContainerManager.java:start(1440)) - ScmBlockLocationProtocol RPC server is listening at /0.0.0.0:37049
2023-01-10 01:11:42,374 [Listener at 0.0.0.0/43507] INFO  server.SCMBlockProtocolServer (SCMBlockProtocolServer.java:start(152)) - RPC server for Block Protocol is listening at /0.0.0.0:37049
2023-01-10 01:11:42,375 [IPC Server Responder] INFO  ipc.Server (Server.java:run(1512)) - IPC Server Responder: starting
2023-01-10 01:11:42,375 [IPC Server listener on 0] INFO  ipc.Server (Server.java:run(1352)) - IPC Server listener on 0: starting
2023-01-10 01:11:42,378 [Listener at 0.0.0.0/43507] INFO  server.SCMDatanodeProtocolServer (SCMDatanodeProtocolServer.java:start(194)) - ScmDatanodeProtocol RPC server for DataNodes is listening at /0.0.0.0:42039
2023-01-10 01:11:42,379 [IPC Server Responder] INFO  ipc.Server (Server.java:run(1512)) - IPC Server Responder: starting
2023-01-10 01:11:42,379 [IPC Server listener on 0] INFO  ipc.Server (Server.java:run(1352)) - IPC Server listener on 0: starting
2023-01-10 01:11:42,394 [org.apache.hadoop.util.JvmPauseMonitor$Monitor@740fccd2] INFO  util.JvmPauseMonitor (JvmPauseMonitor.java:run(188)) - Starting JVM pause monitor
2023-01-10 01:11:42,411 [Listener at 0.0.0.0/43507] INFO  http.BaseHttpServer (BaseHttpServer.java:newHttpServer2BuilderForOzone(213)) - Starting Web-server for scm at: http://0.0.0.0:0
2023-01-10 01:11:42,412 [Listener at 0.0.0.0/43507] INFO  http.BaseHttpServer (BaseHttpServer.java:<init>(108)) - Hadoop Security Enabled: false Ozone Security Enabled: false Ozone HTTP Security Enabled: false 
2023-01-10 01:11:42,436 [Listener at 0.0.0.0/43507] INFO  util.log (Log.java:initialized(170)) - Logging initialized @4038ms to org.eclipse.jetty.util.log.Slf4jLog
2023-01-10 01:11:42,537 [Listener at 0.0.0.0/43507] WARN  server.AuthenticationFilter (AuthenticationFilter.java:constructSecretProvider(240)) - Unable to initialize FileSignerSecretProvider, falling back to use random secrets. Reason: Could not read signature secret file: /home/runner/hadoop-http-auth-signature-secret
2023-01-10 01:11:42,543 [Listener at 0.0.0.0/43507] WARN  http.HttpRequestLog (HttpRequestLog.java:getRequestLog(103)) - Jetty request log can only be enabled using Log4j
2023-01-10 01:11:42,550 [Listener at 0.0.0.0/43507] INFO  http.HttpServer2 (HttpServer2.java:addGlobalFilter(1031)) - Added global filter 'safety' (class=org.apache.hadoop.hdds.server.http.HttpServer2$QuotingInputFilter)
2023-01-10 01:11:42,552 [Listener at 0.0.0.0/43507] INFO  http.HttpServer2 (HttpServer2.java:addFilter(1007)) - Added filter static_user_filter (class=org.apache.hadoop.http.lib.StaticUserWebFilter$StaticUserFilter) to context scm
2023-01-10 01:11:42,553 [Listener at 0.0.0.0/43507] INFO  http.HttpServer2 (HttpServer2.java:addFilter(1015)) - Added filter static_user_filter (class=org.apache.hadoop.http.lib.StaticUserWebFilter$StaticUserFilter) to context logs
2023-01-10 01:11:42,553 [Listener at 0.0.0.0/43507] INFO  http.HttpServer2 (HttpServer2.java:addFilter(1015)) - Added filter static_user_filter (class=org.apache.hadoop.http.lib.StaticUserWebFilter$StaticUserFilter) to context static
2023-01-10 01:11:42,594 [Listener at 0.0.0.0/43507] INFO  http.HttpServer2 (HttpServer2.java:bindListener(1250)) - Jetty bound to port 45967
2023-01-10 01:11:42,595 [Listener at 0.0.0.0/43507] INFO  server.Server (Server.java:doStart(375)) - jetty-9.4.49.v20220914; built: 2022-09-14T01:07:36.601Z; git: 4231a3b2e4cb8548a412a789936d640a97b1aa0a; jvm 1.8.0_352-b08
2023-01-10 01:11:42,626 [Listener at 0.0.0.0/43507] INFO  server.session (DefaultSessionIdManager.java:doStart(334)) - DefaultSessionIdManager workerName=node0
2023-01-10 01:11:42,626 [Listener at 0.0.0.0/43507] INFO  server.session (DefaultSessionIdManager.java:doStart(339)) - No SessionScavenger set, using defaults
2023-01-10 01:11:42,629 [Listener at 0.0.0.0/43507] INFO  server.session (HouseKeeper.java:startScavenging(132)) - node0 Scavenging every 660000ms
2023-01-10 01:11:42,641 [Listener at 0.0.0.0/43507] INFO  handler.ContextHandler (ContextHandler.java:doStart(921)) - Started o.e.j.s.ServletContextHandler@256c6f7a{logs,/logs,file:///home/runner/work/ozone/ozone/hadoop-ozone/integration-test/target/log,AVAILABLE}
2023-01-10 01:11:42,642 [Listener at 0.0.0.0/43507] INFO  handler.ContextHandler (ContextHandler.java:doStart(921)) - Started o.e.j.s.ServletContextHandler@6e53bb4f{static,/static,file:///home/runner/work/ozone/ozone/hadoop-ozone/integration-test/target/test-classes/webapps/static,AVAILABLE}
2023-01-10 01:11:42,688 [Listener at 0.0.0.0/43507] INFO  handler.ContextHandler (ContextHandler.java:doStart(921)) - Started o.e.j.w.WebAppContext@55731ccd{scm,/,file:///home/runner/work/ozone/ozone/hadoop-ozone/integration-test/target/test-classes/webapps/scm/,AVAILABLE}{file:/home/runner/work/ozone/ozone/hadoop-ozone/integration-test/target/test-classes/webapps/scm}
2023-01-10 01:11:42,696 [Listener at 0.0.0.0/43507] INFO  server.AbstractConnector (AbstractConnector.java:doStart(333)) - Started ServerConnector@7359f3ac{HTTP/1.1, (http/1.1)}{0.0.0.0:45967}
2023-01-10 01:11:42,697 [Listener at 0.0.0.0/43507] INFO  server.Server (Server.java:doStart(415)) - Started @4298ms
2023-01-10 01:11:42,699 [Listener at 0.0.0.0/43507] INFO  impl.MetricsSinkAdapter (MetricsSinkAdapter.java:start(204)) - Sink prometheus started
2023-01-10 01:11:42,699 [Listener at 0.0.0.0/43507] INFO  impl.MetricsSystemImpl (MetricsSystemImpl.java:registerSink(305)) - Registered sink prometheus
2023-01-10 01:11:42,700 [Listener at 0.0.0.0/43507] INFO  http.BaseHttpServer (BaseHttpServer.java:updateConnectorAddress(333)) - HTTP server of scm listening at http://0.0.0.0:45967
2023-01-10 01:11:42,702 [Listener at 0.0.0.0/43507] WARN  server.ServerUtils (ServerUtils.java:getDBPath(225)) - ozone.om.db.dirs is not configured. We recommend adding this setting. Falling back to ozone.metadata.dirs instead.
2023-01-10 01:11:42,757 [Listener at 0.0.0.0/43507] INFO  audit.AuditLogger (AuditLogger.java:refreshDebugCmdSet(126)) - Refresh DebugCmdSet for OMAudit to [].
2023-01-10 01:11:42,844 [Listener at 0.0.0.0/43507] INFO  ha.OMHANodeDetails (OMHANodeDetails.java:loadOMHAConfig(115)) - ozone.om.internal.service.id is not defined, falling back to ozone.om.service.ids to find serviceID for OzoneManager if it is HA enabled cluster
2023-01-10 01:11:42,847 [Listener at 0.0.0.0/43507] INFO  ha.OMHANodeDetails (OMHANodeDetails.java:loadOMHAConfig(226)) - Configuration does not have ozone.om.address set. Falling back to the default OM address /127.0.0.1:0
2023-01-10 01:11:42,848 [Listener at 0.0.0.0/43507] INFO  ha.OMHANodeDetails (OMHANodeDetails.java:getOMNodeDetailsForNonHA(254)) - OM Service ID is not set. Setting it to the default ID: omServiceIdDefault
2023-01-10 01:11:42,848 [Listener at 0.0.0.0/43507] INFO  ha.OMHANodeDetails (OMHANodeDetails.java:getOMNodeDetailsForNonHA(261)) - OM Node ID is not set. Setting it to the default ID: om1
2023-01-10 01:11:42,851 [Listener at 0.0.0.0/43507] WARN  server.ServerUtils (ServerUtils.java:getDBPath(225)) - ozone.om.db.dirs is not configured. We recommend adding this setting. Falling back to ozone.metadata.dirs instead.
2023-01-10 01:11:42,853 [Listener at 0.0.0.0/43507] INFO  upgrade.AbstractLayoutVersionManager (AbstractLayoutVersionManager.java:init(83)) - Initializing Layout version manager with metadata layout = MULTITENANCY_SCHEMA (version = 3), software layout = MULTITENANCY_SCHEMA (version = 3)
2023-01-10 01:11:42,950 [Listener at 0.0.0.0/43507] INFO  reflections.Reflections (Reflections.java:scan(232)) - Reflections took 93 ms to scan 2 urls, producing 155 keys and 428 values [using 2 cores]
2023-01-10 01:11:42,954 [Listener at 0.0.0.0/43507] INFO  upgrade.OMLayoutVersionManager (OMLayoutVersionManager.java:lambda$0(115)) - Skipping Upgrade Action MockOmUpgradeAction since it has been finalized.
2023-01-10 01:11:42,955 [Listener at 0.0.0.0/43507] WARN  server.ServerUtils (ServerUtils.java:getDBPath(225)) - ozone.om.db.dirs is not configured. We recommend adding this setting. Falling back to ozone.metadata.dirs instead.
2023-01-10 01:11:43,100 [Listener at 0.0.0.0/43507] INFO  proxy.SCMBlockLocationFailoverProxyProvider (SCMBlockLocationFailoverProxyProvider.java:<init>(114)) - Created block location fail-over proxy with 1 nodes: [nodeId=scmNodeId,nodeAddress=/0.0.0.0:37049]
2023-01-10 01:11:43,130 [Listener at 0.0.0.0/43507] INFO  proxy.SCMBlockLocationFailoverProxyProvider (SCMBlockLocationFailoverProxyProvider.java:<init>(114)) - Created block location fail-over proxy with 1 nodes: [nodeId=scmNodeId,nodeAddress=/0.0.0.0:37049]
2023-01-10 01:11:43,326 [Listener at 0.0.0.0/43507] WARN  server.ServerUtils (ServerUtils.java:getDBPath(225)) - ozone.om.db.dirs is not configured. We recommend adding this setting. Falling back to ozone.metadata.dirs instead.
2023-01-10 01:11:43,332 [Listener at 0.0.0.0/43507] INFO  codec.OmKeyInfoCodec (OmKeyInfoCodec.java:<init>(49)) - OmKeyInfoCodec ignorePipeline = true
2023-01-10 01:11:43,334 [Listener at 0.0.0.0/43507] INFO  codec.RepeatedOmKeyInfoCodec (RepeatedOmKeyInfoCodec.java:<init>(41)) - RepeatedOmKeyInfoCodec ignorePipeline = true
2023-01-10 01:11:43,519 [Listener at 0.0.0.0/43507] INFO  om.OzoneManager (OzoneManager.java:instantiateServices(716)) - S3 Multi-Tenancy is disabled
2023-01-10 01:11:43,615 [Listener at 0.0.0.0/43507] INFO  om.OzoneManager (OzoneManager.java:addS3GVolumeToDB(4286)) - Created Volume s3v With Owner runner required for S3Gateway operations.
2023-01-10 01:11:43,670 [Listener at 0.0.0.0/43507] WARN  server.ServerUtils (ServerUtils.java:getDefaultRatisDirectory(237)) - Storage directory for Ratis is not configured. It is a good idea to map this to an SSD disk. Falling back to ozone.metadata.dirs
2023-01-10 01:11:43,671 [Listener at 0.0.0.0/43507] WARN  utils.OzoneManagerRatisUtils (OzoneManagerRatisUtils.java:getOMRatisSnapshotDirectory(431)) - ozone.om.ratis.snapshot.dir is not configured. Falling back to ozone.metadata.dirs config
2023-01-10 01:11:43,694 [Listener at 0.0.0.0/43507] WARN  server.ServerUtils (ServerUtils.java:getDefaultRatisDirectory(237)) - Storage directory for Ratis is not configured. It is a good idea to map this to an SSD disk. Falling back to ozone.metadata.dirs
2023-01-10 01:11:43,734 [Listener at 0.0.0.0/43507] INFO  ratis.OzoneManagerRatisServer (OzoneManagerRatisServer.java:<init>(160)) - Instantiating OM Ratis server with groupID: omServiceIdDefault and peers: localhost:9872
2023-01-10 01:11:43,744 [Listener at 0.0.0.0/43507] INFO  ratis.OzoneManagerStateMachine (OzoneManagerStateMachine.java:loadSnapshotInfoFromDB(636)) - LastAppliedIndex is set from TransactionInfo from OM DB as (t:0, i:~)
2023-01-10 01:11:43,799 [Listener at 0.0.0.0/43507] INFO  server.RaftServer (ConfUtils.java:logGet(46)) - raft.rpc.type = GRPC (default)
2023-01-10 01:11:43,886 [Listener at 0.0.0.0/43507] INFO  grpc.GrpcConfigKeys (ConfUtils.java:logFallback(53)) - raft.grpc.admin.host = null (fallback to raft.grpc.server.host)
2023-01-10 01:11:43,888 [Listener at 0.0.0.0/43507] INFO  grpc.GrpcConfigKeys (ConfUtils.java:logFallback(53)) - raft.grpc.admin.port = 9872 (fallback to raft.grpc.server.port)
2023-01-10 01:11:43,890 [Listener at 0.0.0.0/43507] INFO  grpc.GrpcConfigKeys (ConfUtils.java:logFallback(53)) - raft.grpc.client.host = null (fallback to raft.grpc.server.host)
2023-01-10 01:11:43,890 [Listener at 0.0.0.0/43507] INFO  grpc.GrpcConfigKeys (ConfUtils.java:logFallback(53)) - raft.grpc.client.port = 9872 (fallback to raft.grpc.server.port)
2023-01-10 01:11:43,891 [Listener at 0.0.0.0/43507] INFO  grpc.GrpcConfigKeys (ConfUtils.java:logGet(46)) - raft.grpc.server.host = null (default)
2023-01-10 01:11:43,891 [Listener at 0.0.0.0/43507] INFO  grpc.GrpcConfigKeys (ConfUtils.java:logGet(46)) - raft.grpc.server.port = 9872 (custom)
2023-01-10 01:11:43,892 [Listener at 0.0.0.0/43507] INFO  server.GrpcService (ConfUtils.java:logGet(46)) - raft.grpc.message.size.max = 33554432 (custom)
2023-01-10 01:11:43,893 [Listener at 0.0.0.0/43507] INFO  server.RaftServerConfigKeys (ConfUtils.java:logGet(46)) - raft.server.log.appender.buffer.byte-limit = 33554432 (custom)
2023-01-10 01:11:43,894 [Listener at 0.0.0.0/43507] INFO  server.GrpcService (ConfUtils.java:logGet(46)) - raft.grpc.flow.control.window = 1MB (=1048576) (default)
2023-01-10 01:11:43,895 [Listener at 0.0.0.0/43507] INFO  server.RaftServerConfigKeys (ConfUtils.java:logGet(46)) - raft.server.rpc.request.timeout = 3000ms (default)
2023-01-10 01:11:43,910 [Listener at 0.0.0.0/43507] INFO  grpc.GrpcConfigKeys (ConfUtils.java:logGet(46)) - raft.grpc.server.heartbeat.channel = true (default)
2023-01-10 01:11:43,914 [Listener at 0.0.0.0/43507] INFO  grpc.GrpcConfigKeys (ConfUtils.java:logGet(46)) - raft.grpc.server.async.request.thread.pool.cached = true (default)
2023-01-10 01:11:43,915 [Listener at 0.0.0.0/43507] INFO  grpc.GrpcConfigKeys (ConfUtils.java:logGet(46)) - raft.grpc.server.async.request.thread.pool.size = 32 (default)
2023-01-10 01:11:44,210 [Listener at 0.0.0.0/43507] INFO  impl.DataStreamServerImpl (ConfUtils.java:logGet(46)) - raft.datastream.type = NETTY (custom)
2023-01-10 01:11:44,233 [Listener at 0.0.0.0/43507] INFO  server.RaftServerConfigKeys (ConfUtils.java:logGet(46)) - raft.server.data-stream.async.request.thread.pool.cached = false (default)
2023-01-10 01:11:44,234 [Listener at 0.0.0.0/43507] INFO  server.RaftServerConfigKeys (ConfUtils.java:logGet(46)) - raft.server.data-stream.async.request.thread.pool.size = 32 (default)
2023-01-10 01:11:44,235 [Listener at 0.0.0.0/43507] INFO  server.RaftServerConfigKeys (ConfUtils.java:logGet(46)) - raft.server.data-stream.async.write.thread.pool.size = 16 (default)
2023-01-10 01:11:44,236 [Listener at 0.0.0.0/43507] INFO  server.RaftServerConfigKeys (ConfUtils.java:logGet(46)) - raft.server.data-stream.client.pool.size = 10 (default)
2023-01-10 01:11:44,240 [Listener at 0.0.0.0/43507] INFO  netty.NettyConfigKeys$DataStream (ConfUtils.java:logGet(46)) - raft.netty.dataStream.server.use-epoll = false (default)
2023-01-10 01:11:44,241 [Listener at 0.0.0.0/43507] INFO  netty.NettyConfigKeys$DataStream (ConfUtils.java:logGet(46)) - raft.netty.dataStream.server.boss-group.size = 0 (default)
2023-01-10 01:11:44,250 [Listener at 0.0.0.0/43507] INFO  netty.NettyConfigKeys$DataStream (ConfUtils.java:logGet(46)) - raft.netty.dataStream.server.worker-group.size = 0 (default)
2023-01-10 01:11:44,251 [Listener at 0.0.0.0/43507] INFO  netty.NettyConfigKeys$DataStream (ConfUtils.java:logGet(46)) - raft.netty.dataStream.server.tls.conf = null (default)
2023-01-10 01:11:44,252 [Listener at 0.0.0.0/43507] INFO  netty.NettyConfigKeys$DataStream (ConfUtils.java:logGet(46)) - raft.netty.dataStream.host = null (default)
2023-01-10 01:11:44,253 [Listener at 0.0.0.0/43507] INFO  netty.NettyConfigKeys$DataStream (ConfUtils.java:logGet(46)) - raft.netty.dataStream.port = 0 (default)
2023-01-10 01:11:44,308 [Listener at 0.0.0.0/43507] INFO  server.RaftServerConfigKeys (ConfUtils.java:logGet(46)) - raft.server.threadpool.proxy.cached = true (default)
2023-01-10 01:11:44,308 [Listener at 0.0.0.0/43507] INFO  server.RaftServerConfigKeys (ConfUtils.java:logGet(46)) - raft.server.threadpool.proxy.size = 0 (default)
2023-01-10 01:11:44,309 [Listener at 0.0.0.0/43507] INFO  server.RaftServerConfigKeys (ConfUtils.java:logGet(46)) - raft.server.rpc.slowness.timeout = 120s (custom)
2023-01-10 01:11:44,309 [Listener at 0.0.0.0/43507] INFO  server.RaftServerConfigKeys (ConfUtils.java:logGet(46)) - raft.server.leaderelection.leader.step-down.wait-time = 10s (default)
2023-01-10 01:11:44,314 [Listener at 0.0.0.0/43507] INFO  server.RaftServerConfigKeys (ConfUtils.java:logGet(46)) - raft.server.storage.dir = [/home/runner/work/ozone/ozone/hadoop-ozone/integration-test/target/test-dir/MiniOzoneClusterImpl-11329d86-319f-4265-8dbd-04dd0b699e79/ozone-meta/ratis] (custom)
2023-01-10 01:11:44,342 [Listener at 0.0.0.0/43507] INFO  server.RaftServer (RaftServerProxy.java:addNew(96)) - om1: addNew group-C5BA1605619E:[om1|rpc:localhost:9872|priority:0|startupRole:FOLLOWER] returns group-C5BA1605619E:java.util.concurrent.CompletableFuture@53c7c937[Not completed]
2023-01-10 01:11:44,342 [Listener at 0.0.0.0/43507] INFO  om.OzoneManager (OzoneManager.java:initializeRatisServer(1981)) - OzoneManager Ratis server initialized at port 9872
2023-01-10 01:11:44,349 [om1-NettyServerStreamRpc-bossGroup--thread1] INFO  logging.LoggingHandler (AbstractInternalLogger.java:log(148)) - [id: 0xb5df7483] REGISTERED
2023-01-10 01:11:44,377 [om1-NettyServerStreamRpc-bossGroup--thread1] INFO  logging.LoggingHandler (AbstractInternalLogger.java:log(148)) - [id: 0xb5df7483] BIND: 0.0.0.0/0.0.0.0:0
2023-01-10 01:11:44,401 [Listener at 0.0.0.0/43507] INFO  om.OzoneManager (OzoneManager.java:getRpcServer(1106)) - Creating RPC Server
2023-01-10 01:11:44,402 [om1-NettyServerStreamRpc-bossGroup--thread1] INFO  logging.LoggingHandler (AbstractInternalLogger.java:log(148)) - [id: 0xb5df7483, L:/0:0:0:0:0:0:0:0:41591] ACTIVE
2023-01-10 01:11:44,411 [pool-54-thread-1] INFO  server.RaftServer$Division (RaftServerImpl.java:<init>(195)) - om1: new RaftServerImpl for group-C5BA1605619E:[om1|rpc:localhost:9872|priority:0|startupRole:FOLLOWER] with OzoneManagerStateMachine:uninitialized
2023-01-10 01:11:44,413 [pool-54-thread-1] INFO  server.RaftServerConfigKeys (ConfUtils.java:logGet(46)) - raft.server.rpc.timeout.min = 1s (custom)
2023-01-10 01:11:44,414 [pool-54-thread-1] INFO  server.RaftServerConfigKeys (ConfUtils.java:logGet(46)) - raft.server.rpc.timeout.max = 1200ms (custom)
2023-01-10 01:11:44,414 [pool-54-thread-1] INFO  server.RaftServerConfigKeys (ConfUtils.java:logGet(46)) - raft.server.rpc.sleep.time = 25ms (default)
2023-01-10 01:11:44,414 [pool-54-thread-1] INFO  server.RaftServerConfigKeys (ConfUtils.java:logGet(46)) - raft.server.rpc.slowness.timeout = 120s (custom)
2023-01-10 01:11:44,414 [pool-54-thread-1] INFO  server.RaftServerConfigKeys (ConfUtils.java:logGet(46)) - raft.server.leaderelection.leader.step-down.wait-time = 10s (default)
2023-01-10 01:11:44,414 [pool-54-thread-1] INFO  server.RaftServerConfigKeys (ConfUtils.java:logGet(46)) - raft.server.sleep.deviation.threshold = 300ms (default)
2023-01-10 01:11:44,431 [pool-54-thread-1] INFO  server.RaftServer$Division (ServerState.java:<init>(118)) - om1@group-C5BA1605619E: ConfigurationManager, init=-1: peers:[om1|rpc:localhost:9872|priority:0|startupRole:FOLLOWER]|listeners:[], old=null, confs=<EMPTY_MAP>
2023-01-10 01:11:44,431 [pool-54-thread-1] INFO  server.RaftServerConfigKeys (ConfUtils.java:logGet(46)) - raft.server.storage.dir = [/home/runner/work/ozone/ozone/hadoop-ozone/integration-test/target/test-dir/MiniOzoneClusterImpl-11329d86-319f-4265-8dbd-04dd0b699e79/ozone-meta/ratis] (custom)
2023-01-10 01:11:44,441 [pool-54-thread-1] INFO  server.RaftServerConfigKeys (ConfUtils.java:logGet(46)) - raft.server.log.corruption.policy = EXCEPTION (default)
2023-01-10 01:11:44,441 [pool-54-thread-1] INFO  server.RaftServerConfigKeys (ConfUtils.java:logGet(46)) - raft.server.storage.free-space.min = 0MB (=0) (default)
2023-01-10 01:11:44,456 [pool-54-thread-1] INFO  server.RaftServerConfigKeys (ConfUtils.java:logGet(46)) - raft.server.notification.no-leader.timeout = 120s (custom)
2023-01-10 01:11:44,458 [pool-54-thread-1] INFO  server.RaftServerConfigKeys (ConfUtils.java:logGet(46)) - raft.server.retrycache.expirytime = 300s (custom)
2023-01-10 01:11:44,458 [pool-54-thread-1] INFO  server.RaftServerConfigKeys (ConfUtils.java:logGet(46)) - raft.server.retrycache.statistics.expirytime = 100μs (default)
2023-01-10 01:11:44,576 [pool-54-thread-1] INFO  server.RaftServerConfigKeys (ConfUtils.java:logGet(46)) - raft.server.log.appender.install.snapshot.enabled = false (custom)
2023-01-10 01:11:44,576 [pool-54-thread-1] INFO  server.RaftServerConfigKeys (ConfUtils.java:logGet(46)) - raft.server.threadpool.server.cached = true (default)
2023-01-10 01:11:44,578 [pool-54-thread-1] INFO  server.RaftServerConfigKeys (ConfUtils.java:logGet(46)) - raft.server.threadpool.server.size = 0 (default)
2023-01-10 01:11:44,578 [pool-54-thread-1] INFO  server.RaftServerConfigKeys (ConfUtils.java:logGet(46)) - raft.server.threadpool.client.cached = true (default)
2023-01-10 01:11:44,580 [pool-54-thread-1] INFO  server.RaftServerConfigKeys (ConfUtils.java:logGet(46)) - raft.server.threadpool.client.size = 0 (default)
2023-01-10 01:11:45,041 [Listener at 0.0.0.0/43507] INFO  reflections.Reflections (Reflections.java:scan(232)) - Reflections took 556 ms to scan 19 urls, producing 67 keys and 4555 values [using 2 cores]
2023-01-10 01:11:45,360 [Listener at 0.0.0.0/43507] INFO  ipc.CallQueueManager (CallQueueManager.java:<init>(90)) - Using callQueue: class java.util.concurrent.LinkedBlockingQueue, queueCapacity: 2000, scheduler: class org.apache.hadoop.ipc.DefaultRpcScheduler, ipcBackoff: false.
2023-01-10 01:11:45,360 [Socket Reader #1 for port 0] INFO  ipc.Server (Server.java:run(1273)) - Starting Socket Reader #1 for port 0
2023-01-10 01:11:45,397 [Listener at 127.0.0.1/34303] INFO  impl.MetricsSystemImpl (MetricsSystemImpl.java:init(158)) - OzoneManager metrics system started (again)
2023-01-10 01:11:45,413 [Listener at 127.0.0.1/34303] INFO  om.OzoneManager (OzoneManager.java:start(1488)) - OzoneManager RPC server is listening at localhost/127.0.0.1:34303
2023-01-10 01:11:45,413 [Listener at 127.0.0.1/34303] INFO  ratis.OzoneManagerRatisServer (OzoneManagerRatisServer.java:start(555)) - Starting OzoneManagerRatisServer om1 at port 9872
2023-01-10 01:11:45,416 [om1-impl-thread1] INFO  storage.RaftStorageDirectory (RaftStorageDirectoryImpl.java:analyzeStorage(137)) - The storage directory /home/runner/work/ozone/ozone/hadoop-ozone/integration-test/target/test-dir/MiniOzoneClusterImpl-11329d86-319f-4265-8dbd-04dd0b699e79/ozone-meta/ratis/bf265839-605b-3f16-9796-c5ba1605619e does not exist. Creating ...
2023-01-10 01:11:45,420 [om1-impl-thread1] INFO  storage.RaftStorageDirectory (RaftStorageDirectoryImpl.java:tryLock(231)) - Lock on /home/runner/work/ozone/ozone/hadoop-ozone/integration-test/target/test-dir/MiniOzoneClusterImpl-11329d86-319f-4265-8dbd-04dd0b699e79/ozone-meta/ratis/bf265839-605b-3f16-9796-c5ba1605619e/in_use.lock acquired by nodename 10631@fv-az353-623
2023-01-10 01:11:45,426 [om1-impl-thread1] INFO  storage.RaftStorage (RaftStorageImpl.java:format(96)) - Storage directory /home/runner/work/ozone/ozone/hadoop-ozone/integration-test/target/test-dir/MiniOzoneClusterImpl-11329d86-319f-4265-8dbd-04dd0b699e79/ozone-meta/ratis/bf265839-605b-3f16-9796-c5ba1605619e has been successfully formatted.
2023-01-10 01:11:45,428 [om1-impl-thread1] INFO  server.RaftServerConfigKeys (ConfUtils.java:logGet(46)) - raft.server.log.use.memory = false (default)
2023-01-10 01:11:45,435 [om1-impl-thread1] INFO  server.RaftServerConfigKeys (ConfUtils.java:logGet(46)) - raft.server.log.purge.gap = 1000000 (custom)
2023-01-10 01:11:45,436 [om1-impl-thread1] INFO  server.RaftServerConfigKeys (ConfUtils.java:logGet(46)) - raft.server.log.appender.buffer.byte-limit = 33554432 (custom)
2023-01-10 01:11:45,437 [om1-impl-thread1] INFO  server.RaftServerConfigKeys (ConfUtils.java:logGet(46)) - raft.server.log.statemachine.data.read.timeout = 1000ms (default)
2023-01-10 01:11:45,438 [om1-impl-thread1] INFO  server.RaftServerConfigKeys (ConfUtils.java:logGet(46)) - raft.server.log.purge.preservation.log.num = 0 (default)
2023-01-10 01:11:45,440 [om1-impl-thread1] INFO  server.RaftServerConfigKeys (ConfUtils.java:logGet(46)) - raft.server.log.segment.size.max = 4194304 (custom)
2023-01-10 01:11:45,446 [om1-impl-thread1] INFO  server.RaftServerConfigKeys (ConfUtils.java:logGet(46)) - raft.server.log.segment.cache.num.max = 2 (custom)
2023-01-10 01:11:45,446 [om1-impl-thread1] INFO  server.RaftServerConfigKeys (ConfUtils.java:logGet(46)) - raft.server.log.segment.cache.size.max = 200MB (=209715200) (default)
2023-01-10 01:11:45,452 [om1-impl-thread1] INFO  segmented.SegmentedRaftLogWorker (SegmentedRaftLogWorker.java:<init>(189)) - new om1@group-C5BA1605619E-SegmentedRaftLogWorker for RaftStorageImpl:Storage Directory /home/runner/work/ozone/ozone/hadoop-ozone/integration-test/target/test-dir/MiniOzoneClusterImpl-11329d86-319f-4265-8dbd-04dd0b699e79/ozone-meta/ratis/bf265839-605b-3f16-9796-c5ba1605619e
2023-01-10 01:11:45,452 [om1-impl-thread1] INFO  server.RaftServerConfigKeys (ConfUtils.java:logGet(46)) - raft.server.log.queue.byte-limit = 64MB (=67108864) (default)
2023-01-10 01:11:45,453 [om1-impl-thread1] INFO  server.RaftServerConfigKeys (ConfUtils.java:logGet(46)) - raft.server.log.queue.element-limit = 4096 (default)
2023-01-10 01:11:45,454 [om1-impl-thread1] INFO  server.RaftServerConfigKeys (ConfUtils.java:logGet(46)) - raft.server.log.segment.size.max = 4194304 (custom)
2023-01-10 01:11:45,454 [om1-impl-thread1] INFO  server.RaftServerConfigKeys (ConfUtils.java:logGet(46)) - raft.server.log.preallocated.size = 4194304 (custom)
2023-01-10 01:11:45,454 [om1-impl-thread1] INFO  server.RaftServerConfigKeys (ConfUtils.java:logGet(46)) - raft.server.log.force.sync.num = 128 (default)
2023-01-10 01:11:45,455 [om1-impl-thread1] INFO  server.RaftServerConfigKeys (ConfUtils.java:logGet(46)) - raft.server.log.statemachine.data.sync = true (default)
2023-01-10 01:11:45,455 [om1-impl-thread1] INFO  server.RaftServerConfigKeys (ConfUtils.java:logGet(46)) - raft.server.log.statemachine.data.sync.timeout = 10s (default)
2023-01-10 01:11:45,456 [om1-impl-thread1] INFO  server.RaftServerConfigKeys (ConfUtils.java:logGet(46)) - raft.server.log.statemachine.data.sync.timeout.retry = -1 (default)
2023-01-10 01:11:45,464 [om1-impl-thread1] INFO  server.RaftServerConfigKeys (ConfUtils.java:logGet(46)) - raft.server.log.write.buffer.size = 64KB (=65536) (default)
2023-01-10 01:11:45,464 [om1-impl-thread1] INFO  server.RaftServerConfigKeys (ConfUtils.java:logGet(46)) - raft.server.log.appender.buffer.byte-limit = 33554432 (custom)
2023-01-10 01:11:45,469 [om1-impl-thread1] INFO  server.RaftServerConfigKeys (ConfUtils.java:logGet(46)) - raft.server.log.unsafe-flush.enabled = false (default)
2023-01-10 01:11:45,469 [om1-impl-thread1] INFO  server.RaftServerConfigKeys (ConfUtils.java:logGet(46)) - raft.server.log.async-flush.enabled = false (default)
2023-01-10 01:11:45,470 [om1-impl-thread1] INFO  server.RaftServerConfigKeys (ConfUtils.java:logGet(46)) - raft.server.log.statemachine.data.caching.enabled = false (default)
2023-01-10 01:11:45,476 [om1-impl-thread1] INFO  segmented.SegmentedRaftLogWorker (SegmentedRaftLogWorker.java:lambda$new$0(135)) - om1@group-C5BA1605619E-SegmentedRaftLogWorker: flushIndex: setUnconditionally 0 -> -1
2023-01-10 01:11:45,476 [om1-impl-thread1] INFO  segmented.SegmentedRaftLogWorker (SegmentedRaftLogWorker.java:lambda$new$0(135)) - om1@group-C5BA1605619E-SegmentedRaftLogWorker: safeCacheEvictIndex: setUnconditionally 0 -> -1
2023-01-10 01:11:45,478 [om1-impl-thread1] INFO  server.RaftServer$Division (RaftServerImpl.java:start(334)) - om1@group-C5BA1605619E: start as a follower, conf=-1: peers:[om1|rpc:localhost:9872|priority:0|startupRole:FOLLOWER]|listeners:[], old=null
2023-01-10 01:11:45,478 [om1-impl-thread1] INFO  server.RaftServer$Division (RaftServerImpl.java:setRole(321)) - om1@group-C5BA1605619E: changes role from      null to FOLLOWER at term 0 for startAsFollower
2023-01-10 01:11:45,480 [om1-impl-thread1] INFO  impl.RoleInfo (RoleInfo.java:updateAndGet(139)) - om1: start om1@group-C5BA1605619E-FollowerState
2023-01-10 01:11:45,481 [om1-impl-thread1] INFO  util.JmxRegister (JmxRegister.java:tryRegister(44)) - Successfully registered JMX Bean with object name Ratis:service=RaftServer,group=group-C5BA1605619E,id=om1
2023-01-10 01:11:45,483 [om1-impl-thread1] INFO  server.RaftServerConfigKeys (ConfUtils.java:logGet(46)) - raft.server.snapshot.auto.trigger.enabled = true (custom)
2023-01-10 01:11:45,484 [om1-impl-thread1] INFO  server.RaftServerConfigKeys (ConfUtils.java:logGet(46)) - raft.server.snapshot.auto.trigger.threshold = 400000 (default)
2023-01-10 01:11:45,484 [om1-impl-thread1] INFO  server.RaftServerConfigKeys (ConfUtils.java:logGet(46)) - raft.server.snapshot.retention.file.num = -1 (default)
2023-01-10 01:11:45,485 [om1-impl-thread1] INFO  server.RaftServerConfigKeys (ConfUtils.java:logGet(46)) - raft.server.log.purge.upto.snapshot.index = true (custom)
2023-01-10 01:11:45,487 [om1@group-C5BA1605619E-FollowerState] INFO  server.RaftServerConfigKeys (ConfUtils.java:logFallback(53)) - raft.server.rpc.first-election.timeout.min = 1s (fallback to raft.server.rpc.timeout.min)
2023-01-10 01:11:45,487 [om1@group-C5BA1605619E-FollowerState] INFO  server.RaftServerConfigKeys (ConfUtils.java:logFallback(53)) - raft.server.rpc.first-election.timeout.max = 1200ms (fallback to raft.server.rpc.timeout.max)
2023-01-10 01:11:45,489 [Listener at 127.0.0.1/34303] INFO  server.RaftServer (RaftServerProxy.java:startImpl(393)) - om1: start RPC server
2023-01-10 01:11:45,508 [Listener at 127.0.0.1/34303] INFO  server.GrpcService (GrpcService.java:startImpl(262)) - om1: GrpcService started, listening on 9872
2023-01-10 01:11:45,511 [JvmPauseMonitor0] INFO  util.JvmPauseMonitor (JvmPauseMonitor.java:run(105)) - JvmPauseMonitor-om1: Started
2023-01-10 01:11:45,512 [Listener at 127.0.0.1/34303] INFO  om.OzoneManager (OzoneManager.java:start(1504)) - Version File has different layout version (3) than OM DB (null). That is expected if this OM has never been finalized to a newer layout version.
2023-01-10 01:11:45,525 [Listener at 127.0.0.1/34303] INFO  http.BaseHttpServer (BaseHttpServer.java:newHttpServer2BuilderForOzone(213)) - Starting Web-server for ozoneManager at: http://0.0.0.0:0
2023-01-10 01:11:45,525 [Listener at 127.0.0.1/34303] INFO  http.BaseHttpServer (BaseHttpServer.java:<init>(108)) - Hadoop Security Enabled: false Ozone Security Enabled: false Ozone HTTP Security Enabled: false 
2023-01-10 01:11:45,526 [Listener at 127.0.0.1/34303] WARN  server.AuthenticationFilter (AuthenticationFilter.java:constructSecretProvider(240)) - Unable to initialize FileSignerSecretProvider, falling back to use random secrets. Reason: Could not read signature secret file: /home/runner/hadoop-http-auth-signature-secret
2023-01-10 01:11:45,528 [Listener at 127.0.0.1/34303] WARN  http.HttpRequestLog (HttpRequestLog.java:getRequestLog(103)) - Jetty request log can only be enabled using Log4j
2023-01-10 01:11:45,530 [Listener at 127.0.0.1/34303] INFO  http.HttpServer2 (HttpServer2.java:addGlobalFilter(1031)) - Added global filter 'safety' (class=org.apache.hadoop.hdds.server.http.HttpServer2$QuotingInputFilter)
2023-01-10 01:11:45,532 [Listener at 127.0.0.1/34303] INFO  http.HttpServer2 (HttpServer2.java:addFilter(1007)) - Added filter static_user_filter (class=org.apache.hadoop.http.lib.StaticUserWebFilter$StaticUserFilter) to context ozoneManager
2023-01-10 01:11:45,532 [Listener at 127.0.0.1/34303] INFO  http.HttpServer2 (HttpServer2.java:addFilter(1015)) - Added filter static_user_filter (class=org.apache.hadoop.http.lib.StaticUserWebFilter$StaticUserFilter) to context logs
2023-01-10 01:11:45,532 [Listener at 127.0.0.1/34303] INFO  http.HttpServer2 (HttpServer2.java:addFilter(1015)) - Added filter static_user_filter (class=org.apache.hadoop.http.lib.StaticUserWebFilter$StaticUserFilter) to context static
2023-01-10 01:11:45,536 [Listener at 127.0.0.1/34303] INFO  http.HttpServer2 (HttpServer2.java:bindListener(1250)) - Jetty bound to port 37699
2023-01-10 01:11:45,536 [Listener at 127.0.0.1/34303] INFO  server.Server (Server.java:doStart(375)) - jetty-9.4.49.v20220914; built: 2022-09-14T01:07:36.601Z; git: 4231a3b2e4cb8548a412a789936d640a97b1aa0a; jvm 1.8.0_352-b08
2023-01-10 01:11:45,538 [Listener at 127.0.0.1/34303] INFO  server.session (DefaultSessionIdManager.java:doStart(334)) - DefaultSessionIdManager workerName=node0
2023-01-10 01:11:45,539 [Listener at 127.0.0.1/34303] INFO  server.session (DefaultSessionIdManager.java:doStart(339)) - No SessionScavenger set, using defaults
2023-01-10 01:11:45,539 [Listener at 127.0.0.1/34303] INFO  server.session (HouseKeeper.java:startScavenging(132)) - node0 Scavenging every 600000ms
2023-01-10 01:11:45,540 [Listener at 127.0.0.1/34303] INFO  handler.ContextHandler (ContextHandler.java:doStart(921)) - Started o.e.j.s.ServletContextHandler@1f01f8d1{logs,/logs,file:///home/runner/work/ozone/ozone/hadoop-ozone/integration-test/target/log,AVAILABLE}
2023-01-10 01:11:45,541 [Listener at 127.0.0.1/34303] INFO  handler.ContextHandler (ContextHandler.java:doStart(921)) - Started o.e.j.s.ServletContextHandler@368352c0{static,/static,file:///home/runner/work/ozone/ozone/hadoop-ozone/integration-test/target/test-classes/webapps/static,AVAILABLE}
2023-01-10 01:11:45,547 [Listener at 127.0.0.1/34303] INFO  handler.ContextHandler (ContextHandler.java:doStart(921)) - Started o.e.j.w.WebAppContext@32631b50{ozoneManager,/,file:///home/runner/work/ozone/ozone/hadoop-ozone/integration-test/target/test-classes/webapps/ozoneManager/,AVAILABLE}{file:/home/runner/work/ozone/ozone/hadoop-ozone/integration-test/target/test-classes/webapps/ozoneManager}
2023-01-10 01:11:45,549 [Listener at 127.0.0.1/34303] INFO  server.AbstractConnector (AbstractConnector.java:doStart(333)) - Started ServerConnector@488e27f3{HTTP/1.1, (http/1.1)}{0.0.0.0:37699}
2023-01-10 01:11:45,549 [Listener at 127.0.0.1/34303] INFO  server.Server (Server.java:doStart(415)) - Started @7151ms
2023-01-10 01:11:45,549 [Listener at 127.0.0.1/34303] WARN  impl.MetricsSystemImpl (MetricsSystemImpl.java:register(279)) - Sink prometheus already exists!
2023-01-10 01:11:45,550 [Listener at 127.0.0.1/34303] INFO  http.BaseHttpServer (BaseHttpServer.java:updateConnectorAddress(333)) - HTTP server of ozoneManager listening at http://0.0.0.0:37699
2023-01-10 01:11:45,550 [IPC Server Responder] INFO  ipc.Server (Server.java:run(1512)) - IPC Server Responder: starting
2023-01-10 01:11:45,551 [IPC Server listener on 0] INFO  ipc.Server (Server.java:run(1352)) - IPC Server listener on 0: starting
2023-01-10 01:11:45,554 [Listener at 127.0.0.1/34303] INFO  om.OzoneManager (OzoneManager.java:startTrashEmptier(1925)) - Trash Interval set to 0. Files deleted won't move to trash
2023-01-10 01:11:45,567 [org.apache.hadoop.util.JvmPauseMonitor$Monitor@4061455] INFO  util.JvmPauseMonitor (JvmPauseMonitor.java:run(188)) - Starting JVM pause monitor
2023-01-10 01:11:45,707 [Listener at 127.0.0.1/34303] WARN  impl.MetricRegistriesImpl (MetricRegistriesImpl.java:addReporterRegistration(111)) - New reporters are added after registries were created. Some metrics will be missing from the reporter. Please add reporter before adding any new registry.
2023-01-10 01:11:45,707 [Listener at 127.0.0.1/34303] WARN  impl.MetricRegistriesImpl (MetricRegistriesImpl.java:addReporterRegistration(111)) - New reporters are added after registries were created. Some metrics will be missing from the reporter. Please add reporter before adding any new registry.
2023-01-10 01:11:45,707 [Listener at 127.0.0.1/34303] INFO  impl.MetricsSystemImpl (MetricsSystemImpl.java:init(158)) - HddsDatanode metrics system started (again)
2023-01-10 01:11:45,726 [Listener at 127.0.0.1/34303] INFO  ozone.HddsDatanodeService (HddsDatanodeService.java:start(228)) - HddsDatanodeService host:fv-az353-623.tkyx2seitsuu3nmpmouz2httfb.bx.internal.cloudapp.net ip:10.1.0.24
2023-01-10 01:11:45,767 [Listener at 127.0.0.1/34303] INFO  upgrade.AbstractLayoutVersionManager (AbstractLayoutVersionManager.java:init(83)) - Initializing Layout version manager with metadata layout = DATANODE_SCHEMA_V3 (version = 4), software layout = DATANODE_SCHEMA_V3 (version = 4)
2023-01-10 01:11:45,818 [Listener at 127.0.0.1/34303] INFO  reflections.Reflections (Reflections.java:scan(232)) - Reflections took 47 ms to scan 7 urls, producing 146 keys and 350 values 
2023-01-10 01:11:45,825 [Listener at 127.0.0.1/34303] INFO  statemachine.DatanodeStateMachine (DatanodeStateMachine.java:getEndPointTaskThreadPoolSize(248)) - Datanode State Machine Task Thread Pool size 2
2023-01-10 01:11:45,889 [Listener at 127.0.0.1/34303] INFO  volume.HddsVolume (HddsVolume.java:<init>(117)) - Creating HddsVolume: /home/runner/work/ozone/ozone/hadoop-ozone/integration-test/target/test-dir/MiniOzoneClusterImpl-11329d86-319f-4265-8dbd-04dd0b699e79/datanode-0/data-0/containers/hdds of storage type : DISK capacity : 9223372036854775807
2023-01-10 01:11:45,891 [Listener at 127.0.0.1/34303] INFO  volume.MutableVolumeSet (MutableVolumeSet.java:initializeVolumeSet(174)) - Added Volume : /home/runner/work/ozone/ozone/hadoop-ozone/integration-test/target/test-dir/MiniOzoneClusterImpl-11329d86-319f-4265-8dbd-04dd0b699e79/datanode-0/data-0/containers/hdds to VolumeSet
2023-01-10 01:11:45,892 [Listener at 127.0.0.1/34303] INFO  volume.ThrottledAsyncChecker (ThrottledAsyncChecker.java:schedule(141)) - Scheduling a check for /home/runner/work/ozone/ozone/hadoop-ozone/integration-test/target/test-dir/MiniOzoneClusterImpl-11329d86-319f-4265-8dbd-04dd0b699e79/datanode-0/data-0/containers/hdds
2023-01-10 01:11:45,908 [Listener at 127.0.0.1/34303] INFO  volume.StorageVolumeChecker (StorageVolumeChecker.java:checkAllVolumes(202)) - Scheduled health check for volume /home/runner/work/ozone/ozone/hadoop-ozone/integration-test/target/test-dir/MiniOzoneClusterImpl-11329d86-319f-4265-8dbd-04dd0b699e79/datanode-0/data-0/containers/hdds
2023-01-10 01:11:45,927 [Listener at 127.0.0.1/34303] INFO  volume.MutableVolumeSet (MutableVolumeSet.java:initializeVolumeSet(174)) - Added Volume : /home/runner/work/ozone/ozone/hadoop-ozone/integration-test/target/test-dir/MiniOzoneClusterImpl-11329d86-319f-4265-8dbd-04dd0b699e79/datanode-0/data/ratis to VolumeSet
2023-01-10 01:11:45,928 [Listener at 127.0.0.1/34303] INFO  volume.ThrottledAsyncChecker (ThrottledAsyncChecker.java:schedule(141)) - Scheduling a check for /home/runner/work/ozone/ozone/hadoop-ozone/integration-test/target/test-dir/MiniOzoneClusterImpl-11329d86-319f-4265-8dbd-04dd0b699e79/datanode-0/data/ratis
2023-01-10 01:11:45,928 [Listener at 127.0.0.1/34303] INFO  volume.StorageVolumeChecker (StorageVolumeChecker.java:checkAllVolumes(202)) - Scheduled health check for volume /home/runner/work/ozone/ozone/hadoop-ozone/integration-test/target/test-dir/MiniOzoneClusterImpl-11329d86-319f-4265-8dbd-04dd0b699e79/datanode-0/data/ratis
2023-01-10 01:11:45,956 [Thread-136] INFO  ozoneimpl.ContainerReader (ContainerReader.java:readVolume(175)) - Finish verifying containers on volume /home/runner/work/ozone/ozone/hadoop-ozone/integration-test/target/test-dir/MiniOzoneClusterImpl-11329d86-319f-4265-8dbd-04dd0b699e79/datanode-0/data-0/containers/hdds
2023-01-10 01:11:45,956 [Listener at 127.0.0.1/34303] INFO  ozoneimpl.OzoneContainer (OzoneContainer.java:buildContainerSet(301)) - Build ContainerSet costs 0s
2023-01-10 01:11:46,007 [Listener at 127.0.0.1/34303] INFO  audit.AuditLogger (AuditLogger.java:refreshDebugCmdSet(126)) - Refresh DebugCmdSet for DNAudit to [].
2023-01-10 01:11:46,036 [Listener at 127.0.0.1/34303] INFO  server.RaftServer (ConfUtils.java:logGet(46)) - raft.rpc.type = GRPC (default)
2023-01-10 01:11:46,038 [Listener at 127.0.0.1/34303] INFO  grpc.GrpcConfigKeys (ConfUtils.java:logFallback(53)) - raft.grpc.admin.host = null (fallback to raft.grpc.server.host)
2023-01-10 01:11:46,039 [Listener at 127.0.0.1/34303] INFO  grpc.GrpcConfigKeys (ConfUtils.java:logGet(46)) - raft.grpc.admin.port = 0 (custom)
2023-01-10 01:11:46,043 [Listener at 127.0.0.1/34303] INFO  grpc.GrpcConfigKeys (ConfUtils.java:logFallback(53)) - raft.grpc.client.host = null (fallback to raft.grpc.server.host)
2023-01-10 01:11:46,044 [Listener at 127.0.0.1/34303] INFO  grpc.GrpcConfigKeys (ConfUtils.java:logGet(46)) - raft.grpc.client.port = 0 (custom)
2023-01-10 01:11:46,044 [Listener at 127.0.0.1/34303] INFO  grpc.GrpcConfigKeys (ConfUtils.java:logGet(46)) - raft.grpc.server.host = null (default)
2023-01-10 01:11:46,045 [Listener at 127.0.0.1/34303] INFO  grpc.GrpcConfigKeys (ConfUtils.java:logGet(46)) - raft.grpc.server.port = 0 (default)
2023-01-10 01:11:46,046 [Listener at 127.0.0.1/34303] INFO  server.GrpcService (ConfUtils.java:logGet(46)) - raft.grpc.message.size.max = 32MB (=33554432) (custom)
2023-01-10 01:11:46,046 [Listener at 127.0.0.1/34303] INFO  server.RaftServerConfigKeys (ConfUtils.java:logGet(46)) - raft.server.log.appender.buffer.byte-limit = 33554432 (custom)
2023-01-10 01:11:46,046 [Listener at 127.0.0.1/34303] INFO  server.GrpcService (ConfUtils.java:logGet(46)) - raft.grpc.flow.control.window = 5MB (=5242880) (custom)
2023-01-10 01:11:46,046 [Listener at 127.0.0.1/34303] INFO  server.RaftServerConfigKeys (ConfUtils.java:logGet(46)) - raft.server.rpc.request.timeout = 60s (custom)
2023-01-10 01:11:46,046 [Listener at 127.0.0.1/34303] INFO  grpc.GrpcConfigKeys (ConfUtils.java:logGet(46)) - raft.grpc.server.heartbeat.channel = true (default)
2023-01-10 01:11:46,046 [Listener at 127.0.0.1/34303] INFO  grpc.GrpcConfigKeys (ConfUtils.java:logGet(46)) - raft.grpc.server.async.request.thread.pool.cached = true (default)
2023-01-10 01:11:46,047 [Listener at 127.0.0.1/34303] INFO  grpc.GrpcConfigKeys (ConfUtils.java:logGet(46)) - raft.grpc.server.async.request.thread.pool.size = 32 (default)
2023-01-10 01:11:46,050 [Listener at 127.0.0.1/34303] INFO  impl.DataStreamServerImpl (ConfUtils.java:logGet(46)) - raft.datastream.type = NETTY (custom)
2023-01-10 01:11:46,050 [Listener at 127.0.0.1/34303] INFO  server.RaftServerConfigKeys (ConfUtils.java:logGet(46)) - raft.server.data-stream.async.request.thread.pool.cached = false (default)
2023-01-10 01:11:46,050 [Listener at 127.0.0.1/34303] INFO  server.RaftServerConfigKeys (ConfUtils.java:logGet(46)) - raft.server.data-stream.async.request.thread.pool.size = 20 (custom)
2023-01-10 01:11:46,051 [Listener at 127.0.0.1/34303] INFO  server.RaftServerConfigKeys (ConfUtils.java:logGet(46)) - raft.server.data-stream.async.write.thread.pool.size = 16 (default)
2023-01-10 01:11:46,051 [Listener at 127.0.0.1/34303] INFO  server.RaftServerConfigKeys (ConfUtils.java:logGet(46)) - raft.server.data-stream.client.pool.size = 10 (default)
2023-01-10 01:11:46,051 [Listener at 127.0.0.1/34303] INFO  netty.NettyConfigKeys$DataStream (ConfUtils.java:logGet(46)) - raft.netty.dataStream.server.use-epoll = false (default)
2023-01-10 01:11:46,051 [Listener at 127.0.0.1/34303] INFO  netty.NettyConfigKeys$DataStream (ConfUtils.java:logGet(46)) - raft.netty.dataStream.server.boss-group.size = 0 (default)
2023-01-10 01:11:46,052 [Listener at 127.0.0.1/34303] INFO  netty.NettyConfigKeys$DataStream (ConfUtils.java:logGet(46)) - raft.netty.dataStream.server.worker-group.size = 0 (default)
2023-01-10 01:11:46,066 [Listener at 127.0.0.1/34303] INFO  netty.NettyConfigKeys$DataStream (ConfUtils.java:logGet(46)) - raft.netty.dataStream.server.tls.conf = null (default)
2023-01-10 01:11:46,066 [Listener at 127.0.0.1/34303] INFO  netty.NettyConfigKeys$DataStream (ConfUtils.java:logGet(46)) - raft.netty.dataStream.host = null (default)
2023-01-10 01:11:46,066 [Listener at 127.0.0.1/34303] INFO  netty.NettyConfigKeys$DataStream (ConfUtils.java:logGet(46)) - raft.netty.dataStream.port = 0 (default)
2023-01-10 01:11:46,066 [Listener at 127.0.0.1/34303] INFO  server.RaftServerConfigKeys (ConfUtils.java:logGet(46)) - raft.server.threadpool.proxy.cached = true (default)
2023-01-10 01:11:46,067 [Listener at 127.0.0.1/34303] INFO  server.RaftServerConfigKeys (ConfUtils.java:logGet(46)) - raft.server.threadpool.proxy.size = 0 (default)
2023-01-10 01:11:46,067 [Listener at 127.0.0.1/34303] INFO  server.RaftServerConfigKeys (ConfUtils.java:logGet(46)) - raft.server.rpc.slowness.timeout = 300s (custom)
2023-01-10 01:11:46,067 [Listener at 127.0.0.1/34303] INFO  server.RaftServerConfigKeys (ConfUtils.java:logGet(46)) - raft.server.leaderelection.leader.step-down.wait-time = 10s (default)
2023-01-10 01:11:46,067 [Listener at 127.0.0.1/34303] INFO  server.RaftServerConfigKeys (ConfUtils.java:logGet(46)) - raft.server.storage.dir = [/home/runner/work/ozone/ozone/hadoop-ozone/integration-test/target/test-dir/MiniOzoneClusterImpl-11329d86-319f-4265-8dbd-04dd0b699e79/datanode-0/data/ratis] (custom)
2023-01-10 01:11:46,071 [9684d5c9-574d-4083-afb3-2b5a0b78eb45-NettyServerStreamRpc-bossGroup--thread1] INFO  logging.LoggingHandler (AbstractInternalLogger.java:log(148)) - [id: 0x04b55533] REGISTERED
2023-01-10 01:11:46,077 [9684d5c9-574d-4083-afb3-2b5a0b78eb45-NettyServerStreamRpc-bossGroup--thread1] INFO  logging.LoggingHandler (AbstractInternalLogger.java:log(148)) - [id: 0x04b55533] BIND: 0.0.0.0/0.0.0.0:0
2023-01-10 01:11:46,077 [9684d5c9-574d-4083-afb3-2b5a0b78eb45-NettyServerStreamRpc-bossGroup--thread1] INFO  logging.LoggingHandler (AbstractInternalLogger.java:log(148)) - [id: 0x04b55533, L:/0:0:0:0:0:0:0:0:35443] ACTIVE
2023-01-10 01:11:46,092 [Listener at 127.0.0.1/34303] INFO  server.XceiverServerGrpc (XceiverServerGrpc.java:<init>(132)) - GrpcServer channel type EpollServerSocketChannel
2023-01-10 01:11:46,158 [Listener at 127.0.0.1/34303] INFO  http.BaseHttpServer (BaseHttpServer.java:newHttpServer2BuilderForOzone(213)) - Starting Web-server for hddsDatanode at: http://0.0.0.0:0
2023-01-10 01:11:46,158 [Listener at 127.0.0.1/34303] INFO  http.BaseHttpServer (BaseHttpServer.java:<init>(108)) - Hadoop Security Enabled: false Ozone Security Enabled: false Ozone HTTP Security Enabled: false 
2023-01-10 01:11:46,160 [Listener at 127.0.0.1/34303] WARN  server.AuthenticationFilter (AuthenticationFilter.java:constructSecretProvider(240)) - Unable to initialize FileSignerSecretProvider, falling back to use random secrets. Reason: Could not read signature secret file: /home/runner/hadoop-http-auth-signature-secret
2023-01-10 01:11:46,162 [Listener at 127.0.0.1/34303] WARN  http.HttpRequestLog (HttpRequestLog.java:getRequestLog(103)) - Jetty request log can only be enabled using Log4j
2023-01-10 01:11:46,163 [Listener at 127.0.0.1/34303] INFO  http.HttpServer2 (HttpServer2.java:addGlobalFilter(1031)) - Added global filter 'safety' (class=org.apache.hadoop.hdds.server.http.HttpServer2$QuotingInputFilter)
2023-01-10 01:11:46,164 [Listener at 127.0.0.1/34303] INFO  http.HttpServer2 (HttpServer2.java:addFilter(1007)) - Added filter static_user_filter (class=org.apache.hadoop.http.lib.StaticUserWebFilter$StaticUserFilter) to context hddsDatanode
2023-01-10 01:11:46,164 [Listener at 127.0.0.1/34303] INFO  http.HttpServer2 (HttpServer2.java:addFilter(1015)) - Added filter static_user_filter (class=org.apache.hadoop.http.lib.StaticUserWebFilter$StaticUserFilter) to context logs
2023-01-10 01:11:46,164 [Listener at 127.0.0.1/34303] INFO  http.HttpServer2 (HttpServer2.java:addFilter(1015)) - Added filter static_user_filter (class=org.apache.hadoop.http.lib.StaticUserWebFilter$StaticUserFilter) to context static
2023-01-10 01:11:46,165 [Listener at 127.0.0.1/34303] INFO  http.HttpServer2 (HttpServer2.java:bindListener(1250)) - Jetty bound to port 46703
2023-01-10 01:11:46,165 [Listener at 127.0.0.1/34303] INFO  server.Server (Server.java:doStart(375)) - jetty-9.4.49.v20220914; built: 2022-09-14T01:07:36.601Z; git: 4231a3b2e4cb8548a412a789936d640a97b1aa0a; jvm 1.8.0_352-b08
2023-01-10 01:11:46,172 [Listener at 127.0.0.1/34303] INFO  server.session (DefaultSessionIdManager.java:doStart(334)) - DefaultSessionIdManager workerName=node0
2023-01-10 01:11:46,172 [Listener at 127.0.0.1/34303] INFO  server.session (DefaultSessionIdManager.java:doStart(339)) - No SessionScavenger set, using defaults
2023-01-10 01:11:46,172 [Listener at 127.0.0.1/34303] INFO  server.session (HouseKeeper.java:startScavenging(132)) - node0 Scavenging every 660000ms
2023-01-10 01:11:46,173 [Listener at 127.0.0.1/34303] INFO  handler.ContextHandler (ContextHandler.java:doStart(921)) - Started o.e.j.s.ServletContextHandler@437b23c4{logs,/logs,file:///home/runner/work/ozone/ozone/hadoop-ozone/integration-test/target/log,AVAILABLE}
2023-01-10 01:11:46,174 [Listener at 127.0.0.1/34303] INFO  handler.ContextHandler (ContextHandler.java:doStart(921)) - Started o.e.j.s.ServletContextHandler@61f0499f{static,/static,jar:file:/home/runner/.m2/repository/org/apache/ozone/hdds-container-service/1.4.0-SNAPSHOT/hdds-container-service-1.4.0-SNAPSHOT.jar!/webapps/static,AVAILABLE}
2023-01-10 01:11:46,370 [Listener at 127.0.0.1/34303] INFO  handler.ContextHandler (ContextHandler.java:doStart(921)) - Started o.e.j.w.WebAppContext@403f5628{hddsDatanode,/,file:///tmp/jetty-0_0_0_0-46703-hdds-container-service-1_4_0-SNAPSHOT_jar-_-any-4338943556234524245/webapp/,AVAILABLE}{jar:file:/home/runner/.m2/repository/org/apache/ozone/hdds-container-service/1.4.0-SNAPSHOT/hdds-container-service-1.4.0-SNAPSHOT.jar!/webapps/hddsDatanode}
2023-01-10 01:11:46,372 [Listener at 127.0.0.1/34303] INFO  server.AbstractConnector (AbstractConnector.java:doStart(333)) - Started ServerConnector@4c9d87ff{HTTP/1.1, (http/1.1)}{0.0.0.0:46703}
2023-01-10 01:11:46,372 [Listener at 127.0.0.1/34303] INFO  server.Server (Server.java:doStart(415)) - Started @7974ms
2023-01-10 01:11:46,372 [Listener at 127.0.0.1/34303] WARN  impl.MetricsSystemImpl (MetricsSystemImpl.java:register(279)) - Sink prometheus already exists!
2023-01-10 01:11:46,373 [Listener at 127.0.0.1/34303] INFO  http.BaseHttpServer (BaseHttpServer.java:updateConnectorAddress(333)) - HTTP server of hddsDatanode listening at http://0.0.0.0:46703
2023-01-10 01:11:46,378 [Listener at 127.0.0.1/34303] WARN  impl.MetricRegistriesImpl (MetricRegistriesImpl.java:addReporterRegistration(111)) - New reporters are added after registries were created. Some metrics will be missing from the reporter. Please add reporter before adding any new registry.
2023-01-10 01:11:46,378 [Listener at 127.0.0.1/34303] WARN  impl.MetricRegistriesImpl (MetricRegistriesImpl.java:addReporterRegistration(111)) - New reporters are added after registries were created. Some metrics will be missing from the reporter. Please add reporter before adding any new registry.
2023-01-10 01:11:46,378 [Listener at 127.0.0.1/34303] INFO  impl.MetricsSystemImpl (MetricsSystemImpl.java:init(158)) - HddsDatanode metrics system started (again)
2023-01-10 01:11:46,386 [Datanode State Machine Daemon Thread] INFO  statemachine.DatanodeStateMachine (DatanodeStateMachine.java:lambda$startDaemon$0(508)) - Ozone container server started.
2023-01-10 01:11:46,408 [org.apache.hadoop.util.JvmPauseMonitor$Monitor@5eab4cbf] INFO  util.JvmPauseMonitor (JvmPauseMonitor.java:run(188)) - Starting JVM pause monitor
2023-01-10 01:11:46,410 [Listener at 127.0.0.1/34303] INFO  ozone.HddsDatanodeService (HddsDatanodeService.java:start(228)) - HddsDatanodeService host:fv-az353-623.tkyx2seitsuu3nmpmouz2httfb.bx.internal.cloudapp.net ip:10.1.0.24
2023-01-10 01:11:46,439 [Listener at 127.0.0.1/34303] INFO  upgrade.AbstractLayoutVersionManager (AbstractLayoutVersionManager.java:init(83)) - Initializing Layout version manager with metadata layout = DATANODE_SCHEMA_V3 (version = 4), software layout = DATANODE_SCHEMA_V3 (version = 4)
2023-01-10 01:11:46,491 [Listener at 127.0.0.1/34303] INFO  reflections.Reflections (Reflections.java:scan(232)) - Reflections took 50 ms to scan 7 urls, producing 146 keys and 350 values 
2023-01-10 01:11:46,495 [Listener at 127.0.0.1/34303] INFO  statemachine.DatanodeStateMachine (DatanodeStateMachine.java:getEndPointTaskThreadPoolSize(248)) - Datanode State Machine Task Thread Pool size 2
2023-01-10 01:11:46,497 [Listener at 127.0.0.1/34303] INFO  volume.HddsVolume (HddsVolume.java:<init>(117)) - Creating HddsVolume: /home/runner/work/ozone/ozone/hadoop-ozone/integration-test/target/test-dir/MiniOzoneClusterImpl-11329d86-319f-4265-8dbd-04dd0b699e79/datanode-1/data-0/containers/hdds of storage type : DISK capacity : 9223372036854775807
2023-01-10 01:11:46,497 [Listener at 127.0.0.1/34303] INFO  volume.MutableVolumeSet (MutableVolumeSet.java:initializeVolumeSet(174)) - Added Volume : /home/runner/work/ozone/ozone/hadoop-ozone/integration-test/target/test-dir/MiniOzoneClusterImpl-11329d86-319f-4265-8dbd-04dd0b699e79/datanode-1/data-0/containers/hdds to VolumeSet
2023-01-10 01:11:46,498 [Listener at 127.0.0.1/34303] INFO  volume.ThrottledAsyncChecker (ThrottledAsyncChecker.java:schedule(141)) - Scheduling a check for /home/runner/work/ozone/ozone/hadoop-ozone/integration-test/target/test-dir/MiniOzoneClusterImpl-11329d86-319f-4265-8dbd-04dd0b699e79/datanode-1/data-0/containers/hdds
2023-01-10 01:11:46,501 [Listener at 127.0.0.1/34303] INFO  volume.StorageVolumeChecker (StorageVolumeChecker.java:checkAllVolumes(202)) - Scheduled health check for volume /home/runner/work/ozone/ozone/hadoop-ozone/integration-test/target/test-dir/MiniOzoneClusterImpl-11329d86-319f-4265-8dbd-04dd0b699e79/datanode-1/data-0/containers/hdds
2023-01-10 01:11:46,518 [Listener at 127.0.0.1/34303] INFO  volume.MutableVolumeSet (MutableVolumeSet.java:initializeVolumeSet(174)) - Added Volume : /home/runner/work/ozone/ozone/hadoop-ozone/integration-test/target/test-dir/MiniOzoneClusterImpl-11329d86-319f-4265-8dbd-04dd0b699e79/datanode-1/data/ratis to VolumeSet
2023-01-10 01:11:46,519 [Listener at 127.0.0.1/34303] INFO  volume.ThrottledAsyncChecker (ThrottledAsyncChecker.java:schedule(141)) - Scheduling a check for /home/runner/work/ozone/ozone/hadoop-ozone/integration-test/target/test-dir/MiniOzoneClusterImpl-11329d86-319f-4265-8dbd-04dd0b699e79/datanode-1/data/ratis
2023-01-10 01:11:46,519 [Listener at 127.0.0.1/34303] INFO  volume.StorageVolumeChecker (StorageVolumeChecker.java:checkAllVolumes(202)) - Scheduled health check for volume /home/runner/work/ozone/ozone/hadoop-ozone/integration-test/target/test-dir/MiniOzoneClusterImpl-11329d86-319f-4265-8dbd-04dd0b699e79/datanode-1/data/ratis
2023-01-10 01:11:46,530 [om1@group-C5BA1605619E-FollowerState] INFO  impl.FollowerState (FollowerState.java:run(143)) - om1@group-C5BA1605619E-FollowerState: change to CANDIDATE, lastRpcElapsedTime:1049621879ns, electionTimeout:1041ms
2023-01-10 01:11:46,531 [om1@group-C5BA1605619E-FollowerState] INFO  impl.RoleInfo (RoleInfo.java:shutdownFollowerState(110)) - om1: shutdown om1@group-C5BA1605619E-FollowerState
2023-01-10 01:11:46,531 [om1@group-C5BA1605619E-FollowerState] INFO  server.RaftServer$Division (RaftServerImpl.java:setRole(321)) - om1@group-C5BA1605619E: changes role from  FOLLOWER to CANDIDATE at term 0 for changeToCandidate
2023-01-10 01:11:46,534 [om1@group-C5BA1605619E-FollowerState] INFO  server.RaftServerConfigKeys (ConfUtils.java:logGet(46)) - raft.server.leaderelection.pre-vote = false (custom)
2023-01-10 01:11:46,534 [om1@group-C5BA1605619E-FollowerState] INFO  impl.RoleInfo (RoleInfo.java:updateAndGet(139)) - om1: start om1@group-C5BA1605619E-LeaderElection1
2023-01-10 01:11:46,548 [Thread-151] INFO  ozoneimpl.ContainerReader (ContainerReader.java:readVolume(175)) - Finish verifying containers on volume /home/runner/work/ozone/ozone/hadoop-ozone/integration-test/target/test-dir/MiniOzoneClusterImpl-11329d86-319f-4265-8dbd-04dd0b699e79/datanode-1/data-0/containers/hdds
2023-01-10 01:11:46,549 [Listener at 127.0.0.1/34303] INFO  ozoneimpl.OzoneContainer (OzoneContainer.java:buildContainerSet(301)) - Build ContainerSet costs 0s
2023-01-10 01:11:46,554 [om1@group-C5BA1605619E-LeaderElection1] INFO  impl.LeaderElection (LeaderElection.java:askForVotes(312)) - om1@group-C5BA1605619E-LeaderElection1 ELECTION round 0: submit vote requests at term 1 for -1: peers:[om1|rpc:localhost:9872|priority:0|startupRole:FOLLOWER]|listeners:[], old=null
2023-01-10 01:11:46,556 [om1@group-C5BA1605619E-LeaderElection1] INFO  impl.LeaderElection (LeaderElection.java:askForVotes(314)) - om1@group-C5BA1605619E-LeaderElection1 ELECTION round 0: result PASSED (term=1)
2023-01-10 01:11:46,557 [om1@group-C5BA1605619E-LeaderElection1] INFO  impl.RoleInfo (RoleInfo.java:shutdownLeaderElection(130)) - om1: shutdown om1@group-C5BA1605619E-LeaderElection1
2023-01-10 01:11:46,584 [om1@group-C5BA1605619E-LeaderElection1] INFO  server.RaftServer$Division (RaftServerImpl.java:setRole(321)) - om1@group-C5BA1605619E: changes role from CANDIDATE to LEADER at term 1 for changeToLeader
2023-01-10 01:11:46,585 [om1@group-C5BA1605619E-LeaderElection1] INFO  server.RaftServer$Division (ServerState.java:setLeader(313)) - om1@group-C5BA1605619E: change Leader from null to om1 at term 1 for becomeLeader, leader elected after 2129ms
2023-01-10 01:11:46,554 [Listener at 127.0.0.1/34303] INFO  server.RaftServer (ConfUtils.java:logGet(46)) - raft.rpc.type = GRPC (default)
2023-01-10 01:11:46,586 [Listener at 127.0.0.1/34303] INFO  grpc.GrpcConfigKeys (ConfUtils.java:logFallback(53)) - raft.grpc.admin.host = null (fallback to raft.grpc.server.host)
2023-01-10 01:11:46,586 [Listener at 127.0.0.1/34303] INFO  grpc.GrpcConfigKeys (ConfUtils.java:logGet(46)) - raft.grpc.admin.port = 0 (custom)
2023-01-10 01:11:46,586 [Listener at 127.0.0.1/34303] INFO  grpc.GrpcConfigKeys (ConfUtils.java:logFallback(53)) - raft.grpc.client.host = null (fallback to raft.grpc.server.host)
2023-01-10 01:11:46,586 [Listener at 127.0.0.1/34303] INFO  grpc.GrpcConfigKeys (ConfUtils.java:logGet(46)) - raft.grpc.client.port = 0 (custom)
2023-01-10 01:11:46,587 [Listener at 127.0.0.1/34303] INFO  grpc.GrpcConfigKeys (ConfUtils.java:logGet(46)) - raft.grpc.server.host = null (default)
2023-01-10 01:11:46,587 [Listener at 127.0.0.1/34303] INFO  grpc.GrpcConfigKeys (ConfUtils.java:logGet(46)) - raft.grpc.server.port = 0 (default)
2023-01-10 01:11:46,587 [Listener at 127.0.0.1/34303] INFO  server.GrpcService (ConfUtils.java:logGet(46)) - raft.grpc.message.size.max = 32MB (=33554432) (custom)
2023-01-10 01:11:46,587 [Listener at 127.0.0.1/34303] INFO  server.RaftServerConfigKeys (ConfUtils.java:logGet(46)) - raft.server.log.appender.buffer.byte-limit = 33554432 (custom)
2023-01-10 01:11:46,587 [Listener at 127.0.0.1/34303] INFO  server.GrpcService (ConfUtils.java:logGet(46)) - raft.grpc.flow.control.window = 5MB (=5242880) (custom)
2023-01-10 01:11:46,587 [Listener at 127.0.0.1/34303] INFO  server.RaftServerConfigKeys (ConfUtils.java:logGet(46)) - raft.server.rpc.request.timeout = 60s (custom)
2023-01-10 01:11:46,588 [Listener at 127.0.0.1/34303] INFO  grpc.GrpcConfigKeys (ConfUtils.java:logGet(46)) - raft.grpc.server.heartbeat.channel = true (default)
2023-01-10 01:11:46,588 [Listener at 127.0.0.1/34303] INFO  grpc.GrpcConfigKeys (ConfUtils.java:logGet(46)) - raft.grpc.server.async.request.thread.pool.cached = true (default)
2023-01-10 01:11:46,591 [Listener at 127.0.0.1/34303] INFO  grpc.GrpcConfigKeys (ConfUtils.java:logGet(46)) - raft.grpc.server.async.request.thread.pool.size = 32 (default)
2023-01-10 01:11:46,594 [om1@group-C5BA1605619E-LeaderElection1] INFO  server.RaftServerConfigKeys (ConfUtils.java:logGet(46)) - raft.server.staging.catchup.gap = 1000 (default)
2023-01-10 01:11:46,595 [Listener at 127.0.0.1/34303] INFO  impl.DataStreamServerImpl (ConfUtils.java:logGet(46)) - raft.datastream.type = NETTY (custom)
2023-01-10 01:11:46,595 [Listener at 127.0.0.1/34303] INFO  server.RaftServerConfigKeys (ConfUtils.java:logGet(46)) - raft.server.data-stream.async.request.thread.pool.cached = false (default)
2023-01-10 01:11:46,595 [Listener at 127.0.0.1/34303] INFO  server.RaftServerConfigKeys (ConfUtils.java:logGet(46)) - raft.server.data-stream.async.request.thread.pool.size = 20 (custom)
2023-01-10 01:11:46,598 [Listener at 127.0.0.1/34303] INFO  server.RaftServerConfigKeys (ConfUtils.java:logGet(46)) - raft.server.data-stream.async.write.thread.pool.size = 16 (default)
2023-01-10 01:11:46,598 [Listener at 127.0.0.1/34303] INFO  server.RaftServerConfigKeys (ConfUtils.java:logGet(46)) - raft.server.data-stream.client.pool.size = 10 (default)
2023-01-10 01:11:46,598 [Listener at 127.0.0.1/34303] INFO  netty.NettyConfigKeys$DataStream (ConfUtils.java:logGet(46)) - raft.netty.dataStream.server.use-epoll = false (default)
2023-01-10 01:11:46,598 [Listener at 127.0.0.1/34303] INFO  netty.NettyConfigKeys$DataStream (ConfUtils.java:logGet(46)) - raft.netty.dataStream.server.boss-group.size = 0 (default)
2023-01-10 01:11:46,599 [Listener at 127.0.0.1/34303] INFO  netty.NettyConfigKeys$DataStream (ConfUtils.java:logGet(46)) - raft.netty.dataStream.server.worker-group.size = 0 (default)
2023-01-10 01:11:46,603 [Listener at 127.0.0.1/34303] INFO  netty.NettyConfigKeys$DataStream (ConfUtils.java:logGet(46)) - raft.netty.dataStream.server.tls.conf = null (default)
2023-01-10 01:11:46,606 [Listener at 127.0.0.1/34303] INFO  netty.NettyConfigKeys$DataStream (ConfUtils.java:logGet(46)) - raft.netty.dataStream.host = null (default)
2023-01-10 01:11:46,606 [Listener at 127.0.0.1/34303] INFO  netty.NettyConfigKeys$DataStream (ConfUtils.java:logGet(46)) - raft.netty.dataStream.port = 0 (default)
2023-01-10 01:11:46,613 [om1@group-C5BA1605619E-LeaderElection1] INFO  server.RaftServerConfigKeys (ConfUtils.java:logGet(46)) - raft.server.write.element-limit = 4096 (default)
2023-01-10 01:11:46,613 [om1@group-C5BA1605619E-LeaderElection1] INFO  server.RaftServerConfigKeys (ConfUtils.java:logGet(46)) - raft.server.write.byte-limit = 64MB (=67108864) (default)
2023-01-10 01:11:46,618 [Listener at 127.0.0.1/34303] INFO  server.RaftServerConfigKeys (ConfUtils.java:logGet(46)) - raft.server.threadpool.proxy.cached = true (default)
2023-01-10 01:11:46,618 [Listener at 127.0.0.1/34303] INFO  server.RaftServerConfigKeys (ConfUtils.java:logGet(46)) - raft.server.threadpool.proxy.size = 0 (default)
2023-01-10 01:11:46,618 [Listener at 127.0.0.1/34303] INFO  server.RaftServerConfigKeys (ConfUtils.java:logGet(46)) - raft.server.rpc.slowness.timeout = 300s (custom)
2023-01-10 01:11:46,618 [Listener at 127.0.0.1/34303] INFO  server.RaftServerConfigKeys (ConfUtils.java:logGet(46)) - raft.server.leaderelection.leader.step-down.wait-time = 10s (default)
2023-01-10 01:11:46,619 [Listener at 127.0.0.1/34303] INFO  server.RaftServerConfigKeys (ConfUtils.java:logGet(46)) - raft.server.storage.dir = [/home/runner/work/ozone/ozone/hadoop-ozone/integration-test/target/test-dir/MiniOzoneClusterImpl-11329d86-319f-4265-8dbd-04dd0b699e79/datanode-1/data/ratis] (custom)
2023-01-10 01:11:46,624 [482fd31e-156c-418e-9aed-e6d52525a62a-NettyServerStreamRpc-bossGroup--thread1] INFO  logging.LoggingHandler (AbstractInternalLogger.java:log(148)) - [id: 0x7907e603] REGISTERED
2023-01-10 01:11:46,624 [482fd31e-156c-418e-9aed-e6d52525a62a-NettyServerStreamRpc-bossGroup--thread1] INFO  logging.LoggingHandler (AbstractInternalLogger.java:log(148)) - [id: 0x7907e603] BIND: 0.0.0.0/0.0.0.0:0
2023-01-10 01:11:46,624 [482fd31e-156c-418e-9aed-e6d52525a62a-NettyServerStreamRpc-bossGroup--thread1] INFO  logging.LoggingHandler (AbstractInternalLogger.java:log(148)) - [id: 0x7907e603, L:/0:0:0:0:0:0:0:0:43885] ACTIVE
2023-01-10 01:11:46,626 [om1@group-C5BA1605619E-LeaderElection1] INFO  server.RaftServerConfigKeys (ConfUtils.java:logGet(46)) - raft.server.watch.timeout = 10s (default)
2023-01-10 01:11:46,626 [om1@group-C5BA1605619E-LeaderElection1] INFO  server.RaftServerConfigKeys (ConfUtils.java:logGet(46)) - raft.server.watch.timeout.denomination = 1s (default)
2023-01-10 01:11:46,627 [om1@group-C5BA1605619E-LeaderElection1] INFO  server.RaftServerConfigKeys (ConfUtils.java:logGet(46)) - raft.server.watch.element-limit = 65536 (default)
2023-01-10 01:11:46,629 [Listener at 127.0.0.1/34303] INFO  server.XceiverServerGrpc (XceiverServerGrpc.java:<init>(132)) - GrpcServer channel type EpollServerSocketChannel
2023-01-10 01:11:46,636 [Listener at 127.0.0.1/34303] INFO  http.BaseHttpServer (BaseHttpServer.java:newHttpServer2BuilderForOzone(213)) - Starting Web-server for hddsDatanode at: http://0.0.0.0:0
2023-01-10 01:11:46,637 [Listener at 127.0.0.1/34303] INFO  http.BaseHttpServer (BaseHttpServer.java:<init>(108)) - Hadoop Security Enabled: false Ozone Security Enabled: false Ozone HTTP Security Enabled: false 
2023-01-10 01:11:46,638 [Listener at 127.0.0.1/34303] WARN  server.AuthenticationFilter (AuthenticationFilter.java:constructSecretProvider(240)) - Unable to initialize FileSignerSecretProvider, falling back to use random secrets. Reason: Could not read signature secret file: /home/runner/hadoop-http-auth-signature-secret
2023-01-10 01:11:46,641 [om1@group-C5BA1605619E-LeaderElection1] INFO  server.RaftServerConfigKeys (ConfUtils.java:logGet(46)) - raft.server.write.element-limit = 4096 (default)
2023-01-10 01:11:46,642 [Listener at 127.0.0.1/34303] WARN  http.HttpRequestLog (HttpRequestLog.java:getRequestLog(103)) - Jetty request log can only be enabled using Log4j
2023-01-10 01:11:46,645 [Listener at 127.0.0.1/34303] INFO  http.HttpServer2 (HttpServer2.java:addGlobalFilter(1031)) - Added global filter 'safety' (class=org.apache.hadoop.hdds.server.http.HttpServer2$QuotingInputFilter)
2023-01-10 01:11:46,647 [Datanode State Machine Task Thread - 0] INFO  datanode.InitDatanodeState (InitDatanodeState.java:persistContainerDatanodeDetails(138)) - DatanodeDetails is persisted to /home/runner/work/ozone/ozone/hadoop-ozone/integration-test/target/test-dir/MiniOzoneClusterImpl-11329d86-319f-4265-8dbd-04dd0b699e79/datanode-0/meta/datanode.id
2023-01-10 01:11:46,647 [Listener at 127.0.0.1/34303] INFO  http.HttpServer2 (HttpServer2.java:addFilter(1007)) - Added filter static_user_filter (class=org.apache.hadoop.http.lib.StaticUserWebFilter$StaticUserFilter) to context hddsDatanode
2023-01-10 01:11:46,647 [Listener at 127.0.0.1/34303] INFO  http.HttpServer2 (HttpServer2.java:addFilter(1015)) - Added filter static_user_filter (class=org.apache.hadoop.http.lib.StaticUserWebFilter$StaticUserFilter) to context static
2023-01-10 01:11:46,647 [Listener at 127.0.0.1/34303] INFO  http.HttpServer2 (HttpServer2.java:addFilter(1015)) - Added filter static_user_filter (class=org.apache.hadoop.http.lib.StaticUserWebFilter$StaticUserFilter) to context logs
2023-01-10 01:11:46,648 [Listener at 127.0.0.1/34303] INFO  http.HttpServer2 (HttpServer2.java:bindListener(1250)) - Jetty bound to port 37837
2023-01-10 01:11:46,649 [Listener at 127.0.0.1/34303] INFO  server.Server (Server.java:doStart(375)) - jetty-9.4.49.v20220914; built: 2022-09-14T01:07:36.601Z; git: 4231a3b2e4cb8548a412a789936d640a97b1aa0a; jvm 1.8.0_352-b08
2023-01-10 01:11:46,650 [om1@group-C5BA1605619E-LeaderElection1] INFO  server.RaftServerConfigKeys (ConfUtils.java:logGet(46)) - raft.server.write.follower.gap.ratio.max = -1.0 (default)
2023-01-10 01:11:46,652 [om1@group-C5BA1605619E-LeaderElection1] INFO  impl.RoleInfo (RoleInfo.java:updateAndGet(139)) - om1: start om1@group-C5BA1605619E-LeaderStateImpl
2023-01-10 01:11:46,655 [Listener at 127.0.0.1/34303] INFO  server.session (DefaultSessionIdManager.java:doStart(334)) - DefaultSessionIdManager workerName=node0
2023-01-10 01:11:46,655 [Listener at 127.0.0.1/34303] INFO  server.session (DefaultSessionIdManager.java:doStart(339)) - No SessionScavenger set, using defaults
2023-01-10 01:11:46,655 [Listener at 127.0.0.1/34303] INFO  server.session (HouseKeeper.java:startScavenging(132)) - node0 Scavenging every 600000ms
2023-01-10 01:11:46,656 [Listener at 127.0.0.1/34303] INFO  handler.ContextHandler (ContextHandler.java:doStart(921)) - Started o.e.j.s.ServletContextHandler@3c85128a{logs,/logs,file:///home/runner/work/ozone/ozone/hadoop-ozone/integration-test/target/log,AVAILABLE}
2023-01-10 01:11:46,656 [Listener at 127.0.0.1/34303] INFO  handler.ContextHandler (ContextHandler.java:doStart(921)) - Started o.e.j.s.ServletContextHandler@4f4ba1ea{static,/static,jar:file:/home/runner/.m2/repository/org/apache/ozone/hdds-container-service/1.4.0-SNAPSHOT/hdds-container-service-1.4.0-SNAPSHOT.jar!/webapps/static,AVAILABLE}
2023-01-10 01:11:46,704 [om1@group-C5BA1605619E-LeaderElection1] INFO  segmented.SegmentedRaftLogWorker (SegmentedRaftLogWorker.java:startLogSegment(452)) - om1@group-C5BA1605619E-SegmentedRaftLogWorker: Starting segment from index:0
2023-01-10 01:11:46,771 [om1@group-C5BA1605619E-LeaderElection1] INFO  server.RaftServer$Division (ServerState.java:setRaftConf(430)) - om1@group-C5BA1605619E: set configuration 0: peers:[om1|rpc:localhost:9872|admin:|client:|dataStream:|priority:0|startupRole:FOLLOWER]|listeners:[], old=null
2023-01-10 01:11:46,836 [om1@group-C5BA1605619E-SegmentedRaftLogWorker] INFO  segmented.SegmentedRaftLogWorker (SegmentedRaftLogWorker.java:execute(656)) - om1@group-C5BA1605619E-SegmentedRaftLogWorker: created new log segment /home/runner/work/ozone/ozone/hadoop-ozone/integration-test/target/test-dir/MiniOzoneClusterImpl-11329d86-319f-4265-8dbd-04dd0b699e79/ozone-meta/ratis/bf265839-605b-3f16-9796-c5ba1605619e/current/log_inprogress_0
2023-01-10 01:11:46,854 [Listener at 127.0.0.1/34303] INFO  handler.ContextHandler (ContextHandler.java:doStart(921)) - Started o.e.j.w.WebAppContext@163ee26b{hddsDatanode,/,file:///tmp/jetty-0_0_0_0-37837-hdds-container-service-1_4_0-SNAPSHOT_jar-_-any-9126547538182964542/webapp/,AVAILABLE}{jar:file:/home/runner/.m2/repository/org/apache/ozone/hdds-container-service/1.4.0-SNAPSHOT/hdds-container-service-1.4.0-SNAPSHOT.jar!/webapps/hddsDatanode}
2023-01-10 01:11:46,856 [Listener at 127.0.0.1/34303] INFO  server.AbstractConnector (AbstractConnector.java:doStart(333)) - Started ServerConnector@d4f9a45{HTTP/1.1, (http/1.1)}{0.0.0.0:37837}
2023-01-10 01:11:46,856 [Listener at 127.0.0.1/34303] INFO  server.Server (Server.java:doStart(415)) - Started @8458ms
2023-01-10 01:11:46,856 [Listener at 127.0.0.1/34303] WARN  impl.MetricsSystemImpl (MetricsSystemImpl.java:register(279)) - Sink prometheus already exists!
2023-01-10 01:11:46,860 [Listener at 127.0.0.1/34303] INFO  http.BaseHttpServer (BaseHttpServer.java:updateConnectorAddress(333)) - HTTP server of hddsDatanode listening at http://0.0.0.0:37837
2023-01-10 01:11:46,860 [Listener at 127.0.0.1/34303] WARN  impl.MetricRegistriesImpl (MetricRegistriesImpl.java:addReporterRegistration(111)) - New reporters are added after registries were created. Some metrics will be missing from the reporter. Please add reporter before adding any new registry.
2023-01-10 01:11:46,861 [Listener at 127.0.0.1/34303] WARN  impl.MetricRegistriesImpl (MetricRegistriesImpl.java:addReporterRegistration(111)) - New reporters are added after registries were created. Some metrics will be missing from the reporter. Please add reporter before adding any new registry.
2023-01-10 01:11:46,861 [Listener at 127.0.0.1/34303] INFO  impl.MetricsSystemImpl (MetricsSystemImpl.java:init(158)) - HddsDatanode metrics system started (again)
2023-01-10 01:11:46,867 [Datanode State Machine Daemon Thread] INFO  statemachine.DatanodeStateMachine (DatanodeStateMachine.java:lambda$startDaemon$0(508)) - Ozone container server started.
2023-01-10 01:11:46,879 [org.apache.hadoop.util.JvmPauseMonitor$Monitor@50037fa7] INFO  util.JvmPauseMonitor (JvmPauseMonitor.java:run(188)) - Starting JVM pause monitor
2023-01-10 01:11:46,885 [Listener at 127.0.0.1/34303] INFO  ozone.HddsDatanodeService (HddsDatanodeService.java:start(228)) - HddsDatanodeService host:fv-az353-623.tkyx2seitsuu3nmpmouz2httfb.bx.internal.cloudapp.net ip:10.1.0.24
2023-01-10 01:11:46,900 [Datanode State Machine Task Thread - 0] INFO  datanode.InitDatanodeState (InitDatanodeState.java:persistContainerDatanodeDetails(138)) - DatanodeDetails is persisted to /home/runner/work/ozone/ozone/hadoop-ozone/integration-test/target/test-dir/MiniOzoneClusterImpl-11329d86-319f-4265-8dbd-04dd0b699e79/datanode-1/meta/datanode.id
2023-01-10 01:11:46,919 [Listener at 127.0.0.1/34303] INFO  upgrade.AbstractLayoutVersionManager (AbstractLayoutVersionManager.java:init(83)) - Initializing Layout version manager with metadata layout = DATANODE_SCHEMA_V3 (version = 4), software layout = DATANODE_SCHEMA_V3 (version = 4)
2023-01-10 01:11:46,996 [Listener at 127.0.0.1/34303] INFO  reflections.Reflections (Reflections.java:scan(232)) - Reflections took 76 ms to scan 7 urls, producing 146 keys and 350 values 
2023-01-10 01:11:46,998 [Listener at 127.0.0.1/34303] INFO  statemachine.DatanodeStateMachine (DatanodeStateMachine.java:getEndPointTaskThreadPoolSize(248)) - Datanode State Machine Task Thread Pool size 2
2023-01-10 01:11:47,000 [Listener at 127.0.0.1/34303] INFO  volume.HddsVolume (HddsVolume.java:<init>(117)) - Creating HddsVolume: /home/runner/work/ozone/ozone/hadoop-ozone/integration-test/target/test-dir/MiniOzoneClusterImpl-11329d86-319f-4265-8dbd-04dd0b699e79/datanode-2/data-0/containers/hdds of storage type : DISK capacity : 9223372036854775807
2023-01-10 01:11:47,001 [Listener at 127.0.0.1/34303] INFO  volume.MutableVolumeSet (MutableVolumeSet.java:initializeVolumeSet(174)) - Added Volume : /home/runner/work/ozone/ozone/hadoop-ozone/integration-test/target/test-dir/MiniOzoneClusterImpl-11329d86-319f-4265-8dbd-04dd0b699e79/datanode-2/data-0/containers/hdds to VolumeSet
2023-01-10 01:11:47,001 [Listener at 127.0.0.1/34303] INFO  volume.ThrottledAsyncChecker (ThrottledAsyncChecker.java:schedule(141)) - Scheduling a check for /home/runner/work/ozone/ozone/hadoop-ozone/integration-test/target/test-dir/MiniOzoneClusterImpl-11329d86-319f-4265-8dbd-04dd0b699e79/datanode-2/data-0/containers/hdds
2023-01-10 01:11:47,002 [Listener at 127.0.0.1/34303] INFO  volume.StorageVolumeChecker (StorageVolumeChecker.java:checkAllVolumes(202)) - Scheduled health check for volume /home/runner/work/ozone/ozone/hadoop-ozone/integration-test/target/test-dir/MiniOzoneClusterImpl-11329d86-319f-4265-8dbd-04dd0b699e79/datanode-2/data-0/containers/hdds
2023-01-10 01:11:47,013 [Listener at 127.0.0.1/34303] INFO  volume.MutableVolumeSet (MutableVolumeSet.java:initializeVolumeSet(174)) - Added Volume : /home/runner/work/ozone/ozone/hadoop-ozone/integration-test/target/test-dir/MiniOzoneClusterImpl-11329d86-319f-4265-8dbd-04dd0b699e79/datanode-2/data/ratis to VolumeSet
2023-01-10 01:11:47,013 [Listener at 127.0.0.1/34303] INFO  volume.ThrottledAsyncChecker (ThrottledAsyncChecker.java:schedule(141)) - Scheduling a check for /home/runner/work/ozone/ozone/hadoop-ozone/integration-test/target/test-dir/MiniOzoneClusterImpl-11329d86-319f-4265-8dbd-04dd0b699e79/datanode-2/data/ratis
2023-01-10 01:11:47,013 [Listener at 127.0.0.1/34303] INFO  volume.StorageVolumeChecker (StorageVolumeChecker.java:checkAllVolumes(202)) - Scheduled health check for volume /home/runner/work/ozone/ozone/hadoop-ozone/integration-test/target/test-dir/MiniOzoneClusterImpl-11329d86-319f-4265-8dbd-04dd0b699e79/datanode-2/data/ratis
2023-01-10 01:11:47,023 [Thread-166] INFO  ozoneimpl.ContainerReader (ContainerReader.java:readVolume(175)) - Finish verifying containers on volume /home/runner/work/ozone/ozone/hadoop-ozone/integration-test/target/test-dir/MiniOzoneClusterImpl-11329d86-319f-4265-8dbd-04dd0b699e79/datanode-2/data-0/containers/hdds
2023-01-10 01:11:47,023 [om1@group-C5BA1605619E-StateMachineUpdater] INFO  ratis.OzoneManagerStateMachine (OzoneManagerStateMachine.java:notifyConfigurationChanged(192)) - Received Configuration change notification from Ratis. New Peer list:
[id: "om1"
address: "localhost:9872"
startupRole: FOLLOWER
]
2023-01-10 01:11:47,024 [Listener at 127.0.0.1/34303] INFO  ozoneimpl.OzoneContainer (OzoneContainer.java:buildContainerSet(301)) - Build ContainerSet costs 0s
2023-01-10 01:11:47,027 [Listener at 127.0.0.1/34303] INFO  server.RaftServer (ConfUtils.java:logGet(46)) - raft.rpc.type = GRPC (default)
2023-01-10 01:11:47,027 [Listener at 127.0.0.1/34303] INFO  grpc.GrpcConfigKeys (ConfUtils.java:logFallback(53)) - raft.grpc.admin.host = null (fallback to raft.grpc.server.host)
2023-01-10 01:11:47,027 [Listener at 127.0.0.1/34303] INFO  grpc.GrpcConfigKeys (ConfUtils.java:logGet(46)) - raft.grpc.admin.port = 0 (custom)
2023-01-10 01:11:47,028 [Listener at 127.0.0.1/34303] INFO  grpc.GrpcConfigKeys (ConfUtils.java:logFallback(53)) - raft.grpc.client.host = null (fallback to raft.grpc.server.host)
2023-01-10 01:11:47,028 [Listener at 127.0.0.1/34303] INFO  grpc.GrpcConfigKeys (ConfUtils.java:logGet(46)) - raft.grpc.client.port = 0 (custom)
2023-01-10 01:11:47,028 [Listener at 127.0.0.1/34303] INFO  grpc.GrpcConfigKeys (ConfUtils.java:logGet(46)) - raft.grpc.server.host = null (default)
2023-01-10 01:11:47,028 [Listener at 127.0.0.1/34303] INFO  grpc.GrpcConfigKeys (ConfUtils.java:logGet(46)) - raft.grpc.server.port = 0 (default)
2023-01-10 01:11:47,028 [Listener at 127.0.0.1/34303] INFO  server.GrpcService (ConfUtils.java:logGet(46)) - raft.grpc.message.size.max = 32MB (=33554432) (custom)
2023-01-10 01:11:47,028 [Listener at 127.0.0.1/34303] INFO  server.RaftServerConfigKeys (ConfUtils.java:logGet(46)) - raft.server.log.appender.buffer.byte-limit = 33554432 (custom)
2023-01-10 01:11:47,028 [Listener at 127.0.0.1/34303] INFO  server.GrpcService (ConfUtils.java:logGet(46)) - raft.grpc.flow.control.window = 5MB (=5242880) (custom)
2023-01-10 01:11:47,028 [Listener at 127.0.0.1/34303] INFO  server.RaftServerConfigKeys (ConfUtils.java:logGet(46)) - raft.server.rpc.request.timeout = 60s (custom)
2023-01-10 01:11:47,029 [Listener at 127.0.0.1/34303] INFO  grpc.GrpcConfigKeys (ConfUtils.java:logGet(46)) - raft.grpc.server.heartbeat.channel = true (default)
2023-01-10 01:11:47,029 [Listener at 127.0.0.1/34303] INFO  grpc.GrpcConfigKeys (ConfUtils.java:logGet(46)) - raft.grpc.server.async.request.thread.pool.cached = true (default)
2023-01-10 01:11:47,029 [Listener at 127.0.0.1/34303] INFO  grpc.GrpcConfigKeys (ConfUtils.java:logGet(46)) - raft.grpc.server.async.request.thread.pool.size = 32 (default)
2023-01-10 01:11:47,030 [Listener at 127.0.0.1/34303] INFO  impl.DataStreamServerImpl (ConfUtils.java:logGet(46)) - raft.datastream.type = NETTY (custom)
2023-01-10 01:11:47,030 [Listener at 127.0.0.1/34303] INFO  server.RaftServerConfigKeys (ConfUtils.java:logGet(46)) - raft.server.data-stream.async.request.thread.pool.cached = false (default)
2023-01-10 01:11:47,030 [Listener at 127.0.0.1/34303] INFO  server.RaftServerConfigKeys (ConfUtils.java:logGet(46)) - raft.server.data-stream.async.request.thread.pool.size = 20 (custom)
2023-01-10 01:11:47,031 [Listener at 127.0.0.1/34303] INFO  server.RaftServerConfigKeys (ConfUtils.java:logGet(46)) - raft.server.data-stream.async.write.thread.pool.size = 16 (default)
2023-01-10 01:11:47,031 [Listener at 127.0.0.1/34303] INFO  server.RaftServerConfigKeys (ConfUtils.java:logGet(46)) - raft.server.data-stream.client.pool.size = 10 (default)
2023-01-10 01:11:47,031 [Listener at 127.0.0.1/34303] INFO  netty.NettyConfigKeys$DataStream (ConfUtils.java:logGet(46)) - raft.netty.dataStream.server.use-epoll = false (default)
2023-01-10 01:11:47,031 [Listener at 127.0.0.1/34303] INFO  netty.NettyConfigKeys$DataStream (ConfUtils.java:logGet(46)) - raft.netty.dataStream.server.boss-group.size = 0 (default)
2023-01-10 01:11:47,031 [Listener at 127.0.0.1/34303] INFO  netty.NettyConfigKeys$DataStream (ConfUtils.java:logGet(46)) - raft.netty.dataStream.server.worker-group.size = 0 (default)
2023-01-10 01:11:47,032 [Listener at 127.0.0.1/34303] INFO  netty.NettyConfigKeys$DataStream (ConfUtils.java:logGet(46)) - raft.netty.dataStream.server.tls.conf = null (default)
2023-01-10 01:11:47,032 [Listener at 127.0.0.1/34303] INFO  netty.NettyConfigKeys$DataStream (ConfUtils.java:logGet(46)) - raft.netty.dataStream.host = null (default)
2023-01-10 01:11:47,032 [Listener at 127.0.0.1/34303] INFO  netty.NettyConfigKeys$DataStream (ConfUtils.java:logGet(46)) - raft.netty.dataStream.port = 0 (default)
2023-01-10 01:11:47,032 [Listener at 127.0.0.1/34303] INFO  server.RaftServerConfigKeys (ConfUtils.java:logGet(46)) - raft.server.threadpool.proxy.cached = true (default)
2023-01-10 01:11:47,033 [Listener at 127.0.0.1/34303] INFO  server.RaftServerConfigKeys (ConfUtils.java:logGet(46)) - raft.server.threadpool.proxy.size = 0 (default)
2023-01-10 01:11:47,033 [Listener at 127.0.0.1/34303] INFO  server.RaftServerConfigKeys (ConfUtils.java:logGet(46)) - raft.server.rpc.slowness.timeout = 300s (custom)
2023-01-10 01:11:47,033 [Listener at 127.0.0.1/34303] INFO  server.RaftServerConfigKeys (ConfUtils.java:logGet(46)) - raft.server.leaderelection.leader.step-down.wait-time = 10s (default)
2023-01-10 01:11:47,033 [Listener at 127.0.0.1/34303] INFO  server.RaftServerConfigKeys (ConfUtils.java:logGet(46)) - raft.server.storage.dir = [/home/runner/work/ozone/ozone/hadoop-ozone/integration-test/target/test-dir/MiniOzoneClusterImpl-11329d86-319f-4265-8dbd-04dd0b699e79/datanode-2/data/ratis] (custom)
2023-01-10 01:11:47,034 [cf55343f-a051-44b0-a85c-65c9cdfe5b3e-NettyServerStreamRpc-bossGroup--thread1] INFO  logging.LoggingHandler (AbstractInternalLogger.java:log(148)) - [id: 0xfab00eb8] REGISTERED
2023-01-10 01:11:47,035 [cf55343f-a051-44b0-a85c-65c9cdfe5b3e-NettyServerStreamRpc-bossGroup--thread1] INFO  logging.LoggingHandler (AbstractInternalLogger.java:log(148)) - [id: 0xfab00eb8] BIND: 0.0.0.0/0.0.0.0:0
2023-01-10 01:11:47,035 [cf55343f-a051-44b0-a85c-65c9cdfe5b3e-NettyServerStreamRpc-bossGroup--thread1] INFO  logging.LoggingHandler (AbstractInternalLogger.java:log(148)) - [id: 0xfab00eb8, L:/0:0:0:0:0:0:0:0:34389] ACTIVE
2023-01-10 01:11:47,036 [Listener at 127.0.0.1/34303] INFO  server.XceiverServerGrpc (XceiverServerGrpc.java:<init>(132)) - GrpcServer channel type EpollServerSocketChannel
2023-01-10 01:11:47,042 [Listener at 127.0.0.1/34303] INFO  http.BaseHttpServer (BaseHttpServer.java:newHttpServer2BuilderForOzone(213)) - Starting Web-server for hddsDatanode at: http://0.0.0.0:0
2023-01-10 01:11:47,042 [Listener at 127.0.0.1/34303] INFO  http.BaseHttpServer (BaseHttpServer.java:<init>(108)) - Hadoop Security Enabled: false Ozone Security Enabled: false Ozone HTTP Security Enabled: false 
2023-01-10 01:11:47,044 [Listener at 127.0.0.1/34303] WARN  server.AuthenticationFilter (AuthenticationFilter.java:constructSecretProvider(240)) - Unable to initialize FileSignerSecretProvider, falling back to use random secrets. Reason: Could not read signature secret file: /home/runner/hadoop-http-auth-signature-secret
2023-01-10 01:11:47,046 [Listener at 127.0.0.1/34303] WARN  http.HttpRequestLog (HttpRequestLog.java:getRequestLog(103)) - Jetty request log can only be enabled using Log4j
2023-01-10 01:11:47,047 [Listener at 127.0.0.1/34303] INFO  http.HttpServer2 (HttpServer2.java:addGlobalFilter(1031)) - Added global filter 'safety' (class=org.apache.hadoop.hdds.server.http.HttpServer2$QuotingInputFilter)
2023-01-10 01:11:47,048 [Listener at 127.0.0.1/34303] INFO  http.HttpServer2 (HttpServer2.java:addFilter(1007)) - Added filter static_user_filter (class=org.apache.hadoop.http.lib.StaticUserWebFilter$StaticUserFilter) to context hddsDatanode
2023-01-10 01:11:47,048 [Listener at 127.0.0.1/34303] INFO  http.HttpServer2 (HttpServer2.java:addFilter(1015)) - Added filter static_user_filter (class=org.apache.hadoop.http.lib.StaticUserWebFilter$StaticUserFilter) to context logs
2023-01-10 01:11:47,048 [Listener at 127.0.0.1/34303] INFO  http.HttpServer2 (HttpServer2.java:addFilter(1015)) - Added filter static_user_filter (class=org.apache.hadoop.http.lib.StaticUserWebFilter$StaticUserFilter) to context static
2023-01-10 01:11:47,049 [Listener at 127.0.0.1/34303] INFO  http.HttpServer2 (HttpServer2.java:bindListener(1250)) - Jetty bound to port 46467
2023-01-10 01:11:47,049 [Listener at 127.0.0.1/34303] INFO  server.Server (Server.java:doStart(375)) - jetty-9.4.49.v20220914; built: 2022-09-14T01:07:36.601Z; git: 4231a3b2e4cb8548a412a789936d640a97b1aa0a; jvm 1.8.0_352-b08
2023-01-10 01:11:47,061 [Listener at 127.0.0.1/34303] INFO  server.session (DefaultSessionIdManager.java:doStart(334)) - DefaultSessionIdManager workerName=node0
2023-01-10 01:11:47,061 [Listener at 127.0.0.1/34303] INFO  server.session (DefaultSessionIdManager.java:doStart(339)) - No SessionScavenger set, using defaults
2023-01-10 01:11:47,061 [Listener at 127.0.0.1/34303] INFO  server.session (HouseKeeper.java:startScavenging(132)) - node0 Scavenging every 600000ms
2023-01-10 01:11:47,062 [Listener at 127.0.0.1/34303] INFO  handler.ContextHandler (ContextHandler.java:doStart(921)) - Started o.e.j.s.ServletContextHandler@1b28658c{logs,/logs,file:///home/runner/work/ozone/ozone/hadoop-ozone/integration-test/target/log,AVAILABLE}
2023-01-10 01:11:47,062 [Listener at 127.0.0.1/34303] INFO  handler.ContextHandler (ContextHandler.java:doStart(921)) - Started o.e.j.s.ServletContextHandler@22e9f4f3{static,/static,jar:file:/home/runner/.m2/repository/org/apache/ozone/hdds-container-service/1.4.0-SNAPSHOT/hdds-container-service-1.4.0-SNAPSHOT.jar!/webapps/static,AVAILABLE}
2023-01-10 01:11:47,232 [Listener at 127.0.0.1/34303] INFO  handler.ContextHandler (ContextHandler.java:doStart(921)) - Started o.e.j.w.WebAppContext@24fad029{hddsDatanode,/,file:///tmp/jetty-0_0_0_0-46467-hdds-container-service-1_4_0-SNAPSHOT_jar-_-any-7033823513055663089/webapp/,AVAILABLE}{jar:file:/home/runner/.m2/repository/org/apache/ozone/hdds-container-service/1.4.0-SNAPSHOT/hdds-container-service-1.4.0-SNAPSHOT.jar!/webapps/hddsDatanode}
2023-01-10 01:11:47,233 [Listener at 127.0.0.1/34303] INFO  server.AbstractConnector (AbstractConnector.java:doStart(333)) - Started ServerConnector@44747589{HTTP/1.1, (http/1.1)}{0.0.0.0:46467}
2023-01-10 01:11:47,233 [Listener at 127.0.0.1/34303] INFO  server.Server (Server.java:doStart(415)) - Started @8835ms
2023-01-10 01:11:47,233 [Listener at 127.0.0.1/34303] WARN  impl.MetricsSystemImpl (MetricsSystemImpl.java:register(279)) - Sink prometheus already exists!
2023-01-10 01:11:47,234 [Listener at 127.0.0.1/34303] INFO  http.BaseHttpServer (BaseHttpServer.java:updateConnectorAddress(333)) - HTTP server of hddsDatanode listening at http://0.0.0.0:46467
2023-01-10 01:11:47,235 [Listener at 127.0.0.1/34303] WARN  impl.MetricRegistriesImpl (MetricRegistriesImpl.java:addReporterRegistration(111)) - New reporters are added after registries were created. Some metrics will be missing from the reporter. Please add reporter before adding any new registry.
2023-01-10 01:11:47,235 [Listener at 127.0.0.1/34303] WARN  impl.MetricRegistriesImpl (MetricRegistriesImpl.java:addReporterRegistration(111)) - New reporters are added after registries were created. Some metrics will be missing from the reporter. Please add reporter before adding any new registry.
2023-01-10 01:11:47,235 [Listener at 127.0.0.1/34303] INFO  impl.MetricsSystemImpl (MetricsSystemImpl.java:init(158)) - HddsDatanode metrics system started (again)
2023-01-10 01:11:47,240 [Datanode State Machine Daemon Thread] INFO  statemachine.DatanodeStateMachine (DatanodeStateMachine.java:lambda$startDaemon$0(508)) - Ozone container server started.
2023-01-10 01:11:47,247 [Listener at 127.0.0.1/34303] INFO  ozone.HddsDatanodeService (HddsDatanodeService.java:start(228)) - HddsDatanodeService host:fv-az353-623.tkyx2seitsuu3nmpmouz2httfb.bx.internal.cloudapp.net ip:10.1.0.24
2023-01-10 01:11:47,268 [org.apache.hadoop.util.JvmPauseMonitor$Monitor@274d757] INFO  util.JvmPauseMonitor (JvmPauseMonitor.java:run(188)) - Starting JVM pause monitor
2023-01-10 01:11:47,272 [Datanode State Machine Task Thread - 0] INFO  datanode.InitDatanodeState (InitDatanodeState.java:persistContainerDatanodeDetails(138)) - DatanodeDetails is persisted to /home/runner/work/ozone/ozone/hadoop-ozone/integration-test/target/test-dir/MiniOzoneClusterImpl-11329d86-319f-4265-8dbd-04dd0b699e79/datanode-2/meta/datanode.id
2023-01-10 01:11:47,274 [Listener at 127.0.0.1/34303] INFO  upgrade.AbstractLayoutVersionManager (AbstractLayoutVersionManager.java:init(83)) - Initializing Layout version manager with metadata layout = DATANODE_SCHEMA_V3 (version = 4), software layout = DATANODE_SCHEMA_V3 (version = 4)
2023-01-10 01:11:47,318 [Listener at 127.0.0.1/34303] INFO  reflections.Reflections (Reflections.java:scan(232)) - Reflections took 43 ms to scan 7 urls, producing 146 keys and 350 values 
2023-01-10 01:11:47,320 [Listener at 127.0.0.1/34303] INFO  statemachine.DatanodeStateMachine (DatanodeStateMachine.java:getEndPointTaskThreadPoolSize(248)) - Datanode State Machine Task Thread Pool size 2
2023-01-10 01:11:47,322 [Listener at 127.0.0.1/34303] INFO  volume.HddsVolume (HddsVolume.java:<init>(117)) - Creating HddsVolume: /home/runner/work/ozone/ozone/hadoop-ozone/integration-test/target/test-dir/MiniOzoneClusterImpl-11329d86-319f-4265-8dbd-04dd0b699e79/datanode-3/data-0/containers/hdds of storage type : DISK capacity : 9223372036854775807
2023-01-10 01:11:47,322 [Listener at 127.0.0.1/34303] INFO  volume.MutableVolumeSet (MutableVolumeSet.java:initializeVolumeSet(174)) - Added Volume : /home/runner/work/ozone/ozone/hadoop-ozone/integration-test/target/test-dir/MiniOzoneClusterImpl-11329d86-319f-4265-8dbd-04dd0b699e79/datanode-3/data-0/containers/hdds to VolumeSet
2023-01-10 01:11:47,322 [Listener at 127.0.0.1/34303] INFO  volume.ThrottledAsyncChecker (ThrottledAsyncChecker.java:schedule(141)) - Scheduling a check for /home/runner/work/ozone/ozone/hadoop-ozone/integration-test/target/test-dir/MiniOzoneClusterImpl-11329d86-319f-4265-8dbd-04dd0b699e79/datanode-3/data-0/containers/hdds
2023-01-10 01:11:47,328 [Listener at 127.0.0.1/34303] INFO  volume.StorageVolumeChecker (StorageVolumeChecker.java:checkAllVolumes(202)) - Scheduled health check for volume /home/runner/work/ozone/ozone/hadoop-ozone/integration-test/target/test-dir/MiniOzoneClusterImpl-11329d86-319f-4265-8dbd-04dd0b699e79/datanode-3/data-0/containers/hdds
2023-01-10 01:11:47,339 [Listener at 127.0.0.1/34303] INFO  volume.MutableVolumeSet (MutableVolumeSet.java:initializeVolumeSet(174)) - Added Volume : /home/runner/work/ozone/ozone/hadoop-ozone/integration-test/target/test-dir/MiniOzoneClusterImpl-11329d86-319f-4265-8dbd-04dd0b699e79/datanode-3/data/ratis to VolumeSet
2023-01-10 01:11:47,339 [Listener at 127.0.0.1/34303] INFO  volume.ThrottledAsyncChecker (ThrottledAsyncChecker.java:schedule(141)) - Scheduling a check for /home/runner/work/ozone/ozone/hadoop-ozone/integration-test/target/test-dir/MiniOzoneClusterImpl-11329d86-319f-4265-8dbd-04dd0b699e79/datanode-3/data/ratis
2023-01-10 01:11:47,339 [Listener at 127.0.0.1/34303] INFO  volume.StorageVolumeChecker (StorageVolumeChecker.java:checkAllVolumes(202)) - Scheduled health check for volume /home/runner/work/ozone/ozone/hadoop-ozone/integration-test/target/test-dir/MiniOzoneClusterImpl-11329d86-319f-4265-8dbd-04dd0b699e79/datanode-3/data/ratis
2023-01-10 01:11:47,349 [Thread-180] INFO  ozoneimpl.ContainerReader (ContainerReader.java:readVolume(175)) - Finish verifying containers on volume /home/runner/work/ozone/ozone/hadoop-ozone/integration-test/target/test-dir/MiniOzoneClusterImpl-11329d86-319f-4265-8dbd-04dd0b699e79/datanode-3/data-0/containers/hdds
2023-01-10 01:11:47,349 [Listener at 127.0.0.1/34303] INFO  ozoneimpl.OzoneContainer (OzoneContainer.java:buildContainerSet(301)) - Build ContainerSet costs 0s
2023-01-10 01:11:47,353 [Listener at 127.0.0.1/34303] INFO  server.RaftServer (ConfUtils.java:logGet(46)) - raft.rpc.type = GRPC (default)
2023-01-10 01:11:47,353 [Listener at 127.0.0.1/34303] INFO  grpc.GrpcConfigKeys (ConfUtils.java:logFallback(53)) - raft.grpc.admin.host = null (fallback to raft.grpc.server.host)
2023-01-10 01:11:47,353 [Listener at 127.0.0.1/34303] INFO  grpc.GrpcConfigKeys (ConfUtils.java:logGet(46)) - raft.grpc.admin.port = 0 (custom)
2023-01-10 01:11:47,353 [Listener at 127.0.0.1/34303] INFO  grpc.GrpcConfigKeys (ConfUtils.java:logFallback(53)) - raft.grpc.client.host = null (fallback to raft.grpc.server.host)
2023-01-10 01:11:47,353 [Listener at 127.0.0.1/34303] INFO  grpc.GrpcConfigKeys (ConfUtils.java:logGet(46)) - raft.grpc.client.port = 0 (custom)
2023-01-10 01:11:47,353 [Listener at 127.0.0.1/34303] INFO  grpc.GrpcConfigKeys (ConfUtils.java:logGet(46)) - raft.grpc.server.host = null (default)
2023-01-10 01:11:47,354 [Listener at 127.0.0.1/34303] INFO  grpc.GrpcConfigKeys (ConfUtils.java:logGet(46)) - raft.grpc.server.port = 0 (default)
2023-01-10 01:11:47,354 [Listener at 127.0.0.1/34303] INFO  server.GrpcService (ConfUtils.java:logGet(46)) - raft.grpc.message.size.max = 32MB (=33554432) (custom)
2023-01-10 01:11:47,354 [Listener at 127.0.0.1/34303] INFO  server.RaftServerConfigKeys (ConfUtils.java:logGet(46)) - raft.server.log.appender.buffer.byte-limit = 33554432 (custom)
2023-01-10 01:11:47,354 [Listener at 127.0.0.1/34303] INFO  server.GrpcService (ConfUtils.java:logGet(46)) - raft.grpc.flow.control.window = 5MB (=5242880) (custom)
2023-01-10 01:11:47,354 [Listener at 127.0.0.1/34303] INFO  server.RaftServerConfigKeys (ConfUtils.java:logGet(46)) - raft.server.rpc.request.timeout = 60s (custom)
2023-01-10 01:11:47,354 [Listener at 127.0.0.1/34303] INFO  grpc.GrpcConfigKeys (ConfUtils.java:logGet(46)) - raft.grpc.server.heartbeat.channel = true (default)
2023-01-10 01:11:47,354 [Listener at 127.0.0.1/34303] INFO  grpc.GrpcConfigKeys (ConfUtils.java:logGet(46)) - raft.grpc.server.async.request.thread.pool.cached = true (default)
2023-01-10 01:11:47,355 [Listener at 127.0.0.1/34303] INFO  grpc.GrpcConfigKeys (ConfUtils.java:logGet(46)) - raft.grpc.server.async.request.thread.pool.size = 32 (default)
2023-01-10 01:11:47,356 [Listener at 127.0.0.1/34303] INFO  impl.DataStreamServerImpl (ConfUtils.java:logGet(46)) - raft.datastream.type = NETTY (custom)
2023-01-10 01:11:47,356 [Listener at 127.0.0.1/34303] INFO  server.RaftServerConfigKeys (ConfUtils.java:logGet(46)) - raft.server.data-stream.async.request.thread.pool.cached = false (default)
2023-01-10 01:11:47,356 [Listener at 127.0.0.1/34303] INFO  server.RaftServerConfigKeys (ConfUtils.java:logGet(46)) - raft.server.data-stream.async.request.thread.pool.size = 20 (custom)
2023-01-10 01:11:47,356 [Listener at 127.0.0.1/34303] INFO  server.RaftServerConfigKeys (ConfUtils.java:logGet(46)) - raft.server.data-stream.async.write.thread.pool.size = 16 (default)
2023-01-10 01:11:47,356 [Listener at 127.0.0.1/34303] INFO  server.RaftServerConfigKeys (ConfUtils.java:logGet(46)) - raft.server.data-stream.client.pool.size = 10 (default)
2023-01-10 01:11:47,357 [Listener at 127.0.0.1/34303] INFO  netty.NettyConfigKeys$DataStream (ConfUtils.java:logGet(46)) - raft.netty.dataStream.server.use-epoll = false (default)
2023-01-10 01:11:47,357 [Listener at 127.0.0.1/34303] INFO  netty.NettyConfigKeys$DataStream (ConfUtils.java:logGet(46)) - raft.netty.dataStream.server.boss-group.size = 0 (default)
2023-01-10 01:11:47,357 [Listener at 127.0.0.1/34303] INFO  netty.NettyConfigKeys$DataStream (ConfUtils.java:logGet(46)) - raft.netty.dataStream.server.worker-group.size = 0 (default)
2023-01-10 01:11:47,358 [Listener at 127.0.0.1/34303] INFO  netty.NettyConfigKeys$DataStream (ConfUtils.java:logGet(46)) - raft.netty.dataStream.server.tls.conf = null (default)
2023-01-10 01:11:47,358 [Listener at 127.0.0.1/34303] INFO  netty.NettyConfigKeys$DataStream (ConfUtils.java:logGet(46)) - raft.netty.dataStream.host = null (default)
2023-01-10 01:11:47,358 [Listener at 127.0.0.1/34303] INFO  netty.NettyConfigKeys$DataStream (ConfUtils.java:logGet(46)) - raft.netty.dataStream.port = 0 (default)
2023-01-10 01:11:47,359 [Listener at 127.0.0.1/34303] INFO  server.RaftServerConfigKeys (ConfUtils.java:logGet(46)) - raft.server.threadpool.proxy.cached = true (default)
2023-01-10 01:11:47,359 [Listener at 127.0.0.1/34303] INFO  server.RaftServerConfigKeys (ConfUtils.java:logGet(46)) - raft.server.threadpool.proxy.size = 0 (default)
2023-01-10 01:11:47,359 [Listener at 127.0.0.1/34303] INFO  server.RaftServerConfigKeys (ConfUtils.java:logGet(46)) - raft.server.rpc.slowness.timeout = 300s (custom)
2023-01-10 01:11:47,359 [Listener at 127.0.0.1/34303] INFO  server.RaftServerConfigKeys (ConfUtils.java:logGet(46)) - raft.server.leaderelection.leader.step-down.wait-time = 10s (default)
2023-01-10 01:11:47,359 [Listener at 127.0.0.1/34303] INFO  server.RaftServerConfigKeys (ConfUtils.java:logGet(46)) - raft.server.storage.dir = [/home/runner/work/ozone/ozone/hadoop-ozone/integration-test/target/test-dir/MiniOzoneClusterImpl-11329d86-319f-4265-8dbd-04dd0b699e79/datanode-3/data/ratis] (custom)
2023-01-10 01:11:47,365 [de1dc05a-b420-436e-92e0-be95de2f8d14-NettyServerStreamRpc-bossGroup--thread1] INFO  logging.LoggingHandler (AbstractInternalLogger.java:log(148)) - [id: 0x8a7597cf] REGISTERED
2023-01-10 01:11:47,365 [de1dc05a-b420-436e-92e0-be95de2f8d14-NettyServerStreamRpc-bossGroup--thread1] INFO  logging.LoggingHandler (AbstractInternalLogger.java:log(148)) - [id: 0x8a7597cf] BIND: 0.0.0.0/0.0.0.0:0
2023-01-10 01:11:47,365 [de1dc05a-b420-436e-92e0-be95de2f8d14-NettyServerStreamRpc-bossGroup--thread1] INFO  logging.LoggingHandler (AbstractInternalLogger.java:log(148)) - [id: 0x8a7597cf, L:/0:0:0:0:0:0:0:0:39059] ACTIVE
2023-01-10 01:11:47,366 [Listener at 127.0.0.1/34303] INFO  server.XceiverServerGrpc (XceiverServerGrpc.java:<init>(132)) - GrpcServer channel type EpollServerSocketChannel
2023-01-10 01:11:47,370 [Listener at 127.0.0.1/34303] INFO  http.BaseHttpServer (BaseHttpServer.java:newHttpServer2BuilderForOzone(213)) - Starting Web-server for hddsDatanode at: http://0.0.0.0:0
2023-01-10 01:11:47,370 [Listener at 127.0.0.1/34303] INFO  http.BaseHttpServer (BaseHttpServer.java:<init>(108)) - Hadoop Security Enabled: false Ozone Security Enabled: false Ozone HTTP Security Enabled: false 
2023-01-10 01:11:47,371 [Listener at 127.0.0.1/34303] WARN  server.AuthenticationFilter (AuthenticationFilter.java:constructSecretProvider(240)) - Unable to initialize FileSignerSecretProvider, falling back to use random secrets. Reason: Could not read signature secret file: /home/runner/hadoop-http-auth-signature-secret
2023-01-10 01:11:47,372 [Listener at 127.0.0.1/34303] WARN  http.HttpRequestLog (HttpRequestLog.java:getRequestLog(103)) - Jetty request log can only be enabled using Log4j
2023-01-10 01:11:47,374 [Listener at 127.0.0.1/34303] INFO  http.HttpServer2 (HttpServer2.java:addGlobalFilter(1031)) - Added global filter 'safety' (class=org.apache.hadoop.hdds.server.http.HttpServer2$QuotingInputFilter)
2023-01-10 01:11:47,374 [Listener at 127.0.0.1/34303] INFO  http.HttpServer2 (HttpServer2.java:addFilter(1007)) - Added filter static_user_filter (class=org.apache.hadoop.http.lib.StaticUserWebFilter$StaticUserFilter) to context hddsDatanode
2023-01-10 01:11:47,375 [Listener at 127.0.0.1/34303] INFO  http.HttpServer2 (HttpServer2.java:addFilter(1015)) - Added filter static_user_filter (class=org.apache.hadoop.http.lib.StaticUserWebFilter$StaticUserFilter) to context static
2023-01-10 01:11:47,375 [Listener at 127.0.0.1/34303] INFO  http.HttpServer2 (HttpServer2.java:addFilter(1015)) - Added filter static_user_filter (class=org.apache.hadoop.http.lib.StaticUserWebFilter$StaticUserFilter) to context logs
2023-01-10 01:11:47,375 [Listener at 127.0.0.1/34303] INFO  http.HttpServer2 (HttpServer2.java:bindListener(1250)) - Jetty bound to port 34347
2023-01-10 01:11:47,375 [Listener at 127.0.0.1/34303] INFO  server.Server (Server.java:doStart(375)) - jetty-9.4.49.v20220914; built: 2022-09-14T01:07:36.601Z; git: 4231a3b2e4cb8548a412a789936d640a97b1aa0a; jvm 1.8.0_352-b08
2023-01-10 01:11:47,379 [Listener at 127.0.0.1/34303] INFO  server.session (DefaultSessionIdManager.java:doStart(334)) - DefaultSessionIdManager workerName=node0
2023-01-10 01:11:47,380 [Listener at 127.0.0.1/34303] INFO  server.session (DefaultSessionIdManager.java:doStart(339)) - No SessionScavenger set, using defaults
2023-01-10 01:11:47,380 [Listener at 127.0.0.1/34303] INFO  server.session (HouseKeeper.java:startScavenging(132)) - node0 Scavenging every 660000ms
2023-01-10 01:11:47,381 [Listener at 127.0.0.1/34303] INFO  handler.ContextHandler (ContextHandler.java:doStart(921)) - Started o.e.j.s.ServletContextHandler@7c0ff038{logs,/logs,file:///home/runner/work/ozone/ozone/hadoop-ozone/integration-test/target/log,AVAILABLE}
2023-01-10 01:11:47,381 [Listener at 127.0.0.1/34303] INFO  handler.ContextHandler (ContextHandler.java:doStart(921)) - Started o.e.j.s.ServletContextHandler@4d6ad67b{static,/static,jar:file:/home/runner/.m2/repository/org/apache/ozone/hdds-container-service/1.4.0-SNAPSHOT/hdds-container-service-1.4.0-SNAPSHOT.jar!/webapps/static,AVAILABLE}
2023-01-10 01:11:47,547 [Listener at 127.0.0.1/34303] INFO  handler.ContextHandler (ContextHandler.java:doStart(921)) - Started o.e.j.w.WebAppContext@9c10e9c{hddsDatanode,/,file:///tmp/jetty-0_0_0_0-34347-hdds-container-service-1_4_0-SNAPSHOT_jar-_-any-7449709546567921268/webapp/,AVAILABLE}{jar:file:/home/runner/.m2/repository/org/apache/ozone/hdds-container-service/1.4.0-SNAPSHOT/hdds-container-service-1.4.0-SNAPSHOT.jar!/webapps/hddsDatanode}
2023-01-10 01:11:47,549 [Listener at 127.0.0.1/34303] INFO  server.AbstractConnector (AbstractConnector.java:doStart(333)) - Started ServerConnector@1647eed2{HTTP/1.1, (http/1.1)}{0.0.0.0:34347}
2023-01-10 01:11:47,549 [Listener at 127.0.0.1/34303] INFO  server.Server (Server.java:doStart(415)) - Started @9151ms
2023-01-10 01:11:47,549 [Listener at 127.0.0.1/34303] WARN  impl.MetricsSystemImpl (MetricsSystemImpl.java:register(279)) - Sink prometheus already exists!
2023-01-10 01:11:47,550 [Listener at 127.0.0.1/34303] INFO  http.BaseHttpServer (BaseHttpServer.java:updateConnectorAddress(333)) - HTTP server of hddsDatanode listening at http://0.0.0.0:34347
2023-01-10 01:11:47,553 [Listener at 127.0.0.1/34303] WARN  impl.MetricRegistriesImpl (MetricRegistriesImpl.java:addReporterRegistration(111)) - New reporters are added after registries were created. Some metrics will be missing from the reporter. Please add reporter before adding any new registry.
2023-01-10 01:11:47,553 [Listener at 127.0.0.1/34303] WARN  impl.MetricRegistriesImpl (MetricRegistriesImpl.java:addReporterRegistration(111)) - New reporters are added after registries were created. Some metrics will be missing from the reporter. Please add reporter before adding any new registry.
2023-01-10 01:11:47,553 [Datanode State Machine Daemon Thread] INFO  statemachine.DatanodeStateMachine (DatanodeStateMachine.java:lambda$startDaemon$0(508)) - Ozone container server started.
2023-01-10 01:11:47,553 [Listener at 127.0.0.1/34303] INFO  impl.MetricsSystemImpl (MetricsSystemImpl.java:init(158)) - HddsDatanode metrics system started (again)
2023-01-10 01:11:47,565 [Listener at 127.0.0.1/34303] INFO  ozone.HddsDatanodeService (HddsDatanodeService.java:start(228)) - HddsDatanodeService host:fv-az353-623.tkyx2seitsuu3nmpmouz2httfb.bx.internal.cloudapp.net ip:10.1.0.24
2023-01-10 01:11:47,566 [org.apache.hadoop.util.JvmPauseMonitor$Monitor@475e3a08] INFO  util.JvmPauseMonitor (JvmPauseMonitor.java:run(188)) - Starting JVM pause monitor
2023-01-10 01:11:47,570 [Datanode State Machine Task Thread - 0] INFO  datanode.InitDatanodeState (InitDatanodeState.java:persistContainerDatanodeDetails(138)) - DatanodeDetails is persisted to /home/runner/work/ozone/ozone/hadoop-ozone/integration-test/target/test-dir/MiniOzoneClusterImpl-11329d86-319f-4265-8dbd-04dd0b699e79/datanode-3/meta/datanode.id
2023-01-10 01:11:47,589 [Listener at 127.0.0.1/34303] INFO  upgrade.AbstractLayoutVersionManager (AbstractLayoutVersionManager.java:init(83)) - Initializing Layout version manager with metadata layout = DATANODE_SCHEMA_V3 (version = 4), software layout = DATANODE_SCHEMA_V3 (version = 4)
2023-01-10 01:11:47,641 [Listener at 127.0.0.1/34303] INFO  reflections.Reflections (Reflections.java:scan(232)) - Reflections took 51 ms to scan 7 urls, producing 146 keys and 350 values 
2023-01-10 01:11:47,642 [Listener at 127.0.0.1/34303] INFO  statemachine.DatanodeStateMachine (DatanodeStateMachine.java:getEndPointTaskThreadPoolSize(248)) - Datanode State Machine Task Thread Pool size 2
2023-01-10 01:11:47,645 [Listener at 127.0.0.1/34303] INFO  volume.HddsVolume (HddsVolume.java:<init>(117)) - Creating HddsVolume: /home/runner/work/ozone/ozone/hadoop-ozone/integration-test/target/test-dir/MiniOzoneClusterImpl-11329d86-319f-4265-8dbd-04dd0b699e79/datanode-4/data-0/containers/hdds of storage type : DISK capacity : 9223372036854775807
2023-01-10 01:11:47,645 [Listener at 127.0.0.1/34303] INFO  volume.MutableVolumeSet (MutableVolumeSet.java:initializeVolumeSet(174)) - Added Volume : /home/runner/work/ozone/ozone/hadoop-ozone/integration-test/target/test-dir/MiniOzoneClusterImpl-11329d86-319f-4265-8dbd-04dd0b699e79/datanode-4/data-0/containers/hdds to VolumeSet
2023-01-10 01:11:47,645 [Listener at 127.0.0.1/34303] INFO  volume.ThrottledAsyncChecker (ThrottledAsyncChecker.java:schedule(141)) - Scheduling a check for /home/runner/work/ozone/ozone/hadoop-ozone/integration-test/target/test-dir/MiniOzoneClusterImpl-11329d86-319f-4265-8dbd-04dd0b699e79/datanode-4/data-0/containers/hdds
2023-01-10 01:11:47,646 [Listener at 127.0.0.1/34303] INFO  volume.StorageVolumeChecker (StorageVolumeChecker.java:checkAllVolumes(202)) - Scheduled health check for volume /home/runner/work/ozone/ozone/hadoop-ozone/integration-test/target/test-dir/MiniOzoneClusterImpl-11329d86-319f-4265-8dbd-04dd0b699e79/datanode-4/data-0/containers/hdds
2023-01-10 01:11:47,657 [Listener at 127.0.0.1/34303] INFO  volume.MutableVolumeSet (MutableVolumeSet.java:initializeVolumeSet(174)) - Added Volume : /home/runner/work/ozone/ozone/hadoop-ozone/integration-test/target/test-dir/MiniOzoneClusterImpl-11329d86-319f-4265-8dbd-04dd0b699e79/datanode-4/data/ratis to VolumeSet
2023-01-10 01:11:47,658 [Listener at 127.0.0.1/34303] INFO  volume.ThrottledAsyncChecker (ThrottledAsyncChecker.java:schedule(141)) - Scheduling a check for /home/runner/work/ozone/ozone/hadoop-ozone/integration-test/target/test-dir/MiniOzoneClusterImpl-11329d86-319f-4265-8dbd-04dd0b699e79/datanode-4/data/ratis
2023-01-10 01:11:47,658 [Listener at 127.0.0.1/34303] INFO  volume.StorageVolumeChecker (StorageVolumeChecker.java:checkAllVolumes(202)) - Scheduled health check for volume /home/runner/work/ozone/ozone/hadoop-ozone/integration-test/target/test-dir/MiniOzoneClusterImpl-11329d86-319f-4265-8dbd-04dd0b699e79/datanode-4/data/ratis
2023-01-10 01:11:47,669 [Thread-194] INFO  ozoneimpl.ContainerReader (ContainerReader.java:readVolume(175)) - Finish verifying containers on volume /home/runner/work/ozone/ozone/hadoop-ozone/integration-test/target/test-dir/MiniOzoneClusterImpl-11329d86-319f-4265-8dbd-04dd0b699e79/datanode-4/data-0/containers/hdds
2023-01-10 01:11:47,669 [Listener at 127.0.0.1/34303] INFO  ozoneimpl.OzoneContainer (OzoneContainer.java:buildContainerSet(301)) - Build ContainerSet costs 0s
2023-01-10 01:11:47,672 [Listener at 127.0.0.1/34303] INFO  server.RaftServer (ConfUtils.java:logGet(46)) - raft.rpc.type = GRPC (default)
2023-01-10 01:11:47,672 [Listener at 127.0.0.1/34303] INFO  grpc.GrpcConfigKeys (ConfUtils.java:logFallback(53)) - raft.grpc.admin.host = null (fallback to raft.grpc.server.host)
2023-01-10 01:11:47,672 [Listener at 127.0.0.1/34303] INFO  grpc.GrpcConfigKeys (ConfUtils.java:logGet(46)) - raft.grpc.admin.port = 0 (custom)
2023-01-10 01:11:47,672 [Listener at 127.0.0.1/34303] INFO  grpc.GrpcConfigKeys (ConfUtils.java:logFallback(53)) - raft.grpc.client.host = null (fallback to raft.grpc.server.host)
2023-01-10 01:11:47,673 [Listener at 127.0.0.1/34303] INFO  grpc.GrpcConfigKeys (ConfUtils.java:logGet(46)) - raft.grpc.client.port = 0 (custom)
2023-01-10 01:11:47,673 [Listener at 127.0.0.1/34303] INFO  grpc.GrpcConfigKeys (ConfUtils.java:logGet(46)) - raft.grpc.server.host = null (default)
2023-01-10 01:11:47,673 [Listener at 127.0.0.1/34303] INFO  grpc.GrpcConfigKeys (ConfUtils.java:logGet(46)) - raft.grpc.server.port = 0 (default)
2023-01-10 01:11:47,673 [Listener at 127.0.0.1/34303] INFO  server.GrpcService (ConfUtils.java:logGet(46)) - raft.grpc.message.size.max = 32MB (=33554432) (custom)
2023-01-10 01:11:47,673 [Listener at 127.0.0.1/34303] INFO  server.RaftServerConfigKeys (ConfUtils.java:logGet(46)) - raft.server.log.appender.buffer.byte-limit = 33554432 (custom)
2023-01-10 01:11:47,673 [Listener at 127.0.0.1/34303] INFO  server.GrpcService (ConfUtils.java:logGet(46)) - raft.grpc.flow.control.window = 5MB (=5242880) (custom)
2023-01-10 01:11:47,673 [Listener at 127.0.0.1/34303] INFO  server.RaftServerConfigKeys (ConfUtils.java:logGet(46)) - raft.server.rpc.request.timeout = 60s (custom)
2023-01-10 01:11:47,674 [Listener at 127.0.0.1/34303] INFO  grpc.GrpcConfigKeys (ConfUtils.java:logGet(46)) - raft.grpc.server.heartbeat.channel = true (default)
2023-01-10 01:11:47,674 [Listener at 127.0.0.1/34303] INFO  grpc.GrpcConfigKeys (ConfUtils.java:logGet(46)) - raft.grpc.server.async.request.thread.pool.cached = true (default)
2023-01-10 01:11:47,674 [Listener at 127.0.0.1/34303] INFO  grpc.GrpcConfigKeys (ConfUtils.java:logGet(46)) - raft.grpc.server.async.request.thread.pool.size = 32 (default)
2023-01-10 01:11:47,675 [Listener at 127.0.0.1/34303] INFO  impl.DataStreamServerImpl (ConfUtils.java:logGet(46)) - raft.datastream.type = NETTY (custom)
2023-01-10 01:11:47,675 [Listener at 127.0.0.1/34303] INFO  server.RaftServerConfigKeys (ConfUtils.java:logGet(46)) - raft.server.data-stream.async.request.thread.pool.cached = false (default)
2023-01-10 01:11:47,676 [Listener at 127.0.0.1/34303] INFO  server.RaftServerConfigKeys (ConfUtils.java:logGet(46)) - raft.server.data-stream.async.request.thread.pool.size = 20 (custom)
2023-01-10 01:11:47,676 [Listener at 127.0.0.1/34303] INFO  server.RaftServerConfigKeys (ConfUtils.java:logGet(46)) - raft.server.data-stream.async.write.thread.pool.size = 16 (default)
2023-01-10 01:11:47,676 [Listener at 127.0.0.1/34303] INFO  server.RaftServerConfigKeys (ConfUtils.java:logGet(46)) - raft.server.data-stream.client.pool.size = 10 (default)
2023-01-10 01:11:47,676 [Listener at 127.0.0.1/34303] INFO  netty.NettyConfigKeys$DataStream (ConfUtils.java:logGet(46)) - raft.netty.dataStream.server.use-epoll = false (default)
2023-01-10 01:11:47,676 [Listener at 127.0.0.1/34303] INFO  netty.NettyConfigKeys$DataStream (ConfUtils.java:logGet(46)) - raft.netty.dataStream.server.boss-group.size = 0 (default)
2023-01-10 01:11:47,677 [Listener at 127.0.0.1/34303] INFO  netty.NettyConfigKeys$DataStream (ConfUtils.java:logGet(46)) - raft.netty.dataStream.server.worker-group.size = 0 (default)
2023-01-10 01:11:47,678 [Listener at 127.0.0.1/34303] INFO  netty.NettyConfigKeys$DataStream (ConfUtils.java:logGet(46)) - raft.netty.dataStream.server.tls.conf = null (default)
2023-01-10 01:11:47,678 [Listener at 127.0.0.1/34303] INFO  netty.NettyConfigKeys$DataStream (ConfUtils.java:logGet(46)) - raft.netty.dataStream.host = null (default)
2023-01-10 01:11:47,678 [Listener at 127.0.0.1/34303] INFO  netty.NettyConfigKeys$DataStream (ConfUtils.java:logGet(46)) - raft.netty.dataStream.port = 0 (default)
2023-01-10 01:11:47,678 [Listener at 127.0.0.1/34303] INFO  server.RaftServerConfigKeys (ConfUtils.java:logGet(46)) - raft.server.threadpool.proxy.cached = true (default)
2023-01-10 01:11:47,679 [Listener at 127.0.0.1/34303] INFO  server.RaftServerConfigKeys (ConfUtils.java:logGet(46)) - raft.server.threadpool.proxy.size = 0 (default)
2023-01-10 01:11:47,679 [Listener at 127.0.0.1/34303] INFO  server.RaftServerConfigKeys (ConfUtils.java:logGet(46)) - raft.server.rpc.slowness.timeout = 300s (custom)
2023-01-10 01:11:47,679 [Listener at 127.0.0.1/34303] INFO  server.RaftServerConfigKeys (ConfUtils.java:logGet(46)) - raft.server.leaderelection.leader.step-down.wait-time = 10s (default)
2023-01-10 01:11:47,679 [Listener at 127.0.0.1/34303] INFO  server.RaftServerConfigKeys (ConfUtils.java:logGet(46)) - raft.server.storage.dir = [/home/runner/work/ozone/ozone/hadoop-ozone/integration-test/target/test-dir/MiniOzoneClusterImpl-11329d86-319f-4265-8dbd-04dd0b699e79/datanode-4/data/ratis] (custom)
2023-01-10 01:11:47,682 [43274a1e-e531-4976-aba4-4015449e37b0-NettyServerStreamRpc-bossGroup--thread1] INFO  logging.LoggingHandler (AbstractInternalLogger.java:log(148)) - [id: 0x2d1a0a73] REGISTERED
2023-01-10 01:11:47,682 [43274a1e-e531-4976-aba4-4015449e37b0-NettyServerStreamRpc-bossGroup--thread1] INFO  logging.LoggingHandler (AbstractInternalLogger.java:log(148)) - [id: 0x2d1a0a73] BIND: 0.0.0.0/0.0.0.0:0
2023-01-10 01:11:47,682 [43274a1e-e531-4976-aba4-4015449e37b0-NettyServerStreamRpc-bossGroup--thread1] INFO  logging.LoggingHandler (AbstractInternalLogger.java:log(148)) - [id: 0x2d1a0a73, L:/0:0:0:0:0:0:0:0:36845] ACTIVE
2023-01-10 01:11:47,685 [Listener at 127.0.0.1/34303] INFO  server.XceiverServerGrpc (XceiverServerGrpc.java:<init>(132)) - GrpcServer channel type EpollServerSocketChannel
2023-01-10 01:11:47,691 [Listener at 127.0.0.1/34303] INFO  http.BaseHttpServer (BaseHttpServer.java:newHttpServer2BuilderForOzone(213)) - Starting Web-server for hddsDatanode at: http://0.0.0.0:0
2023-01-10 01:11:47,691 [Listener at 127.0.0.1/34303] INFO  http.BaseHttpServer (BaseHttpServer.java:<init>(108)) - Hadoop Security Enabled: false Ozone Security Enabled: false Ozone HTTP Security Enabled: false 
2023-01-10 01:11:47,692 [Listener at 127.0.0.1/34303] WARN  server.AuthenticationFilter (AuthenticationFilter.java:constructSecretProvider(240)) - Unable to initialize FileSignerSecretProvider, falling back to use random secrets. Reason: Could not read signature secret file: /home/runner/hadoop-http-auth-signature-secret
2023-01-10 01:11:47,698 [Listener at 127.0.0.1/34303] WARN  http.HttpRequestLog (HttpRequestLog.java:getRequestLog(103)) - Jetty request log can only be enabled using Log4j
2023-01-10 01:11:47,699 [Listener at 127.0.0.1/34303] INFO  http.HttpServer2 (HttpServer2.java:addGlobalFilter(1031)) - Added global filter 'safety' (class=org.apache.hadoop.hdds.server.http.HttpServer2$QuotingInputFilter)
2023-01-10 01:11:47,700 [Listener at 127.0.0.1/34303] INFO  http.HttpServer2 (HttpServer2.java:addFilter(1007)) - Added filter static_user_filter (class=org.apache.hadoop.http.lib.StaticUserWebFilter$StaticUserFilter) to context hddsDatanode
2023-01-10 01:11:47,700 [Listener at 127.0.0.1/34303] INFO  http.HttpServer2 (HttpServer2.java:addFilter(1015)) - Added filter static_user_filter (class=org.apache.hadoop.http.lib.StaticUserWebFilter$StaticUserFilter) to context logs
2023-01-10 01:11:47,700 [Listener at 127.0.0.1/34303] INFO  http.HttpServer2 (HttpServer2.java:addFilter(1015)) - Added filter static_user_filter (class=org.apache.hadoop.http.lib.StaticUserWebFilter$StaticUserFilter) to context static
2023-01-10 01:11:47,702 [Listener at 127.0.0.1/34303] INFO  http.HttpServer2 (HttpServer2.java:bindListener(1250)) - Jetty bound to port 41519
2023-01-10 01:11:47,702 [Listener at 127.0.0.1/34303] INFO  server.Server (Server.java:doStart(375)) - jetty-9.4.49.v20220914; built: 2022-09-14T01:07:36.601Z; git: 4231a3b2e4cb8548a412a789936d640a97b1aa0a; jvm 1.8.0_352-b08
2023-01-10 01:11:47,709 [Listener at 127.0.0.1/34303] INFO  server.session (DefaultSessionIdManager.java:doStart(334)) - DefaultSessionIdManager workerName=node0
2023-01-10 01:11:47,709 [Listener at 127.0.0.1/34303] INFO  server.session (DefaultSessionIdManager.java:doStart(339)) - No SessionScavenger set, using defaults
2023-01-10 01:11:47,709 [Listener at 127.0.0.1/34303] INFO  server.session (HouseKeeper.java:startScavenging(132)) - node0 Scavenging every 600000ms
2023-01-10 01:11:47,710 [Listener at 127.0.0.1/34303] INFO  handler.ContextHandler (ContextHandler.java:doStart(921)) - Started o.e.j.s.ServletContextHandler@516acd72{logs,/logs,file:///home/runner/work/ozone/ozone/hadoop-ozone/integration-test/target/log,AVAILABLE}
2023-01-10 01:11:47,711 [Listener at 127.0.0.1/34303] INFO  handler.ContextHandler (ContextHandler.java:doStart(921)) - Started o.e.j.s.ServletContextHandler@143b32f4{static,/static,jar:file:/home/runner/.m2/repository/org/apache/ozone/hdds-container-service/1.4.0-SNAPSHOT/hdds-container-service-1.4.0-SNAPSHOT.jar!/webapps/static,AVAILABLE}
2023-01-10 01:11:47,879 [Listener at 127.0.0.1/34303] INFO  handler.ContextHandler (ContextHandler.java:doStart(921)) - Started o.e.j.w.WebAppContext@552d2df6{hddsDatanode,/,file:///tmp/jetty-0_0_0_0-41519-hdds-container-service-1_4_0-SNAPSHOT_jar-_-any-1651366455302163785/webapp/,AVAILABLE}{jar:file:/home/runner/.m2/repository/org/apache/ozone/hdds-container-service/1.4.0-SNAPSHOT/hdds-container-service-1.4.0-SNAPSHOT.jar!/webapps/hddsDatanode}
2023-01-10 01:11:47,880 [Listener at 127.0.0.1/34303] INFO  server.AbstractConnector (AbstractConnector.java:doStart(333)) - Started ServerConnector@46d80eb{HTTP/1.1, (http/1.1)}{0.0.0.0:41519}
2023-01-10 01:11:47,880 [Listener at 127.0.0.1/34303] INFO  server.Server (Server.java:doStart(415)) - Started @9482ms
2023-01-10 01:11:47,881 [Listener at 127.0.0.1/34303] WARN  impl.MetricsSystemImpl (MetricsSystemImpl.java:register(279)) - Sink prometheus already exists!
2023-01-10 01:11:47,881 [Listener at 127.0.0.1/34303] INFO  http.BaseHttpServer (BaseHttpServer.java:updateConnectorAddress(333)) - HTTP server of hddsDatanode listening at http://0.0.0.0:41519
2023-01-10 01:11:47,882 [Datanode State Machine Daemon Thread] INFO  statemachine.DatanodeStateMachine (DatanodeStateMachine.java:lambda$startDaemon$0(508)) - Ozone container server started.
2023-01-10 01:11:47,886 [Listener at 127.0.0.1/34303] WARN  impl.MetricRegistriesImpl (MetricRegistriesImpl.java:addReporterRegistration(111)) - New reporters are added after registries were created. Some metrics will be missing from the reporter. Please add reporter before adding any new registry.
2023-01-10 01:11:47,886 [Listener at 127.0.0.1/34303] WARN  impl.MetricRegistriesImpl (MetricRegistriesImpl.java:addReporterRegistration(111)) - New reporters are added after registries were created. Some metrics will be missing from the reporter. Please add reporter before adding any new registry.
2023-01-10 01:11:47,886 [Listener at 127.0.0.1/34303] INFO  impl.MetricsSystemImpl (MetricsSystemImpl.java:init(158)) - HddsDatanode metrics system started (again)
2023-01-10 01:11:47,897 [Listener at 127.0.0.1/34303] INFO  ozone.HddsDatanodeService (HddsDatanodeService.java:start(228)) - HddsDatanodeService host:fv-az353-623.tkyx2seitsuu3nmpmouz2httfb.bx.internal.cloudapp.net ip:10.1.0.24
2023-01-10 01:11:47,898 [org.apache.hadoop.util.JvmPauseMonitor$Monitor@8bd376b] INFO  util.JvmPauseMonitor (JvmPauseMonitor.java:run(188)) - Starting JVM pause monitor
2023-01-10 01:11:47,899 [Datanode State Machine Task Thread - 0] INFO  datanode.InitDatanodeState (InitDatanodeState.java:persistContainerDatanodeDetails(138)) - DatanodeDetails is persisted to /home/runner/work/ozone/ozone/hadoop-ozone/integration-test/target/test-dir/MiniOzoneClusterImpl-11329d86-319f-4265-8dbd-04dd0b699e79/datanode-4/meta/datanode.id
2023-01-10 01:11:47,923 [Listener at 127.0.0.1/34303] INFO  upgrade.AbstractLayoutVersionManager (AbstractLayoutVersionManager.java:init(83)) - Initializing Layout version manager with metadata layout = DATANODE_SCHEMA_V3 (version = 4), software layout = DATANODE_SCHEMA_V3 (version = 4)
2023-01-10 01:11:47,967 [Listener at 127.0.0.1/34303] INFO  reflections.Reflections (Reflections.java:scan(232)) - Reflections took 43 ms to scan 7 urls, producing 146 keys and 350 values 
2023-01-10 01:11:47,969 [Listener at 127.0.0.1/34303] INFO  statemachine.DatanodeStateMachine (DatanodeStateMachine.java:getEndPointTaskThreadPoolSize(248)) - Datanode State Machine Task Thread Pool size 2
2023-01-10 01:11:47,971 [Listener at 127.0.0.1/34303] INFO  volume.HddsVolume (HddsVolume.java:<init>(117)) - Creating HddsVolume: /home/runner/work/ozone/ozone/hadoop-ozone/integration-test/target/test-dir/MiniOzoneClusterImpl-11329d86-319f-4265-8dbd-04dd0b699e79/datanode-5/data-0/containers/hdds of storage type : DISK capacity : 9223372036854775807
2023-01-10 01:11:47,971 [Listener at 127.0.0.1/34303] INFO  volume.MutableVolumeSet (MutableVolumeSet.java:initializeVolumeSet(174)) - Added Volume : /home/runner/work/ozone/ozone/hadoop-ozone/integration-test/target/test-dir/MiniOzoneClusterImpl-11329d86-319f-4265-8dbd-04dd0b699e79/datanode-5/data-0/containers/hdds to VolumeSet
2023-01-10 01:11:47,971 [Listener at 127.0.0.1/34303] INFO  volume.ThrottledAsyncChecker (ThrottledAsyncChecker.java:schedule(141)) - Scheduling a check for /home/runner/work/ozone/ozone/hadoop-ozone/integration-test/target/test-dir/MiniOzoneClusterImpl-11329d86-319f-4265-8dbd-04dd0b699e79/datanode-5/data-0/containers/hdds
2023-01-10 01:11:47,973 [Listener at 127.0.0.1/34303] INFO  volume.StorageVolumeChecker (StorageVolumeChecker.java:checkAllVolumes(202)) - Scheduled health check for volume /home/runner/work/ozone/ozone/hadoop-ozone/integration-test/target/test-dir/MiniOzoneClusterImpl-11329d86-319f-4265-8dbd-04dd0b699e79/datanode-5/data-0/containers/hdds
2023-01-10 01:11:47,984 [Listener at 127.0.0.1/34303] INFO  volume.MutableVolumeSet (MutableVolumeSet.java:initializeVolumeSet(174)) - Added Volume : /home/runner/work/ozone/ozone/hadoop-ozone/integration-test/target/test-dir/MiniOzoneClusterImpl-11329d86-319f-4265-8dbd-04dd0b699e79/datanode-5/data/ratis to VolumeSet
2023-01-10 01:11:47,984 [Listener at 127.0.0.1/34303] INFO  volume.ThrottledAsyncChecker (ThrottledAsyncChecker.java:schedule(141)) - Scheduling a check for /home/runner/work/ozone/ozone/hadoop-ozone/integration-test/target/test-dir/MiniOzoneClusterImpl-11329d86-319f-4265-8dbd-04dd0b699e79/datanode-5/data/ratis
2023-01-10 01:11:47,985 [Listener at 127.0.0.1/34303] INFO  volume.StorageVolumeChecker (StorageVolumeChecker.java:checkAllVolumes(202)) - Scheduled health check for volume /home/runner/work/ozone/ozone/hadoop-ozone/integration-test/target/test-dir/MiniOzoneClusterImpl-11329d86-319f-4265-8dbd-04dd0b699e79/datanode-5/data/ratis
2023-01-10 01:11:47,997 [Thread-208] INFO  ozoneimpl.ContainerReader (ContainerReader.java:readVolume(175)) - Finish verifying containers on volume /home/runner/work/ozone/ozone/hadoop-ozone/integration-test/target/test-dir/MiniOzoneClusterImpl-11329d86-319f-4265-8dbd-04dd0b699e79/datanode-5/data-0/containers/hdds
2023-01-10 01:11:47,997 [Listener at 127.0.0.1/34303] INFO  ozoneimpl.OzoneContainer (OzoneContainer.java:buildContainerSet(301)) - Build ContainerSet costs 0s
2023-01-10 01:11:48,000 [Listener at 127.0.0.1/34303] INFO  server.RaftServer (ConfUtils.java:logGet(46)) - raft.rpc.type = GRPC (default)
2023-01-10 01:11:48,000 [Listener at 127.0.0.1/34303] INFO  grpc.GrpcConfigKeys (ConfUtils.java:logFallback(53)) - raft.grpc.admin.host = null (fallback to raft.grpc.server.host)
2023-01-10 01:11:48,000 [Listener at 127.0.0.1/34303] INFO  grpc.GrpcConfigKeys (ConfUtils.java:logGet(46)) - raft.grpc.admin.port = 0 (custom)
2023-01-10 01:11:48,000 [Listener at 127.0.0.1/34303] INFO  grpc.GrpcConfigKeys (ConfUtils.java:logFallback(53)) - raft.grpc.client.host = null (fallback to raft.grpc.server.host)
2023-01-10 01:11:48,001 [Listener at 127.0.0.1/34303] INFO  grpc.GrpcConfigKeys (ConfUtils.java:logGet(46)) - raft.grpc.client.port = 0 (custom)
2023-01-10 01:11:48,001 [Listener at 127.0.0.1/34303] INFO  grpc.GrpcConfigKeys (ConfUtils.java:logGet(46)) - raft.grpc.server.host = null (default)
2023-01-10 01:11:48,001 [Listener at 127.0.0.1/34303] INFO  grpc.GrpcConfigKeys (ConfUtils.java:logGet(46)) - raft.grpc.server.port = 0 (default)
2023-01-10 01:11:48,001 [Listener at 127.0.0.1/34303] INFO  server.GrpcService (ConfUtils.java:logGet(46)) - raft.grpc.message.size.max = 32MB (=33554432) (custom)
2023-01-10 01:11:48,001 [Listener at 127.0.0.1/34303] INFO  server.RaftServerConfigKeys (ConfUtils.java:logGet(46)) - raft.server.log.appender.buffer.byte-limit = 33554432 (custom)
2023-01-10 01:11:48,001 [Listener at 127.0.0.1/34303] INFO  server.GrpcService (ConfUtils.java:logGet(46)) - raft.grpc.flow.control.window = 5MB (=5242880) (custom)
2023-01-10 01:11:48,001 [Listener at 127.0.0.1/34303] INFO  server.RaftServerConfigKeys (ConfUtils.java:logGet(46)) - raft.server.rpc.request.timeout = 60s (custom)
2023-01-10 01:11:48,002 [Listener at 127.0.0.1/34303] INFO  grpc.GrpcConfigKeys (ConfUtils.java:logGet(46)) - raft.grpc.server.heartbeat.channel = true (default)
2023-01-10 01:11:48,002 [Listener at 127.0.0.1/34303] INFO  grpc.GrpcConfigKeys (ConfUtils.java:logGet(46)) - raft.grpc.server.async.request.thread.pool.cached = true (default)
2023-01-10 01:11:48,002 [Listener at 127.0.0.1/34303] INFO  grpc.GrpcConfigKeys (ConfUtils.java:logGet(46)) - raft.grpc.server.async.request.thread.pool.size = 32 (default)
2023-01-10 01:11:48,003 [Listener at 127.0.0.1/34303] INFO  impl.DataStreamServerImpl (ConfUtils.java:logGet(46)) - raft.datastream.type = NETTY (custom)
2023-01-10 01:11:48,003 [Listener at 127.0.0.1/34303] INFO  server.RaftServerConfigKeys (ConfUtils.java:logGet(46)) - raft.server.data-stream.async.request.thread.pool.cached = false (default)
2023-01-10 01:11:48,004 [Listener at 127.0.0.1/34303] INFO  server.RaftServerConfigKeys (ConfUtils.java:logGet(46)) - raft.server.data-stream.async.request.thread.pool.size = 20 (custom)
2023-01-10 01:11:48,004 [Listener at 127.0.0.1/34303] INFO  server.RaftServerConfigKeys (ConfUtils.java:logGet(46)) - raft.server.data-stream.async.write.thread.pool.size = 16 (default)
2023-01-10 01:11:48,004 [Listener at 127.0.0.1/34303] INFO  server.RaftServerConfigKeys (ConfUtils.java:logGet(46)) - raft.server.data-stream.client.pool.size = 10 (default)
2023-01-10 01:11:48,004 [Listener at 127.0.0.1/34303] INFO  netty.NettyConfigKeys$DataStream (ConfUtils.java:logGet(46)) - raft.netty.dataStream.server.use-epoll = false (default)
2023-01-10 01:11:48,004 [Listener at 127.0.0.1/34303] INFO  netty.NettyConfigKeys$DataStream (ConfUtils.java:logGet(46)) - raft.netty.dataStream.server.boss-group.size = 0 (default)
2023-01-10 01:11:48,005 [Listener at 127.0.0.1/34303] INFO  netty.NettyConfigKeys$DataStream (ConfUtils.java:logGet(46)) - raft.netty.dataStream.server.worker-group.size = 0 (default)
2023-01-10 01:11:48,005 [Listener at 127.0.0.1/34303] INFO  netty.NettyConfigKeys$DataStream (ConfUtils.java:logGet(46)) - raft.netty.dataStream.server.tls.conf = null (default)
2023-01-10 01:11:48,005 [Listener at 127.0.0.1/34303] INFO  netty.NettyConfigKeys$DataStream (ConfUtils.java:logGet(46)) - raft.netty.dataStream.host = null (default)
2023-01-10 01:11:48,005 [Listener at 127.0.0.1/34303] INFO  netty.NettyConfigKeys$DataStream (ConfUtils.java:logGet(46)) - raft.netty.dataStream.port = 0 (default)
2023-01-10 01:11:48,006 [Listener at 127.0.0.1/34303] INFO  server.RaftServerConfigKeys (ConfUtils.java:logGet(46)) - raft.server.threadpool.proxy.cached = true (default)
2023-01-10 01:11:48,006 [Listener at 127.0.0.1/34303] INFO  server.RaftServerConfigKeys (ConfUtils.java:logGet(46)) - raft.server.threadpool.proxy.size = 0 (default)
2023-01-10 01:11:48,006 [Listener at 127.0.0.1/34303] INFO  server.RaftServerConfigKeys (ConfUtils.java:logGet(46)) - raft.server.rpc.slowness.timeout = 300s (custom)
2023-01-10 01:11:48,006 [Listener at 127.0.0.1/34303] INFO  server.RaftServerConfigKeys (ConfUtils.java:logGet(46)) - raft.server.leaderelection.leader.step-down.wait-time = 10s (default)
2023-01-10 01:11:48,006 [Listener at 127.0.0.1/34303] INFO  server.RaftServerConfigKeys (ConfUtils.java:logGet(46)) - raft.server.storage.dir = [/home/runner/work/ozone/ozone/hadoop-ozone/integration-test/target/test-dir/MiniOzoneClusterImpl-11329d86-319f-4265-8dbd-04dd0b699e79/datanode-5/data/ratis] (custom)
2023-01-10 01:11:48,009 [819a9d5b-d004-47f6-9883-bc546cfa0094-NettyServerStreamRpc-bossGroup--thread1] INFO  logging.LoggingHandler (AbstractInternalLogger.java:log(148)) - [id: 0x844f0253] REGISTERED
2023-01-10 01:11:48,010 [Listener at 127.0.0.1/34303] INFO  server.XceiverServerGrpc (XceiverServerGrpc.java:<init>(132)) - GrpcServer channel type EpollServerSocketChannel
2023-01-10 01:11:48,012 [819a9d5b-d004-47f6-9883-bc546cfa0094-NettyServerStreamRpc-bossGroup--thread1] INFO  logging.LoggingHandler (AbstractInternalLogger.java:log(148)) - [id: 0x844f0253] BIND: 0.0.0.0/0.0.0.0:0
2023-01-10 01:11:48,012 [819a9d5b-d004-47f6-9883-bc546cfa0094-NettyServerStreamRpc-bossGroup--thread1] INFO  logging.LoggingHandler (AbstractInternalLogger.java:log(148)) - [id: 0x844f0253, L:/0:0:0:0:0:0:0:0:43921] ACTIVE
2023-01-10 01:11:48,014 [Listener at 127.0.0.1/34303] INFO  http.BaseHttpServer (BaseHttpServer.java:newHttpServer2BuilderForOzone(213)) - Starting Web-server for hddsDatanode at: http://0.0.0.0:0
2023-01-10 01:11:48,014 [Listener at 127.0.0.1/34303] INFO  http.BaseHttpServer (BaseHttpServer.java:<init>(108)) - Hadoop Security Enabled: false Ozone Security Enabled: false Ozone HTTP Security Enabled: false 
2023-01-10 01:11:48,015 [Listener at 127.0.0.1/34303] WARN  server.AuthenticationFilter (AuthenticationFilter.java:constructSecretProvider(240)) - Unable to initialize FileSignerSecretProvider, falling back to use random secrets. Reason: Could not read signature secret file: /home/runner/hadoop-http-auth-signature-secret
2023-01-10 01:11:48,016 [Listener at 127.0.0.1/34303] WARN  http.HttpRequestLog (HttpRequestLog.java:getRequestLog(103)) - Jetty request log can only be enabled using Log4j
2023-01-10 01:11:48,017 [Listener at 127.0.0.1/34303] INFO  http.HttpServer2 (HttpServer2.java:addGlobalFilter(1031)) - Added global filter 'safety' (class=org.apache.hadoop.hdds.server.http.HttpServer2$QuotingInputFilter)
2023-01-10 01:11:48,018 [Listener at 127.0.0.1/34303] INFO  http.HttpServer2 (HttpServer2.java:addFilter(1007)) - Added filter static_user_filter (class=org.apache.hadoop.http.lib.StaticUserWebFilter$StaticUserFilter) to context hddsDatanode
2023-01-10 01:11:48,018 [Listener at 127.0.0.1/34303] INFO  http.HttpServer2 (HttpServer2.java:addFilter(1015)) - Added filter static_user_filter (class=org.apache.hadoop.http.lib.StaticUserWebFilter$StaticUserFilter) to context logs
2023-01-10 01:11:48,018 [Listener at 127.0.0.1/34303] INFO  http.HttpServer2 (HttpServer2.java:addFilter(1015)) - Added filter static_user_filter (class=org.apache.hadoop.http.lib.StaticUserWebFilter$StaticUserFilter) to context static
2023-01-10 01:11:48,019 [Listener at 127.0.0.1/34303] INFO  http.HttpServer2 (HttpServer2.java:bindListener(1250)) - Jetty bound to port 45163
2023-01-10 01:11:48,019 [Listener at 127.0.0.1/34303] INFO  server.Server (Server.java:doStart(375)) - jetty-9.4.49.v20220914; built: 2022-09-14T01:07:36.601Z; git: 4231a3b2e4cb8548a412a789936d640a97b1aa0a; jvm 1.8.0_352-b08
2023-01-10 01:11:48,022 [Listener at 127.0.0.1/34303] INFO  server.session (DefaultSessionIdManager.java:doStart(334)) - DefaultSessionIdManager workerName=node0
2023-01-10 01:11:48,023 [Listener at 127.0.0.1/34303] INFO  server.session (DefaultSessionIdManager.java:doStart(339)) - No SessionScavenger set, using defaults
2023-01-10 01:11:48,023 [Listener at 127.0.0.1/34303] INFO  server.session (HouseKeeper.java:startScavenging(132)) - node0 Scavenging every 600000ms
2023-01-10 01:11:48,024 [Listener at 127.0.0.1/34303] INFO  handler.ContextHandler (ContextHandler.java:doStart(921)) - Started o.e.j.s.ServletContextHandler@8161366{logs,/logs,file:///home/runner/work/ozone/ozone/hadoop-ozone/integration-test/target/log,AVAILABLE}
2023-01-10 01:11:48,024 [Listener at 127.0.0.1/34303] INFO  handler.ContextHandler (ContextHandler.java:doStart(921)) - Started o.e.j.s.ServletContextHandler@1d5b2d04{static,/static,jar:file:/home/runner/.m2/repository/org/apache/ozone/hdds-container-service/1.4.0-SNAPSHOT/hdds-container-service-1.4.0-SNAPSHOT.jar!/webapps/static,AVAILABLE}
2023-01-10 01:11:48,193 [Listener at 127.0.0.1/34303] INFO  handler.ContextHandler (ContextHandler.java:doStart(921)) - Started o.e.j.w.WebAppContext@2379f977{hddsDatanode,/,file:///tmp/jetty-0_0_0_0-45163-hdds-container-service-1_4_0-SNAPSHOT_jar-_-any-5481975657008531155/webapp/,AVAILABLE}{jar:file:/home/runner/.m2/repository/org/apache/ozone/hdds-container-service/1.4.0-SNAPSHOT/hdds-container-service-1.4.0-SNAPSHOT.jar!/webapps/hddsDatanode}
2023-01-10 01:11:48,194 [Listener at 127.0.0.1/34303] INFO  server.AbstractConnector (AbstractConnector.java:doStart(333)) - Started ServerConnector@1d070725{HTTP/1.1, (http/1.1)}{0.0.0.0:45163}
2023-01-10 01:11:48,194 [Listener at 127.0.0.1/34303] INFO  server.Server (Server.java:doStart(415)) - Started @9796ms
2023-01-10 01:11:48,194 [Listener at 127.0.0.1/34303] WARN  impl.MetricsSystemImpl (MetricsSystemImpl.java:register(279)) - Sink prometheus already exists!
2023-01-10 01:11:48,195 [Listener at 127.0.0.1/34303] INFO  http.BaseHttpServer (BaseHttpServer.java:updateConnectorAddress(333)) - HTTP server of hddsDatanode listening at http://0.0.0.0:45163
2023-01-10 01:11:48,196 [Datanode State Machine Daemon Thread] INFO  statemachine.DatanodeStateMachine (DatanodeStateMachine.java:lambda$startDaemon$0(508)) - Ozone container server started.
2023-01-10 01:11:48,207 [Datanode State Machine Task Thread - 0] INFO  datanode.InitDatanodeState (InitDatanodeState.java:persistContainerDatanodeDetails(138)) - DatanodeDetails is persisted to /home/runner/work/ozone/ozone/hadoop-ozone/integration-test/target/test-dir/MiniOzoneClusterImpl-11329d86-319f-4265-8dbd-04dd0b699e79/datanode-5/meta/datanode.id
2023-01-10 01:11:48,208 [Listener at 127.0.0.1/34303] INFO  ozone.MiniOzoneClusterImpl (MiniOzoneClusterImpl.java:lambda$waitForClusterToBeReady$0(218)) - Waiting for nodes to be ready. Got 0 of 6 DN Heartbeats.
2023-01-10 01:11:48,208 [Listener at 127.0.0.1/34303] INFO  ozone.MiniOzoneClusterImpl (MiniOzoneClusterImpl.java:lambda$waitForClusterToBeReady$0(221)) - Waiting for cluster to exit safe mode
2023-01-10 01:11:48,208 [Listener at 127.0.0.1/34303] INFO  ozone.MiniOzoneClusterImpl (MiniOzoneClusterImpl.java:lambda$waitForClusterToBeReady$0(223)) - SCM became leader
2023-01-10 01:11:48,208 [org.apache.hadoop.util.JvmPauseMonitor$Monitor@5cb708d0] INFO  util.JvmPauseMonitor (JvmPauseMonitor.java:run(188)) - Starting JVM pause monitor
2023-01-10 01:11:48,516 [EndpointStateMachine task thread for /0.0.0.0:42039 - 0 ] INFO  utils.DatanodeStoreCache (DatanodeStoreCache.java:addDB(58)) - Added db /home/runner/work/ozone/ozone/hadoop-ozone/integration-test/target/test-dir/MiniOzoneClusterImpl-11329d86-319f-4265-8dbd-04dd0b699e79/datanode-0/data-0/containers/hdds/11329d86-319f-4265-8dbd-04dd0b699e79/DS-e20f50f6-c3ad-4272-943d-d72f9216555a/container.db to cache
2023-01-10 01:11:48,516 [EndpointStateMachine task thread for /0.0.0.0:42039 - 0 ] INFO  volume.HddsVolume (HddsVolume.java:createDbStore(307)) - SchemaV3 db is created and loaded at /home/runner/work/ozone/ozone/hadoop-ozone/integration-test/target/test-dir/MiniOzoneClusterImpl-11329d86-319f-4265-8dbd-04dd0b699e79/datanode-0/data-0/containers/hdds/11329d86-319f-4265-8dbd-04dd0b699e79/DS-e20f50f6-c3ad-4272-943d-d72f9216555a/container.db for volume DS-e20f50f6-c3ad-4272-943d-d72f9216555a
2023-01-10 01:11:48,517 [EndpointStateMachine task thread for /0.0.0.0:42039 - 0 ] INFO  ozoneimpl.OzoneContainer (OzoneContainer.java:start(395)) - Attempting to start container services.
2023-01-10 01:11:48,519 [EndpointStateMachine task thread for /0.0.0.0:42039 - 0 ] INFO  ozoneimpl.OzoneContainer (OzoneContainer.java:startContainerScrub(312)) - Scheduled background container scanners and the on-demand container scanner have been disabled.
2023-01-10 01:11:48,522 [EndpointStateMachine task thread for /0.0.0.0:42039 - 0 ] INFO  replication.ReplicationServer (ReplicationServer.java:start(106)) - ReplicationServer is started using port 35641
2023-01-10 01:11:48,525 [EndpointStateMachine task thread for /0.0.0.0:42039 - 0 ] INFO  ratis.XceiverServerRatis (XceiverServerRatis.java:start(517)) - Starting XceiverServerRatis 9684d5c9-574d-4083-afb3-2b5a0b78eb45
2023-01-10 01:11:48,530 [EndpointStateMachine task thread for /0.0.0.0:42039 - 0 ] INFO  server.RaftServer (RaftServerProxy.java:startImpl(393)) - 9684d5c9-574d-4083-afb3-2b5a0b78eb45: start RPC server
2023-01-10 01:11:48,532 [EndpointStateMachine task thread for /0.0.0.0:42039 - 0 ] INFO  server.GrpcService (GrpcService.java:startImpl(262)) - 9684d5c9-574d-4083-afb3-2b5a0b78eb45: GrpcService started, listening on 45207
2023-01-10 01:11:48,537 [EndpointStateMachine task thread for /0.0.0.0:42039 - 0 ] INFO  ratis.XceiverServerRatis (XceiverServerRatis.java:getRealPort(543)) - XceiverServerRatis 9684d5c9-574d-4083-afb3-2b5a0b78eb45 is started using port 45207 for RATIS
2023-01-10 01:11:48,537 [EndpointStateMachine task thread for /0.0.0.0:42039 - 0 ] INFO  ratis.XceiverServerRatis (XceiverServerRatis.java:getRealPort(543)) - XceiverServerRatis 9684d5c9-574d-4083-afb3-2b5a0b78eb45 is started using port 45207 for RATIS_ADMIN
2023-01-10 01:11:48,537 [EndpointStateMachine task thread for /0.0.0.0:42039 - 0 ] INFO  ratis.XceiverServerRatis (XceiverServerRatis.java:getRealPort(543)) - XceiverServerRatis 9684d5c9-574d-4083-afb3-2b5a0b78eb45 is started using port 45207 for RATIS_SERVER
2023-01-10 01:11:48,537 [EndpointStateMachine task thread for /0.0.0.0:42039 - 0 ] INFO  ratis.XceiverServerRatis (XceiverServerRatis.java:getRealPort(543)) - XceiverServerRatis 9684d5c9-574d-4083-afb3-2b5a0b78eb45 is started using port 35443 for RATIS_DATASTREAM
2023-01-10 01:11:48,538 [JvmPauseMonitor1] INFO  util.JvmPauseMonitor (JvmPauseMonitor.java:run(105)) - JvmPauseMonitor-9684d5c9-574d-4083-afb3-2b5a0b78eb45: Started
2023-01-10 01:11:48,540 [EndpointStateMachine task thread for /0.0.0.0:42039 - 0 ] INFO  server.XceiverServerGrpc (XceiverServerGrpc.java:start(180)) - XceiverServerGrpc 9684d5c9-574d-4083-afb3-2b5a0b78eb45 is started using port 45643
2023-01-10 01:11:48,916 [EndpointStateMachine task thread for /0.0.0.0:42039 - 0 ] INFO  utils.DatanodeStoreCache (DatanodeStoreCache.java:addDB(58)) - Added db /home/runner/work/ozone/ozone/hadoop-ozone/integration-test/target/test-dir/MiniOzoneClusterImpl-11329d86-319f-4265-8dbd-04dd0b699e79/datanode-1/data-0/containers/hdds/11329d86-319f-4265-8dbd-04dd0b699e79/DS-038ae2ca-47cb-462a-9852-f732de801059/container.db to cache
2023-01-10 01:11:48,917 [EndpointStateMachine task thread for /0.0.0.0:42039 - 0 ] INFO  volume.HddsVolume (HddsVolume.java:createDbStore(307)) - SchemaV3 db is created and loaded at /home/runner/work/ozone/ozone/hadoop-ozone/integration-test/target/test-dir/MiniOzoneClusterImpl-11329d86-319f-4265-8dbd-04dd0b699e79/datanode-1/data-0/containers/hdds/11329d86-319f-4265-8dbd-04dd0b699e79/DS-038ae2ca-47cb-462a-9852-f732de801059/container.db for volume DS-038ae2ca-47cb-462a-9852-f732de801059
2023-01-10 01:11:48,917 [EndpointStateMachine task thread for /0.0.0.0:42039 - 0 ] INFO  ozoneimpl.OzoneContainer (OzoneContainer.java:start(395)) - Attempting to start container services.
2023-01-10 01:11:48,917 [EndpointStateMachine task thread for /0.0.0.0:42039 - 0 ] INFO  ozoneimpl.OzoneContainer (OzoneContainer.java:startContainerScrub(312)) - Scheduled background container scanners and the on-demand container scanner have been disabled.
2023-01-10 01:11:48,919 [EndpointStateMachine task thread for /0.0.0.0:42039 - 0 ] INFO  replication.ReplicationServer (ReplicationServer.java:start(106)) - ReplicationServer is started using port 45567
2023-01-10 01:11:48,919 [EndpointStateMachine task thread for /0.0.0.0:42039 - 0 ] INFO  ratis.XceiverServerRatis (XceiverServerRatis.java:start(517)) - Starting XceiverServerRatis 482fd31e-156c-418e-9aed-e6d52525a62a
2023-01-10 01:11:48,920 [EndpointStateMachine task thread for /0.0.0.0:42039 - 0 ] INFO  server.RaftServer (RaftServerProxy.java:startImpl(393)) - 482fd31e-156c-418e-9aed-e6d52525a62a: start RPC server
2023-01-10 01:11:48,923 [EndpointStateMachine task thread for /0.0.0.0:42039 - 0 ] INFO  server.GrpcService (GrpcService.java:startImpl(262)) - 482fd31e-156c-418e-9aed-e6d52525a62a: GrpcService started, listening on 38229
2023-01-10 01:11:48,923 [EndpointStateMachine task thread for /0.0.0.0:42039 - 0 ] INFO  ratis.XceiverServerRatis (XceiverServerRatis.java:getRealPort(543)) - XceiverServerRatis 482fd31e-156c-418e-9aed-e6d52525a62a is started using port 38229 for RATIS
2023-01-10 01:11:48,923 [JvmPauseMonitor2] INFO  util.JvmPauseMonitor (JvmPauseMonitor.java:run(105)) - JvmPauseMonitor-482fd31e-156c-418e-9aed-e6d52525a62a: Started
2023-01-10 01:11:48,923 [EndpointStateMachine task thread for /0.0.0.0:42039 - 0 ] INFO  ratis.XceiverServerRatis (XceiverServerRatis.java:getRealPort(543)) - XceiverServerRatis 482fd31e-156c-418e-9aed-e6d52525a62a is started using port 38229 for RATIS_ADMIN
2023-01-10 01:11:48,923 [EndpointStateMachine task thread for /0.0.0.0:42039 - 0 ] INFO  ratis.XceiverServerRatis (XceiverServerRatis.java:getRealPort(543)) - XceiverServerRatis 482fd31e-156c-418e-9aed-e6d52525a62a is started using port 38229 for RATIS_SERVER
2023-01-10 01:11:48,923 [EndpointStateMachine task thread for /0.0.0.0:42039 - 0 ] INFO  ratis.XceiverServerRatis (XceiverServerRatis.java:getRealPort(543)) - XceiverServerRatis 482fd31e-156c-418e-9aed-e6d52525a62a is started using port 43885 for RATIS_DATASTREAM
2023-01-10 01:11:48,926 [EndpointStateMachine task thread for /0.0.0.0:42039 - 0 ] INFO  server.XceiverServerGrpc (XceiverServerGrpc.java:start(180)) - XceiverServerGrpc 482fd31e-156c-418e-9aed-e6d52525a62a is started using port 36003
2023-01-10 01:11:49,208 [Listener at 127.0.0.1/34303] INFO  ozone.MiniOzoneClusterImpl (MiniOzoneClusterImpl.java:lambda$waitForClusterToBeReady$0(218)) - Waiting for nodes to be ready. Got 0 of 6 DN Heartbeats.
2023-01-10 01:11:49,209 [Listener at 127.0.0.1/34303] INFO  ozone.MiniOzoneClusterImpl (MiniOzoneClusterImpl.java:lambda$waitForClusterToBeReady$0(221)) - Waiting for cluster to exit safe mode
2023-01-10 01:11:49,209 [Listener at 127.0.0.1/34303] INFO  ozone.MiniOzoneClusterImpl (MiniOzoneClusterImpl.java:lambda$waitForClusterToBeReady$0(223)) - SCM became leader
2023-01-10 01:11:49,296 [EndpointStateMachine task thread for /0.0.0.0:42039 - 0 ] INFO  utils.DatanodeStoreCache (DatanodeStoreCache.java:addDB(58)) - Added db /home/runner/work/ozone/ozone/hadoop-ozone/integration-test/target/test-dir/MiniOzoneClusterImpl-11329d86-319f-4265-8dbd-04dd0b699e79/datanode-2/data-0/containers/hdds/11329d86-319f-4265-8dbd-04dd0b699e79/DS-62153c81-3e74-4cc3-8b7d-a62c97b8bb21/container.db to cache
2023-01-10 01:11:49,297 [EndpointStateMachine task thread for /0.0.0.0:42039 - 0 ] INFO  volume.HddsVolume (HddsVolume.java:createDbStore(307)) - SchemaV3 db is created and loaded at /home/runner/work/ozone/ozone/hadoop-ozone/integration-test/target/test-dir/MiniOzoneClusterImpl-11329d86-319f-4265-8dbd-04dd0b699e79/datanode-2/data-0/containers/hdds/11329d86-319f-4265-8dbd-04dd0b699e79/DS-62153c81-3e74-4cc3-8b7d-a62c97b8bb21/container.db for volume DS-62153c81-3e74-4cc3-8b7d-a62c97b8bb21
2023-01-10 01:11:49,297 [EndpointStateMachine task thread for /0.0.0.0:42039 - 0 ] INFO  ozoneimpl.OzoneContainer (OzoneContainer.java:start(395)) - Attempting to start container services.
2023-01-10 01:11:49,297 [EndpointStateMachine task thread for /0.0.0.0:42039 - 0 ] INFO  ozoneimpl.OzoneContainer (OzoneContainer.java:startContainerScrub(312)) - Scheduled background container scanners and the on-demand container scanner have been disabled.
2023-01-10 01:11:49,299 [EndpointStateMachine task thread for /0.0.0.0:42039 - 0 ] INFO  replication.ReplicationServer (ReplicationServer.java:start(106)) - ReplicationServer is started using port 36705
2023-01-10 01:11:49,299 [EndpointStateMachine task thread for /0.0.0.0:42039 - 0 ] INFO  ratis.XceiverServerRatis (XceiverServerRatis.java:start(517)) - Starting XceiverServerRatis cf55343f-a051-44b0-a85c-65c9cdfe5b3e
2023-01-10 01:11:49,300 [EndpointStateMachine task thread for /0.0.0.0:42039 - 0 ] INFO  server.RaftServer (RaftServerProxy.java:startImpl(393)) - cf55343f-a051-44b0-a85c-65c9cdfe5b3e: start RPC server
2023-01-10 01:11:49,301 [EndpointStateMachine task thread for /0.0.0.0:42039 - 0 ] INFO  server.GrpcService (GrpcService.java:startImpl(262)) - cf55343f-a051-44b0-a85c-65c9cdfe5b3e: GrpcService started, listening on 44193
2023-01-10 01:11:49,301 [EndpointStateMachine task thread for /0.0.0.0:42039 - 0 ] INFO  ratis.XceiverServerRatis (XceiverServerRatis.java:getRealPort(543)) - XceiverServerRatis cf55343f-a051-44b0-a85c-65c9cdfe5b3e is started using port 44193 for RATIS
2023-01-10 01:11:49,301 [EndpointStateMachine task thread for /0.0.0.0:42039 - 0 ] INFO  ratis.XceiverServerRatis (XceiverServerRatis.java:getRealPort(543)) - XceiverServerRatis cf55343f-a051-44b0-a85c-65c9cdfe5b3e is started using port 44193 for RATIS_ADMIN
2023-01-10 01:11:49,301 [EndpointStateMachine task thread for /0.0.0.0:42039 - 0 ] INFO  ratis.XceiverServerRatis (XceiverServerRatis.java:getRealPort(543)) - XceiverServerRatis cf55343f-a051-44b0-a85c-65c9cdfe5b3e is started using port 44193 for RATIS_SERVER
2023-01-10 01:11:49,301 [EndpointStateMachine task thread for /0.0.0.0:42039 - 0 ] INFO  ratis.XceiverServerRatis (XceiverServerRatis.java:getRealPort(543)) - XceiverServerRatis cf55343f-a051-44b0-a85c-65c9cdfe5b3e is started using port 34389 for RATIS_DATASTREAM
2023-01-10 01:11:49,302 [JvmPauseMonitor3] INFO  util.JvmPauseMonitor (JvmPauseMonitor.java:run(105)) - JvmPauseMonitor-cf55343f-a051-44b0-a85c-65c9cdfe5b3e: Started
2023-01-10 01:11:49,306 [EndpointStateMachine task thread for /0.0.0.0:42039 - 0 ] INFO  server.XceiverServerGrpc (XceiverServerGrpc.java:start(180)) - XceiverServerGrpc cf55343f-a051-44b0-a85c-65c9cdfe5b3e is started using port 45987
2023-01-10 01:11:49,600 [EndpointStateMachine task thread for /0.0.0.0:42039 - 0 ] INFO  utils.DatanodeStoreCache (DatanodeStoreCache.java:addDB(58)) - Added db /home/runner/work/ozone/ozone/hadoop-ozone/integration-test/target/test-dir/MiniOzoneClusterImpl-11329d86-319f-4265-8dbd-04dd0b699e79/datanode-3/data-0/containers/hdds/11329d86-319f-4265-8dbd-04dd0b699e79/DS-1ffd9ac6-6ec2-453a-bd51-87462b261af3/container.db to cache
2023-01-10 01:11:49,600 [EndpointStateMachine task thread for /0.0.0.0:42039 - 0 ] INFO  volume.HddsVolume (HddsVolume.java:createDbStore(307)) - SchemaV3 db is created and loaded at /home/runner/work/ozone/ozone/hadoop-ozone/integration-test/target/test-dir/MiniOzoneClusterImpl-11329d86-319f-4265-8dbd-04dd0b699e79/datanode-3/data-0/containers/hdds/11329d86-319f-4265-8dbd-04dd0b699e79/DS-1ffd9ac6-6ec2-453a-bd51-87462b261af3/container.db for volume DS-1ffd9ac6-6ec2-453a-bd51-87462b261af3
2023-01-10 01:11:49,602 [EndpointStateMachine task thread for /0.0.0.0:42039 - 0 ] INFO  ozoneimpl.OzoneContainer (OzoneContainer.java:start(395)) - Attempting to start container services.
2023-01-10 01:11:49,602 [EndpointStateMachine task thread for /0.0.0.0:42039 - 0 ] INFO  ozoneimpl.OzoneContainer (OzoneContainer.java:startContainerScrub(312)) - Scheduled background container scanners and the on-demand container scanner have been disabled.
2023-01-10 01:11:49,604 [EndpointStateMachine task thread for /0.0.0.0:42039 - 0 ] INFO  replication.ReplicationServer (ReplicationServer.java:start(106)) - ReplicationServer is started using port 40077
2023-01-10 01:11:49,604 [EndpointStateMachine task thread for /0.0.0.0:42039 - 0 ] INFO  ratis.XceiverServerRatis (XceiverServerRatis.java:start(517)) - Starting XceiverServerRatis de1dc05a-b420-436e-92e0-be95de2f8d14
2023-01-10 01:11:49,605 [EndpointStateMachine task thread for /0.0.0.0:42039 - 0 ] INFO  server.RaftServer (RaftServerProxy.java:startImpl(393)) - de1dc05a-b420-436e-92e0-be95de2f8d14: start RPC server
2023-01-10 01:11:49,607 [EndpointStateMachine task thread for /0.0.0.0:42039 - 0 ] INFO  server.GrpcService (GrpcService.java:startImpl(262)) - de1dc05a-b420-436e-92e0-be95de2f8d14: GrpcService started, listening on 34547
2023-01-10 01:11:49,607 [EndpointStateMachine task thread for /0.0.0.0:42039 - 0 ] INFO  ratis.XceiverServerRatis (XceiverServerRatis.java:getRealPort(543)) - XceiverServerRatis de1dc05a-b420-436e-92e0-be95de2f8d14 is started using port 34547 for RATIS
2023-01-10 01:11:49,607 [EndpointStateMachine task thread for /0.0.0.0:42039 - 0 ] INFO  ratis.XceiverServerRatis (XceiverServerRatis.java:getRealPort(543)) - XceiverServerRatis de1dc05a-b420-436e-92e0-be95de2f8d14 is started using port 34547 for RATIS_ADMIN
2023-01-10 01:11:49,607 [JvmPauseMonitor4] INFO  util.JvmPauseMonitor (JvmPauseMonitor.java:run(105)) - JvmPauseMonitor-de1dc05a-b420-436e-92e0-be95de2f8d14: Started
2023-01-10 01:11:49,607 [EndpointStateMachine task thread for /0.0.0.0:42039 - 0 ] INFO  ratis.XceiverServerRatis (XceiverServerRatis.java:getRealPort(543)) - XceiverServerRatis de1dc05a-b420-436e-92e0-be95de2f8d14 is started using port 34547 for RATIS_SERVER
2023-01-10 01:11:49,607 [EndpointStateMachine task thread for /0.0.0.0:42039 - 0 ] INFO  ratis.XceiverServerRatis (XceiverServerRatis.java:getRealPort(543)) - XceiverServerRatis de1dc05a-b420-436e-92e0-be95de2f8d14 is started using port 39059 for RATIS_DATASTREAM
2023-01-10 01:11:49,609 [EndpointStateMachine task thread for /0.0.0.0:42039 - 0 ] INFO  server.XceiverServerGrpc (XceiverServerGrpc.java:start(180)) - XceiverServerGrpc de1dc05a-b420-436e-92e0-be95de2f8d14 is started using port 40421
2023-01-10 01:11:49,932 [EndpointStateMachine task thread for /0.0.0.0:42039 - 0 ] INFO  utils.DatanodeStoreCache (DatanodeStoreCache.java:addDB(58)) - Added db /home/runner/work/ozone/ozone/hadoop-ozone/integration-test/target/test-dir/MiniOzoneClusterImpl-11329d86-319f-4265-8dbd-04dd0b699e79/datanode-4/data-0/containers/hdds/11329d86-319f-4265-8dbd-04dd0b699e79/DS-e2a7a3eb-088f-4a44-b1d9-87473eb25dde/container.db to cache
2023-01-10 01:11:49,932 [EndpointStateMachine task thread for /0.0.0.0:42039 - 0 ] INFO  volume.HddsVolume (HddsVolume.java:createDbStore(307)) - SchemaV3 db is created and loaded at /home/runner/work/ozone/ozone/hadoop-ozone/integration-test/target/test-dir/MiniOzoneClusterImpl-11329d86-319f-4265-8dbd-04dd0b699e79/datanode-4/data-0/containers/hdds/11329d86-319f-4265-8dbd-04dd0b699e79/DS-e2a7a3eb-088f-4a44-b1d9-87473eb25dde/container.db for volume DS-e2a7a3eb-088f-4a44-b1d9-87473eb25dde
2023-01-10 01:11:49,932 [EndpointStateMachine task thread for /0.0.0.0:42039 - 0 ] INFO  ozoneimpl.OzoneContainer (OzoneContainer.java:start(395)) - Attempting to start container services.
2023-01-10 01:11:49,932 [EndpointStateMachine task thread for /0.0.0.0:42039 - 0 ] INFO  ozoneimpl.OzoneContainer (OzoneContainer.java:startContainerScrub(312)) - Scheduled background container scanners and the on-demand container scanner have been disabled.
2023-01-10 01:11:49,934 [EndpointStateMachine task thread for /0.0.0.0:42039 - 0 ] INFO  replication.ReplicationServer (ReplicationServer.java:start(106)) - ReplicationServer is started using port 33789
2023-01-10 01:11:49,935 [EndpointStateMachine task thread for /0.0.0.0:42039 - 0 ] INFO  ratis.XceiverServerRatis (XceiverServerRatis.java:start(517)) - Starting XceiverServerRatis 43274a1e-e531-4976-aba4-4015449e37b0
2023-01-10 01:11:49,935 [EndpointStateMachine task thread for /0.0.0.0:42039 - 0 ] INFO  server.RaftServer (RaftServerProxy.java:startImpl(393)) - 43274a1e-e531-4976-aba4-4015449e37b0: start RPC server
2023-01-10 01:11:49,938 [EndpointStateMachine task thread for /0.0.0.0:42039 - 0 ] INFO  server.GrpcService (GrpcService.java:startImpl(262)) - 43274a1e-e531-4976-aba4-4015449e37b0: GrpcService started, listening on 46313
2023-01-10 01:11:49,938 [EndpointStateMachine task thread for /0.0.0.0:42039 - 0 ] INFO  ratis.XceiverServerRatis (XceiverServerRatis.java:getRealPort(543)) - XceiverServerRatis 43274a1e-e531-4976-aba4-4015449e37b0 is started using port 46313 for RATIS
2023-01-10 01:11:49,938 [JvmPauseMonitor5] INFO  util.JvmPauseMonitor (JvmPauseMonitor.java:run(105)) - JvmPauseMonitor-43274a1e-e531-4976-aba4-4015449e37b0: Started
2023-01-10 01:11:49,938 [EndpointStateMachine task thread for /0.0.0.0:42039 - 0 ] INFO  ratis.XceiverServerRatis (XceiverServerRatis.java:getRealPort(543)) - XceiverServerRatis 43274a1e-e531-4976-aba4-4015449e37b0 is started using port 46313 for RATIS_ADMIN
2023-01-10 01:11:49,938 [EndpointStateMachine task thread for /0.0.0.0:42039 - 0 ] INFO  ratis.XceiverServerRatis (XceiverServerRatis.java:getRealPort(543)) - XceiverServerRatis 43274a1e-e531-4976-aba4-4015449e37b0 is started using port 46313 for RATIS_SERVER
2023-01-10 01:11:49,938 [EndpointStateMachine task thread for /0.0.0.0:42039 - 0 ] INFO  ratis.XceiverServerRatis (XceiverServerRatis.java:getRealPort(543)) - XceiverServerRatis 43274a1e-e531-4976-aba4-4015449e37b0 is started using port 36845 for RATIS_DATASTREAM
2023-01-10 01:11:49,942 [EndpointStateMachine task thread for /0.0.0.0:42039 - 0 ] INFO  server.XceiverServerGrpc (XceiverServerGrpc.java:start(180)) - XceiverServerGrpc 43274a1e-e531-4976-aba4-4015449e37b0 is started using port 39587
2023-01-10 01:11:50,209 [Listener at 127.0.0.1/34303] INFO  ozone.MiniOzoneClusterImpl (MiniOzoneClusterImpl.java:lambda$waitForClusterToBeReady$0(218)) - Waiting for nodes to be ready. Got 0 of 6 DN Heartbeats.
2023-01-10 01:11:50,209 [Listener at 127.0.0.1/34303] INFO  ozone.MiniOzoneClusterImpl (MiniOzoneClusterImpl.java:lambda$waitForClusterToBeReady$0(221)) - Waiting for cluster to exit safe mode
2023-01-10 01:11:50,209 [Listener at 127.0.0.1/34303] INFO  ozone.MiniOzoneClusterImpl (MiniOzoneClusterImpl.java:lambda$waitForClusterToBeReady$0(223)) - SCM became leader
2023-01-10 01:11:50,241 [EndpointStateMachine task thread for /0.0.0.0:42039 - 0 ] INFO  utils.DatanodeStoreCache (DatanodeStoreCache.java:addDB(58)) - Added db /home/runner/work/ozone/ozone/hadoop-ozone/integration-test/target/test-dir/MiniOzoneClusterImpl-11329d86-319f-4265-8dbd-04dd0b699e79/datanode-5/data-0/containers/hdds/11329d86-319f-4265-8dbd-04dd0b699e79/DS-ea39f782-dd44-4dd9-bf9d-da337ead331c/container.db to cache
2023-01-10 01:11:50,241 [EndpointStateMachine task thread for /0.0.0.0:42039 - 0 ] INFO  volume.HddsVolume (HddsVolume.java:createDbStore(307)) - SchemaV3 db is created and loaded at /home/runner/work/ozone/ozone/hadoop-ozone/integration-test/target/test-dir/MiniOzoneClusterImpl-11329d86-319f-4265-8dbd-04dd0b699e79/datanode-5/data-0/containers/hdds/11329d86-319f-4265-8dbd-04dd0b699e79/DS-ea39f782-dd44-4dd9-bf9d-da337ead331c/container.db for volume DS-ea39f782-dd44-4dd9-bf9d-da337ead331c
2023-01-10 01:11:50,241 [EndpointStateMachine task thread for /0.0.0.0:42039 - 0 ] INFO  ozoneimpl.OzoneContainer (OzoneContainer.java:start(395)) - Attempting to start container services.
2023-01-10 01:11:50,242 [EndpointStateMachine task thread for /0.0.0.0:42039 - 0 ] INFO  ozoneimpl.OzoneContainer (OzoneContainer.java:startContainerScrub(312)) - Scheduled background container scanners and the on-demand container scanner have been disabled.
2023-01-10 01:11:50,245 [EndpointStateMachine task thread for /0.0.0.0:42039 - 0 ] INFO  replication.ReplicationServer (ReplicationServer.java:start(106)) - ReplicationServer is started using port 42931
2023-01-10 01:11:50,246 [EndpointStateMachine task thread for /0.0.0.0:42039 - 0 ] INFO  ratis.XceiverServerRatis (XceiverServerRatis.java:start(517)) - Starting XceiverServerRatis 819a9d5b-d004-47f6-9883-bc546cfa0094
2023-01-10 01:11:50,247 [EndpointStateMachine task thread for /0.0.0.0:42039 - 0 ] INFO  server.RaftServer (RaftServerProxy.java:startImpl(393)) - 819a9d5b-d004-47f6-9883-bc546cfa0094: start RPC server
2023-01-10 01:11:50,248 [EndpointStateMachine task thread for /0.0.0.0:42039 - 0 ] INFO  server.GrpcService (GrpcService.java:startImpl(262)) - 819a9d5b-d004-47f6-9883-bc546cfa0094: GrpcService started, listening on 40265
2023-01-10 01:11:50,249 [EndpointStateMachine task thread for /0.0.0.0:42039 - 0 ] INFO  ratis.XceiverServerRatis (XceiverServerRatis.java:getRealPort(543)) - XceiverServerRatis 819a9d5b-d004-47f6-9883-bc546cfa0094 is started using port 40265 for RATIS
2023-01-10 01:11:50,249 [JvmPauseMonitor6] INFO  util.JvmPauseMonitor (JvmPauseMonitor.java:run(105)) - JvmPauseMonitor-819a9d5b-d004-47f6-9883-bc546cfa0094: Started
2023-01-10 01:11:50,249 [EndpointStateMachine task thread for /0.0.0.0:42039 - 0 ] INFO  ratis.XceiverServerRatis (XceiverServerRatis.java:getRealPort(543)) - XceiverServerRatis 819a9d5b-d004-47f6-9883-bc546cfa0094 is started using port 40265 for RATIS_ADMIN
2023-01-10 01:11:50,250 [EndpointStateMachine task thread for /0.0.0.0:42039 - 0 ] INFO  ratis.XceiverServerRatis (XceiverServerRatis.java:getRealPort(543)) - XceiverServerRatis 819a9d5b-d004-47f6-9883-bc546cfa0094 is started using port 40265 for RATIS_SERVER
2023-01-10 01:11:50,250 [EndpointStateMachine task thread for /0.0.0.0:42039 - 0 ] INFO  ratis.XceiverServerRatis (XceiverServerRatis.java:getRealPort(543)) - XceiverServerRatis 819a9d5b-d004-47f6-9883-bc546cfa0094 is started using port 43921 for RATIS_DATASTREAM
2023-01-10 01:11:50,252 [EndpointStateMachine task thread for /0.0.0.0:42039 - 0 ] INFO  server.XceiverServerGrpc (XceiverServerGrpc.java:start(180)) - XceiverServerGrpc 819a9d5b-d004-47f6-9883-bc546cfa0094 is started using port 32831
2023-01-10 01:11:50,445 [IPC Server handler 1 on default port 42039] INFO  net.NetworkTopologyImpl (NetworkTopologyImpl.java:add(112)) - Added a new node: /default-rack/9684d5c9-574d-4083-afb3-2b5a0b78eb45
2023-01-10 01:11:50,446 [IPC Server handler 1 on default port 42039] INFO  node.SCMNodeManager (SCMNodeManager.java:register(397)) - Registered Data node : 9684d5c9-574d-4083-afb3-2b5a0b78eb45{ip: 10.1.0.24, host: fv-az353-623.tkyx2seitsuu3nmpmouz2httfb.bx.internal.cloudapp.net, ports: [REPLICATION=35641, RATIS=45207, RATIS_ADMIN=45207, RATIS_SERVER=45207, RATIS_DATASTREAM=35443, STANDALONE=45643], networkLocation: /default-rack, certSerialId: null, persistedOpState: null, persistedOpStateExpiryEpochSec: 0}
2023-01-10 01:11:50,453 [EventQueue-NewNodeForNewNodeHandler] INFO  pipeline.BackgroundPipelineCreator (BackgroundPipelineCreator.java:notifyEventTriggered(276)) - trigger a one-shot run on RatisPipelineUtilsThread.
2023-01-10 01:11:50,460 [RatisPipelineUtilsThread - 0] INFO  pipeline.RatisPipelineProvider (RatisPipelineProvider.java:lambda$create$0(206)) - Sending CreatePipelineCommand for pipeline:PipelineID=aa398e0d-26a5-4d9a-8e0e-767d98a7d697 to datanode:9684d5c9-574d-4083-afb3-2b5a0b78eb45
2023-01-10 01:11:50,461 [EventQueue-NodeRegistrationContainerReportForDataNodeSafeModeRule] INFO  safemode.SCMSafeModeManager (DataNodeSafeModeRule.java:process(71)) - SCM in safe mode. 1 DataNodes registered, 3 required.
2023-01-10 01:11:50,466 [EventQueue-NodeRegistrationContainerReportForContainerSafeModeRule] INFO  safemode.SCMSafeModeManager (SCMSafeModeManager.java:validateSafeModeExitRules(200)) - ContainerSafeModeRule rule is successfully validated
2023-01-10 01:11:50,468 [EventQueue-PipelineReportForOneReplicaPipelineSafeModeRule] INFO  safemode.SCMSafeModeManager (SCMSafeModeManager.java:validateSafeModeExitRules(200)) - AtleastOneDatanodeReportedRule rule is successfully validated
2023-01-10 01:11:50,476 [RatisPipelineUtilsThread - 0] INFO  pipeline.PipelineStateManagerImpl (PipelineStateManagerImpl.java:addPipeline(103)) - Created pipeline Pipeline[ Id: aa398e0d-26a5-4d9a-8e0e-767d98a7d697, Nodes: 9684d5c9-574d-4083-afb3-2b5a0b78eb45{ip: 10.1.0.24, host: fv-az353-623.tkyx2seitsuu3nmpmouz2httfb.bx.internal.cloudapp.net, ports: [REPLICATION=35641, RATIS=45207, RATIS_ADMIN=45207, RATIS_SERVER=45207, RATIS_DATASTREAM=35443, STANDALONE=45643], networkLocation: /default-rack, certSerialId: null, persistedOpState: IN_SERVICE, persistedOpStateExpiryEpochSec: 0}, ReplicationConfig: RATIS/ONE, State:ALLOCATED, leaderId:, CreationTimestamp2023-01-10T01:11:50.459Z[Etc/UTC]].
2023-01-10 01:11:50,879 [IPC Server handler 3 on default port 42039] INFO  net.NetworkTopologyImpl (NetworkTopologyImpl.java:add(112)) - Added a new node: /default-rack/482fd31e-156c-418e-9aed-e6d52525a62a
2023-01-10 01:11:50,879 [IPC Server handler 3 on default port 42039] INFO  node.SCMNodeManager (SCMNodeManager.java:register(397)) - Registered Data node : 482fd31e-156c-418e-9aed-e6d52525a62a{ip: 10.1.0.24, host: fv-az353-623.tkyx2seitsuu3nmpmouz2httfb.bx.internal.cloudapp.net, ports: [REPLICATION=45567, RATIS=38229, RATIS_ADMIN=38229, RATIS_SERVER=38229, RATIS_DATASTREAM=43885, STANDALONE=36003], networkLocation: /default-rack, certSerialId: null, persistedOpState: null, persistedOpStateExpiryEpochSec: 0}
2023-01-10 01:11:50,880 [EventQueue-NewNodeForNewNodeHandler] INFO  pipeline.BackgroundPipelineCreator (BackgroundPipelineCreator.java:notifyEventTriggered(276)) - trigger a one-shot run on RatisPipelineUtilsThread.
2023-01-10 01:11:50,880 [EventQueue-NodeRegistrationContainerReportForDataNodeSafeModeRule] INFO  safemode.SCMSafeModeManager (DataNodeSafeModeRule.java:process(71)) - SCM in safe mode. 2 DataNodes registered, 3 required.
2023-01-10 01:11:50,881 [RatisPipelineUtilsThread - 0] INFO  pipeline.RatisPipelineProvider (RatisPipelineProvider.java:lambda$create$0(206)) - Sending CreatePipelineCommand for pipeline:PipelineID=e3b2a7d3-0fd3-4472-9285-20d9327fe511 to datanode:482fd31e-156c-418e-9aed-e6d52525a62a
2023-01-10 01:11:50,882 [RatisPipelineUtilsThread - 0] INFO  pipeline.PipelineStateManagerImpl (PipelineStateManagerImpl.java:addPipeline(103)) - Created pipeline Pipeline[ Id: e3b2a7d3-0fd3-4472-9285-20d9327fe511, Nodes: 482fd31e-156c-418e-9aed-e6d52525a62a{ip: 10.1.0.24, host: fv-az353-623.tkyx2seitsuu3nmpmouz2httfb.bx.internal.cloudapp.net, ports: [REPLICATION=45567, RATIS=38229, RATIS_ADMIN=38229, RATIS_SERVER=38229, RATIS_DATASTREAM=43885, STANDALONE=36003], networkLocation: /default-rack, certSerialId: null, persistedOpState: IN_SERVICE, persistedOpStateExpiryEpochSec: 0}, ReplicationConfig: RATIS/ONE, State:ALLOCATED, leaderId:, CreationTimestamp2023-01-10T01:11:50.881Z[Etc/UTC]].
2023-01-10 01:11:51,210 [Listener at 127.0.0.1/34303] INFO  ozone.MiniOzoneClusterImpl (MiniOzoneClusterImpl.java:lambda$waitForClusterToBeReady$0(218)) - Waiting for nodes to be ready. Got 2 of 6 DN Heartbeats.
2023-01-10 01:11:51,210 [Listener at 127.0.0.1/34303] INFO  ozone.MiniOzoneClusterImpl (MiniOzoneClusterImpl.java:lambda$waitForClusterToBeReady$0(221)) - Waiting for cluster to exit safe mode
2023-01-10 01:11:51,210 [Listener at 127.0.0.1/34303] INFO  ozone.MiniOzoneClusterImpl (MiniOzoneClusterImpl.java:lambda$waitForClusterToBeReady$0(223)) - SCM became leader
2023-01-10 01:11:51,268 [IPC Server handler 4 on default port 42039] INFO  net.NetworkTopologyImpl (NetworkTopologyImpl.java:add(112)) - Added a new node: /default-rack/cf55343f-a051-44b0-a85c-65c9cdfe5b3e
2023-01-10 01:11:51,269 [IPC Server handler 4 on default port 42039] INFO  node.SCMNodeManager (SCMNodeManager.java:register(397)) - Registered Data node : cf55343f-a051-44b0-a85c-65c9cdfe5b3e{ip: 10.1.0.24, host: fv-az353-623.tkyx2seitsuu3nmpmouz2httfb.bx.internal.cloudapp.net, ports: [REPLICATION=36705, RATIS=44193, RATIS_ADMIN=44193, RATIS_SERVER=44193, RATIS_DATASTREAM=34389, STANDALONE=45987], networkLocation: /default-rack, certSerialId: null, persistedOpState: null, persistedOpStateExpiryEpochSec: 0}
2023-01-10 01:11:51,270 [EventQueue-NewNodeForNewNodeHandler] INFO  pipeline.BackgroundPipelineCreator (BackgroundPipelineCreator.java:notifyEventTriggered(276)) - trigger a one-shot run on RatisPipelineUtilsThread.
2023-01-10 01:11:51,270 [EventQueue-NodeRegistrationContainerReportForDataNodeSafeModeRule] INFO  safemode.SCMSafeModeManager (DataNodeSafeModeRule.java:process(71)) - SCM in safe mode. 3 DataNodes registered, 3 required.
2023-01-10 01:11:51,270 [EventQueue-NodeRegistrationContainerReportForDataNodeSafeModeRule] INFO  safemode.SCMSafeModeManager (SCMSafeModeManager.java:validateSafeModeExitRules(200)) - DataNodeSafeModeRule rule is successfully validated
2023-01-10 01:11:51,270 [EventQueue-NodeRegistrationContainerReportForDataNodeSafeModeRule] INFO  safemode.SCMSafeModeManager (SCMSafeModeManager.java:completePreCheck(229)) - All SCM safe mode pre check rules have passed
2023-01-10 01:11:51,270 [EventQueue-NodeRegistrationContainerReportForDataNodeSafeModeRule] INFO  ha.SCMContext (SCMContext.java:updateSafeModeStatus(228)) - Update SafeModeStatus from SafeModeStatus{safeModeStatus=true, preCheckPassed=false} to SafeModeStatus{safeModeStatus=true, preCheckPassed=true}.
2023-01-10 01:11:51,270 [EventQueue-NodeRegistrationContainerReportForDataNodeSafeModeRule] INFO  pipeline.BackgroundPipelineCreator (BackgroundPipelineCreator.java:notifyEventTriggered(276)) - trigger a one-shot run on RatisPipelineUtilsThread.
2023-01-10 01:11:51,271 [RatisPipelineUtilsThread - 0] INFO  pipeline.RatisPipelineProvider (RatisPipelineProvider.java:lambda$create$0(206)) - Sending CreatePipelineCommand for pipeline:PipelineID=7e6f3dbc-5f70-4093-a5c7-0d490b3c9a7c to datanode:cf55343f-a051-44b0-a85c-65c9cdfe5b3e
2023-01-10 01:11:51,271 [RatisPipelineUtilsThread - 0] INFO  pipeline.PipelineStateManagerImpl (PipelineStateManagerImpl.java:addPipeline(103)) - Created pipeline Pipeline[ Id: 7e6f3dbc-5f70-4093-a5c7-0d490b3c9a7c, Nodes: cf55343f-a051-44b0-a85c-65c9cdfe5b3e{ip: 10.1.0.24, host: fv-az353-623.tkyx2seitsuu3nmpmouz2httfb.bx.internal.cloudapp.net, ports: [REPLICATION=36705, RATIS=44193, RATIS_ADMIN=44193, RATIS_SERVER=44193, RATIS_DATASTREAM=34389, STANDALONE=45987], networkLocation: /default-rack, certSerialId: null, persistedOpState: IN_SERVICE, persistedOpStateExpiryEpochSec: 0}, ReplicationConfig: RATIS/ONE, State:ALLOCATED, leaderId:, CreationTimestamp2023-01-10T01:11:51.271Z[Etc/UTC]].
2023-01-10 01:11:51,277 [RatisPipelineUtilsThread - 0] INFO  pipeline.RatisPipelineProvider (RatisPipelineProvider.java:lambda$create$0(206)) - Sending CreatePipelineCommand for pipeline:PipelineID=016b9ad0-65d5-47a5-98ce-225bcc242d8d to datanode:9684d5c9-574d-4083-afb3-2b5a0b78eb45
2023-01-10 01:11:51,277 [RatisPipelineUtilsThread - 0] INFO  pipeline.RatisPipelineProvider (RatisPipelineProvider.java:lambda$create$0(206)) - Sending CreatePipelineCommand for pipeline:PipelineID=016b9ad0-65d5-47a5-98ce-225bcc242d8d to datanode:482fd31e-156c-418e-9aed-e6d52525a62a
2023-01-10 01:11:51,279 [RatisPipelineUtilsThread - 0] INFO  pipeline.RatisPipelineProvider (RatisPipelineProvider.java:lambda$create$0(206)) - Sending CreatePipelineCommand for pipeline:PipelineID=016b9ad0-65d5-47a5-98ce-225bcc242d8d to datanode:cf55343f-a051-44b0-a85c-65c9cdfe5b3e
2023-01-10 01:11:51,280 [RatisPipelineUtilsThread - 0] INFO  pipeline.PipelineStateManagerImpl (PipelineStateManagerImpl.java:addPipeline(103)) - Created pipeline Pipeline[ Id: 016b9ad0-65d5-47a5-98ce-225bcc242d8d, Nodes: 9684d5c9-574d-4083-afb3-2b5a0b78eb45{ip: 10.1.0.24, host: fv-az353-623.tkyx2seitsuu3nmpmouz2httfb.bx.internal.cloudapp.net, ports: [REPLICATION=35641, RATIS=45207, RATIS_ADMIN=45207, RATIS_SERVER=45207, RATIS_DATASTREAM=35443, STANDALONE=45643], networkLocation: /default-rack, certSerialId: null, persistedOpState: IN_SERVICE, persistedOpStateExpiryEpochSec: 0}482fd31e-156c-418e-9aed-e6d52525a62a{ip: 10.1.0.24, host: fv-az353-623.tkyx2seitsuu3nmpmouz2httfb.bx.internal.cloudapp.net, ports: [REPLICATION=45567, RATIS=38229, RATIS_ADMIN=38229, RATIS_SERVER=38229, RATIS_DATASTREAM=43885, STANDALONE=36003], networkLocation: /default-rack, certSerialId: null, persistedOpState: IN_SERVICE, persistedOpStateExpiryEpochSec: 0}cf55343f-a051-44b0-a85c-65c9cdfe5b3e{ip: 10.1.0.24, host: fv-az353-623.tkyx2seitsuu3nmpmouz2httfb.bx.internal.cloudapp.net, ports: [REPLICATION=36705, RATIS=44193, RATIS_ADMIN=44193, RATIS_SERVER=44193, RATIS_DATASTREAM=34389, STANDALONE=45987], networkLocation: /default-rack, certSerialId: null, persistedOpState: IN_SERVICE, persistedOpStateExpiryEpochSec: 0}, ReplicationConfig: RATIS/THREE, State:ALLOCATED, leaderId:, CreationTimestamp2023-01-10T01:11:51.277Z[Etc/UTC]].
2023-01-10 01:11:51,286 [RatisPipelineUtilsThread - 0] INFO  pipeline.RatisPipelineProvider (RatisPipelineProvider.java:lambda$create$0(206)) - Sending CreatePipelineCommand for pipeline:PipelineID=1b100930-f077-4dd6-92e7-f727bacb3f90 to datanode:cf55343f-a051-44b0-a85c-65c9cdfe5b3e
2023-01-10 01:11:51,287 [RatisPipelineUtilsThread - 0] INFO  pipeline.RatisPipelineProvider (RatisPipelineProvider.java:lambda$create$0(206)) - Sending CreatePipelineCommand for pipeline:PipelineID=1b100930-f077-4dd6-92e7-f727bacb3f90 to datanode:9684d5c9-574d-4083-afb3-2b5a0b78eb45
2023-01-10 01:11:51,287 [RatisPipelineUtilsThread - 0] INFO  pipeline.RatisPipelineProvider (RatisPipelineProvider.java:lambda$create$0(206)) - Sending CreatePipelineCommand for pipeline:PipelineID=1b100930-f077-4dd6-92e7-f727bacb3f90 to datanode:482fd31e-156c-418e-9aed-e6d52525a62a
2023-01-10 01:11:51,288 [RatisPipelineUtilsThread - 0] INFO  pipeline.PipelineStateManagerImpl (PipelineStateManagerImpl.java:addPipeline(103)) - Created pipeline Pipeline[ Id: 1b100930-f077-4dd6-92e7-f727bacb3f90, Nodes: cf55343f-a051-44b0-a85c-65c9cdfe5b3e{ip: 10.1.0.24, host: fv-az353-623.tkyx2seitsuu3nmpmouz2httfb.bx.internal.cloudapp.net, ports: [REPLICATION=36705, RATIS=44193, RATIS_ADMIN=44193, RATIS_SERVER=44193, RATIS_DATASTREAM=34389, STANDALONE=45987], networkLocation: /default-rack, certSerialId: null, persistedOpState: IN_SERVICE, persistedOpStateExpiryEpochSec: 0}9684d5c9-574d-4083-afb3-2b5a0b78eb45{ip: 10.1.0.24, host: fv-az353-623.tkyx2seitsuu3nmpmouz2httfb.bx.internal.cloudapp.net, ports: [REPLICATION=35641, RATIS=45207, RATIS_ADMIN=45207, RATIS_SERVER=45207, RATIS_DATASTREAM=35443, STANDALONE=45643], networkLocation: /default-rack, certSerialId: null, persistedOpState: IN_SERVICE, persistedOpStateExpiryEpochSec: 0}482fd31e-156c-418e-9aed-e6d52525a62a{ip: 10.1.0.24, host: fv-az353-623.tkyx2seitsuu3nmpmouz2httfb.bx.internal.cloudapp.net, ports: [REPLICATION=45567, RATIS=38229, RATIS_ADMIN=38229, RATIS_SERVER=38229, RATIS_DATASTREAM=43885, STANDALONE=36003], networkLocation: /default-rack, certSerialId: null, persistedOpState: IN_SERVICE, persistedOpStateExpiryEpochSec: 0}, ReplicationConfig: RATIS/THREE, State:ALLOCATED, leaderId:, CreationTimestamp2023-01-10T01:11:51.286Z[Etc/UTC]].
2023-01-10 01:11:51,289 [RatisPipelineUtilsThread - 0] INFO  pipeline.PipelineManagerImpl (PipelineManagerImpl.java:recordMetricsForPipeline(826)) - Pipeline: PipelineID=1b100930-f077-4dd6-92e7-f727bacb3f90 contains same datanodes as previous pipelines: PipelineID=016b9ad0-65d5-47a5-98ce-225bcc242d8d nodeIds: cf55343f-a051-44b0-a85c-65c9cdfe5b3e, 9684d5c9-574d-4083-afb3-2b5a0b78eb45, 482fd31e-156c-418e-9aed-e6d52525a62a
2023-01-10 01:11:51,291 [RatisPipelineUtilsThread - 0] WARN  pipeline.PipelinePlacementPolicy (PipelinePlacementPolicy.java:filterViableNodes(158)) - Pipeline creation failed due to no sufficient healthy datanodes. Required 3. Found 0.
2023-01-10 01:11:51,568 [IPC Server handler 0 on default port 42039] INFO  net.NetworkTopologyImpl (NetworkTopologyImpl.java:add(112)) - Added a new node: /default-rack/de1dc05a-b420-436e-92e0-be95de2f8d14
2023-01-10 01:11:51,568 [IPC Server handler 0 on default port 42039] INFO  node.SCMNodeManager (SCMNodeManager.java:register(397)) - Registered Data node : de1dc05a-b420-436e-92e0-be95de2f8d14{ip: 10.1.0.24, host: fv-az353-623.tkyx2seitsuu3nmpmouz2httfb.bx.internal.cloudapp.net, ports: [REPLICATION=40077, RATIS=34547, RATIS_ADMIN=34547, RATIS_SERVER=34547, RATIS_DATASTREAM=39059, STANDALONE=40421], networkLocation: /default-rack, certSerialId: null, persistedOpState: null, persistedOpStateExpiryEpochSec: 0}
2023-01-10 01:11:51,569 [EventQueue-NewNodeForNewNodeHandler] INFO  pipeline.BackgroundPipelineCreator (BackgroundPipelineCreator.java:notifyEventTriggered(276)) - trigger a one-shot run on RatisPipelineUtilsThread.
2023-01-10 01:11:51,569 [RatisPipelineUtilsThread - 0] INFO  pipeline.RatisPipelineProvider (RatisPipelineProvider.java:lambda$create$0(206)) - Sending CreatePipelineCommand for pipeline:PipelineID=65ebfa6e-2e0c-4813-87b0-6f7cad6e2125 to datanode:de1dc05a-b420-436e-92e0-be95de2f8d14
2023-01-10 01:11:51,570 [RatisPipelineUtilsThread - 0] INFO  pipeline.PipelineStateManagerImpl (PipelineStateManagerImpl.java:addPipeline(103)) - Created pipeline Pipeline[ Id: 65ebfa6e-2e0c-4813-87b0-6f7cad6e2125, Nodes: de1dc05a-b420-436e-92e0-be95de2f8d14{ip: 10.1.0.24, host: fv-az353-623.tkyx2seitsuu3nmpmouz2httfb.bx.internal.cloudapp.net, ports: [REPLICATION=40077, RATIS=34547, RATIS_ADMIN=34547, RATIS_SERVER=34547, RATIS_DATASTREAM=39059, STANDALONE=40421], networkLocation: /default-rack, certSerialId: null, persistedOpState: IN_SERVICE, persistedOpStateExpiryEpochSec: 0}, ReplicationConfig: RATIS/ONE, State:ALLOCATED, leaderId:, CreationTimestamp2023-01-10T01:11:51.569Z[Etc/UTC]].
2023-01-10 01:11:51,571 [RatisPipelineUtilsThread - 0] WARN  pipeline.PipelinePlacementPolicy (PipelinePlacementPolicy.java:filterViableNodes(158)) - Pipeline creation failed due to no sufficient healthy datanodes. Required 3. Found 1.
2023-01-10 01:11:51,900 [IPC Server handler 2 on default port 42039] INFO  net.NetworkTopologyImpl (NetworkTopologyImpl.java:add(112)) - Added a new node: /default-rack/43274a1e-e531-4976-aba4-4015449e37b0
2023-01-10 01:11:51,901 [IPC Server handler 2 on default port 42039] INFO  node.SCMNodeManager (SCMNodeManager.java:register(397)) - Registered Data node : 43274a1e-e531-4976-aba4-4015449e37b0{ip: 10.1.0.24, host: fv-az353-623.tkyx2seitsuu3nmpmouz2httfb.bx.internal.cloudapp.net, ports: [REPLICATION=33789, RATIS=46313, RATIS_ADMIN=46313, RATIS_SERVER=46313, RATIS_DATASTREAM=36845, STANDALONE=39587], networkLocation: /default-rack, certSerialId: null, persistedOpState: null, persistedOpStateExpiryEpochSec: 0}
2023-01-10 01:11:51,901 [EventQueue-NewNodeForNewNodeHandler] INFO  pipeline.BackgroundPipelineCreator (BackgroundPipelineCreator.java:notifyEventTriggered(276)) - trigger a one-shot run on RatisPipelineUtilsThread.
2023-01-10 01:11:51,902 [RatisPipelineUtilsThread - 0] INFO  pipeline.RatisPipelineProvider (RatisPipelineProvider.java:lambda$create$0(206)) - Sending CreatePipelineCommand for pipeline:PipelineID=da4c8e02-01d5-457e-b4c2-aa105e67f7b2 to datanode:43274a1e-e531-4976-aba4-4015449e37b0
2023-01-10 01:11:51,903 [RatisPipelineUtilsThread - 0] INFO  pipeline.PipelineStateManagerImpl (PipelineStateManagerImpl.java:addPipeline(103)) - Created pipeline Pipeline[ Id: da4c8e02-01d5-457e-b4c2-aa105e67f7b2, Nodes: 43274a1e-e531-4976-aba4-4015449e37b0{ip: 10.1.0.24, host: fv-az353-623.tkyx2seitsuu3nmpmouz2httfb.bx.internal.cloudapp.net, ports: [REPLICATION=33789, RATIS=46313, RATIS_ADMIN=46313, RATIS_SERVER=46313, RATIS_DATASTREAM=36845, STANDALONE=39587], networkLocation: /default-rack, certSerialId: null, persistedOpState: IN_SERVICE, persistedOpStateExpiryEpochSec: 0}, ReplicationConfig: RATIS/ONE, State:ALLOCATED, leaderId:, CreationTimestamp2023-01-10T01:11:51.902Z[Etc/UTC]].
2023-01-10 01:11:51,904 [RatisPipelineUtilsThread - 0] WARN  pipeline.PipelinePlacementPolicy (PipelinePlacementPolicy.java:filterViableNodes(158)) - Pipeline creation failed due to no sufficient healthy datanodes. Required 3. Found 2.
2023-01-10 01:11:52,207 [IPC Server handler 4 on default port 42039] INFO  net.NetworkTopologyImpl (NetworkTopologyImpl.java:add(112)) - Added a new node: /default-rack/819a9d5b-d004-47f6-9883-bc546cfa0094
2023-01-10 01:11:52,208 [IPC Server handler 4 on default port 42039] INFO  node.SCMNodeManager (SCMNodeManager.java:register(397)) - Registered Data node : 819a9d5b-d004-47f6-9883-bc546cfa0094{ip: 10.1.0.24, host: fv-az353-623.tkyx2seitsuu3nmpmouz2httfb.bx.internal.cloudapp.net, ports: [REPLICATION=42931, RATIS=40265, RATIS_ADMIN=40265, RATIS_SERVER=40265, RATIS_DATASTREAM=43921, STANDALONE=32831], networkLocation: /default-rack, certSerialId: null, persistedOpState: null, persistedOpStateExpiryEpochSec: 0}
2023-01-10 01:11:52,208 [EventQueue-NewNodeForNewNodeHandler] INFO  pipeline.BackgroundPipelineCreator (BackgroundPipelineCreator.java:notifyEventTriggered(276)) - trigger a one-shot run on RatisPipelineUtilsThread.
2023-01-10 01:11:52,209 [RatisPipelineUtilsThread - 0] INFO  pipeline.RatisPipelineProvider (RatisPipelineProvider.java:lambda$create$0(206)) - Sending CreatePipelineCommand for pipeline:PipelineID=745e6bfd-819c-497c-8910-e63690302bf4 to datanode:819a9d5b-d004-47f6-9883-bc546cfa0094
2023-01-10 01:11:52,210 [RatisPipelineUtilsThread - 0] INFO  pipeline.PipelineStateManagerImpl (PipelineStateManagerImpl.java:addPipeline(103)) - Created pipeline Pipeline[ Id: 745e6bfd-819c-497c-8910-e63690302bf4, Nodes: 819a9d5b-d004-47f6-9883-bc546cfa0094{ip: 10.1.0.24, host: fv-az353-623.tkyx2seitsuu3nmpmouz2httfb.bx.internal.cloudapp.net, ports: [REPLICATION=42931, RATIS=40265, RATIS_ADMIN=40265, RATIS_SERVER=40265, RATIS_DATASTREAM=43921, STANDALONE=32831], networkLocation: /default-rack, certSerialId: null, persistedOpState: IN_SERVICE, persistedOpStateExpiryEpochSec: 0}, ReplicationConfig: RATIS/ONE, State:ALLOCATED, leaderId:, CreationTimestamp2023-01-10T01:11:52.209Z[Etc/UTC]].
2023-01-10 01:11:52,211 [RatisPipelineUtilsThread - 0] INFO  pipeline.RatisPipelineProvider (RatisPipelineProvider.java:lambda$create$0(206)) - Sending CreatePipelineCommand for pipeline:PipelineID=3fc97201-0cda-4a57-9ef4-9f1d5650e6e9 to datanode:de1dc05a-b420-436e-92e0-be95de2f8d14
2023-01-10 01:11:52,211 [RatisPipelineUtilsThread - 0] INFO  pipeline.RatisPipelineProvider (RatisPipelineProvider.java:lambda$create$0(206)) - Sending CreatePipelineCommand for pipeline:PipelineID=3fc97201-0cda-4a57-9ef4-9f1d5650e6e9 to datanode:43274a1e-e531-4976-aba4-4015449e37b0
2023-01-10 01:11:52,211 [RatisPipelineUtilsThread - 0] INFO  pipeline.RatisPipelineProvider (RatisPipelineProvider.java:lambda$create$0(206)) - Sending CreatePipelineCommand for pipeline:PipelineID=3fc97201-0cda-4a57-9ef4-9f1d5650e6e9 to datanode:819a9d5b-d004-47f6-9883-bc546cfa0094
2023-01-10 01:11:52,211 [RatisPipelineUtilsThread - 0] INFO  pipeline.PipelineStateManagerImpl (PipelineStateManagerImpl.java:addPipeline(103)) - Created pipeline Pipeline[ Id: 3fc97201-0cda-4a57-9ef4-9f1d5650e6e9, Nodes: de1dc05a-b420-436e-92e0-be95de2f8d14{ip: 10.1.0.24, host: fv-az353-623.tkyx2seitsuu3nmpmouz2httfb.bx.internal.cloudapp.net, ports: [REPLICATION=40077, RATIS=34547, RATIS_ADMIN=34547, RATIS_SERVER=34547, RATIS_DATASTREAM=39059, STANDALONE=40421], networkLocation: /default-rack, certSerialId: null, persistedOpState: IN_SERVICE, persistedOpStateExpiryEpochSec: 0}43274a1e-e531-4976-aba4-4015449e37b0{ip: 10.1.0.24, host: fv-az353-623.tkyx2seitsuu3nmpmouz2httfb.bx.internal.cloudapp.net, ports: [REPLICATION=33789, RATIS=46313, RATIS_ADMIN=46313, RATIS_SERVER=46313, RATIS_DATASTREAM=36845, STANDALONE=39587], networkLocation: /default-rack, certSerialId: null, persistedOpState: IN_SERVICE, persistedOpStateExpiryEpochSec: 0}819a9d5b-d004-47f6-9883-bc546cfa0094{ip: 10.1.0.24, host: fv-az353-623.tkyx2seitsuu3nmpmouz2httfb.bx.internal.cloudapp.net, ports: [REPLICATION=42931, RATIS=40265, RATIS_ADMIN=40265, RATIS_SERVER=40265, RATIS_DATASTREAM=43921, STANDALONE=32831], networkLocation: /default-rack, certSerialId: null, persistedOpState: IN_SERVICE, persistedOpStateExpiryEpochSec: 0}, ReplicationConfig: RATIS/THREE, State:ALLOCATED, leaderId:, CreationTimestamp2023-01-10T01:11:52.211Z[Etc/UTC]].
2023-01-10 01:11:52,212 [RatisPipelineUtilsThread - 0] INFO  pipeline.RatisPipelineProvider (RatisPipelineProvider.java:lambda$create$0(206)) - Sending CreatePipelineCommand for pipeline:PipelineID=4612c823-6da0-4140-9b7e-3a6f7e119f6f to datanode:819a9d5b-d004-47f6-9883-bc546cfa0094
2023-01-10 01:11:52,212 [RatisPipelineUtilsThread - 0] INFO  pipeline.RatisPipelineProvider (RatisPipelineProvider.java:lambda$create$0(206)) - Sending CreatePipelineCommand for pipeline:PipelineID=4612c823-6da0-4140-9b7e-3a6f7e119f6f to datanode:43274a1e-e531-4976-aba4-4015449e37b0
2023-01-10 01:11:52,212 [RatisPipelineUtilsThread - 0] INFO  pipeline.RatisPipelineProvider (RatisPipelineProvider.java:lambda$create$0(206)) - Sending CreatePipelineCommand for pipeline:PipelineID=4612c823-6da0-4140-9b7e-3a6f7e119f6f to datanode:de1dc05a-b420-436e-92e0-be95de2f8d14
2023-01-10 01:11:52,213 [Listener at 127.0.0.1/34303] INFO  ozone.MiniOzoneClusterImpl (MiniOzoneClusterImpl.java:lambda$waitForClusterToBeReady$0(218)) - Nodes are ready. Got 6 of 6 DN Heartbeats.
2023-01-10 01:11:52,223 [Listener at 127.0.0.1/34303] INFO  ozone.MiniOzoneClusterImpl (MiniOzoneClusterImpl.java:lambda$waitForClusterToBeReady$0(221)) - Waiting for cluster to exit safe mode
2023-01-10 01:11:52,223 [Listener at 127.0.0.1/34303] INFO  ozone.MiniOzoneClusterImpl (MiniOzoneClusterImpl.java:lambda$waitForClusterToBeReady$0(223)) - SCM became leader
2023-01-10 01:11:52,223 [RatisPipelineUtilsThread - 0] INFO  pipeline.PipelineStateManagerImpl (PipelineStateManagerImpl.java:addPipeline(103)) - Created pipeline Pipeline[ Id: 4612c823-6da0-4140-9b7e-3a6f7e119f6f, Nodes: 819a9d5b-d004-47f6-9883-bc546cfa0094{ip: 10.1.0.24, host: fv-az353-623.tkyx2seitsuu3nmpmouz2httfb.bx.internal.cloudapp.net, ports: [REPLICATION=42931, RATIS=40265, RATIS_ADMIN=40265, RATIS_SERVER=40265, RATIS_DATASTREAM=43921, STANDALONE=32831], networkLocation: /default-rack, certSerialId: null, persistedOpState: IN_SERVICE, persistedOpStateExpiryEpochSec: 0}43274a1e-e531-4976-aba4-4015449e37b0{ip: 10.1.0.24, host: fv-az353-623.tkyx2seitsuu3nmpmouz2httfb.bx.internal.cloudapp.net, ports: [REPLICATION=33789, RATIS=46313, RATIS_ADMIN=46313, RATIS_SERVER=46313, RATIS_DATASTREAM=36845, STANDALONE=39587], networkLocation: /default-rack, certSerialId: null, persistedOpState: IN_SERVICE, persistedOpStateExpiryEpochSec: 0}de1dc05a-b420-436e-92e0-be95de2f8d14{ip: 10.1.0.24, host: fv-az353-623.tkyx2seitsuu3nmpmouz2httfb.bx.internal.cloudapp.net, ports: [REPLICATION=40077, RATIS=34547, RATIS_ADMIN=34547, RATIS_SERVER=34547, RATIS_DATASTREAM=39059, STANDALONE=40421], networkLocation: /default-rack, certSerialId: null, persistedOpState: IN_SERVICE, persistedOpStateExpiryEpochSec: 0}, ReplicationConfig: RATIS/THREE, State:ALLOCATED, leaderId:, CreationTimestamp2023-01-10T01:11:52.212Z[Etc/UTC]].
2023-01-10 01:11:52,223 [RatisPipelineUtilsThread - 0] INFO  pipeline.PipelineManagerImpl (PipelineManagerImpl.java:recordMetricsForPipeline(826)) - Pipeline: PipelineID=4612c823-6da0-4140-9b7e-3a6f7e119f6f contains same datanodes as previous pipelines: PipelineID=3fc97201-0cda-4a57-9ef4-9f1d5650e6e9 nodeIds: 819a9d5b-d004-47f6-9883-bc546cfa0094, 43274a1e-e531-4976-aba4-4015449e37b0, de1dc05a-b420-436e-92e0-be95de2f8d14
2023-01-10 01:11:52,224 [RatisPipelineUtilsThread - 0] WARN  pipeline.PipelinePlacementPolicy (PipelinePlacementPolicy.java:filterViableNodes(158)) - Pipeline creation failed due to no sufficient healthy datanodes. Required 3. Found 0.
2023-01-10 01:11:53,223 [Listener at 127.0.0.1/34303] INFO  ozone.MiniOzoneClusterImpl (MiniOzoneClusterImpl.java:lambda$waitForClusterToBeReady$0(218)) - Nodes are ready. Got 6 of 6 DN Heartbeats.
2023-01-10 01:11:53,224 [Listener at 127.0.0.1/34303] INFO  ozone.MiniOzoneClusterImpl (MiniOzoneClusterImpl.java:lambda$waitForClusterToBeReady$0(221)) - Waiting for cluster to exit safe mode
2023-01-10 01:11:53,224 [Listener at 127.0.0.1/34303] INFO  ozone.MiniOzoneClusterImpl (MiniOzoneClusterImpl.java:lambda$waitForClusterToBeReady$0(223)) - SCM became leader
2023-01-10 01:11:53,440 [Command processor thread] INFO  server.RaftServer (RaftServerProxy.java:addNew(96)) - 9684d5c9-574d-4083-afb3-2b5a0b78eb45: addNew group-767D98A7D697:[9684d5c9-574d-4083-afb3-2b5a0b78eb45|rpc:10.1.0.24:45207|dataStream:10.1.0.24:35443|priority:1|startupRole:FOLLOWER] returns group-767D98A7D697:java.util.concurrent.CompletableFuture@4e60a000[Not completed]
2023-01-10 01:11:53,449 [pool-71-thread-1] INFO  server.RaftServer$Division (RaftServerImpl.java:<init>(195)) - 9684d5c9-574d-4083-afb3-2b5a0b78eb45: new RaftServerImpl for group-767D98A7D697:[9684d5c9-574d-4083-afb3-2b5a0b78eb45|rpc:10.1.0.24:45207|dataStream:10.1.0.24:35443|priority:1|startupRole:FOLLOWER] with ContainerStateMachine:uninitialized
2023-01-10 01:11:53,449 [pool-71-thread-1] INFO  server.RaftServerConfigKeys (ConfUtils.java:logGet(46)) - raft.server.rpc.timeout.min = 5s (custom)
2023-01-10 01:11:53,450 [pool-71-thread-1] INFO  server.RaftServerConfigKeys (ConfUtils.java:logGet(46)) - raft.server.rpc.timeout.max = 5200ms (custom)
2023-01-10 01:11:53,450 [pool-71-thread-1] INFO  server.RaftServerConfigKeys (ConfUtils.java:logGet(46)) - raft.server.rpc.sleep.time = 25ms (default)
2023-01-10 01:11:53,450 [pool-71-thread-1] INFO  server.RaftServerConfigKeys (ConfUtils.java:logGet(46)) - raft.server.rpc.slowness.timeout = 300s (custom)
2023-01-10 01:11:53,450 [pool-71-thread-1] INFO  server.RaftServerConfigKeys (ConfUtils.java:logGet(46)) - raft.server.leaderelection.leader.step-down.wait-time = 10s (default)
2023-01-10 01:11:53,450 [pool-71-thread-1] INFO  server.RaftServerConfigKeys (ConfUtils.java:logGet(46)) - raft.server.sleep.deviation.threshold = 300ms (default)
2023-01-10 01:11:53,450 [pool-71-thread-1] INFO  server.RaftServer$Division (ServerState.java:<init>(118)) - 9684d5c9-574d-4083-afb3-2b5a0b78eb45@group-767D98A7D697: ConfigurationManager, init=-1: peers:[9684d5c9-574d-4083-afb3-2b5a0b78eb45|rpc:10.1.0.24:45207|dataStream:10.1.0.24:35443|priority:1|startupRole:FOLLOWER]|listeners:[], old=null, confs=<EMPTY_MAP>
2023-01-10 01:11:53,450 [pool-71-thread-1] INFO  server.RaftServerConfigKeys (ConfUtils.java:logGet(46)) - raft.server.storage.dir = [/home/runner/work/ozone/ozone/hadoop-ozone/integration-test/target/test-dir/MiniOzoneClusterImpl-11329d86-319f-4265-8dbd-04dd0b699e79/datanode-0/data/ratis] (custom)
2023-01-10 01:11:53,450 [pool-71-thread-1] INFO  server.RaftServerConfigKeys (ConfUtils.java:logGet(46)) - raft.server.log.corruption.policy = EXCEPTION (default)
2023-01-10 01:11:53,450 [pool-71-thread-1] INFO  server.RaftServerConfigKeys (ConfUtils.java:logGet(46)) - raft.server.storage.free-space.min = 0MB (=0) (default)
2023-01-10 01:11:53,450 [pool-71-thread-1] INFO  server.RaftServerConfigKeys (ConfUtils.java:logGet(46)) - raft.server.notification.no-leader.timeout = 300s (custom)
2023-01-10 01:11:53,450 [pool-71-thread-1] INFO  server.RaftServerConfigKeys (ConfUtils.java:logGet(46)) - raft.server.retrycache.expirytime = 600000ms (custom)
2023-01-10 01:11:53,450 [pool-71-thread-1] INFO  server.RaftServerConfigKeys (ConfUtils.java:logGet(46)) - raft.server.retrycache.statistics.expirytime = 100μs (default)
2023-01-10 01:11:53,453 [pool-71-thread-1] INFO  server.RaftServerConfigKeys (ConfUtils.java:logGet(46)) - raft.server.log.appender.install.snapshot.enabled = false (custom)
2023-01-10 01:11:53,453 [pool-71-thread-1] INFO  server.RaftServerConfigKeys (ConfUtils.java:logGet(46)) - raft.server.threadpool.server.cached = true (default)
2023-01-10 01:11:53,453 [pool-71-thread-1] INFO  server.RaftServerConfigKeys (ConfUtils.java:logGet(46)) - raft.server.threadpool.server.size = 0 (default)
2023-01-10 01:11:53,453 [pool-71-thread-1] INFO  server.RaftServerConfigKeys (ConfUtils.java:logGet(46)) - raft.server.threadpool.client.cached = true (default)
2023-01-10 01:11:53,453 [pool-71-thread-1] INFO  server.RaftServerConfigKeys (ConfUtils.java:logGet(46)) - raft.server.threadpool.client.size = 0 (default)
2023-01-10 01:11:53,453 [pool-71-thread-1] INFO  storage.RaftStorageDirectory (RaftStorageDirectoryImpl.java:analyzeStorage(137)) - The storage directory /home/runner/work/ozone/ozone/hadoop-ozone/integration-test/target/test-dir/MiniOzoneClusterImpl-11329d86-319f-4265-8dbd-04dd0b699e79/datanode-0/data/ratis/aa398e0d-26a5-4d9a-8e0e-767d98a7d697 does not exist. Creating ...
2023-01-10 01:11:53,455 [pool-71-thread-1] INFO  storage.RaftStorageDirectory (RaftStorageDirectoryImpl.java:tryLock(231)) - Lock on /home/runner/work/ozone/ozone/hadoop-ozone/integration-test/target/test-dir/MiniOzoneClusterImpl-11329d86-319f-4265-8dbd-04dd0b699e79/datanode-0/data/ratis/aa398e0d-26a5-4d9a-8e0e-767d98a7d697/in_use.lock acquired by nodename 10631@fv-az353-623
2023-01-10 01:11:53,456 [pool-71-thread-1] INFO  storage.RaftStorage (RaftStorageImpl.java:format(96)) - Storage directory /home/runner/work/ozone/ozone/hadoop-ozone/integration-test/target/test-dir/MiniOzoneClusterImpl-11329d86-319f-4265-8dbd-04dd0b699e79/datanode-0/data/ratis/aa398e0d-26a5-4d9a-8e0e-767d98a7d697 has been successfully formatted.
2023-01-10 01:11:53,463 [pool-71-thread-1] INFO  ratis.ContainerStateMachine (ContainerStateMachine.java:loadSnapshot(240)) - group-767D98A7D697: The snapshot info is null. Setting the last applied indexto:(t:0, i:~)
2023-01-10 01:11:53,463 [pool-71-thread-1] INFO  server.RaftServerConfigKeys (ConfUtils.java:logGet(46)) - raft.server.log.use.memory = false (default)
2023-01-10 01:11:53,471 [pool-71-thread-1] INFO  server.RaftServerConfigKeys (ConfUtils.java:logGet(46)) - raft.server.log.purge.gap = 1000000 (custom)
2023-01-10 01:11:53,471 [pool-71-thread-1] INFO  server.RaftServerConfigKeys (ConfUtils.java:logGet(46)) - raft.server.log.appender.buffer.byte-limit = 33554432 (custom)
2023-01-10 01:11:53,471 [pool-71-thread-1] INFO  server.RaftServerConfigKeys (ConfUtils.java:logGet(46)) - raft.server.log.statemachine.data.read.timeout = 1000ms (default)
2023-01-10 01:11:53,471 [pool-71-thread-1] INFO  server.RaftServerConfigKeys (ConfUtils.java:logGet(46)) - raft.server.log.purge.preservation.log.num = 0 (default)
2023-01-10 01:11:53,471 [pool-71-thread-1] INFO  server.RaftServerConfigKeys (ConfUtils.java:logGet(46)) - raft.server.log.segment.size.max = 1048576 (custom)
2023-01-10 01:11:53,473 [pool-71-thread-1] INFO  server.RaftServerConfigKeys (ConfUtils.java:logGet(46)) - raft.server.log.segment.cache.num.max = 2 (custom)
2023-01-10 01:11:53,473 [pool-71-thread-1] INFO  server.RaftServerConfigKeys (ConfUtils.java:logGet(46)) - raft.server.log.segment.cache.size.max = 200MB (=209715200) (default)
2023-01-10 01:11:53,473 [pool-71-thread-1] INFO  segmented.SegmentedRaftLogWorker (SegmentedRaftLogWorker.java:<init>(189)) - new 9684d5c9-574d-4083-afb3-2b5a0b78eb45@group-767D98A7D697-SegmentedRaftLogWorker for RaftStorageImpl:Storage Directory /home/runner/work/ozone/ozone/hadoop-ozone/integration-test/target/test-dir/MiniOzoneClusterImpl-11329d86-319f-4265-8dbd-04dd0b699e79/datanode-0/data/ratis/aa398e0d-26a5-4d9a-8e0e-767d98a7d697
2023-01-10 01:11:53,473 [pool-71-thread-1] INFO  server.RaftServerConfigKeys (ConfUtils.java:logGet(46)) - raft.server.log.queue.byte-limit = 4294967296 (custom)
2023-01-10 01:11:53,473 [pool-71-thread-1] INFO  server.RaftServerConfigKeys (ConfUtils.java:logGet(46)) - raft.server.log.queue.element-limit = 1024 (custom)
2023-01-10 01:11:53,473 [pool-71-thread-1] INFO  server.RaftServerConfigKeys (ConfUtils.java:logGet(46)) - raft.server.log.segment.size.max = 1048576 (custom)
2023-01-10 01:11:53,473 [pool-71-thread-1] INFO  server.RaftServerConfigKeys (ConfUtils.java:logGet(46)) - raft.server.log.preallocated.size = 16384 (custom)
2023-01-10 01:11:53,473 [pool-71-thread-1] INFO  server.RaftServerConfigKeys (ConfUtils.java:logGet(46)) - raft.server.log.force.sync.num = 128 (default)
2023-01-10 01:11:53,473 [pool-71-thread-1] INFO  server.RaftServerConfigKeys (ConfUtils.java:logGet(46)) - raft.server.log.statemachine.data.sync = true (default)
2023-01-10 01:11:53,473 [pool-71-thread-1] INFO  server.RaftServerConfigKeys (ConfUtils.java:logGet(46)) - raft.server.log.statemachine.data.sync.timeout = 10s (default)
2023-01-10 01:11:53,474 [pool-71-thread-1] INFO  server.RaftServerConfigKeys (ConfUtils.java:logGet(46)) - raft.server.log.statemachine.data.sync.timeout.retry = -1 (default)
2023-01-10 01:11:53,480 [pool-71-thread-1] INFO  server.RaftServerConfigKeys (ConfUtils.java:logGet(46)) - raft.server.log.write.buffer.size = 1048576 (custom)
2023-01-10 01:11:53,481 [pool-71-thread-1] INFO  server.RaftServerConfigKeys (ConfUtils.java:logGet(46)) - raft.server.log.appender.buffer.byte-limit = 33554432 (custom)
2023-01-10 01:11:53,486 [pool-71-thread-1] INFO  server.RaftServerConfigKeys (ConfUtils.java:logGet(46)) - raft.server.log.unsafe-flush.enabled = false (default)
2023-01-10 01:11:53,486 [pool-71-thread-1] INFO  server.RaftServerConfigKeys (ConfUtils.java:logGet(46)) - raft.server.log.async-flush.enabled = false (default)
2023-01-10 01:11:53,487 [EventQueue-PipelineReportForPipelineReportHandler] INFO  pipeline.PipelineManagerImpl (PipelineManagerImpl.java:openPipeline(367)) - Pipeline Pipeline[ Id: aa398e0d-26a5-4d9a-8e0e-767d98a7d697, Nodes: 9684d5c9-574d-4083-afb3-2b5a0b78eb45{ip: 10.1.0.24, host: fv-az353-623.tkyx2seitsuu3nmpmouz2httfb.bx.internal.cloudapp.net, ports: [REPLICATION=35641, RATIS=45207, RATIS_ADMIN=45207, RATIS_SERVER=45207, RATIS_DATASTREAM=35443, STANDALONE=45643], networkLocation: /default-rack, certSerialId: null, persistedOpState: IN_SERVICE, persistedOpStateExpiryEpochSec: 0}, ReplicationConfig: RATIS/ONE, State:ALLOCATED, leaderId:9684d5c9-574d-4083-afb3-2b5a0b78eb45, CreationTimestamp2023-01-10T01:11:50.459Z[Etc/UTC]] moved to OPEN state
2023-01-10 01:11:53,488 [pool-71-thread-1] INFO  server.RaftServerConfigKeys (ConfUtils.java:logGet(46)) - raft.server.log.statemachine.data.caching.enabled = true (custom)
2023-01-10 01:11:53,489 [pool-71-thread-1] INFO  segmented.SegmentedRaftLogWorker (SegmentedRaftLogWorker.java:lambda$new$0(135)) - 9684d5c9-574d-4083-afb3-2b5a0b78eb45@group-767D98A7D697-SegmentedRaftLogWorker: flushIndex: setUnconditionally 0 -> -1
2023-01-10 01:11:53,489 [pool-71-thread-1] INFO  segmented.SegmentedRaftLogWorker (SegmentedRaftLogWorker.java:lambda$new$0(135)) - 9684d5c9-574d-4083-afb3-2b5a0b78eb45@group-767D98A7D697-SegmentedRaftLogWorker: safeCacheEvictIndex: setUnconditionally 0 -> -1
2023-01-10 01:11:53,498 [pool-71-thread-1] INFO  server.RaftServer$Division (RaftServerImpl.java:start(334)) - 9684d5c9-574d-4083-afb3-2b5a0b78eb45@group-767D98A7D697: start as a follower, conf=-1: peers:[9684d5c9-574d-4083-afb3-2b5a0b78eb45|rpc:10.1.0.24:45207|dataStream:10.1.0.24:35443|priority:1|startupRole:FOLLOWER]|listeners:[], old=null
2023-01-10 01:11:53,498 [pool-71-thread-1] INFO  server.RaftServer$Division (RaftServerImpl.java:setRole(321)) - 9684d5c9-574d-4083-afb3-2b5a0b78eb45@group-767D98A7D697: changes role from      null to FOLLOWER at term 0 for startAsFollower
2023-01-10 01:11:53,498 [pool-71-thread-1] INFO  impl.RoleInfo (RoleInfo.java:updateAndGet(139)) - 9684d5c9-574d-4083-afb3-2b5a0b78eb45: start 9684d5c9-574d-4083-afb3-2b5a0b78eb45@group-767D98A7D697-FollowerState
2023-01-10 01:11:53,499 [pool-71-thread-1] INFO  util.JmxRegister (JmxRegister.java:tryRegister(44)) - Successfully registered JMX Bean with object name Ratis:service=RaftServer,group=group-767D98A7D697,id=9684d5c9-574d-4083-afb3-2b5a0b78eb45
2023-01-10 01:11:53,499 [pool-71-thread-1] INFO  server.RaftServerConfigKeys (ConfUtils.java:logGet(46)) - raft.server.snapshot.auto.trigger.enabled = true (custom)
2023-01-10 01:11:53,499 [pool-71-thread-1] INFO  server.RaftServerConfigKeys (ConfUtils.java:logGet(46)) - raft.server.snapshot.auto.trigger.threshold = 10000 (custom)
2023-01-10 01:11:53,499 [pool-71-thread-1] INFO  server.RaftServerConfigKeys (ConfUtils.java:logGet(46)) - raft.server.snapshot.retention.file.num = 5 (custom)
2023-01-10 01:11:53,499 [pool-71-thread-1] INFO  server.RaftServerConfigKeys (ConfUtils.java:logGet(46)) - raft.server.log.purge.upto.snapshot.index = false (default)
2023-01-10 01:11:53,499 [EventQueue-OpenPipelineForHealthyPipelineSafeModeRule] INFO  safemode.SCMSafeModeManager (HealthyPipelineSafeModeRule.java:process(137)) - SCM in safe mode. Healthy pipelines reported count is 0, required healthy pipeline reported count is 1
2023-01-10 01:11:53,506 [9684d5c9-574d-4083-afb3-2b5a0b78eb45@group-767D98A7D697-FollowerState] INFO  server.RaftServerConfigKeys (ConfUtils.java:logFallback(53)) - raft.server.rpc.first-election.timeout.min = 5s (fallback to raft.server.rpc.timeout.min)
2023-01-10 01:11:53,506 [9684d5c9-574d-4083-afb3-2b5a0b78eb45@group-767D98A7D697-FollowerState] INFO  server.RaftServerConfigKeys (ConfUtils.java:logFallback(53)) - raft.server.rpc.first-election.timeout.max = 5200ms (fallback to raft.server.rpc.timeout.max)
2023-01-10 01:11:53,512 [Command processor thread] INFO  ratis.XceiverServerRatis (XceiverServerRatis.java:addGroup(806)) - Created group PipelineID=aa398e0d-26a5-4d9a-8e0e-767d98a7d697
2023-01-10 01:11:53,512 [Command processor thread] INFO  commandhandler.CreatePipelineCommandHandler (CreatePipelineCommandHandler.java:handle(113)) - Created Pipeline RATIS ONE PipelineID=aa398e0d-26a5-4d9a-8e0e-767d98a7d697.
2023-01-10 01:11:53,513 [Command processor thread] INFO  server.RaftServer (RaftServerProxy.java:addNew(96)) - 9684d5c9-574d-4083-afb3-2b5a0b78eb45: addNew group-225BCC242D8D:[9684d5c9-574d-4083-afb3-2b5a0b78eb45|rpc:10.1.0.24:45207|dataStream:10.1.0.24:35443|priority:0|startupRole:FOLLOWER, cf55343f-a051-44b0-a85c-65c9cdfe5b3e|rpc:10.1.0.24:44193|dataStream:10.1.0.24:34389|priority:0|startupRole:FOLLOWER, 482fd31e-156c-418e-9aed-e6d52525a62a|rpc:10.1.0.24:38229|dataStream:10.1.0.24:43885|priority:1|startupRole:FOLLOWER] returns group-225BCC242D8D:java.util.concurrent.CompletableFuture@d7f0e00[Not completed]
2023-01-10 01:11:53,515 [pool-71-thread-1] INFO  server.RaftServer$Division (RaftServerImpl.java:<init>(195)) - 9684d5c9-574d-4083-afb3-2b5a0b78eb45: new RaftServerImpl for group-225BCC242D8D:[9684d5c9-574d-4083-afb3-2b5a0b78eb45|rpc:10.1.0.24:45207|dataStream:10.1.0.24:35443|priority:0|startupRole:FOLLOWER, cf55343f-a051-44b0-a85c-65c9cdfe5b3e|rpc:10.1.0.24:44193|dataStream:10.1.0.24:34389|priority:0|startupRole:FOLLOWER, 482fd31e-156c-418e-9aed-e6d52525a62a|rpc:10.1.0.24:38229|dataStream:10.1.0.24:43885|priority:1|startupRole:FOLLOWER] with ContainerStateMachine:uninitialized
2023-01-10 01:11:53,515 [pool-71-thread-1] INFO  server.RaftServerConfigKeys (ConfUtils.java:logGet(46)) - raft.server.rpc.timeout.min = 5s (custom)
2023-01-10 01:11:53,515 [pool-71-thread-1] INFO  server.RaftServerConfigKeys (ConfUtils.java:logGet(46)) - raft.server.rpc.timeout.max = 5200ms (custom)
2023-01-10 01:11:53,515 [pool-71-thread-1] INFO  server.RaftServerConfigKeys (ConfUtils.java:logGet(46)) - raft.server.rpc.sleep.time = 25ms (default)
2023-01-10 01:11:53,515 [pool-71-thread-1] INFO  server.RaftServerConfigKeys (ConfUtils.java:logGet(46)) - raft.server.rpc.slowness.timeout = 300s (custom)
2023-01-10 01:11:53,515 [pool-71-thread-1] INFO  server.RaftServerConfigKeys (ConfUtils.java:logGet(46)) - raft.server.leaderelection.leader.step-down.wait-time = 10s (default)
2023-01-10 01:11:53,515 [pool-71-thread-1] INFO  server.RaftServerConfigKeys (ConfUtils.java:logGet(46)) - raft.server.sleep.deviation.threshold = 300ms (default)
2023-01-10 01:11:53,515 [pool-71-thread-1] INFO  server.RaftServer$Division (ServerState.java:<init>(118)) - 9684d5c9-574d-4083-afb3-2b5a0b78eb45@group-225BCC242D8D: ConfigurationManager, init=-1: peers:[9684d5c9-574d-4083-afb3-2b5a0b78eb45|rpc:10.1.0.24:45207|dataStream:10.1.0.24:35443|priority:0|startupRole:FOLLOWER, cf55343f-a051-44b0-a85c-65c9cdfe5b3e|rpc:10.1.0.24:44193|dataStream:10.1.0.24:34389|priority:0|startupRole:FOLLOWER, 482fd31e-156c-418e-9aed-e6d52525a62a|rpc:10.1.0.24:38229|dataStream:10.1.0.24:43885|priority:1|startupRole:FOLLOWER]|listeners:[], old=null, confs=<EMPTY_MAP>
2023-01-10 01:11:53,515 [pool-71-thread-1] INFO  server.RaftServerConfigKeys (ConfUtils.java:logGet(46)) - raft.server.storage.dir = [/home/runner/work/ozone/ozone/hadoop-ozone/integration-test/target/test-dir/MiniOzoneClusterImpl-11329d86-319f-4265-8dbd-04dd0b699e79/datanode-0/data/ratis] (custom)
2023-01-10 01:11:53,515 [pool-71-thread-1] INFO  server.RaftServerConfigKeys (ConfUtils.java:logGet(46)) - raft.server.log.corruption.policy = EXCEPTION (default)
2023-01-10 01:11:53,515 [pool-71-thread-1] INFO  server.RaftServerConfigKeys (ConfUtils.java:logGet(46)) - raft.server.storage.free-space.min = 0MB (=0) (default)
2023-01-10 01:11:53,516 [pool-71-thread-1] INFO  server.RaftServerConfigKeys (ConfUtils.java:logGet(46)) - raft.server.notification.no-leader.timeout = 300s (custom)
2023-01-10 01:11:53,516 [pool-71-thread-1] INFO  server.RaftServerConfigKeys (ConfUtils.java:logGet(46)) - raft.server.retrycache.expirytime = 600000ms (custom)
2023-01-10 01:11:53,516 [pool-71-thread-1] INFO  server.RaftServerConfigKeys (ConfUtils.java:logGet(46)) - raft.server.retrycache.statistics.expirytime = 100μs (default)
2023-01-10 01:11:53,518 [pool-71-thread-1] INFO  server.RaftServerConfigKeys (ConfUtils.java:logGet(46)) - raft.server.log.appender.install.snapshot.enabled = false (custom)
2023-01-10 01:11:53,518 [pool-71-thread-1] INFO  server.RaftServerConfigKeys (ConfUtils.java:logGet(46)) - raft.server.threadpool.server.cached = true (default)
2023-01-10 01:11:53,518 [pool-71-thread-1] INFO  server.RaftServerConfigKeys (ConfUtils.java:logGet(46)) - raft.server.threadpool.server.size = 0 (default)
2023-01-10 01:11:53,518 [pool-71-thread-1] INFO  server.RaftServerConfigKeys (ConfUtils.java:logGet(46)) - raft.server.threadpool.client.cached = true (default)
2023-01-10 01:11:53,518 [pool-71-thread-1] INFO  server.RaftServerConfigKeys (ConfUtils.java:logGet(46)) - raft.server.threadpool.client.size = 0 (default)
2023-01-10 01:11:53,518 [pool-71-thread-1] INFO  storage.RaftStorageDirectory (RaftStorageDirectoryImpl.java:analyzeStorage(137)) - The storage directory /home/runner/work/ozone/ozone/hadoop-ozone/integration-test/target/test-dir/MiniOzoneClusterImpl-11329d86-319f-4265-8dbd-04dd0b699e79/datanode-0/data/ratis/016b9ad0-65d5-47a5-98ce-225bcc242d8d does not exist. Creating ...
2023-01-10 01:11:53,520 [pool-71-thread-1] INFO  storage.RaftStorageDirectory (RaftStorageDirectoryImpl.java:tryLock(231)) - Lock on /home/runner/work/ozone/ozone/hadoop-ozone/integration-test/target/test-dir/MiniOzoneClusterImpl-11329d86-319f-4265-8dbd-04dd0b699e79/datanode-0/data/ratis/016b9ad0-65d5-47a5-98ce-225bcc242d8d/in_use.lock acquired by nodename 10631@fv-az353-623
2023-01-10 01:11:53,521 [pool-71-thread-1] INFO  storage.RaftStorage (RaftStorageImpl.java:format(96)) - Storage directory /home/runner/work/ozone/ozone/hadoop-ozone/integration-test/target/test-dir/MiniOzoneClusterImpl-11329d86-319f-4265-8dbd-04dd0b699e79/datanode-0/data/ratis/016b9ad0-65d5-47a5-98ce-225bcc242d8d has been successfully formatted.
2023-01-10 01:11:53,521 [pool-71-thread-1] INFO  ratis.ContainerStateMachine (ContainerStateMachine.java:loadSnapshot(240)) - group-225BCC242D8D: The snapshot info is null. Setting the last applied indexto:(t:0, i:~)
2023-01-10 01:11:53,521 [pool-71-thread-1] INFO  server.RaftServerConfigKeys (ConfUtils.java:logGet(46)) - raft.server.log.use.memory = false (default)
2023-01-10 01:11:53,521 [pool-71-thread-1] INFO  server.RaftServerConfigKeys (ConfUtils.java:logGet(46)) - raft.server.log.purge.gap = 1000000 (custom)
2023-01-10 01:11:53,521 [pool-71-thread-1] INFO  server.RaftServerConfigKeys (ConfUtils.java:logGet(46)) - raft.server.log.appender.buffer.byte-limit = 33554432 (custom)
2023-01-10 01:11:53,522 [pool-71-thread-1] INFO  server.RaftServerConfigKeys (ConfUtils.java:logGet(46)) - raft.server.log.statemachine.data.read.timeout = 1000ms (default)
2023-01-10 01:11:53,522 [pool-71-thread-1] INFO  server.RaftServerConfigKeys (ConfUtils.java:logGet(46)) - raft.server.log.purge.preservation.log.num = 0 (default)
2023-01-10 01:11:53,522 [pool-71-thread-1] INFO  server.RaftServerConfigKeys (ConfUtils.java:logGet(46)) - raft.server.log.segment.size.max = 1048576 (custom)
2023-01-10 01:11:53,524 [EventQueue-OpenPipelineForHealthyPipelineSafeModeRule] INFO  safemode.SCMSafeModeManager (HealthyPipelineSafeModeRule.java:process(137)) - SCM in safe mode. Healthy pipelines reported count is 0, required healthy pipeline reported count is 1
2023-01-10 01:11:53,525 [pool-71-thread-1] INFO  server.RaftServerConfigKeys (ConfUtils.java:logGet(46)) - raft.server.log.segment.cache.num.max = 2 (custom)
2023-01-10 01:11:53,529 [pool-71-thread-1] INFO  server.RaftServerConfigKeys (ConfUtils.java:logGet(46)) - raft.server.log.segment.cache.size.max = 200MB (=209715200) (default)
2023-01-10 01:11:53,529 [pool-71-thread-1] INFO  segmented.SegmentedRaftLogWorker (SegmentedRaftLogWorker.java:<init>(189)) - new 9684d5c9-574d-4083-afb3-2b5a0b78eb45@group-225BCC242D8D-SegmentedRaftLogWorker for RaftStorageImpl:Storage Directory /home/runner/work/ozone/ozone/hadoop-ozone/integration-test/target/test-dir/MiniOzoneClusterImpl-11329d86-319f-4265-8dbd-04dd0b699e79/datanode-0/data/ratis/016b9ad0-65d5-47a5-98ce-225bcc242d8d
2023-01-10 01:11:53,529 [pool-71-thread-1] INFO  server.RaftServerConfigKeys (ConfUtils.java:logGet(46)) - raft.server.log.queue.byte-limit = 4294967296 (custom)
2023-01-10 01:11:53,529 [pool-71-thread-1] INFO  server.RaftServerConfigKeys (ConfUtils.java:logGet(46)) - raft.server.log.queue.element-limit = 1024 (custom)
2023-01-10 01:11:53,529 [pool-71-thread-1] INFO  server.RaftServerConfigKeys (ConfUtils.java:logGet(46)) - raft.server.log.segment.size.max = 1048576 (custom)
2023-01-10 01:11:53,529 [pool-71-thread-1] INFO  server.RaftServerConfigKeys (ConfUtils.java:logGet(46)) - raft.server.log.preallocated.size = 16384 (custom)
2023-01-10 01:11:53,529 [pool-71-thread-1] INFO  server.RaftServerConfigKeys (ConfUtils.java:logGet(46)) - raft.server.log.force.sync.num = 128 (default)
2023-01-10 01:11:53,529 [pool-71-thread-1] INFO  server.RaftServerConfigKeys (ConfUtils.java:logGet(46)) - raft.server.log.statemachine.data.sync = true (default)
2023-01-10 01:11:53,529 [pool-71-thread-1] INFO  server.RaftServerConfigKeys (ConfUtils.java:logGet(46)) - raft.server.log.statemachine.data.sync.timeout = 10s (default)
2023-01-10 01:11:53,529 [pool-71-thread-1] INFO  server.RaftServerConfigKeys (ConfUtils.java:logGet(46)) - raft.server.log.statemachine.data.sync.timeout.retry = -1 (default)
2023-01-10 01:11:53,530 [pool-71-thread-1] INFO  server.RaftServerConfigKeys (ConfUtils.java:logGet(46)) - raft.server.log.write.buffer.size = 1048576 (custom)
2023-01-10 01:11:53,531 [pool-71-thread-1] INFO  server.RaftServerConfigKeys (ConfUtils.java:logGet(46)) - raft.server.log.appender.buffer.byte-limit = 33554432 (custom)
2023-01-10 01:11:53,536 [pool-71-thread-1] INFO  server.RaftServerConfigKeys (ConfUtils.java:logGet(46)) - raft.server.log.unsafe-flush.enabled = false (default)
2023-01-10 01:11:53,536 [pool-71-thread-1] INFO  server.RaftServerConfigKeys (ConfUtils.java:logGet(46)) - raft.server.log.async-flush.enabled = false (default)
2023-01-10 01:11:53,536 [pool-71-thread-1] INFO  server.RaftServerConfigKeys (ConfUtils.java:logGet(46)) - raft.server.log.statemachine.data.caching.enabled = true (custom)
2023-01-10 01:11:53,536 [pool-71-thread-1] INFO  segmented.SegmentedRaftLogWorker (SegmentedRaftLogWorker.java:lambda$new$0(135)) - 9684d5c9-574d-4083-afb3-2b5a0b78eb45@group-225BCC242D8D-SegmentedRaftLogWorker: flushIndex: setUnconditionally 0 -> -1
2023-01-10 01:11:53,536 [pool-71-thread-1] INFO  segmented.SegmentedRaftLogWorker (SegmentedRaftLogWorker.java:lambda$new$0(135)) - 9684d5c9-574d-4083-afb3-2b5a0b78eb45@group-225BCC242D8D-SegmentedRaftLogWorker: safeCacheEvictIndex: setUnconditionally 0 -> -1
2023-01-10 01:11:53,537 [pool-71-thread-1] INFO  server.RaftServer$Division (RaftServerImpl.java:start(334)) - 9684d5c9-574d-4083-afb3-2b5a0b78eb45@group-225BCC242D8D: start as a follower, conf=-1: peers:[9684d5c9-574d-4083-afb3-2b5a0b78eb45|rpc:10.1.0.24:45207|dataStream:10.1.0.24:35443|priority:0|startupRole:FOLLOWER, cf55343f-a051-44b0-a85c-65c9cdfe5b3e|rpc:10.1.0.24:44193|dataStream:10.1.0.24:34389|priority:0|startupRole:FOLLOWER, 482fd31e-156c-418e-9aed-e6d52525a62a|rpc:10.1.0.24:38229|dataStream:10.1.0.24:43885|priority:1|startupRole:FOLLOWER]|listeners:[], old=null
2023-01-10 01:11:53,537 [pool-71-thread-1] INFO  server.RaftServer$Division (RaftServerImpl.java:setRole(321)) - 9684d5c9-574d-4083-afb3-2b5a0b78eb45@group-225BCC242D8D: changes role from      null to FOLLOWER at term 0 for startAsFollower
2023-01-10 01:11:53,537 [pool-71-thread-1] INFO  impl.RoleInfo (RoleInfo.java:updateAndGet(139)) - 9684d5c9-574d-4083-afb3-2b5a0b78eb45: start 9684d5c9-574d-4083-afb3-2b5a0b78eb45@group-225BCC242D8D-FollowerState
2023-01-10 01:11:53,537 [9684d5c9-574d-4083-afb3-2b5a0b78eb45@group-225BCC242D8D-FollowerState] INFO  server.RaftServerConfigKeys (ConfUtils.java:logFallback(53)) - raft.server.rpc.first-election.timeout.min = 5s (fallback to raft.server.rpc.timeout.min)
2023-01-10 01:11:53,538 [pool-71-thread-1] INFO  util.JmxRegister (JmxRegister.java:tryRegister(44)) - Successfully registered JMX Bean with object name Ratis:service=RaftServer,group=group-225BCC242D8D,id=9684d5c9-574d-4083-afb3-2b5a0b78eb45
2023-01-10 01:11:53,538 [9684d5c9-574d-4083-afb3-2b5a0b78eb45@group-225BCC242D8D-FollowerState] INFO  server.RaftServerConfigKeys (ConfUtils.java:logFallback(53)) - raft.server.rpc.first-election.timeout.max = 5200ms (fallback to raft.server.rpc.timeout.max)
2023-01-10 01:11:53,538 [pool-71-thread-1] INFO  server.RaftServerConfigKeys (ConfUtils.java:logGet(46)) - raft.server.snapshot.auto.trigger.enabled = true (custom)
2023-01-10 01:11:53,538 [pool-71-thread-1] INFO  server.RaftServerConfigKeys (ConfUtils.java:logGet(46)) - raft.server.snapshot.auto.trigger.threshold = 10000 (custom)
2023-01-10 01:11:53,538 [pool-71-thread-1] INFO  server.RaftServerConfigKeys (ConfUtils.java:logGet(46)) - raft.server.snapshot.retention.file.num = 5 (custom)
2023-01-10 01:11:53,538 [pool-71-thread-1] INFO  server.RaftServerConfigKeys (ConfUtils.java:logGet(46)) - raft.server.log.purge.upto.snapshot.index = false (default)
2023-01-10 01:11:53,539 [Command processor thread] INFO  ratis.XceiverServerRatis (XceiverServerRatis.java:addGroup(806)) - Created group PipelineID=016b9ad0-65d5-47a5-98ce-225bcc242d8d
2023-01-10 01:11:53,878 [Command processor thread] INFO  server.RaftServer (RaftServerProxy.java:addNew(96)) - 482fd31e-156c-418e-9aed-e6d52525a62a: addNew group-20D9327FE511:[482fd31e-156c-418e-9aed-e6d52525a62a|rpc:10.1.0.24:38229|dataStream:10.1.0.24:43885|priority:1|startupRole:FOLLOWER] returns group-20D9327FE511:java.util.concurrent.CompletableFuture@7bb11594[Not completed]
2023-01-10 01:11:53,879 [pool-94-thread-1] INFO  server.RaftServer$Division (RaftServerImpl.java:<init>(195)) - 482fd31e-156c-418e-9aed-e6d52525a62a: new RaftServerImpl for group-20D9327FE511:[482fd31e-156c-418e-9aed-e6d52525a62a|rpc:10.1.0.24:38229|dataStream:10.1.0.24:43885|priority:1|startupRole:FOLLOWER] with ContainerStateMachine:uninitialized
2023-01-10 01:11:53,879 [pool-94-thread-1] INFO  server.RaftServerConfigKeys (ConfUtils.java:logGet(46)) - raft.server.rpc.timeout.min = 5s (custom)
2023-01-10 01:11:53,879 [pool-94-thread-1] INFO  server.RaftServerConfigKeys (ConfUtils.java:logGet(46)) - raft.server.rpc.timeout.max = 5200ms (custom)
2023-01-10 01:11:53,879 [pool-94-thread-1] INFO  server.RaftServerConfigKeys (ConfUtils.java:logGet(46)) - raft.server.rpc.sleep.time = 25ms (default)
2023-01-10 01:11:53,879 [pool-94-thread-1] INFO  server.RaftServerConfigKeys (ConfUtils.java:logGet(46)) - raft.server.rpc.slowness.timeout = 300s (custom)
2023-01-10 01:11:53,879 [pool-94-thread-1] INFO  server.RaftServerConfigKeys (ConfUtils.java:logGet(46)) - raft.server.leaderelection.leader.step-down.wait-time = 10s (default)
2023-01-10 01:11:53,879 [pool-94-thread-1] INFO  server.RaftServerConfigKeys (ConfUtils.java:logGet(46)) - raft.server.sleep.deviation.threshold = 300ms (default)
2023-01-10 01:11:53,879 [pool-94-thread-1] INFO  server.RaftServer$Division (ServerState.java:<init>(118)) - 482fd31e-156c-418e-9aed-e6d52525a62a@group-20D9327FE511: ConfigurationManager, init=-1: peers:[482fd31e-156c-418e-9aed-e6d52525a62a|rpc:10.1.0.24:38229|dataStream:10.1.0.24:43885|priority:1|startupRole:FOLLOWER]|listeners:[], old=null, confs=<EMPTY_MAP>
2023-01-10 01:11:53,880 [pool-94-thread-1] INFO  server.RaftServerConfigKeys (ConfUtils.java:logGet(46)) - raft.server.storage.dir = [/home/runner/work/ozone/ozone/hadoop-ozone/integration-test/target/test-dir/MiniOzoneClusterImpl-11329d86-319f-4265-8dbd-04dd0b699e79/datanode-1/data/ratis] (custom)
2023-01-10 01:11:53,880 [pool-94-thread-1] INFO  server.RaftServerConfigKeys (ConfUtils.java:logGet(46)) - raft.server.log.corruption.policy = EXCEPTION (default)
2023-01-10 01:11:53,880 [pool-94-thread-1] INFO  server.RaftServerConfigKeys (ConfUtils.java:logGet(46)) - raft.server.storage.free-space.min = 0MB (=0) (default)
2023-01-10 01:11:53,880 [pool-94-thread-1] INFO  server.RaftServerConfigKeys (ConfUtils.java:logGet(46)) - raft.server.notification.no-leader.timeout = 300s (custom)
2023-01-10 01:11:53,880 [pool-94-thread-1] INFO  server.RaftServerConfigKeys (ConfUtils.java:logGet(46)) - raft.server.retrycache.expirytime = 600000ms (custom)
2023-01-10 01:11:53,880 [pool-94-thread-1] INFO  server.RaftServerConfigKeys (ConfUtils.java:logGet(46)) - raft.server.retrycache.statistics.expirytime = 100μs (default)
2023-01-10 01:11:53,889 [pool-94-thread-1] INFO  server.RaftServerConfigKeys (ConfUtils.java:logGet(46)) - raft.server.log.appender.install.snapshot.enabled = false (custom)
2023-01-10 01:11:53,889 [pool-94-thread-1] INFO  server.RaftServerConfigKeys (ConfUtils.java:logGet(46)) - raft.server.threadpool.server.cached = true (default)
2023-01-10 01:11:53,889 [pool-94-thread-1] INFO  server.RaftServerConfigKeys (ConfUtils.java:logGet(46)) - raft.server.threadpool.server.size = 0 (default)
2023-01-10 01:11:53,889 [pool-94-thread-1] INFO  server.RaftServerConfigKeys (ConfUtils.java:logGet(46)) - raft.server.threadpool.client.cached = true (default)
2023-01-10 01:11:53,889 [pool-94-thread-1] INFO  server.RaftServerConfigKeys (ConfUtils.java:logGet(46)) - raft.server.threadpool.client.size = 0 (default)
2023-01-10 01:11:53,889 [pool-94-thread-1] INFO  storage.RaftStorageDirectory (RaftStorageDirectoryImpl.java:analyzeStorage(137)) - The storage directory /home/runner/work/ozone/ozone/hadoop-ozone/integration-test/target/test-dir/MiniOzoneClusterImpl-11329d86-319f-4265-8dbd-04dd0b699e79/datanode-1/data/ratis/e3b2a7d3-0fd3-4472-9285-20d9327fe511 does not exist. Creating ...
2023-01-10 01:11:53,892 [pool-94-thread-1] INFO  storage.RaftStorageDirectory (RaftStorageDirectoryImpl.java:tryLock(231)) - Lock on /home/runner/work/ozone/ozone/hadoop-ozone/integration-test/target/test-dir/MiniOzoneClusterImpl-11329d86-319f-4265-8dbd-04dd0b699e79/datanode-1/data/ratis/e3b2a7d3-0fd3-4472-9285-20d9327fe511/in_use.lock acquired by nodename 10631@fv-az353-623
2023-01-10 01:11:53,893 [pool-94-thread-1] INFO  storage.RaftStorage (RaftStorageImpl.java:format(96)) - Storage directory /home/runner/work/ozone/ozone/hadoop-ozone/integration-test/target/test-dir/MiniOzoneClusterImpl-11329d86-319f-4265-8dbd-04dd0b699e79/datanode-1/data/ratis/e3b2a7d3-0fd3-4472-9285-20d9327fe511 has been successfully formatted.
2023-01-10 01:11:53,898 [EventQueue-PipelineReportForPipelineReportHandler] INFO  pipeline.PipelineManagerImpl (PipelineManagerImpl.java:openPipeline(367)) - Pipeline Pipeline[ Id: e3b2a7d3-0fd3-4472-9285-20d9327fe511, Nodes: 482fd31e-156c-418e-9aed-e6d52525a62a{ip: 10.1.0.24, host: fv-az353-623.tkyx2seitsuu3nmpmouz2httfb.bx.internal.cloudapp.net, ports: [REPLICATION=45567, RATIS=38229, RATIS_ADMIN=38229, RATIS_SERVER=38229, RATIS_DATASTREAM=43885, STANDALONE=36003], networkLocation: /default-rack, certSerialId: null, persistedOpState: IN_SERVICE, persistedOpStateExpiryEpochSec: 0}, ReplicationConfig: RATIS/ONE, State:ALLOCATED, leaderId:482fd31e-156c-418e-9aed-e6d52525a62a, CreationTimestamp2023-01-10T01:11:50.881Z[Etc/UTC]] moved to OPEN state
2023-01-10 01:11:53,899 [EventQueue-OpenPipelineForHealthyPipelineSafeModeRule] INFO  safemode.SCMSafeModeManager (HealthyPipelineSafeModeRule.java:process(137)) - SCM in safe mode. Healthy pipelines reported count is 0, required healthy pipeline reported count is 1
2023-01-10 01:11:53,898 [pool-94-thread-1] INFO  ratis.ContainerStateMachine (ContainerStateMachine.java:loadSnapshot(240)) - group-20D9327FE511: The snapshot info is null. Setting the last applied indexto:(t:0, i:~)
2023-01-10 01:11:53,902 [pool-94-thread-1] INFO  server.RaftServerConfigKeys (ConfUtils.java:logGet(46)) - raft.server.log.use.memory = false (default)
2023-01-10 01:11:53,903 [pool-94-thread-1] INFO  server.RaftServerConfigKeys (ConfUtils.java:logGet(46)) - raft.server.log.purge.gap = 1000000 (custom)
2023-01-10 01:11:53,903 [pool-94-thread-1] INFO  server.RaftServerConfigKeys (ConfUtils.java:logGet(46)) - raft.server.log.appender.buffer.byte-limit = 33554432 (custom)
2023-01-10 01:11:53,903 [pool-94-thread-1] INFO  server.RaftServerConfigKeys (ConfUtils.java:logGet(46)) - raft.server.log.statemachine.data.read.timeout = 1000ms (default)
2023-01-10 01:11:53,903 [pool-94-thread-1] INFO  server.RaftServerConfigKeys (ConfUtils.java:logGet(46)) - raft.server.log.purge.preservation.log.num = 0 (default)
2023-01-10 01:11:53,903 [pool-94-thread-1] INFO  server.RaftServerConfigKeys (ConfUtils.java:logGet(46)) - raft.server.log.segment.size.max = 1048576 (custom)
2023-01-10 01:11:53,904 [pool-94-thread-1] INFO  server.RaftServerConfigKeys (ConfUtils.java:logGet(46)) - raft.server.log.segment.cache.num.max = 2 (custom)
2023-01-10 01:11:53,904 [pool-94-thread-1] INFO  server.RaftServerConfigKeys (ConfUtils.java:logGet(46)) - raft.server.log.segment.cache.size.max = 200MB (=209715200) (default)
2023-01-10 01:11:53,904 [pool-94-thread-1] INFO  segmented.SegmentedRaftLogWorker (SegmentedRaftLogWorker.java:<init>(189)) - new 482fd31e-156c-418e-9aed-e6d52525a62a@group-20D9327FE511-SegmentedRaftLogWorker for RaftStorageImpl:Storage Directory /home/runner/work/ozone/ozone/hadoop-ozone/integration-test/target/test-dir/MiniOzoneClusterImpl-11329d86-319f-4265-8dbd-04dd0b699e79/datanode-1/data/ratis/e3b2a7d3-0fd3-4472-9285-20d9327fe511
2023-01-10 01:11:53,904 [pool-94-thread-1] INFO  server.RaftServerConfigKeys (ConfUtils.java:logGet(46)) - raft.server.log.queue.byte-limit = 4294967296 (custom)
2023-01-10 01:11:53,904 [pool-94-thread-1] INFO  server.RaftServerConfigKeys (ConfUtils.java:logGet(46)) - raft.server.log.queue.element-limit = 1024 (custom)
2023-01-10 01:11:53,904 [pool-94-thread-1] INFO  server.RaftServerConfigKeys (ConfUtils.java:logGet(46)) - raft.server.log.segment.size.max = 1048576 (custom)
2023-01-10 01:11:53,904 [pool-94-thread-1] INFO  server.RaftServerConfigKeys (ConfUtils.java:logGet(46)) - raft.server.log.preallocated.size = 16384 (custom)
2023-01-10 01:11:53,904 [pool-94-thread-1] INFO  server.RaftServerConfigKeys (ConfUtils.java:logGet(46)) - raft.server.log.force.sync.num = 128 (default)
2023-01-10 01:11:53,904 [pool-94-thread-1] INFO  server.RaftServerConfigKeys (ConfUtils.java:logGet(46)) - raft.server.log.statemachine.data.sync = true (default)
2023-01-10 01:11:53,904 [pool-94-thread-1] INFO  server.RaftServerConfigKeys (ConfUtils.java:logGet(46)) - raft.server.log.statemachine.data.sync.timeout = 10s (default)
2023-01-10 01:11:53,904 [pool-94-thread-1] INFO  server.RaftServerConfigKeys (ConfUtils.java:logGet(46)) - raft.server.log.statemachine.data.sync.timeout.retry = -1 (default)
2023-01-10 01:11:53,907 [pool-94-thread-1] INFO  server.RaftServerConfigKeys (ConfUtils.java:logGet(46)) - raft.server.log.write.buffer.size = 1048576 (custom)
2023-01-10 01:11:53,916 [pool-94-thread-1] INFO  server.RaftServerConfigKeys (ConfUtils.java:logGet(46)) - raft.server.log.appender.buffer.byte-limit = 33554432 (custom)
2023-01-10 01:11:53,924 [pool-94-thread-1] INFO  server.RaftServerConfigKeys (ConfUtils.java:logGet(46)) - raft.server.log.unsafe-flush.enabled = false (default)
2023-01-10 01:11:53,925 [pool-94-thread-1] INFO  server.RaftServerConfigKeys (ConfUtils.java:logGet(46)) - raft.server.log.async-flush.enabled = false (default)
2023-01-10 01:11:53,925 [pool-94-thread-1] INFO  server.RaftServerConfigKeys (ConfUtils.java:logGet(46)) - raft.server.log.statemachine.data.caching.enabled = true (custom)
2023-01-10 01:11:53,925 [pool-94-thread-1] INFO  segmented.SegmentedRaftLogWorker (SegmentedRaftLogWorker.java:lambda$new$0(135)) - 482fd31e-156c-418e-9aed-e6d52525a62a@group-20D9327FE511-SegmentedRaftLogWorker: flushIndex: setUnconditionally 0 -> -1
2023-01-10 01:11:53,925 [pool-94-thread-1] INFO  segmented.SegmentedRaftLogWorker (SegmentedRaftLogWorker.java:lambda$new$0(135)) - 482fd31e-156c-418e-9aed-e6d52525a62a@group-20D9327FE511-SegmentedRaftLogWorker: safeCacheEvictIndex: setUnconditionally 0 -> -1
2023-01-10 01:11:53,925 [pool-94-thread-1] INFO  server.RaftServer$Division (RaftServerImpl.java:start(334)) - 482fd31e-156c-418e-9aed-e6d52525a62a@group-20D9327FE511: start as a follower, conf=-1: peers:[482fd31e-156c-418e-9aed-e6d52525a62a|rpc:10.1.0.24:38229|dataStream:10.1.0.24:43885|priority:1|startupRole:FOLLOWER]|listeners:[], old=null
2023-01-10 01:11:53,925 [pool-94-thread-1] INFO  server.RaftServer$Division (RaftServerImpl.java:setRole(321)) - 482fd31e-156c-418e-9aed-e6d52525a62a@group-20D9327FE511: changes role from      null to FOLLOWER at term 0 for startAsFollower
2023-01-10 01:11:53,925 [pool-94-thread-1] INFO  impl.RoleInfo (RoleInfo.java:updateAndGet(139)) - 482fd31e-156c-418e-9aed-e6d52525a62a: start 482fd31e-156c-418e-9aed-e6d52525a62a@group-20D9327FE511-FollowerState
2023-01-10 01:11:53,926 [482fd31e-156c-418e-9aed-e6d52525a62a@group-20D9327FE511-FollowerState] INFO  server.RaftServerConfigKeys (ConfUtils.java:logFallback(53)) - raft.server.rpc.first-election.timeout.min = 5s (fallback to raft.server.rpc.timeout.min)
2023-01-10 01:11:53,926 [482fd31e-156c-418e-9aed-e6d52525a62a@group-20D9327FE511-FollowerState] INFO  server.RaftServerConfigKeys (ConfUtils.java:logFallback(53)) - raft.server.rpc.first-election.timeout.max = 5200ms (fallback to raft.server.rpc.timeout.max)
2023-01-10 01:11:53,926 [pool-94-thread-1] INFO  util.JmxRegister (JmxRegister.java:tryRegister(44)) - Successfully registered JMX Bean with object name Ratis:service=RaftServer,group=group-20D9327FE511,id=482fd31e-156c-418e-9aed-e6d52525a62a
2023-01-10 01:11:53,927 [pool-94-thread-1] INFO  server.RaftServerConfigKeys (ConfUtils.java:logGet(46)) - raft.server.snapshot.auto.trigger.enabled = true (custom)
2023-01-10 01:11:53,927 [pool-94-thread-1] INFO  server.RaftServerConfigKeys (ConfUtils.java:logGet(46)) - raft.server.snapshot.auto.trigger.threshold = 10000 (custom)
2023-01-10 01:11:53,927 [pool-94-thread-1] INFO  server.RaftServerConfigKeys (ConfUtils.java:logGet(46)) - raft.server.snapshot.retention.file.num = 5 (custom)
2023-01-10 01:11:53,927 [pool-94-thread-1] INFO  server.RaftServerConfigKeys (ConfUtils.java:logGet(46)) - raft.server.log.purge.upto.snapshot.index = false (default)
2023-01-10 01:11:53,928 [Command processor thread] INFO  ratis.XceiverServerRatis (XceiverServerRatis.java:addGroup(806)) - Created group PipelineID=e3b2a7d3-0fd3-4472-9285-20d9327fe511
2023-01-10 01:11:53,928 [Command processor thread] INFO  commandhandler.CreatePipelineCommandHandler (CreatePipelineCommandHandler.java:handle(113)) - Created Pipeline RATIS ONE PipelineID=e3b2a7d3-0fd3-4472-9285-20d9327fe511.
2023-01-10 01:11:53,929 [Command processor thread] INFO  server.RaftServer (RaftServerProxy.java:addNew(96)) - 482fd31e-156c-418e-9aed-e6d52525a62a: addNew group-225BCC242D8D:[9684d5c9-574d-4083-afb3-2b5a0b78eb45|rpc:10.1.0.24:45207|dataStream:10.1.0.24:35443|priority:0|startupRole:FOLLOWER, cf55343f-a051-44b0-a85c-65c9cdfe5b3e|rpc:10.1.0.24:44193|dataStream:10.1.0.24:34389|priority:0|startupRole:FOLLOWER, 482fd31e-156c-418e-9aed-e6d52525a62a|rpc:10.1.0.24:38229|dataStream:10.1.0.24:43885|priority:1|startupRole:FOLLOWER] returns group-225BCC242D8D:java.util.concurrent.CompletableFuture@7f8e8e3a[Not completed]
2023-01-10 01:11:53,930 [pool-94-thread-1] INFO  server.RaftServer$Division (RaftServerImpl.java:<init>(195)) - 482fd31e-156c-418e-9aed-e6d52525a62a: new RaftServerImpl for group-225BCC242D8D:[9684d5c9-574d-4083-afb3-2b5a0b78eb45|rpc:10.1.0.24:45207|dataStream:10.1.0.24:35443|priority:0|startupRole:FOLLOWER, cf55343f-a051-44b0-a85c-65c9cdfe5b3e|rpc:10.1.0.24:44193|dataStream:10.1.0.24:34389|priority:0|startupRole:FOLLOWER, 482fd31e-156c-418e-9aed-e6d52525a62a|rpc:10.1.0.24:38229|dataStream:10.1.0.24:43885|priority:1|startupRole:FOLLOWER] with ContainerStateMachine:uninitialized
2023-01-10 01:11:53,931 [pool-94-thread-1] INFO  server.RaftServerConfigKeys (ConfUtils.java:logGet(46)) - raft.server.rpc.timeout.min = 5s (custom)
2023-01-10 01:11:53,931 [pool-94-thread-1] INFO  server.RaftServerConfigKeys (ConfUtils.java:logGet(46)) - raft.server.rpc.timeout.max = 5200ms (custom)
2023-01-10 01:11:53,931 [pool-94-thread-1] INFO  server.RaftServerConfigKeys (ConfUtils.java:logGet(46)) - raft.server.rpc.sleep.time = 25ms (default)
2023-01-10 01:11:53,931 [pool-94-thread-1] INFO  server.RaftServerConfigKeys (ConfUtils.java:logGet(46)) - raft.server.rpc.slowness.timeout = 300s (custom)
2023-01-10 01:11:53,931 [pool-94-thread-1] INFO  server.RaftServerConfigKeys (ConfUtils.java:logGet(46)) - raft.server.leaderelection.leader.step-down.wait-time = 10s (default)
2023-01-10 01:11:53,931 [pool-94-thread-1] INFO  server.RaftServerConfigKeys (ConfUtils.java:logGet(46)) - raft.server.sleep.deviation.threshold = 300ms (default)
2023-01-10 01:11:53,931 [pool-94-thread-1] INFO  server.RaftServer$Division (ServerState.java:<init>(118)) - 482fd31e-156c-418e-9aed-e6d52525a62a@group-225BCC242D8D: ConfigurationManager, init=-1: peers:[9684d5c9-574d-4083-afb3-2b5a0b78eb45|rpc:10.1.0.24:45207|dataStream:10.1.0.24:35443|priority:0|startupRole:FOLLOWER, cf55343f-a051-44b0-a85c-65c9cdfe5b3e|rpc:10.1.0.24:44193|dataStream:10.1.0.24:34389|priority:0|startupRole:FOLLOWER, 482fd31e-156c-418e-9aed-e6d52525a62a|rpc:10.1.0.24:38229|dataStream:10.1.0.24:43885|priority:1|startupRole:FOLLOWER]|listeners:[], old=null, confs=<EMPTY_MAP>
2023-01-10 01:11:53,931 [pool-94-thread-1] INFO  server.RaftServerConfigKeys (ConfUtils.java:logGet(46)) - raft.server.storage.dir = [/home/runner/work/ozone/ozone/hadoop-ozone/integration-test/target/test-dir/MiniOzoneClusterImpl-11329d86-319f-4265-8dbd-04dd0b699e79/datanode-1/data/ratis] (custom)
2023-01-10 01:11:53,931 [pool-94-thread-1] INFO  server.RaftServerConfigKeys (ConfUtils.java:logGet(46)) - raft.server.log.corruption.policy = EXCEPTION (default)
2023-01-10 01:11:53,931 [pool-94-thread-1] INFO  server.RaftServerConfigKeys (ConfUtils.java:logGet(46)) - raft.server.storage.free-space.min = 0MB (=0) (default)
2023-01-10 01:11:53,931 [pool-94-thread-1] INFO  server.RaftServerConfigKeys (ConfUtils.java:logGet(46)) - raft.server.notification.no-leader.timeout = 300s (custom)
2023-01-10 01:11:53,931 [pool-94-thread-1] INFO  server.RaftServerConfigKeys (ConfUtils.java:logGet(46)) - raft.server.retrycache.expirytime = 600000ms (custom)
2023-01-10 01:11:53,931 [pool-94-thread-1] INFO  server.RaftServerConfigKeys (ConfUtils.java:logGet(46)) - raft.server.retrycache.statistics.expirytime = 100μs (default)
2023-01-10 01:11:53,933 [pool-94-thread-1] INFO  server.RaftServerConfigKeys (ConfUtils.java:logGet(46)) - raft.server.log.appender.install.snapshot.enabled = false (custom)
2023-01-10 01:11:53,933 [pool-94-thread-1] INFO  server.RaftServerConfigKeys (ConfUtils.java:logGet(46)) - raft.server.threadpool.server.cached = true (default)
2023-01-10 01:11:53,933 [pool-94-thread-1] INFO  server.RaftServerConfigKeys (ConfUtils.java:logGet(46)) - raft.server.threadpool.server.size = 0 (default)
2023-01-10 01:11:53,933 [pool-94-thread-1] INFO  server.RaftServerConfigKeys (ConfUtils.java:logGet(46)) - raft.server.threadpool.client.cached = true (default)
2023-01-10 01:11:53,933 [pool-94-thread-1] INFO  server.RaftServerConfigKeys (ConfUtils.java:logGet(46)) - raft.server.threadpool.client.size = 0 (default)
2023-01-10 01:11:53,933 [pool-94-thread-1] INFO  storage.RaftStorageDirectory (RaftStorageDirectoryImpl.java:analyzeStorage(137)) - The storage directory /home/runner/work/ozone/ozone/hadoop-ozone/integration-test/target/test-dir/MiniOzoneClusterImpl-11329d86-319f-4265-8dbd-04dd0b699e79/datanode-1/data/ratis/016b9ad0-65d5-47a5-98ce-225bcc242d8d does not exist. Creating ...
2023-01-10 01:11:53,945 [pool-94-thread-1] INFO  storage.RaftStorageDirectory (RaftStorageDirectoryImpl.java:tryLock(231)) - Lock on /home/runner/work/ozone/ozone/hadoop-ozone/integration-test/target/test-dir/MiniOzoneClusterImpl-11329d86-319f-4265-8dbd-04dd0b699e79/datanode-1/data/ratis/016b9ad0-65d5-47a5-98ce-225bcc242d8d/in_use.lock acquired by nodename 10631@fv-az353-623
2023-01-10 01:11:53,947 [pool-94-thread-1] INFO  storage.RaftStorage (RaftStorageImpl.java:format(96)) - Storage directory /home/runner/work/ozone/ozone/hadoop-ozone/integration-test/target/test-dir/MiniOzoneClusterImpl-11329d86-319f-4265-8dbd-04dd0b699e79/datanode-1/data/ratis/016b9ad0-65d5-47a5-98ce-225bcc242d8d has been successfully formatted.
2023-01-10 01:11:53,950 [EventQueue-OpenPipelineForHealthyPipelineSafeModeRule] INFO  safemode.SCMSafeModeManager (HealthyPipelineSafeModeRule.java:process(137)) - SCM in safe mode. Healthy pipelines reported count is 0, required healthy pipeline reported count is 1
2023-01-10 01:11:53,951 [pool-94-thread-1] INFO  ratis.ContainerStateMachine (ContainerStateMachine.java:loadSnapshot(240)) - group-225BCC242D8D: The snapshot info is null. Setting the last applied indexto:(t:0, i:~)
2023-01-10 01:11:53,954 [pool-94-thread-1] INFO  server.RaftServerConfigKeys (ConfUtils.java:logGet(46)) - raft.server.log.use.memory = false (default)
2023-01-10 01:11:53,954 [pool-94-thread-1] INFO  server.RaftServerConfigKeys (ConfUtils.java:logGet(46)) - raft.server.log.purge.gap = 1000000 (custom)
2023-01-10 01:11:53,954 [pool-94-thread-1] INFO  server.RaftServerConfigKeys (ConfUtils.java:logGet(46)) - raft.server.log.appender.buffer.byte-limit = 33554432 (custom)
2023-01-10 01:11:53,954 [pool-94-thread-1] INFO  server.RaftServerConfigKeys (ConfUtils.java:logGet(46)) - raft.server.log.statemachine.data.read.timeout = 1000ms (default)
2023-01-10 01:11:53,954 [pool-94-thread-1] INFO  server.RaftServerConfigKeys (ConfUtils.java:logGet(46)) - raft.server.log.purge.preservation.log.num = 0 (default)
2023-01-10 01:11:53,954 [pool-94-thread-1] INFO  server.RaftServerConfigKeys (ConfUtils.java:logGet(46)) - raft.server.log.segment.size.max = 1048576 (custom)
2023-01-10 01:11:53,955 [pool-94-thread-1] INFO  server.RaftServerConfigKeys (ConfUtils.java:logGet(46)) - raft.server.log.segment.cache.num.max = 2 (custom)
2023-01-10 01:11:53,955 [pool-94-thread-1] INFO  server.RaftServerConfigKeys (ConfUtils.java:logGet(46)) - raft.server.log.segment.cache.size.max = 200MB (=209715200) (default)
2023-01-10 01:11:53,955 [pool-94-thread-1] INFO  segmented.SegmentedRaftLogWorker (SegmentedRaftLogWorker.java:<init>(189)) - new 482fd31e-156c-418e-9aed-e6d52525a62a@group-225BCC242D8D-SegmentedRaftLogWorker for RaftStorageImpl:Storage Directory /home/runner/work/ozone/ozone/hadoop-ozone/integration-test/target/test-dir/MiniOzoneClusterImpl-11329d86-319f-4265-8dbd-04dd0b699e79/datanode-1/data/ratis/016b9ad0-65d5-47a5-98ce-225bcc242d8d
2023-01-10 01:11:53,955 [pool-94-thread-1] INFO  server.RaftServerConfigKeys (ConfUtils.java:logGet(46)) - raft.server.log.queue.byte-limit = 4294967296 (custom)
2023-01-10 01:11:53,955 [pool-94-thread-1] INFO  server.RaftServerConfigKeys (ConfUtils.java:logGet(46)) - raft.server.log.queue.element-limit = 1024 (custom)
2023-01-10 01:11:53,955 [pool-94-thread-1] INFO  server.RaftServerConfigKeys (ConfUtils.java:logGet(46)) - raft.server.log.segment.size.max = 1048576 (custom)
2023-01-10 01:11:53,955 [pool-94-thread-1] INFO  server.RaftServerConfigKeys (ConfUtils.java:logGet(46)) - raft.server.log.preallocated.size = 16384 (custom)
2023-01-10 01:11:53,955 [pool-94-thread-1] INFO  server.RaftServerConfigKeys (ConfUtils.java:logGet(46)) - raft.server.log.force.sync.num = 128 (default)
2023-01-10 01:11:53,955 [pool-94-thread-1] INFO  server.RaftServerConfigKeys (ConfUtils.java:logGet(46)) - raft.server.log.statemachine.data.sync = true (default)
2023-01-10 01:11:53,955 [pool-94-thread-1] INFO  server.RaftServerConfigKeys (ConfUtils.java:logGet(46)) - raft.server.log.statemachine.data.sync.timeout = 10s (default)
2023-01-10 01:11:53,955 [pool-94-thread-1] INFO  server.RaftServerConfigKeys (ConfUtils.java:logGet(46)) - raft.server.log.statemachine.data.sync.timeout.retry = -1 (default)
2023-01-10 01:11:53,956 [pool-94-thread-1] INFO  server.RaftServerConfigKeys (ConfUtils.java:logGet(46)) - raft.server.log.write.buffer.size = 1048576 (custom)
2023-01-10 01:11:53,958 [pool-94-thread-1] INFO  server.RaftServerConfigKeys (ConfUtils.java:logGet(46)) - raft.server.log.appender.buffer.byte-limit = 33554432 (custom)
2023-01-10 01:11:53,963 [pool-94-thread-1] INFO  server.RaftServerConfigKeys (ConfUtils.java:logGet(46)) - raft.server.log.unsafe-flush.enabled = false (default)
2023-01-10 01:11:53,963 [pool-94-thread-1] INFO  server.RaftServerConfigKeys (ConfUtils.java:logGet(46)) - raft.server.log.async-flush.enabled = false (default)
2023-01-10 01:11:53,963 [pool-94-thread-1] INFO  server.RaftServerConfigKeys (ConfUtils.java:logGet(46)) - raft.server.log.statemachine.data.caching.enabled = true (custom)
2023-01-10 01:11:53,963 [pool-94-thread-1] INFO  segmented.SegmentedRaftLogWorker (SegmentedRaftLogWorker.java:lambda$new$0(135)) - 482fd31e-156c-418e-9aed-e6d52525a62a@group-225BCC242D8D-SegmentedRaftLogWorker: flushIndex: setUnconditionally 0 -> -1
2023-01-10 01:11:53,963 [pool-94-thread-1] INFO  segmented.SegmentedRaftLogWorker (SegmentedRaftLogWorker.java:lambda$new$0(135)) - 482fd31e-156c-418e-9aed-e6d52525a62a@group-225BCC242D8D-SegmentedRaftLogWorker: safeCacheEvictIndex: setUnconditionally 0 -> -1
2023-01-10 01:11:53,968 [pool-94-thread-1] INFO  server.RaftServer$Division (RaftServerImpl.java:start(334)) - 482fd31e-156c-418e-9aed-e6d52525a62a@group-225BCC242D8D: start as a follower, conf=-1: peers:[9684d5c9-574d-4083-afb3-2b5a0b78eb45|rpc:10.1.0.24:45207|dataStream:10.1.0.24:35443|priority:0|startupRole:FOLLOWER, cf55343f-a051-44b0-a85c-65c9cdfe5b3e|rpc:10.1.0.24:44193|dataStream:10.1.0.24:34389|priority:0|startupRole:FOLLOWER, 482fd31e-156c-418e-9aed-e6d52525a62a|rpc:10.1.0.24:38229|dataStream:10.1.0.24:43885|priority:1|startupRole:FOLLOWER]|listeners:[], old=null
2023-01-10 01:11:53,968 [pool-94-thread-1] INFO  server.RaftServer$Division (RaftServerImpl.java:setRole(321)) - 482fd31e-156c-418e-9aed-e6d52525a62a@group-225BCC242D8D: changes role from      null to FOLLOWER at term 0 for startAsFollower
2023-01-10 01:11:53,968 [pool-94-thread-1] INFO  impl.RoleInfo (RoleInfo.java:updateAndGet(139)) - 482fd31e-156c-418e-9aed-e6d52525a62a: start 482fd31e-156c-418e-9aed-e6d52525a62a@group-225BCC242D8D-FollowerState
2023-01-10 01:11:53,970 [pool-94-thread-1] INFO  util.JmxRegister (JmxRegister.java:tryRegister(44)) - Successfully registered JMX Bean with object name Ratis:service=RaftServer,group=group-225BCC242D8D,id=482fd31e-156c-418e-9aed-e6d52525a62a
2023-01-10 01:11:53,970 [pool-94-thread-1] INFO  server.RaftServerConfigKeys (ConfUtils.java:logGet(46)) - raft.server.snapshot.auto.trigger.enabled = true (custom)
2023-01-10 01:11:53,970 [pool-94-thread-1] INFO  server.RaftServerConfigKeys (ConfUtils.java:logGet(46)) - raft.server.snapshot.auto.trigger.threshold = 10000 (custom)
2023-01-10 01:11:53,970 [pool-94-thread-1] INFO  server.RaftServerConfigKeys (ConfUtils.java:logGet(46)) - raft.server.snapshot.retention.file.num = 5 (custom)
2023-01-10 01:11:53,970 [pool-94-thread-1] INFO  server.RaftServerConfigKeys (ConfUtils.java:logGet(46)) - raft.server.log.purge.upto.snapshot.index = false (default)
2023-01-10 01:11:53,971 [482fd31e-156c-418e-9aed-e6d52525a62a@group-225BCC242D8D-FollowerState] INFO  server.RaftServerConfigKeys (ConfUtils.java:logFallback(53)) - raft.server.rpc.first-election.timeout.min = 5s (fallback to raft.server.rpc.timeout.min)
2023-01-10 01:11:53,978 [Command processor thread] INFO  ratis.XceiverServerRatis (XceiverServerRatis.java:addGroup(806)) - Created group PipelineID=016b9ad0-65d5-47a5-98ce-225bcc242d8d
2023-01-10 01:11:53,982 [482fd31e-156c-418e-9aed-e6d52525a62a@group-225BCC242D8D-FollowerState] INFO  server.RaftServerConfigKeys (ConfUtils.java:logFallback(53)) - raft.server.rpc.first-election.timeout.max = 5200ms (fallback to raft.server.rpc.timeout.max)
2023-01-10 01:11:54,226 [Listener at 127.0.0.1/34303] INFO  ozone.MiniOzoneClusterImpl (MiniOzoneClusterImpl.java:lambda$waitForClusterToBeReady$0(218)) - Nodes are ready. Got 6 of 6 DN Heartbeats.
2023-01-10 01:11:54,226 [Listener at 127.0.0.1/34303] INFO  ozone.MiniOzoneClusterImpl (MiniOzoneClusterImpl.java:lambda$waitForClusterToBeReady$0(221)) - Waiting for cluster to exit safe mode
2023-01-10 01:11:54,227 [Listener at 127.0.0.1/34303] INFO  ozone.MiniOzoneClusterImpl (MiniOzoneClusterImpl.java:lambda$waitForClusterToBeReady$0(223)) - SCM became leader
2023-01-10 01:11:54,241 [grpc-default-executor-0] INFO  server.RaftServer (RaftServerProxy.java:addNew(96)) - cf55343f-a051-44b0-a85c-65c9cdfe5b3e: addNew group-225BCC242D8D:[9684d5c9-574d-4083-afb3-2b5a0b78eb45|rpc:10.1.0.24:45207|dataStream:10.1.0.24:35443|priority:0|startupRole:FOLLOWER, cf55343f-a051-44b0-a85c-65c9cdfe5b3e|rpc:10.1.0.24:44193|dataStream:10.1.0.24:34389|priority:0|startupRole:FOLLOWER, 482fd31e-156c-418e-9aed-e6d52525a62a|rpc:10.1.0.24:38229|dataStream:10.1.0.24:43885|priority:1|startupRole:FOLLOWER] returns group-225BCC242D8D:java.util.concurrent.CompletableFuture@5c27f608[Not completed]
2023-01-10 01:11:54,243 [pool-117-thread-1] INFO  server.RaftServer$Division (RaftServerImpl.java:<init>(195)) - cf55343f-a051-44b0-a85c-65c9cdfe5b3e: new RaftServerImpl for group-225BCC242D8D:[9684d5c9-574d-4083-afb3-2b5a0b78eb45|rpc:10.1.0.24:45207|dataStream:10.1.0.24:35443|priority:0|startupRole:FOLLOWER, cf55343f-a051-44b0-a85c-65c9cdfe5b3e|rpc:10.1.0.24:44193|dataStream:10.1.0.24:34389|priority:0|startupRole:FOLLOWER, 482fd31e-156c-418e-9aed-e6d52525a62a|rpc:10.1.0.24:38229|dataStream:10.1.0.24:43885|priority:1|startupRole:FOLLOWER] with ContainerStateMachine:uninitialized
2023-01-10 01:11:54,243 [pool-117-thread-1] INFO  server.RaftServerConfigKeys (ConfUtils.java:logGet(46)) - raft.server.rpc.timeout.min = 5s (custom)
2023-01-10 01:11:54,244 [pool-117-thread-1] INFO  server.RaftServerConfigKeys (ConfUtils.java:logGet(46)) - raft.server.rpc.timeout.max = 5200ms (custom)
2023-01-10 01:11:54,244 [pool-117-thread-1] INFO  server.RaftServerConfigKeys (ConfUtils.java:logGet(46)) - raft.server.rpc.sleep.time = 25ms (default)
2023-01-10 01:11:54,244 [pool-117-thread-1] INFO  server.RaftServerConfigKeys (ConfUtils.java:logGet(46)) - raft.server.rpc.slowness.timeout = 300s (custom)
2023-01-10 01:11:54,244 [pool-117-thread-1] INFO  server.RaftServerConfigKeys (ConfUtils.java:logGet(46)) - raft.server.leaderelection.leader.step-down.wait-time = 10s (default)
2023-01-10 01:11:54,244 [pool-117-thread-1] INFO  server.RaftServerConfigKeys (ConfUtils.java:logGet(46)) - raft.server.sleep.deviation.threshold = 300ms (default)
2023-01-10 01:11:54,245 [pool-117-thread-1] INFO  server.RaftServer$Division (ServerState.java:<init>(118)) - cf55343f-a051-44b0-a85c-65c9cdfe5b3e@group-225BCC242D8D: ConfigurationManager, init=-1: peers:[9684d5c9-574d-4083-afb3-2b5a0b78eb45|rpc:10.1.0.24:45207|dataStream:10.1.0.24:35443|priority:0|startupRole:FOLLOWER, cf55343f-a051-44b0-a85c-65c9cdfe5b3e|rpc:10.1.0.24:44193|dataStream:10.1.0.24:34389|priority:0|startupRole:FOLLOWER, 482fd31e-156c-418e-9aed-e6d52525a62a|rpc:10.1.0.24:38229|dataStream:10.1.0.24:43885|priority:1|startupRole:FOLLOWER]|listeners:[], old=null, confs=<EMPTY_MAP>
2023-01-10 01:11:54,245 [pool-117-thread-1] INFO  server.RaftServerConfigKeys (ConfUtils.java:logGet(46)) - raft.server.storage.dir = [/home/runner/work/ozone/ozone/hadoop-ozone/integration-test/target/test-dir/MiniOzoneClusterImpl-11329d86-319f-4265-8dbd-04dd0b699e79/datanode-2/data/ratis] (custom)
2023-01-10 01:11:54,245 [pool-117-thread-1] INFO  server.RaftServerConfigKeys (ConfUtils.java:logGet(46)) - raft.server.log.corruption.policy = EXCEPTION (default)
2023-01-10 01:11:54,245 [pool-117-thread-1] INFO  server.RaftServerConfigKeys (ConfUtils.java:logGet(46)) - raft.server.storage.free-space.min = 0MB (=0) (default)
2023-01-10 01:11:54,246 [pool-117-thread-1] INFO  server.RaftServerConfigKeys (ConfUtils.java:logGet(46)) - raft.server.notification.no-leader.timeout = 300s (custom)
2023-01-10 01:11:54,246 [pool-117-thread-1] INFO  server.RaftServerConfigKeys (ConfUtils.java:logGet(46)) - raft.server.retrycache.expirytime = 600000ms (custom)
2023-01-10 01:11:54,246 [pool-117-thread-1] INFO  server.RaftServerConfigKeys (ConfUtils.java:logGet(46)) - raft.server.retrycache.statistics.expirytime = 100μs (default)
2023-01-10 01:11:54,252 [pool-117-thread-1] INFO  server.RaftServerConfigKeys (ConfUtils.java:logGet(46)) - raft.server.log.appender.install.snapshot.enabled = false (custom)
2023-01-10 01:11:54,256 [pool-117-thread-1] INFO  server.RaftServerConfigKeys (ConfUtils.java:logGet(46)) - raft.server.threadpool.server.cached = true (default)
2023-01-10 01:11:54,256 [pool-117-thread-1] INFO  server.RaftServerConfigKeys (ConfUtils.java:logGet(46)) - raft.server.threadpool.server.size = 0 (default)
2023-01-10 01:11:54,256 [pool-117-thread-1] INFO  server.RaftServerConfigKeys (ConfUtils.java:logGet(46)) - raft.server.threadpool.client.cached = true (default)
2023-01-10 01:11:54,257 [pool-117-thread-1] INFO  server.RaftServerConfigKeys (ConfUtils.java:logGet(46)) - raft.server.threadpool.client.size = 0 (default)
2023-01-10 01:11:54,257 [pool-117-thread-1] INFO  storage.RaftStorageDirectory (RaftStorageDirectoryImpl.java:analyzeStorage(137)) - The storage directory /home/runner/work/ozone/ozone/hadoop-ozone/integration-test/target/test-dir/MiniOzoneClusterImpl-11329d86-319f-4265-8dbd-04dd0b699e79/datanode-2/data/ratis/016b9ad0-65d5-47a5-98ce-225bcc242d8d does not exist. Creating ...
2023-01-10 01:11:54,261 [Command processor thread] INFO  commandhandler.CreatePipelineCommandHandler (CreatePipelineCommandHandler.java:handle(113)) - Created Pipeline RATIS THREE PipelineID=016b9ad0-65d5-47a5-98ce-225bcc242d8d.
2023-01-10 01:11:54,266 [Command processor thread] INFO  server.RaftServer (RaftServerProxy.java:addNew(96)) - cf55343f-a051-44b0-a85c-65c9cdfe5b3e: addNew group-0D490B3C9A7C:[cf55343f-a051-44b0-a85c-65c9cdfe5b3e|rpc:10.1.0.24:44193|dataStream:10.1.0.24:34389|priority:1|startupRole:FOLLOWER] returns group-0D490B3C9A7C:java.util.concurrent.CompletableFuture@31de4e75[Not completed]
2023-01-10 01:11:54,267 [pool-71-thread-1] INFO  server.RaftServer$Division (RaftServerImpl.java:<init>(195)) - 9684d5c9-574d-4083-afb3-2b5a0b78eb45: new RaftServerImpl for group-F727BACB3F90:[cf55343f-a051-44b0-a85c-65c9cdfe5b3e|rpc:10.1.0.24:44193|dataStream:10.1.0.24:34389|priority:0|startupRole:FOLLOWER, 9684d5c9-574d-4083-afb3-2b5a0b78eb45|rpc:10.1.0.24:45207|dataStream:10.1.0.24:35443|priority:1|startupRole:FOLLOWER, 482fd31e-156c-418e-9aed-e6d52525a62a|rpc:10.1.0.24:38229|dataStream:10.1.0.24:43885|priority:0|startupRole:FOLLOWER] with ContainerStateMachine:uninitialized
2023-01-10 01:11:54,267 [pool-71-thread-1] INFO  server.RaftServerConfigKeys (ConfUtils.java:logGet(46)) - raft.server.rpc.timeout.min = 5s (custom)
2023-01-10 01:11:54,267 [pool-71-thread-1] INFO  server.RaftServerConfigKeys (ConfUtils.java:logGet(46)) - raft.server.rpc.timeout.max = 5200ms (custom)
2023-01-10 01:11:54,267 [pool-71-thread-1] INFO  server.RaftServerConfigKeys (ConfUtils.java:logGet(46)) - raft.server.rpc.sleep.time = 25ms (default)
2023-01-10 01:11:54,267 [pool-71-thread-1] INFO  server.RaftServerConfigKeys (ConfUtils.java:logGet(46)) - raft.server.rpc.slowness.timeout = 300s (custom)
2023-01-10 01:11:54,267 [pool-71-thread-1] INFO  server.RaftServerConfigKeys (ConfUtils.java:logGet(46)) - raft.server.leaderelection.leader.step-down.wait-time = 10s (default)
2023-01-10 01:11:54,267 [pool-71-thread-1] INFO  server.RaftServerConfigKeys (ConfUtils.java:logGet(46)) - raft.server.sleep.deviation.threshold = 300ms (default)
2023-01-10 01:11:54,267 [pool-71-thread-1] INFO  server.RaftServer$Division (ServerState.java:<init>(118)) - 9684d5c9-574d-4083-afb3-2b5a0b78eb45@group-F727BACB3F90: ConfigurationManager, init=-1: peers:[cf55343f-a051-44b0-a85c-65c9cdfe5b3e|rpc:10.1.0.24:44193|dataStream:10.1.0.24:34389|priority:0|startupRole:FOLLOWER, 9684d5c9-574d-4083-afb3-2b5a0b78eb45|rpc:10.1.0.24:45207|dataStream:10.1.0.24:35443|priority:1|startupRole:FOLLOWER, 482fd31e-156c-418e-9aed-e6d52525a62a|rpc:10.1.0.24:38229|dataStream:10.1.0.24:43885|priority:0|startupRole:FOLLOWER]|listeners:[], old=null, confs=<EMPTY_MAP>
2023-01-10 01:11:54,267 [pool-71-thread-1] INFO  server.RaftServerConfigKeys (ConfUtils.java:logGet(46)) - raft.server.storage.dir = [/home/runner/work/ozone/ozone/hadoop-ozone/integration-test/target/test-dir/MiniOzoneClusterImpl-11329d86-319f-4265-8dbd-04dd0b699e79/datanode-0/data/ratis] (custom)
2023-01-10 01:11:54,268 [pool-71-thread-1] INFO  server.RaftServerConfigKeys (ConfUtils.java:logGet(46)) - raft.server.log.corruption.policy = EXCEPTION (default)
2023-01-10 01:11:54,268 [pool-71-thread-1] INFO  server.RaftServerConfigKeys (ConfUtils.java:logGet(46)) - raft.server.storage.free-space.min = 0MB (=0) (default)
2023-01-10 01:11:54,268 [pool-71-thread-1] INFO  server.RaftServerConfigKeys (ConfUtils.java:logGet(46)) - raft.server.notification.no-leader.timeout = 300s (custom)
2023-01-10 01:11:54,268 [pool-71-thread-1] INFO  server.RaftServerConfigKeys (ConfUtils.java:logGet(46)) - raft.server.retrycache.expirytime = 600000ms (custom)
2023-01-10 01:11:54,268 [pool-71-thread-1] INFO  server.RaftServerConfigKeys (ConfUtils.java:logGet(46)) - raft.server.retrycache.statistics.expirytime = 100μs (default)
2023-01-10 01:11:54,266 [Command processor thread] INFO  server.RaftServer (RaftServerProxy.java:addNew(96)) - 9684d5c9-574d-4083-afb3-2b5a0b78eb45: addNew group-F727BACB3F90:[cf55343f-a051-44b0-a85c-65c9cdfe5b3e|rpc:10.1.0.24:44193|dataStream:10.1.0.24:34389|priority:0|startupRole:FOLLOWER, 9684d5c9-574d-4083-afb3-2b5a0b78eb45|rpc:10.1.0.24:45207|dataStream:10.1.0.24:35443|priority:1|startupRole:FOLLOWER, 482fd31e-156c-418e-9aed-e6d52525a62a|rpc:10.1.0.24:38229|dataStream:10.1.0.24:43885|priority:0|startupRole:FOLLOWER] returns group-F727BACB3F90:java.util.concurrent.CompletableFuture@786210b7[Not completed]
2023-01-10 01:11:54,269 [pool-71-thread-1] INFO  server.RaftServerConfigKeys (ConfUtils.java:logGet(46)) - raft.server.log.appender.install.snapshot.enabled = false (custom)
2023-01-10 01:11:54,270 [pool-71-thread-1] INFO  server.RaftServerConfigKeys (ConfUtils.java:logGet(46)) - raft.server.threadpool.server.cached = true (default)
2023-01-10 01:11:54,270 [pool-71-thread-1] INFO  server.RaftServerConfigKeys (ConfUtils.java:logGet(46)) - raft.server.threadpool.server.size = 0 (default)
2023-01-10 01:11:54,271 [pool-71-thread-1] INFO  server.RaftServerConfigKeys (ConfUtils.java:logGet(46)) - raft.server.threadpool.client.cached = true (default)
2023-01-10 01:11:54,271 [pool-71-thread-1] INFO  server.RaftServerConfigKeys (ConfUtils.java:logGet(46)) - raft.server.threadpool.client.size = 0 (default)
2023-01-10 01:11:54,271 [pool-71-thread-1] INFO  storage.RaftStorageDirectory (RaftStorageDirectoryImpl.java:analyzeStorage(137)) - The storage directory /home/runner/work/ozone/ozone/hadoop-ozone/integration-test/target/test-dir/MiniOzoneClusterImpl-11329d86-319f-4265-8dbd-04dd0b699e79/datanode-0/data/ratis/1b100930-f077-4dd6-92e7-f727bacb3f90 does not exist. Creating ...
2023-01-10 01:11:54,268 [pool-117-thread-1] INFO  storage.RaftStorageDirectory (RaftStorageDirectoryImpl.java:tryLock(231)) - Lock on /home/runner/work/ozone/ozone/hadoop-ozone/integration-test/target/test-dir/MiniOzoneClusterImpl-11329d86-319f-4265-8dbd-04dd0b699e79/datanode-2/data/ratis/016b9ad0-65d5-47a5-98ce-225bcc242d8d/in_use.lock acquired by nodename 10631@fv-az353-623
2023-01-10 01:11:54,272 [pool-71-thread-1] INFO  storage.RaftStorageDirectory (RaftStorageDirectoryImpl.java:tryLock(231)) - Lock on /home/runner/work/ozone/ozone/hadoop-ozone/integration-test/target/test-dir/MiniOzoneClusterImpl-11329d86-319f-4265-8dbd-04dd0b699e79/datanode-0/data/ratis/1b100930-f077-4dd6-92e7-f727bacb3f90/in_use.lock acquired by nodename 10631@fv-az353-623
2023-01-10 01:11:54,274 [pool-117-thread-1] INFO  storage.RaftStorage (RaftStorageImpl.java:format(96)) - Storage directory /home/runner/work/ozone/ozone/hadoop-ozone/integration-test/target/test-dir/MiniOzoneClusterImpl-11329d86-319f-4265-8dbd-04dd0b699e79/datanode-2/data/ratis/016b9ad0-65d5-47a5-98ce-225bcc242d8d has been successfully formatted.
2023-01-10 01:11:54,274 [pool-71-thread-1] INFO  storage.RaftStorage (RaftStorageImpl.java:format(96)) - Storage directory /home/runner/work/ozone/ozone/hadoop-ozone/integration-test/target/test-dir/MiniOzoneClusterImpl-11329d86-319f-4265-8dbd-04dd0b699e79/datanode-0/data/ratis/1b100930-f077-4dd6-92e7-f727bacb3f90 has been successfully formatted.
2023-01-10 01:11:54,274 [pool-71-thread-1] INFO  ratis.ContainerStateMachine (ContainerStateMachine.java:loadSnapshot(240)) - group-F727BACB3F90: The snapshot info is null. Setting the last applied indexto:(t:0, i:~)
2023-01-10 01:11:54,274 [pool-71-thread-1] INFO  server.RaftServerConfigKeys (ConfUtils.java:logGet(46)) - raft.server.log.use.memory = false (default)
2023-01-10 01:11:54,274 [pool-71-thread-1] INFO  server.RaftServerConfigKeys (ConfUtils.java:logGet(46)) - raft.server.log.purge.gap = 1000000 (custom)
2023-01-10 01:11:54,275 [pool-71-thread-1] INFO  server.RaftServerConfigKeys (ConfUtils.java:logGet(46)) - raft.server.log.appender.buffer.byte-limit = 33554432 (custom)
2023-01-10 01:11:54,275 [pool-71-thread-1] INFO  server.RaftServerConfigKeys (ConfUtils.java:logGet(46)) - raft.server.log.statemachine.data.read.timeout = 1000ms (default)
2023-01-10 01:11:54,275 [pool-71-thread-1] INFO  server.RaftServerConfigKeys (ConfUtils.java:logGet(46)) - raft.server.log.purge.preservation.log.num = 0 (default)
2023-01-10 01:11:54,275 [pool-71-thread-1] INFO  server.RaftServerConfigKeys (ConfUtils.java:logGet(46)) - raft.server.log.segment.size.max = 1048576 (custom)
2023-01-10 01:11:54,275 [pool-71-thread-1] INFO  server.RaftServerConfigKeys (ConfUtils.java:logGet(46)) - raft.server.log.segment.cache.num.max = 2 (custom)
2023-01-10 01:11:54,275 [pool-71-thread-1] INFO  server.RaftServerConfigKeys (ConfUtils.java:logGet(46)) - raft.server.log.segment.cache.size.max = 200MB (=209715200) (default)
2023-01-10 01:11:54,275 [pool-71-thread-1] INFO  segmented.SegmentedRaftLogWorker (SegmentedRaftLogWorker.java:<init>(189)) - new 9684d5c9-574d-4083-afb3-2b5a0b78eb45@group-F727BACB3F90-SegmentedRaftLogWorker for RaftStorageImpl:Storage Directory /home/runner/work/ozone/ozone/hadoop-ozone/integration-test/target/test-dir/MiniOzoneClusterImpl-11329d86-319f-4265-8dbd-04dd0b699e79/datanode-0/data/ratis/1b100930-f077-4dd6-92e7-f727bacb3f90
2023-01-10 01:11:54,275 [pool-71-thread-1] INFO  server.RaftServerConfigKeys (ConfUtils.java:logGet(46)) - raft.server.log.queue.byte-limit = 4294967296 (custom)
2023-01-10 01:11:54,276 [pool-71-thread-1] INFO  server.RaftServerConfigKeys (ConfUtils.java:logGet(46)) - raft.server.log.queue.element-limit = 1024 (custom)
2023-01-10 01:11:54,276 [pool-71-thread-1] INFO  server.RaftServerConfigKeys (ConfUtils.java:logGet(46)) - raft.server.log.segment.size.max = 1048576 (custom)
2023-01-10 01:11:54,276 [pool-71-thread-1] INFO  server.RaftServerConfigKeys (ConfUtils.java:logGet(46)) - raft.server.log.preallocated.size = 16384 (custom)
2023-01-10 01:11:54,276 [pool-71-thread-1] INFO  server.RaftServerConfigKeys (ConfUtils.java:logGet(46)) - raft.server.log.force.sync.num = 128 (default)
2023-01-10 01:11:54,276 [pool-71-thread-1] INFO  server.RaftServerConfigKeys (ConfUtils.java:logGet(46)) - raft.server.log.statemachine.data.sync = true (default)
2023-01-10 01:11:54,276 [pool-71-thread-1] INFO  server.RaftServerConfigKeys (ConfUtils.java:logGet(46)) - raft.server.log.statemachine.data.sync.timeout = 10s (default)
2023-01-10 01:11:54,276 [pool-71-thread-1] INFO  server.RaftServerConfigKeys (ConfUtils.java:logGet(46)) - raft.server.log.statemachine.data.sync.timeout.retry = -1 (default)
2023-01-10 01:11:54,276 [pool-71-thread-1] INFO  server.RaftServerConfigKeys (ConfUtils.java:logGet(46)) - raft.server.log.write.buffer.size = 1048576 (custom)
2023-01-10 01:11:54,277 [pool-71-thread-1] INFO  server.RaftServerConfigKeys (ConfUtils.java:logGet(46)) - raft.server.log.appender.buffer.byte-limit = 33554432 (custom)
2023-01-10 01:11:54,456 [pool-117-thread-1] INFO  ratis.ContainerStateMachine (ContainerStateMachine.java:loadSnapshot(240)) - group-225BCC242D8D: The snapshot info is null. Setting the last applied indexto:(t:0, i:~)
2023-01-10 01:11:54,457 [pool-117-thread-1] INFO  server.RaftServerConfigKeys (ConfUtils.java:logGet(46)) - raft.server.log.use.memory = false (default)
2023-01-10 01:11:54,457 [pool-117-thread-1] INFO  server.RaftServerConfigKeys (ConfUtils.java:logGet(46)) - raft.server.log.purge.gap = 1000000 (custom)
2023-01-10 01:11:54,457 [pool-117-thread-1] INFO  server.RaftServerConfigKeys (ConfUtils.java:logGet(46)) - raft.server.log.appender.buffer.byte-limit = 33554432 (custom)
2023-01-10 01:11:54,457 [pool-117-thread-1] INFO  server.RaftServerConfigKeys (ConfUtils.java:logGet(46)) - raft.server.log.statemachine.data.read.timeout = 1000ms (default)
2023-01-10 01:11:54,457 [pool-117-thread-1] INFO  server.RaftServerConfigKeys (ConfUtils.java:logGet(46)) - raft.server.log.purge.preservation.log.num = 0 (default)
2023-01-10 01:11:54,465 [JvmPauseMonitor3] WARN  util.JvmPauseMonitor (JvmPauseMonitor.java:detectPause(126)) - JvmPauseMonitor-cf55343f-a051-44b0-a85c-65c9cdfe5b3e: Detected pause in JVM or host machine (eg GC): pause of approximately 161897428ns.
GC pool 'PS MarkSweep' had collection(s): count=1 time=118ms
GC pool 'PS Scavenge' had collection(s): count=1 time=60ms
2023-01-10 01:11:54,468 [pool-117-thread-1] INFO  server.RaftServerConfigKeys (ConfUtils.java:logGet(46)) - raft.server.log.segment.size.max = 1048576 (custom)
2023-01-10 01:11:54,468 [pool-117-thread-1] INFO  server.RaftServerConfigKeys (ConfUtils.java:logGet(46)) - raft.server.log.segment.cache.num.max = 2 (custom)
2023-01-10 01:11:54,468 [pool-117-thread-1] INFO  server.RaftServerConfigKeys (ConfUtils.java:logGet(46)) - raft.server.log.segment.cache.size.max = 200MB (=209715200) (default)
2023-01-10 01:11:54,469 [pool-117-thread-1] INFO  segmented.SegmentedRaftLogWorker (SegmentedRaftLogWorker.java:<init>(189)) - new cf55343f-a051-44b0-a85c-65c9cdfe5b3e@group-225BCC242D8D-SegmentedRaftLogWorker for RaftStorageImpl:Storage Directory /home/runner/work/ozone/ozone/hadoop-ozone/integration-test/target/test-dir/MiniOzoneClusterImpl-11329d86-319f-4265-8dbd-04dd0b699e79/datanode-2/data/ratis/016b9ad0-65d5-47a5-98ce-225bcc242d8d
2023-01-10 01:11:54,469 [pool-117-thread-1] INFO  server.RaftServerConfigKeys (ConfUtils.java:logGet(46)) - raft.server.log.queue.byte-limit = 4294967296 (custom)
2023-01-10 01:11:54,469 [pool-117-thread-1] INFO  server.RaftServerConfigKeys (ConfUtils.java:logGet(46)) - raft.server.log.queue.element-limit = 1024 (custom)
2023-01-10 01:11:54,473 [EventQueue-OpenPipelineForHealthyPipelineSafeModeRule] INFO  safemode.SCMSafeModeManager (HealthyPipelineSafeModeRule.java:process(137)) - SCM in safe mode. Healthy pipelines reported count is 0, required healthy pipeline reported count is 1
2023-01-10 01:11:54,474 [EventQueue-PipelineReportForPipelineReportHandler] INFO  pipeline.PipelineManagerImpl (PipelineManagerImpl.java:openPipeline(367)) - Pipeline Pipeline[ Id: 7e6f3dbc-5f70-4093-a5c7-0d490b3c9a7c, Nodes: cf55343f-a051-44b0-a85c-65c9cdfe5b3e{ip: 10.1.0.24, host: fv-az353-623.tkyx2seitsuu3nmpmouz2httfb.bx.internal.cloudapp.net, ports: [REPLICATION=36705, RATIS=44193, RATIS_ADMIN=44193, RATIS_SERVER=44193, RATIS_DATASTREAM=34389, STANDALONE=45987], networkLocation: /default-rack, certSerialId: null, persistedOpState: IN_SERVICE, persistedOpStateExpiryEpochSec: 0}, ReplicationConfig: RATIS/ONE, State:ALLOCATED, leaderId:cf55343f-a051-44b0-a85c-65c9cdfe5b3e, CreationTimestamp2023-01-10T01:11:51.271Z[Etc/UTC]] moved to OPEN state
2023-01-10 01:11:54,475 [EventQueue-OpenPipelineForHealthyPipelineSafeModeRule] INFO  safemode.SCMSafeModeManager (HealthyPipelineSafeModeRule.java:process(137)) - SCM in safe mode. Healthy pipelines reported count is 0, required healthy pipeline reported count is 1
2023-01-10 01:11:54,473 [pool-117-thread-1] INFO  server.RaftServerConfigKeys (ConfUtils.java:logGet(46)) - raft.server.log.segment.size.max = 1048576 (custom)
2023-01-10 01:11:54,477 [pool-117-thread-1] INFO  server.RaftServerConfigKeys (ConfUtils.java:logGet(46)) - raft.server.log.preallocated.size = 16384 (custom)
2023-01-10 01:11:54,477 [pool-117-thread-1] INFO  server.RaftServerConfigKeys (ConfUtils.java:logGet(46)) - raft.server.log.force.sync.num = 128 (default)
2023-01-10 01:11:54,477 [pool-117-thread-1] INFO  server.RaftServerConfigKeys (ConfUtils.java:logGet(46)) - raft.server.log.statemachine.data.sync = true (default)
2023-01-10 01:11:54,477 [pool-117-thread-1] INFO  server.RaftServerConfigKeys (ConfUtils.java:logGet(46)) - raft.server.log.statemachine.data.sync.timeout = 10s (default)
2023-01-10 01:11:54,477 [pool-117-thread-1] INFO  server.RaftServerConfigKeys (ConfUtils.java:logGet(46)) - raft.server.log.statemachine.data.sync.timeout.retry = -1 (default)
2023-01-10 01:11:54,478 [pool-117-thread-1] INFO  server.RaftServerConfigKeys (ConfUtils.java:logGet(46)) - raft.server.log.write.buffer.size = 1048576 (custom)
2023-01-10 01:11:54,479 [pool-117-thread-1] INFO  server.RaftServerConfigKeys (ConfUtils.java:logGet(46)) - raft.server.log.appender.buffer.byte-limit = 33554432 (custom)
2023-01-10 01:11:54,477 [pool-71-thread-1] INFO  server.RaftServerConfigKeys (ConfUtils.java:logGet(46)) - raft.server.log.unsafe-flush.enabled = false (default)
2023-01-10 01:11:54,482 [pool-71-thread-1] INFO  server.RaftServerConfigKeys (ConfUtils.java:logGet(46)) - raft.server.log.async-flush.enabled = false (default)
2023-01-10 01:11:54,482 [pool-71-thread-1] INFO  server.RaftServerConfigKeys (ConfUtils.java:logGet(46)) - raft.server.log.statemachine.data.caching.enabled = true (custom)
2023-01-10 01:11:54,482 [pool-71-thread-1] INFO  segmented.SegmentedRaftLogWorker (SegmentedRaftLogWorker.java:lambda$new$0(135)) - 9684d5c9-574d-4083-afb3-2b5a0b78eb45@group-F727BACB3F90-SegmentedRaftLogWorker: flushIndex: setUnconditionally 0 -> -1
2023-01-10 01:11:54,482 [pool-71-thread-1] INFO  segmented.SegmentedRaftLogWorker (SegmentedRaftLogWorker.java:lambda$new$0(135)) - 9684d5c9-574d-4083-afb3-2b5a0b78eb45@group-F727BACB3F90-SegmentedRaftLogWorker: safeCacheEvictIndex: setUnconditionally 0 -> -1
2023-01-10 01:11:54,483 [pool-71-thread-1] INFO  server.RaftServer$Division (RaftServerImpl.java:start(334)) - 9684d5c9-574d-4083-afb3-2b5a0b78eb45@group-F727BACB3F90: start as a follower, conf=-1: peers:[cf55343f-a051-44b0-a85c-65c9cdfe5b3e|rpc:10.1.0.24:44193|dataStream:10.1.0.24:34389|priority:0|startupRole:FOLLOWER, 9684d5c9-574d-4083-afb3-2b5a0b78eb45|rpc:10.1.0.24:45207|dataStream:10.1.0.24:35443|priority:1|startupRole:FOLLOWER, 482fd31e-156c-418e-9aed-e6d52525a62a|rpc:10.1.0.24:38229|dataStream:10.1.0.24:43885|priority:0|startupRole:FOLLOWER]|listeners:[], old=null
2023-01-10 01:11:54,483 [pool-71-thread-1] INFO  server.RaftServer$Division (RaftServerImpl.java:setRole(321)) - 9684d5c9-574d-4083-afb3-2b5a0b78eb45@group-F727BACB3F90: changes role from      null to FOLLOWER at term 0 for startAsFollower
2023-01-10 01:11:54,483 [pool-71-thread-1] INFO  impl.RoleInfo (RoleInfo.java:updateAndGet(139)) - 9684d5c9-574d-4083-afb3-2b5a0b78eb45: start 9684d5c9-574d-4083-afb3-2b5a0b78eb45@group-F727BACB3F90-FollowerState
2023-01-10 01:11:54,483 [pool-71-thread-1] INFO  util.JmxRegister (JmxRegister.java:tryRegister(44)) - Successfully registered JMX Bean with object name Ratis:service=RaftServer,group=group-F727BACB3F90,id=9684d5c9-574d-4083-afb3-2b5a0b78eb45
2023-01-10 01:11:54,483 [pool-71-thread-1] INFO  server.RaftServerConfigKeys (ConfUtils.java:logGet(46)) - raft.server.snapshot.auto.trigger.enabled = true (custom)
2023-01-10 01:11:54,483 [pool-71-thread-1] INFO  server.RaftServerConfigKeys (ConfUtils.java:logGet(46)) - raft.server.snapshot.auto.trigger.threshold = 10000 (custom)
2023-01-10 01:11:54,483 [pool-71-thread-1] INFO  server.RaftServerConfigKeys (ConfUtils.java:logGet(46)) - raft.server.snapshot.retention.file.num = 5 (custom)
2023-01-10 01:11:54,483 [pool-71-thread-1] INFO  server.RaftServerConfigKeys (ConfUtils.java:logGet(46)) - raft.server.log.purge.upto.snapshot.index = false (default)
2023-01-10 01:11:54,485 [pool-117-thread-1] INFO  server.RaftServerConfigKeys (ConfUtils.java:logGet(46)) - raft.server.log.unsafe-flush.enabled = false (default)
2023-01-10 01:11:54,490 [Command processor thread] INFO  ratis.XceiverServerRatis (XceiverServerRatis.java:addGroup(806)) - Created group PipelineID=1b100930-f077-4dd6-92e7-f727bacb3f90
2023-01-10 01:11:54,492 [pool-117-thread-1] INFO  server.RaftServerConfigKeys (ConfUtils.java:logGet(46)) - raft.server.log.async-flush.enabled = false (default)
2023-01-10 01:11:54,492 [pool-117-thread-1] INFO  server.RaftServerConfigKeys (ConfUtils.java:logGet(46)) - raft.server.log.statemachine.data.caching.enabled = true (custom)
2023-01-10 01:11:54,493 [pool-117-thread-1] INFO  segmented.SegmentedRaftLogWorker (SegmentedRaftLogWorker.java:lambda$new$0(135)) - cf55343f-a051-44b0-a85c-65c9cdfe5b3e@group-225BCC242D8D-SegmentedRaftLogWorker: flushIndex: setUnconditionally 0 -> -1
2023-01-10 01:11:54,493 [pool-117-thread-1] INFO  segmented.SegmentedRaftLogWorker (SegmentedRaftLogWorker.java:lambda$new$0(135)) - cf55343f-a051-44b0-a85c-65c9cdfe5b3e@group-225BCC242D8D-SegmentedRaftLogWorker: safeCacheEvictIndex: setUnconditionally 0 -> -1
2023-01-10 01:11:54,486 [9684d5c9-574d-4083-afb3-2b5a0b78eb45@group-F727BACB3F90-FollowerState] INFO  server.RaftServerConfigKeys (ConfUtils.java:logFallback(53)) - raft.server.rpc.first-election.timeout.min = 5s (fallback to raft.server.rpc.timeout.min)
2023-01-10 01:11:54,493 [9684d5c9-574d-4083-afb3-2b5a0b78eb45@group-F727BACB3F90-FollowerState] INFO  server.RaftServerConfigKeys (ConfUtils.java:logFallback(53)) - raft.server.rpc.first-election.timeout.max = 5200ms (fallback to raft.server.rpc.timeout.max)
2023-01-10 01:11:54,496 [pool-117-thread-1] INFO  server.RaftServer$Division (RaftServerImpl.java:start(334)) - cf55343f-a051-44b0-a85c-65c9cdfe5b3e@group-225BCC242D8D: start as a follower, conf=-1: peers:[9684d5c9-574d-4083-afb3-2b5a0b78eb45|rpc:10.1.0.24:45207|dataStream:10.1.0.24:35443|priority:0|startupRole:FOLLOWER, cf55343f-a051-44b0-a85c-65c9cdfe5b3e|rpc:10.1.0.24:44193|dataStream:10.1.0.24:34389|priority:0|startupRole:FOLLOWER, 482fd31e-156c-418e-9aed-e6d52525a62a|rpc:10.1.0.24:38229|dataStream:10.1.0.24:43885|priority:1|startupRole:FOLLOWER]|listeners:[], old=null
2023-01-10 01:11:54,496 [pool-117-thread-1] INFO  server.RaftServer$Division (RaftServerImpl.java:setRole(321)) - cf55343f-a051-44b0-a85c-65c9cdfe5b3e@group-225BCC242D8D: changes role from      null to FOLLOWER at term 0 for startAsFollower
2023-01-10 01:11:54,496 [pool-117-thread-1] INFO  impl.RoleInfo (RoleInfo.java:updateAndGet(139)) - cf55343f-a051-44b0-a85c-65c9cdfe5b3e: start cf55343f-a051-44b0-a85c-65c9cdfe5b3e@group-225BCC242D8D-FollowerState
2023-01-10 01:11:54,496 [pool-117-thread-1] INFO  util.JmxRegister (JmxRegister.java:tryRegister(44)) - Successfully registered JMX Bean with object name Ratis:service=RaftServer,group=group-225BCC242D8D,id=cf55343f-a051-44b0-a85c-65c9cdfe5b3e
2023-01-10 01:11:54,497 [pool-117-thread-1] INFO  server.RaftServerConfigKeys (ConfUtils.java:logGet(46)) - raft.server.snapshot.auto.trigger.enabled = true (custom)
2023-01-10 01:11:54,497 [pool-117-thread-1] INFO  server.RaftServerConfigKeys (ConfUtils.java:logGet(46)) - raft.server.snapshot.auto.trigger.threshold = 10000 (custom)
2023-01-10 01:11:54,497 [pool-117-thread-1] INFO  server.RaftServerConfigKeys (ConfUtils.java:logGet(46)) - raft.server.snapshot.retention.file.num = 5 (custom)
2023-01-10 01:11:54,497 [pool-117-thread-1] INFO  server.RaftServerConfigKeys (ConfUtils.java:logGet(46)) - raft.server.log.purge.upto.snapshot.index = false (default)
2023-01-10 01:11:54,497 [cf55343f-a051-44b0-a85c-65c9cdfe5b3e@group-225BCC242D8D-FollowerState] INFO  server.RaftServerConfigKeys (ConfUtils.java:logFallback(53)) - raft.server.rpc.first-election.timeout.min = 5s (fallback to raft.server.rpc.timeout.min)
2023-01-10 01:11:54,510 [cf55343f-a051-44b0-a85c-65c9cdfe5b3e@group-225BCC242D8D-FollowerState] INFO  server.RaftServerConfigKeys (ConfUtils.java:logFallback(53)) - raft.server.rpc.first-election.timeout.max = 5200ms (fallback to raft.server.rpc.timeout.max)
2023-01-10 01:11:54,499 [pool-117-thread-1] INFO  server.RaftServer$Division (RaftServerImpl.java:<init>(195)) - cf55343f-a051-44b0-a85c-65c9cdfe5b3e: new RaftServerImpl for group-0D490B3C9A7C:[cf55343f-a051-44b0-a85c-65c9cdfe5b3e|rpc:10.1.0.24:44193|dataStream:10.1.0.24:34389|priority:1|startupRole:FOLLOWER] with ContainerStateMachine:uninitialized
2023-01-10 01:11:54,510 [pool-117-thread-1] INFO  server.RaftServerConfigKeys (ConfUtils.java:logGet(46)) - raft.server.rpc.timeout.min = 5s (custom)
2023-01-10 01:11:54,510 [pool-117-thread-1] INFO  server.RaftServerConfigKeys (ConfUtils.java:logGet(46)) - raft.server.rpc.timeout.max = 5200ms (custom)
2023-01-10 01:11:54,510 [pool-117-thread-1] INFO  server.RaftServerConfigKeys (ConfUtils.java:logGet(46)) - raft.server.rpc.sleep.time = 25ms (default)
2023-01-10 01:11:54,510 [pool-117-thread-1] INFO  server.RaftServerConfigKeys (ConfUtils.java:logGet(46)) - raft.server.rpc.slowness.timeout = 300s (custom)
2023-01-10 01:11:54,510 [pool-117-thread-1] INFO  server.RaftServerConfigKeys (ConfUtils.java:logGet(46)) - raft.server.leaderelection.leader.step-down.wait-time = 10s (default)
2023-01-10 01:11:54,510 [pool-117-thread-1] INFO  server.RaftServerConfigKeys (ConfUtils.java:logGet(46)) - raft.server.sleep.deviation.threshold = 300ms (default)
2023-01-10 01:11:54,511 [pool-117-thread-1] INFO  server.RaftServer$Division (ServerState.java:<init>(118)) - cf55343f-a051-44b0-a85c-65c9cdfe5b3e@group-0D490B3C9A7C: ConfigurationManager, init=-1: peers:[cf55343f-a051-44b0-a85c-65c9cdfe5b3e|rpc:10.1.0.24:44193|dataStream:10.1.0.24:34389|priority:1|startupRole:FOLLOWER]|listeners:[], old=null, confs=<EMPTY_MAP>
2023-01-10 01:11:54,511 [pool-117-thread-1] INFO  server.RaftServerConfigKeys (ConfUtils.java:logGet(46)) - raft.server.storage.dir = [/home/runner/work/ozone/ozone/hadoop-ozone/integration-test/target/test-dir/MiniOzoneClusterImpl-11329d86-319f-4265-8dbd-04dd0b699e79/datanode-2/data/ratis] (custom)
2023-01-10 01:11:54,511 [pool-117-thread-1] INFO  server.RaftServerConfigKeys (ConfUtils.java:logGet(46)) - raft.server.log.corruption.policy = EXCEPTION (default)
2023-01-10 01:11:54,511 [pool-117-thread-1] INFO  server.RaftServerConfigKeys (ConfUtils.java:logGet(46)) - raft.server.storage.free-space.min = 0MB (=0) (default)
2023-01-10 01:11:54,511 [pool-117-thread-1] INFO  server.RaftServerConfigKeys (ConfUtils.java:logGet(46)) - raft.server.notification.no-leader.timeout = 300s (custom)
2023-01-10 01:11:54,511 [pool-117-thread-1] INFO  server.RaftServerConfigKeys (ConfUtils.java:logGet(46)) - raft.server.retrycache.expirytime = 600000ms (custom)
2023-01-10 01:11:54,511 [pool-117-thread-1] INFO  server.RaftServerConfigKeys (ConfUtils.java:logGet(46)) - raft.server.retrycache.statistics.expirytime = 100μs (default)
2023-01-10 01:11:54,512 [pool-117-thread-1] INFO  server.RaftServerConfigKeys (ConfUtils.java:logGet(46)) - raft.server.log.appender.install.snapshot.enabled = false (custom)
2023-01-10 01:11:54,512 [pool-117-thread-1] INFO  server.RaftServerConfigKeys (ConfUtils.java:logGet(46)) - raft.server.threadpool.server.cached = true (default)
2023-01-10 01:11:54,512 [pool-117-thread-1] INFO  server.RaftServerConfigKeys (ConfUtils.java:logGet(46)) - raft.server.threadpool.server.size = 0 (default)
2023-01-10 01:11:54,512 [pool-117-thread-1] INFO  server.RaftServerConfigKeys (ConfUtils.java:logGet(46)) - raft.server.threadpool.client.cached = true (default)
2023-01-10 01:11:54,512 [pool-117-thread-1] INFO  server.RaftServerConfigKeys (ConfUtils.java:logGet(46)) - raft.server.threadpool.client.size = 0 (default)
2023-01-10 01:11:54,512 [pool-117-thread-1] INFO  storage.RaftStorageDirectory (RaftStorageDirectoryImpl.java:analyzeStorage(137)) - The storage directory /home/runner/work/ozone/ozone/hadoop-ozone/integration-test/target/test-dir/MiniOzoneClusterImpl-11329d86-319f-4265-8dbd-04dd0b699e79/datanode-2/data/ratis/7e6f3dbc-5f70-4093-a5c7-0d490b3c9a7c does not exist. Creating ...
2023-01-10 01:11:54,517 [pool-117-thread-1] INFO  storage.RaftStorageDirectory (RaftStorageDirectoryImpl.java:tryLock(231)) - Lock on /home/runner/work/ozone/ozone/hadoop-ozone/integration-test/target/test-dir/MiniOzoneClusterImpl-11329d86-319f-4265-8dbd-04dd0b699e79/datanode-2/data/ratis/7e6f3dbc-5f70-4093-a5c7-0d490b3c9a7c/in_use.lock acquired by nodename 10631@fv-az353-623
2023-01-10 01:11:54,521 [pool-117-thread-1] INFO  storage.RaftStorage (RaftStorageImpl.java:format(96)) - Storage directory /home/runner/work/ozone/ozone/hadoop-ozone/integration-test/target/test-dir/MiniOzoneClusterImpl-11329d86-319f-4265-8dbd-04dd0b699e79/datanode-2/data/ratis/7e6f3dbc-5f70-4093-a5c7-0d490b3c9a7c has been successfully formatted.
2023-01-10 01:11:54,521 [pool-117-thread-1] INFO  ratis.ContainerStateMachine (ContainerStateMachine.java:loadSnapshot(240)) - group-0D490B3C9A7C: The snapshot info is null. Setting the last applied indexto:(t:0, i:~)
2023-01-10 01:11:54,521 [pool-117-thread-1] INFO  server.RaftServerConfigKeys (ConfUtils.java:logGet(46)) - raft.server.log.use.memory = false (default)
2023-01-10 01:11:54,521 [pool-117-thread-1] INFO  server.RaftServerConfigKeys (ConfUtils.java:logGet(46)) - raft.server.log.purge.gap = 1000000 (custom)
2023-01-10 01:11:54,521 [pool-117-thread-1] INFO  server.RaftServerConfigKeys (ConfUtils.java:logGet(46)) - raft.server.log.appender.buffer.byte-limit = 33554432 (custom)
2023-01-10 01:11:54,521 [pool-117-thread-1] INFO  server.RaftServerConfigKeys (ConfUtils.java:logGet(46)) - raft.server.log.statemachine.data.read.timeout = 1000ms (default)
2023-01-10 01:11:54,521 [pool-117-thread-1] INFO  server.RaftServerConfigKeys (ConfUtils.java:logGet(46)) - raft.server.log.purge.preservation.log.num = 0 (default)
2023-01-10 01:11:54,522 [pool-117-thread-1] INFO  server.RaftServerConfigKeys (ConfUtils.java:logGet(46)) - raft.server.log.segment.size.max = 1048576 (custom)
2023-01-10 01:11:54,522 [pool-117-thread-1] INFO  server.RaftServerConfigKeys (ConfUtils.java:logGet(46)) - raft.server.log.segment.cache.num.max = 2 (custom)
2023-01-10 01:11:54,522 [pool-117-thread-1] INFO  server.RaftServerConfigKeys (ConfUtils.java:logGet(46)) - raft.server.log.segment.cache.size.max = 200MB (=209715200) (default)
2023-01-10 01:11:54,522 [pool-117-thread-1] INFO  segmented.SegmentedRaftLogWorker (SegmentedRaftLogWorker.java:<init>(189)) - new cf55343f-a051-44b0-a85c-65c9cdfe5b3e@group-0D490B3C9A7C-SegmentedRaftLogWorker for RaftStorageImpl:Storage Directory /home/runner/work/ozone/ozone/hadoop-ozone/integration-test/target/test-dir/MiniOzoneClusterImpl-11329d86-319f-4265-8dbd-04dd0b699e79/datanode-2/data/ratis/7e6f3dbc-5f70-4093-a5c7-0d490b3c9a7c
2023-01-10 01:11:54,522 [pool-117-thread-1] INFO  server.RaftServerConfigKeys (ConfUtils.java:logGet(46)) - raft.server.log.queue.byte-limit = 4294967296 (custom)
2023-01-10 01:11:54,522 [pool-117-thread-1] INFO  server.RaftServerConfigKeys (ConfUtils.java:logGet(46)) - raft.server.log.queue.element-limit = 1024 (custom)
2023-01-10 01:11:54,522 [pool-117-thread-1] INFO  server.RaftServerConfigKeys (ConfUtils.java:logGet(46)) - raft.server.log.segment.size.max = 1048576 (custom)
2023-01-10 01:11:54,522 [pool-117-thread-1] INFO  server.RaftServerConfigKeys (ConfUtils.java:logGet(46)) - raft.server.log.preallocated.size = 16384 (custom)
2023-01-10 01:11:54,522 [pool-117-thread-1] INFO  server.RaftServerConfigKeys (ConfUtils.java:logGet(46)) - raft.server.log.force.sync.num = 128 (default)
2023-01-10 01:11:54,522 [pool-117-thread-1] INFO  server.RaftServerConfigKeys (ConfUtils.java:logGet(46)) - raft.server.log.statemachine.data.sync = true (default)
2023-01-10 01:11:54,522 [pool-117-thread-1] INFO  server.RaftServerConfigKeys (ConfUtils.java:logGet(46)) - raft.server.log.statemachine.data.sync.timeout = 10s (default)
2023-01-10 01:11:54,522 [pool-117-thread-1] INFO  server.RaftServerConfigKeys (ConfUtils.java:logGet(46)) - raft.server.log.statemachine.data.sync.timeout.retry = -1 (default)
2023-01-10 01:11:54,523 [pool-117-thread-1] INFO  server.RaftServerConfigKeys (ConfUtils.java:logGet(46)) - raft.server.log.write.buffer.size = 1048576 (custom)
2023-01-10 01:11:54,524 [pool-117-thread-1] INFO  server.RaftServerConfigKeys (ConfUtils.java:logGet(46)) - raft.server.log.appender.buffer.byte-limit = 33554432 (custom)
2023-01-10 01:11:54,535 [pool-117-thread-1] INFO  server.RaftServerConfigKeys (ConfUtils.java:logGet(46)) - raft.server.log.unsafe-flush.enabled = false (default)
2023-01-10 01:11:54,535 [pool-117-thread-1] INFO  server.RaftServerConfigKeys (ConfUtils.java:logGet(46)) - raft.server.log.async-flush.enabled = false (default)
2023-01-10 01:11:54,535 [pool-117-thread-1] INFO  server.RaftServerConfigKeys (ConfUtils.java:logGet(46)) - raft.server.log.statemachine.data.caching.enabled = true (custom)
2023-01-10 01:11:54,535 [pool-117-thread-1] INFO  segmented.SegmentedRaftLogWorker (SegmentedRaftLogWorker.java:lambda$new$0(135)) - cf55343f-a051-44b0-a85c-65c9cdfe5b3e@group-0D490B3C9A7C-SegmentedRaftLogWorker: flushIndex: setUnconditionally 0 -> -1
2023-01-10 01:11:54,535 [pool-117-thread-1] INFO  segmented.SegmentedRaftLogWorker (SegmentedRaftLogWorker.java:lambda$new$0(135)) - cf55343f-a051-44b0-a85c-65c9cdfe5b3e@group-0D490B3C9A7C-SegmentedRaftLogWorker: safeCacheEvictIndex: setUnconditionally 0 -> -1
2023-01-10 01:11:54,535 [EventQueue-OpenPipelineForHealthyPipelineSafeModeRule] INFO  safemode.SCMSafeModeManager (HealthyPipelineSafeModeRule.java:process(137)) - SCM in safe mode. Healthy pipelines reported count is 0, required healthy pipeline reported count is 1
2023-01-10 01:11:54,535 [pool-117-thread-1] INFO  server.RaftServer$Division (RaftServerImpl.java:start(334)) - cf55343f-a051-44b0-a85c-65c9cdfe5b3e@group-0D490B3C9A7C: start as a follower, conf=-1: peers:[cf55343f-a051-44b0-a85c-65c9cdfe5b3e|rpc:10.1.0.24:44193|dataStream:10.1.0.24:34389|priority:1|startupRole:FOLLOWER]|listeners:[], old=null
2023-01-10 01:11:54,536 [pool-117-thread-1] INFO  server.RaftServer$Division (RaftServerImpl.java:setRole(321)) - cf55343f-a051-44b0-a85c-65c9cdfe5b3e@group-0D490B3C9A7C: changes role from      null to FOLLOWER at term 0 for startAsFollower
2023-01-10 01:11:54,536 [pool-117-thread-1] INFO  impl.RoleInfo (RoleInfo.java:updateAndGet(139)) - cf55343f-a051-44b0-a85c-65c9cdfe5b3e: start cf55343f-a051-44b0-a85c-65c9cdfe5b3e@group-0D490B3C9A7C-FollowerState
2023-01-10 01:11:54,537 [grpc-default-executor-1] INFO  server.RaftServer (RaftServerProxy.java:addNew(96)) - cf55343f-a051-44b0-a85c-65c9cdfe5b3e: addNew group-F727BACB3F90:[cf55343f-a051-44b0-a85c-65c9cdfe5b3e|rpc:10.1.0.24:44193|dataStream:10.1.0.24:34389|priority:0|startupRole:FOLLOWER, 9684d5c9-574d-4083-afb3-2b5a0b78eb45|rpc:10.1.0.24:45207|dataStream:10.1.0.24:35443|priority:1|startupRole:FOLLOWER, 482fd31e-156c-418e-9aed-e6d52525a62a|rpc:10.1.0.24:38229|dataStream:10.1.0.24:43885|priority:0|startupRole:FOLLOWER] returns group-F727BACB3F90:java.util.concurrent.CompletableFuture@5c454ee[Not completed]
2023-01-10 01:11:54,543 [pool-117-thread-1] INFO  util.JmxRegister (JmxRegister.java:tryRegister(44)) - Successfully registered JMX Bean with object name Ratis:service=RaftServer,group=group-0D490B3C9A7C,id=cf55343f-a051-44b0-a85c-65c9cdfe5b3e
2023-01-10 01:11:54,543 [pool-117-thread-1] INFO  server.RaftServerConfigKeys (ConfUtils.java:logGet(46)) - raft.server.snapshot.auto.trigger.enabled = true (custom)
2023-01-10 01:11:54,543 [pool-117-thread-1] INFO  server.RaftServerConfigKeys (ConfUtils.java:logGet(46)) - raft.server.snapshot.auto.trigger.threshold = 10000 (custom)
2023-01-10 01:11:54,543 [pool-117-thread-1] INFO  server.RaftServerConfigKeys (ConfUtils.java:logGet(46)) - raft.server.snapshot.retention.file.num = 5 (custom)
2023-01-10 01:11:54,543 [pool-117-thread-1] INFO  server.RaftServerConfigKeys (ConfUtils.java:logGet(46)) - raft.server.log.purge.upto.snapshot.index = false (default)
2023-01-10 01:11:54,546 [cf55343f-a051-44b0-a85c-65c9cdfe5b3e@group-0D490B3C9A7C-FollowerState] INFO  server.RaftServerConfigKeys (ConfUtils.java:logFallback(53)) - raft.server.rpc.first-election.timeout.min = 5s (fallback to raft.server.rpc.timeout.min)
2023-01-10 01:11:54,555 [cf55343f-a051-44b0-a85c-65c9cdfe5b3e@group-0D490B3C9A7C-FollowerState] INFO  server.RaftServerConfigKeys (ConfUtils.java:logFallback(53)) - raft.server.rpc.first-election.timeout.max = 5200ms (fallback to raft.server.rpc.timeout.max)
2023-01-10 01:11:54,550 [pool-117-thread-1] INFO  server.RaftServer$Division (RaftServerImpl.java:<init>(195)) - cf55343f-a051-44b0-a85c-65c9cdfe5b3e: new RaftServerImpl for group-F727BACB3F90:[cf55343f-a051-44b0-a85c-65c9cdfe5b3e|rpc:10.1.0.24:44193|dataStream:10.1.0.24:34389|priority:0|startupRole:FOLLOWER, 9684d5c9-574d-4083-afb3-2b5a0b78eb45|rpc:10.1.0.24:45207|dataStream:10.1.0.24:35443|priority:1|startupRole:FOLLOWER, 482fd31e-156c-418e-9aed-e6d52525a62a|rpc:10.1.0.24:38229|dataStream:10.1.0.24:43885|priority:0|startupRole:FOLLOWER] with ContainerStateMachine:uninitialized
2023-01-10 01:11:54,550 [Command processor thread] INFO  ratis.XceiverServerRatis (XceiverServerRatis.java:addGroup(806)) - Created group PipelineID=7e6f3dbc-5f70-4093-a5c7-0d490b3c9a7c
2023-01-10 01:11:54,566 [pool-117-thread-1] INFO  server.RaftServerConfigKeys (ConfUtils.java:logGet(46)) - raft.server.rpc.timeout.min = 5s (custom)
2023-01-10 01:11:54,574 [pool-117-thread-1] INFO  server.RaftServerConfigKeys (ConfUtils.java:logGet(46)) - raft.server.rpc.timeout.max = 5200ms (custom)
2023-01-10 01:11:54,574 [pool-117-thread-1] INFO  server.RaftServerConfigKeys (ConfUtils.java:logGet(46)) - raft.server.rpc.sleep.time = 25ms (default)
2023-01-10 01:11:54,574 [pool-117-thread-1] INFO  server.RaftServerConfigKeys (ConfUtils.java:logGet(46)) - raft.server.rpc.slowness.timeout = 300s (custom)
2023-01-10 01:11:54,574 [pool-117-thread-1] INFO  server.RaftServerConfigKeys (ConfUtils.java:logGet(46)) - raft.server.leaderelection.leader.step-down.wait-time = 10s (default)
2023-01-10 01:11:54,575 [pool-117-thread-1] INFO  server.RaftServerConfigKeys (ConfUtils.java:logGet(46)) - raft.server.sleep.deviation.threshold = 300ms (default)
2023-01-10 01:11:54,575 [pool-117-thread-1] INFO  server.RaftServer$Division (ServerState.java:<init>(118)) - cf55343f-a051-44b0-a85c-65c9cdfe5b3e@group-F727BACB3F90: ConfigurationManager, init=-1: peers:[cf55343f-a051-44b0-a85c-65c9cdfe5b3e|rpc:10.1.0.24:44193|dataStream:10.1.0.24:34389|priority:0|startupRole:FOLLOWER, 9684d5c9-574d-4083-afb3-2b5a0b78eb45|rpc:10.1.0.24:45207|dataStream:10.1.0.24:35443|priority:1|startupRole:FOLLOWER, 482fd31e-156c-418e-9aed-e6d52525a62a|rpc:10.1.0.24:38229|dataStream:10.1.0.24:43885|priority:0|startupRole:FOLLOWER]|listeners:[], old=null, confs=<EMPTY_MAP>
2023-01-10 01:11:54,575 [pool-140-thread-1] INFO  server.RaftServer$Division (RaftServerImpl.java:<init>(195)) - de1dc05a-b420-436e-92e0-be95de2f8d14: new RaftServerImpl for group-6F7CAD6E2125:[de1dc05a-b420-436e-92e0-be95de2f8d14|rpc:10.1.0.24:34547|dataStream:10.1.0.24:39059|priority:1|startupRole:FOLLOWER] with ContainerStateMachine:uninitialized
2023-01-10 01:11:54,575 [pool-117-thread-1] INFO  server.RaftServerConfigKeys (ConfUtils.java:logGet(46)) - raft.server.storage.dir = [/home/runner/work/ozone/ozone/hadoop-ozone/integration-test/target/test-dir/MiniOzoneClusterImpl-11329d86-319f-4265-8dbd-04dd0b699e79/datanode-2/data/ratis] (custom)
2023-01-10 01:11:54,576 [pool-117-thread-1] INFO  server.RaftServerConfigKeys (ConfUtils.java:logGet(46)) - raft.server.log.corruption.policy = EXCEPTION (default)
2023-01-10 01:11:54,576 [pool-117-thread-1] INFO  server.RaftServerConfigKeys (ConfUtils.java:logGet(46)) - raft.server.storage.free-space.min = 0MB (=0) (default)
2023-01-10 01:11:54,576 [pool-117-thread-1] INFO  server.RaftServerConfigKeys (ConfUtils.java:logGet(46)) - raft.server.notification.no-leader.timeout = 300s (custom)
2023-01-10 01:11:54,576 [pool-117-thread-1] INFO  server.RaftServerConfigKeys (ConfUtils.java:logGet(46)) - raft.server.retrycache.expirytime = 600000ms (custom)
2023-01-10 01:11:54,576 [pool-117-thread-1] INFO  server.RaftServerConfigKeys (ConfUtils.java:logGet(46)) - raft.server.retrycache.statistics.expirytime = 100μs (default)
2023-01-10 01:11:54,568 [Command processor thread] INFO  server.RaftServer (RaftServerProxy.java:addNew(96)) - de1dc05a-b420-436e-92e0-be95de2f8d14: addNew group-6F7CAD6E2125:[de1dc05a-b420-436e-92e0-be95de2f8d14|rpc:10.1.0.24:34547|dataStream:10.1.0.24:39059|priority:1|startupRole:FOLLOWER] returns group-6F7CAD6E2125:java.util.concurrent.CompletableFuture@3f51576f[Not completed]
2023-01-10 01:11:54,577 [pool-117-thread-1] INFO  server.RaftServerConfigKeys (ConfUtils.java:logGet(46)) - raft.server.log.appender.install.snapshot.enabled = false (custom)
2023-01-10 01:11:54,577 [pool-117-thread-1] INFO  server.RaftServerConfigKeys (ConfUtils.java:logGet(46)) - raft.server.threadpool.server.cached = true (default)
2023-01-10 01:11:54,578 [pool-117-thread-1] INFO  server.RaftServerConfigKeys (ConfUtils.java:logGet(46)) - raft.server.threadpool.server.size = 0 (default)
2023-01-10 01:11:54,578 [pool-117-thread-1] INFO  server.RaftServerConfigKeys (ConfUtils.java:logGet(46)) - raft.server.threadpool.client.cached = true (default)
2023-01-10 01:11:54,578 [pool-117-thread-1] INFO  server.RaftServerConfigKeys (ConfUtils.java:logGet(46)) - raft.server.threadpool.client.size = 0 (default)
2023-01-10 01:11:54,578 [pool-117-thread-1] INFO  storage.RaftStorageDirectory (RaftStorageDirectoryImpl.java:analyzeStorage(137)) - The storage directory /home/runner/work/ozone/ozone/hadoop-ozone/integration-test/target/test-dir/MiniOzoneClusterImpl-11329d86-319f-4265-8dbd-04dd0b699e79/datanode-2/data/ratis/1b100930-f077-4dd6-92e7-f727bacb3f90 does not exist. Creating ...
2023-01-10 01:11:54,567 [Command processor thread] INFO  commandhandler.CreatePipelineCommandHandler (CreatePipelineCommandHandler.java:handle(113)) - Created Pipeline RATIS THREE PipelineID=016b9ad0-65d5-47a5-98ce-225bcc242d8d.
2023-01-10 01:11:54,578 [Command processor thread] INFO  server.RaftServer (RaftServerProxy.java:addNew(96)) - 482fd31e-156c-418e-9aed-e6d52525a62a: addNew group-F727BACB3F90:[cf55343f-a051-44b0-a85c-65c9cdfe5b3e|rpc:10.1.0.24:44193|dataStream:10.1.0.24:34389|priority:0|startupRole:FOLLOWER, 9684d5c9-574d-4083-afb3-2b5a0b78eb45|rpc:10.1.0.24:45207|dataStream:10.1.0.24:35443|priority:1|startupRole:FOLLOWER, 482fd31e-156c-418e-9aed-e6d52525a62a|rpc:10.1.0.24:38229|dataStream:10.1.0.24:43885|priority:0|startupRole:FOLLOWER] returns group-F727BACB3F90:java.util.concurrent.CompletableFuture@5e0ab704[Not completed]
2023-01-10 01:11:54,567 [Command processor thread] INFO  commandhandler.CreatePipelineCommandHandler (CreatePipelineCommandHandler.java:handle(113)) - Created Pipeline RATIS ONE PipelineID=7e6f3dbc-5f70-4093-a5c7-0d490b3c9a7c.
2023-01-10 01:11:54,579 [pool-94-thread-1] INFO  server.RaftServer$Division (RaftServerImpl.java:<init>(195)) - 482fd31e-156c-418e-9aed-e6d52525a62a: new RaftServerImpl for group-F727BACB3F90:[cf55343f-a051-44b0-a85c-65c9cdfe5b3e|rpc:10.1.0.24:44193|dataStream:10.1.0.24:34389|priority:0|startupRole:FOLLOWER, 9684d5c9-574d-4083-afb3-2b5a0b78eb45|rpc:10.1.0.24:45207|dataStream:10.1.0.24:35443|priority:1|startupRole:FOLLOWER, 482fd31e-156c-418e-9aed-e6d52525a62a|rpc:10.1.0.24:38229|dataStream:10.1.0.24:43885|priority:0|startupRole:FOLLOWER] with ContainerStateMachine:uninitialized
2023-01-10 01:11:54,580 [pool-94-thread-1] INFO  server.RaftServerConfigKeys (ConfUtils.java:logGet(46)) - raft.server.rpc.timeout.min = 5s (custom)
2023-01-10 01:11:54,580 [pool-94-thread-1] INFO  server.RaftServerConfigKeys (ConfUtils.java:logGet(46)) - raft.server.rpc.timeout.max = 5200ms (custom)
2023-01-10 01:11:54,580 [pool-94-thread-1] INFO  server.RaftServerConfigKeys (ConfUtils.java:logGet(46)) - raft.server.rpc.sleep.time = 25ms (default)
2023-01-10 01:11:54,580 [pool-94-thread-1] INFO  server.RaftServerConfigKeys (ConfUtils.java:logGet(46)) - raft.server.rpc.slowness.timeout = 300s (custom)
2023-01-10 01:11:54,580 [pool-94-thread-1] INFO  server.RaftServerConfigKeys (ConfUtils.java:logGet(46)) - raft.server.leaderelection.leader.step-down.wait-time = 10s (default)
2023-01-10 01:11:54,580 [pool-94-thread-1] INFO  server.RaftServerConfigKeys (ConfUtils.java:logGet(46)) - raft.server.sleep.deviation.threshold = 300ms (default)
2023-01-10 01:11:54,580 [pool-94-thread-1] INFO  server.RaftServer$Division (ServerState.java:<init>(118)) - 482fd31e-156c-418e-9aed-e6d52525a62a@group-F727BACB3F90: ConfigurationManager, init=-1: peers:[cf55343f-a051-44b0-a85c-65c9cdfe5b3e|rpc:10.1.0.24:44193|dataStream:10.1.0.24:34389|priority:0|startupRole:FOLLOWER, 9684d5c9-574d-4083-afb3-2b5a0b78eb45|rpc:10.1.0.24:45207|dataStream:10.1.0.24:35443|priority:1|startupRole:FOLLOWER, 482fd31e-156c-418e-9aed-e6d52525a62a|rpc:10.1.0.24:38229|dataStream:10.1.0.24:43885|priority:0|startupRole:FOLLOWER]|listeners:[], old=null, confs=<EMPTY_MAP>
2023-01-10 01:11:54,580 [pool-94-thread-1] INFO  server.RaftServerConfigKeys (ConfUtils.java:logGet(46)) - raft.server.storage.dir = [/home/runner/work/ozone/ozone/hadoop-ozone/integration-test/target/test-dir/MiniOzoneClusterImpl-11329d86-319f-4265-8dbd-04dd0b699e79/datanode-1/data/ratis] (custom)
2023-01-10 01:11:54,580 [pool-94-thread-1] INFO  server.RaftServerConfigKeys (ConfUtils.java:logGet(46)) - raft.server.log.corruption.policy = EXCEPTION (default)
2023-01-10 01:11:54,581 [pool-94-thread-1] INFO  server.RaftServerConfigKeys (ConfUtils.java:logGet(46)) - raft.server.storage.free-space.min = 0MB (=0) (default)
2023-01-10 01:11:54,581 [pool-94-thread-1] INFO  server.RaftServerConfigKeys (ConfUtils.java:logGet(46)) - raft.server.notification.no-leader.timeout = 300s (custom)
2023-01-10 01:11:54,581 [pool-117-thread-1] INFO  storage.RaftStorageDirectory (RaftStorageDirectoryImpl.java:tryLock(231)) - Lock on /home/runner/work/ozone/ozone/hadoop-ozone/integration-test/target/test-dir/MiniOzoneClusterImpl-11329d86-319f-4265-8dbd-04dd0b699e79/datanode-2/data/ratis/1b100930-f077-4dd6-92e7-f727bacb3f90/in_use.lock acquired by nodename 10631@fv-az353-623
2023-01-10 01:11:54,575 [pool-140-thread-1] INFO  server.RaftServerConfigKeys (ConfUtils.java:logGet(46)) - raft.server.rpc.timeout.min = 5s (custom)
2023-01-10 01:11:54,581 [pool-94-thread-1] INFO  server.RaftServerConfigKeys (ConfUtils.java:logGet(46)) - raft.server.retrycache.expirytime = 600000ms (custom)
2023-01-10 01:11:54,581 [pool-94-thread-1] INFO  server.RaftServerConfigKeys (ConfUtils.java:logGet(46)) - raft.server.retrycache.statistics.expirytime = 100μs (default)
2023-01-10 01:11:54,582 [pool-94-thread-1] INFO  server.RaftServerConfigKeys (ConfUtils.java:logGet(46)) - raft.server.log.appender.install.snapshot.enabled = false (custom)
2023-01-10 01:11:54,583 [pool-94-thread-1] INFO  server.RaftServerConfigKeys (ConfUtils.java:logGet(46)) - raft.server.threadpool.server.cached = true (default)
2023-01-10 01:11:54,583 [pool-94-thread-1] INFO  server.RaftServerConfigKeys (ConfUtils.java:logGet(46)) - raft.server.threadpool.server.size = 0 (default)
2023-01-10 01:11:54,583 [pool-94-thread-1] INFO  server.RaftServerConfigKeys (ConfUtils.java:logGet(46)) - raft.server.threadpool.client.cached = true (default)
2023-01-10 01:11:54,583 [pool-94-thread-1] INFO  server.RaftServerConfigKeys (ConfUtils.java:logGet(46)) - raft.server.threadpool.client.size = 0 (default)
2023-01-10 01:11:54,583 [pool-94-thread-1] INFO  storage.RaftStorageDirectory (RaftStorageDirectoryImpl.java:analyzeStorage(137)) - The storage directory /home/runner/work/ozone/ozone/hadoop-ozone/integration-test/target/test-dir/MiniOzoneClusterImpl-11329d86-319f-4265-8dbd-04dd0b699e79/datanode-1/data/ratis/1b100930-f077-4dd6-92e7-f727bacb3f90 does not exist. Creating ...
2023-01-10 01:11:54,583 [pool-140-thread-1] INFO  server.RaftServerConfigKeys (ConfUtils.java:logGet(46)) - raft.server.rpc.timeout.max = 5200ms (custom)
2023-01-10 01:11:54,583 [pool-140-thread-1] INFO  server.RaftServerConfigKeys (ConfUtils.java:logGet(46)) - raft.server.rpc.sleep.time = 25ms (default)
2023-01-10 01:11:54,583 [pool-140-thread-1] INFO  server.RaftServerConfigKeys (ConfUtils.java:logGet(46)) - raft.server.rpc.slowness.timeout = 300s (custom)
2023-01-10 01:11:54,583 [pool-140-thread-1] INFO  server.RaftServerConfigKeys (ConfUtils.java:logGet(46)) - raft.server.leaderelection.leader.step-down.wait-time = 10s (default)
2023-01-10 01:11:54,583 [pool-140-thread-1] INFO  server.RaftServerConfigKeys (ConfUtils.java:logGet(46)) - raft.server.sleep.deviation.threshold = 300ms (default)
2023-01-10 01:11:54,584 [pool-94-thread-1] INFO  storage.RaftStorageDirectory (RaftStorageDirectoryImpl.java:tryLock(231)) - Lock on /home/runner/work/ozone/ozone/hadoop-ozone/integration-test/target/test-dir/MiniOzoneClusterImpl-11329d86-319f-4265-8dbd-04dd0b699e79/datanode-1/data/ratis/1b100930-f077-4dd6-92e7-f727bacb3f90/in_use.lock acquired by nodename 10631@fv-az353-623
2023-01-10 01:11:54,584 [pool-140-thread-1] INFO  server.RaftServer$Division (ServerState.java:<init>(118)) - de1dc05a-b420-436e-92e0-be95de2f8d14@group-6F7CAD6E2125: ConfigurationManager, init=-1: peers:[de1dc05a-b420-436e-92e0-be95de2f8d14|rpc:10.1.0.24:34547|dataStream:10.1.0.24:39059|priority:1|startupRole:FOLLOWER]|listeners:[], old=null, confs=<EMPTY_MAP>
2023-01-10 01:11:54,584 [pool-140-thread-1] INFO  server.RaftServerConfigKeys (ConfUtils.java:logGet(46)) - raft.server.storage.dir = [/home/runner/work/ozone/ozone/hadoop-ozone/integration-test/target/test-dir/MiniOzoneClusterImpl-11329d86-319f-4265-8dbd-04dd0b699e79/datanode-3/data/ratis] (custom)
2023-01-10 01:11:54,585 [pool-117-thread-1] INFO  storage.RaftStorage (RaftStorageImpl.java:format(96)) - Storage directory /home/runner/work/ozone/ozone/hadoop-ozone/integration-test/target/test-dir/MiniOzoneClusterImpl-11329d86-319f-4265-8dbd-04dd0b699e79/datanode-2/data/ratis/1b100930-f077-4dd6-92e7-f727bacb3f90 has been successfully formatted.
2023-01-10 01:11:54,585 [pool-94-thread-1] INFO  storage.RaftStorage (RaftStorageImpl.java:format(96)) - Storage directory /home/runner/work/ozone/ozone/hadoop-ozone/integration-test/target/test-dir/MiniOzoneClusterImpl-11329d86-319f-4265-8dbd-04dd0b699e79/datanode-1/data/ratis/1b100930-f077-4dd6-92e7-f727bacb3f90 has been successfully formatted.
2023-01-10 01:11:54,585 [pool-117-thread-1] INFO  ratis.ContainerStateMachine (ContainerStateMachine.java:loadSnapshot(240)) - group-F727BACB3F90: The snapshot info is null. Setting the last applied indexto:(t:0, i:~)
2023-01-10 01:11:54,585 [pool-117-thread-1] INFO  server.RaftServerConfigKeys (ConfUtils.java:logGet(46)) - raft.server.log.use.memory = false (default)
2023-01-10 01:11:54,585 [pool-117-thread-1] INFO  server.RaftServerConfigKeys (ConfUtils.java:logGet(46)) - raft.server.log.purge.gap = 1000000 (custom)
2023-01-10 01:11:54,586 [pool-117-thread-1] INFO  server.RaftServerConfigKeys (ConfUtils.java:logGet(46)) - raft.server.log.appender.buffer.byte-limit = 33554432 (custom)
2023-01-10 01:11:54,586 [pool-117-thread-1] INFO  server.RaftServerConfigKeys (ConfUtils.java:logGet(46)) - raft.server.log.statemachine.data.read.timeout = 1000ms (default)
2023-01-10 01:11:54,586 [pool-117-thread-1] INFO  server.RaftServerConfigKeys (ConfUtils.java:logGet(46)) - raft.server.log.purge.preservation.log.num = 0 (default)
2023-01-10 01:11:54,586 [pool-117-thread-1] INFO  server.RaftServerConfigKeys (ConfUtils.java:logGet(46)) - raft.server.log.segment.size.max = 1048576 (custom)
2023-01-10 01:11:54,586 [pool-117-thread-1] INFO  server.RaftServerConfigKeys (ConfUtils.java:logGet(46)) - raft.server.log.segment.cache.num.max = 2 (custom)
2023-01-10 01:11:54,588 [pool-117-thread-1] INFO  server.RaftServerConfigKeys (ConfUtils.java:logGet(46)) - raft.server.log.segment.cache.size.max = 200MB (=209715200) (default)
2023-01-10 01:11:54,588 [pool-117-thread-1] INFO  segmented.SegmentedRaftLogWorker (SegmentedRaftLogWorker.java:<init>(189)) - new cf55343f-a051-44b0-a85c-65c9cdfe5b3e@group-F727BACB3F90-SegmentedRaftLogWorker for RaftStorageImpl:Storage Directory /home/runner/work/ozone/ozone/hadoop-ozone/integration-test/target/test-dir/MiniOzoneClusterImpl-11329d86-319f-4265-8dbd-04dd0b699e79/datanode-2/data/ratis/1b100930-f077-4dd6-92e7-f727bacb3f90
2023-01-10 01:11:54,588 [pool-117-thread-1] INFO  server.RaftServerConfigKeys (ConfUtils.java:logGet(46)) - raft.server.log.queue.byte-limit = 4294967296 (custom)
2023-01-10 01:11:54,588 [pool-117-thread-1] INFO  server.RaftServerConfigKeys (ConfUtils.java:logGet(46)) - raft.server.log.queue.element-limit = 1024 (custom)
2023-01-10 01:11:54,588 [pool-117-thread-1] INFO  server.RaftServerConfigKeys (ConfUtils.java:logGet(46)) - raft.server.log.segment.size.max = 1048576 (custom)
2023-01-10 01:11:54,586 [pool-140-thread-1] INFO  server.RaftServerConfigKeys (ConfUtils.java:logGet(46)) - raft.server.log.corruption.policy = EXCEPTION (default)
2023-01-10 01:11:54,586 [pool-94-thread-1] INFO  ratis.ContainerStateMachine (ContainerStateMachine.java:loadSnapshot(240)) - group-F727BACB3F90: The snapshot info is null. Setting the last applied indexto:(t:0, i:~)
2023-01-10 01:11:54,588 [pool-94-thread-1] INFO  server.RaftServerConfigKeys (ConfUtils.java:logGet(46)) - raft.server.log.use.memory = false (default)
2023-01-10 01:11:54,588 [pool-94-thread-1] INFO  server.RaftServerConfigKeys (ConfUtils.java:logGet(46)) - raft.server.log.purge.gap = 1000000 (custom)
2023-01-10 01:11:54,588 [pool-94-thread-1] INFO  server.RaftServerConfigKeys (ConfUtils.java:logGet(46)) - raft.server.log.appender.buffer.byte-limit = 33554432 (custom)
2023-01-10 01:11:54,588 [pool-94-thread-1] INFO  server.RaftServerConfigKeys (ConfUtils.java:logGet(46)) - raft.server.log.statemachine.data.read.timeout = 1000ms (default)
2023-01-10 01:11:54,588 [pool-94-thread-1] INFO  server.RaftServerConfigKeys (ConfUtils.java:logGet(46)) - raft.server.log.purge.preservation.log.num = 0 (default)
2023-01-10 01:11:54,589 [pool-94-thread-1] INFO  server.RaftServerConfigKeys (ConfUtils.java:logGet(46)) - raft.server.log.segment.size.max = 1048576 (custom)
2023-01-10 01:11:54,589 [pool-94-thread-1] INFO  server.RaftServerConfigKeys (ConfUtils.java:logGet(46)) - raft.server.log.segment.cache.num.max = 2 (custom)
2023-01-10 01:11:54,589 [pool-94-thread-1] INFO  server.RaftServerConfigKeys (ConfUtils.java:logGet(46)) - raft.server.log.segment.cache.size.max = 200MB (=209715200) (default)
2023-01-10 01:11:54,589 [pool-94-thread-1] INFO  segmented.SegmentedRaftLogWorker (SegmentedRaftLogWorker.java:<init>(189)) - new 482fd31e-156c-418e-9aed-e6d52525a62a@group-F727BACB3F90-SegmentedRaftLogWorker for RaftStorageImpl:Storage Directory /home/runner/work/ozone/ozone/hadoop-ozone/integration-test/target/test-dir/MiniOzoneClusterImpl-11329d86-319f-4265-8dbd-04dd0b699e79/datanode-1/data/ratis/1b100930-f077-4dd6-92e7-f727bacb3f90
2023-01-10 01:11:54,589 [pool-94-thread-1] INFO  server.RaftServerConfigKeys (ConfUtils.java:logGet(46)) - raft.server.log.queue.byte-limit = 4294967296 (custom)
2023-01-10 01:11:54,589 [pool-94-thread-1] INFO  server.RaftServerConfigKeys (ConfUtils.java:logGet(46)) - raft.server.log.queue.element-limit = 1024 (custom)
2023-01-10 01:11:54,589 [pool-94-thread-1] INFO  server.RaftServerConfigKeys (ConfUtils.java:logGet(46)) - raft.server.log.segment.size.max = 1048576 (custom)
2023-01-10 01:11:54,589 [pool-94-thread-1] INFO  server.RaftServerConfigKeys (ConfUtils.java:logGet(46)) - raft.server.log.preallocated.size = 16384 (custom)
2023-01-10 01:11:54,589 [pool-94-thread-1] INFO  server.RaftServerConfigKeys (ConfUtils.java:logGet(46)) - raft.server.log.force.sync.num = 128 (default)
2023-01-10 01:11:54,589 [pool-94-thread-1] INFO  server.RaftServerConfigKeys (ConfUtils.java:logGet(46)) - raft.server.log.statemachine.data.sync = true (default)
2023-01-10 01:11:54,589 [pool-94-thread-1] INFO  server.RaftServerConfigKeys (ConfUtils.java:logGet(46)) - raft.server.log.statemachine.data.sync.timeout = 10s (default)
2023-01-10 01:11:54,590 [pool-94-thread-1] INFO  server.RaftServerConfigKeys (ConfUtils.java:logGet(46)) - raft.server.log.statemachine.data.sync.timeout.retry = -1 (default)
2023-01-10 01:11:54,588 [pool-117-thread-1] INFO  server.RaftServerConfigKeys (ConfUtils.java:logGet(46)) - raft.server.log.preallocated.size = 16384 (custom)
2023-01-10 01:11:54,590 [pool-117-thread-1] INFO  server.RaftServerConfigKeys (ConfUtils.java:logGet(46)) - raft.server.log.force.sync.num = 128 (default)
2023-01-10 01:11:54,590 [pool-117-thread-1] INFO  server.RaftServerConfigKeys (ConfUtils.java:logGet(46)) - raft.server.log.statemachine.data.sync = true (default)
2023-01-10 01:11:54,590 [pool-117-thread-1] INFO  server.RaftServerConfigKeys (ConfUtils.java:logGet(46)) - raft.server.log.statemachine.data.sync.timeout = 10s (default)
2023-01-10 01:11:54,590 [pool-117-thread-1] INFO  server.RaftServerConfigKeys (ConfUtils.java:logGet(46)) - raft.server.log.statemachine.data.sync.timeout.retry = -1 (default)
2023-01-10 01:11:54,590 [pool-140-thread-1] INFO  server.RaftServerConfigKeys (ConfUtils.java:logGet(46)) - raft.server.storage.free-space.min = 0MB (=0) (default)
2023-01-10 01:11:54,591 [EventQueue-OpenPipelineForHealthyPipelineSafeModeRule] INFO  safemode.SCMSafeModeManager (HealthyPipelineSafeModeRule.java:process(137)) - SCM in safe mode. Healthy pipelines reported count is 0, required healthy pipeline reported count is 1
2023-01-10 01:11:54,592 [pool-140-thread-1] INFO  server.RaftServerConfigKeys (ConfUtils.java:logGet(46)) - raft.server.notification.no-leader.timeout = 300s (custom)
2023-01-10 01:11:54,592 [pool-140-thread-1] INFO  server.RaftServerConfigKeys (ConfUtils.java:logGet(46)) - raft.server.retrycache.expirytime = 600000ms (custom)
2023-01-10 01:11:54,593 [pool-140-thread-1] INFO  server.RaftServerConfigKeys (ConfUtils.java:logGet(46)) - raft.server.retrycache.statistics.expirytime = 100μs (default)
2023-01-10 01:11:54,593 [EventQueue-OpenPipelineForHealthyPipelineSafeModeRule] INFO  safemode.SCMSafeModeManager (HealthyPipelineSafeModeRule.java:process(137)) - SCM in safe mode. Healthy pipelines reported count is 0, required healthy pipeline reported count is 1
2023-01-10 01:11:54,596 [pool-94-thread-1] INFO  server.RaftServerConfigKeys (ConfUtils.java:logGet(46)) - raft.server.log.write.buffer.size = 1048576 (custom)
2023-01-10 01:11:54,596 [pool-94-thread-1] INFO  server.RaftServerConfigKeys (ConfUtils.java:logGet(46)) - raft.server.log.appender.buffer.byte-limit = 33554432 (custom)
2023-01-10 01:11:54,598 [pool-117-thread-1] INFO  server.RaftServerConfigKeys (ConfUtils.java:logGet(46)) - raft.server.log.write.buffer.size = 1048576 (custom)
2023-01-10 01:11:54,599 [pool-117-thread-1] INFO  server.RaftServerConfigKeys (ConfUtils.java:logGet(46)) - raft.server.log.appender.buffer.byte-limit = 33554432 (custom)
2023-01-10 01:11:54,605 [pool-117-thread-1] INFO  server.RaftServerConfigKeys (ConfUtils.java:logGet(46)) - raft.server.log.unsafe-flush.enabled = false (default)
2023-01-10 01:11:54,606 [pool-117-thread-1] INFO  server.RaftServerConfigKeys (ConfUtils.java:logGet(46)) - raft.server.log.async-flush.enabled = false (default)
2023-01-10 01:11:54,606 [pool-117-thread-1] INFO  server.RaftServerConfigKeys (ConfUtils.java:logGet(46)) - raft.server.log.statemachine.data.caching.enabled = true (custom)
2023-01-10 01:11:54,606 [pool-117-thread-1] INFO  segmented.SegmentedRaftLogWorker (SegmentedRaftLogWorker.java:lambda$new$0(135)) - cf55343f-a051-44b0-a85c-65c9cdfe5b3e@group-F727BACB3F90-SegmentedRaftLogWorker: flushIndex: setUnconditionally 0 -> -1
2023-01-10 01:11:54,606 [pool-117-thread-1] INFO  segmented.SegmentedRaftLogWorker (SegmentedRaftLogWorker.java:lambda$new$0(135)) - cf55343f-a051-44b0-a85c-65c9cdfe5b3e@group-F727BACB3F90-SegmentedRaftLogWorker: safeCacheEvictIndex: setUnconditionally 0 -> -1
2023-01-10 01:11:54,606 [pool-117-thread-1] INFO  server.RaftServer$Division (RaftServerImpl.java:start(334)) - cf55343f-a051-44b0-a85c-65c9cdfe5b3e@group-F727BACB3F90: start as a follower, conf=-1: peers:[cf55343f-a051-44b0-a85c-65c9cdfe5b3e|rpc:10.1.0.24:44193|dataStream:10.1.0.24:34389|priority:0|startupRole:FOLLOWER, 9684d5c9-574d-4083-afb3-2b5a0b78eb45|rpc:10.1.0.24:45207|dataStream:10.1.0.24:35443|priority:1|startupRole:FOLLOWER, 482fd31e-156c-418e-9aed-e6d52525a62a|rpc:10.1.0.24:38229|dataStream:10.1.0.24:43885|priority:0|startupRole:FOLLOWER]|listeners:[], old=null
2023-01-10 01:11:54,606 [pool-117-thread-1] INFO  server.RaftServer$Division (RaftServerImpl.java:setRole(321)) - cf55343f-a051-44b0-a85c-65c9cdfe5b3e@group-F727BACB3F90: changes role from      null to FOLLOWER at term 0 for startAsFollower
2023-01-10 01:11:54,607 [pool-117-thread-1] INFO  impl.RoleInfo (RoleInfo.java:updateAndGet(139)) - cf55343f-a051-44b0-a85c-65c9cdfe5b3e: start cf55343f-a051-44b0-a85c-65c9cdfe5b3e@group-F727BACB3F90-FollowerState
2023-01-10 01:11:54,606 [pool-94-thread-1] INFO  server.RaftServerConfigKeys (ConfUtils.java:logGet(46)) - raft.server.log.unsafe-flush.enabled = false (default)
2023-01-10 01:11:54,605 [pool-140-thread-1] INFO  server.RaftServerConfigKeys (ConfUtils.java:logGet(46)) - raft.server.log.appender.install.snapshot.enabled = false (custom)
2023-01-10 01:11:54,612 [pool-140-thread-1] INFO  server.RaftServerConfigKeys (ConfUtils.java:logGet(46)) - raft.server.threadpool.server.cached = true (default)
2023-01-10 01:11:54,612 [pool-140-thread-1] INFO  server.RaftServerConfigKeys (ConfUtils.java:logGet(46)) - raft.server.threadpool.server.size = 0 (default)
2023-01-10 01:11:54,612 [pool-140-thread-1] INFO  server.RaftServerConfigKeys (ConfUtils.java:logGet(46)) - raft.server.threadpool.client.cached = true (default)
2023-01-10 01:11:54,612 [pool-140-thread-1] INFO  server.RaftServerConfigKeys (ConfUtils.java:logGet(46)) - raft.server.threadpool.client.size = 0 (default)
2023-01-10 01:11:54,613 [pool-140-thread-1] INFO  storage.RaftStorageDirectory (RaftStorageDirectoryImpl.java:analyzeStorage(137)) - The storage directory /home/runner/work/ozone/ozone/hadoop-ozone/integration-test/target/test-dir/MiniOzoneClusterImpl-11329d86-319f-4265-8dbd-04dd0b699e79/datanode-3/data/ratis/65ebfa6e-2e0c-4813-87b0-6f7cad6e2125 does not exist. Creating ...
2023-01-10 01:11:54,612 [pool-94-thread-1] INFO  server.RaftServerConfigKeys (ConfUtils.java:logGet(46)) - raft.server.log.async-flush.enabled = false (default)
2023-01-10 01:11:54,613 [pool-94-thread-1] INFO  server.RaftServerConfigKeys (ConfUtils.java:logGet(46)) - raft.server.log.statemachine.data.caching.enabled = true (custom)
2023-01-10 01:11:54,607 [pool-117-thread-1] INFO  util.JmxRegister (JmxRegister.java:tryRegister(44)) - Successfully registered JMX Bean with object name Ratis:service=RaftServer,group=group-F727BACB3F90,id=cf55343f-a051-44b0-a85c-65c9cdfe5b3e
2023-01-10 01:11:54,613 [pool-117-thread-1] INFO  server.RaftServerConfigKeys (ConfUtils.java:logGet(46)) - raft.server.snapshot.auto.trigger.enabled = true (custom)
2023-01-10 01:11:54,614 [pool-117-thread-1] INFO  server.RaftServerConfigKeys (ConfUtils.java:logGet(46)) - raft.server.snapshot.auto.trigger.threshold = 10000 (custom)
2023-01-10 01:11:54,614 [pool-117-thread-1] INFO  server.RaftServerConfigKeys (ConfUtils.java:logGet(46)) - raft.server.snapshot.retention.file.num = 5 (custom)
2023-01-10 01:11:54,614 [pool-117-thread-1] INFO  server.RaftServerConfigKeys (ConfUtils.java:logGet(46)) - raft.server.log.purge.upto.snapshot.index = false (default)
2023-01-10 01:11:54,614 [pool-140-thread-1] INFO  storage.RaftStorageDirectory (RaftStorageDirectoryImpl.java:tryLock(231)) - Lock on /home/runner/work/ozone/ozone/hadoop-ozone/integration-test/target/test-dir/MiniOzoneClusterImpl-11329d86-319f-4265-8dbd-04dd0b699e79/datanode-3/data/ratis/65ebfa6e-2e0c-4813-87b0-6f7cad6e2125/in_use.lock acquired by nodename 10631@fv-az353-623
2023-01-10 01:11:54,613 [pool-94-thread-1] INFO  segmented.SegmentedRaftLogWorker (SegmentedRaftLogWorker.java:lambda$new$0(135)) - 482fd31e-156c-418e-9aed-e6d52525a62a@group-F727BACB3F90-SegmentedRaftLogWorker: flushIndex: setUnconditionally 0 -> -1
2023-01-10 01:11:54,615 [pool-94-thread-1] INFO  segmented.SegmentedRaftLogWorker (SegmentedRaftLogWorker.java:lambda$new$0(135)) - 482fd31e-156c-418e-9aed-e6d52525a62a@group-F727BACB3F90-SegmentedRaftLogWorker: safeCacheEvictIndex: setUnconditionally 0 -> -1
2023-01-10 01:11:54,615 [pool-94-thread-1] INFO  server.RaftServer$Division (RaftServerImpl.java:start(334)) - 482fd31e-156c-418e-9aed-e6d52525a62a@group-F727BACB3F90: start as a follower, conf=-1: peers:[cf55343f-a051-44b0-a85c-65c9cdfe5b3e|rpc:10.1.0.24:44193|dataStream:10.1.0.24:34389|priority:0|startupRole:FOLLOWER, 9684d5c9-574d-4083-afb3-2b5a0b78eb45|rpc:10.1.0.24:45207|dataStream:10.1.0.24:35443|priority:1|startupRole:FOLLOWER, 482fd31e-156c-418e-9aed-e6d52525a62a|rpc:10.1.0.24:38229|dataStream:10.1.0.24:43885|priority:0|startupRole:FOLLOWER]|listeners:[], old=null
2023-01-10 01:11:54,615 [pool-94-thread-1] INFO  server.RaftServer$Division (RaftServerImpl.java:setRole(321)) - 482fd31e-156c-418e-9aed-e6d52525a62a@group-F727BACB3F90: changes role from      null to FOLLOWER at term 0 for startAsFollower
2023-01-10 01:11:54,615 [pool-94-thread-1] INFO  impl.RoleInfo (RoleInfo.java:updateAndGet(139)) - 482fd31e-156c-418e-9aed-e6d52525a62a: start 482fd31e-156c-418e-9aed-e6d52525a62a@group-F727BACB3F90-FollowerState
2023-01-10 01:11:54,615 [pool-94-thread-1] INFO  util.JmxRegister (JmxRegister.java:tryRegister(44)) - Successfully registered JMX Bean with object name Ratis:service=RaftServer,group=group-F727BACB3F90,id=482fd31e-156c-418e-9aed-e6d52525a62a
2023-01-10 01:11:54,615 [pool-94-thread-1] INFO  server.RaftServerConfigKeys (ConfUtils.java:logGet(46)) - raft.server.snapshot.auto.trigger.enabled = true (custom)
2023-01-10 01:11:54,616 [pool-94-thread-1] INFO  server.RaftServerConfigKeys (ConfUtils.java:logGet(46)) - raft.server.snapshot.auto.trigger.threshold = 10000 (custom)
2023-01-10 01:11:54,616 [pool-94-thread-1] INFO  server.RaftServerConfigKeys (ConfUtils.java:logGet(46)) - raft.server.snapshot.retention.file.num = 5 (custom)
2023-01-10 01:11:54,616 [pool-94-thread-1] INFO  server.RaftServerConfigKeys (ConfUtils.java:logGet(46)) - raft.server.log.purge.upto.snapshot.index = false (default)
2023-01-10 01:11:54,616 [482fd31e-156c-418e-9aed-e6d52525a62a@group-F727BACB3F90-FollowerState] INFO  server.RaftServerConfigKeys (ConfUtils.java:logFallback(53)) - raft.server.rpc.first-election.timeout.min = 5s (fallback to raft.server.rpc.timeout.min)
2023-01-10 01:11:54,613 [cf55343f-a051-44b0-a85c-65c9cdfe5b3e@group-F727BACB3F90-FollowerState] INFO  server.RaftServerConfigKeys (ConfUtils.java:logFallback(53)) - raft.server.rpc.first-election.timeout.min = 5s (fallback to raft.server.rpc.timeout.min)
2023-01-10 01:11:54,622 [cf55343f-a051-44b0-a85c-65c9cdfe5b3e@group-F727BACB3F90-FollowerState] INFO  server.RaftServerConfigKeys (ConfUtils.java:logFallback(53)) - raft.server.rpc.first-election.timeout.max = 5200ms (fallback to raft.server.rpc.timeout.max)
2023-01-10 01:11:54,617 [Command processor thread] INFO  ratis.XceiverServerRatis (XceiverServerRatis.java:addGroup(806)) - Created group PipelineID=1b100930-f077-4dd6-92e7-f727bacb3f90
2023-01-10 01:11:54,617 [482fd31e-156c-418e-9aed-e6d52525a62a@group-F727BACB3F90-FollowerState] INFO  server.RaftServerConfigKeys (ConfUtils.java:logFallback(53)) - raft.server.rpc.first-election.timeout.max = 5200ms (fallback to raft.server.rpc.timeout.max)
2023-01-10 01:11:54,615 [pool-140-thread-1] INFO  storage.RaftStorage (RaftStorageImpl.java:format(96)) - Storage directory /home/runner/work/ozone/ozone/hadoop-ozone/integration-test/target/test-dir/MiniOzoneClusterImpl-11329d86-319f-4265-8dbd-04dd0b699e79/datanode-3/data/ratis/65ebfa6e-2e0c-4813-87b0-6f7cad6e2125 has been successfully formatted.
2023-01-10 01:11:54,630 [pool-140-thread-1] INFO  ratis.ContainerStateMachine (ContainerStateMachine.java:loadSnapshot(240)) - group-6F7CAD6E2125: The snapshot info is null. Setting the last applied indexto:(t:0, i:~)
2023-01-10 01:11:54,630 [pool-140-thread-1] INFO  server.RaftServerConfigKeys (ConfUtils.java:logGet(46)) - raft.server.log.use.memory = false (default)
2023-01-10 01:11:54,630 [pool-140-thread-1] INFO  server.RaftServerConfigKeys (ConfUtils.java:logGet(46)) - raft.server.log.purge.gap = 1000000 (custom)
2023-01-10 01:11:54,631 [pool-140-thread-1] INFO  server.RaftServerConfigKeys (ConfUtils.java:logGet(46)) - raft.server.log.appender.buffer.byte-limit = 33554432 (custom)
2023-01-10 01:11:54,631 [pool-140-thread-1] INFO  server.RaftServerConfigKeys (ConfUtils.java:logGet(46)) - raft.server.log.statemachine.data.read.timeout = 1000ms (default)
2023-01-10 01:11:54,631 [pool-140-thread-1] INFO  server.RaftServerConfigKeys (ConfUtils.java:logGet(46)) - raft.server.log.purge.preservation.log.num = 0 (default)
2023-01-10 01:11:54,631 [pool-140-thread-1] INFO  server.RaftServerConfigKeys (ConfUtils.java:logGet(46)) - raft.server.log.segment.size.max = 1048576 (custom)
2023-01-10 01:11:54,631 [pool-140-thread-1] INFO  server.RaftServerConfigKeys (ConfUtils.java:logGet(46)) - raft.server.log.segment.cache.num.max = 2 (custom)
2023-01-10 01:11:54,631 [pool-140-thread-1] INFO  server.RaftServerConfigKeys (ConfUtils.java:logGet(46)) - raft.server.log.segment.cache.size.max = 200MB (=209715200) (default)
2023-01-10 01:11:54,631 [pool-140-thread-1] INFO  segmented.SegmentedRaftLogWorker (SegmentedRaftLogWorker.java:<init>(189)) - new de1dc05a-b420-436e-92e0-be95de2f8d14@group-6F7CAD6E2125-SegmentedRaftLogWorker for RaftStorageImpl:Storage Directory /home/runner/work/ozone/ozone/hadoop-ozone/integration-test/target/test-dir/MiniOzoneClusterImpl-11329d86-319f-4265-8dbd-04dd0b699e79/datanode-3/data/ratis/65ebfa6e-2e0c-4813-87b0-6f7cad6e2125
2023-01-10 01:11:54,631 [pool-140-thread-1] INFO  server.RaftServerConfigKeys (ConfUtils.java:logGet(46)) - raft.server.log.queue.byte-limit = 4294967296 (custom)
2023-01-10 01:11:54,631 [pool-140-thread-1] INFO  server.RaftServerConfigKeys (ConfUtils.java:logGet(46)) - raft.server.log.queue.element-limit = 1024 (custom)
2023-01-10 01:11:54,631 [pool-140-thread-1] INFO  server.RaftServerConfigKeys (ConfUtils.java:logGet(46)) - raft.server.log.segment.size.max = 1048576 (custom)
2023-01-10 01:11:54,631 [pool-140-thread-1] INFO  server.RaftServerConfigKeys (ConfUtils.java:logGet(46)) - raft.server.log.preallocated.size = 16384 (custom)
2023-01-10 01:11:54,631 [pool-140-thread-1] INFO  server.RaftServerConfigKeys (ConfUtils.java:logGet(46)) - raft.server.log.force.sync.num = 128 (default)
2023-01-10 01:11:54,632 [pool-140-thread-1] INFO  server.RaftServerConfigKeys (ConfUtils.java:logGet(46)) - raft.server.log.statemachine.data.sync = true (default)
2023-01-10 01:11:54,632 [pool-140-thread-1] INFO  server.RaftServerConfigKeys (ConfUtils.java:logGet(46)) - raft.server.log.statemachine.data.sync.timeout = 10s (default)
2023-01-10 01:11:54,632 [pool-140-thread-1] INFO  server.RaftServerConfigKeys (ConfUtils.java:logGet(46)) - raft.server.log.statemachine.data.sync.timeout.retry = -1 (default)
2023-01-10 01:11:54,632 [pool-140-thread-1] INFO  server.RaftServerConfigKeys (ConfUtils.java:logGet(46)) - raft.server.log.write.buffer.size = 1048576 (custom)
2023-01-10 01:11:54,633 [pool-140-thread-1] INFO  server.RaftServerConfigKeys (ConfUtils.java:logGet(46)) - raft.server.log.appender.buffer.byte-limit = 33554432 (custom)
2023-01-10 01:11:54,639 [EventQueue-PipelineReportForPipelineReportHandler] INFO  pipeline.PipelineManagerImpl (PipelineManagerImpl.java:openPipeline(367)) - Pipeline Pipeline[ Id: 65ebfa6e-2e0c-4813-87b0-6f7cad6e2125, Nodes: de1dc05a-b420-436e-92e0-be95de2f8d14{ip: 10.1.0.24, host: fv-az353-623.tkyx2seitsuu3nmpmouz2httfb.bx.internal.cloudapp.net, ports: [REPLICATION=40077, RATIS=34547, RATIS_ADMIN=34547, RATIS_SERVER=34547, RATIS_DATASTREAM=39059, STANDALONE=40421], networkLocation: /default-rack, certSerialId: null, persistedOpState: IN_SERVICE, persistedOpStateExpiryEpochSec: 0}, ReplicationConfig: RATIS/ONE, State:ALLOCATED, leaderId:de1dc05a-b420-436e-92e0-be95de2f8d14, CreationTimestamp2023-01-10T01:11:51.569Z[Etc/UTC]] moved to OPEN state
2023-01-10 01:11:54,647 [pool-140-thread-1] INFO  server.RaftServerConfigKeys (ConfUtils.java:logGet(46)) - raft.server.log.unsafe-flush.enabled = false (default)
2023-01-10 01:11:54,647 [pool-140-thread-1] INFO  server.RaftServerConfigKeys (ConfUtils.java:logGet(46)) - raft.server.log.async-flush.enabled = false (default)
2023-01-10 01:11:54,649 [pool-140-thread-1] INFO  server.RaftServerConfigKeys (ConfUtils.java:logGet(46)) - raft.server.log.statemachine.data.caching.enabled = true (custom)
2023-01-10 01:11:54,650 [pool-140-thread-1] INFO  segmented.SegmentedRaftLogWorker (SegmentedRaftLogWorker.java:lambda$new$0(135)) - de1dc05a-b420-436e-92e0-be95de2f8d14@group-6F7CAD6E2125-SegmentedRaftLogWorker: flushIndex: setUnconditionally 0 -> -1
2023-01-10 01:11:54,650 [pool-140-thread-1] INFO  segmented.SegmentedRaftLogWorker (SegmentedRaftLogWorker.java:lambda$new$0(135)) - de1dc05a-b420-436e-92e0-be95de2f8d14@group-6F7CAD6E2125-SegmentedRaftLogWorker: safeCacheEvictIndex: setUnconditionally 0 -> -1
2023-01-10 01:11:54,650 [pool-140-thread-1] INFO  server.RaftServer$Division (RaftServerImpl.java:start(334)) - de1dc05a-b420-436e-92e0-be95de2f8d14@group-6F7CAD6E2125: start as a follower, conf=-1: peers:[de1dc05a-b420-436e-92e0-be95de2f8d14|rpc:10.1.0.24:34547|dataStream:10.1.0.24:39059|priority:1|startupRole:FOLLOWER]|listeners:[], old=null
2023-01-10 01:11:54,650 [pool-140-thread-1] INFO  server.RaftServer$Division (RaftServerImpl.java:setRole(321)) - de1dc05a-b420-436e-92e0-be95de2f8d14@group-6F7CAD6E2125: changes role from      null to FOLLOWER at term 0 for startAsFollower
2023-01-10 01:11:54,650 [pool-140-thread-1] INFO  impl.RoleInfo (RoleInfo.java:updateAndGet(139)) - de1dc05a-b420-436e-92e0-be95de2f8d14: start de1dc05a-b420-436e-92e0-be95de2f8d14@group-6F7CAD6E2125-FollowerState
2023-01-10 01:11:54,650 [pool-140-thread-1] INFO  util.JmxRegister (JmxRegister.java:tryRegister(44)) - Successfully registered JMX Bean with object name Ratis:service=RaftServer,group=group-6F7CAD6E2125,id=de1dc05a-b420-436e-92e0-be95de2f8d14
2023-01-10 01:11:54,650 [pool-140-thread-1] INFO  server.RaftServerConfigKeys (ConfUtils.java:logGet(46)) - raft.server.snapshot.auto.trigger.enabled = true (custom)
2023-01-10 01:11:54,650 [pool-140-thread-1] INFO  server.RaftServerConfigKeys (ConfUtils.java:logGet(46)) - raft.server.snapshot.auto.trigger.threshold = 10000 (custom)
2023-01-10 01:11:54,650 [pool-140-thread-1] INFO  server.RaftServerConfigKeys (ConfUtils.java:logGet(46)) - raft.server.snapshot.retention.file.num = 5 (custom)
2023-01-10 01:11:54,650 [pool-140-thread-1] INFO  server.RaftServerConfigKeys (ConfUtils.java:logGet(46)) - raft.server.log.purge.upto.snapshot.index = false (default)
2023-01-10 01:11:54,651 [de1dc05a-b420-436e-92e0-be95de2f8d14@group-6F7CAD6E2125-FollowerState] INFO  server.RaftServerConfigKeys (ConfUtils.java:logFallback(53)) - raft.server.rpc.first-election.timeout.min = 5s (fallback to raft.server.rpc.timeout.min)
2023-01-10 01:11:54,649 [EventQueue-OpenPipelineForHealthyPipelineSafeModeRule] INFO  safemode.SCMSafeModeManager (HealthyPipelineSafeModeRule.java:process(137)) - SCM in safe mode. Healthy pipelines reported count is 0, required healthy pipeline reported count is 1
2023-01-10 01:11:54,666 [de1dc05a-b420-436e-92e0-be95de2f8d14@group-6F7CAD6E2125-FollowerState] INFO  server.RaftServerConfigKeys (ConfUtils.java:logFallback(53)) - raft.server.rpc.first-election.timeout.max = 5200ms (fallback to raft.server.rpc.timeout.max)
2023-01-10 01:11:54,665 [Command processor thread] INFO  ratis.XceiverServerRatis (XceiverServerRatis.java:addGroup(806)) - Created group PipelineID=65ebfa6e-2e0c-4813-87b0-6f7cad6e2125
2023-01-10 01:11:54,674 [Command processor thread] INFO  commandhandler.CreatePipelineCommandHandler (CreatePipelineCommandHandler.java:handle(113)) - Created Pipeline RATIS ONE PipelineID=65ebfa6e-2e0c-4813-87b0-6f7cad6e2125.
2023-01-10 01:11:54,674 [Command processor thread] INFO  server.RaftServer (RaftServerProxy.java:addNew(96)) - de1dc05a-b420-436e-92e0-be95de2f8d14: addNew group-9F1D5650E6E9:[de1dc05a-b420-436e-92e0-be95de2f8d14|rpc:10.1.0.24:34547|dataStream:10.1.0.24:39059|priority:0|startupRole:FOLLOWER, 819a9d5b-d004-47f6-9883-bc546cfa0094|rpc:10.1.0.24:40265|dataStream:10.1.0.24:43921|priority:0|startupRole:FOLLOWER, 43274a1e-e531-4976-aba4-4015449e37b0|rpc:10.1.0.24:46313|dataStream:10.1.0.24:36845|priority:1|startupRole:FOLLOWER] returns group-9F1D5650E6E9:java.util.concurrent.CompletableFuture@3b6ed45d[Not completed]
2023-01-10 01:11:54,675 [pool-140-thread-1] INFO  server.RaftServer$Division (RaftServerImpl.java:<init>(195)) - de1dc05a-b420-436e-92e0-be95de2f8d14: new RaftServerImpl for group-9F1D5650E6E9:[de1dc05a-b420-436e-92e0-be95de2f8d14|rpc:10.1.0.24:34547|dataStream:10.1.0.24:39059|priority:0|startupRole:FOLLOWER, 819a9d5b-d004-47f6-9883-bc546cfa0094|rpc:10.1.0.24:40265|dataStream:10.1.0.24:43921|priority:0|startupRole:FOLLOWER, 43274a1e-e531-4976-aba4-4015449e37b0|rpc:10.1.0.24:46313|dataStream:10.1.0.24:36845|priority:1|startupRole:FOLLOWER] with ContainerStateMachine:uninitialized
2023-01-10 01:11:54,675 [pool-140-thread-1] INFO  server.RaftServerConfigKeys (ConfUtils.java:logGet(46)) - raft.server.rpc.timeout.min = 5s (custom)
2023-01-10 01:11:54,675 [pool-140-thread-1] INFO  server.RaftServerConfigKeys (ConfUtils.java:logGet(46)) - raft.server.rpc.timeout.max = 5200ms (custom)
2023-01-10 01:11:54,675 [pool-140-thread-1] INFO  server.RaftServerConfigKeys (ConfUtils.java:logGet(46)) - raft.server.rpc.sleep.time = 25ms (default)
2023-01-10 01:11:54,675 [pool-140-thread-1] INFO  server.RaftServerConfigKeys (ConfUtils.java:logGet(46)) - raft.server.rpc.slowness.timeout = 300s (custom)
2023-01-10 01:11:54,675 [pool-140-thread-1] INFO  server.RaftServerConfigKeys (ConfUtils.java:logGet(46)) - raft.server.leaderelection.leader.step-down.wait-time = 10s (default)
2023-01-10 01:11:54,675 [pool-140-thread-1] INFO  server.RaftServerConfigKeys (ConfUtils.java:logGet(46)) - raft.server.sleep.deviation.threshold = 300ms (default)
2023-01-10 01:11:54,676 [pool-140-thread-1] INFO  server.RaftServer$Division (ServerState.java:<init>(118)) - de1dc05a-b420-436e-92e0-be95de2f8d14@group-9F1D5650E6E9: ConfigurationManager, init=-1: peers:[de1dc05a-b420-436e-92e0-be95de2f8d14|rpc:10.1.0.24:34547|dataStream:10.1.0.24:39059|priority:0|startupRole:FOLLOWER, 819a9d5b-d004-47f6-9883-bc546cfa0094|rpc:10.1.0.24:40265|dataStream:10.1.0.24:43921|priority:0|startupRole:FOLLOWER, 43274a1e-e531-4976-aba4-4015449e37b0|rpc:10.1.0.24:46313|dataStream:10.1.0.24:36845|priority:1|startupRole:FOLLOWER]|listeners:[], old=null, confs=<EMPTY_MAP>
2023-01-10 01:11:54,676 [pool-140-thread-1] INFO  server.RaftServerConfigKeys (ConfUtils.java:logGet(46)) - raft.server.storage.dir = [/home/runner/work/ozone/ozone/hadoop-ozone/integration-test/target/test-dir/MiniOzoneClusterImpl-11329d86-319f-4265-8dbd-04dd0b699e79/datanode-3/data/ratis] (custom)
2023-01-10 01:11:54,676 [pool-140-thread-1] INFO  server.RaftServerConfigKeys (ConfUtils.java:logGet(46)) - raft.server.log.corruption.policy = EXCEPTION (default)
2023-01-10 01:11:54,676 [pool-140-thread-1] INFO  server.RaftServerConfigKeys (ConfUtils.java:logGet(46)) - raft.server.storage.free-space.min = 0MB (=0) (default)
2023-01-10 01:11:54,676 [pool-140-thread-1] INFO  server.RaftServerConfigKeys (ConfUtils.java:logGet(46)) - raft.server.notification.no-leader.timeout = 300s (custom)
2023-01-10 01:11:54,676 [pool-140-thread-1] INFO  server.RaftServerConfigKeys (ConfUtils.java:logGet(46)) - raft.server.retrycache.expirytime = 600000ms (custom)
2023-01-10 01:11:54,676 [pool-140-thread-1] INFO  server.RaftServerConfigKeys (ConfUtils.java:logGet(46)) - raft.server.retrycache.statistics.expirytime = 100μs (default)
2023-01-10 01:11:54,677 [pool-140-thread-1] INFO  server.RaftServerConfigKeys (ConfUtils.java:logGet(46)) - raft.server.log.appender.install.snapshot.enabled = false (custom)
2023-01-10 01:11:54,677 [pool-140-thread-1] INFO  server.RaftServerConfigKeys (ConfUtils.java:logGet(46)) - raft.server.threadpool.server.cached = true (default)
2023-01-10 01:11:54,677 [pool-140-thread-1] INFO  server.RaftServerConfigKeys (ConfUtils.java:logGet(46)) - raft.server.threadpool.server.size = 0 (default)
2023-01-10 01:11:54,677 [pool-140-thread-1] INFO  server.RaftServerConfigKeys (ConfUtils.java:logGet(46)) - raft.server.threadpool.client.cached = true (default)
2023-01-10 01:11:54,677 [pool-140-thread-1] INFO  server.RaftServerConfigKeys (ConfUtils.java:logGet(46)) - raft.server.threadpool.client.size = 0 (default)
2023-01-10 01:11:54,677 [pool-140-thread-1] INFO  storage.RaftStorageDirectory (RaftStorageDirectoryImpl.java:analyzeStorage(137)) - The storage directory /home/runner/work/ozone/ozone/hadoop-ozone/integration-test/target/test-dir/MiniOzoneClusterImpl-11329d86-319f-4265-8dbd-04dd0b699e79/datanode-3/data/ratis/3fc97201-0cda-4a57-9ef4-9f1d5650e6e9 does not exist. Creating ...
2023-01-10 01:11:54,684 [pool-140-thread-1] INFO  storage.RaftStorageDirectory (RaftStorageDirectoryImpl.java:tryLock(231)) - Lock on /home/runner/work/ozone/ozone/hadoop-ozone/integration-test/target/test-dir/MiniOzoneClusterImpl-11329d86-319f-4265-8dbd-04dd0b699e79/datanode-3/data/ratis/3fc97201-0cda-4a57-9ef4-9f1d5650e6e9/in_use.lock acquired by nodename 10631@fv-az353-623
2023-01-10 01:11:54,687 [pool-140-thread-1] INFO  storage.RaftStorage (RaftStorageImpl.java:format(96)) - Storage directory /home/runner/work/ozone/ozone/hadoop-ozone/integration-test/target/test-dir/MiniOzoneClusterImpl-11329d86-319f-4265-8dbd-04dd0b699e79/datanode-3/data/ratis/3fc97201-0cda-4a57-9ef4-9f1d5650e6e9 has been successfully formatted.
2023-01-10 01:11:54,688 [pool-140-thread-1] INFO  ratis.ContainerStateMachine (ContainerStateMachine.java:loadSnapshot(240)) - group-9F1D5650E6E9: The snapshot info is null. Setting the last applied indexto:(t:0, i:~)
2023-01-10 01:11:54,688 [pool-140-thread-1] INFO  server.RaftServerConfigKeys (ConfUtils.java:logGet(46)) - raft.server.log.use.memory = false (default)
2023-01-10 01:11:54,688 [pool-140-thread-1] INFO  server.RaftServerConfigKeys (ConfUtils.java:logGet(46)) - raft.server.log.purge.gap = 1000000 (custom)
2023-01-10 01:11:54,688 [pool-140-thread-1] INFO  server.RaftServerConfigKeys (ConfUtils.java:logGet(46)) - raft.server.log.appender.buffer.byte-limit = 33554432 (custom)
2023-01-10 01:11:54,688 [pool-140-thread-1] INFO  server.RaftServerConfigKeys (ConfUtils.java:logGet(46)) - raft.server.log.statemachine.data.read.timeout = 1000ms (default)
2023-01-10 01:11:54,688 [pool-140-thread-1] INFO  server.RaftServerConfigKeys (ConfUtils.java:logGet(46)) - raft.server.log.purge.preservation.log.num = 0 (default)
2023-01-10 01:11:54,688 [pool-140-thread-1] INFO  server.RaftServerConfigKeys (ConfUtils.java:logGet(46)) - raft.server.log.segment.size.max = 1048576 (custom)
2023-01-10 01:11:54,688 [pool-140-thread-1] INFO  server.RaftServerConfigKeys (ConfUtils.java:logGet(46)) - raft.server.log.segment.cache.num.max = 2 (custom)
2023-01-10 01:11:54,688 [pool-140-thread-1] INFO  server.RaftServerConfigKeys (ConfUtils.java:logGet(46)) - raft.server.log.segment.cache.size.max = 200MB (=209715200) (default)
2023-01-10 01:11:54,688 [pool-140-thread-1] INFO  segmented.SegmentedRaftLogWorker (SegmentedRaftLogWorker.java:<init>(189)) - new de1dc05a-b420-436e-92e0-be95de2f8d14@group-9F1D5650E6E9-SegmentedRaftLogWorker for RaftStorageImpl:Storage Directory /home/runner/work/ozone/ozone/hadoop-ozone/integration-test/target/test-dir/MiniOzoneClusterImpl-11329d86-319f-4265-8dbd-04dd0b699e79/datanode-3/data/ratis/3fc97201-0cda-4a57-9ef4-9f1d5650e6e9
2023-01-10 01:11:54,689 [pool-140-thread-1] INFO  server.RaftServerConfigKeys (ConfUtils.java:logGet(46)) - raft.server.log.queue.byte-limit = 4294967296 (custom)
2023-01-10 01:11:54,689 [pool-140-thread-1] INFO  server.RaftServerConfigKeys (ConfUtils.java:logGet(46)) - raft.server.log.queue.element-limit = 1024 (custom)
2023-01-10 01:11:54,689 [pool-140-thread-1] INFO  server.RaftServerConfigKeys (ConfUtils.java:logGet(46)) - raft.server.log.segment.size.max = 1048576 (custom)
2023-01-10 01:11:54,689 [pool-140-thread-1] INFO  server.RaftServerConfigKeys (ConfUtils.java:logGet(46)) - raft.server.log.preallocated.size = 16384 (custom)
2023-01-10 01:11:54,689 [pool-140-thread-1] INFO  server.RaftServerConfigKeys (ConfUtils.java:logGet(46)) - raft.server.log.force.sync.num = 128 (default)
2023-01-10 01:11:54,689 [pool-140-thread-1] INFO  server.RaftServerConfigKeys (ConfUtils.java:logGet(46)) - raft.server.log.statemachine.data.sync = true (default)
2023-01-10 01:11:54,689 [pool-140-thread-1] INFO  server.RaftServerConfigKeys (ConfUtils.java:logGet(46)) - raft.server.log.statemachine.data.sync.timeout = 10s (default)
2023-01-10 01:11:54,689 [pool-140-thread-1] INFO  server.RaftServerConfigKeys (ConfUtils.java:logGet(46)) - raft.server.log.statemachine.data.sync.timeout.retry = -1 (default)
2023-01-10 01:11:54,689 [pool-140-thread-1] INFO  server.RaftServerConfigKeys (ConfUtils.java:logGet(46)) - raft.server.log.write.buffer.size = 1048576 (custom)
2023-01-10 01:11:54,690 [pool-140-thread-1] INFO  server.RaftServerConfigKeys (ConfUtils.java:logGet(46)) - raft.server.log.appender.buffer.byte-limit = 33554432 (custom)
2023-01-10 01:11:54,701 [pool-140-thread-1] INFO  server.RaftServerConfigKeys (ConfUtils.java:logGet(46)) - raft.server.log.unsafe-flush.enabled = false (default)
2023-01-10 01:11:54,701 [pool-140-thread-1] INFO  server.RaftServerConfigKeys (ConfUtils.java:logGet(46)) - raft.server.log.async-flush.enabled = false (default)
2023-01-10 01:11:54,702 [pool-140-thread-1] INFO  server.RaftServerConfigKeys (ConfUtils.java:logGet(46)) - raft.server.log.statemachine.data.caching.enabled = true (custom)
2023-01-10 01:11:54,702 [pool-140-thread-1] INFO  segmented.SegmentedRaftLogWorker (SegmentedRaftLogWorker.java:lambda$new$0(135)) - de1dc05a-b420-436e-92e0-be95de2f8d14@group-9F1D5650E6E9-SegmentedRaftLogWorker: flushIndex: setUnconditionally 0 -> -1
2023-01-10 01:11:54,702 [pool-140-thread-1] INFO  segmented.SegmentedRaftLogWorker (SegmentedRaftLogWorker.java:lambda$new$0(135)) - de1dc05a-b420-436e-92e0-be95de2f8d14@group-9F1D5650E6E9-SegmentedRaftLogWorker: safeCacheEvictIndex: setUnconditionally 0 -> -1
2023-01-10 01:11:54,702 [pool-140-thread-1] INFO  server.RaftServer$Division (RaftServerImpl.java:start(334)) - de1dc05a-b420-436e-92e0-be95de2f8d14@group-9F1D5650E6E9: start as a follower, conf=-1: peers:[de1dc05a-b420-436e-92e0-be95de2f8d14|rpc:10.1.0.24:34547|dataStream:10.1.0.24:39059|priority:0|startupRole:FOLLOWER, 819a9d5b-d004-47f6-9883-bc546cfa0094|rpc:10.1.0.24:40265|dataStream:10.1.0.24:43921|priority:0|startupRole:FOLLOWER, 43274a1e-e531-4976-aba4-4015449e37b0|rpc:10.1.0.24:46313|dataStream:10.1.0.24:36845|priority:1|startupRole:FOLLOWER]|listeners:[], old=null
2023-01-10 01:11:54,703 [pool-140-thread-1] INFO  server.RaftServer$Division (RaftServerImpl.java:setRole(321)) - de1dc05a-b420-436e-92e0-be95de2f8d14@group-9F1D5650E6E9: changes role from      null to FOLLOWER at term 0 for startAsFollower
2023-01-10 01:11:54,703 [pool-140-thread-1] INFO  impl.RoleInfo (RoleInfo.java:updateAndGet(139)) - de1dc05a-b420-436e-92e0-be95de2f8d14: start de1dc05a-b420-436e-92e0-be95de2f8d14@group-9F1D5650E6E9-FollowerState
2023-01-10 01:11:54,705 [EventQueue-OpenPipelineForHealthyPipelineSafeModeRule] INFO  safemode.SCMSafeModeManager (HealthyPipelineSafeModeRule.java:process(137)) - SCM in safe mode. Healthy pipelines reported count is 0, required healthy pipeline reported count is 1
2023-01-10 01:11:54,706 [de1dc05a-b420-436e-92e0-be95de2f8d14@group-9F1D5650E6E9-FollowerState] INFO  server.RaftServerConfigKeys (ConfUtils.java:logFallback(53)) - raft.server.rpc.first-election.timeout.min = 5s (fallback to raft.server.rpc.timeout.min)
2023-01-10 01:11:54,705 [pool-140-thread-1] INFO  util.JmxRegister (JmxRegister.java:tryRegister(44)) - Successfully registered JMX Bean with object name Ratis:service=RaftServer,group=group-9F1D5650E6E9,id=de1dc05a-b420-436e-92e0-be95de2f8d14
2023-01-10 01:11:54,710 [pool-140-thread-1] INFO  server.RaftServerConfigKeys (ConfUtils.java:logGet(46)) - raft.server.snapshot.auto.trigger.enabled = true (custom)
2023-01-10 01:11:54,710 [pool-140-thread-1] INFO  server.RaftServerConfigKeys (ConfUtils.java:logGet(46)) - raft.server.snapshot.auto.trigger.threshold = 10000 (custom)
2023-01-10 01:11:54,710 [pool-140-thread-1] INFO  server.RaftServerConfigKeys (ConfUtils.java:logGet(46)) - raft.server.snapshot.retention.file.num = 5 (custom)
2023-01-10 01:11:54,710 [pool-140-thread-1] INFO  server.RaftServerConfigKeys (ConfUtils.java:logGet(46)) - raft.server.log.purge.upto.snapshot.index = false (default)
2023-01-10 01:11:54,708 [de1dc05a-b420-436e-92e0-be95de2f8d14@group-9F1D5650E6E9-FollowerState] INFO  server.RaftServerConfigKeys (ConfUtils.java:logFallback(53)) - raft.server.rpc.first-election.timeout.max = 5200ms (fallback to raft.server.rpc.timeout.max)
2023-01-10 01:11:54,715 [Command processor thread] INFO  ratis.XceiverServerRatis (XceiverServerRatis.java:addGroup(806)) - Created group PipelineID=3fc97201-0cda-4a57-9ef4-9f1d5650e6e9
2023-01-10 01:11:54,736 [Command processor thread] INFO  commandhandler.CreatePipelineCommandHandler (CreatePipelineCommandHandler.java:handle(113)) - Created Pipeline RATIS THREE PipelineID=1b100930-f077-4dd6-92e7-f727bacb3f90.
2023-01-10 01:11:54,743 [grpc-default-executor-0] INFO  server.RaftServer (RaftServerProxy.java:addNew(96)) - 43274a1e-e531-4976-aba4-4015449e37b0: addNew group-9F1D5650E6E9:[de1dc05a-b420-436e-92e0-be95de2f8d14|rpc:10.1.0.24:34547|dataStream:10.1.0.24:39059|priority:0|startupRole:FOLLOWER, 819a9d5b-d004-47f6-9883-bc546cfa0094|rpc:10.1.0.24:40265|dataStream:10.1.0.24:43921|priority:0|startupRole:FOLLOWER, 43274a1e-e531-4976-aba4-4015449e37b0|rpc:10.1.0.24:46313|dataStream:10.1.0.24:36845|priority:1|startupRole:FOLLOWER] returns group-9F1D5650E6E9:java.util.concurrent.CompletableFuture@6cd140b6[Not completed]
2023-01-10 01:11:54,747 [Command processor thread] INFO  commandhandler.CreatePipelineCommandHandler (CreatePipelineCommandHandler.java:handle(113)) - Created Pipeline RATIS THREE PipelineID=1b100930-f077-4dd6-92e7-f727bacb3f90.
2023-01-10 01:11:54,753 [pool-163-thread-1] INFO  server.RaftServer$Division (RaftServerImpl.java:<init>(195)) - 43274a1e-e531-4976-aba4-4015449e37b0: new RaftServerImpl for group-9F1D5650E6E9:[de1dc05a-b420-436e-92e0-be95de2f8d14|rpc:10.1.0.24:34547|dataStream:10.1.0.24:39059|priority:0|startupRole:FOLLOWER, 819a9d5b-d004-47f6-9883-bc546cfa0094|rpc:10.1.0.24:40265|dataStream:10.1.0.24:43921|priority:0|startupRole:FOLLOWER, 43274a1e-e531-4976-aba4-4015449e37b0|rpc:10.1.0.24:46313|dataStream:10.1.0.24:36845|priority:1|startupRole:FOLLOWER] with ContainerStateMachine:uninitialized
2023-01-10 01:11:54,753 [pool-163-thread-1] INFO  server.RaftServerConfigKeys (ConfUtils.java:logGet(46)) - raft.server.rpc.timeout.min = 5s (custom)
2023-01-10 01:11:54,753 [pool-163-thread-1] INFO  server.RaftServerConfigKeys (ConfUtils.java:logGet(46)) - raft.server.rpc.timeout.max = 5200ms (custom)
2023-01-10 01:11:54,753 [pool-163-thread-1] INFO  server.RaftServerConfigKeys (ConfUtils.java:logGet(46)) - raft.server.rpc.sleep.time = 25ms (default)
2023-01-10 01:11:54,753 [pool-163-thread-1] INFO  server.RaftServerConfigKeys (ConfUtils.java:logGet(46)) - raft.server.rpc.slowness.timeout = 300s (custom)
2023-01-10 01:11:54,754 [pool-163-thread-1] INFO  server.RaftServerConfigKeys (ConfUtils.java:logGet(46)) - raft.server.leaderelection.leader.step-down.wait-time = 10s (default)
2023-01-10 01:11:54,754 [pool-163-thread-1] INFO  server.RaftServerConfigKeys (ConfUtils.java:logGet(46)) - raft.server.sleep.deviation.threshold = 300ms (default)
2023-01-10 01:11:54,754 [pool-163-thread-1] INFO  server.RaftServer$Division (ServerState.java:<init>(118)) - 43274a1e-e531-4976-aba4-4015449e37b0@group-9F1D5650E6E9: ConfigurationManager, init=-1: peers:[de1dc05a-b420-436e-92e0-be95de2f8d14|rpc:10.1.0.24:34547|dataStream:10.1.0.24:39059|priority:0|startupRole:FOLLOWER, 819a9d5b-d004-47f6-9883-bc546cfa0094|rpc:10.1.0.24:40265|dataStream:10.1.0.24:43921|priority:0|startupRole:FOLLOWER, 43274a1e-e531-4976-aba4-4015449e37b0|rpc:10.1.0.24:46313|dataStream:10.1.0.24:36845|priority:1|startupRole:FOLLOWER]|listeners:[], old=null, confs=<EMPTY_MAP>
2023-01-10 01:11:54,754 [pool-163-thread-1] INFO  server.RaftServerConfigKeys (ConfUtils.java:logGet(46)) - raft.server.storage.dir = [/home/runner/work/ozone/ozone/hadoop-ozone/integration-test/target/test-dir/MiniOzoneClusterImpl-11329d86-319f-4265-8dbd-04dd0b699e79/datanode-4/data/ratis] (custom)
2023-01-10 01:11:54,755 [pool-163-thread-1] INFO  server.RaftServerConfigKeys (ConfUtils.java:logGet(46)) - raft.server.log.corruption.policy = EXCEPTION (default)
2023-01-10 01:11:54,755 [pool-163-thread-1] INFO  server.RaftServerConfigKeys (ConfUtils.java:logGet(46)) - raft.server.storage.free-space.min = 0MB (=0) (default)
2023-01-10 01:11:54,755 [pool-163-thread-1] INFO  server.RaftServerConfigKeys (ConfUtils.java:logGet(46)) - raft.server.notification.no-leader.timeout = 300s (custom)
2023-01-10 01:11:54,755 [pool-163-thread-1] INFO  server.RaftServerConfigKeys (ConfUtils.java:logGet(46)) - raft.server.retrycache.expirytime = 600000ms (custom)
2023-01-10 01:11:54,755 [pool-163-thread-1] INFO  server.RaftServerConfigKeys (ConfUtils.java:logGet(46)) - raft.server.retrycache.statistics.expirytime = 100μs (default)
2023-01-10 01:11:54,758 [pool-163-thread-1] INFO  server.RaftServerConfigKeys (ConfUtils.java:logGet(46)) - raft.server.log.appender.install.snapshot.enabled = false (custom)
2023-01-10 01:11:54,758 [pool-163-thread-1] INFO  server.RaftServerConfigKeys (ConfUtils.java:logGet(46)) - raft.server.threadpool.server.cached = true (default)
2023-01-10 01:11:54,758 [pool-163-thread-1] INFO  server.RaftServerConfigKeys (ConfUtils.java:logGet(46)) - raft.server.threadpool.server.size = 0 (default)
2023-01-10 01:11:54,758 [pool-163-thread-1] INFO  server.RaftServerConfigKeys (ConfUtils.java:logGet(46)) - raft.server.threadpool.client.cached = true (default)
2023-01-10 01:11:54,758 [pool-163-thread-1] INFO  server.RaftServerConfigKeys (ConfUtils.java:logGet(46)) - raft.server.threadpool.client.size = 0 (default)
2023-01-10 01:11:54,758 [pool-163-thread-1] INFO  storage.RaftStorageDirectory (RaftStorageDirectoryImpl.java:analyzeStorage(137)) - The storage directory /home/runner/work/ozone/ozone/hadoop-ozone/integration-test/target/test-dir/MiniOzoneClusterImpl-11329d86-319f-4265-8dbd-04dd0b699e79/datanode-4/data/ratis/3fc97201-0cda-4a57-9ef4-9f1d5650e6e9 does not exist. Creating ...
2023-01-10 01:11:54,760 [pool-163-thread-1] INFO  storage.RaftStorageDirectory (RaftStorageDirectoryImpl.java:tryLock(231)) - Lock on /home/runner/work/ozone/ozone/hadoop-ozone/integration-test/target/test-dir/MiniOzoneClusterImpl-11329d86-319f-4265-8dbd-04dd0b699e79/datanode-4/data/ratis/3fc97201-0cda-4a57-9ef4-9f1d5650e6e9/in_use.lock acquired by nodename 10631@fv-az353-623
2023-01-10 01:11:54,762 [pool-163-thread-1] INFO  storage.RaftStorage (RaftStorageImpl.java:format(96)) - Storage directory /home/runner/work/ozone/ozone/hadoop-ozone/integration-test/target/test-dir/MiniOzoneClusterImpl-11329d86-319f-4265-8dbd-04dd0b699e79/datanode-4/data/ratis/3fc97201-0cda-4a57-9ef4-9f1d5650e6e9 has been successfully formatted.
2023-01-10 01:11:54,763 [pool-163-thread-1] INFO  ratis.ContainerStateMachine (ContainerStateMachine.java:loadSnapshot(240)) - group-9F1D5650E6E9: The snapshot info is null. Setting the last applied indexto:(t:0, i:~)
2023-01-10 01:11:54,763 [pool-163-thread-1] INFO  server.RaftServerConfigKeys (ConfUtils.java:logGet(46)) - raft.server.log.use.memory = false (default)
2023-01-10 01:11:54,763 [pool-163-thread-1] INFO  server.RaftServerConfigKeys (ConfUtils.java:logGet(46)) - raft.server.log.purge.gap = 1000000 (custom)
2023-01-10 01:11:54,763 [pool-163-thread-1] INFO  server.RaftServerConfigKeys (ConfUtils.java:logGet(46)) - raft.server.log.appender.buffer.byte-limit = 33554432 (custom)
2023-01-10 01:11:54,763 [pool-163-thread-1] INFO  server.RaftServerConfigKeys (ConfUtils.java:logGet(46)) - raft.server.log.statemachine.data.read.timeout = 1000ms (default)
2023-01-10 01:11:54,763 [pool-163-thread-1] INFO  server.RaftServerConfigKeys (ConfUtils.java:logGet(46)) - raft.server.log.purge.preservation.log.num = 0 (default)
2023-01-10 01:11:54,765 [pool-163-thread-1] INFO  server.RaftServerConfigKeys (ConfUtils.java:logGet(46)) - raft.server.log.segment.size.max = 1048576 (custom)
2023-01-10 01:11:54,766 [pool-163-thread-1] INFO  server.RaftServerConfigKeys (ConfUtils.java:logGet(46)) - raft.server.log.segment.cache.num.max = 2 (custom)
2023-01-10 01:11:54,766 [pool-163-thread-1] INFO  server.RaftServerConfigKeys (ConfUtils.java:logGet(46)) - raft.server.log.segment.cache.size.max = 200MB (=209715200) (default)
2023-01-10 01:11:54,766 [pool-163-thread-1] INFO  segmented.SegmentedRaftLogWorker (SegmentedRaftLogWorker.java:<init>(189)) - new 43274a1e-e531-4976-aba4-4015449e37b0@group-9F1D5650E6E9-SegmentedRaftLogWorker for RaftStorageImpl:Storage Directory /home/runner/work/ozone/ozone/hadoop-ozone/integration-test/target/test-dir/MiniOzoneClusterImpl-11329d86-319f-4265-8dbd-04dd0b699e79/datanode-4/data/ratis/3fc97201-0cda-4a57-9ef4-9f1d5650e6e9
2023-01-10 01:11:54,766 [pool-163-thread-1] INFO  server.RaftServerConfigKeys (ConfUtils.java:logGet(46)) - raft.server.log.queue.byte-limit = 4294967296 (custom)
2023-01-10 01:11:54,766 [pool-163-thread-1] INFO  server.RaftServerConfigKeys (ConfUtils.java:logGet(46)) - raft.server.log.queue.element-limit = 1024 (custom)
2023-01-10 01:11:54,766 [pool-163-thread-1] INFO  server.RaftServerConfigKeys (ConfUtils.java:logGet(46)) - raft.server.log.segment.size.max = 1048576 (custom)
2023-01-10 01:11:54,766 [pool-163-thread-1] INFO  server.RaftServerConfigKeys (ConfUtils.java:logGet(46)) - raft.server.log.preallocated.size = 16384 (custom)
2023-01-10 01:11:54,766 [pool-163-thread-1] INFO  server.RaftServerConfigKeys (ConfUtils.java:logGet(46)) - raft.server.log.force.sync.num = 128 (default)
2023-01-10 01:11:54,766 [pool-163-thread-1] INFO  server.RaftServerConfigKeys (ConfUtils.java:logGet(46)) - raft.server.log.statemachine.data.sync = true (default)
2023-01-10 01:11:54,766 [pool-163-thread-1] INFO  server.RaftServerConfigKeys (ConfUtils.java:logGet(46)) - raft.server.log.statemachine.data.sync.timeout = 10s (default)
2023-01-10 01:11:54,766 [pool-163-thread-1] INFO  server.RaftServerConfigKeys (ConfUtils.java:logGet(46)) - raft.server.log.statemachine.data.sync.timeout.retry = -1 (default)
2023-01-10 01:11:54,767 [pool-163-thread-1] INFO  server.RaftServerConfigKeys (ConfUtils.java:logGet(46)) - raft.server.log.write.buffer.size = 1048576 (custom)
2023-01-10 01:11:54,769 [pool-163-thread-1] INFO  server.RaftServerConfigKeys (ConfUtils.java:logGet(46)) - raft.server.log.appender.buffer.byte-limit = 33554432 (custom)
2023-01-10 01:11:54,774 [pool-163-thread-1] INFO  server.RaftServerConfigKeys (ConfUtils.java:logGet(46)) - raft.server.log.unsafe-flush.enabled = false (default)
2023-01-10 01:11:54,774 [pool-163-thread-1] INFO  server.RaftServerConfigKeys (ConfUtils.java:logGet(46)) - raft.server.log.async-flush.enabled = false (default)
2023-01-10 01:11:54,774 [pool-163-thread-1] INFO  server.RaftServerConfigKeys (ConfUtils.java:logGet(46)) - raft.server.log.statemachine.data.caching.enabled = true (custom)
2023-01-10 01:11:54,774 [pool-163-thread-1] INFO  segmented.SegmentedRaftLogWorker (SegmentedRaftLogWorker.java:lambda$new$0(135)) - 43274a1e-e531-4976-aba4-4015449e37b0@group-9F1D5650E6E9-SegmentedRaftLogWorker: flushIndex: setUnconditionally 0 -> -1
2023-01-10 01:11:54,774 [pool-163-thread-1] INFO  segmented.SegmentedRaftLogWorker (SegmentedRaftLogWorker.java:lambda$new$0(135)) - 43274a1e-e531-4976-aba4-4015449e37b0@group-9F1D5650E6E9-SegmentedRaftLogWorker: safeCacheEvictIndex: setUnconditionally 0 -> -1
2023-01-10 01:11:54,774 [pool-163-thread-1] INFO  server.RaftServer$Division (RaftServerImpl.java:start(334)) - 43274a1e-e531-4976-aba4-4015449e37b0@group-9F1D5650E6E9: start as a follower, conf=-1: peers:[de1dc05a-b420-436e-92e0-be95de2f8d14|rpc:10.1.0.24:34547|dataStream:10.1.0.24:39059|priority:0|startupRole:FOLLOWER, 819a9d5b-d004-47f6-9883-bc546cfa0094|rpc:10.1.0.24:40265|dataStream:10.1.0.24:43921|priority:0|startupRole:FOLLOWER, 43274a1e-e531-4976-aba4-4015449e37b0|rpc:10.1.0.24:46313|dataStream:10.1.0.24:36845|priority:1|startupRole:FOLLOWER]|listeners:[], old=null
2023-01-10 01:11:54,774 [pool-163-thread-1] INFO  server.RaftServer$Division (RaftServerImpl.java:setRole(321)) - 43274a1e-e531-4976-aba4-4015449e37b0@group-9F1D5650E6E9: changes role from      null to FOLLOWER at term 0 for startAsFollower
2023-01-10 01:11:54,774 [pool-163-thread-1] INFO  impl.RoleInfo (RoleInfo.java:updateAndGet(139)) - 43274a1e-e531-4976-aba4-4015449e37b0: start 43274a1e-e531-4976-aba4-4015449e37b0@group-9F1D5650E6E9-FollowerState
2023-01-10 01:11:54,775 [43274a1e-e531-4976-aba4-4015449e37b0@group-9F1D5650E6E9-FollowerState] INFO  server.RaftServerConfigKeys (ConfUtils.java:logFallback(53)) - raft.server.rpc.first-election.timeout.min = 5s (fallback to raft.server.rpc.timeout.min)
2023-01-10 01:11:54,775 [pool-163-thread-1] INFO  util.JmxRegister (JmxRegister.java:tryRegister(44)) - Successfully registered JMX Bean with object name Ratis:service=RaftServer,group=group-9F1D5650E6E9,id=43274a1e-e531-4976-aba4-4015449e37b0
2023-01-10 01:11:54,776 [pool-163-thread-1] INFO  server.RaftServerConfigKeys (ConfUtils.java:logGet(46)) - raft.server.snapshot.auto.trigger.enabled = true (custom)
2023-01-10 01:11:54,776 [pool-163-thread-1] INFO  server.RaftServerConfigKeys (ConfUtils.java:logGet(46)) - raft.server.snapshot.auto.trigger.threshold = 10000 (custom)
2023-01-10 01:11:54,776 [pool-163-thread-1] INFO  server.RaftServerConfigKeys (ConfUtils.java:logGet(46)) - raft.server.snapshot.retention.file.num = 5 (custom)
2023-01-10 01:11:54,776 [pool-163-thread-1] INFO  server.RaftServerConfigKeys (ConfUtils.java:logGet(46)) - raft.server.log.purge.upto.snapshot.index = false (default)
2023-01-10 01:11:54,776 [43274a1e-e531-4976-aba4-4015449e37b0@group-9F1D5650E6E9-FollowerState] INFO  server.RaftServerConfigKeys (ConfUtils.java:logFallback(53)) - raft.server.rpc.first-election.timeout.max = 5200ms (fallback to raft.server.rpc.timeout.max)
2023-01-10 01:11:54,795 [grpc-default-executor-0] INFO  server.RaftServer (RaftServerProxy.java:addNew(96)) - 819a9d5b-d004-47f6-9883-bc546cfa0094: addNew group-9F1D5650E6E9:[de1dc05a-b420-436e-92e0-be95de2f8d14|rpc:10.1.0.24:34547|dataStream:10.1.0.24:39059|priority:0|startupRole:FOLLOWER, 819a9d5b-d004-47f6-9883-bc546cfa0094|rpc:10.1.0.24:40265|dataStream:10.1.0.24:43921|priority:0|startupRole:FOLLOWER, 43274a1e-e531-4976-aba4-4015449e37b0|rpc:10.1.0.24:46313|dataStream:10.1.0.24:36845|priority:1|startupRole:FOLLOWER] returns group-9F1D5650E6E9:java.util.concurrent.CompletableFuture@6a60f29f[Not completed]
2023-01-10 01:11:54,796 [pool-186-thread-1] INFO  server.RaftServer$Division (RaftServerImpl.java:<init>(195)) - 819a9d5b-d004-47f6-9883-bc546cfa0094: new RaftServerImpl for group-9F1D5650E6E9:[de1dc05a-b420-436e-92e0-be95de2f8d14|rpc:10.1.0.24:34547|dataStream:10.1.0.24:39059|priority:0|startupRole:FOLLOWER, 819a9d5b-d004-47f6-9883-bc546cfa0094|rpc:10.1.0.24:40265|dataStream:10.1.0.24:43921|priority:0|startupRole:FOLLOWER, 43274a1e-e531-4976-aba4-4015449e37b0|rpc:10.1.0.24:46313|dataStream:10.1.0.24:36845|priority:1|startupRole:FOLLOWER] with ContainerStateMachine:uninitialized
2023-01-10 01:11:54,796 [pool-186-thread-1] INFO  server.RaftServerConfigKeys (ConfUtils.java:logGet(46)) - raft.server.rpc.timeout.min = 5s (custom)
2023-01-10 01:11:54,796 [pool-186-thread-1] INFO  server.RaftServerConfigKeys (ConfUtils.java:logGet(46)) - raft.server.rpc.timeout.max = 5200ms (custom)
2023-01-10 01:11:54,796 [pool-186-thread-1] INFO  server.RaftServerConfigKeys (ConfUtils.java:logGet(46)) - raft.server.rpc.sleep.time = 25ms (default)
2023-01-10 01:11:54,796 [pool-186-thread-1] INFO  server.RaftServerConfigKeys (ConfUtils.java:logGet(46)) - raft.server.rpc.slowness.timeout = 300s (custom)
2023-01-10 01:11:54,797 [pool-186-thread-1] INFO  server.RaftServerConfigKeys (ConfUtils.java:logGet(46)) - raft.server.leaderelection.leader.step-down.wait-time = 10s (default)
2023-01-10 01:11:54,797 [pool-186-thread-1] INFO  server.RaftServerConfigKeys (ConfUtils.java:logGet(46)) - raft.server.sleep.deviation.threshold = 300ms (default)
2023-01-10 01:11:54,797 [pool-186-thread-1] INFO  server.RaftServer$Division (ServerState.java:<init>(118)) - 819a9d5b-d004-47f6-9883-bc546cfa0094@group-9F1D5650E6E9: ConfigurationManager, init=-1: peers:[de1dc05a-b420-436e-92e0-be95de2f8d14|rpc:10.1.0.24:34547|dataStream:10.1.0.24:39059|priority:0|startupRole:FOLLOWER, 819a9d5b-d004-47f6-9883-bc546cfa0094|rpc:10.1.0.24:40265|dataStream:10.1.0.24:43921|priority:0|startupRole:FOLLOWER, 43274a1e-e531-4976-aba4-4015449e37b0|rpc:10.1.0.24:46313|dataStream:10.1.0.24:36845|priority:1|startupRole:FOLLOWER]|listeners:[], old=null, confs=<EMPTY_MAP>
2023-01-10 01:11:54,797 [pool-186-thread-1] INFO  server.RaftServerConfigKeys (ConfUtils.java:logGet(46)) - raft.server.storage.dir = [/home/runner/work/ozone/ozone/hadoop-ozone/integration-test/target/test-dir/MiniOzoneClusterImpl-11329d86-319f-4265-8dbd-04dd0b699e79/datanode-5/data/ratis] (custom)
2023-01-10 01:11:54,797 [pool-186-thread-1] INFO  server.RaftServerConfigKeys (ConfUtils.java:logGet(46)) - raft.server.log.corruption.policy = EXCEPTION (default)
2023-01-10 01:11:54,797 [pool-186-thread-1] INFO  server.RaftServerConfigKeys (ConfUtils.java:logGet(46)) - raft.server.storage.free-space.min = 0MB (=0) (default)
2023-01-10 01:11:54,797 [pool-186-thread-1] INFO  server.RaftServerConfigKeys (ConfUtils.java:logGet(46)) - raft.server.notification.no-leader.timeout = 300s (custom)
2023-01-10 01:11:54,797 [pool-186-thread-1] INFO  server.RaftServerConfigKeys (ConfUtils.java:logGet(46)) - raft.server.retrycache.expirytime = 600000ms (custom)
2023-01-10 01:11:54,797 [pool-186-thread-1] INFO  server.RaftServerConfigKeys (ConfUtils.java:logGet(46)) - raft.server.retrycache.statistics.expirytime = 100μs (default)
2023-01-10 01:11:54,798 [pool-186-thread-1] INFO  server.RaftServerConfigKeys (ConfUtils.java:logGet(46)) - raft.server.log.appender.install.snapshot.enabled = false (custom)
2023-01-10 01:11:54,798 [pool-186-thread-1] INFO  server.RaftServerConfigKeys (ConfUtils.java:logGet(46)) - raft.server.threadpool.server.cached = true (default)
2023-01-10 01:11:54,799 [pool-186-thread-1] INFO  server.RaftServerConfigKeys (ConfUtils.java:logGet(46)) - raft.server.threadpool.server.size = 0 (default)
2023-01-10 01:11:54,799 [pool-186-thread-1] INFO  server.RaftServerConfigKeys (ConfUtils.java:logGet(46)) - raft.server.threadpool.client.cached = true (default)
2023-01-10 01:11:54,799 [pool-186-thread-1] INFO  server.RaftServerConfigKeys (ConfUtils.java:logGet(46)) - raft.server.threadpool.client.size = 0 (default)
2023-01-10 01:11:54,799 [pool-186-thread-1] INFO  storage.RaftStorageDirectory (RaftStorageDirectoryImpl.java:analyzeStorage(137)) - The storage directory /home/runner/work/ozone/ozone/hadoop-ozone/integration-test/target/test-dir/MiniOzoneClusterImpl-11329d86-319f-4265-8dbd-04dd0b699e79/datanode-5/data/ratis/3fc97201-0cda-4a57-9ef4-9f1d5650e6e9 does not exist. Creating ...
2023-01-10 01:11:54,801 [pool-186-thread-1] INFO  storage.RaftStorageDirectory (RaftStorageDirectoryImpl.java:tryLock(231)) - Lock on /home/runner/work/ozone/ozone/hadoop-ozone/integration-test/target/test-dir/MiniOzoneClusterImpl-11329d86-319f-4265-8dbd-04dd0b699e79/datanode-5/data/ratis/3fc97201-0cda-4a57-9ef4-9f1d5650e6e9/in_use.lock acquired by nodename 10631@fv-az353-623
2023-01-10 01:11:54,802 [pool-186-thread-1] INFO  storage.RaftStorage (RaftStorageImpl.java:format(96)) - Storage directory /home/runner/work/ozone/ozone/hadoop-ozone/integration-test/target/test-dir/MiniOzoneClusterImpl-11329d86-319f-4265-8dbd-04dd0b699e79/datanode-5/data/ratis/3fc97201-0cda-4a57-9ef4-9f1d5650e6e9 has been successfully formatted.
2023-01-10 01:11:54,803 [pool-186-thread-1] INFO  ratis.ContainerStateMachine (ContainerStateMachine.java:loadSnapshot(240)) - group-9F1D5650E6E9: The snapshot info is null. Setting the last applied indexto:(t:0, i:~)
2023-01-10 01:11:54,803 [pool-186-thread-1] INFO  server.RaftServerConfigKeys (ConfUtils.java:logGet(46)) - raft.server.log.use.memory = false (default)
2023-01-10 01:11:54,803 [pool-186-thread-1] INFO  server.RaftServerConfigKeys (ConfUtils.java:logGet(46)) - raft.server.log.purge.gap = 1000000 (custom)
2023-01-10 01:11:54,803 [pool-186-thread-1] INFO  server.RaftServerConfigKeys (ConfUtils.java:logGet(46)) - raft.server.log.appender.buffer.byte-limit = 33554432 (custom)
2023-01-10 01:11:54,803 [pool-186-thread-1] INFO  server.RaftServerConfigKeys (ConfUtils.java:logGet(46)) - raft.server.log.statemachine.data.read.timeout = 1000ms (default)
2023-01-10 01:11:54,803 [pool-186-thread-1] INFO  server.RaftServerConfigKeys (ConfUtils.java:logGet(46)) - raft.server.log.purge.preservation.log.num = 0 (default)
2023-01-10 01:11:54,810 [pool-186-thread-1] INFO  server.RaftServerConfigKeys (ConfUtils.java:logGet(46)) - raft.server.log.segment.size.max = 1048576 (custom)
2023-01-10 01:11:54,810 [pool-186-thread-1] INFO  server.RaftServerConfigKeys (ConfUtils.java:logGet(46)) - raft.server.log.segment.cache.num.max = 2 (custom)
2023-01-10 01:11:54,810 [pool-186-thread-1] INFO  server.RaftServerConfigKeys (ConfUtils.java:logGet(46)) - raft.server.log.segment.cache.size.max = 200MB (=209715200) (default)
2023-01-10 01:11:54,810 [pool-186-thread-1] INFO  segmented.SegmentedRaftLogWorker (SegmentedRaftLogWorker.java:<init>(189)) - new 819a9d5b-d004-47f6-9883-bc546cfa0094@group-9F1D5650E6E9-SegmentedRaftLogWorker for RaftStorageImpl:Storage Directory /home/runner/work/ozone/ozone/hadoop-ozone/integration-test/target/test-dir/MiniOzoneClusterImpl-11329d86-319f-4265-8dbd-04dd0b699e79/datanode-5/data/ratis/3fc97201-0cda-4a57-9ef4-9f1d5650e6e9
2023-01-10 01:11:54,810 [pool-186-thread-1] INFO  server.RaftServerConfigKeys (ConfUtils.java:logGet(46)) - raft.server.log.queue.byte-limit = 4294967296 (custom)
2023-01-10 01:11:54,810 [pool-186-thread-1] INFO  server.RaftServerConfigKeys (ConfUtils.java:logGet(46)) - raft.server.log.queue.element-limit = 1024 (custom)
2023-01-10 01:11:54,810 [pool-186-thread-1] INFO  server.RaftServerConfigKeys (ConfUtils.java:logGet(46)) - raft.server.log.segment.size.max = 1048576 (custom)
2023-01-10 01:11:54,811 [pool-186-thread-1] INFO  server.RaftServerConfigKeys (ConfUtils.java:logGet(46)) - raft.server.log.preallocated.size = 16384 (custom)
2023-01-10 01:11:54,811 [pool-186-thread-1] INFO  server.RaftServerConfigKeys (ConfUtils.java:logGet(46)) - raft.server.log.force.sync.num = 128 (default)
2023-01-10 01:11:54,811 [pool-186-thread-1] INFO  server.RaftServerConfigKeys (ConfUtils.java:logGet(46)) - raft.server.log.statemachine.data.sync = true (default)
2023-01-10 01:11:54,811 [pool-186-thread-1] INFO  server.RaftServerConfigKeys (ConfUtils.java:logGet(46)) - raft.server.log.statemachine.data.sync.timeout = 10s (default)
2023-01-10 01:11:54,811 [pool-186-thread-1] INFO  server.RaftServerConfigKeys (ConfUtils.java:logGet(46)) - raft.server.log.statemachine.data.sync.timeout.retry = -1 (default)
2023-01-10 01:11:54,811 [pool-186-thread-1] INFO  server.RaftServerConfigKeys (ConfUtils.java:logGet(46)) - raft.server.log.write.buffer.size = 1048576 (custom)
2023-01-10 01:11:54,812 [pool-186-thread-1] INFO  server.RaftServerConfigKeys (ConfUtils.java:logGet(46)) - raft.server.log.appender.buffer.byte-limit = 33554432 (custom)
2023-01-10 01:11:54,817 [pool-186-thread-1] INFO  server.RaftServerConfigKeys (ConfUtils.java:logGet(46)) - raft.server.log.unsafe-flush.enabled = false (default)
2023-01-10 01:11:54,817 [pool-186-thread-1] INFO  server.RaftServerConfigKeys (ConfUtils.java:logGet(46)) - raft.server.log.async-flush.enabled = false (default)
2023-01-10 01:11:54,817 [pool-186-thread-1] INFO  server.RaftServerConfigKeys (ConfUtils.java:logGet(46)) - raft.server.log.statemachine.data.caching.enabled = true (custom)
2023-01-10 01:11:54,817 [pool-186-thread-1] INFO  segmented.SegmentedRaftLogWorker (SegmentedRaftLogWorker.java:lambda$new$0(135)) - 819a9d5b-d004-47f6-9883-bc546cfa0094@group-9F1D5650E6E9-SegmentedRaftLogWorker: flushIndex: setUnconditionally 0 -> -1
2023-01-10 01:11:54,817 [pool-186-thread-1] INFO  segmented.SegmentedRaftLogWorker (SegmentedRaftLogWorker.java:lambda$new$0(135)) - 819a9d5b-d004-47f6-9883-bc546cfa0094@group-9F1D5650E6E9-SegmentedRaftLogWorker: safeCacheEvictIndex: setUnconditionally 0 -> -1
2023-01-10 01:11:54,817 [pool-186-thread-1] INFO  server.RaftServer$Division (RaftServerImpl.java:start(334)) - 819a9d5b-d004-47f6-9883-bc546cfa0094@group-9F1D5650E6E9: start as a follower, conf=-1: peers:[de1dc05a-b420-436e-92e0-be95de2f8d14|rpc:10.1.0.24:34547|dataStream:10.1.0.24:39059|priority:0|startupRole:FOLLOWER, 819a9d5b-d004-47f6-9883-bc546cfa0094|rpc:10.1.0.24:40265|dataStream:10.1.0.24:43921|priority:0|startupRole:FOLLOWER, 43274a1e-e531-4976-aba4-4015449e37b0|rpc:10.1.0.24:46313|dataStream:10.1.0.24:36845|priority:1|startupRole:FOLLOWER]|listeners:[], old=null
2023-01-10 01:11:54,818 [pool-186-thread-1] INFO  server.RaftServer$Division (RaftServerImpl.java:setRole(321)) - 819a9d5b-d004-47f6-9883-bc546cfa0094@group-9F1D5650E6E9: changes role from      null to FOLLOWER at term 0 for startAsFollower
2023-01-10 01:11:54,818 [pool-186-thread-1] INFO  impl.RoleInfo (RoleInfo.java:updateAndGet(139)) - 819a9d5b-d004-47f6-9883-bc546cfa0094: start 819a9d5b-d004-47f6-9883-bc546cfa0094@group-9F1D5650E6E9-FollowerState
2023-01-10 01:11:54,818 [pool-186-thread-1] INFO  util.JmxRegister (JmxRegister.java:tryRegister(44)) - Successfully registered JMX Bean with object name Ratis:service=RaftServer,group=group-9F1D5650E6E9,id=819a9d5b-d004-47f6-9883-bc546cfa0094
2023-01-10 01:11:54,818 [pool-186-thread-1] INFO  server.RaftServerConfigKeys (ConfUtils.java:logGet(46)) - raft.server.snapshot.auto.trigger.enabled = true (custom)
2023-01-10 01:11:54,818 [pool-186-thread-1] INFO  server.RaftServerConfigKeys (ConfUtils.java:logGet(46)) - raft.server.snapshot.auto.trigger.threshold = 10000 (custom)
2023-01-10 01:11:54,818 [pool-186-thread-1] INFO  server.RaftServerConfigKeys (ConfUtils.java:logGet(46)) - raft.server.snapshot.retention.file.num = 5 (custom)
2023-01-10 01:11:54,818 [pool-186-thread-1] INFO  server.RaftServerConfigKeys (ConfUtils.java:logGet(46)) - raft.server.log.purge.upto.snapshot.index = false (default)
2023-01-10 01:11:54,819 [819a9d5b-d004-47f6-9883-bc546cfa0094@group-9F1D5650E6E9-FollowerState] INFO  server.RaftServerConfigKeys (ConfUtils.java:logFallback(53)) - raft.server.rpc.first-election.timeout.min = 5s (fallback to raft.server.rpc.timeout.min)
2023-01-10 01:11:54,830 [819a9d5b-d004-47f6-9883-bc546cfa0094@group-9F1D5650E6E9-FollowerState] INFO  server.RaftServerConfigKeys (ConfUtils.java:logFallback(53)) - raft.server.rpc.first-election.timeout.max = 5200ms (fallback to raft.server.rpc.timeout.max)
2023-01-10 01:11:54,836 [Command processor thread] INFO  commandhandler.CreatePipelineCommandHandler (CreatePipelineCommandHandler.java:handle(113)) - Created Pipeline RATIS THREE PipelineID=3fc97201-0cda-4a57-9ef4-9f1d5650e6e9.
2023-01-10 01:11:54,837 [Command processor thread] INFO  server.RaftServer (RaftServerProxy.java:addNew(96)) - de1dc05a-b420-436e-92e0-be95de2f8d14: addNew group-3A6F7E119F6F:[de1dc05a-b420-436e-92e0-be95de2f8d14|rpc:10.1.0.24:34547|dataStream:10.1.0.24:39059|priority:1|startupRole:FOLLOWER, 819a9d5b-d004-47f6-9883-bc546cfa0094|rpc:10.1.0.24:40265|dataStream:10.1.0.24:43921|priority:0|startupRole:FOLLOWER, 43274a1e-e531-4976-aba4-4015449e37b0|rpc:10.1.0.24:46313|dataStream:10.1.0.24:36845|priority:0|startupRole:FOLLOWER] returns group-3A6F7E119F6F:java.util.concurrent.CompletableFuture@4725c407[Not completed]
2023-01-10 01:11:54,837 [pool-140-thread-1] INFO  server.RaftServer$Division (RaftServerImpl.java:<init>(195)) - de1dc05a-b420-436e-92e0-be95de2f8d14: new RaftServerImpl for group-3A6F7E119F6F:[de1dc05a-b420-436e-92e0-be95de2f8d14|rpc:10.1.0.24:34547|dataStream:10.1.0.24:39059|priority:1|startupRole:FOLLOWER, 819a9d5b-d004-47f6-9883-bc546cfa0094|rpc:10.1.0.24:40265|dataStream:10.1.0.24:43921|priority:0|startupRole:FOLLOWER, 43274a1e-e531-4976-aba4-4015449e37b0|rpc:10.1.0.24:46313|dataStream:10.1.0.24:36845|priority:0|startupRole:FOLLOWER] with ContainerStateMachine:uninitialized
2023-01-10 01:11:54,838 [pool-140-thread-1] INFO  server.RaftServerConfigKeys (ConfUtils.java:logGet(46)) - raft.server.rpc.timeout.min = 5s (custom)
2023-01-10 01:11:54,838 [pool-140-thread-1] INFO  server.RaftServerConfigKeys (ConfUtils.java:logGet(46)) - raft.server.rpc.timeout.max = 5200ms (custom)
2023-01-10 01:11:54,838 [pool-140-thread-1] INFO  server.RaftServerConfigKeys (ConfUtils.java:logGet(46)) - raft.server.rpc.sleep.time = 25ms (default)
2023-01-10 01:11:54,838 [pool-140-thread-1] INFO  server.RaftServerConfigKeys (ConfUtils.java:logGet(46)) - raft.server.rpc.slowness.timeout = 300s (custom)
2023-01-10 01:11:54,838 [pool-140-thread-1] INFO  server.RaftServerConfigKeys (ConfUtils.java:logGet(46)) - raft.server.leaderelection.leader.step-down.wait-time = 10s (default)
2023-01-10 01:11:54,838 [pool-140-thread-1] INFO  server.RaftServerConfigKeys (ConfUtils.java:logGet(46)) - raft.server.sleep.deviation.threshold = 300ms (default)
2023-01-10 01:11:54,838 [pool-140-thread-1] INFO  server.RaftServer$Division (ServerState.java:<init>(118)) - de1dc05a-b420-436e-92e0-be95de2f8d14@group-3A6F7E119F6F: ConfigurationManager, init=-1: peers:[de1dc05a-b420-436e-92e0-be95de2f8d14|rpc:10.1.0.24:34547|dataStream:10.1.0.24:39059|priority:1|startupRole:FOLLOWER, 819a9d5b-d004-47f6-9883-bc546cfa0094|rpc:10.1.0.24:40265|dataStream:10.1.0.24:43921|priority:0|startupRole:FOLLOWER, 43274a1e-e531-4976-aba4-4015449e37b0|rpc:10.1.0.24:46313|dataStream:10.1.0.24:36845|priority:0|startupRole:FOLLOWER]|listeners:[], old=null, confs=<EMPTY_MAP>
2023-01-10 01:11:54,838 [pool-140-thread-1] INFO  server.RaftServerConfigKeys (ConfUtils.java:logGet(46)) - raft.server.storage.dir = [/home/runner/work/ozone/ozone/hadoop-ozone/integration-test/target/test-dir/MiniOzoneClusterImpl-11329d86-319f-4265-8dbd-04dd0b699e79/datanode-3/data/ratis] (custom)
2023-01-10 01:11:54,838 [pool-140-thread-1] INFO  server.RaftServerConfigKeys (ConfUtils.java:logGet(46)) - raft.server.log.corruption.policy = EXCEPTION (default)
2023-01-10 01:11:54,838 [pool-140-thread-1] INFO  server.RaftServerConfigKeys (ConfUtils.java:logGet(46)) - raft.server.storage.free-space.min = 0MB (=0) (default)
2023-01-10 01:11:54,838 [pool-140-thread-1] INFO  server.RaftServerConfigKeys (ConfUtils.java:logGet(46)) - raft.server.notification.no-leader.timeout = 300s (custom)
2023-01-10 01:11:54,838 [pool-140-thread-1] INFO  server.RaftServerConfigKeys (ConfUtils.java:logGet(46)) - raft.server.retrycache.expirytime = 600000ms (custom)
2023-01-10 01:11:54,838 [pool-140-thread-1] INFO  server.RaftServerConfigKeys (ConfUtils.java:logGet(46)) - raft.server.retrycache.statistics.expirytime = 100μs (default)
2023-01-10 01:11:54,839 [pool-140-thread-1] INFO  server.RaftServerConfigKeys (ConfUtils.java:logGet(46)) - raft.server.log.appender.install.snapshot.enabled = false (custom)
2023-01-10 01:11:54,839 [pool-140-thread-1] INFO  server.RaftServerConfigKeys (ConfUtils.java:logGet(46)) - raft.server.threadpool.server.cached = true (default)
2023-01-10 01:11:54,839 [pool-140-thread-1] INFO  server.RaftServerConfigKeys (ConfUtils.java:logGet(46)) - raft.server.threadpool.server.size = 0 (default)
2023-01-10 01:11:54,839 [pool-140-thread-1] INFO  server.RaftServerConfigKeys (ConfUtils.java:logGet(46)) - raft.server.threadpool.client.cached = true (default)
2023-01-10 01:11:54,839 [pool-140-thread-1] INFO  server.RaftServerConfigKeys (ConfUtils.java:logGet(46)) - raft.server.threadpool.client.size = 0 (default)
2023-01-10 01:11:54,839 [pool-140-thread-1] INFO  storage.RaftStorageDirectory (RaftStorageDirectoryImpl.java:analyzeStorage(137)) - The storage directory /home/runner/work/ozone/ozone/hadoop-ozone/integration-test/target/test-dir/MiniOzoneClusterImpl-11329d86-319f-4265-8dbd-04dd0b699e79/datanode-3/data/ratis/4612c823-6da0-4140-9b7e-3a6f7e119f6f does not exist. Creating ...
2023-01-10 01:11:54,842 [pool-140-thread-1] INFO  storage.RaftStorageDirectory (RaftStorageDirectoryImpl.java:tryLock(231)) - Lock on /home/runner/work/ozone/ozone/hadoop-ozone/integration-test/target/test-dir/MiniOzoneClusterImpl-11329d86-319f-4265-8dbd-04dd0b699e79/datanode-3/data/ratis/4612c823-6da0-4140-9b7e-3a6f7e119f6f/in_use.lock acquired by nodename 10631@fv-az353-623
2023-01-10 01:11:54,844 [pool-140-thread-1] INFO  storage.RaftStorage (RaftStorageImpl.java:format(96)) - Storage directory /home/runner/work/ozone/ozone/hadoop-ozone/integration-test/target/test-dir/MiniOzoneClusterImpl-11329d86-319f-4265-8dbd-04dd0b699e79/datanode-3/data/ratis/4612c823-6da0-4140-9b7e-3a6f7e119f6f has been successfully formatted.
2023-01-10 01:11:54,845 [pool-140-thread-1] INFO  ratis.ContainerStateMachine (ContainerStateMachine.java:loadSnapshot(240)) - group-3A6F7E119F6F: The snapshot info is null. Setting the last applied indexto:(t:0, i:~)
2023-01-10 01:11:54,845 [pool-140-thread-1] INFO  server.RaftServerConfigKeys (ConfUtils.java:logGet(46)) - raft.server.log.use.memory = false (default)
2023-01-10 01:11:54,845 [pool-140-thread-1] INFO  server.RaftServerConfigKeys (ConfUtils.java:logGet(46)) - raft.server.log.purge.gap = 1000000 (custom)
2023-01-10 01:11:54,845 [pool-140-thread-1] INFO  server.RaftServerConfigKeys (ConfUtils.java:logGet(46)) - raft.server.log.appender.buffer.byte-limit = 33554432 (custom)
2023-01-10 01:11:54,846 [pool-140-thread-1] INFO  server.RaftServerConfigKeys (ConfUtils.java:logGet(46)) - raft.server.log.statemachine.data.read.timeout = 1000ms (default)
2023-01-10 01:11:54,846 [pool-140-thread-1] INFO  server.RaftServerConfigKeys (ConfUtils.java:logGet(46)) - raft.server.log.purge.preservation.log.num = 0 (default)
2023-01-10 01:11:54,846 [pool-140-thread-1] INFO  server.RaftServerConfigKeys (ConfUtils.java:logGet(46)) - raft.server.log.segment.size.max = 1048576 (custom)
2023-01-10 01:11:54,847 [EventQueue-OpenPipelineForHealthyPipelineSafeModeRule] INFO  safemode.SCMSafeModeManager (HealthyPipelineSafeModeRule.java:process(137)) - SCM in safe mode. Healthy pipelines reported count is 0, required healthy pipeline reported count is 1
2023-01-10 01:11:54,847 [pool-140-thread-1] INFO  server.RaftServerConfigKeys (ConfUtils.java:logGet(46)) - raft.server.log.segment.cache.num.max = 2 (custom)
2023-01-10 01:11:54,848 [pool-140-thread-1] INFO  server.RaftServerConfigKeys (ConfUtils.java:logGet(46)) - raft.server.log.segment.cache.size.max = 200MB (=209715200) (default)
2023-01-10 01:11:54,848 [pool-140-thread-1] INFO  segmented.SegmentedRaftLogWorker (SegmentedRaftLogWorker.java:<init>(189)) - new de1dc05a-b420-436e-92e0-be95de2f8d14@group-3A6F7E119F6F-SegmentedRaftLogWorker for RaftStorageImpl:Storage Directory /home/runner/work/ozone/ozone/hadoop-ozone/integration-test/target/test-dir/MiniOzoneClusterImpl-11329d86-319f-4265-8dbd-04dd0b699e79/datanode-3/data/ratis/4612c823-6da0-4140-9b7e-3a6f7e119f6f
2023-01-10 01:11:54,848 [pool-140-thread-1] INFO  server.RaftServerConfigKeys (ConfUtils.java:logGet(46)) - raft.server.log.queue.byte-limit = 4294967296 (custom)
2023-01-10 01:11:54,849 [pool-140-thread-1] INFO  server.RaftServerConfigKeys (ConfUtils.java:logGet(46)) - raft.server.log.queue.element-limit = 1024 (custom)
2023-01-10 01:11:54,849 [pool-140-thread-1] INFO  server.RaftServerConfigKeys (ConfUtils.java:logGet(46)) - raft.server.log.segment.size.max = 1048576 (custom)
2023-01-10 01:11:54,849 [pool-140-thread-1] INFO  server.RaftServerConfigKeys (ConfUtils.java:logGet(46)) - raft.server.log.preallocated.size = 16384 (custom)
2023-01-10 01:11:54,849 [pool-140-thread-1] INFO  server.RaftServerConfigKeys (ConfUtils.java:logGet(46)) - raft.server.log.force.sync.num = 128 (default)
2023-01-10 01:11:54,849 [pool-140-thread-1] INFO  server.RaftServerConfigKeys (ConfUtils.java:logGet(46)) - raft.server.log.statemachine.data.sync = true (default)
2023-01-10 01:11:54,849 [pool-140-thread-1] INFO  server.RaftServerConfigKeys (ConfUtils.java:logGet(46)) - raft.server.log.statemachine.data.sync.timeout = 10s (default)
2023-01-10 01:11:54,849 [pool-140-thread-1] INFO  server.RaftServerConfigKeys (ConfUtils.java:logGet(46)) - raft.server.log.statemachine.data.sync.timeout.retry = -1 (default)
2023-01-10 01:11:54,850 [pool-140-thread-1] INFO  server.RaftServerConfigKeys (ConfUtils.java:logGet(46)) - raft.server.log.write.buffer.size = 1048576 (custom)
2023-01-10 01:11:54,850 [pool-140-thread-1] INFO  server.RaftServerConfigKeys (ConfUtils.java:logGet(46)) - raft.server.log.appender.buffer.byte-limit = 33554432 (custom)
2023-01-10 01:11:54,855 [pool-140-thread-1] INFO  server.RaftServerConfigKeys (ConfUtils.java:logGet(46)) - raft.server.log.unsafe-flush.enabled = false (default)
2023-01-10 01:11:54,855 [pool-140-thread-1] INFO  server.RaftServerConfigKeys (ConfUtils.java:logGet(46)) - raft.server.log.async-flush.enabled = false (default)
2023-01-10 01:11:54,855 [pool-140-thread-1] INFO  server.RaftServerConfigKeys (ConfUtils.java:logGet(46)) - raft.server.log.statemachine.data.caching.enabled = true (custom)
2023-01-10 01:11:54,855 [pool-140-thread-1] INFO  segmented.SegmentedRaftLogWorker (SegmentedRaftLogWorker.java:lambda$new$0(135)) - de1dc05a-b420-436e-92e0-be95de2f8d14@group-3A6F7E119F6F-SegmentedRaftLogWorker: flushIndex: setUnconditionally 0 -> -1
2023-01-10 01:11:54,855 [pool-140-thread-1] INFO  segmented.SegmentedRaftLogWorker (SegmentedRaftLogWorker.java:lambda$new$0(135)) - de1dc05a-b420-436e-92e0-be95de2f8d14@group-3A6F7E119F6F-SegmentedRaftLogWorker: safeCacheEvictIndex: setUnconditionally 0 -> -1
2023-01-10 01:11:54,855 [pool-140-thread-1] INFO  server.RaftServer$Division (RaftServerImpl.java:start(334)) - de1dc05a-b420-436e-92e0-be95de2f8d14@group-3A6F7E119F6F: start as a follower, conf=-1: peers:[de1dc05a-b420-436e-92e0-be95de2f8d14|rpc:10.1.0.24:34547|dataStream:10.1.0.24:39059|priority:1|startupRole:FOLLOWER, 819a9d5b-d004-47f6-9883-bc546cfa0094|rpc:10.1.0.24:40265|dataStream:10.1.0.24:43921|priority:0|startupRole:FOLLOWER, 43274a1e-e531-4976-aba4-4015449e37b0|rpc:10.1.0.24:46313|dataStream:10.1.0.24:36845|priority:0|startupRole:FOLLOWER]|listeners:[], old=null
2023-01-10 01:11:54,856 [pool-140-thread-1] INFO  server.RaftServer$Division (RaftServerImpl.java:setRole(321)) - de1dc05a-b420-436e-92e0-be95de2f8d14@group-3A6F7E119F6F: changes role from      null to FOLLOWER at term 0 for startAsFollower
2023-01-10 01:11:54,856 [pool-140-thread-1] INFO  impl.RoleInfo (RoleInfo.java:updateAndGet(139)) - de1dc05a-b420-436e-92e0-be95de2f8d14: start de1dc05a-b420-436e-92e0-be95de2f8d14@group-3A6F7E119F6F-FollowerState
2023-01-10 01:11:54,858 [pool-140-thread-1] INFO  util.JmxRegister (JmxRegister.java:tryRegister(44)) - Successfully registered JMX Bean with object name Ratis:service=RaftServer,group=group-3A6F7E119F6F,id=de1dc05a-b420-436e-92e0-be95de2f8d14
2023-01-10 01:11:54,858 [pool-140-thread-1] INFO  server.RaftServerConfigKeys (ConfUtils.java:logGet(46)) - raft.server.snapshot.auto.trigger.enabled = true (custom)
2023-01-10 01:11:54,858 [pool-140-thread-1] INFO  server.RaftServerConfigKeys (ConfUtils.java:logGet(46)) - raft.server.snapshot.auto.trigger.threshold = 10000 (custom)
2023-01-10 01:11:54,858 [pool-140-thread-1] INFO  server.RaftServerConfigKeys (ConfUtils.java:logGet(46)) - raft.server.snapshot.retention.file.num = 5 (custom)
2023-01-10 01:11:54,858 [pool-140-thread-1] INFO  server.RaftServerConfigKeys (ConfUtils.java:logGet(46)) - raft.server.log.purge.upto.snapshot.index = false (default)
2023-01-10 01:11:54,858 [de1dc05a-b420-436e-92e0-be95de2f8d14@group-3A6F7E119F6F-FollowerState] INFO  server.RaftServerConfigKeys (ConfUtils.java:logFallback(53)) - raft.server.rpc.first-election.timeout.min = 5s (fallback to raft.server.rpc.timeout.min)
2023-01-10 01:11:54,862 [Command processor thread] INFO  ratis.XceiverServerRatis (XceiverServerRatis.java:addGroup(806)) - Created group PipelineID=4612c823-6da0-4140-9b7e-3a6f7e119f6f
2023-01-10 01:11:54,865 [de1dc05a-b420-436e-92e0-be95de2f8d14@group-3A6F7E119F6F-FollowerState] INFO  server.RaftServerConfigKeys (ConfUtils.java:logFallback(53)) - raft.server.rpc.first-election.timeout.max = 5200ms (fallback to raft.server.rpc.timeout.max)
2023-01-10 01:11:54,878 [grpc-default-executor-0] INFO  server.RaftServer (RaftServerProxy.java:addNew(96)) - 819a9d5b-d004-47f6-9883-bc546cfa0094: addNew group-3A6F7E119F6F:[de1dc05a-b420-436e-92e0-be95de2f8d14|rpc:10.1.0.24:34547|dataStream:10.1.0.24:39059|priority:1|startupRole:FOLLOWER, 819a9d5b-d004-47f6-9883-bc546cfa0094|rpc:10.1.0.24:40265|dataStream:10.1.0.24:43921|priority:0|startupRole:FOLLOWER, 43274a1e-e531-4976-aba4-4015449e37b0|rpc:10.1.0.24:46313|dataStream:10.1.0.24:36845|priority:0|startupRole:FOLLOWER] returns group-3A6F7E119F6F:java.util.concurrent.CompletableFuture@677d831a[Not completed]
2023-01-10 01:11:54,880 [pool-186-thread-1] INFO  server.RaftServer$Division (RaftServerImpl.java:<init>(195)) - 819a9d5b-d004-47f6-9883-bc546cfa0094: new RaftServerImpl for group-3A6F7E119F6F:[de1dc05a-b420-436e-92e0-be95de2f8d14|rpc:10.1.0.24:34547|dataStream:10.1.0.24:39059|priority:1|startupRole:FOLLOWER, 819a9d5b-d004-47f6-9883-bc546cfa0094|rpc:10.1.0.24:40265|dataStream:10.1.0.24:43921|priority:0|startupRole:FOLLOWER, 43274a1e-e531-4976-aba4-4015449e37b0|rpc:10.1.0.24:46313|dataStream:10.1.0.24:36845|priority:0|startupRole:FOLLOWER] with ContainerStateMachine:uninitialized
2023-01-10 01:11:54,880 [pool-186-thread-1] INFO  server.RaftServerConfigKeys (ConfUtils.java:logGet(46)) - raft.server.rpc.timeout.min = 5s (custom)
2023-01-10 01:11:54,880 [pool-186-thread-1] INFO  server.RaftServerConfigKeys (ConfUtils.java:logGet(46)) - raft.server.rpc.timeout.max = 5200ms (custom)
2023-01-10 01:11:54,880 [pool-186-thread-1] INFO  server.RaftServerConfigKeys (ConfUtils.java:logGet(46)) - raft.server.rpc.sleep.time = 25ms (default)
2023-01-10 01:11:54,880 [pool-186-thread-1] INFO  server.RaftServerConfigKeys (ConfUtils.java:logGet(46)) - raft.server.rpc.slowness.timeout = 300s (custom)
2023-01-10 01:11:54,880 [pool-186-thread-1] INFO  server.RaftServerConfigKeys (ConfUtils.java:logGet(46)) - raft.server.leaderelection.leader.step-down.wait-time = 10s (default)
2023-01-10 01:11:54,880 [pool-186-thread-1] INFO  server.RaftServerConfigKeys (ConfUtils.java:logGet(46)) - raft.server.sleep.deviation.threshold = 300ms (default)
2023-01-10 01:11:54,880 [pool-186-thread-1] INFO  server.RaftServer$Division (ServerState.java:<init>(118)) - 819a9d5b-d004-47f6-9883-bc546cfa0094@group-3A6F7E119F6F: ConfigurationManager, init=-1: peers:[de1dc05a-b420-436e-92e0-be95de2f8d14|rpc:10.1.0.24:34547|dataStream:10.1.0.24:39059|priority:1|startupRole:FOLLOWER, 819a9d5b-d004-47f6-9883-bc546cfa0094|rpc:10.1.0.24:40265|dataStream:10.1.0.24:43921|priority:0|startupRole:FOLLOWER, 43274a1e-e531-4976-aba4-4015449e37b0|rpc:10.1.0.24:46313|dataStream:10.1.0.24:36845|priority:0|startupRole:FOLLOWER]|listeners:[], old=null, confs=<EMPTY_MAP>
2023-01-10 01:11:54,880 [pool-186-thread-1] INFO  server.RaftServerConfigKeys (ConfUtils.java:logGet(46)) - raft.server.storage.dir = [/home/runner/work/ozone/ozone/hadoop-ozone/integration-test/target/test-dir/MiniOzoneClusterImpl-11329d86-319f-4265-8dbd-04dd0b699e79/datanode-5/data/ratis] (custom)
2023-01-10 01:11:54,880 [pool-186-thread-1] INFO  server.RaftServerConfigKeys (ConfUtils.java:logGet(46)) - raft.server.log.corruption.policy = EXCEPTION (default)
2023-01-10 01:11:54,880 [pool-186-thread-1] INFO  server.RaftServerConfigKeys (ConfUtils.java:logGet(46)) - raft.server.storage.free-space.min = 0MB (=0) (default)
2023-01-10 01:11:54,881 [pool-186-thread-1] INFO  server.RaftServerConfigKeys (ConfUtils.java:logGet(46)) - raft.server.notification.no-leader.timeout = 300s (custom)
2023-01-10 01:11:54,881 [pool-186-thread-1] INFO  server.RaftServerConfigKeys (ConfUtils.java:logGet(46)) - raft.server.retrycache.expirytime = 600000ms (custom)
2023-01-10 01:11:54,881 [pool-186-thread-1] INFO  server.RaftServerConfigKeys (ConfUtils.java:logGet(46)) - raft.server.retrycache.statistics.expirytime = 100μs (default)
2023-01-10 01:11:54,882 [pool-186-thread-1] INFO  server.RaftServerConfigKeys (ConfUtils.java:logGet(46)) - raft.server.log.appender.install.snapshot.enabled = false (custom)
2023-01-10 01:11:54,882 [pool-186-thread-1] INFO  server.RaftServerConfigKeys (ConfUtils.java:logGet(46)) - raft.server.threadpool.server.cached = true (default)
2023-01-10 01:11:54,882 [pool-186-thread-1] INFO  server.RaftServerConfigKeys (ConfUtils.java:logGet(46)) - raft.server.threadpool.server.size = 0 (default)
2023-01-10 01:11:54,882 [pool-186-thread-1] INFO  server.RaftServerConfigKeys (ConfUtils.java:logGet(46)) - raft.server.threadpool.client.cached = true (default)
2023-01-10 01:11:54,882 [pool-186-thread-1] INFO  server.RaftServerConfigKeys (ConfUtils.java:logGet(46)) - raft.server.threadpool.client.size = 0 (default)
2023-01-10 01:11:54,882 [pool-186-thread-1] INFO  storage.RaftStorageDirectory (RaftStorageDirectoryImpl.java:analyzeStorage(137)) - The storage directory /home/runner/work/ozone/ozone/hadoop-ozone/integration-test/target/test-dir/MiniOzoneClusterImpl-11329d86-319f-4265-8dbd-04dd0b699e79/datanode-5/data/ratis/4612c823-6da0-4140-9b7e-3a6f7e119f6f does not exist. Creating ...
2023-01-10 01:11:54,883 [pool-186-thread-1] INFO  storage.RaftStorageDirectory (RaftStorageDirectoryImpl.java:tryLock(231)) - Lock on /home/runner/work/ozone/ozone/hadoop-ozone/integration-test/target/test-dir/MiniOzoneClusterImpl-11329d86-319f-4265-8dbd-04dd0b699e79/datanode-5/data/ratis/4612c823-6da0-4140-9b7e-3a6f7e119f6f/in_use.lock acquired by nodename 10631@fv-az353-623
2023-01-10 01:11:54,885 [pool-186-thread-1] INFO  storage.RaftStorage (RaftStorageImpl.java:format(96)) - Storage directory /home/runner/work/ozone/ozone/hadoop-ozone/integration-test/target/test-dir/MiniOzoneClusterImpl-11329d86-319f-4265-8dbd-04dd0b699e79/datanode-5/data/ratis/4612c823-6da0-4140-9b7e-3a6f7e119f6f has been successfully formatted.
2023-01-10 01:11:54,886 [pool-186-thread-1] INFO  ratis.ContainerStateMachine (ContainerStateMachine.java:loadSnapshot(240)) - group-3A6F7E119F6F: The snapshot info is null. Setting the last applied indexto:(t:0, i:~)
2023-01-10 01:11:54,886 [pool-186-thread-1] INFO  server.RaftServerConfigKeys (ConfUtils.java:logGet(46)) - raft.server.log.use.memory = false (default)
2023-01-10 01:11:54,886 [pool-186-thread-1] INFO  server.RaftServerConfigKeys (ConfUtils.java:logGet(46)) - raft.server.log.purge.gap = 1000000 (custom)
2023-01-10 01:11:54,886 [pool-186-thread-1] INFO  server.RaftServerConfigKeys (ConfUtils.java:logGet(46)) - raft.server.log.appender.buffer.byte-limit = 33554432 (custom)
2023-01-10 01:11:54,887 [pool-186-thread-1] INFO  server.RaftServerConfigKeys (ConfUtils.java:logGet(46)) - raft.server.log.statemachine.data.read.timeout = 1000ms (default)
2023-01-10 01:11:54,887 [pool-186-thread-1] INFO  server.RaftServerConfigKeys (ConfUtils.java:logGet(46)) - raft.server.log.purge.preservation.log.num = 0 (default)
2023-01-10 01:11:54,887 [pool-186-thread-1] INFO  server.RaftServerConfigKeys (ConfUtils.java:logGet(46)) - raft.server.log.segment.size.max = 1048576 (custom)
2023-01-10 01:11:54,889 [pool-186-thread-1] INFO  server.RaftServerConfigKeys (ConfUtils.java:logGet(46)) - raft.server.log.segment.cache.num.max = 2 (custom)
2023-01-10 01:11:54,889 [pool-186-thread-1] INFO  server.RaftServerConfigKeys (ConfUtils.java:logGet(46)) - raft.server.log.segment.cache.size.max = 200MB (=209715200) (default)
2023-01-10 01:11:54,889 [pool-186-thread-1] INFO  segmented.SegmentedRaftLogWorker (SegmentedRaftLogWorker.java:<init>(189)) - new 819a9d5b-d004-47f6-9883-bc546cfa0094@group-3A6F7E119F6F-SegmentedRaftLogWorker for RaftStorageImpl:Storage Directory /home/runner/work/ozone/ozone/hadoop-ozone/integration-test/target/test-dir/MiniOzoneClusterImpl-11329d86-319f-4265-8dbd-04dd0b699e79/datanode-5/data/ratis/4612c823-6da0-4140-9b7e-3a6f7e119f6f
2023-01-10 01:11:54,889 [pool-186-thread-1] INFO  server.RaftServerConfigKeys (ConfUtils.java:logGet(46)) - raft.server.log.queue.byte-limit = 4294967296 (custom)
2023-01-10 01:11:54,889 [pool-186-thread-1] INFO  server.RaftServerConfigKeys (ConfUtils.java:logGet(46)) - raft.server.log.queue.element-limit = 1024 (custom)
2023-01-10 01:11:54,889 [pool-186-thread-1] INFO  server.RaftServerConfigKeys (ConfUtils.java:logGet(46)) - raft.server.log.segment.size.max = 1048576 (custom)
2023-01-10 01:11:54,889 [pool-186-thread-1] INFO  server.RaftServerConfigKeys (ConfUtils.java:logGet(46)) - raft.server.log.preallocated.size = 16384 (custom)
2023-01-10 01:11:54,889 [pool-186-thread-1] INFO  server.RaftServerConfigKeys (ConfUtils.java:logGet(46)) - raft.server.log.force.sync.num = 128 (default)
2023-01-10 01:11:54,889 [pool-186-thread-1] INFO  server.RaftServerConfigKeys (ConfUtils.java:logGet(46)) - raft.server.log.statemachine.data.sync = true (default)
2023-01-10 01:11:54,889 [pool-186-thread-1] INFO  server.RaftServerConfigKeys (ConfUtils.java:logGet(46)) - raft.server.log.statemachine.data.sync.timeout = 10s (default)
2023-01-10 01:11:54,889 [pool-186-thread-1] INFO  server.RaftServerConfigKeys (ConfUtils.java:logGet(46)) - raft.server.log.statemachine.data.sync.timeout.retry = -1 (default)
2023-01-10 01:11:54,890 [pool-186-thread-1] INFO  server.RaftServerConfigKeys (ConfUtils.java:logGet(46)) - raft.server.log.write.buffer.size = 1048576 (custom)
2023-01-10 01:11:54,892 [pool-186-thread-1] INFO  server.RaftServerConfigKeys (ConfUtils.java:logGet(46)) - raft.server.log.appender.buffer.byte-limit = 33554432 (custom)
2023-01-10 01:11:54,898 [Command processor thread] INFO  server.RaftServer (RaftServerProxy.java:addNew(96)) - 43274a1e-e531-4976-aba4-4015449e37b0: addNew group-AA105E67F7B2:[43274a1e-e531-4976-aba4-4015449e37b0|rpc:10.1.0.24:46313|dataStream:10.1.0.24:36845|priority:1|startupRole:FOLLOWER] returns group-AA105E67F7B2:java.util.concurrent.CompletableFuture@55e16207[Not completed]
2023-01-10 01:11:54,902 [pool-163-thread-1] INFO  server.RaftServer$Division (RaftServerImpl.java:<init>(195)) - 43274a1e-e531-4976-aba4-4015449e37b0: new RaftServerImpl for group-AA105E67F7B2:[43274a1e-e531-4976-aba4-4015449e37b0|rpc:10.1.0.24:46313|dataStream:10.1.0.24:36845|priority:1|startupRole:FOLLOWER] with ContainerStateMachine:uninitialized
2023-01-10 01:11:54,902 [pool-163-thread-1] INFO  server.RaftServerConfigKeys (ConfUtils.java:logGet(46)) - raft.server.rpc.timeout.min = 5s (custom)
2023-01-10 01:11:54,902 [pool-163-thread-1] INFO  server.RaftServerConfigKeys (ConfUtils.java:logGet(46)) - raft.server.rpc.timeout.max = 5200ms (custom)
2023-01-10 01:11:54,902 [pool-186-thread-1] INFO  server.RaftServerConfigKeys (ConfUtils.java:logGet(46)) - raft.server.log.unsafe-flush.enabled = false (default)
2023-01-10 01:11:54,902 [pool-163-thread-1] INFO  server.RaftServerConfigKeys (ConfUtils.java:logGet(46)) - raft.server.rpc.sleep.time = 25ms (default)
2023-01-10 01:11:54,902 [pool-186-thread-1] INFO  server.RaftServerConfigKeys (ConfUtils.java:logGet(46)) - raft.server.log.async-flush.enabled = false (default)
2023-01-10 01:11:54,902 [pool-163-thread-1] INFO  server.RaftServerConfigKeys (ConfUtils.java:logGet(46)) - raft.server.rpc.slowness.timeout = 300s (custom)
2023-01-10 01:11:54,902 [pool-186-thread-1] INFO  server.RaftServerConfigKeys (ConfUtils.java:logGet(46)) - raft.server.log.statemachine.data.caching.enabled = true (custom)
2023-01-10 01:11:54,903 [pool-163-thread-1] INFO  server.RaftServerConfigKeys (ConfUtils.java:logGet(46)) - raft.server.leaderelection.leader.step-down.wait-time = 10s (default)
2023-01-10 01:11:54,903 [pool-163-thread-1] INFO  server.RaftServerConfigKeys (ConfUtils.java:logGet(46)) - raft.server.sleep.deviation.threshold = 300ms (default)
2023-01-10 01:11:54,903 [pool-163-thread-1] INFO  server.RaftServer$Division (ServerState.java:<init>(118)) - 43274a1e-e531-4976-aba4-4015449e37b0@group-AA105E67F7B2: ConfigurationManager, init=-1: peers:[43274a1e-e531-4976-aba4-4015449e37b0|rpc:10.1.0.24:46313|dataStream:10.1.0.24:36845|priority:1|startupRole:FOLLOWER]|listeners:[], old=null, confs=<EMPTY_MAP>
2023-01-10 01:11:54,903 [pool-186-thread-1] INFO  segmented.SegmentedRaftLogWorker (SegmentedRaftLogWorker.java:lambda$new$0(135)) - 819a9d5b-d004-47f6-9883-bc546cfa0094@group-3A6F7E119F6F-SegmentedRaftLogWorker: flushIndex: setUnconditionally 0 -> -1
2023-01-10 01:11:54,903 [pool-163-thread-1] INFO  server.RaftServerConfigKeys (ConfUtils.java:logGet(46)) - raft.server.storage.dir = [/home/runner/work/ozone/ozone/hadoop-ozone/integration-test/target/test-dir/MiniOzoneClusterImpl-11329d86-319f-4265-8dbd-04dd0b699e79/datanode-4/data/ratis] (custom)
2023-01-10 01:11:54,903 [pool-163-thread-1] INFO  server.RaftServerConfigKeys (ConfUtils.java:logGet(46)) - raft.server.log.corruption.policy = EXCEPTION (default)
2023-01-10 01:11:54,903 [pool-163-thread-1] INFO  server.RaftServerConfigKeys (ConfUtils.java:logGet(46)) - raft.server.storage.free-space.min = 0MB (=0) (default)
2023-01-10 01:11:54,903 [pool-163-thread-1] INFO  server.RaftServerConfigKeys (ConfUtils.java:logGet(46)) - raft.server.notification.no-leader.timeout = 300s (custom)
2023-01-10 01:11:54,903 [pool-163-thread-1] INFO  server.RaftServerConfigKeys (ConfUtils.java:logGet(46)) - raft.server.retrycache.expirytime = 600000ms (custom)
2023-01-10 01:11:54,903 [pool-163-thread-1] INFO  server.RaftServerConfigKeys (ConfUtils.java:logGet(46)) - raft.server.retrycache.statistics.expirytime = 100μs (default)
2023-01-10 01:11:54,904 [pool-163-thread-1] INFO  server.RaftServerConfigKeys (ConfUtils.java:logGet(46)) - raft.server.log.appender.install.snapshot.enabled = false (custom)
2023-01-10 01:11:54,904 [pool-163-thread-1] INFO  server.RaftServerConfigKeys (ConfUtils.java:logGet(46)) - raft.server.threadpool.server.cached = true (default)
2023-01-10 01:11:54,904 [pool-163-thread-1] INFO  server.RaftServerConfigKeys (ConfUtils.java:logGet(46)) - raft.server.threadpool.server.size = 0 (default)
2023-01-10 01:11:54,904 [pool-163-thread-1] INFO  server.RaftServerConfigKeys (ConfUtils.java:logGet(46)) - raft.server.threadpool.client.cached = true (default)
2023-01-10 01:11:54,904 [pool-163-thread-1] INFO  server.RaftServerConfigKeys (ConfUtils.java:logGet(46)) - raft.server.threadpool.client.size = 0 (default)
2023-01-10 01:11:54,904 [pool-163-thread-1] INFO  storage.RaftStorageDirectory (RaftStorageDirectoryImpl.java:analyzeStorage(137)) - The storage directory /home/runner/work/ozone/ozone/hadoop-ozone/integration-test/target/test-dir/MiniOzoneClusterImpl-11329d86-319f-4265-8dbd-04dd0b699e79/datanode-4/data/ratis/da4c8e02-01d5-457e-b4c2-aa105e67f7b2 does not exist. Creating ...
2023-01-10 01:11:54,903 [pool-186-thread-1] INFO  segmented.SegmentedRaftLogWorker (SegmentedRaftLogWorker.java:lambda$new$0(135)) - 819a9d5b-d004-47f6-9883-bc546cfa0094@group-3A6F7E119F6F-SegmentedRaftLogWorker: safeCacheEvictIndex: setUnconditionally 0 -> -1
2023-01-10 01:11:54,906 [pool-186-thread-1] INFO  server.RaftServer$Division (RaftServerImpl.java:start(334)) - 819a9d5b-d004-47f6-9883-bc546cfa0094@group-3A6F7E119F6F: start as a follower, conf=-1: peers:[de1dc05a-b420-436e-92e0-be95de2f8d14|rpc:10.1.0.24:34547|dataStream:10.1.0.24:39059|priority:1|startupRole:FOLLOWER, 819a9d5b-d004-47f6-9883-bc546cfa0094|rpc:10.1.0.24:40265|dataStream:10.1.0.24:43921|priority:0|startupRole:FOLLOWER, 43274a1e-e531-4976-aba4-4015449e37b0|rpc:10.1.0.24:46313|dataStream:10.1.0.24:36845|priority:0|startupRole:FOLLOWER]|listeners:[], old=null
2023-01-10 01:11:54,906 [pool-186-thread-1] INFO  server.RaftServer$Division (RaftServerImpl.java:setRole(321)) - 819a9d5b-d004-47f6-9883-bc546cfa0094@group-3A6F7E119F6F: changes role from      null to FOLLOWER at term 0 for startAsFollower
2023-01-10 01:11:54,906 [pool-186-thread-1] INFO  impl.RoleInfo (RoleInfo.java:updateAndGet(139)) - 819a9d5b-d004-47f6-9883-bc546cfa0094: start 819a9d5b-d004-47f6-9883-bc546cfa0094@group-3A6F7E119F6F-FollowerState
2023-01-10 01:11:54,906 [pool-163-thread-1] INFO  storage.RaftStorageDirectory (RaftStorageDirectoryImpl.java:tryLock(231)) - Lock on /home/runner/work/ozone/ozone/hadoop-ozone/integration-test/target/test-dir/MiniOzoneClusterImpl-11329d86-319f-4265-8dbd-04dd0b699e79/datanode-4/data/ratis/da4c8e02-01d5-457e-b4c2-aa105e67f7b2/in_use.lock acquired by nodename 10631@fv-az353-623
2023-01-10 01:11:54,916 [819a9d5b-d004-47f6-9883-bc546cfa0094@group-3A6F7E119F6F-FollowerState] INFO  server.RaftServerConfigKeys (ConfUtils.java:logFallback(53)) - raft.server.rpc.first-election.timeout.min = 5s (fallback to raft.server.rpc.timeout.min)
2023-01-10 01:11:54,916 [819a9d5b-d004-47f6-9883-bc546cfa0094@group-3A6F7E119F6F-FollowerState] INFO  server.RaftServerConfigKeys (ConfUtils.java:logFallback(53)) - raft.server.rpc.first-election.timeout.max = 5200ms (fallback to raft.server.rpc.timeout.max)
2023-01-10 01:11:54,916 [pool-186-thread-1] INFO  util.JmxRegister (JmxRegister.java:tryRegister(44)) - Successfully registered JMX Bean with object name Ratis:service=RaftServer,group=group-3A6F7E119F6F,id=819a9d5b-d004-47f6-9883-bc546cfa0094
2023-01-10 01:11:54,916 [pool-186-thread-1] INFO  server.RaftServerConfigKeys (ConfUtils.java:logGet(46)) - raft.server.snapshot.auto.trigger.enabled = true (custom)
2023-01-10 01:11:54,916 [pool-186-thread-1] INFO  server.RaftServerConfigKeys (ConfUtils.java:logGet(46)) - raft.server.snapshot.auto.trigger.threshold = 10000 (custom)
2023-01-10 01:11:54,916 [pool-186-thread-1] INFO  server.RaftServerConfigKeys (ConfUtils.java:logGet(46)) - raft.server.snapshot.retention.file.num = 5 (custom)
2023-01-10 01:11:54,916 [pool-186-thread-1] INFO  server.RaftServerConfigKeys (ConfUtils.java:logGet(46)) - raft.server.log.purge.upto.snapshot.index = false (default)
2023-01-10 01:11:54,917 [pool-163-thread-1] INFO  storage.RaftStorage (RaftStorageImpl.java:format(96)) - Storage directory /home/runner/work/ozone/ozone/hadoop-ozone/integration-test/target/test-dir/MiniOzoneClusterImpl-11329d86-319f-4265-8dbd-04dd0b699e79/datanode-4/data/ratis/da4c8e02-01d5-457e-b4c2-aa105e67f7b2 has been successfully formatted.
2023-01-10 01:11:54,917 [pool-163-thread-1] INFO  ratis.ContainerStateMachine (ContainerStateMachine.java:loadSnapshot(240)) - group-AA105E67F7B2: The snapshot info is null. Setting the last applied indexto:(t:0, i:~)
2023-01-10 01:11:54,918 [pool-163-thread-1] INFO  server.RaftServerConfigKeys (ConfUtils.java:logGet(46)) - raft.server.log.use.memory = false (default)
2023-01-10 01:11:54,918 [pool-163-thread-1] INFO  server.RaftServerConfigKeys (ConfUtils.java:logGet(46)) - raft.server.log.purge.gap = 1000000 (custom)
2023-01-10 01:11:54,918 [pool-163-thread-1] INFO  server.RaftServerConfigKeys (ConfUtils.java:logGet(46)) - raft.server.log.appender.buffer.byte-limit = 33554432 (custom)
2023-01-10 01:11:54,918 [pool-163-thread-1] INFO  server.RaftServerConfigKeys (ConfUtils.java:logGet(46)) - raft.server.log.statemachine.data.read.timeout = 1000ms (default)
2023-01-10 01:11:54,918 [pool-163-thread-1] INFO  server.RaftServerConfigKeys (ConfUtils.java:logGet(46)) - raft.server.log.purge.preservation.log.num = 0 (default)
2023-01-10 01:11:54,918 [pool-163-thread-1] INFO  server.RaftServerConfigKeys (ConfUtils.java:logGet(46)) - raft.server.log.segment.size.max = 1048576 (custom)
2023-01-10 01:11:54,918 [pool-163-thread-1] INFO  server.RaftServerConfigKeys (ConfUtils.java:logGet(46)) - raft.server.log.segment.cache.num.max = 2 (custom)
2023-01-10 01:11:54,918 [pool-163-thread-1] INFO  server.RaftServerConfigKeys (ConfUtils.java:logGet(46)) - raft.server.log.segment.cache.size.max = 200MB (=209715200) (default)
2023-01-10 01:11:54,918 [pool-163-thread-1] INFO  segmented.SegmentedRaftLogWorker (SegmentedRaftLogWorker.java:<init>(189)) - new 43274a1e-e531-4976-aba4-4015449e37b0@group-AA105E67F7B2-SegmentedRaftLogWorker for RaftStorageImpl:Storage Directory /home/runner/work/ozone/ozone/hadoop-ozone/integration-test/target/test-dir/MiniOzoneClusterImpl-11329d86-319f-4265-8dbd-04dd0b699e79/datanode-4/data/ratis/da4c8e02-01d5-457e-b4c2-aa105e67f7b2
2023-01-10 01:11:54,918 [pool-163-thread-1] INFO  server.RaftServerConfigKeys (ConfUtils.java:logGet(46)) - raft.server.log.queue.byte-limit = 4294967296 (custom)
2023-01-10 01:11:54,918 [pool-163-thread-1] INFO  server.RaftServerConfigKeys (ConfUtils.java:logGet(46)) - raft.server.log.queue.element-limit = 1024 (custom)
2023-01-10 01:11:54,918 [pool-163-thread-1] INFO  server.RaftServerConfigKeys (ConfUtils.java:logGet(46)) - raft.server.log.segment.size.max = 1048576 (custom)
2023-01-10 01:11:54,919 [pool-163-thread-1] INFO  server.RaftServerConfigKeys (ConfUtils.java:logGet(46)) - raft.server.log.preallocated.size = 16384 (custom)
2023-01-10 01:11:54,919 [pool-163-thread-1] INFO  server.RaftServerConfigKeys (ConfUtils.java:logGet(46)) - raft.server.log.force.sync.num = 128 (default)
2023-01-10 01:11:54,919 [pool-163-thread-1] INFO  server.RaftServerConfigKeys (ConfUtils.java:logGet(46)) - raft.server.log.statemachine.data.sync = true (default)
2023-01-10 01:11:54,919 [pool-163-thread-1] INFO  server.RaftServerConfigKeys (ConfUtils.java:logGet(46)) - raft.server.log.statemachine.data.sync.timeout = 10s (default)
2023-01-10 01:11:54,919 [pool-163-thread-1] INFO  server.RaftServerConfigKeys (ConfUtils.java:logGet(46)) - raft.server.log.statemachine.data.sync.timeout.retry = -1 (default)
2023-01-10 01:11:54,934 [pool-163-thread-1] INFO  server.RaftServerConfigKeys (ConfUtils.java:logGet(46)) - raft.server.log.write.buffer.size = 1048576 (custom)
2023-01-10 01:11:54,934 [pool-163-thread-1] INFO  server.RaftServerConfigKeys (ConfUtils.java:logGet(46)) - raft.server.log.appender.buffer.byte-limit = 33554432 (custom)
2023-01-10 01:11:54,939 [EventQueue-PipelineReportForPipelineReportHandler] INFO  pipeline.PipelineManagerImpl (PipelineManagerImpl.java:openPipeline(367)) - Pipeline Pipeline[ Id: da4c8e02-01d5-457e-b4c2-aa105e67f7b2, Nodes: 43274a1e-e531-4976-aba4-4015449e37b0{ip: 10.1.0.24, host: fv-az353-623.tkyx2seitsuu3nmpmouz2httfb.bx.internal.cloudapp.net, ports: [REPLICATION=33789, RATIS=46313, RATIS_ADMIN=46313, RATIS_SERVER=46313, RATIS_DATASTREAM=36845, STANDALONE=39587], networkLocation: /default-rack, certSerialId: null, persistedOpState: IN_SERVICE, persistedOpStateExpiryEpochSec: 0}, ReplicationConfig: RATIS/ONE, State:ALLOCATED, leaderId:43274a1e-e531-4976-aba4-4015449e37b0, CreationTimestamp2023-01-10T01:11:51.902Z[Etc/UTC]] moved to OPEN state
2023-01-10 01:11:54,939 [EventQueue-OpenPipelineForHealthyPipelineSafeModeRule] INFO  safemode.SCMSafeModeManager (HealthyPipelineSafeModeRule.java:process(137)) - SCM in safe mode. Healthy pipelines reported count is 0, required healthy pipeline reported count is 1
2023-01-10 01:11:54,941 [pool-163-thread-1] INFO  server.RaftServerConfigKeys (ConfUtils.java:logGet(46)) - raft.server.log.unsafe-flush.enabled = false (default)
2023-01-10 01:11:54,943 [pool-163-thread-1] INFO  server.RaftServerConfigKeys (ConfUtils.java:logGet(46)) - raft.server.log.async-flush.enabled = false (default)
2023-01-10 01:11:54,943 [pool-163-thread-1] INFO  server.RaftServerConfigKeys (ConfUtils.java:logGet(46)) - raft.server.log.statemachine.data.caching.enabled = true (custom)
2023-01-10 01:11:54,943 [pool-163-thread-1] INFO  segmented.SegmentedRaftLogWorker (SegmentedRaftLogWorker.java:lambda$new$0(135)) - 43274a1e-e531-4976-aba4-4015449e37b0@group-AA105E67F7B2-SegmentedRaftLogWorker: flushIndex: setUnconditionally 0 -> -1
2023-01-10 01:11:54,943 [pool-163-thread-1] INFO  segmented.SegmentedRaftLogWorker (SegmentedRaftLogWorker.java:lambda$new$0(135)) - 43274a1e-e531-4976-aba4-4015449e37b0@group-AA105E67F7B2-SegmentedRaftLogWorker: safeCacheEvictIndex: setUnconditionally 0 -> -1
2023-01-10 01:11:54,949 [pool-163-thread-1] INFO  server.RaftServer$Division (RaftServerImpl.java:start(334)) - 43274a1e-e531-4976-aba4-4015449e37b0@group-AA105E67F7B2: start as a follower, conf=-1: peers:[43274a1e-e531-4976-aba4-4015449e37b0|rpc:10.1.0.24:46313|dataStream:10.1.0.24:36845|priority:1|startupRole:FOLLOWER]|listeners:[], old=null
2023-01-10 01:11:54,950 [pool-163-thread-1] INFO  server.RaftServer$Division (RaftServerImpl.java:setRole(321)) - 43274a1e-e531-4976-aba4-4015449e37b0@group-AA105E67F7B2: changes role from      null to FOLLOWER at term 0 for startAsFollower
2023-01-10 01:11:54,950 [pool-163-thread-1] INFO  impl.RoleInfo (RoleInfo.java:updateAndGet(139)) - 43274a1e-e531-4976-aba4-4015449e37b0: start 43274a1e-e531-4976-aba4-4015449e37b0@group-AA105E67F7B2-FollowerState
2023-01-10 01:11:54,951 [pool-163-thread-1] INFO  util.JmxRegister (JmxRegister.java:tryRegister(44)) - Successfully registered JMX Bean with object name Ratis:service=RaftServer,group=group-AA105E67F7B2,id=43274a1e-e531-4976-aba4-4015449e37b0
2023-01-10 01:11:54,951 [pool-163-thread-1] INFO  server.RaftServerConfigKeys (ConfUtils.java:logGet(46)) - raft.server.snapshot.auto.trigger.enabled = true (custom)
2023-01-10 01:11:54,951 [pool-163-thread-1] INFO  server.RaftServerConfigKeys (ConfUtils.java:logGet(46)) - raft.server.snapshot.auto.trigger.threshold = 10000 (custom)
2023-01-10 01:11:54,951 [pool-163-thread-1] INFO  server.RaftServerConfigKeys (ConfUtils.java:logGet(46)) - raft.server.snapshot.retention.file.num = 5 (custom)
2023-01-10 01:11:54,951 [pool-163-thread-1] INFO  server.RaftServerConfigKeys (ConfUtils.java:logGet(46)) - raft.server.log.purge.upto.snapshot.index = false (default)
2023-01-10 01:11:54,952 [43274a1e-e531-4976-aba4-4015449e37b0@group-AA105E67F7B2-FollowerState] INFO  server.RaftServerConfigKeys (ConfUtils.java:logFallback(53)) - raft.server.rpc.first-election.timeout.min = 5s (fallback to raft.server.rpc.timeout.min)
2023-01-10 01:11:54,952 [43274a1e-e531-4976-aba4-4015449e37b0@group-AA105E67F7B2-FollowerState] INFO  server.RaftServerConfigKeys (ConfUtils.java:logFallback(53)) - raft.server.rpc.first-election.timeout.max = 5200ms (fallback to raft.server.rpc.timeout.max)
2023-01-10 01:11:54,952 [Command processor thread] INFO  ratis.XceiverServerRatis (XceiverServerRatis.java:addGroup(806)) - Created group PipelineID=da4c8e02-01d5-457e-b4c2-aa105e67f7b2
2023-01-10 01:11:54,952 [Command processor thread] INFO  commandhandler.CreatePipelineCommandHandler (CreatePipelineCommandHandler.java:handle(113)) - Created Pipeline RATIS ONE PipelineID=da4c8e02-01d5-457e-b4c2-aa105e67f7b2.
2023-01-10 01:11:54,953 [Command processor thread] INFO  server.RaftServer (RaftServerProxy.java:addNew(96)) - 43274a1e-e531-4976-aba4-4015449e37b0: addNew group-3A6F7E119F6F:[de1dc05a-b420-436e-92e0-be95de2f8d14|rpc:10.1.0.24:34547|dataStream:10.1.0.24:39059|priority:1|startupRole:FOLLOWER, 819a9d5b-d004-47f6-9883-bc546cfa0094|rpc:10.1.0.24:40265|dataStream:10.1.0.24:43921|priority:0|startupRole:FOLLOWER, 43274a1e-e531-4976-aba4-4015449e37b0|rpc:10.1.0.24:46313|dataStream:10.1.0.24:36845|priority:0|startupRole:FOLLOWER] returns group-3A6F7E119F6F:java.util.concurrent.CompletableFuture@5b2686cb[Not completed]
2023-01-10 01:11:54,954 [pool-163-thread-1] INFO  server.RaftServer$Division (RaftServerImpl.java:<init>(195)) - 43274a1e-e531-4976-aba4-4015449e37b0: new RaftServerImpl for group-3A6F7E119F6F:[de1dc05a-b420-436e-92e0-be95de2f8d14|rpc:10.1.0.24:34547|dataStream:10.1.0.24:39059|priority:1|startupRole:FOLLOWER, 819a9d5b-d004-47f6-9883-bc546cfa0094|rpc:10.1.0.24:40265|dataStream:10.1.0.24:43921|priority:0|startupRole:FOLLOWER, 43274a1e-e531-4976-aba4-4015449e37b0|rpc:10.1.0.24:46313|dataStream:10.1.0.24:36845|priority:0|startupRole:FOLLOWER] with ContainerStateMachine:uninitialized
2023-01-10 01:11:54,954 [pool-163-thread-1] INFO  server.RaftServerConfigKeys (ConfUtils.java:logGet(46)) - raft.server.rpc.timeout.min = 5s (custom)
2023-01-10 01:11:54,954 [pool-163-thread-1] INFO  server.RaftServerConfigKeys (ConfUtils.java:logGet(46)) - raft.server.rpc.timeout.max = 5200ms (custom)
2023-01-10 01:11:54,954 [pool-163-thread-1] INFO  server.RaftServerConfigKeys (ConfUtils.java:logGet(46)) - raft.server.rpc.sleep.time = 25ms (default)
2023-01-10 01:11:54,954 [pool-163-thread-1] INFO  server.RaftServerConfigKeys (ConfUtils.java:logGet(46)) - raft.server.rpc.slowness.timeout = 300s (custom)
2023-01-10 01:11:54,954 [pool-163-thread-1] INFO  server.RaftServerConfigKeys (ConfUtils.java:logGet(46)) - raft.server.leaderelection.leader.step-down.wait-time = 10s (default)
2023-01-10 01:11:54,954 [pool-163-thread-1] INFO  server.RaftServerConfigKeys (ConfUtils.java:logGet(46)) - raft.server.sleep.deviation.threshold = 300ms (default)
2023-01-10 01:11:54,954 [pool-163-thread-1] INFO  server.RaftServer$Division (ServerState.java:<init>(118)) - 43274a1e-e531-4976-aba4-4015449e37b0@group-3A6F7E119F6F: ConfigurationManager, init=-1: peers:[de1dc05a-b420-436e-92e0-be95de2f8d14|rpc:10.1.0.24:34547|dataStream:10.1.0.24:39059|priority:1|startupRole:FOLLOWER, 819a9d5b-d004-47f6-9883-bc546cfa0094|rpc:10.1.0.24:40265|dataStream:10.1.0.24:43921|priority:0|startupRole:FOLLOWER, 43274a1e-e531-4976-aba4-4015449e37b0|rpc:10.1.0.24:46313|dataStream:10.1.0.24:36845|priority:0|startupRole:FOLLOWER]|listeners:[], old=null, confs=<EMPTY_MAP>
2023-01-10 01:11:54,954 [pool-163-thread-1] INFO  server.RaftServerConfigKeys (ConfUtils.java:logGet(46)) - raft.server.storage.dir = [/home/runner/work/ozone/ozone/hadoop-ozone/integration-test/target/test-dir/MiniOzoneClusterImpl-11329d86-319f-4265-8dbd-04dd0b699e79/datanode-4/data/ratis] (custom)
2023-01-10 01:11:54,954 [pool-163-thread-1] INFO  server.RaftServerConfigKeys (ConfUtils.java:logGet(46)) - raft.server.log.corruption.policy = EXCEPTION (default)
2023-01-10 01:11:54,954 [pool-163-thread-1] INFO  server.RaftServerConfigKeys (ConfUtils.java:logGet(46)) - raft.server.storage.free-space.min = 0MB (=0) (default)
2023-01-10 01:11:54,954 [pool-163-thread-1] INFO  server.RaftServerConfigKeys (ConfUtils.java:logGet(46)) - raft.server.notification.no-leader.timeout = 300s (custom)
2023-01-10 01:11:54,955 [pool-163-thread-1] INFO  server.RaftServerConfigKeys (ConfUtils.java:logGet(46)) - raft.server.retrycache.expirytime = 600000ms (custom)
2023-01-10 01:11:54,955 [pool-163-thread-1] INFO  server.RaftServerConfigKeys (ConfUtils.java:logGet(46)) - raft.server.retrycache.statistics.expirytime = 100μs (default)
2023-01-10 01:11:54,955 [pool-163-thread-1] INFO  server.RaftServerConfigKeys (ConfUtils.java:logGet(46)) - raft.server.log.appender.install.snapshot.enabled = false (custom)
2023-01-10 01:11:54,955 [pool-163-thread-1] INFO  server.RaftServerConfigKeys (ConfUtils.java:logGet(46)) - raft.server.threadpool.server.cached = true (default)
2023-01-10 01:11:54,955 [pool-163-thread-1] INFO  server.RaftServerConfigKeys (ConfUtils.java:logGet(46)) - raft.server.threadpool.server.size = 0 (default)
2023-01-10 01:11:54,955 [pool-163-thread-1] INFO  server.RaftServerConfigKeys (ConfUtils.java:logGet(46)) - raft.server.threadpool.client.cached = true (default)
2023-01-10 01:11:54,955 [pool-163-thread-1] INFO  server.RaftServerConfigKeys (ConfUtils.java:logGet(46)) - raft.server.threadpool.client.size = 0 (default)
2023-01-10 01:11:54,956 [pool-163-thread-1] INFO  storage.RaftStorageDirectory (RaftStorageDirectoryImpl.java:analyzeStorage(137)) - The storage directory /home/runner/work/ozone/ozone/hadoop-ozone/integration-test/target/test-dir/MiniOzoneClusterImpl-11329d86-319f-4265-8dbd-04dd0b699e79/datanode-4/data/ratis/4612c823-6da0-4140-9b7e-3a6f7e119f6f does not exist. Creating ...
2023-01-10 01:11:54,958 [pool-163-thread-1] INFO  storage.RaftStorageDirectory (RaftStorageDirectoryImpl.java:tryLock(231)) - Lock on /home/runner/work/ozone/ozone/hadoop-ozone/integration-test/target/test-dir/MiniOzoneClusterImpl-11329d86-319f-4265-8dbd-04dd0b699e79/datanode-4/data/ratis/4612c823-6da0-4140-9b7e-3a6f7e119f6f/in_use.lock acquired by nodename 10631@fv-az353-623
2023-01-10 01:11:54,965 [pool-163-thread-1] INFO  storage.RaftStorage (RaftStorageImpl.java:format(96)) - Storage directory /home/runner/work/ozone/ozone/hadoop-ozone/integration-test/target/test-dir/MiniOzoneClusterImpl-11329d86-319f-4265-8dbd-04dd0b699e79/datanode-4/data/ratis/4612c823-6da0-4140-9b7e-3a6f7e119f6f has been successfully formatted.
2023-01-10 01:11:54,966 [pool-163-thread-1] INFO  ratis.ContainerStateMachine (ContainerStateMachine.java:loadSnapshot(240)) - group-3A6F7E119F6F: The snapshot info is null. Setting the last applied indexto:(t:0, i:~)
2023-01-10 01:11:54,966 [pool-163-thread-1] INFO  server.RaftServerConfigKeys (ConfUtils.java:logGet(46)) - raft.server.log.use.memory = false (default)
2023-01-10 01:11:54,966 [pool-163-thread-1] INFO  server.RaftServerConfigKeys (ConfUtils.java:logGet(46)) - raft.server.log.purge.gap = 1000000 (custom)
2023-01-10 01:11:54,966 [pool-163-thread-1] INFO  server.RaftServerConfigKeys (ConfUtils.java:logGet(46)) - raft.server.log.appender.buffer.byte-limit = 33554432 (custom)
2023-01-10 01:11:54,966 [pool-163-thread-1] INFO  server.RaftServerConfigKeys (ConfUtils.java:logGet(46)) - raft.server.log.statemachine.data.read.timeout = 1000ms (default)
2023-01-10 01:11:54,966 [pool-163-thread-1] INFO  server.RaftServerConfigKeys (ConfUtils.java:logGet(46)) - raft.server.log.purge.preservation.log.num = 0 (default)
2023-01-10 01:11:54,966 [pool-163-thread-1] INFO  server.RaftServerConfigKeys (ConfUtils.java:logGet(46)) - raft.server.log.segment.size.max = 1048576 (custom)
2023-01-10 01:11:54,967 [pool-163-thread-1] INFO  server.RaftServerConfigKeys (ConfUtils.java:logGet(46)) - raft.server.log.segment.cache.num.max = 2 (custom)
2023-01-10 01:11:54,967 [pool-163-thread-1] INFO  server.RaftServerConfigKeys (ConfUtils.java:logGet(46)) - raft.server.log.segment.cache.size.max = 200MB (=209715200) (default)
2023-01-10 01:11:54,967 [pool-163-thread-1] INFO  segmented.SegmentedRaftLogWorker (SegmentedRaftLogWorker.java:<init>(189)) - new 43274a1e-e531-4976-aba4-4015449e37b0@group-3A6F7E119F6F-SegmentedRaftLogWorker for RaftStorageImpl:Storage Directory /home/runner/work/ozone/ozone/hadoop-ozone/integration-test/target/test-dir/MiniOzoneClusterImpl-11329d86-319f-4265-8dbd-04dd0b699e79/datanode-4/data/ratis/4612c823-6da0-4140-9b7e-3a6f7e119f6f
2023-01-10 01:11:54,967 [pool-163-thread-1] INFO  server.RaftServerConfigKeys (ConfUtils.java:logGet(46)) - raft.server.log.queue.byte-limit = 4294967296 (custom)
2023-01-10 01:11:54,967 [pool-163-thread-1] INFO  server.RaftServerConfigKeys (ConfUtils.java:logGet(46)) - raft.server.log.queue.element-limit = 1024 (custom)
2023-01-10 01:11:54,967 [pool-163-thread-1] INFO  server.RaftServerConfigKeys (ConfUtils.java:logGet(46)) - raft.server.log.segment.size.max = 1048576 (custom)
2023-01-10 01:11:54,967 [pool-163-thread-1] INFO  server.RaftServerConfigKeys (ConfUtils.java:logGet(46)) - raft.server.log.preallocated.size = 16384 (custom)
2023-01-10 01:11:54,967 [pool-163-thread-1] INFO  server.RaftServerConfigKeys (ConfUtils.java:logGet(46)) - raft.server.log.force.sync.num = 128 (default)
2023-01-10 01:11:54,967 [pool-163-thread-1] INFO  server.RaftServerConfigKeys (ConfUtils.java:logGet(46)) - raft.server.log.statemachine.data.sync = true (default)
2023-01-10 01:11:54,967 [pool-163-thread-1] INFO  server.RaftServerConfigKeys (ConfUtils.java:logGet(46)) - raft.server.log.statemachine.data.sync.timeout = 10s (default)
2023-01-10 01:11:54,967 [pool-163-thread-1] INFO  server.RaftServerConfigKeys (ConfUtils.java:logGet(46)) - raft.server.log.statemachine.data.sync.timeout.retry = -1 (default)
2023-01-10 01:11:54,969 [pool-163-thread-1] INFO  server.RaftServerConfigKeys (ConfUtils.java:logGet(46)) - raft.server.log.write.buffer.size = 1048576 (custom)
2023-01-10 01:11:54,969 [EventQueue-OpenPipelineForHealthyPipelineSafeModeRule] INFO  safemode.SCMSafeModeManager (HealthyPipelineSafeModeRule.java:process(137)) - SCM in safe mode. Healthy pipelines reported count is 0, required healthy pipeline reported count is 1
2023-01-10 01:11:54,974 [pool-163-thread-1] INFO  server.RaftServerConfigKeys (ConfUtils.java:logGet(46)) - raft.server.log.appender.buffer.byte-limit = 33554432 (custom)
2023-01-10 01:11:55,337 [Listener at 127.0.0.1/34303] INFO  ozone.MiniOzoneClusterImpl (MiniOzoneClusterImpl.java:lambda$waitForClusterToBeReady$0(218)) - Nodes are ready. Got 6 of 6 DN Heartbeats.
2023-01-10 01:11:55,337 [Listener at 127.0.0.1/34303] INFO  ozone.MiniOzoneClusterImpl (MiniOzoneClusterImpl.java:lambda$waitForClusterToBeReady$0(221)) - Waiting for cluster to exit safe mode
2023-01-10 01:11:55,337 [Listener at 127.0.0.1/34303] INFO  ozone.MiniOzoneClusterImpl (MiniOzoneClusterImpl.java:lambda$waitForClusterToBeReady$0(223)) - SCM became leader
2023-01-10 01:11:55,338 [Command processor thread] INFO  server.RaftServer (RaftServerProxy.java:addNew(96)) - 819a9d5b-d004-47f6-9883-bc546cfa0094: addNew group-E63690302BF4:[819a9d5b-d004-47f6-9883-bc546cfa0094|rpc:10.1.0.24:40265|dataStream:10.1.0.24:43921|priority:1|startupRole:FOLLOWER] returns group-E63690302BF4:java.util.concurrent.CompletableFuture@5c61d0b[Not completed]
2023-01-10 01:11:55,338 [JvmPauseMonitor4] WARN  util.JvmPauseMonitor (JvmPauseMonitor.java:detectPause(126)) - JvmPauseMonitor-de1dc05a-b420-436e-92e0-be95de2f8d14: Detected pause in JVM or host machine (eg GC): pause of approximately 225490366ns.
GC pool 'PS MarkSweep' had collection(s): count=1 time=255ms
GC pool 'PS Scavenge' had collection(s): count=1 time=103ms
2023-01-10 01:11:55,339 [pool-186-thread-1] INFO  server.RaftServer$Division (RaftServerImpl.java:<init>(195)) - 819a9d5b-d004-47f6-9883-bc546cfa0094: new RaftServerImpl for group-E63690302BF4:[819a9d5b-d004-47f6-9883-bc546cfa0094|rpc:10.1.0.24:40265|dataStream:10.1.0.24:43921|priority:1|startupRole:FOLLOWER] with ContainerStateMachine:uninitialized
2023-01-10 01:11:55,339 [pool-186-thread-1] INFO  server.RaftServerConfigKeys (ConfUtils.java:logGet(46)) - raft.server.rpc.timeout.min = 5s (custom)
2023-01-10 01:11:55,339 [pool-186-thread-1] INFO  server.RaftServerConfigKeys (ConfUtils.java:logGet(46)) - raft.server.rpc.timeout.max = 5200ms (custom)
2023-01-10 01:11:55,339 [pool-186-thread-1] INFO  server.RaftServerConfigKeys (ConfUtils.java:logGet(46)) - raft.server.rpc.sleep.time = 25ms (default)
2023-01-10 01:11:55,339 [pool-186-thread-1] INFO  server.RaftServerConfigKeys (ConfUtils.java:logGet(46)) - raft.server.rpc.slowness.timeout = 300s (custom)
2023-01-10 01:11:55,339 [pool-186-thread-1] INFO  server.RaftServerConfigKeys (ConfUtils.java:logGet(46)) - raft.server.leaderelection.leader.step-down.wait-time = 10s (default)
2023-01-10 01:11:55,339 [pool-186-thread-1] INFO  server.RaftServerConfigKeys (ConfUtils.java:logGet(46)) - raft.server.sleep.deviation.threshold = 300ms (default)
2023-01-10 01:11:55,339 [pool-186-thread-1] INFO  server.RaftServer$Division (ServerState.java:<init>(118)) - 819a9d5b-d004-47f6-9883-bc546cfa0094@group-E63690302BF4: ConfigurationManager, init=-1: peers:[819a9d5b-d004-47f6-9883-bc546cfa0094|rpc:10.1.0.24:40265|dataStream:10.1.0.24:43921|priority:1|startupRole:FOLLOWER]|listeners:[], old=null, confs=<EMPTY_MAP>
2023-01-10 01:11:55,339 [pool-186-thread-1] INFO  server.RaftServerConfigKeys (ConfUtils.java:logGet(46)) - raft.server.storage.dir = [/home/runner/work/ozone/ozone/hadoop-ozone/integration-test/target/test-dir/MiniOzoneClusterImpl-11329d86-319f-4265-8dbd-04dd0b699e79/datanode-5/data/ratis] (custom)
2023-01-10 01:11:55,339 [pool-186-thread-1] INFO  server.RaftServerConfigKeys (ConfUtils.java:logGet(46)) - raft.server.log.corruption.policy = EXCEPTION (default)
2023-01-10 01:11:55,340 [pool-186-thread-1] INFO  server.RaftServerConfigKeys (ConfUtils.java:logGet(46)) - raft.server.storage.free-space.min = 0MB (=0) (default)
2023-01-10 01:11:55,340 [pool-186-thread-1] INFO  server.RaftServerConfigKeys (ConfUtils.java:logGet(46)) - raft.server.notification.no-leader.timeout = 300s (custom)
2023-01-10 01:11:55,340 [pool-186-thread-1] INFO  server.RaftServerConfigKeys (ConfUtils.java:logGet(46)) - raft.server.retrycache.expirytime = 600000ms (custom)
2023-01-10 01:11:55,340 [pool-186-thread-1] INFO  server.RaftServerConfigKeys (ConfUtils.java:logGet(46)) - raft.server.retrycache.statistics.expirytime = 100μs (default)
2023-01-10 01:11:55,346 [JvmPauseMonitor0] WARN  util.JvmPauseMonitor (JvmPauseMonitor.java:detectPause(126)) - JvmPauseMonitor-om1: Detected pause in JVM or host machine (eg GC): pause of approximately 326742001ns.
GC pool 'PS MarkSweep' had collection(s): count=1 time=255ms
GC pool 'PS Scavenge' had collection(s): count=1 time=103ms
2023-01-10 01:11:55,348 [JvmPauseMonitor1] WARN  util.JvmPauseMonitor (JvmPauseMonitor.java:detectPause(126)) - JvmPauseMonitor-9684d5c9-574d-4083-afb3-2b5a0b78eb45: Detected pause in JVM or host machine (eg GC): pause of approximately 305805625ns.
GC pool 'PS MarkSweep' had collection(s): count=1 time=255ms
GC pool 'PS Scavenge' had collection(s): count=1 time=103ms
2023-01-10 01:11:55,348 [pool-163-thread-1] INFO  server.RaftServerConfigKeys (ConfUtils.java:logGet(46)) - raft.server.log.unsafe-flush.enabled = false (default)
2023-01-10 01:11:55,350 [pool-186-thread-1] INFO  server.RaftServerConfigKeys (ConfUtils.java:logGet(46)) - raft.server.log.appender.install.snapshot.enabled = false (custom)
2023-01-10 01:11:55,352 [pool-163-thread-1] INFO  server.RaftServerConfigKeys (ConfUtils.java:logGet(46)) - raft.server.log.async-flush.enabled = false (default)
2023-01-10 01:11:55,353 [pool-163-thread-1] INFO  server.RaftServerConfigKeys (ConfUtils.java:logGet(46)) - raft.server.log.statemachine.data.caching.enabled = true (custom)
2023-01-10 01:11:55,353 [pool-163-thread-1] INFO  segmented.SegmentedRaftLogWorker (SegmentedRaftLogWorker.java:lambda$new$0(135)) - 43274a1e-e531-4976-aba4-4015449e37b0@group-3A6F7E119F6F-SegmentedRaftLogWorker: flushIndex: setUnconditionally 0 -> -1
2023-01-10 01:11:55,353 [pool-163-thread-1] INFO  segmented.SegmentedRaftLogWorker (SegmentedRaftLogWorker.java:lambda$new$0(135)) - 43274a1e-e531-4976-aba4-4015449e37b0@group-3A6F7E119F6F-SegmentedRaftLogWorker: safeCacheEvictIndex: setUnconditionally 0 -> -1
2023-01-10 01:11:55,353 [pool-186-thread-1] INFO  server.RaftServerConfigKeys (ConfUtils.java:logGet(46)) - raft.server.threadpool.server.cached = true (default)
2023-01-10 01:11:55,353 [pool-186-thread-1] INFO  server.RaftServerConfigKeys (ConfUtils.java:logGet(46)) - raft.server.threadpool.server.size = 0 (default)
2023-01-10 01:11:55,353 [pool-186-thread-1] INFO  server.RaftServerConfigKeys (ConfUtils.java:logGet(46)) - raft.server.threadpool.client.cached = true (default)
2023-01-10 01:11:55,353 [pool-186-thread-1] INFO  server.RaftServerConfigKeys (ConfUtils.java:logGet(46)) - raft.server.threadpool.client.size = 0 (default)
2023-01-10 01:11:55,353 [pool-186-thread-1] INFO  storage.RaftStorageDirectory (RaftStorageDirectoryImpl.java:analyzeStorage(137)) - The storage directory /home/runner/work/ozone/ozone/hadoop-ozone/integration-test/target/test-dir/MiniOzoneClusterImpl-11329d86-319f-4265-8dbd-04dd0b699e79/datanode-5/data/ratis/745e6bfd-819c-497c-8910-e63690302bf4 does not exist. Creating ...
2023-01-10 01:11:55,355 [pool-186-thread-1] INFO  storage.RaftStorageDirectory (RaftStorageDirectoryImpl.java:tryLock(231)) - Lock on /home/runner/work/ozone/ozone/hadoop-ozone/integration-test/target/test-dir/MiniOzoneClusterImpl-11329d86-319f-4265-8dbd-04dd0b699e79/datanode-5/data/ratis/745e6bfd-819c-497c-8910-e63690302bf4/in_use.lock acquired by nodename 10631@fv-az353-623
2023-01-10 01:11:55,356 [pool-186-thread-1] INFO  storage.RaftStorage (RaftStorageImpl.java:format(96)) - Storage directory /home/runner/work/ozone/ozone/hadoop-ozone/integration-test/target/test-dir/MiniOzoneClusterImpl-11329d86-319f-4265-8dbd-04dd0b699e79/datanode-5/data/ratis/745e6bfd-819c-497c-8910-e63690302bf4 has been successfully formatted.
2023-01-10 01:11:55,357 [pool-163-thread-1] INFO  server.RaftServer$Division (RaftServerImpl.java:start(334)) - 43274a1e-e531-4976-aba4-4015449e37b0@group-3A6F7E119F6F: start as a follower, conf=-1: peers:[de1dc05a-b420-436e-92e0-be95de2f8d14|rpc:10.1.0.24:34547|dataStream:10.1.0.24:39059|priority:1|startupRole:FOLLOWER, 819a9d5b-d004-47f6-9883-bc546cfa0094|rpc:10.1.0.24:40265|dataStream:10.1.0.24:43921|priority:0|startupRole:FOLLOWER, 43274a1e-e531-4976-aba4-4015449e37b0|rpc:10.1.0.24:46313|dataStream:10.1.0.24:36845|priority:0|startupRole:FOLLOWER]|listeners:[], old=null
2023-01-10 01:11:55,357 [pool-163-thread-1] INFO  server.RaftServer$Division (RaftServerImpl.java:setRole(321)) - 43274a1e-e531-4976-aba4-4015449e37b0@group-3A6F7E119F6F: changes role from      null to FOLLOWER at term 0 for startAsFollower
2023-01-10 01:11:55,357 [pool-163-thread-1] INFO  impl.RoleInfo (RoleInfo.java:updateAndGet(139)) - 43274a1e-e531-4976-aba4-4015449e37b0: start 43274a1e-e531-4976-aba4-4015449e37b0@group-3A6F7E119F6F-FollowerState
2023-01-10 01:11:55,358 [pool-163-thread-1] INFO  util.JmxRegister (JmxRegister.java:tryRegister(44)) - Successfully registered JMX Bean with object name Ratis:service=RaftServer,group=group-3A6F7E119F6F,id=43274a1e-e531-4976-aba4-4015449e37b0
2023-01-10 01:11:55,358 [pool-163-thread-1] INFO  server.RaftServerConfigKeys (ConfUtils.java:logGet(46)) - raft.server.snapshot.auto.trigger.enabled = true (custom)
2023-01-10 01:11:55,358 [pool-163-thread-1] INFO  server.RaftServerConfigKeys (ConfUtils.java:logGet(46)) - raft.server.snapshot.auto.trigger.threshold = 10000 (custom)
2023-01-10 01:11:55,358 [pool-163-thread-1] INFO  server.RaftServerConfigKeys (ConfUtils.java:logGet(46)) - raft.server.snapshot.retention.file.num = 5 (custom)
2023-01-10 01:11:55,358 [pool-163-thread-1] INFO  server.RaftServerConfigKeys (ConfUtils.java:logGet(46)) - raft.server.log.purge.upto.snapshot.index = false (default)
2023-01-10 01:11:55,359 [Command processor thread] INFO  ratis.XceiverServerRatis (XceiverServerRatis.java:addGroup(806)) - Created group PipelineID=4612c823-6da0-4140-9b7e-3a6f7e119f6f
2023-01-10 01:11:55,366 [pool-186-thread-1] INFO  ratis.ContainerStateMachine (ContainerStateMachine.java:loadSnapshot(240)) - group-E63690302BF4: The snapshot info is null. Setting the last applied indexto:(t:0, i:~)
2023-01-10 01:11:55,367 [pool-186-thread-1] INFO  server.RaftServerConfigKeys (ConfUtils.java:logGet(46)) - raft.server.log.use.memory = false (default)
2023-01-10 01:11:55,367 [pool-186-thread-1] INFO  server.RaftServerConfigKeys (ConfUtils.java:logGet(46)) - raft.server.log.purge.gap = 1000000 (custom)
2023-01-10 01:11:55,367 [pool-186-thread-1] INFO  server.RaftServerConfigKeys (ConfUtils.java:logGet(46)) - raft.server.log.appender.buffer.byte-limit = 33554432 (custom)
2023-01-10 01:11:55,367 [pool-186-thread-1] INFO  server.RaftServerConfigKeys (ConfUtils.java:logGet(46)) - raft.server.log.statemachine.data.read.timeout = 1000ms (default)
2023-01-10 01:11:55,367 [pool-186-thread-1] INFO  server.RaftServerConfigKeys (ConfUtils.java:logGet(46)) - raft.server.log.purge.preservation.log.num = 0 (default)
2023-01-10 01:11:55,367 [pool-186-thread-1] INFO  server.RaftServerConfigKeys (ConfUtils.java:logGet(46)) - raft.server.log.segment.size.max = 1048576 (custom)
2023-01-10 01:11:55,367 [pool-186-thread-1] INFO  server.RaftServerConfigKeys (ConfUtils.java:logGet(46)) - raft.server.log.segment.cache.num.max = 2 (custom)
2023-01-10 01:11:55,367 [pool-186-thread-1] INFO  server.RaftServerConfigKeys (ConfUtils.java:logGet(46)) - raft.server.log.segment.cache.size.max = 200MB (=209715200) (default)
2023-01-10 01:11:55,367 [pool-186-thread-1] INFO  segmented.SegmentedRaftLogWorker (SegmentedRaftLogWorker.java:<init>(189)) - new 819a9d5b-d004-47f6-9883-bc546cfa0094@group-E63690302BF4-SegmentedRaftLogWorker for RaftStorageImpl:Storage Directory /home/runner/work/ozone/ozone/hadoop-ozone/integration-test/target/test-dir/MiniOzoneClusterImpl-11329d86-319f-4265-8dbd-04dd0b699e79/datanode-5/data/ratis/745e6bfd-819c-497c-8910-e63690302bf4
2023-01-10 01:11:55,367 [pool-186-thread-1] INFO  server.RaftServerConfigKeys (ConfUtils.java:logGet(46)) - raft.server.log.queue.byte-limit = 4294967296 (custom)
2023-01-10 01:11:55,367 [pool-186-thread-1] INFO  server.RaftServerConfigKeys (ConfUtils.java:logGet(46)) - raft.server.log.queue.element-limit = 1024 (custom)
2023-01-10 01:11:55,368 [pool-186-thread-1] INFO  server.RaftServerConfigKeys (ConfUtils.java:logGet(46)) - raft.server.log.segment.size.max = 1048576 (custom)
2023-01-10 01:11:55,368 [pool-186-thread-1] INFO  server.RaftServerConfigKeys (ConfUtils.java:logGet(46)) - raft.server.log.preallocated.size = 16384 (custom)
2023-01-10 01:11:55,368 [pool-186-thread-1] INFO  server.RaftServerConfigKeys (ConfUtils.java:logGet(46)) - raft.server.log.force.sync.num = 128 (default)
2023-01-10 01:11:55,368 [pool-186-thread-1] INFO  server.RaftServerConfigKeys (ConfUtils.java:logGet(46)) - raft.server.log.statemachine.data.sync = true (default)
2023-01-10 01:11:55,368 [pool-186-thread-1] INFO  server.RaftServerConfigKeys (ConfUtils.java:logGet(46)) - raft.server.log.statemachine.data.sync.timeout = 10s (default)
2023-01-10 01:11:55,368 [pool-186-thread-1] INFO  server.RaftServerConfigKeys (ConfUtils.java:logGet(46)) - raft.server.log.statemachine.data.sync.timeout.retry = -1 (default)
2023-01-10 01:11:55,368 [pool-186-thread-1] INFO  server.RaftServerConfigKeys (ConfUtils.java:logGet(46)) - raft.server.log.write.buffer.size = 1048576 (custom)
2023-01-10 01:11:55,372 [pool-186-thread-1] INFO  server.RaftServerConfigKeys (ConfUtils.java:logGet(46)) - raft.server.log.appender.buffer.byte-limit = 33554432 (custom)
2023-01-10 01:11:55,372 [43274a1e-e531-4976-aba4-4015449e37b0@group-3A6F7E119F6F-FollowerState] INFO  server.RaftServerConfigKeys (ConfUtils.java:logFallback(53)) - raft.server.rpc.first-election.timeout.min = 5s (fallback to raft.server.rpc.timeout.min)
2023-01-10 01:11:55,372 [43274a1e-e531-4976-aba4-4015449e37b0@group-3A6F7E119F6F-FollowerState] INFO  server.RaftServerConfigKeys (ConfUtils.java:logFallback(53)) - raft.server.rpc.first-election.timeout.max = 5200ms (fallback to raft.server.rpc.timeout.max)
2023-01-10 01:11:55,377 [pool-186-thread-1] INFO  server.RaftServerConfigKeys (ConfUtils.java:logGet(46)) - raft.server.log.unsafe-flush.enabled = false (default)
2023-01-10 01:11:55,377 [pool-186-thread-1] INFO  server.RaftServerConfigKeys (ConfUtils.java:logGet(46)) - raft.server.log.async-flush.enabled = false (default)
2023-01-10 01:11:55,377 [pool-186-thread-1] INFO  server.RaftServerConfigKeys (ConfUtils.java:logGet(46)) - raft.server.log.statemachine.data.caching.enabled = true (custom)
2023-01-10 01:11:55,377 [pool-186-thread-1] INFO  segmented.SegmentedRaftLogWorker (SegmentedRaftLogWorker.java:lambda$new$0(135)) - 819a9d5b-d004-47f6-9883-bc546cfa0094@group-E63690302BF4-SegmentedRaftLogWorker: flushIndex: setUnconditionally 0 -> -1
2023-01-10 01:11:55,377 [pool-186-thread-1] INFO  segmented.SegmentedRaftLogWorker (SegmentedRaftLogWorker.java:lambda$new$0(135)) - 819a9d5b-d004-47f6-9883-bc546cfa0094@group-E63690302BF4-SegmentedRaftLogWorker: safeCacheEvictIndex: setUnconditionally 0 -> -1
2023-01-10 01:11:55,377 [pool-186-thread-1] INFO  server.RaftServer$Division (RaftServerImpl.java:start(334)) - 819a9d5b-d004-47f6-9883-bc546cfa0094@group-E63690302BF4: start as a follower, conf=-1: peers:[819a9d5b-d004-47f6-9883-bc546cfa0094|rpc:10.1.0.24:40265|dataStream:10.1.0.24:43921|priority:1|startupRole:FOLLOWER]|listeners:[], old=null
2023-01-10 01:11:55,377 [pool-186-thread-1] INFO  server.RaftServer$Division (RaftServerImpl.java:setRole(321)) - 819a9d5b-d004-47f6-9883-bc546cfa0094@group-E63690302BF4: changes role from      null to FOLLOWER at term 0 for startAsFollower
2023-01-10 01:11:55,377 [pool-186-thread-1] INFO  impl.RoleInfo (RoleInfo.java:updateAndGet(139)) - 819a9d5b-d004-47f6-9883-bc546cfa0094: start 819a9d5b-d004-47f6-9883-bc546cfa0094@group-E63690302BF4-FollowerState
2023-01-10 01:11:55,386 [pool-186-thread-1] INFO  util.JmxRegister (JmxRegister.java:tryRegister(44)) - Successfully registered JMX Bean with object name Ratis:service=RaftServer,group=group-E63690302BF4,id=819a9d5b-d004-47f6-9883-bc546cfa0094
2023-01-10 01:11:55,386 [819a9d5b-d004-47f6-9883-bc546cfa0094@group-E63690302BF4-FollowerState] INFO  server.RaftServerConfigKeys (ConfUtils.java:logFallback(53)) - raft.server.rpc.first-election.timeout.min = 5s (fallback to raft.server.rpc.timeout.min)
2023-01-10 01:11:55,386 [pool-186-thread-1] INFO  server.RaftServerConfigKeys (ConfUtils.java:logGet(46)) - raft.server.snapshot.auto.trigger.enabled = true (custom)
2023-01-10 01:11:55,386 [819a9d5b-d004-47f6-9883-bc546cfa0094@group-E63690302BF4-FollowerState] INFO  server.RaftServerConfigKeys (ConfUtils.java:logFallback(53)) - raft.server.rpc.first-election.timeout.max = 5200ms (fallback to raft.server.rpc.timeout.max)
2023-01-10 01:11:55,386 [pool-186-thread-1] INFO  server.RaftServerConfigKeys (ConfUtils.java:logGet(46)) - raft.server.snapshot.auto.trigger.threshold = 10000 (custom)
2023-01-10 01:11:55,386 [pool-186-thread-1] INFO  server.RaftServerConfigKeys (ConfUtils.java:logGet(46)) - raft.server.snapshot.retention.file.num = 5 (custom)
2023-01-10 01:11:55,386 [pool-186-thread-1] INFO  server.RaftServerConfigKeys (ConfUtils.java:logGet(46)) - raft.server.log.purge.upto.snapshot.index = false (default)
2023-01-10 01:11:55,389 [Command processor thread] INFO  ratis.XceiverServerRatis (XceiverServerRatis.java:addGroup(806)) - Created group PipelineID=745e6bfd-819c-497c-8910-e63690302bf4
2023-01-10 01:11:55,389 [Command processor thread] INFO  commandhandler.CreatePipelineCommandHandler (CreatePipelineCommandHandler.java:handle(113)) - Created Pipeline RATIS ONE PipelineID=745e6bfd-819c-497c-8910-e63690302bf4.
2023-01-10 01:11:55,391 [EventQueue-PipelineReportForPipelineReportHandler] INFO  pipeline.PipelineManagerImpl (PipelineManagerImpl.java:openPipeline(367)) - Pipeline Pipeline[ Id: 745e6bfd-819c-497c-8910-e63690302bf4, Nodes: 819a9d5b-d004-47f6-9883-bc546cfa0094{ip: 10.1.0.24, host: fv-az353-623.tkyx2seitsuu3nmpmouz2httfb.bx.internal.cloudapp.net, ports: [REPLICATION=42931, RATIS=40265, RATIS_ADMIN=40265, RATIS_SERVER=40265, RATIS_DATASTREAM=43921, STANDALONE=32831], networkLocation: /default-rack, certSerialId: null, persistedOpState: IN_SERVICE, persistedOpStateExpiryEpochSec: 0}, ReplicationConfig: RATIS/ONE, State:ALLOCATED, leaderId:819a9d5b-d004-47f6-9883-bc546cfa0094, CreationTimestamp2023-01-10T01:11:52.209Z[Etc/UTC]] moved to OPEN state
2023-01-10 01:11:55,392 [EventQueue-OpenPipelineForHealthyPipelineSafeModeRule] INFO  safemode.SCMSafeModeManager (HealthyPipelineSafeModeRule.java:process(137)) - SCM in safe mode. Healthy pipelines reported count is 0, required healthy pipeline reported count is 1
2023-01-10 01:11:55,400 [Command processor thread] INFO  commandhandler.CreatePipelineCommandHandler (CreatePipelineCommandHandler.java:handle(113)) - Created Pipeline RATIS THREE PipelineID=4612c823-6da0-4140-9b7e-3a6f7e119f6f.
2023-01-10 01:11:55,425 [Command processor thread] INFO  commandhandler.CreatePipelineCommandHandler (CreatePipelineCommandHandler.java:handle(113)) - Created Pipeline RATIS THREE PipelineID=4612c823-6da0-4140-9b7e-3a6f7e119f6f.
2023-01-10 01:11:56,337 [Listener at 127.0.0.1/34303] INFO  ozone.MiniOzoneClusterImpl (MiniOzoneClusterImpl.java:lambda$waitForClusterToBeReady$0(218)) - Nodes are ready. Got 6 of 6 DN Heartbeats.
2023-01-10 01:11:56,338 [Listener at 127.0.0.1/34303] INFO  ozone.MiniOzoneClusterImpl (MiniOzoneClusterImpl.java:lambda$waitForClusterToBeReady$0(221)) - Waiting for cluster to exit safe mode
2023-01-10 01:11:56,338 [Listener at 127.0.0.1/34303] INFO  ozone.MiniOzoneClusterImpl (MiniOzoneClusterImpl.java:lambda$waitForClusterToBeReady$0(223)) - SCM became leader
2023-01-10 01:11:57,338 [Listener at 127.0.0.1/34303] INFO  ozone.MiniOzoneClusterImpl (MiniOzoneClusterImpl.java:lambda$waitForClusterToBeReady$0(218)) - Nodes are ready. Got 6 of 6 DN Heartbeats.
2023-01-10 01:11:57,339 [Listener at 127.0.0.1/34303] INFO  ozone.MiniOzoneClusterImpl (MiniOzoneClusterImpl.java:lambda$waitForClusterToBeReady$0(221)) - Waiting for cluster to exit safe mode
2023-01-10 01:11:57,339 [Listener at 127.0.0.1/34303] INFO  ozone.MiniOzoneClusterImpl (MiniOzoneClusterImpl.java:lambda$waitForClusterToBeReady$0(223)) - SCM became leader
2023-01-10 01:11:58,339 [Listener at 127.0.0.1/34303] INFO  ozone.MiniOzoneClusterImpl (MiniOzoneClusterImpl.java:lambda$waitForClusterToBeReady$0(218)) - Nodes are ready. Got 6 of 6 DN Heartbeats.
2023-01-10 01:11:58,339 [Listener at 127.0.0.1/34303] INFO  ozone.MiniOzoneClusterImpl (MiniOzoneClusterImpl.java:lambda$waitForClusterToBeReady$0(221)) - Waiting for cluster to exit safe mode
2023-01-10 01:11:58,339 [Listener at 127.0.0.1/34303] INFO  ozone.MiniOzoneClusterImpl (MiniOzoneClusterImpl.java:lambda$waitForClusterToBeReady$0(223)) - SCM became leader
2023-01-10 01:11:58,583 [9684d5c9-574d-4083-afb3-2b5a0b78eb45@group-767D98A7D697-FollowerState] INFO  impl.FollowerState (FollowerState.java:run(143)) - 9684d5c9-574d-4083-afb3-2b5a0b78eb45@group-767D98A7D697-FollowerState: change to CANDIDATE, lastRpcElapsedTime:5084947548ns, electionTimeout:5077ms
2023-01-10 01:11:58,584 [9684d5c9-574d-4083-afb3-2b5a0b78eb45@group-767D98A7D697-FollowerState] INFO  impl.RoleInfo (RoleInfo.java:shutdownFollowerState(110)) - 9684d5c9-574d-4083-afb3-2b5a0b78eb45: shutdown 9684d5c9-574d-4083-afb3-2b5a0b78eb45@group-767D98A7D697-FollowerState
2023-01-10 01:11:58,584 [9684d5c9-574d-4083-afb3-2b5a0b78eb45@group-767D98A7D697-FollowerState] INFO  server.RaftServer$Division (RaftServerImpl.java:setRole(321)) - 9684d5c9-574d-4083-afb3-2b5a0b78eb45@group-767D98A7D697: changes role from  FOLLOWER to CANDIDATE at term 0 for changeToCandidate
2023-01-10 01:11:58,585 [9684d5c9-574d-4083-afb3-2b5a0b78eb45@group-767D98A7D697-FollowerState] INFO  server.RaftServerConfigKeys (ConfUtils.java:logGet(46)) - raft.server.leaderelection.pre-vote = false (custom)
2023-01-10 01:11:58,585 [9684d5c9-574d-4083-afb3-2b5a0b78eb45@group-767D98A7D697-FollowerState] INFO  impl.RoleInfo (RoleInfo.java:updateAndGet(139)) - 9684d5c9-574d-4083-afb3-2b5a0b78eb45: start 9684d5c9-574d-4083-afb3-2b5a0b78eb45@group-767D98A7D697-LeaderElection2
2023-01-10 01:11:58,594 [9684d5c9-574d-4083-afb3-2b5a0b78eb45@group-767D98A7D697-LeaderElection2] INFO  impl.LeaderElection (LeaderElection.java:askForVotes(312)) - 9684d5c9-574d-4083-afb3-2b5a0b78eb45@group-767D98A7D697-LeaderElection2 ELECTION round 0: submit vote requests at term 1 for -1: peers:[9684d5c9-574d-4083-afb3-2b5a0b78eb45|rpc:10.1.0.24:45207|dataStream:10.1.0.24:35443|priority:1|startupRole:FOLLOWER]|listeners:[], old=null
2023-01-10 01:11:58,594 [9684d5c9-574d-4083-afb3-2b5a0b78eb45@group-767D98A7D697-LeaderElection2] INFO  impl.LeaderElection (LeaderElection.java:askForVotes(314)) - 9684d5c9-574d-4083-afb3-2b5a0b78eb45@group-767D98A7D697-LeaderElection2 ELECTION round 0: result PASSED (term=1)
2023-01-10 01:11:58,594 [9684d5c9-574d-4083-afb3-2b5a0b78eb45@group-767D98A7D697-LeaderElection2] INFO  impl.RoleInfo (RoleInfo.java:shutdownLeaderElection(130)) - 9684d5c9-574d-4083-afb3-2b5a0b78eb45: shutdown 9684d5c9-574d-4083-afb3-2b5a0b78eb45@group-767D98A7D697-LeaderElection2
2023-01-10 01:11:58,594 [9684d5c9-574d-4083-afb3-2b5a0b78eb45@group-767D98A7D697-LeaderElection2] INFO  server.RaftServer$Division (RaftServerImpl.java:setRole(321)) - 9684d5c9-574d-4083-afb3-2b5a0b78eb45@group-767D98A7D697: changes role from CANDIDATE to LEADER at term 1 for changeToLeader
2023-01-10 01:11:58,594 [9684d5c9-574d-4083-afb3-2b5a0b78eb45@group-767D98A7D697-LeaderElection2] INFO  ratis.XceiverServerRatis (XceiverServerRatis.java:handleLeaderChangedNotification(904)) - Leader change notification received for group: group-767D98A7D697 with new leaderId: 9684d5c9-574d-4083-afb3-2b5a0b78eb45
2023-01-10 01:11:58,595 [9684d5c9-574d-4083-afb3-2b5a0b78eb45@group-767D98A7D697-LeaderElection2] INFO  server.RaftServer$Division (ServerState.java:setLeader(313)) - 9684d5c9-574d-4083-afb3-2b5a0b78eb45@group-767D98A7D697: change Leader from null to 9684d5c9-574d-4083-afb3-2b5a0b78eb45 at term 1 for becomeLeader, leader elected after 5144ms
2023-01-10 01:11:58,595 [9684d5c9-574d-4083-afb3-2b5a0b78eb45@group-767D98A7D697-LeaderElection2] INFO  server.RaftServerConfigKeys (ConfUtils.java:logGet(46)) - raft.server.staging.catchup.gap = 1000 (default)
2023-01-10 01:11:58,595 [9684d5c9-574d-4083-afb3-2b5a0b78eb45@group-767D98A7D697-LeaderElection2] INFO  server.RaftServerConfigKeys (ConfUtils.java:logGet(46)) - raft.server.write.element-limit = 1024 (custom)
2023-01-10 01:11:58,595 [9684d5c9-574d-4083-afb3-2b5a0b78eb45@group-767D98A7D697-LeaderElection2] INFO  server.RaftServerConfigKeys (ConfUtils.java:logGet(46)) - raft.server.write.byte-limit = 1024 M (=1073741824) (custom)
2023-01-10 01:11:58,596 [9684d5c9-574d-4083-afb3-2b5a0b78eb45@group-767D98A7D697-LeaderElection2] INFO  server.RaftServerConfigKeys (ConfUtils.java:logGet(46)) - raft.server.watch.timeout = 180s (custom)
2023-01-10 01:11:58,596 [9684d5c9-574d-4083-afb3-2b5a0b78eb45@group-767D98A7D697-LeaderElection2] INFO  server.RaftServerConfigKeys (ConfUtils.java:logGet(46)) - raft.server.watch.timeout.denomination = 1s (default)
2023-01-10 01:11:58,596 [9684d5c9-574d-4083-afb3-2b5a0b78eb45@group-767D98A7D697-LeaderElection2] INFO  server.RaftServerConfigKeys (ConfUtils.java:logGet(46)) - raft.server.watch.element-limit = 65536 (default)
2023-01-10 01:11:58,596 [9684d5c9-574d-4083-afb3-2b5a0b78eb45@group-767D98A7D697-LeaderElection2] INFO  server.RaftServerConfigKeys (ConfUtils.java:logGet(46)) - raft.server.write.element-limit = 1024 (custom)
2023-01-10 01:11:58,596 [9684d5c9-574d-4083-afb3-2b5a0b78eb45@group-767D98A7D697-LeaderElection2] INFO  server.RaftServerConfigKeys (ConfUtils.java:logGet(46)) - raft.server.write.follower.gap.ratio.max = -1.0 (default)
2023-01-10 01:11:58,596 [9684d5c9-574d-4083-afb3-2b5a0b78eb45@group-767D98A7D697-LeaderElection2] INFO  impl.RoleInfo (RoleInfo.java:updateAndGet(139)) - 9684d5c9-574d-4083-afb3-2b5a0b78eb45: start 9684d5c9-574d-4083-afb3-2b5a0b78eb45@group-767D98A7D697-LeaderStateImpl
2023-01-10 01:11:58,596 [EventQueue-OpenPipelineForHealthyPipelineSafeModeRule] INFO  safemode.SCMSafeModeManager (HealthyPipelineSafeModeRule.java:process(137)) - SCM in safe mode. Healthy pipelines reported count is 0, required healthy pipeline reported count is 1
2023-01-10 01:11:58,597 [9684d5c9-574d-4083-afb3-2b5a0b78eb45@group-767D98A7D697-LeaderElection2] INFO  segmented.SegmentedRaftLogWorker (SegmentedRaftLogWorker.java:startLogSegment(452)) - 9684d5c9-574d-4083-afb3-2b5a0b78eb45@group-767D98A7D697-SegmentedRaftLogWorker: Starting segment from index:0
2023-01-10 01:11:58,598 [9684d5c9-574d-4083-afb3-2b5a0b78eb45@group-767D98A7D697-SegmentedRaftLogWorker] INFO  segmented.SegmentedRaftLogWorker (SegmentedRaftLogWorker.java:execute(656)) - 9684d5c9-574d-4083-afb3-2b5a0b78eb45@group-767D98A7D697-SegmentedRaftLogWorker: created new log segment /home/runner/work/ozone/ozone/hadoop-ozone/integration-test/target/test-dir/MiniOzoneClusterImpl-11329d86-319f-4265-8dbd-04dd0b699e79/datanode-0/data/ratis/aa398e0d-26a5-4d9a-8e0e-767d98a7d697/current/log_inprogress_0
2023-01-10 01:11:58,600 [9684d5c9-574d-4083-afb3-2b5a0b78eb45@group-767D98A7D697-LeaderElection2] INFO  server.RaftServer$Division (ServerState.java:setRaftConf(430)) - 9684d5c9-574d-4083-afb3-2b5a0b78eb45@group-767D98A7D697: set configuration 0: peers:[9684d5c9-574d-4083-afb3-2b5a0b78eb45|rpc:10.1.0.24:45207|dataStream:10.1.0.24:35443|priority:1|startupRole:FOLLOWER]|listeners:[], old=null
2023-01-10 01:11:58,709 [9684d5c9-574d-4083-afb3-2b5a0b78eb45@group-225BCC242D8D-FollowerState] INFO  impl.FollowerState (FollowerState.java:run(143)) - 9684d5c9-574d-4083-afb3-2b5a0b78eb45@group-225BCC242D8D-FollowerState: change to CANDIDATE, lastRpcElapsedTime:5172174998ns, electionTimeout:5171ms
2023-01-10 01:11:58,710 [9684d5c9-574d-4083-afb3-2b5a0b78eb45@group-225BCC242D8D-FollowerState] INFO  impl.RoleInfo (RoleInfo.java:shutdownFollowerState(110)) - 9684d5c9-574d-4083-afb3-2b5a0b78eb45: shutdown 9684d5c9-574d-4083-afb3-2b5a0b78eb45@group-225BCC242D8D-FollowerState
2023-01-10 01:11:58,710 [9684d5c9-574d-4083-afb3-2b5a0b78eb45@group-225BCC242D8D-FollowerState] INFO  server.RaftServer$Division (RaftServerImpl.java:setRole(321)) - 9684d5c9-574d-4083-afb3-2b5a0b78eb45@group-225BCC242D8D: changes role from  FOLLOWER to CANDIDATE at term 0 for changeToCandidate
2023-01-10 01:11:58,711 [9684d5c9-574d-4083-afb3-2b5a0b78eb45@group-225BCC242D8D-FollowerState] INFO  server.RaftServerConfigKeys (ConfUtils.java:logGet(46)) - raft.server.leaderelection.pre-vote = false (custom)
2023-01-10 01:11:58,711 [9684d5c9-574d-4083-afb3-2b5a0b78eb45@group-225BCC242D8D-FollowerState] INFO  impl.RoleInfo (RoleInfo.java:updateAndGet(139)) - 9684d5c9-574d-4083-afb3-2b5a0b78eb45: start 9684d5c9-574d-4083-afb3-2b5a0b78eb45@group-225BCC242D8D-LeaderElection3
2023-01-10 01:11:58,720 [9684d5c9-574d-4083-afb3-2b5a0b78eb45@group-225BCC242D8D-LeaderElection3] INFO  impl.LeaderElection (LeaderElection.java:askForVotes(312)) - 9684d5c9-574d-4083-afb3-2b5a0b78eb45@group-225BCC242D8D-LeaderElection3 ELECTION round 0: submit vote requests at term 1 for -1: peers:[9684d5c9-574d-4083-afb3-2b5a0b78eb45|rpc:10.1.0.24:45207|dataStream:10.1.0.24:35443|priority:0|startupRole:FOLLOWER, cf55343f-a051-44b0-a85c-65c9cdfe5b3e|rpc:10.1.0.24:44193|dataStream:10.1.0.24:34389|priority:0|startupRole:FOLLOWER, 482fd31e-156c-418e-9aed-e6d52525a62a|rpc:10.1.0.24:38229|dataStream:10.1.0.24:43885|priority:1|startupRole:FOLLOWER]|listeners:[], old=null
2023-01-10 01:11:58,726 [9684d5c9-574d-4083-afb3-2b5a0b78eb45@group-225BCC242D8D-LeaderElection3-1] INFO  server.GrpcServerProtocolClient (GrpcServerProtocolClient.java:<init>(63)) - Build channel for cf55343f-a051-44b0-a85c-65c9cdfe5b3e
2023-01-10 01:11:58,729 [9684d5c9-574d-4083-afb3-2b5a0b78eb45@group-225BCC242D8D-LeaderElection3] INFO  server.RaftServerConfigKeys (ConfUtils.java:logFallback(53)) - raft.server.rpc.first-election.timeout.min = 5s (fallback to raft.server.rpc.timeout.min)
2023-01-10 01:11:58,730 [9684d5c9-574d-4083-afb3-2b5a0b78eb45@group-225BCC242D8D-LeaderElection3] INFO  server.RaftServerConfigKeys (ConfUtils.java:logFallback(53)) - raft.server.rpc.first-election.timeout.max = 5200ms (fallback to raft.server.rpc.timeout.max)
2023-01-10 01:11:58,730 [9684d5c9-574d-4083-afb3-2b5a0b78eb45@group-225BCC242D8D-LeaderElection3-2] INFO  server.GrpcServerProtocolClient (GrpcServerProtocolClient.java:<init>(63)) - Build channel for 482fd31e-156c-418e-9aed-e6d52525a62a
2023-01-10 01:11:58,745 [grpc-default-executor-1] INFO  server.RaftServer$Division (RaftServerImpl.java:requestVote(1218)) - cf55343f-a051-44b0-a85c-65c9cdfe5b3e@group-225BCC242D8D: receive requestVote(ELECTION, 9684d5c9-574d-4083-afb3-2b5a0b78eb45, group-225BCC242D8D, 1, (t:0, i:0))
2023-01-10 01:11:58,746 [grpc-default-executor-1] INFO  impl.VoteContext (VoteContext.java:log(49)) - cf55343f-a051-44b0-a85c-65c9cdfe5b3e@group-225BCC242D8D-FOLLOWER: accept ELECTION from 9684d5c9-574d-4083-afb3-2b5a0b78eb45: our priority 0 <= candidate's priority 0
2023-01-10 01:11:58,746 [grpc-default-executor-1] INFO  server.RaftServer$Division (RaftServerImpl.java:setRole(321)) - cf55343f-a051-44b0-a85c-65c9cdfe5b3e@group-225BCC242D8D: changes role from  FOLLOWER to FOLLOWER at term 1 for candidate:9684d5c9-574d-4083-afb3-2b5a0b78eb45
2023-01-10 01:11:58,747 [grpc-default-executor-1] INFO  impl.RoleInfo (RoleInfo.java:shutdownFollowerState(110)) - cf55343f-a051-44b0-a85c-65c9cdfe5b3e: shutdown cf55343f-a051-44b0-a85c-65c9cdfe5b3e@group-225BCC242D8D-FollowerState
2023-01-10 01:11:58,751 [grpc-default-executor-0] INFO  server.RaftServer$Division (RaftServerImpl.java:requestVote(1218)) - 482fd31e-156c-418e-9aed-e6d52525a62a@group-225BCC242D8D: receive requestVote(ELECTION, 9684d5c9-574d-4083-afb3-2b5a0b78eb45, group-225BCC242D8D, 1, (t:0, i:0))
2023-01-10 01:11:58,751 [grpc-default-executor-0] INFO  impl.VoteContext (VoteContext.java:log(49)) - 482fd31e-156c-418e-9aed-e6d52525a62a@group-225BCC242D8D-FOLLOWER: reject ELECTION from 9684d5c9-574d-4083-afb3-2b5a0b78eb45: our priority 1 > candidate's priority 0
2023-01-10 01:11:58,758 [cf55343f-a051-44b0-a85c-65c9cdfe5b3e@group-225BCC242D8D-FollowerState] INFO  impl.FollowerState (FollowerState.java:run(152)) - cf55343f-a051-44b0-a85c-65c9cdfe5b3e@group-225BCC242D8D-FollowerState was interrupted
2023-01-10 01:11:58,758 [grpc-default-executor-0] INFO  server.RaftServer$Division (RaftServerImpl.java:setRole(321)) - 482fd31e-156c-418e-9aed-e6d52525a62a@group-225BCC242D8D: changes role from  FOLLOWER to FOLLOWER at term 1 for candidate:9684d5c9-574d-4083-afb3-2b5a0b78eb45
2023-01-10 01:11:58,758 [grpc-default-executor-0] INFO  impl.RoleInfo (RoleInfo.java:shutdownFollowerState(110)) - 482fd31e-156c-418e-9aed-e6d52525a62a: shutdown 482fd31e-156c-418e-9aed-e6d52525a62a@group-225BCC242D8D-FollowerState
2023-01-10 01:11:58,758 [482fd31e-156c-418e-9aed-e6d52525a62a@group-225BCC242D8D-FollowerState] INFO  impl.FollowerState (FollowerState.java:run(152)) - 482fd31e-156c-418e-9aed-e6d52525a62a@group-225BCC242D8D-FollowerState was interrupted
2023-01-10 01:11:58,759 [grpc-default-executor-0] INFO  impl.RoleInfo (RoleInfo.java:updateAndGet(139)) - 482fd31e-156c-418e-9aed-e6d52525a62a: start 482fd31e-156c-418e-9aed-e6d52525a62a@group-225BCC242D8D-FollowerState
2023-01-10 01:11:58,759 [482fd31e-156c-418e-9aed-e6d52525a62a@group-225BCC242D8D-FollowerState] INFO  server.RaftServerConfigKeys (ConfUtils.java:logFallback(53)) - raft.server.rpc.first-election.timeout.min = 5s (fallback to raft.server.rpc.timeout.min)
2023-01-10 01:11:58,759 [482fd31e-156c-418e-9aed-e6d52525a62a@group-225BCC242D8D-FollowerState] INFO  server.RaftServerConfigKeys (ConfUtils.java:logFallback(53)) - raft.server.rpc.first-election.timeout.max = 5200ms (fallback to raft.server.rpc.timeout.max)
2023-01-10 01:11:58,763 [grpc-default-executor-1] INFO  impl.RoleInfo (RoleInfo.java:updateAndGet(139)) - cf55343f-a051-44b0-a85c-65c9cdfe5b3e: start cf55343f-a051-44b0-a85c-65c9cdfe5b3e@group-225BCC242D8D-FollowerState
2023-01-10 01:11:58,763 [cf55343f-a051-44b0-a85c-65c9cdfe5b3e@group-225BCC242D8D-FollowerState] INFO  server.RaftServerConfigKeys (ConfUtils.java:logFallback(53)) - raft.server.rpc.first-election.timeout.min = 5s (fallback to raft.server.rpc.timeout.min)
2023-01-10 01:11:58,764 [cf55343f-a051-44b0-a85c-65c9cdfe5b3e@group-225BCC242D8D-FollowerState] INFO  server.RaftServerConfigKeys (ConfUtils.java:logFallback(53)) - raft.server.rpc.first-election.timeout.max = 5200ms (fallback to raft.server.rpc.timeout.max)
2023-01-10 01:11:58,764 [grpc-default-executor-0] INFO  server.RaftServer$Division (RaftServerImpl.java:requestVote(1251)) - 482fd31e-156c-418e-9aed-e6d52525a62a@group-225BCC242D8D replies to ELECTION vote request: 9684d5c9-574d-4083-afb3-2b5a0b78eb45<-482fd31e-156c-418e-9aed-e6d52525a62a#0:FAIL-t1. Peer's state: 482fd31e-156c-418e-9aed-e6d52525a62a@group-225BCC242D8D:t1, leader=null, voted=null, raftlog=Memoized:482fd31e-156c-418e-9aed-e6d52525a62a@group-225BCC242D8D-SegmentedRaftLog:OPENED:c-1, conf=-1: peers:[9684d5c9-574d-4083-afb3-2b5a0b78eb45|rpc:10.1.0.24:45207|dataStream:10.1.0.24:35443|priority:0|startupRole:FOLLOWER, cf55343f-a051-44b0-a85c-65c9cdfe5b3e|rpc:10.1.0.24:44193|dataStream:10.1.0.24:34389|priority:0|startupRole:FOLLOWER, 482fd31e-156c-418e-9aed-e6d52525a62a|rpc:10.1.0.24:38229|dataStream:10.1.0.24:43885|priority:1|startupRole:FOLLOWER]|listeners:[], old=null
2023-01-10 01:11:58,766 [grpc-default-executor-1] INFO  server.RaftServer$Division (RaftServerImpl.java:requestVote(1251)) - cf55343f-a051-44b0-a85c-65c9cdfe5b3e@group-225BCC242D8D replies to ELECTION vote request: 9684d5c9-574d-4083-afb3-2b5a0b78eb45<-cf55343f-a051-44b0-a85c-65c9cdfe5b3e#0:OK-t1. Peer's state: cf55343f-a051-44b0-a85c-65c9cdfe5b3e@group-225BCC242D8D:t1, leader=null, voted=9684d5c9-574d-4083-afb3-2b5a0b78eb45, raftlog=Memoized:cf55343f-a051-44b0-a85c-65c9cdfe5b3e@group-225BCC242D8D-SegmentedRaftLog:OPENED:c-1, conf=-1: peers:[9684d5c9-574d-4083-afb3-2b5a0b78eb45|rpc:10.1.0.24:45207|dataStream:10.1.0.24:35443|priority:0|startupRole:FOLLOWER, cf55343f-a051-44b0-a85c-65c9cdfe5b3e|rpc:10.1.0.24:44193|dataStream:10.1.0.24:34389|priority:0|startupRole:FOLLOWER, 482fd31e-156c-418e-9aed-e6d52525a62a|rpc:10.1.0.24:38229|dataStream:10.1.0.24:43885|priority:1|startupRole:FOLLOWER]|listeners:[], old=null
2023-01-10 01:11:58,775 [9684d5c9-574d-4083-afb3-2b5a0b78eb45@group-225BCC242D8D-LeaderElection3] INFO  impl.LeaderElection (LeaderElection.java:logAndReturn(90)) - 9684d5c9-574d-4083-afb3-2b5a0b78eb45@group-225BCC242D8D-LeaderElection3: ELECTION REJECTED received 2 response(s) and 0 exception(s):
2023-01-10 01:11:58,775 [9684d5c9-574d-4083-afb3-2b5a0b78eb45@group-225BCC242D8D-LeaderElection3] INFO  impl.LeaderElection (LeaderElection.java:logAndReturn(94)) -   Response 0: 9684d5c9-574d-4083-afb3-2b5a0b78eb45<-cf55343f-a051-44b0-a85c-65c9cdfe5b3e#0:OK-t1
2023-01-10 01:11:58,775 [9684d5c9-574d-4083-afb3-2b5a0b78eb45@group-225BCC242D8D-LeaderElection3] INFO  impl.LeaderElection (LeaderElection.java:logAndReturn(94)) -   Response 1: 9684d5c9-574d-4083-afb3-2b5a0b78eb45<-482fd31e-156c-418e-9aed-e6d52525a62a#0:FAIL-t1
2023-01-10 01:11:58,775 [9684d5c9-574d-4083-afb3-2b5a0b78eb45@group-225BCC242D8D-LeaderElection3] INFO  impl.LeaderElection (LeaderElection.java:askForVotes(314)) - 9684d5c9-574d-4083-afb3-2b5a0b78eb45@group-225BCC242D8D-LeaderElection3 ELECTION round 0: result REJECTED
2023-01-10 01:11:58,775 [9684d5c9-574d-4083-afb3-2b5a0b78eb45@group-225BCC242D8D-LeaderElection3] INFO  server.RaftServer$Division (RaftServerImpl.java:setRole(321)) - 9684d5c9-574d-4083-afb3-2b5a0b78eb45@group-225BCC242D8D: changes role from CANDIDATE to FOLLOWER at term 1 for REJECTED
2023-01-10 01:11:58,775 [9684d5c9-574d-4083-afb3-2b5a0b78eb45@group-225BCC242D8D-LeaderElection3] INFO  impl.RoleInfo (RoleInfo.java:shutdownLeaderElection(130)) - 9684d5c9-574d-4083-afb3-2b5a0b78eb45: shutdown 9684d5c9-574d-4083-afb3-2b5a0b78eb45@group-225BCC242D8D-LeaderElection3
2023-01-10 01:11:58,775 [9684d5c9-574d-4083-afb3-2b5a0b78eb45@group-225BCC242D8D-LeaderElection3] INFO  impl.RoleInfo (RoleInfo.java:updateAndGet(139)) - 9684d5c9-574d-4083-afb3-2b5a0b78eb45: start 9684d5c9-574d-4083-afb3-2b5a0b78eb45@group-225BCC242D8D-FollowerState
2023-01-10 01:11:58,779 [9684d5c9-574d-4083-afb3-2b5a0b78eb45@group-225BCC242D8D-FollowerState] INFO  server.RaftServerConfigKeys (ConfUtils.java:logFallback(53)) - raft.server.rpc.first-election.timeout.min = 5s (fallback to raft.server.rpc.timeout.min)
2023-01-10 01:11:58,779 [9684d5c9-574d-4083-afb3-2b5a0b78eb45@group-225BCC242D8D-FollowerState] INFO  server.RaftServerConfigKeys (ConfUtils.java:logFallback(53)) - raft.server.rpc.first-election.timeout.max = 5200ms (fallback to raft.server.rpc.timeout.max)
2023-01-10 01:11:59,104 [482fd31e-156c-418e-9aed-e6d52525a62a@group-20D9327FE511-FollowerState] INFO  impl.FollowerState (FollowerState.java:run(143)) - 482fd31e-156c-418e-9aed-e6d52525a62a@group-20D9327FE511-FollowerState: change to CANDIDATE, lastRpcElapsedTime:5178958088ns, electionTimeout:5178ms
2023-01-10 01:11:59,105 [482fd31e-156c-418e-9aed-e6d52525a62a@group-20D9327FE511-FollowerState] INFO  impl.RoleInfo (RoleInfo.java:shutdownFollowerState(110)) - 482fd31e-156c-418e-9aed-e6d52525a62a: shutdown 482fd31e-156c-418e-9aed-e6d52525a62a@group-20D9327FE511-FollowerState
2023-01-10 01:11:59,105 [482fd31e-156c-418e-9aed-e6d52525a62a@group-20D9327FE511-FollowerState] INFO  server.RaftServer$Division (RaftServerImpl.java:setRole(321)) - 482fd31e-156c-418e-9aed-e6d52525a62a@group-20D9327FE511: changes role from  FOLLOWER to CANDIDATE at term 0 for changeToCandidate
2023-01-10 01:11:59,106 [482fd31e-156c-418e-9aed-e6d52525a62a@group-20D9327FE511-FollowerState] INFO  server.RaftServerConfigKeys (ConfUtils.java:logGet(46)) - raft.server.leaderelection.pre-vote = false (custom)
2023-01-10 01:11:59,106 [482fd31e-156c-418e-9aed-e6d52525a62a@group-20D9327FE511-FollowerState] INFO  impl.RoleInfo (RoleInfo.java:updateAndGet(139)) - 482fd31e-156c-418e-9aed-e6d52525a62a: start 482fd31e-156c-418e-9aed-e6d52525a62a@group-20D9327FE511-LeaderElection4
2023-01-10 01:11:59,114 [482fd31e-156c-418e-9aed-e6d52525a62a@group-20D9327FE511-LeaderElection4] INFO  impl.LeaderElection (LeaderElection.java:askForVotes(312)) - 482fd31e-156c-418e-9aed-e6d52525a62a@group-20D9327FE511-LeaderElection4 ELECTION round 0: submit vote requests at term 1 for -1: peers:[482fd31e-156c-418e-9aed-e6d52525a62a|rpc:10.1.0.24:38229|dataStream:10.1.0.24:43885|priority:1|startupRole:FOLLOWER]|listeners:[], old=null
2023-01-10 01:11:59,114 [482fd31e-156c-418e-9aed-e6d52525a62a@group-20D9327FE511-LeaderElection4] INFO  impl.LeaderElection (LeaderElection.java:askForVotes(314)) - 482fd31e-156c-418e-9aed-e6d52525a62a@group-20D9327FE511-LeaderElection4 ELECTION round 0: result PASSED (term=1)
2023-01-10 01:11:59,114 [482fd31e-156c-418e-9aed-e6d52525a62a@group-20D9327FE511-LeaderElection4] INFO  impl.RoleInfo (RoleInfo.java:shutdownLeaderElection(130)) - 482fd31e-156c-418e-9aed-e6d52525a62a: shutdown 482fd31e-156c-418e-9aed-e6d52525a62a@group-20D9327FE511-LeaderElection4
2023-01-10 01:11:59,114 [482fd31e-156c-418e-9aed-e6d52525a62a@group-20D9327FE511-LeaderElection4] INFO  server.RaftServer$Division (RaftServerImpl.java:setRole(321)) - 482fd31e-156c-418e-9aed-e6d52525a62a@group-20D9327FE511: changes role from CANDIDATE to LEADER at term 1 for changeToLeader
2023-01-10 01:11:59,114 [482fd31e-156c-418e-9aed-e6d52525a62a@group-20D9327FE511-LeaderElection4] INFO  ratis.XceiverServerRatis (XceiverServerRatis.java:handleLeaderChangedNotification(904)) - Leader change notification received for group: group-20D9327FE511 with new leaderId: 482fd31e-156c-418e-9aed-e6d52525a62a
2023-01-10 01:11:59,115 [482fd31e-156c-418e-9aed-e6d52525a62a@group-20D9327FE511-LeaderElection4] INFO  server.RaftServer$Division (ServerState.java:setLeader(313)) - 482fd31e-156c-418e-9aed-e6d52525a62a@group-20D9327FE511: change Leader from null to 482fd31e-156c-418e-9aed-e6d52525a62a at term 1 for becomeLeader, leader elected after 5234ms
2023-01-10 01:11:59,115 [482fd31e-156c-418e-9aed-e6d52525a62a@group-20D9327FE511-LeaderElection4] INFO  server.RaftServerConfigKeys (ConfUtils.java:logGet(46)) - raft.server.staging.catchup.gap = 1000 (default)
2023-01-10 01:11:59,116 [EventQueue-OpenPipelineForHealthyPipelineSafeModeRule] INFO  safemode.SCMSafeModeManager (HealthyPipelineSafeModeRule.java:process(137)) - SCM in safe mode. Healthy pipelines reported count is 0, required healthy pipeline reported count is 1
2023-01-10 01:11:59,117 [482fd31e-156c-418e-9aed-e6d52525a62a@group-20D9327FE511-LeaderElection4] INFO  server.RaftServerConfigKeys (ConfUtils.java:logGet(46)) - raft.server.write.element-limit = 1024 (custom)
2023-01-10 01:11:59,117 [482fd31e-156c-418e-9aed-e6d52525a62a@group-20D9327FE511-LeaderElection4] INFO  server.RaftServerConfigKeys (ConfUtils.java:logGet(46)) - raft.server.write.byte-limit = 1024 M (=1073741824) (custom)
2023-01-10 01:11:59,117 [482fd31e-156c-418e-9aed-e6d52525a62a@group-20D9327FE511-LeaderElection4] INFO  server.RaftServerConfigKeys (ConfUtils.java:logGet(46)) - raft.server.watch.timeout = 180s (custom)
2023-01-10 01:11:59,117 [482fd31e-156c-418e-9aed-e6d52525a62a@group-20D9327FE511-LeaderElection4] INFO  server.RaftServerConfigKeys (ConfUtils.java:logGet(46)) - raft.server.watch.timeout.denomination = 1s (default)
2023-01-10 01:11:59,117 [482fd31e-156c-418e-9aed-e6d52525a62a@group-20D9327FE511-LeaderElection4] INFO  server.RaftServerConfigKeys (ConfUtils.java:logGet(46)) - raft.server.watch.element-limit = 65536 (default)
2023-01-10 01:11:59,117 [482fd31e-156c-418e-9aed-e6d52525a62a@group-20D9327FE511-LeaderElection4] INFO  server.RaftServerConfigKeys (ConfUtils.java:logGet(46)) - raft.server.write.element-limit = 1024 (custom)
2023-01-10 01:11:59,117 [482fd31e-156c-418e-9aed-e6d52525a62a@group-20D9327FE511-LeaderElection4] INFO  server.RaftServerConfigKeys (ConfUtils.java:logGet(46)) - raft.server.write.follower.gap.ratio.max = -1.0 (default)
2023-01-10 01:11:59,117 [482fd31e-156c-418e-9aed-e6d52525a62a@group-20D9327FE511-LeaderElection4] INFO  impl.RoleInfo (RoleInfo.java:updateAndGet(139)) - 482fd31e-156c-418e-9aed-e6d52525a62a: start 482fd31e-156c-418e-9aed-e6d52525a62a@group-20D9327FE511-LeaderStateImpl
2023-01-10 01:11:59,118 [482fd31e-156c-418e-9aed-e6d52525a62a@group-20D9327FE511-LeaderElection4] INFO  segmented.SegmentedRaftLogWorker (SegmentedRaftLogWorker.java:startLogSegment(452)) - 482fd31e-156c-418e-9aed-e6d52525a62a@group-20D9327FE511-SegmentedRaftLogWorker: Starting segment from index:0
2023-01-10 01:11:59,122 [482fd31e-156c-418e-9aed-e6d52525a62a@group-20D9327FE511-LeaderElection4] INFO  server.RaftServer$Division (ServerState.java:setRaftConf(430)) - 482fd31e-156c-418e-9aed-e6d52525a62a@group-20D9327FE511: set configuration 0: peers:[482fd31e-156c-418e-9aed-e6d52525a62a|rpc:10.1.0.24:38229|dataStream:10.1.0.24:43885|priority:1|startupRole:FOLLOWER]|listeners:[], old=null
2023-01-10 01:11:59,124 [482fd31e-156c-418e-9aed-e6d52525a62a@group-20D9327FE511-SegmentedRaftLogWorker] INFO  segmented.SegmentedRaftLogWorker (SegmentedRaftLogWorker.java:execute(656)) - 482fd31e-156c-418e-9aed-e6d52525a62a@group-20D9327FE511-SegmentedRaftLogWorker: created new log segment /home/runner/work/ozone/ozone/hadoop-ozone/integration-test/target/test-dir/MiniOzoneClusterImpl-11329d86-319f-4265-8dbd-04dd0b699e79/datanode-1/data/ratis/e3b2a7d3-0fd3-4472-9285-20d9327fe511/current/log_inprogress_0
2023-01-10 01:11:59,340 [Listener at 127.0.0.1/34303] INFO  ozone.MiniOzoneClusterImpl (MiniOzoneClusterImpl.java:lambda$waitForClusterToBeReady$0(218)) - Nodes are ready. Got 6 of 6 DN Heartbeats.
2023-01-10 01:11:59,340 [Listener at 127.0.0.1/34303] INFO  ozone.MiniOzoneClusterImpl (MiniOzoneClusterImpl.java:lambda$waitForClusterToBeReady$0(221)) - Waiting for cluster to exit safe mode
2023-01-10 01:11:59,340 [Listener at 127.0.0.1/34303] INFO  ozone.MiniOzoneClusterImpl (MiniOzoneClusterImpl.java:lambda$waitForClusterToBeReady$0(223)) - SCM became leader
2023-01-10 01:11:59,594 [cf55343f-a051-44b0-a85c-65c9cdfe5b3e@group-0D490B3C9A7C-FollowerState] INFO  impl.FollowerState (FollowerState.java:run(143)) - cf55343f-a051-44b0-a85c-65c9cdfe5b3e@group-0D490B3C9A7C-FollowerState: change to CANDIDATE, lastRpcElapsedTime:5058814905ns, electionTimeout:5039ms
2023-01-10 01:11:59,595 [cf55343f-a051-44b0-a85c-65c9cdfe5b3e@group-0D490B3C9A7C-FollowerState] INFO  impl.RoleInfo (RoleInfo.java:shutdownFollowerState(110)) - cf55343f-a051-44b0-a85c-65c9cdfe5b3e: shutdown cf55343f-a051-44b0-a85c-65c9cdfe5b3e@group-0D490B3C9A7C-FollowerState
2023-01-10 01:11:59,595 [cf55343f-a051-44b0-a85c-65c9cdfe5b3e@group-0D490B3C9A7C-FollowerState] INFO  server.RaftServer$Division (RaftServerImpl.java:setRole(321)) - cf55343f-a051-44b0-a85c-65c9cdfe5b3e@group-0D490B3C9A7C: changes role from  FOLLOWER to CANDIDATE at term 0 for changeToCandidate
2023-01-10 01:11:59,596 [cf55343f-a051-44b0-a85c-65c9cdfe5b3e@group-0D490B3C9A7C-FollowerState] INFO  server.RaftServerConfigKeys (ConfUtils.java:logGet(46)) - raft.server.leaderelection.pre-vote = false (custom)
2023-01-10 01:11:59,596 [cf55343f-a051-44b0-a85c-65c9cdfe5b3e@group-0D490B3C9A7C-FollowerState] INFO  impl.RoleInfo (RoleInfo.java:updateAndGet(139)) - cf55343f-a051-44b0-a85c-65c9cdfe5b3e: start cf55343f-a051-44b0-a85c-65c9cdfe5b3e@group-0D490B3C9A7C-LeaderElection5
2023-01-10 01:11:59,599 [cf55343f-a051-44b0-a85c-65c9cdfe5b3e@group-0D490B3C9A7C-LeaderElection5] INFO  impl.LeaderElection (LeaderElection.java:askForVotes(312)) - cf55343f-a051-44b0-a85c-65c9cdfe5b3e@group-0D490B3C9A7C-LeaderElection5 ELECTION round 0: submit vote requests at term 1 for -1: peers:[cf55343f-a051-44b0-a85c-65c9cdfe5b3e|rpc:10.1.0.24:44193|dataStream:10.1.0.24:34389|priority:1|startupRole:FOLLOWER]|listeners:[], old=null
2023-01-10 01:11:59,599 [cf55343f-a051-44b0-a85c-65c9cdfe5b3e@group-0D490B3C9A7C-LeaderElection5] INFO  impl.LeaderElection (LeaderElection.java:askForVotes(314)) - cf55343f-a051-44b0-a85c-65c9cdfe5b3e@group-0D490B3C9A7C-LeaderElection5 ELECTION round 0: result PASSED (term=1)
2023-01-10 01:11:59,599 [cf55343f-a051-44b0-a85c-65c9cdfe5b3e@group-0D490B3C9A7C-LeaderElection5] INFO  impl.RoleInfo (RoleInfo.java:shutdownLeaderElection(130)) - cf55343f-a051-44b0-a85c-65c9cdfe5b3e: shutdown cf55343f-a051-44b0-a85c-65c9cdfe5b3e@group-0D490B3C9A7C-LeaderElection5
2023-01-10 01:11:59,599 [cf55343f-a051-44b0-a85c-65c9cdfe5b3e@group-0D490B3C9A7C-LeaderElection5] INFO  server.RaftServer$Division (RaftServerImpl.java:setRole(321)) - cf55343f-a051-44b0-a85c-65c9cdfe5b3e@group-0D490B3C9A7C: changes role from CANDIDATE to LEADER at term 1 for changeToLeader
2023-01-10 01:11:59,599 [cf55343f-a051-44b0-a85c-65c9cdfe5b3e@group-0D490B3C9A7C-LeaderElection5] INFO  ratis.XceiverServerRatis (XceiverServerRatis.java:handleLeaderChangedNotification(904)) - Leader change notification received for group: group-0D490B3C9A7C with new leaderId: cf55343f-a051-44b0-a85c-65c9cdfe5b3e
2023-01-10 01:11:59,600 [cf55343f-a051-44b0-a85c-65c9cdfe5b3e@group-0D490B3C9A7C-LeaderElection5] INFO  server.RaftServer$Division (ServerState.java:setLeader(313)) - cf55343f-a051-44b0-a85c-65c9cdfe5b3e@group-0D490B3C9A7C: change Leader from null to cf55343f-a051-44b0-a85c-65c9cdfe5b3e at term 1 for becomeLeader, leader elected after 5088ms
2023-01-10 01:11:59,600 [cf55343f-a051-44b0-a85c-65c9cdfe5b3e@group-0D490B3C9A7C-LeaderElection5] INFO  server.RaftServerConfigKeys (ConfUtils.java:logGet(46)) - raft.server.staging.catchup.gap = 1000 (default)
2023-01-10 01:11:59,600 [cf55343f-a051-44b0-a85c-65c9cdfe5b3e@group-0D490B3C9A7C-LeaderElection5] INFO  server.RaftServerConfigKeys (ConfUtils.java:logGet(46)) - raft.server.write.element-limit = 1024 (custom)
2023-01-10 01:11:59,600 [cf55343f-a051-44b0-a85c-65c9cdfe5b3e@group-0D490B3C9A7C-LeaderElection5] INFO  server.RaftServerConfigKeys (ConfUtils.java:logGet(46)) - raft.server.write.byte-limit = 1024 M (=1073741824) (custom)
2023-01-10 01:11:59,601 [cf55343f-a051-44b0-a85c-65c9cdfe5b3e@group-0D490B3C9A7C-LeaderElection5] INFO  server.RaftServerConfigKeys (ConfUtils.java:logGet(46)) - raft.server.watch.timeout = 180s (custom)
2023-01-10 01:11:59,601 [cf55343f-a051-44b0-a85c-65c9cdfe5b3e@group-0D490B3C9A7C-LeaderElection5] INFO  server.RaftServerConfigKeys (ConfUtils.java:logGet(46)) - raft.server.watch.timeout.denomination = 1s (default)
2023-01-10 01:11:59,601 [cf55343f-a051-44b0-a85c-65c9cdfe5b3e@group-0D490B3C9A7C-LeaderElection5] INFO  server.RaftServerConfigKeys (ConfUtils.java:logGet(46)) - raft.server.watch.element-limit = 65536 (default)
2023-01-10 01:11:59,601 [cf55343f-a051-44b0-a85c-65c9cdfe5b3e@group-0D490B3C9A7C-LeaderElection5] INFO  server.RaftServerConfigKeys (ConfUtils.java:logGet(46)) - raft.server.write.element-limit = 1024 (custom)
2023-01-10 01:11:59,601 [cf55343f-a051-44b0-a85c-65c9cdfe5b3e@group-0D490B3C9A7C-LeaderElection5] INFO  server.RaftServerConfigKeys (ConfUtils.java:logGet(46)) - raft.server.write.follower.gap.ratio.max = -1.0 (default)
2023-01-10 01:11:59,601 [cf55343f-a051-44b0-a85c-65c9cdfe5b3e@group-0D490B3C9A7C-LeaderElection5] INFO  impl.RoleInfo (RoleInfo.java:updateAndGet(139)) - cf55343f-a051-44b0-a85c-65c9cdfe5b3e: start cf55343f-a051-44b0-a85c-65c9cdfe5b3e@group-0D490B3C9A7C-LeaderStateImpl
2023-01-10 01:11:59,602 [cf55343f-a051-44b0-a85c-65c9cdfe5b3e@group-0D490B3C9A7C-LeaderElection5] INFO  segmented.SegmentedRaftLogWorker (SegmentedRaftLogWorker.java:startLogSegment(452)) - cf55343f-a051-44b0-a85c-65c9cdfe5b3e@group-0D490B3C9A7C-SegmentedRaftLogWorker: Starting segment from index:0
2023-01-10 01:11:59,603 [EventQueue-OpenPipelineForHealthyPipelineSafeModeRule] INFO  safemode.SCMSafeModeManager (HealthyPipelineSafeModeRule.java:process(137)) - SCM in safe mode. Healthy pipelines reported count is 0, required healthy pipeline reported count is 1
2023-01-10 01:11:59,608 [cf55343f-a051-44b0-a85c-65c9cdfe5b3e@group-0D490B3C9A7C-LeaderElection5] INFO  server.RaftServer$Division (ServerState.java:setRaftConf(430)) - cf55343f-a051-44b0-a85c-65c9cdfe5b3e@group-0D490B3C9A7C: set configuration 0: peers:[cf55343f-a051-44b0-a85c-65c9cdfe5b3e|rpc:10.1.0.24:44193|dataStream:10.1.0.24:34389|priority:1|startupRole:FOLLOWER]|listeners:[], old=null
2023-01-10 01:11:59,608 [cf55343f-a051-44b0-a85c-65c9cdfe5b3e@group-0D490B3C9A7C-SegmentedRaftLogWorker] INFO  segmented.SegmentedRaftLogWorker (SegmentedRaftLogWorker.java:execute(656)) - cf55343f-a051-44b0-a85c-65c9cdfe5b3e@group-0D490B3C9A7C-SegmentedRaftLogWorker: created new log segment /home/runner/work/ozone/ozone/hadoop-ozone/integration-test/target/test-dir/MiniOzoneClusterImpl-11329d86-319f-4265-8dbd-04dd0b699e79/datanode-2/data/ratis/7e6f3dbc-5f70-4093-a5c7-0d490b3c9a7c/current/log_inprogress_0
2023-01-10 01:11:59,609 [9684d5c9-574d-4083-afb3-2b5a0b78eb45@group-F727BACB3F90-FollowerState] INFO  impl.FollowerState (FollowerState.java:run(143)) - 9684d5c9-574d-4083-afb3-2b5a0b78eb45@group-F727BACB3F90-FollowerState: change to CANDIDATE, lastRpcElapsedTime:5126590799ns, electionTimeout:5110ms
2023-01-10 01:11:59,609 [9684d5c9-574d-4083-afb3-2b5a0b78eb45@group-F727BACB3F90-FollowerState] INFO  impl.RoleInfo (RoleInfo.java:shutdownFollowerState(110)) - 9684d5c9-574d-4083-afb3-2b5a0b78eb45: shutdown 9684d5c9-574d-4083-afb3-2b5a0b78eb45@group-F727BACB3F90-FollowerState
2023-01-10 01:11:59,610 [9684d5c9-574d-4083-afb3-2b5a0b78eb45@group-F727BACB3F90-FollowerState] INFO  server.RaftServer$Division (RaftServerImpl.java:setRole(321)) - 9684d5c9-574d-4083-afb3-2b5a0b78eb45@group-F727BACB3F90: changes role from  FOLLOWER to CANDIDATE at term 0 for changeToCandidate
2023-01-10 01:11:59,610 [9684d5c9-574d-4083-afb3-2b5a0b78eb45@group-F727BACB3F90-FollowerState] INFO  server.RaftServerConfigKeys (ConfUtils.java:logGet(46)) - raft.server.leaderelection.pre-vote = false (custom)
2023-01-10 01:11:59,610 [9684d5c9-574d-4083-afb3-2b5a0b78eb45@group-F727BACB3F90-FollowerState] INFO  impl.RoleInfo (RoleInfo.java:updateAndGet(139)) - 9684d5c9-574d-4083-afb3-2b5a0b78eb45: start 9684d5c9-574d-4083-afb3-2b5a0b78eb45@group-F727BACB3F90-LeaderElection6
2023-01-10 01:11:59,617 [9684d5c9-574d-4083-afb3-2b5a0b78eb45@group-F727BACB3F90-LeaderElection6] INFO  impl.LeaderElection (LeaderElection.java:askForVotes(312)) - 9684d5c9-574d-4083-afb3-2b5a0b78eb45@group-F727BACB3F90-LeaderElection6 ELECTION round 0: submit vote requests at term 1 for -1: peers:[cf55343f-a051-44b0-a85c-65c9cdfe5b3e|rpc:10.1.0.24:44193|dataStream:10.1.0.24:34389|priority:0|startupRole:FOLLOWER, 9684d5c9-574d-4083-afb3-2b5a0b78eb45|rpc:10.1.0.24:45207|dataStream:10.1.0.24:35443|priority:1|startupRole:FOLLOWER, 482fd31e-156c-418e-9aed-e6d52525a62a|rpc:10.1.0.24:38229|dataStream:10.1.0.24:43885|priority:0|startupRole:FOLLOWER]|listeners:[], old=null
2023-01-10 01:11:59,626 [grpc-default-executor-1] INFO  server.RaftServer$Division (RaftServerImpl.java:requestVote(1218)) - cf55343f-a051-44b0-a85c-65c9cdfe5b3e@group-F727BACB3F90: receive requestVote(ELECTION, 9684d5c9-574d-4083-afb3-2b5a0b78eb45, group-F727BACB3F90, 1, (t:0, i:0))
2023-01-10 01:11:59,626 [grpc-default-executor-1] INFO  impl.VoteContext (VoteContext.java:log(49)) - cf55343f-a051-44b0-a85c-65c9cdfe5b3e@group-F727BACB3F90-FOLLOWER: accept ELECTION from 9684d5c9-574d-4083-afb3-2b5a0b78eb45: our priority 0 <= candidate's priority 1
2023-01-10 01:11:59,626 [grpc-default-executor-1] INFO  server.RaftServer$Division (RaftServerImpl.java:setRole(321)) - cf55343f-a051-44b0-a85c-65c9cdfe5b3e@group-F727BACB3F90: changes role from  FOLLOWER to FOLLOWER at term 1 for candidate:9684d5c9-574d-4083-afb3-2b5a0b78eb45
2023-01-10 01:11:59,626 [grpc-default-executor-1] INFO  impl.RoleInfo (RoleInfo.java:shutdownFollowerState(110)) - cf55343f-a051-44b0-a85c-65c9cdfe5b3e: shutdown cf55343f-a051-44b0-a85c-65c9cdfe5b3e@group-F727BACB3F90-FollowerState
2023-01-10 01:11:59,626 [cf55343f-a051-44b0-a85c-65c9cdfe5b3e@group-F727BACB3F90-FollowerState] INFO  impl.FollowerState (FollowerState.java:run(152)) - cf55343f-a051-44b0-a85c-65c9cdfe5b3e@group-F727BACB3F90-FollowerState was interrupted
2023-01-10 01:11:59,626 [9684d5c9-574d-4083-afb3-2b5a0b78eb45@group-F727BACB3F90-LeaderElection6] INFO  server.RaftServerConfigKeys (ConfUtils.java:logFallback(53)) - raft.server.rpc.first-election.timeout.min = 5s (fallback to raft.server.rpc.timeout.min)
2023-01-10 01:11:59,627 [grpc-default-executor-1] INFO  impl.RoleInfo (RoleInfo.java:updateAndGet(139)) - cf55343f-a051-44b0-a85c-65c9cdfe5b3e: start cf55343f-a051-44b0-a85c-65c9cdfe5b3e@group-F727BACB3F90-FollowerState
2023-01-10 01:11:59,628 [9684d5c9-574d-4083-afb3-2b5a0b78eb45@group-F727BACB3F90-LeaderElection6] INFO  server.RaftServerConfigKeys (ConfUtils.java:logFallback(53)) - raft.server.rpc.first-election.timeout.max = 5200ms (fallback to raft.server.rpc.timeout.max)
2023-01-10 01:11:59,629 [cf55343f-a051-44b0-a85c-65c9cdfe5b3e@group-F727BACB3F90-FollowerState] INFO  server.RaftServerConfigKeys (ConfUtils.java:logFallback(53)) - raft.server.rpc.first-election.timeout.min = 5s (fallback to raft.server.rpc.timeout.min)
2023-01-10 01:11:59,629 [cf55343f-a051-44b0-a85c-65c9cdfe5b3e@group-F727BACB3F90-FollowerState] INFO  server.RaftServerConfigKeys (ConfUtils.java:logFallback(53)) - raft.server.rpc.first-election.timeout.max = 5200ms (fallback to raft.server.rpc.timeout.max)
2023-01-10 01:11:59,630 [grpc-default-executor-1] INFO  server.RaftServer$Division (RaftServerImpl.java:requestVote(1251)) - cf55343f-a051-44b0-a85c-65c9cdfe5b3e@group-F727BACB3F90 replies to ELECTION vote request: 9684d5c9-574d-4083-afb3-2b5a0b78eb45<-cf55343f-a051-44b0-a85c-65c9cdfe5b3e#0:OK-t1. Peer's state: cf55343f-a051-44b0-a85c-65c9cdfe5b3e@group-F727BACB3F90:t1, leader=null, voted=9684d5c9-574d-4083-afb3-2b5a0b78eb45, raftlog=Memoized:cf55343f-a051-44b0-a85c-65c9cdfe5b3e@group-F727BACB3F90-SegmentedRaftLog:OPENED:c-1, conf=-1: peers:[cf55343f-a051-44b0-a85c-65c9cdfe5b3e|rpc:10.1.0.24:44193|dataStream:10.1.0.24:34389|priority:0|startupRole:FOLLOWER, 9684d5c9-574d-4083-afb3-2b5a0b78eb45|rpc:10.1.0.24:45207|dataStream:10.1.0.24:35443|priority:1|startupRole:FOLLOWER, 482fd31e-156c-418e-9aed-e6d52525a62a|rpc:10.1.0.24:38229|dataStream:10.1.0.24:43885|priority:0|startupRole:FOLLOWER]|listeners:[], old=null
2023-01-10 01:11:59,631 [482fd31e-156c-418e-9aed-e6d52525a62a@group-F727BACB3F90-FollowerState] INFO  impl.FollowerState (FollowerState.java:run(143)) - 482fd31e-156c-418e-9aed-e6d52525a62a@group-F727BACB3F90-FollowerState: change to CANDIDATE, lastRpcElapsedTime:5016216644ns, electionTimeout:5002ms
2023-01-10 01:11:59,631 [482fd31e-156c-418e-9aed-e6d52525a62a@group-F727BACB3F90-FollowerState] INFO  impl.RoleInfo (RoleInfo.java:shutdownFollowerState(110)) - 482fd31e-156c-418e-9aed-e6d52525a62a: shutdown 482fd31e-156c-418e-9aed-e6d52525a62a@group-F727BACB3F90-FollowerState
2023-01-10 01:11:59,631 [482fd31e-156c-418e-9aed-e6d52525a62a@group-F727BACB3F90-FollowerState] INFO  server.RaftServer$Division (RaftServerImpl.java:setRole(321)) - 482fd31e-156c-418e-9aed-e6d52525a62a@group-F727BACB3F90: changes role from  FOLLOWER to CANDIDATE at term 0 for changeToCandidate
2023-01-10 01:11:59,632 [482fd31e-156c-418e-9aed-e6d52525a62a@group-F727BACB3F90-FollowerState] INFO  server.RaftServerConfigKeys (ConfUtils.java:logGet(46)) - raft.server.leaderelection.pre-vote = false (custom)
2023-01-10 01:11:59,632 [482fd31e-156c-418e-9aed-e6d52525a62a@group-F727BACB3F90-FollowerState] INFO  impl.RoleInfo (RoleInfo.java:updateAndGet(139)) - 482fd31e-156c-418e-9aed-e6d52525a62a: start 482fd31e-156c-418e-9aed-e6d52525a62a@group-F727BACB3F90-LeaderElection7
2023-01-10 01:11:59,634 [grpc-default-executor-0] INFO  server.RaftServer$Division (RaftServerImpl.java:requestVote(1218)) - 482fd31e-156c-418e-9aed-e6d52525a62a@group-F727BACB3F90: receive requestVote(ELECTION, 9684d5c9-574d-4083-afb3-2b5a0b78eb45, group-F727BACB3F90, 1, (t:0, i:0))
2023-01-10 01:11:59,634 [grpc-default-executor-0] INFO  impl.VoteContext (VoteContext.java:log(49)) - 482fd31e-156c-418e-9aed-e6d52525a62a@group-F727BACB3F90-CANDIDATE: accept ELECTION from 9684d5c9-574d-4083-afb3-2b5a0b78eb45: our priority 0 <= candidate's priority 1
2023-01-10 01:11:59,635 [grpc-default-executor-0] INFO  server.RaftServer$Division (RaftServerImpl.java:setRole(321)) - 482fd31e-156c-418e-9aed-e6d52525a62a@group-F727BACB3F90: changes role from CANDIDATE to FOLLOWER at term 1 for candidate:9684d5c9-574d-4083-afb3-2b5a0b78eb45
2023-01-10 01:11:59,635 [grpc-default-executor-0] INFO  impl.RoleInfo (RoleInfo.java:shutdownLeaderElection(130)) - 482fd31e-156c-418e-9aed-e6d52525a62a: shutdown 482fd31e-156c-418e-9aed-e6d52525a62a@group-F727BACB3F90-LeaderElection7
2023-01-10 01:11:59,635 [grpc-default-executor-0] INFO  impl.RoleInfo (RoleInfo.java:updateAndGet(139)) - 482fd31e-156c-418e-9aed-e6d52525a62a: start 482fd31e-156c-418e-9aed-e6d52525a62a@group-F727BACB3F90-FollowerState
2023-01-10 01:11:59,636 [9684d5c9-574d-4083-afb3-2b5a0b78eb45@group-F727BACB3F90-LeaderElection6] INFO  impl.LeaderElection (LeaderElection.java:logAndReturn(90)) - 9684d5c9-574d-4083-afb3-2b5a0b78eb45@group-F727BACB3F90-LeaderElection6: ELECTION PASSED received 1 response(s) and 0 exception(s):
2023-01-10 01:11:59,636 [9684d5c9-574d-4083-afb3-2b5a0b78eb45@group-F727BACB3F90-LeaderElection6] INFO  impl.LeaderElection (LeaderElection.java:logAndReturn(94)) -   Response 0: 9684d5c9-574d-4083-afb3-2b5a0b78eb45<-cf55343f-a051-44b0-a85c-65c9cdfe5b3e#0:OK-t1
2023-01-10 01:11:59,636 [482fd31e-156c-418e-9aed-e6d52525a62a@group-F727BACB3F90-LeaderElection7] INFO  impl.LeaderElection (LeaderElection.java:run(233)) - 482fd31e-156c-418e-9aed-e6d52525a62a@group-F727BACB3F90-LeaderElection7: skip running since this is already CLOSING
2023-01-10 01:11:59,636 [9684d5c9-574d-4083-afb3-2b5a0b78eb45@group-F727BACB3F90-LeaderElection6] INFO  impl.LeaderElection (LeaderElection.java:askForVotes(314)) - 9684d5c9-574d-4083-afb3-2b5a0b78eb45@group-F727BACB3F90-LeaderElection6 ELECTION round 0: result PASSED
2023-01-10 01:11:59,636 [9684d5c9-574d-4083-afb3-2b5a0b78eb45@group-F727BACB3F90-LeaderElection6] INFO  impl.RoleInfo (RoleInfo.java:shutdownLeaderElection(130)) - 9684d5c9-574d-4083-afb3-2b5a0b78eb45: shutdown 9684d5c9-574d-4083-afb3-2b5a0b78eb45@group-F727BACB3F90-LeaderElection6
2023-01-10 01:11:59,636 [9684d5c9-574d-4083-afb3-2b5a0b78eb45@group-F727BACB3F90-LeaderElection6] INFO  server.RaftServer$Division (RaftServerImpl.java:setRole(321)) - 9684d5c9-574d-4083-afb3-2b5a0b78eb45@group-F727BACB3F90: changes role from CANDIDATE to LEADER at term 1 for changeToLeader
2023-01-10 01:11:59,636 [9684d5c9-574d-4083-afb3-2b5a0b78eb45@group-F727BACB3F90-LeaderElection6] INFO  ratis.XceiverServerRatis (XceiverServerRatis.java:handleLeaderChangedNotification(904)) - Leader change notification received for group: group-F727BACB3F90 with new leaderId: 9684d5c9-574d-4083-afb3-2b5a0b78eb45
2023-01-10 01:11:59,636 [9684d5c9-574d-4083-afb3-2b5a0b78eb45@group-F727BACB3F90-LeaderElection6] INFO  server.RaftServer$Division (ServerState.java:setLeader(313)) - 9684d5c9-574d-4083-afb3-2b5a0b78eb45@group-F727BACB3F90: change Leader from null to 9684d5c9-574d-4083-afb3-2b5a0b78eb45 at term 1 for becomeLeader, leader elected after 5368ms
2023-01-10 01:11:59,636 [9684d5c9-574d-4083-afb3-2b5a0b78eb45@group-F727BACB3F90-LeaderElection6] INFO  server.RaftServerConfigKeys (ConfUtils.java:logGet(46)) - raft.server.staging.catchup.gap = 1000 (default)
2023-01-10 01:11:59,638 [9684d5c9-574d-4083-afb3-2b5a0b78eb45@group-F727BACB3F90-LeaderElection6] INFO  server.RaftServerConfigKeys (ConfUtils.java:logGet(46)) - raft.server.write.element-limit = 1024 (custom)
2023-01-10 01:11:59,638 [9684d5c9-574d-4083-afb3-2b5a0b78eb45@group-F727BACB3F90-LeaderElection6] INFO  server.RaftServerConfigKeys (ConfUtils.java:logGet(46)) - raft.server.write.byte-limit = 1024 M (=1073741824) (custom)
2023-01-10 01:11:59,639 [9684d5c9-574d-4083-afb3-2b5a0b78eb45@group-F727BACB3F90-LeaderElection6] INFO  server.RaftServerConfigKeys (ConfUtils.java:logGet(46)) - raft.server.watch.timeout = 180s (custom)
2023-01-10 01:11:59,639 [9684d5c9-574d-4083-afb3-2b5a0b78eb45@group-F727BACB3F90-LeaderElection6] INFO  server.RaftServerConfigKeys (ConfUtils.java:logGet(46)) - raft.server.watch.timeout.denomination = 1s (default)
2023-01-10 01:11:59,639 [grpc-default-executor-0] INFO  server.RaftServer$Division (RaftServerImpl.java:requestVote(1251)) - 482fd31e-156c-418e-9aed-e6d52525a62a@group-F727BACB3F90 replies to ELECTION vote request: 9684d5c9-574d-4083-afb3-2b5a0b78eb45<-482fd31e-156c-418e-9aed-e6d52525a62a#0:OK-t1. Peer's state: 482fd31e-156c-418e-9aed-e6d52525a62a@group-F727BACB3F90:t1, leader=null, voted=9684d5c9-574d-4083-afb3-2b5a0b78eb45, raftlog=Memoized:482fd31e-156c-418e-9aed-e6d52525a62a@group-F727BACB3F90-SegmentedRaftLog:OPENED:c-1, conf=-1: peers:[cf55343f-a051-44b0-a85c-65c9cdfe5b3e|rpc:10.1.0.24:44193|dataStream:10.1.0.24:34389|priority:0|startupRole:FOLLOWER, 9684d5c9-574d-4083-afb3-2b5a0b78eb45|rpc:10.1.0.24:45207|dataStream:10.1.0.24:35443|priority:1|startupRole:FOLLOWER, 482fd31e-156c-418e-9aed-e6d52525a62a|rpc:10.1.0.24:38229|dataStream:10.1.0.24:43885|priority:0|startupRole:FOLLOWER]|listeners:[], old=null
2023-01-10 01:11:59,638 [482fd31e-156c-418e-9aed-e6d52525a62a@group-F727BACB3F90-FollowerState] INFO  server.RaftServerConfigKeys (ConfUtils.java:logFallback(53)) - raft.server.rpc.first-election.timeout.min = 5s (fallback to raft.server.rpc.timeout.min)
2023-01-10 01:11:59,640 [EventQueue-OpenPipelineForHealthyPipelineSafeModeRule] INFO  safemode.SCMSafeModeManager (HealthyPipelineSafeModeRule.java:process(137)) - SCM in safe mode. Healthy pipelines reported count is 0, required healthy pipeline reported count is 1
2023-01-10 01:11:59,640 [EventQueue-PipelineReportForPipelineReportHandler] INFO  pipeline.PipelineManagerImpl (PipelineManagerImpl.java:openPipeline(367)) - Pipeline Pipeline[ Id: 1b100930-f077-4dd6-92e7-f727bacb3f90, Nodes: cf55343f-a051-44b0-a85c-65c9cdfe5b3e{ip: 10.1.0.24, host: fv-az353-623.tkyx2seitsuu3nmpmouz2httfb.bx.internal.cloudapp.net, ports: [REPLICATION=36705, RATIS=44193, RATIS_ADMIN=44193, RATIS_SERVER=44193, RATIS_DATASTREAM=34389, STANDALONE=45987], networkLocation: /default-rack, certSerialId: null, persistedOpState: IN_SERVICE, persistedOpStateExpiryEpochSec: 0}9684d5c9-574d-4083-afb3-2b5a0b78eb45{ip: 10.1.0.24, host: fv-az353-623.tkyx2seitsuu3nmpmouz2httfb.bx.internal.cloudapp.net, ports: [REPLICATION=35641, RATIS=45207, RATIS_ADMIN=45207, RATIS_SERVER=45207, RATIS_DATASTREAM=35443, STANDALONE=45643], networkLocation: /default-rack, certSerialId: null, persistedOpState: IN_SERVICE, persistedOpStateExpiryEpochSec: 0}482fd31e-156c-418e-9aed-e6d52525a62a{ip: 10.1.0.24, host: fv-az353-623.tkyx2seitsuu3nmpmouz2httfb.bx.internal.cloudapp.net, ports: [REPLICATION=45567, RATIS=38229, RATIS_ADMIN=38229, RATIS_SERVER=38229, RATIS_DATASTREAM=43885, STANDALONE=36003], networkLocation: /default-rack, certSerialId: null, persistedOpState: IN_SERVICE, persistedOpStateExpiryEpochSec: 0}, ReplicationConfig: RATIS/THREE, State:ALLOCATED, leaderId:9684d5c9-574d-4083-afb3-2b5a0b78eb45, CreationTimestamp2023-01-10T01:11:51.286Z[Etc/UTC]] moved to OPEN state
2023-01-10 01:11:59,641 [EventQueue-OpenPipelineForHealthyPipelineSafeModeRule] INFO  safemode.SCMSafeModeManager (HealthyPipelineSafeModeRule.java:process(137)) - SCM in safe mode. Healthy pipelines reported count is 1, required healthy pipeline reported count is 1
2023-01-10 01:11:59,641 [EventQueue-OpenPipelineForHealthyPipelineSafeModeRule] INFO  safemode.SCMSafeModeManager (SCMSafeModeManager.java:validateSafeModeExitRules(200)) - HealthyPipelineSafeModeRule rule is successfully validated
2023-01-10 01:11:59,641 [EventQueue-OpenPipelineForHealthyPipelineSafeModeRule] INFO  safemode.SCMSafeModeManager (SCMSafeModeManager.java:validateSafeModeExitRules(215)) - ScmSafeModeManager, all rules are successfully validated
2023-01-10 01:11:59,641 [EventQueue-OpenPipelineForHealthyPipelineSafeModeRule] INFO  safemode.SCMSafeModeManager (SCMSafeModeManager.java:exitSafeMode(244)) - SCM exiting safe mode.
2023-01-10 01:11:59,641 [EventQueue-OpenPipelineForHealthyPipelineSafeModeRule] INFO  ha.SCMContext (SCMContext.java:updateSafeModeStatus(228)) - Update SafeModeStatus from SafeModeStatus{safeModeStatus=true, preCheckPassed=true} to SafeModeStatus{safeModeStatus=false, preCheckPassed=true}.
2023-01-10 01:11:59,641 [EventQueue-OpenPipelineForHealthyPipelineSafeModeRule] INFO  pipeline.BackgroundPipelineCreator (BackgroundPipelineCreator.java:notifyStatusChanged(254)) - Service BackgroundPipelineCreator transitions to RUNNING.
2023-01-10 01:11:59,641 [EventQueue-OpenPipelineForHealthyPipelineSafeModeRule] INFO  BackgroundPipelineScrubber (BackgroundSCMService.java:notifyStatusChanged(82)) - Service BackgroundPipelineScrubber transitions to RUNNING.
2023-01-10 01:11:59,641 [EventQueue-OpenPipelineForHealthyPipelineSafeModeRule] INFO  ExpiredContainerReplicaOpScrubber (BackgroundSCMService.java:notifyStatusChanged(82)) - Service ExpiredContainerReplicaOpScrubber transitions to RUNNING.
2023-01-10 01:11:59,642 [EventQueue-OpenPipelineForHealthyPipelineSafeModeRule] INFO  replication.ReplicationManager (ReplicationManager.java:notifyStatusChanged(918)) - Service ReplicationManager transitions to RUNNING.
2023-01-10 01:11:59,639 [9684d5c9-574d-4083-afb3-2b5a0b78eb45@group-F727BACB3F90-LeaderElection6] INFO  server.RaftServerConfigKeys (ConfUtils.java:logGet(46)) - raft.server.watch.element-limit = 65536 (default)
2023-01-10 01:11:59,646 [9684d5c9-574d-4083-afb3-2b5a0b78eb45@group-F727BACB3F90-LeaderElection6] INFO  server.RaftServerConfigKeys (ConfUtils.java:logGet(46)) - raft.server.write.element-limit = 1024 (custom)
2023-01-10 01:11:59,646 [9684d5c9-574d-4083-afb3-2b5a0b78eb45@group-F727BACB3F90-LeaderElection6] INFO  server.RaftServerConfigKeys (ConfUtils.java:logGet(46)) - raft.server.write.follower.gap.ratio.max = -1.0 (default)
2023-01-10 01:11:59,645 [EventQueue-OpenPipelineForHealthyPipelineSafeModeRule] WARN  balancer.ContainerBalancer (ContainerBalancer.java:shouldRun(131)) - Could not find persisted configuration for ContainerBalancer when checking if ContainerBalancer should run. ContainerBalancer should not run now.
2023-01-10 01:11:59,645 [482fd31e-156c-418e-9aed-e6d52525a62a@group-F727BACB3F90-FollowerState] INFO  server.RaftServerConfigKeys (ConfUtils.java:logFallback(53)) - raft.server.rpc.first-election.timeout.max = 5200ms (fallback to raft.server.rpc.timeout.max)
2023-01-10 01:11:59,655 [9684d5c9-574d-4083-afb3-2b5a0b78eb45@group-F727BACB3F90-LeaderElection6] INFO  server.RaftServerConfigKeys (ConfUtils.java:logGet(46)) - raft.server.log.appender.snapshot.chunk.size.max = 16MB (=16777216) (default)
2023-01-10 01:11:59,655 [9684d5c9-574d-4083-afb3-2b5a0b78eb45@group-F727BACB3F90-LeaderElection6] INFO  server.RaftServerConfigKeys (ConfUtils.java:logGet(46)) - raft.server.log.appender.buffer.byte-limit = 33554432 (custom)
2023-01-10 01:11:59,655 [9684d5c9-574d-4083-afb3-2b5a0b78eb45@group-F727BACB3F90-LeaderElection6] INFO  server.RaftServerConfigKeys (ConfUtils.java:logGet(46)) - raft.server.log.appender.buffer.element-limit = 1 (custom)
2023-01-10 01:11:59,658 [9684d5c9-574d-4083-afb3-2b5a0b78eb45@group-F727BACB3F90-LeaderElection6] INFO  grpc.GrpcConfigKeys (ConfUtils.java:logGet(46)) - raft.grpc.server.leader.outstanding.appends.max = 128 (default)
2023-01-10 01:11:59,658 [9684d5c9-574d-4083-afb3-2b5a0b78eb45@group-F727BACB3F90-LeaderElection6] INFO  server.RaftServerConfigKeys (ConfUtils.java:logGet(46)) - raft.server.rpc.request.timeout = 60s (custom)
2023-01-10 01:11:59,658 [9684d5c9-574d-4083-afb3-2b5a0b78eb45@group-F727BACB3F90-LeaderElection6] INFO  server.RaftServerConfigKeys (ConfUtils.java:logGet(46)) - raft.server.log.appender.install.snapshot.enabled = false (custom)
2023-01-10 01:11:59,658 [9684d5c9-574d-4083-afb3-2b5a0b78eb45@group-F727BACB3F90-LeaderElection6] INFO  grpc.GrpcConfigKeys (ConfUtils.java:logGet(46)) - raft.grpc.server.heartbeat.channel = true (default)
2023-01-10 01:11:59,658 [9684d5c9-574d-4083-afb3-2b5a0b78eb45@group-F727BACB3F90-LeaderElection6] INFO  server.RaftServerConfigKeys (ConfUtils.java:logGet(46)) - raft.server.log.appender.wait-time.min = 10ms (default)
2023-01-10 01:11:59,660 [9684d5c9-574d-4083-afb3-2b5a0b78eb45@group-F727BACB3F90-LeaderElection6] INFO  server.RaftServerConfigKeys (ConfUtils.java:logGet(46)) - raft.server.log.appender.snapshot.chunk.size.max = 16MB (=16777216) (default)
2023-01-10 01:11:59,660 [9684d5c9-574d-4083-afb3-2b5a0b78eb45@group-F727BACB3F90-LeaderElection6] INFO  server.RaftServerConfigKeys (ConfUtils.java:logGet(46)) - raft.server.log.appender.buffer.byte-limit = 33554432 (custom)
2023-01-10 01:11:59,660 [9684d5c9-574d-4083-afb3-2b5a0b78eb45@group-F727BACB3F90-LeaderElection6] INFO  server.RaftServerConfigKeys (ConfUtils.java:logGet(46)) - raft.server.log.appender.buffer.element-limit = 1 (custom)
2023-01-10 01:11:59,660 [9684d5c9-574d-4083-afb3-2b5a0b78eb45@group-F727BACB3F90-LeaderElection6] INFO  grpc.GrpcConfigKeys (ConfUtils.java:logGet(46)) - raft.grpc.server.leader.outstanding.appends.max = 128 (default)
2023-01-10 01:11:59,660 [9684d5c9-574d-4083-afb3-2b5a0b78eb45@group-F727BACB3F90-LeaderElection6] INFO  server.RaftServerConfigKeys (ConfUtils.java:logGet(46)) - raft.server.rpc.request.timeout = 60s (custom)
2023-01-10 01:11:59,660 [9684d5c9-574d-4083-afb3-2b5a0b78eb45@group-F727BACB3F90-LeaderElection6] INFO  server.RaftServerConfigKeys (ConfUtils.java:logGet(46)) - raft.server.log.appender.install.snapshot.enabled = false (custom)
2023-01-10 01:11:59,660 [9684d5c9-574d-4083-afb3-2b5a0b78eb45@group-F727BACB3F90-LeaderElection6] INFO  grpc.GrpcConfigKeys (ConfUtils.java:logGet(46)) - raft.grpc.server.heartbeat.channel = true (default)
2023-01-10 01:11:59,660 [9684d5c9-574d-4083-afb3-2b5a0b78eb45@group-F727BACB3F90-LeaderElection6] INFO  server.RaftServerConfigKeys (ConfUtils.java:logGet(46)) - raft.server.log.appender.wait-time.min = 10ms (default)
2023-01-10 01:11:59,661 [9684d5c9-574d-4083-afb3-2b5a0b78eb45@group-F727BACB3F90-LeaderElection6] INFO  impl.RoleInfo (RoleInfo.java:updateAndGet(139)) - 9684d5c9-574d-4083-afb3-2b5a0b78eb45: start 9684d5c9-574d-4083-afb3-2b5a0b78eb45@group-F727BACB3F90-LeaderStateImpl
2023-01-10 01:11:59,661 [9684d5c9-574d-4083-afb3-2b5a0b78eb45@group-F727BACB3F90-LeaderElection6] INFO  segmented.SegmentedRaftLogWorker (SegmentedRaftLogWorker.java:startLogSegment(452)) - 9684d5c9-574d-4083-afb3-2b5a0b78eb45@group-F727BACB3F90-SegmentedRaftLogWorker: Starting segment from index:0
2023-01-10 01:11:59,663 [9684d5c9-574d-4083-afb3-2b5a0b78eb45@group-F727BACB3F90-SegmentedRaftLogWorker] INFO  segmented.SegmentedRaftLogWorker (SegmentedRaftLogWorker.java:execute(656)) - 9684d5c9-574d-4083-afb3-2b5a0b78eb45@group-F727BACB3F90-SegmentedRaftLogWorker: created new log segment /home/runner/work/ozone/ozone/hadoop-ozone/integration-test/target/test-dir/MiniOzoneClusterImpl-11329d86-319f-4265-8dbd-04dd0b699e79/datanode-0/data/ratis/1b100930-f077-4dd6-92e7-f727bacb3f90/current/log_inprogress_0
2023-01-10 01:11:59,664 [9684d5c9-574d-4083-afb3-2b5a0b78eb45@group-F727BACB3F90-LeaderElection6] INFO  server.RaftServer$Division (ServerState.java:setRaftConf(430)) - 9684d5c9-574d-4083-afb3-2b5a0b78eb45@group-F727BACB3F90: set configuration 0: peers:[cf55343f-a051-44b0-a85c-65c9cdfe5b3e|rpc:10.1.0.24:44193|dataStream:10.1.0.24:34389|priority:0|startupRole:FOLLOWER, 9684d5c9-574d-4083-afb3-2b5a0b78eb45|rpc:10.1.0.24:45207|dataStream:10.1.0.24:35443|priority:1|startupRole:FOLLOWER, 482fd31e-156c-418e-9aed-e6d52525a62a|rpc:10.1.0.24:38229|dataStream:10.1.0.24:43885|priority:0|startupRole:FOLLOWER]|listeners:[], old=null
2023-01-10 01:11:59,702 [cf55343f-a051-44b0-a85c-65c9cdfe5b3e-server-thread1] INFO  ratis.XceiverServerRatis (XceiverServerRatis.java:handleLeaderChangedNotification(904)) - Leader change notification received for group: group-F727BACB3F90 with new leaderId: 9684d5c9-574d-4083-afb3-2b5a0b78eb45
2023-01-10 01:11:59,702 [cf55343f-a051-44b0-a85c-65c9cdfe5b3e-server-thread1] INFO  server.RaftServer$Division (ServerState.java:setLeader(313)) - cf55343f-a051-44b0-a85c-65c9cdfe5b3e@group-F727BACB3F90: change Leader from null to 9684d5c9-574d-4083-afb3-2b5a0b78eb45 at term 1 for appendEntries, leader elected after 5125ms
2023-01-10 01:11:59,704 [482fd31e-156c-418e-9aed-e6d52525a62a-server-thread1] INFO  ratis.XceiverServerRatis (XceiverServerRatis.java:handleLeaderChangedNotification(904)) - Leader change notification received for group: group-F727BACB3F90 with new leaderId: 9684d5c9-574d-4083-afb3-2b5a0b78eb45
2023-01-10 01:11:59,704 [482fd31e-156c-418e-9aed-e6d52525a62a-server-thread1] INFO  server.RaftServer$Division (ServerState.java:setLeader(313)) - 482fd31e-156c-418e-9aed-e6d52525a62a@group-F727BACB3F90: change Leader from null to 9684d5c9-574d-4083-afb3-2b5a0b78eb45 at term 1 for appendEntries, leader elected after 5123ms
2023-01-10 01:11:59,722 [cf55343f-a051-44b0-a85c-65c9cdfe5b3e-server-thread3] INFO  server.RaftServer$Division (ServerState.java:setRaftConf(430)) - cf55343f-a051-44b0-a85c-65c9cdfe5b3e@group-F727BACB3F90: set configuration 0: peers:[cf55343f-a051-44b0-a85c-65c9cdfe5b3e|rpc:10.1.0.24:44193|dataStream:10.1.0.24:34389|priority:0|startupRole:FOLLOWER, 9684d5c9-574d-4083-afb3-2b5a0b78eb45|rpc:10.1.0.24:45207|dataStream:10.1.0.24:35443|priority:1|startupRole:FOLLOWER, 482fd31e-156c-418e-9aed-e6d52525a62a|rpc:10.1.0.24:38229|dataStream:10.1.0.24:43885|priority:0|startupRole:FOLLOWER]|listeners:[], old=null
2023-01-10 01:11:59,724 [482fd31e-156c-418e-9aed-e6d52525a62a-server-thread1] INFO  server.RaftServer$Division (ServerState.java:setRaftConf(430)) - 482fd31e-156c-418e-9aed-e6d52525a62a@group-F727BACB3F90: set configuration 0: peers:[cf55343f-a051-44b0-a85c-65c9cdfe5b3e|rpc:10.1.0.24:44193|dataStream:10.1.0.24:34389|priority:0|startupRole:FOLLOWER, 9684d5c9-574d-4083-afb3-2b5a0b78eb45|rpc:10.1.0.24:45207|dataStream:10.1.0.24:35443|priority:1|startupRole:FOLLOWER, 482fd31e-156c-418e-9aed-e6d52525a62a|rpc:10.1.0.24:38229|dataStream:10.1.0.24:43885|priority:0|startupRole:FOLLOWER]|listeners:[], old=null
2023-01-10 01:11:59,725 [cf55343f-a051-44b0-a85c-65c9cdfe5b3e-server-thread3] INFO  segmented.SegmentedRaftLogWorker (SegmentedRaftLogWorker.java:startLogSegment(452)) - cf55343f-a051-44b0-a85c-65c9cdfe5b3e@group-F727BACB3F90-SegmentedRaftLogWorker: Starting segment from index:0
2023-01-10 01:11:59,725 [482fd31e-156c-418e-9aed-e6d52525a62a-server-thread1] INFO  segmented.SegmentedRaftLogWorker (SegmentedRaftLogWorker.java:startLogSegment(452)) - 482fd31e-156c-418e-9aed-e6d52525a62a@group-F727BACB3F90-SegmentedRaftLogWorker: Starting segment from index:0
2023-01-10 01:11:59,726 [cf55343f-a051-44b0-a85c-65c9cdfe5b3e@group-F727BACB3F90-SegmentedRaftLogWorker] INFO  segmented.SegmentedRaftLogWorker (SegmentedRaftLogWorker.java:execute(656)) - cf55343f-a051-44b0-a85c-65c9cdfe5b3e@group-F727BACB3F90-SegmentedRaftLogWorker: created new log segment /home/runner/work/ozone/ozone/hadoop-ozone/integration-test/target/test-dir/MiniOzoneClusterImpl-11329d86-319f-4265-8dbd-04dd0b699e79/datanode-2/data/ratis/1b100930-f077-4dd6-92e7-f727bacb3f90/current/log_inprogress_0
2023-01-10 01:11:59,728 [482fd31e-156c-418e-9aed-e6d52525a62a@group-F727BACB3F90-SegmentedRaftLogWorker] INFO  segmented.SegmentedRaftLogWorker (SegmentedRaftLogWorker.java:execute(656)) - 482fd31e-156c-418e-9aed-e6d52525a62a@group-F727BACB3F90-SegmentedRaftLogWorker: created new log segment /home/runner/work/ozone/ozone/hadoop-ozone/integration-test/target/test-dir/MiniOzoneClusterImpl-11329d86-319f-4265-8dbd-04dd0b699e79/datanode-1/data/ratis/1b100930-f077-4dd6-92e7-f727bacb3f90/current/log_inprogress_0
2023-01-10 01:11:59,787 [de1dc05a-b420-436e-92e0-be95de2f8d14@group-6F7CAD6E2125-FollowerState] INFO  impl.FollowerState (FollowerState.java:run(143)) - de1dc05a-b420-436e-92e0-be95de2f8d14@group-6F7CAD6E2125-FollowerState: change to CANDIDATE, lastRpcElapsedTime:5137523143ns, electionTimeout:5109ms
2023-01-10 01:11:59,788 [de1dc05a-b420-436e-92e0-be95de2f8d14@group-6F7CAD6E2125-FollowerState] INFO  impl.RoleInfo (RoleInfo.java:shutdownFollowerState(110)) - de1dc05a-b420-436e-92e0-be95de2f8d14: shutdown de1dc05a-b420-436e-92e0-be95de2f8d14@group-6F7CAD6E2125-FollowerState
2023-01-10 01:11:59,788 [de1dc05a-b420-436e-92e0-be95de2f8d14@group-6F7CAD6E2125-FollowerState] INFO  server.RaftServer$Division (RaftServerImpl.java:setRole(321)) - de1dc05a-b420-436e-92e0-be95de2f8d14@group-6F7CAD6E2125: changes role from  FOLLOWER to CANDIDATE at term 0 for changeToCandidate
2023-01-10 01:11:59,788 [de1dc05a-b420-436e-92e0-be95de2f8d14@group-6F7CAD6E2125-FollowerState] INFO  server.RaftServerConfigKeys (ConfUtils.java:logGet(46)) - raft.server.leaderelection.pre-vote = false (custom)
2023-01-10 01:11:59,788 [de1dc05a-b420-436e-92e0-be95de2f8d14@group-6F7CAD6E2125-FollowerState] INFO  impl.RoleInfo (RoleInfo.java:updateAndGet(139)) - de1dc05a-b420-436e-92e0-be95de2f8d14: start de1dc05a-b420-436e-92e0-be95de2f8d14@group-6F7CAD6E2125-LeaderElection8
2023-01-10 01:11:59,791 [de1dc05a-b420-436e-92e0-be95de2f8d14@group-6F7CAD6E2125-LeaderElection8] INFO  impl.LeaderElection (LeaderElection.java:askForVotes(312)) - de1dc05a-b420-436e-92e0-be95de2f8d14@group-6F7CAD6E2125-LeaderElection8 ELECTION round 0: submit vote requests at term 1 for -1: peers:[de1dc05a-b420-436e-92e0-be95de2f8d14|rpc:10.1.0.24:34547|dataStream:10.1.0.24:39059|priority:1|startupRole:FOLLOWER]|listeners:[], old=null
2023-01-10 01:11:59,791 [de1dc05a-b420-436e-92e0-be95de2f8d14@group-6F7CAD6E2125-LeaderElection8] INFO  impl.LeaderElection (LeaderElection.java:askForVotes(314)) - de1dc05a-b420-436e-92e0-be95de2f8d14@group-6F7CAD6E2125-LeaderElection8 ELECTION round 0: result PASSED (term=1)
2023-01-10 01:11:59,791 [de1dc05a-b420-436e-92e0-be95de2f8d14@group-6F7CAD6E2125-LeaderElection8] INFO  impl.RoleInfo (RoleInfo.java:shutdownLeaderElection(130)) - de1dc05a-b420-436e-92e0-be95de2f8d14: shutdown de1dc05a-b420-436e-92e0-be95de2f8d14@group-6F7CAD6E2125-LeaderElection8
2023-01-10 01:11:59,791 [de1dc05a-b420-436e-92e0-be95de2f8d14@group-6F7CAD6E2125-LeaderElection8] INFO  server.RaftServer$Division (RaftServerImpl.java:setRole(321)) - de1dc05a-b420-436e-92e0-be95de2f8d14@group-6F7CAD6E2125: changes role from CANDIDATE to LEADER at term 1 for changeToLeader
2023-01-10 01:11:59,792 [de1dc05a-b420-436e-92e0-be95de2f8d14@group-6F7CAD6E2125-LeaderElection8] INFO  ratis.XceiverServerRatis (XceiverServerRatis.java:handleLeaderChangedNotification(904)) - Leader change notification received for group: group-6F7CAD6E2125 with new leaderId: de1dc05a-b420-436e-92e0-be95de2f8d14
2023-01-10 01:11:59,793 [de1dc05a-b420-436e-92e0-be95de2f8d14@group-6F7CAD6E2125-LeaderElection8] INFO  server.RaftServer$Division (ServerState.java:setLeader(313)) - de1dc05a-b420-436e-92e0-be95de2f8d14@group-6F7CAD6E2125: change Leader from null to de1dc05a-b420-436e-92e0-be95de2f8d14 at term 1 for becomeLeader, leader elected after 5199ms
2023-01-10 01:11:59,794 [de1dc05a-b420-436e-92e0-be95de2f8d14@group-6F7CAD6E2125-LeaderElection8] INFO  server.RaftServerConfigKeys (ConfUtils.java:logGet(46)) - raft.server.staging.catchup.gap = 1000 (default)
2023-01-10 01:11:59,794 [de1dc05a-b420-436e-92e0-be95de2f8d14@group-6F7CAD6E2125-LeaderElection8] INFO  server.RaftServerConfigKeys (ConfUtils.java:logGet(46)) - raft.server.write.element-limit = 1024 (custom)
2023-01-10 01:11:59,794 [de1dc05a-b420-436e-92e0-be95de2f8d14@group-6F7CAD6E2125-LeaderElection8] INFO  server.RaftServerConfigKeys (ConfUtils.java:logGet(46)) - raft.server.write.byte-limit = 1024 M (=1073741824) (custom)
2023-01-10 01:11:59,794 [de1dc05a-b420-436e-92e0-be95de2f8d14@group-6F7CAD6E2125-LeaderElection8] INFO  server.RaftServerConfigKeys (ConfUtils.java:logGet(46)) - raft.server.watch.timeout = 180s (custom)
2023-01-10 01:11:59,794 [de1dc05a-b420-436e-92e0-be95de2f8d14@group-6F7CAD6E2125-LeaderElection8] INFO  server.RaftServerConfigKeys (ConfUtils.java:logGet(46)) - raft.server.watch.timeout.denomination = 1s (default)
2023-01-10 01:11:59,794 [de1dc05a-b420-436e-92e0-be95de2f8d14@group-6F7CAD6E2125-LeaderElection8] INFO  server.RaftServerConfigKeys (ConfUtils.java:logGet(46)) - raft.server.watch.element-limit = 65536 (default)
2023-01-10 01:11:59,794 [de1dc05a-b420-436e-92e0-be95de2f8d14@group-6F7CAD6E2125-LeaderElection8] INFO  server.RaftServerConfigKeys (ConfUtils.java:logGet(46)) - raft.server.write.element-limit = 1024 (custom)
2023-01-10 01:11:59,794 [de1dc05a-b420-436e-92e0-be95de2f8d14@group-6F7CAD6E2125-LeaderElection8] INFO  server.RaftServerConfigKeys (ConfUtils.java:logGet(46)) - raft.server.write.follower.gap.ratio.max = -1.0 (default)
2023-01-10 01:11:59,795 [de1dc05a-b420-436e-92e0-be95de2f8d14@group-6F7CAD6E2125-LeaderElection8] INFO  impl.RoleInfo (RoleInfo.java:updateAndGet(139)) - de1dc05a-b420-436e-92e0-be95de2f8d14: start de1dc05a-b420-436e-92e0-be95de2f8d14@group-6F7CAD6E2125-LeaderStateImpl
2023-01-10 01:11:59,795 [de1dc05a-b420-436e-92e0-be95de2f8d14@group-6F7CAD6E2125-LeaderElection8] INFO  segmented.SegmentedRaftLogWorker (SegmentedRaftLogWorker.java:startLogSegment(452)) - de1dc05a-b420-436e-92e0-be95de2f8d14@group-6F7CAD6E2125-SegmentedRaftLogWorker: Starting segment from index:0
2023-01-10 01:11:59,796 [de1dc05a-b420-436e-92e0-be95de2f8d14@group-6F7CAD6E2125-SegmentedRaftLogWorker] INFO  segmented.SegmentedRaftLogWorker (SegmentedRaftLogWorker.java:execute(656)) - de1dc05a-b420-436e-92e0-be95de2f8d14@group-6F7CAD6E2125-SegmentedRaftLogWorker: created new log segment /home/runner/work/ozone/ozone/hadoop-ozone/integration-test/target/test-dir/MiniOzoneClusterImpl-11329d86-319f-4265-8dbd-04dd0b699e79/datanode-3/data/ratis/65ebfa6e-2e0c-4813-87b0-6f7cad6e2125/current/log_inprogress_0
2023-01-10 01:11:59,797 [de1dc05a-b420-436e-92e0-be95de2f8d14@group-6F7CAD6E2125-LeaderElection8] INFO  server.RaftServer$Division (ServerState.java:setRaftConf(430)) - de1dc05a-b420-436e-92e0-be95de2f8d14@group-6F7CAD6E2125: set configuration 0: peers:[de1dc05a-b420-436e-92e0-be95de2f8d14|rpc:10.1.0.24:34547|dataStream:10.1.0.24:39059|priority:1|startupRole:FOLLOWER]|listeners:[], old=null
2023-01-10 01:11:59,845 [43274a1e-e531-4976-aba4-4015449e37b0@group-9F1D5650E6E9-FollowerState] INFO  impl.FollowerState (FollowerState.java:run(143)) - 43274a1e-e531-4976-aba4-4015449e37b0@group-9F1D5650E6E9-FollowerState: change to CANDIDATE, lastRpcElapsedTime:5070073454ns, electionTimeout:5068ms
2023-01-10 01:11:59,845 [43274a1e-e531-4976-aba4-4015449e37b0@group-9F1D5650E6E9-FollowerState] INFO  impl.RoleInfo (RoleInfo.java:shutdownFollowerState(110)) - 43274a1e-e531-4976-aba4-4015449e37b0: shutdown 43274a1e-e531-4976-aba4-4015449e37b0@group-9F1D5650E6E9-FollowerState
2023-01-10 01:11:59,845 [43274a1e-e531-4976-aba4-4015449e37b0@group-9F1D5650E6E9-FollowerState] INFO  server.RaftServer$Division (RaftServerImpl.java:setRole(321)) - 43274a1e-e531-4976-aba4-4015449e37b0@group-9F1D5650E6E9: changes role from  FOLLOWER to CANDIDATE at term 0 for changeToCandidate
2023-01-10 01:11:59,845 [43274a1e-e531-4976-aba4-4015449e37b0@group-9F1D5650E6E9-FollowerState] INFO  server.RaftServerConfigKeys (ConfUtils.java:logGet(46)) - raft.server.leaderelection.pre-vote = false (custom)
2023-01-10 01:11:59,845 [43274a1e-e531-4976-aba4-4015449e37b0@group-9F1D5650E6E9-FollowerState] INFO  impl.RoleInfo (RoleInfo.java:updateAndGet(139)) - 43274a1e-e531-4976-aba4-4015449e37b0: start 43274a1e-e531-4976-aba4-4015449e37b0@group-9F1D5650E6E9-LeaderElection9
2023-01-10 01:11:59,848 [43274a1e-e531-4976-aba4-4015449e37b0@group-9F1D5650E6E9-LeaderElection9] INFO  impl.LeaderElection (LeaderElection.java:askForVotes(312)) - 43274a1e-e531-4976-aba4-4015449e37b0@group-9F1D5650E6E9-LeaderElection9 ELECTION round 0: submit vote requests at term 1 for -1: peers:[de1dc05a-b420-436e-92e0-be95de2f8d14|rpc:10.1.0.24:34547|dataStream:10.1.0.24:39059|priority:0|startupRole:FOLLOWER, 819a9d5b-d004-47f6-9883-bc546cfa0094|rpc:10.1.0.24:40265|dataStream:10.1.0.24:43921|priority:0|startupRole:FOLLOWER, 43274a1e-e531-4976-aba4-4015449e37b0|rpc:10.1.0.24:46313|dataStream:10.1.0.24:36845|priority:1|startupRole:FOLLOWER]|listeners:[], old=null
2023-01-10 01:11:59,848 [43274a1e-e531-4976-aba4-4015449e37b0@group-9F1D5650E6E9-LeaderElection9-1] INFO  server.GrpcServerProtocolClient (GrpcServerProtocolClient.java:<init>(63)) - Build channel for de1dc05a-b420-436e-92e0-be95de2f8d14
2023-01-10 01:11:59,851 [43274a1e-e531-4976-aba4-4015449e37b0@group-9F1D5650E6E9-LeaderElection9] INFO  server.RaftServerConfigKeys (ConfUtils.java:logFallback(53)) - raft.server.rpc.first-election.timeout.min = 5s (fallback to raft.server.rpc.timeout.min)
2023-01-10 01:11:59,851 [43274a1e-e531-4976-aba4-4015449e37b0@group-9F1D5650E6E9-LeaderElection9] INFO  server.RaftServerConfigKeys (ConfUtils.java:logFallback(53)) - raft.server.rpc.first-election.timeout.max = 5200ms (fallback to raft.server.rpc.timeout.max)
2023-01-10 01:11:59,851 [43274a1e-e531-4976-aba4-4015449e37b0@group-9F1D5650E6E9-LeaderElection9-2] INFO  server.GrpcServerProtocolClient (GrpcServerProtocolClient.java:<init>(63)) - Build channel for 819a9d5b-d004-47f6-9883-bc546cfa0094
2023-01-10 01:11:59,859 [grpc-default-executor-2] INFO  server.RaftServer$Division (RaftServerImpl.java:requestVote(1218)) - de1dc05a-b420-436e-92e0-be95de2f8d14@group-9F1D5650E6E9: receive requestVote(ELECTION, 43274a1e-e531-4976-aba4-4015449e37b0, group-9F1D5650E6E9, 1, (t:0, i:0))
2023-01-10 01:11:59,859 [grpc-default-executor-2] INFO  impl.VoteContext (VoteContext.java:log(49)) - de1dc05a-b420-436e-92e0-be95de2f8d14@group-9F1D5650E6E9-FOLLOWER: accept ELECTION from 43274a1e-e531-4976-aba4-4015449e37b0: our priority 0 <= candidate's priority 1
2023-01-10 01:11:59,859 [grpc-default-executor-2] INFO  server.RaftServer$Division (RaftServerImpl.java:setRole(321)) - de1dc05a-b420-436e-92e0-be95de2f8d14@group-9F1D5650E6E9: changes role from  FOLLOWER to FOLLOWER at term 1 for candidate:43274a1e-e531-4976-aba4-4015449e37b0
2023-01-10 01:11:59,859 [grpc-default-executor-2] INFO  impl.RoleInfo (RoleInfo.java:shutdownFollowerState(110)) - de1dc05a-b420-436e-92e0-be95de2f8d14: shutdown de1dc05a-b420-436e-92e0-be95de2f8d14@group-9F1D5650E6E9-FollowerState
2023-01-10 01:11:59,859 [de1dc05a-b420-436e-92e0-be95de2f8d14@group-9F1D5650E6E9-FollowerState] INFO  impl.FollowerState (FollowerState.java:run(152)) - de1dc05a-b420-436e-92e0-be95de2f8d14@group-9F1D5650E6E9-FollowerState was interrupted
2023-01-10 01:11:59,864 [grpc-default-executor-2] INFO  impl.RoleInfo (RoleInfo.java:updateAndGet(139)) - de1dc05a-b420-436e-92e0-be95de2f8d14: start de1dc05a-b420-436e-92e0-be95de2f8d14@group-9F1D5650E6E9-FollowerState
2023-01-10 01:11:59,867 [grpc-default-executor-3] INFO  server.RaftServer$Division (RaftServerImpl.java:requestVote(1218)) - 819a9d5b-d004-47f6-9883-bc546cfa0094@group-9F1D5650E6E9: receive requestVote(ELECTION, 43274a1e-e531-4976-aba4-4015449e37b0, group-9F1D5650E6E9, 1, (t:0, i:0))
2023-01-10 01:11:59,868 [grpc-default-executor-3] INFO  impl.VoteContext (VoteContext.java:log(49)) - 819a9d5b-d004-47f6-9883-bc546cfa0094@group-9F1D5650E6E9-FOLLOWER: accept ELECTION from 43274a1e-e531-4976-aba4-4015449e37b0: our priority 0 <= candidate's priority 1
2023-01-10 01:11:59,868 [grpc-default-executor-3] INFO  server.RaftServer$Division (RaftServerImpl.java:setRole(321)) - 819a9d5b-d004-47f6-9883-bc546cfa0094@group-9F1D5650E6E9: changes role from  FOLLOWER to FOLLOWER at term 1 for candidate:43274a1e-e531-4976-aba4-4015449e37b0
2023-01-10 01:11:59,868 [grpc-default-executor-3] INFO  impl.RoleInfo (RoleInfo.java:shutdownFollowerState(110)) - 819a9d5b-d004-47f6-9883-bc546cfa0094: shutdown 819a9d5b-d004-47f6-9883-bc546cfa0094@group-9F1D5650E6E9-FollowerState
2023-01-10 01:11:59,868 [grpc-default-executor-3] INFO  impl.RoleInfo (RoleInfo.java:updateAndGet(139)) - 819a9d5b-d004-47f6-9883-bc546cfa0094: start 819a9d5b-d004-47f6-9883-bc546cfa0094@group-9F1D5650E6E9-FollowerState
2023-01-10 01:11:59,868 [819a9d5b-d004-47f6-9883-bc546cfa0094@group-9F1D5650E6E9-FollowerState] INFO  impl.FollowerState (FollowerState.java:run(152)) - 819a9d5b-d004-47f6-9883-bc546cfa0094@group-9F1D5650E6E9-FollowerState was interrupted
2023-01-10 01:11:59,868 [819a9d5b-d004-47f6-9883-bc546cfa0094@group-9F1D5650E6E9-FollowerState] INFO  server.RaftServerConfigKeys (ConfUtils.java:logFallback(53)) - raft.server.rpc.first-election.timeout.min = 5s (fallback to raft.server.rpc.timeout.min)
2023-01-10 01:11:59,868 [819a9d5b-d004-47f6-9883-bc546cfa0094@group-9F1D5650E6E9-FollowerState] INFO  server.RaftServerConfigKeys (ConfUtils.java:logFallback(53)) - raft.server.rpc.first-election.timeout.max = 5200ms (fallback to raft.server.rpc.timeout.max)
2023-01-10 01:11:59,868 [grpc-default-executor-2] INFO  server.RaftServer$Division (RaftServerImpl.java:requestVote(1251)) - de1dc05a-b420-436e-92e0-be95de2f8d14@group-9F1D5650E6E9 replies to ELECTION vote request: 43274a1e-e531-4976-aba4-4015449e37b0<-de1dc05a-b420-436e-92e0-be95de2f8d14#0:OK-t1. Peer's state: de1dc05a-b420-436e-92e0-be95de2f8d14@group-9F1D5650E6E9:t1, leader=null, voted=43274a1e-e531-4976-aba4-4015449e37b0, raftlog=Memoized:de1dc05a-b420-436e-92e0-be95de2f8d14@group-9F1D5650E6E9-SegmentedRaftLog:OPENED:c-1, conf=-1: peers:[de1dc05a-b420-436e-92e0-be95de2f8d14|rpc:10.1.0.24:34547|dataStream:10.1.0.24:39059|priority:0|startupRole:FOLLOWER, 819a9d5b-d004-47f6-9883-bc546cfa0094|rpc:10.1.0.24:40265|dataStream:10.1.0.24:43921|priority:0|startupRole:FOLLOWER, 43274a1e-e531-4976-aba4-4015449e37b0|rpc:10.1.0.24:46313|dataStream:10.1.0.24:36845|priority:1|startupRole:FOLLOWER]|listeners:[], old=null
2023-01-10 01:11:59,869 [grpc-default-executor-3] INFO  server.RaftServer$Division (RaftServerImpl.java:requestVote(1251)) - 819a9d5b-d004-47f6-9883-bc546cfa0094@group-9F1D5650E6E9 replies to ELECTION vote request: 43274a1e-e531-4976-aba4-4015449e37b0<-819a9d5b-d004-47f6-9883-bc546cfa0094#0:OK-t1. Peer's state: 819a9d5b-d004-47f6-9883-bc546cfa0094@group-9F1D5650E6E9:t1, leader=null, voted=43274a1e-e531-4976-aba4-4015449e37b0, raftlog=Memoized:819a9d5b-d004-47f6-9883-bc546cfa0094@group-9F1D5650E6E9-SegmentedRaftLog:OPENED:c-1, conf=-1: peers:[de1dc05a-b420-436e-92e0-be95de2f8d14|rpc:10.1.0.24:34547|dataStream:10.1.0.24:39059|priority:0|startupRole:FOLLOWER, 819a9d5b-d004-47f6-9883-bc546cfa0094|rpc:10.1.0.24:40265|dataStream:10.1.0.24:43921|priority:0|startupRole:FOLLOWER, 43274a1e-e531-4976-aba4-4015449e37b0|rpc:10.1.0.24:46313|dataStream:10.1.0.24:36845|priority:1|startupRole:FOLLOWER]|listeners:[], old=null
2023-01-10 01:11:59,869 [de1dc05a-b420-436e-92e0-be95de2f8d14@group-9F1D5650E6E9-FollowerState] INFO  server.RaftServerConfigKeys (ConfUtils.java:logFallback(53)) - raft.server.rpc.first-election.timeout.min = 5s (fallback to raft.server.rpc.timeout.min)
2023-01-10 01:11:59,870 [de1dc05a-b420-436e-92e0-be95de2f8d14@group-9F1D5650E6E9-FollowerState] INFO  server.RaftServerConfigKeys (ConfUtils.java:logFallback(53)) - raft.server.rpc.first-election.timeout.max = 5200ms (fallback to raft.server.rpc.timeout.max)
2023-01-10 01:11:59,873 [43274a1e-e531-4976-aba4-4015449e37b0@group-9F1D5650E6E9-LeaderElection9] INFO  impl.LeaderElection (LeaderElection.java:logAndReturn(90)) - 43274a1e-e531-4976-aba4-4015449e37b0@group-9F1D5650E6E9-LeaderElection9: ELECTION PASSED received 1 response(s) and 0 exception(s):
2023-01-10 01:11:59,873 [43274a1e-e531-4976-aba4-4015449e37b0@group-9F1D5650E6E9-LeaderElection9] INFO  impl.LeaderElection (LeaderElection.java:logAndReturn(94)) -   Response 0: 43274a1e-e531-4976-aba4-4015449e37b0<-819a9d5b-d004-47f6-9883-bc546cfa0094#0:OK-t1
2023-01-10 01:11:59,873 [43274a1e-e531-4976-aba4-4015449e37b0@group-9F1D5650E6E9-LeaderElection9] INFO  impl.LeaderElection (LeaderElection.java:askForVotes(314)) - 43274a1e-e531-4976-aba4-4015449e37b0@group-9F1D5650E6E9-LeaderElection9 ELECTION round 0: result PASSED
2023-01-10 01:11:59,873 [43274a1e-e531-4976-aba4-4015449e37b0@group-9F1D5650E6E9-LeaderElection9] INFO  impl.RoleInfo (RoleInfo.java:shutdownLeaderElection(130)) - 43274a1e-e531-4976-aba4-4015449e37b0: shutdown 43274a1e-e531-4976-aba4-4015449e37b0@group-9F1D5650E6E9-LeaderElection9
2023-01-10 01:11:59,873 [43274a1e-e531-4976-aba4-4015449e37b0@group-9F1D5650E6E9-LeaderElection9] INFO  server.RaftServer$Division (RaftServerImpl.java:setRole(321)) - 43274a1e-e531-4976-aba4-4015449e37b0@group-9F1D5650E6E9: changes role from CANDIDATE to LEADER at term 1 for changeToLeader
2023-01-10 01:11:59,873 [43274a1e-e531-4976-aba4-4015449e37b0@group-9F1D5650E6E9-LeaderElection9] INFO  ratis.XceiverServerRatis (XceiverServerRatis.java:handleLeaderChangedNotification(904)) - Leader change notification received for group: group-9F1D5650E6E9 with new leaderId: 43274a1e-e531-4976-aba4-4015449e37b0
2023-01-10 01:11:59,873 [43274a1e-e531-4976-aba4-4015449e37b0@group-9F1D5650E6E9-LeaderElection9] INFO  server.RaftServer$Division (ServerState.java:setLeader(313)) - 43274a1e-e531-4976-aba4-4015449e37b0@group-9F1D5650E6E9: change Leader from null to 43274a1e-e531-4976-aba4-4015449e37b0 at term 1 for becomeLeader, leader elected after 5118ms
2023-01-10 01:11:59,874 [43274a1e-e531-4976-aba4-4015449e37b0@group-9F1D5650E6E9-LeaderElection9] INFO  server.RaftServerConfigKeys (ConfUtils.java:logGet(46)) - raft.server.staging.catchup.gap = 1000 (default)
2023-01-10 01:11:59,875 [43274a1e-e531-4976-aba4-4015449e37b0@group-9F1D5650E6E9-LeaderElection9] INFO  server.RaftServerConfigKeys (ConfUtils.java:logGet(46)) - raft.server.write.element-limit = 1024 (custom)
2023-01-10 01:11:59,875 [43274a1e-e531-4976-aba4-4015449e37b0@group-9F1D5650E6E9-LeaderElection9] INFO  server.RaftServerConfigKeys (ConfUtils.java:logGet(46)) - raft.server.write.byte-limit = 1024 M (=1073741824) (custom)
2023-01-10 01:11:59,875 [43274a1e-e531-4976-aba4-4015449e37b0@group-9F1D5650E6E9-LeaderElection9] INFO  server.RaftServerConfigKeys (ConfUtils.java:logGet(46)) - raft.server.watch.timeout = 180s (custom)
2023-01-10 01:11:59,875 [43274a1e-e531-4976-aba4-4015449e37b0@group-9F1D5650E6E9-LeaderElection9] INFO  server.RaftServerConfigKeys (ConfUtils.java:logGet(46)) - raft.server.watch.timeout.denomination = 1s (default)
2023-01-10 01:11:59,875 [43274a1e-e531-4976-aba4-4015449e37b0@group-9F1D5650E6E9-LeaderElection9] INFO  server.RaftServerConfigKeys (ConfUtils.java:logGet(46)) - raft.server.watch.element-limit = 65536 (default)
2023-01-10 01:11:59,875 [43274a1e-e531-4976-aba4-4015449e37b0@group-9F1D5650E6E9-LeaderElection9] INFO  server.RaftServerConfigKeys (ConfUtils.java:logGet(46)) - raft.server.write.element-limit = 1024 (custom)
2023-01-10 01:11:59,875 [43274a1e-e531-4976-aba4-4015449e37b0@group-9F1D5650E6E9-LeaderElection9] INFO  server.RaftServerConfigKeys (ConfUtils.java:logGet(46)) - raft.server.write.follower.gap.ratio.max = -1.0 (default)
2023-01-10 01:11:59,876 [43274a1e-e531-4976-aba4-4015449e37b0@group-9F1D5650E6E9-LeaderElection9] INFO  server.RaftServerConfigKeys (ConfUtils.java:logGet(46)) - raft.server.log.appender.snapshot.chunk.size.max = 16MB (=16777216) (default)
2023-01-10 01:11:59,876 [43274a1e-e531-4976-aba4-4015449e37b0@group-9F1D5650E6E9-LeaderElection9] INFO  server.RaftServerConfigKeys (ConfUtils.java:logGet(46)) - raft.server.log.appender.buffer.byte-limit = 33554432 (custom)
2023-01-10 01:11:59,876 [43274a1e-e531-4976-aba4-4015449e37b0@group-9F1D5650E6E9-LeaderElection9] INFO  server.RaftServerConfigKeys (ConfUtils.java:logGet(46)) - raft.server.log.appender.buffer.element-limit = 1 (custom)
2023-01-10 01:11:59,876 [43274a1e-e531-4976-aba4-4015449e37b0@group-9F1D5650E6E9-LeaderElection9] INFO  grpc.GrpcConfigKeys (ConfUtils.java:logGet(46)) - raft.grpc.server.leader.outstanding.appends.max = 128 (default)
2023-01-10 01:11:59,876 [43274a1e-e531-4976-aba4-4015449e37b0@group-9F1D5650E6E9-LeaderElection9] INFO  server.RaftServerConfigKeys (ConfUtils.java:logGet(46)) - raft.server.rpc.request.timeout = 60s (custom)
2023-01-10 01:11:59,877 [43274a1e-e531-4976-aba4-4015449e37b0@group-9F1D5650E6E9-LeaderElection9] INFO  server.RaftServerConfigKeys (ConfUtils.java:logGet(46)) - raft.server.log.appender.install.snapshot.enabled = false (custom)
2023-01-10 01:11:59,877 [43274a1e-e531-4976-aba4-4015449e37b0@group-9F1D5650E6E9-LeaderElection9] INFO  grpc.GrpcConfigKeys (ConfUtils.java:logGet(46)) - raft.grpc.server.heartbeat.channel = true (default)
2023-01-10 01:11:59,877 [43274a1e-e531-4976-aba4-4015449e37b0@group-9F1D5650E6E9-LeaderElection9] INFO  server.RaftServerConfigKeys (ConfUtils.java:logGet(46)) - raft.server.log.appender.wait-time.min = 10ms (default)
2023-01-10 01:11:59,878 [EventQueue-PipelineReportForPipelineReportHandler] INFO  pipeline.PipelineManagerImpl (PipelineManagerImpl.java:openPipeline(367)) - Pipeline Pipeline[ Id: 3fc97201-0cda-4a57-9ef4-9f1d5650e6e9, Nodes: de1dc05a-b420-436e-92e0-be95de2f8d14{ip: 10.1.0.24, host: fv-az353-623.tkyx2seitsuu3nmpmouz2httfb.bx.internal.cloudapp.net, ports: [REPLICATION=40077, RATIS=34547, RATIS_ADMIN=34547, RATIS_SERVER=34547, RATIS_DATASTREAM=39059, STANDALONE=40421], networkLocation: /default-rack, certSerialId: null, persistedOpState: IN_SERVICE, persistedOpStateExpiryEpochSec: 0}43274a1e-e531-4976-aba4-4015449e37b0{ip: 10.1.0.24, host: fv-az353-623.tkyx2seitsuu3nmpmouz2httfb.bx.internal.cloudapp.net, ports: [REPLICATION=33789, RATIS=46313, RATIS_ADMIN=46313, RATIS_SERVER=46313, RATIS_DATASTREAM=36845, STANDALONE=39587], networkLocation: /default-rack, certSerialId: null, persistedOpState: IN_SERVICE, persistedOpStateExpiryEpochSec: 0}819a9d5b-d004-47f6-9883-bc546cfa0094{ip: 10.1.0.24, host: fv-az353-623.tkyx2seitsuu3nmpmouz2httfb.bx.internal.cloudapp.net, ports: [REPLICATION=42931, RATIS=40265, RATIS_ADMIN=40265, RATIS_SERVER=40265, RATIS_DATASTREAM=43921, STANDALONE=32831], networkLocation: /default-rack, certSerialId: null, persistedOpState: IN_SERVICE, persistedOpStateExpiryEpochSec: 0}, ReplicationConfig: RATIS/THREE, State:ALLOCATED, leaderId:43274a1e-e531-4976-aba4-4015449e37b0, CreationTimestamp2023-01-10T01:11:52.211Z[Etc/UTC]] moved to OPEN state
2023-01-10 01:11:59,879 [43274a1e-e531-4976-aba4-4015449e37b0@group-9F1D5650E6E9-LeaderElection9] INFO  server.RaftServerConfigKeys (ConfUtils.java:logGet(46)) - raft.server.log.appender.snapshot.chunk.size.max = 16MB (=16777216) (default)
2023-01-10 01:11:59,879 [43274a1e-e531-4976-aba4-4015449e37b0@group-9F1D5650E6E9-LeaderElection9] INFO  server.RaftServerConfigKeys (ConfUtils.java:logGet(46)) - raft.server.log.appender.buffer.byte-limit = 33554432 (custom)
2023-01-10 01:11:59,879 [43274a1e-e531-4976-aba4-4015449e37b0@group-9F1D5650E6E9-LeaderElection9] INFO  server.RaftServerConfigKeys (ConfUtils.java:logGet(46)) - raft.server.log.appender.buffer.element-limit = 1 (custom)
2023-01-10 01:11:59,879 [43274a1e-e531-4976-aba4-4015449e37b0@group-9F1D5650E6E9-LeaderElection9] INFO  grpc.GrpcConfigKeys (ConfUtils.java:logGet(46)) - raft.grpc.server.leader.outstanding.appends.max = 128 (default)
2023-01-10 01:11:59,879 [43274a1e-e531-4976-aba4-4015449e37b0@group-9F1D5650E6E9-LeaderElection9] INFO  server.RaftServerConfigKeys (ConfUtils.java:logGet(46)) - raft.server.rpc.request.timeout = 60s (custom)
2023-01-10 01:11:59,880 [43274a1e-e531-4976-aba4-4015449e37b0@group-9F1D5650E6E9-LeaderElection9] INFO  server.RaftServerConfigKeys (ConfUtils.java:logGet(46)) - raft.server.log.appender.install.snapshot.enabled = false (custom)
2023-01-10 01:11:59,880 [43274a1e-e531-4976-aba4-4015449e37b0@group-9F1D5650E6E9-LeaderElection9] INFO  grpc.GrpcConfigKeys (ConfUtils.java:logGet(46)) - raft.grpc.server.heartbeat.channel = true (default)
2023-01-10 01:11:59,880 [43274a1e-e531-4976-aba4-4015449e37b0@group-9F1D5650E6E9-LeaderElection9] INFO  server.RaftServerConfigKeys (ConfUtils.java:logGet(46)) - raft.server.log.appender.wait-time.min = 10ms (default)
2023-01-10 01:11:59,880 [43274a1e-e531-4976-aba4-4015449e37b0@group-9F1D5650E6E9-LeaderElection9] INFO  impl.RoleInfo (RoleInfo.java:updateAndGet(139)) - 43274a1e-e531-4976-aba4-4015449e37b0: start 43274a1e-e531-4976-aba4-4015449e37b0@group-9F1D5650E6E9-LeaderStateImpl
2023-01-10 01:11:59,880 [43274a1e-e531-4976-aba4-4015449e37b0@group-9F1D5650E6E9-LeaderElection9] INFO  segmented.SegmentedRaftLogWorker (SegmentedRaftLogWorker.java:startLogSegment(452)) - 43274a1e-e531-4976-aba4-4015449e37b0@group-9F1D5650E6E9-SegmentedRaftLogWorker: Starting segment from index:0
2023-01-10 01:11:59,882 [43274a1e-e531-4976-aba4-4015449e37b0@group-9F1D5650E6E9-SegmentedRaftLogWorker] INFO  segmented.SegmentedRaftLogWorker (SegmentedRaftLogWorker.java:execute(656)) - 43274a1e-e531-4976-aba4-4015449e37b0@group-9F1D5650E6E9-SegmentedRaftLogWorker: created new log segment /home/runner/work/ozone/ozone/hadoop-ozone/integration-test/target/test-dir/MiniOzoneClusterImpl-11329d86-319f-4265-8dbd-04dd0b699e79/datanode-4/data/ratis/3fc97201-0cda-4a57-9ef4-9f1d5650e6e9/current/log_inprogress_0
2023-01-10 01:11:59,885 [43274a1e-e531-4976-aba4-4015449e37b0@group-9F1D5650E6E9-LeaderElection9] INFO  server.RaftServer$Division (ServerState.java:setRaftConf(430)) - 43274a1e-e531-4976-aba4-4015449e37b0@group-9F1D5650E6E9: set configuration 0: peers:[de1dc05a-b420-436e-92e0-be95de2f8d14|rpc:10.1.0.24:34547|dataStream:10.1.0.24:39059|priority:0|startupRole:FOLLOWER, 819a9d5b-d004-47f6-9883-bc546cfa0094|rpc:10.1.0.24:40265|dataStream:10.1.0.24:43921|priority:0|startupRole:FOLLOWER, 43274a1e-e531-4976-aba4-4015449e37b0|rpc:10.1.0.24:46313|dataStream:10.1.0.24:36845|priority:1|startupRole:FOLLOWER]|listeners:[], old=null
2023-01-10 01:11:59,905 [819a9d5b-d004-47f6-9883-bc546cfa0094-server-thread1] INFO  ratis.XceiverServerRatis (XceiverServerRatis.java:handleLeaderChangedNotification(904)) - Leader change notification received for group: group-9F1D5650E6E9 with new leaderId: 43274a1e-e531-4976-aba4-4015449e37b0
2023-01-10 01:11:59,906 [819a9d5b-d004-47f6-9883-bc546cfa0094-server-thread1] INFO  server.RaftServer$Division (ServerState.java:setLeader(313)) - 819a9d5b-d004-47f6-9883-bc546cfa0094@group-9F1D5650E6E9: change Leader from null to 43274a1e-e531-4976-aba4-4015449e37b0 at term 1 for appendEntries, leader elected after 5108ms
2023-01-10 01:11:59,906 [de1dc05a-b420-436e-92e0-be95de2f8d14-server-thread2] INFO  ratis.XceiverServerRatis (XceiverServerRatis.java:handleLeaderChangedNotification(904)) - Leader change notification received for group: group-9F1D5650E6E9 with new leaderId: 43274a1e-e531-4976-aba4-4015449e37b0
2023-01-10 01:11:59,906 [de1dc05a-b420-436e-92e0-be95de2f8d14-server-thread2] INFO  server.RaftServer$Division (ServerState.java:setLeader(313)) - de1dc05a-b420-436e-92e0-be95de2f8d14@group-9F1D5650E6E9: change Leader from null to 43274a1e-e531-4976-aba4-4015449e37b0 at term 1 for appendEntries, leader elected after 5229ms
2023-01-10 01:11:59,907 [de1dc05a-b420-436e-92e0-be95de2f8d14-server-thread2] INFO  server.RaftServer$Division (ServerState.java:setRaftConf(430)) - de1dc05a-b420-436e-92e0-be95de2f8d14@group-9F1D5650E6E9: set configuration 0: peers:[de1dc05a-b420-436e-92e0-be95de2f8d14|rpc:10.1.0.24:34547|dataStream:10.1.0.24:39059|priority:0|startupRole:FOLLOWER, 819a9d5b-d004-47f6-9883-bc546cfa0094|rpc:10.1.0.24:40265|dataStream:10.1.0.24:43921|priority:0|startupRole:FOLLOWER, 43274a1e-e531-4976-aba4-4015449e37b0|rpc:10.1.0.24:46313|dataStream:10.1.0.24:36845|priority:1|startupRole:FOLLOWER]|listeners:[], old=null
2023-01-10 01:11:59,907 [de1dc05a-b420-436e-92e0-be95de2f8d14-server-thread2] INFO  segmented.SegmentedRaftLogWorker (SegmentedRaftLogWorker.java:startLogSegment(452)) - de1dc05a-b420-436e-92e0-be95de2f8d14@group-9F1D5650E6E9-SegmentedRaftLogWorker: Starting segment from index:0
2023-01-10 01:11:59,911 [de1dc05a-b420-436e-92e0-be95de2f8d14@group-9F1D5650E6E9-SegmentedRaftLogWorker] INFO  segmented.SegmentedRaftLogWorker (SegmentedRaftLogWorker.java:execute(656)) - de1dc05a-b420-436e-92e0-be95de2f8d14@group-9F1D5650E6E9-SegmentedRaftLogWorker: created new log segment /home/runner/work/ozone/ozone/hadoop-ozone/integration-test/target/test-dir/MiniOzoneClusterImpl-11329d86-319f-4265-8dbd-04dd0b699e79/datanode-3/data/ratis/3fc97201-0cda-4a57-9ef4-9f1d5650e6e9/current/log_inprogress_0
2023-01-10 01:11:59,917 [819a9d5b-d004-47f6-9883-bc546cfa0094-server-thread2] INFO  server.RaftServer$Division (ServerState.java:setRaftConf(430)) - 819a9d5b-d004-47f6-9883-bc546cfa0094@group-9F1D5650E6E9: set configuration 0: peers:[de1dc05a-b420-436e-92e0-be95de2f8d14|rpc:10.1.0.24:34547|dataStream:10.1.0.24:39059|priority:0|startupRole:FOLLOWER, 819a9d5b-d004-47f6-9883-bc546cfa0094|rpc:10.1.0.24:40265|dataStream:10.1.0.24:43921|priority:0|startupRole:FOLLOWER, 43274a1e-e531-4976-aba4-4015449e37b0|rpc:10.1.0.24:46313|dataStream:10.1.0.24:36845|priority:1|startupRole:FOLLOWER]|listeners:[], old=null
2023-01-10 01:11:59,917 [819a9d5b-d004-47f6-9883-bc546cfa0094-server-thread2] INFO  segmented.SegmentedRaftLogWorker (SegmentedRaftLogWorker.java:startLogSegment(452)) - 819a9d5b-d004-47f6-9883-bc546cfa0094@group-9F1D5650E6E9-SegmentedRaftLogWorker: Starting segment from index:0
2023-01-10 01:11:59,919 [819a9d5b-d004-47f6-9883-bc546cfa0094@group-9F1D5650E6E9-SegmentedRaftLogWorker] INFO  segmented.SegmentedRaftLogWorker (SegmentedRaftLogWorker.java:execute(656)) - 819a9d5b-d004-47f6-9883-bc546cfa0094@group-9F1D5650E6E9-SegmentedRaftLogWorker: created new log segment /home/runner/work/ozone/ozone/hadoop-ozone/integration-test/target/test-dir/MiniOzoneClusterImpl-11329d86-319f-4265-8dbd-04dd0b699e79/datanode-5/data/ratis/3fc97201-0cda-4a57-9ef4-9f1d5650e6e9/current/log_inprogress_0
2023-01-10 01:11:59,923 [de1dc05a-b420-436e-92e0-be95de2f8d14@group-3A6F7E119F6F-FollowerState] INFO  impl.FollowerState (FollowerState.java:run(143)) - de1dc05a-b420-436e-92e0-be95de2f8d14@group-3A6F7E119F6F-FollowerState: change to CANDIDATE, lastRpcElapsedTime:5067391919ns, electionTimeout:5053ms
2023-01-10 01:11:59,923 [de1dc05a-b420-436e-92e0-be95de2f8d14@group-3A6F7E119F6F-FollowerState] INFO  impl.RoleInfo (RoleInfo.java:shutdownFollowerState(110)) - de1dc05a-b420-436e-92e0-be95de2f8d14: shutdown de1dc05a-b420-436e-92e0-be95de2f8d14@group-3A6F7E119F6F-FollowerState
2023-01-10 01:11:59,923 [de1dc05a-b420-436e-92e0-be95de2f8d14@group-3A6F7E119F6F-FollowerState] INFO  server.RaftServer$Division (RaftServerImpl.java:setRole(321)) - de1dc05a-b420-436e-92e0-be95de2f8d14@group-3A6F7E119F6F: changes role from  FOLLOWER to CANDIDATE at term 0 for changeToCandidate
2023-01-10 01:11:59,923 [de1dc05a-b420-436e-92e0-be95de2f8d14@group-3A6F7E119F6F-FollowerState] INFO  server.RaftServerConfigKeys (ConfUtils.java:logGet(46)) - raft.server.leaderelection.pre-vote = false (custom)
2023-01-10 01:11:59,923 [de1dc05a-b420-436e-92e0-be95de2f8d14@group-3A6F7E119F6F-FollowerState] INFO  impl.RoleInfo (RoleInfo.java:updateAndGet(139)) - de1dc05a-b420-436e-92e0-be95de2f8d14: start de1dc05a-b420-436e-92e0-be95de2f8d14@group-3A6F7E119F6F-LeaderElection10
2023-01-10 01:11:59,928 [de1dc05a-b420-436e-92e0-be95de2f8d14@group-3A6F7E119F6F-LeaderElection10] INFO  impl.LeaderElection (LeaderElection.java:askForVotes(312)) - de1dc05a-b420-436e-92e0-be95de2f8d14@group-3A6F7E119F6F-LeaderElection10 ELECTION round 0: submit vote requests at term 1 for -1: peers:[de1dc05a-b420-436e-92e0-be95de2f8d14|rpc:10.1.0.24:34547|dataStream:10.1.0.24:39059|priority:1|startupRole:FOLLOWER, 819a9d5b-d004-47f6-9883-bc546cfa0094|rpc:10.1.0.24:40265|dataStream:10.1.0.24:43921|priority:0|startupRole:FOLLOWER, 43274a1e-e531-4976-aba4-4015449e37b0|rpc:10.1.0.24:46313|dataStream:10.1.0.24:36845|priority:0|startupRole:FOLLOWER]|listeners:[], old=null
2023-01-10 01:11:59,928 [de1dc05a-b420-436e-92e0-be95de2f8d14@group-3A6F7E119F6F-LeaderElection10-1] INFO  server.GrpcServerProtocolClient (GrpcServerProtocolClient.java:<init>(63)) - Build channel for 819a9d5b-d004-47f6-9883-bc546cfa0094
2023-01-10 01:11:59,928 [de1dc05a-b420-436e-92e0-be95de2f8d14@group-3A6F7E119F6F-LeaderElection10] INFO  server.RaftServerConfigKeys (ConfUtils.java:logFallback(53)) - raft.server.rpc.first-election.timeout.min = 5s (fallback to raft.server.rpc.timeout.min)
2023-01-10 01:11:59,928 [de1dc05a-b420-436e-92e0-be95de2f8d14@group-3A6F7E119F6F-LeaderElection10] INFO  server.RaftServerConfigKeys (ConfUtils.java:logFallback(53)) - raft.server.rpc.first-election.timeout.max = 5200ms (fallback to raft.server.rpc.timeout.max)
2023-01-10 01:11:59,928 [de1dc05a-b420-436e-92e0-be95de2f8d14@group-3A6F7E119F6F-LeaderElection10-2] INFO  server.GrpcServerProtocolClient (GrpcServerProtocolClient.java:<init>(63)) - Build channel for 43274a1e-e531-4976-aba4-4015449e37b0
2023-01-10 01:11:59,938 [grpc-default-executor-2] INFO  server.RaftServer$Division (RaftServerImpl.java:requestVote(1218)) - 43274a1e-e531-4976-aba4-4015449e37b0@group-3A6F7E119F6F: receive requestVote(ELECTION, de1dc05a-b420-436e-92e0-be95de2f8d14, group-3A6F7E119F6F, 1, (t:0, i:0))
2023-01-10 01:11:59,938 [grpc-default-executor-2] INFO  impl.VoteContext (VoteContext.java:log(49)) - 43274a1e-e531-4976-aba4-4015449e37b0@group-3A6F7E119F6F-FOLLOWER: accept ELECTION from de1dc05a-b420-436e-92e0-be95de2f8d14: our priority 0 <= candidate's priority 1
2023-01-10 01:11:59,938 [grpc-default-executor-2] INFO  server.RaftServer$Division (RaftServerImpl.java:setRole(321)) - 43274a1e-e531-4976-aba4-4015449e37b0@group-3A6F7E119F6F: changes role from  FOLLOWER to FOLLOWER at term 1 for candidate:de1dc05a-b420-436e-92e0-be95de2f8d14
2023-01-10 01:11:59,938 [grpc-default-executor-2] INFO  impl.RoleInfo (RoleInfo.java:shutdownFollowerState(110)) - 43274a1e-e531-4976-aba4-4015449e37b0: shutdown 43274a1e-e531-4976-aba4-4015449e37b0@group-3A6F7E119F6F-FollowerState
2023-01-10 01:11:59,938 [grpc-default-executor-2] INFO  impl.RoleInfo (RoleInfo.java:updateAndGet(139)) - 43274a1e-e531-4976-aba4-4015449e37b0: start 43274a1e-e531-4976-aba4-4015449e37b0@group-3A6F7E119F6F-FollowerState
2023-01-10 01:11:59,938 [43274a1e-e531-4976-aba4-4015449e37b0@group-3A6F7E119F6F-FollowerState] INFO  impl.FollowerState (FollowerState.java:run(152)) - 43274a1e-e531-4976-aba4-4015449e37b0@group-3A6F7E119F6F-FollowerState was interrupted
2023-01-10 01:11:59,939 [819a9d5b-d004-47f6-9883-bc546cfa0094@group-3A6F7E119F6F-FollowerState] INFO  impl.FollowerState (FollowerState.java:run(143)) - 819a9d5b-d004-47f6-9883-bc546cfa0094@group-3A6F7E119F6F-FollowerState: change to CANDIDATE, lastRpcElapsedTime:5033648674ns, electionTimeout:5023ms
2023-01-10 01:11:59,939 [819a9d5b-d004-47f6-9883-bc546cfa0094@group-3A6F7E119F6F-FollowerState] INFO  impl.RoleInfo (RoleInfo.java:shutdownFollowerState(110)) - 819a9d5b-d004-47f6-9883-bc546cfa0094: shutdown 819a9d5b-d004-47f6-9883-bc546cfa0094@group-3A6F7E119F6F-FollowerState
2023-01-10 01:11:59,939 [819a9d5b-d004-47f6-9883-bc546cfa0094@group-3A6F7E119F6F-FollowerState] INFO  server.RaftServer$Division (RaftServerImpl.java:setRole(321)) - 819a9d5b-d004-47f6-9883-bc546cfa0094@group-3A6F7E119F6F: changes role from  FOLLOWER to CANDIDATE at term 0 for changeToCandidate
2023-01-10 01:11:59,940 [819a9d5b-d004-47f6-9883-bc546cfa0094@group-3A6F7E119F6F-FollowerState] INFO  server.RaftServerConfigKeys (ConfUtils.java:logGet(46)) - raft.server.leaderelection.pre-vote = false (custom)
2023-01-10 01:11:59,940 [819a9d5b-d004-47f6-9883-bc546cfa0094@group-3A6F7E119F6F-FollowerState] INFO  impl.RoleInfo (RoleInfo.java:updateAndGet(139)) - 819a9d5b-d004-47f6-9883-bc546cfa0094: start 819a9d5b-d004-47f6-9883-bc546cfa0094@group-3A6F7E119F6F-LeaderElection11
2023-01-10 01:11:59,942 [43274a1e-e531-4976-aba4-4015449e37b0@group-3A6F7E119F6F-FollowerState] INFO  server.RaftServerConfigKeys (ConfUtils.java:logFallback(53)) - raft.server.rpc.first-election.timeout.min = 5s (fallback to raft.server.rpc.timeout.min)
2023-01-10 01:11:59,942 [43274a1e-e531-4976-aba4-4015449e37b0@group-3A6F7E119F6F-FollowerState] INFO  server.RaftServerConfigKeys (ConfUtils.java:logFallback(53)) - raft.server.rpc.first-election.timeout.max = 5200ms (fallback to raft.server.rpc.timeout.max)
2023-01-10 01:11:59,943 [grpc-default-executor-2] INFO  server.RaftServer$Division (RaftServerImpl.java:requestVote(1251)) - 43274a1e-e531-4976-aba4-4015449e37b0@group-3A6F7E119F6F replies to ELECTION vote request: de1dc05a-b420-436e-92e0-be95de2f8d14<-43274a1e-e531-4976-aba4-4015449e37b0#0:OK-t1. Peer's state: 43274a1e-e531-4976-aba4-4015449e37b0@group-3A6F7E119F6F:t1, leader=null, voted=de1dc05a-b420-436e-92e0-be95de2f8d14, raftlog=Memoized:43274a1e-e531-4976-aba4-4015449e37b0@group-3A6F7E119F6F-SegmentedRaftLog:OPENED:c-1, conf=-1: peers:[de1dc05a-b420-436e-92e0-be95de2f8d14|rpc:10.1.0.24:34547|dataStream:10.1.0.24:39059|priority:1|startupRole:FOLLOWER, 819a9d5b-d004-47f6-9883-bc546cfa0094|rpc:10.1.0.24:40265|dataStream:10.1.0.24:43921|priority:0|startupRole:FOLLOWER, 43274a1e-e531-4976-aba4-4015449e37b0|rpc:10.1.0.24:46313|dataStream:10.1.0.24:36845|priority:0|startupRole:FOLLOWER]|listeners:[], old=null
2023-01-10 01:11:59,949 [grpc-default-executor-3] INFO  server.RaftServer$Division (RaftServerImpl.java:requestVote(1218)) - 819a9d5b-d004-47f6-9883-bc546cfa0094@group-3A6F7E119F6F: receive requestVote(ELECTION, de1dc05a-b420-436e-92e0-be95de2f8d14, group-3A6F7E119F6F, 1, (t:0, i:0))
2023-01-10 01:11:59,949 [grpc-default-executor-3] INFO  impl.VoteContext (VoteContext.java:log(49)) - 819a9d5b-d004-47f6-9883-bc546cfa0094@group-3A6F7E119F6F-CANDIDATE: accept ELECTION from de1dc05a-b420-436e-92e0-be95de2f8d14: our priority 0 <= candidate's priority 1
2023-01-10 01:11:59,949 [grpc-default-executor-3] INFO  server.RaftServer$Division (RaftServerImpl.java:setRole(321)) - 819a9d5b-d004-47f6-9883-bc546cfa0094@group-3A6F7E119F6F: changes role from CANDIDATE to FOLLOWER at term 1 for candidate:de1dc05a-b420-436e-92e0-be95de2f8d14
2023-01-10 01:11:59,949 [grpc-default-executor-3] INFO  impl.RoleInfo (RoleInfo.java:shutdownLeaderElection(130)) - 819a9d5b-d004-47f6-9883-bc546cfa0094: shutdown 819a9d5b-d004-47f6-9883-bc546cfa0094@group-3A6F7E119F6F-LeaderElection11
2023-01-10 01:11:59,949 [grpc-default-executor-3] INFO  impl.RoleInfo (RoleInfo.java:updateAndGet(139)) - 819a9d5b-d004-47f6-9883-bc546cfa0094: start 819a9d5b-d004-47f6-9883-bc546cfa0094@group-3A6F7E119F6F-FollowerState
2023-01-10 01:11:59,950 [de1dc05a-b420-436e-92e0-be95de2f8d14@group-3A6F7E119F6F-LeaderElection10] INFO  impl.LeaderElection (LeaderElection.java:logAndReturn(90)) - de1dc05a-b420-436e-92e0-be95de2f8d14@group-3A6F7E119F6F-LeaderElection10: ELECTION PASSED received 1 response(s) and 0 exception(s):
2023-01-10 01:11:59,950 [de1dc05a-b420-436e-92e0-be95de2f8d14@group-3A6F7E119F6F-LeaderElection10] INFO  impl.LeaderElection (LeaderElection.java:logAndReturn(94)) -   Response 0: de1dc05a-b420-436e-92e0-be95de2f8d14<-43274a1e-e531-4976-aba4-4015449e37b0#0:OK-t1
2023-01-10 01:11:59,950 [de1dc05a-b420-436e-92e0-be95de2f8d14@group-3A6F7E119F6F-LeaderElection10] INFO  impl.LeaderElection (LeaderElection.java:askForVotes(314)) - de1dc05a-b420-436e-92e0-be95de2f8d14@group-3A6F7E119F6F-LeaderElection10 ELECTION round 0: result PASSED
2023-01-10 01:11:59,950 [de1dc05a-b420-436e-92e0-be95de2f8d14@group-3A6F7E119F6F-LeaderElection10] INFO  impl.RoleInfo (RoleInfo.java:shutdownLeaderElection(130)) - de1dc05a-b420-436e-92e0-be95de2f8d14: shutdown de1dc05a-b420-436e-92e0-be95de2f8d14@group-3A6F7E119F6F-LeaderElection10
2023-01-10 01:11:59,950 [de1dc05a-b420-436e-92e0-be95de2f8d14@group-3A6F7E119F6F-LeaderElection10] INFO  server.RaftServer$Division (RaftServerImpl.java:setRole(321)) - de1dc05a-b420-436e-92e0-be95de2f8d14@group-3A6F7E119F6F: changes role from CANDIDATE to LEADER at term 1 for changeToLeader
2023-01-10 01:11:59,950 [de1dc05a-b420-436e-92e0-be95de2f8d14@group-3A6F7E119F6F-LeaderElection10] INFO  ratis.XceiverServerRatis (XceiverServerRatis.java:handleLeaderChangedNotification(904)) - Leader change notification received for group: group-3A6F7E119F6F with new leaderId: de1dc05a-b420-436e-92e0-be95de2f8d14
2023-01-10 01:11:59,950 [de1dc05a-b420-436e-92e0-be95de2f8d14@group-3A6F7E119F6F-LeaderElection10] INFO  server.RaftServer$Division (ServerState.java:setLeader(313)) - de1dc05a-b420-436e-92e0-be95de2f8d14@group-3A6F7E119F6F: change Leader from null to de1dc05a-b420-436e-92e0-be95de2f8d14 at term 1 for becomeLeader, leader elected after 5111ms
2023-01-10 01:11:59,950 [de1dc05a-b420-436e-92e0-be95de2f8d14@group-3A6F7E119F6F-LeaderElection10] INFO  server.RaftServerConfigKeys (ConfUtils.java:logGet(46)) - raft.server.staging.catchup.gap = 1000 (default)
2023-01-10 01:11:59,950 [de1dc05a-b420-436e-92e0-be95de2f8d14@group-3A6F7E119F6F-LeaderElection10] INFO  server.RaftServerConfigKeys (ConfUtils.java:logGet(46)) - raft.server.write.element-limit = 1024 (custom)
2023-01-10 01:11:59,950 [de1dc05a-b420-436e-92e0-be95de2f8d14@group-3A6F7E119F6F-LeaderElection10] INFO  server.RaftServerConfigKeys (ConfUtils.java:logGet(46)) - raft.server.write.byte-limit = 1024 M (=1073741824) (custom)
2023-01-10 01:11:59,951 [de1dc05a-b420-436e-92e0-be95de2f8d14@group-3A6F7E119F6F-LeaderElection10] INFO  server.RaftServerConfigKeys (ConfUtils.java:logGet(46)) - raft.server.watch.timeout = 180s (custom)
2023-01-10 01:11:59,951 [de1dc05a-b420-436e-92e0-be95de2f8d14@group-3A6F7E119F6F-LeaderElection10] INFO  server.RaftServerConfigKeys (ConfUtils.java:logGet(46)) - raft.server.watch.timeout.denomination = 1s (default)
2023-01-10 01:11:59,951 [de1dc05a-b420-436e-92e0-be95de2f8d14@group-3A6F7E119F6F-LeaderElection10] INFO  server.RaftServerConfigKeys (ConfUtils.java:logGet(46)) - raft.server.watch.element-limit = 65536 (default)
2023-01-10 01:11:59,951 [de1dc05a-b420-436e-92e0-be95de2f8d14@group-3A6F7E119F6F-LeaderElection10] INFO  server.RaftServerConfigKeys (ConfUtils.java:logGet(46)) - raft.server.write.element-limit = 1024 (custom)
2023-01-10 01:11:59,951 [de1dc05a-b420-436e-92e0-be95de2f8d14@group-3A6F7E119F6F-LeaderElection10] INFO  server.RaftServerConfigKeys (ConfUtils.java:logGet(46)) - raft.server.write.follower.gap.ratio.max = -1.0 (default)
2023-01-10 01:11:59,951 [de1dc05a-b420-436e-92e0-be95de2f8d14@group-3A6F7E119F6F-LeaderElection10] INFO  server.RaftServerConfigKeys (ConfUtils.java:logGet(46)) - raft.server.log.appender.snapshot.chunk.size.max = 16MB (=16777216) (default)
2023-01-10 01:11:59,951 [de1dc05a-b420-436e-92e0-be95de2f8d14@group-3A6F7E119F6F-LeaderElection10] INFO  server.RaftServerConfigKeys (ConfUtils.java:logGet(46)) - raft.server.log.appender.buffer.byte-limit = 33554432 (custom)
2023-01-10 01:11:59,951 [de1dc05a-b420-436e-92e0-be95de2f8d14@group-3A6F7E119F6F-LeaderElection10] INFO  server.RaftServerConfigKeys (ConfUtils.java:logGet(46)) - raft.server.log.appender.buffer.element-limit = 1 (custom)
2023-01-10 01:11:59,952 [de1dc05a-b420-436e-92e0-be95de2f8d14@group-3A6F7E119F6F-LeaderElection10] INFO  grpc.GrpcConfigKeys (ConfUtils.java:logGet(46)) - raft.grpc.server.leader.outstanding.appends.max = 128 (default)
2023-01-10 01:11:59,952 [de1dc05a-b420-436e-92e0-be95de2f8d14@group-3A6F7E119F6F-LeaderElection10] INFO  server.RaftServerConfigKeys (ConfUtils.java:logGet(46)) - raft.server.rpc.request.timeout = 60s (custom)
2023-01-10 01:11:59,952 [de1dc05a-b420-436e-92e0-be95de2f8d14@group-3A6F7E119F6F-LeaderElection10] INFO  server.RaftServerConfigKeys (ConfUtils.java:logGet(46)) - raft.server.log.appender.install.snapshot.enabled = false (custom)
2023-01-10 01:11:59,952 [de1dc05a-b420-436e-92e0-be95de2f8d14@group-3A6F7E119F6F-LeaderElection10] INFO  grpc.GrpcConfigKeys (ConfUtils.java:logGet(46)) - raft.grpc.server.heartbeat.channel = true (default)
2023-01-10 01:11:59,952 [de1dc05a-b420-436e-92e0-be95de2f8d14@group-3A6F7E119F6F-LeaderElection10] INFO  server.RaftServerConfigKeys (ConfUtils.java:logGet(46)) - raft.server.log.appender.wait-time.min = 10ms (default)
2023-01-10 01:11:59,955 [grpc-default-executor-3] INFO  server.RaftServer$Division (RaftServerImpl.java:requestVote(1251)) - 819a9d5b-d004-47f6-9883-bc546cfa0094@group-3A6F7E119F6F replies to ELECTION vote request: de1dc05a-b420-436e-92e0-be95de2f8d14<-819a9d5b-d004-47f6-9883-bc546cfa0094#0:OK-t1. Peer's state: 819a9d5b-d004-47f6-9883-bc546cfa0094@group-3A6F7E119F6F:t1, leader=null, voted=de1dc05a-b420-436e-92e0-be95de2f8d14, raftlog=Memoized:819a9d5b-d004-47f6-9883-bc546cfa0094@group-3A6F7E119F6F-SegmentedRaftLog:OPENED:c-1, conf=-1: peers:[de1dc05a-b420-436e-92e0-be95de2f8d14|rpc:10.1.0.24:34547|dataStream:10.1.0.24:39059|priority:1|startupRole:FOLLOWER, 819a9d5b-d004-47f6-9883-bc546cfa0094|rpc:10.1.0.24:40265|dataStream:10.1.0.24:43921|priority:0|startupRole:FOLLOWER, 43274a1e-e531-4976-aba4-4015449e37b0|rpc:10.1.0.24:46313|dataStream:10.1.0.24:36845|priority:0|startupRole:FOLLOWER]|listeners:[], old=null
2023-01-10 01:11:59,956 [819a9d5b-d004-47f6-9883-bc546cfa0094@group-3A6F7E119F6F-FollowerState] INFO  server.RaftServerConfigKeys (ConfUtils.java:logFallback(53)) - raft.server.rpc.first-election.timeout.min = 5s (fallback to raft.server.rpc.timeout.min)
2023-01-10 01:11:59,956 [819a9d5b-d004-47f6-9883-bc546cfa0094@group-3A6F7E119F6F-FollowerState] INFO  server.RaftServerConfigKeys (ConfUtils.java:logFallback(53)) - raft.server.rpc.first-election.timeout.max = 5200ms (fallback to raft.server.rpc.timeout.max)
2023-01-10 01:11:59,956 [de1dc05a-b420-436e-92e0-be95de2f8d14@group-3A6F7E119F6F-LeaderElection10] INFO  server.RaftServerConfigKeys (ConfUtils.java:logGet(46)) - raft.server.log.appender.snapshot.chunk.size.max = 16MB (=16777216) (default)
2023-01-10 01:11:59,956 [de1dc05a-b420-436e-92e0-be95de2f8d14@group-3A6F7E119F6F-LeaderElection10] INFO  server.RaftServerConfigKeys (ConfUtils.java:logGet(46)) - raft.server.log.appender.buffer.byte-limit = 33554432 (custom)
2023-01-10 01:11:59,956 [de1dc05a-b420-436e-92e0-be95de2f8d14@group-3A6F7E119F6F-LeaderElection10] INFO  server.RaftServerConfigKeys (ConfUtils.java:logGet(46)) - raft.server.log.appender.buffer.element-limit = 1 (custom)
2023-01-10 01:11:59,956 [de1dc05a-b420-436e-92e0-be95de2f8d14@group-3A6F7E119F6F-LeaderElection10] INFO  grpc.GrpcConfigKeys (ConfUtils.java:logGet(46)) - raft.grpc.server.leader.outstanding.appends.max = 128 (default)
2023-01-10 01:11:59,956 [de1dc05a-b420-436e-92e0-be95de2f8d14@group-3A6F7E119F6F-LeaderElection10] INFO  server.RaftServerConfigKeys (ConfUtils.java:logGet(46)) - raft.server.rpc.request.timeout = 60s (custom)
2023-01-10 01:11:59,956 [de1dc05a-b420-436e-92e0-be95de2f8d14@group-3A6F7E119F6F-LeaderElection10] INFO  server.RaftServerConfigKeys (ConfUtils.java:logGet(46)) - raft.server.log.appender.install.snapshot.enabled = false (custom)
2023-01-10 01:11:59,956 [de1dc05a-b420-436e-92e0-be95de2f8d14@group-3A6F7E119F6F-LeaderElection10] INFO  grpc.GrpcConfigKeys (ConfUtils.java:logGet(46)) - raft.grpc.server.heartbeat.channel = true (default)
2023-01-10 01:11:59,956 [de1dc05a-b420-436e-92e0-be95de2f8d14@group-3A6F7E119F6F-LeaderElection10] INFO  server.RaftServerConfigKeys (ConfUtils.java:logGet(46)) - raft.server.log.appender.wait-time.min = 10ms (default)
2023-01-10 01:11:59,957 [EventQueue-PipelineReportForPipelineReportHandler] INFO  pipeline.PipelineManagerImpl (PipelineManagerImpl.java:openPipeline(367)) - Pipeline Pipeline[ Id: 4612c823-6da0-4140-9b7e-3a6f7e119f6f, Nodes: 819a9d5b-d004-47f6-9883-bc546cfa0094{ip: 10.1.0.24, host: fv-az353-623.tkyx2seitsuu3nmpmouz2httfb.bx.internal.cloudapp.net, ports: [REPLICATION=42931, RATIS=40265, RATIS_ADMIN=40265, RATIS_SERVER=40265, RATIS_DATASTREAM=43921, STANDALONE=32831], networkLocation: /default-rack, certSerialId: null, persistedOpState: IN_SERVICE, persistedOpStateExpiryEpochSec: 0}43274a1e-e531-4976-aba4-4015449e37b0{ip: 10.1.0.24, host: fv-az353-623.tkyx2seitsuu3nmpmouz2httfb.bx.internal.cloudapp.net, ports: [REPLICATION=33789, RATIS=46313, RATIS_ADMIN=46313, RATIS_SERVER=46313, RATIS_DATASTREAM=36845, STANDALONE=39587], networkLocation: /default-rack, certSerialId: null, persistedOpState: IN_SERVICE, persistedOpStateExpiryEpochSec: 0}de1dc05a-b420-436e-92e0-be95de2f8d14{ip: 10.1.0.24, host: fv-az353-623.tkyx2seitsuu3nmpmouz2httfb.bx.internal.cloudapp.net, ports: [REPLICATION=40077, RATIS=34547, RATIS_ADMIN=34547, RATIS_SERVER=34547, RATIS_DATASTREAM=39059, STANDALONE=40421], networkLocation: /default-rack, certSerialId: null, persistedOpState: IN_SERVICE, persistedOpStateExpiryEpochSec: 0}, ReplicationConfig: RATIS/THREE, State:ALLOCATED, leaderId:de1dc05a-b420-436e-92e0-be95de2f8d14, CreationTimestamp2023-01-10T01:11:52.212Z[Etc/UTC]] moved to OPEN state
2023-01-10 01:11:59,959 [de1dc05a-b420-436e-92e0-be95de2f8d14@group-3A6F7E119F6F-LeaderElection10] INFO  impl.RoleInfo (RoleInfo.java:updateAndGet(139)) - de1dc05a-b420-436e-92e0-be95de2f8d14: start de1dc05a-b420-436e-92e0-be95de2f8d14@group-3A6F7E119F6F-LeaderStateImpl
2023-01-10 01:11:59,959 [de1dc05a-b420-436e-92e0-be95de2f8d14@group-3A6F7E119F6F-LeaderElection10] INFO  segmented.SegmentedRaftLogWorker (SegmentedRaftLogWorker.java:startLogSegment(452)) - de1dc05a-b420-436e-92e0-be95de2f8d14@group-3A6F7E119F6F-SegmentedRaftLogWorker: Starting segment from index:0
2023-01-10 01:11:59,961 [de1dc05a-b420-436e-92e0-be95de2f8d14@group-3A6F7E119F6F-SegmentedRaftLogWorker] INFO  segmented.SegmentedRaftLogWorker (SegmentedRaftLogWorker.java:execute(656)) - de1dc05a-b420-436e-92e0-be95de2f8d14@group-3A6F7E119F6F-SegmentedRaftLogWorker: created new log segment /home/runner/work/ozone/ozone/hadoop-ozone/integration-test/target/test-dir/MiniOzoneClusterImpl-11329d86-319f-4265-8dbd-04dd0b699e79/datanode-3/data/ratis/4612c823-6da0-4140-9b7e-3a6f7e119f6f/current/log_inprogress_0
2023-01-10 01:11:59,970 [de1dc05a-b420-436e-92e0-be95de2f8d14@group-3A6F7E119F6F-LeaderElection10] INFO  server.RaftServer$Division (ServerState.java:setRaftConf(430)) - de1dc05a-b420-436e-92e0-be95de2f8d14@group-3A6F7E119F6F: set configuration 0: peers:[de1dc05a-b420-436e-92e0-be95de2f8d14|rpc:10.1.0.24:34547|dataStream:10.1.0.24:39059|priority:1|startupRole:FOLLOWER, 819a9d5b-d004-47f6-9883-bc546cfa0094|rpc:10.1.0.24:40265|dataStream:10.1.0.24:43921|priority:0|startupRole:FOLLOWER, 43274a1e-e531-4976-aba4-4015449e37b0|rpc:10.1.0.24:46313|dataStream:10.1.0.24:36845|priority:0|startupRole:FOLLOWER]|listeners:[], old=null
2023-01-10 01:11:59,984 [819a9d5b-d004-47f6-9883-bc546cfa0094-server-thread1] INFO  ratis.XceiverServerRatis (XceiverServerRatis.java:handleLeaderChangedNotification(904)) - Leader change notification received for group: group-3A6F7E119F6F with new leaderId: de1dc05a-b420-436e-92e0-be95de2f8d14
2023-01-10 01:11:59,984 [819a9d5b-d004-47f6-9883-bc546cfa0094-server-thread1] INFO  server.RaftServer$Division (ServerState.java:setLeader(313)) - 819a9d5b-d004-47f6-9883-bc546cfa0094@group-3A6F7E119F6F: change Leader from null to de1dc05a-b420-436e-92e0-be95de2f8d14 at term 1 for appendEntries, leader elected after 5103ms
2023-01-10 01:11:59,986 [43274a1e-e531-4976-aba4-4015449e37b0-server-thread1] INFO  ratis.XceiverServerRatis (XceiverServerRatis.java:handleLeaderChangedNotification(904)) - Leader change notification received for group: group-3A6F7E119F6F with new leaderId: de1dc05a-b420-436e-92e0-be95de2f8d14
2023-01-10 01:11:59,986 [43274a1e-e531-4976-aba4-4015449e37b0-server-thread1] INFO  server.RaftServer$Division (ServerState.java:setLeader(313)) - 43274a1e-e531-4976-aba4-4015449e37b0@group-3A6F7E119F6F: change Leader from null to de1dc05a-b420-436e-92e0-be95de2f8d14 at term 1 for appendEntries, leader elected after 5031ms
2023-01-10 01:11:59,999 [819a9d5b-d004-47f6-9883-bc546cfa0094-server-thread2] INFO  server.RaftServer$Division (ServerState.java:setRaftConf(430)) - 819a9d5b-d004-47f6-9883-bc546cfa0094@group-3A6F7E119F6F: set configuration 0: peers:[de1dc05a-b420-436e-92e0-be95de2f8d14|rpc:10.1.0.24:34547|dataStream:10.1.0.24:39059|priority:1|startupRole:FOLLOWER, 819a9d5b-d004-47f6-9883-bc546cfa0094|rpc:10.1.0.24:40265|dataStream:10.1.0.24:43921|priority:0|startupRole:FOLLOWER, 43274a1e-e531-4976-aba4-4015449e37b0|rpc:10.1.0.24:46313|dataStream:10.1.0.24:36845|priority:0|startupRole:FOLLOWER]|listeners:[], old=null
2023-01-10 01:11:59,999 [819a9d5b-d004-47f6-9883-bc546cfa0094-server-thread2] INFO  segmented.SegmentedRaftLogWorker (SegmentedRaftLogWorker.java:startLogSegment(452)) - 819a9d5b-d004-47f6-9883-bc546cfa0094@group-3A6F7E119F6F-SegmentedRaftLogWorker: Starting segment from index:0
2023-01-10 01:12:00,000 [819a9d5b-d004-47f6-9883-bc546cfa0094@group-3A6F7E119F6F-SegmentedRaftLogWorker] INFO  segmented.SegmentedRaftLogWorker (SegmentedRaftLogWorker.java:execute(656)) - 819a9d5b-d004-47f6-9883-bc546cfa0094@group-3A6F7E119F6F-SegmentedRaftLogWorker: created new log segment /home/runner/work/ozone/ozone/hadoop-ozone/integration-test/target/test-dir/MiniOzoneClusterImpl-11329d86-319f-4265-8dbd-04dd0b699e79/datanode-5/data/ratis/4612c823-6da0-4140-9b7e-3a6f7e119f6f/current/log_inprogress_0
2023-01-10 01:12:00,005 [43274a1e-e531-4976-aba4-4015449e37b0-server-thread3] INFO  server.RaftServer$Division (ServerState.java:setRaftConf(430)) - 43274a1e-e531-4976-aba4-4015449e37b0@group-3A6F7E119F6F: set configuration 0: peers:[de1dc05a-b420-436e-92e0-be95de2f8d14|rpc:10.1.0.24:34547|dataStream:10.1.0.24:39059|priority:1|startupRole:FOLLOWER, 819a9d5b-d004-47f6-9883-bc546cfa0094|rpc:10.1.0.24:40265|dataStream:10.1.0.24:43921|priority:0|startupRole:FOLLOWER, 43274a1e-e531-4976-aba4-4015449e37b0|rpc:10.1.0.24:46313|dataStream:10.1.0.24:36845|priority:0|startupRole:FOLLOWER]|listeners:[], old=null
2023-01-10 01:12:00,006 [43274a1e-e531-4976-aba4-4015449e37b0-server-thread3] INFO  segmented.SegmentedRaftLogWorker (SegmentedRaftLogWorker.java:startLogSegment(452)) - 43274a1e-e531-4976-aba4-4015449e37b0@group-3A6F7E119F6F-SegmentedRaftLogWorker: Starting segment from index:0
2023-01-10 01:12:00,007 [43274a1e-e531-4976-aba4-4015449e37b0@group-3A6F7E119F6F-SegmentedRaftLogWorker] INFO  segmented.SegmentedRaftLogWorker (SegmentedRaftLogWorker.java:execute(656)) - 43274a1e-e531-4976-aba4-4015449e37b0@group-3A6F7E119F6F-SegmentedRaftLogWorker: created new log segment /home/runner/work/ozone/ozone/hadoop-ozone/integration-test/target/test-dir/MiniOzoneClusterImpl-11329d86-319f-4265-8dbd-04dd0b699e79/datanode-4/data/ratis/4612c823-6da0-4140-9b7e-3a6f7e119f6f/current/log_inprogress_0
2023-01-10 01:12:00,011 [43274a1e-e531-4976-aba4-4015449e37b0@group-AA105E67F7B2-FollowerState] INFO  impl.FollowerState (FollowerState.java:run(143)) - 43274a1e-e531-4976-aba4-4015449e37b0@group-AA105E67F7B2-FollowerState: change to CANDIDATE, lastRpcElapsedTime:5061225438ns, electionTimeout:5059ms
2023-01-10 01:12:00,011 [43274a1e-e531-4976-aba4-4015449e37b0@group-AA105E67F7B2-FollowerState] INFO  impl.RoleInfo (RoleInfo.java:shutdownFollowerState(110)) - 43274a1e-e531-4976-aba4-4015449e37b0: shutdown 43274a1e-e531-4976-aba4-4015449e37b0@group-AA105E67F7B2-FollowerState
2023-01-10 01:12:00,011 [43274a1e-e531-4976-aba4-4015449e37b0@group-AA105E67F7B2-FollowerState] INFO  server.RaftServer$Division (RaftServerImpl.java:setRole(321)) - 43274a1e-e531-4976-aba4-4015449e37b0@group-AA105E67F7B2: changes role from  FOLLOWER to CANDIDATE at term 0 for changeToCandidate
2023-01-10 01:12:00,011 [43274a1e-e531-4976-aba4-4015449e37b0@group-AA105E67F7B2-FollowerState] INFO  server.RaftServerConfigKeys (ConfUtils.java:logGet(46)) - raft.server.leaderelection.pre-vote = false (custom)
2023-01-10 01:12:00,011 [43274a1e-e531-4976-aba4-4015449e37b0@group-AA105E67F7B2-FollowerState] INFO  impl.RoleInfo (RoleInfo.java:updateAndGet(139)) - 43274a1e-e531-4976-aba4-4015449e37b0: start 43274a1e-e531-4976-aba4-4015449e37b0@group-AA105E67F7B2-LeaderElection12
2023-01-10 01:12:00,015 [43274a1e-e531-4976-aba4-4015449e37b0@group-AA105E67F7B2-LeaderElection12] INFO  impl.LeaderElection (LeaderElection.java:askForVotes(312)) - 43274a1e-e531-4976-aba4-4015449e37b0@group-AA105E67F7B2-LeaderElection12 ELECTION round 0: submit vote requests at term 1 for -1: peers:[43274a1e-e531-4976-aba4-4015449e37b0|rpc:10.1.0.24:46313|dataStream:10.1.0.24:36845|priority:1|startupRole:FOLLOWER]|listeners:[], old=null
2023-01-10 01:12:00,015 [43274a1e-e531-4976-aba4-4015449e37b0@group-AA105E67F7B2-LeaderElection12] INFO  impl.LeaderElection (LeaderElection.java:askForVotes(314)) - 43274a1e-e531-4976-aba4-4015449e37b0@group-AA105E67F7B2-LeaderElection12 ELECTION round 0: result PASSED (term=1)
2023-01-10 01:12:00,015 [43274a1e-e531-4976-aba4-4015449e37b0@group-AA105E67F7B2-LeaderElection12] INFO  impl.RoleInfo (RoleInfo.java:shutdownLeaderElection(130)) - 43274a1e-e531-4976-aba4-4015449e37b0: shutdown 43274a1e-e531-4976-aba4-4015449e37b0@group-AA105E67F7B2-LeaderElection12
2023-01-10 01:12:00,015 [43274a1e-e531-4976-aba4-4015449e37b0@group-AA105E67F7B2-LeaderElection12] INFO  server.RaftServer$Division (RaftServerImpl.java:setRole(321)) - 43274a1e-e531-4976-aba4-4015449e37b0@group-AA105E67F7B2: changes role from CANDIDATE to LEADER at term 1 for changeToLeader
2023-01-10 01:12:00,015 [43274a1e-e531-4976-aba4-4015449e37b0@group-AA105E67F7B2-LeaderElection12] INFO  ratis.XceiverServerRatis (XceiverServerRatis.java:handleLeaderChangedNotification(904)) - Leader change notification received for group: group-AA105E67F7B2 with new leaderId: 43274a1e-e531-4976-aba4-4015449e37b0
2023-01-10 01:12:00,015 [43274a1e-e531-4976-aba4-4015449e37b0@group-AA105E67F7B2-LeaderElection12] INFO  server.RaftServer$Division (ServerState.java:setLeader(313)) - 43274a1e-e531-4976-aba4-4015449e37b0@group-AA105E67F7B2: change Leader from null to 43274a1e-e531-4976-aba4-4015449e37b0 at term 1 for becomeLeader, leader elected after 5111ms
2023-01-10 01:12:00,015 [43274a1e-e531-4976-aba4-4015449e37b0@group-AA105E67F7B2-LeaderElection12] INFO  server.RaftServerConfigKeys (ConfUtils.java:logGet(46)) - raft.server.staging.catchup.gap = 1000 (default)
2023-01-10 01:12:00,015 [43274a1e-e531-4976-aba4-4015449e37b0@group-AA105E67F7B2-LeaderElection12] INFO  server.RaftServerConfigKeys (ConfUtils.java:logGet(46)) - raft.server.write.element-limit = 1024 (custom)
2023-01-10 01:12:00,015 [43274a1e-e531-4976-aba4-4015449e37b0@group-AA105E67F7B2-LeaderElection12] INFO  server.RaftServerConfigKeys (ConfUtils.java:logGet(46)) - raft.server.write.byte-limit = 1024 M (=1073741824) (custom)
2023-01-10 01:12:00,016 [43274a1e-e531-4976-aba4-4015449e37b0@group-AA105E67F7B2-LeaderElection12] INFO  server.RaftServerConfigKeys (ConfUtils.java:logGet(46)) - raft.server.watch.timeout = 180s (custom)
2023-01-10 01:12:00,016 [43274a1e-e531-4976-aba4-4015449e37b0@group-AA105E67F7B2-LeaderElection12] INFO  server.RaftServerConfigKeys (ConfUtils.java:logGet(46)) - raft.server.watch.timeout.denomination = 1s (default)
2023-01-10 01:12:00,016 [43274a1e-e531-4976-aba4-4015449e37b0@group-AA105E67F7B2-LeaderElection12] INFO  server.RaftServerConfigKeys (ConfUtils.java:logGet(46)) - raft.server.watch.element-limit = 65536 (default)
2023-01-10 01:12:00,016 [43274a1e-e531-4976-aba4-4015449e37b0@group-AA105E67F7B2-LeaderElection12] INFO  server.RaftServerConfigKeys (ConfUtils.java:logGet(46)) - raft.server.write.element-limit = 1024 (custom)
2023-01-10 01:12:00,017 [43274a1e-e531-4976-aba4-4015449e37b0@group-AA105E67F7B2-LeaderElection12] INFO  server.RaftServerConfigKeys (ConfUtils.java:logGet(46)) - raft.server.write.follower.gap.ratio.max = -1.0 (default)
2023-01-10 01:12:00,017 [43274a1e-e531-4976-aba4-4015449e37b0@group-AA105E67F7B2-LeaderElection12] INFO  impl.RoleInfo (RoleInfo.java:updateAndGet(139)) - 43274a1e-e531-4976-aba4-4015449e37b0: start 43274a1e-e531-4976-aba4-4015449e37b0@group-AA105E67F7B2-LeaderStateImpl
2023-01-10 01:12:00,017 [43274a1e-e531-4976-aba4-4015449e37b0@group-AA105E67F7B2-LeaderElection12] INFO  segmented.SegmentedRaftLogWorker (SegmentedRaftLogWorker.java:startLogSegment(452)) - 43274a1e-e531-4976-aba4-4015449e37b0@group-AA105E67F7B2-SegmentedRaftLogWorker: Starting segment from index:0
2023-01-10 01:12:00,021 [43274a1e-e531-4976-aba4-4015449e37b0@group-AA105E67F7B2-LeaderElection12] INFO  server.RaftServer$Division (ServerState.java:setRaftConf(430)) - 43274a1e-e531-4976-aba4-4015449e37b0@group-AA105E67F7B2: set configuration 0: peers:[43274a1e-e531-4976-aba4-4015449e37b0|rpc:10.1.0.24:46313|dataStream:10.1.0.24:36845|priority:1|startupRole:FOLLOWER]|listeners:[], old=null
2023-01-10 01:12:00,021 [43274a1e-e531-4976-aba4-4015449e37b0@group-AA105E67F7B2-SegmentedRaftLogWorker] INFO  segmented.SegmentedRaftLogWorker (SegmentedRaftLogWorker.java:execute(656)) - 43274a1e-e531-4976-aba4-4015449e37b0@group-AA105E67F7B2-SegmentedRaftLogWorker: created new log segment /home/runner/work/ozone/ozone/hadoop-ozone/integration-test/target/test-dir/MiniOzoneClusterImpl-11329d86-319f-4265-8dbd-04dd0b699e79/datanode-4/data/ratis/da4c8e02-01d5-457e-b4c2-aa105e67f7b2/current/log_inprogress_0
2023-01-10 01:12:00,341 [Listener at 127.0.0.1/34303] INFO  ozone.MiniOzoneClusterImpl (MiniOzoneClusterImpl.java:lambda$waitForClusterToBeReady$0(218)) - Nodes are ready. Got 6 of 6 DN Heartbeats.
2023-01-10 01:12:00,341 [Listener at 127.0.0.1/34303] INFO  ozone.MiniOzoneClusterImpl (MiniOzoneClusterImpl.java:lambda$waitForClusterToBeReady$0(221)) - Cluster exits safe mode
2023-01-10 01:12:00,341 [Listener at 127.0.0.1/34303] INFO  ozone.MiniOzoneClusterImpl (MiniOzoneClusterImpl.java:lambda$waitForClusterToBeReady$0(223)) - SCM became leader
2023-01-10 01:12:00,345 [Listener at 127.0.0.1/34303] INFO  pipeline.PipelineManagerImpl (PipelineManagerImpl.java:closePipeline(442)) - Pipeline Pipeline[ Id: 1b100930-f077-4dd6-92e7-f727bacb3f90, Nodes: cf55343f-a051-44b0-a85c-65c9cdfe5b3e{ip: 10.1.0.24, host: fv-az353-623.tkyx2seitsuu3nmpmouz2httfb.bx.internal.cloudapp.net, ports: [REPLICATION=36705, RATIS=44193, RATIS_ADMIN=44193, RATIS_SERVER=44193, RATIS_DATASTREAM=34389, STANDALONE=45987], networkLocation: /default-rack, certSerialId: null, persistedOpState: IN_SERVICE, persistedOpStateExpiryEpochSec: 0}9684d5c9-574d-4083-afb3-2b5a0b78eb45{ip: 10.1.0.24, host: fv-az353-623.tkyx2seitsuu3nmpmouz2httfb.bx.internal.cloudapp.net, ports: [REPLICATION=35641, RATIS=45207, RATIS_ADMIN=45207, RATIS_SERVER=45207, RATIS_DATASTREAM=35443, STANDALONE=45643], networkLocation: /default-rack, certSerialId: null, persistedOpState: IN_SERVICE, persistedOpStateExpiryEpochSec: 0}482fd31e-156c-418e-9aed-e6d52525a62a{ip: 10.1.0.24, host: fv-az353-623.tkyx2seitsuu3nmpmouz2httfb.bx.internal.cloudapp.net, ports: [REPLICATION=45567, RATIS=38229, RATIS_ADMIN=38229, RATIS_SERVER=38229, RATIS_DATASTREAM=43885, STANDALONE=36003], networkLocation: /default-rack, certSerialId: null, persistedOpState: IN_SERVICE, persistedOpStateExpiryEpochSec: 0}, ReplicationConfig: RATIS/THREE, State:OPEN, leaderId:9684d5c9-574d-4083-afb3-2b5a0b78eb45, CreationTimestamp2023-01-10T01:11:51.286Z[Etc/UTC]] moved to CLOSED state
2023-01-10 01:12:00,346 [Listener at 127.0.0.1/34303] INFO  pipeline.RatisPipelineProvider (RatisPipelineProvider.java:lambda$close$4(272)) - Send pipeline:PipelineID=1b100930-f077-4dd6-92e7-f727bacb3f90 close command to datanode cf55343f-a051-44b0-a85c-65c9cdfe5b3e
2023-01-10 01:12:00,346 [Listener at 127.0.0.1/34303] INFO  pipeline.RatisPipelineProvider (RatisPipelineProvider.java:lambda$close$4(272)) - Send pipeline:PipelineID=1b100930-f077-4dd6-92e7-f727bacb3f90 close command to datanode 9684d5c9-574d-4083-afb3-2b5a0b78eb45
2023-01-10 01:12:00,346 [Listener at 127.0.0.1/34303] INFO  pipeline.RatisPipelineProvider (RatisPipelineProvider.java:lambda$close$4(272)) - Send pipeline:PipelineID=1b100930-f077-4dd6-92e7-f727bacb3f90 close command to datanode 482fd31e-156c-418e-9aed-e6d52525a62a
2023-01-10 01:12:00,347 [Listener at 127.0.0.1/34303] INFO  pipeline.PipelineStateManagerImpl (PipelineStateManagerImpl.java:removePipeline(245)) - Pipeline Pipeline[ Id: 1b100930-f077-4dd6-92e7-f727bacb3f90, Nodes: cf55343f-a051-44b0-a85c-65c9cdfe5b3e{ip: 10.1.0.24, host: fv-az353-623.tkyx2seitsuu3nmpmouz2httfb.bx.internal.cloudapp.net, ports: [REPLICATION=36705, RATIS=44193, RATIS_ADMIN=44193, RATIS_SERVER=44193, RATIS_DATASTREAM=34389, STANDALONE=45987], networkLocation: /default-rack, certSerialId: null, persistedOpState: IN_SERVICE, persistedOpStateExpiryEpochSec: 0}9684d5c9-574d-4083-afb3-2b5a0b78eb45{ip: 10.1.0.24, host: fv-az353-623.tkyx2seitsuu3nmpmouz2httfb.bx.internal.cloudapp.net, ports: [REPLICATION=35641, RATIS=45207, RATIS_ADMIN=45207, RATIS_SERVER=45207, RATIS_DATASTREAM=35443, STANDALONE=45643], networkLocation: /default-rack, certSerialId: null, persistedOpState: IN_SERVICE, persistedOpStateExpiryEpochSec: 0}482fd31e-156c-418e-9aed-e6d52525a62a{ip: 10.1.0.24, host: fv-az353-623.tkyx2seitsuu3nmpmouz2httfb.bx.internal.cloudapp.net, ports: [REPLICATION=45567, RATIS=38229, RATIS_ADMIN=38229, RATIS_SERVER=38229, RATIS_DATASTREAM=43885, STANDALONE=36003], networkLocation: /default-rack, certSerialId: null, persistedOpState: IN_SERVICE, persistedOpStateExpiryEpochSec: 0}, ReplicationConfig: RATIS/THREE, State:CLOSED, leaderId:9684d5c9-574d-4083-afb3-2b5a0b78eb45, CreationTimestamp2023-01-10T01:11:51.286Z[Etc/UTC]] removed.
2023-01-10 01:12:00,348 [Listener at 127.0.0.1/34303] INFO  pipeline.PipelineManagerImpl (PipelineManagerImpl.java:closePipeline(442)) - Pipeline Pipeline[ Id: 3fc97201-0cda-4a57-9ef4-9f1d5650e6e9, Nodes: de1dc05a-b420-436e-92e0-be95de2f8d14{ip: 10.1.0.24, host: fv-az353-623.tkyx2seitsuu3nmpmouz2httfb.bx.internal.cloudapp.net, ports: [REPLICATION=40077, RATIS=34547, RATIS_ADMIN=34547, RATIS_SERVER=34547, RATIS_DATASTREAM=39059, STANDALONE=40421], networkLocation: /default-rack, certSerialId: null, persistedOpState: IN_SERVICE, persistedOpStateExpiryEpochSec: 0}43274a1e-e531-4976-aba4-4015449e37b0{ip: 10.1.0.24, host: fv-az353-623.tkyx2seitsuu3nmpmouz2httfb.bx.internal.cloudapp.net, ports: [REPLICATION=33789, RATIS=46313, RATIS_ADMIN=46313, RATIS_SERVER=46313, RATIS_DATASTREAM=36845, STANDALONE=39587], networkLocation: /default-rack, certSerialId: null, persistedOpState: IN_SERVICE, persistedOpStateExpiryEpochSec: 0}819a9d5b-d004-47f6-9883-bc546cfa0094{ip: 10.1.0.24, host: fv-az353-623.tkyx2seitsuu3nmpmouz2httfb.bx.internal.cloudapp.net, ports: [REPLICATION=42931, RATIS=40265, RATIS_ADMIN=40265, RATIS_SERVER=40265, RATIS_DATASTREAM=43921, STANDALONE=32831], networkLocation: /default-rack, certSerialId: null, persistedOpState: IN_SERVICE, persistedOpStateExpiryEpochSec: 0}, ReplicationConfig: RATIS/THREE, State:OPEN, leaderId:43274a1e-e531-4976-aba4-4015449e37b0, CreationTimestamp2023-01-10T01:11:52.211Z[Etc/UTC]] moved to CLOSED state
2023-01-10 01:12:00,348 [Listener at 127.0.0.1/34303] INFO  pipeline.RatisPipelineProvider (RatisPipelineProvider.java:lambda$close$4(272)) - Send pipeline:PipelineID=3fc97201-0cda-4a57-9ef4-9f1d5650e6e9 close command to datanode de1dc05a-b420-436e-92e0-be95de2f8d14
2023-01-10 01:12:00,348 [Listener at 127.0.0.1/34303] INFO  pipeline.RatisPipelineProvider (RatisPipelineProvider.java:lambda$close$4(272)) - Send pipeline:PipelineID=3fc97201-0cda-4a57-9ef4-9f1d5650e6e9 close command to datanode 43274a1e-e531-4976-aba4-4015449e37b0
2023-01-10 01:12:00,348 [Listener at 127.0.0.1/34303] INFO  pipeline.RatisPipelineProvider (RatisPipelineProvider.java:lambda$close$4(272)) - Send pipeline:PipelineID=3fc97201-0cda-4a57-9ef4-9f1d5650e6e9 close command to datanode 819a9d5b-d004-47f6-9883-bc546cfa0094
2023-01-10 01:12:00,348 [Listener at 127.0.0.1/34303] INFO  pipeline.PipelineStateManagerImpl (PipelineStateManagerImpl.java:removePipeline(245)) - Pipeline Pipeline[ Id: 3fc97201-0cda-4a57-9ef4-9f1d5650e6e9, Nodes: de1dc05a-b420-436e-92e0-be95de2f8d14{ip: 10.1.0.24, host: fv-az353-623.tkyx2seitsuu3nmpmouz2httfb.bx.internal.cloudapp.net, ports: [REPLICATION=40077, RATIS=34547, RATIS_ADMIN=34547, RATIS_SERVER=34547, RATIS_DATASTREAM=39059, STANDALONE=40421], networkLocation: /default-rack, certSerialId: null, persistedOpState: IN_SERVICE, persistedOpStateExpiryEpochSec: 0}43274a1e-e531-4976-aba4-4015449e37b0{ip: 10.1.0.24, host: fv-az353-623.tkyx2seitsuu3nmpmouz2httfb.bx.internal.cloudapp.net, ports: [REPLICATION=33789, RATIS=46313, RATIS_ADMIN=46313, RATIS_SERVER=46313, RATIS_DATASTREAM=36845, STANDALONE=39587], networkLocation: /default-rack, certSerialId: null, persistedOpState: IN_SERVICE, persistedOpStateExpiryEpochSec: 0}819a9d5b-d004-47f6-9883-bc546cfa0094{ip: 10.1.0.24, host: fv-az353-623.tkyx2seitsuu3nmpmouz2httfb.bx.internal.cloudapp.net, ports: [REPLICATION=42931, RATIS=40265, RATIS_ADMIN=40265, RATIS_SERVER=40265, RATIS_DATASTREAM=43921, STANDALONE=32831], networkLocation: /default-rack, certSerialId: null, persistedOpState: IN_SERVICE, persistedOpStateExpiryEpochSec: 0}, ReplicationConfig: RATIS/THREE, State:CLOSED, leaderId:43274a1e-e531-4976-aba4-4015449e37b0, CreationTimestamp2023-01-10T01:11:52.211Z[Etc/UTC]] removed.
2023-01-10 01:12:00,349 [Listener at 127.0.0.1/34303] INFO  pipeline.PipelineManagerImpl (PipelineManagerImpl.java:closePipeline(442)) - Pipeline Pipeline[ Id: 4612c823-6da0-4140-9b7e-3a6f7e119f6f, Nodes: 819a9d5b-d004-47f6-9883-bc546cfa0094{ip: 10.1.0.24, host: fv-az353-623.tkyx2seitsuu3nmpmouz2httfb.bx.internal.cloudapp.net, ports: [REPLICATION=42931, RATIS=40265, RATIS_ADMIN=40265, RATIS_SERVER=40265, RATIS_DATASTREAM=43921, STANDALONE=32831], networkLocation: /default-rack, certSerialId: null, persistedOpState: IN_SERVICE, persistedOpStateExpiryEpochSec: 0}43274a1e-e531-4976-aba4-4015449e37b0{ip: 10.1.0.24, host: fv-az353-623.tkyx2seitsuu3nmpmouz2httfb.bx.internal.cloudapp.net, ports: [REPLICATION=33789, RATIS=46313, RATIS_ADMIN=46313, RATIS_SERVER=46313, RATIS_DATASTREAM=36845, STANDALONE=39587], networkLocation: /default-rack, certSerialId: null, persistedOpState: IN_SERVICE, persistedOpStateExpiryEpochSec: 0}de1dc05a-b420-436e-92e0-be95de2f8d14{ip: 10.1.0.24, host: fv-az353-623.tkyx2seitsuu3nmpmouz2httfb.bx.internal.cloudapp.net, ports: [REPLICATION=40077, RATIS=34547, RATIS_ADMIN=34547, RATIS_SERVER=34547, RATIS_DATASTREAM=39059, STANDALONE=40421], networkLocation: /default-rack, certSerialId: null, persistedOpState: IN_SERVICE, persistedOpStateExpiryEpochSec: 0}, ReplicationConfig: RATIS/THREE, State:OPEN, leaderId:de1dc05a-b420-436e-92e0-be95de2f8d14, CreationTimestamp2023-01-10T01:11:52.212Z[Etc/UTC]] moved to CLOSED state
2023-01-10 01:12:00,349 [Listener at 127.0.0.1/34303] INFO  pipeline.RatisPipelineProvider (RatisPipelineProvider.java:lambda$close$4(272)) - Send pipeline:PipelineID=4612c823-6da0-4140-9b7e-3a6f7e119f6f close command to datanode 819a9d5b-d004-47f6-9883-bc546cfa0094
2023-01-10 01:12:00,349 [Listener at 127.0.0.1/34303] INFO  pipeline.RatisPipelineProvider (RatisPipelineProvider.java:lambda$close$4(272)) - Send pipeline:PipelineID=4612c823-6da0-4140-9b7e-3a6f7e119f6f close command to datanode 43274a1e-e531-4976-aba4-4015449e37b0
2023-01-10 01:12:00,349 [Listener at 127.0.0.1/34303] INFO  pipeline.RatisPipelineProvider (RatisPipelineProvider.java:lambda$close$4(272)) - Send pipeline:PipelineID=4612c823-6da0-4140-9b7e-3a6f7e119f6f close command to datanode de1dc05a-b420-436e-92e0-be95de2f8d14
2023-01-10 01:12:00,350 [Listener at 127.0.0.1/34303] INFO  pipeline.PipelineStateManagerImpl (PipelineStateManagerImpl.java:removePipeline(245)) - Pipeline Pipeline[ Id: 4612c823-6da0-4140-9b7e-3a6f7e119f6f, Nodes: 819a9d5b-d004-47f6-9883-bc546cfa0094{ip: 10.1.0.24, host: fv-az353-623.tkyx2seitsuu3nmpmouz2httfb.bx.internal.cloudapp.net, ports: [REPLICATION=42931, RATIS=40265, RATIS_ADMIN=40265, RATIS_SERVER=40265, RATIS_DATASTREAM=43921, STANDALONE=32831], networkLocation: /default-rack, certSerialId: null, persistedOpState: IN_SERVICE, persistedOpStateExpiryEpochSec: 0}43274a1e-e531-4976-aba4-4015449e37b0{ip: 10.1.0.24, host: fv-az353-623.tkyx2seitsuu3nmpmouz2httfb.bx.internal.cloudapp.net, ports: [REPLICATION=33789, RATIS=46313, RATIS_ADMIN=46313, RATIS_SERVER=46313, RATIS_DATASTREAM=36845, STANDALONE=39587], networkLocation: /default-rack, certSerialId: null, persistedOpState: IN_SERVICE, persistedOpStateExpiryEpochSec: 0}de1dc05a-b420-436e-92e0-be95de2f8d14{ip: 10.1.0.24, host: fv-az353-623.tkyx2seitsuu3nmpmouz2httfb.bx.internal.cloudapp.net, ports: [REPLICATION=40077, RATIS=34547, RATIS_ADMIN=34547, RATIS_SERVER=34547, RATIS_DATASTREAM=39059, STANDALONE=40421], networkLocation: /default-rack, certSerialId: null, persistedOpState: IN_SERVICE, persistedOpStateExpiryEpochSec: 0}, ReplicationConfig: RATIS/THREE, State:CLOSED, leaderId:de1dc05a-b420-436e-92e0-be95de2f8d14, CreationTimestamp2023-01-10T01:11:52.212Z[Etc/UTC]] removed.
2023-01-10 01:12:00,417 [819a9d5b-d004-47f6-9883-bc546cfa0094@group-E63690302BF4-FollowerState] INFO  impl.FollowerState (FollowerState.java:run(143)) - 819a9d5b-d004-47f6-9883-bc546cfa0094@group-E63690302BF4-FollowerState: change to CANDIDATE, lastRpcElapsedTime:5040206062ns, electionTimeout:5031ms
2023-01-10 01:12:00,418 [819a9d5b-d004-47f6-9883-bc546cfa0094@group-E63690302BF4-FollowerState] INFO  impl.RoleInfo (RoleInfo.java:shutdownFollowerState(110)) - 819a9d5b-d004-47f6-9883-bc546cfa0094: shutdown 819a9d5b-d004-47f6-9883-bc546cfa0094@group-E63690302BF4-FollowerState
2023-01-10 01:12:00,418 [819a9d5b-d004-47f6-9883-bc546cfa0094@group-E63690302BF4-FollowerState] INFO  server.RaftServer$Division (RaftServerImpl.java:setRole(321)) - 819a9d5b-d004-47f6-9883-bc546cfa0094@group-E63690302BF4: changes role from  FOLLOWER to CANDIDATE at term 0 for changeToCandidate
2023-01-10 01:12:00,418 [819a9d5b-d004-47f6-9883-bc546cfa0094@group-E63690302BF4-FollowerState] INFO  server.RaftServerConfigKeys (ConfUtils.java:logGet(46)) - raft.server.leaderelection.pre-vote = false (custom)
2023-01-10 01:12:00,418 [819a9d5b-d004-47f6-9883-bc546cfa0094@group-E63690302BF4-FollowerState] INFO  impl.RoleInfo (RoleInfo.java:updateAndGet(139)) - 819a9d5b-d004-47f6-9883-bc546cfa0094: start 819a9d5b-d004-47f6-9883-bc546cfa0094@group-E63690302BF4-LeaderElection13
2023-01-10 01:12:00,421 [819a9d5b-d004-47f6-9883-bc546cfa0094@group-E63690302BF4-LeaderElection13] INFO  impl.LeaderElection (LeaderElection.java:askForVotes(312)) - 819a9d5b-d004-47f6-9883-bc546cfa0094@group-E63690302BF4-LeaderElection13 ELECTION round 0: submit vote requests at term 1 for -1: peers:[819a9d5b-d004-47f6-9883-bc546cfa0094|rpc:10.1.0.24:40265|dataStream:10.1.0.24:43921|priority:1|startupRole:FOLLOWER]|listeners:[], old=null
2023-01-10 01:12:00,422 [819a9d5b-d004-47f6-9883-bc546cfa0094@group-E63690302BF4-LeaderElection13] INFO  impl.LeaderElection (LeaderElection.java:askForVotes(314)) - 819a9d5b-d004-47f6-9883-bc546cfa0094@group-E63690302BF4-LeaderElection13 ELECTION round 0: result PASSED (term=1)
2023-01-10 01:12:00,422 [819a9d5b-d004-47f6-9883-bc546cfa0094@group-E63690302BF4-LeaderElection13] INFO  impl.RoleInfo (RoleInfo.java:shutdownLeaderElection(130)) - 819a9d5b-d004-47f6-9883-bc546cfa0094: shutdown 819a9d5b-d004-47f6-9883-bc546cfa0094@group-E63690302BF4-LeaderElection13
2023-01-10 01:12:00,422 [819a9d5b-d004-47f6-9883-bc546cfa0094@group-E63690302BF4-LeaderElection13] INFO  server.RaftServer$Division (RaftServerImpl.java:setRole(321)) - 819a9d5b-d004-47f6-9883-bc546cfa0094@group-E63690302BF4: changes role from CANDIDATE to LEADER at term 1 for changeToLeader
2023-01-10 01:12:00,422 [819a9d5b-d004-47f6-9883-bc546cfa0094@group-E63690302BF4-LeaderElection13] INFO  ratis.XceiverServerRatis (XceiverServerRatis.java:handleLeaderChangedNotification(904)) - Leader change notification received for group: group-E63690302BF4 with new leaderId: 819a9d5b-d004-47f6-9883-bc546cfa0094
2023-01-10 01:12:00,422 [819a9d5b-d004-47f6-9883-bc546cfa0094@group-E63690302BF4-LeaderElection13] INFO  server.RaftServer$Division (ServerState.java:setLeader(313)) - 819a9d5b-d004-47f6-9883-bc546cfa0094@group-E63690302BF4: change Leader from null to 819a9d5b-d004-47f6-9883-bc546cfa0094 at term 1 for becomeLeader, leader elected after 5082ms
2023-01-10 01:12:00,422 [819a9d5b-d004-47f6-9883-bc546cfa0094@group-E63690302BF4-LeaderElection13] INFO  server.RaftServerConfigKeys (ConfUtils.java:logGet(46)) - raft.server.staging.catchup.gap = 1000 (default)
2023-01-10 01:12:00,422 [819a9d5b-d004-47f6-9883-bc546cfa0094@group-E63690302BF4-LeaderElection13] INFO  server.RaftServerConfigKeys (ConfUtils.java:logGet(46)) - raft.server.write.element-limit = 1024 (custom)
2023-01-10 01:12:00,423 [819a9d5b-d004-47f6-9883-bc546cfa0094@group-E63690302BF4-LeaderElection13] INFO  server.RaftServerConfigKeys (ConfUtils.java:logGet(46)) - raft.server.write.byte-limit = 1024 M (=1073741824) (custom)
2023-01-10 01:12:00,425 [EventQueue-PipelineReportForPipelineReportHandler] INFO  pipeline.PipelineReportHandler (PipelineReportHandler.java:processPipelineReport(115)) - Reported pipeline PipelineID=3fc97201-0cda-4a57-9ef4-9f1d5650e6e9 is not found
2023-01-10 01:12:00,425 [EventQueue-PipelineReportForPipelineReportHandler] INFO  pipeline.PipelineReportHandler (PipelineReportHandler.java:processPipelineReport(115)) - Reported pipeline PipelineID=4612c823-6da0-4140-9b7e-3a6f7e119f6f is not found
2023-01-10 01:12:00,426 [819a9d5b-d004-47f6-9883-bc546cfa0094@group-E63690302BF4-LeaderElection13] INFO  server.RaftServerConfigKeys (ConfUtils.java:logGet(46)) - raft.server.watch.timeout = 180s (custom)
2023-01-10 01:12:00,426 [819a9d5b-d004-47f6-9883-bc546cfa0094@group-E63690302BF4-LeaderElection13] INFO  server.RaftServerConfigKeys (ConfUtils.java:logGet(46)) - raft.server.watch.timeout.denomination = 1s (default)
2023-01-10 01:12:00,426 [819a9d5b-d004-47f6-9883-bc546cfa0094@group-E63690302BF4-LeaderElection13] INFO  server.RaftServerConfigKeys (ConfUtils.java:logGet(46)) - raft.server.watch.element-limit = 65536 (default)
2023-01-10 01:12:00,426 [819a9d5b-d004-47f6-9883-bc546cfa0094@group-E63690302BF4-LeaderElection13] INFO  server.RaftServerConfigKeys (ConfUtils.java:logGet(46)) - raft.server.write.element-limit = 1024 (custom)
2023-01-10 01:12:00,426 [819a9d5b-d004-47f6-9883-bc546cfa0094@group-E63690302BF4-LeaderElection13] INFO  server.RaftServerConfigKeys (ConfUtils.java:logGet(46)) - raft.server.write.follower.gap.ratio.max = -1.0 (default)
2023-01-10 01:12:00,426 [819a9d5b-d004-47f6-9883-bc546cfa0094@group-E63690302BF4-LeaderElection13] INFO  impl.RoleInfo (RoleInfo.java:updateAndGet(139)) - 819a9d5b-d004-47f6-9883-bc546cfa0094: start 819a9d5b-d004-47f6-9883-bc546cfa0094@group-E63690302BF4-LeaderStateImpl
2023-01-10 01:12:00,426 [819a9d5b-d004-47f6-9883-bc546cfa0094@group-E63690302BF4-LeaderElection13] INFO  segmented.SegmentedRaftLogWorker (SegmentedRaftLogWorker.java:startLogSegment(452)) - 819a9d5b-d004-47f6-9883-bc546cfa0094@group-E63690302BF4-SegmentedRaftLogWorker: Starting segment from index:0
2023-01-10 01:12:00,428 [819a9d5b-d004-47f6-9883-bc546cfa0094@group-E63690302BF4-LeaderElection13] INFO  server.RaftServer$Division (ServerState.java:setRaftConf(430)) - 819a9d5b-d004-47f6-9883-bc546cfa0094@group-E63690302BF4: set configuration 0: peers:[819a9d5b-d004-47f6-9883-bc546cfa0094|rpc:10.1.0.24:40265|dataStream:10.1.0.24:43921|priority:1|startupRole:FOLLOWER]|listeners:[], old=null
2023-01-10 01:12:00,429 [819a9d5b-d004-47f6-9883-bc546cfa0094@group-E63690302BF4-SegmentedRaftLogWorker] INFO  segmented.SegmentedRaftLogWorker (SegmentedRaftLogWorker.java:execute(656)) - 819a9d5b-d004-47f6-9883-bc546cfa0094@group-E63690302BF4-SegmentedRaftLogWorker: created new log segment /home/runner/work/ozone/ozone/hadoop-ozone/integration-test/target/test-dir/MiniOzoneClusterImpl-11329d86-319f-4265-8dbd-04dd0b699e79/datanode-5/data/ratis/745e6bfd-819c-497c-8910-e63690302bf4/current/log_inprogress_0
2023-01-10 01:12:02,115 [Command processor thread] INFO  server.RaftServer (RaftServerProxy.java:remove(107)) - 482fd31e-156c-418e-9aed-e6d52525a62a: remove  FOLLOWER 482fd31e-156c-418e-9aed-e6d52525a62a@group-F727BACB3F90:t1, leader=9684d5c9-574d-4083-afb3-2b5a0b78eb45, voted=9684d5c9-574d-4083-afb3-2b5a0b78eb45, raftlog=Memoized:482fd31e-156c-418e-9aed-e6d52525a62a@group-F727BACB3F90-SegmentedRaftLog:OPENED:c0, conf=0: peers:[cf55343f-a051-44b0-a85c-65c9cdfe5b3e|rpc:10.1.0.24:44193|dataStream:10.1.0.24:34389|priority:0|startupRole:FOLLOWER, 9684d5c9-574d-4083-afb3-2b5a0b78eb45|rpc:10.1.0.24:45207|dataStream:10.1.0.24:35443|priority:1|startupRole:FOLLOWER, 482fd31e-156c-418e-9aed-e6d52525a62a|rpc:10.1.0.24:38229|dataStream:10.1.0.24:43885|priority:0|startupRole:FOLLOWER]|listeners:[], old=null RUNNING
2023-01-10 01:12:02,116 [Command processor thread] INFO  server.RaftServer$Division (RaftServerImpl.java:lambda$close$4(458)) - 482fd31e-156c-418e-9aed-e6d52525a62a@group-F727BACB3F90: shutdown
2023-01-10 01:12:02,117 [Command processor thread] INFO  util.JmxRegister (JmxRegister.java:unregister(73)) - Successfully un-registered JMX Bean with object name Ratis:service=RaftServer,group=group-F727BACB3F90,id=482fd31e-156c-418e-9aed-e6d52525a62a
2023-01-10 01:12:02,117 [Command processor thread] INFO  impl.RoleInfo (RoleInfo.java:shutdownFollowerState(110)) - 482fd31e-156c-418e-9aed-e6d52525a62a: shutdown 482fd31e-156c-418e-9aed-e6d52525a62a@group-F727BACB3F90-FollowerState
2023-01-10 01:12:02,117 [482fd31e-156c-418e-9aed-e6d52525a62a@group-F727BACB3F90-FollowerState] INFO  impl.FollowerState (FollowerState.java:run(152)) - 482fd31e-156c-418e-9aed-e6d52525a62a@group-F727BACB3F90-FollowerState was interrupted
2023-01-10 01:12:02,120 [Command processor thread] INFO  impl.StateMachineUpdater (StateMachineUpdater.java:stopAndJoin(153)) - 482fd31e-156c-418e-9aed-e6d52525a62a@group-F727BACB3F90-StateMachineUpdater: set stopIndex = 0
2023-01-10 01:12:02,120 [482fd31e-156c-418e-9aed-e6d52525a62a@group-F727BACB3F90-StateMachineUpdater] INFO  ratis.ContainerStateMachine (ContainerStateMachine.java:takeSnapshot(308)) - group-F727BACB3F90: Taking a snapshot at:(t:1, i:0) file /home/runner/work/ozone/ozone/hadoop-ozone/integration-test/target/test-dir/MiniOzoneClusterImpl-11329d86-319f-4265-8dbd-04dd0b699e79/datanode-1/data/ratis/1b100930-f077-4dd6-92e7-f727bacb3f90/sm/snapshot.1_0
2023-01-10 01:12:02,209 [482fd31e-156c-418e-9aed-e6d52525a62a@group-F727BACB3F90-StateMachineUpdater] INFO  ratis.ContainerStateMachine (ContainerStateMachine.java:takeSnapshot(319)) - group-F727BACB3F90: Finished taking a snapshot at:(t:1, i:0) file:/home/runner/work/ozone/ozone/hadoop-ozone/integration-test/target/test-dir/MiniOzoneClusterImpl-11329d86-319f-4265-8dbd-04dd0b699e79/datanode-1/data/ratis/1b100930-f077-4dd6-92e7-f727bacb3f90/sm/snapshot.1_0 took: 89 ms
2023-01-10 01:12:02,211 [482fd31e-156c-418e-9aed-e6d52525a62a@group-F727BACB3F90-StateMachineUpdater] INFO  impl.StateMachineUpdater (StateMachineUpdater.java:takeSnapshot(287)) - 482fd31e-156c-418e-9aed-e6d52525a62a@group-F727BACB3F90-StateMachineUpdater: Took a snapshot at index 0
2023-01-10 01:12:02,223 [482fd31e-156c-418e-9aed-e6d52525a62a@group-F727BACB3F90-StateMachineUpdater] INFO  impl.StateMachineUpdater (StateMachineUpdater.java:lambda$new$0(92)) - 482fd31e-156c-418e-9aed-e6d52525a62a@group-F727BACB3F90-StateMachineUpdater: snapshotIndex: updateIncreasingly -1 -> 0
2023-01-10 01:12:02,225 [Command processor thread] INFO  server.RaftServer$Division (ServerState.java:close(466)) - 482fd31e-156c-418e-9aed-e6d52525a62a@group-F727BACB3F90: closes. applyIndex: 0
2023-01-10 01:12:02,227 [482fd31e-156c-418e-9aed-e6d52525a62a@group-F727BACB3F90-SegmentedRaftLogWorker] INFO  segmented.SegmentedRaftLogWorker (SegmentedRaftLogWorker.java:run(347)) - 482fd31e-156c-418e-9aed-e6d52525a62a@group-F727BACB3F90-SegmentedRaftLogWorker was interrupted, exiting. There are 0 tasks remaining in the queue.
2023-01-10 01:12:02,228 [Command processor thread] INFO  segmented.SegmentedRaftLogWorker (SegmentedRaftLogWorker.java:close(257)) - 482fd31e-156c-418e-9aed-e6d52525a62a@group-F727BACB3F90-SegmentedRaftLogWorker close()
2023-01-10 01:12:02,239 [Command processor thread] INFO  server.RaftServer$Division (RaftServerImpl.java:groupRemove(428)) - 482fd31e-156c-418e-9aed-e6d52525a62a@group-F727BACB3F90: Succeed to remove RaftStorageDirectory Storage Directory /home/runner/work/ozone/ozone/hadoop-ozone/integration-test/target/test-dir/MiniOzoneClusterImpl-11329d86-319f-4265-8dbd-04dd0b699e79/datanode-1/data/ratis/1b100930-f077-4dd6-92e7-f727bacb3f90
2023-01-10 01:12:02,240 [Command processor thread] INFO  commandhandler.ClosePipelineCommandHandler (ClosePipelineCommandHandler.java:handle(78)) - Close Pipeline PipelineID=1b100930-f077-4dd6-92e7-f727bacb3f90 command on datanode 482fd31e-156c-418e-9aed-e6d52525a62a.
2023-01-10 01:12:02,367 [Command processor thread] INFO  server.RaftServer (RaftServerProxy.java:remove(107)) - 819a9d5b-d004-47f6-9883-bc546cfa0094: remove  FOLLOWER 819a9d5b-d004-47f6-9883-bc546cfa0094@group-9F1D5650E6E9:t1, leader=43274a1e-e531-4976-aba4-4015449e37b0, voted=43274a1e-e531-4976-aba4-4015449e37b0, raftlog=Memoized:819a9d5b-d004-47f6-9883-bc546cfa0094@group-9F1D5650E6E9-SegmentedRaftLog:OPENED:c0, conf=0: peers:[de1dc05a-b420-436e-92e0-be95de2f8d14|rpc:10.1.0.24:34547|dataStream:10.1.0.24:39059|priority:0|startupRole:FOLLOWER, 819a9d5b-d004-47f6-9883-bc546cfa0094|rpc:10.1.0.24:40265|dataStream:10.1.0.24:43921|priority:0|startupRole:FOLLOWER, 43274a1e-e531-4976-aba4-4015449e37b0|rpc:10.1.0.24:46313|dataStream:10.1.0.24:36845|priority:1|startupRole:FOLLOWER]|listeners:[], old=null RUNNING
2023-01-10 01:12:02,367 [Command processor thread] INFO  server.RaftServer$Division (RaftServerImpl.java:lambda$close$4(458)) - 819a9d5b-d004-47f6-9883-bc546cfa0094@group-9F1D5650E6E9: shutdown
2023-01-10 01:12:02,367 [Command processor thread] INFO  util.JmxRegister (JmxRegister.java:unregister(73)) - Successfully un-registered JMX Bean with object name Ratis:service=RaftServer,group=group-9F1D5650E6E9,id=819a9d5b-d004-47f6-9883-bc546cfa0094
2023-01-10 01:12:02,367 [Command processor thread] INFO  impl.RoleInfo (RoleInfo.java:shutdownFollowerState(110)) - 819a9d5b-d004-47f6-9883-bc546cfa0094: shutdown 819a9d5b-d004-47f6-9883-bc546cfa0094@group-9F1D5650E6E9-FollowerState
2023-01-10 01:12:02,367 [Command processor thread] INFO  impl.StateMachineUpdater (StateMachineUpdater.java:stopAndJoin(153)) - 819a9d5b-d004-47f6-9883-bc546cfa0094@group-9F1D5650E6E9-StateMachineUpdater: set stopIndex = 0
2023-01-10 01:12:02,367 [819a9d5b-d004-47f6-9883-bc546cfa0094@group-9F1D5650E6E9-FollowerState] INFO  impl.FollowerState (FollowerState.java:run(152)) - 819a9d5b-d004-47f6-9883-bc546cfa0094@group-9F1D5650E6E9-FollowerState was interrupted
2023-01-10 01:12:02,368 [819a9d5b-d004-47f6-9883-bc546cfa0094@group-9F1D5650E6E9-StateMachineUpdater] INFO  ratis.ContainerStateMachine (ContainerStateMachine.java:takeSnapshot(308)) - group-9F1D5650E6E9: Taking a snapshot at:(t:1, i:0) file /home/runner/work/ozone/ozone/hadoop-ozone/integration-test/target/test-dir/MiniOzoneClusterImpl-11329d86-319f-4265-8dbd-04dd0b699e79/datanode-5/data/ratis/3fc97201-0cda-4a57-9ef4-9f1d5650e6e9/sm/snapshot.1_0
2023-01-10 01:12:02,368 [819a9d5b-d004-47f6-9883-bc546cfa0094@group-9F1D5650E6E9-StateMachineUpdater] INFO  ratis.ContainerStateMachine (ContainerStateMachine.java:takeSnapshot(319)) - group-9F1D5650E6E9: Finished taking a snapshot at:(t:1, i:0) file:/home/runner/work/ozone/ozone/hadoop-ozone/integration-test/target/test-dir/MiniOzoneClusterImpl-11329d86-319f-4265-8dbd-04dd0b699e79/datanode-5/data/ratis/3fc97201-0cda-4a57-9ef4-9f1d5650e6e9/sm/snapshot.1_0 took: 1 ms
2023-01-10 01:12:02,369 [819a9d5b-d004-47f6-9883-bc546cfa0094@group-9F1D5650E6E9-StateMachineUpdater] INFO  impl.StateMachineUpdater (StateMachineUpdater.java:takeSnapshot(287)) - 819a9d5b-d004-47f6-9883-bc546cfa0094@group-9F1D5650E6E9-StateMachineUpdater: Took a snapshot at index 0
2023-01-10 01:12:02,369 [819a9d5b-d004-47f6-9883-bc546cfa0094@group-9F1D5650E6E9-StateMachineUpdater] INFO  impl.StateMachineUpdater (StateMachineUpdater.java:lambda$new$0(92)) - 819a9d5b-d004-47f6-9883-bc546cfa0094@group-9F1D5650E6E9-StateMachineUpdater: snapshotIndex: updateIncreasingly -1 -> 0
2023-01-10 01:12:02,369 [Command processor thread] INFO  server.RaftServer$Division (ServerState.java:close(466)) - 819a9d5b-d004-47f6-9883-bc546cfa0094@group-9F1D5650E6E9: closes. applyIndex: 0
2023-01-10 01:12:02,369 [819a9d5b-d004-47f6-9883-bc546cfa0094@group-9F1D5650E6E9-SegmentedRaftLogWorker] INFO  segmented.SegmentedRaftLogWorker (SegmentedRaftLogWorker.java:run(347)) - 819a9d5b-d004-47f6-9883-bc546cfa0094@group-9F1D5650E6E9-SegmentedRaftLogWorker was interrupted, exiting. There are 0 tasks remaining in the queue.
2023-01-10 01:12:02,371 [Command processor thread] INFO  segmented.SegmentedRaftLogWorker (SegmentedRaftLogWorker.java:close(257)) - 819a9d5b-d004-47f6-9883-bc546cfa0094@group-9F1D5650E6E9-SegmentedRaftLogWorker close()
2023-01-10 01:12:02,373 [Command processor thread] INFO  server.RaftServer$Division (RaftServerImpl.java:groupRemove(428)) - 819a9d5b-d004-47f6-9883-bc546cfa0094@group-9F1D5650E6E9: Succeed to remove RaftStorageDirectory Storage Directory /home/runner/work/ozone/ozone/hadoop-ozone/integration-test/target/test-dir/MiniOzoneClusterImpl-11329d86-319f-4265-8dbd-04dd0b699e79/datanode-5/data/ratis/3fc97201-0cda-4a57-9ef4-9f1d5650e6e9
2023-01-10 01:12:02,373 [Command processor thread] INFO  commandhandler.ClosePipelineCommandHandler (ClosePipelineCommandHandler.java:handle(78)) - Close Pipeline PipelineID=3fc97201-0cda-4a57-9ef4-9f1d5650e6e9 command on datanode 819a9d5b-d004-47f6-9883-bc546cfa0094.
2023-01-10 01:12:02,374 [Command processor thread] INFO  server.RaftServer (RaftServerProxy.java:remove(107)) - 819a9d5b-d004-47f6-9883-bc546cfa0094: remove  FOLLOWER 819a9d5b-d004-47f6-9883-bc546cfa0094@group-3A6F7E119F6F:t1, leader=de1dc05a-b420-436e-92e0-be95de2f8d14, voted=de1dc05a-b420-436e-92e0-be95de2f8d14, raftlog=Memoized:819a9d5b-d004-47f6-9883-bc546cfa0094@group-3A6F7E119F6F-SegmentedRaftLog:OPENED:c0, conf=0: peers:[de1dc05a-b420-436e-92e0-be95de2f8d14|rpc:10.1.0.24:34547|dataStream:10.1.0.24:39059|priority:1|startupRole:FOLLOWER, 819a9d5b-d004-47f6-9883-bc546cfa0094|rpc:10.1.0.24:40265|dataStream:10.1.0.24:43921|priority:0|startupRole:FOLLOWER, 43274a1e-e531-4976-aba4-4015449e37b0|rpc:10.1.0.24:46313|dataStream:10.1.0.24:36845|priority:0|startupRole:FOLLOWER]|listeners:[], old=null RUNNING
2023-01-10 01:12:02,374 [Command processor thread] INFO  server.RaftServer$Division (RaftServerImpl.java:lambda$close$4(458)) - 819a9d5b-d004-47f6-9883-bc546cfa0094@group-3A6F7E119F6F: shutdown
2023-01-10 01:12:02,374 [Command processor thread] INFO  util.JmxRegister (JmxRegister.java:unregister(73)) - Successfully un-registered JMX Bean with object name Ratis:service=RaftServer,group=group-3A6F7E119F6F,id=819a9d5b-d004-47f6-9883-bc546cfa0094
2023-01-10 01:12:02,374 [Command processor thread] INFO  impl.RoleInfo (RoleInfo.java:shutdownFollowerState(110)) - 819a9d5b-d004-47f6-9883-bc546cfa0094: shutdown 819a9d5b-d004-47f6-9883-bc546cfa0094@group-3A6F7E119F6F-FollowerState
2023-01-10 01:12:02,374 [Command processor thread] INFO  impl.StateMachineUpdater (StateMachineUpdater.java:stopAndJoin(153)) - 819a9d5b-d004-47f6-9883-bc546cfa0094@group-3A6F7E119F6F-StateMachineUpdater: set stopIndex = 0
2023-01-10 01:12:02,374 [819a9d5b-d004-47f6-9883-bc546cfa0094@group-3A6F7E119F6F-FollowerState] INFO  impl.FollowerState (FollowerState.java:run(152)) - 819a9d5b-d004-47f6-9883-bc546cfa0094@group-3A6F7E119F6F-FollowerState was interrupted
2023-01-10 01:12:02,374 [819a9d5b-d004-47f6-9883-bc546cfa0094@group-3A6F7E119F6F-StateMachineUpdater] INFO  ratis.ContainerStateMachine (ContainerStateMachine.java:takeSnapshot(308)) - group-3A6F7E119F6F: Taking a snapshot at:(t:1, i:0) file /home/runner/work/ozone/ozone/hadoop-ozone/integration-test/target/test-dir/MiniOzoneClusterImpl-11329d86-319f-4265-8dbd-04dd0b699e79/datanode-5/data/ratis/4612c823-6da0-4140-9b7e-3a6f7e119f6f/sm/snapshot.1_0
2023-01-10 01:12:02,375 [819a9d5b-d004-47f6-9883-bc546cfa0094@group-3A6F7E119F6F-StateMachineUpdater] INFO  ratis.ContainerStateMachine (ContainerStateMachine.java:takeSnapshot(319)) - group-3A6F7E119F6F: Finished taking a snapshot at:(t:1, i:0) file:/home/runner/work/ozone/ozone/hadoop-ozone/integration-test/target/test-dir/MiniOzoneClusterImpl-11329d86-319f-4265-8dbd-04dd0b699e79/datanode-5/data/ratis/4612c823-6da0-4140-9b7e-3a6f7e119f6f/sm/snapshot.1_0 took: 0 ms
2023-01-10 01:12:02,375 [819a9d5b-d004-47f6-9883-bc546cfa0094@group-3A6F7E119F6F-StateMachineUpdater] INFO  impl.StateMachineUpdater (StateMachineUpdater.java:takeSnapshot(287)) - 819a9d5b-d004-47f6-9883-bc546cfa0094@group-3A6F7E119F6F-StateMachineUpdater: Took a snapshot at index 0
2023-01-10 01:12:02,375 [819a9d5b-d004-47f6-9883-bc546cfa0094@group-3A6F7E119F6F-StateMachineUpdater] INFO  impl.StateMachineUpdater (StateMachineUpdater.java:lambda$new$0(92)) - 819a9d5b-d004-47f6-9883-bc546cfa0094@group-3A6F7E119F6F-StateMachineUpdater: snapshotIndex: updateIncreasingly -1 -> 0
2023-01-10 01:12:02,376 [Command processor thread] INFO  server.RaftServer$Division (ServerState.java:close(466)) - 819a9d5b-d004-47f6-9883-bc546cfa0094@group-3A6F7E119F6F: closes. applyIndex: 0
2023-01-10 01:12:02,376 [819a9d5b-d004-47f6-9883-bc546cfa0094@group-3A6F7E119F6F-SegmentedRaftLogWorker] INFO  segmented.SegmentedRaftLogWorker (SegmentedRaftLogWorker.java:run(347)) - 819a9d5b-d004-47f6-9883-bc546cfa0094@group-3A6F7E119F6F-SegmentedRaftLogWorker was interrupted, exiting. There are 0 tasks remaining in the queue.
2023-01-10 01:12:02,376 [Command processor thread] INFO  segmented.SegmentedRaftLogWorker (SegmentedRaftLogWorker.java:close(257)) - 819a9d5b-d004-47f6-9883-bc546cfa0094@group-3A6F7E119F6F-SegmentedRaftLogWorker close()
2023-01-10 01:12:02,378 [Command processor thread] INFO  server.RaftServer$Division (RaftServerImpl.java:groupRemove(428)) - 819a9d5b-d004-47f6-9883-bc546cfa0094@group-3A6F7E119F6F: Succeed to remove RaftStorageDirectory Storage Directory /home/runner/work/ozone/ozone/hadoop-ozone/integration-test/target/test-dir/MiniOzoneClusterImpl-11329d86-319f-4265-8dbd-04dd0b699e79/datanode-5/data/ratis/4612c823-6da0-4140-9b7e-3a6f7e119f6f
2023-01-10 01:12:02,378 [Command processor thread] INFO  commandhandler.ClosePipelineCommandHandler (ClosePipelineCommandHandler.java:handle(78)) - Close Pipeline PipelineID=4612c823-6da0-4140-9b7e-3a6f7e119f6f command on datanode 819a9d5b-d004-47f6-9883-bc546cfa0094.
2023-01-10 01:12:02,600 [Command processor thread] INFO  server.RaftServer (RaftServerProxy.java:remove(107)) - cf55343f-a051-44b0-a85c-65c9cdfe5b3e: remove  FOLLOWER cf55343f-a051-44b0-a85c-65c9cdfe5b3e@group-F727BACB3F90:t1, leader=9684d5c9-574d-4083-afb3-2b5a0b78eb45, voted=9684d5c9-574d-4083-afb3-2b5a0b78eb45, raftlog=Memoized:cf55343f-a051-44b0-a85c-65c9cdfe5b3e@group-F727BACB3F90-SegmentedRaftLog:OPENED:c0, conf=0: peers:[cf55343f-a051-44b0-a85c-65c9cdfe5b3e|rpc:10.1.0.24:44193|dataStream:10.1.0.24:34389|priority:0|startupRole:FOLLOWER, 9684d5c9-574d-4083-afb3-2b5a0b78eb45|rpc:10.1.0.24:45207|dataStream:10.1.0.24:35443|priority:1|startupRole:FOLLOWER, 482fd31e-156c-418e-9aed-e6d52525a62a|rpc:10.1.0.24:38229|dataStream:10.1.0.24:43885|priority:0|startupRole:FOLLOWER]|listeners:[], old=null RUNNING
2023-01-10 01:12:02,600 [Command processor thread] INFO  server.RaftServer$Division (RaftServerImpl.java:lambda$close$4(458)) - cf55343f-a051-44b0-a85c-65c9cdfe5b3e@group-F727BACB3F90: shutdown
2023-01-10 01:12:02,600 [Command processor thread] INFO  util.JmxRegister (JmxRegister.java:unregister(73)) - Successfully un-registered JMX Bean with object name Ratis:service=RaftServer,group=group-F727BACB3F90,id=cf55343f-a051-44b0-a85c-65c9cdfe5b3e
2023-01-10 01:12:02,601 [Command processor thread] INFO  impl.RoleInfo (RoleInfo.java:shutdownFollowerState(110)) - cf55343f-a051-44b0-a85c-65c9cdfe5b3e: shutdown cf55343f-a051-44b0-a85c-65c9cdfe5b3e@group-F727BACB3F90-FollowerState
2023-01-10 01:12:02,601 [Command processor thread] INFO  impl.StateMachineUpdater (StateMachineUpdater.java:stopAndJoin(153)) - cf55343f-a051-44b0-a85c-65c9cdfe5b3e@group-F727BACB3F90-StateMachineUpdater: set stopIndex = 0
2023-01-10 01:12:02,601 [cf55343f-a051-44b0-a85c-65c9cdfe5b3e@group-F727BACB3F90-FollowerState] INFO  impl.FollowerState (FollowerState.java:run(152)) - cf55343f-a051-44b0-a85c-65c9cdfe5b3e@group-F727BACB3F90-FollowerState was interrupted
2023-01-10 01:12:02,601 [cf55343f-a051-44b0-a85c-65c9cdfe5b3e@group-F727BACB3F90-StateMachineUpdater] INFO  ratis.ContainerStateMachine (ContainerStateMachine.java:takeSnapshot(308)) - group-F727BACB3F90: Taking a snapshot at:(t:1, i:0) file /home/runner/work/ozone/ozone/hadoop-ozone/integration-test/target/test-dir/MiniOzoneClusterImpl-11329d86-319f-4265-8dbd-04dd0b699e79/datanode-2/data/ratis/1b100930-f077-4dd6-92e7-f727bacb3f90/sm/snapshot.1_0
2023-01-10 01:12:02,602 [cf55343f-a051-44b0-a85c-65c9cdfe5b3e@group-F727BACB3F90-StateMachineUpdater] INFO  ratis.ContainerStateMachine (ContainerStateMachine.java:takeSnapshot(319)) - group-F727BACB3F90: Finished taking a snapshot at:(t:1, i:0) file:/home/runner/work/ozone/ozone/hadoop-ozone/integration-test/target/test-dir/MiniOzoneClusterImpl-11329d86-319f-4265-8dbd-04dd0b699e79/datanode-2/data/ratis/1b100930-f077-4dd6-92e7-f727bacb3f90/sm/snapshot.1_0 took: 2 ms
2023-01-10 01:12:02,602 [cf55343f-a051-44b0-a85c-65c9cdfe5b3e@group-F727BACB3F90-StateMachineUpdater] INFO  impl.StateMachineUpdater (StateMachineUpdater.java:takeSnapshot(287)) - cf55343f-a051-44b0-a85c-65c9cdfe5b3e@group-F727BACB3F90-StateMachineUpdater: Took a snapshot at index 0
2023-01-10 01:12:02,602 [cf55343f-a051-44b0-a85c-65c9cdfe5b3e@group-F727BACB3F90-StateMachineUpdater] INFO  impl.StateMachineUpdater (StateMachineUpdater.java:lambda$new$0(92)) - cf55343f-a051-44b0-a85c-65c9cdfe5b3e@group-F727BACB3F90-StateMachineUpdater: snapshotIndex: updateIncreasingly -1 -> 0
2023-01-10 01:12:02,603 [Command processor thread] INFO  server.RaftServer$Division (ServerState.java:close(466)) - cf55343f-a051-44b0-a85c-65c9cdfe5b3e@group-F727BACB3F90: closes. applyIndex: 0
2023-01-10 01:12:02,603 [cf55343f-a051-44b0-a85c-65c9cdfe5b3e@group-F727BACB3F90-SegmentedRaftLogWorker] INFO  segmented.SegmentedRaftLogWorker (SegmentedRaftLogWorker.java:run(347)) - cf55343f-a051-44b0-a85c-65c9cdfe5b3e@group-F727BACB3F90-SegmentedRaftLogWorker was interrupted, exiting. There are 0 tasks remaining in the queue.
2023-01-10 01:12:02,604 [Command processor thread] INFO  segmented.SegmentedRaftLogWorker (SegmentedRaftLogWorker.java:close(257)) - cf55343f-a051-44b0-a85c-65c9cdfe5b3e@group-F727BACB3F90-SegmentedRaftLogWorker close()
2023-01-10 01:12:02,606 [Command processor thread] INFO  server.RaftServer$Division (RaftServerImpl.java:groupRemove(428)) - cf55343f-a051-44b0-a85c-65c9cdfe5b3e@group-F727BACB3F90: Succeed to remove RaftStorageDirectory Storage Directory /home/runner/work/ozone/ozone/hadoop-ozone/integration-test/target/test-dir/MiniOzoneClusterImpl-11329d86-319f-4265-8dbd-04dd0b699e79/datanode-2/data/ratis/1b100930-f077-4dd6-92e7-f727bacb3f90
2023-01-10 01:12:02,606 [Command processor thread] INFO  commandhandler.ClosePipelineCommandHandler (ClosePipelineCommandHandler.java:handle(78)) - Close Pipeline PipelineID=1b100930-f077-4dd6-92e7-f727bacb3f90 command on datanode cf55343f-a051-44b0-a85c-65c9cdfe5b3e.
2023-01-10 01:12:02,638 [Command processor thread] INFO  server.RaftServer (RaftServerProxy.java:remove(107)) - 9684d5c9-574d-4083-afb3-2b5a0b78eb45: remove    LEADER 9684d5c9-574d-4083-afb3-2b5a0b78eb45@group-F727BACB3F90:t1, leader=9684d5c9-574d-4083-afb3-2b5a0b78eb45, voted=9684d5c9-574d-4083-afb3-2b5a0b78eb45, raftlog=Memoized:9684d5c9-574d-4083-afb3-2b5a0b78eb45@group-F727BACB3F90-SegmentedRaftLog:OPENED:c0, conf=0: peers:[cf55343f-a051-44b0-a85c-65c9cdfe5b3e|rpc:10.1.0.24:44193|dataStream:10.1.0.24:34389|priority:0|startupRole:FOLLOWER, 9684d5c9-574d-4083-afb3-2b5a0b78eb45|rpc:10.1.0.24:45207|dataStream:10.1.0.24:35443|priority:1|startupRole:FOLLOWER, 482fd31e-156c-418e-9aed-e6d52525a62a|rpc:10.1.0.24:38229|dataStream:10.1.0.24:43885|priority:0|startupRole:FOLLOWER]|listeners:[], old=null RUNNING
2023-01-10 01:12:02,638 [Command processor thread] INFO  server.RaftServer$Division (RaftServerImpl.java:lambda$close$4(458)) - 9684d5c9-574d-4083-afb3-2b5a0b78eb45@group-F727BACB3F90: shutdown
2023-01-10 01:12:02,638 [Command processor thread] INFO  util.JmxRegister (JmxRegister.java:unregister(73)) - Successfully un-registered JMX Bean with object name Ratis:service=RaftServer,group=group-F727BACB3F90,id=9684d5c9-574d-4083-afb3-2b5a0b78eb45
2023-01-10 01:12:02,638 [Command processor thread] INFO  impl.RoleInfo (RoleInfo.java:shutdownLeaderState(93)) - 9684d5c9-574d-4083-afb3-2b5a0b78eb45: shutdown 9684d5c9-574d-4083-afb3-2b5a0b78eb45@group-F727BACB3F90-LeaderStateImpl
2023-01-10 01:12:02,639 [Command processor thread] INFO  impl.PendingRequests (PendingRequests.java:sendNotLeaderResponses(282)) - 9684d5c9-574d-4083-afb3-2b5a0b78eb45@group-F727BACB3F90-PendingRequests: sendNotLeaderResponses
2023-01-10 01:12:02,640 [Command processor thread] INFO  impl.StateMachineUpdater (StateMachineUpdater.java:stopAndJoin(153)) - 9684d5c9-574d-4083-afb3-2b5a0b78eb45@group-F727BACB3F90-StateMachineUpdater: set stopIndex = 0
2023-01-10 01:12:02,640 [9684d5c9-574d-4083-afb3-2b5a0b78eb45@group-F727BACB3F90->482fd31e-156c-418e-9aed-e6d52525a62a-GrpcLogAppender-LogAppenderDaemon] WARN  server.GrpcLogAppender (GrpcLogAppender.java:mayWait(200)) - 9684d5c9-574d-4083-afb3-2b5a0b78eb45@group-F727BACB3F90->482fd31e-156c-418e-9aed-e6d52525a62a-GrpcLogAppender: Wait interrupted by java.lang.InterruptedException
2023-01-10 01:12:02,640 [9684d5c9-574d-4083-afb3-2b5a0b78eb45@group-F727BACB3F90-StateMachineUpdater] INFO  ratis.ContainerStateMachine (ContainerStateMachine.java:takeSnapshot(308)) - group-F727BACB3F90: Taking a snapshot at:(t:1, i:0) file /home/runner/work/ozone/ozone/hadoop-ozone/integration-test/target/test-dir/MiniOzoneClusterImpl-11329d86-319f-4265-8dbd-04dd0b699e79/datanode-0/data/ratis/1b100930-f077-4dd6-92e7-f727bacb3f90/sm/snapshot.1_0
2023-01-10 01:12:02,640 [9684d5c9-574d-4083-afb3-2b5a0b78eb45@group-F727BACB3F90->cf55343f-a051-44b0-a85c-65c9cdfe5b3e-GrpcLogAppender-LogAppenderDaemon] WARN  server.GrpcLogAppender (GrpcLogAppender.java:mayWait(200)) - 9684d5c9-574d-4083-afb3-2b5a0b78eb45@group-F727BACB3F90->cf55343f-a051-44b0-a85c-65c9cdfe5b3e-GrpcLogAppender: Wait interrupted by java.lang.InterruptedException
2023-01-10 01:12:02,643 [9684d5c9-574d-4083-afb3-2b5a0b78eb45@group-F727BACB3F90-StateMachineUpdater] INFO  ratis.ContainerStateMachine (ContainerStateMachine.java:takeSnapshot(319)) - group-F727BACB3F90: Finished taking a snapshot at:(t:1, i:0) file:/home/runner/work/ozone/ozone/hadoop-ozone/integration-test/target/test-dir/MiniOzoneClusterImpl-11329d86-319f-4265-8dbd-04dd0b699e79/datanode-0/data/ratis/1b100930-f077-4dd6-92e7-f727bacb3f90/sm/snapshot.1_0 took: 3 ms
2023-01-10 01:12:02,643 [9684d5c9-574d-4083-afb3-2b5a0b78eb45@group-F727BACB3F90-StateMachineUpdater] INFO  impl.StateMachineUpdater (StateMachineUpdater.java:takeSnapshot(287)) - 9684d5c9-574d-4083-afb3-2b5a0b78eb45@group-F727BACB3F90-StateMachineUpdater: Took a snapshot at index 0
2023-01-10 01:12:02,643 [9684d5c9-574d-4083-afb3-2b5a0b78eb45@group-F727BACB3F90-StateMachineUpdater] INFO  impl.StateMachineUpdater (StateMachineUpdater.java:lambda$new$0(92)) - 9684d5c9-574d-4083-afb3-2b5a0b78eb45@group-F727BACB3F90-StateMachineUpdater: snapshotIndex: updateIncreasingly -1 -> 0
2023-01-10 01:12:02,644 [grpc-default-executor-4] INFO  server.GrpcServerProtocolService (GrpcServerProtocolService.java:onCompleted(143)) - cf55343f-a051-44b0-a85c-65c9cdfe5b3e: Completed APPEND_ENTRIES, lastRequest: null
2023-01-10 01:12:02,645 [grpc-default-executor-0] INFO  server.GrpcServerProtocolService (GrpcServerProtocolService.java:onCompleted(143)) - cf55343f-a051-44b0-a85c-65c9cdfe5b3e: Completed APPEND_ENTRIES, lastRequest: 9684d5c9-574d-4083-afb3-2b5a0b78eb45->cf55343f-a051-44b0-a85c-65c9cdfe5b3e#1-t1,previous=(t:0, i:0),leaderCommit=0,initializing? true,entries: size=1, first=(t:1, i:0), CONFIGURATIONENTRY(current:id: "cf55343f-a051-44b0-a85c-65c9cdfe5b3e"
address: "10.1.0.24:44193"
dataStreamAddress: "10.1.0.24:34389"
clientAddress: "10.1.0.24:44193"
adminAddress: "10.1.0.24:44193"
startupRole: FOLLOWER
,id: "9684d5c9-574d-4083-afb3-2b5a0b78eb45"
address: "10.1.0.24:45207"
priority: 1
dataStreamAddress: "10.1.0.24:35443"
clientAddress: "10.1.0.24:45207"
adminAddress: "10.1.0.24:45207"
startupRole: FOLLOWER
,id: "482fd31e-156c-418e-9aed-e6d52525a62a"
address: "10.1.0.24:38229"
dataStreamAddress: "10.1.0.24:43885"
clientAddress: "10.1.0.24:38229"
adminAddress: "10.1.0.24:38229"
startupRole: FOLLOWER
, old:)
2023-01-10 01:12:02,645 [grpc-default-executor-2] INFO  server.GrpcServerProtocolService (GrpcServerProtocolService.java:onCompleted(143)) - 482fd31e-156c-418e-9aed-e6d52525a62a: Completed APPEND_ENTRIES, lastRequest: 9684d5c9-574d-4083-afb3-2b5a0b78eb45->482fd31e-156c-418e-9aed-e6d52525a62a#1-t1,previous=(t:0, i:0),leaderCommit=0,initializing? true,entries: size=1, first=(t:1, i:0), CONFIGURATIONENTRY(current:id: "cf55343f-a051-44b0-a85c-65c9cdfe5b3e"
address: "10.1.0.24:44193"
dataStreamAddress: "10.1.0.24:34389"
clientAddress: "10.1.0.24:44193"
adminAddress: "10.1.0.24:44193"
startupRole: FOLLOWER
,id: "9684d5c9-574d-4083-afb3-2b5a0b78eb45"
address: "10.1.0.24:45207"
priority: 1
dataStreamAddress: "10.1.0.24:35443"
clientAddress: "10.1.0.24:45207"
adminAddress: "10.1.0.24:45207"
startupRole: FOLLOWER
,id: "482fd31e-156c-418e-9aed-e6d52525a62a"
address: "10.1.0.24:38229"
dataStreamAddress: "10.1.0.24:43885"
clientAddress: "10.1.0.24:38229"
adminAddress: "10.1.0.24:38229"
startupRole: FOLLOWER
, old:)
2023-01-10 01:12:02,646 [Command processor thread] INFO  server.RaftServer$Division (ServerState.java:close(466)) - 9684d5c9-574d-4083-afb3-2b5a0b78eb45@group-F727BACB3F90: closes. applyIndex: 0
2023-01-10 01:12:02,647 [grpc-default-executor-3] INFO  server.GrpcLogAppender (GrpcLogAppender.java:onCompleted(415)) - 9684d5c9-574d-4083-afb3-2b5a0b78eb45@group-F727BACB3F90->cf55343f-a051-44b0-a85c-65c9cdfe5b3e-AppendLogResponseHandler: follower responses appendEntries COMPLETED
2023-01-10 01:12:02,647 [9684d5c9-574d-4083-afb3-2b5a0b78eb45@group-F727BACB3F90-SegmentedRaftLogWorker] INFO  segmented.SegmentedRaftLogWorker (SegmentedRaftLogWorker.java:run(347)) - 9684d5c9-574d-4083-afb3-2b5a0b78eb45@group-F727BACB3F90-SegmentedRaftLogWorker was interrupted, exiting. There are 0 tasks remaining in the queue.
2023-01-10 01:12:02,647 [grpc-default-executor-0] INFO  server.GrpcLogAppender (GrpcLogAppender.java:onCompleted(415)) - 9684d5c9-574d-4083-afb3-2b5a0b78eb45@group-F727BACB3F90->482fd31e-156c-418e-9aed-e6d52525a62a-AppendLogResponseHandler: follower responses appendEntries COMPLETED
2023-01-10 01:12:02,650 [grpc-default-executor-0] INFO  leader.FollowerInfo (FollowerInfoImpl.java:lambda$new$0(48)) - 9684d5c9-574d-4083-afb3-2b5a0b78eb45@group-F727BACB3F90->482fd31e-156c-418e-9aed-e6d52525a62a: nextIndex: updateUnconditionally 1 -> 0
2023-01-10 01:12:02,651 [Command processor thread] INFO  segmented.SegmentedRaftLogWorker (SegmentedRaftLogWorker.java:close(257)) - 9684d5c9-574d-4083-afb3-2b5a0b78eb45@group-F727BACB3F90-SegmentedRaftLogWorker close()
2023-01-10 01:12:02,652 [grpc-default-executor-0] INFO  server.GrpcServerProtocolService (GrpcServerProtocolService.java:onCompleted(143)) - 482fd31e-156c-418e-9aed-e6d52525a62a: Completed APPEND_ENTRIES, lastRequest: null
2023-01-10 01:12:02,652 [grpc-default-executor-4] INFO  server.GrpcLogAppender (GrpcLogAppender.java:onCompleted(415)) - 9684d5c9-574d-4083-afb3-2b5a0b78eb45@group-F727BACB3F90->cf55343f-a051-44b0-a85c-65c9cdfe5b3e-AppendLogResponseHandler: follower responses appendEntries COMPLETED
2023-01-10 01:12:02,651 [grpc-default-executor-3] INFO  leader.FollowerInfo (FollowerInfoImpl.java:lambda$new$0(48)) - 9684d5c9-574d-4083-afb3-2b5a0b78eb45@group-F727BACB3F90->cf55343f-a051-44b0-a85c-65c9cdfe5b3e: nextIndex: updateUnconditionally 1 -> 0
2023-01-10 01:12:02,652 [grpc-default-executor-4] INFO  leader.FollowerInfo (FollowerInfoImpl.java:lambda$new$0(48)) - 9684d5c9-574d-4083-afb3-2b5a0b78eb45@group-F727BACB3F90->cf55343f-a051-44b0-a85c-65c9cdfe5b3e: nextIndex: updateUnconditionally 0 -> 0
2023-01-10 01:12:02,655 [Command processor thread] INFO  server.RaftServer$Division (RaftServerImpl.java:groupRemove(428)) - 9684d5c9-574d-4083-afb3-2b5a0b78eb45@group-F727BACB3F90: Succeed to remove RaftStorageDirectory Storage Directory /home/runner/work/ozone/ozone/hadoop-ozone/integration-test/target/test-dir/MiniOzoneClusterImpl-11329d86-319f-4265-8dbd-04dd0b699e79/datanode-0/data/ratis/1b100930-f077-4dd6-92e7-f727bacb3f90
2023-01-10 01:12:02,655 [Command processor thread] INFO  commandhandler.ClosePipelineCommandHandler (ClosePipelineCommandHandler.java:handle(78)) - Close Pipeline PipelineID=1b100930-f077-4dd6-92e7-f727bacb3f90 command on datanode 9684d5c9-574d-4083-afb3-2b5a0b78eb45.
2023-01-10 01:12:02,656 [grpc-default-executor-4] INFO  server.GrpcLogAppender (GrpcLogAppender.java:onCompleted(415)) - 9684d5c9-574d-4083-afb3-2b5a0b78eb45@group-F727BACB3F90->482fd31e-156c-418e-9aed-e6d52525a62a-AppendLogResponseHandler: follower responses appendEntries COMPLETED
2023-01-10 01:12:02,656 [grpc-default-executor-4] INFO  leader.FollowerInfo (FollowerInfoImpl.java:lambda$new$0(48)) - 9684d5c9-574d-4083-afb3-2b5a0b78eb45@group-F727BACB3F90->482fd31e-156c-418e-9aed-e6d52525a62a: nextIndex: updateUnconditionally 0 -> 0
2023-01-10 01:12:02,792 [Command processor thread] INFO  server.RaftServer (RaftServerProxy.java:remove(107)) - de1dc05a-b420-436e-92e0-be95de2f8d14: remove  FOLLOWER de1dc05a-b420-436e-92e0-be95de2f8d14@group-9F1D5650E6E9:t1, leader=43274a1e-e531-4976-aba4-4015449e37b0, voted=43274a1e-e531-4976-aba4-4015449e37b0, raftlog=Memoized:de1dc05a-b420-436e-92e0-be95de2f8d14@group-9F1D5650E6E9-SegmentedRaftLog:OPENED:c0, conf=0: peers:[de1dc05a-b420-436e-92e0-be95de2f8d14|rpc:10.1.0.24:34547|dataStream:10.1.0.24:39059|priority:0|startupRole:FOLLOWER, 819a9d5b-d004-47f6-9883-bc546cfa0094|rpc:10.1.0.24:40265|dataStream:10.1.0.24:43921|priority:0|startupRole:FOLLOWER, 43274a1e-e531-4976-aba4-4015449e37b0|rpc:10.1.0.24:46313|dataStream:10.1.0.24:36845|priority:1|startupRole:FOLLOWER]|listeners:[], old=null RUNNING
2023-01-10 01:12:02,792 [Command processor thread] INFO  server.RaftServer$Division (RaftServerImpl.java:lambda$close$4(458)) - de1dc05a-b420-436e-92e0-be95de2f8d14@group-9F1D5650E6E9: shutdown
2023-01-10 01:12:02,792 [Command processor thread] INFO  util.JmxRegister (JmxRegister.java:unregister(73)) - Successfully un-registered JMX Bean with object name Ratis:service=RaftServer,group=group-9F1D5650E6E9,id=de1dc05a-b420-436e-92e0-be95de2f8d14
2023-01-10 01:12:02,793 [Command processor thread] INFO  impl.RoleInfo (RoleInfo.java:shutdownFollowerState(110)) - de1dc05a-b420-436e-92e0-be95de2f8d14: shutdown de1dc05a-b420-436e-92e0-be95de2f8d14@group-9F1D5650E6E9-FollowerState
2023-01-10 01:12:02,793 [Command processor thread] INFO  impl.StateMachineUpdater (StateMachineUpdater.java:stopAndJoin(153)) - de1dc05a-b420-436e-92e0-be95de2f8d14@group-9F1D5650E6E9-StateMachineUpdater: set stopIndex = 0
2023-01-10 01:12:02,793 [de1dc05a-b420-436e-92e0-be95de2f8d14@group-9F1D5650E6E9-FollowerState] INFO  impl.FollowerState (FollowerState.java:run(152)) - de1dc05a-b420-436e-92e0-be95de2f8d14@group-9F1D5650E6E9-FollowerState was interrupted
2023-01-10 01:12:02,793 [de1dc05a-b420-436e-92e0-be95de2f8d14@group-9F1D5650E6E9-StateMachineUpdater] INFO  ratis.ContainerStateMachine (ContainerStateMachine.java:takeSnapshot(308)) - group-9F1D5650E6E9: Taking a snapshot at:(t:1, i:0) file /home/runner/work/ozone/ozone/hadoop-ozone/integration-test/target/test-dir/MiniOzoneClusterImpl-11329d86-319f-4265-8dbd-04dd0b699e79/datanode-3/data/ratis/3fc97201-0cda-4a57-9ef4-9f1d5650e6e9/sm/snapshot.1_0
2023-01-10 01:12:02,794 [de1dc05a-b420-436e-92e0-be95de2f8d14@group-9F1D5650E6E9-StateMachineUpdater] INFO  ratis.ContainerStateMachine (ContainerStateMachine.java:takeSnapshot(319)) - group-9F1D5650E6E9: Finished taking a snapshot at:(t:1, i:0) file:/home/runner/work/ozone/ozone/hadoop-ozone/integration-test/target/test-dir/MiniOzoneClusterImpl-11329d86-319f-4265-8dbd-04dd0b699e79/datanode-3/data/ratis/3fc97201-0cda-4a57-9ef4-9f1d5650e6e9/sm/snapshot.1_0 took: 1 ms
2023-01-10 01:12:02,794 [de1dc05a-b420-436e-92e0-be95de2f8d14@group-9F1D5650E6E9-StateMachineUpdater] INFO  impl.StateMachineUpdater (StateMachineUpdater.java:takeSnapshot(287)) - de1dc05a-b420-436e-92e0-be95de2f8d14@group-9F1D5650E6E9-StateMachineUpdater: Took a snapshot at index 0
2023-01-10 01:12:02,794 [de1dc05a-b420-436e-92e0-be95de2f8d14@group-9F1D5650E6E9-StateMachineUpdater] INFO  impl.StateMachineUpdater (StateMachineUpdater.java:lambda$new$0(92)) - de1dc05a-b420-436e-92e0-be95de2f8d14@group-9F1D5650E6E9-StateMachineUpdater: snapshotIndex: updateIncreasingly -1 -> 0
2023-01-10 01:12:02,795 [Command processor thread] INFO  server.RaftServer$Division (ServerState.java:close(466)) - de1dc05a-b420-436e-92e0-be95de2f8d14@group-9F1D5650E6E9: closes. applyIndex: 0
2023-01-10 01:12:02,795 [de1dc05a-b420-436e-92e0-be95de2f8d14@group-9F1D5650E6E9-SegmentedRaftLogWorker] INFO  segmented.SegmentedRaftLogWorker (SegmentedRaftLogWorker.java:run(347)) - de1dc05a-b420-436e-92e0-be95de2f8d14@group-9F1D5650E6E9-SegmentedRaftLogWorker was interrupted, exiting. There are 0 tasks remaining in the queue.
2023-01-10 01:12:02,796 [Command processor thread] INFO  segmented.SegmentedRaftLogWorker (SegmentedRaftLogWorker.java:close(257)) - de1dc05a-b420-436e-92e0-be95de2f8d14@group-9F1D5650E6E9-SegmentedRaftLogWorker close()
2023-01-10 01:12:02,798 [Command processor thread] INFO  server.RaftServer$Division (RaftServerImpl.java:groupRemove(428)) - de1dc05a-b420-436e-92e0-be95de2f8d14@group-9F1D5650E6E9: Succeed to remove RaftStorageDirectory Storage Directory /home/runner/work/ozone/ozone/hadoop-ozone/integration-test/target/test-dir/MiniOzoneClusterImpl-11329d86-319f-4265-8dbd-04dd0b699e79/datanode-3/data/ratis/3fc97201-0cda-4a57-9ef4-9f1d5650e6e9
2023-01-10 01:12:02,798 [Command processor thread] INFO  commandhandler.ClosePipelineCommandHandler (ClosePipelineCommandHandler.java:handle(78)) - Close Pipeline PipelineID=3fc97201-0cda-4a57-9ef4-9f1d5650e6e9 command on datanode de1dc05a-b420-436e-92e0-be95de2f8d14.
2023-01-10 01:12:02,799 [Command processor thread] INFO  server.RaftServer (RaftServerProxy.java:remove(107)) - de1dc05a-b420-436e-92e0-be95de2f8d14: remove    LEADER de1dc05a-b420-436e-92e0-be95de2f8d14@group-3A6F7E119F6F:t1, leader=de1dc05a-b420-436e-92e0-be95de2f8d14, voted=de1dc05a-b420-436e-92e0-be95de2f8d14, raftlog=Memoized:de1dc05a-b420-436e-92e0-be95de2f8d14@group-3A6F7E119F6F-SegmentedRaftLog:OPENED:c0, conf=0: peers:[de1dc05a-b420-436e-92e0-be95de2f8d14|rpc:10.1.0.24:34547|dataStream:10.1.0.24:39059|priority:1|startupRole:FOLLOWER, 819a9d5b-d004-47f6-9883-bc546cfa0094|rpc:10.1.0.24:40265|dataStream:10.1.0.24:43921|priority:0|startupRole:FOLLOWER, 43274a1e-e531-4976-aba4-4015449e37b0|rpc:10.1.0.24:46313|dataStream:10.1.0.24:36845|priority:0|startupRole:FOLLOWER]|listeners:[], old=null RUNNING
2023-01-10 01:12:02,799 [Command processor thread] INFO  server.RaftServer$Division (RaftServerImpl.java:lambda$close$4(458)) - de1dc05a-b420-436e-92e0-be95de2f8d14@group-3A6F7E119F6F: shutdown
2023-01-10 01:12:02,799 [Command processor thread] INFO  util.JmxRegister (JmxRegister.java:unregister(73)) - Successfully un-registered JMX Bean with object name Ratis:service=RaftServer,group=group-3A6F7E119F6F,id=de1dc05a-b420-436e-92e0-be95de2f8d14
2023-01-10 01:12:02,799 [Command processor thread] INFO  impl.RoleInfo (RoleInfo.java:shutdownLeaderState(93)) - de1dc05a-b420-436e-92e0-be95de2f8d14: shutdown de1dc05a-b420-436e-92e0-be95de2f8d14@group-3A6F7E119F6F-LeaderStateImpl
2023-01-10 01:12:02,799 [de1dc05a-b420-436e-92e0-be95de2f8d14@group-3A6F7E119F6F->819a9d5b-d004-47f6-9883-bc546cfa0094-GrpcLogAppender-LogAppenderDaemon] WARN  server.GrpcLogAppender (GrpcLogAppender.java:mayWait(200)) - de1dc05a-b420-436e-92e0-be95de2f8d14@group-3A6F7E119F6F->819a9d5b-d004-47f6-9883-bc546cfa0094-GrpcLogAppender: Wait interrupted by java.lang.InterruptedException
2023-01-10 01:12:02,799 [de1dc05a-b420-436e-92e0-be95de2f8d14@group-3A6F7E119F6F->43274a1e-e531-4976-aba4-4015449e37b0-GrpcLogAppender-LogAppenderDaemon] WARN  server.GrpcLogAppender (GrpcLogAppender.java:mayWait(200)) - de1dc05a-b420-436e-92e0-be95de2f8d14@group-3A6F7E119F6F->43274a1e-e531-4976-aba4-4015449e37b0-GrpcLogAppender: Wait interrupted by java.lang.InterruptedException
2023-01-10 01:12:02,800 [grpc-default-executor-0] INFO  server.GrpcServerProtocolService (GrpcServerProtocolService.java:onCompleted(143)) - 43274a1e-e531-4976-aba4-4015449e37b0: Completed APPEND_ENTRIES, lastRequest: null
2023-01-10 01:12:02,801 [grpc-default-executor-3] INFO  server.GrpcServerProtocolService (GrpcServerProtocolService.java:onCompleted(143)) - 819a9d5b-d004-47f6-9883-bc546cfa0094: Completed APPEND_ENTRIES, lastRequest: null
2023-01-10 01:12:02,802 [grpc-default-executor-2] INFO  server.GrpcServerProtocolService (GrpcServerProtocolService.java:onCompleted(143)) - 43274a1e-e531-4976-aba4-4015449e37b0: Completed APPEND_ENTRIES, lastRequest: de1dc05a-b420-436e-92e0-be95de2f8d14->43274a1e-e531-4976-aba4-4015449e37b0#1-t1,previous=(t:0, i:0),leaderCommit=0,initializing? true,entries: size=1, first=(t:1, i:0), CONFIGURATIONENTRY(current:id: "de1dc05a-b420-436e-92e0-be95de2f8d14"
address: "10.1.0.24:34547"
priority: 1
dataStreamAddress: "10.1.0.24:39059"
clientAddress: "10.1.0.24:34547"
adminAddress: "10.1.0.24:34547"
startupRole: FOLLOWER
,id: "819a9d5b-d004-47f6-9883-bc546cfa0094"
address: "10.1.0.24:40265"
dataStreamAddress: "10.1.0.24:43921"
clientAddress: "10.1.0.24:40265"
adminAddress: "10.1.0.24:40265"
startupRole: FOLLOWER
,id: "43274a1e-e531-4976-aba4-4015449e37b0"
address: "10.1.0.24:46313"
dataStreamAddress: "10.1.0.24:36845"
clientAddress: "10.1.0.24:46313"
adminAddress: "10.1.0.24:46313"
startupRole: FOLLOWER
, old:)
2023-01-10 01:12:02,801 [Command processor thread] INFO  impl.PendingRequests (PendingRequests.java:sendNotLeaderResponses(282)) - de1dc05a-b420-436e-92e0-be95de2f8d14@group-3A6F7E119F6F-PendingRequests: sendNotLeaderResponses
2023-01-10 01:12:02,803 [grpc-default-executor-1] INFO  server.GrpcLogAppender (GrpcLogAppender.java:onCompleted(415)) - de1dc05a-b420-436e-92e0-be95de2f8d14@group-3A6F7E119F6F->43274a1e-e531-4976-aba4-4015449e37b0-AppendLogResponseHandler: follower responses appendEntries COMPLETED
2023-01-10 01:12:02,803 [grpc-default-executor-1] INFO  leader.FollowerInfo (FollowerInfoImpl.java:lambda$new$0(48)) - de1dc05a-b420-436e-92e0-be95de2f8d14@group-3A6F7E119F6F->43274a1e-e531-4976-aba4-4015449e37b0: nextIndex: updateUnconditionally 1 -> 0
2023-01-10 01:12:02,804 [Command processor thread] INFO  impl.StateMachineUpdater (StateMachineUpdater.java:stopAndJoin(153)) - de1dc05a-b420-436e-92e0-be95de2f8d14@group-3A6F7E119F6F-StateMachineUpdater: set stopIndex = 0
2023-01-10 01:12:02,804 [de1dc05a-b420-436e-92e0-be95de2f8d14@group-3A6F7E119F6F-StateMachineUpdater] INFO  ratis.ContainerStateMachine (ContainerStateMachine.java:takeSnapshot(308)) - group-3A6F7E119F6F: Taking a snapshot at:(t:1, i:0) file /home/runner/work/ozone/ozone/hadoop-ozone/integration-test/target/test-dir/MiniOzoneClusterImpl-11329d86-319f-4265-8dbd-04dd0b699e79/datanode-3/data/ratis/4612c823-6da0-4140-9b7e-3a6f7e119f6f/sm/snapshot.1_0
2023-01-10 01:12:02,805 [grpc-default-executor-1] INFO  server.GrpcLogAppender (GrpcLogAppender.java:onCompleted(415)) - de1dc05a-b420-436e-92e0-be95de2f8d14@group-3A6F7E119F6F->819a9d5b-d004-47f6-9883-bc546cfa0094-AppendLogResponseHandler: follower responses appendEntries COMPLETED
2023-01-10 01:12:02,805 [grpc-default-executor-1] INFO  leader.FollowerInfo (FollowerInfoImpl.java:lambda$new$0(48)) - de1dc05a-b420-436e-92e0-be95de2f8d14@group-3A6F7E119F6F->819a9d5b-d004-47f6-9883-bc546cfa0094: nextIndex: updateUnconditionally 1 -> 0
2023-01-10 01:12:02,805 [de1dc05a-b420-436e-92e0-be95de2f8d14@group-3A6F7E119F6F-StateMachineUpdater] INFO  ratis.ContainerStateMachine (ContainerStateMachine.java:takeSnapshot(319)) - group-3A6F7E119F6F: Finished taking a snapshot at:(t:1, i:0) file:/home/runner/work/ozone/ozone/hadoop-ozone/integration-test/target/test-dir/MiniOzoneClusterImpl-11329d86-319f-4265-8dbd-04dd0b699e79/datanode-3/data/ratis/4612c823-6da0-4140-9b7e-3a6f7e119f6f/sm/snapshot.1_0 took: 2 ms
2023-01-10 01:12:02,805 [grpc-default-executor-4] INFO  server.GrpcServerProtocolService (GrpcServerProtocolService.java:onCompleted(143)) - 819a9d5b-d004-47f6-9883-bc546cfa0094: Completed APPEND_ENTRIES, lastRequest: de1dc05a-b420-436e-92e0-be95de2f8d14->819a9d5b-d004-47f6-9883-bc546cfa0094#1-t1,previous=(t:0, i:0),leaderCommit=0,initializing? true,entries: size=1, first=(t:1, i:0), CONFIGURATIONENTRY(current:id: "de1dc05a-b420-436e-92e0-be95de2f8d14"
address: "10.1.0.24:34547"
priority: 1
dataStreamAddress: "10.1.0.24:39059"
clientAddress: "10.1.0.24:34547"
adminAddress: "10.1.0.24:34547"
startupRole: FOLLOWER
,id: "819a9d5b-d004-47f6-9883-bc546cfa0094"
address: "10.1.0.24:40265"
dataStreamAddress: "10.1.0.24:43921"
clientAddress: "10.1.0.24:40265"
adminAddress: "10.1.0.24:40265"
startupRole: FOLLOWER
,id: "43274a1e-e531-4976-aba4-4015449e37b0"
address: "10.1.0.24:46313"
dataStreamAddress: "10.1.0.24:36845"
clientAddress: "10.1.0.24:46313"
adminAddress: "10.1.0.24:46313"
startupRole: FOLLOWER
, old:)
2023-01-10 01:12:02,806 [de1dc05a-b420-436e-92e0-be95de2f8d14@group-3A6F7E119F6F-StateMachineUpdater] INFO  impl.StateMachineUpdater (StateMachineUpdater.java:takeSnapshot(287)) - de1dc05a-b420-436e-92e0-be95de2f8d14@group-3A6F7E119F6F-StateMachineUpdater: Took a snapshot at index 0
2023-01-10 01:12:02,806 [de1dc05a-b420-436e-92e0-be95de2f8d14@group-3A6F7E119F6F-StateMachineUpdater] INFO  impl.StateMachineUpdater (StateMachineUpdater.java:lambda$new$0(92)) - de1dc05a-b420-436e-92e0-be95de2f8d14@group-3A6F7E119F6F-StateMachineUpdater: snapshotIndex: updateIncreasingly -1 -> 0
2023-01-10 01:12:02,806 [grpc-default-executor-3] INFO  server.GrpcLogAppender (GrpcLogAppender.java:onCompleted(415)) - de1dc05a-b420-436e-92e0-be95de2f8d14@group-3A6F7E119F6F->43274a1e-e531-4976-aba4-4015449e37b0-AppendLogResponseHandler: follower responses appendEntries COMPLETED
2023-01-10 01:12:02,806 [grpc-default-executor-3] INFO  leader.FollowerInfo (FollowerInfoImpl.java:lambda$new$0(48)) - de1dc05a-b420-436e-92e0-be95de2f8d14@group-3A6F7E119F6F->43274a1e-e531-4976-aba4-4015449e37b0: nextIndex: updateUnconditionally 0 -> 0
2023-01-10 01:12:02,806 [Command processor thread] INFO  server.RaftServer$Division (ServerState.java:close(466)) - de1dc05a-b420-436e-92e0-be95de2f8d14@group-3A6F7E119F6F: closes. applyIndex: 0
2023-01-10 01:12:02,806 [grpc-default-executor-0] INFO  server.GrpcLogAppender (GrpcLogAppender.java:onCompleted(415)) - de1dc05a-b420-436e-92e0-be95de2f8d14@group-3A6F7E119F6F->819a9d5b-d004-47f6-9883-bc546cfa0094-AppendLogResponseHandler: follower responses appendEntries COMPLETED
2023-01-10 01:12:02,806 [de1dc05a-b420-436e-92e0-be95de2f8d14@group-3A6F7E119F6F-SegmentedRaftLogWorker] INFO  segmented.SegmentedRaftLogWorker (SegmentedRaftLogWorker.java:run(347)) - de1dc05a-b420-436e-92e0-be95de2f8d14@group-3A6F7E119F6F-SegmentedRaftLogWorker was interrupted, exiting. There are 0 tasks remaining in the queue.
2023-01-10 01:12:02,807 [grpc-default-executor-0] INFO  leader.FollowerInfo (FollowerInfoImpl.java:lambda$new$0(48)) - de1dc05a-b420-436e-92e0-be95de2f8d14@group-3A6F7E119F6F->819a9d5b-d004-47f6-9883-bc546cfa0094: nextIndex: updateUnconditionally 0 -> 0
2023-01-10 01:12:02,807 [Command processor thread] INFO  segmented.SegmentedRaftLogWorker (SegmentedRaftLogWorker.java:close(257)) - de1dc05a-b420-436e-92e0-be95de2f8d14@group-3A6F7E119F6F-SegmentedRaftLogWorker close()
2023-01-10 01:12:02,809 [Command processor thread] INFO  server.RaftServer$Division (RaftServerImpl.java:groupRemove(428)) - de1dc05a-b420-436e-92e0-be95de2f8d14@group-3A6F7E119F6F: Succeed to remove RaftStorageDirectory Storage Directory /home/runner/work/ozone/ozone/hadoop-ozone/integration-test/target/test-dir/MiniOzoneClusterImpl-11329d86-319f-4265-8dbd-04dd0b699e79/datanode-3/data/ratis/4612c823-6da0-4140-9b7e-3a6f7e119f6f
2023-01-10 01:12:02,809 [Command processor thread] INFO  commandhandler.ClosePipelineCommandHandler (ClosePipelineCommandHandler.java:handle(78)) - Close Pipeline PipelineID=4612c823-6da0-4140-9b7e-3a6f7e119f6f command on datanode de1dc05a-b420-436e-92e0-be95de2f8d14.
2023-01-10 01:12:02,874 [Command processor thread] INFO  server.RaftServer (RaftServerProxy.java:remove(107)) - 43274a1e-e531-4976-aba4-4015449e37b0: remove    LEADER 43274a1e-e531-4976-aba4-4015449e37b0@group-9F1D5650E6E9:t1, leader=43274a1e-e531-4976-aba4-4015449e37b0, voted=43274a1e-e531-4976-aba4-4015449e37b0, raftlog=Memoized:43274a1e-e531-4976-aba4-4015449e37b0@group-9F1D5650E6E9-SegmentedRaftLog:OPENED:c0, conf=0: peers:[de1dc05a-b420-436e-92e0-be95de2f8d14|rpc:10.1.0.24:34547|dataStream:10.1.0.24:39059|priority:0|startupRole:FOLLOWER, 819a9d5b-d004-47f6-9883-bc546cfa0094|rpc:10.1.0.24:40265|dataStream:10.1.0.24:43921|priority:0|startupRole:FOLLOWER, 43274a1e-e531-4976-aba4-4015449e37b0|rpc:10.1.0.24:46313|dataStream:10.1.0.24:36845|priority:1|startupRole:FOLLOWER]|listeners:[], old=null RUNNING
2023-01-10 01:12:02,874 [Command processor thread] INFO  server.RaftServer$Division (RaftServerImpl.java:lambda$close$4(458)) - 43274a1e-e531-4976-aba4-4015449e37b0@group-9F1D5650E6E9: shutdown
2023-01-10 01:12:02,874 [Command processor thread] INFO  util.JmxRegister (JmxRegister.java:unregister(73)) - Successfully un-registered JMX Bean with object name Ratis:service=RaftServer,group=group-9F1D5650E6E9,id=43274a1e-e531-4976-aba4-4015449e37b0
2023-01-10 01:12:02,874 [Command processor thread] INFO  impl.RoleInfo (RoleInfo.java:shutdownLeaderState(93)) - 43274a1e-e531-4976-aba4-4015449e37b0: shutdown 43274a1e-e531-4976-aba4-4015449e37b0@group-9F1D5650E6E9-LeaderStateImpl
2023-01-10 01:12:02,874 [43274a1e-e531-4976-aba4-4015449e37b0@group-9F1D5650E6E9->de1dc05a-b420-436e-92e0-be95de2f8d14-GrpcLogAppender-LogAppenderDaemon] WARN  server.GrpcLogAppender (GrpcLogAppender.java:mayWait(200)) - 43274a1e-e531-4976-aba4-4015449e37b0@group-9F1D5650E6E9->de1dc05a-b420-436e-92e0-be95de2f8d14-GrpcLogAppender: Wait interrupted by java.lang.InterruptedException
2023-01-10 01:12:02,874 [43274a1e-e531-4976-aba4-4015449e37b0@group-9F1D5650E6E9->819a9d5b-d004-47f6-9883-bc546cfa0094-GrpcLogAppender-LogAppenderDaemon] WARN  server.GrpcLogAppender (GrpcLogAppender.java:mayWait(200)) - 43274a1e-e531-4976-aba4-4015449e37b0@group-9F1D5650E6E9->819a9d5b-d004-47f6-9883-bc546cfa0094-GrpcLogAppender: Wait interrupted by java.lang.InterruptedException
2023-01-10 01:12:02,875 [grpc-default-executor-4] INFO  server.GrpcServerProtocolService (GrpcServerProtocolService.java:onCompleted(143)) - de1dc05a-b420-436e-92e0-be95de2f8d14: Completed APPEND_ENTRIES, lastRequest: null
2023-01-10 01:12:02,876 [grpc-default-executor-1] INFO  server.GrpcServerProtocolService (GrpcServerProtocolService.java:onCompleted(143)) - de1dc05a-b420-436e-92e0-be95de2f8d14: Completed APPEND_ENTRIES, lastRequest: 43274a1e-e531-4976-aba4-4015449e37b0->de1dc05a-b420-436e-92e0-be95de2f8d14#1-t1,previous=(t:0, i:0),leaderCommit=0,initializing? true,entries: size=1, first=(t:1, i:0), CONFIGURATIONENTRY(current:id: "de1dc05a-b420-436e-92e0-be95de2f8d14"
address: "10.1.0.24:34547"
dataStreamAddress: "10.1.0.24:39059"
clientAddress: "10.1.0.24:34547"
adminAddress: "10.1.0.24:34547"
startupRole: FOLLOWER
,id: "819a9d5b-d004-47f6-9883-bc546cfa0094"
address: "10.1.0.24:40265"
dataStreamAddress: "10.1.0.24:43921"
clientAddress: "10.1.0.24:40265"
adminAddress: "10.1.0.24:40265"
startupRole: FOLLOWER
,id: "43274a1e-e531-4976-aba4-4015449e37b0"
address: "10.1.0.24:46313"
priority: 1
dataStreamAddress: "10.1.0.24:36845"
clientAddress: "10.1.0.24:46313"
adminAddress: "10.1.0.24:46313"
startupRole: FOLLOWER
, old:)
2023-01-10 01:12:02,878 [grpc-default-executor-0] INFO  server.GrpcLogAppender (GrpcLogAppender.java:onCompleted(415)) - 43274a1e-e531-4976-aba4-4015449e37b0@group-9F1D5650E6E9->de1dc05a-b420-436e-92e0-be95de2f8d14-AppendLogResponseHandler: follower responses appendEntries COMPLETED
2023-01-10 01:12:02,878 [grpc-default-executor-0] INFO  leader.FollowerInfo (FollowerInfoImpl.java:lambda$new$0(48)) - 43274a1e-e531-4976-aba4-4015449e37b0@group-9F1D5650E6E9->de1dc05a-b420-436e-92e0-be95de2f8d14: nextIndex: updateUnconditionally 1 -> 0
2023-01-10 01:12:02,878 [grpc-default-executor-2] INFO  server.GrpcServerProtocolService (GrpcServerProtocolService.java:onCompleted(143)) - 819a9d5b-d004-47f6-9883-bc546cfa0094: Completed APPEND_ENTRIES, lastRequest: null
2023-01-10 01:12:02,874 [Command processor thread] INFO  impl.PendingRequests (PendingRequests.java:sendNotLeaderResponses(282)) - 43274a1e-e531-4976-aba4-4015449e37b0@group-9F1D5650E6E9-PendingRequests: sendNotLeaderResponses
2023-01-10 01:12:02,880 [Command processor thread] INFO  impl.StateMachineUpdater (StateMachineUpdater.java:stopAndJoin(153)) - 43274a1e-e531-4976-aba4-4015449e37b0@group-9F1D5650E6E9-StateMachineUpdater: set stopIndex = 0
2023-01-10 01:12:02,880 [43274a1e-e531-4976-aba4-4015449e37b0@group-9F1D5650E6E9-StateMachineUpdater] INFO  ratis.ContainerStateMachine (ContainerStateMachine.java:takeSnapshot(308)) - group-9F1D5650E6E9: Taking a snapshot at:(t:1, i:0) file /home/runner/work/ozone/ozone/hadoop-ozone/integration-test/target/test-dir/MiniOzoneClusterImpl-11329d86-319f-4265-8dbd-04dd0b699e79/datanode-4/data/ratis/3fc97201-0cda-4a57-9ef4-9f1d5650e6e9/sm/snapshot.1_0
2023-01-10 01:12:02,881 [43274a1e-e531-4976-aba4-4015449e37b0@group-9F1D5650E6E9-StateMachineUpdater] INFO  ratis.ContainerStateMachine (ContainerStateMachine.java:takeSnapshot(319)) - group-9F1D5650E6E9: Finished taking a snapshot at:(t:1, i:0) file:/home/runner/work/ozone/ozone/hadoop-ozone/integration-test/target/test-dir/MiniOzoneClusterImpl-11329d86-319f-4265-8dbd-04dd0b699e79/datanode-4/data/ratis/3fc97201-0cda-4a57-9ef4-9f1d5650e6e9/sm/snapshot.1_0 took: 1 ms
2023-01-10 01:12:02,882 [43274a1e-e531-4976-aba4-4015449e37b0@group-9F1D5650E6E9-StateMachineUpdater] INFO  impl.StateMachineUpdater (StateMachineUpdater.java:takeSnapshot(287)) - 43274a1e-e531-4976-aba4-4015449e37b0@group-9F1D5650E6E9-StateMachineUpdater: Took a snapshot at index 0
2023-01-10 01:12:02,882 [43274a1e-e531-4976-aba4-4015449e37b0@group-9F1D5650E6E9-StateMachineUpdater] INFO  impl.StateMachineUpdater (StateMachineUpdater.java:lambda$new$0(92)) - 43274a1e-e531-4976-aba4-4015449e37b0@group-9F1D5650E6E9-StateMachineUpdater: snapshotIndex: updateIncreasingly -1 -> 0
2023-01-10 01:12:02,882 [Command processor thread] INFO  server.RaftServer$Division (ServerState.java:close(466)) - 43274a1e-e531-4976-aba4-4015449e37b0@group-9F1D5650E6E9: closes. applyIndex: 0
2023-01-10 01:12:02,882 [grpc-default-executor-4] INFO  server.GrpcLogAppender (GrpcLogAppender.java:onCompleted(415)) - 43274a1e-e531-4976-aba4-4015449e37b0@group-9F1D5650E6E9->819a9d5b-d004-47f6-9883-bc546cfa0094-AppendLogResponseHandler: follower responses appendEntries COMPLETED
2023-01-10 01:12:02,882 [grpc-default-executor-4] INFO  leader.FollowerInfo (FollowerInfoImpl.java:lambda$new$0(48)) - 43274a1e-e531-4976-aba4-4015449e37b0@group-9F1D5650E6E9->819a9d5b-d004-47f6-9883-bc546cfa0094: nextIndex: updateUnconditionally 1 -> 0
2023-01-10 01:12:02,882 [43274a1e-e531-4976-aba4-4015449e37b0@group-9F1D5650E6E9-SegmentedRaftLogWorker] INFO  segmented.SegmentedRaftLogWorker (SegmentedRaftLogWorker.java:run(347)) - 43274a1e-e531-4976-aba4-4015449e37b0@group-9F1D5650E6E9-SegmentedRaftLogWorker was interrupted, exiting. There are 0 tasks remaining in the queue.
2023-01-10 01:12:02,883 [Command processor thread] INFO  segmented.SegmentedRaftLogWorker (SegmentedRaftLogWorker.java:close(257)) - 43274a1e-e531-4976-aba4-4015449e37b0@group-9F1D5650E6E9-SegmentedRaftLogWorker close()
2023-01-10 01:12:02,883 [grpc-default-executor-1] INFO  server.GrpcServerProtocolService (GrpcServerProtocolService.java:onCompleted(143)) - 819a9d5b-d004-47f6-9883-bc546cfa0094: Completed APPEND_ENTRIES, lastRequest: 43274a1e-e531-4976-aba4-4015449e37b0->819a9d5b-d004-47f6-9883-bc546cfa0094#1-t1,previous=(t:0, i:0),leaderCommit=0,initializing? true,entries: size=1, first=(t:1, i:0), CONFIGURATIONENTRY(current:id: "de1dc05a-b420-436e-92e0-be95de2f8d14"
address: "10.1.0.24:34547"
dataStreamAddress: "10.1.0.24:39059"
clientAddress: "10.1.0.24:34547"
adminAddress: "10.1.0.24:34547"
startupRole: FOLLOWER
,id: "819a9d5b-d004-47f6-9883-bc546cfa0094"
address: "10.1.0.24:40265"
dataStreamAddress: "10.1.0.24:43921"
clientAddress: "10.1.0.24:40265"
adminAddress: "10.1.0.24:40265"
startupRole: FOLLOWER
,id: "43274a1e-e531-4976-aba4-4015449e37b0"
address: "10.1.0.24:46313"
priority: 1
dataStreamAddress: "10.1.0.24:36845"
clientAddress: "10.1.0.24:46313"
adminAddress: "10.1.0.24:46313"
startupRole: FOLLOWER
, old:)
2023-01-10 01:12:02,886 [grpc-default-executor-2] INFO  server.GrpcLogAppender (GrpcLogAppender.java:onCompleted(415)) - 43274a1e-e531-4976-aba4-4015449e37b0@group-9F1D5650E6E9->819a9d5b-d004-47f6-9883-bc546cfa0094-AppendLogResponseHandler: follower responses appendEntries COMPLETED
2023-01-10 01:12:02,886 [grpc-default-executor-2] INFO  leader.FollowerInfo (FollowerInfoImpl.java:lambda$new$0(48)) - 43274a1e-e531-4976-aba4-4015449e37b0@group-9F1D5650E6E9->819a9d5b-d004-47f6-9883-bc546cfa0094: nextIndex: updateUnconditionally 0 -> 0
2023-01-10 01:12:02,886 [grpc-default-executor-1] INFO  server.GrpcLogAppender (GrpcLogAppender.java:onCompleted(415)) - 43274a1e-e531-4976-aba4-4015449e37b0@group-9F1D5650E6E9->de1dc05a-b420-436e-92e0-be95de2f8d14-AppendLogResponseHandler: follower responses appendEntries COMPLETED
2023-01-10 01:12:02,886 [grpc-default-executor-1] INFO  leader.FollowerInfo (FollowerInfoImpl.java:lambda$new$0(48)) - 43274a1e-e531-4976-aba4-4015449e37b0@group-9F1D5650E6E9->de1dc05a-b420-436e-92e0-be95de2f8d14: nextIndex: updateUnconditionally 0 -> 0
2023-01-10 01:12:02,887 [Command processor thread] INFO  server.RaftServer$Division (RaftServerImpl.java:groupRemove(428)) - 43274a1e-e531-4976-aba4-4015449e37b0@group-9F1D5650E6E9: Succeed to remove RaftStorageDirectory Storage Directory /home/runner/work/ozone/ozone/hadoop-ozone/integration-test/target/test-dir/MiniOzoneClusterImpl-11329d86-319f-4265-8dbd-04dd0b699e79/datanode-4/data/ratis/3fc97201-0cda-4a57-9ef4-9f1d5650e6e9
2023-01-10 01:12:02,888 [Command processor thread] INFO  commandhandler.ClosePipelineCommandHandler (ClosePipelineCommandHandler.java:handle(78)) - Close Pipeline PipelineID=3fc97201-0cda-4a57-9ef4-9f1d5650e6e9 command on datanode 43274a1e-e531-4976-aba4-4015449e37b0.
2023-01-10 01:12:02,888 [Command processor thread] INFO  server.RaftServer (RaftServerProxy.java:remove(107)) - 43274a1e-e531-4976-aba4-4015449e37b0: remove  FOLLOWER 43274a1e-e531-4976-aba4-4015449e37b0@group-3A6F7E119F6F:t1, leader=de1dc05a-b420-436e-92e0-be95de2f8d14, voted=de1dc05a-b420-436e-92e0-be95de2f8d14, raftlog=Memoized:43274a1e-e531-4976-aba4-4015449e37b0@group-3A6F7E119F6F-SegmentedRaftLog:OPENED:c0, conf=0: peers:[de1dc05a-b420-436e-92e0-be95de2f8d14|rpc:10.1.0.24:34547|dataStream:10.1.0.24:39059|priority:1|startupRole:FOLLOWER, 819a9d5b-d004-47f6-9883-bc546cfa0094|rpc:10.1.0.24:40265|dataStream:10.1.0.24:43921|priority:0|startupRole:FOLLOWER, 43274a1e-e531-4976-aba4-4015449e37b0|rpc:10.1.0.24:46313|dataStream:10.1.0.24:36845|priority:0|startupRole:FOLLOWER]|listeners:[], old=null RUNNING
2023-01-10 01:12:02,888 [Command processor thread] INFO  server.RaftServer$Division (RaftServerImpl.java:lambda$close$4(458)) - 43274a1e-e531-4976-aba4-4015449e37b0@group-3A6F7E119F6F: shutdown
2023-01-10 01:12:02,888 [Command processor thread] INFO  util.JmxRegister (JmxRegister.java:unregister(73)) - Successfully un-registered JMX Bean with object name Ratis:service=RaftServer,group=group-3A6F7E119F6F,id=43274a1e-e531-4976-aba4-4015449e37b0
2023-01-10 01:12:02,888 [Command processor thread] INFO  impl.RoleInfo (RoleInfo.java:shutdownFollowerState(110)) - 43274a1e-e531-4976-aba4-4015449e37b0: shutdown 43274a1e-e531-4976-aba4-4015449e37b0@group-3A6F7E119F6F-FollowerState
2023-01-10 01:12:02,888 [Command processor thread] INFO  impl.StateMachineUpdater (StateMachineUpdater.java:stopAndJoin(153)) - 43274a1e-e531-4976-aba4-4015449e37b0@group-3A6F7E119F6F-StateMachineUpdater: set stopIndex = 0
2023-01-10 01:12:02,888 [43274a1e-e531-4976-aba4-4015449e37b0@group-3A6F7E119F6F-FollowerState] INFO  impl.FollowerState (FollowerState.java:run(152)) - 43274a1e-e531-4976-aba4-4015449e37b0@group-3A6F7E119F6F-FollowerState was interrupted
2023-01-10 01:12:02,888 [43274a1e-e531-4976-aba4-4015449e37b0@group-3A6F7E119F6F-StateMachineUpdater] INFO  ratis.ContainerStateMachine (ContainerStateMachine.java:takeSnapshot(308)) - group-3A6F7E119F6F: Taking a snapshot at:(t:1, i:0) file /home/runner/work/ozone/ozone/hadoop-ozone/integration-test/target/test-dir/MiniOzoneClusterImpl-11329d86-319f-4265-8dbd-04dd0b699e79/datanode-4/data/ratis/4612c823-6da0-4140-9b7e-3a6f7e119f6f/sm/snapshot.1_0
2023-01-10 01:12:02,889 [43274a1e-e531-4976-aba4-4015449e37b0@group-3A6F7E119F6F-StateMachineUpdater] INFO  ratis.ContainerStateMachine (ContainerStateMachine.java:takeSnapshot(319)) - group-3A6F7E119F6F: Finished taking a snapshot at:(t:1, i:0) file:/home/runner/work/ozone/ozone/hadoop-ozone/integration-test/target/test-dir/MiniOzoneClusterImpl-11329d86-319f-4265-8dbd-04dd0b699e79/datanode-4/data/ratis/4612c823-6da0-4140-9b7e-3a6f7e119f6f/sm/snapshot.1_0 took: 1 ms
2023-01-10 01:12:02,889 [43274a1e-e531-4976-aba4-4015449e37b0@group-3A6F7E119F6F-StateMachineUpdater] INFO  impl.StateMachineUpdater (StateMachineUpdater.java:takeSnapshot(287)) - 43274a1e-e531-4976-aba4-4015449e37b0@group-3A6F7E119F6F-StateMachineUpdater: Took a snapshot at index 0
2023-01-10 01:12:02,889 [43274a1e-e531-4976-aba4-4015449e37b0@group-3A6F7E119F6F-StateMachineUpdater] INFO  impl.StateMachineUpdater (StateMachineUpdater.java:lambda$new$0(92)) - 43274a1e-e531-4976-aba4-4015449e37b0@group-3A6F7E119F6F-StateMachineUpdater: snapshotIndex: updateIncreasingly -1 -> 0
2023-01-10 01:12:02,890 [Command processor thread] INFO  server.RaftServer$Division (ServerState.java:close(466)) - 43274a1e-e531-4976-aba4-4015449e37b0@group-3A6F7E119F6F: closes. applyIndex: 0
2023-01-10 01:12:02,890 [43274a1e-e531-4976-aba4-4015449e37b0@group-3A6F7E119F6F-SegmentedRaftLogWorker] INFO  segmented.SegmentedRaftLogWorker (SegmentedRaftLogWorker.java:run(347)) - 43274a1e-e531-4976-aba4-4015449e37b0@group-3A6F7E119F6F-SegmentedRaftLogWorker was interrupted, exiting. There are 0 tasks remaining in the queue.
2023-01-10 01:12:02,891 [Command processor thread] INFO  segmented.SegmentedRaftLogWorker (SegmentedRaftLogWorker.java:close(257)) - 43274a1e-e531-4976-aba4-4015449e37b0@group-3A6F7E119F6F-SegmentedRaftLogWorker close()
2023-01-10 01:12:02,892 [Command processor thread] INFO  server.RaftServer$Division (RaftServerImpl.java:groupRemove(428)) - 43274a1e-e531-4976-aba4-4015449e37b0@group-3A6F7E119F6F: Succeed to remove RaftStorageDirectory Storage Directory /home/runner/work/ozone/ozone/hadoop-ozone/integration-test/target/test-dir/MiniOzoneClusterImpl-11329d86-319f-4265-8dbd-04dd0b699e79/datanode-4/data/ratis/4612c823-6da0-4140-9b7e-3a6f7e119f6f
2023-01-10 01:12:02,892 [Command processor thread] INFO  commandhandler.ClosePipelineCommandHandler (ClosePipelineCommandHandler.java:handle(78)) - Close Pipeline PipelineID=4612c823-6da0-4140-9b7e-3a6f7e119f6f command on datanode 43274a1e-e531-4976-aba4-4015449e37b0.
2023-01-10 01:12:03,857 [482fd31e-156c-418e-9aed-e6d52525a62a@group-225BCC242D8D-FollowerState] INFO  impl.FollowerState (FollowerState.java:run(143)) - 482fd31e-156c-418e-9aed-e6d52525a62a@group-225BCC242D8D-FollowerState: change to CANDIDATE, lastRpcElapsedTime:5098199332ns, electionTimeout:5095ms
2023-01-10 01:12:03,857 [482fd31e-156c-418e-9aed-e6d52525a62a@group-225BCC242D8D-FollowerState] INFO  impl.RoleInfo (RoleInfo.java:shutdownFollowerState(110)) - 482fd31e-156c-418e-9aed-e6d52525a62a: shutdown 482fd31e-156c-418e-9aed-e6d52525a62a@group-225BCC242D8D-FollowerState
2023-01-10 01:12:03,857 [482fd31e-156c-418e-9aed-e6d52525a62a@group-225BCC242D8D-FollowerState] INFO  server.RaftServer$Division (RaftServerImpl.java:setRole(321)) - 482fd31e-156c-418e-9aed-e6d52525a62a@group-225BCC242D8D: changes role from  FOLLOWER to CANDIDATE at term 1 for changeToCandidate
2023-01-10 01:12:03,857 [482fd31e-156c-418e-9aed-e6d52525a62a@group-225BCC242D8D-FollowerState] INFO  server.RaftServerConfigKeys (ConfUtils.java:logGet(46)) - raft.server.leaderelection.pre-vote = false (custom)
2023-01-10 01:12:03,857 [482fd31e-156c-418e-9aed-e6d52525a62a@group-225BCC242D8D-FollowerState] INFO  impl.RoleInfo (RoleInfo.java:updateAndGet(139)) - 482fd31e-156c-418e-9aed-e6d52525a62a: start 482fd31e-156c-418e-9aed-e6d52525a62a@group-225BCC242D8D-LeaderElection14
2023-01-10 01:12:03,860 [482fd31e-156c-418e-9aed-e6d52525a62a@group-225BCC242D8D-LeaderElection14] INFO  impl.LeaderElection (LeaderElection.java:askForVotes(312)) - 482fd31e-156c-418e-9aed-e6d52525a62a@group-225BCC242D8D-LeaderElection14 ELECTION round 0: submit vote requests at term 2 for -1: peers:[9684d5c9-574d-4083-afb3-2b5a0b78eb45|rpc:10.1.0.24:45207|dataStream:10.1.0.24:35443|priority:0|startupRole:FOLLOWER, cf55343f-a051-44b0-a85c-65c9cdfe5b3e|rpc:10.1.0.24:44193|dataStream:10.1.0.24:34389|priority:0|startupRole:FOLLOWER, 482fd31e-156c-418e-9aed-e6d52525a62a|rpc:10.1.0.24:38229|dataStream:10.1.0.24:43885|priority:1|startupRole:FOLLOWER]|listeners:[], old=null
2023-01-10 01:12:03,861 [482fd31e-156c-418e-9aed-e6d52525a62a@group-225BCC242D8D-LeaderElection14] INFO  server.RaftServerConfigKeys (ConfUtils.java:logFallback(53)) - raft.server.rpc.first-election.timeout.min = 5s (fallback to raft.server.rpc.timeout.min)
2023-01-10 01:12:03,861 [482fd31e-156c-418e-9aed-e6d52525a62a@group-225BCC242D8D-LeaderElection14-1] INFO  server.GrpcServerProtocolClient (GrpcServerProtocolClient.java:<init>(63)) - Build channel for 9684d5c9-574d-4083-afb3-2b5a0b78eb45
2023-01-10 01:12:03,861 [482fd31e-156c-418e-9aed-e6d52525a62a@group-225BCC242D8D-LeaderElection14] INFO  server.RaftServerConfigKeys (ConfUtils.java:logFallback(53)) - raft.server.rpc.first-election.timeout.max = 5200ms (fallback to raft.server.rpc.timeout.max)
2023-01-10 01:12:03,861 [482fd31e-156c-418e-9aed-e6d52525a62a@group-225BCC242D8D-LeaderElection14-2] INFO  server.GrpcServerProtocolClient (GrpcServerProtocolClient.java:<init>(63)) - Build channel for cf55343f-a051-44b0-a85c-65c9cdfe5b3e
2023-01-10 01:12:03,869 [grpc-default-executor-0] INFO  server.RaftServer$Division (RaftServerImpl.java:requestVote(1218)) - cf55343f-a051-44b0-a85c-65c9cdfe5b3e@group-225BCC242D8D: receive requestVote(ELECTION, 482fd31e-156c-418e-9aed-e6d52525a62a, group-225BCC242D8D, 2, (t:0, i:0))
2023-01-10 01:12:03,869 [grpc-default-executor-0] INFO  impl.VoteContext (VoteContext.java:log(49)) - cf55343f-a051-44b0-a85c-65c9cdfe5b3e@group-225BCC242D8D-FOLLOWER: accept ELECTION from 482fd31e-156c-418e-9aed-e6d52525a62a: our priority 0 <= candidate's priority 1
2023-01-10 01:12:03,869 [grpc-default-executor-0] INFO  server.RaftServer$Division (RaftServerImpl.java:setRole(321)) - cf55343f-a051-44b0-a85c-65c9cdfe5b3e@group-225BCC242D8D: changes role from  FOLLOWER to FOLLOWER at term 2 for candidate:482fd31e-156c-418e-9aed-e6d52525a62a
2023-01-10 01:12:03,869 [grpc-default-executor-0] INFO  impl.RoleInfo (RoleInfo.java:shutdownFollowerState(110)) - cf55343f-a051-44b0-a85c-65c9cdfe5b3e: shutdown cf55343f-a051-44b0-a85c-65c9cdfe5b3e@group-225BCC242D8D-FollowerState
2023-01-10 01:12:03,869 [grpc-default-executor-0] INFO  impl.RoleInfo (RoleInfo.java:updateAndGet(139)) - cf55343f-a051-44b0-a85c-65c9cdfe5b3e: start cf55343f-a051-44b0-a85c-65c9cdfe5b3e@group-225BCC242D8D-FollowerState
2023-01-10 01:12:03,869 [cf55343f-a051-44b0-a85c-65c9cdfe5b3e@group-225BCC242D8D-FollowerState] INFO  impl.FollowerState (FollowerState.java:run(152)) - cf55343f-a051-44b0-a85c-65c9cdfe5b3e@group-225BCC242D8D-FollowerState was interrupted
2023-01-10 01:12:03,873 [grpc-default-executor-0] INFO  server.RaftServer$Division (RaftServerImpl.java:requestVote(1251)) - cf55343f-a051-44b0-a85c-65c9cdfe5b3e@group-225BCC242D8D replies to ELECTION vote request: 482fd31e-156c-418e-9aed-e6d52525a62a<-cf55343f-a051-44b0-a85c-65c9cdfe5b3e#0:OK-t2. Peer's state: cf55343f-a051-44b0-a85c-65c9cdfe5b3e@group-225BCC242D8D:t2, leader=null, voted=482fd31e-156c-418e-9aed-e6d52525a62a, raftlog=Memoized:cf55343f-a051-44b0-a85c-65c9cdfe5b3e@group-225BCC242D8D-SegmentedRaftLog:OPENED:c-1, conf=-1: peers:[9684d5c9-574d-4083-afb3-2b5a0b78eb45|rpc:10.1.0.24:45207|dataStream:10.1.0.24:35443|priority:0|startupRole:FOLLOWER, cf55343f-a051-44b0-a85c-65c9cdfe5b3e|rpc:10.1.0.24:44193|dataStream:10.1.0.24:34389|priority:0|startupRole:FOLLOWER, 482fd31e-156c-418e-9aed-e6d52525a62a|rpc:10.1.0.24:38229|dataStream:10.1.0.24:43885|priority:1|startupRole:FOLLOWER]|listeners:[], old=null
2023-01-10 01:12:03,878 [482fd31e-156c-418e-9aed-e6d52525a62a@group-225BCC242D8D-LeaderElection14] INFO  impl.LeaderElection (LeaderElection.java:logAndReturn(90)) - 482fd31e-156c-418e-9aed-e6d52525a62a@group-225BCC242D8D-LeaderElection14: ELECTION PASSED received 1 response(s) and 0 exception(s):
2023-01-10 01:12:03,878 [482fd31e-156c-418e-9aed-e6d52525a62a@group-225BCC242D8D-LeaderElection14] INFO  impl.LeaderElection (LeaderElection.java:logAndReturn(94)) -   Response 0: 482fd31e-156c-418e-9aed-e6d52525a62a<-cf55343f-a051-44b0-a85c-65c9cdfe5b3e#0:OK-t2
2023-01-10 01:12:03,878 [482fd31e-156c-418e-9aed-e6d52525a62a@group-225BCC242D8D-LeaderElection14] INFO  impl.LeaderElection (LeaderElection.java:askForVotes(314)) - 482fd31e-156c-418e-9aed-e6d52525a62a@group-225BCC242D8D-LeaderElection14 ELECTION round 0: result PASSED
2023-01-10 01:12:03,878 [482fd31e-156c-418e-9aed-e6d52525a62a@group-225BCC242D8D-LeaderElection14] INFO  impl.RoleInfo (RoleInfo.java:shutdownLeaderElection(130)) - 482fd31e-156c-418e-9aed-e6d52525a62a: shutdown 482fd31e-156c-418e-9aed-e6d52525a62a@group-225BCC242D8D-LeaderElection14
2023-01-10 01:12:03,878 [482fd31e-156c-418e-9aed-e6d52525a62a@group-225BCC242D8D-LeaderElection14] INFO  server.RaftServer$Division (RaftServerImpl.java:setRole(321)) - 482fd31e-156c-418e-9aed-e6d52525a62a@group-225BCC242D8D: changes role from CANDIDATE to LEADER at term 2 for changeToLeader
2023-01-10 01:12:03,878 [482fd31e-156c-418e-9aed-e6d52525a62a@group-225BCC242D8D-LeaderElection14] INFO  ratis.XceiverServerRatis (XceiverServerRatis.java:handleLeaderChangedNotification(904)) - Leader change notification received for group: group-225BCC242D8D with new leaderId: 482fd31e-156c-418e-9aed-e6d52525a62a
2023-01-10 01:12:03,878 [grpc-default-executor-1] INFO  server.RaftServer$Division (RaftServerImpl.java:requestVote(1218)) - 9684d5c9-574d-4083-afb3-2b5a0b78eb45@group-225BCC242D8D: receive requestVote(ELECTION, 482fd31e-156c-418e-9aed-e6d52525a62a, group-225BCC242D8D, 2, (t:0, i:0))
2023-01-10 01:12:03,878 [482fd31e-156c-418e-9aed-e6d52525a62a@group-225BCC242D8D-LeaderElection14] INFO  server.RaftServer$Division (ServerState.java:setLeader(313)) - 482fd31e-156c-418e-9aed-e6d52525a62a@group-225BCC242D8D: change Leader from null to 482fd31e-156c-418e-9aed-e6d52525a62a at term 2 for becomeLeader, leader elected after 9947ms
2023-01-10 01:12:03,879 [grpc-default-executor-1] INFO  impl.VoteContext (VoteContext.java:log(49)) - 9684d5c9-574d-4083-afb3-2b5a0b78eb45@group-225BCC242D8D-FOLLOWER: accept ELECTION from 482fd31e-156c-418e-9aed-e6d52525a62a: our priority 0 <= candidate's priority 1
2023-01-10 01:12:03,879 [482fd31e-156c-418e-9aed-e6d52525a62a@group-225BCC242D8D-LeaderElection14] INFO  server.RaftServerConfigKeys (ConfUtils.java:logGet(46)) - raft.server.staging.catchup.gap = 1000 (default)
2023-01-10 01:12:03,879 [grpc-default-executor-1] INFO  server.RaftServer$Division (RaftServerImpl.java:setRole(321)) - 9684d5c9-574d-4083-afb3-2b5a0b78eb45@group-225BCC242D8D: changes role from  FOLLOWER to FOLLOWER at term 2 for candidate:482fd31e-156c-418e-9aed-e6d52525a62a
2023-01-10 01:12:03,879 [grpc-default-executor-1] INFO  impl.RoleInfo (RoleInfo.java:shutdownFollowerState(110)) - 9684d5c9-574d-4083-afb3-2b5a0b78eb45: shutdown 9684d5c9-574d-4083-afb3-2b5a0b78eb45@group-225BCC242D8D-FollowerState
2023-01-10 01:12:03,879 [482fd31e-156c-418e-9aed-e6d52525a62a@group-225BCC242D8D-LeaderElection14] INFO  server.RaftServerConfigKeys (ConfUtils.java:logGet(46)) - raft.server.write.element-limit = 1024 (custom)
2023-01-10 01:12:03,879 [482fd31e-156c-418e-9aed-e6d52525a62a@group-225BCC242D8D-LeaderElection14] INFO  server.RaftServerConfigKeys (ConfUtils.java:logGet(46)) - raft.server.write.byte-limit = 1024 M (=1073741824) (custom)
2023-01-10 01:12:03,879 [482fd31e-156c-418e-9aed-e6d52525a62a@group-225BCC242D8D-LeaderElection14] INFO  server.RaftServerConfigKeys (ConfUtils.java:logGet(46)) - raft.server.watch.timeout = 180s (custom)
2023-01-10 01:12:03,879 [482fd31e-156c-418e-9aed-e6d52525a62a@group-225BCC242D8D-LeaderElection14] INFO  server.RaftServerConfigKeys (ConfUtils.java:logGet(46)) - raft.server.watch.timeout.denomination = 1s (default)
2023-01-10 01:12:03,879 [482fd31e-156c-418e-9aed-e6d52525a62a@group-225BCC242D8D-LeaderElection14] INFO  server.RaftServerConfigKeys (ConfUtils.java:logGet(46)) - raft.server.watch.element-limit = 65536 (default)
2023-01-10 01:12:03,879 [9684d5c9-574d-4083-afb3-2b5a0b78eb45@group-225BCC242D8D-FollowerState] INFO  impl.FollowerState (FollowerState.java:run(152)) - 9684d5c9-574d-4083-afb3-2b5a0b78eb45@group-225BCC242D8D-FollowerState was interrupted
2023-01-10 01:12:03,879 [482fd31e-156c-418e-9aed-e6d52525a62a@group-225BCC242D8D-LeaderElection14] INFO  server.RaftServerConfigKeys (ConfUtils.java:logGet(46)) - raft.server.write.element-limit = 1024 (custom)
2023-01-10 01:12:03,880 [482fd31e-156c-418e-9aed-e6d52525a62a@group-225BCC242D8D-LeaderElection14] INFO  server.RaftServerConfigKeys (ConfUtils.java:logGet(46)) - raft.server.write.follower.gap.ratio.max = -1.0 (default)
2023-01-10 01:12:03,879 [grpc-default-executor-1] INFO  impl.RoleInfo (RoleInfo.java:updateAndGet(139)) - 9684d5c9-574d-4083-afb3-2b5a0b78eb45: start 9684d5c9-574d-4083-afb3-2b5a0b78eb45@group-225BCC242D8D-FollowerState
2023-01-10 01:12:03,880 [482fd31e-156c-418e-9aed-e6d52525a62a@group-225BCC242D8D-LeaderElection14] INFO  server.RaftServerConfigKeys (ConfUtils.java:logGet(46)) - raft.server.log.appender.snapshot.chunk.size.max = 16MB (=16777216) (default)
2023-01-10 01:12:03,880 [482fd31e-156c-418e-9aed-e6d52525a62a@group-225BCC242D8D-LeaderElection14] INFO  server.RaftServerConfigKeys (ConfUtils.java:logGet(46)) - raft.server.log.appender.buffer.byte-limit = 33554432 (custom)
2023-01-10 01:12:03,880 [482fd31e-156c-418e-9aed-e6d52525a62a@group-225BCC242D8D-LeaderElection14] INFO  server.RaftServerConfigKeys (ConfUtils.java:logGet(46)) - raft.server.log.appender.buffer.element-limit = 1 (custom)
2023-01-10 01:12:03,882 [EventQueue-PipelineReportForPipelineReportHandler] INFO  pipeline.PipelineManagerImpl (PipelineManagerImpl.java:openPipeline(367)) - Pipeline Pipeline[ Id: 016b9ad0-65d5-47a5-98ce-225bcc242d8d, Nodes: 9684d5c9-574d-4083-afb3-2b5a0b78eb45{ip: 10.1.0.24, host: fv-az353-623.tkyx2seitsuu3nmpmouz2httfb.bx.internal.cloudapp.net, ports: [REPLICATION=35641, RATIS=45207, RATIS_ADMIN=45207, RATIS_SERVER=45207, RATIS_DATASTREAM=35443, STANDALONE=45643], networkLocation: /default-rack, certSerialId: null, persistedOpState: IN_SERVICE, persistedOpStateExpiryEpochSec: 0}482fd31e-156c-418e-9aed-e6d52525a62a{ip: 10.1.0.24, host: fv-az353-623.tkyx2seitsuu3nmpmouz2httfb.bx.internal.cloudapp.net, ports: [REPLICATION=45567, RATIS=38229, RATIS_ADMIN=38229, RATIS_SERVER=38229, RATIS_DATASTREAM=43885, STANDALONE=36003], networkLocation: /default-rack, certSerialId: null, persistedOpState: IN_SERVICE, persistedOpStateExpiryEpochSec: 0}cf55343f-a051-44b0-a85c-65c9cdfe5b3e{ip: 10.1.0.24, host: fv-az353-623.tkyx2seitsuu3nmpmouz2httfb.bx.internal.cloudapp.net, ports: [REPLICATION=36705, RATIS=44193, RATIS_ADMIN=44193, RATIS_SERVER=44193, RATIS_DATASTREAM=34389, STANDALONE=45987], networkLocation: /default-rack, certSerialId: null, persistedOpState: IN_SERVICE, persistedOpStateExpiryEpochSec: 0}, ReplicationConfig: RATIS/THREE, State:ALLOCATED, leaderId:482fd31e-156c-418e-9aed-e6d52525a62a, CreationTimestamp2023-01-10T01:11:51.277Z[Etc/UTC]] moved to OPEN state
2023-01-10 01:12:03,886 [cf55343f-a051-44b0-a85c-65c9cdfe5b3e@group-225BCC242D8D-FollowerState] INFO  server.RaftServerConfigKeys (ConfUtils.java:logFallback(53)) - raft.server.rpc.first-election.timeout.min = 5s (fallback to raft.server.rpc.timeout.min)
2023-01-10 01:12:03,886 [cf55343f-a051-44b0-a85c-65c9cdfe5b3e@group-225BCC242D8D-FollowerState] INFO  server.RaftServerConfigKeys (ConfUtils.java:logFallback(53)) - raft.server.rpc.first-election.timeout.max = 5200ms (fallback to raft.server.rpc.timeout.max)
2023-01-10 01:12:03,887 [482fd31e-156c-418e-9aed-e6d52525a62a@group-225BCC242D8D-LeaderElection14] INFO  grpc.GrpcConfigKeys (ConfUtils.java:logGet(46)) - raft.grpc.server.leader.outstanding.appends.max = 128 (default)
2023-01-10 01:12:03,887 [482fd31e-156c-418e-9aed-e6d52525a62a@group-225BCC242D8D-LeaderElection14] INFO  server.RaftServerConfigKeys (ConfUtils.java:logGet(46)) - raft.server.rpc.request.timeout = 60s (custom)
2023-01-10 01:12:03,887 [482fd31e-156c-418e-9aed-e6d52525a62a@group-225BCC242D8D-LeaderElection14] INFO  server.RaftServerConfigKeys (ConfUtils.java:logGet(46)) - raft.server.log.appender.install.snapshot.enabled = false (custom)
2023-01-10 01:12:03,887 [482fd31e-156c-418e-9aed-e6d52525a62a@group-225BCC242D8D-LeaderElection14] INFO  grpc.GrpcConfigKeys (ConfUtils.java:logGet(46)) - raft.grpc.server.heartbeat.channel = true (default)
2023-01-10 01:12:03,887 [482fd31e-156c-418e-9aed-e6d52525a62a@group-225BCC242D8D-LeaderElection14] INFO  server.RaftServerConfigKeys (ConfUtils.java:logGet(46)) - raft.server.log.appender.wait-time.min = 10ms (default)
2023-01-10 01:12:03,888 [482fd31e-156c-418e-9aed-e6d52525a62a@group-225BCC242D8D-LeaderElection14] INFO  server.RaftServerConfigKeys (ConfUtils.java:logGet(46)) - raft.server.log.appender.snapshot.chunk.size.max = 16MB (=16777216) (default)
2023-01-10 01:12:03,888 [482fd31e-156c-418e-9aed-e6d52525a62a@group-225BCC242D8D-LeaderElection14] INFO  server.RaftServerConfigKeys (ConfUtils.java:logGet(46)) - raft.server.log.appender.buffer.byte-limit = 33554432 (custom)
2023-01-10 01:12:03,888 [482fd31e-156c-418e-9aed-e6d52525a62a@group-225BCC242D8D-LeaderElection14] INFO  server.RaftServerConfigKeys (ConfUtils.java:logGet(46)) - raft.server.log.appender.buffer.element-limit = 1 (custom)
2023-01-10 01:12:03,888 [482fd31e-156c-418e-9aed-e6d52525a62a@group-225BCC242D8D-LeaderElection14] INFO  grpc.GrpcConfigKeys (ConfUtils.java:logGet(46)) - raft.grpc.server.leader.outstanding.appends.max = 128 (default)
2023-01-10 01:12:03,888 [482fd31e-156c-418e-9aed-e6d52525a62a@group-225BCC242D8D-LeaderElection14] INFO  server.RaftServerConfigKeys (ConfUtils.java:logGet(46)) - raft.server.rpc.request.timeout = 60s (custom)
2023-01-10 01:12:03,888 [482fd31e-156c-418e-9aed-e6d52525a62a@group-225BCC242D8D-LeaderElection14] INFO  server.RaftServerConfigKeys (ConfUtils.java:logGet(46)) - raft.server.log.appender.install.snapshot.enabled = false (custom)
2023-01-10 01:12:03,888 [482fd31e-156c-418e-9aed-e6d52525a62a@group-225BCC242D8D-LeaderElection14] INFO  grpc.GrpcConfigKeys (ConfUtils.java:logGet(46)) - raft.grpc.server.heartbeat.channel = true (default)
2023-01-10 01:12:03,888 [482fd31e-156c-418e-9aed-e6d52525a62a@group-225BCC242D8D-LeaderElection14] INFO  server.RaftServerConfigKeys (ConfUtils.java:logGet(46)) - raft.server.log.appender.wait-time.min = 10ms (default)
2023-01-10 01:12:03,888 [482fd31e-156c-418e-9aed-e6d52525a62a@group-225BCC242D8D-LeaderElection14] INFO  impl.RoleInfo (RoleInfo.java:updateAndGet(139)) - 482fd31e-156c-418e-9aed-e6d52525a62a: start 482fd31e-156c-418e-9aed-e6d52525a62a@group-225BCC242D8D-LeaderStateImpl
2023-01-10 01:12:03,888 [482fd31e-156c-418e-9aed-e6d52525a62a@group-225BCC242D8D-LeaderElection14] INFO  segmented.SegmentedRaftLogWorker (SegmentedRaftLogWorker.java:startLogSegment(452)) - 482fd31e-156c-418e-9aed-e6d52525a62a@group-225BCC242D8D-SegmentedRaftLogWorker: Starting segment from index:0
2023-01-10 01:12:03,890 [482fd31e-156c-418e-9aed-e6d52525a62a@group-225BCC242D8D-LeaderElection14] INFO  server.RaftServer$Division (ServerState.java:setRaftConf(430)) - 482fd31e-156c-418e-9aed-e6d52525a62a@group-225BCC242D8D: set configuration 0: peers:[9684d5c9-574d-4083-afb3-2b5a0b78eb45|rpc:10.1.0.24:45207|dataStream:10.1.0.24:35443|priority:0|startupRole:FOLLOWER, cf55343f-a051-44b0-a85c-65c9cdfe5b3e|rpc:10.1.0.24:44193|dataStream:10.1.0.24:34389|priority:0|startupRole:FOLLOWER, 482fd31e-156c-418e-9aed-e6d52525a62a|rpc:10.1.0.24:38229|dataStream:10.1.0.24:43885|priority:1|startupRole:FOLLOWER]|listeners:[], old=null
2023-01-10 01:12:03,891 [9684d5c9-574d-4083-afb3-2b5a0b78eb45@group-225BCC242D8D-FollowerState] INFO  server.RaftServerConfigKeys (ConfUtils.java:logFallback(53)) - raft.server.rpc.first-election.timeout.min = 5s (fallback to raft.server.rpc.timeout.min)
2023-01-10 01:12:03,891 [9684d5c9-574d-4083-afb3-2b5a0b78eb45@group-225BCC242D8D-FollowerState] INFO  server.RaftServerConfigKeys (ConfUtils.java:logFallback(53)) - raft.server.rpc.first-election.timeout.max = 5200ms (fallback to raft.server.rpc.timeout.max)
2023-01-10 01:12:03,894 [grpc-default-executor-1] INFO  server.RaftServer$Division (RaftServerImpl.java:requestVote(1251)) - 9684d5c9-574d-4083-afb3-2b5a0b78eb45@group-225BCC242D8D replies to ELECTION vote request: 482fd31e-156c-418e-9aed-e6d52525a62a<-9684d5c9-574d-4083-afb3-2b5a0b78eb45#0:OK-t2. Peer's state: 9684d5c9-574d-4083-afb3-2b5a0b78eb45@group-225BCC242D8D:t2, leader=null, voted=482fd31e-156c-418e-9aed-e6d52525a62a, raftlog=Memoized:9684d5c9-574d-4083-afb3-2b5a0b78eb45@group-225BCC242D8D-SegmentedRaftLog:OPENED:c-1, conf=-1: peers:[9684d5c9-574d-4083-afb3-2b5a0b78eb45|rpc:10.1.0.24:45207|dataStream:10.1.0.24:35443|priority:0|startupRole:FOLLOWER, cf55343f-a051-44b0-a85c-65c9cdfe5b3e|rpc:10.1.0.24:44193|dataStream:10.1.0.24:34389|priority:0|startupRole:FOLLOWER, 482fd31e-156c-418e-9aed-e6d52525a62a|rpc:10.1.0.24:38229|dataStream:10.1.0.24:43885|priority:1|startupRole:FOLLOWER]|listeners:[], old=null
2023-01-10 01:12:03,895 [482fd31e-156c-418e-9aed-e6d52525a62a@group-225BCC242D8D-SegmentedRaftLogWorker] INFO  segmented.SegmentedRaftLogWorker (SegmentedRaftLogWorker.java:execute(656)) - 482fd31e-156c-418e-9aed-e6d52525a62a@group-225BCC242D8D-SegmentedRaftLogWorker: created new log segment /home/runner/work/ozone/ozone/hadoop-ozone/integration-test/target/test-dir/MiniOzoneClusterImpl-11329d86-319f-4265-8dbd-04dd0b699e79/datanode-1/data/ratis/016b9ad0-65d5-47a5-98ce-225bcc242d8d/current/log_inprogress_0
2023-01-10 01:12:03,909 [9684d5c9-574d-4083-afb3-2b5a0b78eb45-server-thread1] INFO  ratis.XceiverServerRatis (XceiverServerRatis.java:handleLeaderChangedNotification(904)) - Leader change notification received for group: group-225BCC242D8D with new leaderId: 482fd31e-156c-418e-9aed-e6d52525a62a
2023-01-10 01:12:03,909 [9684d5c9-574d-4083-afb3-2b5a0b78eb45-server-thread1] INFO  server.RaftServer$Division (ServerState.java:setLeader(313)) - 9684d5c9-574d-4083-afb3-2b5a0b78eb45@group-225BCC242D8D: change Leader from null to 482fd31e-156c-418e-9aed-e6d52525a62a at term 2 for appendEntries, leader elected after 10393ms
2023-01-10 01:12:03,913 [9684d5c9-574d-4083-afb3-2b5a0b78eb45-server-thread2] INFO  server.RaftServer$Division (ServerState.java:setRaftConf(430)) - 9684d5c9-574d-4083-afb3-2b5a0b78eb45@group-225BCC242D8D: set configuration 0: peers:[9684d5c9-574d-4083-afb3-2b5a0b78eb45|rpc:10.1.0.24:45207|dataStream:10.1.0.24:35443|priority:0|startupRole:FOLLOWER, cf55343f-a051-44b0-a85c-65c9cdfe5b3e|rpc:10.1.0.24:44193|dataStream:10.1.0.24:34389|priority:0|startupRole:FOLLOWER, 482fd31e-156c-418e-9aed-e6d52525a62a|rpc:10.1.0.24:38229|dataStream:10.1.0.24:43885|priority:1|startupRole:FOLLOWER]|listeners:[], old=null
2023-01-10 01:12:03,913 [9684d5c9-574d-4083-afb3-2b5a0b78eb45-server-thread2] INFO  segmented.SegmentedRaftLogWorker (SegmentedRaftLogWorker.java:startLogSegment(452)) - 9684d5c9-574d-4083-afb3-2b5a0b78eb45@group-225BCC242D8D-SegmentedRaftLogWorker: Starting segment from index:0
2023-01-10 01:12:03,918 [9684d5c9-574d-4083-afb3-2b5a0b78eb45@group-225BCC242D8D-SegmentedRaftLogWorker] INFO  segmented.SegmentedRaftLogWorker (SegmentedRaftLogWorker.java:execute(656)) - 9684d5c9-574d-4083-afb3-2b5a0b78eb45@group-225BCC242D8D-SegmentedRaftLogWorker: created new log segment /home/runner/work/ozone/ozone/hadoop-ozone/integration-test/target/test-dir/MiniOzoneClusterImpl-11329d86-319f-4265-8dbd-04dd0b699e79/datanode-0/data/ratis/016b9ad0-65d5-47a5-98ce-225bcc242d8d/current/log_inprogress_0
2023-01-10 01:12:03,922 [cf55343f-a051-44b0-a85c-65c9cdfe5b3e-server-thread1] INFO  ratis.XceiverServerRatis (XceiverServerRatis.java:handleLeaderChangedNotification(904)) - Leader change notification received for group: group-225BCC242D8D with new leaderId: 482fd31e-156c-418e-9aed-e6d52525a62a
2023-01-10 01:12:03,922 [cf55343f-a051-44b0-a85c-65c9cdfe5b3e-server-thread1] INFO  server.RaftServer$Division (ServerState.java:setLeader(313)) - cf55343f-a051-44b0-a85c-65c9cdfe5b3e@group-225BCC242D8D: change Leader from null to 482fd31e-156c-418e-9aed-e6d52525a62a at term 2 for appendEntries, leader elected after 9676ms
2023-01-10 01:12:03,927 [cf55343f-a051-44b0-a85c-65c9cdfe5b3e-server-thread2] INFO  server.RaftServer$Division (ServerState.java:setRaftConf(430)) - cf55343f-a051-44b0-a85c-65c9cdfe5b3e@group-225BCC242D8D: set configuration 0: peers:[9684d5c9-574d-4083-afb3-2b5a0b78eb45|rpc:10.1.0.24:45207|dataStream:10.1.0.24:35443|priority:0|startupRole:FOLLOWER, cf55343f-a051-44b0-a85c-65c9cdfe5b3e|rpc:10.1.0.24:44193|dataStream:10.1.0.24:34389|priority:0|startupRole:FOLLOWER, 482fd31e-156c-418e-9aed-e6d52525a62a|rpc:10.1.0.24:38229|dataStream:10.1.0.24:43885|priority:1|startupRole:FOLLOWER]|listeners:[], old=null
2023-01-10 01:12:03,927 [cf55343f-a051-44b0-a85c-65c9cdfe5b3e-server-thread2] INFO  segmented.SegmentedRaftLogWorker (SegmentedRaftLogWorker.java:startLogSegment(452)) - cf55343f-a051-44b0-a85c-65c9cdfe5b3e@group-225BCC242D8D-SegmentedRaftLogWorker: Starting segment from index:0
2023-01-10 01:12:03,928 [cf55343f-a051-44b0-a85c-65c9cdfe5b3e@group-225BCC242D8D-SegmentedRaftLogWorker] INFO  segmented.SegmentedRaftLogWorker (SegmentedRaftLogWorker.java:execute(656)) - cf55343f-a051-44b0-a85c-65c9cdfe5b3e@group-225BCC242D8D-SegmentedRaftLogWorker: created new log segment /home/runner/work/ozone/ozone/hadoop-ozone/integration-test/target/test-dir/MiniOzoneClusterImpl-11329d86-319f-4265-8dbd-04dd0b699e79/datanode-2/data/ratis/016b9ad0-65d5-47a5-98ce-225bcc242d8d/current/log_inprogress_0
2023-01-10 01:12:11,447 [Under Replicated Processor] INFO  replication.UnhealthyReplicationProcessor (UnhealthyReplicationProcessor.java:processAll(103)) - Processed 0 containers with health state counts {},failed processing 0
2023-01-10 01:12:11,454 [Over Replicated Processor] INFO  replication.UnhealthyReplicationProcessor (UnhealthyReplicationProcessor.java:processAll(103)) - Processed 0 containers with health state counts {},failed processing 0
2023-01-10 01:12:41,447 [Under Replicated Processor] INFO  replication.UnhealthyReplicationProcessor (UnhealthyReplicationProcessor.java:processAll(103)) - Processed 0 containers with health state counts {},failed processing 0
2023-01-10 01:12:41,454 [Over Replicated Processor] INFO  replication.UnhealthyReplicationProcessor (UnhealthyReplicationProcessor.java:processAll(103)) - Processed 0 containers with health state counts {},failed processing 0
2023-01-10 01:13:00,462 [Listener at 127.0.0.1/34303] INFO  ozone.MiniOzoneClusterImpl (MiniOzoneClusterImpl.java:shutdown(450)) - Shutting down the Mini Ozone Cluster
2023-01-10 01:13:00,462 [Listener at 127.0.0.1/34303] INFO  ozone.MiniOzoneClusterImpl (MiniOzoneClusterImpl.java:stop(465)) - Stopping the Mini Ozone Cluster
2023-01-10 01:13:00,462 [Listener at 127.0.0.1/34303] INFO  ozone.MiniOzoneClusterImpl (MiniOzoneClusterImpl.java:stopOM(547)) - Stopping the OzoneManager
2023-01-10 01:13:00,462 [Listener at 127.0.0.1/34303] INFO  om.OzoneManager (OzoneManager.java:stop(2040)) - om1[localhost:0]: Stopping Ozone Manager
2023-01-10 01:13:00,463 [Listener at 127.0.0.1/34303] INFO  ipc.Server (Server.java:stop(3428)) - Stopping server on 34303
2023-01-10 01:13:00,464 [IPC Server listener on 0] INFO  ipc.Server (Server.java:run(1384)) - Stopping IPC Server listener on 0
2023-01-10 01:13:00,465 [IPC Server Responder] INFO  ipc.Server (Server.java:run(1517)) - Stopping IPC Server Responder
2023-01-10 01:13:00,466 [Listener at 127.0.0.1/34303] INFO  server.RaftServer (RaftServerProxy.java:lambda$close$6(409)) - om1: close
2023-01-10 01:13:00,467 [Listener at 127.0.0.1/34303] INFO  server.GrpcService (GrpcService.java:closeImpl(271)) - om1: shutdown server GrpcServerProtocolService now
2023-01-10 01:13:00,474 [om1-impl-thread2] INFO  server.RaftServer$Division (RaftServerImpl.java:lambda$close$4(458)) - om1@group-C5BA1605619E: shutdown
2023-01-10 01:13:00,474 [Listener at 127.0.0.1/34303] INFO  server.GrpcService (GrpcService.java:closeImpl(280)) - om1: shutdown server GrpcServerProtocolService successfully
2023-01-10 01:13:00,474 [om1-NettyServerStreamRpc-bossGroup--thread1] INFO  logging.LoggingHandler (AbstractInternalLogger.java:log(148)) - [id: 0xb5df7483, L:/0:0:0:0:0:0:0:0:41591] CLOSE
2023-01-10 01:13:00,475 [om1-NettyServerStreamRpc-bossGroup--thread1] INFO  logging.LoggingHandler (AbstractInternalLogger.java:log(148)) - [id: 0xb5df7483, L:/0:0:0:0:0:0:0:0:41591] INACTIVE
2023-01-10 01:13:00,475 [om1-NettyServerStreamRpc-bossGroup--thread1] INFO  logging.LoggingHandler (AbstractInternalLogger.java:log(148)) - [id: 0xb5df7483, L:/0:0:0:0:0:0:0:0:41591] UNREGISTERED
2023-01-10 01:13:00,475 [om1-impl-thread2] INFO  util.JmxRegister (JmxRegister.java:unregister(73)) - Successfully un-registered JMX Bean with object name Ratis:service=RaftServer,group=group-C5BA1605619E,id=om1
2023-01-10 01:13:00,475 [om1-impl-thread2] INFO  impl.RoleInfo (RoleInfo.java:shutdownLeaderState(93)) - om1: shutdown om1@group-C5BA1605619E-LeaderStateImpl
2023-01-10 01:13:00,475 [om1-impl-thread2] INFO  impl.PendingRequests (PendingRequests.java:sendNotLeaderResponses(282)) - om1@group-C5BA1605619E-PendingRequests: sendNotLeaderResponses
2023-01-10 01:13:00,498 [om1-impl-thread2] INFO  impl.StateMachineUpdater (StateMachineUpdater.java:stopAndJoin(153)) - om1@group-C5BA1605619E-StateMachineUpdater: set stopIndex = 2
2023-01-10 01:13:00,498 [om1@group-C5BA1605619E-StateMachineUpdater] INFO  ratis.OzoneManagerStateMachine (OzoneManagerStateMachine.java:takeSnapshot(445)) - Current Snapshot Index (t:1, i:2)
2023-01-10 01:13:00,499 [om1@group-C5BA1605619E-StateMachineUpdater] INFO  impl.StateMachineUpdater (StateMachineUpdater.java:takeSnapshot(287)) - om1@group-C5BA1605619E-StateMachineUpdater: Took a snapshot at index 2
2023-01-10 01:13:00,499 [om1@group-C5BA1605619E-StateMachineUpdater] INFO  impl.StateMachineUpdater (StateMachineUpdater.java:lambda$new$0(92)) - om1@group-C5BA1605619E-StateMachineUpdater: snapshotIndex: updateIncreasingly -1 -> 2
2023-01-10 01:13:00,499 [om1@group-C5BA1605619E-StateMachineUpdater] INFO  ratis.OzoneManagerStateMachine (OzoneManagerStateMachine.java:close(499)) - StateMachine has shutdown. Shutdown OzoneManager if not already shutdown.
2023-01-10 01:13:00,499 [om1@group-C5BA1605619E-StateMachineUpdater] INFO  ratis.OzoneManagerDoubleBuffer (OzoneManagerDoubleBuffer.java:stop(466)) - Stopping OMDoubleBuffer flush thread
2023-01-10 01:13:00,501 [OMDoubleBufferFlushThread] INFO  ratis.OzoneManagerDoubleBuffer (OzoneManagerDoubleBuffer.java:flushTransactions(385)) - OMDoubleBuffer flush thread OMDoubleBufferFlushThread is interrupted and will exit.
2023-01-10 01:13:00,504 [om1-impl-thread2] INFO  server.RaftServer$Division (ServerState.java:close(466)) - om1@group-C5BA1605619E: closes. applyIndex: 2
2023-01-10 01:13:00,505 [om1@group-C5BA1605619E-SegmentedRaftLogWorker] INFO  segmented.SegmentedRaftLogWorker (SegmentedRaftLogWorker.java:run(347)) - om1@group-C5BA1605619E-SegmentedRaftLogWorker was interrupted, exiting. There are 0 tasks remaining in the queue.
2023-01-10 01:13:00,506 [om1-impl-thread2] INFO  segmented.SegmentedRaftLogWorker (SegmentedRaftLogWorker.java:close(257)) - om1@group-C5BA1605619E-SegmentedRaftLogWorker close()
2023-01-10 01:13:00,509 [JvmPauseMonitor0] INFO  util.JvmPauseMonitor (JvmPauseMonitor.java:run(111)) - JvmPauseMonitor-om1: Stopped
2023-01-10 01:13:00,509 [Listener at 127.0.0.1/34303] INFO  ratis.OzoneManagerStateMachine (OzoneManagerStateMachine.java:close(499)) - StateMachine has shutdown. Shutdown OzoneManager if not already shutdown.
2023-01-10 01:13:00,509 [Listener at 127.0.0.1/34303] INFO  ratis.OzoneManagerDoubleBuffer (OzoneManagerDoubleBuffer.java:stop(478)) - OMDoubleBuffer flush thread is not running.
2023-01-10 01:13:00,509 [Listener at 127.0.0.1/34303] INFO  utils.BackgroundService (BackgroundService.java:shutdown(141)) - Shutting down service KeyDeletingService
2023-01-10 01:13:00,509 [Listener at 127.0.0.1/34303] INFO  utils.BackgroundService (BackgroundService.java:shutdown(141)) - Shutting down service DirectoryDeletingService
2023-01-10 01:13:00,510 [Listener at 127.0.0.1/34303] INFO  utils.BackgroundService (BackgroundService.java:shutdown(141)) - Shutting down service OpenKeyCleanupService
2023-01-10 01:13:00,512 [Listener at 127.0.0.1/34303] INFO  handler.ContextHandler (ContextHandler.java:doStop(1159)) - Stopped o.e.j.w.WebAppContext@32631b50{ozoneManager,/,null,STOPPED}{file:/home/runner/work/ozone/ozone/hadoop-ozone/integration-test/target/test-classes/webapps/ozoneManager}
2023-01-10 01:13:00,517 [Listener at 127.0.0.1/34303] INFO  server.AbstractConnector (AbstractConnector.java:doStop(383)) - Stopped ServerConnector@488e27f3{HTTP/1.1, (http/1.1)}{0.0.0.0:0}
2023-01-10 01:13:00,517 [Listener at 127.0.0.1/34303] INFO  server.session (HouseKeeper.java:stopScavenging(149)) - node0 Stopped scavenging
2023-01-10 01:13:00,518 [Listener at 127.0.0.1/34303] INFO  handler.ContextHandler (ContextHandler.java:doStop(1159)) - Stopped o.e.j.s.ServletContextHandler@368352c0{static,/static,file:///home/runner/work/ozone/ozone/hadoop-ozone/integration-test/target/test-classes/webapps/static,STOPPED}
2023-01-10 01:13:00,518 [Listener at 127.0.0.1/34303] INFO  handler.ContextHandler (ContextHandler.java:doStop(1159)) - Stopped o.e.j.s.ServletContextHandler@1f01f8d1{logs,/logs,file:///home/runner/work/ozone/ozone/hadoop-ozone/integration-test/target/log,STOPPED}
2023-01-10 01:13:00,526 [Listener at 127.0.0.1/34303] INFO  ozone.MiniOzoneClusterImpl (MiniOzoneClusterImpl.java:stopDatanodes(524)) - Stopping the HddsDatanodes
2023-01-10 01:13:00,537 [Listener at 127.0.0.1/34303] INFO  ozoneimpl.OzoneContainer (OzoneContainer.java:stop(417)) - Attempting to stop container services.
2023-01-10 01:13:00,544 [ForkJoinPool.commonPool-worker-0] INFO  ozoneimpl.OzoneContainer (OzoneContainer.java:stop(417)) - Attempting to stop container services.
2023-01-10 01:13:00,546 [Listener at 127.0.0.1/34303] INFO  server.RaftServer (RaftServerProxy.java:lambda$close$6(409)) - de1dc05a-b420-436e-92e0-be95de2f8d14: close
2023-01-10 01:13:00,546 [Listener at 127.0.0.1/34303] INFO  server.GrpcService (GrpcService.java:closeImpl(271)) - de1dc05a-b420-436e-92e0-be95de2f8d14: shutdown server GrpcServerProtocolService now
2023-01-10 01:13:00,547 [de1dc05a-b420-436e-92e0-be95de2f8d14-impl-thread2] INFO  server.RaftServer$Division (RaftServerImpl.java:lambda$close$4(458)) - de1dc05a-b420-436e-92e0-be95de2f8d14@group-6F7CAD6E2125: shutdown
2023-01-10 01:13:00,547 [de1dc05a-b420-436e-92e0-be95de2f8d14-impl-thread2] INFO  util.JmxRegister (JmxRegister.java:unregister(73)) - Successfully un-registered JMX Bean with object name Ratis:service=RaftServer,group=group-6F7CAD6E2125,id=de1dc05a-b420-436e-92e0-be95de2f8d14
2023-01-10 01:13:00,547 [de1dc05a-b420-436e-92e0-be95de2f8d14-impl-thread2] INFO  impl.RoleInfo (RoleInfo.java:shutdownLeaderState(93)) - de1dc05a-b420-436e-92e0-be95de2f8d14: shutdown de1dc05a-b420-436e-92e0-be95de2f8d14@group-6F7CAD6E2125-LeaderStateImpl
2023-01-10 01:13:00,547 [de1dc05a-b420-436e-92e0-be95de2f8d14-impl-thread2] INFO  impl.PendingRequests (PendingRequests.java:sendNotLeaderResponses(282)) - de1dc05a-b420-436e-92e0-be95de2f8d14@group-6F7CAD6E2125-PendingRequests: sendNotLeaderResponses
2023-01-10 01:13:00,548 [Listener at 127.0.0.1/34303] INFO  server.GrpcServerProtocolClient (GrpcServerProtocolClient.java:close(101)) - 819a9d5b-d004-47f6-9883-bc546cfa0094 Close channels
2023-01-10 01:13:00,548 [de1dc05a-b420-436e-92e0-be95de2f8d14-impl-thread2] INFO  impl.StateMachineUpdater (StateMachineUpdater.java:stopAndJoin(153)) - de1dc05a-b420-436e-92e0-be95de2f8d14@group-6F7CAD6E2125-StateMachineUpdater: set stopIndex = 0
2023-01-10 01:13:00,550 [de1dc05a-b420-436e-92e0-be95de2f8d14@group-6F7CAD6E2125-StateMachineUpdater] INFO  ratis.ContainerStateMachine (ContainerStateMachine.java:takeSnapshot(308)) - group-6F7CAD6E2125: Taking a snapshot at:(t:1, i:0) file /home/runner/work/ozone/ozone/hadoop-ozone/integration-test/target/test-dir/MiniOzoneClusterImpl-11329d86-319f-4265-8dbd-04dd0b699e79/datanode-3/data/ratis/65ebfa6e-2e0c-4813-87b0-6f7cad6e2125/sm/snapshot.1_0
2023-01-10 01:13:00,555 [Listener at 127.0.0.1/34303] INFO  server.GrpcServerProtocolClient (GrpcServerProtocolClient.java:close(101)) - 43274a1e-e531-4976-aba4-4015449e37b0 Close channels
2023-01-10 01:13:00,556 [ForkJoinPool.commonPool-worker-0] INFO  server.RaftServer (RaftServerProxy.java:lambda$close$6(409)) - 482fd31e-156c-418e-9aed-e6d52525a62a: close
2023-01-10 01:13:00,556 [de1dc05a-b420-436e-92e0-be95de2f8d14@group-6F7CAD6E2125-StateMachineUpdater] INFO  ratis.ContainerStateMachine (ContainerStateMachine.java:takeSnapshot(319)) - group-6F7CAD6E2125: Finished taking a snapshot at:(t:1, i:0) file:/home/runner/work/ozone/ozone/hadoop-ozone/integration-test/target/test-dir/MiniOzoneClusterImpl-11329d86-319f-4265-8dbd-04dd0b699e79/datanode-3/data/ratis/65ebfa6e-2e0c-4813-87b0-6f7cad6e2125/sm/snapshot.1_0 took: 6 ms
2023-01-10 01:13:00,558 [de1dc05a-b420-436e-92e0-be95de2f8d14@group-6F7CAD6E2125-StateMachineUpdater] INFO  impl.StateMachineUpdater (StateMachineUpdater.java:takeSnapshot(287)) - de1dc05a-b420-436e-92e0-be95de2f8d14@group-6F7CAD6E2125-StateMachineUpdater: Took a snapshot at index 0
2023-01-10 01:13:00,558 [de1dc05a-b420-436e-92e0-be95de2f8d14@group-6F7CAD6E2125-StateMachineUpdater] INFO  impl.StateMachineUpdater (StateMachineUpdater.java:lambda$new$0(92)) - de1dc05a-b420-436e-92e0-be95de2f8d14@group-6F7CAD6E2125-StateMachineUpdater: snapshotIndex: updateIncreasingly -1 -> 0
2023-01-10 01:13:00,559 [de1dc05a-b420-436e-92e0-be95de2f8d14-impl-thread2] INFO  server.RaftServer$Division (ServerState.java:close(466)) - de1dc05a-b420-436e-92e0-be95de2f8d14@group-6F7CAD6E2125: closes. applyIndex: 0
2023-01-10 01:13:00,559 [482fd31e-156c-418e-9aed-e6d52525a62a-impl-thread2] INFO  server.RaftServer$Division (RaftServerImpl.java:lambda$close$4(458)) - 482fd31e-156c-418e-9aed-e6d52525a62a@group-20D9327FE511: shutdown
2023-01-10 01:13:00,559 [482fd31e-156c-418e-9aed-e6d52525a62a-impl-thread2] INFO  util.JmxRegister (JmxRegister.java:unregister(73)) - Successfully un-registered JMX Bean with object name Ratis:service=RaftServer,group=group-20D9327FE511,id=482fd31e-156c-418e-9aed-e6d52525a62a
2023-01-10 01:13:00,559 [482fd31e-156c-418e-9aed-e6d52525a62a-impl-thread2] INFO  impl.RoleInfo (RoleInfo.java:shutdownLeaderState(93)) - 482fd31e-156c-418e-9aed-e6d52525a62a: shutdown 482fd31e-156c-418e-9aed-e6d52525a62a@group-20D9327FE511-LeaderStateImpl
2023-01-10 01:13:00,559 [482fd31e-156c-418e-9aed-e6d52525a62a-impl-thread2] INFO  impl.PendingRequests (PendingRequests.java:sendNotLeaderResponses(282)) - 482fd31e-156c-418e-9aed-e6d52525a62a@group-20D9327FE511-PendingRequests: sendNotLeaderResponses
2023-01-10 01:13:00,560 [482fd31e-156c-418e-9aed-e6d52525a62a-impl-thread2] INFO  impl.StateMachineUpdater (StateMachineUpdater.java:stopAndJoin(153)) - 482fd31e-156c-418e-9aed-e6d52525a62a@group-20D9327FE511-StateMachineUpdater: set stopIndex = 0
2023-01-10 01:13:00,561 [482fd31e-156c-418e-9aed-e6d52525a62a@group-20D9327FE511-StateMachineUpdater] INFO  ratis.ContainerStateMachine (ContainerStateMachine.java:takeSnapshot(308)) - group-20D9327FE511: Taking a snapshot at:(t:1, i:0) file /home/runner/work/ozone/ozone/hadoop-ozone/integration-test/target/test-dir/MiniOzoneClusterImpl-11329d86-319f-4265-8dbd-04dd0b699e79/datanode-1/data/ratis/e3b2a7d3-0fd3-4472-9285-20d9327fe511/sm/snapshot.1_0
2023-01-10 01:13:00,561 [ForkJoinPool.commonPool-worker-0] INFO  server.GrpcService (GrpcService.java:closeImpl(271)) - 482fd31e-156c-418e-9aed-e6d52525a62a: shutdown server GrpcServerProtocolService now
2023-01-10 01:13:00,561 [482fd31e-156c-418e-9aed-e6d52525a62a-impl-thread3] INFO  server.RaftServer$Division (RaftServerImpl.java:lambda$close$4(458)) - 482fd31e-156c-418e-9aed-e6d52525a62a@group-225BCC242D8D: shutdown
2023-01-10 01:13:00,561 [482fd31e-156c-418e-9aed-e6d52525a62a-impl-thread3] INFO  util.JmxRegister (JmxRegister.java:unregister(73)) - Successfully un-registered JMX Bean with object name Ratis:service=RaftServer,group=group-225BCC242D8D,id=482fd31e-156c-418e-9aed-e6d52525a62a
2023-01-10 01:13:00,561 [482fd31e-156c-418e-9aed-e6d52525a62a-impl-thread3] INFO  impl.RoleInfo (RoleInfo.java:shutdownLeaderState(93)) - 482fd31e-156c-418e-9aed-e6d52525a62a: shutdown 482fd31e-156c-418e-9aed-e6d52525a62a@group-225BCC242D8D-LeaderStateImpl
2023-01-10 01:13:00,561 [482fd31e-156c-418e-9aed-e6d52525a62a-impl-thread3] INFO  impl.PendingRequests (PendingRequests.java:sendNotLeaderResponses(282)) - 482fd31e-156c-418e-9aed-e6d52525a62a@group-225BCC242D8D-PendingRequests: sendNotLeaderResponses
2023-01-10 01:13:00,562 [482fd31e-156c-418e-9aed-e6d52525a62a@group-20D9327FE511-StateMachineUpdater] INFO  ratis.ContainerStateMachine (ContainerStateMachine.java:takeSnapshot(319)) - group-20D9327FE511: Finished taking a snapshot at:(t:1, i:0) file:/home/runner/work/ozone/ozone/hadoop-ozone/integration-test/target/test-dir/MiniOzoneClusterImpl-11329d86-319f-4265-8dbd-04dd0b699e79/datanode-1/data/ratis/e3b2a7d3-0fd3-4472-9285-20d9327fe511/sm/snapshot.1_0 took: 1 ms
2023-01-10 01:13:00,562 [482fd31e-156c-418e-9aed-e6d52525a62a@group-20D9327FE511-StateMachineUpdater] INFO  impl.StateMachineUpdater (StateMachineUpdater.java:takeSnapshot(287)) - 482fd31e-156c-418e-9aed-e6d52525a62a@group-20D9327FE511-StateMachineUpdater: Took a snapshot at index 0
2023-01-10 01:13:00,562 [482fd31e-156c-418e-9aed-e6d52525a62a@group-20D9327FE511-StateMachineUpdater] INFO  impl.StateMachineUpdater (StateMachineUpdater.java:lambda$new$0(92)) - 482fd31e-156c-418e-9aed-e6d52525a62a@group-20D9327FE511-StateMachineUpdater: snapshotIndex: updateIncreasingly -1 -> 0
2023-01-10 01:13:00,562 [482fd31e-156c-418e-9aed-e6d52525a62a@group-225BCC242D8D-StateMachineUpdater] INFO  ratis.ContainerStateMachine (ContainerStateMachine.java:takeSnapshot(308)) - group-225BCC242D8D: Taking a snapshot at:(t:2, i:0) file /home/runner/work/ozone/ozone/hadoop-ozone/integration-test/target/test-dir/MiniOzoneClusterImpl-11329d86-319f-4265-8dbd-04dd0b699e79/datanode-1/data/ratis/016b9ad0-65d5-47a5-98ce-225bcc242d8d/sm/snapshot.2_0
2023-01-10 01:13:00,562 [482fd31e-156c-418e-9aed-e6d52525a62a-impl-thread2] INFO  server.RaftServer$Division (ServerState.java:close(466)) - 482fd31e-156c-418e-9aed-e6d52525a62a@group-20D9327FE511: closes. applyIndex: 0
2023-01-10 01:13:00,562 [482fd31e-156c-418e-9aed-e6d52525a62a@group-20D9327FE511-SegmentedRaftLogWorker] INFO  segmented.SegmentedRaftLogWorker (SegmentedRaftLogWorker.java:run(347)) - 482fd31e-156c-418e-9aed-e6d52525a62a@group-20D9327FE511-SegmentedRaftLogWorker was interrupted, exiting. There are 0 tasks remaining in the queue.
2023-01-10 01:13:00,562 [482fd31e-156c-418e-9aed-e6d52525a62a-impl-thread3] INFO  impl.StateMachineUpdater (StateMachineUpdater.java:stopAndJoin(153)) - 482fd31e-156c-418e-9aed-e6d52525a62a@group-225BCC242D8D-StateMachineUpdater: set stopIndex = 0
2023-01-10 01:13:00,561 [482fd31e-156c-418e-9aed-e6d52525a62a@group-225BCC242D8D->cf55343f-a051-44b0-a85c-65c9cdfe5b3e-GrpcLogAppender-LogAppenderDaemon] WARN  server.GrpcLogAppender (GrpcLogAppender.java:mayWait(200)) - 482fd31e-156c-418e-9aed-e6d52525a62a@group-225BCC242D8D->cf55343f-a051-44b0-a85c-65c9cdfe5b3e-GrpcLogAppender: Wait interrupted by java.lang.InterruptedException
2023-01-10 01:13:00,561 [de1dc05a-b420-436e-92e0-be95de2f8d14@group-6F7CAD6E2125-SegmentedRaftLogWorker] INFO  segmented.SegmentedRaftLogWorker (SegmentedRaftLogWorker.java:run(347)) - de1dc05a-b420-436e-92e0-be95de2f8d14@group-6F7CAD6E2125-SegmentedRaftLogWorker was interrupted, exiting. There are 0 tasks remaining in the queue.
2023-01-10 01:13:00,561 [482fd31e-156c-418e-9aed-e6d52525a62a@group-225BCC242D8D->9684d5c9-574d-4083-afb3-2b5a0b78eb45-GrpcLogAppender-LogAppenderDaemon] WARN  server.GrpcLogAppender (GrpcLogAppender.java:mayWait(200)) - 482fd31e-156c-418e-9aed-e6d52525a62a@group-225BCC242D8D->9684d5c9-574d-4083-afb3-2b5a0b78eb45-GrpcLogAppender: Wait interrupted by java.lang.InterruptedException
2023-01-10 01:13:00,563 [482fd31e-156c-418e-9aed-e6d52525a62a@group-225BCC242D8D-StateMachineUpdater] INFO  ratis.ContainerStateMachine (ContainerStateMachine.java:takeSnapshot(319)) - group-225BCC242D8D: Finished taking a snapshot at:(t:2, i:0) file:/home/runner/work/ozone/ozone/hadoop-ozone/integration-test/target/test-dir/MiniOzoneClusterImpl-11329d86-319f-4265-8dbd-04dd0b699e79/datanode-1/data/ratis/016b9ad0-65d5-47a5-98ce-225bcc242d8d/sm/snapshot.2_0 took: 0 ms
2023-01-10 01:13:00,563 [482fd31e-156c-418e-9aed-e6d52525a62a-impl-thread2] INFO  segmented.SegmentedRaftLogWorker (SegmentedRaftLogWorker.java:close(257)) - 482fd31e-156c-418e-9aed-e6d52525a62a@group-20D9327FE511-SegmentedRaftLogWorker close()
2023-01-10 01:13:00,573 [ForkJoinPool.commonPool-worker-0] INFO  server.GrpcServerProtocolClient (GrpcServerProtocolClient.java:close(101)) - 9684d5c9-574d-4083-afb3-2b5a0b78eb45 Close channels
2023-01-10 01:13:00,572 [Listener at 127.0.0.1/34303] INFO  server.GrpcService (GrpcService.java:closeImpl(280)) - de1dc05a-b420-436e-92e0-be95de2f8d14: shutdown server GrpcServerProtocolService successfully
2023-01-10 01:13:00,572 [grpc-default-executor-3] INFO  server.GrpcServerProtocolService (GrpcServerProtocolService.java:onCompleted(143)) - 9684d5c9-574d-4083-afb3-2b5a0b78eb45: Completed APPEND_ENTRIES, lastRequest: 482fd31e-156c-418e-9aed-e6d52525a62a->9684d5c9-574d-4083-afb3-2b5a0b78eb45#1-t2,previous=(t:0, i:0),leaderCommit=0,initializing? true,entries: size=1, first=(t:2, i:0), CONFIGURATIONENTRY(current:id: "9684d5c9-574d-4083-afb3-2b5a0b78eb45"
address: "10.1.0.24:45207"
dataStreamAddress: "10.1.0.24:35443"
clientAddress: "10.1.0.24:45207"
adminAddress: "10.1.0.24:45207"
startupRole: FOLLOWER
,id: "cf55343f-a051-44b0-a85c-65c9cdfe5b3e"
address: "10.1.0.24:44193"
dataStreamAddress: "10.1.0.24:34389"
clientAddress: "10.1.0.24:44193"
adminAddress: "10.1.0.24:44193"
startupRole: FOLLOWER
,id: "482fd31e-156c-418e-9aed-e6d52525a62a"
address: "10.1.0.24:38229"
priority: 1
dataStreamAddress: "10.1.0.24:43885"
clientAddress: "10.1.0.24:38229"
adminAddress: "10.1.0.24:38229"
startupRole: FOLLOWER
, old:)
2023-01-10 01:13:00,571 [grpc-default-executor-4] INFO  server.GrpcServerProtocolService (GrpcServerProtocolService.java:onCompleted(143)) - cf55343f-a051-44b0-a85c-65c9cdfe5b3e: Completed APPEND_ENTRIES, lastRequest: null
2023-01-10 01:13:00,565 [482fd31e-156c-418e-9aed-e6d52525a62a@group-225BCC242D8D-StateMachineUpdater] INFO  impl.StateMachineUpdater (StateMachineUpdater.java:takeSnapshot(287)) - 482fd31e-156c-418e-9aed-e6d52525a62a@group-225BCC242D8D-StateMachineUpdater: Took a snapshot at index 0
2023-01-10 01:13:00,574 [482fd31e-156c-418e-9aed-e6d52525a62a@group-225BCC242D8D-StateMachineUpdater] INFO  impl.StateMachineUpdater (StateMachineUpdater.java:lambda$new$0(92)) - 482fd31e-156c-418e-9aed-e6d52525a62a@group-225BCC242D8D-StateMachineUpdater: snapshotIndex: updateIncreasingly -1 -> 0
2023-01-10 01:13:00,565 [grpc-default-executor-1] INFO  server.GrpcServerProtocolService (GrpcServerProtocolService.java:onCompleted(143)) - 9684d5c9-574d-4083-afb3-2b5a0b78eb45: Completed APPEND_ENTRIES, lastRequest: null
2023-01-10 01:13:00,565 [grpc-default-executor-2] INFO  server.GrpcServerProtocolService (GrpcServerProtocolService.java:onCompleted(143)) - cf55343f-a051-44b0-a85c-65c9cdfe5b3e: Completed APPEND_ENTRIES, lastRequest: 482fd31e-156c-418e-9aed-e6d52525a62a->cf55343f-a051-44b0-a85c-65c9cdfe5b3e#1-t2,previous=(t:0, i:0),leaderCommit=0,initializing? true,entries: size=1, first=(t:2, i:0), CONFIGURATIONENTRY(current:id: "9684d5c9-574d-4083-afb3-2b5a0b78eb45"
address: "10.1.0.24:45207"
dataStreamAddress: "10.1.0.24:35443"
clientAddress: "10.1.0.24:45207"
adminAddress: "10.1.0.24:45207"
startupRole: FOLLOWER
,id: "cf55343f-a051-44b0-a85c-65c9cdfe5b3e"
address: "10.1.0.24:44193"
dataStreamAddress: "10.1.0.24:34389"
clientAddress: "10.1.0.24:44193"
adminAddress: "10.1.0.24:44193"
startupRole: FOLLOWER
,id: "482fd31e-156c-418e-9aed-e6d52525a62a"
address: "10.1.0.24:38229"
priority: 1
dataStreamAddress: "10.1.0.24:43885"
clientAddress: "10.1.0.24:38229"
adminAddress: "10.1.0.24:38229"
startupRole: FOLLOWER
, old:)
2023-01-10 01:13:00,575 [grpc-default-executor-0] INFO  server.GrpcLogAppender (GrpcLogAppender.java:onCompleted(415)) - 482fd31e-156c-418e-9aed-e6d52525a62a@group-225BCC242D8D->9684d5c9-574d-4083-afb3-2b5a0b78eb45-AppendLogResponseHandler: follower responses appendEntries COMPLETED
2023-01-10 01:13:00,575 [grpc-default-executor-0] WARN  server.GrpcLogAppender (GrpcLogAppender.java:resetClient(137)) - 482fd31e-156c-418e-9aed-e6d52525a62a@group-225BCC242D8D->9684d5c9-574d-4083-afb3-2b5a0b78eb45-GrpcLogAppender: Failed to getClient for 9684d5c9-574d-4083-afb3-2b5a0b78eb45
org.apache.ratis.protocol.exceptions.AlreadyClosedException: 482fd31e-156c-418e-9aed-e6d52525a62a is already CLOSED
	at org.apache.ratis.util.PeerProxyMap$PeerAndProxy.getProxy(PeerProxyMap.java:61)
	at org.apache.ratis.util.PeerProxyMap.getProxy(PeerProxyMap.java:115)
	at org.apache.ratis.grpc.server.GrpcLogAppender.getClient(GrpcLogAppender.java:116)
	at org.apache.ratis.grpc.server.GrpcLogAppender.resetClient(GrpcLogAppender.java:121)
	at org.apache.ratis.grpc.server.GrpcLogAppender.access$500(GrpcLogAppender.java:58)
	at org.apache.ratis.grpc.server.GrpcLogAppender$AppendLogResponseHandler.onCompleted(GrpcLogAppender.java:416)
	at org.apache.ratis.thirdparty.io.grpc.stub.ClientCalls$StreamObserverToCallListenerAdapter.onClose(ClientCalls.java:485)
	at org.apache.ratis.thirdparty.io.grpc.internal.ClientCallImpl.closeObserver(ClientCallImpl.java:562)
	at org.apache.ratis.thirdparty.io.grpc.internal.ClientCallImpl.access$300(ClientCallImpl.java:70)
	at org.apache.ratis.thirdparty.io.grpc.internal.ClientCallImpl$ClientStreamListenerImpl$1StreamClosed.runInternal(ClientCallImpl.java:743)
	at org.apache.ratis.thirdparty.io.grpc.internal.ClientCallImpl$ClientStreamListenerImpl$1StreamClosed.runInContext(ClientCallImpl.java:722)
	at org.apache.ratis.thirdparty.io.grpc.internal.ContextRunnable.run(ContextRunnable.java:37)
	at org.apache.ratis.thirdparty.io.grpc.internal.SerializingExecutor.run(SerializingExecutor.java:133)
	at java.util.concurrent.ThreadPoolExecutor.runWorker(ThreadPoolExecutor.java:1149)
	at java.util.concurrent.ThreadPoolExecutor$Worker.run(ThreadPoolExecutor.java:624)
	at java.lang.Thread.run(Thread.java:750)
2023-01-10 01:13:00,578 [grpc-default-executor-0] INFO  server.GrpcLogAppender (GrpcLogAppender.java:onCompleted(415)) - 482fd31e-156c-418e-9aed-e6d52525a62a@group-225BCC242D8D->cf55343f-a051-44b0-a85c-65c9cdfe5b3e-AppendLogResponseHandler: follower responses appendEntries COMPLETED
2023-01-10 01:13:00,578 [grpc-default-executor-0] INFO  leader.FollowerInfo (FollowerInfoImpl.java:lambda$new$0(48)) - 482fd31e-156c-418e-9aed-e6d52525a62a@group-225BCC242D8D->cf55343f-a051-44b0-a85c-65c9cdfe5b3e: nextIndex: updateUnconditionally 1 -> 0
2023-01-10 01:13:00,574 [de1dc05a-b420-436e-92e0-be95de2f8d14-impl-thread2] INFO  segmented.SegmentedRaftLogWorker (SegmentedRaftLogWorker.java:close(257)) - de1dc05a-b420-436e-92e0-be95de2f8d14@group-6F7CAD6E2125-SegmentedRaftLogWorker close()
2023-01-10 01:13:00,574 [de1dc05a-b420-436e-92e0-be95de2f8d14-NettyServerStreamRpc-bossGroup--thread1] INFO  logging.LoggingHandler (AbstractInternalLogger.java:log(148)) - [id: 0x8a7597cf, L:/0:0:0:0:0:0:0:0:39059] CLOSE
2023-01-10 01:13:00,582 [de1dc05a-b420-436e-92e0-be95de2f8d14-NettyServerStreamRpc-bossGroup--thread1] INFO  logging.LoggingHandler (AbstractInternalLogger.java:log(148)) - [id: 0x8a7597cf, L:/0:0:0:0:0:0:0:0:39059] INACTIVE
2023-01-10 01:13:00,582 [de1dc05a-b420-436e-92e0-be95de2f8d14-NettyServerStreamRpc-bossGroup--thread1] INFO  logging.LoggingHandler (AbstractInternalLogger.java:log(148)) - [id: 0x8a7597cf, L:/0:0:0:0:0:0:0:0:39059] UNREGISTERED
2023-01-10 01:13:00,580 [482fd31e-156c-418e-9aed-e6d52525a62a-impl-thread3] INFO  server.RaftServer$Division (ServerState.java:close(466)) - 482fd31e-156c-418e-9aed-e6d52525a62a@group-225BCC242D8D: closes. applyIndex: 0
2023-01-10 01:13:00,580 [ForkJoinPool.commonPool-worker-0] INFO  server.GrpcServerProtocolClient (GrpcServerProtocolClient.java:close(101)) - cf55343f-a051-44b0-a85c-65c9cdfe5b3e Close channels
2023-01-10 01:13:00,579 [grpc-default-executor-0] INFO  server.GrpcLogAppender (GrpcLogAppender.java:onCompleted(415)) - 482fd31e-156c-418e-9aed-e6d52525a62a@group-225BCC242D8D->9684d5c9-574d-4083-afb3-2b5a0b78eb45-AppendLogResponseHandler: follower responses appendEntries COMPLETED
2023-01-10 01:13:00,582 [grpc-default-executor-0] WARN  server.GrpcLogAppender (GrpcLogAppender.java:resetClient(137)) - 482fd31e-156c-418e-9aed-e6d52525a62a@group-225BCC242D8D->9684d5c9-574d-4083-afb3-2b5a0b78eb45-GrpcLogAppender: Failed to getClient for 9684d5c9-574d-4083-afb3-2b5a0b78eb45
org.apache.ratis.protocol.exceptions.AlreadyClosedException: 482fd31e-156c-418e-9aed-e6d52525a62a is already CLOSED
	at org.apache.ratis.util.PeerProxyMap$PeerAndProxy.getProxy(PeerProxyMap.java:61)
	at org.apache.ratis.util.PeerProxyMap.getProxy(PeerProxyMap.java:115)
	at org.apache.ratis.grpc.server.GrpcLogAppender.getClient(GrpcLogAppender.java:116)
	at org.apache.ratis.grpc.server.GrpcLogAppender.resetClient(GrpcLogAppender.java:121)
	at org.apache.ratis.grpc.server.GrpcLogAppender.access$500(GrpcLogAppender.java:58)
	at org.apache.ratis.grpc.server.GrpcLogAppender$AppendLogResponseHandler.onCompleted(GrpcLogAppender.java:416)
	at org.apache.ratis.thirdparty.io.grpc.stub.ClientCalls$StreamObserverToCallListenerAdapter.onClose(ClientCalls.java:485)
	at org.apache.ratis.thirdparty.io.grpc.internal.DelayedClientCall$DelayedListener$3.run(DelayedClientCall.java:468)
	at org.apache.ratis.thirdparty.io.grpc.internal.DelayedClientCall$DelayedListener.delayOrExecute(DelayedClientCall.java:432)
	at org.apache.ratis.thirdparty.io.grpc.internal.DelayedClientCall$DelayedListener.onClose(DelayedClientCall.java:465)
	at org.apache.ratis.thirdparty.io.grpc.internal.ClientCallImpl.closeObserver(ClientCallImpl.java:562)
	at org.apache.ratis.thirdparty.io.grpc.internal.ClientCallImpl.access$300(ClientCallImpl.java:70)
	at org.apache.ratis.thirdparty.io.grpc.internal.ClientCallImpl$ClientStreamListenerImpl$1StreamClosed.runInternal(ClientCallImpl.java:743)
	at org.apache.ratis.thirdparty.io.grpc.internal.ClientCallImpl$ClientStreamListenerImpl$1StreamClosed.runInContext(ClientCallImpl.java:722)
	at org.apache.ratis.thirdparty.io.grpc.internal.ContextRunnable.run(ContextRunnable.java:37)
	at org.apache.ratis.thirdparty.io.grpc.internal.SerializingExecutor.run(SerializingExecutor.java:133)
	at java.util.concurrent.ThreadPoolExecutor.runWorker(ThreadPoolExecutor.java:1149)
	at java.util.concurrent.ThreadPoolExecutor$Worker.run(ThreadPoolExecutor.java:624)
	at java.lang.Thread.run(Thread.java:750)
2023-01-10 01:13:00,586 [grpc-default-executor-0] INFO  server.GrpcLogAppender (GrpcLogAppender.java:onCompleted(415)) - 482fd31e-156c-418e-9aed-e6d52525a62a@group-225BCC242D8D->cf55343f-a051-44b0-a85c-65c9cdfe5b3e-AppendLogResponseHandler: follower responses appendEntries COMPLETED
2023-01-10 01:13:00,586 [grpc-default-executor-0] WARN  server.GrpcLogAppender (GrpcLogAppender.java:resetClient(137)) - 482fd31e-156c-418e-9aed-e6d52525a62a@group-225BCC242D8D->cf55343f-a051-44b0-a85c-65c9cdfe5b3e-GrpcLogAppender: Failed to getClient for cf55343f-a051-44b0-a85c-65c9cdfe5b3e
org.apache.ratis.protocol.exceptions.AlreadyClosedException: 482fd31e-156c-418e-9aed-e6d52525a62a is already CLOSED
	at org.apache.ratis.util.PeerProxyMap$PeerAndProxy.getProxy(PeerProxyMap.java:61)
	at org.apache.ratis.util.PeerProxyMap.getProxy(PeerProxyMap.java:115)
	at org.apache.ratis.grpc.server.GrpcLogAppender.getClient(GrpcLogAppender.java:116)
	at org.apache.ratis.grpc.server.GrpcLogAppender.resetClient(GrpcLogAppender.java:121)
	at org.apache.ratis.grpc.server.GrpcLogAppender.access$500(GrpcLogAppender.java:58)
	at org.apache.ratis.grpc.server.GrpcLogAppender$AppendLogResponseHandler.onCompleted(GrpcLogAppender.java:416)
	at org.apache.ratis.thirdparty.io.grpc.stub.ClientCalls$StreamObserverToCallListenerAdapter.onClose(ClientCalls.java:485)
	at org.apache.ratis.thirdparty.io.grpc.internal.ClientCallImpl.closeObserver(ClientCallImpl.java:562)
	at org.apache.ratis.thirdparty.io.grpc.internal.ClientCallImpl.access$300(ClientCallImpl.java:70)
	at org.apache.ratis.thirdparty.io.grpc.internal.ClientCallImpl$ClientStreamListenerImpl$1StreamClosed.runInternal(ClientCallImpl.java:743)
	at org.apache.ratis.thirdparty.io.grpc.internal.ClientCallImpl$ClientStreamListenerImpl$1StreamClosed.runInContext(ClientCallImpl.java:722)
	at org.apache.ratis.thirdparty.io.grpc.internal.ContextRunnable.run(ContextRunnable.java:37)
	at org.apache.ratis.thirdparty.io.grpc.internal.SerializingExecutor.run(SerializingExecutor.java:133)
	at java.util.concurrent.ThreadPoolExecutor.runWorker(ThreadPoolExecutor.java:1149)
	at java.util.concurrent.ThreadPoolExecutor$Worker.run(ThreadPoolExecutor.java:624)
	at java.lang.Thread.run(Thread.java:750)
2023-01-10 01:13:00,587 [ForkJoinPool.commonPool-worker-0] INFO  server.GrpcService (GrpcService.java:closeImpl(280)) - 482fd31e-156c-418e-9aed-e6d52525a62a: shutdown server GrpcServerProtocolService successfully
2023-01-10 01:13:00,587 [482fd31e-156c-418e-9aed-e6d52525a62a-NettyServerStreamRpc-bossGroup--thread1] INFO  logging.LoggingHandler (AbstractInternalLogger.java:log(148)) - [id: 0x7907e603, L:/0:0:0:0:0:0:0:0:43885] CLOSE
2023-01-10 01:13:00,587 [482fd31e-156c-418e-9aed-e6d52525a62a-NettyServerStreamRpc-bossGroup--thread1] INFO  logging.LoggingHandler (AbstractInternalLogger.java:log(148)) - [id: 0x7907e603, L:/0:0:0:0:0:0:0:0:43885] INACTIVE
2023-01-10 01:13:00,587 [482fd31e-156c-418e-9aed-e6d52525a62a-NettyServerStreamRpc-bossGroup--thread1] INFO  logging.LoggingHandler (AbstractInternalLogger.java:log(148)) - [id: 0x7907e603, L:/0:0:0:0:0:0:0:0:43885] UNREGISTERED
2023-01-10 01:13:00,589 [482fd31e-156c-418e-9aed-e6d52525a62a@group-225BCC242D8D-SegmentedRaftLogWorker] INFO  segmented.SegmentedRaftLogWorker (SegmentedRaftLogWorker.java:run(347)) - 482fd31e-156c-418e-9aed-e6d52525a62a@group-225BCC242D8D-SegmentedRaftLogWorker was interrupted, exiting. There are 0 tasks remaining in the queue.
2023-01-10 01:13:00,589 [482fd31e-156c-418e-9aed-e6d52525a62a-impl-thread3] INFO  segmented.SegmentedRaftLogWorker (SegmentedRaftLogWorker.java:close(257)) - 482fd31e-156c-418e-9aed-e6d52525a62a@group-225BCC242D8D-SegmentedRaftLogWorker close()
2023-01-10 01:13:00,600 [JvmPauseMonitor4] INFO  util.JvmPauseMonitor (JvmPauseMonitor.java:run(111)) - JvmPauseMonitor-de1dc05a-b420-436e-92e0-be95de2f8d14: Stopped
2023-01-10 01:13:00,605 [JvmPauseMonitor2] INFO  util.JvmPauseMonitor (JvmPauseMonitor.java:run(111)) - JvmPauseMonitor-482fd31e-156c-418e-9aed-e6d52525a62a: Stopped
2023-01-10 01:13:02,628 [Listener at 127.0.0.1/34303] INFO  volume.HddsVolume (HddsVolume.java:closeDbStore(338)) - SchemaV3 db is stopped at /home/runner/work/ozone/ozone/hadoop-ozone/integration-test/target/test-dir/MiniOzoneClusterImpl-11329d86-319f-4265-8dbd-04dd0b699e79/datanode-3/data-0/containers/hdds/11329d86-319f-4265-8dbd-04dd0b699e79/DS-1ffd9ac6-6ec2-453a-bd51-87462b261af3/container.db for volume DS-1ffd9ac6-6ec2-453a-bd51-87462b261af3
2023-01-10 01:13:02,629 [Listener at 127.0.0.1/34303] INFO  utils.BackgroundService (BackgroundService.java:shutdown(141)) - Shutting down service BlockDeletingService
2023-01-10 01:13:02,629 [Listener at 127.0.0.1/34303] INFO  utils.BackgroundService (BackgroundService.java:shutdown(141)) - Shutting down service StaleRecoveringContainerScrubbingService
2023-01-10 01:13:02,632 [ForkJoinPool.commonPool-worker-0] INFO  volume.HddsVolume (HddsVolume.java:closeDbStore(338)) - SchemaV3 db is stopped at /home/runner/work/ozone/ozone/hadoop-ozone/integration-test/target/test-dir/MiniOzoneClusterImpl-11329d86-319f-4265-8dbd-04dd0b699e79/datanode-1/data-0/containers/hdds/11329d86-319f-4265-8dbd-04dd0b699e79/DS-038ae2ca-47cb-462a-9852-f732de801059/container.db for volume DS-038ae2ca-47cb-462a-9852-f732de801059
2023-01-10 01:13:02,632 [Listener at 127.0.0.1/34303] INFO  statemachine.DatanodeStateMachine (DatanodeStateMachine.java:stopDaemon(596)) - Ozone container server stopped.
2023-01-10 01:13:02,633 [ForkJoinPool.commonPool-worker-0] INFO  utils.BackgroundService (BackgroundService.java:shutdown(141)) - Shutting down service BlockDeletingService
2023-01-10 01:13:02,634 [ForkJoinPool.commonPool-worker-0] INFO  utils.BackgroundService (BackgroundService.java:shutdown(141)) - Shutting down service StaleRecoveringContainerScrubbingService
2023-01-10 01:13:02,643 [ForkJoinPool.commonPool-worker-0] INFO  statemachine.DatanodeStateMachine (DatanodeStateMachine.java:stopDaemon(596)) - Ozone container server stopped.
2023-01-10 01:13:02,644 [Listener at 127.0.0.1/34303] INFO  handler.ContextHandler (ContextHandler.java:doStop(1159)) - Stopped o.e.j.w.WebAppContext@9c10e9c{hddsDatanode,/,null,STOPPED}{jar:file:/home/runner/.m2/repository/org/apache/ozone/hdds-container-service/1.4.0-SNAPSHOT/hdds-container-service-1.4.0-SNAPSHOT.jar!/webapps/hddsDatanode}
2023-01-10 01:13:02,652 [Listener at 127.0.0.1/34303] INFO  server.AbstractConnector (AbstractConnector.java:doStop(383)) - Stopped ServerConnector@1647eed2{HTTP/1.1, (http/1.1)}{0.0.0.0:0}
2023-01-10 01:13:02,652 [Listener at 127.0.0.1/34303] INFO  server.session (HouseKeeper.java:stopScavenging(149)) - node0 Stopped scavenging
2023-01-10 01:13:02,652 [Listener at 127.0.0.1/34303] INFO  handler.ContextHandler (ContextHandler.java:doStop(1159)) - Stopped o.e.j.s.ServletContextHandler@4d6ad67b{static,/static,jar:file:/home/runner/.m2/repository/org/apache/ozone/hdds-container-service/1.4.0-SNAPSHOT/hdds-container-service-1.4.0-SNAPSHOT.jar!/webapps/static,STOPPED}
2023-01-10 01:13:02,652 [Listener at 127.0.0.1/34303] INFO  handler.ContextHandler (ContextHandler.java:doStop(1159)) - Stopped o.e.j.s.ServletContextHandler@7c0ff038{logs,/logs,file:///home/runner/work/ozone/ozone/hadoop-ozone/integration-test/target/log,STOPPED}
2023-01-10 01:13:02,654 [ForkJoinPool.commonPool-worker-0] INFO  handler.ContextHandler (ContextHandler.java:doStop(1159)) - Stopped o.e.j.w.WebAppContext@163ee26b{hddsDatanode,/,null,STOPPED}{jar:file:/home/runner/.m2/repository/org/apache/ozone/hdds-container-service/1.4.0-SNAPSHOT/hdds-container-service-1.4.0-SNAPSHOT.jar!/webapps/hddsDatanode}
2023-01-10 01:13:02,654 [ForkJoinPool.commonPool-worker-0] INFO  server.AbstractConnector (AbstractConnector.java:doStop(383)) - Stopped ServerConnector@d4f9a45{HTTP/1.1, (http/1.1)}{0.0.0.0:0}
2023-01-10 01:13:02,655 [ForkJoinPool.commonPool-worker-0] INFO  server.session (HouseKeeper.java:stopScavenging(149)) - node0 Stopped scavenging
2023-01-10 01:13:02,656 [ForkJoinPool.commonPool-worker-0] INFO  handler.ContextHandler (ContextHandler.java:doStop(1159)) - Stopped o.e.j.s.ServletContextHandler@4f4ba1ea{static,/static,jar:file:/home/runner/.m2/repository/org/apache/ozone/hdds-container-service/1.4.0-SNAPSHOT/hdds-container-service-1.4.0-SNAPSHOT.jar!/webapps/static,STOPPED}
2023-01-10 01:13:02,657 [Listener at 127.0.0.1/34303] INFO  ozoneimpl.OzoneContainer (OzoneContainer.java:stop(417)) - Attempting to stop container services.
2023-01-10 01:13:02,659 [Listener at 127.0.0.1/34303] INFO  server.RaftServer (RaftServerProxy.java:lambda$close$6(409)) - 819a9d5b-d004-47f6-9883-bc546cfa0094: close
2023-01-10 01:13:02,660 [ForkJoinPool.commonPool-worker-0] INFO  handler.ContextHandler (ContextHandler.java:doStop(1159)) - Stopped o.e.j.s.ServletContextHandler@3c85128a{logs,/logs,file:///home/runner/work/ozone/ozone/hadoop-ozone/integration-test/target/log,STOPPED}
2023-01-10 01:13:02,660 [Listener at 127.0.0.1/34303] INFO  server.GrpcService (GrpcService.java:closeImpl(271)) - 819a9d5b-d004-47f6-9883-bc546cfa0094: shutdown server GrpcServerProtocolService now
2023-01-10 01:13:02,663 [Listener at 127.0.0.1/34303] INFO  server.GrpcService (GrpcService.java:closeImpl(280)) - 819a9d5b-d004-47f6-9883-bc546cfa0094: shutdown server GrpcServerProtocolService successfully
2023-01-10 01:13:02,664 [819a9d5b-d004-47f6-9883-bc546cfa0094-NettyServerStreamRpc-bossGroup--thread1] INFO  logging.LoggingHandler (AbstractInternalLogger.java:log(148)) - [id: 0x844f0253, L:/0:0:0:0:0:0:0:0:43921] CLOSE
2023-01-10 01:13:02,664 [819a9d5b-d004-47f6-9883-bc546cfa0094-NettyServerStreamRpc-bossGroup--thread1] INFO  logging.LoggingHandler (AbstractInternalLogger.java:log(148)) - [id: 0x844f0253, L:/0:0:0:0:0:0:0:0:43921] INACTIVE
2023-01-10 01:13:02,664 [819a9d5b-d004-47f6-9883-bc546cfa0094-NettyServerStreamRpc-bossGroup--thread1] INFO  logging.LoggingHandler (AbstractInternalLogger.java:log(148)) - [id: 0x844f0253, L:/0:0:0:0:0:0:0:0:43921] UNREGISTERED
2023-01-10 01:13:02,669 [819a9d5b-d004-47f6-9883-bc546cfa0094-impl-thread2] INFO  server.RaftServer$Division (RaftServerImpl.java:lambda$close$4(458)) - 819a9d5b-d004-47f6-9883-bc546cfa0094@group-E63690302BF4: shutdown
2023-01-10 01:13:02,670 [819a9d5b-d004-47f6-9883-bc546cfa0094-impl-thread2] INFO  util.JmxRegister (JmxRegister.java:unregister(73)) - Successfully un-registered JMX Bean with object name Ratis:service=RaftServer,group=group-E63690302BF4,id=819a9d5b-d004-47f6-9883-bc546cfa0094
2023-01-10 01:13:02,670 [819a9d5b-d004-47f6-9883-bc546cfa0094-impl-thread2] INFO  impl.RoleInfo (RoleInfo.java:shutdownLeaderState(93)) - 819a9d5b-d004-47f6-9883-bc546cfa0094: shutdown 819a9d5b-d004-47f6-9883-bc546cfa0094@group-E63690302BF4-LeaderStateImpl
2023-01-10 01:13:02,670 [819a9d5b-d004-47f6-9883-bc546cfa0094-impl-thread2] INFO  impl.PendingRequests (PendingRequests.java:sendNotLeaderResponses(282)) - 819a9d5b-d004-47f6-9883-bc546cfa0094@group-E63690302BF4-PendingRequests: sendNotLeaderResponses
2023-01-10 01:13:02,670 [819a9d5b-d004-47f6-9883-bc546cfa0094-impl-thread2] INFO  impl.StateMachineUpdater (StateMachineUpdater.java:stopAndJoin(153)) - 819a9d5b-d004-47f6-9883-bc546cfa0094@group-E63690302BF4-StateMachineUpdater: set stopIndex = 0
2023-01-10 01:13:02,670 [819a9d5b-d004-47f6-9883-bc546cfa0094@group-E63690302BF4-StateMachineUpdater] INFO  ratis.ContainerStateMachine (ContainerStateMachine.java:takeSnapshot(308)) - group-E63690302BF4: Taking a snapshot at:(t:1, i:0) file /home/runner/work/ozone/ozone/hadoop-ozone/integration-test/target/test-dir/MiniOzoneClusterImpl-11329d86-319f-4265-8dbd-04dd0b699e79/datanode-5/data/ratis/745e6bfd-819c-497c-8910-e63690302bf4/sm/snapshot.1_0
2023-01-10 01:13:02,673 [819a9d5b-d004-47f6-9883-bc546cfa0094@group-E63690302BF4-StateMachineUpdater] INFO  ratis.ContainerStateMachine (ContainerStateMachine.java:takeSnapshot(319)) - group-E63690302BF4: Finished taking a snapshot at:(t:1, i:0) file:/home/runner/work/ozone/ozone/hadoop-ozone/integration-test/target/test-dir/MiniOzoneClusterImpl-11329d86-319f-4265-8dbd-04dd0b699e79/datanode-5/data/ratis/745e6bfd-819c-497c-8910-e63690302bf4/sm/snapshot.1_0 took: 2 ms
2023-01-10 01:13:02,673 [819a9d5b-d004-47f6-9883-bc546cfa0094@group-E63690302BF4-StateMachineUpdater] INFO  impl.StateMachineUpdater (StateMachineUpdater.java:takeSnapshot(287)) - 819a9d5b-d004-47f6-9883-bc546cfa0094@group-E63690302BF4-StateMachineUpdater: Took a snapshot at index 0
2023-01-10 01:13:02,675 [819a9d5b-d004-47f6-9883-bc546cfa0094@group-E63690302BF4-StateMachineUpdater] INFO  impl.StateMachineUpdater (StateMachineUpdater.java:lambda$new$0(92)) - 819a9d5b-d004-47f6-9883-bc546cfa0094@group-E63690302BF4-StateMachineUpdater: snapshotIndex: updateIncreasingly -1 -> 0
2023-01-10 01:13:02,675 [819a9d5b-d004-47f6-9883-bc546cfa0094-impl-thread2] INFO  server.RaftServer$Division (ServerState.java:close(466)) - 819a9d5b-d004-47f6-9883-bc546cfa0094@group-E63690302BF4: closes. applyIndex: 0
2023-01-10 01:13:02,682 [ForkJoinPool.commonPool-worker-0] INFO  ozoneimpl.OzoneContainer (OzoneContainer.java:stop(417)) - Attempting to stop container services.
2023-01-10 01:13:02,682 [ForkJoinPool.commonPool-worker-0] INFO  server.RaftServer (RaftServerProxy.java:lambda$close$6(409)) - cf55343f-a051-44b0-a85c-65c9cdfe5b3e: close
2023-01-10 01:13:02,683 [cf55343f-a051-44b0-a85c-65c9cdfe5b3e-impl-thread2] INFO  server.RaftServer$Division (RaftServerImpl.java:lambda$close$4(458)) - cf55343f-a051-44b0-a85c-65c9cdfe5b3e@group-225BCC242D8D: shutdown
2023-01-10 01:13:02,683 [cf55343f-a051-44b0-a85c-65c9cdfe5b3e-impl-thread2] INFO  util.JmxRegister (JmxRegister.java:unregister(73)) - Successfully un-registered JMX Bean with object name Ratis:service=RaftServer,group=group-225BCC242D8D,id=cf55343f-a051-44b0-a85c-65c9cdfe5b3e
2023-01-10 01:13:02,683 [cf55343f-a051-44b0-a85c-65c9cdfe5b3e-impl-thread2] INFO  impl.RoleInfo (RoleInfo.java:shutdownFollowerState(110)) - cf55343f-a051-44b0-a85c-65c9cdfe5b3e: shutdown cf55343f-a051-44b0-a85c-65c9cdfe5b3e@group-225BCC242D8D-FollowerState
2023-01-10 01:13:02,683 [ForkJoinPool.commonPool-worker-0] INFO  server.GrpcService (GrpcService.java:closeImpl(271)) - cf55343f-a051-44b0-a85c-65c9cdfe5b3e: shutdown server GrpcServerProtocolService now
2023-01-10 01:13:02,683 [819a9d5b-d004-47f6-9883-bc546cfa0094@group-E63690302BF4-SegmentedRaftLogWorker] INFO  segmented.SegmentedRaftLogWorker (SegmentedRaftLogWorker.java:run(347)) - 819a9d5b-d004-47f6-9883-bc546cfa0094@group-E63690302BF4-SegmentedRaftLogWorker was interrupted, exiting. There are 0 tasks remaining in the queue.
2023-01-10 01:13:02,683 [819a9d5b-d004-47f6-9883-bc546cfa0094-impl-thread2] INFO  segmented.SegmentedRaftLogWorker (SegmentedRaftLogWorker.java:close(257)) - 819a9d5b-d004-47f6-9883-bc546cfa0094@group-E63690302BF4-SegmentedRaftLogWorker close()
2023-01-10 01:13:02,684 [cf55343f-a051-44b0-a85c-65c9cdfe5b3e-impl-thread3] INFO  server.RaftServer$Division (RaftServerImpl.java:lambda$close$4(458)) - cf55343f-a051-44b0-a85c-65c9cdfe5b3e@group-0D490B3C9A7C: shutdown
2023-01-10 01:13:02,684 [cf55343f-a051-44b0-a85c-65c9cdfe5b3e-impl-thread3] INFO  util.JmxRegister (JmxRegister.java:unregister(73)) - Successfully un-registered JMX Bean with object name Ratis:service=RaftServer,group=group-0D490B3C9A7C,id=cf55343f-a051-44b0-a85c-65c9cdfe5b3e
2023-01-10 01:13:02,684 [ForkJoinPool.commonPool-worker-0] INFO  server.GrpcService (GrpcService.java:closeImpl(280)) - cf55343f-a051-44b0-a85c-65c9cdfe5b3e: shutdown server GrpcServerProtocolService successfully
2023-01-10 01:13:02,685 [cf55343f-a051-44b0-a85c-65c9cdfe5b3e-NettyServerStreamRpc-bossGroup--thread1] INFO  logging.LoggingHandler (AbstractInternalLogger.java:log(148)) - [id: 0xfab00eb8, L:/0:0:0:0:0:0:0:0:34389] CLOSE
2023-01-10 01:13:02,685 [cf55343f-a051-44b0-a85c-65c9cdfe5b3e-NettyServerStreamRpc-bossGroup--thread1] INFO  logging.LoggingHandler (AbstractInternalLogger.java:log(148)) - [id: 0xfab00eb8, L:/0:0:0:0:0:0:0:0:34389] INACTIVE
2023-01-10 01:13:02,685 [cf55343f-a051-44b0-a85c-65c9cdfe5b3e-NettyServerStreamRpc-bossGroup--thread1] INFO  logging.LoggingHandler (AbstractInternalLogger.java:log(148)) - [id: 0xfab00eb8, L:/0:0:0:0:0:0:0:0:34389] UNREGISTERED
2023-01-10 01:13:02,685 [cf55343f-a051-44b0-a85c-65c9cdfe5b3e-impl-thread3] INFO  impl.RoleInfo (RoleInfo.java:shutdownLeaderState(93)) - cf55343f-a051-44b0-a85c-65c9cdfe5b3e: shutdown cf55343f-a051-44b0-a85c-65c9cdfe5b3e@group-0D490B3C9A7C-LeaderStateImpl
2023-01-10 01:13:02,686 [cf55343f-a051-44b0-a85c-65c9cdfe5b3e-impl-thread3] INFO  impl.PendingRequests (PendingRequests.java:sendNotLeaderResponses(282)) - cf55343f-a051-44b0-a85c-65c9cdfe5b3e@group-0D490B3C9A7C-PendingRequests: sendNotLeaderResponses
2023-01-10 01:13:02,687 [cf55343f-a051-44b0-a85c-65c9cdfe5b3e@group-0D490B3C9A7C-StateMachineUpdater] INFO  ratis.ContainerStateMachine (ContainerStateMachine.java:takeSnapshot(308)) - group-0D490B3C9A7C: Taking a snapshot at:(t:1, i:0) file /home/runner/work/ozone/ozone/hadoop-ozone/integration-test/target/test-dir/MiniOzoneClusterImpl-11329d86-319f-4265-8dbd-04dd0b699e79/datanode-2/data/ratis/7e6f3dbc-5f70-4093-a5c7-0d490b3c9a7c/sm/snapshot.1_0
2023-01-10 01:13:02,687 [cf55343f-a051-44b0-a85c-65c9cdfe5b3e-impl-thread3] INFO  impl.StateMachineUpdater (StateMachineUpdater.java:stopAndJoin(153)) - cf55343f-a051-44b0-a85c-65c9cdfe5b3e@group-0D490B3C9A7C-StateMachineUpdater: set stopIndex = 0
2023-01-10 01:13:02,688 [cf55343f-a051-44b0-a85c-65c9cdfe5b3e@group-0D490B3C9A7C-StateMachineUpdater] INFO  ratis.ContainerStateMachine (ContainerStateMachine.java:takeSnapshot(319)) - group-0D490B3C9A7C: Finished taking a snapshot at:(t:1, i:0) file:/home/runner/work/ozone/ozone/hadoop-ozone/integration-test/target/test-dir/MiniOzoneClusterImpl-11329d86-319f-4265-8dbd-04dd0b699e79/datanode-2/data/ratis/7e6f3dbc-5f70-4093-a5c7-0d490b3c9a7c/sm/snapshot.1_0 took: 1 ms
2023-01-10 01:13:02,688 [cf55343f-a051-44b0-a85c-65c9cdfe5b3e@group-0D490B3C9A7C-StateMachineUpdater] INFO  impl.StateMachineUpdater (StateMachineUpdater.java:takeSnapshot(287)) - cf55343f-a051-44b0-a85c-65c9cdfe5b3e@group-0D490B3C9A7C-StateMachineUpdater: Took a snapshot at index 0
2023-01-10 01:13:02,688 [cf55343f-a051-44b0-a85c-65c9cdfe5b3e@group-0D490B3C9A7C-StateMachineUpdater] INFO  impl.StateMachineUpdater (StateMachineUpdater.java:lambda$new$0(92)) - cf55343f-a051-44b0-a85c-65c9cdfe5b3e@group-0D490B3C9A7C-StateMachineUpdater: snapshotIndex: updateIncreasingly -1 -> 0
2023-01-10 01:13:02,688 [cf55343f-a051-44b0-a85c-65c9cdfe5b3e-impl-thread3] INFO  server.RaftServer$Division (ServerState.java:close(466)) - cf55343f-a051-44b0-a85c-65c9cdfe5b3e@group-0D490B3C9A7C: closes. applyIndex: 0
2023-01-10 01:13:02,689 [cf55343f-a051-44b0-a85c-65c9cdfe5b3e-impl-thread2] INFO  impl.StateMachineUpdater (StateMachineUpdater.java:stopAndJoin(153)) - cf55343f-a051-44b0-a85c-65c9cdfe5b3e@group-225BCC242D8D-StateMachineUpdater: set stopIndex = 0
2023-01-10 01:13:02,689 [cf55343f-a051-44b0-a85c-65c9cdfe5b3e@group-225BCC242D8D-FollowerState] INFO  impl.FollowerState (FollowerState.java:run(152)) - cf55343f-a051-44b0-a85c-65c9cdfe5b3e@group-225BCC242D8D-FollowerState was interrupted
2023-01-10 01:13:02,695 [cf55343f-a051-44b0-a85c-65c9cdfe5b3e@group-225BCC242D8D-StateMachineUpdater] INFO  ratis.ContainerStateMachine (ContainerStateMachine.java:takeSnapshot(308)) - group-225BCC242D8D: Taking a snapshot at:(t:2, i:0) file /home/runner/work/ozone/ozone/hadoop-ozone/integration-test/target/test-dir/MiniOzoneClusterImpl-11329d86-319f-4265-8dbd-04dd0b699e79/datanode-2/data/ratis/016b9ad0-65d5-47a5-98ce-225bcc242d8d/sm/snapshot.2_0
2023-01-10 01:13:02,695 [cf55343f-a051-44b0-a85c-65c9cdfe5b3e@group-0D490B3C9A7C-SegmentedRaftLogWorker] INFO  segmented.SegmentedRaftLogWorker (SegmentedRaftLogWorker.java:run(347)) - cf55343f-a051-44b0-a85c-65c9cdfe5b3e@group-0D490B3C9A7C-SegmentedRaftLogWorker was interrupted, exiting. There are 0 tasks remaining in the queue.
2023-01-10 01:13:02,695 [cf55343f-a051-44b0-a85c-65c9cdfe5b3e@group-225BCC242D8D-StateMachineUpdater] INFO  ratis.ContainerStateMachine (ContainerStateMachine.java:takeSnapshot(319)) - group-225BCC242D8D: Finished taking a snapshot at:(t:2, i:0) file:/home/runner/work/ozone/ozone/hadoop-ozone/integration-test/target/test-dir/MiniOzoneClusterImpl-11329d86-319f-4265-8dbd-04dd0b699e79/datanode-2/data/ratis/016b9ad0-65d5-47a5-98ce-225bcc242d8d/sm/snapshot.2_0 took: 1 ms
2023-01-10 01:13:02,695 [cf55343f-a051-44b0-a85c-65c9cdfe5b3e@group-225BCC242D8D-StateMachineUpdater] INFO  impl.StateMachineUpdater (StateMachineUpdater.java:takeSnapshot(287)) - cf55343f-a051-44b0-a85c-65c9cdfe5b3e@group-225BCC242D8D-StateMachineUpdater: Took a snapshot at index 0
2023-01-10 01:13:02,701 [cf55343f-a051-44b0-a85c-65c9cdfe5b3e@group-225BCC242D8D-StateMachineUpdater] INFO  impl.StateMachineUpdater (StateMachineUpdater.java:lambda$new$0(92)) - cf55343f-a051-44b0-a85c-65c9cdfe5b3e@group-225BCC242D8D-StateMachineUpdater: snapshotIndex: updateIncreasingly -1 -> 0
2023-01-10 01:13:02,702 [cf55343f-a051-44b0-a85c-65c9cdfe5b3e-impl-thread2] INFO  server.RaftServer$Division (ServerState.java:close(466)) - cf55343f-a051-44b0-a85c-65c9cdfe5b3e@group-225BCC242D8D: closes. applyIndex: 0
2023-01-10 01:13:02,700 [JvmPauseMonitor6] INFO  util.JvmPauseMonitor (JvmPauseMonitor.java:run(111)) - JvmPauseMonitor-819a9d5b-d004-47f6-9883-bc546cfa0094: Stopped
2023-01-10 01:13:02,702 [cf55343f-a051-44b0-a85c-65c9cdfe5b3e@group-225BCC242D8D-SegmentedRaftLogWorker] INFO  segmented.SegmentedRaftLogWorker (SegmentedRaftLogWorker.java:run(347)) - cf55343f-a051-44b0-a85c-65c9cdfe5b3e@group-225BCC242D8D-SegmentedRaftLogWorker was interrupted, exiting. There are 0 tasks remaining in the queue.
2023-01-10 01:13:02,695 [cf55343f-a051-44b0-a85c-65c9cdfe5b3e-impl-thread3] INFO  segmented.SegmentedRaftLogWorker (SegmentedRaftLogWorker.java:close(257)) - cf55343f-a051-44b0-a85c-65c9cdfe5b3e@group-0D490B3C9A7C-SegmentedRaftLogWorker close()
2023-01-10 01:13:02,703 [cf55343f-a051-44b0-a85c-65c9cdfe5b3e-impl-thread2] INFO  segmented.SegmentedRaftLogWorker (SegmentedRaftLogWorker.java:close(257)) - cf55343f-a051-44b0-a85c-65c9cdfe5b3e@group-225BCC242D8D-SegmentedRaftLogWorker close()
2023-01-10 01:13:02,704 [JvmPauseMonitor3] INFO  util.JvmPauseMonitor (JvmPauseMonitor.java:run(111)) - JvmPauseMonitor-cf55343f-a051-44b0-a85c-65c9cdfe5b3e: Stopped
2023-01-10 01:13:04,708 [Listener at 127.0.0.1/34303] INFO  volume.HddsVolume (HddsVolume.java:closeDbStore(338)) - SchemaV3 db is stopped at /home/runner/work/ozone/ozone/hadoop-ozone/integration-test/target/test-dir/MiniOzoneClusterImpl-11329d86-319f-4265-8dbd-04dd0b699e79/datanode-5/data-0/containers/hdds/11329d86-319f-4265-8dbd-04dd0b699e79/DS-ea39f782-dd44-4dd9-bf9d-da337ead331c/container.db for volume DS-ea39f782-dd44-4dd9-bf9d-da337ead331c
2023-01-10 01:13:04,708 [Listener at 127.0.0.1/34303] INFO  utils.BackgroundService (BackgroundService.java:shutdown(141)) - Shutting down service BlockDeletingService
2023-01-10 01:13:04,710 [ForkJoinPool.commonPool-worker-0] INFO  volume.HddsVolume (HddsVolume.java:closeDbStore(338)) - SchemaV3 db is stopped at /home/runner/work/ozone/ozone/hadoop-ozone/integration-test/target/test-dir/MiniOzoneClusterImpl-11329d86-319f-4265-8dbd-04dd0b699e79/datanode-2/data-0/containers/hdds/11329d86-319f-4265-8dbd-04dd0b699e79/DS-62153c81-3e74-4cc3-8b7d-a62c97b8bb21/container.db for volume DS-62153c81-3e74-4cc3-8b7d-a62c97b8bb21
2023-01-10 01:13:04,710 [ForkJoinPool.commonPool-worker-0] INFO  utils.BackgroundService (BackgroundService.java:shutdown(141)) - Shutting down service BlockDeletingService
2023-01-10 01:13:04,712 [ForkJoinPool.commonPool-worker-0] INFO  utils.BackgroundService (BackgroundService.java:shutdown(141)) - Shutting down service StaleRecoveringContainerScrubbingService
2023-01-10 01:13:04,713 [Listener at 127.0.0.1/34303] INFO  utils.BackgroundService (BackgroundService.java:shutdown(141)) - Shutting down service StaleRecoveringContainerScrubbingService
2023-01-10 01:13:04,714 [ForkJoinPool.commonPool-worker-0] INFO  statemachine.DatanodeStateMachine (DatanodeStateMachine.java:stopDaemon(596)) - Ozone container server stopped.
2023-01-10 01:13:04,715 [Listener at 127.0.0.1/34303] INFO  statemachine.DatanodeStateMachine (DatanodeStateMachine.java:stopDaemon(596)) - Ozone container server stopped.
2023-01-10 01:13:04,724 [Listener at 127.0.0.1/34303] INFO  handler.ContextHandler (ContextHandler.java:doStop(1159)) - Stopped o.e.j.w.WebAppContext@2379f977{hddsDatanode,/,null,STOPPED}{jar:file:/home/runner/.m2/repository/org/apache/ozone/hdds-container-service/1.4.0-SNAPSHOT/hdds-container-service-1.4.0-SNAPSHOT.jar!/webapps/hddsDatanode}
2023-01-10 01:13:04,725 [Listener at 127.0.0.1/34303] INFO  server.AbstractConnector (AbstractConnector.java:doStop(383)) - Stopped ServerConnector@1d070725{HTTP/1.1, (http/1.1)}{0.0.0.0:0}
2023-01-10 01:13:04,725 [Listener at 127.0.0.1/34303] INFO  server.session (HouseKeeper.java:stopScavenging(149)) - node0 Stopped scavenging
2023-01-10 01:13:04,725 [Listener at 127.0.0.1/34303] INFO  handler.ContextHandler (ContextHandler.java:doStop(1159)) - Stopped o.e.j.s.ServletContextHandler@1d5b2d04{static,/static,jar:file:/home/runner/.m2/repository/org/apache/ozone/hdds-container-service/1.4.0-SNAPSHOT/hdds-container-service-1.4.0-SNAPSHOT.jar!/webapps/static,STOPPED}
2023-01-10 01:13:04,725 [Listener at 127.0.0.1/34303] INFO  handler.ContextHandler (ContextHandler.java:doStop(1159)) - Stopped o.e.j.s.ServletContextHandler@8161366{logs,/logs,file:///home/runner/work/ozone/ozone/hadoop-ozone/integration-test/target/log,STOPPED}
2023-01-10 01:13:04,733 [Listener at 127.0.0.1/34303] INFO  ozoneimpl.OzoneContainer (OzoneContainer.java:stop(417)) - Attempting to stop container services.
2023-01-10 01:13:04,734 [Listener at 127.0.0.1/34303] INFO  server.RaftServer (RaftServerProxy.java:lambda$close$6(409)) - 43274a1e-e531-4976-aba4-4015449e37b0: close
2023-01-10 01:13:04,738 [ForkJoinPool.commonPool-worker-0] INFO  handler.ContextHandler (ContextHandler.java:doStop(1159)) - Stopped o.e.j.w.WebAppContext@24fad029{hddsDatanode,/,null,STOPPED}{jar:file:/home/runner/.m2/repository/org/apache/ozone/hdds-container-service/1.4.0-SNAPSHOT/hdds-container-service-1.4.0-SNAPSHOT.jar!/webapps/hddsDatanode}
2023-01-10 01:13:04,738 [Listener at 127.0.0.1/34303] INFO  server.GrpcService (GrpcService.java:closeImpl(271)) - 43274a1e-e531-4976-aba4-4015449e37b0: shutdown server GrpcServerProtocolService now
2023-01-10 01:13:04,738 [43274a1e-e531-4976-aba4-4015449e37b0-impl-thread2] INFO  server.RaftServer$Division (RaftServerImpl.java:lambda$close$4(458)) - 43274a1e-e531-4976-aba4-4015449e37b0@group-AA105E67F7B2: shutdown
2023-01-10 01:13:04,738 [ForkJoinPool.commonPool-worker-0] INFO  server.AbstractConnector (AbstractConnector.java:doStop(383)) - Stopped ServerConnector@44747589{HTTP/1.1, (http/1.1)}{0.0.0.0:0}
2023-01-10 01:13:04,739 [ForkJoinPool.commonPool-worker-0] INFO  server.session (HouseKeeper.java:stopScavenging(149)) - node0 Stopped scavenging
2023-01-10 01:13:04,739 [43274a1e-e531-4976-aba4-4015449e37b0-impl-thread2] INFO  util.JmxRegister (JmxRegister.java:unregister(73)) - Successfully un-registered JMX Bean with object name Ratis:service=RaftServer,group=group-AA105E67F7B2,id=43274a1e-e531-4976-aba4-4015449e37b0
2023-01-10 01:13:04,739 [43274a1e-e531-4976-aba4-4015449e37b0-impl-thread2] INFO  impl.RoleInfo (RoleInfo.java:shutdownLeaderState(93)) - 43274a1e-e531-4976-aba4-4015449e37b0: shutdown 43274a1e-e531-4976-aba4-4015449e37b0@group-AA105E67F7B2-LeaderStateImpl
2023-01-10 01:13:04,740 [43274a1e-e531-4976-aba4-4015449e37b0-impl-thread2] INFO  impl.PendingRequests (PendingRequests.java:sendNotLeaderResponses(282)) - 43274a1e-e531-4976-aba4-4015449e37b0@group-AA105E67F7B2-PendingRequests: sendNotLeaderResponses
2023-01-10 01:13:04,740 [ForkJoinPool.commonPool-worker-0] INFO  handler.ContextHandler (ContextHandler.java:doStop(1159)) - Stopped o.e.j.s.ServletContextHandler@22e9f4f3{static,/static,jar:file:/home/runner/.m2/repository/org/apache/ozone/hdds-container-service/1.4.0-SNAPSHOT/hdds-container-service-1.4.0-SNAPSHOT.jar!/webapps/static,STOPPED}
2023-01-10 01:13:04,742 [Listener at 127.0.0.1/34303] INFO  server.GrpcServerProtocolClient (GrpcServerProtocolClient.java:close(101)) - de1dc05a-b420-436e-92e0-be95de2f8d14 Close channels
2023-01-10 01:13:04,742 [ForkJoinPool.commonPool-worker-0] INFO  handler.ContextHandler (ContextHandler.java:doStop(1159)) - Stopped o.e.j.s.ServletContextHandler@1b28658c{logs,/logs,file:///home/runner/work/ozone/ozone/hadoop-ozone/integration-test/target/log,STOPPED}
2023-01-10 01:13:04,743 [Listener at 127.0.0.1/34303] INFO  server.GrpcServerProtocolClient (GrpcServerProtocolClient.java:close(101)) - 819a9d5b-d004-47f6-9883-bc546cfa0094 Close channels
2023-01-10 01:13:04,744 [43274a1e-e531-4976-aba4-4015449e37b0@group-AA105E67F7B2-StateMachineUpdater] INFO  ratis.ContainerStateMachine (ContainerStateMachine.java:takeSnapshot(308)) - group-AA105E67F7B2: Taking a snapshot at:(t:1, i:0) file /home/runner/work/ozone/ozone/hadoop-ozone/integration-test/target/test-dir/MiniOzoneClusterImpl-11329d86-319f-4265-8dbd-04dd0b699e79/datanode-4/data/ratis/da4c8e02-01d5-457e-b4c2-aa105e67f7b2/sm/snapshot.1_0
2023-01-10 01:13:04,745 [Listener at 127.0.0.1/34303] INFO  server.GrpcService (GrpcService.java:closeImpl(280)) - 43274a1e-e531-4976-aba4-4015449e37b0: shutdown server GrpcServerProtocolService successfully
2023-01-10 01:13:04,746 [43274a1e-e531-4976-aba4-4015449e37b0-NettyServerStreamRpc-bossGroup--thread1] INFO  logging.LoggingHandler (AbstractInternalLogger.java:log(148)) - [id: 0x2d1a0a73, L:/0:0:0:0:0:0:0:0:36845] CLOSE
2023-01-10 01:13:04,747 [43274a1e-e531-4976-aba4-4015449e37b0-NettyServerStreamRpc-bossGroup--thread1] INFO  logging.LoggingHandler (AbstractInternalLogger.java:log(148)) - [id: 0x2d1a0a73, L:/0:0:0:0:0:0:0:0:36845] INACTIVE
2023-01-10 01:13:04,747 [43274a1e-e531-4976-aba4-4015449e37b0-NettyServerStreamRpc-bossGroup--thread1] INFO  logging.LoggingHandler (AbstractInternalLogger.java:log(148)) - [id: 0x2d1a0a73, L:/0:0:0:0:0:0:0:0:36845] UNREGISTERED
2023-01-10 01:13:04,747 [43274a1e-e531-4976-aba4-4015449e37b0@group-AA105E67F7B2-StateMachineUpdater] INFO  ratis.ContainerStateMachine (ContainerStateMachine.java:takeSnapshot(319)) - group-AA105E67F7B2: Finished taking a snapshot at:(t:1, i:0) file:/home/runner/work/ozone/ozone/hadoop-ozone/integration-test/target/test-dir/MiniOzoneClusterImpl-11329d86-319f-4265-8dbd-04dd0b699e79/datanode-4/data/ratis/da4c8e02-01d5-457e-b4c2-aa105e67f7b2/sm/snapshot.1_0 took: 3 ms
2023-01-10 01:13:04,748 [43274a1e-e531-4976-aba4-4015449e37b0@group-AA105E67F7B2-StateMachineUpdater] INFO  impl.StateMachineUpdater (StateMachineUpdater.java:takeSnapshot(287)) - 43274a1e-e531-4976-aba4-4015449e37b0@group-AA105E67F7B2-StateMachineUpdater: Took a snapshot at index 0
2023-01-10 01:13:04,748 [43274a1e-e531-4976-aba4-4015449e37b0@group-AA105E67F7B2-StateMachineUpdater] INFO  impl.StateMachineUpdater (StateMachineUpdater.java:lambda$new$0(92)) - 43274a1e-e531-4976-aba4-4015449e37b0@group-AA105E67F7B2-StateMachineUpdater: snapshotIndex: updateIncreasingly -1 -> 0
2023-01-10 01:13:04,745 [43274a1e-e531-4976-aba4-4015449e37b0-impl-thread2] INFO  impl.StateMachineUpdater (StateMachineUpdater.java:stopAndJoin(153)) - 43274a1e-e531-4976-aba4-4015449e37b0@group-AA105E67F7B2-StateMachineUpdater: set stopIndex = 0
2023-01-10 01:13:04,752 [43274a1e-e531-4976-aba4-4015449e37b0-impl-thread2] INFO  server.RaftServer$Division (ServerState.java:close(466)) - 43274a1e-e531-4976-aba4-4015449e37b0@group-AA105E67F7B2: closes. applyIndex: 0
2023-01-10 01:13:04,757 [43274a1e-e531-4976-aba4-4015449e37b0@group-AA105E67F7B2-SegmentedRaftLogWorker] INFO  segmented.SegmentedRaftLogWorker (SegmentedRaftLogWorker.java:run(347)) - 43274a1e-e531-4976-aba4-4015449e37b0@group-AA105E67F7B2-SegmentedRaftLogWorker was interrupted, exiting. There are 0 tasks remaining in the queue.
2023-01-10 01:13:04,758 [43274a1e-e531-4976-aba4-4015449e37b0-impl-thread2] INFO  segmented.SegmentedRaftLogWorker (SegmentedRaftLogWorker.java:close(257)) - 43274a1e-e531-4976-aba4-4015449e37b0@group-AA105E67F7B2-SegmentedRaftLogWorker close()
2023-01-10 01:13:04,773 [ForkJoinPool.commonPool-worker-0] INFO  ozoneimpl.OzoneContainer (OzoneContainer.java:stop(417)) - Attempting to stop container services.
2023-01-10 01:13:04,777 [ForkJoinPool.commonPool-worker-0] INFO  server.RaftServer (RaftServerProxy.java:lambda$close$6(409)) - 9684d5c9-574d-4083-afb3-2b5a0b78eb45: close
2023-01-10 01:13:04,777 [9684d5c9-574d-4083-afb3-2b5a0b78eb45-impl-thread2] INFO  server.RaftServer$Division (RaftServerImpl.java:lambda$close$4(458)) - 9684d5c9-574d-4083-afb3-2b5a0b78eb45@group-225BCC242D8D: shutdown
2023-01-10 01:13:04,777 [9684d5c9-574d-4083-afb3-2b5a0b78eb45-impl-thread2] INFO  util.JmxRegister (JmxRegister.java:unregister(73)) - Successfully un-registered JMX Bean with object name Ratis:service=RaftServer,group=group-225BCC242D8D,id=9684d5c9-574d-4083-afb3-2b5a0b78eb45
2023-01-10 01:13:04,777 [9684d5c9-574d-4083-afb3-2b5a0b78eb45-impl-thread2] INFO  impl.RoleInfo (RoleInfo.java:shutdownFollowerState(110)) - 9684d5c9-574d-4083-afb3-2b5a0b78eb45: shutdown 9684d5c9-574d-4083-afb3-2b5a0b78eb45@group-225BCC242D8D-FollowerState
2023-01-10 01:13:04,777 [9684d5c9-574d-4083-afb3-2b5a0b78eb45@group-225BCC242D8D-FollowerState] INFO  impl.FollowerState (FollowerState.java:run(152)) - 9684d5c9-574d-4083-afb3-2b5a0b78eb45@group-225BCC242D8D-FollowerState was interrupted
2023-01-10 01:13:04,777 [ForkJoinPool.commonPool-worker-0] INFO  server.GrpcService (GrpcService.java:closeImpl(271)) - 9684d5c9-574d-4083-afb3-2b5a0b78eb45: shutdown server GrpcServerProtocolService now
2023-01-10 01:13:04,778 [9684d5c9-574d-4083-afb3-2b5a0b78eb45@group-225BCC242D8D-StateMachineUpdater] INFO  ratis.ContainerStateMachine (ContainerStateMachine.java:takeSnapshot(308)) - group-225BCC242D8D: Taking a snapshot at:(t:2, i:0) file /home/runner/work/ozone/ozone/hadoop-ozone/integration-test/target/test-dir/MiniOzoneClusterImpl-11329d86-319f-4265-8dbd-04dd0b699e79/datanode-0/data/ratis/016b9ad0-65d5-47a5-98ce-225bcc242d8d/sm/snapshot.2_0
2023-01-10 01:13:04,777 [9684d5c9-574d-4083-afb3-2b5a0b78eb45-impl-thread2] INFO  impl.StateMachineUpdater (StateMachineUpdater.java:stopAndJoin(153)) - 9684d5c9-574d-4083-afb3-2b5a0b78eb45@group-225BCC242D8D-StateMachineUpdater: set stopIndex = 0
2023-01-10 01:13:04,782 [9684d5c9-574d-4083-afb3-2b5a0b78eb45-impl-thread3] INFO  server.RaftServer$Division (RaftServerImpl.java:lambda$close$4(458)) - 9684d5c9-574d-4083-afb3-2b5a0b78eb45@group-767D98A7D697: shutdown
2023-01-10 01:13:04,782 [9684d5c9-574d-4083-afb3-2b5a0b78eb45@group-225BCC242D8D-StateMachineUpdater] INFO  ratis.ContainerStateMachine (ContainerStateMachine.java:takeSnapshot(319)) - group-225BCC242D8D: Finished taking a snapshot at:(t:2, i:0) file:/home/runner/work/ozone/ozone/hadoop-ozone/integration-test/target/test-dir/MiniOzoneClusterImpl-11329d86-319f-4265-8dbd-04dd0b699e79/datanode-0/data/ratis/016b9ad0-65d5-47a5-98ce-225bcc242d8d/sm/snapshot.2_0 took: 4 ms
2023-01-10 01:13:04,783 [JvmPauseMonitor5] INFO  util.JvmPauseMonitor (JvmPauseMonitor.java:run(111)) - JvmPauseMonitor-43274a1e-e531-4976-aba4-4015449e37b0: Stopped
2023-01-10 01:13:04,784 [9684d5c9-574d-4083-afb3-2b5a0b78eb45@group-225BCC242D8D-StateMachineUpdater] INFO  impl.StateMachineUpdater (StateMachineUpdater.java:takeSnapshot(287)) - 9684d5c9-574d-4083-afb3-2b5a0b78eb45@group-225BCC242D8D-StateMachineUpdater: Took a snapshot at index 0
2023-01-10 01:13:04,784 [9684d5c9-574d-4083-afb3-2b5a0b78eb45@group-225BCC242D8D-StateMachineUpdater] INFO  impl.StateMachineUpdater (StateMachineUpdater.java:lambda$new$0(92)) - 9684d5c9-574d-4083-afb3-2b5a0b78eb45@group-225BCC242D8D-StateMachineUpdater: snapshotIndex: updateIncreasingly -1 -> 0
2023-01-10 01:13:04,784 [9684d5c9-574d-4083-afb3-2b5a0b78eb45-impl-thread2] INFO  server.RaftServer$Division (ServerState.java:close(466)) - 9684d5c9-574d-4083-afb3-2b5a0b78eb45@group-225BCC242D8D: closes. applyIndex: 0
2023-01-10 01:13:04,782 [ForkJoinPool.commonPool-worker-0] INFO  server.GrpcServerProtocolClient (GrpcServerProtocolClient.java:close(101)) - cf55343f-a051-44b0-a85c-65c9cdfe5b3e Close channels
2023-01-10 01:13:04,784 [9684d5c9-574d-4083-afb3-2b5a0b78eb45@group-225BCC242D8D-SegmentedRaftLogWorker] INFO  segmented.SegmentedRaftLogWorker (SegmentedRaftLogWorker.java:run(347)) - 9684d5c9-574d-4083-afb3-2b5a0b78eb45@group-225BCC242D8D-SegmentedRaftLogWorker was interrupted, exiting. There are 0 tasks remaining in the queue.
2023-01-10 01:13:04,785 [9684d5c9-574d-4083-afb3-2b5a0b78eb45-impl-thread3] INFO  util.JmxRegister (JmxRegister.java:unregister(73)) - Successfully un-registered JMX Bean with object name Ratis:service=RaftServer,group=group-767D98A7D697,id=9684d5c9-574d-4083-afb3-2b5a0b78eb45
2023-01-10 01:13:04,785 [9684d5c9-574d-4083-afb3-2b5a0b78eb45-impl-thread3] INFO  impl.RoleInfo (RoleInfo.java:shutdownLeaderState(93)) - 9684d5c9-574d-4083-afb3-2b5a0b78eb45: shutdown 9684d5c9-574d-4083-afb3-2b5a0b78eb45@group-767D98A7D697-LeaderStateImpl
2023-01-10 01:13:04,785 [9684d5c9-574d-4083-afb3-2b5a0b78eb45-impl-thread3] INFO  impl.PendingRequests (PendingRequests.java:sendNotLeaderResponses(282)) - 9684d5c9-574d-4083-afb3-2b5a0b78eb45@group-767D98A7D697-PendingRequests: sendNotLeaderResponses
2023-01-10 01:13:04,785 [9684d5c9-574d-4083-afb3-2b5a0b78eb45-impl-thread2] INFO  segmented.SegmentedRaftLogWorker (SegmentedRaftLogWorker.java:close(257)) - 9684d5c9-574d-4083-afb3-2b5a0b78eb45@group-225BCC242D8D-SegmentedRaftLogWorker close()
2023-01-10 01:13:04,787 [ForkJoinPool.commonPool-worker-0] INFO  server.GrpcServerProtocolClient (GrpcServerProtocolClient.java:close(101)) - 482fd31e-156c-418e-9aed-e6d52525a62a Close channels
2023-01-10 01:13:04,788 [9684d5c9-574d-4083-afb3-2b5a0b78eb45@group-767D98A7D697-StateMachineUpdater] INFO  ratis.ContainerStateMachine (ContainerStateMachine.java:takeSnapshot(308)) - group-767D98A7D697: Taking a snapshot at:(t:1, i:0) file /home/runner/work/ozone/ozone/hadoop-ozone/integration-test/target/test-dir/MiniOzoneClusterImpl-11329d86-319f-4265-8dbd-04dd0b699e79/datanode-0/data/ratis/aa398e0d-26a5-4d9a-8e0e-767d98a7d697/sm/snapshot.1_0
2023-01-10 01:13:04,788 [9684d5c9-574d-4083-afb3-2b5a0b78eb45-impl-thread3] INFO  impl.StateMachineUpdater (StateMachineUpdater.java:stopAndJoin(153)) - 9684d5c9-574d-4083-afb3-2b5a0b78eb45@group-767D98A7D697-StateMachineUpdater: set stopIndex = 0
2023-01-10 01:13:04,789 [9684d5c9-574d-4083-afb3-2b5a0b78eb45@group-767D98A7D697-StateMachineUpdater] INFO  ratis.ContainerStateMachine (ContainerStateMachine.java:takeSnapshot(319)) - group-767D98A7D697: Finished taking a snapshot at:(t:1, i:0) file:/home/runner/work/ozone/ozone/hadoop-ozone/integration-test/target/test-dir/MiniOzoneClusterImpl-11329d86-319f-4265-8dbd-04dd0b699e79/datanode-0/data/ratis/aa398e0d-26a5-4d9a-8e0e-767d98a7d697/sm/snapshot.1_0 took: 1 ms
2023-01-10 01:13:04,789 [9684d5c9-574d-4083-afb3-2b5a0b78eb45@group-767D98A7D697-StateMachineUpdater] INFO  impl.StateMachineUpdater (StateMachineUpdater.java:takeSnapshot(287)) - 9684d5c9-574d-4083-afb3-2b5a0b78eb45@group-767D98A7D697-StateMachineUpdater: Took a snapshot at index 0
2023-01-10 01:13:04,789 [9684d5c9-574d-4083-afb3-2b5a0b78eb45@group-767D98A7D697-StateMachineUpdater] INFO  impl.StateMachineUpdater (StateMachineUpdater.java:lambda$new$0(92)) - 9684d5c9-574d-4083-afb3-2b5a0b78eb45@group-767D98A7D697-StateMachineUpdater: snapshotIndex: updateIncreasingly -1 -> 0
2023-01-10 01:13:04,789 [9684d5c9-574d-4083-afb3-2b5a0b78eb45-impl-thread3] INFO  server.RaftServer$Division (ServerState.java:close(466)) - 9684d5c9-574d-4083-afb3-2b5a0b78eb45@group-767D98A7D697: closes. applyIndex: 0
2023-01-10 01:13:04,789 [9684d5c9-574d-4083-afb3-2b5a0b78eb45@group-767D98A7D697-SegmentedRaftLogWorker] INFO  segmented.SegmentedRaftLogWorker (SegmentedRaftLogWorker.java:run(347)) - 9684d5c9-574d-4083-afb3-2b5a0b78eb45@group-767D98A7D697-SegmentedRaftLogWorker was interrupted, exiting. There are 0 tasks remaining in the queue.
2023-01-10 01:13:04,790 [9684d5c9-574d-4083-afb3-2b5a0b78eb45-impl-thread3] INFO  segmented.SegmentedRaftLogWorker (SegmentedRaftLogWorker.java:close(257)) - 9684d5c9-574d-4083-afb3-2b5a0b78eb45@group-767D98A7D697-SegmentedRaftLogWorker close()
2023-01-10 01:13:04,790 [ForkJoinPool.commonPool-worker-0] INFO  server.GrpcService (GrpcService.java:closeImpl(280)) - 9684d5c9-574d-4083-afb3-2b5a0b78eb45: shutdown server GrpcServerProtocolService successfully
2023-01-10 01:13:04,790 [9684d5c9-574d-4083-afb3-2b5a0b78eb45-NettyServerStreamRpc-bossGroup--thread1] INFO  logging.LoggingHandler (AbstractInternalLogger.java:log(148)) - [id: 0x04b55533, L:/0:0:0:0:0:0:0:0:35443] CLOSE
2023-01-10 01:13:04,791 [9684d5c9-574d-4083-afb3-2b5a0b78eb45-NettyServerStreamRpc-bossGroup--thread1] INFO  logging.LoggingHandler (AbstractInternalLogger.java:log(148)) - [id: 0x04b55533, L:/0:0:0:0:0:0:0:0:35443] INACTIVE
2023-01-10 01:13:04,791 [9684d5c9-574d-4083-afb3-2b5a0b78eb45-NettyServerStreamRpc-bossGroup--thread1] INFO  logging.LoggingHandler (AbstractInternalLogger.java:log(148)) - [id: 0x04b55533, L:/0:0:0:0:0:0:0:0:35443] UNREGISTERED
2023-01-10 01:13:04,794 [JvmPauseMonitor1] INFO  util.JvmPauseMonitor (JvmPauseMonitor.java:run(111)) - JvmPauseMonitor-9684d5c9-574d-4083-afb3-2b5a0b78eb45: Stopped
2023-01-10 01:13:06,787 [Listener at 127.0.0.1/34303] INFO  volume.HddsVolume (HddsVolume.java:closeDbStore(338)) - SchemaV3 db is stopped at /home/runner/work/ozone/ozone/hadoop-ozone/integration-test/target/test-dir/MiniOzoneClusterImpl-11329d86-319f-4265-8dbd-04dd0b699e79/datanode-4/data-0/containers/hdds/11329d86-319f-4265-8dbd-04dd0b699e79/DS-e2a7a3eb-088f-4a44-b1d9-87473eb25dde/container.db for volume DS-e2a7a3eb-088f-4a44-b1d9-87473eb25dde
2023-01-10 01:13:06,787 [Listener at 127.0.0.1/34303] INFO  utils.BackgroundService (BackgroundService.java:shutdown(141)) - Shutting down service BlockDeletingService
2023-01-10 01:13:06,788 [Listener at 127.0.0.1/34303] INFO  utils.BackgroundService (BackgroundService.java:shutdown(141)) - Shutting down service StaleRecoveringContainerScrubbingService
2023-01-10 01:13:06,790 [Listener at 127.0.0.1/34303] INFO  statemachine.DatanodeStateMachine (DatanodeStateMachine.java:stopDaemon(596)) - Ozone container server stopped.
2023-01-10 01:13:06,799 [ForkJoinPool.commonPool-worker-0] INFO  volume.HddsVolume (HddsVolume.java:closeDbStore(338)) - SchemaV3 db is stopped at /home/runner/work/ozone/ozone/hadoop-ozone/integration-test/target/test-dir/MiniOzoneClusterImpl-11329d86-319f-4265-8dbd-04dd0b699e79/datanode-0/data-0/containers/hdds/11329d86-319f-4265-8dbd-04dd0b699e79/DS-e20f50f6-c3ad-4272-943d-d72f9216555a/container.db for volume DS-e20f50f6-c3ad-4272-943d-d72f9216555a
2023-01-10 01:13:06,799 [ForkJoinPool.commonPool-worker-0] INFO  utils.BackgroundService (BackgroundService.java:shutdown(141)) - Shutting down service BlockDeletingService
2023-01-10 01:13:06,799 [ForkJoinPool.commonPool-worker-0] INFO  utils.BackgroundService (BackgroundService.java:shutdown(141)) - Shutting down service StaleRecoveringContainerScrubbingService
2023-01-10 01:13:06,800 [ForkJoinPool.commonPool-worker-0] INFO  statemachine.DatanodeStateMachine (DatanodeStateMachine.java:stopDaemon(596)) - Ozone container server stopped.
2023-01-10 01:13:06,812 [Listener at 127.0.0.1/34303] INFO  handler.ContextHandler (ContextHandler.java:doStop(1159)) - Stopped o.e.j.w.WebAppContext@552d2df6{hddsDatanode,/,null,STOPPED}{jar:file:/home/runner/.m2/repository/org/apache/ozone/hdds-container-service/1.4.0-SNAPSHOT/hdds-container-service-1.4.0-SNAPSHOT.jar!/webapps/hddsDatanode}
2023-01-10 01:13:06,813 [ForkJoinPool.commonPool-worker-0] INFO  handler.ContextHandler (ContextHandler.java:doStop(1159)) - Stopped o.e.j.w.WebAppContext@403f5628{hddsDatanode,/,null,STOPPED}{jar:file:/home/runner/.m2/repository/org/apache/ozone/hdds-container-service/1.4.0-SNAPSHOT/hdds-container-service-1.4.0-SNAPSHOT.jar!/webapps/hddsDatanode}
2023-01-10 01:13:06,814 [Listener at 127.0.0.1/34303] INFO  server.AbstractConnector (AbstractConnector.java:doStop(383)) - Stopped ServerConnector@46d80eb{HTTP/1.1, (http/1.1)}{0.0.0.0:0}
2023-01-10 01:13:06,814 [Listener at 127.0.0.1/34303] INFO  server.session (HouseKeeper.java:stopScavenging(149)) - node0 Stopped scavenging
2023-01-10 01:13:06,814 [Listener at 127.0.0.1/34303] INFO  handler.ContextHandler (ContextHandler.java:doStop(1159)) - Stopped o.e.j.s.ServletContextHandler@143b32f4{static,/static,jar:file:/home/runner/.m2/repository/org/apache/ozone/hdds-container-service/1.4.0-SNAPSHOT/hdds-container-service-1.4.0-SNAPSHOT.jar!/webapps/static,STOPPED}
2023-01-10 01:13:06,815 [Listener at 127.0.0.1/34303] INFO  handler.ContextHandler (ContextHandler.java:doStop(1159)) - Stopped o.e.j.s.ServletContextHandler@516acd72{logs,/logs,file:///home/runner/work/ozone/ozone/hadoop-ozone/integration-test/target/log,STOPPED}
2023-01-10 01:13:06,815 [ForkJoinPool.commonPool-worker-0] INFO  server.AbstractConnector (AbstractConnector.java:doStop(383)) - Stopped ServerConnector@4c9d87ff{HTTP/1.1, (http/1.1)}{0.0.0.0:0}
2023-01-10 01:13:06,815 [ForkJoinPool.commonPool-worker-0] INFO  server.session (HouseKeeper.java:stopScavenging(149)) - node0 Stopped scavenging
2023-01-10 01:13:06,818 [ForkJoinPool.commonPool-worker-0] INFO  handler.ContextHandler (ContextHandler.java:doStop(1159)) - Stopped o.e.j.s.ServletContextHandler@61f0499f{static,/static,jar:file:/home/runner/.m2/repository/org/apache/ozone/hdds-container-service/1.4.0-SNAPSHOT/hdds-container-service-1.4.0-SNAPSHOT.jar!/webapps/static,STOPPED}
2023-01-10 01:13:06,818 [ForkJoinPool.commonPool-worker-0] INFO  handler.ContextHandler (ContextHandler.java:doStop(1159)) - Stopped o.e.j.s.ServletContextHandler@437b23c4{logs,/logs,file:///home/runner/work/ozone/ozone/hadoop-ozone/integration-test/target/log,STOPPED}
2023-01-10 01:13:06,819 [Listener at 127.0.0.1/34303] INFO  ozone.MiniOzoneClusterImpl (MiniOzoneClusterImpl.java:stopSCM(539)) - Stopping the StorageContainerManager
2023-01-10 01:13:06,819 [Listener at 127.0.0.1/34303] INFO  server.StorageContainerManager (StorageContainerManager.java:stop(1521)) - Container Balancer is not running.
2023-01-10 01:13:06,820 [Listener at 127.0.0.1/34303] INFO  server.StorageContainerManager (StorageContainerManager.java:stop(1528)) - Stopping Replication Manager Service.
2023-01-10 01:13:06,820 [Listener at 127.0.0.1/34303] INFO  replication.ReplicationManager (ReplicationManager.java:stop(296)) - Stopping Replication Monitor Thread.
2023-01-10 01:13:06,820 [Under Replicated Processor] WARN  replication.UnhealthyReplicationProcessor (UnhealthyReplicationProcessor.java:run(141)) - Under Replicated Processor interrupted. Exiting...
2023-01-10 01:13:06,820 [Over Replicated Processor] WARN  replication.UnhealthyReplicationProcessor (UnhealthyReplicationProcessor.java:run(141)) - Over Replicated Processor interrupted. Exiting...
2023-01-10 01:13:06,820 [Listener at 127.0.0.1/34303] INFO  server.StorageContainerManager (StorageContainerManager.java:stop(1535)) - Stopping the Datanode Admin Monitor.
2023-01-10 01:13:06,820 [ReplicationMonitor] INFO  replication.ReplicationManager (ReplicationManager.java:run(666)) - Replication Monitor Thread is stopped
2023-01-10 01:13:06,821 [Listener at 127.0.0.1/34303] INFO  server.StorageContainerManager (StorageContainerManager.java:stop(1542)) - Stopping datanode service RPC server
2023-01-10 01:13:06,821 [Listener at 127.0.0.1/34303] INFO  server.SCMDatanodeProtocolServer (SCMDatanodeProtocolServer.java:stop(441)) - Stopping the RPC server for DataNodes
2023-01-10 01:13:06,821 [Listener at 127.0.0.1/34303] INFO  ipc.Server (Server.java:stop(3428)) - Stopping server on 42039
2023-01-10 01:13:06,822 [IPC Server listener on 0] INFO  ipc.Server (Server.java:run(1384)) - Stopping IPC Server listener on 0
2023-01-10 01:13:06,823 [IPC Server Responder] INFO  ipc.Server (Server.java:run(1517)) - Stopping IPC Server Responder
2023-01-10 01:13:07,361 [SCM Heartbeat Processing Thread - 0] WARN  node.NodeStateManager (NodeStateManager.java:scheduleNextHealthCheck(870)) - Current Thread is interrupted, shutting down HB processing thread for Node Manager.
2023-01-10 01:13:07,361 [Listener at 127.0.0.1/34303] INFO  server.StorageContainerManager (StorageContainerManager.java:stop(1550)) - Stopping block service RPC server
2023-01-10 01:13:07,361 [Listener at 127.0.0.1/34303] INFO  server.SCMBlockProtocolServer (SCMBlockProtocolServer.java:stop(161)) - Stopping the RPC server for Block Protocol
2023-01-10 01:13:07,362 [Listener at 127.0.0.1/34303] INFO  ipc.Server (Server.java:stop(3428)) - Stopping server on 37049
2023-01-10 01:13:07,363 [IPC Server listener on 0] INFO  ipc.Server (Server.java:run(1384)) - Stopping IPC Server listener on 0
2023-01-10 01:13:07,364 [IPC Server Responder] INFO  ipc.Server (Server.java:run(1517)) - Stopping IPC Server Responder
2023-01-10 01:13:07,364 [Listener at 127.0.0.1/34303] INFO  server.StorageContainerManager (StorageContainerManager.java:stop(1557)) - Stopping the StorageContainerLocationProtocol RPC server
2023-01-10 01:13:07,365 [Listener at 127.0.0.1/34303] INFO  server.SCMClientProtocolServer (SCMClientProtocolServer.java:stop(179)) - Stopping the RPC server for Client Protocol
2023-01-10 01:13:07,365 [Listener at 127.0.0.1/34303] INFO  ipc.Server (Server.java:stop(3428)) - Stopping server on 43507
2023-01-10 01:13:07,367 [IPC Server Responder] INFO  ipc.Server (Server.java:run(1517)) - Stopping IPC Server Responder
2023-01-10 01:13:07,367 [Listener at 127.0.0.1/34303] INFO  server.StorageContainerManager (StorageContainerManager.java:stop(1564)) - Stopping Storage Container Manager HTTP server.
2023-01-10 01:13:07,367 [IPC Server listener on 0] INFO  ipc.Server (Server.java:run(1384)) - Stopping IPC Server listener on 0
2023-01-10 01:13:07,368 [Listener at 127.0.0.1/34303] INFO  handler.ContextHandler (ContextHandler.java:doStop(1159)) - Stopped o.e.j.w.WebAppContext@55731ccd{scm,/,null,STOPPED}{file:/home/runner/work/ozone/ozone/hadoop-ozone/integration-test/target/test-classes/webapps/scm}
2023-01-10 01:13:07,369 [Listener at 127.0.0.1/34303] INFO  server.AbstractConnector (AbstractConnector.java:doStop(383)) - Stopped ServerConnector@7359f3ac{HTTP/1.1, (http/1.1)}{0.0.0.0:0}
2023-01-10 01:13:07,369 [Listener at 127.0.0.1/34303] INFO  server.session (HouseKeeper.java:stopScavenging(149)) - node0 Stopped scavenging
2023-01-10 01:13:07,369 [Listener at 127.0.0.1/34303] INFO  handler.ContextHandler (ContextHandler.java:doStop(1159)) - Stopped o.e.j.s.ServletContextHandler@6e53bb4f{static,/static,file:///home/runner/work/ozone/ozone/hadoop-ozone/integration-test/target/test-classes/webapps/static,STOPPED}
2023-01-10 01:13:07,369 [Listener at 127.0.0.1/34303] INFO  handler.ContextHandler (ContextHandler.java:doStop(1159)) - Stopped o.e.j.s.ServletContextHandler@256c6f7a{logs,/logs,file:///home/runner/work/ozone/ozone/hadoop-ozone/integration-test/target/log,STOPPED}
2023-01-10 01:13:07,370 [Listener at 127.0.0.1/34303] INFO  server.StorageContainerManager (StorageContainerManager.java:stop(1570)) - Stopping SCM LayoutVersionManager Service.
2023-01-10 01:13:07,371 [Listener at 127.0.0.1/34303] INFO  server.StorageContainerManager (StorageContainerManager.java:stop(1578)) - Stopping Block Manager Service.
2023-01-10 01:13:07,371 [Listener at 127.0.0.1/34303] INFO  utils.BackgroundService (BackgroundService.java:shutdown(141)) - Shutting down service SCMBlockDeletingService
2023-01-10 01:13:07,371 [Listener at 127.0.0.1/34303] INFO  utils.BackgroundService (BackgroundService.java:shutdown(141)) - Shutting down service SCMBlockDeletingService
2023-01-10 01:13:07,371 [Listener at 127.0.0.1/34303] INFO  server.StorageContainerManager (StorageContainerManager.java:stop(1600)) - Stopping SCM Event Queue.
2023-01-10 01:13:07,373 [Listener at 127.0.0.1/34303] INFO  server.StorageContainerManager (StorageContainerManager.java:stop(1611)) - Stopping SCM HA services.
2023-01-10 01:13:07,374 [Listener at 127.0.0.1/34303] INFO  pipeline.BackgroundPipelineCreator (BackgroundPipelineCreator.java:stop(149)) - Stopping RatisPipelineUtilsThread.
2023-01-10 01:13:07,374 [RatisPipelineUtilsThread - 0] WARN  pipeline.BackgroundPipelineCreator (BackgroundPipelineCreator.java:run(180)) - RatisPipelineUtilsThread is interrupted.
2023-01-10 01:13:07,374 [BackgroundPipelineScrubberThread] WARN  BackgroundPipelineScrubber (BackgroundSCMService.java:run(115)) - BackgroundPipelineScrubber is interrupted, exit
2023-01-10 01:13:07,374 [Listener at 127.0.0.1/34303] INFO  BackgroundPipelineScrubber (BackgroundSCMService.java:stop(131)) - Stopping BackgroundPipelineScrubber Service.
2023-01-10 01:13:07,375 [Listener at 127.0.0.1/34303] INFO  impl.MetricsSystemImpl (MetricsSystemImpl.java:stop(210)) - Stopping HddsDatanode metrics system...
2023-01-10 01:13:07,382 [prometheus] INFO  impl.MetricsSinkAdapter (MetricsSinkAdapter.java:publishMetricsFromQueue(141)) - prometheus thread interrupted.
2023-01-10 01:13:07,382 [Listener at 127.0.0.1/34303] INFO  impl.MetricsSystemImpl (MetricsSystemImpl.java:stop(216)) - HddsDatanode metrics system stopped.
2023-01-10 01:13:07,383 [Listener at 127.0.0.1/34303] WARN  pipeline.BackgroundPipelineCreator (BackgroundPipelineCreator.java:stop(145)) - RatisPipelineUtilsThread is not running, just ignore.
2023-01-10 01:13:07,383 [Listener at 127.0.0.1/34303] INFO  BackgroundPipelineScrubber (BackgroundSCMService.java:stop(126)) - BackgroundPipelineScrubber Service is not running, skip stop.
2023-01-10 01:13:07,383 [Listener at 127.0.0.1/34303] INFO  ExpiredContainerReplicaOpScrubber (BackgroundSCMService.java:stop(131)) - Stopping ExpiredContainerReplicaOpScrubber Service.
2023-01-10 01:13:07,402 [Listener at 127.0.0.1/34303] INFO  utils.BackgroundService (BackgroundService.java:shutdown(141)) - Shutting down service SCMBlockDeletingService
2023-01-10 01:13:07,402 [ExpiredContainerReplicaOpScrubberThread] WARN  ExpiredContainerReplicaOpScrubber (BackgroundSCMService.java:run(115)) - ExpiredContainerReplicaOpScrubber is interrupted, exit
2023-01-10 01:13:07,402 [Listener at 127.0.0.1/34303] INFO  replication.ReplicationManager (ReplicationManager.java:stop(304)) - Replication Monitor Thread is not running.
2023-01-10 01:13:07,402 [Listener at 127.0.0.1/34303] WARN  balancer.ContainerBalancer (ContainerBalancer.java:stop(322)) - Cannot stop Container Balancer because it's not running or stopping
2023-01-10 01:13:07,403 [Listener at 127.0.0.1/34303] INFO  server.StorageContainerManager (StorageContainerManager.java:stop(1629)) - Stopping SCM MetadataStore.
]]></system-out>
  </testcase>
  <testcase name="testPipelineCreationOnNodeRestart" classname="org.apache.hadoop.hdds.scm.pipeline.TestRatisPipelineCreateAndDestroy" time="26.235">
    <system-out><![CDATA[2023-01-10 01:13:07,511 [Listener at 127.0.0.1/34303] WARN  server.ServerUtils (ServerUtils.java:getScmDbDir(148)) - ozone.scm.db.dirs is not configured. We recommend adding this setting. Falling back to ozone.metadata.dirs instead.
2023-01-10 01:13:07,517 [Listener at 127.0.0.1/34303] WARN  server.ServerUtils (ServerUtils.java:getScmDbDir(148)) - ozone.scm.db.dirs is not configured. We recommend adding this setting. Falling back to ozone.metadata.dirs instead.
2023-01-10 01:13:07,517 [Listener at 127.0.0.1/34303] INFO  ha.SCMHANodeDetails (SCMHANodeDetails.java:loadSCMHAConfig(209)) - ServiceID for StorageContainerManager is null
2023-01-10 01:13:07,517 [Listener at 127.0.0.1/34303] INFO  ha.SCMHANodeDetails (SCMHANodeDetails.java:loadSCMHAConfig(214)) - ozone.scm.default.service.id is not defined, falling back to ozone.scm.service.ids to find serviceID for StorageContainerManager if it is HA enabled cluster
2023-01-10 01:13:07,518 [Listener at 127.0.0.1/34303] WARN  utils.HAUtils (HAUtils.java:getMetaDir(342)) - ozone.scm.db.dirs is not configured. We recommend adding this setting. Falling back to ozone.metadata.dirs instead.
2023-01-10 01:13:07,518 [Listener at 127.0.0.1/34303] WARN  db.DBStoreBuilder (DBStoreBuilder.java:applyDBDefinition(144)) - ozone.scm.db.dirs is not configured. We recommend adding this setting. Falling back to ozone.metadata.dirs instead.
2023-01-10 01:13:07,624 [Listener at 127.0.0.1/34303] INFO  net.NodeSchemaLoader (NodeSchemaLoader.java:loadSchemaFromFile(129)) - Loading schema from [jar:file:/home/runner/.m2/repository/org/apache/ozone/hdds-common/1.4.0-SNAPSHOT/hdds-common-1.4.0-SNAPSHOT.jar!/network-topology-default.xml]
2023-01-10 01:13:07,624 [Listener at 127.0.0.1/34303] INFO  net.NodeSchemaLoader (NodeSchemaLoader.java:loadSchema(176)) - Loading network topology layer schema file
2023-01-10 01:13:07,627 [Listener at 127.0.0.1/34303] INFO  upgrade.AbstractLayoutVersionManager (AbstractLayoutVersionManager.java:init(83)) - Initializing Layout version manager with metadata layout = DATANODE_SCHEMA_V3 (version = 4), software layout = DATANODE_SCHEMA_V3 (version = 4)
2023-01-10 01:13:07,670 [Listener at 127.0.0.1/34303] INFO  reflections.Reflections (Reflections.java:scan(232)) - Reflections took 42 ms to scan 7 urls, producing 146 keys and 350 values 
2023-01-10 01:13:07,672 [Listener at 127.0.0.1/34303] INFO  ha.SequenceIdGenerator (SequenceIdGenerator.java:upgradeToSequenceId(349)) - upgrade localId to 111677748019200000
2023-01-10 01:13:07,672 [Listener at 127.0.0.1/34303] INFO  ha.SequenceIdGenerator (SequenceIdGenerator.java:upgradeToSequenceId(359)) - upgrade delTxnId to 0
2023-01-10 01:13:07,672 [Listener at 127.0.0.1/34303] INFO  ha.SequenceIdGenerator (SequenceIdGenerator.java:upgradeToSequenceId(376)) - upgrade containerId to 0
2023-01-10 01:13:07,673 [Listener at 127.0.0.1/34303] INFO  ha.SequenceIdGenerator (SequenceIdGenerator.java:<init>(220)) - Init the HA SequenceIdGenerator.
2023-01-10 01:13:07,673 [Listener at 127.0.0.1/34303] WARN  server.ServerUtils (ServerUtils.java:sanitizeUserArgs(67)) - ozone.scm.stale.node.interval value = 5000 is smaller than min = 6000 based on the key value of hdds.heartbeat.interval, reset to the min value 6000.
2023-01-10 01:13:07,673 [Listener at 127.0.0.1/34303] WARN  server.ServerUtils (ServerUtils.java:sanitizeUserArgs(67)) - ozone.scm.stale.node.interval value = 5000 is smaller than min = 6000 based on the key value of hdds.heartbeat.interval, reset to the min value 6000.
2023-01-10 01:13:07,676 [Listener at 127.0.0.1/34303] INFO  node.SCMNodeManager (SCMNodeManager.java:<init>(149)) - Entering startup safe mode.
2023-01-10 01:13:07,676 [Listener at 127.0.0.1/34303] INFO  algorithms.ContainerPlacementPolicyFactory (ContainerPlacementPolicyFactory.java:getPolicyInternal(86)) - Create container placement policy of type org.apache.hadoop.hdds.scm.container.placement.algorithms.SCMContainerPlacementRandom
2023-01-10 01:13:07,676 [Listener at 127.0.0.1/34303] INFO  algorithms.ContainerPlacementPolicyFactory (ContainerPlacementPolicyFactory.java:getPolicyInternal(86)) - Create container placement policy of type org.apache.hadoop.hdds.scm.container.placement.algorithms.SCMContainerPlacementRackScatter
2023-01-10 01:13:07,676 [Listener at 127.0.0.1/34303] INFO  pipeline.PipelineStateManagerImpl (PipelineStateManagerImpl.java:initialize(78)) - No pipeline exists in current db
2023-01-10 01:13:07,677 [Listener at 127.0.0.1/34303] INFO  algorithms.LeaderChoosePolicyFactory (LeaderChoosePolicyFactory.java:getPolicy(57)) - Create leader choose policy of type org.apache.hadoop.hdds.scm.pipeline.leader.choose.algorithms.MinLeaderCountChoosePolicy
2023-01-10 01:13:07,677 [Listener at 127.0.0.1/34303] INFO  algorithms.ContainerPlacementPolicyFactory (ContainerPlacementPolicyFactory.java:getPolicyInternal(86)) - Create container placement policy of type org.apache.hadoop.hdds.scm.container.placement.algorithms.SCMContainerPlacementRackScatter
2023-01-10 01:13:07,677 [Listener at 127.0.0.1/34303] INFO  ha.SCMServiceManager (SCMServiceManager.java:register(42)) - Registering service BackgroundPipelineCreator.
2023-01-10 01:13:07,677 [Listener at 127.0.0.1/34303] INFO  pipeline.BackgroundPipelineCreator (BackgroundPipelineCreator.java:start(124)) - Starting RatisPipelineUtilsThread.
2023-01-10 01:13:07,679 [Listener at 127.0.0.1/34303] INFO  BackgroundPipelineScrubber (BackgroundSCMService.java:start(68)) - Starting BackgroundPipelineScrubber Service.
2023-01-10 01:13:07,680 [Listener at 127.0.0.1/34303] INFO  ha.SCMServiceManager (SCMServiceManager.java:register(42)) - Registering service BackgroundPipelineScrubber.
2023-01-10 01:13:07,680 [Listener at 127.0.0.1/34303] INFO  ExpiredContainerReplicaOpScrubber (BackgroundSCMService.java:start(68)) - Starting ExpiredContainerReplicaOpScrubber Service.
2023-01-10 01:13:07,680 [Listener at 127.0.0.1/34303] INFO  ha.SCMServiceManager (SCMServiceManager.java:register(42)) - Registering service ExpiredContainerReplicaOpScrubber.
2023-01-10 01:13:07,681 [Listener at 127.0.0.1/34303] INFO  algorithms.PipelineChoosePolicyFactory (PipelineChoosePolicyFactory.java:createPipelineChoosePolicyFromClass(73)) - Create pipeline choose policy of type org.apache.hadoop.hdds.scm.pipeline.choose.algorithms.RandomPipelineChoosePolicy
2023-01-10 01:13:07,682 [Listener at 127.0.0.1/34303] INFO  ha.SCMServiceManager (SCMServiceManager.java:register(42)) - Registering service SCMBlockDeletingService.
2023-01-10 01:13:07,682 [Listener at 127.0.0.1/34303] INFO  replication.ReplicationManager (ReplicationManager.java:start(261)) - Starting Replication Monitor Thread.
2023-01-10 01:13:07,683 [Listener at 127.0.0.1/34303] INFO  ha.SCMServiceManager (SCMServiceManager.java:register(42)) - Registering service ReplicationManager.
2023-01-10 01:13:07,683 [Listener at 127.0.0.1/34303] INFO  safemode.ContainerSafeModeRule (ContainerSafeModeRule.java:<init>(89)) - containers with one replica threshold count 0
2023-01-10 01:13:07,684 [Listener at 127.0.0.1/34303] INFO  safemode.HealthyPipelineSafeModeRule (HealthyPipelineSafeModeRule.java:initializeRule(169)) - Total pipeline count is 0, healthy pipeline threshold count is 1
2023-01-10 01:13:07,684 [Listener at 127.0.0.1/34303] INFO  safemode.OneReplicaPipelineSafeModeRule (OneReplicaPipelineSafeModeRule.java:initializeRule(180)) - Total pipeline count is 0, pipeline's with at least one datanode reported threshold count is 0
2023-01-10 01:13:07,684 [Listener at 127.0.0.1/34303] INFO  ipc.CallQueueManager (CallQueueManager.java:<init>(90)) - Using callQueue: class java.util.concurrent.LinkedBlockingQueue, queueCapacity: 2000, scheduler: class org.apache.hadoop.ipc.DefaultRpcScheduler, ipcBackoff: false.
2023-01-10 01:13:07,685 [Socket Reader #1 for port 0] INFO  ipc.Server (Server.java:run(1273)) - Starting Socket Reader #1 for port 0
2023-01-10 01:13:07,686 [Listener at 0.0.0.0/37535] INFO  ipc.CallQueueManager (CallQueueManager.java:<init>(90)) - Using callQueue: class java.util.concurrent.LinkedBlockingQueue, queueCapacity: 2000, scheduler: class org.apache.hadoop.ipc.DefaultRpcScheduler, ipcBackoff: false.
2023-01-10 01:13:07,686 [Socket Reader #1 for port 0] INFO  ipc.Server (Server.java:run(1273)) - Starting Socket Reader #1 for port 0
2023-01-10 01:13:07,687 [Listener at 0.0.0.0/39965] INFO  ipc.CallQueueManager (CallQueueManager.java:<init>(90)) - Using callQueue: class java.util.concurrent.LinkedBlockingQueue, queueCapacity: 2000, scheduler: class org.apache.hadoop.ipc.DefaultRpcScheduler, ipcBackoff: false.
2023-01-10 01:13:07,688 [Socket Reader #1 for port 0] INFO  ipc.Server (Server.java:run(1273)) - Starting Socket Reader #1 for port 0
2023-01-10 01:13:07,692 [Listener at 0.0.0.0/36561] INFO  ha.SCMServiceManager (SCMServiceManager.java:register(42)) - Registering service ContainerBalancer.
2023-01-10 01:13:07,692 [Listener at 0.0.0.0/36561] INFO  server.StorageContainerManager (StorageContainerManager.java:<init>(399)) - 
Container Balancer status:
Key                            Value
Running                        true
Container Balancer Configuration values:
Key                                                Value
Threshold                                          10
Max Datanodes to Involve per Iteration(percent)    20
Max Size to Move per Iteration                     500GB
Max Size Entering Target per Iteration             26GB
Max Size Leaving Source per Iteration              26GB

2023-01-10 01:13:07,692 [Listener at 0.0.0.0/36561] INFO  ha.SCMContext (SCMContext.java:updateSafeModeStatus(228)) - Update SafeModeStatus from SafeModeStatus{safeModeStatus=true, preCheckPassed=false} to SafeModeStatus{safeModeStatus=true, preCheckPassed=false}.
2023-01-10 01:13:07,692 [Listener at 0.0.0.0/36561] INFO  server.StorageContainerManager (StorageContainerManager.java:start(1426)) - StorageContainerLocationProtocol RPC server is listening at /0.0.0.0:36561
2023-01-10 01:13:07,695 [ReplicationMonitor] INFO  replication.ReplicationManager (ReplicationManager.java:processAll(330)) - Replication Manager is not ready to run until 3000ms after safemode exit
2023-01-10 01:13:07,695 [Listener at 0.0.0.0/36561] WARN  impl.MetricsConfig (MetricsConfig.java:loadFirst(136)) - Cannot locate configuration: tried hadoop-metrics2-storagecontainermanager.properties,hadoop-metrics2.properties
2023-01-10 01:13:07,697 [Listener at 0.0.0.0/36561] INFO  impl.MetricsSystemImpl (MetricsSystemImpl.java:startTimer(378)) - Scheduled Metric snapshot period at 10 second(s).
2023-01-10 01:13:07,697 [Listener at 0.0.0.0/36561] INFO  impl.MetricsSystemImpl (MetricsSystemImpl.java:start(191)) - StorageContainerManager metrics system started
2023-01-10 01:13:07,706 [Listener at 0.0.0.0/36561] INFO  impl.MetricsSinkAdapter (MetricsSinkAdapter.java:start(204)) - Sink prometheus started
2023-01-10 01:13:07,706 [Listener at 0.0.0.0/36561] INFO  impl.MetricsSystemImpl (MetricsSystemImpl.java:registerSink(305)) - Registered sink prometheus
2023-01-10 01:13:07,727 [Listener at 0.0.0.0/36561] INFO  server.SCMClientProtocolServer (SCMClientProtocolServer.java:start(170)) - RPC server for Client  is listening at /0.0.0.0:36561
2023-01-10 01:13:07,728 [IPC Server Responder] INFO  ipc.Server (Server.java:run(1512)) - IPC Server Responder: starting
2023-01-10 01:13:07,728 [IPC Server listener on 0] INFO  ipc.Server (Server.java:run(1352)) - IPC Server listener on 0: starting
2023-01-10 01:13:07,734 [Listener at 0.0.0.0/36561] INFO  server.StorageContainerManager (StorageContainerManager.java:start(1440)) - ScmBlockLocationProtocol RPC server is listening at /0.0.0.0:39965
2023-01-10 01:13:07,735 [Listener at 0.0.0.0/36561] INFO  server.SCMBlockProtocolServer (SCMBlockProtocolServer.java:start(152)) - RPC server for Block Protocol is listening at /0.0.0.0:39965
2023-01-10 01:13:07,735 [IPC Server listener on 0] INFO  ipc.Server (Server.java:run(1352)) - IPC Server listener on 0: starting
2023-01-10 01:13:07,735 [IPC Server Responder] INFO  ipc.Server (Server.java:run(1512)) - IPC Server Responder: starting
2023-01-10 01:13:07,737 [Listener at 0.0.0.0/36561] INFO  server.SCMDatanodeProtocolServer (SCMDatanodeProtocolServer.java:start(194)) - ScmDatanodeProtocol RPC server for DataNodes is listening at /0.0.0.0:37535
2023-01-10 01:13:07,738 [IPC Server Responder] INFO  ipc.Server (Server.java:run(1512)) - IPC Server Responder: starting
2023-01-10 01:13:07,738 [IPC Server listener on 0] INFO  ipc.Server (Server.java:run(1352)) - IPC Server listener on 0: starting
2023-01-10 01:13:07,741 [org.apache.hadoop.util.JvmPauseMonitor$Monitor@1106b71] INFO  util.JvmPauseMonitor (JvmPauseMonitor.java:run(188)) - Starting JVM pause monitor
2023-01-10 01:13:07,741 [Listener at 0.0.0.0/36561] INFO  http.BaseHttpServer (BaseHttpServer.java:newHttpServer2BuilderForOzone(213)) - Starting Web-server for scm at: http://0.0.0.0:0
2023-01-10 01:13:07,742 [Listener at 0.0.0.0/36561] INFO  http.BaseHttpServer (BaseHttpServer.java:<init>(108)) - Hadoop Security Enabled: false Ozone Security Enabled: false Ozone HTTP Security Enabled: false 
2023-01-10 01:13:07,743 [Listener at 0.0.0.0/36561] WARN  server.AuthenticationFilter (AuthenticationFilter.java:constructSecretProvider(240)) - Unable to initialize FileSignerSecretProvider, falling back to use random secrets. Reason: Could not read signature secret file: /home/runner/hadoop-http-auth-signature-secret
2023-01-10 01:13:07,744 [Listener at 0.0.0.0/36561] WARN  http.HttpRequestLog (HttpRequestLog.java:getRequestLog(103)) - Jetty request log can only be enabled using Log4j
2023-01-10 01:13:07,745 [Listener at 0.0.0.0/36561] INFO  http.HttpServer2 (HttpServer2.java:addGlobalFilter(1031)) - Added global filter 'safety' (class=org.apache.hadoop.hdds.server.http.HttpServer2$QuotingInputFilter)
2023-01-10 01:13:07,746 [Listener at 0.0.0.0/36561] INFO  http.HttpServer2 (HttpServer2.java:addFilter(1007)) - Added filter static_user_filter (class=org.apache.hadoop.http.lib.StaticUserWebFilter$StaticUserFilter) to context scm
2023-01-10 01:13:07,746 [Listener at 0.0.0.0/36561] INFO  http.HttpServer2 (HttpServer2.java:addFilter(1015)) - Added filter static_user_filter (class=org.apache.hadoop.http.lib.StaticUserWebFilter$StaticUserFilter) to context static
2023-01-10 01:13:07,746 [Listener at 0.0.0.0/36561] INFO  http.HttpServer2 (HttpServer2.java:addFilter(1015)) - Added filter static_user_filter (class=org.apache.hadoop.http.lib.StaticUserWebFilter$StaticUserFilter) to context logs
2023-01-10 01:13:07,747 [Listener at 0.0.0.0/36561] INFO  http.HttpServer2 (HttpServer2.java:bindListener(1250)) - Jetty bound to port 40305
2023-01-10 01:13:07,747 [Listener at 0.0.0.0/36561] INFO  server.Server (Server.java:doStart(375)) - jetty-9.4.49.v20220914; built: 2022-09-14T01:07:36.601Z; git: 4231a3b2e4cb8548a412a789936d640a97b1aa0a; jvm 1.8.0_352-b08
2023-01-10 01:13:07,748 [Listener at 0.0.0.0/36561] INFO  server.session (DefaultSessionIdManager.java:doStart(334)) - DefaultSessionIdManager workerName=node0
2023-01-10 01:13:07,748 [Listener at 0.0.0.0/36561] INFO  server.session (DefaultSessionIdManager.java:doStart(339)) - No SessionScavenger set, using defaults
2023-01-10 01:13:07,749 [Listener at 0.0.0.0/36561] INFO  server.session (HouseKeeper.java:startScavenging(132)) - node0 Scavenging every 600000ms
2023-01-10 01:13:07,749 [Listener at 0.0.0.0/36561] INFO  handler.ContextHandler (ContextHandler.java:doStart(921)) - Started o.e.j.s.ServletContextHandler@4167729a{logs,/logs,file:///home/runner/work/ozone/ozone/hadoop-ozone/integration-test/target/log,AVAILABLE}
2023-01-10 01:13:07,750 [Listener at 0.0.0.0/36561] INFO  handler.ContextHandler (ContextHandler.java:doStart(921)) - Started o.e.j.s.ServletContextHandler@33db8d3a{static,/static,file:///home/runner/work/ozone/ozone/hadoop-ozone/integration-test/target/test-classes/webapps/static,AVAILABLE}
2023-01-10 01:13:07,753 [Listener at 0.0.0.0/36561] INFO  handler.ContextHandler (ContextHandler.java:doStart(921)) - Started o.e.j.w.WebAppContext@549e0088{scm,/,file:///home/runner/work/ozone/ozone/hadoop-ozone/integration-test/target/test-classes/webapps/scm/,AVAILABLE}{file:/home/runner/work/ozone/ozone/hadoop-ozone/integration-test/target/test-classes/webapps/scm}
2023-01-10 01:13:07,758 [Listener at 0.0.0.0/36561] INFO  server.AbstractConnector (AbstractConnector.java:doStart(333)) - Started ServerConnector@1575c8cc{HTTP/1.1, (http/1.1)}{0.0.0.0:40305}
2023-01-10 01:13:07,758 [Listener at 0.0.0.0/36561] INFO  server.Server (Server.java:doStart(415)) - Started @89359ms
2023-01-10 01:13:07,758 [Listener at 0.0.0.0/36561] WARN  impl.MetricsSystemImpl (MetricsSystemImpl.java:register(279)) - Sink prometheus already exists!
2023-01-10 01:13:07,758 [Listener at 0.0.0.0/36561] INFO  http.BaseHttpServer (BaseHttpServer.java:updateConnectorAddress(333)) - HTTP server of scm listening at http://0.0.0.0:40305
2023-01-10 01:13:07,758 [Listener at 0.0.0.0/36561] WARN  server.ServerUtils (ServerUtils.java:getDBPath(225)) - ozone.om.db.dirs is not configured. We recommend adding this setting. Falling back to ozone.metadata.dirs instead.
2023-01-10 01:13:07,760 [Listener at 0.0.0.0/36561] INFO  ha.OMHANodeDetails (OMHANodeDetails.java:loadOMHAConfig(115)) - ozone.om.internal.service.id is not defined, falling back to ozone.om.service.ids to find serviceID for OzoneManager if it is HA enabled cluster
2023-01-10 01:13:07,760 [Listener at 0.0.0.0/36561] INFO  ha.OMHANodeDetails (OMHANodeDetails.java:loadOMHAConfig(226)) - Configuration does not have ozone.om.address set. Falling back to the default OM address /127.0.0.1:0
2023-01-10 01:13:07,760 [Listener at 0.0.0.0/36561] INFO  ha.OMHANodeDetails (OMHANodeDetails.java:getOMNodeDetailsForNonHA(254)) - OM Service ID is not set. Setting it to the default ID: omServiceIdDefault
2023-01-10 01:13:07,761 [Listener at 0.0.0.0/36561] INFO  ha.OMHANodeDetails (OMHANodeDetails.java:getOMNodeDetailsForNonHA(261)) - OM Node ID is not set. Setting it to the default ID: om1
2023-01-10 01:13:07,761 [Listener at 0.0.0.0/36561] WARN  server.ServerUtils (ServerUtils.java:getDBPath(225)) - ozone.om.db.dirs is not configured. We recommend adding this setting. Falling back to ozone.metadata.dirs instead.
2023-01-10 01:13:07,761 [Listener at 0.0.0.0/36561] INFO  upgrade.AbstractLayoutVersionManager (AbstractLayoutVersionManager.java:init(83)) - Initializing Layout version manager with metadata layout = MULTITENANCY_SCHEMA (version = 3), software layout = MULTITENANCY_SCHEMA (version = 3)
2023-01-10 01:13:07,818 [Listener at 0.0.0.0/36561] INFO  reflections.Reflections (Reflections.java:scan(232)) - Reflections took 56 ms to scan 2 urls, producing 155 keys and 428 values [using 2 cores]
2023-01-10 01:13:07,819 [Listener at 0.0.0.0/36561] INFO  upgrade.OMLayoutVersionManager (OMLayoutVersionManager.java:lambda$0(115)) - Skipping Upgrade Action MockOmUpgradeAction since it has been finalized.
2023-01-10 01:13:07,819 [Listener at 0.0.0.0/36561] WARN  server.ServerUtils (ServerUtils.java:getDBPath(225)) - ozone.om.db.dirs is not configured. We recommend adding this setting. Falling back to ozone.metadata.dirs instead.
2023-01-10 01:13:07,820 [Listener at 0.0.0.0/36561] INFO  proxy.SCMBlockLocationFailoverProxyProvider (SCMBlockLocationFailoverProxyProvider.java:<init>(114)) - Created block location fail-over proxy with 1 nodes: [nodeId=scmNodeId,nodeAddress=/0.0.0.0:39965]
2023-01-10 01:13:07,821 [Listener at 0.0.0.0/36561] INFO  proxy.SCMBlockLocationFailoverProxyProvider (SCMBlockLocationFailoverProxyProvider.java:<init>(114)) - Created block location fail-over proxy with 1 nodes: [nodeId=scmNodeId,nodeAddress=/0.0.0.0:39965]
2023-01-10 01:13:07,829 [Listener at 0.0.0.0/36561] WARN  server.ServerUtils (ServerUtils.java:getDBPath(225)) - ozone.om.db.dirs is not configured. We recommend adding this setting. Falling back to ozone.metadata.dirs instead.
2023-01-10 01:13:07,829 [Listener at 0.0.0.0/36561] INFO  codec.OmKeyInfoCodec (OmKeyInfoCodec.java:<init>(49)) - OmKeyInfoCodec ignorePipeline = true
2023-01-10 01:13:07,829 [Listener at 0.0.0.0/36561] INFO  codec.RepeatedOmKeyInfoCodec (RepeatedOmKeyInfoCodec.java:<init>(41)) - RepeatedOmKeyInfoCodec ignorePipeline = true
2023-01-10 01:13:07,980 [Listener at 0.0.0.0/36561] INFO  om.OzoneManager (OzoneManager.java:instantiateServices(716)) - S3 Multi-Tenancy is disabled
2023-01-10 01:13:07,981 [Listener at 0.0.0.0/36561] INFO  om.OzoneManager (OzoneManager.java:addS3GVolumeToDB(4286)) - Created Volume s3v With Owner runner required for S3Gateway operations.
2023-01-10 01:13:07,982 [Listener at 0.0.0.0/36561] WARN  server.ServerUtils (ServerUtils.java:getDefaultRatisDirectory(237)) - Storage directory for Ratis is not configured. It is a good idea to map this to an SSD disk. Falling back to ozone.metadata.dirs
2023-01-10 01:13:07,982 [Listener at 0.0.0.0/36561] WARN  utils.OzoneManagerRatisUtils (OzoneManagerRatisUtils.java:getOMRatisSnapshotDirectory(431)) - ozone.om.ratis.snapshot.dir is not configured. Falling back to ozone.metadata.dirs config
2023-01-10 01:13:07,982 [Listener at 0.0.0.0/36561] WARN  server.ServerUtils (ServerUtils.java:getDefaultRatisDirectory(237)) - Storage directory for Ratis is not configured. It is a good idea to map this to an SSD disk. Falling back to ozone.metadata.dirs
2023-01-10 01:13:07,984 [Listener at 0.0.0.0/36561] INFO  ratis.OzoneManagerRatisServer (OzoneManagerRatisServer.java:<init>(160)) - Instantiating OM Ratis server with groupID: omServiceIdDefault and peers: localhost:9872
2023-01-10 01:13:07,984 [Listener at 0.0.0.0/36561] INFO  ratis.OzoneManagerStateMachine (OzoneManagerStateMachine.java:loadSnapshotInfoFromDB(636)) - LastAppliedIndex is set from TransactionInfo from OM DB as (t:0, i:~)
2023-01-10 01:13:07,985 [Listener at 0.0.0.0/36561] INFO  server.RaftServer (ConfUtils.java:logGet(46)) - raft.rpc.type = GRPC (default)
2023-01-10 01:13:07,985 [Listener at 0.0.0.0/36561] INFO  grpc.GrpcConfigKeys (ConfUtils.java:logFallback(53)) - raft.grpc.admin.host = null (fallback to raft.grpc.server.host)
2023-01-10 01:13:07,985 [Listener at 0.0.0.0/36561] INFO  grpc.GrpcConfigKeys (ConfUtils.java:logFallback(53)) - raft.grpc.admin.port = 9872 (fallback to raft.grpc.server.port)
2023-01-10 01:13:07,985 [Listener at 0.0.0.0/36561] INFO  grpc.GrpcConfigKeys (ConfUtils.java:logFallback(53)) - raft.grpc.client.host = null (fallback to raft.grpc.server.host)
2023-01-10 01:13:07,985 [Listener at 0.0.0.0/36561] INFO  grpc.GrpcConfigKeys (ConfUtils.java:logFallback(53)) - raft.grpc.client.port = 9872 (fallback to raft.grpc.server.port)
2023-01-10 01:13:07,985 [Listener at 0.0.0.0/36561] INFO  grpc.GrpcConfigKeys (ConfUtils.java:logGet(46)) - raft.grpc.server.host = null (default)
2023-01-10 01:13:07,986 [Listener at 0.0.0.0/36561] INFO  grpc.GrpcConfigKeys (ConfUtils.java:logGet(46)) - raft.grpc.server.port = 9872 (custom)
2023-01-10 01:13:07,986 [Listener at 0.0.0.0/36561] INFO  server.GrpcService (ConfUtils.java:logGet(46)) - raft.grpc.message.size.max = 33554432 (custom)
2023-01-10 01:13:07,986 [Listener at 0.0.0.0/36561] INFO  server.RaftServerConfigKeys (ConfUtils.java:logGet(46)) - raft.server.log.appender.buffer.byte-limit = 33554432 (custom)
2023-01-10 01:13:07,986 [Listener at 0.0.0.0/36561] INFO  server.GrpcService (ConfUtils.java:logGet(46)) - raft.grpc.flow.control.window = 1MB (=1048576) (default)
2023-01-10 01:13:07,986 [Listener at 0.0.0.0/36561] INFO  server.RaftServerConfigKeys (ConfUtils.java:logGet(46)) - raft.server.rpc.request.timeout = 3000ms (default)
2023-01-10 01:13:07,986 [Listener at 0.0.0.0/36561] INFO  grpc.GrpcConfigKeys (ConfUtils.java:logGet(46)) - raft.grpc.server.heartbeat.channel = true (default)
2023-01-10 01:13:07,986 [Listener at 0.0.0.0/36561] INFO  grpc.GrpcConfigKeys (ConfUtils.java:logGet(46)) - raft.grpc.server.async.request.thread.pool.cached = true (default)
2023-01-10 01:13:07,987 [Listener at 0.0.0.0/36561] INFO  grpc.GrpcConfigKeys (ConfUtils.java:logGet(46)) - raft.grpc.server.async.request.thread.pool.size = 32 (default)
2023-01-10 01:13:07,988 [Listener at 0.0.0.0/36561] INFO  impl.DataStreamServerImpl (ConfUtils.java:logGet(46)) - raft.datastream.type = NETTY (custom)
2023-01-10 01:13:07,988 [Listener at 0.0.0.0/36561] INFO  server.RaftServerConfigKeys (ConfUtils.java:logGet(46)) - raft.server.data-stream.async.request.thread.pool.cached = false (default)
2023-01-10 01:13:07,988 [Listener at 0.0.0.0/36561] INFO  server.RaftServerConfigKeys (ConfUtils.java:logGet(46)) - raft.server.data-stream.async.request.thread.pool.size = 32 (default)
2023-01-10 01:13:07,989 [Listener at 0.0.0.0/36561] INFO  server.RaftServerConfigKeys (ConfUtils.java:logGet(46)) - raft.server.data-stream.async.write.thread.pool.size = 16 (default)
2023-01-10 01:13:07,989 [Listener at 0.0.0.0/36561] INFO  server.RaftServerConfigKeys (ConfUtils.java:logGet(46)) - raft.server.data-stream.client.pool.size = 10 (default)
2023-01-10 01:13:07,989 [Listener at 0.0.0.0/36561] INFO  netty.NettyConfigKeys$DataStream (ConfUtils.java:logGet(46)) - raft.netty.dataStream.server.use-epoll = false (default)
2023-01-10 01:13:07,989 [Listener at 0.0.0.0/36561] INFO  netty.NettyConfigKeys$DataStream (ConfUtils.java:logGet(46)) - raft.netty.dataStream.server.boss-group.size = 0 (default)
2023-01-10 01:13:07,989 [Listener at 0.0.0.0/36561] INFO  netty.NettyConfigKeys$DataStream (ConfUtils.java:logGet(46)) - raft.netty.dataStream.server.worker-group.size = 0 (default)
2023-01-10 01:13:07,990 [Listener at 0.0.0.0/36561] INFO  netty.NettyConfigKeys$DataStream (ConfUtils.java:logGet(46)) - raft.netty.dataStream.server.tls.conf = null (default)
2023-01-10 01:13:07,990 [Listener at 0.0.0.0/36561] INFO  netty.NettyConfigKeys$DataStream (ConfUtils.java:logGet(46)) - raft.netty.dataStream.host = null (default)
2023-01-10 01:13:07,990 [Listener at 0.0.0.0/36561] INFO  netty.NettyConfigKeys$DataStream (ConfUtils.java:logGet(46)) - raft.netty.dataStream.port = 0 (default)
2023-01-10 01:13:07,991 [Listener at 0.0.0.0/36561] INFO  server.RaftServerConfigKeys (ConfUtils.java:logGet(46)) - raft.server.threadpool.proxy.cached = true (default)
2023-01-10 01:13:07,991 [Listener at 0.0.0.0/36561] INFO  server.RaftServerConfigKeys (ConfUtils.java:logGet(46)) - raft.server.threadpool.proxy.size = 0 (default)
2023-01-10 01:13:07,991 [Listener at 0.0.0.0/36561] INFO  server.RaftServerConfigKeys (ConfUtils.java:logGet(46)) - raft.server.rpc.slowness.timeout = 120s (custom)
2023-01-10 01:13:07,991 [Listener at 0.0.0.0/36561] INFO  server.RaftServerConfigKeys (ConfUtils.java:logGet(46)) - raft.server.leaderelection.leader.step-down.wait-time = 10s (default)
2023-01-10 01:13:07,991 [Listener at 0.0.0.0/36561] INFO  server.RaftServerConfigKeys (ConfUtils.java:logGet(46)) - raft.server.storage.dir = [/home/runner/work/ozone/ozone/hadoop-ozone/integration-test/target/test-dir/MiniOzoneClusterImpl-87d91b25-fa0c-46b9-b442-f5a189e2cbc3/ozone-meta/ratis] (custom)
2023-01-10 01:13:07,992 [om1-NettyServerStreamRpc-bossGroup--thread1] INFO  logging.LoggingHandler (AbstractInternalLogger.java:log(148)) - [id: 0x9264a78b] REGISTERED
2023-01-10 01:13:07,992 [om1-NettyServerStreamRpc-bossGroup--thread1] INFO  logging.LoggingHandler (AbstractInternalLogger.java:log(148)) - [id: 0x9264a78b] BIND: 0.0.0.0/0.0.0.0:0
2023-01-10 01:13:07,992 [om1-NettyServerStreamRpc-bossGroup--thread1] INFO  logging.LoggingHandler (AbstractInternalLogger.java:log(148)) - [id: 0x9264a78b, L:/0:0:0:0:0:0:0:0:45779] ACTIVE
2023-01-10 01:13:07,994 [Listener at 0.0.0.0/36561] INFO  server.RaftServer (RaftServerProxy.java:addNew(96)) - om1: addNew group-C5BA1605619E:[om1|rpc:localhost:9872|priority:0|startupRole:FOLLOWER] returns group-C5BA1605619E:java.util.concurrent.CompletableFuture@77cf68c6[Not completed]
2023-01-10 01:13:07,994 [Listener at 0.0.0.0/36561] INFO  om.OzoneManager (OzoneManager.java:initializeRatisServer(1981)) - OzoneManager Ratis server initialized at port 9872
2023-01-10 01:13:07,995 [Listener at 0.0.0.0/36561] INFO  om.OzoneManager (OzoneManager.java:getRpcServer(1106)) - Creating RPC Server
2023-01-10 01:13:08,000 [pool-291-thread-1] INFO  server.RaftServer$Division (RaftServerImpl.java:<init>(195)) - om1: new RaftServerImpl for group-C5BA1605619E:[om1|rpc:localhost:9872|priority:0|startupRole:FOLLOWER] with OzoneManagerStateMachine:uninitialized
2023-01-10 01:13:08,000 [pool-291-thread-1] INFO  server.RaftServerConfigKeys (ConfUtils.java:logGet(46)) - raft.server.rpc.timeout.min = 1s (custom)
2023-01-10 01:13:08,002 [pool-291-thread-1] INFO  server.RaftServerConfigKeys (ConfUtils.java:logGet(46)) - raft.server.rpc.timeout.max = 1200ms (custom)
2023-01-10 01:13:08,002 [pool-291-thread-1] INFO  server.RaftServerConfigKeys (ConfUtils.java:logGet(46)) - raft.server.rpc.sleep.time = 25ms (default)
2023-01-10 01:13:08,002 [pool-291-thread-1] INFO  server.RaftServerConfigKeys (ConfUtils.java:logGet(46)) - raft.server.rpc.slowness.timeout = 120s (custom)
2023-01-10 01:13:08,002 [pool-291-thread-1] INFO  server.RaftServerConfigKeys (ConfUtils.java:logGet(46)) - raft.server.leaderelection.leader.step-down.wait-time = 10s (default)
2023-01-10 01:13:08,002 [pool-291-thread-1] INFO  server.RaftServerConfigKeys (ConfUtils.java:logGet(46)) - raft.server.sleep.deviation.threshold = 300ms (default)
2023-01-10 01:13:08,003 [pool-291-thread-1] INFO  server.RaftServer$Division (ServerState.java:<init>(118)) - om1@group-C5BA1605619E: ConfigurationManager, init=-1: peers:[om1|rpc:localhost:9872|priority:0|startupRole:FOLLOWER]|listeners:[], old=null, confs=<EMPTY_MAP>
2023-01-10 01:13:08,003 [pool-291-thread-1] INFO  server.RaftServerConfigKeys (ConfUtils.java:logGet(46)) - raft.server.storage.dir = [/home/runner/work/ozone/ozone/hadoop-ozone/integration-test/target/test-dir/MiniOzoneClusterImpl-87d91b25-fa0c-46b9-b442-f5a189e2cbc3/ozone-meta/ratis] (custom)
2023-01-10 01:13:08,003 [pool-291-thread-1] INFO  server.RaftServerConfigKeys (ConfUtils.java:logGet(46)) - raft.server.log.corruption.policy = EXCEPTION (default)
2023-01-10 01:13:08,003 [pool-291-thread-1] INFO  server.RaftServerConfigKeys (ConfUtils.java:logGet(46)) - raft.server.storage.free-space.min = 0MB (=0) (default)
2023-01-10 01:13:08,003 [pool-291-thread-1] INFO  server.RaftServerConfigKeys (ConfUtils.java:logGet(46)) - raft.server.notification.no-leader.timeout = 120s (custom)
2023-01-10 01:13:08,003 [pool-291-thread-1] INFO  server.RaftServerConfigKeys (ConfUtils.java:logGet(46)) - raft.server.retrycache.expirytime = 300s (custom)
2023-01-10 01:13:08,003 [pool-291-thread-1] INFO  server.RaftServerConfigKeys (ConfUtils.java:logGet(46)) - raft.server.retrycache.statistics.expirytime = 100μs (default)
2023-01-10 01:13:08,003 [pool-291-thread-1] INFO  server.RaftServerConfigKeys (ConfUtils.java:logGet(46)) - raft.server.log.appender.install.snapshot.enabled = false (custom)
2023-01-10 01:13:08,004 [pool-291-thread-1] INFO  server.RaftServerConfigKeys (ConfUtils.java:logGet(46)) - raft.server.threadpool.server.cached = true (default)
2023-01-10 01:13:08,004 [pool-291-thread-1] INFO  server.RaftServerConfigKeys (ConfUtils.java:logGet(46)) - raft.server.threadpool.server.size = 0 (default)
2023-01-10 01:13:08,004 [pool-291-thread-1] INFO  server.RaftServerConfigKeys (ConfUtils.java:logGet(46)) - raft.server.threadpool.client.cached = true (default)
2023-01-10 01:13:08,004 [pool-291-thread-1] INFO  server.RaftServerConfigKeys (ConfUtils.java:logGet(46)) - raft.server.threadpool.client.size = 0 (default)
2023-01-10 01:13:08,312 [Listener at 0.0.0.0/36561] INFO  reflections.Reflections (Reflections.java:scan(232)) - Reflections took 316 ms to scan 19 urls, producing 67 keys and 4555 values [using 2 cores]
2023-01-10 01:13:08,313 [Listener at 0.0.0.0/36561] INFO  ipc.CallQueueManager (CallQueueManager.java:<init>(90)) - Using callQueue: class java.util.concurrent.LinkedBlockingQueue, queueCapacity: 2000, scheduler: class org.apache.hadoop.ipc.DefaultRpcScheduler, ipcBackoff: false.
2023-01-10 01:13:08,314 [Socket Reader #1 for port 0] INFO  ipc.Server (Server.java:run(1273)) - Starting Socket Reader #1 for port 0
2023-01-10 01:13:08,331 [Listener at 127.0.0.1/41315] INFO  impl.MetricsSystemImpl (MetricsSystemImpl.java:init(158)) - OzoneManager metrics system started (again)
2023-01-10 01:13:08,341 [Listener at 127.0.0.1/41315] INFO  om.OzoneManager (OzoneManager.java:start(1488)) - OzoneManager RPC server is listening at localhost/127.0.0.1:41315
2023-01-10 01:13:08,341 [Listener at 127.0.0.1/41315] INFO  ratis.OzoneManagerRatisServer (OzoneManagerRatisServer.java:start(555)) - Starting OzoneManagerRatisServer om1 at port 9872
2023-01-10 01:13:08,342 [om1-impl-thread1] INFO  storage.RaftStorageDirectory (RaftStorageDirectoryImpl.java:analyzeStorage(137)) - The storage directory /home/runner/work/ozone/ozone/hadoop-ozone/integration-test/target/test-dir/MiniOzoneClusterImpl-87d91b25-fa0c-46b9-b442-f5a189e2cbc3/ozone-meta/ratis/bf265839-605b-3f16-9796-c5ba1605619e does not exist. Creating ...
2023-01-10 01:13:08,344 [om1-impl-thread1] INFO  storage.RaftStorageDirectory (RaftStorageDirectoryImpl.java:tryLock(231)) - Lock on /home/runner/work/ozone/ozone/hadoop-ozone/integration-test/target/test-dir/MiniOzoneClusterImpl-87d91b25-fa0c-46b9-b442-f5a189e2cbc3/ozone-meta/ratis/bf265839-605b-3f16-9796-c5ba1605619e/in_use.lock acquired by nodename 10631@fv-az353-623
2023-01-10 01:13:08,345 [om1-impl-thread1] INFO  storage.RaftStorage (RaftStorageImpl.java:format(96)) - Storage directory /home/runner/work/ozone/ozone/hadoop-ozone/integration-test/target/test-dir/MiniOzoneClusterImpl-87d91b25-fa0c-46b9-b442-f5a189e2cbc3/ozone-meta/ratis/bf265839-605b-3f16-9796-c5ba1605619e has been successfully formatted.
2023-01-10 01:13:08,345 [om1-impl-thread1] INFO  server.RaftServerConfigKeys (ConfUtils.java:logGet(46)) - raft.server.log.use.memory = false (default)
2023-01-10 01:13:08,345 [om1-impl-thread1] INFO  server.RaftServerConfigKeys (ConfUtils.java:logGet(46)) - raft.server.log.purge.gap = 1000000 (custom)
2023-01-10 01:13:08,345 [om1-impl-thread1] INFO  server.RaftServerConfigKeys (ConfUtils.java:logGet(46)) - raft.server.log.appender.buffer.byte-limit = 33554432 (custom)
2023-01-10 01:13:08,346 [om1-impl-thread1] INFO  server.RaftServerConfigKeys (ConfUtils.java:logGet(46)) - raft.server.log.statemachine.data.read.timeout = 1000ms (default)
2023-01-10 01:13:08,346 [om1-impl-thread1] INFO  server.RaftServerConfigKeys (ConfUtils.java:logGet(46)) - raft.server.log.purge.preservation.log.num = 0 (default)
2023-01-10 01:13:08,346 [om1-impl-thread1] INFO  server.RaftServerConfigKeys (ConfUtils.java:logGet(46)) - raft.server.log.segment.size.max = 4194304 (custom)
2023-01-10 01:13:08,346 [om1-impl-thread1] INFO  server.RaftServerConfigKeys (ConfUtils.java:logGet(46)) - raft.server.log.segment.cache.num.max = 2 (custom)
2023-01-10 01:13:08,346 [om1-impl-thread1] INFO  server.RaftServerConfigKeys (ConfUtils.java:logGet(46)) - raft.server.log.segment.cache.size.max = 200MB (=209715200) (default)
2023-01-10 01:13:08,346 [om1-impl-thread1] INFO  segmented.SegmentedRaftLogWorker (SegmentedRaftLogWorker.java:<init>(189)) - new om1@group-C5BA1605619E-SegmentedRaftLogWorker for RaftStorageImpl:Storage Directory /home/runner/work/ozone/ozone/hadoop-ozone/integration-test/target/test-dir/MiniOzoneClusterImpl-87d91b25-fa0c-46b9-b442-f5a189e2cbc3/ozone-meta/ratis/bf265839-605b-3f16-9796-c5ba1605619e
2023-01-10 01:13:08,346 [om1-impl-thread1] INFO  server.RaftServerConfigKeys (ConfUtils.java:logGet(46)) - raft.server.log.queue.byte-limit = 64MB (=67108864) (default)
2023-01-10 01:13:08,346 [om1-impl-thread1] INFO  server.RaftServerConfigKeys (ConfUtils.java:logGet(46)) - raft.server.log.queue.element-limit = 4096 (default)
2023-01-10 01:13:08,346 [om1-impl-thread1] INFO  server.RaftServerConfigKeys (ConfUtils.java:logGet(46)) - raft.server.log.segment.size.max = 4194304 (custom)
2023-01-10 01:13:08,346 [om1-impl-thread1] INFO  server.RaftServerConfigKeys (ConfUtils.java:logGet(46)) - raft.server.log.preallocated.size = 4194304 (custom)
2023-01-10 01:13:08,346 [om1-impl-thread1] INFO  server.RaftServerConfigKeys (ConfUtils.java:logGet(46)) - raft.server.log.force.sync.num = 128 (default)
2023-01-10 01:13:08,346 [om1-impl-thread1] INFO  server.RaftServerConfigKeys (ConfUtils.java:logGet(46)) - raft.server.log.statemachine.data.sync = true (default)
2023-01-10 01:13:08,346 [om1-impl-thread1] INFO  server.RaftServerConfigKeys (ConfUtils.java:logGet(46)) - raft.server.log.statemachine.data.sync.timeout = 10s (default)
2023-01-10 01:13:08,346 [om1-impl-thread1] INFO  server.RaftServerConfigKeys (ConfUtils.java:logGet(46)) - raft.server.log.statemachine.data.sync.timeout.retry = -1 (default)
2023-01-10 01:13:08,347 [om1-impl-thread1] INFO  server.RaftServerConfigKeys (ConfUtils.java:logGet(46)) - raft.server.log.write.buffer.size = 64KB (=65536) (default)
2023-01-10 01:13:08,347 [om1-impl-thread1] INFO  server.RaftServerConfigKeys (ConfUtils.java:logGet(46)) - raft.server.log.appender.buffer.byte-limit = 33554432 (custom)
2023-01-10 01:13:08,352 [om1-impl-thread1] INFO  server.RaftServerConfigKeys (ConfUtils.java:logGet(46)) - raft.server.log.unsafe-flush.enabled = false (default)
2023-01-10 01:13:08,352 [om1-impl-thread1] INFO  server.RaftServerConfigKeys (ConfUtils.java:logGet(46)) - raft.server.log.async-flush.enabled = false (default)
2023-01-10 01:13:08,352 [om1-impl-thread1] INFO  server.RaftServerConfigKeys (ConfUtils.java:logGet(46)) - raft.server.log.statemachine.data.caching.enabled = false (default)
2023-01-10 01:13:08,352 [om1-impl-thread1] INFO  segmented.SegmentedRaftLogWorker (SegmentedRaftLogWorker.java:lambda$new$0(135)) - om1@group-C5BA1605619E-SegmentedRaftLogWorker: flushIndex: setUnconditionally 0 -> -1
2023-01-10 01:13:08,352 [om1-impl-thread1] INFO  segmented.SegmentedRaftLogWorker (SegmentedRaftLogWorker.java:lambda$new$0(135)) - om1@group-C5BA1605619E-SegmentedRaftLogWorker: safeCacheEvictIndex: setUnconditionally 0 -> -1
2023-01-10 01:13:08,353 [om1-impl-thread1] INFO  server.RaftServer$Division (RaftServerImpl.java:start(334)) - om1@group-C5BA1605619E: start as a follower, conf=-1: peers:[om1|rpc:localhost:9872|priority:0|startupRole:FOLLOWER]|listeners:[], old=null
2023-01-10 01:13:08,353 [om1-impl-thread1] INFO  server.RaftServer$Division (RaftServerImpl.java:setRole(321)) - om1@group-C5BA1605619E: changes role from      null to FOLLOWER at term 0 for startAsFollower
2023-01-10 01:13:08,353 [om1-impl-thread1] INFO  impl.RoleInfo (RoleInfo.java:updateAndGet(139)) - om1: start om1@group-C5BA1605619E-FollowerState
2023-01-10 01:13:08,354 [om1@group-C5BA1605619E-FollowerState] INFO  server.RaftServerConfigKeys (ConfUtils.java:logFallback(53)) - raft.server.rpc.first-election.timeout.min = 1s (fallback to raft.server.rpc.timeout.min)
2023-01-10 01:13:08,354 [om1@group-C5BA1605619E-FollowerState] INFO  server.RaftServerConfigKeys (ConfUtils.java:logFallback(53)) - raft.server.rpc.first-election.timeout.max = 1200ms (fallback to raft.server.rpc.timeout.max)
2023-01-10 01:13:08,354 [om1-impl-thread1] INFO  util.JmxRegister (JmxRegister.java:tryRegister(44)) - Successfully registered JMX Bean with object name Ratis:service=RaftServer,group=group-C5BA1605619E,id=om1
2023-01-10 01:13:08,354 [om1-impl-thread1] INFO  server.RaftServerConfigKeys (ConfUtils.java:logGet(46)) - raft.server.snapshot.auto.trigger.enabled = true (custom)
2023-01-10 01:13:08,354 [om1-impl-thread1] INFO  server.RaftServerConfigKeys (ConfUtils.java:logGet(46)) - raft.server.snapshot.auto.trigger.threshold = 400000 (default)
2023-01-10 01:13:08,354 [om1-impl-thread1] INFO  server.RaftServerConfigKeys (ConfUtils.java:logGet(46)) - raft.server.snapshot.retention.file.num = -1 (default)
2023-01-10 01:13:08,354 [om1-impl-thread1] INFO  server.RaftServerConfigKeys (ConfUtils.java:logGet(46)) - raft.server.log.purge.upto.snapshot.index = true (custom)
2023-01-10 01:13:08,355 [Listener at 127.0.0.1/41315] INFO  server.RaftServer (RaftServerProxy.java:startImpl(393)) - om1: start RPC server
2023-01-10 01:13:08,357 [Listener at 127.0.0.1/41315] INFO  server.GrpcService (GrpcService.java:startImpl(262)) - om1: GrpcService started, listening on 9872
2023-01-10 01:13:08,357 [Listener at 127.0.0.1/41315] INFO  om.OzoneManager (OzoneManager.java:start(1504)) - Version File has different layout version (3) than OM DB (null). That is expected if this OM has never been finalized to a newer layout version.
2023-01-10 01:13:08,361 [JvmPauseMonitor7] INFO  util.JvmPauseMonitor (JvmPauseMonitor.java:run(105)) - JvmPauseMonitor-om1: Started
2023-01-10 01:13:08,364 [Listener at 127.0.0.1/41315] INFO  http.BaseHttpServer (BaseHttpServer.java:newHttpServer2BuilderForOzone(213)) - Starting Web-server for ozoneManager at: http://0.0.0.0:0
2023-01-10 01:13:08,364 [Listener at 127.0.0.1/41315] INFO  http.BaseHttpServer (BaseHttpServer.java:<init>(108)) - Hadoop Security Enabled: false Ozone Security Enabled: false Ozone HTTP Security Enabled: false 
2023-01-10 01:13:08,366 [Listener at 127.0.0.1/41315] WARN  server.AuthenticationFilter (AuthenticationFilter.java:constructSecretProvider(240)) - Unable to initialize FileSignerSecretProvider, falling back to use random secrets. Reason: Could not read signature secret file: /home/runner/hadoop-http-auth-signature-secret
2023-01-10 01:13:08,366 [Listener at 127.0.0.1/41315] WARN  http.HttpRequestLog (HttpRequestLog.java:getRequestLog(103)) - Jetty request log can only be enabled using Log4j
2023-01-10 01:13:08,368 [Listener at 127.0.0.1/41315] INFO  http.HttpServer2 (HttpServer2.java:addGlobalFilter(1031)) - Added global filter 'safety' (class=org.apache.hadoop.hdds.server.http.HttpServer2$QuotingInputFilter)
2023-01-10 01:13:08,368 [Listener at 127.0.0.1/41315] INFO  http.HttpServer2 (HttpServer2.java:addFilter(1007)) - Added filter static_user_filter (class=org.apache.hadoop.http.lib.StaticUserWebFilter$StaticUserFilter) to context ozoneManager
2023-01-10 01:13:08,368 [Listener at 127.0.0.1/41315] INFO  http.HttpServer2 (HttpServer2.java:addFilter(1015)) - Added filter static_user_filter (class=org.apache.hadoop.http.lib.StaticUserWebFilter$StaticUserFilter) to context static
2023-01-10 01:13:08,369 [Listener at 127.0.0.1/41315] INFO  http.HttpServer2 (HttpServer2.java:addFilter(1015)) - Added filter static_user_filter (class=org.apache.hadoop.http.lib.StaticUserWebFilter$StaticUserFilter) to context logs
2023-01-10 01:13:08,369 [Listener at 127.0.0.1/41315] INFO  http.HttpServer2 (HttpServer2.java:bindListener(1250)) - Jetty bound to port 38191
2023-01-10 01:13:08,369 [Listener at 127.0.0.1/41315] INFO  server.Server (Server.java:doStart(375)) - jetty-9.4.49.v20220914; built: 2022-09-14T01:07:36.601Z; git: 4231a3b2e4cb8548a412a789936d640a97b1aa0a; jvm 1.8.0_352-b08
2023-01-10 01:13:08,372 [Listener at 127.0.0.1/41315] INFO  server.session (DefaultSessionIdManager.java:doStart(334)) - DefaultSessionIdManager workerName=node0
2023-01-10 01:13:08,372 [Listener at 127.0.0.1/41315] INFO  server.session (DefaultSessionIdManager.java:doStart(339)) - No SessionScavenger set, using defaults
2023-01-10 01:13:08,372 [Listener at 127.0.0.1/41315] INFO  server.session (HouseKeeper.java:startScavenging(132)) - node0 Scavenging every 660000ms
2023-01-10 01:13:08,373 [Listener at 127.0.0.1/41315] INFO  handler.ContextHandler (ContextHandler.java:doStart(921)) - Started o.e.j.s.ServletContextHandler@4af4d738{logs,/logs,file:///home/runner/work/ozone/ozone/hadoop-ozone/integration-test/target/log,AVAILABLE}
2023-01-10 01:13:08,373 [Listener at 127.0.0.1/41315] INFO  handler.ContextHandler (ContextHandler.java:doStart(921)) - Started o.e.j.s.ServletContextHandler@70691683{static,/static,file:///home/runner/work/ozone/ozone/hadoop-ozone/integration-test/target/test-classes/webapps/static,AVAILABLE}
2023-01-10 01:13:08,376 [Listener at 127.0.0.1/41315] INFO  handler.ContextHandler (ContextHandler.java:doStart(921)) - Started o.e.j.w.WebAppContext@4856c017{ozoneManager,/,file:///home/runner/work/ozone/ozone/hadoop-ozone/integration-test/target/test-classes/webapps/ozoneManager/,AVAILABLE}{file:/home/runner/work/ozone/ozone/hadoop-ozone/integration-test/target/test-classes/webapps/ozoneManager}
2023-01-10 01:13:08,381 [Listener at 127.0.0.1/41315] INFO  server.AbstractConnector (AbstractConnector.java:doStart(333)) - Started ServerConnector@1b23eee{HTTP/1.1, (http/1.1)}{0.0.0.0:38191}
2023-01-10 01:13:08,381 [Listener at 127.0.0.1/41315] INFO  server.Server (Server.java:doStart(415)) - Started @89983ms
2023-01-10 01:13:08,381 [Listener at 127.0.0.1/41315] WARN  impl.MetricsSystemImpl (MetricsSystemImpl.java:register(279)) - Sink prometheus already exists!
2023-01-10 01:13:08,382 [Listener at 127.0.0.1/41315] INFO  http.BaseHttpServer (BaseHttpServer.java:updateConnectorAddress(333)) - HTTP server of ozoneManager listening at http://0.0.0.0:38191
2023-01-10 01:13:08,382 [IPC Server Responder] INFO  ipc.Server (Server.java:run(1512)) - IPC Server Responder: starting
2023-01-10 01:13:08,383 [IPC Server listener on 0] INFO  ipc.Server (Server.java:run(1352)) - IPC Server listener on 0: starting
2023-01-10 01:13:08,385 [Listener at 127.0.0.1/41315] INFO  om.OzoneManager (OzoneManager.java:startTrashEmptier(1925)) - Trash Interval set to 0. Files deleted won't move to trash
2023-01-10 01:13:08,398 [org.apache.hadoop.util.JvmPauseMonitor$Monitor@38be06b0] INFO  util.JvmPauseMonitor (JvmPauseMonitor.java:run(188)) - Starting JVM pause monitor
2023-01-10 01:13:08,408 [Listener at 127.0.0.1/41315] WARN  impl.MetricRegistriesImpl (MetricRegistriesImpl.java:addReporterRegistration(111)) - New reporters are added after registries were created. Some metrics will be missing from the reporter. Please add reporter before adding any new registry.
2023-01-10 01:13:08,408 [Listener at 127.0.0.1/41315] WARN  impl.MetricRegistriesImpl (MetricRegistriesImpl.java:addReporterRegistration(111)) - New reporters are added after registries were created. Some metrics will be missing from the reporter. Please add reporter before adding any new registry.
2023-01-10 01:13:08,409 [Listener at 127.0.0.1/41315] INFO  impl.MetricsSystemImpl (MetricsSystemImpl.java:init(158)) - HddsDatanode metrics system started (again)
2023-01-10 01:13:08,422 [Listener at 127.0.0.1/41315] INFO  ozone.HddsDatanodeService (HddsDatanodeService.java:start(228)) - HddsDatanodeService host:fv-az353-623.tkyx2seitsuu3nmpmouz2httfb.bx.internal.cloudapp.net ip:10.1.0.24
2023-01-10 01:13:08,447 [Listener at 127.0.0.1/41315] INFO  upgrade.AbstractLayoutVersionManager (AbstractLayoutVersionManager.java:init(83)) - Initializing Layout version manager with metadata layout = DATANODE_SCHEMA_V3 (version = 4), software layout = DATANODE_SCHEMA_V3 (version = 4)
2023-01-10 01:13:08,511 [Listener at 127.0.0.1/41315] INFO  reflections.Reflections (Reflections.java:scan(232)) - Reflections took 62 ms to scan 7 urls, producing 146 keys and 350 values 
2023-01-10 01:13:08,513 [Listener at 127.0.0.1/41315] INFO  statemachine.DatanodeStateMachine (DatanodeStateMachine.java:getEndPointTaskThreadPoolSize(248)) - Datanode State Machine Task Thread Pool size 2
2023-01-10 01:13:08,515 [Listener at 127.0.0.1/41315] INFO  volume.HddsVolume (HddsVolume.java:<init>(117)) - Creating HddsVolume: /home/runner/work/ozone/ozone/hadoop-ozone/integration-test/target/test-dir/MiniOzoneClusterImpl-87d91b25-fa0c-46b9-b442-f5a189e2cbc3/datanode-0/data-0/containers/hdds of storage type : DISK capacity : 9223372036854775807
2023-01-10 01:13:08,515 [Listener at 127.0.0.1/41315] INFO  volume.MutableVolumeSet (MutableVolumeSet.java:initializeVolumeSet(174)) - Added Volume : /home/runner/work/ozone/ozone/hadoop-ozone/integration-test/target/test-dir/MiniOzoneClusterImpl-87d91b25-fa0c-46b9-b442-f5a189e2cbc3/datanode-0/data-0/containers/hdds to VolumeSet
2023-01-10 01:13:08,516 [Listener at 127.0.0.1/41315] INFO  volume.ThrottledAsyncChecker (ThrottledAsyncChecker.java:schedule(141)) - Scheduling a check for /home/runner/work/ozone/ozone/hadoop-ozone/integration-test/target/test-dir/MiniOzoneClusterImpl-87d91b25-fa0c-46b9-b442-f5a189e2cbc3/datanode-0/data-0/containers/hdds
2023-01-10 01:13:08,517 [Listener at 127.0.0.1/41315] INFO  volume.StorageVolumeChecker (StorageVolumeChecker.java:checkAllVolumes(202)) - Scheduled health check for volume /home/runner/work/ozone/ozone/hadoop-ozone/integration-test/target/test-dir/MiniOzoneClusterImpl-87d91b25-fa0c-46b9-b442-f5a189e2cbc3/datanode-0/data-0/containers/hdds
2023-01-10 01:13:08,529 [Listener at 127.0.0.1/41315] INFO  volume.MutableVolumeSet (MutableVolumeSet.java:initializeVolumeSet(174)) - Added Volume : /home/runner/work/ozone/ozone/hadoop-ozone/integration-test/target/test-dir/MiniOzoneClusterImpl-87d91b25-fa0c-46b9-b442-f5a189e2cbc3/datanode-0/data/ratis to VolumeSet
2023-01-10 01:13:08,529 [Listener at 127.0.0.1/41315] INFO  volume.ThrottledAsyncChecker (ThrottledAsyncChecker.java:schedule(141)) - Scheduling a check for /home/runner/work/ozone/ozone/hadoop-ozone/integration-test/target/test-dir/MiniOzoneClusterImpl-87d91b25-fa0c-46b9-b442-f5a189e2cbc3/datanode-0/data/ratis
2023-01-10 01:13:08,529 [Listener at 127.0.0.1/41315] INFO  volume.StorageVolumeChecker (StorageVolumeChecker.java:checkAllVolumes(202)) - Scheduled health check for volume /home/runner/work/ozone/ozone/hadoop-ozone/integration-test/target/test-dir/MiniOzoneClusterImpl-87d91b25-fa0c-46b9-b442-f5a189e2cbc3/datanode-0/data/ratis
2023-01-10 01:13:08,541 [Thread-598] INFO  ozoneimpl.ContainerReader (ContainerReader.java:readVolume(175)) - Finish verifying containers on volume /home/runner/work/ozone/ozone/hadoop-ozone/integration-test/target/test-dir/MiniOzoneClusterImpl-87d91b25-fa0c-46b9-b442-f5a189e2cbc3/datanode-0/data-0/containers/hdds
2023-01-10 01:13:08,541 [Listener at 127.0.0.1/41315] INFO  ozoneimpl.OzoneContainer (OzoneContainer.java:buildContainerSet(301)) - Build ContainerSet costs 0s
2023-01-10 01:13:08,543 [Listener at 127.0.0.1/41315] INFO  server.RaftServer (ConfUtils.java:logGet(46)) - raft.rpc.type = GRPC (default)
2023-01-10 01:13:08,544 [Listener at 127.0.0.1/41315] INFO  grpc.GrpcConfigKeys (ConfUtils.java:logFallback(53)) - raft.grpc.admin.host = null (fallback to raft.grpc.server.host)
2023-01-10 01:13:08,544 [Listener at 127.0.0.1/41315] INFO  grpc.GrpcConfigKeys (ConfUtils.java:logGet(46)) - raft.grpc.admin.port = 0 (custom)
2023-01-10 01:13:08,544 [Listener at 127.0.0.1/41315] INFO  grpc.GrpcConfigKeys (ConfUtils.java:logFallback(53)) - raft.grpc.client.host = null (fallback to raft.grpc.server.host)
2023-01-10 01:13:08,544 [Listener at 127.0.0.1/41315] INFO  grpc.GrpcConfigKeys (ConfUtils.java:logGet(46)) - raft.grpc.client.port = 0 (custom)
2023-01-10 01:13:08,544 [Listener at 127.0.0.1/41315] INFO  grpc.GrpcConfigKeys (ConfUtils.java:logGet(46)) - raft.grpc.server.host = null (default)
2023-01-10 01:13:08,544 [Listener at 127.0.0.1/41315] INFO  grpc.GrpcConfigKeys (ConfUtils.java:logGet(46)) - raft.grpc.server.port = 0 (default)
2023-01-10 01:13:08,544 [Listener at 127.0.0.1/41315] INFO  server.GrpcService (ConfUtils.java:logGet(46)) - raft.grpc.message.size.max = 32MB (=33554432) (custom)
2023-01-10 01:13:08,544 [Listener at 127.0.0.1/41315] INFO  server.RaftServerConfigKeys (ConfUtils.java:logGet(46)) - raft.server.log.appender.buffer.byte-limit = 33554432 (custom)
2023-01-10 01:13:08,545 [Listener at 127.0.0.1/41315] INFO  server.GrpcService (ConfUtils.java:logGet(46)) - raft.grpc.flow.control.window = 5MB (=5242880) (custom)
2023-01-10 01:13:08,545 [Listener at 127.0.0.1/41315] INFO  server.RaftServerConfigKeys (ConfUtils.java:logGet(46)) - raft.server.rpc.request.timeout = 60s (custom)
2023-01-10 01:13:08,545 [Listener at 127.0.0.1/41315] INFO  grpc.GrpcConfigKeys (ConfUtils.java:logGet(46)) - raft.grpc.server.heartbeat.channel = true (default)
2023-01-10 01:13:08,545 [Listener at 127.0.0.1/41315] INFO  grpc.GrpcConfigKeys (ConfUtils.java:logGet(46)) - raft.grpc.server.async.request.thread.pool.cached = true (default)
2023-01-10 01:13:08,545 [Listener at 127.0.0.1/41315] INFO  grpc.GrpcConfigKeys (ConfUtils.java:logGet(46)) - raft.grpc.server.async.request.thread.pool.size = 32 (default)
2023-01-10 01:13:08,547 [Listener at 127.0.0.1/41315] INFO  impl.DataStreamServerImpl (ConfUtils.java:logGet(46)) - raft.datastream.type = NETTY (custom)
2023-01-10 01:13:08,548 [Listener at 127.0.0.1/41315] INFO  server.RaftServerConfigKeys (ConfUtils.java:logGet(46)) - raft.server.data-stream.async.request.thread.pool.cached = false (default)
2023-01-10 01:13:08,548 [Listener at 127.0.0.1/41315] INFO  server.RaftServerConfigKeys (ConfUtils.java:logGet(46)) - raft.server.data-stream.async.request.thread.pool.size = 20 (custom)
2023-01-10 01:13:08,548 [Listener at 127.0.0.1/41315] INFO  server.RaftServerConfigKeys (ConfUtils.java:logGet(46)) - raft.server.data-stream.async.write.thread.pool.size = 16 (default)
2023-01-10 01:13:08,548 [Listener at 127.0.0.1/41315] INFO  server.RaftServerConfigKeys (ConfUtils.java:logGet(46)) - raft.server.data-stream.client.pool.size = 10 (default)
2023-01-10 01:13:08,548 [Listener at 127.0.0.1/41315] INFO  netty.NettyConfigKeys$DataStream (ConfUtils.java:logGet(46)) - raft.netty.dataStream.server.use-epoll = false (default)
2023-01-10 01:13:08,548 [Listener at 127.0.0.1/41315] INFO  netty.NettyConfigKeys$DataStream (ConfUtils.java:logGet(46)) - raft.netty.dataStream.server.boss-group.size = 0 (default)
2023-01-10 01:13:08,549 [Listener at 127.0.0.1/41315] INFO  netty.NettyConfigKeys$DataStream (ConfUtils.java:logGet(46)) - raft.netty.dataStream.server.worker-group.size = 0 (default)
2023-01-10 01:13:08,550 [Listener at 127.0.0.1/41315] INFO  netty.NettyConfigKeys$DataStream (ConfUtils.java:logGet(46)) - raft.netty.dataStream.server.tls.conf = null (default)
2023-01-10 01:13:08,551 [Listener at 127.0.0.1/41315] INFO  netty.NettyConfigKeys$DataStream (ConfUtils.java:logGet(46)) - raft.netty.dataStream.host = null (default)
2023-01-10 01:13:08,551 [Listener at 127.0.0.1/41315] INFO  netty.NettyConfigKeys$DataStream (ConfUtils.java:logGet(46)) - raft.netty.dataStream.port = 0 (default)
2023-01-10 01:13:08,551 [Listener at 127.0.0.1/41315] INFO  server.RaftServerConfigKeys (ConfUtils.java:logGet(46)) - raft.server.threadpool.proxy.cached = true (default)
2023-01-10 01:13:08,552 [Listener at 127.0.0.1/41315] INFO  server.RaftServerConfigKeys (ConfUtils.java:logGet(46)) - raft.server.threadpool.proxy.size = 0 (default)
2023-01-10 01:13:08,552 [Listener at 127.0.0.1/41315] INFO  server.RaftServerConfigKeys (ConfUtils.java:logGet(46)) - raft.server.rpc.slowness.timeout = 300s (custom)
2023-01-10 01:13:08,552 [Listener at 127.0.0.1/41315] INFO  server.RaftServerConfigKeys (ConfUtils.java:logGet(46)) - raft.server.leaderelection.leader.step-down.wait-time = 10s (default)
2023-01-10 01:13:08,552 [Listener at 127.0.0.1/41315] INFO  server.RaftServerConfigKeys (ConfUtils.java:logGet(46)) - raft.server.storage.dir = [/home/runner/work/ozone/ozone/hadoop-ozone/integration-test/target/test-dir/MiniOzoneClusterImpl-87d91b25-fa0c-46b9-b442-f5a189e2cbc3/datanode-0/data/ratis] (custom)
2023-01-10 01:13:08,553 [a30d3908-8fda-4427-9d38-ec2047457aa6-NettyServerStreamRpc-bossGroup--thread1] INFO  logging.LoggingHandler (AbstractInternalLogger.java:log(148)) - [id: 0xd3f54ba0] REGISTERED
2023-01-10 01:13:08,553 [a30d3908-8fda-4427-9d38-ec2047457aa6-NettyServerStreamRpc-bossGroup--thread1] INFO  logging.LoggingHandler (AbstractInternalLogger.java:log(148)) - [id: 0xd3f54ba0] BIND: 0.0.0.0/0.0.0.0:0
2023-01-10 01:13:08,553 [a30d3908-8fda-4427-9d38-ec2047457aa6-NettyServerStreamRpc-bossGroup--thread1] INFO  logging.LoggingHandler (AbstractInternalLogger.java:log(148)) - [id: 0xd3f54ba0, L:/0:0:0:0:0:0:0:0:33861] ACTIVE
2023-01-10 01:13:08,554 [Listener at 127.0.0.1/41315] INFO  server.XceiverServerGrpc (XceiverServerGrpc.java:<init>(132)) - GrpcServer channel type EpollServerSocketChannel
2023-01-10 01:13:08,558 [Listener at 127.0.0.1/41315] INFO  http.BaseHttpServer (BaseHttpServer.java:newHttpServer2BuilderForOzone(213)) - Starting Web-server for hddsDatanode at: http://0.0.0.0:0
2023-01-10 01:13:08,558 [Listener at 127.0.0.1/41315] INFO  http.BaseHttpServer (BaseHttpServer.java:<init>(108)) - Hadoop Security Enabled: false Ozone Security Enabled: false Ozone HTTP Security Enabled: false 
2023-01-10 01:13:08,559 [Listener at 127.0.0.1/41315] WARN  server.AuthenticationFilter (AuthenticationFilter.java:constructSecretProvider(240)) - Unable to initialize FileSignerSecretProvider, falling back to use random secrets. Reason: Could not read signature secret file: /home/runner/hadoop-http-auth-signature-secret
2023-01-10 01:13:08,560 [Listener at 127.0.0.1/41315] WARN  http.HttpRequestLog (HttpRequestLog.java:getRequestLog(103)) - Jetty request log can only be enabled using Log4j
2023-01-10 01:13:08,562 [Listener at 127.0.0.1/41315] INFO  http.HttpServer2 (HttpServer2.java:addGlobalFilter(1031)) - Added global filter 'safety' (class=org.apache.hadoop.hdds.server.http.HttpServer2$QuotingInputFilter)
2023-01-10 01:13:08,562 [Listener at 127.0.0.1/41315] INFO  http.HttpServer2 (HttpServer2.java:addFilter(1007)) - Added filter static_user_filter (class=org.apache.hadoop.http.lib.StaticUserWebFilter$StaticUserFilter) to context hddsDatanode
2023-01-10 01:13:08,562 [Listener at 127.0.0.1/41315] INFO  http.HttpServer2 (HttpServer2.java:addFilter(1015)) - Added filter static_user_filter (class=org.apache.hadoop.http.lib.StaticUserWebFilter$StaticUserFilter) to context static
2023-01-10 01:13:08,563 [Listener at 127.0.0.1/41315] INFO  http.HttpServer2 (HttpServer2.java:addFilter(1015)) - Added filter static_user_filter (class=org.apache.hadoop.http.lib.StaticUserWebFilter$StaticUserFilter) to context logs
2023-01-10 01:13:08,563 [Listener at 127.0.0.1/41315] INFO  http.HttpServer2 (HttpServer2.java:bindListener(1250)) - Jetty bound to port 46711
2023-01-10 01:13:08,563 [Listener at 127.0.0.1/41315] INFO  server.Server (Server.java:doStart(375)) - jetty-9.4.49.v20220914; built: 2022-09-14T01:07:36.601Z; git: 4231a3b2e4cb8548a412a789936d640a97b1aa0a; jvm 1.8.0_352-b08
2023-01-10 01:13:08,565 [Listener at 127.0.0.1/41315] INFO  server.session (DefaultSessionIdManager.java:doStart(334)) - DefaultSessionIdManager workerName=node0
2023-01-10 01:13:08,565 [Listener at 127.0.0.1/41315] INFO  server.session (DefaultSessionIdManager.java:doStart(339)) - No SessionScavenger set, using defaults
2023-01-10 01:13:08,565 [Listener at 127.0.0.1/41315] INFO  server.session (HouseKeeper.java:startScavenging(132)) - node0 Scavenging every 600000ms
2023-01-10 01:13:08,566 [Listener at 127.0.0.1/41315] INFO  handler.ContextHandler (ContextHandler.java:doStart(921)) - Started o.e.j.s.ServletContextHandler@537b71e6{logs,/logs,file:///home/runner/work/ozone/ozone/hadoop-ozone/integration-test/target/log,AVAILABLE}
2023-01-10 01:13:08,566 [Listener at 127.0.0.1/41315] INFO  handler.ContextHandler (ContextHandler.java:doStart(921)) - Started o.e.j.s.ServletContextHandler@76cbc30e{static,/static,jar:file:/home/runner/.m2/repository/org/apache/ozone/hdds-container-service/1.4.0-SNAPSHOT/hdds-container-service-1.4.0-SNAPSHOT.jar!/webapps/static,AVAILABLE}
2023-01-10 01:13:08,800 [Listener at 127.0.0.1/41315] INFO  handler.ContextHandler (ContextHandler.java:doStart(921)) - Started o.e.j.w.WebAppContext@13d50250{hddsDatanode,/,file:///tmp/jetty-0_0_0_0-46711-hdds-container-service-1_4_0-SNAPSHOT_jar-_-any-5136648825446442250/webapp/,AVAILABLE}{jar:file:/home/runner/.m2/repository/org/apache/ozone/hdds-container-service/1.4.0-SNAPSHOT/hdds-container-service-1.4.0-SNAPSHOT.jar!/webapps/hddsDatanode}
2023-01-10 01:13:08,801 [Listener at 127.0.0.1/41315] INFO  server.AbstractConnector (AbstractConnector.java:doStart(333)) - Started ServerConnector@79afef54{HTTP/1.1, (http/1.1)}{0.0.0.0:46711}
2023-01-10 01:13:08,802 [Listener at 127.0.0.1/41315] INFO  server.Server (Server.java:doStart(415)) - Started @90403ms
2023-01-10 01:13:08,802 [Listener at 127.0.0.1/41315] WARN  impl.MetricsSystemImpl (MetricsSystemImpl.java:register(279)) - Sink prometheus already exists!
2023-01-10 01:13:08,802 [Listener at 127.0.0.1/41315] INFO  http.BaseHttpServer (BaseHttpServer.java:updateConnectorAddress(333)) - HTTP server of hddsDatanode listening at http://0.0.0.0:46711
2023-01-10 01:13:08,803 [Listener at 127.0.0.1/41315] WARN  impl.MetricRegistriesImpl (MetricRegistriesImpl.java:addReporterRegistration(111)) - New reporters are added after registries were created. Some metrics will be missing from the reporter. Please add reporter before adding any new registry.
2023-01-10 01:13:08,803 [Listener at 127.0.0.1/41315] WARN  impl.MetricRegistriesImpl (MetricRegistriesImpl.java:addReporterRegistration(111)) - New reporters are added after registries were created. Some metrics will be missing from the reporter. Please add reporter before adding any new registry.
2023-01-10 01:13:08,803 [Listener at 127.0.0.1/41315] INFO  impl.MetricsSystemImpl (MetricsSystemImpl.java:init(158)) - HddsDatanode metrics system started (again)
2023-01-10 01:13:08,809 [Datanode State Machine Daemon Thread] INFO  statemachine.DatanodeStateMachine (DatanodeStateMachine.java:lambda$startDaemon$0(508)) - Ozone container server started.
2023-01-10 01:13:08,820 [org.apache.hadoop.util.JvmPauseMonitor$Monitor@410b7686] INFO  util.JvmPauseMonitor (JvmPauseMonitor.java:run(188)) - Starting JVM pause monitor
2023-01-10 01:13:08,824 [Listener at 127.0.0.1/41315] INFO  ozone.HddsDatanodeService (HddsDatanodeService.java:start(228)) - HddsDatanodeService host:fv-az353-623.tkyx2seitsuu3nmpmouz2httfb.bx.internal.cloudapp.net ip:10.1.0.24
2023-01-10 01:13:08,829 [Datanode State Machine Task Thread - 0] INFO  datanode.InitDatanodeState (InitDatanodeState.java:persistContainerDatanodeDetails(138)) - DatanodeDetails is persisted to /home/runner/work/ozone/ozone/hadoop-ozone/integration-test/target/test-dir/MiniOzoneClusterImpl-87d91b25-fa0c-46b9-b442-f5a189e2cbc3/datanode-0/meta/datanode.id
2023-01-10 01:13:08,852 [Listener at 127.0.0.1/41315] INFO  upgrade.AbstractLayoutVersionManager (AbstractLayoutVersionManager.java:init(83)) - Initializing Layout version manager with metadata layout = DATANODE_SCHEMA_V3 (version = 4), software layout = DATANODE_SCHEMA_V3 (version = 4)
2023-01-10 01:13:08,895 [Listener at 127.0.0.1/41315] INFO  reflections.Reflections (Reflections.java:scan(232)) - Reflections took 41 ms to scan 7 urls, producing 146 keys and 350 values 
2023-01-10 01:13:08,897 [Listener at 127.0.0.1/41315] INFO  statemachine.DatanodeStateMachine (DatanodeStateMachine.java:getEndPointTaskThreadPoolSize(248)) - Datanode State Machine Task Thread Pool size 2
2023-01-10 01:13:08,902 [Listener at 127.0.0.1/41315] INFO  volume.HddsVolume (HddsVolume.java:<init>(117)) - Creating HddsVolume: /home/runner/work/ozone/ozone/hadoop-ozone/integration-test/target/test-dir/MiniOzoneClusterImpl-87d91b25-fa0c-46b9-b442-f5a189e2cbc3/datanode-1/data-0/containers/hdds of storage type : DISK capacity : 9223372036854775807
2023-01-10 01:13:08,902 [Listener at 127.0.0.1/41315] INFO  volume.MutableVolumeSet (MutableVolumeSet.java:initializeVolumeSet(174)) - Added Volume : /home/runner/work/ozone/ozone/hadoop-ozone/integration-test/target/test-dir/MiniOzoneClusterImpl-87d91b25-fa0c-46b9-b442-f5a189e2cbc3/datanode-1/data-0/containers/hdds to VolumeSet
2023-01-10 01:13:08,902 [Listener at 127.0.0.1/41315] INFO  volume.ThrottledAsyncChecker (ThrottledAsyncChecker.java:schedule(141)) - Scheduling a check for /home/runner/work/ozone/ozone/hadoop-ozone/integration-test/target/test-dir/MiniOzoneClusterImpl-87d91b25-fa0c-46b9-b442-f5a189e2cbc3/datanode-1/data-0/containers/hdds
2023-01-10 01:13:08,903 [Listener at 127.0.0.1/41315] INFO  volume.StorageVolumeChecker (StorageVolumeChecker.java:checkAllVolumes(202)) - Scheduled health check for volume /home/runner/work/ozone/ozone/hadoop-ozone/integration-test/target/test-dir/MiniOzoneClusterImpl-87d91b25-fa0c-46b9-b442-f5a189e2cbc3/datanode-1/data-0/containers/hdds
2023-01-10 01:13:08,914 [Listener at 127.0.0.1/41315] INFO  volume.MutableVolumeSet (MutableVolumeSet.java:initializeVolumeSet(174)) - Added Volume : /home/runner/work/ozone/ozone/hadoop-ozone/integration-test/target/test-dir/MiniOzoneClusterImpl-87d91b25-fa0c-46b9-b442-f5a189e2cbc3/datanode-1/data/ratis to VolumeSet
2023-01-10 01:13:08,914 [Listener at 127.0.0.1/41315] INFO  volume.ThrottledAsyncChecker (ThrottledAsyncChecker.java:schedule(141)) - Scheduling a check for /home/runner/work/ozone/ozone/hadoop-ozone/integration-test/target/test-dir/MiniOzoneClusterImpl-87d91b25-fa0c-46b9-b442-f5a189e2cbc3/datanode-1/data/ratis
2023-01-10 01:13:08,915 [Listener at 127.0.0.1/41315] INFO  volume.StorageVolumeChecker (StorageVolumeChecker.java:checkAllVolumes(202)) - Scheduled health check for volume /home/runner/work/ozone/ozone/hadoop-ozone/integration-test/target/test-dir/MiniOzoneClusterImpl-87d91b25-fa0c-46b9-b442-f5a189e2cbc3/datanode-1/data/ratis
2023-01-10 01:13:08,926 [Thread-612] INFO  ozoneimpl.ContainerReader (ContainerReader.java:readVolume(175)) - Finish verifying containers on volume /home/runner/work/ozone/ozone/hadoop-ozone/integration-test/target/test-dir/MiniOzoneClusterImpl-87d91b25-fa0c-46b9-b442-f5a189e2cbc3/datanode-1/data-0/containers/hdds
2023-01-10 01:13:08,927 [Listener at 127.0.0.1/41315] INFO  ozoneimpl.OzoneContainer (OzoneContainer.java:buildContainerSet(301)) - Build ContainerSet costs 0s
2023-01-10 01:13:08,929 [Listener at 127.0.0.1/41315] INFO  server.RaftServer (ConfUtils.java:logGet(46)) - raft.rpc.type = GRPC (default)
2023-01-10 01:13:08,929 [Listener at 127.0.0.1/41315] INFO  grpc.GrpcConfigKeys (ConfUtils.java:logFallback(53)) - raft.grpc.admin.host = null (fallback to raft.grpc.server.host)
2023-01-10 01:13:08,929 [Listener at 127.0.0.1/41315] INFO  grpc.GrpcConfigKeys (ConfUtils.java:logGet(46)) - raft.grpc.admin.port = 0 (custom)
2023-01-10 01:13:08,929 [Listener at 127.0.0.1/41315] INFO  grpc.GrpcConfigKeys (ConfUtils.java:logFallback(53)) - raft.grpc.client.host = null (fallback to raft.grpc.server.host)
2023-01-10 01:13:08,929 [Listener at 127.0.0.1/41315] INFO  grpc.GrpcConfigKeys (ConfUtils.java:logGet(46)) - raft.grpc.client.port = 0 (custom)
2023-01-10 01:13:08,930 [Listener at 127.0.0.1/41315] INFO  grpc.GrpcConfigKeys (ConfUtils.java:logGet(46)) - raft.grpc.server.host = null (default)
2023-01-10 01:13:08,930 [Listener at 127.0.0.1/41315] INFO  grpc.GrpcConfigKeys (ConfUtils.java:logGet(46)) - raft.grpc.server.port = 0 (default)
2023-01-10 01:13:08,930 [Listener at 127.0.0.1/41315] INFO  server.GrpcService (ConfUtils.java:logGet(46)) - raft.grpc.message.size.max = 32MB (=33554432) (custom)
2023-01-10 01:13:08,930 [Listener at 127.0.0.1/41315] INFO  server.RaftServerConfigKeys (ConfUtils.java:logGet(46)) - raft.server.log.appender.buffer.byte-limit = 33554432 (custom)
2023-01-10 01:13:08,930 [Listener at 127.0.0.1/41315] INFO  server.GrpcService (ConfUtils.java:logGet(46)) - raft.grpc.flow.control.window = 5MB (=5242880) (custom)
2023-01-10 01:13:08,930 [Listener at 127.0.0.1/41315] INFO  server.RaftServerConfigKeys (ConfUtils.java:logGet(46)) - raft.server.rpc.request.timeout = 60s (custom)
2023-01-10 01:13:08,930 [Listener at 127.0.0.1/41315] INFO  grpc.GrpcConfigKeys (ConfUtils.java:logGet(46)) - raft.grpc.server.heartbeat.channel = true (default)
2023-01-10 01:13:08,930 [Listener at 127.0.0.1/41315] INFO  grpc.GrpcConfigKeys (ConfUtils.java:logGet(46)) - raft.grpc.server.async.request.thread.pool.cached = true (default)
2023-01-10 01:13:08,931 [Listener at 127.0.0.1/41315] INFO  grpc.GrpcConfigKeys (ConfUtils.java:logGet(46)) - raft.grpc.server.async.request.thread.pool.size = 32 (default)
2023-01-10 01:13:08,932 [Listener at 127.0.0.1/41315] INFO  impl.DataStreamServerImpl (ConfUtils.java:logGet(46)) - raft.datastream.type = NETTY (custom)
2023-01-10 01:13:08,932 [Listener at 127.0.0.1/41315] INFO  server.RaftServerConfigKeys (ConfUtils.java:logGet(46)) - raft.server.data-stream.async.request.thread.pool.cached = false (default)
2023-01-10 01:13:08,932 [Listener at 127.0.0.1/41315] INFO  server.RaftServerConfigKeys (ConfUtils.java:logGet(46)) - raft.server.data-stream.async.request.thread.pool.size = 20 (custom)
2023-01-10 01:13:08,932 [Listener at 127.0.0.1/41315] INFO  server.RaftServerConfigKeys (ConfUtils.java:logGet(46)) - raft.server.data-stream.async.write.thread.pool.size = 16 (default)
2023-01-10 01:13:08,932 [Listener at 127.0.0.1/41315] INFO  server.RaftServerConfigKeys (ConfUtils.java:logGet(46)) - raft.server.data-stream.client.pool.size = 10 (default)
2023-01-10 01:13:08,933 [Listener at 127.0.0.1/41315] INFO  netty.NettyConfigKeys$DataStream (ConfUtils.java:logGet(46)) - raft.netty.dataStream.server.use-epoll = false (default)
2023-01-10 01:13:08,933 [Listener at 127.0.0.1/41315] INFO  netty.NettyConfigKeys$DataStream (ConfUtils.java:logGet(46)) - raft.netty.dataStream.server.boss-group.size = 0 (default)
2023-01-10 01:13:08,933 [Listener at 127.0.0.1/41315] INFO  netty.NettyConfigKeys$DataStream (ConfUtils.java:logGet(46)) - raft.netty.dataStream.server.worker-group.size = 0 (default)
2023-01-10 01:13:08,933 [Listener at 127.0.0.1/41315] INFO  netty.NettyConfigKeys$DataStream (ConfUtils.java:logGet(46)) - raft.netty.dataStream.server.tls.conf = null (default)
2023-01-10 01:13:08,934 [Listener at 127.0.0.1/41315] INFO  netty.NettyConfigKeys$DataStream (ConfUtils.java:logGet(46)) - raft.netty.dataStream.host = null (default)
2023-01-10 01:13:08,934 [Listener at 127.0.0.1/41315] INFO  netty.NettyConfigKeys$DataStream (ConfUtils.java:logGet(46)) - raft.netty.dataStream.port = 0 (default)
2023-01-10 01:13:08,934 [Listener at 127.0.0.1/41315] INFO  server.RaftServerConfigKeys (ConfUtils.java:logGet(46)) - raft.server.threadpool.proxy.cached = true (default)
2023-01-10 01:13:08,934 [Listener at 127.0.0.1/41315] INFO  server.RaftServerConfigKeys (ConfUtils.java:logGet(46)) - raft.server.threadpool.proxy.size = 0 (default)
2023-01-10 01:13:08,934 [e4ed2f3a-5aa6-4459-b26c-0c4683a8ebc0-NettyServerStreamRpc-bossGroup--thread1] INFO  logging.LoggingHandler (AbstractInternalLogger.java:log(148)) - [id: 0x514a1f49] REGISTERED
2023-01-10 01:13:08,935 [Listener at 127.0.0.1/41315] INFO  server.RaftServerConfigKeys (ConfUtils.java:logGet(46)) - raft.server.rpc.slowness.timeout = 300s (custom)
2023-01-10 01:13:08,935 [e4ed2f3a-5aa6-4459-b26c-0c4683a8ebc0-NettyServerStreamRpc-bossGroup--thread1] INFO  logging.LoggingHandler (AbstractInternalLogger.java:log(148)) - [id: 0x514a1f49] BIND: 0.0.0.0/0.0.0.0:0
2023-01-10 01:13:08,935 [Listener at 127.0.0.1/41315] INFO  server.RaftServerConfigKeys (ConfUtils.java:logGet(46)) - raft.server.leaderelection.leader.step-down.wait-time = 10s (default)
2023-01-10 01:13:08,935 [Listener at 127.0.0.1/41315] INFO  server.RaftServerConfigKeys (ConfUtils.java:logGet(46)) - raft.server.storage.dir = [/home/runner/work/ozone/ozone/hadoop-ozone/integration-test/target/test-dir/MiniOzoneClusterImpl-87d91b25-fa0c-46b9-b442-f5a189e2cbc3/datanode-1/data/ratis] (custom)
2023-01-10 01:13:08,935 [e4ed2f3a-5aa6-4459-b26c-0c4683a8ebc0-NettyServerStreamRpc-bossGroup--thread1] INFO  logging.LoggingHandler (AbstractInternalLogger.java:log(148)) - [id: 0x514a1f49, L:/0:0:0:0:0:0:0:0:40887] ACTIVE
2023-01-10 01:13:08,936 [Listener at 127.0.0.1/41315] INFO  server.XceiverServerGrpc (XceiverServerGrpc.java:<init>(132)) - GrpcServer channel type EpollServerSocketChannel
2023-01-10 01:13:08,940 [Listener at 127.0.0.1/41315] INFO  http.BaseHttpServer (BaseHttpServer.java:newHttpServer2BuilderForOzone(213)) - Starting Web-server for hddsDatanode at: http://0.0.0.0:0
2023-01-10 01:13:08,940 [Listener at 127.0.0.1/41315] INFO  http.BaseHttpServer (BaseHttpServer.java:<init>(108)) - Hadoop Security Enabled: false Ozone Security Enabled: false Ozone HTTP Security Enabled: false 
2023-01-10 01:13:08,941 [Listener at 127.0.0.1/41315] WARN  server.AuthenticationFilter (AuthenticationFilter.java:constructSecretProvider(240)) - Unable to initialize FileSignerSecretProvider, falling back to use random secrets. Reason: Could not read signature secret file: /home/runner/hadoop-http-auth-signature-secret
2023-01-10 01:13:08,941 [Listener at 127.0.0.1/41315] WARN  http.HttpRequestLog (HttpRequestLog.java:getRequestLog(103)) - Jetty request log can only be enabled using Log4j
2023-01-10 01:13:08,943 [Listener at 127.0.0.1/41315] INFO  http.HttpServer2 (HttpServer2.java:addGlobalFilter(1031)) - Added global filter 'safety' (class=org.apache.hadoop.hdds.server.http.HttpServer2$QuotingInputFilter)
2023-01-10 01:13:08,943 [Listener at 127.0.0.1/41315] INFO  http.HttpServer2 (HttpServer2.java:addFilter(1007)) - Added filter static_user_filter (class=org.apache.hadoop.http.lib.StaticUserWebFilter$StaticUserFilter) to context hddsDatanode
2023-01-10 01:13:08,943 [Listener at 127.0.0.1/41315] INFO  http.HttpServer2 (HttpServer2.java:addFilter(1015)) - Added filter static_user_filter (class=org.apache.hadoop.http.lib.StaticUserWebFilter$StaticUserFilter) to context static
2023-01-10 01:13:08,943 [Listener at 127.0.0.1/41315] INFO  http.HttpServer2 (HttpServer2.java:addFilter(1015)) - Added filter static_user_filter (class=org.apache.hadoop.http.lib.StaticUserWebFilter$StaticUserFilter) to context logs
2023-01-10 01:13:08,944 [Listener at 127.0.0.1/41315] INFO  http.HttpServer2 (HttpServer2.java:bindListener(1250)) - Jetty bound to port 39985
2023-01-10 01:13:08,944 [Listener at 127.0.0.1/41315] INFO  server.Server (Server.java:doStart(375)) - jetty-9.4.49.v20220914; built: 2022-09-14T01:07:36.601Z; git: 4231a3b2e4cb8548a412a789936d640a97b1aa0a; jvm 1.8.0_352-b08
2023-01-10 01:13:08,945 [Listener at 127.0.0.1/41315] INFO  server.session (DefaultSessionIdManager.java:doStart(334)) - DefaultSessionIdManager workerName=node0
2023-01-10 01:13:08,945 [Listener at 127.0.0.1/41315] INFO  server.session (DefaultSessionIdManager.java:doStart(339)) - No SessionScavenger set, using defaults
2023-01-10 01:13:08,946 [Listener at 127.0.0.1/41315] INFO  server.session (HouseKeeper.java:startScavenging(132)) - node0 Scavenging every 600000ms
2023-01-10 01:13:08,946 [Listener at 127.0.0.1/41315] INFO  handler.ContextHandler (ContextHandler.java:doStart(921)) - Started o.e.j.s.ServletContextHandler@3d70ecb6{logs,/logs,file:///home/runner/work/ozone/ozone/hadoop-ozone/integration-test/target/log,AVAILABLE}
2023-01-10 01:13:08,947 [Listener at 127.0.0.1/41315] INFO  handler.ContextHandler (ContextHandler.java:doStart(921)) - Started o.e.j.s.ServletContextHandler@410e2efc{static,/static,jar:file:/home/runner/.m2/repository/org/apache/ozone/hdds-container-service/1.4.0-SNAPSHOT/hdds-container-service-1.4.0-SNAPSHOT.jar!/webapps/static,AVAILABLE}
2023-01-10 01:13:09,111 [Listener at 127.0.0.1/41315] INFO  handler.ContextHandler (ContextHandler.java:doStart(921)) - Started o.e.j.w.WebAppContext@7ee7e1bb{hddsDatanode,/,file:///tmp/jetty-0_0_0_0-39985-hdds-container-service-1_4_0-SNAPSHOT_jar-_-any-8934810995761803884/webapp/,AVAILABLE}{jar:file:/home/runner/.m2/repository/org/apache/ozone/hdds-container-service/1.4.0-SNAPSHOT/hdds-container-service-1.4.0-SNAPSHOT.jar!/webapps/hddsDatanode}
2023-01-10 01:13:09,112 [Listener at 127.0.0.1/41315] INFO  server.AbstractConnector (AbstractConnector.java:doStart(333)) - Started ServerConnector@10a2f485{HTTP/1.1, (http/1.1)}{0.0.0.0:39985}
2023-01-10 01:13:09,112 [Listener at 127.0.0.1/41315] INFO  server.Server (Server.java:doStart(415)) - Started @90714ms
2023-01-10 01:13:09,112 [Listener at 127.0.0.1/41315] WARN  impl.MetricsSystemImpl (MetricsSystemImpl.java:register(279)) - Sink prometheus already exists!
2023-01-10 01:13:09,113 [Listener at 127.0.0.1/41315] INFO  http.BaseHttpServer (BaseHttpServer.java:updateConnectorAddress(333)) - HTTP server of hddsDatanode listening at http://0.0.0.0:39985
2023-01-10 01:13:09,113 [Datanode State Machine Daemon Thread] INFO  statemachine.DatanodeStateMachine (DatanodeStateMachine.java:lambda$startDaemon$0(508)) - Ozone container server started.
2023-01-10 01:13:09,113 [Listener at 127.0.0.1/41315] WARN  impl.MetricRegistriesImpl (MetricRegistriesImpl.java:addReporterRegistration(111)) - New reporters are added after registries were created. Some metrics will be missing from the reporter. Please add reporter before adding any new registry.
2023-01-10 01:13:09,114 [Listener at 127.0.0.1/41315] WARN  impl.MetricRegistriesImpl (MetricRegistriesImpl.java:addReporterRegistration(111)) - New reporters are added after registries were created. Some metrics will be missing from the reporter. Please add reporter before adding any new registry.
2023-01-10 01:13:09,115 [Listener at 127.0.0.1/41315] INFO  impl.MetricsSystemImpl (MetricsSystemImpl.java:init(158)) - HddsDatanode metrics system started (again)
2023-01-10 01:13:09,125 [Listener at 127.0.0.1/41315] INFO  ozone.HddsDatanodeService (HddsDatanodeService.java:start(228)) - HddsDatanodeService host:fv-az353-623.tkyx2seitsuu3nmpmouz2httfb.bx.internal.cloudapp.net ip:10.1.0.24
2023-01-10 01:13:09,126 [org.apache.hadoop.util.JvmPauseMonitor$Monitor@1f628e23] INFO  util.JvmPauseMonitor (JvmPauseMonitor.java:run(188)) - Starting JVM pause monitor
2023-01-10 01:13:09,128 [Datanode State Machine Task Thread - 0] INFO  datanode.InitDatanodeState (InitDatanodeState.java:persistContainerDatanodeDetails(138)) - DatanodeDetails is persisted to /home/runner/work/ozone/ozone/hadoop-ozone/integration-test/target/test-dir/MiniOzoneClusterImpl-87d91b25-fa0c-46b9-b442-f5a189e2cbc3/datanode-1/meta/datanode.id
2023-01-10 01:13:09,155 [Listener at 127.0.0.1/41315] INFO  upgrade.AbstractLayoutVersionManager (AbstractLayoutVersionManager.java:init(83)) - Initializing Layout version manager with metadata layout = DATANODE_SCHEMA_V3 (version = 4), software layout = DATANODE_SCHEMA_V3 (version = 4)
2023-01-10 01:13:09,198 [Listener at 127.0.0.1/41315] INFO  reflections.Reflections (Reflections.java:scan(232)) - Reflections took 42 ms to scan 7 urls, producing 146 keys and 350 values 
2023-01-10 01:13:09,199 [Listener at 127.0.0.1/41315] INFO  statemachine.DatanodeStateMachine (DatanodeStateMachine.java:getEndPointTaskThreadPoolSize(248)) - Datanode State Machine Task Thread Pool size 2
2023-01-10 01:13:09,201 [Listener at 127.0.0.1/41315] INFO  volume.HddsVolume (HddsVolume.java:<init>(117)) - Creating HddsVolume: /home/runner/work/ozone/ozone/hadoop-ozone/integration-test/target/test-dir/MiniOzoneClusterImpl-87d91b25-fa0c-46b9-b442-f5a189e2cbc3/datanode-2/data-0/containers/hdds of storage type : DISK capacity : 9223372036854775807
2023-01-10 01:13:09,201 [Listener at 127.0.0.1/41315] INFO  volume.MutableVolumeSet (MutableVolumeSet.java:initializeVolumeSet(174)) - Added Volume : /home/runner/work/ozone/ozone/hadoop-ozone/integration-test/target/test-dir/MiniOzoneClusterImpl-87d91b25-fa0c-46b9-b442-f5a189e2cbc3/datanode-2/data-0/containers/hdds to VolumeSet
2023-01-10 01:13:09,201 [Listener at 127.0.0.1/41315] INFO  volume.ThrottledAsyncChecker (ThrottledAsyncChecker.java:schedule(141)) - Scheduling a check for /home/runner/work/ozone/ozone/hadoop-ozone/integration-test/target/test-dir/MiniOzoneClusterImpl-87d91b25-fa0c-46b9-b442-f5a189e2cbc3/datanode-2/data-0/containers/hdds
2023-01-10 01:13:09,204 [Listener at 127.0.0.1/41315] INFO  volume.StorageVolumeChecker (StorageVolumeChecker.java:checkAllVolumes(202)) - Scheduled health check for volume /home/runner/work/ozone/ozone/hadoop-ozone/integration-test/target/test-dir/MiniOzoneClusterImpl-87d91b25-fa0c-46b9-b442-f5a189e2cbc3/datanode-2/data-0/containers/hdds
2023-01-10 01:13:09,215 [Listener at 127.0.0.1/41315] INFO  volume.MutableVolumeSet (MutableVolumeSet.java:initializeVolumeSet(174)) - Added Volume : /home/runner/work/ozone/ozone/hadoop-ozone/integration-test/target/test-dir/MiniOzoneClusterImpl-87d91b25-fa0c-46b9-b442-f5a189e2cbc3/datanode-2/data/ratis to VolumeSet
2023-01-10 01:13:09,215 [Listener at 127.0.0.1/41315] INFO  volume.ThrottledAsyncChecker (ThrottledAsyncChecker.java:schedule(141)) - Scheduling a check for /home/runner/work/ozone/ozone/hadoop-ozone/integration-test/target/test-dir/MiniOzoneClusterImpl-87d91b25-fa0c-46b9-b442-f5a189e2cbc3/datanode-2/data/ratis
2023-01-10 01:13:09,216 [Listener at 127.0.0.1/41315] INFO  volume.StorageVolumeChecker (StorageVolumeChecker.java:checkAllVolumes(202)) - Scheduled health check for volume /home/runner/work/ozone/ozone/hadoop-ozone/integration-test/target/test-dir/MiniOzoneClusterImpl-87d91b25-fa0c-46b9-b442-f5a189e2cbc3/datanode-2/data/ratis
2023-01-10 01:13:09,226 [Thread-626] INFO  ozoneimpl.ContainerReader (ContainerReader.java:readVolume(175)) - Finish verifying containers on volume /home/runner/work/ozone/ozone/hadoop-ozone/integration-test/target/test-dir/MiniOzoneClusterImpl-87d91b25-fa0c-46b9-b442-f5a189e2cbc3/datanode-2/data-0/containers/hdds
2023-01-10 01:13:09,226 [Listener at 127.0.0.1/41315] INFO  ozoneimpl.OzoneContainer (OzoneContainer.java:buildContainerSet(301)) - Build ContainerSet costs 0s
2023-01-10 01:13:09,228 [Listener at 127.0.0.1/41315] INFO  server.RaftServer (ConfUtils.java:logGet(46)) - raft.rpc.type = GRPC (default)
2023-01-10 01:13:09,228 [Listener at 127.0.0.1/41315] INFO  grpc.GrpcConfigKeys (ConfUtils.java:logFallback(53)) - raft.grpc.admin.host = null (fallback to raft.grpc.server.host)
2023-01-10 01:13:09,228 [Listener at 127.0.0.1/41315] INFO  grpc.GrpcConfigKeys (ConfUtils.java:logGet(46)) - raft.grpc.admin.port = 0 (custom)
2023-01-10 01:13:09,229 [Listener at 127.0.0.1/41315] INFO  grpc.GrpcConfigKeys (ConfUtils.java:logFallback(53)) - raft.grpc.client.host = null (fallback to raft.grpc.server.host)
2023-01-10 01:13:09,229 [Listener at 127.0.0.1/41315] INFO  grpc.GrpcConfigKeys (ConfUtils.java:logGet(46)) - raft.grpc.client.port = 0 (custom)
2023-01-10 01:13:09,229 [Listener at 127.0.0.1/41315] INFO  grpc.GrpcConfigKeys (ConfUtils.java:logGet(46)) - raft.grpc.server.host = null (default)
2023-01-10 01:13:09,229 [Listener at 127.0.0.1/41315] INFO  grpc.GrpcConfigKeys (ConfUtils.java:logGet(46)) - raft.grpc.server.port = 0 (default)
2023-01-10 01:13:09,229 [Listener at 127.0.0.1/41315] INFO  server.GrpcService (ConfUtils.java:logGet(46)) - raft.grpc.message.size.max = 32MB (=33554432) (custom)
2023-01-10 01:13:09,229 [Listener at 127.0.0.1/41315] INFO  server.RaftServerConfigKeys (ConfUtils.java:logGet(46)) - raft.server.log.appender.buffer.byte-limit = 33554432 (custom)
2023-01-10 01:13:09,229 [Listener at 127.0.0.1/41315] INFO  server.GrpcService (ConfUtils.java:logGet(46)) - raft.grpc.flow.control.window = 5MB (=5242880) (custom)
2023-01-10 01:13:09,230 [Listener at 127.0.0.1/41315] INFO  server.RaftServerConfigKeys (ConfUtils.java:logGet(46)) - raft.server.rpc.request.timeout = 60s (custom)
2023-01-10 01:13:09,230 [Listener at 127.0.0.1/41315] INFO  grpc.GrpcConfigKeys (ConfUtils.java:logGet(46)) - raft.grpc.server.heartbeat.channel = true (default)
2023-01-10 01:13:09,230 [Listener at 127.0.0.1/41315] INFO  grpc.GrpcConfigKeys (ConfUtils.java:logGet(46)) - raft.grpc.server.async.request.thread.pool.cached = true (default)
2023-01-10 01:13:09,230 [Listener at 127.0.0.1/41315] INFO  grpc.GrpcConfigKeys (ConfUtils.java:logGet(46)) - raft.grpc.server.async.request.thread.pool.size = 32 (default)
2023-01-10 01:13:09,231 [Listener at 127.0.0.1/41315] INFO  impl.DataStreamServerImpl (ConfUtils.java:logGet(46)) - raft.datastream.type = NETTY (custom)
2023-01-10 01:13:09,231 [Listener at 127.0.0.1/41315] INFO  server.RaftServerConfigKeys (ConfUtils.java:logGet(46)) - raft.server.data-stream.async.request.thread.pool.cached = false (default)
2023-01-10 01:13:09,231 [Listener at 127.0.0.1/41315] INFO  server.RaftServerConfigKeys (ConfUtils.java:logGet(46)) - raft.server.data-stream.async.request.thread.pool.size = 20 (custom)
2023-01-10 01:13:09,232 [Listener at 127.0.0.1/41315] INFO  server.RaftServerConfigKeys (ConfUtils.java:logGet(46)) - raft.server.data-stream.async.write.thread.pool.size = 16 (default)
2023-01-10 01:13:09,232 [Listener at 127.0.0.1/41315] INFO  server.RaftServerConfigKeys (ConfUtils.java:logGet(46)) - raft.server.data-stream.client.pool.size = 10 (default)
2023-01-10 01:13:09,232 [Listener at 127.0.0.1/41315] INFO  netty.NettyConfigKeys$DataStream (ConfUtils.java:logGet(46)) - raft.netty.dataStream.server.use-epoll = false (default)
2023-01-10 01:13:09,232 [Listener at 127.0.0.1/41315] INFO  netty.NettyConfigKeys$DataStream (ConfUtils.java:logGet(46)) - raft.netty.dataStream.server.boss-group.size = 0 (default)
2023-01-10 01:13:09,232 [Listener at 127.0.0.1/41315] INFO  netty.NettyConfigKeys$DataStream (ConfUtils.java:logGet(46)) - raft.netty.dataStream.server.worker-group.size = 0 (default)
2023-01-10 01:13:09,233 [Listener at 127.0.0.1/41315] INFO  netty.NettyConfigKeys$DataStream (ConfUtils.java:logGet(46)) - raft.netty.dataStream.server.tls.conf = null (default)
2023-01-10 01:13:09,233 [Listener at 127.0.0.1/41315] INFO  netty.NettyConfigKeys$DataStream (ConfUtils.java:logGet(46)) - raft.netty.dataStream.host = null (default)
2023-01-10 01:13:09,233 [Listener at 127.0.0.1/41315] INFO  netty.NettyConfigKeys$DataStream (ConfUtils.java:logGet(46)) - raft.netty.dataStream.port = 0 (default)
2023-01-10 01:13:09,234 [Listener at 127.0.0.1/41315] INFO  server.RaftServerConfigKeys (ConfUtils.java:logGet(46)) - raft.server.threadpool.proxy.cached = true (default)
2023-01-10 01:13:09,234 [Listener at 127.0.0.1/41315] INFO  server.RaftServerConfigKeys (ConfUtils.java:logGet(46)) - raft.server.threadpool.proxy.size = 0 (default)
2023-01-10 01:13:09,234 [Listener at 127.0.0.1/41315] INFO  server.RaftServerConfigKeys (ConfUtils.java:logGet(46)) - raft.server.rpc.slowness.timeout = 300s (custom)
2023-01-10 01:13:09,234 [Listener at 127.0.0.1/41315] INFO  server.RaftServerConfigKeys (ConfUtils.java:logGet(46)) - raft.server.leaderelection.leader.step-down.wait-time = 10s (default)
2023-01-10 01:13:09,234 [Listener at 127.0.0.1/41315] INFO  server.RaftServerConfigKeys (ConfUtils.java:logGet(46)) - raft.server.storage.dir = [/home/runner/work/ozone/ozone/hadoop-ozone/integration-test/target/test-dir/MiniOzoneClusterImpl-87d91b25-fa0c-46b9-b442-f5a189e2cbc3/datanode-2/data/ratis] (custom)
2023-01-10 01:13:09,235 [aede9520-44de-4c1e-ace9-e9f99ab0d9a8-NettyServerStreamRpc-bossGroup--thread1] INFO  logging.LoggingHandler (AbstractInternalLogger.java:log(148)) - [id: 0x9621c235] REGISTERED
2023-01-10 01:13:09,235 [aede9520-44de-4c1e-ace9-e9f99ab0d9a8-NettyServerStreamRpc-bossGroup--thread1] INFO  logging.LoggingHandler (AbstractInternalLogger.java:log(148)) - [id: 0x9621c235] BIND: 0.0.0.0/0.0.0.0:0
2023-01-10 01:13:09,235 [aede9520-44de-4c1e-ace9-e9f99ab0d9a8-NettyServerStreamRpc-bossGroup--thread1] INFO  logging.LoggingHandler (AbstractInternalLogger.java:log(148)) - [id: 0x9621c235, L:/0:0:0:0:0:0:0:0:43115] ACTIVE
2023-01-10 01:13:09,236 [Listener at 127.0.0.1/41315] INFO  server.XceiverServerGrpc (XceiverServerGrpc.java:<init>(132)) - GrpcServer channel type EpollServerSocketChannel
2023-01-10 01:13:09,240 [Listener at 127.0.0.1/41315] INFO  http.BaseHttpServer (BaseHttpServer.java:newHttpServer2BuilderForOzone(213)) - Starting Web-server for hddsDatanode at: http://0.0.0.0:0
2023-01-10 01:13:09,240 [Listener at 127.0.0.1/41315] INFO  http.BaseHttpServer (BaseHttpServer.java:<init>(108)) - Hadoop Security Enabled: false Ozone Security Enabled: false Ozone HTTP Security Enabled: false 
2023-01-10 01:13:09,242 [Listener at 127.0.0.1/41315] WARN  server.AuthenticationFilter (AuthenticationFilter.java:constructSecretProvider(240)) - Unable to initialize FileSignerSecretProvider, falling back to use random secrets. Reason: Could not read signature secret file: /home/runner/hadoop-http-auth-signature-secret
2023-01-10 01:13:09,243 [Listener at 127.0.0.1/41315] WARN  http.HttpRequestLog (HttpRequestLog.java:getRequestLog(103)) - Jetty request log can only be enabled using Log4j
2023-01-10 01:13:09,245 [Listener at 127.0.0.1/41315] INFO  http.HttpServer2 (HttpServer2.java:addGlobalFilter(1031)) - Added global filter 'safety' (class=org.apache.hadoop.hdds.server.http.HttpServer2$QuotingInputFilter)
2023-01-10 01:13:09,245 [Listener at 127.0.0.1/41315] INFO  http.HttpServer2 (HttpServer2.java:addFilter(1007)) - Added filter static_user_filter (class=org.apache.hadoop.http.lib.StaticUserWebFilter$StaticUserFilter) to context hddsDatanode
2023-01-10 01:13:09,245 [Listener at 127.0.0.1/41315] INFO  http.HttpServer2 (HttpServer2.java:addFilter(1015)) - Added filter static_user_filter (class=org.apache.hadoop.http.lib.StaticUserWebFilter$StaticUserFilter) to context static
2023-01-10 01:13:09,245 [Listener at 127.0.0.1/41315] INFO  http.HttpServer2 (HttpServer2.java:addFilter(1015)) - Added filter static_user_filter (class=org.apache.hadoop.http.lib.StaticUserWebFilter$StaticUserFilter) to context logs
2023-01-10 01:13:09,246 [Listener at 127.0.0.1/41315] INFO  http.HttpServer2 (HttpServer2.java:bindListener(1250)) - Jetty bound to port 41937
2023-01-10 01:13:09,246 [Listener at 127.0.0.1/41315] INFO  server.Server (Server.java:doStart(375)) - jetty-9.4.49.v20220914; built: 2022-09-14T01:07:36.601Z; git: 4231a3b2e4cb8548a412a789936d640a97b1aa0a; jvm 1.8.0_352-b08
2023-01-10 01:13:09,247 [Listener at 127.0.0.1/41315] INFO  server.session (DefaultSessionIdManager.java:doStart(334)) - DefaultSessionIdManager workerName=node0
2023-01-10 01:13:09,248 [Listener at 127.0.0.1/41315] INFO  server.session (DefaultSessionIdManager.java:doStart(339)) - No SessionScavenger set, using defaults
2023-01-10 01:13:09,248 [Listener at 127.0.0.1/41315] INFO  server.session (HouseKeeper.java:startScavenging(132)) - node0 Scavenging every 660000ms
2023-01-10 01:13:09,248 [Listener at 127.0.0.1/41315] INFO  handler.ContextHandler (ContextHandler.java:doStart(921)) - Started o.e.j.s.ServletContextHandler@3451f8ff{logs,/logs,file:///home/runner/work/ozone/ozone/hadoop-ozone/integration-test/target/log,AVAILABLE}
2023-01-10 01:13:09,249 [Listener at 127.0.0.1/41315] INFO  handler.ContextHandler (ContextHandler.java:doStart(921)) - Started o.e.j.s.ServletContextHandler@2156371c{static,/static,jar:file:/home/runner/.m2/repository/org/apache/ozone/hdds-container-service/1.4.0-SNAPSHOT/hdds-container-service-1.4.0-SNAPSHOT.jar!/webapps/static,AVAILABLE}
2023-01-10 01:13:09,414 [Listener at 127.0.0.1/41315] INFO  handler.ContextHandler (ContextHandler.java:doStart(921)) - Started o.e.j.w.WebAppContext@71b85c62{hddsDatanode,/,file:///tmp/jetty-0_0_0_0-41937-hdds-container-service-1_4_0-SNAPSHOT_jar-_-any-7112360739139486356/webapp/,AVAILABLE}{jar:file:/home/runner/.m2/repository/org/apache/ozone/hdds-container-service/1.4.0-SNAPSHOT/hdds-container-service-1.4.0-SNAPSHOT.jar!/webapps/hddsDatanode}
2023-01-10 01:13:09,415 [Listener at 127.0.0.1/41315] INFO  server.AbstractConnector (AbstractConnector.java:doStart(333)) - Started ServerConnector@cb06460{HTTP/1.1, (http/1.1)}{0.0.0.0:41937}
2023-01-10 01:13:09,416 [Listener at 127.0.0.1/41315] INFO  server.Server (Server.java:doStart(415)) - Started @91017ms
2023-01-10 01:13:09,416 [Listener at 127.0.0.1/41315] WARN  impl.MetricsSystemImpl (MetricsSystemImpl.java:register(279)) - Sink prometheus already exists!
2023-01-10 01:13:09,416 [Listener at 127.0.0.1/41315] INFO  http.BaseHttpServer (BaseHttpServer.java:updateConnectorAddress(333)) - HTTP server of hddsDatanode listening at http://0.0.0.0:41937
2023-01-10 01:13:09,418 [Listener at 127.0.0.1/41315] INFO  ozone.MiniOzoneClusterImpl (MiniOzoneClusterImpl.java:lambda$waitForClusterToBeReady$0(218)) - Waiting for nodes to be ready. Got 0 of 3 DN Heartbeats.
2023-01-10 01:13:09,418 [Listener at 127.0.0.1/41315] INFO  ozone.MiniOzoneClusterImpl (MiniOzoneClusterImpl.java:lambda$waitForClusterToBeReady$0(221)) - Waiting for cluster to exit safe mode
2023-01-10 01:13:09,418 [Listener at 127.0.0.1/41315] INFO  ozone.MiniOzoneClusterImpl (MiniOzoneClusterImpl.java:lambda$waitForClusterToBeReady$0(223)) - SCM became leader
2023-01-10 01:13:09,418 [Datanode State Machine Daemon Thread] INFO  statemachine.DatanodeStateMachine (DatanodeStateMachine.java:lambda$startDaemon$0(508)) - Ozone container server started.
2023-01-10 01:13:09,420 [om1@group-C5BA1605619E-FollowerState] INFO  impl.FollowerState (FollowerState.java:run(143)) - om1@group-C5BA1605619E-FollowerState: change to CANDIDATE, lastRpcElapsedTime:1067311773ns, electionTimeout:1066ms
2023-01-10 01:13:09,420 [om1@group-C5BA1605619E-FollowerState] INFO  impl.RoleInfo (RoleInfo.java:shutdownFollowerState(110)) - om1: shutdown om1@group-C5BA1605619E-FollowerState
2023-01-10 01:13:09,420 [om1@group-C5BA1605619E-FollowerState] INFO  server.RaftServer$Division (RaftServerImpl.java:setRole(321)) - om1@group-C5BA1605619E: changes role from  FOLLOWER to CANDIDATE at term 0 for changeToCandidate
2023-01-10 01:13:09,422 [om1@group-C5BA1605619E-FollowerState] INFO  server.RaftServerConfigKeys (ConfUtils.java:logGet(46)) - raft.server.leaderelection.pre-vote = false (custom)
2023-01-10 01:13:09,422 [om1@group-C5BA1605619E-FollowerState] INFO  impl.RoleInfo (RoleInfo.java:updateAndGet(139)) - om1: start om1@group-C5BA1605619E-LeaderElection15
2023-01-10 01:13:09,431 [org.apache.hadoop.util.JvmPauseMonitor$Monitor@7d86bb8a] INFO  util.JvmPauseMonitor (JvmPauseMonitor.java:run(188)) - Starting JVM pause monitor
2023-01-10 01:13:09,431 [om1@group-C5BA1605619E-LeaderElection15] INFO  impl.LeaderElection (LeaderElection.java:askForVotes(312)) - om1@group-C5BA1605619E-LeaderElection15 ELECTION round 0: submit vote requests at term 1 for -1: peers:[om1|rpc:localhost:9872|priority:0|startupRole:FOLLOWER]|listeners:[], old=null
2023-01-10 01:13:09,431 [om1@group-C5BA1605619E-LeaderElection15] INFO  impl.LeaderElection (LeaderElection.java:askForVotes(314)) - om1@group-C5BA1605619E-LeaderElection15 ELECTION round 0: result PASSED (term=1)
2023-01-10 01:13:09,431 [om1@group-C5BA1605619E-LeaderElection15] INFO  impl.RoleInfo (RoleInfo.java:shutdownLeaderElection(130)) - om1: shutdown om1@group-C5BA1605619E-LeaderElection15
2023-01-10 01:13:09,431 [om1@group-C5BA1605619E-LeaderElection15] INFO  server.RaftServer$Division (RaftServerImpl.java:setRole(321)) - om1@group-C5BA1605619E: changes role from CANDIDATE to LEADER at term 1 for changeToLeader
2023-01-10 01:13:09,432 [om1@group-C5BA1605619E-LeaderElection15] INFO  server.RaftServer$Division (ServerState.java:setLeader(313)) - om1@group-C5BA1605619E: change Leader from null to om1 at term 1 for becomeLeader, leader elected after 1428ms
2023-01-10 01:13:09,432 [om1@group-C5BA1605619E-LeaderElection15] INFO  server.RaftServerConfigKeys (ConfUtils.java:logGet(46)) - raft.server.staging.catchup.gap = 1000 (default)
2023-01-10 01:13:09,432 [om1@group-C5BA1605619E-LeaderElection15] INFO  server.RaftServerConfigKeys (ConfUtils.java:logGet(46)) - raft.server.write.element-limit = 4096 (default)
2023-01-10 01:13:09,432 [om1@group-C5BA1605619E-LeaderElection15] INFO  server.RaftServerConfigKeys (ConfUtils.java:logGet(46)) - raft.server.write.byte-limit = 64MB (=67108864) (default)
2023-01-10 01:13:09,432 [Datanode State Machine Task Thread - 0] INFO  datanode.InitDatanodeState (InitDatanodeState.java:persistContainerDatanodeDetails(138)) - DatanodeDetails is persisted to /home/runner/work/ozone/ozone/hadoop-ozone/integration-test/target/test-dir/MiniOzoneClusterImpl-87d91b25-fa0c-46b9-b442-f5a189e2cbc3/datanode-2/meta/datanode.id
2023-01-10 01:13:09,433 [om1@group-C5BA1605619E-LeaderElection15] INFO  server.RaftServerConfigKeys (ConfUtils.java:logGet(46)) - raft.server.watch.timeout = 10s (default)
2023-01-10 01:13:09,434 [om1@group-C5BA1605619E-LeaderElection15] INFO  server.RaftServerConfigKeys (ConfUtils.java:logGet(46)) - raft.server.watch.timeout.denomination = 1s (default)
2023-01-10 01:13:09,434 [om1@group-C5BA1605619E-LeaderElection15] INFO  server.RaftServerConfigKeys (ConfUtils.java:logGet(46)) - raft.server.watch.element-limit = 65536 (default)
2023-01-10 01:13:09,434 [om1@group-C5BA1605619E-LeaderElection15] INFO  server.RaftServerConfigKeys (ConfUtils.java:logGet(46)) - raft.server.write.element-limit = 4096 (default)
2023-01-10 01:13:09,434 [om1@group-C5BA1605619E-LeaderElection15] INFO  server.RaftServerConfigKeys (ConfUtils.java:logGet(46)) - raft.server.write.follower.gap.ratio.max = -1.0 (default)
2023-01-10 01:13:09,434 [om1@group-C5BA1605619E-LeaderElection15] INFO  impl.RoleInfo (RoleInfo.java:updateAndGet(139)) - om1: start om1@group-C5BA1605619E-LeaderStateImpl
2023-01-10 01:13:09,434 [om1@group-C5BA1605619E-LeaderElection15] INFO  segmented.SegmentedRaftLogWorker (SegmentedRaftLogWorker.java:startLogSegment(452)) - om1@group-C5BA1605619E-SegmentedRaftLogWorker: Starting segment from index:0
2023-01-10 01:13:09,442 [om1@group-C5BA1605619E-LeaderElection15] INFO  server.RaftServer$Division (ServerState.java:setRaftConf(430)) - om1@group-C5BA1605619E: set configuration 0: peers:[om1|rpc:localhost:9872|admin:|client:|dataStream:|priority:0|startupRole:FOLLOWER]|listeners:[], old=null
2023-01-10 01:13:09,444 [om1@group-C5BA1605619E-SegmentedRaftLogWorker] INFO  segmented.SegmentedRaftLogWorker (SegmentedRaftLogWorker.java:execute(656)) - om1@group-C5BA1605619E-SegmentedRaftLogWorker: created new log segment /home/runner/work/ozone/ozone/hadoop-ozone/integration-test/target/test-dir/MiniOzoneClusterImpl-87d91b25-fa0c-46b9-b442-f5a189e2cbc3/ozone-meta/ratis/bf265839-605b-3f16-9796-c5ba1605619e/current/log_inprogress_0
2023-01-10 01:13:09,446 [om1@group-C5BA1605619E-StateMachineUpdater] INFO  ratis.OzoneManagerStateMachine (OzoneManagerStateMachine.java:notifyConfigurationChanged(192)) - Received Configuration change notification from Ratis. New Peer list:
[id: "om1"
address: "localhost:9872"
startupRole: FOLLOWER
]
2023-01-10 01:13:10,418 [Listener at 127.0.0.1/41315] INFO  ozone.MiniOzoneClusterImpl (MiniOzoneClusterImpl.java:lambda$waitForClusterToBeReady$0(218)) - Waiting for nodes to be ready. Got 0 of 3 DN Heartbeats.
2023-01-10 01:13:10,418 [Listener at 127.0.0.1/41315] INFO  ozone.MiniOzoneClusterImpl (MiniOzoneClusterImpl.java:lambda$waitForClusterToBeReady$0(221)) - Waiting for cluster to exit safe mode
2023-01-10 01:13:10,419 [Listener at 127.0.0.1/41315] INFO  ozone.MiniOzoneClusterImpl (MiniOzoneClusterImpl.java:lambda$waitForClusterToBeReady$0(223)) - SCM became leader
2023-01-10 01:13:10,862 [EndpointStateMachine task thread for /0.0.0.0:37535 - 0 ] INFO  utils.DatanodeStoreCache (DatanodeStoreCache.java:addDB(58)) - Added db /home/runner/work/ozone/ozone/hadoop-ozone/integration-test/target/test-dir/MiniOzoneClusterImpl-87d91b25-fa0c-46b9-b442-f5a189e2cbc3/datanode-0/data-0/containers/hdds/87d91b25-fa0c-46b9-b442-f5a189e2cbc3/DS-4a6906cc-45df-41f4-816e-7295075b4abf/container.db to cache
2023-01-10 01:13:10,863 [EndpointStateMachine task thread for /0.0.0.0:37535 - 0 ] INFO  volume.HddsVolume (HddsVolume.java:createDbStore(307)) - SchemaV3 db is created and loaded at /home/runner/work/ozone/ozone/hadoop-ozone/integration-test/target/test-dir/MiniOzoneClusterImpl-87d91b25-fa0c-46b9-b442-f5a189e2cbc3/datanode-0/data-0/containers/hdds/87d91b25-fa0c-46b9-b442-f5a189e2cbc3/DS-4a6906cc-45df-41f4-816e-7295075b4abf/container.db for volume DS-4a6906cc-45df-41f4-816e-7295075b4abf
2023-01-10 01:13:10,863 [EndpointStateMachine task thread for /0.0.0.0:37535 - 0 ] INFO  ozoneimpl.OzoneContainer (OzoneContainer.java:start(395)) - Attempting to start container services.
2023-01-10 01:13:10,863 [EndpointStateMachine task thread for /0.0.0.0:37535 - 0 ] INFO  ozoneimpl.OzoneContainer (OzoneContainer.java:startContainerScrub(312)) - Scheduled background container scanners and the on-demand container scanner have been disabled.
2023-01-10 01:13:10,865 [EndpointStateMachine task thread for /0.0.0.0:37535 - 0 ] INFO  replication.ReplicationServer (ReplicationServer.java:start(106)) - ReplicationServer is started using port 42007
2023-01-10 01:13:10,865 [EndpointStateMachine task thread for /0.0.0.0:37535 - 0 ] INFO  ratis.XceiverServerRatis (XceiverServerRatis.java:start(517)) - Starting XceiverServerRatis a30d3908-8fda-4427-9d38-ec2047457aa6
2023-01-10 01:13:10,866 [EndpointStateMachine task thread for /0.0.0.0:37535 - 0 ] INFO  server.RaftServer (RaftServerProxy.java:startImpl(393)) - a30d3908-8fda-4427-9d38-ec2047457aa6: start RPC server
2023-01-10 01:13:10,868 [EndpointStateMachine task thread for /0.0.0.0:37535 - 0 ] INFO  server.GrpcService (GrpcService.java:startImpl(262)) - a30d3908-8fda-4427-9d38-ec2047457aa6: GrpcService started, listening on 42995
2023-01-10 01:13:10,869 [EndpointStateMachine task thread for /0.0.0.0:37535 - 0 ] INFO  ratis.XceiverServerRatis (XceiverServerRatis.java:getRealPort(543)) - XceiverServerRatis a30d3908-8fda-4427-9d38-ec2047457aa6 is started using port 42995 for RATIS
2023-01-10 01:13:10,869 [JvmPauseMonitor8] INFO  util.JvmPauseMonitor (JvmPauseMonitor.java:run(105)) - JvmPauseMonitor-a30d3908-8fda-4427-9d38-ec2047457aa6: Started
2023-01-10 01:13:10,869 [EndpointStateMachine task thread for /0.0.0.0:37535 - 0 ] INFO  ratis.XceiverServerRatis (XceiverServerRatis.java:getRealPort(543)) - XceiverServerRatis a30d3908-8fda-4427-9d38-ec2047457aa6 is started using port 42995 for RATIS_ADMIN
2023-01-10 01:13:10,869 [EndpointStateMachine task thread for /0.0.0.0:37535 - 0 ] INFO  ratis.XceiverServerRatis (XceiverServerRatis.java:getRealPort(543)) - XceiverServerRatis a30d3908-8fda-4427-9d38-ec2047457aa6 is started using port 42995 for RATIS_SERVER
2023-01-10 01:13:10,869 [EndpointStateMachine task thread for /0.0.0.0:37535 - 0 ] INFO  ratis.XceiverServerRatis (XceiverServerRatis.java:getRealPort(543)) - XceiverServerRatis a30d3908-8fda-4427-9d38-ec2047457aa6 is started using port 33861 for RATIS_DATASTREAM
2023-01-10 01:13:10,871 [EndpointStateMachine task thread for /0.0.0.0:37535 - 0 ] INFO  server.XceiverServerGrpc (XceiverServerGrpc.java:start(180)) - XceiverServerGrpc a30d3908-8fda-4427-9d38-ec2047457aa6 is started using port 38283
2023-01-10 01:13:11,166 [EndpointStateMachine task thread for /0.0.0.0:37535 - 0 ] INFO  utils.DatanodeStoreCache (DatanodeStoreCache.java:addDB(58)) - Added db /home/runner/work/ozone/ozone/hadoop-ozone/integration-test/target/test-dir/MiniOzoneClusterImpl-87d91b25-fa0c-46b9-b442-f5a189e2cbc3/datanode-1/data-0/containers/hdds/87d91b25-fa0c-46b9-b442-f5a189e2cbc3/DS-ff5064f8-1bc3-4fb8-a3c3-24295597a23d/container.db to cache
2023-01-10 01:13:11,166 [EndpointStateMachine task thread for /0.0.0.0:37535 - 0 ] INFO  volume.HddsVolume (HddsVolume.java:createDbStore(307)) - SchemaV3 db is created and loaded at /home/runner/work/ozone/ozone/hadoop-ozone/integration-test/target/test-dir/MiniOzoneClusterImpl-87d91b25-fa0c-46b9-b442-f5a189e2cbc3/datanode-1/data-0/containers/hdds/87d91b25-fa0c-46b9-b442-f5a189e2cbc3/DS-ff5064f8-1bc3-4fb8-a3c3-24295597a23d/container.db for volume DS-ff5064f8-1bc3-4fb8-a3c3-24295597a23d
2023-01-10 01:13:11,166 [EndpointStateMachine task thread for /0.0.0.0:37535 - 0 ] INFO  ozoneimpl.OzoneContainer (OzoneContainer.java:start(395)) - Attempting to start container services.
2023-01-10 01:13:11,166 [EndpointStateMachine task thread for /0.0.0.0:37535 - 0 ] INFO  ozoneimpl.OzoneContainer (OzoneContainer.java:startContainerScrub(312)) - Scheduled background container scanners and the on-demand container scanner have been disabled.
2023-01-10 01:13:11,172 [EndpointStateMachine task thread for /0.0.0.0:37535 - 0 ] INFO  replication.ReplicationServer (ReplicationServer.java:start(106)) - ReplicationServer is started using port 35361
2023-01-10 01:13:11,172 [EndpointStateMachine task thread for /0.0.0.0:37535 - 0 ] INFO  ratis.XceiverServerRatis (XceiverServerRatis.java:start(517)) - Starting XceiverServerRatis e4ed2f3a-5aa6-4459-b26c-0c4683a8ebc0
2023-01-10 01:13:11,173 [EndpointStateMachine task thread for /0.0.0.0:37535 - 0 ] INFO  server.RaftServer (RaftServerProxy.java:startImpl(393)) - e4ed2f3a-5aa6-4459-b26c-0c4683a8ebc0: start RPC server
2023-01-10 01:13:11,175 [EndpointStateMachine task thread for /0.0.0.0:37535 - 0 ] INFO  server.GrpcService (GrpcService.java:startImpl(262)) - e4ed2f3a-5aa6-4459-b26c-0c4683a8ebc0: GrpcService started, listening on 37887
2023-01-10 01:13:11,176 [EndpointStateMachine task thread for /0.0.0.0:37535 - 0 ] INFO  ratis.XceiverServerRatis (XceiverServerRatis.java:getRealPort(543)) - XceiverServerRatis e4ed2f3a-5aa6-4459-b26c-0c4683a8ebc0 is started using port 37887 for RATIS
2023-01-10 01:13:11,176 [JvmPauseMonitor9] INFO  util.JvmPauseMonitor (JvmPauseMonitor.java:run(105)) - JvmPauseMonitor-e4ed2f3a-5aa6-4459-b26c-0c4683a8ebc0: Started
2023-01-10 01:13:11,176 [EndpointStateMachine task thread for /0.0.0.0:37535 - 0 ] INFO  ratis.XceiverServerRatis (XceiverServerRatis.java:getRealPort(543)) - XceiverServerRatis e4ed2f3a-5aa6-4459-b26c-0c4683a8ebc0 is started using port 37887 for RATIS_ADMIN
2023-01-10 01:13:11,176 [EndpointStateMachine task thread for /0.0.0.0:37535 - 0 ] INFO  ratis.XceiverServerRatis (XceiverServerRatis.java:getRealPort(543)) - XceiverServerRatis e4ed2f3a-5aa6-4459-b26c-0c4683a8ebc0 is started using port 37887 for RATIS_SERVER
2023-01-10 01:13:11,176 [EndpointStateMachine task thread for /0.0.0.0:37535 - 0 ] INFO  ratis.XceiverServerRatis (XceiverServerRatis.java:getRealPort(543)) - XceiverServerRatis e4ed2f3a-5aa6-4459-b26c-0c4683a8ebc0 is started using port 40887 for RATIS_DATASTREAM
2023-01-10 01:13:11,177 [EndpointStateMachine task thread for /0.0.0.0:37535 - 0 ] INFO  server.XceiverServerGrpc (XceiverServerGrpc.java:start(180)) - XceiverServerGrpc e4ed2f3a-5aa6-4459-b26c-0c4683a8ebc0 is started using port 33455
2023-01-10 01:13:11,419 [Listener at 127.0.0.1/41315] INFO  ozone.MiniOzoneClusterImpl (MiniOzoneClusterImpl.java:lambda$waitForClusterToBeReady$0(218)) - Waiting for nodes to be ready. Got 0 of 3 DN Heartbeats.
2023-01-10 01:13:11,419 [Listener at 127.0.0.1/41315] INFO  ozone.MiniOzoneClusterImpl (MiniOzoneClusterImpl.java:lambda$waitForClusterToBeReady$0(221)) - Waiting for cluster to exit safe mode
2023-01-10 01:13:11,419 [Listener at 127.0.0.1/41315] INFO  ozone.MiniOzoneClusterImpl (MiniOzoneClusterImpl.java:lambda$waitForClusterToBeReady$0(223)) - SCM became leader
2023-01-10 01:13:11,470 [EndpointStateMachine task thread for /0.0.0.0:37535 - 0 ] INFO  utils.DatanodeStoreCache (DatanodeStoreCache.java:addDB(58)) - Added db /home/runner/work/ozone/ozone/hadoop-ozone/integration-test/target/test-dir/MiniOzoneClusterImpl-87d91b25-fa0c-46b9-b442-f5a189e2cbc3/datanode-2/data-0/containers/hdds/87d91b25-fa0c-46b9-b442-f5a189e2cbc3/DS-f19d1789-56e5-449e-b0af-62200276e1e2/container.db to cache
2023-01-10 01:13:11,470 [EndpointStateMachine task thread for /0.0.0.0:37535 - 0 ] INFO  volume.HddsVolume (HddsVolume.java:createDbStore(307)) - SchemaV3 db is created and loaded at /home/runner/work/ozone/ozone/hadoop-ozone/integration-test/target/test-dir/MiniOzoneClusterImpl-87d91b25-fa0c-46b9-b442-f5a189e2cbc3/datanode-2/data-0/containers/hdds/87d91b25-fa0c-46b9-b442-f5a189e2cbc3/DS-f19d1789-56e5-449e-b0af-62200276e1e2/container.db for volume DS-f19d1789-56e5-449e-b0af-62200276e1e2
2023-01-10 01:13:11,470 [EndpointStateMachine task thread for /0.0.0.0:37535 - 0 ] INFO  ozoneimpl.OzoneContainer (OzoneContainer.java:start(395)) - Attempting to start container services.
2023-01-10 01:13:11,470 [EndpointStateMachine task thread for /0.0.0.0:37535 - 0 ] INFO  ozoneimpl.OzoneContainer (OzoneContainer.java:startContainerScrub(312)) - Scheduled background container scanners and the on-demand container scanner have been disabled.
2023-01-10 01:13:11,477 [EndpointStateMachine task thread for /0.0.0.0:37535 - 0 ] INFO  replication.ReplicationServer (ReplicationServer.java:start(106)) - ReplicationServer is started using port 33193
2023-01-10 01:13:11,477 [EndpointStateMachine task thread for /0.0.0.0:37535 - 0 ] INFO  ratis.XceiverServerRatis (XceiverServerRatis.java:start(517)) - Starting XceiverServerRatis aede9520-44de-4c1e-ace9-e9f99ab0d9a8
2023-01-10 01:13:11,478 [EndpointStateMachine task thread for /0.0.0.0:37535 - 0 ] INFO  server.RaftServer (RaftServerProxy.java:startImpl(393)) - aede9520-44de-4c1e-ace9-e9f99ab0d9a8: start RPC server
2023-01-10 01:13:11,479 [EndpointStateMachine task thread for /0.0.0.0:37535 - 0 ] INFO  server.GrpcService (GrpcService.java:startImpl(262)) - aede9520-44de-4c1e-ace9-e9f99ab0d9a8: GrpcService started, listening on 33135
2023-01-10 01:13:11,479 [EndpointStateMachine task thread for /0.0.0.0:37535 - 0 ] INFO  ratis.XceiverServerRatis (XceiverServerRatis.java:getRealPort(543)) - XceiverServerRatis aede9520-44de-4c1e-ace9-e9f99ab0d9a8 is started using port 33135 for RATIS
2023-01-10 01:13:11,479 [EndpointStateMachine task thread for /0.0.0.0:37535 - 0 ] INFO  ratis.XceiverServerRatis (XceiverServerRatis.java:getRealPort(543)) - XceiverServerRatis aede9520-44de-4c1e-ace9-e9f99ab0d9a8 is started using port 33135 for RATIS_ADMIN
2023-01-10 01:13:11,479 [JvmPauseMonitor10] INFO  util.JvmPauseMonitor (JvmPauseMonitor.java:run(105)) - JvmPauseMonitor-aede9520-44de-4c1e-ace9-e9f99ab0d9a8: Started
2023-01-10 01:13:11,479 [EndpointStateMachine task thread for /0.0.0.0:37535 - 0 ] INFO  ratis.XceiverServerRatis (XceiverServerRatis.java:getRealPort(543)) - XceiverServerRatis aede9520-44de-4c1e-ace9-e9f99ab0d9a8 is started using port 33135 for RATIS_SERVER
2023-01-10 01:13:11,480 [EndpointStateMachine task thread for /0.0.0.0:37535 - 0 ] INFO  ratis.XceiverServerRatis (XceiverServerRatis.java:getRealPort(543)) - XceiverServerRatis aede9520-44de-4c1e-ace9-e9f99ab0d9a8 is started using port 43115 for RATIS_DATASTREAM
2023-01-10 01:13:11,483 [EndpointStateMachine task thread for /0.0.0.0:37535 - 0 ] INFO  server.XceiverServerGrpc (XceiverServerGrpc.java:start(180)) - XceiverServerGrpc aede9520-44de-4c1e-ace9-e9f99ab0d9a8 is started using port 45951
2023-01-10 01:13:12,420 [Listener at 127.0.0.1/41315] INFO  ozone.MiniOzoneClusterImpl (MiniOzoneClusterImpl.java:lambda$waitForClusterToBeReady$0(218)) - Waiting for nodes to be ready. Got 0 of 3 DN Heartbeats.
2023-01-10 01:13:12,420 [Listener at 127.0.0.1/41315] INFO  ozone.MiniOzoneClusterImpl (MiniOzoneClusterImpl.java:lambda$waitForClusterToBeReady$0(221)) - Waiting for cluster to exit safe mode
2023-01-10 01:13:12,420 [Listener at 127.0.0.1/41315] INFO  ozone.MiniOzoneClusterImpl (MiniOzoneClusterImpl.java:lambda$waitForClusterToBeReady$0(223)) - SCM became leader
2023-01-10 01:13:12,821 [IPC Server handler 0 on default port 37535] INFO  net.NetworkTopologyImpl (NetworkTopologyImpl.java:add(112)) - Added a new node: /default-rack/a30d3908-8fda-4427-9d38-ec2047457aa6
2023-01-10 01:13:12,821 [IPC Server handler 0 on default port 37535] INFO  node.SCMNodeManager (SCMNodeManager.java:register(397)) - Registered Data node : a30d3908-8fda-4427-9d38-ec2047457aa6{ip: 10.1.0.24, host: fv-az353-623.tkyx2seitsuu3nmpmouz2httfb.bx.internal.cloudapp.net, ports: [REPLICATION=42007, RATIS=42995, RATIS_ADMIN=42995, RATIS_SERVER=42995, RATIS_DATASTREAM=33861, STANDALONE=38283], networkLocation: /default-rack, certSerialId: null, persistedOpState: null, persistedOpStateExpiryEpochSec: 0}
2023-01-10 01:13:12,824 [EventQueue-NewNodeForNewNodeHandler] INFO  pipeline.BackgroundPipelineCreator (BackgroundPipelineCreator.java:notifyEventTriggered(276)) - trigger a one-shot run on RatisPipelineUtilsThread.
2023-01-10 01:13:12,824 [EventQueue-NodeRegistrationContainerReportForDataNodeSafeModeRule] INFO  safemode.SCMSafeModeManager (DataNodeSafeModeRule.java:process(71)) - SCM in safe mode. 1 DataNodes registered, 3 required.
2023-01-10 01:13:12,825 [RatisPipelineUtilsThread - 0] INFO  pipeline.RatisPipelineProvider (RatisPipelineProvider.java:lambda$create$0(206)) - Sending CreatePipelineCommand for pipeline:PipelineID=f68fb0ca-cff7-4b43-afd4-94f2c8abca4d to datanode:a30d3908-8fda-4427-9d38-ec2047457aa6
2023-01-10 01:13:12,825 [EventQueue-PipelineReportForOneReplicaPipelineSafeModeRule] INFO  safemode.SCMSafeModeManager (SCMSafeModeManager.java:validateSafeModeExitRules(200)) - AtleastOneDatanodeReportedRule rule is successfully validated
2023-01-10 01:13:12,826 [EventQueue-NodeRegistrationContainerReportForContainerSafeModeRule] INFO  safemode.SCMSafeModeManager (SCMSafeModeManager.java:validateSafeModeExitRules(200)) - ContainerSafeModeRule rule is successfully validated
2023-01-10 01:13:12,827 [RatisPipelineUtilsThread - 0] INFO  pipeline.PipelineStateManagerImpl (PipelineStateManagerImpl.java:addPipeline(103)) - Created pipeline Pipeline[ Id: f68fb0ca-cff7-4b43-afd4-94f2c8abca4d, Nodes: a30d3908-8fda-4427-9d38-ec2047457aa6{ip: 10.1.0.24, host: fv-az353-623.tkyx2seitsuu3nmpmouz2httfb.bx.internal.cloudapp.net, ports: [REPLICATION=42007, RATIS=42995, RATIS_ADMIN=42995, RATIS_SERVER=42995, RATIS_DATASTREAM=33861, STANDALONE=38283], networkLocation: /default-rack, certSerialId: null, persistedOpState: IN_SERVICE, persistedOpStateExpiryEpochSec: 0}, ReplicationConfig: RATIS/ONE, State:ALLOCATED, leaderId:, CreationTimestamp2023-01-10T01:13:12.825Z[Etc/UTC]].
2023-01-10 01:13:13,127 [IPC Server handler 1 on default port 37535] INFO  net.NetworkTopologyImpl (NetworkTopologyImpl.java:add(112)) - Added a new node: /default-rack/e4ed2f3a-5aa6-4459-b26c-0c4683a8ebc0
2023-01-10 01:13:13,127 [IPC Server handler 1 on default port 37535] INFO  node.SCMNodeManager (SCMNodeManager.java:register(397)) - Registered Data node : e4ed2f3a-5aa6-4459-b26c-0c4683a8ebc0{ip: 10.1.0.24, host: fv-az353-623.tkyx2seitsuu3nmpmouz2httfb.bx.internal.cloudapp.net, ports: [REPLICATION=35361, RATIS=37887, RATIS_ADMIN=37887, RATIS_SERVER=37887, RATIS_DATASTREAM=40887, STANDALONE=33455], networkLocation: /default-rack, certSerialId: null, persistedOpState: null, persistedOpStateExpiryEpochSec: 0}
2023-01-10 01:13:13,128 [EventQueue-NewNodeForNewNodeHandler] INFO  pipeline.BackgroundPipelineCreator (BackgroundPipelineCreator.java:notifyEventTriggered(276)) - trigger a one-shot run on RatisPipelineUtilsThread.
2023-01-10 01:13:13,128 [EventQueue-NodeRegistrationContainerReportForDataNodeSafeModeRule] INFO  safemode.SCMSafeModeManager (DataNodeSafeModeRule.java:process(71)) - SCM in safe mode. 2 DataNodes registered, 3 required.
2023-01-10 01:13:13,129 [RatisPipelineUtilsThread - 0] INFO  pipeline.RatisPipelineProvider (RatisPipelineProvider.java:lambda$create$0(206)) - Sending CreatePipelineCommand for pipeline:PipelineID=42b4ed3d-a817-4207-8473-f854ec1b0025 to datanode:e4ed2f3a-5aa6-4459-b26c-0c4683a8ebc0
2023-01-10 01:13:13,129 [RatisPipelineUtilsThread - 0] INFO  pipeline.PipelineStateManagerImpl (PipelineStateManagerImpl.java:addPipeline(103)) - Created pipeline Pipeline[ Id: 42b4ed3d-a817-4207-8473-f854ec1b0025, Nodes: e4ed2f3a-5aa6-4459-b26c-0c4683a8ebc0{ip: 10.1.0.24, host: fv-az353-623.tkyx2seitsuu3nmpmouz2httfb.bx.internal.cloudapp.net, ports: [REPLICATION=35361, RATIS=37887, RATIS_ADMIN=37887, RATIS_SERVER=37887, RATIS_DATASTREAM=40887, STANDALONE=33455], networkLocation: /default-rack, certSerialId: null, persistedOpState: IN_SERVICE, persistedOpStateExpiryEpochSec: 0}, ReplicationConfig: RATIS/ONE, State:ALLOCATED, leaderId:, CreationTimestamp2023-01-10T01:13:13.129Z[Etc/UTC]].
2023-01-10 01:13:13,420 [Listener at 127.0.0.1/41315] INFO  ozone.MiniOzoneClusterImpl (MiniOzoneClusterImpl.java:lambda$waitForClusterToBeReady$0(218)) - Waiting for nodes to be ready. Got 2 of 3 DN Heartbeats.
2023-01-10 01:13:13,421 [Listener at 127.0.0.1/41315] INFO  ozone.MiniOzoneClusterImpl (MiniOzoneClusterImpl.java:lambda$waitForClusterToBeReady$0(221)) - Waiting for cluster to exit safe mode
2023-01-10 01:13:13,421 [Listener at 127.0.0.1/41315] INFO  ozone.MiniOzoneClusterImpl (MiniOzoneClusterImpl.java:lambda$waitForClusterToBeReady$0(223)) - SCM became leader
2023-01-10 01:13:13,432 [IPC Server handler 2 on default port 37535] INFO  net.NetworkTopologyImpl (NetworkTopologyImpl.java:add(112)) - Added a new node: /default-rack/aede9520-44de-4c1e-ace9-e9f99ab0d9a8
2023-01-10 01:13:13,432 [IPC Server handler 2 on default port 37535] INFO  node.SCMNodeManager (SCMNodeManager.java:register(397)) - Registered Data node : aede9520-44de-4c1e-ace9-e9f99ab0d9a8{ip: 10.1.0.24, host: fv-az353-623.tkyx2seitsuu3nmpmouz2httfb.bx.internal.cloudapp.net, ports: [REPLICATION=33193, RATIS=33135, RATIS_ADMIN=33135, RATIS_SERVER=33135, RATIS_DATASTREAM=43115, STANDALONE=45951], networkLocation: /default-rack, certSerialId: null, persistedOpState: null, persistedOpStateExpiryEpochSec: 0}
2023-01-10 01:13:13,433 [EventQueue-NewNodeForNewNodeHandler] INFO  pipeline.BackgroundPipelineCreator (BackgroundPipelineCreator.java:notifyEventTriggered(276)) - trigger a one-shot run on RatisPipelineUtilsThread.
2023-01-10 01:13:13,433 [EventQueue-NodeRegistrationContainerReportForDataNodeSafeModeRule] INFO  safemode.SCMSafeModeManager (DataNodeSafeModeRule.java:process(71)) - SCM in safe mode. 3 DataNodes registered, 3 required.
2023-01-10 01:13:13,433 [EventQueue-NodeRegistrationContainerReportForDataNodeSafeModeRule] INFO  safemode.SCMSafeModeManager (SCMSafeModeManager.java:validateSafeModeExitRules(200)) - DataNodeSafeModeRule rule is successfully validated
2023-01-10 01:13:13,433 [EventQueue-NodeRegistrationContainerReportForDataNodeSafeModeRule] INFO  safemode.SCMSafeModeManager (SCMSafeModeManager.java:completePreCheck(229)) - All SCM safe mode pre check rules have passed
2023-01-10 01:13:13,433 [EventQueue-NodeRegistrationContainerReportForDataNodeSafeModeRule] INFO  ha.SCMContext (SCMContext.java:updateSafeModeStatus(228)) - Update SafeModeStatus from SafeModeStatus{safeModeStatus=true, preCheckPassed=false} to SafeModeStatus{safeModeStatus=true, preCheckPassed=true}.
2023-01-10 01:13:13,433 [EventQueue-NodeRegistrationContainerReportForDataNodeSafeModeRule] INFO  pipeline.BackgroundPipelineCreator (BackgroundPipelineCreator.java:notifyEventTriggered(276)) - trigger a one-shot run on RatisPipelineUtilsThread.
2023-01-10 01:13:13,434 [RatisPipelineUtilsThread - 0] INFO  pipeline.RatisPipelineProvider (RatisPipelineProvider.java:lambda$create$0(206)) - Sending CreatePipelineCommand for pipeline:PipelineID=1327b6e6-ce4d-4801-9495-0750756ce660 to datanode:aede9520-44de-4c1e-ace9-e9f99ab0d9a8
2023-01-10 01:13:13,434 [RatisPipelineUtilsThread - 0] INFO  pipeline.PipelineStateManagerImpl (PipelineStateManagerImpl.java:addPipeline(103)) - Created pipeline Pipeline[ Id: 1327b6e6-ce4d-4801-9495-0750756ce660, Nodes: aede9520-44de-4c1e-ace9-e9f99ab0d9a8{ip: 10.1.0.24, host: fv-az353-623.tkyx2seitsuu3nmpmouz2httfb.bx.internal.cloudapp.net, ports: [REPLICATION=33193, RATIS=33135, RATIS_ADMIN=33135, RATIS_SERVER=33135, RATIS_DATASTREAM=43115, STANDALONE=45951], networkLocation: /default-rack, certSerialId: null, persistedOpState: IN_SERVICE, persistedOpStateExpiryEpochSec: 0}, ReplicationConfig: RATIS/ONE, State:ALLOCATED, leaderId:, CreationTimestamp2023-01-10T01:13:13.434Z[Etc/UTC]].
2023-01-10 01:13:13,435 [RatisPipelineUtilsThread - 0] INFO  pipeline.RatisPipelineProvider (RatisPipelineProvider.java:lambda$create$0(206)) - Sending CreatePipelineCommand for pipeline:PipelineID=7597bae2-f410-4e03-881e-0aed3d946a03 to datanode:e4ed2f3a-5aa6-4459-b26c-0c4683a8ebc0
2023-01-10 01:13:13,435 [RatisPipelineUtilsThread - 0] INFO  pipeline.RatisPipelineProvider (RatisPipelineProvider.java:lambda$create$0(206)) - Sending CreatePipelineCommand for pipeline:PipelineID=7597bae2-f410-4e03-881e-0aed3d946a03 to datanode:a30d3908-8fda-4427-9d38-ec2047457aa6
2023-01-10 01:13:13,435 [RatisPipelineUtilsThread - 0] INFO  pipeline.RatisPipelineProvider (RatisPipelineProvider.java:lambda$create$0(206)) - Sending CreatePipelineCommand for pipeline:PipelineID=7597bae2-f410-4e03-881e-0aed3d946a03 to datanode:aede9520-44de-4c1e-ace9-e9f99ab0d9a8
2023-01-10 01:13:13,435 [RatisPipelineUtilsThread - 0] INFO  pipeline.PipelineStateManagerImpl (PipelineStateManagerImpl.java:addPipeline(103)) - Created pipeline Pipeline[ Id: 7597bae2-f410-4e03-881e-0aed3d946a03, Nodes: e4ed2f3a-5aa6-4459-b26c-0c4683a8ebc0{ip: 10.1.0.24, host: fv-az353-623.tkyx2seitsuu3nmpmouz2httfb.bx.internal.cloudapp.net, ports: [REPLICATION=35361, RATIS=37887, RATIS_ADMIN=37887, RATIS_SERVER=37887, RATIS_DATASTREAM=40887, STANDALONE=33455], networkLocation: /default-rack, certSerialId: null, persistedOpState: IN_SERVICE, persistedOpStateExpiryEpochSec: 0}a30d3908-8fda-4427-9d38-ec2047457aa6{ip: 10.1.0.24, host: fv-az353-623.tkyx2seitsuu3nmpmouz2httfb.bx.internal.cloudapp.net, ports: [REPLICATION=42007, RATIS=42995, RATIS_ADMIN=42995, RATIS_SERVER=42995, RATIS_DATASTREAM=33861, STANDALONE=38283], networkLocation: /default-rack, certSerialId: null, persistedOpState: IN_SERVICE, persistedOpStateExpiryEpochSec: 0}aede9520-44de-4c1e-ace9-e9f99ab0d9a8{ip: 10.1.0.24, host: fv-az353-623.tkyx2seitsuu3nmpmouz2httfb.bx.internal.cloudapp.net, ports: [REPLICATION=33193, RATIS=33135, RATIS_ADMIN=33135, RATIS_SERVER=33135, RATIS_DATASTREAM=43115, STANDALONE=45951], networkLocation: /default-rack, certSerialId: null, persistedOpState: IN_SERVICE, persistedOpStateExpiryEpochSec: 0}, ReplicationConfig: RATIS/THREE, State:ALLOCATED, leaderId:, CreationTimestamp2023-01-10T01:13:13.435Z[Etc/UTC]].
2023-01-10 01:13:13,436 [RatisPipelineUtilsThread - 0] INFO  pipeline.RatisPipelineProvider (RatisPipelineProvider.java:lambda$create$0(206)) - Sending CreatePipelineCommand for pipeline:PipelineID=aa873c7d-7efd-4658-8f36-4fe8910dbb79 to datanode:a30d3908-8fda-4427-9d38-ec2047457aa6
2023-01-10 01:13:13,436 [RatisPipelineUtilsThread - 0] INFO  pipeline.RatisPipelineProvider (RatisPipelineProvider.java:lambda$create$0(206)) - Sending CreatePipelineCommand for pipeline:PipelineID=aa873c7d-7efd-4658-8f36-4fe8910dbb79 to datanode:aede9520-44de-4c1e-ace9-e9f99ab0d9a8
2023-01-10 01:13:13,436 [RatisPipelineUtilsThread - 0] INFO  pipeline.RatisPipelineProvider (RatisPipelineProvider.java:lambda$create$0(206)) - Sending CreatePipelineCommand for pipeline:PipelineID=aa873c7d-7efd-4658-8f36-4fe8910dbb79 to datanode:e4ed2f3a-5aa6-4459-b26c-0c4683a8ebc0
2023-01-10 01:13:13,436 [RatisPipelineUtilsThread - 0] INFO  pipeline.PipelineStateManagerImpl (PipelineStateManagerImpl.java:addPipeline(103)) - Created pipeline Pipeline[ Id: aa873c7d-7efd-4658-8f36-4fe8910dbb79, Nodes: a30d3908-8fda-4427-9d38-ec2047457aa6{ip: 10.1.0.24, host: fv-az353-623.tkyx2seitsuu3nmpmouz2httfb.bx.internal.cloudapp.net, ports: [REPLICATION=42007, RATIS=42995, RATIS_ADMIN=42995, RATIS_SERVER=42995, RATIS_DATASTREAM=33861, STANDALONE=38283], networkLocation: /default-rack, certSerialId: null, persistedOpState: IN_SERVICE, persistedOpStateExpiryEpochSec: 0}aede9520-44de-4c1e-ace9-e9f99ab0d9a8{ip: 10.1.0.24, host: fv-az353-623.tkyx2seitsuu3nmpmouz2httfb.bx.internal.cloudapp.net, ports: [REPLICATION=33193, RATIS=33135, RATIS_ADMIN=33135, RATIS_SERVER=33135, RATIS_DATASTREAM=43115, STANDALONE=45951], networkLocation: /default-rack, certSerialId: null, persistedOpState: IN_SERVICE, persistedOpStateExpiryEpochSec: 0}e4ed2f3a-5aa6-4459-b26c-0c4683a8ebc0{ip: 10.1.0.24, host: fv-az353-623.tkyx2seitsuu3nmpmouz2httfb.bx.internal.cloudapp.net, ports: [REPLICATION=35361, RATIS=37887, RATIS_ADMIN=37887, RATIS_SERVER=37887, RATIS_DATASTREAM=40887, STANDALONE=33455], networkLocation: /default-rack, certSerialId: null, persistedOpState: IN_SERVICE, persistedOpStateExpiryEpochSec: 0}, ReplicationConfig: RATIS/THREE, State:ALLOCATED, leaderId:, CreationTimestamp2023-01-10T01:13:13.436Z[Etc/UTC]].
2023-01-10 01:13:13,438 [RatisPipelineUtilsThread - 0] INFO  pipeline.PipelineManagerImpl (PipelineManagerImpl.java:recordMetricsForPipeline(826)) - Pipeline: PipelineID=aa873c7d-7efd-4658-8f36-4fe8910dbb79 contains same datanodes as previous pipelines: PipelineID=7597bae2-f410-4e03-881e-0aed3d946a03 nodeIds: a30d3908-8fda-4427-9d38-ec2047457aa6, aede9520-44de-4c1e-ace9-e9f99ab0d9a8, e4ed2f3a-5aa6-4459-b26c-0c4683a8ebc0
2023-01-10 01:13:13,438 [RatisPipelineUtilsThread - 0] WARN  pipeline.PipelinePlacementPolicy (PipelinePlacementPolicy.java:filterViableNodes(158)) - Pipeline creation failed due to no sufficient healthy datanodes. Required 3. Found 0.
2023-01-10 01:13:14,421 [Listener at 127.0.0.1/41315] INFO  ozone.MiniOzoneClusterImpl (MiniOzoneClusterImpl.java:lambda$waitForClusterToBeReady$0(218)) - Nodes are ready. Got 3 of 3 DN Heartbeats.
2023-01-10 01:13:14,422 [Listener at 127.0.0.1/41315] INFO  ozone.MiniOzoneClusterImpl (MiniOzoneClusterImpl.java:lambda$waitForClusterToBeReady$0(221)) - Waiting for cluster to exit safe mode
2023-01-10 01:13:14,422 [Listener at 127.0.0.1/41315] INFO  ozone.MiniOzoneClusterImpl (MiniOzoneClusterImpl.java:lambda$waitForClusterToBeReady$0(223)) - SCM became leader
2023-01-10 01:13:15,422 [Listener at 127.0.0.1/41315] INFO  ozone.MiniOzoneClusterImpl (MiniOzoneClusterImpl.java:lambda$waitForClusterToBeReady$0(218)) - Nodes are ready. Got 3 of 3 DN Heartbeats.
2023-01-10 01:13:15,422 [Listener at 127.0.0.1/41315] INFO  ozone.MiniOzoneClusterImpl (MiniOzoneClusterImpl.java:lambda$waitForClusterToBeReady$0(221)) - Waiting for cluster to exit safe mode
2023-01-10 01:13:15,422 [Listener at 127.0.0.1/41315] INFO  ozone.MiniOzoneClusterImpl (MiniOzoneClusterImpl.java:lambda$waitForClusterToBeReady$0(223)) - SCM became leader
2023-01-10 01:13:15,821 [Command processor thread] INFO  server.RaftServer (RaftServerProxy.java:addNew(96)) - a30d3908-8fda-4427-9d38-ec2047457aa6: addNew group-94F2C8ABCA4D:[a30d3908-8fda-4427-9d38-ec2047457aa6|rpc:10.1.0.24:42995|dataStream:10.1.0.24:33861|priority:1|startupRole:FOLLOWER] returns group-94F2C8ABCA4D:java.util.concurrent.CompletableFuture@11f0de0a[Not completed]
2023-01-10 01:13:15,822 [pool-306-thread-1] INFO  server.RaftServer$Division (RaftServerImpl.java:<init>(195)) - a30d3908-8fda-4427-9d38-ec2047457aa6: new RaftServerImpl for group-94F2C8ABCA4D:[a30d3908-8fda-4427-9d38-ec2047457aa6|rpc:10.1.0.24:42995|dataStream:10.1.0.24:33861|priority:1|startupRole:FOLLOWER] with ContainerStateMachine:uninitialized
2023-01-10 01:13:15,822 [pool-306-thread-1] INFO  server.RaftServerConfigKeys (ConfUtils.java:logGet(46)) - raft.server.rpc.timeout.min = 5s (custom)
2023-01-10 01:13:15,822 [pool-306-thread-1] INFO  server.RaftServerConfigKeys (ConfUtils.java:logGet(46)) - raft.server.rpc.timeout.max = 5200ms (custom)
2023-01-10 01:13:15,822 [pool-306-thread-1] INFO  server.RaftServerConfigKeys (ConfUtils.java:logGet(46)) - raft.server.rpc.sleep.time = 25ms (default)
2023-01-10 01:13:15,822 [pool-306-thread-1] INFO  server.RaftServerConfigKeys (ConfUtils.java:logGet(46)) - raft.server.rpc.slowness.timeout = 300s (custom)
2023-01-10 01:13:15,822 [pool-306-thread-1] INFO  server.RaftServerConfigKeys (ConfUtils.java:logGet(46)) - raft.server.leaderelection.leader.step-down.wait-time = 10s (default)
2023-01-10 01:13:15,822 [pool-306-thread-1] INFO  server.RaftServerConfigKeys (ConfUtils.java:logGet(46)) - raft.server.sleep.deviation.threshold = 300ms (default)
2023-01-10 01:13:15,823 [pool-306-thread-1] INFO  server.RaftServer$Division (ServerState.java:<init>(118)) - a30d3908-8fda-4427-9d38-ec2047457aa6@group-94F2C8ABCA4D: ConfigurationManager, init=-1: peers:[a30d3908-8fda-4427-9d38-ec2047457aa6|rpc:10.1.0.24:42995|dataStream:10.1.0.24:33861|priority:1|startupRole:FOLLOWER]|listeners:[], old=null, confs=<EMPTY_MAP>
2023-01-10 01:13:15,823 [pool-306-thread-1] INFO  server.RaftServerConfigKeys (ConfUtils.java:logGet(46)) - raft.server.storage.dir = [/home/runner/work/ozone/ozone/hadoop-ozone/integration-test/target/test-dir/MiniOzoneClusterImpl-87d91b25-fa0c-46b9-b442-f5a189e2cbc3/datanode-0/data/ratis] (custom)
2023-01-10 01:13:15,823 [pool-306-thread-1] INFO  server.RaftServerConfigKeys (ConfUtils.java:logGet(46)) - raft.server.log.corruption.policy = EXCEPTION (default)
2023-01-10 01:13:15,823 [pool-306-thread-1] INFO  server.RaftServerConfigKeys (ConfUtils.java:logGet(46)) - raft.server.storage.free-space.min = 0MB (=0) (default)
2023-01-10 01:13:15,823 [pool-306-thread-1] INFO  server.RaftServerConfigKeys (ConfUtils.java:logGet(46)) - raft.server.notification.no-leader.timeout = 300s (custom)
2023-01-10 01:13:15,823 [pool-306-thread-1] INFO  server.RaftServerConfigKeys (ConfUtils.java:logGet(46)) - raft.server.retrycache.expirytime = 600000ms (custom)
2023-01-10 01:13:15,823 [pool-306-thread-1] INFO  server.RaftServerConfigKeys (ConfUtils.java:logGet(46)) - raft.server.retrycache.statistics.expirytime = 100μs (default)
2023-01-10 01:13:15,824 [pool-306-thread-1] INFO  server.RaftServerConfigKeys (ConfUtils.java:logGet(46)) - raft.server.log.appender.install.snapshot.enabled = false (custom)
2023-01-10 01:13:15,824 [pool-306-thread-1] INFO  server.RaftServerConfigKeys (ConfUtils.java:logGet(46)) - raft.server.threadpool.server.cached = true (default)
2023-01-10 01:13:15,824 [pool-306-thread-1] INFO  server.RaftServerConfigKeys (ConfUtils.java:logGet(46)) - raft.server.threadpool.server.size = 0 (default)
2023-01-10 01:13:15,824 [pool-306-thread-1] INFO  server.RaftServerConfigKeys (ConfUtils.java:logGet(46)) - raft.server.threadpool.client.cached = true (default)
2023-01-10 01:13:15,824 [pool-306-thread-1] INFO  server.RaftServerConfigKeys (ConfUtils.java:logGet(46)) - raft.server.threadpool.client.size = 0 (default)
2023-01-10 01:13:15,824 [pool-306-thread-1] INFO  storage.RaftStorageDirectory (RaftStorageDirectoryImpl.java:analyzeStorage(137)) - The storage directory /home/runner/work/ozone/ozone/hadoop-ozone/integration-test/target/test-dir/MiniOzoneClusterImpl-87d91b25-fa0c-46b9-b442-f5a189e2cbc3/datanode-0/data/ratis/f68fb0ca-cff7-4b43-afd4-94f2c8abca4d does not exist. Creating ...
2023-01-10 01:13:15,825 [pool-306-thread-1] INFO  storage.RaftStorageDirectory (RaftStorageDirectoryImpl.java:tryLock(231)) - Lock on /home/runner/work/ozone/ozone/hadoop-ozone/integration-test/target/test-dir/MiniOzoneClusterImpl-87d91b25-fa0c-46b9-b442-f5a189e2cbc3/datanode-0/data/ratis/f68fb0ca-cff7-4b43-afd4-94f2c8abca4d/in_use.lock acquired by nodename 10631@fv-az353-623
2023-01-10 01:13:15,827 [pool-306-thread-1] INFO  storage.RaftStorage (RaftStorageImpl.java:format(96)) - Storage directory /home/runner/work/ozone/ozone/hadoop-ozone/integration-test/target/test-dir/MiniOzoneClusterImpl-87d91b25-fa0c-46b9-b442-f5a189e2cbc3/datanode-0/data/ratis/f68fb0ca-cff7-4b43-afd4-94f2c8abca4d has been successfully formatted.
2023-01-10 01:13:15,828 [pool-306-thread-1] INFO  ratis.ContainerStateMachine (ContainerStateMachine.java:loadSnapshot(240)) - group-94F2C8ABCA4D: The snapshot info is null. Setting the last applied indexto:(t:0, i:~)
2023-01-10 01:13:15,828 [pool-306-thread-1] INFO  server.RaftServerConfigKeys (ConfUtils.java:logGet(46)) - raft.server.log.use.memory = false (default)
2023-01-10 01:13:15,828 [pool-306-thread-1] INFO  server.RaftServerConfigKeys (ConfUtils.java:logGet(46)) - raft.server.log.purge.gap = 1000000 (custom)
2023-01-10 01:13:15,828 [pool-306-thread-1] INFO  server.RaftServerConfigKeys (ConfUtils.java:logGet(46)) - raft.server.log.appender.buffer.byte-limit = 33554432 (custom)
2023-01-10 01:13:15,828 [pool-306-thread-1] INFO  server.RaftServerConfigKeys (ConfUtils.java:logGet(46)) - raft.server.log.statemachine.data.read.timeout = 1000ms (default)
2023-01-10 01:13:15,828 [pool-306-thread-1] INFO  server.RaftServerConfigKeys (ConfUtils.java:logGet(46)) - raft.server.log.purge.preservation.log.num = 0 (default)
2023-01-10 01:13:15,828 [pool-306-thread-1] INFO  server.RaftServerConfigKeys (ConfUtils.java:logGet(46)) - raft.server.log.segment.size.max = 1048576 (custom)
2023-01-10 01:13:15,829 [pool-306-thread-1] INFO  server.RaftServerConfigKeys (ConfUtils.java:logGet(46)) - raft.server.log.segment.cache.num.max = 2 (custom)
2023-01-10 01:13:15,829 [pool-306-thread-1] INFO  server.RaftServerConfigKeys (ConfUtils.java:logGet(46)) - raft.server.log.segment.cache.size.max = 200MB (=209715200) (default)
2023-01-10 01:13:15,829 [pool-306-thread-1] INFO  segmented.SegmentedRaftLogWorker (SegmentedRaftLogWorker.java:<init>(189)) - new a30d3908-8fda-4427-9d38-ec2047457aa6@group-94F2C8ABCA4D-SegmentedRaftLogWorker for RaftStorageImpl:Storage Directory /home/runner/work/ozone/ozone/hadoop-ozone/integration-test/target/test-dir/MiniOzoneClusterImpl-87d91b25-fa0c-46b9-b442-f5a189e2cbc3/datanode-0/data/ratis/f68fb0ca-cff7-4b43-afd4-94f2c8abca4d
2023-01-10 01:13:15,829 [pool-306-thread-1] INFO  server.RaftServerConfigKeys (ConfUtils.java:logGet(46)) - raft.server.log.queue.byte-limit = 4294967296 (custom)
2023-01-10 01:13:15,829 [pool-306-thread-1] INFO  server.RaftServerConfigKeys (ConfUtils.java:logGet(46)) - raft.server.log.queue.element-limit = 1024 (custom)
2023-01-10 01:13:15,829 [pool-306-thread-1] INFO  server.RaftServerConfigKeys (ConfUtils.java:logGet(46)) - raft.server.log.segment.size.max = 1048576 (custom)
2023-01-10 01:13:15,829 [pool-306-thread-1] INFO  server.RaftServerConfigKeys (ConfUtils.java:logGet(46)) - raft.server.log.preallocated.size = 16384 (custom)
2023-01-10 01:13:15,829 [pool-306-thread-1] INFO  server.RaftServerConfigKeys (ConfUtils.java:logGet(46)) - raft.server.log.force.sync.num = 128 (default)
2023-01-10 01:13:15,829 [pool-306-thread-1] INFO  server.RaftServerConfigKeys (ConfUtils.java:logGet(46)) - raft.server.log.statemachine.data.sync = true (default)
2023-01-10 01:13:15,829 [pool-306-thread-1] INFO  server.RaftServerConfigKeys (ConfUtils.java:logGet(46)) - raft.server.log.statemachine.data.sync.timeout = 10s (default)
2023-01-10 01:13:15,829 [pool-306-thread-1] INFO  server.RaftServerConfigKeys (ConfUtils.java:logGet(46)) - raft.server.log.statemachine.data.sync.timeout.retry = -1 (default)
2023-01-10 01:13:15,829 [EventQueue-PipelineReportForPipelineReportHandler] INFO  pipeline.PipelineManagerImpl (PipelineManagerImpl.java:openPipeline(367)) - Pipeline Pipeline[ Id: f68fb0ca-cff7-4b43-afd4-94f2c8abca4d, Nodes: a30d3908-8fda-4427-9d38-ec2047457aa6{ip: 10.1.0.24, host: fv-az353-623.tkyx2seitsuu3nmpmouz2httfb.bx.internal.cloudapp.net, ports: [REPLICATION=42007, RATIS=42995, RATIS_ADMIN=42995, RATIS_SERVER=42995, RATIS_DATASTREAM=33861, STANDALONE=38283], networkLocation: /default-rack, certSerialId: null, persistedOpState: IN_SERVICE, persistedOpStateExpiryEpochSec: 0}, ReplicationConfig: RATIS/ONE, State:ALLOCATED, leaderId:a30d3908-8fda-4427-9d38-ec2047457aa6, CreationTimestamp2023-01-10T01:13:12.825Z[Etc/UTC]] moved to OPEN state
2023-01-10 01:13:15,830 [pool-306-thread-1] INFO  server.RaftServerConfigKeys (ConfUtils.java:logGet(46)) - raft.server.log.write.buffer.size = 1048576 (custom)
2023-01-10 01:13:15,830 [pool-306-thread-1] INFO  server.RaftServerConfigKeys (ConfUtils.java:logGet(46)) - raft.server.log.appender.buffer.byte-limit = 33554432 (custom)
2023-01-10 01:13:15,835 [pool-306-thread-1] INFO  server.RaftServerConfigKeys (ConfUtils.java:logGet(46)) - raft.server.log.unsafe-flush.enabled = false (default)
2023-01-10 01:13:15,835 [pool-306-thread-1] INFO  server.RaftServerConfigKeys (ConfUtils.java:logGet(46)) - raft.server.log.async-flush.enabled = false (default)
2023-01-10 01:13:15,836 [pool-306-thread-1] INFO  server.RaftServerConfigKeys (ConfUtils.java:logGet(46)) - raft.server.log.statemachine.data.caching.enabled = true (custom)
2023-01-10 01:13:15,837 [pool-306-thread-1] INFO  segmented.SegmentedRaftLogWorker (SegmentedRaftLogWorker.java:lambda$new$0(135)) - a30d3908-8fda-4427-9d38-ec2047457aa6@group-94F2C8ABCA4D-SegmentedRaftLogWorker: flushIndex: setUnconditionally 0 -> -1
2023-01-10 01:13:15,837 [pool-306-thread-1] INFO  segmented.SegmentedRaftLogWorker (SegmentedRaftLogWorker.java:lambda$new$0(135)) - a30d3908-8fda-4427-9d38-ec2047457aa6@group-94F2C8ABCA4D-SegmentedRaftLogWorker: safeCacheEvictIndex: setUnconditionally 0 -> -1
2023-01-10 01:13:15,837 [pool-306-thread-1] INFO  server.RaftServer$Division (RaftServerImpl.java:start(334)) - a30d3908-8fda-4427-9d38-ec2047457aa6@group-94F2C8ABCA4D: start as a follower, conf=-1: peers:[a30d3908-8fda-4427-9d38-ec2047457aa6|rpc:10.1.0.24:42995|dataStream:10.1.0.24:33861|priority:1|startupRole:FOLLOWER]|listeners:[], old=null
2023-01-10 01:13:15,837 [pool-306-thread-1] INFO  server.RaftServer$Division (RaftServerImpl.java:setRole(321)) - a30d3908-8fda-4427-9d38-ec2047457aa6@group-94F2C8ABCA4D: changes role from      null to FOLLOWER at term 0 for startAsFollower
2023-01-10 01:13:15,837 [pool-306-thread-1] INFO  impl.RoleInfo (RoleInfo.java:updateAndGet(139)) - a30d3908-8fda-4427-9d38-ec2047457aa6: start a30d3908-8fda-4427-9d38-ec2047457aa6@group-94F2C8ABCA4D-FollowerState
2023-01-10 01:13:15,837 [pool-306-thread-1] INFO  util.JmxRegister (JmxRegister.java:tryRegister(44)) - Successfully registered JMX Bean with object name Ratis:service=RaftServer,group=group-94F2C8ABCA4D,id=a30d3908-8fda-4427-9d38-ec2047457aa6
2023-01-10 01:13:15,837 [pool-306-thread-1] INFO  server.RaftServerConfigKeys (ConfUtils.java:logGet(46)) - raft.server.snapshot.auto.trigger.enabled = true (custom)
2023-01-10 01:13:15,837 [pool-306-thread-1] INFO  server.RaftServerConfigKeys (ConfUtils.java:logGet(46)) - raft.server.snapshot.auto.trigger.threshold = 10000 (custom)
2023-01-10 01:13:15,837 [pool-306-thread-1] INFO  server.RaftServerConfigKeys (ConfUtils.java:logGet(46)) - raft.server.snapshot.retention.file.num = 5 (custom)
2023-01-10 01:13:15,837 [pool-306-thread-1] INFO  server.RaftServerConfigKeys (ConfUtils.java:logGet(46)) - raft.server.log.purge.upto.snapshot.index = false (default)
2023-01-10 01:13:15,838 [a30d3908-8fda-4427-9d38-ec2047457aa6@group-94F2C8ABCA4D-FollowerState] INFO  server.RaftServerConfigKeys (ConfUtils.java:logFallback(53)) - raft.server.rpc.first-election.timeout.min = 5s (fallback to raft.server.rpc.timeout.min)
2023-01-10 01:13:15,838 [a30d3908-8fda-4427-9d38-ec2047457aa6@group-94F2C8ABCA4D-FollowerState] INFO  server.RaftServerConfigKeys (ConfUtils.java:logFallback(53)) - raft.server.rpc.first-election.timeout.max = 5200ms (fallback to raft.server.rpc.timeout.max)
2023-01-10 01:13:15,838 [Command processor thread] INFO  ratis.XceiverServerRatis (XceiverServerRatis.java:addGroup(806)) - Created group PipelineID=f68fb0ca-cff7-4b43-afd4-94f2c8abca4d
2023-01-10 01:13:15,838 [Command processor thread] INFO  commandhandler.CreatePipelineCommandHandler (CreatePipelineCommandHandler.java:handle(113)) - Created Pipeline RATIS ONE PipelineID=f68fb0ca-cff7-4b43-afd4-94f2c8abca4d.
2023-01-10 01:13:15,838 [Command processor thread] INFO  server.RaftServer (RaftServerProxy.java:addNew(96)) - a30d3908-8fda-4427-9d38-ec2047457aa6: addNew group-0AED3D946A03:[e4ed2f3a-5aa6-4459-b26c-0c4683a8ebc0|rpc:10.1.0.24:37887|dataStream:10.1.0.24:40887|priority:0|startupRole:FOLLOWER, aede9520-44de-4c1e-ace9-e9f99ab0d9a8|rpc:10.1.0.24:33135|dataStream:10.1.0.24:43115|priority:0|startupRole:FOLLOWER, a30d3908-8fda-4427-9d38-ec2047457aa6|rpc:10.1.0.24:42995|dataStream:10.1.0.24:33861|priority:1|startupRole:FOLLOWER] returns group-0AED3D946A03:java.util.concurrent.CompletableFuture@15cf48ec[Not completed]
2023-01-10 01:13:15,839 [pool-306-thread-1] INFO  server.RaftServer$Division (RaftServerImpl.java:<init>(195)) - a30d3908-8fda-4427-9d38-ec2047457aa6: new RaftServerImpl for group-0AED3D946A03:[e4ed2f3a-5aa6-4459-b26c-0c4683a8ebc0|rpc:10.1.0.24:37887|dataStream:10.1.0.24:40887|priority:0|startupRole:FOLLOWER, aede9520-44de-4c1e-ace9-e9f99ab0d9a8|rpc:10.1.0.24:33135|dataStream:10.1.0.24:43115|priority:0|startupRole:FOLLOWER, a30d3908-8fda-4427-9d38-ec2047457aa6|rpc:10.1.0.24:42995|dataStream:10.1.0.24:33861|priority:1|startupRole:FOLLOWER] with ContainerStateMachine:uninitialized
2023-01-10 01:13:15,839 [pool-306-thread-1] INFO  server.RaftServerConfigKeys (ConfUtils.java:logGet(46)) - raft.server.rpc.timeout.min = 5s (custom)
2023-01-10 01:13:15,839 [pool-306-thread-1] INFO  server.RaftServerConfigKeys (ConfUtils.java:logGet(46)) - raft.server.rpc.timeout.max = 5200ms (custom)
2023-01-10 01:13:15,840 [pool-306-thread-1] INFO  server.RaftServerConfigKeys (ConfUtils.java:logGet(46)) - raft.server.rpc.sleep.time = 25ms (default)
2023-01-10 01:13:15,840 [pool-306-thread-1] INFO  server.RaftServerConfigKeys (ConfUtils.java:logGet(46)) - raft.server.rpc.slowness.timeout = 300s (custom)
2023-01-10 01:13:15,840 [pool-306-thread-1] INFO  server.RaftServerConfigKeys (ConfUtils.java:logGet(46)) - raft.server.leaderelection.leader.step-down.wait-time = 10s (default)
2023-01-10 01:13:15,840 [pool-306-thread-1] INFO  server.RaftServerConfigKeys (ConfUtils.java:logGet(46)) - raft.server.sleep.deviation.threshold = 300ms (default)
2023-01-10 01:13:15,840 [pool-306-thread-1] INFO  server.RaftServer$Division (ServerState.java:<init>(118)) - a30d3908-8fda-4427-9d38-ec2047457aa6@group-0AED3D946A03: ConfigurationManager, init=-1: peers:[e4ed2f3a-5aa6-4459-b26c-0c4683a8ebc0|rpc:10.1.0.24:37887|dataStream:10.1.0.24:40887|priority:0|startupRole:FOLLOWER, aede9520-44de-4c1e-ace9-e9f99ab0d9a8|rpc:10.1.0.24:33135|dataStream:10.1.0.24:43115|priority:0|startupRole:FOLLOWER, a30d3908-8fda-4427-9d38-ec2047457aa6|rpc:10.1.0.24:42995|dataStream:10.1.0.24:33861|priority:1|startupRole:FOLLOWER]|listeners:[], old=null, confs=<EMPTY_MAP>
2023-01-10 01:13:15,840 [pool-306-thread-1] INFO  server.RaftServerConfigKeys (ConfUtils.java:logGet(46)) - raft.server.storage.dir = [/home/runner/work/ozone/ozone/hadoop-ozone/integration-test/target/test-dir/MiniOzoneClusterImpl-87d91b25-fa0c-46b9-b442-f5a189e2cbc3/datanode-0/data/ratis] (custom)
2023-01-10 01:13:15,840 [pool-306-thread-1] INFO  server.RaftServerConfigKeys (ConfUtils.java:logGet(46)) - raft.server.log.corruption.policy = EXCEPTION (default)
2023-01-10 01:13:15,840 [pool-306-thread-1] INFO  server.RaftServerConfigKeys (ConfUtils.java:logGet(46)) - raft.server.storage.free-space.min = 0MB (=0) (default)
2023-01-10 01:13:15,840 [pool-306-thread-1] INFO  server.RaftServerConfigKeys (ConfUtils.java:logGet(46)) - raft.server.notification.no-leader.timeout = 300s (custom)
2023-01-10 01:13:15,840 [pool-306-thread-1] INFO  server.RaftServerConfigKeys (ConfUtils.java:logGet(46)) - raft.server.retrycache.expirytime = 600000ms (custom)
2023-01-10 01:13:15,840 [pool-306-thread-1] INFO  server.RaftServerConfigKeys (ConfUtils.java:logGet(46)) - raft.server.retrycache.statistics.expirytime = 100μs (default)
2023-01-10 01:13:15,841 [pool-306-thread-1] INFO  server.RaftServerConfigKeys (ConfUtils.java:logGet(46)) - raft.server.log.appender.install.snapshot.enabled = false (custom)
2023-01-10 01:13:15,841 [pool-306-thread-1] INFO  server.RaftServerConfigKeys (ConfUtils.java:logGet(46)) - raft.server.threadpool.server.cached = true (default)
2023-01-10 01:13:15,841 [pool-306-thread-1] INFO  server.RaftServerConfigKeys (ConfUtils.java:logGet(46)) - raft.server.threadpool.server.size = 0 (default)
2023-01-10 01:13:15,841 [pool-306-thread-1] INFO  server.RaftServerConfigKeys (ConfUtils.java:logGet(46)) - raft.server.threadpool.client.cached = true (default)
2023-01-10 01:13:15,841 [pool-306-thread-1] INFO  server.RaftServerConfigKeys (ConfUtils.java:logGet(46)) - raft.server.threadpool.client.size = 0 (default)
2023-01-10 01:13:15,841 [pool-306-thread-1] INFO  storage.RaftStorageDirectory (RaftStorageDirectoryImpl.java:analyzeStorage(137)) - The storage directory /home/runner/work/ozone/ozone/hadoop-ozone/integration-test/target/test-dir/MiniOzoneClusterImpl-87d91b25-fa0c-46b9-b442-f5a189e2cbc3/datanode-0/data/ratis/7597bae2-f410-4e03-881e-0aed3d946a03 does not exist. Creating ...
2023-01-10 01:13:15,842 [pool-306-thread-1] INFO  storage.RaftStorageDirectory (RaftStorageDirectoryImpl.java:tryLock(231)) - Lock on /home/runner/work/ozone/ozone/hadoop-ozone/integration-test/target/test-dir/MiniOzoneClusterImpl-87d91b25-fa0c-46b9-b442-f5a189e2cbc3/datanode-0/data/ratis/7597bae2-f410-4e03-881e-0aed3d946a03/in_use.lock acquired by nodename 10631@fv-az353-623
2023-01-10 01:13:15,843 [pool-306-thread-1] INFO  storage.RaftStorage (RaftStorageImpl.java:format(96)) - Storage directory /home/runner/work/ozone/ozone/hadoop-ozone/integration-test/target/test-dir/MiniOzoneClusterImpl-87d91b25-fa0c-46b9-b442-f5a189e2cbc3/datanode-0/data/ratis/7597bae2-f410-4e03-881e-0aed3d946a03 has been successfully formatted.
2023-01-10 01:13:15,844 [pool-306-thread-1] INFO  ratis.ContainerStateMachine (ContainerStateMachine.java:loadSnapshot(240)) - group-0AED3D946A03: The snapshot info is null. Setting the last applied indexto:(t:0, i:~)
2023-01-10 01:13:15,844 [pool-306-thread-1] INFO  server.RaftServerConfigKeys (ConfUtils.java:logGet(46)) - raft.server.log.use.memory = false (default)
2023-01-10 01:13:15,844 [pool-306-thread-1] INFO  server.RaftServerConfigKeys (ConfUtils.java:logGet(46)) - raft.server.log.purge.gap = 1000000 (custom)
2023-01-10 01:13:15,844 [pool-306-thread-1] INFO  server.RaftServerConfigKeys (ConfUtils.java:logGet(46)) - raft.server.log.appender.buffer.byte-limit = 33554432 (custom)
2023-01-10 01:13:15,844 [pool-306-thread-1] INFO  server.RaftServerConfigKeys (ConfUtils.java:logGet(46)) - raft.server.log.statemachine.data.read.timeout = 1000ms (default)
2023-01-10 01:13:15,844 [pool-306-thread-1] INFO  server.RaftServerConfigKeys (ConfUtils.java:logGet(46)) - raft.server.log.purge.preservation.log.num = 0 (default)
2023-01-10 01:13:15,844 [pool-306-thread-1] INFO  server.RaftServerConfigKeys (ConfUtils.java:logGet(46)) - raft.server.log.segment.size.max = 1048576 (custom)
2023-01-10 01:13:15,844 [pool-306-thread-1] INFO  server.RaftServerConfigKeys (ConfUtils.java:logGet(46)) - raft.server.log.segment.cache.num.max = 2 (custom)
2023-01-10 01:13:15,844 [pool-306-thread-1] INFO  server.RaftServerConfigKeys (ConfUtils.java:logGet(46)) - raft.server.log.segment.cache.size.max = 200MB (=209715200) (default)
2023-01-10 01:13:15,844 [pool-306-thread-1] INFO  segmented.SegmentedRaftLogWorker (SegmentedRaftLogWorker.java:<init>(189)) - new a30d3908-8fda-4427-9d38-ec2047457aa6@group-0AED3D946A03-SegmentedRaftLogWorker for RaftStorageImpl:Storage Directory /home/runner/work/ozone/ozone/hadoop-ozone/integration-test/target/test-dir/MiniOzoneClusterImpl-87d91b25-fa0c-46b9-b442-f5a189e2cbc3/datanode-0/data/ratis/7597bae2-f410-4e03-881e-0aed3d946a03
2023-01-10 01:13:15,844 [pool-306-thread-1] INFO  server.RaftServerConfigKeys (ConfUtils.java:logGet(46)) - raft.server.log.queue.byte-limit = 4294967296 (custom)
2023-01-10 01:13:15,844 [pool-306-thread-1] INFO  server.RaftServerConfigKeys (ConfUtils.java:logGet(46)) - raft.server.log.queue.element-limit = 1024 (custom)
2023-01-10 01:13:15,845 [pool-306-thread-1] INFO  server.RaftServerConfigKeys (ConfUtils.java:logGet(46)) - raft.server.log.segment.size.max = 1048576 (custom)
2023-01-10 01:13:15,845 [pool-306-thread-1] INFO  server.RaftServerConfigKeys (ConfUtils.java:logGet(46)) - raft.server.log.preallocated.size = 16384 (custom)
2023-01-10 01:13:15,845 [pool-306-thread-1] INFO  server.RaftServerConfigKeys (ConfUtils.java:logGet(46)) - raft.server.log.force.sync.num = 128 (default)
2023-01-10 01:13:15,845 [pool-306-thread-1] INFO  server.RaftServerConfigKeys (ConfUtils.java:logGet(46)) - raft.server.log.statemachine.data.sync = true (default)
2023-01-10 01:13:15,845 [pool-306-thread-1] INFO  server.RaftServerConfigKeys (ConfUtils.java:logGet(46)) - raft.server.log.statemachine.data.sync.timeout = 10s (default)
2023-01-10 01:13:15,845 [pool-306-thread-1] INFO  server.RaftServerConfigKeys (ConfUtils.java:logGet(46)) - raft.server.log.statemachine.data.sync.timeout.retry = -1 (default)
2023-01-10 01:13:15,845 [pool-306-thread-1] INFO  server.RaftServerConfigKeys (ConfUtils.java:logGet(46)) - raft.server.log.write.buffer.size = 1048576 (custom)
2023-01-10 01:13:15,846 [pool-306-thread-1] INFO  server.RaftServerConfigKeys (ConfUtils.java:logGet(46)) - raft.server.log.appender.buffer.byte-limit = 33554432 (custom)
2023-01-10 01:13:15,847 [EventQueue-OpenPipelineForHealthyPipelineSafeModeRule] INFO  safemode.SCMSafeModeManager (HealthyPipelineSafeModeRule.java:process(137)) - SCM in safe mode. Healthy pipelines reported count is 0, required healthy pipeline reported count is 1
2023-01-10 01:13:15,847 [EventQueue-OpenPipelineForHealthyPipelineSafeModeRule] INFO  safemode.SCMSafeModeManager (HealthyPipelineSafeModeRule.java:process(137)) - SCM in safe mode. Healthy pipelines reported count is 0, required healthy pipeline reported count is 1
2023-01-10 01:13:15,851 [pool-306-thread-1] INFO  server.RaftServerConfigKeys (ConfUtils.java:logGet(46)) - raft.server.log.unsafe-flush.enabled = false (default)
2023-01-10 01:13:15,851 [pool-306-thread-1] INFO  server.RaftServerConfigKeys (ConfUtils.java:logGet(46)) - raft.server.log.async-flush.enabled = false (default)
2023-01-10 01:13:15,851 [pool-306-thread-1] INFO  server.RaftServerConfigKeys (ConfUtils.java:logGet(46)) - raft.server.log.statemachine.data.caching.enabled = true (custom)
2023-01-10 01:13:15,851 [pool-306-thread-1] INFO  segmented.SegmentedRaftLogWorker (SegmentedRaftLogWorker.java:lambda$new$0(135)) - a30d3908-8fda-4427-9d38-ec2047457aa6@group-0AED3D946A03-SegmentedRaftLogWorker: flushIndex: setUnconditionally 0 -> -1
2023-01-10 01:13:15,851 [pool-306-thread-1] INFO  segmented.SegmentedRaftLogWorker (SegmentedRaftLogWorker.java:lambda$new$0(135)) - a30d3908-8fda-4427-9d38-ec2047457aa6@group-0AED3D946A03-SegmentedRaftLogWorker: safeCacheEvictIndex: setUnconditionally 0 -> -1
2023-01-10 01:13:15,853 [pool-306-thread-1] INFO  server.RaftServer$Division (RaftServerImpl.java:start(334)) - a30d3908-8fda-4427-9d38-ec2047457aa6@group-0AED3D946A03: start as a follower, conf=-1: peers:[e4ed2f3a-5aa6-4459-b26c-0c4683a8ebc0|rpc:10.1.0.24:37887|dataStream:10.1.0.24:40887|priority:0|startupRole:FOLLOWER, aede9520-44de-4c1e-ace9-e9f99ab0d9a8|rpc:10.1.0.24:33135|dataStream:10.1.0.24:43115|priority:0|startupRole:FOLLOWER, a30d3908-8fda-4427-9d38-ec2047457aa6|rpc:10.1.0.24:42995|dataStream:10.1.0.24:33861|priority:1|startupRole:FOLLOWER]|listeners:[], old=null
2023-01-10 01:13:15,853 [pool-306-thread-1] INFO  server.RaftServer$Division (RaftServerImpl.java:setRole(321)) - a30d3908-8fda-4427-9d38-ec2047457aa6@group-0AED3D946A03: changes role from      null to FOLLOWER at term 0 for startAsFollower
2023-01-10 01:13:15,853 [pool-306-thread-1] INFO  impl.RoleInfo (RoleInfo.java:updateAndGet(139)) - a30d3908-8fda-4427-9d38-ec2047457aa6: start a30d3908-8fda-4427-9d38-ec2047457aa6@group-0AED3D946A03-FollowerState
2023-01-10 01:13:15,853 [a30d3908-8fda-4427-9d38-ec2047457aa6@group-0AED3D946A03-FollowerState] INFO  server.RaftServerConfigKeys (ConfUtils.java:logFallback(53)) - raft.server.rpc.first-election.timeout.min = 5s (fallback to raft.server.rpc.timeout.min)
2023-01-10 01:13:15,853 [pool-306-thread-1] INFO  util.JmxRegister (JmxRegister.java:tryRegister(44)) - Successfully registered JMX Bean with object name Ratis:service=RaftServer,group=group-0AED3D946A03,id=a30d3908-8fda-4427-9d38-ec2047457aa6
2023-01-10 01:13:15,853 [a30d3908-8fda-4427-9d38-ec2047457aa6@group-0AED3D946A03-FollowerState] INFO  server.RaftServerConfigKeys (ConfUtils.java:logFallback(53)) - raft.server.rpc.first-election.timeout.max = 5200ms (fallback to raft.server.rpc.timeout.max)
2023-01-10 01:13:15,854 [pool-306-thread-1] INFO  server.RaftServerConfigKeys (ConfUtils.java:logGet(46)) - raft.server.snapshot.auto.trigger.enabled = true (custom)
2023-01-10 01:13:15,854 [pool-306-thread-1] INFO  server.RaftServerConfigKeys (ConfUtils.java:logGet(46)) - raft.server.snapshot.auto.trigger.threshold = 10000 (custom)
2023-01-10 01:13:15,854 [pool-306-thread-1] INFO  server.RaftServerConfigKeys (ConfUtils.java:logGet(46)) - raft.server.snapshot.retention.file.num = 5 (custom)
2023-01-10 01:13:15,854 [pool-306-thread-1] INFO  server.RaftServerConfigKeys (ConfUtils.java:logGet(46)) - raft.server.log.purge.upto.snapshot.index = false (default)
2023-01-10 01:13:15,854 [Command processor thread] INFO  ratis.XceiverServerRatis (XceiverServerRatis.java:addGroup(806)) - Created group PipelineID=7597bae2-f410-4e03-881e-0aed3d946a03
2023-01-10 01:13:15,869 [grpc-default-executor-0] INFO  server.RaftServer (RaftServerProxy.java:addNew(96)) - e4ed2f3a-5aa6-4459-b26c-0c4683a8ebc0: addNew group-0AED3D946A03:[e4ed2f3a-5aa6-4459-b26c-0c4683a8ebc0|rpc:10.1.0.24:37887|dataStream:10.1.0.24:40887|priority:0|startupRole:FOLLOWER, aede9520-44de-4c1e-ace9-e9f99ab0d9a8|rpc:10.1.0.24:33135|dataStream:10.1.0.24:43115|priority:0|startupRole:FOLLOWER, a30d3908-8fda-4427-9d38-ec2047457aa6|rpc:10.1.0.24:42995|dataStream:10.1.0.24:33861|priority:1|startupRole:FOLLOWER] returns group-0AED3D946A03:java.util.concurrent.CompletableFuture@4571b369[Not completed]
2023-01-10 01:13:15,870 [pool-329-thread-1] INFO  server.RaftServer$Division (RaftServerImpl.java:<init>(195)) - e4ed2f3a-5aa6-4459-b26c-0c4683a8ebc0: new RaftServerImpl for group-0AED3D946A03:[e4ed2f3a-5aa6-4459-b26c-0c4683a8ebc0|rpc:10.1.0.24:37887|dataStream:10.1.0.24:40887|priority:0|startupRole:FOLLOWER, aede9520-44de-4c1e-ace9-e9f99ab0d9a8|rpc:10.1.0.24:33135|dataStream:10.1.0.24:43115|priority:0|startupRole:FOLLOWER, a30d3908-8fda-4427-9d38-ec2047457aa6|rpc:10.1.0.24:42995|dataStream:10.1.0.24:33861|priority:1|startupRole:FOLLOWER] with ContainerStateMachine:uninitialized
2023-01-10 01:13:15,871 [pool-329-thread-1] INFO  server.RaftServerConfigKeys (ConfUtils.java:logGet(46)) - raft.server.rpc.timeout.min = 5s (custom)
2023-01-10 01:13:15,871 [pool-329-thread-1] INFO  server.RaftServerConfigKeys (ConfUtils.java:logGet(46)) - raft.server.rpc.timeout.max = 5200ms (custom)
2023-01-10 01:13:15,871 [pool-329-thread-1] INFO  server.RaftServerConfigKeys (ConfUtils.java:logGet(46)) - raft.server.rpc.sleep.time = 25ms (default)
2023-01-10 01:13:15,871 [pool-329-thread-1] INFO  server.RaftServerConfigKeys (ConfUtils.java:logGet(46)) - raft.server.rpc.slowness.timeout = 300s (custom)
2023-01-10 01:13:15,871 [pool-329-thread-1] INFO  server.RaftServerConfigKeys (ConfUtils.java:logGet(46)) - raft.server.leaderelection.leader.step-down.wait-time = 10s (default)
2023-01-10 01:13:15,871 [pool-329-thread-1] INFO  server.RaftServerConfigKeys (ConfUtils.java:logGet(46)) - raft.server.sleep.deviation.threshold = 300ms (default)
2023-01-10 01:13:15,871 [pool-329-thread-1] INFO  server.RaftServer$Division (ServerState.java:<init>(118)) - e4ed2f3a-5aa6-4459-b26c-0c4683a8ebc0@group-0AED3D946A03: ConfigurationManager, init=-1: peers:[e4ed2f3a-5aa6-4459-b26c-0c4683a8ebc0|rpc:10.1.0.24:37887|dataStream:10.1.0.24:40887|priority:0|startupRole:FOLLOWER, aede9520-44de-4c1e-ace9-e9f99ab0d9a8|rpc:10.1.0.24:33135|dataStream:10.1.0.24:43115|priority:0|startupRole:FOLLOWER, a30d3908-8fda-4427-9d38-ec2047457aa6|rpc:10.1.0.24:42995|dataStream:10.1.0.24:33861|priority:1|startupRole:FOLLOWER]|listeners:[], old=null, confs=<EMPTY_MAP>
2023-01-10 01:13:15,871 [pool-329-thread-1] INFO  server.RaftServerConfigKeys (ConfUtils.java:logGet(46)) - raft.server.storage.dir = [/home/runner/work/ozone/ozone/hadoop-ozone/integration-test/target/test-dir/MiniOzoneClusterImpl-87d91b25-fa0c-46b9-b442-f5a189e2cbc3/datanode-1/data/ratis] (custom)
2023-01-10 01:13:15,871 [pool-329-thread-1] INFO  server.RaftServerConfigKeys (ConfUtils.java:logGet(46)) - raft.server.log.corruption.policy = EXCEPTION (default)
2023-01-10 01:13:15,871 [pool-329-thread-1] INFO  server.RaftServerConfigKeys (ConfUtils.java:logGet(46)) - raft.server.storage.free-space.min = 0MB (=0) (default)
2023-01-10 01:13:15,871 [pool-329-thread-1] INFO  server.RaftServerConfigKeys (ConfUtils.java:logGet(46)) - raft.server.notification.no-leader.timeout = 300s (custom)
2023-01-10 01:13:15,871 [pool-329-thread-1] INFO  server.RaftServerConfigKeys (ConfUtils.java:logGet(46)) - raft.server.retrycache.expirytime = 600000ms (custom)
2023-01-10 01:13:15,871 [pool-329-thread-1] INFO  server.RaftServerConfigKeys (ConfUtils.java:logGet(46)) - raft.server.retrycache.statistics.expirytime = 100μs (default)
2023-01-10 01:13:15,872 [pool-329-thread-1] INFO  server.RaftServerConfigKeys (ConfUtils.java:logGet(46)) - raft.server.log.appender.install.snapshot.enabled = false (custom)
2023-01-10 01:13:15,872 [pool-329-thread-1] INFO  server.RaftServerConfigKeys (ConfUtils.java:logGet(46)) - raft.server.threadpool.server.cached = true (default)
2023-01-10 01:13:15,872 [pool-329-thread-1] INFO  server.RaftServerConfigKeys (ConfUtils.java:logGet(46)) - raft.server.threadpool.server.size = 0 (default)
2023-01-10 01:13:15,872 [pool-329-thread-1] INFO  server.RaftServerConfigKeys (ConfUtils.java:logGet(46)) - raft.server.threadpool.client.cached = true (default)
2023-01-10 01:13:15,872 [pool-329-thread-1] INFO  server.RaftServerConfigKeys (ConfUtils.java:logGet(46)) - raft.server.threadpool.client.size = 0 (default)
2023-01-10 01:13:15,872 [pool-329-thread-1] INFO  storage.RaftStorageDirectory (RaftStorageDirectoryImpl.java:analyzeStorage(137)) - The storage directory /home/runner/work/ozone/ozone/hadoop-ozone/integration-test/target/test-dir/MiniOzoneClusterImpl-87d91b25-fa0c-46b9-b442-f5a189e2cbc3/datanode-1/data/ratis/7597bae2-f410-4e03-881e-0aed3d946a03 does not exist. Creating ...
2023-01-10 01:13:15,873 [pool-329-thread-1] INFO  storage.RaftStorageDirectory (RaftStorageDirectoryImpl.java:tryLock(231)) - Lock on /home/runner/work/ozone/ozone/hadoop-ozone/integration-test/target/test-dir/MiniOzoneClusterImpl-87d91b25-fa0c-46b9-b442-f5a189e2cbc3/datanode-1/data/ratis/7597bae2-f410-4e03-881e-0aed3d946a03/in_use.lock acquired by nodename 10631@fv-az353-623
2023-01-10 01:13:15,874 [pool-329-thread-1] INFO  storage.RaftStorage (RaftStorageImpl.java:format(96)) - Storage directory /home/runner/work/ozone/ozone/hadoop-ozone/integration-test/target/test-dir/MiniOzoneClusterImpl-87d91b25-fa0c-46b9-b442-f5a189e2cbc3/datanode-1/data/ratis/7597bae2-f410-4e03-881e-0aed3d946a03 has been successfully formatted.
2023-01-10 01:13:15,875 [pool-329-thread-1] INFO  ratis.ContainerStateMachine (ContainerStateMachine.java:loadSnapshot(240)) - group-0AED3D946A03: The snapshot info is null. Setting the last applied indexto:(t:0, i:~)
2023-01-10 01:13:15,876 [pool-329-thread-1] INFO  server.RaftServerConfigKeys (ConfUtils.java:logGet(46)) - raft.server.log.use.memory = false (default)
2023-01-10 01:13:15,876 [pool-329-thread-1] INFO  server.RaftServerConfigKeys (ConfUtils.java:logGet(46)) - raft.server.log.purge.gap = 1000000 (custom)
2023-01-10 01:13:15,876 [pool-329-thread-1] INFO  server.RaftServerConfigKeys (ConfUtils.java:logGet(46)) - raft.server.log.appender.buffer.byte-limit = 33554432 (custom)
2023-01-10 01:13:15,876 [pool-329-thread-1] INFO  server.RaftServerConfigKeys (ConfUtils.java:logGet(46)) - raft.server.log.statemachine.data.read.timeout = 1000ms (default)
2023-01-10 01:13:15,876 [pool-329-thread-1] INFO  server.RaftServerConfigKeys (ConfUtils.java:logGet(46)) - raft.server.log.purge.preservation.log.num = 0 (default)
2023-01-10 01:13:15,876 [pool-329-thread-1] INFO  server.RaftServerConfigKeys (ConfUtils.java:logGet(46)) - raft.server.log.segment.size.max = 1048576 (custom)
2023-01-10 01:13:15,876 [pool-329-thread-1] INFO  server.RaftServerConfigKeys (ConfUtils.java:logGet(46)) - raft.server.log.segment.cache.num.max = 2 (custom)
2023-01-10 01:13:15,876 [pool-329-thread-1] INFO  server.RaftServerConfigKeys (ConfUtils.java:logGet(46)) - raft.server.log.segment.cache.size.max = 200MB (=209715200) (default)
2023-01-10 01:13:15,876 [pool-329-thread-1] INFO  segmented.SegmentedRaftLogWorker (SegmentedRaftLogWorker.java:<init>(189)) - new e4ed2f3a-5aa6-4459-b26c-0c4683a8ebc0@group-0AED3D946A03-SegmentedRaftLogWorker for RaftStorageImpl:Storage Directory /home/runner/work/ozone/ozone/hadoop-ozone/integration-test/target/test-dir/MiniOzoneClusterImpl-87d91b25-fa0c-46b9-b442-f5a189e2cbc3/datanode-1/data/ratis/7597bae2-f410-4e03-881e-0aed3d946a03
2023-01-10 01:13:15,877 [pool-329-thread-1] INFO  server.RaftServerConfigKeys (ConfUtils.java:logGet(46)) - raft.server.log.queue.byte-limit = 4294967296 (custom)
2023-01-10 01:13:15,877 [pool-329-thread-1] INFO  server.RaftServerConfigKeys (ConfUtils.java:logGet(46)) - raft.server.log.queue.element-limit = 1024 (custom)
2023-01-10 01:13:15,877 [pool-329-thread-1] INFO  server.RaftServerConfigKeys (ConfUtils.java:logGet(46)) - raft.server.log.segment.size.max = 1048576 (custom)
2023-01-10 01:13:15,877 [pool-329-thread-1] INFO  server.RaftServerConfigKeys (ConfUtils.java:logGet(46)) - raft.server.log.preallocated.size = 16384 (custom)
2023-01-10 01:13:15,877 [pool-329-thread-1] INFO  server.RaftServerConfigKeys (ConfUtils.java:logGet(46)) - raft.server.log.force.sync.num = 128 (default)
2023-01-10 01:13:15,877 [pool-329-thread-1] INFO  server.RaftServerConfigKeys (ConfUtils.java:logGet(46)) - raft.server.log.statemachine.data.sync = true (default)
2023-01-10 01:13:15,877 [pool-329-thread-1] INFO  server.RaftServerConfigKeys (ConfUtils.java:logGet(46)) - raft.server.log.statemachine.data.sync.timeout = 10s (default)
2023-01-10 01:13:15,877 [pool-329-thread-1] INFO  server.RaftServerConfigKeys (ConfUtils.java:logGet(46)) - raft.server.log.statemachine.data.sync.timeout.retry = -1 (default)
2023-01-10 01:13:15,877 [pool-329-thread-1] INFO  server.RaftServerConfigKeys (ConfUtils.java:logGet(46)) - raft.server.log.write.buffer.size = 1048576 (custom)
2023-01-10 01:13:15,878 [pool-329-thread-1] INFO  server.RaftServerConfigKeys (ConfUtils.java:logGet(46)) - raft.server.log.appender.buffer.byte-limit = 33554432 (custom)
2023-01-10 01:13:15,883 [pool-329-thread-1] INFO  server.RaftServerConfigKeys (ConfUtils.java:logGet(46)) - raft.server.log.unsafe-flush.enabled = false (default)
2023-01-10 01:13:15,883 [pool-329-thread-1] INFO  server.RaftServerConfigKeys (ConfUtils.java:logGet(46)) - raft.server.log.async-flush.enabled = false (default)
2023-01-10 01:13:15,883 [pool-329-thread-1] INFO  server.RaftServerConfigKeys (ConfUtils.java:logGet(46)) - raft.server.log.statemachine.data.caching.enabled = true (custom)
2023-01-10 01:13:15,883 [pool-329-thread-1] INFO  segmented.SegmentedRaftLogWorker (SegmentedRaftLogWorker.java:lambda$new$0(135)) - e4ed2f3a-5aa6-4459-b26c-0c4683a8ebc0@group-0AED3D946A03-SegmentedRaftLogWorker: flushIndex: setUnconditionally 0 -> -1
2023-01-10 01:13:15,883 [pool-329-thread-1] INFO  segmented.SegmentedRaftLogWorker (SegmentedRaftLogWorker.java:lambda$new$0(135)) - e4ed2f3a-5aa6-4459-b26c-0c4683a8ebc0@group-0AED3D946A03-SegmentedRaftLogWorker: safeCacheEvictIndex: setUnconditionally 0 -> -1
2023-01-10 01:13:15,883 [pool-329-thread-1] INFO  server.RaftServer$Division (RaftServerImpl.java:start(334)) - e4ed2f3a-5aa6-4459-b26c-0c4683a8ebc0@group-0AED3D946A03: start as a follower, conf=-1: peers:[e4ed2f3a-5aa6-4459-b26c-0c4683a8ebc0|rpc:10.1.0.24:37887|dataStream:10.1.0.24:40887|priority:0|startupRole:FOLLOWER, aede9520-44de-4c1e-ace9-e9f99ab0d9a8|rpc:10.1.0.24:33135|dataStream:10.1.0.24:43115|priority:0|startupRole:FOLLOWER, a30d3908-8fda-4427-9d38-ec2047457aa6|rpc:10.1.0.24:42995|dataStream:10.1.0.24:33861|priority:1|startupRole:FOLLOWER]|listeners:[], old=null
2023-01-10 01:13:15,883 [pool-329-thread-1] INFO  server.RaftServer$Division (RaftServerImpl.java:setRole(321)) - e4ed2f3a-5aa6-4459-b26c-0c4683a8ebc0@group-0AED3D946A03: changes role from      null to FOLLOWER at term 0 for startAsFollower
2023-01-10 01:13:15,883 [pool-329-thread-1] INFO  impl.RoleInfo (RoleInfo.java:updateAndGet(139)) - e4ed2f3a-5aa6-4459-b26c-0c4683a8ebc0: start e4ed2f3a-5aa6-4459-b26c-0c4683a8ebc0@group-0AED3D946A03-FollowerState
2023-01-10 01:13:15,884 [pool-329-thread-1] INFO  util.JmxRegister (JmxRegister.java:tryRegister(44)) - Successfully registered JMX Bean with object name Ratis:service=RaftServer,group=group-0AED3D946A03,id=e4ed2f3a-5aa6-4459-b26c-0c4683a8ebc0
2023-01-10 01:13:15,884 [pool-329-thread-1] INFO  server.RaftServerConfigKeys (ConfUtils.java:logGet(46)) - raft.server.snapshot.auto.trigger.enabled = true (custom)
2023-01-10 01:13:15,884 [pool-329-thread-1] INFO  server.RaftServerConfigKeys (ConfUtils.java:logGet(46)) - raft.server.snapshot.auto.trigger.threshold = 10000 (custom)
2023-01-10 01:13:15,884 [pool-329-thread-1] INFO  server.RaftServerConfigKeys (ConfUtils.java:logGet(46)) - raft.server.snapshot.retention.file.num = 5 (custom)
2023-01-10 01:13:15,884 [pool-329-thread-1] INFO  server.RaftServerConfigKeys (ConfUtils.java:logGet(46)) - raft.server.log.purge.upto.snapshot.index = false (default)
2023-01-10 01:13:15,886 [e4ed2f3a-5aa6-4459-b26c-0c4683a8ebc0@group-0AED3D946A03-FollowerState] INFO  server.RaftServerConfigKeys (ConfUtils.java:logFallback(53)) - raft.server.rpc.first-election.timeout.min = 5s (fallback to raft.server.rpc.timeout.min)
2023-01-10 01:13:15,886 [e4ed2f3a-5aa6-4459-b26c-0c4683a8ebc0@group-0AED3D946A03-FollowerState] INFO  server.RaftServerConfigKeys (ConfUtils.java:logFallback(53)) - raft.server.rpc.first-election.timeout.max = 5200ms (fallback to raft.server.rpc.timeout.max)
2023-01-10 01:13:15,899 [grpc-default-executor-0] INFO  server.RaftServer (RaftServerProxy.java:addNew(96)) - aede9520-44de-4c1e-ace9-e9f99ab0d9a8: addNew group-0AED3D946A03:[e4ed2f3a-5aa6-4459-b26c-0c4683a8ebc0|rpc:10.1.0.24:37887|dataStream:10.1.0.24:40887|priority:0|startupRole:FOLLOWER, aede9520-44de-4c1e-ace9-e9f99ab0d9a8|rpc:10.1.0.24:33135|dataStream:10.1.0.24:43115|priority:0|startupRole:FOLLOWER, a30d3908-8fda-4427-9d38-ec2047457aa6|rpc:10.1.0.24:42995|dataStream:10.1.0.24:33861|priority:1|startupRole:FOLLOWER] returns group-0AED3D946A03:java.util.concurrent.CompletableFuture@41d898e1[Not completed]
2023-01-10 01:13:15,900 [pool-352-thread-1] INFO  server.RaftServer$Division (RaftServerImpl.java:<init>(195)) - aede9520-44de-4c1e-ace9-e9f99ab0d9a8: new RaftServerImpl for group-0AED3D946A03:[e4ed2f3a-5aa6-4459-b26c-0c4683a8ebc0|rpc:10.1.0.24:37887|dataStream:10.1.0.24:40887|priority:0|startupRole:FOLLOWER, aede9520-44de-4c1e-ace9-e9f99ab0d9a8|rpc:10.1.0.24:33135|dataStream:10.1.0.24:43115|priority:0|startupRole:FOLLOWER, a30d3908-8fda-4427-9d38-ec2047457aa6|rpc:10.1.0.24:42995|dataStream:10.1.0.24:33861|priority:1|startupRole:FOLLOWER] with ContainerStateMachine:uninitialized
2023-01-10 01:13:15,902 [pool-352-thread-1] INFO  server.RaftServerConfigKeys (ConfUtils.java:logGet(46)) - raft.server.rpc.timeout.min = 5s (custom)
2023-01-10 01:13:15,902 [pool-352-thread-1] INFO  server.RaftServerConfigKeys (ConfUtils.java:logGet(46)) - raft.server.rpc.timeout.max = 5200ms (custom)
2023-01-10 01:13:15,903 [pool-352-thread-1] INFO  server.RaftServerConfigKeys (ConfUtils.java:logGet(46)) - raft.server.rpc.sleep.time = 25ms (default)
2023-01-10 01:13:15,903 [pool-352-thread-1] INFO  server.RaftServerConfigKeys (ConfUtils.java:logGet(46)) - raft.server.rpc.slowness.timeout = 300s (custom)
2023-01-10 01:13:15,903 [pool-352-thread-1] INFO  server.RaftServerConfigKeys (ConfUtils.java:logGet(46)) - raft.server.leaderelection.leader.step-down.wait-time = 10s (default)
2023-01-10 01:13:15,903 [pool-352-thread-1] INFO  server.RaftServerConfigKeys (ConfUtils.java:logGet(46)) - raft.server.sleep.deviation.threshold = 300ms (default)
2023-01-10 01:13:15,903 [pool-352-thread-1] INFO  server.RaftServer$Division (ServerState.java:<init>(118)) - aede9520-44de-4c1e-ace9-e9f99ab0d9a8@group-0AED3D946A03: ConfigurationManager, init=-1: peers:[e4ed2f3a-5aa6-4459-b26c-0c4683a8ebc0|rpc:10.1.0.24:37887|dataStream:10.1.0.24:40887|priority:0|startupRole:FOLLOWER, aede9520-44de-4c1e-ace9-e9f99ab0d9a8|rpc:10.1.0.24:33135|dataStream:10.1.0.24:43115|priority:0|startupRole:FOLLOWER, a30d3908-8fda-4427-9d38-ec2047457aa6|rpc:10.1.0.24:42995|dataStream:10.1.0.24:33861|priority:1|startupRole:FOLLOWER]|listeners:[], old=null, confs=<EMPTY_MAP>
2023-01-10 01:13:15,903 [pool-352-thread-1] INFO  server.RaftServerConfigKeys (ConfUtils.java:logGet(46)) - raft.server.storage.dir = [/home/runner/work/ozone/ozone/hadoop-ozone/integration-test/target/test-dir/MiniOzoneClusterImpl-87d91b25-fa0c-46b9-b442-f5a189e2cbc3/datanode-2/data/ratis] (custom)
2023-01-10 01:13:15,903 [pool-352-thread-1] INFO  server.RaftServerConfigKeys (ConfUtils.java:logGet(46)) - raft.server.log.corruption.policy = EXCEPTION (default)
2023-01-10 01:13:15,903 [pool-352-thread-1] INFO  server.RaftServerConfigKeys (ConfUtils.java:logGet(46)) - raft.server.storage.free-space.min = 0MB (=0) (default)
2023-01-10 01:13:15,903 [pool-352-thread-1] INFO  server.RaftServerConfigKeys (ConfUtils.java:logGet(46)) - raft.server.notification.no-leader.timeout = 300s (custom)
2023-01-10 01:13:15,903 [pool-352-thread-1] INFO  server.RaftServerConfigKeys (ConfUtils.java:logGet(46)) - raft.server.retrycache.expirytime = 600000ms (custom)
2023-01-10 01:13:15,903 [pool-352-thread-1] INFO  server.RaftServerConfigKeys (ConfUtils.java:logGet(46)) - raft.server.retrycache.statistics.expirytime = 100μs (default)
2023-01-10 01:13:15,904 [pool-352-thread-1] INFO  server.RaftServerConfigKeys (ConfUtils.java:logGet(46)) - raft.server.log.appender.install.snapshot.enabled = false (custom)
2023-01-10 01:13:15,904 [pool-352-thread-1] INFO  server.RaftServerConfigKeys (ConfUtils.java:logGet(46)) - raft.server.threadpool.server.cached = true (default)
2023-01-10 01:13:15,904 [pool-352-thread-1] INFO  server.RaftServerConfigKeys (ConfUtils.java:logGet(46)) - raft.server.threadpool.server.size = 0 (default)
2023-01-10 01:13:15,904 [pool-352-thread-1] INFO  server.RaftServerConfigKeys (ConfUtils.java:logGet(46)) - raft.server.threadpool.client.cached = true (default)
2023-01-10 01:13:15,904 [pool-352-thread-1] INFO  server.RaftServerConfigKeys (ConfUtils.java:logGet(46)) - raft.server.threadpool.client.size = 0 (default)
2023-01-10 01:13:15,904 [pool-352-thread-1] INFO  storage.RaftStorageDirectory (RaftStorageDirectoryImpl.java:analyzeStorage(137)) - The storage directory /home/runner/work/ozone/ozone/hadoop-ozone/integration-test/target/test-dir/MiniOzoneClusterImpl-87d91b25-fa0c-46b9-b442-f5a189e2cbc3/datanode-2/data/ratis/7597bae2-f410-4e03-881e-0aed3d946a03 does not exist. Creating ...
2023-01-10 01:13:15,905 [pool-352-thread-1] INFO  storage.RaftStorageDirectory (RaftStorageDirectoryImpl.java:tryLock(231)) - Lock on /home/runner/work/ozone/ozone/hadoop-ozone/integration-test/target/test-dir/MiniOzoneClusterImpl-87d91b25-fa0c-46b9-b442-f5a189e2cbc3/datanode-2/data/ratis/7597bae2-f410-4e03-881e-0aed3d946a03/in_use.lock acquired by nodename 10631@fv-az353-623
2023-01-10 01:13:15,906 [pool-352-thread-1] INFO  storage.RaftStorage (RaftStorageImpl.java:format(96)) - Storage directory /home/runner/work/ozone/ozone/hadoop-ozone/integration-test/target/test-dir/MiniOzoneClusterImpl-87d91b25-fa0c-46b9-b442-f5a189e2cbc3/datanode-2/data/ratis/7597bae2-f410-4e03-881e-0aed3d946a03 has been successfully formatted.
2023-01-10 01:13:15,907 [pool-352-thread-1] INFO  ratis.ContainerStateMachine (ContainerStateMachine.java:loadSnapshot(240)) - group-0AED3D946A03: The snapshot info is null. Setting the last applied indexto:(t:0, i:~)
2023-01-10 01:13:15,907 [pool-352-thread-1] INFO  server.RaftServerConfigKeys (ConfUtils.java:logGet(46)) - raft.server.log.use.memory = false (default)
2023-01-10 01:13:15,907 [pool-352-thread-1] INFO  server.RaftServerConfigKeys (ConfUtils.java:logGet(46)) - raft.server.log.purge.gap = 1000000 (custom)
2023-01-10 01:13:15,907 [pool-352-thread-1] INFO  server.RaftServerConfigKeys (ConfUtils.java:logGet(46)) - raft.server.log.appender.buffer.byte-limit = 33554432 (custom)
2023-01-10 01:13:15,907 [pool-352-thread-1] INFO  server.RaftServerConfigKeys (ConfUtils.java:logGet(46)) - raft.server.log.statemachine.data.read.timeout = 1000ms (default)
2023-01-10 01:13:15,907 [pool-352-thread-1] INFO  server.RaftServerConfigKeys (ConfUtils.java:logGet(46)) - raft.server.log.purge.preservation.log.num = 0 (default)
2023-01-10 01:13:15,908 [pool-352-thread-1] INFO  server.RaftServerConfigKeys (ConfUtils.java:logGet(46)) - raft.server.log.segment.size.max = 1048576 (custom)
2023-01-10 01:13:15,908 [pool-352-thread-1] INFO  server.RaftServerConfigKeys (ConfUtils.java:logGet(46)) - raft.server.log.segment.cache.num.max = 2 (custom)
2023-01-10 01:13:15,908 [pool-352-thread-1] INFO  server.RaftServerConfigKeys (ConfUtils.java:logGet(46)) - raft.server.log.segment.cache.size.max = 200MB (=209715200) (default)
2023-01-10 01:13:15,908 [pool-352-thread-1] INFO  segmented.SegmentedRaftLogWorker (SegmentedRaftLogWorker.java:<init>(189)) - new aede9520-44de-4c1e-ace9-e9f99ab0d9a8@group-0AED3D946A03-SegmentedRaftLogWorker for RaftStorageImpl:Storage Directory /home/runner/work/ozone/ozone/hadoop-ozone/integration-test/target/test-dir/MiniOzoneClusterImpl-87d91b25-fa0c-46b9-b442-f5a189e2cbc3/datanode-2/data/ratis/7597bae2-f410-4e03-881e-0aed3d946a03
2023-01-10 01:13:15,908 [pool-352-thread-1] INFO  server.RaftServerConfigKeys (ConfUtils.java:logGet(46)) - raft.server.log.queue.byte-limit = 4294967296 (custom)
2023-01-10 01:13:15,908 [pool-352-thread-1] INFO  server.RaftServerConfigKeys (ConfUtils.java:logGet(46)) - raft.server.log.queue.element-limit = 1024 (custom)
2023-01-10 01:13:15,908 [pool-352-thread-1] INFO  server.RaftServerConfigKeys (ConfUtils.java:logGet(46)) - raft.server.log.segment.size.max = 1048576 (custom)
2023-01-10 01:13:15,908 [pool-352-thread-1] INFO  server.RaftServerConfigKeys (ConfUtils.java:logGet(46)) - raft.server.log.preallocated.size = 16384 (custom)
2023-01-10 01:13:15,908 [pool-352-thread-1] INFO  server.RaftServerConfigKeys (ConfUtils.java:logGet(46)) - raft.server.log.force.sync.num = 128 (default)
2023-01-10 01:13:15,908 [pool-352-thread-1] INFO  server.RaftServerConfigKeys (ConfUtils.java:logGet(46)) - raft.server.log.statemachine.data.sync = true (default)
2023-01-10 01:13:15,909 [pool-352-thread-1] INFO  server.RaftServerConfigKeys (ConfUtils.java:logGet(46)) - raft.server.log.statemachine.data.sync.timeout = 10s (default)
2023-01-10 01:13:15,909 [pool-352-thread-1] INFO  server.RaftServerConfigKeys (ConfUtils.java:logGet(46)) - raft.server.log.statemachine.data.sync.timeout.retry = -1 (default)
2023-01-10 01:13:15,909 [pool-352-thread-1] INFO  server.RaftServerConfigKeys (ConfUtils.java:logGet(46)) - raft.server.log.write.buffer.size = 1048576 (custom)
2023-01-10 01:13:15,909 [pool-352-thread-1] INFO  server.RaftServerConfigKeys (ConfUtils.java:logGet(46)) - raft.server.log.appender.buffer.byte-limit = 33554432 (custom)
2023-01-10 01:13:15,914 [pool-352-thread-1] INFO  server.RaftServerConfigKeys (ConfUtils.java:logGet(46)) - raft.server.log.unsafe-flush.enabled = false (default)
2023-01-10 01:13:15,914 [pool-352-thread-1] INFO  server.RaftServerConfigKeys (ConfUtils.java:logGet(46)) - raft.server.log.async-flush.enabled = false (default)
2023-01-10 01:13:15,914 [pool-352-thread-1] INFO  server.RaftServerConfigKeys (ConfUtils.java:logGet(46)) - raft.server.log.statemachine.data.caching.enabled = true (custom)
2023-01-10 01:13:15,914 [pool-352-thread-1] INFO  segmented.SegmentedRaftLogWorker (SegmentedRaftLogWorker.java:lambda$new$0(135)) - aede9520-44de-4c1e-ace9-e9f99ab0d9a8@group-0AED3D946A03-SegmentedRaftLogWorker: flushIndex: setUnconditionally 0 -> -1
2023-01-10 01:13:15,914 [pool-352-thread-1] INFO  segmented.SegmentedRaftLogWorker (SegmentedRaftLogWorker.java:lambda$new$0(135)) - aede9520-44de-4c1e-ace9-e9f99ab0d9a8@group-0AED3D946A03-SegmentedRaftLogWorker: safeCacheEvictIndex: setUnconditionally 0 -> -1
2023-01-10 01:13:15,915 [pool-352-thread-1] INFO  server.RaftServer$Division (RaftServerImpl.java:start(334)) - aede9520-44de-4c1e-ace9-e9f99ab0d9a8@group-0AED3D946A03: start as a follower, conf=-1: peers:[e4ed2f3a-5aa6-4459-b26c-0c4683a8ebc0|rpc:10.1.0.24:37887|dataStream:10.1.0.24:40887|priority:0|startupRole:FOLLOWER, aede9520-44de-4c1e-ace9-e9f99ab0d9a8|rpc:10.1.0.24:33135|dataStream:10.1.0.24:43115|priority:0|startupRole:FOLLOWER, a30d3908-8fda-4427-9d38-ec2047457aa6|rpc:10.1.0.24:42995|dataStream:10.1.0.24:33861|priority:1|startupRole:FOLLOWER]|listeners:[], old=null
2023-01-10 01:13:15,915 [pool-352-thread-1] INFO  server.RaftServer$Division (RaftServerImpl.java:setRole(321)) - aede9520-44de-4c1e-ace9-e9f99ab0d9a8@group-0AED3D946A03: changes role from      null to FOLLOWER at term 0 for startAsFollower
2023-01-10 01:13:15,915 [pool-352-thread-1] INFO  impl.RoleInfo (RoleInfo.java:updateAndGet(139)) - aede9520-44de-4c1e-ace9-e9f99ab0d9a8: start aede9520-44de-4c1e-ace9-e9f99ab0d9a8@group-0AED3D946A03-FollowerState
2023-01-10 01:13:15,917 [pool-352-thread-1] INFO  util.JmxRegister (JmxRegister.java:tryRegister(44)) - Successfully registered JMX Bean with object name Ratis:service=RaftServer,group=group-0AED3D946A03,id=aede9520-44de-4c1e-ace9-e9f99ab0d9a8
2023-01-10 01:13:15,917 [aede9520-44de-4c1e-ace9-e9f99ab0d9a8@group-0AED3D946A03-FollowerState] INFO  server.RaftServerConfigKeys (ConfUtils.java:logFallback(53)) - raft.server.rpc.first-election.timeout.min = 5s (fallback to raft.server.rpc.timeout.min)
2023-01-10 01:13:15,917 [pool-352-thread-1] INFO  server.RaftServerConfigKeys (ConfUtils.java:logGet(46)) - raft.server.snapshot.auto.trigger.enabled = true (custom)
2023-01-10 01:13:15,917 [aede9520-44de-4c1e-ace9-e9f99ab0d9a8@group-0AED3D946A03-FollowerState] INFO  server.RaftServerConfigKeys (ConfUtils.java:logFallback(53)) - raft.server.rpc.first-election.timeout.max = 5200ms (fallback to raft.server.rpc.timeout.max)
2023-01-10 01:13:15,917 [pool-352-thread-1] INFO  server.RaftServerConfigKeys (ConfUtils.java:logGet(46)) - raft.server.snapshot.auto.trigger.threshold = 10000 (custom)
2023-01-10 01:13:15,917 [pool-352-thread-1] INFO  server.RaftServerConfigKeys (ConfUtils.java:logGet(46)) - raft.server.snapshot.retention.file.num = 5 (custom)
2023-01-10 01:13:15,917 [pool-352-thread-1] INFO  server.RaftServerConfigKeys (ConfUtils.java:logGet(46)) - raft.server.log.purge.upto.snapshot.index = false (default)
2023-01-10 01:13:15,922 [Command processor thread] INFO  commandhandler.CreatePipelineCommandHandler (CreatePipelineCommandHandler.java:handle(113)) - Created Pipeline RATIS THREE PipelineID=7597bae2-f410-4e03-881e-0aed3d946a03.
2023-01-10 01:13:15,922 [Command processor thread] INFO  server.RaftServer (RaftServerProxy.java:addNew(96)) - a30d3908-8fda-4427-9d38-ec2047457aa6: addNew group-4FE8910DBB79:[e4ed2f3a-5aa6-4459-b26c-0c4683a8ebc0|rpc:10.1.0.24:37887|dataStream:10.1.0.24:40887|priority:0|startupRole:FOLLOWER, aede9520-44de-4c1e-ace9-e9f99ab0d9a8|rpc:10.1.0.24:33135|dataStream:10.1.0.24:43115|priority:1|startupRole:FOLLOWER, a30d3908-8fda-4427-9d38-ec2047457aa6|rpc:10.1.0.24:42995|dataStream:10.1.0.24:33861|priority:0|startupRole:FOLLOWER] returns group-4FE8910DBB79:java.util.concurrent.CompletableFuture@4f323f2c[Not completed]
2023-01-10 01:13:15,923 [pool-306-thread-1] INFO  server.RaftServer$Division (RaftServerImpl.java:<init>(195)) - a30d3908-8fda-4427-9d38-ec2047457aa6: new RaftServerImpl for group-4FE8910DBB79:[e4ed2f3a-5aa6-4459-b26c-0c4683a8ebc0|rpc:10.1.0.24:37887|dataStream:10.1.0.24:40887|priority:0|startupRole:FOLLOWER, aede9520-44de-4c1e-ace9-e9f99ab0d9a8|rpc:10.1.0.24:33135|dataStream:10.1.0.24:43115|priority:1|startupRole:FOLLOWER, a30d3908-8fda-4427-9d38-ec2047457aa6|rpc:10.1.0.24:42995|dataStream:10.1.0.24:33861|priority:0|startupRole:FOLLOWER] with ContainerStateMachine:uninitialized
2023-01-10 01:13:15,923 [pool-306-thread-1] INFO  server.RaftServerConfigKeys (ConfUtils.java:logGet(46)) - raft.server.rpc.timeout.min = 5s (custom)
2023-01-10 01:13:15,923 [pool-306-thread-1] INFO  server.RaftServerConfigKeys (ConfUtils.java:logGet(46)) - raft.server.rpc.timeout.max = 5200ms (custom)
2023-01-10 01:13:15,923 [pool-306-thread-1] INFO  server.RaftServerConfigKeys (ConfUtils.java:logGet(46)) - raft.server.rpc.sleep.time = 25ms (default)
2023-01-10 01:13:15,923 [pool-306-thread-1] INFO  server.RaftServerConfigKeys (ConfUtils.java:logGet(46)) - raft.server.rpc.slowness.timeout = 300s (custom)
2023-01-10 01:13:15,923 [pool-306-thread-1] INFO  server.RaftServerConfigKeys (ConfUtils.java:logGet(46)) - raft.server.leaderelection.leader.step-down.wait-time = 10s (default)
2023-01-10 01:13:15,923 [pool-306-thread-1] INFO  server.RaftServerConfigKeys (ConfUtils.java:logGet(46)) - raft.server.sleep.deviation.threshold = 300ms (default)
2023-01-10 01:13:15,924 [pool-306-thread-1] INFO  server.RaftServer$Division (ServerState.java:<init>(118)) - a30d3908-8fda-4427-9d38-ec2047457aa6@group-4FE8910DBB79: ConfigurationManager, init=-1: peers:[e4ed2f3a-5aa6-4459-b26c-0c4683a8ebc0|rpc:10.1.0.24:37887|dataStream:10.1.0.24:40887|priority:0|startupRole:FOLLOWER, aede9520-44de-4c1e-ace9-e9f99ab0d9a8|rpc:10.1.0.24:33135|dataStream:10.1.0.24:43115|priority:1|startupRole:FOLLOWER, a30d3908-8fda-4427-9d38-ec2047457aa6|rpc:10.1.0.24:42995|dataStream:10.1.0.24:33861|priority:0|startupRole:FOLLOWER]|listeners:[], old=null, confs=<EMPTY_MAP>
2023-01-10 01:13:15,924 [pool-306-thread-1] INFO  server.RaftServerConfigKeys (ConfUtils.java:logGet(46)) - raft.server.storage.dir = [/home/runner/work/ozone/ozone/hadoop-ozone/integration-test/target/test-dir/MiniOzoneClusterImpl-87d91b25-fa0c-46b9-b442-f5a189e2cbc3/datanode-0/data/ratis] (custom)
2023-01-10 01:13:15,924 [pool-306-thread-1] INFO  server.RaftServerConfigKeys (ConfUtils.java:logGet(46)) - raft.server.log.corruption.policy = EXCEPTION (default)
2023-01-10 01:13:15,924 [pool-306-thread-1] INFO  server.RaftServerConfigKeys (ConfUtils.java:logGet(46)) - raft.server.storage.free-space.min = 0MB (=0) (default)
2023-01-10 01:13:15,924 [pool-306-thread-1] INFO  server.RaftServerConfigKeys (ConfUtils.java:logGet(46)) - raft.server.notification.no-leader.timeout = 300s (custom)
2023-01-10 01:13:15,924 [pool-306-thread-1] INFO  server.RaftServerConfigKeys (ConfUtils.java:logGet(46)) - raft.server.retrycache.expirytime = 600000ms (custom)
2023-01-10 01:13:15,924 [pool-306-thread-1] INFO  server.RaftServerConfigKeys (ConfUtils.java:logGet(46)) - raft.server.retrycache.statistics.expirytime = 100μs (default)
2023-01-10 01:13:15,924 [pool-306-thread-1] INFO  server.RaftServerConfigKeys (ConfUtils.java:logGet(46)) - raft.server.log.appender.install.snapshot.enabled = false (custom)
2023-01-10 01:13:15,924 [pool-306-thread-1] INFO  server.RaftServerConfigKeys (ConfUtils.java:logGet(46)) - raft.server.threadpool.server.cached = true (default)
2023-01-10 01:13:15,925 [pool-306-thread-1] INFO  server.RaftServerConfigKeys (ConfUtils.java:logGet(46)) - raft.server.threadpool.server.size = 0 (default)
2023-01-10 01:13:15,925 [pool-306-thread-1] INFO  server.RaftServerConfigKeys (ConfUtils.java:logGet(46)) - raft.server.threadpool.client.cached = true (default)
2023-01-10 01:13:15,925 [pool-306-thread-1] INFO  server.RaftServerConfigKeys (ConfUtils.java:logGet(46)) - raft.server.threadpool.client.size = 0 (default)
2023-01-10 01:13:15,925 [pool-306-thread-1] INFO  storage.RaftStorageDirectory (RaftStorageDirectoryImpl.java:analyzeStorage(137)) - The storage directory /home/runner/work/ozone/ozone/hadoop-ozone/integration-test/target/test-dir/MiniOzoneClusterImpl-87d91b25-fa0c-46b9-b442-f5a189e2cbc3/datanode-0/data/ratis/aa873c7d-7efd-4658-8f36-4fe8910dbb79 does not exist. Creating ...
2023-01-10 01:13:15,926 [pool-306-thread-1] INFO  storage.RaftStorageDirectory (RaftStorageDirectoryImpl.java:tryLock(231)) - Lock on /home/runner/work/ozone/ozone/hadoop-ozone/integration-test/target/test-dir/MiniOzoneClusterImpl-87d91b25-fa0c-46b9-b442-f5a189e2cbc3/datanode-0/data/ratis/aa873c7d-7efd-4658-8f36-4fe8910dbb79/in_use.lock acquired by nodename 10631@fv-az353-623
2023-01-10 01:13:15,928 [pool-306-thread-1] INFO  storage.RaftStorage (RaftStorageImpl.java:format(96)) - Storage directory /home/runner/work/ozone/ozone/hadoop-ozone/integration-test/target/test-dir/MiniOzoneClusterImpl-87d91b25-fa0c-46b9-b442-f5a189e2cbc3/datanode-0/data/ratis/aa873c7d-7efd-4658-8f36-4fe8910dbb79 has been successfully formatted.
2023-01-10 01:13:15,930 [pool-306-thread-1] INFO  ratis.ContainerStateMachine (ContainerStateMachine.java:loadSnapshot(240)) - group-4FE8910DBB79: The snapshot info is null. Setting the last applied indexto:(t:0, i:~)
2023-01-10 01:13:15,930 [pool-306-thread-1] INFO  server.RaftServerConfigKeys (ConfUtils.java:logGet(46)) - raft.server.log.use.memory = false (default)
2023-01-10 01:13:15,930 [pool-306-thread-1] INFO  server.RaftServerConfigKeys (ConfUtils.java:logGet(46)) - raft.server.log.purge.gap = 1000000 (custom)
2023-01-10 01:13:15,930 [pool-306-thread-1] INFO  server.RaftServerConfigKeys (ConfUtils.java:logGet(46)) - raft.server.log.appender.buffer.byte-limit = 33554432 (custom)
2023-01-10 01:13:15,930 [EventQueue-OpenPipelineForHealthyPipelineSafeModeRule] INFO  safemode.SCMSafeModeManager (HealthyPipelineSafeModeRule.java:process(137)) - SCM in safe mode. Healthy pipelines reported count is 0, required healthy pipeline reported count is 1
2023-01-10 01:13:15,931 [pool-306-thread-1] INFO  server.RaftServerConfigKeys (ConfUtils.java:logGet(46)) - raft.server.log.statemachine.data.read.timeout = 1000ms (default)
2023-01-10 01:13:15,931 [pool-306-thread-1] INFO  server.RaftServerConfigKeys (ConfUtils.java:logGet(46)) - raft.server.log.purge.preservation.log.num = 0 (default)
2023-01-10 01:13:15,931 [pool-306-thread-1] INFO  server.RaftServerConfigKeys (ConfUtils.java:logGet(46)) - raft.server.log.segment.size.max = 1048576 (custom)
2023-01-10 01:13:15,931 [pool-306-thread-1] INFO  server.RaftServerConfigKeys (ConfUtils.java:logGet(46)) - raft.server.log.segment.cache.num.max = 2 (custom)
2023-01-10 01:13:15,931 [pool-306-thread-1] INFO  server.RaftServerConfigKeys (ConfUtils.java:logGet(46)) - raft.server.log.segment.cache.size.max = 200MB (=209715200) (default)
2023-01-10 01:13:15,931 [pool-306-thread-1] INFO  segmented.SegmentedRaftLogWorker (SegmentedRaftLogWorker.java:<init>(189)) - new a30d3908-8fda-4427-9d38-ec2047457aa6@group-4FE8910DBB79-SegmentedRaftLogWorker for RaftStorageImpl:Storage Directory /home/runner/work/ozone/ozone/hadoop-ozone/integration-test/target/test-dir/MiniOzoneClusterImpl-87d91b25-fa0c-46b9-b442-f5a189e2cbc3/datanode-0/data/ratis/aa873c7d-7efd-4658-8f36-4fe8910dbb79
2023-01-10 01:13:15,931 [pool-306-thread-1] INFO  server.RaftServerConfigKeys (ConfUtils.java:logGet(46)) - raft.server.log.queue.byte-limit = 4294967296 (custom)
2023-01-10 01:13:15,931 [pool-306-thread-1] INFO  server.RaftServerConfigKeys (ConfUtils.java:logGet(46)) - raft.server.log.queue.element-limit = 1024 (custom)
2023-01-10 01:13:15,931 [pool-306-thread-1] INFO  server.RaftServerConfigKeys (ConfUtils.java:logGet(46)) - raft.server.log.segment.size.max = 1048576 (custom)
2023-01-10 01:13:15,932 [pool-306-thread-1] INFO  server.RaftServerConfigKeys (ConfUtils.java:logGet(46)) - raft.server.log.preallocated.size = 16384 (custom)
2023-01-10 01:13:15,932 [pool-306-thread-1] INFO  server.RaftServerConfigKeys (ConfUtils.java:logGet(46)) - raft.server.log.force.sync.num = 128 (default)
2023-01-10 01:13:15,932 [pool-306-thread-1] INFO  server.RaftServerConfigKeys (ConfUtils.java:logGet(46)) - raft.server.log.statemachine.data.sync = true (default)
2023-01-10 01:13:15,932 [pool-306-thread-1] INFO  server.RaftServerConfigKeys (ConfUtils.java:logGet(46)) - raft.server.log.statemachine.data.sync.timeout = 10s (default)
2023-01-10 01:13:15,932 [pool-306-thread-1] INFO  server.RaftServerConfigKeys (ConfUtils.java:logGet(46)) - raft.server.log.statemachine.data.sync.timeout.retry = -1 (default)
2023-01-10 01:13:15,932 [pool-306-thread-1] INFO  server.RaftServerConfigKeys (ConfUtils.java:logGet(46)) - raft.server.log.write.buffer.size = 1048576 (custom)
2023-01-10 01:13:15,933 [pool-306-thread-1] INFO  server.RaftServerConfigKeys (ConfUtils.java:logGet(46)) - raft.server.log.appender.buffer.byte-limit = 33554432 (custom)
2023-01-10 01:13:15,938 [pool-306-thread-1] INFO  server.RaftServerConfigKeys (ConfUtils.java:logGet(46)) - raft.server.log.unsafe-flush.enabled = false (default)
2023-01-10 01:13:15,938 [pool-306-thread-1] INFO  server.RaftServerConfigKeys (ConfUtils.java:logGet(46)) - raft.server.log.async-flush.enabled = false (default)
2023-01-10 01:13:15,938 [pool-306-thread-1] INFO  server.RaftServerConfigKeys (ConfUtils.java:logGet(46)) - raft.server.log.statemachine.data.caching.enabled = true (custom)
2023-01-10 01:13:15,938 [pool-306-thread-1] INFO  segmented.SegmentedRaftLogWorker (SegmentedRaftLogWorker.java:lambda$new$0(135)) - a30d3908-8fda-4427-9d38-ec2047457aa6@group-4FE8910DBB79-SegmentedRaftLogWorker: flushIndex: setUnconditionally 0 -> -1
2023-01-10 01:13:15,939 [pool-306-thread-1] INFO  segmented.SegmentedRaftLogWorker (SegmentedRaftLogWorker.java:lambda$new$0(135)) - a30d3908-8fda-4427-9d38-ec2047457aa6@group-4FE8910DBB79-SegmentedRaftLogWorker: safeCacheEvictIndex: setUnconditionally 0 -> -1
2023-01-10 01:13:15,939 [pool-306-thread-1] INFO  server.RaftServer$Division (RaftServerImpl.java:start(334)) - a30d3908-8fda-4427-9d38-ec2047457aa6@group-4FE8910DBB79: start as a follower, conf=-1: peers:[e4ed2f3a-5aa6-4459-b26c-0c4683a8ebc0|rpc:10.1.0.24:37887|dataStream:10.1.0.24:40887|priority:0|startupRole:FOLLOWER, aede9520-44de-4c1e-ace9-e9f99ab0d9a8|rpc:10.1.0.24:33135|dataStream:10.1.0.24:43115|priority:1|startupRole:FOLLOWER, a30d3908-8fda-4427-9d38-ec2047457aa6|rpc:10.1.0.24:42995|dataStream:10.1.0.24:33861|priority:0|startupRole:FOLLOWER]|listeners:[], old=null
2023-01-10 01:13:15,939 [pool-306-thread-1] INFO  server.RaftServer$Division (RaftServerImpl.java:setRole(321)) - a30d3908-8fda-4427-9d38-ec2047457aa6@group-4FE8910DBB79: changes role from      null to FOLLOWER at term 0 for startAsFollower
2023-01-10 01:13:15,939 [pool-306-thread-1] INFO  impl.RoleInfo (RoleInfo.java:updateAndGet(139)) - a30d3908-8fda-4427-9d38-ec2047457aa6: start a30d3908-8fda-4427-9d38-ec2047457aa6@group-4FE8910DBB79-FollowerState
2023-01-10 01:13:15,940 [pool-306-thread-1] INFO  util.JmxRegister (JmxRegister.java:tryRegister(44)) - Successfully registered JMX Bean with object name Ratis:service=RaftServer,group=group-4FE8910DBB79,id=a30d3908-8fda-4427-9d38-ec2047457aa6
2023-01-10 01:13:15,940 [pool-306-thread-1] INFO  server.RaftServerConfigKeys (ConfUtils.java:logGet(46)) - raft.server.snapshot.auto.trigger.enabled = true (custom)
2023-01-10 01:13:15,940 [pool-306-thread-1] INFO  server.RaftServerConfigKeys (ConfUtils.java:logGet(46)) - raft.server.snapshot.auto.trigger.threshold = 10000 (custom)
2023-01-10 01:13:15,940 [pool-306-thread-1] INFO  server.RaftServerConfigKeys (ConfUtils.java:logGet(46)) - raft.server.snapshot.retention.file.num = 5 (custom)
2023-01-10 01:13:15,940 [pool-306-thread-1] INFO  server.RaftServerConfigKeys (ConfUtils.java:logGet(46)) - raft.server.log.purge.upto.snapshot.index = false (default)
2023-01-10 01:13:15,940 [a30d3908-8fda-4427-9d38-ec2047457aa6@group-4FE8910DBB79-FollowerState] INFO  server.RaftServerConfigKeys (ConfUtils.java:logFallback(53)) - raft.server.rpc.first-election.timeout.min = 5s (fallback to raft.server.rpc.timeout.min)
2023-01-10 01:13:15,940 [a30d3908-8fda-4427-9d38-ec2047457aa6@group-4FE8910DBB79-FollowerState] INFO  server.RaftServerConfigKeys (ConfUtils.java:logFallback(53)) - raft.server.rpc.first-election.timeout.max = 5200ms (fallback to raft.server.rpc.timeout.max)
2023-01-10 01:13:15,945 [Command processor thread] INFO  ratis.XceiverServerRatis (XceiverServerRatis.java:addGroup(806)) - Created group PipelineID=aa873c7d-7efd-4658-8f36-4fe8910dbb79
2023-01-10 01:13:15,955 [grpc-default-executor-0] INFO  server.RaftServer (RaftServerProxy.java:addNew(96)) - aede9520-44de-4c1e-ace9-e9f99ab0d9a8: addNew group-4FE8910DBB79:[e4ed2f3a-5aa6-4459-b26c-0c4683a8ebc0|rpc:10.1.0.24:37887|dataStream:10.1.0.24:40887|priority:0|startupRole:FOLLOWER, aede9520-44de-4c1e-ace9-e9f99ab0d9a8|rpc:10.1.0.24:33135|dataStream:10.1.0.24:43115|priority:1|startupRole:FOLLOWER, a30d3908-8fda-4427-9d38-ec2047457aa6|rpc:10.1.0.24:42995|dataStream:10.1.0.24:33861|priority:0|startupRole:FOLLOWER] returns group-4FE8910DBB79:java.util.concurrent.CompletableFuture@30ed4387[Not completed]
2023-01-10 01:13:15,955 [pool-352-thread-1] INFO  server.RaftServer$Division (RaftServerImpl.java:<init>(195)) - aede9520-44de-4c1e-ace9-e9f99ab0d9a8: new RaftServerImpl for group-4FE8910DBB79:[e4ed2f3a-5aa6-4459-b26c-0c4683a8ebc0|rpc:10.1.0.24:37887|dataStream:10.1.0.24:40887|priority:0|startupRole:FOLLOWER, aede9520-44de-4c1e-ace9-e9f99ab0d9a8|rpc:10.1.0.24:33135|dataStream:10.1.0.24:43115|priority:1|startupRole:FOLLOWER, a30d3908-8fda-4427-9d38-ec2047457aa6|rpc:10.1.0.24:42995|dataStream:10.1.0.24:33861|priority:0|startupRole:FOLLOWER] with ContainerStateMachine:uninitialized
2023-01-10 01:13:15,956 [pool-352-thread-1] INFO  server.RaftServerConfigKeys (ConfUtils.java:logGet(46)) - raft.server.rpc.timeout.min = 5s (custom)
2023-01-10 01:13:15,956 [pool-352-thread-1] INFO  server.RaftServerConfigKeys (ConfUtils.java:logGet(46)) - raft.server.rpc.timeout.max = 5200ms (custom)
2023-01-10 01:13:15,956 [pool-352-thread-1] INFO  server.RaftServerConfigKeys (ConfUtils.java:logGet(46)) - raft.server.rpc.sleep.time = 25ms (default)
2023-01-10 01:13:15,956 [pool-352-thread-1] INFO  server.RaftServerConfigKeys (ConfUtils.java:logGet(46)) - raft.server.rpc.slowness.timeout = 300s (custom)
2023-01-10 01:13:15,956 [pool-352-thread-1] INFO  server.RaftServerConfigKeys (ConfUtils.java:logGet(46)) - raft.server.leaderelection.leader.step-down.wait-time = 10s (default)
2023-01-10 01:13:15,956 [pool-352-thread-1] INFO  server.RaftServerConfigKeys (ConfUtils.java:logGet(46)) - raft.server.sleep.deviation.threshold = 300ms (default)
2023-01-10 01:13:15,956 [pool-352-thread-1] INFO  server.RaftServer$Division (ServerState.java:<init>(118)) - aede9520-44de-4c1e-ace9-e9f99ab0d9a8@group-4FE8910DBB79: ConfigurationManager, init=-1: peers:[e4ed2f3a-5aa6-4459-b26c-0c4683a8ebc0|rpc:10.1.0.24:37887|dataStream:10.1.0.24:40887|priority:0|startupRole:FOLLOWER, aede9520-44de-4c1e-ace9-e9f99ab0d9a8|rpc:10.1.0.24:33135|dataStream:10.1.0.24:43115|priority:1|startupRole:FOLLOWER, a30d3908-8fda-4427-9d38-ec2047457aa6|rpc:10.1.0.24:42995|dataStream:10.1.0.24:33861|priority:0|startupRole:FOLLOWER]|listeners:[], old=null, confs=<EMPTY_MAP>
2023-01-10 01:13:15,956 [pool-352-thread-1] INFO  server.RaftServerConfigKeys (ConfUtils.java:logGet(46)) - raft.server.storage.dir = [/home/runner/work/ozone/ozone/hadoop-ozone/integration-test/target/test-dir/MiniOzoneClusterImpl-87d91b25-fa0c-46b9-b442-f5a189e2cbc3/datanode-2/data/ratis] (custom)
2023-01-10 01:13:15,956 [pool-352-thread-1] INFO  server.RaftServerConfigKeys (ConfUtils.java:logGet(46)) - raft.server.log.corruption.policy = EXCEPTION (default)
2023-01-10 01:13:15,956 [pool-352-thread-1] INFO  server.RaftServerConfigKeys (ConfUtils.java:logGet(46)) - raft.server.storage.free-space.min = 0MB (=0) (default)
2023-01-10 01:13:15,956 [pool-352-thread-1] INFO  server.RaftServerConfigKeys (ConfUtils.java:logGet(46)) - raft.server.notification.no-leader.timeout = 300s (custom)
2023-01-10 01:13:15,956 [pool-352-thread-1] INFO  server.RaftServerConfigKeys (ConfUtils.java:logGet(46)) - raft.server.retrycache.expirytime = 600000ms (custom)
2023-01-10 01:13:15,956 [pool-352-thread-1] INFO  server.RaftServerConfigKeys (ConfUtils.java:logGet(46)) - raft.server.retrycache.statistics.expirytime = 100μs (default)
2023-01-10 01:13:15,957 [pool-352-thread-1] INFO  server.RaftServerConfigKeys (ConfUtils.java:logGet(46)) - raft.server.log.appender.install.snapshot.enabled = false (custom)
2023-01-10 01:13:15,957 [pool-352-thread-1] INFO  server.RaftServerConfigKeys (ConfUtils.java:logGet(46)) - raft.server.threadpool.server.cached = true (default)
2023-01-10 01:13:15,957 [pool-352-thread-1] INFO  server.RaftServerConfigKeys (ConfUtils.java:logGet(46)) - raft.server.threadpool.server.size = 0 (default)
2023-01-10 01:13:15,957 [pool-352-thread-1] INFO  server.RaftServerConfigKeys (ConfUtils.java:logGet(46)) - raft.server.threadpool.client.cached = true (default)
2023-01-10 01:13:15,957 [pool-352-thread-1] INFO  server.RaftServerConfigKeys (ConfUtils.java:logGet(46)) - raft.server.threadpool.client.size = 0 (default)
2023-01-10 01:13:15,957 [pool-352-thread-1] INFO  storage.RaftStorageDirectory (RaftStorageDirectoryImpl.java:analyzeStorage(137)) - The storage directory /home/runner/work/ozone/ozone/hadoop-ozone/integration-test/target/test-dir/MiniOzoneClusterImpl-87d91b25-fa0c-46b9-b442-f5a189e2cbc3/datanode-2/data/ratis/aa873c7d-7efd-4658-8f36-4fe8910dbb79 does not exist. Creating ...
2023-01-10 01:13:15,958 [pool-352-thread-1] INFO  storage.RaftStorageDirectory (RaftStorageDirectoryImpl.java:tryLock(231)) - Lock on /home/runner/work/ozone/ozone/hadoop-ozone/integration-test/target/test-dir/MiniOzoneClusterImpl-87d91b25-fa0c-46b9-b442-f5a189e2cbc3/datanode-2/data/ratis/aa873c7d-7efd-4658-8f36-4fe8910dbb79/in_use.lock acquired by nodename 10631@fv-az353-623
2023-01-10 01:13:15,960 [pool-352-thread-1] INFO  storage.RaftStorage (RaftStorageImpl.java:format(96)) - Storage directory /home/runner/work/ozone/ozone/hadoop-ozone/integration-test/target/test-dir/MiniOzoneClusterImpl-87d91b25-fa0c-46b9-b442-f5a189e2cbc3/datanode-2/data/ratis/aa873c7d-7efd-4658-8f36-4fe8910dbb79 has been successfully formatted.
2023-01-10 01:13:15,960 [pool-352-thread-1] INFO  ratis.ContainerStateMachine (ContainerStateMachine.java:loadSnapshot(240)) - group-4FE8910DBB79: The snapshot info is null. Setting the last applied indexto:(t:0, i:~)
2023-01-10 01:13:15,960 [pool-352-thread-1] INFO  server.RaftServerConfigKeys (ConfUtils.java:logGet(46)) - raft.server.log.use.memory = false (default)
2023-01-10 01:13:15,960 [pool-352-thread-1] INFO  server.RaftServerConfigKeys (ConfUtils.java:logGet(46)) - raft.server.log.purge.gap = 1000000 (custom)
2023-01-10 01:13:15,960 [pool-352-thread-1] INFO  server.RaftServerConfigKeys (ConfUtils.java:logGet(46)) - raft.server.log.appender.buffer.byte-limit = 33554432 (custom)
2023-01-10 01:13:15,960 [pool-352-thread-1] INFO  server.RaftServerConfigKeys (ConfUtils.java:logGet(46)) - raft.server.log.statemachine.data.read.timeout = 1000ms (default)
2023-01-10 01:13:15,960 [pool-352-thread-1] INFO  server.RaftServerConfigKeys (ConfUtils.java:logGet(46)) - raft.server.log.purge.preservation.log.num = 0 (default)
2023-01-10 01:13:15,960 [pool-352-thread-1] INFO  server.RaftServerConfigKeys (ConfUtils.java:logGet(46)) - raft.server.log.segment.size.max = 1048576 (custom)
2023-01-10 01:13:15,961 [pool-352-thread-1] INFO  server.RaftServerConfigKeys (ConfUtils.java:logGet(46)) - raft.server.log.segment.cache.num.max = 2 (custom)
2023-01-10 01:13:15,961 [pool-352-thread-1] INFO  server.RaftServerConfigKeys (ConfUtils.java:logGet(46)) - raft.server.log.segment.cache.size.max = 200MB (=209715200) (default)
2023-01-10 01:13:15,961 [pool-352-thread-1] INFO  segmented.SegmentedRaftLogWorker (SegmentedRaftLogWorker.java:<init>(189)) - new aede9520-44de-4c1e-ace9-e9f99ab0d9a8@group-4FE8910DBB79-SegmentedRaftLogWorker for RaftStorageImpl:Storage Directory /home/runner/work/ozone/ozone/hadoop-ozone/integration-test/target/test-dir/MiniOzoneClusterImpl-87d91b25-fa0c-46b9-b442-f5a189e2cbc3/datanode-2/data/ratis/aa873c7d-7efd-4658-8f36-4fe8910dbb79
2023-01-10 01:13:15,961 [pool-352-thread-1] INFO  server.RaftServerConfigKeys (ConfUtils.java:logGet(46)) - raft.server.log.queue.byte-limit = 4294967296 (custom)
2023-01-10 01:13:15,961 [pool-352-thread-1] INFO  server.RaftServerConfigKeys (ConfUtils.java:logGet(46)) - raft.server.log.queue.element-limit = 1024 (custom)
2023-01-10 01:13:15,961 [pool-352-thread-1] INFO  server.RaftServerConfigKeys (ConfUtils.java:logGet(46)) - raft.server.log.segment.size.max = 1048576 (custom)
2023-01-10 01:13:15,961 [pool-352-thread-1] INFO  server.RaftServerConfigKeys (ConfUtils.java:logGet(46)) - raft.server.log.preallocated.size = 16384 (custom)
2023-01-10 01:13:15,961 [pool-352-thread-1] INFO  server.RaftServerConfigKeys (ConfUtils.java:logGet(46)) - raft.server.log.force.sync.num = 128 (default)
2023-01-10 01:13:15,961 [pool-352-thread-1] INFO  server.RaftServerConfigKeys (ConfUtils.java:logGet(46)) - raft.server.log.statemachine.data.sync = true (default)
2023-01-10 01:13:15,961 [pool-352-thread-1] INFO  server.RaftServerConfigKeys (ConfUtils.java:logGet(46)) - raft.server.log.statemachine.data.sync.timeout = 10s (default)
2023-01-10 01:13:15,961 [pool-352-thread-1] INFO  server.RaftServerConfigKeys (ConfUtils.java:logGet(46)) - raft.server.log.statemachine.data.sync.timeout.retry = -1 (default)
2023-01-10 01:13:15,961 [pool-352-thread-1] INFO  server.RaftServerConfigKeys (ConfUtils.java:logGet(46)) - raft.server.log.write.buffer.size = 1048576 (custom)
2023-01-10 01:13:15,962 [pool-352-thread-1] INFO  server.RaftServerConfigKeys (ConfUtils.java:logGet(46)) - raft.server.log.appender.buffer.byte-limit = 33554432 (custom)
2023-01-10 01:13:15,968 [pool-352-thread-1] INFO  server.RaftServerConfigKeys (ConfUtils.java:logGet(46)) - raft.server.log.unsafe-flush.enabled = false (default)
2023-01-10 01:13:15,968 [pool-352-thread-1] INFO  server.RaftServerConfigKeys (ConfUtils.java:logGet(46)) - raft.server.log.async-flush.enabled = false (default)
2023-01-10 01:13:15,968 [pool-352-thread-1] INFO  server.RaftServerConfigKeys (ConfUtils.java:logGet(46)) - raft.server.log.statemachine.data.caching.enabled = true (custom)
2023-01-10 01:13:15,968 [pool-352-thread-1] INFO  segmented.SegmentedRaftLogWorker (SegmentedRaftLogWorker.java:lambda$new$0(135)) - aede9520-44de-4c1e-ace9-e9f99ab0d9a8@group-4FE8910DBB79-SegmentedRaftLogWorker: flushIndex: setUnconditionally 0 -> -1
2023-01-10 01:13:15,968 [pool-352-thread-1] INFO  segmented.SegmentedRaftLogWorker (SegmentedRaftLogWorker.java:lambda$new$0(135)) - aede9520-44de-4c1e-ace9-e9f99ab0d9a8@group-4FE8910DBB79-SegmentedRaftLogWorker: safeCacheEvictIndex: setUnconditionally 0 -> -1
2023-01-10 01:13:15,968 [pool-352-thread-1] INFO  server.RaftServer$Division (RaftServerImpl.java:start(334)) - aede9520-44de-4c1e-ace9-e9f99ab0d9a8@group-4FE8910DBB79: start as a follower, conf=-1: peers:[e4ed2f3a-5aa6-4459-b26c-0c4683a8ebc0|rpc:10.1.0.24:37887|dataStream:10.1.0.24:40887|priority:0|startupRole:FOLLOWER, aede9520-44de-4c1e-ace9-e9f99ab0d9a8|rpc:10.1.0.24:33135|dataStream:10.1.0.24:43115|priority:1|startupRole:FOLLOWER, a30d3908-8fda-4427-9d38-ec2047457aa6|rpc:10.1.0.24:42995|dataStream:10.1.0.24:33861|priority:0|startupRole:FOLLOWER]|listeners:[], old=null
2023-01-10 01:13:15,968 [pool-352-thread-1] INFO  server.RaftServer$Division (RaftServerImpl.java:setRole(321)) - aede9520-44de-4c1e-ace9-e9f99ab0d9a8@group-4FE8910DBB79: changes role from      null to FOLLOWER at term 0 for startAsFollower
2023-01-10 01:13:15,968 [pool-352-thread-1] INFO  impl.RoleInfo (RoleInfo.java:updateAndGet(139)) - aede9520-44de-4c1e-ace9-e9f99ab0d9a8: start aede9520-44de-4c1e-ace9-e9f99ab0d9a8@group-4FE8910DBB79-FollowerState
2023-01-10 01:13:15,969 [pool-352-thread-1] INFO  util.JmxRegister (JmxRegister.java:tryRegister(44)) - Successfully registered JMX Bean with object name Ratis:service=RaftServer,group=group-4FE8910DBB79,id=aede9520-44de-4c1e-ace9-e9f99ab0d9a8
2023-01-10 01:13:15,969 [pool-352-thread-1] INFO  server.RaftServerConfigKeys (ConfUtils.java:logGet(46)) - raft.server.snapshot.auto.trigger.enabled = true (custom)
2023-01-10 01:13:15,969 [pool-352-thread-1] INFO  server.RaftServerConfigKeys (ConfUtils.java:logGet(46)) - raft.server.snapshot.auto.trigger.threshold = 10000 (custom)
2023-01-10 01:13:15,969 [pool-352-thread-1] INFO  server.RaftServerConfigKeys (ConfUtils.java:logGet(46)) - raft.server.snapshot.retention.file.num = 5 (custom)
2023-01-10 01:13:15,969 [pool-352-thread-1] INFO  server.RaftServerConfigKeys (ConfUtils.java:logGet(46)) - raft.server.log.purge.upto.snapshot.index = false (default)
2023-01-10 01:13:15,969 [aede9520-44de-4c1e-ace9-e9f99ab0d9a8@group-4FE8910DBB79-FollowerState] INFO  server.RaftServerConfigKeys (ConfUtils.java:logFallback(53)) - raft.server.rpc.first-election.timeout.min = 5s (fallback to raft.server.rpc.timeout.min)
2023-01-10 01:13:15,969 [aede9520-44de-4c1e-ace9-e9f99ab0d9a8@group-4FE8910DBB79-FollowerState] INFO  server.RaftServerConfigKeys (ConfUtils.java:logFallback(53)) - raft.server.rpc.first-election.timeout.max = 5200ms (fallback to raft.server.rpc.timeout.max)
2023-01-10 01:13:15,980 [grpc-default-executor-0] INFO  server.RaftServer (RaftServerProxy.java:addNew(96)) - e4ed2f3a-5aa6-4459-b26c-0c4683a8ebc0: addNew group-4FE8910DBB79:[e4ed2f3a-5aa6-4459-b26c-0c4683a8ebc0|rpc:10.1.0.24:37887|dataStream:10.1.0.24:40887|priority:0|startupRole:FOLLOWER, aede9520-44de-4c1e-ace9-e9f99ab0d9a8|rpc:10.1.0.24:33135|dataStream:10.1.0.24:43115|priority:1|startupRole:FOLLOWER, a30d3908-8fda-4427-9d38-ec2047457aa6|rpc:10.1.0.24:42995|dataStream:10.1.0.24:33861|priority:0|startupRole:FOLLOWER] returns group-4FE8910DBB79:java.util.concurrent.CompletableFuture@58596954[Not completed]
2023-01-10 01:13:15,981 [pool-329-thread-1] INFO  server.RaftServer$Division (RaftServerImpl.java:<init>(195)) - e4ed2f3a-5aa6-4459-b26c-0c4683a8ebc0: new RaftServerImpl for group-4FE8910DBB79:[e4ed2f3a-5aa6-4459-b26c-0c4683a8ebc0|rpc:10.1.0.24:37887|dataStream:10.1.0.24:40887|priority:0|startupRole:FOLLOWER, aede9520-44de-4c1e-ace9-e9f99ab0d9a8|rpc:10.1.0.24:33135|dataStream:10.1.0.24:43115|priority:1|startupRole:FOLLOWER, a30d3908-8fda-4427-9d38-ec2047457aa6|rpc:10.1.0.24:42995|dataStream:10.1.0.24:33861|priority:0|startupRole:FOLLOWER] with ContainerStateMachine:uninitialized
2023-01-10 01:13:15,981 [pool-329-thread-1] INFO  server.RaftServerConfigKeys (ConfUtils.java:logGet(46)) - raft.server.rpc.timeout.min = 5s (custom)
2023-01-10 01:13:15,981 [pool-329-thread-1] INFO  server.RaftServerConfigKeys (ConfUtils.java:logGet(46)) - raft.server.rpc.timeout.max = 5200ms (custom)
2023-01-10 01:13:15,981 [pool-329-thread-1] INFO  server.RaftServerConfigKeys (ConfUtils.java:logGet(46)) - raft.server.rpc.sleep.time = 25ms (default)
2023-01-10 01:13:15,981 [pool-329-thread-1] INFO  server.RaftServerConfigKeys (ConfUtils.java:logGet(46)) - raft.server.rpc.slowness.timeout = 300s (custom)
2023-01-10 01:13:15,981 [pool-329-thread-1] INFO  server.RaftServerConfigKeys (ConfUtils.java:logGet(46)) - raft.server.leaderelection.leader.step-down.wait-time = 10s (default)
2023-01-10 01:13:15,981 [pool-329-thread-1] INFO  server.RaftServerConfigKeys (ConfUtils.java:logGet(46)) - raft.server.sleep.deviation.threshold = 300ms (default)
2023-01-10 01:13:15,981 [pool-329-thread-1] INFO  server.RaftServer$Division (ServerState.java:<init>(118)) - e4ed2f3a-5aa6-4459-b26c-0c4683a8ebc0@group-4FE8910DBB79: ConfigurationManager, init=-1: peers:[e4ed2f3a-5aa6-4459-b26c-0c4683a8ebc0|rpc:10.1.0.24:37887|dataStream:10.1.0.24:40887|priority:0|startupRole:FOLLOWER, aede9520-44de-4c1e-ace9-e9f99ab0d9a8|rpc:10.1.0.24:33135|dataStream:10.1.0.24:43115|priority:1|startupRole:FOLLOWER, a30d3908-8fda-4427-9d38-ec2047457aa6|rpc:10.1.0.24:42995|dataStream:10.1.0.24:33861|priority:0|startupRole:FOLLOWER]|listeners:[], old=null, confs=<EMPTY_MAP>
2023-01-10 01:13:15,982 [pool-329-thread-1] INFO  server.RaftServerConfigKeys (ConfUtils.java:logGet(46)) - raft.server.storage.dir = [/home/runner/work/ozone/ozone/hadoop-ozone/integration-test/target/test-dir/MiniOzoneClusterImpl-87d91b25-fa0c-46b9-b442-f5a189e2cbc3/datanode-1/data/ratis] (custom)
2023-01-10 01:13:15,982 [pool-329-thread-1] INFO  server.RaftServerConfigKeys (ConfUtils.java:logGet(46)) - raft.server.log.corruption.policy = EXCEPTION (default)
2023-01-10 01:13:15,982 [pool-329-thread-1] INFO  server.RaftServerConfigKeys (ConfUtils.java:logGet(46)) - raft.server.storage.free-space.min = 0MB (=0) (default)
2023-01-10 01:13:15,982 [pool-329-thread-1] INFO  server.RaftServerConfigKeys (ConfUtils.java:logGet(46)) - raft.server.notification.no-leader.timeout = 300s (custom)
2023-01-10 01:13:15,982 [pool-329-thread-1] INFO  server.RaftServerConfigKeys (ConfUtils.java:logGet(46)) - raft.server.retrycache.expirytime = 600000ms (custom)
2023-01-10 01:13:15,982 [pool-329-thread-1] INFO  server.RaftServerConfigKeys (ConfUtils.java:logGet(46)) - raft.server.retrycache.statistics.expirytime = 100μs (default)
2023-01-10 01:13:15,982 [pool-329-thread-1] INFO  server.RaftServerConfigKeys (ConfUtils.java:logGet(46)) - raft.server.log.appender.install.snapshot.enabled = false (custom)
2023-01-10 01:13:15,982 [pool-329-thread-1] INFO  server.RaftServerConfigKeys (ConfUtils.java:logGet(46)) - raft.server.threadpool.server.cached = true (default)
2023-01-10 01:13:15,982 [pool-329-thread-1] INFO  server.RaftServerConfigKeys (ConfUtils.java:logGet(46)) - raft.server.threadpool.server.size = 0 (default)
2023-01-10 01:13:15,982 [pool-329-thread-1] INFO  server.RaftServerConfigKeys (ConfUtils.java:logGet(46)) - raft.server.threadpool.client.cached = true (default)
2023-01-10 01:13:15,982 [pool-329-thread-1] INFO  server.RaftServerConfigKeys (ConfUtils.java:logGet(46)) - raft.server.threadpool.client.size = 0 (default)
2023-01-10 01:13:15,983 [pool-329-thread-1] INFO  storage.RaftStorageDirectory (RaftStorageDirectoryImpl.java:analyzeStorage(137)) - The storage directory /home/runner/work/ozone/ozone/hadoop-ozone/integration-test/target/test-dir/MiniOzoneClusterImpl-87d91b25-fa0c-46b9-b442-f5a189e2cbc3/datanode-1/data/ratis/aa873c7d-7efd-4658-8f36-4fe8910dbb79 does not exist. Creating ...
2023-01-10 01:13:15,984 [pool-329-thread-1] INFO  storage.RaftStorageDirectory (RaftStorageDirectoryImpl.java:tryLock(231)) - Lock on /home/runner/work/ozone/ozone/hadoop-ozone/integration-test/target/test-dir/MiniOzoneClusterImpl-87d91b25-fa0c-46b9-b442-f5a189e2cbc3/datanode-1/data/ratis/aa873c7d-7efd-4658-8f36-4fe8910dbb79/in_use.lock acquired by nodename 10631@fv-az353-623
2023-01-10 01:13:15,985 [pool-329-thread-1] INFO  storage.RaftStorage (RaftStorageImpl.java:format(96)) - Storage directory /home/runner/work/ozone/ozone/hadoop-ozone/integration-test/target/test-dir/MiniOzoneClusterImpl-87d91b25-fa0c-46b9-b442-f5a189e2cbc3/datanode-1/data/ratis/aa873c7d-7efd-4658-8f36-4fe8910dbb79 has been successfully formatted.
2023-01-10 01:13:15,986 [pool-329-thread-1] INFO  ratis.ContainerStateMachine (ContainerStateMachine.java:loadSnapshot(240)) - group-4FE8910DBB79: The snapshot info is null. Setting the last applied indexto:(t:0, i:~)
2023-01-10 01:13:15,986 [pool-329-thread-1] INFO  server.RaftServerConfigKeys (ConfUtils.java:logGet(46)) - raft.server.log.use.memory = false (default)
2023-01-10 01:13:15,987 [pool-329-thread-1] INFO  server.RaftServerConfigKeys (ConfUtils.java:logGet(46)) - raft.server.log.purge.gap = 1000000 (custom)
2023-01-10 01:13:15,987 [pool-329-thread-1] INFO  server.RaftServerConfigKeys (ConfUtils.java:logGet(46)) - raft.server.log.appender.buffer.byte-limit = 33554432 (custom)
2023-01-10 01:13:15,987 [pool-329-thread-1] INFO  server.RaftServerConfigKeys (ConfUtils.java:logGet(46)) - raft.server.log.statemachine.data.read.timeout = 1000ms (default)
2023-01-10 01:13:15,987 [pool-329-thread-1] INFO  server.RaftServerConfigKeys (ConfUtils.java:logGet(46)) - raft.server.log.purge.preservation.log.num = 0 (default)
2023-01-10 01:13:15,987 [pool-329-thread-1] INFO  server.RaftServerConfigKeys (ConfUtils.java:logGet(46)) - raft.server.log.segment.size.max = 1048576 (custom)
2023-01-10 01:13:15,987 [pool-329-thread-1] INFO  server.RaftServerConfigKeys (ConfUtils.java:logGet(46)) - raft.server.log.segment.cache.num.max = 2 (custom)
2023-01-10 01:13:15,987 [pool-329-thread-1] INFO  server.RaftServerConfigKeys (ConfUtils.java:logGet(46)) - raft.server.log.segment.cache.size.max = 200MB (=209715200) (default)
2023-01-10 01:13:15,987 [pool-329-thread-1] INFO  segmented.SegmentedRaftLogWorker (SegmentedRaftLogWorker.java:<init>(189)) - new e4ed2f3a-5aa6-4459-b26c-0c4683a8ebc0@group-4FE8910DBB79-SegmentedRaftLogWorker for RaftStorageImpl:Storage Directory /home/runner/work/ozone/ozone/hadoop-ozone/integration-test/target/test-dir/MiniOzoneClusterImpl-87d91b25-fa0c-46b9-b442-f5a189e2cbc3/datanode-1/data/ratis/aa873c7d-7efd-4658-8f36-4fe8910dbb79
2023-01-10 01:13:15,987 [pool-329-thread-1] INFO  server.RaftServerConfigKeys (ConfUtils.java:logGet(46)) - raft.server.log.queue.byte-limit = 4294967296 (custom)
2023-01-10 01:13:15,987 [pool-329-thread-1] INFO  server.RaftServerConfigKeys (ConfUtils.java:logGet(46)) - raft.server.log.queue.element-limit = 1024 (custom)
2023-01-10 01:13:15,987 [pool-329-thread-1] INFO  server.RaftServerConfigKeys (ConfUtils.java:logGet(46)) - raft.server.log.segment.size.max = 1048576 (custom)
2023-01-10 01:13:15,988 [pool-329-thread-1] INFO  server.RaftServerConfigKeys (ConfUtils.java:logGet(46)) - raft.server.log.preallocated.size = 16384 (custom)
2023-01-10 01:13:15,988 [pool-329-thread-1] INFO  server.RaftServerConfigKeys (ConfUtils.java:logGet(46)) - raft.server.log.force.sync.num = 128 (default)
2023-01-10 01:13:15,988 [pool-329-thread-1] INFO  server.RaftServerConfigKeys (ConfUtils.java:logGet(46)) - raft.server.log.statemachine.data.sync = true (default)
2023-01-10 01:13:15,988 [pool-329-thread-1] INFO  server.RaftServerConfigKeys (ConfUtils.java:logGet(46)) - raft.server.log.statemachine.data.sync.timeout = 10s (default)
2023-01-10 01:13:15,988 [pool-329-thread-1] INFO  server.RaftServerConfigKeys (ConfUtils.java:logGet(46)) - raft.server.log.statemachine.data.sync.timeout.retry = -1 (default)
2023-01-10 01:13:15,988 [pool-329-thread-1] INFO  server.RaftServerConfigKeys (ConfUtils.java:logGet(46)) - raft.server.log.write.buffer.size = 1048576 (custom)
2023-01-10 01:13:15,989 [pool-329-thread-1] INFO  server.RaftServerConfigKeys (ConfUtils.java:logGet(46)) - raft.server.log.appender.buffer.byte-limit = 33554432 (custom)
2023-01-10 01:13:15,993 [pool-329-thread-1] INFO  server.RaftServerConfigKeys (ConfUtils.java:logGet(46)) - raft.server.log.unsafe-flush.enabled = false (default)
2023-01-10 01:13:15,994 [pool-329-thread-1] INFO  server.RaftServerConfigKeys (ConfUtils.java:logGet(46)) - raft.server.log.async-flush.enabled = false (default)
2023-01-10 01:13:15,994 [pool-329-thread-1] INFO  server.RaftServerConfigKeys (ConfUtils.java:logGet(46)) - raft.server.log.statemachine.data.caching.enabled = true (custom)
2023-01-10 01:13:15,994 [pool-329-thread-1] INFO  segmented.SegmentedRaftLogWorker (SegmentedRaftLogWorker.java:lambda$new$0(135)) - e4ed2f3a-5aa6-4459-b26c-0c4683a8ebc0@group-4FE8910DBB79-SegmentedRaftLogWorker: flushIndex: setUnconditionally 0 -> -1
2023-01-10 01:13:15,994 [pool-329-thread-1] INFO  segmented.SegmentedRaftLogWorker (SegmentedRaftLogWorker.java:lambda$new$0(135)) - e4ed2f3a-5aa6-4459-b26c-0c4683a8ebc0@group-4FE8910DBB79-SegmentedRaftLogWorker: safeCacheEvictIndex: setUnconditionally 0 -> -1
2023-01-10 01:13:15,994 [pool-329-thread-1] INFO  server.RaftServer$Division (RaftServerImpl.java:start(334)) - e4ed2f3a-5aa6-4459-b26c-0c4683a8ebc0@group-4FE8910DBB79: start as a follower, conf=-1: peers:[e4ed2f3a-5aa6-4459-b26c-0c4683a8ebc0|rpc:10.1.0.24:37887|dataStream:10.1.0.24:40887|priority:0|startupRole:FOLLOWER, aede9520-44de-4c1e-ace9-e9f99ab0d9a8|rpc:10.1.0.24:33135|dataStream:10.1.0.24:43115|priority:1|startupRole:FOLLOWER, a30d3908-8fda-4427-9d38-ec2047457aa6|rpc:10.1.0.24:42995|dataStream:10.1.0.24:33861|priority:0|startupRole:FOLLOWER]|listeners:[], old=null
2023-01-10 01:13:15,994 [pool-329-thread-1] INFO  server.RaftServer$Division (RaftServerImpl.java:setRole(321)) - e4ed2f3a-5aa6-4459-b26c-0c4683a8ebc0@group-4FE8910DBB79: changes role from      null to FOLLOWER at term 0 for startAsFollower
2023-01-10 01:13:15,994 [pool-329-thread-1] INFO  impl.RoleInfo (RoleInfo.java:updateAndGet(139)) - e4ed2f3a-5aa6-4459-b26c-0c4683a8ebc0: start e4ed2f3a-5aa6-4459-b26c-0c4683a8ebc0@group-4FE8910DBB79-FollowerState
2023-01-10 01:13:15,994 [pool-329-thread-1] INFO  util.JmxRegister (JmxRegister.java:tryRegister(44)) - Successfully registered JMX Bean with object name Ratis:service=RaftServer,group=group-4FE8910DBB79,id=e4ed2f3a-5aa6-4459-b26c-0c4683a8ebc0
2023-01-10 01:13:15,994 [e4ed2f3a-5aa6-4459-b26c-0c4683a8ebc0@group-4FE8910DBB79-FollowerState] INFO  server.RaftServerConfigKeys (ConfUtils.java:logFallback(53)) - raft.server.rpc.first-election.timeout.min = 5s (fallback to raft.server.rpc.timeout.min)
2023-01-10 01:13:15,994 [pool-329-thread-1] INFO  server.RaftServerConfigKeys (ConfUtils.java:logGet(46)) - raft.server.snapshot.auto.trigger.enabled = true (custom)
2023-01-10 01:13:15,994 [e4ed2f3a-5aa6-4459-b26c-0c4683a8ebc0@group-4FE8910DBB79-FollowerState] INFO  server.RaftServerConfigKeys (ConfUtils.java:logFallback(53)) - raft.server.rpc.first-election.timeout.max = 5200ms (fallback to raft.server.rpc.timeout.max)
2023-01-10 01:13:15,995 [pool-329-thread-1] INFO  server.RaftServerConfigKeys (ConfUtils.java:logGet(46)) - raft.server.snapshot.auto.trigger.threshold = 10000 (custom)
2023-01-10 01:13:15,995 [pool-329-thread-1] INFO  server.RaftServerConfigKeys (ConfUtils.java:logGet(46)) - raft.server.snapshot.retention.file.num = 5 (custom)
2023-01-10 01:13:15,995 [pool-329-thread-1] INFO  server.RaftServerConfigKeys (ConfUtils.java:logGet(46)) - raft.server.log.purge.upto.snapshot.index = false (default)
2023-01-10 01:13:16,000 [Command processor thread] INFO  commandhandler.CreatePipelineCommandHandler (CreatePipelineCommandHandler.java:handle(113)) - Created Pipeline RATIS THREE PipelineID=aa873c7d-7efd-4658-8f36-4fe8910dbb79.
2023-01-10 01:13:16,126 [Command processor thread] INFO  server.RaftServer (RaftServerProxy.java:addNew(96)) - e4ed2f3a-5aa6-4459-b26c-0c4683a8ebc0: addNew group-F854EC1B0025:[e4ed2f3a-5aa6-4459-b26c-0c4683a8ebc0|rpc:10.1.0.24:37887|dataStream:10.1.0.24:40887|priority:1|startupRole:FOLLOWER] returns group-F854EC1B0025:java.util.concurrent.CompletableFuture@3f3d5d72[Not completed]
2023-01-10 01:13:16,127 [pool-329-thread-1] INFO  server.RaftServer$Division (RaftServerImpl.java:<init>(195)) - e4ed2f3a-5aa6-4459-b26c-0c4683a8ebc0: new RaftServerImpl for group-F854EC1B0025:[e4ed2f3a-5aa6-4459-b26c-0c4683a8ebc0|rpc:10.1.0.24:37887|dataStream:10.1.0.24:40887|priority:1|startupRole:FOLLOWER] with ContainerStateMachine:uninitialized
2023-01-10 01:13:16,127 [pool-329-thread-1] INFO  server.RaftServerConfigKeys (ConfUtils.java:logGet(46)) - raft.server.rpc.timeout.min = 5s (custom)
2023-01-10 01:13:16,127 [pool-329-thread-1] INFO  server.RaftServerConfigKeys (ConfUtils.java:logGet(46)) - raft.server.rpc.timeout.max = 5200ms (custom)
2023-01-10 01:13:16,127 [pool-329-thread-1] INFO  server.RaftServerConfigKeys (ConfUtils.java:logGet(46)) - raft.server.rpc.sleep.time = 25ms (default)
2023-01-10 01:13:16,127 [pool-329-thread-1] INFO  server.RaftServerConfigKeys (ConfUtils.java:logGet(46)) - raft.server.rpc.slowness.timeout = 300s (custom)
2023-01-10 01:13:16,127 [pool-329-thread-1] INFO  server.RaftServerConfigKeys (ConfUtils.java:logGet(46)) - raft.server.leaderelection.leader.step-down.wait-time = 10s (default)
2023-01-10 01:13:16,127 [pool-329-thread-1] INFO  server.RaftServerConfigKeys (ConfUtils.java:logGet(46)) - raft.server.sleep.deviation.threshold = 300ms (default)
2023-01-10 01:13:16,127 [pool-329-thread-1] INFO  server.RaftServer$Division (ServerState.java:<init>(118)) - e4ed2f3a-5aa6-4459-b26c-0c4683a8ebc0@group-F854EC1B0025: ConfigurationManager, init=-1: peers:[e4ed2f3a-5aa6-4459-b26c-0c4683a8ebc0|rpc:10.1.0.24:37887|dataStream:10.1.0.24:40887|priority:1|startupRole:FOLLOWER]|listeners:[], old=null, confs=<EMPTY_MAP>
2023-01-10 01:13:16,127 [pool-329-thread-1] INFO  server.RaftServerConfigKeys (ConfUtils.java:logGet(46)) - raft.server.storage.dir = [/home/runner/work/ozone/ozone/hadoop-ozone/integration-test/target/test-dir/MiniOzoneClusterImpl-87d91b25-fa0c-46b9-b442-f5a189e2cbc3/datanode-1/data/ratis] (custom)
2023-01-10 01:13:16,127 [pool-329-thread-1] INFO  server.RaftServerConfigKeys (ConfUtils.java:logGet(46)) - raft.server.log.corruption.policy = EXCEPTION (default)
2023-01-10 01:13:16,127 [pool-329-thread-1] INFO  server.RaftServerConfigKeys (ConfUtils.java:logGet(46)) - raft.server.storage.free-space.min = 0MB (=0) (default)
2023-01-10 01:13:16,128 [pool-329-thread-1] INFO  server.RaftServerConfigKeys (ConfUtils.java:logGet(46)) - raft.server.notification.no-leader.timeout = 300s (custom)
2023-01-10 01:13:16,128 [pool-329-thread-1] INFO  server.RaftServerConfigKeys (ConfUtils.java:logGet(46)) - raft.server.retrycache.expirytime = 600000ms (custom)
2023-01-10 01:13:16,128 [pool-329-thread-1] INFO  server.RaftServerConfigKeys (ConfUtils.java:logGet(46)) - raft.server.retrycache.statistics.expirytime = 100μs (default)
2023-01-10 01:13:16,128 [pool-329-thread-1] INFO  server.RaftServerConfigKeys (ConfUtils.java:logGet(46)) - raft.server.log.appender.install.snapshot.enabled = false (custom)
2023-01-10 01:13:16,128 [pool-329-thread-1] INFO  server.RaftServerConfigKeys (ConfUtils.java:logGet(46)) - raft.server.threadpool.server.cached = true (default)
2023-01-10 01:13:16,128 [pool-329-thread-1] INFO  server.RaftServerConfigKeys (ConfUtils.java:logGet(46)) - raft.server.threadpool.server.size = 0 (default)
2023-01-10 01:13:16,128 [pool-329-thread-1] INFO  server.RaftServerConfigKeys (ConfUtils.java:logGet(46)) - raft.server.threadpool.client.cached = true (default)
2023-01-10 01:13:16,128 [pool-329-thread-1] INFO  server.RaftServerConfigKeys (ConfUtils.java:logGet(46)) - raft.server.threadpool.client.size = 0 (default)
2023-01-10 01:13:16,129 [pool-329-thread-1] INFO  storage.RaftStorageDirectory (RaftStorageDirectoryImpl.java:analyzeStorage(137)) - The storage directory /home/runner/work/ozone/ozone/hadoop-ozone/integration-test/target/test-dir/MiniOzoneClusterImpl-87d91b25-fa0c-46b9-b442-f5a189e2cbc3/datanode-1/data/ratis/42b4ed3d-a817-4207-8473-f854ec1b0025 does not exist. Creating ...
2023-01-10 01:13:16,130 [pool-329-thread-1] INFO  storage.RaftStorageDirectory (RaftStorageDirectoryImpl.java:tryLock(231)) - Lock on /home/runner/work/ozone/ozone/hadoop-ozone/integration-test/target/test-dir/MiniOzoneClusterImpl-87d91b25-fa0c-46b9-b442-f5a189e2cbc3/datanode-1/data/ratis/42b4ed3d-a817-4207-8473-f854ec1b0025/in_use.lock acquired by nodename 10631@fv-az353-623
2023-01-10 01:13:16,131 [pool-329-thread-1] INFO  storage.RaftStorage (RaftStorageImpl.java:format(96)) - Storage directory /home/runner/work/ozone/ozone/hadoop-ozone/integration-test/target/test-dir/MiniOzoneClusterImpl-87d91b25-fa0c-46b9-b442-f5a189e2cbc3/datanode-1/data/ratis/42b4ed3d-a817-4207-8473-f854ec1b0025 has been successfully formatted.
2023-01-10 01:13:16,132 [pool-329-thread-1] INFO  ratis.ContainerStateMachine (ContainerStateMachine.java:loadSnapshot(240)) - group-F854EC1B0025: The snapshot info is null. Setting the last applied indexto:(t:0, i:~)
2023-01-10 01:13:16,132 [pool-329-thread-1] INFO  server.RaftServerConfigKeys (ConfUtils.java:logGet(46)) - raft.server.log.use.memory = false (default)
2023-01-10 01:13:16,132 [pool-329-thread-1] INFO  server.RaftServerConfigKeys (ConfUtils.java:logGet(46)) - raft.server.log.purge.gap = 1000000 (custom)
2023-01-10 01:13:16,133 [pool-329-thread-1] INFO  server.RaftServerConfigKeys (ConfUtils.java:logGet(46)) - raft.server.log.appender.buffer.byte-limit = 33554432 (custom)
2023-01-10 01:13:16,133 [pool-329-thread-1] INFO  server.RaftServerConfigKeys (ConfUtils.java:logGet(46)) - raft.server.log.statemachine.data.read.timeout = 1000ms (default)
2023-01-10 01:13:16,133 [pool-329-thread-1] INFO  server.RaftServerConfigKeys (ConfUtils.java:logGet(46)) - raft.server.log.purge.preservation.log.num = 0 (default)
2023-01-10 01:13:16,133 [pool-329-thread-1] INFO  server.RaftServerConfigKeys (ConfUtils.java:logGet(46)) - raft.server.log.segment.size.max = 1048576 (custom)
2023-01-10 01:13:16,133 [EventQueue-PipelineReportForPipelineReportHandler] INFO  pipeline.PipelineManagerImpl (PipelineManagerImpl.java:openPipeline(367)) - Pipeline Pipeline[ Id: 42b4ed3d-a817-4207-8473-f854ec1b0025, Nodes: e4ed2f3a-5aa6-4459-b26c-0c4683a8ebc0{ip: 10.1.0.24, host: fv-az353-623.tkyx2seitsuu3nmpmouz2httfb.bx.internal.cloudapp.net, ports: [REPLICATION=35361, RATIS=37887, RATIS_ADMIN=37887, RATIS_SERVER=37887, RATIS_DATASTREAM=40887, STANDALONE=33455], networkLocation: /default-rack, certSerialId: null, persistedOpState: IN_SERVICE, persistedOpStateExpiryEpochSec: 0}, ReplicationConfig: RATIS/ONE, State:ALLOCATED, leaderId:e4ed2f3a-5aa6-4459-b26c-0c4683a8ebc0, CreationTimestamp2023-01-10T01:13:13.129Z[Etc/UTC]] moved to OPEN state
2023-01-10 01:13:16,133 [pool-329-thread-1] INFO  server.RaftServerConfigKeys (ConfUtils.java:logGet(46)) - raft.server.log.segment.cache.num.max = 2 (custom)
2023-01-10 01:13:16,133 [pool-329-thread-1] INFO  server.RaftServerConfigKeys (ConfUtils.java:logGet(46)) - raft.server.log.segment.cache.size.max = 200MB (=209715200) (default)
2023-01-10 01:13:16,134 [pool-329-thread-1] INFO  segmented.SegmentedRaftLogWorker (SegmentedRaftLogWorker.java:<init>(189)) - new e4ed2f3a-5aa6-4459-b26c-0c4683a8ebc0@group-F854EC1B0025-SegmentedRaftLogWorker for RaftStorageImpl:Storage Directory /home/runner/work/ozone/ozone/hadoop-ozone/integration-test/target/test-dir/MiniOzoneClusterImpl-87d91b25-fa0c-46b9-b442-f5a189e2cbc3/datanode-1/data/ratis/42b4ed3d-a817-4207-8473-f854ec1b0025
2023-01-10 01:13:16,134 [pool-329-thread-1] INFO  server.RaftServerConfigKeys (ConfUtils.java:logGet(46)) - raft.server.log.queue.byte-limit = 4294967296 (custom)
2023-01-10 01:13:16,134 [EventQueue-OpenPipelineForHealthyPipelineSafeModeRule] INFO  safemode.SCMSafeModeManager (HealthyPipelineSafeModeRule.java:process(137)) - SCM in safe mode. Healthy pipelines reported count is 0, required healthy pipeline reported count is 1
2023-01-10 01:13:16,134 [pool-329-thread-1] INFO  server.RaftServerConfigKeys (ConfUtils.java:logGet(46)) - raft.server.log.queue.element-limit = 1024 (custom)
2023-01-10 01:13:16,134 [pool-329-thread-1] INFO  server.RaftServerConfigKeys (ConfUtils.java:logGet(46)) - raft.server.log.segment.size.max = 1048576 (custom)
2023-01-10 01:13:16,134 [pool-329-thread-1] INFO  server.RaftServerConfigKeys (ConfUtils.java:logGet(46)) - raft.server.log.preallocated.size = 16384 (custom)
2023-01-10 01:13:16,134 [pool-329-thread-1] INFO  server.RaftServerConfigKeys (ConfUtils.java:logGet(46)) - raft.server.log.force.sync.num = 128 (default)
2023-01-10 01:13:16,134 [pool-329-thread-1] INFO  server.RaftServerConfigKeys (ConfUtils.java:logGet(46)) - raft.server.log.statemachine.data.sync = true (default)
2023-01-10 01:13:16,134 [pool-329-thread-1] INFO  server.RaftServerConfigKeys (ConfUtils.java:logGet(46)) - raft.server.log.statemachine.data.sync.timeout = 10s (default)
2023-01-10 01:13:16,134 [pool-329-thread-1] INFO  server.RaftServerConfigKeys (ConfUtils.java:logGet(46)) - raft.server.log.statemachine.data.sync.timeout.retry = -1 (default)
2023-01-10 01:13:16,134 [pool-329-thread-1] INFO  server.RaftServerConfigKeys (ConfUtils.java:logGet(46)) - raft.server.log.write.buffer.size = 1048576 (custom)
2023-01-10 01:13:16,135 [pool-329-thread-1] INFO  server.RaftServerConfigKeys (ConfUtils.java:logGet(46)) - raft.server.log.appender.buffer.byte-limit = 33554432 (custom)
2023-01-10 01:13:16,140 [pool-329-thread-1] INFO  server.RaftServerConfigKeys (ConfUtils.java:logGet(46)) - raft.server.log.unsafe-flush.enabled = false (default)
2023-01-10 01:13:16,140 [pool-329-thread-1] INFO  server.RaftServerConfigKeys (ConfUtils.java:logGet(46)) - raft.server.log.async-flush.enabled = false (default)
2023-01-10 01:13:16,140 [pool-329-thread-1] INFO  server.RaftServerConfigKeys (ConfUtils.java:logGet(46)) - raft.server.log.statemachine.data.caching.enabled = true (custom)
2023-01-10 01:13:16,140 [pool-329-thread-1] INFO  segmented.SegmentedRaftLogWorker (SegmentedRaftLogWorker.java:lambda$new$0(135)) - e4ed2f3a-5aa6-4459-b26c-0c4683a8ebc0@group-F854EC1B0025-SegmentedRaftLogWorker: flushIndex: setUnconditionally 0 -> -1
2023-01-10 01:13:16,140 [pool-329-thread-1] INFO  segmented.SegmentedRaftLogWorker (SegmentedRaftLogWorker.java:lambda$new$0(135)) - e4ed2f3a-5aa6-4459-b26c-0c4683a8ebc0@group-F854EC1B0025-SegmentedRaftLogWorker: safeCacheEvictIndex: setUnconditionally 0 -> -1
2023-01-10 01:13:16,140 [pool-329-thread-1] INFO  server.RaftServer$Division (RaftServerImpl.java:start(334)) - e4ed2f3a-5aa6-4459-b26c-0c4683a8ebc0@group-F854EC1B0025: start as a follower, conf=-1: peers:[e4ed2f3a-5aa6-4459-b26c-0c4683a8ebc0|rpc:10.1.0.24:37887|dataStream:10.1.0.24:40887|priority:1|startupRole:FOLLOWER]|listeners:[], old=null
2023-01-10 01:13:16,140 [pool-329-thread-1] INFO  server.RaftServer$Division (RaftServerImpl.java:setRole(321)) - e4ed2f3a-5aa6-4459-b26c-0c4683a8ebc0@group-F854EC1B0025: changes role from      null to FOLLOWER at term 0 for startAsFollower
2023-01-10 01:13:16,141 [pool-329-thread-1] INFO  impl.RoleInfo (RoleInfo.java:updateAndGet(139)) - e4ed2f3a-5aa6-4459-b26c-0c4683a8ebc0: start e4ed2f3a-5aa6-4459-b26c-0c4683a8ebc0@group-F854EC1B0025-FollowerState
2023-01-10 01:13:16,141 [pool-329-thread-1] INFO  util.JmxRegister (JmxRegister.java:tryRegister(44)) - Successfully registered JMX Bean with object name Ratis:service=RaftServer,group=group-F854EC1B0025,id=e4ed2f3a-5aa6-4459-b26c-0c4683a8ebc0
2023-01-10 01:13:16,141 [e4ed2f3a-5aa6-4459-b26c-0c4683a8ebc0@group-F854EC1B0025-FollowerState] INFO  server.RaftServerConfigKeys (ConfUtils.java:logFallback(53)) - raft.server.rpc.first-election.timeout.min = 5s (fallback to raft.server.rpc.timeout.min)
2023-01-10 01:13:16,141 [pool-329-thread-1] INFO  server.RaftServerConfigKeys (ConfUtils.java:logGet(46)) - raft.server.snapshot.auto.trigger.enabled = true (custom)
2023-01-10 01:13:16,141 [e4ed2f3a-5aa6-4459-b26c-0c4683a8ebc0@group-F854EC1B0025-FollowerState] INFO  server.RaftServerConfigKeys (ConfUtils.java:logFallback(53)) - raft.server.rpc.first-election.timeout.max = 5200ms (fallback to raft.server.rpc.timeout.max)
2023-01-10 01:13:16,141 [pool-329-thread-1] INFO  server.RaftServerConfigKeys (ConfUtils.java:logGet(46)) - raft.server.snapshot.auto.trigger.threshold = 10000 (custom)
2023-01-10 01:13:16,141 [pool-329-thread-1] INFO  server.RaftServerConfigKeys (ConfUtils.java:logGet(46)) - raft.server.snapshot.retention.file.num = 5 (custom)
2023-01-10 01:13:16,141 [pool-329-thread-1] INFO  server.RaftServerConfigKeys (ConfUtils.java:logGet(46)) - raft.server.log.purge.upto.snapshot.index = false (default)
2023-01-10 01:13:16,142 [Command processor thread] INFO  ratis.XceiverServerRatis (XceiverServerRatis.java:addGroup(806)) - Created group PipelineID=42b4ed3d-a817-4207-8473-f854ec1b0025
2023-01-10 01:13:16,142 [Command processor thread] INFO  commandhandler.CreatePipelineCommandHandler (CreatePipelineCommandHandler.java:handle(113)) - Created Pipeline RATIS ONE PipelineID=42b4ed3d-a817-4207-8473-f854ec1b0025.
2023-01-10 01:13:16,423 [Listener at 127.0.0.1/41315] INFO  ozone.MiniOzoneClusterImpl (MiniOzoneClusterImpl.java:lambda$waitForClusterToBeReady$0(218)) - Nodes are ready. Got 3 of 3 DN Heartbeats.
2023-01-10 01:13:16,423 [Listener at 127.0.0.1/41315] INFO  ozone.MiniOzoneClusterImpl (MiniOzoneClusterImpl.java:lambda$waitForClusterToBeReady$0(221)) - Waiting for cluster to exit safe mode
2023-01-10 01:13:16,423 [Listener at 127.0.0.1/41315] INFO  ozone.MiniOzoneClusterImpl (MiniOzoneClusterImpl.java:lambda$waitForClusterToBeReady$0(223)) - SCM became leader
2023-01-10 01:13:16,431 [Command processor thread] INFO  server.RaftServer (RaftServerProxy.java:addNew(96)) - aede9520-44de-4c1e-ace9-e9f99ab0d9a8: addNew group-0750756CE660:[aede9520-44de-4c1e-ace9-e9f99ab0d9a8|rpc:10.1.0.24:33135|dataStream:10.1.0.24:43115|priority:1|startupRole:FOLLOWER] returns group-0750756CE660:java.util.concurrent.CompletableFuture@616d4836[Not completed]
2023-01-10 01:13:16,432 [pool-352-thread-1] INFO  server.RaftServer$Division (RaftServerImpl.java:<init>(195)) - aede9520-44de-4c1e-ace9-e9f99ab0d9a8: new RaftServerImpl for group-0750756CE660:[aede9520-44de-4c1e-ace9-e9f99ab0d9a8|rpc:10.1.0.24:33135|dataStream:10.1.0.24:43115|priority:1|startupRole:FOLLOWER] with ContainerStateMachine:uninitialized
2023-01-10 01:13:16,433 [pool-352-thread-1] INFO  server.RaftServerConfigKeys (ConfUtils.java:logGet(46)) - raft.server.rpc.timeout.min = 5s (custom)
2023-01-10 01:13:16,433 [pool-352-thread-1] INFO  server.RaftServerConfigKeys (ConfUtils.java:logGet(46)) - raft.server.rpc.timeout.max = 5200ms (custom)
2023-01-10 01:13:16,433 [pool-352-thread-1] INFO  server.RaftServerConfigKeys (ConfUtils.java:logGet(46)) - raft.server.rpc.sleep.time = 25ms (default)
2023-01-10 01:13:16,433 [pool-352-thread-1] INFO  server.RaftServerConfigKeys (ConfUtils.java:logGet(46)) - raft.server.rpc.slowness.timeout = 300s (custom)
2023-01-10 01:13:16,433 [pool-352-thread-1] INFO  server.RaftServerConfigKeys (ConfUtils.java:logGet(46)) - raft.server.leaderelection.leader.step-down.wait-time = 10s (default)
2023-01-10 01:13:16,433 [pool-352-thread-1] INFO  server.RaftServerConfigKeys (ConfUtils.java:logGet(46)) - raft.server.sleep.deviation.threshold = 300ms (default)
2023-01-10 01:13:16,433 [pool-352-thread-1] INFO  server.RaftServer$Division (ServerState.java:<init>(118)) - aede9520-44de-4c1e-ace9-e9f99ab0d9a8@group-0750756CE660: ConfigurationManager, init=-1: peers:[aede9520-44de-4c1e-ace9-e9f99ab0d9a8|rpc:10.1.0.24:33135|dataStream:10.1.0.24:43115|priority:1|startupRole:FOLLOWER]|listeners:[], old=null, confs=<EMPTY_MAP>
2023-01-10 01:13:16,433 [pool-352-thread-1] INFO  server.RaftServerConfigKeys (ConfUtils.java:logGet(46)) - raft.server.storage.dir = [/home/runner/work/ozone/ozone/hadoop-ozone/integration-test/target/test-dir/MiniOzoneClusterImpl-87d91b25-fa0c-46b9-b442-f5a189e2cbc3/datanode-2/data/ratis] (custom)
2023-01-10 01:13:16,433 [pool-352-thread-1] INFO  server.RaftServerConfigKeys (ConfUtils.java:logGet(46)) - raft.server.log.corruption.policy = EXCEPTION (default)
2023-01-10 01:13:16,433 [pool-352-thread-1] INFO  server.RaftServerConfigKeys (ConfUtils.java:logGet(46)) - raft.server.storage.free-space.min = 0MB (=0) (default)
2023-01-10 01:13:16,433 [pool-352-thread-1] INFO  server.RaftServerConfigKeys (ConfUtils.java:logGet(46)) - raft.server.notification.no-leader.timeout = 300s (custom)
2023-01-10 01:13:16,433 [pool-352-thread-1] INFO  server.RaftServerConfigKeys (ConfUtils.java:logGet(46)) - raft.server.retrycache.expirytime = 600000ms (custom)
2023-01-10 01:13:16,433 [pool-352-thread-1] INFO  server.RaftServerConfigKeys (ConfUtils.java:logGet(46)) - raft.server.retrycache.statistics.expirytime = 100μs (default)
2023-01-10 01:13:16,434 [pool-352-thread-1] INFO  server.RaftServerConfigKeys (ConfUtils.java:logGet(46)) - raft.server.log.appender.install.snapshot.enabled = false (custom)
2023-01-10 01:13:16,434 [pool-352-thread-1] INFO  server.RaftServerConfigKeys (ConfUtils.java:logGet(46)) - raft.server.threadpool.server.cached = true (default)
2023-01-10 01:13:16,434 [pool-352-thread-1] INFO  server.RaftServerConfigKeys (ConfUtils.java:logGet(46)) - raft.server.threadpool.server.size = 0 (default)
2023-01-10 01:13:16,434 [pool-352-thread-1] INFO  server.RaftServerConfigKeys (ConfUtils.java:logGet(46)) - raft.server.threadpool.client.cached = true (default)
2023-01-10 01:13:16,434 [pool-352-thread-1] INFO  server.RaftServerConfigKeys (ConfUtils.java:logGet(46)) - raft.server.threadpool.client.size = 0 (default)
2023-01-10 01:13:16,434 [pool-352-thread-1] INFO  storage.RaftStorageDirectory (RaftStorageDirectoryImpl.java:analyzeStorage(137)) - The storage directory /home/runner/work/ozone/ozone/hadoop-ozone/integration-test/target/test-dir/MiniOzoneClusterImpl-87d91b25-fa0c-46b9-b442-f5a189e2cbc3/datanode-2/data/ratis/1327b6e6-ce4d-4801-9495-0750756ce660 does not exist. Creating ...
2023-01-10 01:13:16,436 [pool-352-thread-1] INFO  storage.RaftStorageDirectory (RaftStorageDirectoryImpl.java:tryLock(231)) - Lock on /home/runner/work/ozone/ozone/hadoop-ozone/integration-test/target/test-dir/MiniOzoneClusterImpl-87d91b25-fa0c-46b9-b442-f5a189e2cbc3/datanode-2/data/ratis/1327b6e6-ce4d-4801-9495-0750756ce660/in_use.lock acquired by nodename 10631@fv-az353-623
2023-01-10 01:13:16,437 [pool-352-thread-1] INFO  storage.RaftStorage (RaftStorageImpl.java:format(96)) - Storage directory /home/runner/work/ozone/ozone/hadoop-ozone/integration-test/target/test-dir/MiniOzoneClusterImpl-87d91b25-fa0c-46b9-b442-f5a189e2cbc3/datanode-2/data/ratis/1327b6e6-ce4d-4801-9495-0750756ce660 has been successfully formatted.
2023-01-10 01:13:16,437 [pool-352-thread-1] INFO  ratis.ContainerStateMachine (ContainerStateMachine.java:loadSnapshot(240)) - group-0750756CE660: The snapshot info is null. Setting the last applied indexto:(t:0, i:~)
2023-01-10 01:13:16,438 [pool-352-thread-1] INFO  server.RaftServerConfigKeys (ConfUtils.java:logGet(46)) - raft.server.log.use.memory = false (default)
2023-01-10 01:13:16,438 [pool-352-thread-1] INFO  server.RaftServerConfigKeys (ConfUtils.java:logGet(46)) - raft.server.log.purge.gap = 1000000 (custom)
2023-01-10 01:13:16,438 [pool-352-thread-1] INFO  server.RaftServerConfigKeys (ConfUtils.java:logGet(46)) - raft.server.log.appender.buffer.byte-limit = 33554432 (custom)
2023-01-10 01:13:16,439 [pool-352-thread-1] INFO  server.RaftServerConfigKeys (ConfUtils.java:logGet(46)) - raft.server.log.statemachine.data.read.timeout = 1000ms (default)
2023-01-10 01:13:16,439 [pool-352-thread-1] INFO  server.RaftServerConfigKeys (ConfUtils.java:logGet(46)) - raft.server.log.purge.preservation.log.num = 0 (default)
2023-01-10 01:13:16,439 [pool-352-thread-1] INFO  server.RaftServerConfigKeys (ConfUtils.java:logGet(46)) - raft.server.log.segment.size.max = 1048576 (custom)
2023-01-10 01:13:16,439 [pool-352-thread-1] INFO  server.RaftServerConfigKeys (ConfUtils.java:logGet(46)) - raft.server.log.segment.cache.num.max = 2 (custom)
2023-01-10 01:13:16,439 [pool-352-thread-1] INFO  server.RaftServerConfigKeys (ConfUtils.java:logGet(46)) - raft.server.log.segment.cache.size.max = 200MB (=209715200) (default)
2023-01-10 01:13:16,439 [pool-352-thread-1] INFO  segmented.SegmentedRaftLogWorker (SegmentedRaftLogWorker.java:<init>(189)) - new aede9520-44de-4c1e-ace9-e9f99ab0d9a8@group-0750756CE660-SegmentedRaftLogWorker for RaftStorageImpl:Storage Directory /home/runner/work/ozone/ozone/hadoop-ozone/integration-test/target/test-dir/MiniOzoneClusterImpl-87d91b25-fa0c-46b9-b442-f5a189e2cbc3/datanode-2/data/ratis/1327b6e6-ce4d-4801-9495-0750756ce660
2023-01-10 01:13:16,440 [pool-352-thread-1] INFO  server.RaftServerConfigKeys (ConfUtils.java:logGet(46)) - raft.server.log.queue.byte-limit = 4294967296 (custom)
2023-01-10 01:13:16,440 [pool-352-thread-1] INFO  server.RaftServerConfigKeys (ConfUtils.java:logGet(46)) - raft.server.log.queue.element-limit = 1024 (custom)
2023-01-10 01:13:16,440 [pool-352-thread-1] INFO  server.RaftServerConfigKeys (ConfUtils.java:logGet(46)) - raft.server.log.segment.size.max = 1048576 (custom)
2023-01-10 01:13:16,440 [pool-352-thread-1] INFO  server.RaftServerConfigKeys (ConfUtils.java:logGet(46)) - raft.server.log.preallocated.size = 16384 (custom)
2023-01-10 01:13:16,440 [EventQueue-PipelineReportForPipelineReportHandler] INFO  pipeline.PipelineManagerImpl (PipelineManagerImpl.java:openPipeline(367)) - Pipeline Pipeline[ Id: 1327b6e6-ce4d-4801-9495-0750756ce660, Nodes: aede9520-44de-4c1e-ace9-e9f99ab0d9a8{ip: 10.1.0.24, host: fv-az353-623.tkyx2seitsuu3nmpmouz2httfb.bx.internal.cloudapp.net, ports: [REPLICATION=33193, RATIS=33135, RATIS_ADMIN=33135, RATIS_SERVER=33135, RATIS_DATASTREAM=43115, STANDALONE=45951], networkLocation: /default-rack, certSerialId: null, persistedOpState: IN_SERVICE, persistedOpStateExpiryEpochSec: 0}, ReplicationConfig: RATIS/ONE, State:ALLOCATED, leaderId:aede9520-44de-4c1e-ace9-e9f99ab0d9a8, CreationTimestamp2023-01-10T01:13:13.434Z[Etc/UTC]] moved to OPEN state
2023-01-10 01:13:16,440 [pool-352-thread-1] INFO  server.RaftServerConfigKeys (ConfUtils.java:logGet(46)) - raft.server.log.force.sync.num = 128 (default)
2023-01-10 01:13:16,440 [pool-352-thread-1] INFO  server.RaftServerConfigKeys (ConfUtils.java:logGet(46)) - raft.server.log.statemachine.data.sync = true (default)
2023-01-10 01:13:16,440 [pool-352-thread-1] INFO  server.RaftServerConfigKeys (ConfUtils.java:logGet(46)) - raft.server.log.statemachine.data.sync.timeout = 10s (default)
2023-01-10 01:13:16,440 [pool-352-thread-1] INFO  server.RaftServerConfigKeys (ConfUtils.java:logGet(46)) - raft.server.log.statemachine.data.sync.timeout.retry = -1 (default)
2023-01-10 01:13:16,440 [pool-352-thread-1] INFO  server.RaftServerConfigKeys (ConfUtils.java:logGet(46)) - raft.server.log.write.buffer.size = 1048576 (custom)
2023-01-10 01:13:16,441 [pool-352-thread-1] INFO  server.RaftServerConfigKeys (ConfUtils.java:logGet(46)) - raft.server.log.appender.buffer.byte-limit = 33554432 (custom)
2023-01-10 01:13:16,441 [EventQueue-OpenPipelineForHealthyPipelineSafeModeRule] INFO  safemode.SCMSafeModeManager (HealthyPipelineSafeModeRule.java:process(137)) - SCM in safe mode. Healthy pipelines reported count is 0, required healthy pipeline reported count is 1
2023-01-10 01:13:16,446 [pool-352-thread-1] INFO  server.RaftServerConfigKeys (ConfUtils.java:logGet(46)) - raft.server.log.unsafe-flush.enabled = false (default)
2023-01-10 01:13:16,446 [pool-352-thread-1] INFO  server.RaftServerConfigKeys (ConfUtils.java:logGet(46)) - raft.server.log.async-flush.enabled = false (default)
2023-01-10 01:13:16,446 [pool-352-thread-1] INFO  server.RaftServerConfigKeys (ConfUtils.java:logGet(46)) - raft.server.log.statemachine.data.caching.enabled = true (custom)
2023-01-10 01:13:16,446 [pool-352-thread-1] INFO  segmented.SegmentedRaftLogWorker (SegmentedRaftLogWorker.java:lambda$new$0(135)) - aede9520-44de-4c1e-ace9-e9f99ab0d9a8@group-0750756CE660-SegmentedRaftLogWorker: flushIndex: setUnconditionally 0 -> -1
2023-01-10 01:13:16,446 [pool-352-thread-1] INFO  segmented.SegmentedRaftLogWorker (SegmentedRaftLogWorker.java:lambda$new$0(135)) - aede9520-44de-4c1e-ace9-e9f99ab0d9a8@group-0750756CE660-SegmentedRaftLogWorker: safeCacheEvictIndex: setUnconditionally 0 -> -1
2023-01-10 01:13:16,446 [pool-352-thread-1] INFO  server.RaftServer$Division (RaftServerImpl.java:start(334)) - aede9520-44de-4c1e-ace9-e9f99ab0d9a8@group-0750756CE660: start as a follower, conf=-1: peers:[aede9520-44de-4c1e-ace9-e9f99ab0d9a8|rpc:10.1.0.24:33135|dataStream:10.1.0.24:43115|priority:1|startupRole:FOLLOWER]|listeners:[], old=null
2023-01-10 01:13:16,446 [pool-352-thread-1] INFO  server.RaftServer$Division (RaftServerImpl.java:setRole(321)) - aede9520-44de-4c1e-ace9-e9f99ab0d9a8@group-0750756CE660: changes role from      null to FOLLOWER at term 0 for startAsFollower
2023-01-10 01:13:16,446 [pool-352-thread-1] INFO  impl.RoleInfo (RoleInfo.java:updateAndGet(139)) - aede9520-44de-4c1e-ace9-e9f99ab0d9a8: start aede9520-44de-4c1e-ace9-e9f99ab0d9a8@group-0750756CE660-FollowerState
2023-01-10 01:13:16,451 [pool-352-thread-1] INFO  util.JmxRegister (JmxRegister.java:tryRegister(44)) - Successfully registered JMX Bean with object name Ratis:service=RaftServer,group=group-0750756CE660,id=aede9520-44de-4c1e-ace9-e9f99ab0d9a8
2023-01-10 01:13:16,451 [pool-352-thread-1] INFO  server.RaftServerConfigKeys (ConfUtils.java:logGet(46)) - raft.server.snapshot.auto.trigger.enabled = true (custom)
2023-01-10 01:13:16,451 [pool-352-thread-1] INFO  server.RaftServerConfigKeys (ConfUtils.java:logGet(46)) - raft.server.snapshot.auto.trigger.threshold = 10000 (custom)
2023-01-10 01:13:16,451 [pool-352-thread-1] INFO  server.RaftServerConfigKeys (ConfUtils.java:logGet(46)) - raft.server.snapshot.retention.file.num = 5 (custom)
2023-01-10 01:13:16,451 [pool-352-thread-1] INFO  server.RaftServerConfigKeys (ConfUtils.java:logGet(46)) - raft.server.log.purge.upto.snapshot.index = false (default)
2023-01-10 01:13:16,454 [aede9520-44de-4c1e-ace9-e9f99ab0d9a8@group-0750756CE660-FollowerState] INFO  server.RaftServerConfigKeys (ConfUtils.java:logFallback(53)) - raft.server.rpc.first-election.timeout.min = 5s (fallback to raft.server.rpc.timeout.min)
2023-01-10 01:13:16,454 [aede9520-44de-4c1e-ace9-e9f99ab0d9a8@group-0750756CE660-FollowerState] INFO  server.RaftServerConfigKeys (ConfUtils.java:logFallback(53)) - raft.server.rpc.first-election.timeout.max = 5200ms (fallback to raft.server.rpc.timeout.max)
2023-01-10 01:13:16,457 [Command processor thread] INFO  ratis.XceiverServerRatis (XceiverServerRatis.java:addGroup(806)) - Created group PipelineID=1327b6e6-ce4d-4801-9495-0750756ce660
2023-01-10 01:13:16,457 [Command processor thread] INFO  commandhandler.CreatePipelineCommandHandler (CreatePipelineCommandHandler.java:handle(113)) - Created Pipeline RATIS ONE PipelineID=1327b6e6-ce4d-4801-9495-0750756ce660.
2023-01-10 01:13:17,424 [Listener at 127.0.0.1/41315] INFO  ozone.MiniOzoneClusterImpl (MiniOzoneClusterImpl.java:lambda$waitForClusterToBeReady$0(218)) - Nodes are ready. Got 3 of 3 DN Heartbeats.
2023-01-10 01:13:17,424 [Listener at 127.0.0.1/41315] INFO  ozone.MiniOzoneClusterImpl (MiniOzoneClusterImpl.java:lambda$waitForClusterToBeReady$0(221)) - Waiting for cluster to exit safe mode
2023-01-10 01:13:17,424 [Listener at 127.0.0.1/41315] INFO  ozone.MiniOzoneClusterImpl (MiniOzoneClusterImpl.java:lambda$waitForClusterToBeReady$0(223)) - SCM became leader
2023-01-10 01:13:18,424 [Listener at 127.0.0.1/41315] INFO  ozone.MiniOzoneClusterImpl (MiniOzoneClusterImpl.java:lambda$waitForClusterToBeReady$0(218)) - Nodes are ready. Got 3 of 3 DN Heartbeats.
2023-01-10 01:13:18,425 [Listener at 127.0.0.1/41315] INFO  ozone.MiniOzoneClusterImpl (MiniOzoneClusterImpl.java:lambda$waitForClusterToBeReady$0(221)) - Waiting for cluster to exit safe mode
2023-01-10 01:13:18,425 [Listener at 127.0.0.1/41315] INFO  ozone.MiniOzoneClusterImpl (MiniOzoneClusterImpl.java:lambda$waitForClusterToBeReady$0(223)) - SCM became leader
2023-01-10 01:13:19,425 [Listener at 127.0.0.1/41315] INFO  ozone.MiniOzoneClusterImpl (MiniOzoneClusterImpl.java:lambda$waitForClusterToBeReady$0(218)) - Nodes are ready. Got 3 of 3 DN Heartbeats.
2023-01-10 01:13:19,426 [Listener at 127.0.0.1/41315] INFO  ozone.MiniOzoneClusterImpl (MiniOzoneClusterImpl.java:lambda$waitForClusterToBeReady$0(221)) - Waiting for cluster to exit safe mode
2023-01-10 01:13:19,426 [Listener at 127.0.0.1/41315] INFO  ozone.MiniOzoneClusterImpl (MiniOzoneClusterImpl.java:lambda$waitForClusterToBeReady$0(223)) - SCM became leader
2023-01-10 01:13:20,426 [Listener at 127.0.0.1/41315] INFO  ozone.MiniOzoneClusterImpl (MiniOzoneClusterImpl.java:lambda$waitForClusterToBeReady$0(218)) - Nodes are ready. Got 3 of 3 DN Heartbeats.
2023-01-10 01:13:20,426 [Listener at 127.0.0.1/41315] INFO  ozone.MiniOzoneClusterImpl (MiniOzoneClusterImpl.java:lambda$waitForClusterToBeReady$0(221)) - Waiting for cluster to exit safe mode
2023-01-10 01:13:20,426 [Listener at 127.0.0.1/41315] INFO  ozone.MiniOzoneClusterImpl (MiniOzoneClusterImpl.java:lambda$waitForClusterToBeReady$0(223)) - SCM became leader
2023-01-10 01:13:20,899 [a30d3908-8fda-4427-9d38-ec2047457aa6@group-94F2C8ABCA4D-FollowerState] INFO  impl.FollowerState (FollowerState.java:run(143)) - a30d3908-8fda-4427-9d38-ec2047457aa6@group-94F2C8ABCA4D-FollowerState: change to CANDIDATE, lastRpcElapsedTime:5062099655ns, electionTimeout:5061ms
2023-01-10 01:13:20,899 [a30d3908-8fda-4427-9d38-ec2047457aa6@group-94F2C8ABCA4D-FollowerState] INFO  impl.RoleInfo (RoleInfo.java:shutdownFollowerState(110)) - a30d3908-8fda-4427-9d38-ec2047457aa6: shutdown a30d3908-8fda-4427-9d38-ec2047457aa6@group-94F2C8ABCA4D-FollowerState
2023-01-10 01:13:20,899 [a30d3908-8fda-4427-9d38-ec2047457aa6@group-94F2C8ABCA4D-FollowerState] INFO  server.RaftServer$Division (RaftServerImpl.java:setRole(321)) - a30d3908-8fda-4427-9d38-ec2047457aa6@group-94F2C8ABCA4D: changes role from  FOLLOWER to CANDIDATE at term 0 for changeToCandidate
2023-01-10 01:13:20,899 [a30d3908-8fda-4427-9d38-ec2047457aa6@group-94F2C8ABCA4D-FollowerState] INFO  server.RaftServerConfigKeys (ConfUtils.java:logGet(46)) - raft.server.leaderelection.pre-vote = false (custom)
2023-01-10 01:13:20,900 [a30d3908-8fda-4427-9d38-ec2047457aa6@group-94F2C8ABCA4D-FollowerState] INFO  impl.RoleInfo (RoleInfo.java:updateAndGet(139)) - a30d3908-8fda-4427-9d38-ec2047457aa6: start a30d3908-8fda-4427-9d38-ec2047457aa6@group-94F2C8ABCA4D-LeaderElection16
2023-01-10 01:13:20,904 [a30d3908-8fda-4427-9d38-ec2047457aa6@group-94F2C8ABCA4D-LeaderElection16] INFO  impl.LeaderElection (LeaderElection.java:askForVotes(312)) - a30d3908-8fda-4427-9d38-ec2047457aa6@group-94F2C8ABCA4D-LeaderElection16 ELECTION round 0: submit vote requests at term 1 for -1: peers:[a30d3908-8fda-4427-9d38-ec2047457aa6|rpc:10.1.0.24:42995|dataStream:10.1.0.24:33861|priority:1|startupRole:FOLLOWER]|listeners:[], old=null
2023-01-10 01:13:20,904 [a30d3908-8fda-4427-9d38-ec2047457aa6@group-94F2C8ABCA4D-LeaderElection16] INFO  impl.LeaderElection (LeaderElection.java:askForVotes(314)) - a30d3908-8fda-4427-9d38-ec2047457aa6@group-94F2C8ABCA4D-LeaderElection16 ELECTION round 0: result PASSED (term=1)
2023-01-10 01:13:20,904 [a30d3908-8fda-4427-9d38-ec2047457aa6@group-94F2C8ABCA4D-LeaderElection16] INFO  impl.RoleInfo (RoleInfo.java:shutdownLeaderElection(130)) - a30d3908-8fda-4427-9d38-ec2047457aa6: shutdown a30d3908-8fda-4427-9d38-ec2047457aa6@group-94F2C8ABCA4D-LeaderElection16
2023-01-10 01:13:20,905 [a30d3908-8fda-4427-9d38-ec2047457aa6@group-94F2C8ABCA4D-LeaderElection16] INFO  server.RaftServer$Division (RaftServerImpl.java:setRole(321)) - a30d3908-8fda-4427-9d38-ec2047457aa6@group-94F2C8ABCA4D: changes role from CANDIDATE to LEADER at term 1 for changeToLeader
2023-01-10 01:13:20,905 [a30d3908-8fda-4427-9d38-ec2047457aa6@group-94F2C8ABCA4D-LeaderElection16] INFO  ratis.XceiverServerRatis (XceiverServerRatis.java:handleLeaderChangedNotification(904)) - Leader change notification received for group: group-94F2C8ABCA4D with new leaderId: a30d3908-8fda-4427-9d38-ec2047457aa6
2023-01-10 01:13:20,905 [a30d3908-8fda-4427-9d38-ec2047457aa6@group-94F2C8ABCA4D-LeaderElection16] INFO  server.RaftServer$Division (ServerState.java:setLeader(313)) - a30d3908-8fda-4427-9d38-ec2047457aa6@group-94F2C8ABCA4D: change Leader from null to a30d3908-8fda-4427-9d38-ec2047457aa6 at term 1 for becomeLeader, leader elected after 5081ms
2023-01-10 01:13:20,905 [a30d3908-8fda-4427-9d38-ec2047457aa6@group-94F2C8ABCA4D-LeaderElection16] INFO  server.RaftServerConfigKeys (ConfUtils.java:logGet(46)) - raft.server.staging.catchup.gap = 1000 (default)
2023-01-10 01:13:20,905 [a30d3908-8fda-4427-9d38-ec2047457aa6@group-94F2C8ABCA4D-LeaderElection16] INFO  server.RaftServerConfigKeys (ConfUtils.java:logGet(46)) - raft.server.write.element-limit = 1024 (custom)
2023-01-10 01:13:20,905 [a30d3908-8fda-4427-9d38-ec2047457aa6@group-94F2C8ABCA4D-LeaderElection16] INFO  server.RaftServerConfigKeys (ConfUtils.java:logGet(46)) - raft.server.write.byte-limit = 1024 M (=1073741824) (custom)
2023-01-10 01:13:20,905 [a30d3908-8fda-4427-9d38-ec2047457aa6@group-94F2C8ABCA4D-LeaderElection16] INFO  server.RaftServerConfigKeys (ConfUtils.java:logGet(46)) - raft.server.watch.timeout = 180s (custom)
2023-01-10 01:13:20,905 [a30d3908-8fda-4427-9d38-ec2047457aa6@group-94F2C8ABCA4D-LeaderElection16] INFO  server.RaftServerConfigKeys (ConfUtils.java:logGet(46)) - raft.server.watch.timeout.denomination = 1s (default)
2023-01-10 01:13:20,906 [a30d3908-8fda-4427-9d38-ec2047457aa6@group-94F2C8ABCA4D-LeaderElection16] INFO  server.RaftServerConfigKeys (ConfUtils.java:logGet(46)) - raft.server.watch.element-limit = 65536 (default)
2023-01-10 01:13:20,906 [a30d3908-8fda-4427-9d38-ec2047457aa6@group-94F2C8ABCA4D-LeaderElection16] INFO  server.RaftServerConfigKeys (ConfUtils.java:logGet(46)) - raft.server.write.element-limit = 1024 (custom)
2023-01-10 01:13:20,906 [a30d3908-8fda-4427-9d38-ec2047457aa6@group-94F2C8ABCA4D-LeaderElection16] INFO  server.RaftServerConfigKeys (ConfUtils.java:logGet(46)) - raft.server.write.follower.gap.ratio.max = -1.0 (default)
2023-01-10 01:13:20,906 [a30d3908-8fda-4427-9d38-ec2047457aa6@group-94F2C8ABCA4D-LeaderElection16] INFO  impl.RoleInfo (RoleInfo.java:updateAndGet(139)) - a30d3908-8fda-4427-9d38-ec2047457aa6: start a30d3908-8fda-4427-9d38-ec2047457aa6@group-94F2C8ABCA4D-LeaderStateImpl
2023-01-10 01:13:20,906 [a30d3908-8fda-4427-9d38-ec2047457aa6@group-94F2C8ABCA4D-LeaderElection16] INFO  segmented.SegmentedRaftLogWorker (SegmentedRaftLogWorker.java:startLogSegment(452)) - a30d3908-8fda-4427-9d38-ec2047457aa6@group-94F2C8ABCA4D-SegmentedRaftLogWorker: Starting segment from index:0
2023-01-10 01:13:20,908 [a30d3908-8fda-4427-9d38-ec2047457aa6@group-94F2C8ABCA4D-LeaderElection16] INFO  server.RaftServer$Division (ServerState.java:setRaftConf(430)) - a30d3908-8fda-4427-9d38-ec2047457aa6@group-94F2C8ABCA4D: set configuration 0: peers:[a30d3908-8fda-4427-9d38-ec2047457aa6|rpc:10.1.0.24:42995|dataStream:10.1.0.24:33861|priority:1|startupRole:FOLLOWER]|listeners:[], old=null
2023-01-10 01:13:20,908 [EventQueue-OpenPipelineForHealthyPipelineSafeModeRule] INFO  safemode.SCMSafeModeManager (HealthyPipelineSafeModeRule.java:process(137)) - SCM in safe mode. Healthy pipelines reported count is 0, required healthy pipeline reported count is 1
2023-01-10 01:13:20,908 [a30d3908-8fda-4427-9d38-ec2047457aa6@group-94F2C8ABCA4D-SegmentedRaftLogWorker] INFO  segmented.SegmentedRaftLogWorker (SegmentedRaftLogWorker.java:execute(656)) - a30d3908-8fda-4427-9d38-ec2047457aa6@group-94F2C8ABCA4D-SegmentedRaftLogWorker: created new log segment /home/runner/work/ozone/ozone/hadoop-ozone/integration-test/target/test-dir/MiniOzoneClusterImpl-87d91b25-fa0c-46b9-b442-f5a189e2cbc3/datanode-0/data/ratis/f68fb0ca-cff7-4b43-afd4-94f2c8abca4d/current/log_inprogress_0
2023-01-10 01:13:20,965 [a30d3908-8fda-4427-9d38-ec2047457aa6@group-0AED3D946A03-FollowerState] INFO  impl.FollowerState (FollowerState.java:run(143)) - a30d3908-8fda-4427-9d38-ec2047457aa6@group-0AED3D946A03-FollowerState: change to CANDIDATE, lastRpcElapsedTime:5111994614ns, electionTimeout:5111ms
2023-01-10 01:13:20,965 [a30d3908-8fda-4427-9d38-ec2047457aa6@group-0AED3D946A03-FollowerState] INFO  impl.RoleInfo (RoleInfo.java:shutdownFollowerState(110)) - a30d3908-8fda-4427-9d38-ec2047457aa6: shutdown a30d3908-8fda-4427-9d38-ec2047457aa6@group-0AED3D946A03-FollowerState
2023-01-10 01:13:20,965 [a30d3908-8fda-4427-9d38-ec2047457aa6@group-0AED3D946A03-FollowerState] INFO  server.RaftServer$Division (RaftServerImpl.java:setRole(321)) - a30d3908-8fda-4427-9d38-ec2047457aa6@group-0AED3D946A03: changes role from  FOLLOWER to CANDIDATE at term 0 for changeToCandidate
2023-01-10 01:13:20,965 [a30d3908-8fda-4427-9d38-ec2047457aa6@group-0AED3D946A03-FollowerState] INFO  server.RaftServerConfigKeys (ConfUtils.java:logGet(46)) - raft.server.leaderelection.pre-vote = false (custom)
2023-01-10 01:13:20,965 [a30d3908-8fda-4427-9d38-ec2047457aa6@group-0AED3D946A03-FollowerState] INFO  impl.RoleInfo (RoleInfo.java:updateAndGet(139)) - a30d3908-8fda-4427-9d38-ec2047457aa6: start a30d3908-8fda-4427-9d38-ec2047457aa6@group-0AED3D946A03-LeaderElection17
2023-01-10 01:13:20,971 [a30d3908-8fda-4427-9d38-ec2047457aa6@group-0AED3D946A03-LeaderElection17] INFO  impl.LeaderElection (LeaderElection.java:askForVotes(312)) - a30d3908-8fda-4427-9d38-ec2047457aa6@group-0AED3D946A03-LeaderElection17 ELECTION round 0: submit vote requests at term 1 for -1: peers:[e4ed2f3a-5aa6-4459-b26c-0c4683a8ebc0|rpc:10.1.0.24:37887|dataStream:10.1.0.24:40887|priority:0|startupRole:FOLLOWER, aede9520-44de-4c1e-ace9-e9f99ab0d9a8|rpc:10.1.0.24:33135|dataStream:10.1.0.24:43115|priority:0|startupRole:FOLLOWER, a30d3908-8fda-4427-9d38-ec2047457aa6|rpc:10.1.0.24:42995|dataStream:10.1.0.24:33861|priority:1|startupRole:FOLLOWER]|listeners:[], old=null
2023-01-10 01:13:20,972 [a30d3908-8fda-4427-9d38-ec2047457aa6@group-0AED3D946A03-LeaderElection17] INFO  server.RaftServerConfigKeys (ConfUtils.java:logFallback(53)) - raft.server.rpc.first-election.timeout.min = 5s (fallback to raft.server.rpc.timeout.min)
2023-01-10 01:13:20,972 [a30d3908-8fda-4427-9d38-ec2047457aa6@group-0AED3D946A03-LeaderElection17-1] INFO  server.GrpcServerProtocolClient (GrpcServerProtocolClient.java:<init>(63)) - Build channel for e4ed2f3a-5aa6-4459-b26c-0c4683a8ebc0
2023-01-10 01:13:20,972 [a30d3908-8fda-4427-9d38-ec2047457aa6@group-0AED3D946A03-LeaderElection17-2] INFO  server.GrpcServerProtocolClient (GrpcServerProtocolClient.java:<init>(63)) - Build channel for aede9520-44de-4c1e-ace9-e9f99ab0d9a8
2023-01-10 01:13:20,972 [a30d3908-8fda-4427-9d38-ec2047457aa6@group-0AED3D946A03-LeaderElection17] INFO  server.RaftServerConfigKeys (ConfUtils.java:logFallback(53)) - raft.server.rpc.first-election.timeout.max = 5200ms (fallback to raft.server.rpc.timeout.max)
2023-01-10 01:13:20,980 [grpc-default-executor-0] INFO  server.RaftServer$Division (RaftServerImpl.java:requestVote(1218)) - aede9520-44de-4c1e-ace9-e9f99ab0d9a8@group-0AED3D946A03: receive requestVote(ELECTION, a30d3908-8fda-4427-9d38-ec2047457aa6, group-0AED3D946A03, 1, (t:0, i:0))
2023-01-10 01:13:20,980 [grpc-default-executor-0] INFO  impl.VoteContext (VoteContext.java:log(49)) - aede9520-44de-4c1e-ace9-e9f99ab0d9a8@group-0AED3D946A03-FOLLOWER: accept ELECTION from a30d3908-8fda-4427-9d38-ec2047457aa6: our priority 0 <= candidate's priority 1
2023-01-10 01:13:20,980 [grpc-default-executor-0] INFO  server.RaftServer$Division (RaftServerImpl.java:setRole(321)) - aede9520-44de-4c1e-ace9-e9f99ab0d9a8@group-0AED3D946A03: changes role from  FOLLOWER to FOLLOWER at term 1 for candidate:a30d3908-8fda-4427-9d38-ec2047457aa6
2023-01-10 01:13:20,980 [grpc-default-executor-0] INFO  impl.RoleInfo (RoleInfo.java:shutdownFollowerState(110)) - aede9520-44de-4c1e-ace9-e9f99ab0d9a8: shutdown aede9520-44de-4c1e-ace9-e9f99ab0d9a8@group-0AED3D946A03-FollowerState
2023-01-10 01:13:20,980 [grpc-default-executor-0] INFO  impl.RoleInfo (RoleInfo.java:updateAndGet(139)) - aede9520-44de-4c1e-ace9-e9f99ab0d9a8: start aede9520-44de-4c1e-ace9-e9f99ab0d9a8@group-0AED3D946A03-FollowerState
2023-01-10 01:13:20,981 [aede9520-44de-4c1e-ace9-e9f99ab0d9a8@group-0AED3D946A03-FollowerState] INFO  impl.FollowerState (FollowerState.java:run(152)) - aede9520-44de-4c1e-ace9-e9f99ab0d9a8@group-0AED3D946A03-FollowerState was interrupted
2023-01-10 01:13:20,982 [aede9520-44de-4c1e-ace9-e9f99ab0d9a8@group-0AED3D946A03-FollowerState] INFO  server.RaftServerConfigKeys (ConfUtils.java:logFallback(53)) - raft.server.rpc.first-election.timeout.min = 5s (fallback to raft.server.rpc.timeout.min)
2023-01-10 01:13:20,982 [aede9520-44de-4c1e-ace9-e9f99ab0d9a8@group-0AED3D946A03-FollowerState] INFO  server.RaftServerConfigKeys (ConfUtils.java:logFallback(53)) - raft.server.rpc.first-election.timeout.max = 5200ms (fallback to raft.server.rpc.timeout.max)
2023-01-10 01:13:20,983 [grpc-default-executor-0] INFO  server.RaftServer$Division (RaftServerImpl.java:requestVote(1251)) - aede9520-44de-4c1e-ace9-e9f99ab0d9a8@group-0AED3D946A03 replies to ELECTION vote request: a30d3908-8fda-4427-9d38-ec2047457aa6<-aede9520-44de-4c1e-ace9-e9f99ab0d9a8#0:OK-t1. Peer's state: aede9520-44de-4c1e-ace9-e9f99ab0d9a8@group-0AED3D946A03:t1, leader=null, voted=a30d3908-8fda-4427-9d38-ec2047457aa6, raftlog=Memoized:aede9520-44de-4c1e-ace9-e9f99ab0d9a8@group-0AED3D946A03-SegmentedRaftLog:OPENED:c-1, conf=-1: peers:[e4ed2f3a-5aa6-4459-b26c-0c4683a8ebc0|rpc:10.1.0.24:37887|dataStream:10.1.0.24:40887|priority:0|startupRole:FOLLOWER, aede9520-44de-4c1e-ace9-e9f99ab0d9a8|rpc:10.1.0.24:33135|dataStream:10.1.0.24:43115|priority:0|startupRole:FOLLOWER, a30d3908-8fda-4427-9d38-ec2047457aa6|rpc:10.1.0.24:42995|dataStream:10.1.0.24:33861|priority:1|startupRole:FOLLOWER]|listeners:[], old=null
2023-01-10 01:13:20,985 [aede9520-44de-4c1e-ace9-e9f99ab0d9a8@group-4FE8910DBB79-FollowerState] INFO  impl.FollowerState (FollowerState.java:run(143)) - aede9520-44de-4c1e-ace9-e9f99ab0d9a8@group-4FE8910DBB79-FollowerState: change to CANDIDATE, lastRpcElapsedTime:5017191163ns, electionTimeout:5014ms
2023-01-10 01:13:20,986 [aede9520-44de-4c1e-ace9-e9f99ab0d9a8@group-4FE8910DBB79-FollowerState] INFO  impl.RoleInfo (RoleInfo.java:shutdownFollowerState(110)) - aede9520-44de-4c1e-ace9-e9f99ab0d9a8: shutdown aede9520-44de-4c1e-ace9-e9f99ab0d9a8@group-4FE8910DBB79-FollowerState
2023-01-10 01:13:20,986 [aede9520-44de-4c1e-ace9-e9f99ab0d9a8@group-4FE8910DBB79-FollowerState] INFO  server.RaftServer$Division (RaftServerImpl.java:setRole(321)) - aede9520-44de-4c1e-ace9-e9f99ab0d9a8@group-4FE8910DBB79: changes role from  FOLLOWER to CANDIDATE at term 0 for changeToCandidate
2023-01-10 01:13:20,986 [aede9520-44de-4c1e-ace9-e9f99ab0d9a8@group-4FE8910DBB79-FollowerState] INFO  server.RaftServerConfigKeys (ConfUtils.java:logGet(46)) - raft.server.leaderelection.pre-vote = false (custom)
2023-01-10 01:13:20,986 [aede9520-44de-4c1e-ace9-e9f99ab0d9a8@group-4FE8910DBB79-FollowerState] INFO  impl.RoleInfo (RoleInfo.java:updateAndGet(139)) - aede9520-44de-4c1e-ace9-e9f99ab0d9a8: start aede9520-44de-4c1e-ace9-e9f99ab0d9a8@group-4FE8910DBB79-LeaderElection18
2023-01-10 01:13:20,986 [a30d3908-8fda-4427-9d38-ec2047457aa6@group-0AED3D946A03-LeaderElection17] INFO  impl.LeaderElection (LeaderElection.java:logAndReturn(90)) - a30d3908-8fda-4427-9d38-ec2047457aa6@group-0AED3D946A03-LeaderElection17: ELECTION PASSED received 1 response(s) and 0 exception(s):
2023-01-10 01:13:20,986 [a30d3908-8fda-4427-9d38-ec2047457aa6@group-0AED3D946A03-LeaderElection17] INFO  impl.LeaderElection (LeaderElection.java:logAndReturn(94)) -   Response 0: a30d3908-8fda-4427-9d38-ec2047457aa6<-aede9520-44de-4c1e-ace9-e9f99ab0d9a8#0:OK-t1
2023-01-10 01:13:20,986 [a30d3908-8fda-4427-9d38-ec2047457aa6@group-0AED3D946A03-LeaderElection17] INFO  impl.LeaderElection (LeaderElection.java:askForVotes(314)) - a30d3908-8fda-4427-9d38-ec2047457aa6@group-0AED3D946A03-LeaderElection17 ELECTION round 0: result PASSED
2023-01-10 01:13:20,986 [a30d3908-8fda-4427-9d38-ec2047457aa6@group-0AED3D946A03-LeaderElection17] INFO  impl.RoleInfo (RoleInfo.java:shutdownLeaderElection(130)) - a30d3908-8fda-4427-9d38-ec2047457aa6: shutdown a30d3908-8fda-4427-9d38-ec2047457aa6@group-0AED3D946A03-LeaderElection17
2023-01-10 01:13:20,986 [a30d3908-8fda-4427-9d38-ec2047457aa6@group-0AED3D946A03-LeaderElection17] INFO  server.RaftServer$Division (RaftServerImpl.java:setRole(321)) - a30d3908-8fda-4427-9d38-ec2047457aa6@group-0AED3D946A03: changes role from CANDIDATE to LEADER at term 1 for changeToLeader
2023-01-10 01:13:20,986 [a30d3908-8fda-4427-9d38-ec2047457aa6@group-0AED3D946A03-LeaderElection17] INFO  ratis.XceiverServerRatis (XceiverServerRatis.java:handleLeaderChangedNotification(904)) - Leader change notification received for group: group-0AED3D946A03 with new leaderId: a30d3908-8fda-4427-9d38-ec2047457aa6
2023-01-10 01:13:20,986 [a30d3908-8fda-4427-9d38-ec2047457aa6@group-0AED3D946A03-LeaderElection17] INFO  server.RaftServer$Division (ServerState.java:setLeader(313)) - a30d3908-8fda-4427-9d38-ec2047457aa6@group-0AED3D946A03: change Leader from null to a30d3908-8fda-4427-9d38-ec2047457aa6 at term 1 for becomeLeader, leader elected after 5146ms
2023-01-10 01:13:20,987 [a30d3908-8fda-4427-9d38-ec2047457aa6@group-0AED3D946A03-LeaderElection17] INFO  server.RaftServerConfigKeys (ConfUtils.java:logGet(46)) - raft.server.staging.catchup.gap = 1000 (default)
2023-01-10 01:13:20,987 [a30d3908-8fda-4427-9d38-ec2047457aa6@group-0AED3D946A03-LeaderElection17] INFO  server.RaftServerConfigKeys (ConfUtils.java:logGet(46)) - raft.server.write.element-limit = 1024 (custom)
2023-01-10 01:13:20,987 [a30d3908-8fda-4427-9d38-ec2047457aa6@group-0AED3D946A03-LeaderElection17] INFO  server.RaftServerConfigKeys (ConfUtils.java:logGet(46)) - raft.server.write.byte-limit = 1024 M (=1073741824) (custom)
2023-01-10 01:13:20,987 [a30d3908-8fda-4427-9d38-ec2047457aa6@group-0AED3D946A03-LeaderElection17] INFO  server.RaftServerConfigKeys (ConfUtils.java:logGet(46)) - raft.server.watch.timeout = 180s (custom)
2023-01-10 01:13:20,987 [a30d3908-8fda-4427-9d38-ec2047457aa6@group-0AED3D946A03-LeaderElection17] INFO  server.RaftServerConfigKeys (ConfUtils.java:logGet(46)) - raft.server.watch.timeout.denomination = 1s (default)
2023-01-10 01:13:20,987 [a30d3908-8fda-4427-9d38-ec2047457aa6@group-0AED3D946A03-LeaderElection17] INFO  server.RaftServerConfigKeys (ConfUtils.java:logGet(46)) - raft.server.watch.element-limit = 65536 (default)
2023-01-10 01:13:20,987 [a30d3908-8fda-4427-9d38-ec2047457aa6@group-0AED3D946A03-LeaderElection17] INFO  server.RaftServerConfigKeys (ConfUtils.java:logGet(46)) - raft.server.write.element-limit = 1024 (custom)
2023-01-10 01:13:20,987 [a30d3908-8fda-4427-9d38-ec2047457aa6@group-0AED3D946A03-LeaderElection17] INFO  server.RaftServerConfigKeys (ConfUtils.java:logGet(46)) - raft.server.write.follower.gap.ratio.max = -1.0 (default)
2023-01-10 01:13:20,987 [a30d3908-8fda-4427-9d38-ec2047457aa6@group-0AED3D946A03-LeaderElection17] INFO  server.RaftServerConfigKeys (ConfUtils.java:logGet(46)) - raft.server.log.appender.snapshot.chunk.size.max = 16MB (=16777216) (default)
2023-01-10 01:13:20,988 [a30d3908-8fda-4427-9d38-ec2047457aa6@group-0AED3D946A03-LeaderElection17] INFO  server.RaftServerConfigKeys (ConfUtils.java:logGet(46)) - raft.server.log.appender.buffer.byte-limit = 33554432 (custom)
2023-01-10 01:13:20,988 [a30d3908-8fda-4427-9d38-ec2047457aa6@group-0AED3D946A03-LeaderElection17] INFO  server.RaftServerConfigKeys (ConfUtils.java:logGet(46)) - raft.server.log.appender.buffer.element-limit = 1 (custom)
2023-01-10 01:13:20,988 [a30d3908-8fda-4427-9d38-ec2047457aa6@group-0AED3D946A03-LeaderElection17] INFO  grpc.GrpcConfigKeys (ConfUtils.java:logGet(46)) - raft.grpc.server.leader.outstanding.appends.max = 128 (default)
2023-01-10 01:13:20,988 [a30d3908-8fda-4427-9d38-ec2047457aa6@group-0AED3D946A03-LeaderElection17] INFO  server.RaftServerConfigKeys (ConfUtils.java:logGet(46)) - raft.server.rpc.request.timeout = 60s (custom)
2023-01-10 01:13:20,988 [a30d3908-8fda-4427-9d38-ec2047457aa6@group-0AED3D946A03-LeaderElection17] INFO  server.RaftServerConfigKeys (ConfUtils.java:logGet(46)) - raft.server.log.appender.install.snapshot.enabled = false (custom)
2023-01-10 01:13:20,988 [a30d3908-8fda-4427-9d38-ec2047457aa6@group-0AED3D946A03-LeaderElection17] INFO  grpc.GrpcConfigKeys (ConfUtils.java:logGet(46)) - raft.grpc.server.heartbeat.channel = true (default)
2023-01-10 01:13:20,988 [a30d3908-8fda-4427-9d38-ec2047457aa6@group-0AED3D946A03-LeaderElection17] INFO  server.RaftServerConfigKeys (ConfUtils.java:logGet(46)) - raft.server.log.appender.wait-time.min = 10ms (default)
2023-01-10 01:13:20,989 [a30d3908-8fda-4427-9d38-ec2047457aa6@group-0AED3D946A03-LeaderElection17] INFO  server.RaftServerConfigKeys (ConfUtils.java:logGet(46)) - raft.server.log.appender.snapshot.chunk.size.max = 16MB (=16777216) (default)
2023-01-10 01:13:20,989 [a30d3908-8fda-4427-9d38-ec2047457aa6@group-0AED3D946A03-LeaderElection17] INFO  server.RaftServerConfigKeys (ConfUtils.java:logGet(46)) - raft.server.log.appender.buffer.byte-limit = 33554432 (custom)
2023-01-10 01:13:20,989 [a30d3908-8fda-4427-9d38-ec2047457aa6@group-0AED3D946A03-LeaderElection17] INFO  server.RaftServerConfigKeys (ConfUtils.java:logGet(46)) - raft.server.log.appender.buffer.element-limit = 1 (custom)
2023-01-10 01:13:20,989 [a30d3908-8fda-4427-9d38-ec2047457aa6@group-0AED3D946A03-LeaderElection17] INFO  grpc.GrpcConfigKeys (ConfUtils.java:logGet(46)) - raft.grpc.server.leader.outstanding.appends.max = 128 (default)
2023-01-10 01:13:20,989 [a30d3908-8fda-4427-9d38-ec2047457aa6@group-0AED3D946A03-LeaderElection17] INFO  server.RaftServerConfigKeys (ConfUtils.java:logGet(46)) - raft.server.rpc.request.timeout = 60s (custom)
2023-01-10 01:13:20,989 [a30d3908-8fda-4427-9d38-ec2047457aa6@group-0AED3D946A03-LeaderElection17] INFO  server.RaftServerConfigKeys (ConfUtils.java:logGet(46)) - raft.server.log.appender.install.snapshot.enabled = false (custom)
2023-01-10 01:13:20,989 [a30d3908-8fda-4427-9d38-ec2047457aa6@group-0AED3D946A03-LeaderElection17] INFO  grpc.GrpcConfigKeys (ConfUtils.java:logGet(46)) - raft.grpc.server.heartbeat.channel = true (default)
2023-01-10 01:13:20,989 [a30d3908-8fda-4427-9d38-ec2047457aa6@group-0AED3D946A03-LeaderElection17] INFO  server.RaftServerConfigKeys (ConfUtils.java:logGet(46)) - raft.server.log.appender.wait-time.min = 10ms (default)
2023-01-10 01:13:20,991 [EventQueue-PipelineReportForPipelineReportHandler] INFO  pipeline.PipelineManagerImpl (PipelineManagerImpl.java:openPipeline(367)) - Pipeline Pipeline[ Id: 7597bae2-f410-4e03-881e-0aed3d946a03, Nodes: e4ed2f3a-5aa6-4459-b26c-0c4683a8ebc0{ip: 10.1.0.24, host: fv-az353-623.tkyx2seitsuu3nmpmouz2httfb.bx.internal.cloudapp.net, ports: [REPLICATION=35361, RATIS=37887, RATIS_ADMIN=37887, RATIS_SERVER=37887, RATIS_DATASTREAM=40887, STANDALONE=33455], networkLocation: /default-rack, certSerialId: null, persistedOpState: IN_SERVICE, persistedOpStateExpiryEpochSec: 0}a30d3908-8fda-4427-9d38-ec2047457aa6{ip: 10.1.0.24, host: fv-az353-623.tkyx2seitsuu3nmpmouz2httfb.bx.internal.cloudapp.net, ports: [REPLICATION=42007, RATIS=42995, RATIS_ADMIN=42995, RATIS_SERVER=42995, RATIS_DATASTREAM=33861, STANDALONE=38283], networkLocation: /default-rack, certSerialId: null, persistedOpState: IN_SERVICE, persistedOpStateExpiryEpochSec: 0}aede9520-44de-4c1e-ace9-e9f99ab0d9a8{ip: 10.1.0.24, host: fv-az353-623.tkyx2seitsuu3nmpmouz2httfb.bx.internal.cloudapp.net, ports: [REPLICATION=33193, RATIS=33135, RATIS_ADMIN=33135, RATIS_SERVER=33135, RATIS_DATASTREAM=43115, STANDALONE=45951], networkLocation: /default-rack, certSerialId: null, persistedOpState: IN_SERVICE, persistedOpStateExpiryEpochSec: 0}, ReplicationConfig: RATIS/THREE, State:ALLOCATED, leaderId:a30d3908-8fda-4427-9d38-ec2047457aa6, CreationTimestamp2023-01-10T01:13:13.435Z[Etc/UTC]] moved to OPEN state
2023-01-10 01:13:20,992 [EventQueue-OpenPipelineForHealthyPipelineSafeModeRule] INFO  safemode.SCMSafeModeManager (HealthyPipelineSafeModeRule.java:process(137)) - SCM in safe mode. Healthy pipelines reported count is 0, required healthy pipeline reported count is 1
2023-01-10 01:13:20,992 [EventQueue-OpenPipelineForHealthyPipelineSafeModeRule] INFO  safemode.SCMSafeModeManager (HealthyPipelineSafeModeRule.java:process(137)) - SCM in safe mode. Healthy pipelines reported count is 1, required healthy pipeline reported count is 1
2023-01-10 01:13:20,992 [EventQueue-OpenPipelineForHealthyPipelineSafeModeRule] INFO  safemode.SCMSafeModeManager (SCMSafeModeManager.java:validateSafeModeExitRules(200)) - HealthyPipelineSafeModeRule rule is successfully validated
2023-01-10 01:13:20,992 [EventQueue-OpenPipelineForHealthyPipelineSafeModeRule] INFO  safemode.SCMSafeModeManager (SCMSafeModeManager.java:validateSafeModeExitRules(215)) - ScmSafeModeManager, all rules are successfully validated
2023-01-10 01:13:20,992 [EventQueue-OpenPipelineForHealthyPipelineSafeModeRule] INFO  safemode.SCMSafeModeManager (SCMSafeModeManager.java:exitSafeMode(244)) - SCM exiting safe mode.
2023-01-10 01:13:20,992 [EventQueue-OpenPipelineForHealthyPipelineSafeModeRule] INFO  ha.SCMContext (SCMContext.java:updateSafeModeStatus(228)) - Update SafeModeStatus from SafeModeStatus{safeModeStatus=true, preCheckPassed=true} to SafeModeStatus{safeModeStatus=false, preCheckPassed=true}.
2023-01-10 01:13:20,992 [EventQueue-OpenPipelineForHealthyPipelineSafeModeRule] INFO  pipeline.BackgroundPipelineCreator (BackgroundPipelineCreator.java:notifyStatusChanged(254)) - Service BackgroundPipelineCreator transitions to RUNNING.
2023-01-10 01:13:20,992 [EventQueue-OpenPipelineForHealthyPipelineSafeModeRule] INFO  BackgroundPipelineScrubber (BackgroundSCMService.java:notifyStatusChanged(82)) - Service BackgroundPipelineScrubber transitions to RUNNING.
2023-01-10 01:13:20,992 [EventQueue-OpenPipelineForHealthyPipelineSafeModeRule] INFO  ExpiredContainerReplicaOpScrubber (BackgroundSCMService.java:notifyStatusChanged(82)) - Service ExpiredContainerReplicaOpScrubber transitions to RUNNING.
2023-01-10 01:13:20,992 [EventQueue-OpenPipelineForHealthyPipelineSafeModeRule] INFO  replication.ReplicationManager (ReplicationManager.java:notifyStatusChanged(918)) - Service ReplicationManager transitions to RUNNING.
2023-01-10 01:13:20,992 [EventQueue-OpenPipelineForHealthyPipelineSafeModeRule] WARN  balancer.ContainerBalancer (ContainerBalancer.java:shouldRun(131)) - Could not find persisted configuration for ContainerBalancer when checking if ContainerBalancer should run. ContainerBalancer should not run now.
2023-01-10 01:13:20,993 [a30d3908-8fda-4427-9d38-ec2047457aa6@group-0AED3D946A03-LeaderElection17] INFO  impl.RoleInfo (RoleInfo.java:updateAndGet(139)) - a30d3908-8fda-4427-9d38-ec2047457aa6: start a30d3908-8fda-4427-9d38-ec2047457aa6@group-0AED3D946A03-LeaderStateImpl
2023-01-10 01:13:20,993 [a30d3908-8fda-4427-9d38-ec2047457aa6@group-0AED3D946A03-LeaderElection17] INFO  segmented.SegmentedRaftLogWorker (SegmentedRaftLogWorker.java:startLogSegment(452)) - a30d3908-8fda-4427-9d38-ec2047457aa6@group-0AED3D946A03-SegmentedRaftLogWorker: Starting segment from index:0
2023-01-10 01:13:20,994 [a30d3908-8fda-4427-9d38-ec2047457aa6@group-0AED3D946A03-SegmentedRaftLogWorker] INFO  segmented.SegmentedRaftLogWorker (SegmentedRaftLogWorker.java:execute(656)) - a30d3908-8fda-4427-9d38-ec2047457aa6@group-0AED3D946A03-SegmentedRaftLogWorker: created new log segment /home/runner/work/ozone/ozone/hadoop-ozone/integration-test/target/test-dir/MiniOzoneClusterImpl-87d91b25-fa0c-46b9-b442-f5a189e2cbc3/datanode-0/data/ratis/7597bae2-f410-4e03-881e-0aed3d946a03/current/log_inprogress_0
2023-01-10 01:13:20,996 [aede9520-44de-4c1e-ace9-e9f99ab0d9a8@group-4FE8910DBB79-LeaderElection18] INFO  impl.LeaderElection (LeaderElection.java:askForVotes(312)) - aede9520-44de-4c1e-ace9-e9f99ab0d9a8@group-4FE8910DBB79-LeaderElection18 ELECTION round 0: submit vote requests at term 1 for -1: peers:[e4ed2f3a-5aa6-4459-b26c-0c4683a8ebc0|rpc:10.1.0.24:37887|dataStream:10.1.0.24:40887|priority:0|startupRole:FOLLOWER, aede9520-44de-4c1e-ace9-e9f99ab0d9a8|rpc:10.1.0.24:33135|dataStream:10.1.0.24:43115|priority:1|startupRole:FOLLOWER, a30d3908-8fda-4427-9d38-ec2047457aa6|rpc:10.1.0.24:42995|dataStream:10.1.0.24:33861|priority:0|startupRole:FOLLOWER]|listeners:[], old=null
2023-01-10 01:13:21,000 [grpc-default-executor-1] INFO  server.RaftServer$Division (RaftServerImpl.java:requestVote(1218)) - e4ed2f3a-5aa6-4459-b26c-0c4683a8ebc0@group-0AED3D946A03: receive requestVote(ELECTION, a30d3908-8fda-4427-9d38-ec2047457aa6, group-0AED3D946A03, 1, (t:0, i:0))
2023-01-10 01:13:21,000 [aede9520-44de-4c1e-ace9-e9f99ab0d9a8@group-4FE8910DBB79-LeaderElection18-1] INFO  server.GrpcServerProtocolClient (GrpcServerProtocolClient.java:<init>(63)) - Build channel for e4ed2f3a-5aa6-4459-b26c-0c4683a8ebc0
2023-01-10 01:13:21,001 [e4ed2f3a-5aa6-4459-b26c-0c4683a8ebc0-server-thread1] INFO  ratis.XceiverServerRatis (XceiverServerRatis.java:handleLeaderChangedNotification(904)) - Leader change notification received for group: group-0AED3D946A03 with new leaderId: a30d3908-8fda-4427-9d38-ec2047457aa6
2023-01-10 01:13:21,001 [e4ed2f3a-5aa6-4459-b26c-0c4683a8ebc0-server-thread1] INFO  server.RaftServer$Division (ServerState.java:setLeader(313)) - e4ed2f3a-5aa6-4459-b26c-0c4683a8ebc0@group-0AED3D946A03: change Leader from null to a30d3908-8fda-4427-9d38-ec2047457aa6 at term 1 for appendEntries, leader elected after 5129ms
2023-01-10 01:13:21,003 [aede9520-44de-4c1e-ace9-e9f99ab0d9a8@group-4FE8910DBB79-LeaderElection18] INFO  server.RaftServerConfigKeys (ConfUtils.java:logFallback(53)) - raft.server.rpc.first-election.timeout.min = 5s (fallback to raft.server.rpc.timeout.min)
2023-01-10 01:13:21,003 [aede9520-44de-4c1e-ace9-e9f99ab0d9a8@group-4FE8910DBB79-LeaderElection18] INFO  server.RaftServerConfigKeys (ConfUtils.java:logFallback(53)) - raft.server.rpc.first-election.timeout.max = 5200ms (fallback to raft.server.rpc.timeout.max)
2023-01-10 01:13:21,003 [aede9520-44de-4c1e-ace9-e9f99ab0d9a8@group-4FE8910DBB79-LeaderElection18-2] INFO  server.GrpcServerProtocolClient (GrpcServerProtocolClient.java:<init>(63)) - Build channel for a30d3908-8fda-4427-9d38-ec2047457aa6
2023-01-10 01:13:21,006 [a30d3908-8fda-4427-9d38-ec2047457aa6@group-0AED3D946A03-LeaderElection17] INFO  server.RaftServer$Division (ServerState.java:setRaftConf(430)) - a30d3908-8fda-4427-9d38-ec2047457aa6@group-0AED3D946A03: set configuration 0: peers:[e4ed2f3a-5aa6-4459-b26c-0c4683a8ebc0|rpc:10.1.0.24:37887|dataStream:10.1.0.24:40887|priority:0|startupRole:FOLLOWER, aede9520-44de-4c1e-ace9-e9f99ab0d9a8|rpc:10.1.0.24:33135|dataStream:10.1.0.24:43115|priority:0|startupRole:FOLLOWER, a30d3908-8fda-4427-9d38-ec2047457aa6|rpc:10.1.0.24:42995|dataStream:10.1.0.24:33861|priority:1|startupRole:FOLLOWER]|listeners:[], old=null
2023-01-10 01:13:21,007 [grpc-default-executor-1] INFO  impl.VoteContext (VoteContext.java:log(49)) - e4ed2f3a-5aa6-4459-b26c-0c4683a8ebc0@group-0AED3D946A03-FOLLOWER: reject ELECTION from a30d3908-8fda-4427-9d38-ec2047457aa6: this server is a follower and still has a valid leader a30d3908-8fda-4427-9d38-ec2047457aa6
2023-01-10 01:13:21,007 [grpc-default-executor-1] INFO  server.RaftServer$Division (RaftServerImpl.java:requestVote(1251)) - e4ed2f3a-5aa6-4459-b26c-0c4683a8ebc0@group-0AED3D946A03 replies to ELECTION vote request: a30d3908-8fda-4427-9d38-ec2047457aa6<-e4ed2f3a-5aa6-4459-b26c-0c4683a8ebc0#0:FAIL-t1. Peer's state: e4ed2f3a-5aa6-4459-b26c-0c4683a8ebc0@group-0AED3D946A03:t1, leader=a30d3908-8fda-4427-9d38-ec2047457aa6, voted=null, raftlog=Memoized:e4ed2f3a-5aa6-4459-b26c-0c4683a8ebc0@group-0AED3D946A03-SegmentedRaftLog:OPENED:c-1, conf=-1: peers:[e4ed2f3a-5aa6-4459-b26c-0c4683a8ebc0|rpc:10.1.0.24:37887|dataStream:10.1.0.24:40887|priority:0|startupRole:FOLLOWER, aede9520-44de-4c1e-ace9-e9f99ab0d9a8|rpc:10.1.0.24:33135|dataStream:10.1.0.24:43115|priority:0|startupRole:FOLLOWER, a30d3908-8fda-4427-9d38-ec2047457aa6|rpc:10.1.0.24:42995|dataStream:10.1.0.24:33861|priority:1|startupRole:FOLLOWER]|listeners:[], old=null
2023-01-10 01:13:21,024 [grpc-default-executor-4] INFO  server.RaftServer$Division (RaftServerImpl.java:requestVote(1218)) - e4ed2f3a-5aa6-4459-b26c-0c4683a8ebc0@group-4FE8910DBB79: receive requestVote(ELECTION, aede9520-44de-4c1e-ace9-e9f99ab0d9a8, group-4FE8910DBB79, 1, (t:0, i:0))
2023-01-10 01:13:21,024 [grpc-default-executor-4] INFO  impl.VoteContext (VoteContext.java:log(49)) - e4ed2f3a-5aa6-4459-b26c-0c4683a8ebc0@group-4FE8910DBB79-FOLLOWER: accept ELECTION from aede9520-44de-4c1e-ace9-e9f99ab0d9a8: our priority 0 <= candidate's priority 1
2023-01-10 01:13:21,024 [grpc-default-executor-4] INFO  server.RaftServer$Division (RaftServerImpl.java:setRole(321)) - e4ed2f3a-5aa6-4459-b26c-0c4683a8ebc0@group-4FE8910DBB79: changes role from  FOLLOWER to FOLLOWER at term 1 for candidate:aede9520-44de-4c1e-ace9-e9f99ab0d9a8
2023-01-10 01:13:21,024 [grpc-default-executor-4] INFO  impl.RoleInfo (RoleInfo.java:shutdownFollowerState(110)) - e4ed2f3a-5aa6-4459-b26c-0c4683a8ebc0: shutdown e4ed2f3a-5aa6-4459-b26c-0c4683a8ebc0@group-4FE8910DBB79-FollowerState
2023-01-10 01:13:21,025 [grpc-default-executor-4] INFO  impl.RoleInfo (RoleInfo.java:updateAndGet(139)) - e4ed2f3a-5aa6-4459-b26c-0c4683a8ebc0: start e4ed2f3a-5aa6-4459-b26c-0c4683a8ebc0@group-4FE8910DBB79-FollowerState
2023-01-10 01:13:21,025 [e4ed2f3a-5aa6-4459-b26c-0c4683a8ebc0@group-4FE8910DBB79-FollowerState] INFO  impl.FollowerState (FollowerState.java:run(152)) - e4ed2f3a-5aa6-4459-b26c-0c4683a8ebc0@group-4FE8910DBB79-FollowerState was interrupted
2023-01-10 01:13:21,027 [e4ed2f3a-5aa6-4459-b26c-0c4683a8ebc0@group-4FE8910DBB79-FollowerState] INFO  server.RaftServerConfigKeys (ConfUtils.java:logFallback(53)) - raft.server.rpc.first-election.timeout.min = 5s (fallback to raft.server.rpc.timeout.min)
2023-01-10 01:13:21,027 [grpc-default-executor-4] INFO  server.RaftServer$Division (RaftServerImpl.java:requestVote(1251)) - e4ed2f3a-5aa6-4459-b26c-0c4683a8ebc0@group-4FE8910DBB79 replies to ELECTION vote request: aede9520-44de-4c1e-ace9-e9f99ab0d9a8<-e4ed2f3a-5aa6-4459-b26c-0c4683a8ebc0#0:OK-t1. Peer's state: e4ed2f3a-5aa6-4459-b26c-0c4683a8ebc0@group-4FE8910DBB79:t1, leader=null, voted=aede9520-44de-4c1e-ace9-e9f99ab0d9a8, raftlog=Memoized:e4ed2f3a-5aa6-4459-b26c-0c4683a8ebc0@group-4FE8910DBB79-SegmentedRaftLog:OPENED:c-1, conf=-1: peers:[e4ed2f3a-5aa6-4459-b26c-0c4683a8ebc0|rpc:10.1.0.24:37887|dataStream:10.1.0.24:40887|priority:0|startupRole:FOLLOWER, aede9520-44de-4c1e-ace9-e9f99ab0d9a8|rpc:10.1.0.24:33135|dataStream:10.1.0.24:43115|priority:1|startupRole:FOLLOWER, a30d3908-8fda-4427-9d38-ec2047457aa6|rpc:10.1.0.24:42995|dataStream:10.1.0.24:33861|priority:0|startupRole:FOLLOWER]|listeners:[], old=null
2023-01-10 01:13:21,027 [e4ed2f3a-5aa6-4459-b26c-0c4683a8ebc0@group-4FE8910DBB79-FollowerState] INFO  server.RaftServerConfigKeys (ConfUtils.java:logFallback(53)) - raft.server.rpc.first-election.timeout.max = 5200ms (fallback to raft.server.rpc.timeout.max)
2023-01-10 01:13:21,028 [aede9520-44de-4c1e-ace9-e9f99ab0d9a8-server-thread2] INFO  ratis.XceiverServerRatis (XceiverServerRatis.java:handleLeaderChangedNotification(904)) - Leader change notification received for group: group-0AED3D946A03 with new leaderId: a30d3908-8fda-4427-9d38-ec2047457aa6
2023-01-10 01:13:21,028 [aede9520-44de-4c1e-ace9-e9f99ab0d9a8-server-thread2] INFO  server.RaftServer$Division (ServerState.java:setLeader(313)) - aede9520-44de-4c1e-ace9-e9f99ab0d9a8@group-0AED3D946A03: change Leader from null to a30d3908-8fda-4427-9d38-ec2047457aa6 at term 1 for appendEntries, leader elected after 5125ms
2023-01-10 01:13:21,030 [e4ed2f3a-5aa6-4459-b26c-0c4683a8ebc0-server-thread2] INFO  server.RaftServer$Division (ServerState.java:setRaftConf(430)) - e4ed2f3a-5aa6-4459-b26c-0c4683a8ebc0@group-0AED3D946A03: set configuration 0: peers:[e4ed2f3a-5aa6-4459-b26c-0c4683a8ebc0|rpc:10.1.0.24:37887|dataStream:10.1.0.24:40887|priority:0|startupRole:FOLLOWER, aede9520-44de-4c1e-ace9-e9f99ab0d9a8|rpc:10.1.0.24:33135|dataStream:10.1.0.24:43115|priority:0|startupRole:FOLLOWER, a30d3908-8fda-4427-9d38-ec2047457aa6|rpc:10.1.0.24:42995|dataStream:10.1.0.24:33861|priority:1|startupRole:FOLLOWER]|listeners:[], old=null
2023-01-10 01:13:21,030 [e4ed2f3a-5aa6-4459-b26c-0c4683a8ebc0-server-thread2] INFO  segmented.SegmentedRaftLogWorker (SegmentedRaftLogWorker.java:startLogSegment(452)) - e4ed2f3a-5aa6-4459-b26c-0c4683a8ebc0@group-0AED3D946A03-SegmentedRaftLogWorker: Starting segment from index:0
2023-01-10 01:13:21,030 [grpc-default-executor-7] INFO  server.RaftServer$Division (RaftServerImpl.java:requestVote(1218)) - a30d3908-8fda-4427-9d38-ec2047457aa6@group-4FE8910DBB79: receive requestVote(ELECTION, aede9520-44de-4c1e-ace9-e9f99ab0d9a8, group-4FE8910DBB79, 1, (t:0, i:0))
2023-01-10 01:13:21,031 [grpc-default-executor-7] INFO  impl.VoteContext (VoteContext.java:log(49)) - a30d3908-8fda-4427-9d38-ec2047457aa6@group-4FE8910DBB79-FOLLOWER: accept ELECTION from aede9520-44de-4c1e-ace9-e9f99ab0d9a8: our priority 0 <= candidate's priority 1
2023-01-10 01:13:21,031 [grpc-default-executor-7] INFO  server.RaftServer$Division (RaftServerImpl.java:setRole(321)) - a30d3908-8fda-4427-9d38-ec2047457aa6@group-4FE8910DBB79: changes role from  FOLLOWER to FOLLOWER at term 1 for candidate:aede9520-44de-4c1e-ace9-e9f99ab0d9a8
2023-01-10 01:13:21,031 [grpc-default-executor-7] INFO  impl.RoleInfo (RoleInfo.java:shutdownFollowerState(110)) - a30d3908-8fda-4427-9d38-ec2047457aa6: shutdown a30d3908-8fda-4427-9d38-ec2047457aa6@group-4FE8910DBB79-FollowerState
2023-01-10 01:13:21,031 [grpc-default-executor-7] INFO  impl.RoleInfo (RoleInfo.java:updateAndGet(139)) - a30d3908-8fda-4427-9d38-ec2047457aa6: start a30d3908-8fda-4427-9d38-ec2047457aa6@group-4FE8910DBB79-FollowerState
2023-01-10 01:13:21,031 [aede9520-44de-4c1e-ace9-e9f99ab0d9a8-server-thread2] INFO  server.RaftServer$Division (ServerState.java:setRaftConf(430)) - aede9520-44de-4c1e-ace9-e9f99ab0d9a8@group-0AED3D946A03: set configuration 0: peers:[e4ed2f3a-5aa6-4459-b26c-0c4683a8ebc0|rpc:10.1.0.24:37887|dataStream:10.1.0.24:40887|priority:0|startupRole:FOLLOWER, aede9520-44de-4c1e-ace9-e9f99ab0d9a8|rpc:10.1.0.24:33135|dataStream:10.1.0.24:43115|priority:0|startupRole:FOLLOWER, a30d3908-8fda-4427-9d38-ec2047457aa6|rpc:10.1.0.24:42995|dataStream:10.1.0.24:33861|priority:1|startupRole:FOLLOWER]|listeners:[], old=null
2023-01-10 01:13:21,031 [aede9520-44de-4c1e-ace9-e9f99ab0d9a8-server-thread2] INFO  segmented.SegmentedRaftLogWorker (SegmentedRaftLogWorker.java:startLogSegment(452)) - aede9520-44de-4c1e-ace9-e9f99ab0d9a8@group-0AED3D946A03-SegmentedRaftLogWorker: Starting segment from index:0
2023-01-10 01:13:21,031 [a30d3908-8fda-4427-9d38-ec2047457aa6@group-4FE8910DBB79-FollowerState] INFO  impl.FollowerState (FollowerState.java:run(152)) - a30d3908-8fda-4427-9d38-ec2047457aa6@group-4FE8910DBB79-FollowerState was interrupted
2023-01-10 01:13:21,031 [aede9520-44de-4c1e-ace9-e9f99ab0d9a8@group-4FE8910DBB79-LeaderElection18] INFO  impl.LeaderElection (LeaderElection.java:logAndReturn(90)) - aede9520-44de-4c1e-ace9-e9f99ab0d9a8@group-4FE8910DBB79-LeaderElection18: ELECTION PASSED received 1 response(s) and 0 exception(s):
2023-01-10 01:13:21,031 [aede9520-44de-4c1e-ace9-e9f99ab0d9a8@group-4FE8910DBB79-LeaderElection18] INFO  impl.LeaderElection (LeaderElection.java:logAndReturn(94)) -   Response 0: aede9520-44de-4c1e-ace9-e9f99ab0d9a8<-e4ed2f3a-5aa6-4459-b26c-0c4683a8ebc0#0:OK-t1
2023-01-10 01:13:21,032 [e4ed2f3a-5aa6-4459-b26c-0c4683a8ebc0@group-0AED3D946A03-SegmentedRaftLogWorker] INFO  segmented.SegmentedRaftLogWorker (SegmentedRaftLogWorker.java:execute(656)) - e4ed2f3a-5aa6-4459-b26c-0c4683a8ebc0@group-0AED3D946A03-SegmentedRaftLogWorker: created new log segment /home/runner/work/ozone/ozone/hadoop-ozone/integration-test/target/test-dir/MiniOzoneClusterImpl-87d91b25-fa0c-46b9-b442-f5a189e2cbc3/datanode-1/data/ratis/7597bae2-f410-4e03-881e-0aed3d946a03/current/log_inprogress_0
2023-01-10 01:13:21,042 [aede9520-44de-4c1e-ace9-e9f99ab0d9a8@group-4FE8910DBB79-LeaderElection18] INFO  impl.LeaderElection (LeaderElection.java:askForVotes(314)) - aede9520-44de-4c1e-ace9-e9f99ab0d9a8@group-4FE8910DBB79-LeaderElection18 ELECTION round 0: result PASSED
2023-01-10 01:13:21,042 [aede9520-44de-4c1e-ace9-e9f99ab0d9a8@group-4FE8910DBB79-LeaderElection18] INFO  impl.RoleInfo (RoleInfo.java:shutdownLeaderElection(130)) - aede9520-44de-4c1e-ace9-e9f99ab0d9a8: shutdown aede9520-44de-4c1e-ace9-e9f99ab0d9a8@group-4FE8910DBB79-LeaderElection18
2023-01-10 01:13:21,042 [aede9520-44de-4c1e-ace9-e9f99ab0d9a8@group-4FE8910DBB79-LeaderElection18] INFO  server.RaftServer$Division (RaftServerImpl.java:setRole(321)) - aede9520-44de-4c1e-ace9-e9f99ab0d9a8@group-4FE8910DBB79: changes role from CANDIDATE to LEADER at term 1 for changeToLeader
2023-01-10 01:13:21,042 [aede9520-44de-4c1e-ace9-e9f99ab0d9a8@group-4FE8910DBB79-LeaderElection18] INFO  ratis.XceiverServerRatis (XceiverServerRatis.java:handleLeaderChangedNotification(904)) - Leader change notification received for group: group-4FE8910DBB79 with new leaderId: aede9520-44de-4c1e-ace9-e9f99ab0d9a8
2023-01-10 01:13:21,042 [aede9520-44de-4c1e-ace9-e9f99ab0d9a8@group-4FE8910DBB79-LeaderElection18] INFO  server.RaftServer$Division (ServerState.java:setLeader(313)) - aede9520-44de-4c1e-ace9-e9f99ab0d9a8@group-4FE8910DBB79: change Leader from null to aede9520-44de-4c1e-ace9-e9f99ab0d9a8 at term 1 for becomeLeader, leader elected after 5085ms
2023-01-10 01:13:21,042 [aede9520-44de-4c1e-ace9-e9f99ab0d9a8@group-4FE8910DBB79-LeaderElection18] INFO  server.RaftServerConfigKeys (ConfUtils.java:logGet(46)) - raft.server.staging.catchup.gap = 1000 (default)
2023-01-10 01:13:21,042 [aede9520-44de-4c1e-ace9-e9f99ab0d9a8@group-4FE8910DBB79-LeaderElection18] INFO  server.RaftServerConfigKeys (ConfUtils.java:logGet(46)) - raft.server.write.element-limit = 1024 (custom)
2023-01-10 01:13:21,042 [aede9520-44de-4c1e-ace9-e9f99ab0d9a8@group-4FE8910DBB79-LeaderElection18] INFO  server.RaftServerConfigKeys (ConfUtils.java:logGet(46)) - raft.server.write.byte-limit = 1024 M (=1073741824) (custom)
2023-01-10 01:13:21,043 [aede9520-44de-4c1e-ace9-e9f99ab0d9a8@group-4FE8910DBB79-LeaderElection18] INFO  server.RaftServerConfigKeys (ConfUtils.java:logGet(46)) - raft.server.watch.timeout = 180s (custom)
2023-01-10 01:13:21,043 [aede9520-44de-4c1e-ace9-e9f99ab0d9a8@group-4FE8910DBB79-LeaderElection18] INFO  server.RaftServerConfigKeys (ConfUtils.java:logGet(46)) - raft.server.watch.timeout.denomination = 1s (default)
2023-01-10 01:13:21,043 [aede9520-44de-4c1e-ace9-e9f99ab0d9a8@group-4FE8910DBB79-LeaderElection18] INFO  server.RaftServerConfigKeys (ConfUtils.java:logGet(46)) - raft.server.watch.element-limit = 65536 (default)
2023-01-10 01:13:21,043 [aede9520-44de-4c1e-ace9-e9f99ab0d9a8@group-4FE8910DBB79-LeaderElection18] INFO  server.RaftServerConfigKeys (ConfUtils.java:logGet(46)) - raft.server.write.element-limit = 1024 (custom)
2023-01-10 01:13:21,043 [aede9520-44de-4c1e-ace9-e9f99ab0d9a8@group-4FE8910DBB79-LeaderElection18] INFO  server.RaftServerConfigKeys (ConfUtils.java:logGet(46)) - raft.server.write.follower.gap.ratio.max = -1.0 (default)
2023-01-10 01:13:21,043 [aede9520-44de-4c1e-ace9-e9f99ab0d9a8@group-4FE8910DBB79-LeaderElection18] INFO  server.RaftServerConfigKeys (ConfUtils.java:logGet(46)) - raft.server.log.appender.snapshot.chunk.size.max = 16MB (=16777216) (default)
2023-01-10 01:13:21,043 [aede9520-44de-4c1e-ace9-e9f99ab0d9a8@group-4FE8910DBB79-LeaderElection18] INFO  server.RaftServerConfigKeys (ConfUtils.java:logGet(46)) - raft.server.log.appender.buffer.byte-limit = 33554432 (custom)
2023-01-10 01:13:21,043 [aede9520-44de-4c1e-ace9-e9f99ab0d9a8@group-4FE8910DBB79-LeaderElection18] INFO  server.RaftServerConfigKeys (ConfUtils.java:logGet(46)) - raft.server.log.appender.buffer.element-limit = 1 (custom)
2023-01-10 01:13:21,043 [aede9520-44de-4c1e-ace9-e9f99ab0d9a8@group-4FE8910DBB79-LeaderElection18] INFO  grpc.GrpcConfigKeys (ConfUtils.java:logGet(46)) - raft.grpc.server.leader.outstanding.appends.max = 128 (default)
2023-01-10 01:13:21,043 [aede9520-44de-4c1e-ace9-e9f99ab0d9a8@group-4FE8910DBB79-LeaderElection18] INFO  server.RaftServerConfigKeys (ConfUtils.java:logGet(46)) - raft.server.rpc.request.timeout = 60s (custom)
2023-01-10 01:13:21,043 [aede9520-44de-4c1e-ace9-e9f99ab0d9a8@group-4FE8910DBB79-LeaderElection18] INFO  server.RaftServerConfigKeys (ConfUtils.java:logGet(46)) - raft.server.log.appender.install.snapshot.enabled = false (custom)
2023-01-10 01:13:21,043 [aede9520-44de-4c1e-ace9-e9f99ab0d9a8@group-4FE8910DBB79-LeaderElection18] INFO  grpc.GrpcConfigKeys (ConfUtils.java:logGet(46)) - raft.grpc.server.heartbeat.channel = true (default)
2023-01-10 01:13:21,044 [aede9520-44de-4c1e-ace9-e9f99ab0d9a8@group-4FE8910DBB79-LeaderElection18] INFO  server.RaftServerConfigKeys (ConfUtils.java:logGet(46)) - raft.server.log.appender.wait-time.min = 10ms (default)
2023-01-10 01:13:21,044 [aede9520-44de-4c1e-ace9-e9f99ab0d9a8@group-4FE8910DBB79-LeaderElection18] INFO  server.RaftServerConfigKeys (ConfUtils.java:logGet(46)) - raft.server.log.appender.snapshot.chunk.size.max = 16MB (=16777216) (default)
2023-01-10 01:13:21,044 [aede9520-44de-4c1e-ace9-e9f99ab0d9a8@group-4FE8910DBB79-LeaderElection18] INFO  server.RaftServerConfigKeys (ConfUtils.java:logGet(46)) - raft.server.log.appender.buffer.byte-limit = 33554432 (custom)
2023-01-10 01:13:21,044 [aede9520-44de-4c1e-ace9-e9f99ab0d9a8@group-4FE8910DBB79-LeaderElection18] INFO  server.RaftServerConfigKeys (ConfUtils.java:logGet(46)) - raft.server.log.appender.buffer.element-limit = 1 (custom)
2023-01-10 01:13:21,044 [aede9520-44de-4c1e-ace9-e9f99ab0d9a8@group-4FE8910DBB79-LeaderElection18] INFO  grpc.GrpcConfigKeys (ConfUtils.java:logGet(46)) - raft.grpc.server.leader.outstanding.appends.max = 128 (default)
2023-01-10 01:13:21,044 [aede9520-44de-4c1e-ace9-e9f99ab0d9a8@group-4FE8910DBB79-LeaderElection18] INFO  server.RaftServerConfigKeys (ConfUtils.java:logGet(46)) - raft.server.rpc.request.timeout = 60s (custom)
2023-01-10 01:13:21,044 [aede9520-44de-4c1e-ace9-e9f99ab0d9a8@group-4FE8910DBB79-LeaderElection18] INFO  server.RaftServerConfigKeys (ConfUtils.java:logGet(46)) - raft.server.log.appender.install.snapshot.enabled = false (custom)
2023-01-10 01:13:21,044 [aede9520-44de-4c1e-ace9-e9f99ab0d9a8@group-4FE8910DBB79-LeaderElection18] INFO  grpc.GrpcConfigKeys (ConfUtils.java:logGet(46)) - raft.grpc.server.heartbeat.channel = true (default)
2023-01-10 01:13:21,044 [aede9520-44de-4c1e-ace9-e9f99ab0d9a8@group-4FE8910DBB79-LeaderElection18] INFO  server.RaftServerConfigKeys (ConfUtils.java:logGet(46)) - raft.server.log.appender.wait-time.min = 10ms (default)
2023-01-10 01:13:21,045 [aede9520-44de-4c1e-ace9-e9f99ab0d9a8@group-4FE8910DBB79-LeaderElection18] INFO  impl.RoleInfo (RoleInfo.java:updateAndGet(139)) - aede9520-44de-4c1e-ace9-e9f99ab0d9a8: start aede9520-44de-4c1e-ace9-e9f99ab0d9a8@group-4FE8910DBB79-LeaderStateImpl
2023-01-10 01:13:21,045 [aede9520-44de-4c1e-ace9-e9f99ab0d9a8@group-4FE8910DBB79-LeaderElection18] INFO  segmented.SegmentedRaftLogWorker (SegmentedRaftLogWorker.java:startLogSegment(452)) - aede9520-44de-4c1e-ace9-e9f99ab0d9a8@group-4FE8910DBB79-SegmentedRaftLogWorker: Starting segment from index:0
2023-01-10 01:13:21,046 [EventQueue-PipelineReportForPipelineReportHandler] INFO  pipeline.PipelineManagerImpl (PipelineManagerImpl.java:openPipeline(367)) - Pipeline Pipeline[ Id: aa873c7d-7efd-4658-8f36-4fe8910dbb79, Nodes: a30d3908-8fda-4427-9d38-ec2047457aa6{ip: 10.1.0.24, host: fv-az353-623.tkyx2seitsuu3nmpmouz2httfb.bx.internal.cloudapp.net, ports: [REPLICATION=42007, RATIS=42995, RATIS_ADMIN=42995, RATIS_SERVER=42995, RATIS_DATASTREAM=33861, STANDALONE=38283], networkLocation: /default-rack, certSerialId: null, persistedOpState: IN_SERVICE, persistedOpStateExpiryEpochSec: 0}aede9520-44de-4c1e-ace9-e9f99ab0d9a8{ip: 10.1.0.24, host: fv-az353-623.tkyx2seitsuu3nmpmouz2httfb.bx.internal.cloudapp.net, ports: [REPLICATION=33193, RATIS=33135, RATIS_ADMIN=33135, RATIS_SERVER=33135, RATIS_DATASTREAM=43115, STANDALONE=45951], networkLocation: /default-rack, certSerialId: null, persistedOpState: IN_SERVICE, persistedOpStateExpiryEpochSec: 0}e4ed2f3a-5aa6-4459-b26c-0c4683a8ebc0{ip: 10.1.0.24, host: fv-az353-623.tkyx2seitsuu3nmpmouz2httfb.bx.internal.cloudapp.net, ports: [REPLICATION=35361, RATIS=37887, RATIS_ADMIN=37887, RATIS_SERVER=37887, RATIS_DATASTREAM=40887, STANDALONE=33455], networkLocation: /default-rack, certSerialId: null, persistedOpState: IN_SERVICE, persistedOpStateExpiryEpochSec: 0}, ReplicationConfig: RATIS/THREE, State:ALLOCATED, leaderId:aede9520-44de-4c1e-ace9-e9f99ab0d9a8, CreationTimestamp2023-01-10T01:13:13.436Z[Etc/UTC]] moved to OPEN state
2023-01-10 01:13:21,047 [aede9520-44de-4c1e-ace9-e9f99ab0d9a8@group-0AED3D946A03-SegmentedRaftLogWorker] INFO  segmented.SegmentedRaftLogWorker (SegmentedRaftLogWorker.java:execute(656)) - aede9520-44de-4c1e-ace9-e9f99ab0d9a8@group-0AED3D946A03-SegmentedRaftLogWorker: created new log segment /home/runner/work/ozone/ozone/hadoop-ozone/integration-test/target/test-dir/MiniOzoneClusterImpl-87d91b25-fa0c-46b9-b442-f5a189e2cbc3/datanode-2/data/ratis/7597bae2-f410-4e03-881e-0aed3d946a03/current/log_inprogress_0
2023-01-10 01:13:21,048 [aede9520-44de-4c1e-ace9-e9f99ab0d9a8@group-4FE8910DBB79-SegmentedRaftLogWorker] INFO  segmented.SegmentedRaftLogWorker (SegmentedRaftLogWorker.java:execute(656)) - aede9520-44de-4c1e-ace9-e9f99ab0d9a8@group-4FE8910DBB79-SegmentedRaftLogWorker: created new log segment /home/runner/work/ozone/ozone/hadoop-ozone/integration-test/target/test-dir/MiniOzoneClusterImpl-87d91b25-fa0c-46b9-b442-f5a189e2cbc3/datanode-2/data/ratis/aa873c7d-7efd-4658-8f36-4fe8910dbb79/current/log_inprogress_0
2023-01-10 01:13:21,050 [a30d3908-8fda-4427-9d38-ec2047457aa6@group-4FE8910DBB79-FollowerState] INFO  server.RaftServerConfigKeys (ConfUtils.java:logFallback(53)) - raft.server.rpc.first-election.timeout.min = 5s (fallback to raft.server.rpc.timeout.min)
2023-01-10 01:13:21,050 [a30d3908-8fda-4427-9d38-ec2047457aa6@group-4FE8910DBB79-FollowerState] INFO  server.RaftServerConfigKeys (ConfUtils.java:logFallback(53)) - raft.server.rpc.first-election.timeout.max = 5200ms (fallback to raft.server.rpc.timeout.max)
2023-01-10 01:13:21,055 [grpc-default-executor-7] INFO  server.RaftServer$Division (RaftServerImpl.java:requestVote(1251)) - a30d3908-8fda-4427-9d38-ec2047457aa6@group-4FE8910DBB79 replies to ELECTION vote request: aede9520-44de-4c1e-ace9-e9f99ab0d9a8<-a30d3908-8fda-4427-9d38-ec2047457aa6#0:OK-t1. Peer's state: a30d3908-8fda-4427-9d38-ec2047457aa6@group-4FE8910DBB79:t1, leader=null, voted=aede9520-44de-4c1e-ace9-e9f99ab0d9a8, raftlog=Memoized:a30d3908-8fda-4427-9d38-ec2047457aa6@group-4FE8910DBB79-SegmentedRaftLog:OPENED:c-1, conf=-1: peers:[e4ed2f3a-5aa6-4459-b26c-0c4683a8ebc0|rpc:10.1.0.24:37887|dataStream:10.1.0.24:40887|priority:0|startupRole:FOLLOWER, aede9520-44de-4c1e-ace9-e9f99ab0d9a8|rpc:10.1.0.24:33135|dataStream:10.1.0.24:43115|priority:1|startupRole:FOLLOWER, a30d3908-8fda-4427-9d38-ec2047457aa6|rpc:10.1.0.24:42995|dataStream:10.1.0.24:33861|priority:0|startupRole:FOLLOWER]|listeners:[], old=null
2023-01-10 01:13:21,056 [aede9520-44de-4c1e-ace9-e9f99ab0d9a8@group-4FE8910DBB79-LeaderElection18] INFO  server.RaftServer$Division (ServerState.java:setRaftConf(430)) - aede9520-44de-4c1e-ace9-e9f99ab0d9a8@group-4FE8910DBB79: set configuration 0: peers:[e4ed2f3a-5aa6-4459-b26c-0c4683a8ebc0|rpc:10.1.0.24:37887|dataStream:10.1.0.24:40887|priority:0|startupRole:FOLLOWER, aede9520-44de-4c1e-ace9-e9f99ab0d9a8|rpc:10.1.0.24:33135|dataStream:10.1.0.24:43115|priority:1|startupRole:FOLLOWER, a30d3908-8fda-4427-9d38-ec2047457aa6|rpc:10.1.0.24:42995|dataStream:10.1.0.24:33861|priority:0|startupRole:FOLLOWER]|listeners:[], old=null
2023-01-10 01:13:21,066 [e4ed2f3a-5aa6-4459-b26c-0c4683a8ebc0-server-thread1] INFO  ratis.XceiverServerRatis (XceiverServerRatis.java:handleLeaderChangedNotification(904)) - Leader change notification received for group: group-4FE8910DBB79 with new leaderId: aede9520-44de-4c1e-ace9-e9f99ab0d9a8
2023-01-10 01:13:21,066 [e4ed2f3a-5aa6-4459-b26c-0c4683a8ebc0-server-thread1] INFO  server.RaftServer$Division (ServerState.java:setLeader(313)) - e4ed2f3a-5aa6-4459-b26c-0c4683a8ebc0@group-4FE8910DBB79: change Leader from null to aede9520-44de-4c1e-ace9-e9f99ab0d9a8 at term 1 for appendEntries, leader elected after 5084ms
2023-01-10 01:13:21,067 [e4ed2f3a-5aa6-4459-b26c-0c4683a8ebc0-server-thread1] INFO  server.RaftServer$Division (ServerState.java:setRaftConf(430)) - e4ed2f3a-5aa6-4459-b26c-0c4683a8ebc0@group-4FE8910DBB79: set configuration 0: peers:[e4ed2f3a-5aa6-4459-b26c-0c4683a8ebc0|rpc:10.1.0.24:37887|dataStream:10.1.0.24:40887|priority:0|startupRole:FOLLOWER, aede9520-44de-4c1e-ace9-e9f99ab0d9a8|rpc:10.1.0.24:33135|dataStream:10.1.0.24:43115|priority:1|startupRole:FOLLOWER, a30d3908-8fda-4427-9d38-ec2047457aa6|rpc:10.1.0.24:42995|dataStream:10.1.0.24:33861|priority:0|startupRole:FOLLOWER]|listeners:[], old=null
2023-01-10 01:13:21,068 [e4ed2f3a-5aa6-4459-b26c-0c4683a8ebc0-server-thread1] INFO  segmented.SegmentedRaftLogWorker (SegmentedRaftLogWorker.java:startLogSegment(452)) - e4ed2f3a-5aa6-4459-b26c-0c4683a8ebc0@group-4FE8910DBB79-SegmentedRaftLogWorker: Starting segment from index:0
2023-01-10 01:13:21,069 [e4ed2f3a-5aa6-4459-b26c-0c4683a8ebc0@group-4FE8910DBB79-SegmentedRaftLogWorker] INFO  segmented.SegmentedRaftLogWorker (SegmentedRaftLogWorker.java:execute(656)) - e4ed2f3a-5aa6-4459-b26c-0c4683a8ebc0@group-4FE8910DBB79-SegmentedRaftLogWorker: created new log segment /home/runner/work/ozone/ozone/hadoop-ozone/integration-test/target/test-dir/MiniOzoneClusterImpl-87d91b25-fa0c-46b9-b442-f5a189e2cbc3/datanode-1/data/ratis/aa873c7d-7efd-4658-8f36-4fe8910dbb79/current/log_inprogress_0
2023-01-10 01:13:21,079 [a30d3908-8fda-4427-9d38-ec2047457aa6-server-thread2] INFO  ratis.XceiverServerRatis (XceiverServerRatis.java:handleLeaderChangedNotification(904)) - Leader change notification received for group: group-4FE8910DBB79 with new leaderId: aede9520-44de-4c1e-ace9-e9f99ab0d9a8
2023-01-10 01:13:21,079 [a30d3908-8fda-4427-9d38-ec2047457aa6-server-thread2] INFO  server.RaftServer$Division (ServerState.java:setLeader(313)) - a30d3908-8fda-4427-9d38-ec2047457aa6@group-4FE8910DBB79: change Leader from null to aede9520-44de-4c1e-ace9-e9f99ab0d9a8 at term 1 for appendEntries, leader elected after 5154ms
2023-01-10 01:13:21,082 [a30d3908-8fda-4427-9d38-ec2047457aa6-server-thread1] INFO  server.RaftServer$Division (ServerState.java:setRaftConf(430)) - a30d3908-8fda-4427-9d38-ec2047457aa6@group-4FE8910DBB79: set configuration 0: peers:[e4ed2f3a-5aa6-4459-b26c-0c4683a8ebc0|rpc:10.1.0.24:37887|dataStream:10.1.0.24:40887|priority:0|startupRole:FOLLOWER, aede9520-44de-4c1e-ace9-e9f99ab0d9a8|rpc:10.1.0.24:33135|dataStream:10.1.0.24:43115|priority:1|startupRole:FOLLOWER, a30d3908-8fda-4427-9d38-ec2047457aa6|rpc:10.1.0.24:42995|dataStream:10.1.0.24:33861|priority:0|startupRole:FOLLOWER]|listeners:[], old=null
2023-01-10 01:13:21,082 [a30d3908-8fda-4427-9d38-ec2047457aa6-server-thread1] INFO  segmented.SegmentedRaftLogWorker (SegmentedRaftLogWorker.java:startLogSegment(452)) - a30d3908-8fda-4427-9d38-ec2047457aa6@group-4FE8910DBB79-SegmentedRaftLogWorker: Starting segment from index:0
2023-01-10 01:13:21,083 [a30d3908-8fda-4427-9d38-ec2047457aa6@group-4FE8910DBB79-SegmentedRaftLogWorker] INFO  segmented.SegmentedRaftLogWorker (SegmentedRaftLogWorker.java:execute(656)) - a30d3908-8fda-4427-9d38-ec2047457aa6@group-4FE8910DBB79-SegmentedRaftLogWorker: created new log segment /home/runner/work/ozone/ozone/hadoop-ozone/integration-test/target/test-dir/MiniOzoneClusterImpl-87d91b25-fa0c-46b9-b442-f5a189e2cbc3/datanode-0/data/ratis/aa873c7d-7efd-4658-8f36-4fe8910dbb79/current/log_inprogress_0
2023-01-10 01:13:21,165 [e4ed2f3a-5aa6-4459-b26c-0c4683a8ebc0@group-F854EC1B0025-FollowerState] INFO  impl.FollowerState (FollowerState.java:run(143)) - e4ed2f3a-5aa6-4459-b26c-0c4683a8ebc0@group-F854EC1B0025-FollowerState: change to CANDIDATE, lastRpcElapsedTime:5024593661ns, electionTimeout:5024ms
2023-01-10 01:13:21,165 [e4ed2f3a-5aa6-4459-b26c-0c4683a8ebc0@group-F854EC1B0025-FollowerState] INFO  impl.RoleInfo (RoleInfo.java:shutdownFollowerState(110)) - e4ed2f3a-5aa6-4459-b26c-0c4683a8ebc0: shutdown e4ed2f3a-5aa6-4459-b26c-0c4683a8ebc0@group-F854EC1B0025-FollowerState
2023-01-10 01:13:21,166 [e4ed2f3a-5aa6-4459-b26c-0c4683a8ebc0@group-F854EC1B0025-FollowerState] INFO  server.RaftServer$Division (RaftServerImpl.java:setRole(321)) - e4ed2f3a-5aa6-4459-b26c-0c4683a8ebc0@group-F854EC1B0025: changes role from  FOLLOWER to CANDIDATE at term 0 for changeToCandidate
2023-01-10 01:13:21,166 [e4ed2f3a-5aa6-4459-b26c-0c4683a8ebc0@group-F854EC1B0025-FollowerState] INFO  server.RaftServerConfigKeys (ConfUtils.java:logGet(46)) - raft.server.leaderelection.pre-vote = false (custom)
2023-01-10 01:13:21,166 [e4ed2f3a-5aa6-4459-b26c-0c4683a8ebc0@group-F854EC1B0025-FollowerState] INFO  impl.RoleInfo (RoleInfo.java:updateAndGet(139)) - e4ed2f3a-5aa6-4459-b26c-0c4683a8ebc0: start e4ed2f3a-5aa6-4459-b26c-0c4683a8ebc0@group-F854EC1B0025-LeaderElection19
2023-01-10 01:13:21,169 [e4ed2f3a-5aa6-4459-b26c-0c4683a8ebc0@group-F854EC1B0025-LeaderElection19] INFO  impl.LeaderElection (LeaderElection.java:askForVotes(312)) - e4ed2f3a-5aa6-4459-b26c-0c4683a8ebc0@group-F854EC1B0025-LeaderElection19 ELECTION round 0: submit vote requests at term 1 for -1: peers:[e4ed2f3a-5aa6-4459-b26c-0c4683a8ebc0|rpc:10.1.0.24:37887|dataStream:10.1.0.24:40887|priority:1|startupRole:FOLLOWER]|listeners:[], old=null
2023-01-10 01:13:21,169 [e4ed2f3a-5aa6-4459-b26c-0c4683a8ebc0@group-F854EC1B0025-LeaderElection19] INFO  impl.LeaderElection (LeaderElection.java:askForVotes(314)) - e4ed2f3a-5aa6-4459-b26c-0c4683a8ebc0@group-F854EC1B0025-LeaderElection19 ELECTION round 0: result PASSED (term=1)
2023-01-10 01:13:21,169 [e4ed2f3a-5aa6-4459-b26c-0c4683a8ebc0@group-F854EC1B0025-LeaderElection19] INFO  impl.RoleInfo (RoleInfo.java:shutdownLeaderElection(130)) - e4ed2f3a-5aa6-4459-b26c-0c4683a8ebc0: shutdown e4ed2f3a-5aa6-4459-b26c-0c4683a8ebc0@group-F854EC1B0025-LeaderElection19
2023-01-10 01:13:21,169 [e4ed2f3a-5aa6-4459-b26c-0c4683a8ebc0@group-F854EC1B0025-LeaderElection19] INFO  server.RaftServer$Division (RaftServerImpl.java:setRole(321)) - e4ed2f3a-5aa6-4459-b26c-0c4683a8ebc0@group-F854EC1B0025: changes role from CANDIDATE to LEADER at term 1 for changeToLeader
2023-01-10 01:13:21,169 [e4ed2f3a-5aa6-4459-b26c-0c4683a8ebc0@group-F854EC1B0025-LeaderElection19] INFO  ratis.XceiverServerRatis (XceiverServerRatis.java:handleLeaderChangedNotification(904)) - Leader change notification received for group: group-F854EC1B0025 with new leaderId: e4ed2f3a-5aa6-4459-b26c-0c4683a8ebc0
2023-01-10 01:13:21,169 [e4ed2f3a-5aa6-4459-b26c-0c4683a8ebc0@group-F854EC1B0025-LeaderElection19] INFO  server.RaftServer$Division (ServerState.java:setLeader(313)) - e4ed2f3a-5aa6-4459-b26c-0c4683a8ebc0@group-F854EC1B0025: change Leader from null to e4ed2f3a-5aa6-4459-b26c-0c4683a8ebc0 at term 1 for becomeLeader, leader elected after 5041ms
2023-01-10 01:13:21,169 [e4ed2f3a-5aa6-4459-b26c-0c4683a8ebc0@group-F854EC1B0025-LeaderElection19] INFO  server.RaftServerConfigKeys (ConfUtils.java:logGet(46)) - raft.server.staging.catchup.gap = 1000 (default)
2023-01-10 01:13:21,170 [e4ed2f3a-5aa6-4459-b26c-0c4683a8ebc0@group-F854EC1B0025-LeaderElection19] INFO  server.RaftServerConfigKeys (ConfUtils.java:logGet(46)) - raft.server.write.element-limit = 1024 (custom)
2023-01-10 01:13:21,171 [e4ed2f3a-5aa6-4459-b26c-0c4683a8ebc0@group-F854EC1B0025-LeaderElection19] INFO  server.RaftServerConfigKeys (ConfUtils.java:logGet(46)) - raft.server.write.byte-limit = 1024 M (=1073741824) (custom)
2023-01-10 01:13:21,172 [e4ed2f3a-5aa6-4459-b26c-0c4683a8ebc0@group-F854EC1B0025-LeaderElection19] INFO  server.RaftServerConfigKeys (ConfUtils.java:logGet(46)) - raft.server.watch.timeout = 180s (custom)
2023-01-10 01:13:21,172 [e4ed2f3a-5aa6-4459-b26c-0c4683a8ebc0@group-F854EC1B0025-LeaderElection19] INFO  server.RaftServerConfigKeys (ConfUtils.java:logGet(46)) - raft.server.watch.timeout.denomination = 1s (default)
2023-01-10 01:13:21,172 [e4ed2f3a-5aa6-4459-b26c-0c4683a8ebc0@group-F854EC1B0025-LeaderElection19] INFO  server.RaftServerConfigKeys (ConfUtils.java:logGet(46)) - raft.server.watch.element-limit = 65536 (default)
2023-01-10 01:13:21,172 [e4ed2f3a-5aa6-4459-b26c-0c4683a8ebc0@group-F854EC1B0025-LeaderElection19] INFO  server.RaftServerConfigKeys (ConfUtils.java:logGet(46)) - raft.server.write.element-limit = 1024 (custom)
2023-01-10 01:13:21,172 [e4ed2f3a-5aa6-4459-b26c-0c4683a8ebc0@group-F854EC1B0025-LeaderElection19] INFO  server.RaftServerConfigKeys (ConfUtils.java:logGet(46)) - raft.server.write.follower.gap.ratio.max = -1.0 (default)
2023-01-10 01:13:21,172 [e4ed2f3a-5aa6-4459-b26c-0c4683a8ebc0@group-F854EC1B0025-LeaderElection19] INFO  impl.RoleInfo (RoleInfo.java:updateAndGet(139)) - e4ed2f3a-5aa6-4459-b26c-0c4683a8ebc0: start e4ed2f3a-5aa6-4459-b26c-0c4683a8ebc0@group-F854EC1B0025-LeaderStateImpl
2023-01-10 01:13:21,172 [e4ed2f3a-5aa6-4459-b26c-0c4683a8ebc0@group-F854EC1B0025-LeaderElection19] INFO  segmented.SegmentedRaftLogWorker (SegmentedRaftLogWorker.java:startLogSegment(452)) - e4ed2f3a-5aa6-4459-b26c-0c4683a8ebc0@group-F854EC1B0025-SegmentedRaftLogWorker: Starting segment from index:0
2023-01-10 01:13:21,173 [e4ed2f3a-5aa6-4459-b26c-0c4683a8ebc0@group-F854EC1B0025-SegmentedRaftLogWorker] INFO  segmented.SegmentedRaftLogWorker (SegmentedRaftLogWorker.java:execute(656)) - e4ed2f3a-5aa6-4459-b26c-0c4683a8ebc0@group-F854EC1B0025-SegmentedRaftLogWorker: created new log segment /home/runner/work/ozone/ozone/hadoop-ozone/integration-test/target/test-dir/MiniOzoneClusterImpl-87d91b25-fa0c-46b9-b442-f5a189e2cbc3/datanode-1/data/ratis/42b4ed3d-a817-4207-8473-f854ec1b0025/current/log_inprogress_0
2023-01-10 01:13:21,180 [e4ed2f3a-5aa6-4459-b26c-0c4683a8ebc0@group-F854EC1B0025-LeaderElection19] INFO  server.RaftServer$Division (ServerState.java:setRaftConf(430)) - e4ed2f3a-5aa6-4459-b26c-0c4683a8ebc0@group-F854EC1B0025: set configuration 0: peers:[e4ed2f3a-5aa6-4459-b26c-0c4683a8ebc0|rpc:10.1.0.24:37887|dataStream:10.1.0.24:40887|priority:1|startupRole:FOLLOWER]|listeners:[], old=null
2023-01-10 01:13:21,427 [Listener at 127.0.0.1/41315] INFO  ozone.MiniOzoneClusterImpl (MiniOzoneClusterImpl.java:lambda$waitForClusterToBeReady$0(218)) - Nodes are ready. Got 3 of 3 DN Heartbeats.
2023-01-10 01:13:21,427 [Listener at 127.0.0.1/41315] INFO  ozone.MiniOzoneClusterImpl (MiniOzoneClusterImpl.java:lambda$waitForClusterToBeReady$0(221)) - Cluster exits safe mode
2023-01-10 01:13:21,427 [Listener at 127.0.0.1/41315] INFO  ozone.MiniOzoneClusterImpl (MiniOzoneClusterImpl.java:lambda$waitForClusterToBeReady$0(223)) - SCM became leader
2023-01-10 01:13:21,429 [Listener at 127.0.0.1/41315] INFO  ozoneimpl.OzoneContainer (OzoneContainer.java:stop(417)) - Attempting to stop container services.
2023-01-10 01:13:21,430 [Listener at 127.0.0.1/41315] INFO  server.RaftServer (RaftServerProxy.java:lambda$close$6(409)) - a30d3908-8fda-4427-9d38-ec2047457aa6: close
2023-01-10 01:13:21,430 [a30d3908-8fda-4427-9d38-ec2047457aa6-impl-thread1] INFO  server.RaftServer$Division (RaftServerImpl.java:lambda$close$4(458)) - a30d3908-8fda-4427-9d38-ec2047457aa6@group-94F2C8ABCA4D: shutdown
2023-01-10 01:13:21,430 [a30d3908-8fda-4427-9d38-ec2047457aa6-impl-thread1] INFO  util.JmxRegister (JmxRegister.java:unregister(73)) - Successfully un-registered JMX Bean with object name Ratis:service=RaftServer,group=group-94F2C8ABCA4D,id=a30d3908-8fda-4427-9d38-ec2047457aa6
2023-01-10 01:13:21,431 [a30d3908-8fda-4427-9d38-ec2047457aa6-impl-thread1] INFO  impl.RoleInfo (RoleInfo.java:shutdownLeaderState(93)) - a30d3908-8fda-4427-9d38-ec2047457aa6: shutdown a30d3908-8fda-4427-9d38-ec2047457aa6@group-94F2C8ABCA4D-LeaderStateImpl
2023-01-10 01:13:21,431 [a30d3908-8fda-4427-9d38-ec2047457aa6-impl-thread2] INFO  server.RaftServer$Division (RaftServerImpl.java:lambda$close$4(458)) - a30d3908-8fda-4427-9d38-ec2047457aa6@group-0AED3D946A03: shutdown
2023-01-10 01:13:21,431 [a30d3908-8fda-4427-9d38-ec2047457aa6-impl-thread2] INFO  util.JmxRegister (JmxRegister.java:unregister(73)) - Successfully un-registered JMX Bean with object name Ratis:service=RaftServer,group=group-0AED3D946A03,id=a30d3908-8fda-4427-9d38-ec2047457aa6
2023-01-10 01:13:21,431 [a30d3908-8fda-4427-9d38-ec2047457aa6-impl-thread2] INFO  impl.RoleInfo (RoleInfo.java:shutdownLeaderState(93)) - a30d3908-8fda-4427-9d38-ec2047457aa6: shutdown a30d3908-8fda-4427-9d38-ec2047457aa6@group-0AED3D946A03-LeaderStateImpl
2023-01-10 01:13:21,431 [Listener at 127.0.0.1/41315] INFO  server.GrpcService (GrpcService.java:closeImpl(271)) - a30d3908-8fda-4427-9d38-ec2047457aa6: shutdown server GrpcServerProtocolService now
2023-01-10 01:13:21,431 [a30d3908-8fda-4427-9d38-ec2047457aa6@group-0AED3D946A03->e4ed2f3a-5aa6-4459-b26c-0c4683a8ebc0-GrpcLogAppender-LogAppenderDaemon] WARN  server.GrpcLogAppender (GrpcLogAppender.java:mayWait(200)) - a30d3908-8fda-4427-9d38-ec2047457aa6@group-0AED3D946A03->e4ed2f3a-5aa6-4459-b26c-0c4683a8ebc0-GrpcLogAppender: Wait interrupted by java.lang.InterruptedException
2023-01-10 01:13:21,431 [a30d3908-8fda-4427-9d38-ec2047457aa6-impl-thread2] INFO  impl.PendingRequests (PendingRequests.java:sendNotLeaderResponses(282)) - a30d3908-8fda-4427-9d38-ec2047457aa6@group-0AED3D946A03-PendingRequests: sendNotLeaderResponses
2023-01-10 01:13:21,432 [a30d3908-8fda-4427-9d38-ec2047457aa6-impl-thread2] INFO  impl.StateMachineUpdater (StateMachineUpdater.java:stopAndJoin(153)) - a30d3908-8fda-4427-9d38-ec2047457aa6@group-0AED3D946A03-StateMachineUpdater: set stopIndex = 0
2023-01-10 01:13:21,432 [a30d3908-8fda-4427-9d38-ec2047457aa6-impl-thread3] INFO  server.RaftServer$Division (RaftServerImpl.java:lambda$close$4(458)) - a30d3908-8fda-4427-9d38-ec2047457aa6@group-4FE8910DBB79: shutdown
2023-01-10 01:13:21,432 [a30d3908-8fda-4427-9d38-ec2047457aa6-impl-thread3] INFO  util.JmxRegister (JmxRegister.java:unregister(73)) - Successfully un-registered JMX Bean with object name Ratis:service=RaftServer,group=group-4FE8910DBB79,id=a30d3908-8fda-4427-9d38-ec2047457aa6
2023-01-10 01:13:21,432 [a30d3908-8fda-4427-9d38-ec2047457aa6-impl-thread3] INFO  impl.RoleInfo (RoleInfo.java:shutdownFollowerState(110)) - a30d3908-8fda-4427-9d38-ec2047457aa6: shutdown a30d3908-8fda-4427-9d38-ec2047457aa6@group-4FE8910DBB79-FollowerState
2023-01-10 01:13:21,432 [a30d3908-8fda-4427-9d38-ec2047457aa6-impl-thread3] INFO  impl.StateMachineUpdater (StateMachineUpdater.java:stopAndJoin(153)) - a30d3908-8fda-4427-9d38-ec2047457aa6@group-4FE8910DBB79-StateMachineUpdater: set stopIndex = 0
2023-01-10 01:13:21,432 [grpc-default-executor-2] INFO  server.GrpcServerProtocolService (GrpcServerProtocolService.java:onCompleted(143)) - e4ed2f3a-5aa6-4459-b26c-0c4683a8ebc0: Completed APPEND_ENTRIES, lastRequest: a30d3908-8fda-4427-9d38-ec2047457aa6->e4ed2f3a-5aa6-4459-b26c-0c4683a8ebc0#1-t1,previous=(t:0, i:0),leaderCommit=0,initializing? true,entries: size=1, first=(t:1, i:0), CONFIGURATIONENTRY(current:id: "e4ed2f3a-5aa6-4459-b26c-0c4683a8ebc0"
address: "10.1.0.24:37887"
dataStreamAddress: "10.1.0.24:40887"
clientAddress: "10.1.0.24:37887"
adminAddress: "10.1.0.24:37887"
startupRole: FOLLOWER
,id: "aede9520-44de-4c1e-ace9-e9f99ab0d9a8"
address: "10.1.0.24:33135"
dataStreamAddress: "10.1.0.24:43115"
clientAddress: "10.1.0.24:33135"
adminAddress: "10.1.0.24:33135"
startupRole: FOLLOWER
,id: "a30d3908-8fda-4427-9d38-ec2047457aa6"
address: "10.1.0.24:42995"
priority: 1
dataStreamAddress: "10.1.0.24:33861"
clientAddress: "10.1.0.24:42995"
adminAddress: "10.1.0.24:42995"
startupRole: FOLLOWER
, old:)
2023-01-10 01:13:21,433 [a30d3908-8fda-4427-9d38-ec2047457aa6@group-4FE8910DBB79-FollowerState] INFO  impl.FollowerState (FollowerState.java:run(152)) - a30d3908-8fda-4427-9d38-ec2047457aa6@group-4FE8910DBB79-FollowerState was interrupted
2023-01-10 01:13:21,433 [a30d3908-8fda-4427-9d38-ec2047457aa6@group-4FE8910DBB79-StateMachineUpdater] INFO  ratis.ContainerStateMachine (ContainerStateMachine.java:takeSnapshot(308)) - group-4FE8910DBB79: Taking a snapshot at:(t:1, i:0) file /home/runner/work/ozone/ozone/hadoop-ozone/integration-test/target/test-dir/MiniOzoneClusterImpl-87d91b25-fa0c-46b9-b442-f5a189e2cbc3/datanode-0/data/ratis/aa873c7d-7efd-4658-8f36-4fe8910dbb79/sm/snapshot.1_0
2023-01-10 01:13:21,433 [a30d3908-8fda-4427-9d38-ec2047457aa6@group-0AED3D946A03-StateMachineUpdater] INFO  ratis.ContainerStateMachine (ContainerStateMachine.java:takeSnapshot(308)) - group-0AED3D946A03: Taking a snapshot at:(t:1, i:0) file /home/runner/work/ozone/ozone/hadoop-ozone/integration-test/target/test-dir/MiniOzoneClusterImpl-87d91b25-fa0c-46b9-b442-f5a189e2cbc3/datanode-0/data/ratis/7597bae2-f410-4e03-881e-0aed3d946a03/sm/snapshot.1_0
2023-01-10 01:13:21,433 [grpc-default-executor-2] INFO  server.GrpcServerProtocolService (GrpcServerProtocolService.java:onCompleted(143)) - e4ed2f3a-5aa6-4459-b26c-0c4683a8ebc0: Completed APPEND_ENTRIES, lastRequest: null
2023-01-10 01:13:21,431 [a30d3908-8fda-4427-9d38-ec2047457aa6-impl-thread1] INFO  impl.PendingRequests (PendingRequests.java:sendNotLeaderResponses(282)) - a30d3908-8fda-4427-9d38-ec2047457aa6@group-94F2C8ABCA4D-PendingRequests: sendNotLeaderResponses
2023-01-10 01:13:21,434 [a30d3908-8fda-4427-9d38-ec2047457aa6@group-4FE8910DBB79-StateMachineUpdater] INFO  ratis.ContainerStateMachine (ContainerStateMachine.java:takeSnapshot(319)) - group-4FE8910DBB79: Finished taking a snapshot at:(t:1, i:0) file:/home/runner/work/ozone/ozone/hadoop-ozone/integration-test/target/test-dir/MiniOzoneClusterImpl-87d91b25-fa0c-46b9-b442-f5a189e2cbc3/datanode-0/data/ratis/aa873c7d-7efd-4658-8f36-4fe8910dbb79/sm/snapshot.1_0 took: 1 ms
2023-01-10 01:13:21,434 [a30d3908-8fda-4427-9d38-ec2047457aa6@group-4FE8910DBB79-StateMachineUpdater] INFO  impl.StateMachineUpdater (StateMachineUpdater.java:takeSnapshot(287)) - a30d3908-8fda-4427-9d38-ec2047457aa6@group-4FE8910DBB79-StateMachineUpdater: Took a snapshot at index 0
2023-01-10 01:13:21,434 [a30d3908-8fda-4427-9d38-ec2047457aa6@group-4FE8910DBB79-StateMachineUpdater] INFO  impl.StateMachineUpdater (StateMachineUpdater.java:lambda$new$0(92)) - a30d3908-8fda-4427-9d38-ec2047457aa6@group-4FE8910DBB79-StateMachineUpdater: snapshotIndex: updateIncreasingly -1 -> 0
2023-01-10 01:13:21,434 [a30d3908-8fda-4427-9d38-ec2047457aa6@group-0AED3D946A03-StateMachineUpdater] INFO  ratis.ContainerStateMachine (ContainerStateMachine.java:takeSnapshot(319)) - group-0AED3D946A03: Finished taking a snapshot at:(t:1, i:0) file:/home/runner/work/ozone/ozone/hadoop-ozone/integration-test/target/test-dir/MiniOzoneClusterImpl-87d91b25-fa0c-46b9-b442-f5a189e2cbc3/datanode-0/data/ratis/7597bae2-f410-4e03-881e-0aed3d946a03/sm/snapshot.1_0 took: 0 ms
2023-01-10 01:13:21,435 [a30d3908-8fda-4427-9d38-ec2047457aa6@group-0AED3D946A03-StateMachineUpdater] INFO  impl.StateMachineUpdater (StateMachineUpdater.java:takeSnapshot(287)) - a30d3908-8fda-4427-9d38-ec2047457aa6@group-0AED3D946A03-StateMachineUpdater: Took a snapshot at index 0
2023-01-10 01:13:21,435 [a30d3908-8fda-4427-9d38-ec2047457aa6@group-0AED3D946A03-StateMachineUpdater] INFO  impl.StateMachineUpdater (StateMachineUpdater.java:lambda$new$0(92)) - a30d3908-8fda-4427-9d38-ec2047457aa6@group-0AED3D946A03-StateMachineUpdater: snapshotIndex: updateIncreasingly -1 -> 0
2023-01-10 01:13:21,434 [a30d3908-8fda-4427-9d38-ec2047457aa6-impl-thread1] INFO  impl.StateMachineUpdater (StateMachineUpdater.java:stopAndJoin(153)) - a30d3908-8fda-4427-9d38-ec2047457aa6@group-94F2C8ABCA4D-StateMachineUpdater: set stopIndex = 0
2023-01-10 01:13:21,434 [a30d3908-8fda-4427-9d38-ec2047457aa6@group-94F2C8ABCA4D-StateMachineUpdater] INFO  ratis.ContainerStateMachine (ContainerStateMachine.java:takeSnapshot(308)) - group-94F2C8ABCA4D: Taking a snapshot at:(t:1, i:0) file /home/runner/work/ozone/ozone/hadoop-ozone/integration-test/target/test-dir/MiniOzoneClusterImpl-87d91b25-fa0c-46b9-b442-f5a189e2cbc3/datanode-0/data/ratis/f68fb0ca-cff7-4b43-afd4-94f2c8abca4d/sm/snapshot.1_0
2023-01-10 01:13:21,435 [grpc-default-executor-7] INFO  server.GrpcLogAppender (GrpcLogAppender.java:onCompleted(415)) - a30d3908-8fda-4427-9d38-ec2047457aa6@group-0AED3D946A03->e4ed2f3a-5aa6-4459-b26c-0c4683a8ebc0-AppendLogResponseHandler: follower responses appendEntries COMPLETED
2023-01-10 01:13:21,435 [grpc-default-executor-7] INFO  leader.FollowerInfo (FollowerInfoImpl.java:lambda$new$0(48)) - a30d3908-8fda-4427-9d38-ec2047457aa6@group-0AED3D946A03->e4ed2f3a-5aa6-4459-b26c-0c4683a8ebc0: nextIndex: updateUnconditionally 1 -> 0
2023-01-10 01:13:21,435 [a30d3908-8fda-4427-9d38-ec2047457aa6@group-0AED3D946A03->aede9520-44de-4c1e-ace9-e9f99ab0d9a8-GrpcLogAppender-LogAppenderDaemon] WARN  server.GrpcLogAppender (GrpcLogAppender.java:mayWait(200)) - a30d3908-8fda-4427-9d38-ec2047457aa6@group-0AED3D946A03->aede9520-44de-4c1e-ace9-e9f99ab0d9a8-GrpcLogAppender: Wait interrupted by java.lang.InterruptedException
2023-01-10 01:13:21,436 [a30d3908-8fda-4427-9d38-ec2047457aa6@group-94F2C8ABCA4D-StateMachineUpdater] INFO  ratis.ContainerStateMachine (ContainerStateMachine.java:takeSnapshot(319)) - group-94F2C8ABCA4D: Finished taking a snapshot at:(t:1, i:0) file:/home/runner/work/ozone/ozone/hadoop-ozone/integration-test/target/test-dir/MiniOzoneClusterImpl-87d91b25-fa0c-46b9-b442-f5a189e2cbc3/datanode-0/data/ratis/f68fb0ca-cff7-4b43-afd4-94f2c8abca4d/sm/snapshot.1_0 took: 2 ms
2023-01-10 01:13:21,436 [a30d3908-8fda-4427-9d38-ec2047457aa6@group-94F2C8ABCA4D-StateMachineUpdater] INFO  impl.StateMachineUpdater (StateMachineUpdater.java:takeSnapshot(287)) - a30d3908-8fda-4427-9d38-ec2047457aa6@group-94F2C8ABCA4D-StateMachineUpdater: Took a snapshot at index 0
2023-01-10 01:13:21,436 [grpc-default-executor-3] INFO  server.GrpcLogAppender (GrpcLogAppender.java:onCompleted(415)) - a30d3908-8fda-4427-9d38-ec2047457aa6@group-0AED3D946A03->e4ed2f3a-5aa6-4459-b26c-0c4683a8ebc0-AppendLogResponseHandler: follower responses appendEntries COMPLETED
2023-01-10 01:13:21,436 [grpc-default-executor-3] INFO  leader.FollowerInfo (FollowerInfoImpl.java:lambda$new$0(48)) - a30d3908-8fda-4427-9d38-ec2047457aa6@group-0AED3D946A03->e4ed2f3a-5aa6-4459-b26c-0c4683a8ebc0: nextIndex: updateUnconditionally 0 -> 0
2023-01-10 01:13:21,436 [a30d3908-8fda-4427-9d38-ec2047457aa6@group-94F2C8ABCA4D-StateMachineUpdater] INFO  impl.StateMachineUpdater (StateMachineUpdater.java:lambda$new$0(92)) - a30d3908-8fda-4427-9d38-ec2047457aa6@group-94F2C8ABCA4D-StateMachineUpdater: snapshotIndex: updateIncreasingly -1 -> 0
2023-01-10 01:13:21,437 [grpc-default-executor-1] INFO  server.GrpcServerProtocolService (GrpcServerProtocolService.java:onCompleted(143)) - aede9520-44de-4c1e-ace9-e9f99ab0d9a8: Completed APPEND_ENTRIES, lastRequest: null
2023-01-10 01:13:21,437 [grpc-default-executor-3] INFO  server.GrpcServerProtocolService (GrpcServerProtocolService.java:onCompleted(143)) - aede9520-44de-4c1e-ace9-e9f99ab0d9a8: Completed APPEND_ENTRIES, lastRequest: a30d3908-8fda-4427-9d38-ec2047457aa6->aede9520-44de-4c1e-ace9-e9f99ab0d9a8#1-t1,previous=(t:0, i:0),leaderCommit=0,initializing? true,entries: size=1, first=(t:1, i:0), CONFIGURATIONENTRY(current:id: "e4ed2f3a-5aa6-4459-b26c-0c4683a8ebc0"
address: "10.1.0.24:37887"
dataStreamAddress: "10.1.0.24:40887"
clientAddress: "10.1.0.24:37887"
adminAddress: "10.1.0.24:37887"
startupRole: FOLLOWER
,id: "aede9520-44de-4c1e-ace9-e9f99ab0d9a8"
address: "10.1.0.24:33135"
dataStreamAddress: "10.1.0.24:43115"
clientAddress: "10.1.0.24:33135"
adminAddress: "10.1.0.24:33135"
startupRole: FOLLOWER
,id: "a30d3908-8fda-4427-9d38-ec2047457aa6"
address: "10.1.0.24:42995"
priority: 1
dataStreamAddress: "10.1.0.24:33861"
clientAddress: "10.1.0.24:42995"
adminAddress: "10.1.0.24:42995"
startupRole: FOLLOWER
, old:)
2023-01-10 01:13:21,439 [grpc-default-executor-6] INFO  server.GrpcLogAppender (GrpcLogAppender.java:onCompleted(415)) - a30d3908-8fda-4427-9d38-ec2047457aa6@group-0AED3D946A03->aede9520-44de-4c1e-ace9-e9f99ab0d9a8-AppendLogResponseHandler: follower responses appendEntries COMPLETED
2023-01-10 01:13:21,442 [grpc-default-executor-6] INFO  leader.FollowerInfo (FollowerInfoImpl.java:lambda$new$0(48)) - a30d3908-8fda-4427-9d38-ec2047457aa6@group-0AED3D946A03->aede9520-44de-4c1e-ace9-e9f99ab0d9a8: nextIndex: updateUnconditionally 1 -> 0
2023-01-10 01:13:21,445 [a30d3908-8fda-4427-9d38-ec2047457aa6-impl-thread2] INFO  server.RaftServer$Division (ServerState.java:close(466)) - a30d3908-8fda-4427-9d38-ec2047457aa6@group-0AED3D946A03: closes. applyIndex: 0
2023-01-10 01:13:21,445 [a30d3908-8fda-4427-9d38-ec2047457aa6-impl-thread3] INFO  server.RaftServer$Division (ServerState.java:close(466)) - a30d3908-8fda-4427-9d38-ec2047457aa6@group-4FE8910DBB79: closes. applyIndex: 0
2023-01-10 01:13:21,445 [a30d3908-8fda-4427-9d38-ec2047457aa6@group-0AED3D946A03-SegmentedRaftLogWorker] INFO  segmented.SegmentedRaftLogWorker (SegmentedRaftLogWorker.java:run(347)) - a30d3908-8fda-4427-9d38-ec2047457aa6@group-0AED3D946A03-SegmentedRaftLogWorker was interrupted, exiting. There are 0 tasks remaining in the queue.
2023-01-10 01:13:21,445 [a30d3908-8fda-4427-9d38-ec2047457aa6@group-4FE8910DBB79-SegmentedRaftLogWorker] INFO  segmented.SegmentedRaftLogWorker (SegmentedRaftLogWorker.java:run(347)) - a30d3908-8fda-4427-9d38-ec2047457aa6@group-4FE8910DBB79-SegmentedRaftLogWorker was interrupted, exiting. There are 0 tasks remaining in the queue.
2023-01-10 01:13:21,446 [grpc-default-executor-6] WARN  server.GrpcServerProtocolService (LogUtils.java:warn(122)) - a30d3908-8fda-4427-9d38-ec2047457aa6: installSnapshot onError, lastRequest: aede9520-44de-4c1e-ace9-e9f99ab0d9a8->a30d3908-8fda-4427-9d38-ec2047457aa6#1-t1,previous=(t:0, i:0),leaderCommit=0,initializing? true,entries: size=1, first=(t:1, i:0), CONFIGURATIONENTRY(current:id: "e4ed2f3a-5aa6-4459-b26c-0c4683a8ebc0"
address: "10.1.0.24:37887"
dataStreamAddress: "10.1.0.24:40887"
clientAddress: "10.1.0.24:37887"
adminAddress: "10.1.0.24:37887"
startupRole: FOLLOWER
,id: "aede9520-44de-4c1e-ace9-e9f99ab0d9a8"
address: "10.1.0.24:33135"
priority: 1
dataStreamAddress: "10.1.0.24:43115"
clientAddress: "10.1.0.24:33135"
adminAddress: "10.1.0.24:33135"
startupRole: FOLLOWER
,id: "a30d3908-8fda-4427-9d38-ec2047457aa6"
address: "10.1.0.24:42995"
dataStreamAddress: "10.1.0.24:33861"
clientAddress: "10.1.0.24:42995"
adminAddress: "10.1.0.24:42995"
startupRole: FOLLOWER
, old:): org.apache.ratis.thirdparty.io.grpc.StatusRuntimeException: CANCELLED: client cancelled
2023-01-10 01:13:21,446 [a30d3908-8fda-4427-9d38-ec2047457aa6-impl-thread1] INFO  server.RaftServer$Division (ServerState.java:close(466)) - a30d3908-8fda-4427-9d38-ec2047457aa6@group-94F2C8ABCA4D: closes. applyIndex: 0
2023-01-10 01:13:21,446 [grpc-default-executor-4] INFO  server.GrpcLogAppender (GrpcLogAppender.java:onCompleted(415)) - a30d3908-8fda-4427-9d38-ec2047457aa6@group-0AED3D946A03->aede9520-44de-4c1e-ace9-e9f99ab0d9a8-AppendLogResponseHandler: follower responses appendEntries COMPLETED
2023-01-10 01:13:21,446 [a30d3908-8fda-4427-9d38-ec2047457aa6@group-94F2C8ABCA4D-SegmentedRaftLogWorker] INFO  segmented.SegmentedRaftLogWorker (SegmentedRaftLogWorker.java:run(347)) - a30d3908-8fda-4427-9d38-ec2047457aa6@group-94F2C8ABCA4D-SegmentedRaftLogWorker was interrupted, exiting. There are 0 tasks remaining in the queue.
2023-01-10 01:13:21,446 [grpc-default-executor-4] INFO  leader.FollowerInfo (FollowerInfoImpl.java:lambda$new$0(48)) - a30d3908-8fda-4427-9d38-ec2047457aa6@group-0AED3D946A03->aede9520-44de-4c1e-ace9-e9f99ab0d9a8: nextIndex: updateUnconditionally 0 -> 0
2023-01-10 01:13:21,446 [Listener at 127.0.0.1/41315] INFO  server.GrpcServerProtocolClient (GrpcServerProtocolClient.java:close(101)) - e4ed2f3a-5aa6-4459-b26c-0c4683a8ebc0 Close channels
2023-01-10 01:13:21,449 [grpc-default-executor-4] WARN  server.GrpcLogAppender (LogUtils.java:warn(122)) - aede9520-44de-4c1e-ace9-e9f99ab0d9a8@group-4FE8910DBB79->a30d3908-8fda-4427-9d38-ec2047457aa6-AppendLogResponseHandler: Failed appendEntries: org.apache.ratis.thirdparty.io.grpc.StatusRuntimeException: CANCELLED: RST_STREAM closed stream. HTTP/2 error code: CANCEL
2023-01-10 01:13:21,449 [grpc-default-executor-4] WARN  server.GrpcLogAppender (GrpcLogAppender.java:resetClient(131)) - aede9520-44de-4c1e-ace9-e9f99ab0d9a8@group-4FE8910DBB79->a30d3908-8fda-4427-9d38-ec2047457aa6-GrpcLogAppender: Leader has not got in touch with Follower aede9520-44de-4c1e-ace9-e9f99ab0d9a8@group-4FE8910DBB79->a30d3908-8fda-4427-9d38-ec2047457aa6(c0,m0,n1, attendVote=true, lastRpcSendTime=376, lastRpcResponseTime=363) yet, just keep nextIndex unchanged and retry.
2023-01-10 01:13:21,456 [a30d3908-8fda-4427-9d38-ec2047457aa6-impl-thread2] INFO  segmented.SegmentedRaftLogWorker (SegmentedRaftLogWorker.java:close(257)) - a30d3908-8fda-4427-9d38-ec2047457aa6@group-0AED3D946A03-SegmentedRaftLogWorker close()
2023-01-10 01:13:21,456 [a30d3908-8fda-4427-9d38-ec2047457aa6-impl-thread1] INFO  segmented.SegmentedRaftLogWorker (SegmentedRaftLogWorker.java:close(257)) - a30d3908-8fda-4427-9d38-ec2047457aa6@group-94F2C8ABCA4D-SegmentedRaftLogWorker close()
2023-01-10 01:13:21,459 [grpc-default-executor-2] WARN  server.GrpcLogAppender (LogUtils.java:warn(122)) - aede9520-44de-4c1e-ace9-e9f99ab0d9a8@group-4FE8910DBB79->a30d3908-8fda-4427-9d38-ec2047457aa6-AppendLogResponseHandler: Failed appendEntries: org.apache.ratis.thirdparty.io.grpc.StatusRuntimeException: CANCELLED: RST_STREAM closed stream. HTTP/2 error code: CANCEL
2023-01-10 01:13:21,459 [grpc-default-executor-2] WARN  server.GrpcLogAppender (GrpcLogAppender.java:resetClient(131)) - aede9520-44de-4c1e-ace9-e9f99ab0d9a8@group-4FE8910DBB79->a30d3908-8fda-4427-9d38-ec2047457aa6-GrpcLogAppender: Leader has not got in touch with Follower aede9520-44de-4c1e-ace9-e9f99ab0d9a8@group-4FE8910DBB79->a30d3908-8fda-4427-9d38-ec2047457aa6(c0,m0,n1, attendVote=true, lastRpcSendTime=385, lastRpcResponseTime=373) yet, just keep nextIndex unchanged and retry.
2023-01-10 01:13:21,461 [grpc-default-executor-6] WARN  server.GrpcServerProtocolService (LogUtils.java:warn(122)) - a30d3908-8fda-4427-9d38-ec2047457aa6: installSnapshot onError, lastRequest: null: org.apache.ratis.thirdparty.io.grpc.StatusRuntimeException: CANCELLED: client cancelled
2023-01-10 01:13:21,463 [Listener at 127.0.0.1/41315] INFO  server.GrpcServerProtocolClient (GrpcServerProtocolClient.java:close(101)) - aede9520-44de-4c1e-ace9-e9f99ab0d9a8 Close channels
2023-01-10 01:13:21,465 [Listener at 127.0.0.1/41315] INFO  server.GrpcService (GrpcService.java:closeImpl(280)) - a30d3908-8fda-4427-9d38-ec2047457aa6: shutdown server GrpcServerProtocolService successfully
2023-01-10 01:13:21,465 [a30d3908-8fda-4427-9d38-ec2047457aa6-NettyServerStreamRpc-bossGroup--thread1] INFO  logging.LoggingHandler (AbstractInternalLogger.java:log(148)) - [id: 0xd3f54ba0, L:/0:0:0:0:0:0:0:0:33861] CLOSE
2023-01-10 01:13:21,465 [a30d3908-8fda-4427-9d38-ec2047457aa6-impl-thread3] INFO  segmented.SegmentedRaftLogWorker (SegmentedRaftLogWorker.java:close(257)) - a30d3908-8fda-4427-9d38-ec2047457aa6@group-4FE8910DBB79-SegmentedRaftLogWorker close()
2023-01-10 01:13:21,476 [a30d3908-8fda-4427-9d38-ec2047457aa6-NettyServerStreamRpc-bossGroup--thread1] INFO  logging.LoggingHandler (AbstractInternalLogger.java:log(148)) - [id: 0xd3f54ba0, L:/0:0:0:0:0:0:0:0:33861] INACTIVE
2023-01-10 01:13:21,476 [a30d3908-8fda-4427-9d38-ec2047457aa6-NettyServerStreamRpc-bossGroup--thread1] INFO  logging.LoggingHandler (AbstractInternalLogger.java:log(148)) - [id: 0xd3f54ba0, L:/0:0:0:0:0:0:0:0:33861] UNREGISTERED
2023-01-10 01:13:21,494 [JvmPauseMonitor8] INFO  util.JvmPauseMonitor (JvmPauseMonitor.java:run(111)) - JvmPauseMonitor-a30d3908-8fda-4427-9d38-ec2047457aa6: Stopped
2023-01-10 01:13:21,511 [aede9520-44de-4c1e-ace9-e9f99ab0d9a8@group-0750756CE660-FollowerState] INFO  impl.FollowerState (FollowerState.java:run(143)) - aede9520-44de-4c1e-ace9-e9f99ab0d9a8@group-0750756CE660-FollowerState: change to CANDIDATE, lastRpcElapsedTime:5064505687ns, electionTimeout:5057ms
2023-01-10 01:13:21,511 [aede9520-44de-4c1e-ace9-e9f99ab0d9a8@group-0750756CE660-FollowerState] INFO  impl.RoleInfo (RoleInfo.java:shutdownFollowerState(110)) - aede9520-44de-4c1e-ace9-e9f99ab0d9a8: shutdown aede9520-44de-4c1e-ace9-e9f99ab0d9a8@group-0750756CE660-FollowerState
2023-01-10 01:13:21,511 [aede9520-44de-4c1e-ace9-e9f99ab0d9a8@group-0750756CE660-FollowerState] INFO  server.RaftServer$Division (RaftServerImpl.java:setRole(321)) - aede9520-44de-4c1e-ace9-e9f99ab0d9a8@group-0750756CE660: changes role from  FOLLOWER to CANDIDATE at term 0 for changeToCandidate
2023-01-10 01:13:21,511 [aede9520-44de-4c1e-ace9-e9f99ab0d9a8@group-0750756CE660-FollowerState] INFO  server.RaftServerConfigKeys (ConfUtils.java:logGet(46)) - raft.server.leaderelection.pre-vote = false (custom)
2023-01-10 01:13:21,511 [aede9520-44de-4c1e-ace9-e9f99ab0d9a8@group-0750756CE660-FollowerState] INFO  impl.RoleInfo (RoleInfo.java:updateAndGet(139)) - aede9520-44de-4c1e-ace9-e9f99ab0d9a8: start aede9520-44de-4c1e-ace9-e9f99ab0d9a8@group-0750756CE660-LeaderElection20
2023-01-10 01:13:21,525 [aede9520-44de-4c1e-ace9-e9f99ab0d9a8@group-0750756CE660-LeaderElection20] INFO  impl.LeaderElection (LeaderElection.java:askForVotes(312)) - aede9520-44de-4c1e-ace9-e9f99ab0d9a8@group-0750756CE660-LeaderElection20 ELECTION round 0: submit vote requests at term 1 for -1: peers:[aede9520-44de-4c1e-ace9-e9f99ab0d9a8|rpc:10.1.0.24:33135|dataStream:10.1.0.24:43115|priority:1|startupRole:FOLLOWER]|listeners:[], old=null
2023-01-10 01:13:21,525 [aede9520-44de-4c1e-ace9-e9f99ab0d9a8@group-0750756CE660-LeaderElection20] INFO  impl.LeaderElection (LeaderElection.java:askForVotes(314)) - aede9520-44de-4c1e-ace9-e9f99ab0d9a8@group-0750756CE660-LeaderElection20 ELECTION round 0: result PASSED (term=1)
2023-01-10 01:13:21,525 [aede9520-44de-4c1e-ace9-e9f99ab0d9a8@group-0750756CE660-LeaderElection20] INFO  impl.RoleInfo (RoleInfo.java:shutdownLeaderElection(130)) - aede9520-44de-4c1e-ace9-e9f99ab0d9a8: shutdown aede9520-44de-4c1e-ace9-e9f99ab0d9a8@group-0750756CE660-LeaderElection20
2023-01-10 01:13:21,525 [aede9520-44de-4c1e-ace9-e9f99ab0d9a8@group-0750756CE660-LeaderElection20] INFO  server.RaftServer$Division (RaftServerImpl.java:setRole(321)) - aede9520-44de-4c1e-ace9-e9f99ab0d9a8@group-0750756CE660: changes role from CANDIDATE to LEADER at term 1 for changeToLeader
2023-01-10 01:13:21,525 [aede9520-44de-4c1e-ace9-e9f99ab0d9a8@group-0750756CE660-LeaderElection20] INFO  ratis.XceiverServerRatis (XceiverServerRatis.java:handleLeaderChangedNotification(904)) - Leader change notification received for group: group-0750756CE660 with new leaderId: aede9520-44de-4c1e-ace9-e9f99ab0d9a8
2023-01-10 01:13:21,526 [aede9520-44de-4c1e-ace9-e9f99ab0d9a8@group-0750756CE660-LeaderElection20] INFO  server.RaftServer$Division (ServerState.java:setLeader(313)) - aede9520-44de-4c1e-ace9-e9f99ab0d9a8@group-0750756CE660: change Leader from null to aede9520-44de-4c1e-ace9-e9f99ab0d9a8 at term 1 for becomeLeader, leader elected after 5091ms
2023-01-10 01:13:21,526 [aede9520-44de-4c1e-ace9-e9f99ab0d9a8@group-0750756CE660-LeaderElection20] INFO  server.RaftServerConfigKeys (ConfUtils.java:logGet(46)) - raft.server.staging.catchup.gap = 1000 (default)
2023-01-10 01:13:21,526 [aede9520-44de-4c1e-ace9-e9f99ab0d9a8@group-0750756CE660-LeaderElection20] INFO  server.RaftServerConfigKeys (ConfUtils.java:logGet(46)) - raft.server.write.element-limit = 1024 (custom)
2023-01-10 01:13:21,526 [aede9520-44de-4c1e-ace9-e9f99ab0d9a8@group-0750756CE660-LeaderElection20] INFO  server.RaftServerConfigKeys (ConfUtils.java:logGet(46)) - raft.server.write.byte-limit = 1024 M (=1073741824) (custom)
2023-01-10 01:13:21,526 [aede9520-44de-4c1e-ace9-e9f99ab0d9a8@group-0750756CE660-LeaderElection20] INFO  server.RaftServerConfigKeys (ConfUtils.java:logGet(46)) - raft.server.watch.timeout = 180s (custom)
2023-01-10 01:13:21,527 [aede9520-44de-4c1e-ace9-e9f99ab0d9a8@group-0750756CE660-LeaderElection20] INFO  server.RaftServerConfigKeys (ConfUtils.java:logGet(46)) - raft.server.watch.timeout.denomination = 1s (default)
2023-01-10 01:13:21,527 [aede9520-44de-4c1e-ace9-e9f99ab0d9a8@group-0750756CE660-LeaderElection20] INFO  server.RaftServerConfigKeys (ConfUtils.java:logGet(46)) - raft.server.watch.element-limit = 65536 (default)
2023-01-10 01:13:21,527 [aede9520-44de-4c1e-ace9-e9f99ab0d9a8@group-0750756CE660-LeaderElection20] INFO  server.RaftServerConfigKeys (ConfUtils.java:logGet(46)) - raft.server.write.element-limit = 1024 (custom)
2023-01-10 01:13:21,527 [aede9520-44de-4c1e-ace9-e9f99ab0d9a8@group-0750756CE660-LeaderElection20] INFO  server.RaftServerConfigKeys (ConfUtils.java:logGet(46)) - raft.server.write.follower.gap.ratio.max = -1.0 (default)
2023-01-10 01:13:21,527 [aede9520-44de-4c1e-ace9-e9f99ab0d9a8@group-0750756CE660-LeaderElection20] INFO  impl.RoleInfo (RoleInfo.java:updateAndGet(139)) - aede9520-44de-4c1e-ace9-e9f99ab0d9a8: start aede9520-44de-4c1e-ace9-e9f99ab0d9a8@group-0750756CE660-LeaderStateImpl
2023-01-10 01:13:21,527 [aede9520-44de-4c1e-ace9-e9f99ab0d9a8@group-0750756CE660-LeaderElection20] INFO  segmented.SegmentedRaftLogWorker (SegmentedRaftLogWorker.java:startLogSegment(452)) - aede9520-44de-4c1e-ace9-e9f99ab0d9a8@group-0750756CE660-SegmentedRaftLogWorker: Starting segment from index:0
2023-01-10 01:13:21,529 [aede9520-44de-4c1e-ace9-e9f99ab0d9a8@group-0750756CE660-SegmentedRaftLogWorker] INFO  segmented.SegmentedRaftLogWorker (SegmentedRaftLogWorker.java:execute(656)) - aede9520-44de-4c1e-ace9-e9f99ab0d9a8@group-0750756CE660-SegmentedRaftLogWorker: created new log segment /home/runner/work/ozone/ozone/hadoop-ozone/integration-test/target/test-dir/MiniOzoneClusterImpl-87d91b25-fa0c-46b9-b442-f5a189e2cbc3/datanode-2/data/ratis/1327b6e6-ce4d-4801-9495-0750756ce660/current/log_inprogress_0
2023-01-10 01:13:21,537 [aede9520-44de-4c1e-ace9-e9f99ab0d9a8@group-0750756CE660-LeaderElection20] INFO  server.RaftServer$Division (ServerState.java:setRaftConf(430)) - aede9520-44de-4c1e-ace9-e9f99ab0d9a8@group-0750756CE660: set configuration 0: peers:[aede9520-44de-4c1e-ace9-e9f99ab0d9a8|rpc:10.1.0.24:33135|dataStream:10.1.0.24:43115|priority:1|startupRole:FOLLOWER]|listeners:[], old=null
2023-01-10 01:13:23,606 [Listener at 127.0.0.1/41315] INFO  volume.HddsVolume (HddsVolume.java:closeDbStore(338)) - SchemaV3 db is stopped at /home/runner/work/ozone/ozone/hadoop-ozone/integration-test/target/test-dir/MiniOzoneClusterImpl-87d91b25-fa0c-46b9-b442-f5a189e2cbc3/datanode-0/data-0/containers/hdds/87d91b25-fa0c-46b9-b442-f5a189e2cbc3/DS-4a6906cc-45df-41f4-816e-7295075b4abf/container.db for volume DS-4a6906cc-45df-41f4-816e-7295075b4abf
2023-01-10 01:13:23,611 [Listener at 127.0.0.1/41315] INFO  utils.BackgroundService (BackgroundService.java:shutdown(141)) - Shutting down service BlockDeletingService
2023-01-10 01:13:23,611 [grpc-default-executor-2] WARN  server.GrpcLogAppender (LogUtils.java:warn(122)) - aede9520-44de-4c1e-ace9-e9f99ab0d9a8@group-4FE8910DBB79->a30d3908-8fda-4427-9d38-ec2047457aa6-AppendLogResponseHandler: Failed appendEntries: org.apache.ratis.thirdparty.io.grpc.StatusRuntimeException: UNAVAILABLE: io exception
2023-01-10 01:13:23,612 [grpc-default-executor-4] WARN  server.GrpcLogAppender (LogUtils.java:warn(122)) - aede9520-44de-4c1e-ace9-e9f99ab0d9a8@group-4FE8910DBB79->a30d3908-8fda-4427-9d38-ec2047457aa6-AppendLogResponseHandler: Failed appendEntries: org.apache.ratis.thirdparty.io.grpc.StatusRuntimeException: UNAVAILABLE: io exception
2023-01-10 01:13:23,612 [Listener at 127.0.0.1/41315] INFO  utils.BackgroundService (BackgroundService.java:shutdown(141)) - Shutting down service StaleRecoveringContainerScrubbingService
2023-01-10 01:13:23,613 [grpc-default-executor-2] WARN  server.GrpcLogAppender (GrpcLogAppender.java:resetClient(131)) - aede9520-44de-4c1e-ace9-e9f99ab0d9a8@group-4FE8910DBB79->a30d3908-8fda-4427-9d38-ec2047457aa6-GrpcLogAppender: Leader has not got in touch with Follower aede9520-44de-4c1e-ace9-e9f99ab0d9a8@group-4FE8910DBB79->a30d3908-8fda-4427-9d38-ec2047457aa6(c0,m0,n1, attendVote=true, lastRpcSendTime=1, lastRpcResponseTime=2527) yet, just keep nextIndex unchanged and retry.
2023-01-10 01:13:23,613 [grpc-default-executor-4] WARN  server.GrpcLogAppender (GrpcLogAppender.java:resetClient(131)) - aede9520-44de-4c1e-ace9-e9f99ab0d9a8@group-4FE8910DBB79->a30d3908-8fda-4427-9d38-ec2047457aa6-GrpcLogAppender: Leader has not got in touch with Follower aede9520-44de-4c1e-ace9-e9f99ab0d9a8@group-4FE8910DBB79->a30d3908-8fda-4427-9d38-ec2047457aa6(c0,m0,n1, attendVote=true, lastRpcSendTime=1, lastRpcResponseTime=2527) yet, just keep nextIndex unchanged and retry.
2023-01-10 01:13:23,615 [Listener at 127.0.0.1/41315] INFO  statemachine.DatanodeStateMachine (DatanodeStateMachine.java:stopDaemon(596)) - Ozone container server stopped.
2023-01-10 01:13:23,622 [Listener at 127.0.0.1/41315] INFO  handler.ContextHandler (ContextHandler.java:doStop(1159)) - Stopped o.e.j.w.WebAppContext@13d50250{hddsDatanode,/,null,STOPPED}{jar:file:/home/runner/.m2/repository/org/apache/ozone/hdds-container-service/1.4.0-SNAPSHOT/hdds-container-service-1.4.0-SNAPSHOT.jar!/webapps/hddsDatanode}
2023-01-10 01:13:23,623 [Listener at 127.0.0.1/41315] INFO  server.AbstractConnector (AbstractConnector.java:doStop(383)) - Stopped ServerConnector@79afef54{HTTP/1.1, (http/1.1)}{0.0.0.0:0}
2023-01-10 01:13:23,624 [Listener at 127.0.0.1/41315] INFO  server.session (HouseKeeper.java:stopScavenging(149)) - node0 Stopped scavenging
2023-01-10 01:13:23,624 [Listener at 127.0.0.1/41315] INFO  handler.ContextHandler (ContextHandler.java:doStop(1159)) - Stopped o.e.j.s.ServletContextHandler@76cbc30e{static,/static,jar:file:/home/runner/.m2/repository/org/apache/ozone/hdds-container-service/1.4.0-SNAPSHOT/hdds-container-service-1.4.0-SNAPSHOT.jar!/webapps/static,STOPPED}
2023-01-10 01:13:23,624 [Listener at 127.0.0.1/41315] INFO  handler.ContextHandler (ContextHandler.java:doStop(1159)) - Stopped o.e.j.s.ServletContextHandler@537b71e6{logs,/logs,file:///home/runner/work/ozone/ozone/hadoop-ozone/integration-test/target/log,STOPPED}
2023-01-10 01:13:23,636 [Listener at 127.0.0.1/41315] INFO  ozoneimpl.OzoneContainer (OzoneContainer.java:stop(417)) - Attempting to stop container services.
2023-01-10 01:13:23,637 [Listener at 127.0.0.1/41315] INFO  server.RaftServer (RaftServerProxy.java:lambda$close$6(409)) - e4ed2f3a-5aa6-4459-b26c-0c4683a8ebc0: close
2023-01-10 01:13:23,637 [e4ed2f3a-5aa6-4459-b26c-0c4683a8ebc0-impl-thread1] INFO  server.RaftServer$Division (RaftServerImpl.java:lambda$close$4(458)) - e4ed2f3a-5aa6-4459-b26c-0c4683a8ebc0@group-F854EC1B0025: shutdown
2023-01-10 01:13:23,637 [e4ed2f3a-5aa6-4459-b26c-0c4683a8ebc0-impl-thread1] INFO  util.JmxRegister (JmxRegister.java:unregister(73)) - Successfully un-registered JMX Bean with object name Ratis:service=RaftServer,group=group-F854EC1B0025,id=e4ed2f3a-5aa6-4459-b26c-0c4683a8ebc0
2023-01-10 01:13:23,637 [e4ed2f3a-5aa6-4459-b26c-0c4683a8ebc0-impl-thread1] INFO  impl.RoleInfo (RoleInfo.java:shutdownLeaderState(93)) - e4ed2f3a-5aa6-4459-b26c-0c4683a8ebc0: shutdown e4ed2f3a-5aa6-4459-b26c-0c4683a8ebc0@group-F854EC1B0025-LeaderStateImpl
2023-01-10 01:13:23,638 [e4ed2f3a-5aa6-4459-b26c-0c4683a8ebc0-impl-thread1] INFO  impl.PendingRequests (PendingRequests.java:sendNotLeaderResponses(282)) - e4ed2f3a-5aa6-4459-b26c-0c4683a8ebc0@group-F854EC1B0025-PendingRequests: sendNotLeaderResponses
2023-01-10 01:13:23,638 [e4ed2f3a-5aa6-4459-b26c-0c4683a8ebc0-impl-thread1] INFO  impl.StateMachineUpdater (StateMachineUpdater.java:stopAndJoin(153)) - e4ed2f3a-5aa6-4459-b26c-0c4683a8ebc0@group-F854EC1B0025-StateMachineUpdater: set stopIndex = 0
2023-01-10 01:13:23,638 [e4ed2f3a-5aa6-4459-b26c-0c4683a8ebc0@group-F854EC1B0025-StateMachineUpdater] INFO  ratis.ContainerStateMachine (ContainerStateMachine.java:takeSnapshot(308)) - group-F854EC1B0025: Taking a snapshot at:(t:1, i:0) file /home/runner/work/ozone/ozone/hadoop-ozone/integration-test/target/test-dir/MiniOzoneClusterImpl-87d91b25-fa0c-46b9-b442-f5a189e2cbc3/datanode-1/data/ratis/42b4ed3d-a817-4207-8473-f854ec1b0025/sm/snapshot.1_0
2023-01-10 01:13:23,639 [e4ed2f3a-5aa6-4459-b26c-0c4683a8ebc0@group-F854EC1B0025-StateMachineUpdater] INFO  ratis.ContainerStateMachine (ContainerStateMachine.java:takeSnapshot(319)) - group-F854EC1B0025: Finished taking a snapshot at:(t:1, i:0) file:/home/runner/work/ozone/ozone/hadoop-ozone/integration-test/target/test-dir/MiniOzoneClusterImpl-87d91b25-fa0c-46b9-b442-f5a189e2cbc3/datanode-1/data/ratis/42b4ed3d-a817-4207-8473-f854ec1b0025/sm/snapshot.1_0 took: 2 ms
2023-01-10 01:13:23,639 [e4ed2f3a-5aa6-4459-b26c-0c4683a8ebc0@group-F854EC1B0025-StateMachineUpdater] INFO  impl.StateMachineUpdater (StateMachineUpdater.java:takeSnapshot(287)) - e4ed2f3a-5aa6-4459-b26c-0c4683a8ebc0@group-F854EC1B0025-StateMachineUpdater: Took a snapshot at index 0
2023-01-10 01:13:23,639 [e4ed2f3a-5aa6-4459-b26c-0c4683a8ebc0@group-F854EC1B0025-StateMachineUpdater] INFO  impl.StateMachineUpdater (StateMachineUpdater.java:lambda$new$0(92)) - e4ed2f3a-5aa6-4459-b26c-0c4683a8ebc0@group-F854EC1B0025-StateMachineUpdater: snapshotIndex: updateIncreasingly -1 -> 0
2023-01-10 01:13:23,640 [e4ed2f3a-5aa6-4459-b26c-0c4683a8ebc0-impl-thread1] INFO  server.RaftServer$Division (ServerState.java:close(466)) - e4ed2f3a-5aa6-4459-b26c-0c4683a8ebc0@group-F854EC1B0025: closes. applyIndex: 0
2023-01-10 01:13:23,644 [e4ed2f3a-5aa6-4459-b26c-0c4683a8ebc0-impl-thread2] INFO  server.RaftServer$Division (RaftServerImpl.java:lambda$close$4(458)) - e4ed2f3a-5aa6-4459-b26c-0c4683a8ebc0@group-0AED3D946A03: shutdown
2023-01-10 01:13:23,644 [e4ed2f3a-5aa6-4459-b26c-0c4683a8ebc0-impl-thread2] INFO  util.JmxRegister (JmxRegister.java:unregister(73)) - Successfully un-registered JMX Bean with object name Ratis:service=RaftServer,group=group-0AED3D946A03,id=e4ed2f3a-5aa6-4459-b26c-0c4683a8ebc0
2023-01-10 01:13:23,644 [e4ed2f3a-5aa6-4459-b26c-0c4683a8ebc0-impl-thread2] INFO  impl.RoleInfo (RoleInfo.java:shutdownFollowerState(110)) - e4ed2f3a-5aa6-4459-b26c-0c4683a8ebc0: shutdown e4ed2f3a-5aa6-4459-b26c-0c4683a8ebc0@group-0AED3D946A03-FollowerState
2023-01-10 01:13:23,647 [Listener at 127.0.0.1/41315] INFO  server.GrpcService (GrpcService.java:closeImpl(271)) - e4ed2f3a-5aa6-4459-b26c-0c4683a8ebc0: shutdown server GrpcServerProtocolService now
2023-01-10 01:13:23,647 [e4ed2f3a-5aa6-4459-b26c-0c4683a8ebc0@group-F854EC1B0025-SegmentedRaftLogWorker] INFO  segmented.SegmentedRaftLogWorker (SegmentedRaftLogWorker.java:run(347)) - e4ed2f3a-5aa6-4459-b26c-0c4683a8ebc0@group-F854EC1B0025-SegmentedRaftLogWorker was interrupted, exiting. There are 0 tasks remaining in the queue.
2023-01-10 01:13:23,648 [e4ed2f3a-5aa6-4459-b26c-0c4683a8ebc0-impl-thread2] INFO  impl.StateMachineUpdater (StateMachineUpdater.java:stopAndJoin(153)) - e4ed2f3a-5aa6-4459-b26c-0c4683a8ebc0@group-0AED3D946A03-StateMachineUpdater: set stopIndex = 0
2023-01-10 01:13:23,648 [e4ed2f3a-5aa6-4459-b26c-0c4683a8ebc0@group-0AED3D946A03-FollowerState] INFO  impl.FollowerState (FollowerState.java:run(152)) - e4ed2f3a-5aa6-4459-b26c-0c4683a8ebc0@group-0AED3D946A03-FollowerState was interrupted
2023-01-10 01:13:23,655 [grpc-default-executor-6] WARN  server.GrpcServerProtocolService (LogUtils.java:warn(122)) - e4ed2f3a-5aa6-4459-b26c-0c4683a8ebc0: installSnapshot onError, lastRequest: null: org.apache.ratis.thirdparty.io.grpc.StatusRuntimeException: CANCELLED: client cancelled
2023-01-10 01:13:23,655 [e4ed2f3a-5aa6-4459-b26c-0c4683a8ebc0@group-0AED3D946A03-StateMachineUpdater] INFO  ratis.ContainerStateMachine (ContainerStateMachine.java:takeSnapshot(308)) - group-0AED3D946A03: Taking a snapshot at:(t:1, i:0) file /home/runner/work/ozone/ozone/hadoop-ozone/integration-test/target/test-dir/MiniOzoneClusterImpl-87d91b25-fa0c-46b9-b442-f5a189e2cbc3/datanode-1/data/ratis/7597bae2-f410-4e03-881e-0aed3d946a03/sm/snapshot.1_0
2023-01-10 01:13:23,656 [Listener at 127.0.0.1/41315] INFO  server.GrpcService (GrpcService.java:closeImpl(280)) - e4ed2f3a-5aa6-4459-b26c-0c4683a8ebc0: shutdown server GrpcServerProtocolService successfully
2023-01-10 01:13:23,656 [e4ed2f3a-5aa6-4459-b26c-0c4683a8ebc0-NettyServerStreamRpc-bossGroup--thread1] INFO  logging.LoggingHandler (AbstractInternalLogger.java:log(148)) - [id: 0x514a1f49, L:/0:0:0:0:0:0:0:0:40887] CLOSE
2023-01-10 01:13:23,656 [e4ed2f3a-5aa6-4459-b26c-0c4683a8ebc0-NettyServerStreamRpc-bossGroup--thread1] INFO  logging.LoggingHandler (AbstractInternalLogger.java:log(148)) - [id: 0x514a1f49, L:/0:0:0:0:0:0:0:0:40887] INACTIVE
2023-01-10 01:13:23,656 [e4ed2f3a-5aa6-4459-b26c-0c4683a8ebc0-NettyServerStreamRpc-bossGroup--thread1] INFO  logging.LoggingHandler (AbstractInternalLogger.java:log(148)) - [id: 0x514a1f49, L:/0:0:0:0:0:0:0:0:40887] UNREGISTERED
2023-01-10 01:13:23,656 [grpc-default-executor-6] WARN  server.GrpcLogAppender (LogUtils.java:warn(122)) - aede9520-44de-4c1e-ace9-e9f99ab0d9a8@group-4FE8910DBB79->e4ed2f3a-5aa6-4459-b26c-0c4683a8ebc0-AppendLogResponseHandler: Failed appendEntries: org.apache.ratis.thirdparty.io.grpc.StatusRuntimeException: CANCELLED: RST_STREAM closed stream. HTTP/2 error code: CANCEL
2023-01-10 01:13:23,657 [grpc-default-executor-6] WARN  server.GrpcLogAppender (GrpcLogAppender.java:resetClient(131)) - aede9520-44de-4c1e-ace9-e9f99ab0d9a8@group-4FE8910DBB79->e4ed2f3a-5aa6-4459-b26c-0c4683a8ebc0-GrpcLogAppender: Leader has not got in touch with Follower aede9520-44de-4c1e-ace9-e9f99ab0d9a8@group-4FE8910DBB79->e4ed2f3a-5aa6-4459-b26c-0c4683a8ebc0(c0,m0,n1, attendVote=true, lastRpcSendTime=81, lastRpcResponseTime=75) yet, just keep nextIndex unchanged and retry.
2023-01-10 01:13:23,657 [e4ed2f3a-5aa6-4459-b26c-0c4683a8ebc0@group-0AED3D946A03-StateMachineUpdater] INFO  ratis.ContainerStateMachine (ContainerStateMachine.java:takeSnapshot(319)) - group-0AED3D946A03: Finished taking a snapshot at:(t:1, i:0) file:/home/runner/work/ozone/ozone/hadoop-ozone/integration-test/target/test-dir/MiniOzoneClusterImpl-87d91b25-fa0c-46b9-b442-f5a189e2cbc3/datanode-1/data/ratis/7597bae2-f410-4e03-881e-0aed3d946a03/sm/snapshot.1_0 took: 1 ms
2023-01-10 01:13:23,657 [e4ed2f3a-5aa6-4459-b26c-0c4683a8ebc0@group-0AED3D946A03-StateMachineUpdater] INFO  impl.StateMachineUpdater (StateMachineUpdater.java:takeSnapshot(287)) - e4ed2f3a-5aa6-4459-b26c-0c4683a8ebc0@group-0AED3D946A03-StateMachineUpdater: Took a snapshot at index 0
2023-01-10 01:13:23,657 [e4ed2f3a-5aa6-4459-b26c-0c4683a8ebc0@group-0AED3D946A03-StateMachineUpdater] INFO  impl.StateMachineUpdater (StateMachineUpdater.java:lambda$new$0(92)) - e4ed2f3a-5aa6-4459-b26c-0c4683a8ebc0@group-0AED3D946A03-StateMachineUpdater: snapshotIndex: updateIncreasingly -1 -> 0
2023-01-10 01:13:23,657 [e4ed2f3a-5aa6-4459-b26c-0c4683a8ebc0-impl-thread2] INFO  server.RaftServer$Division (ServerState.java:close(466)) - e4ed2f3a-5aa6-4459-b26c-0c4683a8ebc0@group-0AED3D946A03: closes. applyIndex: 0
2023-01-10 01:13:23,657 [grpc-default-executor-6] WARN  server.GrpcLogAppender (LogUtils.java:warn(122)) - aede9520-44de-4c1e-ace9-e9f99ab0d9a8@group-4FE8910DBB79->e4ed2f3a-5aa6-4459-b26c-0c4683a8ebc0-AppendLogResponseHandler: Failed appendEntries: org.apache.ratis.thirdparty.io.grpc.StatusRuntimeException: CANCELLED: RST_STREAM closed stream. HTTP/2 error code: CANCEL
2023-01-10 01:13:23,658 [grpc-default-executor-6] WARN  server.GrpcLogAppender (GrpcLogAppender.java:resetClient(131)) - aede9520-44de-4c1e-ace9-e9f99ab0d9a8@group-4FE8910DBB79->e4ed2f3a-5aa6-4459-b26c-0c4683a8ebc0-GrpcLogAppender: Leader has not got in touch with Follower aede9520-44de-4c1e-ace9-e9f99ab0d9a8@group-4FE8910DBB79->e4ed2f3a-5aa6-4459-b26c-0c4683a8ebc0(c0,m0,n1, attendVote=true, lastRpcSendTime=82, lastRpcResponseTime=76) yet, just keep nextIndex unchanged and retry.
2023-01-10 01:13:23,658 [e4ed2f3a-5aa6-4459-b26c-0c4683a8ebc0-impl-thread3] INFO  server.RaftServer$Division (RaftServerImpl.java:lambda$close$4(458)) - e4ed2f3a-5aa6-4459-b26c-0c4683a8ebc0@group-4FE8910DBB79: shutdown
2023-01-10 01:13:23,658 [e4ed2f3a-5aa6-4459-b26c-0c4683a8ebc0-impl-thread3] INFO  util.JmxRegister (JmxRegister.java:unregister(73)) - Successfully un-registered JMX Bean with object name Ratis:service=RaftServer,group=group-4FE8910DBB79,id=e4ed2f3a-5aa6-4459-b26c-0c4683a8ebc0
2023-01-10 01:13:23,658 [e4ed2f3a-5aa6-4459-b26c-0c4683a8ebc0-impl-thread3] INFO  impl.RoleInfo (RoleInfo.java:shutdownFollowerState(110)) - e4ed2f3a-5aa6-4459-b26c-0c4683a8ebc0: shutdown e4ed2f3a-5aa6-4459-b26c-0c4683a8ebc0@group-4FE8910DBB79-FollowerState
2023-01-10 01:13:23,678 [grpc-default-executor-2] WARN  server.GrpcServerProtocolService (LogUtils.java:warn(122)) - e4ed2f3a-5aa6-4459-b26c-0c4683a8ebc0: installSnapshot onError, lastRequest: aede9520-44de-4c1e-ace9-e9f99ab0d9a8->e4ed2f3a-5aa6-4459-b26c-0c4683a8ebc0#1-t1,previous=(t:0, i:0),leaderCommit=0,initializing? true,entries: size=1, first=(t:1, i:0), CONFIGURATIONENTRY(current:id: "e4ed2f3a-5aa6-4459-b26c-0c4683a8ebc0"
address: "10.1.0.24:37887"
dataStreamAddress: "10.1.0.24:40887"
clientAddress: "10.1.0.24:37887"
adminAddress: "10.1.0.24:37887"
startupRole: FOLLOWER
,id: "aede9520-44de-4c1e-ace9-e9f99ab0d9a8"
address: "10.1.0.24:33135"
priority: 1
dataStreamAddress: "10.1.0.24:43115"
clientAddress: "10.1.0.24:33135"
adminAddress: "10.1.0.24:33135"
startupRole: FOLLOWER
,id: "a30d3908-8fda-4427-9d38-ec2047457aa6"
address: "10.1.0.24:42995"
dataStreamAddress: "10.1.0.24:33861"
clientAddress: "10.1.0.24:42995"
adminAddress: "10.1.0.24:42995"
startupRole: FOLLOWER
, old:): org.apache.ratis.thirdparty.io.grpc.StatusRuntimeException: CANCELLED: client cancelled
2023-01-10 01:13:23,681 [e4ed2f3a-5aa6-4459-b26c-0c4683a8ebc0-impl-thread3] INFO  impl.StateMachineUpdater (StateMachineUpdater.java:stopAndJoin(153)) - e4ed2f3a-5aa6-4459-b26c-0c4683a8ebc0@group-4FE8910DBB79-StateMachineUpdater: set stopIndex = 0
2023-01-10 01:13:23,681 [e4ed2f3a-5aa6-4459-b26c-0c4683a8ebc0@group-4FE8910DBB79-FollowerState] INFO  impl.FollowerState (FollowerState.java:run(152)) - e4ed2f3a-5aa6-4459-b26c-0c4683a8ebc0@group-4FE8910DBB79-FollowerState was interrupted
2023-01-10 01:13:23,681 [e4ed2f3a-5aa6-4459-b26c-0c4683a8ebc0@group-0AED3D946A03-SegmentedRaftLogWorker] INFO  segmented.SegmentedRaftLogWorker (SegmentedRaftLogWorker.java:run(347)) - e4ed2f3a-5aa6-4459-b26c-0c4683a8ebc0@group-0AED3D946A03-SegmentedRaftLogWorker was interrupted, exiting. There are 0 tasks remaining in the queue.
2023-01-10 01:13:23,683 [e4ed2f3a-5aa6-4459-b26c-0c4683a8ebc0-impl-thread1] INFO  segmented.SegmentedRaftLogWorker (SegmentedRaftLogWorker.java:close(257)) - e4ed2f3a-5aa6-4459-b26c-0c4683a8ebc0@group-F854EC1B0025-SegmentedRaftLogWorker close()
2023-01-10 01:13:23,686 [e4ed2f3a-5aa6-4459-b26c-0c4683a8ebc0@group-4FE8910DBB79-StateMachineUpdater] INFO  ratis.ContainerStateMachine (ContainerStateMachine.java:takeSnapshot(308)) - group-4FE8910DBB79: Taking a snapshot at:(t:1, i:0) file /home/runner/work/ozone/ozone/hadoop-ozone/integration-test/target/test-dir/MiniOzoneClusterImpl-87d91b25-fa0c-46b9-b442-f5a189e2cbc3/datanode-1/data/ratis/aa873c7d-7efd-4658-8f36-4fe8910dbb79/sm/snapshot.1_0
2023-01-10 01:13:23,686 [e4ed2f3a-5aa6-4459-b26c-0c4683a8ebc0-impl-thread2] INFO  segmented.SegmentedRaftLogWorker (SegmentedRaftLogWorker.java:close(257)) - e4ed2f3a-5aa6-4459-b26c-0c4683a8ebc0@group-0AED3D946A03-SegmentedRaftLogWorker close()
2023-01-10 01:13:23,695 [e4ed2f3a-5aa6-4459-b26c-0c4683a8ebc0@group-4FE8910DBB79-StateMachineUpdater] INFO  ratis.ContainerStateMachine (ContainerStateMachine.java:takeSnapshot(319)) - group-4FE8910DBB79: Finished taking a snapshot at:(t:1, i:0) file:/home/runner/work/ozone/ozone/hadoop-ozone/integration-test/target/test-dir/MiniOzoneClusterImpl-87d91b25-fa0c-46b9-b442-f5a189e2cbc3/datanode-1/data/ratis/aa873c7d-7efd-4658-8f36-4fe8910dbb79/sm/snapshot.1_0 took: 10 ms
2023-01-10 01:13:23,695 [e4ed2f3a-5aa6-4459-b26c-0c4683a8ebc0@group-4FE8910DBB79-StateMachineUpdater] INFO  impl.StateMachineUpdater (StateMachineUpdater.java:takeSnapshot(287)) - e4ed2f3a-5aa6-4459-b26c-0c4683a8ebc0@group-4FE8910DBB79-StateMachineUpdater: Took a snapshot at index 0
2023-01-10 01:13:23,695 [e4ed2f3a-5aa6-4459-b26c-0c4683a8ebc0@group-4FE8910DBB79-StateMachineUpdater] INFO  impl.StateMachineUpdater (StateMachineUpdater.java:lambda$new$0(92)) - e4ed2f3a-5aa6-4459-b26c-0c4683a8ebc0@group-4FE8910DBB79-StateMachineUpdater: snapshotIndex: updateIncreasingly -1 -> 0
2023-01-10 01:13:23,696 [e4ed2f3a-5aa6-4459-b26c-0c4683a8ebc0-impl-thread3] INFO  server.RaftServer$Division (ServerState.java:close(466)) - e4ed2f3a-5aa6-4459-b26c-0c4683a8ebc0@group-4FE8910DBB79: closes. applyIndex: 0
2023-01-10 01:13:23,697 [e4ed2f3a-5aa6-4459-b26c-0c4683a8ebc0@group-4FE8910DBB79-SegmentedRaftLogWorker] INFO  segmented.SegmentedRaftLogWorker (SegmentedRaftLogWorker.java:run(347)) - e4ed2f3a-5aa6-4459-b26c-0c4683a8ebc0@group-4FE8910DBB79-SegmentedRaftLogWorker was interrupted, exiting. There are 0 tasks remaining in the queue.
2023-01-10 01:13:23,698 [e4ed2f3a-5aa6-4459-b26c-0c4683a8ebc0-impl-thread3] INFO  segmented.SegmentedRaftLogWorker (SegmentedRaftLogWorker.java:close(257)) - e4ed2f3a-5aa6-4459-b26c-0c4683a8ebc0@group-4FE8910DBB79-SegmentedRaftLogWorker close()
2023-01-10 01:13:23,701 [JvmPauseMonitor9] INFO  util.JvmPauseMonitor (JvmPauseMonitor.java:run(111)) - JvmPauseMonitor-e4ed2f3a-5aa6-4459-b26c-0c4683a8ebc0: Stopped
2023-01-10 01:13:24,862 [grpc-default-executor-2] WARN  server.GrpcLogAppender (LogUtils.java:warn(122)) - aede9520-44de-4c1e-ace9-e9f99ab0d9a8@group-4FE8910DBB79->a30d3908-8fda-4427-9d38-ec2047457aa6-AppendLogResponseHandler: Failed appendEntries: org.apache.ratis.thirdparty.io.grpc.StatusRuntimeException: UNAVAILABLE: io exception
2023-01-10 01:13:24,863 [grpc-default-executor-6] WARN  server.GrpcLogAppender (LogUtils.java:warn(122)) - aede9520-44de-4c1e-ace9-e9f99ab0d9a8@group-4FE8910DBB79->a30d3908-8fda-4427-9d38-ec2047457aa6-AppendLogResponseHandler: Failed appendEntries: org.apache.ratis.thirdparty.io.grpc.StatusRuntimeException: UNAVAILABLE: io exception
2023-01-10 01:13:24,864 [grpc-default-executor-2] WARN  server.GrpcLogAppender (GrpcLogAppender.java:resetClient(131)) - aede9520-44de-4c1e-ace9-e9f99ab0d9a8@group-4FE8910DBB79->a30d3908-8fda-4427-9d38-ec2047457aa6-GrpcLogAppender: Leader has not got in touch with Follower aede9520-44de-4c1e-ace9-e9f99ab0d9a8@group-4FE8910DBB79->a30d3908-8fda-4427-9d38-ec2047457aa6(c0,m0,n1, attendVote=true, lastRpcSendTime=1252, lastRpcResponseTime=3779) yet, just keep nextIndex unchanged and retry.
2023-01-10 01:13:24,866 [grpc-default-executor-6] WARN  server.GrpcLogAppender (GrpcLogAppender.java:resetClient(131)) - aede9520-44de-4c1e-ace9-e9f99ab0d9a8@group-4FE8910DBB79->a30d3908-8fda-4427-9d38-ec2047457aa6-GrpcLogAppender: Leader has not got in touch with Follower aede9520-44de-4c1e-ace9-e9f99ab0d9a8@group-4FE8910DBB79->a30d3908-8fda-4427-9d38-ec2047457aa6(c0,m0,n1, attendVote=true, lastRpcSendTime=1254, lastRpcResponseTime=3780) yet, just keep nextIndex unchanged and retry.
2023-01-10 01:13:25,726 [Listener at 127.0.0.1/41315] INFO  volume.HddsVolume (HddsVolume.java:closeDbStore(338)) - SchemaV3 db is stopped at /home/runner/work/ozone/ozone/hadoop-ozone/integration-test/target/test-dir/MiniOzoneClusterImpl-87d91b25-fa0c-46b9-b442-f5a189e2cbc3/datanode-1/data-0/containers/hdds/87d91b25-fa0c-46b9-b442-f5a189e2cbc3/DS-ff5064f8-1bc3-4fb8-a3c3-24295597a23d/container.db for volume DS-ff5064f8-1bc3-4fb8-a3c3-24295597a23d
2023-01-10 01:13:25,726 [Listener at 127.0.0.1/41315] INFO  utils.BackgroundService (BackgroundService.java:shutdown(141)) - Shutting down service BlockDeletingService
2023-01-10 01:13:25,727 [Listener at 127.0.0.1/41315] INFO  utils.BackgroundService (BackgroundService.java:shutdown(141)) - Shutting down service StaleRecoveringContainerScrubbingService
2023-01-10 01:13:25,732 [Listener at 127.0.0.1/41315] INFO  statemachine.DatanodeStateMachine (DatanodeStateMachine.java:stopDaemon(596)) - Ozone container server stopped.
2023-01-10 01:13:25,750 [Listener at 127.0.0.1/41315] INFO  handler.ContextHandler (ContextHandler.java:doStop(1159)) - Stopped o.e.j.w.WebAppContext@7ee7e1bb{hddsDatanode,/,null,STOPPED}{jar:file:/home/runner/.m2/repository/org/apache/ozone/hdds-container-service/1.4.0-SNAPSHOT/hdds-container-service-1.4.0-SNAPSHOT.jar!/webapps/hddsDatanode}
2023-01-10 01:13:25,752 [Listener at 127.0.0.1/41315] INFO  server.AbstractConnector (AbstractConnector.java:doStop(383)) - Stopped ServerConnector@10a2f485{HTTP/1.1, (http/1.1)}{0.0.0.0:0}
2023-01-10 01:13:25,753 [Listener at 127.0.0.1/41315] INFO  server.session (HouseKeeper.java:stopScavenging(149)) - node0 Stopped scavenging
2023-01-10 01:13:25,753 [Listener at 127.0.0.1/41315] INFO  handler.ContextHandler (ContextHandler.java:doStop(1159)) - Stopped o.e.j.s.ServletContextHandler@410e2efc{static,/static,jar:file:/home/runner/.m2/repository/org/apache/ozone/hdds-container-service/1.4.0-SNAPSHOT/hdds-container-service-1.4.0-SNAPSHOT.jar!/webapps/static,STOPPED}
2023-01-10 01:13:25,754 [Listener at 127.0.0.1/41315] INFO  handler.ContextHandler (ContextHandler.java:doStop(1159)) - Stopped o.e.j.s.ServletContextHandler@3d70ecb6{logs,/logs,file:///home/runner/work/ozone/ozone/hadoop-ozone/integration-test/target/log,STOPPED}
2023-01-10 01:13:25,761 [Listener at 127.0.0.1/41315] INFO  ozoneimpl.OzoneContainer (OzoneContainer.java:stop(417)) - Attempting to stop container services.
2023-01-10 01:13:25,763 [Listener at 127.0.0.1/41315] INFO  server.RaftServer (RaftServerProxy.java:lambda$close$6(409)) - aede9520-44de-4c1e-ace9-e9f99ab0d9a8: close
2023-01-10 01:13:25,763 [aede9520-44de-4c1e-ace9-e9f99ab0d9a8-impl-thread1] INFO  server.RaftServer$Division (RaftServerImpl.java:lambda$close$4(458)) - aede9520-44de-4c1e-ace9-e9f99ab0d9a8@group-0AED3D946A03: shutdown
2023-01-10 01:13:25,763 [aede9520-44de-4c1e-ace9-e9f99ab0d9a8-impl-thread1] INFO  util.JmxRegister (JmxRegister.java:unregister(73)) - Successfully un-registered JMX Bean with object name Ratis:service=RaftServer,group=group-0AED3D946A03,id=aede9520-44de-4c1e-ace9-e9f99ab0d9a8
2023-01-10 01:13:25,763 [aede9520-44de-4c1e-ace9-e9f99ab0d9a8-impl-thread1] INFO  impl.RoleInfo (RoleInfo.java:shutdownFollowerState(110)) - aede9520-44de-4c1e-ace9-e9f99ab0d9a8: shutdown aede9520-44de-4c1e-ace9-e9f99ab0d9a8@group-0AED3D946A03-FollowerState
2023-01-10 01:13:25,763 [aede9520-44de-4c1e-ace9-e9f99ab0d9a8-impl-thread1] INFO  impl.StateMachineUpdater (StateMachineUpdater.java:stopAndJoin(153)) - aede9520-44de-4c1e-ace9-e9f99ab0d9a8@group-0AED3D946A03-StateMachineUpdater: set stopIndex = 0
2023-01-10 01:13:25,763 [aede9520-44de-4c1e-ace9-e9f99ab0d9a8@group-0AED3D946A03-FollowerState] INFO  impl.FollowerState (FollowerState.java:run(152)) - aede9520-44de-4c1e-ace9-e9f99ab0d9a8@group-0AED3D946A03-FollowerState was interrupted
2023-01-10 01:13:25,764 [aede9520-44de-4c1e-ace9-e9f99ab0d9a8@group-0AED3D946A03-StateMachineUpdater] INFO  ratis.ContainerStateMachine (ContainerStateMachine.java:takeSnapshot(308)) - group-0AED3D946A03: Taking a snapshot at:(t:1, i:0) file /home/runner/work/ozone/ozone/hadoop-ozone/integration-test/target/test-dir/MiniOzoneClusterImpl-87d91b25-fa0c-46b9-b442-f5a189e2cbc3/datanode-2/data/ratis/7597bae2-f410-4e03-881e-0aed3d946a03/sm/snapshot.1_0
2023-01-10 01:13:25,764 [aede9520-44de-4c1e-ace9-e9f99ab0d9a8-impl-thread2] INFO  server.RaftServer$Division (RaftServerImpl.java:lambda$close$4(458)) - aede9520-44de-4c1e-ace9-e9f99ab0d9a8@group-0750756CE660: shutdown
2023-01-10 01:13:25,764 [aede9520-44de-4c1e-ace9-e9f99ab0d9a8-impl-thread2] INFO  util.JmxRegister (JmxRegister.java:unregister(73)) - Successfully un-registered JMX Bean with object name Ratis:service=RaftServer,group=group-0750756CE660,id=aede9520-44de-4c1e-ace9-e9f99ab0d9a8
2023-01-10 01:13:25,764 [aede9520-44de-4c1e-ace9-e9f99ab0d9a8-impl-thread2] INFO  impl.RoleInfo (RoleInfo.java:shutdownLeaderState(93)) - aede9520-44de-4c1e-ace9-e9f99ab0d9a8: shutdown aede9520-44de-4c1e-ace9-e9f99ab0d9a8@group-0750756CE660-LeaderStateImpl
2023-01-10 01:13:25,764 [aede9520-44de-4c1e-ace9-e9f99ab0d9a8-impl-thread2] INFO  impl.PendingRequests (PendingRequests.java:sendNotLeaderResponses(282)) - aede9520-44de-4c1e-ace9-e9f99ab0d9a8@group-0750756CE660-PendingRequests: sendNotLeaderResponses
2023-01-10 01:13:25,765 [aede9520-44de-4c1e-ace9-e9f99ab0d9a8@group-0AED3D946A03-StateMachineUpdater] INFO  ratis.ContainerStateMachine (ContainerStateMachine.java:takeSnapshot(319)) - group-0AED3D946A03: Finished taking a snapshot at:(t:1, i:0) file:/home/runner/work/ozone/ozone/hadoop-ozone/integration-test/target/test-dir/MiniOzoneClusterImpl-87d91b25-fa0c-46b9-b442-f5a189e2cbc3/datanode-2/data/ratis/7597bae2-f410-4e03-881e-0aed3d946a03/sm/snapshot.1_0 took: 1 ms
2023-01-10 01:13:25,765 [aede9520-44de-4c1e-ace9-e9f99ab0d9a8@group-0AED3D946A03-StateMachineUpdater] INFO  impl.StateMachineUpdater (StateMachineUpdater.java:takeSnapshot(287)) - aede9520-44de-4c1e-ace9-e9f99ab0d9a8@group-0AED3D946A03-StateMachineUpdater: Took a snapshot at index 0
2023-01-10 01:13:25,765 [aede9520-44de-4c1e-ace9-e9f99ab0d9a8@group-0AED3D946A03-StateMachineUpdater] INFO  impl.StateMachineUpdater (StateMachineUpdater.java:lambda$new$0(92)) - aede9520-44de-4c1e-ace9-e9f99ab0d9a8@group-0AED3D946A03-StateMachineUpdater: snapshotIndex: updateIncreasingly -1 -> 0
2023-01-10 01:13:25,765 [aede9520-44de-4c1e-ace9-e9f99ab0d9a8-impl-thread1] INFO  server.RaftServer$Division (ServerState.java:close(466)) - aede9520-44de-4c1e-ace9-e9f99ab0d9a8@group-0AED3D946A03: closes. applyIndex: 0
2023-01-10 01:13:25,771 [aede9520-44de-4c1e-ace9-e9f99ab0d9a8@group-0750756CE660-StateMachineUpdater] INFO  ratis.ContainerStateMachine (ContainerStateMachine.java:takeSnapshot(308)) - group-0750756CE660: Taking a snapshot at:(t:1, i:0) file /home/runner/work/ozone/ozone/hadoop-ozone/integration-test/target/test-dir/MiniOzoneClusterImpl-87d91b25-fa0c-46b9-b442-f5a189e2cbc3/datanode-2/data/ratis/1327b6e6-ce4d-4801-9495-0750756ce660/sm/snapshot.1_0
2023-01-10 01:13:25,771 [aede9520-44de-4c1e-ace9-e9f99ab0d9a8-impl-thread2] INFO  impl.StateMachineUpdater (StateMachineUpdater.java:stopAndJoin(153)) - aede9520-44de-4c1e-ace9-e9f99ab0d9a8@group-0750756CE660-StateMachineUpdater: set stopIndex = 0
2023-01-10 01:13:25,772 [aede9520-44de-4c1e-ace9-e9f99ab0d9a8@group-0750756CE660-StateMachineUpdater] INFO  ratis.ContainerStateMachine (ContainerStateMachine.java:takeSnapshot(319)) - group-0750756CE660: Finished taking a snapshot at:(t:1, i:0) file:/home/runner/work/ozone/ozone/hadoop-ozone/integration-test/target/test-dir/MiniOzoneClusterImpl-87d91b25-fa0c-46b9-b442-f5a189e2cbc3/datanode-2/data/ratis/1327b6e6-ce4d-4801-9495-0750756ce660/sm/snapshot.1_0 took: 2 ms
2023-01-10 01:13:25,772 [aede9520-44de-4c1e-ace9-e9f99ab0d9a8@group-0750756CE660-StateMachineUpdater] INFO  impl.StateMachineUpdater (StateMachineUpdater.java:takeSnapshot(287)) - aede9520-44de-4c1e-ace9-e9f99ab0d9a8@group-0750756CE660-StateMachineUpdater: Took a snapshot at index 0
2023-01-10 01:13:25,772 [aede9520-44de-4c1e-ace9-e9f99ab0d9a8@group-0750756CE660-StateMachineUpdater] INFO  impl.StateMachineUpdater (StateMachineUpdater.java:lambda$new$0(92)) - aede9520-44de-4c1e-ace9-e9f99ab0d9a8@group-0750756CE660-StateMachineUpdater: snapshotIndex: updateIncreasingly -1 -> 0
2023-01-10 01:13:25,773 [aede9520-44de-4c1e-ace9-e9f99ab0d9a8-impl-thread2] INFO  server.RaftServer$Division (ServerState.java:close(466)) - aede9520-44de-4c1e-ace9-e9f99ab0d9a8@group-0750756CE660: closes. applyIndex: 0
2023-01-10 01:13:25,774 [Listener at 127.0.0.1/41315] INFO  server.GrpcService (GrpcService.java:closeImpl(271)) - aede9520-44de-4c1e-ace9-e9f99ab0d9a8: shutdown server GrpcServerProtocolService now
2023-01-10 01:13:25,774 [aede9520-44de-4c1e-ace9-e9f99ab0d9a8-impl-thread3] INFO  server.RaftServer$Division (RaftServerImpl.java:lambda$close$4(458)) - aede9520-44de-4c1e-ace9-e9f99ab0d9a8@group-4FE8910DBB79: shutdown
2023-01-10 01:13:25,774 [aede9520-44de-4c1e-ace9-e9f99ab0d9a8-impl-thread3] INFO  util.JmxRegister (JmxRegister.java:unregister(73)) - Successfully un-registered JMX Bean with object name Ratis:service=RaftServer,group=group-4FE8910DBB79,id=aede9520-44de-4c1e-ace9-e9f99ab0d9a8
2023-01-10 01:13:25,774 [aede9520-44de-4c1e-ace9-e9f99ab0d9a8-impl-thread3] INFO  impl.RoleInfo (RoleInfo.java:shutdownLeaderState(93)) - aede9520-44de-4c1e-ace9-e9f99ab0d9a8: shutdown aede9520-44de-4c1e-ace9-e9f99ab0d9a8@group-4FE8910DBB79-LeaderStateImpl
2023-01-10 01:13:25,776 [aede9520-44de-4c1e-ace9-e9f99ab0d9a8@group-0750756CE660-SegmentedRaftLogWorker] INFO  segmented.SegmentedRaftLogWorker (SegmentedRaftLogWorker.java:run(347)) - aede9520-44de-4c1e-ace9-e9f99ab0d9a8@group-0750756CE660-SegmentedRaftLogWorker was interrupted, exiting. There are 0 tasks remaining in the queue.
2023-01-10 01:13:25,777 [aede9520-44de-4c1e-ace9-e9f99ab0d9a8@group-0AED3D946A03-SegmentedRaftLogWorker] INFO  segmented.SegmentedRaftLogWorker (SegmentedRaftLogWorker.java:run(347)) - aede9520-44de-4c1e-ace9-e9f99ab0d9a8@group-0AED3D946A03-SegmentedRaftLogWorker was interrupted, exiting. There are 0 tasks remaining in the queue.
2023-01-10 01:13:25,777 [Listener at 127.0.0.1/41315] INFO  server.GrpcServerProtocolClient (GrpcServerProtocolClient.java:close(101)) - e4ed2f3a-5aa6-4459-b26c-0c4683a8ebc0 Close channels
2023-01-10 01:13:25,777 [ForkJoinPool.commonPool-worker-1] INFO  server.GrpcServerProtocolClient (GrpcServerProtocolClient.java:close(101)) - a30d3908-8fda-4427-9d38-ec2047457aa6 Close channels
2023-01-10 01:13:25,778 [aede9520-44de-4c1e-ace9-e9f99ab0d9a8-impl-thread1] INFO  segmented.SegmentedRaftLogWorker (SegmentedRaftLogWorker.java:close(257)) - aede9520-44de-4c1e-ace9-e9f99ab0d9a8@group-0AED3D946A03-SegmentedRaftLogWorker close()
2023-01-10 01:13:25,782 [aede9520-44de-4c1e-ace9-e9f99ab0d9a8-impl-thread3] INFO  impl.PendingRequests (PendingRequests.java:sendNotLeaderResponses(282)) - aede9520-44de-4c1e-ace9-e9f99ab0d9a8@group-4FE8910DBB79-PendingRequests: sendNotLeaderResponses
2023-01-10 01:13:25,783 [aede9520-44de-4c1e-ace9-e9f99ab0d9a8-impl-thread2] INFO  segmented.SegmentedRaftLogWorker (SegmentedRaftLogWorker.java:close(257)) - aede9520-44de-4c1e-ace9-e9f99ab0d9a8@group-0750756CE660-SegmentedRaftLogWorker close()
2023-01-10 01:13:25,783 [aede9520-44de-4c1e-ace9-e9f99ab0d9a8@group-4FE8910DBB79-StateMachineUpdater] INFO  ratis.ContainerStateMachine (ContainerStateMachine.java:takeSnapshot(308)) - group-4FE8910DBB79: Taking a snapshot at:(t:1, i:0) file /home/runner/work/ozone/ozone/hadoop-ozone/integration-test/target/test-dir/MiniOzoneClusterImpl-87d91b25-fa0c-46b9-b442-f5a189e2cbc3/datanode-2/data/ratis/aa873c7d-7efd-4658-8f36-4fe8910dbb79/sm/snapshot.1_0
2023-01-10 01:13:25,783 [aede9520-44de-4c1e-ace9-e9f99ab0d9a8-impl-thread3] INFO  impl.StateMachineUpdater (StateMachineUpdater.java:stopAndJoin(153)) - aede9520-44de-4c1e-ace9-e9f99ab0d9a8@group-4FE8910DBB79-StateMachineUpdater: set stopIndex = 0
2023-01-10 01:13:25,785 [aede9520-44de-4c1e-ace9-e9f99ab0d9a8@group-4FE8910DBB79-StateMachineUpdater] INFO  ratis.ContainerStateMachine (ContainerStateMachine.java:takeSnapshot(319)) - group-4FE8910DBB79: Finished taking a snapshot at:(t:1, i:0) file:/home/runner/work/ozone/ozone/hadoop-ozone/integration-test/target/test-dir/MiniOzoneClusterImpl-87d91b25-fa0c-46b9-b442-f5a189e2cbc3/datanode-2/data/ratis/aa873c7d-7efd-4658-8f36-4fe8910dbb79/sm/snapshot.1_0 took: 1 ms
2023-01-10 01:13:25,785 [aede9520-44de-4c1e-ace9-e9f99ab0d9a8@group-4FE8910DBB79-StateMachineUpdater] INFO  impl.StateMachineUpdater (StateMachineUpdater.java:takeSnapshot(287)) - aede9520-44de-4c1e-ace9-e9f99ab0d9a8@group-4FE8910DBB79-StateMachineUpdater: Took a snapshot at index 0
2023-01-10 01:13:25,785 [aede9520-44de-4c1e-ace9-e9f99ab0d9a8@group-4FE8910DBB79-StateMachineUpdater] INFO  impl.StateMachineUpdater (StateMachineUpdater.java:lambda$new$0(92)) - aede9520-44de-4c1e-ace9-e9f99ab0d9a8@group-4FE8910DBB79-StateMachineUpdater: snapshotIndex: updateIncreasingly -1 -> 0
2023-01-10 01:13:25,786 [aede9520-44de-4c1e-ace9-e9f99ab0d9a8-impl-thread3] INFO  server.RaftServer$Division (ServerState.java:close(466)) - aede9520-44de-4c1e-ace9-e9f99ab0d9a8@group-4FE8910DBB79: closes. applyIndex: 0
2023-01-10 01:13:25,786 [aede9520-44de-4c1e-ace9-e9f99ab0d9a8@group-4FE8910DBB79-SegmentedRaftLogWorker] INFO  segmented.SegmentedRaftLogWorker (SegmentedRaftLogWorker.java:run(347)) - aede9520-44de-4c1e-ace9-e9f99ab0d9a8@group-4FE8910DBB79-SegmentedRaftLogWorker was interrupted, exiting. There are 0 tasks remaining in the queue.
2023-01-10 01:13:25,788 [Listener at 127.0.0.1/41315] INFO  server.GrpcService (GrpcService.java:closeImpl(280)) - aede9520-44de-4c1e-ace9-e9f99ab0d9a8: shutdown server GrpcServerProtocolService successfully
2023-01-10 01:13:25,788 [aede9520-44de-4c1e-ace9-e9f99ab0d9a8-impl-thread3] INFO  segmented.SegmentedRaftLogWorker (SegmentedRaftLogWorker.java:close(257)) - aede9520-44de-4c1e-ace9-e9f99ab0d9a8@group-4FE8910DBB79-SegmentedRaftLogWorker close()
2023-01-10 01:13:25,788 [aede9520-44de-4c1e-ace9-e9f99ab0d9a8-NettyServerStreamRpc-bossGroup--thread1] INFO  logging.LoggingHandler (AbstractInternalLogger.java:log(148)) - [id: 0x9621c235, L:/0:0:0:0:0:0:0:0:43115] CLOSE
2023-01-10 01:13:25,788 [aede9520-44de-4c1e-ace9-e9f99ab0d9a8-NettyServerStreamRpc-bossGroup--thread1] INFO  logging.LoggingHandler (AbstractInternalLogger.java:log(148)) - [id: 0x9621c235, L:/0:0:0:0:0:0:0:0:43115] INACTIVE
2023-01-10 01:13:25,788 [aede9520-44de-4c1e-ace9-e9f99ab0d9a8-NettyServerStreamRpc-bossGroup--thread1] INFO  logging.LoggingHandler (AbstractInternalLogger.java:log(148)) - [id: 0x9621c235, L:/0:0:0:0:0:0:0:0:43115] UNREGISTERED
2023-01-10 01:13:25,798 [JvmPauseMonitor10] INFO  util.JvmPauseMonitor (JvmPauseMonitor.java:run(111)) - JvmPauseMonitor-aede9520-44de-4c1e-ace9-e9f99ab0d9a8: Stopped
2023-01-10 01:13:27,688 [EventQueue-StaleNodeForStaleNodeHandler] INFO  node.StaleNodeHandler (StaleNodeHandler.java:onMessage(59)) - Datanode a30d3908-8fda-4427-9d38-ec2047457aa6{ip: 10.1.0.24, host: fv-az353-623.tkyx2seitsuu3nmpmouz2httfb.bx.internal.cloudapp.net, ports: [REPLICATION=42007, RATIS=42995, RATIS_ADMIN=42995, RATIS_SERVER=42995, RATIS_DATASTREAM=33861, STANDALONE=38283], networkLocation: /default-rack, certSerialId: null, persistedOpState: IN_SERVICE, persistedOpStateExpiryEpochSec: 0} moved to stale state. Finalizing its pipelines [PipelineID=f68fb0ca-cff7-4b43-afd4-94f2c8abca4d, PipelineID=7597bae2-f410-4e03-881e-0aed3d946a03, PipelineID=aa873c7d-7efd-4658-8f36-4fe8910dbb79]
2023-01-10 01:13:27,689 [EventQueue-StaleNodeForStaleNodeHandler] INFO  pipeline.PipelineManagerImpl (PipelineManagerImpl.java:closePipeline(442)) - Pipeline Pipeline[ Id: f68fb0ca-cff7-4b43-afd4-94f2c8abca4d, Nodes: a30d3908-8fda-4427-9d38-ec2047457aa6{ip: 10.1.0.24, host: fv-az353-623.tkyx2seitsuu3nmpmouz2httfb.bx.internal.cloudapp.net, ports: [REPLICATION=42007, RATIS=42995, RATIS_ADMIN=42995, RATIS_SERVER=42995, RATIS_DATASTREAM=33861, STANDALONE=38283], networkLocation: /default-rack, certSerialId: null, persistedOpState: IN_SERVICE, persistedOpStateExpiryEpochSec: 0}, ReplicationConfig: RATIS/ONE, State:OPEN, leaderId:a30d3908-8fda-4427-9d38-ec2047457aa6, CreationTimestamp2023-01-10T01:13:12.825Z[Etc/UTC]] moved to CLOSED state
2023-01-10 01:13:27,689 [EventQueue-StaleNodeForStaleNodeHandler] INFO  pipeline.PipelineManagerImpl (PipelineManagerImpl.java:closePipeline(442)) - Pipeline Pipeline[ Id: 7597bae2-f410-4e03-881e-0aed3d946a03, Nodes: e4ed2f3a-5aa6-4459-b26c-0c4683a8ebc0{ip: 10.1.0.24, host: fv-az353-623.tkyx2seitsuu3nmpmouz2httfb.bx.internal.cloudapp.net, ports: [REPLICATION=35361, RATIS=37887, RATIS_ADMIN=37887, RATIS_SERVER=37887, RATIS_DATASTREAM=40887, STANDALONE=33455], networkLocation: /default-rack, certSerialId: null, persistedOpState: IN_SERVICE, persistedOpStateExpiryEpochSec: 0}a30d3908-8fda-4427-9d38-ec2047457aa6{ip: 10.1.0.24, host: fv-az353-623.tkyx2seitsuu3nmpmouz2httfb.bx.internal.cloudapp.net, ports: [REPLICATION=42007, RATIS=42995, RATIS_ADMIN=42995, RATIS_SERVER=42995, RATIS_DATASTREAM=33861, STANDALONE=38283], networkLocation: /default-rack, certSerialId: null, persistedOpState: IN_SERVICE, persistedOpStateExpiryEpochSec: 0}aede9520-44de-4c1e-ace9-e9f99ab0d9a8{ip: 10.1.0.24, host: fv-az353-623.tkyx2seitsuu3nmpmouz2httfb.bx.internal.cloudapp.net, ports: [REPLICATION=33193, RATIS=33135, RATIS_ADMIN=33135, RATIS_SERVER=33135, RATIS_DATASTREAM=43115, STANDALONE=45951], networkLocation: /default-rack, certSerialId: null, persistedOpState: IN_SERVICE, persistedOpStateExpiryEpochSec: 0}, ReplicationConfig: RATIS/THREE, State:OPEN, leaderId:a30d3908-8fda-4427-9d38-ec2047457aa6, CreationTimestamp2023-01-10T01:13:13.435Z[Etc/UTC]] moved to CLOSED state
2023-01-10 01:13:27,691 [EventQueue-StaleNodeForStaleNodeHandler] INFO  pipeline.PipelineManagerImpl (PipelineManagerImpl.java:closePipeline(442)) - Pipeline Pipeline[ Id: aa873c7d-7efd-4658-8f36-4fe8910dbb79, Nodes: a30d3908-8fda-4427-9d38-ec2047457aa6{ip: 10.1.0.24, host: fv-az353-623.tkyx2seitsuu3nmpmouz2httfb.bx.internal.cloudapp.net, ports: [REPLICATION=42007, RATIS=42995, RATIS_ADMIN=42995, RATIS_SERVER=42995, RATIS_DATASTREAM=33861, STANDALONE=38283], networkLocation: /default-rack, certSerialId: null, persistedOpState: IN_SERVICE, persistedOpStateExpiryEpochSec: 0}aede9520-44de-4c1e-ace9-e9f99ab0d9a8{ip: 10.1.0.24, host: fv-az353-623.tkyx2seitsuu3nmpmouz2httfb.bx.internal.cloudapp.net, ports: [REPLICATION=33193, RATIS=33135, RATIS_ADMIN=33135, RATIS_SERVER=33135, RATIS_DATASTREAM=43115, STANDALONE=45951], networkLocation: /default-rack, certSerialId: null, persistedOpState: IN_SERVICE, persistedOpStateExpiryEpochSec: 0}e4ed2f3a-5aa6-4459-b26c-0c4683a8ebc0{ip: 10.1.0.24, host: fv-az353-623.tkyx2seitsuu3nmpmouz2httfb.bx.internal.cloudapp.net, ports: [REPLICATION=35361, RATIS=37887, RATIS_ADMIN=37887, RATIS_SERVER=37887, RATIS_DATASTREAM=40887, STANDALONE=33455], networkLocation: /default-rack, certSerialId: null, persistedOpState: IN_SERVICE, persistedOpStateExpiryEpochSec: 0}, ReplicationConfig: RATIS/THREE, State:OPEN, leaderId:aede9520-44de-4c1e-ace9-e9f99ab0d9a8, CreationTimestamp2023-01-10T01:13:13.436Z[Etc/UTC]] moved to CLOSED state
2023-01-10 01:13:27,802 [Listener at 127.0.0.1/41315] INFO  volume.HddsVolume (HddsVolume.java:closeDbStore(338)) - SchemaV3 db is stopped at /home/runner/work/ozone/ozone/hadoop-ozone/integration-test/target/test-dir/MiniOzoneClusterImpl-87d91b25-fa0c-46b9-b442-f5a189e2cbc3/datanode-2/data-0/containers/hdds/87d91b25-fa0c-46b9-b442-f5a189e2cbc3/DS-f19d1789-56e5-449e-b0af-62200276e1e2/container.db for volume DS-f19d1789-56e5-449e-b0af-62200276e1e2
2023-01-10 01:13:27,802 [Listener at 127.0.0.1/41315] INFO  utils.BackgroundService (BackgroundService.java:shutdown(141)) - Shutting down service BlockDeletingService
2023-01-10 01:13:27,803 [Listener at 127.0.0.1/41315] INFO  utils.BackgroundService (BackgroundService.java:shutdown(141)) - Shutting down service StaleRecoveringContainerScrubbingService
2023-01-10 01:13:27,804 [Listener at 127.0.0.1/41315] INFO  statemachine.DatanodeStateMachine (DatanodeStateMachine.java:stopDaemon(596)) - Ozone container server stopped.
2023-01-10 01:13:27,812 [Listener at 127.0.0.1/41315] INFO  handler.ContextHandler (ContextHandler.java:doStop(1159)) - Stopped o.e.j.w.WebAppContext@71b85c62{hddsDatanode,/,null,STOPPED}{jar:file:/home/runner/.m2/repository/org/apache/ozone/hdds-container-service/1.4.0-SNAPSHOT/hdds-container-service-1.4.0-SNAPSHOT.jar!/webapps/hddsDatanode}
2023-01-10 01:13:27,812 [Listener at 127.0.0.1/41315] INFO  server.AbstractConnector (AbstractConnector.java:doStop(383)) - Stopped ServerConnector@cb06460{HTTP/1.1, (http/1.1)}{0.0.0.0:0}
2023-01-10 01:13:27,812 [Listener at 127.0.0.1/41315] INFO  server.session (HouseKeeper.java:stopScavenging(149)) - node0 Stopped scavenging
2023-01-10 01:13:27,813 [Listener at 127.0.0.1/41315] INFO  handler.ContextHandler (ContextHandler.java:doStop(1159)) - Stopped o.e.j.s.ServletContextHandler@2156371c{static,/static,jar:file:/home/runner/.m2/repository/org/apache/ozone/hdds-container-service/1.4.0-SNAPSHOT/hdds-container-service-1.4.0-SNAPSHOT.jar!/webapps/static,STOPPED}
2023-01-10 01:13:27,813 [Listener at 127.0.0.1/41315] INFO  handler.ContextHandler (ContextHandler.java:doStop(1159)) - Stopped o.e.j.s.ServletContextHandler@3451f8ff{logs,/logs,file:///home/runner/work/ozone/ozone/hadoop-ozone/integration-test/target/log,STOPPED}
2023-01-10 01:13:29,689 [EventQueue-StaleNodeForStaleNodeHandler] INFO  node.StaleNodeHandler (StaleNodeHandler.java:onMessage(59)) - Datanode e4ed2f3a-5aa6-4459-b26c-0c4683a8ebc0{ip: 10.1.0.24, host: fv-az353-623.tkyx2seitsuu3nmpmouz2httfb.bx.internal.cloudapp.net, ports: [REPLICATION=35361, RATIS=37887, RATIS_ADMIN=37887, RATIS_SERVER=37887, RATIS_DATASTREAM=40887, STANDALONE=33455], networkLocation: /default-rack, certSerialId: null, persistedOpState: IN_SERVICE, persistedOpStateExpiryEpochSec: 0} moved to stale state. Finalizing its pipelines [PipelineID=42b4ed3d-a817-4207-8473-f854ec1b0025, PipelineID=7597bae2-f410-4e03-881e-0aed3d946a03, PipelineID=aa873c7d-7efd-4658-8f36-4fe8910dbb79]
2023-01-10 01:13:29,689 [EventQueue-StaleNodeForStaleNodeHandler] INFO  pipeline.PipelineManagerImpl (PipelineManagerImpl.java:closePipeline(442)) - Pipeline Pipeline[ Id: 42b4ed3d-a817-4207-8473-f854ec1b0025, Nodes: e4ed2f3a-5aa6-4459-b26c-0c4683a8ebc0{ip: 10.1.0.24, host: fv-az353-623.tkyx2seitsuu3nmpmouz2httfb.bx.internal.cloudapp.net, ports: [REPLICATION=35361, RATIS=37887, RATIS_ADMIN=37887, RATIS_SERVER=37887, RATIS_DATASTREAM=40887, STANDALONE=33455], networkLocation: /default-rack, certSerialId: null, persistedOpState: IN_SERVICE, persistedOpStateExpiryEpochSec: 0}, ReplicationConfig: RATIS/ONE, State:OPEN, leaderId:e4ed2f3a-5aa6-4459-b26c-0c4683a8ebc0, CreationTimestamp2023-01-10T01:13:13.129Z[Etc/UTC]] moved to CLOSED state
2023-01-10 01:13:31,690 [EventQueue-StaleNodeForStaleNodeHandler] INFO  node.StaleNodeHandler (StaleNodeHandler.java:onMessage(59)) - Datanode aede9520-44de-4c1e-ace9-e9f99ab0d9a8{ip: 10.1.0.24, host: fv-az353-623.tkyx2seitsuu3nmpmouz2httfb.bx.internal.cloudapp.net, ports: [REPLICATION=33193, RATIS=33135, RATIS_ADMIN=33135, RATIS_SERVER=33135, RATIS_DATASTREAM=43115, STANDALONE=45951], networkLocation: /default-rack, certSerialId: null, persistedOpState: IN_SERVICE, persistedOpStateExpiryEpochSec: 0} moved to stale state. Finalizing its pipelines [PipelineID=7597bae2-f410-4e03-881e-0aed3d946a03, PipelineID=1327b6e6-ce4d-4801-9495-0750756ce660, PipelineID=aa873c7d-7efd-4658-8f36-4fe8910dbb79]
2023-01-10 01:13:31,690 [EventQueue-StaleNodeForStaleNodeHandler] INFO  pipeline.PipelineManagerImpl (PipelineManagerImpl.java:closePipeline(442)) - Pipeline Pipeline[ Id: 1327b6e6-ce4d-4801-9495-0750756ce660, Nodes: aede9520-44de-4c1e-ace9-e9f99ab0d9a8{ip: 10.1.0.24, host: fv-az353-623.tkyx2seitsuu3nmpmouz2httfb.bx.internal.cloudapp.net, ports: [REPLICATION=33193, RATIS=33135, RATIS_ADMIN=33135, RATIS_SERVER=33135, RATIS_DATASTREAM=43115, STANDALONE=45951], networkLocation: /default-rack, certSerialId: null, persistedOpState: IN_SERVICE, persistedOpStateExpiryEpochSec: 0}, ReplicationConfig: RATIS/ONE, State:OPEN, leaderId:aede9520-44de-4c1e-ace9-e9f99ab0d9a8, CreationTimestamp2023-01-10T01:13:13.434Z[Etc/UTC]] moved to CLOSED state
2023-01-10 01:13:31,720 [Listener at 127.0.0.1/41315] ERROR pipeline.PipelinePlacementPolicy (PipelinePlacementPolicy.java:filterViableNodes(141)) - No healthy node found to allocate container.
2023-01-10 01:13:31,722 [Listener at 127.0.0.1/41315] INFO  impl.MetricsSystemImpl (MetricsSystemImpl.java:init(158)) - HddsDatanode metrics system started (again)
2023-01-10 01:13:31,759 [Listener at 127.0.0.1/41315] INFO  ozone.HddsDatanodeService (HddsDatanodeService.java:start(228)) - HddsDatanodeService host:fv-az353-623.tkyx2seitsuu3nmpmouz2httfb.bx.internal.cloudapp.net ip:10.1.0.24
2023-01-10 01:13:31,770 [Listener at 127.0.0.1/41315] INFO  upgrade.AbstractLayoutVersionManager (AbstractLayoutVersionManager.java:init(83)) - Initializing Layout version manager with metadata layout = DATANODE_SCHEMA_V3 (version = 4), software layout = DATANODE_SCHEMA_V3 (version = 4)
2023-01-10 01:13:31,812 [Listener at 127.0.0.1/41315] INFO  reflections.Reflections (Reflections.java:scan(232)) - Reflections took 41 ms to scan 7 urls, producing 146 keys and 350 values 
2023-01-10 01:13:31,814 [Listener at 127.0.0.1/41315] INFO  statemachine.DatanodeStateMachine (DatanodeStateMachine.java:getEndPointTaskThreadPoolSize(248)) - Datanode State Machine Task Thread Pool size 2
2023-01-10 01:13:31,815 [Listener at 127.0.0.1/41315] INFO  volume.HddsVolume (HddsVolume.java:<init>(117)) - Creating HddsVolume: /home/runner/work/ozone/ozone/hadoop-ozone/integration-test/target/test-dir/MiniOzoneClusterImpl-87d91b25-fa0c-46b9-b442-f5a189e2cbc3/datanode-0/data-0/containers/hdds of storage type : DISK capacity : 9223372036854775807
2023-01-10 01:13:31,816 [Listener at 127.0.0.1/41315] INFO  volume.MutableVolumeSet (MutableVolumeSet.java:initializeVolumeSet(174)) - Added Volume : /home/runner/work/ozone/ozone/hadoop-ozone/integration-test/target/test-dir/MiniOzoneClusterImpl-87d91b25-fa0c-46b9-b442-f5a189e2cbc3/datanode-0/data-0/containers/hdds to VolumeSet
2023-01-10 01:13:31,816 [Listener at 127.0.0.1/41315] INFO  volume.ThrottledAsyncChecker (ThrottledAsyncChecker.java:schedule(141)) - Scheduling a check for /home/runner/work/ozone/ozone/hadoop-ozone/integration-test/target/test-dir/MiniOzoneClusterImpl-87d91b25-fa0c-46b9-b442-f5a189e2cbc3/datanode-0/data-0/containers/hdds
2023-01-10 01:13:31,817 [Listener at 127.0.0.1/41315] INFO  volume.StorageVolumeChecker (StorageVolumeChecker.java:checkAllVolumes(202)) - Scheduled health check for volume /home/runner/work/ozone/ozone/hadoop-ozone/integration-test/target/test-dir/MiniOzoneClusterImpl-87d91b25-fa0c-46b9-b442-f5a189e2cbc3/datanode-0/data-0/containers/hdds
2023-01-10 01:13:31,829 [Listener at 127.0.0.1/41315] INFO  volume.MutableVolumeSet (MutableVolumeSet.java:initializeVolumeSet(174)) - Added Volume : /home/runner/work/ozone/ozone/hadoop-ozone/integration-test/target/test-dir/MiniOzoneClusterImpl-87d91b25-fa0c-46b9-b442-f5a189e2cbc3/datanode-0/data/ratis to VolumeSet
2023-01-10 01:13:31,830 [Listener at 127.0.0.1/41315] INFO  volume.ThrottledAsyncChecker (ThrottledAsyncChecker.java:schedule(141)) - Scheduling a check for /home/runner/work/ozone/ozone/hadoop-ozone/integration-test/target/test-dir/MiniOzoneClusterImpl-87d91b25-fa0c-46b9-b442-f5a189e2cbc3/datanode-0/data/ratis
2023-01-10 01:13:31,830 [Listener at 127.0.0.1/41315] INFO  volume.StorageVolumeChecker (StorageVolumeChecker.java:checkAllVolumes(202)) - Scheduled health check for volume /home/runner/work/ozone/ozone/hadoop-ozone/integration-test/target/test-dir/MiniOzoneClusterImpl-87d91b25-fa0c-46b9-b442-f5a189e2cbc3/datanode-0/data/ratis
2023-01-10 01:13:31,862 [Listener at 127.0.0.1/41315] INFO  utils.DatanodeStoreCache (DatanodeStoreCache.java:addDB(58)) - Added db /home/runner/work/ozone/ozone/hadoop-ozone/integration-test/target/test-dir/MiniOzoneClusterImpl-87d91b25-fa0c-46b9-b442-f5a189e2cbc3/datanode-0/data-0/containers/hdds/87d91b25-fa0c-46b9-b442-f5a189e2cbc3/DS-4a6906cc-45df-41f4-816e-7295075b4abf/container.db to cache
2023-01-10 01:13:31,862 [Listener at 127.0.0.1/41315] INFO  volume.HddsVolume (HddsVolume.java:loadDbStore(260)) - SchemaV3 db is loaded at /home/runner/work/ozone/ozone/hadoop-ozone/integration-test/target/test-dir/MiniOzoneClusterImpl-87d91b25-fa0c-46b9-b442-f5a189e2cbc3/datanode-0/data-0/containers/hdds/87d91b25-fa0c-46b9-b442-f5a189e2cbc3/DS-4a6906cc-45df-41f4-816e-7295075b4abf/container.db for volume DS-4a6906cc-45df-41f4-816e-7295075b4abf
2023-01-10 01:13:31,866 [Thread-749] INFO  ozoneimpl.ContainerReader (ContainerReader.java:readVolume(145)) - Start to verify containers on volume /home/runner/work/ozone/ozone/hadoop-ozone/integration-test/target/test-dir/MiniOzoneClusterImpl-87d91b25-fa0c-46b9-b442-f5a189e2cbc3/datanode-0/data-0/containers/hdds
2023-01-10 01:13:31,866 [Thread-749] INFO  ozoneimpl.ContainerReader (ContainerReader.java:readVolume(175)) - Finish verifying containers on volume /home/runner/work/ozone/ozone/hadoop-ozone/integration-test/target/test-dir/MiniOzoneClusterImpl-87d91b25-fa0c-46b9-b442-f5a189e2cbc3/datanode-0/data-0/containers/hdds
2023-01-10 01:13:31,866 [Listener at 127.0.0.1/41315] INFO  ozoneimpl.OzoneContainer (OzoneContainer.java:buildContainerSet(301)) - Build ContainerSet costs 0s
2023-01-10 01:13:31,868 [Listener at 127.0.0.1/41315] INFO  server.RaftServer (ConfUtils.java:logGet(46)) - raft.rpc.type = GRPC (default)
2023-01-10 01:13:31,868 [Listener at 127.0.0.1/41315] INFO  grpc.GrpcConfigKeys (ConfUtils.java:logFallback(53)) - raft.grpc.admin.host = null (fallback to raft.grpc.server.host)
2023-01-10 01:13:31,868 [Listener at 127.0.0.1/41315] INFO  grpc.GrpcConfigKeys (ConfUtils.java:logGet(46)) - raft.grpc.admin.port = 42995 (custom)
2023-01-10 01:13:31,868 [Listener at 127.0.0.1/41315] INFO  grpc.GrpcConfigKeys (ConfUtils.java:logFallback(53)) - raft.grpc.client.host = null (fallback to raft.grpc.server.host)
2023-01-10 01:13:31,868 [Listener at 127.0.0.1/41315] INFO  grpc.GrpcConfigKeys (ConfUtils.java:logGet(46)) - raft.grpc.client.port = 42995 (custom)
2023-01-10 01:13:31,868 [Listener at 127.0.0.1/41315] INFO  grpc.GrpcConfigKeys (ConfUtils.java:logGet(46)) - raft.grpc.server.host = null (default)
2023-01-10 01:13:31,869 [Listener at 127.0.0.1/41315] INFO  grpc.GrpcConfigKeys (ConfUtils.java:logGet(46)) - raft.grpc.server.port = 42995 (custom)
2023-01-10 01:13:31,869 [Listener at 127.0.0.1/41315] INFO  server.GrpcService (ConfUtils.java:logGet(46)) - raft.grpc.message.size.max = 32MB (=33554432) (custom)
2023-01-10 01:13:31,869 [Listener at 127.0.0.1/41315] INFO  server.RaftServerConfigKeys (ConfUtils.java:logGet(46)) - raft.server.log.appender.buffer.byte-limit = 33554432 (custom)
2023-01-10 01:13:31,869 [Listener at 127.0.0.1/41315] INFO  server.GrpcService (ConfUtils.java:logGet(46)) - raft.grpc.flow.control.window = 5MB (=5242880) (custom)
2023-01-10 01:13:31,869 [Listener at 127.0.0.1/41315] INFO  server.RaftServerConfigKeys (ConfUtils.java:logGet(46)) - raft.server.rpc.request.timeout = 60s (custom)
2023-01-10 01:13:31,869 [Listener at 127.0.0.1/41315] INFO  grpc.GrpcConfigKeys (ConfUtils.java:logGet(46)) - raft.grpc.server.heartbeat.channel = true (default)
2023-01-10 01:13:31,869 [Listener at 127.0.0.1/41315] INFO  grpc.GrpcConfigKeys (ConfUtils.java:logGet(46)) - raft.grpc.server.async.request.thread.pool.cached = true (default)
2023-01-10 01:13:31,870 [Listener at 127.0.0.1/41315] INFO  grpc.GrpcConfigKeys (ConfUtils.java:logGet(46)) - raft.grpc.server.async.request.thread.pool.size = 32 (default)
2023-01-10 01:13:31,871 [Listener at 127.0.0.1/41315] INFO  impl.DataStreamServerImpl (ConfUtils.java:logGet(46)) - raft.datastream.type = NETTY (custom)
2023-01-10 01:13:31,871 [Listener at 127.0.0.1/41315] INFO  server.RaftServerConfigKeys (ConfUtils.java:logGet(46)) - raft.server.data-stream.async.request.thread.pool.cached = false (default)
2023-01-10 01:13:31,871 [Listener at 127.0.0.1/41315] INFO  server.RaftServerConfigKeys (ConfUtils.java:logGet(46)) - raft.server.data-stream.async.request.thread.pool.size = 20 (custom)
2023-01-10 01:13:31,871 [Listener at 127.0.0.1/41315] INFO  server.RaftServerConfigKeys (ConfUtils.java:logGet(46)) - raft.server.data-stream.async.write.thread.pool.size = 16 (default)
2023-01-10 01:13:31,871 [Listener at 127.0.0.1/41315] INFO  server.RaftServerConfigKeys (ConfUtils.java:logGet(46)) - raft.server.data-stream.client.pool.size = 10 (default)
2023-01-10 01:13:31,871 [Listener at 127.0.0.1/41315] INFO  netty.NettyConfigKeys$DataStream (ConfUtils.java:logGet(46)) - raft.netty.dataStream.server.use-epoll = false (default)
2023-01-10 01:13:31,872 [Listener at 127.0.0.1/41315] INFO  netty.NettyConfigKeys$DataStream (ConfUtils.java:logGet(46)) - raft.netty.dataStream.server.boss-group.size = 0 (default)
2023-01-10 01:13:31,872 [Listener at 127.0.0.1/41315] INFO  netty.NettyConfigKeys$DataStream (ConfUtils.java:logGet(46)) - raft.netty.dataStream.server.worker-group.size = 0 (default)
2023-01-10 01:13:31,872 [Listener at 127.0.0.1/41315] INFO  netty.NettyConfigKeys$DataStream (ConfUtils.java:logGet(46)) - raft.netty.dataStream.server.tls.conf = null (default)
2023-01-10 01:13:31,873 [Listener at 127.0.0.1/41315] INFO  netty.NettyConfigKeys$DataStream (ConfUtils.java:logGet(46)) - raft.netty.dataStream.host = null (default)
2023-01-10 01:13:31,873 [Listener at 127.0.0.1/41315] INFO  netty.NettyConfigKeys$DataStream (ConfUtils.java:logGet(46)) - raft.netty.dataStream.port = 0 (default)
2023-01-10 01:13:31,873 [Listener at 127.0.0.1/41315] INFO  server.RaftServerConfigKeys (ConfUtils.java:logGet(46)) - raft.server.threadpool.proxy.cached = true (default)
2023-01-10 01:13:31,874 [Listener at 127.0.0.1/41315] INFO  server.RaftServerConfigKeys (ConfUtils.java:logGet(46)) - raft.server.threadpool.proxy.size = 0 (default)
2023-01-10 01:13:31,874 [Listener at 127.0.0.1/41315] INFO  server.RaftServerConfigKeys (ConfUtils.java:logGet(46)) - raft.server.rpc.slowness.timeout = 300s (custom)
2023-01-10 01:13:31,874 [Listener at 127.0.0.1/41315] INFO  server.RaftServerConfigKeys (ConfUtils.java:logGet(46)) - raft.server.leaderelection.leader.step-down.wait-time = 10s (default)
2023-01-10 01:13:31,874 [Listener at 127.0.0.1/41315] INFO  server.RaftServerConfigKeys (ConfUtils.java:logGet(46)) - raft.server.storage.dir = [/home/runner/work/ozone/ozone/hadoop-ozone/integration-test/target/test-dir/MiniOzoneClusterImpl-87d91b25-fa0c-46b9-b442-f5a189e2cbc3/datanode-0/data/ratis] (custom)
2023-01-10 01:13:31,875 [a30d3908-8fda-4427-9d38-ec2047457aa6-NettyServerStreamRpc-bossGroup--thread1] INFO  logging.LoggingHandler (AbstractInternalLogger.java:log(148)) - [id: 0x4c14f7e6] REGISTERED
2023-01-10 01:13:31,875 [a30d3908-8fda-4427-9d38-ec2047457aa6-NettyServerStreamRpc-bossGroup--thread1] INFO  logging.LoggingHandler (AbstractInternalLogger.java:log(148)) - [id: 0x4c14f7e6] BIND: 0.0.0.0/0.0.0.0:0
2023-01-10 01:13:31,875 [a30d3908-8fda-4427-9d38-ec2047457aa6-NettyServerStreamRpc-bossGroup--thread1] INFO  logging.LoggingHandler (AbstractInternalLogger.java:log(148)) - [id: 0x4c14f7e6, L:/0:0:0:0:0:0:0:0:37301] ACTIVE
2023-01-10 01:13:31,877 [a30d3908-8fda-4427-9d38-ec2047457aa6-impl-thread1] INFO  server.RaftServer (RaftServerProxy.java:initGroupDir(251)) - a30d3908-8fda-4427-9d38-ec2047457aa6: found a subdirectory /home/runner/work/ozone/ozone/hadoop-ozone/integration-test/target/test-dir/MiniOzoneClusterImpl-87d91b25-fa0c-46b9-b442-f5a189e2cbc3/datanode-0/data/ratis/f68fb0ca-cff7-4b43-afd4-94f2c8abca4d
2023-01-10 01:13:31,877 [a30d3908-8fda-4427-9d38-ec2047457aa6-impl-thread1] INFO  server.RaftServer (RaftServerProxy.java:addNew(96)) - a30d3908-8fda-4427-9d38-ec2047457aa6: addNew group-94F2C8ABCA4D:[] returns group-94F2C8ABCA4D:java.util.concurrent.CompletableFuture@51b05a74[Not completed]
2023-01-10 01:13:31,877 [a30d3908-8fda-4427-9d38-ec2047457aa6-impl-thread1] INFO  server.RaftServer (RaftServerProxy.java:initGroupDir(251)) - a30d3908-8fda-4427-9d38-ec2047457aa6: found a subdirectory /home/runner/work/ozone/ozone/hadoop-ozone/integration-test/target/test-dir/MiniOzoneClusterImpl-87d91b25-fa0c-46b9-b442-f5a189e2cbc3/datanode-0/data/ratis/7597bae2-f410-4e03-881e-0aed3d946a03
2023-01-10 01:13:31,877 [a30d3908-8fda-4427-9d38-ec2047457aa6-impl-thread1] INFO  server.RaftServer (RaftServerProxy.java:addNew(96)) - a30d3908-8fda-4427-9d38-ec2047457aa6: addNew group-0AED3D946A03:[] returns group-0AED3D946A03:java.util.concurrent.CompletableFuture@558fc49a[Not completed]
2023-01-10 01:13:31,877 [a30d3908-8fda-4427-9d38-ec2047457aa6-impl-thread1] INFO  server.RaftServer (RaftServerProxy.java:initGroupDir(251)) - a30d3908-8fda-4427-9d38-ec2047457aa6: found a subdirectory /home/runner/work/ozone/ozone/hadoop-ozone/integration-test/target/test-dir/MiniOzoneClusterImpl-87d91b25-fa0c-46b9-b442-f5a189e2cbc3/datanode-0/data/ratis/aa873c7d-7efd-4658-8f36-4fe8910dbb79
2023-01-10 01:13:31,877 [a30d3908-8fda-4427-9d38-ec2047457aa6-impl-thread1] INFO  server.RaftServer (RaftServerProxy.java:addNew(96)) - a30d3908-8fda-4427-9d38-ec2047457aa6: addNew group-4FE8910DBB79:[] returns group-4FE8910DBB79:java.util.concurrent.CompletableFuture@108d504f[Not completed]
2023-01-10 01:13:31,878 [Listener at 127.0.0.1/41315] INFO  server.XceiverServerGrpc (XceiverServerGrpc.java:<init>(132)) - GrpcServer channel type EpollServerSocketChannel
2023-01-10 01:13:31,881 [pool-400-thread-1] INFO  server.RaftServer$Division (RaftServerImpl.java:<init>(195)) - a30d3908-8fda-4427-9d38-ec2047457aa6: new RaftServerImpl for group-94F2C8ABCA4D:[] with ContainerStateMachine:uninitialized
2023-01-10 01:13:31,881 [pool-400-thread-1] INFO  server.RaftServerConfigKeys (ConfUtils.java:logGet(46)) - raft.server.rpc.timeout.min = 5s (custom)
2023-01-10 01:13:31,881 [pool-400-thread-1] INFO  server.RaftServerConfigKeys (ConfUtils.java:logGet(46)) - raft.server.rpc.timeout.max = 5200ms (custom)
2023-01-10 01:13:31,881 [pool-400-thread-1] INFO  server.RaftServerConfigKeys (ConfUtils.java:logGet(46)) - raft.server.rpc.sleep.time = 25ms (default)
2023-01-10 01:13:31,882 [pool-400-thread-1] INFO  server.RaftServerConfigKeys (ConfUtils.java:logGet(46)) - raft.server.rpc.slowness.timeout = 300s (custom)
2023-01-10 01:13:31,882 [pool-400-thread-1] INFO  server.RaftServerConfigKeys (ConfUtils.java:logGet(46)) - raft.server.leaderelection.leader.step-down.wait-time = 10s (default)
2023-01-10 01:13:31,882 [pool-400-thread-1] INFO  server.RaftServerConfigKeys (ConfUtils.java:logGet(46)) - raft.server.sleep.deviation.threshold = 300ms (default)
2023-01-10 01:13:31,882 [pool-400-thread-1] INFO  server.RaftServer$Division (ServerState.java:<init>(118)) - a30d3908-8fda-4427-9d38-ec2047457aa6@group-94F2C8ABCA4D: ConfigurationManager, init=-1: peers:[]|listeners:[], old=null, confs=<EMPTY_MAP>
2023-01-10 01:13:31,882 [pool-400-thread-1] INFO  server.RaftServerConfigKeys (ConfUtils.java:logGet(46)) - raft.server.storage.dir = [/home/runner/work/ozone/ozone/hadoop-ozone/integration-test/target/test-dir/MiniOzoneClusterImpl-87d91b25-fa0c-46b9-b442-f5a189e2cbc3/datanode-0/data/ratis] (custom)
2023-01-10 01:13:31,882 [pool-400-thread-1] INFO  server.RaftServerConfigKeys (ConfUtils.java:logGet(46)) - raft.server.log.corruption.policy = EXCEPTION (default)
2023-01-10 01:13:31,882 [pool-400-thread-1] INFO  server.RaftServerConfigKeys (ConfUtils.java:logGet(46)) - raft.server.storage.free-space.min = 0MB (=0) (default)
2023-01-10 01:13:31,882 [pool-400-thread-1] INFO  server.RaftServerConfigKeys (ConfUtils.java:logGet(46)) - raft.server.notification.no-leader.timeout = 300s (custom)
2023-01-10 01:13:31,882 [pool-400-thread-1] INFO  server.RaftServerConfigKeys (ConfUtils.java:logGet(46)) - raft.server.retrycache.expirytime = 600000ms (custom)
2023-01-10 01:13:31,882 [pool-400-thread-1] INFO  server.RaftServerConfigKeys (ConfUtils.java:logGet(46)) - raft.server.retrycache.statistics.expirytime = 100μs (default)
2023-01-10 01:13:31,883 [pool-400-thread-1] INFO  server.RaftServerConfigKeys (ConfUtils.java:logGet(46)) - raft.server.log.appender.install.snapshot.enabled = false (custom)
2023-01-10 01:13:31,883 [pool-400-thread-1] INFO  server.RaftServerConfigKeys (ConfUtils.java:logGet(46)) - raft.server.threadpool.server.cached = true (default)
2023-01-10 01:13:31,883 [pool-400-thread-1] INFO  server.RaftServerConfigKeys (ConfUtils.java:logGet(46)) - raft.server.threadpool.server.size = 0 (default)
2023-01-10 01:13:31,883 [pool-400-thread-1] INFO  server.RaftServerConfigKeys (ConfUtils.java:logGet(46)) - raft.server.threadpool.client.cached = true (default)
2023-01-10 01:13:31,883 [pool-400-thread-1] INFO  server.RaftServerConfigKeys (ConfUtils.java:logGet(46)) - raft.server.threadpool.client.size = 0 (default)
2023-01-10 01:13:31,883 [pool-400-thread-1] INFO  server.RaftServer$Division (RaftServerImpl.java:<init>(195)) - a30d3908-8fda-4427-9d38-ec2047457aa6: new RaftServerImpl for group-0AED3D946A03:[] with ContainerStateMachine:uninitialized
2023-01-10 01:13:31,883 [pool-400-thread-1] INFO  server.RaftServerConfigKeys (ConfUtils.java:logGet(46)) - raft.server.rpc.timeout.min = 5s (custom)
2023-01-10 01:13:31,883 [pool-400-thread-1] INFO  server.RaftServerConfigKeys (ConfUtils.java:logGet(46)) - raft.server.rpc.timeout.max = 5200ms (custom)
2023-01-10 01:13:31,883 [pool-400-thread-1] INFO  server.RaftServerConfigKeys (ConfUtils.java:logGet(46)) - raft.server.rpc.sleep.time = 25ms (default)
2023-01-10 01:13:31,883 [pool-400-thread-1] INFO  server.RaftServerConfigKeys (ConfUtils.java:logGet(46)) - raft.server.rpc.slowness.timeout = 300s (custom)
2023-01-10 01:13:31,883 [pool-400-thread-1] INFO  server.RaftServerConfigKeys (ConfUtils.java:logGet(46)) - raft.server.leaderelection.leader.step-down.wait-time = 10s (default)
2023-01-10 01:13:31,883 [pool-400-thread-1] INFO  server.RaftServerConfigKeys (ConfUtils.java:logGet(46)) - raft.server.sleep.deviation.threshold = 300ms (default)
2023-01-10 01:13:31,884 [pool-400-thread-1] INFO  server.RaftServer$Division (ServerState.java:<init>(118)) - a30d3908-8fda-4427-9d38-ec2047457aa6@group-0AED3D946A03: ConfigurationManager, init=-1: peers:[]|listeners:[], old=null, confs=<EMPTY_MAP>
2023-01-10 01:13:31,884 [pool-400-thread-1] INFO  server.RaftServerConfigKeys (ConfUtils.java:logGet(46)) - raft.server.storage.dir = [/home/runner/work/ozone/ozone/hadoop-ozone/integration-test/target/test-dir/MiniOzoneClusterImpl-87d91b25-fa0c-46b9-b442-f5a189e2cbc3/datanode-0/data/ratis] (custom)
2023-01-10 01:13:31,884 [pool-400-thread-1] INFO  server.RaftServerConfigKeys (ConfUtils.java:logGet(46)) - raft.server.log.corruption.policy = EXCEPTION (default)
2023-01-10 01:13:31,884 [pool-400-thread-1] INFO  server.RaftServerConfigKeys (ConfUtils.java:logGet(46)) - raft.server.storage.free-space.min = 0MB (=0) (default)
2023-01-10 01:13:31,884 [pool-400-thread-1] INFO  server.RaftServerConfigKeys (ConfUtils.java:logGet(46)) - raft.server.notification.no-leader.timeout = 300s (custom)
2023-01-10 01:13:31,884 [pool-400-thread-1] INFO  server.RaftServerConfigKeys (ConfUtils.java:logGet(46)) - raft.server.retrycache.expirytime = 600000ms (custom)
2023-01-10 01:13:31,884 [pool-400-thread-1] INFO  server.RaftServerConfigKeys (ConfUtils.java:logGet(46)) - raft.server.retrycache.statistics.expirytime = 100μs (default)
2023-01-10 01:13:31,884 [pool-400-thread-1] INFO  server.RaftServerConfigKeys (ConfUtils.java:logGet(46)) - raft.server.log.appender.install.snapshot.enabled = false (custom)
2023-01-10 01:13:31,884 [pool-400-thread-1] INFO  server.RaftServerConfigKeys (ConfUtils.java:logGet(46)) - raft.server.threadpool.server.cached = true (default)
2023-01-10 01:13:31,884 [pool-400-thread-1] INFO  server.RaftServerConfigKeys (ConfUtils.java:logGet(46)) - raft.server.threadpool.server.size = 0 (default)
2023-01-10 01:13:31,884 [pool-400-thread-1] INFO  server.RaftServerConfigKeys (ConfUtils.java:logGet(46)) - raft.server.threadpool.client.cached = true (default)
2023-01-10 01:13:31,884 [pool-400-thread-1] INFO  server.RaftServerConfigKeys (ConfUtils.java:logGet(46)) - raft.server.threadpool.client.size = 0 (default)
2023-01-10 01:13:31,885 [pool-400-thread-1] INFO  server.RaftServer$Division (RaftServerImpl.java:<init>(195)) - a30d3908-8fda-4427-9d38-ec2047457aa6: new RaftServerImpl for group-4FE8910DBB79:[] with ContainerStateMachine:uninitialized
2023-01-10 01:13:31,885 [pool-400-thread-1] INFO  server.RaftServerConfigKeys (ConfUtils.java:logGet(46)) - raft.server.rpc.timeout.min = 5s (custom)
2023-01-10 01:13:31,885 [pool-400-thread-1] INFO  server.RaftServerConfigKeys (ConfUtils.java:logGet(46)) - raft.server.rpc.timeout.max = 5200ms (custom)
2023-01-10 01:13:31,885 [pool-400-thread-1] INFO  server.RaftServerConfigKeys (ConfUtils.java:logGet(46)) - raft.server.rpc.sleep.time = 25ms (default)
2023-01-10 01:13:31,885 [pool-400-thread-1] INFO  server.RaftServerConfigKeys (ConfUtils.java:logGet(46)) - raft.server.rpc.slowness.timeout = 300s (custom)
2023-01-10 01:13:31,885 [pool-400-thread-1] INFO  server.RaftServerConfigKeys (ConfUtils.java:logGet(46)) - raft.server.leaderelection.leader.step-down.wait-time = 10s (default)
2023-01-10 01:13:31,885 [pool-400-thread-1] INFO  server.RaftServerConfigKeys (ConfUtils.java:logGet(46)) - raft.server.sleep.deviation.threshold = 300ms (default)
2023-01-10 01:13:31,885 [pool-400-thread-1] INFO  server.RaftServer$Division (ServerState.java:<init>(118)) - a30d3908-8fda-4427-9d38-ec2047457aa6@group-4FE8910DBB79: ConfigurationManager, init=-1: peers:[]|listeners:[], old=null, confs=<EMPTY_MAP>
2023-01-10 01:13:31,885 [pool-400-thread-1] INFO  server.RaftServerConfigKeys (ConfUtils.java:logGet(46)) - raft.server.storage.dir = [/home/runner/work/ozone/ozone/hadoop-ozone/integration-test/target/test-dir/MiniOzoneClusterImpl-87d91b25-fa0c-46b9-b442-f5a189e2cbc3/datanode-0/data/ratis] (custom)
2023-01-10 01:13:31,885 [pool-400-thread-1] INFO  server.RaftServerConfigKeys (ConfUtils.java:logGet(46)) - raft.server.log.corruption.policy = EXCEPTION (default)
2023-01-10 01:13:31,885 [pool-400-thread-1] INFO  server.RaftServerConfigKeys (ConfUtils.java:logGet(46)) - raft.server.storage.free-space.min = 0MB (=0) (default)
2023-01-10 01:13:31,886 [pool-400-thread-1] INFO  server.RaftServerConfigKeys (ConfUtils.java:logGet(46)) - raft.server.notification.no-leader.timeout = 300s (custom)
2023-01-10 01:13:31,886 [pool-400-thread-1] INFO  server.RaftServerConfigKeys (ConfUtils.java:logGet(46)) - raft.server.retrycache.expirytime = 600000ms (custom)
2023-01-10 01:13:31,886 [pool-400-thread-1] INFO  server.RaftServerConfigKeys (ConfUtils.java:logGet(46)) - raft.server.retrycache.statistics.expirytime = 100μs (default)
2023-01-10 01:13:31,886 [pool-400-thread-1] INFO  server.RaftServerConfigKeys (ConfUtils.java:logGet(46)) - raft.server.log.appender.install.snapshot.enabled = false (custom)
2023-01-10 01:13:31,886 [pool-400-thread-1] INFO  server.RaftServerConfigKeys (ConfUtils.java:logGet(46)) - raft.server.threadpool.server.cached = true (default)
2023-01-10 01:13:31,886 [pool-400-thread-1] INFO  server.RaftServerConfigKeys (ConfUtils.java:logGet(46)) - raft.server.threadpool.server.size = 0 (default)
2023-01-10 01:13:31,886 [Listener at 127.0.0.1/41315] INFO  http.BaseHttpServer (BaseHttpServer.java:newHttpServer2BuilderForOzone(213)) - Starting Web-server for hddsDatanode at: http://0.0.0.0:46711
2023-01-10 01:13:31,886 [pool-400-thread-1] INFO  server.RaftServerConfigKeys (ConfUtils.java:logGet(46)) - raft.server.threadpool.client.cached = true (default)
2023-01-10 01:13:31,887 [Listener at 127.0.0.1/41315] INFO  http.BaseHttpServer (BaseHttpServer.java:<init>(108)) - Hadoop Security Enabled: false Ozone Security Enabled: false Ozone HTTP Security Enabled: false 
2023-01-10 01:13:31,887 [pool-400-thread-1] INFO  server.RaftServerConfigKeys (ConfUtils.java:logGet(46)) - raft.server.threadpool.client.size = 0 (default)
2023-01-10 01:13:31,888 [Listener at 127.0.0.1/41315] WARN  server.AuthenticationFilter (AuthenticationFilter.java:constructSecretProvider(240)) - Unable to initialize FileSignerSecretProvider, falling back to use random secrets. Reason: Could not read signature secret file: /home/runner/hadoop-http-auth-signature-secret
2023-01-10 01:13:31,889 [Listener at 127.0.0.1/41315] WARN  http.HttpRequestLog (HttpRequestLog.java:getRequestLog(103)) - Jetty request log can only be enabled using Log4j
2023-01-10 01:13:31,890 [Listener at 127.0.0.1/41315] INFO  http.HttpServer2 (HttpServer2.java:addGlobalFilter(1031)) - Added global filter 'safety' (class=org.apache.hadoop.hdds.server.http.HttpServer2$QuotingInputFilter)
2023-01-10 01:13:31,891 [Listener at 127.0.0.1/41315] INFO  http.HttpServer2 (HttpServer2.java:addFilter(1007)) - Added filter static_user_filter (class=org.apache.hadoop.http.lib.StaticUserWebFilter$StaticUserFilter) to context hddsDatanode
2023-01-10 01:13:31,891 [Listener at 127.0.0.1/41315] INFO  http.HttpServer2 (HttpServer2.java:addFilter(1015)) - Added filter static_user_filter (class=org.apache.hadoop.http.lib.StaticUserWebFilter$StaticUserFilter) to context logs
2023-01-10 01:13:31,891 [Listener at 127.0.0.1/41315] INFO  http.HttpServer2 (HttpServer2.java:addFilter(1015)) - Added filter static_user_filter (class=org.apache.hadoop.http.lib.StaticUserWebFilter$StaticUserFilter) to context static
2023-01-10 01:13:31,892 [Listener at 127.0.0.1/41315] INFO  http.HttpServer2 (HttpServer2.java:bindListener(1250)) - Jetty bound to port 46711
2023-01-10 01:13:31,892 [Listener at 127.0.0.1/41315] INFO  server.Server (Server.java:doStart(375)) - jetty-9.4.49.v20220914; built: 2022-09-14T01:07:36.601Z; git: 4231a3b2e4cb8548a412a789936d640a97b1aa0a; jvm 1.8.0_352-b08
2023-01-10 01:13:31,897 [Listener at 127.0.0.1/41315] INFO  server.session (DefaultSessionIdManager.java:doStart(334)) - DefaultSessionIdManager workerName=node0
2023-01-10 01:13:31,897 [Listener at 127.0.0.1/41315] INFO  server.session (DefaultSessionIdManager.java:doStart(339)) - No SessionScavenger set, using defaults
2023-01-10 01:13:31,897 [Listener at 127.0.0.1/41315] INFO  server.session (HouseKeeper.java:startScavenging(132)) - node0 Scavenging every 600000ms
2023-01-10 01:13:31,898 [Listener at 127.0.0.1/41315] INFO  handler.ContextHandler (ContextHandler.java:doStart(921)) - Started o.e.j.s.ServletContextHandler@27db378a{logs,/logs,file:///home/runner/work/ozone/ozone/hadoop-ozone/integration-test/target/log,AVAILABLE}
2023-01-10 01:13:31,898 [Listener at 127.0.0.1/41315] INFO  handler.ContextHandler (ContextHandler.java:doStart(921)) - Started o.e.j.s.ServletContextHandler@546b4d6c{static,/static,jar:file:/home/runner/.m2/repository/org/apache/ozone/hdds-container-service/1.4.0-SNAPSHOT/hdds-container-service-1.4.0-SNAPSHOT.jar!/webapps/static,AVAILABLE}
2023-01-10 01:13:32,084 [Listener at 127.0.0.1/41315] INFO  handler.ContextHandler (ContextHandler.java:doStart(921)) - Started o.e.j.w.WebAppContext@4e4f51e7{hddsDatanode,/,file:///tmp/jetty-0_0_0_0-46711-hdds-container-service-1_4_0-SNAPSHOT_jar-_-any-2904916515155833742/webapp/,AVAILABLE}{jar:file:/home/runner/.m2/repository/org/apache/ozone/hdds-container-service/1.4.0-SNAPSHOT/hdds-container-service-1.4.0-SNAPSHOT.jar!/webapps/hddsDatanode}
2023-01-10 01:13:32,086 [Listener at 127.0.0.1/41315] INFO  server.AbstractConnector (AbstractConnector.java:doStart(333)) - Started ServerConnector@2ac665a{HTTP/1.1, (http/1.1)}{0.0.0.0:46711}
2023-01-10 01:13:32,086 [Listener at 127.0.0.1/41315] INFO  server.Server (Server.java:doStart(415)) - Started @113688ms
2023-01-10 01:13:32,086 [Listener at 127.0.0.1/41315] WARN  impl.MetricsSystemImpl (MetricsSystemImpl.java:register(279)) - Sink prometheus already exists!
2023-01-10 01:13:32,087 [Listener at 127.0.0.1/41315] INFO  http.BaseHttpServer (BaseHttpServer.java:updateConnectorAddress(333)) - HTTP server of hddsDatanode listening at http://0.0.0.0:46711
2023-01-10 01:13:32,089 [Datanode State Machine Daemon Thread] INFO  statemachine.DatanodeStateMachine (DatanodeStateMachine.java:lambda$startDaemon$0(508)) - Ozone container server started.
2023-01-10 01:13:32,090 [Listener at 127.0.0.1/41315] WARN  impl.MetricRegistriesImpl (MetricRegistriesImpl.java:addReporterRegistration(111)) - New reporters are added after registries were created. Some metrics will be missing from the reporter. Please add reporter before adding any new registry.
2023-01-10 01:13:32,090 [Listener at 127.0.0.1/41315] WARN  impl.MetricRegistriesImpl (MetricRegistriesImpl.java:addReporterRegistration(111)) - New reporters are added after registries were created. Some metrics will be missing from the reporter. Please add reporter before adding any new registry.
2023-01-10 01:13:32,090 [Listener at 127.0.0.1/41315] INFO  impl.MetricsSystemImpl (MetricsSystemImpl.java:init(158)) - HddsDatanode metrics system started (again)
2023-01-10 01:13:32,102 [Listener at 127.0.0.1/41315] INFO  ozone.HddsDatanodeService (HddsDatanodeService.java:start(228)) - HddsDatanodeService host:fv-az353-623.tkyx2seitsuu3nmpmouz2httfb.bx.internal.cloudapp.net ip:10.1.0.24
2023-01-10 01:13:32,114 [org.apache.hadoop.util.JvmPauseMonitor$Monitor@768c9a90] INFO  util.JvmPauseMonitor (JvmPauseMonitor.java:run(188)) - Starting JVM pause monitor
2023-01-10 01:13:32,121 [Datanode State Machine Task Thread - 0] INFO  datanode.InitDatanodeState (InitDatanodeState.java:persistContainerDatanodeDetails(138)) - DatanodeDetails is persisted to /home/runner/work/ozone/ozone/hadoop-ozone/integration-test/target/test-dir/MiniOzoneClusterImpl-87d91b25-fa0c-46b9-b442-f5a189e2cbc3/datanode-0/meta/datanode.id
2023-01-10 01:13:32,122 [Listener at 127.0.0.1/41315] INFO  upgrade.AbstractLayoutVersionManager (AbstractLayoutVersionManager.java:init(83)) - Initializing Layout version manager with metadata layout = DATANODE_SCHEMA_V3 (version = 4), software layout = DATANODE_SCHEMA_V3 (version = 4)
2023-01-10 01:13:32,165 [Listener at 127.0.0.1/41315] INFO  reflections.Reflections (Reflections.java:scan(232)) - Reflections took 42 ms to scan 7 urls, producing 146 keys and 350 values 
2023-01-10 01:13:32,167 [Listener at 127.0.0.1/41315] INFO  statemachine.DatanodeStateMachine (DatanodeStateMachine.java:getEndPointTaskThreadPoolSize(248)) - Datanode State Machine Task Thread Pool size 2
2023-01-10 01:13:32,170 [Listener at 127.0.0.1/41315] INFO  volume.HddsVolume (HddsVolume.java:<init>(117)) - Creating HddsVolume: /home/runner/work/ozone/ozone/hadoop-ozone/integration-test/target/test-dir/MiniOzoneClusterImpl-87d91b25-fa0c-46b9-b442-f5a189e2cbc3/datanode-1/data-0/containers/hdds of storage type : DISK capacity : 9223372036854775807
2023-01-10 01:13:32,171 [Listener at 127.0.0.1/41315] INFO  volume.MutableVolumeSet (MutableVolumeSet.java:initializeVolumeSet(174)) - Added Volume : /home/runner/work/ozone/ozone/hadoop-ozone/integration-test/target/test-dir/MiniOzoneClusterImpl-87d91b25-fa0c-46b9-b442-f5a189e2cbc3/datanode-1/data-0/containers/hdds to VolumeSet
2023-01-10 01:13:32,171 [Listener at 127.0.0.1/41315] INFO  volume.ThrottledAsyncChecker (ThrottledAsyncChecker.java:schedule(141)) - Scheduling a check for /home/runner/work/ozone/ozone/hadoop-ozone/integration-test/target/test-dir/MiniOzoneClusterImpl-87d91b25-fa0c-46b9-b442-f5a189e2cbc3/datanode-1/data-0/containers/hdds
2023-01-10 01:13:32,171 [Listener at 127.0.0.1/41315] INFO  volume.StorageVolumeChecker (StorageVolumeChecker.java:checkAllVolumes(202)) - Scheduled health check for volume /home/runner/work/ozone/ozone/hadoop-ozone/integration-test/target/test-dir/MiniOzoneClusterImpl-87d91b25-fa0c-46b9-b442-f5a189e2cbc3/datanode-1/data-0/containers/hdds
2023-01-10 01:13:32,183 [Listener at 127.0.0.1/41315] INFO  volume.MutableVolumeSet (MutableVolumeSet.java:initializeVolumeSet(174)) - Added Volume : /home/runner/work/ozone/ozone/hadoop-ozone/integration-test/target/test-dir/MiniOzoneClusterImpl-87d91b25-fa0c-46b9-b442-f5a189e2cbc3/datanode-1/data/ratis to VolumeSet
2023-01-10 01:13:32,183 [Listener at 127.0.0.1/41315] INFO  volume.ThrottledAsyncChecker (ThrottledAsyncChecker.java:schedule(141)) - Scheduling a check for /home/runner/work/ozone/ozone/hadoop-ozone/integration-test/target/test-dir/MiniOzoneClusterImpl-87d91b25-fa0c-46b9-b442-f5a189e2cbc3/datanode-1/data/ratis
2023-01-10 01:13:32,183 [Listener at 127.0.0.1/41315] INFO  volume.StorageVolumeChecker (StorageVolumeChecker.java:checkAllVolumes(202)) - Scheduled health check for volume /home/runner/work/ozone/ozone/hadoop-ozone/integration-test/target/test-dir/MiniOzoneClusterImpl-87d91b25-fa0c-46b9-b442-f5a189e2cbc3/datanode-1/data/ratis
2023-01-10 01:13:32,209 [Listener at 127.0.0.1/41315] INFO  utils.DatanodeStoreCache (DatanodeStoreCache.java:addDB(58)) - Added db /home/runner/work/ozone/ozone/hadoop-ozone/integration-test/target/test-dir/MiniOzoneClusterImpl-87d91b25-fa0c-46b9-b442-f5a189e2cbc3/datanode-1/data-0/containers/hdds/87d91b25-fa0c-46b9-b442-f5a189e2cbc3/DS-ff5064f8-1bc3-4fb8-a3c3-24295597a23d/container.db to cache
2023-01-10 01:13:32,209 [Listener at 127.0.0.1/41315] INFO  volume.HddsVolume (HddsVolume.java:loadDbStore(260)) - SchemaV3 db is loaded at /home/runner/work/ozone/ozone/hadoop-ozone/integration-test/target/test-dir/MiniOzoneClusterImpl-87d91b25-fa0c-46b9-b442-f5a189e2cbc3/datanode-1/data-0/containers/hdds/87d91b25-fa0c-46b9-b442-f5a189e2cbc3/DS-ff5064f8-1bc3-4fb8-a3c3-24295597a23d/container.db for volume DS-ff5064f8-1bc3-4fb8-a3c3-24295597a23d
2023-01-10 01:13:32,210 [Thread-763] INFO  ozoneimpl.ContainerReader (ContainerReader.java:readVolume(145)) - Start to verify containers on volume /home/runner/work/ozone/ozone/hadoop-ozone/integration-test/target/test-dir/MiniOzoneClusterImpl-87d91b25-fa0c-46b9-b442-f5a189e2cbc3/datanode-1/data-0/containers/hdds
2023-01-10 01:13:32,210 [Thread-763] INFO  ozoneimpl.ContainerReader (ContainerReader.java:readVolume(175)) - Finish verifying containers on volume /home/runner/work/ozone/ozone/hadoop-ozone/integration-test/target/test-dir/MiniOzoneClusterImpl-87d91b25-fa0c-46b9-b442-f5a189e2cbc3/datanode-1/data-0/containers/hdds
2023-01-10 01:13:32,210 [Listener at 127.0.0.1/41315] INFO  ozoneimpl.OzoneContainer (OzoneContainer.java:buildContainerSet(301)) - Build ContainerSet costs 0s
2023-01-10 01:13:32,212 [Listener at 127.0.0.1/41315] INFO  server.RaftServer (ConfUtils.java:logGet(46)) - raft.rpc.type = GRPC (default)
2023-01-10 01:13:32,212 [Listener at 127.0.0.1/41315] INFO  grpc.GrpcConfigKeys (ConfUtils.java:logFallback(53)) - raft.grpc.admin.host = null (fallback to raft.grpc.server.host)
2023-01-10 01:13:32,212 [Listener at 127.0.0.1/41315] INFO  grpc.GrpcConfigKeys (ConfUtils.java:logGet(46)) - raft.grpc.admin.port = 37887 (custom)
2023-01-10 01:13:32,212 [Listener at 127.0.0.1/41315] INFO  grpc.GrpcConfigKeys (ConfUtils.java:logFallback(53)) - raft.grpc.client.host = null (fallback to raft.grpc.server.host)
2023-01-10 01:13:32,212 [Listener at 127.0.0.1/41315] INFO  grpc.GrpcConfigKeys (ConfUtils.java:logGet(46)) - raft.grpc.client.port = 37887 (custom)
2023-01-10 01:13:32,212 [Listener at 127.0.0.1/41315] INFO  grpc.GrpcConfigKeys (ConfUtils.java:logGet(46)) - raft.grpc.server.host = null (default)
2023-01-10 01:13:32,213 [Listener at 127.0.0.1/41315] INFO  grpc.GrpcConfigKeys (ConfUtils.java:logGet(46)) - raft.grpc.server.port = 37887 (custom)
2023-01-10 01:13:32,213 [Listener at 127.0.0.1/41315] INFO  server.GrpcService (ConfUtils.java:logGet(46)) - raft.grpc.message.size.max = 32MB (=33554432) (custom)
2023-01-10 01:13:32,213 [Listener at 127.0.0.1/41315] INFO  server.RaftServerConfigKeys (ConfUtils.java:logGet(46)) - raft.server.log.appender.buffer.byte-limit = 33554432 (custom)
2023-01-10 01:13:32,213 [Listener at 127.0.0.1/41315] INFO  server.GrpcService (ConfUtils.java:logGet(46)) - raft.grpc.flow.control.window = 5MB (=5242880) (custom)
2023-01-10 01:13:32,213 [Listener at 127.0.0.1/41315] INFO  server.RaftServerConfigKeys (ConfUtils.java:logGet(46)) - raft.server.rpc.request.timeout = 60s (custom)
2023-01-10 01:13:32,213 [Listener at 127.0.0.1/41315] INFO  grpc.GrpcConfigKeys (ConfUtils.java:logGet(46)) - raft.grpc.server.heartbeat.channel = true (default)
2023-01-10 01:13:32,213 [Listener at 127.0.0.1/41315] INFO  grpc.GrpcConfigKeys (ConfUtils.java:logGet(46)) - raft.grpc.server.async.request.thread.pool.cached = true (default)
2023-01-10 01:13:32,214 [Listener at 127.0.0.1/41315] INFO  grpc.GrpcConfigKeys (ConfUtils.java:logGet(46)) - raft.grpc.server.async.request.thread.pool.size = 32 (default)
2023-01-10 01:13:32,215 [Listener at 127.0.0.1/41315] INFO  impl.DataStreamServerImpl (ConfUtils.java:logGet(46)) - raft.datastream.type = NETTY (custom)
2023-01-10 01:13:32,215 [Listener at 127.0.0.1/41315] INFO  server.RaftServerConfigKeys (ConfUtils.java:logGet(46)) - raft.server.data-stream.async.request.thread.pool.cached = false (default)
2023-01-10 01:13:32,215 [Listener at 127.0.0.1/41315] INFO  server.RaftServerConfigKeys (ConfUtils.java:logGet(46)) - raft.server.data-stream.async.request.thread.pool.size = 20 (custom)
2023-01-10 01:13:32,215 [Listener at 127.0.0.1/41315] INFO  server.RaftServerConfigKeys (ConfUtils.java:logGet(46)) - raft.server.data-stream.async.write.thread.pool.size = 16 (default)
2023-01-10 01:13:32,215 [Listener at 127.0.0.1/41315] INFO  server.RaftServerConfigKeys (ConfUtils.java:logGet(46)) - raft.server.data-stream.client.pool.size = 10 (default)
2023-01-10 01:13:32,215 [Listener at 127.0.0.1/41315] INFO  netty.NettyConfigKeys$DataStream (ConfUtils.java:logGet(46)) - raft.netty.dataStream.server.use-epoll = false (default)
2023-01-10 01:13:32,216 [Listener at 127.0.0.1/41315] INFO  netty.NettyConfigKeys$DataStream (ConfUtils.java:logGet(46)) - raft.netty.dataStream.server.boss-group.size = 0 (default)
2023-01-10 01:13:32,216 [Listener at 127.0.0.1/41315] INFO  netty.NettyConfigKeys$DataStream (ConfUtils.java:logGet(46)) - raft.netty.dataStream.server.worker-group.size = 0 (default)
2023-01-10 01:13:32,217 [Listener at 127.0.0.1/41315] INFO  netty.NettyConfigKeys$DataStream (ConfUtils.java:logGet(46)) - raft.netty.dataStream.server.tls.conf = null (default)
2023-01-10 01:13:32,217 [Listener at 127.0.0.1/41315] INFO  netty.NettyConfigKeys$DataStream (ConfUtils.java:logGet(46)) - raft.netty.dataStream.host = null (default)
2023-01-10 01:13:32,217 [Listener at 127.0.0.1/41315] INFO  netty.NettyConfigKeys$DataStream (ConfUtils.java:logGet(46)) - raft.netty.dataStream.port = 0 (default)
2023-01-10 01:13:32,218 [Listener at 127.0.0.1/41315] INFO  server.RaftServerConfigKeys (ConfUtils.java:logGet(46)) - raft.server.threadpool.proxy.cached = true (default)
2023-01-10 01:13:32,218 [Listener at 127.0.0.1/41315] INFO  server.RaftServerConfigKeys (ConfUtils.java:logGet(46)) - raft.server.threadpool.proxy.size = 0 (default)
2023-01-10 01:13:32,218 [e4ed2f3a-5aa6-4459-b26c-0c4683a8ebc0-NettyServerStreamRpc-bossGroup--thread1] INFO  logging.LoggingHandler (AbstractInternalLogger.java:log(148)) - [id: 0x92557f7c] REGISTERED
2023-01-10 01:13:32,218 [Listener at 127.0.0.1/41315] INFO  server.RaftServerConfigKeys (ConfUtils.java:logGet(46)) - raft.server.rpc.slowness.timeout = 300s (custom)
2023-01-10 01:13:32,218 [Listener at 127.0.0.1/41315] INFO  server.RaftServerConfigKeys (ConfUtils.java:logGet(46)) - raft.server.leaderelection.leader.step-down.wait-time = 10s (default)
2023-01-10 01:13:32,218 [e4ed2f3a-5aa6-4459-b26c-0c4683a8ebc0-NettyServerStreamRpc-bossGroup--thread1] INFO  logging.LoggingHandler (AbstractInternalLogger.java:log(148)) - [id: 0x92557f7c] BIND: 0.0.0.0/0.0.0.0:0
2023-01-10 01:13:32,218 [Listener at 127.0.0.1/41315] INFO  server.RaftServerConfigKeys (ConfUtils.java:logGet(46)) - raft.server.storage.dir = [/home/runner/work/ozone/ozone/hadoop-ozone/integration-test/target/test-dir/MiniOzoneClusterImpl-87d91b25-fa0c-46b9-b442-f5a189e2cbc3/datanode-1/data/ratis] (custom)
2023-01-10 01:13:32,218 [e4ed2f3a-5aa6-4459-b26c-0c4683a8ebc0-NettyServerStreamRpc-bossGroup--thread1] INFO  logging.LoggingHandler (AbstractInternalLogger.java:log(148)) - [id: 0x92557f7c, L:/0:0:0:0:0:0:0:0:38303] ACTIVE
2023-01-10 01:13:32,219 [e4ed2f3a-5aa6-4459-b26c-0c4683a8ebc0-impl-thread1] INFO  server.RaftServer (RaftServerProxy.java:initGroupDir(251)) - e4ed2f3a-5aa6-4459-b26c-0c4683a8ebc0: found a subdirectory /home/runner/work/ozone/ozone/hadoop-ozone/integration-test/target/test-dir/MiniOzoneClusterImpl-87d91b25-fa0c-46b9-b442-f5a189e2cbc3/datanode-1/data/ratis/42b4ed3d-a817-4207-8473-f854ec1b0025
2023-01-10 01:13:32,219 [e4ed2f3a-5aa6-4459-b26c-0c4683a8ebc0-impl-thread1] INFO  server.RaftServer (RaftServerProxy.java:addNew(96)) - e4ed2f3a-5aa6-4459-b26c-0c4683a8ebc0: addNew group-F854EC1B0025:[] returns group-F854EC1B0025:java.util.concurrent.CompletableFuture@43e7203f[Not completed]
2023-01-10 01:13:32,219 [e4ed2f3a-5aa6-4459-b26c-0c4683a8ebc0-impl-thread1] INFO  server.RaftServer (RaftServerProxy.java:initGroupDir(251)) - e4ed2f3a-5aa6-4459-b26c-0c4683a8ebc0: found a subdirectory /home/runner/work/ozone/ozone/hadoop-ozone/integration-test/target/test-dir/MiniOzoneClusterImpl-87d91b25-fa0c-46b9-b442-f5a189e2cbc3/datanode-1/data/ratis/7597bae2-f410-4e03-881e-0aed3d946a03
2023-01-10 01:13:32,219 [e4ed2f3a-5aa6-4459-b26c-0c4683a8ebc0-impl-thread1] INFO  server.RaftServer (RaftServerProxy.java:addNew(96)) - e4ed2f3a-5aa6-4459-b26c-0c4683a8ebc0: addNew group-0AED3D946A03:[] returns group-0AED3D946A03:java.util.concurrent.CompletableFuture@47d8bc9b[Not completed]
2023-01-10 01:13:32,219 [e4ed2f3a-5aa6-4459-b26c-0c4683a8ebc0-impl-thread1] INFO  server.RaftServer (RaftServerProxy.java:initGroupDir(251)) - e4ed2f3a-5aa6-4459-b26c-0c4683a8ebc0: found a subdirectory /home/runner/work/ozone/ozone/hadoop-ozone/integration-test/target/test-dir/MiniOzoneClusterImpl-87d91b25-fa0c-46b9-b442-f5a189e2cbc3/datanode-1/data/ratis/aa873c7d-7efd-4658-8f36-4fe8910dbb79
2023-01-10 01:13:32,219 [e4ed2f3a-5aa6-4459-b26c-0c4683a8ebc0-impl-thread1] INFO  server.RaftServer (RaftServerProxy.java:addNew(96)) - e4ed2f3a-5aa6-4459-b26c-0c4683a8ebc0: addNew group-4FE8910DBB79:[] returns group-4FE8910DBB79:java.util.concurrent.CompletableFuture@2da2a04[Not completed]
2023-01-10 01:13:32,220 [Listener at 127.0.0.1/41315] INFO  server.XceiverServerGrpc (XceiverServerGrpc.java:<init>(132)) - GrpcServer channel type EpollServerSocketChannel
2023-01-10 01:13:32,225 [Listener at 127.0.0.1/41315] INFO  http.BaseHttpServer (BaseHttpServer.java:newHttpServer2BuilderForOzone(213)) - Starting Web-server for hddsDatanode at: http://0.0.0.0:39985
2023-01-10 01:13:32,225 [Listener at 127.0.0.1/41315] INFO  http.BaseHttpServer (BaseHttpServer.java:<init>(108)) - Hadoop Security Enabled: false Ozone Security Enabled: false Ozone HTTP Security Enabled: false 
2023-01-10 01:13:32,226 [Listener at 127.0.0.1/41315] WARN  server.AuthenticationFilter (AuthenticationFilter.java:constructSecretProvider(240)) - Unable to initialize FileSignerSecretProvider, falling back to use random secrets. Reason: Could not read signature secret file: /home/runner/hadoop-http-auth-signature-secret
2023-01-10 01:13:32,226 [Listener at 127.0.0.1/41315] WARN  http.HttpRequestLog (HttpRequestLog.java:getRequestLog(103)) - Jetty request log can only be enabled using Log4j
2023-01-10 01:13:32,227 [pool-430-thread-1] INFO  server.RaftServer$Division (RaftServerImpl.java:<init>(195)) - e4ed2f3a-5aa6-4459-b26c-0c4683a8ebc0: new RaftServerImpl for group-F854EC1B0025:[] with ContainerStateMachine:uninitialized
2023-01-10 01:13:32,227 [pool-430-thread-1] INFO  server.RaftServerConfigKeys (ConfUtils.java:logGet(46)) - raft.server.rpc.timeout.min = 5s (custom)
2023-01-10 01:13:32,227 [pool-430-thread-1] INFO  server.RaftServerConfigKeys (ConfUtils.java:logGet(46)) - raft.server.rpc.timeout.max = 5200ms (custom)
2023-01-10 01:13:32,227 [pool-430-thread-1] INFO  server.RaftServerConfigKeys (ConfUtils.java:logGet(46)) - raft.server.rpc.sleep.time = 25ms (default)
2023-01-10 01:13:32,227 [pool-430-thread-1] INFO  server.RaftServerConfigKeys (ConfUtils.java:logGet(46)) - raft.server.rpc.slowness.timeout = 300s (custom)
2023-01-10 01:13:32,227 [pool-430-thread-1] INFO  server.RaftServerConfigKeys (ConfUtils.java:logGet(46)) - raft.server.leaderelection.leader.step-down.wait-time = 10s (default)
2023-01-10 01:13:32,227 [pool-430-thread-1] INFO  server.RaftServerConfigKeys (ConfUtils.java:logGet(46)) - raft.server.sleep.deviation.threshold = 300ms (default)
2023-01-10 01:13:32,227 [pool-430-thread-1] INFO  server.RaftServer$Division (ServerState.java:<init>(118)) - e4ed2f3a-5aa6-4459-b26c-0c4683a8ebc0@group-F854EC1B0025: ConfigurationManager, init=-1: peers:[]|listeners:[], old=null, confs=<EMPTY_MAP>
2023-01-10 01:13:32,227 [pool-430-thread-1] INFO  server.RaftServerConfigKeys (ConfUtils.java:logGet(46)) - raft.server.storage.dir = [/home/runner/work/ozone/ozone/hadoop-ozone/integration-test/target/test-dir/MiniOzoneClusterImpl-87d91b25-fa0c-46b9-b442-f5a189e2cbc3/datanode-1/data/ratis] (custom)
2023-01-10 01:13:32,227 [pool-430-thread-1] INFO  server.RaftServerConfigKeys (ConfUtils.java:logGet(46)) - raft.server.log.corruption.policy = EXCEPTION (default)
2023-01-10 01:13:32,228 [pool-430-thread-1] INFO  server.RaftServerConfigKeys (ConfUtils.java:logGet(46)) - raft.server.storage.free-space.min = 0MB (=0) (default)
2023-01-10 01:13:32,228 [pool-430-thread-1] INFO  server.RaftServerConfigKeys (ConfUtils.java:logGet(46)) - raft.server.notification.no-leader.timeout = 300s (custom)
2023-01-10 01:13:32,228 [Listener at 127.0.0.1/41315] INFO  http.HttpServer2 (HttpServer2.java:addGlobalFilter(1031)) - Added global filter 'safety' (class=org.apache.hadoop.hdds.server.http.HttpServer2$QuotingInputFilter)
2023-01-10 01:13:32,228 [Listener at 127.0.0.1/41315] INFO  http.HttpServer2 (HttpServer2.java:addFilter(1007)) - Added filter static_user_filter (class=org.apache.hadoop.http.lib.StaticUserWebFilter$StaticUserFilter) to context hddsDatanode
2023-01-10 01:13:32,228 [Listener at 127.0.0.1/41315] INFO  http.HttpServer2 (HttpServer2.java:addFilter(1015)) - Added filter static_user_filter (class=org.apache.hadoop.http.lib.StaticUserWebFilter$StaticUserFilter) to context static
2023-01-10 01:13:32,228 [Listener at 127.0.0.1/41315] INFO  http.HttpServer2 (HttpServer2.java:addFilter(1015)) - Added filter static_user_filter (class=org.apache.hadoop.http.lib.StaticUserWebFilter$StaticUserFilter) to context logs
2023-01-10 01:13:32,229 [Listener at 127.0.0.1/41315] INFO  http.HttpServer2 (HttpServer2.java:bindListener(1250)) - Jetty bound to port 39985
2023-01-10 01:13:32,229 [Listener at 127.0.0.1/41315] INFO  server.Server (Server.java:doStart(375)) - jetty-9.4.49.v20220914; built: 2022-09-14T01:07:36.601Z; git: 4231a3b2e4cb8548a412a789936d640a97b1aa0a; jvm 1.8.0_352-b08
2023-01-10 01:13:32,228 [pool-430-thread-1] INFO  server.RaftServerConfigKeys (ConfUtils.java:logGet(46)) - raft.server.retrycache.expirytime = 600000ms (custom)
2023-01-10 01:13:32,229 [pool-430-thread-1] INFO  server.RaftServerConfigKeys (ConfUtils.java:logGet(46)) - raft.server.retrycache.statistics.expirytime = 100μs (default)
2023-01-10 01:13:32,231 [pool-430-thread-1] INFO  server.RaftServerConfigKeys (ConfUtils.java:logGet(46)) - raft.server.log.appender.install.snapshot.enabled = false (custom)
2023-01-10 01:13:32,231 [pool-430-thread-1] INFO  server.RaftServerConfigKeys (ConfUtils.java:logGet(46)) - raft.server.threadpool.server.cached = true (default)
2023-01-10 01:13:32,231 [pool-430-thread-1] INFO  server.RaftServerConfigKeys (ConfUtils.java:logGet(46)) - raft.server.threadpool.server.size = 0 (default)
2023-01-10 01:13:32,231 [pool-430-thread-1] INFO  server.RaftServerConfigKeys (ConfUtils.java:logGet(46)) - raft.server.threadpool.client.cached = true (default)
2023-01-10 01:13:32,231 [pool-430-thread-1] INFO  server.RaftServerConfigKeys (ConfUtils.java:logGet(46)) - raft.server.threadpool.client.size = 0 (default)
2023-01-10 01:13:32,232 [pool-430-thread-1] INFO  server.RaftServer$Division (RaftServerImpl.java:<init>(195)) - e4ed2f3a-5aa6-4459-b26c-0c4683a8ebc0: new RaftServerImpl for group-0AED3D946A03:[] with ContainerStateMachine:uninitialized
2023-01-10 01:13:32,232 [pool-430-thread-1] INFO  server.RaftServerConfigKeys (ConfUtils.java:logGet(46)) - raft.server.rpc.timeout.min = 5s (custom)
2023-01-10 01:13:32,232 [pool-430-thread-1] INFO  server.RaftServerConfigKeys (ConfUtils.java:logGet(46)) - raft.server.rpc.timeout.max = 5200ms (custom)
2023-01-10 01:13:32,232 [pool-430-thread-1] INFO  server.RaftServerConfigKeys (ConfUtils.java:logGet(46)) - raft.server.rpc.sleep.time = 25ms (default)
2023-01-10 01:13:32,232 [pool-430-thread-1] INFO  server.RaftServerConfigKeys (ConfUtils.java:logGet(46)) - raft.server.rpc.slowness.timeout = 300s (custom)
2023-01-10 01:13:32,232 [pool-430-thread-1] INFO  server.RaftServerConfigKeys (ConfUtils.java:logGet(46)) - raft.server.leaderelection.leader.step-down.wait-time = 10s (default)
2023-01-10 01:13:32,232 [pool-430-thread-1] INFO  server.RaftServerConfigKeys (ConfUtils.java:logGet(46)) - raft.server.sleep.deviation.threshold = 300ms (default)
2023-01-10 01:13:32,232 [pool-430-thread-1] INFO  server.RaftServer$Division (ServerState.java:<init>(118)) - e4ed2f3a-5aa6-4459-b26c-0c4683a8ebc0@group-0AED3D946A03: ConfigurationManager, init=-1: peers:[]|listeners:[], old=null, confs=<EMPTY_MAP>
2023-01-10 01:13:32,232 [pool-430-thread-1] INFO  server.RaftServerConfigKeys (ConfUtils.java:logGet(46)) - raft.server.storage.dir = [/home/runner/work/ozone/ozone/hadoop-ozone/integration-test/target/test-dir/MiniOzoneClusterImpl-87d91b25-fa0c-46b9-b442-f5a189e2cbc3/datanode-1/data/ratis] (custom)
2023-01-10 01:13:32,232 [pool-430-thread-1] INFO  server.RaftServerConfigKeys (ConfUtils.java:logGet(46)) - raft.server.log.corruption.policy = EXCEPTION (default)
2023-01-10 01:13:32,232 [pool-430-thread-1] INFO  server.RaftServerConfigKeys (ConfUtils.java:logGet(46)) - raft.server.storage.free-space.min = 0MB (=0) (default)
2023-01-10 01:13:32,232 [pool-430-thread-1] INFO  server.RaftServerConfigKeys (ConfUtils.java:logGet(46)) - raft.server.notification.no-leader.timeout = 300s (custom)
2023-01-10 01:13:32,232 [pool-430-thread-1] INFO  server.RaftServerConfigKeys (ConfUtils.java:logGet(46)) - raft.server.retrycache.expirytime = 600000ms (custom)
2023-01-10 01:13:32,232 [pool-430-thread-1] INFO  server.RaftServerConfigKeys (ConfUtils.java:logGet(46)) - raft.server.retrycache.statistics.expirytime = 100μs (default)
2023-01-10 01:13:32,233 [pool-430-thread-1] INFO  server.RaftServerConfigKeys (ConfUtils.java:logGet(46)) - raft.server.log.appender.install.snapshot.enabled = false (custom)
2023-01-10 01:13:32,233 [pool-430-thread-1] INFO  server.RaftServerConfigKeys (ConfUtils.java:logGet(46)) - raft.server.threadpool.server.cached = true (default)
2023-01-10 01:13:32,233 [pool-430-thread-1] INFO  server.RaftServerConfigKeys (ConfUtils.java:logGet(46)) - raft.server.threadpool.server.size = 0 (default)
2023-01-10 01:13:32,233 [pool-430-thread-1] INFO  server.RaftServerConfigKeys (ConfUtils.java:logGet(46)) - raft.server.threadpool.client.cached = true (default)
2023-01-10 01:13:32,233 [pool-430-thread-1] INFO  server.RaftServerConfigKeys (ConfUtils.java:logGet(46)) - raft.server.threadpool.client.size = 0 (default)
2023-01-10 01:13:32,234 [pool-430-thread-1] INFO  server.RaftServer$Division (RaftServerImpl.java:<init>(195)) - e4ed2f3a-5aa6-4459-b26c-0c4683a8ebc0: new RaftServerImpl for group-4FE8910DBB79:[] with ContainerStateMachine:uninitialized
2023-01-10 01:13:32,234 [Listener at 127.0.0.1/41315] INFO  server.session (DefaultSessionIdManager.java:doStart(334)) - DefaultSessionIdManager workerName=node0
2023-01-10 01:13:32,234 [Listener at 127.0.0.1/41315] INFO  server.session (DefaultSessionIdManager.java:doStart(339)) - No SessionScavenger set, using defaults
2023-01-10 01:13:32,235 [Listener at 127.0.0.1/41315] INFO  server.session (HouseKeeper.java:startScavenging(132)) - node0 Scavenging every 600000ms
2023-01-10 01:13:32,235 [Listener at 127.0.0.1/41315] INFO  handler.ContextHandler (ContextHandler.java:doStart(921)) - Started o.e.j.s.ServletContextHandler@7eeef604{logs,/logs,file:///home/runner/work/ozone/ozone/hadoop-ozone/integration-test/target/log,AVAILABLE}
2023-01-10 01:13:32,236 [Listener at 127.0.0.1/41315] INFO  handler.ContextHandler (ContextHandler.java:doStart(921)) - Started o.e.j.s.ServletContextHandler@2b287eb8{static,/static,jar:file:/home/runner/.m2/repository/org/apache/ozone/hdds-container-service/1.4.0-SNAPSHOT/hdds-container-service-1.4.0-SNAPSHOT.jar!/webapps/static,AVAILABLE}
2023-01-10 01:13:32,240 [pool-430-thread-1] INFO  server.RaftServerConfigKeys (ConfUtils.java:logGet(46)) - raft.server.rpc.timeout.min = 5s (custom)
2023-01-10 01:13:32,240 [pool-430-thread-1] INFO  server.RaftServerConfigKeys (ConfUtils.java:logGet(46)) - raft.server.rpc.timeout.max = 5200ms (custom)
2023-01-10 01:13:32,240 [pool-430-thread-1] INFO  server.RaftServerConfigKeys (ConfUtils.java:logGet(46)) - raft.server.rpc.sleep.time = 25ms (default)
2023-01-10 01:13:32,240 [pool-430-thread-1] INFO  server.RaftServerConfigKeys (ConfUtils.java:logGet(46)) - raft.server.rpc.slowness.timeout = 300s (custom)
2023-01-10 01:13:32,240 [pool-430-thread-1] INFO  server.RaftServerConfigKeys (ConfUtils.java:logGet(46)) - raft.server.leaderelection.leader.step-down.wait-time = 10s (default)
2023-01-10 01:13:32,240 [pool-430-thread-1] INFO  server.RaftServerConfigKeys (ConfUtils.java:logGet(46)) - raft.server.sleep.deviation.threshold = 300ms (default)
2023-01-10 01:13:32,240 [pool-430-thread-1] INFO  server.RaftServer$Division (ServerState.java:<init>(118)) - e4ed2f3a-5aa6-4459-b26c-0c4683a8ebc0@group-4FE8910DBB79: ConfigurationManager, init=-1: peers:[]|listeners:[], old=null, confs=<EMPTY_MAP>
2023-01-10 01:13:32,240 [pool-430-thread-1] INFO  server.RaftServerConfigKeys (ConfUtils.java:logGet(46)) - raft.server.storage.dir = [/home/runner/work/ozone/ozone/hadoop-ozone/integration-test/target/test-dir/MiniOzoneClusterImpl-87d91b25-fa0c-46b9-b442-f5a189e2cbc3/datanode-1/data/ratis] (custom)
2023-01-10 01:13:32,240 [pool-430-thread-1] INFO  server.RaftServerConfigKeys (ConfUtils.java:logGet(46)) - raft.server.log.corruption.policy = EXCEPTION (default)
2023-01-10 01:13:32,240 [pool-430-thread-1] INFO  server.RaftServerConfigKeys (ConfUtils.java:logGet(46)) - raft.server.storage.free-space.min = 0MB (=0) (default)
2023-01-10 01:13:32,240 [pool-430-thread-1] INFO  server.RaftServerConfigKeys (ConfUtils.java:logGet(46)) - raft.server.notification.no-leader.timeout = 300s (custom)
2023-01-10 01:13:32,240 [pool-430-thread-1] INFO  server.RaftServerConfigKeys (ConfUtils.java:logGet(46)) - raft.server.retrycache.expirytime = 600000ms (custom)
2023-01-10 01:13:32,240 [pool-430-thread-1] INFO  server.RaftServerConfigKeys (ConfUtils.java:logGet(46)) - raft.server.retrycache.statistics.expirytime = 100μs (default)
2023-01-10 01:13:32,241 [pool-430-thread-1] INFO  server.RaftServerConfigKeys (ConfUtils.java:logGet(46)) - raft.server.log.appender.install.snapshot.enabled = false (custom)
2023-01-10 01:13:32,241 [pool-430-thread-1] INFO  server.RaftServerConfigKeys (ConfUtils.java:logGet(46)) - raft.server.threadpool.server.cached = true (default)
2023-01-10 01:13:32,241 [pool-430-thread-1] INFO  server.RaftServerConfigKeys (ConfUtils.java:logGet(46)) - raft.server.threadpool.server.size = 0 (default)
2023-01-10 01:13:32,241 [pool-430-thread-1] INFO  server.RaftServerConfigKeys (ConfUtils.java:logGet(46)) - raft.server.threadpool.client.cached = true (default)
2023-01-10 01:13:32,241 [pool-430-thread-1] INFO  server.RaftServerConfigKeys (ConfUtils.java:logGet(46)) - raft.server.threadpool.client.size = 0 (default)
2023-01-10 01:13:32,400 [Listener at 127.0.0.1/41315] INFO  handler.ContextHandler (ContextHandler.java:doStart(921)) - Started o.e.j.w.WebAppContext@15480ba9{hddsDatanode,/,file:///tmp/jetty-0_0_0_0-39985-hdds-container-service-1_4_0-SNAPSHOT_jar-_-any-9179924450512384361/webapp/,AVAILABLE}{jar:file:/home/runner/.m2/repository/org/apache/ozone/hdds-container-service/1.4.0-SNAPSHOT/hdds-container-service-1.4.0-SNAPSHOT.jar!/webapps/hddsDatanode}
2023-01-10 01:13:32,401 [Listener at 127.0.0.1/41315] INFO  server.AbstractConnector (AbstractConnector.java:doStart(333)) - Started ServerConnector@33f54307{HTTP/1.1, (http/1.1)}{0.0.0.0:39985}
2023-01-10 01:13:32,402 [Listener at 127.0.0.1/41315] INFO  server.Server (Server.java:doStart(415)) - Started @114003ms
2023-01-10 01:13:32,402 [Listener at 127.0.0.1/41315] WARN  impl.MetricsSystemImpl (MetricsSystemImpl.java:register(279)) - Sink prometheus already exists!
2023-01-10 01:13:32,402 [Listener at 127.0.0.1/41315] INFO  http.BaseHttpServer (BaseHttpServer.java:updateConnectorAddress(333)) - HTTP server of hddsDatanode listening at http://0.0.0.0:39985
2023-01-10 01:13:32,403 [Datanode State Machine Daemon Thread] INFO  statemachine.DatanodeStateMachine (DatanodeStateMachine.java:lambda$startDaemon$0(508)) - Ozone container server started.
2023-01-10 01:13:32,404 [Listener at 127.0.0.1/41315] WARN  impl.MetricRegistriesImpl (MetricRegistriesImpl.java:addReporterRegistration(111)) - New reporters are added after registries were created. Some metrics will be missing from the reporter. Please add reporter before adding any new registry.
2023-01-10 01:13:32,405 [Listener at 127.0.0.1/41315] WARN  impl.MetricRegistriesImpl (MetricRegistriesImpl.java:addReporterRegistration(111)) - New reporters are added after registries were created. Some metrics will be missing from the reporter. Please add reporter before adding any new registry.
2023-01-10 01:13:32,405 [Listener at 127.0.0.1/41315] INFO  impl.MetricsSystemImpl (MetricsSystemImpl.java:init(158)) - HddsDatanode metrics system started (again)
2023-01-10 01:13:32,417 [Listener at 127.0.0.1/41315] INFO  ozone.HddsDatanodeService (HddsDatanodeService.java:start(228)) - HddsDatanodeService host:fv-az353-623.tkyx2seitsuu3nmpmouz2httfb.bx.internal.cloudapp.net ip:10.1.0.24
2023-01-10 01:13:32,426 [org.apache.hadoop.util.JvmPauseMonitor$Monitor@158958de] INFO  util.JvmPauseMonitor (JvmPauseMonitor.java:run(188)) - Starting JVM pause monitor
2023-01-10 01:13:32,432 [Datanode State Machine Task Thread - 0] INFO  datanode.InitDatanodeState (InitDatanodeState.java:persistContainerDatanodeDetails(138)) - DatanodeDetails is persisted to /home/runner/work/ozone/ozone/hadoop-ozone/integration-test/target/test-dir/MiniOzoneClusterImpl-87d91b25-fa0c-46b9-b442-f5a189e2cbc3/datanode-1/meta/datanode.id
2023-01-10 01:13:32,434 [Listener at 127.0.0.1/41315] INFO  upgrade.AbstractLayoutVersionManager (AbstractLayoutVersionManager.java:init(83)) - Initializing Layout version manager with metadata layout = DATANODE_SCHEMA_V3 (version = 4), software layout = DATANODE_SCHEMA_V3 (version = 4)
2023-01-10 01:13:32,476 [Listener at 127.0.0.1/41315] INFO  reflections.Reflections (Reflections.java:scan(232)) - Reflections took 41 ms to scan 7 urls, producing 146 keys and 350 values 
2023-01-10 01:13:32,478 [Listener at 127.0.0.1/41315] INFO  statemachine.DatanodeStateMachine (DatanodeStateMachine.java:getEndPointTaskThreadPoolSize(248)) - Datanode State Machine Task Thread Pool size 2
2023-01-10 01:13:32,480 [Listener at 127.0.0.1/41315] INFO  volume.HddsVolume (HddsVolume.java:<init>(117)) - Creating HddsVolume: /home/runner/work/ozone/ozone/hadoop-ozone/integration-test/target/test-dir/MiniOzoneClusterImpl-87d91b25-fa0c-46b9-b442-f5a189e2cbc3/datanode-2/data-0/containers/hdds of storage type : DISK capacity : 9223372036854775807
2023-01-10 01:13:32,480 [Listener at 127.0.0.1/41315] INFO  volume.MutableVolumeSet (MutableVolumeSet.java:initializeVolumeSet(174)) - Added Volume : /home/runner/work/ozone/ozone/hadoop-ozone/integration-test/target/test-dir/MiniOzoneClusterImpl-87d91b25-fa0c-46b9-b442-f5a189e2cbc3/datanode-2/data-0/containers/hdds to VolumeSet
2023-01-10 01:13:32,480 [Listener at 127.0.0.1/41315] INFO  volume.ThrottledAsyncChecker (ThrottledAsyncChecker.java:schedule(141)) - Scheduling a check for /home/runner/work/ozone/ozone/hadoop-ozone/integration-test/target/test-dir/MiniOzoneClusterImpl-87d91b25-fa0c-46b9-b442-f5a189e2cbc3/datanode-2/data-0/containers/hdds
2023-01-10 01:13:32,481 [Listener at 127.0.0.1/41315] INFO  volume.StorageVolumeChecker (StorageVolumeChecker.java:checkAllVolumes(202)) - Scheduled health check for volume /home/runner/work/ozone/ozone/hadoop-ozone/integration-test/target/test-dir/MiniOzoneClusterImpl-87d91b25-fa0c-46b9-b442-f5a189e2cbc3/datanode-2/data-0/containers/hdds
2023-01-10 01:13:32,491 [Listener at 127.0.0.1/41315] INFO  volume.MutableVolumeSet (MutableVolumeSet.java:initializeVolumeSet(174)) - Added Volume : /home/runner/work/ozone/ozone/hadoop-ozone/integration-test/target/test-dir/MiniOzoneClusterImpl-87d91b25-fa0c-46b9-b442-f5a189e2cbc3/datanode-2/data/ratis to VolumeSet
2023-01-10 01:13:32,492 [Listener at 127.0.0.1/41315] INFO  volume.ThrottledAsyncChecker (ThrottledAsyncChecker.java:schedule(141)) - Scheduling a check for /home/runner/work/ozone/ozone/hadoop-ozone/integration-test/target/test-dir/MiniOzoneClusterImpl-87d91b25-fa0c-46b9-b442-f5a189e2cbc3/datanode-2/data/ratis
2023-01-10 01:13:32,492 [Listener at 127.0.0.1/41315] INFO  volume.StorageVolumeChecker (StorageVolumeChecker.java:checkAllVolumes(202)) - Scheduled health check for volume /home/runner/work/ozone/ozone/hadoop-ozone/integration-test/target/test-dir/MiniOzoneClusterImpl-87d91b25-fa0c-46b9-b442-f5a189e2cbc3/datanode-2/data/ratis
2023-01-10 01:13:32,513 [Listener at 127.0.0.1/41315] INFO  utils.DatanodeStoreCache (DatanodeStoreCache.java:addDB(58)) - Added db /home/runner/work/ozone/ozone/hadoop-ozone/integration-test/target/test-dir/MiniOzoneClusterImpl-87d91b25-fa0c-46b9-b442-f5a189e2cbc3/datanode-2/data-0/containers/hdds/87d91b25-fa0c-46b9-b442-f5a189e2cbc3/DS-f19d1789-56e5-449e-b0af-62200276e1e2/container.db to cache
2023-01-10 01:13:32,513 [Listener at 127.0.0.1/41315] INFO  volume.HddsVolume (HddsVolume.java:loadDbStore(260)) - SchemaV3 db is loaded at /home/runner/work/ozone/ozone/hadoop-ozone/integration-test/target/test-dir/MiniOzoneClusterImpl-87d91b25-fa0c-46b9-b442-f5a189e2cbc3/datanode-2/data-0/containers/hdds/87d91b25-fa0c-46b9-b442-f5a189e2cbc3/DS-f19d1789-56e5-449e-b0af-62200276e1e2/container.db for volume DS-f19d1789-56e5-449e-b0af-62200276e1e2
2023-01-10 01:13:32,514 [Thread-777] INFO  ozoneimpl.ContainerReader (ContainerReader.java:readVolume(145)) - Start to verify containers on volume /home/runner/work/ozone/ozone/hadoop-ozone/integration-test/target/test-dir/MiniOzoneClusterImpl-87d91b25-fa0c-46b9-b442-f5a189e2cbc3/datanode-2/data-0/containers/hdds
2023-01-10 01:13:32,514 [Thread-777] INFO  ozoneimpl.ContainerReader (ContainerReader.java:readVolume(175)) - Finish verifying containers on volume /home/runner/work/ozone/ozone/hadoop-ozone/integration-test/target/test-dir/MiniOzoneClusterImpl-87d91b25-fa0c-46b9-b442-f5a189e2cbc3/datanode-2/data-0/containers/hdds
2023-01-10 01:13:32,514 [Listener at 127.0.0.1/41315] INFO  ozoneimpl.OzoneContainer (OzoneContainer.java:buildContainerSet(301)) - Build ContainerSet costs 0s
2023-01-10 01:13:32,521 [Listener at 127.0.0.1/41315] INFO  server.RaftServer (ConfUtils.java:logGet(46)) - raft.rpc.type = GRPC (default)
2023-01-10 01:13:32,522 [Listener at 127.0.0.1/41315] INFO  grpc.GrpcConfigKeys (ConfUtils.java:logFallback(53)) - raft.grpc.admin.host = null (fallback to raft.grpc.server.host)
2023-01-10 01:13:32,522 [Listener at 127.0.0.1/41315] INFO  grpc.GrpcConfigKeys (ConfUtils.java:logGet(46)) - raft.grpc.admin.port = 33135 (custom)
2023-01-10 01:13:32,522 [Listener at 127.0.0.1/41315] INFO  grpc.GrpcConfigKeys (ConfUtils.java:logFallback(53)) - raft.grpc.client.host = null (fallback to raft.grpc.server.host)
2023-01-10 01:13:32,522 [Listener at 127.0.0.1/41315] INFO  grpc.GrpcConfigKeys (ConfUtils.java:logGet(46)) - raft.grpc.client.port = 33135 (custom)
2023-01-10 01:13:32,522 [Listener at 127.0.0.1/41315] INFO  grpc.GrpcConfigKeys (ConfUtils.java:logGet(46)) - raft.grpc.server.host = null (default)
2023-01-10 01:13:32,522 [Listener at 127.0.0.1/41315] INFO  grpc.GrpcConfigKeys (ConfUtils.java:logGet(46)) - raft.grpc.server.port = 33135 (custom)
2023-01-10 01:13:32,523 [Listener at 127.0.0.1/41315] INFO  server.GrpcService (ConfUtils.java:logGet(46)) - raft.grpc.message.size.max = 32MB (=33554432) (custom)
2023-01-10 01:13:32,523 [Listener at 127.0.0.1/41315] INFO  server.RaftServerConfigKeys (ConfUtils.java:logGet(46)) - raft.server.log.appender.buffer.byte-limit = 33554432 (custom)
2023-01-10 01:13:32,523 [Listener at 127.0.0.1/41315] INFO  server.GrpcService (ConfUtils.java:logGet(46)) - raft.grpc.flow.control.window = 5MB (=5242880) (custom)
2023-01-10 01:13:32,523 [Listener at 127.0.0.1/41315] INFO  server.RaftServerConfigKeys (ConfUtils.java:logGet(46)) - raft.server.rpc.request.timeout = 60s (custom)
2023-01-10 01:13:32,523 [Listener at 127.0.0.1/41315] INFO  grpc.GrpcConfigKeys (ConfUtils.java:logGet(46)) - raft.grpc.server.heartbeat.channel = true (default)
2023-01-10 01:13:32,525 [Listener at 127.0.0.1/41315] INFO  grpc.GrpcConfigKeys (ConfUtils.java:logGet(46)) - raft.grpc.server.async.request.thread.pool.cached = true (default)
2023-01-10 01:13:32,526 [Listener at 127.0.0.1/41315] INFO  grpc.GrpcConfigKeys (ConfUtils.java:logGet(46)) - raft.grpc.server.async.request.thread.pool.size = 32 (default)
2023-01-10 01:13:32,528 [Listener at 127.0.0.1/41315] INFO  impl.DataStreamServerImpl (ConfUtils.java:logGet(46)) - raft.datastream.type = NETTY (custom)
2023-01-10 01:13:32,529 [Listener at 127.0.0.1/41315] INFO  server.RaftServerConfigKeys (ConfUtils.java:logGet(46)) - raft.server.data-stream.async.request.thread.pool.cached = false (default)
2023-01-10 01:13:32,529 [Listener at 127.0.0.1/41315] INFO  server.RaftServerConfigKeys (ConfUtils.java:logGet(46)) - raft.server.data-stream.async.request.thread.pool.size = 20 (custom)
2023-01-10 01:13:32,530 [Listener at 127.0.0.1/41315] INFO  server.RaftServerConfigKeys (ConfUtils.java:logGet(46)) - raft.server.data-stream.async.write.thread.pool.size = 16 (default)
2023-01-10 01:13:32,530 [Listener at 127.0.0.1/41315] INFO  server.RaftServerConfigKeys (ConfUtils.java:logGet(46)) - raft.server.data-stream.client.pool.size = 10 (default)
2023-01-10 01:13:32,530 [Listener at 127.0.0.1/41315] INFO  netty.NettyConfigKeys$DataStream (ConfUtils.java:logGet(46)) - raft.netty.dataStream.server.use-epoll = false (default)
2023-01-10 01:13:32,530 [Listener at 127.0.0.1/41315] INFO  netty.NettyConfigKeys$DataStream (ConfUtils.java:logGet(46)) - raft.netty.dataStream.server.boss-group.size = 0 (default)
2023-01-10 01:13:32,530 [Listener at 127.0.0.1/41315] INFO  netty.NettyConfigKeys$DataStream (ConfUtils.java:logGet(46)) - raft.netty.dataStream.server.worker-group.size = 0 (default)
2023-01-10 01:13:32,531 [Listener at 127.0.0.1/41315] INFO  netty.NettyConfigKeys$DataStream (ConfUtils.java:logGet(46)) - raft.netty.dataStream.server.tls.conf = null (default)
2023-01-10 01:13:32,531 [Listener at 127.0.0.1/41315] INFO  netty.NettyConfigKeys$DataStream (ConfUtils.java:logGet(46)) - raft.netty.dataStream.host = null (default)
2023-01-10 01:13:32,531 [Listener at 127.0.0.1/41315] INFO  netty.NettyConfigKeys$DataStream (ConfUtils.java:logGet(46)) - raft.netty.dataStream.port = 0 (default)
2023-01-10 01:13:32,532 [Listener at 127.0.0.1/41315] INFO  server.RaftServerConfigKeys (ConfUtils.java:logGet(46)) - raft.server.threadpool.proxy.cached = true (default)
2023-01-10 01:13:32,532 [Listener at 127.0.0.1/41315] INFO  server.RaftServerConfigKeys (ConfUtils.java:logGet(46)) - raft.server.threadpool.proxy.size = 0 (default)
2023-01-10 01:13:32,532 [Listener at 127.0.0.1/41315] INFO  server.RaftServerConfigKeys (ConfUtils.java:logGet(46)) - raft.server.rpc.slowness.timeout = 300s (custom)
2023-01-10 01:13:32,532 [Listener at 127.0.0.1/41315] INFO  server.RaftServerConfigKeys (ConfUtils.java:logGet(46)) - raft.server.leaderelection.leader.step-down.wait-time = 10s (default)
2023-01-10 01:13:32,532 [Listener at 127.0.0.1/41315] INFO  server.RaftServerConfigKeys (ConfUtils.java:logGet(46)) - raft.server.storage.dir = [/home/runner/work/ozone/ozone/hadoop-ozone/integration-test/target/test-dir/MiniOzoneClusterImpl-87d91b25-fa0c-46b9-b442-f5a189e2cbc3/datanode-2/data/ratis] (custom)
2023-01-10 01:13:32,533 [aede9520-44de-4c1e-ace9-e9f99ab0d9a8-NettyServerStreamRpc-bossGroup--thread1] INFO  logging.LoggingHandler (AbstractInternalLogger.java:log(148)) - [id: 0x68d75da9] REGISTERED
2023-01-10 01:13:32,533 [aede9520-44de-4c1e-ace9-e9f99ab0d9a8-NettyServerStreamRpc-bossGroup--thread1] INFO  logging.LoggingHandler (AbstractInternalLogger.java:log(148)) - [id: 0x68d75da9] BIND: 0.0.0.0/0.0.0.0:0
2023-01-10 01:13:32,533 [aede9520-44de-4c1e-ace9-e9f99ab0d9a8-NettyServerStreamRpc-bossGroup--thread1] INFO  logging.LoggingHandler (AbstractInternalLogger.java:log(148)) - [id: 0x68d75da9, L:/0:0:0:0:0:0:0:0:45237] ACTIVE
2023-01-10 01:13:32,534 [aede9520-44de-4c1e-ace9-e9f99ab0d9a8-impl-thread1] INFO  server.RaftServer (RaftServerProxy.java:initGroupDir(251)) - aede9520-44de-4c1e-ace9-e9f99ab0d9a8: found a subdirectory /home/runner/work/ozone/ozone/hadoop-ozone/integration-test/target/test-dir/MiniOzoneClusterImpl-87d91b25-fa0c-46b9-b442-f5a189e2cbc3/datanode-2/data/ratis/1327b6e6-ce4d-4801-9495-0750756ce660
2023-01-10 01:13:32,535 [aede9520-44de-4c1e-ace9-e9f99ab0d9a8-impl-thread1] INFO  server.RaftServer (RaftServerProxy.java:addNew(96)) - aede9520-44de-4c1e-ace9-e9f99ab0d9a8: addNew group-0750756CE660:[] returns group-0750756CE660:java.util.concurrent.CompletableFuture@661c8e88[Not completed]
2023-01-10 01:13:32,535 [aede9520-44de-4c1e-ace9-e9f99ab0d9a8-impl-thread1] INFO  server.RaftServer (RaftServerProxy.java:initGroupDir(251)) - aede9520-44de-4c1e-ace9-e9f99ab0d9a8: found a subdirectory /home/runner/work/ozone/ozone/hadoop-ozone/integration-test/target/test-dir/MiniOzoneClusterImpl-87d91b25-fa0c-46b9-b442-f5a189e2cbc3/datanode-2/data/ratis/7597bae2-f410-4e03-881e-0aed3d946a03
2023-01-10 01:13:32,535 [aede9520-44de-4c1e-ace9-e9f99ab0d9a8-impl-thread1] INFO  server.RaftServer (RaftServerProxy.java:addNew(96)) - aede9520-44de-4c1e-ace9-e9f99ab0d9a8: addNew group-0AED3D946A03:[] returns group-0AED3D946A03:java.util.concurrent.CompletableFuture@62230693[Not completed]
2023-01-10 01:13:32,535 [aede9520-44de-4c1e-ace9-e9f99ab0d9a8-impl-thread1] INFO  server.RaftServer (RaftServerProxy.java:initGroupDir(251)) - aede9520-44de-4c1e-ace9-e9f99ab0d9a8: found a subdirectory /home/runner/work/ozone/ozone/hadoop-ozone/integration-test/target/test-dir/MiniOzoneClusterImpl-87d91b25-fa0c-46b9-b442-f5a189e2cbc3/datanode-2/data/ratis/aa873c7d-7efd-4658-8f36-4fe8910dbb79
2023-01-10 01:13:32,535 [aede9520-44de-4c1e-ace9-e9f99ab0d9a8-impl-thread1] INFO  server.RaftServer (RaftServerProxy.java:addNew(96)) - aede9520-44de-4c1e-ace9-e9f99ab0d9a8: addNew group-4FE8910DBB79:[] returns group-4FE8910DBB79:java.util.concurrent.CompletableFuture@272184b3[Not completed]
2023-01-10 01:13:32,536 [Listener at 127.0.0.1/41315] INFO  server.XceiverServerGrpc (XceiverServerGrpc.java:<init>(132)) - GrpcServer channel type EpollServerSocketChannel
2023-01-10 01:13:32,539 [pool-460-thread-1] INFO  server.RaftServer$Division (RaftServerImpl.java:<init>(195)) - aede9520-44de-4c1e-ace9-e9f99ab0d9a8: new RaftServerImpl for group-0750756CE660:[] with ContainerStateMachine:uninitialized
2023-01-10 01:13:32,539 [pool-460-thread-1] INFO  server.RaftServerConfigKeys (ConfUtils.java:logGet(46)) - raft.server.rpc.timeout.min = 5s (custom)
2023-01-10 01:13:32,540 [pool-460-thread-1] INFO  server.RaftServerConfigKeys (ConfUtils.java:logGet(46)) - raft.server.rpc.timeout.max = 5200ms (custom)
2023-01-10 01:13:32,540 [pool-460-thread-1] INFO  server.RaftServerConfigKeys (ConfUtils.java:logGet(46)) - raft.server.rpc.sleep.time = 25ms (default)
2023-01-10 01:13:32,540 [pool-460-thread-1] INFO  server.RaftServerConfigKeys (ConfUtils.java:logGet(46)) - raft.server.rpc.slowness.timeout = 300s (custom)
2023-01-10 01:13:32,540 [pool-460-thread-1] INFO  server.RaftServerConfigKeys (ConfUtils.java:logGet(46)) - raft.server.leaderelection.leader.step-down.wait-time = 10s (default)
2023-01-10 01:13:32,540 [pool-460-thread-1] INFO  server.RaftServerConfigKeys (ConfUtils.java:logGet(46)) - raft.server.sleep.deviation.threshold = 300ms (default)
2023-01-10 01:13:32,540 [pool-460-thread-1] INFO  server.RaftServer$Division (ServerState.java:<init>(118)) - aede9520-44de-4c1e-ace9-e9f99ab0d9a8@group-0750756CE660: ConfigurationManager, init=-1: peers:[]|listeners:[], old=null, confs=<EMPTY_MAP>
2023-01-10 01:13:32,540 [pool-460-thread-1] INFO  server.RaftServerConfigKeys (ConfUtils.java:logGet(46)) - raft.server.storage.dir = [/home/runner/work/ozone/ozone/hadoop-ozone/integration-test/target/test-dir/MiniOzoneClusterImpl-87d91b25-fa0c-46b9-b442-f5a189e2cbc3/datanode-2/data/ratis] (custom)
2023-01-10 01:13:32,540 [pool-460-thread-1] INFO  server.RaftServerConfigKeys (ConfUtils.java:logGet(46)) - raft.server.log.corruption.policy = EXCEPTION (default)
2023-01-10 01:13:32,540 [pool-460-thread-1] INFO  server.RaftServerConfigKeys (ConfUtils.java:logGet(46)) - raft.server.storage.free-space.min = 0MB (=0) (default)
2023-01-10 01:13:32,540 [pool-460-thread-1] INFO  server.RaftServerConfigKeys (ConfUtils.java:logGet(46)) - raft.server.notification.no-leader.timeout = 300s (custom)
2023-01-10 01:13:32,540 [pool-460-thread-1] INFO  server.RaftServerConfigKeys (ConfUtils.java:logGet(46)) - raft.server.retrycache.expirytime = 600000ms (custom)
2023-01-10 01:13:32,540 [pool-460-thread-1] INFO  server.RaftServerConfigKeys (ConfUtils.java:logGet(46)) - raft.server.retrycache.statistics.expirytime = 100μs (default)
2023-01-10 01:13:32,541 [pool-460-thread-1] INFO  server.RaftServerConfigKeys (ConfUtils.java:logGet(46)) - raft.server.log.appender.install.snapshot.enabled = false (custom)
2023-01-10 01:13:32,541 [pool-460-thread-1] INFO  server.RaftServerConfigKeys (ConfUtils.java:logGet(46)) - raft.server.threadpool.server.cached = true (default)
2023-01-10 01:13:32,541 [pool-460-thread-1] INFO  server.RaftServerConfigKeys (ConfUtils.java:logGet(46)) - raft.server.threadpool.server.size = 0 (default)
2023-01-10 01:13:32,541 [pool-460-thread-1] INFO  server.RaftServerConfigKeys (ConfUtils.java:logGet(46)) - raft.server.threadpool.client.cached = true (default)
2023-01-10 01:13:32,541 [pool-460-thread-1] INFO  server.RaftServerConfigKeys (ConfUtils.java:logGet(46)) - raft.server.threadpool.client.size = 0 (default)
2023-01-10 01:13:32,541 [pool-460-thread-1] INFO  server.RaftServer$Division (RaftServerImpl.java:<init>(195)) - aede9520-44de-4c1e-ace9-e9f99ab0d9a8: new RaftServerImpl for group-0AED3D946A03:[] with ContainerStateMachine:uninitialized
2023-01-10 01:13:32,541 [pool-460-thread-1] INFO  server.RaftServerConfigKeys (ConfUtils.java:logGet(46)) - raft.server.rpc.timeout.min = 5s (custom)
2023-01-10 01:13:32,542 [pool-460-thread-1] INFO  server.RaftServerConfigKeys (ConfUtils.java:logGet(46)) - raft.server.rpc.timeout.max = 5200ms (custom)
2023-01-10 01:13:32,542 [pool-460-thread-1] INFO  server.RaftServerConfigKeys (ConfUtils.java:logGet(46)) - raft.server.rpc.sleep.time = 25ms (default)
2023-01-10 01:13:32,542 [pool-460-thread-1] INFO  server.RaftServerConfigKeys (ConfUtils.java:logGet(46)) - raft.server.rpc.slowness.timeout = 300s (custom)
2023-01-10 01:13:32,542 [pool-460-thread-1] INFO  server.RaftServerConfigKeys (ConfUtils.java:logGet(46)) - raft.server.leaderelection.leader.step-down.wait-time = 10s (default)
2023-01-10 01:13:32,542 [pool-460-thread-1] INFO  server.RaftServerConfigKeys (ConfUtils.java:logGet(46)) - raft.server.sleep.deviation.threshold = 300ms (default)
2023-01-10 01:13:32,542 [pool-460-thread-1] INFO  server.RaftServer$Division (ServerState.java:<init>(118)) - aede9520-44de-4c1e-ace9-e9f99ab0d9a8@group-0AED3D946A03: ConfigurationManager, init=-1: peers:[]|listeners:[], old=null, confs=<EMPTY_MAP>
2023-01-10 01:13:32,542 [pool-460-thread-1] INFO  server.RaftServerConfigKeys (ConfUtils.java:logGet(46)) - raft.server.storage.dir = [/home/runner/work/ozone/ozone/hadoop-ozone/integration-test/target/test-dir/MiniOzoneClusterImpl-87d91b25-fa0c-46b9-b442-f5a189e2cbc3/datanode-2/data/ratis] (custom)
2023-01-10 01:13:32,542 [pool-460-thread-1] INFO  server.RaftServerConfigKeys (ConfUtils.java:logGet(46)) - raft.server.log.corruption.policy = EXCEPTION (default)
2023-01-10 01:13:32,542 [pool-460-thread-1] INFO  server.RaftServerConfigKeys (ConfUtils.java:logGet(46)) - raft.server.storage.free-space.min = 0MB (=0) (default)
2023-01-10 01:13:32,542 [pool-460-thread-1] INFO  server.RaftServerConfigKeys (ConfUtils.java:logGet(46)) - raft.server.notification.no-leader.timeout = 300s (custom)
2023-01-10 01:13:32,542 [pool-460-thread-1] INFO  server.RaftServerConfigKeys (ConfUtils.java:logGet(46)) - raft.server.retrycache.expirytime = 600000ms (custom)
2023-01-10 01:13:32,542 [pool-460-thread-1] INFO  server.RaftServerConfigKeys (ConfUtils.java:logGet(46)) - raft.server.retrycache.statistics.expirytime = 100μs (default)
2023-01-10 01:13:32,543 [pool-460-thread-1] INFO  server.RaftServerConfigKeys (ConfUtils.java:logGet(46)) - raft.server.log.appender.install.snapshot.enabled = false (custom)
2023-01-10 01:13:32,543 [pool-460-thread-1] INFO  server.RaftServerConfigKeys (ConfUtils.java:logGet(46)) - raft.server.threadpool.server.cached = true (default)
2023-01-10 01:13:32,543 [pool-460-thread-1] INFO  server.RaftServerConfigKeys (ConfUtils.java:logGet(46)) - raft.server.threadpool.server.size = 0 (default)
2023-01-10 01:13:32,543 [pool-460-thread-1] INFO  server.RaftServerConfigKeys (ConfUtils.java:logGet(46)) - raft.server.threadpool.client.cached = true (default)
2023-01-10 01:13:32,543 [pool-460-thread-1] INFO  server.RaftServerConfigKeys (ConfUtils.java:logGet(46)) - raft.server.threadpool.client.size = 0 (default)
2023-01-10 01:13:32,544 [pool-460-thread-1] INFO  server.RaftServer$Division (RaftServerImpl.java:<init>(195)) - aede9520-44de-4c1e-ace9-e9f99ab0d9a8: new RaftServerImpl for group-4FE8910DBB79:[] with ContainerStateMachine:uninitialized
2023-01-10 01:13:32,544 [pool-460-thread-1] INFO  server.RaftServerConfigKeys (ConfUtils.java:logGet(46)) - raft.server.rpc.timeout.min = 5s (custom)
2023-01-10 01:13:32,544 [pool-460-thread-1] INFO  server.RaftServerConfigKeys (ConfUtils.java:logGet(46)) - raft.server.rpc.timeout.max = 5200ms (custom)
2023-01-10 01:13:32,544 [pool-460-thread-1] INFO  server.RaftServerConfigKeys (ConfUtils.java:logGet(46)) - raft.server.rpc.sleep.time = 25ms (default)
2023-01-10 01:13:32,544 [pool-460-thread-1] INFO  server.RaftServerConfigKeys (ConfUtils.java:logGet(46)) - raft.server.rpc.slowness.timeout = 300s (custom)
2023-01-10 01:13:32,544 [pool-460-thread-1] INFO  server.RaftServerConfigKeys (ConfUtils.java:logGet(46)) - raft.server.leaderelection.leader.step-down.wait-time = 10s (default)
2023-01-10 01:13:32,544 [pool-460-thread-1] INFO  server.RaftServerConfigKeys (ConfUtils.java:logGet(46)) - raft.server.sleep.deviation.threshold = 300ms (default)
2023-01-10 01:13:32,544 [pool-460-thread-1] INFO  server.RaftServer$Division (ServerState.java:<init>(118)) - aede9520-44de-4c1e-ace9-e9f99ab0d9a8@group-4FE8910DBB79: ConfigurationManager, init=-1: peers:[]|listeners:[], old=null, confs=<EMPTY_MAP>
2023-01-10 01:13:32,544 [pool-460-thread-1] INFO  server.RaftServerConfigKeys (ConfUtils.java:logGet(46)) - raft.server.storage.dir = [/home/runner/work/ozone/ozone/hadoop-ozone/integration-test/target/test-dir/MiniOzoneClusterImpl-87d91b25-fa0c-46b9-b442-f5a189e2cbc3/datanode-2/data/ratis] (custom)
2023-01-10 01:13:32,544 [pool-460-thread-1] INFO  server.RaftServerConfigKeys (ConfUtils.java:logGet(46)) - raft.server.log.corruption.policy = EXCEPTION (default)
2023-01-10 01:13:32,544 [pool-460-thread-1] INFO  server.RaftServerConfigKeys (ConfUtils.java:logGet(46)) - raft.server.storage.free-space.min = 0MB (=0) (default)
2023-01-10 01:13:32,544 [pool-460-thread-1] INFO  server.RaftServerConfigKeys (ConfUtils.java:logGet(46)) - raft.server.notification.no-leader.timeout = 300s (custom)
2023-01-10 01:13:32,544 [pool-460-thread-1] INFO  server.RaftServerConfigKeys (ConfUtils.java:logGet(46)) - raft.server.retrycache.expirytime = 600000ms (custom)
2023-01-10 01:13:32,544 [pool-460-thread-1] INFO  server.RaftServerConfigKeys (ConfUtils.java:logGet(46)) - raft.server.retrycache.statistics.expirytime = 100μs (default)
2023-01-10 01:13:32,545 [pool-460-thread-1] INFO  server.RaftServerConfigKeys (ConfUtils.java:logGet(46)) - raft.server.log.appender.install.snapshot.enabled = false (custom)
2023-01-10 01:13:32,545 [pool-460-thread-1] INFO  server.RaftServerConfigKeys (ConfUtils.java:logGet(46)) - raft.server.threadpool.server.cached = true (default)
2023-01-10 01:13:32,545 [pool-460-thread-1] INFO  server.RaftServerConfigKeys (ConfUtils.java:logGet(46)) - raft.server.threadpool.server.size = 0 (default)
2023-01-10 01:13:32,546 [Listener at 127.0.0.1/41315] INFO  http.BaseHttpServer (BaseHttpServer.java:newHttpServer2BuilderForOzone(213)) - Starting Web-server for hddsDatanode at: http://0.0.0.0:41937
2023-01-10 01:13:32,546 [Listener at 127.0.0.1/41315] INFO  http.BaseHttpServer (BaseHttpServer.java:<init>(108)) - Hadoop Security Enabled: false Ozone Security Enabled: false Ozone HTTP Security Enabled: false 
2023-01-10 01:13:32,547 [Listener at 127.0.0.1/41315] WARN  server.AuthenticationFilter (AuthenticationFilter.java:constructSecretProvider(240)) - Unable to initialize FileSignerSecretProvider, falling back to use random secrets. Reason: Could not read signature secret file: /home/runner/hadoop-http-auth-signature-secret
2023-01-10 01:13:32,548 [pool-460-thread-1] INFO  server.RaftServerConfigKeys (ConfUtils.java:logGet(46)) - raft.server.threadpool.client.cached = true (default)
2023-01-10 01:13:32,548 [pool-460-thread-1] INFO  server.RaftServerConfigKeys (ConfUtils.java:logGet(46)) - raft.server.threadpool.client.size = 0 (default)
2023-01-10 01:13:32,550 [Listener at 127.0.0.1/41315] WARN  http.HttpRequestLog (HttpRequestLog.java:getRequestLog(103)) - Jetty request log can only be enabled using Log4j
2023-01-10 01:13:32,551 [Listener at 127.0.0.1/41315] INFO  http.HttpServer2 (HttpServer2.java:addGlobalFilter(1031)) - Added global filter 'safety' (class=org.apache.hadoop.hdds.server.http.HttpServer2$QuotingInputFilter)
2023-01-10 01:13:32,554 [Listener at 127.0.0.1/41315] INFO  http.HttpServer2 (HttpServer2.java:addFilter(1007)) - Added filter static_user_filter (class=org.apache.hadoop.http.lib.StaticUserWebFilter$StaticUserFilter) to context hddsDatanode
2023-01-10 01:13:32,554 [Listener at 127.0.0.1/41315] INFO  http.HttpServer2 (HttpServer2.java:addFilter(1015)) - Added filter static_user_filter (class=org.apache.hadoop.http.lib.StaticUserWebFilter$StaticUserFilter) to context logs
2023-01-10 01:13:32,554 [Listener at 127.0.0.1/41315] INFO  http.HttpServer2 (HttpServer2.java:addFilter(1015)) - Added filter static_user_filter (class=org.apache.hadoop.http.lib.StaticUserWebFilter$StaticUserFilter) to context static
2023-01-10 01:13:32,557 [Listener at 127.0.0.1/41315] INFO  http.HttpServer2 (HttpServer2.java:bindListener(1250)) - Jetty bound to port 41937
2023-01-10 01:13:32,557 [Listener at 127.0.0.1/41315] INFO  server.Server (Server.java:doStart(375)) - jetty-9.4.49.v20220914; built: 2022-09-14T01:07:36.601Z; git: 4231a3b2e4cb8548a412a789936d640a97b1aa0a; jvm 1.8.0_352-b08
2023-01-10 01:13:32,562 [Listener at 127.0.0.1/41315] INFO  server.session (DefaultSessionIdManager.java:doStart(334)) - DefaultSessionIdManager workerName=node0
2023-01-10 01:13:32,563 [Listener at 127.0.0.1/41315] INFO  server.session (DefaultSessionIdManager.java:doStart(339)) - No SessionScavenger set, using defaults
2023-01-10 01:13:32,563 [Listener at 127.0.0.1/41315] INFO  server.session (HouseKeeper.java:startScavenging(132)) - node0 Scavenging every 600000ms
2023-01-10 01:13:32,564 [Listener at 127.0.0.1/41315] INFO  handler.ContextHandler (ContextHandler.java:doStart(921)) - Started o.e.j.s.ServletContextHandler@47e67f87{logs,/logs,file:///home/runner/work/ozone/ozone/hadoop-ozone/integration-test/target/log,AVAILABLE}
2023-01-10 01:13:32,564 [Listener at 127.0.0.1/41315] INFO  handler.ContextHandler (ContextHandler.java:doStart(921)) - Started o.e.j.s.ServletContextHandler@38c0ce8a{static,/static,jar:file:/home/runner/.m2/repository/org/apache/ozone/hdds-container-service/1.4.0-SNAPSHOT/hdds-container-service-1.4.0-SNAPSHOT.jar!/webapps/static,AVAILABLE}
2023-01-10 01:13:32,736 [Listener at 127.0.0.1/41315] INFO  handler.ContextHandler (ContextHandler.java:doStart(921)) - Started o.e.j.w.WebAppContext@1f75708d{hddsDatanode,/,file:///tmp/jetty-0_0_0_0-41937-hdds-container-service-1_4_0-SNAPSHOT_jar-_-any-8467104395418861890/webapp/,AVAILABLE}{jar:file:/home/runner/.m2/repository/org/apache/ozone/hdds-container-service/1.4.0-SNAPSHOT/hdds-container-service-1.4.0-SNAPSHOT.jar!/webapps/hddsDatanode}
2023-01-10 01:13:32,737 [Listener at 127.0.0.1/41315] INFO  server.AbstractConnector (AbstractConnector.java:doStart(333)) - Started ServerConnector@4ee43a11{HTTP/1.1, (http/1.1)}{0.0.0.0:41937}
2023-01-10 01:13:32,738 [Listener at 127.0.0.1/41315] INFO  server.Server (Server.java:doStart(415)) - Started @114339ms
2023-01-10 01:13:32,738 [Listener at 127.0.0.1/41315] WARN  impl.MetricsSystemImpl (MetricsSystemImpl.java:register(279)) - Sink prometheus already exists!
2023-01-10 01:13:32,738 [Listener at 127.0.0.1/41315] INFO  http.BaseHttpServer (BaseHttpServer.java:updateConnectorAddress(333)) - HTTP server of hddsDatanode listening at http://0.0.0.0:41937
2023-01-10 01:13:32,740 [Listener at 127.0.0.1/41315] INFO  pipeline.PipelineManagerImpl (PipelineManagerImpl.java:closePipeline(442)) - Pipeline Pipeline[ Id: 7597bae2-f410-4e03-881e-0aed3d946a03, Nodes: e4ed2f3a-5aa6-4459-b26c-0c4683a8ebc0{ip: 10.1.0.24, host: fv-az353-623.tkyx2seitsuu3nmpmouz2httfb.bx.internal.cloudapp.net, ports: [REPLICATION=35361, RATIS=37887, RATIS_ADMIN=37887, RATIS_SERVER=37887, RATIS_DATASTREAM=40887, STANDALONE=33455], networkLocation: /default-rack, certSerialId: null, persistedOpState: IN_SERVICE, persistedOpStateExpiryEpochSec: 0}a30d3908-8fda-4427-9d38-ec2047457aa6{ip: 10.1.0.24, host: fv-az353-623.tkyx2seitsuu3nmpmouz2httfb.bx.internal.cloudapp.net, ports: [REPLICATION=42007, RATIS=42995, RATIS_ADMIN=42995, RATIS_SERVER=42995, RATIS_DATASTREAM=33861, STANDALONE=38283], networkLocation: /default-rack, certSerialId: null, persistedOpState: IN_SERVICE, persistedOpStateExpiryEpochSec: 0}aede9520-44de-4c1e-ace9-e9f99ab0d9a8{ip: 10.1.0.24, host: fv-az353-623.tkyx2seitsuu3nmpmouz2httfb.bx.internal.cloudapp.net, ports: [REPLICATION=33193, RATIS=33135, RATIS_ADMIN=33135, RATIS_SERVER=33135, RATIS_DATASTREAM=43115, STANDALONE=45951], networkLocation: /default-rack, certSerialId: null, persistedOpState: IN_SERVICE, persistedOpStateExpiryEpochSec: 0}, ReplicationConfig: RATIS/THREE, State:OPEN, leaderId:a30d3908-8fda-4427-9d38-ec2047457aa6, CreationTimestamp2023-01-10T01:13:13.435Z[Etc/UTC]] moved to CLOSED state
2023-01-10 01:13:32,740 [Listener at 127.0.0.1/41315] INFO  pipeline.RatisPipelineProvider (RatisPipelineProvider.java:lambda$close$4(272)) - Send pipeline:PipelineID=7597bae2-f410-4e03-881e-0aed3d946a03 close command to datanode e4ed2f3a-5aa6-4459-b26c-0c4683a8ebc0
2023-01-10 01:13:32,740 [Listener at 127.0.0.1/41315] INFO  pipeline.RatisPipelineProvider (RatisPipelineProvider.java:lambda$close$4(272)) - Send pipeline:PipelineID=7597bae2-f410-4e03-881e-0aed3d946a03 close command to datanode a30d3908-8fda-4427-9d38-ec2047457aa6
2023-01-10 01:13:32,740 [Listener at 127.0.0.1/41315] INFO  pipeline.RatisPipelineProvider (RatisPipelineProvider.java:lambda$close$4(272)) - Send pipeline:PipelineID=7597bae2-f410-4e03-881e-0aed3d946a03 close command to datanode aede9520-44de-4c1e-ace9-e9f99ab0d9a8
2023-01-10 01:13:32,741 [Listener at 127.0.0.1/41315] INFO  pipeline.PipelineStateManagerImpl (PipelineStateManagerImpl.java:removePipeline(245)) - Pipeline Pipeline[ Id: 7597bae2-f410-4e03-881e-0aed3d946a03, Nodes: e4ed2f3a-5aa6-4459-b26c-0c4683a8ebc0{ip: 10.1.0.24, host: fv-az353-623.tkyx2seitsuu3nmpmouz2httfb.bx.internal.cloudapp.net, ports: [REPLICATION=35361, RATIS=37887, RATIS_ADMIN=37887, RATIS_SERVER=37887, RATIS_DATASTREAM=40887, STANDALONE=33455], networkLocation: /default-rack, certSerialId: null, persistedOpState: IN_SERVICE, persistedOpStateExpiryEpochSec: 0}a30d3908-8fda-4427-9d38-ec2047457aa6{ip: 10.1.0.24, host: fv-az353-623.tkyx2seitsuu3nmpmouz2httfb.bx.internal.cloudapp.net, ports: [REPLICATION=42007, RATIS=42995, RATIS_ADMIN=42995, RATIS_SERVER=42995, RATIS_DATASTREAM=33861, STANDALONE=38283], networkLocation: /default-rack, certSerialId: null, persistedOpState: IN_SERVICE, persistedOpStateExpiryEpochSec: 0}aede9520-44de-4c1e-ace9-e9f99ab0d9a8{ip: 10.1.0.24, host: fv-az353-623.tkyx2seitsuu3nmpmouz2httfb.bx.internal.cloudapp.net, ports: [REPLICATION=33193, RATIS=33135, RATIS_ADMIN=33135, RATIS_SERVER=33135, RATIS_DATASTREAM=43115, STANDALONE=45951], networkLocation: /default-rack, certSerialId: null, persistedOpState: IN_SERVICE, persistedOpStateExpiryEpochSec: 0}, ReplicationConfig: RATIS/THREE, State:CLOSED, leaderId:a30d3908-8fda-4427-9d38-ec2047457aa6, CreationTimestamp2023-01-10T01:13:13.435Z[Etc/UTC]] removed.
2023-01-10 01:13:32,741 [Listener at 127.0.0.1/41315] INFO  pipeline.PipelineManagerImpl (PipelineManagerImpl.java:closePipeline(442)) - Pipeline Pipeline[ Id: aa873c7d-7efd-4658-8f36-4fe8910dbb79, Nodes: a30d3908-8fda-4427-9d38-ec2047457aa6{ip: 10.1.0.24, host: fv-az353-623.tkyx2seitsuu3nmpmouz2httfb.bx.internal.cloudapp.net, ports: [REPLICATION=42007, RATIS=42995, RATIS_ADMIN=42995, RATIS_SERVER=42995, RATIS_DATASTREAM=33861, STANDALONE=38283], networkLocation: /default-rack, certSerialId: null, persistedOpState: IN_SERVICE, persistedOpStateExpiryEpochSec: 0}aede9520-44de-4c1e-ace9-e9f99ab0d9a8{ip: 10.1.0.24, host: fv-az353-623.tkyx2seitsuu3nmpmouz2httfb.bx.internal.cloudapp.net, ports: [REPLICATION=33193, RATIS=33135, RATIS_ADMIN=33135, RATIS_SERVER=33135, RATIS_DATASTREAM=43115, STANDALONE=45951], networkLocation: /default-rack, certSerialId: null, persistedOpState: IN_SERVICE, persistedOpStateExpiryEpochSec: 0}e4ed2f3a-5aa6-4459-b26c-0c4683a8ebc0{ip: 10.1.0.24, host: fv-az353-623.tkyx2seitsuu3nmpmouz2httfb.bx.internal.cloudapp.net, ports: [REPLICATION=35361, RATIS=37887, RATIS_ADMIN=37887, RATIS_SERVER=37887, RATIS_DATASTREAM=40887, STANDALONE=33455], networkLocation: /default-rack, certSerialId: null, persistedOpState: IN_SERVICE, persistedOpStateExpiryEpochSec: 0}, ReplicationConfig: RATIS/THREE, State:OPEN, leaderId:aede9520-44de-4c1e-ace9-e9f99ab0d9a8, CreationTimestamp2023-01-10T01:13:13.436Z[Etc/UTC]] moved to CLOSED state
2023-01-10 01:13:32,742 [Listener at 127.0.0.1/41315] INFO  pipeline.RatisPipelineProvider (RatisPipelineProvider.java:lambda$close$4(272)) - Send pipeline:PipelineID=aa873c7d-7efd-4658-8f36-4fe8910dbb79 close command to datanode a30d3908-8fda-4427-9d38-ec2047457aa6
2023-01-10 01:13:32,742 [Listener at 127.0.0.1/41315] INFO  pipeline.RatisPipelineProvider (RatisPipelineProvider.java:lambda$close$4(272)) - Send pipeline:PipelineID=aa873c7d-7efd-4658-8f36-4fe8910dbb79 close command to datanode aede9520-44de-4c1e-ace9-e9f99ab0d9a8
2023-01-10 01:13:32,742 [Listener at 127.0.0.1/41315] INFO  pipeline.RatisPipelineProvider (RatisPipelineProvider.java:lambda$close$4(272)) - Send pipeline:PipelineID=aa873c7d-7efd-4658-8f36-4fe8910dbb79 close command to datanode e4ed2f3a-5aa6-4459-b26c-0c4683a8ebc0
2023-01-10 01:13:32,742 [Listener at 127.0.0.1/41315] INFO  pipeline.PipelineStateManagerImpl (PipelineStateManagerImpl.java:removePipeline(245)) - Pipeline Pipeline[ Id: aa873c7d-7efd-4658-8f36-4fe8910dbb79, Nodes: a30d3908-8fda-4427-9d38-ec2047457aa6{ip: 10.1.0.24, host: fv-az353-623.tkyx2seitsuu3nmpmouz2httfb.bx.internal.cloudapp.net, ports: [REPLICATION=42007, RATIS=42995, RATIS_ADMIN=42995, RATIS_SERVER=42995, RATIS_DATASTREAM=33861, STANDALONE=38283], networkLocation: /default-rack, certSerialId: null, persistedOpState: IN_SERVICE, persistedOpStateExpiryEpochSec: 0}aede9520-44de-4c1e-ace9-e9f99ab0d9a8{ip: 10.1.0.24, host: fv-az353-623.tkyx2seitsuu3nmpmouz2httfb.bx.internal.cloudapp.net, ports: [REPLICATION=33193, RATIS=33135, RATIS_ADMIN=33135, RATIS_SERVER=33135, RATIS_DATASTREAM=43115, STANDALONE=45951], networkLocation: /default-rack, certSerialId: null, persistedOpState: IN_SERVICE, persistedOpStateExpiryEpochSec: 0}e4ed2f3a-5aa6-4459-b26c-0c4683a8ebc0{ip: 10.1.0.24, host: fv-az353-623.tkyx2seitsuu3nmpmouz2httfb.bx.internal.cloudapp.net, ports: [REPLICATION=35361, RATIS=37887, RATIS_ADMIN=37887, RATIS_SERVER=37887, RATIS_DATASTREAM=40887, STANDALONE=33455], networkLocation: /default-rack, certSerialId: null, persistedOpState: IN_SERVICE, persistedOpStateExpiryEpochSec: 0}, ReplicationConfig: RATIS/THREE, State:CLOSED, leaderId:aede9520-44de-4c1e-ace9-e9f99ab0d9a8, CreationTimestamp2023-01-10T01:13:13.436Z[Etc/UTC]] removed.
2023-01-10 01:13:32,743 [Listener at 127.0.0.1/41315] INFO  ozone.MiniOzoneClusterImpl (MiniOzoneClusterImpl.java:shutdown(450)) - Shutting down the Mini Ozone Cluster
2023-01-10 01:13:32,743 [Listener at 127.0.0.1/41315] INFO  ozone.MiniOzoneClusterImpl (MiniOzoneClusterImpl.java:stop(465)) - Stopping the Mini Ozone Cluster
2023-01-10 01:13:32,743 [Listener at 127.0.0.1/41315] INFO  ozone.MiniOzoneClusterImpl (MiniOzoneClusterImpl.java:stopOM(547)) - Stopping the OzoneManager
2023-01-10 01:13:32,743 [Listener at 127.0.0.1/41315] INFO  om.OzoneManager (OzoneManager.java:stop(2040)) - om1[localhost:0]: Stopping Ozone Manager
2023-01-10 01:13:32,743 [Listener at 127.0.0.1/41315] INFO  ipc.Server (Server.java:stop(3428)) - Stopping server on 41315
2023-01-10 01:13:32,743 [Datanode State Machine Daemon Thread] INFO  statemachine.DatanodeStateMachine (DatanodeStateMachine.java:lambda$startDaemon$0(508)) - Ozone container server started.
2023-01-10 01:13:32,744 [IPC Server listener on 0] INFO  ipc.Server (Server.java:run(1384)) - Stopping IPC Server listener on 0
2023-01-10 01:13:32,746 [IPC Server Responder] INFO  ipc.Server (Server.java:run(1517)) - Stopping IPC Server Responder
2023-01-10 01:13:32,746 [Listener at 127.0.0.1/41315] INFO  server.RaftServer (RaftServerProxy.java:lambda$close$6(409)) - om1: close
2023-01-10 01:13:32,746 [om1-impl-thread1] INFO  server.RaftServer$Division (RaftServerImpl.java:lambda$close$4(458)) - om1@group-C5BA1605619E: shutdown
2023-01-10 01:13:32,746 [om1-impl-thread1] INFO  util.JmxRegister (JmxRegister.java:unregister(73)) - Successfully un-registered JMX Bean with object name Ratis:service=RaftServer,group=group-C5BA1605619E,id=om1
2023-01-10 01:13:32,746 [om1-impl-thread1] INFO  impl.RoleInfo (RoleInfo.java:shutdownLeaderState(93)) - om1: shutdown om1@group-C5BA1605619E-LeaderStateImpl
2023-01-10 01:13:32,746 [om1-impl-thread1] INFO  impl.PendingRequests (PendingRequests.java:sendNotLeaderResponses(282)) - om1@group-C5BA1605619E-PendingRequests: sendNotLeaderResponses
2023-01-10 01:13:32,747 [om1-impl-thread1] INFO  impl.StateMachineUpdater (StateMachineUpdater.java:stopAndJoin(153)) - om1@group-C5BA1605619E-StateMachineUpdater: set stopIndex = 0
2023-01-10 01:13:32,747 [Listener at 127.0.0.1/41315] INFO  server.GrpcService (GrpcService.java:closeImpl(271)) - om1: shutdown server GrpcServerProtocolService now
2023-01-10 01:13:32,748 [om1@group-C5BA1605619E-StateMachineUpdater] INFO  ratis.OzoneManagerStateMachine (OzoneManagerStateMachine.java:takeSnapshot(445)) - Current Snapshot Index (t:1, i:0)
2023-01-10 01:13:32,748 [om1@group-C5BA1605619E-StateMachineUpdater] INFO  impl.StateMachineUpdater (StateMachineUpdater.java:takeSnapshot(287)) - om1@group-C5BA1605619E-StateMachineUpdater: Took a snapshot at index 0
2023-01-10 01:13:32,748 [om1@group-C5BA1605619E-StateMachineUpdater] INFO  impl.StateMachineUpdater (StateMachineUpdater.java:lambda$new$0(92)) - om1@group-C5BA1605619E-StateMachineUpdater: snapshotIndex: updateIncreasingly -1 -> 0
2023-01-10 01:13:32,748 [om1@group-C5BA1605619E-StateMachineUpdater] INFO  ratis.OzoneManagerStateMachine (OzoneManagerStateMachine.java:close(499)) - StateMachine has shutdown. Shutdown OzoneManager if not already shutdown.
2023-01-10 01:13:32,748 [om1@group-C5BA1605619E-StateMachineUpdater] INFO  ratis.OzoneManagerDoubleBuffer (OzoneManagerDoubleBuffer.java:stop(466)) - Stopping OMDoubleBuffer flush thread
2023-01-10 01:13:32,755 [Listener at 127.0.0.1/41315] INFO  server.GrpcService (GrpcService.java:closeImpl(280)) - om1: shutdown server GrpcServerProtocolService successfully
2023-01-10 01:13:32,755 [om1-NettyServerStreamRpc-bossGroup--thread1] INFO  logging.LoggingHandler (AbstractInternalLogger.java:log(148)) - [id: 0x9264a78b, L:/0:0:0:0:0:0:0:0:45779] CLOSE
2023-01-10 01:13:32,755 [om1-NettyServerStreamRpc-bossGroup--thread1] INFO  logging.LoggingHandler (AbstractInternalLogger.java:log(148)) - [id: 0x9264a78b, L:/0:0:0:0:0:0:0:0:45779] INACTIVE
2023-01-10 01:13:32,755 [om1-NettyServerStreamRpc-bossGroup--thread1] INFO  logging.LoggingHandler (AbstractInternalLogger.java:log(148)) - [id: 0x9264a78b, L:/0:0:0:0:0:0:0:0:45779] UNREGISTERED
2023-01-10 01:13:32,771 [OMDoubleBufferFlushThread] INFO  ratis.OzoneManagerDoubleBuffer (OzoneManagerDoubleBuffer.java:flushTransactions(385)) - OMDoubleBuffer flush thread OMDoubleBufferFlushThread is interrupted and will exit.
2023-01-10 01:13:32,772 [om1-impl-thread1] INFO  server.RaftServer$Division (ServerState.java:close(466)) - om1@group-C5BA1605619E: closes. applyIndex: 0
2023-01-10 01:13:32,772 [om1@group-C5BA1605619E-SegmentedRaftLogWorker] INFO  segmented.SegmentedRaftLogWorker (SegmentedRaftLogWorker.java:run(347)) - om1@group-C5BA1605619E-SegmentedRaftLogWorker was interrupted, exiting. There are 0 tasks remaining in the queue.
2023-01-10 01:13:32,772 [org.apache.hadoop.util.JvmPauseMonitor$Monitor@30b58d37] INFO  util.JvmPauseMonitor (JvmPauseMonitor.java:run(188)) - Starting JVM pause monitor
2023-01-10 01:13:32,774 [Datanode State Machine Task Thread - 0] INFO  datanode.InitDatanodeState (InitDatanodeState.java:persistContainerDatanodeDetails(138)) - DatanodeDetails is persisted to /home/runner/work/ozone/ozone/hadoop-ozone/integration-test/target/test-dir/MiniOzoneClusterImpl-87d91b25-fa0c-46b9-b442-f5a189e2cbc3/datanode-2/meta/datanode.id
2023-01-10 01:13:32,776 [om1-impl-thread1] INFO  segmented.SegmentedRaftLogWorker (SegmentedRaftLogWorker.java:close(257)) - om1@group-C5BA1605619E-SegmentedRaftLogWorker close()
2023-01-10 01:13:32,776 [JvmPauseMonitor7] INFO  util.JvmPauseMonitor (JvmPauseMonitor.java:run(111)) - JvmPauseMonitor-om1: Stopped
2023-01-10 01:13:32,777 [Listener at 127.0.0.1/41315] INFO  ratis.OzoneManagerStateMachine (OzoneManagerStateMachine.java:close(499)) - StateMachine has shutdown. Shutdown OzoneManager if not already shutdown.
2023-01-10 01:13:32,777 [Listener at 127.0.0.1/41315] INFO  ratis.OzoneManagerDoubleBuffer (OzoneManagerDoubleBuffer.java:stop(478)) - OMDoubleBuffer flush thread is not running.
2023-01-10 01:13:32,777 [Listener at 127.0.0.1/41315] INFO  utils.BackgroundService (BackgroundService.java:shutdown(141)) - Shutting down service KeyDeletingService
2023-01-10 01:13:32,777 [Listener at 127.0.0.1/41315] INFO  utils.BackgroundService (BackgroundService.java:shutdown(141)) - Shutting down service DirectoryDeletingService
2023-01-10 01:13:32,777 [Listener at 127.0.0.1/41315] INFO  utils.BackgroundService (BackgroundService.java:shutdown(141)) - Shutting down service OpenKeyCleanupService
2023-01-10 01:13:32,778 [Listener at 127.0.0.1/41315] INFO  handler.ContextHandler (ContextHandler.java:doStop(1159)) - Stopped o.e.j.w.WebAppContext@4856c017{ozoneManager,/,null,STOPPED}{file:/home/runner/work/ozone/ozone/hadoop-ozone/integration-test/target/test-classes/webapps/ozoneManager}
2023-01-10 01:13:32,778 [Listener at 127.0.0.1/41315] INFO  server.AbstractConnector (AbstractConnector.java:doStop(383)) - Stopped ServerConnector@1b23eee{HTTP/1.1, (http/1.1)}{0.0.0.0:0}
2023-01-10 01:13:32,778 [Listener at 127.0.0.1/41315] INFO  server.session (HouseKeeper.java:stopScavenging(149)) - node0 Stopped scavenging
2023-01-10 01:13:32,779 [Listener at 127.0.0.1/41315] INFO  handler.ContextHandler (ContextHandler.java:doStop(1159)) - Stopped o.e.j.s.ServletContextHandler@70691683{static,/static,file:///home/runner/work/ozone/ozone/hadoop-ozone/integration-test/target/test-classes/webapps/static,STOPPED}
2023-01-10 01:13:32,779 [Listener at 127.0.0.1/41315] INFO  handler.ContextHandler (ContextHandler.java:doStop(1159)) - Stopped o.e.j.s.ServletContextHandler@4af4d738{logs,/logs,file:///home/runner/work/ozone/ozone/hadoop-ozone/integration-test/target/log,STOPPED}
2023-01-10 01:13:32,782 [Listener at 127.0.0.1/41315] INFO  ozone.MiniOzoneClusterImpl (MiniOzoneClusterImpl.java:stopDatanodes(524)) - Stopping the HddsDatanodes
2023-01-10 01:13:32,788 [ForkJoinPool.commonPool-worker-0] INFO  ozoneimpl.OzoneContainer (OzoneContainer.java:stop(417)) - Attempting to stop container services.
2023-01-10 01:13:32,789 [Listener at 127.0.0.1/41315] INFO  ozoneimpl.OzoneContainer (OzoneContainer.java:stop(417)) - Attempting to stop container services.
2023-01-10 01:13:32,792 [Listener at 127.0.0.1/41315] INFO  volume.HddsVolume (HddsVolume.java:closeDbStore(338)) - SchemaV3 db is stopped at /home/runner/work/ozone/ozone/hadoop-ozone/integration-test/target/test-dir/MiniOzoneClusterImpl-87d91b25-fa0c-46b9-b442-f5a189e2cbc3/datanode-1/data-0/containers/hdds/87d91b25-fa0c-46b9-b442-f5a189e2cbc3/DS-ff5064f8-1bc3-4fb8-a3c3-24295597a23d/container.db for volume DS-ff5064f8-1bc3-4fb8-a3c3-24295597a23d
2023-01-10 01:13:32,792 [Listener at 127.0.0.1/41315] INFO  utils.BackgroundService (BackgroundService.java:shutdown(141)) - Shutting down service BlockDeletingService
2023-01-10 01:13:32,792 [Listener at 127.0.0.1/41315] INFO  utils.BackgroundService (BackgroundService.java:shutdown(141)) - Shutting down service StaleRecoveringContainerScrubbingService
2023-01-10 01:13:32,794 [Listener at 127.0.0.1/41315] INFO  statemachine.DatanodeStateMachine (DatanodeStateMachine.java:stopDaemon(596)) - Ozone container server stopped.
2023-01-10 01:13:32,801 [ForkJoinPool.commonPool-worker-0] INFO  volume.HddsVolume (HddsVolume.java:closeDbStore(338)) - SchemaV3 db is stopped at /home/runner/work/ozone/ozone/hadoop-ozone/integration-test/target/test-dir/MiniOzoneClusterImpl-87d91b25-fa0c-46b9-b442-f5a189e2cbc3/datanode-0/data-0/containers/hdds/87d91b25-fa0c-46b9-b442-f5a189e2cbc3/DS-4a6906cc-45df-41f4-816e-7295075b4abf/container.db for volume DS-4a6906cc-45df-41f4-816e-7295075b4abf
2023-01-10 01:13:32,801 [ForkJoinPool.commonPool-worker-0] INFO  utils.BackgroundService (BackgroundService.java:shutdown(141)) - Shutting down service BlockDeletingService
2023-01-10 01:13:32,801 [ForkJoinPool.commonPool-worker-0] INFO  utils.BackgroundService (BackgroundService.java:shutdown(141)) - Shutting down service StaleRecoveringContainerScrubbingService
2023-01-10 01:13:32,803 [ForkJoinPool.commonPool-worker-0] INFO  statemachine.DatanodeStateMachine (DatanodeStateMachine.java:stopDaemon(596)) - Ozone container server stopped.
2023-01-10 01:13:32,805 [Listener at 127.0.0.1/41315] INFO  handler.ContextHandler (ContextHandler.java:doStop(1159)) - Stopped o.e.j.w.WebAppContext@15480ba9{hddsDatanode,/,null,STOPPED}{jar:file:/home/runner/.m2/repository/org/apache/ozone/hdds-container-service/1.4.0-SNAPSHOT/hdds-container-service-1.4.0-SNAPSHOT.jar!/webapps/hddsDatanode}
2023-01-10 01:13:32,806 [Listener at 127.0.0.1/41315] INFO  server.AbstractConnector (AbstractConnector.java:doStop(383)) - Stopped ServerConnector@33f54307{HTTP/1.1, (http/1.1)}{0.0.0.0:39985}
2023-01-10 01:13:32,806 [Listener at 127.0.0.1/41315] INFO  server.session (HouseKeeper.java:stopScavenging(149)) - node0 Stopped scavenging
2023-01-10 01:13:32,806 [Listener at 127.0.0.1/41315] INFO  handler.ContextHandler (ContextHandler.java:doStop(1159)) - Stopped o.e.j.s.ServletContextHandler@2b287eb8{static,/static,jar:file:/home/runner/.m2/repository/org/apache/ozone/hdds-container-service/1.4.0-SNAPSHOT/hdds-container-service-1.4.0-SNAPSHOT.jar!/webapps/static,STOPPED}
2023-01-10 01:13:32,806 [Listener at 127.0.0.1/41315] INFO  handler.ContextHandler (ContextHandler.java:doStop(1159)) - Stopped o.e.j.s.ServletContextHandler@7eeef604{logs,/logs,file:///home/runner/work/ozone/ozone/hadoop-ozone/integration-test/target/log,STOPPED}
2023-01-10 01:13:32,809 [Listener at 127.0.0.1/41315] INFO  ozoneimpl.OzoneContainer (OzoneContainer.java:stop(417)) - Attempting to stop container services.
2023-01-10 01:13:32,809 [Listener at 127.0.0.1/41315] INFO  volume.HddsVolume (HddsVolume.java:closeDbStore(338)) - SchemaV3 db is stopped at /home/runner/work/ozone/ozone/hadoop-ozone/integration-test/target/test-dir/MiniOzoneClusterImpl-87d91b25-fa0c-46b9-b442-f5a189e2cbc3/datanode-2/data-0/containers/hdds/87d91b25-fa0c-46b9-b442-f5a189e2cbc3/DS-f19d1789-56e5-449e-b0af-62200276e1e2/container.db for volume DS-f19d1789-56e5-449e-b0af-62200276e1e2
2023-01-10 01:13:32,809 [Listener at 127.0.0.1/41315] INFO  utils.BackgroundService (BackgroundService.java:shutdown(141)) - Shutting down service BlockDeletingService
2023-01-10 01:13:32,809 [Listener at 127.0.0.1/41315] INFO  utils.BackgroundService (BackgroundService.java:shutdown(141)) - Shutting down service StaleRecoveringContainerScrubbingService
2023-01-10 01:13:32,812 [Listener at 127.0.0.1/41315] INFO  statemachine.DatanodeStateMachine (DatanodeStateMachine.java:stopDaemon(596)) - Ozone container server stopped.
2023-01-10 01:13:32,816 [ForkJoinPool.commonPool-worker-0] INFO  handler.ContextHandler (ContextHandler.java:doStop(1159)) - Stopped o.e.j.w.WebAppContext@4e4f51e7{hddsDatanode,/,null,STOPPED}{jar:file:/home/runner/.m2/repository/org/apache/ozone/hdds-container-service/1.4.0-SNAPSHOT/hdds-container-service-1.4.0-SNAPSHOT.jar!/webapps/hddsDatanode}
2023-01-10 01:13:32,816 [ForkJoinPool.commonPool-worker-0] INFO  server.AbstractConnector (AbstractConnector.java:doStop(383)) - Stopped ServerConnector@2ac665a{HTTP/1.1, (http/1.1)}{0.0.0.0:46711}
2023-01-10 01:13:32,817 [ForkJoinPool.commonPool-worker-0] INFO  server.session (HouseKeeper.java:stopScavenging(149)) - node0 Stopped scavenging
2023-01-10 01:13:32,817 [ForkJoinPool.commonPool-worker-0] INFO  handler.ContextHandler (ContextHandler.java:doStop(1159)) - Stopped o.e.j.s.ServletContextHandler@546b4d6c{static,/static,jar:file:/home/runner/.m2/repository/org/apache/ozone/hdds-container-service/1.4.0-SNAPSHOT/hdds-container-service-1.4.0-SNAPSHOT.jar!/webapps/static,STOPPED}
2023-01-10 01:13:32,817 [ForkJoinPool.commonPool-worker-0] INFO  handler.ContextHandler (ContextHandler.java:doStop(1159)) - Stopped o.e.j.s.ServletContextHandler@27db378a{logs,/logs,file:///home/runner/work/ozone/ozone/hadoop-ozone/integration-test/target/log,STOPPED}
2023-01-10 01:13:32,822 [Listener at 127.0.0.1/41315] INFO  handler.ContextHandler (ContextHandler.java:doStop(1159)) - Stopped o.e.j.w.WebAppContext@1f75708d{hddsDatanode,/,null,STOPPED}{jar:file:/home/runner/.m2/repository/org/apache/ozone/hdds-container-service/1.4.0-SNAPSHOT/hdds-container-service-1.4.0-SNAPSHOT.jar!/webapps/hddsDatanode}
2023-01-10 01:13:32,822 [Listener at 127.0.0.1/41315] INFO  server.AbstractConnector (AbstractConnector.java:doStop(383)) - Stopped ServerConnector@4ee43a11{HTTP/1.1, (http/1.1)}{0.0.0.0:41937}
2023-01-10 01:13:32,823 [Listener at 127.0.0.1/41315] INFO  server.session (HouseKeeper.java:stopScavenging(149)) - node0 Stopped scavenging
2023-01-10 01:13:32,823 [Listener at 127.0.0.1/41315] INFO  handler.ContextHandler (ContextHandler.java:doStop(1159)) - Stopped o.e.j.s.ServletContextHandler@38c0ce8a{static,/static,jar:file:/home/runner/.m2/repository/org/apache/ozone/hdds-container-service/1.4.0-SNAPSHOT/hdds-container-service-1.4.0-SNAPSHOT.jar!/webapps/static,STOPPED}
2023-01-10 01:13:32,823 [Listener at 127.0.0.1/41315] INFO  handler.ContextHandler (ContextHandler.java:doStop(1159)) - Stopped o.e.j.s.ServletContextHandler@47e67f87{logs,/logs,file:///home/runner/work/ozone/ozone/hadoop-ozone/integration-test/target/log,STOPPED}
2023-01-10 01:13:32,824 [Listener at 127.0.0.1/41315] INFO  ozone.MiniOzoneClusterImpl (MiniOzoneClusterImpl.java:stopSCM(539)) - Stopping the StorageContainerManager
2023-01-10 01:13:32,824 [Listener at 127.0.0.1/41315] INFO  server.StorageContainerManager (StorageContainerManager.java:stop(1521)) - Container Balancer is not running.
2023-01-10 01:13:32,824 [Listener at 127.0.0.1/41315] INFO  server.StorageContainerManager (StorageContainerManager.java:stop(1528)) - Stopping Replication Manager Service.
2023-01-10 01:13:32,824 [Listener at 127.0.0.1/41315] INFO  replication.ReplicationManager (ReplicationManager.java:stop(296)) - Stopping Replication Monitor Thread.
2023-01-10 01:13:32,825 [Under Replicated Processor] WARN  replication.UnhealthyReplicationProcessor (UnhealthyReplicationProcessor.java:run(141)) - Under Replicated Processor interrupted. Exiting...
2023-01-10 01:13:32,825 [Over Replicated Processor] WARN  replication.UnhealthyReplicationProcessor (UnhealthyReplicationProcessor.java:run(141)) - Over Replicated Processor interrupted. Exiting...
2023-01-10 01:13:32,826 [ReplicationMonitor] INFO  replication.ReplicationManager (ReplicationManager.java:run(666)) - Replication Monitor Thread is stopped
2023-01-10 01:13:32,826 [Listener at 127.0.0.1/41315] INFO  server.StorageContainerManager (StorageContainerManager.java:stop(1535)) - Stopping the Datanode Admin Monitor.
2023-01-10 01:13:32,826 [Listener at 127.0.0.1/41315] INFO  server.StorageContainerManager (StorageContainerManager.java:stop(1542)) - Stopping datanode service RPC server
2023-01-10 01:13:32,826 [Listener at 127.0.0.1/41315] INFO  server.SCMDatanodeProtocolServer (SCMDatanodeProtocolServer.java:stop(441)) - Stopping the RPC server for DataNodes
2023-01-10 01:13:32,826 [Listener at 127.0.0.1/41315] INFO  ipc.Server (Server.java:stop(3428)) - Stopping server on 37535
2023-01-10 01:13:32,828 [IPC Server listener on 0] INFO  ipc.Server (Server.java:run(1384)) - Stopping IPC Server listener on 0
2023-01-10 01:13:32,829 [IPC Server Responder] INFO  ipc.Server (Server.java:run(1517)) - Stopping IPC Server Responder
2023-01-10 01:13:33,689 [SCM Heartbeat Processing Thread - 0] WARN  node.NodeStateManager (NodeStateManager.java:scheduleNextHealthCheck(870)) - Current Thread is interrupted, shutting down HB processing thread for Node Manager.
2023-01-10 01:13:33,690 [Listener at 127.0.0.1/41315] INFO  server.StorageContainerManager (StorageContainerManager.java:stop(1550)) - Stopping block service RPC server
2023-01-10 01:13:33,690 [Listener at 127.0.0.1/41315] INFO  server.SCMBlockProtocolServer (SCMBlockProtocolServer.java:stop(161)) - Stopping the RPC server for Block Protocol
2023-01-10 01:13:33,690 [Listener at 127.0.0.1/41315] INFO  ipc.Server (Server.java:stop(3428)) - Stopping server on 39965
2023-01-10 01:13:33,692 [IPC Server listener on 0] INFO  ipc.Server (Server.java:run(1384)) - Stopping IPC Server listener on 0
2023-01-10 01:13:33,694 [IPC Server Responder] INFO  ipc.Server (Server.java:run(1517)) - Stopping IPC Server Responder
2023-01-10 01:13:33,694 [Listener at 127.0.0.1/41315] INFO  server.StorageContainerManager (StorageContainerManager.java:stop(1557)) - Stopping the StorageContainerLocationProtocol RPC server
2023-01-10 01:13:33,695 [Listener at 127.0.0.1/41315] INFO  server.SCMClientProtocolServer (SCMClientProtocolServer.java:stop(179)) - Stopping the RPC server for Client Protocol
2023-01-10 01:13:33,695 [Listener at 127.0.0.1/41315] INFO  ipc.Server (Server.java:stop(3428)) - Stopping server on 36561
2023-01-10 01:13:33,696 [IPC Server listener on 0] INFO  ipc.Server (Server.java:run(1384)) - Stopping IPC Server listener on 0
2023-01-10 01:13:33,697 [IPC Server Responder] INFO  ipc.Server (Server.java:run(1517)) - Stopping IPC Server Responder
2023-01-10 01:13:33,697 [Listener at 127.0.0.1/41315] INFO  server.StorageContainerManager (StorageContainerManager.java:stop(1564)) - Stopping Storage Container Manager HTTP server.
2023-01-10 01:13:33,698 [Listener at 127.0.0.1/41315] INFO  handler.ContextHandler (ContextHandler.java:doStop(1159)) - Stopped o.e.j.w.WebAppContext@549e0088{scm,/,null,STOPPED}{file:/home/runner/work/ozone/ozone/hadoop-ozone/integration-test/target/test-classes/webapps/scm}
2023-01-10 01:13:33,698 [Listener at 127.0.0.1/41315] INFO  server.AbstractConnector (AbstractConnector.java:doStop(383)) - Stopped ServerConnector@1575c8cc{HTTP/1.1, (http/1.1)}{0.0.0.0:0}
2023-01-10 01:13:33,698 [Listener at 127.0.0.1/41315] INFO  server.session (HouseKeeper.java:stopScavenging(149)) - node0 Stopped scavenging
2023-01-10 01:13:33,699 [Listener at 127.0.0.1/41315] INFO  handler.ContextHandler (ContextHandler.java:doStop(1159)) - Stopped o.e.j.s.ServletContextHandler@33db8d3a{static,/static,file:///home/runner/work/ozone/ozone/hadoop-ozone/integration-test/target/test-classes/webapps/static,STOPPED}
2023-01-10 01:13:33,699 [Listener at 127.0.0.1/41315] INFO  handler.ContextHandler (ContextHandler.java:doStop(1159)) - Stopped o.e.j.s.ServletContextHandler@4167729a{logs,/logs,file:///home/runner/work/ozone/ozone/hadoop-ozone/integration-test/target/log,STOPPED}
2023-01-10 01:13:33,700 [Listener at 127.0.0.1/41315] INFO  server.StorageContainerManager (StorageContainerManager.java:stop(1570)) - Stopping SCM LayoutVersionManager Service.
2023-01-10 01:13:33,700 [Listener at 127.0.0.1/41315] INFO  server.StorageContainerManager (StorageContainerManager.java:stop(1578)) - Stopping Block Manager Service.
2023-01-10 01:13:33,700 [Listener at 127.0.0.1/41315] INFO  utils.BackgroundService (BackgroundService.java:shutdown(141)) - Shutting down service SCMBlockDeletingService
2023-01-10 01:13:33,700 [Listener at 127.0.0.1/41315] INFO  utils.BackgroundService (BackgroundService.java:shutdown(141)) - Shutting down service SCMBlockDeletingService
2023-01-10 01:13:33,701 [Listener at 127.0.0.1/41315] INFO  server.StorageContainerManager (StorageContainerManager.java:stop(1600)) - Stopping SCM Event Queue.
2023-01-10 01:13:33,703 [Listener at 127.0.0.1/41315] INFO  server.StorageContainerManager (StorageContainerManager.java:stop(1611)) - Stopping SCM HA services.
2023-01-10 01:13:33,703 [Listener at 127.0.0.1/41315] INFO  pipeline.BackgroundPipelineCreator (BackgroundPipelineCreator.java:stop(149)) - Stopping RatisPipelineUtilsThread.
2023-01-10 01:13:33,703 [RatisPipelineUtilsThread - 0] WARN  pipeline.BackgroundPipelineCreator (BackgroundPipelineCreator.java:run(180)) - RatisPipelineUtilsThread is interrupted.
2023-01-10 01:13:33,703 [BackgroundPipelineScrubberThread] WARN  BackgroundPipelineScrubber (BackgroundSCMService.java:run(115)) - BackgroundPipelineScrubber is interrupted, exit
2023-01-10 01:13:33,703 [Listener at 127.0.0.1/41315] INFO  BackgroundPipelineScrubber (BackgroundSCMService.java:stop(131)) - Stopping BackgroundPipelineScrubber Service.
2023-01-10 01:13:33,705 [Listener at 127.0.0.1/41315] INFO  impl.MetricsSystemImpl (MetricsSystemImpl.java:stop(210)) - Stopping HddsDatanode metrics system...
2023-01-10 01:13:33,709 [prometheus] INFO  impl.MetricsSinkAdapter (MetricsSinkAdapter.java:publishMetricsFromQueue(141)) - prometheus thread interrupted.
2023-01-10 01:13:33,709 [Listener at 127.0.0.1/41315] INFO  impl.MetricsSystemImpl (MetricsSystemImpl.java:stop(216)) - HddsDatanode metrics system stopped.
2023-01-10 01:13:33,710 [Listener at 127.0.0.1/41315] WARN  pipeline.BackgroundPipelineCreator (BackgroundPipelineCreator.java:stop(145)) - RatisPipelineUtilsThread is not running, just ignore.
2023-01-10 01:13:33,710 [Listener at 127.0.0.1/41315] INFO  BackgroundPipelineScrubber (BackgroundSCMService.java:stop(126)) - BackgroundPipelineScrubber Service is not running, skip stop.
2023-01-10 01:13:33,710 [ExpiredContainerReplicaOpScrubberThread] WARN  ExpiredContainerReplicaOpScrubber (BackgroundSCMService.java:run(115)) - ExpiredContainerReplicaOpScrubber is interrupted, exit
2023-01-10 01:13:33,710 [Listener at 127.0.0.1/41315] INFO  ExpiredContainerReplicaOpScrubber (BackgroundSCMService.java:stop(131)) - Stopping ExpiredContainerReplicaOpScrubber Service.
2023-01-10 01:13:33,710 [Listener at 127.0.0.1/41315] INFO  utils.BackgroundService (BackgroundService.java:shutdown(141)) - Shutting down service SCMBlockDeletingService
2023-01-10 01:13:33,710 [Listener at 127.0.0.1/41315] INFO  replication.ReplicationManager (ReplicationManager.java:stop(304)) - Replication Monitor Thread is not running.
2023-01-10 01:13:33,710 [Listener at 127.0.0.1/41315] WARN  balancer.ContainerBalancer (ContainerBalancer.java:stop(322)) - Cannot stop Container Balancer because it's not running or stopping
2023-01-10 01:13:33,711 [Listener at 127.0.0.1/41315] INFO  server.StorageContainerManager (StorageContainerManager.java:stop(1629)) - Stopping SCM MetadataStore.
]]></system-out>
  </testcase>
  <testcase name="testAutomaticPipelineCreationDisablingFactorONE" classname="org.apache.hadoop.hdds.scm.pipeline.TestRatisPipelineCreateAndDestroy" time="46.208">
    <system-out><![CDATA[2023-01-10 01:13:33,746 [Listener at 127.0.0.1/41315] WARN  server.ServerUtils (ServerUtils.java:getScmDbDir(148)) - ozone.scm.db.dirs is not configured. We recommend adding this setting. Falling back to ozone.metadata.dirs instead.
2023-01-10 01:13:33,749 [Listener at 127.0.0.1/41315] WARN  server.ServerUtils (ServerUtils.java:getScmDbDir(148)) - ozone.scm.db.dirs is not configured. We recommend adding this setting. Falling back to ozone.metadata.dirs instead.
2023-01-10 01:13:33,749 [Listener at 127.0.0.1/41315] INFO  ha.SCMHANodeDetails (SCMHANodeDetails.java:loadSCMHAConfig(209)) - ServiceID for StorageContainerManager is null
2023-01-10 01:13:33,749 [Listener at 127.0.0.1/41315] INFO  ha.SCMHANodeDetails (SCMHANodeDetails.java:loadSCMHAConfig(214)) - ozone.scm.default.service.id is not defined, falling back to ozone.scm.service.ids to find serviceID for StorageContainerManager if it is HA enabled cluster
2023-01-10 01:13:33,750 [Listener at 127.0.0.1/41315] WARN  utils.HAUtils (HAUtils.java:getMetaDir(342)) - ozone.scm.db.dirs is not configured. We recommend adding this setting. Falling back to ozone.metadata.dirs instead.
2023-01-10 01:13:33,750 [Listener at 127.0.0.1/41315] WARN  db.DBStoreBuilder (DBStoreBuilder.java:applyDBDefinition(144)) - ozone.scm.db.dirs is not configured. We recommend adding this setting. Falling back to ozone.metadata.dirs instead.
2023-01-10 01:13:33,845 [Listener at 127.0.0.1/41315] INFO  net.NodeSchemaLoader (NodeSchemaLoader.java:loadSchemaFromFile(129)) - Loading schema from [jar:file:/home/runner/.m2/repository/org/apache/ozone/hdds-common/1.4.0-SNAPSHOT/hdds-common-1.4.0-SNAPSHOT.jar!/network-topology-default.xml]
2023-01-10 01:13:33,846 [Listener at 127.0.0.1/41315] INFO  net.NodeSchemaLoader (NodeSchemaLoader.java:loadSchema(176)) - Loading network topology layer schema file
2023-01-10 01:13:33,848 [Listener at 127.0.0.1/41315] INFO  upgrade.AbstractLayoutVersionManager (AbstractLayoutVersionManager.java:init(83)) - Initializing Layout version manager with metadata layout = DATANODE_SCHEMA_V3 (version = 4), software layout = DATANODE_SCHEMA_V3 (version = 4)
2023-01-10 01:13:33,889 [Listener at 127.0.0.1/41315] INFO  reflections.Reflections (Reflections.java:scan(232)) - Reflections took 40 ms to scan 7 urls, producing 146 keys and 350 values 
2023-01-10 01:13:33,891 [Listener at 127.0.0.1/41315] INFO  ha.SequenceIdGenerator (SequenceIdGenerator.java:upgradeToSequenceId(349)) - upgrade localId to 111677748019200000
2023-01-10 01:13:33,891 [Listener at 127.0.0.1/41315] INFO  ha.SequenceIdGenerator (SequenceIdGenerator.java:upgradeToSequenceId(359)) - upgrade delTxnId to 0
2023-01-10 01:13:33,891 [Listener at 127.0.0.1/41315] INFO  ha.SequenceIdGenerator (SequenceIdGenerator.java:upgradeToSequenceId(376)) - upgrade containerId to 0
2023-01-10 01:13:33,891 [Listener at 127.0.0.1/41315] INFO  ha.SequenceIdGenerator (SequenceIdGenerator.java:<init>(220)) - Init the HA SequenceIdGenerator.
2023-01-10 01:13:33,892 [Listener at 127.0.0.1/41315] INFO  node.SCMNodeManager (SCMNodeManager.java:<init>(149)) - Entering startup safe mode.
2023-01-10 01:13:33,892 [Listener at 127.0.0.1/41315] INFO  algorithms.ContainerPlacementPolicyFactory (ContainerPlacementPolicyFactory.java:getPolicyInternal(86)) - Create container placement policy of type org.apache.hadoop.hdds.scm.container.placement.algorithms.SCMContainerPlacementRandom
2023-01-10 01:13:33,892 [Listener at 127.0.0.1/41315] INFO  algorithms.ContainerPlacementPolicyFactory (ContainerPlacementPolicyFactory.java:getPolicyInternal(86)) - Create container placement policy of type org.apache.hadoop.hdds.scm.container.placement.algorithms.SCMContainerPlacementRackScatter
2023-01-10 01:13:33,893 [Listener at 127.0.0.1/41315] INFO  pipeline.PipelineStateManagerImpl (PipelineStateManagerImpl.java:initialize(78)) - No pipeline exists in current db
2023-01-10 01:13:33,893 [Listener at 127.0.0.1/41315] INFO  algorithms.LeaderChoosePolicyFactory (LeaderChoosePolicyFactory.java:getPolicy(57)) - Create leader choose policy of type org.apache.hadoop.hdds.scm.pipeline.leader.choose.algorithms.MinLeaderCountChoosePolicy
2023-01-10 01:13:33,893 [Listener at 127.0.0.1/41315] INFO  algorithms.ContainerPlacementPolicyFactory (ContainerPlacementPolicyFactory.java:getPolicyInternal(86)) - Create container placement policy of type org.apache.hadoop.hdds.scm.container.placement.algorithms.SCMContainerPlacementRackScatter
2023-01-10 01:13:33,893 [Listener at 127.0.0.1/41315] INFO  ha.SCMServiceManager (SCMServiceManager.java:register(42)) - Registering service BackgroundPipelineCreator.
2023-01-10 01:13:33,893 [Listener at 127.0.0.1/41315] INFO  pipeline.BackgroundPipelineCreator (BackgroundPipelineCreator.java:start(124)) - Starting RatisPipelineUtilsThread.
2023-01-10 01:13:33,893 [Listener at 127.0.0.1/41315] INFO  BackgroundPipelineScrubber (BackgroundSCMService.java:start(68)) - Starting BackgroundPipelineScrubber Service.
2023-01-10 01:13:33,894 [Listener at 127.0.0.1/41315] INFO  ha.SCMServiceManager (SCMServiceManager.java:register(42)) - Registering service BackgroundPipelineScrubber.
2023-01-10 01:13:33,894 [Listener at 127.0.0.1/41315] INFO  ExpiredContainerReplicaOpScrubber (BackgroundSCMService.java:start(68)) - Starting ExpiredContainerReplicaOpScrubber Service.
2023-01-10 01:13:33,894 [Listener at 127.0.0.1/41315] INFO  ha.SCMServiceManager (SCMServiceManager.java:register(42)) - Registering service ExpiredContainerReplicaOpScrubber.
2023-01-10 01:13:33,895 [Listener at 127.0.0.1/41315] INFO  algorithms.PipelineChoosePolicyFactory (PipelineChoosePolicyFactory.java:createPipelineChoosePolicyFromClass(73)) - Create pipeline choose policy of type org.apache.hadoop.hdds.scm.pipeline.choose.algorithms.RandomPipelineChoosePolicy
2023-01-10 01:13:33,896 [Listener at 127.0.0.1/41315] INFO  ha.SCMServiceManager (SCMServiceManager.java:register(42)) - Registering service SCMBlockDeletingService.
2023-01-10 01:13:33,896 [Listener at 127.0.0.1/41315] INFO  replication.ReplicationManager (ReplicationManager.java:start(261)) - Starting Replication Monitor Thread.
2023-01-10 01:13:33,896 [Listener at 127.0.0.1/41315] INFO  ha.SCMServiceManager (SCMServiceManager.java:register(42)) - Registering service ReplicationManager.
2023-01-10 01:13:33,897 [Listener at 127.0.0.1/41315] INFO  safemode.ContainerSafeModeRule (ContainerSafeModeRule.java:<init>(89)) - containers with one replica threshold count 0
2023-01-10 01:13:33,897 [Listener at 127.0.0.1/41315] INFO  safemode.HealthyPipelineSafeModeRule (HealthyPipelineSafeModeRule.java:initializeRule(169)) - Total pipeline count is 0, healthy pipeline threshold count is 1
2023-01-10 01:13:33,897 [Listener at 127.0.0.1/41315] INFO  safemode.OneReplicaPipelineSafeModeRule (OneReplicaPipelineSafeModeRule.java:initializeRule(180)) - Total pipeline count is 0, pipeline's with at least one datanode reported threshold count is 0
2023-01-10 01:13:33,898 [ReplicationMonitor] INFO  replication.ReplicationManager (ReplicationManager.java:processAll(330)) - Replication Manager is not ready to run until 3000ms after safemode exit
2023-01-10 01:13:33,898 [Listener at 127.0.0.1/41315] INFO  ipc.CallQueueManager (CallQueueManager.java:<init>(90)) - Using callQueue: class java.util.concurrent.LinkedBlockingQueue, queueCapacity: 2000, scheduler: class org.apache.hadoop.ipc.DefaultRpcScheduler, ipcBackoff: false.
2023-01-10 01:13:33,899 [Socket Reader #1 for port 0] INFO  ipc.Server (Server.java:run(1273)) - Starting Socket Reader #1 for port 0
2023-01-10 01:13:33,899 [Listener at 0.0.0.0/39419] INFO  ipc.CallQueueManager (CallQueueManager.java:<init>(90)) - Using callQueue: class java.util.concurrent.LinkedBlockingQueue, queueCapacity: 2000, scheduler: class org.apache.hadoop.ipc.DefaultRpcScheduler, ipcBackoff: false.
2023-01-10 01:13:33,900 [Socket Reader #1 for port 0] INFO  ipc.Server (Server.java:run(1273)) - Starting Socket Reader #1 for port 0
2023-01-10 01:13:33,900 [Listener at 0.0.0.0/39869] INFO  ipc.CallQueueManager (CallQueueManager.java:<init>(90)) - Using callQueue: class java.util.concurrent.LinkedBlockingQueue, queueCapacity: 2000, scheduler: class org.apache.hadoop.ipc.DefaultRpcScheduler, ipcBackoff: false.
2023-01-10 01:13:33,906 [Socket Reader #1 for port 0] INFO  ipc.Server (Server.java:run(1273)) - Starting Socket Reader #1 for port 0
2023-01-10 01:13:33,909 [Listener at 0.0.0.0/44045] INFO  ha.SCMServiceManager (SCMServiceManager.java:register(42)) - Registering service ContainerBalancer.
2023-01-10 01:13:33,909 [Listener at 0.0.0.0/44045] INFO  server.StorageContainerManager (StorageContainerManager.java:<init>(399)) - 
Container Balancer status:
Key                            Value
Running                        true
Container Balancer Configuration values:
Key                                                Value
Threshold                                          10
Max Datanodes to Involve per Iteration(percent)    20
Max Size to Move per Iteration                     500GB
Max Size Entering Target per Iteration             26GB
Max Size Leaving Source per Iteration              26GB

2023-01-10 01:13:33,910 [Listener at 0.0.0.0/44045] INFO  ha.SCMContext (SCMContext.java:updateSafeModeStatus(228)) - Update SafeModeStatus from SafeModeStatus{safeModeStatus=true, preCheckPassed=false} to SafeModeStatus{safeModeStatus=true, preCheckPassed=false}.
2023-01-10 01:13:33,910 [Listener at 0.0.0.0/44045] INFO  server.StorageContainerManager (StorageContainerManager.java:start(1426)) - StorageContainerLocationProtocol RPC server is listening at /0.0.0.0:44045
2023-01-10 01:13:33,911 [Listener at 0.0.0.0/44045] WARN  impl.MetricsConfig (MetricsConfig.java:loadFirst(136)) - Cannot locate configuration: tried hadoop-metrics2-storagecontainermanager.properties,hadoop-metrics2.properties
2023-01-10 01:13:33,917 [Listener at 0.0.0.0/44045] INFO  impl.MetricsSystemImpl (MetricsSystemImpl.java:startTimer(378)) - Scheduled Metric snapshot period at 10 second(s).
2023-01-10 01:13:33,917 [Listener at 0.0.0.0/44045] INFO  impl.MetricsSystemImpl (MetricsSystemImpl.java:start(191)) - StorageContainerManager metrics system started
2023-01-10 01:13:33,921 [Listener at 0.0.0.0/44045] INFO  impl.MetricsSinkAdapter (MetricsSinkAdapter.java:start(204)) - Sink prometheus started
2023-01-10 01:13:33,922 [Listener at 0.0.0.0/44045] INFO  impl.MetricsSystemImpl (MetricsSystemImpl.java:registerSink(305)) - Registered sink prometheus
2023-01-10 01:13:33,954 [Listener at 0.0.0.0/44045] INFO  server.SCMClientProtocolServer (SCMClientProtocolServer.java:start(170)) - RPC server for Client  is listening at /0.0.0.0:44045
2023-01-10 01:13:33,956 [IPC Server Responder] INFO  ipc.Server (Server.java:run(1512)) - IPC Server Responder: starting
2023-01-10 01:13:33,957 [IPC Server listener on 0] INFO  ipc.Server (Server.java:run(1352)) - IPC Server listener on 0: starting
2023-01-10 01:13:33,959 [Listener at 0.0.0.0/44045] INFO  server.StorageContainerManager (StorageContainerManager.java:start(1440)) - ScmBlockLocationProtocol RPC server is listening at /0.0.0.0:39869
2023-01-10 01:13:33,959 [Listener at 0.0.0.0/44045] INFO  server.SCMBlockProtocolServer (SCMBlockProtocolServer.java:start(152)) - RPC server for Block Protocol is listening at /0.0.0.0:39869
2023-01-10 01:13:33,960 [IPC Server Responder] INFO  ipc.Server (Server.java:run(1512)) - IPC Server Responder: starting
2023-01-10 01:13:33,960 [IPC Server listener on 0] INFO  ipc.Server (Server.java:run(1352)) - IPC Server listener on 0: starting
2023-01-10 01:13:33,963 [Listener at 0.0.0.0/44045] INFO  server.SCMDatanodeProtocolServer (SCMDatanodeProtocolServer.java:start(194)) - ScmDatanodeProtocol RPC server for DataNodes is listening at /0.0.0.0:39419
2023-01-10 01:13:33,963 [IPC Server Responder] INFO  ipc.Server (Server.java:run(1512)) - IPC Server Responder: starting
2023-01-10 01:13:33,964 [IPC Server listener on 0] INFO  ipc.Server (Server.java:run(1352)) - IPC Server listener on 0: starting
2023-01-10 01:13:33,970 [Listener at 0.0.0.0/44045] INFO  http.BaseHttpServer (BaseHttpServer.java:newHttpServer2BuilderForOzone(213)) - Starting Web-server for scm at: http://0.0.0.0:0
2023-01-10 01:13:33,970 [org.apache.hadoop.util.JvmPauseMonitor$Monitor@ff6020f] INFO  util.JvmPauseMonitor (JvmPauseMonitor.java:run(188)) - Starting JVM pause monitor
2023-01-10 01:13:33,970 [Listener at 0.0.0.0/44045] INFO  http.BaseHttpServer (BaseHttpServer.java:<init>(108)) - Hadoop Security Enabled: false Ozone Security Enabled: false Ozone HTTP Security Enabled: false 
2023-01-10 01:13:33,971 [Listener at 0.0.0.0/44045] WARN  server.AuthenticationFilter (AuthenticationFilter.java:constructSecretProvider(240)) - Unable to initialize FileSignerSecretProvider, falling back to use random secrets. Reason: Could not read signature secret file: /home/runner/hadoop-http-auth-signature-secret
2023-01-10 01:13:33,972 [Listener at 0.0.0.0/44045] WARN  http.HttpRequestLog (HttpRequestLog.java:getRequestLog(103)) - Jetty request log can only be enabled using Log4j
2023-01-10 01:13:33,973 [Listener at 0.0.0.0/44045] INFO  http.HttpServer2 (HttpServer2.java:addGlobalFilter(1031)) - Added global filter 'safety' (class=org.apache.hadoop.hdds.server.http.HttpServer2$QuotingInputFilter)
2023-01-10 01:13:33,974 [Listener at 0.0.0.0/44045] INFO  http.HttpServer2 (HttpServer2.java:addFilter(1007)) - Added filter static_user_filter (class=org.apache.hadoop.http.lib.StaticUserWebFilter$StaticUserFilter) to context scm
2023-01-10 01:13:33,974 [Listener at 0.0.0.0/44045] INFO  http.HttpServer2 (HttpServer2.java:addFilter(1015)) - Added filter static_user_filter (class=org.apache.hadoop.http.lib.StaticUserWebFilter$StaticUserFilter) to context static
2023-01-10 01:13:33,974 [Listener at 0.0.0.0/44045] INFO  http.HttpServer2 (HttpServer2.java:addFilter(1015)) - Added filter static_user_filter (class=org.apache.hadoop.http.lib.StaticUserWebFilter$StaticUserFilter) to context logs
2023-01-10 01:13:33,975 [Listener at 0.0.0.0/44045] INFO  http.HttpServer2 (HttpServer2.java:bindListener(1250)) - Jetty bound to port 34517
2023-01-10 01:13:33,975 [Listener at 0.0.0.0/44045] INFO  server.Server (Server.java:doStart(375)) - jetty-9.4.49.v20220914; built: 2022-09-14T01:07:36.601Z; git: 4231a3b2e4cb8548a412a789936d640a97b1aa0a; jvm 1.8.0_352-b08
2023-01-10 01:13:33,976 [Listener at 0.0.0.0/44045] INFO  server.session (DefaultSessionIdManager.java:doStart(334)) - DefaultSessionIdManager workerName=node0
2023-01-10 01:13:33,976 [Listener at 0.0.0.0/44045] INFO  server.session (DefaultSessionIdManager.java:doStart(339)) - No SessionScavenger set, using defaults
2023-01-10 01:13:33,977 [Listener at 0.0.0.0/44045] INFO  server.session (HouseKeeper.java:startScavenging(132)) - node0 Scavenging every 660000ms
2023-01-10 01:13:33,977 [Listener at 0.0.0.0/44045] INFO  handler.ContextHandler (ContextHandler.java:doStart(921)) - Started o.e.j.s.ServletContextHandler@390af2f0{logs,/logs,file:///home/runner/work/ozone/ozone/hadoop-ozone/integration-test/target/log,AVAILABLE}
2023-01-10 01:13:33,978 [Listener at 0.0.0.0/44045] INFO  handler.ContextHandler (ContextHandler.java:doStart(921)) - Started o.e.j.s.ServletContextHandler@25745731{static,/static,file:///home/runner/work/ozone/ozone/hadoop-ozone/integration-test/target/test-classes/webapps/static,AVAILABLE}
2023-01-10 01:13:33,980 [Listener at 0.0.0.0/44045] INFO  handler.ContextHandler (ContextHandler.java:doStart(921)) - Started o.e.j.w.WebAppContext@6e69b9f3{scm,/,file:///home/runner/work/ozone/ozone/hadoop-ozone/integration-test/target/test-classes/webapps/scm/,AVAILABLE}{file:/home/runner/work/ozone/ozone/hadoop-ozone/integration-test/target/test-classes/webapps/scm}
2023-01-10 01:13:33,981 [Listener at 0.0.0.0/44045] INFO  server.AbstractConnector (AbstractConnector.java:doStart(333)) - Started ServerConnector@65d3668{HTTP/1.1, (http/1.1)}{0.0.0.0:34517}
2023-01-10 01:13:33,981 [Listener at 0.0.0.0/44045] INFO  server.Server (Server.java:doStart(415)) - Started @115583ms
2023-01-10 01:13:33,982 [Listener at 0.0.0.0/44045] WARN  impl.MetricsSystemImpl (MetricsSystemImpl.java:register(279)) - Sink prometheus already exists!
2023-01-10 01:13:33,982 [Listener at 0.0.0.0/44045] INFO  http.BaseHttpServer (BaseHttpServer.java:updateConnectorAddress(333)) - HTTP server of scm listening at http://0.0.0.0:34517
2023-01-10 01:13:33,982 [Listener at 0.0.0.0/44045] WARN  server.ServerUtils (ServerUtils.java:getDBPath(225)) - ozone.om.db.dirs is not configured. We recommend adding this setting. Falling back to ozone.metadata.dirs instead.
2023-01-10 01:13:33,984 [Listener at 0.0.0.0/44045] INFO  ha.OMHANodeDetails (OMHANodeDetails.java:loadOMHAConfig(115)) - ozone.om.internal.service.id is not defined, falling back to ozone.om.service.ids to find serviceID for OzoneManager if it is HA enabled cluster
2023-01-10 01:13:33,984 [Listener at 0.0.0.0/44045] INFO  ha.OMHANodeDetails (OMHANodeDetails.java:loadOMHAConfig(226)) - Configuration does not have ozone.om.address set. Falling back to the default OM address /127.0.0.1:0
2023-01-10 01:13:33,984 [Listener at 0.0.0.0/44045] INFO  ha.OMHANodeDetails (OMHANodeDetails.java:getOMNodeDetailsForNonHA(254)) - OM Service ID is not set. Setting it to the default ID: omServiceIdDefault
2023-01-10 01:13:33,985 [Listener at 0.0.0.0/44045] INFO  ha.OMHANodeDetails (OMHANodeDetails.java:getOMNodeDetailsForNonHA(261)) - OM Node ID is not set. Setting it to the default ID: om1
2023-01-10 01:13:33,985 [Listener at 0.0.0.0/44045] WARN  server.ServerUtils (ServerUtils.java:getDBPath(225)) - ozone.om.db.dirs is not configured. We recommend adding this setting. Falling back to ozone.metadata.dirs instead.
2023-01-10 01:13:33,985 [Listener at 0.0.0.0/44045] INFO  upgrade.AbstractLayoutVersionManager (AbstractLayoutVersionManager.java:init(83)) - Initializing Layout version manager with metadata layout = MULTITENANCY_SCHEMA (version = 3), software layout = MULTITENANCY_SCHEMA (version = 3)
2023-01-10 01:13:34,044 [Listener at 0.0.0.0/44045] INFO  reflections.Reflections (Reflections.java:scan(232)) - Reflections took 58 ms to scan 2 urls, producing 155 keys and 428 values [using 2 cores]
2023-01-10 01:13:34,044 [Listener at 0.0.0.0/44045] INFO  upgrade.OMLayoutVersionManager (OMLayoutVersionManager.java:lambda$0(115)) - Skipping Upgrade Action MockOmUpgradeAction since it has been finalized.
2023-01-10 01:13:34,044 [Listener at 0.0.0.0/44045] WARN  server.ServerUtils (ServerUtils.java:getDBPath(225)) - ozone.om.db.dirs is not configured. We recommend adding this setting. Falling back to ozone.metadata.dirs instead.
2023-01-10 01:13:34,046 [Listener at 0.0.0.0/44045] INFO  proxy.SCMBlockLocationFailoverProxyProvider (SCMBlockLocationFailoverProxyProvider.java:<init>(114)) - Created block location fail-over proxy with 1 nodes: [nodeId=scmNodeId,nodeAddress=/0.0.0.0:39869]
2023-01-10 01:13:34,047 [Listener at 0.0.0.0/44045] INFO  proxy.SCMBlockLocationFailoverProxyProvider (SCMBlockLocationFailoverProxyProvider.java:<init>(114)) - Created block location fail-over proxy with 1 nodes: [nodeId=scmNodeId,nodeAddress=/0.0.0.0:39869]
2023-01-10 01:13:34,052 [Listener at 0.0.0.0/44045] WARN  server.ServerUtils (ServerUtils.java:getDBPath(225)) - ozone.om.db.dirs is not configured. We recommend adding this setting. Falling back to ozone.metadata.dirs instead.
2023-01-10 01:13:34,053 [Listener at 0.0.0.0/44045] INFO  codec.OmKeyInfoCodec (OmKeyInfoCodec.java:<init>(49)) - OmKeyInfoCodec ignorePipeline = true
2023-01-10 01:13:34,053 [Listener at 0.0.0.0/44045] INFO  codec.RepeatedOmKeyInfoCodec (RepeatedOmKeyInfoCodec.java:<init>(41)) - RepeatedOmKeyInfoCodec ignorePipeline = true
2023-01-10 01:13:34,196 [Listener at 0.0.0.0/44045] INFO  om.OzoneManager (OzoneManager.java:instantiateServices(716)) - S3 Multi-Tenancy is disabled
2023-01-10 01:13:34,198 [Listener at 0.0.0.0/44045] INFO  om.OzoneManager (OzoneManager.java:addS3GVolumeToDB(4286)) - Created Volume s3v With Owner runner required for S3Gateway operations.
2023-01-10 01:13:34,198 [Listener at 0.0.0.0/44045] WARN  server.ServerUtils (ServerUtils.java:getDefaultRatisDirectory(237)) - Storage directory for Ratis is not configured. It is a good idea to map this to an SSD disk. Falling back to ozone.metadata.dirs
2023-01-10 01:13:34,198 [Listener at 0.0.0.0/44045] WARN  utils.OzoneManagerRatisUtils (OzoneManagerRatisUtils.java:getOMRatisSnapshotDirectory(431)) - ozone.om.ratis.snapshot.dir is not configured. Falling back to ozone.metadata.dirs config
2023-01-10 01:13:34,198 [Listener at 0.0.0.0/44045] WARN  server.ServerUtils (ServerUtils.java:getDefaultRatisDirectory(237)) - Storage directory for Ratis is not configured. It is a good idea to map this to an SSD disk. Falling back to ozone.metadata.dirs
2023-01-10 01:13:34,199 [Listener at 0.0.0.0/44045] INFO  ratis.OzoneManagerRatisServer (OzoneManagerRatisServer.java:<init>(160)) - Instantiating OM Ratis server with groupID: omServiceIdDefault and peers: localhost:9872
2023-01-10 01:13:34,200 [Listener at 0.0.0.0/44045] INFO  ratis.OzoneManagerStateMachine (OzoneManagerStateMachine.java:loadSnapshotInfoFromDB(636)) - LastAppliedIndex is set from TransactionInfo from OM DB as (t:0, i:~)
2023-01-10 01:13:34,200 [Listener at 0.0.0.0/44045] INFO  server.RaftServer (ConfUtils.java:logGet(46)) - raft.rpc.type = GRPC (default)
2023-01-10 01:13:34,200 [Listener at 0.0.0.0/44045] INFO  grpc.GrpcConfigKeys (ConfUtils.java:logFallback(53)) - raft.grpc.admin.host = null (fallback to raft.grpc.server.host)
2023-01-10 01:13:34,200 [Listener at 0.0.0.0/44045] INFO  grpc.GrpcConfigKeys (ConfUtils.java:logFallback(53)) - raft.grpc.admin.port = 9872 (fallback to raft.grpc.server.port)
2023-01-10 01:13:34,200 [Listener at 0.0.0.0/44045] INFO  grpc.GrpcConfigKeys (ConfUtils.java:logFallback(53)) - raft.grpc.client.host = null (fallback to raft.grpc.server.host)
2023-01-10 01:13:34,200 [Listener at 0.0.0.0/44045] INFO  grpc.GrpcConfigKeys (ConfUtils.java:logFallback(53)) - raft.grpc.client.port = 9872 (fallback to raft.grpc.server.port)
2023-01-10 01:13:34,201 [Listener at 0.0.0.0/44045] INFO  grpc.GrpcConfigKeys (ConfUtils.java:logGet(46)) - raft.grpc.server.host = null (default)
2023-01-10 01:13:34,201 [Listener at 0.0.0.0/44045] INFO  grpc.GrpcConfigKeys (ConfUtils.java:logGet(46)) - raft.grpc.server.port = 9872 (custom)
2023-01-10 01:13:34,201 [Listener at 0.0.0.0/44045] INFO  server.GrpcService (ConfUtils.java:logGet(46)) - raft.grpc.message.size.max = 33554432 (custom)
2023-01-10 01:13:34,201 [Listener at 0.0.0.0/44045] INFO  server.RaftServerConfigKeys (ConfUtils.java:logGet(46)) - raft.server.log.appender.buffer.byte-limit = 33554432 (custom)
2023-01-10 01:13:34,201 [Listener at 0.0.0.0/44045] INFO  server.GrpcService (ConfUtils.java:logGet(46)) - raft.grpc.flow.control.window = 1MB (=1048576) (default)
2023-01-10 01:13:34,201 [Listener at 0.0.0.0/44045] INFO  server.RaftServerConfigKeys (ConfUtils.java:logGet(46)) - raft.server.rpc.request.timeout = 3000ms (default)
2023-01-10 01:13:34,201 [Listener at 0.0.0.0/44045] INFO  grpc.GrpcConfigKeys (ConfUtils.java:logGet(46)) - raft.grpc.server.heartbeat.channel = true (default)
2023-01-10 01:13:34,201 [Listener at 0.0.0.0/44045] INFO  grpc.GrpcConfigKeys (ConfUtils.java:logGet(46)) - raft.grpc.server.async.request.thread.pool.cached = true (default)
2023-01-10 01:13:34,202 [Listener at 0.0.0.0/44045] INFO  grpc.GrpcConfigKeys (ConfUtils.java:logGet(46)) - raft.grpc.server.async.request.thread.pool.size = 32 (default)
2023-01-10 01:13:34,203 [Listener at 0.0.0.0/44045] INFO  impl.DataStreamServerImpl (ConfUtils.java:logGet(46)) - raft.datastream.type = NETTY (custom)
2023-01-10 01:13:34,203 [Listener at 0.0.0.0/44045] INFO  server.RaftServerConfigKeys (ConfUtils.java:logGet(46)) - raft.server.data-stream.async.request.thread.pool.cached = false (default)
2023-01-10 01:13:34,203 [Listener at 0.0.0.0/44045] INFO  server.RaftServerConfigKeys (ConfUtils.java:logGet(46)) - raft.server.data-stream.async.request.thread.pool.size = 32 (default)
2023-01-10 01:13:34,203 [Listener at 0.0.0.0/44045] INFO  server.RaftServerConfigKeys (ConfUtils.java:logGet(46)) - raft.server.data-stream.async.write.thread.pool.size = 16 (default)
2023-01-10 01:13:34,203 [Listener at 0.0.0.0/44045] INFO  server.RaftServerConfigKeys (ConfUtils.java:logGet(46)) - raft.server.data-stream.client.pool.size = 10 (default)
2023-01-10 01:13:34,204 [Listener at 0.0.0.0/44045] INFO  netty.NettyConfigKeys$DataStream (ConfUtils.java:logGet(46)) - raft.netty.dataStream.server.use-epoll = false (default)
2023-01-10 01:13:34,204 [Listener at 0.0.0.0/44045] INFO  netty.NettyConfigKeys$DataStream (ConfUtils.java:logGet(46)) - raft.netty.dataStream.server.boss-group.size = 0 (default)
2023-01-10 01:13:34,204 [Listener at 0.0.0.0/44045] INFO  netty.NettyConfigKeys$DataStream (ConfUtils.java:logGet(46)) - raft.netty.dataStream.server.worker-group.size = 0 (default)
2023-01-10 01:13:34,204 [Listener at 0.0.0.0/44045] INFO  netty.NettyConfigKeys$DataStream (ConfUtils.java:logGet(46)) - raft.netty.dataStream.server.tls.conf = null (default)
2023-01-10 01:13:34,204 [Listener at 0.0.0.0/44045] INFO  netty.NettyConfigKeys$DataStream (ConfUtils.java:logGet(46)) - raft.netty.dataStream.host = null (default)
2023-01-10 01:13:34,205 [Listener at 0.0.0.0/44045] INFO  netty.NettyConfigKeys$DataStream (ConfUtils.java:logGet(46)) - raft.netty.dataStream.port = 0 (default)
2023-01-10 01:13:34,205 [Listener at 0.0.0.0/44045] INFO  server.RaftServerConfigKeys (ConfUtils.java:logGet(46)) - raft.server.threadpool.proxy.cached = true (default)
2023-01-10 01:13:34,205 [Listener at 0.0.0.0/44045] INFO  server.RaftServerConfigKeys (ConfUtils.java:logGet(46)) - raft.server.threadpool.proxy.size = 0 (default)
2023-01-10 01:13:34,205 [om1-NettyServerStreamRpc-bossGroup--thread1] INFO  logging.LoggingHandler (AbstractInternalLogger.java:log(148)) - [id: 0xb6fc2850] REGISTERED
2023-01-10 01:13:34,205 [Listener at 0.0.0.0/44045] INFO  server.RaftServerConfigKeys (ConfUtils.java:logGet(46)) - raft.server.rpc.slowness.timeout = 120s (custom)
2023-01-10 01:13:34,206 [om1-NettyServerStreamRpc-bossGroup--thread1] INFO  logging.LoggingHandler (AbstractInternalLogger.java:log(148)) - [id: 0xb6fc2850] BIND: 0.0.0.0/0.0.0.0:0
2023-01-10 01:13:34,206 [Listener at 0.0.0.0/44045] INFO  server.RaftServerConfigKeys (ConfUtils.java:logGet(46)) - raft.server.leaderelection.leader.step-down.wait-time = 10s (default)
2023-01-10 01:13:34,206 [om1-NettyServerStreamRpc-bossGroup--thread1] INFO  logging.LoggingHandler (AbstractInternalLogger.java:log(148)) - [id: 0xb6fc2850, L:/0:0:0:0:0:0:0:0:36857] ACTIVE
2023-01-10 01:13:34,206 [Listener at 0.0.0.0/44045] INFO  server.RaftServerConfigKeys (ConfUtils.java:logGet(46)) - raft.server.storage.dir = [/home/runner/work/ozone/ozone/hadoop-ozone/integration-test/target/test-dir/MiniOzoneClusterImpl-62525788-12f1-42f6-8834-316215afea77/ozone-meta/ratis] (custom)
2023-01-10 01:13:34,206 [Listener at 0.0.0.0/44045] INFO  server.RaftServer (RaftServerProxy.java:addNew(96)) - om1: addNew group-C5BA1605619E:[om1|rpc:localhost:9872|priority:0|startupRole:FOLLOWER] returns group-C5BA1605619E:java.util.concurrent.CompletableFuture@293ea6a[Not completed]
2023-01-10 01:13:34,207 [Listener at 0.0.0.0/44045] INFO  om.OzoneManager (OzoneManager.java:initializeRatisServer(1981)) - OzoneManager Ratis server initialized at port 9872
2023-01-10 01:13:34,207 [pool-526-thread-1] INFO  server.RaftServer$Division (RaftServerImpl.java:<init>(195)) - om1: new RaftServerImpl for group-C5BA1605619E:[om1|rpc:localhost:9872|priority:0|startupRole:FOLLOWER] with OzoneManagerStateMachine:uninitialized
2023-01-10 01:13:34,207 [pool-526-thread-1] INFO  server.RaftServerConfigKeys (ConfUtils.java:logGet(46)) - raft.server.rpc.timeout.min = 1s (custom)
2023-01-10 01:13:34,207 [pool-526-thread-1] INFO  server.RaftServerConfigKeys (ConfUtils.java:logGet(46)) - raft.server.rpc.timeout.max = 1200ms (custom)
2023-01-10 01:13:34,207 [pool-526-thread-1] INFO  server.RaftServerConfigKeys (ConfUtils.java:logGet(46)) - raft.server.rpc.sleep.time = 25ms (default)
2023-01-10 01:13:34,207 [pool-526-thread-1] INFO  server.RaftServerConfigKeys (ConfUtils.java:logGet(46)) - raft.server.rpc.slowness.timeout = 120s (custom)
2023-01-10 01:13:34,207 [Listener at 0.0.0.0/44045] INFO  om.OzoneManager (OzoneManager.java:getRpcServer(1106)) - Creating RPC Server
2023-01-10 01:13:34,209 [pool-526-thread-1] INFO  server.RaftServerConfigKeys (ConfUtils.java:logGet(46)) - raft.server.leaderelection.leader.step-down.wait-time = 10s (default)
2023-01-10 01:13:34,209 [pool-526-thread-1] INFO  server.RaftServerConfigKeys (ConfUtils.java:logGet(46)) - raft.server.sleep.deviation.threshold = 300ms (default)
2023-01-10 01:13:34,209 [pool-526-thread-1] INFO  server.RaftServer$Division (ServerState.java:<init>(118)) - om1@group-C5BA1605619E: ConfigurationManager, init=-1: peers:[om1|rpc:localhost:9872|priority:0|startupRole:FOLLOWER]|listeners:[], old=null, confs=<EMPTY_MAP>
2023-01-10 01:13:34,209 [pool-526-thread-1] INFO  server.RaftServerConfigKeys (ConfUtils.java:logGet(46)) - raft.server.storage.dir = [/home/runner/work/ozone/ozone/hadoop-ozone/integration-test/target/test-dir/MiniOzoneClusterImpl-62525788-12f1-42f6-8834-316215afea77/ozone-meta/ratis] (custom)
2023-01-10 01:13:34,209 [pool-526-thread-1] INFO  server.RaftServerConfigKeys (ConfUtils.java:logGet(46)) - raft.server.log.corruption.policy = EXCEPTION (default)
2023-01-10 01:13:34,209 [pool-526-thread-1] INFO  server.RaftServerConfigKeys (ConfUtils.java:logGet(46)) - raft.server.storage.free-space.min = 0MB (=0) (default)
2023-01-10 01:13:34,209 [pool-526-thread-1] INFO  server.RaftServerConfigKeys (ConfUtils.java:logGet(46)) - raft.server.notification.no-leader.timeout = 120s (custom)
2023-01-10 01:13:34,210 [pool-526-thread-1] INFO  server.RaftServerConfigKeys (ConfUtils.java:logGet(46)) - raft.server.retrycache.expirytime = 300s (custom)
2023-01-10 01:13:34,210 [pool-526-thread-1] INFO  server.RaftServerConfigKeys (ConfUtils.java:logGet(46)) - raft.server.retrycache.statistics.expirytime = 100μs (default)
2023-01-10 01:13:34,210 [pool-526-thread-1] INFO  server.RaftServerConfigKeys (ConfUtils.java:logGet(46)) - raft.server.log.appender.install.snapshot.enabled = false (custom)
2023-01-10 01:13:34,210 [pool-526-thread-1] INFO  server.RaftServerConfigKeys (ConfUtils.java:logGet(46)) - raft.server.threadpool.server.cached = true (default)
2023-01-10 01:13:34,210 [pool-526-thread-1] INFO  server.RaftServerConfigKeys (ConfUtils.java:logGet(46)) - raft.server.threadpool.server.size = 0 (default)
2023-01-10 01:13:34,210 [pool-526-thread-1] INFO  server.RaftServerConfigKeys (ConfUtils.java:logGet(46)) - raft.server.threadpool.client.cached = true (default)
2023-01-10 01:13:34,210 [pool-526-thread-1] INFO  server.RaftServerConfigKeys (ConfUtils.java:logGet(46)) - raft.server.threadpool.client.size = 0 (default)
2023-01-10 01:13:34,501 [Listener at 0.0.0.0/44045] INFO  reflections.Reflections (Reflections.java:scan(232)) - Reflections took 291 ms to scan 19 urls, producing 67 keys and 4555 values [using 2 cores]
2023-01-10 01:13:34,503 [Listener at 0.0.0.0/44045] INFO  ipc.CallQueueManager (CallQueueManager.java:<init>(90)) - Using callQueue: class java.util.concurrent.LinkedBlockingQueue, queueCapacity: 2000, scheduler: class org.apache.hadoop.ipc.DefaultRpcScheduler, ipcBackoff: false.
2023-01-10 01:13:34,503 [Socket Reader #1 for port 0] INFO  ipc.Server (Server.java:run(1273)) - Starting Socket Reader #1 for port 0
2023-01-10 01:13:34,521 [Listener at 127.0.0.1/44191] INFO  impl.MetricsSystemImpl (MetricsSystemImpl.java:init(158)) - OzoneManager metrics system started (again)
2023-01-10 01:13:34,531 [Listener at 127.0.0.1/44191] INFO  om.OzoneManager (OzoneManager.java:start(1488)) - OzoneManager RPC server is listening at localhost/127.0.0.1:44191
2023-01-10 01:13:34,531 [Listener at 127.0.0.1/44191] INFO  ratis.OzoneManagerRatisServer (OzoneManagerRatisServer.java:start(555)) - Starting OzoneManagerRatisServer om1 at port 9872
2023-01-10 01:13:34,532 [om1-impl-thread1] INFO  storage.RaftStorageDirectory (RaftStorageDirectoryImpl.java:analyzeStorage(137)) - The storage directory /home/runner/work/ozone/ozone/hadoop-ozone/integration-test/target/test-dir/MiniOzoneClusterImpl-62525788-12f1-42f6-8834-316215afea77/ozone-meta/ratis/bf265839-605b-3f16-9796-c5ba1605619e does not exist. Creating ...
2023-01-10 01:13:34,533 [om1-impl-thread1] INFO  storage.RaftStorageDirectory (RaftStorageDirectoryImpl.java:tryLock(231)) - Lock on /home/runner/work/ozone/ozone/hadoop-ozone/integration-test/target/test-dir/MiniOzoneClusterImpl-62525788-12f1-42f6-8834-316215afea77/ozone-meta/ratis/bf265839-605b-3f16-9796-c5ba1605619e/in_use.lock acquired by nodename 10631@fv-az353-623
2023-01-10 01:13:34,534 [om1-impl-thread1] INFO  storage.RaftStorage (RaftStorageImpl.java:format(96)) - Storage directory /home/runner/work/ozone/ozone/hadoop-ozone/integration-test/target/test-dir/MiniOzoneClusterImpl-62525788-12f1-42f6-8834-316215afea77/ozone-meta/ratis/bf265839-605b-3f16-9796-c5ba1605619e has been successfully formatted.
2023-01-10 01:13:34,535 [om1-impl-thread1] INFO  server.RaftServerConfigKeys (ConfUtils.java:logGet(46)) - raft.server.log.use.memory = false (default)
2023-01-10 01:13:34,535 [om1-impl-thread1] INFO  server.RaftServerConfigKeys (ConfUtils.java:logGet(46)) - raft.server.log.purge.gap = 1000000 (custom)
2023-01-10 01:13:34,535 [om1-impl-thread1] INFO  server.RaftServerConfigKeys (ConfUtils.java:logGet(46)) - raft.server.log.appender.buffer.byte-limit = 33554432 (custom)
2023-01-10 01:13:34,535 [om1-impl-thread1] INFO  server.RaftServerConfigKeys (ConfUtils.java:logGet(46)) - raft.server.log.statemachine.data.read.timeout = 1000ms (default)
2023-01-10 01:13:34,535 [om1-impl-thread1] INFO  server.RaftServerConfigKeys (ConfUtils.java:logGet(46)) - raft.server.log.purge.preservation.log.num = 0 (default)
2023-01-10 01:13:34,535 [om1-impl-thread1] INFO  server.RaftServerConfigKeys (ConfUtils.java:logGet(46)) - raft.server.log.segment.size.max = 4194304 (custom)
2023-01-10 01:13:34,535 [om1-impl-thread1] INFO  server.RaftServerConfigKeys (ConfUtils.java:logGet(46)) - raft.server.log.segment.cache.num.max = 2 (custom)
2023-01-10 01:13:34,535 [om1-impl-thread1] INFO  server.RaftServerConfigKeys (ConfUtils.java:logGet(46)) - raft.server.log.segment.cache.size.max = 200MB (=209715200) (default)
2023-01-10 01:13:34,535 [om1-impl-thread1] INFO  segmented.SegmentedRaftLogWorker (SegmentedRaftLogWorker.java:<init>(189)) - new om1@group-C5BA1605619E-SegmentedRaftLogWorker for RaftStorageImpl:Storage Directory /home/runner/work/ozone/ozone/hadoop-ozone/integration-test/target/test-dir/MiniOzoneClusterImpl-62525788-12f1-42f6-8834-316215afea77/ozone-meta/ratis/bf265839-605b-3f16-9796-c5ba1605619e
2023-01-10 01:13:34,535 [om1-impl-thread1] INFO  server.RaftServerConfigKeys (ConfUtils.java:logGet(46)) - raft.server.log.queue.byte-limit = 64MB (=67108864) (default)
2023-01-10 01:13:34,535 [om1-impl-thread1] INFO  server.RaftServerConfigKeys (ConfUtils.java:logGet(46)) - raft.server.log.queue.element-limit = 4096 (default)
2023-01-10 01:13:34,535 [om1-impl-thread1] INFO  server.RaftServerConfigKeys (ConfUtils.java:logGet(46)) - raft.server.log.segment.size.max = 4194304 (custom)
2023-01-10 01:13:34,535 [om1-impl-thread1] INFO  server.RaftServerConfigKeys (ConfUtils.java:logGet(46)) - raft.server.log.preallocated.size = 4194304 (custom)
2023-01-10 01:13:34,535 [om1-impl-thread1] INFO  server.RaftServerConfigKeys (ConfUtils.java:logGet(46)) - raft.server.log.force.sync.num = 128 (default)
2023-01-10 01:13:34,535 [om1-impl-thread1] INFO  server.RaftServerConfigKeys (ConfUtils.java:logGet(46)) - raft.server.log.statemachine.data.sync = true (default)
2023-01-10 01:13:34,535 [om1-impl-thread1] INFO  server.RaftServerConfigKeys (ConfUtils.java:logGet(46)) - raft.server.log.statemachine.data.sync.timeout = 10s (default)
2023-01-10 01:13:34,535 [om1-impl-thread1] INFO  server.RaftServerConfigKeys (ConfUtils.java:logGet(46)) - raft.server.log.statemachine.data.sync.timeout.retry = -1 (default)
2023-01-10 01:13:34,536 [om1-impl-thread1] INFO  server.RaftServerConfigKeys (ConfUtils.java:logGet(46)) - raft.server.log.write.buffer.size = 64KB (=65536) (default)
2023-01-10 01:13:34,536 [om1-impl-thread1] INFO  server.RaftServerConfigKeys (ConfUtils.java:logGet(46)) - raft.server.log.appender.buffer.byte-limit = 33554432 (custom)
2023-01-10 01:13:34,540 [om1-impl-thread1] INFO  server.RaftServerConfigKeys (ConfUtils.java:logGet(46)) - raft.server.log.unsafe-flush.enabled = false (default)
2023-01-10 01:13:34,540 [om1-impl-thread1] INFO  server.RaftServerConfigKeys (ConfUtils.java:logGet(46)) - raft.server.log.async-flush.enabled = false (default)
2023-01-10 01:13:34,541 [om1-impl-thread1] INFO  server.RaftServerConfigKeys (ConfUtils.java:logGet(46)) - raft.server.log.statemachine.data.caching.enabled = false (default)
2023-01-10 01:13:34,541 [om1-impl-thread1] INFO  segmented.SegmentedRaftLogWorker (SegmentedRaftLogWorker.java:lambda$new$0(135)) - om1@group-C5BA1605619E-SegmentedRaftLogWorker: flushIndex: setUnconditionally 0 -> -1
2023-01-10 01:13:34,541 [om1-impl-thread1] INFO  segmented.SegmentedRaftLogWorker (SegmentedRaftLogWorker.java:lambda$new$0(135)) - om1@group-C5BA1605619E-SegmentedRaftLogWorker: safeCacheEvictIndex: setUnconditionally 0 -> -1
2023-01-10 01:13:34,541 [om1-impl-thread1] INFO  server.RaftServer$Division (RaftServerImpl.java:start(334)) - om1@group-C5BA1605619E: start as a follower, conf=-1: peers:[om1|rpc:localhost:9872|priority:0|startupRole:FOLLOWER]|listeners:[], old=null
2023-01-10 01:13:34,541 [om1-impl-thread1] INFO  server.RaftServer$Division (RaftServerImpl.java:setRole(321)) - om1@group-C5BA1605619E: changes role from      null to FOLLOWER at term 0 for startAsFollower
2023-01-10 01:13:34,541 [om1-impl-thread1] INFO  impl.RoleInfo (RoleInfo.java:updateAndGet(139)) - om1: start om1@group-C5BA1605619E-FollowerState
2023-01-10 01:13:34,541 [om1-impl-thread1] INFO  util.JmxRegister (JmxRegister.java:tryRegister(44)) - Successfully registered JMX Bean with object name Ratis:service=RaftServer,group=group-C5BA1605619E,id=om1
2023-01-10 01:13:34,541 [om1-impl-thread1] INFO  server.RaftServerConfigKeys (ConfUtils.java:logGet(46)) - raft.server.snapshot.auto.trigger.enabled = true (custom)
2023-01-10 01:13:34,541 [om1-impl-thread1] INFO  server.RaftServerConfigKeys (ConfUtils.java:logGet(46)) - raft.server.snapshot.auto.trigger.threshold = 400000 (default)
2023-01-10 01:13:34,542 [om1-impl-thread1] INFO  server.RaftServerConfigKeys (ConfUtils.java:logGet(46)) - raft.server.snapshot.retention.file.num = -1 (default)
2023-01-10 01:13:34,542 [om1-impl-thread1] INFO  server.RaftServerConfigKeys (ConfUtils.java:logGet(46)) - raft.server.log.purge.upto.snapshot.index = true (custom)
2023-01-10 01:13:34,542 [om1@group-C5BA1605619E-FollowerState] INFO  server.RaftServerConfigKeys (ConfUtils.java:logFallback(53)) - raft.server.rpc.first-election.timeout.min = 1s (fallback to raft.server.rpc.timeout.min)
2023-01-10 01:13:34,542 [om1@group-C5BA1605619E-FollowerState] INFO  server.RaftServerConfigKeys (ConfUtils.java:logFallback(53)) - raft.server.rpc.first-election.timeout.max = 1200ms (fallback to raft.server.rpc.timeout.max)
2023-01-10 01:13:34,542 [Listener at 127.0.0.1/44191] INFO  server.RaftServer (RaftServerProxy.java:startImpl(393)) - om1: start RPC server
2023-01-10 01:13:34,544 [Listener at 127.0.0.1/44191] INFO  server.GrpcService (GrpcService.java:startImpl(262)) - om1: GrpcService started, listening on 9872
2023-01-10 01:13:34,544 [JvmPauseMonitor11] INFO  util.JvmPauseMonitor (JvmPauseMonitor.java:run(105)) - JvmPauseMonitor-om1: Started
2023-01-10 01:13:34,544 [Listener at 127.0.0.1/44191] INFO  om.OzoneManager (OzoneManager.java:start(1504)) - Version File has different layout version (3) than OM DB (null). That is expected if this OM has never been finalized to a newer layout version.
2023-01-10 01:13:34,546 [Listener at 127.0.0.1/44191] INFO  http.BaseHttpServer (BaseHttpServer.java:newHttpServer2BuilderForOzone(213)) - Starting Web-server for ozoneManager at: http://0.0.0.0:0
2023-01-10 01:13:34,546 [Listener at 127.0.0.1/44191] INFO  http.BaseHttpServer (BaseHttpServer.java:<init>(108)) - Hadoop Security Enabled: false Ozone Security Enabled: false Ozone HTTP Security Enabled: false 
2023-01-10 01:13:34,551 [Listener at 127.0.0.1/44191] WARN  server.AuthenticationFilter (AuthenticationFilter.java:constructSecretProvider(240)) - Unable to initialize FileSignerSecretProvider, falling back to use random secrets. Reason: Could not read signature secret file: /home/runner/hadoop-http-auth-signature-secret
2023-01-10 01:13:34,552 [Listener at 127.0.0.1/44191] WARN  http.HttpRequestLog (HttpRequestLog.java:getRequestLog(103)) - Jetty request log can only be enabled using Log4j
2023-01-10 01:13:34,553 [Listener at 127.0.0.1/44191] INFO  http.HttpServer2 (HttpServer2.java:addGlobalFilter(1031)) - Added global filter 'safety' (class=org.apache.hadoop.hdds.server.http.HttpServer2$QuotingInputFilter)
2023-01-10 01:13:34,555 [Listener at 127.0.0.1/44191] INFO  http.HttpServer2 (HttpServer2.java:addFilter(1007)) - Added filter static_user_filter (class=org.apache.hadoop.http.lib.StaticUserWebFilter$StaticUserFilter) to context ozoneManager
2023-01-10 01:13:34,555 [Listener at 127.0.0.1/44191] INFO  http.HttpServer2 (HttpServer2.java:addFilter(1015)) - Added filter static_user_filter (class=org.apache.hadoop.http.lib.StaticUserWebFilter$StaticUserFilter) to context static
2023-01-10 01:13:34,555 [Listener at 127.0.0.1/44191] INFO  http.HttpServer2 (HttpServer2.java:addFilter(1015)) - Added filter static_user_filter (class=org.apache.hadoop.http.lib.StaticUserWebFilter$StaticUserFilter) to context logs
2023-01-10 01:13:34,556 [Listener at 127.0.0.1/44191] INFO  http.HttpServer2 (HttpServer2.java:bindListener(1250)) - Jetty bound to port 40879
2023-01-10 01:13:34,556 [Listener at 127.0.0.1/44191] INFO  server.Server (Server.java:doStart(375)) - jetty-9.4.49.v20220914; built: 2022-09-14T01:07:36.601Z; git: 4231a3b2e4cb8548a412a789936d640a97b1aa0a; jvm 1.8.0_352-b08
2023-01-10 01:13:34,562 [Listener at 127.0.0.1/44191] INFO  server.session (DefaultSessionIdManager.java:doStart(334)) - DefaultSessionIdManager workerName=node0
2023-01-10 01:13:34,562 [Listener at 127.0.0.1/44191] INFO  server.session (DefaultSessionIdManager.java:doStart(339)) - No SessionScavenger set, using defaults
2023-01-10 01:13:34,562 [Listener at 127.0.0.1/44191] INFO  server.session (HouseKeeper.java:startScavenging(132)) - node0 Scavenging every 660000ms
2023-01-10 01:13:34,563 [Listener at 127.0.0.1/44191] INFO  handler.ContextHandler (ContextHandler.java:doStart(921)) - Started o.e.j.s.ServletContextHandler@6a736908{logs,/logs,file:///home/runner/work/ozone/ozone/hadoop-ozone/integration-test/target/log,AVAILABLE}
2023-01-10 01:13:34,564 [Listener at 127.0.0.1/44191] INFO  handler.ContextHandler (ContextHandler.java:doStart(921)) - Started o.e.j.s.ServletContextHandler@25705886{static,/static,file:///home/runner/work/ozone/ozone/hadoop-ozone/integration-test/target/test-classes/webapps/static,AVAILABLE}
2023-01-10 01:13:34,569 [Listener at 127.0.0.1/44191] INFO  handler.ContextHandler (ContextHandler.java:doStart(921)) - Started o.e.j.w.WebAppContext@43e9173{ozoneManager,/,file:///home/runner/work/ozone/ozone/hadoop-ozone/integration-test/target/test-classes/webapps/ozoneManager/,AVAILABLE}{file:/home/runner/work/ozone/ozone/hadoop-ozone/integration-test/target/test-classes/webapps/ozoneManager}
2023-01-10 01:13:34,571 [Listener at 127.0.0.1/44191] INFO  server.AbstractConnector (AbstractConnector.java:doStart(333)) - Started ServerConnector@ceeae10{HTTP/1.1, (http/1.1)}{0.0.0.0:40879}
2023-01-10 01:13:34,571 [Listener at 127.0.0.1/44191] INFO  server.Server (Server.java:doStart(415)) - Started @116172ms
2023-01-10 01:13:34,571 [Listener at 127.0.0.1/44191] WARN  impl.MetricsSystemImpl (MetricsSystemImpl.java:register(279)) - Sink prometheus already exists!
2023-01-10 01:13:34,571 [Listener at 127.0.0.1/44191] INFO  http.BaseHttpServer (BaseHttpServer.java:updateConnectorAddress(333)) - HTTP server of ozoneManager listening at http://0.0.0.0:40879
2023-01-10 01:13:34,573 [IPC Server Responder] INFO  ipc.Server (Server.java:run(1512)) - IPC Server Responder: starting
2023-01-10 01:13:34,573 [IPC Server listener on 0] INFO  ipc.Server (Server.java:run(1352)) - IPC Server listener on 0: starting
2023-01-10 01:13:34,576 [Listener at 127.0.0.1/44191] INFO  om.OzoneManager (OzoneManager.java:startTrashEmptier(1925)) - Trash Interval set to 0. Files deleted won't move to trash
2023-01-10 01:13:34,591 [org.apache.hadoop.util.JvmPauseMonitor$Monitor@19554f81] INFO  util.JvmPauseMonitor (JvmPauseMonitor.java:run(188)) - Starting JVM pause monitor
2023-01-10 01:13:34,602 [Listener at 127.0.0.1/44191] WARN  impl.MetricRegistriesImpl (MetricRegistriesImpl.java:addReporterRegistration(111)) - New reporters are added after registries were created. Some metrics will be missing from the reporter. Please add reporter before adding any new registry.
2023-01-10 01:13:34,602 [Listener at 127.0.0.1/44191] WARN  impl.MetricRegistriesImpl (MetricRegistriesImpl.java:addReporterRegistration(111)) - New reporters are added after registries were created. Some metrics will be missing from the reporter. Please add reporter before adding any new registry.
2023-01-10 01:13:34,602 [Listener at 127.0.0.1/44191] INFO  impl.MetricsSystemImpl (MetricsSystemImpl.java:init(158)) - HddsDatanode metrics system started (again)
2023-01-10 01:13:34,613 [Listener at 127.0.0.1/44191] INFO  ozone.HddsDatanodeService (HddsDatanodeService.java:start(228)) - HddsDatanodeService host:fv-az353-623.tkyx2seitsuu3nmpmouz2httfb.bx.internal.cloudapp.net ip:10.1.0.24
2023-01-10 01:13:34,638 [Listener at 127.0.0.1/44191] INFO  upgrade.AbstractLayoutVersionManager (AbstractLayoutVersionManager.java:init(83)) - Initializing Layout version manager with metadata layout = DATANODE_SCHEMA_V3 (version = 4), software layout = DATANODE_SCHEMA_V3 (version = 4)
2023-01-10 01:13:34,749 [Listener at 127.0.0.1/44191] INFO  reflections.Reflections (Reflections.java:scan(232)) - Reflections took 109 ms to scan 7 urls, producing 146 keys and 350 values 
2023-01-10 01:13:34,752 [Listener at 127.0.0.1/44191] INFO  statemachine.DatanodeStateMachine (DatanodeStateMachine.java:getEndPointTaskThreadPoolSize(248)) - Datanode State Machine Task Thread Pool size 2
2023-01-10 01:13:34,754 [Listener at 127.0.0.1/44191] INFO  volume.HddsVolume (HddsVolume.java:<init>(117)) - Creating HddsVolume: /home/runner/work/ozone/ozone/hadoop-ozone/integration-test/target/test-dir/MiniOzoneClusterImpl-62525788-12f1-42f6-8834-316215afea77/datanode-0/data-0/containers/hdds of storage type : DISK capacity : 9223372036854775807
2023-01-10 01:13:34,754 [Listener at 127.0.0.1/44191] INFO  volume.MutableVolumeSet (MutableVolumeSet.java:initializeVolumeSet(174)) - Added Volume : /home/runner/work/ozone/ozone/hadoop-ozone/integration-test/target/test-dir/MiniOzoneClusterImpl-62525788-12f1-42f6-8834-316215afea77/datanode-0/data-0/containers/hdds to VolumeSet
2023-01-10 01:13:34,754 [Listener at 127.0.0.1/44191] INFO  volume.ThrottledAsyncChecker (ThrottledAsyncChecker.java:schedule(141)) - Scheduling a check for /home/runner/work/ozone/ozone/hadoop-ozone/integration-test/target/test-dir/MiniOzoneClusterImpl-62525788-12f1-42f6-8834-316215afea77/datanode-0/data-0/containers/hdds
2023-01-10 01:13:34,756 [Listener at 127.0.0.1/44191] INFO  volume.StorageVolumeChecker (StorageVolumeChecker.java:checkAllVolumes(202)) - Scheduled health check for volume /home/runner/work/ozone/ozone/hadoop-ozone/integration-test/target/test-dir/MiniOzoneClusterImpl-62525788-12f1-42f6-8834-316215afea77/datanode-0/data-0/containers/hdds
2023-01-10 01:13:34,772 [Listener at 127.0.0.1/44191] INFO  volume.MutableVolumeSet (MutableVolumeSet.java:initializeVolumeSet(174)) - Added Volume : /home/runner/work/ozone/ozone/hadoop-ozone/integration-test/target/test-dir/MiniOzoneClusterImpl-62525788-12f1-42f6-8834-316215afea77/datanode-0/data/ratis to VolumeSet
2023-01-10 01:13:34,772 [Listener at 127.0.0.1/44191] INFO  volume.ThrottledAsyncChecker (ThrottledAsyncChecker.java:schedule(141)) - Scheduling a check for /home/runner/work/ozone/ozone/hadoop-ozone/integration-test/target/test-dir/MiniOzoneClusterImpl-62525788-12f1-42f6-8834-316215afea77/datanode-0/data/ratis
2023-01-10 01:13:34,772 [Listener at 127.0.0.1/44191] INFO  volume.StorageVolumeChecker (StorageVolumeChecker.java:checkAllVolumes(202)) - Scheduled health check for volume /home/runner/work/ozone/ozone/hadoop-ozone/integration-test/target/test-dir/MiniOzoneClusterImpl-62525788-12f1-42f6-8834-316215afea77/datanode-0/data/ratis
2023-01-10 01:13:34,783 [Thread-927] INFO  ozoneimpl.ContainerReader (ContainerReader.java:readVolume(175)) - Finish verifying containers on volume /home/runner/work/ozone/ozone/hadoop-ozone/integration-test/target/test-dir/MiniOzoneClusterImpl-62525788-12f1-42f6-8834-316215afea77/datanode-0/data-0/containers/hdds
2023-01-10 01:13:34,783 [Listener at 127.0.0.1/44191] INFO  ozoneimpl.OzoneContainer (OzoneContainer.java:buildContainerSet(301)) - Build ContainerSet costs 0s
2023-01-10 01:13:34,786 [Listener at 127.0.0.1/44191] INFO  server.RaftServer (ConfUtils.java:logGet(46)) - raft.rpc.type = GRPC (default)
2023-01-10 01:13:34,786 [Listener at 127.0.0.1/44191] INFO  grpc.GrpcConfigKeys (ConfUtils.java:logFallback(53)) - raft.grpc.admin.host = null (fallback to raft.grpc.server.host)
2023-01-10 01:13:34,786 [Listener at 127.0.0.1/44191] INFO  grpc.GrpcConfigKeys (ConfUtils.java:logGet(46)) - raft.grpc.admin.port = 0 (custom)
2023-01-10 01:13:34,786 [Listener at 127.0.0.1/44191] INFO  grpc.GrpcConfigKeys (ConfUtils.java:logFallback(53)) - raft.grpc.client.host = null (fallback to raft.grpc.server.host)
2023-01-10 01:13:34,786 [Listener at 127.0.0.1/44191] INFO  grpc.GrpcConfigKeys (ConfUtils.java:logGet(46)) - raft.grpc.client.port = 0 (custom)
2023-01-10 01:13:34,786 [Listener at 127.0.0.1/44191] INFO  grpc.GrpcConfigKeys (ConfUtils.java:logGet(46)) - raft.grpc.server.host = null (default)
2023-01-10 01:13:34,787 [Listener at 127.0.0.1/44191] INFO  grpc.GrpcConfigKeys (ConfUtils.java:logGet(46)) - raft.grpc.server.port = 0 (default)
2023-01-10 01:13:34,787 [Listener at 127.0.0.1/44191] INFO  server.GrpcService (ConfUtils.java:logGet(46)) - raft.grpc.message.size.max = 32MB (=33554432) (custom)
2023-01-10 01:13:34,787 [Listener at 127.0.0.1/44191] INFO  server.RaftServerConfigKeys (ConfUtils.java:logGet(46)) - raft.server.log.appender.buffer.byte-limit = 33554432 (custom)
2023-01-10 01:13:34,787 [Listener at 127.0.0.1/44191] INFO  server.GrpcService (ConfUtils.java:logGet(46)) - raft.grpc.flow.control.window = 5MB (=5242880) (custom)
2023-01-10 01:13:34,787 [Listener at 127.0.0.1/44191] INFO  server.RaftServerConfigKeys (ConfUtils.java:logGet(46)) - raft.server.rpc.request.timeout = 60s (custom)
2023-01-10 01:13:34,787 [Listener at 127.0.0.1/44191] INFO  grpc.GrpcConfigKeys (ConfUtils.java:logGet(46)) - raft.grpc.server.heartbeat.channel = true (default)
2023-01-10 01:13:34,787 [Listener at 127.0.0.1/44191] INFO  grpc.GrpcConfigKeys (ConfUtils.java:logGet(46)) - raft.grpc.server.async.request.thread.pool.cached = true (default)
2023-01-10 01:13:34,787 [Listener at 127.0.0.1/44191] INFO  grpc.GrpcConfigKeys (ConfUtils.java:logGet(46)) - raft.grpc.server.async.request.thread.pool.size = 32 (default)
2023-01-10 01:13:34,789 [Listener at 127.0.0.1/44191] INFO  impl.DataStreamServerImpl (ConfUtils.java:logGet(46)) - raft.datastream.type = NETTY (custom)
2023-01-10 01:13:34,789 [Listener at 127.0.0.1/44191] INFO  server.RaftServerConfigKeys (ConfUtils.java:logGet(46)) - raft.server.data-stream.async.request.thread.pool.cached = false (default)
2023-01-10 01:13:34,789 [Listener at 127.0.0.1/44191] INFO  server.RaftServerConfigKeys (ConfUtils.java:logGet(46)) - raft.server.data-stream.async.request.thread.pool.size = 20 (custom)
2023-01-10 01:13:34,789 [Listener at 127.0.0.1/44191] INFO  server.RaftServerConfigKeys (ConfUtils.java:logGet(46)) - raft.server.data-stream.async.write.thread.pool.size = 16 (default)
2023-01-10 01:13:34,790 [Listener at 127.0.0.1/44191] INFO  server.RaftServerConfigKeys (ConfUtils.java:logGet(46)) - raft.server.data-stream.client.pool.size = 10 (default)
2023-01-10 01:13:34,790 [Listener at 127.0.0.1/44191] INFO  netty.NettyConfigKeys$DataStream (ConfUtils.java:logGet(46)) - raft.netty.dataStream.server.use-epoll = false (default)
2023-01-10 01:13:34,790 [Listener at 127.0.0.1/44191] INFO  netty.NettyConfigKeys$DataStream (ConfUtils.java:logGet(46)) - raft.netty.dataStream.server.boss-group.size = 0 (default)
2023-01-10 01:13:34,790 [Listener at 127.0.0.1/44191] INFO  netty.NettyConfigKeys$DataStream (ConfUtils.java:logGet(46)) - raft.netty.dataStream.server.worker-group.size = 0 (default)
2023-01-10 01:13:34,791 [Listener at 127.0.0.1/44191] INFO  netty.NettyConfigKeys$DataStream (ConfUtils.java:logGet(46)) - raft.netty.dataStream.server.tls.conf = null (default)
2023-01-10 01:13:34,791 [Listener at 127.0.0.1/44191] INFO  netty.NettyConfigKeys$DataStream (ConfUtils.java:logGet(46)) - raft.netty.dataStream.host = null (default)
2023-01-10 01:13:34,791 [Listener at 127.0.0.1/44191] INFO  netty.NettyConfigKeys$DataStream (ConfUtils.java:logGet(46)) - raft.netty.dataStream.port = 0 (default)
2023-01-10 01:13:34,792 [Listener at 127.0.0.1/44191] INFO  server.RaftServerConfigKeys (ConfUtils.java:logGet(46)) - raft.server.threadpool.proxy.cached = true (default)
2023-01-10 01:13:34,792 [Listener at 127.0.0.1/44191] INFO  server.RaftServerConfigKeys (ConfUtils.java:logGet(46)) - raft.server.threadpool.proxy.size = 0 (default)
2023-01-10 01:13:34,792 [Listener at 127.0.0.1/44191] INFO  server.RaftServerConfigKeys (ConfUtils.java:logGet(46)) - raft.server.rpc.slowness.timeout = 300s (custom)
2023-01-10 01:13:34,792 [Listener at 127.0.0.1/44191] INFO  server.RaftServerConfigKeys (ConfUtils.java:logGet(46)) - raft.server.leaderelection.leader.step-down.wait-time = 10s (default)
2023-01-10 01:13:34,792 [Listener at 127.0.0.1/44191] INFO  server.RaftServerConfigKeys (ConfUtils.java:logGet(46)) - raft.server.storage.dir = [/home/runner/work/ozone/ozone/hadoop-ozone/integration-test/target/test-dir/MiniOzoneClusterImpl-62525788-12f1-42f6-8834-316215afea77/datanode-0/data/ratis] (custom)
2023-01-10 01:13:34,795 [35948080-5e22-45ca-b6f3-be7de45bebca-NettyServerStreamRpc-bossGroup--thread1] INFO  logging.LoggingHandler (AbstractInternalLogger.java:log(148)) - [id: 0x3495b78b] REGISTERED
2023-01-10 01:13:34,795 [35948080-5e22-45ca-b6f3-be7de45bebca-NettyServerStreamRpc-bossGroup--thread1] INFO  logging.LoggingHandler (AbstractInternalLogger.java:log(148)) - [id: 0x3495b78b] BIND: 0.0.0.0/0.0.0.0:0
2023-01-10 01:13:34,796 [35948080-5e22-45ca-b6f3-be7de45bebca-NettyServerStreamRpc-bossGroup--thread1] INFO  logging.LoggingHandler (AbstractInternalLogger.java:log(148)) - [id: 0x3495b78b, L:/0:0:0:0:0:0:0:0:42993] ACTIVE
2023-01-10 01:13:34,797 [Listener at 127.0.0.1/44191] INFO  server.XceiverServerGrpc (XceiverServerGrpc.java:<init>(132)) - GrpcServer channel type EpollServerSocketChannel
2023-01-10 01:13:34,800 [Listener at 127.0.0.1/44191] INFO  http.BaseHttpServer (BaseHttpServer.java:newHttpServer2BuilderForOzone(213)) - Starting Web-server for hddsDatanode at: http://0.0.0.0:0
2023-01-10 01:13:34,800 [Listener at 127.0.0.1/44191] INFO  http.BaseHttpServer (BaseHttpServer.java:<init>(108)) - Hadoop Security Enabled: false Ozone Security Enabled: false Ozone HTTP Security Enabled: false 
2023-01-10 01:13:34,801 [Listener at 127.0.0.1/44191] WARN  server.AuthenticationFilter (AuthenticationFilter.java:constructSecretProvider(240)) - Unable to initialize FileSignerSecretProvider, falling back to use random secrets. Reason: Could not read signature secret file: /home/runner/hadoop-http-auth-signature-secret
2023-01-10 01:13:34,801 [Listener at 127.0.0.1/44191] WARN  http.HttpRequestLog (HttpRequestLog.java:getRequestLog(103)) - Jetty request log can only be enabled using Log4j
2023-01-10 01:13:34,803 [Listener at 127.0.0.1/44191] INFO  http.HttpServer2 (HttpServer2.java:addGlobalFilter(1031)) - Added global filter 'safety' (class=org.apache.hadoop.hdds.server.http.HttpServer2$QuotingInputFilter)
2023-01-10 01:13:34,803 [Listener at 127.0.0.1/44191] INFO  http.HttpServer2 (HttpServer2.java:addFilter(1007)) - Added filter static_user_filter (class=org.apache.hadoop.http.lib.StaticUserWebFilter$StaticUserFilter) to context hddsDatanode
2023-01-10 01:13:34,803 [Listener at 127.0.0.1/44191] INFO  http.HttpServer2 (HttpServer2.java:addFilter(1015)) - Added filter static_user_filter (class=org.apache.hadoop.http.lib.StaticUserWebFilter$StaticUserFilter) to context static
2023-01-10 01:13:34,803 [Listener at 127.0.0.1/44191] INFO  http.HttpServer2 (HttpServer2.java:addFilter(1015)) - Added filter static_user_filter (class=org.apache.hadoop.http.lib.StaticUserWebFilter$StaticUserFilter) to context logs
2023-01-10 01:13:34,804 [Listener at 127.0.0.1/44191] INFO  http.HttpServer2 (HttpServer2.java:bindListener(1250)) - Jetty bound to port 33129
2023-01-10 01:13:34,804 [Listener at 127.0.0.1/44191] INFO  server.Server (Server.java:doStart(375)) - jetty-9.4.49.v20220914; built: 2022-09-14T01:07:36.601Z; git: 4231a3b2e4cb8548a412a789936d640a97b1aa0a; jvm 1.8.0_352-b08
2023-01-10 01:13:34,805 [Listener at 127.0.0.1/44191] INFO  server.session (DefaultSessionIdManager.java:doStart(334)) - DefaultSessionIdManager workerName=node0
2023-01-10 01:13:34,805 [Listener at 127.0.0.1/44191] INFO  server.session (DefaultSessionIdManager.java:doStart(339)) - No SessionScavenger set, using defaults
2023-01-10 01:13:34,805 [Listener at 127.0.0.1/44191] INFO  server.session (HouseKeeper.java:startScavenging(132)) - node0 Scavenging every 600000ms
2023-01-10 01:13:34,806 [Listener at 127.0.0.1/44191] INFO  handler.ContextHandler (ContextHandler.java:doStart(921)) - Started o.e.j.s.ServletContextHandler@4046e87d{logs,/logs,file:///home/runner/work/ozone/ozone/hadoop-ozone/integration-test/target/log,AVAILABLE}
2023-01-10 01:13:34,806 [Listener at 127.0.0.1/44191] INFO  handler.ContextHandler (ContextHandler.java:doStart(921)) - Started o.e.j.s.ServletContextHandler@673ad27{static,/static,jar:file:/home/runner/.m2/repository/org/apache/ozone/hdds-container-service/1.4.0-SNAPSHOT/hdds-container-service-1.4.0-SNAPSHOT.jar!/webapps/static,AVAILABLE}
2023-01-10 01:13:34,969 [Listener at 127.0.0.1/44191] INFO  handler.ContextHandler (ContextHandler.java:doStart(921)) - Started o.e.j.w.WebAppContext@63130338{hddsDatanode,/,file:///tmp/jetty-0_0_0_0-33129-hdds-container-service-1_4_0-SNAPSHOT_jar-_-any-8263719310297363921/webapp/,AVAILABLE}{jar:file:/home/runner/.m2/repository/org/apache/ozone/hdds-container-service/1.4.0-SNAPSHOT/hdds-container-service-1.4.0-SNAPSHOT.jar!/webapps/hddsDatanode}
2023-01-10 01:13:34,971 [Listener at 127.0.0.1/44191] INFO  server.AbstractConnector (AbstractConnector.java:doStart(333)) - Started ServerConnector@654a5635{HTTP/1.1, (http/1.1)}{0.0.0.0:33129}
2023-01-10 01:13:34,971 [Listener at 127.0.0.1/44191] INFO  server.Server (Server.java:doStart(415)) - Started @116573ms
2023-01-10 01:13:34,971 [Listener at 127.0.0.1/44191] WARN  impl.MetricsSystemImpl (MetricsSystemImpl.java:register(279)) - Sink prometheus already exists!
2023-01-10 01:13:34,972 [Listener at 127.0.0.1/44191] INFO  http.BaseHttpServer (BaseHttpServer.java:updateConnectorAddress(333)) - HTTP server of hddsDatanode listening at http://0.0.0.0:33129
2023-01-10 01:13:34,972 [Datanode State Machine Daemon Thread] INFO  statemachine.DatanodeStateMachine (DatanodeStateMachine.java:lambda$startDaemon$0(508)) - Ozone container server started.
2023-01-10 01:13:34,972 [Listener at 127.0.0.1/44191] WARN  impl.MetricRegistriesImpl (MetricRegistriesImpl.java:addReporterRegistration(111)) - New reporters are added after registries were created. Some metrics will be missing from the reporter. Please add reporter before adding any new registry.
2023-01-10 01:13:34,973 [Listener at 127.0.0.1/44191] WARN  impl.MetricRegistriesImpl (MetricRegistriesImpl.java:addReporterRegistration(111)) - New reporters are added after registries were created. Some metrics will be missing from the reporter. Please add reporter before adding any new registry.
2023-01-10 01:13:34,973 [Listener at 127.0.0.1/44191] INFO  impl.MetricsSystemImpl (MetricsSystemImpl.java:init(158)) - HddsDatanode metrics system started (again)
2023-01-10 01:13:34,983 [Listener at 127.0.0.1/44191] INFO  ozone.HddsDatanodeService (HddsDatanodeService.java:start(228)) - HddsDatanodeService host:fv-az353-623.tkyx2seitsuu3nmpmouz2httfb.bx.internal.cloudapp.net ip:10.1.0.24
2023-01-10 01:13:34,984 [org.apache.hadoop.util.JvmPauseMonitor$Monitor@31572c99] INFO  util.JvmPauseMonitor (JvmPauseMonitor.java:run(188)) - Starting JVM pause monitor
2023-01-10 01:13:34,989 [Datanode State Machine Task Thread - 0] INFO  datanode.InitDatanodeState (InitDatanodeState.java:persistContainerDatanodeDetails(138)) - DatanodeDetails is persisted to /home/runner/work/ozone/ozone/hadoop-ozone/integration-test/target/test-dir/MiniOzoneClusterImpl-62525788-12f1-42f6-8834-316215afea77/datanode-0/meta/datanode.id
2023-01-10 01:13:35,002 [Listener at 127.0.0.1/44191] INFO  upgrade.AbstractLayoutVersionManager (AbstractLayoutVersionManager.java:init(83)) - Initializing Layout version manager with metadata layout = DATANODE_SCHEMA_V3 (version = 4), software layout = DATANODE_SCHEMA_V3 (version = 4)
2023-01-10 01:13:35,044 [Listener at 127.0.0.1/44191] INFO  reflections.Reflections (Reflections.java:scan(232)) - Reflections took 41 ms to scan 7 urls, producing 146 keys and 350 values 
2023-01-10 01:13:35,045 [Listener at 127.0.0.1/44191] INFO  statemachine.DatanodeStateMachine (DatanodeStateMachine.java:getEndPointTaskThreadPoolSize(248)) - Datanode State Machine Task Thread Pool size 2
2023-01-10 01:13:35,048 [Listener at 127.0.0.1/44191] INFO  volume.HddsVolume (HddsVolume.java:<init>(117)) - Creating HddsVolume: /home/runner/work/ozone/ozone/hadoop-ozone/integration-test/target/test-dir/MiniOzoneClusterImpl-62525788-12f1-42f6-8834-316215afea77/datanode-1/data-0/containers/hdds of storage type : DISK capacity : 9223372036854775807
2023-01-10 01:13:35,049 [Listener at 127.0.0.1/44191] INFO  volume.MutableVolumeSet (MutableVolumeSet.java:initializeVolumeSet(174)) - Added Volume : /home/runner/work/ozone/ozone/hadoop-ozone/integration-test/target/test-dir/MiniOzoneClusterImpl-62525788-12f1-42f6-8834-316215afea77/datanode-1/data-0/containers/hdds to VolumeSet
2023-01-10 01:13:35,049 [Listener at 127.0.0.1/44191] INFO  volume.ThrottledAsyncChecker (ThrottledAsyncChecker.java:schedule(141)) - Scheduling a check for /home/runner/work/ozone/ozone/hadoop-ozone/integration-test/target/test-dir/MiniOzoneClusterImpl-62525788-12f1-42f6-8834-316215afea77/datanode-1/data-0/containers/hdds
2023-01-10 01:13:35,049 [Listener at 127.0.0.1/44191] INFO  volume.StorageVolumeChecker (StorageVolumeChecker.java:checkAllVolumes(202)) - Scheduled health check for volume /home/runner/work/ozone/ozone/hadoop-ozone/integration-test/target/test-dir/MiniOzoneClusterImpl-62525788-12f1-42f6-8834-316215afea77/datanode-1/data-0/containers/hdds
2023-01-10 01:13:35,059 [Listener at 127.0.0.1/44191] INFO  volume.MutableVolumeSet (MutableVolumeSet.java:initializeVolumeSet(174)) - Added Volume : /home/runner/work/ozone/ozone/hadoop-ozone/integration-test/target/test-dir/MiniOzoneClusterImpl-62525788-12f1-42f6-8834-316215afea77/datanode-1/data/ratis to VolumeSet
2023-01-10 01:13:35,060 [Listener at 127.0.0.1/44191] INFO  volume.ThrottledAsyncChecker (ThrottledAsyncChecker.java:schedule(141)) - Scheduling a check for /home/runner/work/ozone/ozone/hadoop-ozone/integration-test/target/test-dir/MiniOzoneClusterImpl-62525788-12f1-42f6-8834-316215afea77/datanode-1/data/ratis
2023-01-10 01:13:35,060 [Listener at 127.0.0.1/44191] INFO  volume.StorageVolumeChecker (StorageVolumeChecker.java:checkAllVolumes(202)) - Scheduled health check for volume /home/runner/work/ozone/ozone/hadoop-ozone/integration-test/target/test-dir/MiniOzoneClusterImpl-62525788-12f1-42f6-8834-316215afea77/datanode-1/data/ratis
2023-01-10 01:13:35,070 [Thread-941] INFO  ozoneimpl.ContainerReader (ContainerReader.java:readVolume(175)) - Finish verifying containers on volume /home/runner/work/ozone/ozone/hadoop-ozone/integration-test/target/test-dir/MiniOzoneClusterImpl-62525788-12f1-42f6-8834-316215afea77/datanode-1/data-0/containers/hdds
2023-01-10 01:13:35,070 [Listener at 127.0.0.1/44191] INFO  ozoneimpl.OzoneContainer (OzoneContainer.java:buildContainerSet(301)) - Build ContainerSet costs 0s
2023-01-10 01:13:35,071 [Listener at 127.0.0.1/44191] INFO  server.RaftServer (ConfUtils.java:logGet(46)) - raft.rpc.type = GRPC (default)
2023-01-10 01:13:35,072 [Listener at 127.0.0.1/44191] INFO  grpc.GrpcConfigKeys (ConfUtils.java:logFallback(53)) - raft.grpc.admin.host = null (fallback to raft.grpc.server.host)
2023-01-10 01:13:35,072 [Listener at 127.0.0.1/44191] INFO  grpc.GrpcConfigKeys (ConfUtils.java:logGet(46)) - raft.grpc.admin.port = 0 (custom)
2023-01-10 01:13:35,072 [Listener at 127.0.0.1/44191] INFO  grpc.GrpcConfigKeys (ConfUtils.java:logFallback(53)) - raft.grpc.client.host = null (fallback to raft.grpc.server.host)
2023-01-10 01:13:35,072 [Listener at 127.0.0.1/44191] INFO  grpc.GrpcConfigKeys (ConfUtils.java:logGet(46)) - raft.grpc.client.port = 0 (custom)
2023-01-10 01:13:35,072 [Listener at 127.0.0.1/44191] INFO  grpc.GrpcConfigKeys (ConfUtils.java:logGet(46)) - raft.grpc.server.host = null (default)
2023-01-10 01:13:35,072 [Listener at 127.0.0.1/44191] INFO  grpc.GrpcConfigKeys (ConfUtils.java:logGet(46)) - raft.grpc.server.port = 0 (default)
2023-01-10 01:13:35,072 [Listener at 127.0.0.1/44191] INFO  server.GrpcService (ConfUtils.java:logGet(46)) - raft.grpc.message.size.max = 32MB (=33554432) (custom)
2023-01-10 01:13:35,073 [Listener at 127.0.0.1/44191] INFO  server.RaftServerConfigKeys (ConfUtils.java:logGet(46)) - raft.server.log.appender.buffer.byte-limit = 33554432 (custom)
2023-01-10 01:13:35,073 [Listener at 127.0.0.1/44191] INFO  server.GrpcService (ConfUtils.java:logGet(46)) - raft.grpc.flow.control.window = 5MB (=5242880) (custom)
2023-01-10 01:13:35,073 [Listener at 127.0.0.1/44191] INFO  server.RaftServerConfigKeys (ConfUtils.java:logGet(46)) - raft.server.rpc.request.timeout = 60s (custom)
2023-01-10 01:13:35,073 [Listener at 127.0.0.1/44191] INFO  grpc.GrpcConfigKeys (ConfUtils.java:logGet(46)) - raft.grpc.server.heartbeat.channel = true (default)
2023-01-10 01:13:35,073 [Listener at 127.0.0.1/44191] INFO  grpc.GrpcConfigKeys (ConfUtils.java:logGet(46)) - raft.grpc.server.async.request.thread.pool.cached = true (default)
2023-01-10 01:13:35,073 [Listener at 127.0.0.1/44191] INFO  grpc.GrpcConfigKeys (ConfUtils.java:logGet(46)) - raft.grpc.server.async.request.thread.pool.size = 32 (default)
2023-01-10 01:13:35,074 [Listener at 127.0.0.1/44191] INFO  impl.DataStreamServerImpl (ConfUtils.java:logGet(46)) - raft.datastream.type = NETTY (custom)
2023-01-10 01:13:35,074 [Listener at 127.0.0.1/44191] INFO  server.RaftServerConfigKeys (ConfUtils.java:logGet(46)) - raft.server.data-stream.async.request.thread.pool.cached = false (default)
2023-01-10 01:13:35,074 [Listener at 127.0.0.1/44191] INFO  server.RaftServerConfigKeys (ConfUtils.java:logGet(46)) - raft.server.data-stream.async.request.thread.pool.size = 20 (custom)
2023-01-10 01:13:35,075 [Listener at 127.0.0.1/44191] INFO  server.RaftServerConfigKeys (ConfUtils.java:logGet(46)) - raft.server.data-stream.async.write.thread.pool.size = 16 (default)
2023-01-10 01:13:35,075 [Listener at 127.0.0.1/44191] INFO  server.RaftServerConfigKeys (ConfUtils.java:logGet(46)) - raft.server.data-stream.client.pool.size = 10 (default)
2023-01-10 01:13:35,075 [Listener at 127.0.0.1/44191] INFO  netty.NettyConfigKeys$DataStream (ConfUtils.java:logGet(46)) - raft.netty.dataStream.server.use-epoll = false (default)
2023-01-10 01:13:35,075 [Listener at 127.0.0.1/44191] INFO  netty.NettyConfigKeys$DataStream (ConfUtils.java:logGet(46)) - raft.netty.dataStream.server.boss-group.size = 0 (default)
2023-01-10 01:13:35,075 [Listener at 127.0.0.1/44191] INFO  netty.NettyConfigKeys$DataStream (ConfUtils.java:logGet(46)) - raft.netty.dataStream.server.worker-group.size = 0 (default)
2023-01-10 01:13:35,076 [Listener at 127.0.0.1/44191] INFO  netty.NettyConfigKeys$DataStream (ConfUtils.java:logGet(46)) - raft.netty.dataStream.server.tls.conf = null (default)
2023-01-10 01:13:35,076 [Listener at 127.0.0.1/44191] INFO  netty.NettyConfigKeys$DataStream (ConfUtils.java:logGet(46)) - raft.netty.dataStream.host = null (default)
2023-01-10 01:13:35,076 [Listener at 127.0.0.1/44191] INFO  netty.NettyConfigKeys$DataStream (ConfUtils.java:logGet(46)) - raft.netty.dataStream.port = 0 (default)
2023-01-10 01:13:35,077 [Listener at 127.0.0.1/44191] INFO  server.RaftServerConfigKeys (ConfUtils.java:logGet(46)) - raft.server.threadpool.proxy.cached = true (default)
2023-01-10 01:13:35,077 [Listener at 127.0.0.1/44191] INFO  server.RaftServerConfigKeys (ConfUtils.java:logGet(46)) - raft.server.threadpool.proxy.size = 0 (default)
2023-01-10 01:13:35,077 [Listener at 127.0.0.1/44191] INFO  server.RaftServerConfigKeys (ConfUtils.java:logGet(46)) - raft.server.rpc.slowness.timeout = 300s (custom)
2023-01-10 01:13:35,077 [Listener at 127.0.0.1/44191] INFO  server.RaftServerConfigKeys (ConfUtils.java:logGet(46)) - raft.server.leaderelection.leader.step-down.wait-time = 10s (default)
2023-01-10 01:13:35,077 [Listener at 127.0.0.1/44191] INFO  server.RaftServerConfigKeys (ConfUtils.java:logGet(46)) - raft.server.storage.dir = [/home/runner/work/ozone/ozone/hadoop-ozone/integration-test/target/test-dir/MiniOzoneClusterImpl-62525788-12f1-42f6-8834-316215afea77/datanode-1/data/ratis] (custom)
2023-01-10 01:13:35,078 [b1e0bc18-8da5-4e58-9fa5-a506b45b1540-NettyServerStreamRpc-bossGroup--thread1] INFO  logging.LoggingHandler (AbstractInternalLogger.java:log(148)) - [id: 0x21c445c6] REGISTERED
2023-01-10 01:13:35,078 [b1e0bc18-8da5-4e58-9fa5-a506b45b1540-NettyServerStreamRpc-bossGroup--thread1] INFO  logging.LoggingHandler (AbstractInternalLogger.java:log(148)) - [id: 0x21c445c6] BIND: 0.0.0.0/0.0.0.0:0
2023-01-10 01:13:35,078 [b1e0bc18-8da5-4e58-9fa5-a506b45b1540-NettyServerStreamRpc-bossGroup--thread1] INFO  logging.LoggingHandler (AbstractInternalLogger.java:log(148)) - [id: 0x21c445c6, L:/0:0:0:0:0:0:0:0:40391] ACTIVE
2023-01-10 01:13:35,080 [Listener at 127.0.0.1/44191] INFO  server.XceiverServerGrpc (XceiverServerGrpc.java:<init>(132)) - GrpcServer channel type EpollServerSocketChannel
2023-01-10 01:13:35,083 [Listener at 127.0.0.1/44191] INFO  http.BaseHttpServer (BaseHttpServer.java:newHttpServer2BuilderForOzone(213)) - Starting Web-server for hddsDatanode at: http://0.0.0.0:0
2023-01-10 01:13:35,084 [Listener at 127.0.0.1/44191] INFO  http.BaseHttpServer (BaseHttpServer.java:<init>(108)) - Hadoop Security Enabled: false Ozone Security Enabled: false Ozone HTTP Security Enabled: false 
2023-01-10 01:13:35,084 [Listener at 127.0.0.1/44191] WARN  server.AuthenticationFilter (AuthenticationFilter.java:constructSecretProvider(240)) - Unable to initialize FileSignerSecretProvider, falling back to use random secrets. Reason: Could not read signature secret file: /home/runner/hadoop-http-auth-signature-secret
2023-01-10 01:13:35,085 [Listener at 127.0.0.1/44191] WARN  http.HttpRequestLog (HttpRequestLog.java:getRequestLog(103)) - Jetty request log can only be enabled using Log4j
2023-01-10 01:13:35,087 [Listener at 127.0.0.1/44191] INFO  http.HttpServer2 (HttpServer2.java:addGlobalFilter(1031)) - Added global filter 'safety' (class=org.apache.hadoop.hdds.server.http.HttpServer2$QuotingInputFilter)
2023-01-10 01:13:35,088 [Listener at 127.0.0.1/44191] INFO  http.HttpServer2 (HttpServer2.java:addFilter(1007)) - Added filter static_user_filter (class=org.apache.hadoop.http.lib.StaticUserWebFilter$StaticUserFilter) to context hddsDatanode
2023-01-10 01:13:35,088 [Listener at 127.0.0.1/44191] INFO  http.HttpServer2 (HttpServer2.java:addFilter(1015)) - Added filter static_user_filter (class=org.apache.hadoop.http.lib.StaticUserWebFilter$StaticUserFilter) to context logs
2023-01-10 01:13:35,088 [Listener at 127.0.0.1/44191] INFO  http.HttpServer2 (HttpServer2.java:addFilter(1015)) - Added filter static_user_filter (class=org.apache.hadoop.http.lib.StaticUserWebFilter$StaticUserFilter) to context static
2023-01-10 01:13:35,089 [Listener at 127.0.0.1/44191] INFO  http.HttpServer2 (HttpServer2.java:bindListener(1250)) - Jetty bound to port 36879
2023-01-10 01:13:35,089 [Listener at 127.0.0.1/44191] INFO  server.Server (Server.java:doStart(375)) - jetty-9.4.49.v20220914; built: 2022-09-14T01:07:36.601Z; git: 4231a3b2e4cb8548a412a789936d640a97b1aa0a; jvm 1.8.0_352-b08
2023-01-10 01:13:35,090 [Listener at 127.0.0.1/44191] INFO  server.session (DefaultSessionIdManager.java:doStart(334)) - DefaultSessionIdManager workerName=node0
2023-01-10 01:13:35,091 [Listener at 127.0.0.1/44191] INFO  server.session (DefaultSessionIdManager.java:doStart(339)) - No SessionScavenger set, using defaults
2023-01-10 01:13:35,091 [Listener at 127.0.0.1/44191] INFO  server.session (HouseKeeper.java:startScavenging(132)) - node0 Scavenging every 600000ms
2023-01-10 01:13:35,092 [Listener at 127.0.0.1/44191] INFO  handler.ContextHandler (ContextHandler.java:doStart(921)) - Started o.e.j.s.ServletContextHandler@64aa895e{logs,/logs,file:///home/runner/work/ozone/ozone/hadoop-ozone/integration-test/target/log,AVAILABLE}
2023-01-10 01:13:35,092 [Listener at 127.0.0.1/44191] INFO  handler.ContextHandler (ContextHandler.java:doStart(921)) - Started o.e.j.s.ServletContextHandler@297139df{static,/static,jar:file:/home/runner/.m2/repository/org/apache/ozone/hdds-container-service/1.4.0-SNAPSHOT/hdds-container-service-1.4.0-SNAPSHOT.jar!/webapps/static,AVAILABLE}
2023-01-10 01:13:35,257 [Listener at 127.0.0.1/44191] INFO  handler.ContextHandler (ContextHandler.java:doStart(921)) - Started o.e.j.w.WebAppContext@65b81cbf{hddsDatanode,/,file:///tmp/jetty-0_0_0_0-36879-hdds-container-service-1_4_0-SNAPSHOT_jar-_-any-7687101823401448680/webapp/,AVAILABLE}{jar:file:/home/runner/.m2/repository/org/apache/ozone/hdds-container-service/1.4.0-SNAPSHOT/hdds-container-service-1.4.0-SNAPSHOT.jar!/webapps/hddsDatanode}
2023-01-10 01:13:35,258 [Listener at 127.0.0.1/44191] INFO  server.AbstractConnector (AbstractConnector.java:doStart(333)) - Started ServerConnector@2a13034e{HTTP/1.1, (http/1.1)}{0.0.0.0:36879}
2023-01-10 01:13:35,258 [Listener at 127.0.0.1/44191] INFO  server.Server (Server.java:doStart(415)) - Started @116860ms
2023-01-10 01:13:35,258 [Listener at 127.0.0.1/44191] WARN  impl.MetricsSystemImpl (MetricsSystemImpl.java:register(279)) - Sink prometheus already exists!
2023-01-10 01:13:35,259 [Listener at 127.0.0.1/44191] INFO  http.BaseHttpServer (BaseHttpServer.java:updateConnectorAddress(333)) - HTTP server of hddsDatanode listening at http://0.0.0.0:36879
2023-01-10 01:13:35,259 [Datanode State Machine Daemon Thread] INFO  statemachine.DatanodeStateMachine (DatanodeStateMachine.java:lambda$startDaemon$0(508)) - Ozone container server started.
2023-01-10 01:13:35,259 [Listener at 127.0.0.1/44191] WARN  impl.MetricRegistriesImpl (MetricRegistriesImpl.java:addReporterRegistration(111)) - New reporters are added after registries were created. Some metrics will be missing from the reporter. Please add reporter before adding any new registry.
2023-01-10 01:13:35,261 [Listener at 127.0.0.1/44191] WARN  impl.MetricRegistriesImpl (MetricRegistriesImpl.java:addReporterRegistration(111)) - New reporters are added after registries were created. Some metrics will be missing from the reporter. Please add reporter before adding any new registry.
2023-01-10 01:13:35,261 [Listener at 127.0.0.1/44191] INFO  impl.MetricsSystemImpl (MetricsSystemImpl.java:init(158)) - HddsDatanode metrics system started (again)
2023-01-10 01:13:35,272 [org.apache.hadoop.util.JvmPauseMonitor$Monitor@27e141e0] INFO  util.JvmPauseMonitor (JvmPauseMonitor.java:run(188)) - Starting JVM pause monitor
2023-01-10 01:13:35,273 [Listener at 127.0.0.1/44191] INFO  ozone.HddsDatanodeService (HddsDatanodeService.java:start(228)) - HddsDatanodeService host:fv-az353-623.tkyx2seitsuu3nmpmouz2httfb.bx.internal.cloudapp.net ip:10.1.0.24
2023-01-10 01:13:35,274 [Datanode State Machine Task Thread - 0] INFO  datanode.InitDatanodeState (InitDatanodeState.java:persistContainerDatanodeDetails(138)) - DatanodeDetails is persisted to /home/runner/work/ozone/ozone/hadoop-ozone/integration-test/target/test-dir/MiniOzoneClusterImpl-62525788-12f1-42f6-8834-316215afea77/datanode-1/meta/datanode.id
2023-01-10 01:13:35,298 [Listener at 127.0.0.1/44191] INFO  upgrade.AbstractLayoutVersionManager (AbstractLayoutVersionManager.java:init(83)) - Initializing Layout version manager with metadata layout = DATANODE_SCHEMA_V3 (version = 4), software layout = DATANODE_SCHEMA_V3 (version = 4)
2023-01-10 01:13:35,341 [Listener at 127.0.0.1/44191] INFO  reflections.Reflections (Reflections.java:scan(232)) - Reflections took 42 ms to scan 7 urls, producing 146 keys and 350 values 
2023-01-10 01:13:35,342 [Listener at 127.0.0.1/44191] INFO  statemachine.DatanodeStateMachine (DatanodeStateMachine.java:getEndPointTaskThreadPoolSize(248)) - Datanode State Machine Task Thread Pool size 2
2023-01-10 01:13:35,350 [Listener at 127.0.0.1/44191] INFO  volume.HddsVolume (HddsVolume.java:<init>(117)) - Creating HddsVolume: /home/runner/work/ozone/ozone/hadoop-ozone/integration-test/target/test-dir/MiniOzoneClusterImpl-62525788-12f1-42f6-8834-316215afea77/datanode-2/data-0/containers/hdds of storage type : DISK capacity : 9223372036854775807
2023-01-10 01:13:35,350 [Listener at 127.0.0.1/44191] INFO  volume.MutableVolumeSet (MutableVolumeSet.java:initializeVolumeSet(174)) - Added Volume : /home/runner/work/ozone/ozone/hadoop-ozone/integration-test/target/test-dir/MiniOzoneClusterImpl-62525788-12f1-42f6-8834-316215afea77/datanode-2/data-0/containers/hdds to VolumeSet
2023-01-10 01:13:35,351 [Listener at 127.0.0.1/44191] INFO  volume.ThrottledAsyncChecker (ThrottledAsyncChecker.java:schedule(141)) - Scheduling a check for /home/runner/work/ozone/ozone/hadoop-ozone/integration-test/target/test-dir/MiniOzoneClusterImpl-62525788-12f1-42f6-8834-316215afea77/datanode-2/data-0/containers/hdds
2023-01-10 01:13:35,354 [Listener at 127.0.0.1/44191] INFO  volume.StorageVolumeChecker (StorageVolumeChecker.java:checkAllVolumes(202)) - Scheduled health check for volume /home/runner/work/ozone/ozone/hadoop-ozone/integration-test/target/test-dir/MiniOzoneClusterImpl-62525788-12f1-42f6-8834-316215afea77/datanode-2/data-0/containers/hdds
2023-01-10 01:13:35,365 [Listener at 127.0.0.1/44191] INFO  volume.MutableVolumeSet (MutableVolumeSet.java:initializeVolumeSet(174)) - Added Volume : /home/runner/work/ozone/ozone/hadoop-ozone/integration-test/target/test-dir/MiniOzoneClusterImpl-62525788-12f1-42f6-8834-316215afea77/datanode-2/data/ratis to VolumeSet
2023-01-10 01:13:35,365 [Listener at 127.0.0.1/44191] INFO  volume.ThrottledAsyncChecker (ThrottledAsyncChecker.java:schedule(141)) - Scheduling a check for /home/runner/work/ozone/ozone/hadoop-ozone/integration-test/target/test-dir/MiniOzoneClusterImpl-62525788-12f1-42f6-8834-316215afea77/datanode-2/data/ratis
2023-01-10 01:13:35,365 [Listener at 127.0.0.1/44191] INFO  volume.StorageVolumeChecker (StorageVolumeChecker.java:checkAllVolumes(202)) - Scheduled health check for volume /home/runner/work/ozone/ozone/hadoop-ozone/integration-test/target/test-dir/MiniOzoneClusterImpl-62525788-12f1-42f6-8834-316215afea77/datanode-2/data/ratis
2023-01-10 01:13:35,376 [Thread-955] INFO  ozoneimpl.ContainerReader (ContainerReader.java:readVolume(175)) - Finish verifying containers on volume /home/runner/work/ozone/ozone/hadoop-ozone/integration-test/target/test-dir/MiniOzoneClusterImpl-62525788-12f1-42f6-8834-316215afea77/datanode-2/data-0/containers/hdds
2023-01-10 01:13:35,376 [Listener at 127.0.0.1/44191] INFO  ozoneimpl.OzoneContainer (OzoneContainer.java:buildContainerSet(301)) - Build ContainerSet costs 0s
2023-01-10 01:13:35,378 [Listener at 127.0.0.1/44191] INFO  server.RaftServer (ConfUtils.java:logGet(46)) - raft.rpc.type = GRPC (default)
2023-01-10 01:13:35,378 [Listener at 127.0.0.1/44191] INFO  grpc.GrpcConfigKeys (ConfUtils.java:logFallback(53)) - raft.grpc.admin.host = null (fallback to raft.grpc.server.host)
2023-01-10 01:13:35,378 [Listener at 127.0.0.1/44191] INFO  grpc.GrpcConfigKeys (ConfUtils.java:logGet(46)) - raft.grpc.admin.port = 0 (custom)
2023-01-10 01:13:35,378 [Listener at 127.0.0.1/44191] INFO  grpc.GrpcConfigKeys (ConfUtils.java:logFallback(53)) - raft.grpc.client.host = null (fallback to raft.grpc.server.host)
2023-01-10 01:13:35,379 [Listener at 127.0.0.1/44191] INFO  grpc.GrpcConfigKeys (ConfUtils.java:logGet(46)) - raft.grpc.client.port = 0 (custom)
2023-01-10 01:13:35,379 [Listener at 127.0.0.1/44191] INFO  grpc.GrpcConfigKeys (ConfUtils.java:logGet(46)) - raft.grpc.server.host = null (default)
2023-01-10 01:13:35,380 [Listener at 127.0.0.1/44191] INFO  grpc.GrpcConfigKeys (ConfUtils.java:logGet(46)) - raft.grpc.server.port = 0 (default)
2023-01-10 01:13:35,380 [Listener at 127.0.0.1/44191] INFO  server.GrpcService (ConfUtils.java:logGet(46)) - raft.grpc.message.size.max = 32MB (=33554432) (custom)
2023-01-10 01:13:35,380 [Listener at 127.0.0.1/44191] INFO  server.RaftServerConfigKeys (ConfUtils.java:logGet(46)) - raft.server.log.appender.buffer.byte-limit = 33554432 (custom)
2023-01-10 01:13:35,380 [Listener at 127.0.0.1/44191] INFO  server.GrpcService (ConfUtils.java:logGet(46)) - raft.grpc.flow.control.window = 5MB (=5242880) (custom)
2023-01-10 01:13:35,381 [Listener at 127.0.0.1/44191] INFO  server.RaftServerConfigKeys (ConfUtils.java:logGet(46)) - raft.server.rpc.request.timeout = 60s (custom)
2023-01-10 01:13:35,381 [Listener at 127.0.0.1/44191] INFO  grpc.GrpcConfigKeys (ConfUtils.java:logGet(46)) - raft.grpc.server.heartbeat.channel = true (default)
2023-01-10 01:13:35,381 [Listener at 127.0.0.1/44191] INFO  grpc.GrpcConfigKeys (ConfUtils.java:logGet(46)) - raft.grpc.server.async.request.thread.pool.cached = true (default)
2023-01-10 01:13:35,381 [Listener at 127.0.0.1/44191] INFO  grpc.GrpcConfigKeys (ConfUtils.java:logGet(46)) - raft.grpc.server.async.request.thread.pool.size = 32 (default)
2023-01-10 01:13:35,382 [Listener at 127.0.0.1/44191] INFO  impl.DataStreamServerImpl (ConfUtils.java:logGet(46)) - raft.datastream.type = NETTY (custom)
2023-01-10 01:13:35,382 [Listener at 127.0.0.1/44191] INFO  server.RaftServerConfigKeys (ConfUtils.java:logGet(46)) - raft.server.data-stream.async.request.thread.pool.cached = false (default)
2023-01-10 01:13:35,382 [Listener at 127.0.0.1/44191] INFO  server.RaftServerConfigKeys (ConfUtils.java:logGet(46)) - raft.server.data-stream.async.request.thread.pool.size = 20 (custom)
2023-01-10 01:13:35,383 [Listener at 127.0.0.1/44191] INFO  server.RaftServerConfigKeys (ConfUtils.java:logGet(46)) - raft.server.data-stream.async.write.thread.pool.size = 16 (default)
2023-01-10 01:13:35,383 [Listener at 127.0.0.1/44191] INFO  server.RaftServerConfigKeys (ConfUtils.java:logGet(46)) - raft.server.data-stream.client.pool.size = 10 (default)
2023-01-10 01:13:35,383 [Listener at 127.0.0.1/44191] INFO  netty.NettyConfigKeys$DataStream (ConfUtils.java:logGet(46)) - raft.netty.dataStream.server.use-epoll = false (default)
2023-01-10 01:13:35,383 [Listener at 127.0.0.1/44191] INFO  netty.NettyConfigKeys$DataStream (ConfUtils.java:logGet(46)) - raft.netty.dataStream.server.boss-group.size = 0 (default)
2023-01-10 01:13:35,383 [Listener at 127.0.0.1/44191] INFO  netty.NettyConfigKeys$DataStream (ConfUtils.java:logGet(46)) - raft.netty.dataStream.server.worker-group.size = 0 (default)
2023-01-10 01:13:35,384 [Listener at 127.0.0.1/44191] INFO  netty.NettyConfigKeys$DataStream (ConfUtils.java:logGet(46)) - raft.netty.dataStream.server.tls.conf = null (default)
2023-01-10 01:13:35,384 [Listener at 127.0.0.1/44191] INFO  netty.NettyConfigKeys$DataStream (ConfUtils.java:logGet(46)) - raft.netty.dataStream.host = null (default)
2023-01-10 01:13:35,384 [Listener at 127.0.0.1/44191] INFO  netty.NettyConfigKeys$DataStream (ConfUtils.java:logGet(46)) - raft.netty.dataStream.port = 0 (default)
2023-01-10 01:13:35,384 [Listener at 127.0.0.1/44191] INFO  server.RaftServerConfigKeys (ConfUtils.java:logGet(46)) - raft.server.threadpool.proxy.cached = true (default)
2023-01-10 01:13:35,384 [Listener at 127.0.0.1/44191] INFO  server.RaftServerConfigKeys (ConfUtils.java:logGet(46)) - raft.server.threadpool.proxy.size = 0 (default)
2023-01-10 01:13:35,385 [Listener at 127.0.0.1/44191] INFO  server.RaftServerConfigKeys (ConfUtils.java:logGet(46)) - raft.server.rpc.slowness.timeout = 300s (custom)
2023-01-10 01:13:35,385 [Listener at 127.0.0.1/44191] INFO  server.RaftServerConfigKeys (ConfUtils.java:logGet(46)) - raft.server.leaderelection.leader.step-down.wait-time = 10s (default)
2023-01-10 01:13:35,385 [Listener at 127.0.0.1/44191] INFO  server.RaftServerConfigKeys (ConfUtils.java:logGet(46)) - raft.server.storage.dir = [/home/runner/work/ozone/ozone/hadoop-ozone/integration-test/target/test-dir/MiniOzoneClusterImpl-62525788-12f1-42f6-8834-316215afea77/datanode-2/data/ratis] (custom)
2023-01-10 01:13:35,385 [1c34faa2-bf15-4077-af79-1a4fd95d48c3-NettyServerStreamRpc-bossGroup--thread1] INFO  logging.LoggingHandler (AbstractInternalLogger.java:log(148)) - [id: 0xda061201] REGISTERED
2023-01-10 01:13:35,385 [1c34faa2-bf15-4077-af79-1a4fd95d48c3-NettyServerStreamRpc-bossGroup--thread1] INFO  logging.LoggingHandler (AbstractInternalLogger.java:log(148)) - [id: 0xda061201] BIND: 0.0.0.0/0.0.0.0:0
2023-01-10 01:13:35,386 [1c34faa2-bf15-4077-af79-1a4fd95d48c3-NettyServerStreamRpc-bossGroup--thread1] INFO  logging.LoggingHandler (AbstractInternalLogger.java:log(148)) - [id: 0xda061201, L:/0:0:0:0:0:0:0:0:46641] ACTIVE
2023-01-10 01:13:35,387 [Listener at 127.0.0.1/44191] INFO  server.XceiverServerGrpc (XceiverServerGrpc.java:<init>(132)) - GrpcServer channel type EpollServerSocketChannel
2023-01-10 01:13:35,392 [Listener at 127.0.0.1/44191] INFO  http.BaseHttpServer (BaseHttpServer.java:newHttpServer2BuilderForOzone(213)) - Starting Web-server for hddsDatanode at: http://0.0.0.0:0
2023-01-10 01:13:35,392 [Listener at 127.0.0.1/44191] INFO  http.BaseHttpServer (BaseHttpServer.java:<init>(108)) - Hadoop Security Enabled: false Ozone Security Enabled: false Ozone HTTP Security Enabled: false 
2023-01-10 01:13:35,395 [Listener at 127.0.0.1/44191] WARN  server.AuthenticationFilter (AuthenticationFilter.java:constructSecretProvider(240)) - Unable to initialize FileSignerSecretProvider, falling back to use random secrets. Reason: Could not read signature secret file: /home/runner/hadoop-http-auth-signature-secret
2023-01-10 01:13:35,395 [Listener at 127.0.0.1/44191] WARN  http.HttpRequestLog (HttpRequestLog.java:getRequestLog(103)) - Jetty request log can only be enabled using Log4j
2023-01-10 01:13:35,396 [Listener at 127.0.0.1/44191] INFO  http.HttpServer2 (HttpServer2.java:addGlobalFilter(1031)) - Added global filter 'safety' (class=org.apache.hadoop.hdds.server.http.HttpServer2$QuotingInputFilter)
2023-01-10 01:13:35,397 [Listener at 127.0.0.1/44191] INFO  http.HttpServer2 (HttpServer2.java:addFilter(1007)) - Added filter static_user_filter (class=org.apache.hadoop.http.lib.StaticUserWebFilter$StaticUserFilter) to context hddsDatanode
2023-01-10 01:13:35,397 [Listener at 127.0.0.1/44191] INFO  http.HttpServer2 (HttpServer2.java:addFilter(1015)) - Added filter static_user_filter (class=org.apache.hadoop.http.lib.StaticUserWebFilter$StaticUserFilter) to context logs
2023-01-10 01:13:35,397 [Listener at 127.0.0.1/44191] INFO  http.HttpServer2 (HttpServer2.java:addFilter(1015)) - Added filter static_user_filter (class=org.apache.hadoop.http.lib.StaticUserWebFilter$StaticUserFilter) to context static
2023-01-10 01:13:35,398 [Listener at 127.0.0.1/44191] INFO  http.HttpServer2 (HttpServer2.java:bindListener(1250)) - Jetty bound to port 38265
2023-01-10 01:13:35,398 [Listener at 127.0.0.1/44191] INFO  server.Server (Server.java:doStart(375)) - jetty-9.4.49.v20220914; built: 2022-09-14T01:07:36.601Z; git: 4231a3b2e4cb8548a412a789936d640a97b1aa0a; jvm 1.8.0_352-b08
2023-01-10 01:13:35,399 [Listener at 127.0.0.1/44191] INFO  server.session (DefaultSessionIdManager.java:doStart(334)) - DefaultSessionIdManager workerName=node0
2023-01-10 01:13:35,399 [Listener at 127.0.0.1/44191] INFO  server.session (DefaultSessionIdManager.java:doStart(339)) - No SessionScavenger set, using defaults
2023-01-10 01:13:35,401 [Listener at 127.0.0.1/44191] INFO  server.session (HouseKeeper.java:startScavenging(132)) - node0 Scavenging every 600000ms
2023-01-10 01:13:35,402 [Listener at 127.0.0.1/44191] INFO  handler.ContextHandler (ContextHandler.java:doStart(921)) - Started o.e.j.s.ServletContextHandler@510a6317{logs,/logs,file:///home/runner/work/ozone/ozone/hadoop-ozone/integration-test/target/log,AVAILABLE}
2023-01-10 01:13:35,402 [Listener at 127.0.0.1/44191] INFO  handler.ContextHandler (ContextHandler.java:doStart(921)) - Started o.e.j.s.ServletContextHandler@2ea74138{static,/static,jar:file:/home/runner/.m2/repository/org/apache/ozone/hdds-container-service/1.4.0-SNAPSHOT/hdds-container-service-1.4.0-SNAPSHOT.jar!/webapps/static,AVAILABLE}
2023-01-10 01:13:35,565 [Listener at 127.0.0.1/44191] INFO  handler.ContextHandler (ContextHandler.java:doStart(921)) - Started o.e.j.w.WebAppContext@138fbbd9{hddsDatanode,/,file:///tmp/jetty-0_0_0_0-38265-hdds-container-service-1_4_0-SNAPSHOT_jar-_-any-2550166463199475698/webapp/,AVAILABLE}{jar:file:/home/runner/.m2/repository/org/apache/ozone/hdds-container-service/1.4.0-SNAPSHOT/hdds-container-service-1.4.0-SNAPSHOT.jar!/webapps/hddsDatanode}
2023-01-10 01:13:35,571 [Listener at 127.0.0.1/44191] INFO  server.AbstractConnector (AbstractConnector.java:doStart(333)) - Started ServerConnector@36e62c40{HTTP/1.1, (http/1.1)}{0.0.0.0:38265}
2023-01-10 01:13:35,572 [Listener at 127.0.0.1/44191] INFO  server.Server (Server.java:doStart(415)) - Started @117173ms
2023-01-10 01:13:35,572 [Listener at 127.0.0.1/44191] WARN  impl.MetricsSystemImpl (MetricsSystemImpl.java:register(279)) - Sink prometheus already exists!
2023-01-10 01:13:35,572 [Listener at 127.0.0.1/44191] INFO  http.BaseHttpServer (BaseHttpServer.java:updateConnectorAddress(333)) - HTTP server of hddsDatanode listening at http://0.0.0.0:38265
2023-01-10 01:13:35,573 [Listener at 127.0.0.1/44191] WARN  impl.MetricRegistriesImpl (MetricRegistriesImpl.java:addReporterRegistration(111)) - New reporters are added after registries were created. Some metrics will be missing from the reporter. Please add reporter before adding any new registry.
2023-01-10 01:13:35,573 [Listener at 127.0.0.1/44191] WARN  impl.MetricRegistriesImpl (MetricRegistriesImpl.java:addReporterRegistration(111)) - New reporters are added after registries were created. Some metrics will be missing from the reporter. Please add reporter before adding any new registry.
2023-01-10 01:13:35,573 [Listener at 127.0.0.1/44191] INFO  impl.MetricsSystemImpl (MetricsSystemImpl.java:init(158)) - HddsDatanode metrics system started (again)
2023-01-10 01:13:35,580 [Datanode State Machine Daemon Thread] INFO  statemachine.DatanodeStateMachine (DatanodeStateMachine.java:lambda$startDaemon$0(508)) - Ozone container server started.
2023-01-10 01:13:35,586 [Listener at 127.0.0.1/44191] INFO  ozone.HddsDatanodeService (HddsDatanodeService.java:start(228)) - HddsDatanodeService host:fv-az353-623.tkyx2seitsuu3nmpmouz2httfb.bx.internal.cloudapp.net ip:10.1.0.24
2023-01-10 01:13:35,593 [org.apache.hadoop.util.JvmPauseMonitor$Monitor@7597480c] INFO  util.JvmPauseMonitor (JvmPauseMonitor.java:run(188)) - Starting JVM pause monitor
2023-01-10 01:13:35,596 [Datanode State Machine Task Thread - 0] INFO  datanode.InitDatanodeState (InitDatanodeState.java:persistContainerDatanodeDetails(138)) - DatanodeDetails is persisted to /home/runner/work/ozone/ozone/hadoop-ozone/integration-test/target/test-dir/MiniOzoneClusterImpl-62525788-12f1-42f6-8834-316215afea77/datanode-2/meta/datanode.id
2023-01-10 01:13:35,611 [Listener at 127.0.0.1/44191] INFO  upgrade.AbstractLayoutVersionManager (AbstractLayoutVersionManager.java:init(83)) - Initializing Layout version manager with metadata layout = DATANODE_SCHEMA_V3 (version = 4), software layout = DATANODE_SCHEMA_V3 (version = 4)
2023-01-10 01:13:35,655 [Listener at 127.0.0.1/44191] INFO  reflections.Reflections (Reflections.java:scan(232)) - Reflections took 43 ms to scan 7 urls, producing 146 keys and 350 values 
2023-01-10 01:13:35,657 [Listener at 127.0.0.1/44191] INFO  statemachine.DatanodeStateMachine (DatanodeStateMachine.java:getEndPointTaskThreadPoolSize(248)) - Datanode State Machine Task Thread Pool size 2
2023-01-10 01:13:35,663 [Listener at 127.0.0.1/44191] INFO  volume.HddsVolume (HddsVolume.java:<init>(117)) - Creating HddsVolume: /home/runner/work/ozone/ozone/hadoop-ozone/integration-test/target/test-dir/MiniOzoneClusterImpl-62525788-12f1-42f6-8834-316215afea77/datanode-3/data-0/containers/hdds of storage type : DISK capacity : 9223372036854775807
2023-01-10 01:13:35,664 [Listener at 127.0.0.1/44191] INFO  volume.MutableVolumeSet (MutableVolumeSet.java:initializeVolumeSet(174)) - Added Volume : /home/runner/work/ozone/ozone/hadoop-ozone/integration-test/target/test-dir/MiniOzoneClusterImpl-62525788-12f1-42f6-8834-316215afea77/datanode-3/data-0/containers/hdds to VolumeSet
2023-01-10 01:13:35,664 [Listener at 127.0.0.1/44191] INFO  volume.ThrottledAsyncChecker (ThrottledAsyncChecker.java:schedule(141)) - Scheduling a check for /home/runner/work/ozone/ozone/hadoop-ozone/integration-test/target/test-dir/MiniOzoneClusterImpl-62525788-12f1-42f6-8834-316215afea77/datanode-3/data-0/containers/hdds
2023-01-10 01:13:35,667 [Listener at 127.0.0.1/44191] INFO  volume.StorageVolumeChecker (StorageVolumeChecker.java:checkAllVolumes(202)) - Scheduled health check for volume /home/runner/work/ozone/ozone/hadoop-ozone/integration-test/target/test-dir/MiniOzoneClusterImpl-62525788-12f1-42f6-8834-316215afea77/datanode-3/data-0/containers/hdds
2023-01-10 01:13:35,669 [om1@group-C5BA1605619E-FollowerState] INFO  impl.FollowerState (FollowerState.java:run(143)) - om1@group-C5BA1605619E-FollowerState: change to CANDIDATE, lastRpcElapsedTime:1128352485ns, electionTimeout:1125ms
2023-01-10 01:13:35,670 [om1@group-C5BA1605619E-FollowerState] INFO  impl.RoleInfo (RoleInfo.java:shutdownFollowerState(110)) - om1: shutdown om1@group-C5BA1605619E-FollowerState
2023-01-10 01:13:35,670 [om1@group-C5BA1605619E-FollowerState] INFO  server.RaftServer$Division (RaftServerImpl.java:setRole(321)) - om1@group-C5BA1605619E: changes role from  FOLLOWER to CANDIDATE at term 0 for changeToCandidate
2023-01-10 01:13:35,670 [om1@group-C5BA1605619E-FollowerState] INFO  server.RaftServerConfigKeys (ConfUtils.java:logGet(46)) - raft.server.leaderelection.pre-vote = false (custom)
2023-01-10 01:13:35,670 [om1@group-C5BA1605619E-FollowerState] INFO  impl.RoleInfo (RoleInfo.java:updateAndGet(139)) - om1: start om1@group-C5BA1605619E-LeaderElection21
2023-01-10 01:13:35,689 [Listener at 127.0.0.1/44191] INFO  volume.MutableVolumeSet (MutableVolumeSet.java:initializeVolumeSet(174)) - Added Volume : /home/runner/work/ozone/ozone/hadoop-ozone/integration-test/target/test-dir/MiniOzoneClusterImpl-62525788-12f1-42f6-8834-316215afea77/datanode-3/data/ratis to VolumeSet
2023-01-10 01:13:35,689 [Listener at 127.0.0.1/44191] INFO  volume.ThrottledAsyncChecker (ThrottledAsyncChecker.java:schedule(141)) - Scheduling a check for /home/runner/work/ozone/ozone/hadoop-ozone/integration-test/target/test-dir/MiniOzoneClusterImpl-62525788-12f1-42f6-8834-316215afea77/datanode-3/data/ratis
2023-01-10 01:13:35,690 [Listener at 127.0.0.1/44191] INFO  volume.StorageVolumeChecker (StorageVolumeChecker.java:checkAllVolumes(202)) - Scheduled health check for volume /home/runner/work/ozone/ozone/hadoop-ozone/integration-test/target/test-dir/MiniOzoneClusterImpl-62525788-12f1-42f6-8834-316215afea77/datanode-3/data/ratis
2023-01-10 01:13:35,691 [om1@group-C5BA1605619E-LeaderElection21] INFO  impl.LeaderElection (LeaderElection.java:askForVotes(312)) - om1@group-C5BA1605619E-LeaderElection21 ELECTION round 0: submit vote requests at term 1 for -1: peers:[om1|rpc:localhost:9872|priority:0|startupRole:FOLLOWER]|listeners:[], old=null
2023-01-10 01:13:35,691 [om1@group-C5BA1605619E-LeaderElection21] INFO  impl.LeaderElection (LeaderElection.java:askForVotes(314)) - om1@group-C5BA1605619E-LeaderElection21 ELECTION round 0: result PASSED (term=1)
2023-01-10 01:13:35,691 [om1@group-C5BA1605619E-LeaderElection21] INFO  impl.RoleInfo (RoleInfo.java:shutdownLeaderElection(130)) - om1: shutdown om1@group-C5BA1605619E-LeaderElection21
2023-01-10 01:13:35,692 [om1@group-C5BA1605619E-LeaderElection21] INFO  server.RaftServer$Division (RaftServerImpl.java:setRole(321)) - om1@group-C5BA1605619E: changes role from CANDIDATE to LEADER at term 1 for changeToLeader
2023-01-10 01:13:35,692 [om1@group-C5BA1605619E-LeaderElection21] INFO  server.RaftServer$Division (ServerState.java:setLeader(313)) - om1@group-C5BA1605619E: change Leader from null to om1 at term 1 for becomeLeader, leader elected after 1482ms
2023-01-10 01:13:35,692 [om1@group-C5BA1605619E-LeaderElection21] INFO  server.RaftServerConfigKeys (ConfUtils.java:logGet(46)) - raft.server.staging.catchup.gap = 1000 (default)
2023-01-10 01:13:35,692 [om1@group-C5BA1605619E-LeaderElection21] INFO  server.RaftServerConfigKeys (ConfUtils.java:logGet(46)) - raft.server.write.element-limit = 4096 (default)
2023-01-10 01:13:35,692 [om1@group-C5BA1605619E-LeaderElection21] INFO  server.RaftServerConfigKeys (ConfUtils.java:logGet(46)) - raft.server.write.byte-limit = 64MB (=67108864) (default)
2023-01-10 01:13:35,692 [om1@group-C5BA1605619E-LeaderElection21] INFO  server.RaftServerConfigKeys (ConfUtils.java:logGet(46)) - raft.server.watch.timeout = 10s (default)
2023-01-10 01:13:35,692 [om1@group-C5BA1605619E-LeaderElection21] INFO  server.RaftServerConfigKeys (ConfUtils.java:logGet(46)) - raft.server.watch.timeout.denomination = 1s (default)
2023-01-10 01:13:35,692 [om1@group-C5BA1605619E-LeaderElection21] INFO  server.RaftServerConfigKeys (ConfUtils.java:logGet(46)) - raft.server.watch.element-limit = 65536 (default)
2023-01-10 01:13:35,692 [om1@group-C5BA1605619E-LeaderElection21] INFO  server.RaftServerConfigKeys (ConfUtils.java:logGet(46)) - raft.server.write.element-limit = 4096 (default)
2023-01-10 01:13:35,692 [om1@group-C5BA1605619E-LeaderElection21] INFO  server.RaftServerConfigKeys (ConfUtils.java:logGet(46)) - raft.server.write.follower.gap.ratio.max = -1.0 (default)
2023-01-10 01:13:35,692 [om1@group-C5BA1605619E-LeaderElection21] INFO  impl.RoleInfo (RoleInfo.java:updateAndGet(139)) - om1: start om1@group-C5BA1605619E-LeaderStateImpl
2023-01-10 01:13:35,692 [om1@group-C5BA1605619E-LeaderElection21] INFO  segmented.SegmentedRaftLogWorker (SegmentedRaftLogWorker.java:startLogSegment(452)) - om1@group-C5BA1605619E-SegmentedRaftLogWorker: Starting segment from index:0
2023-01-10 01:13:35,702 [om1@group-C5BA1605619E-LeaderElection21] INFO  server.RaftServer$Division (ServerState.java:setRaftConf(430)) - om1@group-C5BA1605619E: set configuration 0: peers:[om1|rpc:localhost:9872|admin:|client:|dataStream:|priority:0|startupRole:FOLLOWER]|listeners:[], old=null
2023-01-10 01:13:35,703 [om1@group-C5BA1605619E-SegmentedRaftLogWorker] INFO  segmented.SegmentedRaftLogWorker (SegmentedRaftLogWorker.java:execute(656)) - om1@group-C5BA1605619E-SegmentedRaftLogWorker: created new log segment /home/runner/work/ozone/ozone/hadoop-ozone/integration-test/target/test-dir/MiniOzoneClusterImpl-62525788-12f1-42f6-8834-316215afea77/ozone-meta/ratis/bf265839-605b-3f16-9796-c5ba1605619e/current/log_inprogress_0
2023-01-10 01:13:35,704 [om1@group-C5BA1605619E-StateMachineUpdater] INFO  ratis.OzoneManagerStateMachine (OzoneManagerStateMachine.java:notifyConfigurationChanged(192)) - Received Configuration change notification from Ratis. New Peer list:
[id: "om1"
address: "localhost:9872"
startupRole: FOLLOWER
]
2023-01-10 01:13:35,713 [Thread-971] INFO  ozoneimpl.ContainerReader (ContainerReader.java:readVolume(175)) - Finish verifying containers on volume /home/runner/work/ozone/ozone/hadoop-ozone/integration-test/target/test-dir/MiniOzoneClusterImpl-62525788-12f1-42f6-8834-316215afea77/datanode-3/data-0/containers/hdds
2023-01-10 01:13:35,713 [Listener at 127.0.0.1/44191] INFO  ozoneimpl.OzoneContainer (OzoneContainer.java:buildContainerSet(301)) - Build ContainerSet costs 0s
2023-01-10 01:13:35,715 [Listener at 127.0.0.1/44191] INFO  server.RaftServer (ConfUtils.java:logGet(46)) - raft.rpc.type = GRPC (default)
2023-01-10 01:13:35,715 [Listener at 127.0.0.1/44191] INFO  grpc.GrpcConfigKeys (ConfUtils.java:logFallback(53)) - raft.grpc.admin.host = null (fallback to raft.grpc.server.host)
2023-01-10 01:13:35,715 [Listener at 127.0.0.1/44191] INFO  grpc.GrpcConfigKeys (ConfUtils.java:logGet(46)) - raft.grpc.admin.port = 0 (custom)
2023-01-10 01:13:35,715 [Listener at 127.0.0.1/44191] INFO  grpc.GrpcConfigKeys (ConfUtils.java:logFallback(53)) - raft.grpc.client.host = null (fallback to raft.grpc.server.host)
2023-01-10 01:13:35,716 [Listener at 127.0.0.1/44191] INFO  grpc.GrpcConfigKeys (ConfUtils.java:logGet(46)) - raft.grpc.client.port = 0 (custom)
2023-01-10 01:13:35,716 [Listener at 127.0.0.1/44191] INFO  grpc.GrpcConfigKeys (ConfUtils.java:logGet(46)) - raft.grpc.server.host = null (default)
2023-01-10 01:13:35,716 [Listener at 127.0.0.1/44191] INFO  grpc.GrpcConfigKeys (ConfUtils.java:logGet(46)) - raft.grpc.server.port = 0 (default)
2023-01-10 01:13:35,716 [Listener at 127.0.0.1/44191] INFO  server.GrpcService (ConfUtils.java:logGet(46)) - raft.grpc.message.size.max = 32MB (=33554432) (custom)
2023-01-10 01:13:35,717 [Listener at 127.0.0.1/44191] INFO  server.RaftServerConfigKeys (ConfUtils.java:logGet(46)) - raft.server.log.appender.buffer.byte-limit = 33554432 (custom)
2023-01-10 01:13:35,717 [Listener at 127.0.0.1/44191] INFO  server.GrpcService (ConfUtils.java:logGet(46)) - raft.grpc.flow.control.window = 5MB (=5242880) (custom)
2023-01-10 01:13:35,717 [Listener at 127.0.0.1/44191] INFO  server.RaftServerConfigKeys (ConfUtils.java:logGet(46)) - raft.server.rpc.request.timeout = 60s (custom)
2023-01-10 01:13:35,717 [Listener at 127.0.0.1/44191] INFO  grpc.GrpcConfigKeys (ConfUtils.java:logGet(46)) - raft.grpc.server.heartbeat.channel = true (default)
2023-01-10 01:13:35,717 [Listener at 127.0.0.1/44191] INFO  grpc.GrpcConfigKeys (ConfUtils.java:logGet(46)) - raft.grpc.server.async.request.thread.pool.cached = true (default)
2023-01-10 01:13:35,717 [Listener at 127.0.0.1/44191] INFO  grpc.GrpcConfigKeys (ConfUtils.java:logGet(46)) - raft.grpc.server.async.request.thread.pool.size = 32 (default)
2023-01-10 01:13:35,718 [Listener at 127.0.0.1/44191] INFO  impl.DataStreamServerImpl (ConfUtils.java:logGet(46)) - raft.datastream.type = NETTY (custom)
2023-01-10 01:13:35,718 [Listener at 127.0.0.1/44191] INFO  server.RaftServerConfigKeys (ConfUtils.java:logGet(46)) - raft.server.data-stream.async.request.thread.pool.cached = false (default)
2023-01-10 01:13:35,719 [Listener at 127.0.0.1/44191] INFO  server.RaftServerConfigKeys (ConfUtils.java:logGet(46)) - raft.server.data-stream.async.request.thread.pool.size = 20 (custom)
2023-01-10 01:13:35,719 [Listener at 127.0.0.1/44191] INFO  server.RaftServerConfigKeys (ConfUtils.java:logGet(46)) - raft.server.data-stream.async.write.thread.pool.size = 16 (default)
2023-01-10 01:13:35,719 [Listener at 127.0.0.1/44191] INFO  server.RaftServerConfigKeys (ConfUtils.java:logGet(46)) - raft.server.data-stream.client.pool.size = 10 (default)
2023-01-10 01:13:35,719 [Listener at 127.0.0.1/44191] INFO  netty.NettyConfigKeys$DataStream (ConfUtils.java:logGet(46)) - raft.netty.dataStream.server.use-epoll = false (default)
2023-01-10 01:13:35,719 [Listener at 127.0.0.1/44191] INFO  netty.NettyConfigKeys$DataStream (ConfUtils.java:logGet(46)) - raft.netty.dataStream.server.boss-group.size = 0 (default)
2023-01-10 01:13:35,719 [Listener at 127.0.0.1/44191] INFO  netty.NettyConfigKeys$DataStream (ConfUtils.java:logGet(46)) - raft.netty.dataStream.server.worker-group.size = 0 (default)
2023-01-10 01:13:35,720 [Listener at 127.0.0.1/44191] INFO  netty.NettyConfigKeys$DataStream (ConfUtils.java:logGet(46)) - raft.netty.dataStream.server.tls.conf = null (default)
2023-01-10 01:13:35,720 [Listener at 127.0.0.1/44191] INFO  netty.NettyConfigKeys$DataStream (ConfUtils.java:logGet(46)) - raft.netty.dataStream.host = null (default)
2023-01-10 01:13:35,720 [Listener at 127.0.0.1/44191] INFO  netty.NettyConfigKeys$DataStream (ConfUtils.java:logGet(46)) - raft.netty.dataStream.port = 0 (default)
2023-01-10 01:13:35,720 [Listener at 127.0.0.1/44191] INFO  server.RaftServerConfigKeys (ConfUtils.java:logGet(46)) - raft.server.threadpool.proxy.cached = true (default)
2023-01-10 01:13:35,721 [Listener at 127.0.0.1/44191] INFO  server.RaftServerConfigKeys (ConfUtils.java:logGet(46)) - raft.server.threadpool.proxy.size = 0 (default)
2023-01-10 01:13:35,721 [Listener at 127.0.0.1/44191] INFO  server.RaftServerConfigKeys (ConfUtils.java:logGet(46)) - raft.server.rpc.slowness.timeout = 300s (custom)
2023-01-10 01:13:35,721 [Listener at 127.0.0.1/44191] INFO  server.RaftServerConfigKeys (ConfUtils.java:logGet(46)) - raft.server.leaderelection.leader.step-down.wait-time = 10s (default)
2023-01-10 01:13:35,721 [Listener at 127.0.0.1/44191] INFO  server.RaftServerConfigKeys (ConfUtils.java:logGet(46)) - raft.server.storage.dir = [/home/runner/work/ozone/ozone/hadoop-ozone/integration-test/target/test-dir/MiniOzoneClusterImpl-62525788-12f1-42f6-8834-316215afea77/datanode-3/data/ratis] (custom)
2023-01-10 01:13:35,721 [afa38d33-fc19-42e5-bc19-641228a4898b-NettyServerStreamRpc-bossGroup--thread1] INFO  logging.LoggingHandler (AbstractInternalLogger.java:log(148)) - [id: 0x59089fa0] REGISTERED
2023-01-10 01:13:35,722 [afa38d33-fc19-42e5-bc19-641228a4898b-NettyServerStreamRpc-bossGroup--thread1] INFO  logging.LoggingHandler (AbstractInternalLogger.java:log(148)) - [id: 0x59089fa0] BIND: 0.0.0.0/0.0.0.0:0
2023-01-10 01:13:35,722 [afa38d33-fc19-42e5-bc19-641228a4898b-NettyServerStreamRpc-bossGroup--thread1] INFO  logging.LoggingHandler (AbstractInternalLogger.java:log(148)) - [id: 0x59089fa0, L:/0:0:0:0:0:0:0:0:33715] ACTIVE
2023-01-10 01:13:35,723 [Listener at 127.0.0.1/44191] INFO  server.XceiverServerGrpc (XceiverServerGrpc.java:<init>(132)) - GrpcServer channel type EpollServerSocketChannel
2023-01-10 01:13:35,727 [Listener at 127.0.0.1/44191] INFO  http.BaseHttpServer (BaseHttpServer.java:newHttpServer2BuilderForOzone(213)) - Starting Web-server for hddsDatanode at: http://0.0.0.0:0
2023-01-10 01:13:35,727 [Listener at 127.0.0.1/44191] INFO  http.BaseHttpServer (BaseHttpServer.java:<init>(108)) - Hadoop Security Enabled: false Ozone Security Enabled: false Ozone HTTP Security Enabled: false 
2023-01-10 01:13:35,728 [Listener at 127.0.0.1/44191] WARN  server.AuthenticationFilter (AuthenticationFilter.java:constructSecretProvider(240)) - Unable to initialize FileSignerSecretProvider, falling back to use random secrets. Reason: Could not read signature secret file: /home/runner/hadoop-http-auth-signature-secret
2023-01-10 01:13:35,728 [Listener at 127.0.0.1/44191] WARN  http.HttpRequestLog (HttpRequestLog.java:getRequestLog(103)) - Jetty request log can only be enabled using Log4j
2023-01-10 01:13:35,730 [Listener at 127.0.0.1/44191] INFO  http.HttpServer2 (HttpServer2.java:addGlobalFilter(1031)) - Added global filter 'safety' (class=org.apache.hadoop.hdds.server.http.HttpServer2$QuotingInputFilter)
2023-01-10 01:13:35,730 [Listener at 127.0.0.1/44191] INFO  http.HttpServer2 (HttpServer2.java:addFilter(1007)) - Added filter static_user_filter (class=org.apache.hadoop.http.lib.StaticUserWebFilter$StaticUserFilter) to context hddsDatanode
2023-01-10 01:13:35,730 [Listener at 127.0.0.1/44191] INFO  http.HttpServer2 (HttpServer2.java:addFilter(1015)) - Added filter static_user_filter (class=org.apache.hadoop.http.lib.StaticUserWebFilter$StaticUserFilter) to context logs
2023-01-10 01:13:35,730 [Listener at 127.0.0.1/44191] INFO  http.HttpServer2 (HttpServer2.java:addFilter(1015)) - Added filter static_user_filter (class=org.apache.hadoop.http.lib.StaticUserWebFilter$StaticUserFilter) to context static
2023-01-10 01:13:35,731 [Listener at 127.0.0.1/44191] INFO  http.HttpServer2 (HttpServer2.java:bindListener(1250)) - Jetty bound to port 39137
2023-01-10 01:13:35,731 [Listener at 127.0.0.1/44191] INFO  server.Server (Server.java:doStart(375)) - jetty-9.4.49.v20220914; built: 2022-09-14T01:07:36.601Z; git: 4231a3b2e4cb8548a412a789936d640a97b1aa0a; jvm 1.8.0_352-b08
2023-01-10 01:13:35,732 [Listener at 127.0.0.1/44191] INFO  server.session (DefaultSessionIdManager.java:doStart(334)) - DefaultSessionIdManager workerName=node0
2023-01-10 01:13:35,732 [Listener at 127.0.0.1/44191] INFO  server.session (DefaultSessionIdManager.java:doStart(339)) - No SessionScavenger set, using defaults
2023-01-10 01:13:35,732 [Listener at 127.0.0.1/44191] INFO  server.session (HouseKeeper.java:startScavenging(132)) - node0 Scavenging every 660000ms
2023-01-10 01:13:35,733 [Listener at 127.0.0.1/44191] INFO  handler.ContextHandler (ContextHandler.java:doStart(921)) - Started o.e.j.s.ServletContextHandler@13e87a4e{logs,/logs,file:///home/runner/work/ozone/ozone/hadoop-ozone/integration-test/target/log,AVAILABLE}
2023-01-10 01:13:35,733 [Listener at 127.0.0.1/44191] INFO  handler.ContextHandler (ContextHandler.java:doStart(921)) - Started o.e.j.s.ServletContextHandler@2455bb88{static,/static,jar:file:/home/runner/.m2/repository/org/apache/ozone/hdds-container-service/1.4.0-SNAPSHOT/hdds-container-service-1.4.0-SNAPSHOT.jar!/webapps/static,AVAILABLE}
2023-01-10 01:13:35,900 [Listener at 127.0.0.1/44191] INFO  handler.ContextHandler (ContextHandler.java:doStart(921)) - Started o.e.j.w.WebAppContext@1c8960cb{hddsDatanode,/,file:///tmp/jetty-0_0_0_0-39137-hdds-container-service-1_4_0-SNAPSHOT_jar-_-any-8009496684171258801/webapp/,AVAILABLE}{jar:file:/home/runner/.m2/repository/org/apache/ozone/hdds-container-service/1.4.0-SNAPSHOT/hdds-container-service-1.4.0-SNAPSHOT.jar!/webapps/hddsDatanode}
2023-01-10 01:13:35,901 [Listener at 127.0.0.1/44191] INFO  server.AbstractConnector (AbstractConnector.java:doStart(333)) - Started ServerConnector@1069a876{HTTP/1.1, (http/1.1)}{0.0.0.0:39137}
2023-01-10 01:13:35,901 [Listener at 127.0.0.1/44191] INFO  server.Server (Server.java:doStart(415)) - Started @117503ms
2023-01-10 01:13:35,901 [Listener at 127.0.0.1/44191] WARN  impl.MetricsSystemImpl (MetricsSystemImpl.java:register(279)) - Sink prometheus already exists!
2023-01-10 01:13:35,902 [Listener at 127.0.0.1/44191] INFO  http.BaseHttpServer (BaseHttpServer.java:updateConnectorAddress(333)) - HTTP server of hddsDatanode listening at http://0.0.0.0:39137
2023-01-10 01:13:35,902 [Datanode State Machine Daemon Thread] INFO  statemachine.DatanodeStateMachine (DatanodeStateMachine.java:lambda$startDaemon$0(508)) - Ozone container server started.
2023-01-10 01:13:35,902 [Listener at 127.0.0.1/44191] WARN  impl.MetricRegistriesImpl (MetricRegistriesImpl.java:addReporterRegistration(111)) - New reporters are added after registries were created. Some metrics will be missing from the reporter. Please add reporter before adding any new registry.
2023-01-10 01:13:35,904 [Listener at 127.0.0.1/44191] WARN  impl.MetricRegistriesImpl (MetricRegistriesImpl.java:addReporterRegistration(111)) - New reporters are added after registries were created. Some metrics will be missing from the reporter. Please add reporter before adding any new registry.
2023-01-10 01:13:35,904 [Listener at 127.0.0.1/44191] INFO  impl.MetricsSystemImpl (MetricsSystemImpl.java:init(158)) - HddsDatanode metrics system started (again)
2023-01-10 01:13:35,912 [Datanode State Machine Task Thread - 0] INFO  datanode.InitDatanodeState (InitDatanodeState.java:persistContainerDatanodeDetails(138)) - DatanodeDetails is persisted to /home/runner/work/ozone/ozone/hadoop-ozone/integration-test/target/test-dir/MiniOzoneClusterImpl-62525788-12f1-42f6-8834-316215afea77/datanode-3/meta/datanode.id
2023-01-10 01:13:35,908 [org.apache.hadoop.util.JvmPauseMonitor$Monitor@90d3397] INFO  util.JvmPauseMonitor (JvmPauseMonitor.java:run(188)) - Starting JVM pause monitor
2023-01-10 01:13:35,925 [Listener at 127.0.0.1/44191] INFO  ozone.HddsDatanodeService (HddsDatanodeService.java:start(228)) - HddsDatanodeService host:fv-az353-623.tkyx2seitsuu3nmpmouz2httfb.bx.internal.cloudapp.net ip:10.1.0.24
2023-01-10 01:13:35,948 [Listener at 127.0.0.1/44191] INFO  upgrade.AbstractLayoutVersionManager (AbstractLayoutVersionManager.java:init(83)) - Initializing Layout version manager with metadata layout = DATANODE_SCHEMA_V3 (version = 4), software layout = DATANODE_SCHEMA_V3 (version = 4)
2023-01-10 01:13:35,993 [Listener at 127.0.0.1/44191] INFO  reflections.Reflections (Reflections.java:scan(232)) - Reflections took 44 ms to scan 7 urls, producing 146 keys and 350 values 
2023-01-10 01:13:35,994 [Listener at 127.0.0.1/44191] INFO  statemachine.DatanodeStateMachine (DatanodeStateMachine.java:getEndPointTaskThreadPoolSize(248)) - Datanode State Machine Task Thread Pool size 2
2023-01-10 01:13:35,997 [Listener at 127.0.0.1/44191] INFO  volume.HddsVolume (HddsVolume.java:<init>(117)) - Creating HddsVolume: /home/runner/work/ozone/ozone/hadoop-ozone/integration-test/target/test-dir/MiniOzoneClusterImpl-62525788-12f1-42f6-8834-316215afea77/datanode-4/data-0/containers/hdds of storage type : DISK capacity : 9223372036854775807
2023-01-10 01:13:35,997 [Listener at 127.0.0.1/44191] INFO  volume.MutableVolumeSet (MutableVolumeSet.java:initializeVolumeSet(174)) - Added Volume : /home/runner/work/ozone/ozone/hadoop-ozone/integration-test/target/test-dir/MiniOzoneClusterImpl-62525788-12f1-42f6-8834-316215afea77/datanode-4/data-0/containers/hdds to VolumeSet
2023-01-10 01:13:35,997 [Listener at 127.0.0.1/44191] INFO  volume.ThrottledAsyncChecker (ThrottledAsyncChecker.java:schedule(141)) - Scheduling a check for /home/runner/work/ozone/ozone/hadoop-ozone/integration-test/target/test-dir/MiniOzoneClusterImpl-62525788-12f1-42f6-8834-316215afea77/datanode-4/data-0/containers/hdds
2023-01-10 01:13:35,998 [Listener at 127.0.0.1/44191] INFO  volume.StorageVolumeChecker (StorageVolumeChecker.java:checkAllVolumes(202)) - Scheduled health check for volume /home/runner/work/ozone/ozone/hadoop-ozone/integration-test/target/test-dir/MiniOzoneClusterImpl-62525788-12f1-42f6-8834-316215afea77/datanode-4/data-0/containers/hdds
2023-01-10 01:13:36,008 [Listener at 127.0.0.1/44191] INFO  volume.MutableVolumeSet (MutableVolumeSet.java:initializeVolumeSet(174)) - Added Volume : /home/runner/work/ozone/ozone/hadoop-ozone/integration-test/target/test-dir/MiniOzoneClusterImpl-62525788-12f1-42f6-8834-316215afea77/datanode-4/data/ratis to VolumeSet
2023-01-10 01:13:36,008 [Listener at 127.0.0.1/44191] INFO  volume.ThrottledAsyncChecker (ThrottledAsyncChecker.java:schedule(141)) - Scheduling a check for /home/runner/work/ozone/ozone/hadoop-ozone/integration-test/target/test-dir/MiniOzoneClusterImpl-62525788-12f1-42f6-8834-316215afea77/datanode-4/data/ratis
2023-01-10 01:13:36,008 [Listener at 127.0.0.1/44191] INFO  volume.StorageVolumeChecker (StorageVolumeChecker.java:checkAllVolumes(202)) - Scheduled health check for volume /home/runner/work/ozone/ozone/hadoop-ozone/integration-test/target/test-dir/MiniOzoneClusterImpl-62525788-12f1-42f6-8834-316215afea77/datanode-4/data/ratis
2023-01-10 01:13:36,022 [Thread-985] INFO  ozoneimpl.ContainerReader (ContainerReader.java:readVolume(175)) - Finish verifying containers on volume /home/runner/work/ozone/ozone/hadoop-ozone/integration-test/target/test-dir/MiniOzoneClusterImpl-62525788-12f1-42f6-8834-316215afea77/datanode-4/data-0/containers/hdds
2023-01-10 01:13:36,022 [Listener at 127.0.0.1/44191] INFO  ozoneimpl.OzoneContainer (OzoneContainer.java:buildContainerSet(301)) - Build ContainerSet costs 0s
2023-01-10 01:13:36,025 [Listener at 127.0.0.1/44191] INFO  server.RaftServer (ConfUtils.java:logGet(46)) - raft.rpc.type = GRPC (default)
2023-01-10 01:13:36,025 [Listener at 127.0.0.1/44191] INFO  grpc.GrpcConfigKeys (ConfUtils.java:logFallback(53)) - raft.grpc.admin.host = null (fallback to raft.grpc.server.host)
2023-01-10 01:13:36,025 [Listener at 127.0.0.1/44191] INFO  grpc.GrpcConfigKeys (ConfUtils.java:logGet(46)) - raft.grpc.admin.port = 0 (custom)
2023-01-10 01:13:36,025 [Listener at 127.0.0.1/44191] INFO  grpc.GrpcConfigKeys (ConfUtils.java:logFallback(53)) - raft.grpc.client.host = null (fallback to raft.grpc.server.host)
2023-01-10 01:13:36,026 [Listener at 127.0.0.1/44191] INFO  grpc.GrpcConfigKeys (ConfUtils.java:logGet(46)) - raft.grpc.client.port = 0 (custom)
2023-01-10 01:13:36,026 [Listener at 127.0.0.1/44191] INFO  grpc.GrpcConfigKeys (ConfUtils.java:logGet(46)) - raft.grpc.server.host = null (default)
2023-01-10 01:13:36,026 [Listener at 127.0.0.1/44191] INFO  grpc.GrpcConfigKeys (ConfUtils.java:logGet(46)) - raft.grpc.server.port = 0 (default)
2023-01-10 01:13:36,026 [Listener at 127.0.0.1/44191] INFO  server.GrpcService (ConfUtils.java:logGet(46)) - raft.grpc.message.size.max = 32MB (=33554432) (custom)
2023-01-10 01:13:36,026 [Listener at 127.0.0.1/44191] INFO  server.RaftServerConfigKeys (ConfUtils.java:logGet(46)) - raft.server.log.appender.buffer.byte-limit = 33554432 (custom)
2023-01-10 01:13:36,026 [Listener at 127.0.0.1/44191] INFO  server.GrpcService (ConfUtils.java:logGet(46)) - raft.grpc.flow.control.window = 5MB (=5242880) (custom)
2023-01-10 01:13:36,026 [Listener at 127.0.0.1/44191] INFO  server.RaftServerConfigKeys (ConfUtils.java:logGet(46)) - raft.server.rpc.request.timeout = 60s (custom)
2023-01-10 01:13:36,026 [Listener at 127.0.0.1/44191] INFO  grpc.GrpcConfigKeys (ConfUtils.java:logGet(46)) - raft.grpc.server.heartbeat.channel = true (default)
2023-01-10 01:13:36,027 [Listener at 127.0.0.1/44191] INFO  grpc.GrpcConfigKeys (ConfUtils.java:logGet(46)) - raft.grpc.server.async.request.thread.pool.cached = true (default)
2023-01-10 01:13:36,027 [Listener at 127.0.0.1/44191] INFO  grpc.GrpcConfigKeys (ConfUtils.java:logGet(46)) - raft.grpc.server.async.request.thread.pool.size = 32 (default)
2023-01-10 01:13:36,028 [Listener at 127.0.0.1/44191] INFO  impl.DataStreamServerImpl (ConfUtils.java:logGet(46)) - raft.datastream.type = NETTY (custom)
2023-01-10 01:13:36,028 [Listener at 127.0.0.1/44191] INFO  server.RaftServerConfigKeys (ConfUtils.java:logGet(46)) - raft.server.data-stream.async.request.thread.pool.cached = false (default)
2023-01-10 01:13:36,028 [Listener at 127.0.0.1/44191] INFO  server.RaftServerConfigKeys (ConfUtils.java:logGet(46)) - raft.server.data-stream.async.request.thread.pool.size = 20 (custom)
2023-01-10 01:13:36,028 [Listener at 127.0.0.1/44191] INFO  server.RaftServerConfigKeys (ConfUtils.java:logGet(46)) - raft.server.data-stream.async.write.thread.pool.size = 16 (default)
2023-01-10 01:13:36,029 [Listener at 127.0.0.1/44191] INFO  server.RaftServerConfigKeys (ConfUtils.java:logGet(46)) - raft.server.data-stream.client.pool.size = 10 (default)
2023-01-10 01:13:36,029 [Listener at 127.0.0.1/44191] INFO  netty.NettyConfigKeys$DataStream (ConfUtils.java:logGet(46)) - raft.netty.dataStream.server.use-epoll = false (default)
2023-01-10 01:13:36,029 [Listener at 127.0.0.1/44191] INFO  netty.NettyConfigKeys$DataStream (ConfUtils.java:logGet(46)) - raft.netty.dataStream.server.boss-group.size = 0 (default)
2023-01-10 01:13:36,029 [Listener at 127.0.0.1/44191] INFO  netty.NettyConfigKeys$DataStream (ConfUtils.java:logGet(46)) - raft.netty.dataStream.server.worker-group.size = 0 (default)
2023-01-10 01:13:36,030 [Listener at 127.0.0.1/44191] INFO  netty.NettyConfigKeys$DataStream (ConfUtils.java:logGet(46)) - raft.netty.dataStream.server.tls.conf = null (default)
2023-01-10 01:13:36,030 [Listener at 127.0.0.1/44191] INFO  netty.NettyConfigKeys$DataStream (ConfUtils.java:logGet(46)) - raft.netty.dataStream.host = null (default)
2023-01-10 01:13:36,030 [Listener at 127.0.0.1/44191] INFO  netty.NettyConfigKeys$DataStream (ConfUtils.java:logGet(46)) - raft.netty.dataStream.port = 0 (default)
2023-01-10 01:13:36,030 [Listener at 127.0.0.1/44191] INFO  server.RaftServerConfigKeys (ConfUtils.java:logGet(46)) - raft.server.threadpool.proxy.cached = true (default)
2023-01-10 01:13:36,031 [498755a8-f2f1-47a5-bb38-b65b10b21bcc-NettyServerStreamRpc-bossGroup--thread1] INFO  logging.LoggingHandler (AbstractInternalLogger.java:log(148)) - [id: 0xc262f85e] REGISTERED
2023-01-10 01:13:36,031 [498755a8-f2f1-47a5-bb38-b65b10b21bcc-NettyServerStreamRpc-bossGroup--thread1] INFO  logging.LoggingHandler (AbstractInternalLogger.java:log(148)) - [id: 0xc262f85e] BIND: 0.0.0.0/0.0.0.0:0
2023-01-10 01:13:36,031 [Listener at 127.0.0.1/44191] INFO  server.RaftServerConfigKeys (ConfUtils.java:logGet(46)) - raft.server.threadpool.proxy.size = 0 (default)
2023-01-10 01:13:36,033 [498755a8-f2f1-47a5-bb38-b65b10b21bcc-NettyServerStreamRpc-bossGroup--thread1] INFO  logging.LoggingHandler (AbstractInternalLogger.java:log(148)) - [id: 0xc262f85e, L:/0:0:0:0:0:0:0:0:39249] ACTIVE
2023-01-10 01:13:36,033 [Listener at 127.0.0.1/44191] INFO  server.RaftServerConfigKeys (ConfUtils.java:logGet(46)) - raft.server.rpc.slowness.timeout = 300s (custom)
2023-01-10 01:13:36,033 [Listener at 127.0.0.1/44191] INFO  server.RaftServerConfigKeys (ConfUtils.java:logGet(46)) - raft.server.leaderelection.leader.step-down.wait-time = 10s (default)
2023-01-10 01:13:36,033 [Listener at 127.0.0.1/44191] INFO  server.RaftServerConfigKeys (ConfUtils.java:logGet(46)) - raft.server.storage.dir = [/home/runner/work/ozone/ozone/hadoop-ozone/integration-test/target/test-dir/MiniOzoneClusterImpl-62525788-12f1-42f6-8834-316215afea77/datanode-4/data/ratis] (custom)
2023-01-10 01:13:36,035 [Listener at 127.0.0.1/44191] INFO  server.XceiverServerGrpc (XceiverServerGrpc.java:<init>(132)) - GrpcServer channel type EpollServerSocketChannel
2023-01-10 01:13:36,038 [Listener at 127.0.0.1/44191] INFO  http.BaseHttpServer (BaseHttpServer.java:newHttpServer2BuilderForOzone(213)) - Starting Web-server for hddsDatanode at: http://0.0.0.0:0
2023-01-10 01:13:36,038 [Listener at 127.0.0.1/44191] INFO  http.BaseHttpServer (BaseHttpServer.java:<init>(108)) - Hadoop Security Enabled: false Ozone Security Enabled: false Ozone HTTP Security Enabled: false 
2023-01-10 01:13:36,039 [Listener at 127.0.0.1/44191] WARN  server.AuthenticationFilter (AuthenticationFilter.java:constructSecretProvider(240)) - Unable to initialize FileSignerSecretProvider, falling back to use random secrets. Reason: Could not read signature secret file: /home/runner/hadoop-http-auth-signature-secret
2023-01-10 01:13:36,040 [Listener at 127.0.0.1/44191] WARN  http.HttpRequestLog (HttpRequestLog.java:getRequestLog(103)) - Jetty request log can only be enabled using Log4j
2023-01-10 01:13:36,041 [Listener at 127.0.0.1/44191] INFO  http.HttpServer2 (HttpServer2.java:addGlobalFilter(1031)) - Added global filter 'safety' (class=org.apache.hadoop.hdds.server.http.HttpServer2$QuotingInputFilter)
2023-01-10 01:13:36,042 [Listener at 127.0.0.1/44191] INFO  http.HttpServer2 (HttpServer2.java:addFilter(1007)) - Added filter static_user_filter (class=org.apache.hadoop.http.lib.StaticUserWebFilter$StaticUserFilter) to context hddsDatanode
2023-01-10 01:13:36,042 [Listener at 127.0.0.1/44191] INFO  http.HttpServer2 (HttpServer2.java:addFilter(1015)) - Added filter static_user_filter (class=org.apache.hadoop.http.lib.StaticUserWebFilter$StaticUserFilter) to context logs
2023-01-10 01:13:36,042 [Listener at 127.0.0.1/44191] INFO  http.HttpServer2 (HttpServer2.java:addFilter(1015)) - Added filter static_user_filter (class=org.apache.hadoop.http.lib.StaticUserWebFilter$StaticUserFilter) to context static
2023-01-10 01:13:36,043 [Listener at 127.0.0.1/44191] INFO  http.HttpServer2 (HttpServer2.java:bindListener(1250)) - Jetty bound to port 37491
2023-01-10 01:13:36,043 [Listener at 127.0.0.1/44191] INFO  server.Server (Server.java:doStart(375)) - jetty-9.4.49.v20220914; built: 2022-09-14T01:07:36.601Z; git: 4231a3b2e4cb8548a412a789936d640a97b1aa0a; jvm 1.8.0_352-b08
2023-01-10 01:13:36,046 [Listener at 127.0.0.1/44191] INFO  server.session (DefaultSessionIdManager.java:doStart(334)) - DefaultSessionIdManager workerName=node0
2023-01-10 01:13:36,046 [Listener at 127.0.0.1/44191] INFO  server.session (DefaultSessionIdManager.java:doStart(339)) - No SessionScavenger set, using defaults
2023-01-10 01:13:36,046 [Listener at 127.0.0.1/44191] INFO  server.session (HouseKeeper.java:startScavenging(132)) - node0 Scavenging every 660000ms
2023-01-10 01:13:36,047 [Listener at 127.0.0.1/44191] INFO  handler.ContextHandler (ContextHandler.java:doStart(921)) - Started o.e.j.s.ServletContextHandler@1eff7bdb{logs,/logs,file:///home/runner/work/ozone/ozone/hadoop-ozone/integration-test/target/log,AVAILABLE}
2023-01-10 01:13:36,047 [Listener at 127.0.0.1/44191] INFO  handler.ContextHandler (ContextHandler.java:doStart(921)) - Started o.e.j.s.ServletContextHandler@29af9657{static,/static,jar:file:/home/runner/.m2/repository/org/apache/ozone/hdds-container-service/1.4.0-SNAPSHOT/hdds-container-service-1.4.0-SNAPSHOT.jar!/webapps/static,AVAILABLE}
2023-01-10 01:13:36,213 [Listener at 127.0.0.1/44191] INFO  handler.ContextHandler (ContextHandler.java:doStart(921)) - Started o.e.j.w.WebAppContext@697fc544{hddsDatanode,/,file:///tmp/jetty-0_0_0_0-37491-hdds-container-service-1_4_0-SNAPSHOT_jar-_-any-8953068868942107823/webapp/,AVAILABLE}{jar:file:/home/runner/.m2/repository/org/apache/ozone/hdds-container-service/1.4.0-SNAPSHOT/hdds-container-service-1.4.0-SNAPSHOT.jar!/webapps/hddsDatanode}
2023-01-10 01:13:36,215 [Listener at 127.0.0.1/44191] INFO  server.AbstractConnector (AbstractConnector.java:doStart(333)) - Started ServerConnector@736c819e{HTTP/1.1, (http/1.1)}{0.0.0.0:37491}
2023-01-10 01:13:36,215 [Listener at 127.0.0.1/44191] INFO  server.Server (Server.java:doStart(415)) - Started @117817ms
2023-01-10 01:13:36,215 [Listener at 127.0.0.1/44191] WARN  impl.MetricsSystemImpl (MetricsSystemImpl.java:register(279)) - Sink prometheus already exists!
2023-01-10 01:13:36,216 [Listener at 127.0.0.1/44191] INFO  http.BaseHttpServer (BaseHttpServer.java:updateConnectorAddress(333)) - HTTP server of hddsDatanode listening at http://0.0.0.0:37491
2023-01-10 01:13:36,216 [Datanode State Machine Daemon Thread] INFO  statemachine.DatanodeStateMachine (DatanodeStateMachine.java:lambda$startDaemon$0(508)) - Ozone container server started.
2023-01-10 01:13:36,216 [Listener at 127.0.0.1/44191] WARN  impl.MetricRegistriesImpl (MetricRegistriesImpl.java:addReporterRegistration(111)) - New reporters are added after registries were created. Some metrics will be missing from the reporter. Please add reporter before adding any new registry.
2023-01-10 01:13:36,217 [Listener at 127.0.0.1/44191] WARN  impl.MetricRegistriesImpl (MetricRegistriesImpl.java:addReporterRegistration(111)) - New reporters are added after registries were created. Some metrics will be missing from the reporter. Please add reporter before adding any new registry.
2023-01-10 01:13:36,217 [Listener at 127.0.0.1/44191] INFO  impl.MetricsSystemImpl (MetricsSystemImpl.java:init(158)) - HddsDatanode metrics system started (again)
2023-01-10 01:13:36,229 [Listener at 127.0.0.1/44191] INFO  ozone.HddsDatanodeService (HddsDatanodeService.java:start(228)) - HddsDatanodeService host:fv-az353-623.tkyx2seitsuu3nmpmouz2httfb.bx.internal.cloudapp.net ip:10.1.0.24
2023-01-10 01:13:36,229 [org.apache.hadoop.util.JvmPauseMonitor$Monitor@9b0198e] INFO  util.JvmPauseMonitor (JvmPauseMonitor.java:run(188)) - Starting JVM pause monitor
2023-01-10 01:13:36,231 [Datanode State Machine Task Thread - 0] INFO  datanode.InitDatanodeState (InitDatanodeState.java:persistContainerDatanodeDetails(138)) - DatanodeDetails is persisted to /home/runner/work/ozone/ozone/hadoop-ozone/integration-test/target/test-dir/MiniOzoneClusterImpl-62525788-12f1-42f6-8834-316215afea77/datanode-4/meta/datanode.id
2023-01-10 01:13:36,252 [Listener at 127.0.0.1/44191] INFO  upgrade.AbstractLayoutVersionManager (AbstractLayoutVersionManager.java:init(83)) - Initializing Layout version manager with metadata layout = DATANODE_SCHEMA_V3 (version = 4), software layout = DATANODE_SCHEMA_V3 (version = 4)
2023-01-10 01:13:36,295 [Listener at 127.0.0.1/44191] INFO  reflections.Reflections (Reflections.java:scan(232)) - Reflections took 42 ms to scan 7 urls, producing 146 keys and 350 values 
2023-01-10 01:13:36,297 [Listener at 127.0.0.1/44191] INFO  statemachine.DatanodeStateMachine (DatanodeStateMachine.java:getEndPointTaskThreadPoolSize(248)) - Datanode State Machine Task Thread Pool size 2
2023-01-10 01:13:36,305 [Listener at 127.0.0.1/44191] INFO  volume.HddsVolume (HddsVolume.java:<init>(117)) - Creating HddsVolume: /home/runner/work/ozone/ozone/hadoop-ozone/integration-test/target/test-dir/MiniOzoneClusterImpl-62525788-12f1-42f6-8834-316215afea77/datanode-5/data-0/containers/hdds of storage type : DISK capacity : 9223372036854775807
2023-01-10 01:13:36,305 [Listener at 127.0.0.1/44191] INFO  volume.MutableVolumeSet (MutableVolumeSet.java:initializeVolumeSet(174)) - Added Volume : /home/runner/work/ozone/ozone/hadoop-ozone/integration-test/target/test-dir/MiniOzoneClusterImpl-62525788-12f1-42f6-8834-316215afea77/datanode-5/data-0/containers/hdds to VolumeSet
2023-01-10 01:13:36,306 [Listener at 127.0.0.1/44191] INFO  volume.ThrottledAsyncChecker (ThrottledAsyncChecker.java:schedule(141)) - Scheduling a check for /home/runner/work/ozone/ozone/hadoop-ozone/integration-test/target/test-dir/MiniOzoneClusterImpl-62525788-12f1-42f6-8834-316215afea77/datanode-5/data-0/containers/hdds
2023-01-10 01:13:36,308 [Listener at 127.0.0.1/44191] INFO  volume.StorageVolumeChecker (StorageVolumeChecker.java:checkAllVolumes(202)) - Scheduled health check for volume /home/runner/work/ozone/ozone/hadoop-ozone/integration-test/target/test-dir/MiniOzoneClusterImpl-62525788-12f1-42f6-8834-316215afea77/datanode-5/data-0/containers/hdds
2023-01-10 01:13:36,319 [Listener at 127.0.0.1/44191] INFO  volume.MutableVolumeSet (MutableVolumeSet.java:initializeVolumeSet(174)) - Added Volume : /home/runner/work/ozone/ozone/hadoop-ozone/integration-test/target/test-dir/MiniOzoneClusterImpl-62525788-12f1-42f6-8834-316215afea77/datanode-5/data/ratis to VolumeSet
2023-01-10 01:13:36,319 [Listener at 127.0.0.1/44191] INFO  volume.ThrottledAsyncChecker (ThrottledAsyncChecker.java:schedule(141)) - Scheduling a check for /home/runner/work/ozone/ozone/hadoop-ozone/integration-test/target/test-dir/MiniOzoneClusterImpl-62525788-12f1-42f6-8834-316215afea77/datanode-5/data/ratis
2023-01-10 01:13:36,319 [Listener at 127.0.0.1/44191] INFO  volume.StorageVolumeChecker (StorageVolumeChecker.java:checkAllVolumes(202)) - Scheduled health check for volume /home/runner/work/ozone/ozone/hadoop-ozone/integration-test/target/test-dir/MiniOzoneClusterImpl-62525788-12f1-42f6-8834-316215afea77/datanode-5/data/ratis
2023-01-10 01:13:36,329 [Thread-999] INFO  ozoneimpl.ContainerReader (ContainerReader.java:readVolume(175)) - Finish verifying containers on volume /home/runner/work/ozone/ozone/hadoop-ozone/integration-test/target/test-dir/MiniOzoneClusterImpl-62525788-12f1-42f6-8834-316215afea77/datanode-5/data-0/containers/hdds
2023-01-10 01:13:36,329 [Listener at 127.0.0.1/44191] INFO  ozoneimpl.OzoneContainer (OzoneContainer.java:buildContainerSet(301)) - Build ContainerSet costs 0s
2023-01-10 01:13:36,331 [Listener at 127.0.0.1/44191] INFO  server.RaftServer (ConfUtils.java:logGet(46)) - raft.rpc.type = GRPC (default)
2023-01-10 01:13:36,331 [Listener at 127.0.0.1/44191] INFO  grpc.GrpcConfigKeys (ConfUtils.java:logFallback(53)) - raft.grpc.admin.host = null (fallback to raft.grpc.server.host)
2023-01-10 01:13:36,331 [Listener at 127.0.0.1/44191] INFO  grpc.GrpcConfigKeys (ConfUtils.java:logGet(46)) - raft.grpc.admin.port = 0 (custom)
2023-01-10 01:13:36,331 [Listener at 127.0.0.1/44191] INFO  grpc.GrpcConfigKeys (ConfUtils.java:logFallback(53)) - raft.grpc.client.host = null (fallback to raft.grpc.server.host)
2023-01-10 01:13:36,331 [Listener at 127.0.0.1/44191] INFO  grpc.GrpcConfigKeys (ConfUtils.java:logGet(46)) - raft.grpc.client.port = 0 (custom)
2023-01-10 01:13:36,332 [Listener at 127.0.0.1/44191] INFO  grpc.GrpcConfigKeys (ConfUtils.java:logGet(46)) - raft.grpc.server.host = null (default)
2023-01-10 01:13:36,332 [Listener at 127.0.0.1/44191] INFO  grpc.GrpcConfigKeys (ConfUtils.java:logGet(46)) - raft.grpc.server.port = 0 (default)
2023-01-10 01:13:36,332 [Listener at 127.0.0.1/44191] INFO  server.GrpcService (ConfUtils.java:logGet(46)) - raft.grpc.message.size.max = 32MB (=33554432) (custom)
2023-01-10 01:13:36,332 [Listener at 127.0.0.1/44191] INFO  server.RaftServerConfigKeys (ConfUtils.java:logGet(46)) - raft.server.log.appender.buffer.byte-limit = 33554432 (custom)
2023-01-10 01:13:36,332 [Listener at 127.0.0.1/44191] INFO  server.GrpcService (ConfUtils.java:logGet(46)) - raft.grpc.flow.control.window = 5MB (=5242880) (custom)
2023-01-10 01:13:36,332 [Listener at 127.0.0.1/44191] INFO  server.RaftServerConfigKeys (ConfUtils.java:logGet(46)) - raft.server.rpc.request.timeout = 60s (custom)
2023-01-10 01:13:36,332 [Listener at 127.0.0.1/44191] INFO  grpc.GrpcConfigKeys (ConfUtils.java:logGet(46)) - raft.grpc.server.heartbeat.channel = true (default)
2023-01-10 01:13:36,332 [Listener at 127.0.0.1/44191] INFO  grpc.GrpcConfigKeys (ConfUtils.java:logGet(46)) - raft.grpc.server.async.request.thread.pool.cached = true (default)
2023-01-10 01:13:36,333 [Listener at 127.0.0.1/44191] INFO  grpc.GrpcConfigKeys (ConfUtils.java:logGet(46)) - raft.grpc.server.async.request.thread.pool.size = 32 (default)
2023-01-10 01:13:36,334 [Listener at 127.0.0.1/44191] INFO  impl.DataStreamServerImpl (ConfUtils.java:logGet(46)) - raft.datastream.type = NETTY (custom)
2023-01-10 01:13:36,335 [Listener at 127.0.0.1/44191] INFO  server.RaftServerConfigKeys (ConfUtils.java:logGet(46)) - raft.server.data-stream.async.request.thread.pool.cached = false (default)
2023-01-10 01:13:36,335 [Listener at 127.0.0.1/44191] INFO  server.RaftServerConfigKeys (ConfUtils.java:logGet(46)) - raft.server.data-stream.async.request.thread.pool.size = 20 (custom)
2023-01-10 01:13:36,335 [Listener at 127.0.0.1/44191] INFO  server.RaftServerConfigKeys (ConfUtils.java:logGet(46)) - raft.server.data-stream.async.write.thread.pool.size = 16 (default)
2023-01-10 01:13:36,335 [Listener at 127.0.0.1/44191] INFO  server.RaftServerConfigKeys (ConfUtils.java:logGet(46)) - raft.server.data-stream.client.pool.size = 10 (default)
2023-01-10 01:13:36,335 [Listener at 127.0.0.1/44191] INFO  netty.NettyConfigKeys$DataStream (ConfUtils.java:logGet(46)) - raft.netty.dataStream.server.use-epoll = false (default)
2023-01-10 01:13:36,335 [Listener at 127.0.0.1/44191] INFO  netty.NettyConfigKeys$DataStream (ConfUtils.java:logGet(46)) - raft.netty.dataStream.server.boss-group.size = 0 (default)
2023-01-10 01:13:36,336 [Listener at 127.0.0.1/44191] INFO  netty.NettyConfigKeys$DataStream (ConfUtils.java:logGet(46)) - raft.netty.dataStream.server.worker-group.size = 0 (default)
2023-01-10 01:13:36,336 [Listener at 127.0.0.1/44191] INFO  netty.NettyConfigKeys$DataStream (ConfUtils.java:logGet(46)) - raft.netty.dataStream.server.tls.conf = null (default)
2023-01-10 01:13:36,336 [Listener at 127.0.0.1/44191] INFO  netty.NettyConfigKeys$DataStream (ConfUtils.java:logGet(46)) - raft.netty.dataStream.host = null (default)
2023-01-10 01:13:36,336 [Listener at 127.0.0.1/44191] INFO  netty.NettyConfigKeys$DataStream (ConfUtils.java:logGet(46)) - raft.netty.dataStream.port = 0 (default)
2023-01-10 01:13:36,337 [Listener at 127.0.0.1/44191] INFO  server.RaftServerConfigKeys (ConfUtils.java:logGet(46)) - raft.server.threadpool.proxy.cached = true (default)
2023-01-10 01:13:36,337 [Listener at 127.0.0.1/44191] INFO  server.RaftServerConfigKeys (ConfUtils.java:logGet(46)) - raft.server.threadpool.proxy.size = 0 (default)
2023-01-10 01:13:36,337 [Listener at 127.0.0.1/44191] INFO  server.RaftServerConfigKeys (ConfUtils.java:logGet(46)) - raft.server.rpc.slowness.timeout = 300s (custom)
2023-01-10 01:13:36,337 [Listener at 127.0.0.1/44191] INFO  server.RaftServerConfigKeys (ConfUtils.java:logGet(46)) - raft.server.leaderelection.leader.step-down.wait-time = 10s (default)
2023-01-10 01:13:36,337 [Listener at 127.0.0.1/44191] INFO  server.RaftServerConfigKeys (ConfUtils.java:logGet(46)) - raft.server.storage.dir = [/home/runner/work/ozone/ozone/hadoop-ozone/integration-test/target/test-dir/MiniOzoneClusterImpl-62525788-12f1-42f6-8834-316215afea77/datanode-5/data/ratis] (custom)
2023-01-10 01:13:36,338 [755113df-b2d2-4f4d-a016-da6f7eba54ac-NettyServerStreamRpc-bossGroup--thread1] INFO  logging.LoggingHandler (AbstractInternalLogger.java:log(148)) - [id: 0xebfda9a1] REGISTERED
2023-01-10 01:13:36,338 [755113df-b2d2-4f4d-a016-da6f7eba54ac-NettyServerStreamRpc-bossGroup--thread1] INFO  logging.LoggingHandler (AbstractInternalLogger.java:log(148)) - [id: 0xebfda9a1] BIND: 0.0.0.0/0.0.0.0:0
2023-01-10 01:13:36,338 [755113df-b2d2-4f4d-a016-da6f7eba54ac-NettyServerStreamRpc-bossGroup--thread1] INFO  logging.LoggingHandler (AbstractInternalLogger.java:log(148)) - [id: 0xebfda9a1, L:/0:0:0:0:0:0:0:0:38909] ACTIVE
2023-01-10 01:13:36,339 [Listener at 127.0.0.1/44191] INFO  server.XceiverServerGrpc (XceiverServerGrpc.java:<init>(132)) - GrpcServer channel type EpollServerSocketChannel
2023-01-10 01:13:36,344 [Listener at 127.0.0.1/44191] INFO  http.BaseHttpServer (BaseHttpServer.java:newHttpServer2BuilderForOzone(213)) - Starting Web-server for hddsDatanode at: http://0.0.0.0:0
2023-01-10 01:13:36,345 [Listener at 127.0.0.1/44191] INFO  http.BaseHttpServer (BaseHttpServer.java:<init>(108)) - Hadoop Security Enabled: false Ozone Security Enabled: false Ozone HTTP Security Enabled: false 
2023-01-10 01:13:36,345 [Listener at 127.0.0.1/44191] WARN  server.AuthenticationFilter (AuthenticationFilter.java:constructSecretProvider(240)) - Unable to initialize FileSignerSecretProvider, falling back to use random secrets. Reason: Could not read signature secret file: /home/runner/hadoop-http-auth-signature-secret
2023-01-10 01:13:36,348 [Listener at 127.0.0.1/44191] WARN  http.HttpRequestLog (HttpRequestLog.java:getRequestLog(103)) - Jetty request log can only be enabled using Log4j
2023-01-10 01:13:36,349 [Listener at 127.0.0.1/44191] INFO  http.HttpServer2 (HttpServer2.java:addGlobalFilter(1031)) - Added global filter 'safety' (class=org.apache.hadoop.hdds.server.http.HttpServer2$QuotingInputFilter)
2023-01-10 01:13:36,349 [Listener at 127.0.0.1/44191] INFO  http.HttpServer2 (HttpServer2.java:addFilter(1007)) - Added filter static_user_filter (class=org.apache.hadoop.http.lib.StaticUserWebFilter$StaticUserFilter) to context hddsDatanode
2023-01-10 01:13:36,350 [Listener at 127.0.0.1/44191] INFO  http.HttpServer2 (HttpServer2.java:addFilter(1015)) - Added filter static_user_filter (class=org.apache.hadoop.http.lib.StaticUserWebFilter$StaticUserFilter) to context logs
2023-01-10 01:13:36,350 [Listener at 127.0.0.1/44191] INFO  http.HttpServer2 (HttpServer2.java:addFilter(1015)) - Added filter static_user_filter (class=org.apache.hadoop.http.lib.StaticUserWebFilter$StaticUserFilter) to context static
2023-01-10 01:13:36,351 [Listener at 127.0.0.1/44191] INFO  http.HttpServer2 (HttpServer2.java:bindListener(1250)) - Jetty bound to port 44375
2023-01-10 01:13:36,351 [Listener at 127.0.0.1/44191] INFO  server.Server (Server.java:doStart(375)) - jetty-9.4.49.v20220914; built: 2022-09-14T01:07:36.601Z; git: 4231a3b2e4cb8548a412a789936d640a97b1aa0a; jvm 1.8.0_352-b08
2023-01-10 01:13:36,353 [Listener at 127.0.0.1/44191] INFO  server.session (DefaultSessionIdManager.java:doStart(334)) - DefaultSessionIdManager workerName=node0
2023-01-10 01:13:36,353 [Listener at 127.0.0.1/44191] INFO  server.session (DefaultSessionIdManager.java:doStart(339)) - No SessionScavenger set, using defaults
2023-01-10 01:13:36,353 [Listener at 127.0.0.1/44191] INFO  server.session (HouseKeeper.java:startScavenging(132)) - node0 Scavenging every 600000ms
2023-01-10 01:13:36,354 [Listener at 127.0.0.1/44191] INFO  handler.ContextHandler (ContextHandler.java:doStart(921)) - Started o.e.j.s.ServletContextHandler@1c35abd3{logs,/logs,file:///home/runner/work/ozone/ozone/hadoop-ozone/integration-test/target/log,AVAILABLE}
2023-01-10 01:13:36,354 [Listener at 127.0.0.1/44191] INFO  handler.ContextHandler (ContextHandler.java:doStart(921)) - Started o.e.j.s.ServletContextHandler@283aefb0{static,/static,jar:file:/home/runner/.m2/repository/org/apache/ozone/hdds-container-service/1.4.0-SNAPSHOT/hdds-container-service-1.4.0-SNAPSHOT.jar!/webapps/static,AVAILABLE}
2023-01-10 01:13:36,520 [Listener at 127.0.0.1/44191] INFO  handler.ContextHandler (ContextHandler.java:doStart(921)) - Started o.e.j.w.WebAppContext@7989b61{hddsDatanode,/,file:///tmp/jetty-0_0_0_0-44375-hdds-container-service-1_4_0-SNAPSHOT_jar-_-any-342376622840275638/webapp/,AVAILABLE}{jar:file:/home/runner/.m2/repository/org/apache/ozone/hdds-container-service/1.4.0-SNAPSHOT/hdds-container-service-1.4.0-SNAPSHOT.jar!/webapps/hddsDatanode}
2023-01-10 01:13:36,521 [Listener at 127.0.0.1/44191] INFO  server.AbstractConnector (AbstractConnector.java:doStart(333)) - Started ServerConnector@463d61e5{HTTP/1.1, (http/1.1)}{0.0.0.0:44375}
2023-01-10 01:13:36,522 [Listener at 127.0.0.1/44191] INFO  server.Server (Server.java:doStart(415)) - Started @118123ms
2023-01-10 01:13:36,522 [Listener at 127.0.0.1/44191] WARN  impl.MetricsSystemImpl (MetricsSystemImpl.java:register(279)) - Sink prometheus already exists!
2023-01-10 01:13:36,522 [Listener at 127.0.0.1/44191] INFO  http.BaseHttpServer (BaseHttpServer.java:updateConnectorAddress(333)) - HTTP server of hddsDatanode listening at http://0.0.0.0:44375
2023-01-10 01:13:36,524 [Listener at 127.0.0.1/44191] INFO  ozone.MiniOzoneClusterImpl (MiniOzoneClusterImpl.java:lambda$waitForClusterToBeReady$0(218)) - Waiting for nodes to be ready. Got 0 of 6 DN Heartbeats.
2023-01-10 01:13:36,524 [Listener at 127.0.0.1/44191] INFO  ozone.MiniOzoneClusterImpl (MiniOzoneClusterImpl.java:lambda$waitForClusterToBeReady$0(221)) - Waiting for cluster to exit safe mode
2023-01-10 01:13:36,524 [Listener at 127.0.0.1/44191] INFO  ozone.MiniOzoneClusterImpl (MiniOzoneClusterImpl.java:lambda$waitForClusterToBeReady$0(223)) - SCM became leader
2023-01-10 01:13:36,524 [Datanode State Machine Daemon Thread] INFO  statemachine.DatanodeStateMachine (DatanodeStateMachine.java:lambda$startDaemon$0(508)) - Ozone container server started.
2023-01-10 01:13:36,531 [org.apache.hadoop.util.JvmPauseMonitor$Monitor@5e540f12] INFO  util.JvmPauseMonitor (JvmPauseMonitor.java:run(188)) - Starting JVM pause monitor
2023-01-10 01:13:36,534 [Datanode State Machine Task Thread - 0] INFO  datanode.InitDatanodeState (InitDatanodeState.java:persistContainerDatanodeDetails(138)) - DatanodeDetails is persisted to /home/runner/work/ozone/ozone/hadoop-ozone/integration-test/target/test-dir/MiniOzoneClusterImpl-62525788-12f1-42f6-8834-316215afea77/datanode-5/meta/datanode.id
2023-01-10 01:13:37,022 [EndpointStateMachine task thread for /0.0.0.0:39419 - 0 ] INFO  utils.DatanodeStoreCache (DatanodeStoreCache.java:addDB(58)) - Added db /home/runner/work/ozone/ozone/hadoop-ozone/integration-test/target/test-dir/MiniOzoneClusterImpl-62525788-12f1-42f6-8834-316215afea77/datanode-0/data-0/containers/hdds/62525788-12f1-42f6-8834-316215afea77/DS-16c402f9-b8fb-4bda-896a-b69e766b344a/container.db to cache
2023-01-10 01:13:37,023 [EndpointStateMachine task thread for /0.0.0.0:39419 - 0 ] INFO  volume.HddsVolume (HddsVolume.java:createDbStore(307)) - SchemaV3 db is created and loaded at /home/runner/work/ozone/ozone/hadoop-ozone/integration-test/target/test-dir/MiniOzoneClusterImpl-62525788-12f1-42f6-8834-316215afea77/datanode-0/data-0/containers/hdds/62525788-12f1-42f6-8834-316215afea77/DS-16c402f9-b8fb-4bda-896a-b69e766b344a/container.db for volume DS-16c402f9-b8fb-4bda-896a-b69e766b344a
2023-01-10 01:13:37,023 [EndpointStateMachine task thread for /0.0.0.0:39419 - 0 ] INFO  ozoneimpl.OzoneContainer (OzoneContainer.java:start(395)) - Attempting to start container services.
2023-01-10 01:13:37,023 [EndpointStateMachine task thread for /0.0.0.0:39419 - 0 ] INFO  ozoneimpl.OzoneContainer (OzoneContainer.java:startContainerScrub(312)) - Scheduled background container scanners and the on-demand container scanner have been disabled.
2023-01-10 01:13:37,025 [EndpointStateMachine task thread for /0.0.0.0:39419 - 0 ] INFO  replication.ReplicationServer (ReplicationServer.java:start(106)) - ReplicationServer is started using port 40767
2023-01-10 01:13:37,025 [EndpointStateMachine task thread for /0.0.0.0:39419 - 0 ] INFO  ratis.XceiverServerRatis (XceiverServerRatis.java:start(517)) - Starting XceiverServerRatis 35948080-5e22-45ca-b6f3-be7de45bebca
2023-01-10 01:13:37,026 [EndpointStateMachine task thread for /0.0.0.0:39419 - 0 ] INFO  server.RaftServer (RaftServerProxy.java:startImpl(393)) - 35948080-5e22-45ca-b6f3-be7de45bebca: start RPC server
2023-01-10 01:13:37,027 [EndpointStateMachine task thread for /0.0.0.0:39419 - 0 ] INFO  server.GrpcService (GrpcService.java:startImpl(262)) - 35948080-5e22-45ca-b6f3-be7de45bebca: GrpcService started, listening on 40989
2023-01-10 01:13:37,028 [EndpointStateMachine task thread for /0.0.0.0:39419 - 0 ] INFO  ratis.XceiverServerRatis (XceiverServerRatis.java:getRealPort(543)) - XceiverServerRatis 35948080-5e22-45ca-b6f3-be7de45bebca is started using port 40989 for RATIS
2023-01-10 01:13:37,028 [EndpointStateMachine task thread for /0.0.0.0:39419 - 0 ] INFO  ratis.XceiverServerRatis (XceiverServerRatis.java:getRealPort(543)) - XceiverServerRatis 35948080-5e22-45ca-b6f3-be7de45bebca is started using port 40989 for RATIS_ADMIN
2023-01-10 01:13:37,028 [JvmPauseMonitor12] INFO  util.JvmPauseMonitor (JvmPauseMonitor.java:run(105)) - JvmPauseMonitor-35948080-5e22-45ca-b6f3-be7de45bebca: Started
2023-01-10 01:13:37,028 [EndpointStateMachine task thread for /0.0.0.0:39419 - 0 ] INFO  ratis.XceiverServerRatis (XceiverServerRatis.java:getRealPort(543)) - XceiverServerRatis 35948080-5e22-45ca-b6f3-be7de45bebca is started using port 40989 for RATIS_SERVER
2023-01-10 01:13:37,028 [EndpointStateMachine task thread for /0.0.0.0:39419 - 0 ] INFO  ratis.XceiverServerRatis (XceiverServerRatis.java:getRealPort(543)) - XceiverServerRatis 35948080-5e22-45ca-b6f3-be7de45bebca is started using port 42993 for RATIS_DATASTREAM
2023-01-10 01:13:37,033 [EndpointStateMachine task thread for /0.0.0.0:39419 - 0 ] INFO  server.XceiverServerGrpc (XceiverServerGrpc.java:start(180)) - XceiverServerGrpc 35948080-5e22-45ca-b6f3-be7de45bebca is started using port 45119
2023-01-10 01:13:37,313 [EndpointStateMachine task thread for /0.0.0.0:39419 - 0 ] INFO  utils.DatanodeStoreCache (DatanodeStoreCache.java:addDB(58)) - Added db /home/runner/work/ozone/ozone/hadoop-ozone/integration-test/target/test-dir/MiniOzoneClusterImpl-62525788-12f1-42f6-8834-316215afea77/datanode-1/data-0/containers/hdds/62525788-12f1-42f6-8834-316215afea77/DS-72126bd7-38c0-4395-af95-183169293715/container.db to cache
2023-01-10 01:13:37,313 [EndpointStateMachine task thread for /0.0.0.0:39419 - 0 ] INFO  volume.HddsVolume (HddsVolume.java:createDbStore(307)) - SchemaV3 db is created and loaded at /home/runner/work/ozone/ozone/hadoop-ozone/integration-test/target/test-dir/MiniOzoneClusterImpl-62525788-12f1-42f6-8834-316215afea77/datanode-1/data-0/containers/hdds/62525788-12f1-42f6-8834-316215afea77/DS-72126bd7-38c0-4395-af95-183169293715/container.db for volume DS-72126bd7-38c0-4395-af95-183169293715
2023-01-10 01:13:37,313 [EndpointStateMachine task thread for /0.0.0.0:39419 - 0 ] INFO  ozoneimpl.OzoneContainer (OzoneContainer.java:start(395)) - Attempting to start container services.
2023-01-10 01:13:37,313 [EndpointStateMachine task thread for /0.0.0.0:39419 - 0 ] INFO  ozoneimpl.OzoneContainer (OzoneContainer.java:startContainerScrub(312)) - Scheduled background container scanners and the on-demand container scanner have been disabled.
2023-01-10 01:13:37,315 [EndpointStateMachine task thread for /0.0.0.0:39419 - 0 ] INFO  replication.ReplicationServer (ReplicationServer.java:start(106)) - ReplicationServer is started using port 45369
2023-01-10 01:13:37,316 [EndpointStateMachine task thread for /0.0.0.0:39419 - 0 ] INFO  ratis.XceiverServerRatis (XceiverServerRatis.java:start(517)) - Starting XceiverServerRatis b1e0bc18-8da5-4e58-9fa5-a506b45b1540
2023-01-10 01:13:37,316 [EndpointStateMachine task thread for /0.0.0.0:39419 - 0 ] INFO  server.RaftServer (RaftServerProxy.java:startImpl(393)) - b1e0bc18-8da5-4e58-9fa5-a506b45b1540: start RPC server
2023-01-10 01:13:37,318 [EndpointStateMachine task thread for /0.0.0.0:39419 - 0 ] INFO  server.GrpcService (GrpcService.java:startImpl(262)) - b1e0bc18-8da5-4e58-9fa5-a506b45b1540: GrpcService started, listening on 41835
2023-01-10 01:13:37,318 [EndpointStateMachine task thread for /0.0.0.0:39419 - 0 ] INFO  ratis.XceiverServerRatis (XceiverServerRatis.java:getRealPort(543)) - XceiverServerRatis b1e0bc18-8da5-4e58-9fa5-a506b45b1540 is started using port 41835 for RATIS
2023-01-10 01:13:37,318 [EndpointStateMachine task thread for /0.0.0.0:39419 - 0 ] INFO  ratis.XceiverServerRatis (XceiverServerRatis.java:getRealPort(543)) - XceiverServerRatis b1e0bc18-8da5-4e58-9fa5-a506b45b1540 is started using port 41835 for RATIS_ADMIN
2023-01-10 01:13:37,318 [JvmPauseMonitor13] INFO  util.JvmPauseMonitor (JvmPauseMonitor.java:run(105)) - JvmPauseMonitor-b1e0bc18-8da5-4e58-9fa5-a506b45b1540: Started
2023-01-10 01:13:37,318 [EndpointStateMachine task thread for /0.0.0.0:39419 - 0 ] INFO  ratis.XceiverServerRatis (XceiverServerRatis.java:getRealPort(543)) - XceiverServerRatis b1e0bc18-8da5-4e58-9fa5-a506b45b1540 is started using port 41835 for RATIS_SERVER
2023-01-10 01:13:37,318 [EndpointStateMachine task thread for /0.0.0.0:39419 - 0 ] INFO  ratis.XceiverServerRatis (XceiverServerRatis.java:getRealPort(543)) - XceiverServerRatis b1e0bc18-8da5-4e58-9fa5-a506b45b1540 is started using port 40391 for RATIS_DATASTREAM
2023-01-10 01:13:37,320 [EndpointStateMachine task thread for /0.0.0.0:39419 - 0 ] INFO  server.XceiverServerGrpc (XceiverServerGrpc.java:start(180)) - XceiverServerGrpc b1e0bc18-8da5-4e58-9fa5-a506b45b1540 is started using port 36863
2023-01-10 01:13:37,524 [Listener at 127.0.0.1/44191] INFO  ozone.MiniOzoneClusterImpl (MiniOzoneClusterImpl.java:lambda$waitForClusterToBeReady$0(218)) - Waiting for nodes to be ready. Got 0 of 6 DN Heartbeats.
2023-01-10 01:13:37,524 [Listener at 127.0.0.1/44191] INFO  ozone.MiniOzoneClusterImpl (MiniOzoneClusterImpl.java:lambda$waitForClusterToBeReady$0(221)) - Waiting for cluster to exit safe mode
2023-01-10 01:13:37,525 [Listener at 127.0.0.1/44191] INFO  ozone.MiniOzoneClusterImpl (MiniOzoneClusterImpl.java:lambda$waitForClusterToBeReady$0(223)) - SCM became leader
2023-01-10 01:13:37,627 [EndpointStateMachine task thread for /0.0.0.0:39419 - 0 ] INFO  utils.DatanodeStoreCache (DatanodeStoreCache.java:addDB(58)) - Added db /home/runner/work/ozone/ozone/hadoop-ozone/integration-test/target/test-dir/MiniOzoneClusterImpl-62525788-12f1-42f6-8834-316215afea77/datanode-2/data-0/containers/hdds/62525788-12f1-42f6-8834-316215afea77/DS-cff856fa-6053-42aa-997f-6ccf7012100e/container.db to cache
2023-01-10 01:13:37,627 [EndpointStateMachine task thread for /0.0.0.0:39419 - 0 ] INFO  volume.HddsVolume (HddsVolume.java:createDbStore(307)) - SchemaV3 db is created and loaded at /home/runner/work/ozone/ozone/hadoop-ozone/integration-test/target/test-dir/MiniOzoneClusterImpl-62525788-12f1-42f6-8834-316215afea77/datanode-2/data-0/containers/hdds/62525788-12f1-42f6-8834-316215afea77/DS-cff856fa-6053-42aa-997f-6ccf7012100e/container.db for volume DS-cff856fa-6053-42aa-997f-6ccf7012100e
2023-01-10 01:13:37,627 [EndpointStateMachine task thread for /0.0.0.0:39419 - 0 ] INFO  ozoneimpl.OzoneContainer (OzoneContainer.java:start(395)) - Attempting to start container services.
2023-01-10 01:13:37,627 [EndpointStateMachine task thread for /0.0.0.0:39419 - 0 ] INFO  ozoneimpl.OzoneContainer (OzoneContainer.java:startContainerScrub(312)) - Scheduled background container scanners and the on-demand container scanner have been disabled.
2023-01-10 01:13:37,629 [EndpointStateMachine task thread for /0.0.0.0:39419 - 0 ] INFO  replication.ReplicationServer (ReplicationServer.java:start(106)) - ReplicationServer is started using port 39507
2023-01-10 01:13:37,630 [EndpointStateMachine task thread for /0.0.0.0:39419 - 0 ] INFO  ratis.XceiverServerRatis (XceiverServerRatis.java:start(517)) - Starting XceiverServerRatis 1c34faa2-bf15-4077-af79-1a4fd95d48c3
2023-01-10 01:13:37,630 [EndpointStateMachine task thread for /0.0.0.0:39419 - 0 ] INFO  server.RaftServer (RaftServerProxy.java:startImpl(393)) - 1c34faa2-bf15-4077-af79-1a4fd95d48c3: start RPC server
2023-01-10 01:13:37,635 [EndpointStateMachine task thread for /0.0.0.0:39419 - 0 ] INFO  server.GrpcService (GrpcService.java:startImpl(262)) - 1c34faa2-bf15-4077-af79-1a4fd95d48c3: GrpcService started, listening on 38223
2023-01-10 01:13:37,635 [EndpointStateMachine task thread for /0.0.0.0:39419 - 0 ] INFO  ratis.XceiverServerRatis (XceiverServerRatis.java:getRealPort(543)) - XceiverServerRatis 1c34faa2-bf15-4077-af79-1a4fd95d48c3 is started using port 38223 for RATIS
2023-01-10 01:13:37,635 [EndpointStateMachine task thread for /0.0.0.0:39419 - 0 ] INFO  ratis.XceiverServerRatis (XceiverServerRatis.java:getRealPort(543)) - XceiverServerRatis 1c34faa2-bf15-4077-af79-1a4fd95d48c3 is started using port 38223 for RATIS_ADMIN
2023-01-10 01:13:37,635 [JvmPauseMonitor14] INFO  util.JvmPauseMonitor (JvmPauseMonitor.java:run(105)) - JvmPauseMonitor-1c34faa2-bf15-4077-af79-1a4fd95d48c3: Started
2023-01-10 01:13:37,635 [EndpointStateMachine task thread for /0.0.0.0:39419 - 0 ] INFO  ratis.XceiverServerRatis (XceiverServerRatis.java:getRealPort(543)) - XceiverServerRatis 1c34faa2-bf15-4077-af79-1a4fd95d48c3 is started using port 38223 for RATIS_SERVER
2023-01-10 01:13:37,635 [EndpointStateMachine task thread for /0.0.0.0:39419 - 0 ] INFO  ratis.XceiverServerRatis (XceiverServerRatis.java:getRealPort(543)) - XceiverServerRatis 1c34faa2-bf15-4077-af79-1a4fd95d48c3 is started using port 46641 for RATIS_DATASTREAM
2023-01-10 01:13:37,637 [EndpointStateMachine task thread for /0.0.0.0:39419 - 0 ] INFO  server.XceiverServerGrpc (XceiverServerGrpc.java:start(180)) - XceiverServerGrpc 1c34faa2-bf15-4077-af79-1a4fd95d48c3 is started using port 43347
2023-01-10 01:13:37,946 [EndpointStateMachine task thread for /0.0.0.0:39419 - 0 ] INFO  utils.DatanodeStoreCache (DatanodeStoreCache.java:addDB(58)) - Added db /home/runner/work/ozone/ozone/hadoop-ozone/integration-test/target/test-dir/MiniOzoneClusterImpl-62525788-12f1-42f6-8834-316215afea77/datanode-3/data-0/containers/hdds/62525788-12f1-42f6-8834-316215afea77/DS-3c412562-aaf8-45c0-96b6-f7b01ddf64ad/container.db to cache
2023-01-10 01:13:37,946 [EndpointStateMachine task thread for /0.0.0.0:39419 - 0 ] INFO  volume.HddsVolume (HddsVolume.java:createDbStore(307)) - SchemaV3 db is created and loaded at /home/runner/work/ozone/ozone/hadoop-ozone/integration-test/target/test-dir/MiniOzoneClusterImpl-62525788-12f1-42f6-8834-316215afea77/datanode-3/data-0/containers/hdds/62525788-12f1-42f6-8834-316215afea77/DS-3c412562-aaf8-45c0-96b6-f7b01ddf64ad/container.db for volume DS-3c412562-aaf8-45c0-96b6-f7b01ddf64ad
2023-01-10 01:13:37,946 [EndpointStateMachine task thread for /0.0.0.0:39419 - 0 ] INFO  ozoneimpl.OzoneContainer (OzoneContainer.java:start(395)) - Attempting to start container services.
2023-01-10 01:13:37,946 [EndpointStateMachine task thread for /0.0.0.0:39419 - 0 ] INFO  ozoneimpl.OzoneContainer (OzoneContainer.java:startContainerScrub(312)) - Scheduled background container scanners and the on-demand container scanner have been disabled.
2023-01-10 01:13:37,950 [EndpointStateMachine task thread for /0.0.0.0:39419 - 0 ] INFO  replication.ReplicationServer (ReplicationServer.java:start(106)) - ReplicationServer is started using port 46271
2023-01-10 01:13:37,950 [EndpointStateMachine task thread for /0.0.0.0:39419 - 0 ] INFO  ratis.XceiverServerRatis (XceiverServerRatis.java:start(517)) - Starting XceiverServerRatis afa38d33-fc19-42e5-bc19-641228a4898b
2023-01-10 01:13:37,951 [EndpointStateMachine task thread for /0.0.0.0:39419 - 0 ] INFO  server.RaftServer (RaftServerProxy.java:startImpl(393)) - afa38d33-fc19-42e5-bc19-641228a4898b: start RPC server
2023-01-10 01:13:37,953 [EndpointStateMachine task thread for /0.0.0.0:39419 - 0 ] INFO  server.GrpcService (GrpcService.java:startImpl(262)) - afa38d33-fc19-42e5-bc19-641228a4898b: GrpcService started, listening on 37195
2023-01-10 01:13:37,954 [EndpointStateMachine task thread for /0.0.0.0:39419 - 0 ] INFO  ratis.XceiverServerRatis (XceiverServerRatis.java:getRealPort(543)) - XceiverServerRatis afa38d33-fc19-42e5-bc19-641228a4898b is started using port 37195 for RATIS
2023-01-10 01:13:37,954 [JvmPauseMonitor15] INFO  util.JvmPauseMonitor (JvmPauseMonitor.java:run(105)) - JvmPauseMonitor-afa38d33-fc19-42e5-bc19-641228a4898b: Started
2023-01-10 01:13:37,954 [EndpointStateMachine task thread for /0.0.0.0:39419 - 0 ] INFO  ratis.XceiverServerRatis (XceiverServerRatis.java:getRealPort(543)) - XceiverServerRatis afa38d33-fc19-42e5-bc19-641228a4898b is started using port 37195 for RATIS_ADMIN
2023-01-10 01:13:37,954 [EndpointStateMachine task thread for /0.0.0.0:39419 - 0 ] INFO  ratis.XceiverServerRatis (XceiverServerRatis.java:getRealPort(543)) - XceiverServerRatis afa38d33-fc19-42e5-bc19-641228a4898b is started using port 37195 for RATIS_SERVER
2023-01-10 01:13:37,954 [EndpointStateMachine task thread for /0.0.0.0:39419 - 0 ] INFO  ratis.XceiverServerRatis (XceiverServerRatis.java:getRealPort(543)) - XceiverServerRatis afa38d33-fc19-42e5-bc19-641228a4898b is started using port 33715 for RATIS_DATASTREAM
2023-01-10 01:13:37,956 [EndpointStateMachine task thread for /0.0.0.0:39419 - 0 ] INFO  server.XceiverServerGrpc (XceiverServerGrpc.java:start(180)) - XceiverServerGrpc afa38d33-fc19-42e5-bc19-641228a4898b is started using port 38283
2023-01-10 01:13:38,262 [EndpointStateMachine task thread for /0.0.0.0:39419 - 0 ] INFO  utils.DatanodeStoreCache (DatanodeStoreCache.java:addDB(58)) - Added db /home/runner/work/ozone/ozone/hadoop-ozone/integration-test/target/test-dir/MiniOzoneClusterImpl-62525788-12f1-42f6-8834-316215afea77/datanode-4/data-0/containers/hdds/62525788-12f1-42f6-8834-316215afea77/DS-de1f40dc-a5aa-4196-b3fb-f57532f11606/container.db to cache
2023-01-10 01:13:38,262 [EndpointStateMachine task thread for /0.0.0.0:39419 - 0 ] INFO  volume.HddsVolume (HddsVolume.java:createDbStore(307)) - SchemaV3 db is created and loaded at /home/runner/work/ozone/ozone/hadoop-ozone/integration-test/target/test-dir/MiniOzoneClusterImpl-62525788-12f1-42f6-8834-316215afea77/datanode-4/data-0/containers/hdds/62525788-12f1-42f6-8834-316215afea77/DS-de1f40dc-a5aa-4196-b3fb-f57532f11606/container.db for volume DS-de1f40dc-a5aa-4196-b3fb-f57532f11606
2023-01-10 01:13:38,262 [EndpointStateMachine task thread for /0.0.0.0:39419 - 0 ] INFO  ozoneimpl.OzoneContainer (OzoneContainer.java:start(395)) - Attempting to start container services.
2023-01-10 01:13:38,262 [EndpointStateMachine task thread for /0.0.0.0:39419 - 0 ] INFO  ozoneimpl.OzoneContainer (OzoneContainer.java:startContainerScrub(312)) - Scheduled background container scanners and the on-demand container scanner have been disabled.
2023-01-10 01:13:38,264 [EndpointStateMachine task thread for /0.0.0.0:39419 - 0 ] INFO  replication.ReplicationServer (ReplicationServer.java:start(106)) - ReplicationServer is started using port 40813
2023-01-10 01:13:38,265 [EndpointStateMachine task thread for /0.0.0.0:39419 - 0 ] INFO  ratis.XceiverServerRatis (XceiverServerRatis.java:start(517)) - Starting XceiverServerRatis 498755a8-f2f1-47a5-bb38-b65b10b21bcc
2023-01-10 01:13:38,265 [EndpointStateMachine task thread for /0.0.0.0:39419 - 0 ] INFO  server.RaftServer (RaftServerProxy.java:startImpl(393)) - 498755a8-f2f1-47a5-bb38-b65b10b21bcc: start RPC server
2023-01-10 01:13:38,267 [EndpointStateMachine task thread for /0.0.0.0:39419 - 0 ] INFO  server.GrpcService (GrpcService.java:startImpl(262)) - 498755a8-f2f1-47a5-bb38-b65b10b21bcc: GrpcService started, listening on 40949
2023-01-10 01:13:38,268 [EndpointStateMachine task thread for /0.0.0.0:39419 - 0 ] INFO  ratis.XceiverServerRatis (XceiverServerRatis.java:getRealPort(543)) - XceiverServerRatis 498755a8-f2f1-47a5-bb38-b65b10b21bcc is started using port 40949 for RATIS
2023-01-10 01:13:38,268 [EndpointStateMachine task thread for /0.0.0.0:39419 - 0 ] INFO  ratis.XceiverServerRatis (XceiverServerRatis.java:getRealPort(543)) - XceiverServerRatis 498755a8-f2f1-47a5-bb38-b65b10b21bcc is started using port 40949 for RATIS_ADMIN
2023-01-10 01:13:38,268 [JvmPauseMonitor16] INFO  util.JvmPauseMonitor (JvmPauseMonitor.java:run(105)) - JvmPauseMonitor-498755a8-f2f1-47a5-bb38-b65b10b21bcc: Started
2023-01-10 01:13:38,268 [EndpointStateMachine task thread for /0.0.0.0:39419 - 0 ] INFO  ratis.XceiverServerRatis (XceiverServerRatis.java:getRealPort(543)) - XceiverServerRatis 498755a8-f2f1-47a5-bb38-b65b10b21bcc is started using port 40949 for RATIS_SERVER
2023-01-10 01:13:38,268 [EndpointStateMachine task thread for /0.0.0.0:39419 - 0 ] INFO  ratis.XceiverServerRatis (XceiverServerRatis.java:getRealPort(543)) - XceiverServerRatis 498755a8-f2f1-47a5-bb38-b65b10b21bcc is started using port 39249 for RATIS_DATASTREAM
2023-01-10 01:13:38,271 [EndpointStateMachine task thread for /0.0.0.0:39419 - 0 ] INFO  server.XceiverServerGrpc (XceiverServerGrpc.java:start(180)) - XceiverServerGrpc 498755a8-f2f1-47a5-bb38-b65b10b21bcc is started using port 39559
2023-01-10 01:13:38,525 [Listener at 127.0.0.1/44191] INFO  ozone.MiniOzoneClusterImpl (MiniOzoneClusterImpl.java:lambda$waitForClusterToBeReady$0(218)) - Waiting for nodes to be ready. Got 0 of 6 DN Heartbeats.
2023-01-10 01:13:38,525 [Listener at 127.0.0.1/44191] INFO  ozone.MiniOzoneClusterImpl (MiniOzoneClusterImpl.java:lambda$waitForClusterToBeReady$0(221)) - Waiting for cluster to exit safe mode
2023-01-10 01:13:38,526 [Listener at 127.0.0.1/44191] INFO  ozone.MiniOzoneClusterImpl (MiniOzoneClusterImpl.java:lambda$waitForClusterToBeReady$0(223)) - SCM became leader
2023-01-10 01:13:38,565 [EndpointStateMachine task thread for /0.0.0.0:39419 - 0 ] INFO  utils.DatanodeStoreCache (DatanodeStoreCache.java:addDB(58)) - Added db /home/runner/work/ozone/ozone/hadoop-ozone/integration-test/target/test-dir/MiniOzoneClusterImpl-62525788-12f1-42f6-8834-316215afea77/datanode-5/data-0/containers/hdds/62525788-12f1-42f6-8834-316215afea77/DS-338525b4-0342-43c6-8cb4-c3919e5ec158/container.db to cache
2023-01-10 01:13:38,565 [EndpointStateMachine task thread for /0.0.0.0:39419 - 0 ] INFO  volume.HddsVolume (HddsVolume.java:createDbStore(307)) - SchemaV3 db is created and loaded at /home/runner/work/ozone/ozone/hadoop-ozone/integration-test/target/test-dir/MiniOzoneClusterImpl-62525788-12f1-42f6-8834-316215afea77/datanode-5/data-0/containers/hdds/62525788-12f1-42f6-8834-316215afea77/DS-338525b4-0342-43c6-8cb4-c3919e5ec158/container.db for volume DS-338525b4-0342-43c6-8cb4-c3919e5ec158
2023-01-10 01:13:38,566 [EndpointStateMachine task thread for /0.0.0.0:39419 - 0 ] INFO  ozoneimpl.OzoneContainer (OzoneContainer.java:start(395)) - Attempting to start container services.
2023-01-10 01:13:38,566 [EndpointStateMachine task thread for /0.0.0.0:39419 - 0 ] INFO  ozoneimpl.OzoneContainer (OzoneContainer.java:startContainerScrub(312)) - Scheduled background container scanners and the on-demand container scanner have been disabled.
2023-01-10 01:13:38,569 [EndpointStateMachine task thread for /0.0.0.0:39419 - 0 ] INFO  replication.ReplicationServer (ReplicationServer.java:start(106)) - ReplicationServer is started using port 32821
2023-01-10 01:13:38,570 [EndpointStateMachine task thread for /0.0.0.0:39419 - 0 ] INFO  ratis.XceiverServerRatis (XceiverServerRatis.java:start(517)) - Starting XceiverServerRatis 755113df-b2d2-4f4d-a016-da6f7eba54ac
2023-01-10 01:13:38,570 [EndpointStateMachine task thread for /0.0.0.0:39419 - 0 ] INFO  server.RaftServer (RaftServerProxy.java:startImpl(393)) - 755113df-b2d2-4f4d-a016-da6f7eba54ac: start RPC server
2023-01-10 01:13:38,580 [EndpointStateMachine task thread for /0.0.0.0:39419 - 0 ] INFO  server.GrpcService (GrpcService.java:startImpl(262)) - 755113df-b2d2-4f4d-a016-da6f7eba54ac: GrpcService started, listening on 40991
2023-01-10 01:13:38,581 [EndpointStateMachine task thread for /0.0.0.0:39419 - 0 ] INFO  ratis.XceiverServerRatis (XceiverServerRatis.java:getRealPort(543)) - XceiverServerRatis 755113df-b2d2-4f4d-a016-da6f7eba54ac is started using port 40991 for RATIS
2023-01-10 01:13:38,581 [EndpointStateMachine task thread for /0.0.0.0:39419 - 0 ] INFO  ratis.XceiverServerRatis (XceiverServerRatis.java:getRealPort(543)) - XceiverServerRatis 755113df-b2d2-4f4d-a016-da6f7eba54ac is started using port 40991 for RATIS_ADMIN
2023-01-10 01:13:38,581 [JvmPauseMonitor17] INFO  util.JvmPauseMonitor (JvmPauseMonitor.java:run(105)) - JvmPauseMonitor-755113df-b2d2-4f4d-a016-da6f7eba54ac: Started
2023-01-10 01:13:38,581 [EndpointStateMachine task thread for /0.0.0.0:39419 - 0 ] INFO  ratis.XceiverServerRatis (XceiverServerRatis.java:getRealPort(543)) - XceiverServerRatis 755113df-b2d2-4f4d-a016-da6f7eba54ac is started using port 40991 for RATIS_SERVER
2023-01-10 01:13:38,581 [EndpointStateMachine task thread for /0.0.0.0:39419 - 0 ] INFO  ratis.XceiverServerRatis (XceiverServerRatis.java:getRealPort(543)) - XceiverServerRatis 755113df-b2d2-4f4d-a016-da6f7eba54ac is started using port 38909 for RATIS_DATASTREAM
2023-01-10 01:13:38,586 [EndpointStateMachine task thread for /0.0.0.0:39419 - 0 ] INFO  server.XceiverServerGrpc (XceiverServerGrpc.java:start(180)) - XceiverServerGrpc 755113df-b2d2-4f4d-a016-da6f7eba54ac is started using port 42111
2023-01-10 01:13:38,985 [IPC Server handler 0 on default port 39419] INFO  net.NetworkTopologyImpl (NetworkTopologyImpl.java:add(112)) - Added a new node: /default-rack/35948080-5e22-45ca-b6f3-be7de45bebca
2023-01-10 01:13:38,985 [IPC Server handler 0 on default port 39419] INFO  node.SCMNodeManager (SCMNodeManager.java:register(397)) - Registered Data node : 35948080-5e22-45ca-b6f3-be7de45bebca{ip: 10.1.0.24, host: fv-az353-623.tkyx2seitsuu3nmpmouz2httfb.bx.internal.cloudapp.net, ports: [REPLICATION=40767, RATIS=40989, RATIS_ADMIN=40989, RATIS_SERVER=40989, RATIS_DATASTREAM=42993, STANDALONE=45119], networkLocation: /default-rack, certSerialId: null, persistedOpState: null, persistedOpStateExpiryEpochSec: 0}
2023-01-10 01:13:38,994 [EventQueue-NodeRegistrationContainerReportForContainerSafeModeRule] INFO  safemode.SCMSafeModeManager (SCMSafeModeManager.java:validateSafeModeExitRules(200)) - ContainerSafeModeRule rule is successfully validated
2023-01-10 01:13:38,994 [EventQueue-NodeRegistrationContainerReportForDataNodeSafeModeRule] INFO  safemode.SCMSafeModeManager (DataNodeSafeModeRule.java:process(71)) - SCM in safe mode. 1 DataNodes registered, 3 required.
2023-01-10 01:13:38,995 [EventQueue-NewNodeForNewNodeHandler] INFO  pipeline.BackgroundPipelineCreator (BackgroundPipelineCreator.java:notifyEventTriggered(276)) - trigger a one-shot run on RatisPipelineUtilsThread.
2023-01-10 01:13:38,996 [EventQueue-PipelineReportForOneReplicaPipelineSafeModeRule] INFO  safemode.SCMSafeModeManager (SCMSafeModeManager.java:validateSafeModeExitRules(200)) - AtleastOneDatanodeReportedRule rule is successfully validated
2023-01-10 01:13:39,277 [IPC Server handler 2 on default port 39419] INFO  net.NetworkTopologyImpl (NetworkTopologyImpl.java:add(112)) - Added a new node: /default-rack/b1e0bc18-8da5-4e58-9fa5-a506b45b1540
2023-01-10 01:13:39,278 [IPC Server handler 2 on default port 39419] INFO  node.SCMNodeManager (SCMNodeManager.java:register(397)) - Registered Data node : b1e0bc18-8da5-4e58-9fa5-a506b45b1540{ip: 10.1.0.24, host: fv-az353-623.tkyx2seitsuu3nmpmouz2httfb.bx.internal.cloudapp.net, ports: [REPLICATION=45369, RATIS=41835, RATIS_ADMIN=41835, RATIS_SERVER=41835, RATIS_DATASTREAM=40391, STANDALONE=36863], networkLocation: /default-rack, certSerialId: null, persistedOpState: null, persistedOpStateExpiryEpochSec: 0}
2023-01-10 01:13:39,278 [EventQueue-NewNodeForNewNodeHandler] INFO  pipeline.BackgroundPipelineCreator (BackgroundPipelineCreator.java:notifyEventTriggered(276)) - trigger a one-shot run on RatisPipelineUtilsThread.
2023-01-10 01:13:39,279 [EventQueue-NodeRegistrationContainerReportForDataNodeSafeModeRule] INFO  safemode.SCMSafeModeManager (DataNodeSafeModeRule.java:process(71)) - SCM in safe mode. 2 DataNodes registered, 3 required.
2023-01-10 01:13:39,526 [Listener at 127.0.0.1/44191] INFO  ozone.MiniOzoneClusterImpl (MiniOzoneClusterImpl.java:lambda$waitForClusterToBeReady$0(218)) - Waiting for nodes to be ready. Got 2 of 6 DN Heartbeats.
2023-01-10 01:13:39,526 [Listener at 127.0.0.1/44191] INFO  ozone.MiniOzoneClusterImpl (MiniOzoneClusterImpl.java:lambda$waitForClusterToBeReady$0(221)) - Waiting for cluster to exit safe mode
2023-01-10 01:13:39,526 [Listener at 127.0.0.1/44191] INFO  ozone.MiniOzoneClusterImpl (MiniOzoneClusterImpl.java:lambda$waitForClusterToBeReady$0(223)) - SCM became leader
2023-01-10 01:13:39,594 [IPC Server handler 3 on default port 39419] INFO  net.NetworkTopologyImpl (NetworkTopologyImpl.java:add(112)) - Added a new node: /default-rack/1c34faa2-bf15-4077-af79-1a4fd95d48c3
2023-01-10 01:13:39,594 [IPC Server handler 3 on default port 39419] INFO  node.SCMNodeManager (SCMNodeManager.java:register(397)) - Registered Data node : 1c34faa2-bf15-4077-af79-1a4fd95d48c3{ip: 10.1.0.24, host: fv-az353-623.tkyx2seitsuu3nmpmouz2httfb.bx.internal.cloudapp.net, ports: [REPLICATION=39507, RATIS=38223, RATIS_ADMIN=38223, RATIS_SERVER=38223, RATIS_DATASTREAM=46641, STANDALONE=43347], networkLocation: /default-rack, certSerialId: null, persistedOpState: null, persistedOpStateExpiryEpochSec: 0}
2023-01-10 01:13:39,594 [EventQueue-NewNodeForNewNodeHandler] INFO  pipeline.BackgroundPipelineCreator (BackgroundPipelineCreator.java:notifyEventTriggered(276)) - trigger a one-shot run on RatisPipelineUtilsThread.
2023-01-10 01:13:39,595 [EventQueue-NodeRegistrationContainerReportForDataNodeSafeModeRule] INFO  safemode.SCMSafeModeManager (DataNodeSafeModeRule.java:process(71)) - SCM in safe mode. 3 DataNodes registered, 3 required.
2023-01-10 01:13:39,595 [EventQueue-NodeRegistrationContainerReportForDataNodeSafeModeRule] INFO  safemode.SCMSafeModeManager (SCMSafeModeManager.java:validateSafeModeExitRules(200)) - DataNodeSafeModeRule rule is successfully validated
2023-01-10 01:13:39,595 [EventQueue-NodeRegistrationContainerReportForDataNodeSafeModeRule] INFO  safemode.SCMSafeModeManager (SCMSafeModeManager.java:completePreCheck(229)) - All SCM safe mode pre check rules have passed
2023-01-10 01:13:39,595 [EventQueue-NodeRegistrationContainerReportForDataNodeSafeModeRule] INFO  ha.SCMContext (SCMContext.java:updateSafeModeStatus(228)) - Update SafeModeStatus from SafeModeStatus{safeModeStatus=true, preCheckPassed=false} to SafeModeStatus{safeModeStatus=true, preCheckPassed=true}.
2023-01-10 01:13:39,595 [EventQueue-NodeRegistrationContainerReportForDataNodeSafeModeRule] INFO  pipeline.BackgroundPipelineCreator (BackgroundPipelineCreator.java:notifyEventTriggered(276)) - trigger a one-shot run on RatisPipelineUtilsThread.
2023-01-10 01:13:39,595 [RatisPipelineUtilsThread - 0] INFO  pipeline.RatisPipelineProvider (RatisPipelineProvider.java:lambda$create$0(206)) - Sending CreatePipelineCommand for pipeline:PipelineID=8a0d26c5-9ddc-4466-9f05-78ba0c5e921b to datanode:1c34faa2-bf15-4077-af79-1a4fd95d48c3
2023-01-10 01:13:39,595 [RatisPipelineUtilsThread - 0] INFO  pipeline.RatisPipelineProvider (RatisPipelineProvider.java:lambda$create$0(206)) - Sending CreatePipelineCommand for pipeline:PipelineID=8a0d26c5-9ddc-4466-9f05-78ba0c5e921b to datanode:35948080-5e22-45ca-b6f3-be7de45bebca
2023-01-10 01:13:39,595 [RatisPipelineUtilsThread - 0] INFO  pipeline.RatisPipelineProvider (RatisPipelineProvider.java:lambda$create$0(206)) - Sending CreatePipelineCommand for pipeline:PipelineID=8a0d26c5-9ddc-4466-9f05-78ba0c5e921b to datanode:b1e0bc18-8da5-4e58-9fa5-a506b45b1540
2023-01-10 01:13:39,597 [RatisPipelineUtilsThread - 0] INFO  pipeline.PipelineStateManagerImpl (PipelineStateManagerImpl.java:addPipeline(103)) - Created pipeline Pipeline[ Id: 8a0d26c5-9ddc-4466-9f05-78ba0c5e921b, Nodes: 1c34faa2-bf15-4077-af79-1a4fd95d48c3{ip: 10.1.0.24, host: fv-az353-623.tkyx2seitsuu3nmpmouz2httfb.bx.internal.cloudapp.net, ports: [REPLICATION=39507, RATIS=38223, RATIS_ADMIN=38223, RATIS_SERVER=38223, RATIS_DATASTREAM=46641, STANDALONE=43347], networkLocation: /default-rack, certSerialId: null, persistedOpState: IN_SERVICE, persistedOpStateExpiryEpochSec: 0}35948080-5e22-45ca-b6f3-be7de45bebca{ip: 10.1.0.24, host: fv-az353-623.tkyx2seitsuu3nmpmouz2httfb.bx.internal.cloudapp.net, ports: [REPLICATION=40767, RATIS=40989, RATIS_ADMIN=40989, RATIS_SERVER=40989, RATIS_DATASTREAM=42993, STANDALONE=45119], networkLocation: /default-rack, certSerialId: null, persistedOpState: IN_SERVICE, persistedOpStateExpiryEpochSec: 0}b1e0bc18-8da5-4e58-9fa5-a506b45b1540{ip: 10.1.0.24, host: fv-az353-623.tkyx2seitsuu3nmpmouz2httfb.bx.internal.cloudapp.net, ports: [REPLICATION=45369, RATIS=41835, RATIS_ADMIN=41835, RATIS_SERVER=41835, RATIS_DATASTREAM=40391, STANDALONE=36863], networkLocation: /default-rack, certSerialId: null, persistedOpState: IN_SERVICE, persistedOpStateExpiryEpochSec: 0}, ReplicationConfig: RATIS/THREE, State:ALLOCATED, leaderId:, CreationTimestamp2023-01-10T01:13:39.595Z[Etc/UTC]].
2023-01-10 01:13:39,597 [RatisPipelineUtilsThread - 0] INFO  pipeline.RatisPipelineProvider (RatisPipelineProvider.java:lambda$create$0(206)) - Sending CreatePipelineCommand for pipeline:PipelineID=10b1e9b3-4f10-4e01-8782-5a293a09bc8e to datanode:35948080-5e22-45ca-b6f3-be7de45bebca
2023-01-10 01:13:39,597 [RatisPipelineUtilsThread - 0] INFO  pipeline.RatisPipelineProvider (RatisPipelineProvider.java:lambda$create$0(206)) - Sending CreatePipelineCommand for pipeline:PipelineID=10b1e9b3-4f10-4e01-8782-5a293a09bc8e to datanode:b1e0bc18-8da5-4e58-9fa5-a506b45b1540
2023-01-10 01:13:39,597 [RatisPipelineUtilsThread - 0] INFO  pipeline.RatisPipelineProvider (RatisPipelineProvider.java:lambda$create$0(206)) - Sending CreatePipelineCommand for pipeline:PipelineID=10b1e9b3-4f10-4e01-8782-5a293a09bc8e to datanode:1c34faa2-bf15-4077-af79-1a4fd95d48c3
2023-01-10 01:13:39,598 [RatisPipelineUtilsThread - 0] INFO  pipeline.PipelineStateManagerImpl (PipelineStateManagerImpl.java:addPipeline(103)) - Created pipeline Pipeline[ Id: 10b1e9b3-4f10-4e01-8782-5a293a09bc8e, Nodes: 35948080-5e22-45ca-b6f3-be7de45bebca{ip: 10.1.0.24, host: fv-az353-623.tkyx2seitsuu3nmpmouz2httfb.bx.internal.cloudapp.net, ports: [REPLICATION=40767, RATIS=40989, RATIS_ADMIN=40989, RATIS_SERVER=40989, RATIS_DATASTREAM=42993, STANDALONE=45119], networkLocation: /default-rack, certSerialId: null, persistedOpState: IN_SERVICE, persistedOpStateExpiryEpochSec: 0}b1e0bc18-8da5-4e58-9fa5-a506b45b1540{ip: 10.1.0.24, host: fv-az353-623.tkyx2seitsuu3nmpmouz2httfb.bx.internal.cloudapp.net, ports: [REPLICATION=45369, RATIS=41835, RATIS_ADMIN=41835, RATIS_SERVER=41835, RATIS_DATASTREAM=40391, STANDALONE=36863], networkLocation: /default-rack, certSerialId: null, persistedOpState: IN_SERVICE, persistedOpStateExpiryEpochSec: 0}1c34faa2-bf15-4077-af79-1a4fd95d48c3{ip: 10.1.0.24, host: fv-az353-623.tkyx2seitsuu3nmpmouz2httfb.bx.internal.cloudapp.net, ports: [REPLICATION=39507, RATIS=38223, RATIS_ADMIN=38223, RATIS_SERVER=38223, RATIS_DATASTREAM=46641, STANDALONE=43347], networkLocation: /default-rack, certSerialId: null, persistedOpState: IN_SERVICE, persistedOpStateExpiryEpochSec: 0}, ReplicationConfig: RATIS/THREE, State:ALLOCATED, leaderId:, CreationTimestamp2023-01-10T01:13:39.597Z[Etc/UTC]].
2023-01-10 01:13:39,598 [RatisPipelineUtilsThread - 0] INFO  pipeline.PipelineManagerImpl (PipelineManagerImpl.java:recordMetricsForPipeline(826)) - Pipeline: PipelineID=10b1e9b3-4f10-4e01-8782-5a293a09bc8e contains same datanodes as previous pipelines: PipelineID=8a0d26c5-9ddc-4466-9f05-78ba0c5e921b nodeIds: 35948080-5e22-45ca-b6f3-be7de45bebca, b1e0bc18-8da5-4e58-9fa5-a506b45b1540, 1c34faa2-bf15-4077-af79-1a4fd95d48c3
2023-01-10 01:13:39,598 [RatisPipelineUtilsThread - 0] WARN  pipeline.PipelinePlacementPolicy (PipelinePlacementPolicy.java:filterViableNodes(158)) - Pipeline creation failed due to no sufficient healthy datanodes. Required 3. Found 0.
2023-01-10 01:13:39,910 [IPC Server handler 4 on default port 39419] INFO  net.NetworkTopologyImpl (NetworkTopologyImpl.java:add(112)) - Added a new node: /default-rack/afa38d33-fc19-42e5-bc19-641228a4898b
2023-01-10 01:13:39,910 [IPC Server handler 4 on default port 39419] INFO  node.SCMNodeManager (SCMNodeManager.java:register(397)) - Registered Data node : afa38d33-fc19-42e5-bc19-641228a4898b{ip: 10.1.0.24, host: fv-az353-623.tkyx2seitsuu3nmpmouz2httfb.bx.internal.cloudapp.net, ports: [REPLICATION=46271, RATIS=37195, RATIS_ADMIN=37195, RATIS_SERVER=37195, RATIS_DATASTREAM=33715, STANDALONE=38283], networkLocation: /default-rack, certSerialId: null, persistedOpState: null, persistedOpStateExpiryEpochSec: 0}
2023-01-10 01:13:39,910 [EventQueue-NewNodeForNewNodeHandler] INFO  pipeline.BackgroundPipelineCreator (BackgroundPipelineCreator.java:notifyEventTriggered(276)) - trigger a one-shot run on RatisPipelineUtilsThread.
2023-01-10 01:13:39,911 [RatisPipelineUtilsThread - 0] WARN  pipeline.PipelinePlacementPolicy (PipelinePlacementPolicy.java:filterViableNodes(158)) - Pipeline creation failed due to no sufficient healthy datanodes. Required 3. Found 1.
2023-01-10 01:13:40,231 [IPC Server handler 1 on default port 39419] INFO  net.NetworkTopologyImpl (NetworkTopologyImpl.java:add(112)) - Added a new node: /default-rack/498755a8-f2f1-47a5-bb38-b65b10b21bcc
2023-01-10 01:13:40,231 [IPC Server handler 1 on default port 39419] INFO  node.SCMNodeManager (SCMNodeManager.java:register(397)) - Registered Data node : 498755a8-f2f1-47a5-bb38-b65b10b21bcc{ip: 10.1.0.24, host: fv-az353-623.tkyx2seitsuu3nmpmouz2httfb.bx.internal.cloudapp.net, ports: [REPLICATION=40813, RATIS=40949, RATIS_ADMIN=40949, RATIS_SERVER=40949, RATIS_DATASTREAM=39249, STANDALONE=39559], networkLocation: /default-rack, certSerialId: null, persistedOpState: null, persistedOpStateExpiryEpochSec: 0}
2023-01-10 01:13:40,232 [EventQueue-NewNodeForNewNodeHandler] INFO  pipeline.BackgroundPipelineCreator (BackgroundPipelineCreator.java:notifyEventTriggered(276)) - trigger a one-shot run on RatisPipelineUtilsThread.
2023-01-10 01:13:40,233 [RatisPipelineUtilsThread - 0] WARN  pipeline.PipelinePlacementPolicy (PipelinePlacementPolicy.java:filterViableNodes(158)) - Pipeline creation failed due to no sufficient healthy datanodes. Required 3. Found 2.
2023-01-10 01:13:40,526 [Listener at 127.0.0.1/44191] INFO  ozone.MiniOzoneClusterImpl (MiniOzoneClusterImpl.java:lambda$waitForClusterToBeReady$0(218)) - Waiting for nodes to be ready. Got 5 of 6 DN Heartbeats.
2023-01-10 01:13:40,527 [Listener at 127.0.0.1/44191] INFO  ozone.MiniOzoneClusterImpl (MiniOzoneClusterImpl.java:lambda$waitForClusterToBeReady$0(221)) - Waiting for cluster to exit safe mode
2023-01-10 01:13:40,527 [Listener at 127.0.0.1/44191] INFO  ozone.MiniOzoneClusterImpl (MiniOzoneClusterImpl.java:lambda$waitForClusterToBeReady$0(223)) - SCM became leader
2023-01-10 01:13:40,533 [IPC Server handler 3 on default port 39419] INFO  net.NetworkTopologyImpl (NetworkTopologyImpl.java:add(112)) - Added a new node: /default-rack/755113df-b2d2-4f4d-a016-da6f7eba54ac
2023-01-10 01:13:40,533 [IPC Server handler 3 on default port 39419] INFO  node.SCMNodeManager (SCMNodeManager.java:register(397)) - Registered Data node : 755113df-b2d2-4f4d-a016-da6f7eba54ac{ip: 10.1.0.24, host: fv-az353-623.tkyx2seitsuu3nmpmouz2httfb.bx.internal.cloudapp.net, ports: [REPLICATION=32821, RATIS=40991, RATIS_ADMIN=40991, RATIS_SERVER=40991, RATIS_DATASTREAM=38909, STANDALONE=42111], networkLocation: /default-rack, certSerialId: null, persistedOpState: null, persistedOpStateExpiryEpochSec: 0}
2023-01-10 01:13:40,536 [EventQueue-NewNodeForNewNodeHandler] INFO  pipeline.BackgroundPipelineCreator (BackgroundPipelineCreator.java:notifyEventTriggered(276)) - trigger a one-shot run on RatisPipelineUtilsThread.
2023-01-10 01:13:40,536 [RatisPipelineUtilsThread - 0] INFO  pipeline.RatisPipelineProvider (RatisPipelineProvider.java:lambda$create$0(206)) - Sending CreatePipelineCommand for pipeline:PipelineID=806defe6-91a0-4966-ac34-79979d135bfe to datanode:755113df-b2d2-4f4d-a016-da6f7eba54ac
2023-01-10 01:13:40,536 [RatisPipelineUtilsThread - 0] INFO  pipeline.RatisPipelineProvider (RatisPipelineProvider.java:lambda$create$0(206)) - Sending CreatePipelineCommand for pipeline:PipelineID=806defe6-91a0-4966-ac34-79979d135bfe to datanode:498755a8-f2f1-47a5-bb38-b65b10b21bcc
2023-01-10 01:13:40,536 [RatisPipelineUtilsThread - 0] INFO  pipeline.RatisPipelineProvider (RatisPipelineProvider.java:lambda$create$0(206)) - Sending CreatePipelineCommand for pipeline:PipelineID=806defe6-91a0-4966-ac34-79979d135bfe to datanode:afa38d33-fc19-42e5-bc19-641228a4898b
2023-01-10 01:13:40,537 [RatisPipelineUtilsThread - 0] INFO  pipeline.PipelineStateManagerImpl (PipelineStateManagerImpl.java:addPipeline(103)) - Created pipeline Pipeline[ Id: 806defe6-91a0-4966-ac34-79979d135bfe, Nodes: 755113df-b2d2-4f4d-a016-da6f7eba54ac{ip: 10.1.0.24, host: fv-az353-623.tkyx2seitsuu3nmpmouz2httfb.bx.internal.cloudapp.net, ports: [REPLICATION=32821, RATIS=40991, RATIS_ADMIN=40991, RATIS_SERVER=40991, RATIS_DATASTREAM=38909, STANDALONE=42111], networkLocation: /default-rack, certSerialId: null, persistedOpState: IN_SERVICE, persistedOpStateExpiryEpochSec: 0}498755a8-f2f1-47a5-bb38-b65b10b21bcc{ip: 10.1.0.24, host: fv-az353-623.tkyx2seitsuu3nmpmouz2httfb.bx.internal.cloudapp.net, ports: [REPLICATION=40813, RATIS=40949, RATIS_ADMIN=40949, RATIS_SERVER=40949, RATIS_DATASTREAM=39249, STANDALONE=39559], networkLocation: /default-rack, certSerialId: null, persistedOpState: IN_SERVICE, persistedOpStateExpiryEpochSec: 0}afa38d33-fc19-42e5-bc19-641228a4898b{ip: 10.1.0.24, host: fv-az353-623.tkyx2seitsuu3nmpmouz2httfb.bx.internal.cloudapp.net, ports: [REPLICATION=46271, RATIS=37195, RATIS_ADMIN=37195, RATIS_SERVER=37195, RATIS_DATASTREAM=33715, STANDALONE=38283], networkLocation: /default-rack, certSerialId: null, persistedOpState: IN_SERVICE, persistedOpStateExpiryEpochSec: 0}, ReplicationConfig: RATIS/THREE, State:ALLOCATED, leaderId:, CreationTimestamp2023-01-10T01:13:40.536Z[Etc/UTC]].
2023-01-10 01:13:40,538 [RatisPipelineUtilsThread - 0] INFO  pipeline.RatisPipelineProvider (RatisPipelineProvider.java:lambda$create$0(206)) - Sending CreatePipelineCommand for pipeline:PipelineID=c224eb46-a506-4758-baab-899b3966d85d to datanode:755113df-b2d2-4f4d-a016-da6f7eba54ac
2023-01-10 01:13:40,538 [RatisPipelineUtilsThread - 0] INFO  pipeline.RatisPipelineProvider (RatisPipelineProvider.java:lambda$create$0(206)) - Sending CreatePipelineCommand for pipeline:PipelineID=c224eb46-a506-4758-baab-899b3966d85d to datanode:afa38d33-fc19-42e5-bc19-641228a4898b
2023-01-10 01:13:40,538 [RatisPipelineUtilsThread - 0] INFO  pipeline.RatisPipelineProvider (RatisPipelineProvider.java:lambda$create$0(206)) - Sending CreatePipelineCommand for pipeline:PipelineID=c224eb46-a506-4758-baab-899b3966d85d to datanode:498755a8-f2f1-47a5-bb38-b65b10b21bcc
2023-01-10 01:13:40,538 [RatisPipelineUtilsThread - 0] INFO  pipeline.PipelineStateManagerImpl (PipelineStateManagerImpl.java:addPipeline(103)) - Created pipeline Pipeline[ Id: c224eb46-a506-4758-baab-899b3966d85d, Nodes: 755113df-b2d2-4f4d-a016-da6f7eba54ac{ip: 10.1.0.24, host: fv-az353-623.tkyx2seitsuu3nmpmouz2httfb.bx.internal.cloudapp.net, ports: [REPLICATION=32821, RATIS=40991, RATIS_ADMIN=40991, RATIS_SERVER=40991, RATIS_DATASTREAM=38909, STANDALONE=42111], networkLocation: /default-rack, certSerialId: null, persistedOpState: IN_SERVICE, persistedOpStateExpiryEpochSec: 0}afa38d33-fc19-42e5-bc19-641228a4898b{ip: 10.1.0.24, host: fv-az353-623.tkyx2seitsuu3nmpmouz2httfb.bx.internal.cloudapp.net, ports: [REPLICATION=46271, RATIS=37195, RATIS_ADMIN=37195, RATIS_SERVER=37195, RATIS_DATASTREAM=33715, STANDALONE=38283], networkLocation: /default-rack, certSerialId: null, persistedOpState: IN_SERVICE, persistedOpStateExpiryEpochSec: 0}498755a8-f2f1-47a5-bb38-b65b10b21bcc{ip: 10.1.0.24, host: fv-az353-623.tkyx2seitsuu3nmpmouz2httfb.bx.internal.cloudapp.net, ports: [REPLICATION=40813, RATIS=40949, RATIS_ADMIN=40949, RATIS_SERVER=40949, RATIS_DATASTREAM=39249, STANDALONE=39559], networkLocation: /default-rack, certSerialId: null, persistedOpState: IN_SERVICE, persistedOpStateExpiryEpochSec: 0}, ReplicationConfig: RATIS/THREE, State:ALLOCATED, leaderId:, CreationTimestamp2023-01-10T01:13:40.538Z[Etc/UTC]].
2023-01-10 01:13:40,538 [RatisPipelineUtilsThread - 0] INFO  pipeline.PipelineManagerImpl (PipelineManagerImpl.java:recordMetricsForPipeline(826)) - Pipeline: PipelineID=c224eb46-a506-4758-baab-899b3966d85d contains same datanodes as previous pipelines: PipelineID=806defe6-91a0-4966-ac34-79979d135bfe nodeIds: 755113df-b2d2-4f4d-a016-da6f7eba54ac, afa38d33-fc19-42e5-bc19-641228a4898b, 498755a8-f2f1-47a5-bb38-b65b10b21bcc
2023-01-10 01:13:40,539 [RatisPipelineUtilsThread - 0] WARN  pipeline.PipelinePlacementPolicy (PipelinePlacementPolicy.java:filterViableNodes(158)) - Pipeline creation failed due to no sufficient healthy datanodes. Required 3. Found 0.
2023-01-10 01:13:41,527 [Listener at 127.0.0.1/44191] INFO  ozone.MiniOzoneClusterImpl (MiniOzoneClusterImpl.java:lambda$waitForClusterToBeReady$0(218)) - Nodes are ready. Got 6 of 6 DN Heartbeats.
2023-01-10 01:13:41,528 [Listener at 127.0.0.1/44191] INFO  ozone.MiniOzoneClusterImpl (MiniOzoneClusterImpl.java:lambda$waitForClusterToBeReady$0(221)) - Waiting for cluster to exit safe mode
2023-01-10 01:13:41,528 [Listener at 127.0.0.1/44191] INFO  ozone.MiniOzoneClusterImpl (MiniOzoneClusterImpl.java:lambda$waitForClusterToBeReady$0(223)) - SCM became leader
2023-01-10 01:13:41,986 [Command processor thread] INFO  server.RaftServer (RaftServerProxy.java:addNew(96)) - 35948080-5e22-45ca-b6f3-be7de45bebca: addNew group-78BA0C5E921B:[b1e0bc18-8da5-4e58-9fa5-a506b45b1540|rpc:10.1.0.24:41835|dataStream:10.1.0.24:40391|priority:0|startupRole:FOLLOWER, 35948080-5e22-45ca-b6f3-be7de45bebca|rpc:10.1.0.24:40989|dataStream:10.1.0.24:42993|priority:1|startupRole:FOLLOWER, 1c34faa2-bf15-4077-af79-1a4fd95d48c3|rpc:10.1.0.24:38223|dataStream:10.1.0.24:46641|priority:0|startupRole:FOLLOWER] returns group-78BA0C5E921B:java.util.concurrent.CompletableFuture@719b8fbd[Not completed]
2023-01-10 01:13:41,987 [pool-541-thread-1] INFO  server.RaftServer$Division (RaftServerImpl.java:<init>(195)) - 35948080-5e22-45ca-b6f3-be7de45bebca: new RaftServerImpl for group-78BA0C5E921B:[b1e0bc18-8da5-4e58-9fa5-a506b45b1540|rpc:10.1.0.24:41835|dataStream:10.1.0.24:40391|priority:0|startupRole:FOLLOWER, 35948080-5e22-45ca-b6f3-be7de45bebca|rpc:10.1.0.24:40989|dataStream:10.1.0.24:42993|priority:1|startupRole:FOLLOWER, 1c34faa2-bf15-4077-af79-1a4fd95d48c3|rpc:10.1.0.24:38223|dataStream:10.1.0.24:46641|priority:0|startupRole:FOLLOWER] with ContainerStateMachine:uninitialized
2023-01-10 01:13:41,987 [pool-541-thread-1] INFO  server.RaftServerConfigKeys (ConfUtils.java:logGet(46)) - raft.server.rpc.timeout.min = 5s (custom)
2023-01-10 01:13:41,987 [pool-541-thread-1] INFO  server.RaftServerConfigKeys (ConfUtils.java:logGet(46)) - raft.server.rpc.timeout.max = 5200ms (custom)
2023-01-10 01:13:41,987 [pool-541-thread-1] INFO  server.RaftServerConfigKeys (ConfUtils.java:logGet(46)) - raft.server.rpc.sleep.time = 25ms (default)
2023-01-10 01:13:41,987 [pool-541-thread-1] INFO  server.RaftServerConfigKeys (ConfUtils.java:logGet(46)) - raft.server.rpc.slowness.timeout = 300s (custom)
2023-01-10 01:13:41,987 [pool-541-thread-1] INFO  server.RaftServerConfigKeys (ConfUtils.java:logGet(46)) - raft.server.leaderelection.leader.step-down.wait-time = 10s (default)
2023-01-10 01:13:41,987 [pool-541-thread-1] INFO  server.RaftServerConfigKeys (ConfUtils.java:logGet(46)) - raft.server.sleep.deviation.threshold = 300ms (default)
2023-01-10 01:13:41,987 [pool-541-thread-1] INFO  server.RaftServer$Division (ServerState.java:<init>(118)) - 35948080-5e22-45ca-b6f3-be7de45bebca@group-78BA0C5E921B: ConfigurationManager, init=-1: peers:[b1e0bc18-8da5-4e58-9fa5-a506b45b1540|rpc:10.1.0.24:41835|dataStream:10.1.0.24:40391|priority:0|startupRole:FOLLOWER, 35948080-5e22-45ca-b6f3-be7de45bebca|rpc:10.1.0.24:40989|dataStream:10.1.0.24:42993|priority:1|startupRole:FOLLOWER, 1c34faa2-bf15-4077-af79-1a4fd95d48c3|rpc:10.1.0.24:38223|dataStream:10.1.0.24:46641|priority:0|startupRole:FOLLOWER]|listeners:[], old=null, confs=<EMPTY_MAP>
2023-01-10 01:13:41,988 [pool-541-thread-1] INFO  server.RaftServerConfigKeys (ConfUtils.java:logGet(46)) - raft.server.storage.dir = [/home/runner/work/ozone/ozone/hadoop-ozone/integration-test/target/test-dir/MiniOzoneClusterImpl-62525788-12f1-42f6-8834-316215afea77/datanode-0/data/ratis] (custom)
2023-01-10 01:13:41,988 [pool-541-thread-1] INFO  server.RaftServerConfigKeys (ConfUtils.java:logGet(46)) - raft.server.log.corruption.policy = EXCEPTION (default)
2023-01-10 01:13:41,988 [pool-541-thread-1] INFO  server.RaftServerConfigKeys (ConfUtils.java:logGet(46)) - raft.server.storage.free-space.min = 0MB (=0) (default)
2023-01-10 01:13:41,988 [pool-541-thread-1] INFO  server.RaftServerConfigKeys (ConfUtils.java:logGet(46)) - raft.server.notification.no-leader.timeout = 300s (custom)
2023-01-10 01:13:41,988 [pool-541-thread-1] INFO  server.RaftServerConfigKeys (ConfUtils.java:logGet(46)) - raft.server.retrycache.expirytime = 600000ms (custom)
2023-01-10 01:13:41,988 [pool-541-thread-1] INFO  server.RaftServerConfigKeys (ConfUtils.java:logGet(46)) - raft.server.retrycache.statistics.expirytime = 100μs (default)
2023-01-10 01:13:41,989 [pool-541-thread-1] INFO  server.RaftServerConfigKeys (ConfUtils.java:logGet(46)) - raft.server.log.appender.install.snapshot.enabled = false (custom)
2023-01-10 01:13:41,989 [pool-541-thread-1] INFO  server.RaftServerConfigKeys (ConfUtils.java:logGet(46)) - raft.server.threadpool.server.cached = true (default)
2023-01-10 01:13:41,989 [pool-541-thread-1] INFO  server.RaftServerConfigKeys (ConfUtils.java:logGet(46)) - raft.server.threadpool.server.size = 0 (default)
2023-01-10 01:13:41,989 [pool-541-thread-1] INFO  server.RaftServerConfigKeys (ConfUtils.java:logGet(46)) - raft.server.threadpool.client.cached = true (default)
2023-01-10 01:13:41,989 [pool-541-thread-1] INFO  server.RaftServerConfigKeys (ConfUtils.java:logGet(46)) - raft.server.threadpool.client.size = 0 (default)
2023-01-10 01:13:41,989 [pool-541-thread-1] INFO  storage.RaftStorageDirectory (RaftStorageDirectoryImpl.java:analyzeStorage(137)) - The storage directory /home/runner/work/ozone/ozone/hadoop-ozone/integration-test/target/test-dir/MiniOzoneClusterImpl-62525788-12f1-42f6-8834-316215afea77/datanode-0/data/ratis/8a0d26c5-9ddc-4466-9f05-78ba0c5e921b does not exist. Creating ...
2023-01-10 01:13:41,990 [pool-541-thread-1] INFO  storage.RaftStorageDirectory (RaftStorageDirectoryImpl.java:tryLock(231)) - Lock on /home/runner/work/ozone/ozone/hadoop-ozone/integration-test/target/test-dir/MiniOzoneClusterImpl-62525788-12f1-42f6-8834-316215afea77/datanode-0/data/ratis/8a0d26c5-9ddc-4466-9f05-78ba0c5e921b/in_use.lock acquired by nodename 10631@fv-az353-623
2023-01-10 01:13:41,991 [pool-541-thread-1] INFO  storage.RaftStorage (RaftStorageImpl.java:format(96)) - Storage directory /home/runner/work/ozone/ozone/hadoop-ozone/integration-test/target/test-dir/MiniOzoneClusterImpl-62525788-12f1-42f6-8834-316215afea77/datanode-0/data/ratis/8a0d26c5-9ddc-4466-9f05-78ba0c5e921b has been successfully formatted.
2023-01-10 01:13:41,992 [pool-541-thread-1] INFO  ratis.ContainerStateMachine (ContainerStateMachine.java:loadSnapshot(240)) - group-78BA0C5E921B: The snapshot info is null. Setting the last applied indexto:(t:0, i:~)
2023-01-10 01:13:41,992 [pool-541-thread-1] INFO  server.RaftServerConfigKeys (ConfUtils.java:logGet(46)) - raft.server.log.use.memory = false (default)
2023-01-10 01:13:41,992 [pool-541-thread-1] INFO  server.RaftServerConfigKeys (ConfUtils.java:logGet(46)) - raft.server.log.purge.gap = 1000000 (custom)
2023-01-10 01:13:41,992 [pool-541-thread-1] INFO  server.RaftServerConfigKeys (ConfUtils.java:logGet(46)) - raft.server.log.appender.buffer.byte-limit = 33554432 (custom)
2023-01-10 01:13:41,993 [pool-541-thread-1] INFO  server.RaftServerConfigKeys (ConfUtils.java:logGet(46)) - raft.server.log.statemachine.data.read.timeout = 1000ms (default)
2023-01-10 01:13:41,993 [pool-541-thread-1] INFO  server.RaftServerConfigKeys (ConfUtils.java:logGet(46)) - raft.server.log.purge.preservation.log.num = 0 (default)
2023-01-10 01:13:41,993 [pool-541-thread-1] INFO  server.RaftServerConfigKeys (ConfUtils.java:logGet(46)) - raft.server.log.segment.size.max = 1048576 (custom)
2023-01-10 01:13:41,993 [pool-541-thread-1] INFO  server.RaftServerConfigKeys (ConfUtils.java:logGet(46)) - raft.server.log.segment.cache.num.max = 2 (custom)
2023-01-10 01:13:41,993 [pool-541-thread-1] INFO  server.RaftServerConfigKeys (ConfUtils.java:logGet(46)) - raft.server.log.segment.cache.size.max = 200MB (=209715200) (default)
2023-01-10 01:13:41,993 [pool-541-thread-1] INFO  segmented.SegmentedRaftLogWorker (SegmentedRaftLogWorker.java:<init>(189)) - new 35948080-5e22-45ca-b6f3-be7de45bebca@group-78BA0C5E921B-SegmentedRaftLogWorker for RaftStorageImpl:Storage Directory /home/runner/work/ozone/ozone/hadoop-ozone/integration-test/target/test-dir/MiniOzoneClusterImpl-62525788-12f1-42f6-8834-316215afea77/datanode-0/data/ratis/8a0d26c5-9ddc-4466-9f05-78ba0c5e921b
2023-01-10 01:13:41,993 [pool-541-thread-1] INFO  server.RaftServerConfigKeys (ConfUtils.java:logGet(46)) - raft.server.log.queue.byte-limit = 4294967296 (custom)
2023-01-10 01:13:41,993 [pool-541-thread-1] INFO  server.RaftServerConfigKeys (ConfUtils.java:logGet(46)) - raft.server.log.queue.element-limit = 1024 (custom)
2023-01-10 01:13:41,993 [pool-541-thread-1] INFO  server.RaftServerConfigKeys (ConfUtils.java:logGet(46)) - raft.server.log.segment.size.max = 1048576 (custom)
2023-01-10 01:13:41,993 [pool-541-thread-1] INFO  server.RaftServerConfigKeys (ConfUtils.java:logGet(46)) - raft.server.log.preallocated.size = 16384 (custom)
2023-01-10 01:13:41,993 [pool-541-thread-1] INFO  server.RaftServerConfigKeys (ConfUtils.java:logGet(46)) - raft.server.log.force.sync.num = 128 (default)
2023-01-10 01:13:41,993 [pool-541-thread-1] INFO  server.RaftServerConfigKeys (ConfUtils.java:logGet(46)) - raft.server.log.statemachine.data.sync = true (default)
2023-01-10 01:13:41,993 [pool-541-thread-1] INFO  server.RaftServerConfigKeys (ConfUtils.java:logGet(46)) - raft.server.log.statemachine.data.sync.timeout = 10s (default)
2023-01-10 01:13:41,994 [pool-541-thread-1] INFO  server.RaftServerConfigKeys (ConfUtils.java:logGet(46)) - raft.server.log.statemachine.data.sync.timeout.retry = -1 (default)
2023-01-10 01:13:41,994 [pool-541-thread-1] INFO  server.RaftServerConfigKeys (ConfUtils.java:logGet(46)) - raft.server.log.write.buffer.size = 1048576 (custom)
2023-01-10 01:13:41,995 [pool-541-thread-1] INFO  server.RaftServerConfigKeys (ConfUtils.java:logGet(46)) - raft.server.log.appender.buffer.byte-limit = 33554432 (custom)
2023-01-10 01:13:41,999 [pool-541-thread-1] INFO  server.RaftServerConfigKeys (ConfUtils.java:logGet(46)) - raft.server.log.unsafe-flush.enabled = false (default)
2023-01-10 01:13:42,000 [pool-541-thread-1] INFO  server.RaftServerConfigKeys (ConfUtils.java:logGet(46)) - raft.server.log.async-flush.enabled = false (default)
2023-01-10 01:13:42,000 [pool-541-thread-1] INFO  server.RaftServerConfigKeys (ConfUtils.java:logGet(46)) - raft.server.log.statemachine.data.caching.enabled = true (custom)
2023-01-10 01:13:42,000 [pool-541-thread-1] INFO  segmented.SegmentedRaftLogWorker (SegmentedRaftLogWorker.java:lambda$new$0(135)) - 35948080-5e22-45ca-b6f3-be7de45bebca@group-78BA0C5E921B-SegmentedRaftLogWorker: flushIndex: setUnconditionally 0 -> -1
2023-01-10 01:13:42,000 [pool-541-thread-1] INFO  segmented.SegmentedRaftLogWorker (SegmentedRaftLogWorker.java:lambda$new$0(135)) - 35948080-5e22-45ca-b6f3-be7de45bebca@group-78BA0C5E921B-SegmentedRaftLogWorker: safeCacheEvictIndex: setUnconditionally 0 -> -1
2023-01-10 01:13:42,000 [pool-541-thread-1] INFO  server.RaftServer$Division (RaftServerImpl.java:start(334)) - 35948080-5e22-45ca-b6f3-be7de45bebca@group-78BA0C5E921B: start as a follower, conf=-1: peers:[b1e0bc18-8da5-4e58-9fa5-a506b45b1540|rpc:10.1.0.24:41835|dataStream:10.1.0.24:40391|priority:0|startupRole:FOLLOWER, 35948080-5e22-45ca-b6f3-be7de45bebca|rpc:10.1.0.24:40989|dataStream:10.1.0.24:42993|priority:1|startupRole:FOLLOWER, 1c34faa2-bf15-4077-af79-1a4fd95d48c3|rpc:10.1.0.24:38223|dataStream:10.1.0.24:46641|priority:0|startupRole:FOLLOWER]|listeners:[], old=null
2023-01-10 01:13:42,000 [pool-541-thread-1] INFO  server.RaftServer$Division (RaftServerImpl.java:setRole(321)) - 35948080-5e22-45ca-b6f3-be7de45bebca@group-78BA0C5E921B: changes role from      null to FOLLOWER at term 0 for startAsFollower
2023-01-10 01:13:42,000 [pool-541-thread-1] INFO  impl.RoleInfo (RoleInfo.java:updateAndGet(139)) - 35948080-5e22-45ca-b6f3-be7de45bebca: start 35948080-5e22-45ca-b6f3-be7de45bebca@group-78BA0C5E921B-FollowerState
2023-01-10 01:13:42,001 [pool-541-thread-1] INFO  util.JmxRegister (JmxRegister.java:tryRegister(44)) - Successfully registered JMX Bean with object name Ratis:service=RaftServer,group=group-78BA0C5E921B,id=35948080-5e22-45ca-b6f3-be7de45bebca
2023-01-10 01:13:42,001 [35948080-5e22-45ca-b6f3-be7de45bebca@group-78BA0C5E921B-FollowerState] INFO  server.RaftServerConfigKeys (ConfUtils.java:logFallback(53)) - raft.server.rpc.first-election.timeout.min = 5s (fallback to raft.server.rpc.timeout.min)
2023-01-10 01:13:42,001 [pool-541-thread-1] INFO  server.RaftServerConfigKeys (ConfUtils.java:logGet(46)) - raft.server.snapshot.auto.trigger.enabled = true (custom)
2023-01-10 01:13:42,001 [35948080-5e22-45ca-b6f3-be7de45bebca@group-78BA0C5E921B-FollowerState] INFO  server.RaftServerConfigKeys (ConfUtils.java:logFallback(53)) - raft.server.rpc.first-election.timeout.max = 5200ms (fallback to raft.server.rpc.timeout.max)
2023-01-10 01:13:42,001 [pool-541-thread-1] INFO  server.RaftServerConfigKeys (ConfUtils.java:logGet(46)) - raft.server.snapshot.auto.trigger.threshold = 10000 (custom)
2023-01-10 01:13:42,001 [pool-541-thread-1] INFO  server.RaftServerConfigKeys (ConfUtils.java:logGet(46)) - raft.server.snapshot.retention.file.num = 5 (custom)
2023-01-10 01:13:42,001 [pool-541-thread-1] INFO  server.RaftServerConfigKeys (ConfUtils.java:logGet(46)) - raft.server.log.purge.upto.snapshot.index = false (default)
2023-01-10 01:13:42,002 [Command processor thread] INFO  ratis.XceiverServerRatis (XceiverServerRatis.java:addGroup(806)) - Created group PipelineID=8a0d26c5-9ddc-4466-9f05-78ba0c5e921b
2023-01-10 01:13:42,011 [grpc-default-executor-0] INFO  server.RaftServer (RaftServerProxy.java:addNew(96)) - 1c34faa2-bf15-4077-af79-1a4fd95d48c3: addNew group-78BA0C5E921B:[b1e0bc18-8da5-4e58-9fa5-a506b45b1540|rpc:10.1.0.24:41835|dataStream:10.1.0.24:40391|priority:0|startupRole:FOLLOWER, 35948080-5e22-45ca-b6f3-be7de45bebca|rpc:10.1.0.24:40989|dataStream:10.1.0.24:42993|priority:1|startupRole:FOLLOWER, 1c34faa2-bf15-4077-af79-1a4fd95d48c3|rpc:10.1.0.24:38223|dataStream:10.1.0.24:46641|priority:0|startupRole:FOLLOWER] returns group-78BA0C5E921B:java.util.concurrent.CompletableFuture@5e8ff9e4[Not completed]
2023-01-10 01:13:42,012 [pool-587-thread-1] INFO  server.RaftServer$Division (RaftServerImpl.java:<init>(195)) - 1c34faa2-bf15-4077-af79-1a4fd95d48c3: new RaftServerImpl for group-78BA0C5E921B:[b1e0bc18-8da5-4e58-9fa5-a506b45b1540|rpc:10.1.0.24:41835|dataStream:10.1.0.24:40391|priority:0|startupRole:FOLLOWER, 35948080-5e22-45ca-b6f3-be7de45bebca|rpc:10.1.0.24:40989|dataStream:10.1.0.24:42993|priority:1|startupRole:FOLLOWER, 1c34faa2-bf15-4077-af79-1a4fd95d48c3|rpc:10.1.0.24:38223|dataStream:10.1.0.24:46641|priority:0|startupRole:FOLLOWER] with ContainerStateMachine:uninitialized
2023-01-10 01:13:42,012 [pool-587-thread-1] INFO  server.RaftServerConfigKeys (ConfUtils.java:logGet(46)) - raft.server.rpc.timeout.min = 5s (custom)
2023-01-10 01:13:42,012 [pool-587-thread-1] INFO  server.RaftServerConfigKeys (ConfUtils.java:logGet(46)) - raft.server.rpc.timeout.max = 5200ms (custom)
2023-01-10 01:13:42,012 [pool-587-thread-1] INFO  server.RaftServerConfigKeys (ConfUtils.java:logGet(46)) - raft.server.rpc.sleep.time = 25ms (default)
2023-01-10 01:13:42,012 [pool-587-thread-1] INFO  server.RaftServerConfigKeys (ConfUtils.java:logGet(46)) - raft.server.rpc.slowness.timeout = 300s (custom)
2023-01-10 01:13:42,012 [pool-587-thread-1] INFO  server.RaftServerConfigKeys (ConfUtils.java:logGet(46)) - raft.server.leaderelection.leader.step-down.wait-time = 10s (default)
2023-01-10 01:13:42,012 [pool-587-thread-1] INFO  server.RaftServerConfigKeys (ConfUtils.java:logGet(46)) - raft.server.sleep.deviation.threshold = 300ms (default)
2023-01-10 01:13:42,012 [pool-587-thread-1] INFO  server.RaftServer$Division (ServerState.java:<init>(118)) - 1c34faa2-bf15-4077-af79-1a4fd95d48c3@group-78BA0C5E921B: ConfigurationManager, init=-1: peers:[b1e0bc18-8da5-4e58-9fa5-a506b45b1540|rpc:10.1.0.24:41835|dataStream:10.1.0.24:40391|priority:0|startupRole:FOLLOWER, 35948080-5e22-45ca-b6f3-be7de45bebca|rpc:10.1.0.24:40989|dataStream:10.1.0.24:42993|priority:1|startupRole:FOLLOWER, 1c34faa2-bf15-4077-af79-1a4fd95d48c3|rpc:10.1.0.24:38223|dataStream:10.1.0.24:46641|priority:0|startupRole:FOLLOWER]|listeners:[], old=null, confs=<EMPTY_MAP>
2023-01-10 01:13:42,012 [pool-587-thread-1] INFO  server.RaftServerConfigKeys (ConfUtils.java:logGet(46)) - raft.server.storage.dir = [/home/runner/work/ozone/ozone/hadoop-ozone/integration-test/target/test-dir/MiniOzoneClusterImpl-62525788-12f1-42f6-8834-316215afea77/datanode-2/data/ratis] (custom)
2023-01-10 01:13:42,012 [pool-587-thread-1] INFO  server.RaftServerConfigKeys (ConfUtils.java:logGet(46)) - raft.server.log.corruption.policy = EXCEPTION (default)
2023-01-10 01:13:42,013 [pool-587-thread-1] INFO  server.RaftServerConfigKeys (ConfUtils.java:logGet(46)) - raft.server.storage.free-space.min = 0MB (=0) (default)
2023-01-10 01:13:42,013 [pool-587-thread-1] INFO  server.RaftServerConfigKeys (ConfUtils.java:logGet(46)) - raft.server.notification.no-leader.timeout = 300s (custom)
2023-01-10 01:13:42,013 [pool-587-thread-1] INFO  server.RaftServerConfigKeys (ConfUtils.java:logGet(46)) - raft.server.retrycache.expirytime = 600000ms (custom)
2023-01-10 01:13:42,013 [pool-587-thread-1] INFO  server.RaftServerConfigKeys (ConfUtils.java:logGet(46)) - raft.server.retrycache.statistics.expirytime = 100μs (default)
2023-01-10 01:13:42,013 [pool-587-thread-1] INFO  server.RaftServerConfigKeys (ConfUtils.java:logGet(46)) - raft.server.log.appender.install.snapshot.enabled = false (custom)
2023-01-10 01:13:42,013 [pool-587-thread-1] INFO  server.RaftServerConfigKeys (ConfUtils.java:logGet(46)) - raft.server.threadpool.server.cached = true (default)
2023-01-10 01:13:42,013 [pool-587-thread-1] INFO  server.RaftServerConfigKeys (ConfUtils.java:logGet(46)) - raft.server.threadpool.server.size = 0 (default)
2023-01-10 01:13:42,013 [pool-587-thread-1] INFO  server.RaftServerConfigKeys (ConfUtils.java:logGet(46)) - raft.server.threadpool.client.cached = true (default)
2023-01-10 01:13:42,013 [pool-587-thread-1] INFO  server.RaftServerConfigKeys (ConfUtils.java:logGet(46)) - raft.server.threadpool.client.size = 0 (default)
2023-01-10 01:13:42,014 [pool-587-thread-1] INFO  storage.RaftStorageDirectory (RaftStorageDirectoryImpl.java:analyzeStorage(137)) - The storage directory /home/runner/work/ozone/ozone/hadoop-ozone/integration-test/target/test-dir/MiniOzoneClusterImpl-62525788-12f1-42f6-8834-316215afea77/datanode-2/data/ratis/8a0d26c5-9ddc-4466-9f05-78ba0c5e921b does not exist. Creating ...
2023-01-10 01:13:42,015 [pool-587-thread-1] INFO  storage.RaftStorageDirectory (RaftStorageDirectoryImpl.java:tryLock(231)) - Lock on /home/runner/work/ozone/ozone/hadoop-ozone/integration-test/target/test-dir/MiniOzoneClusterImpl-62525788-12f1-42f6-8834-316215afea77/datanode-2/data/ratis/8a0d26c5-9ddc-4466-9f05-78ba0c5e921b/in_use.lock acquired by nodename 10631@fv-az353-623
2023-01-10 01:13:42,016 [pool-587-thread-1] INFO  storage.RaftStorage (RaftStorageImpl.java:format(96)) - Storage directory /home/runner/work/ozone/ozone/hadoop-ozone/integration-test/target/test-dir/MiniOzoneClusterImpl-62525788-12f1-42f6-8834-316215afea77/datanode-2/data/ratis/8a0d26c5-9ddc-4466-9f05-78ba0c5e921b has been successfully formatted.
2023-01-10 01:13:42,017 [pool-587-thread-1] INFO  ratis.ContainerStateMachine (ContainerStateMachine.java:loadSnapshot(240)) - group-78BA0C5E921B: The snapshot info is null. Setting the last applied indexto:(t:0, i:~)
2023-01-10 01:13:42,017 [pool-587-thread-1] INFO  server.RaftServerConfigKeys (ConfUtils.java:logGet(46)) - raft.server.log.use.memory = false (default)
2023-01-10 01:13:42,017 [pool-587-thread-1] INFO  server.RaftServerConfigKeys (ConfUtils.java:logGet(46)) - raft.server.log.purge.gap = 1000000 (custom)
2023-01-10 01:13:42,017 [pool-587-thread-1] INFO  server.RaftServerConfigKeys (ConfUtils.java:logGet(46)) - raft.server.log.appender.buffer.byte-limit = 33554432 (custom)
2023-01-10 01:13:42,017 [pool-587-thread-1] INFO  server.RaftServerConfigKeys (ConfUtils.java:logGet(46)) - raft.server.log.statemachine.data.read.timeout = 1000ms (default)
2023-01-10 01:13:42,018 [pool-587-thread-1] INFO  server.RaftServerConfigKeys (ConfUtils.java:logGet(46)) - raft.server.log.purge.preservation.log.num = 0 (default)
2023-01-10 01:13:42,018 [pool-587-thread-1] INFO  server.RaftServerConfigKeys (ConfUtils.java:logGet(46)) - raft.server.log.segment.size.max = 1048576 (custom)
2023-01-10 01:13:42,018 [pool-587-thread-1] INFO  server.RaftServerConfigKeys (ConfUtils.java:logGet(46)) - raft.server.log.segment.cache.num.max = 2 (custom)
2023-01-10 01:13:42,018 [pool-587-thread-1] INFO  server.RaftServerConfigKeys (ConfUtils.java:logGet(46)) - raft.server.log.segment.cache.size.max = 200MB (=209715200) (default)
2023-01-10 01:13:42,018 [pool-587-thread-1] INFO  segmented.SegmentedRaftLogWorker (SegmentedRaftLogWorker.java:<init>(189)) - new 1c34faa2-bf15-4077-af79-1a4fd95d48c3@group-78BA0C5E921B-SegmentedRaftLogWorker for RaftStorageImpl:Storage Directory /home/runner/work/ozone/ozone/hadoop-ozone/integration-test/target/test-dir/MiniOzoneClusterImpl-62525788-12f1-42f6-8834-316215afea77/datanode-2/data/ratis/8a0d26c5-9ddc-4466-9f05-78ba0c5e921b
2023-01-10 01:13:42,018 [pool-587-thread-1] INFO  server.RaftServerConfigKeys (ConfUtils.java:logGet(46)) - raft.server.log.queue.byte-limit = 4294967296 (custom)
2023-01-10 01:13:42,018 [pool-587-thread-1] INFO  server.RaftServerConfigKeys (ConfUtils.java:logGet(46)) - raft.server.log.queue.element-limit = 1024 (custom)
2023-01-10 01:13:42,019 [pool-587-thread-1] INFO  server.RaftServerConfigKeys (ConfUtils.java:logGet(46)) - raft.server.log.segment.size.max = 1048576 (custom)
2023-01-10 01:13:42,019 [pool-587-thread-1] INFO  server.RaftServerConfigKeys (ConfUtils.java:logGet(46)) - raft.server.log.preallocated.size = 16384 (custom)
2023-01-10 01:13:42,019 [pool-587-thread-1] INFO  server.RaftServerConfigKeys (ConfUtils.java:logGet(46)) - raft.server.log.force.sync.num = 128 (default)
2023-01-10 01:13:42,019 [pool-587-thread-1] INFO  server.RaftServerConfigKeys (ConfUtils.java:logGet(46)) - raft.server.log.statemachine.data.sync = true (default)
2023-01-10 01:13:42,019 [pool-587-thread-1] INFO  server.RaftServerConfigKeys (ConfUtils.java:logGet(46)) - raft.server.log.statemachine.data.sync.timeout = 10s (default)
2023-01-10 01:13:42,019 [pool-587-thread-1] INFO  server.RaftServerConfigKeys (ConfUtils.java:logGet(46)) - raft.server.log.statemachine.data.sync.timeout.retry = -1 (default)
2023-01-10 01:13:42,019 [pool-587-thread-1] INFO  server.RaftServerConfigKeys (ConfUtils.java:logGet(46)) - raft.server.log.write.buffer.size = 1048576 (custom)
2023-01-10 01:13:42,020 [pool-587-thread-1] INFO  server.RaftServerConfigKeys (ConfUtils.java:logGet(46)) - raft.server.log.appender.buffer.byte-limit = 33554432 (custom)
2023-01-10 01:13:42,025 [pool-587-thread-1] INFO  server.RaftServerConfigKeys (ConfUtils.java:logGet(46)) - raft.server.log.unsafe-flush.enabled = false (default)
2023-01-10 01:13:42,025 [pool-587-thread-1] INFO  server.RaftServerConfigKeys (ConfUtils.java:logGet(46)) - raft.server.log.async-flush.enabled = false (default)
2023-01-10 01:13:42,025 [pool-587-thread-1] INFO  server.RaftServerConfigKeys (ConfUtils.java:logGet(46)) - raft.server.log.statemachine.data.caching.enabled = true (custom)
2023-01-10 01:13:42,025 [pool-587-thread-1] INFO  segmented.SegmentedRaftLogWorker (SegmentedRaftLogWorker.java:lambda$new$0(135)) - 1c34faa2-bf15-4077-af79-1a4fd95d48c3@group-78BA0C5E921B-SegmentedRaftLogWorker: flushIndex: setUnconditionally 0 -> -1
2023-01-10 01:13:42,025 [pool-587-thread-1] INFO  segmented.SegmentedRaftLogWorker (SegmentedRaftLogWorker.java:lambda$new$0(135)) - 1c34faa2-bf15-4077-af79-1a4fd95d48c3@group-78BA0C5E921B-SegmentedRaftLogWorker: safeCacheEvictIndex: setUnconditionally 0 -> -1
2023-01-10 01:13:42,025 [pool-587-thread-1] INFO  server.RaftServer$Division (RaftServerImpl.java:start(334)) - 1c34faa2-bf15-4077-af79-1a4fd95d48c3@group-78BA0C5E921B: start as a follower, conf=-1: peers:[b1e0bc18-8da5-4e58-9fa5-a506b45b1540|rpc:10.1.0.24:41835|dataStream:10.1.0.24:40391|priority:0|startupRole:FOLLOWER, 35948080-5e22-45ca-b6f3-be7de45bebca|rpc:10.1.0.24:40989|dataStream:10.1.0.24:42993|priority:1|startupRole:FOLLOWER, 1c34faa2-bf15-4077-af79-1a4fd95d48c3|rpc:10.1.0.24:38223|dataStream:10.1.0.24:46641|priority:0|startupRole:FOLLOWER]|listeners:[], old=null
2023-01-10 01:13:42,025 [pool-587-thread-1] INFO  server.RaftServer$Division (RaftServerImpl.java:setRole(321)) - 1c34faa2-bf15-4077-af79-1a4fd95d48c3@group-78BA0C5E921B: changes role from      null to FOLLOWER at term 0 for startAsFollower
2023-01-10 01:13:42,026 [pool-587-thread-1] INFO  impl.RoleInfo (RoleInfo.java:updateAndGet(139)) - 1c34faa2-bf15-4077-af79-1a4fd95d48c3: start 1c34faa2-bf15-4077-af79-1a4fd95d48c3@group-78BA0C5E921B-FollowerState
2023-01-10 01:13:42,026 [pool-587-thread-1] INFO  util.JmxRegister (JmxRegister.java:tryRegister(44)) - Successfully registered JMX Bean with object name Ratis:service=RaftServer,group=group-78BA0C5E921B,id=1c34faa2-bf15-4077-af79-1a4fd95d48c3
2023-01-10 01:13:42,026 [pool-587-thread-1] INFO  server.RaftServerConfigKeys (ConfUtils.java:logGet(46)) - raft.server.snapshot.auto.trigger.enabled = true (custom)
2023-01-10 01:13:42,026 [pool-587-thread-1] INFO  server.RaftServerConfigKeys (ConfUtils.java:logGet(46)) - raft.server.snapshot.auto.trigger.threshold = 10000 (custom)
2023-01-10 01:13:42,026 [pool-587-thread-1] INFO  server.RaftServerConfigKeys (ConfUtils.java:logGet(46)) - raft.server.snapshot.retention.file.num = 5 (custom)
2023-01-10 01:13:42,026 [pool-587-thread-1] INFO  server.RaftServerConfigKeys (ConfUtils.java:logGet(46)) - raft.server.log.purge.upto.snapshot.index = false (default)
2023-01-10 01:13:42,027 [1c34faa2-bf15-4077-af79-1a4fd95d48c3@group-78BA0C5E921B-FollowerState] INFO  server.RaftServerConfigKeys (ConfUtils.java:logFallback(53)) - raft.server.rpc.first-election.timeout.min = 5s (fallback to raft.server.rpc.timeout.min)
2023-01-10 01:13:42,027 [1c34faa2-bf15-4077-af79-1a4fd95d48c3@group-78BA0C5E921B-FollowerState] INFO  server.RaftServerConfigKeys (ConfUtils.java:logFallback(53)) - raft.server.rpc.first-election.timeout.max = 5200ms (fallback to raft.server.rpc.timeout.max)
2023-01-10 01:13:42,042 [grpc-default-executor-0] INFO  server.RaftServer (RaftServerProxy.java:addNew(96)) - b1e0bc18-8da5-4e58-9fa5-a506b45b1540: addNew group-78BA0C5E921B:[b1e0bc18-8da5-4e58-9fa5-a506b45b1540|rpc:10.1.0.24:41835|dataStream:10.1.0.24:40391|priority:0|startupRole:FOLLOWER, 35948080-5e22-45ca-b6f3-be7de45bebca|rpc:10.1.0.24:40989|dataStream:10.1.0.24:42993|priority:1|startupRole:FOLLOWER, 1c34faa2-bf15-4077-af79-1a4fd95d48c3|rpc:10.1.0.24:38223|dataStream:10.1.0.24:46641|priority:0|startupRole:FOLLOWER] returns group-78BA0C5E921B:java.util.concurrent.CompletableFuture@29a5039d[Not completed]
2023-01-10 01:13:42,042 [pool-564-thread-1] INFO  server.RaftServer$Division (RaftServerImpl.java:<init>(195)) - b1e0bc18-8da5-4e58-9fa5-a506b45b1540: new RaftServerImpl for group-78BA0C5E921B:[b1e0bc18-8da5-4e58-9fa5-a506b45b1540|rpc:10.1.0.24:41835|dataStream:10.1.0.24:40391|priority:0|startupRole:FOLLOWER, 35948080-5e22-45ca-b6f3-be7de45bebca|rpc:10.1.0.24:40989|dataStream:10.1.0.24:42993|priority:1|startupRole:FOLLOWER, 1c34faa2-bf15-4077-af79-1a4fd95d48c3|rpc:10.1.0.24:38223|dataStream:10.1.0.24:46641|priority:0|startupRole:FOLLOWER] with ContainerStateMachine:uninitialized
2023-01-10 01:13:42,042 [pool-564-thread-1] INFO  server.RaftServerConfigKeys (ConfUtils.java:logGet(46)) - raft.server.rpc.timeout.min = 5s (custom)
2023-01-10 01:13:42,043 [pool-564-thread-1] INFO  server.RaftServerConfigKeys (ConfUtils.java:logGet(46)) - raft.server.rpc.timeout.max = 5200ms (custom)
2023-01-10 01:13:42,043 [pool-564-thread-1] INFO  server.RaftServerConfigKeys (ConfUtils.java:logGet(46)) - raft.server.rpc.sleep.time = 25ms (default)
2023-01-10 01:13:42,043 [pool-564-thread-1] INFO  server.RaftServerConfigKeys (ConfUtils.java:logGet(46)) - raft.server.rpc.slowness.timeout = 300s (custom)
2023-01-10 01:13:42,043 [pool-564-thread-1] INFO  server.RaftServerConfigKeys (ConfUtils.java:logGet(46)) - raft.server.leaderelection.leader.step-down.wait-time = 10s (default)
2023-01-10 01:13:42,043 [pool-564-thread-1] INFO  server.RaftServerConfigKeys (ConfUtils.java:logGet(46)) - raft.server.sleep.deviation.threshold = 300ms (default)
2023-01-10 01:13:42,043 [pool-564-thread-1] INFO  server.RaftServer$Division (ServerState.java:<init>(118)) - b1e0bc18-8da5-4e58-9fa5-a506b45b1540@group-78BA0C5E921B: ConfigurationManager, init=-1: peers:[b1e0bc18-8da5-4e58-9fa5-a506b45b1540|rpc:10.1.0.24:41835|dataStream:10.1.0.24:40391|priority:0|startupRole:FOLLOWER, 35948080-5e22-45ca-b6f3-be7de45bebca|rpc:10.1.0.24:40989|dataStream:10.1.0.24:42993|priority:1|startupRole:FOLLOWER, 1c34faa2-bf15-4077-af79-1a4fd95d48c3|rpc:10.1.0.24:38223|dataStream:10.1.0.24:46641|priority:0|startupRole:FOLLOWER]|listeners:[], old=null, confs=<EMPTY_MAP>
2023-01-10 01:13:42,043 [pool-564-thread-1] INFO  server.RaftServerConfigKeys (ConfUtils.java:logGet(46)) - raft.server.storage.dir = [/home/runner/work/ozone/ozone/hadoop-ozone/integration-test/target/test-dir/MiniOzoneClusterImpl-62525788-12f1-42f6-8834-316215afea77/datanode-1/data/ratis] (custom)
2023-01-10 01:13:42,043 [pool-564-thread-1] INFO  server.RaftServerConfigKeys (ConfUtils.java:logGet(46)) - raft.server.log.corruption.policy = EXCEPTION (default)
2023-01-10 01:13:42,043 [pool-564-thread-1] INFO  server.RaftServerConfigKeys (ConfUtils.java:logGet(46)) - raft.server.storage.free-space.min = 0MB (=0) (default)
2023-01-10 01:13:42,043 [pool-564-thread-1] INFO  server.RaftServerConfigKeys (ConfUtils.java:logGet(46)) - raft.server.notification.no-leader.timeout = 300s (custom)
2023-01-10 01:13:42,043 [pool-564-thread-1] INFO  server.RaftServerConfigKeys (ConfUtils.java:logGet(46)) - raft.server.retrycache.expirytime = 600000ms (custom)
2023-01-10 01:13:42,043 [pool-564-thread-1] INFO  server.RaftServerConfigKeys (ConfUtils.java:logGet(46)) - raft.server.retrycache.statistics.expirytime = 100μs (default)
2023-01-10 01:13:42,044 [pool-564-thread-1] INFO  server.RaftServerConfigKeys (ConfUtils.java:logGet(46)) - raft.server.log.appender.install.snapshot.enabled = false (custom)
2023-01-10 01:13:42,044 [pool-564-thread-1] INFO  server.RaftServerConfigKeys (ConfUtils.java:logGet(46)) - raft.server.threadpool.server.cached = true (default)
2023-01-10 01:13:42,044 [pool-564-thread-1] INFO  server.RaftServerConfigKeys (ConfUtils.java:logGet(46)) - raft.server.threadpool.server.size = 0 (default)
2023-01-10 01:13:42,044 [pool-564-thread-1] INFO  server.RaftServerConfigKeys (ConfUtils.java:logGet(46)) - raft.server.threadpool.client.cached = true (default)
2023-01-10 01:13:42,044 [pool-564-thread-1] INFO  server.RaftServerConfigKeys (ConfUtils.java:logGet(46)) - raft.server.threadpool.client.size = 0 (default)
2023-01-10 01:13:42,044 [pool-564-thread-1] INFO  storage.RaftStorageDirectory (RaftStorageDirectoryImpl.java:analyzeStorage(137)) - The storage directory /home/runner/work/ozone/ozone/hadoop-ozone/integration-test/target/test-dir/MiniOzoneClusterImpl-62525788-12f1-42f6-8834-316215afea77/datanode-1/data/ratis/8a0d26c5-9ddc-4466-9f05-78ba0c5e921b does not exist. Creating ...
2023-01-10 01:13:42,045 [pool-564-thread-1] INFO  storage.RaftStorageDirectory (RaftStorageDirectoryImpl.java:tryLock(231)) - Lock on /home/runner/work/ozone/ozone/hadoop-ozone/integration-test/target/test-dir/MiniOzoneClusterImpl-62525788-12f1-42f6-8834-316215afea77/datanode-1/data/ratis/8a0d26c5-9ddc-4466-9f05-78ba0c5e921b/in_use.lock acquired by nodename 10631@fv-az353-623
2023-01-10 01:13:42,046 [pool-564-thread-1] INFO  storage.RaftStorage (RaftStorageImpl.java:format(96)) - Storage directory /home/runner/work/ozone/ozone/hadoop-ozone/integration-test/target/test-dir/MiniOzoneClusterImpl-62525788-12f1-42f6-8834-316215afea77/datanode-1/data/ratis/8a0d26c5-9ddc-4466-9f05-78ba0c5e921b has been successfully formatted.
2023-01-10 01:13:42,047 [pool-564-thread-1] INFO  ratis.ContainerStateMachine (ContainerStateMachine.java:loadSnapshot(240)) - group-78BA0C5E921B: The snapshot info is null. Setting the last applied indexto:(t:0, i:~)
2023-01-10 01:13:42,047 [pool-564-thread-1] INFO  server.RaftServerConfigKeys (ConfUtils.java:logGet(46)) - raft.server.log.use.memory = false (default)
2023-01-10 01:13:42,049 [pool-564-thread-1] INFO  server.RaftServerConfigKeys (ConfUtils.java:logGet(46)) - raft.server.log.purge.gap = 1000000 (custom)
2023-01-10 01:13:42,049 [pool-564-thread-1] INFO  server.RaftServerConfigKeys (ConfUtils.java:logGet(46)) - raft.server.log.appender.buffer.byte-limit = 33554432 (custom)
2023-01-10 01:13:42,049 [pool-564-thread-1] INFO  server.RaftServerConfigKeys (ConfUtils.java:logGet(46)) - raft.server.log.statemachine.data.read.timeout = 1000ms (default)
2023-01-10 01:13:42,049 [pool-564-thread-1] INFO  server.RaftServerConfigKeys (ConfUtils.java:logGet(46)) - raft.server.log.purge.preservation.log.num = 0 (default)
2023-01-10 01:13:42,049 [pool-564-thread-1] INFO  server.RaftServerConfigKeys (ConfUtils.java:logGet(46)) - raft.server.log.segment.size.max = 1048576 (custom)
2023-01-10 01:13:42,049 [pool-564-thread-1] INFO  server.RaftServerConfigKeys (ConfUtils.java:logGet(46)) - raft.server.log.segment.cache.num.max = 2 (custom)
2023-01-10 01:13:42,050 [pool-564-thread-1] INFO  server.RaftServerConfigKeys (ConfUtils.java:logGet(46)) - raft.server.log.segment.cache.size.max = 200MB (=209715200) (default)
2023-01-10 01:13:42,050 [pool-564-thread-1] INFO  segmented.SegmentedRaftLogWorker (SegmentedRaftLogWorker.java:<init>(189)) - new b1e0bc18-8da5-4e58-9fa5-a506b45b1540@group-78BA0C5E921B-SegmentedRaftLogWorker for RaftStorageImpl:Storage Directory /home/runner/work/ozone/ozone/hadoop-ozone/integration-test/target/test-dir/MiniOzoneClusterImpl-62525788-12f1-42f6-8834-316215afea77/datanode-1/data/ratis/8a0d26c5-9ddc-4466-9f05-78ba0c5e921b
2023-01-10 01:13:42,050 [pool-564-thread-1] INFO  server.RaftServerConfigKeys (ConfUtils.java:logGet(46)) - raft.server.log.queue.byte-limit = 4294967296 (custom)
2023-01-10 01:13:42,050 [pool-564-thread-1] INFO  server.RaftServerConfigKeys (ConfUtils.java:logGet(46)) - raft.server.log.queue.element-limit = 1024 (custom)
2023-01-10 01:13:42,050 [pool-564-thread-1] INFO  server.RaftServerConfigKeys (ConfUtils.java:logGet(46)) - raft.server.log.segment.size.max = 1048576 (custom)
2023-01-10 01:13:42,050 [pool-564-thread-1] INFO  server.RaftServerConfigKeys (ConfUtils.java:logGet(46)) - raft.server.log.preallocated.size = 16384 (custom)
2023-01-10 01:13:42,050 [pool-564-thread-1] INFO  server.RaftServerConfigKeys (ConfUtils.java:logGet(46)) - raft.server.log.force.sync.num = 128 (default)
2023-01-10 01:13:42,050 [pool-564-thread-1] INFO  server.RaftServerConfigKeys (ConfUtils.java:logGet(46)) - raft.server.log.statemachine.data.sync = true (default)
2023-01-10 01:13:42,050 [pool-564-thread-1] INFO  server.RaftServerConfigKeys (ConfUtils.java:logGet(46)) - raft.server.log.statemachine.data.sync.timeout = 10s (default)
2023-01-10 01:13:42,050 [pool-564-thread-1] INFO  server.RaftServerConfigKeys (ConfUtils.java:logGet(46)) - raft.server.log.statemachine.data.sync.timeout.retry = -1 (default)
2023-01-10 01:13:42,050 [pool-564-thread-1] INFO  server.RaftServerConfigKeys (ConfUtils.java:logGet(46)) - raft.server.log.write.buffer.size = 1048576 (custom)
2023-01-10 01:13:42,051 [pool-564-thread-1] INFO  server.RaftServerConfigKeys (ConfUtils.java:logGet(46)) - raft.server.log.appender.buffer.byte-limit = 33554432 (custom)
2023-01-10 01:13:42,055 [pool-564-thread-1] INFO  server.RaftServerConfigKeys (ConfUtils.java:logGet(46)) - raft.server.log.unsafe-flush.enabled = false (default)
2023-01-10 01:13:42,055 [pool-564-thread-1] INFO  server.RaftServerConfigKeys (ConfUtils.java:logGet(46)) - raft.server.log.async-flush.enabled = false (default)
2023-01-10 01:13:42,055 [pool-564-thread-1] INFO  server.RaftServerConfigKeys (ConfUtils.java:logGet(46)) - raft.server.log.statemachine.data.caching.enabled = true (custom)
2023-01-10 01:13:42,056 [pool-564-thread-1] INFO  segmented.SegmentedRaftLogWorker (SegmentedRaftLogWorker.java:lambda$new$0(135)) - b1e0bc18-8da5-4e58-9fa5-a506b45b1540@group-78BA0C5E921B-SegmentedRaftLogWorker: flushIndex: setUnconditionally 0 -> -1
2023-01-10 01:13:42,056 [pool-564-thread-1] INFO  segmented.SegmentedRaftLogWorker (SegmentedRaftLogWorker.java:lambda$new$0(135)) - b1e0bc18-8da5-4e58-9fa5-a506b45b1540@group-78BA0C5E921B-SegmentedRaftLogWorker: safeCacheEvictIndex: setUnconditionally 0 -> -1
2023-01-10 01:13:42,056 [pool-564-thread-1] INFO  server.RaftServer$Division (RaftServerImpl.java:start(334)) - b1e0bc18-8da5-4e58-9fa5-a506b45b1540@group-78BA0C5E921B: start as a follower, conf=-1: peers:[b1e0bc18-8da5-4e58-9fa5-a506b45b1540|rpc:10.1.0.24:41835|dataStream:10.1.0.24:40391|priority:0|startupRole:FOLLOWER, 35948080-5e22-45ca-b6f3-be7de45bebca|rpc:10.1.0.24:40989|dataStream:10.1.0.24:42993|priority:1|startupRole:FOLLOWER, 1c34faa2-bf15-4077-af79-1a4fd95d48c3|rpc:10.1.0.24:38223|dataStream:10.1.0.24:46641|priority:0|startupRole:FOLLOWER]|listeners:[], old=null
2023-01-10 01:13:42,056 [pool-564-thread-1] INFO  server.RaftServer$Division (RaftServerImpl.java:setRole(321)) - b1e0bc18-8da5-4e58-9fa5-a506b45b1540@group-78BA0C5E921B: changes role from      null to FOLLOWER at term 0 for startAsFollower
2023-01-10 01:13:42,056 [pool-564-thread-1] INFO  impl.RoleInfo (RoleInfo.java:updateAndGet(139)) - b1e0bc18-8da5-4e58-9fa5-a506b45b1540: start b1e0bc18-8da5-4e58-9fa5-a506b45b1540@group-78BA0C5E921B-FollowerState
2023-01-10 01:13:42,058 [pool-564-thread-1] INFO  util.JmxRegister (JmxRegister.java:tryRegister(44)) - Successfully registered JMX Bean with object name Ratis:service=RaftServer,group=group-78BA0C5E921B,id=b1e0bc18-8da5-4e58-9fa5-a506b45b1540
2023-01-10 01:13:42,058 [pool-564-thread-1] INFO  server.RaftServerConfigKeys (ConfUtils.java:logGet(46)) - raft.server.snapshot.auto.trigger.enabled = true (custom)
2023-01-10 01:13:42,058 [pool-564-thread-1] INFO  server.RaftServerConfigKeys (ConfUtils.java:logGet(46)) - raft.server.snapshot.auto.trigger.threshold = 10000 (custom)
2023-01-10 01:13:42,058 [pool-564-thread-1] INFO  server.RaftServerConfigKeys (ConfUtils.java:logGet(46)) - raft.server.snapshot.retention.file.num = 5 (custom)
2023-01-10 01:13:42,058 [pool-564-thread-1] INFO  server.RaftServerConfigKeys (ConfUtils.java:logGet(46)) - raft.server.log.purge.upto.snapshot.index = false (default)
2023-01-10 01:13:42,058 [b1e0bc18-8da5-4e58-9fa5-a506b45b1540@group-78BA0C5E921B-FollowerState] INFO  server.RaftServerConfigKeys (ConfUtils.java:logFallback(53)) - raft.server.rpc.first-election.timeout.min = 5s (fallback to raft.server.rpc.timeout.min)
2023-01-10 01:13:42,058 [b1e0bc18-8da5-4e58-9fa5-a506b45b1540@group-78BA0C5E921B-FollowerState] INFO  server.RaftServerConfigKeys (ConfUtils.java:logFallback(53)) - raft.server.rpc.first-election.timeout.max = 5200ms (fallback to raft.server.rpc.timeout.max)
2023-01-10 01:13:42,067 [Command processor thread] INFO  commandhandler.CreatePipelineCommandHandler (CreatePipelineCommandHandler.java:handle(113)) - Created Pipeline RATIS THREE PipelineID=8a0d26c5-9ddc-4466-9f05-78ba0c5e921b.
2023-01-10 01:13:42,067 [Command processor thread] INFO  server.RaftServer (RaftServerProxy.java:addNew(96)) - 35948080-5e22-45ca-b6f3-be7de45bebca: addNew group-5A293A09BC8E:[b1e0bc18-8da5-4e58-9fa5-a506b45b1540|rpc:10.1.0.24:41835|dataStream:10.1.0.24:40391|priority:0|startupRole:FOLLOWER, 35948080-5e22-45ca-b6f3-be7de45bebca|rpc:10.1.0.24:40989|dataStream:10.1.0.24:42993|priority:0|startupRole:FOLLOWER, 1c34faa2-bf15-4077-af79-1a4fd95d48c3|rpc:10.1.0.24:38223|dataStream:10.1.0.24:46641|priority:1|startupRole:FOLLOWER] returns group-5A293A09BC8E:java.util.concurrent.CompletableFuture@f9dd596[Not completed]
2023-01-10 01:13:42,070 [pool-541-thread-1] INFO  server.RaftServer$Division (RaftServerImpl.java:<init>(195)) - 35948080-5e22-45ca-b6f3-be7de45bebca: new RaftServerImpl for group-5A293A09BC8E:[b1e0bc18-8da5-4e58-9fa5-a506b45b1540|rpc:10.1.0.24:41835|dataStream:10.1.0.24:40391|priority:0|startupRole:FOLLOWER, 35948080-5e22-45ca-b6f3-be7de45bebca|rpc:10.1.0.24:40989|dataStream:10.1.0.24:42993|priority:0|startupRole:FOLLOWER, 1c34faa2-bf15-4077-af79-1a4fd95d48c3|rpc:10.1.0.24:38223|dataStream:10.1.0.24:46641|priority:1|startupRole:FOLLOWER] with ContainerStateMachine:uninitialized
2023-01-10 01:13:42,070 [pool-541-thread-1] INFO  server.RaftServerConfigKeys (ConfUtils.java:logGet(46)) - raft.server.rpc.timeout.min = 5s (custom)
2023-01-10 01:13:42,070 [pool-541-thread-1] INFO  server.RaftServerConfigKeys (ConfUtils.java:logGet(46)) - raft.server.rpc.timeout.max = 5200ms (custom)
2023-01-10 01:13:42,070 [pool-541-thread-1] INFO  server.RaftServerConfigKeys (ConfUtils.java:logGet(46)) - raft.server.rpc.sleep.time = 25ms (default)
2023-01-10 01:13:42,070 [pool-541-thread-1] INFO  server.RaftServerConfigKeys (ConfUtils.java:logGet(46)) - raft.server.rpc.slowness.timeout = 300s (custom)
2023-01-10 01:13:42,070 [pool-541-thread-1] INFO  server.RaftServerConfigKeys (ConfUtils.java:logGet(46)) - raft.server.leaderelection.leader.step-down.wait-time = 10s (default)
2023-01-10 01:13:42,070 [pool-541-thread-1] INFO  server.RaftServerConfigKeys (ConfUtils.java:logGet(46)) - raft.server.sleep.deviation.threshold = 300ms (default)
2023-01-10 01:13:42,070 [pool-541-thread-1] INFO  server.RaftServer$Division (ServerState.java:<init>(118)) - 35948080-5e22-45ca-b6f3-be7de45bebca@group-5A293A09BC8E: ConfigurationManager, init=-1: peers:[b1e0bc18-8da5-4e58-9fa5-a506b45b1540|rpc:10.1.0.24:41835|dataStream:10.1.0.24:40391|priority:0|startupRole:FOLLOWER, 35948080-5e22-45ca-b6f3-be7de45bebca|rpc:10.1.0.24:40989|dataStream:10.1.0.24:42993|priority:0|startupRole:FOLLOWER, 1c34faa2-bf15-4077-af79-1a4fd95d48c3|rpc:10.1.0.24:38223|dataStream:10.1.0.24:46641|priority:1|startupRole:FOLLOWER]|listeners:[], old=null, confs=<EMPTY_MAP>
2023-01-10 01:13:42,070 [pool-541-thread-1] INFO  server.RaftServerConfigKeys (ConfUtils.java:logGet(46)) - raft.server.storage.dir = [/home/runner/work/ozone/ozone/hadoop-ozone/integration-test/target/test-dir/MiniOzoneClusterImpl-62525788-12f1-42f6-8834-316215afea77/datanode-0/data/ratis] (custom)
2023-01-10 01:13:42,071 [pool-541-thread-1] INFO  server.RaftServerConfigKeys (ConfUtils.java:logGet(46)) - raft.server.log.corruption.policy = EXCEPTION (default)
2023-01-10 01:13:42,071 [pool-541-thread-1] INFO  server.RaftServerConfigKeys (ConfUtils.java:logGet(46)) - raft.server.storage.free-space.min = 0MB (=0) (default)
2023-01-10 01:13:42,071 [pool-541-thread-1] INFO  server.RaftServerConfigKeys (ConfUtils.java:logGet(46)) - raft.server.notification.no-leader.timeout = 300s (custom)
2023-01-10 01:13:42,071 [pool-541-thread-1] INFO  server.RaftServerConfigKeys (ConfUtils.java:logGet(46)) - raft.server.retrycache.expirytime = 600000ms (custom)
2023-01-10 01:13:42,071 [pool-541-thread-1] INFO  server.RaftServerConfigKeys (ConfUtils.java:logGet(46)) - raft.server.retrycache.statistics.expirytime = 100μs (default)
2023-01-10 01:13:42,071 [pool-541-thread-1] INFO  server.RaftServerConfigKeys (ConfUtils.java:logGet(46)) - raft.server.log.appender.install.snapshot.enabled = false (custom)
2023-01-10 01:13:42,071 [pool-541-thread-1] INFO  server.RaftServerConfigKeys (ConfUtils.java:logGet(46)) - raft.server.threadpool.server.cached = true (default)
2023-01-10 01:13:42,071 [pool-541-thread-1] INFO  server.RaftServerConfigKeys (ConfUtils.java:logGet(46)) - raft.server.threadpool.server.size = 0 (default)
2023-01-10 01:13:42,071 [pool-541-thread-1] INFO  server.RaftServerConfigKeys (ConfUtils.java:logGet(46)) - raft.server.threadpool.client.cached = true (default)
2023-01-10 01:13:42,072 [pool-541-thread-1] INFO  server.RaftServerConfigKeys (ConfUtils.java:logGet(46)) - raft.server.threadpool.client.size = 0 (default)
2023-01-10 01:13:42,072 [pool-541-thread-1] INFO  storage.RaftStorageDirectory (RaftStorageDirectoryImpl.java:analyzeStorage(137)) - The storage directory /home/runner/work/ozone/ozone/hadoop-ozone/integration-test/target/test-dir/MiniOzoneClusterImpl-62525788-12f1-42f6-8834-316215afea77/datanode-0/data/ratis/10b1e9b3-4f10-4e01-8782-5a293a09bc8e does not exist. Creating ...
2023-01-10 01:13:42,072 [pool-541-thread-1] INFO  storage.RaftStorageDirectory (RaftStorageDirectoryImpl.java:tryLock(231)) - Lock on /home/runner/work/ozone/ozone/hadoop-ozone/integration-test/target/test-dir/MiniOzoneClusterImpl-62525788-12f1-42f6-8834-316215afea77/datanode-0/data/ratis/10b1e9b3-4f10-4e01-8782-5a293a09bc8e/in_use.lock acquired by nodename 10631@fv-az353-623
2023-01-10 01:13:42,074 [pool-541-thread-1] INFO  storage.RaftStorage (RaftStorageImpl.java:format(96)) - Storage directory /home/runner/work/ozone/ozone/hadoop-ozone/integration-test/target/test-dir/MiniOzoneClusterImpl-62525788-12f1-42f6-8834-316215afea77/datanode-0/data/ratis/10b1e9b3-4f10-4e01-8782-5a293a09bc8e has been successfully formatted.
2023-01-10 01:13:42,074 [pool-541-thread-1] INFO  ratis.ContainerStateMachine (ContainerStateMachine.java:loadSnapshot(240)) - group-5A293A09BC8E: The snapshot info is null. Setting the last applied indexto:(t:0, i:~)
2023-01-10 01:13:42,074 [pool-541-thread-1] INFO  server.RaftServerConfigKeys (ConfUtils.java:logGet(46)) - raft.server.log.use.memory = false (default)
2023-01-10 01:13:42,076 [pool-541-thread-1] INFO  server.RaftServerConfigKeys (ConfUtils.java:logGet(46)) - raft.server.log.purge.gap = 1000000 (custom)
2023-01-10 01:13:42,076 [pool-541-thread-1] INFO  server.RaftServerConfigKeys (ConfUtils.java:logGet(46)) - raft.server.log.appender.buffer.byte-limit = 33554432 (custom)
2023-01-10 01:13:42,076 [pool-541-thread-1] INFO  server.RaftServerConfigKeys (ConfUtils.java:logGet(46)) - raft.server.log.statemachine.data.read.timeout = 1000ms (default)
2023-01-10 01:13:42,076 [pool-541-thread-1] INFO  server.RaftServerConfigKeys (ConfUtils.java:logGet(46)) - raft.server.log.purge.preservation.log.num = 0 (default)
2023-01-10 01:13:42,077 [pool-541-thread-1] INFO  server.RaftServerConfigKeys (ConfUtils.java:logGet(46)) - raft.server.log.segment.size.max = 1048576 (custom)
2023-01-10 01:13:42,077 [pool-541-thread-1] INFO  server.RaftServerConfigKeys (ConfUtils.java:logGet(46)) - raft.server.log.segment.cache.num.max = 2 (custom)
2023-01-10 01:13:42,077 [pool-541-thread-1] INFO  server.RaftServerConfigKeys (ConfUtils.java:logGet(46)) - raft.server.log.segment.cache.size.max = 200MB (=209715200) (default)
2023-01-10 01:13:42,077 [pool-541-thread-1] INFO  segmented.SegmentedRaftLogWorker (SegmentedRaftLogWorker.java:<init>(189)) - new 35948080-5e22-45ca-b6f3-be7de45bebca@group-5A293A09BC8E-SegmentedRaftLogWorker for RaftStorageImpl:Storage Directory /home/runner/work/ozone/ozone/hadoop-ozone/integration-test/target/test-dir/MiniOzoneClusterImpl-62525788-12f1-42f6-8834-316215afea77/datanode-0/data/ratis/10b1e9b3-4f10-4e01-8782-5a293a09bc8e
2023-01-10 01:13:42,077 [pool-541-thread-1] INFO  server.RaftServerConfigKeys (ConfUtils.java:logGet(46)) - raft.server.log.queue.byte-limit = 4294967296 (custom)
2023-01-10 01:13:42,077 [pool-541-thread-1] INFO  server.RaftServerConfigKeys (ConfUtils.java:logGet(46)) - raft.server.log.queue.element-limit = 1024 (custom)
2023-01-10 01:13:42,077 [pool-541-thread-1] INFO  server.RaftServerConfigKeys (ConfUtils.java:logGet(46)) - raft.server.log.segment.size.max = 1048576 (custom)
2023-01-10 01:13:42,077 [pool-541-thread-1] INFO  server.RaftServerConfigKeys (ConfUtils.java:logGet(46)) - raft.server.log.preallocated.size = 16384 (custom)
2023-01-10 01:13:42,077 [pool-541-thread-1] INFO  server.RaftServerConfigKeys (ConfUtils.java:logGet(46)) - raft.server.log.force.sync.num = 128 (default)
2023-01-10 01:13:42,077 [pool-541-thread-1] INFO  server.RaftServerConfigKeys (ConfUtils.java:logGet(46)) - raft.server.log.statemachine.data.sync = true (default)
2023-01-10 01:13:42,077 [pool-541-thread-1] INFO  server.RaftServerConfigKeys (ConfUtils.java:logGet(46)) - raft.server.log.statemachine.data.sync.timeout = 10s (default)
2023-01-10 01:13:42,077 [pool-541-thread-1] INFO  server.RaftServerConfigKeys (ConfUtils.java:logGet(46)) - raft.server.log.statemachine.data.sync.timeout.retry = -1 (default)
2023-01-10 01:13:42,078 [pool-541-thread-1] INFO  server.RaftServerConfigKeys (ConfUtils.java:logGet(46)) - raft.server.log.write.buffer.size = 1048576 (custom)
2023-01-10 01:13:42,078 [pool-541-thread-1] INFO  server.RaftServerConfigKeys (ConfUtils.java:logGet(46)) - raft.server.log.appender.buffer.byte-limit = 33554432 (custom)
2023-01-10 01:13:42,084 [pool-541-thread-1] INFO  server.RaftServerConfigKeys (ConfUtils.java:logGet(46)) - raft.server.log.unsafe-flush.enabled = false (default)
2023-01-10 01:13:42,084 [pool-541-thread-1] INFO  server.RaftServerConfigKeys (ConfUtils.java:logGet(46)) - raft.server.log.async-flush.enabled = false (default)
2023-01-10 01:13:42,084 [pool-541-thread-1] INFO  server.RaftServerConfigKeys (ConfUtils.java:logGet(46)) - raft.server.log.statemachine.data.caching.enabled = true (custom)
2023-01-10 01:13:42,084 [pool-541-thread-1] INFO  segmented.SegmentedRaftLogWorker (SegmentedRaftLogWorker.java:lambda$new$0(135)) - 35948080-5e22-45ca-b6f3-be7de45bebca@group-5A293A09BC8E-SegmentedRaftLogWorker: flushIndex: setUnconditionally 0 -> -1
2023-01-10 01:13:42,084 [pool-541-thread-1] INFO  segmented.SegmentedRaftLogWorker (SegmentedRaftLogWorker.java:lambda$new$0(135)) - 35948080-5e22-45ca-b6f3-be7de45bebca@group-5A293A09BC8E-SegmentedRaftLogWorker: safeCacheEvictIndex: setUnconditionally 0 -> -1
2023-01-10 01:13:42,084 [pool-541-thread-1] INFO  server.RaftServer$Division (RaftServerImpl.java:start(334)) - 35948080-5e22-45ca-b6f3-be7de45bebca@group-5A293A09BC8E: start as a follower, conf=-1: peers:[b1e0bc18-8da5-4e58-9fa5-a506b45b1540|rpc:10.1.0.24:41835|dataStream:10.1.0.24:40391|priority:0|startupRole:FOLLOWER, 35948080-5e22-45ca-b6f3-be7de45bebca|rpc:10.1.0.24:40989|dataStream:10.1.0.24:42993|priority:0|startupRole:FOLLOWER, 1c34faa2-bf15-4077-af79-1a4fd95d48c3|rpc:10.1.0.24:38223|dataStream:10.1.0.24:46641|priority:1|startupRole:FOLLOWER]|listeners:[], old=null
2023-01-10 01:13:42,084 [pool-541-thread-1] INFO  server.RaftServer$Division (RaftServerImpl.java:setRole(321)) - 35948080-5e22-45ca-b6f3-be7de45bebca@group-5A293A09BC8E: changes role from      null to FOLLOWER at term 0 for startAsFollower
2023-01-10 01:13:42,084 [pool-541-thread-1] INFO  impl.RoleInfo (RoleInfo.java:updateAndGet(139)) - 35948080-5e22-45ca-b6f3-be7de45bebca: start 35948080-5e22-45ca-b6f3-be7de45bebca@group-5A293A09BC8E-FollowerState
2023-01-10 01:13:42,086 [pool-541-thread-1] INFO  util.JmxRegister (JmxRegister.java:tryRegister(44)) - Successfully registered JMX Bean with object name Ratis:service=RaftServer,group=group-5A293A09BC8E,id=35948080-5e22-45ca-b6f3-be7de45bebca
2023-01-10 01:13:42,086 [pool-541-thread-1] INFO  server.RaftServerConfigKeys (ConfUtils.java:logGet(46)) - raft.server.snapshot.auto.trigger.enabled = true (custom)
2023-01-10 01:13:42,086 [pool-541-thread-1] INFO  server.RaftServerConfigKeys (ConfUtils.java:logGet(46)) - raft.server.snapshot.auto.trigger.threshold = 10000 (custom)
2023-01-10 01:13:42,086 [pool-541-thread-1] INFO  server.RaftServerConfigKeys (ConfUtils.java:logGet(46)) - raft.server.snapshot.retention.file.num = 5 (custom)
2023-01-10 01:13:42,086 [pool-541-thread-1] INFO  server.RaftServerConfigKeys (ConfUtils.java:logGet(46)) - raft.server.log.purge.upto.snapshot.index = false (default)
2023-01-10 01:13:42,086 [35948080-5e22-45ca-b6f3-be7de45bebca@group-5A293A09BC8E-FollowerState] INFO  server.RaftServerConfigKeys (ConfUtils.java:logFallback(53)) - raft.server.rpc.first-election.timeout.min = 5s (fallback to raft.server.rpc.timeout.min)
2023-01-10 01:13:42,086 [35948080-5e22-45ca-b6f3-be7de45bebca@group-5A293A09BC8E-FollowerState] INFO  server.RaftServerConfigKeys (ConfUtils.java:logFallback(53)) - raft.server.rpc.first-election.timeout.max = 5200ms (fallback to raft.server.rpc.timeout.max)
2023-01-10 01:13:42,089 [Command processor thread] INFO  ratis.XceiverServerRatis (XceiverServerRatis.java:addGroup(806)) - Created group PipelineID=10b1e9b3-4f10-4e01-8782-5a293a09bc8e
2023-01-10 01:13:42,099 [grpc-default-executor-0] INFO  server.RaftServer (RaftServerProxy.java:addNew(96)) - b1e0bc18-8da5-4e58-9fa5-a506b45b1540: addNew group-5A293A09BC8E:[b1e0bc18-8da5-4e58-9fa5-a506b45b1540|rpc:10.1.0.24:41835|dataStream:10.1.0.24:40391|priority:0|startupRole:FOLLOWER, 35948080-5e22-45ca-b6f3-be7de45bebca|rpc:10.1.0.24:40989|dataStream:10.1.0.24:42993|priority:0|startupRole:FOLLOWER, 1c34faa2-bf15-4077-af79-1a4fd95d48c3|rpc:10.1.0.24:38223|dataStream:10.1.0.24:46641|priority:1|startupRole:FOLLOWER] returns group-5A293A09BC8E:java.util.concurrent.CompletableFuture@7dbfa253[Not completed]
2023-01-10 01:13:42,100 [pool-564-thread-1] INFO  server.RaftServer$Division (RaftServerImpl.java:<init>(195)) - b1e0bc18-8da5-4e58-9fa5-a506b45b1540: new RaftServerImpl for group-5A293A09BC8E:[b1e0bc18-8da5-4e58-9fa5-a506b45b1540|rpc:10.1.0.24:41835|dataStream:10.1.0.24:40391|priority:0|startupRole:FOLLOWER, 35948080-5e22-45ca-b6f3-be7de45bebca|rpc:10.1.0.24:40989|dataStream:10.1.0.24:42993|priority:0|startupRole:FOLLOWER, 1c34faa2-bf15-4077-af79-1a4fd95d48c3|rpc:10.1.0.24:38223|dataStream:10.1.0.24:46641|priority:1|startupRole:FOLLOWER] with ContainerStateMachine:uninitialized
2023-01-10 01:13:42,100 [pool-564-thread-1] INFO  server.RaftServerConfigKeys (ConfUtils.java:logGet(46)) - raft.server.rpc.timeout.min = 5s (custom)
2023-01-10 01:13:42,100 [pool-564-thread-1] INFO  server.RaftServerConfigKeys (ConfUtils.java:logGet(46)) - raft.server.rpc.timeout.max = 5200ms (custom)
2023-01-10 01:13:42,100 [pool-564-thread-1] INFO  server.RaftServerConfigKeys (ConfUtils.java:logGet(46)) - raft.server.rpc.sleep.time = 25ms (default)
2023-01-10 01:13:42,100 [pool-564-thread-1] INFO  server.RaftServerConfigKeys (ConfUtils.java:logGet(46)) - raft.server.rpc.slowness.timeout = 300s (custom)
2023-01-10 01:13:42,100 [pool-564-thread-1] INFO  server.RaftServerConfigKeys (ConfUtils.java:logGet(46)) - raft.server.leaderelection.leader.step-down.wait-time = 10s (default)
2023-01-10 01:13:42,100 [pool-564-thread-1] INFO  server.RaftServerConfigKeys (ConfUtils.java:logGet(46)) - raft.server.sleep.deviation.threshold = 300ms (default)
2023-01-10 01:13:42,100 [pool-564-thread-1] INFO  server.RaftServer$Division (ServerState.java:<init>(118)) - b1e0bc18-8da5-4e58-9fa5-a506b45b1540@group-5A293A09BC8E: ConfigurationManager, init=-1: peers:[b1e0bc18-8da5-4e58-9fa5-a506b45b1540|rpc:10.1.0.24:41835|dataStream:10.1.0.24:40391|priority:0|startupRole:FOLLOWER, 35948080-5e22-45ca-b6f3-be7de45bebca|rpc:10.1.0.24:40989|dataStream:10.1.0.24:42993|priority:0|startupRole:FOLLOWER, 1c34faa2-bf15-4077-af79-1a4fd95d48c3|rpc:10.1.0.24:38223|dataStream:10.1.0.24:46641|priority:1|startupRole:FOLLOWER]|listeners:[], old=null, confs=<EMPTY_MAP>
2023-01-10 01:13:42,100 [pool-564-thread-1] INFO  server.RaftServerConfigKeys (ConfUtils.java:logGet(46)) - raft.server.storage.dir = [/home/runner/work/ozone/ozone/hadoop-ozone/integration-test/target/test-dir/MiniOzoneClusterImpl-62525788-12f1-42f6-8834-316215afea77/datanode-1/data/ratis] (custom)
2023-01-10 01:13:42,100 [pool-564-thread-1] INFO  server.RaftServerConfigKeys (ConfUtils.java:logGet(46)) - raft.server.log.corruption.policy = EXCEPTION (default)
2023-01-10 01:13:42,100 [pool-564-thread-1] INFO  server.RaftServerConfigKeys (ConfUtils.java:logGet(46)) - raft.server.storage.free-space.min = 0MB (=0) (default)
2023-01-10 01:13:42,100 [pool-564-thread-1] INFO  server.RaftServerConfigKeys (ConfUtils.java:logGet(46)) - raft.server.notification.no-leader.timeout = 300s (custom)
2023-01-10 01:13:42,100 [pool-564-thread-1] INFO  server.RaftServerConfigKeys (ConfUtils.java:logGet(46)) - raft.server.retrycache.expirytime = 600000ms (custom)
2023-01-10 01:13:42,100 [pool-564-thread-1] INFO  server.RaftServerConfigKeys (ConfUtils.java:logGet(46)) - raft.server.retrycache.statistics.expirytime = 100μs (default)
2023-01-10 01:13:42,101 [pool-564-thread-1] INFO  server.RaftServerConfigKeys (ConfUtils.java:logGet(46)) - raft.server.log.appender.install.snapshot.enabled = false (custom)
2023-01-10 01:13:42,101 [pool-564-thread-1] INFO  server.RaftServerConfigKeys (ConfUtils.java:logGet(46)) - raft.server.threadpool.server.cached = true (default)
2023-01-10 01:13:42,101 [pool-564-thread-1] INFO  server.RaftServerConfigKeys (ConfUtils.java:logGet(46)) - raft.server.threadpool.server.size = 0 (default)
2023-01-10 01:13:42,101 [pool-564-thread-1] INFO  server.RaftServerConfigKeys (ConfUtils.java:logGet(46)) - raft.server.threadpool.client.cached = true (default)
2023-01-10 01:13:42,101 [pool-564-thread-1] INFO  server.RaftServerConfigKeys (ConfUtils.java:logGet(46)) - raft.server.threadpool.client.size = 0 (default)
2023-01-10 01:13:42,101 [pool-564-thread-1] INFO  storage.RaftStorageDirectory (RaftStorageDirectoryImpl.java:analyzeStorage(137)) - The storage directory /home/runner/work/ozone/ozone/hadoop-ozone/integration-test/target/test-dir/MiniOzoneClusterImpl-62525788-12f1-42f6-8834-316215afea77/datanode-1/data/ratis/10b1e9b3-4f10-4e01-8782-5a293a09bc8e does not exist. Creating ...
2023-01-10 01:13:42,102 [pool-564-thread-1] INFO  storage.RaftStorageDirectory (RaftStorageDirectoryImpl.java:tryLock(231)) - Lock on /home/runner/work/ozone/ozone/hadoop-ozone/integration-test/target/test-dir/MiniOzoneClusterImpl-62525788-12f1-42f6-8834-316215afea77/datanode-1/data/ratis/10b1e9b3-4f10-4e01-8782-5a293a09bc8e/in_use.lock acquired by nodename 10631@fv-az353-623
2023-01-10 01:13:42,103 [pool-564-thread-1] INFO  storage.RaftStorage (RaftStorageImpl.java:format(96)) - Storage directory /home/runner/work/ozone/ozone/hadoop-ozone/integration-test/target/test-dir/MiniOzoneClusterImpl-62525788-12f1-42f6-8834-316215afea77/datanode-1/data/ratis/10b1e9b3-4f10-4e01-8782-5a293a09bc8e has been successfully formatted.
2023-01-10 01:13:42,104 [pool-564-thread-1] INFO  ratis.ContainerStateMachine (ContainerStateMachine.java:loadSnapshot(240)) - group-5A293A09BC8E: The snapshot info is null. Setting the last applied indexto:(t:0, i:~)
2023-01-10 01:13:42,104 [pool-564-thread-1] INFO  server.RaftServerConfigKeys (ConfUtils.java:logGet(46)) - raft.server.log.use.memory = false (default)
2023-01-10 01:13:42,104 [pool-564-thread-1] INFO  server.RaftServerConfigKeys (ConfUtils.java:logGet(46)) - raft.server.log.purge.gap = 1000000 (custom)
2023-01-10 01:13:42,104 [pool-564-thread-1] INFO  server.RaftServerConfigKeys (ConfUtils.java:logGet(46)) - raft.server.log.appender.buffer.byte-limit = 33554432 (custom)
2023-01-10 01:13:42,104 [pool-564-thread-1] INFO  server.RaftServerConfigKeys (ConfUtils.java:logGet(46)) - raft.server.log.statemachine.data.read.timeout = 1000ms (default)
2023-01-10 01:13:42,104 [pool-564-thread-1] INFO  server.RaftServerConfigKeys (ConfUtils.java:logGet(46)) - raft.server.log.purge.preservation.log.num = 0 (default)
2023-01-10 01:13:42,104 [pool-564-thread-1] INFO  server.RaftServerConfigKeys (ConfUtils.java:logGet(46)) - raft.server.log.segment.size.max = 1048576 (custom)
2023-01-10 01:13:42,105 [pool-564-thread-1] INFO  server.RaftServerConfigKeys (ConfUtils.java:logGet(46)) - raft.server.log.segment.cache.num.max = 2 (custom)
2023-01-10 01:13:42,105 [pool-564-thread-1] INFO  server.RaftServerConfigKeys (ConfUtils.java:logGet(46)) - raft.server.log.segment.cache.size.max = 200MB (=209715200) (default)
2023-01-10 01:13:42,105 [pool-564-thread-1] INFO  segmented.SegmentedRaftLogWorker (SegmentedRaftLogWorker.java:<init>(189)) - new b1e0bc18-8da5-4e58-9fa5-a506b45b1540@group-5A293A09BC8E-SegmentedRaftLogWorker for RaftStorageImpl:Storage Directory /home/runner/work/ozone/ozone/hadoop-ozone/integration-test/target/test-dir/MiniOzoneClusterImpl-62525788-12f1-42f6-8834-316215afea77/datanode-1/data/ratis/10b1e9b3-4f10-4e01-8782-5a293a09bc8e
2023-01-10 01:13:42,105 [pool-564-thread-1] INFO  server.RaftServerConfigKeys (ConfUtils.java:logGet(46)) - raft.server.log.queue.byte-limit = 4294967296 (custom)
2023-01-10 01:13:42,105 [pool-564-thread-1] INFO  server.RaftServerConfigKeys (ConfUtils.java:logGet(46)) - raft.server.log.queue.element-limit = 1024 (custom)
2023-01-10 01:13:42,105 [pool-564-thread-1] INFO  server.RaftServerConfigKeys (ConfUtils.java:logGet(46)) - raft.server.log.segment.size.max = 1048576 (custom)
2023-01-10 01:13:42,105 [pool-564-thread-1] INFO  server.RaftServerConfigKeys (ConfUtils.java:logGet(46)) - raft.server.log.preallocated.size = 16384 (custom)
2023-01-10 01:13:42,105 [pool-564-thread-1] INFO  server.RaftServerConfigKeys (ConfUtils.java:logGet(46)) - raft.server.log.force.sync.num = 128 (default)
2023-01-10 01:13:42,105 [pool-564-thread-1] INFO  server.RaftServerConfigKeys (ConfUtils.java:logGet(46)) - raft.server.log.statemachine.data.sync = true (default)
2023-01-10 01:13:42,105 [pool-564-thread-1] INFO  server.RaftServerConfigKeys (ConfUtils.java:logGet(46)) - raft.server.log.statemachine.data.sync.timeout = 10s (default)
2023-01-10 01:13:42,105 [pool-564-thread-1] INFO  server.RaftServerConfigKeys (ConfUtils.java:logGet(46)) - raft.server.log.statemachine.data.sync.timeout.retry = -1 (default)
2023-01-10 01:13:42,105 [pool-564-thread-1] INFO  server.RaftServerConfigKeys (ConfUtils.java:logGet(46)) - raft.server.log.write.buffer.size = 1048576 (custom)
2023-01-10 01:13:42,106 [pool-564-thread-1] INFO  server.RaftServerConfigKeys (ConfUtils.java:logGet(46)) - raft.server.log.appender.buffer.byte-limit = 33554432 (custom)
2023-01-10 01:13:42,111 [pool-564-thread-1] INFO  server.RaftServerConfigKeys (ConfUtils.java:logGet(46)) - raft.server.log.unsafe-flush.enabled = false (default)
2023-01-10 01:13:42,111 [pool-564-thread-1] INFO  server.RaftServerConfigKeys (ConfUtils.java:logGet(46)) - raft.server.log.async-flush.enabled = false (default)
2023-01-10 01:13:42,111 [pool-564-thread-1] INFO  server.RaftServerConfigKeys (ConfUtils.java:logGet(46)) - raft.server.log.statemachine.data.caching.enabled = true (custom)
2023-01-10 01:13:42,111 [pool-564-thread-1] INFO  segmented.SegmentedRaftLogWorker (SegmentedRaftLogWorker.java:lambda$new$0(135)) - b1e0bc18-8da5-4e58-9fa5-a506b45b1540@group-5A293A09BC8E-SegmentedRaftLogWorker: flushIndex: setUnconditionally 0 -> -1
2023-01-10 01:13:42,111 [pool-564-thread-1] INFO  segmented.SegmentedRaftLogWorker (SegmentedRaftLogWorker.java:lambda$new$0(135)) - b1e0bc18-8da5-4e58-9fa5-a506b45b1540@group-5A293A09BC8E-SegmentedRaftLogWorker: safeCacheEvictIndex: setUnconditionally 0 -> -1
2023-01-10 01:13:42,111 [pool-564-thread-1] INFO  server.RaftServer$Division (RaftServerImpl.java:start(334)) - b1e0bc18-8da5-4e58-9fa5-a506b45b1540@group-5A293A09BC8E: start as a follower, conf=-1: peers:[b1e0bc18-8da5-4e58-9fa5-a506b45b1540|rpc:10.1.0.24:41835|dataStream:10.1.0.24:40391|priority:0|startupRole:FOLLOWER, 35948080-5e22-45ca-b6f3-be7de45bebca|rpc:10.1.0.24:40989|dataStream:10.1.0.24:42993|priority:0|startupRole:FOLLOWER, 1c34faa2-bf15-4077-af79-1a4fd95d48c3|rpc:10.1.0.24:38223|dataStream:10.1.0.24:46641|priority:1|startupRole:FOLLOWER]|listeners:[], old=null
2023-01-10 01:13:42,111 [pool-564-thread-1] INFO  server.RaftServer$Division (RaftServerImpl.java:setRole(321)) - b1e0bc18-8da5-4e58-9fa5-a506b45b1540@group-5A293A09BC8E: changes role from      null to FOLLOWER at term 0 for startAsFollower
2023-01-10 01:13:42,111 [pool-564-thread-1] INFO  impl.RoleInfo (RoleInfo.java:updateAndGet(139)) - b1e0bc18-8da5-4e58-9fa5-a506b45b1540: start b1e0bc18-8da5-4e58-9fa5-a506b45b1540@group-5A293A09BC8E-FollowerState
2023-01-10 01:13:42,111 [pool-564-thread-1] INFO  util.JmxRegister (JmxRegister.java:tryRegister(44)) - Successfully registered JMX Bean with object name Ratis:service=RaftServer,group=group-5A293A09BC8E,id=b1e0bc18-8da5-4e58-9fa5-a506b45b1540
2023-01-10 01:13:42,112 [pool-564-thread-1] INFO  server.RaftServerConfigKeys (ConfUtils.java:logGet(46)) - raft.server.snapshot.auto.trigger.enabled = true (custom)
2023-01-10 01:13:42,112 [pool-564-thread-1] INFO  server.RaftServerConfigKeys (ConfUtils.java:logGet(46)) - raft.server.snapshot.auto.trigger.threshold = 10000 (custom)
2023-01-10 01:13:42,112 [pool-564-thread-1] INFO  server.RaftServerConfigKeys (ConfUtils.java:logGet(46)) - raft.server.snapshot.retention.file.num = 5 (custom)
2023-01-10 01:13:42,112 [pool-564-thread-1] INFO  server.RaftServerConfigKeys (ConfUtils.java:logGet(46)) - raft.server.log.purge.upto.snapshot.index = false (default)
2023-01-10 01:13:42,112 [b1e0bc18-8da5-4e58-9fa5-a506b45b1540@group-5A293A09BC8E-FollowerState] INFO  server.RaftServerConfigKeys (ConfUtils.java:logFallback(53)) - raft.server.rpc.first-election.timeout.min = 5s (fallback to raft.server.rpc.timeout.min)
2023-01-10 01:13:42,112 [b1e0bc18-8da5-4e58-9fa5-a506b45b1540@group-5A293A09BC8E-FollowerState] INFO  server.RaftServerConfigKeys (ConfUtils.java:logFallback(53)) - raft.server.rpc.first-election.timeout.max = 5200ms (fallback to raft.server.rpc.timeout.max)
2023-01-10 01:13:42,123 [grpc-default-executor-0] INFO  server.RaftServer (RaftServerProxy.java:addNew(96)) - 1c34faa2-bf15-4077-af79-1a4fd95d48c3: addNew group-5A293A09BC8E:[b1e0bc18-8da5-4e58-9fa5-a506b45b1540|rpc:10.1.0.24:41835|dataStream:10.1.0.24:40391|priority:0|startupRole:FOLLOWER, 35948080-5e22-45ca-b6f3-be7de45bebca|rpc:10.1.0.24:40989|dataStream:10.1.0.24:42993|priority:0|startupRole:FOLLOWER, 1c34faa2-bf15-4077-af79-1a4fd95d48c3|rpc:10.1.0.24:38223|dataStream:10.1.0.24:46641|priority:1|startupRole:FOLLOWER] returns group-5A293A09BC8E:java.util.concurrent.CompletableFuture@4ce3ab83[Not completed]
2023-01-10 01:13:42,124 [pool-587-thread-1] INFO  server.RaftServer$Division (RaftServerImpl.java:<init>(195)) - 1c34faa2-bf15-4077-af79-1a4fd95d48c3: new RaftServerImpl for group-5A293A09BC8E:[b1e0bc18-8da5-4e58-9fa5-a506b45b1540|rpc:10.1.0.24:41835|dataStream:10.1.0.24:40391|priority:0|startupRole:FOLLOWER, 35948080-5e22-45ca-b6f3-be7de45bebca|rpc:10.1.0.24:40989|dataStream:10.1.0.24:42993|priority:0|startupRole:FOLLOWER, 1c34faa2-bf15-4077-af79-1a4fd95d48c3|rpc:10.1.0.24:38223|dataStream:10.1.0.24:46641|priority:1|startupRole:FOLLOWER] with ContainerStateMachine:uninitialized
2023-01-10 01:13:42,124 [pool-587-thread-1] INFO  server.RaftServerConfigKeys (ConfUtils.java:logGet(46)) - raft.server.rpc.timeout.min = 5s (custom)
2023-01-10 01:13:42,124 [pool-587-thread-1] INFO  server.RaftServerConfigKeys (ConfUtils.java:logGet(46)) - raft.server.rpc.timeout.max = 5200ms (custom)
2023-01-10 01:13:42,124 [pool-587-thread-1] INFO  server.RaftServerConfigKeys (ConfUtils.java:logGet(46)) - raft.server.rpc.sleep.time = 25ms (default)
2023-01-10 01:13:42,124 [pool-587-thread-1] INFO  server.RaftServerConfigKeys (ConfUtils.java:logGet(46)) - raft.server.rpc.slowness.timeout = 300s (custom)
2023-01-10 01:13:42,124 [pool-587-thread-1] INFO  server.RaftServerConfigKeys (ConfUtils.java:logGet(46)) - raft.server.leaderelection.leader.step-down.wait-time = 10s (default)
2023-01-10 01:13:42,124 [pool-587-thread-1] INFO  server.RaftServerConfigKeys (ConfUtils.java:logGet(46)) - raft.server.sleep.deviation.threshold = 300ms (default)
2023-01-10 01:13:42,124 [pool-587-thread-1] INFO  server.RaftServer$Division (ServerState.java:<init>(118)) - 1c34faa2-bf15-4077-af79-1a4fd95d48c3@group-5A293A09BC8E: ConfigurationManager, init=-1: peers:[b1e0bc18-8da5-4e58-9fa5-a506b45b1540|rpc:10.1.0.24:41835|dataStream:10.1.0.24:40391|priority:0|startupRole:FOLLOWER, 35948080-5e22-45ca-b6f3-be7de45bebca|rpc:10.1.0.24:40989|dataStream:10.1.0.24:42993|priority:0|startupRole:FOLLOWER, 1c34faa2-bf15-4077-af79-1a4fd95d48c3|rpc:10.1.0.24:38223|dataStream:10.1.0.24:46641|priority:1|startupRole:FOLLOWER]|listeners:[], old=null, confs=<EMPTY_MAP>
2023-01-10 01:13:42,124 [pool-587-thread-1] INFO  server.RaftServerConfigKeys (ConfUtils.java:logGet(46)) - raft.server.storage.dir = [/home/runner/work/ozone/ozone/hadoop-ozone/integration-test/target/test-dir/MiniOzoneClusterImpl-62525788-12f1-42f6-8834-316215afea77/datanode-2/data/ratis] (custom)
2023-01-10 01:13:42,124 [pool-587-thread-1] INFO  server.RaftServerConfigKeys (ConfUtils.java:logGet(46)) - raft.server.log.corruption.policy = EXCEPTION (default)
2023-01-10 01:13:42,124 [pool-587-thread-1] INFO  server.RaftServerConfigKeys (ConfUtils.java:logGet(46)) - raft.server.storage.free-space.min = 0MB (=0) (default)
2023-01-10 01:13:42,125 [pool-587-thread-1] INFO  server.RaftServerConfigKeys (ConfUtils.java:logGet(46)) - raft.server.notification.no-leader.timeout = 300s (custom)
2023-01-10 01:13:42,125 [pool-587-thread-1] INFO  server.RaftServerConfigKeys (ConfUtils.java:logGet(46)) - raft.server.retrycache.expirytime = 600000ms (custom)
2023-01-10 01:13:42,125 [pool-587-thread-1] INFO  server.RaftServerConfigKeys (ConfUtils.java:logGet(46)) - raft.server.retrycache.statistics.expirytime = 100μs (default)
2023-01-10 01:13:42,125 [pool-587-thread-1] INFO  server.RaftServerConfigKeys (ConfUtils.java:logGet(46)) - raft.server.log.appender.install.snapshot.enabled = false (custom)
2023-01-10 01:13:42,125 [pool-587-thread-1] INFO  server.RaftServerConfigKeys (ConfUtils.java:logGet(46)) - raft.server.threadpool.server.cached = true (default)
2023-01-10 01:13:42,125 [pool-587-thread-1] INFO  server.RaftServerConfigKeys (ConfUtils.java:logGet(46)) - raft.server.threadpool.server.size = 0 (default)
2023-01-10 01:13:42,125 [pool-587-thread-1] INFO  server.RaftServerConfigKeys (ConfUtils.java:logGet(46)) - raft.server.threadpool.client.cached = true (default)
2023-01-10 01:13:42,125 [pool-587-thread-1] INFO  server.RaftServerConfigKeys (ConfUtils.java:logGet(46)) - raft.server.threadpool.client.size = 0 (default)
2023-01-10 01:13:42,125 [pool-587-thread-1] INFO  storage.RaftStorageDirectory (RaftStorageDirectoryImpl.java:analyzeStorage(137)) - The storage directory /home/runner/work/ozone/ozone/hadoop-ozone/integration-test/target/test-dir/MiniOzoneClusterImpl-62525788-12f1-42f6-8834-316215afea77/datanode-2/data/ratis/10b1e9b3-4f10-4e01-8782-5a293a09bc8e does not exist. Creating ...
2023-01-10 01:13:42,126 [pool-587-thread-1] INFO  storage.RaftStorageDirectory (RaftStorageDirectoryImpl.java:tryLock(231)) - Lock on /home/runner/work/ozone/ozone/hadoop-ozone/integration-test/target/test-dir/MiniOzoneClusterImpl-62525788-12f1-42f6-8834-316215afea77/datanode-2/data/ratis/10b1e9b3-4f10-4e01-8782-5a293a09bc8e/in_use.lock acquired by nodename 10631@fv-az353-623
2023-01-10 01:13:42,127 [pool-587-thread-1] INFO  storage.RaftStorage (RaftStorageImpl.java:format(96)) - Storage directory /home/runner/work/ozone/ozone/hadoop-ozone/integration-test/target/test-dir/MiniOzoneClusterImpl-62525788-12f1-42f6-8834-316215afea77/datanode-2/data/ratis/10b1e9b3-4f10-4e01-8782-5a293a09bc8e has been successfully formatted.
2023-01-10 01:13:42,129 [pool-587-thread-1] INFO  ratis.ContainerStateMachine (ContainerStateMachine.java:loadSnapshot(240)) - group-5A293A09BC8E: The snapshot info is null. Setting the last applied indexto:(t:0, i:~)
2023-01-10 01:13:42,129 [pool-587-thread-1] INFO  server.RaftServerConfigKeys (ConfUtils.java:logGet(46)) - raft.server.log.use.memory = false (default)
2023-01-10 01:13:42,129 [pool-587-thread-1] INFO  server.RaftServerConfigKeys (ConfUtils.java:logGet(46)) - raft.server.log.purge.gap = 1000000 (custom)
2023-01-10 01:13:42,129 [pool-587-thread-1] INFO  server.RaftServerConfigKeys (ConfUtils.java:logGet(46)) - raft.server.log.appender.buffer.byte-limit = 33554432 (custom)
2023-01-10 01:13:42,129 [pool-587-thread-1] INFO  server.RaftServerConfigKeys (ConfUtils.java:logGet(46)) - raft.server.log.statemachine.data.read.timeout = 1000ms (default)
2023-01-10 01:13:42,129 [pool-587-thread-1] INFO  server.RaftServerConfigKeys (ConfUtils.java:logGet(46)) - raft.server.log.purge.preservation.log.num = 0 (default)
2023-01-10 01:13:42,129 [pool-587-thread-1] INFO  server.RaftServerConfigKeys (ConfUtils.java:logGet(46)) - raft.server.log.segment.size.max = 1048576 (custom)
2023-01-10 01:13:42,130 [pool-587-thread-1] INFO  server.RaftServerConfigKeys (ConfUtils.java:logGet(46)) - raft.server.log.segment.cache.num.max = 2 (custom)
2023-01-10 01:13:42,130 [pool-587-thread-1] INFO  server.RaftServerConfigKeys (ConfUtils.java:logGet(46)) - raft.server.log.segment.cache.size.max = 200MB (=209715200) (default)
2023-01-10 01:13:42,130 [pool-587-thread-1] INFO  segmented.SegmentedRaftLogWorker (SegmentedRaftLogWorker.java:<init>(189)) - new 1c34faa2-bf15-4077-af79-1a4fd95d48c3@group-5A293A09BC8E-SegmentedRaftLogWorker for RaftStorageImpl:Storage Directory /home/runner/work/ozone/ozone/hadoop-ozone/integration-test/target/test-dir/MiniOzoneClusterImpl-62525788-12f1-42f6-8834-316215afea77/datanode-2/data/ratis/10b1e9b3-4f10-4e01-8782-5a293a09bc8e
2023-01-10 01:13:42,130 [pool-587-thread-1] INFO  server.RaftServerConfigKeys (ConfUtils.java:logGet(46)) - raft.server.log.queue.byte-limit = 4294967296 (custom)
2023-01-10 01:13:42,130 [pool-587-thread-1] INFO  server.RaftServerConfigKeys (ConfUtils.java:logGet(46)) - raft.server.log.queue.element-limit = 1024 (custom)
2023-01-10 01:13:42,130 [pool-587-thread-1] INFO  server.RaftServerConfigKeys (ConfUtils.java:logGet(46)) - raft.server.log.segment.size.max = 1048576 (custom)
2023-01-10 01:13:42,130 [pool-587-thread-1] INFO  server.RaftServerConfigKeys (ConfUtils.java:logGet(46)) - raft.server.log.preallocated.size = 16384 (custom)
2023-01-10 01:13:42,130 [pool-587-thread-1] INFO  server.RaftServerConfigKeys (ConfUtils.java:logGet(46)) - raft.server.log.force.sync.num = 128 (default)
2023-01-10 01:13:42,130 [pool-587-thread-1] INFO  server.RaftServerConfigKeys (ConfUtils.java:logGet(46)) - raft.server.log.statemachine.data.sync = true (default)
2023-01-10 01:13:42,130 [pool-587-thread-1] INFO  server.RaftServerConfigKeys (ConfUtils.java:logGet(46)) - raft.server.log.statemachine.data.sync.timeout = 10s (default)
2023-01-10 01:13:42,130 [pool-587-thread-1] INFO  server.RaftServerConfigKeys (ConfUtils.java:logGet(46)) - raft.server.log.statemachine.data.sync.timeout.retry = -1 (default)
2023-01-10 01:13:42,130 [pool-587-thread-1] INFO  server.RaftServerConfigKeys (ConfUtils.java:logGet(46)) - raft.server.log.write.buffer.size = 1048576 (custom)
2023-01-10 01:13:42,131 [pool-587-thread-1] INFO  server.RaftServerConfigKeys (ConfUtils.java:logGet(46)) - raft.server.log.appender.buffer.byte-limit = 33554432 (custom)
2023-01-10 01:13:42,137 [pool-587-thread-1] INFO  server.RaftServerConfigKeys (ConfUtils.java:logGet(46)) - raft.server.log.unsafe-flush.enabled = false (default)
2023-01-10 01:13:42,137 [pool-587-thread-1] INFO  server.RaftServerConfigKeys (ConfUtils.java:logGet(46)) - raft.server.log.async-flush.enabled = false (default)
2023-01-10 01:13:42,137 [pool-587-thread-1] INFO  server.RaftServerConfigKeys (ConfUtils.java:logGet(46)) - raft.server.log.statemachine.data.caching.enabled = true (custom)
2023-01-10 01:13:42,137 [pool-587-thread-1] INFO  segmented.SegmentedRaftLogWorker (SegmentedRaftLogWorker.java:lambda$new$0(135)) - 1c34faa2-bf15-4077-af79-1a4fd95d48c3@group-5A293A09BC8E-SegmentedRaftLogWorker: flushIndex: setUnconditionally 0 -> -1
2023-01-10 01:13:42,137 [pool-587-thread-1] INFO  segmented.SegmentedRaftLogWorker (SegmentedRaftLogWorker.java:lambda$new$0(135)) - 1c34faa2-bf15-4077-af79-1a4fd95d48c3@group-5A293A09BC8E-SegmentedRaftLogWorker: safeCacheEvictIndex: setUnconditionally 0 -> -1
2023-01-10 01:13:42,137 [pool-587-thread-1] INFO  server.RaftServer$Division (RaftServerImpl.java:start(334)) - 1c34faa2-bf15-4077-af79-1a4fd95d48c3@group-5A293A09BC8E: start as a follower, conf=-1: peers:[b1e0bc18-8da5-4e58-9fa5-a506b45b1540|rpc:10.1.0.24:41835|dataStream:10.1.0.24:40391|priority:0|startupRole:FOLLOWER, 35948080-5e22-45ca-b6f3-be7de45bebca|rpc:10.1.0.24:40989|dataStream:10.1.0.24:42993|priority:0|startupRole:FOLLOWER, 1c34faa2-bf15-4077-af79-1a4fd95d48c3|rpc:10.1.0.24:38223|dataStream:10.1.0.24:46641|priority:1|startupRole:FOLLOWER]|listeners:[], old=null
2023-01-10 01:13:42,137 [pool-587-thread-1] INFO  server.RaftServer$Division (RaftServerImpl.java:setRole(321)) - 1c34faa2-bf15-4077-af79-1a4fd95d48c3@group-5A293A09BC8E: changes role from      null to FOLLOWER at term 0 for startAsFollower
2023-01-10 01:13:42,137 [pool-587-thread-1] INFO  impl.RoleInfo (RoleInfo.java:updateAndGet(139)) - 1c34faa2-bf15-4077-af79-1a4fd95d48c3: start 1c34faa2-bf15-4077-af79-1a4fd95d48c3@group-5A293A09BC8E-FollowerState
2023-01-10 01:13:42,140 [pool-587-thread-1] INFO  util.JmxRegister (JmxRegister.java:tryRegister(44)) - Successfully registered JMX Bean with object name Ratis:service=RaftServer,group=group-5A293A09BC8E,id=1c34faa2-bf15-4077-af79-1a4fd95d48c3
2023-01-10 01:13:42,140 [pool-587-thread-1] INFO  server.RaftServerConfigKeys (ConfUtils.java:logGet(46)) - raft.server.snapshot.auto.trigger.enabled = true (custom)
2023-01-10 01:13:42,140 [pool-587-thread-1] INFO  server.RaftServerConfigKeys (ConfUtils.java:logGet(46)) - raft.server.snapshot.auto.trigger.threshold = 10000 (custom)
2023-01-10 01:13:42,140 [pool-587-thread-1] INFO  server.RaftServerConfigKeys (ConfUtils.java:logGet(46)) - raft.server.snapshot.retention.file.num = 5 (custom)
2023-01-10 01:13:42,140 [pool-587-thread-1] INFO  server.RaftServerConfigKeys (ConfUtils.java:logGet(46)) - raft.server.log.purge.upto.snapshot.index = false (default)
2023-01-10 01:13:42,141 [1c34faa2-bf15-4077-af79-1a4fd95d48c3@group-5A293A09BC8E-FollowerState] INFO  server.RaftServerConfigKeys (ConfUtils.java:logFallback(53)) - raft.server.rpc.first-election.timeout.min = 5s (fallback to raft.server.rpc.timeout.min)
2023-01-10 01:13:42,141 [1c34faa2-bf15-4077-af79-1a4fd95d48c3@group-5A293A09BC8E-FollowerState] INFO  server.RaftServerConfigKeys (ConfUtils.java:logFallback(53)) - raft.server.rpc.first-election.timeout.max = 5200ms (fallback to raft.server.rpc.timeout.max)
2023-01-10 01:13:42,146 [Command processor thread] INFO  commandhandler.CreatePipelineCommandHandler (CreatePipelineCommandHandler.java:handle(113)) - Created Pipeline RATIS THREE PipelineID=10b1e9b3-4f10-4e01-8782-5a293a09bc8e.
2023-01-10 01:13:42,528 [Listener at 127.0.0.1/44191] INFO  ozone.MiniOzoneClusterImpl (MiniOzoneClusterImpl.java:lambda$waitForClusterToBeReady$0(218)) - Nodes are ready. Got 6 of 6 DN Heartbeats.
2023-01-10 01:13:42,528 [Listener at 127.0.0.1/44191] INFO  ozone.MiniOzoneClusterImpl (MiniOzoneClusterImpl.java:lambda$waitForClusterToBeReady$0(221)) - Waiting for cluster to exit safe mode
2023-01-10 01:13:42,528 [Listener at 127.0.0.1/44191] INFO  ozone.MiniOzoneClusterImpl (MiniOzoneClusterImpl.java:lambda$waitForClusterToBeReady$0(223)) - SCM became leader
2023-01-10 01:13:42,910 [Command processor thread] INFO  server.RaftServer (RaftServerProxy.java:addNew(96)) - afa38d33-fc19-42e5-bc19-641228a4898b: addNew group-79979D135BFE:[755113df-b2d2-4f4d-a016-da6f7eba54ac|rpc:10.1.0.24:40991|dataStream:10.1.0.24:38909|priority:0|startupRole:FOLLOWER, 498755a8-f2f1-47a5-bb38-b65b10b21bcc|rpc:10.1.0.24:40949|dataStream:10.1.0.24:39249|priority:1|startupRole:FOLLOWER, afa38d33-fc19-42e5-bc19-641228a4898b|rpc:10.1.0.24:37195|dataStream:10.1.0.24:33715|priority:0|startupRole:FOLLOWER] returns group-79979D135BFE:java.util.concurrent.CompletableFuture@1250c525[Not completed]
2023-01-10 01:13:42,911 [pool-610-thread-1] INFO  server.RaftServer$Division (RaftServerImpl.java:<init>(195)) - afa38d33-fc19-42e5-bc19-641228a4898b: new RaftServerImpl for group-79979D135BFE:[755113df-b2d2-4f4d-a016-da6f7eba54ac|rpc:10.1.0.24:40991|dataStream:10.1.0.24:38909|priority:0|startupRole:FOLLOWER, 498755a8-f2f1-47a5-bb38-b65b10b21bcc|rpc:10.1.0.24:40949|dataStream:10.1.0.24:39249|priority:1|startupRole:FOLLOWER, afa38d33-fc19-42e5-bc19-641228a4898b|rpc:10.1.0.24:37195|dataStream:10.1.0.24:33715|priority:0|startupRole:FOLLOWER] with ContainerStateMachine:uninitialized
2023-01-10 01:13:42,911 [pool-610-thread-1] INFO  server.RaftServerConfigKeys (ConfUtils.java:logGet(46)) - raft.server.rpc.timeout.min = 5s (custom)
2023-01-10 01:13:42,911 [pool-610-thread-1] INFO  server.RaftServerConfigKeys (ConfUtils.java:logGet(46)) - raft.server.rpc.timeout.max = 5200ms (custom)
2023-01-10 01:13:42,911 [pool-610-thread-1] INFO  server.RaftServerConfigKeys (ConfUtils.java:logGet(46)) - raft.server.rpc.sleep.time = 25ms (default)
2023-01-10 01:13:42,911 [pool-610-thread-1] INFO  server.RaftServerConfigKeys (ConfUtils.java:logGet(46)) - raft.server.rpc.slowness.timeout = 300s (custom)
2023-01-10 01:13:42,911 [pool-610-thread-1] INFO  server.RaftServerConfigKeys (ConfUtils.java:logGet(46)) - raft.server.leaderelection.leader.step-down.wait-time = 10s (default)
2023-01-10 01:13:42,911 [pool-610-thread-1] INFO  server.RaftServerConfigKeys (ConfUtils.java:logGet(46)) - raft.server.sleep.deviation.threshold = 300ms (default)
2023-01-10 01:13:42,912 [pool-610-thread-1] INFO  server.RaftServer$Division (ServerState.java:<init>(118)) - afa38d33-fc19-42e5-bc19-641228a4898b@group-79979D135BFE: ConfigurationManager, init=-1: peers:[755113df-b2d2-4f4d-a016-da6f7eba54ac|rpc:10.1.0.24:40991|dataStream:10.1.0.24:38909|priority:0|startupRole:FOLLOWER, 498755a8-f2f1-47a5-bb38-b65b10b21bcc|rpc:10.1.0.24:40949|dataStream:10.1.0.24:39249|priority:1|startupRole:FOLLOWER, afa38d33-fc19-42e5-bc19-641228a4898b|rpc:10.1.0.24:37195|dataStream:10.1.0.24:33715|priority:0|startupRole:FOLLOWER]|listeners:[], old=null, confs=<EMPTY_MAP>
2023-01-10 01:13:42,912 [pool-610-thread-1] INFO  server.RaftServerConfigKeys (ConfUtils.java:logGet(46)) - raft.server.storage.dir = [/home/runner/work/ozone/ozone/hadoop-ozone/integration-test/target/test-dir/MiniOzoneClusterImpl-62525788-12f1-42f6-8834-316215afea77/datanode-3/data/ratis] (custom)
2023-01-10 01:13:42,912 [pool-610-thread-1] INFO  server.RaftServerConfigKeys (ConfUtils.java:logGet(46)) - raft.server.log.corruption.policy = EXCEPTION (default)
2023-01-10 01:13:42,912 [pool-610-thread-1] INFO  server.RaftServerConfigKeys (ConfUtils.java:logGet(46)) - raft.server.storage.free-space.min = 0MB (=0) (default)
2023-01-10 01:13:42,912 [pool-610-thread-1] INFO  server.RaftServerConfigKeys (ConfUtils.java:logGet(46)) - raft.server.notification.no-leader.timeout = 300s (custom)
2023-01-10 01:13:42,912 [pool-610-thread-1] INFO  server.RaftServerConfigKeys (ConfUtils.java:logGet(46)) - raft.server.retrycache.expirytime = 600000ms (custom)
2023-01-10 01:13:42,912 [pool-610-thread-1] INFO  server.RaftServerConfigKeys (ConfUtils.java:logGet(46)) - raft.server.retrycache.statistics.expirytime = 100μs (default)
2023-01-10 01:13:42,913 [pool-610-thread-1] INFO  server.RaftServerConfigKeys (ConfUtils.java:logGet(46)) - raft.server.log.appender.install.snapshot.enabled = false (custom)
2023-01-10 01:13:42,913 [pool-610-thread-1] INFO  server.RaftServerConfigKeys (ConfUtils.java:logGet(46)) - raft.server.threadpool.server.cached = true (default)
2023-01-10 01:13:42,913 [pool-610-thread-1] INFO  server.RaftServerConfigKeys (ConfUtils.java:logGet(46)) - raft.server.threadpool.server.size = 0 (default)
2023-01-10 01:13:42,913 [pool-610-thread-1] INFO  server.RaftServerConfigKeys (ConfUtils.java:logGet(46)) - raft.server.threadpool.client.cached = true (default)
2023-01-10 01:13:42,913 [pool-610-thread-1] INFO  server.RaftServerConfigKeys (ConfUtils.java:logGet(46)) - raft.server.threadpool.client.size = 0 (default)
2023-01-10 01:13:42,913 [pool-610-thread-1] INFO  storage.RaftStorageDirectory (RaftStorageDirectoryImpl.java:analyzeStorage(137)) - The storage directory /home/runner/work/ozone/ozone/hadoop-ozone/integration-test/target/test-dir/MiniOzoneClusterImpl-62525788-12f1-42f6-8834-316215afea77/datanode-3/data/ratis/806defe6-91a0-4966-ac34-79979d135bfe does not exist. Creating ...
2023-01-10 01:13:42,914 [pool-610-thread-1] INFO  storage.RaftStorageDirectory (RaftStorageDirectoryImpl.java:tryLock(231)) - Lock on /home/runner/work/ozone/ozone/hadoop-ozone/integration-test/target/test-dir/MiniOzoneClusterImpl-62525788-12f1-42f6-8834-316215afea77/datanode-3/data/ratis/806defe6-91a0-4966-ac34-79979d135bfe/in_use.lock acquired by nodename 10631@fv-az353-623
2023-01-10 01:13:42,915 [pool-610-thread-1] INFO  storage.RaftStorage (RaftStorageImpl.java:format(96)) - Storage directory /home/runner/work/ozone/ozone/hadoop-ozone/integration-test/target/test-dir/MiniOzoneClusterImpl-62525788-12f1-42f6-8834-316215afea77/datanode-3/data/ratis/806defe6-91a0-4966-ac34-79979d135bfe has been successfully formatted.
2023-01-10 01:13:42,916 [pool-610-thread-1] INFO  ratis.ContainerStateMachine (ContainerStateMachine.java:loadSnapshot(240)) - group-79979D135BFE: The snapshot info is null. Setting the last applied indexto:(t:0, i:~)
2023-01-10 01:13:42,917 [pool-610-thread-1] INFO  server.RaftServerConfigKeys (ConfUtils.java:logGet(46)) - raft.server.log.use.memory = false (default)
2023-01-10 01:13:42,917 [pool-610-thread-1] INFO  server.RaftServerConfigKeys (ConfUtils.java:logGet(46)) - raft.server.log.purge.gap = 1000000 (custom)
2023-01-10 01:13:42,917 [pool-610-thread-1] INFO  server.RaftServerConfigKeys (ConfUtils.java:logGet(46)) - raft.server.log.appender.buffer.byte-limit = 33554432 (custom)
2023-01-10 01:13:42,918 [pool-610-thread-1] INFO  server.RaftServerConfigKeys (ConfUtils.java:logGet(46)) - raft.server.log.statemachine.data.read.timeout = 1000ms (default)
2023-01-10 01:13:42,918 [pool-610-thread-1] INFO  server.RaftServerConfigKeys (ConfUtils.java:logGet(46)) - raft.server.log.purge.preservation.log.num = 0 (default)
2023-01-10 01:13:42,918 [pool-610-thread-1] INFO  server.RaftServerConfigKeys (ConfUtils.java:logGet(46)) - raft.server.log.segment.size.max = 1048576 (custom)
2023-01-10 01:13:42,918 [pool-610-thread-1] INFO  server.RaftServerConfigKeys (ConfUtils.java:logGet(46)) - raft.server.log.segment.cache.num.max = 2 (custom)
2023-01-10 01:13:42,918 [pool-610-thread-1] INFO  server.RaftServerConfigKeys (ConfUtils.java:logGet(46)) - raft.server.log.segment.cache.size.max = 200MB (=209715200) (default)
2023-01-10 01:13:42,918 [pool-610-thread-1] INFO  segmented.SegmentedRaftLogWorker (SegmentedRaftLogWorker.java:<init>(189)) - new afa38d33-fc19-42e5-bc19-641228a4898b@group-79979D135BFE-SegmentedRaftLogWorker for RaftStorageImpl:Storage Directory /home/runner/work/ozone/ozone/hadoop-ozone/integration-test/target/test-dir/MiniOzoneClusterImpl-62525788-12f1-42f6-8834-316215afea77/datanode-3/data/ratis/806defe6-91a0-4966-ac34-79979d135bfe
2023-01-10 01:13:42,918 [pool-610-thread-1] INFO  server.RaftServerConfigKeys (ConfUtils.java:logGet(46)) - raft.server.log.queue.byte-limit = 4294967296 (custom)
2023-01-10 01:13:42,918 [pool-610-thread-1] INFO  server.RaftServerConfigKeys (ConfUtils.java:logGet(46)) - raft.server.log.queue.element-limit = 1024 (custom)
2023-01-10 01:13:42,918 [pool-610-thread-1] INFO  server.RaftServerConfigKeys (ConfUtils.java:logGet(46)) - raft.server.log.segment.size.max = 1048576 (custom)
2023-01-10 01:13:42,918 [pool-610-thread-1] INFO  server.RaftServerConfigKeys (ConfUtils.java:logGet(46)) - raft.server.log.preallocated.size = 16384 (custom)
2023-01-10 01:13:42,919 [pool-610-thread-1] INFO  server.RaftServerConfigKeys (ConfUtils.java:logGet(46)) - raft.server.log.force.sync.num = 128 (default)
2023-01-10 01:13:42,919 [pool-610-thread-1] INFO  server.RaftServerConfigKeys (ConfUtils.java:logGet(46)) - raft.server.log.statemachine.data.sync = true (default)
2023-01-10 01:13:42,919 [pool-610-thread-1] INFO  server.RaftServerConfigKeys (ConfUtils.java:logGet(46)) - raft.server.log.statemachine.data.sync.timeout = 10s (default)
2023-01-10 01:13:42,919 [pool-610-thread-1] INFO  server.RaftServerConfigKeys (ConfUtils.java:logGet(46)) - raft.server.log.statemachine.data.sync.timeout.retry = -1 (default)
2023-01-10 01:13:42,919 [pool-610-thread-1] INFO  server.RaftServerConfigKeys (ConfUtils.java:logGet(46)) - raft.server.log.write.buffer.size = 1048576 (custom)
2023-01-10 01:13:42,920 [pool-610-thread-1] INFO  server.RaftServerConfigKeys (ConfUtils.java:logGet(46)) - raft.server.log.appender.buffer.byte-limit = 33554432 (custom)
2023-01-10 01:13:42,924 [pool-610-thread-1] INFO  server.RaftServerConfigKeys (ConfUtils.java:logGet(46)) - raft.server.log.unsafe-flush.enabled = false (default)
2023-01-10 01:13:42,924 [pool-610-thread-1] INFO  server.RaftServerConfigKeys (ConfUtils.java:logGet(46)) - raft.server.log.async-flush.enabled = false (default)
2023-01-10 01:13:42,924 [pool-610-thread-1] INFO  server.RaftServerConfigKeys (ConfUtils.java:logGet(46)) - raft.server.log.statemachine.data.caching.enabled = true (custom)
2023-01-10 01:13:42,925 [pool-610-thread-1] INFO  segmented.SegmentedRaftLogWorker (SegmentedRaftLogWorker.java:lambda$new$0(135)) - afa38d33-fc19-42e5-bc19-641228a4898b@group-79979D135BFE-SegmentedRaftLogWorker: flushIndex: setUnconditionally 0 -> -1
2023-01-10 01:13:42,925 [pool-610-thread-1] INFO  segmented.SegmentedRaftLogWorker (SegmentedRaftLogWorker.java:lambda$new$0(135)) - afa38d33-fc19-42e5-bc19-641228a4898b@group-79979D135BFE-SegmentedRaftLogWorker: safeCacheEvictIndex: setUnconditionally 0 -> -1
2023-01-10 01:13:42,925 [pool-610-thread-1] INFO  server.RaftServer$Division (RaftServerImpl.java:start(334)) - afa38d33-fc19-42e5-bc19-641228a4898b@group-79979D135BFE: start as a follower, conf=-1: peers:[755113df-b2d2-4f4d-a016-da6f7eba54ac|rpc:10.1.0.24:40991|dataStream:10.1.0.24:38909|priority:0|startupRole:FOLLOWER, 498755a8-f2f1-47a5-bb38-b65b10b21bcc|rpc:10.1.0.24:40949|dataStream:10.1.0.24:39249|priority:1|startupRole:FOLLOWER, afa38d33-fc19-42e5-bc19-641228a4898b|rpc:10.1.0.24:37195|dataStream:10.1.0.24:33715|priority:0|startupRole:FOLLOWER]|listeners:[], old=null
2023-01-10 01:13:42,925 [pool-610-thread-1] INFO  server.RaftServer$Division (RaftServerImpl.java:setRole(321)) - afa38d33-fc19-42e5-bc19-641228a4898b@group-79979D135BFE: changes role from      null to FOLLOWER at term 0 for startAsFollower
2023-01-10 01:13:42,925 [pool-610-thread-1] INFO  impl.RoleInfo (RoleInfo.java:updateAndGet(139)) - afa38d33-fc19-42e5-bc19-641228a4898b: start afa38d33-fc19-42e5-bc19-641228a4898b@group-79979D135BFE-FollowerState
2023-01-10 01:13:42,925 [pool-610-thread-1] INFO  util.JmxRegister (JmxRegister.java:tryRegister(44)) - Successfully registered JMX Bean with object name Ratis:service=RaftServer,group=group-79979D135BFE,id=afa38d33-fc19-42e5-bc19-641228a4898b
2023-01-10 01:13:42,925 [afa38d33-fc19-42e5-bc19-641228a4898b@group-79979D135BFE-FollowerState] INFO  server.RaftServerConfigKeys (ConfUtils.java:logFallback(53)) - raft.server.rpc.first-election.timeout.min = 5s (fallback to raft.server.rpc.timeout.min)
2023-01-10 01:13:42,925 [pool-610-thread-1] INFO  server.RaftServerConfigKeys (ConfUtils.java:logGet(46)) - raft.server.snapshot.auto.trigger.enabled = true (custom)
2023-01-10 01:13:42,925 [afa38d33-fc19-42e5-bc19-641228a4898b@group-79979D135BFE-FollowerState] INFO  server.RaftServerConfigKeys (ConfUtils.java:logFallback(53)) - raft.server.rpc.first-election.timeout.max = 5200ms (fallback to raft.server.rpc.timeout.max)
2023-01-10 01:13:42,925 [pool-610-thread-1] INFO  server.RaftServerConfigKeys (ConfUtils.java:logGet(46)) - raft.server.snapshot.auto.trigger.threshold = 10000 (custom)
2023-01-10 01:13:42,925 [pool-610-thread-1] INFO  server.RaftServerConfigKeys (ConfUtils.java:logGet(46)) - raft.server.snapshot.retention.file.num = 5 (custom)
2023-01-10 01:13:42,926 [pool-610-thread-1] INFO  server.RaftServerConfigKeys (ConfUtils.java:logGet(46)) - raft.server.log.purge.upto.snapshot.index = false (default)
2023-01-10 01:13:42,926 [Command processor thread] INFO  ratis.XceiverServerRatis (XceiverServerRatis.java:addGroup(806)) - Created group PipelineID=806defe6-91a0-4966-ac34-79979d135bfe
2023-01-10 01:13:42,936 [grpc-default-executor-0] INFO  server.RaftServer (RaftServerProxy.java:addNew(96)) - 755113df-b2d2-4f4d-a016-da6f7eba54ac: addNew group-79979D135BFE:[755113df-b2d2-4f4d-a016-da6f7eba54ac|rpc:10.1.0.24:40991|dataStream:10.1.0.24:38909|priority:0|startupRole:FOLLOWER, 498755a8-f2f1-47a5-bb38-b65b10b21bcc|rpc:10.1.0.24:40949|dataStream:10.1.0.24:39249|priority:1|startupRole:FOLLOWER, afa38d33-fc19-42e5-bc19-641228a4898b|rpc:10.1.0.24:37195|dataStream:10.1.0.24:33715|priority:0|startupRole:FOLLOWER] returns group-79979D135BFE:java.util.concurrent.CompletableFuture@e927d2a[Not completed]
2023-01-10 01:13:42,938 [pool-656-thread-1] INFO  server.RaftServer$Division (RaftServerImpl.java:<init>(195)) - 755113df-b2d2-4f4d-a016-da6f7eba54ac: new RaftServerImpl for group-79979D135BFE:[755113df-b2d2-4f4d-a016-da6f7eba54ac|rpc:10.1.0.24:40991|dataStream:10.1.0.24:38909|priority:0|startupRole:FOLLOWER, 498755a8-f2f1-47a5-bb38-b65b10b21bcc|rpc:10.1.0.24:40949|dataStream:10.1.0.24:39249|priority:1|startupRole:FOLLOWER, afa38d33-fc19-42e5-bc19-641228a4898b|rpc:10.1.0.24:37195|dataStream:10.1.0.24:33715|priority:0|startupRole:FOLLOWER] with ContainerStateMachine:uninitialized
2023-01-10 01:13:42,938 [pool-656-thread-1] INFO  server.RaftServerConfigKeys (ConfUtils.java:logGet(46)) - raft.server.rpc.timeout.min = 5s (custom)
2023-01-10 01:13:42,938 [pool-656-thread-1] INFO  server.RaftServerConfigKeys (ConfUtils.java:logGet(46)) - raft.server.rpc.timeout.max = 5200ms (custom)
2023-01-10 01:13:42,938 [pool-656-thread-1] INFO  server.RaftServerConfigKeys (ConfUtils.java:logGet(46)) - raft.server.rpc.sleep.time = 25ms (default)
2023-01-10 01:13:42,938 [pool-656-thread-1] INFO  server.RaftServerConfigKeys (ConfUtils.java:logGet(46)) - raft.server.rpc.slowness.timeout = 300s (custom)
2023-01-10 01:13:42,938 [pool-656-thread-1] INFO  server.RaftServerConfigKeys (ConfUtils.java:logGet(46)) - raft.server.leaderelection.leader.step-down.wait-time = 10s (default)
2023-01-10 01:13:42,938 [pool-656-thread-1] INFO  server.RaftServerConfigKeys (ConfUtils.java:logGet(46)) - raft.server.sleep.deviation.threshold = 300ms (default)
2023-01-10 01:13:42,938 [pool-656-thread-1] INFO  server.RaftServer$Division (ServerState.java:<init>(118)) - 755113df-b2d2-4f4d-a016-da6f7eba54ac@group-79979D135BFE: ConfigurationManager, init=-1: peers:[755113df-b2d2-4f4d-a016-da6f7eba54ac|rpc:10.1.0.24:40991|dataStream:10.1.0.24:38909|priority:0|startupRole:FOLLOWER, 498755a8-f2f1-47a5-bb38-b65b10b21bcc|rpc:10.1.0.24:40949|dataStream:10.1.0.24:39249|priority:1|startupRole:FOLLOWER, afa38d33-fc19-42e5-bc19-641228a4898b|rpc:10.1.0.24:37195|dataStream:10.1.0.24:33715|priority:0|startupRole:FOLLOWER]|listeners:[], old=null, confs=<EMPTY_MAP>
2023-01-10 01:13:42,938 [pool-656-thread-1] INFO  server.RaftServerConfigKeys (ConfUtils.java:logGet(46)) - raft.server.storage.dir = [/home/runner/work/ozone/ozone/hadoop-ozone/integration-test/target/test-dir/MiniOzoneClusterImpl-62525788-12f1-42f6-8834-316215afea77/datanode-5/data/ratis] (custom)
2023-01-10 01:13:42,938 [pool-656-thread-1] INFO  server.RaftServerConfigKeys (ConfUtils.java:logGet(46)) - raft.server.log.corruption.policy = EXCEPTION (default)
2023-01-10 01:13:42,938 [pool-656-thread-1] INFO  server.RaftServerConfigKeys (ConfUtils.java:logGet(46)) - raft.server.storage.free-space.min = 0MB (=0) (default)
2023-01-10 01:13:42,938 [pool-656-thread-1] INFO  server.RaftServerConfigKeys (ConfUtils.java:logGet(46)) - raft.server.notification.no-leader.timeout = 300s (custom)
2023-01-10 01:13:42,938 [pool-656-thread-1] INFO  server.RaftServerConfigKeys (ConfUtils.java:logGet(46)) - raft.server.retrycache.expirytime = 600000ms (custom)
2023-01-10 01:13:42,938 [pool-656-thread-1] INFO  server.RaftServerConfigKeys (ConfUtils.java:logGet(46)) - raft.server.retrycache.statistics.expirytime = 100μs (default)
2023-01-10 01:13:42,939 [pool-656-thread-1] INFO  server.RaftServerConfigKeys (ConfUtils.java:logGet(46)) - raft.server.log.appender.install.snapshot.enabled = false (custom)
2023-01-10 01:13:42,939 [pool-656-thread-1] INFO  server.RaftServerConfigKeys (ConfUtils.java:logGet(46)) - raft.server.threadpool.server.cached = true (default)
2023-01-10 01:13:42,939 [pool-656-thread-1] INFO  server.RaftServerConfigKeys (ConfUtils.java:logGet(46)) - raft.server.threadpool.server.size = 0 (default)
2023-01-10 01:13:42,939 [pool-656-thread-1] INFO  server.RaftServerConfigKeys (ConfUtils.java:logGet(46)) - raft.server.threadpool.client.cached = true (default)
2023-01-10 01:13:42,939 [pool-656-thread-1] INFO  server.RaftServerConfigKeys (ConfUtils.java:logGet(46)) - raft.server.threadpool.client.size = 0 (default)
2023-01-10 01:13:42,939 [pool-656-thread-1] INFO  storage.RaftStorageDirectory (RaftStorageDirectoryImpl.java:analyzeStorage(137)) - The storage directory /home/runner/work/ozone/ozone/hadoop-ozone/integration-test/target/test-dir/MiniOzoneClusterImpl-62525788-12f1-42f6-8834-316215afea77/datanode-5/data/ratis/806defe6-91a0-4966-ac34-79979d135bfe does not exist. Creating ...
2023-01-10 01:13:42,940 [pool-656-thread-1] INFO  storage.RaftStorageDirectory (RaftStorageDirectoryImpl.java:tryLock(231)) - Lock on /home/runner/work/ozone/ozone/hadoop-ozone/integration-test/target/test-dir/MiniOzoneClusterImpl-62525788-12f1-42f6-8834-316215afea77/datanode-5/data/ratis/806defe6-91a0-4966-ac34-79979d135bfe/in_use.lock acquired by nodename 10631@fv-az353-623
2023-01-10 01:13:42,942 [pool-656-thread-1] INFO  storage.RaftStorage (RaftStorageImpl.java:format(96)) - Storage directory /home/runner/work/ozone/ozone/hadoop-ozone/integration-test/target/test-dir/MiniOzoneClusterImpl-62525788-12f1-42f6-8834-316215afea77/datanode-5/data/ratis/806defe6-91a0-4966-ac34-79979d135bfe has been successfully formatted.
2023-01-10 01:13:42,943 [pool-656-thread-1] INFO  ratis.ContainerStateMachine (ContainerStateMachine.java:loadSnapshot(240)) - group-79979D135BFE: The snapshot info is null. Setting the last applied indexto:(t:0, i:~)
2023-01-10 01:13:42,943 [pool-656-thread-1] INFO  server.RaftServerConfigKeys (ConfUtils.java:logGet(46)) - raft.server.log.use.memory = false (default)
2023-01-10 01:13:42,943 [pool-656-thread-1] INFO  server.RaftServerConfigKeys (ConfUtils.java:logGet(46)) - raft.server.log.purge.gap = 1000000 (custom)
2023-01-10 01:13:42,943 [pool-656-thread-1] INFO  server.RaftServerConfigKeys (ConfUtils.java:logGet(46)) - raft.server.log.appender.buffer.byte-limit = 33554432 (custom)
2023-01-10 01:13:42,943 [pool-656-thread-1] INFO  server.RaftServerConfigKeys (ConfUtils.java:logGet(46)) - raft.server.log.statemachine.data.read.timeout = 1000ms (default)
2023-01-10 01:13:42,944 [pool-656-thread-1] INFO  server.RaftServerConfigKeys (ConfUtils.java:logGet(46)) - raft.server.log.purge.preservation.log.num = 0 (default)
2023-01-10 01:13:42,944 [pool-656-thread-1] INFO  server.RaftServerConfigKeys (ConfUtils.java:logGet(46)) - raft.server.log.segment.size.max = 1048576 (custom)
2023-01-10 01:13:42,944 [pool-656-thread-1] INFO  server.RaftServerConfigKeys (ConfUtils.java:logGet(46)) - raft.server.log.segment.cache.num.max = 2 (custom)
2023-01-10 01:13:42,944 [pool-656-thread-1] INFO  server.RaftServerConfigKeys (ConfUtils.java:logGet(46)) - raft.server.log.segment.cache.size.max = 200MB (=209715200) (default)
2023-01-10 01:13:42,944 [pool-656-thread-1] INFO  segmented.SegmentedRaftLogWorker (SegmentedRaftLogWorker.java:<init>(189)) - new 755113df-b2d2-4f4d-a016-da6f7eba54ac@group-79979D135BFE-SegmentedRaftLogWorker for RaftStorageImpl:Storage Directory /home/runner/work/ozone/ozone/hadoop-ozone/integration-test/target/test-dir/MiniOzoneClusterImpl-62525788-12f1-42f6-8834-316215afea77/datanode-5/data/ratis/806defe6-91a0-4966-ac34-79979d135bfe
2023-01-10 01:13:42,944 [pool-656-thread-1] INFO  server.RaftServerConfigKeys (ConfUtils.java:logGet(46)) - raft.server.log.queue.byte-limit = 4294967296 (custom)
2023-01-10 01:13:42,944 [pool-656-thread-1] INFO  server.RaftServerConfigKeys (ConfUtils.java:logGet(46)) - raft.server.log.queue.element-limit = 1024 (custom)
2023-01-10 01:13:42,946 [pool-656-thread-1] INFO  server.RaftServerConfigKeys (ConfUtils.java:logGet(46)) - raft.server.log.segment.size.max = 1048576 (custom)
2023-01-10 01:13:42,946 [pool-656-thread-1] INFO  server.RaftServerConfigKeys (ConfUtils.java:logGet(46)) - raft.server.log.preallocated.size = 16384 (custom)
2023-01-10 01:13:42,946 [pool-656-thread-1] INFO  server.RaftServerConfigKeys (ConfUtils.java:logGet(46)) - raft.server.log.force.sync.num = 128 (default)
2023-01-10 01:13:42,946 [pool-656-thread-1] INFO  server.RaftServerConfigKeys (ConfUtils.java:logGet(46)) - raft.server.log.statemachine.data.sync = true (default)
2023-01-10 01:13:42,946 [pool-656-thread-1] INFO  server.RaftServerConfigKeys (ConfUtils.java:logGet(46)) - raft.server.log.statemachine.data.sync.timeout = 10s (default)
2023-01-10 01:13:42,946 [pool-656-thread-1] INFO  server.RaftServerConfigKeys (ConfUtils.java:logGet(46)) - raft.server.log.statemachine.data.sync.timeout.retry = -1 (default)
2023-01-10 01:13:42,947 [pool-656-thread-1] INFO  server.RaftServerConfigKeys (ConfUtils.java:logGet(46)) - raft.server.log.write.buffer.size = 1048576 (custom)
2023-01-10 01:13:42,947 [pool-656-thread-1] INFO  server.RaftServerConfigKeys (ConfUtils.java:logGet(46)) - raft.server.log.appender.buffer.byte-limit = 33554432 (custom)
2023-01-10 01:13:42,952 [pool-656-thread-1] INFO  server.RaftServerConfigKeys (ConfUtils.java:logGet(46)) - raft.server.log.unsafe-flush.enabled = false (default)
2023-01-10 01:13:42,952 [pool-656-thread-1] INFO  server.RaftServerConfigKeys (ConfUtils.java:logGet(46)) - raft.server.log.async-flush.enabled = false (default)
2023-01-10 01:13:42,952 [pool-656-thread-1] INFO  server.RaftServerConfigKeys (ConfUtils.java:logGet(46)) - raft.server.log.statemachine.data.caching.enabled = true (custom)
2023-01-10 01:13:42,952 [pool-656-thread-1] INFO  segmented.SegmentedRaftLogWorker (SegmentedRaftLogWorker.java:lambda$new$0(135)) - 755113df-b2d2-4f4d-a016-da6f7eba54ac@group-79979D135BFE-SegmentedRaftLogWorker: flushIndex: setUnconditionally 0 -> -1
2023-01-10 01:13:42,952 [pool-656-thread-1] INFO  segmented.SegmentedRaftLogWorker (SegmentedRaftLogWorker.java:lambda$new$0(135)) - 755113df-b2d2-4f4d-a016-da6f7eba54ac@group-79979D135BFE-SegmentedRaftLogWorker: safeCacheEvictIndex: setUnconditionally 0 -> -1
2023-01-10 01:13:42,953 [pool-656-thread-1] INFO  server.RaftServer$Division (RaftServerImpl.java:start(334)) - 755113df-b2d2-4f4d-a016-da6f7eba54ac@group-79979D135BFE: start as a follower, conf=-1: peers:[755113df-b2d2-4f4d-a016-da6f7eba54ac|rpc:10.1.0.24:40991|dataStream:10.1.0.24:38909|priority:0|startupRole:FOLLOWER, 498755a8-f2f1-47a5-bb38-b65b10b21bcc|rpc:10.1.0.24:40949|dataStream:10.1.0.24:39249|priority:1|startupRole:FOLLOWER, afa38d33-fc19-42e5-bc19-641228a4898b|rpc:10.1.0.24:37195|dataStream:10.1.0.24:33715|priority:0|startupRole:FOLLOWER]|listeners:[], old=null
2023-01-10 01:13:42,953 [pool-656-thread-1] INFO  server.RaftServer$Division (RaftServerImpl.java:setRole(321)) - 755113df-b2d2-4f4d-a016-da6f7eba54ac@group-79979D135BFE: changes role from      null to FOLLOWER at term 0 for startAsFollower
2023-01-10 01:13:42,953 [pool-656-thread-1] INFO  impl.RoleInfo (RoleInfo.java:updateAndGet(139)) - 755113df-b2d2-4f4d-a016-da6f7eba54ac: start 755113df-b2d2-4f4d-a016-da6f7eba54ac@group-79979D135BFE-FollowerState
2023-01-10 01:13:42,953 [755113df-b2d2-4f4d-a016-da6f7eba54ac@group-79979D135BFE-FollowerState] INFO  server.RaftServerConfigKeys (ConfUtils.java:logFallback(53)) - raft.server.rpc.first-election.timeout.min = 5s (fallback to raft.server.rpc.timeout.min)
2023-01-10 01:13:42,953 [755113df-b2d2-4f4d-a016-da6f7eba54ac@group-79979D135BFE-FollowerState] INFO  server.RaftServerConfigKeys (ConfUtils.java:logFallback(53)) - raft.server.rpc.first-election.timeout.max = 5200ms (fallback to raft.server.rpc.timeout.max)
2023-01-10 01:13:42,953 [pool-656-thread-1] INFO  util.JmxRegister (JmxRegister.java:tryRegister(44)) - Successfully registered JMX Bean with object name Ratis:service=RaftServer,group=group-79979D135BFE,id=755113df-b2d2-4f4d-a016-da6f7eba54ac
2023-01-10 01:13:42,953 [pool-656-thread-1] INFO  server.RaftServerConfigKeys (ConfUtils.java:logGet(46)) - raft.server.snapshot.auto.trigger.enabled = true (custom)
2023-01-10 01:13:42,953 [pool-656-thread-1] INFO  server.RaftServerConfigKeys (ConfUtils.java:logGet(46)) - raft.server.snapshot.auto.trigger.threshold = 10000 (custom)
2023-01-10 01:13:42,953 [pool-656-thread-1] INFO  server.RaftServerConfigKeys (ConfUtils.java:logGet(46)) - raft.server.snapshot.retention.file.num = 5 (custom)
2023-01-10 01:13:42,953 [pool-656-thread-1] INFO  server.RaftServerConfigKeys (ConfUtils.java:logGet(46)) - raft.server.log.purge.upto.snapshot.index = false (default)
2023-01-10 01:13:42,967 [grpc-default-executor-0] INFO  server.RaftServer (RaftServerProxy.java:addNew(96)) - 498755a8-f2f1-47a5-bb38-b65b10b21bcc: addNew group-79979D135BFE:[755113df-b2d2-4f4d-a016-da6f7eba54ac|rpc:10.1.0.24:40991|dataStream:10.1.0.24:38909|priority:0|startupRole:FOLLOWER, 498755a8-f2f1-47a5-bb38-b65b10b21bcc|rpc:10.1.0.24:40949|dataStream:10.1.0.24:39249|priority:1|startupRole:FOLLOWER, afa38d33-fc19-42e5-bc19-641228a4898b|rpc:10.1.0.24:37195|dataStream:10.1.0.24:33715|priority:0|startupRole:FOLLOWER] returns group-79979D135BFE:java.util.concurrent.CompletableFuture@4f911129[Not completed]
2023-01-10 01:13:42,968 [pool-633-thread-1] INFO  server.RaftServer$Division (RaftServerImpl.java:<init>(195)) - 498755a8-f2f1-47a5-bb38-b65b10b21bcc: new RaftServerImpl for group-79979D135BFE:[755113df-b2d2-4f4d-a016-da6f7eba54ac|rpc:10.1.0.24:40991|dataStream:10.1.0.24:38909|priority:0|startupRole:FOLLOWER, 498755a8-f2f1-47a5-bb38-b65b10b21bcc|rpc:10.1.0.24:40949|dataStream:10.1.0.24:39249|priority:1|startupRole:FOLLOWER, afa38d33-fc19-42e5-bc19-641228a4898b|rpc:10.1.0.24:37195|dataStream:10.1.0.24:33715|priority:0|startupRole:FOLLOWER] with ContainerStateMachine:uninitialized
2023-01-10 01:13:42,968 [pool-633-thread-1] INFO  server.RaftServerConfigKeys (ConfUtils.java:logGet(46)) - raft.server.rpc.timeout.min = 5s (custom)
2023-01-10 01:13:42,968 [pool-633-thread-1] INFO  server.RaftServerConfigKeys (ConfUtils.java:logGet(46)) - raft.server.rpc.timeout.max = 5200ms (custom)
2023-01-10 01:13:42,968 [pool-633-thread-1] INFO  server.RaftServerConfigKeys (ConfUtils.java:logGet(46)) - raft.server.rpc.sleep.time = 25ms (default)
2023-01-10 01:13:42,968 [pool-633-thread-1] INFO  server.RaftServerConfigKeys (ConfUtils.java:logGet(46)) - raft.server.rpc.slowness.timeout = 300s (custom)
2023-01-10 01:13:42,968 [pool-633-thread-1] INFO  server.RaftServerConfigKeys (ConfUtils.java:logGet(46)) - raft.server.leaderelection.leader.step-down.wait-time = 10s (default)
2023-01-10 01:13:42,968 [pool-633-thread-1] INFO  server.RaftServerConfigKeys (ConfUtils.java:logGet(46)) - raft.server.sleep.deviation.threshold = 300ms (default)
2023-01-10 01:13:42,968 [pool-633-thread-1] INFO  server.RaftServer$Division (ServerState.java:<init>(118)) - 498755a8-f2f1-47a5-bb38-b65b10b21bcc@group-79979D135BFE: ConfigurationManager, init=-1: peers:[755113df-b2d2-4f4d-a016-da6f7eba54ac|rpc:10.1.0.24:40991|dataStream:10.1.0.24:38909|priority:0|startupRole:FOLLOWER, 498755a8-f2f1-47a5-bb38-b65b10b21bcc|rpc:10.1.0.24:40949|dataStream:10.1.0.24:39249|priority:1|startupRole:FOLLOWER, afa38d33-fc19-42e5-bc19-641228a4898b|rpc:10.1.0.24:37195|dataStream:10.1.0.24:33715|priority:0|startupRole:FOLLOWER]|listeners:[], old=null, confs=<EMPTY_MAP>
2023-01-10 01:13:42,969 [pool-633-thread-1] INFO  server.RaftServerConfigKeys (ConfUtils.java:logGet(46)) - raft.server.storage.dir = [/home/runner/work/ozone/ozone/hadoop-ozone/integration-test/target/test-dir/MiniOzoneClusterImpl-62525788-12f1-42f6-8834-316215afea77/datanode-4/data/ratis] (custom)
2023-01-10 01:13:42,969 [pool-633-thread-1] INFO  server.RaftServerConfigKeys (ConfUtils.java:logGet(46)) - raft.server.log.corruption.policy = EXCEPTION (default)
2023-01-10 01:13:42,969 [pool-633-thread-1] INFO  server.RaftServerConfigKeys (ConfUtils.java:logGet(46)) - raft.server.storage.free-space.min = 0MB (=0) (default)
2023-01-10 01:13:42,969 [pool-633-thread-1] INFO  server.RaftServerConfigKeys (ConfUtils.java:logGet(46)) - raft.server.notification.no-leader.timeout = 300s (custom)
2023-01-10 01:13:42,969 [pool-633-thread-1] INFO  server.RaftServerConfigKeys (ConfUtils.java:logGet(46)) - raft.server.retrycache.expirytime = 600000ms (custom)
2023-01-10 01:13:42,969 [pool-633-thread-1] INFO  server.RaftServerConfigKeys (ConfUtils.java:logGet(46)) - raft.server.retrycache.statistics.expirytime = 100μs (default)
2023-01-10 01:13:42,976 [pool-633-thread-1] INFO  server.RaftServerConfigKeys (ConfUtils.java:logGet(46)) - raft.server.log.appender.install.snapshot.enabled = false (custom)
2023-01-10 01:13:42,976 [pool-633-thread-1] INFO  server.RaftServerConfigKeys (ConfUtils.java:logGet(46)) - raft.server.threadpool.server.cached = true (default)
2023-01-10 01:13:42,976 [pool-633-thread-1] INFO  server.RaftServerConfigKeys (ConfUtils.java:logGet(46)) - raft.server.threadpool.server.size = 0 (default)
2023-01-10 01:13:42,976 [pool-633-thread-1] INFO  server.RaftServerConfigKeys (ConfUtils.java:logGet(46)) - raft.server.threadpool.client.cached = true (default)
2023-01-10 01:13:42,976 [pool-633-thread-1] INFO  server.RaftServerConfigKeys (ConfUtils.java:logGet(46)) - raft.server.threadpool.client.size = 0 (default)
2023-01-10 01:13:42,976 [pool-633-thread-1] INFO  storage.RaftStorageDirectory (RaftStorageDirectoryImpl.java:analyzeStorage(137)) - The storage directory /home/runner/work/ozone/ozone/hadoop-ozone/integration-test/target/test-dir/MiniOzoneClusterImpl-62525788-12f1-42f6-8834-316215afea77/datanode-4/data/ratis/806defe6-91a0-4966-ac34-79979d135bfe does not exist. Creating ...
2023-01-10 01:13:42,978 [pool-633-thread-1] INFO  storage.RaftStorageDirectory (RaftStorageDirectoryImpl.java:tryLock(231)) - Lock on /home/runner/work/ozone/ozone/hadoop-ozone/integration-test/target/test-dir/MiniOzoneClusterImpl-62525788-12f1-42f6-8834-316215afea77/datanode-4/data/ratis/806defe6-91a0-4966-ac34-79979d135bfe/in_use.lock acquired by nodename 10631@fv-az353-623
2023-01-10 01:13:42,979 [pool-633-thread-1] INFO  storage.RaftStorage (RaftStorageImpl.java:format(96)) - Storage directory /home/runner/work/ozone/ozone/hadoop-ozone/integration-test/target/test-dir/MiniOzoneClusterImpl-62525788-12f1-42f6-8834-316215afea77/datanode-4/data/ratis/806defe6-91a0-4966-ac34-79979d135bfe has been successfully formatted.
2023-01-10 01:13:42,981 [pool-633-thread-1] INFO  ratis.ContainerStateMachine (ContainerStateMachine.java:loadSnapshot(240)) - group-79979D135BFE: The snapshot info is null. Setting the last applied indexto:(t:0, i:~)
2023-01-10 01:13:42,981 [pool-633-thread-1] INFO  server.RaftServerConfigKeys (ConfUtils.java:logGet(46)) - raft.server.log.use.memory = false (default)
2023-01-10 01:13:42,981 [pool-633-thread-1] INFO  server.RaftServerConfigKeys (ConfUtils.java:logGet(46)) - raft.server.log.purge.gap = 1000000 (custom)
2023-01-10 01:13:42,981 [pool-633-thread-1] INFO  server.RaftServerConfigKeys (ConfUtils.java:logGet(46)) - raft.server.log.appender.buffer.byte-limit = 33554432 (custom)
2023-01-10 01:13:42,981 [pool-633-thread-1] INFO  server.RaftServerConfigKeys (ConfUtils.java:logGet(46)) - raft.server.log.statemachine.data.read.timeout = 1000ms (default)
2023-01-10 01:13:42,981 [pool-633-thread-1] INFO  server.RaftServerConfigKeys (ConfUtils.java:logGet(46)) - raft.server.log.purge.preservation.log.num = 0 (default)
2023-01-10 01:13:42,982 [pool-633-thread-1] INFO  server.RaftServerConfigKeys (ConfUtils.java:logGet(46)) - raft.server.log.segment.size.max = 1048576 (custom)
2023-01-10 01:13:42,982 [pool-633-thread-1] INFO  server.RaftServerConfigKeys (ConfUtils.java:logGet(46)) - raft.server.log.segment.cache.num.max = 2 (custom)
2023-01-10 01:13:42,982 [pool-633-thread-1] INFO  server.RaftServerConfigKeys (ConfUtils.java:logGet(46)) - raft.server.log.segment.cache.size.max = 200MB (=209715200) (default)
2023-01-10 01:13:42,982 [pool-633-thread-1] INFO  segmented.SegmentedRaftLogWorker (SegmentedRaftLogWorker.java:<init>(189)) - new 498755a8-f2f1-47a5-bb38-b65b10b21bcc@group-79979D135BFE-SegmentedRaftLogWorker for RaftStorageImpl:Storage Directory /home/runner/work/ozone/ozone/hadoop-ozone/integration-test/target/test-dir/MiniOzoneClusterImpl-62525788-12f1-42f6-8834-316215afea77/datanode-4/data/ratis/806defe6-91a0-4966-ac34-79979d135bfe
2023-01-10 01:13:42,982 [pool-633-thread-1] INFO  server.RaftServerConfigKeys (ConfUtils.java:logGet(46)) - raft.server.log.queue.byte-limit = 4294967296 (custom)
2023-01-10 01:13:42,982 [pool-633-thread-1] INFO  server.RaftServerConfigKeys (ConfUtils.java:logGet(46)) - raft.server.log.queue.element-limit = 1024 (custom)
2023-01-10 01:13:42,982 [pool-633-thread-1] INFO  server.RaftServerConfigKeys (ConfUtils.java:logGet(46)) - raft.server.log.segment.size.max = 1048576 (custom)
2023-01-10 01:13:42,982 [pool-633-thread-1] INFO  server.RaftServerConfigKeys (ConfUtils.java:logGet(46)) - raft.server.log.preallocated.size = 16384 (custom)
2023-01-10 01:13:42,982 [pool-633-thread-1] INFO  server.RaftServerConfigKeys (ConfUtils.java:logGet(46)) - raft.server.log.force.sync.num = 128 (default)
2023-01-10 01:13:42,982 [pool-633-thread-1] INFO  server.RaftServerConfigKeys (ConfUtils.java:logGet(46)) - raft.server.log.statemachine.data.sync = true (default)
2023-01-10 01:13:42,982 [pool-633-thread-1] INFO  server.RaftServerConfigKeys (ConfUtils.java:logGet(46)) - raft.server.log.statemachine.data.sync.timeout = 10s (default)
2023-01-10 01:13:42,982 [pool-633-thread-1] INFO  server.RaftServerConfigKeys (ConfUtils.java:logGet(46)) - raft.server.log.statemachine.data.sync.timeout.retry = -1 (default)
2023-01-10 01:13:42,983 [pool-633-thread-1] INFO  server.RaftServerConfigKeys (ConfUtils.java:logGet(46)) - raft.server.log.write.buffer.size = 1048576 (custom)
2023-01-10 01:13:42,983 [pool-633-thread-1] INFO  server.RaftServerConfigKeys (ConfUtils.java:logGet(46)) - raft.server.log.appender.buffer.byte-limit = 33554432 (custom)
2023-01-10 01:13:43,088 [pool-633-thread-1] INFO  server.RaftServerConfigKeys (ConfUtils.java:logGet(46)) - raft.server.log.unsafe-flush.enabled = false (default)
2023-01-10 01:13:43,088 [pool-633-thread-1] INFO  server.RaftServerConfigKeys (ConfUtils.java:logGet(46)) - raft.server.log.async-flush.enabled = false (default)
2023-01-10 01:13:43,088 [pool-633-thread-1] INFO  server.RaftServerConfigKeys (ConfUtils.java:logGet(46)) - raft.server.log.statemachine.data.caching.enabled = true (custom)
2023-01-10 01:13:43,088 [pool-633-thread-1] INFO  segmented.SegmentedRaftLogWorker (SegmentedRaftLogWorker.java:lambda$new$0(135)) - 498755a8-f2f1-47a5-bb38-b65b10b21bcc@group-79979D135BFE-SegmentedRaftLogWorker: flushIndex: setUnconditionally 0 -> -1
2023-01-10 01:13:43,089 [pool-633-thread-1] INFO  segmented.SegmentedRaftLogWorker (SegmentedRaftLogWorker.java:lambda$new$0(135)) - 498755a8-f2f1-47a5-bb38-b65b10b21bcc@group-79979D135BFE-SegmentedRaftLogWorker: safeCacheEvictIndex: setUnconditionally 0 -> -1
2023-01-10 01:13:43,089 [pool-633-thread-1] INFO  server.RaftServer$Division (RaftServerImpl.java:start(334)) - 498755a8-f2f1-47a5-bb38-b65b10b21bcc@group-79979D135BFE: start as a follower, conf=-1: peers:[755113df-b2d2-4f4d-a016-da6f7eba54ac|rpc:10.1.0.24:40991|dataStream:10.1.0.24:38909|priority:0|startupRole:FOLLOWER, 498755a8-f2f1-47a5-bb38-b65b10b21bcc|rpc:10.1.0.24:40949|dataStream:10.1.0.24:39249|priority:1|startupRole:FOLLOWER, afa38d33-fc19-42e5-bc19-641228a4898b|rpc:10.1.0.24:37195|dataStream:10.1.0.24:33715|priority:0|startupRole:FOLLOWER]|listeners:[], old=null
2023-01-10 01:13:43,089 [pool-633-thread-1] INFO  server.RaftServer$Division (RaftServerImpl.java:setRole(321)) - 498755a8-f2f1-47a5-bb38-b65b10b21bcc@group-79979D135BFE: changes role from      null to FOLLOWER at term 0 for startAsFollower
2023-01-10 01:13:43,089 [pool-633-thread-1] INFO  impl.RoleInfo (RoleInfo.java:updateAndGet(139)) - 498755a8-f2f1-47a5-bb38-b65b10b21bcc: start 498755a8-f2f1-47a5-bb38-b65b10b21bcc@group-79979D135BFE-FollowerState
2023-01-10 01:13:43,089 [498755a8-f2f1-47a5-bb38-b65b10b21bcc@group-79979D135BFE-FollowerState] INFO  server.RaftServerConfigKeys (ConfUtils.java:logFallback(53)) - raft.server.rpc.first-election.timeout.min = 5s (fallback to raft.server.rpc.timeout.min)
2023-01-10 01:13:43,089 [pool-633-thread-1] INFO  util.JmxRegister (JmxRegister.java:tryRegister(44)) - Successfully registered JMX Bean with object name Ratis:service=RaftServer,group=group-79979D135BFE,id=498755a8-f2f1-47a5-bb38-b65b10b21bcc
2023-01-10 01:13:43,089 [498755a8-f2f1-47a5-bb38-b65b10b21bcc@group-79979D135BFE-FollowerState] INFO  server.RaftServerConfigKeys (ConfUtils.java:logFallback(53)) - raft.server.rpc.first-election.timeout.max = 5200ms (fallback to raft.server.rpc.timeout.max)
2023-01-10 01:13:43,089 [pool-633-thread-1] INFO  server.RaftServerConfigKeys (ConfUtils.java:logGet(46)) - raft.server.snapshot.auto.trigger.enabled = true (custom)
2023-01-10 01:13:43,089 [pool-633-thread-1] INFO  server.RaftServerConfigKeys (ConfUtils.java:logGet(46)) - raft.server.snapshot.auto.trigger.threshold = 10000 (custom)
2023-01-10 01:13:43,089 [pool-633-thread-1] INFO  server.RaftServerConfigKeys (ConfUtils.java:logGet(46)) - raft.server.snapshot.retention.file.num = 5 (custom)
2023-01-10 01:13:43,090 [pool-633-thread-1] INFO  server.RaftServerConfigKeys (ConfUtils.java:logGet(46)) - raft.server.log.purge.upto.snapshot.index = false (default)
2023-01-10 01:13:43,095 [Command processor thread] INFO  commandhandler.CreatePipelineCommandHandler (CreatePipelineCommandHandler.java:handle(113)) - Created Pipeline RATIS THREE PipelineID=806defe6-91a0-4966-ac34-79979d135bfe.
2023-01-10 01:13:43,095 [Command processor thread] INFO  server.RaftServer (RaftServerProxy.java:addNew(96)) - afa38d33-fc19-42e5-bc19-641228a4898b: addNew group-899B3966D85D:[755113df-b2d2-4f4d-a016-da6f7eba54ac|rpc:10.1.0.24:40991|dataStream:10.1.0.24:38909|priority:0|startupRole:FOLLOWER, 498755a8-f2f1-47a5-bb38-b65b10b21bcc|rpc:10.1.0.24:40949|dataStream:10.1.0.24:39249|priority:0|startupRole:FOLLOWER, afa38d33-fc19-42e5-bc19-641228a4898b|rpc:10.1.0.24:37195|dataStream:10.1.0.24:33715|priority:1|startupRole:FOLLOWER] returns group-899B3966D85D:java.util.concurrent.CompletableFuture@7e1ed474[Not completed]
2023-01-10 01:13:43,096 [pool-610-thread-1] INFO  server.RaftServer$Division (RaftServerImpl.java:<init>(195)) - afa38d33-fc19-42e5-bc19-641228a4898b: new RaftServerImpl for group-899B3966D85D:[755113df-b2d2-4f4d-a016-da6f7eba54ac|rpc:10.1.0.24:40991|dataStream:10.1.0.24:38909|priority:0|startupRole:FOLLOWER, 498755a8-f2f1-47a5-bb38-b65b10b21bcc|rpc:10.1.0.24:40949|dataStream:10.1.0.24:39249|priority:0|startupRole:FOLLOWER, afa38d33-fc19-42e5-bc19-641228a4898b|rpc:10.1.0.24:37195|dataStream:10.1.0.24:33715|priority:1|startupRole:FOLLOWER] with ContainerStateMachine:uninitialized
2023-01-10 01:13:43,096 [pool-610-thread-1] INFO  server.RaftServerConfigKeys (ConfUtils.java:logGet(46)) - raft.server.rpc.timeout.min = 5s (custom)
2023-01-10 01:13:43,096 [pool-610-thread-1] INFO  server.RaftServerConfigKeys (ConfUtils.java:logGet(46)) - raft.server.rpc.timeout.max = 5200ms (custom)
2023-01-10 01:13:43,096 [pool-610-thread-1] INFO  server.RaftServerConfigKeys (ConfUtils.java:logGet(46)) - raft.server.rpc.sleep.time = 25ms (default)
2023-01-10 01:13:43,096 [pool-610-thread-1] INFO  server.RaftServerConfigKeys (ConfUtils.java:logGet(46)) - raft.server.rpc.slowness.timeout = 300s (custom)
2023-01-10 01:13:43,096 [pool-610-thread-1] INFO  server.RaftServerConfigKeys (ConfUtils.java:logGet(46)) - raft.server.leaderelection.leader.step-down.wait-time = 10s (default)
2023-01-10 01:13:43,096 [pool-610-thread-1] INFO  server.RaftServerConfigKeys (ConfUtils.java:logGet(46)) - raft.server.sleep.deviation.threshold = 300ms (default)
2023-01-10 01:13:43,096 [pool-610-thread-1] INFO  server.RaftServer$Division (ServerState.java:<init>(118)) - afa38d33-fc19-42e5-bc19-641228a4898b@group-899B3966D85D: ConfigurationManager, init=-1: peers:[755113df-b2d2-4f4d-a016-da6f7eba54ac|rpc:10.1.0.24:40991|dataStream:10.1.0.24:38909|priority:0|startupRole:FOLLOWER, 498755a8-f2f1-47a5-bb38-b65b10b21bcc|rpc:10.1.0.24:40949|dataStream:10.1.0.24:39249|priority:0|startupRole:FOLLOWER, afa38d33-fc19-42e5-bc19-641228a4898b|rpc:10.1.0.24:37195|dataStream:10.1.0.24:33715|priority:1|startupRole:FOLLOWER]|listeners:[], old=null, confs=<EMPTY_MAP>
2023-01-10 01:13:43,096 [pool-610-thread-1] INFO  server.RaftServerConfigKeys (ConfUtils.java:logGet(46)) - raft.server.storage.dir = [/home/runner/work/ozone/ozone/hadoop-ozone/integration-test/target/test-dir/MiniOzoneClusterImpl-62525788-12f1-42f6-8834-316215afea77/datanode-3/data/ratis] (custom)
2023-01-10 01:13:43,096 [pool-610-thread-1] INFO  server.RaftServerConfigKeys (ConfUtils.java:logGet(46)) - raft.server.log.corruption.policy = EXCEPTION (default)
2023-01-10 01:13:43,096 [pool-610-thread-1] INFO  server.RaftServerConfigKeys (ConfUtils.java:logGet(46)) - raft.server.storage.free-space.min = 0MB (=0) (default)
2023-01-10 01:13:43,096 [pool-610-thread-1] INFO  server.RaftServerConfigKeys (ConfUtils.java:logGet(46)) - raft.server.notification.no-leader.timeout = 300s (custom)
2023-01-10 01:13:43,096 [pool-610-thread-1] INFO  server.RaftServerConfigKeys (ConfUtils.java:logGet(46)) - raft.server.retrycache.expirytime = 600000ms (custom)
2023-01-10 01:13:43,096 [pool-610-thread-1] INFO  server.RaftServerConfigKeys (ConfUtils.java:logGet(46)) - raft.server.retrycache.statistics.expirytime = 100μs (default)
2023-01-10 01:13:43,097 [pool-610-thread-1] INFO  server.RaftServerConfigKeys (ConfUtils.java:logGet(46)) - raft.server.log.appender.install.snapshot.enabled = false (custom)
2023-01-10 01:13:43,097 [pool-610-thread-1] INFO  server.RaftServerConfigKeys (ConfUtils.java:logGet(46)) - raft.server.threadpool.server.cached = true (default)
2023-01-10 01:13:43,097 [pool-610-thread-1] INFO  server.RaftServerConfigKeys (ConfUtils.java:logGet(46)) - raft.server.threadpool.server.size = 0 (default)
2023-01-10 01:13:43,097 [pool-610-thread-1] INFO  server.RaftServerConfigKeys (ConfUtils.java:logGet(46)) - raft.server.threadpool.client.cached = true (default)
2023-01-10 01:13:43,097 [pool-610-thread-1] INFO  server.RaftServerConfigKeys (ConfUtils.java:logGet(46)) - raft.server.threadpool.client.size = 0 (default)
2023-01-10 01:13:43,097 [pool-610-thread-1] INFO  storage.RaftStorageDirectory (RaftStorageDirectoryImpl.java:analyzeStorage(137)) - The storage directory /home/runner/work/ozone/ozone/hadoop-ozone/integration-test/target/test-dir/MiniOzoneClusterImpl-62525788-12f1-42f6-8834-316215afea77/datanode-3/data/ratis/c224eb46-a506-4758-baab-899b3966d85d does not exist. Creating ...
2023-01-10 01:13:43,100 [pool-610-thread-1] INFO  storage.RaftStorageDirectory (RaftStorageDirectoryImpl.java:tryLock(231)) - Lock on /home/runner/work/ozone/ozone/hadoop-ozone/integration-test/target/test-dir/MiniOzoneClusterImpl-62525788-12f1-42f6-8834-316215afea77/datanode-3/data/ratis/c224eb46-a506-4758-baab-899b3966d85d/in_use.lock acquired by nodename 10631@fv-az353-623
2023-01-10 01:13:43,101 [pool-610-thread-1] INFO  storage.RaftStorage (RaftStorageImpl.java:format(96)) - Storage directory /home/runner/work/ozone/ozone/hadoop-ozone/integration-test/target/test-dir/MiniOzoneClusterImpl-62525788-12f1-42f6-8834-316215afea77/datanode-3/data/ratis/c224eb46-a506-4758-baab-899b3966d85d has been successfully formatted.
2023-01-10 01:13:43,101 [pool-610-thread-1] INFO  ratis.ContainerStateMachine (ContainerStateMachine.java:loadSnapshot(240)) - group-899B3966D85D: The snapshot info is null. Setting the last applied indexto:(t:0, i:~)
2023-01-10 01:13:43,101 [pool-610-thread-1] INFO  server.RaftServerConfigKeys (ConfUtils.java:logGet(46)) - raft.server.log.use.memory = false (default)
2023-01-10 01:13:43,101 [pool-610-thread-1] INFO  server.RaftServerConfigKeys (ConfUtils.java:logGet(46)) - raft.server.log.purge.gap = 1000000 (custom)
2023-01-10 01:13:43,101 [pool-610-thread-1] INFO  server.RaftServerConfigKeys (ConfUtils.java:logGet(46)) - raft.server.log.appender.buffer.byte-limit = 33554432 (custom)
2023-01-10 01:13:43,101 [pool-610-thread-1] INFO  server.RaftServerConfigKeys (ConfUtils.java:logGet(46)) - raft.server.log.statemachine.data.read.timeout = 1000ms (default)
2023-01-10 01:13:43,102 [pool-610-thread-1] INFO  server.RaftServerConfigKeys (ConfUtils.java:logGet(46)) - raft.server.log.purge.preservation.log.num = 0 (default)
2023-01-10 01:13:43,102 [pool-610-thread-1] INFO  server.RaftServerConfigKeys (ConfUtils.java:logGet(46)) - raft.server.log.segment.size.max = 1048576 (custom)
2023-01-10 01:13:43,102 [pool-610-thread-1] INFO  server.RaftServerConfigKeys (ConfUtils.java:logGet(46)) - raft.server.log.segment.cache.num.max = 2 (custom)
2023-01-10 01:13:43,102 [pool-610-thread-1] INFO  server.RaftServerConfigKeys (ConfUtils.java:logGet(46)) - raft.server.log.segment.cache.size.max = 200MB (=209715200) (default)
2023-01-10 01:13:43,102 [pool-610-thread-1] INFO  segmented.SegmentedRaftLogWorker (SegmentedRaftLogWorker.java:<init>(189)) - new afa38d33-fc19-42e5-bc19-641228a4898b@group-899B3966D85D-SegmentedRaftLogWorker for RaftStorageImpl:Storage Directory /home/runner/work/ozone/ozone/hadoop-ozone/integration-test/target/test-dir/MiniOzoneClusterImpl-62525788-12f1-42f6-8834-316215afea77/datanode-3/data/ratis/c224eb46-a506-4758-baab-899b3966d85d
2023-01-10 01:13:43,102 [pool-610-thread-1] INFO  server.RaftServerConfigKeys (ConfUtils.java:logGet(46)) - raft.server.log.queue.byte-limit = 4294967296 (custom)
2023-01-10 01:13:43,102 [pool-610-thread-1] INFO  server.RaftServerConfigKeys (ConfUtils.java:logGet(46)) - raft.server.log.queue.element-limit = 1024 (custom)
2023-01-10 01:13:43,102 [pool-610-thread-1] INFO  server.RaftServerConfigKeys (ConfUtils.java:logGet(46)) - raft.server.log.segment.size.max = 1048576 (custom)
2023-01-10 01:13:43,102 [pool-610-thread-1] INFO  server.RaftServerConfigKeys (ConfUtils.java:logGet(46)) - raft.server.log.preallocated.size = 16384 (custom)
2023-01-10 01:13:43,103 [pool-610-thread-1] INFO  server.RaftServerConfigKeys (ConfUtils.java:logGet(46)) - raft.server.log.force.sync.num = 128 (default)
2023-01-10 01:13:43,103 [pool-610-thread-1] INFO  server.RaftServerConfigKeys (ConfUtils.java:logGet(46)) - raft.server.log.statemachine.data.sync = true (default)
2023-01-10 01:13:43,103 [pool-610-thread-1] INFO  server.RaftServerConfigKeys (ConfUtils.java:logGet(46)) - raft.server.log.statemachine.data.sync.timeout = 10s (default)
2023-01-10 01:13:43,103 [pool-610-thread-1] INFO  server.RaftServerConfigKeys (ConfUtils.java:logGet(46)) - raft.server.log.statemachine.data.sync.timeout.retry = -1 (default)
2023-01-10 01:13:43,104 [pool-610-thread-1] INFO  server.RaftServerConfigKeys (ConfUtils.java:logGet(46)) - raft.server.log.write.buffer.size = 1048576 (custom)
2023-01-10 01:13:43,105 [pool-610-thread-1] INFO  server.RaftServerConfigKeys (ConfUtils.java:logGet(46)) - raft.server.log.appender.buffer.byte-limit = 33554432 (custom)
2023-01-10 01:13:43,110 [pool-610-thread-1] INFO  server.RaftServerConfigKeys (ConfUtils.java:logGet(46)) - raft.server.log.unsafe-flush.enabled = false (default)
2023-01-10 01:13:43,110 [pool-610-thread-1] INFO  server.RaftServerConfigKeys (ConfUtils.java:logGet(46)) - raft.server.log.async-flush.enabled = false (default)
2023-01-10 01:13:43,110 [pool-610-thread-1] INFO  server.RaftServerConfigKeys (ConfUtils.java:logGet(46)) - raft.server.log.statemachine.data.caching.enabled = true (custom)
2023-01-10 01:13:43,110 [pool-610-thread-1] INFO  segmented.SegmentedRaftLogWorker (SegmentedRaftLogWorker.java:lambda$new$0(135)) - afa38d33-fc19-42e5-bc19-641228a4898b@group-899B3966D85D-SegmentedRaftLogWorker: flushIndex: setUnconditionally 0 -> -1
2023-01-10 01:13:43,110 [pool-610-thread-1] INFO  segmented.SegmentedRaftLogWorker (SegmentedRaftLogWorker.java:lambda$new$0(135)) - afa38d33-fc19-42e5-bc19-641228a4898b@group-899B3966D85D-SegmentedRaftLogWorker: safeCacheEvictIndex: setUnconditionally 0 -> -1
2023-01-10 01:13:43,110 [pool-610-thread-1] INFO  server.RaftServer$Division (RaftServerImpl.java:start(334)) - afa38d33-fc19-42e5-bc19-641228a4898b@group-899B3966D85D: start as a follower, conf=-1: peers:[755113df-b2d2-4f4d-a016-da6f7eba54ac|rpc:10.1.0.24:40991|dataStream:10.1.0.24:38909|priority:0|startupRole:FOLLOWER, 498755a8-f2f1-47a5-bb38-b65b10b21bcc|rpc:10.1.0.24:40949|dataStream:10.1.0.24:39249|priority:0|startupRole:FOLLOWER, afa38d33-fc19-42e5-bc19-641228a4898b|rpc:10.1.0.24:37195|dataStream:10.1.0.24:33715|priority:1|startupRole:FOLLOWER]|listeners:[], old=null
2023-01-10 01:13:43,110 [pool-610-thread-1] INFO  server.RaftServer$Division (RaftServerImpl.java:setRole(321)) - afa38d33-fc19-42e5-bc19-641228a4898b@group-899B3966D85D: changes role from      null to FOLLOWER at term 0 for startAsFollower
2023-01-10 01:13:43,110 [pool-610-thread-1] INFO  impl.RoleInfo (RoleInfo.java:updateAndGet(139)) - afa38d33-fc19-42e5-bc19-641228a4898b: start afa38d33-fc19-42e5-bc19-641228a4898b@group-899B3966D85D-FollowerState
2023-01-10 01:13:43,113 [pool-610-thread-1] INFO  util.JmxRegister (JmxRegister.java:tryRegister(44)) - Successfully registered JMX Bean with object name Ratis:service=RaftServer,group=group-899B3966D85D,id=afa38d33-fc19-42e5-bc19-641228a4898b
2023-01-10 01:13:43,113 [pool-610-thread-1] INFO  server.RaftServerConfigKeys (ConfUtils.java:logGet(46)) - raft.server.snapshot.auto.trigger.enabled = true (custom)
2023-01-10 01:13:43,113 [pool-610-thread-1] INFO  server.RaftServerConfigKeys (ConfUtils.java:logGet(46)) - raft.server.snapshot.auto.trigger.threshold = 10000 (custom)
2023-01-10 01:13:43,113 [pool-610-thread-1] INFO  server.RaftServerConfigKeys (ConfUtils.java:logGet(46)) - raft.server.snapshot.retention.file.num = 5 (custom)
2023-01-10 01:13:43,113 [pool-610-thread-1] INFO  server.RaftServerConfigKeys (ConfUtils.java:logGet(46)) - raft.server.log.purge.upto.snapshot.index = false (default)
2023-01-10 01:13:43,113 [Command processor thread] INFO  ratis.XceiverServerRatis (XceiverServerRatis.java:addGroup(806)) - Created group PipelineID=c224eb46-a506-4758-baab-899b3966d85d
2023-01-10 01:13:43,114 [afa38d33-fc19-42e5-bc19-641228a4898b@group-899B3966D85D-FollowerState] INFO  server.RaftServerConfigKeys (ConfUtils.java:logFallback(53)) - raft.server.rpc.first-election.timeout.min = 5s (fallback to raft.server.rpc.timeout.min)
2023-01-10 01:13:43,114 [afa38d33-fc19-42e5-bc19-641228a4898b@group-899B3966D85D-FollowerState] INFO  server.RaftServerConfigKeys (ConfUtils.java:logFallback(53)) - raft.server.rpc.first-election.timeout.max = 5200ms (fallback to raft.server.rpc.timeout.max)
2023-01-10 01:13:43,122 [grpc-default-executor-0] INFO  server.RaftServer (RaftServerProxy.java:addNew(96)) - 755113df-b2d2-4f4d-a016-da6f7eba54ac: addNew group-899B3966D85D:[755113df-b2d2-4f4d-a016-da6f7eba54ac|rpc:10.1.0.24:40991|dataStream:10.1.0.24:38909|priority:0|startupRole:FOLLOWER, 498755a8-f2f1-47a5-bb38-b65b10b21bcc|rpc:10.1.0.24:40949|dataStream:10.1.0.24:39249|priority:0|startupRole:FOLLOWER, afa38d33-fc19-42e5-bc19-641228a4898b|rpc:10.1.0.24:37195|dataStream:10.1.0.24:33715|priority:1|startupRole:FOLLOWER] returns group-899B3966D85D:java.util.concurrent.CompletableFuture@cb47c68[Not completed]
2023-01-10 01:13:43,123 [pool-656-thread-1] INFO  server.RaftServer$Division (RaftServerImpl.java:<init>(195)) - 755113df-b2d2-4f4d-a016-da6f7eba54ac: new RaftServerImpl for group-899B3966D85D:[755113df-b2d2-4f4d-a016-da6f7eba54ac|rpc:10.1.0.24:40991|dataStream:10.1.0.24:38909|priority:0|startupRole:FOLLOWER, 498755a8-f2f1-47a5-bb38-b65b10b21bcc|rpc:10.1.0.24:40949|dataStream:10.1.0.24:39249|priority:0|startupRole:FOLLOWER, afa38d33-fc19-42e5-bc19-641228a4898b|rpc:10.1.0.24:37195|dataStream:10.1.0.24:33715|priority:1|startupRole:FOLLOWER] with ContainerStateMachine:uninitialized
2023-01-10 01:13:43,123 [pool-656-thread-1] INFO  server.RaftServerConfigKeys (ConfUtils.java:logGet(46)) - raft.server.rpc.timeout.min = 5s (custom)
2023-01-10 01:13:43,123 [pool-656-thread-1] INFO  server.RaftServerConfigKeys (ConfUtils.java:logGet(46)) - raft.server.rpc.timeout.max = 5200ms (custom)
2023-01-10 01:13:43,123 [pool-656-thread-1] INFO  server.RaftServerConfigKeys (ConfUtils.java:logGet(46)) - raft.server.rpc.sleep.time = 25ms (default)
2023-01-10 01:13:43,123 [pool-656-thread-1] INFO  server.RaftServerConfigKeys (ConfUtils.java:logGet(46)) - raft.server.rpc.slowness.timeout = 300s (custom)
2023-01-10 01:13:43,123 [pool-656-thread-1] INFO  server.RaftServerConfigKeys (ConfUtils.java:logGet(46)) - raft.server.leaderelection.leader.step-down.wait-time = 10s (default)
2023-01-10 01:13:43,123 [pool-656-thread-1] INFO  server.RaftServerConfigKeys (ConfUtils.java:logGet(46)) - raft.server.sleep.deviation.threshold = 300ms (default)
2023-01-10 01:13:43,123 [pool-656-thread-1] INFO  server.RaftServer$Division (ServerState.java:<init>(118)) - 755113df-b2d2-4f4d-a016-da6f7eba54ac@group-899B3966D85D: ConfigurationManager, init=-1: peers:[755113df-b2d2-4f4d-a016-da6f7eba54ac|rpc:10.1.0.24:40991|dataStream:10.1.0.24:38909|priority:0|startupRole:FOLLOWER, 498755a8-f2f1-47a5-bb38-b65b10b21bcc|rpc:10.1.0.24:40949|dataStream:10.1.0.24:39249|priority:0|startupRole:FOLLOWER, afa38d33-fc19-42e5-bc19-641228a4898b|rpc:10.1.0.24:37195|dataStream:10.1.0.24:33715|priority:1|startupRole:FOLLOWER]|listeners:[], old=null, confs=<EMPTY_MAP>
2023-01-10 01:13:43,123 [pool-656-thread-1] INFO  server.RaftServerConfigKeys (ConfUtils.java:logGet(46)) - raft.server.storage.dir = [/home/runner/work/ozone/ozone/hadoop-ozone/integration-test/target/test-dir/MiniOzoneClusterImpl-62525788-12f1-42f6-8834-316215afea77/datanode-5/data/ratis] (custom)
2023-01-10 01:13:43,123 [pool-656-thread-1] INFO  server.RaftServerConfigKeys (ConfUtils.java:logGet(46)) - raft.server.log.corruption.policy = EXCEPTION (default)
2023-01-10 01:13:43,123 [pool-656-thread-1] INFO  server.RaftServerConfigKeys (ConfUtils.java:logGet(46)) - raft.server.storage.free-space.min = 0MB (=0) (default)
2023-01-10 01:13:43,123 [pool-656-thread-1] INFO  server.RaftServerConfigKeys (ConfUtils.java:logGet(46)) - raft.server.notification.no-leader.timeout = 300s (custom)
2023-01-10 01:13:43,124 [pool-656-thread-1] INFO  server.RaftServerConfigKeys (ConfUtils.java:logGet(46)) - raft.server.retrycache.expirytime = 600000ms (custom)
2023-01-10 01:13:43,124 [pool-656-thread-1] INFO  server.RaftServerConfigKeys (ConfUtils.java:logGet(46)) - raft.server.retrycache.statistics.expirytime = 100μs (default)
2023-01-10 01:13:43,124 [pool-656-thread-1] INFO  server.RaftServerConfigKeys (ConfUtils.java:logGet(46)) - raft.server.log.appender.install.snapshot.enabled = false (custom)
2023-01-10 01:13:43,124 [pool-656-thread-1] INFO  server.RaftServerConfigKeys (ConfUtils.java:logGet(46)) - raft.server.threadpool.server.cached = true (default)
2023-01-10 01:13:43,124 [pool-656-thread-1] INFO  server.RaftServerConfigKeys (ConfUtils.java:logGet(46)) - raft.server.threadpool.server.size = 0 (default)
2023-01-10 01:13:43,124 [pool-656-thread-1] INFO  server.RaftServerConfigKeys (ConfUtils.java:logGet(46)) - raft.server.threadpool.client.cached = true (default)
2023-01-10 01:13:43,124 [pool-656-thread-1] INFO  server.RaftServerConfigKeys (ConfUtils.java:logGet(46)) - raft.server.threadpool.client.size = 0 (default)
2023-01-10 01:13:43,124 [pool-656-thread-1] INFO  storage.RaftStorageDirectory (RaftStorageDirectoryImpl.java:analyzeStorage(137)) - The storage directory /home/runner/work/ozone/ozone/hadoop-ozone/integration-test/target/test-dir/MiniOzoneClusterImpl-62525788-12f1-42f6-8834-316215afea77/datanode-5/data/ratis/c224eb46-a506-4758-baab-899b3966d85d does not exist. Creating ...
2023-01-10 01:13:43,126 [pool-656-thread-1] INFO  storage.RaftStorageDirectory (RaftStorageDirectoryImpl.java:tryLock(231)) - Lock on /home/runner/work/ozone/ozone/hadoop-ozone/integration-test/target/test-dir/MiniOzoneClusterImpl-62525788-12f1-42f6-8834-316215afea77/datanode-5/data/ratis/c224eb46-a506-4758-baab-899b3966d85d/in_use.lock acquired by nodename 10631@fv-az353-623
2023-01-10 01:13:43,127 [pool-656-thread-1] INFO  storage.RaftStorage (RaftStorageImpl.java:format(96)) - Storage directory /home/runner/work/ozone/ozone/hadoop-ozone/integration-test/target/test-dir/MiniOzoneClusterImpl-62525788-12f1-42f6-8834-316215afea77/datanode-5/data/ratis/c224eb46-a506-4758-baab-899b3966d85d has been successfully formatted.
2023-01-10 01:13:43,128 [pool-656-thread-1] INFO  ratis.ContainerStateMachine (ContainerStateMachine.java:loadSnapshot(240)) - group-899B3966D85D: The snapshot info is null. Setting the last applied indexto:(t:0, i:~)
2023-01-10 01:13:43,128 [pool-656-thread-1] INFO  server.RaftServerConfigKeys (ConfUtils.java:logGet(46)) - raft.server.log.use.memory = false (default)
2023-01-10 01:13:43,128 [pool-656-thread-1] INFO  server.RaftServerConfigKeys (ConfUtils.java:logGet(46)) - raft.server.log.purge.gap = 1000000 (custom)
2023-01-10 01:13:43,128 [pool-656-thread-1] INFO  server.RaftServerConfigKeys (ConfUtils.java:logGet(46)) - raft.server.log.appender.buffer.byte-limit = 33554432 (custom)
2023-01-10 01:13:43,128 [pool-656-thread-1] INFO  server.RaftServerConfigKeys (ConfUtils.java:logGet(46)) - raft.server.log.statemachine.data.read.timeout = 1000ms (default)
2023-01-10 01:13:43,128 [pool-656-thread-1] INFO  server.RaftServerConfigKeys (ConfUtils.java:logGet(46)) - raft.server.log.purge.preservation.log.num = 0 (default)
2023-01-10 01:13:43,128 [pool-656-thread-1] INFO  server.RaftServerConfigKeys (ConfUtils.java:logGet(46)) - raft.server.log.segment.size.max = 1048576 (custom)
2023-01-10 01:13:43,128 [pool-656-thread-1] INFO  server.RaftServerConfigKeys (ConfUtils.java:logGet(46)) - raft.server.log.segment.cache.num.max = 2 (custom)
2023-01-10 01:13:43,128 [pool-656-thread-1] INFO  server.RaftServerConfigKeys (ConfUtils.java:logGet(46)) - raft.server.log.segment.cache.size.max = 200MB (=209715200) (default)
2023-01-10 01:13:43,128 [pool-656-thread-1] INFO  segmented.SegmentedRaftLogWorker (SegmentedRaftLogWorker.java:<init>(189)) - new 755113df-b2d2-4f4d-a016-da6f7eba54ac@group-899B3966D85D-SegmentedRaftLogWorker for RaftStorageImpl:Storage Directory /home/runner/work/ozone/ozone/hadoop-ozone/integration-test/target/test-dir/MiniOzoneClusterImpl-62525788-12f1-42f6-8834-316215afea77/datanode-5/data/ratis/c224eb46-a506-4758-baab-899b3966d85d
2023-01-10 01:13:43,128 [pool-656-thread-1] INFO  server.RaftServerConfigKeys (ConfUtils.java:logGet(46)) - raft.server.log.queue.byte-limit = 4294967296 (custom)
2023-01-10 01:13:43,128 [pool-656-thread-1] INFO  server.RaftServerConfigKeys (ConfUtils.java:logGet(46)) - raft.server.log.queue.element-limit = 1024 (custom)
2023-01-10 01:13:43,128 [pool-656-thread-1] INFO  server.RaftServerConfigKeys (ConfUtils.java:logGet(46)) - raft.server.log.segment.size.max = 1048576 (custom)
2023-01-10 01:13:43,128 [pool-656-thread-1] INFO  server.RaftServerConfigKeys (ConfUtils.java:logGet(46)) - raft.server.log.preallocated.size = 16384 (custom)
2023-01-10 01:13:43,128 [pool-656-thread-1] INFO  server.RaftServerConfigKeys (ConfUtils.java:logGet(46)) - raft.server.log.force.sync.num = 128 (default)
2023-01-10 01:13:43,128 [pool-656-thread-1] INFO  server.RaftServerConfigKeys (ConfUtils.java:logGet(46)) - raft.server.log.statemachine.data.sync = true (default)
2023-01-10 01:13:43,129 [pool-656-thread-1] INFO  server.RaftServerConfigKeys (ConfUtils.java:logGet(46)) - raft.server.log.statemachine.data.sync.timeout = 10s (default)
2023-01-10 01:13:43,129 [pool-656-thread-1] INFO  server.RaftServerConfigKeys (ConfUtils.java:logGet(46)) - raft.server.log.statemachine.data.sync.timeout.retry = -1 (default)
2023-01-10 01:13:43,130 [pool-656-thread-1] INFO  server.RaftServerConfigKeys (ConfUtils.java:logGet(46)) - raft.server.log.write.buffer.size = 1048576 (custom)
2023-01-10 01:13:43,130 [pool-656-thread-1] INFO  server.RaftServerConfigKeys (ConfUtils.java:logGet(46)) - raft.server.log.appender.buffer.byte-limit = 33554432 (custom)
2023-01-10 01:13:43,137 [pool-656-thread-1] INFO  server.RaftServerConfigKeys (ConfUtils.java:logGet(46)) - raft.server.log.unsafe-flush.enabled = false (default)
2023-01-10 01:13:43,137 [pool-656-thread-1] INFO  server.RaftServerConfigKeys (ConfUtils.java:logGet(46)) - raft.server.log.async-flush.enabled = false (default)
2023-01-10 01:13:43,137 [pool-656-thread-1] INFO  server.RaftServerConfigKeys (ConfUtils.java:logGet(46)) - raft.server.log.statemachine.data.caching.enabled = true (custom)
2023-01-10 01:13:43,138 [pool-656-thread-1] INFO  segmented.SegmentedRaftLogWorker (SegmentedRaftLogWorker.java:lambda$new$0(135)) - 755113df-b2d2-4f4d-a016-da6f7eba54ac@group-899B3966D85D-SegmentedRaftLogWorker: flushIndex: setUnconditionally 0 -> -1
2023-01-10 01:13:43,139 [pool-656-thread-1] INFO  segmented.SegmentedRaftLogWorker (SegmentedRaftLogWorker.java:lambda$new$0(135)) - 755113df-b2d2-4f4d-a016-da6f7eba54ac@group-899B3966D85D-SegmentedRaftLogWorker: safeCacheEvictIndex: setUnconditionally 0 -> -1
2023-01-10 01:13:43,140 [pool-656-thread-1] INFO  server.RaftServer$Division (RaftServerImpl.java:start(334)) - 755113df-b2d2-4f4d-a016-da6f7eba54ac@group-899B3966D85D: start as a follower, conf=-1: peers:[755113df-b2d2-4f4d-a016-da6f7eba54ac|rpc:10.1.0.24:40991|dataStream:10.1.0.24:38909|priority:0|startupRole:FOLLOWER, 498755a8-f2f1-47a5-bb38-b65b10b21bcc|rpc:10.1.0.24:40949|dataStream:10.1.0.24:39249|priority:0|startupRole:FOLLOWER, afa38d33-fc19-42e5-bc19-641228a4898b|rpc:10.1.0.24:37195|dataStream:10.1.0.24:33715|priority:1|startupRole:FOLLOWER]|listeners:[], old=null
2023-01-10 01:13:43,140 [pool-656-thread-1] INFO  server.RaftServer$Division (RaftServerImpl.java:setRole(321)) - 755113df-b2d2-4f4d-a016-da6f7eba54ac@group-899B3966D85D: changes role from      null to FOLLOWER at term 0 for startAsFollower
2023-01-10 01:13:43,140 [pool-656-thread-1] INFO  impl.RoleInfo (RoleInfo.java:updateAndGet(139)) - 755113df-b2d2-4f4d-a016-da6f7eba54ac: start 755113df-b2d2-4f4d-a016-da6f7eba54ac@group-899B3966D85D-FollowerState
2023-01-10 01:13:43,140 [pool-656-thread-1] INFO  util.JmxRegister (JmxRegister.java:tryRegister(44)) - Successfully registered JMX Bean with object name Ratis:service=RaftServer,group=group-899B3966D85D,id=755113df-b2d2-4f4d-a016-da6f7eba54ac
2023-01-10 01:13:43,140 [755113df-b2d2-4f4d-a016-da6f7eba54ac@group-899B3966D85D-FollowerState] INFO  server.RaftServerConfigKeys (ConfUtils.java:logFallback(53)) - raft.server.rpc.first-election.timeout.min = 5s (fallback to raft.server.rpc.timeout.min)
2023-01-10 01:13:43,140 [pool-656-thread-1] INFO  server.RaftServerConfigKeys (ConfUtils.java:logGet(46)) - raft.server.snapshot.auto.trigger.enabled = true (custom)
2023-01-10 01:13:43,140 [755113df-b2d2-4f4d-a016-da6f7eba54ac@group-899B3966D85D-FollowerState] INFO  server.RaftServerConfigKeys (ConfUtils.java:logFallback(53)) - raft.server.rpc.first-election.timeout.max = 5200ms (fallback to raft.server.rpc.timeout.max)
2023-01-10 01:13:43,140 [pool-656-thread-1] INFO  server.RaftServerConfigKeys (ConfUtils.java:logGet(46)) - raft.server.snapshot.auto.trigger.threshold = 10000 (custom)
2023-01-10 01:13:43,140 [pool-656-thread-1] INFO  server.RaftServerConfigKeys (ConfUtils.java:logGet(46)) - raft.server.snapshot.retention.file.num = 5 (custom)
2023-01-10 01:13:43,140 [pool-656-thread-1] INFO  server.RaftServerConfigKeys (ConfUtils.java:logGet(46)) - raft.server.log.purge.upto.snapshot.index = false (default)
2023-01-10 01:13:43,160 [grpc-default-executor-0] INFO  server.RaftServer (RaftServerProxy.java:addNew(96)) - 498755a8-f2f1-47a5-bb38-b65b10b21bcc: addNew group-899B3966D85D:[755113df-b2d2-4f4d-a016-da6f7eba54ac|rpc:10.1.0.24:40991|dataStream:10.1.0.24:38909|priority:0|startupRole:FOLLOWER, 498755a8-f2f1-47a5-bb38-b65b10b21bcc|rpc:10.1.0.24:40949|dataStream:10.1.0.24:39249|priority:0|startupRole:FOLLOWER, afa38d33-fc19-42e5-bc19-641228a4898b|rpc:10.1.0.24:37195|dataStream:10.1.0.24:33715|priority:1|startupRole:FOLLOWER] returns group-899B3966D85D:java.util.concurrent.CompletableFuture@436ae2fe[Not completed]
2023-01-10 01:13:43,160 [pool-633-thread-1] INFO  server.RaftServer$Division (RaftServerImpl.java:<init>(195)) - 498755a8-f2f1-47a5-bb38-b65b10b21bcc: new RaftServerImpl for group-899B3966D85D:[755113df-b2d2-4f4d-a016-da6f7eba54ac|rpc:10.1.0.24:40991|dataStream:10.1.0.24:38909|priority:0|startupRole:FOLLOWER, 498755a8-f2f1-47a5-bb38-b65b10b21bcc|rpc:10.1.0.24:40949|dataStream:10.1.0.24:39249|priority:0|startupRole:FOLLOWER, afa38d33-fc19-42e5-bc19-641228a4898b|rpc:10.1.0.24:37195|dataStream:10.1.0.24:33715|priority:1|startupRole:FOLLOWER] with ContainerStateMachine:uninitialized
2023-01-10 01:13:43,161 [pool-633-thread-1] INFO  server.RaftServerConfigKeys (ConfUtils.java:logGet(46)) - raft.server.rpc.timeout.min = 5s (custom)
2023-01-10 01:13:43,161 [pool-633-thread-1] INFO  server.RaftServerConfigKeys (ConfUtils.java:logGet(46)) - raft.server.rpc.timeout.max = 5200ms (custom)
2023-01-10 01:13:43,161 [pool-633-thread-1] INFO  server.RaftServerConfigKeys (ConfUtils.java:logGet(46)) - raft.server.rpc.sleep.time = 25ms (default)
2023-01-10 01:13:43,161 [pool-633-thread-1] INFO  server.RaftServerConfigKeys (ConfUtils.java:logGet(46)) - raft.server.rpc.slowness.timeout = 300s (custom)
2023-01-10 01:13:43,161 [pool-633-thread-1] INFO  server.RaftServerConfigKeys (ConfUtils.java:logGet(46)) - raft.server.leaderelection.leader.step-down.wait-time = 10s (default)
2023-01-10 01:13:43,161 [pool-633-thread-1] INFO  server.RaftServerConfigKeys (ConfUtils.java:logGet(46)) - raft.server.sleep.deviation.threshold = 300ms (default)
2023-01-10 01:13:43,161 [pool-633-thread-1] INFO  server.RaftServer$Division (ServerState.java:<init>(118)) - 498755a8-f2f1-47a5-bb38-b65b10b21bcc@group-899B3966D85D: ConfigurationManager, init=-1: peers:[755113df-b2d2-4f4d-a016-da6f7eba54ac|rpc:10.1.0.24:40991|dataStream:10.1.0.24:38909|priority:0|startupRole:FOLLOWER, 498755a8-f2f1-47a5-bb38-b65b10b21bcc|rpc:10.1.0.24:40949|dataStream:10.1.0.24:39249|priority:0|startupRole:FOLLOWER, afa38d33-fc19-42e5-bc19-641228a4898b|rpc:10.1.0.24:37195|dataStream:10.1.0.24:33715|priority:1|startupRole:FOLLOWER]|listeners:[], old=null, confs=<EMPTY_MAP>
2023-01-10 01:13:43,161 [pool-633-thread-1] INFO  server.RaftServerConfigKeys (ConfUtils.java:logGet(46)) - raft.server.storage.dir = [/home/runner/work/ozone/ozone/hadoop-ozone/integration-test/target/test-dir/MiniOzoneClusterImpl-62525788-12f1-42f6-8834-316215afea77/datanode-4/data/ratis] (custom)
2023-01-10 01:13:43,161 [pool-633-thread-1] INFO  server.RaftServerConfigKeys (ConfUtils.java:logGet(46)) - raft.server.log.corruption.policy = EXCEPTION (default)
2023-01-10 01:13:43,161 [pool-633-thread-1] INFO  server.RaftServerConfigKeys (ConfUtils.java:logGet(46)) - raft.server.storage.free-space.min = 0MB (=0) (default)
2023-01-10 01:13:43,161 [pool-633-thread-1] INFO  server.RaftServerConfigKeys (ConfUtils.java:logGet(46)) - raft.server.notification.no-leader.timeout = 300s (custom)
2023-01-10 01:13:43,161 [pool-633-thread-1] INFO  server.RaftServerConfigKeys (ConfUtils.java:logGet(46)) - raft.server.retrycache.expirytime = 600000ms (custom)
2023-01-10 01:13:43,161 [pool-633-thread-1] INFO  server.RaftServerConfigKeys (ConfUtils.java:logGet(46)) - raft.server.retrycache.statistics.expirytime = 100μs (default)
2023-01-10 01:13:43,162 [pool-633-thread-1] INFO  server.RaftServerConfigKeys (ConfUtils.java:logGet(46)) - raft.server.log.appender.install.snapshot.enabled = false (custom)
2023-01-10 01:13:43,162 [pool-633-thread-1] INFO  server.RaftServerConfigKeys (ConfUtils.java:logGet(46)) - raft.server.threadpool.server.cached = true (default)
2023-01-10 01:13:43,162 [pool-633-thread-1] INFO  server.RaftServerConfigKeys (ConfUtils.java:logGet(46)) - raft.server.threadpool.server.size = 0 (default)
2023-01-10 01:13:43,162 [pool-633-thread-1] INFO  server.RaftServerConfigKeys (ConfUtils.java:logGet(46)) - raft.server.threadpool.client.cached = true (default)
2023-01-10 01:13:43,162 [pool-633-thread-1] INFO  server.RaftServerConfigKeys (ConfUtils.java:logGet(46)) - raft.server.threadpool.client.size = 0 (default)
2023-01-10 01:13:43,162 [pool-633-thread-1] INFO  storage.RaftStorageDirectory (RaftStorageDirectoryImpl.java:analyzeStorage(137)) - The storage directory /home/runner/work/ozone/ozone/hadoop-ozone/integration-test/target/test-dir/MiniOzoneClusterImpl-62525788-12f1-42f6-8834-316215afea77/datanode-4/data/ratis/c224eb46-a506-4758-baab-899b3966d85d does not exist. Creating ...
2023-01-10 01:13:43,163 [pool-633-thread-1] INFO  storage.RaftStorageDirectory (RaftStorageDirectoryImpl.java:tryLock(231)) - Lock on /home/runner/work/ozone/ozone/hadoop-ozone/integration-test/target/test-dir/MiniOzoneClusterImpl-62525788-12f1-42f6-8834-316215afea77/datanode-4/data/ratis/c224eb46-a506-4758-baab-899b3966d85d/in_use.lock acquired by nodename 10631@fv-az353-623
2023-01-10 01:13:43,164 [pool-633-thread-1] INFO  storage.RaftStorage (RaftStorageImpl.java:format(96)) - Storage directory /home/runner/work/ozone/ozone/hadoop-ozone/integration-test/target/test-dir/MiniOzoneClusterImpl-62525788-12f1-42f6-8834-316215afea77/datanode-4/data/ratis/c224eb46-a506-4758-baab-899b3966d85d has been successfully formatted.
2023-01-10 01:13:43,165 [pool-633-thread-1] INFO  ratis.ContainerStateMachine (ContainerStateMachine.java:loadSnapshot(240)) - group-899B3966D85D: The snapshot info is null. Setting the last applied indexto:(t:0, i:~)
2023-01-10 01:13:43,165 [pool-633-thread-1] INFO  server.RaftServerConfigKeys (ConfUtils.java:logGet(46)) - raft.server.log.use.memory = false (default)
2023-01-10 01:13:43,165 [pool-633-thread-1] INFO  server.RaftServerConfigKeys (ConfUtils.java:logGet(46)) - raft.server.log.purge.gap = 1000000 (custom)
2023-01-10 01:13:43,165 [pool-633-thread-1] INFO  server.RaftServerConfigKeys (ConfUtils.java:logGet(46)) - raft.server.log.appender.buffer.byte-limit = 33554432 (custom)
2023-01-10 01:13:43,165 [pool-633-thread-1] INFO  server.RaftServerConfigKeys (ConfUtils.java:logGet(46)) - raft.server.log.statemachine.data.read.timeout = 1000ms (default)
2023-01-10 01:13:43,166 [pool-633-thread-1] INFO  server.RaftServerConfigKeys (ConfUtils.java:logGet(46)) - raft.server.log.purge.preservation.log.num = 0 (default)
2023-01-10 01:13:43,166 [pool-633-thread-1] INFO  server.RaftServerConfigKeys (ConfUtils.java:logGet(46)) - raft.server.log.segment.size.max = 1048576 (custom)
2023-01-10 01:13:43,166 [pool-633-thread-1] INFO  server.RaftServerConfigKeys (ConfUtils.java:logGet(46)) - raft.server.log.segment.cache.num.max = 2 (custom)
2023-01-10 01:13:43,166 [pool-633-thread-1] INFO  server.RaftServerConfigKeys (ConfUtils.java:logGet(46)) - raft.server.log.segment.cache.size.max = 200MB (=209715200) (default)
2023-01-10 01:13:43,166 [pool-633-thread-1] INFO  segmented.SegmentedRaftLogWorker (SegmentedRaftLogWorker.java:<init>(189)) - new 498755a8-f2f1-47a5-bb38-b65b10b21bcc@group-899B3966D85D-SegmentedRaftLogWorker for RaftStorageImpl:Storage Directory /home/runner/work/ozone/ozone/hadoop-ozone/integration-test/target/test-dir/MiniOzoneClusterImpl-62525788-12f1-42f6-8834-316215afea77/datanode-4/data/ratis/c224eb46-a506-4758-baab-899b3966d85d
2023-01-10 01:13:43,166 [pool-633-thread-1] INFO  server.RaftServerConfigKeys (ConfUtils.java:logGet(46)) - raft.server.log.queue.byte-limit = 4294967296 (custom)
2023-01-10 01:13:43,166 [pool-633-thread-1] INFO  server.RaftServerConfigKeys (ConfUtils.java:logGet(46)) - raft.server.log.queue.element-limit = 1024 (custom)
2023-01-10 01:13:43,166 [pool-633-thread-1] INFO  server.RaftServerConfigKeys (ConfUtils.java:logGet(46)) - raft.server.log.segment.size.max = 1048576 (custom)
2023-01-10 01:13:43,166 [pool-633-thread-1] INFO  server.RaftServerConfigKeys (ConfUtils.java:logGet(46)) - raft.server.log.preallocated.size = 16384 (custom)
2023-01-10 01:13:43,166 [pool-633-thread-1] INFO  server.RaftServerConfigKeys (ConfUtils.java:logGet(46)) - raft.server.log.force.sync.num = 128 (default)
2023-01-10 01:13:43,166 [pool-633-thread-1] INFO  server.RaftServerConfigKeys (ConfUtils.java:logGet(46)) - raft.server.log.statemachine.data.sync = true (default)
2023-01-10 01:13:43,166 [pool-633-thread-1] INFO  server.RaftServerConfigKeys (ConfUtils.java:logGet(46)) - raft.server.log.statemachine.data.sync.timeout = 10s (default)
2023-01-10 01:13:43,166 [pool-633-thread-1] INFO  server.RaftServerConfigKeys (ConfUtils.java:logGet(46)) - raft.server.log.statemachine.data.sync.timeout.retry = -1 (default)
2023-01-10 01:13:43,167 [pool-633-thread-1] INFO  server.RaftServerConfigKeys (ConfUtils.java:logGet(46)) - raft.server.log.write.buffer.size = 1048576 (custom)
2023-01-10 01:13:43,168 [pool-633-thread-1] INFO  server.RaftServerConfigKeys (ConfUtils.java:logGet(46)) - raft.server.log.appender.buffer.byte-limit = 33554432 (custom)
2023-01-10 01:13:43,172 [pool-633-thread-1] INFO  server.RaftServerConfigKeys (ConfUtils.java:logGet(46)) - raft.server.log.unsafe-flush.enabled = false (default)
2023-01-10 01:13:43,172 [pool-633-thread-1] INFO  server.RaftServerConfigKeys (ConfUtils.java:logGet(46)) - raft.server.log.async-flush.enabled = false (default)
2023-01-10 01:13:43,172 [pool-633-thread-1] INFO  server.RaftServerConfigKeys (ConfUtils.java:logGet(46)) - raft.server.log.statemachine.data.caching.enabled = true (custom)
2023-01-10 01:13:43,173 [pool-633-thread-1] INFO  segmented.SegmentedRaftLogWorker (SegmentedRaftLogWorker.java:lambda$new$0(135)) - 498755a8-f2f1-47a5-bb38-b65b10b21bcc@group-899B3966D85D-SegmentedRaftLogWorker: flushIndex: setUnconditionally 0 -> -1
2023-01-10 01:13:43,173 [pool-633-thread-1] INFO  segmented.SegmentedRaftLogWorker (SegmentedRaftLogWorker.java:lambda$new$0(135)) - 498755a8-f2f1-47a5-bb38-b65b10b21bcc@group-899B3966D85D-SegmentedRaftLogWorker: safeCacheEvictIndex: setUnconditionally 0 -> -1
2023-01-10 01:13:43,173 [pool-633-thread-1] INFO  server.RaftServer$Division (RaftServerImpl.java:start(334)) - 498755a8-f2f1-47a5-bb38-b65b10b21bcc@group-899B3966D85D: start as a follower, conf=-1: peers:[755113df-b2d2-4f4d-a016-da6f7eba54ac|rpc:10.1.0.24:40991|dataStream:10.1.0.24:38909|priority:0|startupRole:FOLLOWER, 498755a8-f2f1-47a5-bb38-b65b10b21bcc|rpc:10.1.0.24:40949|dataStream:10.1.0.24:39249|priority:0|startupRole:FOLLOWER, afa38d33-fc19-42e5-bc19-641228a4898b|rpc:10.1.0.24:37195|dataStream:10.1.0.24:33715|priority:1|startupRole:FOLLOWER]|listeners:[], old=null
2023-01-10 01:13:43,173 [pool-633-thread-1] INFO  server.RaftServer$Division (RaftServerImpl.java:setRole(321)) - 498755a8-f2f1-47a5-bb38-b65b10b21bcc@group-899B3966D85D: changes role from      null to FOLLOWER at term 0 for startAsFollower
2023-01-10 01:13:43,173 [pool-633-thread-1] INFO  impl.RoleInfo (RoleInfo.java:updateAndGet(139)) - 498755a8-f2f1-47a5-bb38-b65b10b21bcc: start 498755a8-f2f1-47a5-bb38-b65b10b21bcc@group-899B3966D85D-FollowerState
2023-01-10 01:13:43,173 [pool-633-thread-1] INFO  util.JmxRegister (JmxRegister.java:tryRegister(44)) - Successfully registered JMX Bean with object name Ratis:service=RaftServer,group=group-899B3966D85D,id=498755a8-f2f1-47a5-bb38-b65b10b21bcc
2023-01-10 01:13:43,173 [498755a8-f2f1-47a5-bb38-b65b10b21bcc@group-899B3966D85D-FollowerState] INFO  server.RaftServerConfigKeys (ConfUtils.java:logFallback(53)) - raft.server.rpc.first-election.timeout.min = 5s (fallback to raft.server.rpc.timeout.min)
2023-01-10 01:13:43,173 [pool-633-thread-1] INFO  server.RaftServerConfigKeys (ConfUtils.java:logGet(46)) - raft.server.snapshot.auto.trigger.enabled = true (custom)
2023-01-10 01:13:43,173 [498755a8-f2f1-47a5-bb38-b65b10b21bcc@group-899B3966D85D-FollowerState] INFO  server.RaftServerConfigKeys (ConfUtils.java:logFallback(53)) - raft.server.rpc.first-election.timeout.max = 5200ms (fallback to raft.server.rpc.timeout.max)
2023-01-10 01:13:43,173 [pool-633-thread-1] INFO  server.RaftServerConfigKeys (ConfUtils.java:logGet(46)) - raft.server.snapshot.auto.trigger.threshold = 10000 (custom)
2023-01-10 01:13:43,173 [pool-633-thread-1] INFO  server.RaftServerConfigKeys (ConfUtils.java:logGet(46)) - raft.server.snapshot.retention.file.num = 5 (custom)
2023-01-10 01:13:43,173 [pool-633-thread-1] INFO  server.RaftServerConfigKeys (ConfUtils.java:logGet(46)) - raft.server.log.purge.upto.snapshot.index = false (default)
2023-01-10 01:13:43,178 [Command processor thread] INFO  commandhandler.CreatePipelineCommandHandler (CreatePipelineCommandHandler.java:handle(113)) - Created Pipeline RATIS THREE PipelineID=c224eb46-a506-4758-baab-899b3966d85d.
2023-01-10 01:13:43,529 [Listener at 127.0.0.1/44191] INFO  ozone.MiniOzoneClusterImpl (MiniOzoneClusterImpl.java:lambda$waitForClusterToBeReady$0(218)) - Nodes are ready. Got 6 of 6 DN Heartbeats.
2023-01-10 01:13:43,529 [Listener at 127.0.0.1/44191] INFO  ozone.MiniOzoneClusterImpl (MiniOzoneClusterImpl.java:lambda$waitForClusterToBeReady$0(221)) - Waiting for cluster to exit safe mode
2023-01-10 01:13:43,529 [Listener at 127.0.0.1/44191] INFO  ozone.MiniOzoneClusterImpl (MiniOzoneClusterImpl.java:lambda$waitForClusterToBeReady$0(223)) - SCM became leader
2023-01-10 01:13:44,530 [Listener at 127.0.0.1/44191] INFO  ozone.MiniOzoneClusterImpl (MiniOzoneClusterImpl.java:lambda$waitForClusterToBeReady$0(218)) - Nodes are ready. Got 6 of 6 DN Heartbeats.
2023-01-10 01:13:44,530 [Listener at 127.0.0.1/44191] INFO  ozone.MiniOzoneClusterImpl (MiniOzoneClusterImpl.java:lambda$waitForClusterToBeReady$0(221)) - Waiting for cluster to exit safe mode
2023-01-10 01:13:44,530 [Listener at 127.0.0.1/44191] INFO  ozone.MiniOzoneClusterImpl (MiniOzoneClusterImpl.java:lambda$waitForClusterToBeReady$0(223)) - SCM became leader
2023-01-10 01:13:45,530 [Listener at 127.0.0.1/44191] INFO  ozone.MiniOzoneClusterImpl (MiniOzoneClusterImpl.java:lambda$waitForClusterToBeReady$0(218)) - Nodes are ready. Got 6 of 6 DN Heartbeats.
2023-01-10 01:13:45,530 [Listener at 127.0.0.1/44191] INFO  ozone.MiniOzoneClusterImpl (MiniOzoneClusterImpl.java:lambda$waitForClusterToBeReady$0(221)) - Waiting for cluster to exit safe mode
2023-01-10 01:13:45,531 [Listener at 127.0.0.1/44191] INFO  ozone.MiniOzoneClusterImpl (MiniOzoneClusterImpl.java:lambda$waitForClusterToBeReady$0(223)) - SCM became leader
2023-01-10 01:13:46,531 [Listener at 127.0.0.1/44191] INFO  ozone.MiniOzoneClusterImpl (MiniOzoneClusterImpl.java:lambda$waitForClusterToBeReady$0(218)) - Nodes are ready. Got 6 of 6 DN Heartbeats.
2023-01-10 01:13:46,531 [Listener at 127.0.0.1/44191] INFO  ozone.MiniOzoneClusterImpl (MiniOzoneClusterImpl.java:lambda$waitForClusterToBeReady$0(221)) - Waiting for cluster to exit safe mode
2023-01-10 01:13:46,531 [Listener at 127.0.0.1/44191] INFO  ozone.MiniOzoneClusterImpl (MiniOzoneClusterImpl.java:lambda$waitForClusterToBeReady$0(223)) - SCM became leader
2023-01-10 01:13:47,060 [b1e0bc18-8da5-4e58-9fa5-a506b45b1540@group-78BA0C5E921B-FollowerState] INFO  impl.FollowerState (FollowerState.java:run(143)) - b1e0bc18-8da5-4e58-9fa5-a506b45b1540@group-78BA0C5E921B-FollowerState: change to CANDIDATE, lastRpcElapsedTime:5004353706ns, electionTimeout:5002ms
2023-01-10 01:13:47,061 [b1e0bc18-8da5-4e58-9fa5-a506b45b1540@group-78BA0C5E921B-FollowerState] INFO  impl.RoleInfo (RoleInfo.java:shutdownFollowerState(110)) - b1e0bc18-8da5-4e58-9fa5-a506b45b1540: shutdown b1e0bc18-8da5-4e58-9fa5-a506b45b1540@group-78BA0C5E921B-FollowerState
2023-01-10 01:13:47,061 [b1e0bc18-8da5-4e58-9fa5-a506b45b1540@group-78BA0C5E921B-FollowerState] INFO  server.RaftServer$Division (RaftServerImpl.java:setRole(321)) - b1e0bc18-8da5-4e58-9fa5-a506b45b1540@group-78BA0C5E921B: changes role from  FOLLOWER to CANDIDATE at term 0 for changeToCandidate
2023-01-10 01:13:47,061 [b1e0bc18-8da5-4e58-9fa5-a506b45b1540@group-78BA0C5E921B-FollowerState] INFO  server.RaftServerConfigKeys (ConfUtils.java:logGet(46)) - raft.server.leaderelection.pre-vote = false (custom)
2023-01-10 01:13:47,061 [b1e0bc18-8da5-4e58-9fa5-a506b45b1540@group-78BA0C5E921B-FollowerState] INFO  impl.RoleInfo (RoleInfo.java:updateAndGet(139)) - b1e0bc18-8da5-4e58-9fa5-a506b45b1540: start b1e0bc18-8da5-4e58-9fa5-a506b45b1540@group-78BA0C5E921B-LeaderElection22
2023-01-10 01:13:47,064 [b1e0bc18-8da5-4e58-9fa5-a506b45b1540@group-78BA0C5E921B-LeaderElection22] INFO  impl.LeaderElection (LeaderElection.java:askForVotes(312)) - b1e0bc18-8da5-4e58-9fa5-a506b45b1540@group-78BA0C5E921B-LeaderElection22 ELECTION round 0: submit vote requests at term 1 for -1: peers:[b1e0bc18-8da5-4e58-9fa5-a506b45b1540|rpc:10.1.0.24:41835|dataStream:10.1.0.24:40391|priority:0|startupRole:FOLLOWER, 35948080-5e22-45ca-b6f3-be7de45bebca|rpc:10.1.0.24:40989|dataStream:10.1.0.24:42993|priority:1|startupRole:FOLLOWER, 1c34faa2-bf15-4077-af79-1a4fd95d48c3|rpc:10.1.0.24:38223|dataStream:10.1.0.24:46641|priority:0|startupRole:FOLLOWER]|listeners:[], old=null
2023-01-10 01:13:47,065 [b1e0bc18-8da5-4e58-9fa5-a506b45b1540@group-78BA0C5E921B-LeaderElection22] INFO  server.RaftServerConfigKeys (ConfUtils.java:logFallback(53)) - raft.server.rpc.first-election.timeout.min = 5s (fallback to raft.server.rpc.timeout.min)
2023-01-10 01:13:47,065 [b1e0bc18-8da5-4e58-9fa5-a506b45b1540@group-78BA0C5E921B-LeaderElection22] INFO  server.RaftServerConfigKeys (ConfUtils.java:logFallback(53)) - raft.server.rpc.first-election.timeout.max = 5200ms (fallback to raft.server.rpc.timeout.max)
2023-01-10 01:13:47,066 [b1e0bc18-8da5-4e58-9fa5-a506b45b1540@group-78BA0C5E921B-LeaderElection22-1] INFO  server.GrpcServerProtocolClient (GrpcServerProtocolClient.java:<init>(63)) - Build channel for 35948080-5e22-45ca-b6f3-be7de45bebca
2023-01-10 01:13:47,066 [b1e0bc18-8da5-4e58-9fa5-a506b45b1540@group-78BA0C5E921B-LeaderElection22-2] INFO  server.GrpcServerProtocolClient (GrpcServerProtocolClient.java:<init>(63)) - Build channel for 1c34faa2-bf15-4077-af79-1a4fd95d48c3
2023-01-10 01:13:47,076 [grpc-default-executor-0] INFO  server.RaftServer$Division (RaftServerImpl.java:requestVote(1218)) - 35948080-5e22-45ca-b6f3-be7de45bebca@group-78BA0C5E921B: receive requestVote(ELECTION, b1e0bc18-8da5-4e58-9fa5-a506b45b1540, group-78BA0C5E921B, 1, (t:0, i:0))
2023-01-10 01:13:47,076 [grpc-default-executor-0] INFO  impl.VoteContext (VoteContext.java:log(49)) - 35948080-5e22-45ca-b6f3-be7de45bebca@group-78BA0C5E921B-FOLLOWER: reject ELECTION from b1e0bc18-8da5-4e58-9fa5-a506b45b1540: our priority 1 > candidate's priority 0
2023-01-10 01:13:47,076 [grpc-default-executor-0] INFO  server.RaftServer$Division (RaftServerImpl.java:setRole(321)) - 35948080-5e22-45ca-b6f3-be7de45bebca@group-78BA0C5E921B: changes role from  FOLLOWER to FOLLOWER at term 1 for candidate:b1e0bc18-8da5-4e58-9fa5-a506b45b1540
2023-01-10 01:13:47,076 [grpc-default-executor-0] INFO  impl.RoleInfo (RoleInfo.java:shutdownFollowerState(110)) - 35948080-5e22-45ca-b6f3-be7de45bebca: shutdown 35948080-5e22-45ca-b6f3-be7de45bebca@group-78BA0C5E921B-FollowerState
2023-01-10 01:13:47,076 [grpc-default-executor-0] INFO  impl.RoleInfo (RoleInfo.java:updateAndGet(139)) - 35948080-5e22-45ca-b6f3-be7de45bebca: start 35948080-5e22-45ca-b6f3-be7de45bebca@group-78BA0C5E921B-FollowerState
2023-01-10 01:13:47,076 [35948080-5e22-45ca-b6f3-be7de45bebca@group-78BA0C5E921B-FollowerState] INFO  impl.FollowerState (FollowerState.java:run(152)) - 35948080-5e22-45ca-b6f3-be7de45bebca@group-78BA0C5E921B-FollowerState was interrupted
2023-01-10 01:13:47,079 [35948080-5e22-45ca-b6f3-be7de45bebca@group-78BA0C5E921B-FollowerState] INFO  server.RaftServerConfigKeys (ConfUtils.java:logFallback(53)) - raft.server.rpc.first-election.timeout.min = 5s (fallback to raft.server.rpc.timeout.min)
2023-01-10 01:13:47,079 [35948080-5e22-45ca-b6f3-be7de45bebca@group-78BA0C5E921B-FollowerState] INFO  server.RaftServerConfigKeys (ConfUtils.java:logFallback(53)) - raft.server.rpc.first-election.timeout.max = 5200ms (fallback to raft.server.rpc.timeout.max)
2023-01-10 01:13:47,080 [grpc-default-executor-0] INFO  server.RaftServer$Division (RaftServerImpl.java:requestVote(1251)) - 35948080-5e22-45ca-b6f3-be7de45bebca@group-78BA0C5E921B replies to ELECTION vote request: b1e0bc18-8da5-4e58-9fa5-a506b45b1540<-35948080-5e22-45ca-b6f3-be7de45bebca#0:FAIL-t1. Peer's state: 35948080-5e22-45ca-b6f3-be7de45bebca@group-78BA0C5E921B:t1, leader=null, voted=null, raftlog=Memoized:35948080-5e22-45ca-b6f3-be7de45bebca@group-78BA0C5E921B-SegmentedRaftLog:OPENED:c-1, conf=-1: peers:[b1e0bc18-8da5-4e58-9fa5-a506b45b1540|rpc:10.1.0.24:41835|dataStream:10.1.0.24:40391|priority:0|startupRole:FOLLOWER, 35948080-5e22-45ca-b6f3-be7de45bebca|rpc:10.1.0.24:40989|dataStream:10.1.0.24:42993|priority:1|startupRole:FOLLOWER, 1c34faa2-bf15-4077-af79-1a4fd95d48c3|rpc:10.1.0.24:38223|dataStream:10.1.0.24:46641|priority:0|startupRole:FOLLOWER]|listeners:[], old=null
2023-01-10 01:13:47,083 [b1e0bc18-8da5-4e58-9fa5-a506b45b1540@group-78BA0C5E921B-LeaderElection22] INFO  impl.LeaderElection (LeaderElection.java:logAndReturn(90)) - b1e0bc18-8da5-4e58-9fa5-a506b45b1540@group-78BA0C5E921B-LeaderElection22: ELECTION REJECTED received 1 response(s) and 0 exception(s):
2023-01-10 01:13:47,083 [b1e0bc18-8da5-4e58-9fa5-a506b45b1540@group-78BA0C5E921B-LeaderElection22] INFO  impl.LeaderElection (LeaderElection.java:logAndReturn(94)) -   Response 0: b1e0bc18-8da5-4e58-9fa5-a506b45b1540<-35948080-5e22-45ca-b6f3-be7de45bebca#0:FAIL-t1
2023-01-10 01:13:47,083 [b1e0bc18-8da5-4e58-9fa5-a506b45b1540@group-78BA0C5E921B-LeaderElection22] INFO  impl.LeaderElection (LeaderElection.java:askForVotes(314)) - b1e0bc18-8da5-4e58-9fa5-a506b45b1540@group-78BA0C5E921B-LeaderElection22 ELECTION round 0: result REJECTED
2023-01-10 01:13:47,083 [b1e0bc18-8da5-4e58-9fa5-a506b45b1540@group-78BA0C5E921B-LeaderElection22] INFO  server.RaftServer$Division (RaftServerImpl.java:setRole(321)) - b1e0bc18-8da5-4e58-9fa5-a506b45b1540@group-78BA0C5E921B: changes role from CANDIDATE to FOLLOWER at term 1 for REJECTED
2023-01-10 01:13:47,083 [b1e0bc18-8da5-4e58-9fa5-a506b45b1540@group-78BA0C5E921B-LeaderElection22] INFO  impl.RoleInfo (RoleInfo.java:shutdownLeaderElection(130)) - b1e0bc18-8da5-4e58-9fa5-a506b45b1540: shutdown b1e0bc18-8da5-4e58-9fa5-a506b45b1540@group-78BA0C5E921B-LeaderElection22
2023-01-10 01:13:47,083 [b1e0bc18-8da5-4e58-9fa5-a506b45b1540@group-78BA0C5E921B-LeaderElection22] INFO  impl.RoleInfo (RoleInfo.java:updateAndGet(139)) - b1e0bc18-8da5-4e58-9fa5-a506b45b1540: start b1e0bc18-8da5-4e58-9fa5-a506b45b1540@group-78BA0C5E921B-FollowerState
2023-01-10 01:13:47,086 [b1e0bc18-8da5-4e58-9fa5-a506b45b1540@group-78BA0C5E921B-FollowerState] INFO  server.RaftServerConfigKeys (ConfUtils.java:logFallback(53)) - raft.server.rpc.first-election.timeout.min = 5s (fallback to raft.server.rpc.timeout.min)
2023-01-10 01:13:47,094 [grpc-default-executor-1] INFO  server.RaftServer$Division (RaftServerImpl.java:requestVote(1218)) - 1c34faa2-bf15-4077-af79-1a4fd95d48c3@group-78BA0C5E921B: receive requestVote(ELECTION, b1e0bc18-8da5-4e58-9fa5-a506b45b1540, group-78BA0C5E921B, 1, (t:0, i:0))
2023-01-10 01:13:47,094 [grpc-default-executor-1] INFO  impl.VoteContext (VoteContext.java:log(49)) - 1c34faa2-bf15-4077-af79-1a4fd95d48c3@group-78BA0C5E921B-FOLLOWER: accept ELECTION from b1e0bc18-8da5-4e58-9fa5-a506b45b1540: our priority 0 <= candidate's priority 0
2023-01-10 01:13:47,094 [grpc-default-executor-1] INFO  server.RaftServer$Division (RaftServerImpl.java:setRole(321)) - 1c34faa2-bf15-4077-af79-1a4fd95d48c3@group-78BA0C5E921B: changes role from  FOLLOWER to FOLLOWER at term 1 for candidate:b1e0bc18-8da5-4e58-9fa5-a506b45b1540
2023-01-10 01:13:47,094 [grpc-default-executor-1] INFO  impl.RoleInfo (RoleInfo.java:shutdownFollowerState(110)) - 1c34faa2-bf15-4077-af79-1a4fd95d48c3: shutdown 1c34faa2-bf15-4077-af79-1a4fd95d48c3@group-78BA0C5E921B-FollowerState
2023-01-10 01:13:47,094 [1c34faa2-bf15-4077-af79-1a4fd95d48c3@group-78BA0C5E921B-FollowerState] INFO  impl.FollowerState (FollowerState.java:run(152)) - 1c34faa2-bf15-4077-af79-1a4fd95d48c3@group-78BA0C5E921B-FollowerState was interrupted
2023-01-10 01:13:47,101 [grpc-default-executor-1] INFO  impl.RoleInfo (RoleInfo.java:updateAndGet(139)) - 1c34faa2-bf15-4077-af79-1a4fd95d48c3: start 1c34faa2-bf15-4077-af79-1a4fd95d48c3@group-78BA0C5E921B-FollowerState
2023-01-10 01:13:47,101 [b1e0bc18-8da5-4e58-9fa5-a506b45b1540@group-78BA0C5E921B-FollowerState] INFO  server.RaftServerConfigKeys (ConfUtils.java:logFallback(53)) - raft.server.rpc.first-election.timeout.max = 5200ms (fallback to raft.server.rpc.timeout.max)
2023-01-10 01:13:47,103 [grpc-default-executor-1] INFO  server.RaftServer$Division (RaftServerImpl.java:requestVote(1251)) - 1c34faa2-bf15-4077-af79-1a4fd95d48c3@group-78BA0C5E921B replies to ELECTION vote request: b1e0bc18-8da5-4e58-9fa5-a506b45b1540<-1c34faa2-bf15-4077-af79-1a4fd95d48c3#0:OK-t1. Peer's state: 1c34faa2-bf15-4077-af79-1a4fd95d48c3@group-78BA0C5E921B:t1, leader=null, voted=b1e0bc18-8da5-4e58-9fa5-a506b45b1540, raftlog=Memoized:1c34faa2-bf15-4077-af79-1a4fd95d48c3@group-78BA0C5E921B-SegmentedRaftLog:OPENED:c-1, conf=-1: peers:[b1e0bc18-8da5-4e58-9fa5-a506b45b1540|rpc:10.1.0.24:41835|dataStream:10.1.0.24:40391|priority:0|startupRole:FOLLOWER, 35948080-5e22-45ca-b6f3-be7de45bebca|rpc:10.1.0.24:40989|dataStream:10.1.0.24:42993|priority:1|startupRole:FOLLOWER, 1c34faa2-bf15-4077-af79-1a4fd95d48c3|rpc:10.1.0.24:38223|dataStream:10.1.0.24:46641|priority:0|startupRole:FOLLOWER]|listeners:[], old=null
2023-01-10 01:13:47,106 [1c34faa2-bf15-4077-af79-1a4fd95d48c3@group-78BA0C5E921B-FollowerState] INFO  server.RaftServerConfigKeys (ConfUtils.java:logFallback(53)) - raft.server.rpc.first-election.timeout.min = 5s (fallback to raft.server.rpc.timeout.min)
2023-01-10 01:13:47,106 [1c34faa2-bf15-4077-af79-1a4fd95d48c3@group-78BA0C5E921B-FollowerState] INFO  server.RaftServerConfigKeys (ConfUtils.java:logFallback(53)) - raft.server.rpc.first-election.timeout.max = 5200ms (fallback to raft.server.rpc.timeout.max)
2023-01-10 01:13:47,215 [b1e0bc18-8da5-4e58-9fa5-a506b45b1540@group-5A293A09BC8E-FollowerState] INFO  impl.FollowerState (FollowerState.java:run(143)) - b1e0bc18-8da5-4e58-9fa5-a506b45b1540@group-5A293A09BC8E-FollowerState: change to CANDIDATE, lastRpcElapsedTime:5104009420ns, electionTimeout:5103ms
2023-01-10 01:13:47,215 [b1e0bc18-8da5-4e58-9fa5-a506b45b1540@group-5A293A09BC8E-FollowerState] INFO  impl.RoleInfo (RoleInfo.java:shutdownFollowerState(110)) - b1e0bc18-8da5-4e58-9fa5-a506b45b1540: shutdown b1e0bc18-8da5-4e58-9fa5-a506b45b1540@group-5A293A09BC8E-FollowerState
2023-01-10 01:13:47,216 [b1e0bc18-8da5-4e58-9fa5-a506b45b1540@group-5A293A09BC8E-FollowerState] INFO  server.RaftServer$Division (RaftServerImpl.java:setRole(321)) - b1e0bc18-8da5-4e58-9fa5-a506b45b1540@group-5A293A09BC8E: changes role from  FOLLOWER to CANDIDATE at term 0 for changeToCandidate
2023-01-10 01:13:47,216 [b1e0bc18-8da5-4e58-9fa5-a506b45b1540@group-5A293A09BC8E-FollowerState] INFO  server.RaftServerConfigKeys (ConfUtils.java:logGet(46)) - raft.server.leaderelection.pre-vote = false (custom)
2023-01-10 01:13:47,216 [b1e0bc18-8da5-4e58-9fa5-a506b45b1540@group-5A293A09BC8E-FollowerState] INFO  impl.RoleInfo (RoleInfo.java:updateAndGet(139)) - b1e0bc18-8da5-4e58-9fa5-a506b45b1540: start b1e0bc18-8da5-4e58-9fa5-a506b45b1540@group-5A293A09BC8E-LeaderElection23
2023-01-10 01:13:47,221 [b1e0bc18-8da5-4e58-9fa5-a506b45b1540@group-5A293A09BC8E-LeaderElection23] INFO  impl.LeaderElection (LeaderElection.java:askForVotes(312)) - b1e0bc18-8da5-4e58-9fa5-a506b45b1540@group-5A293A09BC8E-LeaderElection23 ELECTION round 0: submit vote requests at term 1 for -1: peers:[b1e0bc18-8da5-4e58-9fa5-a506b45b1540|rpc:10.1.0.24:41835|dataStream:10.1.0.24:40391|priority:0|startupRole:FOLLOWER, 35948080-5e22-45ca-b6f3-be7de45bebca|rpc:10.1.0.24:40989|dataStream:10.1.0.24:42993|priority:0|startupRole:FOLLOWER, 1c34faa2-bf15-4077-af79-1a4fd95d48c3|rpc:10.1.0.24:38223|dataStream:10.1.0.24:46641|priority:1|startupRole:FOLLOWER]|listeners:[], old=null
2023-01-10 01:13:47,222 [b1e0bc18-8da5-4e58-9fa5-a506b45b1540@group-5A293A09BC8E-LeaderElection23] INFO  server.RaftServerConfigKeys (ConfUtils.java:logFallback(53)) - raft.server.rpc.first-election.timeout.min = 5s (fallback to raft.server.rpc.timeout.min)
2023-01-10 01:13:47,222 [b1e0bc18-8da5-4e58-9fa5-a506b45b1540@group-5A293A09BC8E-LeaderElection23] INFO  server.RaftServerConfigKeys (ConfUtils.java:logFallback(53)) - raft.server.rpc.first-election.timeout.max = 5200ms (fallback to raft.server.rpc.timeout.max)
2023-01-10 01:13:47,225 [grpc-default-executor-0] INFO  server.RaftServer$Division (RaftServerImpl.java:requestVote(1218)) - 1c34faa2-bf15-4077-af79-1a4fd95d48c3@group-5A293A09BC8E: receive requestVote(ELECTION, b1e0bc18-8da5-4e58-9fa5-a506b45b1540, group-5A293A09BC8E, 1, (t:0, i:0))
2023-01-10 01:13:47,225 [grpc-default-executor-0] INFO  impl.VoteContext (VoteContext.java:log(49)) - 1c34faa2-bf15-4077-af79-1a4fd95d48c3@group-5A293A09BC8E-FOLLOWER: reject ELECTION from b1e0bc18-8da5-4e58-9fa5-a506b45b1540: our priority 1 > candidate's priority 0
2023-01-10 01:13:47,225 [grpc-default-executor-0] INFO  server.RaftServer$Division (RaftServerImpl.java:setRole(321)) - 1c34faa2-bf15-4077-af79-1a4fd95d48c3@group-5A293A09BC8E: changes role from  FOLLOWER to FOLLOWER at term 1 for candidate:b1e0bc18-8da5-4e58-9fa5-a506b45b1540
2023-01-10 01:13:47,225 [grpc-default-executor-0] INFO  impl.RoleInfo (RoleInfo.java:shutdownFollowerState(110)) - 1c34faa2-bf15-4077-af79-1a4fd95d48c3: shutdown 1c34faa2-bf15-4077-af79-1a4fd95d48c3@group-5A293A09BC8E-FollowerState
2023-01-10 01:13:47,225 [grpc-default-executor-0] INFO  impl.RoleInfo (RoleInfo.java:updateAndGet(139)) - 1c34faa2-bf15-4077-af79-1a4fd95d48c3: start 1c34faa2-bf15-4077-af79-1a4fd95d48c3@group-5A293A09BC8E-FollowerState
2023-01-10 01:13:47,225 [1c34faa2-bf15-4077-af79-1a4fd95d48c3@group-5A293A09BC8E-FollowerState] INFO  impl.FollowerState (FollowerState.java:run(152)) - 1c34faa2-bf15-4077-af79-1a4fd95d48c3@group-5A293A09BC8E-FollowerState was interrupted
2023-01-10 01:13:47,226 [grpc-default-executor-1] INFO  server.RaftServer$Division (RaftServerImpl.java:requestVote(1218)) - 35948080-5e22-45ca-b6f3-be7de45bebca@group-5A293A09BC8E: receive requestVote(ELECTION, b1e0bc18-8da5-4e58-9fa5-a506b45b1540, group-5A293A09BC8E, 1, (t:0, i:0))
2023-01-10 01:13:47,226 [grpc-default-executor-1] INFO  impl.VoteContext (VoteContext.java:log(49)) - 35948080-5e22-45ca-b6f3-be7de45bebca@group-5A293A09BC8E-FOLLOWER: accept ELECTION from b1e0bc18-8da5-4e58-9fa5-a506b45b1540: our priority 0 <= candidate's priority 0
2023-01-10 01:13:47,226 [grpc-default-executor-1] INFO  server.RaftServer$Division (RaftServerImpl.java:setRole(321)) - 35948080-5e22-45ca-b6f3-be7de45bebca@group-5A293A09BC8E: changes role from  FOLLOWER to FOLLOWER at term 1 for candidate:b1e0bc18-8da5-4e58-9fa5-a506b45b1540
2023-01-10 01:13:47,226 [grpc-default-executor-1] INFO  impl.RoleInfo (RoleInfo.java:shutdownFollowerState(110)) - 35948080-5e22-45ca-b6f3-be7de45bebca: shutdown 35948080-5e22-45ca-b6f3-be7de45bebca@group-5A293A09BC8E-FollowerState
2023-01-10 01:13:47,226 [grpc-default-executor-1] INFO  impl.RoleInfo (RoleInfo.java:updateAndGet(139)) - 35948080-5e22-45ca-b6f3-be7de45bebca: start 35948080-5e22-45ca-b6f3-be7de45bebca@group-5A293A09BC8E-FollowerState
2023-01-10 01:13:47,226 [35948080-5e22-45ca-b6f3-be7de45bebca@group-5A293A09BC8E-FollowerState] INFO  impl.FollowerState (FollowerState.java:run(152)) - 35948080-5e22-45ca-b6f3-be7de45bebca@group-5A293A09BC8E-FollowerState was interrupted
2023-01-10 01:13:47,226 [1c34faa2-bf15-4077-af79-1a4fd95d48c3@group-5A293A09BC8E-FollowerState] INFO  server.RaftServerConfigKeys (ConfUtils.java:logFallback(53)) - raft.server.rpc.first-election.timeout.min = 5s (fallback to raft.server.rpc.timeout.min)
2023-01-10 01:13:47,226 [1c34faa2-bf15-4077-af79-1a4fd95d48c3@group-5A293A09BC8E-FollowerState] INFO  server.RaftServerConfigKeys (ConfUtils.java:logFallback(53)) - raft.server.rpc.first-election.timeout.max = 5200ms (fallback to raft.server.rpc.timeout.max)
2023-01-10 01:13:47,227 [35948080-5e22-45ca-b6f3-be7de45bebca@group-5A293A09BC8E-FollowerState] INFO  server.RaftServerConfigKeys (ConfUtils.java:logFallback(53)) - raft.server.rpc.first-election.timeout.min = 5s (fallback to raft.server.rpc.timeout.min)
2023-01-10 01:13:47,227 [35948080-5e22-45ca-b6f3-be7de45bebca@group-5A293A09BC8E-FollowerState] INFO  server.RaftServerConfigKeys (ConfUtils.java:logFallback(53)) - raft.server.rpc.first-election.timeout.max = 5200ms (fallback to raft.server.rpc.timeout.max)
2023-01-10 01:13:47,227 [grpc-default-executor-0] INFO  server.RaftServer$Division (RaftServerImpl.java:requestVote(1251)) - 1c34faa2-bf15-4077-af79-1a4fd95d48c3@group-5A293A09BC8E replies to ELECTION vote request: b1e0bc18-8da5-4e58-9fa5-a506b45b1540<-1c34faa2-bf15-4077-af79-1a4fd95d48c3#0:FAIL-t1. Peer's state: 1c34faa2-bf15-4077-af79-1a4fd95d48c3@group-5A293A09BC8E:t1, leader=null, voted=null, raftlog=Memoized:1c34faa2-bf15-4077-af79-1a4fd95d48c3@group-5A293A09BC8E-SegmentedRaftLog:OPENED:c-1, conf=-1: peers:[b1e0bc18-8da5-4e58-9fa5-a506b45b1540|rpc:10.1.0.24:41835|dataStream:10.1.0.24:40391|priority:0|startupRole:FOLLOWER, 35948080-5e22-45ca-b6f3-be7de45bebca|rpc:10.1.0.24:40989|dataStream:10.1.0.24:42993|priority:0|startupRole:FOLLOWER, 1c34faa2-bf15-4077-af79-1a4fd95d48c3|rpc:10.1.0.24:38223|dataStream:10.1.0.24:46641|priority:1|startupRole:FOLLOWER]|listeners:[], old=null
2023-01-10 01:13:47,227 [grpc-default-executor-1] INFO  server.RaftServer$Division (RaftServerImpl.java:requestVote(1251)) - 35948080-5e22-45ca-b6f3-be7de45bebca@group-5A293A09BC8E replies to ELECTION vote request: b1e0bc18-8da5-4e58-9fa5-a506b45b1540<-35948080-5e22-45ca-b6f3-be7de45bebca#0:OK-t1. Peer's state: 35948080-5e22-45ca-b6f3-be7de45bebca@group-5A293A09BC8E:t1, leader=null, voted=b1e0bc18-8da5-4e58-9fa5-a506b45b1540, raftlog=Memoized:35948080-5e22-45ca-b6f3-be7de45bebca@group-5A293A09BC8E-SegmentedRaftLog:OPENED:c-1, conf=-1: peers:[b1e0bc18-8da5-4e58-9fa5-a506b45b1540|rpc:10.1.0.24:41835|dataStream:10.1.0.24:40391|priority:0|startupRole:FOLLOWER, 35948080-5e22-45ca-b6f3-be7de45bebca|rpc:10.1.0.24:40989|dataStream:10.1.0.24:42993|priority:0|startupRole:FOLLOWER, 1c34faa2-bf15-4077-af79-1a4fd95d48c3|rpc:10.1.0.24:38223|dataStream:10.1.0.24:46641|priority:1|startupRole:FOLLOWER]|listeners:[], old=null
2023-01-10 01:13:47,228 [b1e0bc18-8da5-4e58-9fa5-a506b45b1540@group-5A293A09BC8E-LeaderElection23] INFO  impl.LeaderElection (LeaderElection.java:logAndReturn(90)) - b1e0bc18-8da5-4e58-9fa5-a506b45b1540@group-5A293A09BC8E-LeaderElection23: ELECTION REJECTED received 1 response(s) and 0 exception(s):
2023-01-10 01:13:47,228 [b1e0bc18-8da5-4e58-9fa5-a506b45b1540@group-5A293A09BC8E-LeaderElection23] INFO  impl.LeaderElection (LeaderElection.java:logAndReturn(94)) -   Response 0: b1e0bc18-8da5-4e58-9fa5-a506b45b1540<-1c34faa2-bf15-4077-af79-1a4fd95d48c3#0:FAIL-t1
2023-01-10 01:13:47,228 [b1e0bc18-8da5-4e58-9fa5-a506b45b1540@group-5A293A09BC8E-LeaderElection23] INFO  impl.LeaderElection (LeaderElection.java:askForVotes(314)) - b1e0bc18-8da5-4e58-9fa5-a506b45b1540@group-5A293A09BC8E-LeaderElection23 ELECTION round 0: result REJECTED
2023-01-10 01:13:47,228 [b1e0bc18-8da5-4e58-9fa5-a506b45b1540@group-5A293A09BC8E-LeaderElection23] INFO  server.RaftServer$Division (RaftServerImpl.java:setRole(321)) - b1e0bc18-8da5-4e58-9fa5-a506b45b1540@group-5A293A09BC8E: changes role from CANDIDATE to FOLLOWER at term 1 for REJECTED
2023-01-10 01:13:47,228 [b1e0bc18-8da5-4e58-9fa5-a506b45b1540@group-5A293A09BC8E-LeaderElection23] INFO  impl.RoleInfo (RoleInfo.java:shutdownLeaderElection(130)) - b1e0bc18-8da5-4e58-9fa5-a506b45b1540: shutdown b1e0bc18-8da5-4e58-9fa5-a506b45b1540@group-5A293A09BC8E-LeaderElection23
2023-01-10 01:13:47,228 [b1e0bc18-8da5-4e58-9fa5-a506b45b1540@group-5A293A09BC8E-LeaderElection23] INFO  impl.RoleInfo (RoleInfo.java:updateAndGet(139)) - b1e0bc18-8da5-4e58-9fa5-a506b45b1540: start b1e0bc18-8da5-4e58-9fa5-a506b45b1540@group-5A293A09BC8E-FollowerState
2023-01-10 01:13:47,231 [b1e0bc18-8da5-4e58-9fa5-a506b45b1540@group-5A293A09BC8E-FollowerState] INFO  server.RaftServerConfigKeys (ConfUtils.java:logFallback(53)) - raft.server.rpc.first-election.timeout.min = 5s (fallback to raft.server.rpc.timeout.min)
2023-01-10 01:13:47,232 [b1e0bc18-8da5-4e58-9fa5-a506b45b1540@group-5A293A09BC8E-FollowerState] INFO  server.RaftServerConfigKeys (ConfUtils.java:logFallback(53)) - raft.server.rpc.first-election.timeout.max = 5200ms (fallback to raft.server.rpc.timeout.max)
2023-01-10 01:13:47,532 [Listener at 127.0.0.1/44191] INFO  ozone.MiniOzoneClusterImpl (MiniOzoneClusterImpl.java:lambda$waitForClusterToBeReady$0(218)) - Nodes are ready. Got 6 of 6 DN Heartbeats.
2023-01-10 01:13:47,532 [Listener at 127.0.0.1/44191] INFO  ozone.MiniOzoneClusterImpl (MiniOzoneClusterImpl.java:lambda$waitForClusterToBeReady$0(221)) - Waiting for cluster to exit safe mode
2023-01-10 01:13:47,532 [Listener at 127.0.0.1/44191] INFO  ozone.MiniOzoneClusterImpl (MiniOzoneClusterImpl.java:lambda$waitForClusterToBeReady$0(223)) - SCM became leader
2023-01-10 01:13:48,021 [afa38d33-fc19-42e5-bc19-641228a4898b@group-79979D135BFE-FollowerState] INFO  impl.FollowerState (FollowerState.java:run(143)) - afa38d33-fc19-42e5-bc19-641228a4898b@group-79979D135BFE-FollowerState: change to CANDIDATE, lastRpcElapsedTime:5095509108ns, electionTimeout:5095ms
2023-01-10 01:13:48,021 [afa38d33-fc19-42e5-bc19-641228a4898b@group-79979D135BFE-FollowerState] INFO  impl.RoleInfo (RoleInfo.java:shutdownFollowerState(110)) - afa38d33-fc19-42e5-bc19-641228a4898b: shutdown afa38d33-fc19-42e5-bc19-641228a4898b@group-79979D135BFE-FollowerState
2023-01-10 01:13:48,021 [afa38d33-fc19-42e5-bc19-641228a4898b@group-79979D135BFE-FollowerState] INFO  server.RaftServer$Division (RaftServerImpl.java:setRole(321)) - afa38d33-fc19-42e5-bc19-641228a4898b@group-79979D135BFE: changes role from  FOLLOWER to CANDIDATE at term 0 for changeToCandidate
2023-01-10 01:13:48,021 [afa38d33-fc19-42e5-bc19-641228a4898b@group-79979D135BFE-FollowerState] INFO  server.RaftServerConfigKeys (ConfUtils.java:logGet(46)) - raft.server.leaderelection.pre-vote = false (custom)
2023-01-10 01:13:48,021 [afa38d33-fc19-42e5-bc19-641228a4898b@group-79979D135BFE-FollowerState] INFO  impl.RoleInfo (RoleInfo.java:updateAndGet(139)) - afa38d33-fc19-42e5-bc19-641228a4898b: start afa38d33-fc19-42e5-bc19-641228a4898b@group-79979D135BFE-LeaderElection24
2023-01-10 01:13:48,024 [afa38d33-fc19-42e5-bc19-641228a4898b@group-79979D135BFE-LeaderElection24] INFO  impl.LeaderElection (LeaderElection.java:askForVotes(312)) - afa38d33-fc19-42e5-bc19-641228a4898b@group-79979D135BFE-LeaderElection24 ELECTION round 0: submit vote requests at term 1 for -1: peers:[755113df-b2d2-4f4d-a016-da6f7eba54ac|rpc:10.1.0.24:40991|dataStream:10.1.0.24:38909|priority:0|startupRole:FOLLOWER, 498755a8-f2f1-47a5-bb38-b65b10b21bcc|rpc:10.1.0.24:40949|dataStream:10.1.0.24:39249|priority:1|startupRole:FOLLOWER, afa38d33-fc19-42e5-bc19-641228a4898b|rpc:10.1.0.24:37195|dataStream:10.1.0.24:33715|priority:0|startupRole:FOLLOWER]|listeners:[], old=null
2023-01-10 01:13:48,024 [afa38d33-fc19-42e5-bc19-641228a4898b@group-79979D135BFE-LeaderElection24-1] INFO  server.GrpcServerProtocolClient (GrpcServerProtocolClient.java:<init>(63)) - Build channel for 755113df-b2d2-4f4d-a016-da6f7eba54ac
2023-01-10 01:13:48,029 [afa38d33-fc19-42e5-bc19-641228a4898b@group-79979D135BFE-LeaderElection24] INFO  server.RaftServerConfigKeys (ConfUtils.java:logFallback(53)) - raft.server.rpc.first-election.timeout.min = 5s (fallback to raft.server.rpc.timeout.min)
2023-01-10 01:13:48,029 [afa38d33-fc19-42e5-bc19-641228a4898b@group-79979D135BFE-LeaderElection24] INFO  server.RaftServerConfigKeys (ConfUtils.java:logFallback(53)) - raft.server.rpc.first-election.timeout.max = 5200ms (fallback to raft.server.rpc.timeout.max)
2023-01-10 01:13:48,029 [afa38d33-fc19-42e5-bc19-641228a4898b@group-79979D135BFE-LeaderElection24-2] INFO  server.GrpcServerProtocolClient (GrpcServerProtocolClient.java:<init>(63)) - Build channel for 498755a8-f2f1-47a5-bb38-b65b10b21bcc
2023-01-10 01:13:48,037 [grpc-default-executor-1] INFO  server.RaftServer$Division (RaftServerImpl.java:requestVote(1218)) - 755113df-b2d2-4f4d-a016-da6f7eba54ac@group-79979D135BFE: receive requestVote(ELECTION, afa38d33-fc19-42e5-bc19-641228a4898b, group-79979D135BFE, 1, (t:0, i:0))
2023-01-10 01:13:48,037 [grpc-default-executor-1] INFO  impl.VoteContext (VoteContext.java:log(49)) - 755113df-b2d2-4f4d-a016-da6f7eba54ac@group-79979D135BFE-FOLLOWER: accept ELECTION from afa38d33-fc19-42e5-bc19-641228a4898b: our priority 0 <= candidate's priority 0
2023-01-10 01:13:48,037 [grpc-default-executor-1] INFO  server.RaftServer$Division (RaftServerImpl.java:setRole(321)) - 755113df-b2d2-4f4d-a016-da6f7eba54ac@group-79979D135BFE: changes role from  FOLLOWER to FOLLOWER at term 1 for candidate:afa38d33-fc19-42e5-bc19-641228a4898b
2023-01-10 01:13:48,037 [grpc-default-executor-1] INFO  impl.RoleInfo (RoleInfo.java:shutdownFollowerState(110)) - 755113df-b2d2-4f4d-a016-da6f7eba54ac: shutdown 755113df-b2d2-4f4d-a016-da6f7eba54ac@group-79979D135BFE-FollowerState
2023-01-10 01:13:48,037 [grpc-default-executor-1] INFO  impl.RoleInfo (RoleInfo.java:updateAndGet(139)) - 755113df-b2d2-4f4d-a016-da6f7eba54ac: start 755113df-b2d2-4f4d-a016-da6f7eba54ac@group-79979D135BFE-FollowerState
2023-01-10 01:13:48,037 [755113df-b2d2-4f4d-a016-da6f7eba54ac@group-79979D135BFE-FollowerState] INFO  impl.FollowerState (FollowerState.java:run(152)) - 755113df-b2d2-4f4d-a016-da6f7eba54ac@group-79979D135BFE-FollowerState was interrupted
2023-01-10 01:13:48,038 [755113df-b2d2-4f4d-a016-da6f7eba54ac@group-79979D135BFE-FollowerState] INFO  server.RaftServerConfigKeys (ConfUtils.java:logFallback(53)) - raft.server.rpc.first-election.timeout.min = 5s (fallback to raft.server.rpc.timeout.min)
2023-01-10 01:13:48,038 [755113df-b2d2-4f4d-a016-da6f7eba54ac@group-79979D135BFE-FollowerState] INFO  server.RaftServerConfigKeys (ConfUtils.java:logFallback(53)) - raft.server.rpc.first-election.timeout.max = 5200ms (fallback to raft.server.rpc.timeout.max)
2023-01-10 01:13:48,039 [grpc-default-executor-1] INFO  server.RaftServer$Division (RaftServerImpl.java:requestVote(1251)) - 755113df-b2d2-4f4d-a016-da6f7eba54ac@group-79979D135BFE replies to ELECTION vote request: afa38d33-fc19-42e5-bc19-641228a4898b<-755113df-b2d2-4f4d-a016-da6f7eba54ac#0:OK-t1. Peer's state: 755113df-b2d2-4f4d-a016-da6f7eba54ac@group-79979D135BFE:t1, leader=null, voted=afa38d33-fc19-42e5-bc19-641228a4898b, raftlog=Memoized:755113df-b2d2-4f4d-a016-da6f7eba54ac@group-79979D135BFE-SegmentedRaftLog:OPENED:c-1, conf=-1: peers:[755113df-b2d2-4f4d-a016-da6f7eba54ac|rpc:10.1.0.24:40991|dataStream:10.1.0.24:38909|priority:0|startupRole:FOLLOWER, 498755a8-f2f1-47a5-bb38-b65b10b21bcc|rpc:10.1.0.24:40949|dataStream:10.1.0.24:39249|priority:1|startupRole:FOLLOWER, afa38d33-fc19-42e5-bc19-641228a4898b|rpc:10.1.0.24:37195|dataStream:10.1.0.24:33715|priority:0|startupRole:FOLLOWER]|listeners:[], old=null
2023-01-10 01:13:48,046 [grpc-default-executor-1] INFO  server.RaftServer$Division (RaftServerImpl.java:requestVote(1218)) - 498755a8-f2f1-47a5-bb38-b65b10b21bcc@group-79979D135BFE: receive requestVote(ELECTION, afa38d33-fc19-42e5-bc19-641228a4898b, group-79979D135BFE, 1, (t:0, i:0))
2023-01-10 01:13:48,046 [grpc-default-executor-1] INFO  impl.VoteContext (VoteContext.java:log(49)) - 498755a8-f2f1-47a5-bb38-b65b10b21bcc@group-79979D135BFE-FOLLOWER: reject ELECTION from afa38d33-fc19-42e5-bc19-641228a4898b: our priority 1 > candidate's priority 0
2023-01-10 01:13:48,046 [grpc-default-executor-1] INFO  server.RaftServer$Division (RaftServerImpl.java:setRole(321)) - 498755a8-f2f1-47a5-bb38-b65b10b21bcc@group-79979D135BFE: changes role from  FOLLOWER to FOLLOWER at term 1 for candidate:afa38d33-fc19-42e5-bc19-641228a4898b
2023-01-10 01:13:48,046 [grpc-default-executor-1] INFO  impl.RoleInfo (RoleInfo.java:shutdownFollowerState(110)) - 498755a8-f2f1-47a5-bb38-b65b10b21bcc: shutdown 498755a8-f2f1-47a5-bb38-b65b10b21bcc@group-79979D135BFE-FollowerState
2023-01-10 01:13:48,046 [grpc-default-executor-1] INFO  impl.RoleInfo (RoleInfo.java:updateAndGet(139)) - 498755a8-f2f1-47a5-bb38-b65b10b21bcc: start 498755a8-f2f1-47a5-bb38-b65b10b21bcc@group-79979D135BFE-FollowerState
2023-01-10 01:13:48,046 [498755a8-f2f1-47a5-bb38-b65b10b21bcc@group-79979D135BFE-FollowerState] INFO  impl.FollowerState (FollowerState.java:run(152)) - 498755a8-f2f1-47a5-bb38-b65b10b21bcc@group-79979D135BFE-FollowerState was interrupted
2023-01-10 01:13:48,055 [498755a8-f2f1-47a5-bb38-b65b10b21bcc@group-79979D135BFE-FollowerState] INFO  server.RaftServerConfigKeys (ConfUtils.java:logFallback(53)) - raft.server.rpc.first-election.timeout.min = 5s (fallback to raft.server.rpc.timeout.min)
2023-01-10 01:13:48,055 [grpc-default-executor-1] INFO  server.RaftServer$Division (RaftServerImpl.java:requestVote(1251)) - 498755a8-f2f1-47a5-bb38-b65b10b21bcc@group-79979D135BFE replies to ELECTION vote request: afa38d33-fc19-42e5-bc19-641228a4898b<-498755a8-f2f1-47a5-bb38-b65b10b21bcc#0:FAIL-t1. Peer's state: 498755a8-f2f1-47a5-bb38-b65b10b21bcc@group-79979D135BFE:t1, leader=null, voted=null, raftlog=Memoized:498755a8-f2f1-47a5-bb38-b65b10b21bcc@group-79979D135BFE-SegmentedRaftLog:OPENED:c-1, conf=-1: peers:[755113df-b2d2-4f4d-a016-da6f7eba54ac|rpc:10.1.0.24:40991|dataStream:10.1.0.24:38909|priority:0|startupRole:FOLLOWER, 498755a8-f2f1-47a5-bb38-b65b10b21bcc|rpc:10.1.0.24:40949|dataStream:10.1.0.24:39249|priority:1|startupRole:FOLLOWER, afa38d33-fc19-42e5-bc19-641228a4898b|rpc:10.1.0.24:37195|dataStream:10.1.0.24:33715|priority:0|startupRole:FOLLOWER]|listeners:[], old=null
2023-01-10 01:13:48,055 [498755a8-f2f1-47a5-bb38-b65b10b21bcc@group-79979D135BFE-FollowerState] INFO  server.RaftServerConfigKeys (ConfUtils.java:logFallback(53)) - raft.server.rpc.first-election.timeout.max = 5200ms (fallback to raft.server.rpc.timeout.max)
2023-01-10 01:13:48,056 [afa38d33-fc19-42e5-bc19-641228a4898b@group-79979D135BFE-LeaderElection24] INFO  impl.LeaderElection (LeaderElection.java:logAndReturn(90)) - afa38d33-fc19-42e5-bc19-641228a4898b@group-79979D135BFE-LeaderElection24: ELECTION REJECTED received 2 response(s) and 0 exception(s):
2023-01-10 01:13:48,056 [afa38d33-fc19-42e5-bc19-641228a4898b@group-79979D135BFE-LeaderElection24] INFO  impl.LeaderElection (LeaderElection.java:logAndReturn(94)) -   Response 0: afa38d33-fc19-42e5-bc19-641228a4898b<-755113df-b2d2-4f4d-a016-da6f7eba54ac#0:OK-t1
2023-01-10 01:13:48,056 [afa38d33-fc19-42e5-bc19-641228a4898b@group-79979D135BFE-LeaderElection24] INFO  impl.LeaderElection (LeaderElection.java:logAndReturn(94)) -   Response 1: afa38d33-fc19-42e5-bc19-641228a4898b<-498755a8-f2f1-47a5-bb38-b65b10b21bcc#0:FAIL-t1
2023-01-10 01:13:48,056 [afa38d33-fc19-42e5-bc19-641228a4898b@group-79979D135BFE-LeaderElection24] INFO  impl.LeaderElection (LeaderElection.java:askForVotes(314)) - afa38d33-fc19-42e5-bc19-641228a4898b@group-79979D135BFE-LeaderElection24 ELECTION round 0: result REJECTED
2023-01-10 01:13:48,056 [afa38d33-fc19-42e5-bc19-641228a4898b@group-79979D135BFE-LeaderElection24] INFO  server.RaftServer$Division (RaftServerImpl.java:setRole(321)) - afa38d33-fc19-42e5-bc19-641228a4898b@group-79979D135BFE: changes role from CANDIDATE to FOLLOWER at term 1 for REJECTED
2023-01-10 01:13:48,059 [afa38d33-fc19-42e5-bc19-641228a4898b@group-79979D135BFE-LeaderElection24] INFO  impl.RoleInfo (RoleInfo.java:shutdownLeaderElection(130)) - afa38d33-fc19-42e5-bc19-641228a4898b: shutdown afa38d33-fc19-42e5-bc19-641228a4898b@group-79979D135BFE-LeaderElection24
2023-01-10 01:13:48,059 [afa38d33-fc19-42e5-bc19-641228a4898b@group-79979D135BFE-LeaderElection24] INFO  impl.RoleInfo (RoleInfo.java:updateAndGet(139)) - afa38d33-fc19-42e5-bc19-641228a4898b: start afa38d33-fc19-42e5-bc19-641228a4898b@group-79979D135BFE-FollowerState
2023-01-10 01:13:48,059 [afa38d33-fc19-42e5-bc19-641228a4898b@group-79979D135BFE-FollowerState] INFO  server.RaftServerConfigKeys (ConfUtils.java:logFallback(53)) - raft.server.rpc.first-election.timeout.min = 5s (fallback to raft.server.rpc.timeout.min)
2023-01-10 01:13:48,059 [afa38d33-fc19-42e5-bc19-641228a4898b@group-79979D135BFE-FollowerState] INFO  server.RaftServerConfigKeys (ConfUtils.java:logFallback(53)) - raft.server.rpc.first-election.timeout.max = 5200ms (fallback to raft.server.rpc.timeout.max)
2023-01-10 01:13:48,182 [755113df-b2d2-4f4d-a016-da6f7eba54ac@group-899B3966D85D-FollowerState] INFO  impl.FollowerState (FollowerState.java:run(143)) - 755113df-b2d2-4f4d-a016-da6f7eba54ac@group-899B3966D85D-FollowerState: change to CANDIDATE, lastRpcElapsedTime:5042494309ns, electionTimeout:5042ms
2023-01-10 01:13:48,182 [755113df-b2d2-4f4d-a016-da6f7eba54ac@group-899B3966D85D-FollowerState] INFO  impl.RoleInfo (RoleInfo.java:shutdownFollowerState(110)) - 755113df-b2d2-4f4d-a016-da6f7eba54ac: shutdown 755113df-b2d2-4f4d-a016-da6f7eba54ac@group-899B3966D85D-FollowerState
2023-01-10 01:13:48,183 [755113df-b2d2-4f4d-a016-da6f7eba54ac@group-899B3966D85D-FollowerState] INFO  server.RaftServer$Division (RaftServerImpl.java:setRole(321)) - 755113df-b2d2-4f4d-a016-da6f7eba54ac@group-899B3966D85D: changes role from  FOLLOWER to CANDIDATE at term 0 for changeToCandidate
2023-01-10 01:13:48,183 [755113df-b2d2-4f4d-a016-da6f7eba54ac@group-899B3966D85D-FollowerState] INFO  server.RaftServerConfigKeys (ConfUtils.java:logGet(46)) - raft.server.leaderelection.pre-vote = false (custom)
2023-01-10 01:13:48,183 [755113df-b2d2-4f4d-a016-da6f7eba54ac@group-899B3966D85D-FollowerState] INFO  impl.RoleInfo (RoleInfo.java:updateAndGet(139)) - 755113df-b2d2-4f4d-a016-da6f7eba54ac: start 755113df-b2d2-4f4d-a016-da6f7eba54ac@group-899B3966D85D-LeaderElection25
2023-01-10 01:13:48,185 [498755a8-f2f1-47a5-bb38-b65b10b21bcc@group-899B3966D85D-FollowerState] INFO  impl.FollowerState (FollowerState.java:run(143)) - 498755a8-f2f1-47a5-bb38-b65b10b21bcc@group-899B3966D85D-FollowerState: change to CANDIDATE, lastRpcElapsedTime:5011923006ns, electionTimeout:5011ms
2023-01-10 01:13:48,185 [498755a8-f2f1-47a5-bb38-b65b10b21bcc@group-899B3966D85D-FollowerState] INFO  impl.RoleInfo (RoleInfo.java:shutdownFollowerState(110)) - 498755a8-f2f1-47a5-bb38-b65b10b21bcc: shutdown 498755a8-f2f1-47a5-bb38-b65b10b21bcc@group-899B3966D85D-FollowerState
2023-01-10 01:13:48,185 [498755a8-f2f1-47a5-bb38-b65b10b21bcc@group-899B3966D85D-FollowerState] INFO  server.RaftServer$Division (RaftServerImpl.java:setRole(321)) - 498755a8-f2f1-47a5-bb38-b65b10b21bcc@group-899B3966D85D: changes role from  FOLLOWER to CANDIDATE at term 0 for changeToCandidate
2023-01-10 01:13:48,185 [498755a8-f2f1-47a5-bb38-b65b10b21bcc@group-899B3966D85D-FollowerState] INFO  server.RaftServerConfigKeys (ConfUtils.java:logGet(46)) - raft.server.leaderelection.pre-vote = false (custom)
2023-01-10 01:13:48,185 [498755a8-f2f1-47a5-bb38-b65b10b21bcc@group-899B3966D85D-FollowerState] INFO  impl.RoleInfo (RoleInfo.java:updateAndGet(139)) - 498755a8-f2f1-47a5-bb38-b65b10b21bcc: start 498755a8-f2f1-47a5-bb38-b65b10b21bcc@group-899B3966D85D-LeaderElection26
2023-01-10 01:13:48,186 [755113df-b2d2-4f4d-a016-da6f7eba54ac@group-899B3966D85D-LeaderElection25] INFO  impl.LeaderElection (LeaderElection.java:askForVotes(312)) - 755113df-b2d2-4f4d-a016-da6f7eba54ac@group-899B3966D85D-LeaderElection25 ELECTION round 0: submit vote requests at term 1 for -1: peers:[755113df-b2d2-4f4d-a016-da6f7eba54ac|rpc:10.1.0.24:40991|dataStream:10.1.0.24:38909|priority:0|startupRole:FOLLOWER, 498755a8-f2f1-47a5-bb38-b65b10b21bcc|rpc:10.1.0.24:40949|dataStream:10.1.0.24:39249|priority:0|startupRole:FOLLOWER, afa38d33-fc19-42e5-bc19-641228a4898b|rpc:10.1.0.24:37195|dataStream:10.1.0.24:33715|priority:1|startupRole:FOLLOWER]|listeners:[], old=null
2023-01-10 01:13:48,186 [755113df-b2d2-4f4d-a016-da6f7eba54ac@group-899B3966D85D-LeaderElection25-1] INFO  server.GrpcServerProtocolClient (GrpcServerProtocolClient.java:<init>(63)) - Build channel for 498755a8-f2f1-47a5-bb38-b65b10b21bcc
2023-01-10 01:13:48,189 [755113df-b2d2-4f4d-a016-da6f7eba54ac@group-899B3966D85D-LeaderElection25] INFO  server.RaftServerConfigKeys (ConfUtils.java:logFallback(53)) - raft.server.rpc.first-election.timeout.min = 5s (fallback to raft.server.rpc.timeout.min)
2023-01-10 01:13:48,189 [755113df-b2d2-4f4d-a016-da6f7eba54ac@group-899B3966D85D-LeaderElection25] INFO  server.RaftServerConfigKeys (ConfUtils.java:logFallback(53)) - raft.server.rpc.first-election.timeout.max = 5200ms (fallback to raft.server.rpc.timeout.max)
2023-01-10 01:13:48,190 [755113df-b2d2-4f4d-a016-da6f7eba54ac@group-899B3966D85D-LeaderElection25-2] INFO  server.GrpcServerProtocolClient (GrpcServerProtocolClient.java:<init>(63)) - Build channel for afa38d33-fc19-42e5-bc19-641228a4898b
2023-01-10 01:13:48,192 [grpc-default-executor-1] INFO  server.RaftServer$Division (RaftServerImpl.java:requestVote(1218)) - 498755a8-f2f1-47a5-bb38-b65b10b21bcc@group-899B3966D85D: receive requestVote(ELECTION, 755113df-b2d2-4f4d-a016-da6f7eba54ac, group-899B3966D85D, 1, (t:0, i:0))
2023-01-10 01:13:48,192 [grpc-default-executor-1] INFO  impl.VoteContext (VoteContext.java:log(49)) - 498755a8-f2f1-47a5-bb38-b65b10b21bcc@group-899B3966D85D-CANDIDATE: accept ELECTION from 755113df-b2d2-4f4d-a016-da6f7eba54ac: our priority 0 <= candidate's priority 0
2023-01-10 01:13:48,192 [grpc-default-executor-1] INFO  server.RaftServer$Division (RaftServerImpl.java:setRole(321)) - 498755a8-f2f1-47a5-bb38-b65b10b21bcc@group-899B3966D85D: changes role from CANDIDATE to FOLLOWER at term 1 for candidate:755113df-b2d2-4f4d-a016-da6f7eba54ac
2023-01-10 01:13:48,192 [grpc-default-executor-1] INFO  impl.RoleInfo (RoleInfo.java:shutdownLeaderElection(130)) - 498755a8-f2f1-47a5-bb38-b65b10b21bcc: shutdown 498755a8-f2f1-47a5-bb38-b65b10b21bcc@group-899B3966D85D-LeaderElection26
2023-01-10 01:13:48,192 [grpc-default-executor-1] INFO  impl.RoleInfo (RoleInfo.java:updateAndGet(139)) - 498755a8-f2f1-47a5-bb38-b65b10b21bcc: start 498755a8-f2f1-47a5-bb38-b65b10b21bcc@group-899B3966D85D-FollowerState
2023-01-10 01:13:48,194 [498755a8-f2f1-47a5-bb38-b65b10b21bcc@group-899B3966D85D-FollowerState] INFO  server.RaftServerConfigKeys (ConfUtils.java:logFallback(53)) - raft.server.rpc.first-election.timeout.min = 5s (fallback to raft.server.rpc.timeout.min)
2023-01-10 01:13:48,194 [498755a8-f2f1-47a5-bb38-b65b10b21bcc@group-899B3966D85D-FollowerState] INFO  server.RaftServerConfigKeys (ConfUtils.java:logFallback(53)) - raft.server.rpc.first-election.timeout.max = 5200ms (fallback to raft.server.rpc.timeout.max)
2023-01-10 01:13:48,195 [grpc-default-executor-1] INFO  server.RaftServer$Division (RaftServerImpl.java:requestVote(1251)) - 498755a8-f2f1-47a5-bb38-b65b10b21bcc@group-899B3966D85D replies to ELECTION vote request: 755113df-b2d2-4f4d-a016-da6f7eba54ac<-498755a8-f2f1-47a5-bb38-b65b10b21bcc#0:OK-t1. Peer's state: 498755a8-f2f1-47a5-bb38-b65b10b21bcc@group-899B3966D85D:t1, leader=null, voted=755113df-b2d2-4f4d-a016-da6f7eba54ac, raftlog=Memoized:498755a8-f2f1-47a5-bb38-b65b10b21bcc@group-899B3966D85D-SegmentedRaftLog:OPENED:c-1, conf=-1: peers:[755113df-b2d2-4f4d-a016-da6f7eba54ac|rpc:10.1.0.24:40991|dataStream:10.1.0.24:38909|priority:0|startupRole:FOLLOWER, 498755a8-f2f1-47a5-bb38-b65b10b21bcc|rpc:10.1.0.24:40949|dataStream:10.1.0.24:39249|priority:0|startupRole:FOLLOWER, afa38d33-fc19-42e5-bc19-641228a4898b|rpc:10.1.0.24:37195|dataStream:10.1.0.24:33715|priority:1|startupRole:FOLLOWER]|listeners:[], old=null
2023-01-10 01:13:48,196 [afa38d33-fc19-42e5-bc19-641228a4898b@group-899B3966D85D-FollowerState] INFO  impl.FollowerState (FollowerState.java:run(143)) - afa38d33-fc19-42e5-bc19-641228a4898b@group-899B3966D85D-FollowerState: change to CANDIDATE, lastRpcElapsedTime:5085794580ns, electionTimeout:5081ms
2023-01-10 01:13:48,196 [afa38d33-fc19-42e5-bc19-641228a4898b@group-899B3966D85D-FollowerState] INFO  impl.RoleInfo (RoleInfo.java:shutdownFollowerState(110)) - afa38d33-fc19-42e5-bc19-641228a4898b: shutdown afa38d33-fc19-42e5-bc19-641228a4898b@group-899B3966D85D-FollowerState
2023-01-10 01:13:48,196 [afa38d33-fc19-42e5-bc19-641228a4898b@group-899B3966D85D-FollowerState] INFO  server.RaftServer$Division (RaftServerImpl.java:setRole(321)) - afa38d33-fc19-42e5-bc19-641228a4898b@group-899B3966D85D: changes role from  FOLLOWER to CANDIDATE at term 0 for changeToCandidate
2023-01-10 01:13:48,196 [afa38d33-fc19-42e5-bc19-641228a4898b@group-899B3966D85D-FollowerState] INFO  server.RaftServerConfigKeys (ConfUtils.java:logGet(46)) - raft.server.leaderelection.pre-vote = false (custom)
2023-01-10 01:13:48,196 [afa38d33-fc19-42e5-bc19-641228a4898b@group-899B3966D85D-FollowerState] INFO  impl.RoleInfo (RoleInfo.java:updateAndGet(139)) - afa38d33-fc19-42e5-bc19-641228a4898b: start afa38d33-fc19-42e5-bc19-641228a4898b@group-899B3966D85D-LeaderElection27
2023-01-10 01:13:48,202 [grpc-default-executor-1] INFO  server.RaftServer$Division (RaftServerImpl.java:requestVote(1218)) - afa38d33-fc19-42e5-bc19-641228a4898b@group-899B3966D85D: receive requestVote(ELECTION, 755113df-b2d2-4f4d-a016-da6f7eba54ac, group-899B3966D85D, 1, (t:0, i:0))
2023-01-10 01:13:48,204 [afa38d33-fc19-42e5-bc19-641228a4898b@group-899B3966D85D-LeaderElection27] INFO  impl.LeaderElection (LeaderElection.java:askForVotes(312)) - afa38d33-fc19-42e5-bc19-641228a4898b@group-899B3966D85D-LeaderElection27 ELECTION round 0: submit vote requests at term 1 for -1: peers:[755113df-b2d2-4f4d-a016-da6f7eba54ac|rpc:10.1.0.24:40991|dataStream:10.1.0.24:38909|priority:0|startupRole:FOLLOWER, 498755a8-f2f1-47a5-bb38-b65b10b21bcc|rpc:10.1.0.24:40949|dataStream:10.1.0.24:39249|priority:0|startupRole:FOLLOWER, afa38d33-fc19-42e5-bc19-641228a4898b|rpc:10.1.0.24:37195|dataStream:10.1.0.24:33715|priority:1|startupRole:FOLLOWER]|listeners:[], old=null
2023-01-10 01:13:48,205 [grpc-default-executor-1] INFO  impl.VoteContext (VoteContext.java:log(49)) - afa38d33-fc19-42e5-bc19-641228a4898b@group-899B3966D85D-CANDIDATE: reject ELECTION from 755113df-b2d2-4f4d-a016-da6f7eba54ac: already has voted for afa38d33-fc19-42e5-bc19-641228a4898b at current term 1
2023-01-10 01:13:48,206 [grpc-default-executor-1] INFO  server.RaftServer$Division (RaftServerImpl.java:requestVote(1251)) - afa38d33-fc19-42e5-bc19-641228a4898b@group-899B3966D85D replies to ELECTION vote request: 755113df-b2d2-4f4d-a016-da6f7eba54ac<-afa38d33-fc19-42e5-bc19-641228a4898b#0:FAIL-t1. Peer's state: afa38d33-fc19-42e5-bc19-641228a4898b@group-899B3966D85D:t1, leader=null, voted=afa38d33-fc19-42e5-bc19-641228a4898b, raftlog=Memoized:afa38d33-fc19-42e5-bc19-641228a4898b@group-899B3966D85D-SegmentedRaftLog:OPENED:c-1, conf=-1: peers:[755113df-b2d2-4f4d-a016-da6f7eba54ac|rpc:10.1.0.24:40991|dataStream:10.1.0.24:38909|priority:0|startupRole:FOLLOWER, 498755a8-f2f1-47a5-bb38-b65b10b21bcc|rpc:10.1.0.24:40949|dataStream:10.1.0.24:39249|priority:0|startupRole:FOLLOWER, afa38d33-fc19-42e5-bc19-641228a4898b|rpc:10.1.0.24:37195|dataStream:10.1.0.24:33715|priority:1|startupRole:FOLLOWER]|listeners:[], old=null
2023-01-10 01:13:48,208 [755113df-b2d2-4f4d-a016-da6f7eba54ac@group-899B3966D85D-LeaderElection25] INFO  impl.LeaderElection (LeaderElection.java:logAndReturn(90)) - 755113df-b2d2-4f4d-a016-da6f7eba54ac@group-899B3966D85D-LeaderElection25: ELECTION REJECTED received 2 response(s) and 0 exception(s):
2023-01-10 01:13:48,208 [755113df-b2d2-4f4d-a016-da6f7eba54ac@group-899B3966D85D-LeaderElection25] INFO  impl.LeaderElection (LeaderElection.java:logAndReturn(94)) -   Response 0: 755113df-b2d2-4f4d-a016-da6f7eba54ac<-498755a8-f2f1-47a5-bb38-b65b10b21bcc#0:OK-t1
2023-01-10 01:13:48,208 [755113df-b2d2-4f4d-a016-da6f7eba54ac@group-899B3966D85D-LeaderElection25] INFO  impl.LeaderElection (LeaderElection.java:logAndReturn(94)) -   Response 1: 755113df-b2d2-4f4d-a016-da6f7eba54ac<-afa38d33-fc19-42e5-bc19-641228a4898b#0:FAIL-t1
2023-01-10 01:13:48,208 [755113df-b2d2-4f4d-a016-da6f7eba54ac@group-899B3966D85D-LeaderElection25] INFO  impl.LeaderElection (LeaderElection.java:askForVotes(314)) - 755113df-b2d2-4f4d-a016-da6f7eba54ac@group-899B3966D85D-LeaderElection25 ELECTION round 0: result REJECTED
2023-01-10 01:13:48,210 [afa38d33-fc19-42e5-bc19-641228a4898b@group-899B3966D85D-LeaderElection27] INFO  server.RaftServerConfigKeys (ConfUtils.java:logFallback(53)) - raft.server.rpc.first-election.timeout.min = 5s (fallback to raft.server.rpc.timeout.min)
2023-01-10 01:13:48,210 [755113df-b2d2-4f4d-a016-da6f7eba54ac@group-899B3966D85D-LeaderElection25] INFO  server.RaftServer$Division (RaftServerImpl.java:setRole(321)) - 755113df-b2d2-4f4d-a016-da6f7eba54ac@group-899B3966D85D: changes role from CANDIDATE to FOLLOWER at term 1 for REJECTED
2023-01-10 01:13:48,210 [755113df-b2d2-4f4d-a016-da6f7eba54ac@group-899B3966D85D-LeaderElection25] INFO  impl.RoleInfo (RoleInfo.java:shutdownLeaderElection(130)) - 755113df-b2d2-4f4d-a016-da6f7eba54ac: shutdown 755113df-b2d2-4f4d-a016-da6f7eba54ac@group-899B3966D85D-LeaderElection25
2023-01-10 01:13:48,210 [755113df-b2d2-4f4d-a016-da6f7eba54ac@group-899B3966D85D-LeaderElection25] INFO  impl.RoleInfo (RoleInfo.java:updateAndGet(139)) - 755113df-b2d2-4f4d-a016-da6f7eba54ac: start 755113df-b2d2-4f4d-a016-da6f7eba54ac@group-899B3966D85D-FollowerState
2023-01-10 01:13:48,210 [afa38d33-fc19-42e5-bc19-641228a4898b@group-899B3966D85D-LeaderElection27] INFO  server.RaftServerConfigKeys (ConfUtils.java:logFallback(53)) - raft.server.rpc.first-election.timeout.max = 5200ms (fallback to raft.server.rpc.timeout.max)
2023-01-10 01:13:48,213 [grpc-default-executor-1] INFO  server.RaftServer$Division (RaftServerImpl.java:requestVote(1218)) - 755113df-b2d2-4f4d-a016-da6f7eba54ac@group-899B3966D85D: receive requestVote(ELECTION, afa38d33-fc19-42e5-bc19-641228a4898b, group-899B3966D85D, 1, (t:0, i:0))
2023-01-10 01:13:48,213 [grpc-default-executor-1] INFO  impl.VoteContext (VoteContext.java:log(49)) - 755113df-b2d2-4f4d-a016-da6f7eba54ac@group-899B3966D85D-FOLLOWER: reject ELECTION from afa38d33-fc19-42e5-bc19-641228a4898b: already has voted for 755113df-b2d2-4f4d-a016-da6f7eba54ac at current term 1
2023-01-10 01:13:48,213 [grpc-default-executor-1] INFO  server.RaftServer$Division (RaftServerImpl.java:requestVote(1251)) - 755113df-b2d2-4f4d-a016-da6f7eba54ac@group-899B3966D85D replies to ELECTION vote request: afa38d33-fc19-42e5-bc19-641228a4898b<-755113df-b2d2-4f4d-a016-da6f7eba54ac#0:FAIL-t1. Peer's state: 755113df-b2d2-4f4d-a016-da6f7eba54ac@group-899B3966D85D:t1, leader=null, voted=755113df-b2d2-4f4d-a016-da6f7eba54ac, raftlog=Memoized:755113df-b2d2-4f4d-a016-da6f7eba54ac@group-899B3966D85D-SegmentedRaftLog:OPENED:c-1, conf=-1: peers:[755113df-b2d2-4f4d-a016-da6f7eba54ac|rpc:10.1.0.24:40991|dataStream:10.1.0.24:38909|priority:0|startupRole:FOLLOWER, 498755a8-f2f1-47a5-bb38-b65b10b21bcc|rpc:10.1.0.24:40949|dataStream:10.1.0.24:39249|priority:0|startupRole:FOLLOWER, afa38d33-fc19-42e5-bc19-641228a4898b|rpc:10.1.0.24:37195|dataStream:10.1.0.24:33715|priority:1|startupRole:FOLLOWER]|listeners:[], old=null
2023-01-10 01:13:48,219 [grpc-default-executor-0] INFO  server.RaftServer$Division (RaftServerImpl.java:requestVote(1218)) - 498755a8-f2f1-47a5-bb38-b65b10b21bcc@group-899B3966D85D: receive requestVote(ELECTION, afa38d33-fc19-42e5-bc19-641228a4898b, group-899B3966D85D, 1, (t:0, i:0))
2023-01-10 01:13:48,220 [grpc-default-executor-0] INFO  impl.VoteContext (VoteContext.java:log(49)) - 498755a8-f2f1-47a5-bb38-b65b10b21bcc@group-899B3966D85D-FOLLOWER: reject ELECTION from afa38d33-fc19-42e5-bc19-641228a4898b: already has voted for 755113df-b2d2-4f4d-a016-da6f7eba54ac at current term 1
2023-01-10 01:13:48,220 [grpc-default-executor-0] INFO  server.RaftServer$Division (RaftServerImpl.java:requestVote(1251)) - 498755a8-f2f1-47a5-bb38-b65b10b21bcc@group-899B3966D85D replies to ELECTION vote request: afa38d33-fc19-42e5-bc19-641228a4898b<-498755a8-f2f1-47a5-bb38-b65b10b21bcc#0:FAIL-t1. Peer's state: 498755a8-f2f1-47a5-bb38-b65b10b21bcc@group-899B3966D85D:t1, leader=null, voted=755113df-b2d2-4f4d-a016-da6f7eba54ac, raftlog=Memoized:498755a8-f2f1-47a5-bb38-b65b10b21bcc@group-899B3966D85D-SegmentedRaftLog:OPENED:c-1, conf=-1: peers:[755113df-b2d2-4f4d-a016-da6f7eba54ac|rpc:10.1.0.24:40991|dataStream:10.1.0.24:38909|priority:0|startupRole:FOLLOWER, 498755a8-f2f1-47a5-bb38-b65b10b21bcc|rpc:10.1.0.24:40949|dataStream:10.1.0.24:39249|priority:0|startupRole:FOLLOWER, afa38d33-fc19-42e5-bc19-641228a4898b|rpc:10.1.0.24:37195|dataStream:10.1.0.24:33715|priority:1|startupRole:FOLLOWER]|listeners:[], old=null
2023-01-10 01:13:48,219 [755113df-b2d2-4f4d-a016-da6f7eba54ac@group-899B3966D85D-FollowerState] INFO  server.RaftServerConfigKeys (ConfUtils.java:logFallback(53)) - raft.server.rpc.first-election.timeout.min = 5s (fallback to raft.server.rpc.timeout.min)
2023-01-10 01:13:48,220 [755113df-b2d2-4f4d-a016-da6f7eba54ac@group-899B3966D85D-FollowerState] INFO  server.RaftServerConfigKeys (ConfUtils.java:logFallback(53)) - raft.server.rpc.first-election.timeout.max = 5200ms (fallback to raft.server.rpc.timeout.max)
2023-01-10 01:13:48,222 [afa38d33-fc19-42e5-bc19-641228a4898b@group-899B3966D85D-LeaderElection27] INFO  impl.LeaderElection (LeaderElection.java:logAndReturn(90)) - afa38d33-fc19-42e5-bc19-641228a4898b@group-899B3966D85D-LeaderElection27: ELECTION REJECTED received 2 response(s) and 0 exception(s):
2023-01-10 01:13:48,222 [afa38d33-fc19-42e5-bc19-641228a4898b@group-899B3966D85D-LeaderElection27] INFO  impl.LeaderElection (LeaderElection.java:logAndReturn(94)) -   Response 0: afa38d33-fc19-42e5-bc19-641228a4898b<-755113df-b2d2-4f4d-a016-da6f7eba54ac#0:FAIL-t1
2023-01-10 01:13:48,222 [afa38d33-fc19-42e5-bc19-641228a4898b@group-899B3966D85D-LeaderElection27] INFO  impl.LeaderElection (LeaderElection.java:logAndReturn(94)) -   Response 1: afa38d33-fc19-42e5-bc19-641228a4898b<-498755a8-f2f1-47a5-bb38-b65b10b21bcc#0:FAIL-t1
2023-01-10 01:13:48,222 [afa38d33-fc19-42e5-bc19-641228a4898b@group-899B3966D85D-LeaderElection27] INFO  impl.LeaderElection (LeaderElection.java:askForVotes(314)) - afa38d33-fc19-42e5-bc19-641228a4898b@group-899B3966D85D-LeaderElection27 ELECTION round 0: result REJECTED
2023-01-10 01:13:48,222 [afa38d33-fc19-42e5-bc19-641228a4898b@group-899B3966D85D-LeaderElection27] INFO  server.RaftServer$Division (RaftServerImpl.java:setRole(321)) - afa38d33-fc19-42e5-bc19-641228a4898b@group-899B3966D85D: changes role from CANDIDATE to FOLLOWER at term 1 for REJECTED
2023-01-10 01:13:48,222 [afa38d33-fc19-42e5-bc19-641228a4898b@group-899B3966D85D-LeaderElection27] INFO  impl.RoleInfo (RoleInfo.java:shutdownLeaderElection(130)) - afa38d33-fc19-42e5-bc19-641228a4898b: shutdown afa38d33-fc19-42e5-bc19-641228a4898b@group-899B3966D85D-LeaderElection27
2023-01-10 01:13:48,222 [afa38d33-fc19-42e5-bc19-641228a4898b@group-899B3966D85D-LeaderElection27] INFO  impl.RoleInfo (RoleInfo.java:updateAndGet(139)) - afa38d33-fc19-42e5-bc19-641228a4898b: start afa38d33-fc19-42e5-bc19-641228a4898b@group-899B3966D85D-FollowerState
2023-01-10 01:13:48,228 [afa38d33-fc19-42e5-bc19-641228a4898b@group-899B3966D85D-FollowerState] INFO  server.RaftServerConfigKeys (ConfUtils.java:logFallback(53)) - raft.server.rpc.first-election.timeout.min = 5s (fallback to raft.server.rpc.timeout.min)
2023-01-10 01:13:48,228 [afa38d33-fc19-42e5-bc19-641228a4898b@group-899B3966D85D-FollowerState] INFO  server.RaftServerConfigKeys (ConfUtils.java:logFallback(53)) - raft.server.rpc.first-election.timeout.max = 5200ms (fallback to raft.server.rpc.timeout.max)
2023-01-10 01:13:48,532 [Listener at 127.0.0.1/44191] INFO  ozone.MiniOzoneClusterImpl (MiniOzoneClusterImpl.java:lambda$waitForClusterToBeReady$0(218)) - Nodes are ready. Got 6 of 6 DN Heartbeats.
2023-01-10 01:13:48,533 [Listener at 127.0.0.1/44191] INFO  ozone.MiniOzoneClusterImpl (MiniOzoneClusterImpl.java:lambda$waitForClusterToBeReady$0(221)) - Waiting for cluster to exit safe mode
2023-01-10 01:13:48,533 [Listener at 127.0.0.1/44191] INFO  ozone.MiniOzoneClusterImpl (MiniOzoneClusterImpl.java:lambda$waitForClusterToBeReady$0(223)) - SCM became leader
2023-01-10 01:13:49,533 [Listener at 127.0.0.1/44191] INFO  ozone.MiniOzoneClusterImpl (MiniOzoneClusterImpl.java:lambda$waitForClusterToBeReady$0(218)) - Nodes are ready. Got 6 of 6 DN Heartbeats.
2023-01-10 01:13:49,533 [Listener at 127.0.0.1/44191] INFO  ozone.MiniOzoneClusterImpl (MiniOzoneClusterImpl.java:lambda$waitForClusterToBeReady$0(221)) - Waiting for cluster to exit safe mode
2023-01-10 01:13:49,533 [Listener at 127.0.0.1/44191] INFO  ozone.MiniOzoneClusterImpl (MiniOzoneClusterImpl.java:lambda$waitForClusterToBeReady$0(223)) - SCM became leader
2023-01-10 01:13:50,534 [Listener at 127.0.0.1/44191] INFO  ozone.MiniOzoneClusterImpl (MiniOzoneClusterImpl.java:lambda$waitForClusterToBeReady$0(218)) - Nodes are ready. Got 6 of 6 DN Heartbeats.
2023-01-10 01:13:50,534 [Listener at 127.0.0.1/44191] INFO  ozone.MiniOzoneClusterImpl (MiniOzoneClusterImpl.java:lambda$waitForClusterToBeReady$0(221)) - Waiting for cluster to exit safe mode
2023-01-10 01:13:50,534 [Listener at 127.0.0.1/44191] INFO  ozone.MiniOzoneClusterImpl (MiniOzoneClusterImpl.java:lambda$waitForClusterToBeReady$0(223)) - SCM became leader
2023-01-10 01:13:51,534 [Listener at 127.0.0.1/44191] INFO  ozone.MiniOzoneClusterImpl (MiniOzoneClusterImpl.java:lambda$waitForClusterToBeReady$0(218)) - Nodes are ready. Got 6 of 6 DN Heartbeats.
2023-01-10 01:13:51,535 [Listener at 127.0.0.1/44191] INFO  ozone.MiniOzoneClusterImpl (MiniOzoneClusterImpl.java:lambda$waitForClusterToBeReady$0(221)) - Waiting for cluster to exit safe mode
2023-01-10 01:13:51,535 [Listener at 127.0.0.1/44191] INFO  ozone.MiniOzoneClusterImpl (MiniOzoneClusterImpl.java:lambda$waitForClusterToBeReady$0(223)) - SCM became leader
2023-01-10 01:13:52,123 [1c34faa2-bf15-4077-af79-1a4fd95d48c3@group-78BA0C5E921B-FollowerState] INFO  impl.FollowerState (FollowerState.java:run(143)) - 1c34faa2-bf15-4077-af79-1a4fd95d48c3@group-78BA0C5E921B-FollowerState: change to CANDIDATE, lastRpcElapsedTime:5020035229ns, electionTimeout:5016ms
2023-01-10 01:13:52,123 [1c34faa2-bf15-4077-af79-1a4fd95d48c3@group-78BA0C5E921B-FollowerState] INFO  impl.RoleInfo (RoleInfo.java:shutdownFollowerState(110)) - 1c34faa2-bf15-4077-af79-1a4fd95d48c3: shutdown 1c34faa2-bf15-4077-af79-1a4fd95d48c3@group-78BA0C5E921B-FollowerState
2023-01-10 01:13:52,123 [1c34faa2-bf15-4077-af79-1a4fd95d48c3@group-78BA0C5E921B-FollowerState] INFO  server.RaftServer$Division (RaftServerImpl.java:setRole(321)) - 1c34faa2-bf15-4077-af79-1a4fd95d48c3@group-78BA0C5E921B: changes role from  FOLLOWER to CANDIDATE at term 1 for changeToCandidate
2023-01-10 01:13:52,123 [1c34faa2-bf15-4077-af79-1a4fd95d48c3@group-78BA0C5E921B-FollowerState] INFO  server.RaftServerConfigKeys (ConfUtils.java:logGet(46)) - raft.server.leaderelection.pre-vote = false (custom)
2023-01-10 01:13:52,123 [1c34faa2-bf15-4077-af79-1a4fd95d48c3@group-78BA0C5E921B-FollowerState] INFO  impl.RoleInfo (RoleInfo.java:updateAndGet(139)) - 1c34faa2-bf15-4077-af79-1a4fd95d48c3: start 1c34faa2-bf15-4077-af79-1a4fd95d48c3@group-78BA0C5E921B-LeaderElection28
2023-01-10 01:13:52,125 [1c34faa2-bf15-4077-af79-1a4fd95d48c3@group-78BA0C5E921B-LeaderElection28] INFO  impl.LeaderElection (LeaderElection.java:askForVotes(312)) - 1c34faa2-bf15-4077-af79-1a4fd95d48c3@group-78BA0C5E921B-LeaderElection28 ELECTION round 0: submit vote requests at term 2 for -1: peers:[b1e0bc18-8da5-4e58-9fa5-a506b45b1540|rpc:10.1.0.24:41835|dataStream:10.1.0.24:40391|priority:0|startupRole:FOLLOWER, 35948080-5e22-45ca-b6f3-be7de45bebca|rpc:10.1.0.24:40989|dataStream:10.1.0.24:42993|priority:1|startupRole:FOLLOWER, 1c34faa2-bf15-4077-af79-1a4fd95d48c3|rpc:10.1.0.24:38223|dataStream:10.1.0.24:46641|priority:0|startupRole:FOLLOWER]|listeners:[], old=null
2023-01-10 01:13:52,126 [1c34faa2-bf15-4077-af79-1a4fd95d48c3@group-78BA0C5E921B-LeaderElection28] INFO  server.RaftServerConfigKeys (ConfUtils.java:logFallback(53)) - raft.server.rpc.first-election.timeout.min = 5s (fallback to raft.server.rpc.timeout.min)
2023-01-10 01:13:52,126 [1c34faa2-bf15-4077-af79-1a4fd95d48c3@group-78BA0C5E921B-LeaderElection28-2] INFO  server.GrpcServerProtocolClient (GrpcServerProtocolClient.java:<init>(63)) - Build channel for 35948080-5e22-45ca-b6f3-be7de45bebca
2023-01-10 01:13:52,126 [1c34faa2-bf15-4077-af79-1a4fd95d48c3@group-78BA0C5E921B-LeaderElection28] INFO  server.RaftServerConfigKeys (ConfUtils.java:logFallback(53)) - raft.server.rpc.first-election.timeout.max = 5200ms (fallback to raft.server.rpc.timeout.max)
2023-01-10 01:13:52,126 [1c34faa2-bf15-4077-af79-1a4fd95d48c3@group-78BA0C5E921B-LeaderElection28-1] INFO  server.GrpcServerProtocolClient (GrpcServerProtocolClient.java:<init>(63)) - Build channel for b1e0bc18-8da5-4e58-9fa5-a506b45b1540
2023-01-10 01:13:52,137 [grpc-default-executor-1] INFO  server.RaftServer$Division (RaftServerImpl.java:requestVote(1218)) - b1e0bc18-8da5-4e58-9fa5-a506b45b1540@group-78BA0C5E921B: receive requestVote(ELECTION, 1c34faa2-bf15-4077-af79-1a4fd95d48c3, group-78BA0C5E921B, 2, (t:0, i:0))
2023-01-10 01:13:52,137 [grpc-default-executor-1] INFO  impl.VoteContext (VoteContext.java:log(49)) - b1e0bc18-8da5-4e58-9fa5-a506b45b1540@group-78BA0C5E921B-FOLLOWER: accept ELECTION from 1c34faa2-bf15-4077-af79-1a4fd95d48c3: our priority 0 <= candidate's priority 0
2023-01-10 01:13:52,137 [grpc-default-executor-1] INFO  server.RaftServer$Division (RaftServerImpl.java:setRole(321)) - b1e0bc18-8da5-4e58-9fa5-a506b45b1540@group-78BA0C5E921B: changes role from  FOLLOWER to FOLLOWER at term 2 for candidate:1c34faa2-bf15-4077-af79-1a4fd95d48c3
2023-01-10 01:13:52,137 [grpc-default-executor-1] INFO  impl.RoleInfo (RoleInfo.java:shutdownFollowerState(110)) - b1e0bc18-8da5-4e58-9fa5-a506b45b1540: shutdown b1e0bc18-8da5-4e58-9fa5-a506b45b1540@group-78BA0C5E921B-FollowerState
2023-01-10 01:13:52,137 [grpc-default-executor-1] INFO  impl.RoleInfo (RoleInfo.java:updateAndGet(139)) - b1e0bc18-8da5-4e58-9fa5-a506b45b1540: start b1e0bc18-8da5-4e58-9fa5-a506b45b1540@group-78BA0C5E921B-FollowerState
2023-01-10 01:13:52,137 [b1e0bc18-8da5-4e58-9fa5-a506b45b1540@group-78BA0C5E921B-FollowerState] INFO  impl.FollowerState (FollowerState.java:run(152)) - b1e0bc18-8da5-4e58-9fa5-a506b45b1540@group-78BA0C5E921B-FollowerState was interrupted
2023-01-10 01:13:52,138 [grpc-default-executor-0] INFO  server.RaftServer$Division (RaftServerImpl.java:requestVote(1218)) - 35948080-5e22-45ca-b6f3-be7de45bebca@group-78BA0C5E921B: receive requestVote(ELECTION, 1c34faa2-bf15-4077-af79-1a4fd95d48c3, group-78BA0C5E921B, 2, (t:0, i:0))
2023-01-10 01:13:52,139 [grpc-default-executor-0] INFO  impl.VoteContext (VoteContext.java:log(49)) - 35948080-5e22-45ca-b6f3-be7de45bebca@group-78BA0C5E921B-FOLLOWER: reject ELECTION from 1c34faa2-bf15-4077-af79-1a4fd95d48c3: our priority 1 > candidate's priority 0
2023-01-10 01:13:52,139 [grpc-default-executor-0] INFO  server.RaftServer$Division (RaftServerImpl.java:setRole(321)) - 35948080-5e22-45ca-b6f3-be7de45bebca@group-78BA0C5E921B: changes role from  FOLLOWER to FOLLOWER at term 2 for candidate:1c34faa2-bf15-4077-af79-1a4fd95d48c3
2023-01-10 01:13:52,139 [grpc-default-executor-0] INFO  impl.RoleInfo (RoleInfo.java:shutdownFollowerState(110)) - 35948080-5e22-45ca-b6f3-be7de45bebca: shutdown 35948080-5e22-45ca-b6f3-be7de45bebca@group-78BA0C5E921B-FollowerState
2023-01-10 01:13:52,139 [grpc-default-executor-0] INFO  impl.RoleInfo (RoleInfo.java:updateAndGet(139)) - 35948080-5e22-45ca-b6f3-be7de45bebca: start 35948080-5e22-45ca-b6f3-be7de45bebca@group-78BA0C5E921B-FollowerState
2023-01-10 01:13:52,139 [35948080-5e22-45ca-b6f3-be7de45bebca@group-78BA0C5E921B-FollowerState] INFO  impl.FollowerState (FollowerState.java:run(152)) - 35948080-5e22-45ca-b6f3-be7de45bebca@group-78BA0C5E921B-FollowerState was interrupted
2023-01-10 01:13:52,139 [b1e0bc18-8da5-4e58-9fa5-a506b45b1540@group-78BA0C5E921B-FollowerState] INFO  server.RaftServerConfigKeys (ConfUtils.java:logFallback(53)) - raft.server.rpc.first-election.timeout.min = 5s (fallback to raft.server.rpc.timeout.min)
2023-01-10 01:13:52,140 [b1e0bc18-8da5-4e58-9fa5-a506b45b1540@group-78BA0C5E921B-FollowerState] INFO  server.RaftServerConfigKeys (ConfUtils.java:logFallback(53)) - raft.server.rpc.first-election.timeout.max = 5200ms (fallback to raft.server.rpc.timeout.max)
2023-01-10 01:13:52,140 [35948080-5e22-45ca-b6f3-be7de45bebca@group-78BA0C5E921B-FollowerState] INFO  server.RaftServerConfigKeys (ConfUtils.java:logFallback(53)) - raft.server.rpc.first-election.timeout.min = 5s (fallback to raft.server.rpc.timeout.min)
2023-01-10 01:13:52,140 [35948080-5e22-45ca-b6f3-be7de45bebca@group-78BA0C5E921B-FollowerState] INFO  server.RaftServerConfigKeys (ConfUtils.java:logFallback(53)) - raft.server.rpc.first-election.timeout.max = 5200ms (fallback to raft.server.rpc.timeout.max)
2023-01-10 01:13:52,142 [grpc-default-executor-0] INFO  server.RaftServer$Division (RaftServerImpl.java:requestVote(1251)) - 35948080-5e22-45ca-b6f3-be7de45bebca@group-78BA0C5E921B replies to ELECTION vote request: 1c34faa2-bf15-4077-af79-1a4fd95d48c3<-35948080-5e22-45ca-b6f3-be7de45bebca#0:FAIL-t2. Peer's state: 35948080-5e22-45ca-b6f3-be7de45bebca@group-78BA0C5E921B:t2, leader=null, voted=null, raftlog=Memoized:35948080-5e22-45ca-b6f3-be7de45bebca@group-78BA0C5E921B-SegmentedRaftLog:OPENED:c-1, conf=-1: peers:[b1e0bc18-8da5-4e58-9fa5-a506b45b1540|rpc:10.1.0.24:41835|dataStream:10.1.0.24:40391|priority:0|startupRole:FOLLOWER, 35948080-5e22-45ca-b6f3-be7de45bebca|rpc:10.1.0.24:40989|dataStream:10.1.0.24:42993|priority:1|startupRole:FOLLOWER, 1c34faa2-bf15-4077-af79-1a4fd95d48c3|rpc:10.1.0.24:38223|dataStream:10.1.0.24:46641|priority:0|startupRole:FOLLOWER]|listeners:[], old=null
2023-01-10 01:13:52,143 [grpc-default-executor-1] INFO  server.RaftServer$Division (RaftServerImpl.java:requestVote(1251)) - b1e0bc18-8da5-4e58-9fa5-a506b45b1540@group-78BA0C5E921B replies to ELECTION vote request: 1c34faa2-bf15-4077-af79-1a4fd95d48c3<-b1e0bc18-8da5-4e58-9fa5-a506b45b1540#0:OK-t2. Peer's state: b1e0bc18-8da5-4e58-9fa5-a506b45b1540@group-78BA0C5E921B:t2, leader=null, voted=1c34faa2-bf15-4077-af79-1a4fd95d48c3, raftlog=Memoized:b1e0bc18-8da5-4e58-9fa5-a506b45b1540@group-78BA0C5E921B-SegmentedRaftLog:OPENED:c-1, conf=-1: peers:[b1e0bc18-8da5-4e58-9fa5-a506b45b1540|rpc:10.1.0.24:41835|dataStream:10.1.0.24:40391|priority:0|startupRole:FOLLOWER, 35948080-5e22-45ca-b6f3-be7de45bebca|rpc:10.1.0.24:40989|dataStream:10.1.0.24:42993|priority:1|startupRole:FOLLOWER, 1c34faa2-bf15-4077-af79-1a4fd95d48c3|rpc:10.1.0.24:38223|dataStream:10.1.0.24:46641|priority:0|startupRole:FOLLOWER]|listeners:[], old=null
2023-01-10 01:13:52,144 [1c34faa2-bf15-4077-af79-1a4fd95d48c3@group-78BA0C5E921B-LeaderElection28] INFO  impl.LeaderElection (LeaderElection.java:logAndReturn(90)) - 1c34faa2-bf15-4077-af79-1a4fd95d48c3@group-78BA0C5E921B-LeaderElection28: ELECTION REJECTED received 1 response(s) and 0 exception(s):
2023-01-10 01:13:52,144 [1c34faa2-bf15-4077-af79-1a4fd95d48c3@group-78BA0C5E921B-LeaderElection28] INFO  impl.LeaderElection (LeaderElection.java:logAndReturn(94)) -   Response 0: 1c34faa2-bf15-4077-af79-1a4fd95d48c3<-35948080-5e22-45ca-b6f3-be7de45bebca#0:FAIL-t2
2023-01-10 01:13:52,144 [1c34faa2-bf15-4077-af79-1a4fd95d48c3@group-78BA0C5E921B-LeaderElection28] INFO  impl.LeaderElection (LeaderElection.java:askForVotes(314)) - 1c34faa2-bf15-4077-af79-1a4fd95d48c3@group-78BA0C5E921B-LeaderElection28 ELECTION round 0: result REJECTED
2023-01-10 01:13:52,144 [1c34faa2-bf15-4077-af79-1a4fd95d48c3@group-78BA0C5E921B-LeaderElection28] INFO  server.RaftServer$Division (RaftServerImpl.java:setRole(321)) - 1c34faa2-bf15-4077-af79-1a4fd95d48c3@group-78BA0C5E921B: changes role from CANDIDATE to FOLLOWER at term 2 for REJECTED
2023-01-10 01:13:52,146 [1c34faa2-bf15-4077-af79-1a4fd95d48c3@group-78BA0C5E921B-LeaderElection28] INFO  impl.RoleInfo (RoleInfo.java:shutdownLeaderElection(130)) - 1c34faa2-bf15-4077-af79-1a4fd95d48c3: shutdown 1c34faa2-bf15-4077-af79-1a4fd95d48c3@group-78BA0C5E921B-LeaderElection28
2023-01-10 01:13:52,146 [1c34faa2-bf15-4077-af79-1a4fd95d48c3@group-78BA0C5E921B-LeaderElection28] INFO  impl.RoleInfo (RoleInfo.java:updateAndGet(139)) - 1c34faa2-bf15-4077-af79-1a4fd95d48c3: start 1c34faa2-bf15-4077-af79-1a4fd95d48c3@group-78BA0C5E921B-FollowerState
2023-01-10 01:13:52,150 [1c34faa2-bf15-4077-af79-1a4fd95d48c3@group-78BA0C5E921B-FollowerState] INFO  server.RaftServerConfigKeys (ConfUtils.java:logFallback(53)) - raft.server.rpc.first-election.timeout.min = 5s (fallback to raft.server.rpc.timeout.min)
2023-01-10 01:13:52,150 [1c34faa2-bf15-4077-af79-1a4fd95d48c3@group-78BA0C5E921B-FollowerState] INFO  server.RaftServerConfigKeys (ConfUtils.java:logFallback(53)) - raft.server.rpc.first-election.timeout.max = 5200ms (fallback to raft.server.rpc.timeout.max)
2023-01-10 01:13:52,258 [1c34faa2-bf15-4077-af79-1a4fd95d48c3@group-5A293A09BC8E-FollowerState] INFO  impl.FollowerState (FollowerState.java:run(143)) - 1c34faa2-bf15-4077-af79-1a4fd95d48c3@group-5A293A09BC8E-FollowerState: change to CANDIDATE, lastRpcElapsedTime:5033147103ns, electionTimeout:5029ms
2023-01-10 01:13:52,259 [1c34faa2-bf15-4077-af79-1a4fd95d48c3@group-5A293A09BC8E-FollowerState] INFO  impl.RoleInfo (RoleInfo.java:shutdownFollowerState(110)) - 1c34faa2-bf15-4077-af79-1a4fd95d48c3: shutdown 1c34faa2-bf15-4077-af79-1a4fd95d48c3@group-5A293A09BC8E-FollowerState
2023-01-10 01:13:52,259 [1c34faa2-bf15-4077-af79-1a4fd95d48c3@group-5A293A09BC8E-FollowerState] INFO  server.RaftServer$Division (RaftServerImpl.java:setRole(321)) - 1c34faa2-bf15-4077-af79-1a4fd95d48c3@group-5A293A09BC8E: changes role from  FOLLOWER to CANDIDATE at term 1 for changeToCandidate
2023-01-10 01:13:52,259 [1c34faa2-bf15-4077-af79-1a4fd95d48c3@group-5A293A09BC8E-FollowerState] INFO  server.RaftServerConfigKeys (ConfUtils.java:logGet(46)) - raft.server.leaderelection.pre-vote = false (custom)
2023-01-10 01:13:52,259 [1c34faa2-bf15-4077-af79-1a4fd95d48c3@group-5A293A09BC8E-FollowerState] INFO  impl.RoleInfo (RoleInfo.java:updateAndGet(139)) - 1c34faa2-bf15-4077-af79-1a4fd95d48c3: start 1c34faa2-bf15-4077-af79-1a4fd95d48c3@group-5A293A09BC8E-LeaderElection29
2023-01-10 01:13:52,260 [b1e0bc18-8da5-4e58-9fa5-a506b45b1540@group-5A293A09BC8E-FollowerState] INFO  impl.FollowerState (FollowerState.java:run(143)) - b1e0bc18-8da5-4e58-9fa5-a506b45b1540@group-5A293A09BC8E-FollowerState: change to CANDIDATE, lastRpcElapsedTime:5031994988ns, electionTimeout:5028ms
2023-01-10 01:13:52,261 [b1e0bc18-8da5-4e58-9fa5-a506b45b1540@group-5A293A09BC8E-FollowerState] INFO  impl.RoleInfo (RoleInfo.java:shutdownFollowerState(110)) - b1e0bc18-8da5-4e58-9fa5-a506b45b1540: shutdown b1e0bc18-8da5-4e58-9fa5-a506b45b1540@group-5A293A09BC8E-FollowerState
2023-01-10 01:13:52,261 [b1e0bc18-8da5-4e58-9fa5-a506b45b1540@group-5A293A09BC8E-FollowerState] INFO  server.RaftServer$Division (RaftServerImpl.java:setRole(321)) - b1e0bc18-8da5-4e58-9fa5-a506b45b1540@group-5A293A09BC8E: changes role from  FOLLOWER to CANDIDATE at term 1 for changeToCandidate
2023-01-10 01:13:52,261 [b1e0bc18-8da5-4e58-9fa5-a506b45b1540@group-5A293A09BC8E-FollowerState] INFO  server.RaftServerConfigKeys (ConfUtils.java:logGet(46)) - raft.server.leaderelection.pre-vote = false (custom)
2023-01-10 01:13:52,261 [b1e0bc18-8da5-4e58-9fa5-a506b45b1540@group-5A293A09BC8E-FollowerState] INFO  impl.RoleInfo (RoleInfo.java:updateAndGet(139)) - b1e0bc18-8da5-4e58-9fa5-a506b45b1540: start b1e0bc18-8da5-4e58-9fa5-a506b45b1540@group-5A293A09BC8E-LeaderElection30
2023-01-10 01:13:52,262 [1c34faa2-bf15-4077-af79-1a4fd95d48c3@group-5A293A09BC8E-LeaderElection29] INFO  impl.LeaderElection (LeaderElection.java:askForVotes(312)) - 1c34faa2-bf15-4077-af79-1a4fd95d48c3@group-5A293A09BC8E-LeaderElection29 ELECTION round 0: submit vote requests at term 2 for -1: peers:[b1e0bc18-8da5-4e58-9fa5-a506b45b1540|rpc:10.1.0.24:41835|dataStream:10.1.0.24:40391|priority:0|startupRole:FOLLOWER, 35948080-5e22-45ca-b6f3-be7de45bebca|rpc:10.1.0.24:40989|dataStream:10.1.0.24:42993|priority:0|startupRole:FOLLOWER, 1c34faa2-bf15-4077-af79-1a4fd95d48c3|rpc:10.1.0.24:38223|dataStream:10.1.0.24:46641|priority:1|startupRole:FOLLOWER]|listeners:[], old=null
2023-01-10 01:13:52,262 [1c34faa2-bf15-4077-af79-1a4fd95d48c3@group-5A293A09BC8E-LeaderElection29] INFO  server.RaftServerConfigKeys (ConfUtils.java:logFallback(53)) - raft.server.rpc.first-election.timeout.min = 5s (fallback to raft.server.rpc.timeout.min)
2023-01-10 01:13:52,262 [1c34faa2-bf15-4077-af79-1a4fd95d48c3@group-5A293A09BC8E-LeaderElection29] INFO  server.RaftServerConfigKeys (ConfUtils.java:logFallback(53)) - raft.server.rpc.first-election.timeout.max = 5200ms (fallback to raft.server.rpc.timeout.max)
2023-01-10 01:13:52,266 [grpc-default-executor-0] INFO  server.RaftServer$Division (RaftServerImpl.java:requestVote(1218)) - 35948080-5e22-45ca-b6f3-be7de45bebca@group-5A293A09BC8E: receive requestVote(ELECTION, 1c34faa2-bf15-4077-af79-1a4fd95d48c3, group-5A293A09BC8E, 2, (t:0, i:0))
2023-01-10 01:13:52,266 [grpc-default-executor-0] INFO  impl.VoteContext (VoteContext.java:log(49)) - 35948080-5e22-45ca-b6f3-be7de45bebca@group-5A293A09BC8E-FOLLOWER: accept ELECTION from 1c34faa2-bf15-4077-af79-1a4fd95d48c3: our priority 0 <= candidate's priority 1
2023-01-10 01:13:52,266 [grpc-default-executor-0] INFO  server.RaftServer$Division (RaftServerImpl.java:setRole(321)) - 35948080-5e22-45ca-b6f3-be7de45bebca@group-5A293A09BC8E: changes role from  FOLLOWER to FOLLOWER at term 2 for candidate:1c34faa2-bf15-4077-af79-1a4fd95d48c3
2023-01-10 01:13:52,266 [grpc-default-executor-0] INFO  impl.RoleInfo (RoleInfo.java:shutdownFollowerState(110)) - 35948080-5e22-45ca-b6f3-be7de45bebca: shutdown 35948080-5e22-45ca-b6f3-be7de45bebca@group-5A293A09BC8E-FollowerState
2023-01-10 01:13:52,266 [grpc-default-executor-0] INFO  impl.RoleInfo (RoleInfo.java:updateAndGet(139)) - 35948080-5e22-45ca-b6f3-be7de45bebca: start 35948080-5e22-45ca-b6f3-be7de45bebca@group-5A293A09BC8E-FollowerState
2023-01-10 01:13:52,266 [35948080-5e22-45ca-b6f3-be7de45bebca@group-5A293A09BC8E-FollowerState] INFO  impl.FollowerState (FollowerState.java:run(152)) - 35948080-5e22-45ca-b6f3-be7de45bebca@group-5A293A09BC8E-FollowerState was interrupted
2023-01-10 01:13:52,266 [b1e0bc18-8da5-4e58-9fa5-a506b45b1540@group-5A293A09BC8E-LeaderElection30] INFO  impl.LeaderElection (LeaderElection.java:askForVotes(312)) - b1e0bc18-8da5-4e58-9fa5-a506b45b1540@group-5A293A09BC8E-LeaderElection30 ELECTION round 0: submit vote requests at term 2 for -1: peers:[b1e0bc18-8da5-4e58-9fa5-a506b45b1540|rpc:10.1.0.24:41835|dataStream:10.1.0.24:40391|priority:0|startupRole:FOLLOWER, 35948080-5e22-45ca-b6f3-be7de45bebca|rpc:10.1.0.24:40989|dataStream:10.1.0.24:42993|priority:0|startupRole:FOLLOWER, 1c34faa2-bf15-4077-af79-1a4fd95d48c3|rpc:10.1.0.24:38223|dataStream:10.1.0.24:46641|priority:1|startupRole:FOLLOWER]|listeners:[], old=null
2023-01-10 01:13:52,267 [grpc-default-executor-1] INFO  server.RaftServer$Division (RaftServerImpl.java:requestVote(1218)) - b1e0bc18-8da5-4e58-9fa5-a506b45b1540@group-5A293A09BC8E: receive requestVote(ELECTION, 1c34faa2-bf15-4077-af79-1a4fd95d48c3, group-5A293A09BC8E, 2, (t:0, i:0))
2023-01-10 01:13:52,267 [grpc-default-executor-1] INFO  impl.VoteContext (VoteContext.java:log(49)) - b1e0bc18-8da5-4e58-9fa5-a506b45b1540@group-5A293A09BC8E-CANDIDATE: reject ELECTION from 1c34faa2-bf15-4077-af79-1a4fd95d48c3: already has voted for b1e0bc18-8da5-4e58-9fa5-a506b45b1540 at current term 2
2023-01-10 01:13:52,267 [grpc-default-executor-1] INFO  server.RaftServer$Division (RaftServerImpl.java:requestVote(1251)) - b1e0bc18-8da5-4e58-9fa5-a506b45b1540@group-5A293A09BC8E replies to ELECTION vote request: 1c34faa2-bf15-4077-af79-1a4fd95d48c3<-b1e0bc18-8da5-4e58-9fa5-a506b45b1540#0:FAIL-t2. Peer's state: b1e0bc18-8da5-4e58-9fa5-a506b45b1540@group-5A293A09BC8E:t2, leader=null, voted=b1e0bc18-8da5-4e58-9fa5-a506b45b1540, raftlog=Memoized:b1e0bc18-8da5-4e58-9fa5-a506b45b1540@group-5A293A09BC8E-SegmentedRaftLog:OPENED:c-1, conf=-1: peers:[b1e0bc18-8da5-4e58-9fa5-a506b45b1540|rpc:10.1.0.24:41835|dataStream:10.1.0.24:40391|priority:0|startupRole:FOLLOWER, 35948080-5e22-45ca-b6f3-be7de45bebca|rpc:10.1.0.24:40989|dataStream:10.1.0.24:42993|priority:0|startupRole:FOLLOWER, 1c34faa2-bf15-4077-af79-1a4fd95d48c3|rpc:10.1.0.24:38223|dataStream:10.1.0.24:46641|priority:1|startupRole:FOLLOWER]|listeners:[], old=null
2023-01-10 01:13:52,271 [grpc-default-executor-0] INFO  server.RaftServer$Division (RaftServerImpl.java:requestVote(1251)) - 35948080-5e22-45ca-b6f3-be7de45bebca@group-5A293A09BC8E replies to ELECTION vote request: 1c34faa2-bf15-4077-af79-1a4fd95d48c3<-35948080-5e22-45ca-b6f3-be7de45bebca#0:OK-t2. Peer's state: 35948080-5e22-45ca-b6f3-be7de45bebca@group-5A293A09BC8E:t2, leader=null, voted=1c34faa2-bf15-4077-af79-1a4fd95d48c3, raftlog=Memoized:35948080-5e22-45ca-b6f3-be7de45bebca@group-5A293A09BC8E-SegmentedRaftLog:OPENED:c-1, conf=-1: peers:[b1e0bc18-8da5-4e58-9fa5-a506b45b1540|rpc:10.1.0.24:41835|dataStream:10.1.0.24:40391|priority:0|startupRole:FOLLOWER, 35948080-5e22-45ca-b6f3-be7de45bebca|rpc:10.1.0.24:40989|dataStream:10.1.0.24:42993|priority:0|startupRole:FOLLOWER, 1c34faa2-bf15-4077-af79-1a4fd95d48c3|rpc:10.1.0.24:38223|dataStream:10.1.0.24:46641|priority:1|startupRole:FOLLOWER]|listeners:[], old=null
2023-01-10 01:13:52,272 [35948080-5e22-45ca-b6f3-be7de45bebca@group-5A293A09BC8E-FollowerState] INFO  server.RaftServerConfigKeys (ConfUtils.java:logFallback(53)) - raft.server.rpc.first-election.timeout.min = 5s (fallback to raft.server.rpc.timeout.min)
2023-01-10 01:13:52,272 [35948080-5e22-45ca-b6f3-be7de45bebca@group-5A293A09BC8E-FollowerState] INFO  server.RaftServerConfigKeys (ConfUtils.java:logFallback(53)) - raft.server.rpc.first-election.timeout.max = 5200ms (fallback to raft.server.rpc.timeout.max)
2023-01-10 01:13:52,275 [b1e0bc18-8da5-4e58-9fa5-a506b45b1540@group-5A293A09BC8E-LeaderElection30] INFO  server.RaftServerConfigKeys (ConfUtils.java:logFallback(53)) - raft.server.rpc.first-election.timeout.min = 5s (fallback to raft.server.rpc.timeout.min)
2023-01-10 01:13:52,275 [b1e0bc18-8da5-4e58-9fa5-a506b45b1540@group-5A293A09BC8E-LeaderElection30] INFO  server.RaftServerConfigKeys (ConfUtils.java:logFallback(53)) - raft.server.rpc.first-election.timeout.max = 5200ms (fallback to raft.server.rpc.timeout.max)
2023-01-10 01:13:52,276 [grpc-default-executor-0] INFO  server.RaftServer$Division (RaftServerImpl.java:requestVote(1218)) - 35948080-5e22-45ca-b6f3-be7de45bebca@group-5A293A09BC8E: receive requestVote(ELECTION, b1e0bc18-8da5-4e58-9fa5-a506b45b1540, group-5A293A09BC8E, 2, (t:0, i:0))
2023-01-10 01:13:52,277 [grpc-default-executor-0] INFO  impl.VoteContext (VoteContext.java:log(49)) - 35948080-5e22-45ca-b6f3-be7de45bebca@group-5A293A09BC8E-FOLLOWER: reject ELECTION from b1e0bc18-8da5-4e58-9fa5-a506b45b1540: already has voted for 1c34faa2-bf15-4077-af79-1a4fd95d48c3 at current term 2
2023-01-10 01:13:52,277 [grpc-default-executor-0] INFO  server.RaftServer$Division (RaftServerImpl.java:requestVote(1251)) - 35948080-5e22-45ca-b6f3-be7de45bebca@group-5A293A09BC8E replies to ELECTION vote request: b1e0bc18-8da5-4e58-9fa5-a506b45b1540<-35948080-5e22-45ca-b6f3-be7de45bebca#0:FAIL-t2. Peer's state: 35948080-5e22-45ca-b6f3-be7de45bebca@group-5A293A09BC8E:t2, leader=null, voted=1c34faa2-bf15-4077-af79-1a4fd95d48c3, raftlog=Memoized:35948080-5e22-45ca-b6f3-be7de45bebca@group-5A293A09BC8E-SegmentedRaftLog:OPENED:c-1, conf=-1: peers:[b1e0bc18-8da5-4e58-9fa5-a506b45b1540|rpc:10.1.0.24:41835|dataStream:10.1.0.24:40391|priority:0|startupRole:FOLLOWER, 35948080-5e22-45ca-b6f3-be7de45bebca|rpc:10.1.0.24:40989|dataStream:10.1.0.24:42993|priority:0|startupRole:FOLLOWER, 1c34faa2-bf15-4077-af79-1a4fd95d48c3|rpc:10.1.0.24:38223|dataStream:10.1.0.24:46641|priority:1|startupRole:FOLLOWER]|listeners:[], old=null
2023-01-10 01:13:52,277 [1c34faa2-bf15-4077-af79-1a4fd95d48c3@group-5A293A09BC8E-LeaderElection29] INFO  impl.LeaderElection (LeaderElection.java:logAndReturn(90)) - 1c34faa2-bf15-4077-af79-1a4fd95d48c3@group-5A293A09BC8E-LeaderElection29: ELECTION PASSED received 2 response(s) and 0 exception(s):
2023-01-10 01:13:52,277 [1c34faa2-bf15-4077-af79-1a4fd95d48c3@group-5A293A09BC8E-LeaderElection29] INFO  impl.LeaderElection (LeaderElection.java:logAndReturn(94)) -   Response 0: 1c34faa2-bf15-4077-af79-1a4fd95d48c3<-b1e0bc18-8da5-4e58-9fa5-a506b45b1540#0:FAIL-t2
2023-01-10 01:13:52,277 [1c34faa2-bf15-4077-af79-1a4fd95d48c3@group-5A293A09BC8E-LeaderElection29] INFO  impl.LeaderElection (LeaderElection.java:logAndReturn(94)) -   Response 1: 1c34faa2-bf15-4077-af79-1a4fd95d48c3<-35948080-5e22-45ca-b6f3-be7de45bebca#0:OK-t2
2023-01-10 01:13:52,277 [1c34faa2-bf15-4077-af79-1a4fd95d48c3@group-5A293A09BC8E-LeaderElection29] INFO  impl.LeaderElection (LeaderElection.java:askForVotes(314)) - 1c34faa2-bf15-4077-af79-1a4fd95d48c3@group-5A293A09BC8E-LeaderElection29 ELECTION round 0: result PASSED
2023-01-10 01:13:52,277 [1c34faa2-bf15-4077-af79-1a4fd95d48c3@group-5A293A09BC8E-LeaderElection29] INFO  impl.RoleInfo (RoleInfo.java:shutdownLeaderElection(130)) - 1c34faa2-bf15-4077-af79-1a4fd95d48c3: shutdown 1c34faa2-bf15-4077-af79-1a4fd95d48c3@group-5A293A09BC8E-LeaderElection29
2023-01-10 01:13:52,278 [1c34faa2-bf15-4077-af79-1a4fd95d48c3@group-5A293A09BC8E-LeaderElection29] INFO  server.RaftServer$Division (RaftServerImpl.java:setRole(321)) - 1c34faa2-bf15-4077-af79-1a4fd95d48c3@group-5A293A09BC8E: changes role from CANDIDATE to LEADER at term 2 for changeToLeader
2023-01-10 01:13:52,278 [1c34faa2-bf15-4077-af79-1a4fd95d48c3@group-5A293A09BC8E-LeaderElection29] INFO  ratis.XceiverServerRatis (XceiverServerRatis.java:handleLeaderChangedNotification(904)) - Leader change notification received for group: group-5A293A09BC8E with new leaderId: 1c34faa2-bf15-4077-af79-1a4fd95d48c3
2023-01-10 01:13:52,278 [1c34faa2-bf15-4077-af79-1a4fd95d48c3@group-5A293A09BC8E-LeaderElection29] INFO  server.RaftServer$Division (ServerState.java:setLeader(313)) - 1c34faa2-bf15-4077-af79-1a4fd95d48c3@group-5A293A09BC8E: change Leader from null to 1c34faa2-bf15-4077-af79-1a4fd95d48c3 at term 2 for becomeLeader, leader elected after 10153ms
2023-01-10 01:13:52,278 [1c34faa2-bf15-4077-af79-1a4fd95d48c3@group-5A293A09BC8E-LeaderElection29] INFO  server.RaftServerConfigKeys (ConfUtils.java:logGet(46)) - raft.server.staging.catchup.gap = 1000 (default)
2023-01-10 01:13:52,278 [1c34faa2-bf15-4077-af79-1a4fd95d48c3@group-5A293A09BC8E-LeaderElection29] INFO  server.RaftServerConfigKeys (ConfUtils.java:logGet(46)) - raft.server.write.element-limit = 1024 (custom)
2023-01-10 01:13:52,278 [1c34faa2-bf15-4077-af79-1a4fd95d48c3@group-5A293A09BC8E-LeaderElection29] INFO  server.RaftServerConfigKeys (ConfUtils.java:logGet(46)) - raft.server.write.byte-limit = 1024 M (=1073741824) (custom)
2023-01-10 01:13:52,278 [1c34faa2-bf15-4077-af79-1a4fd95d48c3@group-5A293A09BC8E-LeaderElection29] INFO  server.RaftServerConfigKeys (ConfUtils.java:logGet(46)) - raft.server.watch.timeout = 180s (custom)
2023-01-10 01:13:52,278 [1c34faa2-bf15-4077-af79-1a4fd95d48c3@group-5A293A09BC8E-LeaderElection29] INFO  server.RaftServerConfigKeys (ConfUtils.java:logGet(46)) - raft.server.watch.timeout.denomination = 1s (default)
2023-01-10 01:13:52,278 [1c34faa2-bf15-4077-af79-1a4fd95d48c3@group-5A293A09BC8E-LeaderElection29] INFO  server.RaftServerConfigKeys (ConfUtils.java:logGet(46)) - raft.server.watch.element-limit = 65536 (default)
2023-01-10 01:13:52,280 [grpc-default-executor-0] INFO  server.RaftServer$Division (RaftServerImpl.java:requestVote(1218)) - 1c34faa2-bf15-4077-af79-1a4fd95d48c3@group-5A293A09BC8E: receive requestVote(ELECTION, b1e0bc18-8da5-4e58-9fa5-a506b45b1540, group-5A293A09BC8E, 2, (t:0, i:0))
2023-01-10 01:13:52,280 [1c34faa2-bf15-4077-af79-1a4fd95d48c3@group-5A293A09BC8E-LeaderElection29] INFO  server.RaftServerConfigKeys (ConfUtils.java:logGet(46)) - raft.server.write.element-limit = 1024 (custom)
2023-01-10 01:13:52,280 [1c34faa2-bf15-4077-af79-1a4fd95d48c3@group-5A293A09BC8E-LeaderElection29] INFO  server.RaftServerConfigKeys (ConfUtils.java:logGet(46)) - raft.server.write.follower.gap.ratio.max = -1.0 (default)
2023-01-10 01:13:52,281 [1c34faa2-bf15-4077-af79-1a4fd95d48c3@group-5A293A09BC8E-LeaderElection29] INFO  server.RaftServerConfigKeys (ConfUtils.java:logGet(46)) - raft.server.log.appender.snapshot.chunk.size.max = 16MB (=16777216) (default)
2023-01-10 01:13:52,281 [1c34faa2-bf15-4077-af79-1a4fd95d48c3@group-5A293A09BC8E-LeaderElection29] INFO  server.RaftServerConfigKeys (ConfUtils.java:logGet(46)) - raft.server.log.appender.buffer.byte-limit = 33554432 (custom)
2023-01-10 01:13:52,281 [1c34faa2-bf15-4077-af79-1a4fd95d48c3@group-5A293A09BC8E-LeaderElection29] INFO  server.RaftServerConfigKeys (ConfUtils.java:logGet(46)) - raft.server.log.appender.buffer.element-limit = 1 (custom)
2023-01-10 01:13:52,281 [1c34faa2-bf15-4077-af79-1a4fd95d48c3@group-5A293A09BC8E-LeaderElection29] INFO  grpc.GrpcConfigKeys (ConfUtils.java:logGet(46)) - raft.grpc.server.leader.outstanding.appends.max = 128 (default)
2023-01-10 01:13:52,281 [1c34faa2-bf15-4077-af79-1a4fd95d48c3@group-5A293A09BC8E-LeaderElection29] INFO  server.RaftServerConfigKeys (ConfUtils.java:logGet(46)) - raft.server.rpc.request.timeout = 60s (custom)
2023-01-10 01:13:52,281 [1c34faa2-bf15-4077-af79-1a4fd95d48c3@group-5A293A09BC8E-LeaderElection29] INFO  server.RaftServerConfigKeys (ConfUtils.java:logGet(46)) - raft.server.log.appender.install.snapshot.enabled = false (custom)
2023-01-10 01:13:52,281 [1c34faa2-bf15-4077-af79-1a4fd95d48c3@group-5A293A09BC8E-LeaderElection29] INFO  grpc.GrpcConfigKeys (ConfUtils.java:logGet(46)) - raft.grpc.server.heartbeat.channel = true (default)
2023-01-10 01:13:52,281 [1c34faa2-bf15-4077-af79-1a4fd95d48c3@group-5A293A09BC8E-LeaderElection29] INFO  server.RaftServerConfigKeys (ConfUtils.java:logGet(46)) - raft.server.log.appender.wait-time.min = 10ms (default)
2023-01-10 01:13:52,282 [EventQueue-PipelineReportForPipelineReportHandler] INFO  pipeline.PipelineManagerImpl (PipelineManagerImpl.java:openPipeline(367)) - Pipeline Pipeline[ Id: 10b1e9b3-4f10-4e01-8782-5a293a09bc8e, Nodes: 35948080-5e22-45ca-b6f3-be7de45bebca{ip: 10.1.0.24, host: fv-az353-623.tkyx2seitsuu3nmpmouz2httfb.bx.internal.cloudapp.net, ports: [REPLICATION=40767, RATIS=40989, RATIS_ADMIN=40989, RATIS_SERVER=40989, RATIS_DATASTREAM=42993, STANDALONE=45119], networkLocation: /default-rack, certSerialId: null, persistedOpState: IN_SERVICE, persistedOpStateExpiryEpochSec: 0}b1e0bc18-8da5-4e58-9fa5-a506b45b1540{ip: 10.1.0.24, host: fv-az353-623.tkyx2seitsuu3nmpmouz2httfb.bx.internal.cloudapp.net, ports: [REPLICATION=45369, RATIS=41835, RATIS_ADMIN=41835, RATIS_SERVER=41835, RATIS_DATASTREAM=40391, STANDALONE=36863], networkLocation: /default-rack, certSerialId: null, persistedOpState: IN_SERVICE, persistedOpStateExpiryEpochSec: 0}1c34faa2-bf15-4077-af79-1a4fd95d48c3{ip: 10.1.0.24, host: fv-az353-623.tkyx2seitsuu3nmpmouz2httfb.bx.internal.cloudapp.net, ports: [REPLICATION=39507, RATIS=38223, RATIS_ADMIN=38223, RATIS_SERVER=38223, RATIS_DATASTREAM=46641, STANDALONE=43347], networkLocation: /default-rack, certSerialId: null, persistedOpState: IN_SERVICE, persistedOpStateExpiryEpochSec: 0}, ReplicationConfig: RATIS/THREE, State:ALLOCATED, leaderId:1c34faa2-bf15-4077-af79-1a4fd95d48c3, CreationTimestamp2023-01-10T01:13:39.597Z[Etc/UTC]] moved to OPEN state
2023-01-10 01:13:52,283 [1c34faa2-bf15-4077-af79-1a4fd95d48c3@group-5A293A09BC8E-LeaderElection29] INFO  server.RaftServerConfigKeys (ConfUtils.java:logGet(46)) - raft.server.log.appender.snapshot.chunk.size.max = 16MB (=16777216) (default)
2023-01-10 01:13:52,283 [1c34faa2-bf15-4077-af79-1a4fd95d48c3@group-5A293A09BC8E-LeaderElection29] INFO  server.RaftServerConfigKeys (ConfUtils.java:logGet(46)) - raft.server.log.appender.buffer.byte-limit = 33554432 (custom)
2023-01-10 01:13:52,283 [1c34faa2-bf15-4077-af79-1a4fd95d48c3@group-5A293A09BC8E-LeaderElection29] INFO  server.RaftServerConfigKeys (ConfUtils.java:logGet(46)) - raft.server.log.appender.buffer.element-limit = 1 (custom)
2023-01-10 01:13:52,283 [1c34faa2-bf15-4077-af79-1a4fd95d48c3@group-5A293A09BC8E-LeaderElection29] INFO  grpc.GrpcConfigKeys (ConfUtils.java:logGet(46)) - raft.grpc.server.leader.outstanding.appends.max = 128 (default)
2023-01-10 01:13:52,283 [1c34faa2-bf15-4077-af79-1a4fd95d48c3@group-5A293A09BC8E-LeaderElection29] INFO  server.RaftServerConfigKeys (ConfUtils.java:logGet(46)) - raft.server.rpc.request.timeout = 60s (custom)
2023-01-10 01:13:52,283 [1c34faa2-bf15-4077-af79-1a4fd95d48c3@group-5A293A09BC8E-LeaderElection29] INFO  server.RaftServerConfigKeys (ConfUtils.java:logGet(46)) - raft.server.log.appender.install.snapshot.enabled = false (custom)
2023-01-10 01:13:52,283 [1c34faa2-bf15-4077-af79-1a4fd95d48c3@group-5A293A09BC8E-LeaderElection29] INFO  grpc.GrpcConfigKeys (ConfUtils.java:logGet(46)) - raft.grpc.server.heartbeat.channel = true (default)
2023-01-10 01:13:52,283 [1c34faa2-bf15-4077-af79-1a4fd95d48c3@group-5A293A09BC8E-LeaderElection29] INFO  server.RaftServerConfigKeys (ConfUtils.java:logGet(46)) - raft.server.log.appender.wait-time.min = 10ms (default)
2023-01-10 01:13:52,283 [1c34faa2-bf15-4077-af79-1a4fd95d48c3@group-5A293A09BC8E-LeaderElection29] INFO  impl.RoleInfo (RoleInfo.java:updateAndGet(139)) - 1c34faa2-bf15-4077-af79-1a4fd95d48c3: start 1c34faa2-bf15-4077-af79-1a4fd95d48c3@group-5A293A09BC8E-LeaderStateImpl
2023-01-10 01:13:52,284 [1c34faa2-bf15-4077-af79-1a4fd95d48c3@group-5A293A09BC8E-LeaderElection29] INFO  segmented.SegmentedRaftLogWorker (SegmentedRaftLogWorker.java:startLogSegment(452)) - 1c34faa2-bf15-4077-af79-1a4fd95d48c3@group-5A293A09BC8E-SegmentedRaftLogWorker: Starting segment from index:0
2023-01-10 01:13:52,285 [1c34faa2-bf15-4077-af79-1a4fd95d48c3@group-5A293A09BC8E-SegmentedRaftLogWorker] INFO  segmented.SegmentedRaftLogWorker (SegmentedRaftLogWorker.java:execute(656)) - 1c34faa2-bf15-4077-af79-1a4fd95d48c3@group-5A293A09BC8E-SegmentedRaftLogWorker: created new log segment /home/runner/work/ozone/ozone/hadoop-ozone/integration-test/target/test-dir/MiniOzoneClusterImpl-62525788-12f1-42f6-8834-316215afea77/datanode-2/data/ratis/10b1e9b3-4f10-4e01-8782-5a293a09bc8e/current/log_inprogress_0
2023-01-10 01:13:52,295 [1c34faa2-bf15-4077-af79-1a4fd95d48c3@group-5A293A09BC8E-LeaderElection29] INFO  server.RaftServer$Division (ServerState.java:setRaftConf(430)) - 1c34faa2-bf15-4077-af79-1a4fd95d48c3@group-5A293A09BC8E: set configuration 0: peers:[b1e0bc18-8da5-4e58-9fa5-a506b45b1540|rpc:10.1.0.24:41835|dataStream:10.1.0.24:40391|priority:0|startupRole:FOLLOWER, 35948080-5e22-45ca-b6f3-be7de45bebca|rpc:10.1.0.24:40989|dataStream:10.1.0.24:42993|priority:0|startupRole:FOLLOWER, 1c34faa2-bf15-4077-af79-1a4fd95d48c3|rpc:10.1.0.24:38223|dataStream:10.1.0.24:46641|priority:1|startupRole:FOLLOWER]|listeners:[], old=null
2023-01-10 01:13:52,302 [grpc-default-executor-0] INFO  impl.VoteContext (VoteContext.java:log(49)) - 1c34faa2-bf15-4077-af79-1a4fd95d48c3@group-5A293A09BC8E-LEADER: reject ELECTION from b1e0bc18-8da5-4e58-9fa5-a506b45b1540: already has voted for 1c34faa2-bf15-4077-af79-1a4fd95d48c3 at current term 2
2023-01-10 01:13:52,302 [grpc-default-executor-0] INFO  server.RaftServer$Division (RaftServerImpl.java:requestVote(1251)) - 1c34faa2-bf15-4077-af79-1a4fd95d48c3@group-5A293A09BC8E replies to ELECTION vote request: b1e0bc18-8da5-4e58-9fa5-a506b45b1540<-1c34faa2-bf15-4077-af79-1a4fd95d48c3#0:FAIL-t2. Peer's state: 1c34faa2-bf15-4077-af79-1a4fd95d48c3@group-5A293A09BC8E:t2, leader=1c34faa2-bf15-4077-af79-1a4fd95d48c3, voted=1c34faa2-bf15-4077-af79-1a4fd95d48c3, raftlog=Memoized:1c34faa2-bf15-4077-af79-1a4fd95d48c3@group-5A293A09BC8E-SegmentedRaftLog:OPENED:c0, conf=0: peers:[b1e0bc18-8da5-4e58-9fa5-a506b45b1540|rpc:10.1.0.24:41835|dataStream:10.1.0.24:40391|priority:0|startupRole:FOLLOWER, 35948080-5e22-45ca-b6f3-be7de45bebca|rpc:10.1.0.24:40989|dataStream:10.1.0.24:42993|priority:0|startupRole:FOLLOWER, 1c34faa2-bf15-4077-af79-1a4fd95d48c3|rpc:10.1.0.24:38223|dataStream:10.1.0.24:46641|priority:1|startupRole:FOLLOWER]|listeners:[], old=null
2023-01-10 01:13:52,305 [b1e0bc18-8da5-4e58-9fa5-a506b45b1540@group-5A293A09BC8E-LeaderElection30] INFO  impl.LeaderElection (LeaderElection.java:logAndReturn(90)) - b1e0bc18-8da5-4e58-9fa5-a506b45b1540@group-5A293A09BC8E-LeaderElection30: ELECTION REJECTED received 2 response(s) and 0 exception(s):
2023-01-10 01:13:52,305 [b1e0bc18-8da5-4e58-9fa5-a506b45b1540@group-5A293A09BC8E-LeaderElection30] INFO  impl.LeaderElection (LeaderElection.java:logAndReturn(94)) -   Response 0: b1e0bc18-8da5-4e58-9fa5-a506b45b1540<-35948080-5e22-45ca-b6f3-be7de45bebca#0:FAIL-t2
2023-01-10 01:13:52,305 [b1e0bc18-8da5-4e58-9fa5-a506b45b1540@group-5A293A09BC8E-LeaderElection30] INFO  impl.LeaderElection (LeaderElection.java:logAndReturn(94)) -   Response 1: b1e0bc18-8da5-4e58-9fa5-a506b45b1540<-1c34faa2-bf15-4077-af79-1a4fd95d48c3#0:FAIL-t2
2023-01-10 01:13:52,311 [b1e0bc18-8da5-4e58-9fa5-a506b45b1540-server-thread1] INFO  server.RaftServer$Division (RaftServerImpl.java:setRole(321)) - b1e0bc18-8da5-4e58-9fa5-a506b45b1540@group-5A293A09BC8E: changes role from CANDIDATE to FOLLOWER at term 2 for appendEntries
2023-01-10 01:13:52,311 [b1e0bc18-8da5-4e58-9fa5-a506b45b1540-server-thread1] INFO  impl.RoleInfo (RoleInfo.java:shutdownLeaderElection(130)) - b1e0bc18-8da5-4e58-9fa5-a506b45b1540: shutdown b1e0bc18-8da5-4e58-9fa5-a506b45b1540@group-5A293A09BC8E-LeaderElection30
2023-01-10 01:13:52,311 [b1e0bc18-8da5-4e58-9fa5-a506b45b1540@group-5A293A09BC8E-LeaderElection30] INFO  impl.LeaderElection (LeaderElection.java:askForVotes(314)) - b1e0bc18-8da5-4e58-9fa5-a506b45b1540@group-5A293A09BC8E-LeaderElection30 ELECTION round 0: result REJECTED
2023-01-10 01:13:52,311 [b1e0bc18-8da5-4e58-9fa5-a506b45b1540-server-thread1] INFO  impl.RoleInfo (RoleInfo.java:updateAndGet(139)) - b1e0bc18-8da5-4e58-9fa5-a506b45b1540: start b1e0bc18-8da5-4e58-9fa5-a506b45b1540@group-5A293A09BC8E-FollowerState
2023-01-10 01:13:52,312 [EventQueue-OpenPipelineForHealthyPipelineSafeModeRule] INFO  safemode.SCMSafeModeManager (HealthyPipelineSafeModeRule.java:process(137)) - SCM in safe mode. Healthy pipelines reported count is 1, required healthy pipeline reported count is 1
2023-01-10 01:13:52,312 [EventQueue-OpenPipelineForHealthyPipelineSafeModeRule] INFO  safemode.SCMSafeModeManager (SCMSafeModeManager.java:validateSafeModeExitRules(200)) - HealthyPipelineSafeModeRule rule is successfully validated
2023-01-10 01:13:52,312 [EventQueue-OpenPipelineForHealthyPipelineSafeModeRule] INFO  safemode.SCMSafeModeManager (SCMSafeModeManager.java:validateSafeModeExitRules(215)) - ScmSafeModeManager, all rules are successfully validated
2023-01-10 01:13:52,312 [EventQueue-OpenPipelineForHealthyPipelineSafeModeRule] INFO  safemode.SCMSafeModeManager (SCMSafeModeManager.java:exitSafeMode(244)) - SCM exiting safe mode.
2023-01-10 01:13:52,312 [EventQueue-OpenPipelineForHealthyPipelineSafeModeRule] INFO  ha.SCMContext (SCMContext.java:updateSafeModeStatus(228)) - Update SafeModeStatus from SafeModeStatus{safeModeStatus=true, preCheckPassed=true} to SafeModeStatus{safeModeStatus=false, preCheckPassed=true}.
2023-01-10 01:13:52,312 [EventQueue-OpenPipelineForHealthyPipelineSafeModeRule] INFO  pipeline.BackgroundPipelineCreator (BackgroundPipelineCreator.java:notifyStatusChanged(254)) - Service BackgroundPipelineCreator transitions to RUNNING.
2023-01-10 01:13:52,312 [EventQueue-OpenPipelineForHealthyPipelineSafeModeRule] INFO  BackgroundPipelineScrubber (BackgroundSCMService.java:notifyStatusChanged(82)) - Service BackgroundPipelineScrubber transitions to RUNNING.
2023-01-10 01:13:52,312 [EventQueue-OpenPipelineForHealthyPipelineSafeModeRule] INFO  ExpiredContainerReplicaOpScrubber (BackgroundSCMService.java:notifyStatusChanged(82)) - Service ExpiredContainerReplicaOpScrubber transitions to RUNNING.
2023-01-10 01:13:52,312 [EventQueue-OpenPipelineForHealthyPipelineSafeModeRule] INFO  replication.ReplicationManager (ReplicationManager.java:notifyStatusChanged(918)) - Service ReplicationManager transitions to RUNNING.
2023-01-10 01:13:52,313 [EventQueue-OpenPipelineForHealthyPipelineSafeModeRule] WARN  balancer.ContainerBalancer (ContainerBalancer.java:shouldRun(131)) - Could not find persisted configuration for ContainerBalancer when checking if ContainerBalancer should run. ContainerBalancer should not run now.
2023-01-10 01:13:52,313 [b1e0bc18-8da5-4e58-9fa5-a506b45b1540-server-thread1] INFO  ratis.XceiverServerRatis (XceiverServerRatis.java:handleLeaderChangedNotification(904)) - Leader change notification received for group: group-5A293A09BC8E with new leaderId: 1c34faa2-bf15-4077-af79-1a4fd95d48c3
2023-01-10 01:13:52,313 [b1e0bc18-8da5-4e58-9fa5-a506b45b1540-server-thread1] INFO  server.RaftServer$Division (ServerState.java:setLeader(313)) - b1e0bc18-8da5-4e58-9fa5-a506b45b1540@group-5A293A09BC8E: change Leader from null to 1c34faa2-bf15-4077-af79-1a4fd95d48c3 at term 2 for appendEntries, leader elected after 10212ms
2023-01-10 01:13:52,318 [b1e0bc18-8da5-4e58-9fa5-a506b45b1540-server-thread1] INFO  server.RaftServer$Division (ServerState.java:setRaftConf(430)) - b1e0bc18-8da5-4e58-9fa5-a506b45b1540@group-5A293A09BC8E: set configuration 0: peers:[b1e0bc18-8da5-4e58-9fa5-a506b45b1540|rpc:10.1.0.24:41835|dataStream:10.1.0.24:40391|priority:0|startupRole:FOLLOWER, 35948080-5e22-45ca-b6f3-be7de45bebca|rpc:10.1.0.24:40989|dataStream:10.1.0.24:42993|priority:0|startupRole:FOLLOWER, 1c34faa2-bf15-4077-af79-1a4fd95d48c3|rpc:10.1.0.24:38223|dataStream:10.1.0.24:46641|priority:1|startupRole:FOLLOWER]|listeners:[], old=null
2023-01-10 01:13:52,319 [b1e0bc18-8da5-4e58-9fa5-a506b45b1540-server-thread1] INFO  segmented.SegmentedRaftLogWorker (SegmentedRaftLogWorker.java:startLogSegment(452)) - b1e0bc18-8da5-4e58-9fa5-a506b45b1540@group-5A293A09BC8E-SegmentedRaftLogWorker: Starting segment from index:0
2023-01-10 01:13:52,319 [35948080-5e22-45ca-b6f3-be7de45bebca-server-thread1] INFO  ratis.XceiverServerRatis (XceiverServerRatis.java:handleLeaderChangedNotification(904)) - Leader change notification received for group: group-5A293A09BC8E with new leaderId: 1c34faa2-bf15-4077-af79-1a4fd95d48c3
2023-01-10 01:13:52,319 [35948080-5e22-45ca-b6f3-be7de45bebca-server-thread1] INFO  server.RaftServer$Division (ServerState.java:setLeader(313)) - 35948080-5e22-45ca-b6f3-be7de45bebca@group-5A293A09BC8E: change Leader from null to 1c34faa2-bf15-4077-af79-1a4fd95d48c3 at term 2 for appendEntries, leader elected after 10248ms
2023-01-10 01:13:52,324 [b1e0bc18-8da5-4e58-9fa5-a506b45b1540@group-5A293A09BC8E-SegmentedRaftLogWorker] INFO  segmented.SegmentedRaftLogWorker (SegmentedRaftLogWorker.java:execute(656)) - b1e0bc18-8da5-4e58-9fa5-a506b45b1540@group-5A293A09BC8E-SegmentedRaftLogWorker: created new log segment /home/runner/work/ozone/ozone/hadoop-ozone/integration-test/target/test-dir/MiniOzoneClusterImpl-62525788-12f1-42f6-8834-316215afea77/datanode-1/data/ratis/10b1e9b3-4f10-4e01-8782-5a293a09bc8e/current/log_inprogress_0
2023-01-10 01:13:52,328 [35948080-5e22-45ca-b6f3-be7de45bebca-server-thread2] INFO  server.RaftServer$Division (ServerState.java:setRaftConf(430)) - 35948080-5e22-45ca-b6f3-be7de45bebca@group-5A293A09BC8E: set configuration 0: peers:[b1e0bc18-8da5-4e58-9fa5-a506b45b1540|rpc:10.1.0.24:41835|dataStream:10.1.0.24:40391|priority:0|startupRole:FOLLOWER, 35948080-5e22-45ca-b6f3-be7de45bebca|rpc:10.1.0.24:40989|dataStream:10.1.0.24:42993|priority:0|startupRole:FOLLOWER, 1c34faa2-bf15-4077-af79-1a4fd95d48c3|rpc:10.1.0.24:38223|dataStream:10.1.0.24:46641|priority:1|startupRole:FOLLOWER]|listeners:[], old=null
2023-01-10 01:13:52,329 [35948080-5e22-45ca-b6f3-be7de45bebca-server-thread2] INFO  segmented.SegmentedRaftLogWorker (SegmentedRaftLogWorker.java:startLogSegment(452)) - 35948080-5e22-45ca-b6f3-be7de45bebca@group-5A293A09BC8E-SegmentedRaftLogWorker: Starting segment from index:0
2023-01-10 01:13:52,331 [35948080-5e22-45ca-b6f3-be7de45bebca@group-5A293A09BC8E-SegmentedRaftLogWorker] INFO  segmented.SegmentedRaftLogWorker (SegmentedRaftLogWorker.java:execute(656)) - 35948080-5e22-45ca-b6f3-be7de45bebca@group-5A293A09BC8E-SegmentedRaftLogWorker: created new log segment /home/runner/work/ozone/ozone/hadoop-ozone/integration-test/target/test-dir/MiniOzoneClusterImpl-62525788-12f1-42f6-8834-316215afea77/datanode-0/data/ratis/10b1e9b3-4f10-4e01-8782-5a293a09bc8e/current/log_inprogress_0
2023-01-10 01:13:52,535 [Listener at 127.0.0.1/44191] INFO  ozone.MiniOzoneClusterImpl (MiniOzoneClusterImpl.java:lambda$waitForClusterToBeReady$0(218)) - Nodes are ready. Got 6 of 6 DN Heartbeats.
2023-01-10 01:13:52,536 [Listener at 127.0.0.1/44191] INFO  ozone.MiniOzoneClusterImpl (MiniOzoneClusterImpl.java:lambda$waitForClusterToBeReady$0(221)) - Cluster exits safe mode
2023-01-10 01:13:52,536 [Listener at 127.0.0.1/44191] INFO  ozone.MiniOzoneClusterImpl (MiniOzoneClusterImpl.java:lambda$waitForClusterToBeReady$0(223)) - SCM became leader
2023-01-10 01:13:53,064 [755113df-b2d2-4f4d-a016-da6f7eba54ac@group-79979D135BFE-FollowerState] INFO  server.RaftServerConfigKeys (ConfUtils.java:logFallback(53)) - raft.server.rpc.first-election.timeout.min = 5s (fallback to raft.server.rpc.timeout.min)
2023-01-10 01:13:53,064 [755113df-b2d2-4f4d-a016-da6f7eba54ac@group-79979D135BFE-FollowerState] INFO  server.RaftServerConfigKeys (ConfUtils.java:logFallback(53)) - raft.server.rpc.first-election.timeout.max = 5200ms (fallback to raft.server.rpc.timeout.max)
2023-01-10 01:13:53,065 [afa38d33-fc19-42e5-bc19-641228a4898b@group-79979D135BFE-FollowerState] INFO  impl.FollowerState (FollowerState.java:run(143)) - afa38d33-fc19-42e5-bc19-641228a4898b@group-79979D135BFE-FollowerState: change to CANDIDATE, lastRpcElapsedTime:5006405656ns, electionTimeout:5006ms
2023-01-10 01:13:53,065 [afa38d33-fc19-42e5-bc19-641228a4898b@group-79979D135BFE-FollowerState] INFO  impl.RoleInfo (RoleInfo.java:shutdownFollowerState(110)) - afa38d33-fc19-42e5-bc19-641228a4898b: shutdown afa38d33-fc19-42e5-bc19-641228a4898b@group-79979D135BFE-FollowerState
2023-01-10 01:13:53,065 [afa38d33-fc19-42e5-bc19-641228a4898b@group-79979D135BFE-FollowerState] INFO  server.RaftServer$Division (RaftServerImpl.java:setRole(321)) - afa38d33-fc19-42e5-bc19-641228a4898b@group-79979D135BFE: changes role from  FOLLOWER to CANDIDATE at term 1 for changeToCandidate
2023-01-10 01:13:53,065 [afa38d33-fc19-42e5-bc19-641228a4898b@group-79979D135BFE-FollowerState] INFO  server.RaftServerConfigKeys (ConfUtils.java:logGet(46)) - raft.server.leaderelection.pre-vote = false (custom)
2023-01-10 01:13:53,065 [afa38d33-fc19-42e5-bc19-641228a4898b@group-79979D135BFE-FollowerState] INFO  impl.RoleInfo (RoleInfo.java:updateAndGet(139)) - afa38d33-fc19-42e5-bc19-641228a4898b: start afa38d33-fc19-42e5-bc19-641228a4898b@group-79979D135BFE-LeaderElection31
2023-01-10 01:13:53,068 [afa38d33-fc19-42e5-bc19-641228a4898b@group-79979D135BFE-LeaderElection31] INFO  impl.LeaderElection (LeaderElection.java:askForVotes(312)) - afa38d33-fc19-42e5-bc19-641228a4898b@group-79979D135BFE-LeaderElection31 ELECTION round 0: submit vote requests at term 2 for -1: peers:[755113df-b2d2-4f4d-a016-da6f7eba54ac|rpc:10.1.0.24:40991|dataStream:10.1.0.24:38909|priority:0|startupRole:FOLLOWER, 498755a8-f2f1-47a5-bb38-b65b10b21bcc|rpc:10.1.0.24:40949|dataStream:10.1.0.24:39249|priority:1|startupRole:FOLLOWER, afa38d33-fc19-42e5-bc19-641228a4898b|rpc:10.1.0.24:37195|dataStream:10.1.0.24:33715|priority:0|startupRole:FOLLOWER]|listeners:[], old=null
2023-01-10 01:13:53,069 [afa38d33-fc19-42e5-bc19-641228a4898b@group-79979D135BFE-LeaderElection31] INFO  server.RaftServerConfigKeys (ConfUtils.java:logFallback(53)) - raft.server.rpc.first-election.timeout.min = 5s (fallback to raft.server.rpc.timeout.min)
2023-01-10 01:13:53,069 [afa38d33-fc19-42e5-bc19-641228a4898b@group-79979D135BFE-LeaderElection31] INFO  server.RaftServerConfigKeys (ConfUtils.java:logFallback(53)) - raft.server.rpc.first-election.timeout.max = 5200ms (fallback to raft.server.rpc.timeout.max)
2023-01-10 01:13:53,071 [grpc-default-executor-2] INFO  server.RaftServer$Division (RaftServerImpl.java:requestVote(1218)) - 755113df-b2d2-4f4d-a016-da6f7eba54ac@group-79979D135BFE: receive requestVote(ELECTION, afa38d33-fc19-42e5-bc19-641228a4898b, group-79979D135BFE, 2, (t:0, i:0))
2023-01-10 01:13:53,072 [grpc-default-executor-2] INFO  impl.VoteContext (VoteContext.java:log(49)) - 755113df-b2d2-4f4d-a016-da6f7eba54ac@group-79979D135BFE-FOLLOWER: accept ELECTION from afa38d33-fc19-42e5-bc19-641228a4898b: our priority 0 <= candidate's priority 0
2023-01-10 01:13:53,072 [grpc-default-executor-2] INFO  server.RaftServer$Division (RaftServerImpl.java:setRole(321)) - 755113df-b2d2-4f4d-a016-da6f7eba54ac@group-79979D135BFE: changes role from  FOLLOWER to FOLLOWER at term 2 for candidate:afa38d33-fc19-42e5-bc19-641228a4898b
2023-01-10 01:13:53,072 [grpc-default-executor-2] INFO  impl.RoleInfo (RoleInfo.java:shutdownFollowerState(110)) - 755113df-b2d2-4f4d-a016-da6f7eba54ac: shutdown 755113df-b2d2-4f4d-a016-da6f7eba54ac@group-79979D135BFE-FollowerState
2023-01-10 01:13:53,072 [grpc-default-executor-2] INFO  impl.RoleInfo (RoleInfo.java:updateAndGet(139)) - 755113df-b2d2-4f4d-a016-da6f7eba54ac: start 755113df-b2d2-4f4d-a016-da6f7eba54ac@group-79979D135BFE-FollowerState
2023-01-10 01:13:53,073 [755113df-b2d2-4f4d-a016-da6f7eba54ac@group-79979D135BFE-FollowerState] INFO  server.RaftServerConfigKeys (ConfUtils.java:logFallback(53)) - raft.server.rpc.first-election.timeout.min = 5s (fallback to raft.server.rpc.timeout.min)
2023-01-10 01:13:53,073 [755113df-b2d2-4f4d-a016-da6f7eba54ac@group-79979D135BFE-FollowerState] INFO  impl.FollowerState (FollowerState.java:run(152)) - 755113df-b2d2-4f4d-a016-da6f7eba54ac@group-79979D135BFE-FollowerState was interrupted
2023-01-10 01:13:53,073 [755113df-b2d2-4f4d-a016-da6f7eba54ac@group-79979D135BFE-FollowerState] INFO  server.RaftServerConfigKeys (ConfUtils.java:logFallback(53)) - raft.server.rpc.first-election.timeout.max = 5200ms (fallback to raft.server.rpc.timeout.max)
2023-01-10 01:13:53,074 [grpc-default-executor-2] INFO  server.RaftServer$Division (RaftServerImpl.java:requestVote(1251)) - 755113df-b2d2-4f4d-a016-da6f7eba54ac@group-79979D135BFE replies to ELECTION vote request: afa38d33-fc19-42e5-bc19-641228a4898b<-755113df-b2d2-4f4d-a016-da6f7eba54ac#0:OK-t2. Peer's state: 755113df-b2d2-4f4d-a016-da6f7eba54ac@group-79979D135BFE:t2, leader=null, voted=afa38d33-fc19-42e5-bc19-641228a4898b, raftlog=Memoized:755113df-b2d2-4f4d-a016-da6f7eba54ac@group-79979D135BFE-SegmentedRaftLog:OPENED:c-1, conf=-1: peers:[755113df-b2d2-4f4d-a016-da6f7eba54ac|rpc:10.1.0.24:40991|dataStream:10.1.0.24:38909|priority:0|startupRole:FOLLOWER, 498755a8-f2f1-47a5-bb38-b65b10b21bcc|rpc:10.1.0.24:40949|dataStream:10.1.0.24:39249|priority:1|startupRole:FOLLOWER, afa38d33-fc19-42e5-bc19-641228a4898b|rpc:10.1.0.24:37195|dataStream:10.1.0.24:33715|priority:0|startupRole:FOLLOWER]|listeners:[], old=null
2023-01-10 01:13:53,074 [grpc-default-executor-6] INFO  server.RaftServer$Division (RaftServerImpl.java:requestVote(1218)) - 498755a8-f2f1-47a5-bb38-b65b10b21bcc@group-79979D135BFE: receive requestVote(ELECTION, afa38d33-fc19-42e5-bc19-641228a4898b, group-79979D135BFE, 2, (t:0, i:0))
2023-01-10 01:13:53,075 [grpc-default-executor-6] INFO  impl.VoteContext (VoteContext.java:log(49)) - 498755a8-f2f1-47a5-bb38-b65b10b21bcc@group-79979D135BFE-FOLLOWER: reject ELECTION from afa38d33-fc19-42e5-bc19-641228a4898b: our priority 1 > candidate's priority 0
2023-01-10 01:13:53,075 [grpc-default-executor-6] INFO  server.RaftServer$Division (RaftServerImpl.java:setRole(321)) - 498755a8-f2f1-47a5-bb38-b65b10b21bcc@group-79979D135BFE: changes role from  FOLLOWER to FOLLOWER at term 2 for candidate:afa38d33-fc19-42e5-bc19-641228a4898b
2023-01-10 01:13:53,075 [grpc-default-executor-6] INFO  impl.RoleInfo (RoleInfo.java:shutdownFollowerState(110)) - 498755a8-f2f1-47a5-bb38-b65b10b21bcc: shutdown 498755a8-f2f1-47a5-bb38-b65b10b21bcc@group-79979D135BFE-FollowerState
2023-01-10 01:13:53,075 [grpc-default-executor-6] INFO  impl.RoleInfo (RoleInfo.java:updateAndGet(139)) - 498755a8-f2f1-47a5-bb38-b65b10b21bcc: start 498755a8-f2f1-47a5-bb38-b65b10b21bcc@group-79979D135BFE-FollowerState
2023-01-10 01:13:53,075 [498755a8-f2f1-47a5-bb38-b65b10b21bcc@group-79979D135BFE-FollowerState] INFO  impl.FollowerState (FollowerState.java:run(152)) - 498755a8-f2f1-47a5-bb38-b65b10b21bcc@group-79979D135BFE-FollowerState was interrupted
2023-01-10 01:13:53,078 [498755a8-f2f1-47a5-bb38-b65b10b21bcc@group-79979D135BFE-FollowerState] INFO  server.RaftServerConfigKeys (ConfUtils.java:logFallback(53)) - raft.server.rpc.first-election.timeout.min = 5s (fallback to raft.server.rpc.timeout.min)
2023-01-10 01:13:53,078 [498755a8-f2f1-47a5-bb38-b65b10b21bcc@group-79979D135BFE-FollowerState] INFO  server.RaftServerConfigKeys (ConfUtils.java:logFallback(53)) - raft.server.rpc.first-election.timeout.max = 5200ms (fallback to raft.server.rpc.timeout.max)
2023-01-10 01:13:53,079 [grpc-default-executor-6] INFO  server.RaftServer$Division (RaftServerImpl.java:requestVote(1251)) - 498755a8-f2f1-47a5-bb38-b65b10b21bcc@group-79979D135BFE replies to ELECTION vote request: afa38d33-fc19-42e5-bc19-641228a4898b<-498755a8-f2f1-47a5-bb38-b65b10b21bcc#0:FAIL-t2. Peer's state: 498755a8-f2f1-47a5-bb38-b65b10b21bcc@group-79979D135BFE:t2, leader=null, voted=null, raftlog=Memoized:498755a8-f2f1-47a5-bb38-b65b10b21bcc@group-79979D135BFE-SegmentedRaftLog:OPENED:c-1, conf=-1: peers:[755113df-b2d2-4f4d-a016-da6f7eba54ac|rpc:10.1.0.24:40991|dataStream:10.1.0.24:38909|priority:0|startupRole:FOLLOWER, 498755a8-f2f1-47a5-bb38-b65b10b21bcc|rpc:10.1.0.24:40949|dataStream:10.1.0.24:39249|priority:1|startupRole:FOLLOWER, afa38d33-fc19-42e5-bc19-641228a4898b|rpc:10.1.0.24:37195|dataStream:10.1.0.24:33715|priority:0|startupRole:FOLLOWER]|listeners:[], old=null
2023-01-10 01:13:53,080 [afa38d33-fc19-42e5-bc19-641228a4898b@group-79979D135BFE-LeaderElection31] INFO  impl.LeaderElection (LeaderElection.java:logAndReturn(90)) - afa38d33-fc19-42e5-bc19-641228a4898b@group-79979D135BFE-LeaderElection31: ELECTION REJECTED received 2 response(s) and 0 exception(s):
2023-01-10 01:13:53,080 [afa38d33-fc19-42e5-bc19-641228a4898b@group-79979D135BFE-LeaderElection31] INFO  impl.LeaderElection (LeaderElection.java:logAndReturn(94)) -   Response 0: afa38d33-fc19-42e5-bc19-641228a4898b<-755113df-b2d2-4f4d-a016-da6f7eba54ac#0:OK-t2
2023-01-10 01:13:53,080 [afa38d33-fc19-42e5-bc19-641228a4898b@group-79979D135BFE-LeaderElection31] INFO  impl.LeaderElection (LeaderElection.java:logAndReturn(94)) -   Response 1: afa38d33-fc19-42e5-bc19-641228a4898b<-498755a8-f2f1-47a5-bb38-b65b10b21bcc#0:FAIL-t2
2023-01-10 01:13:53,080 [afa38d33-fc19-42e5-bc19-641228a4898b@group-79979D135BFE-LeaderElection31] INFO  impl.LeaderElection (LeaderElection.java:askForVotes(314)) - afa38d33-fc19-42e5-bc19-641228a4898b@group-79979D135BFE-LeaderElection31 ELECTION round 0: result REJECTED
2023-01-10 01:13:53,081 [afa38d33-fc19-42e5-bc19-641228a4898b@group-79979D135BFE-LeaderElection31] INFO  server.RaftServer$Division (RaftServerImpl.java:setRole(321)) - afa38d33-fc19-42e5-bc19-641228a4898b@group-79979D135BFE: changes role from CANDIDATE to FOLLOWER at term 2 for REJECTED
2023-01-10 01:13:53,081 [afa38d33-fc19-42e5-bc19-641228a4898b@group-79979D135BFE-LeaderElection31] INFO  impl.RoleInfo (RoleInfo.java:shutdownLeaderElection(130)) - afa38d33-fc19-42e5-bc19-641228a4898b: shutdown afa38d33-fc19-42e5-bc19-641228a4898b@group-79979D135BFE-LeaderElection31
2023-01-10 01:13:53,081 [afa38d33-fc19-42e5-bc19-641228a4898b@group-79979D135BFE-LeaderElection31] INFO  impl.RoleInfo (RoleInfo.java:updateAndGet(139)) - afa38d33-fc19-42e5-bc19-641228a4898b: start afa38d33-fc19-42e5-bc19-641228a4898b@group-79979D135BFE-FollowerState
2023-01-10 01:13:53,082 [afa38d33-fc19-42e5-bc19-641228a4898b@group-79979D135BFE-FollowerState] INFO  server.RaftServerConfigKeys (ConfUtils.java:logFallback(53)) - raft.server.rpc.first-election.timeout.min = 5s (fallback to raft.server.rpc.timeout.min)
2023-01-10 01:13:53,083 [afa38d33-fc19-42e5-bc19-641228a4898b@group-79979D135BFE-FollowerState] INFO  server.RaftServerConfigKeys (ConfUtils.java:logFallback(53)) - raft.server.rpc.first-election.timeout.max = 5200ms (fallback to raft.server.rpc.timeout.max)
2023-01-10 01:13:53,287 [755113df-b2d2-4f4d-a016-da6f7eba54ac@group-899B3966D85D-FollowerState] INFO  impl.FollowerState (FollowerState.java:run(143)) - 755113df-b2d2-4f4d-a016-da6f7eba54ac@group-899B3966D85D-FollowerState: change to CANDIDATE, lastRpcElapsedTime:5076708585ns, electionTimeout:5067ms
2023-01-10 01:13:53,287 [755113df-b2d2-4f4d-a016-da6f7eba54ac@group-899B3966D85D-FollowerState] INFO  impl.RoleInfo (RoleInfo.java:shutdownFollowerState(110)) - 755113df-b2d2-4f4d-a016-da6f7eba54ac: shutdown 755113df-b2d2-4f4d-a016-da6f7eba54ac@group-899B3966D85D-FollowerState
2023-01-10 01:13:53,287 [755113df-b2d2-4f4d-a016-da6f7eba54ac@group-899B3966D85D-FollowerState] INFO  server.RaftServer$Division (RaftServerImpl.java:setRole(321)) - 755113df-b2d2-4f4d-a016-da6f7eba54ac@group-899B3966D85D: changes role from  FOLLOWER to CANDIDATE at term 1 for changeToCandidate
2023-01-10 01:13:53,287 [755113df-b2d2-4f4d-a016-da6f7eba54ac@group-899B3966D85D-FollowerState] INFO  server.RaftServerConfigKeys (ConfUtils.java:logGet(46)) - raft.server.leaderelection.pre-vote = false (custom)
2023-01-10 01:13:53,287 [755113df-b2d2-4f4d-a016-da6f7eba54ac@group-899B3966D85D-FollowerState] INFO  impl.RoleInfo (RoleInfo.java:updateAndGet(139)) - 755113df-b2d2-4f4d-a016-da6f7eba54ac: start 755113df-b2d2-4f4d-a016-da6f7eba54ac@group-899B3966D85D-LeaderElection32
2023-01-10 01:13:53,290 [755113df-b2d2-4f4d-a016-da6f7eba54ac@group-899B3966D85D-LeaderElection32] INFO  impl.LeaderElection (LeaderElection.java:askForVotes(312)) - 755113df-b2d2-4f4d-a016-da6f7eba54ac@group-899B3966D85D-LeaderElection32 ELECTION round 0: submit vote requests at term 2 for -1: peers:[755113df-b2d2-4f4d-a016-da6f7eba54ac|rpc:10.1.0.24:40991|dataStream:10.1.0.24:38909|priority:0|startupRole:FOLLOWER, 498755a8-f2f1-47a5-bb38-b65b10b21bcc|rpc:10.1.0.24:40949|dataStream:10.1.0.24:39249|priority:0|startupRole:FOLLOWER, afa38d33-fc19-42e5-bc19-641228a4898b|rpc:10.1.0.24:37195|dataStream:10.1.0.24:33715|priority:1|startupRole:FOLLOWER]|listeners:[], old=null
2023-01-10 01:13:53,290 [755113df-b2d2-4f4d-a016-da6f7eba54ac@group-899B3966D85D-LeaderElection32] INFO  server.RaftServerConfigKeys (ConfUtils.java:logFallback(53)) - raft.server.rpc.first-election.timeout.min = 5s (fallback to raft.server.rpc.timeout.min)
2023-01-10 01:13:53,291 [755113df-b2d2-4f4d-a016-da6f7eba54ac@group-899B3966D85D-LeaderElection32] INFO  server.RaftServerConfigKeys (ConfUtils.java:logFallback(53)) - raft.server.rpc.first-election.timeout.max = 5200ms (fallback to raft.server.rpc.timeout.max)
2023-01-10 01:13:53,292 [grpc-default-executor-6] INFO  server.RaftServer$Division (RaftServerImpl.java:requestVote(1218)) - 498755a8-f2f1-47a5-bb38-b65b10b21bcc@group-899B3966D85D: receive requestVote(ELECTION, 755113df-b2d2-4f4d-a016-da6f7eba54ac, group-899B3966D85D, 2, (t:0, i:0))
2023-01-10 01:13:53,292 [grpc-default-executor-6] INFO  impl.VoteContext (VoteContext.java:log(49)) - 498755a8-f2f1-47a5-bb38-b65b10b21bcc@group-899B3966D85D-FOLLOWER: accept ELECTION from 755113df-b2d2-4f4d-a016-da6f7eba54ac: our priority 0 <= candidate's priority 0
2023-01-10 01:13:53,292 [grpc-default-executor-6] INFO  server.RaftServer$Division (RaftServerImpl.java:setRole(321)) - 498755a8-f2f1-47a5-bb38-b65b10b21bcc@group-899B3966D85D: changes role from  FOLLOWER to FOLLOWER at term 2 for candidate:755113df-b2d2-4f4d-a016-da6f7eba54ac
2023-01-10 01:13:53,292 [grpc-default-executor-6] INFO  impl.RoleInfo (RoleInfo.java:shutdownFollowerState(110)) - 498755a8-f2f1-47a5-bb38-b65b10b21bcc: shutdown 498755a8-f2f1-47a5-bb38-b65b10b21bcc@group-899B3966D85D-FollowerState
2023-01-10 01:13:53,292 [grpc-default-executor-6] INFO  impl.RoleInfo (RoleInfo.java:updateAndGet(139)) - 498755a8-f2f1-47a5-bb38-b65b10b21bcc: start 498755a8-f2f1-47a5-bb38-b65b10b21bcc@group-899B3966D85D-FollowerState
2023-01-10 01:13:53,292 [498755a8-f2f1-47a5-bb38-b65b10b21bcc@group-899B3966D85D-FollowerState] INFO  impl.FollowerState (FollowerState.java:run(152)) - 498755a8-f2f1-47a5-bb38-b65b10b21bcc@group-899B3966D85D-FollowerState was interrupted
2023-01-10 01:13:53,294 [498755a8-f2f1-47a5-bb38-b65b10b21bcc@group-899B3966D85D-FollowerState] INFO  server.RaftServerConfigKeys (ConfUtils.java:logFallback(53)) - raft.server.rpc.first-election.timeout.min = 5s (fallback to raft.server.rpc.timeout.min)
2023-01-10 01:13:53,294 [498755a8-f2f1-47a5-bb38-b65b10b21bcc@group-899B3966D85D-FollowerState] INFO  server.RaftServerConfigKeys (ConfUtils.java:logFallback(53)) - raft.server.rpc.first-election.timeout.max = 5200ms (fallback to raft.server.rpc.timeout.max)
2023-01-10 01:13:53,295 [grpc-default-executor-2] INFO  server.RaftServer$Division (RaftServerImpl.java:requestVote(1218)) - afa38d33-fc19-42e5-bc19-641228a4898b@group-899B3966D85D: receive requestVote(ELECTION, 755113df-b2d2-4f4d-a016-da6f7eba54ac, group-899B3966D85D, 2, (t:0, i:0))
2023-01-10 01:13:53,295 [grpc-default-executor-2] INFO  impl.VoteContext (VoteContext.java:log(49)) - afa38d33-fc19-42e5-bc19-641228a4898b@group-899B3966D85D-FOLLOWER: reject ELECTION from 755113df-b2d2-4f4d-a016-da6f7eba54ac: our priority 1 > candidate's priority 0
2023-01-10 01:13:53,295 [grpc-default-executor-2] INFO  server.RaftServer$Division (RaftServerImpl.java:setRole(321)) - afa38d33-fc19-42e5-bc19-641228a4898b@group-899B3966D85D: changes role from  FOLLOWER to FOLLOWER at term 2 for candidate:755113df-b2d2-4f4d-a016-da6f7eba54ac
2023-01-10 01:13:53,295 [grpc-default-executor-2] INFO  impl.RoleInfo (RoleInfo.java:shutdownFollowerState(110)) - afa38d33-fc19-42e5-bc19-641228a4898b: shutdown afa38d33-fc19-42e5-bc19-641228a4898b@group-899B3966D85D-FollowerState
2023-01-10 01:13:53,295 [grpc-default-executor-2] INFO  impl.RoleInfo (RoleInfo.java:updateAndGet(139)) - afa38d33-fc19-42e5-bc19-641228a4898b: start afa38d33-fc19-42e5-bc19-641228a4898b@group-899B3966D85D-FollowerState
2023-01-10 01:13:53,295 [afa38d33-fc19-42e5-bc19-641228a4898b@group-899B3966D85D-FollowerState] INFO  impl.FollowerState (FollowerState.java:run(152)) - afa38d33-fc19-42e5-bc19-641228a4898b@group-899B3966D85D-FollowerState was interrupted
2023-01-10 01:13:53,296 [grpc-default-executor-2] INFO  server.RaftServer$Division (RaftServerImpl.java:requestVote(1251)) - afa38d33-fc19-42e5-bc19-641228a4898b@group-899B3966D85D replies to ELECTION vote request: 755113df-b2d2-4f4d-a016-da6f7eba54ac<-afa38d33-fc19-42e5-bc19-641228a4898b#0:FAIL-t2. Peer's state: afa38d33-fc19-42e5-bc19-641228a4898b@group-899B3966D85D:t2, leader=null, voted=null, raftlog=Memoized:afa38d33-fc19-42e5-bc19-641228a4898b@group-899B3966D85D-SegmentedRaftLog:OPENED:c-1, conf=-1: peers:[755113df-b2d2-4f4d-a016-da6f7eba54ac|rpc:10.1.0.24:40991|dataStream:10.1.0.24:38909|priority:0|startupRole:FOLLOWER, 498755a8-f2f1-47a5-bb38-b65b10b21bcc|rpc:10.1.0.24:40949|dataStream:10.1.0.24:39249|priority:0|startupRole:FOLLOWER, afa38d33-fc19-42e5-bc19-641228a4898b|rpc:10.1.0.24:37195|dataStream:10.1.0.24:33715|priority:1|startupRole:FOLLOWER]|listeners:[], old=null
2023-01-10 01:13:53,298 [755113df-b2d2-4f4d-a016-da6f7eba54ac@group-899B3966D85D-LeaderElection32] INFO  impl.LeaderElection (LeaderElection.java:logAndReturn(90)) - 755113df-b2d2-4f4d-a016-da6f7eba54ac@group-899B3966D85D-LeaderElection32: ELECTION REJECTED received 1 response(s) and 0 exception(s):
2023-01-10 01:13:53,298 [755113df-b2d2-4f4d-a016-da6f7eba54ac@group-899B3966D85D-LeaderElection32] INFO  impl.LeaderElection (LeaderElection.java:logAndReturn(94)) -   Response 0: 755113df-b2d2-4f4d-a016-da6f7eba54ac<-afa38d33-fc19-42e5-bc19-641228a4898b#0:FAIL-t2
2023-01-10 01:13:53,298 [755113df-b2d2-4f4d-a016-da6f7eba54ac@group-899B3966D85D-LeaderElection32] INFO  impl.LeaderElection (LeaderElection.java:askForVotes(314)) - 755113df-b2d2-4f4d-a016-da6f7eba54ac@group-899B3966D85D-LeaderElection32 ELECTION round 0: result REJECTED
2023-01-10 01:13:53,298 [755113df-b2d2-4f4d-a016-da6f7eba54ac@group-899B3966D85D-LeaderElection32] INFO  server.RaftServer$Division (RaftServerImpl.java:setRole(321)) - 755113df-b2d2-4f4d-a016-da6f7eba54ac@group-899B3966D85D: changes role from CANDIDATE to FOLLOWER at term 2 for REJECTED
2023-01-10 01:13:53,298 [755113df-b2d2-4f4d-a016-da6f7eba54ac@group-899B3966D85D-LeaderElection32] INFO  impl.RoleInfo (RoleInfo.java:shutdownLeaderElection(130)) - 755113df-b2d2-4f4d-a016-da6f7eba54ac: shutdown 755113df-b2d2-4f4d-a016-da6f7eba54ac@group-899B3966D85D-LeaderElection32
2023-01-10 01:13:53,298 [755113df-b2d2-4f4d-a016-da6f7eba54ac@group-899B3966D85D-LeaderElection32] INFO  impl.RoleInfo (RoleInfo.java:updateAndGet(139)) - 755113df-b2d2-4f4d-a016-da6f7eba54ac: start 755113df-b2d2-4f4d-a016-da6f7eba54ac@group-899B3966D85D-FollowerState
2023-01-10 01:13:53,298 [755113df-b2d2-4f4d-a016-da6f7eba54ac@group-899B3966D85D-FollowerState] INFO  server.RaftServerConfigKeys (ConfUtils.java:logFallback(53)) - raft.server.rpc.first-election.timeout.min = 5s (fallback to raft.server.rpc.timeout.min)
2023-01-10 01:13:53,298 [755113df-b2d2-4f4d-a016-da6f7eba54ac@group-899B3966D85D-FollowerState] INFO  server.RaftServerConfigKeys (ConfUtils.java:logFallback(53)) - raft.server.rpc.first-election.timeout.max = 5200ms (fallback to raft.server.rpc.timeout.max)
2023-01-10 01:13:53,304 [afa38d33-fc19-42e5-bc19-641228a4898b@group-899B3966D85D-FollowerState] INFO  server.RaftServerConfigKeys (ConfUtils.java:logFallback(53)) - raft.server.rpc.first-election.timeout.min = 5s (fallback to raft.server.rpc.timeout.min)
2023-01-10 01:13:53,298 [grpc-default-executor-6] INFO  server.RaftServer$Division (RaftServerImpl.java:requestVote(1251)) - 498755a8-f2f1-47a5-bb38-b65b10b21bcc@group-899B3966D85D replies to ELECTION vote request: 755113df-b2d2-4f4d-a016-da6f7eba54ac<-498755a8-f2f1-47a5-bb38-b65b10b21bcc#0:OK-t2. Peer's state: 498755a8-f2f1-47a5-bb38-b65b10b21bcc@group-899B3966D85D:t2, leader=null, voted=755113df-b2d2-4f4d-a016-da6f7eba54ac, raftlog=Memoized:498755a8-f2f1-47a5-bb38-b65b10b21bcc@group-899B3966D85D-SegmentedRaftLog:OPENED:c-1, conf=-1: peers:[755113df-b2d2-4f4d-a016-da6f7eba54ac|rpc:10.1.0.24:40991|dataStream:10.1.0.24:38909|priority:0|startupRole:FOLLOWER, 498755a8-f2f1-47a5-bb38-b65b10b21bcc|rpc:10.1.0.24:40949|dataStream:10.1.0.24:39249|priority:0|startupRole:FOLLOWER, afa38d33-fc19-42e5-bc19-641228a4898b|rpc:10.1.0.24:37195|dataStream:10.1.0.24:33715|priority:1|startupRole:FOLLOWER]|listeners:[], old=null
2023-01-10 01:13:53,306 [afa38d33-fc19-42e5-bc19-641228a4898b@group-899B3966D85D-FollowerState] INFO  server.RaftServerConfigKeys (ConfUtils.java:logFallback(53)) - raft.server.rpc.first-election.timeout.max = 5200ms (fallback to raft.server.rpc.timeout.max)
2023-01-10 01:13:57,283 [b1e0bc18-8da5-4e58-9fa5-a506b45b1540@group-78BA0C5E921B-FollowerState] INFO  server.RaftServerConfigKeys (ConfUtils.java:logFallback(53)) - raft.server.rpc.first-election.timeout.min = 5s (fallback to raft.server.rpc.timeout.min)
2023-01-10 01:13:57,283 [b1e0bc18-8da5-4e58-9fa5-a506b45b1540@group-78BA0C5E921B-FollowerState] INFO  server.RaftServerConfigKeys (ConfUtils.java:logFallback(53)) - raft.server.rpc.first-election.timeout.max = 5200ms (fallback to raft.server.rpc.timeout.max)
2023-01-10 01:13:57,287 [1c34faa2-bf15-4077-af79-1a4fd95d48c3@group-78BA0C5E921B-FollowerState] INFO  impl.FollowerState (FollowerState.java:run(143)) - 1c34faa2-bf15-4077-af79-1a4fd95d48c3@group-78BA0C5E921B-FollowerState: change to CANDIDATE, lastRpcElapsedTime:5141302753ns, electionTimeout:5137ms
2023-01-10 01:13:57,287 [1c34faa2-bf15-4077-af79-1a4fd95d48c3@group-78BA0C5E921B-FollowerState] INFO  impl.RoleInfo (RoleInfo.java:shutdownFollowerState(110)) - 1c34faa2-bf15-4077-af79-1a4fd95d48c3: shutdown 1c34faa2-bf15-4077-af79-1a4fd95d48c3@group-78BA0C5E921B-FollowerState
2023-01-10 01:13:57,287 [1c34faa2-bf15-4077-af79-1a4fd95d48c3@group-78BA0C5E921B-FollowerState] INFO  server.RaftServer$Division (RaftServerImpl.java:setRole(321)) - 1c34faa2-bf15-4077-af79-1a4fd95d48c3@group-78BA0C5E921B: changes role from  FOLLOWER to CANDIDATE at term 2 for changeToCandidate
2023-01-10 01:13:57,287 [1c34faa2-bf15-4077-af79-1a4fd95d48c3@group-78BA0C5E921B-FollowerState] INFO  server.RaftServerConfigKeys (ConfUtils.java:logGet(46)) - raft.server.leaderelection.pre-vote = false (custom)
2023-01-10 01:13:57,287 [1c34faa2-bf15-4077-af79-1a4fd95d48c3@group-78BA0C5E921B-FollowerState] INFO  impl.RoleInfo (RoleInfo.java:updateAndGet(139)) - 1c34faa2-bf15-4077-af79-1a4fd95d48c3: start 1c34faa2-bf15-4077-af79-1a4fd95d48c3@group-78BA0C5E921B-LeaderElection33
2023-01-10 01:13:57,290 [1c34faa2-bf15-4077-af79-1a4fd95d48c3@group-78BA0C5E921B-LeaderElection33] INFO  impl.LeaderElection (LeaderElection.java:askForVotes(312)) - 1c34faa2-bf15-4077-af79-1a4fd95d48c3@group-78BA0C5E921B-LeaderElection33 ELECTION round 0: submit vote requests at term 3 for -1: peers:[b1e0bc18-8da5-4e58-9fa5-a506b45b1540|rpc:10.1.0.24:41835|dataStream:10.1.0.24:40391|priority:0|startupRole:FOLLOWER, 35948080-5e22-45ca-b6f3-be7de45bebca|rpc:10.1.0.24:40989|dataStream:10.1.0.24:42993|priority:1|startupRole:FOLLOWER, 1c34faa2-bf15-4077-af79-1a4fd95d48c3|rpc:10.1.0.24:38223|dataStream:10.1.0.24:46641|priority:0|startupRole:FOLLOWER]|listeners:[], old=null
2023-01-10 01:13:57,291 [1c34faa2-bf15-4077-af79-1a4fd95d48c3@group-78BA0C5E921B-LeaderElection33] INFO  server.RaftServerConfigKeys (ConfUtils.java:logFallback(53)) - raft.server.rpc.first-election.timeout.min = 5s (fallback to raft.server.rpc.timeout.min)
2023-01-10 01:13:57,291 [1c34faa2-bf15-4077-af79-1a4fd95d48c3@group-78BA0C5E921B-LeaderElection33] INFO  server.RaftServerConfigKeys (ConfUtils.java:logFallback(53)) - raft.server.rpc.first-election.timeout.max = 5200ms (fallback to raft.server.rpc.timeout.max)
2023-01-10 01:13:57,293 [grpc-default-executor-6] INFO  server.RaftServer$Division (RaftServerImpl.java:requestVote(1218)) - b1e0bc18-8da5-4e58-9fa5-a506b45b1540@group-78BA0C5E921B: receive requestVote(ELECTION, 1c34faa2-bf15-4077-af79-1a4fd95d48c3, group-78BA0C5E921B, 3, (t:0, i:0))
2023-01-10 01:13:57,293 [grpc-default-executor-6] INFO  impl.VoteContext (VoteContext.java:log(49)) - b1e0bc18-8da5-4e58-9fa5-a506b45b1540@group-78BA0C5E921B-FOLLOWER: accept ELECTION from 1c34faa2-bf15-4077-af79-1a4fd95d48c3: our priority 0 <= candidate's priority 0
2023-01-10 01:13:57,293 [grpc-default-executor-6] INFO  server.RaftServer$Division (RaftServerImpl.java:setRole(321)) - b1e0bc18-8da5-4e58-9fa5-a506b45b1540@group-78BA0C5E921B: changes role from  FOLLOWER to FOLLOWER at term 3 for candidate:1c34faa2-bf15-4077-af79-1a4fd95d48c3
2023-01-10 01:13:57,293 [grpc-default-executor-6] INFO  impl.RoleInfo (RoleInfo.java:shutdownFollowerState(110)) - b1e0bc18-8da5-4e58-9fa5-a506b45b1540: shutdown b1e0bc18-8da5-4e58-9fa5-a506b45b1540@group-78BA0C5E921B-FollowerState
2023-01-10 01:13:57,293 [grpc-default-executor-6] INFO  impl.RoleInfo (RoleInfo.java:updateAndGet(139)) - b1e0bc18-8da5-4e58-9fa5-a506b45b1540: start b1e0bc18-8da5-4e58-9fa5-a506b45b1540@group-78BA0C5E921B-FollowerState
2023-01-10 01:13:57,293 [b1e0bc18-8da5-4e58-9fa5-a506b45b1540@group-78BA0C5E921B-FollowerState] INFO  impl.FollowerState (FollowerState.java:run(152)) - b1e0bc18-8da5-4e58-9fa5-a506b45b1540@group-78BA0C5E921B-FollowerState was interrupted
2023-01-10 01:13:57,294 [grpc-default-executor-2] INFO  server.RaftServer$Division (RaftServerImpl.java:requestVote(1218)) - 35948080-5e22-45ca-b6f3-be7de45bebca@group-78BA0C5E921B: receive requestVote(ELECTION, 1c34faa2-bf15-4077-af79-1a4fd95d48c3, group-78BA0C5E921B, 3, (t:0, i:0))
2023-01-10 01:13:57,294 [grpc-default-executor-2] INFO  impl.VoteContext (VoteContext.java:log(49)) - 35948080-5e22-45ca-b6f3-be7de45bebca@group-78BA0C5E921B-FOLLOWER: reject ELECTION from 1c34faa2-bf15-4077-af79-1a4fd95d48c3: our priority 1 > candidate's priority 0
2023-01-10 01:13:57,294 [grpc-default-executor-2] INFO  server.RaftServer$Division (RaftServerImpl.java:setRole(321)) - 35948080-5e22-45ca-b6f3-be7de45bebca@group-78BA0C5E921B: changes role from  FOLLOWER to FOLLOWER at term 3 for candidate:1c34faa2-bf15-4077-af79-1a4fd95d48c3
2023-01-10 01:13:57,294 [grpc-default-executor-2] INFO  impl.RoleInfo (RoleInfo.java:shutdownFollowerState(110)) - 35948080-5e22-45ca-b6f3-be7de45bebca: shutdown 35948080-5e22-45ca-b6f3-be7de45bebca@group-78BA0C5E921B-FollowerState
2023-01-10 01:13:57,300 [b1e0bc18-8da5-4e58-9fa5-a506b45b1540@group-78BA0C5E921B-FollowerState] INFO  server.RaftServerConfigKeys (ConfUtils.java:logFallback(53)) - raft.server.rpc.first-election.timeout.min = 5s (fallback to raft.server.rpc.timeout.min)
2023-01-10 01:13:57,300 [b1e0bc18-8da5-4e58-9fa5-a506b45b1540@group-78BA0C5E921B-FollowerState] INFO  server.RaftServerConfigKeys (ConfUtils.java:logFallback(53)) - raft.server.rpc.first-election.timeout.max = 5200ms (fallback to raft.server.rpc.timeout.max)
2023-01-10 01:13:57,300 [grpc-default-executor-2] INFO  impl.RoleInfo (RoleInfo.java:updateAndGet(139)) - 35948080-5e22-45ca-b6f3-be7de45bebca: start 35948080-5e22-45ca-b6f3-be7de45bebca@group-78BA0C5E921B-FollowerState
2023-01-10 01:13:57,300 [35948080-5e22-45ca-b6f3-be7de45bebca@group-78BA0C5E921B-FollowerState] INFO  impl.FollowerState (FollowerState.java:run(152)) - 35948080-5e22-45ca-b6f3-be7de45bebca@group-78BA0C5E921B-FollowerState was interrupted
2023-01-10 01:13:57,301 [35948080-5e22-45ca-b6f3-be7de45bebca@group-78BA0C5E921B-FollowerState] INFO  server.RaftServerConfigKeys (ConfUtils.java:logFallback(53)) - raft.server.rpc.first-election.timeout.min = 5s (fallback to raft.server.rpc.timeout.min)
2023-01-10 01:13:57,302 [grpc-default-executor-2] INFO  server.RaftServer$Division (RaftServerImpl.java:requestVote(1251)) - 35948080-5e22-45ca-b6f3-be7de45bebca@group-78BA0C5E921B replies to ELECTION vote request: 1c34faa2-bf15-4077-af79-1a4fd95d48c3<-35948080-5e22-45ca-b6f3-be7de45bebca#0:FAIL-t3. Peer's state: 35948080-5e22-45ca-b6f3-be7de45bebca@group-78BA0C5E921B:t3, leader=null, voted=null, raftlog=Memoized:35948080-5e22-45ca-b6f3-be7de45bebca@group-78BA0C5E921B-SegmentedRaftLog:OPENED:c-1, conf=-1: peers:[b1e0bc18-8da5-4e58-9fa5-a506b45b1540|rpc:10.1.0.24:41835|dataStream:10.1.0.24:40391|priority:0|startupRole:FOLLOWER, 35948080-5e22-45ca-b6f3-be7de45bebca|rpc:10.1.0.24:40989|dataStream:10.1.0.24:42993|priority:1|startupRole:FOLLOWER, 1c34faa2-bf15-4077-af79-1a4fd95d48c3|rpc:10.1.0.24:38223|dataStream:10.1.0.24:46641|priority:0|startupRole:FOLLOWER]|listeners:[], old=null
2023-01-10 01:13:57,302 [grpc-default-executor-6] INFO  server.RaftServer$Division (RaftServerImpl.java:requestVote(1251)) - b1e0bc18-8da5-4e58-9fa5-a506b45b1540@group-78BA0C5E921B replies to ELECTION vote request: 1c34faa2-bf15-4077-af79-1a4fd95d48c3<-b1e0bc18-8da5-4e58-9fa5-a506b45b1540#0:OK-t3. Peer's state: b1e0bc18-8da5-4e58-9fa5-a506b45b1540@group-78BA0C5E921B:t3, leader=null, voted=1c34faa2-bf15-4077-af79-1a4fd95d48c3, raftlog=Memoized:b1e0bc18-8da5-4e58-9fa5-a506b45b1540@group-78BA0C5E921B-SegmentedRaftLog:OPENED:c-1, conf=-1: peers:[b1e0bc18-8da5-4e58-9fa5-a506b45b1540|rpc:10.1.0.24:41835|dataStream:10.1.0.24:40391|priority:0|startupRole:FOLLOWER, 35948080-5e22-45ca-b6f3-be7de45bebca|rpc:10.1.0.24:40989|dataStream:10.1.0.24:42993|priority:1|startupRole:FOLLOWER, 1c34faa2-bf15-4077-af79-1a4fd95d48c3|rpc:10.1.0.24:38223|dataStream:10.1.0.24:46641|priority:0|startupRole:FOLLOWER]|listeners:[], old=null
2023-01-10 01:13:57,303 [1c34faa2-bf15-4077-af79-1a4fd95d48c3@group-78BA0C5E921B-LeaderElection33] INFO  impl.LeaderElection (LeaderElection.java:logAndReturn(90)) - 1c34faa2-bf15-4077-af79-1a4fd95d48c3@group-78BA0C5E921B-LeaderElection33: ELECTION REJECTED received 1 response(s) and 0 exception(s):
2023-01-10 01:13:57,303 [1c34faa2-bf15-4077-af79-1a4fd95d48c3@group-78BA0C5E921B-LeaderElection33] INFO  impl.LeaderElection (LeaderElection.java:logAndReturn(94)) -   Response 0: 1c34faa2-bf15-4077-af79-1a4fd95d48c3<-35948080-5e22-45ca-b6f3-be7de45bebca#0:FAIL-t3
2023-01-10 01:13:57,303 [1c34faa2-bf15-4077-af79-1a4fd95d48c3@group-78BA0C5E921B-LeaderElection33] INFO  impl.LeaderElection (LeaderElection.java:askForVotes(314)) - 1c34faa2-bf15-4077-af79-1a4fd95d48c3@group-78BA0C5E921B-LeaderElection33 ELECTION round 0: result REJECTED
2023-01-10 01:13:57,303 [1c34faa2-bf15-4077-af79-1a4fd95d48c3@group-78BA0C5E921B-LeaderElection33] INFO  server.RaftServer$Division (RaftServerImpl.java:setRole(321)) - 1c34faa2-bf15-4077-af79-1a4fd95d48c3@group-78BA0C5E921B: changes role from CANDIDATE to FOLLOWER at term 3 for REJECTED
2023-01-10 01:13:57,303 [1c34faa2-bf15-4077-af79-1a4fd95d48c3@group-78BA0C5E921B-LeaderElection33] INFO  impl.RoleInfo (RoleInfo.java:shutdownLeaderElection(130)) - 1c34faa2-bf15-4077-af79-1a4fd95d48c3: shutdown 1c34faa2-bf15-4077-af79-1a4fd95d48c3@group-78BA0C5E921B-LeaderElection33
2023-01-10 01:13:57,303 [1c34faa2-bf15-4077-af79-1a4fd95d48c3@group-78BA0C5E921B-LeaderElection33] INFO  impl.RoleInfo (RoleInfo.java:updateAndGet(139)) - 1c34faa2-bf15-4077-af79-1a4fd95d48c3: start 1c34faa2-bf15-4077-af79-1a4fd95d48c3@group-78BA0C5E921B-FollowerState
2023-01-10 01:13:57,303 [1c34faa2-bf15-4077-af79-1a4fd95d48c3@group-78BA0C5E921B-FollowerState] INFO  server.RaftServerConfigKeys (ConfUtils.java:logFallback(53)) - raft.server.rpc.first-election.timeout.min = 5s (fallback to raft.server.rpc.timeout.min)
2023-01-10 01:13:57,303 [1c34faa2-bf15-4077-af79-1a4fd95d48c3@group-78BA0C5E921B-FollowerState] INFO  server.RaftServerConfigKeys (ConfUtils.java:logFallback(53)) - raft.server.rpc.first-election.timeout.max = 5200ms (fallback to raft.server.rpc.timeout.max)
2023-01-10 01:13:57,305 [35948080-5e22-45ca-b6f3-be7de45bebca@group-78BA0C5E921B-FollowerState] INFO  server.RaftServerConfigKeys (ConfUtils.java:logFallback(53)) - raft.server.rpc.first-election.timeout.max = 5200ms (fallback to raft.server.rpc.timeout.max)
2023-01-10 01:13:58,111 [afa38d33-fc19-42e5-bc19-641228a4898b@group-79979D135BFE-FollowerState] INFO  impl.FollowerState (FollowerState.java:run(143)) - afa38d33-fc19-42e5-bc19-641228a4898b@group-79979D135BFE-FollowerState: change to CANDIDATE, lastRpcElapsedTime:5030514991ns, electionTimeout:5028ms
2023-01-10 01:13:58,111 [afa38d33-fc19-42e5-bc19-641228a4898b@group-79979D135BFE-FollowerState] INFO  impl.RoleInfo (RoleInfo.java:shutdownFollowerState(110)) - afa38d33-fc19-42e5-bc19-641228a4898b: shutdown afa38d33-fc19-42e5-bc19-641228a4898b@group-79979D135BFE-FollowerState
2023-01-10 01:13:58,111 [afa38d33-fc19-42e5-bc19-641228a4898b@group-79979D135BFE-FollowerState] INFO  server.RaftServer$Division (RaftServerImpl.java:setRole(321)) - afa38d33-fc19-42e5-bc19-641228a4898b@group-79979D135BFE: changes role from  FOLLOWER to CANDIDATE at term 2 for changeToCandidate
2023-01-10 01:13:58,112 [afa38d33-fc19-42e5-bc19-641228a4898b@group-79979D135BFE-FollowerState] INFO  server.RaftServerConfigKeys (ConfUtils.java:logGet(46)) - raft.server.leaderelection.pre-vote = false (custom)
2023-01-10 01:13:58,112 [afa38d33-fc19-42e5-bc19-641228a4898b@group-79979D135BFE-FollowerState] INFO  impl.RoleInfo (RoleInfo.java:updateAndGet(139)) - afa38d33-fc19-42e5-bc19-641228a4898b: start afa38d33-fc19-42e5-bc19-641228a4898b@group-79979D135BFE-LeaderElection34
2023-01-10 01:13:58,118 [afa38d33-fc19-42e5-bc19-641228a4898b@group-79979D135BFE-LeaderElection34] INFO  impl.LeaderElection (LeaderElection.java:askForVotes(312)) - afa38d33-fc19-42e5-bc19-641228a4898b@group-79979D135BFE-LeaderElection34 ELECTION round 0: submit vote requests at term 3 for -1: peers:[755113df-b2d2-4f4d-a016-da6f7eba54ac|rpc:10.1.0.24:40991|dataStream:10.1.0.24:38909|priority:0|startupRole:FOLLOWER, 498755a8-f2f1-47a5-bb38-b65b10b21bcc|rpc:10.1.0.24:40949|dataStream:10.1.0.24:39249|priority:1|startupRole:FOLLOWER, afa38d33-fc19-42e5-bc19-641228a4898b|rpc:10.1.0.24:37195|dataStream:10.1.0.24:33715|priority:0|startupRole:FOLLOWER]|listeners:[], old=null
2023-01-10 01:13:58,118 [afa38d33-fc19-42e5-bc19-641228a4898b@group-79979D135BFE-LeaderElection34] INFO  server.RaftServerConfigKeys (ConfUtils.java:logFallback(53)) - raft.server.rpc.first-election.timeout.min = 5s (fallback to raft.server.rpc.timeout.min)
2023-01-10 01:13:58,118 [afa38d33-fc19-42e5-bc19-641228a4898b@group-79979D135BFE-LeaderElection34] INFO  server.RaftServerConfigKeys (ConfUtils.java:logFallback(53)) - raft.server.rpc.first-election.timeout.max = 5200ms (fallback to raft.server.rpc.timeout.max)
2023-01-10 01:13:58,120 [grpc-default-executor-2] INFO  server.RaftServer$Division (RaftServerImpl.java:requestVote(1218)) - 755113df-b2d2-4f4d-a016-da6f7eba54ac@group-79979D135BFE: receive requestVote(ELECTION, afa38d33-fc19-42e5-bc19-641228a4898b, group-79979D135BFE, 3, (t:0, i:0))
2023-01-10 01:13:58,120 [grpc-default-executor-2] INFO  impl.VoteContext (VoteContext.java:log(49)) - 755113df-b2d2-4f4d-a016-da6f7eba54ac@group-79979D135BFE-FOLLOWER: accept ELECTION from afa38d33-fc19-42e5-bc19-641228a4898b: our priority 0 <= candidate's priority 0
2023-01-10 01:13:58,120 [grpc-default-executor-2] INFO  server.RaftServer$Division (RaftServerImpl.java:setRole(321)) - 755113df-b2d2-4f4d-a016-da6f7eba54ac@group-79979D135BFE: changes role from  FOLLOWER to FOLLOWER at term 3 for candidate:afa38d33-fc19-42e5-bc19-641228a4898b
2023-01-10 01:13:58,120 [grpc-default-executor-2] INFO  impl.RoleInfo (RoleInfo.java:shutdownFollowerState(110)) - 755113df-b2d2-4f4d-a016-da6f7eba54ac: shutdown 755113df-b2d2-4f4d-a016-da6f7eba54ac@group-79979D135BFE-FollowerState
2023-01-10 01:13:58,120 [grpc-default-executor-2] INFO  impl.RoleInfo (RoleInfo.java:updateAndGet(139)) - 755113df-b2d2-4f4d-a016-da6f7eba54ac: start 755113df-b2d2-4f4d-a016-da6f7eba54ac@group-79979D135BFE-FollowerState
2023-01-10 01:13:58,120 [755113df-b2d2-4f4d-a016-da6f7eba54ac@group-79979D135BFE-FollowerState] INFO  impl.FollowerState (FollowerState.java:run(152)) - 755113df-b2d2-4f4d-a016-da6f7eba54ac@group-79979D135BFE-FollowerState was interrupted
2023-01-10 01:13:58,121 [755113df-b2d2-4f4d-a016-da6f7eba54ac@group-79979D135BFE-FollowerState] INFO  server.RaftServerConfigKeys (ConfUtils.java:logFallback(53)) - raft.server.rpc.first-election.timeout.min = 5s (fallback to raft.server.rpc.timeout.min)
2023-01-10 01:13:58,121 [755113df-b2d2-4f4d-a016-da6f7eba54ac@group-79979D135BFE-FollowerState] INFO  server.RaftServerConfigKeys (ConfUtils.java:logFallback(53)) - raft.server.rpc.first-election.timeout.max = 5200ms (fallback to raft.server.rpc.timeout.max)
2023-01-10 01:13:58,123 [grpc-default-executor-6] INFO  server.RaftServer$Division (RaftServerImpl.java:requestVote(1218)) - 498755a8-f2f1-47a5-bb38-b65b10b21bcc@group-79979D135BFE: receive requestVote(ELECTION, afa38d33-fc19-42e5-bc19-641228a4898b, group-79979D135BFE, 3, (t:0, i:0))
2023-01-10 01:13:58,123 [grpc-default-executor-6] INFO  impl.VoteContext (VoteContext.java:log(49)) - 498755a8-f2f1-47a5-bb38-b65b10b21bcc@group-79979D135BFE-FOLLOWER: reject ELECTION from afa38d33-fc19-42e5-bc19-641228a4898b: our priority 1 > candidate's priority 0
2023-01-10 01:13:58,123 [grpc-default-executor-6] INFO  server.RaftServer$Division (RaftServerImpl.java:setRole(321)) - 498755a8-f2f1-47a5-bb38-b65b10b21bcc@group-79979D135BFE: changes role from  FOLLOWER to FOLLOWER at term 3 for candidate:afa38d33-fc19-42e5-bc19-641228a4898b
2023-01-10 01:13:58,123 [grpc-default-executor-6] INFO  impl.RoleInfo (RoleInfo.java:shutdownFollowerState(110)) - 498755a8-f2f1-47a5-bb38-b65b10b21bcc: shutdown 498755a8-f2f1-47a5-bb38-b65b10b21bcc@group-79979D135BFE-FollowerState
2023-01-10 01:13:58,123 [grpc-default-executor-6] INFO  impl.RoleInfo (RoleInfo.java:updateAndGet(139)) - 498755a8-f2f1-47a5-bb38-b65b10b21bcc: start 498755a8-f2f1-47a5-bb38-b65b10b21bcc@group-79979D135BFE-FollowerState
2023-01-10 01:13:58,123 [498755a8-f2f1-47a5-bb38-b65b10b21bcc@group-79979D135BFE-FollowerState] INFO  impl.FollowerState (FollowerState.java:run(152)) - 498755a8-f2f1-47a5-bb38-b65b10b21bcc@group-79979D135BFE-FollowerState was interrupted
2023-01-10 01:13:58,126 [498755a8-f2f1-47a5-bb38-b65b10b21bcc@group-79979D135BFE-FollowerState] INFO  server.RaftServerConfigKeys (ConfUtils.java:logFallback(53)) - raft.server.rpc.first-election.timeout.min = 5s (fallback to raft.server.rpc.timeout.min)
2023-01-10 01:13:58,126 [498755a8-f2f1-47a5-bb38-b65b10b21bcc@group-79979D135BFE-FollowerState] INFO  server.RaftServerConfigKeys (ConfUtils.java:logFallback(53)) - raft.server.rpc.first-election.timeout.max = 5200ms (fallback to raft.server.rpc.timeout.max)
2023-01-10 01:13:58,126 [grpc-default-executor-6] INFO  server.RaftServer$Division (RaftServerImpl.java:requestVote(1251)) - 498755a8-f2f1-47a5-bb38-b65b10b21bcc@group-79979D135BFE replies to ELECTION vote request: afa38d33-fc19-42e5-bc19-641228a4898b<-498755a8-f2f1-47a5-bb38-b65b10b21bcc#0:FAIL-t3. Peer's state: 498755a8-f2f1-47a5-bb38-b65b10b21bcc@group-79979D135BFE:t3, leader=null, voted=null, raftlog=Memoized:498755a8-f2f1-47a5-bb38-b65b10b21bcc@group-79979D135BFE-SegmentedRaftLog:OPENED:c-1, conf=-1: peers:[755113df-b2d2-4f4d-a016-da6f7eba54ac|rpc:10.1.0.24:40991|dataStream:10.1.0.24:38909|priority:0|startupRole:FOLLOWER, 498755a8-f2f1-47a5-bb38-b65b10b21bcc|rpc:10.1.0.24:40949|dataStream:10.1.0.24:39249|priority:1|startupRole:FOLLOWER, afa38d33-fc19-42e5-bc19-641228a4898b|rpc:10.1.0.24:37195|dataStream:10.1.0.24:33715|priority:0|startupRole:FOLLOWER]|listeners:[], old=null
2023-01-10 01:13:58,127 [grpc-default-executor-2] INFO  server.RaftServer$Division (RaftServerImpl.java:requestVote(1251)) - 755113df-b2d2-4f4d-a016-da6f7eba54ac@group-79979D135BFE replies to ELECTION vote request: afa38d33-fc19-42e5-bc19-641228a4898b<-755113df-b2d2-4f4d-a016-da6f7eba54ac#0:OK-t3. Peer's state: 755113df-b2d2-4f4d-a016-da6f7eba54ac@group-79979D135BFE:t3, leader=null, voted=afa38d33-fc19-42e5-bc19-641228a4898b, raftlog=Memoized:755113df-b2d2-4f4d-a016-da6f7eba54ac@group-79979D135BFE-SegmentedRaftLog:OPENED:c-1, conf=-1: peers:[755113df-b2d2-4f4d-a016-da6f7eba54ac|rpc:10.1.0.24:40991|dataStream:10.1.0.24:38909|priority:0|startupRole:FOLLOWER, 498755a8-f2f1-47a5-bb38-b65b10b21bcc|rpc:10.1.0.24:40949|dataStream:10.1.0.24:39249|priority:1|startupRole:FOLLOWER, afa38d33-fc19-42e5-bc19-641228a4898b|rpc:10.1.0.24:37195|dataStream:10.1.0.24:33715|priority:0|startupRole:FOLLOWER]|listeners:[], old=null
2023-01-10 01:13:58,128 [afa38d33-fc19-42e5-bc19-641228a4898b@group-79979D135BFE-LeaderElection34] INFO  impl.LeaderElection (LeaderElection.java:logAndReturn(90)) - afa38d33-fc19-42e5-bc19-641228a4898b@group-79979D135BFE-LeaderElection34: ELECTION REJECTED received 1 response(s) and 0 exception(s):
2023-01-10 01:13:58,128 [afa38d33-fc19-42e5-bc19-641228a4898b@group-79979D135BFE-LeaderElection34] INFO  impl.LeaderElection (LeaderElection.java:logAndReturn(94)) -   Response 0: afa38d33-fc19-42e5-bc19-641228a4898b<-498755a8-f2f1-47a5-bb38-b65b10b21bcc#0:FAIL-t3
2023-01-10 01:13:58,128 [afa38d33-fc19-42e5-bc19-641228a4898b@group-79979D135BFE-LeaderElection34] INFO  impl.LeaderElection (LeaderElection.java:askForVotes(314)) - afa38d33-fc19-42e5-bc19-641228a4898b@group-79979D135BFE-LeaderElection34 ELECTION round 0: result REJECTED
2023-01-10 01:13:58,128 [afa38d33-fc19-42e5-bc19-641228a4898b@group-79979D135BFE-LeaderElection34] INFO  server.RaftServer$Division (RaftServerImpl.java:setRole(321)) - afa38d33-fc19-42e5-bc19-641228a4898b@group-79979D135BFE: changes role from CANDIDATE to FOLLOWER at term 3 for REJECTED
2023-01-10 01:13:58,128 [afa38d33-fc19-42e5-bc19-641228a4898b@group-79979D135BFE-LeaderElection34] INFO  impl.RoleInfo (RoleInfo.java:shutdownLeaderElection(130)) - afa38d33-fc19-42e5-bc19-641228a4898b: shutdown afa38d33-fc19-42e5-bc19-641228a4898b@group-79979D135BFE-LeaderElection34
2023-01-10 01:13:58,128 [afa38d33-fc19-42e5-bc19-641228a4898b@group-79979D135BFE-LeaderElection34] INFO  impl.RoleInfo (RoleInfo.java:updateAndGet(139)) - afa38d33-fc19-42e5-bc19-641228a4898b: start afa38d33-fc19-42e5-bc19-641228a4898b@group-79979D135BFE-FollowerState
2023-01-10 01:13:58,130 [afa38d33-fc19-42e5-bc19-641228a4898b@group-79979D135BFE-FollowerState] INFO  server.RaftServerConfigKeys (ConfUtils.java:logFallback(53)) - raft.server.rpc.first-election.timeout.min = 5s (fallback to raft.server.rpc.timeout.min)
2023-01-10 01:13:58,130 [afa38d33-fc19-42e5-bc19-641228a4898b@group-79979D135BFE-FollowerState] INFO  server.RaftServerConfigKeys (ConfUtils.java:logFallback(53)) - raft.server.rpc.first-election.timeout.max = 5200ms (fallback to raft.server.rpc.timeout.max)
2023-01-10 01:13:58,318 [498755a8-f2f1-47a5-bb38-b65b10b21bcc@group-899B3966D85D-FollowerState] INFO  server.RaftServerConfigKeys (ConfUtils.java:logFallback(53)) - raft.server.rpc.first-election.timeout.min = 5s (fallback to raft.server.rpc.timeout.min)
2023-01-10 01:13:58,318 [498755a8-f2f1-47a5-bb38-b65b10b21bcc@group-899B3966D85D-FollowerState] INFO  server.RaftServerConfigKeys (ConfUtils.java:logFallback(53)) - raft.server.rpc.first-election.timeout.max = 5200ms (fallback to raft.server.rpc.timeout.max)
2023-01-10 01:13:58,403 [afa38d33-fc19-42e5-bc19-641228a4898b@group-899B3966D85D-FollowerState] INFO  impl.FollowerState (FollowerState.java:run(143)) - afa38d33-fc19-42e5-bc19-641228a4898b@group-899B3966D85D-FollowerState: change to CANDIDATE, lastRpcElapsedTime:5107583008ns, electionTimeout:5096ms
2023-01-10 01:13:58,403 [afa38d33-fc19-42e5-bc19-641228a4898b@group-899B3966D85D-FollowerState] INFO  impl.RoleInfo (RoleInfo.java:shutdownFollowerState(110)) - afa38d33-fc19-42e5-bc19-641228a4898b: shutdown afa38d33-fc19-42e5-bc19-641228a4898b@group-899B3966D85D-FollowerState
2023-01-10 01:13:58,403 [afa38d33-fc19-42e5-bc19-641228a4898b@group-899B3966D85D-FollowerState] INFO  server.RaftServer$Division (RaftServerImpl.java:setRole(321)) - afa38d33-fc19-42e5-bc19-641228a4898b@group-899B3966D85D: changes role from  FOLLOWER to CANDIDATE at term 2 for changeToCandidate
2023-01-10 01:13:58,403 [afa38d33-fc19-42e5-bc19-641228a4898b@group-899B3966D85D-FollowerState] INFO  server.RaftServerConfigKeys (ConfUtils.java:logGet(46)) - raft.server.leaderelection.pre-vote = false (custom)
2023-01-10 01:13:58,403 [afa38d33-fc19-42e5-bc19-641228a4898b@group-899B3966D85D-FollowerState] INFO  impl.RoleInfo (RoleInfo.java:updateAndGet(139)) - afa38d33-fc19-42e5-bc19-641228a4898b: start afa38d33-fc19-42e5-bc19-641228a4898b@group-899B3966D85D-LeaderElection35
2023-01-10 01:13:58,406 [afa38d33-fc19-42e5-bc19-641228a4898b@group-899B3966D85D-LeaderElection35] INFO  impl.LeaderElection (LeaderElection.java:askForVotes(312)) - afa38d33-fc19-42e5-bc19-641228a4898b@group-899B3966D85D-LeaderElection35 ELECTION round 0: submit vote requests at term 3 for -1: peers:[755113df-b2d2-4f4d-a016-da6f7eba54ac|rpc:10.1.0.24:40991|dataStream:10.1.0.24:38909|priority:0|startupRole:FOLLOWER, 498755a8-f2f1-47a5-bb38-b65b10b21bcc|rpc:10.1.0.24:40949|dataStream:10.1.0.24:39249|priority:0|startupRole:FOLLOWER, afa38d33-fc19-42e5-bc19-641228a4898b|rpc:10.1.0.24:37195|dataStream:10.1.0.24:33715|priority:1|startupRole:FOLLOWER]|listeners:[], old=null
2023-01-10 01:13:58,406 [afa38d33-fc19-42e5-bc19-641228a4898b@group-899B3966D85D-LeaderElection35] INFO  server.RaftServerConfigKeys (ConfUtils.java:logFallback(53)) - raft.server.rpc.first-election.timeout.min = 5s (fallback to raft.server.rpc.timeout.min)
2023-01-10 01:13:58,406 [afa38d33-fc19-42e5-bc19-641228a4898b@group-899B3966D85D-LeaderElection35] INFO  server.RaftServerConfigKeys (ConfUtils.java:logFallback(53)) - raft.server.rpc.first-election.timeout.max = 5200ms (fallback to raft.server.rpc.timeout.max)
2023-01-10 01:13:58,410 [grpc-default-executor-6] INFO  server.RaftServer$Division (RaftServerImpl.java:requestVote(1218)) - 498755a8-f2f1-47a5-bb38-b65b10b21bcc@group-899B3966D85D: receive requestVote(ELECTION, afa38d33-fc19-42e5-bc19-641228a4898b, group-899B3966D85D, 3, (t:0, i:0))
2023-01-10 01:13:58,410 [grpc-default-executor-6] INFO  impl.VoteContext (VoteContext.java:log(49)) - 498755a8-f2f1-47a5-bb38-b65b10b21bcc@group-899B3966D85D-FOLLOWER: accept ELECTION from afa38d33-fc19-42e5-bc19-641228a4898b: our priority 0 <= candidate's priority 1
2023-01-10 01:13:58,410 [grpc-default-executor-6] INFO  server.RaftServer$Division (RaftServerImpl.java:setRole(321)) - 498755a8-f2f1-47a5-bb38-b65b10b21bcc@group-899B3966D85D: changes role from  FOLLOWER to FOLLOWER at term 3 for candidate:afa38d33-fc19-42e5-bc19-641228a4898b
2023-01-10 01:13:58,410 [grpc-default-executor-6] INFO  impl.RoleInfo (RoleInfo.java:shutdownFollowerState(110)) - 498755a8-f2f1-47a5-bb38-b65b10b21bcc: shutdown 498755a8-f2f1-47a5-bb38-b65b10b21bcc@group-899B3966D85D-FollowerState
2023-01-10 01:13:58,410 [grpc-default-executor-6] INFO  impl.RoleInfo (RoleInfo.java:updateAndGet(139)) - 498755a8-f2f1-47a5-bb38-b65b10b21bcc: start 498755a8-f2f1-47a5-bb38-b65b10b21bcc@group-899B3966D85D-FollowerState
2023-01-10 01:13:58,410 [498755a8-f2f1-47a5-bb38-b65b10b21bcc@group-899B3966D85D-FollowerState] INFO  impl.FollowerState (FollowerState.java:run(152)) - 498755a8-f2f1-47a5-bb38-b65b10b21bcc@group-899B3966D85D-FollowerState was interrupted
2023-01-10 01:13:58,410 [grpc-default-executor-2] INFO  server.RaftServer$Division (RaftServerImpl.java:requestVote(1218)) - 755113df-b2d2-4f4d-a016-da6f7eba54ac@group-899B3966D85D: receive requestVote(ELECTION, afa38d33-fc19-42e5-bc19-641228a4898b, group-899B3966D85D, 3, (t:0, i:0))
2023-01-10 01:13:58,410 [grpc-default-executor-2] INFO  impl.VoteContext (VoteContext.java:log(49)) - 755113df-b2d2-4f4d-a016-da6f7eba54ac@group-899B3966D85D-FOLLOWER: accept ELECTION from afa38d33-fc19-42e5-bc19-641228a4898b: our priority 0 <= candidate's priority 1
2023-01-10 01:13:58,411 [grpc-default-executor-2] INFO  server.RaftServer$Division (RaftServerImpl.java:setRole(321)) - 755113df-b2d2-4f4d-a016-da6f7eba54ac@group-899B3966D85D: changes role from  FOLLOWER to FOLLOWER at term 3 for candidate:afa38d33-fc19-42e5-bc19-641228a4898b
2023-01-10 01:13:58,411 [grpc-default-executor-2] INFO  impl.RoleInfo (RoleInfo.java:shutdownFollowerState(110)) - 755113df-b2d2-4f4d-a016-da6f7eba54ac: shutdown 755113df-b2d2-4f4d-a016-da6f7eba54ac@group-899B3966D85D-FollowerState
2023-01-10 01:13:58,413 [498755a8-f2f1-47a5-bb38-b65b10b21bcc@group-899B3966D85D-FollowerState] INFO  server.RaftServerConfigKeys (ConfUtils.java:logFallback(53)) - raft.server.rpc.first-election.timeout.min = 5s (fallback to raft.server.rpc.timeout.min)
2023-01-10 01:13:58,414 [498755a8-f2f1-47a5-bb38-b65b10b21bcc@group-899B3966D85D-FollowerState] INFO  server.RaftServerConfigKeys (ConfUtils.java:logFallback(53)) - raft.server.rpc.first-election.timeout.max = 5200ms (fallback to raft.server.rpc.timeout.max)
2023-01-10 01:13:58,415 [grpc-default-executor-6] INFO  server.RaftServer$Division (RaftServerImpl.java:requestVote(1251)) - 498755a8-f2f1-47a5-bb38-b65b10b21bcc@group-899B3966D85D replies to ELECTION vote request: afa38d33-fc19-42e5-bc19-641228a4898b<-498755a8-f2f1-47a5-bb38-b65b10b21bcc#0:OK-t3. Peer's state: 498755a8-f2f1-47a5-bb38-b65b10b21bcc@group-899B3966D85D:t3, leader=null, voted=afa38d33-fc19-42e5-bc19-641228a4898b, raftlog=Memoized:498755a8-f2f1-47a5-bb38-b65b10b21bcc@group-899B3966D85D-SegmentedRaftLog:OPENED:c-1, conf=-1: peers:[755113df-b2d2-4f4d-a016-da6f7eba54ac|rpc:10.1.0.24:40991|dataStream:10.1.0.24:38909|priority:0|startupRole:FOLLOWER, 498755a8-f2f1-47a5-bb38-b65b10b21bcc|rpc:10.1.0.24:40949|dataStream:10.1.0.24:39249|priority:0|startupRole:FOLLOWER, afa38d33-fc19-42e5-bc19-641228a4898b|rpc:10.1.0.24:37195|dataStream:10.1.0.24:33715|priority:1|startupRole:FOLLOWER]|listeners:[], old=null
2023-01-10 01:13:58,415 [grpc-default-executor-2] INFO  impl.RoleInfo (RoleInfo.java:updateAndGet(139)) - 755113df-b2d2-4f4d-a016-da6f7eba54ac: start 755113df-b2d2-4f4d-a016-da6f7eba54ac@group-899B3966D85D-FollowerState
2023-01-10 01:13:58,416 [755113df-b2d2-4f4d-a016-da6f7eba54ac@group-899B3966D85D-FollowerState] INFO  impl.FollowerState (FollowerState.java:run(152)) - 755113df-b2d2-4f4d-a016-da6f7eba54ac@group-899B3966D85D-FollowerState was interrupted
2023-01-10 01:13:58,418 [grpc-default-executor-2] INFO  server.RaftServer$Division (RaftServerImpl.java:requestVote(1251)) - 755113df-b2d2-4f4d-a016-da6f7eba54ac@group-899B3966D85D replies to ELECTION vote request: afa38d33-fc19-42e5-bc19-641228a4898b<-755113df-b2d2-4f4d-a016-da6f7eba54ac#0:OK-t3. Peer's state: 755113df-b2d2-4f4d-a016-da6f7eba54ac@group-899B3966D85D:t3, leader=null, voted=afa38d33-fc19-42e5-bc19-641228a4898b, raftlog=Memoized:755113df-b2d2-4f4d-a016-da6f7eba54ac@group-899B3966D85D-SegmentedRaftLog:OPENED:c-1, conf=-1: peers:[755113df-b2d2-4f4d-a016-da6f7eba54ac|rpc:10.1.0.24:40991|dataStream:10.1.0.24:38909|priority:0|startupRole:FOLLOWER, 498755a8-f2f1-47a5-bb38-b65b10b21bcc|rpc:10.1.0.24:40949|dataStream:10.1.0.24:39249|priority:0|startupRole:FOLLOWER, afa38d33-fc19-42e5-bc19-641228a4898b|rpc:10.1.0.24:37195|dataStream:10.1.0.24:33715|priority:1|startupRole:FOLLOWER]|listeners:[], old=null
2023-01-10 01:13:58,419 [755113df-b2d2-4f4d-a016-da6f7eba54ac@group-899B3966D85D-FollowerState] INFO  server.RaftServerConfigKeys (ConfUtils.java:logFallback(53)) - raft.server.rpc.first-election.timeout.min = 5s (fallback to raft.server.rpc.timeout.min)
2023-01-10 01:13:58,419 [755113df-b2d2-4f4d-a016-da6f7eba54ac@group-899B3966D85D-FollowerState] INFO  server.RaftServerConfigKeys (ConfUtils.java:logFallback(53)) - raft.server.rpc.first-election.timeout.max = 5200ms (fallback to raft.server.rpc.timeout.max)
2023-01-10 01:13:58,420 [afa38d33-fc19-42e5-bc19-641228a4898b@group-899B3966D85D-LeaderElection35] INFO  impl.LeaderElection (LeaderElection.java:logAndReturn(90)) - afa38d33-fc19-42e5-bc19-641228a4898b@group-899B3966D85D-LeaderElection35: ELECTION PASSED received 1 response(s) and 0 exception(s):
2023-01-10 01:13:58,420 [afa38d33-fc19-42e5-bc19-641228a4898b@group-899B3966D85D-LeaderElection35] INFO  impl.LeaderElection (LeaderElection.java:logAndReturn(94)) -   Response 0: afa38d33-fc19-42e5-bc19-641228a4898b<-755113df-b2d2-4f4d-a016-da6f7eba54ac#0:OK-t3
2023-01-10 01:13:58,420 [afa38d33-fc19-42e5-bc19-641228a4898b@group-899B3966D85D-LeaderElection35] INFO  impl.LeaderElection (LeaderElection.java:askForVotes(314)) - afa38d33-fc19-42e5-bc19-641228a4898b@group-899B3966D85D-LeaderElection35 ELECTION round 0: result PASSED
2023-01-10 01:13:58,420 [afa38d33-fc19-42e5-bc19-641228a4898b@group-899B3966D85D-LeaderElection35] INFO  impl.RoleInfo (RoleInfo.java:shutdownLeaderElection(130)) - afa38d33-fc19-42e5-bc19-641228a4898b: shutdown afa38d33-fc19-42e5-bc19-641228a4898b@group-899B3966D85D-LeaderElection35
2023-01-10 01:13:58,420 [afa38d33-fc19-42e5-bc19-641228a4898b@group-899B3966D85D-LeaderElection35] INFO  server.RaftServer$Division (RaftServerImpl.java:setRole(321)) - afa38d33-fc19-42e5-bc19-641228a4898b@group-899B3966D85D: changes role from CANDIDATE to LEADER at term 3 for changeToLeader
2023-01-10 01:13:58,420 [afa38d33-fc19-42e5-bc19-641228a4898b@group-899B3966D85D-LeaderElection35] INFO  ratis.XceiverServerRatis (XceiverServerRatis.java:handleLeaderChangedNotification(904)) - Leader change notification received for group: group-899B3966D85D with new leaderId: afa38d33-fc19-42e5-bc19-641228a4898b
2023-01-10 01:13:58,420 [afa38d33-fc19-42e5-bc19-641228a4898b@group-899B3966D85D-LeaderElection35] INFO  server.RaftServer$Division (ServerState.java:setLeader(313)) - afa38d33-fc19-42e5-bc19-641228a4898b@group-899B3966D85D: change Leader from null to afa38d33-fc19-42e5-bc19-641228a4898b at term 3 for becomeLeader, leader elected after 15323ms
2023-01-10 01:13:58,420 [afa38d33-fc19-42e5-bc19-641228a4898b@group-899B3966D85D-LeaderElection35] INFO  server.RaftServerConfigKeys (ConfUtils.java:logGet(46)) - raft.server.staging.catchup.gap = 1000 (default)
2023-01-10 01:13:58,420 [afa38d33-fc19-42e5-bc19-641228a4898b@group-899B3966D85D-LeaderElection35] INFO  server.RaftServerConfigKeys (ConfUtils.java:logGet(46)) - raft.server.write.element-limit = 1024 (custom)
2023-01-10 01:13:58,420 [afa38d33-fc19-42e5-bc19-641228a4898b@group-899B3966D85D-LeaderElection35] INFO  server.RaftServerConfigKeys (ConfUtils.java:logGet(46)) - raft.server.write.byte-limit = 1024 M (=1073741824) (custom)
2023-01-10 01:13:58,420 [afa38d33-fc19-42e5-bc19-641228a4898b@group-899B3966D85D-LeaderElection35] INFO  server.RaftServerConfigKeys (ConfUtils.java:logGet(46)) - raft.server.watch.timeout = 180s (custom)
2023-01-10 01:13:58,420 [afa38d33-fc19-42e5-bc19-641228a4898b@group-899B3966D85D-LeaderElection35] INFO  server.RaftServerConfigKeys (ConfUtils.java:logGet(46)) - raft.server.watch.timeout.denomination = 1s (default)
2023-01-10 01:13:58,421 [afa38d33-fc19-42e5-bc19-641228a4898b@group-899B3966D85D-LeaderElection35] INFO  server.RaftServerConfigKeys (ConfUtils.java:logGet(46)) - raft.server.watch.element-limit = 65536 (default)
2023-01-10 01:13:58,421 [afa38d33-fc19-42e5-bc19-641228a4898b@group-899B3966D85D-LeaderElection35] INFO  server.RaftServerConfigKeys (ConfUtils.java:logGet(46)) - raft.server.write.element-limit = 1024 (custom)
2023-01-10 01:13:58,421 [afa38d33-fc19-42e5-bc19-641228a4898b@group-899B3966D85D-LeaderElection35] INFO  server.RaftServerConfigKeys (ConfUtils.java:logGet(46)) - raft.server.write.follower.gap.ratio.max = -1.0 (default)
2023-01-10 01:13:58,421 [afa38d33-fc19-42e5-bc19-641228a4898b@group-899B3966D85D-LeaderElection35] INFO  server.RaftServerConfigKeys (ConfUtils.java:logGet(46)) - raft.server.log.appender.snapshot.chunk.size.max = 16MB (=16777216) (default)
2023-01-10 01:13:58,421 [afa38d33-fc19-42e5-bc19-641228a4898b@group-899B3966D85D-LeaderElection35] INFO  server.RaftServerConfigKeys (ConfUtils.java:logGet(46)) - raft.server.log.appender.buffer.byte-limit = 33554432 (custom)
2023-01-10 01:13:58,421 [afa38d33-fc19-42e5-bc19-641228a4898b@group-899B3966D85D-LeaderElection35] INFO  server.RaftServerConfigKeys (ConfUtils.java:logGet(46)) - raft.server.log.appender.buffer.element-limit = 1 (custom)
2023-01-10 01:13:58,421 [afa38d33-fc19-42e5-bc19-641228a4898b@group-899B3966D85D-LeaderElection35] INFO  grpc.GrpcConfigKeys (ConfUtils.java:logGet(46)) - raft.grpc.server.leader.outstanding.appends.max = 128 (default)
2023-01-10 01:13:58,421 [afa38d33-fc19-42e5-bc19-641228a4898b@group-899B3966D85D-LeaderElection35] INFO  server.RaftServerConfigKeys (ConfUtils.java:logGet(46)) - raft.server.rpc.request.timeout = 60s (custom)
2023-01-10 01:13:58,421 [afa38d33-fc19-42e5-bc19-641228a4898b@group-899B3966D85D-LeaderElection35] INFO  server.RaftServerConfigKeys (ConfUtils.java:logGet(46)) - raft.server.log.appender.install.snapshot.enabled = false (custom)
2023-01-10 01:13:58,421 [afa38d33-fc19-42e5-bc19-641228a4898b@group-899B3966D85D-LeaderElection35] INFO  grpc.GrpcConfigKeys (ConfUtils.java:logGet(46)) - raft.grpc.server.heartbeat.channel = true (default)
2023-01-10 01:13:58,421 [afa38d33-fc19-42e5-bc19-641228a4898b@group-899B3966D85D-LeaderElection35] INFO  server.RaftServerConfigKeys (ConfUtils.java:logGet(46)) - raft.server.log.appender.wait-time.min = 10ms (default)
2023-01-10 01:13:58,422 [afa38d33-fc19-42e5-bc19-641228a4898b@group-899B3966D85D-LeaderElection35] INFO  server.RaftServerConfigKeys (ConfUtils.java:logGet(46)) - raft.server.log.appender.snapshot.chunk.size.max = 16MB (=16777216) (default)
2023-01-10 01:13:58,422 [afa38d33-fc19-42e5-bc19-641228a4898b@group-899B3966D85D-LeaderElection35] INFO  server.RaftServerConfigKeys (ConfUtils.java:logGet(46)) - raft.server.log.appender.buffer.byte-limit = 33554432 (custom)
2023-01-10 01:13:58,422 [afa38d33-fc19-42e5-bc19-641228a4898b@group-899B3966D85D-LeaderElection35] INFO  server.RaftServerConfigKeys (ConfUtils.java:logGet(46)) - raft.server.log.appender.buffer.element-limit = 1 (custom)
2023-01-10 01:13:58,422 [afa38d33-fc19-42e5-bc19-641228a4898b@group-899B3966D85D-LeaderElection35] INFO  grpc.GrpcConfigKeys (ConfUtils.java:logGet(46)) - raft.grpc.server.leader.outstanding.appends.max = 128 (default)
2023-01-10 01:13:58,422 [afa38d33-fc19-42e5-bc19-641228a4898b@group-899B3966D85D-LeaderElection35] INFO  server.RaftServerConfigKeys (ConfUtils.java:logGet(46)) - raft.server.rpc.request.timeout = 60s (custom)
2023-01-10 01:13:58,422 [afa38d33-fc19-42e5-bc19-641228a4898b@group-899B3966D85D-LeaderElection35] INFO  server.RaftServerConfigKeys (ConfUtils.java:logGet(46)) - raft.server.log.appender.install.snapshot.enabled = false (custom)
2023-01-10 01:13:58,423 [EventQueue-PipelineReportForPipelineReportHandler] INFO  pipeline.PipelineManagerImpl (PipelineManagerImpl.java:openPipeline(367)) - Pipeline Pipeline[ Id: c224eb46-a506-4758-baab-899b3966d85d, Nodes: 755113df-b2d2-4f4d-a016-da6f7eba54ac{ip: 10.1.0.24, host: fv-az353-623.tkyx2seitsuu3nmpmouz2httfb.bx.internal.cloudapp.net, ports: [REPLICATION=32821, RATIS=40991, RATIS_ADMIN=40991, RATIS_SERVER=40991, RATIS_DATASTREAM=38909, STANDALONE=42111], networkLocation: /default-rack, certSerialId: null, persistedOpState: IN_SERVICE, persistedOpStateExpiryEpochSec: 0}afa38d33-fc19-42e5-bc19-641228a4898b{ip: 10.1.0.24, host: fv-az353-623.tkyx2seitsuu3nmpmouz2httfb.bx.internal.cloudapp.net, ports: [REPLICATION=46271, RATIS=37195, RATIS_ADMIN=37195, RATIS_SERVER=37195, RATIS_DATASTREAM=33715, STANDALONE=38283], networkLocation: /default-rack, certSerialId: null, persistedOpState: IN_SERVICE, persistedOpStateExpiryEpochSec: 0}498755a8-f2f1-47a5-bb38-b65b10b21bcc{ip: 10.1.0.24, host: fv-az353-623.tkyx2seitsuu3nmpmouz2httfb.bx.internal.cloudapp.net, ports: [REPLICATION=40813, RATIS=40949, RATIS_ADMIN=40949, RATIS_SERVER=40949, RATIS_DATASTREAM=39249, STANDALONE=39559], networkLocation: /default-rack, certSerialId: null, persistedOpState: IN_SERVICE, persistedOpStateExpiryEpochSec: 0}, ReplicationConfig: RATIS/THREE, State:ALLOCATED, leaderId:afa38d33-fc19-42e5-bc19-641228a4898b, CreationTimestamp2023-01-10T01:13:40.538Z[Etc/UTC]] moved to OPEN state
2023-01-10 01:13:58,423 [afa38d33-fc19-42e5-bc19-641228a4898b@group-899B3966D85D-LeaderElection35] INFO  grpc.GrpcConfigKeys (ConfUtils.java:logGet(46)) - raft.grpc.server.heartbeat.channel = true (default)
2023-01-10 01:13:58,424 [afa38d33-fc19-42e5-bc19-641228a4898b@group-899B3966D85D-LeaderElection35] INFO  server.RaftServerConfigKeys (ConfUtils.java:logGet(46)) - raft.server.log.appender.wait-time.min = 10ms (default)
2023-01-10 01:13:58,424 [afa38d33-fc19-42e5-bc19-641228a4898b@group-899B3966D85D-LeaderElection35] INFO  impl.RoleInfo (RoleInfo.java:updateAndGet(139)) - afa38d33-fc19-42e5-bc19-641228a4898b: start afa38d33-fc19-42e5-bc19-641228a4898b@group-899B3966D85D-LeaderStateImpl
2023-01-10 01:13:58,425 [afa38d33-fc19-42e5-bc19-641228a4898b@group-899B3966D85D-LeaderElection35] INFO  segmented.SegmentedRaftLogWorker (SegmentedRaftLogWorker.java:startLogSegment(452)) - afa38d33-fc19-42e5-bc19-641228a4898b@group-899B3966D85D-SegmentedRaftLogWorker: Starting segment from index:0
2023-01-10 01:13:58,434 [afa38d33-fc19-42e5-bc19-641228a4898b@group-899B3966D85D-LeaderElection35] INFO  server.RaftServer$Division (ServerState.java:setRaftConf(430)) - afa38d33-fc19-42e5-bc19-641228a4898b@group-899B3966D85D: set configuration 0: peers:[755113df-b2d2-4f4d-a016-da6f7eba54ac|rpc:10.1.0.24:40991|dataStream:10.1.0.24:38909|priority:0|startupRole:FOLLOWER, 498755a8-f2f1-47a5-bb38-b65b10b21bcc|rpc:10.1.0.24:40949|dataStream:10.1.0.24:39249|priority:0|startupRole:FOLLOWER, afa38d33-fc19-42e5-bc19-641228a4898b|rpc:10.1.0.24:37195|dataStream:10.1.0.24:33715|priority:1|startupRole:FOLLOWER]|listeners:[], old=null
2023-01-10 01:13:58,434 [afa38d33-fc19-42e5-bc19-641228a4898b@group-899B3966D85D-SegmentedRaftLogWorker] INFO  segmented.SegmentedRaftLogWorker (SegmentedRaftLogWorker.java:execute(656)) - afa38d33-fc19-42e5-bc19-641228a4898b@group-899B3966D85D-SegmentedRaftLogWorker: created new log segment /home/runner/work/ozone/ozone/hadoop-ozone/integration-test/target/test-dir/MiniOzoneClusterImpl-62525788-12f1-42f6-8834-316215afea77/datanode-3/data/ratis/c224eb46-a506-4758-baab-899b3966d85d/current/log_inprogress_0
2023-01-10 01:13:58,443 [Listener at 127.0.0.1/44191] INFO  pipeline.PipelineManagerImpl (PipelineManagerImpl.java:closePipeline(442)) - Pipeline Pipeline[ Id: 10b1e9b3-4f10-4e01-8782-5a293a09bc8e, Nodes: 35948080-5e22-45ca-b6f3-be7de45bebca{ip: 10.1.0.24, host: fv-az353-623.tkyx2seitsuu3nmpmouz2httfb.bx.internal.cloudapp.net, ports: [REPLICATION=40767, RATIS=40989, RATIS_ADMIN=40989, RATIS_SERVER=40989, RATIS_DATASTREAM=42993, STANDALONE=45119], networkLocation: /default-rack, certSerialId: null, persistedOpState: IN_SERVICE, persistedOpStateExpiryEpochSec: 0}b1e0bc18-8da5-4e58-9fa5-a506b45b1540{ip: 10.1.0.24, host: fv-az353-623.tkyx2seitsuu3nmpmouz2httfb.bx.internal.cloudapp.net, ports: [REPLICATION=45369, RATIS=41835, RATIS_ADMIN=41835, RATIS_SERVER=41835, RATIS_DATASTREAM=40391, STANDALONE=36863], networkLocation: /default-rack, certSerialId: null, persistedOpState: IN_SERVICE, persistedOpStateExpiryEpochSec: 0}1c34faa2-bf15-4077-af79-1a4fd95d48c3{ip: 10.1.0.24, host: fv-az353-623.tkyx2seitsuu3nmpmouz2httfb.bx.internal.cloudapp.net, ports: [REPLICATION=39507, RATIS=38223, RATIS_ADMIN=38223, RATIS_SERVER=38223, RATIS_DATASTREAM=46641, STANDALONE=43347], networkLocation: /default-rack, certSerialId: null, persistedOpState: IN_SERVICE, persistedOpStateExpiryEpochSec: 0}, ReplicationConfig: RATIS/THREE, State:OPEN, leaderId:1c34faa2-bf15-4077-af79-1a4fd95d48c3, CreationTimestamp2023-01-10T01:13:39.597Z[Etc/UTC]] moved to CLOSED state
2023-01-10 01:13:58,443 [Listener at 127.0.0.1/44191] INFO  pipeline.RatisPipelineProvider (RatisPipelineProvider.java:lambda$close$4(272)) - Send pipeline:PipelineID=10b1e9b3-4f10-4e01-8782-5a293a09bc8e close command to datanode 35948080-5e22-45ca-b6f3-be7de45bebca
2023-01-10 01:13:58,443 [Listener at 127.0.0.1/44191] INFO  pipeline.RatisPipelineProvider (RatisPipelineProvider.java:lambda$close$4(272)) - Send pipeline:PipelineID=10b1e9b3-4f10-4e01-8782-5a293a09bc8e close command to datanode b1e0bc18-8da5-4e58-9fa5-a506b45b1540
2023-01-10 01:13:58,443 [Listener at 127.0.0.1/44191] INFO  pipeline.RatisPipelineProvider (RatisPipelineProvider.java:lambda$close$4(272)) - Send pipeline:PipelineID=10b1e9b3-4f10-4e01-8782-5a293a09bc8e close command to datanode 1c34faa2-bf15-4077-af79-1a4fd95d48c3
2023-01-10 01:13:58,446 [Listener at 127.0.0.1/44191] INFO  pipeline.PipelineStateManagerImpl (PipelineStateManagerImpl.java:removePipeline(245)) - Pipeline Pipeline[ Id: 10b1e9b3-4f10-4e01-8782-5a293a09bc8e, Nodes: 35948080-5e22-45ca-b6f3-be7de45bebca{ip: 10.1.0.24, host: fv-az353-623.tkyx2seitsuu3nmpmouz2httfb.bx.internal.cloudapp.net, ports: [REPLICATION=40767, RATIS=40989, RATIS_ADMIN=40989, RATIS_SERVER=40989, RATIS_DATASTREAM=42993, STANDALONE=45119], networkLocation: /default-rack, certSerialId: null, persistedOpState: IN_SERVICE, persistedOpStateExpiryEpochSec: 0}b1e0bc18-8da5-4e58-9fa5-a506b45b1540{ip: 10.1.0.24, host: fv-az353-623.tkyx2seitsuu3nmpmouz2httfb.bx.internal.cloudapp.net, ports: [REPLICATION=45369, RATIS=41835, RATIS_ADMIN=41835, RATIS_SERVER=41835, RATIS_DATASTREAM=40391, STANDALONE=36863], networkLocation: /default-rack, certSerialId: null, persistedOpState: IN_SERVICE, persistedOpStateExpiryEpochSec: 0}1c34faa2-bf15-4077-af79-1a4fd95d48c3{ip: 10.1.0.24, host: fv-az353-623.tkyx2seitsuu3nmpmouz2httfb.bx.internal.cloudapp.net, ports: [REPLICATION=39507, RATIS=38223, RATIS_ADMIN=38223, RATIS_SERVER=38223, RATIS_DATASTREAM=46641, STANDALONE=43347], networkLocation: /default-rack, certSerialId: null, persistedOpState: IN_SERVICE, persistedOpStateExpiryEpochSec: 0}, ReplicationConfig: RATIS/THREE, State:CLOSED, leaderId:1c34faa2-bf15-4077-af79-1a4fd95d48c3, CreationTimestamp2023-01-10T01:13:39.597Z[Etc/UTC]] removed.
2023-01-10 01:13:58,446 [755113df-b2d2-4f4d-a016-da6f7eba54ac-server-thread1] INFO  ratis.XceiverServerRatis (XceiverServerRatis.java:handleLeaderChangedNotification(904)) - Leader change notification received for group: group-899B3966D85D with new leaderId: afa38d33-fc19-42e5-bc19-641228a4898b
2023-01-10 01:13:58,447 [755113df-b2d2-4f4d-a016-da6f7eba54ac-server-thread1] INFO  server.RaftServer$Division (ServerState.java:setLeader(313)) - 755113df-b2d2-4f4d-a016-da6f7eba54ac@group-899B3966D85D: change Leader from null to afa38d33-fc19-42e5-bc19-641228a4898b at term 3 for appendEntries, leader elected after 15322ms
2023-01-10 01:13:58,447 [498755a8-f2f1-47a5-bb38-b65b10b21bcc-server-thread1] INFO  ratis.XceiverServerRatis (XceiverServerRatis.java:handleLeaderChangedNotification(904)) - Leader change notification received for group: group-899B3966D85D with new leaderId: afa38d33-fc19-42e5-bc19-641228a4898b
2023-01-10 01:13:58,447 [498755a8-f2f1-47a5-bb38-b65b10b21bcc-server-thread1] INFO  server.RaftServer$Division (ServerState.java:setLeader(313)) - 498755a8-f2f1-47a5-bb38-b65b10b21bcc@group-899B3966D85D: change Leader from null to afa38d33-fc19-42e5-bc19-641228a4898b at term 3 for appendEntries, leader elected after 15285ms
2023-01-10 01:13:58,447 [Listener at 127.0.0.1/44191] INFO  pipeline.PipelineManagerImpl (PipelineManagerImpl.java:closePipeline(442)) - Pipeline Pipeline[ Id: c224eb46-a506-4758-baab-899b3966d85d, Nodes: 755113df-b2d2-4f4d-a016-da6f7eba54ac{ip: 10.1.0.24, host: fv-az353-623.tkyx2seitsuu3nmpmouz2httfb.bx.internal.cloudapp.net, ports: [REPLICATION=32821, RATIS=40991, RATIS_ADMIN=40991, RATIS_SERVER=40991, RATIS_DATASTREAM=38909, STANDALONE=42111], networkLocation: /default-rack, certSerialId: null, persistedOpState: IN_SERVICE, persistedOpStateExpiryEpochSec: 0}afa38d33-fc19-42e5-bc19-641228a4898b{ip: 10.1.0.24, host: fv-az353-623.tkyx2seitsuu3nmpmouz2httfb.bx.internal.cloudapp.net, ports: [REPLICATION=46271, RATIS=37195, RATIS_ADMIN=37195, RATIS_SERVER=37195, RATIS_DATASTREAM=33715, STANDALONE=38283], networkLocation: /default-rack, certSerialId: null, persistedOpState: IN_SERVICE, persistedOpStateExpiryEpochSec: 0}498755a8-f2f1-47a5-bb38-b65b10b21bcc{ip: 10.1.0.24, host: fv-az353-623.tkyx2seitsuu3nmpmouz2httfb.bx.internal.cloudapp.net, ports: [REPLICATION=40813, RATIS=40949, RATIS_ADMIN=40949, RATIS_SERVER=40949, RATIS_DATASTREAM=39249, STANDALONE=39559], networkLocation: /default-rack, certSerialId: null, persistedOpState: IN_SERVICE, persistedOpStateExpiryEpochSec: 0}, ReplicationConfig: RATIS/THREE, State:OPEN, leaderId:afa38d33-fc19-42e5-bc19-641228a4898b, CreationTimestamp2023-01-10T01:13:40.538Z[Etc/UTC]] moved to CLOSED state
2023-01-10 01:13:58,447 [Listener at 127.0.0.1/44191] INFO  pipeline.RatisPipelineProvider (RatisPipelineProvider.java:lambda$close$4(272)) - Send pipeline:PipelineID=c224eb46-a506-4758-baab-899b3966d85d close command to datanode 755113df-b2d2-4f4d-a016-da6f7eba54ac
2023-01-10 01:13:58,447 [Listener at 127.0.0.1/44191] INFO  pipeline.RatisPipelineProvider (RatisPipelineProvider.java:lambda$close$4(272)) - Send pipeline:PipelineID=c224eb46-a506-4758-baab-899b3966d85d close command to datanode afa38d33-fc19-42e5-bc19-641228a4898b
2023-01-10 01:13:58,448 [Listener at 127.0.0.1/44191] INFO  pipeline.RatisPipelineProvider (RatisPipelineProvider.java:lambda$close$4(272)) - Send pipeline:PipelineID=c224eb46-a506-4758-baab-899b3966d85d close command to datanode 498755a8-f2f1-47a5-bb38-b65b10b21bcc
2023-01-10 01:13:58,448 [Listener at 127.0.0.1/44191] INFO  pipeline.PipelineStateManagerImpl (PipelineStateManagerImpl.java:removePipeline(245)) - Pipeline Pipeline[ Id: c224eb46-a506-4758-baab-899b3966d85d, Nodes: 755113df-b2d2-4f4d-a016-da6f7eba54ac{ip: 10.1.0.24, host: fv-az353-623.tkyx2seitsuu3nmpmouz2httfb.bx.internal.cloudapp.net, ports: [REPLICATION=32821, RATIS=40991, RATIS_ADMIN=40991, RATIS_SERVER=40991, RATIS_DATASTREAM=38909, STANDALONE=42111], networkLocation: /default-rack, certSerialId: null, persistedOpState: IN_SERVICE, persistedOpStateExpiryEpochSec: 0}afa38d33-fc19-42e5-bc19-641228a4898b{ip: 10.1.0.24, host: fv-az353-623.tkyx2seitsuu3nmpmouz2httfb.bx.internal.cloudapp.net, ports: [REPLICATION=46271, RATIS=37195, RATIS_ADMIN=37195, RATIS_SERVER=37195, RATIS_DATASTREAM=33715, STANDALONE=38283], networkLocation: /default-rack, certSerialId: null, persistedOpState: IN_SERVICE, persistedOpStateExpiryEpochSec: 0}498755a8-f2f1-47a5-bb38-b65b10b21bcc{ip: 10.1.0.24, host: fv-az353-623.tkyx2seitsuu3nmpmouz2httfb.bx.internal.cloudapp.net, ports: [REPLICATION=40813, RATIS=40949, RATIS_ADMIN=40949, RATIS_SERVER=40949, RATIS_DATASTREAM=39249, STANDALONE=39559], networkLocation: /default-rack, certSerialId: null, persistedOpState: IN_SERVICE, persistedOpStateExpiryEpochSec: 0}, ReplicationConfig: RATIS/THREE, State:CLOSED, leaderId:afa38d33-fc19-42e5-bc19-641228a4898b, CreationTimestamp2023-01-10T01:13:40.538Z[Etc/UTC]] removed.
2023-01-10 01:13:58,455 [755113df-b2d2-4f4d-a016-da6f7eba54ac-server-thread2] INFO  server.RaftServer$Division (ServerState.java:setRaftConf(430)) - 755113df-b2d2-4f4d-a016-da6f7eba54ac@group-899B3966D85D: set configuration 0: peers:[755113df-b2d2-4f4d-a016-da6f7eba54ac|rpc:10.1.0.24:40991|dataStream:10.1.0.24:38909|priority:0|startupRole:FOLLOWER, 498755a8-f2f1-47a5-bb38-b65b10b21bcc|rpc:10.1.0.24:40949|dataStream:10.1.0.24:39249|priority:0|startupRole:FOLLOWER, afa38d33-fc19-42e5-bc19-641228a4898b|rpc:10.1.0.24:37195|dataStream:10.1.0.24:33715|priority:1|startupRole:FOLLOWER]|listeners:[], old=null
2023-01-10 01:13:58,455 [755113df-b2d2-4f4d-a016-da6f7eba54ac-server-thread2] INFO  segmented.SegmentedRaftLogWorker (SegmentedRaftLogWorker.java:startLogSegment(452)) - 755113df-b2d2-4f4d-a016-da6f7eba54ac@group-899B3966D85D-SegmentedRaftLogWorker: Starting segment from index:0
2023-01-10 01:13:58,458 [755113df-b2d2-4f4d-a016-da6f7eba54ac@group-899B3966D85D-SegmentedRaftLogWorker] INFO  segmented.SegmentedRaftLogWorker (SegmentedRaftLogWorker.java:execute(656)) - 755113df-b2d2-4f4d-a016-da6f7eba54ac@group-899B3966D85D-SegmentedRaftLogWorker: created new log segment /home/runner/work/ozone/ozone/hadoop-ozone/integration-test/target/test-dir/MiniOzoneClusterImpl-62525788-12f1-42f6-8834-316215afea77/datanode-5/data/ratis/c224eb46-a506-4758-baab-899b3966d85d/current/log_inprogress_0
2023-01-10 01:13:58,458 [498755a8-f2f1-47a5-bb38-b65b10b21bcc-server-thread2] INFO  server.RaftServer$Division (ServerState.java:setRaftConf(430)) - 498755a8-f2f1-47a5-bb38-b65b10b21bcc@group-899B3966D85D: set configuration 0: peers:[755113df-b2d2-4f4d-a016-da6f7eba54ac|rpc:10.1.0.24:40991|dataStream:10.1.0.24:38909|priority:0|startupRole:FOLLOWER, 498755a8-f2f1-47a5-bb38-b65b10b21bcc|rpc:10.1.0.24:40949|dataStream:10.1.0.24:39249|priority:0|startupRole:FOLLOWER, afa38d33-fc19-42e5-bc19-641228a4898b|rpc:10.1.0.24:37195|dataStream:10.1.0.24:33715|priority:1|startupRole:FOLLOWER]|listeners:[], old=null
2023-01-10 01:13:58,458 [498755a8-f2f1-47a5-bb38-b65b10b21bcc-server-thread2] INFO  segmented.SegmentedRaftLogWorker (SegmentedRaftLogWorker.java:startLogSegment(452)) - 498755a8-f2f1-47a5-bb38-b65b10b21bcc@group-899B3966D85D-SegmentedRaftLogWorker: Starting segment from index:0
2023-01-10 01:13:58,460 [498755a8-f2f1-47a5-bb38-b65b10b21bcc@group-899B3966D85D-SegmentedRaftLogWorker] INFO  segmented.SegmentedRaftLogWorker (SegmentedRaftLogWorker.java:execute(656)) - 498755a8-f2f1-47a5-bb38-b65b10b21bcc@group-899B3966D85D-SegmentedRaftLogWorker: created new log segment /home/runner/work/ozone/ozone/hadoop-ozone/integration-test/target/test-dir/MiniOzoneClusterImpl-62525788-12f1-42f6-8834-316215afea77/datanode-4/data/ratis/c224eb46-a506-4758-baab-899b3966d85d/current/log_inprogress_0
2023-01-10 01:14:00,127 [Command processor thread] INFO  server.RaftServer (RaftServerProxy.java:remove(107)) - 755113df-b2d2-4f4d-a016-da6f7eba54ac: remove  FOLLOWER 755113df-b2d2-4f4d-a016-da6f7eba54ac@group-899B3966D85D:t3, leader=afa38d33-fc19-42e5-bc19-641228a4898b, voted=afa38d33-fc19-42e5-bc19-641228a4898b, raftlog=Memoized:755113df-b2d2-4f4d-a016-da6f7eba54ac@group-899B3966D85D-SegmentedRaftLog:OPENED:c0, conf=0: peers:[755113df-b2d2-4f4d-a016-da6f7eba54ac|rpc:10.1.0.24:40991|dataStream:10.1.0.24:38909|priority:0|startupRole:FOLLOWER, 498755a8-f2f1-47a5-bb38-b65b10b21bcc|rpc:10.1.0.24:40949|dataStream:10.1.0.24:39249|priority:0|startupRole:FOLLOWER, afa38d33-fc19-42e5-bc19-641228a4898b|rpc:10.1.0.24:37195|dataStream:10.1.0.24:33715|priority:1|startupRole:FOLLOWER]|listeners:[], old=null RUNNING
2023-01-10 01:14:00,128 [Command processor thread] INFO  server.RaftServer$Division (RaftServerImpl.java:lambda$close$4(458)) - 755113df-b2d2-4f4d-a016-da6f7eba54ac@group-899B3966D85D: shutdown
2023-01-10 01:14:00,128 [Command processor thread] INFO  util.JmxRegister (JmxRegister.java:unregister(73)) - Successfully un-registered JMX Bean with object name Ratis:service=RaftServer,group=group-899B3966D85D,id=755113df-b2d2-4f4d-a016-da6f7eba54ac
2023-01-10 01:14:00,128 [Command processor thread] INFO  impl.RoleInfo (RoleInfo.java:shutdownFollowerState(110)) - 755113df-b2d2-4f4d-a016-da6f7eba54ac: shutdown 755113df-b2d2-4f4d-a016-da6f7eba54ac@group-899B3966D85D-FollowerState
2023-01-10 01:14:00,128 [Command processor thread] INFO  impl.StateMachineUpdater (StateMachineUpdater.java:stopAndJoin(153)) - 755113df-b2d2-4f4d-a016-da6f7eba54ac@group-899B3966D85D-StateMachineUpdater: set stopIndex = 0
2023-01-10 01:14:00,128 [755113df-b2d2-4f4d-a016-da6f7eba54ac@group-899B3966D85D-FollowerState] INFO  impl.FollowerState (FollowerState.java:run(152)) - 755113df-b2d2-4f4d-a016-da6f7eba54ac@group-899B3966D85D-FollowerState was interrupted
2023-01-10 01:14:00,129 [755113df-b2d2-4f4d-a016-da6f7eba54ac@group-899B3966D85D-StateMachineUpdater] INFO  ratis.ContainerStateMachine (ContainerStateMachine.java:takeSnapshot(308)) - group-899B3966D85D: Taking a snapshot at:(t:3, i:0) file /home/runner/work/ozone/ozone/hadoop-ozone/integration-test/target/test-dir/MiniOzoneClusterImpl-62525788-12f1-42f6-8834-316215afea77/datanode-5/data/ratis/c224eb46-a506-4758-baab-899b3966d85d/sm/snapshot.3_0
2023-01-10 01:14:00,130 [755113df-b2d2-4f4d-a016-da6f7eba54ac@group-899B3966D85D-StateMachineUpdater] INFO  ratis.ContainerStateMachine (ContainerStateMachine.java:takeSnapshot(319)) - group-899B3966D85D: Finished taking a snapshot at:(t:3, i:0) file:/home/runner/work/ozone/ozone/hadoop-ozone/integration-test/target/test-dir/MiniOzoneClusterImpl-62525788-12f1-42f6-8834-316215afea77/datanode-5/data/ratis/c224eb46-a506-4758-baab-899b3966d85d/sm/snapshot.3_0 took: 0 ms
2023-01-10 01:14:00,130 [755113df-b2d2-4f4d-a016-da6f7eba54ac@group-899B3966D85D-StateMachineUpdater] INFO  impl.StateMachineUpdater (StateMachineUpdater.java:takeSnapshot(287)) - 755113df-b2d2-4f4d-a016-da6f7eba54ac@group-899B3966D85D-StateMachineUpdater: Took a snapshot at index 0
2023-01-10 01:14:00,130 [755113df-b2d2-4f4d-a016-da6f7eba54ac@group-899B3966D85D-StateMachineUpdater] INFO  impl.StateMachineUpdater (StateMachineUpdater.java:lambda$new$0(92)) - 755113df-b2d2-4f4d-a016-da6f7eba54ac@group-899B3966D85D-StateMachineUpdater: snapshotIndex: updateIncreasingly -1 -> 0
2023-01-10 01:14:00,131 [Command processor thread] INFO  server.RaftServer$Division (ServerState.java:close(466)) - 755113df-b2d2-4f4d-a016-da6f7eba54ac@group-899B3966D85D: closes. applyIndex: 0
2023-01-10 01:14:00,131 [755113df-b2d2-4f4d-a016-da6f7eba54ac@group-899B3966D85D-SegmentedRaftLogWorker] INFO  segmented.SegmentedRaftLogWorker (SegmentedRaftLogWorker.java:run(347)) - 755113df-b2d2-4f4d-a016-da6f7eba54ac@group-899B3966D85D-SegmentedRaftLogWorker was interrupted, exiting. There are 0 tasks remaining in the queue.
2023-01-10 01:14:00,132 [Command processor thread] INFO  segmented.SegmentedRaftLogWorker (SegmentedRaftLogWorker.java:close(257)) - 755113df-b2d2-4f4d-a016-da6f7eba54ac@group-899B3966D85D-SegmentedRaftLogWorker close()
2023-01-10 01:14:00,134 [Command processor thread] INFO  server.RaftServer$Division (RaftServerImpl.java:groupRemove(428)) - 755113df-b2d2-4f4d-a016-da6f7eba54ac@group-899B3966D85D: Succeed to remove RaftStorageDirectory Storage Directory /home/runner/work/ozone/ozone/hadoop-ozone/integration-test/target/test-dir/MiniOzoneClusterImpl-62525788-12f1-42f6-8834-316215afea77/datanode-5/data/ratis/c224eb46-a506-4758-baab-899b3966d85d
2023-01-10 01:14:00,135 [Command processor thread] INFO  commandhandler.ClosePipelineCommandHandler (ClosePipelineCommandHandler.java:handle(78)) - Close Pipeline PipelineID=c224eb46-a506-4758-baab-899b3966d85d command on datanode 755113df-b2d2-4f4d-a016-da6f7eba54ac.
2023-01-10 01:14:00,164 [Command processor thread] INFO  server.RaftServer (RaftServerProxy.java:remove(107)) - 498755a8-f2f1-47a5-bb38-b65b10b21bcc: remove  FOLLOWER 498755a8-f2f1-47a5-bb38-b65b10b21bcc@group-899B3966D85D:t3, leader=afa38d33-fc19-42e5-bc19-641228a4898b, voted=afa38d33-fc19-42e5-bc19-641228a4898b, raftlog=Memoized:498755a8-f2f1-47a5-bb38-b65b10b21bcc@group-899B3966D85D-SegmentedRaftLog:OPENED:c0, conf=0: peers:[755113df-b2d2-4f4d-a016-da6f7eba54ac|rpc:10.1.0.24:40991|dataStream:10.1.0.24:38909|priority:0|startupRole:FOLLOWER, 498755a8-f2f1-47a5-bb38-b65b10b21bcc|rpc:10.1.0.24:40949|dataStream:10.1.0.24:39249|priority:0|startupRole:FOLLOWER, afa38d33-fc19-42e5-bc19-641228a4898b|rpc:10.1.0.24:37195|dataStream:10.1.0.24:33715|priority:1|startupRole:FOLLOWER]|listeners:[], old=null RUNNING
2023-01-10 01:14:00,165 [Command processor thread] INFO  server.RaftServer$Division (RaftServerImpl.java:lambda$close$4(458)) - 498755a8-f2f1-47a5-bb38-b65b10b21bcc@group-899B3966D85D: shutdown
2023-01-10 01:14:00,165 [Command processor thread] INFO  util.JmxRegister (JmxRegister.java:unregister(73)) - Successfully un-registered JMX Bean with object name Ratis:service=RaftServer,group=group-899B3966D85D,id=498755a8-f2f1-47a5-bb38-b65b10b21bcc
2023-01-10 01:14:00,165 [Command processor thread] INFO  impl.RoleInfo (RoleInfo.java:shutdownFollowerState(110)) - 498755a8-f2f1-47a5-bb38-b65b10b21bcc: shutdown 498755a8-f2f1-47a5-bb38-b65b10b21bcc@group-899B3966D85D-FollowerState
2023-01-10 01:14:00,165 [Command processor thread] INFO  impl.StateMachineUpdater (StateMachineUpdater.java:stopAndJoin(153)) - 498755a8-f2f1-47a5-bb38-b65b10b21bcc@group-899B3966D85D-StateMachineUpdater: set stopIndex = 0
2023-01-10 01:14:00,165 [498755a8-f2f1-47a5-bb38-b65b10b21bcc@group-899B3966D85D-FollowerState] INFO  impl.FollowerState (FollowerState.java:run(152)) - 498755a8-f2f1-47a5-bb38-b65b10b21bcc@group-899B3966D85D-FollowerState was interrupted
2023-01-10 01:14:00,168 [498755a8-f2f1-47a5-bb38-b65b10b21bcc@group-899B3966D85D-StateMachineUpdater] INFO  ratis.ContainerStateMachine (ContainerStateMachine.java:takeSnapshot(308)) - group-899B3966D85D: Taking a snapshot at:(t:3, i:0) file /home/runner/work/ozone/ozone/hadoop-ozone/integration-test/target/test-dir/MiniOzoneClusterImpl-62525788-12f1-42f6-8834-316215afea77/datanode-4/data/ratis/c224eb46-a506-4758-baab-899b3966d85d/sm/snapshot.3_0
2023-01-10 01:14:00,169 [498755a8-f2f1-47a5-bb38-b65b10b21bcc@group-899B3966D85D-StateMachineUpdater] INFO  ratis.ContainerStateMachine (ContainerStateMachine.java:takeSnapshot(319)) - group-899B3966D85D: Finished taking a snapshot at:(t:3, i:0) file:/home/runner/work/ozone/ozone/hadoop-ozone/integration-test/target/test-dir/MiniOzoneClusterImpl-62525788-12f1-42f6-8834-316215afea77/datanode-4/data/ratis/c224eb46-a506-4758-baab-899b3966d85d/sm/snapshot.3_0 took: 1 ms
2023-01-10 01:14:00,169 [498755a8-f2f1-47a5-bb38-b65b10b21bcc@group-899B3966D85D-StateMachineUpdater] INFO  impl.StateMachineUpdater (StateMachineUpdater.java:takeSnapshot(287)) - 498755a8-f2f1-47a5-bb38-b65b10b21bcc@group-899B3966D85D-StateMachineUpdater: Took a snapshot at index 0
2023-01-10 01:14:00,169 [498755a8-f2f1-47a5-bb38-b65b10b21bcc@group-899B3966D85D-StateMachineUpdater] INFO  impl.StateMachineUpdater (StateMachineUpdater.java:lambda$new$0(92)) - 498755a8-f2f1-47a5-bb38-b65b10b21bcc@group-899B3966D85D-StateMachineUpdater: snapshotIndex: updateIncreasingly -1 -> 0
2023-01-10 01:14:00,169 [Command processor thread] INFO  server.RaftServer$Division (ServerState.java:close(466)) - 498755a8-f2f1-47a5-bb38-b65b10b21bcc@group-899B3966D85D: closes. applyIndex: 0
2023-01-10 01:14:00,169 [498755a8-f2f1-47a5-bb38-b65b10b21bcc@group-899B3966D85D-SegmentedRaftLogWorker] INFO  segmented.SegmentedRaftLogWorker (SegmentedRaftLogWorker.java:run(347)) - 498755a8-f2f1-47a5-bb38-b65b10b21bcc@group-899B3966D85D-SegmentedRaftLogWorker was interrupted, exiting. There are 0 tasks remaining in the queue.
2023-01-10 01:14:00,171 [Command processor thread] INFO  segmented.SegmentedRaftLogWorker (SegmentedRaftLogWorker.java:close(257)) - 498755a8-f2f1-47a5-bb38-b65b10b21bcc@group-899B3966D85D-SegmentedRaftLogWorker close()
2023-01-10 01:14:00,173 [Command processor thread] INFO  server.RaftServer$Division (RaftServerImpl.java:groupRemove(428)) - 498755a8-f2f1-47a5-bb38-b65b10b21bcc@group-899B3966D85D: Succeed to remove RaftStorageDirectory Storage Directory /home/runner/work/ozone/ozone/hadoop-ozone/integration-test/target/test-dir/MiniOzoneClusterImpl-62525788-12f1-42f6-8834-316215afea77/datanode-4/data/ratis/c224eb46-a506-4758-baab-899b3966d85d
2023-01-10 01:14:00,173 [Command processor thread] INFO  commandhandler.ClosePipelineCommandHandler (ClosePipelineCommandHandler.java:handle(78)) - Close Pipeline PipelineID=c224eb46-a506-4758-baab-899b3966d85d command on datanode 498755a8-f2f1-47a5-bb38-b65b10b21bcc.
2023-01-10 01:14:01,075 [Command processor thread] INFO  server.RaftServer (RaftServerProxy.java:remove(107)) - 35948080-5e22-45ca-b6f3-be7de45bebca: remove  FOLLOWER 35948080-5e22-45ca-b6f3-be7de45bebca@group-5A293A09BC8E:t2, leader=1c34faa2-bf15-4077-af79-1a4fd95d48c3, voted=1c34faa2-bf15-4077-af79-1a4fd95d48c3, raftlog=Memoized:35948080-5e22-45ca-b6f3-be7de45bebca@group-5A293A09BC8E-SegmentedRaftLog:OPENED:c0, conf=0: peers:[b1e0bc18-8da5-4e58-9fa5-a506b45b1540|rpc:10.1.0.24:41835|dataStream:10.1.0.24:40391|priority:0|startupRole:FOLLOWER, 35948080-5e22-45ca-b6f3-be7de45bebca|rpc:10.1.0.24:40989|dataStream:10.1.0.24:42993|priority:0|startupRole:FOLLOWER, 1c34faa2-bf15-4077-af79-1a4fd95d48c3|rpc:10.1.0.24:38223|dataStream:10.1.0.24:46641|priority:1|startupRole:FOLLOWER]|listeners:[], old=null RUNNING
2023-01-10 01:14:01,076 [Command processor thread] INFO  server.RaftServer$Division (RaftServerImpl.java:lambda$close$4(458)) - 35948080-5e22-45ca-b6f3-be7de45bebca@group-5A293A09BC8E: shutdown
2023-01-10 01:14:01,076 [Command processor thread] INFO  util.JmxRegister (JmxRegister.java:unregister(73)) - Successfully un-registered JMX Bean with object name Ratis:service=RaftServer,group=group-5A293A09BC8E,id=35948080-5e22-45ca-b6f3-be7de45bebca
2023-01-10 01:14:01,076 [Command processor thread] INFO  impl.RoleInfo (RoleInfo.java:shutdownFollowerState(110)) - 35948080-5e22-45ca-b6f3-be7de45bebca: shutdown 35948080-5e22-45ca-b6f3-be7de45bebca@group-5A293A09BC8E-FollowerState
2023-01-10 01:14:01,076 [Command processor thread] INFO  impl.StateMachineUpdater (StateMachineUpdater.java:stopAndJoin(153)) - 35948080-5e22-45ca-b6f3-be7de45bebca@group-5A293A09BC8E-StateMachineUpdater: set stopIndex = 0
2023-01-10 01:14:01,076 [35948080-5e22-45ca-b6f3-be7de45bebca@group-5A293A09BC8E-FollowerState] INFO  impl.FollowerState (FollowerState.java:run(152)) - 35948080-5e22-45ca-b6f3-be7de45bebca@group-5A293A09BC8E-FollowerState was interrupted
2023-01-10 01:14:01,076 [35948080-5e22-45ca-b6f3-be7de45bebca@group-5A293A09BC8E-StateMachineUpdater] INFO  ratis.ContainerStateMachine (ContainerStateMachine.java:takeSnapshot(308)) - group-5A293A09BC8E: Taking a snapshot at:(t:2, i:0) file /home/runner/work/ozone/ozone/hadoop-ozone/integration-test/target/test-dir/MiniOzoneClusterImpl-62525788-12f1-42f6-8834-316215afea77/datanode-0/data/ratis/10b1e9b3-4f10-4e01-8782-5a293a09bc8e/sm/snapshot.2_0
2023-01-10 01:14:01,077 [35948080-5e22-45ca-b6f3-be7de45bebca@group-5A293A09BC8E-StateMachineUpdater] INFO  ratis.ContainerStateMachine (ContainerStateMachine.java:takeSnapshot(319)) - group-5A293A09BC8E: Finished taking a snapshot at:(t:2, i:0) file:/home/runner/work/ozone/ozone/hadoop-ozone/integration-test/target/test-dir/MiniOzoneClusterImpl-62525788-12f1-42f6-8834-316215afea77/datanode-0/data/ratis/10b1e9b3-4f10-4e01-8782-5a293a09bc8e/sm/snapshot.2_0 took: 1 ms
2023-01-10 01:14:01,077 [35948080-5e22-45ca-b6f3-be7de45bebca@group-5A293A09BC8E-StateMachineUpdater] INFO  impl.StateMachineUpdater (StateMachineUpdater.java:takeSnapshot(287)) - 35948080-5e22-45ca-b6f3-be7de45bebca@group-5A293A09BC8E-StateMachineUpdater: Took a snapshot at index 0
2023-01-10 01:14:01,078 [35948080-5e22-45ca-b6f3-be7de45bebca@group-5A293A09BC8E-StateMachineUpdater] INFO  impl.StateMachineUpdater (StateMachineUpdater.java:lambda$new$0(92)) - 35948080-5e22-45ca-b6f3-be7de45bebca@group-5A293A09BC8E-StateMachineUpdater: snapshotIndex: updateIncreasingly -1 -> 0
2023-01-10 01:14:01,078 [Command processor thread] INFO  server.RaftServer$Division (ServerState.java:close(466)) - 35948080-5e22-45ca-b6f3-be7de45bebca@group-5A293A09BC8E: closes. applyIndex: 0
2023-01-10 01:14:01,078 [35948080-5e22-45ca-b6f3-be7de45bebca@group-5A293A09BC8E-SegmentedRaftLogWorker] INFO  segmented.SegmentedRaftLogWorker (SegmentedRaftLogWorker.java:run(347)) - 35948080-5e22-45ca-b6f3-be7de45bebca@group-5A293A09BC8E-SegmentedRaftLogWorker was interrupted, exiting. There are 0 tasks remaining in the queue.
2023-01-10 01:14:01,080 [Command processor thread] INFO  segmented.SegmentedRaftLogWorker (SegmentedRaftLogWorker.java:close(257)) - 35948080-5e22-45ca-b6f3-be7de45bebca@group-5A293A09BC8E-SegmentedRaftLogWorker close()
2023-01-10 01:14:01,082 [Command processor thread] INFO  server.RaftServer$Division (RaftServerImpl.java:groupRemove(428)) - 35948080-5e22-45ca-b6f3-be7de45bebca@group-5A293A09BC8E: Succeed to remove RaftStorageDirectory Storage Directory /home/runner/work/ozone/ozone/hadoop-ozone/integration-test/target/test-dir/MiniOzoneClusterImpl-62525788-12f1-42f6-8834-316215afea77/datanode-0/data/ratis/10b1e9b3-4f10-4e01-8782-5a293a09bc8e
2023-01-10 01:14:01,082 [Command processor thread] INFO  commandhandler.ClosePipelineCommandHandler (ClosePipelineCommandHandler.java:handle(78)) - Close Pipeline PipelineID=10b1e9b3-4f10-4e01-8782-5a293a09bc8e command on datanode 35948080-5e22-45ca-b6f3-be7de45bebca.
2023-01-10 01:14:01,106 [Command processor thread] INFO  server.RaftServer (RaftServerProxy.java:remove(107)) - b1e0bc18-8da5-4e58-9fa5-a506b45b1540: remove  FOLLOWER b1e0bc18-8da5-4e58-9fa5-a506b45b1540@group-5A293A09BC8E:t2, leader=1c34faa2-bf15-4077-af79-1a4fd95d48c3, voted=b1e0bc18-8da5-4e58-9fa5-a506b45b1540, raftlog=Memoized:b1e0bc18-8da5-4e58-9fa5-a506b45b1540@group-5A293A09BC8E-SegmentedRaftLog:OPENED:c0, conf=0: peers:[b1e0bc18-8da5-4e58-9fa5-a506b45b1540|rpc:10.1.0.24:41835|dataStream:10.1.0.24:40391|priority:0|startupRole:FOLLOWER, 35948080-5e22-45ca-b6f3-be7de45bebca|rpc:10.1.0.24:40989|dataStream:10.1.0.24:42993|priority:0|startupRole:FOLLOWER, 1c34faa2-bf15-4077-af79-1a4fd95d48c3|rpc:10.1.0.24:38223|dataStream:10.1.0.24:46641|priority:1|startupRole:FOLLOWER]|listeners:[], old=null RUNNING
2023-01-10 01:14:01,106 [Command processor thread] INFO  server.RaftServer$Division (RaftServerImpl.java:lambda$close$4(458)) - b1e0bc18-8da5-4e58-9fa5-a506b45b1540@group-5A293A09BC8E: shutdown
2023-01-10 01:14:01,106 [Command processor thread] INFO  util.JmxRegister (JmxRegister.java:unregister(73)) - Successfully un-registered JMX Bean with object name Ratis:service=RaftServer,group=group-5A293A09BC8E,id=b1e0bc18-8da5-4e58-9fa5-a506b45b1540
2023-01-10 01:14:01,106 [Command processor thread] INFO  impl.RoleInfo (RoleInfo.java:shutdownFollowerState(110)) - b1e0bc18-8da5-4e58-9fa5-a506b45b1540: shutdown b1e0bc18-8da5-4e58-9fa5-a506b45b1540@group-5A293A09BC8E-FollowerState
2023-01-10 01:14:01,106 [Command processor thread] INFO  impl.StateMachineUpdater (StateMachineUpdater.java:stopAndJoin(153)) - b1e0bc18-8da5-4e58-9fa5-a506b45b1540@group-5A293A09BC8E-StateMachineUpdater: set stopIndex = 0
2023-01-10 01:14:01,106 [b1e0bc18-8da5-4e58-9fa5-a506b45b1540@group-5A293A09BC8E-FollowerState] INFO  impl.FollowerState (FollowerState.java:run(152)) - b1e0bc18-8da5-4e58-9fa5-a506b45b1540@group-5A293A09BC8E-FollowerState was interrupted
2023-01-10 01:14:01,106 [b1e0bc18-8da5-4e58-9fa5-a506b45b1540@group-5A293A09BC8E-StateMachineUpdater] INFO  ratis.ContainerStateMachine (ContainerStateMachine.java:takeSnapshot(308)) - group-5A293A09BC8E: Taking a snapshot at:(t:2, i:0) file /home/runner/work/ozone/ozone/hadoop-ozone/integration-test/target/test-dir/MiniOzoneClusterImpl-62525788-12f1-42f6-8834-316215afea77/datanode-1/data/ratis/10b1e9b3-4f10-4e01-8782-5a293a09bc8e/sm/snapshot.2_0
2023-01-10 01:14:01,107 [b1e0bc18-8da5-4e58-9fa5-a506b45b1540@group-5A293A09BC8E-StateMachineUpdater] INFO  ratis.ContainerStateMachine (ContainerStateMachine.java:takeSnapshot(319)) - group-5A293A09BC8E: Finished taking a snapshot at:(t:2, i:0) file:/home/runner/work/ozone/ozone/hadoop-ozone/integration-test/target/test-dir/MiniOzoneClusterImpl-62525788-12f1-42f6-8834-316215afea77/datanode-1/data/ratis/10b1e9b3-4f10-4e01-8782-5a293a09bc8e/sm/snapshot.2_0 took: 1 ms
2023-01-10 01:14:01,107 [b1e0bc18-8da5-4e58-9fa5-a506b45b1540@group-5A293A09BC8E-StateMachineUpdater] INFO  impl.StateMachineUpdater (StateMachineUpdater.java:takeSnapshot(287)) - b1e0bc18-8da5-4e58-9fa5-a506b45b1540@group-5A293A09BC8E-StateMachineUpdater: Took a snapshot at index 0
2023-01-10 01:14:01,107 [b1e0bc18-8da5-4e58-9fa5-a506b45b1540@group-5A293A09BC8E-StateMachineUpdater] INFO  impl.StateMachineUpdater (StateMachineUpdater.java:lambda$new$0(92)) - b1e0bc18-8da5-4e58-9fa5-a506b45b1540@group-5A293A09BC8E-StateMachineUpdater: snapshotIndex: updateIncreasingly -1 -> 0
2023-01-10 01:14:01,108 [Command processor thread] INFO  server.RaftServer$Division (ServerState.java:close(466)) - b1e0bc18-8da5-4e58-9fa5-a506b45b1540@group-5A293A09BC8E: closes. applyIndex: 0
2023-01-10 01:14:01,108 [b1e0bc18-8da5-4e58-9fa5-a506b45b1540@group-5A293A09BC8E-SegmentedRaftLogWorker] INFO  segmented.SegmentedRaftLogWorker (SegmentedRaftLogWorker.java:run(347)) - b1e0bc18-8da5-4e58-9fa5-a506b45b1540@group-5A293A09BC8E-SegmentedRaftLogWorker was interrupted, exiting. There are 0 tasks remaining in the queue.
2023-01-10 01:14:01,109 [Command processor thread] INFO  segmented.SegmentedRaftLogWorker (SegmentedRaftLogWorker.java:close(257)) - b1e0bc18-8da5-4e58-9fa5-a506b45b1540@group-5A293A09BC8E-SegmentedRaftLogWorker close()
2023-01-10 01:14:01,111 [Command processor thread] INFO  server.RaftServer$Division (RaftServerImpl.java:groupRemove(428)) - b1e0bc18-8da5-4e58-9fa5-a506b45b1540@group-5A293A09BC8E: Succeed to remove RaftStorageDirectory Storage Directory /home/runner/work/ozone/ozone/hadoop-ozone/integration-test/target/test-dir/MiniOzoneClusterImpl-62525788-12f1-42f6-8834-316215afea77/datanode-1/data/ratis/10b1e9b3-4f10-4e01-8782-5a293a09bc8e
2023-01-10 01:14:01,111 [Command processor thread] INFO  commandhandler.ClosePipelineCommandHandler (ClosePipelineCommandHandler.java:handle(78)) - Close Pipeline PipelineID=10b1e9b3-4f10-4e01-8782-5a293a09bc8e command on datanode b1e0bc18-8da5-4e58-9fa5-a506b45b1540.
2023-01-10 01:14:01,279 [Command processor thread] INFO  server.RaftServer (RaftServerProxy.java:remove(107)) - 1c34faa2-bf15-4077-af79-1a4fd95d48c3: remove    LEADER 1c34faa2-bf15-4077-af79-1a4fd95d48c3@group-5A293A09BC8E:t2, leader=1c34faa2-bf15-4077-af79-1a4fd95d48c3, voted=1c34faa2-bf15-4077-af79-1a4fd95d48c3, raftlog=Memoized:1c34faa2-bf15-4077-af79-1a4fd95d48c3@group-5A293A09BC8E-SegmentedRaftLog:OPENED:c0, conf=0: peers:[b1e0bc18-8da5-4e58-9fa5-a506b45b1540|rpc:10.1.0.24:41835|dataStream:10.1.0.24:40391|priority:0|startupRole:FOLLOWER, 35948080-5e22-45ca-b6f3-be7de45bebca|rpc:10.1.0.24:40989|dataStream:10.1.0.24:42993|priority:0|startupRole:FOLLOWER, 1c34faa2-bf15-4077-af79-1a4fd95d48c3|rpc:10.1.0.24:38223|dataStream:10.1.0.24:46641|priority:1|startupRole:FOLLOWER]|listeners:[], old=null RUNNING
2023-01-10 01:14:01,279 [Command processor thread] INFO  server.RaftServer$Division (RaftServerImpl.java:lambda$close$4(458)) - 1c34faa2-bf15-4077-af79-1a4fd95d48c3@group-5A293A09BC8E: shutdown
2023-01-10 01:14:01,279 [Command processor thread] INFO  util.JmxRegister (JmxRegister.java:unregister(73)) - Successfully un-registered JMX Bean with object name Ratis:service=RaftServer,group=group-5A293A09BC8E,id=1c34faa2-bf15-4077-af79-1a4fd95d48c3
2023-01-10 01:14:01,279 [Command processor thread] INFO  impl.RoleInfo (RoleInfo.java:shutdownLeaderState(93)) - 1c34faa2-bf15-4077-af79-1a4fd95d48c3: shutdown 1c34faa2-bf15-4077-af79-1a4fd95d48c3@group-5A293A09BC8E-LeaderStateImpl
2023-01-10 01:14:01,279 [1c34faa2-bf15-4077-af79-1a4fd95d48c3@group-5A293A09BC8E->b1e0bc18-8da5-4e58-9fa5-a506b45b1540-GrpcLogAppender-LogAppenderDaemon] WARN  server.GrpcLogAppender (GrpcLogAppender.java:mayWait(200)) - 1c34faa2-bf15-4077-af79-1a4fd95d48c3@group-5A293A09BC8E->b1e0bc18-8da5-4e58-9fa5-a506b45b1540-GrpcLogAppender: Wait interrupted by java.lang.InterruptedException
2023-01-10 01:14:01,279 [Command processor thread] INFO  impl.PendingRequests (PendingRequests.java:sendNotLeaderResponses(282)) - 1c34faa2-bf15-4077-af79-1a4fd95d48c3@group-5A293A09BC8E-PendingRequests: sendNotLeaderResponses
2023-01-10 01:14:01,279 [1c34faa2-bf15-4077-af79-1a4fd95d48c3@group-5A293A09BC8E->35948080-5e22-45ca-b6f3-be7de45bebca-GrpcLogAppender-LogAppenderDaemon] WARN  server.GrpcLogAppender (GrpcLogAppender.java:mayWait(200)) - 1c34faa2-bf15-4077-af79-1a4fd95d48c3@group-5A293A09BC8E->35948080-5e22-45ca-b6f3-be7de45bebca-GrpcLogAppender: Wait interrupted by java.lang.InterruptedException
2023-01-10 01:14:01,279 [Command processor thread] INFO  impl.StateMachineUpdater (StateMachineUpdater.java:stopAndJoin(153)) - 1c34faa2-bf15-4077-af79-1a4fd95d48c3@group-5A293A09BC8E-StateMachineUpdater: set stopIndex = 0
2023-01-10 01:14:01,280 [1c34faa2-bf15-4077-af79-1a4fd95d48c3@group-5A293A09BC8E-StateMachineUpdater] INFO  ratis.ContainerStateMachine (ContainerStateMachine.java:takeSnapshot(308)) - group-5A293A09BC8E: Taking a snapshot at:(t:2, i:0) file /home/runner/work/ozone/ozone/hadoop-ozone/integration-test/target/test-dir/MiniOzoneClusterImpl-62525788-12f1-42f6-8834-316215afea77/datanode-2/data/ratis/10b1e9b3-4f10-4e01-8782-5a293a09bc8e/sm/snapshot.2_0
2023-01-10 01:14:01,280 [grpc-default-executor-0] INFO  server.GrpcServerProtocolService (GrpcServerProtocolService.java:onCompleted(143)) - 35948080-5e22-45ca-b6f3-be7de45bebca: Completed APPEND_ENTRIES, lastRequest: 1c34faa2-bf15-4077-af79-1a4fd95d48c3->35948080-5e22-45ca-b6f3-be7de45bebca#1-t2,previous=(t:0, i:0),leaderCommit=0,initializing? true,entries: size=1, first=(t:2, i:0), CONFIGURATIONENTRY(current:id: "b1e0bc18-8da5-4e58-9fa5-a506b45b1540"
address: "10.1.0.24:41835"
dataStreamAddress: "10.1.0.24:40391"
clientAddress: "10.1.0.24:41835"
adminAddress: "10.1.0.24:41835"
startupRole: FOLLOWER
,id: "35948080-5e22-45ca-b6f3-be7de45bebca"
address: "10.1.0.24:40989"
dataStreamAddress: "10.1.0.24:42993"
clientAddress: "10.1.0.24:40989"
adminAddress: "10.1.0.24:40989"
startupRole: FOLLOWER
,id: "1c34faa2-bf15-4077-af79-1a4fd95d48c3"
address: "10.1.0.24:38223"
priority: 1
dataStreamAddress: "10.1.0.24:46641"
clientAddress: "10.1.0.24:38223"
adminAddress: "10.1.0.24:38223"
startupRole: FOLLOWER
, old:)
2023-01-10 01:14:01,280 [grpc-default-executor-6] INFO  server.GrpcServerProtocolService (GrpcServerProtocolService.java:onCompleted(143)) - 35948080-5e22-45ca-b6f3-be7de45bebca: Completed APPEND_ENTRIES, lastRequest: null
2023-01-10 01:14:01,281 [1c34faa2-bf15-4077-af79-1a4fd95d48c3@group-5A293A09BC8E-StateMachineUpdater] INFO  ratis.ContainerStateMachine (ContainerStateMachine.java:takeSnapshot(319)) - group-5A293A09BC8E: Finished taking a snapshot at:(t:2, i:0) file:/home/runner/work/ozone/ozone/hadoop-ozone/integration-test/target/test-dir/MiniOzoneClusterImpl-62525788-12f1-42f6-8834-316215afea77/datanode-2/data/ratis/10b1e9b3-4f10-4e01-8782-5a293a09bc8e/sm/snapshot.2_0 took: 1 ms
2023-01-10 01:14:01,281 [grpc-default-executor-5] INFO  server.GrpcServerProtocolService (GrpcServerProtocolService.java:onCompleted(143)) - b1e0bc18-8da5-4e58-9fa5-a506b45b1540: Completed APPEND_ENTRIES, lastRequest: 1c34faa2-bf15-4077-af79-1a4fd95d48c3->b1e0bc18-8da5-4e58-9fa5-a506b45b1540#1-t2,previous=(t:0, i:0),leaderCommit=0,initializing? true,entries: size=1, first=(t:2, i:0), CONFIGURATIONENTRY(current:id: "b1e0bc18-8da5-4e58-9fa5-a506b45b1540"
address: "10.1.0.24:41835"
dataStreamAddress: "10.1.0.24:40391"
clientAddress: "10.1.0.24:41835"
adminAddress: "10.1.0.24:41835"
startupRole: FOLLOWER
,id: "35948080-5e22-45ca-b6f3-be7de45bebca"
address: "10.1.0.24:40989"
dataStreamAddress: "10.1.0.24:42993"
clientAddress: "10.1.0.24:40989"
adminAddress: "10.1.0.24:40989"
startupRole: FOLLOWER
,id: "1c34faa2-bf15-4077-af79-1a4fd95d48c3"
address: "10.1.0.24:38223"
priority: 1
dataStreamAddress: "10.1.0.24:46641"
clientAddress: "10.1.0.24:38223"
adminAddress: "10.1.0.24:38223"
startupRole: FOLLOWER
, old:)
2023-01-10 01:14:01,281 [1c34faa2-bf15-4077-af79-1a4fd95d48c3@group-5A293A09BC8E-StateMachineUpdater] INFO  impl.StateMachineUpdater (StateMachineUpdater.java:takeSnapshot(287)) - 1c34faa2-bf15-4077-af79-1a4fd95d48c3@group-5A293A09BC8E-StateMachineUpdater: Took a snapshot at index 0
2023-01-10 01:14:01,281 [1c34faa2-bf15-4077-af79-1a4fd95d48c3@group-5A293A09BC8E-StateMachineUpdater] INFO  impl.StateMachineUpdater (StateMachineUpdater.java:lambda$new$0(92)) - 1c34faa2-bf15-4077-af79-1a4fd95d48c3@group-5A293A09BC8E-StateMachineUpdater: snapshotIndex: updateIncreasingly -1 -> 0
2023-01-10 01:14:01,282 [grpc-default-executor-5] INFO  server.GrpcServerProtocolService (GrpcServerProtocolService.java:onCompleted(143)) - b1e0bc18-8da5-4e58-9fa5-a506b45b1540: Completed APPEND_ENTRIES, lastRequest: null
2023-01-10 01:14:01,282 [grpc-default-executor-5] INFO  server.GrpcLogAppender (GrpcLogAppender.java:onCompleted(415)) - 1c34faa2-bf15-4077-af79-1a4fd95d48c3@group-5A293A09BC8E->b1e0bc18-8da5-4e58-9fa5-a506b45b1540-AppendLogResponseHandler: follower responses appendEntries COMPLETED
2023-01-10 01:14:01,282 [grpc-default-executor-5] INFO  leader.FollowerInfo (FollowerInfoImpl.java:lambda$new$0(48)) - 1c34faa2-bf15-4077-af79-1a4fd95d48c3@group-5A293A09BC8E->b1e0bc18-8da5-4e58-9fa5-a506b45b1540: nextIndex: updateUnconditionally 1 -> 0
2023-01-10 01:14:01,283 [grpc-default-executor-1] INFO  server.GrpcLogAppender (GrpcLogAppender.java:onCompleted(415)) - 1c34faa2-bf15-4077-af79-1a4fd95d48c3@group-5A293A09BC8E->b1e0bc18-8da5-4e58-9fa5-a506b45b1540-AppendLogResponseHandler: follower responses appendEntries COMPLETED
2023-01-10 01:14:01,283 [Command processor thread] INFO  server.RaftServer$Division (ServerState.java:close(466)) - 1c34faa2-bf15-4077-af79-1a4fd95d48c3@group-5A293A09BC8E: closes. applyIndex: 0
2023-01-10 01:14:01,283 [1c34faa2-bf15-4077-af79-1a4fd95d48c3@group-5A293A09BC8E-SegmentedRaftLogWorker] INFO  segmented.SegmentedRaftLogWorker (SegmentedRaftLogWorker.java:run(347)) - 1c34faa2-bf15-4077-af79-1a4fd95d48c3@group-5A293A09BC8E-SegmentedRaftLogWorker was interrupted, exiting. There are 0 tasks remaining in the queue.
2023-01-10 01:14:01,283 [grpc-default-executor-1] INFO  leader.FollowerInfo (FollowerInfoImpl.java:lambda$new$0(48)) - 1c34faa2-bf15-4077-af79-1a4fd95d48c3@group-5A293A09BC8E->b1e0bc18-8da5-4e58-9fa5-a506b45b1540: nextIndex: updateUnconditionally 0 -> 0
2023-01-10 01:14:01,283 [grpc-default-executor-5] INFO  server.GrpcLogAppender (GrpcLogAppender.java:onCompleted(415)) - 1c34faa2-bf15-4077-af79-1a4fd95d48c3@group-5A293A09BC8E->35948080-5e22-45ca-b6f3-be7de45bebca-AppendLogResponseHandler: follower responses appendEntries COMPLETED
2023-01-10 01:14:01,285 [grpc-default-executor-5] INFO  leader.FollowerInfo (FollowerInfoImpl.java:lambda$new$0(48)) - 1c34faa2-bf15-4077-af79-1a4fd95d48c3@group-5A293A09BC8E->35948080-5e22-45ca-b6f3-be7de45bebca: nextIndex: updateUnconditionally 1 -> 0
2023-01-10 01:14:01,285 [grpc-default-executor-0] INFO  server.GrpcLogAppender (GrpcLogAppender.java:onCompleted(415)) - 1c34faa2-bf15-4077-af79-1a4fd95d48c3@group-5A293A09BC8E->35948080-5e22-45ca-b6f3-be7de45bebca-AppendLogResponseHandler: follower responses appendEntries COMPLETED
2023-01-10 01:14:01,285 [grpc-default-executor-0] INFO  leader.FollowerInfo (FollowerInfoImpl.java:lambda$new$0(48)) - 1c34faa2-bf15-4077-af79-1a4fd95d48c3@group-5A293A09BC8E->35948080-5e22-45ca-b6f3-be7de45bebca: nextIndex: updateUnconditionally 0 -> 0
2023-01-10 01:14:01,285 [Command processor thread] INFO  segmented.SegmentedRaftLogWorker (SegmentedRaftLogWorker.java:close(257)) - 1c34faa2-bf15-4077-af79-1a4fd95d48c3@group-5A293A09BC8E-SegmentedRaftLogWorker close()
2023-01-10 01:14:01,289 [Command processor thread] INFO  server.RaftServer$Division (RaftServerImpl.java:groupRemove(428)) - 1c34faa2-bf15-4077-af79-1a4fd95d48c3@group-5A293A09BC8E: Succeed to remove RaftStorageDirectory Storage Directory /home/runner/work/ozone/ozone/hadoop-ozone/integration-test/target/test-dir/MiniOzoneClusterImpl-62525788-12f1-42f6-8834-316215afea77/datanode-2/data/ratis/10b1e9b3-4f10-4e01-8782-5a293a09bc8e
2023-01-10 01:14:01,289 [Command processor thread] INFO  commandhandler.ClosePipelineCommandHandler (ClosePipelineCommandHandler.java:handle(78)) - Close Pipeline PipelineID=10b1e9b3-4f10-4e01-8782-5a293a09bc8e command on datanode 1c34faa2-bf15-4077-af79-1a4fd95d48c3.
2023-01-10 01:14:01,422 [Command processor thread] INFO  server.RaftServer (RaftServerProxy.java:remove(107)) - afa38d33-fc19-42e5-bc19-641228a4898b: remove    LEADER afa38d33-fc19-42e5-bc19-641228a4898b@group-899B3966D85D:t3, leader=afa38d33-fc19-42e5-bc19-641228a4898b, voted=afa38d33-fc19-42e5-bc19-641228a4898b, raftlog=Memoized:afa38d33-fc19-42e5-bc19-641228a4898b@group-899B3966D85D-SegmentedRaftLog:OPENED:c0, conf=0: peers:[755113df-b2d2-4f4d-a016-da6f7eba54ac|rpc:10.1.0.24:40991|dataStream:10.1.0.24:38909|priority:0|startupRole:FOLLOWER, 498755a8-f2f1-47a5-bb38-b65b10b21bcc|rpc:10.1.0.24:40949|dataStream:10.1.0.24:39249|priority:0|startupRole:FOLLOWER, afa38d33-fc19-42e5-bc19-641228a4898b|rpc:10.1.0.24:37195|dataStream:10.1.0.24:33715|priority:1|startupRole:FOLLOWER]|listeners:[], old=null RUNNING
2023-01-10 01:14:01,422 [Command processor thread] INFO  server.RaftServer$Division (RaftServerImpl.java:lambda$close$4(458)) - afa38d33-fc19-42e5-bc19-641228a4898b@group-899B3966D85D: shutdown
2023-01-10 01:14:01,422 [Command processor thread] INFO  util.JmxRegister (JmxRegister.java:unregister(73)) - Successfully un-registered JMX Bean with object name Ratis:service=RaftServer,group=group-899B3966D85D,id=afa38d33-fc19-42e5-bc19-641228a4898b
2023-01-10 01:14:01,422 [Command processor thread] INFO  impl.RoleInfo (RoleInfo.java:shutdownLeaderState(93)) - afa38d33-fc19-42e5-bc19-641228a4898b: shutdown afa38d33-fc19-42e5-bc19-641228a4898b@group-899B3966D85D-LeaderStateImpl
2023-01-10 01:14:01,423 [afa38d33-fc19-42e5-bc19-641228a4898b@group-899B3966D85D->755113df-b2d2-4f4d-a016-da6f7eba54ac-GrpcLogAppender-LogAppenderDaemon] WARN  server.GrpcLogAppender (GrpcLogAppender.java:mayWait(200)) - afa38d33-fc19-42e5-bc19-641228a4898b@group-899B3966D85D->755113df-b2d2-4f4d-a016-da6f7eba54ac-GrpcLogAppender: Wait interrupted by java.lang.InterruptedException
2023-01-10 01:14:01,423 [afa38d33-fc19-42e5-bc19-641228a4898b@group-899B3966D85D->498755a8-f2f1-47a5-bb38-b65b10b21bcc-GrpcLogAppender-LogAppenderDaemon] WARN  server.GrpcLogAppender (GrpcLogAppender.java:mayWait(200)) - afa38d33-fc19-42e5-bc19-641228a4898b@group-899B3966D85D->498755a8-f2f1-47a5-bb38-b65b10b21bcc-GrpcLogAppender: Wait interrupted by java.lang.InterruptedException
2023-01-10 01:14:01,423 [Command processor thread] INFO  impl.PendingRequests (PendingRequests.java:sendNotLeaderResponses(282)) - afa38d33-fc19-42e5-bc19-641228a4898b@group-899B3966D85D-PendingRequests: sendNotLeaderResponses
2023-01-10 01:14:01,423 [Command processor thread] INFO  impl.StateMachineUpdater (StateMachineUpdater.java:stopAndJoin(153)) - afa38d33-fc19-42e5-bc19-641228a4898b@group-899B3966D85D-StateMachineUpdater: set stopIndex = 0
2023-01-10 01:14:01,424 [afa38d33-fc19-42e5-bc19-641228a4898b@group-899B3966D85D-StateMachineUpdater] INFO  ratis.ContainerStateMachine (ContainerStateMachine.java:takeSnapshot(308)) - group-899B3966D85D: Taking a snapshot at:(t:3, i:0) file /home/runner/work/ozone/ozone/hadoop-ozone/integration-test/target/test-dir/MiniOzoneClusterImpl-62525788-12f1-42f6-8834-316215afea77/datanode-3/data/ratis/c224eb46-a506-4758-baab-899b3966d85d/sm/snapshot.3_0
2023-01-10 01:14:01,424 [grpc-default-executor-5] INFO  server.GrpcServerProtocolService (GrpcServerProtocolService.java:onCompleted(143)) - 498755a8-f2f1-47a5-bb38-b65b10b21bcc: Completed APPEND_ENTRIES, lastRequest: afa38d33-fc19-42e5-bc19-641228a4898b->498755a8-f2f1-47a5-bb38-b65b10b21bcc#1-t3,previous=(t:0, i:0),leaderCommit=0,initializing? true,entries: size=1, first=(t:3, i:0), CONFIGURATIONENTRY(current:id: "755113df-b2d2-4f4d-a016-da6f7eba54ac"
address: "10.1.0.24:40991"
dataStreamAddress: "10.1.0.24:38909"
clientAddress: "10.1.0.24:40991"
adminAddress: "10.1.0.24:40991"
startupRole: FOLLOWER
,id: "498755a8-f2f1-47a5-bb38-b65b10b21bcc"
address: "10.1.0.24:40949"
dataStreamAddress: "10.1.0.24:39249"
clientAddress: "10.1.0.24:40949"
adminAddress: "10.1.0.24:40949"
startupRole: FOLLOWER
,id: "afa38d33-fc19-42e5-bc19-641228a4898b"
address: "10.1.0.24:37195"
priority: 1
dataStreamAddress: "10.1.0.24:33715"
clientAddress: "10.1.0.24:37195"
adminAddress: "10.1.0.24:37195"
startupRole: FOLLOWER
, old:)
2023-01-10 01:14:01,424 [grpc-default-executor-0] INFO  server.GrpcServerProtocolService (GrpcServerProtocolService.java:onCompleted(143)) - 755113df-b2d2-4f4d-a016-da6f7eba54ac: Completed APPEND_ENTRIES, lastRequest: afa38d33-fc19-42e5-bc19-641228a4898b->755113df-b2d2-4f4d-a016-da6f7eba54ac#1-t3,previous=(t:0, i:0),leaderCommit=0,initializing? true,entries: size=1, first=(t:3, i:0), CONFIGURATIONENTRY(current:id: "755113df-b2d2-4f4d-a016-da6f7eba54ac"
address: "10.1.0.24:40991"
dataStreamAddress: "10.1.0.24:38909"
clientAddress: "10.1.0.24:40991"
adminAddress: "10.1.0.24:40991"
startupRole: FOLLOWER
,id: "498755a8-f2f1-47a5-bb38-b65b10b21bcc"
address: "10.1.0.24:40949"
dataStreamAddress: "10.1.0.24:39249"
clientAddress: "10.1.0.24:40949"
adminAddress: "10.1.0.24:40949"
startupRole: FOLLOWER
,id: "afa38d33-fc19-42e5-bc19-641228a4898b"
address: "10.1.0.24:37195"
priority: 1
dataStreamAddress: "10.1.0.24:33715"
clientAddress: "10.1.0.24:37195"
adminAddress: "10.1.0.24:37195"
startupRole: FOLLOWER
, old:)
2023-01-10 01:14:01,425 [grpc-default-executor-1] INFO  server.GrpcServerProtocolService (GrpcServerProtocolService.java:onCompleted(143)) - 498755a8-f2f1-47a5-bb38-b65b10b21bcc: Completed APPEND_ENTRIES, lastRequest: null
2023-01-10 01:14:01,425 [grpc-default-executor-2] INFO  server.GrpcLogAppender (GrpcLogAppender.java:onCompleted(415)) - afa38d33-fc19-42e5-bc19-641228a4898b@group-899B3966D85D->498755a8-f2f1-47a5-bb38-b65b10b21bcc-AppendLogResponseHandler: follower responses appendEntries COMPLETED
2023-01-10 01:14:01,425 [grpc-default-executor-2] INFO  leader.FollowerInfo (FollowerInfoImpl.java:lambda$new$0(48)) - afa38d33-fc19-42e5-bc19-641228a4898b@group-899B3966D85D->498755a8-f2f1-47a5-bb38-b65b10b21bcc: nextIndex: updateUnconditionally 1 -> 0
2023-01-10 01:14:01,425 [grpc-default-executor-6] INFO  server.GrpcServerProtocolService (GrpcServerProtocolService.java:onCompleted(143)) - 755113df-b2d2-4f4d-a016-da6f7eba54ac: Completed APPEND_ENTRIES, lastRequest: null
2023-01-10 01:14:01,425 [grpc-default-executor-1] INFO  server.GrpcLogAppender (GrpcLogAppender.java:onCompleted(415)) - afa38d33-fc19-42e5-bc19-641228a4898b@group-899B3966D85D->755113df-b2d2-4f4d-a016-da6f7eba54ac-AppendLogResponseHandler: follower responses appendEntries COMPLETED
2023-01-10 01:14:01,425 [grpc-default-executor-4] INFO  server.GrpcLogAppender (GrpcLogAppender.java:onCompleted(415)) - afa38d33-fc19-42e5-bc19-641228a4898b@group-899B3966D85D->498755a8-f2f1-47a5-bb38-b65b10b21bcc-AppendLogResponseHandler: follower responses appendEntries COMPLETED
2023-01-10 01:14:01,425 [grpc-default-executor-1] INFO  leader.FollowerInfo (FollowerInfoImpl.java:lambda$new$0(48)) - afa38d33-fc19-42e5-bc19-641228a4898b@group-899B3966D85D->755113df-b2d2-4f4d-a016-da6f7eba54ac: nextIndex: updateUnconditionally 1 -> 0
2023-01-10 01:14:01,425 [grpc-default-executor-4] INFO  leader.FollowerInfo (FollowerInfoImpl.java:lambda$new$0(48)) - afa38d33-fc19-42e5-bc19-641228a4898b@group-899B3966D85D->498755a8-f2f1-47a5-bb38-b65b10b21bcc: nextIndex: updateUnconditionally 0 -> 0
2023-01-10 01:14:01,426 [grpc-default-executor-5] INFO  server.GrpcLogAppender (GrpcLogAppender.java:onCompleted(415)) - afa38d33-fc19-42e5-bc19-641228a4898b@group-899B3966D85D->755113df-b2d2-4f4d-a016-da6f7eba54ac-AppendLogResponseHandler: follower responses appendEntries COMPLETED
2023-01-10 01:14:01,426 [grpc-default-executor-5] INFO  leader.FollowerInfo (FollowerInfoImpl.java:lambda$new$0(48)) - afa38d33-fc19-42e5-bc19-641228a4898b@group-899B3966D85D->755113df-b2d2-4f4d-a016-da6f7eba54ac: nextIndex: updateUnconditionally 0 -> 0
2023-01-10 01:14:01,432 [afa38d33-fc19-42e5-bc19-641228a4898b@group-899B3966D85D-StateMachineUpdater] INFO  ratis.ContainerStateMachine (ContainerStateMachine.java:takeSnapshot(319)) - group-899B3966D85D: Finished taking a snapshot at:(t:3, i:0) file:/home/runner/work/ozone/ozone/hadoop-ozone/integration-test/target/test-dir/MiniOzoneClusterImpl-62525788-12f1-42f6-8834-316215afea77/datanode-3/data/ratis/c224eb46-a506-4758-baab-899b3966d85d/sm/snapshot.3_0 took: 8 ms
2023-01-10 01:14:01,432 [afa38d33-fc19-42e5-bc19-641228a4898b@group-899B3966D85D-StateMachineUpdater] INFO  impl.StateMachineUpdater (StateMachineUpdater.java:takeSnapshot(287)) - afa38d33-fc19-42e5-bc19-641228a4898b@group-899B3966D85D-StateMachineUpdater: Took a snapshot at index 0
2023-01-10 01:14:01,432 [afa38d33-fc19-42e5-bc19-641228a4898b@group-899B3966D85D-StateMachineUpdater] INFO  impl.StateMachineUpdater (StateMachineUpdater.java:lambda$new$0(92)) - afa38d33-fc19-42e5-bc19-641228a4898b@group-899B3966D85D-StateMachineUpdater: snapshotIndex: updateIncreasingly -1 -> 0
2023-01-10 01:14:01,432 [Command processor thread] INFO  server.RaftServer$Division (ServerState.java:close(466)) - afa38d33-fc19-42e5-bc19-641228a4898b@group-899B3966D85D: closes. applyIndex: 0
2023-01-10 01:14:01,432 [afa38d33-fc19-42e5-bc19-641228a4898b@group-899B3966D85D-SegmentedRaftLogWorker] INFO  segmented.SegmentedRaftLogWorker (SegmentedRaftLogWorker.java:run(347)) - afa38d33-fc19-42e5-bc19-641228a4898b@group-899B3966D85D-SegmentedRaftLogWorker was interrupted, exiting. There are 0 tasks remaining in the queue.
2023-01-10 01:14:01,434 [Command processor thread] INFO  segmented.SegmentedRaftLogWorker (SegmentedRaftLogWorker.java:close(257)) - afa38d33-fc19-42e5-bc19-641228a4898b@group-899B3966D85D-SegmentedRaftLogWorker close()
2023-01-10 01:14:01,436 [Command processor thread] INFO  server.RaftServer$Division (RaftServerImpl.java:groupRemove(428)) - afa38d33-fc19-42e5-bc19-641228a4898b@group-899B3966D85D: Succeed to remove RaftStorageDirectory Storage Directory /home/runner/work/ozone/ozone/hadoop-ozone/integration-test/target/test-dir/MiniOzoneClusterImpl-62525788-12f1-42f6-8834-316215afea77/datanode-3/data/ratis/c224eb46-a506-4758-baab-899b3966d85d
2023-01-10 01:14:01,436 [Command processor thread] INFO  commandhandler.ClosePipelineCommandHandler (ClosePipelineCommandHandler.java:handle(78)) - Close Pipeline PipelineID=c224eb46-a506-4758-baab-899b3966d85d command on datanode afa38d33-fc19-42e5-bc19-641228a4898b.
2023-01-10 01:14:02,343 [b1e0bc18-8da5-4e58-9fa5-a506b45b1540@group-78BA0C5E921B-FollowerState] INFO  server.RaftServerConfigKeys (ConfUtils.java:logFallback(53)) - raft.server.rpc.first-election.timeout.min = 5s (fallback to raft.server.rpc.timeout.min)
2023-01-10 01:14:02,343 [b1e0bc18-8da5-4e58-9fa5-a506b45b1540@group-78BA0C5E921B-FollowerState] INFO  server.RaftServerConfigKeys (ConfUtils.java:logFallback(53)) - raft.server.rpc.first-election.timeout.max = 5200ms (fallback to raft.server.rpc.timeout.max)
2023-01-10 01:14:02,416 [1c34faa2-bf15-4077-af79-1a4fd95d48c3@group-78BA0C5E921B-FollowerState] INFO  impl.FollowerState (FollowerState.java:run(143)) - 1c34faa2-bf15-4077-af79-1a4fd95d48c3@group-78BA0C5E921B-FollowerState: change to CANDIDATE, lastRpcElapsedTime:5112583173ns, electionTimeout:5112ms
2023-01-10 01:14:02,416 [1c34faa2-bf15-4077-af79-1a4fd95d48c3@group-78BA0C5E921B-FollowerState] INFO  impl.RoleInfo (RoleInfo.java:shutdownFollowerState(110)) - 1c34faa2-bf15-4077-af79-1a4fd95d48c3: shutdown 1c34faa2-bf15-4077-af79-1a4fd95d48c3@group-78BA0C5E921B-FollowerState
2023-01-10 01:14:02,416 [1c34faa2-bf15-4077-af79-1a4fd95d48c3@group-78BA0C5E921B-FollowerState] INFO  server.RaftServer$Division (RaftServerImpl.java:setRole(321)) - 1c34faa2-bf15-4077-af79-1a4fd95d48c3@group-78BA0C5E921B: changes role from  FOLLOWER to CANDIDATE at term 3 for changeToCandidate
2023-01-10 01:14:02,416 [1c34faa2-bf15-4077-af79-1a4fd95d48c3@group-78BA0C5E921B-FollowerState] INFO  server.RaftServerConfigKeys (ConfUtils.java:logGet(46)) - raft.server.leaderelection.pre-vote = false (custom)
2023-01-10 01:14:02,416 [1c34faa2-bf15-4077-af79-1a4fd95d48c3@group-78BA0C5E921B-FollowerState] INFO  impl.RoleInfo (RoleInfo.java:updateAndGet(139)) - 1c34faa2-bf15-4077-af79-1a4fd95d48c3: start 1c34faa2-bf15-4077-af79-1a4fd95d48c3@group-78BA0C5E921B-LeaderElection36
2023-01-10 01:14:02,417 [1c34faa2-bf15-4077-af79-1a4fd95d48c3@group-78BA0C5E921B-LeaderElection36] INFO  impl.LeaderElection (LeaderElection.java:askForVotes(312)) - 1c34faa2-bf15-4077-af79-1a4fd95d48c3@group-78BA0C5E921B-LeaderElection36 ELECTION round 0: submit vote requests at term 4 for -1: peers:[b1e0bc18-8da5-4e58-9fa5-a506b45b1540|rpc:10.1.0.24:41835|dataStream:10.1.0.24:40391|priority:0|startupRole:FOLLOWER, 35948080-5e22-45ca-b6f3-be7de45bebca|rpc:10.1.0.24:40989|dataStream:10.1.0.24:42993|priority:1|startupRole:FOLLOWER, 1c34faa2-bf15-4077-af79-1a4fd95d48c3|rpc:10.1.0.24:38223|dataStream:10.1.0.24:46641|priority:0|startupRole:FOLLOWER]|listeners:[], old=null
2023-01-10 01:14:02,418 [1c34faa2-bf15-4077-af79-1a4fd95d48c3@group-78BA0C5E921B-LeaderElection36] INFO  server.RaftServerConfigKeys (ConfUtils.java:logFallback(53)) - raft.server.rpc.first-election.timeout.min = 5s (fallback to raft.server.rpc.timeout.min)
2023-01-10 01:14:02,418 [1c34faa2-bf15-4077-af79-1a4fd95d48c3@group-78BA0C5E921B-LeaderElection36] INFO  server.RaftServerConfigKeys (ConfUtils.java:logFallback(53)) - raft.server.rpc.first-election.timeout.max = 5200ms (fallback to raft.server.rpc.timeout.max)
2023-01-10 01:14:02,419 [grpc-default-executor-5] INFO  server.RaftServer$Division (RaftServerImpl.java:requestVote(1218)) - b1e0bc18-8da5-4e58-9fa5-a506b45b1540@group-78BA0C5E921B: receive requestVote(ELECTION, 1c34faa2-bf15-4077-af79-1a4fd95d48c3, group-78BA0C5E921B, 4, (t:0, i:0))
2023-01-10 01:14:02,419 [grpc-default-executor-5] INFO  impl.VoteContext (VoteContext.java:log(49)) - b1e0bc18-8da5-4e58-9fa5-a506b45b1540@group-78BA0C5E921B-FOLLOWER: accept ELECTION from 1c34faa2-bf15-4077-af79-1a4fd95d48c3: our priority 0 <= candidate's priority 0
2023-01-10 01:14:02,419 [grpc-default-executor-5] INFO  server.RaftServer$Division (RaftServerImpl.java:setRole(321)) - b1e0bc18-8da5-4e58-9fa5-a506b45b1540@group-78BA0C5E921B: changes role from  FOLLOWER to FOLLOWER at term 4 for candidate:1c34faa2-bf15-4077-af79-1a4fd95d48c3
2023-01-10 01:14:02,419 [grpc-default-executor-5] INFO  impl.RoleInfo (RoleInfo.java:shutdownFollowerState(110)) - b1e0bc18-8da5-4e58-9fa5-a506b45b1540: shutdown b1e0bc18-8da5-4e58-9fa5-a506b45b1540@group-78BA0C5E921B-FollowerState
2023-01-10 01:14:02,420 [grpc-default-executor-5] INFO  impl.RoleInfo (RoleInfo.java:updateAndGet(139)) - b1e0bc18-8da5-4e58-9fa5-a506b45b1540: start b1e0bc18-8da5-4e58-9fa5-a506b45b1540@group-78BA0C5E921B-FollowerState
2023-01-10 01:14:02,420 [b1e0bc18-8da5-4e58-9fa5-a506b45b1540@group-78BA0C5E921B-FollowerState] INFO  impl.FollowerState (FollowerState.java:run(152)) - b1e0bc18-8da5-4e58-9fa5-a506b45b1540@group-78BA0C5E921B-FollowerState was interrupted
2023-01-10 01:14:02,420 [b1e0bc18-8da5-4e58-9fa5-a506b45b1540@group-78BA0C5E921B-FollowerState] INFO  server.RaftServerConfigKeys (ConfUtils.java:logFallback(53)) - raft.server.rpc.first-election.timeout.min = 5s (fallback to raft.server.rpc.timeout.min)
2023-01-10 01:14:02,420 [b1e0bc18-8da5-4e58-9fa5-a506b45b1540@group-78BA0C5E921B-FollowerState] INFO  server.RaftServerConfigKeys (ConfUtils.java:logFallback(53)) - raft.server.rpc.first-election.timeout.max = 5200ms (fallback to raft.server.rpc.timeout.max)
2023-01-10 01:14:02,421 [grpc-default-executor-5] INFO  server.RaftServer$Division (RaftServerImpl.java:requestVote(1251)) - b1e0bc18-8da5-4e58-9fa5-a506b45b1540@group-78BA0C5E921B replies to ELECTION vote request: 1c34faa2-bf15-4077-af79-1a4fd95d48c3<-b1e0bc18-8da5-4e58-9fa5-a506b45b1540#0:OK-t4. Peer's state: b1e0bc18-8da5-4e58-9fa5-a506b45b1540@group-78BA0C5E921B:t4, leader=null, voted=1c34faa2-bf15-4077-af79-1a4fd95d48c3, raftlog=Memoized:b1e0bc18-8da5-4e58-9fa5-a506b45b1540@group-78BA0C5E921B-SegmentedRaftLog:OPENED:c-1, conf=-1: peers:[b1e0bc18-8da5-4e58-9fa5-a506b45b1540|rpc:10.1.0.24:41835|dataStream:10.1.0.24:40391|priority:0|startupRole:FOLLOWER, 35948080-5e22-45ca-b6f3-be7de45bebca|rpc:10.1.0.24:40989|dataStream:10.1.0.24:42993|priority:1|startupRole:FOLLOWER, 1c34faa2-bf15-4077-af79-1a4fd95d48c3|rpc:10.1.0.24:38223|dataStream:10.1.0.24:46641|priority:0|startupRole:FOLLOWER]|listeners:[], old=null
2023-01-10 01:14:02,422 [grpc-default-executor-4] INFO  server.RaftServer$Division (RaftServerImpl.java:requestVote(1218)) - 35948080-5e22-45ca-b6f3-be7de45bebca@group-78BA0C5E921B: receive requestVote(ELECTION, 1c34faa2-bf15-4077-af79-1a4fd95d48c3, group-78BA0C5E921B, 4, (t:0, i:0))
2023-01-10 01:14:02,424 [grpc-default-executor-4] INFO  impl.VoteContext (VoteContext.java:log(49)) - 35948080-5e22-45ca-b6f3-be7de45bebca@group-78BA0C5E921B-FOLLOWER: reject ELECTION from 1c34faa2-bf15-4077-af79-1a4fd95d48c3: our priority 1 > candidate's priority 0
2023-01-10 01:14:02,424 [grpc-default-executor-4] INFO  server.RaftServer$Division (RaftServerImpl.java:setRole(321)) - 35948080-5e22-45ca-b6f3-be7de45bebca@group-78BA0C5E921B: changes role from  FOLLOWER to FOLLOWER at term 4 for candidate:1c34faa2-bf15-4077-af79-1a4fd95d48c3
2023-01-10 01:14:02,424 [grpc-default-executor-4] INFO  impl.RoleInfo (RoleInfo.java:shutdownFollowerState(110)) - 35948080-5e22-45ca-b6f3-be7de45bebca: shutdown 35948080-5e22-45ca-b6f3-be7de45bebca@group-78BA0C5E921B-FollowerState
2023-01-10 01:14:02,424 [grpc-default-executor-4] INFO  impl.RoleInfo (RoleInfo.java:updateAndGet(139)) - 35948080-5e22-45ca-b6f3-be7de45bebca: start 35948080-5e22-45ca-b6f3-be7de45bebca@group-78BA0C5E921B-FollowerState
2023-01-10 01:14:02,424 [35948080-5e22-45ca-b6f3-be7de45bebca@group-78BA0C5E921B-FollowerState] INFO  impl.FollowerState (FollowerState.java:run(152)) - 35948080-5e22-45ca-b6f3-be7de45bebca@group-78BA0C5E921B-FollowerState was interrupted
2023-01-10 01:14:02,425 [35948080-5e22-45ca-b6f3-be7de45bebca@group-78BA0C5E921B-FollowerState] INFO  server.RaftServerConfigKeys (ConfUtils.java:logFallback(53)) - raft.server.rpc.first-election.timeout.min = 5s (fallback to raft.server.rpc.timeout.min)
2023-01-10 01:14:02,425 [35948080-5e22-45ca-b6f3-be7de45bebca@group-78BA0C5E921B-FollowerState] INFO  server.RaftServerConfigKeys (ConfUtils.java:logFallback(53)) - raft.server.rpc.first-election.timeout.max = 5200ms (fallback to raft.server.rpc.timeout.max)
2023-01-10 01:14:02,426 [grpc-default-executor-4] INFO  server.RaftServer$Division (RaftServerImpl.java:requestVote(1251)) - 35948080-5e22-45ca-b6f3-be7de45bebca@group-78BA0C5E921B replies to ELECTION vote request: 1c34faa2-bf15-4077-af79-1a4fd95d48c3<-35948080-5e22-45ca-b6f3-be7de45bebca#0:FAIL-t4. Peer's state: 35948080-5e22-45ca-b6f3-be7de45bebca@group-78BA0C5E921B:t4, leader=null, voted=null, raftlog=Memoized:35948080-5e22-45ca-b6f3-be7de45bebca@group-78BA0C5E921B-SegmentedRaftLog:OPENED:c-1, conf=-1: peers:[b1e0bc18-8da5-4e58-9fa5-a506b45b1540|rpc:10.1.0.24:41835|dataStream:10.1.0.24:40391|priority:0|startupRole:FOLLOWER, 35948080-5e22-45ca-b6f3-be7de45bebca|rpc:10.1.0.24:40989|dataStream:10.1.0.24:42993|priority:1|startupRole:FOLLOWER, 1c34faa2-bf15-4077-af79-1a4fd95d48c3|rpc:10.1.0.24:38223|dataStream:10.1.0.24:46641|priority:0|startupRole:FOLLOWER]|listeners:[], old=null
2023-01-10 01:14:02,427 [1c34faa2-bf15-4077-af79-1a4fd95d48c3@group-78BA0C5E921B-LeaderElection36] INFO  impl.LeaderElection (LeaderElection.java:logAndReturn(90)) - 1c34faa2-bf15-4077-af79-1a4fd95d48c3@group-78BA0C5E921B-LeaderElection36: ELECTION REJECTED received 2 response(s) and 0 exception(s):
2023-01-10 01:14:02,427 [1c34faa2-bf15-4077-af79-1a4fd95d48c3@group-78BA0C5E921B-LeaderElection36] INFO  impl.LeaderElection (LeaderElection.java:logAndReturn(94)) -   Response 0: 1c34faa2-bf15-4077-af79-1a4fd95d48c3<-b1e0bc18-8da5-4e58-9fa5-a506b45b1540#0:OK-t4
2023-01-10 01:14:02,427 [1c34faa2-bf15-4077-af79-1a4fd95d48c3@group-78BA0C5E921B-LeaderElection36] INFO  impl.LeaderElection (LeaderElection.java:logAndReturn(94)) -   Response 1: 1c34faa2-bf15-4077-af79-1a4fd95d48c3<-35948080-5e22-45ca-b6f3-be7de45bebca#0:FAIL-t4
2023-01-10 01:14:02,427 [1c34faa2-bf15-4077-af79-1a4fd95d48c3@group-78BA0C5E921B-LeaderElection36] INFO  impl.LeaderElection (LeaderElection.java:askForVotes(314)) - 1c34faa2-bf15-4077-af79-1a4fd95d48c3@group-78BA0C5E921B-LeaderElection36 ELECTION round 0: result REJECTED
2023-01-10 01:14:02,427 [1c34faa2-bf15-4077-af79-1a4fd95d48c3@group-78BA0C5E921B-LeaderElection36] INFO  server.RaftServer$Division (RaftServerImpl.java:setRole(321)) - 1c34faa2-bf15-4077-af79-1a4fd95d48c3@group-78BA0C5E921B: changes role from CANDIDATE to FOLLOWER at term 4 for REJECTED
2023-01-10 01:14:02,427 [1c34faa2-bf15-4077-af79-1a4fd95d48c3@group-78BA0C5E921B-LeaderElection36] INFO  impl.RoleInfo (RoleInfo.java:shutdownLeaderElection(130)) - 1c34faa2-bf15-4077-af79-1a4fd95d48c3: shutdown 1c34faa2-bf15-4077-af79-1a4fd95d48c3@group-78BA0C5E921B-LeaderElection36
2023-01-10 01:14:02,427 [1c34faa2-bf15-4077-af79-1a4fd95d48c3@group-78BA0C5E921B-LeaderElection36] INFO  impl.RoleInfo (RoleInfo.java:updateAndGet(139)) - 1c34faa2-bf15-4077-af79-1a4fd95d48c3: start 1c34faa2-bf15-4077-af79-1a4fd95d48c3@group-78BA0C5E921B-FollowerState
2023-01-10 01:14:02,427 [1c34faa2-bf15-4077-af79-1a4fd95d48c3@group-78BA0C5E921B-FollowerState] INFO  server.RaftServerConfigKeys (ConfUtils.java:logFallback(53)) - raft.server.rpc.first-election.timeout.min = 5s (fallback to raft.server.rpc.timeout.min)
2023-01-10 01:14:02,427 [1c34faa2-bf15-4077-af79-1a4fd95d48c3@group-78BA0C5E921B-FollowerState] INFO  server.RaftServerConfigKeys (ConfUtils.java:logFallback(53)) - raft.server.rpc.first-election.timeout.max = 5200ms (fallback to raft.server.rpc.timeout.max)
2023-01-10 01:14:03,170 [498755a8-f2f1-47a5-bb38-b65b10b21bcc@group-79979D135BFE-FollowerState] INFO  impl.FollowerState (FollowerState.java:run(143)) - 498755a8-f2f1-47a5-bb38-b65b10b21bcc@group-79979D135BFE-FollowerState: change to CANDIDATE, lastRpcElapsedTime:5047695016ns, electionTimeout:5043ms
2023-01-10 01:14:03,171 [498755a8-f2f1-47a5-bb38-b65b10b21bcc@group-79979D135BFE-FollowerState] INFO  impl.RoleInfo (RoleInfo.java:shutdownFollowerState(110)) - 498755a8-f2f1-47a5-bb38-b65b10b21bcc: shutdown 498755a8-f2f1-47a5-bb38-b65b10b21bcc@group-79979D135BFE-FollowerState
2023-01-10 01:14:03,171 [498755a8-f2f1-47a5-bb38-b65b10b21bcc@group-79979D135BFE-FollowerState] INFO  server.RaftServer$Division (RaftServerImpl.java:setRole(321)) - 498755a8-f2f1-47a5-bb38-b65b10b21bcc@group-79979D135BFE: changes role from  FOLLOWER to CANDIDATE at term 3 for changeToCandidate
2023-01-10 01:14:03,171 [498755a8-f2f1-47a5-bb38-b65b10b21bcc@group-79979D135BFE-FollowerState] INFO  server.RaftServerConfigKeys (ConfUtils.java:logGet(46)) - raft.server.leaderelection.pre-vote = false (custom)
2023-01-10 01:14:03,171 [498755a8-f2f1-47a5-bb38-b65b10b21bcc@group-79979D135BFE-FollowerState] INFO  impl.RoleInfo (RoleInfo.java:updateAndGet(139)) - 498755a8-f2f1-47a5-bb38-b65b10b21bcc: start 498755a8-f2f1-47a5-bb38-b65b10b21bcc@group-79979D135BFE-LeaderElection37
2023-01-10 01:14:03,173 [498755a8-f2f1-47a5-bb38-b65b10b21bcc@group-79979D135BFE-LeaderElection37] INFO  impl.LeaderElection (LeaderElection.java:askForVotes(312)) - 498755a8-f2f1-47a5-bb38-b65b10b21bcc@group-79979D135BFE-LeaderElection37 ELECTION round 0: submit vote requests at term 4 for -1: peers:[755113df-b2d2-4f4d-a016-da6f7eba54ac|rpc:10.1.0.24:40991|dataStream:10.1.0.24:38909|priority:0|startupRole:FOLLOWER, 498755a8-f2f1-47a5-bb38-b65b10b21bcc|rpc:10.1.0.24:40949|dataStream:10.1.0.24:39249|priority:1|startupRole:FOLLOWER, afa38d33-fc19-42e5-bc19-641228a4898b|rpc:10.1.0.24:37195|dataStream:10.1.0.24:33715|priority:0|startupRole:FOLLOWER]|listeners:[], old=null
2023-01-10 01:14:03,173 [498755a8-f2f1-47a5-bb38-b65b10b21bcc@group-79979D135BFE-LeaderElection37] INFO  server.RaftServerConfigKeys (ConfUtils.java:logFallback(53)) - raft.server.rpc.first-election.timeout.min = 5s (fallback to raft.server.rpc.timeout.min)
2023-01-10 01:14:03,173 [498755a8-f2f1-47a5-bb38-b65b10b21bcc@group-79979D135BFE-LeaderElection37-1] INFO  server.GrpcServerProtocolClient (GrpcServerProtocolClient.java:<init>(63)) - Build channel for 755113df-b2d2-4f4d-a016-da6f7eba54ac
2023-01-10 01:14:03,173 [498755a8-f2f1-47a5-bb38-b65b10b21bcc@group-79979D135BFE-LeaderElection37] INFO  server.RaftServerConfigKeys (ConfUtils.java:logFallback(53)) - raft.server.rpc.first-election.timeout.max = 5200ms (fallback to raft.server.rpc.timeout.max)
2023-01-10 01:14:03,173 [498755a8-f2f1-47a5-bb38-b65b10b21bcc@group-79979D135BFE-LeaderElection37-2] INFO  server.GrpcServerProtocolClient (GrpcServerProtocolClient.java:<init>(63)) - Build channel for afa38d33-fc19-42e5-bc19-641228a4898b
2023-01-10 01:14:03,183 [grpc-default-executor-4] INFO  server.RaftServer$Division (RaftServerImpl.java:requestVote(1218)) - afa38d33-fc19-42e5-bc19-641228a4898b@group-79979D135BFE: receive requestVote(ELECTION, 498755a8-f2f1-47a5-bb38-b65b10b21bcc, group-79979D135BFE, 4, (t:0, i:0))
2023-01-10 01:14:03,183 [grpc-default-executor-4] INFO  impl.VoteContext (VoteContext.java:log(49)) - afa38d33-fc19-42e5-bc19-641228a4898b@group-79979D135BFE-FOLLOWER: accept ELECTION from 498755a8-f2f1-47a5-bb38-b65b10b21bcc: our priority 0 <= candidate's priority 1
2023-01-10 01:14:03,183 [grpc-default-executor-4] INFO  server.RaftServer$Division (RaftServerImpl.java:setRole(321)) - afa38d33-fc19-42e5-bc19-641228a4898b@group-79979D135BFE: changes role from  FOLLOWER to FOLLOWER at term 4 for candidate:498755a8-f2f1-47a5-bb38-b65b10b21bcc
2023-01-10 01:14:03,183 [grpc-default-executor-4] INFO  impl.RoleInfo (RoleInfo.java:shutdownFollowerState(110)) - afa38d33-fc19-42e5-bc19-641228a4898b: shutdown afa38d33-fc19-42e5-bc19-641228a4898b@group-79979D135BFE-FollowerState
2023-01-10 01:14:03,184 [grpc-default-executor-4] INFO  impl.RoleInfo (RoleInfo.java:updateAndGet(139)) - afa38d33-fc19-42e5-bc19-641228a4898b: start afa38d33-fc19-42e5-bc19-641228a4898b@group-79979D135BFE-FollowerState
2023-01-10 01:14:03,184 [afa38d33-fc19-42e5-bc19-641228a4898b@group-79979D135BFE-FollowerState] INFO  impl.FollowerState (FollowerState.java:run(152)) - afa38d33-fc19-42e5-bc19-641228a4898b@group-79979D135BFE-FollowerState was interrupted
2023-01-10 01:14:03,184 [afa38d33-fc19-42e5-bc19-641228a4898b@group-79979D135BFE-FollowerState] INFO  server.RaftServerConfigKeys (ConfUtils.java:logFallback(53)) - raft.server.rpc.first-election.timeout.min = 5s (fallback to raft.server.rpc.timeout.min)
2023-01-10 01:14:03,184 [afa38d33-fc19-42e5-bc19-641228a4898b@group-79979D135BFE-FollowerState] INFO  server.RaftServerConfigKeys (ConfUtils.java:logFallback(53)) - raft.server.rpc.first-election.timeout.max = 5200ms (fallback to raft.server.rpc.timeout.max)
2023-01-10 01:14:03,185 [grpc-default-executor-4] INFO  server.RaftServer$Division (RaftServerImpl.java:requestVote(1251)) - afa38d33-fc19-42e5-bc19-641228a4898b@group-79979D135BFE replies to ELECTION vote request: 498755a8-f2f1-47a5-bb38-b65b10b21bcc<-afa38d33-fc19-42e5-bc19-641228a4898b#0:OK-t4. Peer's state: afa38d33-fc19-42e5-bc19-641228a4898b@group-79979D135BFE:t4, leader=null, voted=498755a8-f2f1-47a5-bb38-b65b10b21bcc, raftlog=Memoized:afa38d33-fc19-42e5-bc19-641228a4898b@group-79979D135BFE-SegmentedRaftLog:OPENED:c-1, conf=-1: peers:[755113df-b2d2-4f4d-a016-da6f7eba54ac|rpc:10.1.0.24:40991|dataStream:10.1.0.24:38909|priority:0|startupRole:FOLLOWER, 498755a8-f2f1-47a5-bb38-b65b10b21bcc|rpc:10.1.0.24:40949|dataStream:10.1.0.24:39249|priority:1|startupRole:FOLLOWER, afa38d33-fc19-42e5-bc19-641228a4898b|rpc:10.1.0.24:37195|dataStream:10.1.0.24:33715|priority:0|startupRole:FOLLOWER]|listeners:[], old=null
2023-01-10 01:14:03,191 [grpc-default-executor-4] INFO  server.RaftServer$Division (RaftServerImpl.java:requestVote(1218)) - 755113df-b2d2-4f4d-a016-da6f7eba54ac@group-79979D135BFE: receive requestVote(ELECTION, 498755a8-f2f1-47a5-bb38-b65b10b21bcc, group-79979D135BFE, 4, (t:0, i:0))
2023-01-10 01:14:03,191 [grpc-default-executor-4] INFO  impl.VoteContext (VoteContext.java:log(49)) - 755113df-b2d2-4f4d-a016-da6f7eba54ac@group-79979D135BFE-FOLLOWER: accept ELECTION from 498755a8-f2f1-47a5-bb38-b65b10b21bcc: our priority 0 <= candidate's priority 1
2023-01-10 01:14:03,191 [grpc-default-executor-4] INFO  server.RaftServer$Division (RaftServerImpl.java:setRole(321)) - 755113df-b2d2-4f4d-a016-da6f7eba54ac@group-79979D135BFE: changes role from  FOLLOWER to FOLLOWER at term 4 for candidate:498755a8-f2f1-47a5-bb38-b65b10b21bcc
2023-01-10 01:14:03,191 [grpc-default-executor-4] INFO  impl.RoleInfo (RoleInfo.java:shutdownFollowerState(110)) - 755113df-b2d2-4f4d-a016-da6f7eba54ac: shutdown 755113df-b2d2-4f4d-a016-da6f7eba54ac@group-79979D135BFE-FollowerState
2023-01-10 01:14:03,192 [grpc-default-executor-4] INFO  impl.RoleInfo (RoleInfo.java:updateAndGet(139)) - 755113df-b2d2-4f4d-a016-da6f7eba54ac: start 755113df-b2d2-4f4d-a016-da6f7eba54ac@group-79979D135BFE-FollowerState
2023-01-10 01:14:03,192 [755113df-b2d2-4f4d-a016-da6f7eba54ac@group-79979D135BFE-FollowerState] INFO  impl.FollowerState (FollowerState.java:run(152)) - 755113df-b2d2-4f4d-a016-da6f7eba54ac@group-79979D135BFE-FollowerState was interrupted
2023-01-10 01:14:03,194 [498755a8-f2f1-47a5-bb38-b65b10b21bcc@group-79979D135BFE-LeaderElection37] INFO  impl.LeaderElection (LeaderElection.java:logAndReturn(90)) - 498755a8-f2f1-47a5-bb38-b65b10b21bcc@group-79979D135BFE-LeaderElection37: ELECTION PASSED received 1 response(s) and 0 exception(s):
2023-01-10 01:14:03,194 [498755a8-f2f1-47a5-bb38-b65b10b21bcc@group-79979D135BFE-LeaderElection37] INFO  impl.LeaderElection (LeaderElection.java:logAndReturn(94)) -   Response 0: 498755a8-f2f1-47a5-bb38-b65b10b21bcc<-afa38d33-fc19-42e5-bc19-641228a4898b#0:OK-t4
2023-01-10 01:14:03,194 [498755a8-f2f1-47a5-bb38-b65b10b21bcc@group-79979D135BFE-LeaderElection37] INFO  impl.LeaderElection (LeaderElection.java:askForVotes(314)) - 498755a8-f2f1-47a5-bb38-b65b10b21bcc@group-79979D135BFE-LeaderElection37 ELECTION round 0: result PASSED
2023-01-10 01:14:03,194 [498755a8-f2f1-47a5-bb38-b65b10b21bcc@group-79979D135BFE-LeaderElection37] INFO  impl.RoleInfo (RoleInfo.java:shutdownLeaderElection(130)) - 498755a8-f2f1-47a5-bb38-b65b10b21bcc: shutdown 498755a8-f2f1-47a5-bb38-b65b10b21bcc@group-79979D135BFE-LeaderElection37
2023-01-10 01:14:03,194 [498755a8-f2f1-47a5-bb38-b65b10b21bcc@group-79979D135BFE-LeaderElection37] INFO  server.RaftServer$Division (RaftServerImpl.java:setRole(321)) - 498755a8-f2f1-47a5-bb38-b65b10b21bcc@group-79979D135BFE: changes role from CANDIDATE to LEADER at term 4 for changeToLeader
2023-01-10 01:14:03,194 [498755a8-f2f1-47a5-bb38-b65b10b21bcc@group-79979D135BFE-LeaderElection37] INFO  ratis.XceiverServerRatis (XceiverServerRatis.java:handleLeaderChangedNotification(904)) - Leader change notification received for group: group-79979D135BFE with new leaderId: 498755a8-f2f1-47a5-bb38-b65b10b21bcc
2023-01-10 01:14:03,194 [498755a8-f2f1-47a5-bb38-b65b10b21bcc@group-79979D135BFE-LeaderElection37] INFO  server.RaftServer$Division (ServerState.java:setLeader(313)) - 498755a8-f2f1-47a5-bb38-b65b10b21bcc@group-79979D135BFE: change Leader from null to 498755a8-f2f1-47a5-bb38-b65b10b21bcc at term 4 for becomeLeader, leader elected after 20225ms
2023-01-10 01:14:03,194 [498755a8-f2f1-47a5-bb38-b65b10b21bcc@group-79979D135BFE-LeaderElection37] INFO  server.RaftServerConfigKeys (ConfUtils.java:logGet(46)) - raft.server.staging.catchup.gap = 1000 (default)
2023-01-10 01:14:03,195 [498755a8-f2f1-47a5-bb38-b65b10b21bcc@group-79979D135BFE-LeaderElection37] INFO  server.RaftServerConfigKeys (ConfUtils.java:logGet(46)) - raft.server.write.element-limit = 1024 (custom)
2023-01-10 01:14:03,195 [498755a8-f2f1-47a5-bb38-b65b10b21bcc@group-79979D135BFE-LeaderElection37] INFO  server.RaftServerConfigKeys (ConfUtils.java:logGet(46)) - raft.server.write.byte-limit = 1024 M (=1073741824) (custom)
2023-01-10 01:14:03,195 [498755a8-f2f1-47a5-bb38-b65b10b21bcc@group-79979D135BFE-LeaderElection37] INFO  server.RaftServerConfigKeys (ConfUtils.java:logGet(46)) - raft.server.watch.timeout = 180s (custom)
2023-01-10 01:14:03,195 [498755a8-f2f1-47a5-bb38-b65b10b21bcc@group-79979D135BFE-LeaderElection37] INFO  server.RaftServerConfigKeys (ConfUtils.java:logGet(46)) - raft.server.watch.timeout.denomination = 1s (default)
2023-01-10 01:14:03,195 [498755a8-f2f1-47a5-bb38-b65b10b21bcc@group-79979D135BFE-LeaderElection37] INFO  server.RaftServerConfigKeys (ConfUtils.java:logGet(46)) - raft.server.watch.element-limit = 65536 (default)
2023-01-10 01:14:03,195 [498755a8-f2f1-47a5-bb38-b65b10b21bcc@group-79979D135BFE-LeaderElection37] INFO  server.RaftServerConfigKeys (ConfUtils.java:logGet(46)) - raft.server.write.element-limit = 1024 (custom)
2023-01-10 01:14:03,195 [498755a8-f2f1-47a5-bb38-b65b10b21bcc@group-79979D135BFE-LeaderElection37] INFO  server.RaftServerConfigKeys (ConfUtils.java:logGet(46)) - raft.server.write.follower.gap.ratio.max = -1.0 (default)
2023-01-10 01:14:03,195 [498755a8-f2f1-47a5-bb38-b65b10b21bcc@group-79979D135BFE-LeaderElection37] INFO  server.RaftServerConfigKeys (ConfUtils.java:logGet(46)) - raft.server.log.appender.snapshot.chunk.size.max = 16MB (=16777216) (default)
2023-01-10 01:14:03,195 [498755a8-f2f1-47a5-bb38-b65b10b21bcc@group-79979D135BFE-LeaderElection37] INFO  server.RaftServerConfigKeys (ConfUtils.java:logGet(46)) - raft.server.log.appender.buffer.byte-limit = 33554432 (custom)
2023-01-10 01:14:03,195 [498755a8-f2f1-47a5-bb38-b65b10b21bcc@group-79979D135BFE-LeaderElection37] INFO  server.RaftServerConfigKeys (ConfUtils.java:logGet(46)) - raft.server.log.appender.buffer.element-limit = 1 (custom)
2023-01-10 01:14:03,196 [498755a8-f2f1-47a5-bb38-b65b10b21bcc@group-79979D135BFE-LeaderElection37] INFO  grpc.GrpcConfigKeys (ConfUtils.java:logGet(46)) - raft.grpc.server.leader.outstanding.appends.max = 128 (default)
2023-01-10 01:14:03,196 [498755a8-f2f1-47a5-bb38-b65b10b21bcc@group-79979D135BFE-LeaderElection37] INFO  server.RaftServerConfigKeys (ConfUtils.java:logGet(46)) - raft.server.rpc.request.timeout = 60s (custom)
2023-01-10 01:14:03,196 [498755a8-f2f1-47a5-bb38-b65b10b21bcc@group-79979D135BFE-LeaderElection37] INFO  server.RaftServerConfigKeys (ConfUtils.java:logGet(46)) - raft.server.log.appender.install.snapshot.enabled = false (custom)
2023-01-10 01:14:03,196 [498755a8-f2f1-47a5-bb38-b65b10b21bcc@group-79979D135BFE-LeaderElection37] INFO  grpc.GrpcConfigKeys (ConfUtils.java:logGet(46)) - raft.grpc.server.heartbeat.channel = true (default)
2023-01-10 01:14:03,196 [498755a8-f2f1-47a5-bb38-b65b10b21bcc@group-79979D135BFE-LeaderElection37] INFO  server.RaftServerConfigKeys (ConfUtils.java:logGet(46)) - raft.server.log.appender.wait-time.min = 10ms (default)
2023-01-10 01:14:03,196 [498755a8-f2f1-47a5-bb38-b65b10b21bcc@group-79979D135BFE-LeaderElection37] INFO  server.RaftServerConfigKeys (ConfUtils.java:logGet(46)) - raft.server.log.appender.snapshot.chunk.size.max = 16MB (=16777216) (default)
2023-01-10 01:14:03,196 [498755a8-f2f1-47a5-bb38-b65b10b21bcc@group-79979D135BFE-LeaderElection37] INFO  server.RaftServerConfigKeys (ConfUtils.java:logGet(46)) - raft.server.log.appender.buffer.byte-limit = 33554432 (custom)
2023-01-10 01:14:03,196 [498755a8-f2f1-47a5-bb38-b65b10b21bcc@group-79979D135BFE-LeaderElection37] INFO  server.RaftServerConfigKeys (ConfUtils.java:logGet(46)) - raft.server.log.appender.buffer.element-limit = 1 (custom)
2023-01-10 01:14:03,196 [498755a8-f2f1-47a5-bb38-b65b10b21bcc@group-79979D135BFE-LeaderElection37] INFO  grpc.GrpcConfigKeys (ConfUtils.java:logGet(46)) - raft.grpc.server.leader.outstanding.appends.max = 128 (default)
2023-01-10 01:14:03,196 [498755a8-f2f1-47a5-bb38-b65b10b21bcc@group-79979D135BFE-LeaderElection37] INFO  server.RaftServerConfigKeys (ConfUtils.java:logGet(46)) - raft.server.rpc.request.timeout = 60s (custom)
2023-01-10 01:14:03,196 [498755a8-f2f1-47a5-bb38-b65b10b21bcc@group-79979D135BFE-LeaderElection37] INFO  server.RaftServerConfigKeys (ConfUtils.java:logGet(46)) - raft.server.log.appender.install.snapshot.enabled = false (custom)
2023-01-10 01:14:03,198 [498755a8-f2f1-47a5-bb38-b65b10b21bcc@group-79979D135BFE-LeaderElection37] INFO  grpc.GrpcConfigKeys (ConfUtils.java:logGet(46)) - raft.grpc.server.heartbeat.channel = true (default)
2023-01-10 01:14:03,198 [498755a8-f2f1-47a5-bb38-b65b10b21bcc@group-79979D135BFE-LeaderElection37] INFO  server.RaftServerConfigKeys (ConfUtils.java:logGet(46)) - raft.server.log.appender.wait-time.min = 10ms (default)
2023-01-10 01:14:03,198 [498755a8-f2f1-47a5-bb38-b65b10b21bcc@group-79979D135BFE-LeaderElection37] INFO  impl.RoleInfo (RoleInfo.java:updateAndGet(139)) - 498755a8-f2f1-47a5-bb38-b65b10b21bcc: start 498755a8-f2f1-47a5-bb38-b65b10b21bcc@group-79979D135BFE-LeaderStateImpl
2023-01-10 01:14:03,198 [grpc-default-executor-4] INFO  server.RaftServer$Division (RaftServerImpl.java:requestVote(1251)) - 755113df-b2d2-4f4d-a016-da6f7eba54ac@group-79979D135BFE replies to ELECTION vote request: 498755a8-f2f1-47a5-bb38-b65b10b21bcc<-755113df-b2d2-4f4d-a016-da6f7eba54ac#0:OK-t4. Peer's state: 755113df-b2d2-4f4d-a016-da6f7eba54ac@group-79979D135BFE:t4, leader=null, voted=498755a8-f2f1-47a5-bb38-b65b10b21bcc, raftlog=Memoized:755113df-b2d2-4f4d-a016-da6f7eba54ac@group-79979D135BFE-SegmentedRaftLog:OPENED:c-1, conf=-1: peers:[755113df-b2d2-4f4d-a016-da6f7eba54ac|rpc:10.1.0.24:40991|dataStream:10.1.0.24:38909|priority:0|startupRole:FOLLOWER, 498755a8-f2f1-47a5-bb38-b65b10b21bcc|rpc:10.1.0.24:40949|dataStream:10.1.0.24:39249|priority:1|startupRole:FOLLOWER, afa38d33-fc19-42e5-bc19-641228a4898b|rpc:10.1.0.24:37195|dataStream:10.1.0.24:33715|priority:0|startupRole:FOLLOWER]|listeners:[], old=null
2023-01-10 01:14:03,208 [755113df-b2d2-4f4d-a016-da6f7eba54ac@group-79979D135BFE-FollowerState] INFO  server.RaftServerConfigKeys (ConfUtils.java:logFallback(53)) - raft.server.rpc.first-election.timeout.min = 5s (fallback to raft.server.rpc.timeout.min)
2023-01-10 01:14:03,208 [755113df-b2d2-4f4d-a016-da6f7eba54ac@group-79979D135BFE-FollowerState] INFO  server.RaftServerConfigKeys (ConfUtils.java:logFallback(53)) - raft.server.rpc.first-election.timeout.max = 5200ms (fallback to raft.server.rpc.timeout.max)
2023-01-10 01:14:03,208 [498755a8-f2f1-47a5-bb38-b65b10b21bcc@group-79979D135BFE-LeaderElection37] INFO  segmented.SegmentedRaftLogWorker (SegmentedRaftLogWorker.java:startLogSegment(452)) - 498755a8-f2f1-47a5-bb38-b65b10b21bcc@group-79979D135BFE-SegmentedRaftLogWorker: Starting segment from index:0
2023-01-10 01:14:03,209 [498755a8-f2f1-47a5-bb38-b65b10b21bcc@group-79979D135BFE-SegmentedRaftLogWorker] INFO  segmented.SegmentedRaftLogWorker (SegmentedRaftLogWorker.java:execute(656)) - 498755a8-f2f1-47a5-bb38-b65b10b21bcc@group-79979D135BFE-SegmentedRaftLogWorker: created new log segment /home/runner/work/ozone/ozone/hadoop-ozone/integration-test/target/test-dir/MiniOzoneClusterImpl-62525788-12f1-42f6-8834-316215afea77/datanode-4/data/ratis/806defe6-91a0-4966-ac34-79979d135bfe/current/log_inprogress_0
2023-01-10 01:14:03,211 [498755a8-f2f1-47a5-bb38-b65b10b21bcc@group-79979D135BFE-LeaderElection37] INFO  server.RaftServer$Division (ServerState.java:setRaftConf(430)) - 498755a8-f2f1-47a5-bb38-b65b10b21bcc@group-79979D135BFE: set configuration 0: peers:[755113df-b2d2-4f4d-a016-da6f7eba54ac|rpc:10.1.0.24:40991|dataStream:10.1.0.24:38909|priority:0|startupRole:FOLLOWER, 498755a8-f2f1-47a5-bb38-b65b10b21bcc|rpc:10.1.0.24:40949|dataStream:10.1.0.24:39249|priority:1|startupRole:FOLLOWER, afa38d33-fc19-42e5-bc19-641228a4898b|rpc:10.1.0.24:37195|dataStream:10.1.0.24:33715|priority:0|startupRole:FOLLOWER]|listeners:[], old=null
2023-01-10 01:14:03,214 [EventQueue-PipelineReportForPipelineReportHandler] INFO  pipeline.PipelineManagerImpl (PipelineManagerImpl.java:openPipeline(367)) - Pipeline Pipeline[ Id: 806defe6-91a0-4966-ac34-79979d135bfe, Nodes: 755113df-b2d2-4f4d-a016-da6f7eba54ac{ip: 10.1.0.24, host: fv-az353-623.tkyx2seitsuu3nmpmouz2httfb.bx.internal.cloudapp.net, ports: [REPLICATION=32821, RATIS=40991, RATIS_ADMIN=40991, RATIS_SERVER=40991, RATIS_DATASTREAM=38909, STANDALONE=42111], networkLocation: /default-rack, certSerialId: null, persistedOpState: IN_SERVICE, persistedOpStateExpiryEpochSec: 0}498755a8-f2f1-47a5-bb38-b65b10b21bcc{ip: 10.1.0.24, host: fv-az353-623.tkyx2seitsuu3nmpmouz2httfb.bx.internal.cloudapp.net, ports: [REPLICATION=40813, RATIS=40949, RATIS_ADMIN=40949, RATIS_SERVER=40949, RATIS_DATASTREAM=39249, STANDALONE=39559], networkLocation: /default-rack, certSerialId: null, persistedOpState: IN_SERVICE, persistedOpStateExpiryEpochSec: 0}afa38d33-fc19-42e5-bc19-641228a4898b{ip: 10.1.0.24, host: fv-az353-623.tkyx2seitsuu3nmpmouz2httfb.bx.internal.cloudapp.net, ports: [REPLICATION=46271, RATIS=37195, RATIS_ADMIN=37195, RATIS_SERVER=37195, RATIS_DATASTREAM=33715, STANDALONE=38283], networkLocation: /default-rack, certSerialId: null, persistedOpState: IN_SERVICE, persistedOpStateExpiryEpochSec: 0}, ReplicationConfig: RATIS/THREE, State:ALLOCATED, leaderId:498755a8-f2f1-47a5-bb38-b65b10b21bcc, CreationTimestamp2023-01-10T01:13:40.536Z[Etc/UTC]] moved to OPEN state
2023-01-10 01:14:03,220 [755113df-b2d2-4f4d-a016-da6f7eba54ac-server-thread1] INFO  ratis.XceiverServerRatis (XceiverServerRatis.java:handleLeaderChangedNotification(904)) - Leader change notification received for group: group-79979D135BFE with new leaderId: 498755a8-f2f1-47a5-bb38-b65b10b21bcc
2023-01-10 01:14:03,220 [755113df-b2d2-4f4d-a016-da6f7eba54ac-server-thread1] INFO  server.RaftServer$Division (ServerState.java:setLeader(313)) - 755113df-b2d2-4f4d-a016-da6f7eba54ac@group-79979D135BFE: change Leader from null to 498755a8-f2f1-47a5-bb38-b65b10b21bcc at term 4 for appendEntries, leader elected after 20281ms
2023-01-10 01:14:03,225 [755113df-b2d2-4f4d-a016-da6f7eba54ac-server-thread2] INFO  server.RaftServer$Division (ServerState.java:setRaftConf(430)) - 755113df-b2d2-4f4d-a016-da6f7eba54ac@group-79979D135BFE: set configuration 0: peers:[755113df-b2d2-4f4d-a016-da6f7eba54ac|rpc:10.1.0.24:40991|dataStream:10.1.0.24:38909|priority:0|startupRole:FOLLOWER, 498755a8-f2f1-47a5-bb38-b65b10b21bcc|rpc:10.1.0.24:40949|dataStream:10.1.0.24:39249|priority:1|startupRole:FOLLOWER, afa38d33-fc19-42e5-bc19-641228a4898b|rpc:10.1.0.24:37195|dataStream:10.1.0.24:33715|priority:0|startupRole:FOLLOWER]|listeners:[], old=null
2023-01-10 01:14:03,225 [755113df-b2d2-4f4d-a016-da6f7eba54ac-server-thread2] INFO  segmented.SegmentedRaftLogWorker (SegmentedRaftLogWorker.java:startLogSegment(452)) - 755113df-b2d2-4f4d-a016-da6f7eba54ac@group-79979D135BFE-SegmentedRaftLogWorker: Starting segment from index:0
2023-01-10 01:14:03,226 [afa38d33-fc19-42e5-bc19-641228a4898b-server-thread2] INFO  ratis.XceiverServerRatis (XceiverServerRatis.java:handleLeaderChangedNotification(904)) - Leader change notification received for group: group-79979D135BFE with new leaderId: 498755a8-f2f1-47a5-bb38-b65b10b21bcc
2023-01-10 01:14:03,226 [afa38d33-fc19-42e5-bc19-641228a4898b-server-thread2] INFO  server.RaftServer$Division (ServerState.java:setLeader(313)) - afa38d33-fc19-42e5-bc19-641228a4898b@group-79979D135BFE: change Leader from null to 498755a8-f2f1-47a5-bb38-b65b10b21bcc at term 4 for appendEntries, leader elected after 20314ms
2023-01-10 01:14:03,228 [755113df-b2d2-4f4d-a016-da6f7eba54ac@group-79979D135BFE-SegmentedRaftLogWorker] INFO  segmented.SegmentedRaftLogWorker (SegmentedRaftLogWorker.java:execute(656)) - 755113df-b2d2-4f4d-a016-da6f7eba54ac@group-79979D135BFE-SegmentedRaftLogWorker: created new log segment /home/runner/work/ozone/ozone/hadoop-ozone/integration-test/target/test-dir/MiniOzoneClusterImpl-62525788-12f1-42f6-8834-316215afea77/datanode-5/data/ratis/806defe6-91a0-4966-ac34-79979d135bfe/current/log_inprogress_0
2023-01-10 01:14:03,228 [afa38d33-fc19-42e5-bc19-641228a4898b-server-thread2] INFO  server.RaftServer$Division (ServerState.java:setRaftConf(430)) - afa38d33-fc19-42e5-bc19-641228a4898b@group-79979D135BFE: set configuration 0: peers:[755113df-b2d2-4f4d-a016-da6f7eba54ac|rpc:10.1.0.24:40991|dataStream:10.1.0.24:38909|priority:0|startupRole:FOLLOWER, 498755a8-f2f1-47a5-bb38-b65b10b21bcc|rpc:10.1.0.24:40949|dataStream:10.1.0.24:39249|priority:1|startupRole:FOLLOWER, afa38d33-fc19-42e5-bc19-641228a4898b|rpc:10.1.0.24:37195|dataStream:10.1.0.24:33715|priority:0|startupRole:FOLLOWER]|listeners:[], old=null
2023-01-10 01:14:03,228 [afa38d33-fc19-42e5-bc19-641228a4898b-server-thread2] INFO  segmented.SegmentedRaftLogWorker (SegmentedRaftLogWorker.java:startLogSegment(452)) - afa38d33-fc19-42e5-bc19-641228a4898b@group-79979D135BFE-SegmentedRaftLogWorker: Starting segment from index:0
2023-01-10 01:14:03,230 [afa38d33-fc19-42e5-bc19-641228a4898b@group-79979D135BFE-SegmentedRaftLogWorker] INFO  segmented.SegmentedRaftLogWorker (SegmentedRaftLogWorker.java:execute(656)) - afa38d33-fc19-42e5-bc19-641228a4898b@group-79979D135BFE-SegmentedRaftLogWorker: created new log segment /home/runner/work/ozone/ozone/hadoop-ozone/integration-test/target/test-dir/MiniOzoneClusterImpl-62525788-12f1-42f6-8834-316215afea77/datanode-3/data/ratis/806defe6-91a0-4966-ac34-79979d135bfe/current/log_inprogress_0
2023-01-10 01:14:03,897 [Over Replicated Processor] INFO  replication.UnhealthyReplicationProcessor (UnhealthyReplicationProcessor.java:processAll(103)) - Processed 0 containers with health state counts {},failed processing 0
2023-01-10 01:14:03,899 [Under Replicated Processor] INFO  replication.UnhealthyReplicationProcessor (UnhealthyReplicationProcessor.java:processAll(103)) - Processed 0 containers with health state counts {},failed processing 0
2023-01-10 01:14:07,466 [1c34faa2-bf15-4077-af79-1a4fd95d48c3@group-78BA0C5E921B-FollowerState] INFO  impl.FollowerState (FollowerState.java:run(143)) - 1c34faa2-bf15-4077-af79-1a4fd95d48c3@group-78BA0C5E921B-FollowerState: change to CANDIDATE, lastRpcElapsedTime:5039464296ns, electionTimeout:5039ms
2023-01-10 01:14:07,467 [1c34faa2-bf15-4077-af79-1a4fd95d48c3@group-78BA0C5E921B-FollowerState] INFO  impl.RoleInfo (RoleInfo.java:shutdownFollowerState(110)) - 1c34faa2-bf15-4077-af79-1a4fd95d48c3: shutdown 1c34faa2-bf15-4077-af79-1a4fd95d48c3@group-78BA0C5E921B-FollowerState
2023-01-10 01:14:07,467 [1c34faa2-bf15-4077-af79-1a4fd95d48c3@group-78BA0C5E921B-FollowerState] INFO  server.RaftServer$Division (RaftServerImpl.java:setRole(321)) - 1c34faa2-bf15-4077-af79-1a4fd95d48c3@group-78BA0C5E921B: changes role from  FOLLOWER to CANDIDATE at term 4 for changeToCandidate
2023-01-10 01:14:07,467 [1c34faa2-bf15-4077-af79-1a4fd95d48c3@group-78BA0C5E921B-FollowerState] INFO  server.RaftServerConfigKeys (ConfUtils.java:logGet(46)) - raft.server.leaderelection.pre-vote = false (custom)
2023-01-10 01:14:07,467 [1c34faa2-bf15-4077-af79-1a4fd95d48c3@group-78BA0C5E921B-FollowerState] INFO  impl.RoleInfo (RoleInfo.java:updateAndGet(139)) - 1c34faa2-bf15-4077-af79-1a4fd95d48c3: start 1c34faa2-bf15-4077-af79-1a4fd95d48c3@group-78BA0C5E921B-LeaderElection38
2023-01-10 01:14:07,469 [1c34faa2-bf15-4077-af79-1a4fd95d48c3@group-78BA0C5E921B-LeaderElection38] INFO  impl.LeaderElection (LeaderElection.java:askForVotes(312)) - 1c34faa2-bf15-4077-af79-1a4fd95d48c3@group-78BA0C5E921B-LeaderElection38 ELECTION round 0: submit vote requests at term 5 for -1: peers:[b1e0bc18-8da5-4e58-9fa5-a506b45b1540|rpc:10.1.0.24:41835|dataStream:10.1.0.24:40391|priority:0|startupRole:FOLLOWER, 35948080-5e22-45ca-b6f3-be7de45bebca|rpc:10.1.0.24:40989|dataStream:10.1.0.24:42993|priority:1|startupRole:FOLLOWER, 1c34faa2-bf15-4077-af79-1a4fd95d48c3|rpc:10.1.0.24:38223|dataStream:10.1.0.24:46641|priority:0|startupRole:FOLLOWER]|listeners:[], old=null
2023-01-10 01:14:07,469 [1c34faa2-bf15-4077-af79-1a4fd95d48c3@group-78BA0C5E921B-LeaderElection38] INFO  server.RaftServerConfigKeys (ConfUtils.java:logFallback(53)) - raft.server.rpc.first-election.timeout.min = 5s (fallback to raft.server.rpc.timeout.min)
2023-01-10 01:14:07,469 [1c34faa2-bf15-4077-af79-1a4fd95d48c3@group-78BA0C5E921B-LeaderElection38] INFO  server.RaftServerConfigKeys (ConfUtils.java:logFallback(53)) - raft.server.rpc.first-election.timeout.max = 5200ms (fallback to raft.server.rpc.timeout.max)
2023-01-10 01:14:07,471 [grpc-default-executor-5] INFO  server.RaftServer$Division (RaftServerImpl.java:requestVote(1218)) - 35948080-5e22-45ca-b6f3-be7de45bebca@group-78BA0C5E921B: receive requestVote(ELECTION, 1c34faa2-bf15-4077-af79-1a4fd95d48c3, group-78BA0C5E921B, 5, (t:0, i:0))
2023-01-10 01:14:07,471 [grpc-default-executor-5] INFO  impl.VoteContext (VoteContext.java:log(49)) - 35948080-5e22-45ca-b6f3-be7de45bebca@group-78BA0C5E921B-FOLLOWER: reject ELECTION from 1c34faa2-bf15-4077-af79-1a4fd95d48c3: our priority 1 > candidate's priority 0
2023-01-10 01:14:07,471 [grpc-default-executor-5] INFO  server.RaftServer$Division (RaftServerImpl.java:setRole(321)) - 35948080-5e22-45ca-b6f3-be7de45bebca@group-78BA0C5E921B: changes role from  FOLLOWER to FOLLOWER at term 5 for candidate:1c34faa2-bf15-4077-af79-1a4fd95d48c3
2023-01-10 01:14:07,471 [grpc-default-executor-5] INFO  impl.RoleInfo (RoleInfo.java:shutdownFollowerState(110)) - 35948080-5e22-45ca-b6f3-be7de45bebca: shutdown 35948080-5e22-45ca-b6f3-be7de45bebca@group-78BA0C5E921B-FollowerState
2023-01-10 01:14:07,471 [grpc-default-executor-5] INFO  impl.RoleInfo (RoleInfo.java:updateAndGet(139)) - 35948080-5e22-45ca-b6f3-be7de45bebca: start 35948080-5e22-45ca-b6f3-be7de45bebca@group-78BA0C5E921B-FollowerState
2023-01-10 01:14:07,472 [grpc-default-executor-1] INFO  server.RaftServer$Division (RaftServerImpl.java:requestVote(1218)) - b1e0bc18-8da5-4e58-9fa5-a506b45b1540@group-78BA0C5E921B: receive requestVote(ELECTION, 1c34faa2-bf15-4077-af79-1a4fd95d48c3, group-78BA0C5E921B, 5, (t:0, i:0))
2023-01-10 01:14:07,472 [grpc-default-executor-1] INFO  impl.VoteContext (VoteContext.java:log(49)) - b1e0bc18-8da5-4e58-9fa5-a506b45b1540@group-78BA0C5E921B-FOLLOWER: accept ELECTION from 1c34faa2-bf15-4077-af79-1a4fd95d48c3: our priority 0 <= candidate's priority 0
2023-01-10 01:14:07,472 [grpc-default-executor-1] INFO  server.RaftServer$Division (RaftServerImpl.java:setRole(321)) - b1e0bc18-8da5-4e58-9fa5-a506b45b1540@group-78BA0C5E921B: changes role from  FOLLOWER to FOLLOWER at term 5 for candidate:1c34faa2-bf15-4077-af79-1a4fd95d48c3
2023-01-10 01:14:07,472 [grpc-default-executor-1] INFO  impl.RoleInfo (RoleInfo.java:shutdownFollowerState(110)) - b1e0bc18-8da5-4e58-9fa5-a506b45b1540: shutdown b1e0bc18-8da5-4e58-9fa5-a506b45b1540@group-78BA0C5E921B-FollowerState
2023-01-10 01:14:07,472 [35948080-5e22-45ca-b6f3-be7de45bebca@group-78BA0C5E921B-FollowerState] INFO  impl.FollowerState (FollowerState.java:run(152)) - 35948080-5e22-45ca-b6f3-be7de45bebca@group-78BA0C5E921B-FollowerState was interrupted
2023-01-10 01:14:07,472 [b1e0bc18-8da5-4e58-9fa5-a506b45b1540@group-78BA0C5E921B-FollowerState] INFO  impl.FollowerState (FollowerState.java:run(152)) - b1e0bc18-8da5-4e58-9fa5-a506b45b1540@group-78BA0C5E921B-FollowerState was interrupted
2023-01-10 01:14:07,472 [grpc-default-executor-1] INFO  impl.RoleInfo (RoleInfo.java:updateAndGet(139)) - b1e0bc18-8da5-4e58-9fa5-a506b45b1540: start b1e0bc18-8da5-4e58-9fa5-a506b45b1540@group-78BA0C5E921B-FollowerState
2023-01-10 01:14:07,473 [b1e0bc18-8da5-4e58-9fa5-a506b45b1540@group-78BA0C5E921B-FollowerState] INFO  server.RaftServerConfigKeys (ConfUtils.java:logFallback(53)) - raft.server.rpc.first-election.timeout.min = 5s (fallback to raft.server.rpc.timeout.min)
2023-01-10 01:14:07,473 [b1e0bc18-8da5-4e58-9fa5-a506b45b1540@group-78BA0C5E921B-FollowerState] INFO  server.RaftServerConfigKeys (ConfUtils.java:logFallback(53)) - raft.server.rpc.first-election.timeout.max = 5200ms (fallback to raft.server.rpc.timeout.max)
2023-01-10 01:14:07,473 [grpc-default-executor-5] INFO  server.RaftServer$Division (RaftServerImpl.java:requestVote(1251)) - 35948080-5e22-45ca-b6f3-be7de45bebca@group-78BA0C5E921B replies to ELECTION vote request: 1c34faa2-bf15-4077-af79-1a4fd95d48c3<-35948080-5e22-45ca-b6f3-be7de45bebca#0:FAIL-t5. Peer's state: 35948080-5e22-45ca-b6f3-be7de45bebca@group-78BA0C5E921B:t5, leader=null, voted=null, raftlog=Memoized:35948080-5e22-45ca-b6f3-be7de45bebca@group-78BA0C5E921B-SegmentedRaftLog:OPENED:c-1, conf=-1: peers:[b1e0bc18-8da5-4e58-9fa5-a506b45b1540|rpc:10.1.0.24:41835|dataStream:10.1.0.24:40391|priority:0|startupRole:FOLLOWER, 35948080-5e22-45ca-b6f3-be7de45bebca|rpc:10.1.0.24:40989|dataStream:10.1.0.24:42993|priority:1|startupRole:FOLLOWER, 1c34faa2-bf15-4077-af79-1a4fd95d48c3|rpc:10.1.0.24:38223|dataStream:10.1.0.24:46641|priority:0|startupRole:FOLLOWER]|listeners:[], old=null
2023-01-10 01:14:07,474 [1c34faa2-bf15-4077-af79-1a4fd95d48c3@group-78BA0C5E921B-LeaderElection38] INFO  impl.LeaderElection (LeaderElection.java:logAndReturn(90)) - 1c34faa2-bf15-4077-af79-1a4fd95d48c3@group-78BA0C5E921B-LeaderElection38: ELECTION REJECTED received 1 response(s) and 0 exception(s):
2023-01-10 01:14:07,474 [1c34faa2-bf15-4077-af79-1a4fd95d48c3@group-78BA0C5E921B-LeaderElection38] INFO  impl.LeaderElection (LeaderElection.java:logAndReturn(94)) -   Response 0: 1c34faa2-bf15-4077-af79-1a4fd95d48c3<-35948080-5e22-45ca-b6f3-be7de45bebca#0:FAIL-t5
2023-01-10 01:14:07,474 [1c34faa2-bf15-4077-af79-1a4fd95d48c3@group-78BA0C5E921B-LeaderElection38] INFO  impl.LeaderElection (LeaderElection.java:askForVotes(314)) - 1c34faa2-bf15-4077-af79-1a4fd95d48c3@group-78BA0C5E921B-LeaderElection38 ELECTION round 0: result REJECTED
2023-01-10 01:14:07,474 [1c34faa2-bf15-4077-af79-1a4fd95d48c3@group-78BA0C5E921B-LeaderElection38] INFO  server.RaftServer$Division (RaftServerImpl.java:setRole(321)) - 1c34faa2-bf15-4077-af79-1a4fd95d48c3@group-78BA0C5E921B: changes role from CANDIDATE to FOLLOWER at term 5 for REJECTED
2023-01-10 01:14:07,474 [1c34faa2-bf15-4077-af79-1a4fd95d48c3@group-78BA0C5E921B-LeaderElection38] INFO  impl.RoleInfo (RoleInfo.java:shutdownLeaderElection(130)) - 1c34faa2-bf15-4077-af79-1a4fd95d48c3: shutdown 1c34faa2-bf15-4077-af79-1a4fd95d48c3@group-78BA0C5E921B-LeaderElection38
2023-01-10 01:14:07,474 [1c34faa2-bf15-4077-af79-1a4fd95d48c3@group-78BA0C5E921B-LeaderElection38] INFO  impl.RoleInfo (RoleInfo.java:updateAndGet(139)) - 1c34faa2-bf15-4077-af79-1a4fd95d48c3: start 1c34faa2-bf15-4077-af79-1a4fd95d48c3@group-78BA0C5E921B-FollowerState
2023-01-10 01:14:07,474 [35948080-5e22-45ca-b6f3-be7de45bebca@group-78BA0C5E921B-FollowerState] INFO  server.RaftServerConfigKeys (ConfUtils.java:logFallback(53)) - raft.server.rpc.first-election.timeout.min = 5s (fallback to raft.server.rpc.timeout.min)
2023-01-10 01:14:07,474 [35948080-5e22-45ca-b6f3-be7de45bebca@group-78BA0C5E921B-FollowerState] INFO  server.RaftServerConfigKeys (ConfUtils.java:logFallback(53)) - raft.server.rpc.first-election.timeout.max = 5200ms (fallback to raft.server.rpc.timeout.max)
2023-01-10 01:14:07,474 [1c34faa2-bf15-4077-af79-1a4fd95d48c3@group-78BA0C5E921B-FollowerState] INFO  server.RaftServerConfigKeys (ConfUtils.java:logFallback(53)) - raft.server.rpc.first-election.timeout.min = 5s (fallback to raft.server.rpc.timeout.min)
2023-01-10 01:14:07,474 [1c34faa2-bf15-4077-af79-1a4fd95d48c3@group-78BA0C5E921B-FollowerState] INFO  server.RaftServerConfigKeys (ConfUtils.java:logFallback(53)) - raft.server.rpc.first-election.timeout.max = 5200ms (fallback to raft.server.rpc.timeout.max)
2023-01-10 01:14:07,475 [grpc-default-executor-1] INFO  server.RaftServer$Division (RaftServerImpl.java:requestVote(1251)) - b1e0bc18-8da5-4e58-9fa5-a506b45b1540@group-78BA0C5E921B replies to ELECTION vote request: 1c34faa2-bf15-4077-af79-1a4fd95d48c3<-b1e0bc18-8da5-4e58-9fa5-a506b45b1540#0:OK-t5. Peer's state: b1e0bc18-8da5-4e58-9fa5-a506b45b1540@group-78BA0C5E921B:t5, leader=null, voted=1c34faa2-bf15-4077-af79-1a4fd95d48c3, raftlog=Memoized:b1e0bc18-8da5-4e58-9fa5-a506b45b1540@group-78BA0C5E921B-SegmentedRaftLog:OPENED:c-1, conf=-1: peers:[b1e0bc18-8da5-4e58-9fa5-a506b45b1540|rpc:10.1.0.24:41835|dataStream:10.1.0.24:40391|priority:0|startupRole:FOLLOWER, 35948080-5e22-45ca-b6f3-be7de45bebca|rpc:10.1.0.24:40989|dataStream:10.1.0.24:42993|priority:1|startupRole:FOLLOWER, 1c34faa2-bf15-4077-af79-1a4fd95d48c3|rpc:10.1.0.24:38223|dataStream:10.1.0.24:46641|priority:0|startupRole:FOLLOWER]|listeners:[], old=null
2023-01-10 01:14:12,535 [b1e0bc18-8da5-4e58-9fa5-a506b45b1540@group-78BA0C5E921B-FollowerState] INFO  server.RaftServerConfigKeys (ConfUtils.java:logFallback(53)) - raft.server.rpc.first-election.timeout.min = 5s (fallback to raft.server.rpc.timeout.min)
2023-01-10 01:14:12,535 [b1e0bc18-8da5-4e58-9fa5-a506b45b1540@group-78BA0C5E921B-FollowerState] INFO  server.RaftServerConfigKeys (ConfUtils.java:logFallback(53)) - raft.server.rpc.first-election.timeout.max = 5200ms (fallback to raft.server.rpc.timeout.max)
2023-01-10 01:14:12,654 [35948080-5e22-45ca-b6f3-be7de45bebca@group-78BA0C5E921B-FollowerState] INFO  impl.FollowerState (FollowerState.java:run(143)) - 35948080-5e22-45ca-b6f3-be7de45bebca@group-78BA0C5E921B-FollowerState: change to CANDIDATE, lastRpcElapsedTime:5182918056ns, electionTimeout:5180ms
2023-01-10 01:14:12,654 [35948080-5e22-45ca-b6f3-be7de45bebca@group-78BA0C5E921B-FollowerState] INFO  impl.RoleInfo (RoleInfo.java:shutdownFollowerState(110)) - 35948080-5e22-45ca-b6f3-be7de45bebca: shutdown 35948080-5e22-45ca-b6f3-be7de45bebca@group-78BA0C5E921B-FollowerState
2023-01-10 01:14:12,655 [35948080-5e22-45ca-b6f3-be7de45bebca@group-78BA0C5E921B-FollowerState] INFO  server.RaftServer$Division (RaftServerImpl.java:setRole(321)) - 35948080-5e22-45ca-b6f3-be7de45bebca@group-78BA0C5E921B: changes role from  FOLLOWER to CANDIDATE at term 5 for changeToCandidate
2023-01-10 01:14:12,655 [35948080-5e22-45ca-b6f3-be7de45bebca@group-78BA0C5E921B-FollowerState] INFO  server.RaftServerConfigKeys (ConfUtils.java:logGet(46)) - raft.server.leaderelection.pre-vote = false (custom)
2023-01-10 01:14:12,655 [35948080-5e22-45ca-b6f3-be7de45bebca@group-78BA0C5E921B-FollowerState] INFO  impl.RoleInfo (RoleInfo.java:updateAndGet(139)) - 35948080-5e22-45ca-b6f3-be7de45bebca: start 35948080-5e22-45ca-b6f3-be7de45bebca@group-78BA0C5E921B-LeaderElection39
2023-01-10 01:14:12,659 [35948080-5e22-45ca-b6f3-be7de45bebca@group-78BA0C5E921B-LeaderElection39] INFO  impl.LeaderElection (LeaderElection.java:askForVotes(312)) - 35948080-5e22-45ca-b6f3-be7de45bebca@group-78BA0C5E921B-LeaderElection39 ELECTION round 0: submit vote requests at term 6 for -1: peers:[b1e0bc18-8da5-4e58-9fa5-a506b45b1540|rpc:10.1.0.24:41835|dataStream:10.1.0.24:40391|priority:0|startupRole:FOLLOWER, 35948080-5e22-45ca-b6f3-be7de45bebca|rpc:10.1.0.24:40989|dataStream:10.1.0.24:42993|priority:1|startupRole:FOLLOWER, 1c34faa2-bf15-4077-af79-1a4fd95d48c3|rpc:10.1.0.24:38223|dataStream:10.1.0.24:46641|priority:0|startupRole:FOLLOWER]|listeners:[], old=null
2023-01-10 01:14:12,660 [35948080-5e22-45ca-b6f3-be7de45bebca@group-78BA0C5E921B-LeaderElection39] INFO  server.RaftServerConfigKeys (ConfUtils.java:logFallback(53)) - raft.server.rpc.first-election.timeout.min = 5s (fallback to raft.server.rpc.timeout.min)
2023-01-10 01:14:12,660 [35948080-5e22-45ca-b6f3-be7de45bebca@group-78BA0C5E921B-LeaderElection39-1] INFO  server.GrpcServerProtocolClient (GrpcServerProtocolClient.java:<init>(63)) - Build channel for b1e0bc18-8da5-4e58-9fa5-a506b45b1540
2023-01-10 01:14:12,660 [35948080-5e22-45ca-b6f3-be7de45bebca@group-78BA0C5E921B-LeaderElection39] INFO  server.RaftServerConfigKeys (ConfUtils.java:logFallback(53)) - raft.server.rpc.first-election.timeout.max = 5200ms (fallback to raft.server.rpc.timeout.max)
2023-01-10 01:14:12,660 [35948080-5e22-45ca-b6f3-be7de45bebca@group-78BA0C5E921B-LeaderElection39-2] INFO  server.GrpcServerProtocolClient (GrpcServerProtocolClient.java:<init>(63)) - Build channel for 1c34faa2-bf15-4077-af79-1a4fd95d48c3
2023-01-10 01:14:12,671 [1c34faa2-bf15-4077-af79-1a4fd95d48c3@group-78BA0C5E921B-FollowerState] INFO  impl.FollowerState (FollowerState.java:run(143)) - 1c34faa2-bf15-4077-af79-1a4fd95d48c3@group-78BA0C5E921B-FollowerState: change to CANDIDATE, lastRpcElapsedTime:5197171643ns, electionTimeout:5191ms
2023-01-10 01:14:12,671 [1c34faa2-bf15-4077-af79-1a4fd95d48c3@group-78BA0C5E921B-FollowerState] INFO  impl.RoleInfo (RoleInfo.java:shutdownFollowerState(110)) - 1c34faa2-bf15-4077-af79-1a4fd95d48c3: shutdown 1c34faa2-bf15-4077-af79-1a4fd95d48c3@group-78BA0C5E921B-FollowerState
2023-01-10 01:14:12,671 [1c34faa2-bf15-4077-af79-1a4fd95d48c3@group-78BA0C5E921B-FollowerState] INFO  server.RaftServer$Division (RaftServerImpl.java:setRole(321)) - 1c34faa2-bf15-4077-af79-1a4fd95d48c3@group-78BA0C5E921B: changes role from  FOLLOWER to CANDIDATE at term 5 for changeToCandidate
2023-01-10 01:14:12,671 [1c34faa2-bf15-4077-af79-1a4fd95d48c3@group-78BA0C5E921B-FollowerState] INFO  server.RaftServerConfigKeys (ConfUtils.java:logGet(46)) - raft.server.leaderelection.pre-vote = false (custom)
2023-01-10 01:14:12,671 [1c34faa2-bf15-4077-af79-1a4fd95d48c3@group-78BA0C5E921B-FollowerState] INFO  impl.RoleInfo (RoleInfo.java:updateAndGet(139)) - 1c34faa2-bf15-4077-af79-1a4fd95d48c3: start 1c34faa2-bf15-4077-af79-1a4fd95d48c3@group-78BA0C5E921B-LeaderElection40
2023-01-10 01:14:12,673 [grpc-default-executor-1] INFO  server.RaftServer$Division (RaftServerImpl.java:requestVote(1218)) - b1e0bc18-8da5-4e58-9fa5-a506b45b1540@group-78BA0C5E921B: receive requestVote(ELECTION, 35948080-5e22-45ca-b6f3-be7de45bebca, group-78BA0C5E921B, 6, (t:0, i:0))
2023-01-10 01:14:12,673 [grpc-default-executor-1] INFO  impl.VoteContext (VoteContext.java:log(49)) - b1e0bc18-8da5-4e58-9fa5-a506b45b1540@group-78BA0C5E921B-FOLLOWER: accept ELECTION from 35948080-5e22-45ca-b6f3-be7de45bebca: our priority 0 <= candidate's priority 1
2023-01-10 01:14:12,673 [grpc-default-executor-1] INFO  server.RaftServer$Division (RaftServerImpl.java:setRole(321)) - b1e0bc18-8da5-4e58-9fa5-a506b45b1540@group-78BA0C5E921B: changes role from  FOLLOWER to FOLLOWER at term 6 for candidate:35948080-5e22-45ca-b6f3-be7de45bebca
2023-01-10 01:14:12,673 [grpc-default-executor-1] INFO  impl.RoleInfo (RoleInfo.java:shutdownFollowerState(110)) - b1e0bc18-8da5-4e58-9fa5-a506b45b1540: shutdown b1e0bc18-8da5-4e58-9fa5-a506b45b1540@group-78BA0C5E921B-FollowerState
2023-01-10 01:14:12,673 [grpc-default-executor-1] INFO  impl.RoleInfo (RoleInfo.java:updateAndGet(139)) - b1e0bc18-8da5-4e58-9fa5-a506b45b1540: start b1e0bc18-8da5-4e58-9fa5-a506b45b1540@group-78BA0C5E921B-FollowerState
2023-01-10 01:14:12,673 [b1e0bc18-8da5-4e58-9fa5-a506b45b1540@group-78BA0C5E921B-FollowerState] INFO  impl.FollowerState (FollowerState.java:run(152)) - b1e0bc18-8da5-4e58-9fa5-a506b45b1540@group-78BA0C5E921B-FollowerState was interrupted
2023-01-10 01:14:12,674 [b1e0bc18-8da5-4e58-9fa5-a506b45b1540@group-78BA0C5E921B-FollowerState] INFO  server.RaftServerConfigKeys (ConfUtils.java:logFallback(53)) - raft.server.rpc.first-election.timeout.min = 5s (fallback to raft.server.rpc.timeout.min)
2023-01-10 01:14:12,674 [b1e0bc18-8da5-4e58-9fa5-a506b45b1540@group-78BA0C5E921B-FollowerState] INFO  server.RaftServerConfigKeys (ConfUtils.java:logFallback(53)) - raft.server.rpc.first-election.timeout.max = 5200ms (fallback to raft.server.rpc.timeout.max)
2023-01-10 01:14:12,675 [grpc-default-executor-5] INFO  server.RaftServer$Division (RaftServerImpl.java:requestVote(1218)) - 1c34faa2-bf15-4077-af79-1a4fd95d48c3@group-78BA0C5E921B: receive requestVote(ELECTION, 35948080-5e22-45ca-b6f3-be7de45bebca, group-78BA0C5E921B, 6, (t:0, i:0))
2023-01-10 01:14:12,675 [1c34faa2-bf15-4077-af79-1a4fd95d48c3@group-78BA0C5E921B-LeaderElection40] INFO  impl.LeaderElection (LeaderElection.java:askForVotes(312)) - 1c34faa2-bf15-4077-af79-1a4fd95d48c3@group-78BA0C5E921B-LeaderElection40 ELECTION round 0: submit vote requests at term 6 for -1: peers:[b1e0bc18-8da5-4e58-9fa5-a506b45b1540|rpc:10.1.0.24:41835|dataStream:10.1.0.24:40391|priority:0|startupRole:FOLLOWER, 35948080-5e22-45ca-b6f3-be7de45bebca|rpc:10.1.0.24:40989|dataStream:10.1.0.24:42993|priority:1|startupRole:FOLLOWER, 1c34faa2-bf15-4077-af79-1a4fd95d48c3|rpc:10.1.0.24:38223|dataStream:10.1.0.24:46641|priority:0|startupRole:FOLLOWER]|listeners:[], old=null
2023-01-10 01:14:12,675 [grpc-default-executor-1] INFO  server.RaftServer$Division (RaftServerImpl.java:requestVote(1251)) - b1e0bc18-8da5-4e58-9fa5-a506b45b1540@group-78BA0C5E921B replies to ELECTION vote request: 35948080-5e22-45ca-b6f3-be7de45bebca<-b1e0bc18-8da5-4e58-9fa5-a506b45b1540#0:OK-t6. Peer's state: b1e0bc18-8da5-4e58-9fa5-a506b45b1540@group-78BA0C5E921B:t6, leader=null, voted=35948080-5e22-45ca-b6f3-be7de45bebca, raftlog=Memoized:b1e0bc18-8da5-4e58-9fa5-a506b45b1540@group-78BA0C5E921B-SegmentedRaftLog:OPENED:c-1, conf=-1: peers:[b1e0bc18-8da5-4e58-9fa5-a506b45b1540|rpc:10.1.0.24:41835|dataStream:10.1.0.24:40391|priority:0|startupRole:FOLLOWER, 35948080-5e22-45ca-b6f3-be7de45bebca|rpc:10.1.0.24:40989|dataStream:10.1.0.24:42993|priority:1|startupRole:FOLLOWER, 1c34faa2-bf15-4077-af79-1a4fd95d48c3|rpc:10.1.0.24:38223|dataStream:10.1.0.24:46641|priority:0|startupRole:FOLLOWER]|listeners:[], old=null
2023-01-10 01:14:12,675 [grpc-default-executor-5] INFO  impl.VoteContext (VoteContext.java:log(49)) - 1c34faa2-bf15-4077-af79-1a4fd95d48c3@group-78BA0C5E921B-CANDIDATE: reject ELECTION from 35948080-5e22-45ca-b6f3-be7de45bebca: already has voted for 1c34faa2-bf15-4077-af79-1a4fd95d48c3 at current term 6
2023-01-10 01:14:12,675 [grpc-default-executor-5] INFO  server.RaftServer$Division (RaftServerImpl.java:requestVote(1251)) - 1c34faa2-bf15-4077-af79-1a4fd95d48c3@group-78BA0C5E921B replies to ELECTION vote request: 35948080-5e22-45ca-b6f3-be7de45bebca<-1c34faa2-bf15-4077-af79-1a4fd95d48c3#0:FAIL-t6. Peer's state: 1c34faa2-bf15-4077-af79-1a4fd95d48c3@group-78BA0C5E921B:t6, leader=null, voted=1c34faa2-bf15-4077-af79-1a4fd95d48c3, raftlog=Memoized:1c34faa2-bf15-4077-af79-1a4fd95d48c3@group-78BA0C5E921B-SegmentedRaftLog:OPENED:c-1, conf=-1: peers:[b1e0bc18-8da5-4e58-9fa5-a506b45b1540|rpc:10.1.0.24:41835|dataStream:10.1.0.24:40391|priority:0|startupRole:FOLLOWER, 35948080-5e22-45ca-b6f3-be7de45bebca|rpc:10.1.0.24:40989|dataStream:10.1.0.24:42993|priority:1|startupRole:FOLLOWER, 1c34faa2-bf15-4077-af79-1a4fd95d48c3|rpc:10.1.0.24:38223|dataStream:10.1.0.24:46641|priority:0|startupRole:FOLLOWER]|listeners:[], old=null
2023-01-10 01:14:12,678 [35948080-5e22-45ca-b6f3-be7de45bebca@group-78BA0C5E921B-LeaderElection39] INFO  impl.LeaderElection (LeaderElection.java:logAndReturn(90)) - 35948080-5e22-45ca-b6f3-be7de45bebca@group-78BA0C5E921B-LeaderElection39: ELECTION PASSED received 1 response(s) and 0 exception(s):
2023-01-10 01:14:12,678 [35948080-5e22-45ca-b6f3-be7de45bebca@group-78BA0C5E921B-LeaderElection39] INFO  impl.LeaderElection (LeaderElection.java:logAndReturn(94)) -   Response 0: 35948080-5e22-45ca-b6f3-be7de45bebca<-b1e0bc18-8da5-4e58-9fa5-a506b45b1540#0:OK-t6
2023-01-10 01:14:12,678 [35948080-5e22-45ca-b6f3-be7de45bebca@group-78BA0C5E921B-LeaderElection39] INFO  impl.LeaderElection (LeaderElection.java:askForVotes(314)) - 35948080-5e22-45ca-b6f3-be7de45bebca@group-78BA0C5E921B-LeaderElection39 ELECTION round 0: result PASSED
2023-01-10 01:14:12,678 [35948080-5e22-45ca-b6f3-be7de45bebca@group-78BA0C5E921B-LeaderElection39] INFO  impl.RoleInfo (RoleInfo.java:shutdownLeaderElection(130)) - 35948080-5e22-45ca-b6f3-be7de45bebca: shutdown 35948080-5e22-45ca-b6f3-be7de45bebca@group-78BA0C5E921B-LeaderElection39
2023-01-10 01:14:12,679 [35948080-5e22-45ca-b6f3-be7de45bebca@group-78BA0C5E921B-LeaderElection39] INFO  server.RaftServer$Division (RaftServerImpl.java:setRole(321)) - 35948080-5e22-45ca-b6f3-be7de45bebca@group-78BA0C5E921B: changes role from CANDIDATE to LEADER at term 6 for changeToLeader
2023-01-10 01:14:12,679 [35948080-5e22-45ca-b6f3-be7de45bebca@group-78BA0C5E921B-LeaderElection39] INFO  ratis.XceiverServerRatis (XceiverServerRatis.java:handleLeaderChangedNotification(904)) - Leader change notification received for group: group-78BA0C5E921B with new leaderId: 35948080-5e22-45ca-b6f3-be7de45bebca
2023-01-10 01:14:12,679 [35948080-5e22-45ca-b6f3-be7de45bebca@group-78BA0C5E921B-LeaderElection39] INFO  server.RaftServer$Division (ServerState.java:setLeader(313)) - 35948080-5e22-45ca-b6f3-be7de45bebca@group-78BA0C5E921B: change Leader from null to 35948080-5e22-45ca-b6f3-be7de45bebca at term 6 for becomeLeader, leader elected after 30690ms
2023-01-10 01:14:12,679 [35948080-5e22-45ca-b6f3-be7de45bebca@group-78BA0C5E921B-LeaderElection39] INFO  server.RaftServerConfigKeys (ConfUtils.java:logGet(46)) - raft.server.staging.catchup.gap = 1000 (default)
2023-01-10 01:14:12,679 [35948080-5e22-45ca-b6f3-be7de45bebca@group-78BA0C5E921B-LeaderElection39] INFO  server.RaftServerConfigKeys (ConfUtils.java:logGet(46)) - raft.server.write.element-limit = 1024 (custom)
2023-01-10 01:14:12,679 [35948080-5e22-45ca-b6f3-be7de45bebca@group-78BA0C5E921B-LeaderElection39] INFO  server.RaftServerConfigKeys (ConfUtils.java:logGet(46)) - raft.server.write.byte-limit = 1024 M (=1073741824) (custom)
2023-01-10 01:14:12,679 [35948080-5e22-45ca-b6f3-be7de45bebca@group-78BA0C5E921B-LeaderElection39] INFO  server.RaftServerConfigKeys (ConfUtils.java:logGet(46)) - raft.server.watch.timeout = 180s (custom)
2023-01-10 01:14:12,679 [35948080-5e22-45ca-b6f3-be7de45bebca@group-78BA0C5E921B-LeaderElection39] INFO  server.RaftServerConfigKeys (ConfUtils.java:logGet(46)) - raft.server.watch.timeout.denomination = 1s (default)
2023-01-10 01:14:12,679 [35948080-5e22-45ca-b6f3-be7de45bebca@group-78BA0C5E921B-LeaderElection39] INFO  server.RaftServerConfigKeys (ConfUtils.java:logGet(46)) - raft.server.watch.element-limit = 65536 (default)
2023-01-10 01:14:12,679 [35948080-5e22-45ca-b6f3-be7de45bebca@group-78BA0C5E921B-LeaderElection39] INFO  server.RaftServerConfigKeys (ConfUtils.java:logGet(46)) - raft.server.write.element-limit = 1024 (custom)
2023-01-10 01:14:12,679 [35948080-5e22-45ca-b6f3-be7de45bebca@group-78BA0C5E921B-LeaderElection39] INFO  server.RaftServerConfigKeys (ConfUtils.java:logGet(46)) - raft.server.write.follower.gap.ratio.max = -1.0 (default)
2023-01-10 01:14:12,680 [35948080-5e22-45ca-b6f3-be7de45bebca@group-78BA0C5E921B-LeaderElection39] INFO  server.RaftServerConfigKeys (ConfUtils.java:logGet(46)) - raft.server.log.appender.snapshot.chunk.size.max = 16MB (=16777216) (default)
2023-01-10 01:14:12,680 [35948080-5e22-45ca-b6f3-be7de45bebca@group-78BA0C5E921B-LeaderElection39] INFO  server.RaftServerConfigKeys (ConfUtils.java:logGet(46)) - raft.server.log.appender.buffer.byte-limit = 33554432 (custom)
2023-01-10 01:14:12,680 [35948080-5e22-45ca-b6f3-be7de45bebca@group-78BA0C5E921B-LeaderElection39] INFO  server.RaftServerConfigKeys (ConfUtils.java:logGet(46)) - raft.server.log.appender.buffer.element-limit = 1 (custom)
2023-01-10 01:14:12,680 [35948080-5e22-45ca-b6f3-be7de45bebca@group-78BA0C5E921B-LeaderElection39] INFO  grpc.GrpcConfigKeys (ConfUtils.java:logGet(46)) - raft.grpc.server.leader.outstanding.appends.max = 128 (default)
2023-01-10 01:14:12,680 [35948080-5e22-45ca-b6f3-be7de45bebca@group-78BA0C5E921B-LeaderElection39] INFO  server.RaftServerConfigKeys (ConfUtils.java:logGet(46)) - raft.server.rpc.request.timeout = 60s (custom)
2023-01-10 01:14:12,680 [35948080-5e22-45ca-b6f3-be7de45bebca@group-78BA0C5E921B-LeaderElection39] INFO  server.RaftServerConfigKeys (ConfUtils.java:logGet(46)) - raft.server.log.appender.install.snapshot.enabled = false (custom)
2023-01-10 01:14:12,680 [35948080-5e22-45ca-b6f3-be7de45bebca@group-78BA0C5E921B-LeaderElection39] INFO  grpc.GrpcConfigKeys (ConfUtils.java:logGet(46)) - raft.grpc.server.heartbeat.channel = true (default)
2023-01-10 01:14:12,680 [35948080-5e22-45ca-b6f3-be7de45bebca@group-78BA0C5E921B-LeaderElection39] INFO  server.RaftServerConfigKeys (ConfUtils.java:logGet(46)) - raft.server.log.appender.wait-time.min = 10ms (default)
2023-01-10 01:14:12,680 [35948080-5e22-45ca-b6f3-be7de45bebca@group-78BA0C5E921B-LeaderElection39] INFO  server.RaftServerConfigKeys (ConfUtils.java:logGet(46)) - raft.server.log.appender.snapshot.chunk.size.max = 16MB (=16777216) (default)
2023-01-10 01:14:12,680 [35948080-5e22-45ca-b6f3-be7de45bebca@group-78BA0C5E921B-LeaderElection39] INFO  server.RaftServerConfigKeys (ConfUtils.java:logGet(46)) - raft.server.log.appender.buffer.byte-limit = 33554432 (custom)
2023-01-10 01:14:12,681 [35948080-5e22-45ca-b6f3-be7de45bebca@group-78BA0C5E921B-LeaderElection39] INFO  server.RaftServerConfigKeys (ConfUtils.java:logGet(46)) - raft.server.log.appender.buffer.element-limit = 1 (custom)
2023-01-10 01:14:12,681 [35948080-5e22-45ca-b6f3-be7de45bebca@group-78BA0C5E921B-LeaderElection39] INFO  grpc.GrpcConfigKeys (ConfUtils.java:logGet(46)) - raft.grpc.server.leader.outstanding.appends.max = 128 (default)
2023-01-10 01:14:12,681 [35948080-5e22-45ca-b6f3-be7de45bebca@group-78BA0C5E921B-LeaderElection39] INFO  server.RaftServerConfigKeys (ConfUtils.java:logGet(46)) - raft.server.rpc.request.timeout = 60s (custom)
2023-01-10 01:14:12,681 [35948080-5e22-45ca-b6f3-be7de45bebca@group-78BA0C5E921B-LeaderElection39] INFO  server.RaftServerConfigKeys (ConfUtils.java:logGet(46)) - raft.server.log.appender.install.snapshot.enabled = false (custom)
2023-01-10 01:14:12,681 [35948080-5e22-45ca-b6f3-be7de45bebca@group-78BA0C5E921B-LeaderElection39] INFO  grpc.GrpcConfigKeys (ConfUtils.java:logGet(46)) - raft.grpc.server.heartbeat.channel = true (default)
2023-01-10 01:14:12,681 [35948080-5e22-45ca-b6f3-be7de45bebca@group-78BA0C5E921B-LeaderElection39] INFO  server.RaftServerConfigKeys (ConfUtils.java:logGet(46)) - raft.server.log.appender.wait-time.min = 10ms (default)
2023-01-10 01:14:12,681 [35948080-5e22-45ca-b6f3-be7de45bebca@group-78BA0C5E921B-LeaderElection39] INFO  impl.RoleInfo (RoleInfo.java:updateAndGet(139)) - 35948080-5e22-45ca-b6f3-be7de45bebca: start 35948080-5e22-45ca-b6f3-be7de45bebca@group-78BA0C5E921B-LeaderStateImpl
2023-01-10 01:14:12,682 [EventQueue-PipelineReportForPipelineReportHandler] INFO  pipeline.PipelineManagerImpl (PipelineManagerImpl.java:openPipeline(367)) - Pipeline Pipeline[ Id: 8a0d26c5-9ddc-4466-9f05-78ba0c5e921b, Nodes: 1c34faa2-bf15-4077-af79-1a4fd95d48c3{ip: 10.1.0.24, host: fv-az353-623.tkyx2seitsuu3nmpmouz2httfb.bx.internal.cloudapp.net, ports: [REPLICATION=39507, RATIS=38223, RATIS_ADMIN=38223, RATIS_SERVER=38223, RATIS_DATASTREAM=46641, STANDALONE=43347], networkLocation: /default-rack, certSerialId: null, persistedOpState: IN_SERVICE, persistedOpStateExpiryEpochSec: 0}35948080-5e22-45ca-b6f3-be7de45bebca{ip: 10.1.0.24, host: fv-az353-623.tkyx2seitsuu3nmpmouz2httfb.bx.internal.cloudapp.net, ports: [REPLICATION=40767, RATIS=40989, RATIS_ADMIN=40989, RATIS_SERVER=40989, RATIS_DATASTREAM=42993, STANDALONE=45119], networkLocation: /default-rack, certSerialId: null, persistedOpState: IN_SERVICE, persistedOpStateExpiryEpochSec: 0}b1e0bc18-8da5-4e58-9fa5-a506b45b1540{ip: 10.1.0.24, host: fv-az353-623.tkyx2seitsuu3nmpmouz2httfb.bx.internal.cloudapp.net, ports: [REPLICATION=45369, RATIS=41835, RATIS_ADMIN=41835, RATIS_SERVER=41835, RATIS_DATASTREAM=40391, STANDALONE=36863], networkLocation: /default-rack, certSerialId: null, persistedOpState: IN_SERVICE, persistedOpStateExpiryEpochSec: 0}, ReplicationConfig: RATIS/THREE, State:ALLOCATED, leaderId:35948080-5e22-45ca-b6f3-be7de45bebca, CreationTimestamp2023-01-10T01:13:39.595Z[Etc/UTC]] moved to OPEN state
2023-01-10 01:14:12,686 [35948080-5e22-45ca-b6f3-be7de45bebca@group-78BA0C5E921B-LeaderElection39] INFO  segmented.SegmentedRaftLogWorker (SegmentedRaftLogWorker.java:startLogSegment(452)) - 35948080-5e22-45ca-b6f3-be7de45bebca@group-78BA0C5E921B-SegmentedRaftLogWorker: Starting segment from index:0
2023-01-10 01:14:12,688 [grpc-default-executor-1] INFO  server.RaftServer$Division (RaftServerImpl.java:requestVote(1218)) - b1e0bc18-8da5-4e58-9fa5-a506b45b1540@group-78BA0C5E921B: receive requestVote(ELECTION, 1c34faa2-bf15-4077-af79-1a4fd95d48c3, group-78BA0C5E921B, 6, (t:0, i:0))
2023-01-10 01:14:12,688 [grpc-default-executor-1] INFO  impl.VoteContext (VoteContext.java:log(49)) - b1e0bc18-8da5-4e58-9fa5-a506b45b1540@group-78BA0C5E921B-FOLLOWER: reject ELECTION from 1c34faa2-bf15-4077-af79-1a4fd95d48c3: already has voted for 35948080-5e22-45ca-b6f3-be7de45bebca at current term 6
2023-01-10 01:14:12,688 [grpc-default-executor-1] INFO  server.RaftServer$Division (RaftServerImpl.java:requestVote(1251)) - b1e0bc18-8da5-4e58-9fa5-a506b45b1540@group-78BA0C5E921B replies to ELECTION vote request: 1c34faa2-bf15-4077-af79-1a4fd95d48c3<-b1e0bc18-8da5-4e58-9fa5-a506b45b1540#0:FAIL-t6. Peer's state: b1e0bc18-8da5-4e58-9fa5-a506b45b1540@group-78BA0C5E921B:t6, leader=null, voted=35948080-5e22-45ca-b6f3-be7de45bebca, raftlog=Memoized:b1e0bc18-8da5-4e58-9fa5-a506b45b1540@group-78BA0C5E921B-SegmentedRaftLog:OPENED:c-1, conf=-1: peers:[b1e0bc18-8da5-4e58-9fa5-a506b45b1540|rpc:10.1.0.24:41835|dataStream:10.1.0.24:40391|priority:0|startupRole:FOLLOWER, 35948080-5e22-45ca-b6f3-be7de45bebca|rpc:10.1.0.24:40989|dataStream:10.1.0.24:42993|priority:1|startupRole:FOLLOWER, 1c34faa2-bf15-4077-af79-1a4fd95d48c3|rpc:10.1.0.24:38223|dataStream:10.1.0.24:46641|priority:0|startupRole:FOLLOWER]|listeners:[], old=null
2023-01-10 01:14:12,688 [35948080-5e22-45ca-b6f3-be7de45bebca@group-78BA0C5E921B-SegmentedRaftLogWorker] INFO  segmented.SegmentedRaftLogWorker (SegmentedRaftLogWorker.java:execute(656)) - 35948080-5e22-45ca-b6f3-be7de45bebca@group-78BA0C5E921B-SegmentedRaftLogWorker: created new log segment /home/runner/work/ozone/ozone/hadoop-ozone/integration-test/target/test-dir/MiniOzoneClusterImpl-62525788-12f1-42f6-8834-316215afea77/datanode-0/data/ratis/8a0d26c5-9ddc-4466-9f05-78ba0c5e921b/current/log_inprogress_0
2023-01-10 01:14:12,695 [1c34faa2-bf15-4077-af79-1a4fd95d48c3@group-78BA0C5E921B-LeaderElection40] INFO  server.RaftServerConfigKeys (ConfUtils.java:logFallback(53)) - raft.server.rpc.first-election.timeout.min = 5s (fallback to raft.server.rpc.timeout.min)
2023-01-10 01:14:12,695 [1c34faa2-bf15-4077-af79-1a4fd95d48c3@group-78BA0C5E921B-LeaderElection40] INFO  server.RaftServerConfigKeys (ConfUtils.java:logFallback(53)) - raft.server.rpc.first-election.timeout.max = 5200ms (fallback to raft.server.rpc.timeout.max)
2023-01-10 01:14:12,698 [grpc-default-executor-0] INFO  server.RaftServer$Division (RaftServerImpl.java:requestVote(1218)) - 35948080-5e22-45ca-b6f3-be7de45bebca@group-78BA0C5E921B: receive requestVote(ELECTION, 1c34faa2-bf15-4077-af79-1a4fd95d48c3, group-78BA0C5E921B, 6, (t:0, i:0))
2023-01-10 01:14:12,706 [35948080-5e22-45ca-b6f3-be7de45bebca@group-78BA0C5E921B-LeaderElection39] INFO  server.RaftServer$Division (ServerState.java:setRaftConf(430)) - 35948080-5e22-45ca-b6f3-be7de45bebca@group-78BA0C5E921B: set configuration 0: peers:[b1e0bc18-8da5-4e58-9fa5-a506b45b1540|rpc:10.1.0.24:41835|dataStream:10.1.0.24:40391|priority:0|startupRole:FOLLOWER, 35948080-5e22-45ca-b6f3-be7de45bebca|rpc:10.1.0.24:40989|dataStream:10.1.0.24:42993|priority:1|startupRole:FOLLOWER, 1c34faa2-bf15-4077-af79-1a4fd95d48c3|rpc:10.1.0.24:38223|dataStream:10.1.0.24:46641|priority:0|startupRole:FOLLOWER]|listeners:[], old=null
2023-01-10 01:14:12,706 [grpc-default-executor-0] INFO  impl.VoteContext (VoteContext.java:log(49)) - 35948080-5e22-45ca-b6f3-be7de45bebca@group-78BA0C5E921B-LEADER: reject ELECTION from 1c34faa2-bf15-4077-af79-1a4fd95d48c3: already has voted for 35948080-5e22-45ca-b6f3-be7de45bebca at current term 6
2023-01-10 01:14:12,706 [grpc-default-executor-0] INFO  server.RaftServer$Division (RaftServerImpl.java:requestVote(1251)) - 35948080-5e22-45ca-b6f3-be7de45bebca@group-78BA0C5E921B replies to ELECTION vote request: 1c34faa2-bf15-4077-af79-1a4fd95d48c3<-35948080-5e22-45ca-b6f3-be7de45bebca#0:FAIL-t6. Peer's state: 35948080-5e22-45ca-b6f3-be7de45bebca@group-78BA0C5E921B:t6, leader=35948080-5e22-45ca-b6f3-be7de45bebca, voted=35948080-5e22-45ca-b6f3-be7de45bebca, raftlog=Memoized:35948080-5e22-45ca-b6f3-be7de45bebca@group-78BA0C5E921B-SegmentedRaftLog:OPENED:c-1, conf=0: peers:[b1e0bc18-8da5-4e58-9fa5-a506b45b1540|rpc:10.1.0.24:41835|dataStream:10.1.0.24:40391|priority:0|startupRole:FOLLOWER, 35948080-5e22-45ca-b6f3-be7de45bebca|rpc:10.1.0.24:40989|dataStream:10.1.0.24:42993|priority:1|startupRole:FOLLOWER, 1c34faa2-bf15-4077-af79-1a4fd95d48c3|rpc:10.1.0.24:38223|dataStream:10.1.0.24:46641|priority:0|startupRole:FOLLOWER]|listeners:[], old=null
2023-01-10 01:14:12,709 [1c34faa2-bf15-4077-af79-1a4fd95d48c3@group-78BA0C5E921B-LeaderElection40] INFO  impl.LeaderElection (LeaderElection.java:logAndReturn(90)) - 1c34faa2-bf15-4077-af79-1a4fd95d48c3@group-78BA0C5E921B-LeaderElection40: ELECTION REJECTED received 2 response(s) and 0 exception(s):
2023-01-10 01:14:12,709 [1c34faa2-bf15-4077-af79-1a4fd95d48c3@group-78BA0C5E921B-LeaderElection40] INFO  impl.LeaderElection (LeaderElection.java:logAndReturn(94)) -   Response 0: 1c34faa2-bf15-4077-af79-1a4fd95d48c3<-b1e0bc18-8da5-4e58-9fa5-a506b45b1540#0:FAIL-t6
2023-01-10 01:14:12,709 [1c34faa2-bf15-4077-af79-1a4fd95d48c3@group-78BA0C5E921B-LeaderElection40] INFO  impl.LeaderElection (LeaderElection.java:logAndReturn(94)) -   Response 1: 1c34faa2-bf15-4077-af79-1a4fd95d48c3<-35948080-5e22-45ca-b6f3-be7de45bebca#0:FAIL-t6
2023-01-10 01:14:12,709 [1c34faa2-bf15-4077-af79-1a4fd95d48c3@group-78BA0C5E921B-LeaderElection40] INFO  impl.LeaderElection (LeaderElection.java:askForVotes(314)) - 1c34faa2-bf15-4077-af79-1a4fd95d48c3@group-78BA0C5E921B-LeaderElection40 ELECTION round 0: result REJECTED
2023-01-10 01:14:12,709 [1c34faa2-bf15-4077-af79-1a4fd95d48c3@group-78BA0C5E921B-LeaderElection40] INFO  server.RaftServer$Division (RaftServerImpl.java:setRole(321)) - 1c34faa2-bf15-4077-af79-1a4fd95d48c3@group-78BA0C5E921B: changes role from CANDIDATE to FOLLOWER at term 6 for REJECTED
2023-01-10 01:14:12,709 [1c34faa2-bf15-4077-af79-1a4fd95d48c3@group-78BA0C5E921B-LeaderElection40] INFO  impl.RoleInfo (RoleInfo.java:shutdownLeaderElection(130)) - 1c34faa2-bf15-4077-af79-1a4fd95d48c3: shutdown 1c34faa2-bf15-4077-af79-1a4fd95d48c3@group-78BA0C5E921B-LeaderElection40
2023-01-10 01:14:12,709 [1c34faa2-bf15-4077-af79-1a4fd95d48c3@group-78BA0C5E921B-LeaderElection40] INFO  impl.RoleInfo (RoleInfo.java:updateAndGet(139)) - 1c34faa2-bf15-4077-af79-1a4fd95d48c3: start 1c34faa2-bf15-4077-af79-1a4fd95d48c3@group-78BA0C5E921B-FollowerState
2023-01-10 01:14:12,709 [1c34faa2-bf15-4077-af79-1a4fd95d48c3@group-78BA0C5E921B-FollowerState] INFO  server.RaftServerConfigKeys (ConfUtils.java:logFallback(53)) - raft.server.rpc.first-election.timeout.min = 5s (fallback to raft.server.rpc.timeout.min)
2023-01-10 01:14:12,709 [1c34faa2-bf15-4077-af79-1a4fd95d48c3@group-78BA0C5E921B-FollowerState] INFO  server.RaftServerConfigKeys (ConfUtils.java:logFallback(53)) - raft.server.rpc.first-election.timeout.max = 5200ms (fallback to raft.server.rpc.timeout.max)
2023-01-10 01:14:12,710 [b1e0bc18-8da5-4e58-9fa5-a506b45b1540-server-thread1] INFO  ratis.XceiverServerRatis (XceiverServerRatis.java:handleLeaderChangedNotification(904)) - Leader change notification received for group: group-78BA0C5E921B with new leaderId: 35948080-5e22-45ca-b6f3-be7de45bebca
2023-01-10 01:14:12,710 [b1e0bc18-8da5-4e58-9fa5-a506b45b1540-server-thread1] INFO  server.RaftServer$Division (ServerState.java:setLeader(313)) - b1e0bc18-8da5-4e58-9fa5-a506b45b1540@group-78BA0C5E921B: change Leader from null to 35948080-5e22-45ca-b6f3-be7de45bebca at term 6 for appendEntries, leader elected after 30666ms
2023-01-10 01:14:12,711 [1c34faa2-bf15-4077-af79-1a4fd95d48c3-server-thread1] INFO  ratis.XceiverServerRatis (XceiverServerRatis.java:handleLeaderChangedNotification(904)) - Leader change notification received for group: group-78BA0C5E921B with new leaderId: 35948080-5e22-45ca-b6f3-be7de45bebca
2023-01-10 01:14:12,711 [1c34faa2-bf15-4077-af79-1a4fd95d48c3-server-thread1] INFO  server.RaftServer$Division (ServerState.java:setLeader(313)) - 1c34faa2-bf15-4077-af79-1a4fd95d48c3@group-78BA0C5E921B: change Leader from null to 35948080-5e22-45ca-b6f3-be7de45bebca at term 6 for appendEntries, leader elected after 30698ms
2023-01-10 01:14:12,722 [b1e0bc18-8da5-4e58-9fa5-a506b45b1540-server-thread1] INFO  server.RaftServer$Division (ServerState.java:setRaftConf(430)) - b1e0bc18-8da5-4e58-9fa5-a506b45b1540@group-78BA0C5E921B: set configuration 0: peers:[b1e0bc18-8da5-4e58-9fa5-a506b45b1540|rpc:10.1.0.24:41835|dataStream:10.1.0.24:40391|priority:0|startupRole:FOLLOWER, 35948080-5e22-45ca-b6f3-be7de45bebca|rpc:10.1.0.24:40989|dataStream:10.1.0.24:42993|priority:1|startupRole:FOLLOWER, 1c34faa2-bf15-4077-af79-1a4fd95d48c3|rpc:10.1.0.24:38223|dataStream:10.1.0.24:46641|priority:0|startupRole:FOLLOWER]|listeners:[], old=null
2023-01-10 01:14:12,723 [b1e0bc18-8da5-4e58-9fa5-a506b45b1540-server-thread1] INFO  segmented.SegmentedRaftLogWorker (SegmentedRaftLogWorker.java:startLogSegment(452)) - b1e0bc18-8da5-4e58-9fa5-a506b45b1540@group-78BA0C5E921B-SegmentedRaftLogWorker: Starting segment from index:0
2023-01-10 01:14:12,726 [1c34faa2-bf15-4077-af79-1a4fd95d48c3-server-thread3] INFO  server.RaftServer$Division (ServerState.java:setRaftConf(430)) - 1c34faa2-bf15-4077-af79-1a4fd95d48c3@group-78BA0C5E921B: set configuration 0: peers:[b1e0bc18-8da5-4e58-9fa5-a506b45b1540|rpc:10.1.0.24:41835|dataStream:10.1.0.24:40391|priority:0|startupRole:FOLLOWER, 35948080-5e22-45ca-b6f3-be7de45bebca|rpc:10.1.0.24:40989|dataStream:10.1.0.24:42993|priority:1|startupRole:FOLLOWER, 1c34faa2-bf15-4077-af79-1a4fd95d48c3|rpc:10.1.0.24:38223|dataStream:10.1.0.24:46641|priority:0|startupRole:FOLLOWER]|listeners:[], old=null
2023-01-10 01:14:12,726 [1c34faa2-bf15-4077-af79-1a4fd95d48c3-server-thread3] INFO  segmented.SegmentedRaftLogWorker (SegmentedRaftLogWorker.java:startLogSegment(452)) - 1c34faa2-bf15-4077-af79-1a4fd95d48c3@group-78BA0C5E921B-SegmentedRaftLogWorker: Starting segment from index:0
2023-01-10 01:14:12,729 [b1e0bc18-8da5-4e58-9fa5-a506b45b1540@group-78BA0C5E921B-SegmentedRaftLogWorker] INFO  segmented.SegmentedRaftLogWorker (SegmentedRaftLogWorker.java:execute(656)) - b1e0bc18-8da5-4e58-9fa5-a506b45b1540@group-78BA0C5E921B-SegmentedRaftLogWorker: created new log segment /home/runner/work/ozone/ozone/hadoop-ozone/integration-test/target/test-dir/MiniOzoneClusterImpl-62525788-12f1-42f6-8834-316215afea77/datanode-1/data/ratis/8a0d26c5-9ddc-4466-9f05-78ba0c5e921b/current/log_inprogress_0
2023-01-10 01:14:12,729 [1c34faa2-bf15-4077-af79-1a4fd95d48c3@group-78BA0C5E921B-SegmentedRaftLogWorker] INFO  segmented.SegmentedRaftLogWorker (SegmentedRaftLogWorker.java:execute(656)) - 1c34faa2-bf15-4077-af79-1a4fd95d48c3@group-78BA0C5E921B-SegmentedRaftLogWorker: created new log segment /home/runner/work/ozone/ozone/hadoop-ozone/integration-test/target/test-dir/MiniOzoneClusterImpl-62525788-12f1-42f6-8834-316215afea77/datanode-2/data/ratis/8a0d26c5-9ddc-4466-9f05-78ba0c5e921b/current/log_inprogress_0
2023-01-10 01:14:12,761 [Listener at 127.0.0.1/44191] INFO  ozone.MiniOzoneClusterImpl (MiniOzoneClusterImpl.java:shutdown(450)) - Shutting down the Mini Ozone Cluster
2023-01-10 01:14:12,761 [Listener at 127.0.0.1/44191] INFO  ozone.MiniOzoneClusterImpl (MiniOzoneClusterImpl.java:stop(465)) - Stopping the Mini Ozone Cluster
2023-01-10 01:14:12,762 [Listener at 127.0.0.1/44191] INFO  ozone.MiniOzoneClusterImpl (MiniOzoneClusterImpl.java:stopOM(547)) - Stopping the OzoneManager
2023-01-10 01:14:12,762 [Listener at 127.0.0.1/44191] INFO  om.OzoneManager (OzoneManager.java:stop(2040)) - om1[localhost:0]: Stopping Ozone Manager
2023-01-10 01:14:12,762 [Listener at 127.0.0.1/44191] INFO  ipc.Server (Server.java:stop(3428)) - Stopping server on 44191
2023-01-10 01:14:12,767 [IPC Server listener on 0] INFO  ipc.Server (Server.java:run(1384)) - Stopping IPC Server listener on 0
2023-01-10 01:14:12,767 [IPC Server Responder] INFO  ipc.Server (Server.java:run(1517)) - Stopping IPC Server Responder
2023-01-10 01:14:12,767 [Listener at 127.0.0.1/44191] INFO  server.RaftServer (RaftServerProxy.java:lambda$close$6(409)) - om1: close
2023-01-10 01:14:12,768 [Listener at 127.0.0.1/44191] INFO  server.GrpcService (GrpcService.java:closeImpl(271)) - om1: shutdown server GrpcServerProtocolService now
2023-01-10 01:14:12,768 [om1-impl-thread1] INFO  server.RaftServer$Division (RaftServerImpl.java:lambda$close$4(458)) - om1@group-C5BA1605619E: shutdown
2023-01-10 01:14:12,768 [om1-impl-thread1] INFO  util.JmxRegister (JmxRegister.java:unregister(73)) - Successfully un-registered JMX Bean with object name Ratis:service=RaftServer,group=group-C5BA1605619E,id=om1
2023-01-10 01:14:12,768 [om1-impl-thread1] INFO  impl.RoleInfo (RoleInfo.java:shutdownLeaderState(93)) - om1: shutdown om1@group-C5BA1605619E-LeaderStateImpl
2023-01-10 01:14:12,768 [om1-impl-thread1] INFO  impl.PendingRequests (PendingRequests.java:sendNotLeaderResponses(282)) - om1@group-C5BA1605619E-PendingRequests: sendNotLeaderResponses
2023-01-10 01:14:12,768 [om1-impl-thread1] INFO  impl.StateMachineUpdater (StateMachineUpdater.java:stopAndJoin(153)) - om1@group-C5BA1605619E-StateMachineUpdater: set stopIndex = 0
2023-01-10 01:14:12,768 [Listener at 127.0.0.1/44191] INFO  server.GrpcService (GrpcService.java:closeImpl(280)) - om1: shutdown server GrpcServerProtocolService successfully
2023-01-10 01:14:12,768 [om1@group-C5BA1605619E-StateMachineUpdater] INFO  ratis.OzoneManagerStateMachine (OzoneManagerStateMachine.java:takeSnapshot(445)) - Current Snapshot Index (t:1, i:0)
2023-01-10 01:14:12,769 [om1@group-C5BA1605619E-StateMachineUpdater] INFO  impl.StateMachineUpdater (StateMachineUpdater.java:takeSnapshot(287)) - om1@group-C5BA1605619E-StateMachineUpdater: Took a snapshot at index 0
2023-01-10 01:14:12,769 [om1@group-C5BA1605619E-StateMachineUpdater] INFO  impl.StateMachineUpdater (StateMachineUpdater.java:lambda$new$0(92)) - om1@group-C5BA1605619E-StateMachineUpdater: snapshotIndex: updateIncreasingly -1 -> 0
2023-01-10 01:14:12,769 [om1@group-C5BA1605619E-StateMachineUpdater] INFO  ratis.OzoneManagerStateMachine (OzoneManagerStateMachine.java:close(499)) - StateMachine has shutdown. Shutdown OzoneManager if not already shutdown.
2023-01-10 01:14:12,770 [om1@group-C5BA1605619E-StateMachineUpdater] INFO  ratis.OzoneManagerDoubleBuffer (OzoneManagerDoubleBuffer.java:stop(466)) - Stopping OMDoubleBuffer flush thread
2023-01-10 01:14:12,770 [om1-NettyServerStreamRpc-bossGroup--thread1] INFO  logging.LoggingHandler (AbstractInternalLogger.java:log(148)) - [id: 0xb6fc2850, L:/0:0:0:0:0:0:0:0:36857] CLOSE
2023-01-10 01:14:12,770 [OMDoubleBufferFlushThread] INFO  ratis.OzoneManagerDoubleBuffer (OzoneManagerDoubleBuffer.java:flushTransactions(385)) - OMDoubleBuffer flush thread OMDoubleBufferFlushThread is interrupted and will exit.
2023-01-10 01:14:12,770 [om1-NettyServerStreamRpc-bossGroup--thread1] INFO  logging.LoggingHandler (AbstractInternalLogger.java:log(148)) - [id: 0xb6fc2850, L:/0:0:0:0:0:0:0:0:36857] INACTIVE
2023-01-10 01:14:12,771 [om1-NettyServerStreamRpc-bossGroup--thread1] INFO  logging.LoggingHandler (AbstractInternalLogger.java:log(148)) - [id: 0xb6fc2850, L:/0:0:0:0:0:0:0:0:36857] UNREGISTERED
2023-01-10 01:14:12,771 [om1-impl-thread1] INFO  server.RaftServer$Division (ServerState.java:close(466)) - om1@group-C5BA1605619E: closes. applyIndex: 0
2023-01-10 01:14:12,771 [om1@group-C5BA1605619E-SegmentedRaftLogWorker] INFO  segmented.SegmentedRaftLogWorker (SegmentedRaftLogWorker.java:run(347)) - om1@group-C5BA1605619E-SegmentedRaftLogWorker was interrupted, exiting. There are 0 tasks remaining in the queue.
2023-01-10 01:14:12,776 [om1-impl-thread1] INFO  segmented.SegmentedRaftLogWorker (SegmentedRaftLogWorker.java:close(257)) - om1@group-C5BA1605619E-SegmentedRaftLogWorker close()
2023-01-10 01:14:12,785 [JvmPauseMonitor11] INFO  util.JvmPauseMonitor (JvmPauseMonitor.java:run(111)) - JvmPauseMonitor-om1: Stopped
2023-01-10 01:14:12,785 [Listener at 127.0.0.1/44191] INFO  ratis.OzoneManagerStateMachine (OzoneManagerStateMachine.java:close(499)) - StateMachine has shutdown. Shutdown OzoneManager if not already shutdown.
2023-01-10 01:14:12,785 [Listener at 127.0.0.1/44191] INFO  ratis.OzoneManagerDoubleBuffer (OzoneManagerDoubleBuffer.java:stop(478)) - OMDoubleBuffer flush thread is not running.
2023-01-10 01:14:12,785 [Listener at 127.0.0.1/44191] INFO  utils.BackgroundService (BackgroundService.java:shutdown(141)) - Shutting down service KeyDeletingService
2023-01-10 01:14:12,785 [Listener at 127.0.0.1/44191] INFO  utils.BackgroundService (BackgroundService.java:shutdown(141)) - Shutting down service DirectoryDeletingService
2023-01-10 01:14:12,786 [Listener at 127.0.0.1/44191] INFO  utils.BackgroundService (BackgroundService.java:shutdown(141)) - Shutting down service OpenKeyCleanupService
2023-01-10 01:14:12,786 [Listener at 127.0.0.1/44191] INFO  handler.ContextHandler (ContextHandler.java:doStop(1159)) - Stopped o.e.j.w.WebAppContext@43e9173{ozoneManager,/,null,STOPPED}{file:/home/runner/work/ozone/ozone/hadoop-ozone/integration-test/target/test-classes/webapps/ozoneManager}
2023-01-10 01:14:12,788 [Listener at 127.0.0.1/44191] INFO  server.AbstractConnector (AbstractConnector.java:doStop(383)) - Stopped ServerConnector@ceeae10{HTTP/1.1, (http/1.1)}{0.0.0.0:0}
2023-01-10 01:14:12,788 [Listener at 127.0.0.1/44191] INFO  server.session (HouseKeeper.java:stopScavenging(149)) - node0 Stopped scavenging
2023-01-10 01:14:12,788 [Listener at 127.0.0.1/44191] INFO  handler.ContextHandler (ContextHandler.java:doStop(1159)) - Stopped o.e.j.s.ServletContextHandler@25705886{static,/static,file:///home/runner/work/ozone/ozone/hadoop-ozone/integration-test/target/test-classes/webapps/static,STOPPED}
2023-01-10 01:14:12,788 [Listener at 127.0.0.1/44191] INFO  handler.ContextHandler (ContextHandler.java:doStop(1159)) - Stopped o.e.j.s.ServletContextHandler@6a736908{logs,/logs,file:///home/runner/work/ozone/ozone/hadoop-ozone/integration-test/target/log,STOPPED}
2023-01-10 01:14:12,791 [Listener at 127.0.0.1/44191] INFO  ozone.MiniOzoneClusterImpl (MiniOzoneClusterImpl.java:stopDatanodes(524)) - Stopping the HddsDatanodes
2023-01-10 01:14:12,793 [Listener at 127.0.0.1/44191] INFO  ozoneimpl.OzoneContainer (OzoneContainer.java:stop(417)) - Attempting to stop container services.
2023-01-10 01:14:12,794 [Listener at 127.0.0.1/44191] INFO  server.RaftServer (RaftServerProxy.java:lambda$close$6(409)) - afa38d33-fc19-42e5-bc19-641228a4898b: close
2023-01-10 01:14:12,795 [ForkJoinPool.commonPool-worker-0] INFO  ozoneimpl.OzoneContainer (OzoneContainer.java:stop(417)) - Attempting to stop container services.
2023-01-10 01:14:12,795 [afa38d33-fc19-42e5-bc19-641228a4898b-impl-thread1] INFO  server.RaftServer$Division (RaftServerImpl.java:lambda$close$4(458)) - afa38d33-fc19-42e5-bc19-641228a4898b@group-79979D135BFE: shutdown
2023-01-10 01:14:12,795 [afa38d33-fc19-42e5-bc19-641228a4898b-impl-thread1] INFO  util.JmxRegister (JmxRegister.java:unregister(73)) - Successfully un-registered JMX Bean with object name Ratis:service=RaftServer,group=group-79979D135BFE,id=afa38d33-fc19-42e5-bc19-641228a4898b
2023-01-10 01:14:12,795 [afa38d33-fc19-42e5-bc19-641228a4898b-impl-thread1] INFO  impl.RoleInfo (RoleInfo.java:shutdownFollowerState(110)) - afa38d33-fc19-42e5-bc19-641228a4898b: shutdown afa38d33-fc19-42e5-bc19-641228a4898b@group-79979D135BFE-FollowerState
2023-01-10 01:14:12,795 [afa38d33-fc19-42e5-bc19-641228a4898b-impl-thread1] INFO  impl.StateMachineUpdater (StateMachineUpdater.java:stopAndJoin(153)) - afa38d33-fc19-42e5-bc19-641228a4898b@group-79979D135BFE-StateMachineUpdater: set stopIndex = 0
2023-01-10 01:14:12,795 [afa38d33-fc19-42e5-bc19-641228a4898b@group-79979D135BFE-FollowerState] INFO  impl.FollowerState (FollowerState.java:run(152)) - afa38d33-fc19-42e5-bc19-641228a4898b@group-79979D135BFE-FollowerState was interrupted
2023-01-10 01:14:12,795 [afa38d33-fc19-42e5-bc19-641228a4898b@group-79979D135BFE-StateMachineUpdater] INFO  ratis.ContainerStateMachine (ContainerStateMachine.java:takeSnapshot(308)) - group-79979D135BFE: Taking a snapshot at:(t:4, i:0) file /home/runner/work/ozone/ozone/hadoop-ozone/integration-test/target/test-dir/MiniOzoneClusterImpl-62525788-12f1-42f6-8834-316215afea77/datanode-3/data/ratis/806defe6-91a0-4966-ac34-79979d135bfe/sm/snapshot.4_0
2023-01-10 01:14:12,802 [Listener at 127.0.0.1/44191] INFO  server.GrpcService (GrpcService.java:closeImpl(271)) - afa38d33-fc19-42e5-bc19-641228a4898b: shutdown server GrpcServerProtocolService now
2023-01-10 01:14:12,802 [afa38d33-fc19-42e5-bc19-641228a4898b@group-79979D135BFE-StateMachineUpdater] INFO  ratis.ContainerStateMachine (ContainerStateMachine.java:takeSnapshot(319)) - group-79979D135BFE: Finished taking a snapshot at:(t:4, i:0) file:/home/runner/work/ozone/ozone/hadoop-ozone/integration-test/target/test-dir/MiniOzoneClusterImpl-62525788-12f1-42f6-8834-316215afea77/datanode-3/data/ratis/806defe6-91a0-4966-ac34-79979d135bfe/sm/snapshot.4_0 took: 6 ms
2023-01-10 01:14:12,802 [afa38d33-fc19-42e5-bc19-641228a4898b@group-79979D135BFE-StateMachineUpdater] INFO  impl.StateMachineUpdater (StateMachineUpdater.java:takeSnapshot(287)) - afa38d33-fc19-42e5-bc19-641228a4898b@group-79979D135BFE-StateMachineUpdater: Took a snapshot at index 0
2023-01-10 01:14:12,802 [afa38d33-fc19-42e5-bc19-641228a4898b@group-79979D135BFE-StateMachineUpdater] INFO  impl.StateMachineUpdater (StateMachineUpdater.java:lambda$new$0(92)) - afa38d33-fc19-42e5-bc19-641228a4898b@group-79979D135BFE-StateMachineUpdater: snapshotIndex: updateIncreasingly -1 -> 0
2023-01-10 01:14:12,803 [afa38d33-fc19-42e5-bc19-641228a4898b-impl-thread1] INFO  server.RaftServer$Division (ServerState.java:close(466)) - afa38d33-fc19-42e5-bc19-641228a4898b@group-79979D135BFE: closes. applyIndex: 0
2023-01-10 01:14:12,803 [afa38d33-fc19-42e5-bc19-641228a4898b@group-79979D135BFE-SegmentedRaftLogWorker] INFO  segmented.SegmentedRaftLogWorker (SegmentedRaftLogWorker.java:run(347)) - afa38d33-fc19-42e5-bc19-641228a4898b@group-79979D135BFE-SegmentedRaftLogWorker was interrupted, exiting. There are 0 tasks remaining in the queue.
2023-01-10 01:14:12,804 [afa38d33-fc19-42e5-bc19-641228a4898b-impl-thread1] INFO  segmented.SegmentedRaftLogWorker (SegmentedRaftLogWorker.java:close(257)) - afa38d33-fc19-42e5-bc19-641228a4898b@group-79979D135BFE-SegmentedRaftLogWorker close()
2023-01-10 01:14:12,806 [grpc-default-executor-5] WARN  server.GrpcServerProtocolService (LogUtils.java:warn(122)) - afa38d33-fc19-42e5-bc19-641228a4898b: installSnapshot onError, lastRequest: 498755a8-f2f1-47a5-bb38-b65b10b21bcc->afa38d33-fc19-42e5-bc19-641228a4898b#1-t4,previous=(t:0, i:0),leaderCommit=0,initializing? true,entries: size=1, first=(t:4, i:0), CONFIGURATIONENTRY(current:id: "755113df-b2d2-4f4d-a016-da6f7eba54ac"
address: "10.1.0.24:40991"
dataStreamAddress: "10.1.0.24:38909"
clientAddress: "10.1.0.24:40991"
adminAddress: "10.1.0.24:40991"
startupRole: FOLLOWER
,id: "498755a8-f2f1-47a5-bb38-b65b10b21bcc"
address: "10.1.0.24:40949"
priority: 1
dataStreamAddress: "10.1.0.24:39249"
clientAddress: "10.1.0.24:40949"
adminAddress: "10.1.0.24:40949"
startupRole: FOLLOWER
,id: "afa38d33-fc19-42e5-bc19-641228a4898b"
address: "10.1.0.24:37195"
dataStreamAddress: "10.1.0.24:33715"
clientAddress: "10.1.0.24:37195"
adminAddress: "10.1.0.24:37195"
startupRole: FOLLOWER
, old:): org.apache.ratis.thirdparty.io.grpc.StatusRuntimeException: CANCELLED: client cancelled
2023-01-10 01:14:12,806 [grpc-default-executor-4] WARN  server.GrpcLogAppender (LogUtils.java:warn(122)) - 498755a8-f2f1-47a5-bb38-b65b10b21bcc@group-79979D135BFE->afa38d33-fc19-42e5-bc19-641228a4898b-AppendLogResponseHandler: Failed appendEntries: org.apache.ratis.thirdparty.io.grpc.StatusRuntimeException: CANCELLED: RST_STREAM closed stream. HTTP/2 error code: CANCEL
2023-01-10 01:14:12,808 [grpc-default-executor-4] WARN  server.GrpcLogAppender (GrpcLogAppender.java:resetClient(131)) - 498755a8-f2f1-47a5-bb38-b65b10b21bcc@group-79979D135BFE->afa38d33-fc19-42e5-bc19-641228a4898b-GrpcLogAppender: Leader has not got in touch with Follower 498755a8-f2f1-47a5-bb38-b65b10b21bcc@group-79979D135BFE->afa38d33-fc19-42e5-bc19-641228a4898b(c0,m0,n1, attendVote=true, lastRpcSendTime=2064, lastRpcResponseTime=2063) yet, just keep nextIndex unchanged and retry.
2023-01-10 01:14:12,807 [grpc-default-executor-0] WARN  server.GrpcLogAppender (LogUtils.java:warn(122)) - 498755a8-f2f1-47a5-bb38-b65b10b21bcc@group-79979D135BFE->afa38d33-fc19-42e5-bc19-641228a4898b-AppendLogResponseHandler: Failed appendEntries: org.apache.ratis.thirdparty.io.grpc.StatusRuntimeException: CANCELLED: RST_STREAM closed stream. HTTP/2 error code: CANCEL
2023-01-10 01:14:12,808 [grpc-default-executor-0] WARN  server.GrpcLogAppender (GrpcLogAppender.java:resetClient(131)) - 498755a8-f2f1-47a5-bb38-b65b10b21bcc@group-79979D135BFE->afa38d33-fc19-42e5-bc19-641228a4898b-GrpcLogAppender: Leader has not got in touch with Follower 498755a8-f2f1-47a5-bb38-b65b10b21bcc@group-79979D135BFE->afa38d33-fc19-42e5-bc19-641228a4898b(c0,m0,n1, attendVote=true, lastRpcSendTime=2064, lastRpcResponseTime=2063) yet, just keep nextIndex unchanged and retry.
2023-01-10 01:14:12,806 [Listener at 127.0.0.1/44191] INFO  server.GrpcServerProtocolClient (GrpcServerProtocolClient.java:close(101)) - 755113df-b2d2-4f4d-a016-da6f7eba54ac Close channels
2023-01-10 01:14:12,808 [ForkJoinPool.commonPool-worker-0] INFO  server.RaftServer (RaftServerProxy.java:lambda$close$6(409)) - b1e0bc18-8da5-4e58-9fa5-a506b45b1540: close
2023-01-10 01:14:12,808 [b1e0bc18-8da5-4e58-9fa5-a506b45b1540-impl-thread1] INFO  server.RaftServer$Division (RaftServerImpl.java:lambda$close$4(458)) - b1e0bc18-8da5-4e58-9fa5-a506b45b1540@group-78BA0C5E921B: shutdown
2023-01-10 01:14:12,809 [b1e0bc18-8da5-4e58-9fa5-a506b45b1540-impl-thread1] INFO  util.JmxRegister (JmxRegister.java:unregister(73)) - Successfully un-registered JMX Bean with object name Ratis:service=RaftServer,group=group-78BA0C5E921B,id=b1e0bc18-8da5-4e58-9fa5-a506b45b1540
2023-01-10 01:14:12,809 [b1e0bc18-8da5-4e58-9fa5-a506b45b1540-impl-thread1] INFO  impl.RoleInfo (RoleInfo.java:shutdownFollowerState(110)) - b1e0bc18-8da5-4e58-9fa5-a506b45b1540: shutdown b1e0bc18-8da5-4e58-9fa5-a506b45b1540@group-78BA0C5E921B-FollowerState
2023-01-10 01:14:12,809 [b1e0bc18-8da5-4e58-9fa5-a506b45b1540-impl-thread1] INFO  impl.StateMachineUpdater (StateMachineUpdater.java:stopAndJoin(153)) - b1e0bc18-8da5-4e58-9fa5-a506b45b1540@group-78BA0C5E921B-StateMachineUpdater: set stopIndex = 0
2023-01-10 01:14:12,809 [b1e0bc18-8da5-4e58-9fa5-a506b45b1540@group-78BA0C5E921B-FollowerState] INFO  impl.FollowerState (FollowerState.java:run(152)) - b1e0bc18-8da5-4e58-9fa5-a506b45b1540@group-78BA0C5E921B-FollowerState was interrupted
2023-01-10 01:14:12,809 [b1e0bc18-8da5-4e58-9fa5-a506b45b1540@group-78BA0C5E921B-StateMachineUpdater] INFO  ratis.ContainerStateMachine (ContainerStateMachine.java:takeSnapshot(308)) - group-78BA0C5E921B: Taking a snapshot at:(t:6, i:0) file /home/runner/work/ozone/ozone/hadoop-ozone/integration-test/target/test-dir/MiniOzoneClusterImpl-62525788-12f1-42f6-8834-316215afea77/datanode-1/data/ratis/8a0d26c5-9ddc-4466-9f05-78ba0c5e921b/sm/snapshot.6_0
2023-01-10 01:14:12,809 [ForkJoinPool.commonPool-worker-0] INFO  server.GrpcService (GrpcService.java:closeImpl(271)) - b1e0bc18-8da5-4e58-9fa5-a506b45b1540: shutdown server GrpcServerProtocolService now
2023-01-10 01:14:12,808 [grpc-default-executor-1] WARN  server.GrpcServerProtocolService (LogUtils.java:warn(122)) - afa38d33-fc19-42e5-bc19-641228a4898b: installSnapshot onError, lastRequest: null: org.apache.ratis.thirdparty.io.grpc.StatusRuntimeException: CANCELLED: client cancelled
2023-01-10 01:14:12,810 [b1e0bc18-8da5-4e58-9fa5-a506b45b1540@group-78BA0C5E921B-StateMachineUpdater] INFO  ratis.ContainerStateMachine (ContainerStateMachine.java:takeSnapshot(319)) - group-78BA0C5E921B: Finished taking a snapshot at:(t:6, i:0) file:/home/runner/work/ozone/ozone/hadoop-ozone/integration-test/target/test-dir/MiniOzoneClusterImpl-62525788-12f1-42f6-8834-316215afea77/datanode-1/data/ratis/8a0d26c5-9ddc-4466-9f05-78ba0c5e921b/sm/snapshot.6_0 took: 2 ms
2023-01-10 01:14:12,810 [b1e0bc18-8da5-4e58-9fa5-a506b45b1540@group-78BA0C5E921B-StateMachineUpdater] INFO  impl.StateMachineUpdater (StateMachineUpdater.java:takeSnapshot(287)) - b1e0bc18-8da5-4e58-9fa5-a506b45b1540@group-78BA0C5E921B-StateMachineUpdater: Took a snapshot at index 0
2023-01-10 01:14:12,810 [b1e0bc18-8da5-4e58-9fa5-a506b45b1540@group-78BA0C5E921B-StateMachineUpdater] INFO  impl.StateMachineUpdater (StateMachineUpdater.java:lambda$new$0(92)) - b1e0bc18-8da5-4e58-9fa5-a506b45b1540@group-78BA0C5E921B-StateMachineUpdater: snapshotIndex: updateIncreasingly -1 -> 0
2023-01-10 01:14:12,811 [b1e0bc18-8da5-4e58-9fa5-a506b45b1540-impl-thread1] INFO  server.RaftServer$Division (ServerState.java:close(466)) - b1e0bc18-8da5-4e58-9fa5-a506b45b1540@group-78BA0C5E921B: closes. applyIndex: 0
2023-01-10 01:14:12,811 [b1e0bc18-8da5-4e58-9fa5-a506b45b1540@group-78BA0C5E921B-SegmentedRaftLogWorker] INFO  segmented.SegmentedRaftLogWorker (SegmentedRaftLogWorker.java:run(347)) - b1e0bc18-8da5-4e58-9fa5-a506b45b1540@group-78BA0C5E921B-SegmentedRaftLogWorker was interrupted, exiting. There are 0 tasks remaining in the queue.
2023-01-10 01:14:12,813 [grpc-default-executor-4] WARN  server.GrpcLogAppender (LogUtils.java:warn(122)) - 35948080-5e22-45ca-b6f3-be7de45bebca@group-78BA0C5E921B->b1e0bc18-8da5-4e58-9fa5-a506b45b1540-AppendLogResponseHandler: Failed appendEntries: org.apache.ratis.thirdparty.io.grpc.StatusRuntimeException: CANCELLED: RST_STREAM closed stream. HTTP/2 error code: CANCEL
2023-01-10 01:14:12,813 [grpc-default-executor-4] WARN  server.GrpcLogAppender (GrpcLogAppender.java:resetClient(131)) - 35948080-5e22-45ca-b6f3-be7de45bebca@group-78BA0C5E921B->b1e0bc18-8da5-4e58-9fa5-a506b45b1540-GrpcLogAppender: Leader has not got in touch with Follower 35948080-5e22-45ca-b6f3-be7de45bebca@group-78BA0C5E921B->b1e0bc18-8da5-4e58-9fa5-a506b45b1540(c0,m0,n1, attendVote=true, lastRpcSendTime=102, lastRpcResponseTime=82) yet, just keep nextIndex unchanged and retry.
2023-01-10 01:14:12,814 [grpc-default-executor-0] WARN  server.GrpcServerProtocolService (LogUtils.java:warn(122)) - b1e0bc18-8da5-4e58-9fa5-a506b45b1540: installSnapshot onError, lastRequest: 35948080-5e22-45ca-b6f3-be7de45bebca->b1e0bc18-8da5-4e58-9fa5-a506b45b1540#1-t6,previous=(t:0, i:0),leaderCommit=0,initializing? true,entries: size=1, first=(t:6, i:0), CONFIGURATIONENTRY(current:id: "b1e0bc18-8da5-4e58-9fa5-a506b45b1540"
address: "10.1.0.24:41835"
dataStreamAddress: "10.1.0.24:40391"
clientAddress: "10.1.0.24:41835"
adminAddress: "10.1.0.24:41835"
startupRole: FOLLOWER
,id: "35948080-5e22-45ca-b6f3-be7de45bebca"
address: "10.1.0.24:40989"
priority: 1
dataStreamAddress: "10.1.0.24:42993"
clientAddress: "10.1.0.24:40989"
adminAddress: "10.1.0.24:40989"
startupRole: FOLLOWER
,id: "1c34faa2-bf15-4077-af79-1a4fd95d48c3"
address: "10.1.0.24:38223"
dataStreamAddress: "10.1.0.24:46641"
clientAddress: "10.1.0.24:38223"
adminAddress: "10.1.0.24:38223"
startupRole: FOLLOWER
, old:): org.apache.ratis.thirdparty.io.grpc.StatusRuntimeException: CANCELLED: client cancelled
2023-01-10 01:14:12,815 [b1e0bc18-8da5-4e58-9fa5-a506b45b1540-impl-thread1] INFO  segmented.SegmentedRaftLogWorker (SegmentedRaftLogWorker.java:close(257)) - b1e0bc18-8da5-4e58-9fa5-a506b45b1540@group-78BA0C5E921B-SegmentedRaftLogWorker close()
2023-01-10 01:14:12,817 [Listener at 127.0.0.1/44191] INFO  server.GrpcServerProtocolClient (GrpcServerProtocolClient.java:close(101)) - 498755a8-f2f1-47a5-bb38-b65b10b21bcc Close channels
2023-01-10 01:14:12,817 [ForkJoinPool.commonPool-worker-0] INFO  server.GrpcServerProtocolClient (GrpcServerProtocolClient.java:close(101)) - 35948080-5e22-45ca-b6f3-be7de45bebca Close channels
2023-01-10 01:14:12,821 [ForkJoinPool.commonPool-worker-0] INFO  server.GrpcServerProtocolClient (GrpcServerProtocolClient.java:close(101)) - 1c34faa2-bf15-4077-af79-1a4fd95d48c3 Close channels
2023-01-10 01:14:12,827 [grpc-default-executor-1] WARN  server.GrpcServerProtocolService (LogUtils.java:warn(122)) - b1e0bc18-8da5-4e58-9fa5-a506b45b1540: installSnapshot onError, lastRequest: null: org.apache.ratis.thirdparty.io.grpc.StatusRuntimeException: CANCELLED: client cancelled
2023-01-10 01:14:12,827 [grpc-default-executor-1] WARN  server.GrpcLogAppender (LogUtils.java:warn(122)) - 35948080-5e22-45ca-b6f3-be7de45bebca@group-78BA0C5E921B->b1e0bc18-8da5-4e58-9fa5-a506b45b1540-AppendLogResponseHandler: Failed appendEntries: org.apache.ratis.thirdparty.io.grpc.StatusRuntimeException: CANCELLED: RST_STREAM closed stream. HTTP/2 error code: CANCEL
2023-01-10 01:14:12,827 [grpc-default-executor-1] WARN  server.GrpcLogAppender (GrpcLogAppender.java:resetClient(131)) - 35948080-5e22-45ca-b6f3-be7de45bebca@group-78BA0C5E921B->b1e0bc18-8da5-4e58-9fa5-a506b45b1540-GrpcLogAppender: Leader has not got in touch with Follower 35948080-5e22-45ca-b6f3-be7de45bebca@group-78BA0C5E921B->b1e0bc18-8da5-4e58-9fa5-a506b45b1540(c0,m0,n1, attendVote=true, lastRpcSendTime=116, lastRpcResponseTime=95) yet, just keep nextIndex unchanged and retry.
2023-01-10 01:14:12,831 [ForkJoinPool.commonPool-worker-0] INFO  server.GrpcService (GrpcService.java:closeImpl(280)) - b1e0bc18-8da5-4e58-9fa5-a506b45b1540: shutdown server GrpcServerProtocolService successfully
2023-01-10 01:14:12,832 [b1e0bc18-8da5-4e58-9fa5-a506b45b1540-NettyServerStreamRpc-bossGroup--thread1] INFO  logging.LoggingHandler (AbstractInternalLogger.java:log(148)) - [id: 0x21c445c6, L:/0:0:0:0:0:0:0:0:40391] CLOSE
2023-01-10 01:14:12,832 [b1e0bc18-8da5-4e58-9fa5-a506b45b1540-NettyServerStreamRpc-bossGroup--thread1] INFO  logging.LoggingHandler (AbstractInternalLogger.java:log(148)) - [id: 0x21c445c6, L:/0:0:0:0:0:0:0:0:40391] INACTIVE
2023-01-10 01:14:12,833 [b1e0bc18-8da5-4e58-9fa5-a506b45b1540-NettyServerStreamRpc-bossGroup--thread1] INFO  logging.LoggingHandler (AbstractInternalLogger.java:log(148)) - [id: 0x21c445c6, L:/0:0:0:0:0:0:0:0:40391] UNREGISTERED
2023-01-10 01:14:12,835 [Listener at 127.0.0.1/44191] INFO  server.GrpcService (GrpcService.java:closeImpl(280)) - afa38d33-fc19-42e5-bc19-641228a4898b: shutdown server GrpcServerProtocolService successfully
2023-01-10 01:14:12,835 [afa38d33-fc19-42e5-bc19-641228a4898b-NettyServerStreamRpc-bossGroup--thread1] INFO  logging.LoggingHandler (AbstractInternalLogger.java:log(148)) - [id: 0x59089fa0, L:/0:0:0:0:0:0:0:0:33715] CLOSE
2023-01-10 01:14:12,836 [afa38d33-fc19-42e5-bc19-641228a4898b-NettyServerStreamRpc-bossGroup--thread1] INFO  logging.LoggingHandler (AbstractInternalLogger.java:log(148)) - [id: 0x59089fa0, L:/0:0:0:0:0:0:0:0:33715] INACTIVE
2023-01-10 01:14:12,836 [afa38d33-fc19-42e5-bc19-641228a4898b-NettyServerStreamRpc-bossGroup--thread1] INFO  logging.LoggingHandler (AbstractInternalLogger.java:log(148)) - [id: 0x59089fa0, L:/0:0:0:0:0:0:0:0:33715] UNREGISTERED
2023-01-10 01:14:12,889 [JvmPauseMonitor13] INFO  util.JvmPauseMonitor (JvmPauseMonitor.java:run(111)) - JvmPauseMonitor-b1e0bc18-8da5-4e58-9fa5-a506b45b1540: Stopped
2023-01-10 01:14:12,891 [JvmPauseMonitor15] INFO  util.JvmPauseMonitor (JvmPauseMonitor.java:run(111)) - JvmPauseMonitor-afa38d33-fc19-42e5-bc19-641228a4898b: Stopped
2023-01-10 01:14:13,296 [grpc-default-executor-5] WARN  server.GrpcLogAppender (LogUtils.java:warn(122)) - 498755a8-f2f1-47a5-bb38-b65b10b21bcc@group-79979D135BFE->afa38d33-fc19-42e5-bc19-641228a4898b-AppendLogResponseHandler: Failed appendEntries: org.apache.ratis.thirdparty.io.grpc.StatusRuntimeException: UNAVAILABLE: io exception
2023-01-10 01:14:13,296 [grpc-default-executor-5] WARN  server.GrpcLogAppender (GrpcLogAppender.java:resetClient(131)) - 498755a8-f2f1-47a5-bb38-b65b10b21bcc@group-79979D135BFE->afa38d33-fc19-42e5-bc19-641228a4898b-GrpcLogAppender: Leader has not got in touch with Follower 498755a8-f2f1-47a5-bb38-b65b10b21bcc@group-79979D135BFE->afa38d33-fc19-42e5-bc19-641228a4898b(c0,m0,n1, attendVote=true, lastRpcSendTime=8, lastRpcResponseTime=2551) yet, just keep nextIndex unchanged and retry.
2023-01-10 01:14:13,304 [grpc-default-executor-5] WARN  server.GrpcLogAppender (LogUtils.java:warn(122)) - 498755a8-f2f1-47a5-bb38-b65b10b21bcc@group-79979D135BFE->afa38d33-fc19-42e5-bc19-641228a4898b-AppendLogResponseHandler: Failed appendEntries: org.apache.ratis.thirdparty.io.grpc.StatusRuntimeException: UNAVAILABLE: io exception
2023-01-10 01:14:13,304 [grpc-default-executor-5] WARN  server.GrpcLogAppender (GrpcLogAppender.java:resetClient(131)) - 498755a8-f2f1-47a5-bb38-b65b10b21bcc@group-79979D135BFE->afa38d33-fc19-42e5-bc19-641228a4898b-GrpcLogAppender: Leader has not got in touch with Follower 498755a8-f2f1-47a5-bb38-b65b10b21bcc@group-79979D135BFE->afa38d33-fc19-42e5-bc19-641228a4898b(c0,m0,n1, attendVote=true, lastRpcSendTime=16, lastRpcResponseTime=2559) yet, just keep nextIndex unchanged and retry.
2023-01-10 01:14:14,538 [grpc-default-executor-5] WARN  server.GrpcLogAppender (LogUtils.java:warn(122)) - 498755a8-f2f1-47a5-bb38-b65b10b21bcc@group-79979D135BFE->afa38d33-fc19-42e5-bc19-641228a4898b-AppendLogResponseHandler: Failed appendEntries: org.apache.ratis.thirdparty.io.grpc.StatusRuntimeException: UNAVAILABLE: io exception
2023-01-10 01:14:14,538 [grpc-default-executor-4] WARN  server.GrpcLogAppender (LogUtils.java:warn(122)) - 498755a8-f2f1-47a5-bb38-b65b10b21bcc@group-79979D135BFE->afa38d33-fc19-42e5-bc19-641228a4898b-AppendLogResponseHandler: Failed appendEntries: org.apache.ratis.thirdparty.io.grpc.StatusRuntimeException: UNAVAILABLE: io exception
2023-01-10 01:14:14,539 [grpc-default-executor-5] WARN  server.GrpcLogAppender (GrpcLogAppender.java:resetClient(131)) - 498755a8-f2f1-47a5-bb38-b65b10b21bcc@group-79979D135BFE->afa38d33-fc19-42e5-bc19-641228a4898b-GrpcLogAppender: Leader has not got in touch with Follower 498755a8-f2f1-47a5-bb38-b65b10b21bcc@group-79979D135BFE->afa38d33-fc19-42e5-bc19-641228a4898b(c0,m0,n1, attendVote=true, lastRpcSendTime=0, lastRpcResponseTime=3794) yet, just keep nextIndex unchanged and retry.
2023-01-10 01:14:14,544 [grpc-default-executor-4] WARN  server.GrpcLogAppender (GrpcLogAppender.java:resetClient(131)) - 498755a8-f2f1-47a5-bb38-b65b10b21bcc@group-79979D135BFE->afa38d33-fc19-42e5-bc19-641228a4898b-GrpcLogAppender: Leader has not got in touch with Follower 498755a8-f2f1-47a5-bb38-b65b10b21bcc@group-79979D135BFE->afa38d33-fc19-42e5-bc19-641228a4898b(c0,m0,n1, attendVote=true, lastRpcSendTime=5, lastRpcResponseTime=3799) yet, just keep nextIndex unchanged and retry.
2023-01-10 01:14:14,906 [Listener at 127.0.0.1/44191] INFO  volume.HddsVolume (HddsVolume.java:closeDbStore(338)) - SchemaV3 db is stopped at /home/runner/work/ozone/ozone/hadoop-ozone/integration-test/target/test-dir/MiniOzoneClusterImpl-62525788-12f1-42f6-8834-316215afea77/datanode-3/data-0/containers/hdds/62525788-12f1-42f6-8834-316215afea77/DS-3c412562-aaf8-45c0-96b6-f7b01ddf64ad/container.db for volume DS-3c412562-aaf8-45c0-96b6-f7b01ddf64ad
2023-01-10 01:14:14,907 [Listener at 127.0.0.1/44191] INFO  utils.BackgroundService (BackgroundService.java:shutdown(141)) - Shutting down service BlockDeletingService
2023-01-10 01:14:14,909 [Listener at 127.0.0.1/44191] INFO  utils.BackgroundService (BackgroundService.java:shutdown(141)) - Shutting down service StaleRecoveringContainerScrubbingService
2023-01-10 01:14:14,910 [ForkJoinPool.commonPool-worker-0] INFO  volume.HddsVolume (HddsVolume.java:closeDbStore(338)) - SchemaV3 db is stopped at /home/runner/work/ozone/ozone/hadoop-ozone/integration-test/target/test-dir/MiniOzoneClusterImpl-62525788-12f1-42f6-8834-316215afea77/datanode-1/data-0/containers/hdds/62525788-12f1-42f6-8834-316215afea77/DS-72126bd7-38c0-4395-af95-183169293715/container.db for volume DS-72126bd7-38c0-4395-af95-183169293715
2023-01-10 01:14:14,911 [ForkJoinPool.commonPool-worker-0] INFO  utils.BackgroundService (BackgroundService.java:shutdown(141)) - Shutting down service BlockDeletingService
2023-01-10 01:14:14,913 [ForkJoinPool.commonPool-worker-0] INFO  utils.BackgroundService (BackgroundService.java:shutdown(141)) - Shutting down service StaleRecoveringContainerScrubbingService
2023-01-10 01:14:14,914 [Listener at 127.0.0.1/44191] INFO  statemachine.DatanodeStateMachine (DatanodeStateMachine.java:stopDaemon(596)) - Ozone container server stopped.
2023-01-10 01:14:14,922 [ForkJoinPool.commonPool-worker-0] INFO  statemachine.DatanodeStateMachine (DatanodeStateMachine.java:stopDaemon(596)) - Ozone container server stopped.
2023-01-10 01:14:14,935 [Listener at 127.0.0.1/44191] INFO  handler.ContextHandler (ContextHandler.java:doStop(1159)) - Stopped o.e.j.w.WebAppContext@1c8960cb{hddsDatanode,/,null,STOPPED}{jar:file:/home/runner/.m2/repository/org/apache/ozone/hdds-container-service/1.4.0-SNAPSHOT/hdds-container-service-1.4.0-SNAPSHOT.jar!/webapps/hddsDatanode}
2023-01-10 01:14:14,936 [ForkJoinPool.commonPool-worker-0] INFO  handler.ContextHandler (ContextHandler.java:doStop(1159)) - Stopped o.e.j.w.WebAppContext@65b81cbf{hddsDatanode,/,null,STOPPED}{jar:file:/home/runner/.m2/repository/org/apache/ozone/hdds-container-service/1.4.0-SNAPSHOT/hdds-container-service-1.4.0-SNAPSHOT.jar!/webapps/hddsDatanode}
2023-01-10 01:14:14,938 [Listener at 127.0.0.1/44191] INFO  server.AbstractConnector (AbstractConnector.java:doStop(383)) - Stopped ServerConnector@1069a876{HTTP/1.1, (http/1.1)}{0.0.0.0:0}
2023-01-10 01:14:14,938 [Listener at 127.0.0.1/44191] INFO  server.session (HouseKeeper.java:stopScavenging(149)) - node0 Stopped scavenging
2023-01-10 01:14:14,938 [Listener at 127.0.0.1/44191] INFO  handler.ContextHandler (ContextHandler.java:doStop(1159)) - Stopped o.e.j.s.ServletContextHandler@2455bb88{static,/static,jar:file:/home/runner/.m2/repository/org/apache/ozone/hdds-container-service/1.4.0-SNAPSHOT/hdds-container-service-1.4.0-SNAPSHOT.jar!/webapps/static,STOPPED}
2023-01-10 01:14:14,939 [Listener at 127.0.0.1/44191] INFO  handler.ContextHandler (ContextHandler.java:doStop(1159)) - Stopped o.e.j.s.ServletContextHandler@13e87a4e{logs,/logs,file:///home/runner/work/ozone/ozone/hadoop-ozone/integration-test/target/log,STOPPED}
2023-01-10 01:14:14,939 [ForkJoinPool.commonPool-worker-0] INFO  server.AbstractConnector (AbstractConnector.java:doStop(383)) - Stopped ServerConnector@2a13034e{HTTP/1.1, (http/1.1)}{0.0.0.0:0}
2023-01-10 01:14:14,939 [ForkJoinPool.commonPool-worker-0] INFO  server.session (HouseKeeper.java:stopScavenging(149)) - node0 Stopped scavenging
2023-01-10 01:14:14,940 [ForkJoinPool.commonPool-worker-0] INFO  handler.ContextHandler (ContextHandler.java:doStop(1159)) - Stopped o.e.j.s.ServletContextHandler@297139df{static,/static,jar:file:/home/runner/.m2/repository/org/apache/ozone/hdds-container-service/1.4.0-SNAPSHOT/hdds-container-service-1.4.0-SNAPSHOT.jar!/webapps/static,STOPPED}
2023-01-10 01:14:14,940 [ForkJoinPool.commonPool-worker-0] INFO  handler.ContextHandler (ContextHandler.java:doStop(1159)) - Stopped o.e.j.s.ServletContextHandler@64aa895e{logs,/logs,file:///home/runner/work/ozone/ozone/hadoop-ozone/integration-test/target/log,STOPPED}
2023-01-10 01:14:14,943 [Listener at 127.0.0.1/44191] INFO  ozoneimpl.OzoneContainer (OzoneContainer.java:stop(417)) - Attempting to stop container services.
2023-01-10 01:14:14,945 [Listener at 127.0.0.1/44191] INFO  server.RaftServer (RaftServerProxy.java:lambda$close$6(409)) - 755113df-b2d2-4f4d-a016-da6f7eba54ac: close
2023-01-10 01:14:14,945 [Listener at 127.0.0.1/44191] INFO  server.GrpcService (GrpcService.java:closeImpl(271)) - 755113df-b2d2-4f4d-a016-da6f7eba54ac: shutdown server GrpcServerProtocolService now
2023-01-10 01:14:14,945 [755113df-b2d2-4f4d-a016-da6f7eba54ac-impl-thread1] INFO  server.RaftServer$Division (RaftServerImpl.java:lambda$close$4(458)) - 755113df-b2d2-4f4d-a016-da6f7eba54ac@group-79979D135BFE: shutdown
2023-01-10 01:14:14,945 [755113df-b2d2-4f4d-a016-da6f7eba54ac-impl-thread1] INFO  util.JmxRegister (JmxRegister.java:unregister(73)) - Successfully un-registered JMX Bean with object name Ratis:service=RaftServer,group=group-79979D135BFE,id=755113df-b2d2-4f4d-a016-da6f7eba54ac
2023-01-10 01:14:14,945 [755113df-b2d2-4f4d-a016-da6f7eba54ac-impl-thread1] INFO  impl.RoleInfo (RoleInfo.java:shutdownFollowerState(110)) - 755113df-b2d2-4f4d-a016-da6f7eba54ac: shutdown 755113df-b2d2-4f4d-a016-da6f7eba54ac@group-79979D135BFE-FollowerState
2023-01-10 01:14:14,947 [755113df-b2d2-4f4d-a016-da6f7eba54ac-impl-thread1] INFO  impl.StateMachineUpdater (StateMachineUpdater.java:stopAndJoin(153)) - 755113df-b2d2-4f4d-a016-da6f7eba54ac@group-79979D135BFE-StateMachineUpdater: set stopIndex = 0
2023-01-10 01:14:14,948 [755113df-b2d2-4f4d-a016-da6f7eba54ac@group-79979D135BFE-StateMachineUpdater] INFO  ratis.ContainerStateMachine (ContainerStateMachine.java:takeSnapshot(308)) - group-79979D135BFE: Taking a snapshot at:(t:4, i:0) file /home/runner/work/ozone/ozone/hadoop-ozone/integration-test/target/test-dir/MiniOzoneClusterImpl-62525788-12f1-42f6-8834-316215afea77/datanode-5/data/ratis/806defe6-91a0-4966-ac34-79979d135bfe/sm/snapshot.4_0
2023-01-10 01:14:14,949 [grpc-default-executor-1] WARN  server.GrpcServerProtocolService (LogUtils.java:warn(122)) - 755113df-b2d2-4f4d-a016-da6f7eba54ac: installSnapshot onError, lastRequest: 498755a8-f2f1-47a5-bb38-b65b10b21bcc->755113df-b2d2-4f4d-a016-da6f7eba54ac#1-t4,previous=(t:0, i:0),leaderCommit=0,initializing? true,entries: size=1, first=(t:4, i:0), CONFIGURATIONENTRY(current:id: "755113df-b2d2-4f4d-a016-da6f7eba54ac"
address: "10.1.0.24:40991"
dataStreamAddress: "10.1.0.24:38909"
clientAddress: "10.1.0.24:40991"
adminAddress: "10.1.0.24:40991"
startupRole: FOLLOWER
,id: "498755a8-f2f1-47a5-bb38-b65b10b21bcc"
address: "10.1.0.24:40949"
priority: 1
dataStreamAddress: "10.1.0.24:39249"
clientAddress: "10.1.0.24:40949"
adminAddress: "10.1.0.24:40949"
startupRole: FOLLOWER
,id: "afa38d33-fc19-42e5-bc19-641228a4898b"
address: "10.1.0.24:37195"
dataStreamAddress: "10.1.0.24:33715"
clientAddress: "10.1.0.24:37195"
adminAddress: "10.1.0.24:37195"
startupRole: FOLLOWER
, old:): org.apache.ratis.thirdparty.io.grpc.StatusRuntimeException: CANCELLED: client cancelled
2023-01-10 01:14:14,949 [grpc-default-executor-5] WARN  server.GrpcServerProtocolService (LogUtils.java:warn(122)) - 755113df-b2d2-4f4d-a016-da6f7eba54ac: installSnapshot onError, lastRequest: null: org.apache.ratis.thirdparty.io.grpc.StatusRuntimeException: CANCELLED: client cancelled
2023-01-10 01:14:14,949 [grpc-default-executor-6] WARN  server.GrpcLogAppender (LogUtils.java:warn(122)) - 498755a8-f2f1-47a5-bb38-b65b10b21bcc@group-79979D135BFE->755113df-b2d2-4f4d-a016-da6f7eba54ac-AppendLogResponseHandler: Failed appendEntries: org.apache.ratis.thirdparty.io.grpc.StatusRuntimeException: CANCELLED: RST_STREAM closed stream. HTTP/2 error code: CANCEL
2023-01-10 01:14:14,949 [grpc-default-executor-6] WARN  server.GrpcLogAppender (GrpcLogAppender.java:resetClient(131)) - 498755a8-f2f1-47a5-bb38-b65b10b21bcc@group-79979D135BFE->755113df-b2d2-4f4d-a016-da6f7eba54ac-GrpcLogAppender: Leader has not got in touch with Follower 498755a8-f2f1-47a5-bb38-b65b10b21bcc@group-79979D135BFE->755113df-b2d2-4f4d-a016-da6f7eba54ac(c0,m0,n1, attendVote=true, lastRpcSendTime=1662, lastRpcResponseTime=1651) yet, just keep nextIndex unchanged and retry.
2023-01-10 01:14:14,952 [755113df-b2d2-4f4d-a016-da6f7eba54ac@group-79979D135BFE-StateMachineUpdater] INFO  ratis.ContainerStateMachine (ContainerStateMachine.java:takeSnapshot(319)) - group-79979D135BFE: Finished taking a snapshot at:(t:4, i:0) file:/home/runner/work/ozone/ozone/hadoop-ozone/integration-test/target/test-dir/MiniOzoneClusterImpl-62525788-12f1-42f6-8834-316215afea77/datanode-5/data/ratis/806defe6-91a0-4966-ac34-79979d135bfe/sm/snapshot.4_0 took: 4 ms
2023-01-10 01:14:14,952 [755113df-b2d2-4f4d-a016-da6f7eba54ac@group-79979D135BFE-StateMachineUpdater] INFO  impl.StateMachineUpdater (StateMachineUpdater.java:takeSnapshot(287)) - 755113df-b2d2-4f4d-a016-da6f7eba54ac@group-79979D135BFE-StateMachineUpdater: Took a snapshot at index 0
2023-01-10 01:14:14,952 [755113df-b2d2-4f4d-a016-da6f7eba54ac@group-79979D135BFE-StateMachineUpdater] INFO  impl.StateMachineUpdater (StateMachineUpdater.java:lambda$new$0(92)) - 755113df-b2d2-4f4d-a016-da6f7eba54ac@group-79979D135BFE-StateMachineUpdater: snapshotIndex: updateIncreasingly -1 -> 0
2023-01-10 01:14:14,952 [755113df-b2d2-4f4d-a016-da6f7eba54ac-impl-thread1] INFO  server.RaftServer$Division (ServerState.java:close(466)) - 755113df-b2d2-4f4d-a016-da6f7eba54ac@group-79979D135BFE: closes. applyIndex: 0
2023-01-10 01:14:14,953 [755113df-b2d2-4f4d-a016-da6f7eba54ac@group-79979D135BFE-SegmentedRaftLogWorker] INFO  segmented.SegmentedRaftLogWorker (SegmentedRaftLogWorker.java:run(347)) - 755113df-b2d2-4f4d-a016-da6f7eba54ac@group-79979D135BFE-SegmentedRaftLogWorker was interrupted, exiting. There are 0 tasks remaining in the queue.
2023-01-10 01:14:14,953 [755113df-b2d2-4f4d-a016-da6f7eba54ac-impl-thread1] INFO  segmented.SegmentedRaftLogWorker (SegmentedRaftLogWorker.java:close(257)) - 755113df-b2d2-4f4d-a016-da6f7eba54ac@group-79979D135BFE-SegmentedRaftLogWorker close()
2023-01-10 01:14:14,959 [ForkJoinPool.commonPool-worker-0] INFO  ozoneimpl.OzoneContainer (OzoneContainer.java:stop(417)) - Attempting to stop container services.
2023-01-10 01:14:14,947 [Listener at 127.0.0.1/44191] INFO  server.GrpcServerProtocolClient (GrpcServerProtocolClient.java:close(101)) - 498755a8-f2f1-47a5-bb38-b65b10b21bcc Close channels
2023-01-10 01:14:14,960 [grpc-default-executor-1] WARN  server.GrpcLogAppender (LogUtils.java:warn(122)) - 498755a8-f2f1-47a5-bb38-b65b10b21bcc@group-79979D135BFE->755113df-b2d2-4f4d-a016-da6f7eba54ac-AppendLogResponseHandler: Failed appendEntries: org.apache.ratis.thirdparty.io.grpc.StatusRuntimeException: CANCELLED: RST_STREAM closed stream. HTTP/2 error code: CANCEL
2023-01-10 01:14:14,947 [755113df-b2d2-4f4d-a016-da6f7eba54ac@group-79979D135BFE-FollowerState] INFO  impl.FollowerState (FollowerState.java:run(152)) - 755113df-b2d2-4f4d-a016-da6f7eba54ac@group-79979D135BFE-FollowerState was interrupted
2023-01-10 01:14:14,967 [grpc-default-executor-1] WARN  server.GrpcLogAppender (GrpcLogAppender.java:resetClient(131)) - 498755a8-f2f1-47a5-bb38-b65b10b21bcc@group-79979D135BFE->755113df-b2d2-4f4d-a016-da6f7eba54ac-GrpcLogAppender: Leader has not got in touch with Follower 498755a8-f2f1-47a5-bb38-b65b10b21bcc@group-79979D135BFE->755113df-b2d2-4f4d-a016-da6f7eba54ac(c0,m0,n1, attendVote=true, lastRpcSendTime=1679, lastRpcResponseTime=1668) yet, just keep nextIndex unchanged and retry.
2023-01-10 01:14:14,967 [ForkJoinPool.commonPool-worker-0] INFO  server.RaftServer (RaftServerProxy.java:lambda$close$6(409)) - 1c34faa2-bf15-4077-af79-1a4fd95d48c3: close
2023-01-10 01:14:14,967 [ForkJoinPool.commonPool-worker-0] INFO  server.GrpcService (GrpcService.java:closeImpl(271)) - 1c34faa2-bf15-4077-af79-1a4fd95d48c3: shutdown server GrpcServerProtocolService now
2023-01-10 01:14:14,967 [1c34faa2-bf15-4077-af79-1a4fd95d48c3-impl-thread1] INFO  server.RaftServer$Division (RaftServerImpl.java:lambda$close$4(458)) - 1c34faa2-bf15-4077-af79-1a4fd95d48c3@group-78BA0C5E921B: shutdown
2023-01-10 01:14:14,967 [1c34faa2-bf15-4077-af79-1a4fd95d48c3-impl-thread1] INFO  util.JmxRegister (JmxRegister.java:unregister(73)) - Successfully un-registered JMX Bean with object name Ratis:service=RaftServer,group=group-78BA0C5E921B,id=1c34faa2-bf15-4077-af79-1a4fd95d48c3
2023-01-10 01:14:14,970 [1c34faa2-bf15-4077-af79-1a4fd95d48c3-impl-thread1] INFO  impl.RoleInfo (RoleInfo.java:shutdownFollowerState(110)) - 1c34faa2-bf15-4077-af79-1a4fd95d48c3: shutdown 1c34faa2-bf15-4077-af79-1a4fd95d48c3@group-78BA0C5E921B-FollowerState
2023-01-10 01:14:14,970 [Listener at 127.0.0.1/44191] INFO  server.GrpcServerProtocolClient (GrpcServerProtocolClient.java:close(101)) - afa38d33-fc19-42e5-bc19-641228a4898b Close channels
2023-01-10 01:14:14,970 [1c34faa2-bf15-4077-af79-1a4fd95d48c3@group-78BA0C5E921B-FollowerState] INFO  impl.FollowerState (FollowerState.java:run(152)) - 1c34faa2-bf15-4077-af79-1a4fd95d48c3@group-78BA0C5E921B-FollowerState was interrupted
2023-01-10 01:14:14,970 [1c34faa2-bf15-4077-af79-1a4fd95d48c3-impl-thread1] INFO  impl.StateMachineUpdater (StateMachineUpdater.java:stopAndJoin(153)) - 1c34faa2-bf15-4077-af79-1a4fd95d48c3@group-78BA0C5E921B-StateMachineUpdater: set stopIndex = 0
2023-01-10 01:14:14,974 [grpc-default-executor-0] WARN  server.GrpcLogAppender (LogUtils.java:warn(122)) - 35948080-5e22-45ca-b6f3-be7de45bebca@group-78BA0C5E921B->1c34faa2-bf15-4077-af79-1a4fd95d48c3-AppendLogResponseHandler: Failed appendEntries: org.apache.ratis.thirdparty.io.grpc.StatusRuntimeException: CANCELLED: RST_STREAM closed stream. HTTP/2 error code: CANCEL
2023-01-10 01:14:14,973 [grpc-default-executor-1] WARN  server.GrpcLogAppender (LogUtils.java:warn(122)) - 35948080-5e22-45ca-b6f3-be7de45bebca@group-78BA0C5E921B->1c34faa2-bf15-4077-af79-1a4fd95d48c3-AppendLogResponseHandler: Failed appendEntries: org.apache.ratis.thirdparty.io.grpc.StatusRuntimeException: CANCELLED: RST_STREAM closed stream. HTTP/2 error code: CANCEL
2023-01-10 01:14:14,973 [grpc-default-executor-4] WARN  server.GrpcServerProtocolService (LogUtils.java:warn(122)) - 1c34faa2-bf15-4077-af79-1a4fd95d48c3: installSnapshot onError, lastRequest: 35948080-5e22-45ca-b6f3-be7de45bebca->1c34faa2-bf15-4077-af79-1a4fd95d48c3#1-t6,previous=(t:0, i:0),leaderCommit=0,initializing? true,entries: size=1, first=(t:6, i:0), CONFIGURATIONENTRY(current:id: "b1e0bc18-8da5-4e58-9fa5-a506b45b1540"
address: "10.1.0.24:41835"
dataStreamAddress: "10.1.0.24:40391"
clientAddress: "10.1.0.24:41835"
adminAddress: "10.1.0.24:41835"
startupRole: FOLLOWER
,id: "35948080-5e22-45ca-b6f3-be7de45bebca"
address: "10.1.0.24:40989"
priority: 1
dataStreamAddress: "10.1.0.24:42993"
clientAddress: "10.1.0.24:40989"
adminAddress: "10.1.0.24:40989"
startupRole: FOLLOWER
,id: "1c34faa2-bf15-4077-af79-1a4fd95d48c3"
address: "10.1.0.24:38223"
dataStreamAddress: "10.1.0.24:46641"
clientAddress: "10.1.0.24:38223"
adminAddress: "10.1.0.24:38223"
startupRole: FOLLOWER
, old:): org.apache.ratis.thirdparty.io.grpc.StatusRuntimeException: CANCELLED: client cancelled
2023-01-10 01:14:14,973 [1c34faa2-bf15-4077-af79-1a4fd95d48c3@group-78BA0C5E921B-StateMachineUpdater] INFO  ratis.ContainerStateMachine (ContainerStateMachine.java:takeSnapshot(308)) - group-78BA0C5E921B: Taking a snapshot at:(t:6, i:0) file /home/runner/work/ozone/ozone/hadoop-ozone/integration-test/target/test-dir/MiniOzoneClusterImpl-62525788-12f1-42f6-8834-316215afea77/datanode-2/data/ratis/8a0d26c5-9ddc-4466-9f05-78ba0c5e921b/sm/snapshot.6_0
2023-01-10 01:14:14,973 [grpc-default-executor-6] WARN  server.GrpcServerProtocolService (LogUtils.java:warn(122)) - 1c34faa2-bf15-4077-af79-1a4fd95d48c3: installSnapshot onError, lastRequest: null: org.apache.ratis.thirdparty.io.grpc.StatusRuntimeException: CANCELLED: client cancelled
2023-01-10 01:14:14,972 [ForkJoinPool.commonPool-worker-0] INFO  server.GrpcServerProtocolClient (GrpcServerProtocolClient.java:close(101)) - b1e0bc18-8da5-4e58-9fa5-a506b45b1540 Close channels
2023-01-10 01:14:14,975 [ForkJoinPool.commonPool-worker-0] INFO  server.GrpcServerProtocolClient (GrpcServerProtocolClient.java:close(101)) - 35948080-5e22-45ca-b6f3-be7de45bebca Close channels
2023-01-10 01:14:14,972 [Listener at 127.0.0.1/44191] INFO  server.GrpcService (GrpcService.java:closeImpl(280)) - 755113df-b2d2-4f4d-a016-da6f7eba54ac: shutdown server GrpcServerProtocolService successfully
2023-01-10 01:14:14,974 [grpc-default-executor-0] WARN  server.GrpcLogAppender (GrpcLogAppender.java:resetClient(131)) - 35948080-5e22-45ca-b6f3-be7de45bebca@group-78BA0C5E921B->1c34faa2-bf15-4077-af79-1a4fd95d48c3-GrpcLogAppender: Leader has not got in touch with Follower 35948080-5e22-45ca-b6f3-be7de45bebca@group-78BA0C5E921B->1c34faa2-bf15-4077-af79-1a4fd95d48c3(c0,m0,n1, attendVote=true, lastRpcSendTime=2263, lastRpcResponseTime=2243) yet, just keep nextIndex unchanged and retry.
2023-01-10 01:14:14,975 [grpc-default-executor-1] WARN  server.GrpcLogAppender (GrpcLogAppender.java:resetClient(131)) - 35948080-5e22-45ca-b6f3-be7de45bebca@group-78BA0C5E921B->1c34faa2-bf15-4077-af79-1a4fd95d48c3-GrpcLogAppender: Leader has not got in touch with Follower 35948080-5e22-45ca-b6f3-be7de45bebca@group-78BA0C5E921B->1c34faa2-bf15-4077-af79-1a4fd95d48c3(c0,m0,n1, attendVote=true, lastRpcSendTime=2264, lastRpcResponseTime=2244) yet, just keep nextIndex unchanged and retry.
2023-01-10 01:14:14,975 [755113df-b2d2-4f4d-a016-da6f7eba54ac-NettyServerStreamRpc-bossGroup--thread1] INFO  logging.LoggingHandler (AbstractInternalLogger.java:log(148)) - [id: 0xebfda9a1, L:/0:0:0:0:0:0:0:0:38909] CLOSE
2023-01-10 01:14:14,976 [755113df-b2d2-4f4d-a016-da6f7eba54ac-NettyServerStreamRpc-bossGroup--thread1] INFO  logging.LoggingHandler (AbstractInternalLogger.java:log(148)) - [id: 0xebfda9a1, L:/0:0:0:0:0:0:0:0:38909] INACTIVE
2023-01-10 01:14:14,976 [755113df-b2d2-4f4d-a016-da6f7eba54ac-NettyServerStreamRpc-bossGroup--thread1] INFO  logging.LoggingHandler (AbstractInternalLogger.java:log(148)) - [id: 0xebfda9a1, L:/0:0:0:0:0:0:0:0:38909] UNREGISTERED
2023-01-10 01:14:14,976 [1c34faa2-bf15-4077-af79-1a4fd95d48c3@group-78BA0C5E921B-StateMachineUpdater] INFO  ratis.ContainerStateMachine (ContainerStateMachine.java:takeSnapshot(319)) - group-78BA0C5E921B: Finished taking a snapshot at:(t:6, i:0) file:/home/runner/work/ozone/ozone/hadoop-ozone/integration-test/target/test-dir/MiniOzoneClusterImpl-62525788-12f1-42f6-8834-316215afea77/datanode-2/data/ratis/8a0d26c5-9ddc-4466-9f05-78ba0c5e921b/sm/snapshot.6_0 took: 3 ms
2023-01-10 01:14:14,976 [1c34faa2-bf15-4077-af79-1a4fd95d48c3@group-78BA0C5E921B-StateMachineUpdater] INFO  impl.StateMachineUpdater (StateMachineUpdater.java:takeSnapshot(287)) - 1c34faa2-bf15-4077-af79-1a4fd95d48c3@group-78BA0C5E921B-StateMachineUpdater: Took a snapshot at index 0
2023-01-10 01:14:14,976 [1c34faa2-bf15-4077-af79-1a4fd95d48c3@group-78BA0C5E921B-StateMachineUpdater] INFO  impl.StateMachineUpdater (StateMachineUpdater.java:lambda$new$0(92)) - 1c34faa2-bf15-4077-af79-1a4fd95d48c3@group-78BA0C5E921B-StateMachineUpdater: snapshotIndex: updateIncreasingly -1 -> 0
2023-01-10 01:14:14,976 [1c34faa2-bf15-4077-af79-1a4fd95d48c3-impl-thread1] INFO  server.RaftServer$Division (ServerState.java:close(466)) - 1c34faa2-bf15-4077-af79-1a4fd95d48c3@group-78BA0C5E921B: closes. applyIndex: 0
2023-01-10 01:14:14,980 [ForkJoinPool.commonPool-worker-0] INFO  server.GrpcService (GrpcService.java:closeImpl(280)) - 1c34faa2-bf15-4077-af79-1a4fd95d48c3: shutdown server GrpcServerProtocolService successfully
2023-01-10 01:14:14,980 [1c34faa2-bf15-4077-af79-1a4fd95d48c3-NettyServerStreamRpc-bossGroup--thread1] INFO  logging.LoggingHandler (AbstractInternalLogger.java:log(148)) - [id: 0xda061201, L:/0:0:0:0:0:0:0:0:46641] CLOSE
2023-01-10 01:14:14,980 [1c34faa2-bf15-4077-af79-1a4fd95d48c3-NettyServerStreamRpc-bossGroup--thread1] INFO  logging.LoggingHandler (AbstractInternalLogger.java:log(148)) - [id: 0xda061201, L:/0:0:0:0:0:0:0:0:46641] INACTIVE
2023-01-10 01:14:14,980 [1c34faa2-bf15-4077-af79-1a4fd95d48c3-NettyServerStreamRpc-bossGroup--thread1] INFO  logging.LoggingHandler (AbstractInternalLogger.java:log(148)) - [id: 0xda061201, L:/0:0:0:0:0:0:0:0:46641] UNREGISTERED
2023-01-10 01:14:14,982 [1c34faa2-bf15-4077-af79-1a4fd95d48c3@group-78BA0C5E921B-SegmentedRaftLogWorker] INFO  segmented.SegmentedRaftLogWorker (SegmentedRaftLogWorker.java:run(347)) - 1c34faa2-bf15-4077-af79-1a4fd95d48c3@group-78BA0C5E921B-SegmentedRaftLogWorker was interrupted, exiting. There are 0 tasks remaining in the queue.
2023-01-10 01:14:14,982 [1c34faa2-bf15-4077-af79-1a4fd95d48c3-impl-thread1] INFO  segmented.SegmentedRaftLogWorker (SegmentedRaftLogWorker.java:close(257)) - 1c34faa2-bf15-4077-af79-1a4fd95d48c3@group-78BA0C5E921B-SegmentedRaftLogWorker close()
2023-01-10 01:14:15,028 [JvmPauseMonitor17] INFO  util.JvmPauseMonitor (JvmPauseMonitor.java:run(111)) - JvmPauseMonitor-755113df-b2d2-4f4d-a016-da6f7eba54ac: Stopped
2023-01-10 01:14:15,030 [JvmPauseMonitor14] INFO  util.JvmPauseMonitor (JvmPauseMonitor.java:run(111)) - JvmPauseMonitor-1c34faa2-bf15-4077-af79-1a4fd95d48c3: Stopped
2023-01-10 01:14:15,235 [grpc-default-executor-6] WARN  server.GrpcLogAppender (LogUtils.java:warn(122)) - 35948080-5e22-45ca-b6f3-be7de45bebca@group-78BA0C5E921B->1c34faa2-bf15-4077-af79-1a4fd95d48c3-AppendLogResponseHandler: Failed appendEntries: org.apache.ratis.thirdparty.io.grpc.StatusRuntimeException: UNAVAILABLE: io exception
2023-01-10 01:14:15,236 [grpc-default-executor-6] WARN  server.GrpcLogAppender (GrpcLogAppender.java:resetClient(131)) - 35948080-5e22-45ca-b6f3-be7de45bebca@group-78BA0C5E921B->1c34faa2-bf15-4077-af79-1a4fd95d48c3-GrpcLogAppender: Leader has not got in touch with Follower 35948080-5e22-45ca-b6f3-be7de45bebca@group-78BA0C5E921B->1c34faa2-bf15-4077-af79-1a4fd95d48c3(c0,m0,n1, attendVote=true, lastRpcSendTime=2524, lastRpcResponseTime=2504) yet, just keep nextIndex unchanged and retry.
2023-01-10 01:14:15,236 [grpc-default-executor-1] WARN  server.GrpcLogAppender (LogUtils.java:warn(122)) - 35948080-5e22-45ca-b6f3-be7de45bebca@group-78BA0C5E921B->1c34faa2-bf15-4077-af79-1a4fd95d48c3-AppendLogResponseHandler: Failed appendEntries: org.apache.ratis.thirdparty.io.grpc.StatusRuntimeException: UNAVAILABLE: io exception
2023-01-10 01:14:15,237 [grpc-default-executor-1] WARN  server.GrpcLogAppender (GrpcLogAppender.java:resetClient(131)) - 35948080-5e22-45ca-b6f3-be7de45bebca@group-78BA0C5E921B->1c34faa2-bf15-4077-af79-1a4fd95d48c3-GrpcLogAppender: Leader has not got in touch with Follower 35948080-5e22-45ca-b6f3-be7de45bebca@group-78BA0C5E921B->1c34faa2-bf15-4077-af79-1a4fd95d48c3(c0,m0,n1, attendVote=true, lastRpcSendTime=2526, lastRpcResponseTime=2505) yet, just keep nextIndex unchanged and retry.
2023-01-10 01:14:15,249 [grpc-default-executor-1] WARN  server.GrpcLogAppender (LogUtils.java:warn(122)) - 35948080-5e22-45ca-b6f3-be7de45bebca@group-78BA0C5E921B->b1e0bc18-8da5-4e58-9fa5-a506b45b1540-AppendLogResponseHandler: Failed appendEntries: org.apache.ratis.thirdparty.io.grpc.StatusRuntimeException: UNAVAILABLE: io exception
2023-01-10 01:14:15,250 [grpc-default-executor-1] WARN  server.GrpcLogAppender (GrpcLogAppender.java:resetClient(131)) - 35948080-5e22-45ca-b6f3-be7de45bebca@group-78BA0C5E921B->b1e0bc18-8da5-4e58-9fa5-a506b45b1540-GrpcLogAppender: Leader has not got in touch with Follower 35948080-5e22-45ca-b6f3-be7de45bebca@group-78BA0C5E921B->b1e0bc18-8da5-4e58-9fa5-a506b45b1540(c0,m0,n1, attendVote=true, lastRpcSendTime=0, lastRpcResponseTime=2518) yet, just keep nextIndex unchanged and retry.
2023-01-10 01:14:15,251 [grpc-default-executor-6] WARN  server.GrpcLogAppender (LogUtils.java:warn(122)) - 35948080-5e22-45ca-b6f3-be7de45bebca@group-78BA0C5E921B->b1e0bc18-8da5-4e58-9fa5-a506b45b1540-AppendLogResponseHandler: Failed appendEntries: org.apache.ratis.thirdparty.io.grpc.StatusRuntimeException: UNAVAILABLE: io exception
2023-01-10 01:14:15,252 [grpc-default-executor-6] WARN  server.GrpcLogAppender (GrpcLogAppender.java:resetClient(131)) - 35948080-5e22-45ca-b6f3-be7de45bebca@group-78BA0C5E921B->b1e0bc18-8da5-4e58-9fa5-a506b45b1540-GrpcLogAppender: Leader has not got in touch with Follower 35948080-5e22-45ca-b6f3-be7de45bebca@group-78BA0C5E921B->b1e0bc18-8da5-4e58-9fa5-a506b45b1540(c0,m0,n1, attendVote=true, lastRpcSendTime=2, lastRpcResponseTime=2520) yet, just keep nextIndex unchanged and retry.
2023-01-10 01:14:15,789 [grpc-default-executor-6] WARN  server.GrpcLogAppender (LogUtils.java:warn(122)) - 498755a8-f2f1-47a5-bb38-b65b10b21bcc@group-79979D135BFE->afa38d33-fc19-42e5-bc19-641228a4898b-AppendLogResponseHandler: Failed appendEntries: org.apache.ratis.thirdparty.io.grpc.StatusRuntimeException: UNAVAILABLE: io exception
2023-01-10 01:14:15,789 [grpc-default-executor-1] WARN  server.GrpcLogAppender (LogUtils.java:warn(122)) - 498755a8-f2f1-47a5-bb38-b65b10b21bcc@group-79979D135BFE->afa38d33-fc19-42e5-bc19-641228a4898b-AppendLogResponseHandler: Failed appendEntries: org.apache.ratis.thirdparty.io.grpc.StatusRuntimeException: UNAVAILABLE: io exception
2023-01-10 01:14:15,790 [grpc-default-executor-6] WARN  server.GrpcLogAppender (GrpcLogAppender.java:resetClient(131)) - 498755a8-f2f1-47a5-bb38-b65b10b21bcc@group-79979D135BFE->afa38d33-fc19-42e5-bc19-641228a4898b-GrpcLogAppender: Leader has not got in touch with Follower 498755a8-f2f1-47a5-bb38-b65b10b21bcc@group-79979D135BFE->afa38d33-fc19-42e5-bc19-641228a4898b(c0,m0,n1, attendVote=true, lastRpcSendTime=0, lastRpcResponseTime=5045) yet, just keep nextIndex unchanged and retry.
2023-01-10 01:14:15,792 [grpc-default-executor-1] WARN  server.GrpcLogAppender (GrpcLogAppender.java:resetClient(131)) - 498755a8-f2f1-47a5-bb38-b65b10b21bcc@group-79979D135BFE->afa38d33-fc19-42e5-bc19-641228a4898b-GrpcLogAppender: Leader has not got in touch with Follower 498755a8-f2f1-47a5-bb38-b65b10b21bcc@group-79979D135BFE->afa38d33-fc19-42e5-bc19-641228a4898b(c0,m0,n1, attendVote=true, lastRpcSendTime=2, lastRpcResponseTime=5047) yet, just keep nextIndex unchanged and retry.
2023-01-10 01:14:15,804 [grpc-default-executor-1] WARN  server.GrpcLogAppender (LogUtils.java:warn(122)) - 498755a8-f2f1-47a5-bb38-b65b10b21bcc@group-79979D135BFE->755113df-b2d2-4f4d-a016-da6f7eba54ac-AppendLogResponseHandler: Failed appendEntries: org.apache.ratis.thirdparty.io.grpc.StatusRuntimeException: UNAVAILABLE: io exception
2023-01-10 01:14:15,805 [grpc-default-executor-0] WARN  server.GrpcLogAppender (LogUtils.java:warn(122)) - 498755a8-f2f1-47a5-bb38-b65b10b21bcc@group-79979D135BFE->755113df-b2d2-4f4d-a016-da6f7eba54ac-AppendLogResponseHandler: Failed appendEntries: org.apache.ratis.thirdparty.io.grpc.StatusRuntimeException: UNAVAILABLE: io exception
2023-01-10 01:14:15,806 [grpc-default-executor-1] WARN  server.GrpcLogAppender (GrpcLogAppender.java:resetClient(131)) - 498755a8-f2f1-47a5-bb38-b65b10b21bcc@group-79979D135BFE->755113df-b2d2-4f4d-a016-da6f7eba54ac-GrpcLogAppender: Leader has not got in touch with Follower 498755a8-f2f1-47a5-bb38-b65b10b21bcc@group-79979D135BFE->755113df-b2d2-4f4d-a016-da6f7eba54ac(c0,m0,n1, attendVote=true, lastRpcSendTime=1, lastRpcResponseTime=2508) yet, just keep nextIndex unchanged and retry.
2023-01-10 01:14:15,806 [grpc-default-executor-0] WARN  server.GrpcLogAppender (GrpcLogAppender.java:resetClient(131)) - 498755a8-f2f1-47a5-bb38-b65b10b21bcc@group-79979D135BFE->755113df-b2d2-4f4d-a016-da6f7eba54ac-GrpcLogAppender: Leader has not got in touch with Follower 498755a8-f2f1-47a5-bb38-b65b10b21bcc@group-79979D135BFE->755113df-b2d2-4f4d-a016-da6f7eba54ac(c0,m0,n1, attendVote=true, lastRpcSendTime=1, lastRpcResponseTime=2508) yet, just keep nextIndex unchanged and retry.
2023-01-10 01:14:16,498 [grpc-default-executor-0] WARN  server.GrpcLogAppender (LogUtils.java:warn(122)) - 35948080-5e22-45ca-b6f3-be7de45bebca@group-78BA0C5E921B->1c34faa2-bf15-4077-af79-1a4fd95d48c3-AppendLogResponseHandler: Failed appendEntries: org.apache.ratis.thirdparty.io.grpc.StatusRuntimeException: UNAVAILABLE: io exception
2023-01-10 01:14:16,498 [grpc-default-executor-1] WARN  server.GrpcLogAppender (LogUtils.java:warn(122)) - 35948080-5e22-45ca-b6f3-be7de45bebca@group-78BA0C5E921B->1c34faa2-bf15-4077-af79-1a4fd95d48c3-AppendLogResponseHandler: Failed appendEntries: org.apache.ratis.thirdparty.io.grpc.StatusRuntimeException: UNAVAILABLE: io exception
2023-01-10 01:14:16,499 [grpc-default-executor-0] WARN  server.GrpcLogAppender (GrpcLogAppender.java:resetClient(131)) - 35948080-5e22-45ca-b6f3-be7de45bebca@group-78BA0C5E921B->1c34faa2-bf15-4077-af79-1a4fd95d48c3-GrpcLogAppender: Leader has not got in touch with Follower 35948080-5e22-45ca-b6f3-be7de45bebca@group-78BA0C5E921B->1c34faa2-bf15-4077-af79-1a4fd95d48c3(c0,m0,n1, attendVote=true, lastRpcSendTime=1253, lastRpcResponseTime=3768) yet, just keep nextIndex unchanged and retry.
2023-01-10 01:14:16,500 [grpc-default-executor-6] WARN  server.GrpcLogAppender (LogUtils.java:warn(122)) - 35948080-5e22-45ca-b6f3-be7de45bebca@group-78BA0C5E921B->b1e0bc18-8da5-4e58-9fa5-a506b45b1540-AppendLogResponseHandler: Failed appendEntries: org.apache.ratis.thirdparty.io.grpc.StatusRuntimeException: UNAVAILABLE: io exception
2023-01-10 01:14:16,501 [grpc-default-executor-6] WARN  server.GrpcLogAppender (GrpcLogAppender.java:resetClient(131)) - 35948080-5e22-45ca-b6f3-be7de45bebca@group-78BA0C5E921B->b1e0bc18-8da5-4e58-9fa5-a506b45b1540-GrpcLogAppender: Leader has not got in touch with Follower 35948080-5e22-45ca-b6f3-be7de45bebca@group-78BA0C5E921B->b1e0bc18-8da5-4e58-9fa5-a506b45b1540(c0,m0,n1, attendVote=true, lastRpcSendTime=1, lastRpcResponseTime=3769) yet, just keep nextIndex unchanged and retry.
2023-01-10 01:14:16,502 [grpc-default-executor-1] WARN  server.GrpcLogAppender (GrpcLogAppender.java:resetClient(131)) - 35948080-5e22-45ca-b6f3-be7de45bebca@group-78BA0C5E921B->1c34faa2-bf15-4077-af79-1a4fd95d48c3-GrpcLogAppender: Leader has not got in touch with Follower 35948080-5e22-45ca-b6f3-be7de45bebca@group-78BA0C5E921B->1c34faa2-bf15-4077-af79-1a4fd95d48c3(c0,m0,n1, attendVote=true, lastRpcSendTime=1255, lastRpcResponseTime=3770) yet, just keep nextIndex unchanged and retry.
2023-01-10 01:14:16,503 [grpc-default-executor-0] WARN  server.GrpcLogAppender (LogUtils.java:warn(122)) - 35948080-5e22-45ca-b6f3-be7de45bebca@group-78BA0C5E921B->b1e0bc18-8da5-4e58-9fa5-a506b45b1540-AppendLogResponseHandler: Failed appendEntries: org.apache.ratis.thirdparty.io.grpc.StatusRuntimeException: UNAVAILABLE: io exception
2023-01-10 01:14:16,503 [grpc-default-executor-0] WARN  server.GrpcLogAppender (GrpcLogAppender.java:resetClient(131)) - 35948080-5e22-45ca-b6f3-be7de45bebca@group-78BA0C5E921B->b1e0bc18-8da5-4e58-9fa5-a506b45b1540-GrpcLogAppender: Leader has not got in touch with Follower 35948080-5e22-45ca-b6f3-be7de45bebca@group-78BA0C5E921B->b1e0bc18-8da5-4e58-9fa5-a506b45b1540(c0,m0,n1, attendVote=true, lastRpcSendTime=3, lastRpcResponseTime=3772) yet, just keep nextIndex unchanged and retry.
2023-01-10 01:14:16,504 [grpc-default-executor-0] WARN  server.GrpcLogAppender (LogUtils.java:warn(122)) - 35948080-5e22-45ca-b6f3-be7de45bebca@group-78BA0C5E921B->1c34faa2-bf15-4077-af79-1a4fd95d48c3-AppendLogResponseHandler: Failed appendEntries: org.apache.ratis.thirdparty.io.grpc.StatusRuntimeException: UNAVAILABLE: io exception
2023-01-10 01:14:16,504 [grpc-default-executor-1] WARN  server.GrpcLogAppender (LogUtils.java:warn(122)) - 35948080-5e22-45ca-b6f3-be7de45bebca@group-78BA0C5E921B->1c34faa2-bf15-4077-af79-1a4fd95d48c3-AppendLogResponseHandler: Failed appendEntries: org.apache.ratis.thirdparty.io.grpc.StatusRuntimeException: UNAVAILABLE: io exception
2023-01-10 01:14:16,505 [grpc-default-executor-0] WARN  server.GrpcLogAppender (GrpcLogAppender.java:resetClient(131)) - 35948080-5e22-45ca-b6f3-be7de45bebca@group-78BA0C5E921B->1c34faa2-bf15-4077-af79-1a4fd95d48c3-GrpcLogAppender: Leader has not got in touch with Follower 35948080-5e22-45ca-b6f3-be7de45bebca@group-78BA0C5E921B->1c34faa2-bf15-4077-af79-1a4fd95d48c3(c0,m0,n1, attendVote=true, lastRpcSendTime=1258, lastRpcResponseTime=3773) yet, just keep nextIndex unchanged and retry.
2023-01-10 01:14:16,505 [grpc-default-executor-1] WARN  server.GrpcLogAppender (GrpcLogAppender.java:resetClient(131)) - 35948080-5e22-45ca-b6f3-be7de45bebca@group-78BA0C5E921B->1c34faa2-bf15-4077-af79-1a4fd95d48c3-GrpcLogAppender: Leader has not got in touch with Follower 35948080-5e22-45ca-b6f3-be7de45bebca@group-78BA0C5E921B->1c34faa2-bf15-4077-af79-1a4fd95d48c3(c0,m0,n1, attendVote=true, lastRpcSendTime=1258, lastRpcResponseTime=3773) yet, just keep nextIndex unchanged and retry.
2023-01-10 01:14:16,508 [grpc-default-executor-0] WARN  server.GrpcLogAppender (LogUtils.java:warn(122)) - 35948080-5e22-45ca-b6f3-be7de45bebca@group-78BA0C5E921B->1c34faa2-bf15-4077-af79-1a4fd95d48c3-AppendLogResponseHandler: Failed appendEntries: org.apache.ratis.thirdparty.io.grpc.StatusRuntimeException: UNAVAILABLE: io exception
2023-01-10 01:14:16,508 [grpc-default-executor-0] WARN  server.GrpcLogAppender (GrpcLogAppender.java:resetClient(131)) - 35948080-5e22-45ca-b6f3-be7de45bebca@group-78BA0C5E921B->1c34faa2-bf15-4077-af79-1a4fd95d48c3-GrpcLogAppender: Leader has not got in touch with Follower 35948080-5e22-45ca-b6f3-be7de45bebca@group-78BA0C5E921B->1c34faa2-bf15-4077-af79-1a4fd95d48c3(c0,m0,n1, attendVote=true, lastRpcSendTime=2, lastRpcResponseTime=3776) yet, just keep nextIndex unchanged and retry.
2023-01-10 01:14:16,509 [grpc-default-executor-1] WARN  server.GrpcLogAppender (LogUtils.java:warn(122)) - 35948080-5e22-45ca-b6f3-be7de45bebca@group-78BA0C5E921B->1c34faa2-bf15-4077-af79-1a4fd95d48c3-AppendLogResponseHandler: Failed appendEntries: org.apache.ratis.thirdparty.io.grpc.StatusRuntimeException: UNAVAILABLE: io exception
2023-01-10 01:14:16,509 [grpc-default-executor-1] WARN  server.GrpcLogAppender (GrpcLogAppender.java:resetClient(131)) - 35948080-5e22-45ca-b6f3-be7de45bebca@group-78BA0C5E921B->1c34faa2-bf15-4077-af79-1a4fd95d48c3-GrpcLogAppender: Leader has not got in touch with Follower 35948080-5e22-45ca-b6f3-be7de45bebca@group-78BA0C5E921B->1c34faa2-bf15-4077-af79-1a4fd95d48c3(c0,m0,n1, attendVote=true, lastRpcSendTime=3, lastRpcResponseTime=3777) yet, just keep nextIndex unchanged and retry.
2023-01-10 01:14:17,040 [grpc-default-executor-1] WARN  server.GrpcLogAppender (LogUtils.java:warn(122)) - 498755a8-f2f1-47a5-bb38-b65b10b21bcc@group-79979D135BFE->afa38d33-fc19-42e5-bc19-641228a4898b-AppendLogResponseHandler: Failed appendEntries: org.apache.ratis.thirdparty.io.grpc.StatusRuntimeException: UNAVAILABLE: io exception
2023-01-10 01:14:17,041 [grpc-default-executor-1] WARN  server.GrpcLogAppender (GrpcLogAppender.java:resetClient(131)) - 498755a8-f2f1-47a5-bb38-b65b10b21bcc@group-79979D135BFE->afa38d33-fc19-42e5-bc19-641228a4898b-GrpcLogAppender: Leader has not got in touch with Follower 498755a8-f2f1-47a5-bb38-b65b10b21bcc@group-79979D135BFE->afa38d33-fc19-42e5-bc19-641228a4898b(c0,m0,n1, attendVote=true, lastRpcSendTime=0, lastRpcResponseTime=6296) yet, just keep nextIndex unchanged and retry.
2023-01-10 01:14:17,041 [grpc-default-executor-0] WARN  server.GrpcLogAppender (LogUtils.java:warn(122)) - 498755a8-f2f1-47a5-bb38-b65b10b21bcc@group-79979D135BFE->afa38d33-fc19-42e5-bc19-641228a4898b-AppendLogResponseHandler: Failed appendEntries: org.apache.ratis.thirdparty.io.grpc.StatusRuntimeException: UNAVAILABLE: io exception
2023-01-10 01:14:17,041 [grpc-default-executor-0] WARN  server.GrpcLogAppender (GrpcLogAppender.java:resetClient(131)) - 498755a8-f2f1-47a5-bb38-b65b10b21bcc@group-79979D135BFE->afa38d33-fc19-42e5-bc19-641228a4898b-GrpcLogAppender: Leader has not got in touch with Follower 498755a8-f2f1-47a5-bb38-b65b10b21bcc@group-79979D135BFE->afa38d33-fc19-42e5-bc19-641228a4898b(c0,m0,n1, attendVote=true, lastRpcSendTime=1, lastRpcResponseTime=6296) yet, just keep nextIndex unchanged and retry.
2023-01-10 01:14:17,056 [grpc-default-executor-0] WARN  server.GrpcLogAppender (LogUtils.java:warn(122)) - 498755a8-f2f1-47a5-bb38-b65b10b21bcc@group-79979D135BFE->755113df-b2d2-4f4d-a016-da6f7eba54ac-AppendLogResponseHandler: Failed appendEntries: org.apache.ratis.thirdparty.io.grpc.StatusRuntimeException: UNAVAILABLE: io exception
2023-01-10 01:14:17,056 [grpc-default-executor-1] WARN  server.GrpcLogAppender (LogUtils.java:warn(122)) - 498755a8-f2f1-47a5-bb38-b65b10b21bcc@group-79979D135BFE->755113df-b2d2-4f4d-a016-da6f7eba54ac-AppendLogResponseHandler: Failed appendEntries: org.apache.ratis.thirdparty.io.grpc.StatusRuntimeException: UNAVAILABLE: io exception
2023-01-10 01:14:17,056 [grpc-default-executor-0] WARN  server.GrpcLogAppender (GrpcLogAppender.java:resetClient(131)) - 498755a8-f2f1-47a5-bb38-b65b10b21bcc@group-79979D135BFE->755113df-b2d2-4f4d-a016-da6f7eba54ac-GrpcLogAppender: Leader has not got in touch with Follower 498755a8-f2f1-47a5-bb38-b65b10b21bcc@group-79979D135BFE->755113df-b2d2-4f4d-a016-da6f7eba54ac(c0,m0,n1, attendVote=true, lastRpcSendTime=1252, lastRpcResponseTime=3758) yet, just keep nextIndex unchanged and retry.
2023-01-10 01:14:17,058 [grpc-default-executor-1] WARN  server.GrpcLogAppender (GrpcLogAppender.java:resetClient(131)) - 498755a8-f2f1-47a5-bb38-b65b10b21bcc@group-79979D135BFE->755113df-b2d2-4f4d-a016-da6f7eba54ac-GrpcLogAppender: Leader has not got in touch with Follower 498755a8-f2f1-47a5-bb38-b65b10b21bcc@group-79979D135BFE->755113df-b2d2-4f4d-a016-da6f7eba54ac(c0,m0,n1, attendVote=true, lastRpcSendTime=1253, lastRpcResponseTime=3760) yet, just keep nextIndex unchanged and retry.
2023-01-10 01:14:17,059 [grpc-default-executor-1] WARN  server.GrpcLogAppender (LogUtils.java:warn(122)) - 498755a8-f2f1-47a5-bb38-b65b10b21bcc@group-79979D135BFE->755113df-b2d2-4f4d-a016-da6f7eba54ac-AppendLogResponseHandler: Failed appendEntries: org.apache.ratis.thirdparty.io.grpc.StatusRuntimeException: UNAVAILABLE: io exception
2023-01-10 01:14:17,059 [grpc-default-executor-0] WARN  server.GrpcLogAppender (LogUtils.java:warn(122)) - 498755a8-f2f1-47a5-bb38-b65b10b21bcc@group-79979D135BFE->755113df-b2d2-4f4d-a016-da6f7eba54ac-AppendLogResponseHandler: Failed appendEntries: org.apache.ratis.thirdparty.io.grpc.StatusRuntimeException: UNAVAILABLE: io exception
2023-01-10 01:14:17,059 [grpc-default-executor-1] WARN  server.GrpcLogAppender (GrpcLogAppender.java:resetClient(131)) - 498755a8-f2f1-47a5-bb38-b65b10b21bcc@group-79979D135BFE->755113df-b2d2-4f4d-a016-da6f7eba54ac-GrpcLogAppender: Leader has not got in touch with Follower 498755a8-f2f1-47a5-bb38-b65b10b21bcc@group-79979D135BFE->755113df-b2d2-4f4d-a016-da6f7eba54ac(c0,m0,n1, attendVote=true, lastRpcSendTime=1254, lastRpcResponseTime=3761) yet, just keep nextIndex unchanged and retry.
2023-01-10 01:14:17,060 [grpc-default-executor-0] WARN  server.GrpcLogAppender (GrpcLogAppender.java:resetClient(131)) - 498755a8-f2f1-47a5-bb38-b65b10b21bcc@group-79979D135BFE->755113df-b2d2-4f4d-a016-da6f7eba54ac-GrpcLogAppender: Leader has not got in touch with Follower 498755a8-f2f1-47a5-bb38-b65b10b21bcc@group-79979D135BFE->755113df-b2d2-4f4d-a016-da6f7eba54ac(c0,m0,n1, attendVote=true, lastRpcSendTime=1255, lastRpcResponseTime=3762) yet, just keep nextIndex unchanged and retry.
2023-01-10 01:14:17,061 [grpc-default-executor-0] WARN  server.GrpcLogAppender (LogUtils.java:warn(122)) - 498755a8-f2f1-47a5-bb38-b65b10b21bcc@group-79979D135BFE->755113df-b2d2-4f4d-a016-da6f7eba54ac-AppendLogResponseHandler: Failed appendEntries: org.apache.ratis.thirdparty.io.grpc.StatusRuntimeException: UNAVAILABLE: io exception
2023-01-10 01:14:17,061 [grpc-default-executor-1] WARN  server.GrpcLogAppender (LogUtils.java:warn(122)) - 498755a8-f2f1-47a5-bb38-b65b10b21bcc@group-79979D135BFE->755113df-b2d2-4f4d-a016-da6f7eba54ac-AppendLogResponseHandler: Failed appendEntries: org.apache.ratis.thirdparty.io.grpc.StatusRuntimeException: UNAVAILABLE: io exception
2023-01-10 01:14:17,061 [grpc-default-executor-0] WARN  server.GrpcLogAppender (GrpcLogAppender.java:resetClient(131)) - 498755a8-f2f1-47a5-bb38-b65b10b21bcc@group-79979D135BFE->755113df-b2d2-4f4d-a016-da6f7eba54ac-GrpcLogAppender: Leader has not got in touch with Follower 498755a8-f2f1-47a5-bb38-b65b10b21bcc@group-79979D135BFE->755113df-b2d2-4f4d-a016-da6f7eba54ac(c0,m0,n1, attendVote=true, lastRpcSendTime=1256, lastRpcResponseTime=3763) yet, just keep nextIndex unchanged and retry.
2023-01-10 01:14:17,062 [grpc-default-executor-1] WARN  server.GrpcLogAppender (GrpcLogAppender.java:resetClient(131)) - 498755a8-f2f1-47a5-bb38-b65b10b21bcc@group-79979D135BFE->755113df-b2d2-4f4d-a016-da6f7eba54ac-GrpcLogAppender: Leader has not got in touch with Follower 498755a8-f2f1-47a5-bb38-b65b10b21bcc@group-79979D135BFE->755113df-b2d2-4f4d-a016-da6f7eba54ac(c0,m0,n1, attendVote=true, lastRpcSendTime=1257, lastRpcResponseTime=3764) yet, just keep nextIndex unchanged and retry.
2023-01-10 01:14:17,063 [grpc-default-executor-1] WARN  server.GrpcLogAppender (LogUtils.java:warn(122)) - 498755a8-f2f1-47a5-bb38-b65b10b21bcc@group-79979D135BFE->755113df-b2d2-4f4d-a016-da6f7eba54ac-AppendLogResponseHandler: Failed appendEntries: org.apache.ratis.thirdparty.io.grpc.StatusRuntimeException: UNAVAILABLE: io exception
2023-01-10 01:14:17,063 [grpc-default-executor-0] WARN  server.GrpcLogAppender (LogUtils.java:warn(122)) - 498755a8-f2f1-47a5-bb38-b65b10b21bcc@group-79979D135BFE->755113df-b2d2-4f4d-a016-da6f7eba54ac-AppendLogResponseHandler: Failed appendEntries: org.apache.ratis.thirdparty.io.grpc.StatusRuntimeException: UNAVAILABLE: io exception
2023-01-10 01:14:17,064 [grpc-default-executor-1] WARN  server.GrpcLogAppender (GrpcLogAppender.java:resetClient(131)) - 498755a8-f2f1-47a5-bb38-b65b10b21bcc@group-79979D135BFE->755113df-b2d2-4f4d-a016-da6f7eba54ac-GrpcLogAppender: Leader has not got in touch with Follower 498755a8-f2f1-47a5-bb38-b65b10b21bcc@group-79979D135BFE->755113df-b2d2-4f4d-a016-da6f7eba54ac(c0,m0,n1, attendVote=true, lastRpcSendTime=1259, lastRpcResponseTime=3766) yet, just keep nextIndex unchanged and retry.
2023-01-10 01:14:17,064 [grpc-default-executor-0] WARN  server.GrpcLogAppender (GrpcLogAppender.java:resetClient(131)) - 498755a8-f2f1-47a5-bb38-b65b10b21bcc@group-79979D135BFE->755113df-b2d2-4f4d-a016-da6f7eba54ac-GrpcLogAppender: Leader has not got in touch with Follower 498755a8-f2f1-47a5-bb38-b65b10b21bcc@group-79979D135BFE->755113df-b2d2-4f4d-a016-da6f7eba54ac(c0,m0,n1, attendVote=true, lastRpcSendTime=1260, lastRpcResponseTime=3766) yet, just keep nextIndex unchanged and retry.
2023-01-10 01:14:17,065 [grpc-default-executor-0] WARN  server.GrpcLogAppender (LogUtils.java:warn(122)) - 498755a8-f2f1-47a5-bb38-b65b10b21bcc@group-79979D135BFE->755113df-b2d2-4f4d-a016-da6f7eba54ac-AppendLogResponseHandler: Failed appendEntries: org.apache.ratis.thirdparty.io.grpc.StatusRuntimeException: UNAVAILABLE: io exception
2023-01-10 01:14:17,066 [grpc-default-executor-1] WARN  server.GrpcLogAppender (LogUtils.java:warn(122)) - 498755a8-f2f1-47a5-bb38-b65b10b21bcc@group-79979D135BFE->755113df-b2d2-4f4d-a016-da6f7eba54ac-AppendLogResponseHandler: Failed appendEntries: org.apache.ratis.thirdparty.io.grpc.StatusRuntimeException: UNAVAILABLE: io exception
2023-01-10 01:14:17,066 [grpc-default-executor-0] WARN  server.GrpcLogAppender (GrpcLogAppender.java:resetClient(131)) - 498755a8-f2f1-47a5-bb38-b65b10b21bcc@group-79979D135BFE->755113df-b2d2-4f4d-a016-da6f7eba54ac-GrpcLogAppender: Leader has not got in touch with Follower 498755a8-f2f1-47a5-bb38-b65b10b21bcc@group-79979D135BFE->755113df-b2d2-4f4d-a016-da6f7eba54ac(c0,m0,n1, attendVote=true, lastRpcSendTime=1261, lastRpcResponseTime=3768) yet, just keep nextIndex unchanged and retry.
2023-01-10 01:14:17,067 [grpc-default-executor-1] WARN  server.GrpcLogAppender (GrpcLogAppender.java:resetClient(131)) - 498755a8-f2f1-47a5-bb38-b65b10b21bcc@group-79979D135BFE->755113df-b2d2-4f4d-a016-da6f7eba54ac-GrpcLogAppender: Leader has not got in touch with Follower 498755a8-f2f1-47a5-bb38-b65b10b21bcc@group-79979D135BFE->755113df-b2d2-4f4d-a016-da6f7eba54ac(c0,m0,n1, attendVote=true, lastRpcSendTime=1262, lastRpcResponseTime=3768) yet, just keep nextIndex unchanged and retry.
2023-01-10 01:14:17,067 [grpc-default-executor-1] WARN  server.GrpcLogAppender (LogUtils.java:warn(122)) - 498755a8-f2f1-47a5-bb38-b65b10b21bcc@group-79979D135BFE->755113df-b2d2-4f4d-a016-da6f7eba54ac-AppendLogResponseHandler: Failed appendEntries: org.apache.ratis.thirdparty.io.grpc.StatusRuntimeException: UNAVAILABLE: io exception
2023-01-10 01:14:17,067 [grpc-default-executor-0] WARN  server.GrpcLogAppender (LogUtils.java:warn(122)) - 498755a8-f2f1-47a5-bb38-b65b10b21bcc@group-79979D135BFE->755113df-b2d2-4f4d-a016-da6f7eba54ac-AppendLogResponseHandler: Failed appendEntries: org.apache.ratis.thirdparty.io.grpc.StatusRuntimeException: UNAVAILABLE: io exception
2023-01-10 01:14:17,068 [grpc-default-executor-1] WARN  server.GrpcLogAppender (GrpcLogAppender.java:resetClient(131)) - 498755a8-f2f1-47a5-bb38-b65b10b21bcc@group-79979D135BFE->755113df-b2d2-4f4d-a016-da6f7eba54ac-GrpcLogAppender: Leader has not got in touch with Follower 498755a8-f2f1-47a5-bb38-b65b10b21bcc@group-79979D135BFE->755113df-b2d2-4f4d-a016-da6f7eba54ac(c0,m0,n1, attendVote=true, lastRpcSendTime=1263, lastRpcResponseTime=3770) yet, just keep nextIndex unchanged and retry.
2023-01-10 01:14:17,068 [grpc-default-executor-0] WARN  server.GrpcLogAppender (GrpcLogAppender.java:resetClient(131)) - 498755a8-f2f1-47a5-bb38-b65b10b21bcc@group-79979D135BFE->755113df-b2d2-4f4d-a016-da6f7eba54ac-GrpcLogAppender: Leader has not got in touch with Follower 498755a8-f2f1-47a5-bb38-b65b10b21bcc@group-79979D135BFE->755113df-b2d2-4f4d-a016-da6f7eba54ac(c0,m0,n1, attendVote=true, lastRpcSendTime=1264, lastRpcResponseTime=3770) yet, just keep nextIndex unchanged and retry.
2023-01-10 01:14:17,069 [grpc-default-executor-0] WARN  server.GrpcLogAppender (LogUtils.java:warn(122)) - 498755a8-f2f1-47a5-bb38-b65b10b21bcc@group-79979D135BFE->755113df-b2d2-4f4d-a016-da6f7eba54ac-AppendLogResponseHandler: Failed appendEntries: org.apache.ratis.thirdparty.io.grpc.StatusRuntimeException: UNAVAILABLE: io exception
2023-01-10 01:14:17,069 [grpc-default-executor-1] WARN  server.GrpcLogAppender (LogUtils.java:warn(122)) - 498755a8-f2f1-47a5-bb38-b65b10b21bcc@group-79979D135BFE->755113df-b2d2-4f4d-a016-da6f7eba54ac-AppendLogResponseHandler: Failed appendEntries: org.apache.ratis.thirdparty.io.grpc.StatusRuntimeException: UNAVAILABLE: io exception
2023-01-10 01:14:17,070 [grpc-default-executor-0] WARN  server.GrpcLogAppender (GrpcLogAppender.java:resetClient(131)) - 498755a8-f2f1-47a5-bb38-b65b10b21bcc@group-79979D135BFE->755113df-b2d2-4f4d-a016-da6f7eba54ac-GrpcLogAppender: Leader has not got in touch with Follower 498755a8-f2f1-47a5-bb38-b65b10b21bcc@group-79979D135BFE->755113df-b2d2-4f4d-a016-da6f7eba54ac(c0,m0,n1, attendVote=true, lastRpcSendTime=1265, lastRpcResponseTime=3772) yet, just keep nextIndex unchanged and retry.
2023-01-10 01:14:17,070 [grpc-default-executor-1] WARN  server.GrpcLogAppender (GrpcLogAppender.java:resetClient(131)) - 498755a8-f2f1-47a5-bb38-b65b10b21bcc@group-79979D135BFE->755113df-b2d2-4f4d-a016-da6f7eba54ac-GrpcLogAppender: Leader has not got in touch with Follower 498755a8-f2f1-47a5-bb38-b65b10b21bcc@group-79979D135BFE->755113df-b2d2-4f4d-a016-da6f7eba54ac(c0,m0,n1, attendVote=true, lastRpcSendTime=1266, lastRpcResponseTime=3772) yet, just keep nextIndex unchanged and retry.
2023-01-10 01:14:17,071 [grpc-default-executor-1] WARN  server.GrpcLogAppender (LogUtils.java:warn(122)) - 498755a8-f2f1-47a5-bb38-b65b10b21bcc@group-79979D135BFE->755113df-b2d2-4f4d-a016-da6f7eba54ac-AppendLogResponseHandler: Failed appendEntries: org.apache.ratis.thirdparty.io.grpc.StatusRuntimeException: UNAVAILABLE: io exception
2023-01-10 01:14:17,071 [grpc-default-executor-0] WARN  server.GrpcLogAppender (LogUtils.java:warn(122)) - 498755a8-f2f1-47a5-bb38-b65b10b21bcc@group-79979D135BFE->755113df-b2d2-4f4d-a016-da6f7eba54ac-AppendLogResponseHandler: Failed appendEntries: org.apache.ratis.thirdparty.io.grpc.StatusRuntimeException: UNAVAILABLE: io exception
2023-01-10 01:14:17,072 [grpc-default-executor-1] WARN  server.GrpcLogAppender (GrpcLogAppender.java:resetClient(131)) - 498755a8-f2f1-47a5-bb38-b65b10b21bcc@group-79979D135BFE->755113df-b2d2-4f4d-a016-da6f7eba54ac-GrpcLogAppender: Leader has not got in touch with Follower 498755a8-f2f1-47a5-bb38-b65b10b21bcc@group-79979D135BFE->755113df-b2d2-4f4d-a016-da6f7eba54ac(c0,m0,n1, attendVote=true, lastRpcSendTime=1267, lastRpcResponseTime=3774) yet, just keep nextIndex unchanged and retry.
2023-01-10 01:14:17,073 [grpc-default-executor-0] WARN  server.GrpcLogAppender (GrpcLogAppender.java:resetClient(131)) - 498755a8-f2f1-47a5-bb38-b65b10b21bcc@group-79979D135BFE->755113df-b2d2-4f4d-a016-da6f7eba54ac-GrpcLogAppender: Leader has not got in touch with Follower 498755a8-f2f1-47a5-bb38-b65b10b21bcc@group-79979D135BFE->755113df-b2d2-4f4d-a016-da6f7eba54ac(c0,m0,n1, attendVote=true, lastRpcSendTime=1268, lastRpcResponseTime=3774) yet, just keep nextIndex unchanged and retry.
2023-01-10 01:14:17,073 [grpc-default-executor-0] WARN  server.GrpcLogAppender (LogUtils.java:warn(122)) - 498755a8-f2f1-47a5-bb38-b65b10b21bcc@group-79979D135BFE->755113df-b2d2-4f4d-a016-da6f7eba54ac-AppendLogResponseHandler: Failed appendEntries: org.apache.ratis.thirdparty.io.grpc.StatusRuntimeException: UNAVAILABLE: io exception
2023-01-10 01:14:17,074 [grpc-default-executor-1] WARN  server.GrpcLogAppender (LogUtils.java:warn(122)) - 498755a8-f2f1-47a5-bb38-b65b10b21bcc@group-79979D135BFE->755113df-b2d2-4f4d-a016-da6f7eba54ac-AppendLogResponseHandler: Failed appendEntries: org.apache.ratis.thirdparty.io.grpc.StatusRuntimeException: UNAVAILABLE: io exception
2023-01-10 01:14:17,074 [grpc-default-executor-0] WARN  server.GrpcLogAppender (GrpcLogAppender.java:resetClient(131)) - 498755a8-f2f1-47a5-bb38-b65b10b21bcc@group-79979D135BFE->755113df-b2d2-4f4d-a016-da6f7eba54ac-GrpcLogAppender: Leader has not got in touch with Follower 498755a8-f2f1-47a5-bb38-b65b10b21bcc@group-79979D135BFE->755113df-b2d2-4f4d-a016-da6f7eba54ac(c0,m0,n1, attendVote=true, lastRpcSendTime=1269, lastRpcResponseTime=3776) yet, just keep nextIndex unchanged and retry.
2023-01-10 01:14:17,075 [grpc-default-executor-1] WARN  server.GrpcLogAppender (GrpcLogAppender.java:resetClient(131)) - 498755a8-f2f1-47a5-bb38-b65b10b21bcc@group-79979D135BFE->755113df-b2d2-4f4d-a016-da6f7eba54ac-GrpcLogAppender: Leader has not got in touch with Follower 498755a8-f2f1-47a5-bb38-b65b10b21bcc@group-79979D135BFE->755113df-b2d2-4f4d-a016-da6f7eba54ac(c0,m0,n1, attendVote=true, lastRpcSendTime=1271, lastRpcResponseTime=3777) yet, just keep nextIndex unchanged and retry.
2023-01-10 01:14:17,077 [grpc-default-executor-1] WARN  server.GrpcLogAppender (LogUtils.java:warn(122)) - 498755a8-f2f1-47a5-bb38-b65b10b21bcc@group-79979D135BFE->755113df-b2d2-4f4d-a016-da6f7eba54ac-AppendLogResponseHandler: Failed appendEntries: org.apache.ratis.thirdparty.io.grpc.StatusRuntimeException: UNAVAILABLE: io exception
2023-01-10 01:14:17,077 [grpc-default-executor-0] WARN  server.GrpcLogAppender (LogUtils.java:warn(122)) - 498755a8-f2f1-47a5-bb38-b65b10b21bcc@group-79979D135BFE->755113df-b2d2-4f4d-a016-da6f7eba54ac-AppendLogResponseHandler: Failed appendEntries: org.apache.ratis.thirdparty.io.grpc.StatusRuntimeException: UNAVAILABLE: io exception
2023-01-10 01:14:17,077 [grpc-default-executor-1] WARN  server.GrpcLogAppender (GrpcLogAppender.java:resetClient(131)) - 498755a8-f2f1-47a5-bb38-b65b10b21bcc@group-79979D135BFE->755113df-b2d2-4f4d-a016-da6f7eba54ac-GrpcLogAppender: Leader has not got in touch with Follower 498755a8-f2f1-47a5-bb38-b65b10b21bcc@group-79979D135BFE->755113df-b2d2-4f4d-a016-da6f7eba54ac(c0,m0,n1, attendVote=true, lastRpcSendTime=1273, lastRpcResponseTime=3779) yet, just keep nextIndex unchanged and retry.
2023-01-10 01:14:17,078 [grpc-default-executor-0] WARN  server.GrpcLogAppender (GrpcLogAppender.java:resetClient(131)) - 498755a8-f2f1-47a5-bb38-b65b10b21bcc@group-79979D135BFE->755113df-b2d2-4f4d-a016-da6f7eba54ac-GrpcLogAppender: Leader has not got in touch with Follower 498755a8-f2f1-47a5-bb38-b65b10b21bcc@group-79979D135BFE->755113df-b2d2-4f4d-a016-da6f7eba54ac(c0,m0,n1, attendVote=true, lastRpcSendTime=1273, lastRpcResponseTime=3780) yet, just keep nextIndex unchanged and retry.
2023-01-10 01:14:17,079 [grpc-default-executor-0] WARN  server.GrpcLogAppender (LogUtils.java:warn(122)) - 498755a8-f2f1-47a5-bb38-b65b10b21bcc@group-79979D135BFE->755113df-b2d2-4f4d-a016-da6f7eba54ac-AppendLogResponseHandler: Failed appendEntries: org.apache.ratis.thirdparty.io.grpc.StatusRuntimeException: UNAVAILABLE: io exception
2023-01-10 01:14:17,079 [grpc-default-executor-1] WARN  server.GrpcLogAppender (LogUtils.java:warn(122)) - 498755a8-f2f1-47a5-bb38-b65b10b21bcc@group-79979D135BFE->755113df-b2d2-4f4d-a016-da6f7eba54ac-AppendLogResponseHandler: Failed appendEntries: org.apache.ratis.thirdparty.io.grpc.StatusRuntimeException: UNAVAILABLE: io exception
2023-01-10 01:14:17,079 [grpc-default-executor-0] WARN  server.GrpcLogAppender (GrpcLogAppender.java:resetClient(131)) - 498755a8-f2f1-47a5-bb38-b65b10b21bcc@group-79979D135BFE->755113df-b2d2-4f4d-a016-da6f7eba54ac-GrpcLogAppender: Leader has not got in touch with Follower 498755a8-f2f1-47a5-bb38-b65b10b21bcc@group-79979D135BFE->755113df-b2d2-4f4d-a016-da6f7eba54ac(c0,m0,n1, attendVote=true, lastRpcSendTime=1275, lastRpcResponseTime=3781) yet, just keep nextIndex unchanged and retry.
2023-01-10 01:14:17,080 [grpc-default-executor-1] WARN  server.GrpcLogAppender (GrpcLogAppender.java:resetClient(131)) - 498755a8-f2f1-47a5-bb38-b65b10b21bcc@group-79979D135BFE->755113df-b2d2-4f4d-a016-da6f7eba54ac-GrpcLogAppender: Leader has not got in touch with Follower 498755a8-f2f1-47a5-bb38-b65b10b21bcc@group-79979D135BFE->755113df-b2d2-4f4d-a016-da6f7eba54ac(c0,m0,n1, attendVote=true, lastRpcSendTime=1275, lastRpcResponseTime=3782) yet, just keep nextIndex unchanged and retry.
2023-01-10 01:14:17,081 [grpc-default-executor-1] WARN  server.GrpcLogAppender (LogUtils.java:warn(122)) - 498755a8-f2f1-47a5-bb38-b65b10b21bcc@group-79979D135BFE->755113df-b2d2-4f4d-a016-da6f7eba54ac-AppendLogResponseHandler: Failed appendEntries: org.apache.ratis.thirdparty.io.grpc.StatusRuntimeException: UNAVAILABLE: io exception
2023-01-10 01:14:17,081 [grpc-default-executor-0] WARN  server.GrpcLogAppender (LogUtils.java:warn(122)) - 498755a8-f2f1-47a5-bb38-b65b10b21bcc@group-79979D135BFE->755113df-b2d2-4f4d-a016-da6f7eba54ac-AppendLogResponseHandler: Failed appendEntries: org.apache.ratis.thirdparty.io.grpc.StatusRuntimeException: UNAVAILABLE: io exception
2023-01-10 01:14:17,081 [grpc-default-executor-1] WARN  server.GrpcLogAppender (GrpcLogAppender.java:resetClient(131)) - 498755a8-f2f1-47a5-bb38-b65b10b21bcc@group-79979D135BFE->755113df-b2d2-4f4d-a016-da6f7eba54ac-GrpcLogAppender: Leader has not got in touch with Follower 498755a8-f2f1-47a5-bb38-b65b10b21bcc@group-79979D135BFE->755113df-b2d2-4f4d-a016-da6f7eba54ac(c0,m0,n1, attendVote=true, lastRpcSendTime=1277, lastRpcResponseTime=3783) yet, just keep nextIndex unchanged and retry.
2023-01-10 01:14:17,082 [grpc-default-executor-0] WARN  server.GrpcLogAppender (GrpcLogAppender.java:resetClient(131)) - 498755a8-f2f1-47a5-bb38-b65b10b21bcc@group-79979D135BFE->755113df-b2d2-4f4d-a016-da6f7eba54ac-GrpcLogAppender: Leader has not got in touch with Follower 498755a8-f2f1-47a5-bb38-b65b10b21bcc@group-79979D135BFE->755113df-b2d2-4f4d-a016-da6f7eba54ac(c0,m0,n1, attendVote=true, lastRpcSendTime=1277, lastRpcResponseTime=3784) yet, just keep nextIndex unchanged and retry.
2023-01-10 01:14:17,083 [grpc-default-executor-0] WARN  server.GrpcLogAppender (LogUtils.java:warn(122)) - 498755a8-f2f1-47a5-bb38-b65b10b21bcc@group-79979D135BFE->755113df-b2d2-4f4d-a016-da6f7eba54ac-AppendLogResponseHandler: Failed appendEntries: org.apache.ratis.thirdparty.io.grpc.StatusRuntimeException: UNAVAILABLE: io exception
2023-01-10 01:14:17,083 [grpc-default-executor-1] WARN  server.GrpcLogAppender (LogUtils.java:warn(122)) - 498755a8-f2f1-47a5-bb38-b65b10b21bcc@group-79979D135BFE->755113df-b2d2-4f4d-a016-da6f7eba54ac-AppendLogResponseHandler: Failed appendEntries: org.apache.ratis.thirdparty.io.grpc.StatusRuntimeException: UNAVAILABLE: io exception
2023-01-10 01:14:17,084 [grpc-default-executor-0] WARN  server.GrpcLogAppender (GrpcLogAppender.java:resetClient(131)) - 498755a8-f2f1-47a5-bb38-b65b10b21bcc@group-79979D135BFE->755113df-b2d2-4f4d-a016-da6f7eba54ac-GrpcLogAppender: Leader has not got in touch with Follower 498755a8-f2f1-47a5-bb38-b65b10b21bcc@group-79979D135BFE->755113df-b2d2-4f4d-a016-da6f7eba54ac(c0,m0,n1, attendVote=true, lastRpcSendTime=1279, lastRpcResponseTime=3785) yet, just keep nextIndex unchanged and retry.
2023-01-10 01:14:17,084 [grpc-default-executor-1] WARN  server.GrpcLogAppender (GrpcLogAppender.java:resetClient(131)) - 498755a8-f2f1-47a5-bb38-b65b10b21bcc@group-79979D135BFE->755113df-b2d2-4f4d-a016-da6f7eba54ac-GrpcLogAppender: Leader has not got in touch with Follower 498755a8-f2f1-47a5-bb38-b65b10b21bcc@group-79979D135BFE->755113df-b2d2-4f4d-a016-da6f7eba54ac(c0,m0,n1, attendVote=true, lastRpcSendTime=1279, lastRpcResponseTime=3786) yet, just keep nextIndex unchanged and retry.
2023-01-10 01:14:17,085 [grpc-default-executor-1] WARN  server.GrpcLogAppender (LogUtils.java:warn(122)) - 498755a8-f2f1-47a5-bb38-b65b10b21bcc@group-79979D135BFE->755113df-b2d2-4f4d-a016-da6f7eba54ac-AppendLogResponseHandler: Failed appendEntries: org.apache.ratis.thirdparty.io.grpc.StatusRuntimeException: UNAVAILABLE: io exception
2023-01-10 01:14:17,085 [grpc-default-executor-0] WARN  server.GrpcLogAppender (LogUtils.java:warn(122)) - 498755a8-f2f1-47a5-bb38-b65b10b21bcc@group-79979D135BFE->755113df-b2d2-4f4d-a016-da6f7eba54ac-AppendLogResponseHandler: Failed appendEntries: org.apache.ratis.thirdparty.io.grpc.StatusRuntimeException: UNAVAILABLE: io exception
2023-01-10 01:14:17,086 [grpc-default-executor-1] WARN  server.GrpcLogAppender (GrpcLogAppender.java:resetClient(131)) - 498755a8-f2f1-47a5-bb38-b65b10b21bcc@group-79979D135BFE->755113df-b2d2-4f4d-a016-da6f7eba54ac-GrpcLogAppender: Leader has not got in touch with Follower 498755a8-f2f1-47a5-bb38-b65b10b21bcc@group-79979D135BFE->755113df-b2d2-4f4d-a016-da6f7eba54ac(c0,m0,n1, attendVote=true, lastRpcSendTime=0, lastRpcResponseTime=3788) yet, just keep nextIndex unchanged and retry.
2023-01-10 01:14:17,087 [grpc-default-executor-0] WARN  server.GrpcLogAppender (GrpcLogAppender.java:resetClient(131)) - 498755a8-f2f1-47a5-bb38-b65b10b21bcc@group-79979D135BFE->755113df-b2d2-4f4d-a016-da6f7eba54ac-GrpcLogAppender: Leader has not got in touch with Follower 498755a8-f2f1-47a5-bb38-b65b10b21bcc@group-79979D135BFE->755113df-b2d2-4f4d-a016-da6f7eba54ac(c0,m0,n1, attendVote=true, lastRpcSendTime=1, lastRpcResponseTime=3788) yet, just keep nextIndex unchanged and retry.
2023-01-10 01:14:17,089 [Listener at 127.0.0.1/44191] INFO  volume.HddsVolume (HddsVolume.java:closeDbStore(338)) - SchemaV3 db is stopped at /home/runner/work/ozone/ozone/hadoop-ozone/integration-test/target/test-dir/MiniOzoneClusterImpl-62525788-12f1-42f6-8834-316215afea77/datanode-5/data-0/containers/hdds/62525788-12f1-42f6-8834-316215afea77/DS-338525b4-0342-43c6-8cb4-c3919e5ec158/container.db for volume DS-338525b4-0342-43c6-8cb4-c3919e5ec158
2023-01-10 01:14:17,089 [Listener at 127.0.0.1/44191] INFO  utils.BackgroundService (BackgroundService.java:shutdown(141)) - Shutting down service BlockDeletingService
2023-01-10 01:14:17,090 [Listener at 127.0.0.1/44191] INFO  utils.BackgroundService (BackgroundService.java:shutdown(141)) - Shutting down service StaleRecoveringContainerScrubbingService
2023-01-10 01:14:17,096 [Listener at 127.0.0.1/44191] INFO  statemachine.DatanodeStateMachine (DatanodeStateMachine.java:stopDaemon(596)) - Ozone container server stopped.
2023-01-10 01:14:17,106 [Listener at 127.0.0.1/44191] INFO  handler.ContextHandler (ContextHandler.java:doStop(1159)) - Stopped o.e.j.w.WebAppContext@7989b61{hddsDatanode,/,null,STOPPED}{jar:file:/home/runner/.m2/repository/org/apache/ozone/hdds-container-service/1.4.0-SNAPSHOT/hdds-container-service-1.4.0-SNAPSHOT.jar!/webapps/hddsDatanode}
2023-01-10 01:14:17,115 [ForkJoinPool.commonPool-worker-0] INFO  volume.HddsVolume (HddsVolume.java:closeDbStore(338)) - SchemaV3 db is stopped at /home/runner/work/ozone/ozone/hadoop-ozone/integration-test/target/test-dir/MiniOzoneClusterImpl-62525788-12f1-42f6-8834-316215afea77/datanode-2/data-0/containers/hdds/62525788-12f1-42f6-8834-316215afea77/DS-cff856fa-6053-42aa-997f-6ccf7012100e/container.db for volume DS-cff856fa-6053-42aa-997f-6ccf7012100e
2023-01-10 01:14:17,116 [ForkJoinPool.commonPool-worker-0] INFO  utils.BackgroundService (BackgroundService.java:shutdown(141)) - Shutting down service BlockDeletingService
2023-01-10 01:14:17,121 [ForkJoinPool.commonPool-worker-0] INFO  utils.BackgroundService (BackgroundService.java:shutdown(141)) - Shutting down service StaleRecoveringContainerScrubbingService
2023-01-10 01:14:17,129 [Listener at 127.0.0.1/44191] INFO  server.AbstractConnector (AbstractConnector.java:doStop(383)) - Stopped ServerConnector@463d61e5{HTTP/1.1, (http/1.1)}{0.0.0.0:0}
2023-01-10 01:14:17,130 [Listener at 127.0.0.1/44191] INFO  server.session (HouseKeeper.java:stopScavenging(149)) - node0 Stopped scavenging
2023-01-10 01:14:17,131 [Listener at 127.0.0.1/44191] INFO  handler.ContextHandler (ContextHandler.java:doStop(1159)) - Stopped o.e.j.s.ServletContextHandler@283aefb0{static,/static,jar:file:/home/runner/.m2/repository/org/apache/ozone/hdds-container-service/1.4.0-SNAPSHOT/hdds-container-service-1.4.0-SNAPSHOT.jar!/webapps/static,STOPPED}
2023-01-10 01:14:17,131 [Listener at 127.0.0.1/44191] INFO  handler.ContextHandler (ContextHandler.java:doStop(1159)) - Stopped o.e.j.s.ServletContextHandler@1c35abd3{logs,/logs,file:///home/runner/work/ozone/ozone/hadoop-ozone/integration-test/target/log,STOPPED}
2023-01-10 01:14:17,130 [ForkJoinPool.commonPool-worker-0] INFO  statemachine.DatanodeStateMachine (DatanodeStateMachine.java:stopDaemon(596)) - Ozone container server stopped.
2023-01-10 01:14:17,138 [Listener at 127.0.0.1/44191] INFO  ozoneimpl.OzoneContainer (OzoneContainer.java:stop(417)) - Attempting to stop container services.
2023-01-10 01:14:17,142 [Listener at 127.0.0.1/44191] INFO  server.RaftServer (RaftServerProxy.java:lambda$close$6(409)) - 498755a8-f2f1-47a5-bb38-b65b10b21bcc: close
2023-01-10 01:14:17,142 [Listener at 127.0.0.1/44191] INFO  server.GrpcService (GrpcService.java:closeImpl(271)) - 498755a8-f2f1-47a5-bb38-b65b10b21bcc: shutdown server GrpcServerProtocolService now
2023-01-10 01:14:17,143 [498755a8-f2f1-47a5-bb38-b65b10b21bcc-impl-thread1] INFO  server.RaftServer$Division (RaftServerImpl.java:lambda$close$4(458)) - 498755a8-f2f1-47a5-bb38-b65b10b21bcc@group-79979D135BFE: shutdown
2023-01-10 01:14:17,143 [498755a8-f2f1-47a5-bb38-b65b10b21bcc-impl-thread1] INFO  util.JmxRegister (JmxRegister.java:unregister(73)) - Successfully un-registered JMX Bean with object name Ratis:service=RaftServer,group=group-79979D135BFE,id=498755a8-f2f1-47a5-bb38-b65b10b21bcc
2023-01-10 01:14:17,143 [498755a8-f2f1-47a5-bb38-b65b10b21bcc-impl-thread1] INFO  impl.RoleInfo (RoleInfo.java:shutdownLeaderState(93)) - 498755a8-f2f1-47a5-bb38-b65b10b21bcc: shutdown 498755a8-f2f1-47a5-bb38-b65b10b21bcc@group-79979D135BFE-LeaderStateImpl
2023-01-10 01:14:17,143 [498755a8-f2f1-47a5-bb38-b65b10b21bcc-impl-thread1] INFO  impl.PendingRequests (PendingRequests.java:sendNotLeaderResponses(282)) - 498755a8-f2f1-47a5-bb38-b65b10b21bcc@group-79979D135BFE-PendingRequests: sendNotLeaderResponses
2023-01-10 01:14:17,143 [498755a8-f2f1-47a5-bb38-b65b10b21bcc-impl-thread1] INFO  impl.StateMachineUpdater (StateMachineUpdater.java:stopAndJoin(153)) - 498755a8-f2f1-47a5-bb38-b65b10b21bcc@group-79979D135BFE-StateMachineUpdater: set stopIndex = 0
2023-01-10 01:14:17,144 [498755a8-f2f1-47a5-bb38-b65b10b21bcc@group-79979D135BFE-StateMachineUpdater] INFO  ratis.ContainerStateMachine (ContainerStateMachine.java:takeSnapshot(308)) - group-79979D135BFE: Taking a snapshot at:(t:4, i:0) file /home/runner/work/ozone/ozone/hadoop-ozone/integration-test/target/test-dir/MiniOzoneClusterImpl-62525788-12f1-42f6-8834-316215afea77/datanode-4/data/ratis/806defe6-91a0-4966-ac34-79979d135bfe/sm/snapshot.4_0
2023-01-10 01:14:17,145 [Listener at 127.0.0.1/44191] INFO  server.GrpcServerProtocolClient (GrpcServerProtocolClient.java:close(101)) - 755113df-b2d2-4f4d-a016-da6f7eba54ac Close channels
2023-01-10 01:14:17,145 [Listener at 127.0.0.1/44191] INFO  server.GrpcServerProtocolClient (GrpcServerProtocolClient.java:close(101)) - afa38d33-fc19-42e5-bc19-641228a4898b Close channels
2023-01-10 01:14:17,145 [Listener at 127.0.0.1/44191] INFO  server.GrpcService (GrpcService.java:closeImpl(280)) - 498755a8-f2f1-47a5-bb38-b65b10b21bcc: shutdown server GrpcServerProtocolService successfully
2023-01-10 01:14:17,146 [498755a8-f2f1-47a5-bb38-b65b10b21bcc-NettyServerStreamRpc-bossGroup--thread1] INFO  logging.LoggingHandler (AbstractInternalLogger.java:log(148)) - [id: 0xc262f85e, L:/0:0:0:0:0:0:0:0:39249] CLOSE
2023-01-10 01:14:17,146 [498755a8-f2f1-47a5-bb38-b65b10b21bcc-NettyServerStreamRpc-bossGroup--thread1] INFO  logging.LoggingHandler (AbstractInternalLogger.java:log(148)) - [id: 0xc262f85e, L:/0:0:0:0:0:0:0:0:39249] INACTIVE
2023-01-10 01:14:17,146 [498755a8-f2f1-47a5-bb38-b65b10b21bcc-NettyServerStreamRpc-bossGroup--thread1] INFO  logging.LoggingHandler (AbstractInternalLogger.java:log(148)) - [id: 0xc262f85e, L:/0:0:0:0:0:0:0:0:39249] UNREGISTERED
2023-01-10 01:14:17,148 [498755a8-f2f1-47a5-bb38-b65b10b21bcc@group-79979D135BFE-StateMachineUpdater] INFO  ratis.ContainerStateMachine (ContainerStateMachine.java:takeSnapshot(319)) - group-79979D135BFE: Finished taking a snapshot at:(t:4, i:0) file:/home/runner/work/ozone/ozone/hadoop-ozone/integration-test/target/test-dir/MiniOzoneClusterImpl-62525788-12f1-42f6-8834-316215afea77/datanode-4/data/ratis/806defe6-91a0-4966-ac34-79979d135bfe/sm/snapshot.4_0 took: 3 ms
2023-01-10 01:14:17,148 [498755a8-f2f1-47a5-bb38-b65b10b21bcc@group-79979D135BFE-StateMachineUpdater] INFO  impl.StateMachineUpdater (StateMachineUpdater.java:takeSnapshot(287)) - 498755a8-f2f1-47a5-bb38-b65b10b21bcc@group-79979D135BFE-StateMachineUpdater: Took a snapshot at index 0
2023-01-10 01:14:17,148 [498755a8-f2f1-47a5-bb38-b65b10b21bcc@group-79979D135BFE-StateMachineUpdater] INFO  impl.StateMachineUpdater (StateMachineUpdater.java:lambda$new$0(92)) - 498755a8-f2f1-47a5-bb38-b65b10b21bcc@group-79979D135BFE-StateMachineUpdater: snapshotIndex: updateIncreasingly -1 -> 0
2023-01-10 01:14:17,148 [498755a8-f2f1-47a5-bb38-b65b10b21bcc-impl-thread1] INFO  server.RaftServer$Division (ServerState.java:close(466)) - 498755a8-f2f1-47a5-bb38-b65b10b21bcc@group-79979D135BFE: closes. applyIndex: 0
2023-01-10 01:14:17,153 [498755a8-f2f1-47a5-bb38-b65b10b21bcc@group-79979D135BFE-SegmentedRaftLogWorker] INFO  segmented.SegmentedRaftLogWorker (SegmentedRaftLogWorker.java:run(347)) - 498755a8-f2f1-47a5-bb38-b65b10b21bcc@group-79979D135BFE-SegmentedRaftLogWorker was interrupted, exiting. There are 0 tasks remaining in the queue.
2023-01-10 01:14:17,153 [498755a8-f2f1-47a5-bb38-b65b10b21bcc-impl-thread1] INFO  segmented.SegmentedRaftLogWorker (SegmentedRaftLogWorker.java:close(257)) - 498755a8-f2f1-47a5-bb38-b65b10b21bcc@group-79979D135BFE-SegmentedRaftLogWorker close()
2023-01-10 01:14:17,173 [ForkJoinPool.commonPool-worker-0] INFO  handler.ContextHandler (ContextHandler.java:doStop(1159)) - Stopped o.e.j.w.WebAppContext@138fbbd9{hddsDatanode,/,null,STOPPED}{jar:file:/home/runner/.m2/repository/org/apache/ozone/hdds-container-service/1.4.0-SNAPSHOT/hdds-container-service-1.4.0-SNAPSHOT.jar!/webapps/hddsDatanode}
2023-01-10 01:14:17,174 [ForkJoinPool.commonPool-worker-0] INFO  server.AbstractConnector (AbstractConnector.java:doStop(383)) - Stopped ServerConnector@36e62c40{HTTP/1.1, (http/1.1)}{0.0.0.0:0}
2023-01-10 01:14:17,174 [ForkJoinPool.commonPool-worker-0] INFO  server.session (HouseKeeper.java:stopScavenging(149)) - node0 Stopped scavenging
2023-01-10 01:14:17,185 [ForkJoinPool.commonPool-worker-0] INFO  handler.ContextHandler (ContextHandler.java:doStop(1159)) - Stopped o.e.j.s.ServletContextHandler@2ea74138{static,/static,jar:file:/home/runner/.m2/repository/org/apache/ozone/hdds-container-service/1.4.0-SNAPSHOT/hdds-container-service-1.4.0-SNAPSHOT.jar!/webapps/static,STOPPED}
2023-01-10 01:14:17,185 [ForkJoinPool.commonPool-worker-0] INFO  handler.ContextHandler (ContextHandler.java:doStop(1159)) - Stopped o.e.j.s.ServletContextHandler@510a6317{logs,/logs,file:///home/runner/work/ozone/ozone/hadoop-ozone/integration-test/target/log,STOPPED}
2023-01-10 01:14:17,186 [JvmPauseMonitor16] INFO  util.JvmPauseMonitor (JvmPauseMonitor.java:run(111)) - JvmPauseMonitor-498755a8-f2f1-47a5-bb38-b65b10b21bcc: Stopped
2023-01-10 01:14:17,189 [ForkJoinPool.commonPool-worker-0] INFO  ozoneimpl.OzoneContainer (OzoneContainer.java:stop(417)) - Attempting to stop container services.
2023-01-10 01:14:17,190 [ForkJoinPool.commonPool-worker-0] INFO  server.RaftServer (RaftServerProxy.java:lambda$close$6(409)) - 35948080-5e22-45ca-b6f3-be7de45bebca: close
2023-01-10 01:14:17,190 [ForkJoinPool.commonPool-worker-0] INFO  server.GrpcService (GrpcService.java:closeImpl(271)) - 35948080-5e22-45ca-b6f3-be7de45bebca: shutdown server GrpcServerProtocolService now
2023-01-10 01:14:17,190 [35948080-5e22-45ca-b6f3-be7de45bebca-impl-thread1] INFO  server.RaftServer$Division (RaftServerImpl.java:lambda$close$4(458)) - 35948080-5e22-45ca-b6f3-be7de45bebca@group-78BA0C5E921B: shutdown
2023-01-10 01:14:17,190 [35948080-5e22-45ca-b6f3-be7de45bebca-impl-thread1] INFO  util.JmxRegister (JmxRegister.java:unregister(73)) - Successfully un-registered JMX Bean with object name Ratis:service=RaftServer,group=group-78BA0C5E921B,id=35948080-5e22-45ca-b6f3-be7de45bebca
2023-01-10 01:14:17,190 [35948080-5e22-45ca-b6f3-be7de45bebca-impl-thread1] INFO  impl.RoleInfo (RoleInfo.java:shutdownLeaderState(93)) - 35948080-5e22-45ca-b6f3-be7de45bebca: shutdown 35948080-5e22-45ca-b6f3-be7de45bebca@group-78BA0C5E921B-LeaderStateImpl
2023-01-10 01:14:17,190 [35948080-5e22-45ca-b6f3-be7de45bebca-impl-thread1] INFO  impl.PendingRequests (PendingRequests.java:sendNotLeaderResponses(282)) - 35948080-5e22-45ca-b6f3-be7de45bebca@group-78BA0C5E921B-PendingRequests: sendNotLeaderResponses
2023-01-10 01:14:17,190 [35948080-5e22-45ca-b6f3-be7de45bebca-impl-thread1] INFO  impl.StateMachineUpdater (StateMachineUpdater.java:stopAndJoin(153)) - 35948080-5e22-45ca-b6f3-be7de45bebca@group-78BA0C5E921B-StateMachineUpdater: set stopIndex = 0
2023-01-10 01:14:17,191 [35948080-5e22-45ca-b6f3-be7de45bebca@group-78BA0C5E921B-StateMachineUpdater] INFO  ratis.ContainerStateMachine (ContainerStateMachine.java:takeSnapshot(308)) - group-78BA0C5E921B: Taking a snapshot at:(t:6, i:0) file /home/runner/work/ozone/ozone/hadoop-ozone/integration-test/target/test-dir/MiniOzoneClusterImpl-62525788-12f1-42f6-8834-316215afea77/datanode-0/data/ratis/8a0d26c5-9ddc-4466-9f05-78ba0c5e921b/sm/snapshot.6_0
2023-01-10 01:14:17,192 [35948080-5e22-45ca-b6f3-be7de45bebca@group-78BA0C5E921B-StateMachineUpdater] INFO  ratis.ContainerStateMachine (ContainerStateMachine.java:takeSnapshot(319)) - group-78BA0C5E921B: Finished taking a snapshot at:(t:6, i:0) file:/home/runner/work/ozone/ozone/hadoop-ozone/integration-test/target/test-dir/MiniOzoneClusterImpl-62525788-12f1-42f6-8834-316215afea77/datanode-0/data/ratis/8a0d26c5-9ddc-4466-9f05-78ba0c5e921b/sm/snapshot.6_0 took: 1 ms
2023-01-10 01:14:17,192 [35948080-5e22-45ca-b6f3-be7de45bebca@group-78BA0C5E921B-StateMachineUpdater] INFO  impl.StateMachineUpdater (StateMachineUpdater.java:takeSnapshot(287)) - 35948080-5e22-45ca-b6f3-be7de45bebca@group-78BA0C5E921B-StateMachineUpdater: Took a snapshot at index 0
2023-01-10 01:14:17,192 [35948080-5e22-45ca-b6f3-be7de45bebca@group-78BA0C5E921B-StateMachineUpdater] INFO  impl.StateMachineUpdater (StateMachineUpdater.java:lambda$new$0(92)) - 35948080-5e22-45ca-b6f3-be7de45bebca@group-78BA0C5E921B-StateMachineUpdater: snapshotIndex: updateIncreasingly -1 -> 0
2023-01-10 01:14:17,193 [35948080-5e22-45ca-b6f3-be7de45bebca-impl-thread1] INFO  server.RaftServer$Division (ServerState.java:close(466)) - 35948080-5e22-45ca-b6f3-be7de45bebca@group-78BA0C5E921B: closes. applyIndex: 0
2023-01-10 01:14:17,195 [ForkJoinPool.commonPool-worker-0] INFO  server.GrpcServerProtocolClient (GrpcServerProtocolClient.java:close(101)) - b1e0bc18-8da5-4e58-9fa5-a506b45b1540 Close channels
2023-01-10 01:14:17,195 [35948080-5e22-45ca-b6f3-be7de45bebca@group-78BA0C5E921B-SegmentedRaftLogWorker] INFO  segmented.SegmentedRaftLogWorker (SegmentedRaftLogWorker.java:run(347)) - 35948080-5e22-45ca-b6f3-be7de45bebca@group-78BA0C5E921B-SegmentedRaftLogWorker was interrupted, exiting. There are 0 tasks remaining in the queue.
2023-01-10 01:14:17,195 [ForkJoinPool.commonPool-worker-0] INFO  server.GrpcServerProtocolClient (GrpcServerProtocolClient.java:close(101)) - 1c34faa2-bf15-4077-af79-1a4fd95d48c3 Close channels
2023-01-10 01:14:17,195 [35948080-5e22-45ca-b6f3-be7de45bebca-impl-thread1] INFO  segmented.SegmentedRaftLogWorker (SegmentedRaftLogWorker.java:close(257)) - 35948080-5e22-45ca-b6f3-be7de45bebca@group-78BA0C5E921B-SegmentedRaftLogWorker close()
2023-01-10 01:14:17,195 [35948080-5e22-45ca-b6f3-be7de45bebca@group-78BA0C5E921B->1c34faa2-bf15-4077-af79-1a4fd95d48c3-GrpcLogAppender-LogAppenderDaemon] ERROR leader.LogAppenderDaemon (LogAppenderDaemon.java:run(87)) - 35948080-5e22-45ca-b6f3-be7de45bebca@group-78BA0C5E921B->1c34faa2-bf15-4077-af79-1a4fd95d48c3-GrpcLogAppender-LogAppenderDaemon failed
java.lang.IllegalArgumentException: 35948080-5e22-45ca-b6f3-be7de45bebca@group-78BA0C5E921B-SegmentedRaftLog is expected to be opened but it is CLOSED
	at org.apache.ratis.util.OpenCloseState.assertOpen(OpenCloseState.java:63)
	at org.apache.ratis.server.raftlog.RaftLogBase.checkLogState(RaftLogBase.java:111)
	at org.apache.ratis.server.raftlog.segmented.SegmentedRaftLog.getTermIndex(SegmentedRaftLog.java:323)
	at org.apache.ratis.server.leader.LogAppenderBase.getPrevious(LogAppenderBase.java:148)
	at org.apache.ratis.server.leader.LogAppenderBase.newAppendEntriesRequest(LogAppenderBase.java:168)
	at org.apache.ratis.grpc.server.GrpcLogAppender.appendLog(GrpcLogAppender.java:271)
	at org.apache.ratis.grpc.server.GrpcLogAppender.run(GrpcLogAppender.java:168)
	at org.apache.ratis.server.leader.LogAppenderDaemon.run(LogAppenderDaemon.java:78)
	at java.lang.Thread.run(Thread.java:750)
Caused by: org.apache.ratis.util.OpenCloseState$CloseTrace: Close 35948080-5e22-45ca-b6f3-be7de45bebca@group-78BA0C5E921B-SegmentedRaftLog
	at org.apache.ratis.util.OpenCloseState.lambda$close$1(OpenCloseState.java:109)
	at java.util.concurrent.atomic.AtomicReference.getAndUpdate(AtomicReference.java:160)
	at org.apache.ratis.util.OpenCloseState.close(OpenCloseState.java:109)
	at org.apache.ratis.server.raftlog.RaftLogBase.close(RaftLogBase.java:365)
	at org.apache.ratis.server.raftlog.segmented.SegmentedRaftLog.close(SegmentedRaftLog.java:506)
	at org.apache.ratis.server.impl.ServerState.close(ServerState.java:468)
	at org.apache.ratis.server.impl.RaftServerImpl.lambda$close$4(RaftServerImpl.java:480)
	at org.apache.ratis.util.LifeCycle.lambda$checkStateAndClose$4(LifeCycle.java:299)
	at org.apache.ratis.util.LifeCycle.checkStateAndClose(LifeCycle.java:319)
	at org.apache.ratis.util.LifeCycle.checkStateAndClose(LifeCycle.java:297)
	at org.apache.ratis.server.impl.RaftServerImpl.close(RaftServerImpl.java:457)
	at org.apache.ratis.server.impl.RaftServerProxy$ImplMap.close(RaftServerProxy.java:132)
	at org.apache.ratis.server.impl.RaftServerProxy$ImplMap.lambda$close$0(RaftServerProxy.java:119)
	at org.apache.ratis.util.ConcurrentUtils.accept(ConcurrentUtils.java:173)
	at org.apache.ratis.util.ConcurrentUtils.lambda$null$3(ConcurrentUtils.java:165)
	at java.util.concurrent.ThreadPoolExecutor.runWorker(ThreadPoolExecutor.java:1149)
	at java.util.concurrent.ThreadPoolExecutor$Worker.run(ThreadPoolExecutor.java:624)
	... 1 more
2023-01-10 01:14:17,195 [ForkJoinPool.commonPool-worker-0] INFO  server.GrpcService (GrpcService.java:closeImpl(280)) - 35948080-5e22-45ca-b6f3-be7de45bebca: shutdown server GrpcServerProtocolService successfully
2023-01-10 01:14:17,198 [35948080-5e22-45ca-b6f3-be7de45bebca-NettyServerStreamRpc-bossGroup--thread1] INFO  logging.LoggingHandler (AbstractInternalLogger.java:log(148)) - [id: 0x3495b78b, L:/0:0:0:0:0:0:0:0:42993] CLOSE
2023-01-10 01:14:17,198 [35948080-5e22-45ca-b6f3-be7de45bebca-NettyServerStreamRpc-bossGroup--thread1] INFO  logging.LoggingHandler (AbstractInternalLogger.java:log(148)) - [id: 0x3495b78b, L:/0:0:0:0:0:0:0:0:42993] INACTIVE
2023-01-10 01:14:17,198 [35948080-5e22-45ca-b6f3-be7de45bebca-NettyServerStreamRpc-bossGroup--thread1] INFO  logging.LoggingHandler (AbstractInternalLogger.java:log(148)) - [id: 0x3495b78b, L:/0:0:0:0:0:0:0:0:42993] UNREGISTERED
2023-01-10 01:14:17,204 [JvmPauseMonitor12] INFO  util.JvmPauseMonitor (JvmPauseMonitor.java:run(111)) - JvmPauseMonitor-35948080-5e22-45ca-b6f3-be7de45bebca: Stopped
2023-01-10 01:14:19,190 [Listener at 127.0.0.1/44191] INFO  volume.HddsVolume (HddsVolume.java:closeDbStore(338)) - SchemaV3 db is stopped at /home/runner/work/ozone/ozone/hadoop-ozone/integration-test/target/test-dir/MiniOzoneClusterImpl-62525788-12f1-42f6-8834-316215afea77/datanode-4/data-0/containers/hdds/62525788-12f1-42f6-8834-316215afea77/DS-de1f40dc-a5aa-4196-b3fb-f57532f11606/container.db for volume DS-de1f40dc-a5aa-4196-b3fb-f57532f11606
2023-01-10 01:14:19,190 [Listener at 127.0.0.1/44191] INFO  utils.BackgroundService (BackgroundService.java:shutdown(141)) - Shutting down service BlockDeletingService
2023-01-10 01:14:19,191 [Listener at 127.0.0.1/44191] INFO  utils.BackgroundService (BackgroundService.java:shutdown(141)) - Shutting down service StaleRecoveringContainerScrubbingService
2023-01-10 01:14:19,193 [Listener at 127.0.0.1/44191] INFO  statemachine.DatanodeStateMachine (DatanodeStateMachine.java:stopDaemon(596)) - Ozone container server stopped.
2023-01-10 01:14:19,201 [Listener at 127.0.0.1/44191] INFO  handler.ContextHandler (ContextHandler.java:doStop(1159)) - Stopped o.e.j.w.WebAppContext@697fc544{hddsDatanode,/,null,STOPPED}{jar:file:/home/runner/.m2/repository/org/apache/ozone/hdds-container-service/1.4.0-SNAPSHOT/hdds-container-service-1.4.0-SNAPSHOT.jar!/webapps/hddsDatanode}
2023-01-10 01:14:19,202 [Listener at 127.0.0.1/44191] INFO  server.AbstractConnector (AbstractConnector.java:doStop(383)) - Stopped ServerConnector@736c819e{HTTP/1.1, (http/1.1)}{0.0.0.0:0}
2023-01-10 01:14:19,202 [Listener at 127.0.0.1/44191] INFO  server.session (HouseKeeper.java:stopScavenging(149)) - node0 Stopped scavenging
2023-01-10 01:14:19,202 [Listener at 127.0.0.1/44191] INFO  handler.ContextHandler (ContextHandler.java:doStop(1159)) - Stopped o.e.j.s.ServletContextHandler@29af9657{static,/static,jar:file:/home/runner/.m2/repository/org/apache/ozone/hdds-container-service/1.4.0-SNAPSHOT/hdds-container-service-1.4.0-SNAPSHOT.jar!/webapps/static,STOPPED}
2023-01-10 01:14:19,202 [Listener at 127.0.0.1/44191] INFO  handler.ContextHandler (ContextHandler.java:doStop(1159)) - Stopped o.e.j.s.ServletContextHandler@1eff7bdb{logs,/logs,file:///home/runner/work/ozone/ozone/hadoop-ozone/integration-test/target/log,STOPPED}
2023-01-10 01:14:19,208 [ForkJoinPool.commonPool-worker-0] INFO  volume.HddsVolume (HddsVolume.java:closeDbStore(338)) - SchemaV3 db is stopped at /home/runner/work/ozone/ozone/hadoop-ozone/integration-test/target/test-dir/MiniOzoneClusterImpl-62525788-12f1-42f6-8834-316215afea77/datanode-0/data-0/containers/hdds/62525788-12f1-42f6-8834-316215afea77/DS-16c402f9-b8fb-4bda-896a-b69e766b344a/container.db for volume DS-16c402f9-b8fb-4bda-896a-b69e766b344a
2023-01-10 01:14:19,208 [ForkJoinPool.commonPool-worker-0] INFO  utils.BackgroundService (BackgroundService.java:shutdown(141)) - Shutting down service BlockDeletingService
2023-01-10 01:14:19,208 [ForkJoinPool.commonPool-worker-0] INFO  utils.BackgroundService (BackgroundService.java:shutdown(141)) - Shutting down service StaleRecoveringContainerScrubbingService
2023-01-10 01:14:19,210 [ForkJoinPool.commonPool-worker-0] INFO  statemachine.DatanodeStateMachine (DatanodeStateMachine.java:stopDaemon(596)) - Ozone container server stopped.
2023-01-10 01:14:19,219 [ForkJoinPool.commonPool-worker-0] INFO  handler.ContextHandler (ContextHandler.java:doStop(1159)) - Stopped o.e.j.w.WebAppContext@63130338{hddsDatanode,/,null,STOPPED}{jar:file:/home/runner/.m2/repository/org/apache/ozone/hdds-container-service/1.4.0-SNAPSHOT/hdds-container-service-1.4.0-SNAPSHOT.jar!/webapps/hddsDatanode}
2023-01-10 01:14:19,220 [ForkJoinPool.commonPool-worker-0] INFO  server.AbstractConnector (AbstractConnector.java:doStop(383)) - Stopped ServerConnector@654a5635{HTTP/1.1, (http/1.1)}{0.0.0.0:0}
2023-01-10 01:14:19,220 [ForkJoinPool.commonPool-worker-0] INFO  server.session (HouseKeeper.java:stopScavenging(149)) - node0 Stopped scavenging
2023-01-10 01:14:19,221 [ForkJoinPool.commonPool-worker-0] INFO  handler.ContextHandler (ContextHandler.java:doStop(1159)) - Stopped o.e.j.s.ServletContextHandler@673ad27{static,/static,jar:file:/home/runner/.m2/repository/org/apache/ozone/hdds-container-service/1.4.0-SNAPSHOT/hdds-container-service-1.4.0-SNAPSHOT.jar!/webapps/static,STOPPED}
2023-01-10 01:14:19,221 [ForkJoinPool.commonPool-worker-0] INFO  handler.ContextHandler (ContextHandler.java:doStop(1159)) - Stopped o.e.j.s.ServletContextHandler@4046e87d{logs,/logs,file:///home/runner/work/ozone/ozone/hadoop-ozone/integration-test/target/log,STOPPED}
2023-01-10 01:14:19,222 [Listener at 127.0.0.1/44191] INFO  ozone.MiniOzoneClusterImpl (MiniOzoneClusterImpl.java:stopSCM(539)) - Stopping the StorageContainerManager
2023-01-10 01:14:19,222 [Listener at 127.0.0.1/44191] INFO  server.StorageContainerManager (StorageContainerManager.java:stop(1521)) - Container Balancer is not running.
2023-01-10 01:14:19,222 [Listener at 127.0.0.1/44191] INFO  server.StorageContainerManager (StorageContainerManager.java:stop(1528)) - Stopping Replication Manager Service.
2023-01-10 01:14:19,222 [Listener at 127.0.0.1/44191] INFO  replication.ReplicationManager (ReplicationManager.java:stop(296)) - Stopping Replication Monitor Thread.
2023-01-10 01:14:19,222 [Over Replicated Processor] WARN  replication.UnhealthyReplicationProcessor (UnhealthyReplicationProcessor.java:run(141)) - Over Replicated Processor interrupted. Exiting...
2023-01-10 01:14:19,222 [Under Replicated Processor] WARN  replication.UnhealthyReplicationProcessor (UnhealthyReplicationProcessor.java:run(141)) - Under Replicated Processor interrupted. Exiting...
2023-01-10 01:14:19,223 [Listener at 127.0.0.1/44191] INFO  server.StorageContainerManager (StorageContainerManager.java:stop(1535)) - Stopping the Datanode Admin Monitor.
2023-01-10 01:14:19,223 [Listener at 127.0.0.1/44191] INFO  server.StorageContainerManager (StorageContainerManager.java:stop(1542)) - Stopping datanode service RPC server
2023-01-10 01:14:19,223 [Listener at 127.0.0.1/44191] INFO  server.SCMDatanodeProtocolServer (SCMDatanodeProtocolServer.java:stop(441)) - Stopping the RPC server for DataNodes
2023-01-10 01:14:19,223 [Listener at 127.0.0.1/44191] INFO  ipc.Server (Server.java:stop(3428)) - Stopping server on 39419
2023-01-10 01:14:19,224 [IPC Server listener on 0] INFO  ipc.Server (Server.java:run(1384)) - Stopping IPC Server listener on 0
2023-01-10 01:14:19,223 [ReplicationMonitor] INFO  replication.ReplicationManager (ReplicationManager.java:run(666)) - Replication Monitor Thread is stopped
2023-01-10 01:14:19,227 [IPC Server Responder] INFO  ipc.Server (Server.java:run(1517)) - Stopping IPC Server Responder
2023-01-10 01:14:19,899 [SCM Heartbeat Processing Thread - 0] WARN  node.NodeStateManager (NodeStateManager.java:scheduleNextHealthCheck(870)) - Current Thread is interrupted, shutting down HB processing thread for Node Manager.
2023-01-10 01:14:19,900 [Listener at 127.0.0.1/44191] INFO  server.StorageContainerManager (StorageContainerManager.java:stop(1550)) - Stopping block service RPC server
2023-01-10 01:14:19,900 [Listener at 127.0.0.1/44191] INFO  server.SCMBlockProtocolServer (SCMBlockProtocolServer.java:stop(161)) - Stopping the RPC server for Block Protocol
2023-01-10 01:14:19,900 [Listener at 127.0.0.1/44191] INFO  ipc.Server (Server.java:stop(3428)) - Stopping server on 39869
2023-01-10 01:14:19,902 [Listener at 127.0.0.1/44191] INFO  server.StorageContainerManager (StorageContainerManager.java:stop(1557)) - Stopping the StorageContainerLocationProtocol RPC server
2023-01-10 01:14:19,902 [Listener at 127.0.0.1/44191] INFO  server.SCMClientProtocolServer (SCMClientProtocolServer.java:stop(179)) - Stopping the RPC server for Client Protocol
2023-01-10 01:14:19,903 [Listener at 127.0.0.1/44191] INFO  ipc.Server (Server.java:stop(3428)) - Stopping server on 44045
2023-01-10 01:14:19,903 [IPC Server Responder] INFO  ipc.Server (Server.java:run(1517)) - Stopping IPC Server Responder
2023-01-10 01:14:19,903 [IPC Server listener on 0] INFO  ipc.Server (Server.java:run(1384)) - Stopping IPC Server listener on 0
2023-01-10 01:14:19,903 [IPC Server listener on 0] INFO  ipc.Server (Server.java:run(1384)) - Stopping IPC Server listener on 0
2023-01-10 01:14:19,905 [IPC Server Responder] INFO  ipc.Server (Server.java:run(1517)) - Stopping IPC Server Responder
2023-01-10 01:14:19,905 [Listener at 127.0.0.1/44191] INFO  server.StorageContainerManager (StorageContainerManager.java:stop(1564)) - Stopping Storage Container Manager HTTP server.
2023-01-10 01:14:19,906 [Listener at 127.0.0.1/44191] INFO  handler.ContextHandler (ContextHandler.java:doStop(1159)) - Stopped o.e.j.w.WebAppContext@6e69b9f3{scm,/,null,STOPPED}{file:/home/runner/work/ozone/ozone/hadoop-ozone/integration-test/target/test-classes/webapps/scm}
2023-01-10 01:14:19,907 [Listener at 127.0.0.1/44191] INFO  server.AbstractConnector (AbstractConnector.java:doStop(383)) - Stopped ServerConnector@65d3668{HTTP/1.1, (http/1.1)}{0.0.0.0:0}
2023-01-10 01:14:19,907 [Listener at 127.0.0.1/44191] INFO  server.session (HouseKeeper.java:stopScavenging(149)) - node0 Stopped scavenging
2023-01-10 01:14:19,907 [Listener at 127.0.0.1/44191] INFO  handler.ContextHandler (ContextHandler.java:doStop(1159)) - Stopped o.e.j.s.ServletContextHandler@25745731{static,/static,file:///home/runner/work/ozone/ozone/hadoop-ozone/integration-test/target/test-classes/webapps/static,STOPPED}
2023-01-10 01:14:19,907 [Listener at 127.0.0.1/44191] INFO  handler.ContextHandler (ContextHandler.java:doStop(1159)) - Stopped o.e.j.s.ServletContextHandler@390af2f0{logs,/logs,file:///home/runner/work/ozone/ozone/hadoop-ozone/integration-test/target/log,STOPPED}
2023-01-10 01:14:19,909 [Listener at 127.0.0.1/44191] INFO  server.StorageContainerManager (StorageContainerManager.java:stop(1570)) - Stopping SCM LayoutVersionManager Service.
2023-01-10 01:14:19,909 [Listener at 127.0.0.1/44191] INFO  server.StorageContainerManager (StorageContainerManager.java:stop(1578)) - Stopping Block Manager Service.
2023-01-10 01:14:19,909 [Listener at 127.0.0.1/44191] INFO  utils.BackgroundService (BackgroundService.java:shutdown(141)) - Shutting down service SCMBlockDeletingService
2023-01-10 01:14:19,909 [Listener at 127.0.0.1/44191] INFO  utils.BackgroundService (BackgroundService.java:shutdown(141)) - Shutting down service SCMBlockDeletingService
2023-01-10 01:14:19,909 [Listener at 127.0.0.1/44191] INFO  server.StorageContainerManager (StorageContainerManager.java:stop(1600)) - Stopping SCM Event Queue.
2023-01-10 01:14:19,910 [Listener at 127.0.0.1/44191] INFO  server.StorageContainerManager (StorageContainerManager.java:stop(1611)) - Stopping SCM HA services.
2023-01-10 01:14:19,910 [Listener at 127.0.0.1/44191] INFO  pipeline.BackgroundPipelineCreator (BackgroundPipelineCreator.java:stop(149)) - Stopping RatisPipelineUtilsThread.
2023-01-10 01:14:19,911 [RatisPipelineUtilsThread - 0] WARN  pipeline.BackgroundPipelineCreator (BackgroundPipelineCreator.java:run(180)) - RatisPipelineUtilsThread is interrupted.
2023-01-10 01:14:19,911 [Listener at 127.0.0.1/44191] INFO  BackgroundPipelineScrubber (BackgroundSCMService.java:stop(131)) - Stopping BackgroundPipelineScrubber Service.
2023-01-10 01:14:19,911 [BackgroundPipelineScrubberThread] WARN  BackgroundPipelineScrubber (BackgroundSCMService.java:run(115)) - BackgroundPipelineScrubber is interrupted, exit
2023-01-10 01:14:19,912 [Listener at 127.0.0.1/44191] INFO  impl.MetricsSystemImpl (MetricsSystemImpl.java:stop(210)) - Stopping HddsDatanode metrics system...
2023-01-10 01:14:19,915 [prometheus] INFO  impl.MetricsSinkAdapter (MetricsSinkAdapter.java:publishMetricsFromQueue(141)) - prometheus thread interrupted.
2023-01-10 01:14:19,915 [Listener at 127.0.0.1/44191] INFO  impl.MetricsSystemImpl (MetricsSystemImpl.java:stop(216)) - HddsDatanode metrics system stopped.
2023-01-10 01:14:19,916 [Listener at 127.0.0.1/44191] WARN  pipeline.BackgroundPipelineCreator (BackgroundPipelineCreator.java:stop(145)) - RatisPipelineUtilsThread is not running, just ignore.
2023-01-10 01:14:19,916 [Listener at 127.0.0.1/44191] INFO  BackgroundPipelineScrubber (BackgroundSCMService.java:stop(126)) - BackgroundPipelineScrubber Service is not running, skip stop.
2023-01-10 01:14:19,916 [ExpiredContainerReplicaOpScrubberThread] WARN  ExpiredContainerReplicaOpScrubber (BackgroundSCMService.java:run(115)) - ExpiredContainerReplicaOpScrubber is interrupted, exit
2023-01-10 01:14:19,916 [Listener at 127.0.0.1/44191] INFO  ExpiredContainerReplicaOpScrubber (BackgroundSCMService.java:stop(131)) - Stopping ExpiredContainerReplicaOpScrubber Service.
2023-01-10 01:14:19,916 [Listener at 127.0.0.1/44191] INFO  utils.BackgroundService (BackgroundService.java:shutdown(141)) - Shutting down service SCMBlockDeletingService
2023-01-10 01:14:19,916 [Listener at 127.0.0.1/44191] INFO  replication.ReplicationManager (ReplicationManager.java:stop(304)) - Replication Monitor Thread is not running.
2023-01-10 01:14:19,916 [Listener at 127.0.0.1/44191] WARN  balancer.ContainerBalancer (ContainerBalancer.java:stop(322)) - Cannot stop Container Balancer because it's not running or stopping
2023-01-10 01:14:19,916 [Listener at 127.0.0.1/44191] INFO  server.StorageContainerManager (StorageContainerManager.java:stop(1629)) - Stopping SCM MetadataStore.
]]></system-out>
  </testcase>
</testsuite>