<?xml version="1.0" encoding="UTF-8"?>
<testsuite xmlns:xsi="http://www.w3.org/2001/XMLSchema-instance" xsi:noNamespaceSchemaLocation="https://maven.apache.org/surefire/maven-surefire-plugin/xsd/surefire-test-report.xsd" name="org.apache.hadoop.ozone.client.rpc.TestWatchForCommit" time="305.31" tests="4" errors="1" skipped="0" failures="0">
  <properties>
    <property name="awt.toolkit" value="sun.awt.X11.XToolkit"/>
    <property name="file.encoding.pkg" value="sun.io"/>
    <property name="java.specification.version" value="1.8"/>
    <property name="sun.cpu.isalist" value=""/>
    <property name="sun.jnu.encoding" value="UTF-8"/>
    <property name="java.class.path" value="/home/runner/work/ozone/ozone/hadoop-ozone/integration-test/target/test-classes:/home/runner/work/ozone/ozone/hadoop-ozone/integration-test/target/classes:/home/runner/.m2/repository/org/apache/ozone/ozone-common/1.2.0-SNAPSHOT/ozone-common-1.2.0-SNAPSHOT.jar:/home/runner/.m2/repository/org/apache/commons/commons-compress/1.20/commons-compress-1.20.jar:/home/runner/.m2/repository/org/apache/ozone/hdds-common/1.2.0-SNAPSHOT/hdds-common-1.2.0-SNAPSHOT.jar:/home/runner/.m2/repository/org/apache/ozone/hdds-client/1.2.0-SNAPSHOT/hdds-client-1.2.0-SNAPSHOT.jar:/home/runner/.m2/repository/org/apache/ozone/ozone-interface-client/1.2.0-SNAPSHOT/ozone-interface-client-1.2.0-SNAPSHOT.jar:/home/runner/.m2/repository/org/apache/ozone/hdds-server-framework/1.2.0-SNAPSHOT/hdds-server-framework-1.2.0-SNAPSHOT.jar:/home/runner/.m2/repository/org/apache/ozone/hdds-interface-server/1.2.0-SNAPSHOT/hdds-interface-server-1.2.0-SNAPSHOT.jar:/home/runner/.m2/repository/org/eclipse/jetty/jetty-servlet/9.4.43.v20210629/jetty-servlet-9.4.43.v20210629.jar:/home/runner/.m2/repository/org/eclipse/jetty/jetty-security/9.4.43.v20210629/jetty-security-9.4.43.v20210629.jar:/home/runner/.m2/repository/org/rocksdb/rocksdbjni/6.20.3/rocksdbjni-6.20.3.jar:/home/runner/.m2/repository/io/prometheus/simpleclient_dropwizard/0.7.0/simpleclient_dropwizard-0.7.0.jar:/home/runner/.m2/repository/io/prometheus/simpleclient/0.7.0/simpleclient-0.7.0.jar:/home/runner/.m2/repository/io/prometheus/simpleclient_common/0.7.0/simpleclient_common-0.7.0.jar:/home/runner/.m2/repository/com/fasterxml/jackson/datatype/jackson-datatype-jsr310/2.12.1/jackson-datatype-jsr310-2.12.1.jar:/home/runner/.m2/repository/org/apache/ozone/hdds-test-utils/1.2.0-SNAPSHOT/hdds-test-utils-1.2.0-SNAPSHOT.jar:/home/runner/.m2/repository/com/google/guava/guava/30.1.1-jre/guava-30.1.1-jre.jar:/home/runner/.m2/repository/com/google/guava/failureaccess/1.0.1/failureaccess-1.0.1.jar:/home/runner/.m2/repository/com/google/guava/listenablefuture/9999.0-empty-to-avoid-conflict-with-guava/listenablefuture-9999.0-empty-to-avoid-conflict-with-guava.jar:/home/runner/.m2/repository/com/google/code/findbugs/jsr305/3.0.0/jsr305-3.0.0.jar:/home/runner/.m2/repository/org/checkerframework/checker-qual/3.8.0/checker-qual-3.8.0.jar:/home/runner/.m2/repository/com/google/errorprone/error_prone_annotations/2.2.0/error_prone_annotations-2.2.0.jar:/home/runner/.m2/repository/com/google/j2objc/j2objc-annotations/1.3/j2objc-annotations-1.3.jar:/home/runner/.m2/repository/commons-io/commons-io/2.8.0/commons-io-2.8.0.jar:/home/runner/.m2/repository/commons-logging/commons-logging/1.2/commons-logging-1.2.jar:/home/runner/.m2/repository/log4j/log4j/1.2.17/log4j-1.2.17.jar:/home/runner/.m2/repository/org/slf4j/slf4j-api/1.7.30/slf4j-api-1.7.30.jar:/home/runner/.m2/repository/org/apache/ozone/hdds-server-scm/1.2.0-SNAPSHOT/hdds-server-scm-1.2.0-SNAPSHOT.jar:/home/runner/.m2/repository/org/apache/ozone/hdds-container-service/1.2.0-SNAPSHOT/hdds-container-service-1.2.0-SNAPSHOT.jar:/home/runner/.m2/repository/org/apache/ozone/hdds-hadoop-dependency-server/1.2.0-SNAPSHOT/hdds-hadoop-dependency-server-1.2.0-SNAPSHOT.jar:/home/runner/.m2/repository/org/apache/hadoop/hadoop-hdfs/3.3.1/hadoop-hdfs-3.3.1.jar:/home/runner/.m2/repository/io/dropwizard/metrics/metrics-core/3.2.4/metrics-core-3.2.4.jar:/home/runner/.m2/repository/org/apache/hadoop/hadoop-hdfs-client/3.3.1/hadoop-hdfs-client-3.3.1.jar:/home/runner/.m2/repository/org/bouncycastle/bcprov-jdk15on/1.67/bcprov-jdk15on-1.67.jar:/home/runner/.m2/repository/com/google/protobuf/protobuf-java/2.5.0/protobuf-java-2.5.0.jar:/home/runner/.m2/repository/org/apache/ozone/ozone-manager/1.2.0-SNAPSHOT/ozone-manager-1.2.0-SNAPSHOT.jar:/home/runner/.m2/repository/org/aspectj/aspectjrt/1.8.9/aspectjrt-1.8.9.jar:/home/runner/.m2/repository/org/aspectj/aspectjweaver/1.8.9/aspectjweaver-1.8.9.jar:/home/runner/.m2/repository/org/apache/ozone/hdds-interface-client/1.2.0-SNAPSHOT/hdds-interface-client-1.2.0-SNAPSHOT.jar:/home/runner/.m2/repository/org/apache/hadoop/thirdparty/hadoop-shaded-protobuf_3_7/1.1.1/hadoop-shaded-protobuf_3_7-1.1.1.jar:/home/runner/.m2/repository/org/apache/ratis/ratis-thirdparty-misc/0.7.0/ratis-thirdparty-misc-0.7.0.jar:/home/runner/.m2/repository/org/apache/ozone/ozone-interface-storage/1.2.0-SNAPSHOT/ozone-interface-storage-1.2.0-SNAPSHOT.jar:/home/runner/.m2/repository/org/reflections/reflections/0.9.11/reflections-0.9.11.jar:/home/runner/.m2/repository/org/apache/hadoop/hadoop-minikdc/3.3.1/hadoop-minikdc-3.3.1.jar:/home/runner/.m2/repository/org/apache/kerby/kerb-simplekdc/1.0.1/kerb-simplekdc-1.0.1.jar:/home/runner/.m2/repository/org/apache/kerby/kerb-client/1.0.1/kerb-client-1.0.1.jar:/home/runner/.m2/repository/org/apache/kerby/kerby-config/1.0.1/kerby-config-1.0.1.jar:/home/runner/.m2/repository/org/apache/kerby/kerb-common/1.0.1/kerb-common-1.0.1.jar:/home/runner/.m2/repository/org/apache/kerby/kerb-crypto/1.0.1/kerb-crypto-1.0.1.jar:/home/runner/.m2/repository/org/apache/kerby/kerb-util/1.0.1/kerb-util-1.0.1.jar:/home/runner/.m2/repository/org/apache/kerby/token-provider/1.0.1/token-provider-1.0.1.jar:/home/runner/.m2/repository/org/apache/kerby/kerb-admin/1.0.1/kerb-admin-1.0.1.jar:/home/runner/.m2/repository/org/apache/kerby/kerb-server/1.0.1/kerb-server-1.0.1.jar:/home/runner/.m2/repository/org/apache/kerby/kerb-identity/1.0.1/kerb-identity-1.0.1.jar:/home/runner/.m2/repository/org/apache/kerby/kerby-xdr/1.0.1/kerby-xdr-1.0.1.jar:/home/runner/.m2/repository/org/slf4j/slf4j-log4j12/1.7.30/slf4j-log4j12-1.7.30.jar:/home/runner/.m2/repository/org/apache/ozone/ozone-s3gateway/1.2.0-SNAPSHOT/ozone-s3gateway-1.2.0-SNAPSHOT.jar:/home/runner/.m2/repository/org/javassist/javassist/3.21.0-GA/javassist-3.21.0-GA.jar:/home/runner/.m2/repository/org/jboss/weld/servlet/weld-servlet/2.4.7.Final/weld-servlet-2.4.7.Final.jar:/home/runner/.m2/repository/org/glassfish/jersey/containers/jersey-container-servlet-core/2.33/jersey-container-servlet-core-2.33.jar:/home/runner/.m2/repository/org/glassfish/hk2/external/jakarta.inject/2.6.1/jakarta.inject-2.6.1.jar:/home/runner/.m2/repository/org/glassfish/jersey/core/jersey-common/2.33/jersey-common-2.33.jar:/home/runner/.m2/repository/jakarta/ws/rs/jakarta.ws.rs-api/2.1.6/jakarta.ws.rs-api-2.1.6.jar:/home/runner/.m2/repository/org/glassfish/jersey/ext/cdi/jersey-cdi1x/2.33/jersey-cdi1x-2.33.jar:/home/runner/.m2/repository/org/glassfish/jersey/inject/jersey-hk2/2.33/jersey-hk2-2.33.jar:/home/runner/.m2/repository/org/glassfish/hk2/hk2-locator/2.6.1/hk2-locator-2.6.1.jar:/home/runner/.m2/repository/org/glassfish/jersey/media/jersey-media-jaxb/2.33/jersey-media-jaxb-2.33.jar:/home/runner/.m2/repository/org/glassfish/hk2/osgi-resource-locator/1.0.3/osgi-resource-locator-1.0.3.jar:/home/runner/.m2/repository/org/glassfish/hk2/hk2-api/2.5.0/hk2-api-2.5.0.jar:/home/runner/.m2/repository/org/glassfish/hk2/hk2-utils/2.5.0/hk2-utils-2.5.0.jar:/home/runner/.m2/repository/org/glassfish/hk2/external/aopalliance-repackaged/2.5.0/aopalliance-repackaged-2.5.0.jar:/home/runner/.m2/repository/com/fasterxml/jackson/dataformat/jackson-dataformat-xml/2.12.1/jackson-dataformat-xml-2.12.1.jar:/home/runner/.m2/repository/com/fasterxml/jackson/core/jackson-core/2.12.1/jackson-core-2.12.1.jar:/home/runner/.m2/repository/com/fasterxml/jackson/module/jackson-module-jaxb-annotations/2.12.1/jackson-module-jaxb-annotations-2.12.1.jar:/home/runner/.m2/repository/jakarta/xml/bind/jakarta.xml.bind-api/2.3.2/jakarta.xml.bind-api-2.3.2.jar:/home/runner/.m2/repository/org/codehaus/woodstox/stax2-api/3.1.4/stax2-api-3.1.4.jar:/home/runner/.m2/repository/com/fasterxml/woodstox/woodstox-core/5.0.3/woodstox-core-5.0.3.jar:/home/runner/.m2/repository/javax/enterprise/cdi-api/1.2/cdi-api-1.2.jar:/home/runner/.m2/repository/javax/el/javax.el-api/3.0.0/javax.el-api-3.0.0.jar:/home/runner/.m2/repository/javax/interceptor/javax.interceptor-api/1.2/javax.interceptor-api-1.2.jar:/home/runner/.m2/repository/javax/inject/javax.inject/1/javax.inject-1.jar:/home/runner/.m2/repository/javax/xml/bind/jaxb-api/2.3.0/jaxb-api-2.3.0.jar:/home/runner/.m2/repository/org/glassfish/jaxb/jaxb-runtime/2.3.0.1/jaxb-runtime-2.3.0.1.jar:/home/runner/.m2/repository/org/glassfish/jaxb/jaxb-core/2.3.0.1/jaxb-core-2.3.0.1.jar:/home/runner/.m2/repository/org/glassfish/jaxb/txw2/2.3.0.1/txw2-2.3.0.1.jar:/home/runner/.m2/repository/com/sun/istack/istack-commons-runtime/3.0.5/istack-commons-runtime-3.0.5.jar:/home/runner/.m2/repository/org/jvnet/staxex/stax-ex/1.7.8/stax-ex-1.7.8.jar:/home/runner/.m2/repository/com/sun/xml/fastinfoset/FastInfoset/1.2.13/FastInfoset-1.2.13.jar:/home/runner/.m2/repository/javax/activation/activation/1.1.1/activation-1.1.1.jar:/home/runner/.m2/repository/org/apache/ozone/ozone-csi/1.2.0-SNAPSHOT/ozone-csi-1.2.0-SNAPSHOT.jar:/home/runner/.m2/repository/com/google/protobuf/protobuf-java-util/3.12.0/protobuf-java-util-3.12.0.jar:/home/runner/.m2/repository/com/google/code/gson/gson/2.2.4/gson-2.2.4.jar:/home/runner/.m2/repository/org/apache/ozone/hdds-config/1.2.0-SNAPSHOT/hdds-config-1.2.0-SNAPSHOT.jar:/home/runner/.m2/repository/io/grpc/grpc-netty/1.33.0/grpc-netty-1.33.0.jar:/home/runner/.m2/repository/io/grpc/grpc-core/1.33.0/grpc-core-1.33.0.jar:/home/runner/.m2/repository/com/google/android/annotations/4.1.1.4/annotations-4.1.1.4.jar:/home/runner/.m2/repository/io/netty/netty-codec-http2/4.1.63.Final/netty-codec-http2-4.1.63.Final.jar:/home/runner/.m2/repository/io/netty/netty-codec-http/4.1.63.Final/netty-codec-http-4.1.63.Final.jar:/home/runner/.m2/repository/io/netty/netty-handler-proxy/4.1.63.Final/netty-handler-proxy-4.1.63.Final.jar:/home/runner/.m2/repository/io/netty/netty-codec-socks/4.1.63.Final/netty-codec-socks-4.1.63.Final.jar:/home/runner/.m2/repository/io/perfmark/perfmark-api/0.19.0/perfmark-api-0.19.0.jar:/home/runner/.m2/repository/org/codehaus/mojo/animal-sniffer-annotations/1.18/animal-sniffer-annotations-1.18.jar:/home/runner/.m2/repository/io/netty/netty-transport-native-epoll/4.1.63.Final/netty-transport-native-epoll-4.1.63.Final.jar:/home/runner/.m2/repository/io/netty/netty-common/4.1.63.Final/netty-common-4.1.63.Final.jar:/home/runner/.m2/repository/io/netty/netty-buffer/4.1.63.Final/netty-buffer-4.1.63.Final.jar:/home/runner/.m2/repository/io/netty/netty-transport-native-unix-common/4.1.63.Final/netty-transport-native-unix-common-4.1.63.Final.jar:/home/runner/.m2/repository/io/grpc/grpc-protobuf/1.33.0/grpc-protobuf-1.33.0.jar:/home/runner/.m2/repository/io/grpc/grpc-api/1.33.0/grpc-api-1.33.0.jar:/home/runner/.m2/repository/io/grpc/grpc-context/1.33.0/grpc-context-1.33.0.jar:/home/runner/.m2/repository/com/google/api/grpc/proto-google-common-protos/1.17.0/proto-google-common-protos-1.17.0.jar:/home/runner/.m2/repository/io/grpc/grpc-protobuf-lite/1.33.0/grpc-protobuf-lite-1.33.0.jar:/home/runner/.m2/repository/io/grpc/grpc-stub/1.33.0/grpc-stub-1.33.0.jar:/home/runner/.m2/repository/org/apache/ozone/ozone-recon/1.2.0-SNAPSHOT/ozone-recon-1.2.0-SNAPSHOT.jar:/home/runner/.m2/repository/org/apache/ozone/ozone-reconcodegen/1.2.0-SNAPSHOT/ozone-reconcodegen-1.2.0-SNAPSHOT.jar:/home/runner/.m2/repository/com/google/inject/extensions/guice-multibindings/4.0/guice-multibindings-4.0.jar:/home/runner/.m2/repository/com/google/inject/guice/4.0/guice-4.0.jar:/home/runner/.m2/repository/aopalliance/aopalliance/1.0/aopalliance-1.0.jar:/home/runner/.m2/repository/com/google/inject/extensions/guice-assistedinject/4.0/guice-assistedinject-4.0.jar:/home/runner/.m2/repository/com/google/inject/extensions/guice-servlet/4.0/guice-servlet-4.0.jar:/home/runner/.m2/repository/org/glassfish/jersey/containers/jersey-container-servlet/2.33/jersey-container-servlet-2.33.jar:/home/runner/.m2/repository/org/glassfish/hk2/guice-bridge/2.5.0/guice-bridge-2.5.0.jar:/home/runner/.m2/repository/org/glassfish/jersey/core/jersey-server/2.33/jersey-server-2.33.jar:/home/runner/.m2/repository/org/glassfish/jersey/core/jersey-client/2.33/jersey-client-2.33.jar:/home/runner/.m2/repository/jakarta/annotation/jakarta.annotation-api/1.3.5/jakarta.annotation-api-1.3.5.jar:/home/runner/.m2/repository/jakarta/validation/jakarta.validation-api/2.0.2/jakarta.validation-api-2.0.2.jar:/home/runner/.m2/repository/org/glassfish/jersey/media/jersey-media-json-jackson/2.33/jersey-media-json-jackson-2.33.jar:/home/runner/.m2/repository/org/glassfish/jersey/ext/jersey-entity-filtering/2.33/jersey-entity-filtering-2.33.jar:/home/runner/.m2/repository/org/jooq/jooq/3.11.10/jooq-3.11.10.jar:/home/runner/.m2/repository/org/jooq/jooq-meta/3.11.10/jooq-meta-3.11.10.jar:/home/runner/.m2/repository/org/jooq/jooq-codegen/3.11.10/jooq-codegen-3.11.10.jar:/home/runner/.m2/repository/com/jolbox/bonecp/0.8.0.RELEASE/bonecp-0.8.0.RELEASE.jar:/home/runner/.m2/repository/org/apache/derby/derby/10.14.2.0/derby-10.14.2.0.jar:/home/runner/.m2/repository/org/xerial/sqlite-jdbc/3.25.2/sqlite-jdbc-3.25.2.jar:/home/runner/.m2/repository/org/springframework/spring-jdbc/5.2.11.RELEASE/spring-jdbc-5.2.11.RELEASE.jar:/home/runner/.m2/repository/org/springframework/spring-beans/5.2.11.RELEASE/spring-beans-5.2.11.RELEASE.jar:/home/runner/.m2/repository/org/springframework/spring-core/5.2.11.RELEASE/spring-core-5.2.11.RELEASE.jar:/home/runner/.m2/repository/org/springframework/spring-jcl/5.2.11.RELEASE/spring-jcl-5.2.11.RELEASE.jar:/home/runner/.m2/repository/org/springframework/spring-tx/5.2.11.RELEASE/spring-tx-5.2.11.RELEASE.jar:/home/runner/.m2/repository/org/apache/ozone/ozone-client/1.2.0-SNAPSHOT/ozone-client-1.2.0-SNAPSHOT.jar:/home/runner/.m2/repository/org/apache/ozone/ozone-filesystem/1.2.0-SNAPSHOT/ozone-filesystem-1.2.0-SNAPSHOT.jar:/home/runner/.m2/repository/org/apache/ozone/ozone-filesystem-common/1.2.0-SNAPSHOT/ozone-filesystem-common-1.2.0-SNAPSHOT.jar:/home/runner/.m2/repository/org/apache/ozone/ozone-tools/1.2.0-SNAPSHOT/ozone-tools-1.2.0-SNAPSHOT.jar:/home/runner/.m2/repository/org/apache/ratis/ratis-tools/2.1.0-03f3b68-SNAPSHOT/ratis-tools-2.1.0-03f3b68-SNAPSHOT.jar:/home/runner/.m2/repository/org/apache/ratis/ratis-proto/2.1.0-03f3b68-SNAPSHOT/ratis-proto-2.1.0-03f3b68-SNAPSHOT.jar:/home/runner/.m2/repository/org/apache/ratis/ratis-common/2.1.0-03f3b68-SNAPSHOT/ratis-common-2.1.0-03f3b68-SNAPSHOT.jar:/home/runner/.m2/repository/com/amazonaws/aws-java-sdk-core/1.11.901/aws-java-sdk-core-1.11.901.jar:/home/runner/.m2/repository/org/apache/httpcomponents/httpclient/4.5.13/httpclient-4.5.13.jar:/home/runner/.m2/repository/org/apache/httpcomponents/httpcore/4.4.13/httpcore-4.4.13.jar:/home/runner/.m2/repository/software/amazon/ion/ion-java/1.0.2/ion-java-1.0.2.jar:/home/runner/.m2/repository/com/fasterxml/jackson/dataformat/jackson-dataformat-cbor/2.12.1/jackson-dataformat-cbor-2.12.1.jar:/home/runner/.m2/repository/joda-time/joda-time/2.8.1/joda-time-2.8.1.jar:/home/runner/.m2/repository/com/amazonaws/aws-java-sdk-s3/1.11.901/aws-java-sdk-s3-1.11.901.jar:/home/runner/.m2/repository/com/amazonaws/aws-java-sdk-kms/1.11.901/aws-java-sdk-kms-1.11.901.jar:/home/runner/.m2/repository/com/amazonaws/jmespath-java/1.11.901/jmespath-java-1.11.901.jar:/home/runner/.m2/repository/org/kohsuke/metainf-services/metainf-services/1.8/metainf-services-1.8.jar:/home/runner/.m2/repository/org/apache/ozone/hdds-tools/1.2.0-SNAPSHOT/hdds-tools-1.2.0-SNAPSHOT.jar:/home/runner/.m2/repository/commons-cli/commons-cli/1.2/commons-cli-1.2.jar:/home/runner/.m2/repository/org/apache/commons/commons-lang3/3.7/commons-lang3-3.7.jar:/home/runner/.m2/repository/org/apache/ozone/ozone-manager/1.2.0-SNAPSHOT/ozone-manager-1.2.0-SNAPSHOT-tests.jar:/home/runner/.m2/repository/org/apache/ozone/hdds-common/1.2.0-SNAPSHOT/hdds-common-1.2.0-SNAPSHOT-tests.jar:/home/runner/.m2/repository/org/apache/ozone/hdds-hadoop-dependency-client/1.2.0-SNAPSHOT/hdds-hadoop-dependency-client-1.2.0-SNAPSHOT.jar:/home/runner/.m2/repository/info/picocli/picocli/4.4.0/picocli-4.4.0.jar:/home/runner/.m2/repository/com/fasterxml/jackson/core/jackson-annotations/2.12.1/jackson-annotations-2.12.1.jar:/home/runner/.m2/repository/javax/annotation/javax.annotation-api/1.2/javax.annotation-api-1.2.jar:/home/runner/.m2/repository/org/apache/ratis/ratis-server/2.1.0-03f3b68-SNAPSHOT/ratis-server-2.1.0-03f3b68-SNAPSHOT.jar:/home/runner/.m2/repository/org/apache/ratis/ratis-client/2.1.0-03f3b68-SNAPSHOT/ratis-client-2.1.0-03f3b68-SNAPSHOT.jar:/home/runner/.m2/repository/org/apache/ratis/ratis-server-api/2.1.0-03f3b68-SNAPSHOT/ratis-server-api-2.1.0-03f3b68-SNAPSHOT.jar:/home/runner/.m2/repository/org/apache/ratis/ratis-metrics/2.1.0-03f3b68-SNAPSHOT/ratis-metrics-2.1.0-03f3b68-SNAPSHOT.jar:/home/runner/.m2/repository/org/apache/ratis/ratis-netty/2.1.0-03f3b68-SNAPSHOT/ratis-netty-2.1.0-03f3b68-SNAPSHOT.jar:/home/runner/.m2/repository/org/apache/ratis/ratis-grpc/2.1.0-03f3b68-SNAPSHOT/ratis-grpc-2.1.0-03f3b68-SNAPSHOT.jar:/home/runner/.m2/repository/org/apache/logging/log4j/log4j-api/2.13.3/log4j-api-2.13.3.jar:/home/runner/.m2/repository/org/apache/logging/log4j/log4j-core/2.13.3/log4j-core-2.13.3.jar:/home/runner/.m2/repository/com/lmax/disruptor/3.4.2/disruptor-3.4.2.jar:/home/runner/.m2/repository/org/apache/commons/commons-pool2/2.6.0/commons-pool2-2.6.0.jar:/home/runner/.m2/repository/org/bouncycastle/bcpkix-jdk15on/1.67/bcpkix-jdk15on-1.67.jar:/home/runner/.m2/repository/commons-validator/commons-validator/1.6/commons-validator-1.6.jar:/home/runner/.m2/repository/commons-beanutils/commons-beanutils/1.9.4/commons-beanutils-1.9.4.jar:/home/runner/.m2/repository/commons-digester/commons-digester/1.8.1/commons-digester-1.8.1.jar:/home/runner/.m2/repository/commons-collections/commons-collections/3.2.2/commons-collections-3.2.2.jar:/home/runner/.m2/repository/io/jaegertracing/jaeger-client/1.6.0/jaeger-client-1.6.0.jar:/home/runner/.m2/repository/io/jaegertracing/jaeger-thrift/1.6.0/jaeger-thrift-1.6.0.jar:/home/runner/.m2/repository/org/apache/thrift/libthrift/0.14.1/libthrift-0.14.1.jar:/home/runner/.m2/repository/com/squareup/okhttp3/okhttp/4.9.0/okhttp-4.9.0.jar:/home/runner/.m2/repository/com/squareup/okio/okio/2.8.0/okio-2.8.0.jar:/home/runner/.m2/repository/io/jaegertracing/jaeger-core/1.6.0/jaeger-core-1.6.0.jar:/home/runner/.m2/repository/io/jaegertracing/jaeger-tracerresolver/1.6.0/jaeger-tracerresolver-1.6.0.jar:/home/runner/.m2/repository/io/opentracing/contrib/opentracing-tracerresolver/0.1.8/opentracing-tracerresolver-0.1.8.jar:/home/runner/.m2/repository/org/jetbrains/kotlin/kotlin-stdlib/1.4.31/kotlin-stdlib-1.4.31.jar:/home/runner/.m2/repository/org/jetbrains/kotlin/kotlin-stdlib-common/1.4.31/kotlin-stdlib-common-1.4.31.jar:/home/runner/.m2/repository/org/jetbrains/annotations/13.0/annotations-13.0.jar:/home/runner/.m2/repository/io/opentracing/opentracing-util/0.33.0/opentracing-util-0.33.0.jar:/home/runner/.m2/repository/io/opentracing/opentracing-api/0.33.0/opentracing-api-0.33.0.jar:/home/runner/.m2/repository/io/opentracing/opentracing-noop/0.33.0/opentracing-noop-0.33.0.jar:/home/runner/.m2/repository/org/yaml/snakeyaml/1.26/snakeyaml-1.26.jar:/home/runner/.m2/repository/org/apache/ozone/hdds-interface-admin/1.2.0-SNAPSHOT/hdds-interface-admin-1.2.0-SNAPSHOT.jar:/home/runner/.m2/repository/junit/junit/4.13.1/junit-4.13.1.jar:/home/runner/.m2/repository/org/hamcrest/hamcrest-core/1.3/hamcrest-core-1.3.jar:/home/runner/.m2/repository/org/junit/jupiter/junit-jupiter-api/5.7.0/junit-jupiter-api-5.7.0.jar:/home/runner/.m2/repository/org/apiguardian/apiguardian-api/1.1.0/apiguardian-api-1.1.0.jar:/home/runner/.m2/repository/org/opentest4j/opentest4j/1.2.0/opentest4j-1.2.0.jar:/home/runner/.m2/repository/org/junit/platform/junit-platform-commons/1.7.0/junit-platform-commons-1.7.0.jar:/home/runner/.m2/repository/org/junit/jupiter/junit-jupiter-engine/5.7.0/junit-jupiter-engine-5.7.0.jar:/home/runner/.m2/repository/org/junit/platform/junit-platform-engine/1.7.0/junit-platform-engine-1.7.0.jar:/home/runner/.m2/repository/org/junit/vintage/junit-vintage-engine/5.7.0/junit-vintage-engine-5.7.0.jar:/home/runner/.m2/repository/org/junit/platform/junit-platform-launcher/1.7.0/junit-platform-launcher-1.7.0.jar:/home/runner/.m2/repository/org/openjdk/jmh/jmh-core/1.19/jmh-core-1.19.jar:/home/runner/.m2/repository/net/sf/jopt-simple/jopt-simple/4.6/jopt-simple-4.6.jar:/home/runner/.m2/repository/org/apache/commons/commons-math3/3.1.1/commons-math3-3.1.1.jar:/home/runner/.m2/repository/org/openjdk/jmh/jmh-generator-annprocess/1.19/jmh-generator-annprocess-1.19.jar:/home/runner/.m2/repository/org/mockito/mockito-core/2.28.2/mockito-core-2.28.2.jar:/home/runner/.m2/repository/net/bytebuddy/byte-buddy/1.9.10/byte-buddy-1.9.10.jar:/home/runner/.m2/repository/net/bytebuddy/byte-buddy-agent/1.9.10/byte-buddy-agent-1.9.10.jar:/home/runner/.m2/repository/org/objenesis/objenesis/1.0/objenesis-1.0.jar:/home/runner/.m2/repository/org/apache/hadoop/hadoop-kms/3.3.1/hadoop-kms-3.3.1.jar:/home/runner/.m2/repository/org/apache/hadoop/hadoop-auth/3.3.1/hadoop-auth-3.3.1.jar:/home/runner/.m2/repository/com/nimbusds/nimbus-jose-jwt/7.9/nimbus-jose-jwt-7.9.jar:/home/runner/.m2/repository/com/github/stephenc/jcip/jcip-annotations/1.0-1/jcip-annotations-1.0-1.jar:/home/runner/.m2/repository/net/minidev/json-smart/2.3/json-smart-2.3.jar:/home/runner/.m2/repository/net/minidev/accessors-smart/1.2/accessors-smart-1.2.jar:/home/runner/.m2/repository/org/ow2/asm/asm/5.0.4/asm-5.0.4.jar:/home/runner/.m2/repository/org/apache/zookeeper/zookeeper/3.5.6/zookeeper-3.5.6.jar:/home/runner/.m2/repository/org/apache/zookeeper/zookeeper-jute/3.5.6/zookeeper-jute-3.5.6.jar:/home/runner/.m2/repository/org/apache/yetus/audience-annotations/0.5.0/audience-annotations-0.5.0.jar:/home/runner/.m2/repository/org/apache/curator/curator-framework/4.2.0/curator-framework-4.2.0.jar:/home/runner/.m2/repository/org/apache/hadoop/thirdparty/hadoop-shaded-guava/1.1.1/hadoop-shaded-guava-1.1.1.jar:/home/runner/.m2/repository/com/sun/jersey/jersey-core/1.19/jersey-core-1.19.jar:/home/runner/.m2/repository/javax/ws/rs/jsr311-api/1.1.1/jsr311-api-1.1.1.jar:/home/runner/.m2/repository/com/sun/jersey/jersey-server/1.19/jersey-server-1.19.jar:/home/runner/.m2/repository/javax/servlet/javax.servlet-api/3.1.0/javax.servlet-api-3.1.0.jar:/home/runner/.m2/repository/org/eclipse/jetty/jetty-server/9.4.43.v20210629/jetty-server-9.4.43.v20210629.jar:/home/runner/.m2/repository/org/eclipse/jetty/jetty-http/9.4.43.v20210629/jetty-http-9.4.43.v20210629.jar:/home/runner/.m2/repository/org/eclipse/jetty/jetty-io/9.4.43.v20210629/jetty-io-9.4.43.v20210629.jar:/home/runner/.m2/repository/org/eclipse/jetty/jetty-webapp/9.4.43.v20210629/jetty-webapp-9.4.43.v20210629.jar:/home/runner/.m2/repository/org/eclipse/jetty/jetty-xml/9.4.43.v20210629/jetty-xml-9.4.43.v20210629.jar:/home/runner/.m2/repository/org/apache/hadoop/hadoop-common/3.3.1/hadoop-common-3.3.1.jar:/home/runner/.m2/repository/commons-net/commons-net/3.6/commons-net-3.6.jar:/home/runner/.m2/repository/jakarta/activation/jakarta.activation-api/1.2.1/jakarta.activation-api-1.2.1.jar:/home/runner/.m2/repository/com/sun/jersey/jersey-servlet/1.19/jersey-servlet-1.19.jar:/home/runner/.m2/repository/com/sun/jersey/jersey-json/1.19/jersey-json-1.19.jar:/home/runner/.m2/repository/org/codehaus/jettison/jettison/1.1/jettison-1.1.jar:/home/runner/.m2/repository/com/sun/xml/bind/jaxb-impl/2.2.3-1/jaxb-impl-2.2.3-1.jar:/home/runner/.m2/repository/org/codehaus/jackson/jackson-jaxrs/1.9.2/jackson-jaxrs-1.9.2.jar:/home/runner/.m2/repository/org/codehaus/jackson/jackson-xc/1.9.2/jackson-xc-1.9.2.jar:/home/runner/.m2/repository/org/apache/commons/commons-configuration2/2.1.1/commons-configuration2-2.1.1.jar:/home/runner/.m2/repository/org/apache/commons/commons-text/1.4/commons-text-1.4.jar:/home/runner/.m2/repository/com/google/re2j/re2j/1.1/re2j-1.1.jar:/home/runner/.m2/repository/com/jcraft/jsch/0.1.54/jsch-0.1.54.jar:/home/runner/.m2/repository/org/apache/curator/curator-client/4.2.0/curator-client-4.2.0.jar:/home/runner/.m2/repository/org/apache/curator/curator-recipes/4.2.0/curator-recipes-4.2.0.jar:/home/runner/.m2/repository/org/apache/kerby/kerb-core/1.0.1/kerb-core-1.0.1.jar:/home/runner/.m2/repository/org/apache/kerby/kerby-pkix/1.0.1/kerby-pkix-1.0.1.jar:/home/runner/.m2/repository/org/apache/kerby/kerby-asn1/1.0.1/kerby-asn1-1.0.1.jar:/home/runner/.m2/repository/org/apache/kerby/kerby-util/1.0.1/kerby-util-1.0.1.jar:/home/runner/.m2/repository/dnsjava/dnsjava/2.1.7/dnsjava-2.1.7.jar:/home/runner/.m2/repository/org/xerial/snappy/snappy-java/1.1.8.2/snappy-java-1.1.8.2.jar:/home/runner/.m2/repository/org/slf4j/jul-to-slf4j/1.7.30/jul-to-slf4j-1.7.30.jar:/home/runner/.m2/repository/org/eclipse/jetty/jetty-util/9.4.43.v20210629/jetty-util-9.4.43.v20210629.jar:/home/runner/.m2/repository/com/fasterxml/jackson/core/jackson-databind/2.12.1/jackson-databind-2.12.1.jar:/home/runner/.m2/repository/org/apache/hadoop/hadoop-kms/3.3.1/hadoop-kms-3.3.1-tests.jar:/home/runner/.m2/repository/org/apache/ozone/hdds-server-scm/1.2.0-SNAPSHOT/hdds-server-scm-1.2.0-SNAPSHOT-tests.jar:/home/runner/.m2/repository/org/apache/ozone/hdds-container-service/1.2.0-SNAPSHOT/hdds-container-service-1.2.0-SNAPSHOT-tests.jar:/home/runner/.m2/repository/commons-codec/commons-codec/1.11/commons-codec-1.11.jar:/home/runner/.m2/repository/io/netty/netty-transport/4.1.63.Final/netty-transport-4.1.63.Final.jar:/home/runner/.m2/repository/io/netty/netty-resolver/4.1.63.Final/netty-resolver-4.1.63.Final.jar:/home/runner/.m2/repository/io/netty/netty-codec/4.1.63.Final/netty-codec-4.1.63.Final.jar:/home/runner/.m2/repository/io/netty/netty-handler/4.1.63.Final/netty-handler-4.1.63.Final.jar:/home/runner/.m2/repository/org/apache/ozone/hdds-hadoop-dependency-test/1.2.0-SNAPSHOT/hdds-hadoop-dependency-test-1.2.0-SNAPSHOT.jar:/home/runner/.m2/repository/org/apache/hadoop/hadoop-common/3.3.1/hadoop-common-3.3.1-tests.jar:/home/runner/.m2/repository/org/assertj/assertj-core/3.12.2/assertj-core-3.12.2.jar:/home/runner/.m2/repository/org/apache/hadoop/hadoop-hdfs/3.3.1/hadoop-hdfs-3.3.1-tests.jar:/home/runner/.m2/repository/org/eclipse/jetty/jetty-util-ajax/9.4.43.v20210629/jetty-util-ajax-9.4.43.v20210629.jar:/home/runner/.m2/repository/commons-daemon/commons-daemon/1.0.13/commons-daemon-1.0.13.jar:/home/runner/.m2/repository/io/netty/netty/3.10.6.Final/netty-3.10.6.Final.jar:/home/runner/.m2/repository/io/netty/netty-all/4.1.63.Final/netty-all-4.1.63.Final.jar:/home/runner/.m2/repository/org/apache/htrace/htrace-core4/4.1.0-incubating/htrace-core4-4.1.0-incubating.jar:/home/runner/.m2/repository/org/fusesource/leveldbjni/leveldbjni-all/1.8/leveldbjni-all-1.8.jar:/home/runner/.m2/repository/org/apache/hadoop/hadoop-distcp/3.3.1/hadoop-distcp-3.3.1.jar:/home/runner/.m2/repository/org/apache/hadoop/hadoop-mapreduce-client-jobclient/3.3.1/hadoop-mapreduce-client-jobclient-3.3.1.jar:/home/runner/.m2/repository/org/apache/hadoop/hadoop-mapreduce-client-common/3.3.1/hadoop-mapreduce-client-common-3.3.1.jar:/home/runner/.m2/repository/org/apache/hadoop/hadoop-yarn-common/3.3.1/hadoop-yarn-common-3.3.1.jar:/home/runner/.m2/repository/org/apache/hadoop/hadoop-yarn-api/3.3.1/hadoop-yarn-api-3.3.1.jar:/home/runner/.m2/repository/com/sun/jersey/jersey-client/1.19/jersey-client-1.19.jar:/home/runner/.m2/repository/com/sun/jersey/contribs/jersey-guice/1.19/jersey-guice-1.19.jar:/home/runner/.m2/repository/com/fasterxml/jackson/jaxrs/jackson-jaxrs-json-provider/2.12.1/jackson-jaxrs-json-provider-2.12.1.jar:/home/runner/.m2/repository/com/fasterxml/jackson/jaxrs/jackson-jaxrs-base/2.12.1/jackson-jaxrs-base-2.12.1.jar:/home/runner/.m2/repository/org/apache/hadoop/hadoop-yarn-client/3.3.1/hadoop-yarn-client-3.3.1.jar:/home/runner/.m2/repository/org/eclipse/jetty/websocket/websocket-client/9.4.40.v20210413/websocket-client-9.4.40.v20210413.jar:/home/runner/.m2/repository/org/eclipse/jetty/jetty-client/9.4.40.v20210413/jetty-client-9.4.40.v20210413.jar:/home/runner/.m2/repository/org/eclipse/jetty/websocket/websocket-common/9.4.40.v20210413/websocket-common-9.4.40.v20210413.jar:/home/runner/.m2/repository/org/eclipse/jetty/websocket/websocket-api/9.4.40.v20210413/websocket-api-9.4.40.v20210413.jar:/home/runner/.m2/repository/org/jline/jline/3.9.0/jline-3.9.0.jar:/home/runner/.m2/repository/org/apache/hadoop/hadoop-mapreduce-client-core/3.3.1/hadoop-mapreduce-client-core-3.3.1.jar:/home/runner/.m2/repository/org/apache/avro/avro/1.7.7/avro-1.7.7.jar:/home/runner/.m2/repository/org/codehaus/jackson/jackson-core-asl/1.9.13/jackson-core-asl-1.9.13.jar:/home/runner/.m2/repository/org/codehaus/jackson/jackson-mapper-asl/1.9.13/jackson-mapper-asl-1.9.13.jar:/home/runner/.m2/repository/com/thoughtworks/paranamer/paranamer/2.3/paranamer-2.3.jar:/home/runner/.m2/repository/org/apache/hadoop/hadoop-annotations/3.3.1/hadoop-annotations-3.3.1.jar:/usr/lib/jvm/adoptopenjdk-8-hotspot-amd64/jre/../lib/tools.jar:/home/runner/.m2/repository/org/apache/hadoop/hadoop-distcp/3.3.1/hadoop-distcp-3.3.1-tests.jar:"/>
    <property name="java.vm.vendor" value="AdoptOpenJDK"/>
    <property name="sun.arch.data.model" value="64"/>
    <property name="test.build.dir" value="/home/runner/work/ozone/ozone/hadoop-ozone/integration-test/target/test-dir"/>
    <property name="test.cache.data" value=""/>
    <property name="java.vendor.url" value="https://adoptopenjdk.net/"/>
    <property name="user.timezone" value=""/>
    <property name="java.vm.specification.version" value="1.8"/>
    <property name="os.name" value="Linux"/>
    <property name="test.build.data" value="/home/runner/work/ozone/ozone/hadoop-ozone/integration-test/target/test-dir"/>
    <property name="sun.java.launcher" value="SUN_STANDARD"/>
    <property name="sun.boot.library.path" value="/usr/lib/jvm/adoptopenjdk-8-hotspot-amd64/jre/lib/amd64"/>
    <property name="sun.java.command" value="/home/runner/work/ozone/ozone/hadoop-ozone/integration-test/target/surefire/surefirebooter9084665928984861516.jar /home/runner/work/ozone/ozone/hadoop-ozone/integration-test/target/surefire 2021-08-17T11-20-30_683-jvmRun1 surefire7732409427158975411tmp surefire_88459900788424889610tmp"/>
    <property name="surefire.test.class.path" value="/home/runner/work/ozone/ozone/hadoop-ozone/integration-test/target/test-classes:/home/runner/work/ozone/ozone/hadoop-ozone/integration-test/target/classes:/home/runner/.m2/repository/org/apache/ozone/ozone-common/1.2.0-SNAPSHOT/ozone-common-1.2.0-SNAPSHOT.jar:/home/runner/.m2/repository/org/apache/commons/commons-compress/1.20/commons-compress-1.20.jar:/home/runner/.m2/repository/org/apache/ozone/hdds-common/1.2.0-SNAPSHOT/hdds-common-1.2.0-SNAPSHOT.jar:/home/runner/.m2/repository/org/apache/ozone/hdds-client/1.2.0-SNAPSHOT/hdds-client-1.2.0-SNAPSHOT.jar:/home/runner/.m2/repository/org/apache/ozone/ozone-interface-client/1.2.0-SNAPSHOT/ozone-interface-client-1.2.0-SNAPSHOT.jar:/home/runner/.m2/repository/org/apache/ozone/hdds-server-framework/1.2.0-SNAPSHOT/hdds-server-framework-1.2.0-SNAPSHOT.jar:/home/runner/.m2/repository/org/apache/ozone/hdds-interface-server/1.2.0-SNAPSHOT/hdds-interface-server-1.2.0-SNAPSHOT.jar:/home/runner/.m2/repository/org/eclipse/jetty/jetty-servlet/9.4.43.v20210629/jetty-servlet-9.4.43.v20210629.jar:/home/runner/.m2/repository/org/eclipse/jetty/jetty-security/9.4.43.v20210629/jetty-security-9.4.43.v20210629.jar:/home/runner/.m2/repository/org/rocksdb/rocksdbjni/6.20.3/rocksdbjni-6.20.3.jar:/home/runner/.m2/repository/io/prometheus/simpleclient_dropwizard/0.7.0/simpleclient_dropwizard-0.7.0.jar:/home/runner/.m2/repository/io/prometheus/simpleclient/0.7.0/simpleclient-0.7.0.jar:/home/runner/.m2/repository/io/prometheus/simpleclient_common/0.7.0/simpleclient_common-0.7.0.jar:/home/runner/.m2/repository/com/fasterxml/jackson/datatype/jackson-datatype-jsr310/2.12.1/jackson-datatype-jsr310-2.12.1.jar:/home/runner/.m2/repository/org/apache/ozone/hdds-test-utils/1.2.0-SNAPSHOT/hdds-test-utils-1.2.0-SNAPSHOT.jar:/home/runner/.m2/repository/com/google/guava/guava/30.1.1-jre/guava-30.1.1-jre.jar:/home/runner/.m2/repository/com/google/guava/failureaccess/1.0.1/failureaccess-1.0.1.jar:/home/runner/.m2/repository/com/google/guava/listenablefuture/9999.0-empty-to-avoid-conflict-with-guava/listenablefuture-9999.0-empty-to-avoid-conflict-with-guava.jar:/home/runner/.m2/repository/com/google/code/findbugs/jsr305/3.0.0/jsr305-3.0.0.jar:/home/runner/.m2/repository/org/checkerframework/checker-qual/3.8.0/checker-qual-3.8.0.jar:/home/runner/.m2/repository/com/google/errorprone/error_prone_annotations/2.2.0/error_prone_annotations-2.2.0.jar:/home/runner/.m2/repository/com/google/j2objc/j2objc-annotations/1.3/j2objc-annotations-1.3.jar:/home/runner/.m2/repository/commons-io/commons-io/2.8.0/commons-io-2.8.0.jar:/home/runner/.m2/repository/commons-logging/commons-logging/1.2/commons-logging-1.2.jar:/home/runner/.m2/repository/log4j/log4j/1.2.17/log4j-1.2.17.jar:/home/runner/.m2/repository/org/slf4j/slf4j-api/1.7.30/slf4j-api-1.7.30.jar:/home/runner/.m2/repository/org/apache/ozone/hdds-server-scm/1.2.0-SNAPSHOT/hdds-server-scm-1.2.0-SNAPSHOT.jar:/home/runner/.m2/repository/org/apache/ozone/hdds-container-service/1.2.0-SNAPSHOT/hdds-container-service-1.2.0-SNAPSHOT.jar:/home/runner/.m2/repository/org/apache/ozone/hdds-hadoop-dependency-server/1.2.0-SNAPSHOT/hdds-hadoop-dependency-server-1.2.0-SNAPSHOT.jar:/home/runner/.m2/repository/org/apache/hadoop/hadoop-hdfs/3.3.1/hadoop-hdfs-3.3.1.jar:/home/runner/.m2/repository/io/dropwizard/metrics/metrics-core/3.2.4/metrics-core-3.2.4.jar:/home/runner/.m2/repository/org/apache/hadoop/hadoop-hdfs-client/3.3.1/hadoop-hdfs-client-3.3.1.jar:/home/runner/.m2/repository/org/bouncycastle/bcprov-jdk15on/1.67/bcprov-jdk15on-1.67.jar:/home/runner/.m2/repository/com/google/protobuf/protobuf-java/2.5.0/protobuf-java-2.5.0.jar:/home/runner/.m2/repository/org/apache/ozone/ozone-manager/1.2.0-SNAPSHOT/ozone-manager-1.2.0-SNAPSHOT.jar:/home/runner/.m2/repository/org/aspectj/aspectjrt/1.8.9/aspectjrt-1.8.9.jar:/home/runner/.m2/repository/org/aspectj/aspectjweaver/1.8.9/aspectjweaver-1.8.9.jar:/home/runner/.m2/repository/org/apache/ozone/hdds-interface-client/1.2.0-SNAPSHOT/hdds-interface-client-1.2.0-SNAPSHOT.jar:/home/runner/.m2/repository/org/apache/hadoop/thirdparty/hadoop-shaded-protobuf_3_7/1.1.1/hadoop-shaded-protobuf_3_7-1.1.1.jar:/home/runner/.m2/repository/org/apache/ratis/ratis-thirdparty-misc/0.7.0/ratis-thirdparty-misc-0.7.0.jar:/home/runner/.m2/repository/org/apache/ozone/ozone-interface-storage/1.2.0-SNAPSHOT/ozone-interface-storage-1.2.0-SNAPSHOT.jar:/home/runner/.m2/repository/org/reflections/reflections/0.9.11/reflections-0.9.11.jar:/home/runner/.m2/repository/org/apache/hadoop/hadoop-minikdc/3.3.1/hadoop-minikdc-3.3.1.jar:/home/runner/.m2/repository/org/apache/kerby/kerb-simplekdc/1.0.1/kerb-simplekdc-1.0.1.jar:/home/runner/.m2/repository/org/apache/kerby/kerb-client/1.0.1/kerb-client-1.0.1.jar:/home/runner/.m2/repository/org/apache/kerby/kerby-config/1.0.1/kerby-config-1.0.1.jar:/home/runner/.m2/repository/org/apache/kerby/kerb-common/1.0.1/kerb-common-1.0.1.jar:/home/runner/.m2/repository/org/apache/kerby/kerb-crypto/1.0.1/kerb-crypto-1.0.1.jar:/home/runner/.m2/repository/org/apache/kerby/kerb-util/1.0.1/kerb-util-1.0.1.jar:/home/runner/.m2/repository/org/apache/kerby/token-provider/1.0.1/token-provider-1.0.1.jar:/home/runner/.m2/repository/org/apache/kerby/kerb-admin/1.0.1/kerb-admin-1.0.1.jar:/home/runner/.m2/repository/org/apache/kerby/kerb-server/1.0.1/kerb-server-1.0.1.jar:/home/runner/.m2/repository/org/apache/kerby/kerb-identity/1.0.1/kerb-identity-1.0.1.jar:/home/runner/.m2/repository/org/apache/kerby/kerby-xdr/1.0.1/kerby-xdr-1.0.1.jar:/home/runner/.m2/repository/org/slf4j/slf4j-log4j12/1.7.30/slf4j-log4j12-1.7.30.jar:/home/runner/.m2/repository/org/apache/ozone/ozone-s3gateway/1.2.0-SNAPSHOT/ozone-s3gateway-1.2.0-SNAPSHOT.jar:/home/runner/.m2/repository/org/javassist/javassist/3.21.0-GA/javassist-3.21.0-GA.jar:/home/runner/.m2/repository/org/jboss/weld/servlet/weld-servlet/2.4.7.Final/weld-servlet-2.4.7.Final.jar:/home/runner/.m2/repository/org/glassfish/jersey/containers/jersey-container-servlet-core/2.33/jersey-container-servlet-core-2.33.jar:/home/runner/.m2/repository/org/glassfish/hk2/external/jakarta.inject/2.6.1/jakarta.inject-2.6.1.jar:/home/runner/.m2/repository/org/glassfish/jersey/core/jersey-common/2.33/jersey-common-2.33.jar:/home/runner/.m2/repository/jakarta/ws/rs/jakarta.ws.rs-api/2.1.6/jakarta.ws.rs-api-2.1.6.jar:/home/runner/.m2/repository/org/glassfish/jersey/ext/cdi/jersey-cdi1x/2.33/jersey-cdi1x-2.33.jar:/home/runner/.m2/repository/org/glassfish/jersey/inject/jersey-hk2/2.33/jersey-hk2-2.33.jar:/home/runner/.m2/repository/org/glassfish/hk2/hk2-locator/2.6.1/hk2-locator-2.6.1.jar:/home/runner/.m2/repository/org/glassfish/jersey/media/jersey-media-jaxb/2.33/jersey-media-jaxb-2.33.jar:/home/runner/.m2/repository/org/glassfish/hk2/osgi-resource-locator/1.0.3/osgi-resource-locator-1.0.3.jar:/home/runner/.m2/repository/org/glassfish/hk2/hk2-api/2.5.0/hk2-api-2.5.0.jar:/home/runner/.m2/repository/org/glassfish/hk2/hk2-utils/2.5.0/hk2-utils-2.5.0.jar:/home/runner/.m2/repository/org/glassfish/hk2/external/aopalliance-repackaged/2.5.0/aopalliance-repackaged-2.5.0.jar:/home/runner/.m2/repository/com/fasterxml/jackson/dataformat/jackson-dataformat-xml/2.12.1/jackson-dataformat-xml-2.12.1.jar:/home/runner/.m2/repository/com/fasterxml/jackson/core/jackson-core/2.12.1/jackson-core-2.12.1.jar:/home/runner/.m2/repository/com/fasterxml/jackson/module/jackson-module-jaxb-annotations/2.12.1/jackson-module-jaxb-annotations-2.12.1.jar:/home/runner/.m2/repository/jakarta/xml/bind/jakarta.xml.bind-api/2.3.2/jakarta.xml.bind-api-2.3.2.jar:/home/runner/.m2/repository/org/codehaus/woodstox/stax2-api/3.1.4/stax2-api-3.1.4.jar:/home/runner/.m2/repository/com/fasterxml/woodstox/woodstox-core/5.0.3/woodstox-core-5.0.3.jar:/home/runner/.m2/repository/javax/enterprise/cdi-api/1.2/cdi-api-1.2.jar:/home/runner/.m2/repository/javax/el/javax.el-api/3.0.0/javax.el-api-3.0.0.jar:/home/runner/.m2/repository/javax/interceptor/javax.interceptor-api/1.2/javax.interceptor-api-1.2.jar:/home/runner/.m2/repository/javax/inject/javax.inject/1/javax.inject-1.jar:/home/runner/.m2/repository/javax/xml/bind/jaxb-api/2.3.0/jaxb-api-2.3.0.jar:/home/runner/.m2/repository/org/glassfish/jaxb/jaxb-runtime/2.3.0.1/jaxb-runtime-2.3.0.1.jar:/home/runner/.m2/repository/org/glassfish/jaxb/jaxb-core/2.3.0.1/jaxb-core-2.3.0.1.jar:/home/runner/.m2/repository/org/glassfish/jaxb/txw2/2.3.0.1/txw2-2.3.0.1.jar:/home/runner/.m2/repository/com/sun/istack/istack-commons-runtime/3.0.5/istack-commons-runtime-3.0.5.jar:/home/runner/.m2/repository/org/jvnet/staxex/stax-ex/1.7.8/stax-ex-1.7.8.jar:/home/runner/.m2/repository/com/sun/xml/fastinfoset/FastInfoset/1.2.13/FastInfoset-1.2.13.jar:/home/runner/.m2/repository/javax/activation/activation/1.1.1/activation-1.1.1.jar:/home/runner/.m2/repository/org/apache/ozone/ozone-csi/1.2.0-SNAPSHOT/ozone-csi-1.2.0-SNAPSHOT.jar:/home/runner/.m2/repository/com/google/protobuf/protobuf-java-util/3.12.0/protobuf-java-util-3.12.0.jar:/home/runner/.m2/repository/com/google/code/gson/gson/2.2.4/gson-2.2.4.jar:/home/runner/.m2/repository/org/apache/ozone/hdds-config/1.2.0-SNAPSHOT/hdds-config-1.2.0-SNAPSHOT.jar:/home/runner/.m2/repository/io/grpc/grpc-netty/1.33.0/grpc-netty-1.33.0.jar:/home/runner/.m2/repository/io/grpc/grpc-core/1.33.0/grpc-core-1.33.0.jar:/home/runner/.m2/repository/com/google/android/annotations/4.1.1.4/annotations-4.1.1.4.jar:/home/runner/.m2/repository/io/netty/netty-codec-http2/4.1.63.Final/netty-codec-http2-4.1.63.Final.jar:/home/runner/.m2/repository/io/netty/netty-codec-http/4.1.63.Final/netty-codec-http-4.1.63.Final.jar:/home/runner/.m2/repository/io/netty/netty-handler-proxy/4.1.63.Final/netty-handler-proxy-4.1.63.Final.jar:/home/runner/.m2/repository/io/netty/netty-codec-socks/4.1.63.Final/netty-codec-socks-4.1.63.Final.jar:/home/runner/.m2/repository/io/perfmark/perfmark-api/0.19.0/perfmark-api-0.19.0.jar:/home/runner/.m2/repository/org/codehaus/mojo/animal-sniffer-annotations/1.18/animal-sniffer-annotations-1.18.jar:/home/runner/.m2/repository/io/netty/netty-transport-native-epoll/4.1.63.Final/netty-transport-native-epoll-4.1.63.Final.jar:/home/runner/.m2/repository/io/netty/netty-common/4.1.63.Final/netty-common-4.1.63.Final.jar:/home/runner/.m2/repository/io/netty/netty-buffer/4.1.63.Final/netty-buffer-4.1.63.Final.jar:/home/runner/.m2/repository/io/netty/netty-transport-native-unix-common/4.1.63.Final/netty-transport-native-unix-common-4.1.63.Final.jar:/home/runner/.m2/repository/io/grpc/grpc-protobuf/1.33.0/grpc-protobuf-1.33.0.jar:/home/runner/.m2/repository/io/grpc/grpc-api/1.33.0/grpc-api-1.33.0.jar:/home/runner/.m2/repository/io/grpc/grpc-context/1.33.0/grpc-context-1.33.0.jar:/home/runner/.m2/repository/com/google/api/grpc/proto-google-common-protos/1.17.0/proto-google-common-protos-1.17.0.jar:/home/runner/.m2/repository/io/grpc/grpc-protobuf-lite/1.33.0/grpc-protobuf-lite-1.33.0.jar:/home/runner/.m2/repository/io/grpc/grpc-stub/1.33.0/grpc-stub-1.33.0.jar:/home/runner/.m2/repository/org/apache/ozone/ozone-recon/1.2.0-SNAPSHOT/ozone-recon-1.2.0-SNAPSHOT.jar:/home/runner/.m2/repository/org/apache/ozone/ozone-reconcodegen/1.2.0-SNAPSHOT/ozone-reconcodegen-1.2.0-SNAPSHOT.jar:/home/runner/.m2/repository/com/google/inject/extensions/guice-multibindings/4.0/guice-multibindings-4.0.jar:/home/runner/.m2/repository/com/google/inject/guice/4.0/guice-4.0.jar:/home/runner/.m2/repository/aopalliance/aopalliance/1.0/aopalliance-1.0.jar:/home/runner/.m2/repository/com/google/inject/extensions/guice-assistedinject/4.0/guice-assistedinject-4.0.jar:/home/runner/.m2/repository/com/google/inject/extensions/guice-servlet/4.0/guice-servlet-4.0.jar:/home/runner/.m2/repository/org/glassfish/jersey/containers/jersey-container-servlet/2.33/jersey-container-servlet-2.33.jar:/home/runner/.m2/repository/org/glassfish/hk2/guice-bridge/2.5.0/guice-bridge-2.5.0.jar:/home/runner/.m2/repository/org/glassfish/jersey/core/jersey-server/2.33/jersey-server-2.33.jar:/home/runner/.m2/repository/org/glassfish/jersey/core/jersey-client/2.33/jersey-client-2.33.jar:/home/runner/.m2/repository/jakarta/annotation/jakarta.annotation-api/1.3.5/jakarta.annotation-api-1.3.5.jar:/home/runner/.m2/repository/jakarta/validation/jakarta.validation-api/2.0.2/jakarta.validation-api-2.0.2.jar:/home/runner/.m2/repository/org/glassfish/jersey/media/jersey-media-json-jackson/2.33/jersey-media-json-jackson-2.33.jar:/home/runner/.m2/repository/org/glassfish/jersey/ext/jersey-entity-filtering/2.33/jersey-entity-filtering-2.33.jar:/home/runner/.m2/repository/org/jooq/jooq/3.11.10/jooq-3.11.10.jar:/home/runner/.m2/repository/org/jooq/jooq-meta/3.11.10/jooq-meta-3.11.10.jar:/home/runner/.m2/repository/org/jooq/jooq-codegen/3.11.10/jooq-codegen-3.11.10.jar:/home/runner/.m2/repository/com/jolbox/bonecp/0.8.0.RELEASE/bonecp-0.8.0.RELEASE.jar:/home/runner/.m2/repository/org/apache/derby/derby/10.14.2.0/derby-10.14.2.0.jar:/home/runner/.m2/repository/org/xerial/sqlite-jdbc/3.25.2/sqlite-jdbc-3.25.2.jar:/home/runner/.m2/repository/org/springframework/spring-jdbc/5.2.11.RELEASE/spring-jdbc-5.2.11.RELEASE.jar:/home/runner/.m2/repository/org/springframework/spring-beans/5.2.11.RELEASE/spring-beans-5.2.11.RELEASE.jar:/home/runner/.m2/repository/org/springframework/spring-core/5.2.11.RELEASE/spring-core-5.2.11.RELEASE.jar:/home/runner/.m2/repository/org/springframework/spring-jcl/5.2.11.RELEASE/spring-jcl-5.2.11.RELEASE.jar:/home/runner/.m2/repository/org/springframework/spring-tx/5.2.11.RELEASE/spring-tx-5.2.11.RELEASE.jar:/home/runner/.m2/repository/org/apache/ozone/ozone-client/1.2.0-SNAPSHOT/ozone-client-1.2.0-SNAPSHOT.jar:/home/runner/.m2/repository/org/apache/ozone/ozone-filesystem/1.2.0-SNAPSHOT/ozone-filesystem-1.2.0-SNAPSHOT.jar:/home/runner/.m2/repository/org/apache/ozone/ozone-filesystem-common/1.2.0-SNAPSHOT/ozone-filesystem-common-1.2.0-SNAPSHOT.jar:/home/runner/.m2/repository/org/apache/ozone/ozone-tools/1.2.0-SNAPSHOT/ozone-tools-1.2.0-SNAPSHOT.jar:/home/runner/.m2/repository/org/apache/ratis/ratis-tools/2.1.0-03f3b68-SNAPSHOT/ratis-tools-2.1.0-03f3b68-SNAPSHOT.jar:/home/runner/.m2/repository/org/apache/ratis/ratis-proto/2.1.0-03f3b68-SNAPSHOT/ratis-proto-2.1.0-03f3b68-SNAPSHOT.jar:/home/runner/.m2/repository/org/apache/ratis/ratis-common/2.1.0-03f3b68-SNAPSHOT/ratis-common-2.1.0-03f3b68-SNAPSHOT.jar:/home/runner/.m2/repository/com/amazonaws/aws-java-sdk-core/1.11.901/aws-java-sdk-core-1.11.901.jar:/home/runner/.m2/repository/org/apache/httpcomponents/httpclient/4.5.13/httpclient-4.5.13.jar:/home/runner/.m2/repository/org/apache/httpcomponents/httpcore/4.4.13/httpcore-4.4.13.jar:/home/runner/.m2/repository/software/amazon/ion/ion-java/1.0.2/ion-java-1.0.2.jar:/home/runner/.m2/repository/com/fasterxml/jackson/dataformat/jackson-dataformat-cbor/2.12.1/jackson-dataformat-cbor-2.12.1.jar:/home/runner/.m2/repository/joda-time/joda-time/2.8.1/joda-time-2.8.1.jar:/home/runner/.m2/repository/com/amazonaws/aws-java-sdk-s3/1.11.901/aws-java-sdk-s3-1.11.901.jar:/home/runner/.m2/repository/com/amazonaws/aws-java-sdk-kms/1.11.901/aws-java-sdk-kms-1.11.901.jar:/home/runner/.m2/repository/com/amazonaws/jmespath-java/1.11.901/jmespath-java-1.11.901.jar:/home/runner/.m2/repository/org/kohsuke/metainf-services/metainf-services/1.8/metainf-services-1.8.jar:/home/runner/.m2/repository/org/apache/ozone/hdds-tools/1.2.0-SNAPSHOT/hdds-tools-1.2.0-SNAPSHOT.jar:/home/runner/.m2/repository/commons-cli/commons-cli/1.2/commons-cli-1.2.jar:/home/runner/.m2/repository/org/apache/commons/commons-lang3/3.7/commons-lang3-3.7.jar:/home/runner/.m2/repository/org/apache/ozone/ozone-manager/1.2.0-SNAPSHOT/ozone-manager-1.2.0-SNAPSHOT-tests.jar:/home/runner/.m2/repository/org/apache/ozone/hdds-common/1.2.0-SNAPSHOT/hdds-common-1.2.0-SNAPSHOT-tests.jar:/home/runner/.m2/repository/org/apache/ozone/hdds-hadoop-dependency-client/1.2.0-SNAPSHOT/hdds-hadoop-dependency-client-1.2.0-SNAPSHOT.jar:/home/runner/.m2/repository/info/picocli/picocli/4.4.0/picocli-4.4.0.jar:/home/runner/.m2/repository/com/fasterxml/jackson/core/jackson-annotations/2.12.1/jackson-annotations-2.12.1.jar:/home/runner/.m2/repository/javax/annotation/javax.annotation-api/1.2/javax.annotation-api-1.2.jar:/home/runner/.m2/repository/org/apache/ratis/ratis-server/2.1.0-03f3b68-SNAPSHOT/ratis-server-2.1.0-03f3b68-SNAPSHOT.jar:/home/runner/.m2/repository/org/apache/ratis/ratis-client/2.1.0-03f3b68-SNAPSHOT/ratis-client-2.1.0-03f3b68-SNAPSHOT.jar:/home/runner/.m2/repository/org/apache/ratis/ratis-server-api/2.1.0-03f3b68-SNAPSHOT/ratis-server-api-2.1.0-03f3b68-SNAPSHOT.jar:/home/runner/.m2/repository/org/apache/ratis/ratis-metrics/2.1.0-03f3b68-SNAPSHOT/ratis-metrics-2.1.0-03f3b68-SNAPSHOT.jar:/home/runner/.m2/repository/org/apache/ratis/ratis-netty/2.1.0-03f3b68-SNAPSHOT/ratis-netty-2.1.0-03f3b68-SNAPSHOT.jar:/home/runner/.m2/repository/org/apache/ratis/ratis-grpc/2.1.0-03f3b68-SNAPSHOT/ratis-grpc-2.1.0-03f3b68-SNAPSHOT.jar:/home/runner/.m2/repository/org/apache/logging/log4j/log4j-api/2.13.3/log4j-api-2.13.3.jar:/home/runner/.m2/repository/org/apache/logging/log4j/log4j-core/2.13.3/log4j-core-2.13.3.jar:/home/runner/.m2/repository/com/lmax/disruptor/3.4.2/disruptor-3.4.2.jar:/home/runner/.m2/repository/org/apache/commons/commons-pool2/2.6.0/commons-pool2-2.6.0.jar:/home/runner/.m2/repository/org/bouncycastle/bcpkix-jdk15on/1.67/bcpkix-jdk15on-1.67.jar:/home/runner/.m2/repository/commons-validator/commons-validator/1.6/commons-validator-1.6.jar:/home/runner/.m2/repository/commons-beanutils/commons-beanutils/1.9.4/commons-beanutils-1.9.4.jar:/home/runner/.m2/repository/commons-digester/commons-digester/1.8.1/commons-digester-1.8.1.jar:/home/runner/.m2/repository/commons-collections/commons-collections/3.2.2/commons-collections-3.2.2.jar:/home/runner/.m2/repository/io/jaegertracing/jaeger-client/1.6.0/jaeger-client-1.6.0.jar:/home/runner/.m2/repository/io/jaegertracing/jaeger-thrift/1.6.0/jaeger-thrift-1.6.0.jar:/home/runner/.m2/repository/org/apache/thrift/libthrift/0.14.1/libthrift-0.14.1.jar:/home/runner/.m2/repository/com/squareup/okhttp3/okhttp/4.9.0/okhttp-4.9.0.jar:/home/runner/.m2/repository/com/squareup/okio/okio/2.8.0/okio-2.8.0.jar:/home/runner/.m2/repository/io/jaegertracing/jaeger-core/1.6.0/jaeger-core-1.6.0.jar:/home/runner/.m2/repository/io/jaegertracing/jaeger-tracerresolver/1.6.0/jaeger-tracerresolver-1.6.0.jar:/home/runner/.m2/repository/io/opentracing/contrib/opentracing-tracerresolver/0.1.8/opentracing-tracerresolver-0.1.8.jar:/home/runner/.m2/repository/org/jetbrains/kotlin/kotlin-stdlib/1.4.31/kotlin-stdlib-1.4.31.jar:/home/runner/.m2/repository/org/jetbrains/kotlin/kotlin-stdlib-common/1.4.31/kotlin-stdlib-common-1.4.31.jar:/home/runner/.m2/repository/org/jetbrains/annotations/13.0/annotations-13.0.jar:/home/runner/.m2/repository/io/opentracing/opentracing-util/0.33.0/opentracing-util-0.33.0.jar:/home/runner/.m2/repository/io/opentracing/opentracing-api/0.33.0/opentracing-api-0.33.0.jar:/home/runner/.m2/repository/io/opentracing/opentracing-noop/0.33.0/opentracing-noop-0.33.0.jar:/home/runner/.m2/repository/org/yaml/snakeyaml/1.26/snakeyaml-1.26.jar:/home/runner/.m2/repository/org/apache/ozone/hdds-interface-admin/1.2.0-SNAPSHOT/hdds-interface-admin-1.2.0-SNAPSHOT.jar:/home/runner/.m2/repository/junit/junit/4.13.1/junit-4.13.1.jar:/home/runner/.m2/repository/org/hamcrest/hamcrest-core/1.3/hamcrest-core-1.3.jar:/home/runner/.m2/repository/org/junit/jupiter/junit-jupiter-api/5.7.0/junit-jupiter-api-5.7.0.jar:/home/runner/.m2/repository/org/apiguardian/apiguardian-api/1.1.0/apiguardian-api-1.1.0.jar:/home/runner/.m2/repository/org/opentest4j/opentest4j/1.2.0/opentest4j-1.2.0.jar:/home/runner/.m2/repository/org/junit/platform/junit-platform-commons/1.7.0/junit-platform-commons-1.7.0.jar:/home/runner/.m2/repository/org/junit/jupiter/junit-jupiter-engine/5.7.0/junit-jupiter-engine-5.7.0.jar:/home/runner/.m2/repository/org/junit/platform/junit-platform-engine/1.7.0/junit-platform-engine-1.7.0.jar:/home/runner/.m2/repository/org/junit/vintage/junit-vintage-engine/5.7.0/junit-vintage-engine-5.7.0.jar:/home/runner/.m2/repository/org/junit/platform/junit-platform-launcher/1.7.0/junit-platform-launcher-1.7.0.jar:/home/runner/.m2/repository/org/openjdk/jmh/jmh-core/1.19/jmh-core-1.19.jar:/home/runner/.m2/repository/net/sf/jopt-simple/jopt-simple/4.6/jopt-simple-4.6.jar:/home/runner/.m2/repository/org/apache/commons/commons-math3/3.1.1/commons-math3-3.1.1.jar:/home/runner/.m2/repository/org/openjdk/jmh/jmh-generator-annprocess/1.19/jmh-generator-annprocess-1.19.jar:/home/runner/.m2/repository/org/mockito/mockito-core/2.28.2/mockito-core-2.28.2.jar:/home/runner/.m2/repository/net/bytebuddy/byte-buddy/1.9.10/byte-buddy-1.9.10.jar:/home/runner/.m2/repository/net/bytebuddy/byte-buddy-agent/1.9.10/byte-buddy-agent-1.9.10.jar:/home/runner/.m2/repository/org/objenesis/objenesis/1.0/objenesis-1.0.jar:/home/runner/.m2/repository/org/apache/hadoop/hadoop-kms/3.3.1/hadoop-kms-3.3.1.jar:/home/runner/.m2/repository/org/apache/hadoop/hadoop-auth/3.3.1/hadoop-auth-3.3.1.jar:/home/runner/.m2/repository/com/nimbusds/nimbus-jose-jwt/7.9/nimbus-jose-jwt-7.9.jar:/home/runner/.m2/repository/com/github/stephenc/jcip/jcip-annotations/1.0-1/jcip-annotations-1.0-1.jar:/home/runner/.m2/repository/net/minidev/json-smart/2.3/json-smart-2.3.jar:/home/runner/.m2/repository/net/minidev/accessors-smart/1.2/accessors-smart-1.2.jar:/home/runner/.m2/repository/org/ow2/asm/asm/5.0.4/asm-5.0.4.jar:/home/runner/.m2/repository/org/apache/zookeeper/zookeeper/3.5.6/zookeeper-3.5.6.jar:/home/runner/.m2/repository/org/apache/zookeeper/zookeeper-jute/3.5.6/zookeeper-jute-3.5.6.jar:/home/runner/.m2/repository/org/apache/yetus/audience-annotations/0.5.0/audience-annotations-0.5.0.jar:/home/runner/.m2/repository/org/apache/curator/curator-framework/4.2.0/curator-framework-4.2.0.jar:/home/runner/.m2/repository/org/apache/hadoop/thirdparty/hadoop-shaded-guava/1.1.1/hadoop-shaded-guava-1.1.1.jar:/home/runner/.m2/repository/com/sun/jersey/jersey-core/1.19/jersey-core-1.19.jar:/home/runner/.m2/repository/javax/ws/rs/jsr311-api/1.1.1/jsr311-api-1.1.1.jar:/home/runner/.m2/repository/com/sun/jersey/jersey-server/1.19/jersey-server-1.19.jar:/home/runner/.m2/repository/javax/servlet/javax.servlet-api/3.1.0/javax.servlet-api-3.1.0.jar:/home/runner/.m2/repository/org/eclipse/jetty/jetty-server/9.4.43.v20210629/jetty-server-9.4.43.v20210629.jar:/home/runner/.m2/repository/org/eclipse/jetty/jetty-http/9.4.43.v20210629/jetty-http-9.4.43.v20210629.jar:/home/runner/.m2/repository/org/eclipse/jetty/jetty-io/9.4.43.v20210629/jetty-io-9.4.43.v20210629.jar:/home/runner/.m2/repository/org/eclipse/jetty/jetty-webapp/9.4.43.v20210629/jetty-webapp-9.4.43.v20210629.jar:/home/runner/.m2/repository/org/eclipse/jetty/jetty-xml/9.4.43.v20210629/jetty-xml-9.4.43.v20210629.jar:/home/runner/.m2/repository/org/apache/hadoop/hadoop-common/3.3.1/hadoop-common-3.3.1.jar:/home/runner/.m2/repository/commons-net/commons-net/3.6/commons-net-3.6.jar:/home/runner/.m2/repository/jakarta/activation/jakarta.activation-api/1.2.1/jakarta.activation-api-1.2.1.jar:/home/runner/.m2/repository/com/sun/jersey/jersey-servlet/1.19/jersey-servlet-1.19.jar:/home/runner/.m2/repository/com/sun/jersey/jersey-json/1.19/jersey-json-1.19.jar:/home/runner/.m2/repository/org/codehaus/jettison/jettison/1.1/jettison-1.1.jar:/home/runner/.m2/repository/com/sun/xml/bind/jaxb-impl/2.2.3-1/jaxb-impl-2.2.3-1.jar:/home/runner/.m2/repository/org/codehaus/jackson/jackson-jaxrs/1.9.2/jackson-jaxrs-1.9.2.jar:/home/runner/.m2/repository/org/codehaus/jackson/jackson-xc/1.9.2/jackson-xc-1.9.2.jar:/home/runner/.m2/repository/org/apache/commons/commons-configuration2/2.1.1/commons-configuration2-2.1.1.jar:/home/runner/.m2/repository/org/apache/commons/commons-text/1.4/commons-text-1.4.jar:/home/runner/.m2/repository/com/google/re2j/re2j/1.1/re2j-1.1.jar:/home/runner/.m2/repository/com/jcraft/jsch/0.1.54/jsch-0.1.54.jar:/home/runner/.m2/repository/org/apache/curator/curator-client/4.2.0/curator-client-4.2.0.jar:/home/runner/.m2/repository/org/apache/curator/curator-recipes/4.2.0/curator-recipes-4.2.0.jar:/home/runner/.m2/repository/org/apache/kerby/kerb-core/1.0.1/kerb-core-1.0.1.jar:/home/runner/.m2/repository/org/apache/kerby/kerby-pkix/1.0.1/kerby-pkix-1.0.1.jar:/home/runner/.m2/repository/org/apache/kerby/kerby-asn1/1.0.1/kerby-asn1-1.0.1.jar:/home/runner/.m2/repository/org/apache/kerby/kerby-util/1.0.1/kerby-util-1.0.1.jar:/home/runner/.m2/repository/dnsjava/dnsjava/2.1.7/dnsjava-2.1.7.jar:/home/runner/.m2/repository/org/xerial/snappy/snappy-java/1.1.8.2/snappy-java-1.1.8.2.jar:/home/runner/.m2/repository/org/slf4j/jul-to-slf4j/1.7.30/jul-to-slf4j-1.7.30.jar:/home/runner/.m2/repository/org/eclipse/jetty/jetty-util/9.4.43.v20210629/jetty-util-9.4.43.v20210629.jar:/home/runner/.m2/repository/com/fasterxml/jackson/core/jackson-databind/2.12.1/jackson-databind-2.12.1.jar:/home/runner/.m2/repository/org/apache/hadoop/hadoop-kms/3.3.1/hadoop-kms-3.3.1-tests.jar:/home/runner/.m2/repository/org/apache/ozone/hdds-server-scm/1.2.0-SNAPSHOT/hdds-server-scm-1.2.0-SNAPSHOT-tests.jar:/home/runner/.m2/repository/org/apache/ozone/hdds-container-service/1.2.0-SNAPSHOT/hdds-container-service-1.2.0-SNAPSHOT-tests.jar:/home/runner/.m2/repository/commons-codec/commons-codec/1.11/commons-codec-1.11.jar:/home/runner/.m2/repository/io/netty/netty-transport/4.1.63.Final/netty-transport-4.1.63.Final.jar:/home/runner/.m2/repository/io/netty/netty-resolver/4.1.63.Final/netty-resolver-4.1.63.Final.jar:/home/runner/.m2/repository/io/netty/netty-codec/4.1.63.Final/netty-codec-4.1.63.Final.jar:/home/runner/.m2/repository/io/netty/netty-handler/4.1.63.Final/netty-handler-4.1.63.Final.jar:/home/runner/.m2/repository/org/apache/ozone/hdds-hadoop-dependency-test/1.2.0-SNAPSHOT/hdds-hadoop-dependency-test-1.2.0-SNAPSHOT.jar:/home/runner/.m2/repository/org/apache/hadoop/hadoop-common/3.3.1/hadoop-common-3.3.1-tests.jar:/home/runner/.m2/repository/org/assertj/assertj-core/3.12.2/assertj-core-3.12.2.jar:/home/runner/.m2/repository/org/apache/hadoop/hadoop-hdfs/3.3.1/hadoop-hdfs-3.3.1-tests.jar:/home/runner/.m2/repository/org/eclipse/jetty/jetty-util-ajax/9.4.43.v20210629/jetty-util-ajax-9.4.43.v20210629.jar:/home/runner/.m2/repository/commons-daemon/commons-daemon/1.0.13/commons-daemon-1.0.13.jar:/home/runner/.m2/repository/io/netty/netty/3.10.6.Final/netty-3.10.6.Final.jar:/home/runner/.m2/repository/io/netty/netty-all/4.1.63.Final/netty-all-4.1.63.Final.jar:/home/runner/.m2/repository/org/apache/htrace/htrace-core4/4.1.0-incubating/htrace-core4-4.1.0-incubating.jar:/home/runner/.m2/repository/org/fusesource/leveldbjni/leveldbjni-all/1.8/leveldbjni-all-1.8.jar:/home/runner/.m2/repository/org/apache/hadoop/hadoop-distcp/3.3.1/hadoop-distcp-3.3.1.jar:/home/runner/.m2/repository/org/apache/hadoop/hadoop-mapreduce-client-jobclient/3.3.1/hadoop-mapreduce-client-jobclient-3.3.1.jar:/home/runner/.m2/repository/org/apache/hadoop/hadoop-mapreduce-client-common/3.3.1/hadoop-mapreduce-client-common-3.3.1.jar:/home/runner/.m2/repository/org/apache/hadoop/hadoop-yarn-common/3.3.1/hadoop-yarn-common-3.3.1.jar:/home/runner/.m2/repository/org/apache/hadoop/hadoop-yarn-api/3.3.1/hadoop-yarn-api-3.3.1.jar:/home/runner/.m2/repository/com/sun/jersey/jersey-client/1.19/jersey-client-1.19.jar:/home/runner/.m2/repository/com/sun/jersey/contribs/jersey-guice/1.19/jersey-guice-1.19.jar:/home/runner/.m2/repository/com/fasterxml/jackson/jaxrs/jackson-jaxrs-json-provider/2.12.1/jackson-jaxrs-json-provider-2.12.1.jar:/home/runner/.m2/repository/com/fasterxml/jackson/jaxrs/jackson-jaxrs-base/2.12.1/jackson-jaxrs-base-2.12.1.jar:/home/runner/.m2/repository/org/apache/hadoop/hadoop-yarn-client/3.3.1/hadoop-yarn-client-3.3.1.jar:/home/runner/.m2/repository/org/eclipse/jetty/websocket/websocket-client/9.4.40.v20210413/websocket-client-9.4.40.v20210413.jar:/home/runner/.m2/repository/org/eclipse/jetty/jetty-client/9.4.40.v20210413/jetty-client-9.4.40.v20210413.jar:/home/runner/.m2/repository/org/eclipse/jetty/websocket/websocket-common/9.4.40.v20210413/websocket-common-9.4.40.v20210413.jar:/home/runner/.m2/repository/org/eclipse/jetty/websocket/websocket-api/9.4.40.v20210413/websocket-api-9.4.40.v20210413.jar:/home/runner/.m2/repository/org/jline/jline/3.9.0/jline-3.9.0.jar:/home/runner/.m2/repository/org/apache/hadoop/hadoop-mapreduce-client-core/3.3.1/hadoop-mapreduce-client-core-3.3.1.jar:/home/runner/.m2/repository/org/apache/avro/avro/1.7.7/avro-1.7.7.jar:/home/runner/.m2/repository/org/codehaus/jackson/jackson-core-asl/1.9.13/jackson-core-asl-1.9.13.jar:/home/runner/.m2/repository/org/codehaus/jackson/jackson-mapper-asl/1.9.13/jackson-mapper-asl-1.9.13.jar:/home/runner/.m2/repository/com/thoughtworks/paranamer/paranamer/2.3/paranamer-2.3.jar:/home/runner/.m2/repository/org/apache/hadoop/hadoop-annotations/3.3.1/hadoop-annotations-3.3.1.jar:/usr/lib/jvm/adoptopenjdk-8-hotspot-amd64/jre/../lib/tools.jar:/home/runner/.m2/repository/org/apache/hadoop/hadoop-distcp/3.3.1/hadoop-distcp-3.3.1-tests.jar:"/>
    <property name="sun.cpu.endian" value="little"/>
    <property name="user.home" value="/home/runner"/>
    <property name="user.language" value="en"/>
    <property name="java.specification.vendor" value="Oracle Corporation"/>
    <property name="java.home" value="/usr/lib/jvm/adoptopenjdk-8-hotspot-amd64/jre"/>
    <property name="java.security.krb5.conf" value="/home/runner/work/ozone/ozone/hadoop-ozone/integration-test/target/test-classes/krb5.conf"/>
    <property name="basedir" value="/home/runner/work/ozone/ozone/hadoop-ozone/integration-test"/>
    <property name="file.separator" value="/"/>
    <property name="line.separator" value="&#10;"/>
    <property name="java.vm.specification.vendor" value="Oracle Corporation"/>
    <property name="java.specification.name" value="Java Platform API Specification"/>
    <property name="java.awt.graphicsenv" value="sun.awt.X11GraphicsEnvironment"/>
    <property name="skip.installnpx" value="true"/>
    <property name="surefire.real.class.path" value="/home/runner/work/ozone/ozone/hadoop-ozone/integration-test/target/surefire/surefirebooter9084665928984861516.jar:/home/runner/.m2/repository/org/jacoco/org.jacoco.agent/0.8.5/org.jacoco.agent-0.8.5-runtime.jar"/>
    <property name="hadoop.log.dir" value="/home/runner/work/ozone/ozone/hadoop-ozone/integration-test/target/log"/>
    <property name="sun.boot.class.path" value="/usr/lib/jvm/adoptopenjdk-8-hotspot-amd64/jre/lib/resources.jar:/usr/lib/jvm/adoptopenjdk-8-hotspot-amd64/jre/lib/rt.jar:/usr/lib/jvm/adoptopenjdk-8-hotspot-amd64/jre/lib/sunrsasign.jar:/usr/lib/jvm/adoptopenjdk-8-hotspot-amd64/jre/lib/jsse.jar:/usr/lib/jvm/adoptopenjdk-8-hotspot-amd64/jre/lib/jce.jar:/usr/lib/jvm/adoptopenjdk-8-hotspot-amd64/jre/lib/charsets.jar:/usr/lib/jvm/adoptopenjdk-8-hotspot-amd64/jre/lib/jfr.jar:/usr/lib/jvm/adoptopenjdk-8-hotspot-amd64/jre/classes"/>
    <property name="sun.management.compiler" value="HotSpot 64-Bit Tiered Compilers"/>
    <property name="skip.npx" value="true"/>
    <property name="java.runtime.version" value="1.8.0_292-b10"/>
    <property name="java.net.preferIPv4Stack" value="true"/>
    <property name="user.name" value="runner"/>
    <property name="path.separator" value=":"/>
    <property name="java.security.egd" value="file:///dev/urandom"/>
    <property name="os.version" value="5.4.0-1055-azure"/>
    <property name="java.endorsed.dirs" value="/usr/lib/jvm/adoptopenjdk-8-hotspot-amd64/jre/lib/endorsed"/>
    <property name="java.runtime.name" value="OpenJDK Runtime Environment"/>
    <property name="file.encoding" value="UTF-8"/>
    <property name="java.vm.name" value="OpenJDK 64-Bit Server VM"/>
    <property name="test.build.webapps" value=""/>
    <property name="localRepository" value="/home/runner/.m2/repository"/>
    <property name="java.vendor.url.bug" value="https://github.com/AdoptOpenJDK/openjdk-support/issues"/>
    <property name="java.io.tmpdir" value="/tmp"/>
    <property name="require.test.libhadoop" value=""/>
    <property name="java.version" value="1.8.0_292"/>
    <property name="user.dir" value="/home/runner/work/ozone/ozone/hadoop-ozone/integration-test"/>
    <property name="os.arch" value="amd64"/>
    <property name="java.vm.specification.name" value="Java Virtual Machine Specification"/>
    <property name="test.build.classes" value="/home/runner/work/ozone/ozone/hadoop-ozone/integration-test/target/test-classes"/>
    <property name="java.awt.printerjob" value="sun.print.PSPrinterJob"/>
    <property name="sun.os.patch.level" value="unknown"/>
    <property name="hadoop.tmp.dir" value="/home/runner/work/ozone/ozone/hadoop-ozone/integration-test/target/tmp"/>
    <property name="java.library.path" value="/usr/java/packages/lib/amd64:/usr/lib64:/lib64:/lib:/usr/lib"/>
    <property name="java.vm.info" value="mixed mode"/>
    <property name="java.vendor" value="AdoptOpenJDK"/>
    <property name="java.vm.version" value="25.292-b10"/>
    <property name="java.ext.dirs" value="/usr/lib/jvm/adoptopenjdk-8-hotspot-amd64/jre/lib/ext:/usr/java/packages/lib/ext"/>
    <property name="sun.io.unicode.encoding" value="UnicodeLittle"/>
    <property name="java.class.version" value="52.0"/>
  </properties>
  <testcase name="testWatchForCommitWithKeyWrite" classname="org.apache.hadoop.ozone.client.rpc.TestWatchForCommit" time="81.651"/>
  <testcase name="testWatchForCommitForRetryfailure" classname="org.apache.hadoop.ozone.client.rpc.TestWatchForCommit" time="79.501"/>
  <testcase name="testWatchForCommitForGroupMismatchException" classname="org.apache.hadoop.ozone.client.rpc.TestWatchForCommit" time="64.264"/>
  <testcase name="test2WayCommitForTimeoutException" classname="org.apache.hadoop.ozone.client.rpc.TestWatchForCommit" time="79.885">
    <error message="org.apache.ratis.protocol.exceptions.AlreadyClosedException: SlidingWindow$Client:client-B6332E06FE6D-&gt;RAFT is closed." type="java.util.concurrent.ExecutionException">java.util.concurrent.ExecutionException: org.apache.ratis.protocol.exceptions.AlreadyClosedException: SlidingWindow$Client:client-B6332E06FE6D->RAFT is closed.
	at java.util.concurrent.CompletableFuture.reportGet(CompletableFuture.java:357)
	at java.util.concurrent.CompletableFuture.get(CompletableFuture.java:1908)
	at org.apache.hadoop.ozone.client.rpc.TestWatchForCommit.test2WayCommitForTimeoutException(TestWatchForCommit.java:310)
	at sun.reflect.NativeMethodAccessorImpl.invoke0(Native Method)
	at sun.reflect.NativeMethodAccessorImpl.invoke(NativeMethodAccessorImpl.java:62)
	at sun.reflect.DelegatingMethodAccessorImpl.invoke(DelegatingMethodAccessorImpl.java:43)
	at java.lang.reflect.Method.invoke(Method.java:498)
	at org.junit.runners.model.FrameworkMethod$1.runReflectiveCall(FrameworkMethod.java:59)
	at org.junit.internal.runners.model.ReflectiveCallable.run(ReflectiveCallable.java:12)
	at org.junit.runners.model.FrameworkMethod.invokeExplosively(FrameworkMethod.java:56)
	at org.junit.internal.runners.statements.InvokeMethod.evaluate(InvokeMethod.java:17)
	at org.junit.internal.runners.statements.RunBefores.evaluate(RunBefores.java:26)
	at org.junit.internal.runners.statements.RunAfters.evaluate(RunAfters.java:27)
	at org.junit.runners.ParentRunner$3.evaluate(ParentRunner.java:306)
	at org.junit.runners.BlockJUnit4ClassRunner$1.evaluate(BlockJUnit4ClassRunner.java:100)
	at org.junit.runners.ParentRunner.runLeaf(ParentRunner.java:366)
	at org.junit.runners.BlockJUnit4ClassRunner.runChild(BlockJUnit4ClassRunner.java:103)
	at org.junit.runners.BlockJUnit4ClassRunner.runChild(BlockJUnit4ClassRunner.java:63)
	at org.junit.runners.ParentRunner$4.run(ParentRunner.java:331)
	at org.junit.runners.ParentRunner$1.schedule(ParentRunner.java:79)
	at org.junit.runners.ParentRunner.runChildren(ParentRunner.java:329)
	at org.junit.runners.ParentRunner.access$100(ParentRunner.java:66)
	at org.junit.runners.ParentRunner$2.evaluate(ParentRunner.java:293)
	at org.junit.runners.ParentRunner$3.evaluate(ParentRunner.java:306)
	at org.junit.runners.ParentRunner.run(ParentRunner.java:413)
	at org.junit.runner.JUnitCore.run(JUnitCore.java:137)
	at org.junit.runner.JUnitCore.run(JUnitCore.java:115)
	at org.junit.vintage.engine.execution.RunnerExecutor.execute(RunnerExecutor.java:43)
	at java.util.stream.ForEachOps$ForEachOp$OfRef.accept(ForEachOps.java:183)
	at java.util.stream.ReferencePipeline$3$1.accept(ReferencePipeline.java:193)
	at java.util.Iterator.forEachRemaining(Iterator.java:116)
	at java.util.Spliterators$IteratorSpliterator.forEachRemaining(Spliterators.java:1801)
	at java.util.stream.AbstractPipeline.copyInto(AbstractPipeline.java:482)
	at java.util.stream.AbstractPipeline.wrapAndCopyInto(AbstractPipeline.java:472)
	at java.util.stream.ForEachOps$ForEachOp.evaluateSequential(ForEachOps.java:150)
	at java.util.stream.ForEachOps$ForEachOp$OfRef.evaluateSequential(ForEachOps.java:173)
	at java.util.stream.AbstractPipeline.evaluate(AbstractPipeline.java:234)
	at java.util.stream.ReferencePipeline.forEach(ReferencePipeline.java:485)
	at org.junit.vintage.engine.VintageTestEngine.executeAllChildren(VintageTestEngine.java:82)
	at org.junit.vintage.engine.VintageTestEngine.execute(VintageTestEngine.java:73)
	at org.junit.platform.launcher.core.EngineExecutionOrchestrator.execute(EngineExecutionOrchestrator.java:108)
	at org.junit.platform.launcher.core.EngineExecutionOrchestrator.execute(EngineExecutionOrchestrator.java:88)
	at org.junit.platform.launcher.core.EngineExecutionOrchestrator.lambda$execute$0(EngineExecutionOrchestrator.java:54)
	at org.junit.platform.launcher.core.EngineExecutionOrchestrator.withInterceptedStreams(EngineExecutionOrchestrator.java:67)
	at org.junit.platform.launcher.core.EngineExecutionOrchestrator.execute(EngineExecutionOrchestrator.java:52)
	at org.junit.platform.launcher.core.DefaultLauncher.execute(DefaultLauncher.java:96)
	at org.junit.platform.launcher.core.DefaultLauncher.execute(DefaultLauncher.java:75)
	at org.apache.maven.surefire.junitplatform.JUnitPlatformProvider.invokeAllTests(JUnitPlatformProvider.java:142)
	at org.apache.maven.surefire.junitplatform.JUnitPlatformProvider.invoke(JUnitPlatformProvider.java:113)
	at org.apache.maven.surefire.booter.ForkedBooter.invokeProviderInSameClassLoader(ForkedBooter.java:384)
	at org.apache.maven.surefire.booter.ForkedBooter.runSuitesInProcess(ForkedBooter.java:345)
	at org.apache.maven.surefire.booter.ForkedBooter.execute(ForkedBooter.java:126)
	at org.apache.maven.surefire.booter.ForkedBooter.main(ForkedBooter.java:418)
Caused by: org.apache.ratis.protocol.exceptions.AlreadyClosedException: SlidingWindow$Client:client-B6332E06FE6D->RAFT is closed.
	at org.apache.ratis.util.SlidingWindow$Client.alreadyClosed(SlidingWindow.java:378)
	at org.apache.ratis.util.SlidingWindow$Client.fail(SlidingWindow.java:366)
	at org.apache.ratis.client.impl.OrderedAsync.failAllAsyncRequests(OrderedAsync.java:148)
	at org.apache.ratis.client.impl.OrderedAsync.handleAsyncRetryFailure(OrderedAsync.java:152)
	at org.apache.ratis.client.impl.OrderedAsync.lambda$sendRequest$10(OrderedAsync.java:252)
	at java.util.concurrent.CompletableFuture.uniExceptionally(CompletableFuture.java:884)
	at java.util.concurrent.CompletableFuture$UniExceptionally.tryFire(CompletableFuture.java:866)
	at java.util.concurrent.CompletableFuture.postComplete(CompletableFuture.java:488)
	at java.util.concurrent.CompletableFuture.completeExceptionally(CompletableFuture.java:1990)
	at org.apache.ratis.grpc.client.GrpcClientProtocolClient$AsyncStreamObservers.completeReplyExceptionally(GrpcClientProtocolClient.java:389)
	at org.apache.ratis.grpc.client.GrpcClientProtocolClient$AsyncStreamObservers.access$000(GrpcClientProtocolClient.java:295)
	at org.apache.ratis.grpc.client.GrpcClientProtocolClient$AsyncStreamObservers$1.onNext(GrpcClientProtocolClient.java:309)
	at org.apache.ratis.grpc.client.GrpcClientProtocolClient$AsyncStreamObservers$1.onNext(GrpcClientProtocolClient.java:300)
	at org.apache.ratis.thirdparty.io.grpc.stub.ClientCalls$StreamObserverToCallListenerAdapter.onMessage(ClientCalls.java:465)
	at org.apache.ratis.thirdparty.io.grpc.ForwardingClientCallListener.onMessage(ForwardingClientCallListener.java:33)
	at org.apache.ratis.thirdparty.io.grpc.internal.DelayedClientCall$DelayedListener.onMessage(DelayedClientCall.java:447)
	at org.apache.ratis.thirdparty.io.grpc.internal.ClientCallImpl$ClientStreamListenerImpl$1MessagesAvailable.runInternal(ClientCallImpl.java:715)
	at org.apache.ratis.thirdparty.io.grpc.internal.ClientCallImpl$ClientStreamListenerImpl$1MessagesAvailable.runInContext(ClientCallImpl.java:700)
	at org.apache.ratis.thirdparty.io.grpc.internal.ContextRunnable.run(ContextRunnable.java:37)
	at org.apache.ratis.thirdparty.io.grpc.internal.SerializingExecutor.run(SerializingExecutor.java:123)
	at java.util.concurrent.ThreadPoolExecutor.runWorker(ThreadPoolExecutor.java:1149)
	at java.util.concurrent.ThreadPoolExecutor$Worker.run(ThreadPoolExecutor.java:624)
	at java.lang.Thread.run(Thread.java:748)
Caused by: org.apache.ratis.protocol.exceptions.RaftRetryFailureException: Failed RaftClientRequest:client-B6332E06FE6D->c0cb38e9-ad72-45c7-87a7-238cd12f7624@group-24113E272142, cid=59, seq=1*, Watch(0), null for 4 attempts with RequestTypeDependentRetryPolicy{WRITE->org.apache.ratis.retry.ExceptionDependentRetry@52d00420, WATCH->org.apache.ratis.retry.ExceptionDependentRetry@3f8dc940}
	at org.apache.ratis.client.impl.RaftClientImpl.noMoreRetries(RaftClientImpl.java:254)
	... 20 more
Caused by: org.apache.ratis.protocol.exceptions.NotLeaderException: Server c0cb38e9-ad72-45c7-87a7-238cd12f7624@group-24113E272142 is not the leader
	at org.apache.ratis.client.impl.ClientProtoUtils.toRaftClientReply(ClientProtoUtils.java:368)
	at org.apache.ratis.grpc.client.GrpcClientProtocolClient$AsyncStreamObservers$1.onNext(GrpcClientProtocolClient.java:305)
	... 11 more
</error>
    <system-out><![CDATA[2021-08-17 11:50:06,630 [Listener at 127.0.0.1/36553] WARN  server.ServerUtils (ServerUtils.java:getScmDbDir(148)) - ozone.scm.db.dirs is not configured. We recommend adding this setting. Falling back to ozone.metadata.dirs instead.
2021-08-17 11:50:06,649 [Listener at 127.0.0.1/36553] INFO  ha.SCMHANodeDetails (SCMHANodeDetails.java:loadSCMHAConfig(157)) - ServiceID for StorageContainerManager is null
2021-08-17 11:50:06,649 [Listener at 127.0.0.1/36553] INFO  ha.SCMHANodeDetails (SCMHANodeDetails.java:loadSCMHAConfig(162)) - ozone.scm.default.service.id is not defined, falling back to ozone.scm.service.ids to find serviceID for StorageContainerManager if it is HA enabled cluster
2021-08-17 11:50:06,650 [Listener at 127.0.0.1/36553] WARN  server.ServerUtils (ServerUtils.java:getScmDbDir(148)) - ozone.scm.db.dirs is not configured. We recommend adding this setting. Falling back to ozone.metadata.dirs instead.
2021-08-17 11:50:06,654 [Listener at 127.0.0.1/36553] INFO  upgrade.AbstractLayoutVersionManager (AbstractLayoutVersionManager.java:init(70)) - Initializing Layout version manager with metadata layout = SCM_HA (version = 2), software layout = SCM_HA (version = 2)
2021-08-17 11:50:06,822 [Listener at 127.0.0.1/36553] INFO  reflections.Reflections (Reflections.java:scan(232)) - Reflections took 167 ms to scan 7 urls, producing 120 keys and 275 values 
2021-08-17 11:50:06,823 [Listener at 127.0.0.1/36553] WARN  utils.HAUtils (HAUtils.java:getMetaDir(342)) - ozone.scm.db.dirs is not configured. We recommend adding this setting. Falling back to ozone.metadata.dirs instead.
2021-08-17 11:50:06,854 [Listener at 127.0.0.1/36553] WARN  db.DBStoreBuilder (DBStoreBuilder.java:applyDBDefinition(145)) - ozone.scm.db.dirs is not configured. We recommend adding this setting. Falling back to ozone.metadata.dirs instead.
2021-08-17 11:50:07,269 [Listener at 127.0.0.1/36553] INFO  net.NodeSchemaLoader (NodeSchemaLoader.java:loadSchemaFromFile(129)) - Loading schema from [jar:file:/home/runner/.m2/repository/org/apache/ozone/hdds-common/1.2.0-SNAPSHOT/hdds-common-1.2.0-SNAPSHOT.jar!/network-topology-default.xml]
2021-08-17 11:50:07,326 [Listener at 127.0.0.1/36553] INFO  net.NodeSchemaLoader (NodeSchemaLoader.java:loadSchema(176)) - Loading network topology layer schema file
2021-08-17 11:50:07,334 [Listener at 127.0.0.1/36553] INFO  ha.SequenceIdGenerator (SequenceIdGenerator.java:upgradeToSequenceId(327)) - upgrade localId to 107544261427200000
2021-08-17 11:50:07,335 [Listener at 127.0.0.1/36553] INFO  ha.SequenceIdGenerator (SequenceIdGenerator.java:upgradeToSequenceId(337)) - upgrade delTxnId to 0
2021-08-17 11:50:07,335 [Listener at 127.0.0.1/36553] INFO  ha.SequenceIdGenerator (SequenceIdGenerator.java:upgradeToSequenceId(351)) - upgrade containerId to 0
2021-08-17 11:50:07,335 [Listener at 127.0.0.1/36553] INFO  ha.SequenceIdGenerator (SequenceIdGenerator.java:<init>(217)) - Init the HA SequenceIdGenerator.
2021-08-17 11:50:07,335 [Listener at 127.0.0.1/36553] INFO  node.SCMNodeManager (SCMNodeManager.java:<init>(145)) - Entering startup safe mode.
2021-08-17 11:50:07,336 [Listener at 127.0.0.1/36553] INFO  algorithms.ContainerPlacementPolicyFactory (ContainerPlacementPolicyFactory.java:getPolicy(60)) - Create container placement policy of type org.apache.hadoop.hdds.scm.container.placement.algorithms.SCMContainerPlacementRandom
2021-08-17 11:50:07,336 [Listener at 127.0.0.1/36553] INFO  pipeline.PipelineStateManager (PipelineStateManagerV2Impl.java:initialize(78)) - No pipeline exists in current db
2021-08-17 11:50:07,336 [Listener at 127.0.0.1/36553] INFO  algorithms.LeaderChoosePolicyFactory (LeaderChoosePolicyFactory.java:getPolicy(57)) - Create leader choose policy of type org.apache.hadoop.hdds.scm.pipeline.leader.choose.algorithms.MinLeaderCountChoosePolicy
2021-08-17 11:50:07,336 [Listener at 127.0.0.1/36553] INFO  ha.SCMServiceManager (SCMServiceManager.java:register(43)) - Registering service BackgroundPipelineCreator.
2021-08-17 11:50:07,337 [Listener at 127.0.0.1/36553] INFO  pipeline.BackgroundPipelineCreator (BackgroundPipelineCreatorV2.java:start(130)) - Starting RatisPipelineUtilsThread.
2021-08-17 11:50:07,378 [Listener at 127.0.0.1/36553] INFO  algorithms.PipelineChoosePolicyFactory (PipelineChoosePolicyFactory.java:createPipelineChoosePolicyFromClass(73)) - Create pipeline choose policy of type org.apache.hadoop.hdds.scm.pipeline.choose.algorithms.RandomPipelineChoosePolicy
2021-08-17 11:50:07,378 [Listener at 127.0.0.1/36553] INFO  ha.SCMServiceManager (SCMServiceManager.java:register(43)) - Registering service SCMBlockDeletingService.
2021-08-17 11:50:07,378 [Listener at 127.0.0.1/36553] INFO  ha.SCMServiceManager (SCMServiceManager.java:register(43)) - Registering service ReplicationManager.
2021-08-17 11:50:07,378 [Listener at 127.0.0.1/36553] INFO  container.ReplicationManager (ReplicationManager.java:start(307)) - Starting Replication Monitor Thread.
2021-08-17 11:50:07,379 [Listener at 127.0.0.1/36553] INFO  safemode.ContainerSafeModeRule (ContainerSafeModeRule.java:<init>(89)) - containers with one replica threshold count 0
2021-08-17 11:50:07,379 [Listener at 127.0.0.1/36553] INFO  safemode.HealthyPipelineSafeModeRule (HealthyPipelineSafeModeRule.java:initializeRule(156)) - Total pipeline count is 0, healthy pipeline threshold count is 1
2021-08-17 11:50:07,379 [Listener at 127.0.0.1/36553] INFO  safemode.OneReplicaPipelineSafeModeRule (OneReplicaPipelineSafeModeRule.java:initializeRule(180)) - Total pipeline count is 0, pipeline's with at least one datanode reported threshold count is 0
2021-08-17 11:50:07,380 [Listener at 127.0.0.1/36553] INFO  ipc.CallQueueManager (CallQueueManager.java:<init>(90)) - Using callQueue: class java.util.concurrent.LinkedBlockingQueue, queueCapacity: 2000, scheduler: class org.apache.hadoop.ipc.DefaultRpcScheduler, ipcBackoff: false.
2021-08-17 11:50:07,380 [Socket Reader #1 for port 0] INFO  ipc.Server (Server.java:run(1265)) - Starting Socket Reader #1 for port 0
2021-08-17 11:50:07,381 [Listener at 0.0.0.0/35007] INFO  ipc.CallQueueManager (CallQueueManager.java:<init>(90)) - Using callQueue: class java.util.concurrent.LinkedBlockingQueue, queueCapacity: 2000, scheduler: class org.apache.hadoop.ipc.DefaultRpcScheduler, ipcBackoff: false.
2021-08-17 11:50:07,382 [Socket Reader #1 for port 0] INFO  ipc.Server (Server.java:run(1265)) - Starting Socket Reader #1 for port 0
2021-08-17 11:50:07,382 [Listener at 0.0.0.0/41719] INFO  ipc.CallQueueManager (CallQueueManager.java:<init>(90)) - Using callQueue: class java.util.concurrent.LinkedBlockingQueue, queueCapacity: 2000, scheduler: class org.apache.hadoop.ipc.DefaultRpcScheduler, ipcBackoff: false.
2021-08-17 11:50:07,393 [Socket Reader #1 for port 0] INFO  ipc.Server (Server.java:run(1265)) - Starting Socket Reader #1 for port 0
2021-08-17 11:50:07,408 [ReplicationMonitor] INFO  container.ReplicationManager (ReplicationManager.java:processAll(359)) - Replication Monitor Thread took 0 milliseconds for processing 0 containers.
2021-08-17 11:50:07,454 [Listener at 0.0.0.0/44419] INFO  algorithms.ContainerPlacementPolicyFactory (ContainerPlacementPolicyFactory.java:getPolicy(60)) - Create container placement policy of type org.apache.hadoop.hdds.scm.container.placement.algorithms.SCMContainerPlacementRandom
2021-08-17 11:50:07,454 [Listener at 0.0.0.0/44419] INFO  server.StorageContainerManager (StorageContainerManager.java:<init>(383)) - 
Container Balancer status:
Key                            Value
Running                        false
Container Balancer Configuration values:
Key                                                Value
Threshold                                          0.1
Max Datanodes to Involve per Iteration(ratio)      0.5
Max Size to Move per Iteration                     10737418240B

2021-08-17 11:50:07,454 [Listener at 0.0.0.0/44419] WARN  events.EventQueue (EventQueue.java:fireEvent(194)) - No event handler registered for event TypedEvent{payloadType=SafeModeStatus, name='Safe mode status'}
2021-08-17 11:50:07,454 [Listener at 0.0.0.0/44419] INFO  ha.SCMContext (SCMContext.java:updateSafeModeStatus(205)) - Update SafeModeStatus from SafeModeStatus{safeModeStatus=true, preCheckPassed=false} to SafeModeStatus{safeModeStatus=true, preCheckPassed=false}.
2021-08-17 11:50:07,455 [Listener at 0.0.0.0/44419] INFO  server.StorageContainerManager (StorageContainerManager.java:start(1251)) - StorageContainerLocationProtocol RPC server is listening at /0.0.0.0:44419
2021-08-17 11:50:07,457 [Listener at 0.0.0.0/44419] WARN  impl.MetricsConfig (MetricsConfig.java:loadFirst(136)) - Cannot locate configuration: tried hadoop-metrics2-storagecontainermanager.properties,hadoop-metrics2.properties
2021-08-17 11:50:07,458 [Listener at 0.0.0.0/44419] INFO  impl.MetricsSystemImpl (MetricsSystemImpl.java:startTimer(378)) - Scheduled Metric snapshot period at 10 second(s).
2021-08-17 11:50:07,458 [Listener at 0.0.0.0/44419] INFO  impl.MetricsSystemImpl (MetricsSystemImpl.java:start(191)) - StorageContainerManager metrics system started
2021-08-17 11:50:07,513 [Listener at 0.0.0.0/44419] INFO  impl.MetricsSinkAdapter (MetricsSinkAdapter.java:start(204)) - Sink prometheus started
2021-08-17 11:50:07,513 [Listener at 0.0.0.0/44419] INFO  impl.MetricsSystemImpl (MetricsSystemImpl.java:registerSink(305)) - Registered sink prometheus
2021-08-17 11:50:07,625 [Listener at 0.0.0.0/44419] INFO  server.SCMClientProtocolServer (SCMClientProtocolServer.java:start(164)) - RPC server for Client  is listening at /0.0.0.0:44419
2021-08-17 11:50:07,636 [IPC Server Responder] INFO  ipc.Server (Server.java:run(1507)) - IPC Server Responder: starting
2021-08-17 11:50:07,636 [IPC Server listener on 0] INFO  ipc.Server (Server.java:run(1344)) - IPC Server listener on 0: starting
2021-08-17 11:50:07,669 [Listener at 0.0.0.0/44419] INFO  server.StorageContainerManager (StorageContainerManager.java:start(1266)) - ScmBlockLocationProtocol RPC server is listening at /0.0.0.0:41719
2021-08-17 11:50:07,669 [Listener at 0.0.0.0/44419] INFO  server.SCMBlockProtocolServer (SCMBlockProtocolServer.java:start(151)) - RPC server for Block Protocol is listening at /0.0.0.0:41719
2021-08-17 11:50:07,670 [IPC Server Responder] INFO  ipc.Server (Server.java:run(1507)) - IPC Server Responder: starting
2021-08-17 11:50:07,670 [IPC Server listener on 0] INFO  ipc.Server (Server.java:run(1344)) - IPC Server listener on 0: starting
2021-08-17 11:50:07,678 [Listener at 0.0.0.0/44419] INFO  server.StorageContainerManager (StorageContainerManager.java:start(1272)) - ScmDatanodeProtocl RPC server is listening at /0.0.0.0:35007
2021-08-17 11:50:07,678 [Listener at 0.0.0.0/44419] INFO  server.SCMDatanodeProtocolServer (SCMDatanodeProtocolServer.java:start(181)) - RPC server for DataNodes is listening at /0.0.0.0:35007
2021-08-17 11:50:07,681 [IPC Server Responder] INFO  ipc.Server (Server.java:run(1507)) - IPC Server Responder: starting
2021-08-17 11:50:07,681 [IPC Server listener on 0] INFO  ipc.Server (Server.java:run(1344)) - IPC Server listener on 0: starting
2021-08-17 11:50:07,745 [org.apache.hadoop.util.JvmPauseMonitor$Monitor@21a1b8b0] INFO  util.JvmPauseMonitor (JvmPauseMonitor.java:run(188)) - Starting JVM pause monitor
2021-08-17 11:50:07,797 [Listener at 0.0.0.0/44419] INFO  http.BaseHttpServer (BaseHttpServer.java:newHttpServer2BuilderForOzone(209)) - Starting Web-server for scm at: http://0.0.0.0:0
2021-08-17 11:50:07,823 [Listener at 0.0.0.0/44419] INFO  http.BaseHttpServer (BaseHttpServer.java:<init>(107)) - Hadoop Security Enabled: false Ozone Security Enabled: false Ozone HTTP Security Enabled: false 
2021-08-17 11:50:07,824 [Listener at 0.0.0.0/44419] INFO  server.AuthenticationFilter (AuthenticationFilter.java:constructSecretProvider(240)) - Unable to initialize FileSignerSecretProvider, falling back to use random secrets.
2021-08-17 11:50:07,829 [Listener at 0.0.0.0/44419] WARN  http.HttpRequestLog (HttpRequestLog.java:getRequestLog(103)) - Jetty request log can only be enabled using Log4j
2021-08-17 11:50:07,869 [Listener at 0.0.0.0/44419] INFO  http.HttpServer2 (HttpServer2.java:addGlobalFilter(1020)) - Added global filter 'safety' (class=org.apache.hadoop.hdds.server.http.HttpServer2$QuotingInputFilter)
2021-08-17 11:50:07,870 [Listener at 0.0.0.0/44419] INFO  http.HttpServer2 (HttpServer2.java:addFilter(996)) - Added filter static_user_filter (class=org.apache.hadoop.http.lib.StaticUserWebFilter$StaticUserFilter) to context scm
2021-08-17 11:50:07,870 [Listener at 0.0.0.0/44419] INFO  http.HttpServer2 (HttpServer2.java:addFilter(1004)) - Added filter static_user_filter (class=org.apache.hadoop.http.lib.StaticUserWebFilter$StaticUserFilter) to context static
2021-08-17 11:50:07,870 [Listener at 0.0.0.0/44419] INFO  http.HttpServer2 (HttpServer2.java:addFilter(1004)) - Added filter static_user_filter (class=org.apache.hadoop.http.lib.StaticUserWebFilter$StaticUserFilter) to context logs
2021-08-17 11:50:07,871 [Listener at 0.0.0.0/44419] INFO  http.HttpServer2 (HttpServer2.java:bindListener(1239)) - Jetty bound to port 45959
2021-08-17 11:50:07,871 [Listener at 0.0.0.0/44419] INFO  server.Server (Server.java:doStart(375)) - jetty-9.4.43.v20210629; built: 2021-06-30T11:07:22.254Z; git: 526006ecfa3af7f1a27ef3a288e2bef7ea9dd7e8; jvm 1.8.0_292-b10
2021-08-17 11:50:07,890 [Listener at 0.0.0.0/44419] INFO  server.session (DefaultSessionIdManager.java:doStart(334)) - DefaultSessionIdManager workerName=node0
2021-08-17 11:50:07,890 [Listener at 0.0.0.0/44419] INFO  server.session (DefaultSessionIdManager.java:doStart(339)) - No SessionScavenger set, using defaults
2021-08-17 11:50:07,890 [Listener at 0.0.0.0/44419] INFO  server.session (HouseKeeper.java:startScavenging(132)) - node0 Scavenging every 660000ms
2021-08-17 11:50:07,891 [Listener at 0.0.0.0/44419] INFO  handler.ContextHandler (ContextHandler.java:doStart(915)) - Started o.e.j.s.ServletContextHandler@aba9646{logs,/logs,file:///home/runner/work/ozone/ozone/hadoop-ozone/integration-test/target/log,AVAILABLE}
2021-08-17 11:50:07,891 [Listener at 0.0.0.0/44419] INFO  handler.ContextHandler (ContextHandler.java:doStart(915)) - Started o.e.j.s.ServletContextHandler@189d74e4{static,/static,file:///home/runner/work/ozone/ozone/hadoop-ozone/integration-test/target/test-classes/webapps/static,AVAILABLE}
2021-08-17 11:50:07,901 [Listener at 0.0.0.0/44419] INFO  handler.ContextHandler (ContextHandler.java:doStart(915)) - Started o.e.j.w.WebAppContext@23d8118d{scm,/,file:///home/runner/work/ozone/ozone/hadoop-ozone/integration-test/target/test-classes/webapps/scm/,AVAILABLE}{file:/home/runner/work/ozone/ozone/hadoop-ozone/integration-test/target/test-classes/webapps/scm}
2021-08-17 11:50:07,909 [Listener at 0.0.0.0/44419] INFO  server.AbstractConnector (AbstractConnector.java:doStart(331)) - Started ServerConnector@7a48b916{HTTP/1.1, (http/1.1)}{0.0.0.0:45959}
2021-08-17 11:50:07,909 [Listener at 0.0.0.0/44419] INFO  server.Server (Server.java:doStart(415)) - Started @227744ms
2021-08-17 11:50:07,909 [Listener at 0.0.0.0/44419] WARN  impl.MetricsSystemImpl (MetricsSystemImpl.java:register(279)) - Sink prometheus already exists!
2021-08-17 11:50:07,914 [Listener at 0.0.0.0/44419] INFO  http.BaseHttpServer (BaseHttpServer.java:updateConnectorAddress(329)) - HTTP server of scm listening at http://0.0.0.0:45959
2021-08-17 11:50:07,945 [Listener at 0.0.0.0/44419] WARN  server.ServerUtils (ServerUtils.java:getDBPath(225)) - ozone.om.db.dirs is not configured. We recommend adding this setting. Falling back to ozone.metadata.dirs instead.
2021-08-17 11:50:07,978 [Listener at 0.0.0.0/44419] INFO  ha.OMHANodeDetails (OMHANodeDetails.java:loadOMHAConfig(112)) - ozone.om.internal.service.id is not defined, falling back to ozone.om.service.ids to find serviceID for OzoneManager if it is HA enabled cluster
2021-08-17 11:50:07,978 [Listener at 0.0.0.0/44419] INFO  ha.OMHANodeDetails (OMHANodeDetails.java:loadOMHAConfig(219)) - Configuration does not have ozone.om.address set. Falling back to the default OM address /127.0.0.1:0
2021-08-17 11:50:07,978 [Listener at 0.0.0.0/44419] INFO  ha.OMHANodeDetails (OMHANodeDetails.java:getOMNodeDetails(247)) - OM Service ID is not set. Setting it to the default ID: omServiceIdDefault
2021-08-17 11:50:07,978 [Listener at 0.0.0.0/44419] INFO  ha.OMHANodeDetails (OMHANodeDetails.java:getOMNodeDetails(254)) - OM Node ID is not set. Setting it to the default ID: om1
2021-08-17 11:50:07,978 [Listener at 0.0.0.0/44419] WARN  server.ServerUtils (ServerUtils.java:getDBPath(225)) - ozone.om.db.dirs is not configured. We recommend adding this setting. Falling back to ozone.metadata.dirs instead.
2021-08-17 11:50:07,979 [Listener at 0.0.0.0/44419] INFO  upgrade.AbstractLayoutVersionManager (AbstractLayoutVersionManager.java:init(70)) - Initializing Layout version manager with metadata layout = INITIAL_VERSION (version = 0), software layout = INITIAL_VERSION (version = 0)
2021-08-17 11:50:08,264 [Listener at 0.0.0.0/44419] INFO  reflections.Reflections (Reflections.java:scan(232)) - Reflections took 284 ms to scan 2 urls, producing 131 keys and 342 values [using 2 cores]
2021-08-17 11:50:08,265 [Listener at 0.0.0.0/44419] INFO  upgrade.OMLayoutVersionManager (OMLayoutVersionManager.java:lambda$0(116)) - Skipping Upgrade Action MockOmUpgradeAction since it has been finalized.
2021-08-17 11:50:08,265 [Listener at 0.0.0.0/44419] WARN  server.ServerUtils (ServerUtils.java:getDBPath(225)) - ozone.om.db.dirs is not configured. We recommend adding this setting. Falling back to ozone.metadata.dirs instead.
2021-08-17 11:50:08,371 [Listener at 0.0.0.0/44419] WARN  server.ServerUtils (ServerUtils.java:getDBPath(225)) - ozone.om.db.dirs is not configured. We recommend adding this setting. Falling back to ozone.metadata.dirs instead.
2021-08-17 11:50:08,371 [Listener at 0.0.0.0/44419] INFO  codec.OmKeyInfoCodec (OmKeyInfoCodec.java:<init>(51)) - OmKeyInfoCodec ignorePipeline = true
2021-08-17 11:50:08,371 [Listener at 0.0.0.0/44419] INFO  codec.RepeatedOmKeyInfoCodec (RepeatedOmKeyInfoCodec.java:<init>(42)) - RepeatedOmKeyInfoCodec ignorePipeline = true
2021-08-17 11:50:09,115 [Listener at 0.0.0.0/44419] INFO  om.OzoneManager (OzoneManager.java:addS3GVolumeToDB(4115)) - Created Volume s3v With Owner runner required for S3Gateway operations.
2021-08-17 11:50:09,115 [Listener at 0.0.0.0/44419] WARN  server.ServerUtils (ServerUtils.java:getDefaultRatisDirectory(237)) - Storage directory for Ratis is not configured. It is a good idea to map this to an SSD disk. Falling back to ozone.metadata.dirs
2021-08-17 11:50:09,116 [Listener at 0.0.0.0/44419] WARN  utils.OzoneManagerRatisUtils (OzoneManagerRatisUtils.java:getOMRatisSnapshotDirectory(391)) - ozone.om.ratis.snapshot.dir is not configured. Falling back to ozone.metadata.dirs config
2021-08-17 11:50:09,116 [Listener at 0.0.0.0/44419] WARN  impl.MetricRegistriesImpl (MetricRegistriesImpl.java:addReporterRegistration(111)) - New reporters are added after registries were created. Some metrics will be missing from the reporter. Please add reporter before adding any new registry.
2021-08-17 11:50:09,116 [Listener at 0.0.0.0/44419] WARN  impl.MetricRegistriesImpl (MetricRegistriesImpl.java:addReporterRegistration(111)) - New reporters are added after registries were created. Some metrics will be missing from the reporter. Please add reporter before adding any new registry.
2021-08-17 11:50:09,117 [Listener at 0.0.0.0/44419] WARN  server.ServerUtils (ServerUtils.java:getDefaultRatisDirectory(237)) - Storage directory for Ratis is not configured. It is a good idea to map this to an SSD disk. Falling back to ozone.metadata.dirs
2021-08-17 11:50:09,117 [Listener at 0.0.0.0/44419] INFO  ratis.OzoneManagerRatisServer (OzoneManagerRatisServer.java:<init>(158)) - Instantiating OM Ratis server with groupID: omServiceIdDefault and peers: localhost:9872
2021-08-17 11:50:09,118 [Listener at 0.0.0.0/44419] INFO  ratis.OzoneManagerStateMachine (OzoneManagerStateMachine.java:loadSnapshotInfoFromDB(605)) - LastAppliedIndex is set from TransactionInfo from OM DB as (t:0, i:~)
2021-08-17 11:50:09,118 [Listener at 0.0.0.0/44419] INFO  server.RaftServer (ConfUtils.java:logGet(44)) - raft.rpc.type = GRPC (default)
2021-08-17 11:50:09,118 [Listener at 0.0.0.0/44419] INFO  grpc.GrpcFactory (GrpcFactory.java:checkPooledByteBufAllocatorUseCacheForAllThreads(48)) - PERFORMANCE WARNING: useCacheForAllThreads is true that may cause Netty to create a lot garbage objects and, as a result, trigger GC.
	It is recommended to disable useCacheForAllThreads by setting -Dorg.apache.ratis.thirdparty.io.netty.allocator.useCacheForAllThreads=false in command line.
2021-08-17 11:50:09,118 [Listener at 0.0.0.0/44419] INFO  grpc.GrpcConfigKeys (ConfUtils.java:logGet(44)) - raft.grpc.admin.port = -1 (default)
2021-08-17 11:50:09,118 [Listener at 0.0.0.0/44419] INFO  grpc.GrpcConfigKeys (ConfUtils.java:logGet(44)) - raft.grpc.server.port = 9872 (custom)
2021-08-17 11:50:09,118 [Listener at 0.0.0.0/44419] INFO  grpc.GrpcConfigKeys (ConfUtils.java:logGet(44)) - raft.grpc.client.port = -1 (default)
2021-08-17 11:50:09,118 [Listener at 0.0.0.0/44419] INFO  grpc.GrpcConfigKeys (ConfUtils.java:logGet(44)) - raft.grpc.server.port = 9872 (custom)
2021-08-17 11:50:09,119 [Listener at 0.0.0.0/44419] INFO  grpc.GrpcConfigKeys (ConfUtils.java:logGet(44)) - raft.grpc.server.port = 9872 (custom)
2021-08-17 11:50:09,119 [Listener at 0.0.0.0/44419] INFO  server.GrpcService (ConfUtils.java:logGet(44)) - raft.grpc.message.size.max = 33554432 (custom)
2021-08-17 11:50:09,119 [Listener at 0.0.0.0/44419] INFO  server.RaftServerConfigKeys (ConfUtils.java:logGet(44)) - raft.server.log.appender.buffer.byte-limit = 33554432 (custom)
2021-08-17 11:50:09,119 [Listener at 0.0.0.0/44419] INFO  server.GrpcService (ConfUtils.java:logGet(44)) - raft.grpc.flow.control.window = 1MB (=1048576) (default)
2021-08-17 11:50:09,119 [Listener at 0.0.0.0/44419] INFO  server.RaftServerConfigKeys (ConfUtils.java:logGet(44)) - raft.server.rpc.request.timeout = 3000ms (default)
2021-08-17 11:50:09,120 [Listener at 0.0.0.0/44419] INFO  impl.DataStreamServerImpl (ConfUtils.java:logGet(44)) - raft.datastream.type = DISABLED (default)
2021-08-17 11:50:09,120 [Listener at 0.0.0.0/44419] INFO  server.RaftServerConfigKeys (ConfUtils.java:logGet(44)) - raft.server.rpc.slowness.timeout = 120s (custom)
2021-08-17 11:50:09,120 [Listener at 0.0.0.0/44419] INFO  server.RaftServerConfigKeys (ConfUtils.java:logGet(44)) - raft.server.leaderelection.leader.step-down.wait-time = 10s (default)
2021-08-17 11:50:09,121 [Listener at 0.0.0.0/44419] INFO  server.RaftServerConfigKeys (ConfUtils.java:logGet(44)) - raft.server.storage.dir = [/home/runner/work/ozone/ozone/hadoop-ozone/integration-test/target/test-dir/MiniOzoneClusterImpl-a1e163cb-5647-48ea-b1dc-b51dce44f61a/ozone-meta/ratis] (custom)
2021-08-17 11:50:09,153 [Listener at 0.0.0.0/44419] INFO  server.RaftServer (RaftServerProxy.java:addNew(95)) - om1: addNew group-C5BA1605619E:[om1|rpc:localhost:9872|priority:0] returns group-C5BA1605619E:java.util.concurrent.CompletableFuture@5ca30d06[Not completed]
2021-08-17 11:50:09,153 [Listener at 0.0.0.0/44419] INFO  om.OzoneManager (OzoneManager.java:initializeRatisServer(1573)) - OzoneManager Ratis server initialized at port 9872
2021-08-17 11:50:09,155 [Listener at 0.0.0.0/44419] INFO  ipc.CallQueueManager (CallQueueManager.java:<init>(90)) - Using callQueue: class java.util.concurrent.LinkedBlockingQueue, queueCapacity: 2000, scheduler: class org.apache.hadoop.ipc.DefaultRpcScheduler, ipcBackoff: false.
2021-08-17 11:50:09,155 [pool-774-thread-1] INFO  server.RaftServer$Division (RaftServerImpl.java:<init>(181)) - om1: new RaftServerImpl for group-C5BA1605619E:[om1|rpc:localhost:9872|priority:0] with OzoneManagerStateMachine:uninitialized
2021-08-17 11:50:09,173 [pool-774-thread-1] INFO  server.RaftServerConfigKeys (ConfUtils.java:logGet(44)) - raft.server.rpc.timeout.min = 1s (custom)
2021-08-17 11:50:09,173 [pool-774-thread-1] INFO  server.RaftServerConfigKeys (ConfUtils.java:logGet(44)) - raft.server.rpc.timeout.max = 1200ms (custom)
2021-08-17 11:50:09,173 [pool-774-thread-1] INFO  server.RaftServerConfigKeys (ConfUtils.java:logGet(44)) - raft.server.rpc.sleep.time = 25ms (default)
2021-08-17 11:50:09,173 [pool-774-thread-1] INFO  server.RaftServerConfigKeys (ConfUtils.java:logGet(44)) - raft.server.rpc.slowness.timeout = 120s (custom)
2021-08-17 11:50:09,173 [pool-774-thread-1] INFO  server.RaftServerConfigKeys (ConfUtils.java:logGet(44)) - raft.server.leaderelection.leader.step-down.wait-time = 10s (default)
2021-08-17 11:50:09,173 [pool-774-thread-1] INFO  server.RaftServerConfigKeys (ConfUtils.java:logGet(44)) - raft.server.sleep.deviation.threshold = 300ms (default)
2021-08-17 11:50:09,173 [pool-774-thread-1] INFO  server.RaftServerConfigKeys (ConfUtils.java:logGet(44)) - raft.server.log.appender.install.snapshot.enabled = false (custom)
2021-08-17 11:50:09,173 [pool-774-thread-1] INFO  server.RaftServer$Division (ServerState.java:<init>(105)) - om1@group-C5BA1605619E: ConfigurationManager, init=-1: [om1|rpc:localhost:9872|priority:0], old=null, confs=<EMPTY_MAP>
2021-08-17 11:50:09,173 [pool-774-thread-1] INFO  server.RaftServerConfigKeys (ConfUtils.java:logGet(44)) - raft.server.storage.dir = [/home/runner/work/ozone/ozone/hadoop-ozone/integration-test/target/test-dir/MiniOzoneClusterImpl-a1e163cb-5647-48ea-b1dc-b51dce44f61a/ozone-meta/ratis] (custom)
2021-08-17 11:50:09,173 [pool-774-thread-1] INFO  server.RaftServerConfigKeys (ConfUtils.java:logGet(44)) - raft.server.log.corruption.policy = EXCEPTION (default)
2021-08-17 11:50:09,173 [pool-774-thread-1] INFO  server.RaftServerConfigKeys (ConfUtils.java:logGet(44)) - raft.server.storage.free-space.min = 0MB (=0) (default)
2021-08-17 11:50:09,173 [pool-774-thread-1] INFO  storage.RaftStorageDirectory (RaftStorageDirectoryImpl.java:analyzeStorage(135)) - The storage directory /home/runner/work/ozone/ozone/hadoop-ozone/integration-test/target/test-dir/MiniOzoneClusterImpl-a1e163cb-5647-48ea-b1dc-b51dce44f61a/ozone-meta/ratis/bf265839-605b-3f16-9796-c5ba1605619e does not exist. Creating ...
2021-08-17 11:50:09,175 [pool-774-thread-1] INFO  storage.RaftStorageDirectory (RaftStorageDirectoryImpl.java:tryLock(230)) - Lock on /home/runner/work/ozone/ozone/hadoop-ozone/integration-test/target/test-dir/MiniOzoneClusterImpl-a1e163cb-5647-48ea-b1dc-b51dce44f61a/ozone-meta/ratis/bf265839-605b-3f16-9796-c5ba1605619e/in_use.lock acquired by nodename 3236@fv-az297-666
2021-08-17 11:50:09,176 [pool-774-thread-1] INFO  storage.RaftStorage (RaftStorageImpl.java:format(89)) - Storage directory /home/runner/work/ozone/ozone/hadoop-ozone/integration-test/target/test-dir/MiniOzoneClusterImpl-a1e163cb-5647-48ea-b1dc-b51dce44f61a/ozone-meta/ratis/bf265839-605b-3f16-9796-c5ba1605619e has been successfully formatted.
2021-08-17 11:50:09,176 [pool-774-thread-1] INFO  server.RaftServerConfigKeys (ConfUtils.java:logGet(44)) - raft.server.notification.no-leader.timeout = 120s (custom)
2021-08-17 11:50:09,176 [pool-774-thread-1] INFO  server.RaftServerConfigKeys (ConfUtils.java:logGet(44)) - raft.server.log.use.memory = false (default)
2021-08-17 11:50:09,176 [pool-774-thread-1] INFO  server.RaftServerConfigKeys (ConfUtils.java:logGet(44)) - raft.server.log.purge.gap = 1000000 (custom)
2021-08-17 11:50:09,176 [pool-774-thread-1] INFO  server.RaftServerConfigKeys (ConfUtils.java:logGet(44)) - raft.server.log.appender.buffer.byte-limit = 33554432 (custom)
2021-08-17 11:50:09,176 [pool-774-thread-1] INFO  server.RaftServerConfigKeys (ConfUtils.java:logGet(44)) - raft.server.log.segment.size.max = 4194304 (custom)
2021-08-17 11:50:09,229 [Socket Reader #1 for port 0] INFO  ipc.Server (Server.java:run(1265)) - Starting Socket Reader #1 for port 0
2021-08-17 11:50:09,232 [pool-774-thread-1] INFO  server.RaftServerConfigKeys (ConfUtils.java:logGet(44)) - raft.server.log.segment.cache.num.max = 2 (custom)
2021-08-17 11:50:09,232 [pool-774-thread-1] INFO  server.RaftServerConfigKeys (ConfUtils.java:logGet(44)) - raft.server.log.segment.cache.size.max = 200MB (=209715200) (default)
2021-08-17 11:50:09,232 [pool-774-thread-1] INFO  segmented.SegmentedRaftLogWorker (SegmentedRaftLogWorker.java:<init>(182)) - new om1@group-C5BA1605619E-SegmentedRaftLogWorker for RaftStorageImpl:Storage Directory /home/runner/work/ozone/ozone/hadoop-ozone/integration-test/target/test-dir/MiniOzoneClusterImpl-a1e163cb-5647-48ea-b1dc-b51dce44f61a/ozone-meta/ratis/bf265839-605b-3f16-9796-c5ba1605619e
2021-08-17 11:50:09,232 [pool-774-thread-1] INFO  server.RaftServerConfigKeys (ConfUtils.java:logGet(44)) - raft.server.log.queue.byte-limit = 64MB (=67108864) (default)
2021-08-17 11:50:09,233 [pool-774-thread-1] INFO  server.RaftServerConfigKeys (ConfUtils.java:logGet(44)) - raft.server.log.queue.element-limit = 4096 (default)
2021-08-17 11:50:09,233 [pool-774-thread-1] INFO  server.RaftServerConfigKeys (ConfUtils.java:logGet(44)) - raft.server.log.segment.size.max = 4194304 (custom)
2021-08-17 11:50:09,233 [pool-774-thread-1] INFO  server.RaftServerConfigKeys (ConfUtils.java:logGet(44)) - raft.server.log.preallocated.size = 4194304 (custom)
2021-08-17 11:50:09,233 [pool-774-thread-1] INFO  server.RaftServerConfigKeys (ConfUtils.java:logGet(44)) - raft.server.log.force.sync.num = 128 (default)
2021-08-17 11:50:09,233 [pool-774-thread-1] INFO  server.RaftServerConfigKeys (ConfUtils.java:logGet(44)) - raft.server.log.statemachine.data.sync = true (default)
2021-08-17 11:50:09,233 [pool-774-thread-1] INFO  server.RaftServerConfigKeys (ConfUtils.java:logGet(44)) - raft.server.log.statemachine.data.sync.timeout = 10s (default)
2021-08-17 11:50:09,233 [pool-774-thread-1] INFO  server.RaftServerConfigKeys (ConfUtils.java:logGet(44)) - raft.server.log.statemachine.data.sync.timeout.retry = -1 (default)
2021-08-17 11:50:09,234 [pool-774-thread-1] INFO  server.RaftServerConfigKeys (ConfUtils.java:logGet(44)) - raft.server.log.write.buffer.size = 64KB (=65536) (default)
2021-08-17 11:50:09,234 [pool-774-thread-1] INFO  server.RaftServerConfigKeys (ConfUtils.java:logGet(44)) - raft.server.log.statemachine.data.caching.enabled = false (default)
2021-08-17 11:50:09,234 [pool-774-thread-1] INFO  segmented.SegmentedRaftLogWorker (SegmentedRaftLogWorker.java:lambda$new$0(133)) - om1@group-C5BA1605619E-SegmentedRaftLogWorker: flushIndex: setUnconditionally 0 -> -1
2021-08-17 11:50:09,234 [pool-774-thread-1] INFO  segmented.SegmentedRaftLogWorker (SegmentedRaftLogWorker.java:lambda$new$0(133)) - om1@group-C5BA1605619E-SegmentedRaftLogWorker: safeCacheEvictIndex: setUnconditionally 0 -> -1
2021-08-17 11:50:09,269 [pool-774-thread-1] INFO  server.RaftServerConfigKeys (ConfUtils.java:logGet(44)) - raft.server.snapshot.auto.trigger.enabled = true (custom)
2021-08-17 11:50:09,269 [pool-774-thread-1] INFO  server.RaftServerConfigKeys (ConfUtils.java:logGet(44)) - raft.server.snapshot.auto.trigger.threshold = 400000 (default)
2021-08-17 11:50:09,269 [pool-774-thread-1] INFO  server.RaftServerConfigKeys (ConfUtils.java:logGet(44)) - raft.server.snapshot.retention.file.num = -1 (default)
2021-08-17 11:50:09,269 [pool-774-thread-1] INFO  server.RaftServerConfigKeys (ConfUtils.java:logGet(44)) - raft.server.log.purge.upto.snapshot.index = true (custom)
2021-08-17 11:50:09,269 [pool-774-thread-1] INFO  server.RaftServerConfigKeys (ConfUtils.java:logGet(44)) - raft.server.retrycache.expirytime = 300s (custom)
2021-08-17 11:50:09,269 [pool-774-thread-1] INFO  server.RaftServerConfigKeys (ConfUtils.java:logGet(44)) - raft.server.retrycache.statistics.expirytime = 100μs (default)
2021-08-17 11:50:09,332 [Listener at 127.0.0.1/40861] INFO  om.OzoneManager (OzoneManager.java:initFSOLayout(4321)) - Configured ozone.om.metadata.layout=SIMPLE and disabled optimized OM FS operations
2021-08-17 11:50:09,347 [Listener at 127.0.0.1/40861] INFO  impl.MetricsSystemImpl (MetricsSystemImpl.java:init(158)) - OzoneManager metrics system started (again)
2021-08-17 11:50:09,383 [Listener at 127.0.0.1/40861] INFO  om.OzoneManager (OzoneManager.java:start(1270)) - OzoneManager RPC server is listening at localhost/127.0.0.1:40861
2021-08-17 11:50:09,385 [Listener at 127.0.0.1/40861] INFO  ratis.OzoneManagerRatisServer (OzoneManagerRatisServer.java:start(516)) - Starting OzoneManagerRatisServer om1 at port 9872
2021-08-17 11:50:09,385 [Listener at 127.0.0.1/40861] INFO  server.RaftServer$Division (RaftServerImpl.java:start(296)) - om1@group-C5BA1605619E: start as a follower, conf=-1: [om1|rpc:localhost:9872|priority:0], old=null
2021-08-17 11:50:09,385 [Listener at 127.0.0.1/40861] INFO  server.RaftServer$Division (RaftServerImpl.java:setRole(285)) - om1@group-C5BA1605619E: changes role from      null to FOLLOWER at term 0 for startAsFollower
2021-08-17 11:50:09,385 [Listener at 127.0.0.1/40861] INFO  impl.RoleInfo (RoleInfo.java:updateAndGet(130)) - om1: start om1@group-C5BA1605619E-FollowerState
2021-08-17 11:50:09,389 [Listener at 127.0.0.1/40861] INFO  util.JmxRegister (JmxRegister.java:tryRegister(44)) - Successfully registered JMX Bean with object name Ratis:service=RaftServer,group=group-C5BA1605619E,id=om1
2021-08-17 11:50:09,393 [Listener at 127.0.0.1/40861] INFO  server.RaftServer (RaftServerProxy.java:lambda$start$5(374)) - om1: start RPC server
2021-08-17 11:50:09,474 [Listener at 127.0.0.1/40861] INFO  server.GrpcService (GrpcService.java:startImpl(253)) - om1: GrpcService started, listening on 9872
2021-08-17 11:50:09,479 [Listener at 127.0.0.1/40861] INFO  om.OzoneManager (OzoneManager.java:start(1288)) - Version File has different layout version (0) than OM DB (null). That is expected if this OM has never been finalized to a newer layout version.
2021-08-17 11:50:09,480 [org.apache.ratis.util.JvmPauseMonitor$$Lambda$531/89905617@373639e6] INFO  util.JvmPauseMonitor (JvmPauseMonitor.java:run(103)) - JvmPauseMonitor-om1: Started
2021-08-17 11:50:09,486 [Listener at 127.0.0.1/40861] INFO  http.BaseHttpServer (BaseHttpServer.java:newHttpServer2BuilderForOzone(209)) - Starting Web-server for ozoneManager at: http://0.0.0.0:0
2021-08-17 11:50:09,486 [Listener at 127.0.0.1/40861] INFO  http.BaseHttpServer (BaseHttpServer.java:<init>(107)) - Hadoop Security Enabled: false Ozone Security Enabled: false Ozone HTTP Security Enabled: false 
2021-08-17 11:50:09,487 [Listener at 127.0.0.1/40861] INFO  server.AuthenticationFilter (AuthenticationFilter.java:constructSecretProvider(240)) - Unable to initialize FileSignerSecretProvider, falling back to use random secrets.
2021-08-17 11:50:09,488 [Listener at 127.0.0.1/40861] WARN  http.HttpRequestLog (HttpRequestLog.java:getRequestLog(103)) - Jetty request log can only be enabled using Log4j
2021-08-17 11:50:09,488 [Listener at 127.0.0.1/40861] INFO  http.HttpServer2 (HttpServer2.java:addGlobalFilter(1020)) - Added global filter 'safety' (class=org.apache.hadoop.hdds.server.http.HttpServer2$QuotingInputFilter)
2021-08-17 11:50:09,489 [Listener at 127.0.0.1/40861] INFO  http.HttpServer2 (HttpServer2.java:addFilter(996)) - Added filter static_user_filter (class=org.apache.hadoop.http.lib.StaticUserWebFilter$StaticUserFilter) to context ozoneManager
2021-08-17 11:50:09,489 [Listener at 127.0.0.1/40861] INFO  http.HttpServer2 (HttpServer2.java:addFilter(1004)) - Added filter static_user_filter (class=org.apache.hadoop.http.lib.StaticUserWebFilter$StaticUserFilter) to context static
2021-08-17 11:50:09,489 [Listener at 127.0.0.1/40861] INFO  http.HttpServer2 (HttpServer2.java:addFilter(1004)) - Added filter static_user_filter (class=org.apache.hadoop.http.lib.StaticUserWebFilter$StaticUserFilter) to context logs
2021-08-17 11:50:09,489 [Listener at 127.0.0.1/40861] INFO  http.HttpServer2 (HttpServer2.java:bindListener(1239)) - Jetty bound to port 36371
2021-08-17 11:50:09,490 [Listener at 127.0.0.1/40861] INFO  server.Server (Server.java:doStart(375)) - jetty-9.4.43.v20210629; built: 2021-06-30T11:07:22.254Z; git: 526006ecfa3af7f1a27ef3a288e2bef7ea9dd7e8; jvm 1.8.0_292-b10
2021-08-17 11:50:09,491 [Listener at 127.0.0.1/40861] INFO  server.session (DefaultSessionIdManager.java:doStart(334)) - DefaultSessionIdManager workerName=node0
2021-08-17 11:50:09,491 [Listener at 127.0.0.1/40861] INFO  server.session (DefaultSessionIdManager.java:doStart(339)) - No SessionScavenger set, using defaults
2021-08-17 11:50:09,491 [Listener at 127.0.0.1/40861] INFO  server.session (HouseKeeper.java:startScavenging(132)) - node0 Scavenging every 600000ms
2021-08-17 11:50:09,492 [Listener at 127.0.0.1/40861] INFO  handler.ContextHandler (ContextHandler.java:doStart(915)) - Started o.e.j.s.ServletContextHandler@ee42f58{logs,/logs,file:///home/runner/work/ozone/ozone/hadoop-ozone/integration-test/target/log,AVAILABLE}
2021-08-17 11:50:09,492 [Listener at 127.0.0.1/40861] INFO  handler.ContextHandler (ContextHandler.java:doStart(915)) - Started o.e.j.s.ServletContextHandler@77a6f805{static,/static,file:///home/runner/work/ozone/ozone/hadoop-ozone/integration-test/target/test-classes/webapps/static,AVAILABLE}
2021-08-17 11:50:09,495 [Listener at 127.0.0.1/40861] INFO  handler.ContextHandler (ContextHandler.java:doStart(915)) - Started o.e.j.w.WebAppContext@125cda06{ozoneManager,/,file:///home/runner/work/ozone/ozone/hadoop-ozone/integration-test/target/test-classes/webapps/ozoneManager/,AVAILABLE}{file:/home/runner/work/ozone/ozone/hadoop-ozone/integration-test/target/test-classes/webapps/ozoneManager}
2021-08-17 11:50:09,569 [Listener at 127.0.0.1/40861] INFO  server.AbstractConnector (AbstractConnector.java:doStart(331)) - Started ServerConnector@67db1736{HTTP/1.1, (http/1.1)}{0.0.0.0:36371}
2021-08-17 11:50:09,569 [Listener at 127.0.0.1/40861] INFO  server.Server (Server.java:doStart(415)) - Started @229404ms
2021-08-17 11:50:09,569 [Listener at 127.0.0.1/40861] WARN  impl.MetricsSystemImpl (MetricsSystemImpl.java:register(279)) - Sink prometheus already exists!
2021-08-17 11:50:09,570 [Listener at 127.0.0.1/40861] INFO  http.BaseHttpServer (BaseHttpServer.java:updateConnectorAddress(329)) - HTTP server of ozoneManager listening at http://0.0.0.0:36371
2021-08-17 11:50:09,582 [IPC Server listener on 0] INFO  ipc.Server (Server.java:run(1344)) - IPC Server listener on 0: starting
2021-08-17 11:50:09,584 [Listener at 127.0.0.1/40861] INFO  om.OzoneManager (OzoneManager.java:startTrashEmptier(1531)) - Trash Interval set to 0. Files deleted will not move to trash
2021-08-17 11:50:09,665 [IPC Server Responder] INFO  ipc.Server (Server.java:run(1507)) - IPC Server Responder: starting
2021-08-17 11:50:09,665 [org.apache.hadoop.util.JvmPauseMonitor$Monitor@4b85d4ca] INFO  util.JvmPauseMonitor (JvmPauseMonitor.java:run(188)) - Starting JVM pause monitor
2021-08-17 11:50:09,756 [Listener at 127.0.0.1/40861] WARN  impl.MetricRegistriesImpl (MetricRegistriesImpl.java:addReporterRegistration(111)) - New reporters are added after registries were created. Some metrics will be missing from the reporter. Please add reporter before adding any new registry.
2021-08-17 11:50:09,769 [Listener at 127.0.0.1/40861] WARN  impl.MetricRegistriesImpl (MetricRegistriesImpl.java:addReporterRegistration(111)) - New reporters are added after registries were created. Some metrics will be missing from the reporter. Please add reporter before adding any new registry.
2021-08-17 11:50:09,769 [Listener at 127.0.0.1/40861] INFO  impl.MetricsSystemImpl (MetricsSystemImpl.java:init(158)) - HddsDatanode metrics system started (again)
2021-08-17 11:50:09,793 [Listener at 127.0.0.1/40861] INFO  ozone.HddsDatanodeService (HddsDatanodeService.java:start(234)) - HddsDatanodeService host:fv-az297-666.nmf1rxwemy4u5di1sxxf4ejcwb.jx.internal.cloudapp.net ip:10.1.0.37
2021-08-17 11:50:09,884 [Listener at 127.0.0.1/40861] INFO  upgrade.AbstractLayoutVersionManager (AbstractLayoutVersionManager.java:init(70)) - Initializing Layout version manager with metadata layout = SCM_HA (version = 2), software layout = SCM_HA (version = 2)
2021-08-17 11:50:10,010 [Listener at 127.0.0.1/40861] INFO  reflections.Reflections (Reflections.java:scan(232)) - Reflections took 125 ms to scan 7 urls, producing 120 keys and 275 values 
2021-08-17 11:50:10,017 [Listener at 127.0.0.1/40861] INFO  volume.HddsVolume (HddsVolume.java:<init>(120)) - Creating HddsVolume: /home/runner/work/ozone/ozone/hadoop-ozone/integration-test/target/test-dir/MiniOzoneClusterImpl-a1e163cb-5647-48ea-b1dc-b51dce44f61a/datanode-0/data-0/containers/hdds of storage type : DISK capacity : 9223372036854775807
2021-08-17 11:50:10,018 [Listener at 127.0.0.1/40861] INFO  volume.MutableVolumeSet (MutableVolumeSet.java:initializeVolumeSet(181)) - Added Volume : /home/runner/work/ozone/ozone/hadoop-ozone/integration-test/target/test-dir/MiniOzoneClusterImpl-a1e163cb-5647-48ea-b1dc-b51dce44f61a/datanode-0/data-0/containers/hdds to VolumeSet
2021-08-17 11:50:10,018 [Listener at 127.0.0.1/40861] INFO  volume.ThrottledAsyncChecker (ThrottledAsyncChecker.java:schedule(141)) - Scheduling a check for /home/runner/work/ozone/ozone/hadoop-ozone/integration-test/target/test-dir/MiniOzoneClusterImpl-a1e163cb-5647-48ea-b1dc-b51dce44f61a/datanode-0/data-0/containers/hdds
2021-08-17 11:50:10,028 [Listener at 127.0.0.1/40861] INFO  volume.StorageVolumeChecker (StorageVolumeChecker.java:checkAllVolumes(202)) - Scheduled health check for volume /home/runner/work/ozone/ozone/hadoop-ozone/integration-test/target/test-dir/MiniOzoneClusterImpl-a1e163cb-5647-48ea-b1dc-b51dce44f61a/datanode-0/data-0/containers/hdds
2021-08-17 11:50:10,058 [Listener at 127.0.0.1/40861] INFO  volume.MutableVolumeSet (MutableVolumeSet.java:initializeVolumeSet(181)) - Added Volume : /home/runner/work/ozone/ozone/hadoop-ozone/integration-test/target/test-dir/MiniOzoneClusterImpl-a1e163cb-5647-48ea-b1dc-b51dce44f61a/datanode-0/data/ratis to VolumeSet
2021-08-17 11:50:10,059 [Listener at 127.0.0.1/40861] INFO  volume.ThrottledAsyncChecker (ThrottledAsyncChecker.java:schedule(141)) - Scheduling a check for /home/runner/work/ozone/ozone/hadoop-ozone/integration-test/target/test-dir/MiniOzoneClusterImpl-a1e163cb-5647-48ea-b1dc-b51dce44f61a/datanode-0/data/ratis
2021-08-17 11:50:10,059 [Listener at 127.0.0.1/40861] INFO  volume.StorageVolumeChecker (StorageVolumeChecker.java:checkAllVolumes(202)) - Scheduled health check for volume /home/runner/work/ozone/ozone/hadoop-ozone/integration-test/target/test-dir/MiniOzoneClusterImpl-a1e163cb-5647-48ea-b1dc-b51dce44f61a/datanode-0/data/ratis
2021-08-17 11:50:10,091 [Listener at 127.0.0.1/40861] INFO  ozoneimpl.ContainerReader (ContainerReader.java:<init>(98)) - Running in upgrade mode:true
2021-08-17 11:50:10,092 [Thread-1649] INFO  ozoneimpl.ContainerReader (ContainerReader.java:readVolume(142)) - Start to verify containers on volume /home/runner/work/ozone/ozone/hadoop-ozone/integration-test/target/test-dir/MiniOzoneClusterImpl-a1e163cb-5647-48ea-b1dc-b51dce44f61a/datanode-0/data-0/containers/hdds
2021-08-17 11:50:10,092 [Thread-1649] INFO  ozoneimpl.ContainerReader (ContainerReader.java:readVolume(174)) - Finish verifying containers on volume /home/runner/work/ozone/ozone/hadoop-ozone/integration-test/target/test-dir/MiniOzoneClusterImpl-a1e163cb-5647-48ea-b1dc-b51dce44f61a/datanode-0/data-0/containers/hdds
2021-08-17 11:50:10,092 [Listener at 127.0.0.1/40861] INFO  ozoneimpl.OzoneContainer (OzoneContainer.java:buildContainerSet(237)) - Build ContainerSet costs 0s
2021-08-17 11:50:10,104 [Listener at 127.0.0.1/40861] INFO  server.RaftServer (ConfUtils.java:logGet(44)) - raft.rpc.type = GRPC (default)
2021-08-17 11:50:10,104 [Listener at 127.0.0.1/40861] INFO  grpc.GrpcFactory (GrpcFactory.java:checkPooledByteBufAllocatorUseCacheForAllThreads(48)) - PERFORMANCE WARNING: useCacheForAllThreads is true that may cause Netty to create a lot garbage objects and, as a result, trigger GC.
	It is recommended to disable useCacheForAllThreads by setting -Dorg.apache.ratis.thirdparty.io.netty.allocator.useCacheForAllThreads=false in command line.
2021-08-17 11:50:10,104 [Listener at 127.0.0.1/40861] INFO  grpc.GrpcConfigKeys (ConfUtils.java:logGet(44)) - raft.grpc.admin.port = 0 (custom)
2021-08-17 11:50:10,104 [Listener at 127.0.0.1/40861] INFO  grpc.GrpcConfigKeys (ConfUtils.java:logGet(44)) - raft.grpc.client.port = 0 (custom)
2021-08-17 11:50:10,105 [Listener at 127.0.0.1/40861] INFO  grpc.GrpcConfigKeys (ConfUtils.java:logGet(44)) - raft.grpc.server.port = 0 (default)
2021-08-17 11:50:10,105 [Listener at 127.0.0.1/40861] INFO  server.GrpcService (ConfUtils.java:logGet(44)) - raft.grpc.message.size.max = 32MB (=33554432) (custom)
2021-08-17 11:50:10,105 [Listener at 127.0.0.1/40861] INFO  server.RaftServerConfigKeys (ConfUtils.java:logGet(44)) - raft.server.log.appender.buffer.byte-limit = 33554432 (custom)
2021-08-17 11:50:10,105 [Listener at 127.0.0.1/40861] INFO  server.GrpcService (ConfUtils.java:logGet(44)) - raft.grpc.flow.control.window = 5MB (=5242880) (custom)
2021-08-17 11:50:10,105 [Listener at 127.0.0.1/40861] INFO  server.RaftServerConfigKeys (ConfUtils.java:logGet(44)) - raft.server.rpc.request.timeout = 3000ms (default)
2021-08-17 11:50:10,106 [Listener at 127.0.0.1/40861] INFO  impl.DataStreamServerImpl (ConfUtils.java:logGet(44)) - raft.datastream.type = DISABLED (default)
2021-08-17 11:50:10,106 [Listener at 127.0.0.1/40861] INFO  server.RaftServerConfigKeys (ConfUtils.java:logGet(44)) - raft.server.rpc.slowness.timeout = 300000ms (custom)
2021-08-17 11:50:10,107 [Listener at 127.0.0.1/40861] INFO  server.RaftServerConfigKeys (ConfUtils.java:logGet(44)) - raft.server.leaderelection.leader.step-down.wait-time = 10s (default)
2021-08-17 11:50:10,107 [Listener at 127.0.0.1/40861] INFO  server.RaftServerConfigKeys (ConfUtils.java:logGet(44)) - raft.server.storage.dir = [/home/runner/work/ozone/ozone/hadoop-ozone/integration-test/target/test-dir/MiniOzoneClusterImpl-a1e163cb-5647-48ea-b1dc-b51dce44f61a/datanode-0/data/ratis] (custom)
2021-08-17 11:50:10,126 [Listener at 127.0.0.1/40861] INFO  http.BaseHttpServer (BaseHttpServer.java:newHttpServer2BuilderForOzone(209)) - Starting Web-server for hddsDatanode at: http://0.0.0.0:0
2021-08-17 11:50:10,126 [Listener at 127.0.0.1/40861] INFO  http.BaseHttpServer (BaseHttpServer.java:<init>(107)) - Hadoop Security Enabled: false Ozone Security Enabled: false Ozone HTTP Security Enabled: false 
2021-08-17 11:50:10,127 [Listener at 127.0.0.1/40861] INFO  server.AuthenticationFilter (AuthenticationFilter.java:constructSecretProvider(240)) - Unable to initialize FileSignerSecretProvider, falling back to use random secrets.
2021-08-17 11:50:10,129 [Listener at 127.0.0.1/40861] WARN  http.HttpRequestLog (HttpRequestLog.java:getRequestLog(103)) - Jetty request log can only be enabled using Log4j
2021-08-17 11:50:10,133 [Listener at 127.0.0.1/40861] INFO  http.HttpServer2 (HttpServer2.java:addGlobalFilter(1020)) - Added global filter 'safety' (class=org.apache.hadoop.hdds.server.http.HttpServer2$QuotingInputFilter)
2021-08-17 11:50:10,134 [Listener at 127.0.0.1/40861] INFO  http.HttpServer2 (HttpServer2.java:addFilter(996)) - Added filter static_user_filter (class=org.apache.hadoop.http.lib.StaticUserWebFilter$StaticUserFilter) to context hddsDatanode
2021-08-17 11:50:10,134 [Listener at 127.0.0.1/40861] INFO  http.HttpServer2 (HttpServer2.java:addFilter(1004)) - Added filter static_user_filter (class=org.apache.hadoop.http.lib.StaticUserWebFilter$StaticUserFilter) to context static
2021-08-17 11:50:10,134 [Listener at 127.0.0.1/40861] INFO  http.HttpServer2 (HttpServer2.java:addFilter(1004)) - Added filter static_user_filter (class=org.apache.hadoop.http.lib.StaticUserWebFilter$StaticUserFilter) to context logs
2021-08-17 11:50:10,134 [Listener at 127.0.0.1/40861] INFO  http.HttpServer2 (HttpServer2.java:bindListener(1239)) - Jetty bound to port 45801
2021-08-17 11:50:10,135 [Listener at 127.0.0.1/40861] INFO  server.Server (Server.java:doStart(375)) - jetty-9.4.43.v20210629; built: 2021-06-30T11:07:22.254Z; git: 526006ecfa3af7f1a27ef3a288e2bef7ea9dd7e8; jvm 1.8.0_292-b10
2021-08-17 11:50:10,152 [Listener at 127.0.0.1/40861] INFO  server.session (DefaultSessionIdManager.java:doStart(334)) - DefaultSessionIdManager workerName=node0
2021-08-17 11:50:10,152 [Listener at 127.0.0.1/40861] INFO  server.session (DefaultSessionIdManager.java:doStart(339)) - No SessionScavenger set, using defaults
2021-08-17 11:50:10,152 [Listener at 127.0.0.1/40861] INFO  server.session (HouseKeeper.java:startScavenging(132)) - node0 Scavenging every 660000ms
2021-08-17 11:50:10,152 [Listener at 127.0.0.1/40861] INFO  handler.ContextHandler (ContextHandler.java:doStart(915)) - Started o.e.j.s.ServletContextHandler@cdfe8c6{logs,/logs,file:///home/runner/work/ozone/ozone/hadoop-ozone/integration-test/target/log,AVAILABLE}
2021-08-17 11:50:10,153 [Listener at 127.0.0.1/40861] INFO  handler.ContextHandler (ContextHandler.java:doStart(915)) - Started o.e.j.s.ServletContextHandler@22ce02ab{static,/static,jar:file:/home/runner/.m2/repository/org/apache/ozone/hdds-container-service/1.2.0-SNAPSHOT/hdds-container-service-1.2.0-SNAPSHOT.jar!/webapps/static,AVAILABLE}
2021-08-17 11:50:10,359 [Listener at 127.0.0.1/40861] INFO  handler.ContextHandler (ContextHandler.java:doStart(915)) - Started o.e.j.w.WebAppContext@1a54dc19{hddsDatanode,/,file:///tmp/jetty-0_0_0_0-45801-hdds-container-service-1_2_0-SNAPSHOT_jar-_-any-6917519312312581611/webapp/,AVAILABLE}{jar:file:/home/runner/.m2/repository/org/apache/ozone/hdds-container-service/1.2.0-SNAPSHOT/hdds-container-service-1.2.0-SNAPSHOT.jar!/webapps/hddsDatanode}
2021-08-17 11:50:10,370 [Listener at 127.0.0.1/40861] INFO  server.AbstractConnector (AbstractConnector.java:doStart(331)) - Started ServerConnector@73cd59ea{HTTP/1.1, (http/1.1)}{0.0.0.0:45801}
2021-08-17 11:50:10,371 [Listener at 127.0.0.1/40861] INFO  server.Server (Server.java:doStart(415)) - Started @230206ms
2021-08-17 11:50:10,371 [Listener at 127.0.0.1/40861] WARN  impl.MetricsSystemImpl (MetricsSystemImpl.java:register(279)) - Sink prometheus already exists!
2021-08-17 11:50:10,373 [Listener at 127.0.0.1/40861] INFO  http.BaseHttpServer (BaseHttpServer.java:updateConnectorAddress(329)) - HTTP server of hddsDatanode listening at http://0.0.0.0:45801
2021-08-17 11:50:10,382 [Listener at 127.0.0.1/40861] WARN  impl.MetricRegistriesImpl (MetricRegistriesImpl.java:addReporterRegistration(111)) - New reporters are added after registries were created. Some metrics will be missing from the reporter. Please add reporter before adding any new registry.
2021-08-17 11:50:10,382 [Listener at 127.0.0.1/40861] WARN  impl.MetricRegistriesImpl (MetricRegistriesImpl.java:addReporterRegistration(111)) - New reporters are added after registries were created. Some metrics will be missing from the reporter. Please add reporter before adding any new registry.
2021-08-17 11:50:10,382 [Listener at 127.0.0.1/40861] INFO  impl.MetricsSystemImpl (MetricsSystemImpl.java:init(158)) - HddsDatanode metrics system started (again)
2021-08-17 11:50:10,493 [org.apache.hadoop.util.JvmPauseMonitor$Monitor@12cb901d] INFO  util.JvmPauseMonitor (JvmPauseMonitor.java:run(188)) - Starting JVM pause monitor
2021-08-17 11:50:10,533 [Datanode State Machine Task Thread - 0] INFO  datanode.InitDatanodeState (InitDatanodeState.java:persistContainerDatanodeDetails(145)) - DatanodeDetails is persisted to /home/runner/work/ozone/ozone/hadoop-ozone/integration-test/target/test-dir/MiniOzoneClusterImpl-a1e163cb-5647-48ea-b1dc-b51dce44f61a/datanode-0/meta/datanode.id
2021-08-17 11:50:10,539 [Listener at 127.0.0.1/40861] INFO  ozone.HddsDatanodeService (HddsDatanodeService.java:start(234)) - HddsDatanodeService host:fv-az297-666.nmf1rxwemy4u5di1sxxf4ejcwb.jx.internal.cloudapp.net ip:10.1.0.37
2021-08-17 11:50:10,605 [om1@group-C5BA1605619E-FollowerState] INFO  impl.FollowerState (FollowerState.java:run(134)) - om1@group-C5BA1605619E-FollowerState: change to CANDIDATE, lastRpcElapsedTime:1219461414ns, electionTimeout:1181ms
2021-08-17 11:50:10,605 [om1@group-C5BA1605619E-FollowerState] INFO  impl.RoleInfo (RoleInfo.java:shutdownFollowerState(108)) - om1: shutdown om1@group-C5BA1605619E-FollowerState
2021-08-17 11:50:10,605 [om1@group-C5BA1605619E-FollowerState] INFO  server.RaftServer$Division (RaftServerImpl.java:setRole(285)) - om1@group-C5BA1605619E: changes role from  FOLLOWER to CANDIDATE at term 0 for changeToCandidate
2021-08-17 11:50:10,605 [om1@group-C5BA1605619E-FollowerState] INFO  server.RaftServerConfigKeys (ConfUtils.java:logGet(44)) - raft.server.leaderelection.pre-vote = false (custom)
2021-08-17 11:50:10,605 [om1@group-C5BA1605619E-FollowerState] INFO  impl.RoleInfo (RoleInfo.java:updateAndGet(130)) - om1: start om1@group-C5BA1605619E-LeaderElection65
2021-08-17 11:50:10,668 [Listener at 127.0.0.1/40861] INFO  upgrade.AbstractLayoutVersionManager (AbstractLayoutVersionManager.java:init(70)) - Initializing Layout version manager with metadata layout = SCM_HA (version = 2), software layout = SCM_HA (version = 2)
2021-08-17 11:50:10,691 [om1@group-C5BA1605619E-LeaderElection65] INFO  impl.LeaderElection (LeaderElection.java:askForVotes(306)) - om1@group-C5BA1605619E-LeaderElection65 ELECTION round 0: submit vote requests at term 1 for -1: [om1|rpc:localhost:9872|priority:0], old=null
2021-08-17 11:50:10,691 [om1@group-C5BA1605619E-LeaderElection65] INFO  impl.LeaderElection (LeaderElection.java:askForVotes(308)) - om1@group-C5BA1605619E-LeaderElection65 ELECTION round 0: result PASSED (term=1)
2021-08-17 11:50:10,691 [om1@group-C5BA1605619E-LeaderElection65] INFO  impl.RoleInfo (RoleInfo.java:shutdownLeaderElection(121)) - om1: shutdown om1@group-C5BA1605619E-LeaderElection65
2021-08-17 11:50:10,691 [om1@group-C5BA1605619E-LeaderElection65] INFO  server.RaftServer$Division (RaftServerImpl.java:setRole(285)) - om1@group-C5BA1605619E: changes role from CANDIDATE to LEADER at term 1 for changeToLeader
2021-08-17 11:50:10,691 [om1@group-C5BA1605619E-LeaderElection65] INFO  server.RaftServer$Division (ServerState.java:setLeader(285)) - om1@group-C5BA1605619E: change Leader from null to om1 at term 1 for becomeLeader, leader elected after 1515ms
2021-08-17 11:50:10,692 [om1@group-C5BA1605619E-LeaderElection65] INFO  server.RaftServerConfigKeys (ConfUtils.java:logGet(44)) - raft.server.staging.catchup.gap = 1000 (default)
2021-08-17 11:50:10,692 [om1@group-C5BA1605619E-LeaderElection65] INFO  server.RaftServerConfigKeys (ConfUtils.java:logGet(44)) - raft.server.write.element-limit = 4096 (default)
2021-08-17 11:50:10,692 [om1@group-C5BA1605619E-LeaderElection65] INFO  server.RaftServerConfigKeys (ConfUtils.java:logGet(44)) - raft.server.write.byte-limit = 64MB (=67108864) (default)
2021-08-17 11:50:10,692 [om1@group-C5BA1605619E-LeaderElection65] INFO  server.RaftServerConfigKeys (ConfUtils.java:logGet(44)) - raft.server.watch.timeout = 10s (default)
2021-08-17 11:50:10,692 [om1@group-C5BA1605619E-LeaderElection65] INFO  server.RaftServerConfigKeys (ConfUtils.java:logGet(44)) - raft.server.watch.timeout.denomination = 1s (default)
2021-08-17 11:50:10,692 [om1@group-C5BA1605619E-LeaderElection65] INFO  server.RaftServerConfigKeys (ConfUtils.java:logGet(44)) - raft.server.watch.element-limit = 65536 (default)
2021-08-17 11:50:10,692 [om1@group-C5BA1605619E-LeaderElection65] INFO  impl.RoleInfo (RoleInfo.java:updateAndGet(130)) - om1: start om1@group-C5BA1605619E-LeaderStateImpl
2021-08-17 11:50:10,693 [om1@group-C5BA1605619E-LeaderElection65] INFO  segmented.SegmentedRaftLogWorker (SegmentedRaftLogWorker.java:startLogSegment(394)) - om1@group-C5BA1605619E-SegmentedRaftLogWorker: Starting segment from index:0
2021-08-17 11:50:10,701 [om1@group-C5BA1605619E-SegmentedRaftLogWorker] INFO  segmented.SegmentedRaftLogWorker (SegmentedRaftLogWorker.java:execute(601)) - om1@group-C5BA1605619E-SegmentedRaftLogWorker: created new log segment /home/runner/work/ozone/ozone/hadoop-ozone/integration-test/target/test-dir/MiniOzoneClusterImpl-a1e163cb-5647-48ea-b1dc-b51dce44f61a/ozone-meta/ratis/bf265839-605b-3f16-9796-c5ba1605619e/current/log_inprogress_0
2021-08-17 11:50:10,717 [om1@group-C5BA1605619E-LeaderElection65] INFO  server.RaftServer$Division (ServerState.java:setRaftConf(387)) - om1@group-C5BA1605619E: set configuration 0: [om1|rpc:localhost:9872|admin:|client:|dataStream:|priority:0], old=null
2021-08-17 11:50:10,770 [om1@group-C5BA1605619E-StateMachineUpdater] INFO  ratis.OzoneManagerStateMachine (OzoneManagerStateMachine.java:notifyConfigurationChanged(188)) - Received Configuration change notification from Ratis. New Peer list:
[id: "om1"
address: "localhost:9872"
]
2021-08-17 11:50:10,841 [Listener at 127.0.0.1/40861] INFO  reflections.Reflections (Reflections.java:scan(232)) - Reflections took 172 ms to scan 7 urls, producing 120 keys and 275 values 
2021-08-17 11:50:10,862 [Listener at 127.0.0.1/40861] INFO  volume.HddsVolume (HddsVolume.java:<init>(120)) - Creating HddsVolume: /home/runner/work/ozone/ozone/hadoop-ozone/integration-test/target/test-dir/MiniOzoneClusterImpl-a1e163cb-5647-48ea-b1dc-b51dce44f61a/datanode-1/data-0/containers/hdds of storage type : DISK capacity : 9223372036854775807
2021-08-17 11:50:10,862 [Listener at 127.0.0.1/40861] INFO  volume.MutableVolumeSet (MutableVolumeSet.java:initializeVolumeSet(181)) - Added Volume : /home/runner/work/ozone/ozone/hadoop-ozone/integration-test/target/test-dir/MiniOzoneClusterImpl-a1e163cb-5647-48ea-b1dc-b51dce44f61a/datanode-1/data-0/containers/hdds to VolumeSet
2021-08-17 11:50:10,863 [Listener at 127.0.0.1/40861] INFO  volume.ThrottledAsyncChecker (ThrottledAsyncChecker.java:schedule(141)) - Scheduling a check for /home/runner/work/ozone/ozone/hadoop-ozone/integration-test/target/test-dir/MiniOzoneClusterImpl-a1e163cb-5647-48ea-b1dc-b51dce44f61a/datanode-1/data-0/containers/hdds
2021-08-17 11:50:10,869 [Listener at 127.0.0.1/40861] INFO  volume.StorageVolumeChecker (StorageVolumeChecker.java:checkAllVolumes(202)) - Scheduled health check for volume /home/runner/work/ozone/ozone/hadoop-ozone/integration-test/target/test-dir/MiniOzoneClusterImpl-a1e163cb-5647-48ea-b1dc-b51dce44f61a/datanode-1/data-0/containers/hdds
2021-08-17 11:50:10,927 [Listener at 127.0.0.1/40861] INFO  volume.MutableVolumeSet (MutableVolumeSet.java:initializeVolumeSet(181)) - Added Volume : /home/runner/work/ozone/ozone/hadoop-ozone/integration-test/target/test-dir/MiniOzoneClusterImpl-a1e163cb-5647-48ea-b1dc-b51dce44f61a/datanode-1/data/ratis to VolumeSet
2021-08-17 11:50:10,927 [Listener at 127.0.0.1/40861] INFO  volume.ThrottledAsyncChecker (ThrottledAsyncChecker.java:schedule(141)) - Scheduling a check for /home/runner/work/ozone/ozone/hadoop-ozone/integration-test/target/test-dir/MiniOzoneClusterImpl-a1e163cb-5647-48ea-b1dc-b51dce44f61a/datanode-1/data/ratis
2021-08-17 11:50:10,927 [Listener at 127.0.0.1/40861] INFO  volume.StorageVolumeChecker (StorageVolumeChecker.java:checkAllVolumes(202)) - Scheduled health check for volume /home/runner/work/ozone/ozone/hadoop-ozone/integration-test/target/test-dir/MiniOzoneClusterImpl-a1e163cb-5647-48ea-b1dc-b51dce44f61a/datanode-1/data/ratis
2021-08-17 11:50:10,952 [Listener at 127.0.0.1/40861] INFO  ozoneimpl.ContainerReader (ContainerReader.java:<init>(98)) - Running in upgrade mode:true
2021-08-17 11:50:10,961 [Thread-1663] INFO  ozoneimpl.ContainerReader (ContainerReader.java:readVolume(142)) - Start to verify containers on volume /home/runner/work/ozone/ozone/hadoop-ozone/integration-test/target/test-dir/MiniOzoneClusterImpl-a1e163cb-5647-48ea-b1dc-b51dce44f61a/datanode-1/data-0/containers/hdds
2021-08-17 11:50:10,961 [Thread-1663] INFO  ozoneimpl.ContainerReader (ContainerReader.java:readVolume(174)) - Finish verifying containers on volume /home/runner/work/ozone/ozone/hadoop-ozone/integration-test/target/test-dir/MiniOzoneClusterImpl-a1e163cb-5647-48ea-b1dc-b51dce44f61a/datanode-1/data-0/containers/hdds
2021-08-17 11:50:10,961 [Listener at 127.0.0.1/40861] INFO  ozoneimpl.OzoneContainer (OzoneContainer.java:buildContainerSet(237)) - Build ContainerSet costs 0s
2021-08-17 11:50:10,963 [Listener at 127.0.0.1/40861] INFO  server.RaftServer (ConfUtils.java:logGet(44)) - raft.rpc.type = GRPC (default)
2021-08-17 11:50:10,963 [Listener at 127.0.0.1/40861] INFO  grpc.GrpcFactory (GrpcFactory.java:checkPooledByteBufAllocatorUseCacheForAllThreads(48)) - PERFORMANCE WARNING: useCacheForAllThreads is true that may cause Netty to create a lot garbage objects and, as a result, trigger GC.
	It is recommended to disable useCacheForAllThreads by setting -Dorg.apache.ratis.thirdparty.io.netty.allocator.useCacheForAllThreads=false in command line.
2021-08-17 11:50:10,964 [Listener at 127.0.0.1/40861] INFO  grpc.GrpcConfigKeys (ConfUtils.java:logGet(44)) - raft.grpc.admin.port = 0 (custom)
2021-08-17 11:50:10,964 [Listener at 127.0.0.1/40861] INFO  grpc.GrpcConfigKeys (ConfUtils.java:logGet(44)) - raft.grpc.client.port = 0 (custom)
2021-08-17 11:50:10,964 [Listener at 127.0.0.1/40861] INFO  grpc.GrpcConfigKeys (ConfUtils.java:logGet(44)) - raft.grpc.server.port = 0 (default)
2021-08-17 11:50:10,964 [Listener at 127.0.0.1/40861] INFO  server.GrpcService (ConfUtils.java:logGet(44)) - raft.grpc.message.size.max = 32MB (=33554432) (custom)
2021-08-17 11:50:10,964 [Listener at 127.0.0.1/40861] INFO  server.RaftServerConfigKeys (ConfUtils.java:logGet(44)) - raft.server.log.appender.buffer.byte-limit = 33554432 (custom)
2021-08-17 11:50:10,964 [Listener at 127.0.0.1/40861] INFO  server.GrpcService (ConfUtils.java:logGet(44)) - raft.grpc.flow.control.window = 5MB (=5242880) (custom)
2021-08-17 11:50:10,964 [Listener at 127.0.0.1/40861] INFO  server.RaftServerConfigKeys (ConfUtils.java:logGet(44)) - raft.server.rpc.request.timeout = 3000ms (default)
2021-08-17 11:50:10,981 [Listener at 127.0.0.1/40861] INFO  impl.DataStreamServerImpl (ConfUtils.java:logGet(44)) - raft.datastream.type = DISABLED (default)
2021-08-17 11:50:10,982 [Listener at 127.0.0.1/40861] INFO  server.RaftServerConfigKeys (ConfUtils.java:logGet(44)) - raft.server.rpc.slowness.timeout = 300000ms (custom)
2021-08-17 11:50:10,982 [Listener at 127.0.0.1/40861] INFO  server.RaftServerConfigKeys (ConfUtils.java:logGet(44)) - raft.server.leaderelection.leader.step-down.wait-time = 10s (default)
2021-08-17 11:50:10,982 [Listener at 127.0.0.1/40861] INFO  server.RaftServerConfigKeys (ConfUtils.java:logGet(44)) - raft.server.storage.dir = [/home/runner/work/ozone/ozone/hadoop-ozone/integration-test/target/test-dir/MiniOzoneClusterImpl-a1e163cb-5647-48ea-b1dc-b51dce44f61a/datanode-1/data/ratis] (custom)
2021-08-17 11:50:10,994 [Listener at 127.0.0.1/40861] INFO  http.BaseHttpServer (BaseHttpServer.java:newHttpServer2BuilderForOzone(209)) - Starting Web-server for hddsDatanode at: http://0.0.0.0:0
2021-08-17 11:50:10,997 [Listener at 127.0.0.1/40861] INFO  http.BaseHttpServer (BaseHttpServer.java:<init>(107)) - Hadoop Security Enabled: false Ozone Security Enabled: false Ozone HTTP Security Enabled: false 
2021-08-17 11:50:10,998 [Listener at 127.0.0.1/40861] INFO  server.AuthenticationFilter (AuthenticationFilter.java:constructSecretProvider(240)) - Unable to initialize FileSignerSecretProvider, falling back to use random secrets.
2021-08-17 11:50:11,007 [Listener at 127.0.0.1/40861] WARN  http.HttpRequestLog (HttpRequestLog.java:getRequestLog(103)) - Jetty request log can only be enabled using Log4j
2021-08-17 11:50:11,008 [Listener at 127.0.0.1/40861] INFO  http.HttpServer2 (HttpServer2.java:addGlobalFilter(1020)) - Added global filter 'safety' (class=org.apache.hadoop.hdds.server.http.HttpServer2$QuotingInputFilter)
2021-08-17 11:50:11,008 [Listener at 127.0.0.1/40861] INFO  http.HttpServer2 (HttpServer2.java:addFilter(996)) - Added filter static_user_filter (class=org.apache.hadoop.http.lib.StaticUserWebFilter$StaticUserFilter) to context hddsDatanode
2021-08-17 11:50:11,008 [Listener at 127.0.0.1/40861] INFO  http.HttpServer2 (HttpServer2.java:addFilter(1004)) - Added filter static_user_filter (class=org.apache.hadoop.http.lib.StaticUserWebFilter$StaticUserFilter) to context static
2021-08-17 11:50:11,008 [Listener at 127.0.0.1/40861] INFO  http.HttpServer2 (HttpServer2.java:addFilter(1004)) - Added filter static_user_filter (class=org.apache.hadoop.http.lib.StaticUserWebFilter$StaticUserFilter) to context logs
2021-08-17 11:50:11,009 [Listener at 127.0.0.1/40861] INFO  http.HttpServer2 (HttpServer2.java:bindListener(1239)) - Jetty bound to port 40661
2021-08-17 11:50:11,009 [Listener at 127.0.0.1/40861] INFO  server.Server (Server.java:doStart(375)) - jetty-9.4.43.v20210629; built: 2021-06-30T11:07:22.254Z; git: 526006ecfa3af7f1a27ef3a288e2bef7ea9dd7e8; jvm 1.8.0_292-b10
2021-08-17 11:50:11,010 [Listener at 127.0.0.1/40861] INFO  server.session (DefaultSessionIdManager.java:doStart(334)) - DefaultSessionIdManager workerName=node0
2021-08-17 11:50:11,010 [Listener at 127.0.0.1/40861] INFO  server.session (DefaultSessionIdManager.java:doStart(339)) - No SessionScavenger set, using defaults
2021-08-17 11:50:11,010 [Listener at 127.0.0.1/40861] INFO  server.session (HouseKeeper.java:startScavenging(132)) - node0 Scavenging every 660000ms
2021-08-17 11:50:11,011 [Listener at 127.0.0.1/40861] INFO  handler.ContextHandler (ContextHandler.java:doStart(915)) - Started o.e.j.s.ServletContextHandler@483ecce2{logs,/logs,file:///home/runner/work/ozone/ozone/hadoop-ozone/integration-test/target/log,AVAILABLE}
2021-08-17 11:50:11,011 [Listener at 127.0.0.1/40861] INFO  handler.ContextHandler (ContextHandler.java:doStart(915)) - Started o.e.j.s.ServletContextHandler@4dfdfa3d{static,/static,jar:file:/home/runner/.m2/repository/org/apache/ozone/hdds-container-service/1.2.0-SNAPSHOT/hdds-container-service-1.2.0-SNAPSHOT.jar!/webapps/static,AVAILABLE}
2021-08-17 11:50:11,217 [Listener at 127.0.0.1/40861] INFO  handler.ContextHandler (ContextHandler.java:doStart(915)) - Started o.e.j.w.WebAppContext@4a36d9af{hddsDatanode,/,file:///tmp/jetty-0_0_0_0-40661-hdds-container-service-1_2_0-SNAPSHOT_jar-_-any-7157178516046166422/webapp/,AVAILABLE}{jar:file:/home/runner/.m2/repository/org/apache/ozone/hdds-container-service/1.2.0-SNAPSHOT/hdds-container-service-1.2.0-SNAPSHOT.jar!/webapps/hddsDatanode}
2021-08-17 11:50:11,225 [Listener at 127.0.0.1/40861] INFO  server.AbstractConnector (AbstractConnector.java:doStart(331)) - Started ServerConnector@2fbc2377{HTTP/1.1, (http/1.1)}{0.0.0.0:40661}
2021-08-17 11:50:11,225 [Listener at 127.0.0.1/40861] INFO  server.Server (Server.java:doStart(415)) - Started @231060ms
2021-08-17 11:50:11,225 [Listener at 127.0.0.1/40861] WARN  impl.MetricsSystemImpl (MetricsSystemImpl.java:register(279)) - Sink prometheus already exists!
2021-08-17 11:50:11,229 [Listener at 127.0.0.1/40861] INFO  http.BaseHttpServer (BaseHttpServer.java:updateConnectorAddress(329)) - HTTP server of hddsDatanode listening at http://0.0.0.0:40661
2021-08-17 11:50:11,230 [Listener at 127.0.0.1/40861] WARN  impl.MetricRegistriesImpl (MetricRegistriesImpl.java:addReporterRegistration(111)) - New reporters are added after registries were created. Some metrics will be missing from the reporter. Please add reporter before adding any new registry.
2021-08-17 11:50:11,230 [Listener at 127.0.0.1/40861] WARN  impl.MetricRegistriesImpl (MetricRegistriesImpl.java:addReporterRegistration(111)) - New reporters are added after registries were created. Some metrics will be missing from the reporter. Please add reporter before adding any new registry.
2021-08-17 11:50:11,230 [Listener at 127.0.0.1/40861] INFO  impl.MetricsSystemImpl (MetricsSystemImpl.java:init(158)) - HddsDatanode metrics system started (again)
2021-08-17 11:50:11,325 [org.apache.hadoop.util.JvmPauseMonitor$Monitor@4a84ef0c] INFO  util.JvmPauseMonitor (JvmPauseMonitor.java:run(188)) - Starting JVM pause monitor
2021-08-17 11:50:11,336 [Listener at 127.0.0.1/40861] INFO  ozone.HddsDatanodeService (HddsDatanodeService.java:start(234)) - HddsDatanodeService host:fv-az297-666.nmf1rxwemy4u5di1sxxf4ejcwb.jx.internal.cloudapp.net ip:10.1.0.37
2021-08-17 11:50:11,365 [Datanode State Machine Task Thread - 0] INFO  datanode.InitDatanodeState (InitDatanodeState.java:persistContainerDatanodeDetails(145)) - DatanodeDetails is persisted to /home/runner/work/ozone/ozone/hadoop-ozone/integration-test/target/test-dir/MiniOzoneClusterImpl-a1e163cb-5647-48ea-b1dc-b51dce44f61a/datanode-1/meta/datanode.id
2021-08-17 11:50:11,495 [Listener at 127.0.0.1/40861] INFO  upgrade.AbstractLayoutVersionManager (AbstractLayoutVersionManager.java:init(70)) - Initializing Layout version manager with metadata layout = SCM_HA (version = 2), software layout = SCM_HA (version = 2)
2021-08-17 11:50:11,661 [Listener at 127.0.0.1/40861] INFO  reflections.Reflections (Reflections.java:scan(232)) - Reflections took 145 ms to scan 7 urls, producing 120 keys and 275 values 
2021-08-17 11:50:11,680 [Listener at 127.0.0.1/40861] INFO  volume.HddsVolume (HddsVolume.java:<init>(120)) - Creating HddsVolume: /home/runner/work/ozone/ozone/hadoop-ozone/integration-test/target/test-dir/MiniOzoneClusterImpl-a1e163cb-5647-48ea-b1dc-b51dce44f61a/datanode-2/data-0/containers/hdds of storage type : DISK capacity : 9223372036854775807
2021-08-17 11:50:11,680 [Listener at 127.0.0.1/40861] INFO  volume.MutableVolumeSet (MutableVolumeSet.java:initializeVolumeSet(181)) - Added Volume : /home/runner/work/ozone/ozone/hadoop-ozone/integration-test/target/test-dir/MiniOzoneClusterImpl-a1e163cb-5647-48ea-b1dc-b51dce44f61a/datanode-2/data-0/containers/hdds to VolumeSet
2021-08-17 11:50:11,680 [Listener at 127.0.0.1/40861] INFO  volume.ThrottledAsyncChecker (ThrottledAsyncChecker.java:schedule(141)) - Scheduling a check for /home/runner/work/ozone/ozone/hadoop-ozone/integration-test/target/test-dir/MiniOzoneClusterImpl-a1e163cb-5647-48ea-b1dc-b51dce44f61a/datanode-2/data-0/containers/hdds
2021-08-17 11:50:11,693 [Listener at 127.0.0.1/40861] INFO  volume.StorageVolumeChecker (StorageVolumeChecker.java:checkAllVolumes(202)) - Scheduled health check for volume /home/runner/work/ozone/ozone/hadoop-ozone/integration-test/target/test-dir/MiniOzoneClusterImpl-a1e163cb-5647-48ea-b1dc-b51dce44f61a/datanode-2/data-0/containers/hdds
2021-08-17 11:50:11,706 [Listener at 127.0.0.1/40861] INFO  volume.MutableVolumeSet (MutableVolumeSet.java:initializeVolumeSet(181)) - Added Volume : /home/runner/work/ozone/ozone/hadoop-ozone/integration-test/target/test-dir/MiniOzoneClusterImpl-a1e163cb-5647-48ea-b1dc-b51dce44f61a/datanode-2/data/ratis to VolumeSet
2021-08-17 11:50:11,706 [Listener at 127.0.0.1/40861] INFO  volume.ThrottledAsyncChecker (ThrottledAsyncChecker.java:schedule(141)) - Scheduling a check for /home/runner/work/ozone/ozone/hadoop-ozone/integration-test/target/test-dir/MiniOzoneClusterImpl-a1e163cb-5647-48ea-b1dc-b51dce44f61a/datanode-2/data/ratis
2021-08-17 11:50:11,707 [Listener at 127.0.0.1/40861] INFO  volume.StorageVolumeChecker (StorageVolumeChecker.java:checkAllVolumes(202)) - Scheduled health check for volume /home/runner/work/ozone/ozone/hadoop-ozone/integration-test/target/test-dir/MiniOzoneClusterImpl-a1e163cb-5647-48ea-b1dc-b51dce44f61a/datanode-2/data/ratis
2021-08-17 11:50:11,752 [Listener at 127.0.0.1/40861] INFO  ozoneimpl.ContainerReader (ContainerReader.java:<init>(98)) - Running in upgrade mode:true
2021-08-17 11:50:11,777 [Thread-1675] INFO  ozoneimpl.ContainerReader (ContainerReader.java:readVolume(142)) - Start to verify containers on volume /home/runner/work/ozone/ozone/hadoop-ozone/integration-test/target/test-dir/MiniOzoneClusterImpl-a1e163cb-5647-48ea-b1dc-b51dce44f61a/datanode-2/data-0/containers/hdds
2021-08-17 11:50:11,777 [Thread-1675] INFO  ozoneimpl.ContainerReader (ContainerReader.java:readVolume(174)) - Finish verifying containers on volume /home/runner/work/ozone/ozone/hadoop-ozone/integration-test/target/test-dir/MiniOzoneClusterImpl-a1e163cb-5647-48ea-b1dc-b51dce44f61a/datanode-2/data-0/containers/hdds
2021-08-17 11:50:11,777 [Listener at 127.0.0.1/40861] INFO  ozoneimpl.OzoneContainer (OzoneContainer.java:buildContainerSet(237)) - Build ContainerSet costs 0s
2021-08-17 11:50:11,779 [Listener at 127.0.0.1/40861] INFO  server.RaftServer (ConfUtils.java:logGet(44)) - raft.rpc.type = GRPC (default)
2021-08-17 11:50:11,779 [Listener at 127.0.0.1/40861] INFO  grpc.GrpcFactory (GrpcFactory.java:checkPooledByteBufAllocatorUseCacheForAllThreads(48)) - PERFORMANCE WARNING: useCacheForAllThreads is true that may cause Netty to create a lot garbage objects and, as a result, trigger GC.
	It is recommended to disable useCacheForAllThreads by setting -Dorg.apache.ratis.thirdparty.io.netty.allocator.useCacheForAllThreads=false in command line.
2021-08-17 11:50:11,779 [Listener at 127.0.0.1/40861] INFO  grpc.GrpcConfigKeys (ConfUtils.java:logGet(44)) - raft.grpc.admin.port = 0 (custom)
2021-08-17 11:50:11,779 [Listener at 127.0.0.1/40861] INFO  grpc.GrpcConfigKeys (ConfUtils.java:logGet(44)) - raft.grpc.client.port = 0 (custom)
2021-08-17 11:50:11,779 [Listener at 127.0.0.1/40861] INFO  grpc.GrpcConfigKeys (ConfUtils.java:logGet(44)) - raft.grpc.server.port = 0 (default)
2021-08-17 11:50:11,779 [Listener at 127.0.0.1/40861] INFO  server.GrpcService (ConfUtils.java:logGet(44)) - raft.grpc.message.size.max = 32MB (=33554432) (custom)
2021-08-17 11:50:11,779 [Listener at 127.0.0.1/40861] INFO  server.RaftServerConfigKeys (ConfUtils.java:logGet(44)) - raft.server.log.appender.buffer.byte-limit = 33554432 (custom)
2021-08-17 11:50:11,780 [Listener at 127.0.0.1/40861] INFO  server.GrpcService (ConfUtils.java:logGet(44)) - raft.grpc.flow.control.window = 5MB (=5242880) (custom)
2021-08-17 11:50:11,780 [Listener at 127.0.0.1/40861] INFO  server.RaftServerConfigKeys (ConfUtils.java:logGet(44)) - raft.server.rpc.request.timeout = 3000ms (default)
2021-08-17 11:50:11,781 [Listener at 127.0.0.1/40861] INFO  impl.DataStreamServerImpl (ConfUtils.java:logGet(44)) - raft.datastream.type = DISABLED (default)
2021-08-17 11:50:11,781 [Listener at 127.0.0.1/40861] INFO  server.RaftServerConfigKeys (ConfUtils.java:logGet(44)) - raft.server.rpc.slowness.timeout = 300000ms (custom)
2021-08-17 11:50:11,781 [Listener at 127.0.0.1/40861] INFO  server.RaftServerConfigKeys (ConfUtils.java:logGet(44)) - raft.server.leaderelection.leader.step-down.wait-time = 10s (default)
2021-08-17 11:50:11,781 [Listener at 127.0.0.1/40861] INFO  server.RaftServerConfigKeys (ConfUtils.java:logGet(44)) - raft.server.storage.dir = [/home/runner/work/ozone/ozone/hadoop-ozone/integration-test/target/test-dir/MiniOzoneClusterImpl-a1e163cb-5647-48ea-b1dc-b51dce44f61a/datanode-2/data/ratis] (custom)
2021-08-17 11:50:11,818 [Listener at 127.0.0.1/40861] INFO  http.BaseHttpServer (BaseHttpServer.java:newHttpServer2BuilderForOzone(209)) - Starting Web-server for hddsDatanode at: http://0.0.0.0:0
2021-08-17 11:50:11,818 [Listener at 127.0.0.1/40861] INFO  http.BaseHttpServer (BaseHttpServer.java:<init>(107)) - Hadoop Security Enabled: false Ozone Security Enabled: false Ozone HTTP Security Enabled: false 
2021-08-17 11:50:11,819 [Listener at 127.0.0.1/40861] INFO  server.AuthenticationFilter (AuthenticationFilter.java:constructSecretProvider(240)) - Unable to initialize FileSignerSecretProvider, falling back to use random secrets.
2021-08-17 11:50:11,849 [Listener at 127.0.0.1/40861] WARN  http.HttpRequestLog (HttpRequestLog.java:getRequestLog(103)) - Jetty request log can only be enabled using Log4j
2021-08-17 11:50:11,926 [Listener at 127.0.0.1/40861] INFO  http.HttpServer2 (HttpServer2.java:addGlobalFilter(1020)) - Added global filter 'safety' (class=org.apache.hadoop.hdds.server.http.HttpServer2$QuotingInputFilter)
2021-08-17 11:50:11,926 [Listener at 127.0.0.1/40861] INFO  http.HttpServer2 (HttpServer2.java:addFilter(996)) - Added filter static_user_filter (class=org.apache.hadoop.http.lib.StaticUserWebFilter$StaticUserFilter) to context hddsDatanode
2021-08-17 11:50:11,926 [Listener at 127.0.0.1/40861] INFO  http.HttpServer2 (HttpServer2.java:addFilter(1004)) - Added filter static_user_filter (class=org.apache.hadoop.http.lib.StaticUserWebFilter$StaticUserFilter) to context static
2021-08-17 11:50:11,926 [Listener at 127.0.0.1/40861] INFO  http.HttpServer2 (HttpServer2.java:addFilter(1004)) - Added filter static_user_filter (class=org.apache.hadoop.http.lib.StaticUserWebFilter$StaticUserFilter) to context logs
2021-08-17 11:50:11,927 [Listener at 127.0.0.1/40861] INFO  http.HttpServer2 (HttpServer2.java:bindListener(1239)) - Jetty bound to port 42597
2021-08-17 11:50:11,927 [Listener at 127.0.0.1/40861] INFO  server.Server (Server.java:doStart(375)) - jetty-9.4.43.v20210629; built: 2021-06-30T11:07:22.254Z; git: 526006ecfa3af7f1a27ef3a288e2bef7ea9dd7e8; jvm 1.8.0_292-b10
2021-08-17 11:50:12,074 [Listener at 127.0.0.1/40861] INFO  server.session (DefaultSessionIdManager.java:doStart(334)) - DefaultSessionIdManager workerName=node0
2021-08-17 11:50:12,074 [Listener at 127.0.0.1/40861] INFO  server.session (DefaultSessionIdManager.java:doStart(339)) - No SessionScavenger set, using defaults
2021-08-17 11:50:12,074 [Listener at 127.0.0.1/40861] INFO  server.session (HouseKeeper.java:startScavenging(132)) - node0 Scavenging every 660000ms
2021-08-17 11:50:12,075 [Listener at 127.0.0.1/40861] INFO  handler.ContextHandler (ContextHandler.java:doStart(915)) - Started o.e.j.s.ServletContextHandler@6b1b9944{logs,/logs,file:///home/runner/work/ozone/ozone/hadoop-ozone/integration-test/target/log,AVAILABLE}
2021-08-17 11:50:12,075 [Listener at 127.0.0.1/40861] INFO  handler.ContextHandler (ContextHandler.java:doStart(915)) - Started o.e.j.s.ServletContextHandler@71003c4c{static,/static,jar:file:/home/runner/.m2/repository/org/apache/ozone/hdds-container-service/1.2.0-SNAPSHOT/hdds-container-service-1.2.0-SNAPSHOT.jar!/webapps/static,AVAILABLE}
2021-08-17 11:50:12,309 [Listener at 127.0.0.1/40861] INFO  handler.ContextHandler (ContextHandler.java:doStart(915)) - Started o.e.j.w.WebAppContext@4dd130ce{hddsDatanode,/,file:///tmp/jetty-0_0_0_0-42597-hdds-container-service-1_2_0-SNAPSHOT_jar-_-any-6843636569083344415/webapp/,AVAILABLE}{jar:file:/home/runner/.m2/repository/org/apache/ozone/hdds-container-service/1.2.0-SNAPSHOT/hdds-container-service-1.2.0-SNAPSHOT.jar!/webapps/hddsDatanode}
2021-08-17 11:50:12,331 [Listener at 127.0.0.1/40861] INFO  server.AbstractConnector (AbstractConnector.java:doStart(331)) - Started ServerConnector@a5bfd41{HTTP/1.1, (http/1.1)}{0.0.0.0:42597}
2021-08-17 11:50:12,331 [Listener at 127.0.0.1/40861] INFO  server.Server (Server.java:doStart(415)) - Started @232166ms
2021-08-17 11:50:12,331 [Listener at 127.0.0.1/40861] WARN  impl.MetricsSystemImpl (MetricsSystemImpl.java:register(279)) - Sink prometheus already exists!
2021-08-17 11:50:12,332 [Listener at 127.0.0.1/40861] INFO  http.BaseHttpServer (BaseHttpServer.java:updateConnectorAddress(329)) - HTTP server of hddsDatanode listening at http://0.0.0.0:42597
2021-08-17 11:50:12,332 [Listener at 127.0.0.1/40861] WARN  impl.MetricRegistriesImpl (MetricRegistriesImpl.java:addReporterRegistration(111)) - New reporters are added after registries were created. Some metrics will be missing from the reporter. Please add reporter before adding any new registry.
2021-08-17 11:50:12,332 [Listener at 127.0.0.1/40861] WARN  impl.MetricRegistriesImpl (MetricRegistriesImpl.java:addReporterRegistration(111)) - New reporters are added after registries were created. Some metrics will be missing from the reporter. Please add reporter before adding any new registry.
2021-08-17 11:50:12,332 [Listener at 127.0.0.1/40861] INFO  impl.MetricsSystemImpl (MetricsSystemImpl.java:init(158)) - HddsDatanode metrics system started (again)
2021-08-17 11:50:12,450 [Listener at 127.0.0.1/40861] INFO  ozone.HddsDatanodeService (HddsDatanodeService.java:start(234)) - HddsDatanodeService host:fv-az297-666.nmf1rxwemy4u5di1sxxf4ejcwb.jx.internal.cloudapp.net ip:10.1.0.37
2021-08-17 11:50:12,525 [org.apache.hadoop.util.JvmPauseMonitor$Monitor@c04d538] INFO  util.JvmPauseMonitor (JvmPauseMonitor.java:run(188)) - Starting JVM pause monitor
2021-08-17 11:50:12,526 [Datanode State Machine Task Thread - 0] INFO  datanode.InitDatanodeState (InitDatanodeState.java:persistContainerDatanodeDetails(145)) - DatanodeDetails is persisted to /home/runner/work/ozone/ozone/hadoop-ozone/integration-test/target/test-dir/MiniOzoneClusterImpl-a1e163cb-5647-48ea-b1dc-b51dce44f61a/datanode-2/meta/datanode.id
2021-08-17 11:50:12,541 [Listener at 127.0.0.1/40861] INFO  upgrade.AbstractLayoutVersionManager (AbstractLayoutVersionManager.java:init(70)) - Initializing Layout version manager with metadata layout = SCM_HA (version = 2), software layout = SCM_HA (version = 2)
2021-08-17 11:50:12,667 [EndpointStateMachine task thread for /0.0.0.0:35007 - 0 ] INFO  ozoneimpl.OzoneContainer (OzoneContainer.java:start(305)) - Attempting to start container services.
2021-08-17 11:50:12,667 [EndpointStateMachine task thread for /0.0.0.0:35007 - 0 ] INFO  ozoneimpl.OzoneContainer (OzoneContainer.java:startContainerScrub(250)) - Background container scanner has been disabled.
2021-08-17 11:50:12,668 [EndpointStateMachine task thread for /0.0.0.0:35007 - 0 ] INFO  replication.ReplicationServer (ReplicationServer.java:start(106)) - ReplicationServer is started using port 40345
2021-08-17 11:50:12,678 [EndpointStateMachine task thread for /0.0.0.0:35007 - 0 ] INFO  ratis.XceiverServerRatis (XceiverServerRatis.java:start(482)) - Starting XceiverServerRatis 2424882f-c429-4c69-9245-ccac92145c6c
2021-08-17 11:50:12,733 [EndpointStateMachine task thread for /0.0.0.0:35007 - 0 ] INFO  server.RaftServer (RaftServerProxy.java:lambda$start$5(374)) - 2424882f-c429-4c69-9245-ccac92145c6c: start RPC server
2021-08-17 11:50:12,777 [EndpointStateMachine task thread for /0.0.0.0:35007 - 0 ] INFO  server.GrpcService (GrpcService.java:startImpl(253)) - 2424882f-c429-4c69-9245-ccac92145c6c: GrpcService started, listening on 43989
2021-08-17 11:50:12,793 [EndpointStateMachine task thread for /0.0.0.0:35007 - 0 ] INFO  ratis.XceiverServerRatis (XceiverServerRatis.java:getRealPort(503)) - XceiverServerRatis 2424882f-c429-4c69-9245-ccac92145c6c is started using port 43989 for RATIS
2021-08-17 11:50:12,793 [EndpointStateMachine task thread for /0.0.0.0:35007 - 0 ] INFO  ratis.XceiverServerRatis (XceiverServerRatis.java:getRealPort(503)) - XceiverServerRatis 2424882f-c429-4c69-9245-ccac92145c6c is started using port 43989 for RATIS_ADMIN
2021-08-17 11:50:12,793 [EndpointStateMachine task thread for /0.0.0.0:35007 - 0 ] INFO  ratis.XceiverServerRatis (XceiverServerRatis.java:getRealPort(503)) - XceiverServerRatis 2424882f-c429-4c69-9245-ccac92145c6c is started using port 43989 for RATIS_SERVER
2021-08-17 11:50:12,797 [EndpointStateMachine task thread for /0.0.0.0:35007 - 0 ] INFO  server.XceiverServerGrpc (XceiverServerGrpc.java:start(135)) - XceiverServerGrpc 2424882f-c429-4c69-9245-ccac92145c6c is started using port 32969
2021-08-17 11:50:12,816 [org.apache.ratis.util.JvmPauseMonitor$$Lambda$531/89905617@69708002] INFO  util.JvmPauseMonitor (JvmPauseMonitor.java:run(103)) - JvmPauseMonitor-2424882f-c429-4c69-9245-ccac92145c6c: Started
2021-08-17 11:50:12,994 [Listener at 127.0.0.1/40861] INFO  reflections.Reflections (Reflections.java:scan(232)) - Reflections took 451 ms to scan 7 urls, producing 120 keys and 275 values 
2021-08-17 11:50:13,008 [Listener at 127.0.0.1/40861] INFO  volume.HddsVolume (HddsVolume.java:<init>(120)) - Creating HddsVolume: /home/runner/work/ozone/ozone/hadoop-ozone/integration-test/target/test-dir/MiniOzoneClusterImpl-a1e163cb-5647-48ea-b1dc-b51dce44f61a/datanode-3/data-0/containers/hdds of storage type : DISK capacity : 9223372036854775807
2021-08-17 11:50:13,008 [Listener at 127.0.0.1/40861] INFO  volume.MutableVolumeSet (MutableVolumeSet.java:initializeVolumeSet(181)) - Added Volume : /home/runner/work/ozone/ozone/hadoop-ozone/integration-test/target/test-dir/MiniOzoneClusterImpl-a1e163cb-5647-48ea-b1dc-b51dce44f61a/datanode-3/data-0/containers/hdds to VolumeSet
2021-08-17 11:50:13,009 [Listener at 127.0.0.1/40861] INFO  volume.ThrottledAsyncChecker (ThrottledAsyncChecker.java:schedule(141)) - Scheduling a check for /home/runner/work/ozone/ozone/hadoop-ozone/integration-test/target/test-dir/MiniOzoneClusterImpl-a1e163cb-5647-48ea-b1dc-b51dce44f61a/datanode-3/data-0/containers/hdds
2021-08-17 11:50:13,039 [Listener at 127.0.0.1/40861] INFO  volume.StorageVolumeChecker (StorageVolumeChecker.java:checkAllVolumes(202)) - Scheduled health check for volume /home/runner/work/ozone/ozone/hadoop-ozone/integration-test/target/test-dir/MiniOzoneClusterImpl-a1e163cb-5647-48ea-b1dc-b51dce44f61a/datanode-3/data-0/containers/hdds
2021-08-17 11:50:13,057 [Listener at 127.0.0.1/40861] INFO  volume.MutableVolumeSet (MutableVolumeSet.java:initializeVolumeSet(181)) - Added Volume : /home/runner/work/ozone/ozone/hadoop-ozone/integration-test/target/test-dir/MiniOzoneClusterImpl-a1e163cb-5647-48ea-b1dc-b51dce44f61a/datanode-3/data/ratis to VolumeSet
2021-08-17 11:50:13,089 [Listener at 127.0.0.1/40861] INFO  volume.ThrottledAsyncChecker (ThrottledAsyncChecker.java:schedule(141)) - Scheduling a check for /home/runner/work/ozone/ozone/hadoop-ozone/integration-test/target/test-dir/MiniOzoneClusterImpl-a1e163cb-5647-48ea-b1dc-b51dce44f61a/datanode-3/data/ratis
2021-08-17 11:50:13,089 [Listener at 127.0.0.1/40861] INFO  volume.StorageVolumeChecker (StorageVolumeChecker.java:checkAllVolumes(202)) - Scheduled health check for volume /home/runner/work/ozone/ozone/hadoop-ozone/integration-test/target/test-dir/MiniOzoneClusterImpl-a1e163cb-5647-48ea-b1dc-b51dce44f61a/datanode-3/data/ratis
2021-08-17 11:50:13,117 [Listener at 127.0.0.1/40861] INFO  ozoneimpl.ContainerReader (ContainerReader.java:<init>(98)) - Running in upgrade mode:true
2021-08-17 11:50:13,117 [Thread-1691] INFO  ozoneimpl.ContainerReader (ContainerReader.java:readVolume(142)) - Start to verify containers on volume /home/runner/work/ozone/ozone/hadoop-ozone/integration-test/target/test-dir/MiniOzoneClusterImpl-a1e163cb-5647-48ea-b1dc-b51dce44f61a/datanode-3/data-0/containers/hdds
2021-08-17 11:50:13,117 [Thread-1691] INFO  ozoneimpl.ContainerReader (ContainerReader.java:readVolume(174)) - Finish verifying containers on volume /home/runner/work/ozone/ozone/hadoop-ozone/integration-test/target/test-dir/MiniOzoneClusterImpl-a1e163cb-5647-48ea-b1dc-b51dce44f61a/datanode-3/data-0/containers/hdds
2021-08-17 11:50:13,117 [Listener at 127.0.0.1/40861] INFO  ozoneimpl.OzoneContainer (OzoneContainer.java:buildContainerSet(237)) - Build ContainerSet costs 0s
2021-08-17 11:50:13,118 [Listener at 127.0.0.1/40861] INFO  server.RaftServer (ConfUtils.java:logGet(44)) - raft.rpc.type = GRPC (default)
2021-08-17 11:50:13,119 [Listener at 127.0.0.1/40861] INFO  grpc.GrpcFactory (GrpcFactory.java:checkPooledByteBufAllocatorUseCacheForAllThreads(48)) - PERFORMANCE WARNING: useCacheForAllThreads is true that may cause Netty to create a lot garbage objects and, as a result, trigger GC.
	It is recommended to disable useCacheForAllThreads by setting -Dorg.apache.ratis.thirdparty.io.netty.allocator.useCacheForAllThreads=false in command line.
2021-08-17 11:50:13,119 [Listener at 127.0.0.1/40861] INFO  grpc.GrpcConfigKeys (ConfUtils.java:logGet(44)) - raft.grpc.admin.port = 0 (custom)
2021-08-17 11:50:13,119 [Listener at 127.0.0.1/40861] INFO  grpc.GrpcConfigKeys (ConfUtils.java:logGet(44)) - raft.grpc.client.port = 0 (custom)
2021-08-17 11:50:13,119 [Listener at 127.0.0.1/40861] INFO  grpc.GrpcConfigKeys (ConfUtils.java:logGet(44)) - raft.grpc.server.port = 0 (default)
2021-08-17 11:50:13,119 [Listener at 127.0.0.1/40861] INFO  server.GrpcService (ConfUtils.java:logGet(44)) - raft.grpc.message.size.max = 32MB (=33554432) (custom)
2021-08-17 11:50:13,119 [Listener at 127.0.0.1/40861] INFO  server.RaftServerConfigKeys (ConfUtils.java:logGet(44)) - raft.server.log.appender.buffer.byte-limit = 33554432 (custom)
2021-08-17 11:50:13,119 [Listener at 127.0.0.1/40861] INFO  server.GrpcService (ConfUtils.java:logGet(44)) - raft.grpc.flow.control.window = 5MB (=5242880) (custom)
2021-08-17 11:50:13,119 [Listener at 127.0.0.1/40861] INFO  server.RaftServerConfigKeys (ConfUtils.java:logGet(44)) - raft.server.rpc.request.timeout = 3000ms (default)
2021-08-17 11:50:13,120 [Listener at 127.0.0.1/40861] INFO  impl.DataStreamServerImpl (ConfUtils.java:logGet(44)) - raft.datastream.type = DISABLED (default)
2021-08-17 11:50:13,120 [Listener at 127.0.0.1/40861] INFO  server.RaftServerConfigKeys (ConfUtils.java:logGet(44)) - raft.server.rpc.slowness.timeout = 300000ms (custom)
2021-08-17 11:50:13,120 [Listener at 127.0.0.1/40861] INFO  server.RaftServerConfigKeys (ConfUtils.java:logGet(44)) - raft.server.leaderelection.leader.step-down.wait-time = 10s (default)
2021-08-17 11:50:13,121 [Listener at 127.0.0.1/40861] INFO  server.RaftServerConfigKeys (ConfUtils.java:logGet(44)) - raft.server.storage.dir = [/home/runner/work/ozone/ozone/hadoop-ozone/integration-test/target/test-dir/MiniOzoneClusterImpl-a1e163cb-5647-48ea-b1dc-b51dce44f61a/datanode-3/data/ratis] (custom)
2021-08-17 11:50:13,123 [Listener at 127.0.0.1/40861] INFO  http.BaseHttpServer (BaseHttpServer.java:newHttpServer2BuilderForOzone(209)) - Starting Web-server for hddsDatanode at: http://0.0.0.0:0
2021-08-17 11:50:13,123 [Listener at 127.0.0.1/40861] INFO  http.BaseHttpServer (BaseHttpServer.java:<init>(107)) - Hadoop Security Enabled: false Ozone Security Enabled: false Ozone HTTP Security Enabled: false 
2021-08-17 11:50:13,124 [Listener at 127.0.0.1/40861] INFO  server.AuthenticationFilter (AuthenticationFilter.java:constructSecretProvider(240)) - Unable to initialize FileSignerSecretProvider, falling back to use random secrets.
2021-08-17 11:50:13,124 [Listener at 127.0.0.1/40861] WARN  http.HttpRequestLog (HttpRequestLog.java:getRequestLog(103)) - Jetty request log can only be enabled using Log4j
2021-08-17 11:50:13,125 [Listener at 127.0.0.1/40861] INFO  http.HttpServer2 (HttpServer2.java:addGlobalFilter(1020)) - Added global filter 'safety' (class=org.apache.hadoop.hdds.server.http.HttpServer2$QuotingInputFilter)
2021-08-17 11:50:13,126 [Listener at 127.0.0.1/40861] INFO  http.HttpServer2 (HttpServer2.java:addFilter(996)) - Added filter static_user_filter (class=org.apache.hadoop.http.lib.StaticUserWebFilter$StaticUserFilter) to context hddsDatanode
2021-08-17 11:50:13,126 [Listener at 127.0.0.1/40861] INFO  http.HttpServer2 (HttpServer2.java:addFilter(1004)) - Added filter static_user_filter (class=org.apache.hadoop.http.lib.StaticUserWebFilter$StaticUserFilter) to context static
2021-08-17 11:50:13,126 [Listener at 127.0.0.1/40861] INFO  http.HttpServer2 (HttpServer2.java:addFilter(1004)) - Added filter static_user_filter (class=org.apache.hadoop.http.lib.StaticUserWebFilter$StaticUserFilter) to context logs
2021-08-17 11:50:13,126 [Listener at 127.0.0.1/40861] INFO  http.HttpServer2 (HttpServer2.java:bindListener(1239)) - Jetty bound to port 35673
2021-08-17 11:50:13,126 [Listener at 127.0.0.1/40861] INFO  server.Server (Server.java:doStart(375)) - jetty-9.4.43.v20210629; built: 2021-06-30T11:07:22.254Z; git: 526006ecfa3af7f1a27ef3a288e2bef7ea9dd7e8; jvm 1.8.0_292-b10
2021-08-17 11:50:13,127 [Listener at 127.0.0.1/40861] INFO  server.session (DefaultSessionIdManager.java:doStart(334)) - DefaultSessionIdManager workerName=node0
2021-08-17 11:50:13,128 [Listener at 127.0.0.1/40861] INFO  server.session (DefaultSessionIdManager.java:doStart(339)) - No SessionScavenger set, using defaults
2021-08-17 11:50:13,128 [Listener at 127.0.0.1/40861] INFO  server.session (HouseKeeper.java:startScavenging(132)) - node0 Scavenging every 660000ms
2021-08-17 11:50:13,128 [Listener at 127.0.0.1/40861] INFO  handler.ContextHandler (ContextHandler.java:doStart(915)) - Started o.e.j.s.ServletContextHandler@4328f175{logs,/logs,file:///home/runner/work/ozone/ozone/hadoop-ozone/integration-test/target/log,AVAILABLE}
2021-08-17 11:50:13,128 [Listener at 127.0.0.1/40861] INFO  handler.ContextHandler (ContextHandler.java:doStart(915)) - Started o.e.j.s.ServletContextHandler@1a1e8045{static,/static,jar:file:/home/runner/.m2/repository/org/apache/ozone/hdds-container-service/1.2.0-SNAPSHOT/hdds-container-service-1.2.0-SNAPSHOT.jar!/webapps/static,AVAILABLE}
2021-08-17 11:50:13,270 [Listener at 127.0.0.1/40861] INFO  handler.ContextHandler (ContextHandler.java:doStart(915)) - Started o.e.j.w.WebAppContext@3ddeaf41{hddsDatanode,/,file:///tmp/jetty-0_0_0_0-35673-hdds-container-service-1_2_0-SNAPSHOT_jar-_-any-6875125730660003066/webapp/,AVAILABLE}{jar:file:/home/runner/.m2/repository/org/apache/ozone/hdds-container-service/1.2.0-SNAPSHOT/hdds-container-service-1.2.0-SNAPSHOT.jar!/webapps/hddsDatanode}
2021-08-17 11:50:13,353 [Listener at 127.0.0.1/40861] INFO  server.AbstractConnector (AbstractConnector.java:doStart(331)) - Started ServerConnector@3ca91e4f{HTTP/1.1, (http/1.1)}{0.0.0.0:35673}
2021-08-17 11:50:13,353 [Listener at 127.0.0.1/40861] INFO  server.Server (Server.java:doStart(415)) - Started @233188ms
2021-08-17 11:50:13,353 [Listener at 127.0.0.1/40861] WARN  impl.MetricsSystemImpl (MetricsSystemImpl.java:register(279)) - Sink prometheus already exists!
2021-08-17 11:50:13,354 [Listener at 127.0.0.1/40861] INFO  http.BaseHttpServer (BaseHttpServer.java:updateConnectorAddress(329)) - HTTP server of hddsDatanode listening at http://0.0.0.0:35673
2021-08-17 11:50:13,389 [Listener at 127.0.0.1/40861] WARN  impl.MetricRegistriesImpl (MetricRegistriesImpl.java:addReporterRegistration(111)) - New reporters are added after registries were created. Some metrics will be missing from the reporter. Please add reporter before adding any new registry.
2021-08-17 11:50:13,389 [Listener at 127.0.0.1/40861] WARN  impl.MetricRegistriesImpl (MetricRegistriesImpl.java:addReporterRegistration(111)) - New reporters are added after registries were created. Some metrics will be missing from the reporter. Please add reporter before adding any new registry.
2021-08-17 11:50:13,389 [Listener at 127.0.0.1/40861] INFO  impl.MetricsSystemImpl (MetricsSystemImpl.java:init(158)) - HddsDatanode metrics system started (again)
2021-08-17 11:50:13,425 [org.apache.hadoop.util.JvmPauseMonitor$Monitor@31cb955] INFO  util.JvmPauseMonitor (JvmPauseMonitor.java:run(188)) - Starting JVM pause monitor
2021-08-17 11:50:13,473 [Listener at 127.0.0.1/40861] INFO  ozone.HddsDatanodeService (HddsDatanodeService.java:start(234)) - HddsDatanodeService host:fv-az297-666.nmf1rxwemy4u5di1sxxf4ejcwb.jx.internal.cloudapp.net ip:10.1.0.37
2021-08-17 11:50:13,474 [Datanode State Machine Task Thread - 0] INFO  datanode.InitDatanodeState (InitDatanodeState.java:persistContainerDatanodeDetails(145)) - DatanodeDetails is persisted to /home/runner/work/ozone/ozone/hadoop-ozone/integration-test/target/test-dir/MiniOzoneClusterImpl-a1e163cb-5647-48ea-b1dc-b51dce44f61a/datanode-3/meta/datanode.id
2021-08-17 11:50:13,475 [EndpointStateMachine task thread for /0.0.0.0:35007 - 0 ] INFO  ozoneimpl.OzoneContainer (OzoneContainer.java:start(305)) - Attempting to start container services.
2021-08-17 11:50:13,475 [EndpointStateMachine task thread for /0.0.0.0:35007 - 0 ] INFO  ozoneimpl.OzoneContainer (OzoneContainer.java:startContainerScrub(250)) - Background container scanner has been disabled.
2021-08-17 11:50:13,486 [EndpointStateMachine task thread for /0.0.0.0:35007 - 0 ] INFO  replication.ReplicationServer (ReplicationServer.java:start(106)) - ReplicationServer is started using port 44975
2021-08-17 11:50:13,494 [EndpointStateMachine task thread for /0.0.0.0:35007 - 0 ] INFO  ratis.XceiverServerRatis (XceiverServerRatis.java:start(482)) - Starting XceiverServerRatis e2fcfc86-2f0c-4267-bafe-682e5fd2fca7
2021-08-17 11:50:13,499 [Listener at 127.0.0.1/40861] INFO  upgrade.AbstractLayoutVersionManager (AbstractLayoutVersionManager.java:init(70)) - Initializing Layout version manager with metadata layout = SCM_HA (version = 2), software layout = SCM_HA (version = 2)
2021-08-17 11:50:13,536 [Listener at 127.0.0.1/40861] INFO  reflections.Reflections (Reflections.java:scan(232)) - Reflections took 36 ms to scan 7 urls, producing 120 keys and 275 values 
2021-08-17 11:50:13,537 [EndpointStateMachine task thread for /0.0.0.0:35007 - 0 ] INFO  server.RaftServer (RaftServerProxy.java:lambda$start$5(374)) - e2fcfc86-2f0c-4267-bafe-682e5fd2fca7: start RPC server
2021-08-17 11:50:13,550 [Listener at 127.0.0.1/40861] INFO  volume.HddsVolume (HddsVolume.java:<init>(120)) - Creating HddsVolume: /home/runner/work/ozone/ozone/hadoop-ozone/integration-test/target/test-dir/MiniOzoneClusterImpl-a1e163cb-5647-48ea-b1dc-b51dce44f61a/datanode-4/data-0/containers/hdds of storage type : DISK capacity : 9223372036854775807
2021-08-17 11:50:13,550 [Listener at 127.0.0.1/40861] INFO  volume.MutableVolumeSet (MutableVolumeSet.java:initializeVolumeSet(181)) - Added Volume : /home/runner/work/ozone/ozone/hadoop-ozone/integration-test/target/test-dir/MiniOzoneClusterImpl-a1e163cb-5647-48ea-b1dc-b51dce44f61a/datanode-4/data-0/containers/hdds to VolumeSet
2021-08-17 11:50:13,551 [Listener at 127.0.0.1/40861] INFO  volume.ThrottledAsyncChecker (ThrottledAsyncChecker.java:schedule(141)) - Scheduling a check for /home/runner/work/ozone/ozone/hadoop-ozone/integration-test/target/test-dir/MiniOzoneClusterImpl-a1e163cb-5647-48ea-b1dc-b51dce44f61a/datanode-4/data-0/containers/hdds
2021-08-17 11:50:13,551 [Listener at 127.0.0.1/40861] INFO  volume.StorageVolumeChecker (StorageVolumeChecker.java:checkAllVolumes(202)) - Scheduled health check for volume /home/runner/work/ozone/ozone/hadoop-ozone/integration-test/target/test-dir/MiniOzoneClusterImpl-a1e163cb-5647-48ea-b1dc-b51dce44f61a/datanode-4/data-0/containers/hdds
2021-08-17 11:50:13,557 [EndpointStateMachine task thread for /0.0.0.0:35007 - 0 ] INFO  server.GrpcService (GrpcService.java:startImpl(253)) - e2fcfc86-2f0c-4267-bafe-682e5fd2fca7: GrpcService started, listening on 43155
2021-08-17 11:50:13,578 [EndpointStateMachine task thread for /0.0.0.0:35007 - 0 ] INFO  ratis.XceiverServerRatis (XceiverServerRatis.java:getRealPort(503)) - XceiverServerRatis e2fcfc86-2f0c-4267-bafe-682e5fd2fca7 is started using port 43155 for RATIS
2021-08-17 11:50:13,578 [EndpointStateMachine task thread for /0.0.0.0:35007 - 0 ] INFO  ratis.XceiverServerRatis (XceiverServerRatis.java:getRealPort(503)) - XceiverServerRatis e2fcfc86-2f0c-4267-bafe-682e5fd2fca7 is started using port 43155 for RATIS_ADMIN
2021-08-17 11:50:13,578 [EndpointStateMachine task thread for /0.0.0.0:35007 - 0 ] INFO  ratis.XceiverServerRatis (XceiverServerRatis.java:getRealPort(503)) - XceiverServerRatis e2fcfc86-2f0c-4267-bafe-682e5fd2fca7 is started using port 43155 for RATIS_SERVER
2021-08-17 11:50:13,579 [EndpointStateMachine task thread for /0.0.0.0:35007 - 0 ] INFO  server.XceiverServerGrpc (XceiverServerGrpc.java:start(135)) - XceiverServerGrpc e2fcfc86-2f0c-4267-bafe-682e5fd2fca7 is started using port 34739
2021-08-17 11:50:13,625 [org.apache.ratis.util.JvmPauseMonitor$$Lambda$531/89905617@7de843e4] INFO  util.JvmPauseMonitor (JvmPauseMonitor.java:run(103)) - JvmPauseMonitor-e2fcfc86-2f0c-4267-bafe-682e5fd2fca7: Started
2021-08-17 11:50:13,635 [Listener at 127.0.0.1/40861] INFO  volume.MutableVolumeSet (MutableVolumeSet.java:initializeVolumeSet(181)) - Added Volume : /home/runner/work/ozone/ozone/hadoop-ozone/integration-test/target/test-dir/MiniOzoneClusterImpl-a1e163cb-5647-48ea-b1dc-b51dce44f61a/datanode-4/data/ratis to VolumeSet
2021-08-17 11:50:13,636 [Listener at 127.0.0.1/40861] INFO  volume.ThrottledAsyncChecker (ThrottledAsyncChecker.java:schedule(141)) - Scheduling a check for /home/runner/work/ozone/ozone/hadoop-ozone/integration-test/target/test-dir/MiniOzoneClusterImpl-a1e163cb-5647-48ea-b1dc-b51dce44f61a/datanode-4/data/ratis
2021-08-17 11:50:13,651 [Listener at 127.0.0.1/40861] INFO  volume.StorageVolumeChecker (StorageVolumeChecker.java:checkAllVolumes(202)) - Scheduled health check for volume /home/runner/work/ozone/ozone/hadoop-ozone/integration-test/target/test-dir/MiniOzoneClusterImpl-a1e163cb-5647-48ea-b1dc-b51dce44f61a/datanode-4/data/ratis
2021-08-17 11:50:13,694 [Listener at 127.0.0.1/40861] INFO  ozoneimpl.ContainerReader (ContainerReader.java:<init>(98)) - Running in upgrade mode:true
2021-08-17 11:50:13,695 [Thread-1706] INFO  ozoneimpl.ContainerReader (ContainerReader.java:readVolume(142)) - Start to verify containers on volume /home/runner/work/ozone/ozone/hadoop-ozone/integration-test/target/test-dir/MiniOzoneClusterImpl-a1e163cb-5647-48ea-b1dc-b51dce44f61a/datanode-4/data-0/containers/hdds
2021-08-17 11:50:13,695 [Thread-1706] INFO  ozoneimpl.ContainerReader (ContainerReader.java:readVolume(174)) - Finish verifying containers on volume /home/runner/work/ozone/ozone/hadoop-ozone/integration-test/target/test-dir/MiniOzoneClusterImpl-a1e163cb-5647-48ea-b1dc-b51dce44f61a/datanode-4/data-0/containers/hdds
2021-08-17 11:50:13,695 [Listener at 127.0.0.1/40861] INFO  ozoneimpl.OzoneContainer (OzoneContainer.java:buildContainerSet(237)) - Build ContainerSet costs 0s
2021-08-17 11:50:13,696 [Listener at 127.0.0.1/40861] INFO  server.RaftServer (ConfUtils.java:logGet(44)) - raft.rpc.type = GRPC (default)
2021-08-17 11:50:13,696 [Listener at 127.0.0.1/40861] INFO  grpc.GrpcFactory (GrpcFactory.java:checkPooledByteBufAllocatorUseCacheForAllThreads(48)) - PERFORMANCE WARNING: useCacheForAllThreads is true that may cause Netty to create a lot garbage objects and, as a result, trigger GC.
	It is recommended to disable useCacheForAllThreads by setting -Dorg.apache.ratis.thirdparty.io.netty.allocator.useCacheForAllThreads=false in command line.
2021-08-17 11:50:13,696 [Listener at 127.0.0.1/40861] INFO  grpc.GrpcConfigKeys (ConfUtils.java:logGet(44)) - raft.grpc.admin.port = 0 (custom)
2021-08-17 11:50:13,697 [Listener at 127.0.0.1/40861] INFO  grpc.GrpcConfigKeys (ConfUtils.java:logGet(44)) - raft.grpc.client.port = 0 (custom)
2021-08-17 11:50:13,697 [Listener at 127.0.0.1/40861] INFO  grpc.GrpcConfigKeys (ConfUtils.java:logGet(44)) - raft.grpc.server.port = 0 (default)
2021-08-17 11:50:13,697 [Listener at 127.0.0.1/40861] INFO  server.GrpcService (ConfUtils.java:logGet(44)) - raft.grpc.message.size.max = 32MB (=33554432) (custom)
2021-08-17 11:50:13,697 [Listener at 127.0.0.1/40861] INFO  server.RaftServerConfigKeys (ConfUtils.java:logGet(44)) - raft.server.log.appender.buffer.byte-limit = 33554432 (custom)
2021-08-17 11:50:13,697 [Listener at 127.0.0.1/40861] INFO  server.GrpcService (ConfUtils.java:logGet(44)) - raft.grpc.flow.control.window = 5MB (=5242880) (custom)
2021-08-17 11:50:13,697 [Listener at 127.0.0.1/40861] INFO  server.RaftServerConfigKeys (ConfUtils.java:logGet(44)) - raft.server.rpc.request.timeout = 3000ms (default)
2021-08-17 11:50:13,698 [Listener at 127.0.0.1/40861] INFO  impl.DataStreamServerImpl (ConfUtils.java:logGet(44)) - raft.datastream.type = DISABLED (default)
2021-08-17 11:50:13,698 [Listener at 127.0.0.1/40861] INFO  server.RaftServerConfigKeys (ConfUtils.java:logGet(44)) - raft.server.rpc.slowness.timeout = 300000ms (custom)
2021-08-17 11:50:13,698 [Listener at 127.0.0.1/40861] INFO  server.RaftServerConfigKeys (ConfUtils.java:logGet(44)) - raft.server.leaderelection.leader.step-down.wait-time = 10s (default)
2021-08-17 11:50:13,698 [Listener at 127.0.0.1/40861] INFO  server.RaftServerConfigKeys (ConfUtils.java:logGet(44)) - raft.server.storage.dir = [/home/runner/work/ozone/ozone/hadoop-ozone/integration-test/target/test-dir/MiniOzoneClusterImpl-a1e163cb-5647-48ea-b1dc-b51dce44f61a/datanode-4/data/ratis] (custom)
2021-08-17 11:50:13,707 [Listener at 127.0.0.1/40861] INFO  http.BaseHttpServer (BaseHttpServer.java:newHttpServer2BuilderForOzone(209)) - Starting Web-server for hddsDatanode at: http://0.0.0.0:0
2021-08-17 11:50:13,707 [Listener at 127.0.0.1/40861] INFO  http.BaseHttpServer (BaseHttpServer.java:<init>(107)) - Hadoop Security Enabled: false Ozone Security Enabled: false Ozone HTTP Security Enabled: false 
2021-08-17 11:50:13,725 [Listener at 127.0.0.1/40861] INFO  server.AuthenticationFilter (AuthenticationFilter.java:constructSecretProvider(240)) - Unable to initialize FileSignerSecretProvider, falling back to use random secrets.
2021-08-17 11:50:13,749 [Listener at 127.0.0.1/40861] WARN  http.HttpRequestLog (HttpRequestLog.java:getRequestLog(103)) - Jetty request log can only be enabled using Log4j
2021-08-17 11:50:13,750 [Listener at 127.0.0.1/40861] INFO  http.HttpServer2 (HttpServer2.java:addGlobalFilter(1020)) - Added global filter 'safety' (class=org.apache.hadoop.hdds.server.http.HttpServer2$QuotingInputFilter)
2021-08-17 11:50:13,750 [Listener at 127.0.0.1/40861] INFO  http.HttpServer2 (HttpServer2.java:addFilter(996)) - Added filter static_user_filter (class=org.apache.hadoop.http.lib.StaticUserWebFilter$StaticUserFilter) to context hddsDatanode
2021-08-17 11:50:13,750 [Listener at 127.0.0.1/40861] INFO  http.HttpServer2 (HttpServer2.java:addFilter(1004)) - Added filter static_user_filter (class=org.apache.hadoop.http.lib.StaticUserWebFilter$StaticUserFilter) to context static
2021-08-17 11:50:13,769 [Listener at 127.0.0.1/40861] INFO  http.HttpServer2 (HttpServer2.java:addFilter(1004)) - Added filter static_user_filter (class=org.apache.hadoop.http.lib.StaticUserWebFilter$StaticUserFilter) to context logs
2021-08-17 11:50:13,769 [Listener at 127.0.0.1/40861] INFO  http.HttpServer2 (HttpServer2.java:bindListener(1239)) - Jetty bound to port 39247
2021-08-17 11:50:13,770 [Listener at 127.0.0.1/40861] INFO  server.Server (Server.java:doStart(375)) - jetty-9.4.43.v20210629; built: 2021-06-30T11:07:22.254Z; git: 526006ecfa3af7f1a27ef3a288e2bef7ea9dd7e8; jvm 1.8.0_292-b10
2021-08-17 11:50:13,827 [Listener at 127.0.0.1/40861] INFO  server.session (DefaultSessionIdManager.java:doStart(334)) - DefaultSessionIdManager workerName=node0
2021-08-17 11:50:13,827 [Listener at 127.0.0.1/40861] INFO  server.session (DefaultSessionIdManager.java:doStart(339)) - No SessionScavenger set, using defaults
2021-08-17 11:50:13,827 [Listener at 127.0.0.1/40861] INFO  server.session (HouseKeeper.java:startScavenging(132)) - node0 Scavenging every 600000ms
2021-08-17 11:50:13,828 [Listener at 127.0.0.1/40861] INFO  handler.ContextHandler (ContextHandler.java:doStart(915)) - Started o.e.j.s.ServletContextHandler@4c504f6b{logs,/logs,file:///home/runner/work/ozone/ozone/hadoop-ozone/integration-test/target/log,AVAILABLE}
2021-08-17 11:50:13,828 [Listener at 127.0.0.1/40861] INFO  handler.ContextHandler (ContextHandler.java:doStart(915)) - Started o.e.j.s.ServletContextHandler@e6d9ad4{static,/static,jar:file:/home/runner/.m2/repository/org/apache/ozone/hdds-container-service/1.2.0-SNAPSHOT/hdds-container-service-1.2.0-SNAPSHOT.jar!/webapps/static,AVAILABLE}
2021-08-17 11:50:13,982 [Listener at 127.0.0.1/40861] INFO  handler.ContextHandler (ContextHandler.java:doStart(915)) - Started o.e.j.w.WebAppContext@28a6ed65{hddsDatanode,/,file:///tmp/jetty-0_0_0_0-39247-hdds-container-service-1_2_0-SNAPSHOT_jar-_-any-61355591483792413/webapp/,AVAILABLE}{jar:file:/home/runner/.m2/repository/org/apache/ozone/hdds-container-service/1.2.0-SNAPSHOT/hdds-container-service-1.2.0-SNAPSHOT.jar!/webapps/hddsDatanode}
2021-08-17 11:50:14,041 [Listener at 127.0.0.1/40861] INFO  server.AbstractConnector (AbstractConnector.java:doStart(331)) - Started ServerConnector@14d2aa2b{HTTP/1.1, (http/1.1)}{0.0.0.0:39247}
2021-08-17 11:50:14,041 [Listener at 127.0.0.1/40861] INFO  server.Server (Server.java:doStart(415)) - Started @233877ms
2021-08-17 11:50:14,041 [Listener at 127.0.0.1/40861] WARN  impl.MetricsSystemImpl (MetricsSystemImpl.java:register(279)) - Sink prometheus already exists!
2021-08-17 11:50:14,043 [Listener at 127.0.0.1/40861] INFO  http.BaseHttpServer (BaseHttpServer.java:updateConnectorAddress(329)) - HTTP server of hddsDatanode listening at http://0.0.0.0:39247
2021-08-17 11:50:14,055 [Listener at 127.0.0.1/40861] WARN  impl.MetricRegistriesImpl (MetricRegistriesImpl.java:addReporterRegistration(111)) - New reporters are added after registries were created. Some metrics will be missing from the reporter. Please add reporter before adding any new registry.
2021-08-17 11:50:14,055 [Listener at 127.0.0.1/40861] WARN  impl.MetricRegistriesImpl (MetricRegistriesImpl.java:addReporterRegistration(111)) - New reporters are added after registries were created. Some metrics will be missing from the reporter. Please add reporter before adding any new registry.
2021-08-17 11:50:14,055 [Listener at 127.0.0.1/40861] INFO  impl.MetricsSystemImpl (MetricsSystemImpl.java:init(158)) - HddsDatanode metrics system started (again)
2021-08-17 11:50:14,121 [org.apache.hadoop.util.JvmPauseMonitor$Monitor@42a25630] INFO  util.JvmPauseMonitor (JvmPauseMonitor.java:run(188)) - Starting JVM pause monitor
2021-08-17 11:50:14,165 [Datanode State Machine Task Thread - 0] INFO  datanode.InitDatanodeState (InitDatanodeState.java:persistContainerDatanodeDetails(145)) - DatanodeDetails is persisted to /home/runner/work/ozone/ozone/hadoop-ozone/integration-test/target/test-dir/MiniOzoneClusterImpl-a1e163cb-5647-48ea-b1dc-b51dce44f61a/datanode-4/meta/datanode.id
2021-08-17 11:50:14,166 [Listener at 127.0.0.1/40861] INFO  ozone.HddsDatanodeService (HddsDatanodeService.java:start(234)) - HddsDatanodeService host:fv-az297-666.nmf1rxwemy4u5di1sxxf4ejcwb.jx.internal.cloudapp.net ip:10.1.0.37
2021-08-17 11:50:14,245 [Listener at 127.0.0.1/40861] INFO  upgrade.AbstractLayoutVersionManager (AbstractLayoutVersionManager.java:init(70)) - Initializing Layout version manager with metadata layout = SCM_HA (version = 2), software layout = SCM_HA (version = 2)
2021-08-17 11:50:14,404 [Listener at 127.0.0.1/40861] INFO  reflections.Reflections (Reflections.java:scan(232)) - Reflections took 158 ms to scan 7 urls, producing 120 keys and 275 values 
2021-08-17 11:50:14,469 [Listener at 127.0.0.1/40861] INFO  volume.HddsVolume (HddsVolume.java:<init>(120)) - Creating HddsVolume: /home/runner/work/ozone/ozone/hadoop-ozone/integration-test/target/test-dir/MiniOzoneClusterImpl-a1e163cb-5647-48ea-b1dc-b51dce44f61a/datanode-5/data-0/containers/hdds of storage type : DISK capacity : 9223372036854775807
2021-08-17 11:50:14,470 [Listener at 127.0.0.1/40861] INFO  volume.MutableVolumeSet (MutableVolumeSet.java:initializeVolumeSet(181)) - Added Volume : /home/runner/work/ozone/ozone/hadoop-ozone/integration-test/target/test-dir/MiniOzoneClusterImpl-a1e163cb-5647-48ea-b1dc-b51dce44f61a/datanode-5/data-0/containers/hdds to VolumeSet
2021-08-17 11:50:14,470 [Listener at 127.0.0.1/40861] INFO  volume.ThrottledAsyncChecker (ThrottledAsyncChecker.java:schedule(141)) - Scheduling a check for /home/runner/work/ozone/ozone/hadoop-ozone/integration-test/target/test-dir/MiniOzoneClusterImpl-a1e163cb-5647-48ea-b1dc-b51dce44f61a/datanode-5/data-0/containers/hdds
2021-08-17 11:50:14,471 [Listener at 127.0.0.1/40861] INFO  volume.StorageVolumeChecker (StorageVolumeChecker.java:checkAllVolumes(202)) - Scheduled health check for volume /home/runner/work/ozone/ozone/hadoop-ozone/integration-test/target/test-dir/MiniOzoneClusterImpl-a1e163cb-5647-48ea-b1dc-b51dce44f61a/datanode-5/data-0/containers/hdds
2021-08-17 11:50:14,505 [Listener at 127.0.0.1/40861] INFO  volume.MutableVolumeSet (MutableVolumeSet.java:initializeVolumeSet(181)) - Added Volume : /home/runner/work/ozone/ozone/hadoop-ozone/integration-test/target/test-dir/MiniOzoneClusterImpl-a1e163cb-5647-48ea-b1dc-b51dce44f61a/datanode-5/data/ratis to VolumeSet
2021-08-17 11:50:14,509 [Listener at 127.0.0.1/40861] INFO  volume.ThrottledAsyncChecker (ThrottledAsyncChecker.java:schedule(141)) - Scheduling a check for /home/runner/work/ozone/ozone/hadoop-ozone/integration-test/target/test-dir/MiniOzoneClusterImpl-a1e163cb-5647-48ea-b1dc-b51dce44f61a/datanode-5/data/ratis
2021-08-17 11:50:14,509 [Listener at 127.0.0.1/40861] INFO  volume.StorageVolumeChecker (StorageVolumeChecker.java:checkAllVolumes(202)) - Scheduled health check for volume /home/runner/work/ozone/ozone/hadoop-ozone/integration-test/target/test-dir/MiniOzoneClusterImpl-a1e163cb-5647-48ea-b1dc-b51dce44f61a/datanode-5/data/ratis
2021-08-17 11:50:14,514 [IPC Server handler 1 on default port 35007] INFO  net.NetworkTopologyImpl (NetworkTopologyImpl.java:add(112)) - Added a new node: /default-rack/2424882f-c429-4c69-9245-ccac92145c6c
2021-08-17 11:50:14,514 [IPC Server handler 1 on default port 35007] INFO  node.SCMNodeManager (SCMNodeManager.java:register(390)) - Registered Data node : 2424882f-c429-4c69-9245-ccac92145c6c{ip: 10.1.0.37, host: fv-az297-666.nmf1rxwemy4u5di1sxxf4ejcwb.jx.internal.cloudapp.net, ports: [REPLICATION=40345, RATIS=43989, RATIS_ADMIN=43989, RATIS_SERVER=43989, STANDALONE=32969], networkLocation: /default-rack, certSerialId: null, persistedOpState: null, persistedOpStateExpiryEpochSec: 0}
2021-08-17 11:50:14,545 [Listener at 127.0.0.1/40861] INFO  ozoneimpl.ContainerReader (ContainerReader.java:<init>(98)) - Running in upgrade mode:true
2021-08-17 11:50:14,578 [Thread-1719] INFO  ozoneimpl.ContainerReader (ContainerReader.java:readVolume(142)) - Start to verify containers on volume /home/runner/work/ozone/ozone/hadoop-ozone/integration-test/target/test-dir/MiniOzoneClusterImpl-a1e163cb-5647-48ea-b1dc-b51dce44f61a/datanode-5/data-0/containers/hdds
2021-08-17 11:50:14,578 [Thread-1719] INFO  ozoneimpl.ContainerReader (ContainerReader.java:readVolume(174)) - Finish verifying containers on volume /home/runner/work/ozone/ozone/hadoop-ozone/integration-test/target/test-dir/MiniOzoneClusterImpl-a1e163cb-5647-48ea-b1dc-b51dce44f61a/datanode-5/data-0/containers/hdds
2021-08-17 11:50:14,578 [Listener at 127.0.0.1/40861] INFO  ozoneimpl.OzoneContainer (OzoneContainer.java:buildContainerSet(237)) - Build ContainerSet costs 0s
2021-08-17 11:50:14,579 [Listener at 127.0.0.1/40861] INFO  server.RaftServer (ConfUtils.java:logGet(44)) - raft.rpc.type = GRPC (default)
2021-08-17 11:50:14,579 [Listener at 127.0.0.1/40861] INFO  grpc.GrpcFactory (GrpcFactory.java:checkPooledByteBufAllocatorUseCacheForAllThreads(48)) - PERFORMANCE WARNING: useCacheForAllThreads is true that may cause Netty to create a lot garbage objects and, as a result, trigger GC.
	It is recommended to disable useCacheForAllThreads by setting -Dorg.apache.ratis.thirdparty.io.netty.allocator.useCacheForAllThreads=false in command line.
2021-08-17 11:50:14,579 [Listener at 127.0.0.1/40861] INFO  grpc.GrpcConfigKeys (ConfUtils.java:logGet(44)) - raft.grpc.admin.port = 0 (custom)
2021-08-17 11:50:14,580 [Listener at 127.0.0.1/40861] INFO  grpc.GrpcConfigKeys (ConfUtils.java:logGet(44)) - raft.grpc.client.port = 0 (custom)
2021-08-17 11:50:14,580 [Listener at 127.0.0.1/40861] INFO  grpc.GrpcConfigKeys (ConfUtils.java:logGet(44)) - raft.grpc.server.port = 0 (default)
2021-08-17 11:50:14,580 [Listener at 127.0.0.1/40861] INFO  server.GrpcService (ConfUtils.java:logGet(44)) - raft.grpc.message.size.max = 32MB (=33554432) (custom)
2021-08-17 11:50:14,580 [Listener at 127.0.0.1/40861] INFO  server.RaftServerConfigKeys (ConfUtils.java:logGet(44)) - raft.server.log.appender.buffer.byte-limit = 33554432 (custom)
2021-08-17 11:50:14,580 [Listener at 127.0.0.1/40861] INFO  server.GrpcService (ConfUtils.java:logGet(44)) - raft.grpc.flow.control.window = 5MB (=5242880) (custom)
2021-08-17 11:50:14,580 [Listener at 127.0.0.1/40861] INFO  server.RaftServerConfigKeys (ConfUtils.java:logGet(44)) - raft.server.rpc.request.timeout = 3000ms (default)
2021-08-17 11:50:14,581 [Listener at 127.0.0.1/40861] INFO  impl.DataStreamServerImpl (ConfUtils.java:logGet(44)) - raft.datastream.type = DISABLED (default)
2021-08-17 11:50:14,582 [Listener at 127.0.0.1/40861] INFO  server.RaftServerConfigKeys (ConfUtils.java:logGet(44)) - raft.server.rpc.slowness.timeout = 300000ms (custom)
2021-08-17 11:50:14,582 [Listener at 127.0.0.1/40861] INFO  server.RaftServerConfigKeys (ConfUtils.java:logGet(44)) - raft.server.leaderelection.leader.step-down.wait-time = 10s (default)
2021-08-17 11:50:14,582 [Listener at 127.0.0.1/40861] INFO  server.RaftServerConfigKeys (ConfUtils.java:logGet(44)) - raft.server.storage.dir = [/home/runner/work/ozone/ozone/hadoop-ozone/integration-test/target/test-dir/MiniOzoneClusterImpl-a1e163cb-5647-48ea-b1dc-b51dce44f61a/datanode-5/data/ratis] (custom)
2021-08-17 11:50:14,584 [EventQueue-NodeRegistrationContainerReportForContainerSafeModeRule] INFO  safemode.SCMSafeModeManager (SCMSafeModeManager.java:validateSafeModeExitRules(204)) - ContainerSafeModeRule rule is successfully validated
2021-08-17 11:50:14,584 [EventQueue-NodeRegistrationContainerReportForDataNodeSafeModeRule] INFO  safemode.SCMSafeModeManager (DataNodeSafeModeRule.java:process(71)) - SCM in safe mode. 1 DataNodes registered, 3 required.
2021-08-17 11:50:14,589 [Listener at 127.0.0.1/40861] INFO  http.BaseHttpServer (BaseHttpServer.java:newHttpServer2BuilderForOzone(209)) - Starting Web-server for hddsDatanode at: http://0.0.0.0:0
2021-08-17 11:50:14,589 [Listener at 127.0.0.1/40861] INFO  http.BaseHttpServer (BaseHttpServer.java:<init>(107)) - Hadoop Security Enabled: false Ozone Security Enabled: false Ozone HTTP Security Enabled: false 
2021-08-17 11:50:14,590 [Listener at 127.0.0.1/40861] INFO  server.AuthenticationFilter (AuthenticationFilter.java:constructSecretProvider(240)) - Unable to initialize FileSignerSecretProvider, falling back to use random secrets.
2021-08-17 11:50:14,591 [Listener at 127.0.0.1/40861] WARN  http.HttpRequestLog (HttpRequestLog.java:getRequestLog(103)) - Jetty request log can only be enabled using Log4j
2021-08-17 11:50:14,591 [Listener at 127.0.0.1/40861] INFO  http.HttpServer2 (HttpServer2.java:addGlobalFilter(1020)) - Added global filter 'safety' (class=org.apache.hadoop.hdds.server.http.HttpServer2$QuotingInputFilter)
2021-08-17 11:50:14,592 [Listener at 127.0.0.1/40861] INFO  http.HttpServer2 (HttpServer2.java:addFilter(996)) - Added filter static_user_filter (class=org.apache.hadoop.http.lib.StaticUserWebFilter$StaticUserFilter) to context hddsDatanode
2021-08-17 11:50:14,592 [Listener at 127.0.0.1/40861] INFO  http.HttpServer2 (HttpServer2.java:addFilter(1004)) - Added filter static_user_filter (class=org.apache.hadoop.http.lib.StaticUserWebFilter$StaticUserFilter) to context static
2021-08-17 11:50:14,592 [Listener at 127.0.0.1/40861] INFO  http.HttpServer2 (HttpServer2.java:addFilter(1004)) - Added filter static_user_filter (class=org.apache.hadoop.http.lib.StaticUserWebFilter$StaticUserFilter) to context logs
2021-08-17 11:50:14,592 [Listener at 127.0.0.1/40861] INFO  http.HttpServer2 (HttpServer2.java:bindListener(1239)) - Jetty bound to port 40605
2021-08-17 11:50:14,592 [Listener at 127.0.0.1/40861] INFO  server.Server (Server.java:doStart(375)) - jetty-9.4.43.v20210629; built: 2021-06-30T11:07:22.254Z; git: 526006ecfa3af7f1a27ef3a288e2bef7ea9dd7e8; jvm 1.8.0_292-b10
2021-08-17 11:50:14,594 [Listener at 127.0.0.1/40861] INFO  server.session (DefaultSessionIdManager.java:doStart(334)) - DefaultSessionIdManager workerName=node0
2021-08-17 11:50:14,594 [Listener at 127.0.0.1/40861] INFO  server.session (DefaultSessionIdManager.java:doStart(339)) - No SessionScavenger set, using defaults
2021-08-17 11:50:14,594 [Listener at 127.0.0.1/40861] INFO  server.session (HouseKeeper.java:startScavenging(132)) - node0 Scavenging every 660000ms
2021-08-17 11:50:14,594 [Listener at 127.0.0.1/40861] INFO  handler.ContextHandler (ContextHandler.java:doStart(915)) - Started o.e.j.s.ServletContextHandler@6d200ba9{logs,/logs,file:///home/runner/work/ozone/ozone/hadoop-ozone/integration-test/target/log,AVAILABLE}
2021-08-17 11:50:14,595 [Listener at 127.0.0.1/40861] INFO  handler.ContextHandler (ContextHandler.java:doStart(915)) - Started o.e.j.s.ServletContextHandler@38922fa1{static,/static,jar:file:/home/runner/.m2/repository/org/apache/ozone/hdds-container-service/1.2.0-SNAPSHOT/hdds-container-service-1.2.0-SNAPSHOT.jar!/webapps/static,AVAILABLE}
2021-08-17 11:50:14,602 [EventQueue-NewNodeForNewNodeHandler] INFO  pipeline.BackgroundPipelineCreator (BackgroundPipelineCreatorV2.java:notifyEventTriggered(285)) - trigger a one-shot run on RatisPipelineUtilsThread.
2021-08-17 11:50:14,603 [RatisPipelineUtilsThread - 0] INFO  pipeline.RatisPipelineProvider (RatisPipelineProvider.java:lambda$create$0(183)) - Sending CreatePipelineCommand for pipeline:PipelineID=e324f8df-0123-4e05-8025-2d76b840bce6 to datanode:2424882f-c429-4c69-9245-ccac92145c6c
2021-08-17 11:50:14,604 [EventQueue-PipelineReportForOneReplicaPipelineSafeModeRule] INFO  safemode.SCMSafeModeManager (SCMSafeModeManager.java:validateSafeModeExitRules(204)) - AtleastOneDatanodeReportedRule rule is successfully validated
2021-08-17 11:50:14,604 [RatisPipelineUtilsThread - 0] INFO  pipeline.PipelineStateManager (PipelineStateManagerV2Impl.java:addPipeline(101)) - Created pipeline Pipeline[ Id: e324f8df-0123-4e05-8025-2d76b840bce6, Nodes: 2424882f-c429-4c69-9245-ccac92145c6c{ip: 10.1.0.37, host: fv-az297-666.nmf1rxwemy4u5di1sxxf4ejcwb.jx.internal.cloudapp.net, ports: [REPLICATION=40345, RATIS=43989, RATIS_ADMIN=43989, RATIS_SERVER=43989, STANDALONE=32969], networkLocation: /default-rack, certSerialId: null, persistedOpState: IN_SERVICE, persistedOpStateExpiryEpochSec: 0}, ReplicationConfig: RATIS/ONE, State:ALLOCATED, leaderId:, CreationTimestamp2021-08-17T11:50:14.603Z[Etc/UTC]].
2021-08-17 11:50:14,664 [EndpointStateMachine task thread for /0.0.0.0:35007 - 0 ] INFO  ozoneimpl.OzoneContainer (OzoneContainer.java:start(305)) - Attempting to start container services.
2021-08-17 11:50:14,664 [EndpointStateMachine task thread for /0.0.0.0:35007 - 0 ] INFO  ozoneimpl.OzoneContainer (OzoneContainer.java:startContainerScrub(250)) - Background container scanner has been disabled.
2021-08-17 11:50:14,665 [EndpointStateMachine task thread for /0.0.0.0:35007 - 0 ] INFO  replication.ReplicationServer (ReplicationServer.java:start(106)) - ReplicationServer is started using port 33409
2021-08-17 11:50:14,673 [EndpointStateMachine task thread for /0.0.0.0:35007 - 0 ] INFO  ratis.XceiverServerRatis (XceiverServerRatis.java:start(482)) - Starting XceiverServerRatis 0bf441c2-8cd8-4ced-8476-22eca18377b1
2021-08-17 11:50:14,693 [EndpointStateMachine task thread for /0.0.0.0:35007 - 0 ] INFO  server.RaftServer (RaftServerProxy.java:lambda$start$5(374)) - 0bf441c2-8cd8-4ced-8476-22eca18377b1: start RPC server
2021-08-17 11:50:14,744 [EndpointStateMachine task thread for /0.0.0.0:35007 - 0 ] INFO  server.GrpcService (GrpcService.java:startImpl(253)) - 0bf441c2-8cd8-4ced-8476-22eca18377b1: GrpcService started, listening on 38591
2021-08-17 11:50:14,781 [EndpointStateMachine task thread for /0.0.0.0:35007 - 0 ] INFO  ratis.XceiverServerRatis (XceiverServerRatis.java:getRealPort(503)) - XceiverServerRatis 0bf441c2-8cd8-4ced-8476-22eca18377b1 is started using port 38591 for RATIS
2021-08-17 11:50:14,781 [EndpointStateMachine task thread for /0.0.0.0:35007 - 0 ] INFO  ratis.XceiverServerRatis (XceiverServerRatis.java:getRealPort(503)) - XceiverServerRatis 0bf441c2-8cd8-4ced-8476-22eca18377b1 is started using port 38591 for RATIS_ADMIN
2021-08-17 11:50:14,781 [EndpointStateMachine task thread for /0.0.0.0:35007 - 0 ] INFO  ratis.XceiverServerRatis (XceiverServerRatis.java:getRealPort(503)) - XceiverServerRatis 0bf441c2-8cd8-4ced-8476-22eca18377b1 is started using port 38591 for RATIS_SERVER
2021-08-17 11:50:14,781 [EndpointStateMachine task thread for /0.0.0.0:35007 - 0 ] INFO  server.XceiverServerGrpc (XceiverServerGrpc.java:start(135)) - XceiverServerGrpc 0bf441c2-8cd8-4ced-8476-22eca18377b1 is started using port 39879
2021-08-17 11:50:14,878 [org.apache.ratis.util.JvmPauseMonitor$$Lambda$531/89905617@49785364] INFO  util.JvmPauseMonitor (JvmPauseMonitor.java:run(103)) - JvmPauseMonitor-0bf441c2-8cd8-4ced-8476-22eca18377b1: Started
2021-08-17 11:50:15,026 [Listener at 127.0.0.1/40861] INFO  handler.ContextHandler (ContextHandler.java:doStart(915)) - Started o.e.j.w.WebAppContext@3cf8fc1c{hddsDatanode,/,file:///tmp/jetty-0_0_0_0-40605-hdds-container-service-1_2_0-SNAPSHOT_jar-_-any-6638063674439278492/webapp/,AVAILABLE}{jar:file:/home/runner/.m2/repository/org/apache/ozone/hdds-container-service/1.2.0-SNAPSHOT/hdds-container-service-1.2.0-SNAPSHOT.jar!/webapps/hddsDatanode}
2021-08-17 11:50:15,090 [Listener at 127.0.0.1/40861] INFO  server.AbstractConnector (AbstractConnector.java:doStart(331)) - Started ServerConnector@113ebc60{HTTP/1.1, (http/1.1)}{0.0.0.0:40605}
2021-08-17 11:50:15,091 [Listener at 127.0.0.1/40861] INFO  server.Server (Server.java:doStart(415)) - Started @234926ms
2021-08-17 11:50:15,091 [Listener at 127.0.0.1/40861] WARN  impl.MetricsSystemImpl (MetricsSystemImpl.java:register(279)) - Sink prometheus already exists!
2021-08-17 11:50:15,091 [Listener at 127.0.0.1/40861] INFO  http.BaseHttpServer (BaseHttpServer.java:updateConnectorAddress(329)) - HTTP server of hddsDatanode listening at http://0.0.0.0:40605
2021-08-17 11:50:15,097 [Listener at 127.0.0.1/40861] WARN  impl.MetricRegistriesImpl (MetricRegistriesImpl.java:addReporterRegistration(111)) - New reporters are added after registries were created. Some metrics will be missing from the reporter. Please add reporter before adding any new registry.
2021-08-17 11:50:15,097 [Listener at 127.0.0.1/40861] WARN  impl.MetricRegistriesImpl (MetricRegistriesImpl.java:addReporterRegistration(111)) - New reporters are added after registries were created. Some metrics will be missing from the reporter. Please add reporter before adding any new registry.
2021-08-17 11:50:15,097 [Listener at 127.0.0.1/40861] INFO  impl.MetricsSystemImpl (MetricsSystemImpl.java:init(158)) - HddsDatanode metrics system started (again)
2021-08-17 11:50:15,211 [Listener at 127.0.0.1/40861] INFO  ozone.HddsDatanodeService (HddsDatanodeService.java:start(234)) - HddsDatanodeService host:fv-az297-666.nmf1rxwemy4u5di1sxxf4ejcwb.jx.internal.cloudapp.net ip:10.1.0.37
2021-08-17 11:50:15,333 [IPC Server handler 0 on default port 35007] INFO  net.NetworkTopologyImpl (NetworkTopologyImpl.java:add(112)) - Added a new node: /default-rack/e2fcfc86-2f0c-4267-bafe-682e5fd2fca7
2021-08-17 11:50:15,333 [IPC Server handler 0 on default port 35007] INFO  node.SCMNodeManager (SCMNodeManager.java:register(390)) - Registered Data node : e2fcfc86-2f0c-4267-bafe-682e5fd2fca7{ip: 10.1.0.37, host: fv-az297-666.nmf1rxwemy4u5di1sxxf4ejcwb.jx.internal.cloudapp.net, ports: [REPLICATION=44975, RATIS=43155, RATIS_ADMIN=43155, RATIS_SERVER=43155, STANDALONE=34739], networkLocation: /default-rack, certSerialId: null, persistedOpState: null, persistedOpStateExpiryEpochSec: 0}
2021-08-17 11:50:15,349 [EventQueue-NewNodeForNewNodeHandler] INFO  pipeline.BackgroundPipelineCreator (BackgroundPipelineCreatorV2.java:notifyEventTriggered(285)) - trigger a one-shot run on RatisPipelineUtilsThread.
2021-08-17 11:50:15,349 [org.apache.hadoop.util.JvmPauseMonitor$Monitor@4f6053d7] INFO  util.JvmPauseMonitor (JvmPauseMonitor.java:run(188)) - Starting JVM pause monitor
2021-08-17 11:50:15,350 [Datanode State Machine Task Thread - 0] INFO  datanode.InitDatanodeState (InitDatanodeState.java:persistContainerDatanodeDetails(145)) - DatanodeDetails is persisted to /home/runner/work/ozone/ozone/hadoop-ozone/integration-test/target/test-dir/MiniOzoneClusterImpl-a1e163cb-5647-48ea-b1dc-b51dce44f61a/datanode-5/meta/datanode.id
2021-08-17 11:50:15,350 [RatisPipelineUtilsThread - 0] INFO  pipeline.RatisPipelineProvider (RatisPipelineProvider.java:lambda$create$0(183)) - Sending CreatePipelineCommand for pipeline:PipelineID=bb9a7bf4-234c-4ebf-870c-547b605a4635 to datanode:e2fcfc86-2f0c-4267-bafe-682e5fd2fca7
2021-08-17 11:50:15,351 [RatisPipelineUtilsThread - 0] INFO  pipeline.PipelineStateManager (PipelineStateManagerV2Impl.java:addPipeline(101)) - Created pipeline Pipeline[ Id: bb9a7bf4-234c-4ebf-870c-547b605a4635, Nodes: e2fcfc86-2f0c-4267-bafe-682e5fd2fca7{ip: 10.1.0.37, host: fv-az297-666.nmf1rxwemy4u5di1sxxf4ejcwb.jx.internal.cloudapp.net, ports: [REPLICATION=44975, RATIS=43155, RATIS_ADMIN=43155, RATIS_SERVER=43155, STANDALONE=34739], networkLocation: /default-rack, certSerialId: null, persistedOpState: IN_SERVICE, persistedOpStateExpiryEpochSec: 0}, ReplicationConfig: RATIS/ONE, State:ALLOCATED, leaderId:, CreationTimestamp2021-08-17T11:50:15.350Z[Etc/UTC]].
2021-08-17 11:50:15,352 [EventQueue-NodeRegistrationContainerReportForDataNodeSafeModeRule] INFO  safemode.SCMSafeModeManager (DataNodeSafeModeRule.java:process(71)) - SCM in safe mode. 2 DataNodes registered, 3 required.
2021-08-17 11:50:15,401 [Listener at 127.0.0.1/40861] INFO  upgrade.AbstractLayoutVersionManager (AbstractLayoutVersionManager.java:init(70)) - Initializing Layout version manager with metadata layout = SCM_HA (version = 2), software layout = SCM_HA (version = 2)
2021-08-17 11:50:15,473 [EndpointStateMachine task thread for /0.0.0.0:35007 - 0 ] INFO  ozoneimpl.OzoneContainer (OzoneContainer.java:start(305)) - Attempting to start container services.
2021-08-17 11:50:15,473 [EndpointStateMachine task thread for /0.0.0.0:35007 - 0 ] INFO  ozoneimpl.OzoneContainer (OzoneContainer.java:startContainerScrub(250)) - Background container scanner has been disabled.
2021-08-17 11:50:15,484 [EndpointStateMachine task thread for /0.0.0.0:35007 - 0 ] INFO  replication.ReplicationServer (ReplicationServer.java:start(106)) - ReplicationServer is started using port 38091
2021-08-17 11:50:15,509 [EndpointStateMachine task thread for /0.0.0.0:35007 - 0 ] INFO  ratis.XceiverServerRatis (XceiverServerRatis.java:start(482)) - Starting XceiverServerRatis c0cb38e9-ad72-45c7-87a7-238cd12f7624
2021-08-17 11:50:15,563 [EndpointStateMachine task thread for /0.0.0.0:35007 - 0 ] INFO  server.RaftServer (RaftServerProxy.java:lambda$start$5(374)) - c0cb38e9-ad72-45c7-87a7-238cd12f7624: start RPC server
2021-08-17 11:50:15,566 [EndpointStateMachine task thread for /0.0.0.0:35007 - 0 ] INFO  server.GrpcService (GrpcService.java:startImpl(253)) - c0cb38e9-ad72-45c7-87a7-238cd12f7624: GrpcService started, listening on 45031
2021-08-17 11:50:15,583 [Listener at 127.0.0.1/40861] INFO  reflections.Reflections (Reflections.java:scan(232)) - Reflections took 179 ms to scan 7 urls, producing 120 keys and 275 values 
2021-08-17 11:50:15,586 [EndpointStateMachine task thread for /0.0.0.0:35007 - 0 ] INFO  ratis.XceiverServerRatis (XceiverServerRatis.java:getRealPort(503)) - XceiverServerRatis c0cb38e9-ad72-45c7-87a7-238cd12f7624 is started using port 45031 for RATIS
2021-08-17 11:50:15,587 [EndpointStateMachine task thread for /0.0.0.0:35007 - 0 ] INFO  ratis.XceiverServerRatis (XceiverServerRatis.java:getRealPort(503)) - XceiverServerRatis c0cb38e9-ad72-45c7-87a7-238cd12f7624 is started using port 45031 for RATIS_ADMIN
2021-08-17 11:50:15,587 [EndpointStateMachine task thread for /0.0.0.0:35007 - 0 ] INFO  ratis.XceiverServerRatis (XceiverServerRatis.java:getRealPort(503)) - XceiverServerRatis c0cb38e9-ad72-45c7-87a7-238cd12f7624 is started using port 45031 for RATIS_SERVER
2021-08-17 11:50:15,587 [EndpointStateMachine task thread for /0.0.0.0:35007 - 0 ] INFO  server.XceiverServerGrpc (XceiverServerGrpc.java:start(135)) - XceiverServerGrpc c0cb38e9-ad72-45c7-87a7-238cd12f7624 is started using port 42307
2021-08-17 11:50:15,593 [Listener at 127.0.0.1/40861] INFO  volume.HddsVolume (HddsVolume.java:<init>(120)) - Creating HddsVolume: /home/runner/work/ozone/ozone/hadoop-ozone/integration-test/target/test-dir/MiniOzoneClusterImpl-a1e163cb-5647-48ea-b1dc-b51dce44f61a/datanode-6/data-0/containers/hdds of storage type : DISK capacity : 9223372036854775807
2021-08-17 11:50:15,594 [Listener at 127.0.0.1/40861] INFO  volume.MutableVolumeSet (MutableVolumeSet.java:initializeVolumeSet(181)) - Added Volume : /home/runner/work/ozone/ozone/hadoop-ozone/integration-test/target/test-dir/MiniOzoneClusterImpl-a1e163cb-5647-48ea-b1dc-b51dce44f61a/datanode-6/data-0/containers/hdds to VolumeSet
2021-08-17 11:50:15,594 [Listener at 127.0.0.1/40861] INFO  volume.ThrottledAsyncChecker (ThrottledAsyncChecker.java:schedule(141)) - Scheduling a check for /home/runner/work/ozone/ozone/hadoop-ozone/integration-test/target/test-dir/MiniOzoneClusterImpl-a1e163cb-5647-48ea-b1dc-b51dce44f61a/datanode-6/data-0/containers/hdds
2021-08-17 11:50:15,605 [Listener at 127.0.0.1/40861] INFO  volume.StorageVolumeChecker (StorageVolumeChecker.java:checkAllVolumes(202)) - Scheduled health check for volume /home/runner/work/ozone/ozone/hadoop-ozone/integration-test/target/test-dir/MiniOzoneClusterImpl-a1e163cb-5647-48ea-b1dc-b51dce44f61a/datanode-6/data-0/containers/hdds
2021-08-17 11:50:15,653 [org.apache.ratis.util.JvmPauseMonitor$$Lambda$531/89905617@5c3a9c45] INFO  util.JvmPauseMonitor (JvmPauseMonitor.java:run(103)) - JvmPauseMonitor-c0cb38e9-ad72-45c7-87a7-238cd12f7624: Started
2021-08-17 11:50:15,706 [Listener at 127.0.0.1/40861] INFO  volume.MutableVolumeSet (MutableVolumeSet.java:initializeVolumeSet(181)) - Added Volume : /home/runner/work/ozone/ozone/hadoop-ozone/integration-test/target/test-dir/MiniOzoneClusterImpl-a1e163cb-5647-48ea-b1dc-b51dce44f61a/datanode-6/data/ratis to VolumeSet
2021-08-17 11:50:15,734 [Listener at 127.0.0.1/40861] INFO  volume.ThrottledAsyncChecker (ThrottledAsyncChecker.java:schedule(141)) - Scheduling a check for /home/runner/work/ozone/ozone/hadoop-ozone/integration-test/target/test-dir/MiniOzoneClusterImpl-a1e163cb-5647-48ea-b1dc-b51dce44f61a/datanode-6/data/ratis
2021-08-17 11:50:15,734 [Listener at 127.0.0.1/40861] INFO  volume.StorageVolumeChecker (StorageVolumeChecker.java:checkAllVolumes(202)) - Scheduled health check for volume /home/runner/work/ozone/ozone/hadoop-ozone/integration-test/target/test-dir/MiniOzoneClusterImpl-a1e163cb-5647-48ea-b1dc-b51dce44f61a/datanode-6/data/ratis
2021-08-17 11:50:15,765 [Listener at 127.0.0.1/40861] INFO  ozoneimpl.ContainerReader (ContainerReader.java:<init>(98)) - Running in upgrade mode:true
2021-08-17 11:50:15,797 [Thread-1744] INFO  ozoneimpl.ContainerReader (ContainerReader.java:readVolume(142)) - Start to verify containers on volume /home/runner/work/ozone/ozone/hadoop-ozone/integration-test/target/test-dir/MiniOzoneClusterImpl-a1e163cb-5647-48ea-b1dc-b51dce44f61a/datanode-6/data-0/containers/hdds
2021-08-17 11:50:15,797 [Thread-1744] INFO  ozoneimpl.ContainerReader (ContainerReader.java:readVolume(174)) - Finish verifying containers on volume /home/runner/work/ozone/ozone/hadoop-ozone/integration-test/target/test-dir/MiniOzoneClusterImpl-a1e163cb-5647-48ea-b1dc-b51dce44f61a/datanode-6/data-0/containers/hdds
2021-08-17 11:50:15,797 [Listener at 127.0.0.1/40861] INFO  ozoneimpl.OzoneContainer (OzoneContainer.java:buildContainerSet(237)) - Build ContainerSet costs 0s
2021-08-17 11:50:15,801 [Listener at 127.0.0.1/40861] INFO  server.RaftServer (ConfUtils.java:logGet(44)) - raft.rpc.type = GRPC (default)
2021-08-17 11:50:15,801 [Listener at 127.0.0.1/40861] INFO  grpc.GrpcFactory (GrpcFactory.java:checkPooledByteBufAllocatorUseCacheForAllThreads(48)) - PERFORMANCE WARNING: useCacheForAllThreads is true that may cause Netty to create a lot garbage objects and, as a result, trigger GC.
	It is recommended to disable useCacheForAllThreads by setting -Dorg.apache.ratis.thirdparty.io.netty.allocator.useCacheForAllThreads=false in command line.
2021-08-17 11:50:15,801 [Listener at 127.0.0.1/40861] INFO  grpc.GrpcConfigKeys (ConfUtils.java:logGet(44)) - raft.grpc.admin.port = 0 (custom)
2021-08-17 11:50:15,802 [Listener at 127.0.0.1/40861] INFO  grpc.GrpcConfigKeys (ConfUtils.java:logGet(44)) - raft.grpc.client.port = 0 (custom)
2021-08-17 11:50:15,802 [Listener at 127.0.0.1/40861] INFO  grpc.GrpcConfigKeys (ConfUtils.java:logGet(44)) - raft.grpc.server.port = 0 (default)
2021-08-17 11:50:15,802 [Listener at 127.0.0.1/40861] INFO  server.GrpcService (ConfUtils.java:logGet(44)) - raft.grpc.message.size.max = 32MB (=33554432) (custom)
2021-08-17 11:50:15,802 [Listener at 127.0.0.1/40861] INFO  server.RaftServerConfigKeys (ConfUtils.java:logGet(44)) - raft.server.log.appender.buffer.byte-limit = 33554432 (custom)
2021-08-17 11:50:15,802 [Listener at 127.0.0.1/40861] INFO  server.GrpcService (ConfUtils.java:logGet(44)) - raft.grpc.flow.control.window = 5MB (=5242880) (custom)
2021-08-17 11:50:15,802 [Listener at 127.0.0.1/40861] INFO  server.RaftServerConfigKeys (ConfUtils.java:logGet(44)) - raft.server.rpc.request.timeout = 3000ms (default)
2021-08-17 11:50:15,803 [Listener at 127.0.0.1/40861] INFO  impl.DataStreamServerImpl (ConfUtils.java:logGet(44)) - raft.datastream.type = DISABLED (default)
2021-08-17 11:50:15,803 [Listener at 127.0.0.1/40861] INFO  server.RaftServerConfigKeys (ConfUtils.java:logGet(44)) - raft.server.rpc.slowness.timeout = 300000ms (custom)
2021-08-17 11:50:15,803 [Listener at 127.0.0.1/40861] INFO  server.RaftServerConfigKeys (ConfUtils.java:logGet(44)) - raft.server.leaderelection.leader.step-down.wait-time = 10s (default)
2021-08-17 11:50:15,804 [Listener at 127.0.0.1/40861] INFO  server.RaftServerConfigKeys (ConfUtils.java:logGet(44)) - raft.server.storage.dir = [/home/runner/work/ozone/ozone/hadoop-ozone/integration-test/target/test-dir/MiniOzoneClusterImpl-a1e163cb-5647-48ea-b1dc-b51dce44f61a/datanode-6/data/ratis] (custom)
2021-08-17 11:50:15,809 [Listener at 127.0.0.1/40861] INFO  http.BaseHttpServer (BaseHttpServer.java:newHttpServer2BuilderForOzone(209)) - Starting Web-server for hddsDatanode at: http://0.0.0.0:0
2021-08-17 11:50:15,809 [Listener at 127.0.0.1/40861] INFO  http.BaseHttpServer (BaseHttpServer.java:<init>(107)) - Hadoop Security Enabled: false Ozone Security Enabled: false Ozone HTTP Security Enabled: false 
2021-08-17 11:50:15,817 [Listener at 127.0.0.1/40861] INFO  server.AuthenticationFilter (AuthenticationFilter.java:constructSecretProvider(240)) - Unable to initialize FileSignerSecretProvider, falling back to use random secrets.
2021-08-17 11:50:15,824 [Listener at 127.0.0.1/40861] WARN  http.HttpRequestLog (HttpRequestLog.java:getRequestLog(103)) - Jetty request log can only be enabled using Log4j
2021-08-17 11:50:15,825 [Listener at 127.0.0.1/40861] INFO  http.HttpServer2 (HttpServer2.java:addGlobalFilter(1020)) - Added global filter 'safety' (class=org.apache.hadoop.hdds.server.http.HttpServer2$QuotingInputFilter)
2021-08-17 11:50:15,825 [Listener at 127.0.0.1/40861] INFO  http.HttpServer2 (HttpServer2.java:addFilter(996)) - Added filter static_user_filter (class=org.apache.hadoop.http.lib.StaticUserWebFilter$StaticUserFilter) to context hddsDatanode
2021-08-17 11:50:15,825 [Listener at 127.0.0.1/40861] INFO  http.HttpServer2 (HttpServer2.java:addFilter(1004)) - Added filter static_user_filter (class=org.apache.hadoop.http.lib.StaticUserWebFilter$StaticUserFilter) to context logs
2021-08-17 11:50:15,825 [Listener at 127.0.0.1/40861] INFO  http.HttpServer2 (HttpServer2.java:addFilter(1004)) - Added filter static_user_filter (class=org.apache.hadoop.http.lib.StaticUserWebFilter$StaticUserFilter) to context static
2021-08-17 11:50:15,826 [Listener at 127.0.0.1/40861] INFO  http.HttpServer2 (HttpServer2.java:bindListener(1239)) - Jetty bound to port 40175
2021-08-17 11:50:15,826 [Listener at 127.0.0.1/40861] INFO  server.Server (Server.java:doStart(375)) - jetty-9.4.43.v20210629; built: 2021-06-30T11:07:22.254Z; git: 526006ecfa3af7f1a27ef3a288e2bef7ea9dd7e8; jvm 1.8.0_292-b10
2021-08-17 11:50:15,827 [Listener at 127.0.0.1/40861] INFO  server.session (DefaultSessionIdManager.java:doStart(334)) - DefaultSessionIdManager workerName=node0
2021-08-17 11:50:15,827 [Listener at 127.0.0.1/40861] INFO  server.session (DefaultSessionIdManager.java:doStart(339)) - No SessionScavenger set, using defaults
2021-08-17 11:50:15,830 [Listener at 127.0.0.1/40861] INFO  server.session (HouseKeeper.java:startScavenging(132)) - node0 Scavenging every 600000ms
2021-08-17 11:50:15,837 [Listener at 127.0.0.1/40861] INFO  handler.ContextHandler (ContextHandler.java:doStart(915)) - Started o.e.j.s.ServletContextHandler@38975904{logs,/logs,file:///home/runner/work/ozone/ozone/hadoop-ozone/integration-test/target/log,AVAILABLE}
2021-08-17 11:50:15,838 [Listener at 127.0.0.1/40861] INFO  handler.ContextHandler (ContextHandler.java:doStart(915)) - Started o.e.j.s.ServletContextHandler@4ba2fe{static,/static,jar:file:/home/runner/.m2/repository/org/apache/ozone/hdds-container-service/1.2.0-SNAPSHOT/hdds-container-service-1.2.0-SNAPSHOT.jar!/webapps/static,AVAILABLE}
2021-08-17 11:50:15,923 [Listener at 127.0.0.1/40861] INFO  handler.ContextHandler (ContextHandler.java:doStart(915)) - Started o.e.j.w.WebAppContext@196737a9{hddsDatanode,/,file:///tmp/jetty-0_0_0_0-40175-hdds-container-service-1_2_0-SNAPSHOT_jar-_-any-942575171379504395/webapp/,AVAILABLE}{jar:file:/home/runner/.m2/repository/org/apache/ozone/hdds-container-service/1.2.0-SNAPSHOT/hdds-container-service-1.2.0-SNAPSHOT.jar!/webapps/hddsDatanode}
2021-08-17 11:50:15,965 [Listener at 127.0.0.1/40861] INFO  server.AbstractConnector (AbstractConnector.java:doStart(331)) - Started ServerConnector@4838ccdd{HTTP/1.1, (http/1.1)}{0.0.0.0:40175}
2021-08-17 11:50:15,965 [Listener at 127.0.0.1/40861] INFO  server.Server (Server.java:doStart(415)) - Started @235800ms
2021-08-17 11:50:15,965 [Listener at 127.0.0.1/40861] WARN  impl.MetricsSystemImpl (MetricsSystemImpl.java:register(279)) - Sink prometheus already exists!
2021-08-17 11:50:15,990 [Listener at 127.0.0.1/40861] INFO  http.BaseHttpServer (BaseHttpServer.java:updateConnectorAddress(329)) - HTTP server of hddsDatanode listening at http://0.0.0.0:40175
2021-08-17 11:50:16,039 [Listener at 127.0.0.1/40861] WARN  impl.MetricRegistriesImpl (MetricRegistriesImpl.java:addReporterRegistration(111)) - New reporters are added after registries were created. Some metrics will be missing from the reporter. Please add reporter before adding any new registry.
2021-08-17 11:50:16,039 [Listener at 127.0.0.1/40861] WARN  impl.MetricRegistriesImpl (MetricRegistriesImpl.java:addReporterRegistration(111)) - New reporters are added after registries were created. Some metrics will be missing from the reporter. Please add reporter before adding any new registry.
2021-08-17 11:50:16,039 [Listener at 127.0.0.1/40861] INFO  impl.MetricsSystemImpl (MetricsSystemImpl.java:init(158)) - HddsDatanode metrics system started (again)
2021-08-17 11:50:16,052 [Listener at 127.0.0.1/40861] INFO  ozone.HddsDatanodeService (HddsDatanodeService.java:start(234)) - HddsDatanodeService host:fv-az297-666.nmf1rxwemy4u5di1sxxf4ejcwb.jx.internal.cloudapp.net ip:10.1.0.37
2021-08-17 11:50:16,082 [Datanode State Machine Task Thread - 0] INFO  datanode.InitDatanodeState (InitDatanodeState.java:persistContainerDatanodeDetails(145)) - DatanodeDetails is persisted to /home/runner/work/ozone/ozone/hadoop-ozone/integration-test/target/test-dir/MiniOzoneClusterImpl-a1e163cb-5647-48ea-b1dc-b51dce44f61a/datanode-6/meta/datanode.id
2021-08-17 11:50:16,069 [org.apache.hadoop.util.JvmPauseMonitor$Monitor@15a940a0] INFO  util.JvmPauseMonitor (JvmPauseMonitor.java:run(188)) - Starting JVM pause monitor
2021-08-17 11:50:16,211 [EndpointStateMachine task thread for /0.0.0.0:35007 - 0 ] INFO  ozoneimpl.OzoneContainer (OzoneContainer.java:start(305)) - Attempting to start container services.
2021-08-17 11:50:16,211 [EndpointStateMachine task thread for /0.0.0.0:35007 - 0 ] INFO  ozoneimpl.OzoneContainer (OzoneContainer.java:startContainerScrub(250)) - Background container scanner has been disabled.
2021-08-17 11:50:16,215 [EndpointStateMachine task thread for /0.0.0.0:35007 - 0 ] INFO  replication.ReplicationServer (ReplicationServer.java:start(106)) - ReplicationServer is started using port 37935
2021-08-17 11:50:16,224 [Listener at 127.0.0.1/40861] INFO  upgrade.AbstractLayoutVersionManager (AbstractLayoutVersionManager.java:init(70)) - Initializing Layout version manager with metadata layout = SCM_HA (version = 2), software layout = SCM_HA (version = 2)
2021-08-17 11:50:16,273 [EndpointStateMachine task thread for /0.0.0.0:35007 - 0 ] INFO  ratis.XceiverServerRatis (XceiverServerRatis.java:start(482)) - Starting XceiverServerRatis e067f3b0-4632-4f84-b71c-08c70f7756fb
2021-08-17 11:50:16,282 [EndpointStateMachine task thread for /0.0.0.0:35007 - 0 ] INFO  server.RaftServer (RaftServerProxy.java:lambda$start$5(374)) - e067f3b0-4632-4f84-b71c-08c70f7756fb: start RPC server
2021-08-17 11:50:16,282 [EndpointStateMachine task thread for /0.0.0.0:35007 - 0 ] INFO  server.GrpcService (GrpcService.java:startImpl(253)) - e067f3b0-4632-4f84-b71c-08c70f7756fb: GrpcService started, listening on 40437
2021-08-17 11:50:16,329 [EndpointStateMachine task thread for /0.0.0.0:35007 - 0 ] INFO  ratis.XceiverServerRatis (XceiverServerRatis.java:getRealPort(503)) - XceiverServerRatis e067f3b0-4632-4f84-b71c-08c70f7756fb is started using port 40437 for RATIS
2021-08-17 11:50:16,329 [EndpointStateMachine task thread for /0.0.0.0:35007 - 0 ] INFO  ratis.XceiverServerRatis (XceiverServerRatis.java:getRealPort(503)) - XceiverServerRatis e067f3b0-4632-4f84-b71c-08c70f7756fb is started using port 40437 for RATIS_ADMIN
2021-08-17 11:50:16,329 [org.apache.ratis.util.JvmPauseMonitor$$Lambda$531/89905617@304053a9] INFO  util.JvmPauseMonitor (JvmPauseMonitor.java:run(103)) - JvmPauseMonitor-e067f3b0-4632-4f84-b71c-08c70f7756fb: Started
2021-08-17 11:50:16,329 [EndpointStateMachine task thread for /0.0.0.0:35007 - 0 ] INFO  ratis.XceiverServerRatis (XceiverServerRatis.java:getRealPort(503)) - XceiverServerRatis e067f3b0-4632-4f84-b71c-08c70f7756fb is started using port 40437 for RATIS_SERVER
2021-08-17 11:50:16,333 [EndpointStateMachine task thread for /0.0.0.0:35007 - 0 ] INFO  server.XceiverServerGrpc (XceiverServerGrpc.java:start(135)) - XceiverServerGrpc e067f3b0-4632-4f84-b71c-08c70f7756fb is started using port 36089
2021-08-17 11:50:16,429 [Listener at 127.0.0.1/40861] INFO  reflections.Reflections (Reflections.java:scan(232)) - Reflections took 203 ms to scan 7 urls, producing 120 keys and 275 values 
2021-08-17 11:50:16,502 [Listener at 127.0.0.1/40861] INFO  volume.HddsVolume (HddsVolume.java:<init>(120)) - Creating HddsVolume: /home/runner/work/ozone/ozone/hadoop-ozone/integration-test/target/test-dir/MiniOzoneClusterImpl-a1e163cb-5647-48ea-b1dc-b51dce44f61a/datanode-7/data-0/containers/hdds of storage type : DISK capacity : 9223372036854775807
2021-08-17 11:50:16,502 [Listener at 127.0.0.1/40861] INFO  volume.MutableVolumeSet (MutableVolumeSet.java:initializeVolumeSet(181)) - Added Volume : /home/runner/work/ozone/ozone/hadoop-ozone/integration-test/target/test-dir/MiniOzoneClusterImpl-a1e163cb-5647-48ea-b1dc-b51dce44f61a/datanode-7/data-0/containers/hdds to VolumeSet
2021-08-17 11:50:16,502 [Listener at 127.0.0.1/40861] INFO  volume.ThrottledAsyncChecker (ThrottledAsyncChecker.java:schedule(141)) - Scheduling a check for /home/runner/work/ozone/ozone/hadoop-ozone/integration-test/target/test-dir/MiniOzoneClusterImpl-a1e163cb-5647-48ea-b1dc-b51dce44f61a/datanode-7/data-0/containers/hdds
2021-08-17 11:50:16,545 [Listener at 127.0.0.1/40861] INFO  volume.StorageVolumeChecker (StorageVolumeChecker.java:checkAllVolumes(202)) - Scheduled health check for volume /home/runner/work/ozone/ozone/hadoop-ozone/integration-test/target/test-dir/MiniOzoneClusterImpl-a1e163cb-5647-48ea-b1dc-b51dce44f61a/datanode-7/data-0/containers/hdds
2021-08-17 11:50:16,557 [IPC Server handler 2 on default port 35007] INFO  net.NetworkTopologyImpl (NetworkTopologyImpl.java:add(112)) - Added a new node: /default-rack/0bf441c2-8cd8-4ced-8476-22eca18377b1
2021-08-17 11:50:16,557 [IPC Server handler 2 on default port 35007] INFO  node.SCMNodeManager (SCMNodeManager.java:register(390)) - Registered Data node : 0bf441c2-8cd8-4ced-8476-22eca18377b1{ip: 10.1.0.37, host: fv-az297-666.nmf1rxwemy4u5di1sxxf4ejcwb.jx.internal.cloudapp.net, ports: [REPLICATION=33409, RATIS=38591, RATIS_ADMIN=38591, RATIS_SERVER=38591, STANDALONE=39879], networkLocation: /default-rack, certSerialId: null, persistedOpState: null, persistedOpStateExpiryEpochSec: 0}
2021-08-17 11:50:16,558 [EventQueue-NewNodeForNewNodeHandler] INFO  pipeline.BackgroundPipelineCreator (BackgroundPipelineCreatorV2.java:notifyEventTriggered(285)) - trigger a one-shot run on RatisPipelineUtilsThread.
2021-08-17 11:50:16,567 [RatisPipelineUtilsThread - 0] INFO  pipeline.RatisPipelineProvider (RatisPipelineProvider.java:lambda$create$0(183)) - Sending CreatePipelineCommand for pipeline:PipelineID=4d4933ef-3bd7-47e1-a36e-2fad8f0e4c38 to datanode:0bf441c2-8cd8-4ced-8476-22eca18377b1
2021-08-17 11:50:16,568 [RatisPipelineUtilsThread - 0] INFO  pipeline.PipelineStateManager (PipelineStateManagerV2Impl.java:addPipeline(101)) - Created pipeline Pipeline[ Id: 4d4933ef-3bd7-47e1-a36e-2fad8f0e4c38, Nodes: 0bf441c2-8cd8-4ced-8476-22eca18377b1{ip: 10.1.0.37, host: fv-az297-666.nmf1rxwemy4u5di1sxxf4ejcwb.jx.internal.cloudapp.net, ports: [REPLICATION=33409, RATIS=38591, RATIS_ADMIN=38591, RATIS_SERVER=38591, STANDALONE=39879], networkLocation: /default-rack, certSerialId: null, persistedOpState: IN_SERVICE, persistedOpStateExpiryEpochSec: 0}, ReplicationConfig: RATIS/ONE, State:ALLOCATED, leaderId:, CreationTimestamp2021-08-17T11:50:16.567Z[Etc/UTC]].
2021-08-17 11:50:16,568 [EventQueue-NodeRegistrationContainerReportForDataNodeSafeModeRule] INFO  safemode.SCMSafeModeManager (DataNodeSafeModeRule.java:process(71)) - SCM in safe mode. 3 DataNodes registered, 3 required.
2021-08-17 11:50:16,568 [EventQueue-NodeRegistrationContainerReportForDataNodeSafeModeRule] INFO  safemode.SCMSafeModeManager (SCMSafeModeManager.java:validateSafeModeExitRules(204)) - DataNodeSafeModeRule rule is successfully validated
2021-08-17 11:50:16,568 [EventQueue-NodeRegistrationContainerReportForDataNodeSafeModeRule] INFO  safemode.SCMSafeModeManager (SCMSafeModeManager.java:completePreCheck(233)) - All SCM safe mode pre check rules have passed
2021-08-17 11:50:16,568 [EventQueue-NodeRegistrationContainerReportForDataNodeSafeModeRule] WARN  events.EventQueue (EventQueue.java:fireEvent(194)) - No event handler registered for event TypedEvent{payloadType=SafeModeStatus, name='Safe mode status'}
2021-08-17 11:50:16,568 [EventQueue-NodeRegistrationContainerReportForDataNodeSafeModeRule] INFO  ha.SCMContext (SCMContext.java:updateSafeModeStatus(205)) - Update SafeModeStatus from SafeModeStatus{safeModeStatus=true, preCheckPassed=false} to SafeModeStatus{safeModeStatus=true, preCheckPassed=true}.
2021-08-17 11:50:16,568 [EventQueue-NodeRegistrationContainerReportForDataNodeSafeModeRule] INFO  pipeline.BackgroundPipelineCreator (BackgroundPipelineCreatorV2.java:notifyEventTriggered(285)) - trigger a one-shot run on RatisPipelineUtilsThread.
2021-08-17 11:50:16,569 [RatisPipelineUtilsThread - 0] INFO  pipeline.RatisPipelineProvider (RatisPipelineProvider.java:lambda$create$0(183)) - Sending CreatePipelineCommand for pipeline:PipelineID=119cf746-ef48-4aaf-bc65-6f6174e45e92 to datanode:e2fcfc86-2f0c-4267-bafe-682e5fd2fca7
2021-08-17 11:50:16,569 [RatisPipelineUtilsThread - 0] INFO  pipeline.RatisPipelineProvider (RatisPipelineProvider.java:lambda$create$0(183)) - Sending CreatePipelineCommand for pipeline:PipelineID=119cf746-ef48-4aaf-bc65-6f6174e45e92 to datanode:0bf441c2-8cd8-4ced-8476-22eca18377b1
2021-08-17 11:50:16,569 [RatisPipelineUtilsThread - 0] INFO  pipeline.RatisPipelineProvider (RatisPipelineProvider.java:lambda$create$0(183)) - Sending CreatePipelineCommand for pipeline:PipelineID=119cf746-ef48-4aaf-bc65-6f6174e45e92 to datanode:2424882f-c429-4c69-9245-ccac92145c6c
2021-08-17 11:50:16,569 [RatisPipelineUtilsThread - 0] INFO  pipeline.PipelineStateManager (PipelineStateManagerV2Impl.java:addPipeline(101)) - Created pipeline Pipeline[ Id: 119cf746-ef48-4aaf-bc65-6f6174e45e92, Nodes: e2fcfc86-2f0c-4267-bafe-682e5fd2fca7{ip: 10.1.0.37, host: fv-az297-666.nmf1rxwemy4u5di1sxxf4ejcwb.jx.internal.cloudapp.net, ports: [REPLICATION=44975, RATIS=43155, RATIS_ADMIN=43155, RATIS_SERVER=43155, STANDALONE=34739], networkLocation: /default-rack, certSerialId: null, persistedOpState: IN_SERVICE, persistedOpStateExpiryEpochSec: 0}0bf441c2-8cd8-4ced-8476-22eca18377b1{ip: 10.1.0.37, host: fv-az297-666.nmf1rxwemy4u5di1sxxf4ejcwb.jx.internal.cloudapp.net, ports: [REPLICATION=33409, RATIS=38591, RATIS_ADMIN=38591, RATIS_SERVER=38591, STANDALONE=39879], networkLocation: /default-rack, certSerialId: null, persistedOpState: IN_SERVICE, persistedOpStateExpiryEpochSec: 0}2424882f-c429-4c69-9245-ccac92145c6c{ip: 10.1.0.37, host: fv-az297-666.nmf1rxwemy4u5di1sxxf4ejcwb.jx.internal.cloudapp.net, ports: [REPLICATION=40345, RATIS=43989, RATIS_ADMIN=43989, RATIS_SERVER=43989, STANDALONE=32969], networkLocation: /default-rack, certSerialId: null, persistedOpState: IN_SERVICE, persistedOpStateExpiryEpochSec: 0}, ReplicationConfig: RATIS/THREE, State:ALLOCATED, leaderId:, CreationTimestamp2021-08-17T11:50:16.569Z[Etc/UTC]].
2021-08-17 11:50:16,630 [Listener at 127.0.0.1/40861] INFO  volume.MutableVolumeSet (MutableVolumeSet.java:initializeVolumeSet(181)) - Added Volume : /home/runner/work/ozone/ozone/hadoop-ozone/integration-test/target/test-dir/MiniOzoneClusterImpl-a1e163cb-5647-48ea-b1dc-b51dce44f61a/datanode-7/data/ratis to VolumeSet
2021-08-17 11:50:16,630 [Listener at 127.0.0.1/40861] INFO  volume.ThrottledAsyncChecker (ThrottledAsyncChecker.java:schedule(141)) - Scheduling a check for /home/runner/work/ozone/ozone/hadoop-ozone/integration-test/target/test-dir/MiniOzoneClusterImpl-a1e163cb-5647-48ea-b1dc-b51dce44f61a/datanode-7/data/ratis
2021-08-17 11:50:16,632 [Listener at 127.0.0.1/40861] INFO  volume.StorageVolumeChecker (StorageVolumeChecker.java:checkAllVolumes(202)) - Scheduled health check for volume /home/runner/work/ozone/ozone/hadoop-ozone/integration-test/target/test-dir/MiniOzoneClusterImpl-a1e163cb-5647-48ea-b1dc-b51dce44f61a/datanode-7/data/ratis
2021-08-17 11:50:16,682 [Listener at 127.0.0.1/40861] INFO  ozoneimpl.ContainerReader (ContainerReader.java:<init>(98)) - Running in upgrade mode:true
2021-08-17 11:50:16,717 [Thread-1760] INFO  ozoneimpl.ContainerReader (ContainerReader.java:readVolume(142)) - Start to verify containers on volume /home/runner/work/ozone/ozone/hadoop-ozone/integration-test/target/test-dir/MiniOzoneClusterImpl-a1e163cb-5647-48ea-b1dc-b51dce44f61a/datanode-7/data-0/containers/hdds
2021-08-17 11:50:16,717 [Thread-1760] INFO  ozoneimpl.ContainerReader (ContainerReader.java:readVolume(174)) - Finish verifying containers on volume /home/runner/work/ozone/ozone/hadoop-ozone/integration-test/target/test-dir/MiniOzoneClusterImpl-a1e163cb-5647-48ea-b1dc-b51dce44f61a/datanode-7/data-0/containers/hdds
2021-08-17 11:50:16,717 [Listener at 127.0.0.1/40861] INFO  ozoneimpl.OzoneContainer (OzoneContainer.java:buildContainerSet(237)) - Build ContainerSet costs 0s
2021-08-17 11:50:16,748 [Listener at 127.0.0.1/40861] INFO  server.RaftServer (ConfUtils.java:logGet(44)) - raft.rpc.type = GRPC (default)
2021-08-17 11:50:16,753 [Listener at 127.0.0.1/40861] INFO  grpc.GrpcFactory (GrpcFactory.java:checkPooledByteBufAllocatorUseCacheForAllThreads(48)) - PERFORMANCE WARNING: useCacheForAllThreads is true that may cause Netty to create a lot garbage objects and, as a result, trigger GC.
	It is recommended to disable useCacheForAllThreads by setting -Dorg.apache.ratis.thirdparty.io.netty.allocator.useCacheForAllThreads=false in command line.
2021-08-17 11:50:16,757 [Listener at 127.0.0.1/40861] INFO  grpc.GrpcConfigKeys (ConfUtils.java:logGet(44)) - raft.grpc.admin.port = 0 (custom)
2021-08-17 11:50:16,757 [Listener at 127.0.0.1/40861] INFO  grpc.GrpcConfigKeys (ConfUtils.java:logGet(44)) - raft.grpc.client.port = 0 (custom)
2021-08-17 11:50:16,758 [Listener at 127.0.0.1/40861] INFO  grpc.GrpcConfigKeys (ConfUtils.java:logGet(44)) - raft.grpc.server.port = 0 (default)
2021-08-17 11:50:16,758 [Listener at 127.0.0.1/40861] INFO  server.GrpcService (ConfUtils.java:logGet(44)) - raft.grpc.message.size.max = 32MB (=33554432) (custom)
2021-08-17 11:50:16,758 [Listener at 127.0.0.1/40861] INFO  server.RaftServerConfigKeys (ConfUtils.java:logGet(44)) - raft.server.log.appender.buffer.byte-limit = 33554432 (custom)
2021-08-17 11:50:16,758 [Listener at 127.0.0.1/40861] INFO  server.GrpcService (ConfUtils.java:logGet(44)) - raft.grpc.flow.control.window = 5MB (=5242880) (custom)
2021-08-17 11:50:16,758 [Listener at 127.0.0.1/40861] INFO  server.RaftServerConfigKeys (ConfUtils.java:logGet(44)) - raft.server.rpc.request.timeout = 3000ms (default)
2021-08-17 11:50:16,761 [Listener at 127.0.0.1/40861] INFO  impl.DataStreamServerImpl (ConfUtils.java:logGet(44)) - raft.datastream.type = DISABLED (default)
2021-08-17 11:50:16,761 [Listener at 127.0.0.1/40861] INFO  server.RaftServerConfigKeys (ConfUtils.java:logGet(44)) - raft.server.rpc.slowness.timeout = 300000ms (custom)
2021-08-17 11:50:16,762 [Listener at 127.0.0.1/40861] INFO  server.RaftServerConfigKeys (ConfUtils.java:logGet(44)) - raft.server.leaderelection.leader.step-down.wait-time = 10s (default)
2021-08-17 11:50:16,762 [Listener at 127.0.0.1/40861] INFO  server.RaftServerConfigKeys (ConfUtils.java:logGet(44)) - raft.server.storage.dir = [/home/runner/work/ozone/ozone/hadoop-ozone/integration-test/target/test-dir/MiniOzoneClusterImpl-a1e163cb-5647-48ea-b1dc-b51dce44f61a/datanode-7/data/ratis] (custom)
2021-08-17 11:50:16,770 [Listener at 127.0.0.1/40861] INFO  http.BaseHttpServer (BaseHttpServer.java:newHttpServer2BuilderForOzone(209)) - Starting Web-server for hddsDatanode at: http://0.0.0.0:0
2021-08-17 11:50:16,770 [Listener at 127.0.0.1/40861] INFO  http.BaseHttpServer (BaseHttpServer.java:<init>(107)) - Hadoop Security Enabled: false Ozone Security Enabled: false Ozone HTTP Security Enabled: false 
2021-08-17 11:50:16,771 [Listener at 127.0.0.1/40861] INFO  server.AuthenticationFilter (AuthenticationFilter.java:constructSecretProvider(240)) - Unable to initialize FileSignerSecretProvider, falling back to use random secrets.
2021-08-17 11:50:16,793 [Listener at 127.0.0.1/40861] WARN  http.HttpRequestLog (HttpRequestLog.java:getRequestLog(103)) - Jetty request log can only be enabled using Log4j
2021-08-17 11:50:16,794 [Listener at 127.0.0.1/40861] INFO  http.HttpServer2 (HttpServer2.java:addGlobalFilter(1020)) - Added global filter 'safety' (class=org.apache.hadoop.hdds.server.http.HttpServer2$QuotingInputFilter)
2021-08-17 11:50:16,813 [Listener at 127.0.0.1/40861] INFO  http.HttpServer2 (HttpServer2.java:addFilter(996)) - Added filter static_user_filter (class=org.apache.hadoop.http.lib.StaticUserWebFilter$StaticUserFilter) to context hddsDatanode
2021-08-17 11:50:16,813 [Listener at 127.0.0.1/40861] INFO  http.HttpServer2 (HttpServer2.java:addFilter(1004)) - Added filter static_user_filter (class=org.apache.hadoop.http.lib.StaticUserWebFilter$StaticUserFilter) to context static
2021-08-17 11:50:16,813 [Listener at 127.0.0.1/40861] INFO  http.HttpServer2 (HttpServer2.java:addFilter(1004)) - Added filter static_user_filter (class=org.apache.hadoop.http.lib.StaticUserWebFilter$StaticUserFilter) to context logs
2021-08-17 11:50:16,814 [Listener at 127.0.0.1/40861] INFO  http.HttpServer2 (HttpServer2.java:bindListener(1239)) - Jetty bound to port 34047
2021-08-17 11:50:16,814 [Listener at 127.0.0.1/40861] INFO  server.Server (Server.java:doStart(375)) - jetty-9.4.43.v20210629; built: 2021-06-30T11:07:22.254Z; git: 526006ecfa3af7f1a27ef3a288e2bef7ea9dd7e8; jvm 1.8.0_292-b10
2021-08-17 11:50:16,904 [Listener at 127.0.0.1/40861] INFO  server.session (DefaultSessionIdManager.java:doStart(334)) - DefaultSessionIdManager workerName=node0
2021-08-17 11:50:16,904 [Listener at 127.0.0.1/40861] INFO  server.session (DefaultSessionIdManager.java:doStart(339)) - No SessionScavenger set, using defaults
2021-08-17 11:50:16,905 [Listener at 127.0.0.1/40861] INFO  server.session (HouseKeeper.java:startScavenging(132)) - node0 Scavenging every 660000ms
2021-08-17 11:50:16,905 [Listener at 127.0.0.1/40861] INFO  handler.ContextHandler (ContextHandler.java:doStart(915)) - Started o.e.j.s.ServletContextHandler@428fecb4{logs,/logs,file:///home/runner/work/ozone/ozone/hadoop-ozone/integration-test/target/log,AVAILABLE}
2021-08-17 11:50:16,905 [Listener at 127.0.0.1/40861] INFO  handler.ContextHandler (ContextHandler.java:doStart(915)) - Started o.e.j.s.ServletContextHandler@50b6c6b7{static,/static,jar:file:/home/runner/.m2/repository/org/apache/ozone/hdds-container-service/1.2.0-SNAPSHOT/hdds-container-service-1.2.0-SNAPSHOT.jar!/webapps/static,AVAILABLE}
2021-08-17 11:50:17,207 [Listener at 127.0.0.1/40861] INFO  handler.ContextHandler (ContextHandler.java:doStart(915)) - Started o.e.j.w.WebAppContext@391674d2{hddsDatanode,/,file:///tmp/jetty-0_0_0_0-34047-hdds-container-service-1_2_0-SNAPSHOT_jar-_-any-9115002402480469423/webapp/,AVAILABLE}{jar:file:/home/runner/.m2/repository/org/apache/ozone/hdds-container-service/1.2.0-SNAPSHOT/hdds-container-service-1.2.0-SNAPSHOT.jar!/webapps/hddsDatanode}
2021-08-17 11:50:17,266 [Listener at 127.0.0.1/40861] INFO  server.AbstractConnector (AbstractConnector.java:doStart(331)) - Started ServerConnector@6f0408a9{HTTP/1.1, (http/1.1)}{0.0.0.0:34047}
2021-08-17 11:50:17,267 [Listener at 127.0.0.1/40861] INFO  server.Server (Server.java:doStart(415)) - Started @237102ms
2021-08-17 11:50:17,267 [Listener at 127.0.0.1/40861] WARN  impl.MetricsSystemImpl (MetricsSystemImpl.java:register(279)) - Sink prometheus already exists!
2021-08-17 11:50:17,268 [Listener at 127.0.0.1/40861] INFO  http.BaseHttpServer (BaseHttpServer.java:updateConnectorAddress(329)) - HTTP server of hddsDatanode listening at http://0.0.0.0:34047
2021-08-17 11:50:17,316 [Listener at 127.0.0.1/40861] WARN  impl.MetricRegistriesImpl (MetricRegistriesImpl.java:addReporterRegistration(111)) - New reporters are added after registries were created. Some metrics will be missing from the reporter. Please add reporter before adding any new registry.
2021-08-17 11:50:17,316 [Listener at 127.0.0.1/40861] WARN  impl.MetricRegistriesImpl (MetricRegistriesImpl.java:addReporterRegistration(111)) - New reporters are added after registries were created. Some metrics will be missing from the reporter. Please add reporter before adding any new registry.
2021-08-17 11:50:17,316 [Listener at 127.0.0.1/40861] INFO  impl.MetricsSystemImpl (MetricsSystemImpl.java:init(158)) - HddsDatanode metrics system started (again)
2021-08-17 11:50:17,381 [Listener at 127.0.0.1/40861] INFO  ozone.HddsDatanodeService (HddsDatanodeService.java:start(234)) - HddsDatanodeService host:fv-az297-666.nmf1rxwemy4u5di1sxxf4ejcwb.jx.internal.cloudapp.net ip:10.1.0.37
2021-08-17 11:50:17,405 [org.apache.hadoop.util.JvmPauseMonitor$Monitor@425ef6dd] INFO  util.JvmPauseMonitor (JvmPauseMonitor.java:run(188)) - Starting JVM pause monitor
2021-08-17 11:50:17,461 [Listener at 127.0.0.1/40861] INFO  upgrade.AbstractLayoutVersionManager (AbstractLayoutVersionManager.java:init(70)) - Initializing Layout version manager with metadata layout = SCM_HA (version = 2), software layout = SCM_HA (version = 2)
2021-08-17 11:50:17,558 [Datanode State Machine Task Thread - 0] INFO  datanode.InitDatanodeState (InitDatanodeState.java:persistContainerDatanodeDetails(145)) - DatanodeDetails is persisted to /home/runner/work/ozone/ozone/hadoop-ozone/integration-test/target/test-dir/MiniOzoneClusterImpl-a1e163cb-5647-48ea-b1dc-b51dce44f61a/datanode-7/meta/datanode.id
2021-08-17 11:50:17,558 [IPC Server handler 8 on default port 35007] INFO  net.NetworkTopologyImpl (NetworkTopologyImpl.java:add(112)) - Added a new node: /default-rack/c0cb38e9-ad72-45c7-87a7-238cd12f7624
2021-08-17 11:50:17,558 [IPC Server handler 8 on default port 35007] INFO  node.SCMNodeManager (SCMNodeManager.java:register(390)) - Registered Data node : c0cb38e9-ad72-45c7-87a7-238cd12f7624{ip: 10.1.0.37, host: fv-az297-666.nmf1rxwemy4u5di1sxxf4ejcwb.jx.internal.cloudapp.net, ports: [REPLICATION=38091, RATIS=45031, RATIS_ADMIN=45031, RATIS_SERVER=45031, STANDALONE=42307], networkLocation: /default-rack, certSerialId: null, persistedOpState: null, persistedOpStateExpiryEpochSec: 0}
2021-08-17 11:50:17,558 [EventQueue-NewNodeForNewNodeHandler] INFO  pipeline.BackgroundPipelineCreator (BackgroundPipelineCreatorV2.java:notifyEventTriggered(285)) - trigger a one-shot run on RatisPipelineUtilsThread.
2021-08-17 11:50:17,559 [RatisPipelineUtilsThread - 0] INFO  pipeline.RatisPipelineProvider (RatisPipelineProvider.java:lambda$create$0(183)) - Sending CreatePipelineCommand for pipeline:PipelineID=b46231f7-c763-4fe7-b17b-cbb5281ffc6f to datanode:c0cb38e9-ad72-45c7-87a7-238cd12f7624
2021-08-17 11:50:17,559 [RatisPipelineUtilsThread - 0] INFO  pipeline.PipelineStateManager (PipelineStateManagerV2Impl.java:addPipeline(101)) - Created pipeline Pipeline[ Id: b46231f7-c763-4fe7-b17b-cbb5281ffc6f, Nodes: c0cb38e9-ad72-45c7-87a7-238cd12f7624{ip: 10.1.0.37, host: fv-az297-666.nmf1rxwemy4u5di1sxxf4ejcwb.jx.internal.cloudapp.net, ports: [REPLICATION=38091, RATIS=45031, RATIS_ADMIN=45031, RATIS_SERVER=45031, STANDALONE=42307], networkLocation: /default-rack, certSerialId: null, persistedOpState: IN_SERVICE, persistedOpStateExpiryEpochSec: 0}, ReplicationConfig: RATIS/ONE, State:ALLOCATED, leaderId:, CreationTimestamp2021-08-17T11:50:17.559Z[Etc/UTC]].
2021-08-17 11:50:17,566 [Command processor thread] INFO  server.RaftServer (RaftServerProxy.java:addNew(95)) - 2424882f-c429-4c69-9245-ccac92145c6c: addNew group-2D76B840BCE6:[2424882f-c429-4c69-9245-ccac92145c6c|rpc:10.1.0.37:43989|priority:1] returns group-2D76B840BCE6:java.util.concurrent.CompletableFuture@14f10181[Not completed]
2021-08-17 11:50:17,599 [EndpointStateMachine task thread for /0.0.0.0:35007 - 0 ] INFO  ozoneimpl.OzoneContainer (OzoneContainer.java:start(305)) - Attempting to start container services.
2021-08-17 11:50:17,599 [EndpointStateMachine task thread for /0.0.0.0:35007 - 0 ] INFO  ozoneimpl.OzoneContainer (OzoneContainer.java:startContainerScrub(250)) - Background container scanner has been disabled.
2021-08-17 11:50:17,601 [EndpointStateMachine task thread for /0.0.0.0:35007 - 0 ] INFO  replication.ReplicationServer (ReplicationServer.java:start(106)) - ReplicationServer is started using port 40849
2021-08-17 11:50:17,610 [EndpointStateMachine task thread for /0.0.0.0:35007 - 0 ] INFO  ratis.XceiverServerRatis (XceiverServerRatis.java:start(482)) - Starting XceiverServerRatis ce9e4e21-b8b3-47e8-a05b-7ed0cb4ed4d0
2021-08-17 11:50:17,611 [EndpointStateMachine task thread for /0.0.0.0:35007 - 0 ] INFO  server.RaftServer (RaftServerProxy.java:lambda$start$5(374)) - ce9e4e21-b8b3-47e8-a05b-7ed0cb4ed4d0: start RPC server
2021-08-17 11:50:17,621 [EndpointStateMachine task thread for /0.0.0.0:35007 - 0 ] INFO  server.GrpcService (GrpcService.java:startImpl(253)) - ce9e4e21-b8b3-47e8-a05b-7ed0cb4ed4d0: GrpcService started, listening on 42995
2021-08-17 11:50:17,624 [EndpointStateMachine task thread for /0.0.0.0:35007 - 0 ] INFO  ratis.XceiverServerRatis (XceiverServerRatis.java:getRealPort(503)) - XceiverServerRatis ce9e4e21-b8b3-47e8-a05b-7ed0cb4ed4d0 is started using port 42995 for RATIS
2021-08-17 11:50:17,624 [EndpointStateMachine task thread for /0.0.0.0:35007 - 0 ] INFO  ratis.XceiverServerRatis (XceiverServerRatis.java:getRealPort(503)) - XceiverServerRatis ce9e4e21-b8b3-47e8-a05b-7ed0cb4ed4d0 is started using port 42995 for RATIS_ADMIN
2021-08-17 11:50:17,624 [EndpointStateMachine task thread for /0.0.0.0:35007 - 0 ] INFO  ratis.XceiverServerRatis (XceiverServerRatis.java:getRealPort(503)) - XceiverServerRatis ce9e4e21-b8b3-47e8-a05b-7ed0cb4ed4d0 is started using port 42995 for RATIS_SERVER
2021-08-17 11:50:17,645 [EndpointStateMachine task thread for /0.0.0.0:35007 - 0 ] INFO  server.XceiverServerGrpc (XceiverServerGrpc.java:start(135)) - XceiverServerGrpc ce9e4e21-b8b3-47e8-a05b-7ed0cb4ed4d0 is started using port 43843
2021-08-17 11:50:17,648 [org.apache.ratis.util.JvmPauseMonitor$$Lambda$531/89905617@2229abca] INFO  util.JvmPauseMonitor (JvmPauseMonitor.java:run(103)) - JvmPauseMonitor-ce9e4e21-b8b3-47e8-a05b-7ed0cb4ed4d0: Started
2021-08-17 11:50:17,760 [pool-787-thread-1] INFO  server.RaftServer$Division (RaftServerImpl.java:<init>(181)) - 2424882f-c429-4c69-9245-ccac92145c6c: new RaftServerImpl for group-2D76B840BCE6:[2424882f-c429-4c69-9245-ccac92145c6c|rpc:10.1.0.37:43989|priority:1] with ContainerStateMachine:uninitialized
2021-08-17 11:50:17,760 [pool-787-thread-1] INFO  server.RaftServerConfigKeys (ConfUtils.java:logGet(44)) - raft.server.rpc.timeout.min = 5s (custom)
2021-08-17 11:50:17,760 [pool-787-thread-1] INFO  server.RaftServerConfigKeys (ConfUtils.java:logGet(44)) - raft.server.rpc.timeout.max = 5200ms (custom)
2021-08-17 11:50:17,760 [pool-787-thread-1] INFO  server.RaftServerConfigKeys (ConfUtils.java:logGet(44)) - raft.server.rpc.sleep.time = 25ms (default)
2021-08-17 11:50:17,760 [pool-787-thread-1] INFO  server.RaftServerConfigKeys (ConfUtils.java:logGet(44)) - raft.server.rpc.slowness.timeout = 300000ms (custom)
2021-08-17 11:50:17,760 [pool-787-thread-1] INFO  server.RaftServerConfigKeys (ConfUtils.java:logGet(44)) - raft.server.leaderelection.leader.step-down.wait-time = 10s (default)
2021-08-17 11:50:17,760 [pool-787-thread-1] INFO  server.RaftServerConfigKeys (ConfUtils.java:logGet(44)) - raft.server.sleep.deviation.threshold = 300ms (default)
2021-08-17 11:50:17,760 [pool-787-thread-1] INFO  server.RaftServerConfigKeys (ConfUtils.java:logGet(44)) - raft.server.log.appender.install.snapshot.enabled = false (custom)
2021-08-17 11:50:17,760 [pool-787-thread-1] INFO  server.RaftServer$Division (ServerState.java:<init>(105)) - 2424882f-c429-4c69-9245-ccac92145c6c@group-2D76B840BCE6: ConfigurationManager, init=-1: [2424882f-c429-4c69-9245-ccac92145c6c|rpc:10.1.0.37:43989|priority:1], old=null, confs=<EMPTY_MAP>
2021-08-17 11:50:17,760 [pool-787-thread-1] INFO  server.RaftServerConfigKeys (ConfUtils.java:logGet(44)) - raft.server.storage.dir = [/home/runner/work/ozone/ozone/hadoop-ozone/integration-test/target/test-dir/MiniOzoneClusterImpl-a1e163cb-5647-48ea-b1dc-b51dce44f61a/datanode-0/data/ratis] (custom)
2021-08-17 11:50:17,760 [pool-787-thread-1] INFO  server.RaftServerConfigKeys (ConfUtils.java:logGet(44)) - raft.server.log.corruption.policy = EXCEPTION (default)
2021-08-17 11:50:17,760 [pool-787-thread-1] INFO  server.RaftServerConfigKeys (ConfUtils.java:logGet(44)) - raft.server.storage.free-space.min = 0MB (=0) (default)
2021-08-17 11:50:17,760 [pool-787-thread-1] INFO  storage.RaftStorageDirectory (RaftStorageDirectoryImpl.java:analyzeStorage(135)) - The storage directory /home/runner/work/ozone/ozone/hadoop-ozone/integration-test/target/test-dir/MiniOzoneClusterImpl-a1e163cb-5647-48ea-b1dc-b51dce44f61a/datanode-0/data/ratis/e324f8df-0123-4e05-8025-2d76b840bce6 does not exist. Creating ...
2021-08-17 11:50:17,762 [pool-787-thread-1] INFO  storage.RaftStorageDirectory (RaftStorageDirectoryImpl.java:tryLock(230)) - Lock on /home/runner/work/ozone/ozone/hadoop-ozone/integration-test/target/test-dir/MiniOzoneClusterImpl-a1e163cb-5647-48ea-b1dc-b51dce44f61a/datanode-0/data/ratis/e324f8df-0123-4e05-8025-2d76b840bce6/in_use.lock acquired by nodename 3236@fv-az297-666
2021-08-17 11:50:17,765 [pool-787-thread-1] INFO  storage.RaftStorage (RaftStorageImpl.java:format(89)) - Storage directory /home/runner/work/ozone/ozone/hadoop-ozone/integration-test/target/test-dir/MiniOzoneClusterImpl-a1e163cb-5647-48ea-b1dc-b51dce44f61a/datanode-0/data/ratis/e324f8df-0123-4e05-8025-2d76b840bce6 has been successfully formatted.
2021-08-17 11:50:17,778 [pool-787-thread-1] INFO  ratis.ContainerStateMachine (ContainerStateMachine.java:loadSnapshot(225)) - group-2D76B840BCE6: The snapshot info is null. Setting the last applied indexto:(t:0, i:~)
2021-08-17 11:50:17,778 [pool-787-thread-1] INFO  server.RaftServerConfigKeys (ConfUtils.java:logGet(44)) - raft.server.notification.no-leader.timeout = 300000ms (custom)
2021-08-17 11:50:17,778 [pool-787-thread-1] INFO  server.RaftServerConfigKeys (ConfUtils.java:logGet(44)) - raft.server.log.use.memory = false (default)
2021-08-17 11:50:17,778 [pool-787-thread-1] INFO  server.RaftServerConfigKeys (ConfUtils.java:logGet(44)) - raft.server.log.purge.gap = 1000000 (custom)
2021-08-17 11:50:17,778 [pool-787-thread-1] INFO  server.RaftServerConfigKeys (ConfUtils.java:logGet(44)) - raft.server.log.appender.buffer.byte-limit = 33554432 (custom)
2021-08-17 11:50:17,778 [pool-787-thread-1] INFO  server.RaftServerConfigKeys (ConfUtils.java:logGet(44)) - raft.server.log.segment.size.max = 1048576 (custom)
2021-08-17 11:50:17,779 [pool-787-thread-1] INFO  server.RaftServerConfigKeys (ConfUtils.java:logGet(44)) - raft.server.log.segment.cache.num.max = 2 (custom)
2021-08-17 11:50:17,779 [pool-787-thread-1] INFO  server.RaftServerConfigKeys (ConfUtils.java:logGet(44)) - raft.server.log.segment.cache.size.max = 200MB (=209715200) (default)
2021-08-17 11:50:17,779 [pool-787-thread-1] INFO  segmented.SegmentedRaftLogWorker (SegmentedRaftLogWorker.java:<init>(182)) - new 2424882f-c429-4c69-9245-ccac92145c6c@group-2D76B840BCE6-SegmentedRaftLogWorker for RaftStorageImpl:Storage Directory /home/runner/work/ozone/ozone/hadoop-ozone/integration-test/target/test-dir/MiniOzoneClusterImpl-a1e163cb-5647-48ea-b1dc-b51dce44f61a/datanode-0/data/ratis/e324f8df-0123-4e05-8025-2d76b840bce6
2021-08-17 11:50:17,779 [pool-787-thread-1] INFO  server.RaftServerConfigKeys (ConfUtils.java:logGet(44)) - raft.server.log.queue.byte-limit = 2147483647 (custom)
2021-08-17 11:50:17,779 [pool-787-thread-1] INFO  server.RaftServerConfigKeys (ConfUtils.java:logGet(44)) - raft.server.log.queue.element-limit = 1024 (custom)
2021-08-17 11:50:17,779 [pool-787-thread-1] INFO  server.RaftServerConfigKeys (ConfUtils.java:logGet(44)) - raft.server.log.segment.size.max = 1048576 (custom)
2021-08-17 11:50:17,779 [pool-787-thread-1] INFO  server.RaftServerConfigKeys (ConfUtils.java:logGet(44)) - raft.server.log.preallocated.size = 16384 (custom)
2021-08-17 11:50:17,779 [pool-787-thread-1] INFO  server.RaftServerConfigKeys (ConfUtils.java:logGet(44)) - raft.server.log.force.sync.num = 128 (default)
2021-08-17 11:50:17,779 [pool-787-thread-1] INFO  server.RaftServerConfigKeys (ConfUtils.java:logGet(44)) - raft.server.log.statemachine.data.sync = true (default)
2021-08-17 11:50:17,779 [pool-787-thread-1] INFO  server.RaftServerConfigKeys (ConfUtils.java:logGet(44)) - raft.server.log.statemachine.data.sync.timeout = 10s (default)
2021-08-17 11:50:17,779 [pool-787-thread-1] INFO  server.RaftServerConfigKeys (ConfUtils.java:logGet(44)) - raft.server.log.statemachine.data.sync.timeout.retry = -1 (default)
2021-08-17 11:50:17,781 [Datanode State Machine Thread - 0] WARN  statemachine.StateContext (StateContext.java:execute(621)) - No available thread in pool for past 1 seconds.
2021-08-17 11:50:17,781 [pool-787-thread-1] INFO  server.RaftServerConfigKeys (ConfUtils.java:logGet(44)) - raft.server.log.write.buffer.size = 1048576 (custom)
2021-08-17 11:50:17,782 [pool-787-thread-1] INFO  server.RaftServerConfigKeys (ConfUtils.java:logGet(44)) - raft.server.log.statemachine.data.caching.enabled = true (custom)
2021-08-17 11:50:17,783 [pool-787-thread-1] INFO  segmented.SegmentedRaftLogWorker (SegmentedRaftLogWorker.java:lambda$new$0(133)) - 2424882f-c429-4c69-9245-ccac92145c6c@group-2D76B840BCE6-SegmentedRaftLogWorker: flushIndex: setUnconditionally 0 -> -1
2021-08-17 11:50:17,783 [pool-787-thread-1] INFO  segmented.SegmentedRaftLogWorker (SegmentedRaftLogWorker.java:lambda$new$0(133)) - 2424882f-c429-4c69-9245-ccac92145c6c@group-2D76B840BCE6-SegmentedRaftLogWorker: safeCacheEvictIndex: setUnconditionally 0 -> -1
2021-08-17 11:50:17,783 [pool-787-thread-1] INFO  server.RaftServerConfigKeys (ConfUtils.java:logGet(44)) - raft.server.snapshot.auto.trigger.enabled = true (custom)
2021-08-17 11:50:17,783 [pool-787-thread-1] INFO  server.RaftServerConfigKeys (ConfUtils.java:logGet(44)) - raft.server.snapshot.auto.trigger.threshold = 10000 (custom)
2021-08-17 11:50:17,783 [pool-787-thread-1] INFO  server.RaftServerConfigKeys (ConfUtils.java:logGet(44)) - raft.server.snapshot.retention.file.num = 5 (custom)
2021-08-17 11:50:17,783 [pool-787-thread-1] INFO  server.RaftServerConfigKeys (ConfUtils.java:logGet(44)) - raft.server.log.purge.upto.snapshot.index = false (default)
2021-08-17 11:50:17,783 [pool-787-thread-1] INFO  server.RaftServerConfigKeys (ConfUtils.java:logGet(44)) - raft.server.retrycache.expirytime = 600000ms (custom)
2021-08-17 11:50:17,783 [pool-787-thread-1] INFO  server.RaftServerConfigKeys (ConfUtils.java:logGet(44)) - raft.server.retrycache.statistics.expirytime = 100μs (default)
2021-08-17 11:50:17,785 [EventQueue-PipelineReportForPipelineReportHandler] INFO  pipeline.PipelineManagerImpl (PipelineManagerImpl.java:openPipeline(283)) - Pipeline Pipeline[ Id: e324f8df-0123-4e05-8025-2d76b840bce6, Nodes: 2424882f-c429-4c69-9245-ccac92145c6c{ip: 10.1.0.37, host: fv-az297-666.nmf1rxwemy4u5di1sxxf4ejcwb.jx.internal.cloudapp.net, ports: [REPLICATION=40345, RATIS=43989, RATIS_ADMIN=43989, RATIS_SERVER=43989, STANDALONE=32969], networkLocation: /default-rack, certSerialId: null, persistedOpState: IN_SERVICE, persistedOpStateExpiryEpochSec: 0}, ReplicationConfig: RATIS/ONE, State:ALLOCATED, leaderId:2424882f-c429-4c69-9245-ccac92145c6c, CreationTimestamp2021-08-17T11:50:14.603Z[Etc/UTC]] moved to OPEN state
2021-08-17 11:50:17,786 [pool-787-thread-1] INFO  server.RaftServer$Division (RaftServerImpl.java:start(296)) - 2424882f-c429-4c69-9245-ccac92145c6c@group-2D76B840BCE6: start as a follower, conf=-1: [2424882f-c429-4c69-9245-ccac92145c6c|rpc:10.1.0.37:43989|priority:1], old=null
2021-08-17 11:50:17,786 [pool-787-thread-1] INFO  server.RaftServer$Division (RaftServerImpl.java:setRole(285)) - 2424882f-c429-4c69-9245-ccac92145c6c@group-2D76B840BCE6: changes role from      null to FOLLOWER at term 0 for startAsFollower
2021-08-17 11:50:17,786 [pool-787-thread-1] INFO  impl.RoleInfo (RoleInfo.java:updateAndGet(130)) - 2424882f-c429-4c69-9245-ccac92145c6c: start 2424882f-c429-4c69-9245-ccac92145c6c@group-2D76B840BCE6-FollowerState
2021-08-17 11:50:17,787 [pool-787-thread-1] INFO  util.JmxRegister (JmxRegister.java:tryRegister(44)) - Successfully registered JMX Bean with object name Ratis:service=RaftServer,group=group-2D76B840BCE6,id=2424882f-c429-4c69-9245-ccac92145c6c
2021-08-17 11:50:17,788 [Command processor thread] INFO  ratis.XceiverServerRatis (XceiverServerRatis.java:addGroup(763)) - Created group PipelineID=e324f8df-0123-4e05-8025-2d76b840bce6
2021-08-17 11:50:17,788 [Command processor thread] INFO  commandhandler.CreatePipelineCommandHandler (CreatePipelineCommandHandler.java:handle(106)) - Created Pipeline RATIS ONE PipelineID=e324f8df-0123-4e05-8025-2d76b840bce6.
2021-08-17 11:50:17,788 [Command processor thread] INFO  server.RaftServer (RaftServerProxy.java:addNew(95)) - 2424882f-c429-4c69-9245-ccac92145c6c: addNew group-6F6174E45E92:[2424882f-c429-4c69-9245-ccac92145c6c|rpc:10.1.0.37:43989|priority:0, 0bf441c2-8cd8-4ced-8476-22eca18377b1|rpc:10.1.0.37:38591|priority:0, e2fcfc86-2f0c-4267-bafe-682e5fd2fca7|rpc:10.1.0.37:43155|priority:1] returns group-6F6174E45E92:java.util.concurrent.CompletableFuture@10ce87c7[Not completed]
2021-08-17 11:50:17,788 [pool-787-thread-1] INFO  server.RaftServer$Division (RaftServerImpl.java:<init>(181)) - 2424882f-c429-4c69-9245-ccac92145c6c: new RaftServerImpl for group-6F6174E45E92:[2424882f-c429-4c69-9245-ccac92145c6c|rpc:10.1.0.37:43989|priority:0, 0bf441c2-8cd8-4ced-8476-22eca18377b1|rpc:10.1.0.37:38591|priority:0, e2fcfc86-2f0c-4267-bafe-682e5fd2fca7|rpc:10.1.0.37:43155|priority:1] with ContainerStateMachine:uninitialized
2021-08-17 11:50:17,789 [pool-787-thread-1] INFO  server.RaftServerConfigKeys (ConfUtils.java:logGet(44)) - raft.server.rpc.timeout.min = 5s (custom)
2021-08-17 11:50:17,789 [pool-787-thread-1] INFO  server.RaftServerConfigKeys (ConfUtils.java:logGet(44)) - raft.server.rpc.timeout.max = 5200ms (custom)
2021-08-17 11:50:17,789 [pool-787-thread-1] INFO  server.RaftServerConfigKeys (ConfUtils.java:logGet(44)) - raft.server.rpc.sleep.time = 25ms (default)
2021-08-17 11:50:17,789 [pool-787-thread-1] INFO  server.RaftServerConfigKeys (ConfUtils.java:logGet(44)) - raft.server.rpc.slowness.timeout = 300000ms (custom)
2021-08-17 11:50:17,789 [pool-787-thread-1] INFO  server.RaftServerConfigKeys (ConfUtils.java:logGet(44)) - raft.server.leaderelection.leader.step-down.wait-time = 10s (default)
2021-08-17 11:50:17,789 [pool-787-thread-1] INFO  server.RaftServerConfigKeys (ConfUtils.java:logGet(44)) - raft.server.sleep.deviation.threshold = 300ms (default)
2021-08-17 11:50:17,789 [pool-787-thread-1] INFO  server.RaftServerConfigKeys (ConfUtils.java:logGet(44)) - raft.server.log.appender.install.snapshot.enabled = false (custom)
2021-08-17 11:50:17,789 [pool-787-thread-1] INFO  server.RaftServer$Division (ServerState.java:<init>(105)) - 2424882f-c429-4c69-9245-ccac92145c6c@group-6F6174E45E92: ConfigurationManager, init=-1: [2424882f-c429-4c69-9245-ccac92145c6c|rpc:10.1.0.37:43989|priority:0, 0bf441c2-8cd8-4ced-8476-22eca18377b1|rpc:10.1.0.37:38591|priority:0, e2fcfc86-2f0c-4267-bafe-682e5fd2fca7|rpc:10.1.0.37:43155|priority:1], old=null, confs=<EMPTY_MAP>
2021-08-17 11:50:17,789 [pool-787-thread-1] INFO  server.RaftServerConfigKeys (ConfUtils.java:logGet(44)) - raft.server.storage.dir = [/home/runner/work/ozone/ozone/hadoop-ozone/integration-test/target/test-dir/MiniOzoneClusterImpl-a1e163cb-5647-48ea-b1dc-b51dce44f61a/datanode-0/data/ratis] (custom)
2021-08-17 11:50:17,789 [pool-787-thread-1] INFO  server.RaftServerConfigKeys (ConfUtils.java:logGet(44)) - raft.server.log.corruption.policy = EXCEPTION (default)
2021-08-17 11:50:17,789 [pool-787-thread-1] INFO  server.RaftServerConfigKeys (ConfUtils.java:logGet(44)) - raft.server.storage.free-space.min = 0MB (=0) (default)
2021-08-17 11:50:17,789 [pool-787-thread-1] INFO  storage.RaftStorageDirectory (RaftStorageDirectoryImpl.java:analyzeStorage(135)) - The storage directory /home/runner/work/ozone/ozone/hadoop-ozone/integration-test/target/test-dir/MiniOzoneClusterImpl-a1e163cb-5647-48ea-b1dc-b51dce44f61a/datanode-0/data/ratis/119cf746-ef48-4aaf-bc65-6f6174e45e92 does not exist. Creating ...
2021-08-17 11:50:17,790 [pool-787-thread-1] INFO  storage.RaftStorageDirectory (RaftStorageDirectoryImpl.java:tryLock(230)) - Lock on /home/runner/work/ozone/ozone/hadoop-ozone/integration-test/target/test-dir/MiniOzoneClusterImpl-a1e163cb-5647-48ea-b1dc-b51dce44f61a/datanode-0/data/ratis/119cf746-ef48-4aaf-bc65-6f6174e45e92/in_use.lock acquired by nodename 3236@fv-az297-666
2021-08-17 11:50:17,791 [pool-787-thread-1] INFO  storage.RaftStorage (RaftStorageImpl.java:format(89)) - Storage directory /home/runner/work/ozone/ozone/hadoop-ozone/integration-test/target/test-dir/MiniOzoneClusterImpl-a1e163cb-5647-48ea-b1dc-b51dce44f61a/datanode-0/data/ratis/119cf746-ef48-4aaf-bc65-6f6174e45e92 has been successfully formatted.
2021-08-17 11:50:17,792 [Datanode State Machine Thread - 0] WARN  statemachine.StateContext (StateContext.java:execute(621)) - No available thread in pool for past 1 seconds.
2021-08-17 11:50:17,792 [pool-787-thread-1] INFO  ratis.ContainerStateMachine (ContainerStateMachine.java:loadSnapshot(225)) - group-6F6174E45E92: The snapshot info is null. Setting the last applied indexto:(t:0, i:~)
2021-08-17 11:50:17,792 [pool-787-thread-1] INFO  server.RaftServerConfigKeys (ConfUtils.java:logGet(44)) - raft.server.notification.no-leader.timeout = 300000ms (custom)
2021-08-17 11:50:17,792 [pool-787-thread-1] INFO  server.RaftServerConfigKeys (ConfUtils.java:logGet(44)) - raft.server.log.use.memory = false (default)
2021-08-17 11:50:17,792 [pool-787-thread-1] INFO  server.RaftServerConfigKeys (ConfUtils.java:logGet(44)) - raft.server.log.purge.gap = 1000000 (custom)
2021-08-17 11:50:17,792 [pool-787-thread-1] INFO  server.RaftServerConfigKeys (ConfUtils.java:logGet(44)) - raft.server.log.appender.buffer.byte-limit = 33554432 (custom)
2021-08-17 11:50:17,793 [pool-787-thread-1] INFO  server.RaftServerConfigKeys (ConfUtils.java:logGet(44)) - raft.server.log.segment.size.max = 1048576 (custom)
2021-08-17 11:50:17,793 [pool-787-thread-1] INFO  server.RaftServerConfigKeys (ConfUtils.java:logGet(44)) - raft.server.log.segment.cache.num.max = 2 (custom)
2021-08-17 11:50:17,793 [pool-787-thread-1] INFO  server.RaftServerConfigKeys (ConfUtils.java:logGet(44)) - raft.server.log.segment.cache.size.max = 200MB (=209715200) (default)
2021-08-17 11:50:17,793 [pool-787-thread-1] INFO  segmented.SegmentedRaftLogWorker (SegmentedRaftLogWorker.java:<init>(182)) - new 2424882f-c429-4c69-9245-ccac92145c6c@group-6F6174E45E92-SegmentedRaftLogWorker for RaftStorageImpl:Storage Directory /home/runner/work/ozone/ozone/hadoop-ozone/integration-test/target/test-dir/MiniOzoneClusterImpl-a1e163cb-5647-48ea-b1dc-b51dce44f61a/datanode-0/data/ratis/119cf746-ef48-4aaf-bc65-6f6174e45e92
2021-08-17 11:50:17,794 [pool-787-thread-1] INFO  server.RaftServerConfigKeys (ConfUtils.java:logGet(44)) - raft.server.log.queue.byte-limit = 2147483647 (custom)
2021-08-17 11:50:17,794 [pool-787-thread-1] INFO  server.RaftServerConfigKeys (ConfUtils.java:logGet(44)) - raft.server.log.queue.element-limit = 1024 (custom)
2021-08-17 11:50:17,794 [pool-787-thread-1] INFO  server.RaftServerConfigKeys (ConfUtils.java:logGet(44)) - raft.server.log.segment.size.max = 1048576 (custom)
2021-08-17 11:50:17,794 [pool-787-thread-1] INFO  server.RaftServerConfigKeys (ConfUtils.java:logGet(44)) - raft.server.log.preallocated.size = 16384 (custom)
2021-08-17 11:50:17,794 [pool-787-thread-1] INFO  server.RaftServerConfigKeys (ConfUtils.java:logGet(44)) - raft.server.log.force.sync.num = 128 (default)
2021-08-17 11:50:17,794 [pool-787-thread-1] INFO  server.RaftServerConfigKeys (ConfUtils.java:logGet(44)) - raft.server.log.statemachine.data.sync = true (default)
2021-08-17 11:50:17,794 [pool-787-thread-1] INFO  server.RaftServerConfigKeys (ConfUtils.java:logGet(44)) - raft.server.log.statemachine.data.sync.timeout = 10s (default)
2021-08-17 11:50:17,794 [pool-787-thread-1] INFO  server.RaftServerConfigKeys (ConfUtils.java:logGet(44)) - raft.server.log.statemachine.data.sync.timeout.retry = -1 (default)
2021-08-17 11:50:17,796 [pool-787-thread-1] INFO  server.RaftServerConfigKeys (ConfUtils.java:logGet(44)) - raft.server.log.write.buffer.size = 1048576 (custom)
2021-08-17 11:50:17,796 [pool-787-thread-1] INFO  server.RaftServerConfigKeys (ConfUtils.java:logGet(44)) - raft.server.log.statemachine.data.caching.enabled = true (custom)
2021-08-17 11:50:17,797 [pool-787-thread-1] INFO  segmented.SegmentedRaftLogWorker (SegmentedRaftLogWorker.java:lambda$new$0(133)) - 2424882f-c429-4c69-9245-ccac92145c6c@group-6F6174E45E92-SegmentedRaftLogWorker: flushIndex: setUnconditionally 0 -> -1
2021-08-17 11:50:17,797 [pool-787-thread-1] INFO  segmented.SegmentedRaftLogWorker (SegmentedRaftLogWorker.java:lambda$new$0(133)) - 2424882f-c429-4c69-9245-ccac92145c6c@group-6F6174E45E92-SegmentedRaftLogWorker: safeCacheEvictIndex: setUnconditionally 0 -> -1
2021-08-17 11:50:17,797 [pool-787-thread-1] INFO  server.RaftServerConfigKeys (ConfUtils.java:logGet(44)) - raft.server.snapshot.auto.trigger.enabled = true (custom)
2021-08-17 11:50:17,797 [pool-787-thread-1] INFO  server.RaftServerConfigKeys (ConfUtils.java:logGet(44)) - raft.server.snapshot.auto.trigger.threshold = 10000 (custom)
2021-08-17 11:50:17,797 [pool-787-thread-1] INFO  server.RaftServerConfigKeys (ConfUtils.java:logGet(44)) - raft.server.snapshot.retention.file.num = 5 (custom)
2021-08-17 11:50:17,797 [pool-787-thread-1] INFO  server.RaftServerConfigKeys (ConfUtils.java:logGet(44)) - raft.server.log.purge.upto.snapshot.index = false (default)
2021-08-17 11:50:17,797 [pool-787-thread-1] INFO  server.RaftServerConfigKeys (ConfUtils.java:logGet(44)) - raft.server.retrycache.expirytime = 600000ms (custom)
2021-08-17 11:50:17,797 [pool-787-thread-1] INFO  server.RaftServerConfigKeys (ConfUtils.java:logGet(44)) - raft.server.retrycache.statistics.expirytime = 100μs (default)
2021-08-17 11:50:17,799 [pool-787-thread-1] INFO  server.RaftServer$Division (RaftServerImpl.java:start(296)) - 2424882f-c429-4c69-9245-ccac92145c6c@group-6F6174E45E92: start as a follower, conf=-1: [2424882f-c429-4c69-9245-ccac92145c6c|rpc:10.1.0.37:43989|priority:0, 0bf441c2-8cd8-4ced-8476-22eca18377b1|rpc:10.1.0.37:38591|priority:0, e2fcfc86-2f0c-4267-bafe-682e5fd2fca7|rpc:10.1.0.37:43155|priority:1], old=null
2021-08-17 11:50:17,799 [pool-787-thread-1] INFO  server.RaftServer$Division (RaftServerImpl.java:setRole(285)) - 2424882f-c429-4c69-9245-ccac92145c6c@group-6F6174E45E92: changes role from      null to FOLLOWER at term 0 for startAsFollower
2021-08-17 11:50:17,799 [pool-787-thread-1] INFO  impl.RoleInfo (RoleInfo.java:updateAndGet(130)) - 2424882f-c429-4c69-9245-ccac92145c6c: start 2424882f-c429-4c69-9245-ccac92145c6c@group-6F6174E45E92-FollowerState
2021-08-17 11:50:17,813 [pool-787-thread-1] INFO  util.JmxRegister (JmxRegister.java:tryRegister(44)) - Successfully registered JMX Bean with object name Ratis:service=RaftServer,group=group-6F6174E45E92,id=2424882f-c429-4c69-9245-ccac92145c6c
2021-08-17 11:50:17,821 [Command processor thread] INFO  ratis.XceiverServerRatis (XceiverServerRatis.java:addGroup(763)) - Created group PipelineID=119cf746-ef48-4aaf-bc65-6f6174e45e92
2021-08-17 11:50:17,883 [EventQueue-OpenPipelineForHealthyPipelineSafeModeRule] INFO  safemode.SCMSafeModeManager (HealthyPipelineSafeModeRule.java:process(124)) - SCM in safe mode. Healthy pipelines reported count is 0, required healthy pipeline reported count is 1
2021-08-17 11:50:17,969 [EventQueue-OpenPipelineForHealthyPipelineSafeModeRule] INFO  safemode.SCMSafeModeManager (HealthyPipelineSafeModeRule.java:process(124)) - SCM in safe mode. Healthy pipelines reported count is 0, required healthy pipeline reported count is 1
2021-08-17 11:50:17,909 [Listener at 127.0.0.1/40861] INFO  reflections.Reflections (Reflections.java:scan(232)) - Reflections took 446 ms to scan 7 urls, producing 120 keys and 275 values 
2021-08-17 11:50:18,025 [Listener at 127.0.0.1/40861] INFO  volume.HddsVolume (HddsVolume.java:<init>(120)) - Creating HddsVolume: /home/runner/work/ozone/ozone/hadoop-ozone/integration-test/target/test-dir/MiniOzoneClusterImpl-a1e163cb-5647-48ea-b1dc-b51dce44f61a/datanode-8/data-0/containers/hdds of storage type : DISK capacity : 9223372036854775807
2021-08-17 11:50:18,052 [grpc-default-executor-6] INFO  server.RaftServer (RaftServerProxy.java:addNew(95)) - e2fcfc86-2f0c-4267-bafe-682e5fd2fca7: addNew group-6F6174E45E92:[2424882f-c429-4c69-9245-ccac92145c6c|rpc:10.1.0.37:43989|dataStream:|priority:0, 0bf441c2-8cd8-4ced-8476-22eca18377b1|rpc:10.1.0.37:38591|dataStream:|priority:0, e2fcfc86-2f0c-4267-bafe-682e5fd2fca7|rpc:10.1.0.37:43155|dataStream:|priority:1] returns group-6F6174E45E92:java.util.concurrent.CompletableFuture@35f56a6c[Not completed]
2021-08-17 11:50:18,093 [Listener at 127.0.0.1/40861] INFO  volume.MutableVolumeSet (MutableVolumeSet.java:initializeVolumeSet(181)) - Added Volume : /home/runner/work/ozone/ozone/hadoop-ozone/integration-test/target/test-dir/MiniOzoneClusterImpl-a1e163cb-5647-48ea-b1dc-b51dce44f61a/datanode-8/data-0/containers/hdds to VolumeSet
2021-08-17 11:50:18,093 [Listener at 127.0.0.1/40861] INFO  volume.ThrottledAsyncChecker (ThrottledAsyncChecker.java:schedule(141)) - Scheduling a check for /home/runner/work/ozone/ozone/hadoop-ozone/integration-test/target/test-dir/MiniOzoneClusterImpl-a1e163cb-5647-48ea-b1dc-b51dce44f61a/datanode-8/data-0/containers/hdds
2021-08-17 11:50:18,108 [pool-806-thread-1] INFO  server.RaftServer$Division (RaftServerImpl.java:<init>(181)) - e2fcfc86-2f0c-4267-bafe-682e5fd2fca7: new RaftServerImpl for group-6F6174E45E92:[2424882f-c429-4c69-9245-ccac92145c6c|rpc:10.1.0.37:43989|dataStream:|priority:0, 0bf441c2-8cd8-4ced-8476-22eca18377b1|rpc:10.1.0.37:38591|dataStream:|priority:0, e2fcfc86-2f0c-4267-bafe-682e5fd2fca7|rpc:10.1.0.37:43155|dataStream:|priority:1] with ContainerStateMachine:uninitialized
2021-08-17 11:50:18,108 [pool-806-thread-1] INFO  server.RaftServerConfigKeys (ConfUtils.java:logGet(44)) - raft.server.rpc.timeout.min = 5s (custom)
2021-08-17 11:50:18,108 [pool-806-thread-1] INFO  server.RaftServerConfigKeys (ConfUtils.java:logGet(44)) - raft.server.rpc.timeout.max = 5200ms (custom)
2021-08-17 11:50:18,108 [pool-806-thread-1] INFO  server.RaftServerConfigKeys (ConfUtils.java:logGet(44)) - raft.server.rpc.sleep.time = 25ms (default)
2021-08-17 11:50:18,108 [pool-806-thread-1] INFO  server.RaftServerConfigKeys (ConfUtils.java:logGet(44)) - raft.server.rpc.slowness.timeout = 300000ms (custom)
2021-08-17 11:50:18,108 [pool-806-thread-1] INFO  server.RaftServerConfigKeys (ConfUtils.java:logGet(44)) - raft.server.leaderelection.leader.step-down.wait-time = 10s (default)
2021-08-17 11:50:18,108 [pool-806-thread-1] INFO  server.RaftServerConfigKeys (ConfUtils.java:logGet(44)) - raft.server.sleep.deviation.threshold = 300ms (default)
2021-08-17 11:50:18,108 [pool-806-thread-1] INFO  server.RaftServerConfigKeys (ConfUtils.java:logGet(44)) - raft.server.log.appender.install.snapshot.enabled = false (custom)
2021-08-17 11:50:18,108 [pool-806-thread-1] INFO  server.RaftServer$Division (ServerState.java:<init>(105)) - e2fcfc86-2f0c-4267-bafe-682e5fd2fca7@group-6F6174E45E92: ConfigurationManager, init=-1: [2424882f-c429-4c69-9245-ccac92145c6c|rpc:10.1.0.37:43989|dataStream:|priority:0, 0bf441c2-8cd8-4ced-8476-22eca18377b1|rpc:10.1.0.37:38591|dataStream:|priority:0, e2fcfc86-2f0c-4267-bafe-682e5fd2fca7|rpc:10.1.0.37:43155|dataStream:|priority:1], old=null, confs=<EMPTY_MAP>
2021-08-17 11:50:18,108 [pool-806-thread-1] INFO  server.RaftServerConfigKeys (ConfUtils.java:logGet(44)) - raft.server.storage.dir = [/home/runner/work/ozone/ozone/hadoop-ozone/integration-test/target/test-dir/MiniOzoneClusterImpl-a1e163cb-5647-48ea-b1dc-b51dce44f61a/datanode-1/data/ratis] (custom)
2021-08-17 11:50:18,109 [pool-806-thread-1] INFO  server.RaftServerConfigKeys (ConfUtils.java:logGet(44)) - raft.server.log.corruption.policy = EXCEPTION (default)
2021-08-17 11:50:18,109 [pool-806-thread-1] INFO  server.RaftServerConfigKeys (ConfUtils.java:logGet(44)) - raft.server.storage.free-space.min = 0MB (=0) (default)
2021-08-17 11:50:18,109 [pool-806-thread-1] INFO  storage.RaftStorageDirectory (RaftStorageDirectoryImpl.java:analyzeStorage(135)) - The storage directory /home/runner/work/ozone/ozone/hadoop-ozone/integration-test/target/test-dir/MiniOzoneClusterImpl-a1e163cb-5647-48ea-b1dc-b51dce44f61a/datanode-1/data/ratis/119cf746-ef48-4aaf-bc65-6f6174e45e92 does not exist. Creating ...
2021-08-17 11:50:18,123 [pool-806-thread-1] INFO  storage.RaftStorageDirectory (RaftStorageDirectoryImpl.java:tryLock(230)) - Lock on /home/runner/work/ozone/ozone/hadoop-ozone/integration-test/target/test-dir/MiniOzoneClusterImpl-a1e163cb-5647-48ea-b1dc-b51dce44f61a/datanode-1/data/ratis/119cf746-ef48-4aaf-bc65-6f6174e45e92/in_use.lock acquired by nodename 3236@fv-az297-666
2021-08-17 11:50:18,125 [pool-806-thread-1] INFO  storage.RaftStorage (RaftStorageImpl.java:format(89)) - Storage directory /home/runner/work/ozone/ozone/hadoop-ozone/integration-test/target/test-dir/MiniOzoneClusterImpl-a1e163cb-5647-48ea-b1dc-b51dce44f61a/datanode-1/data/ratis/119cf746-ef48-4aaf-bc65-6f6174e45e92 has been successfully formatted.
2021-08-17 11:50:18,136 [Listener at 127.0.0.1/40861] INFO  volume.StorageVolumeChecker (StorageVolumeChecker.java:checkAllVolumes(202)) - Scheduled health check for volume /home/runner/work/ozone/ozone/hadoop-ozone/integration-test/target/test-dir/MiniOzoneClusterImpl-a1e163cb-5647-48ea-b1dc-b51dce44f61a/datanode-8/data-0/containers/hdds
2021-08-17 11:50:18,152 [IPC Server handler 8 on default port 35007] INFO  net.NetworkTopologyImpl (NetworkTopologyImpl.java:add(112)) - Added a new node: /default-rack/e067f3b0-4632-4f84-b71c-08c70f7756fb
2021-08-17 11:50:18,152 [IPC Server handler 8 on default port 35007] INFO  node.SCMNodeManager (SCMNodeManager.java:register(390)) - Registered Data node : e067f3b0-4632-4f84-b71c-08c70f7756fb{ip: 10.1.0.37, host: fv-az297-666.nmf1rxwemy4u5di1sxxf4ejcwb.jx.internal.cloudapp.net, ports: [REPLICATION=37935, RATIS=40437, RATIS_ADMIN=40437, RATIS_SERVER=40437, STANDALONE=36089], networkLocation: /default-rack, certSerialId: null, persistedOpState: null, persistedOpStateExpiryEpochSec: 0}
2021-08-17 11:50:18,153 [EventQueue-NewNodeForNewNodeHandler] INFO  pipeline.BackgroundPipelineCreator (BackgroundPipelineCreatorV2.java:notifyEventTriggered(285)) - trigger a one-shot run on RatisPipelineUtilsThread.
2021-08-17 11:50:18,153 [RatisPipelineUtilsThread - 0] INFO  pipeline.RatisPipelineProvider (RatisPipelineProvider.java:lambda$create$0(183)) - Sending CreatePipelineCommand for pipeline:PipelineID=4ca2aa2c-7e17-4bc1-bf77-1f4f0910e0f4 to datanode:e067f3b0-4632-4f84-b71c-08c70f7756fb
2021-08-17 11:50:18,154 [RatisPipelineUtilsThread - 0] INFO  pipeline.PipelineStateManager (PipelineStateManagerV2Impl.java:addPipeline(101)) - Created pipeline Pipeline[ Id: 4ca2aa2c-7e17-4bc1-bf77-1f4f0910e0f4, Nodes: e067f3b0-4632-4f84-b71c-08c70f7756fb{ip: 10.1.0.37, host: fv-az297-666.nmf1rxwemy4u5di1sxxf4ejcwb.jx.internal.cloudapp.net, ports: [REPLICATION=37935, RATIS=40437, RATIS_ADMIN=40437, RATIS_SERVER=40437, STANDALONE=36089], networkLocation: /default-rack, certSerialId: null, persistedOpState: IN_SERVICE, persistedOpStateExpiryEpochSec: 0}, ReplicationConfig: RATIS/ONE, State:ALLOCATED, leaderId:, CreationTimestamp2021-08-17T11:50:18.153Z[Etc/UTC]].
2021-08-17 11:50:18,189 [Listener at 127.0.0.1/40861] INFO  volume.MutableVolumeSet (MutableVolumeSet.java:initializeVolumeSet(181)) - Added Volume : /home/runner/work/ozone/ozone/hadoop-ozone/integration-test/target/test-dir/MiniOzoneClusterImpl-a1e163cb-5647-48ea-b1dc-b51dce44f61a/datanode-8/data/ratis to VolumeSet
2021-08-17 11:50:18,189 [Listener at 127.0.0.1/40861] INFO  volume.ThrottledAsyncChecker (ThrottledAsyncChecker.java:schedule(141)) - Scheduling a check for /home/runner/work/ozone/ozone/hadoop-ozone/integration-test/target/test-dir/MiniOzoneClusterImpl-a1e163cb-5647-48ea-b1dc-b51dce44f61a/datanode-8/data/ratis
2021-08-17 11:50:18,217 [Listener at 127.0.0.1/40861] INFO  volume.StorageVolumeChecker (StorageVolumeChecker.java:checkAllVolumes(202)) - Scheduled health check for volume /home/runner/work/ozone/ozone/hadoop-ozone/integration-test/target/test-dir/MiniOzoneClusterImpl-a1e163cb-5647-48ea-b1dc-b51dce44f61a/datanode-8/data/ratis
2021-08-17 11:50:18,225 [pool-806-thread-1] INFO  ratis.ContainerStateMachine (ContainerStateMachine.java:loadSnapshot(225)) - group-6F6174E45E92: The snapshot info is null. Setting the last applied indexto:(t:0, i:~)
2021-08-17 11:50:18,225 [pool-806-thread-1] INFO  server.RaftServerConfigKeys (ConfUtils.java:logGet(44)) - raft.server.notification.no-leader.timeout = 300000ms (custom)
2021-08-17 11:50:18,225 [pool-806-thread-1] INFO  server.RaftServerConfigKeys (ConfUtils.java:logGet(44)) - raft.server.log.use.memory = false (default)
2021-08-17 11:50:18,225 [pool-806-thread-1] INFO  server.RaftServerConfigKeys (ConfUtils.java:logGet(44)) - raft.server.log.purge.gap = 1000000 (custom)
2021-08-17 11:50:18,225 [pool-806-thread-1] INFO  server.RaftServerConfigKeys (ConfUtils.java:logGet(44)) - raft.server.log.appender.buffer.byte-limit = 33554432 (custom)
2021-08-17 11:50:18,225 [pool-806-thread-1] INFO  server.RaftServerConfigKeys (ConfUtils.java:logGet(44)) - raft.server.log.segment.size.max = 1048576 (custom)
2021-08-17 11:50:18,226 [pool-806-thread-1] INFO  server.RaftServerConfigKeys (ConfUtils.java:logGet(44)) - raft.server.log.segment.cache.num.max = 2 (custom)
2021-08-17 11:50:18,226 [pool-806-thread-1] INFO  server.RaftServerConfigKeys (ConfUtils.java:logGet(44)) - raft.server.log.segment.cache.size.max = 200MB (=209715200) (default)
2021-08-17 11:50:18,226 [pool-806-thread-1] INFO  segmented.SegmentedRaftLogWorker (SegmentedRaftLogWorker.java:<init>(182)) - new e2fcfc86-2f0c-4267-bafe-682e5fd2fca7@group-6F6174E45E92-SegmentedRaftLogWorker for RaftStorageImpl:Storage Directory /home/runner/work/ozone/ozone/hadoop-ozone/integration-test/target/test-dir/MiniOzoneClusterImpl-a1e163cb-5647-48ea-b1dc-b51dce44f61a/datanode-1/data/ratis/119cf746-ef48-4aaf-bc65-6f6174e45e92
2021-08-17 11:50:18,226 [pool-806-thread-1] INFO  server.RaftServerConfigKeys (ConfUtils.java:logGet(44)) - raft.server.log.queue.byte-limit = 2147483647 (custom)
2021-08-17 11:50:18,226 [pool-806-thread-1] INFO  server.RaftServerConfigKeys (ConfUtils.java:logGet(44)) - raft.server.log.queue.element-limit = 1024 (custom)
2021-08-17 11:50:18,226 [pool-806-thread-1] INFO  server.RaftServerConfigKeys (ConfUtils.java:logGet(44)) - raft.server.log.segment.size.max = 1048576 (custom)
2021-08-17 11:50:18,226 [pool-806-thread-1] INFO  server.RaftServerConfigKeys (ConfUtils.java:logGet(44)) - raft.server.log.preallocated.size = 16384 (custom)
2021-08-17 11:50:18,226 [pool-806-thread-1] INFO  server.RaftServerConfigKeys (ConfUtils.java:logGet(44)) - raft.server.log.force.sync.num = 128 (default)
2021-08-17 11:50:18,226 [pool-806-thread-1] INFO  server.RaftServerConfigKeys (ConfUtils.java:logGet(44)) - raft.server.log.statemachine.data.sync = true (default)
2021-08-17 11:50:18,226 [pool-806-thread-1] INFO  server.RaftServerConfigKeys (ConfUtils.java:logGet(44)) - raft.server.log.statemachine.data.sync.timeout = 10s (default)
2021-08-17 11:50:18,227 [pool-806-thread-1] INFO  server.RaftServerConfigKeys (ConfUtils.java:logGet(44)) - raft.server.log.statemachine.data.sync.timeout.retry = -1 (default)
2021-08-17 11:50:18,228 [pool-806-thread-1] INFO  server.RaftServerConfigKeys (ConfUtils.java:logGet(44)) - raft.server.log.write.buffer.size = 1048576 (custom)
2021-08-17 11:50:18,229 [pool-806-thread-1] INFO  server.RaftServerConfigKeys (ConfUtils.java:logGet(44)) - raft.server.log.statemachine.data.caching.enabled = true (custom)
2021-08-17 11:50:18,229 [Datanode State Machine Thread - 0] WARN  statemachine.StateContext (StateContext.java:execute(621)) - No available thread in pool for past 1 seconds.
2021-08-17 11:50:18,233 [pool-806-thread-1] INFO  segmented.SegmentedRaftLogWorker (SegmentedRaftLogWorker.java:lambda$new$0(133)) - e2fcfc86-2f0c-4267-bafe-682e5fd2fca7@group-6F6174E45E92-SegmentedRaftLogWorker: flushIndex: setUnconditionally 0 -> -1
2021-08-17 11:50:18,233 [pool-806-thread-1] INFO  segmented.SegmentedRaftLogWorker (SegmentedRaftLogWorker.java:lambda$new$0(133)) - e2fcfc86-2f0c-4267-bafe-682e5fd2fca7@group-6F6174E45E92-SegmentedRaftLogWorker: safeCacheEvictIndex: setUnconditionally 0 -> -1
2021-08-17 11:50:18,249 [pool-806-thread-1] INFO  server.RaftServerConfigKeys (ConfUtils.java:logGet(44)) - raft.server.snapshot.auto.trigger.enabled = true (custom)
2021-08-17 11:50:18,249 [pool-806-thread-1] INFO  server.RaftServerConfigKeys (ConfUtils.java:logGet(44)) - raft.server.snapshot.auto.trigger.threshold = 10000 (custom)
2021-08-17 11:50:18,249 [pool-806-thread-1] INFO  server.RaftServerConfigKeys (ConfUtils.java:logGet(44)) - raft.server.snapshot.retention.file.num = 5 (custom)
2021-08-17 11:50:18,249 [pool-806-thread-1] INFO  server.RaftServerConfigKeys (ConfUtils.java:logGet(44)) - raft.server.log.purge.upto.snapshot.index = false (default)
2021-08-17 11:50:18,249 [pool-806-thread-1] INFO  server.RaftServerConfigKeys (ConfUtils.java:logGet(44)) - raft.server.retrycache.expirytime = 600000ms (custom)
2021-08-17 11:50:18,249 [pool-806-thread-1] INFO  server.RaftServerConfigKeys (ConfUtils.java:logGet(44)) - raft.server.retrycache.statistics.expirytime = 100μs (default)
2021-08-17 11:50:18,251 [pool-806-thread-1] INFO  server.RaftServer$Division (RaftServerImpl.java:start(296)) - e2fcfc86-2f0c-4267-bafe-682e5fd2fca7@group-6F6174E45E92: start as a follower, conf=-1: [2424882f-c429-4c69-9245-ccac92145c6c|rpc:10.1.0.37:43989|dataStream:|priority:0, 0bf441c2-8cd8-4ced-8476-22eca18377b1|rpc:10.1.0.37:38591|dataStream:|priority:0, e2fcfc86-2f0c-4267-bafe-682e5fd2fca7|rpc:10.1.0.37:43155|dataStream:|priority:1], old=null
2021-08-17 11:50:18,251 [pool-806-thread-1] INFO  server.RaftServer$Division (RaftServerImpl.java:setRole(285)) - e2fcfc86-2f0c-4267-bafe-682e5fd2fca7@group-6F6174E45E92: changes role from      null to FOLLOWER at term 0 for startAsFollower
2021-08-17 11:50:18,251 [pool-806-thread-1] INFO  impl.RoleInfo (RoleInfo.java:updateAndGet(130)) - e2fcfc86-2f0c-4267-bafe-682e5fd2fca7: start e2fcfc86-2f0c-4267-bafe-682e5fd2fca7@group-6F6174E45E92-FollowerState
2021-08-17 11:50:18,257 [pool-806-thread-1] INFO  util.JmxRegister (JmxRegister.java:tryRegister(44)) - Successfully registered JMX Bean with object name Ratis:service=RaftServer,group=group-6F6174E45E92,id=e2fcfc86-2f0c-4267-bafe-682e5fd2fca7
2021-08-17 11:50:18,328 [Command processor thread] INFO  server.RaftServer (RaftServerProxy.java:addNew(95)) - e2fcfc86-2f0c-4267-bafe-682e5fd2fca7: addNew group-547B605A4635:[e2fcfc86-2f0c-4267-bafe-682e5fd2fca7|rpc:10.1.0.37:43155|priority:1] returns group-547B605A4635:java.util.concurrent.CompletableFuture@41a1e3d4[Not completed]
2021-08-17 11:50:18,329 [pool-806-thread-1] INFO  server.RaftServer$Division (RaftServerImpl.java:<init>(181)) - e2fcfc86-2f0c-4267-bafe-682e5fd2fca7: new RaftServerImpl for group-547B605A4635:[e2fcfc86-2f0c-4267-bafe-682e5fd2fca7|rpc:10.1.0.37:43155|priority:1] with ContainerStateMachine:uninitialized
2021-08-17 11:50:18,329 [pool-806-thread-1] INFO  server.RaftServerConfigKeys (ConfUtils.java:logGet(44)) - raft.server.rpc.timeout.min = 5s (custom)
2021-08-17 11:50:18,329 [pool-806-thread-1] INFO  server.RaftServerConfigKeys (ConfUtils.java:logGet(44)) - raft.server.rpc.timeout.max = 5200ms (custom)
2021-08-17 11:50:18,329 [pool-806-thread-1] INFO  server.RaftServerConfigKeys (ConfUtils.java:logGet(44)) - raft.server.rpc.sleep.time = 25ms (default)
2021-08-17 11:50:18,329 [pool-806-thread-1] INFO  server.RaftServerConfigKeys (ConfUtils.java:logGet(44)) - raft.server.rpc.slowness.timeout = 300000ms (custom)
2021-08-17 11:50:18,329 [pool-806-thread-1] INFO  server.RaftServerConfigKeys (ConfUtils.java:logGet(44)) - raft.server.leaderelection.leader.step-down.wait-time = 10s (default)
2021-08-17 11:50:18,329 [pool-806-thread-1] INFO  server.RaftServerConfigKeys (ConfUtils.java:logGet(44)) - raft.server.sleep.deviation.threshold = 300ms (default)
2021-08-17 11:50:18,329 [pool-806-thread-1] INFO  server.RaftServerConfigKeys (ConfUtils.java:logGet(44)) - raft.server.log.appender.install.snapshot.enabled = false (custom)
2021-08-17 11:50:18,329 [pool-806-thread-1] INFO  server.RaftServer$Division (ServerState.java:<init>(105)) - e2fcfc86-2f0c-4267-bafe-682e5fd2fca7@group-547B605A4635: ConfigurationManager, init=-1: [e2fcfc86-2f0c-4267-bafe-682e5fd2fca7|rpc:10.1.0.37:43155|priority:1], old=null, confs=<EMPTY_MAP>
2021-08-17 11:50:18,329 [pool-806-thread-1] INFO  server.RaftServerConfigKeys (ConfUtils.java:logGet(44)) - raft.server.storage.dir = [/home/runner/work/ozone/ozone/hadoop-ozone/integration-test/target/test-dir/MiniOzoneClusterImpl-a1e163cb-5647-48ea-b1dc-b51dce44f61a/datanode-1/data/ratis] (custom)
2021-08-17 11:50:18,329 [pool-806-thread-1] INFO  server.RaftServerConfigKeys (ConfUtils.java:logGet(44)) - raft.server.log.corruption.policy = EXCEPTION (default)
2021-08-17 11:50:18,329 [pool-806-thread-1] INFO  server.RaftServerConfigKeys (ConfUtils.java:logGet(44)) - raft.server.storage.free-space.min = 0MB (=0) (default)
2021-08-17 11:50:18,330 [pool-806-thread-1] INFO  storage.RaftStorageDirectory (RaftStorageDirectoryImpl.java:analyzeStorage(135)) - The storage directory /home/runner/work/ozone/ozone/hadoop-ozone/integration-test/target/test-dir/MiniOzoneClusterImpl-a1e163cb-5647-48ea-b1dc-b51dce44f61a/datanode-1/data/ratis/bb9a7bf4-234c-4ebf-870c-547b605a4635 does not exist. Creating ...
2021-08-17 11:50:18,369 [pool-806-thread-1] INFO  storage.RaftStorageDirectory (RaftStorageDirectoryImpl.java:tryLock(230)) - Lock on /home/runner/work/ozone/ozone/hadoop-ozone/integration-test/target/test-dir/MiniOzoneClusterImpl-a1e163cb-5647-48ea-b1dc-b51dce44f61a/datanode-1/data/ratis/bb9a7bf4-234c-4ebf-870c-547b605a4635/in_use.lock acquired by nodename 3236@fv-az297-666
2021-08-17 11:50:18,388 [grpc-default-executor-6] INFO  server.RaftServer (RaftServerProxy.java:addNew(95)) - 0bf441c2-8cd8-4ced-8476-22eca18377b1: addNew group-6F6174E45E92:[2424882f-c429-4c69-9245-ccac92145c6c|rpc:10.1.0.37:43989|dataStream:|priority:0, 0bf441c2-8cd8-4ced-8476-22eca18377b1|rpc:10.1.0.37:38591|dataStream:|priority:0, e2fcfc86-2f0c-4267-bafe-682e5fd2fca7|rpc:10.1.0.37:43155|dataStream:|priority:1] returns group-6F6174E45E92:java.util.concurrent.CompletableFuture@36899493[Not completed]
2021-08-17 11:50:18,395 [pool-825-thread-1] INFO  server.RaftServer$Division (RaftServerImpl.java:<init>(181)) - 0bf441c2-8cd8-4ced-8476-22eca18377b1: new RaftServerImpl for group-6F6174E45E92:[2424882f-c429-4c69-9245-ccac92145c6c|rpc:10.1.0.37:43989|dataStream:|priority:0, 0bf441c2-8cd8-4ced-8476-22eca18377b1|rpc:10.1.0.37:38591|dataStream:|priority:0, e2fcfc86-2f0c-4267-bafe-682e5fd2fca7|rpc:10.1.0.37:43155|dataStream:|priority:1] with ContainerStateMachine:uninitialized
2021-08-17 11:50:18,395 [pool-825-thread-1] INFO  server.RaftServerConfigKeys (ConfUtils.java:logGet(44)) - raft.server.rpc.timeout.min = 5s (custom)
2021-08-17 11:50:18,395 [pool-825-thread-1] INFO  server.RaftServerConfigKeys (ConfUtils.java:logGet(44)) - raft.server.rpc.timeout.max = 5200ms (custom)
2021-08-17 11:50:18,395 [pool-825-thread-1] INFO  server.RaftServerConfigKeys (ConfUtils.java:logGet(44)) - raft.server.rpc.sleep.time = 25ms (default)
2021-08-17 11:50:18,395 [pool-825-thread-1] INFO  server.RaftServerConfigKeys (ConfUtils.java:logGet(44)) - raft.server.rpc.slowness.timeout = 300000ms (custom)
2021-08-17 11:50:18,395 [pool-825-thread-1] INFO  server.RaftServerConfigKeys (ConfUtils.java:logGet(44)) - raft.server.leaderelection.leader.step-down.wait-time = 10s (default)
2021-08-17 11:50:18,395 [pool-825-thread-1] INFO  server.RaftServerConfigKeys (ConfUtils.java:logGet(44)) - raft.server.sleep.deviation.threshold = 300ms (default)
2021-08-17 11:50:18,395 [pool-825-thread-1] INFO  server.RaftServerConfigKeys (ConfUtils.java:logGet(44)) - raft.server.log.appender.install.snapshot.enabled = false (custom)
2021-08-17 11:50:18,396 [pool-825-thread-1] INFO  server.RaftServer$Division (ServerState.java:<init>(105)) - 0bf441c2-8cd8-4ced-8476-22eca18377b1@group-6F6174E45E92: ConfigurationManager, init=-1: [2424882f-c429-4c69-9245-ccac92145c6c|rpc:10.1.0.37:43989|dataStream:|priority:0, 0bf441c2-8cd8-4ced-8476-22eca18377b1|rpc:10.1.0.37:38591|dataStream:|priority:0, e2fcfc86-2f0c-4267-bafe-682e5fd2fca7|rpc:10.1.0.37:43155|dataStream:|priority:1], old=null, confs=<EMPTY_MAP>
2021-08-17 11:50:18,396 [pool-825-thread-1] INFO  server.RaftServerConfigKeys (ConfUtils.java:logGet(44)) - raft.server.storage.dir = [/home/runner/work/ozone/ozone/hadoop-ozone/integration-test/target/test-dir/MiniOzoneClusterImpl-a1e163cb-5647-48ea-b1dc-b51dce44f61a/datanode-2/data/ratis] (custom)
2021-08-17 11:50:18,396 [pool-825-thread-1] INFO  server.RaftServerConfigKeys (ConfUtils.java:logGet(44)) - raft.server.log.corruption.policy = EXCEPTION (default)
2021-08-17 11:50:18,396 [pool-825-thread-1] INFO  server.RaftServerConfigKeys (ConfUtils.java:logGet(44)) - raft.server.storage.free-space.min = 0MB (=0) (default)
2021-08-17 11:50:18,396 [pool-825-thread-1] INFO  storage.RaftStorageDirectory (RaftStorageDirectoryImpl.java:analyzeStorage(135)) - The storage directory /home/runner/work/ozone/ozone/hadoop-ozone/integration-test/target/test-dir/MiniOzoneClusterImpl-a1e163cb-5647-48ea-b1dc-b51dce44f61a/datanode-2/data/ratis/119cf746-ef48-4aaf-bc65-6f6174e45e92 does not exist. Creating ...
2021-08-17 11:50:18,407 [pool-806-thread-1] INFO  storage.RaftStorage (RaftStorageImpl.java:format(89)) - Storage directory /home/runner/work/ozone/ozone/hadoop-ozone/integration-test/target/test-dir/MiniOzoneClusterImpl-a1e163cb-5647-48ea-b1dc-b51dce44f61a/datanode-1/data/ratis/bb9a7bf4-234c-4ebf-870c-547b605a4635 has been successfully formatted.
2021-08-17 11:50:18,407 [pool-806-thread-1] INFO  ratis.ContainerStateMachine (ContainerStateMachine.java:loadSnapshot(225)) - group-547B605A4635: The snapshot info is null. Setting the last applied indexto:(t:0, i:~)
2021-08-17 11:50:18,407 [pool-806-thread-1] INFO  server.RaftServerConfigKeys (ConfUtils.java:logGet(44)) - raft.server.notification.no-leader.timeout = 300000ms (custom)
2021-08-17 11:50:18,407 [pool-806-thread-1] INFO  server.RaftServerConfigKeys (ConfUtils.java:logGet(44)) - raft.server.log.use.memory = false (default)
2021-08-17 11:50:18,407 [pool-806-thread-1] INFO  server.RaftServerConfigKeys (ConfUtils.java:logGet(44)) - raft.server.log.purge.gap = 1000000 (custom)
2021-08-17 11:50:18,407 [pool-806-thread-1] INFO  server.RaftServerConfigKeys (ConfUtils.java:logGet(44)) - raft.server.log.appender.buffer.byte-limit = 33554432 (custom)
2021-08-17 11:50:18,407 [pool-806-thread-1] INFO  server.RaftServerConfigKeys (ConfUtils.java:logGet(44)) - raft.server.log.segment.size.max = 1048576 (custom)
2021-08-17 11:50:18,408 [pool-806-thread-1] INFO  server.RaftServerConfigKeys (ConfUtils.java:logGet(44)) - raft.server.log.segment.cache.num.max = 2 (custom)
2021-08-17 11:50:18,408 [pool-806-thread-1] INFO  server.RaftServerConfigKeys (ConfUtils.java:logGet(44)) - raft.server.log.segment.cache.size.max = 200MB (=209715200) (default)
2021-08-17 11:50:18,408 [pool-806-thread-1] INFO  segmented.SegmentedRaftLogWorker (SegmentedRaftLogWorker.java:<init>(182)) - new e2fcfc86-2f0c-4267-bafe-682e5fd2fca7@group-547B605A4635-SegmentedRaftLogWorker for RaftStorageImpl:Storage Directory /home/runner/work/ozone/ozone/hadoop-ozone/integration-test/target/test-dir/MiniOzoneClusterImpl-a1e163cb-5647-48ea-b1dc-b51dce44f61a/datanode-1/data/ratis/bb9a7bf4-234c-4ebf-870c-547b605a4635
2021-08-17 11:50:18,408 [pool-806-thread-1] INFO  server.RaftServerConfigKeys (ConfUtils.java:logGet(44)) - raft.server.log.queue.byte-limit = 2147483647 (custom)
2021-08-17 11:50:18,408 [pool-806-thread-1] INFO  server.RaftServerConfigKeys (ConfUtils.java:logGet(44)) - raft.server.log.queue.element-limit = 1024 (custom)
2021-08-17 11:50:18,408 [pool-806-thread-1] INFO  server.RaftServerConfigKeys (ConfUtils.java:logGet(44)) - raft.server.log.segment.size.max = 1048576 (custom)
2021-08-17 11:50:18,408 [pool-806-thread-1] INFO  server.RaftServerConfigKeys (ConfUtils.java:logGet(44)) - raft.server.log.preallocated.size = 16384 (custom)
2021-08-17 11:50:18,408 [pool-806-thread-1] INFO  server.RaftServerConfigKeys (ConfUtils.java:logGet(44)) - raft.server.log.force.sync.num = 128 (default)
2021-08-17 11:50:18,408 [pool-806-thread-1] INFO  server.RaftServerConfigKeys (ConfUtils.java:logGet(44)) - raft.server.log.statemachine.data.sync = true (default)
2021-08-17 11:50:18,409 [pool-806-thread-1] INFO  server.RaftServerConfigKeys (ConfUtils.java:logGet(44)) - raft.server.log.statemachine.data.sync.timeout = 10s (default)
2021-08-17 11:50:18,409 [pool-806-thread-1] INFO  server.RaftServerConfigKeys (ConfUtils.java:logGet(44)) - raft.server.log.statemachine.data.sync.timeout.retry = -1 (default)
2021-08-17 11:50:18,409 [Datanode State Machine Thread - 0] WARN  statemachine.StateContext (StateContext.java:execute(621)) - No available thread in pool for past 1 seconds.
2021-08-17 11:50:18,414 [EventQueue-PipelineReportForPipelineReportHandler] INFO  pipeline.PipelineManagerImpl (PipelineManagerImpl.java:openPipeline(283)) - Pipeline Pipeline[ Id: bb9a7bf4-234c-4ebf-870c-547b605a4635, Nodes: e2fcfc86-2f0c-4267-bafe-682e5fd2fca7{ip: 10.1.0.37, host: fv-az297-666.nmf1rxwemy4u5di1sxxf4ejcwb.jx.internal.cloudapp.net, ports: [REPLICATION=44975, RATIS=43155, RATIS_ADMIN=43155, RATIS_SERVER=43155, STANDALONE=34739], networkLocation: /default-rack, certSerialId: null, persistedOpState: IN_SERVICE, persistedOpStateExpiryEpochSec: 0}, ReplicationConfig: RATIS/ONE, State:ALLOCATED, leaderId:e2fcfc86-2f0c-4267-bafe-682e5fd2fca7, CreationTimestamp2021-08-17T11:50:15.350Z[Etc/UTC]] moved to OPEN state
2021-08-17 11:50:18,414 [EventQueue-OpenPipelineForHealthyPipelineSafeModeRule] INFO  safemode.SCMSafeModeManager (HealthyPipelineSafeModeRule.java:process(124)) - SCM in safe mode. Healthy pipelines reported count is 0, required healthy pipeline reported count is 1
2021-08-17 11:50:18,424 [pool-806-thread-1] INFO  server.RaftServerConfigKeys (ConfUtils.java:logGet(44)) - raft.server.log.write.buffer.size = 1048576 (custom)
2021-08-17 11:50:18,425 [pool-806-thread-1] INFO  server.RaftServerConfigKeys (ConfUtils.java:logGet(44)) - raft.server.log.statemachine.data.caching.enabled = true (custom)
2021-08-17 11:50:18,425 [pool-806-thread-1] INFO  segmented.SegmentedRaftLogWorker (SegmentedRaftLogWorker.java:lambda$new$0(133)) - e2fcfc86-2f0c-4267-bafe-682e5fd2fca7@group-547B605A4635-SegmentedRaftLogWorker: flushIndex: setUnconditionally 0 -> -1
2021-08-17 11:50:18,425 [pool-806-thread-1] INFO  segmented.SegmentedRaftLogWorker (SegmentedRaftLogWorker.java:lambda$new$0(133)) - e2fcfc86-2f0c-4267-bafe-682e5fd2fca7@group-547B605A4635-SegmentedRaftLogWorker: safeCacheEvictIndex: setUnconditionally 0 -> -1
2021-08-17 11:50:18,431 [pool-825-thread-1] INFO  storage.RaftStorageDirectory (RaftStorageDirectoryImpl.java:tryLock(230)) - Lock on /home/runner/work/ozone/ozone/hadoop-ozone/integration-test/target/test-dir/MiniOzoneClusterImpl-a1e163cb-5647-48ea-b1dc-b51dce44f61a/datanode-2/data/ratis/119cf746-ef48-4aaf-bc65-6f6174e45e92/in_use.lock acquired by nodename 3236@fv-az297-666
2021-08-17 11:50:18,450 [pool-825-thread-1] INFO  storage.RaftStorage (RaftStorageImpl.java:format(89)) - Storage directory /home/runner/work/ozone/ozone/hadoop-ozone/integration-test/target/test-dir/MiniOzoneClusterImpl-a1e163cb-5647-48ea-b1dc-b51dce44f61a/datanode-2/data/ratis/119cf746-ef48-4aaf-bc65-6f6174e45e92 has been successfully formatted.
2021-08-17 11:50:18,453 [pool-806-thread-1] INFO  server.RaftServerConfigKeys (ConfUtils.java:logGet(44)) - raft.server.snapshot.auto.trigger.enabled = true (custom)
2021-08-17 11:50:18,453 [pool-806-thread-1] INFO  server.RaftServerConfigKeys (ConfUtils.java:logGet(44)) - raft.server.snapshot.auto.trigger.threshold = 10000 (custom)
2021-08-17 11:50:18,453 [pool-806-thread-1] INFO  server.RaftServerConfigKeys (ConfUtils.java:logGet(44)) - raft.server.snapshot.retention.file.num = 5 (custom)
2021-08-17 11:50:18,453 [pool-806-thread-1] INFO  server.RaftServerConfigKeys (ConfUtils.java:logGet(44)) - raft.server.log.purge.upto.snapshot.index = false (default)
2021-08-17 11:50:18,453 [pool-806-thread-1] INFO  server.RaftServerConfigKeys (ConfUtils.java:logGet(44)) - raft.server.retrycache.expirytime = 600000ms (custom)
2021-08-17 11:50:18,453 [pool-806-thread-1] INFO  server.RaftServerConfigKeys (ConfUtils.java:logGet(44)) - raft.server.retrycache.statistics.expirytime = 100μs (default)
2021-08-17 11:50:18,470 [pool-806-thread-1] INFO  server.RaftServer$Division (RaftServerImpl.java:start(296)) - e2fcfc86-2f0c-4267-bafe-682e5fd2fca7@group-547B605A4635: start as a follower, conf=-1: [e2fcfc86-2f0c-4267-bafe-682e5fd2fca7|rpc:10.1.0.37:43155|priority:1], old=null
2021-08-17 11:50:18,470 [pool-806-thread-1] INFO  server.RaftServer$Division (RaftServerImpl.java:setRole(285)) - e2fcfc86-2f0c-4267-bafe-682e5fd2fca7@group-547B605A4635: changes role from      null to FOLLOWER at term 0 for startAsFollower
2021-08-17 11:50:18,470 [pool-806-thread-1] INFO  impl.RoleInfo (RoleInfo.java:updateAndGet(130)) - e2fcfc86-2f0c-4267-bafe-682e5fd2fca7: start e2fcfc86-2f0c-4267-bafe-682e5fd2fca7@group-547B605A4635-FollowerState
2021-08-17 11:50:18,470 [pool-806-thread-1] INFO  util.JmxRegister (JmxRegister.java:tryRegister(44)) - Successfully registered JMX Bean with object name Ratis:service=RaftServer,group=group-547B605A4635,id=e2fcfc86-2f0c-4267-bafe-682e5fd2fca7
2021-08-17 11:50:18,471 [Command processor thread] INFO  ratis.XceiverServerRatis (XceiverServerRatis.java:addGroup(763)) - Created group PipelineID=bb9a7bf4-234c-4ebf-870c-547b605a4635
2021-08-17 11:50:18,471 [Command processor thread] INFO  commandhandler.CreatePipelineCommandHandler (CreatePipelineCommandHandler.java:handle(106)) - Created Pipeline RATIS ONE PipelineID=bb9a7bf4-234c-4ebf-870c-547b605a4635.
2021-08-17 11:50:18,471 [pool-825-thread-1] INFO  ratis.ContainerStateMachine (ContainerStateMachine.java:loadSnapshot(225)) - group-6F6174E45E92: The snapshot info is null. Setting the last applied indexto:(t:0, i:~)
2021-08-17 11:50:18,471 [EndpointStateMachine task thread for /0.0.0.0:35007 - 0 ] INFO  ozoneimpl.OzoneContainer (OzoneContainer.java:start(305)) - Attempting to start container services.
2021-08-17 11:50:18,471 [EndpointStateMachine task thread for /0.0.0.0:35007 - 0 ] INFO  ozoneimpl.OzoneContainer (OzoneContainer.java:startContainerScrub(250)) - Background container scanner has been disabled.
2021-08-17 11:50:18,472 [EndpointStateMachine task thread for /0.0.0.0:35007 - 0 ] INFO  replication.ReplicationServer (ReplicationServer.java:start(106)) - ReplicationServer is started using port 34939
2021-08-17 11:50:18,535 [Listener at 127.0.0.1/40861] INFO  ozoneimpl.ContainerReader (ContainerReader.java:<init>(98)) - Running in upgrade mode:true
2021-08-17 11:50:18,515 [Datanode State Machine Thread - 0] WARN  statemachine.StateContext (StateContext.java:execute(621)) - No available thread in pool for past 1 seconds.
2021-08-17 11:50:18,514 [pool-825-thread-1] INFO  server.RaftServerConfigKeys (ConfUtils.java:logGet(44)) - raft.server.notification.no-leader.timeout = 300000ms (custom)
2021-08-17 11:50:18,536 [pool-825-thread-1] INFO  server.RaftServerConfigKeys (ConfUtils.java:logGet(44)) - raft.server.log.use.memory = false (default)
2021-08-17 11:50:18,536 [pool-825-thread-1] INFO  server.RaftServerConfigKeys (ConfUtils.java:logGet(44)) - raft.server.log.purge.gap = 1000000 (custom)
2021-08-17 11:50:18,536 [pool-825-thread-1] INFO  server.RaftServerConfigKeys (ConfUtils.java:logGet(44)) - raft.server.log.appender.buffer.byte-limit = 33554432 (custom)
2021-08-17 11:50:18,536 [pool-825-thread-1] INFO  server.RaftServerConfigKeys (ConfUtils.java:logGet(44)) - raft.server.log.segment.size.max = 1048576 (custom)
2021-08-17 11:50:18,537 [pool-825-thread-1] INFO  server.RaftServerConfigKeys (ConfUtils.java:logGet(44)) - raft.server.log.segment.cache.num.max = 2 (custom)
2021-08-17 11:50:18,537 [pool-825-thread-1] INFO  server.RaftServerConfigKeys (ConfUtils.java:logGet(44)) - raft.server.log.segment.cache.size.max = 200MB (=209715200) (default)
2021-08-17 11:50:18,537 [pool-825-thread-1] INFO  segmented.SegmentedRaftLogWorker (SegmentedRaftLogWorker.java:<init>(182)) - new 0bf441c2-8cd8-4ced-8476-22eca18377b1@group-6F6174E45E92-SegmentedRaftLogWorker for RaftStorageImpl:Storage Directory /home/runner/work/ozone/ozone/hadoop-ozone/integration-test/target/test-dir/MiniOzoneClusterImpl-a1e163cb-5647-48ea-b1dc-b51dce44f61a/datanode-2/data/ratis/119cf746-ef48-4aaf-bc65-6f6174e45e92
2021-08-17 11:50:18,537 [pool-825-thread-1] INFO  server.RaftServerConfigKeys (ConfUtils.java:logGet(44)) - raft.server.log.queue.byte-limit = 2147483647 (custom)
2021-08-17 11:50:18,537 [pool-825-thread-1] INFO  server.RaftServerConfigKeys (ConfUtils.java:logGet(44)) - raft.server.log.queue.element-limit = 1024 (custom)
2021-08-17 11:50:18,537 [pool-825-thread-1] INFO  server.RaftServerConfigKeys (ConfUtils.java:logGet(44)) - raft.server.log.segment.size.max = 1048576 (custom)
2021-08-17 11:50:18,537 [pool-825-thread-1] INFO  server.RaftServerConfigKeys (ConfUtils.java:logGet(44)) - raft.server.log.preallocated.size = 16384 (custom)
2021-08-17 11:50:18,537 [pool-825-thread-1] INFO  server.RaftServerConfigKeys (ConfUtils.java:logGet(44)) - raft.server.log.force.sync.num = 128 (default)
2021-08-17 11:50:18,537 [pool-825-thread-1] INFO  server.RaftServerConfigKeys (ConfUtils.java:logGet(44)) - raft.server.log.statemachine.data.sync = true (default)
2021-08-17 11:50:18,537 [pool-825-thread-1] INFO  server.RaftServerConfigKeys (ConfUtils.java:logGet(44)) - raft.server.log.statemachine.data.sync.timeout = 10s (default)
2021-08-17 11:50:18,537 [pool-825-thread-1] INFO  server.RaftServerConfigKeys (ConfUtils.java:logGet(44)) - raft.server.log.statemachine.data.sync.timeout.retry = -1 (default)
2021-08-17 11:50:18,561 [Thread-1787] INFO  ozoneimpl.ContainerReader (ContainerReader.java:readVolume(142)) - Start to verify containers on volume /home/runner/work/ozone/ozone/hadoop-ozone/integration-test/target/test-dir/MiniOzoneClusterImpl-a1e163cb-5647-48ea-b1dc-b51dce44f61a/datanode-8/data-0/containers/hdds
2021-08-17 11:50:18,561 [Thread-1787] INFO  ozoneimpl.ContainerReader (ContainerReader.java:readVolume(174)) - Finish verifying containers on volume /home/runner/work/ozone/ozone/hadoop-ozone/integration-test/target/test-dir/MiniOzoneClusterImpl-a1e163cb-5647-48ea-b1dc-b51dce44f61a/datanode-8/data-0/containers/hdds
2021-08-17 11:50:18,561 [Listener at 127.0.0.1/40861] INFO  ozoneimpl.OzoneContainer (OzoneContainer.java:buildContainerSet(237)) - Build ContainerSet costs 0s
2021-08-17 11:50:18,563 [Listener at 127.0.0.1/40861] INFO  server.RaftServer (ConfUtils.java:logGet(44)) - raft.rpc.type = GRPC (default)
2021-08-17 11:50:18,563 [Listener at 127.0.0.1/40861] INFO  grpc.GrpcFactory (GrpcFactory.java:checkPooledByteBufAllocatorUseCacheForAllThreads(48)) - PERFORMANCE WARNING: useCacheForAllThreads is true that may cause Netty to create a lot garbage objects and, as a result, trigger GC.
	It is recommended to disable useCacheForAllThreads by setting -Dorg.apache.ratis.thirdparty.io.netty.allocator.useCacheForAllThreads=false in command line.
2021-08-17 11:50:18,564 [Listener at 127.0.0.1/40861] INFO  grpc.GrpcConfigKeys (ConfUtils.java:logGet(44)) - raft.grpc.admin.port = 0 (custom)
2021-08-17 11:50:18,564 [Listener at 127.0.0.1/40861] INFO  grpc.GrpcConfigKeys (ConfUtils.java:logGet(44)) - raft.grpc.client.port = 0 (custom)
2021-08-17 11:50:18,564 [Listener at 127.0.0.1/40861] INFO  grpc.GrpcConfigKeys (ConfUtils.java:logGet(44)) - raft.grpc.server.port = 0 (default)
2021-08-17 11:50:18,564 [Listener at 127.0.0.1/40861] INFO  server.GrpcService (ConfUtils.java:logGet(44)) - raft.grpc.message.size.max = 32MB (=33554432) (custom)
2021-08-17 11:50:18,564 [Listener at 127.0.0.1/40861] INFO  server.RaftServerConfigKeys (ConfUtils.java:logGet(44)) - raft.server.log.appender.buffer.byte-limit = 33554432 (custom)
2021-08-17 11:50:18,564 [Listener at 127.0.0.1/40861] INFO  server.GrpcService (ConfUtils.java:logGet(44)) - raft.grpc.flow.control.window = 5MB (=5242880) (custom)
2021-08-17 11:50:18,564 [Listener at 127.0.0.1/40861] INFO  server.RaftServerConfigKeys (ConfUtils.java:logGet(44)) - raft.server.rpc.request.timeout = 3000ms (default)
2021-08-17 11:50:18,566 [Listener at 127.0.0.1/40861] INFO  impl.DataStreamServerImpl (ConfUtils.java:logGet(44)) - raft.datastream.type = DISABLED (default)
2021-08-17 11:50:18,566 [Listener at 127.0.0.1/40861] INFO  server.RaftServerConfigKeys (ConfUtils.java:logGet(44)) - raft.server.rpc.slowness.timeout = 300000ms (custom)
2021-08-17 11:50:18,566 [Listener at 127.0.0.1/40861] INFO  server.RaftServerConfigKeys (ConfUtils.java:logGet(44)) - raft.server.leaderelection.leader.step-down.wait-time = 10s (default)
2021-08-17 11:50:18,566 [Listener at 127.0.0.1/40861] INFO  server.RaftServerConfigKeys (ConfUtils.java:logGet(44)) - raft.server.storage.dir = [/home/runner/work/ozone/ozone/hadoop-ozone/integration-test/target/test-dir/MiniOzoneClusterImpl-a1e163cb-5647-48ea-b1dc-b51dce44f61a/datanode-8/data/ratis] (custom)
2021-08-17 11:50:18,572 [Listener at 127.0.0.1/40861] INFO  http.BaseHttpServer (BaseHttpServer.java:newHttpServer2BuilderForOzone(209)) - Starting Web-server for hddsDatanode at: http://0.0.0.0:0
2021-08-17 11:50:18,572 [Listener at 127.0.0.1/40861] INFO  http.BaseHttpServer (BaseHttpServer.java:<init>(107)) - Hadoop Security Enabled: false Ozone Security Enabled: false Ozone HTTP Security Enabled: false 
2021-08-17 11:50:18,573 [Listener at 127.0.0.1/40861] INFO  server.AuthenticationFilter (AuthenticationFilter.java:constructSecretProvider(240)) - Unable to initialize FileSignerSecretProvider, falling back to use random secrets.
2021-08-17 11:50:18,573 [Listener at 127.0.0.1/40861] WARN  http.HttpRequestLog (HttpRequestLog.java:getRequestLog(103)) - Jetty request log can only be enabled using Log4j
2021-08-17 11:50:18,574 [Listener at 127.0.0.1/40861] INFO  http.HttpServer2 (HttpServer2.java:addGlobalFilter(1020)) - Added global filter 'safety' (class=org.apache.hadoop.hdds.server.http.HttpServer2$QuotingInputFilter)
2021-08-17 11:50:18,574 [Listener at 127.0.0.1/40861] INFO  http.HttpServer2 (HttpServer2.java:addFilter(996)) - Added filter static_user_filter (class=org.apache.hadoop.http.lib.StaticUserWebFilter$StaticUserFilter) to context hddsDatanode
2021-08-17 11:50:18,575 [Listener at 127.0.0.1/40861] INFO  http.HttpServer2 (HttpServer2.java:addFilter(1004)) - Added filter static_user_filter (class=org.apache.hadoop.http.lib.StaticUserWebFilter$StaticUserFilter) to context static
2021-08-17 11:50:18,575 [Listener at 127.0.0.1/40861] INFO  http.HttpServer2 (HttpServer2.java:addFilter(1004)) - Added filter static_user_filter (class=org.apache.hadoop.http.lib.StaticUserWebFilter$StaticUserFilter) to context logs
2021-08-17 11:50:18,575 [Listener at 127.0.0.1/40861] INFO  http.HttpServer2 (HttpServer2.java:bindListener(1239)) - Jetty bound to port 43577
2021-08-17 11:50:18,576 [Listener at 127.0.0.1/40861] INFO  server.Server (Server.java:doStart(375)) - jetty-9.4.43.v20210629; built: 2021-06-30T11:07:22.254Z; git: 526006ecfa3af7f1a27ef3a288e2bef7ea9dd7e8; jvm 1.8.0_292-b10
2021-08-17 11:50:18,673 [Listener at 127.0.0.1/40861] INFO  server.session (DefaultSessionIdManager.java:doStart(334)) - DefaultSessionIdManager workerName=node0
2021-08-17 11:50:18,673 [Listener at 127.0.0.1/40861] INFO  server.session (DefaultSessionIdManager.java:doStart(339)) - No SessionScavenger set, using defaults
2021-08-17 11:50:18,673 [Listener at 127.0.0.1/40861] INFO  server.session (HouseKeeper.java:startScavenging(132)) - node0 Scavenging every 600000ms
2021-08-17 11:50:18,709 [Listener at 127.0.0.1/40861] INFO  handler.ContextHandler (ContextHandler.java:doStart(915)) - Started o.e.j.s.ServletContextHandler@6768399d{logs,/logs,file:///home/runner/work/ozone/ozone/hadoop-ozone/integration-test/target/log,AVAILABLE}
2021-08-17 11:50:18,709 [Listener at 127.0.0.1/40861] INFO  handler.ContextHandler (ContextHandler.java:doStart(915)) - Started o.e.j.s.ServletContextHandler@6ca26a81{static,/static,jar:file:/home/runner/.m2/repository/org/apache/ozone/hdds-container-service/1.2.0-SNAPSHOT/hdds-container-service-1.2.0-SNAPSHOT.jar!/webapps/static,AVAILABLE}
2021-08-17 11:50:18,726 [EndpointStateMachine task thread for /0.0.0.0:35007 - 0 ] INFO  ratis.XceiverServerRatis (XceiverServerRatis.java:start(482)) - Starting XceiverServerRatis 4d40c50f-34df-4d8d-ada3-4ecb2b1f4098
2021-08-17 11:50:18,728 [pool-825-thread-1] INFO  server.RaftServerConfigKeys (ConfUtils.java:logGet(44)) - raft.server.log.write.buffer.size = 1048576 (custom)
2021-08-17 11:50:18,729 [pool-825-thread-1] INFO  server.RaftServerConfigKeys (ConfUtils.java:logGet(44)) - raft.server.log.statemachine.data.caching.enabled = true (custom)
2021-08-17 11:50:18,729 [pool-825-thread-1] INFO  segmented.SegmentedRaftLogWorker (SegmentedRaftLogWorker.java:lambda$new$0(133)) - 0bf441c2-8cd8-4ced-8476-22eca18377b1@group-6F6174E45E92-SegmentedRaftLogWorker: flushIndex: setUnconditionally 0 -> -1
2021-08-17 11:50:18,733 [pool-825-thread-1] INFO  segmented.SegmentedRaftLogWorker (SegmentedRaftLogWorker.java:lambda$new$0(133)) - 0bf441c2-8cd8-4ced-8476-22eca18377b1@group-6F6174E45E92-SegmentedRaftLogWorker: safeCacheEvictIndex: setUnconditionally 0 -> -1
2021-08-17 11:50:18,733 [EndpointStateMachine task thread for /0.0.0.0:35007 - 0 ] INFO  server.RaftServer (RaftServerProxy.java:lambda$start$5(374)) - 4d40c50f-34df-4d8d-ada3-4ecb2b1f4098: start RPC server
2021-08-17 11:50:18,750 [EndpointStateMachine task thread for /0.0.0.0:35007 - 0 ] INFO  server.GrpcService (GrpcService.java:startImpl(253)) - 4d40c50f-34df-4d8d-ada3-4ecb2b1f4098: GrpcService started, listening on 38377
2021-08-17 11:50:18,750 [EndpointStateMachine task thread for /0.0.0.0:35007 - 0 ] INFO  ratis.XceiverServerRatis (XceiverServerRatis.java:getRealPort(503)) - XceiverServerRatis 4d40c50f-34df-4d8d-ada3-4ecb2b1f4098 is started using port 38377 for RATIS
2021-08-17 11:50:18,750 [EndpointStateMachine task thread for /0.0.0.0:35007 - 0 ] INFO  ratis.XceiverServerRatis (XceiverServerRatis.java:getRealPort(503)) - XceiverServerRatis 4d40c50f-34df-4d8d-ada3-4ecb2b1f4098 is started using port 38377 for RATIS_ADMIN
2021-08-17 11:50:18,750 [EndpointStateMachine task thread for /0.0.0.0:35007 - 0 ] INFO  ratis.XceiverServerRatis (XceiverServerRatis.java:getRealPort(503)) - XceiverServerRatis 4d40c50f-34df-4d8d-ada3-4ecb2b1f4098 is started using port 38377 for RATIS_SERVER
2021-08-17 11:50:18,772 [EndpointStateMachine task thread for /0.0.0.0:35007 - 0 ] INFO  server.XceiverServerGrpc (XceiverServerGrpc.java:start(135)) - XceiverServerGrpc 4d40c50f-34df-4d8d-ada3-4ecb2b1f4098 is started using port 36211
2021-08-17 11:50:18,849 [pool-825-thread-1] INFO  server.RaftServerConfigKeys (ConfUtils.java:logGet(44)) - raft.server.snapshot.auto.trigger.enabled = true (custom)
2021-08-17 11:50:18,849 [pool-825-thread-1] INFO  server.RaftServerConfigKeys (ConfUtils.java:logGet(44)) - raft.server.snapshot.auto.trigger.threshold = 10000 (custom)
2021-08-17 11:50:18,849 [pool-825-thread-1] INFO  server.RaftServerConfigKeys (ConfUtils.java:logGet(44)) - raft.server.snapshot.retention.file.num = 5 (custom)
2021-08-17 11:50:18,849 [pool-825-thread-1] INFO  server.RaftServerConfigKeys (ConfUtils.java:logGet(44)) - raft.server.log.purge.upto.snapshot.index = false (default)
2021-08-17 11:50:18,849 [pool-825-thread-1] INFO  server.RaftServerConfigKeys (ConfUtils.java:logGet(44)) - raft.server.retrycache.expirytime = 600000ms (custom)
2021-08-17 11:50:18,849 [pool-825-thread-1] INFO  server.RaftServerConfigKeys (ConfUtils.java:logGet(44)) - raft.server.retrycache.statistics.expirytime = 100μs (default)
2021-08-17 11:50:18,851 [pool-825-thread-1] INFO  server.RaftServer$Division (RaftServerImpl.java:start(296)) - 0bf441c2-8cd8-4ced-8476-22eca18377b1@group-6F6174E45E92: start as a follower, conf=-1: [2424882f-c429-4c69-9245-ccac92145c6c|rpc:10.1.0.37:43989|dataStream:|priority:0, 0bf441c2-8cd8-4ced-8476-22eca18377b1|rpc:10.1.0.37:38591|dataStream:|priority:0, e2fcfc86-2f0c-4267-bafe-682e5fd2fca7|rpc:10.1.0.37:43155|dataStream:|priority:1], old=null
2021-08-17 11:50:18,851 [pool-825-thread-1] INFO  server.RaftServer$Division (RaftServerImpl.java:setRole(285)) - 0bf441c2-8cd8-4ced-8476-22eca18377b1@group-6F6174E45E92: changes role from      null to FOLLOWER at term 0 for startAsFollower
2021-08-17 11:50:18,851 [pool-825-thread-1] INFO  impl.RoleInfo (RoleInfo.java:updateAndGet(130)) - 0bf441c2-8cd8-4ced-8476-22eca18377b1: start 0bf441c2-8cd8-4ced-8476-22eca18377b1@group-6F6174E45E92-FollowerState
2021-08-17 11:50:18,853 [org.apache.ratis.util.JvmPauseMonitor$$Lambda$531/89905617@6c7ecbe4] INFO  util.JvmPauseMonitor (JvmPauseMonitor.java:run(103)) - JvmPauseMonitor-4d40c50f-34df-4d8d-ada3-4ecb2b1f4098: Started
2021-08-17 11:50:18,853 [pool-825-thread-1] INFO  util.JmxRegister (JmxRegister.java:tryRegister(44)) - Successfully registered JMX Bean with object name Ratis:service=RaftServer,group=group-6F6174E45E92,id=0bf441c2-8cd8-4ced-8476-22eca18377b1
2021-08-17 11:50:18,945 [Command processor thread] INFO  commandhandler.CreatePipelineCommandHandler (CreatePipelineCommandHandler.java:handle(106)) - Created Pipeline RATIS THREE PipelineID=119cf746-ef48-4aaf-bc65-6f6174e45e92.
2021-08-17 11:50:19,187 [Listener at 127.0.0.1/40861] INFO  handler.ContextHandler (ContextHandler.java:doStart(915)) - Started o.e.j.w.WebAppContext@40584aff{hddsDatanode,/,file:///tmp/jetty-0_0_0_0-43577-hdds-container-service-1_2_0-SNAPSHOT_jar-_-any-772626120636633923/webapp/,AVAILABLE}{jar:file:/home/runner/.m2/repository/org/apache/ozone/hdds-container-service/1.2.0-SNAPSHOT/hdds-container-service-1.2.0-SNAPSHOT.jar!/webapps/hddsDatanode}
2021-08-17 11:50:19,196 [Listener at 127.0.0.1/40861] INFO  server.AbstractConnector (AbstractConnector.java:doStart(331)) - Started ServerConnector@7473419d{HTTP/1.1, (http/1.1)}{0.0.0.0:43577}
2021-08-17 11:50:19,197 [Listener at 127.0.0.1/40861] INFO  server.Server (Server.java:doStart(415)) - Started @239032ms
2021-08-17 11:50:19,197 [Listener at 127.0.0.1/40861] WARN  impl.MetricsSystemImpl (MetricsSystemImpl.java:register(279)) - Sink prometheus already exists!
2021-08-17 11:50:19,197 [Listener at 127.0.0.1/40861] INFO  http.BaseHttpServer (BaseHttpServer.java:updateConnectorAddress(329)) - HTTP server of hddsDatanode listening at http://0.0.0.0:43577
2021-08-17 11:50:19,201 [Listener at 127.0.0.1/40861] INFO  ozone.MiniOzoneClusterImpl (MiniOzoneClusterImpl.java:lambda$waitForClusterToBeReady$0(235)) - Waiting for nodes to be ready. Got 5 of 9 DN Heartbeats.
2021-08-17 11:50:19,201 [Listener at 127.0.0.1/40861] INFO  ozone.MiniOzoneClusterImpl (MiniOzoneClusterImpl.java:lambda$waitForClusterToBeReady$0(238)) - Waiting for cluster to exit safe mode
2021-08-17 11:50:19,201 [Listener at 127.0.0.1/40861] INFO  ozone.MiniOzoneClusterImpl (MiniOzoneClusterImpl.java:lambda$waitForClusterToBeReady$0(240)) - SCM became leader
2021-08-17 11:50:19,305 [org.apache.hadoop.util.JvmPauseMonitor$Monitor@5c04af7e] INFO  util.JvmPauseMonitor (JvmPauseMonitor.java:run(188)) - Starting JVM pause monitor
2021-08-17 11:50:19,353 [IPC Server handler 4 on default port 35007] INFO  net.NetworkTopologyImpl (NetworkTopologyImpl.java:add(112)) - Added a new node: /default-rack/ce9e4e21-b8b3-47e8-a05b-7ed0cb4ed4d0
2021-08-17 11:50:19,354 [IPC Server handler 4 on default port 35007] INFO  node.SCMNodeManager (SCMNodeManager.java:register(390)) - Registered Data node : ce9e4e21-b8b3-47e8-a05b-7ed0cb4ed4d0{ip: 10.1.0.37, host: fv-az297-666.nmf1rxwemy4u5di1sxxf4ejcwb.jx.internal.cloudapp.net, ports: [REPLICATION=40849, RATIS=42995, RATIS_ADMIN=42995, RATIS_SERVER=42995, STANDALONE=43843], networkLocation: /default-rack, certSerialId: null, persistedOpState: null, persistedOpStateExpiryEpochSec: 0}
2021-08-17 11:50:19,354 [EventQueue-NewNodeForNewNodeHandler] INFO  pipeline.BackgroundPipelineCreator (BackgroundPipelineCreatorV2.java:notifyEventTriggered(285)) - trigger a one-shot run on RatisPipelineUtilsThread.
2021-08-17 11:50:19,358 [RatisPipelineUtilsThread - 0] INFO  pipeline.RatisPipelineProvider (RatisPipelineProvider.java:lambda$create$0(183)) - Sending CreatePipelineCommand for pipeline:PipelineID=ee2a429d-325a-44a0-81a4-2a0b1b25c762 to datanode:ce9e4e21-b8b3-47e8-a05b-7ed0cb4ed4d0
2021-08-17 11:50:19,359 [RatisPipelineUtilsThread - 0] INFO  pipeline.PipelineStateManager (PipelineStateManagerV2Impl.java:addPipeline(101)) - Created pipeline Pipeline[ Id: ee2a429d-325a-44a0-81a4-2a0b1b25c762, Nodes: ce9e4e21-b8b3-47e8-a05b-7ed0cb4ed4d0{ip: 10.1.0.37, host: fv-az297-666.nmf1rxwemy4u5di1sxxf4ejcwb.jx.internal.cloudapp.net, ports: [REPLICATION=40849, RATIS=42995, RATIS_ADMIN=42995, RATIS_SERVER=42995, STANDALONE=43843], networkLocation: /default-rack, certSerialId: null, persistedOpState: IN_SERVICE, persistedOpStateExpiryEpochSec: 0}, ReplicationConfig: RATIS/ONE, State:ALLOCATED, leaderId:, CreationTimestamp2021-08-17T11:50:19.358Z[Etc/UTC]].
2021-08-17 11:50:19,359 [RatisPipelineUtilsThread - 0] INFO  pipeline.RatisPipelineProvider (RatisPipelineProvider.java:lambda$create$0(183)) - Sending CreatePipelineCommand for pipeline:PipelineID=9b2af877-39a4-4873-b184-24113e272142 to datanode:c0cb38e9-ad72-45c7-87a7-238cd12f7624
2021-08-17 11:50:19,359 [RatisPipelineUtilsThread - 0] INFO  pipeline.RatisPipelineProvider (RatisPipelineProvider.java:lambda$create$0(183)) - Sending CreatePipelineCommand for pipeline:PipelineID=9b2af877-39a4-4873-b184-24113e272142 to datanode:ce9e4e21-b8b3-47e8-a05b-7ed0cb4ed4d0
2021-08-17 11:50:19,359 [RatisPipelineUtilsThread - 0] INFO  pipeline.RatisPipelineProvider (RatisPipelineProvider.java:lambda$create$0(183)) - Sending CreatePipelineCommand for pipeline:PipelineID=9b2af877-39a4-4873-b184-24113e272142 to datanode:e067f3b0-4632-4f84-b71c-08c70f7756fb
2021-08-17 11:50:19,377 [Datanode State Machine Task Thread - 0] INFO  datanode.InitDatanodeState (InitDatanodeState.java:persistContainerDatanodeDetails(145)) - DatanodeDetails is persisted to /home/runner/work/ozone/ozone/hadoop-ozone/integration-test/target/test-dir/MiniOzoneClusterImpl-a1e163cb-5647-48ea-b1dc-b51dce44f61a/datanode-8/meta/datanode.id
2021-08-17 11:50:19,411 [RatisPipelineUtilsThread - 0] INFO  pipeline.PipelineStateManager (PipelineStateManagerV2Impl.java:addPipeline(101)) - Created pipeline Pipeline[ Id: 9b2af877-39a4-4873-b184-24113e272142, Nodes: c0cb38e9-ad72-45c7-87a7-238cd12f7624{ip: 10.1.0.37, host: fv-az297-666.nmf1rxwemy4u5di1sxxf4ejcwb.jx.internal.cloudapp.net, ports: [REPLICATION=38091, RATIS=45031, RATIS_ADMIN=45031, RATIS_SERVER=45031, STANDALONE=42307], networkLocation: /default-rack, certSerialId: null, persistedOpState: IN_SERVICE, persistedOpStateExpiryEpochSec: 0}ce9e4e21-b8b3-47e8-a05b-7ed0cb4ed4d0{ip: 10.1.0.37, host: fv-az297-666.nmf1rxwemy4u5di1sxxf4ejcwb.jx.internal.cloudapp.net, ports: [REPLICATION=40849, RATIS=42995, RATIS_ADMIN=42995, RATIS_SERVER=42995, STANDALONE=43843], networkLocation: /default-rack, certSerialId: null, persistedOpState: IN_SERVICE, persistedOpStateExpiryEpochSec: 0}e067f3b0-4632-4f84-b71c-08c70f7756fb{ip: 10.1.0.37, host: fv-az297-666.nmf1rxwemy4u5di1sxxf4ejcwb.jx.internal.cloudapp.net, ports: [REPLICATION=37935, RATIS=40437, RATIS_ADMIN=40437, RATIS_SERVER=40437, STANDALONE=36089], networkLocation: /default-rack, certSerialId: null, persistedOpState: IN_SERVICE, persistedOpStateExpiryEpochSec: 0}, ReplicationConfig: RATIS/THREE, State:ALLOCATED, leaderId:, CreationTimestamp2021-08-17T11:50:19.359Z[Etc/UTC]].
2021-08-17 11:50:19,525 [Command processor thread] INFO  server.RaftServer (RaftServerProxy.java:addNew(95)) - 0bf441c2-8cd8-4ced-8476-22eca18377b1: addNew group-2FAD8F0E4C38:[0bf441c2-8cd8-4ced-8476-22eca18377b1|rpc:10.1.0.37:38591|priority:1] returns group-2FAD8F0E4C38:java.util.concurrent.CompletableFuture@5a0f3d9d[Not completed]
2021-08-17 11:50:19,525 [pool-825-thread-1] INFO  server.RaftServer$Division (RaftServerImpl.java:<init>(181)) - 0bf441c2-8cd8-4ced-8476-22eca18377b1: new RaftServerImpl for group-2FAD8F0E4C38:[0bf441c2-8cd8-4ced-8476-22eca18377b1|rpc:10.1.0.37:38591|priority:1] with ContainerStateMachine:uninitialized
2021-08-17 11:50:19,526 [pool-825-thread-1] INFO  server.RaftServerConfigKeys (ConfUtils.java:logGet(44)) - raft.server.rpc.timeout.min = 5s (custom)
2021-08-17 11:50:19,526 [pool-825-thread-1] INFO  server.RaftServerConfigKeys (ConfUtils.java:logGet(44)) - raft.server.rpc.timeout.max = 5200ms (custom)
2021-08-17 11:50:19,526 [pool-825-thread-1] INFO  server.RaftServerConfigKeys (ConfUtils.java:logGet(44)) - raft.server.rpc.sleep.time = 25ms (default)
2021-08-17 11:50:19,526 [pool-825-thread-1] INFO  server.RaftServerConfigKeys (ConfUtils.java:logGet(44)) - raft.server.rpc.slowness.timeout = 300000ms (custom)
2021-08-17 11:50:19,526 [pool-825-thread-1] INFO  server.RaftServerConfigKeys (ConfUtils.java:logGet(44)) - raft.server.leaderelection.leader.step-down.wait-time = 10s (default)
2021-08-17 11:50:19,526 [pool-825-thread-1] INFO  server.RaftServerConfigKeys (ConfUtils.java:logGet(44)) - raft.server.sleep.deviation.threshold = 300ms (default)
2021-08-17 11:50:19,526 [pool-825-thread-1] INFO  server.RaftServerConfigKeys (ConfUtils.java:logGet(44)) - raft.server.log.appender.install.snapshot.enabled = false (custom)
2021-08-17 11:50:19,526 [pool-825-thread-1] INFO  server.RaftServer$Division (ServerState.java:<init>(105)) - 0bf441c2-8cd8-4ced-8476-22eca18377b1@group-2FAD8F0E4C38: ConfigurationManager, init=-1: [0bf441c2-8cd8-4ced-8476-22eca18377b1|rpc:10.1.0.37:38591|priority:1], old=null, confs=<EMPTY_MAP>
2021-08-17 11:50:19,526 [pool-825-thread-1] INFO  server.RaftServerConfigKeys (ConfUtils.java:logGet(44)) - raft.server.storage.dir = [/home/runner/work/ozone/ozone/hadoop-ozone/integration-test/target/test-dir/MiniOzoneClusterImpl-a1e163cb-5647-48ea-b1dc-b51dce44f61a/datanode-2/data/ratis] (custom)
2021-08-17 11:50:19,526 [pool-825-thread-1] INFO  server.RaftServerConfigKeys (ConfUtils.java:logGet(44)) - raft.server.log.corruption.policy = EXCEPTION (default)
2021-08-17 11:50:19,526 [pool-825-thread-1] INFO  server.RaftServerConfigKeys (ConfUtils.java:logGet(44)) - raft.server.storage.free-space.min = 0MB (=0) (default)
2021-08-17 11:50:19,526 [pool-825-thread-1] INFO  storage.RaftStorageDirectory (RaftStorageDirectoryImpl.java:analyzeStorage(135)) - The storage directory /home/runner/work/ozone/ozone/hadoop-ozone/integration-test/target/test-dir/MiniOzoneClusterImpl-a1e163cb-5647-48ea-b1dc-b51dce44f61a/datanode-2/data/ratis/4d4933ef-3bd7-47e1-a36e-2fad8f0e4c38 does not exist. Creating ...
2021-08-17 11:50:19,529 [pool-825-thread-1] INFO  storage.RaftStorageDirectory (RaftStorageDirectoryImpl.java:tryLock(230)) - Lock on /home/runner/work/ozone/ozone/hadoop-ozone/integration-test/target/test-dir/MiniOzoneClusterImpl-a1e163cb-5647-48ea-b1dc-b51dce44f61a/datanode-2/data/ratis/4d4933ef-3bd7-47e1-a36e-2fad8f0e4c38/in_use.lock acquired by nodename 3236@fv-az297-666
2021-08-17 11:50:19,529 [EndpointStateMachine task thread for /0.0.0.0:35007 - 0 ] INFO  ozoneimpl.OzoneContainer (OzoneContainer.java:start(305)) - Attempting to start container services.
2021-08-17 11:50:19,530 [EndpointStateMachine task thread for /0.0.0.0:35007 - 0 ] INFO  ozoneimpl.OzoneContainer (OzoneContainer.java:startContainerScrub(250)) - Background container scanner has been disabled.
2021-08-17 11:50:19,536 [EndpointStateMachine task thread for /0.0.0.0:35007 - 0 ] INFO  replication.ReplicationServer (ReplicationServer.java:start(106)) - ReplicationServer is started using port 35845
2021-08-17 11:50:19,578 [pool-825-thread-1] INFO  storage.RaftStorage (RaftStorageImpl.java:format(89)) - Storage directory /home/runner/work/ozone/ozone/hadoop-ozone/integration-test/target/test-dir/MiniOzoneClusterImpl-a1e163cb-5647-48ea-b1dc-b51dce44f61a/datanode-2/data/ratis/4d4933ef-3bd7-47e1-a36e-2fad8f0e4c38 has been successfully formatted.
2021-08-17 11:50:19,578 [pool-825-thread-1] INFO  ratis.ContainerStateMachine (ContainerStateMachine.java:loadSnapshot(225)) - group-2FAD8F0E4C38: The snapshot info is null. Setting the last applied indexto:(t:0, i:~)
2021-08-17 11:50:19,578 [pool-825-thread-1] INFO  server.RaftServerConfigKeys (ConfUtils.java:logGet(44)) - raft.server.notification.no-leader.timeout = 300000ms (custom)
2021-08-17 11:50:19,578 [pool-825-thread-1] INFO  server.RaftServerConfigKeys (ConfUtils.java:logGet(44)) - raft.server.log.use.memory = false (default)
2021-08-17 11:50:19,578 [pool-825-thread-1] INFO  server.RaftServerConfigKeys (ConfUtils.java:logGet(44)) - raft.server.log.purge.gap = 1000000 (custom)
2021-08-17 11:50:19,578 [pool-825-thread-1] INFO  server.RaftServerConfigKeys (ConfUtils.java:logGet(44)) - raft.server.log.appender.buffer.byte-limit = 33554432 (custom)
2021-08-17 11:50:19,579 [pool-825-thread-1] INFO  server.RaftServerConfigKeys (ConfUtils.java:logGet(44)) - raft.server.log.segment.size.max = 1048576 (custom)
2021-08-17 11:50:19,579 [pool-825-thread-1] INFO  server.RaftServerConfigKeys (ConfUtils.java:logGet(44)) - raft.server.log.segment.cache.num.max = 2 (custom)
2021-08-17 11:50:19,579 [pool-825-thread-1] INFO  server.RaftServerConfigKeys (ConfUtils.java:logGet(44)) - raft.server.log.segment.cache.size.max = 200MB (=209715200) (default)
2021-08-17 11:50:19,579 [pool-825-thread-1] INFO  segmented.SegmentedRaftLogWorker (SegmentedRaftLogWorker.java:<init>(182)) - new 0bf441c2-8cd8-4ced-8476-22eca18377b1@group-2FAD8F0E4C38-SegmentedRaftLogWorker for RaftStorageImpl:Storage Directory /home/runner/work/ozone/ozone/hadoop-ozone/integration-test/target/test-dir/MiniOzoneClusterImpl-a1e163cb-5647-48ea-b1dc-b51dce44f61a/datanode-2/data/ratis/4d4933ef-3bd7-47e1-a36e-2fad8f0e4c38
2021-08-17 11:50:19,579 [pool-825-thread-1] INFO  server.RaftServerConfigKeys (ConfUtils.java:logGet(44)) - raft.server.log.queue.byte-limit = 2147483647 (custom)
2021-08-17 11:50:19,579 [pool-825-thread-1] INFO  server.RaftServerConfigKeys (ConfUtils.java:logGet(44)) - raft.server.log.queue.element-limit = 1024 (custom)
2021-08-17 11:50:19,579 [pool-825-thread-1] INFO  server.RaftServerConfigKeys (ConfUtils.java:logGet(44)) - raft.server.log.segment.size.max = 1048576 (custom)
2021-08-17 11:50:19,579 [pool-825-thread-1] INFO  server.RaftServerConfigKeys (ConfUtils.java:logGet(44)) - raft.server.log.preallocated.size = 16384 (custom)
2021-08-17 11:50:19,579 [pool-825-thread-1] INFO  server.RaftServerConfigKeys (ConfUtils.java:logGet(44)) - raft.server.log.force.sync.num = 128 (default)
2021-08-17 11:50:19,580 [pool-825-thread-1] INFO  server.RaftServerConfigKeys (ConfUtils.java:logGet(44)) - raft.server.log.statemachine.data.sync = true (default)
2021-08-17 11:50:19,580 [pool-825-thread-1] INFO  server.RaftServerConfigKeys (ConfUtils.java:logGet(44)) - raft.server.log.statemachine.data.sync.timeout = 10s (default)
2021-08-17 11:50:19,580 [pool-825-thread-1] INFO  server.RaftServerConfigKeys (ConfUtils.java:logGet(44)) - raft.server.log.statemachine.data.sync.timeout.retry = -1 (default)
2021-08-17 11:50:19,581 [Datanode State Machine Thread - 0] WARN  statemachine.StateContext (StateContext.java:execute(621)) - No available thread in pool for past 1 seconds.
2021-08-17 11:50:19,584 [EventQueue-PipelineReportForPipelineReportHandler] INFO  pipeline.PipelineManagerImpl (PipelineManagerImpl.java:openPipeline(283)) - Pipeline Pipeline[ Id: 4d4933ef-3bd7-47e1-a36e-2fad8f0e4c38, Nodes: 0bf441c2-8cd8-4ced-8476-22eca18377b1{ip: 10.1.0.37, host: fv-az297-666.nmf1rxwemy4u5di1sxxf4ejcwb.jx.internal.cloudapp.net, ports: [REPLICATION=33409, RATIS=38591, RATIS_ADMIN=38591, RATIS_SERVER=38591, STANDALONE=39879], networkLocation: /default-rack, certSerialId: null, persistedOpState: IN_SERVICE, persistedOpStateExpiryEpochSec: 0}, ReplicationConfig: RATIS/ONE, State:ALLOCATED, leaderId:0bf441c2-8cd8-4ced-8476-22eca18377b1, CreationTimestamp2021-08-17T11:50:16.567Z[Etc/UTC]] moved to OPEN state
2021-08-17 11:50:19,585 [EventQueue-OpenPipelineForHealthyPipelineSafeModeRule] INFO  safemode.SCMSafeModeManager (HealthyPipelineSafeModeRule.java:process(124)) - SCM in safe mode. Healthy pipelines reported count is 0, required healthy pipeline reported count is 1
2021-08-17 11:50:19,593 [EndpointStateMachine task thread for /0.0.0.0:35007 - 0 ] INFO  ratis.XceiverServerRatis (XceiverServerRatis.java:start(482)) - Starting XceiverServerRatis b04f16c0-2a60-4c52-b6a0-e9a8376fd099
2021-08-17 11:50:19,593 [pool-825-thread-1] INFO  server.RaftServerConfigKeys (ConfUtils.java:logGet(44)) - raft.server.log.write.buffer.size = 1048576 (custom)
2021-08-17 11:50:19,594 [pool-825-thread-1] INFO  server.RaftServerConfigKeys (ConfUtils.java:logGet(44)) - raft.server.log.statemachine.data.caching.enabled = true (custom)
2021-08-17 11:50:19,594 [pool-825-thread-1] INFO  segmented.SegmentedRaftLogWorker (SegmentedRaftLogWorker.java:lambda$new$0(133)) - 0bf441c2-8cd8-4ced-8476-22eca18377b1@group-2FAD8F0E4C38-SegmentedRaftLogWorker: flushIndex: setUnconditionally 0 -> -1
2021-08-17 11:50:19,594 [pool-825-thread-1] INFO  segmented.SegmentedRaftLogWorker (SegmentedRaftLogWorker.java:lambda$new$0(133)) - 0bf441c2-8cd8-4ced-8476-22eca18377b1@group-2FAD8F0E4C38-SegmentedRaftLogWorker: safeCacheEvictIndex: setUnconditionally 0 -> -1
2021-08-17 11:50:19,598 [EndpointStateMachine task thread for /0.0.0.0:35007 - 0 ] INFO  server.RaftServer (RaftServerProxy.java:lambda$start$5(374)) - b04f16c0-2a60-4c52-b6a0-e9a8376fd099: start RPC server
2021-08-17 11:50:19,598 [EndpointStateMachine task thread for /0.0.0.0:35007 - 0 ] INFO  server.GrpcService (GrpcService.java:startImpl(253)) - b04f16c0-2a60-4c52-b6a0-e9a8376fd099: GrpcService started, listening on 38575
2021-08-17 11:50:19,598 [EndpointStateMachine task thread for /0.0.0.0:35007 - 0 ] INFO  ratis.XceiverServerRatis (XceiverServerRatis.java:getRealPort(503)) - XceiverServerRatis b04f16c0-2a60-4c52-b6a0-e9a8376fd099 is started using port 38575 for RATIS
2021-08-17 11:50:19,598 [EndpointStateMachine task thread for /0.0.0.0:35007 - 0 ] INFO  ratis.XceiverServerRatis (XceiverServerRatis.java:getRealPort(503)) - XceiverServerRatis b04f16c0-2a60-4c52-b6a0-e9a8376fd099 is started using port 38575 for RATIS_ADMIN
2021-08-17 11:50:19,598 [EndpointStateMachine task thread for /0.0.0.0:35007 - 0 ] INFO  ratis.XceiverServerRatis (XceiverServerRatis.java:getRealPort(503)) - XceiverServerRatis b04f16c0-2a60-4c52-b6a0-e9a8376fd099 is started using port 38575 for RATIS_SERVER
2021-08-17 11:50:19,599 [EndpointStateMachine task thread for /0.0.0.0:35007 - 0 ] INFO  server.XceiverServerGrpc (XceiverServerGrpc.java:start(135)) - XceiverServerGrpc b04f16c0-2a60-4c52-b6a0-e9a8376fd099 is started using port 34803
2021-08-17 11:50:19,601 [pool-825-thread-1] INFO  server.RaftServerConfigKeys (ConfUtils.java:logGet(44)) - raft.server.snapshot.auto.trigger.enabled = true (custom)
2021-08-17 11:50:19,601 [pool-825-thread-1] INFO  server.RaftServerConfigKeys (ConfUtils.java:logGet(44)) - raft.server.snapshot.auto.trigger.threshold = 10000 (custom)
2021-08-17 11:50:19,601 [pool-825-thread-1] INFO  server.RaftServerConfigKeys (ConfUtils.java:logGet(44)) - raft.server.snapshot.retention.file.num = 5 (custom)
2021-08-17 11:50:19,601 [pool-825-thread-1] INFO  server.RaftServerConfigKeys (ConfUtils.java:logGet(44)) - raft.server.log.purge.upto.snapshot.index = false (default)
2021-08-17 11:50:19,601 [pool-825-thread-1] INFO  server.RaftServerConfigKeys (ConfUtils.java:logGet(44)) - raft.server.retrycache.expirytime = 600000ms (custom)
2021-08-17 11:50:19,601 [pool-825-thread-1] INFO  server.RaftServerConfigKeys (ConfUtils.java:logGet(44)) - raft.server.retrycache.statistics.expirytime = 100μs (default)
2021-08-17 11:50:19,605 [pool-825-thread-1] INFO  server.RaftServer$Division (RaftServerImpl.java:start(296)) - 0bf441c2-8cd8-4ced-8476-22eca18377b1@group-2FAD8F0E4C38: start as a follower, conf=-1: [0bf441c2-8cd8-4ced-8476-22eca18377b1|rpc:10.1.0.37:38591|priority:1], old=null
2021-08-17 11:50:19,605 [pool-825-thread-1] INFO  server.RaftServer$Division (RaftServerImpl.java:setRole(285)) - 0bf441c2-8cd8-4ced-8476-22eca18377b1@group-2FAD8F0E4C38: changes role from      null to FOLLOWER at term 0 for startAsFollower
2021-08-17 11:50:19,605 [pool-825-thread-1] INFO  impl.RoleInfo (RoleInfo.java:updateAndGet(130)) - 0bf441c2-8cd8-4ced-8476-22eca18377b1: start 0bf441c2-8cd8-4ced-8476-22eca18377b1@group-2FAD8F0E4C38-FollowerState
2021-08-17 11:50:19,605 [pool-825-thread-1] INFO  util.JmxRegister (JmxRegister.java:tryRegister(44)) - Successfully registered JMX Bean with object name Ratis:service=RaftServer,group=group-2FAD8F0E4C38,id=0bf441c2-8cd8-4ced-8476-22eca18377b1
2021-08-17 11:50:19,606 [Command processor thread] INFO  ratis.XceiverServerRatis (XceiverServerRatis.java:addGroup(763)) - Created group PipelineID=4d4933ef-3bd7-47e1-a36e-2fad8f0e4c38
2021-08-17 11:50:19,606 [Command processor thread] INFO  commandhandler.CreatePipelineCommandHandler (CreatePipelineCommandHandler.java:handle(106)) - Created Pipeline RATIS ONE PipelineID=4d4933ef-3bd7-47e1-a36e-2fad8f0e4c38.
2021-08-17 11:50:19,621 [org.apache.ratis.util.JvmPauseMonitor$$Lambda$531/89905617@35b4ab65] INFO  util.JvmPauseMonitor (JvmPauseMonitor.java:run(103)) - JvmPauseMonitor-b04f16c0-2a60-4c52-b6a0-e9a8376fd099: Started
2021-08-17 11:50:20,070 [IPC Server handler 8 on default port 35007] INFO  net.NetworkTopologyImpl (NetworkTopologyImpl.java:add(112)) - Added a new node: /default-rack/4d40c50f-34df-4d8d-ada3-4ecb2b1f4098
2021-08-17 11:50:20,070 [IPC Server handler 8 on default port 35007] INFO  node.SCMNodeManager (SCMNodeManager.java:register(390)) - Registered Data node : 4d40c50f-34df-4d8d-ada3-4ecb2b1f4098{ip: 10.1.0.37, host: fv-az297-666.nmf1rxwemy4u5di1sxxf4ejcwb.jx.internal.cloudapp.net, ports: [REPLICATION=34939, RATIS=38377, RATIS_ADMIN=38377, RATIS_SERVER=38377, STANDALONE=36211], networkLocation: /default-rack, certSerialId: null, persistedOpState: null, persistedOpStateExpiryEpochSec: 0}
2021-08-17 11:50:20,071 [EventQueue-NewNodeForNewNodeHandler] INFO  pipeline.BackgroundPipelineCreator (BackgroundPipelineCreatorV2.java:notifyEventTriggered(285)) - trigger a one-shot run on RatisPipelineUtilsThread.
2021-08-17 11:50:20,071 [RatisPipelineUtilsThread - 0] INFO  pipeline.RatisPipelineProvider (RatisPipelineProvider.java:lambda$create$0(183)) - Sending CreatePipelineCommand for pipeline:PipelineID=6c3ce9b5-6018-42b4-b968-2f65dadd13f6 to datanode:4d40c50f-34df-4d8d-ada3-4ecb2b1f4098
2021-08-17 11:50:20,072 [RatisPipelineUtilsThread - 0] INFO  pipeline.PipelineStateManager (PipelineStateManagerV2Impl.java:addPipeline(101)) - Created pipeline Pipeline[ Id: 6c3ce9b5-6018-42b4-b968-2f65dadd13f6, Nodes: 4d40c50f-34df-4d8d-ada3-4ecb2b1f4098{ip: 10.1.0.37, host: fv-az297-666.nmf1rxwemy4u5di1sxxf4ejcwb.jx.internal.cloudapp.net, ports: [REPLICATION=34939, RATIS=38377, RATIS_ADMIN=38377, RATIS_SERVER=38377, STANDALONE=36211], networkLocation: /default-rack, certSerialId: null, persistedOpState: IN_SERVICE, persistedOpStateExpiryEpochSec: 0}, ReplicationConfig: RATIS/ONE, State:ALLOCATED, leaderId:, CreationTimestamp2021-08-17T11:50:20.071Z[Etc/UTC]].
2021-08-17 11:50:20,201 [Listener at 127.0.0.1/40861] INFO  ozone.MiniOzoneClusterImpl (MiniOzoneClusterImpl.java:lambda$waitForClusterToBeReady$0(235)) - Waiting for nodes to be ready. Got 7 of 9 DN Heartbeats.
2021-08-17 11:50:20,202 [Listener at 127.0.0.1/40861] INFO  ozone.MiniOzoneClusterImpl (MiniOzoneClusterImpl.java:lambda$waitForClusterToBeReady$0(238)) - Waiting for cluster to exit safe mode
2021-08-17 11:50:20,202 [Listener at 127.0.0.1/40861] INFO  ozone.MiniOzoneClusterImpl (MiniOzoneClusterImpl.java:lambda$waitForClusterToBeReady$0(240)) - SCM became leader
2021-08-17 11:50:20,438 [Command processor thread] INFO  server.RaftServer (RaftServerProxy.java:addNew(95)) - c0cb38e9-ad72-45c7-87a7-238cd12f7624: addNew group-CBB5281FFC6F:[c0cb38e9-ad72-45c7-87a7-238cd12f7624|rpc:10.1.0.37:45031|priority:1] returns group-CBB5281FFC6F:java.util.concurrent.CompletableFuture@72dd36a8[Not completed]
2021-08-17 11:50:20,506 [pool-844-thread-1] INFO  server.RaftServer$Division (RaftServerImpl.java:<init>(181)) - c0cb38e9-ad72-45c7-87a7-238cd12f7624: new RaftServerImpl for group-CBB5281FFC6F:[c0cb38e9-ad72-45c7-87a7-238cd12f7624|rpc:10.1.0.37:45031|priority:1] with ContainerStateMachine:uninitialized
2021-08-17 11:50:20,509 [pool-844-thread-1] INFO  server.RaftServerConfigKeys (ConfUtils.java:logGet(44)) - raft.server.rpc.timeout.min = 5s (custom)
2021-08-17 11:50:20,509 [pool-844-thread-1] INFO  server.RaftServerConfigKeys (ConfUtils.java:logGet(44)) - raft.server.rpc.timeout.max = 5200ms (custom)
2021-08-17 11:50:20,509 [pool-844-thread-1] INFO  server.RaftServerConfigKeys (ConfUtils.java:logGet(44)) - raft.server.rpc.sleep.time = 25ms (default)
2021-08-17 11:50:20,509 [pool-844-thread-1] INFO  server.RaftServerConfigKeys (ConfUtils.java:logGet(44)) - raft.server.rpc.slowness.timeout = 300000ms (custom)
2021-08-17 11:50:20,509 [pool-844-thread-1] INFO  server.RaftServerConfigKeys (ConfUtils.java:logGet(44)) - raft.server.leaderelection.leader.step-down.wait-time = 10s (default)
2021-08-17 11:50:20,509 [pool-844-thread-1] INFO  server.RaftServerConfigKeys (ConfUtils.java:logGet(44)) - raft.server.sleep.deviation.threshold = 300ms (default)
2021-08-17 11:50:20,509 [pool-844-thread-1] INFO  server.RaftServerConfigKeys (ConfUtils.java:logGet(44)) - raft.server.log.appender.install.snapshot.enabled = false (custom)
2021-08-17 11:50:20,509 [pool-844-thread-1] INFO  server.RaftServer$Division (ServerState.java:<init>(105)) - c0cb38e9-ad72-45c7-87a7-238cd12f7624@group-CBB5281FFC6F: ConfigurationManager, init=-1: [c0cb38e9-ad72-45c7-87a7-238cd12f7624|rpc:10.1.0.37:45031|priority:1], old=null, confs=<EMPTY_MAP>
2021-08-17 11:50:20,510 [pool-844-thread-1] INFO  server.RaftServerConfigKeys (ConfUtils.java:logGet(44)) - raft.server.storage.dir = [/home/runner/work/ozone/ozone/hadoop-ozone/integration-test/target/test-dir/MiniOzoneClusterImpl-a1e163cb-5647-48ea-b1dc-b51dce44f61a/datanode-3/data/ratis] (custom)
2021-08-17 11:50:20,510 [pool-844-thread-1] INFO  server.RaftServerConfigKeys (ConfUtils.java:logGet(44)) - raft.server.log.corruption.policy = EXCEPTION (default)
2021-08-17 11:50:20,510 [pool-844-thread-1] INFO  server.RaftServerConfigKeys (ConfUtils.java:logGet(44)) - raft.server.storage.free-space.min = 0MB (=0) (default)
2021-08-17 11:50:20,510 [pool-844-thread-1] INFO  storage.RaftStorageDirectory (RaftStorageDirectoryImpl.java:analyzeStorage(135)) - The storage directory /home/runner/work/ozone/ozone/hadoop-ozone/integration-test/target/test-dir/MiniOzoneClusterImpl-a1e163cb-5647-48ea-b1dc-b51dce44f61a/datanode-3/data/ratis/b46231f7-c763-4fe7-b17b-cbb5281ffc6f does not exist. Creating ...
2021-08-17 11:50:20,529 [pool-844-thread-1] INFO  storage.RaftStorageDirectory (RaftStorageDirectoryImpl.java:tryLock(230)) - Lock on /home/runner/work/ozone/ozone/hadoop-ozone/integration-test/target/test-dir/MiniOzoneClusterImpl-a1e163cb-5647-48ea-b1dc-b51dce44f61a/datanode-3/data/ratis/b46231f7-c763-4fe7-b17b-cbb5281ffc6f/in_use.lock acquired by nodename 3236@fv-az297-666
2021-08-17 11:50:20,531 [pool-844-thread-1] INFO  storage.RaftStorage (RaftStorageImpl.java:format(89)) - Storage directory /home/runner/work/ozone/ozone/hadoop-ozone/integration-test/target/test-dir/MiniOzoneClusterImpl-a1e163cb-5647-48ea-b1dc-b51dce44f61a/datanode-3/data/ratis/b46231f7-c763-4fe7-b17b-cbb5281ffc6f has been successfully formatted.
2021-08-17 11:50:20,571 [Datanode State Machine Thread - 0] WARN  statemachine.StateContext (StateContext.java:execute(621)) - No available thread in pool for past 1 seconds.
2021-08-17 11:50:20,572 [EventQueue-PipelineReportForPipelineReportHandler] INFO  pipeline.PipelineManagerImpl (PipelineManagerImpl.java:openPipeline(283)) - Pipeline Pipeline[ Id: b46231f7-c763-4fe7-b17b-cbb5281ffc6f, Nodes: c0cb38e9-ad72-45c7-87a7-238cd12f7624{ip: 10.1.0.37, host: fv-az297-666.nmf1rxwemy4u5di1sxxf4ejcwb.jx.internal.cloudapp.net, ports: [REPLICATION=38091, RATIS=45031, RATIS_ADMIN=45031, RATIS_SERVER=45031, STANDALONE=42307], networkLocation: /default-rack, certSerialId: null, persistedOpState: IN_SERVICE, persistedOpStateExpiryEpochSec: 0}, ReplicationConfig: RATIS/ONE, State:ALLOCATED, leaderId:c0cb38e9-ad72-45c7-87a7-238cd12f7624, CreationTimestamp2021-08-17T11:50:17.559Z[Etc/UTC]] moved to OPEN state
2021-08-17 11:50:20,572 [EventQueue-OpenPipelineForHealthyPipelineSafeModeRule] INFO  safemode.SCMSafeModeManager (HealthyPipelineSafeModeRule.java:process(124)) - SCM in safe mode. Healthy pipelines reported count is 0, required healthy pipeline reported count is 1
2021-08-17 11:50:20,572 [pool-844-thread-1] INFO  ratis.ContainerStateMachine (ContainerStateMachine.java:loadSnapshot(225)) - group-CBB5281FFC6F: The snapshot info is null. Setting the last applied indexto:(t:0, i:~)
2021-08-17 11:50:20,572 [pool-844-thread-1] INFO  server.RaftServerConfigKeys (ConfUtils.java:logGet(44)) - raft.server.notification.no-leader.timeout = 300000ms (custom)
2021-08-17 11:50:20,573 [pool-844-thread-1] INFO  server.RaftServerConfigKeys (ConfUtils.java:logGet(44)) - raft.server.log.use.memory = false (default)
2021-08-17 11:50:20,573 [pool-844-thread-1] INFO  server.RaftServerConfigKeys (ConfUtils.java:logGet(44)) - raft.server.log.purge.gap = 1000000 (custom)
2021-08-17 11:50:20,574 [pool-844-thread-1] INFO  server.RaftServerConfigKeys (ConfUtils.java:logGet(44)) - raft.server.log.appender.buffer.byte-limit = 33554432 (custom)
2021-08-17 11:50:20,574 [pool-844-thread-1] INFO  server.RaftServerConfigKeys (ConfUtils.java:logGet(44)) - raft.server.log.segment.size.max = 1048576 (custom)
2021-08-17 11:50:20,574 [pool-844-thread-1] INFO  server.RaftServerConfigKeys (ConfUtils.java:logGet(44)) - raft.server.log.segment.cache.num.max = 2 (custom)
2021-08-17 11:50:20,575 [pool-844-thread-1] INFO  server.RaftServerConfigKeys (ConfUtils.java:logGet(44)) - raft.server.log.segment.cache.size.max = 200MB (=209715200) (default)
2021-08-17 11:50:20,575 [pool-844-thread-1] INFO  segmented.SegmentedRaftLogWorker (SegmentedRaftLogWorker.java:<init>(182)) - new c0cb38e9-ad72-45c7-87a7-238cd12f7624@group-CBB5281FFC6F-SegmentedRaftLogWorker for RaftStorageImpl:Storage Directory /home/runner/work/ozone/ozone/hadoop-ozone/integration-test/target/test-dir/MiniOzoneClusterImpl-a1e163cb-5647-48ea-b1dc-b51dce44f61a/datanode-3/data/ratis/b46231f7-c763-4fe7-b17b-cbb5281ffc6f
2021-08-17 11:50:20,575 [pool-844-thread-1] INFO  server.RaftServerConfigKeys (ConfUtils.java:logGet(44)) - raft.server.log.queue.byte-limit = 2147483647 (custom)
2021-08-17 11:50:20,575 [pool-844-thread-1] INFO  server.RaftServerConfigKeys (ConfUtils.java:logGet(44)) - raft.server.log.queue.element-limit = 1024 (custom)
2021-08-17 11:50:20,575 [pool-844-thread-1] INFO  server.RaftServerConfigKeys (ConfUtils.java:logGet(44)) - raft.server.log.segment.size.max = 1048576 (custom)
2021-08-17 11:50:20,575 [pool-844-thread-1] INFO  server.RaftServerConfigKeys (ConfUtils.java:logGet(44)) - raft.server.log.preallocated.size = 16384 (custom)
2021-08-17 11:50:20,575 [pool-844-thread-1] INFO  server.RaftServerConfigKeys (ConfUtils.java:logGet(44)) - raft.server.log.force.sync.num = 128 (default)
2021-08-17 11:50:20,575 [pool-844-thread-1] INFO  server.RaftServerConfigKeys (ConfUtils.java:logGet(44)) - raft.server.log.statemachine.data.sync = true (default)
2021-08-17 11:50:20,575 [pool-844-thread-1] INFO  server.RaftServerConfigKeys (ConfUtils.java:logGet(44)) - raft.server.log.statemachine.data.sync.timeout = 10s (default)
2021-08-17 11:50:20,575 [pool-844-thread-1] INFO  server.RaftServerConfigKeys (ConfUtils.java:logGet(44)) - raft.server.log.statemachine.data.sync.timeout.retry = -1 (default)
2021-08-17 11:50:20,577 [pool-844-thread-1] INFO  server.RaftServerConfigKeys (ConfUtils.java:logGet(44)) - raft.server.log.write.buffer.size = 1048576 (custom)
2021-08-17 11:50:20,577 [pool-844-thread-1] INFO  server.RaftServerConfigKeys (ConfUtils.java:logGet(44)) - raft.server.log.statemachine.data.caching.enabled = true (custom)
2021-08-17 11:50:20,577 [pool-844-thread-1] INFO  segmented.SegmentedRaftLogWorker (SegmentedRaftLogWorker.java:lambda$new$0(133)) - c0cb38e9-ad72-45c7-87a7-238cd12f7624@group-CBB5281FFC6F-SegmentedRaftLogWorker: flushIndex: setUnconditionally 0 -> -1
2021-08-17 11:50:20,578 [pool-844-thread-1] INFO  segmented.SegmentedRaftLogWorker (SegmentedRaftLogWorker.java:lambda$new$0(133)) - c0cb38e9-ad72-45c7-87a7-238cd12f7624@group-CBB5281FFC6F-SegmentedRaftLogWorker: safeCacheEvictIndex: setUnconditionally 0 -> -1
2021-08-17 11:50:20,578 [pool-844-thread-1] INFO  server.RaftServerConfigKeys (ConfUtils.java:logGet(44)) - raft.server.snapshot.auto.trigger.enabled = true (custom)
2021-08-17 11:50:20,578 [pool-844-thread-1] INFO  server.RaftServerConfigKeys (ConfUtils.java:logGet(44)) - raft.server.snapshot.auto.trigger.threshold = 10000 (custom)
2021-08-17 11:50:20,578 [pool-844-thread-1] INFO  server.RaftServerConfigKeys (ConfUtils.java:logGet(44)) - raft.server.snapshot.retention.file.num = 5 (custom)
2021-08-17 11:50:20,578 [pool-844-thread-1] INFO  server.RaftServerConfigKeys (ConfUtils.java:logGet(44)) - raft.server.log.purge.upto.snapshot.index = false (default)
2021-08-17 11:50:20,578 [pool-844-thread-1] INFO  server.RaftServerConfigKeys (ConfUtils.java:logGet(44)) - raft.server.retrycache.expirytime = 600000ms (custom)
2021-08-17 11:50:20,578 [pool-844-thread-1] INFO  server.RaftServerConfigKeys (ConfUtils.java:logGet(44)) - raft.server.retrycache.statistics.expirytime = 100μs (default)
2021-08-17 11:50:20,580 [pool-844-thread-1] INFO  server.RaftServer$Division (RaftServerImpl.java:start(296)) - c0cb38e9-ad72-45c7-87a7-238cd12f7624@group-CBB5281FFC6F: start as a follower, conf=-1: [c0cb38e9-ad72-45c7-87a7-238cd12f7624|rpc:10.1.0.37:45031|priority:1], old=null
2021-08-17 11:50:20,580 [pool-844-thread-1] INFO  server.RaftServer$Division (RaftServerImpl.java:setRole(285)) - c0cb38e9-ad72-45c7-87a7-238cd12f7624@group-CBB5281FFC6F: changes role from      null to FOLLOWER at term 0 for startAsFollower
2021-08-17 11:50:20,580 [pool-844-thread-1] INFO  impl.RoleInfo (RoleInfo.java:updateAndGet(130)) - c0cb38e9-ad72-45c7-87a7-238cd12f7624: start c0cb38e9-ad72-45c7-87a7-238cd12f7624@group-CBB5281FFC6F-FollowerState
2021-08-17 11:50:20,581 [pool-844-thread-1] INFO  util.JmxRegister (JmxRegister.java:tryRegister(44)) - Successfully registered JMX Bean with object name Ratis:service=RaftServer,group=group-CBB5281FFC6F,id=c0cb38e9-ad72-45c7-87a7-238cd12f7624
2021-08-17 11:50:20,582 [Command processor thread] INFO  ratis.XceiverServerRatis (XceiverServerRatis.java:addGroup(763)) - Created group PipelineID=b46231f7-c763-4fe7-b17b-cbb5281ffc6f
2021-08-17 11:50:20,582 [Command processor thread] INFO  commandhandler.CreatePipelineCommandHandler (CreatePipelineCommandHandler.java:handle(106)) - Created Pipeline RATIS ONE PipelineID=b46231f7-c763-4fe7-b17b-cbb5281ffc6f.
2021-08-17 11:50:20,582 [Command processor thread] INFO  server.RaftServer (RaftServerProxy.java:addNew(95)) - c0cb38e9-ad72-45c7-87a7-238cd12f7624: addNew group-24113E272142:[e067f3b0-4632-4f84-b71c-08c70f7756fb|rpc:10.1.0.37:40437|priority:0, c0cb38e9-ad72-45c7-87a7-238cd12f7624|rpc:10.1.0.37:45031|priority:0, ce9e4e21-b8b3-47e8-a05b-7ed0cb4ed4d0|rpc:10.1.0.37:42995|priority:1] returns group-24113E272142:java.util.concurrent.CompletableFuture@76e2bc2b[Not completed]
2021-08-17 11:50:20,583 [pool-844-thread-1] INFO  server.RaftServer$Division (RaftServerImpl.java:<init>(181)) - c0cb38e9-ad72-45c7-87a7-238cd12f7624: new RaftServerImpl for group-24113E272142:[e067f3b0-4632-4f84-b71c-08c70f7756fb|rpc:10.1.0.37:40437|priority:0, c0cb38e9-ad72-45c7-87a7-238cd12f7624|rpc:10.1.0.37:45031|priority:0, ce9e4e21-b8b3-47e8-a05b-7ed0cb4ed4d0|rpc:10.1.0.37:42995|priority:1] with ContainerStateMachine:uninitialized
2021-08-17 11:50:20,583 [pool-844-thread-1] INFO  server.RaftServerConfigKeys (ConfUtils.java:logGet(44)) - raft.server.rpc.timeout.min = 5s (custom)
2021-08-17 11:50:20,583 [pool-844-thread-1] INFO  server.RaftServerConfigKeys (ConfUtils.java:logGet(44)) - raft.server.rpc.timeout.max = 5200ms (custom)
2021-08-17 11:50:20,583 [pool-844-thread-1] INFO  server.RaftServerConfigKeys (ConfUtils.java:logGet(44)) - raft.server.rpc.sleep.time = 25ms (default)
2021-08-17 11:50:20,583 [pool-844-thread-1] INFO  server.RaftServerConfigKeys (ConfUtils.java:logGet(44)) - raft.server.rpc.slowness.timeout = 300000ms (custom)
2021-08-17 11:50:20,583 [pool-844-thread-1] INFO  server.RaftServerConfigKeys (ConfUtils.java:logGet(44)) - raft.server.leaderelection.leader.step-down.wait-time = 10s (default)
2021-08-17 11:50:20,583 [pool-844-thread-1] INFO  server.RaftServerConfigKeys (ConfUtils.java:logGet(44)) - raft.server.sleep.deviation.threshold = 300ms (default)
2021-08-17 11:50:20,583 [pool-844-thread-1] INFO  server.RaftServerConfigKeys (ConfUtils.java:logGet(44)) - raft.server.log.appender.install.snapshot.enabled = false (custom)
2021-08-17 11:50:20,583 [pool-844-thread-1] INFO  server.RaftServer$Division (ServerState.java:<init>(105)) - c0cb38e9-ad72-45c7-87a7-238cd12f7624@group-24113E272142: ConfigurationManager, init=-1: [e067f3b0-4632-4f84-b71c-08c70f7756fb|rpc:10.1.0.37:40437|priority:0, c0cb38e9-ad72-45c7-87a7-238cd12f7624|rpc:10.1.0.37:45031|priority:0, ce9e4e21-b8b3-47e8-a05b-7ed0cb4ed4d0|rpc:10.1.0.37:42995|priority:1], old=null, confs=<EMPTY_MAP>
2021-08-17 11:50:20,583 [pool-844-thread-1] INFO  server.RaftServerConfigKeys (ConfUtils.java:logGet(44)) - raft.server.storage.dir = [/home/runner/work/ozone/ozone/hadoop-ozone/integration-test/target/test-dir/MiniOzoneClusterImpl-a1e163cb-5647-48ea-b1dc-b51dce44f61a/datanode-3/data/ratis] (custom)
2021-08-17 11:50:20,584 [pool-844-thread-1] INFO  server.RaftServerConfigKeys (ConfUtils.java:logGet(44)) - raft.server.log.corruption.policy = EXCEPTION (default)
2021-08-17 11:50:20,584 [pool-844-thread-1] INFO  server.RaftServerConfigKeys (ConfUtils.java:logGet(44)) - raft.server.storage.free-space.min = 0MB (=0) (default)
2021-08-17 11:50:20,584 [pool-844-thread-1] INFO  storage.RaftStorageDirectory (RaftStorageDirectoryImpl.java:analyzeStorage(135)) - The storage directory /home/runner/work/ozone/ozone/hadoop-ozone/integration-test/target/test-dir/MiniOzoneClusterImpl-a1e163cb-5647-48ea-b1dc-b51dce44f61a/datanode-3/data/ratis/9b2af877-39a4-4873-b184-24113e272142 does not exist. Creating ...
2021-08-17 11:50:20,609 [pool-844-thread-1] INFO  storage.RaftStorageDirectory (RaftStorageDirectoryImpl.java:tryLock(230)) - Lock on /home/runner/work/ozone/ozone/hadoop-ozone/integration-test/target/test-dir/MiniOzoneClusterImpl-a1e163cb-5647-48ea-b1dc-b51dce44f61a/datanode-3/data/ratis/9b2af877-39a4-4873-b184-24113e272142/in_use.lock acquired by nodename 3236@fv-az297-666
2021-08-17 11:50:20,611 [pool-844-thread-1] INFO  storage.RaftStorage (RaftStorageImpl.java:format(89)) - Storage directory /home/runner/work/ozone/ozone/hadoop-ozone/integration-test/target/test-dir/MiniOzoneClusterImpl-a1e163cb-5647-48ea-b1dc-b51dce44f61a/datanode-3/data/ratis/9b2af877-39a4-4873-b184-24113e272142 has been successfully formatted.
2021-08-17 11:50:20,612 [pool-844-thread-1] INFO  ratis.ContainerStateMachine (ContainerStateMachine.java:loadSnapshot(225)) - group-24113E272142: The snapshot info is null. Setting the last applied indexto:(t:0, i:~)
2021-08-17 11:50:20,612 [pool-844-thread-1] INFO  server.RaftServerConfigKeys (ConfUtils.java:logGet(44)) - raft.server.notification.no-leader.timeout = 300000ms (custom)
2021-08-17 11:50:20,612 [pool-844-thread-1] INFO  server.RaftServerConfigKeys (ConfUtils.java:logGet(44)) - raft.server.log.use.memory = false (default)
2021-08-17 11:50:20,612 [pool-844-thread-1] INFO  server.RaftServerConfigKeys (ConfUtils.java:logGet(44)) - raft.server.log.purge.gap = 1000000 (custom)
2021-08-17 11:50:20,612 [pool-844-thread-1] INFO  server.RaftServerConfigKeys (ConfUtils.java:logGet(44)) - raft.server.log.appender.buffer.byte-limit = 33554432 (custom)
2021-08-17 11:50:20,612 [pool-844-thread-1] INFO  server.RaftServerConfigKeys (ConfUtils.java:logGet(44)) - raft.server.log.segment.size.max = 1048576 (custom)
2021-08-17 11:50:20,613 [pool-844-thread-1] INFO  server.RaftServerConfigKeys (ConfUtils.java:logGet(44)) - raft.server.log.segment.cache.num.max = 2 (custom)
2021-08-17 11:50:20,613 [pool-844-thread-1] INFO  server.RaftServerConfigKeys (ConfUtils.java:logGet(44)) - raft.server.log.segment.cache.size.max = 200MB (=209715200) (default)
2021-08-17 11:50:20,613 [pool-844-thread-1] INFO  segmented.SegmentedRaftLogWorker (SegmentedRaftLogWorker.java:<init>(182)) - new c0cb38e9-ad72-45c7-87a7-238cd12f7624@group-24113E272142-SegmentedRaftLogWorker for RaftStorageImpl:Storage Directory /home/runner/work/ozone/ozone/hadoop-ozone/integration-test/target/test-dir/MiniOzoneClusterImpl-a1e163cb-5647-48ea-b1dc-b51dce44f61a/datanode-3/data/ratis/9b2af877-39a4-4873-b184-24113e272142
2021-08-17 11:50:20,613 [pool-844-thread-1] INFO  server.RaftServerConfigKeys (ConfUtils.java:logGet(44)) - raft.server.log.queue.byte-limit = 2147483647 (custom)
2021-08-17 11:50:20,613 [pool-844-thread-1] INFO  server.RaftServerConfigKeys (ConfUtils.java:logGet(44)) - raft.server.log.queue.element-limit = 1024 (custom)
2021-08-17 11:50:20,613 [pool-844-thread-1] INFO  server.RaftServerConfigKeys (ConfUtils.java:logGet(44)) - raft.server.log.segment.size.max = 1048576 (custom)
2021-08-17 11:50:20,613 [pool-844-thread-1] INFO  server.RaftServerConfigKeys (ConfUtils.java:logGet(44)) - raft.server.log.preallocated.size = 16384 (custom)
2021-08-17 11:50:20,613 [pool-844-thread-1] INFO  server.RaftServerConfigKeys (ConfUtils.java:logGet(44)) - raft.server.log.force.sync.num = 128 (default)
2021-08-17 11:50:20,613 [pool-844-thread-1] INFO  server.RaftServerConfigKeys (ConfUtils.java:logGet(44)) - raft.server.log.statemachine.data.sync = true (default)
2021-08-17 11:50:20,614 [EventQueue-OpenPipelineForHealthyPipelineSafeModeRule] INFO  safemode.SCMSafeModeManager (HealthyPipelineSafeModeRule.java:process(124)) - SCM in safe mode. Healthy pipelines reported count is 0, required healthy pipeline reported count is 1
2021-08-17 11:50:20,613 [Datanode State Machine Thread - 0] WARN  statemachine.StateContext (StateContext.java:execute(621)) - No available thread in pool for past 1 seconds.
2021-08-17 11:50:20,625 [pool-844-thread-1] INFO  server.RaftServerConfigKeys (ConfUtils.java:logGet(44)) - raft.server.log.statemachine.data.sync.timeout = 10s (default)
2021-08-17 11:50:20,627 [pool-844-thread-1] INFO  server.RaftServerConfigKeys (ConfUtils.java:logGet(44)) - raft.server.log.statemachine.data.sync.timeout.retry = -1 (default)
2021-08-17 11:50:20,628 [pool-844-thread-1] INFO  server.RaftServerConfigKeys (ConfUtils.java:logGet(44)) - raft.server.log.write.buffer.size = 1048576 (custom)
2021-08-17 11:50:20,629 [pool-844-thread-1] INFO  server.RaftServerConfigKeys (ConfUtils.java:logGet(44)) - raft.server.log.statemachine.data.caching.enabled = true (custom)
2021-08-17 11:50:20,629 [pool-844-thread-1] INFO  segmented.SegmentedRaftLogWorker (SegmentedRaftLogWorker.java:lambda$new$0(133)) - c0cb38e9-ad72-45c7-87a7-238cd12f7624@group-24113E272142-SegmentedRaftLogWorker: flushIndex: setUnconditionally 0 -> -1
2021-08-17 11:50:20,629 [pool-844-thread-1] INFO  segmented.SegmentedRaftLogWorker (SegmentedRaftLogWorker.java:lambda$new$0(133)) - c0cb38e9-ad72-45c7-87a7-238cd12f7624@group-24113E272142-SegmentedRaftLogWorker: safeCacheEvictIndex: setUnconditionally 0 -> -1
2021-08-17 11:50:20,645 [pool-844-thread-1] INFO  server.RaftServerConfigKeys (ConfUtils.java:logGet(44)) - raft.server.snapshot.auto.trigger.enabled = true (custom)
2021-08-17 11:50:20,645 [pool-844-thread-1] INFO  server.RaftServerConfigKeys (ConfUtils.java:logGet(44)) - raft.server.snapshot.auto.trigger.threshold = 10000 (custom)
2021-08-17 11:50:20,645 [pool-844-thread-1] INFO  server.RaftServerConfigKeys (ConfUtils.java:logGet(44)) - raft.server.snapshot.retention.file.num = 5 (custom)
2021-08-17 11:50:20,645 [pool-844-thread-1] INFO  server.RaftServerConfigKeys (ConfUtils.java:logGet(44)) - raft.server.log.purge.upto.snapshot.index = false (default)
2021-08-17 11:50:20,646 [pool-844-thread-1] INFO  server.RaftServerConfigKeys (ConfUtils.java:logGet(44)) - raft.server.retrycache.expirytime = 600000ms (custom)
2021-08-17 11:50:20,646 [pool-844-thread-1] INFO  server.RaftServerConfigKeys (ConfUtils.java:logGet(44)) - raft.server.retrycache.statistics.expirytime = 100μs (default)
2021-08-17 11:50:20,648 [pool-844-thread-1] INFO  server.RaftServer$Division (RaftServerImpl.java:start(296)) - c0cb38e9-ad72-45c7-87a7-238cd12f7624@group-24113E272142: start as a follower, conf=-1: [e067f3b0-4632-4f84-b71c-08c70f7756fb|rpc:10.1.0.37:40437|priority:0, c0cb38e9-ad72-45c7-87a7-238cd12f7624|rpc:10.1.0.37:45031|priority:0, ce9e4e21-b8b3-47e8-a05b-7ed0cb4ed4d0|rpc:10.1.0.37:42995|priority:1], old=null
2021-08-17 11:50:20,648 [pool-844-thread-1] INFO  server.RaftServer$Division (RaftServerImpl.java:setRole(285)) - c0cb38e9-ad72-45c7-87a7-238cd12f7624@group-24113E272142: changes role from      null to FOLLOWER at term 0 for startAsFollower
2021-08-17 11:50:20,648 [pool-844-thread-1] INFO  impl.RoleInfo (RoleInfo.java:updateAndGet(130)) - c0cb38e9-ad72-45c7-87a7-238cd12f7624: start c0cb38e9-ad72-45c7-87a7-238cd12f7624@group-24113E272142-FollowerState
2021-08-17 11:50:20,648 [pool-844-thread-1] INFO  util.JmxRegister (JmxRegister.java:tryRegister(44)) - Successfully registered JMX Bean with object name Ratis:service=RaftServer,group=group-24113E272142,id=c0cb38e9-ad72-45c7-87a7-238cd12f7624
2021-08-17 11:50:20,649 [Command processor thread] INFO  ratis.XceiverServerRatis (XceiverServerRatis.java:addGroup(763)) - Created group PipelineID=9b2af877-39a4-4873-b184-24113e272142
2021-08-17 11:50:20,772 [grpc-default-executor-6] INFO  server.RaftServer (RaftServerProxy.java:addNew(95)) - ce9e4e21-b8b3-47e8-a05b-7ed0cb4ed4d0: addNew group-24113E272142:[e067f3b0-4632-4f84-b71c-08c70f7756fb|rpc:10.1.0.37:40437|dataStream:|priority:0, c0cb38e9-ad72-45c7-87a7-238cd12f7624|rpc:10.1.0.37:45031|dataStream:|priority:0, ce9e4e21-b8b3-47e8-a05b-7ed0cb4ed4d0|rpc:10.1.0.37:42995|dataStream:|priority:1] returns group-24113E272142:java.util.concurrent.CompletableFuture@4b6b5e7d[Not completed]
2021-08-17 11:50:20,783 [pool-882-thread-1] INFO  server.RaftServer$Division (RaftServerImpl.java:<init>(181)) - ce9e4e21-b8b3-47e8-a05b-7ed0cb4ed4d0: new RaftServerImpl for group-24113E272142:[e067f3b0-4632-4f84-b71c-08c70f7756fb|rpc:10.1.0.37:40437|dataStream:|priority:0, c0cb38e9-ad72-45c7-87a7-238cd12f7624|rpc:10.1.0.37:45031|dataStream:|priority:0, ce9e4e21-b8b3-47e8-a05b-7ed0cb4ed4d0|rpc:10.1.0.37:42995|dataStream:|priority:1] with ContainerStateMachine:uninitialized
2021-08-17 11:50:20,789 [pool-882-thread-1] INFO  server.RaftServerConfigKeys (ConfUtils.java:logGet(44)) - raft.server.rpc.timeout.min = 5s (custom)
2021-08-17 11:50:20,789 [pool-882-thread-1] INFO  server.RaftServerConfigKeys (ConfUtils.java:logGet(44)) - raft.server.rpc.timeout.max = 5200ms (custom)
2021-08-17 11:50:20,789 [pool-882-thread-1] INFO  server.RaftServerConfigKeys (ConfUtils.java:logGet(44)) - raft.server.rpc.sleep.time = 25ms (default)
2021-08-17 11:50:20,789 [pool-882-thread-1] INFO  server.RaftServerConfigKeys (ConfUtils.java:logGet(44)) - raft.server.rpc.slowness.timeout = 300000ms (custom)
2021-08-17 11:50:20,789 [pool-882-thread-1] INFO  server.RaftServerConfigKeys (ConfUtils.java:logGet(44)) - raft.server.leaderelection.leader.step-down.wait-time = 10s (default)
2021-08-17 11:50:20,789 [pool-882-thread-1] INFO  server.RaftServerConfigKeys (ConfUtils.java:logGet(44)) - raft.server.sleep.deviation.threshold = 300ms (default)
2021-08-17 11:50:20,789 [pool-882-thread-1] INFO  server.RaftServerConfigKeys (ConfUtils.java:logGet(44)) - raft.server.log.appender.install.snapshot.enabled = false (custom)
2021-08-17 11:50:20,790 [pool-882-thread-1] INFO  server.RaftServer$Division (ServerState.java:<init>(105)) - ce9e4e21-b8b3-47e8-a05b-7ed0cb4ed4d0@group-24113E272142: ConfigurationManager, init=-1: [e067f3b0-4632-4f84-b71c-08c70f7756fb|rpc:10.1.0.37:40437|dataStream:|priority:0, c0cb38e9-ad72-45c7-87a7-238cd12f7624|rpc:10.1.0.37:45031|dataStream:|priority:0, ce9e4e21-b8b3-47e8-a05b-7ed0cb4ed4d0|rpc:10.1.0.37:42995|dataStream:|priority:1], old=null, confs=<EMPTY_MAP>
2021-08-17 11:50:20,790 [pool-882-thread-1] INFO  server.RaftServerConfigKeys (ConfUtils.java:logGet(44)) - raft.server.storage.dir = [/home/runner/work/ozone/ozone/hadoop-ozone/integration-test/target/test-dir/MiniOzoneClusterImpl-a1e163cb-5647-48ea-b1dc-b51dce44f61a/datanode-5/data/ratis] (custom)
2021-08-17 11:50:20,790 [pool-882-thread-1] INFO  server.RaftServerConfigKeys (ConfUtils.java:logGet(44)) - raft.server.log.corruption.policy = EXCEPTION (default)
2021-08-17 11:50:20,790 [pool-882-thread-1] INFO  server.RaftServerConfigKeys (ConfUtils.java:logGet(44)) - raft.server.storage.free-space.min = 0MB (=0) (default)
2021-08-17 11:50:20,790 [pool-882-thread-1] INFO  storage.RaftStorageDirectory (RaftStorageDirectoryImpl.java:analyzeStorage(135)) - The storage directory /home/runner/work/ozone/ozone/hadoop-ozone/integration-test/target/test-dir/MiniOzoneClusterImpl-a1e163cb-5647-48ea-b1dc-b51dce44f61a/datanode-5/data/ratis/9b2af877-39a4-4873-b184-24113e272142 does not exist. Creating ...
2021-08-17 11:50:20,802 [pool-882-thread-1] INFO  storage.RaftStorageDirectory (RaftStorageDirectoryImpl.java:tryLock(230)) - Lock on /home/runner/work/ozone/ozone/hadoop-ozone/integration-test/target/test-dir/MiniOzoneClusterImpl-a1e163cb-5647-48ea-b1dc-b51dce44f61a/datanode-5/data/ratis/9b2af877-39a4-4873-b184-24113e272142/in_use.lock acquired by nodename 3236@fv-az297-666
2021-08-17 11:50:20,803 [pool-882-thread-1] INFO  storage.RaftStorage (RaftStorageImpl.java:format(89)) - Storage directory /home/runner/work/ozone/ozone/hadoop-ozone/integration-test/target/test-dir/MiniOzoneClusterImpl-a1e163cb-5647-48ea-b1dc-b51dce44f61a/datanode-5/data/ratis/9b2af877-39a4-4873-b184-24113e272142 has been successfully formatted.
2021-08-17 11:50:20,803 [Datanode State Machine Thread - 0] WARN  statemachine.StateContext (StateContext.java:execute(621)) - No available thread in pool for past 1 seconds.
2021-08-17 11:50:20,803 [pool-882-thread-1] INFO  ratis.ContainerStateMachine (ContainerStateMachine.java:loadSnapshot(225)) - group-24113E272142: The snapshot info is null. Setting the last applied indexto:(t:0, i:~)
2021-08-17 11:50:20,803 [pool-882-thread-1] INFO  server.RaftServerConfigKeys (ConfUtils.java:logGet(44)) - raft.server.notification.no-leader.timeout = 300000ms (custom)
2021-08-17 11:50:20,803 [pool-882-thread-1] INFO  server.RaftServerConfigKeys (ConfUtils.java:logGet(44)) - raft.server.log.use.memory = false (default)
2021-08-17 11:50:20,803 [pool-882-thread-1] INFO  server.RaftServerConfigKeys (ConfUtils.java:logGet(44)) - raft.server.log.purge.gap = 1000000 (custom)
2021-08-17 11:50:20,803 [pool-882-thread-1] INFO  server.RaftServerConfigKeys (ConfUtils.java:logGet(44)) - raft.server.log.appender.buffer.byte-limit = 33554432 (custom)
2021-08-17 11:50:20,804 [pool-882-thread-1] INFO  server.RaftServerConfigKeys (ConfUtils.java:logGet(44)) - raft.server.log.segment.size.max = 1048576 (custom)
2021-08-17 11:50:20,804 [pool-882-thread-1] INFO  server.RaftServerConfigKeys (ConfUtils.java:logGet(44)) - raft.server.log.segment.cache.num.max = 2 (custom)
2021-08-17 11:50:20,804 [pool-882-thread-1] INFO  server.RaftServerConfigKeys (ConfUtils.java:logGet(44)) - raft.server.log.segment.cache.size.max = 200MB (=209715200) (default)
2021-08-17 11:50:20,804 [pool-882-thread-1] INFO  segmented.SegmentedRaftLogWorker (SegmentedRaftLogWorker.java:<init>(182)) - new ce9e4e21-b8b3-47e8-a05b-7ed0cb4ed4d0@group-24113E272142-SegmentedRaftLogWorker for RaftStorageImpl:Storage Directory /home/runner/work/ozone/ozone/hadoop-ozone/integration-test/target/test-dir/MiniOzoneClusterImpl-a1e163cb-5647-48ea-b1dc-b51dce44f61a/datanode-5/data/ratis/9b2af877-39a4-4873-b184-24113e272142
2021-08-17 11:50:20,804 [pool-882-thread-1] INFO  server.RaftServerConfigKeys (ConfUtils.java:logGet(44)) - raft.server.log.queue.byte-limit = 2147483647 (custom)
2021-08-17 11:50:20,805 [pool-882-thread-1] INFO  server.RaftServerConfigKeys (ConfUtils.java:logGet(44)) - raft.server.log.queue.element-limit = 1024 (custom)
2021-08-17 11:50:20,805 [pool-882-thread-1] INFO  server.RaftServerConfigKeys (ConfUtils.java:logGet(44)) - raft.server.log.segment.size.max = 1048576 (custom)
2021-08-17 11:50:20,805 [pool-882-thread-1] INFO  server.RaftServerConfigKeys (ConfUtils.java:logGet(44)) - raft.server.log.preallocated.size = 16384 (custom)
2021-08-17 11:50:20,805 [pool-882-thread-1] INFO  server.RaftServerConfigKeys (ConfUtils.java:logGet(44)) - raft.server.log.force.sync.num = 128 (default)
2021-08-17 11:50:20,805 [pool-882-thread-1] INFO  server.RaftServerConfigKeys (ConfUtils.java:logGet(44)) - raft.server.log.statemachine.data.sync = true (default)
2021-08-17 11:50:20,805 [pool-882-thread-1] INFO  server.RaftServerConfigKeys (ConfUtils.java:logGet(44)) - raft.server.log.statemachine.data.sync.timeout = 10s (default)
2021-08-17 11:50:20,805 [pool-882-thread-1] INFO  server.RaftServerConfigKeys (ConfUtils.java:logGet(44)) - raft.server.log.statemachine.data.sync.timeout.retry = -1 (default)
2021-08-17 11:50:20,806 [pool-882-thread-1] INFO  server.RaftServerConfigKeys (ConfUtils.java:logGet(44)) - raft.server.log.write.buffer.size = 1048576 (custom)
2021-08-17 11:50:20,807 [pool-882-thread-1] INFO  server.RaftServerConfigKeys (ConfUtils.java:logGet(44)) - raft.server.log.statemachine.data.caching.enabled = true (custom)
2021-08-17 11:50:20,807 [pool-882-thread-1] INFO  segmented.SegmentedRaftLogWorker (SegmentedRaftLogWorker.java:lambda$new$0(133)) - ce9e4e21-b8b3-47e8-a05b-7ed0cb4ed4d0@group-24113E272142-SegmentedRaftLogWorker: flushIndex: setUnconditionally 0 -> -1
2021-08-17 11:50:20,807 [pool-882-thread-1] INFO  segmented.SegmentedRaftLogWorker (SegmentedRaftLogWorker.java:lambda$new$0(133)) - ce9e4e21-b8b3-47e8-a05b-7ed0cb4ed4d0@group-24113E272142-SegmentedRaftLogWorker: safeCacheEvictIndex: setUnconditionally 0 -> -1
2021-08-17 11:50:20,807 [pool-882-thread-1] INFO  server.RaftServerConfigKeys (ConfUtils.java:logGet(44)) - raft.server.snapshot.auto.trigger.enabled = true (custom)
2021-08-17 11:50:20,807 [pool-882-thread-1] INFO  server.RaftServerConfigKeys (ConfUtils.java:logGet(44)) - raft.server.snapshot.auto.trigger.threshold = 10000 (custom)
2021-08-17 11:50:20,807 [pool-882-thread-1] INFO  server.RaftServerConfigKeys (ConfUtils.java:logGet(44)) - raft.server.snapshot.retention.file.num = 5 (custom)
2021-08-17 11:50:20,807 [pool-882-thread-1] INFO  server.RaftServerConfigKeys (ConfUtils.java:logGet(44)) - raft.server.log.purge.upto.snapshot.index = false (default)
2021-08-17 11:50:20,807 [pool-882-thread-1] INFO  server.RaftServerConfigKeys (ConfUtils.java:logGet(44)) - raft.server.retrycache.expirytime = 600000ms (custom)
2021-08-17 11:50:20,807 [pool-882-thread-1] INFO  server.RaftServerConfigKeys (ConfUtils.java:logGet(44)) - raft.server.retrycache.statistics.expirytime = 100μs (default)
2021-08-17 11:50:20,888 [pool-882-thread-1] INFO  server.RaftServer$Division (RaftServerImpl.java:start(296)) - ce9e4e21-b8b3-47e8-a05b-7ed0cb4ed4d0@group-24113E272142: start as a follower, conf=-1: [e067f3b0-4632-4f84-b71c-08c70f7756fb|rpc:10.1.0.37:40437|dataStream:|priority:0, c0cb38e9-ad72-45c7-87a7-238cd12f7624|rpc:10.1.0.37:45031|dataStream:|priority:0, ce9e4e21-b8b3-47e8-a05b-7ed0cb4ed4d0|rpc:10.1.0.37:42995|dataStream:|priority:1], old=null
2021-08-17 11:50:20,888 [pool-882-thread-1] INFO  server.RaftServer$Division (RaftServerImpl.java:setRole(285)) - ce9e4e21-b8b3-47e8-a05b-7ed0cb4ed4d0@group-24113E272142: changes role from      null to FOLLOWER at term 0 for startAsFollower
2021-08-17 11:50:20,888 [pool-882-thread-1] INFO  impl.RoleInfo (RoleInfo.java:updateAndGet(130)) - ce9e4e21-b8b3-47e8-a05b-7ed0cb4ed4d0: start ce9e4e21-b8b3-47e8-a05b-7ed0cb4ed4d0@group-24113E272142-FollowerState
2021-08-17 11:50:20,903 [pool-882-thread-1] INFO  util.JmxRegister (JmxRegister.java:tryRegister(44)) - Successfully registered JMX Bean with object name Ratis:service=RaftServer,group=group-24113E272142,id=ce9e4e21-b8b3-47e8-a05b-7ed0cb4ed4d0
2021-08-17 11:50:21,065 [grpc-default-executor-6] INFO  server.RaftServer (RaftServerProxy.java:addNew(95)) - e067f3b0-4632-4f84-b71c-08c70f7756fb: addNew group-24113E272142:[e067f3b0-4632-4f84-b71c-08c70f7756fb|rpc:10.1.0.37:40437|dataStream:|priority:0, c0cb38e9-ad72-45c7-87a7-238cd12f7624|rpc:10.1.0.37:45031|dataStream:|priority:0, ce9e4e21-b8b3-47e8-a05b-7ed0cb4ed4d0|rpc:10.1.0.37:42995|dataStream:|priority:1] returns group-24113E272142:java.util.concurrent.CompletableFuture@653ecef2[Not completed]
2021-08-17 11:50:21,066 [pool-863-thread-1] INFO  server.RaftServer$Division (RaftServerImpl.java:<init>(181)) - e067f3b0-4632-4f84-b71c-08c70f7756fb: new RaftServerImpl for group-24113E272142:[e067f3b0-4632-4f84-b71c-08c70f7756fb|rpc:10.1.0.37:40437|dataStream:|priority:0, c0cb38e9-ad72-45c7-87a7-238cd12f7624|rpc:10.1.0.37:45031|dataStream:|priority:0, ce9e4e21-b8b3-47e8-a05b-7ed0cb4ed4d0|rpc:10.1.0.37:42995|dataStream:|priority:1] with ContainerStateMachine:uninitialized
2021-08-17 11:50:21,066 [pool-863-thread-1] INFO  server.RaftServerConfigKeys (ConfUtils.java:logGet(44)) - raft.server.rpc.timeout.min = 5s (custom)
2021-08-17 11:50:21,066 [pool-863-thread-1] INFO  server.RaftServerConfigKeys (ConfUtils.java:logGet(44)) - raft.server.rpc.timeout.max = 5200ms (custom)
2021-08-17 11:50:21,066 [pool-863-thread-1] INFO  server.RaftServerConfigKeys (ConfUtils.java:logGet(44)) - raft.server.rpc.sleep.time = 25ms (default)
2021-08-17 11:50:21,066 [pool-863-thread-1] INFO  server.RaftServerConfigKeys (ConfUtils.java:logGet(44)) - raft.server.rpc.slowness.timeout = 300000ms (custom)
2021-08-17 11:50:21,066 [pool-863-thread-1] INFO  server.RaftServerConfigKeys (ConfUtils.java:logGet(44)) - raft.server.leaderelection.leader.step-down.wait-time = 10s (default)
2021-08-17 11:50:21,066 [pool-863-thread-1] INFO  server.RaftServerConfigKeys (ConfUtils.java:logGet(44)) - raft.server.sleep.deviation.threshold = 300ms (default)
2021-08-17 11:50:21,066 [pool-863-thread-1] INFO  server.RaftServerConfigKeys (ConfUtils.java:logGet(44)) - raft.server.log.appender.install.snapshot.enabled = false (custom)
2021-08-17 11:50:21,066 [pool-863-thread-1] INFO  server.RaftServer$Division (ServerState.java:<init>(105)) - e067f3b0-4632-4f84-b71c-08c70f7756fb@group-24113E272142: ConfigurationManager, init=-1: [e067f3b0-4632-4f84-b71c-08c70f7756fb|rpc:10.1.0.37:40437|dataStream:|priority:0, c0cb38e9-ad72-45c7-87a7-238cd12f7624|rpc:10.1.0.37:45031|dataStream:|priority:0, ce9e4e21-b8b3-47e8-a05b-7ed0cb4ed4d0|rpc:10.1.0.37:42995|dataStream:|priority:1], old=null, confs=<EMPTY_MAP>
2021-08-17 11:50:21,066 [pool-863-thread-1] INFO  server.RaftServerConfigKeys (ConfUtils.java:logGet(44)) - raft.server.storage.dir = [/home/runner/work/ozone/ozone/hadoop-ozone/integration-test/target/test-dir/MiniOzoneClusterImpl-a1e163cb-5647-48ea-b1dc-b51dce44f61a/datanode-4/data/ratis] (custom)
2021-08-17 11:50:21,067 [pool-863-thread-1] INFO  server.RaftServerConfigKeys (ConfUtils.java:logGet(44)) - raft.server.log.corruption.policy = EXCEPTION (default)
2021-08-17 11:50:21,067 [pool-863-thread-1] INFO  server.RaftServerConfigKeys (ConfUtils.java:logGet(44)) - raft.server.storage.free-space.min = 0MB (=0) (default)
2021-08-17 11:50:21,067 [pool-863-thread-1] INFO  storage.RaftStorageDirectory (RaftStorageDirectoryImpl.java:analyzeStorage(135)) - The storage directory /home/runner/work/ozone/ozone/hadoop-ozone/integration-test/target/test-dir/MiniOzoneClusterImpl-a1e163cb-5647-48ea-b1dc-b51dce44f61a/datanode-4/data/ratis/9b2af877-39a4-4873-b184-24113e272142 does not exist. Creating ...
2021-08-17 11:50:21,077 [pool-863-thread-1] INFO  storage.RaftStorageDirectory (RaftStorageDirectoryImpl.java:tryLock(230)) - Lock on /home/runner/work/ozone/ozone/hadoop-ozone/integration-test/target/test-dir/MiniOzoneClusterImpl-a1e163cb-5647-48ea-b1dc-b51dce44f61a/datanode-4/data/ratis/9b2af877-39a4-4873-b184-24113e272142/in_use.lock acquired by nodename 3236@fv-az297-666
2021-08-17 11:50:21,116 [pool-863-thread-1] INFO  storage.RaftStorage (RaftStorageImpl.java:format(89)) - Storage directory /home/runner/work/ozone/ozone/hadoop-ozone/integration-test/target/test-dir/MiniOzoneClusterImpl-a1e163cb-5647-48ea-b1dc-b51dce44f61a/datanode-4/data/ratis/9b2af877-39a4-4873-b184-24113e272142 has been successfully formatted.
2021-08-17 11:50:21,121 [Command processor thread] INFO  server.RaftServer (RaftServerProxy.java:addNew(95)) - e067f3b0-4632-4f84-b71c-08c70f7756fb: addNew group-1F4F0910E0F4:[e067f3b0-4632-4f84-b71c-08c70f7756fb|rpc:10.1.0.37:40437|priority:1] returns group-1F4F0910E0F4:java.util.concurrent.CompletableFuture@1a636be9[Not completed]
2021-08-17 11:50:21,159 [pool-863-thread-1] INFO  ratis.ContainerStateMachine (ContainerStateMachine.java:loadSnapshot(225)) - group-24113E272142: The snapshot info is null. Setting the last applied indexto:(t:0, i:~)
2021-08-17 11:50:21,159 [pool-863-thread-1] INFO  server.RaftServerConfigKeys (ConfUtils.java:logGet(44)) - raft.server.notification.no-leader.timeout = 300000ms (custom)
2021-08-17 11:50:21,159 [pool-863-thread-1] INFO  server.RaftServerConfigKeys (ConfUtils.java:logGet(44)) - raft.server.log.use.memory = false (default)
2021-08-17 11:50:21,159 [pool-863-thread-1] INFO  server.RaftServerConfigKeys (ConfUtils.java:logGet(44)) - raft.server.log.purge.gap = 1000000 (custom)
2021-08-17 11:50:21,160 [pool-863-thread-1] INFO  server.RaftServerConfigKeys (ConfUtils.java:logGet(44)) - raft.server.log.appender.buffer.byte-limit = 33554432 (custom)
2021-08-17 11:50:21,160 [pool-863-thread-1] INFO  server.RaftServerConfigKeys (ConfUtils.java:logGet(44)) - raft.server.log.segment.size.max = 1048576 (custom)
2021-08-17 11:50:21,160 [pool-863-thread-1] INFO  server.RaftServerConfigKeys (ConfUtils.java:logGet(44)) - raft.server.log.segment.cache.num.max = 2 (custom)
2021-08-17 11:50:21,160 [pool-863-thread-1] INFO  server.RaftServerConfigKeys (ConfUtils.java:logGet(44)) - raft.server.log.segment.cache.size.max = 200MB (=209715200) (default)
2021-08-17 11:50:21,160 [pool-863-thread-1] INFO  segmented.SegmentedRaftLogWorker (SegmentedRaftLogWorker.java:<init>(182)) - new e067f3b0-4632-4f84-b71c-08c70f7756fb@group-24113E272142-SegmentedRaftLogWorker for RaftStorageImpl:Storage Directory /home/runner/work/ozone/ozone/hadoop-ozone/integration-test/target/test-dir/MiniOzoneClusterImpl-a1e163cb-5647-48ea-b1dc-b51dce44f61a/datanode-4/data/ratis/9b2af877-39a4-4873-b184-24113e272142
2021-08-17 11:50:21,161 [pool-863-thread-1] INFO  server.RaftServerConfigKeys (ConfUtils.java:logGet(44)) - raft.server.log.queue.byte-limit = 2147483647 (custom)
2021-08-17 11:50:21,161 [pool-863-thread-1] INFO  server.RaftServerConfigKeys (ConfUtils.java:logGet(44)) - raft.server.log.queue.element-limit = 1024 (custom)
2021-08-17 11:50:21,161 [pool-863-thread-1] INFO  server.RaftServerConfigKeys (ConfUtils.java:logGet(44)) - raft.server.log.segment.size.max = 1048576 (custom)
2021-08-17 11:50:21,161 [pool-863-thread-1] INFO  server.RaftServerConfigKeys (ConfUtils.java:logGet(44)) - raft.server.log.preallocated.size = 16384 (custom)
2021-08-17 11:50:21,161 [pool-863-thread-1] INFO  server.RaftServerConfigKeys (ConfUtils.java:logGet(44)) - raft.server.log.force.sync.num = 128 (default)
2021-08-17 11:50:21,161 [pool-863-thread-1] INFO  server.RaftServerConfigKeys (ConfUtils.java:logGet(44)) - raft.server.log.statemachine.data.sync = true (default)
2021-08-17 11:50:21,161 [pool-863-thread-1] INFO  server.RaftServerConfigKeys (ConfUtils.java:logGet(44)) - raft.server.log.statemachine.data.sync.timeout = 10s (default)
2021-08-17 11:50:21,161 [pool-863-thread-1] INFO  server.RaftServerConfigKeys (ConfUtils.java:logGet(44)) - raft.server.log.statemachine.data.sync.timeout.retry = -1 (default)
2021-08-17 11:50:21,161 [Datanode State Machine Thread - 0] WARN  statemachine.StateContext (StateContext.java:execute(621)) - No available thread in pool for past 1 seconds.
2021-08-17 11:50:21,162 [pool-863-thread-1] INFO  server.RaftServerConfigKeys (ConfUtils.java:logGet(44)) - raft.server.log.write.buffer.size = 1048576 (custom)
2021-08-17 11:50:21,163 [pool-863-thread-1] INFO  server.RaftServerConfigKeys (ConfUtils.java:logGet(44)) - raft.server.log.statemachine.data.caching.enabled = true (custom)
2021-08-17 11:50:21,163 [pool-863-thread-1] INFO  segmented.SegmentedRaftLogWorker (SegmentedRaftLogWorker.java:lambda$new$0(133)) - e067f3b0-4632-4f84-b71c-08c70f7756fb@group-24113E272142-SegmentedRaftLogWorker: flushIndex: setUnconditionally 0 -> -1
2021-08-17 11:50:21,163 [pool-863-thread-1] INFO  segmented.SegmentedRaftLogWorker (SegmentedRaftLogWorker.java:lambda$new$0(133)) - e067f3b0-4632-4f84-b71c-08c70f7756fb@group-24113E272142-SegmentedRaftLogWorker: safeCacheEvictIndex: setUnconditionally 0 -> -1
2021-08-17 11:50:21,173 [pool-863-thread-1] INFO  server.RaftServerConfigKeys (ConfUtils.java:logGet(44)) - raft.server.snapshot.auto.trigger.enabled = true (custom)
2021-08-17 11:50:21,173 [pool-863-thread-1] INFO  server.RaftServerConfigKeys (ConfUtils.java:logGet(44)) - raft.server.snapshot.auto.trigger.threshold = 10000 (custom)
2021-08-17 11:50:21,173 [pool-863-thread-1] INFO  server.RaftServerConfigKeys (ConfUtils.java:logGet(44)) - raft.server.snapshot.retention.file.num = 5 (custom)
2021-08-17 11:50:21,173 [pool-863-thread-1] INFO  server.RaftServerConfigKeys (ConfUtils.java:logGet(44)) - raft.server.log.purge.upto.snapshot.index = false (default)
2021-08-17 11:50:21,173 [pool-863-thread-1] INFO  server.RaftServerConfigKeys (ConfUtils.java:logGet(44)) - raft.server.retrycache.expirytime = 600000ms (custom)
2021-08-17 11:50:21,173 [pool-863-thread-1] INFO  server.RaftServerConfigKeys (ConfUtils.java:logGet(44)) - raft.server.retrycache.statistics.expirytime = 100μs (default)
2021-08-17 11:50:21,180 [pool-863-thread-1] INFO  server.RaftServer$Division (RaftServerImpl.java:<init>(181)) - e067f3b0-4632-4f84-b71c-08c70f7756fb: new RaftServerImpl for group-1F4F0910E0F4:[e067f3b0-4632-4f84-b71c-08c70f7756fb|rpc:10.1.0.37:40437|priority:1] with ContainerStateMachine:uninitialized
2021-08-17 11:50:21,180 [pool-863-thread-1] INFO  server.RaftServerConfigKeys (ConfUtils.java:logGet(44)) - raft.server.rpc.timeout.min = 5s (custom)
2021-08-17 11:50:21,180 [pool-863-thread-1] INFO  server.RaftServerConfigKeys (ConfUtils.java:logGet(44)) - raft.server.rpc.timeout.max = 5200ms (custom)
2021-08-17 11:50:21,180 [pool-863-thread-1] INFO  server.RaftServerConfigKeys (ConfUtils.java:logGet(44)) - raft.server.rpc.sleep.time = 25ms (default)
2021-08-17 11:50:21,180 [pool-863-thread-1] INFO  server.RaftServerConfigKeys (ConfUtils.java:logGet(44)) - raft.server.rpc.slowness.timeout = 300000ms (custom)
2021-08-17 11:50:21,180 [pool-863-thread-1] INFO  server.RaftServerConfigKeys (ConfUtils.java:logGet(44)) - raft.server.leaderelection.leader.step-down.wait-time = 10s (default)
2021-08-17 11:50:21,180 [pool-863-thread-1] INFO  server.RaftServerConfigKeys (ConfUtils.java:logGet(44)) - raft.server.sleep.deviation.threshold = 300ms (default)
2021-08-17 11:50:21,180 [pool-863-thread-1] INFO  server.RaftServerConfigKeys (ConfUtils.java:logGet(44)) - raft.server.log.appender.install.snapshot.enabled = false (custom)
2021-08-17 11:50:21,180 [pool-863-thread-1] INFO  server.RaftServer$Division (ServerState.java:<init>(105)) - e067f3b0-4632-4f84-b71c-08c70f7756fb@group-1F4F0910E0F4: ConfigurationManager, init=-1: [e067f3b0-4632-4f84-b71c-08c70f7756fb|rpc:10.1.0.37:40437|priority:1], old=null, confs=<EMPTY_MAP>
2021-08-17 11:50:21,181 [pool-863-thread-1] INFO  server.RaftServerConfigKeys (ConfUtils.java:logGet(44)) - raft.server.storage.dir = [/home/runner/work/ozone/ozone/hadoop-ozone/integration-test/target/test-dir/MiniOzoneClusterImpl-a1e163cb-5647-48ea-b1dc-b51dce44f61a/datanode-4/data/ratis] (custom)
2021-08-17 11:50:21,181 [pool-863-thread-1] INFO  server.RaftServerConfigKeys (ConfUtils.java:logGet(44)) - raft.server.log.corruption.policy = EXCEPTION (default)
2021-08-17 11:50:21,181 [pool-863-thread-1] INFO  server.RaftServerConfigKeys (ConfUtils.java:logGet(44)) - raft.server.storage.free-space.min = 0MB (=0) (default)
2021-08-17 11:50:21,181 [pool-863-thread-1] INFO  storage.RaftStorageDirectory (RaftStorageDirectoryImpl.java:analyzeStorage(135)) - The storage directory /home/runner/work/ozone/ozone/hadoop-ozone/integration-test/target/test-dir/MiniOzoneClusterImpl-a1e163cb-5647-48ea-b1dc-b51dce44f61a/datanode-4/data/ratis/4ca2aa2c-7e17-4bc1-bf77-1f4f0910e0f4 does not exist. Creating ...
2021-08-17 11:50:21,187 [pool-863-thread-1] INFO  storage.RaftStorageDirectory (RaftStorageDirectoryImpl.java:tryLock(230)) - Lock on /home/runner/work/ozone/ozone/hadoop-ozone/integration-test/target/test-dir/MiniOzoneClusterImpl-a1e163cb-5647-48ea-b1dc-b51dce44f61a/datanode-4/data/ratis/4ca2aa2c-7e17-4bc1-bf77-1f4f0910e0f4/in_use.lock acquired by nodename 3236@fv-az297-666
2021-08-17 11:50:21,188 [pool-863-thread-1] INFO  storage.RaftStorage (RaftStorageImpl.java:format(89)) - Storage directory /home/runner/work/ozone/ozone/hadoop-ozone/integration-test/target/test-dir/MiniOzoneClusterImpl-a1e163cb-5647-48ea-b1dc-b51dce44f61a/datanode-4/data/ratis/4ca2aa2c-7e17-4bc1-bf77-1f4f0910e0f4 has been successfully formatted.
2021-08-17 11:50:21,188 [Datanode State Machine Thread - 0] WARN  statemachine.StateContext (StateContext.java:execute(621)) - No available thread in pool for past 1 seconds.
2021-08-17 11:50:21,188 [pool-863-thread-1] INFO  ratis.ContainerStateMachine (ContainerStateMachine.java:loadSnapshot(225)) - group-1F4F0910E0F4: The snapshot info is null. Setting the last applied indexto:(t:0, i:~)
2021-08-17 11:50:21,188 [pool-863-thread-1] INFO  server.RaftServerConfigKeys (ConfUtils.java:logGet(44)) - raft.server.notification.no-leader.timeout = 300000ms (custom)
2021-08-17 11:50:21,189 [EventQueue-PipelineReportForPipelineReportHandler] INFO  pipeline.PipelineManagerImpl (PipelineManagerImpl.java:openPipeline(283)) - Pipeline Pipeline[ Id: 4ca2aa2c-7e17-4bc1-bf77-1f4f0910e0f4, Nodes: e067f3b0-4632-4f84-b71c-08c70f7756fb{ip: 10.1.0.37, host: fv-az297-666.nmf1rxwemy4u5di1sxxf4ejcwb.jx.internal.cloudapp.net, ports: [REPLICATION=37935, RATIS=40437, RATIS_ADMIN=40437, RATIS_SERVER=40437, STANDALONE=36089], networkLocation: /default-rack, certSerialId: null, persistedOpState: IN_SERVICE, persistedOpStateExpiryEpochSec: 0}, ReplicationConfig: RATIS/ONE, State:ALLOCATED, leaderId:e067f3b0-4632-4f84-b71c-08c70f7756fb, CreationTimestamp2021-08-17T11:50:18.153Z[Etc/UTC]] moved to OPEN state
2021-08-17 11:50:21,189 [EventQueue-OpenPipelineForHealthyPipelineSafeModeRule] INFO  safemode.SCMSafeModeManager (HealthyPipelineSafeModeRule.java:process(124)) - SCM in safe mode. Healthy pipelines reported count is 0, required healthy pipeline reported count is 1
2021-08-17 11:50:21,189 [pool-863-thread-1] INFO  server.RaftServerConfigKeys (ConfUtils.java:logGet(44)) - raft.server.log.use.memory = false (default)
2021-08-17 11:50:21,190 [pool-863-thread-1] INFO  server.RaftServerConfigKeys (ConfUtils.java:logGet(44)) - raft.server.log.purge.gap = 1000000 (custom)
2021-08-17 11:50:21,190 [pool-863-thread-1] INFO  server.RaftServerConfigKeys (ConfUtils.java:logGet(44)) - raft.server.log.appender.buffer.byte-limit = 33554432 (custom)
2021-08-17 11:50:21,190 [pool-863-thread-1] INFO  server.RaftServerConfigKeys (ConfUtils.java:logGet(44)) - raft.server.log.segment.size.max = 1048576 (custom)
2021-08-17 11:50:21,190 [pool-863-thread-1] INFO  server.RaftServerConfigKeys (ConfUtils.java:logGet(44)) - raft.server.log.segment.cache.num.max = 2 (custom)
2021-08-17 11:50:21,190 [pool-863-thread-1] INFO  server.RaftServerConfigKeys (ConfUtils.java:logGet(44)) - raft.server.log.segment.cache.size.max = 200MB (=209715200) (default)
2021-08-17 11:50:21,191 [pool-863-thread-1] INFO  segmented.SegmentedRaftLogWorker (SegmentedRaftLogWorker.java:<init>(182)) - new e067f3b0-4632-4f84-b71c-08c70f7756fb@group-1F4F0910E0F4-SegmentedRaftLogWorker for RaftStorageImpl:Storage Directory /home/runner/work/ozone/ozone/hadoop-ozone/integration-test/target/test-dir/MiniOzoneClusterImpl-a1e163cb-5647-48ea-b1dc-b51dce44f61a/datanode-4/data/ratis/4ca2aa2c-7e17-4bc1-bf77-1f4f0910e0f4
2021-08-17 11:50:21,191 [pool-863-thread-1] INFO  server.RaftServerConfigKeys (ConfUtils.java:logGet(44)) - raft.server.log.queue.byte-limit = 2147483647 (custom)
2021-08-17 11:50:21,191 [pool-863-thread-1] INFO  server.RaftServerConfigKeys (ConfUtils.java:logGet(44)) - raft.server.log.queue.element-limit = 1024 (custom)
2021-08-17 11:50:21,191 [pool-863-thread-1] INFO  server.RaftServerConfigKeys (ConfUtils.java:logGet(44)) - raft.server.log.segment.size.max = 1048576 (custom)
2021-08-17 11:50:21,191 [pool-863-thread-1] INFO  server.RaftServerConfigKeys (ConfUtils.java:logGet(44)) - raft.server.log.preallocated.size = 16384 (custom)
2021-08-17 11:50:21,191 [pool-863-thread-1] INFO  server.RaftServerConfigKeys (ConfUtils.java:logGet(44)) - raft.server.log.force.sync.num = 128 (default)
2021-08-17 11:50:21,191 [pool-863-thread-1] INFO  server.RaftServerConfigKeys (ConfUtils.java:logGet(44)) - raft.server.log.statemachine.data.sync = true (default)
2021-08-17 11:50:21,191 [pool-863-thread-1] INFO  server.RaftServerConfigKeys (ConfUtils.java:logGet(44)) - raft.server.log.statemachine.data.sync.timeout = 10s (default)
2021-08-17 11:50:21,191 [pool-863-thread-1] INFO  server.RaftServerConfigKeys (ConfUtils.java:logGet(44)) - raft.server.log.statemachine.data.sync.timeout.retry = -1 (default)
2021-08-17 11:50:21,192 [pool-863-thread-1] INFO  server.RaftServerConfigKeys (ConfUtils.java:logGet(44)) - raft.server.log.write.buffer.size = 1048576 (custom)
2021-08-17 11:50:21,202 [Listener at 127.0.0.1/40861] INFO  ozone.MiniOzoneClusterImpl (MiniOzoneClusterImpl.java:lambda$waitForClusterToBeReady$0(235)) - Waiting for nodes to be ready. Got 7 of 9 DN Heartbeats.
2021-08-17 11:50:21,202 [Listener at 127.0.0.1/40861] INFO  ozone.MiniOzoneClusterImpl (MiniOzoneClusterImpl.java:lambda$waitForClusterToBeReady$0(238)) - Waiting for cluster to exit safe mode
2021-08-17 11:50:21,202 [Listener at 127.0.0.1/40861] INFO  ozone.MiniOzoneClusterImpl (MiniOzoneClusterImpl.java:lambda$waitForClusterToBeReady$0(240)) - SCM became leader
2021-08-17 11:50:21,203 [pool-863-thread-1] INFO  server.RaftServerConfigKeys (ConfUtils.java:logGet(44)) - raft.server.log.statemachine.data.caching.enabled = true (custom)
2021-08-17 11:50:21,203 [pool-863-thread-1] INFO  segmented.SegmentedRaftLogWorker (SegmentedRaftLogWorker.java:lambda$new$0(133)) - e067f3b0-4632-4f84-b71c-08c70f7756fb@group-1F4F0910E0F4-SegmentedRaftLogWorker: flushIndex: setUnconditionally 0 -> -1
2021-08-17 11:50:21,203 [pool-863-thread-1] INFO  segmented.SegmentedRaftLogWorker (SegmentedRaftLogWorker.java:lambda$new$0(133)) - e067f3b0-4632-4f84-b71c-08c70f7756fb@group-1F4F0910E0F4-SegmentedRaftLogWorker: safeCacheEvictIndex: setUnconditionally 0 -> -1
2021-08-17 11:50:21,273 [pool-863-thread-1] INFO  server.RaftServerConfigKeys (ConfUtils.java:logGet(44)) - raft.server.snapshot.auto.trigger.enabled = true (custom)
2021-08-17 11:50:21,273 [pool-863-thread-1] INFO  server.RaftServerConfigKeys (ConfUtils.java:logGet(44)) - raft.server.snapshot.auto.trigger.threshold = 10000 (custom)
2021-08-17 11:50:21,273 [pool-863-thread-1] INFO  server.RaftServerConfigKeys (ConfUtils.java:logGet(44)) - raft.server.snapshot.retention.file.num = 5 (custom)
2021-08-17 11:50:21,273 [pool-863-thread-1] INFO  server.RaftServerConfigKeys (ConfUtils.java:logGet(44)) - raft.server.log.purge.upto.snapshot.index = false (default)
2021-08-17 11:50:21,273 [pool-863-thread-1] INFO  server.RaftServerConfigKeys (ConfUtils.java:logGet(44)) - raft.server.retrycache.expirytime = 600000ms (custom)
2021-08-17 11:50:21,273 [pool-863-thread-1] INFO  server.RaftServerConfigKeys (ConfUtils.java:logGet(44)) - raft.server.retrycache.statistics.expirytime = 100μs (default)
2021-08-17 11:50:21,275 [pool-863-thread-1] INFO  server.RaftServer$Division (RaftServerImpl.java:start(296)) - e067f3b0-4632-4f84-b71c-08c70f7756fb@group-24113E272142: start as a follower, conf=-1: [e067f3b0-4632-4f84-b71c-08c70f7756fb|rpc:10.1.0.37:40437|dataStream:|priority:0, c0cb38e9-ad72-45c7-87a7-238cd12f7624|rpc:10.1.0.37:45031|dataStream:|priority:0, ce9e4e21-b8b3-47e8-a05b-7ed0cb4ed4d0|rpc:10.1.0.37:42995|dataStream:|priority:1], old=null
2021-08-17 11:50:21,275 [pool-863-thread-1] INFO  server.RaftServer$Division (RaftServerImpl.java:setRole(285)) - e067f3b0-4632-4f84-b71c-08c70f7756fb@group-24113E272142: changes role from      null to FOLLOWER at term 0 for startAsFollower
2021-08-17 11:50:21,275 [pool-863-thread-1] INFO  impl.RoleInfo (RoleInfo.java:updateAndGet(130)) - e067f3b0-4632-4f84-b71c-08c70f7756fb: start e067f3b0-4632-4f84-b71c-08c70f7756fb@group-24113E272142-FollowerState
2021-08-17 11:50:21,289 [pool-863-thread-1] INFO  util.JmxRegister (JmxRegister.java:tryRegister(44)) - Successfully registered JMX Bean with object name Ratis:service=RaftServer,group=group-24113E272142,id=e067f3b0-4632-4f84-b71c-08c70f7756fb
2021-08-17 11:50:21,292 [pool-863-thread-1] INFO  server.RaftServer$Division (RaftServerImpl.java:start(296)) - e067f3b0-4632-4f84-b71c-08c70f7756fb@group-1F4F0910E0F4: start as a follower, conf=-1: [e067f3b0-4632-4f84-b71c-08c70f7756fb|rpc:10.1.0.37:40437|priority:1], old=null
2021-08-17 11:50:21,292 [pool-863-thread-1] INFO  server.RaftServer$Division (RaftServerImpl.java:setRole(285)) - e067f3b0-4632-4f84-b71c-08c70f7756fb@group-1F4F0910E0F4: changes role from      null to FOLLOWER at term 0 for startAsFollower
2021-08-17 11:50:21,292 [pool-863-thread-1] INFO  impl.RoleInfo (RoleInfo.java:updateAndGet(130)) - e067f3b0-4632-4f84-b71c-08c70f7756fb: start e067f3b0-4632-4f84-b71c-08c70f7756fb@group-1F4F0910E0F4-FollowerState
2021-08-17 11:50:21,305 [pool-863-thread-1] INFO  util.JmxRegister (JmxRegister.java:tryRegister(44)) - Successfully registered JMX Bean with object name Ratis:service=RaftServer,group=group-1F4F0910E0F4,id=e067f3b0-4632-4f84-b71c-08c70f7756fb
2021-08-17 11:50:21,306 [Command processor thread] INFO  ratis.XceiverServerRatis (XceiverServerRatis.java:addGroup(763)) - Created group PipelineID=4ca2aa2c-7e17-4bc1-bf77-1f4f0910e0f4
2021-08-17 11:50:21,306 [Command processor thread] INFO  commandhandler.CreatePipelineCommandHandler (CreatePipelineCommandHandler.java:handle(106)) - Created Pipeline RATIS ONE PipelineID=4ca2aa2c-7e17-4bc1-bf77-1f4f0910e0f4.
2021-08-17 11:50:21,310 [Command processor thread] INFO  commandhandler.CreatePipelineCommandHandler (CreatePipelineCommandHandler.java:handle(106)) - Created Pipeline RATIS THREE PipelineID=9b2af877-39a4-4873-b184-24113e272142.
2021-08-17 11:50:21,363 [EndpointStateMachine task thread for /0.0.0.0:35007 - 0 ] INFO  ozoneimpl.OzoneContainer (OzoneContainer.java:start(305)) - Attempting to start container services.
2021-08-17 11:50:21,363 [EndpointStateMachine task thread for /0.0.0.0:35007 - 0 ] INFO  ozoneimpl.OzoneContainer (OzoneContainer.java:startContainerScrub(250)) - Background container scanner has been disabled.
2021-08-17 11:50:21,364 [EndpointStateMachine task thread for /0.0.0.0:35007 - 0 ] INFO  replication.ReplicationServer (ReplicationServer.java:start(106)) - ReplicationServer is started using port 37993
2021-08-17 11:50:21,411 [EndpointStateMachine task thread for /0.0.0.0:35007 - 0 ] INFO  ratis.XceiverServerRatis (XceiverServerRatis.java:start(482)) - Starting XceiverServerRatis c2837b3a-083f-4317-9098-ed9e2645ea67
2021-08-17 11:50:21,412 [IPC Server handler 9 on default port 35007] INFO  net.NetworkTopologyImpl (NetworkTopologyImpl.java:add(112)) - Added a new node: /default-rack/b04f16c0-2a60-4c52-b6a0-e9a8376fd099
2021-08-17 11:50:21,412 [IPC Server handler 9 on default port 35007] INFO  node.SCMNodeManager (SCMNodeManager.java:register(390)) - Registered Data node : b04f16c0-2a60-4c52-b6a0-e9a8376fd099{ip: 10.1.0.37, host: fv-az297-666.nmf1rxwemy4u5di1sxxf4ejcwb.jx.internal.cloudapp.net, ports: [REPLICATION=35845, RATIS=38575, RATIS_ADMIN=38575, RATIS_SERVER=38575, STANDALONE=34803], networkLocation: /default-rack, certSerialId: null, persistedOpState: null, persistedOpStateExpiryEpochSec: 0}
2021-08-17 11:50:21,413 [EventQueue-NewNodeForNewNodeHandler] INFO  pipeline.BackgroundPipelineCreator (BackgroundPipelineCreatorV2.java:notifyEventTriggered(285)) - trigger a one-shot run on RatisPipelineUtilsThread.
2021-08-17 11:50:21,413 [RatisPipelineUtilsThread - 0] INFO  pipeline.RatisPipelineProvider (RatisPipelineProvider.java:lambda$create$0(183)) - Sending CreatePipelineCommand for pipeline:PipelineID=62297862-5cc6-4197-ad59-a793fa70953a to datanode:b04f16c0-2a60-4c52-b6a0-e9a8376fd099
2021-08-17 11:50:21,414 [RatisPipelineUtilsThread - 0] INFO  pipeline.PipelineStateManager (PipelineStateManagerV2Impl.java:addPipeline(101)) - Created pipeline Pipeline[ Id: 62297862-5cc6-4197-ad59-a793fa70953a, Nodes: b04f16c0-2a60-4c52-b6a0-e9a8376fd099{ip: 10.1.0.37, host: fv-az297-666.nmf1rxwemy4u5di1sxxf4ejcwb.jx.internal.cloudapp.net, ports: [REPLICATION=35845, RATIS=38575, RATIS_ADMIN=38575, RATIS_SERVER=38575, STANDALONE=34803], networkLocation: /default-rack, certSerialId: null, persistedOpState: IN_SERVICE, persistedOpStateExpiryEpochSec: 0}, ReplicationConfig: RATIS/ONE, State:ALLOCATED, leaderId:, CreationTimestamp2021-08-17T11:50:21.413Z[Etc/UTC]].
2021-08-17 11:50:21,414 [EndpointStateMachine task thread for /0.0.0.0:35007 - 0 ] INFO  server.RaftServer (RaftServerProxy.java:lambda$start$5(374)) - c2837b3a-083f-4317-9098-ed9e2645ea67: start RPC server
2021-08-17 11:50:21,417 [EndpointStateMachine task thread for /0.0.0.0:35007 - 0 ] INFO  server.GrpcService (GrpcService.java:startImpl(253)) - c2837b3a-083f-4317-9098-ed9e2645ea67: GrpcService started, listening on 40281
2021-08-17 11:50:21,437 [EndpointStateMachine task thread for /0.0.0.0:35007 - 0 ] INFO  ratis.XceiverServerRatis (XceiverServerRatis.java:getRealPort(503)) - XceiverServerRatis c2837b3a-083f-4317-9098-ed9e2645ea67 is started using port 40281 for RATIS
2021-08-17 11:50:21,437 [EndpointStateMachine task thread for /0.0.0.0:35007 - 0 ] INFO  ratis.XceiverServerRatis (XceiverServerRatis.java:getRealPort(503)) - XceiverServerRatis c2837b3a-083f-4317-9098-ed9e2645ea67 is started using port 40281 for RATIS_ADMIN
2021-08-17 11:50:21,437 [EndpointStateMachine task thread for /0.0.0.0:35007 - 0 ] INFO  ratis.XceiverServerRatis (XceiverServerRatis.java:getRealPort(503)) - XceiverServerRatis c2837b3a-083f-4317-9098-ed9e2645ea67 is started using port 40281 for RATIS_SERVER
2021-08-17 11:50:21,438 [EndpointStateMachine task thread for /0.0.0.0:35007 - 0 ] INFO  server.XceiverServerGrpc (XceiverServerGrpc.java:start(135)) - XceiverServerGrpc c2837b3a-083f-4317-9098-ed9e2645ea67 is started using port 39423
2021-08-17 11:50:21,438 [org.apache.ratis.util.JvmPauseMonitor$$Lambda$531/89905617@69c6cee3] INFO  util.JvmPauseMonitor (JvmPauseMonitor.java:run(103)) - JvmPauseMonitor-c2837b3a-083f-4317-9098-ed9e2645ea67: Started
2021-08-17 11:50:22,206 [Listener at 127.0.0.1/40861] INFO  ozone.MiniOzoneClusterImpl (MiniOzoneClusterImpl.java:lambda$waitForClusterToBeReady$0(235)) - Waiting for nodes to be ready. Got 8 of 9 DN Heartbeats.
2021-08-17 11:50:22,206 [Listener at 127.0.0.1/40861] INFO  ozone.MiniOzoneClusterImpl (MiniOzoneClusterImpl.java:lambda$waitForClusterToBeReady$0(238)) - Waiting for cluster to exit safe mode
2021-08-17 11:50:22,206 [Listener at 127.0.0.1/40861] INFO  ozone.MiniOzoneClusterImpl (MiniOzoneClusterImpl.java:lambda$waitForClusterToBeReady$0(240)) - SCM became leader
2021-08-17 11:50:22,351 [Command processor thread] INFO  server.RaftServer (RaftServerProxy.java:addNew(95)) - ce9e4e21-b8b3-47e8-a05b-7ed0cb4ed4d0: addNew group-2A0B1B25C762:[ce9e4e21-b8b3-47e8-a05b-7ed0cb4ed4d0|rpc:10.1.0.37:42995|priority:1] returns group-2A0B1B25C762:java.util.concurrent.CompletableFuture@66fc82ca[Not completed]
2021-08-17 11:50:22,352 [pool-882-thread-1] INFO  server.RaftServer$Division (RaftServerImpl.java:<init>(181)) - ce9e4e21-b8b3-47e8-a05b-7ed0cb4ed4d0: new RaftServerImpl for group-2A0B1B25C762:[ce9e4e21-b8b3-47e8-a05b-7ed0cb4ed4d0|rpc:10.1.0.37:42995|priority:1] with ContainerStateMachine:uninitialized
2021-08-17 11:50:22,352 [pool-882-thread-1] INFO  server.RaftServerConfigKeys (ConfUtils.java:logGet(44)) - raft.server.rpc.timeout.min = 5s (custom)
2021-08-17 11:50:22,352 [pool-882-thread-1] INFO  server.RaftServerConfigKeys (ConfUtils.java:logGet(44)) - raft.server.rpc.timeout.max = 5200ms (custom)
2021-08-17 11:50:22,352 [pool-882-thread-1] INFO  server.RaftServerConfigKeys (ConfUtils.java:logGet(44)) - raft.server.rpc.sleep.time = 25ms (default)
2021-08-17 11:50:22,352 [pool-882-thread-1] INFO  server.RaftServerConfigKeys (ConfUtils.java:logGet(44)) - raft.server.rpc.slowness.timeout = 300000ms (custom)
2021-08-17 11:50:22,352 [pool-882-thread-1] INFO  server.RaftServerConfigKeys (ConfUtils.java:logGet(44)) - raft.server.leaderelection.leader.step-down.wait-time = 10s (default)
2021-08-17 11:50:22,352 [pool-882-thread-1] INFO  server.RaftServerConfigKeys (ConfUtils.java:logGet(44)) - raft.server.sleep.deviation.threshold = 300ms (default)
2021-08-17 11:50:22,352 [pool-882-thread-1] INFO  server.RaftServerConfigKeys (ConfUtils.java:logGet(44)) - raft.server.log.appender.install.snapshot.enabled = false (custom)
2021-08-17 11:50:22,352 [pool-882-thread-1] INFO  server.RaftServer$Division (ServerState.java:<init>(105)) - ce9e4e21-b8b3-47e8-a05b-7ed0cb4ed4d0@group-2A0B1B25C762: ConfigurationManager, init=-1: [ce9e4e21-b8b3-47e8-a05b-7ed0cb4ed4d0|rpc:10.1.0.37:42995|priority:1], old=null, confs=<EMPTY_MAP>
2021-08-17 11:50:22,352 [pool-882-thread-1] INFO  server.RaftServerConfigKeys (ConfUtils.java:logGet(44)) - raft.server.storage.dir = [/home/runner/work/ozone/ozone/hadoop-ozone/integration-test/target/test-dir/MiniOzoneClusterImpl-a1e163cb-5647-48ea-b1dc-b51dce44f61a/datanode-5/data/ratis] (custom)
2021-08-17 11:50:22,352 [pool-882-thread-1] INFO  server.RaftServerConfigKeys (ConfUtils.java:logGet(44)) - raft.server.log.corruption.policy = EXCEPTION (default)
2021-08-17 11:50:22,352 [pool-882-thread-1] INFO  server.RaftServerConfigKeys (ConfUtils.java:logGet(44)) - raft.server.storage.free-space.min = 0MB (=0) (default)
2021-08-17 11:50:22,353 [pool-882-thread-1] INFO  storage.RaftStorageDirectory (RaftStorageDirectoryImpl.java:analyzeStorage(135)) - The storage directory /home/runner/work/ozone/ozone/hadoop-ozone/integration-test/target/test-dir/MiniOzoneClusterImpl-a1e163cb-5647-48ea-b1dc-b51dce44f61a/datanode-5/data/ratis/ee2a429d-325a-44a0-81a4-2a0b1b25c762 does not exist. Creating ...
2021-08-17 11:50:22,360 [pool-882-thread-1] INFO  storage.RaftStorageDirectory (RaftStorageDirectoryImpl.java:tryLock(230)) - Lock on /home/runner/work/ozone/ozone/hadoop-ozone/integration-test/target/test-dir/MiniOzoneClusterImpl-a1e163cb-5647-48ea-b1dc-b51dce44f61a/datanode-5/data/ratis/ee2a429d-325a-44a0-81a4-2a0b1b25c762/in_use.lock acquired by nodename 3236@fv-az297-666
2021-08-17 11:50:22,394 [pool-882-thread-1] INFO  storage.RaftStorage (RaftStorageImpl.java:format(89)) - Storage directory /home/runner/work/ozone/ozone/hadoop-ozone/integration-test/target/test-dir/MiniOzoneClusterImpl-a1e163cb-5647-48ea-b1dc-b51dce44f61a/datanode-5/data/ratis/ee2a429d-325a-44a0-81a4-2a0b1b25c762 has been successfully formatted.
2021-08-17 11:50:22,394 [pool-882-thread-1] INFO  ratis.ContainerStateMachine (ContainerStateMachine.java:loadSnapshot(225)) - group-2A0B1B25C762: The snapshot info is null. Setting the last applied indexto:(t:0, i:~)
2021-08-17 11:50:22,394 [Datanode State Machine Thread - 0] WARN  statemachine.StateContext (StateContext.java:execute(621)) - No available thread in pool for past 1 seconds.
2021-08-17 11:50:22,394 [pool-882-thread-1] INFO  server.RaftServerConfigKeys (ConfUtils.java:logGet(44)) - raft.server.notification.no-leader.timeout = 300000ms (custom)
2021-08-17 11:50:22,395 [pool-882-thread-1] INFO  server.RaftServerConfigKeys (ConfUtils.java:logGet(44)) - raft.server.log.use.memory = false (default)
2021-08-17 11:50:22,395 [pool-882-thread-1] INFO  server.RaftServerConfigKeys (ConfUtils.java:logGet(44)) - raft.server.log.purge.gap = 1000000 (custom)
2021-08-17 11:50:22,395 [pool-882-thread-1] INFO  server.RaftServerConfigKeys (ConfUtils.java:logGet(44)) - raft.server.log.appender.buffer.byte-limit = 33554432 (custom)
2021-08-17 11:50:22,395 [pool-882-thread-1] INFO  server.RaftServerConfigKeys (ConfUtils.java:logGet(44)) - raft.server.log.segment.size.max = 1048576 (custom)
2021-08-17 11:50:22,395 [pool-882-thread-1] INFO  server.RaftServerConfigKeys (ConfUtils.java:logGet(44)) - raft.server.log.segment.cache.num.max = 2 (custom)
2021-08-17 11:50:22,395 [pool-882-thread-1] INFO  server.RaftServerConfigKeys (ConfUtils.java:logGet(44)) - raft.server.log.segment.cache.size.max = 200MB (=209715200) (default)
2021-08-17 11:50:22,396 [pool-882-thread-1] INFO  segmented.SegmentedRaftLogWorker (SegmentedRaftLogWorker.java:<init>(182)) - new ce9e4e21-b8b3-47e8-a05b-7ed0cb4ed4d0@group-2A0B1B25C762-SegmentedRaftLogWorker for RaftStorageImpl:Storage Directory /home/runner/work/ozone/ozone/hadoop-ozone/integration-test/target/test-dir/MiniOzoneClusterImpl-a1e163cb-5647-48ea-b1dc-b51dce44f61a/datanode-5/data/ratis/ee2a429d-325a-44a0-81a4-2a0b1b25c762
2021-08-17 11:50:22,396 [pool-882-thread-1] INFO  server.RaftServerConfigKeys (ConfUtils.java:logGet(44)) - raft.server.log.queue.byte-limit = 2147483647 (custom)
2021-08-17 11:50:22,396 [pool-882-thread-1] INFO  server.RaftServerConfigKeys (ConfUtils.java:logGet(44)) - raft.server.log.queue.element-limit = 1024 (custom)
2021-08-17 11:50:22,396 [pool-882-thread-1] INFO  server.RaftServerConfigKeys (ConfUtils.java:logGet(44)) - raft.server.log.segment.size.max = 1048576 (custom)
2021-08-17 11:50:22,396 [pool-882-thread-1] INFO  server.RaftServerConfigKeys (ConfUtils.java:logGet(44)) - raft.server.log.preallocated.size = 16384 (custom)
2021-08-17 11:50:22,396 [pool-882-thread-1] INFO  server.RaftServerConfigKeys (ConfUtils.java:logGet(44)) - raft.server.log.force.sync.num = 128 (default)
2021-08-17 11:50:22,396 [pool-882-thread-1] INFO  server.RaftServerConfigKeys (ConfUtils.java:logGet(44)) - raft.server.log.statemachine.data.sync = true (default)
2021-08-17 11:50:22,396 [pool-882-thread-1] INFO  server.RaftServerConfigKeys (ConfUtils.java:logGet(44)) - raft.server.log.statemachine.data.sync.timeout = 10s (default)
2021-08-17 11:50:22,396 [pool-882-thread-1] INFO  server.RaftServerConfigKeys (ConfUtils.java:logGet(44)) - raft.server.log.statemachine.data.sync.timeout.retry = -1 (default)
2021-08-17 11:50:22,409 [EventQueue-PipelineReportForPipelineReportHandler] INFO  pipeline.PipelineManagerImpl (PipelineManagerImpl.java:openPipeline(283)) - Pipeline Pipeline[ Id: ee2a429d-325a-44a0-81a4-2a0b1b25c762, Nodes: ce9e4e21-b8b3-47e8-a05b-7ed0cb4ed4d0{ip: 10.1.0.37, host: fv-az297-666.nmf1rxwemy4u5di1sxxf4ejcwb.jx.internal.cloudapp.net, ports: [REPLICATION=40849, RATIS=42995, RATIS_ADMIN=42995, RATIS_SERVER=42995, STANDALONE=43843], networkLocation: /default-rack, certSerialId: null, persistedOpState: IN_SERVICE, persistedOpStateExpiryEpochSec: 0}, ReplicationConfig: RATIS/ONE, State:ALLOCATED, leaderId:ce9e4e21-b8b3-47e8-a05b-7ed0cb4ed4d0, CreationTimestamp2021-08-17T11:50:19.358Z[Etc/UTC]] moved to OPEN state
2021-08-17 11:50:22,410 [EventQueue-OpenPipelineForHealthyPipelineSafeModeRule] INFO  safemode.SCMSafeModeManager (HealthyPipelineSafeModeRule.java:process(124)) - SCM in safe mode. Healthy pipelines reported count is 0, required healthy pipeline reported count is 1
2021-08-17 11:50:22,418 [pool-882-thread-1] INFO  server.RaftServerConfigKeys (ConfUtils.java:logGet(44)) - raft.server.log.write.buffer.size = 1048576 (custom)
2021-08-17 11:50:22,418 [pool-882-thread-1] INFO  server.RaftServerConfigKeys (ConfUtils.java:logGet(44)) - raft.server.log.statemachine.data.caching.enabled = true (custom)
2021-08-17 11:50:22,418 [pool-882-thread-1] INFO  segmented.SegmentedRaftLogWorker (SegmentedRaftLogWorker.java:lambda$new$0(133)) - ce9e4e21-b8b3-47e8-a05b-7ed0cb4ed4d0@group-2A0B1B25C762-SegmentedRaftLogWorker: flushIndex: setUnconditionally 0 -> -1
2021-08-17 11:50:22,418 [pool-882-thread-1] INFO  segmented.SegmentedRaftLogWorker (SegmentedRaftLogWorker.java:lambda$new$0(133)) - ce9e4e21-b8b3-47e8-a05b-7ed0cb4ed4d0@group-2A0B1B25C762-SegmentedRaftLogWorker: safeCacheEvictIndex: setUnconditionally 0 -> -1
2021-08-17 11:50:22,437 [pool-882-thread-1] INFO  server.RaftServerConfigKeys (ConfUtils.java:logGet(44)) - raft.server.snapshot.auto.trigger.enabled = true (custom)
2021-08-17 11:50:22,437 [pool-882-thread-1] INFO  server.RaftServerConfigKeys (ConfUtils.java:logGet(44)) - raft.server.snapshot.auto.trigger.threshold = 10000 (custom)
2021-08-17 11:50:22,437 [pool-882-thread-1] INFO  server.RaftServerConfigKeys (ConfUtils.java:logGet(44)) - raft.server.snapshot.retention.file.num = 5 (custom)
2021-08-17 11:50:22,437 [pool-882-thread-1] INFO  server.RaftServerConfigKeys (ConfUtils.java:logGet(44)) - raft.server.log.purge.upto.snapshot.index = false (default)
2021-08-17 11:50:22,437 [pool-882-thread-1] INFO  server.RaftServerConfigKeys (ConfUtils.java:logGet(44)) - raft.server.retrycache.expirytime = 600000ms (custom)
2021-08-17 11:50:22,437 [pool-882-thread-1] INFO  server.RaftServerConfigKeys (ConfUtils.java:logGet(44)) - raft.server.retrycache.statistics.expirytime = 100μs (default)
2021-08-17 11:50:22,439 [pool-882-thread-1] INFO  server.RaftServer$Division (RaftServerImpl.java:start(296)) - ce9e4e21-b8b3-47e8-a05b-7ed0cb4ed4d0@group-2A0B1B25C762: start as a follower, conf=-1: [ce9e4e21-b8b3-47e8-a05b-7ed0cb4ed4d0|rpc:10.1.0.37:42995|priority:1], old=null
2021-08-17 11:50:22,439 [pool-882-thread-1] INFO  server.RaftServer$Division (RaftServerImpl.java:setRole(285)) - ce9e4e21-b8b3-47e8-a05b-7ed0cb4ed4d0@group-2A0B1B25C762: changes role from      null to FOLLOWER at term 0 for startAsFollower
2021-08-17 11:50:22,439 [pool-882-thread-1] INFO  impl.RoleInfo (RoleInfo.java:updateAndGet(130)) - ce9e4e21-b8b3-47e8-a05b-7ed0cb4ed4d0: start ce9e4e21-b8b3-47e8-a05b-7ed0cb4ed4d0@group-2A0B1B25C762-FollowerState
2021-08-17 11:50:22,439 [pool-882-thread-1] INFO  util.JmxRegister (JmxRegister.java:tryRegister(44)) - Successfully registered JMX Bean with object name Ratis:service=RaftServer,group=group-2A0B1B25C762,id=ce9e4e21-b8b3-47e8-a05b-7ed0cb4ed4d0
2021-08-17 11:50:22,440 [Command processor thread] INFO  ratis.XceiverServerRatis (XceiverServerRatis.java:addGroup(763)) - Created group PipelineID=ee2a429d-325a-44a0-81a4-2a0b1b25c762
2021-08-17 11:50:22,440 [Command processor thread] INFO  commandhandler.CreatePipelineCommandHandler (CreatePipelineCommandHandler.java:handle(106)) - Created Pipeline RATIS ONE PipelineID=ee2a429d-325a-44a0-81a4-2a0b1b25c762.
2021-08-17 11:50:22,966 [2424882f-c429-4c69-9245-ccac92145c6c@group-6F6174E45E92-FollowerState] INFO  impl.FollowerState (FollowerState.java:run(134)) - 2424882f-c429-4c69-9245-ccac92145c6c@group-6F6174E45E92-FollowerState: change to CANDIDATE, lastRpcElapsedTime:5166617338ns, electionTimeout:5152ms
2021-08-17 11:50:22,966 [2424882f-c429-4c69-9245-ccac92145c6c@group-6F6174E45E92-FollowerState] INFO  impl.RoleInfo (RoleInfo.java:shutdownFollowerState(108)) - 2424882f-c429-4c69-9245-ccac92145c6c: shutdown 2424882f-c429-4c69-9245-ccac92145c6c@group-6F6174E45E92-FollowerState
2021-08-17 11:50:22,966 [2424882f-c429-4c69-9245-ccac92145c6c@group-6F6174E45E92-FollowerState] INFO  server.RaftServer$Division (RaftServerImpl.java:setRole(285)) - 2424882f-c429-4c69-9245-ccac92145c6c@group-6F6174E45E92: changes role from  FOLLOWER to CANDIDATE at term 0 for changeToCandidate
2021-08-17 11:50:22,970 [2424882f-c429-4c69-9245-ccac92145c6c@group-6F6174E45E92-FollowerState] INFO  server.RaftServerConfigKeys (ConfUtils.java:logGet(44)) - raft.server.leaderelection.pre-vote = false (custom)
2021-08-17 11:50:22,970 [2424882f-c429-4c69-9245-ccac92145c6c@group-6F6174E45E92-FollowerState] INFO  impl.RoleInfo (RoleInfo.java:updateAndGet(130)) - 2424882f-c429-4c69-9245-ccac92145c6c: start 2424882f-c429-4c69-9245-ccac92145c6c@group-6F6174E45E92-LeaderElection66
2021-08-17 11:50:23,004 [2424882f-c429-4c69-9245-ccac92145c6c@group-2D76B840BCE6-FollowerState] INFO  impl.FollowerState (FollowerState.java:run(134)) - 2424882f-c429-4c69-9245-ccac92145c6c@group-2D76B840BCE6-FollowerState: change to CANDIDATE, lastRpcElapsedTime:5218055169ns, electionTimeout:5181ms
2021-08-17 11:50:23,005 [2424882f-c429-4c69-9245-ccac92145c6c@group-2D76B840BCE6-FollowerState] INFO  impl.RoleInfo (RoleInfo.java:shutdownFollowerState(108)) - 2424882f-c429-4c69-9245-ccac92145c6c: shutdown 2424882f-c429-4c69-9245-ccac92145c6c@group-2D76B840BCE6-FollowerState
2021-08-17 11:50:23,005 [2424882f-c429-4c69-9245-ccac92145c6c@group-2D76B840BCE6-FollowerState] INFO  server.RaftServer$Division (RaftServerImpl.java:setRole(285)) - 2424882f-c429-4c69-9245-ccac92145c6c@group-2D76B840BCE6: changes role from  FOLLOWER to CANDIDATE at term 0 for changeToCandidate
2021-08-17 11:50:23,005 [2424882f-c429-4c69-9245-ccac92145c6c@group-2D76B840BCE6-FollowerState] INFO  server.RaftServerConfigKeys (ConfUtils.java:logGet(44)) - raft.server.leaderelection.pre-vote = false (custom)
2021-08-17 11:50:23,005 [2424882f-c429-4c69-9245-ccac92145c6c@group-2D76B840BCE6-FollowerState] INFO  impl.RoleInfo (RoleInfo.java:updateAndGet(130)) - 2424882f-c429-4c69-9245-ccac92145c6c: start 2424882f-c429-4c69-9245-ccac92145c6c@group-2D76B840BCE6-LeaderElection67
2021-08-17 11:50:23,042 [2424882f-c429-4c69-9245-ccac92145c6c@group-6F6174E45E92-LeaderElection66] INFO  impl.LeaderElection (LeaderElection.java:askForVotes(306)) - 2424882f-c429-4c69-9245-ccac92145c6c@group-6F6174E45E92-LeaderElection66 ELECTION round 0: submit vote requests at term 1 for -1: [2424882f-c429-4c69-9245-ccac92145c6c|rpc:10.1.0.37:43989|priority:0, 0bf441c2-8cd8-4ced-8476-22eca18377b1|rpc:10.1.0.37:38591|priority:0, e2fcfc86-2f0c-4267-bafe-682e5fd2fca7|rpc:10.1.0.37:43155|priority:1], old=null
2021-08-17 11:50:23,115 [grpc-default-executor-6] INFO  server.RaftServer$Division (RaftServerImpl.java:requestVote(1043)) - 0bf441c2-8cd8-4ced-8476-22eca18377b1@group-6F6174E45E92: receive requestVote(ELECTION, 2424882f-c429-4c69-9245-ccac92145c6c, group-6F6174E45E92, 1, (t:0, i:0))
2021-08-17 11:50:23,115 [grpc-default-executor-6] INFO  impl.VoteContext (VoteContext.java:log(48)) - 0bf441c2-8cd8-4ced-8476-22eca18377b1@group-6F6174E45E92-FOLLOWER: accept ELECTION from 2424882f-c429-4c69-9245-ccac92145c6c: our priority 0 <= candidate's priority 0
2021-08-17 11:50:23,115 [grpc-default-executor-6] INFO  server.RaftServer$Division (RaftServerImpl.java:setRole(285)) - 0bf441c2-8cd8-4ced-8476-22eca18377b1@group-6F6174E45E92: changes role from  FOLLOWER to FOLLOWER at term 1 for candidate:2424882f-c429-4c69-9245-ccac92145c6c
2021-08-17 11:50:23,115 [grpc-default-executor-6] INFO  impl.RoleInfo (RoleInfo.java:shutdownFollowerState(108)) - 0bf441c2-8cd8-4ced-8476-22eca18377b1: shutdown 0bf441c2-8cd8-4ced-8476-22eca18377b1@group-6F6174E45E92-FollowerState
2021-08-17 11:50:23,115 [Command processor thread] INFO  server.RaftServer (RaftServerProxy.java:addNew(95)) - 4d40c50f-34df-4d8d-ada3-4ecb2b1f4098: addNew group-2F65DADD13F6:[4d40c50f-34df-4d8d-ada3-4ecb2b1f4098|rpc:10.1.0.37:38377|priority:1] returns group-2F65DADD13F6:java.util.concurrent.CompletableFuture@440aad42[Not completed]
2021-08-17 11:50:23,115 [grpc-default-executor-6] INFO  impl.RoleInfo (RoleInfo.java:updateAndGet(130)) - 0bf441c2-8cd8-4ced-8476-22eca18377b1: start 0bf441c2-8cd8-4ced-8476-22eca18377b1@group-6F6174E45E92-FollowerState
2021-08-17 11:50:23,116 [0bf441c2-8cd8-4ced-8476-22eca18377b1@group-6F6174E45E92-FollowerState] INFO  impl.FollowerState (FollowerState.java:run(143)) - 0bf441c2-8cd8-4ced-8476-22eca18377b1@group-6F6174E45E92-FollowerState was interrupted: {}
java.lang.InterruptedException: sleep interrupted
	at java.lang.Thread.sleep(Native Method)
	at java.lang.Thread.sleep(Thread.java:340)
	at java.util.concurrent.TimeUnit.sleep(TimeUnit.java:386)
	at org.apache.ratis.util.TimeDuration.sleep(TimeDuration.java:324)
	at org.apache.ratis.util.TimeDuration.sleep(TimeDuration.java:309)
	at org.apache.ratis.server.impl.FollowerState.run(FollowerState.java:118)
2021-08-17 11:50:23,140 [grpc-default-executor-1] INFO  server.RaftServer$Division (RaftServerImpl.java:requestVote(1043)) - e2fcfc86-2f0c-4267-bafe-682e5fd2fca7@group-6F6174E45E92: receive requestVote(ELECTION, 2424882f-c429-4c69-9245-ccac92145c6c, group-6F6174E45E92, 1, (t:0, i:0))
2021-08-17 11:50:23,145 [grpc-default-executor-1] INFO  impl.VoteContext (VoteContext.java:log(48)) - e2fcfc86-2f0c-4267-bafe-682e5fd2fca7@group-6F6174E45E92-FOLLOWER: reject ELECTION from 2424882f-c429-4c69-9245-ccac92145c6c: our priority 1 > candidate's priority 0
2021-08-17 11:50:23,145 [grpc-default-executor-1] INFO  server.RaftServer$Division (RaftServerImpl.java:setRole(285)) - e2fcfc86-2f0c-4267-bafe-682e5fd2fca7@group-6F6174E45E92: changes role from  FOLLOWER to FOLLOWER at term 1 for candidate:2424882f-c429-4c69-9245-ccac92145c6c
2021-08-17 11:50:23,145 [grpc-default-executor-1] INFO  impl.RoleInfo (RoleInfo.java:shutdownFollowerState(108)) - e2fcfc86-2f0c-4267-bafe-682e5fd2fca7: shutdown e2fcfc86-2f0c-4267-bafe-682e5fd2fca7@group-6F6174E45E92-FollowerState
2021-08-17 11:50:23,159 [grpc-default-executor-6] INFO  server.RaftServer$Division (RaftServerImpl.java:requestVote(1075)) - 0bf441c2-8cd8-4ced-8476-22eca18377b1@group-6F6174E45E92 replies to ELECTION vote request: 2424882f-c429-4c69-9245-ccac92145c6c<-0bf441c2-8cd8-4ced-8476-22eca18377b1#0:OK-t1. Peer's state: 0bf441c2-8cd8-4ced-8476-22eca18377b1@group-6F6174E45E92:t1, leader=null, voted=2424882f-c429-4c69-9245-ccac92145c6c, raftlog=0bf441c2-8cd8-4ced-8476-22eca18377b1@group-6F6174E45E92-SegmentedRaftLog:OPENED:c-1,f-1,i0, conf=-1: [2424882f-c429-4c69-9245-ccac92145c6c|rpc:10.1.0.37:43989|dataStream:|priority:0, 0bf441c2-8cd8-4ced-8476-22eca18377b1|rpc:10.1.0.37:38591|dataStream:|priority:0, e2fcfc86-2f0c-4267-bafe-682e5fd2fca7|rpc:10.1.0.37:43155|dataStream:|priority:1], old=null
2021-08-17 11:50:23,178 [grpc-default-executor-1] INFO  impl.RoleInfo (RoleInfo.java:updateAndGet(130)) - e2fcfc86-2f0c-4267-bafe-682e5fd2fca7: start e2fcfc86-2f0c-4267-bafe-682e5fd2fca7@group-6F6174E45E92-FollowerState
2021-08-17 11:50:23,178 [e2fcfc86-2f0c-4267-bafe-682e5fd2fca7@group-6F6174E45E92-FollowerState] INFO  impl.FollowerState (FollowerState.java:run(143)) - e2fcfc86-2f0c-4267-bafe-682e5fd2fca7@group-6F6174E45E92-FollowerState was interrupted: {}
java.lang.InterruptedException: sleep interrupted
	at java.lang.Thread.sleep(Native Method)
	at java.lang.Thread.sleep(Thread.java:340)
	at java.util.concurrent.TimeUnit.sleep(TimeUnit.java:386)
	at org.apache.ratis.util.TimeDuration.sleep(TimeDuration.java:324)
	at org.apache.ratis.util.TimeDuration.sleep(TimeDuration.java:309)
	at org.apache.ratis.server.impl.FollowerState.run(FollowerState.java:118)
2021-08-17 11:50:23,188 [grpc-default-executor-1] INFO  server.RaftServer$Division (RaftServerImpl.java:requestVote(1075)) - e2fcfc86-2f0c-4267-bafe-682e5fd2fca7@group-6F6174E45E92 replies to ELECTION vote request: 2424882f-c429-4c69-9245-ccac92145c6c<-e2fcfc86-2f0c-4267-bafe-682e5fd2fca7#0:FAIL-t1. Peer's state: e2fcfc86-2f0c-4267-bafe-682e5fd2fca7@group-6F6174E45E92:t1, leader=null, voted=null, raftlog=e2fcfc86-2f0c-4267-bafe-682e5fd2fca7@group-6F6174E45E92-SegmentedRaftLog:OPENED:c-1,f-1,i0, conf=-1: [2424882f-c429-4c69-9245-ccac92145c6c|rpc:10.1.0.37:43989|dataStream:|priority:0, 0bf441c2-8cd8-4ced-8476-22eca18377b1|rpc:10.1.0.37:38591|dataStream:|priority:0, e2fcfc86-2f0c-4267-bafe-682e5fd2fca7|rpc:10.1.0.37:43155|dataStream:|priority:1], old=null
2021-08-17 11:50:23,199 [2424882f-c429-4c69-9245-ccac92145c6c@group-6F6174E45E92-LeaderElection66] INFO  impl.LeaderElection (LeaderElection.java:logAndReturn(89)) - 2424882f-c429-4c69-9245-ccac92145c6c@group-6F6174E45E92-LeaderElection66: ELECTION REJECTED received 2 response(s) and 0 exception(s):
2021-08-17 11:50:23,199 [2424882f-c429-4c69-9245-ccac92145c6c@group-6F6174E45E92-LeaderElection66] INFO  impl.LeaderElection (LeaderElection.java:logAndReturn(93)) -   Response 0: 2424882f-c429-4c69-9245-ccac92145c6c<-0bf441c2-8cd8-4ced-8476-22eca18377b1#0:OK-t1
2021-08-17 11:50:23,199 [2424882f-c429-4c69-9245-ccac92145c6c@group-6F6174E45E92-LeaderElection66] INFO  impl.LeaderElection (LeaderElection.java:logAndReturn(93)) -   Response 1: 2424882f-c429-4c69-9245-ccac92145c6c<-e2fcfc86-2f0c-4267-bafe-682e5fd2fca7#0:FAIL-t1
2021-08-17 11:50:23,199 [2424882f-c429-4c69-9245-ccac92145c6c@group-6F6174E45E92-LeaderElection66] INFO  impl.LeaderElection (LeaderElection.java:askForVotes(308)) - 2424882f-c429-4c69-9245-ccac92145c6c@group-6F6174E45E92-LeaderElection66 ELECTION round 0: result REJECTED
2021-08-17 11:50:23,199 [2424882f-c429-4c69-9245-ccac92145c6c@group-6F6174E45E92-LeaderElection66] INFO  server.RaftServer$Division (RaftServerImpl.java:setRole(285)) - 2424882f-c429-4c69-9245-ccac92145c6c@group-6F6174E45E92: changes role from CANDIDATE to FOLLOWER at term 1 for REJECTED
2021-08-17 11:50:23,199 [2424882f-c429-4c69-9245-ccac92145c6c@group-6F6174E45E92-LeaderElection66] INFO  impl.RoleInfo (RoleInfo.java:shutdownLeaderElection(121)) - 2424882f-c429-4c69-9245-ccac92145c6c: shutdown 2424882f-c429-4c69-9245-ccac92145c6c@group-6F6174E45E92-LeaderElection66
2021-08-17 11:50:23,199 [2424882f-c429-4c69-9245-ccac92145c6c@group-6F6174E45E92-LeaderElection66] INFO  impl.RoleInfo (RoleInfo.java:updateAndGet(130)) - 2424882f-c429-4c69-9245-ccac92145c6c: start 2424882f-c429-4c69-9245-ccac92145c6c@group-6F6174E45E92-FollowerState
2021-08-17 11:50:23,206 [Listener at 127.0.0.1/40861] INFO  ozone.MiniOzoneClusterImpl (MiniOzoneClusterImpl.java:lambda$waitForClusterToBeReady$0(235)) - Waiting for nodes to be ready. Got 8 of 9 DN Heartbeats.
2021-08-17 11:50:23,206 [Listener at 127.0.0.1/40861] INFO  ozone.MiniOzoneClusterImpl (MiniOzoneClusterImpl.java:lambda$waitForClusterToBeReady$0(238)) - Waiting for cluster to exit safe mode
2021-08-17 11:50:23,206 [Listener at 127.0.0.1/40861] INFO  ozone.MiniOzoneClusterImpl (MiniOzoneClusterImpl.java:lambda$waitForClusterToBeReady$0(240)) - SCM became leader
2021-08-17 11:50:23,222 [pool-901-thread-1] INFO  server.RaftServer$Division (RaftServerImpl.java:<init>(181)) - 4d40c50f-34df-4d8d-ada3-4ecb2b1f4098: new RaftServerImpl for group-2F65DADD13F6:[4d40c50f-34df-4d8d-ada3-4ecb2b1f4098|rpc:10.1.0.37:38377|priority:1] with ContainerStateMachine:uninitialized
2021-08-17 11:50:23,222 [pool-901-thread-1] INFO  server.RaftServerConfigKeys (ConfUtils.java:logGet(44)) - raft.server.rpc.timeout.min = 5s (custom)
2021-08-17 11:50:23,222 [pool-901-thread-1] INFO  server.RaftServerConfigKeys (ConfUtils.java:logGet(44)) - raft.server.rpc.timeout.max = 5200ms (custom)
2021-08-17 11:50:23,222 [pool-901-thread-1] INFO  server.RaftServerConfigKeys (ConfUtils.java:logGet(44)) - raft.server.rpc.sleep.time = 25ms (default)
2021-08-17 11:50:23,222 [pool-901-thread-1] INFO  server.RaftServerConfigKeys (ConfUtils.java:logGet(44)) - raft.server.rpc.slowness.timeout = 300000ms (custom)
2021-08-17 11:50:23,222 [pool-901-thread-1] INFO  server.RaftServerConfigKeys (ConfUtils.java:logGet(44)) - raft.server.leaderelection.leader.step-down.wait-time = 10s (default)
2021-08-17 11:50:23,222 [pool-901-thread-1] INFO  server.RaftServerConfigKeys (ConfUtils.java:logGet(44)) - raft.server.sleep.deviation.threshold = 300ms (default)
2021-08-17 11:50:23,223 [pool-901-thread-1] INFO  server.RaftServerConfigKeys (ConfUtils.java:logGet(44)) - raft.server.log.appender.install.snapshot.enabled = false (custom)
2021-08-17 11:50:23,223 [pool-901-thread-1] INFO  server.RaftServer$Division (ServerState.java:<init>(105)) - 4d40c50f-34df-4d8d-ada3-4ecb2b1f4098@group-2F65DADD13F6: ConfigurationManager, init=-1: [4d40c50f-34df-4d8d-ada3-4ecb2b1f4098|rpc:10.1.0.37:38377|priority:1], old=null, confs=<EMPTY_MAP>
2021-08-17 11:50:23,223 [pool-901-thread-1] INFO  server.RaftServerConfigKeys (ConfUtils.java:logGet(44)) - raft.server.storage.dir = [/home/runner/work/ozone/ozone/hadoop-ozone/integration-test/target/test-dir/MiniOzoneClusterImpl-a1e163cb-5647-48ea-b1dc-b51dce44f61a/datanode-6/data/ratis] (custom)
2021-08-17 11:50:23,223 [pool-901-thread-1] INFO  server.RaftServerConfigKeys (ConfUtils.java:logGet(44)) - raft.server.log.corruption.policy = EXCEPTION (default)
2021-08-17 11:50:23,223 [pool-901-thread-1] INFO  server.RaftServerConfigKeys (ConfUtils.java:logGet(44)) - raft.server.storage.free-space.min = 0MB (=0) (default)
2021-08-17 11:50:23,223 [pool-901-thread-1] INFO  storage.RaftStorageDirectory (RaftStorageDirectoryImpl.java:analyzeStorage(135)) - The storage directory /home/runner/work/ozone/ozone/hadoop-ozone/integration-test/target/test-dir/MiniOzoneClusterImpl-a1e163cb-5647-48ea-b1dc-b51dce44f61a/datanode-6/data/ratis/6c3ce9b5-6018-42b4-b968-2f65dadd13f6 does not exist. Creating ...
2021-08-17 11:50:23,243 [pool-901-thread-1] INFO  storage.RaftStorageDirectory (RaftStorageDirectoryImpl.java:tryLock(230)) - Lock on /home/runner/work/ozone/ozone/hadoop-ozone/integration-test/target/test-dir/MiniOzoneClusterImpl-a1e163cb-5647-48ea-b1dc-b51dce44f61a/datanode-6/data/ratis/6c3ce9b5-6018-42b4-b968-2f65dadd13f6/in_use.lock acquired by nodename 3236@fv-az297-666
2021-08-17 11:50:23,243 [2424882f-c429-4c69-9245-ccac92145c6c@group-2D76B840BCE6-LeaderElection67] INFO  impl.LeaderElection (LeaderElection.java:askForVotes(306)) - 2424882f-c429-4c69-9245-ccac92145c6c@group-2D76B840BCE6-LeaderElection67 ELECTION round 0: submit vote requests at term 1 for -1: [2424882f-c429-4c69-9245-ccac92145c6c|rpc:10.1.0.37:43989|priority:1], old=null
2021-08-17 11:50:23,243 [2424882f-c429-4c69-9245-ccac92145c6c@group-2D76B840BCE6-LeaderElection67] INFO  impl.LeaderElection (LeaderElection.java:askForVotes(308)) - 2424882f-c429-4c69-9245-ccac92145c6c@group-2D76B840BCE6-LeaderElection67 ELECTION round 0: result PASSED (term=1)
2021-08-17 11:50:23,243 [2424882f-c429-4c69-9245-ccac92145c6c@group-2D76B840BCE6-LeaderElection67] INFO  impl.RoleInfo (RoleInfo.java:shutdownLeaderElection(121)) - 2424882f-c429-4c69-9245-ccac92145c6c: shutdown 2424882f-c429-4c69-9245-ccac92145c6c@group-2D76B840BCE6-LeaderElection67
2021-08-17 11:50:23,243 [2424882f-c429-4c69-9245-ccac92145c6c@group-2D76B840BCE6-LeaderElection67] INFO  server.RaftServer$Division (RaftServerImpl.java:setRole(285)) - 2424882f-c429-4c69-9245-ccac92145c6c@group-2D76B840BCE6: changes role from CANDIDATE to LEADER at term 1 for changeToLeader
2021-08-17 11:50:23,243 [2424882f-c429-4c69-9245-ccac92145c6c@group-2D76B840BCE6-LeaderElection67] INFO  ratis.XceiverServerRatis (XceiverServerRatis.java:handleLeaderChangedNotification(861)) - Leader change notification received for group: group-2D76B840BCE6 with new leaderId: 2424882f-c429-4c69-9245-ccac92145c6c
2021-08-17 11:50:23,244 [2424882f-c429-4c69-9245-ccac92145c6c@group-2D76B840BCE6-LeaderElection67] INFO  server.RaftServer$Division (ServerState.java:setLeader(285)) - 2424882f-c429-4c69-9245-ccac92145c6c@group-2D76B840BCE6: change Leader from null to 2424882f-c429-4c69-9245-ccac92145c6c at term 1 for becomeLeader, leader elected after 5465ms
2021-08-17 11:50:23,244 [2424882f-c429-4c69-9245-ccac92145c6c@group-2D76B840BCE6-LeaderElection67] INFO  server.RaftServerConfigKeys (ConfUtils.java:logGet(44)) - raft.server.staging.catchup.gap = 1000 (default)
2021-08-17 11:50:23,244 [2424882f-c429-4c69-9245-ccac92145c6c@group-2D76B840BCE6-LeaderElection67] INFO  server.RaftServerConfigKeys (ConfUtils.java:logGet(44)) - raft.server.write.element-limit = 1024 (custom)
2021-08-17 11:50:23,244 [2424882f-c429-4c69-9245-ccac92145c6c@group-2D76B840BCE6-LeaderElection67] INFO  server.RaftServerConfigKeys (ConfUtils.java:logGet(44)) - raft.server.write.byte-limit = 1024 M (=1073741824) (custom)
2021-08-17 11:50:23,244 [2424882f-c429-4c69-9245-ccac92145c6c@group-2D76B840BCE6-LeaderElection67] INFO  server.RaftServerConfigKeys (ConfUtils.java:logGet(44)) - raft.server.watch.timeout = 3000ms (custom)
2021-08-17 11:50:23,244 [pool-901-thread-1] INFO  storage.RaftStorage (RaftStorageImpl.java:format(89)) - Storage directory /home/runner/work/ozone/ozone/hadoop-ozone/integration-test/target/test-dir/MiniOzoneClusterImpl-a1e163cb-5647-48ea-b1dc-b51dce44f61a/datanode-6/data/ratis/6c3ce9b5-6018-42b4-b968-2f65dadd13f6 has been successfully formatted.
2021-08-17 11:50:23,244 [2424882f-c429-4c69-9245-ccac92145c6c@group-2D76B840BCE6-LeaderElection67] INFO  server.RaftServerConfigKeys (ConfUtils.java:logGet(44)) - raft.server.watch.timeout.denomination = 1s (default)
2021-08-17 11:50:23,273 [2424882f-c429-4c69-9245-ccac92145c6c@group-2D76B840BCE6-LeaderElection67] INFO  server.RaftServerConfigKeys (ConfUtils.java:logGet(44)) - raft.server.watch.element-limit = 65536 (default)
2021-08-17 11:50:23,273 [2424882f-c429-4c69-9245-ccac92145c6c@group-2D76B840BCE6-LeaderElection67] INFO  impl.RoleInfo (RoleInfo.java:updateAndGet(130)) - 2424882f-c429-4c69-9245-ccac92145c6c: start 2424882f-c429-4c69-9245-ccac92145c6c@group-2D76B840BCE6-LeaderStateImpl
2021-08-17 11:50:23,273 [2424882f-c429-4c69-9245-ccac92145c6c@group-2D76B840BCE6-LeaderElection67] INFO  segmented.SegmentedRaftLogWorker (SegmentedRaftLogWorker.java:startLogSegment(394)) - 2424882f-c429-4c69-9245-ccac92145c6c@group-2D76B840BCE6-SegmentedRaftLogWorker: Starting segment from index:0
2021-08-17 11:50:23,250 [EventQueue-PipelineReportForPipelineReportHandler] INFO  pipeline.PipelineManagerImpl (PipelineManagerImpl.java:openPipeline(283)) - Pipeline Pipeline[ Id: 6c3ce9b5-6018-42b4-b968-2f65dadd13f6, Nodes: 4d40c50f-34df-4d8d-ada3-4ecb2b1f4098{ip: 10.1.0.37, host: fv-az297-666.nmf1rxwemy4u5di1sxxf4ejcwb.jx.internal.cloudapp.net, ports: [REPLICATION=34939, RATIS=38377, RATIS_ADMIN=38377, RATIS_SERVER=38377, STANDALONE=36211], networkLocation: /default-rack, certSerialId: null, persistedOpState: IN_SERVICE, persistedOpStateExpiryEpochSec: 0}, ReplicationConfig: RATIS/ONE, State:ALLOCATED, leaderId:4d40c50f-34df-4d8d-ada3-4ecb2b1f4098, CreationTimestamp2021-08-17T11:50:20.071Z[Etc/UTC]] moved to OPEN state
2021-08-17 11:50:23,246 [pool-901-thread-1] INFO  ratis.ContainerStateMachine (ContainerStateMachine.java:loadSnapshot(225)) - group-2F65DADD13F6: The snapshot info is null. Setting the last applied indexto:(t:0, i:~)
2021-08-17 11:50:23,275 [EventQueue-OpenPipelineForHealthyPipelineSafeModeRule] INFO  safemode.SCMSafeModeManager (HealthyPipelineSafeModeRule.java:process(124)) - SCM in safe mode. Healthy pipelines reported count is 0, required healthy pipeline reported count is 1
2021-08-17 11:50:23,246 [Datanode State Machine Thread - 0] WARN  statemachine.StateContext (StateContext.java:execute(621)) - No available thread in pool for past 1 seconds.
2021-08-17 11:50:23,275 [pool-901-thread-1] INFO  server.RaftServerConfigKeys (ConfUtils.java:logGet(44)) - raft.server.notification.no-leader.timeout = 300000ms (custom)
2021-08-17 11:50:23,275 [pool-901-thread-1] INFO  server.RaftServerConfigKeys (ConfUtils.java:logGet(44)) - raft.server.log.use.memory = false (default)
2021-08-17 11:50:23,275 [pool-901-thread-1] INFO  server.RaftServerConfigKeys (ConfUtils.java:logGet(44)) - raft.server.log.purge.gap = 1000000 (custom)
2021-08-17 11:50:23,275 [pool-901-thread-1] INFO  server.RaftServerConfigKeys (ConfUtils.java:logGet(44)) - raft.server.log.appender.buffer.byte-limit = 33554432 (custom)
2021-08-17 11:50:23,275 [pool-901-thread-1] INFO  server.RaftServerConfigKeys (ConfUtils.java:logGet(44)) - raft.server.log.segment.size.max = 1048576 (custom)
2021-08-17 11:50:23,276 [pool-901-thread-1] INFO  server.RaftServerConfigKeys (ConfUtils.java:logGet(44)) - raft.server.log.segment.cache.num.max = 2 (custom)
2021-08-17 11:50:23,276 [pool-901-thread-1] INFO  server.RaftServerConfigKeys (ConfUtils.java:logGet(44)) - raft.server.log.segment.cache.size.max = 200MB (=209715200) (default)
2021-08-17 11:50:23,276 [pool-901-thread-1] INFO  segmented.SegmentedRaftLogWorker (SegmentedRaftLogWorker.java:<init>(182)) - new 4d40c50f-34df-4d8d-ada3-4ecb2b1f4098@group-2F65DADD13F6-SegmentedRaftLogWorker for RaftStorageImpl:Storage Directory /home/runner/work/ozone/ozone/hadoop-ozone/integration-test/target/test-dir/MiniOzoneClusterImpl-a1e163cb-5647-48ea-b1dc-b51dce44f61a/datanode-6/data/ratis/6c3ce9b5-6018-42b4-b968-2f65dadd13f6
2021-08-17 11:50:23,276 [pool-901-thread-1] INFO  server.RaftServerConfigKeys (ConfUtils.java:logGet(44)) - raft.server.log.queue.byte-limit = 2147483647 (custom)
2021-08-17 11:50:23,276 [pool-901-thread-1] INFO  server.RaftServerConfigKeys (ConfUtils.java:logGet(44)) - raft.server.log.queue.element-limit = 1024 (custom)
2021-08-17 11:50:23,276 [pool-901-thread-1] INFO  server.RaftServerConfigKeys (ConfUtils.java:logGet(44)) - raft.server.log.segment.size.max = 1048576 (custom)
2021-08-17 11:50:23,276 [pool-901-thread-1] INFO  server.RaftServerConfigKeys (ConfUtils.java:logGet(44)) - raft.server.log.preallocated.size = 16384 (custom)
2021-08-17 11:50:23,276 [pool-901-thread-1] INFO  server.RaftServerConfigKeys (ConfUtils.java:logGet(44)) - raft.server.log.force.sync.num = 128 (default)
2021-08-17 11:50:23,276 [pool-901-thread-1] INFO  server.RaftServerConfigKeys (ConfUtils.java:logGet(44)) - raft.server.log.statemachine.data.sync = true (default)
2021-08-17 11:50:23,276 [pool-901-thread-1] INFO  server.RaftServerConfigKeys (ConfUtils.java:logGet(44)) - raft.server.log.statemachine.data.sync.timeout = 10s (default)
2021-08-17 11:50:23,276 [pool-901-thread-1] INFO  server.RaftServerConfigKeys (ConfUtils.java:logGet(44)) - raft.server.log.statemachine.data.sync.timeout.retry = -1 (default)
2021-08-17 11:50:23,277 [2424882f-c429-4c69-9245-ccac92145c6c@group-2D76B840BCE6-SegmentedRaftLogWorker] INFO  segmented.SegmentedRaftLogWorker (SegmentedRaftLogWorker.java:execute(601)) - 2424882f-c429-4c69-9245-ccac92145c6c@group-2D76B840BCE6-SegmentedRaftLogWorker: created new log segment /home/runner/work/ozone/ozone/hadoop-ozone/integration-test/target/test-dir/MiniOzoneClusterImpl-a1e163cb-5647-48ea-b1dc-b51dce44f61a/datanode-0/data/ratis/e324f8df-0123-4e05-8025-2d76b840bce6/current/log_inprogress_0
2021-08-17 11:50:23,295 [2424882f-c429-4c69-9245-ccac92145c6c@group-2D76B840BCE6-LeaderElection67] INFO  server.RaftServer$Division (ServerState.java:setRaftConf(387)) - 2424882f-c429-4c69-9245-ccac92145c6c@group-2D76B840BCE6: set configuration 0: [2424882f-c429-4c69-9245-ccac92145c6c|rpc:10.1.0.37:43989|dataStream:|priority:1], old=null
2021-08-17 11:50:23,297 [Datanode State Machine Thread - 0] WARN  statemachine.StateContext (StateContext.java:execute(621)) - No available thread in pool for past 1 seconds.
2021-08-17 11:50:23,301 [EventQueue-OpenPipelineForHealthyPipelineSafeModeRule] INFO  safemode.SCMSafeModeManager (HealthyPipelineSafeModeRule.java:process(124)) - SCM in safe mode. Healthy pipelines reported count is 0, required healthy pipeline reported count is 1
2021-08-17 11:50:23,309 [IPC Server handler 11 on default port 35007] INFO  net.NetworkTopologyImpl (NetworkTopologyImpl.java:add(112)) - Added a new node: /default-rack/c2837b3a-083f-4317-9098-ed9e2645ea67
2021-08-17 11:50:23,309 [IPC Server handler 11 on default port 35007] INFO  node.SCMNodeManager (SCMNodeManager.java:register(390)) - Registered Data node : c2837b3a-083f-4317-9098-ed9e2645ea67{ip: 10.1.0.37, host: fv-az297-666.nmf1rxwemy4u5di1sxxf4ejcwb.jx.internal.cloudapp.net, ports: [REPLICATION=37993, RATIS=40281, RATIS_ADMIN=40281, RATIS_SERVER=40281, STANDALONE=39423], networkLocation: /default-rack, certSerialId: null, persistedOpState: null, persistedOpStateExpiryEpochSec: 0}
2021-08-17 11:50:23,310 [EventQueue-NewNodeForNewNodeHandler] INFO  pipeline.BackgroundPipelineCreator (BackgroundPipelineCreatorV2.java:notifyEventTriggered(285)) - trigger a one-shot run on RatisPipelineUtilsThread.
2021-08-17 11:50:23,310 [RatisPipelineUtilsThread - 0] INFO  pipeline.RatisPipelineProvider (RatisPipelineProvider.java:lambda$create$0(183)) - Sending CreatePipelineCommand for pipeline:PipelineID=e6cd0a89-06d9-4522-8ed4-e1a33dff2f97 to datanode:c2837b3a-083f-4317-9098-ed9e2645ea67
2021-08-17 11:50:23,310 [RatisPipelineUtilsThread - 0] INFO  pipeline.PipelineStateManager (PipelineStateManagerV2Impl.java:addPipeline(101)) - Created pipeline Pipeline[ Id: e6cd0a89-06d9-4522-8ed4-e1a33dff2f97, Nodes: c2837b3a-083f-4317-9098-ed9e2645ea67{ip: 10.1.0.37, host: fv-az297-666.nmf1rxwemy4u5di1sxxf4ejcwb.jx.internal.cloudapp.net, ports: [REPLICATION=37993, RATIS=40281, RATIS_ADMIN=40281, RATIS_SERVER=40281, STANDALONE=39423], networkLocation: /default-rack, certSerialId: null, persistedOpState: IN_SERVICE, persistedOpStateExpiryEpochSec: 0}, ReplicationConfig: RATIS/ONE, State:ALLOCATED, leaderId:, CreationTimestamp2021-08-17T11:50:23.310Z[Etc/UTC]].
2021-08-17 11:50:23,311 [RatisPipelineUtilsThread - 0] INFO  pipeline.RatisPipelineProvider (RatisPipelineProvider.java:lambda$create$0(183)) - Sending CreatePipelineCommand for pipeline:PipelineID=8fd58685-d2a7-4c14-9592-dc37525c1773 to datanode:c2837b3a-083f-4317-9098-ed9e2645ea67
2021-08-17 11:50:23,311 [RatisPipelineUtilsThread - 0] INFO  pipeline.RatisPipelineProvider (RatisPipelineProvider.java:lambda$create$0(183)) - Sending CreatePipelineCommand for pipeline:PipelineID=8fd58685-d2a7-4c14-9592-dc37525c1773 to datanode:b04f16c0-2a60-4c52-b6a0-e9a8376fd099
2021-08-17 11:50:23,311 [RatisPipelineUtilsThread - 0] INFO  pipeline.RatisPipelineProvider (RatisPipelineProvider.java:lambda$create$0(183)) - Sending CreatePipelineCommand for pipeline:PipelineID=8fd58685-d2a7-4c14-9592-dc37525c1773 to datanode:4d40c50f-34df-4d8d-ada3-4ecb2b1f4098
2021-08-17 11:50:23,311 [RatisPipelineUtilsThread - 0] INFO  pipeline.PipelineStateManager (PipelineStateManagerV2Impl.java:addPipeline(101)) - Created pipeline Pipeline[ Id: 8fd58685-d2a7-4c14-9592-dc37525c1773, Nodes: c2837b3a-083f-4317-9098-ed9e2645ea67{ip: 10.1.0.37, host: fv-az297-666.nmf1rxwemy4u5di1sxxf4ejcwb.jx.internal.cloudapp.net, ports: [REPLICATION=37993, RATIS=40281, RATIS_ADMIN=40281, RATIS_SERVER=40281, STANDALONE=39423], networkLocation: /default-rack, certSerialId: null, persistedOpState: IN_SERVICE, persistedOpStateExpiryEpochSec: 0}b04f16c0-2a60-4c52-b6a0-e9a8376fd099{ip: 10.1.0.37, host: fv-az297-666.nmf1rxwemy4u5di1sxxf4ejcwb.jx.internal.cloudapp.net, ports: [REPLICATION=35845, RATIS=38575, RATIS_ADMIN=38575, RATIS_SERVER=38575, STANDALONE=34803], networkLocation: /default-rack, certSerialId: null, persistedOpState: IN_SERVICE, persistedOpStateExpiryEpochSec: 0}4d40c50f-34df-4d8d-ada3-4ecb2b1f4098{ip: 10.1.0.37, host: fv-az297-666.nmf1rxwemy4u5di1sxxf4ejcwb.jx.internal.cloudapp.net, ports: [REPLICATION=34939, RATIS=38377, RATIS_ADMIN=38377, RATIS_SERVER=38377, STANDALONE=36211], networkLocation: /default-rack, certSerialId: null, persistedOpState: IN_SERVICE, persistedOpStateExpiryEpochSec: 0}, ReplicationConfig: RATIS/THREE, State:ALLOCATED, leaderId:, CreationTimestamp2021-08-17T11:50:23.311Z[Etc/UTC]].
2021-08-17 11:50:23,350 [pool-901-thread-1] INFO  server.RaftServerConfigKeys (ConfUtils.java:logGet(44)) - raft.server.log.write.buffer.size = 1048576 (custom)
2021-08-17 11:50:23,351 [pool-901-thread-1] INFO  server.RaftServerConfigKeys (ConfUtils.java:logGet(44)) - raft.server.log.statemachine.data.caching.enabled = true (custom)
2021-08-17 11:50:23,351 [pool-901-thread-1] INFO  segmented.SegmentedRaftLogWorker (SegmentedRaftLogWorker.java:lambda$new$0(133)) - 4d40c50f-34df-4d8d-ada3-4ecb2b1f4098@group-2F65DADD13F6-SegmentedRaftLogWorker: flushIndex: setUnconditionally 0 -> -1
2021-08-17 11:50:23,352 [pool-901-thread-1] INFO  segmented.SegmentedRaftLogWorker (SegmentedRaftLogWorker.java:lambda$new$0(133)) - 4d40c50f-34df-4d8d-ada3-4ecb2b1f4098@group-2F65DADD13F6-SegmentedRaftLogWorker: safeCacheEvictIndex: setUnconditionally 0 -> -1
2021-08-17 11:50:23,361 [pool-901-thread-1] INFO  server.RaftServerConfigKeys (ConfUtils.java:logGet(44)) - raft.server.snapshot.auto.trigger.enabled = true (custom)
2021-08-17 11:50:23,361 [pool-901-thread-1] INFO  server.RaftServerConfigKeys (ConfUtils.java:logGet(44)) - raft.server.snapshot.auto.trigger.threshold = 10000 (custom)
2021-08-17 11:50:23,361 [pool-901-thread-1] INFO  server.RaftServerConfigKeys (ConfUtils.java:logGet(44)) - raft.server.snapshot.retention.file.num = 5 (custom)
2021-08-17 11:50:23,361 [pool-901-thread-1] INFO  server.RaftServerConfigKeys (ConfUtils.java:logGet(44)) - raft.server.log.purge.upto.snapshot.index = false (default)
2021-08-17 11:50:23,361 [pool-901-thread-1] INFO  server.RaftServerConfigKeys (ConfUtils.java:logGet(44)) - raft.server.retrycache.expirytime = 600000ms (custom)
2021-08-17 11:50:23,361 [pool-901-thread-1] INFO  server.RaftServerConfigKeys (ConfUtils.java:logGet(44)) - raft.server.retrycache.statistics.expirytime = 100μs (default)
2021-08-17 11:50:23,363 [pool-901-thread-1] INFO  server.RaftServer$Division (RaftServerImpl.java:start(296)) - 4d40c50f-34df-4d8d-ada3-4ecb2b1f4098@group-2F65DADD13F6: start as a follower, conf=-1: [4d40c50f-34df-4d8d-ada3-4ecb2b1f4098|rpc:10.1.0.37:38377|priority:1], old=null
2021-08-17 11:50:23,363 [pool-901-thread-1] INFO  server.RaftServer$Division (RaftServerImpl.java:setRole(285)) - 4d40c50f-34df-4d8d-ada3-4ecb2b1f4098@group-2F65DADD13F6: changes role from      null to FOLLOWER at term 0 for startAsFollower
2021-08-17 11:50:23,363 [pool-901-thread-1] INFO  impl.RoleInfo (RoleInfo.java:updateAndGet(130)) - 4d40c50f-34df-4d8d-ada3-4ecb2b1f4098: start 4d40c50f-34df-4d8d-ada3-4ecb2b1f4098@group-2F65DADD13F6-FollowerState
2021-08-17 11:50:23,364 [pool-901-thread-1] INFO  util.JmxRegister (JmxRegister.java:tryRegister(44)) - Successfully registered JMX Bean with object name Ratis:service=RaftServer,group=group-2F65DADD13F6,id=4d40c50f-34df-4d8d-ada3-4ecb2b1f4098
2021-08-17 11:50:23,369 [Command processor thread] INFO  ratis.XceiverServerRatis (XceiverServerRatis.java:addGroup(763)) - Created group PipelineID=6c3ce9b5-6018-42b4-b968-2f65dadd13f6
2021-08-17 11:50:23,369 [Command processor thread] INFO  commandhandler.CreatePipelineCommandHandler (CreatePipelineCommandHandler.java:handle(106)) - Created Pipeline RATIS ONE PipelineID=6c3ce9b5-6018-42b4-b968-2f65dadd13f6.
2021-08-17 11:50:23,485 [e2fcfc86-2f0c-4267-bafe-682e5fd2fca7@group-547B605A4635-FollowerState] INFO  impl.FollowerState (FollowerState.java:run(134)) - e2fcfc86-2f0c-4267-bafe-682e5fd2fca7@group-547B605A4635-FollowerState: change to CANDIDATE, lastRpcElapsedTime:5015090377ns, electionTimeout:5014ms
2021-08-17 11:50:23,485 [e2fcfc86-2f0c-4267-bafe-682e5fd2fca7@group-547B605A4635-FollowerState] INFO  impl.RoleInfo (RoleInfo.java:shutdownFollowerState(108)) - e2fcfc86-2f0c-4267-bafe-682e5fd2fca7: shutdown e2fcfc86-2f0c-4267-bafe-682e5fd2fca7@group-547B605A4635-FollowerState
2021-08-17 11:50:23,485 [e2fcfc86-2f0c-4267-bafe-682e5fd2fca7@group-547B605A4635-FollowerState] INFO  server.RaftServer$Division (RaftServerImpl.java:setRole(285)) - e2fcfc86-2f0c-4267-bafe-682e5fd2fca7@group-547B605A4635: changes role from  FOLLOWER to CANDIDATE at term 0 for changeToCandidate
2021-08-17 11:50:23,487 [e2fcfc86-2f0c-4267-bafe-682e5fd2fca7@group-547B605A4635-FollowerState] INFO  server.RaftServerConfigKeys (ConfUtils.java:logGet(44)) - raft.server.leaderelection.pre-vote = false (custom)
2021-08-17 11:50:23,487 [e2fcfc86-2f0c-4267-bafe-682e5fd2fca7@group-547B605A4635-FollowerState] INFO  impl.RoleInfo (RoleInfo.java:updateAndGet(130)) - e2fcfc86-2f0c-4267-bafe-682e5fd2fca7: start e2fcfc86-2f0c-4267-bafe-682e5fd2fca7@group-547B605A4635-LeaderElection68
2021-08-17 11:50:23,580 [e2fcfc86-2f0c-4267-bafe-682e5fd2fca7@group-547B605A4635-LeaderElection68] INFO  impl.LeaderElection (LeaderElection.java:askForVotes(306)) - e2fcfc86-2f0c-4267-bafe-682e5fd2fca7@group-547B605A4635-LeaderElection68 ELECTION round 0: submit vote requests at term 1 for -1: [e2fcfc86-2f0c-4267-bafe-682e5fd2fca7|rpc:10.1.0.37:43155|priority:1], old=null
2021-08-17 11:50:23,581 [e2fcfc86-2f0c-4267-bafe-682e5fd2fca7@group-547B605A4635-LeaderElection68] INFO  impl.LeaderElection (LeaderElection.java:askForVotes(308)) - e2fcfc86-2f0c-4267-bafe-682e5fd2fca7@group-547B605A4635-LeaderElection68 ELECTION round 0: result PASSED (term=1)
2021-08-17 11:50:23,581 [e2fcfc86-2f0c-4267-bafe-682e5fd2fca7@group-547B605A4635-LeaderElection68] INFO  impl.RoleInfo (RoleInfo.java:shutdownLeaderElection(121)) - e2fcfc86-2f0c-4267-bafe-682e5fd2fca7: shutdown e2fcfc86-2f0c-4267-bafe-682e5fd2fca7@group-547B605A4635-LeaderElection68
2021-08-17 11:50:23,581 [e2fcfc86-2f0c-4267-bafe-682e5fd2fca7@group-547B605A4635-LeaderElection68] INFO  server.RaftServer$Division (RaftServerImpl.java:setRole(285)) - e2fcfc86-2f0c-4267-bafe-682e5fd2fca7@group-547B605A4635: changes role from CANDIDATE to LEADER at term 1 for changeToLeader
2021-08-17 11:50:23,581 [e2fcfc86-2f0c-4267-bafe-682e5fd2fca7@group-547B605A4635-LeaderElection68] INFO  ratis.XceiverServerRatis (XceiverServerRatis.java:handleLeaderChangedNotification(861)) - Leader change notification received for group: group-547B605A4635 with new leaderId: e2fcfc86-2f0c-4267-bafe-682e5fd2fca7
2021-08-17 11:50:23,581 [e2fcfc86-2f0c-4267-bafe-682e5fd2fca7@group-547B605A4635-LeaderElection68] INFO  server.RaftServer$Division (ServerState.java:setLeader(285)) - e2fcfc86-2f0c-4267-bafe-682e5fd2fca7@group-547B605A4635: change Leader from null to e2fcfc86-2f0c-4267-bafe-682e5fd2fca7 at term 1 for becomeLeader, leader elected after 5173ms
2021-08-17 11:50:23,581 [e2fcfc86-2f0c-4267-bafe-682e5fd2fca7@group-547B605A4635-LeaderElection68] INFO  server.RaftServerConfigKeys (ConfUtils.java:logGet(44)) - raft.server.staging.catchup.gap = 1000 (default)
2021-08-17 11:50:23,581 [e2fcfc86-2f0c-4267-bafe-682e5fd2fca7@group-547B605A4635-LeaderElection68] INFO  server.RaftServerConfigKeys (ConfUtils.java:logGet(44)) - raft.server.write.element-limit = 1024 (custom)
2021-08-17 11:50:23,581 [e2fcfc86-2f0c-4267-bafe-682e5fd2fca7@group-547B605A4635-LeaderElection68] INFO  server.RaftServerConfigKeys (ConfUtils.java:logGet(44)) - raft.server.write.byte-limit = 1024 M (=1073741824) (custom)
2021-08-17 11:50:23,582 [e2fcfc86-2f0c-4267-bafe-682e5fd2fca7@group-547B605A4635-LeaderElection68] INFO  server.RaftServerConfigKeys (ConfUtils.java:logGet(44)) - raft.server.watch.timeout = 3000ms (custom)
2021-08-17 11:50:23,582 [e2fcfc86-2f0c-4267-bafe-682e5fd2fca7@group-547B605A4635-LeaderElection68] INFO  server.RaftServerConfigKeys (ConfUtils.java:logGet(44)) - raft.server.watch.timeout.denomination = 1s (default)
2021-08-17 11:50:23,582 [e2fcfc86-2f0c-4267-bafe-682e5fd2fca7@group-547B605A4635-LeaderElection68] INFO  server.RaftServerConfigKeys (ConfUtils.java:logGet(44)) - raft.server.watch.element-limit = 65536 (default)
2021-08-17 11:50:23,582 [e2fcfc86-2f0c-4267-bafe-682e5fd2fca7@group-547B605A4635-LeaderElection68] INFO  impl.RoleInfo (RoleInfo.java:updateAndGet(130)) - e2fcfc86-2f0c-4267-bafe-682e5fd2fca7: start e2fcfc86-2f0c-4267-bafe-682e5fd2fca7@group-547B605A4635-LeaderStateImpl
2021-08-17 11:50:23,582 [e2fcfc86-2f0c-4267-bafe-682e5fd2fca7@group-547B605A4635-LeaderElection68] INFO  segmented.SegmentedRaftLogWorker (SegmentedRaftLogWorker.java:startLogSegment(394)) - e2fcfc86-2f0c-4267-bafe-682e5fd2fca7@group-547B605A4635-SegmentedRaftLogWorker: Starting segment from index:0
2021-08-17 11:50:23,582 [Datanode State Machine Thread - 0] WARN  statemachine.StateContext (StateContext.java:execute(621)) - No available thread in pool for past 1 seconds.
2021-08-17 11:50:23,587 [e2fcfc86-2f0c-4267-bafe-682e5fd2fca7@group-547B605A4635-SegmentedRaftLogWorker] INFO  segmented.SegmentedRaftLogWorker (SegmentedRaftLogWorker.java:execute(601)) - e2fcfc86-2f0c-4267-bafe-682e5fd2fca7@group-547B605A4635-SegmentedRaftLogWorker: created new log segment /home/runner/work/ozone/ozone/hadoop-ozone/integration-test/target/test-dir/MiniOzoneClusterImpl-a1e163cb-5647-48ea-b1dc-b51dce44f61a/datanode-1/data/ratis/bb9a7bf4-234c-4ebf-870c-547b605a4635/current/log_inprogress_0
2021-08-17 11:50:23,617 [EventQueue-OpenPipelineForHealthyPipelineSafeModeRule] INFO  safemode.SCMSafeModeManager (HealthyPipelineSafeModeRule.java:process(124)) - SCM in safe mode. Healthy pipelines reported count is 0, required healthy pipeline reported count is 1
2021-08-17 11:50:23,705 [e2fcfc86-2f0c-4267-bafe-682e5fd2fca7@group-547B605A4635-LeaderElection68] INFO  server.RaftServer$Division (ServerState.java:setRaftConf(387)) - e2fcfc86-2f0c-4267-bafe-682e5fd2fca7@group-547B605A4635: set configuration 0: [e2fcfc86-2f0c-4267-bafe-682e5fd2fca7|rpc:10.1.0.37:43155|dataStream:|priority:1], old=null
2021-08-17 11:50:24,210 [Listener at 127.0.0.1/40861] INFO  ozone.MiniOzoneClusterImpl (MiniOzoneClusterImpl.java:lambda$waitForClusterToBeReady$0(235)) - Nodes are ready. Got 9 of 9 DN Heartbeats.
2021-08-17 11:50:24,210 [Listener at 127.0.0.1/40861] INFO  ozone.MiniOzoneClusterImpl (MiniOzoneClusterImpl.java:lambda$waitForClusterToBeReady$0(238)) - Waiting for cluster to exit safe mode
2021-08-17 11:50:24,210 [Listener at 127.0.0.1/40861] INFO  ozone.MiniOzoneClusterImpl (MiniOzoneClusterImpl.java:lambda$waitForClusterToBeReady$0(240)) - SCM became leader
2021-08-17 11:50:24,413 [Command processor thread] INFO  server.RaftServer (RaftServerProxy.java:addNew(95)) - b04f16c0-2a60-4c52-b6a0-e9a8376fd099: addNew group-A793FA70953A:[b04f16c0-2a60-4c52-b6a0-e9a8376fd099|rpc:10.1.0.37:38575|priority:1] returns group-A793FA70953A:java.util.concurrent.CompletableFuture@6f420032[Not completed]
2021-08-17 11:50:24,414 [pool-920-thread-1] INFO  server.RaftServer$Division (RaftServerImpl.java:<init>(181)) - b04f16c0-2a60-4c52-b6a0-e9a8376fd099: new RaftServerImpl for group-A793FA70953A:[b04f16c0-2a60-4c52-b6a0-e9a8376fd099|rpc:10.1.0.37:38575|priority:1] with ContainerStateMachine:uninitialized
2021-08-17 11:50:24,414 [pool-920-thread-1] INFO  server.RaftServerConfigKeys (ConfUtils.java:logGet(44)) - raft.server.rpc.timeout.min = 5s (custom)
2021-08-17 11:50:24,414 [pool-920-thread-1] INFO  server.RaftServerConfigKeys (ConfUtils.java:logGet(44)) - raft.server.rpc.timeout.max = 5200ms (custom)
2021-08-17 11:50:24,414 [pool-920-thread-1] INFO  server.RaftServerConfigKeys (ConfUtils.java:logGet(44)) - raft.server.rpc.sleep.time = 25ms (default)
2021-08-17 11:50:24,414 [pool-920-thread-1] INFO  server.RaftServerConfigKeys (ConfUtils.java:logGet(44)) - raft.server.rpc.slowness.timeout = 300000ms (custom)
2021-08-17 11:50:24,414 [pool-920-thread-1] INFO  server.RaftServerConfigKeys (ConfUtils.java:logGet(44)) - raft.server.leaderelection.leader.step-down.wait-time = 10s (default)
2021-08-17 11:50:24,414 [pool-920-thread-1] INFO  server.RaftServerConfigKeys (ConfUtils.java:logGet(44)) - raft.server.sleep.deviation.threshold = 300ms (default)
2021-08-17 11:50:24,414 [pool-920-thread-1] INFO  server.RaftServerConfigKeys (ConfUtils.java:logGet(44)) - raft.server.log.appender.install.snapshot.enabled = false (custom)
2021-08-17 11:50:24,414 [pool-920-thread-1] INFO  server.RaftServer$Division (ServerState.java:<init>(105)) - b04f16c0-2a60-4c52-b6a0-e9a8376fd099@group-A793FA70953A: ConfigurationManager, init=-1: [b04f16c0-2a60-4c52-b6a0-e9a8376fd099|rpc:10.1.0.37:38575|priority:1], old=null, confs=<EMPTY_MAP>
2021-08-17 11:50:24,414 [pool-920-thread-1] INFO  server.RaftServerConfigKeys (ConfUtils.java:logGet(44)) - raft.server.storage.dir = [/home/runner/work/ozone/ozone/hadoop-ozone/integration-test/target/test-dir/MiniOzoneClusterImpl-a1e163cb-5647-48ea-b1dc-b51dce44f61a/datanode-7/data/ratis] (custom)
2021-08-17 11:50:24,415 [pool-920-thread-1] INFO  server.RaftServerConfigKeys (ConfUtils.java:logGet(44)) - raft.server.log.corruption.policy = EXCEPTION (default)
2021-08-17 11:50:24,415 [pool-920-thread-1] INFO  server.RaftServerConfigKeys (ConfUtils.java:logGet(44)) - raft.server.storage.free-space.min = 0MB (=0) (default)
2021-08-17 11:50:24,415 [pool-920-thread-1] INFO  storage.RaftStorageDirectory (RaftStorageDirectoryImpl.java:analyzeStorage(135)) - The storage directory /home/runner/work/ozone/ozone/hadoop-ozone/integration-test/target/test-dir/MiniOzoneClusterImpl-a1e163cb-5647-48ea-b1dc-b51dce44f61a/datanode-7/data/ratis/62297862-5cc6-4197-ad59-a793fa70953a does not exist. Creating ...
2021-08-17 11:50:24,480 [pool-920-thread-1] INFO  storage.RaftStorageDirectory (RaftStorageDirectoryImpl.java:tryLock(230)) - Lock on /home/runner/work/ozone/ozone/hadoop-ozone/integration-test/target/test-dir/MiniOzoneClusterImpl-a1e163cb-5647-48ea-b1dc-b51dce44f61a/datanode-7/data/ratis/62297862-5cc6-4197-ad59-a793fa70953a/in_use.lock acquired by nodename 3236@fv-az297-666
2021-08-17 11:50:24,482 [pool-920-thread-1] INFO  storage.RaftStorage (RaftStorageImpl.java:format(89)) - Storage directory /home/runner/work/ozone/ozone/hadoop-ozone/integration-test/target/test-dir/MiniOzoneClusterImpl-a1e163cb-5647-48ea-b1dc-b51dce44f61a/datanode-7/data/ratis/62297862-5cc6-4197-ad59-a793fa70953a has been successfully formatted.
2021-08-17 11:50:24,529 [pool-920-thread-1] INFO  ratis.ContainerStateMachine (ContainerStateMachine.java:loadSnapshot(225)) - group-A793FA70953A: The snapshot info is null. Setting the last applied indexto:(t:0, i:~)
2021-08-17 11:50:24,530 [pool-920-thread-1] INFO  server.RaftServerConfigKeys (ConfUtils.java:logGet(44)) - raft.server.notification.no-leader.timeout = 300000ms (custom)
2021-08-17 11:50:24,530 [pool-920-thread-1] INFO  server.RaftServerConfigKeys (ConfUtils.java:logGet(44)) - raft.server.log.use.memory = false (default)
2021-08-17 11:50:24,530 [pool-920-thread-1] INFO  server.RaftServerConfigKeys (ConfUtils.java:logGet(44)) - raft.server.log.purge.gap = 1000000 (custom)
2021-08-17 11:50:24,530 [pool-920-thread-1] INFO  server.RaftServerConfigKeys (ConfUtils.java:logGet(44)) - raft.server.log.appender.buffer.byte-limit = 33554432 (custom)
2021-08-17 11:50:24,530 [pool-920-thread-1] INFO  server.RaftServerConfigKeys (ConfUtils.java:logGet(44)) - raft.server.log.segment.size.max = 1048576 (custom)
2021-08-17 11:50:24,531 [pool-920-thread-1] INFO  server.RaftServerConfigKeys (ConfUtils.java:logGet(44)) - raft.server.log.segment.cache.num.max = 2 (custom)
2021-08-17 11:50:24,531 [pool-920-thread-1] INFO  server.RaftServerConfigKeys (ConfUtils.java:logGet(44)) - raft.server.log.segment.cache.size.max = 200MB (=209715200) (default)
2021-08-17 11:50:24,531 [pool-920-thread-1] INFO  segmented.SegmentedRaftLogWorker (SegmentedRaftLogWorker.java:<init>(182)) - new b04f16c0-2a60-4c52-b6a0-e9a8376fd099@group-A793FA70953A-SegmentedRaftLogWorker for RaftStorageImpl:Storage Directory /home/runner/work/ozone/ozone/hadoop-ozone/integration-test/target/test-dir/MiniOzoneClusterImpl-a1e163cb-5647-48ea-b1dc-b51dce44f61a/datanode-7/data/ratis/62297862-5cc6-4197-ad59-a793fa70953a
2021-08-17 11:50:24,531 [pool-920-thread-1] INFO  server.RaftServerConfigKeys (ConfUtils.java:logGet(44)) - raft.server.log.queue.byte-limit = 2147483647 (custom)
2021-08-17 11:50:24,531 [pool-920-thread-1] INFO  server.RaftServerConfigKeys (ConfUtils.java:logGet(44)) - raft.server.log.queue.element-limit = 1024 (custom)
2021-08-17 11:50:24,531 [pool-920-thread-1] INFO  server.RaftServerConfigKeys (ConfUtils.java:logGet(44)) - raft.server.log.segment.size.max = 1048576 (custom)
2021-08-17 11:50:24,531 [pool-920-thread-1] INFO  server.RaftServerConfigKeys (ConfUtils.java:logGet(44)) - raft.server.log.preallocated.size = 16384 (custom)
2021-08-17 11:50:24,531 [pool-920-thread-1] INFO  server.RaftServerConfigKeys (ConfUtils.java:logGet(44)) - raft.server.log.force.sync.num = 128 (default)
2021-08-17 11:50:24,531 [pool-920-thread-1] INFO  server.RaftServerConfigKeys (ConfUtils.java:logGet(44)) - raft.server.log.statemachine.data.sync = true (default)
2021-08-17 11:50:24,531 [pool-920-thread-1] INFO  server.RaftServerConfigKeys (ConfUtils.java:logGet(44)) - raft.server.log.statemachine.data.sync.timeout = 10s (default)
2021-08-17 11:50:24,532 [pool-920-thread-1] INFO  server.RaftServerConfigKeys (ConfUtils.java:logGet(44)) - raft.server.log.statemachine.data.sync.timeout.retry = -1 (default)
2021-08-17 11:50:24,531 [Datanode State Machine Thread - 0] WARN  statemachine.StateContext (StateContext.java:execute(621)) - No available thread in pool for past 1 seconds.
2021-08-17 11:50:24,532 [EventQueue-PipelineReportForPipelineReportHandler] INFO  pipeline.PipelineManagerImpl (PipelineManagerImpl.java:openPipeline(283)) - Pipeline Pipeline[ Id: 62297862-5cc6-4197-ad59-a793fa70953a, Nodes: b04f16c0-2a60-4c52-b6a0-e9a8376fd099{ip: 10.1.0.37, host: fv-az297-666.nmf1rxwemy4u5di1sxxf4ejcwb.jx.internal.cloudapp.net, ports: [REPLICATION=35845, RATIS=38575, RATIS_ADMIN=38575, RATIS_SERVER=38575, STANDALONE=34803], networkLocation: /default-rack, certSerialId: null, persistedOpState: IN_SERVICE, persistedOpStateExpiryEpochSec: 0}, ReplicationConfig: RATIS/ONE, State:ALLOCATED, leaderId:b04f16c0-2a60-4c52-b6a0-e9a8376fd099, CreationTimestamp2021-08-17T11:50:21.413Z[Etc/UTC]] moved to OPEN state
2021-08-17 11:50:24,533 [EventQueue-OpenPipelineForHealthyPipelineSafeModeRule] INFO  safemode.SCMSafeModeManager (HealthyPipelineSafeModeRule.java:process(124)) - SCM in safe mode. Healthy pipelines reported count is 0, required healthy pipeline reported count is 1
2021-08-17 11:50:24,537 [pool-920-thread-1] INFO  server.RaftServerConfigKeys (ConfUtils.java:logGet(44)) - raft.server.log.write.buffer.size = 1048576 (custom)
2021-08-17 11:50:24,538 [pool-920-thread-1] INFO  server.RaftServerConfigKeys (ConfUtils.java:logGet(44)) - raft.server.log.statemachine.data.caching.enabled = true (custom)
2021-08-17 11:50:24,541 [pool-920-thread-1] INFO  segmented.SegmentedRaftLogWorker (SegmentedRaftLogWorker.java:lambda$new$0(133)) - b04f16c0-2a60-4c52-b6a0-e9a8376fd099@group-A793FA70953A-SegmentedRaftLogWorker: flushIndex: setUnconditionally 0 -> -1
2021-08-17 11:50:24,545 [pool-920-thread-1] INFO  segmented.SegmentedRaftLogWorker (SegmentedRaftLogWorker.java:lambda$new$0(133)) - b04f16c0-2a60-4c52-b6a0-e9a8376fd099@group-A793FA70953A-SegmentedRaftLogWorker: safeCacheEvictIndex: setUnconditionally 0 -> -1
2021-08-17 11:50:24,548 [pool-920-thread-1] INFO  server.RaftServerConfigKeys (ConfUtils.java:logGet(44)) - raft.server.snapshot.auto.trigger.enabled = true (custom)
2021-08-17 11:50:24,548 [pool-920-thread-1] INFO  server.RaftServerConfigKeys (ConfUtils.java:logGet(44)) - raft.server.snapshot.auto.trigger.threshold = 10000 (custom)
2021-08-17 11:50:24,548 [pool-920-thread-1] INFO  server.RaftServerConfigKeys (ConfUtils.java:logGet(44)) - raft.server.snapshot.retention.file.num = 5 (custom)
2021-08-17 11:50:24,548 [pool-920-thread-1] INFO  server.RaftServerConfigKeys (ConfUtils.java:logGet(44)) - raft.server.log.purge.upto.snapshot.index = false (default)
2021-08-17 11:50:24,548 [pool-920-thread-1] INFO  server.RaftServerConfigKeys (ConfUtils.java:logGet(44)) - raft.server.retrycache.expirytime = 600000ms (custom)
2021-08-17 11:50:24,548 [pool-920-thread-1] INFO  server.RaftServerConfigKeys (ConfUtils.java:logGet(44)) - raft.server.retrycache.statistics.expirytime = 100μs (default)
2021-08-17 11:50:24,550 [pool-920-thread-1] INFO  server.RaftServer$Division (RaftServerImpl.java:start(296)) - b04f16c0-2a60-4c52-b6a0-e9a8376fd099@group-A793FA70953A: start as a follower, conf=-1: [b04f16c0-2a60-4c52-b6a0-e9a8376fd099|rpc:10.1.0.37:38575|priority:1], old=null
2021-08-17 11:50:24,580 [pool-920-thread-1] INFO  server.RaftServer$Division (RaftServerImpl.java:setRole(285)) - b04f16c0-2a60-4c52-b6a0-e9a8376fd099@group-A793FA70953A: changes role from      null to FOLLOWER at term 0 for startAsFollower
2021-08-17 11:50:24,580 [pool-920-thread-1] INFO  impl.RoleInfo (RoleInfo.java:updateAndGet(130)) - b04f16c0-2a60-4c52-b6a0-e9a8376fd099: start b04f16c0-2a60-4c52-b6a0-e9a8376fd099@group-A793FA70953A-FollowerState
2021-08-17 11:50:24,581 [pool-920-thread-1] INFO  util.JmxRegister (JmxRegister.java:tryRegister(44)) - Successfully registered JMX Bean with object name Ratis:service=RaftServer,group=group-A793FA70953A,id=b04f16c0-2a60-4c52-b6a0-e9a8376fd099
2021-08-17 11:50:24,588 [Command processor thread] INFO  ratis.XceiverServerRatis (XceiverServerRatis.java:addGroup(763)) - Created group PipelineID=62297862-5cc6-4197-ad59-a793fa70953a
2021-08-17 11:50:24,588 [Command processor thread] INFO  commandhandler.CreatePipelineCommandHandler (CreatePipelineCommandHandler.java:handle(106)) - Created Pipeline RATIS ONE PipelineID=62297862-5cc6-4197-ad59-a793fa70953a.
2021-08-17 11:50:24,588 [Command processor thread] INFO  server.RaftServer (RaftServerProxy.java:addNew(95)) - b04f16c0-2a60-4c52-b6a0-e9a8376fd099: addNew group-DC37525C1773:[c2837b3a-083f-4317-9098-ed9e2645ea67|rpc:10.1.0.37:40281|priority:0, b04f16c0-2a60-4c52-b6a0-e9a8376fd099|rpc:10.1.0.37:38575|priority:0, 4d40c50f-34df-4d8d-ada3-4ecb2b1f4098|rpc:10.1.0.37:38377|priority:1] returns group-DC37525C1773:java.util.concurrent.CompletableFuture@6b7d9902[Not completed]
2021-08-17 11:50:24,589 [pool-920-thread-1] INFO  server.RaftServer$Division (RaftServerImpl.java:<init>(181)) - b04f16c0-2a60-4c52-b6a0-e9a8376fd099: new RaftServerImpl for group-DC37525C1773:[c2837b3a-083f-4317-9098-ed9e2645ea67|rpc:10.1.0.37:40281|priority:0, b04f16c0-2a60-4c52-b6a0-e9a8376fd099|rpc:10.1.0.37:38575|priority:0, 4d40c50f-34df-4d8d-ada3-4ecb2b1f4098|rpc:10.1.0.37:38377|priority:1] with ContainerStateMachine:uninitialized
2021-08-17 11:50:24,589 [pool-920-thread-1] INFO  server.RaftServerConfigKeys (ConfUtils.java:logGet(44)) - raft.server.rpc.timeout.min = 5s (custom)
2021-08-17 11:50:24,589 [pool-920-thread-1] INFO  server.RaftServerConfigKeys (ConfUtils.java:logGet(44)) - raft.server.rpc.timeout.max = 5200ms (custom)
2021-08-17 11:50:24,589 [pool-920-thread-1] INFO  server.RaftServerConfigKeys (ConfUtils.java:logGet(44)) - raft.server.rpc.sleep.time = 25ms (default)
2021-08-17 11:50:24,589 [pool-920-thread-1] INFO  server.RaftServerConfigKeys (ConfUtils.java:logGet(44)) - raft.server.rpc.slowness.timeout = 300000ms (custom)
2021-08-17 11:50:24,589 [pool-920-thread-1] INFO  server.RaftServerConfigKeys (ConfUtils.java:logGet(44)) - raft.server.leaderelection.leader.step-down.wait-time = 10s (default)
2021-08-17 11:50:24,589 [pool-920-thread-1] INFO  server.RaftServerConfigKeys (ConfUtils.java:logGet(44)) - raft.server.sleep.deviation.threshold = 300ms (default)
2021-08-17 11:50:24,589 [pool-920-thread-1] INFO  server.RaftServerConfigKeys (ConfUtils.java:logGet(44)) - raft.server.log.appender.install.snapshot.enabled = false (custom)
2021-08-17 11:50:24,589 [pool-920-thread-1] INFO  server.RaftServer$Division (ServerState.java:<init>(105)) - b04f16c0-2a60-4c52-b6a0-e9a8376fd099@group-DC37525C1773: ConfigurationManager, init=-1: [c2837b3a-083f-4317-9098-ed9e2645ea67|rpc:10.1.0.37:40281|priority:0, b04f16c0-2a60-4c52-b6a0-e9a8376fd099|rpc:10.1.0.37:38575|priority:0, 4d40c50f-34df-4d8d-ada3-4ecb2b1f4098|rpc:10.1.0.37:38377|priority:1], old=null, confs=<EMPTY_MAP>
2021-08-17 11:50:24,589 [pool-920-thread-1] INFO  server.RaftServerConfigKeys (ConfUtils.java:logGet(44)) - raft.server.storage.dir = [/home/runner/work/ozone/ozone/hadoop-ozone/integration-test/target/test-dir/MiniOzoneClusterImpl-a1e163cb-5647-48ea-b1dc-b51dce44f61a/datanode-7/data/ratis] (custom)
2021-08-17 11:50:24,590 [pool-920-thread-1] INFO  server.RaftServerConfigKeys (ConfUtils.java:logGet(44)) - raft.server.log.corruption.policy = EXCEPTION (default)
2021-08-17 11:50:24,590 [pool-920-thread-1] INFO  server.RaftServerConfigKeys (ConfUtils.java:logGet(44)) - raft.server.storage.free-space.min = 0MB (=0) (default)
2021-08-17 11:50:24,590 [pool-920-thread-1] INFO  storage.RaftStorageDirectory (RaftStorageDirectoryImpl.java:analyzeStorage(135)) - The storage directory /home/runner/work/ozone/ozone/hadoop-ozone/integration-test/target/test-dir/MiniOzoneClusterImpl-a1e163cb-5647-48ea-b1dc-b51dce44f61a/datanode-7/data/ratis/8fd58685-d2a7-4c14-9592-dc37525c1773 does not exist. Creating ...
2021-08-17 11:50:24,595 [pool-920-thread-1] INFO  storage.RaftStorageDirectory (RaftStorageDirectoryImpl.java:tryLock(230)) - Lock on /home/runner/work/ozone/ozone/hadoop-ozone/integration-test/target/test-dir/MiniOzoneClusterImpl-a1e163cb-5647-48ea-b1dc-b51dce44f61a/datanode-7/data/ratis/8fd58685-d2a7-4c14-9592-dc37525c1773/in_use.lock acquired by nodename 3236@fv-az297-666
2021-08-17 11:50:24,605 [pool-920-thread-1] INFO  storage.RaftStorage (RaftStorageImpl.java:format(89)) - Storage directory /home/runner/work/ozone/ozone/hadoop-ozone/integration-test/target/test-dir/MiniOzoneClusterImpl-a1e163cb-5647-48ea-b1dc-b51dce44f61a/datanode-7/data/ratis/8fd58685-d2a7-4c14-9592-dc37525c1773 has been successfully formatted.
2021-08-17 11:50:24,605 [Datanode State Machine Thread - 0] WARN  statemachine.StateContext (StateContext.java:execute(621)) - No available thread in pool for past 1 seconds.
2021-08-17 11:50:24,605 [pool-920-thread-1] INFO  ratis.ContainerStateMachine (ContainerStateMachine.java:loadSnapshot(225)) - group-DC37525C1773: The snapshot info is null. Setting the last applied indexto:(t:0, i:~)
2021-08-17 11:50:24,606 [pool-920-thread-1] INFO  server.RaftServerConfigKeys (ConfUtils.java:logGet(44)) - raft.server.notification.no-leader.timeout = 300000ms (custom)
2021-08-17 11:50:24,606 [pool-920-thread-1] INFO  server.RaftServerConfigKeys (ConfUtils.java:logGet(44)) - raft.server.log.use.memory = false (default)
2021-08-17 11:50:24,606 [pool-920-thread-1] INFO  server.RaftServerConfigKeys (ConfUtils.java:logGet(44)) - raft.server.log.purge.gap = 1000000 (custom)
2021-08-17 11:50:24,606 [pool-920-thread-1] INFO  server.RaftServerConfigKeys (ConfUtils.java:logGet(44)) - raft.server.log.appender.buffer.byte-limit = 33554432 (custom)
2021-08-17 11:50:24,606 [pool-920-thread-1] INFO  server.RaftServerConfigKeys (ConfUtils.java:logGet(44)) - raft.server.log.segment.size.max = 1048576 (custom)
2021-08-17 11:50:24,607 [pool-920-thread-1] INFO  server.RaftServerConfigKeys (ConfUtils.java:logGet(44)) - raft.server.log.segment.cache.num.max = 2 (custom)
2021-08-17 11:50:24,607 [pool-920-thread-1] INFO  server.RaftServerConfigKeys (ConfUtils.java:logGet(44)) - raft.server.log.segment.cache.size.max = 200MB (=209715200) (default)
2021-08-17 11:50:24,607 [pool-920-thread-1] INFO  segmented.SegmentedRaftLogWorker (SegmentedRaftLogWorker.java:<init>(182)) - new b04f16c0-2a60-4c52-b6a0-e9a8376fd099@group-DC37525C1773-SegmentedRaftLogWorker for RaftStorageImpl:Storage Directory /home/runner/work/ozone/ozone/hadoop-ozone/integration-test/target/test-dir/MiniOzoneClusterImpl-a1e163cb-5647-48ea-b1dc-b51dce44f61a/datanode-7/data/ratis/8fd58685-d2a7-4c14-9592-dc37525c1773
2021-08-17 11:50:24,607 [pool-920-thread-1] INFO  server.RaftServerConfigKeys (ConfUtils.java:logGet(44)) - raft.server.log.queue.byte-limit = 2147483647 (custom)
2021-08-17 11:50:24,607 [pool-920-thread-1] INFO  server.RaftServerConfigKeys (ConfUtils.java:logGet(44)) - raft.server.log.queue.element-limit = 1024 (custom)
2021-08-17 11:50:24,607 [pool-920-thread-1] INFO  server.RaftServerConfigKeys (ConfUtils.java:logGet(44)) - raft.server.log.segment.size.max = 1048576 (custom)
2021-08-17 11:50:24,607 [pool-920-thread-1] INFO  server.RaftServerConfigKeys (ConfUtils.java:logGet(44)) - raft.server.log.preallocated.size = 16384 (custom)
2021-08-17 11:50:24,607 [pool-920-thread-1] INFO  server.RaftServerConfigKeys (ConfUtils.java:logGet(44)) - raft.server.log.force.sync.num = 128 (default)
2021-08-17 11:50:24,607 [pool-920-thread-1] INFO  server.RaftServerConfigKeys (ConfUtils.java:logGet(44)) - raft.server.log.statemachine.data.sync = true (default)
2021-08-17 11:50:24,607 [pool-920-thread-1] INFO  server.RaftServerConfigKeys (ConfUtils.java:logGet(44)) - raft.server.log.statemachine.data.sync.timeout = 10s (default)
2021-08-17 11:50:24,607 [pool-920-thread-1] INFO  server.RaftServerConfigKeys (ConfUtils.java:logGet(44)) - raft.server.log.statemachine.data.sync.timeout.retry = -1 (default)
2021-08-17 11:50:24,609 [pool-920-thread-1] INFO  server.RaftServerConfigKeys (ConfUtils.java:logGet(44)) - raft.server.log.write.buffer.size = 1048576 (custom)
2021-08-17 11:50:24,609 [pool-920-thread-1] INFO  server.RaftServerConfigKeys (ConfUtils.java:logGet(44)) - raft.server.log.statemachine.data.caching.enabled = true (custom)
2021-08-17 11:50:24,610 [pool-920-thread-1] INFO  segmented.SegmentedRaftLogWorker (SegmentedRaftLogWorker.java:lambda$new$0(133)) - b04f16c0-2a60-4c52-b6a0-e9a8376fd099@group-DC37525C1773-SegmentedRaftLogWorker: flushIndex: setUnconditionally 0 -> -1
2021-08-17 11:50:24,610 [pool-920-thread-1] INFO  segmented.SegmentedRaftLogWorker (SegmentedRaftLogWorker.java:lambda$new$0(133)) - b04f16c0-2a60-4c52-b6a0-e9a8376fd099@group-DC37525C1773-SegmentedRaftLogWorker: safeCacheEvictIndex: setUnconditionally 0 -> -1
2021-08-17 11:50:24,610 [pool-920-thread-1] INFO  server.RaftServerConfigKeys (ConfUtils.java:logGet(44)) - raft.server.snapshot.auto.trigger.enabled = true (custom)
2021-08-17 11:50:24,610 [pool-920-thread-1] INFO  server.RaftServerConfigKeys (ConfUtils.java:logGet(44)) - raft.server.snapshot.auto.trigger.threshold = 10000 (custom)
2021-08-17 11:50:24,610 [pool-920-thread-1] INFO  server.RaftServerConfigKeys (ConfUtils.java:logGet(44)) - raft.server.snapshot.retention.file.num = 5 (custom)
2021-08-17 11:50:24,610 [pool-920-thread-1] INFO  server.RaftServerConfigKeys (ConfUtils.java:logGet(44)) - raft.server.log.purge.upto.snapshot.index = false (default)
2021-08-17 11:50:24,610 [pool-920-thread-1] INFO  server.RaftServerConfigKeys (ConfUtils.java:logGet(44)) - raft.server.retrycache.expirytime = 600000ms (custom)
2021-08-17 11:50:24,610 [pool-920-thread-1] INFO  server.RaftServerConfigKeys (ConfUtils.java:logGet(44)) - raft.server.retrycache.statistics.expirytime = 100μs (default)
2021-08-17 11:50:24,612 [pool-920-thread-1] INFO  server.RaftServer$Division (RaftServerImpl.java:start(296)) - b04f16c0-2a60-4c52-b6a0-e9a8376fd099@group-DC37525C1773: start as a follower, conf=-1: [c2837b3a-083f-4317-9098-ed9e2645ea67|rpc:10.1.0.37:40281|priority:0, b04f16c0-2a60-4c52-b6a0-e9a8376fd099|rpc:10.1.0.37:38575|priority:0, 4d40c50f-34df-4d8d-ada3-4ecb2b1f4098|rpc:10.1.0.37:38377|priority:1], old=null
2021-08-17 11:50:24,612 [pool-920-thread-1] INFO  server.RaftServer$Division (RaftServerImpl.java:setRole(285)) - b04f16c0-2a60-4c52-b6a0-e9a8376fd099@group-DC37525C1773: changes role from      null to FOLLOWER at term 0 for startAsFollower
2021-08-17 11:50:24,612 [pool-920-thread-1] INFO  impl.RoleInfo (RoleInfo.java:updateAndGet(130)) - b04f16c0-2a60-4c52-b6a0-e9a8376fd099: start b04f16c0-2a60-4c52-b6a0-e9a8376fd099@group-DC37525C1773-FollowerState
2021-08-17 11:50:24,649 [pool-920-thread-1] INFO  util.JmxRegister (JmxRegister.java:tryRegister(44)) - Successfully registered JMX Bean with object name Ratis:service=RaftServer,group=group-DC37525C1773,id=b04f16c0-2a60-4c52-b6a0-e9a8376fd099
2021-08-17 11:50:24,684 [EventQueue-OpenPipelineForHealthyPipelineSafeModeRule] INFO  safemode.SCMSafeModeManager (HealthyPipelineSafeModeRule.java:process(124)) - SCM in safe mode. Healthy pipelines reported count is 0, required healthy pipeline reported count is 1
2021-08-17 11:50:24,685 [Command processor thread] INFO  ratis.XceiverServerRatis (XceiverServerRatis.java:addGroup(763)) - Created group PipelineID=8fd58685-d2a7-4c14-9592-dc37525c1773
2021-08-17 11:50:24,726 [grpc-default-executor-1] INFO  server.RaftServer (RaftServerProxy.java:addNew(95)) - c2837b3a-083f-4317-9098-ed9e2645ea67: addNew group-DC37525C1773:[c2837b3a-083f-4317-9098-ed9e2645ea67|rpc:10.1.0.37:40281|dataStream:|priority:0, b04f16c0-2a60-4c52-b6a0-e9a8376fd099|rpc:10.1.0.37:38575|dataStream:|priority:0, 4d40c50f-34df-4d8d-ada3-4ecb2b1f4098|rpc:10.1.0.37:38377|dataStream:|priority:1] returns group-DC37525C1773:java.util.concurrent.CompletableFuture@7c22cf2a[Not completed]
2021-08-17 11:50:24,737 [pool-944-thread-1] INFO  server.RaftServer$Division (RaftServerImpl.java:<init>(181)) - c2837b3a-083f-4317-9098-ed9e2645ea67: new RaftServerImpl for group-DC37525C1773:[c2837b3a-083f-4317-9098-ed9e2645ea67|rpc:10.1.0.37:40281|dataStream:|priority:0, b04f16c0-2a60-4c52-b6a0-e9a8376fd099|rpc:10.1.0.37:38575|dataStream:|priority:0, 4d40c50f-34df-4d8d-ada3-4ecb2b1f4098|rpc:10.1.0.37:38377|dataStream:|priority:1] with ContainerStateMachine:uninitialized
2021-08-17 11:50:24,753 [0bf441c2-8cd8-4ced-8476-22eca18377b1@group-2FAD8F0E4C38-FollowerState] INFO  impl.FollowerState (FollowerState.java:run(134)) - 0bf441c2-8cd8-4ced-8476-22eca18377b1@group-2FAD8F0E4C38-FollowerState: change to CANDIDATE, lastRpcElapsedTime:5147886199ns, electionTimeout:5143ms
2021-08-17 11:50:24,753 [0bf441c2-8cd8-4ced-8476-22eca18377b1@group-2FAD8F0E4C38-FollowerState] INFO  impl.RoleInfo (RoleInfo.java:shutdownFollowerState(108)) - 0bf441c2-8cd8-4ced-8476-22eca18377b1: shutdown 0bf441c2-8cd8-4ced-8476-22eca18377b1@group-2FAD8F0E4C38-FollowerState
2021-08-17 11:50:24,753 [0bf441c2-8cd8-4ced-8476-22eca18377b1@group-2FAD8F0E4C38-FollowerState] INFO  server.RaftServer$Division (RaftServerImpl.java:setRole(285)) - 0bf441c2-8cd8-4ced-8476-22eca18377b1@group-2FAD8F0E4C38: changes role from  FOLLOWER to CANDIDATE at term 0 for changeToCandidate
2021-08-17 11:50:24,837 [0bf441c2-8cd8-4ced-8476-22eca18377b1@group-2FAD8F0E4C38-FollowerState] INFO  server.RaftServerConfigKeys (ConfUtils.java:logGet(44)) - raft.server.leaderelection.pre-vote = false (custom)
2021-08-17 11:50:24,837 [0bf441c2-8cd8-4ced-8476-22eca18377b1@group-2FAD8F0E4C38-FollowerState] INFO  impl.RoleInfo (RoleInfo.java:updateAndGet(130)) - 0bf441c2-8cd8-4ced-8476-22eca18377b1: start 0bf441c2-8cd8-4ced-8476-22eca18377b1@group-2FAD8F0E4C38-LeaderElection69
2021-08-17 11:50:24,837 [pool-944-thread-1] INFO  server.RaftServerConfigKeys (ConfUtils.java:logGet(44)) - raft.server.rpc.timeout.min = 5s (custom)
2021-08-17 11:50:24,842 [pool-944-thread-1] INFO  server.RaftServerConfigKeys (ConfUtils.java:logGet(44)) - raft.server.rpc.timeout.max = 5200ms (custom)
2021-08-17 11:50:24,842 [pool-944-thread-1] INFO  server.RaftServerConfigKeys (ConfUtils.java:logGet(44)) - raft.server.rpc.sleep.time = 25ms (default)
2021-08-17 11:50:24,842 [pool-944-thread-1] INFO  server.RaftServerConfigKeys (ConfUtils.java:logGet(44)) - raft.server.rpc.slowness.timeout = 300000ms (custom)
2021-08-17 11:50:24,842 [pool-944-thread-1] INFO  server.RaftServerConfigKeys (ConfUtils.java:logGet(44)) - raft.server.leaderelection.leader.step-down.wait-time = 10s (default)
2021-08-17 11:50:24,842 [pool-944-thread-1] INFO  server.RaftServerConfigKeys (ConfUtils.java:logGet(44)) - raft.server.sleep.deviation.threshold = 300ms (default)
2021-08-17 11:50:24,842 [pool-944-thread-1] INFO  server.RaftServerConfigKeys (ConfUtils.java:logGet(44)) - raft.server.log.appender.install.snapshot.enabled = false (custom)
2021-08-17 11:50:24,843 [pool-944-thread-1] INFO  server.RaftServer$Division (ServerState.java:<init>(105)) - c2837b3a-083f-4317-9098-ed9e2645ea67@group-DC37525C1773: ConfigurationManager, init=-1: [c2837b3a-083f-4317-9098-ed9e2645ea67|rpc:10.1.0.37:40281|dataStream:|priority:0, b04f16c0-2a60-4c52-b6a0-e9a8376fd099|rpc:10.1.0.37:38575|dataStream:|priority:0, 4d40c50f-34df-4d8d-ada3-4ecb2b1f4098|rpc:10.1.0.37:38377|dataStream:|priority:1], old=null, confs=<EMPTY_MAP>
2021-08-17 11:50:24,843 [pool-944-thread-1] INFO  server.RaftServerConfigKeys (ConfUtils.java:logGet(44)) - raft.server.storage.dir = [/home/runner/work/ozone/ozone/hadoop-ozone/integration-test/target/test-dir/MiniOzoneClusterImpl-a1e163cb-5647-48ea-b1dc-b51dce44f61a/datanode-8/data/ratis] (custom)
2021-08-17 11:50:24,843 [pool-944-thread-1] INFO  server.RaftServerConfigKeys (ConfUtils.java:logGet(44)) - raft.server.log.corruption.policy = EXCEPTION (default)
2021-08-17 11:50:24,843 [pool-944-thread-1] INFO  server.RaftServerConfigKeys (ConfUtils.java:logGet(44)) - raft.server.storage.free-space.min = 0MB (=0) (default)
2021-08-17 11:50:24,843 [pool-944-thread-1] INFO  storage.RaftStorageDirectory (RaftStorageDirectoryImpl.java:analyzeStorage(135)) - The storage directory /home/runner/work/ozone/ozone/hadoop-ozone/integration-test/target/test-dir/MiniOzoneClusterImpl-a1e163cb-5647-48ea-b1dc-b51dce44f61a/datanode-8/data/ratis/8fd58685-d2a7-4c14-9592-dc37525c1773 does not exist. Creating ...
2021-08-17 11:50:24,844 [pool-944-thread-1] INFO  storage.RaftStorageDirectory (RaftStorageDirectoryImpl.java:tryLock(230)) - Lock on /home/runner/work/ozone/ozone/hadoop-ozone/integration-test/target/test-dir/MiniOzoneClusterImpl-a1e163cb-5647-48ea-b1dc-b51dce44f61a/datanode-8/data/ratis/8fd58685-d2a7-4c14-9592-dc37525c1773/in_use.lock acquired by nodename 3236@fv-az297-666
2021-08-17 11:50:24,846 [pool-944-thread-1] INFO  storage.RaftStorage (RaftStorageImpl.java:format(89)) - Storage directory /home/runner/work/ozone/ozone/hadoop-ozone/integration-test/target/test-dir/MiniOzoneClusterImpl-a1e163cb-5647-48ea-b1dc-b51dce44f61a/datanode-8/data/ratis/8fd58685-d2a7-4c14-9592-dc37525c1773 has been successfully formatted.
2021-08-17 11:50:24,846 [pool-944-thread-1] INFO  ratis.ContainerStateMachine (ContainerStateMachine.java:loadSnapshot(225)) - group-DC37525C1773: The snapshot info is null. Setting the last applied indexto:(t:0, i:~)
2021-08-17 11:50:24,846 [pool-944-thread-1] INFO  server.RaftServerConfigKeys (ConfUtils.java:logGet(44)) - raft.server.notification.no-leader.timeout = 300000ms (custom)
2021-08-17 11:50:24,846 [pool-944-thread-1] INFO  server.RaftServerConfigKeys (ConfUtils.java:logGet(44)) - raft.server.log.use.memory = false (default)
2021-08-17 11:50:24,846 [pool-944-thread-1] INFO  server.RaftServerConfigKeys (ConfUtils.java:logGet(44)) - raft.server.log.purge.gap = 1000000 (custom)
2021-08-17 11:50:24,846 [pool-944-thread-1] INFO  server.RaftServerConfigKeys (ConfUtils.java:logGet(44)) - raft.server.log.appender.buffer.byte-limit = 33554432 (custom)
2021-08-17 11:50:24,846 [pool-944-thread-1] INFO  server.RaftServerConfigKeys (ConfUtils.java:logGet(44)) - raft.server.log.segment.size.max = 1048576 (custom)
2021-08-17 11:50:24,880 [pool-944-thread-1] INFO  server.RaftServerConfigKeys (ConfUtils.java:logGet(44)) - raft.server.log.segment.cache.num.max = 2 (custom)
2021-08-17 11:50:24,880 [pool-944-thread-1] INFO  server.RaftServerConfigKeys (ConfUtils.java:logGet(44)) - raft.server.log.segment.cache.size.max = 200MB (=209715200) (default)
2021-08-17 11:50:24,881 [pool-944-thread-1] INFO  segmented.SegmentedRaftLogWorker (SegmentedRaftLogWorker.java:<init>(182)) - new c2837b3a-083f-4317-9098-ed9e2645ea67@group-DC37525C1773-SegmentedRaftLogWorker for RaftStorageImpl:Storage Directory /home/runner/work/ozone/ozone/hadoop-ozone/integration-test/target/test-dir/MiniOzoneClusterImpl-a1e163cb-5647-48ea-b1dc-b51dce44f61a/datanode-8/data/ratis/8fd58685-d2a7-4c14-9592-dc37525c1773
2021-08-17 11:50:24,881 [pool-944-thread-1] INFO  server.RaftServerConfigKeys (ConfUtils.java:logGet(44)) - raft.server.log.queue.byte-limit = 2147483647 (custom)
2021-08-17 11:50:24,881 [pool-944-thread-1] INFO  server.RaftServerConfigKeys (ConfUtils.java:logGet(44)) - raft.server.log.queue.element-limit = 1024 (custom)
2021-08-17 11:50:24,881 [pool-944-thread-1] INFO  server.RaftServerConfigKeys (ConfUtils.java:logGet(44)) - raft.server.log.segment.size.max = 1048576 (custom)
2021-08-17 11:50:24,881 [pool-944-thread-1] INFO  server.RaftServerConfigKeys (ConfUtils.java:logGet(44)) - raft.server.log.preallocated.size = 16384 (custom)
2021-08-17 11:50:24,881 [pool-944-thread-1] INFO  server.RaftServerConfigKeys (ConfUtils.java:logGet(44)) - raft.server.log.force.sync.num = 128 (default)
2021-08-17 11:50:24,881 [pool-944-thread-1] INFO  server.RaftServerConfigKeys (ConfUtils.java:logGet(44)) - raft.server.log.statemachine.data.sync = true (default)
2021-08-17 11:50:24,881 [pool-944-thread-1] INFO  server.RaftServerConfigKeys (ConfUtils.java:logGet(44)) - raft.server.log.statemachine.data.sync.timeout = 10s (default)
2021-08-17 11:50:24,881 [pool-944-thread-1] INFO  server.RaftServerConfigKeys (ConfUtils.java:logGet(44)) - raft.server.log.statemachine.data.sync.timeout.retry = -1 (default)
2021-08-17 11:50:24,847 [Datanode State Machine Thread - 0] WARN  statemachine.StateContext (StateContext.java:execute(621)) - No available thread in pool for past 1 seconds.
2021-08-17 11:50:24,883 [pool-944-thread-1] INFO  server.RaftServerConfigKeys (ConfUtils.java:logGet(44)) - raft.server.log.write.buffer.size = 1048576 (custom)
2021-08-17 11:50:24,932 [pool-944-thread-1] INFO  server.RaftServerConfigKeys (ConfUtils.java:logGet(44)) - raft.server.log.statemachine.data.caching.enabled = true (custom)
2021-08-17 11:50:24,933 [pool-944-thread-1] INFO  segmented.SegmentedRaftLogWorker (SegmentedRaftLogWorker.java:lambda$new$0(133)) - c2837b3a-083f-4317-9098-ed9e2645ea67@group-DC37525C1773-SegmentedRaftLogWorker: flushIndex: setUnconditionally 0 -> -1
2021-08-17 11:50:24,933 [pool-944-thread-1] INFO  segmented.SegmentedRaftLogWorker (SegmentedRaftLogWorker.java:lambda$new$0(133)) - c2837b3a-083f-4317-9098-ed9e2645ea67@group-DC37525C1773-SegmentedRaftLogWorker: safeCacheEvictIndex: setUnconditionally 0 -> -1
2021-08-17 11:50:24,885 [0bf441c2-8cd8-4ced-8476-22eca18377b1@group-2FAD8F0E4C38-LeaderElection69] INFO  impl.LeaderElection (LeaderElection.java:askForVotes(306)) - 0bf441c2-8cd8-4ced-8476-22eca18377b1@group-2FAD8F0E4C38-LeaderElection69 ELECTION round 0: submit vote requests at term 1 for -1: [0bf441c2-8cd8-4ced-8476-22eca18377b1|rpc:10.1.0.37:38591|priority:1], old=null
2021-08-17 11:50:24,933 [0bf441c2-8cd8-4ced-8476-22eca18377b1@group-2FAD8F0E4C38-LeaderElection69] INFO  impl.LeaderElection (LeaderElection.java:askForVotes(308)) - 0bf441c2-8cd8-4ced-8476-22eca18377b1@group-2FAD8F0E4C38-LeaderElection69 ELECTION round 0: result PASSED (term=1)
2021-08-17 11:50:24,933 [0bf441c2-8cd8-4ced-8476-22eca18377b1@group-2FAD8F0E4C38-LeaderElection69] INFO  impl.RoleInfo (RoleInfo.java:shutdownLeaderElection(121)) - 0bf441c2-8cd8-4ced-8476-22eca18377b1: shutdown 0bf441c2-8cd8-4ced-8476-22eca18377b1@group-2FAD8F0E4C38-LeaderElection69
2021-08-17 11:50:24,933 [0bf441c2-8cd8-4ced-8476-22eca18377b1@group-2FAD8F0E4C38-LeaderElection69] INFO  server.RaftServer$Division (RaftServerImpl.java:setRole(285)) - 0bf441c2-8cd8-4ced-8476-22eca18377b1@group-2FAD8F0E4C38: changes role from CANDIDATE to LEADER at term 1 for changeToLeader
2021-08-17 11:50:24,933 [0bf441c2-8cd8-4ced-8476-22eca18377b1@group-2FAD8F0E4C38-LeaderElection69] INFO  ratis.XceiverServerRatis (XceiverServerRatis.java:handleLeaderChangedNotification(861)) - Leader change notification received for group: group-2FAD8F0E4C38 with new leaderId: 0bf441c2-8cd8-4ced-8476-22eca18377b1
2021-08-17 11:50:24,937 [pool-944-thread-1] INFO  server.RaftServerConfigKeys (ConfUtils.java:logGet(44)) - raft.server.snapshot.auto.trigger.enabled = true (custom)
2021-08-17 11:50:24,937 [pool-944-thread-1] INFO  server.RaftServerConfigKeys (ConfUtils.java:logGet(44)) - raft.server.snapshot.auto.trigger.threshold = 10000 (custom)
2021-08-17 11:50:24,937 [pool-944-thread-1] INFO  server.RaftServerConfigKeys (ConfUtils.java:logGet(44)) - raft.server.snapshot.retention.file.num = 5 (custom)
2021-08-17 11:50:24,937 [pool-944-thread-1] INFO  server.RaftServerConfigKeys (ConfUtils.java:logGet(44)) - raft.server.log.purge.upto.snapshot.index = false (default)
2021-08-17 11:50:24,937 [pool-944-thread-1] INFO  server.RaftServerConfigKeys (ConfUtils.java:logGet(44)) - raft.server.retrycache.expirytime = 600000ms (custom)
2021-08-17 11:50:24,937 [pool-944-thread-1] INFO  server.RaftServerConfigKeys (ConfUtils.java:logGet(44)) - raft.server.retrycache.statistics.expirytime = 100μs (default)
2021-08-17 11:50:24,939 [pool-944-thread-1] INFO  server.RaftServer$Division (RaftServerImpl.java:start(296)) - c2837b3a-083f-4317-9098-ed9e2645ea67@group-DC37525C1773: start as a follower, conf=-1: [c2837b3a-083f-4317-9098-ed9e2645ea67|rpc:10.1.0.37:40281|dataStream:|priority:0, b04f16c0-2a60-4c52-b6a0-e9a8376fd099|rpc:10.1.0.37:38575|dataStream:|priority:0, 4d40c50f-34df-4d8d-ada3-4ecb2b1f4098|rpc:10.1.0.37:38377|dataStream:|priority:1], old=null
2021-08-17 11:50:24,939 [pool-944-thread-1] INFO  server.RaftServer$Division (RaftServerImpl.java:setRole(285)) - c2837b3a-083f-4317-9098-ed9e2645ea67@group-DC37525C1773: changes role from      null to FOLLOWER at term 0 for startAsFollower
2021-08-17 11:50:24,939 [pool-944-thread-1] INFO  impl.RoleInfo (RoleInfo.java:updateAndGet(130)) - c2837b3a-083f-4317-9098-ed9e2645ea67: start c2837b3a-083f-4317-9098-ed9e2645ea67@group-DC37525C1773-FollowerState
2021-08-17 11:50:24,949 [pool-944-thread-1] INFO  util.JmxRegister (JmxRegister.java:tryRegister(44)) - Successfully registered JMX Bean with object name Ratis:service=RaftServer,group=group-DC37525C1773,id=c2837b3a-083f-4317-9098-ed9e2645ea67
2021-08-17 11:50:24,980 [0bf441c2-8cd8-4ced-8476-22eca18377b1@group-2FAD8F0E4C38-LeaderElection69] INFO  server.RaftServer$Division (ServerState.java:setLeader(285)) - 0bf441c2-8cd8-4ced-8476-22eca18377b1@group-2FAD8F0E4C38: change Leader from null to 0bf441c2-8cd8-4ced-8476-22eca18377b1 at term 1 for becomeLeader, leader elected after 5354ms
2021-08-17 11:50:24,980 [0bf441c2-8cd8-4ced-8476-22eca18377b1@group-2FAD8F0E4C38-LeaderElection69] INFO  server.RaftServerConfigKeys (ConfUtils.java:logGet(44)) - raft.server.staging.catchup.gap = 1000 (default)
2021-08-17 11:50:24,981 [0bf441c2-8cd8-4ced-8476-22eca18377b1@group-2FAD8F0E4C38-LeaderElection69] INFO  server.RaftServerConfigKeys (ConfUtils.java:logGet(44)) - raft.server.write.element-limit = 1024 (custom)
2021-08-17 11:50:24,981 [0bf441c2-8cd8-4ced-8476-22eca18377b1@group-2FAD8F0E4C38-LeaderElection69] INFO  server.RaftServerConfigKeys (ConfUtils.java:logGet(44)) - raft.server.write.byte-limit = 1024 M (=1073741824) (custom)
2021-08-17 11:50:24,981 [0bf441c2-8cd8-4ced-8476-22eca18377b1@group-2FAD8F0E4C38-LeaderElection69] INFO  server.RaftServerConfigKeys (ConfUtils.java:logGet(44)) - raft.server.watch.timeout = 3000ms (custom)
2021-08-17 11:50:24,981 [0bf441c2-8cd8-4ced-8476-22eca18377b1@group-2FAD8F0E4C38-LeaderElection69] INFO  server.RaftServerConfigKeys (ConfUtils.java:logGet(44)) - raft.server.watch.timeout.denomination = 1s (default)
2021-08-17 11:50:24,981 [0bf441c2-8cd8-4ced-8476-22eca18377b1@group-2FAD8F0E4C38-LeaderElection69] INFO  server.RaftServerConfigKeys (ConfUtils.java:logGet(44)) - raft.server.watch.element-limit = 65536 (default)
2021-08-17 11:50:24,982 [0bf441c2-8cd8-4ced-8476-22eca18377b1@group-2FAD8F0E4C38-LeaderElection69] INFO  impl.RoleInfo (RoleInfo.java:updateAndGet(130)) - 0bf441c2-8cd8-4ced-8476-22eca18377b1: start 0bf441c2-8cd8-4ced-8476-22eca18377b1@group-2FAD8F0E4C38-LeaderStateImpl
2021-08-17 11:50:24,982 [0bf441c2-8cd8-4ced-8476-22eca18377b1@group-2FAD8F0E4C38-LeaderElection69] INFO  segmented.SegmentedRaftLogWorker (SegmentedRaftLogWorker.java:startLogSegment(394)) - 0bf441c2-8cd8-4ced-8476-22eca18377b1@group-2FAD8F0E4C38-SegmentedRaftLogWorker: Starting segment from index:0
2021-08-17 11:50:24,982 [EventQueue-OpenPipelineForHealthyPipelineSafeModeRule] INFO  safemode.SCMSafeModeManager (HealthyPipelineSafeModeRule.java:process(124)) - SCM in safe mode. Healthy pipelines reported count is 0, required healthy pipeline reported count is 1
2021-08-17 11:50:24,986 [0bf441c2-8cd8-4ced-8476-22eca18377b1@group-2FAD8F0E4C38-SegmentedRaftLogWorker] INFO  segmented.SegmentedRaftLogWorker (SegmentedRaftLogWorker.java:execute(601)) - 0bf441c2-8cd8-4ced-8476-22eca18377b1@group-2FAD8F0E4C38-SegmentedRaftLogWorker: created new log segment /home/runner/work/ozone/ozone/hadoop-ozone/integration-test/target/test-dir/MiniOzoneClusterImpl-a1e163cb-5647-48ea-b1dc-b51dce44f61a/datanode-2/data/ratis/4d4933ef-3bd7-47e1-a36e-2fad8f0e4c38/current/log_inprogress_0
2021-08-17 11:50:25,018 [0bf441c2-8cd8-4ced-8476-22eca18377b1@group-2FAD8F0E4C38-LeaderElection69] INFO  server.RaftServer$Division (ServerState.java:setRaftConf(387)) - 0bf441c2-8cd8-4ced-8476-22eca18377b1@group-2FAD8F0E4C38: set configuration 0: [0bf441c2-8cd8-4ced-8476-22eca18377b1|rpc:10.1.0.37:38591|dataStream:|priority:1], old=null
2021-08-17 11:50:25,109 [grpc-default-executor-1] INFO  server.RaftServer (RaftServerProxy.java:addNew(95)) - 4d40c50f-34df-4d8d-ada3-4ecb2b1f4098: addNew group-DC37525C1773:[c2837b3a-083f-4317-9098-ed9e2645ea67|rpc:10.1.0.37:40281|dataStream:|priority:0, b04f16c0-2a60-4c52-b6a0-e9a8376fd099|rpc:10.1.0.37:38575|dataStream:|priority:0, 4d40c50f-34df-4d8d-ada3-4ecb2b1f4098|rpc:10.1.0.37:38377|dataStream:|priority:1] returns group-DC37525C1773:java.util.concurrent.CompletableFuture@1f6edc8[Not completed]
2021-08-17 11:50:25,110 [pool-901-thread-1] INFO  server.RaftServer$Division (RaftServerImpl.java:<init>(181)) - 4d40c50f-34df-4d8d-ada3-4ecb2b1f4098: new RaftServerImpl for group-DC37525C1773:[c2837b3a-083f-4317-9098-ed9e2645ea67|rpc:10.1.0.37:40281|dataStream:|priority:0, b04f16c0-2a60-4c52-b6a0-e9a8376fd099|rpc:10.1.0.37:38575|dataStream:|priority:0, 4d40c50f-34df-4d8d-ada3-4ecb2b1f4098|rpc:10.1.0.37:38377|dataStream:|priority:1] with ContainerStateMachine:uninitialized
2021-08-17 11:50:25,110 [pool-901-thread-1] INFO  server.RaftServerConfigKeys (ConfUtils.java:logGet(44)) - raft.server.rpc.timeout.min = 5s (custom)
2021-08-17 11:50:25,110 [pool-901-thread-1] INFO  server.RaftServerConfigKeys (ConfUtils.java:logGet(44)) - raft.server.rpc.timeout.max = 5200ms (custom)
2021-08-17 11:50:25,110 [pool-901-thread-1] INFO  server.RaftServerConfigKeys (ConfUtils.java:logGet(44)) - raft.server.rpc.sleep.time = 25ms (default)
2021-08-17 11:50:25,110 [pool-901-thread-1] INFO  server.RaftServerConfigKeys (ConfUtils.java:logGet(44)) - raft.server.rpc.slowness.timeout = 300000ms (custom)
2021-08-17 11:50:25,110 [pool-901-thread-1] INFO  server.RaftServerConfigKeys (ConfUtils.java:logGet(44)) - raft.server.leaderelection.leader.step-down.wait-time = 10s (default)
2021-08-17 11:50:25,110 [pool-901-thread-1] INFO  server.RaftServerConfigKeys (ConfUtils.java:logGet(44)) - raft.server.sleep.deviation.threshold = 300ms (default)
2021-08-17 11:50:25,110 [pool-901-thread-1] INFO  server.RaftServerConfigKeys (ConfUtils.java:logGet(44)) - raft.server.log.appender.install.snapshot.enabled = false (custom)
2021-08-17 11:50:25,110 [pool-901-thread-1] INFO  server.RaftServer$Division (ServerState.java:<init>(105)) - 4d40c50f-34df-4d8d-ada3-4ecb2b1f4098@group-DC37525C1773: ConfigurationManager, init=-1: [c2837b3a-083f-4317-9098-ed9e2645ea67|rpc:10.1.0.37:40281|dataStream:|priority:0, b04f16c0-2a60-4c52-b6a0-e9a8376fd099|rpc:10.1.0.37:38575|dataStream:|priority:0, 4d40c50f-34df-4d8d-ada3-4ecb2b1f4098|rpc:10.1.0.37:38377|dataStream:|priority:1], old=null, confs=<EMPTY_MAP>
2021-08-17 11:50:25,110 [pool-901-thread-1] INFO  server.RaftServerConfigKeys (ConfUtils.java:logGet(44)) - raft.server.storage.dir = [/home/runner/work/ozone/ozone/hadoop-ozone/integration-test/target/test-dir/MiniOzoneClusterImpl-a1e163cb-5647-48ea-b1dc-b51dce44f61a/datanode-6/data/ratis] (custom)
2021-08-17 11:50:25,110 [pool-901-thread-1] INFO  server.RaftServerConfigKeys (ConfUtils.java:logGet(44)) - raft.server.log.corruption.policy = EXCEPTION (default)
2021-08-17 11:50:25,110 [pool-901-thread-1] INFO  server.RaftServerConfigKeys (ConfUtils.java:logGet(44)) - raft.server.storage.free-space.min = 0MB (=0) (default)
2021-08-17 11:50:25,110 [pool-901-thread-1] INFO  storage.RaftStorageDirectory (RaftStorageDirectoryImpl.java:analyzeStorage(135)) - The storage directory /home/runner/work/ozone/ozone/hadoop-ozone/integration-test/target/test-dir/MiniOzoneClusterImpl-a1e163cb-5647-48ea-b1dc-b51dce44f61a/datanode-6/data/ratis/8fd58685-d2a7-4c14-9592-dc37525c1773 does not exist. Creating ...
2021-08-17 11:50:25,112 [pool-901-thread-1] INFO  storage.RaftStorageDirectory (RaftStorageDirectoryImpl.java:tryLock(230)) - Lock on /home/runner/work/ozone/ozone/hadoop-ozone/integration-test/target/test-dir/MiniOzoneClusterImpl-a1e163cb-5647-48ea-b1dc-b51dce44f61a/datanode-6/data/ratis/8fd58685-d2a7-4c14-9592-dc37525c1773/in_use.lock acquired by nodename 3236@fv-az297-666
2021-08-17 11:50:25,137 [pool-901-thread-1] INFO  storage.RaftStorage (RaftStorageImpl.java:format(89)) - Storage directory /home/runner/work/ozone/ozone/hadoop-ozone/integration-test/target/test-dir/MiniOzoneClusterImpl-a1e163cb-5647-48ea-b1dc-b51dce44f61a/datanode-6/data/ratis/8fd58685-d2a7-4c14-9592-dc37525c1773 has been successfully formatted.
2021-08-17 11:50:25,138 [pool-901-thread-1] INFO  ratis.ContainerStateMachine (ContainerStateMachine.java:loadSnapshot(225)) - group-DC37525C1773: The snapshot info is null. Setting the last applied indexto:(t:0, i:~)
2021-08-17 11:50:25,138 [pool-901-thread-1] INFO  server.RaftServerConfigKeys (ConfUtils.java:logGet(44)) - raft.server.notification.no-leader.timeout = 300000ms (custom)
2021-08-17 11:50:25,138 [pool-901-thread-1] INFO  server.RaftServerConfigKeys (ConfUtils.java:logGet(44)) - raft.server.log.use.memory = false (default)
2021-08-17 11:50:25,138 [pool-901-thread-1] INFO  server.RaftServerConfigKeys (ConfUtils.java:logGet(44)) - raft.server.log.purge.gap = 1000000 (custom)
2021-08-17 11:50:25,138 [pool-901-thread-1] INFO  server.RaftServerConfigKeys (ConfUtils.java:logGet(44)) - raft.server.log.appender.buffer.byte-limit = 33554432 (custom)
2021-08-17 11:50:25,138 [pool-901-thread-1] INFO  server.RaftServerConfigKeys (ConfUtils.java:logGet(44)) - raft.server.log.segment.size.max = 1048576 (custom)
2021-08-17 11:50:25,139 [pool-901-thread-1] INFO  server.RaftServerConfigKeys (ConfUtils.java:logGet(44)) - raft.server.log.segment.cache.num.max = 2 (custom)
2021-08-17 11:50:25,139 [pool-901-thread-1] INFO  server.RaftServerConfigKeys (ConfUtils.java:logGet(44)) - raft.server.log.segment.cache.size.max = 200MB (=209715200) (default)
2021-08-17 11:50:25,139 [pool-901-thread-1] INFO  segmented.SegmentedRaftLogWorker (SegmentedRaftLogWorker.java:<init>(182)) - new 4d40c50f-34df-4d8d-ada3-4ecb2b1f4098@group-DC37525C1773-SegmentedRaftLogWorker for RaftStorageImpl:Storage Directory /home/runner/work/ozone/ozone/hadoop-ozone/integration-test/target/test-dir/MiniOzoneClusterImpl-a1e163cb-5647-48ea-b1dc-b51dce44f61a/datanode-6/data/ratis/8fd58685-d2a7-4c14-9592-dc37525c1773
2021-08-17 11:50:25,139 [pool-901-thread-1] INFO  server.RaftServerConfigKeys (ConfUtils.java:logGet(44)) - raft.server.log.queue.byte-limit = 2147483647 (custom)
2021-08-17 11:50:25,139 [pool-901-thread-1] INFO  server.RaftServerConfigKeys (ConfUtils.java:logGet(44)) - raft.server.log.queue.element-limit = 1024 (custom)
2021-08-17 11:50:25,139 [pool-901-thread-1] INFO  server.RaftServerConfigKeys (ConfUtils.java:logGet(44)) - raft.server.log.segment.size.max = 1048576 (custom)
2021-08-17 11:50:25,139 [pool-901-thread-1] INFO  server.RaftServerConfigKeys (ConfUtils.java:logGet(44)) - raft.server.log.preallocated.size = 16384 (custom)
2021-08-17 11:50:25,139 [pool-901-thread-1] INFO  server.RaftServerConfigKeys (ConfUtils.java:logGet(44)) - raft.server.log.force.sync.num = 128 (default)
2021-08-17 11:50:25,139 [pool-901-thread-1] INFO  server.RaftServerConfigKeys (ConfUtils.java:logGet(44)) - raft.server.log.statemachine.data.sync = true (default)
2021-08-17 11:50:25,139 [pool-901-thread-1] INFO  server.RaftServerConfigKeys (ConfUtils.java:logGet(44)) - raft.server.log.statemachine.data.sync.timeout = 10s (default)
2021-08-17 11:50:25,139 [pool-901-thread-1] INFO  server.RaftServerConfigKeys (ConfUtils.java:logGet(44)) - raft.server.log.statemachine.data.sync.timeout.retry = -1 (default)
2021-08-17 11:50:25,141 [pool-901-thread-1] INFO  server.RaftServerConfigKeys (ConfUtils.java:logGet(44)) - raft.server.log.write.buffer.size = 1048576 (custom)
2021-08-17 11:50:25,141 [Datanode State Machine Thread - 0] WARN  statemachine.StateContext (StateContext.java:execute(621)) - No available thread in pool for past 1 seconds.
2021-08-17 11:50:25,142 [pool-901-thread-1] INFO  server.RaftServerConfigKeys (ConfUtils.java:logGet(44)) - raft.server.log.statemachine.data.caching.enabled = true (custom)
2021-08-17 11:50:25,142 [pool-901-thread-1] INFO  segmented.SegmentedRaftLogWorker (SegmentedRaftLogWorker.java:lambda$new$0(133)) - 4d40c50f-34df-4d8d-ada3-4ecb2b1f4098@group-DC37525C1773-SegmentedRaftLogWorker: flushIndex: setUnconditionally 0 -> -1
2021-08-17 11:50:25,142 [pool-901-thread-1] INFO  segmented.SegmentedRaftLogWorker (SegmentedRaftLogWorker.java:lambda$new$0(133)) - 4d40c50f-34df-4d8d-ada3-4ecb2b1f4098@group-DC37525C1773-SegmentedRaftLogWorker: safeCacheEvictIndex: setUnconditionally 0 -> -1
2021-08-17 11:50:25,149 [EventQueue-OpenPipelineForHealthyPipelineSafeModeRule] INFO  safemode.SCMSafeModeManager (HealthyPipelineSafeModeRule.java:process(124)) - SCM in safe mode. Healthy pipelines reported count is 0, required healthy pipeline reported count is 1
2021-08-17 11:50:25,197 [pool-901-thread-1] INFO  server.RaftServerConfigKeys (ConfUtils.java:logGet(44)) - raft.server.snapshot.auto.trigger.enabled = true (custom)
2021-08-17 11:50:25,197 [pool-901-thread-1] INFO  server.RaftServerConfigKeys (ConfUtils.java:logGet(44)) - raft.server.snapshot.auto.trigger.threshold = 10000 (custom)
2021-08-17 11:50:25,197 [pool-901-thread-1] INFO  server.RaftServerConfigKeys (ConfUtils.java:logGet(44)) - raft.server.snapshot.retention.file.num = 5 (custom)
2021-08-17 11:50:25,197 [pool-901-thread-1] INFO  server.RaftServerConfigKeys (ConfUtils.java:logGet(44)) - raft.server.log.purge.upto.snapshot.index = false (default)
2021-08-17 11:50:25,197 [pool-901-thread-1] INFO  server.RaftServerConfigKeys (ConfUtils.java:logGet(44)) - raft.server.retrycache.expirytime = 600000ms (custom)
2021-08-17 11:50:25,197 [pool-901-thread-1] INFO  server.RaftServerConfigKeys (ConfUtils.java:logGet(44)) - raft.server.retrycache.statistics.expirytime = 100μs (default)
2021-08-17 11:50:25,199 [pool-901-thread-1] INFO  server.RaftServer$Division (RaftServerImpl.java:start(296)) - 4d40c50f-34df-4d8d-ada3-4ecb2b1f4098@group-DC37525C1773: start as a follower, conf=-1: [c2837b3a-083f-4317-9098-ed9e2645ea67|rpc:10.1.0.37:40281|dataStream:|priority:0, b04f16c0-2a60-4c52-b6a0-e9a8376fd099|rpc:10.1.0.37:38575|dataStream:|priority:0, 4d40c50f-34df-4d8d-ada3-4ecb2b1f4098|rpc:10.1.0.37:38377|dataStream:|priority:1], old=null
2021-08-17 11:50:25,199 [pool-901-thread-1] INFO  server.RaftServer$Division (RaftServerImpl.java:setRole(285)) - 4d40c50f-34df-4d8d-ada3-4ecb2b1f4098@group-DC37525C1773: changes role from      null to FOLLOWER at term 0 for startAsFollower
2021-08-17 11:50:25,200 [pool-901-thread-1] INFO  impl.RoleInfo (RoleInfo.java:updateAndGet(130)) - 4d40c50f-34df-4d8d-ada3-4ecb2b1f4098: start 4d40c50f-34df-4d8d-ada3-4ecb2b1f4098@group-DC37525C1773-FollowerState
2021-08-17 11:50:25,210 [Listener at 127.0.0.1/40861] INFO  ozone.MiniOzoneClusterImpl (MiniOzoneClusterImpl.java:lambda$waitForClusterToBeReady$0(235)) - Nodes are ready. Got 9 of 9 DN Heartbeats.
2021-08-17 11:50:25,211 [Listener at 127.0.0.1/40861] INFO  ozone.MiniOzoneClusterImpl (MiniOzoneClusterImpl.java:lambda$waitForClusterToBeReady$0(238)) - Waiting for cluster to exit safe mode
2021-08-17 11:50:25,211 [Listener at 127.0.0.1/40861] INFO  ozone.MiniOzoneClusterImpl (MiniOzoneClusterImpl.java:lambda$waitForClusterToBeReady$0(240)) - SCM became leader
2021-08-17 11:50:25,224 [pool-901-thread-1] INFO  util.JmxRegister (JmxRegister.java:tryRegister(44)) - Successfully registered JMX Bean with object name Ratis:service=RaftServer,group=group-DC37525C1773,id=4d40c50f-34df-4d8d-ada3-4ecb2b1f4098
2021-08-17 11:50:25,260 [Command processor thread] INFO  commandhandler.CreatePipelineCommandHandler (CreatePipelineCommandHandler.java:handle(106)) - Created Pipeline RATIS THREE PipelineID=8fd58685-d2a7-4c14-9592-dc37525c1773.
2021-08-17 11:50:25,588 [c0cb38e9-ad72-45c7-87a7-238cd12f7624@group-CBB5281FFC6F-FollowerState] INFO  impl.FollowerState (FollowerState.java:run(134)) - c0cb38e9-ad72-45c7-87a7-238cd12f7624@group-CBB5281FFC6F-FollowerState: change to CANDIDATE, lastRpcElapsedTime:5008143308ns, electionTimeout:5006ms
2021-08-17 11:50:25,588 [c0cb38e9-ad72-45c7-87a7-238cd12f7624@group-CBB5281FFC6F-FollowerState] INFO  impl.RoleInfo (RoleInfo.java:shutdownFollowerState(108)) - c0cb38e9-ad72-45c7-87a7-238cd12f7624: shutdown c0cb38e9-ad72-45c7-87a7-238cd12f7624@group-CBB5281FFC6F-FollowerState
2021-08-17 11:50:25,588 [c0cb38e9-ad72-45c7-87a7-238cd12f7624@group-CBB5281FFC6F-FollowerState] INFO  server.RaftServer$Division (RaftServerImpl.java:setRole(285)) - c0cb38e9-ad72-45c7-87a7-238cd12f7624@group-CBB5281FFC6F: changes role from  FOLLOWER to CANDIDATE at term 0 for changeToCandidate
2021-08-17 11:50:25,601 [c0cb38e9-ad72-45c7-87a7-238cd12f7624@group-CBB5281FFC6F-FollowerState] INFO  server.RaftServerConfigKeys (ConfUtils.java:logGet(44)) - raft.server.leaderelection.pre-vote = false (custom)
2021-08-17 11:50:25,601 [c0cb38e9-ad72-45c7-87a7-238cd12f7624@group-CBB5281FFC6F-FollowerState] INFO  impl.RoleInfo (RoleInfo.java:updateAndGet(130)) - c0cb38e9-ad72-45c7-87a7-238cd12f7624: start c0cb38e9-ad72-45c7-87a7-238cd12f7624@group-CBB5281FFC6F-LeaderElection70
2021-08-17 11:50:25,689 [c0cb38e9-ad72-45c7-87a7-238cd12f7624@group-CBB5281FFC6F-LeaderElection70] INFO  impl.LeaderElection (LeaderElection.java:askForVotes(306)) - c0cb38e9-ad72-45c7-87a7-238cd12f7624@group-CBB5281FFC6F-LeaderElection70 ELECTION round 0: submit vote requests at term 1 for -1: [c0cb38e9-ad72-45c7-87a7-238cd12f7624|rpc:10.1.0.37:45031|priority:1], old=null
2021-08-17 11:50:25,689 [c0cb38e9-ad72-45c7-87a7-238cd12f7624@group-CBB5281FFC6F-LeaderElection70] INFO  impl.LeaderElection (LeaderElection.java:askForVotes(308)) - c0cb38e9-ad72-45c7-87a7-238cd12f7624@group-CBB5281FFC6F-LeaderElection70 ELECTION round 0: result PASSED (term=1)
2021-08-17 11:50:25,689 [c0cb38e9-ad72-45c7-87a7-238cd12f7624@group-CBB5281FFC6F-LeaderElection70] INFO  impl.RoleInfo (RoleInfo.java:shutdownLeaderElection(121)) - c0cb38e9-ad72-45c7-87a7-238cd12f7624: shutdown c0cb38e9-ad72-45c7-87a7-238cd12f7624@group-CBB5281FFC6F-LeaderElection70
2021-08-17 11:50:25,689 [c0cb38e9-ad72-45c7-87a7-238cd12f7624@group-CBB5281FFC6F-LeaderElection70] INFO  server.RaftServer$Division (RaftServerImpl.java:setRole(285)) - c0cb38e9-ad72-45c7-87a7-238cd12f7624@group-CBB5281FFC6F: changes role from CANDIDATE to LEADER at term 1 for changeToLeader
2021-08-17 11:50:25,689 [c0cb38e9-ad72-45c7-87a7-238cd12f7624@group-CBB5281FFC6F-LeaderElection70] INFO  ratis.XceiverServerRatis (XceiverServerRatis.java:handleLeaderChangedNotification(861)) - Leader change notification received for group: group-CBB5281FFC6F with new leaderId: c0cb38e9-ad72-45c7-87a7-238cd12f7624
2021-08-17 11:50:25,689 [c0cb38e9-ad72-45c7-87a7-238cd12f7624@group-CBB5281FFC6F-LeaderElection70] INFO  server.RaftServer$Division (ServerState.java:setLeader(285)) - c0cb38e9-ad72-45c7-87a7-238cd12f7624@group-CBB5281FFC6F: change Leader from null to c0cb38e9-ad72-45c7-87a7-238cd12f7624 at term 1 for becomeLeader, leader elected after 5116ms
2021-08-17 11:50:25,689 [c0cb38e9-ad72-45c7-87a7-238cd12f7624@group-CBB5281FFC6F-LeaderElection70] INFO  server.RaftServerConfigKeys (ConfUtils.java:logGet(44)) - raft.server.staging.catchup.gap = 1000 (default)
2021-08-17 11:50:25,689 [c0cb38e9-ad72-45c7-87a7-238cd12f7624@group-CBB5281FFC6F-LeaderElection70] INFO  server.RaftServerConfigKeys (ConfUtils.java:logGet(44)) - raft.server.write.element-limit = 1024 (custom)
2021-08-17 11:50:25,690 [c0cb38e9-ad72-45c7-87a7-238cd12f7624@group-CBB5281FFC6F-LeaderElection70] INFO  server.RaftServerConfigKeys (ConfUtils.java:logGet(44)) - raft.server.write.byte-limit = 1024 M (=1073741824) (custom)
2021-08-17 11:50:25,690 [c0cb38e9-ad72-45c7-87a7-238cd12f7624@group-CBB5281FFC6F-LeaderElection70] INFO  server.RaftServerConfigKeys (ConfUtils.java:logGet(44)) - raft.server.watch.timeout = 3000ms (custom)
2021-08-17 11:50:25,690 [c0cb38e9-ad72-45c7-87a7-238cd12f7624@group-CBB5281FFC6F-LeaderElection70] INFO  server.RaftServerConfigKeys (ConfUtils.java:logGet(44)) - raft.server.watch.timeout.denomination = 1s (default)
2021-08-17 11:50:25,690 [c0cb38e9-ad72-45c7-87a7-238cd12f7624@group-CBB5281FFC6F-LeaderElection70] INFO  server.RaftServerConfigKeys (ConfUtils.java:logGet(44)) - raft.server.watch.element-limit = 65536 (default)
2021-08-17 11:50:25,690 [c0cb38e9-ad72-45c7-87a7-238cd12f7624@group-CBB5281FFC6F-LeaderElection70] INFO  impl.RoleInfo (RoleInfo.java:updateAndGet(130)) - c0cb38e9-ad72-45c7-87a7-238cd12f7624: start c0cb38e9-ad72-45c7-87a7-238cd12f7624@group-CBB5281FFC6F-LeaderStateImpl
2021-08-17 11:50:25,691 [c0cb38e9-ad72-45c7-87a7-238cd12f7624@group-CBB5281FFC6F-LeaderElection70] INFO  segmented.SegmentedRaftLogWorker (SegmentedRaftLogWorker.java:startLogSegment(394)) - c0cb38e9-ad72-45c7-87a7-238cd12f7624@group-CBB5281FFC6F-SegmentedRaftLogWorker: Starting segment from index:0
2021-08-17 11:50:25,697 [c0cb38e9-ad72-45c7-87a7-238cd12f7624@group-CBB5281FFC6F-SegmentedRaftLogWorker] INFO  segmented.SegmentedRaftLogWorker (SegmentedRaftLogWorker.java:execute(601)) - c0cb38e9-ad72-45c7-87a7-238cd12f7624@group-CBB5281FFC6F-SegmentedRaftLogWorker: created new log segment /home/runner/work/ozone/ozone/hadoop-ozone/integration-test/target/test-dir/MiniOzoneClusterImpl-a1e163cb-5647-48ea-b1dc-b51dce44f61a/datanode-3/data/ratis/b46231f7-c763-4fe7-b17b-cbb5281ffc6f/current/log_inprogress_0
2021-08-17 11:50:25,716 [c0cb38e9-ad72-45c7-87a7-238cd12f7624@group-CBB5281FFC6F-LeaderElection70] INFO  server.RaftServer$Division (ServerState.java:setRaftConf(387)) - c0cb38e9-ad72-45c7-87a7-238cd12f7624@group-CBB5281FFC6F: set configuration 0: [c0cb38e9-ad72-45c7-87a7-238cd12f7624|rpc:10.1.0.37:45031|dataStream:|priority:1], old=null
2021-08-17 11:50:25,729 [EventQueue-OpenPipelineForHealthyPipelineSafeModeRule] INFO  safemode.SCMSafeModeManager (HealthyPipelineSafeModeRule.java:process(124)) - SCM in safe mode. Healthy pipelines reported count is 0, required healthy pipeline reported count is 1
2021-08-17 11:50:25,749 [c0cb38e9-ad72-45c7-87a7-238cd12f7624@group-24113E272142-FollowerState] INFO  impl.FollowerState (FollowerState.java:run(134)) - c0cb38e9-ad72-45c7-87a7-238cd12f7624@group-24113E272142-FollowerState: change to CANDIDATE, lastRpcElapsedTime:5101061085ns, electionTimeout:5098ms
2021-08-17 11:50:25,749 [c0cb38e9-ad72-45c7-87a7-238cd12f7624@group-24113E272142-FollowerState] INFO  impl.RoleInfo (RoleInfo.java:shutdownFollowerState(108)) - c0cb38e9-ad72-45c7-87a7-238cd12f7624: shutdown c0cb38e9-ad72-45c7-87a7-238cd12f7624@group-24113E272142-FollowerState
2021-08-17 11:50:25,749 [c0cb38e9-ad72-45c7-87a7-238cd12f7624@group-24113E272142-FollowerState] INFO  server.RaftServer$Division (RaftServerImpl.java:setRole(285)) - c0cb38e9-ad72-45c7-87a7-238cd12f7624@group-24113E272142: changes role from  FOLLOWER to CANDIDATE at term 0 for changeToCandidate
2021-08-17 11:50:25,749 [c0cb38e9-ad72-45c7-87a7-238cd12f7624@group-24113E272142-FollowerState] INFO  server.RaftServerConfigKeys (ConfUtils.java:logGet(44)) - raft.server.leaderelection.pre-vote = false (custom)
2021-08-17 11:50:25,749 [c0cb38e9-ad72-45c7-87a7-238cd12f7624@group-24113E272142-FollowerState] INFO  impl.RoleInfo (RoleInfo.java:updateAndGet(130)) - c0cb38e9-ad72-45c7-87a7-238cd12f7624: start c0cb38e9-ad72-45c7-87a7-238cd12f7624@group-24113E272142-LeaderElection71
2021-08-17 11:50:25,833 [c0cb38e9-ad72-45c7-87a7-238cd12f7624@group-24113E272142-LeaderElection71] INFO  impl.LeaderElection (LeaderElection.java:askForVotes(306)) - c0cb38e9-ad72-45c7-87a7-238cd12f7624@group-24113E272142-LeaderElection71 ELECTION round 0: submit vote requests at term 1 for -1: [e067f3b0-4632-4f84-b71c-08c70f7756fb|rpc:10.1.0.37:40437|priority:0, c0cb38e9-ad72-45c7-87a7-238cd12f7624|rpc:10.1.0.37:45031|priority:0, ce9e4e21-b8b3-47e8-a05b-7ed0cb4ed4d0|rpc:10.1.0.37:42995|priority:1], old=null
2021-08-17 11:50:25,890 [grpc-default-executor-1] INFO  server.RaftServer$Division (RaftServerImpl.java:requestVote(1043)) - e067f3b0-4632-4f84-b71c-08c70f7756fb@group-24113E272142: receive requestVote(ELECTION, c0cb38e9-ad72-45c7-87a7-238cd12f7624, group-24113E272142, 1, (t:0, i:0))
2021-08-17 11:50:25,890 [grpc-default-executor-1] INFO  impl.VoteContext (VoteContext.java:log(48)) - e067f3b0-4632-4f84-b71c-08c70f7756fb@group-24113E272142-FOLLOWER: accept ELECTION from c0cb38e9-ad72-45c7-87a7-238cd12f7624: our priority 0 <= candidate's priority 0
2021-08-17 11:50:25,890 [grpc-default-executor-1] INFO  server.RaftServer$Division (RaftServerImpl.java:setRole(285)) - e067f3b0-4632-4f84-b71c-08c70f7756fb@group-24113E272142: changes role from  FOLLOWER to FOLLOWER at term 1 for candidate:c0cb38e9-ad72-45c7-87a7-238cd12f7624
2021-08-17 11:50:25,890 [grpc-default-executor-1] INFO  impl.RoleInfo (RoleInfo.java:shutdownFollowerState(108)) - e067f3b0-4632-4f84-b71c-08c70f7756fb: shutdown e067f3b0-4632-4f84-b71c-08c70f7756fb@group-24113E272142-FollowerState
2021-08-17 11:50:25,891 [grpc-default-executor-1] INFO  impl.RoleInfo (RoleInfo.java:updateAndGet(130)) - e067f3b0-4632-4f84-b71c-08c70f7756fb: start e067f3b0-4632-4f84-b71c-08c70f7756fb@group-24113E272142-FollowerState
2021-08-17 11:50:25,891 [e067f3b0-4632-4f84-b71c-08c70f7756fb@group-24113E272142-FollowerState] INFO  impl.FollowerState (FollowerState.java:run(143)) - e067f3b0-4632-4f84-b71c-08c70f7756fb@group-24113E272142-FollowerState was interrupted: {}
java.lang.InterruptedException: sleep interrupted
	at java.lang.Thread.sleep(Native Method)
	at java.lang.Thread.sleep(Thread.java:340)
	at java.util.concurrent.TimeUnit.sleep(TimeUnit.java:386)
	at org.apache.ratis.util.TimeDuration.sleep(TimeDuration.java:324)
	at org.apache.ratis.util.TimeDuration.sleep(TimeDuration.java:309)
	at org.apache.ratis.server.impl.FollowerState.run(FollowerState.java:118)
2021-08-17 11:50:25,901 [grpc-default-executor-1] INFO  server.RaftServer$Division (RaftServerImpl.java:requestVote(1075)) - e067f3b0-4632-4f84-b71c-08c70f7756fb@group-24113E272142 replies to ELECTION vote request: c0cb38e9-ad72-45c7-87a7-238cd12f7624<-e067f3b0-4632-4f84-b71c-08c70f7756fb#0:OK-t1. Peer's state: e067f3b0-4632-4f84-b71c-08c70f7756fb@group-24113E272142:t1, leader=null, voted=c0cb38e9-ad72-45c7-87a7-238cd12f7624, raftlog=e067f3b0-4632-4f84-b71c-08c70f7756fb@group-24113E272142-SegmentedRaftLog:OPENED:c-1,f-1,i0, conf=-1: [e067f3b0-4632-4f84-b71c-08c70f7756fb|rpc:10.1.0.37:40437|dataStream:|priority:0, c0cb38e9-ad72-45c7-87a7-238cd12f7624|rpc:10.1.0.37:45031|dataStream:|priority:0, ce9e4e21-b8b3-47e8-a05b-7ed0cb4ed4d0|rpc:10.1.0.37:42995|dataStream:|priority:1], old=null
2021-08-17 11:50:25,969 [grpc-default-executor-1] INFO  server.RaftServer$Division (RaftServerImpl.java:requestVote(1043)) - ce9e4e21-b8b3-47e8-a05b-7ed0cb4ed4d0@group-24113E272142: receive requestVote(ELECTION, c0cb38e9-ad72-45c7-87a7-238cd12f7624, group-24113E272142, 1, (t:0, i:0))
2021-08-17 11:50:25,969 [grpc-default-executor-1] INFO  impl.VoteContext (VoteContext.java:log(48)) - ce9e4e21-b8b3-47e8-a05b-7ed0cb4ed4d0@group-24113E272142-FOLLOWER: reject ELECTION from c0cb38e9-ad72-45c7-87a7-238cd12f7624: our priority 1 > candidate's priority 0
2021-08-17 11:50:25,969 [grpc-default-executor-1] INFO  server.RaftServer$Division (RaftServerImpl.java:setRole(285)) - ce9e4e21-b8b3-47e8-a05b-7ed0cb4ed4d0@group-24113E272142: changes role from  FOLLOWER to FOLLOWER at term 1 for candidate:c0cb38e9-ad72-45c7-87a7-238cd12f7624
2021-08-17 11:50:25,969 [grpc-default-executor-1] INFO  impl.RoleInfo (RoleInfo.java:shutdownFollowerState(108)) - ce9e4e21-b8b3-47e8-a05b-7ed0cb4ed4d0: shutdown ce9e4e21-b8b3-47e8-a05b-7ed0cb4ed4d0@group-24113E272142-FollowerState
2021-08-17 11:50:25,969 [grpc-default-executor-1] INFO  impl.RoleInfo (RoleInfo.java:updateAndGet(130)) - ce9e4e21-b8b3-47e8-a05b-7ed0cb4ed4d0: start ce9e4e21-b8b3-47e8-a05b-7ed0cb4ed4d0@group-24113E272142-FollowerState
2021-08-17 11:50:25,971 [grpc-default-executor-1] INFO  server.RaftServer$Division (RaftServerImpl.java:requestVote(1075)) - ce9e4e21-b8b3-47e8-a05b-7ed0cb4ed4d0@group-24113E272142 replies to ELECTION vote request: c0cb38e9-ad72-45c7-87a7-238cd12f7624<-ce9e4e21-b8b3-47e8-a05b-7ed0cb4ed4d0#0:FAIL-t1. Peer's state: ce9e4e21-b8b3-47e8-a05b-7ed0cb4ed4d0@group-24113E272142:t1, leader=null, voted=null, raftlog=ce9e4e21-b8b3-47e8-a05b-7ed0cb4ed4d0@group-24113E272142-SegmentedRaftLog:OPENED:c-1,f-1,i0, conf=-1: [e067f3b0-4632-4f84-b71c-08c70f7756fb|rpc:10.1.0.37:40437|dataStream:|priority:0, c0cb38e9-ad72-45c7-87a7-238cd12f7624|rpc:10.1.0.37:45031|dataStream:|priority:0, ce9e4e21-b8b3-47e8-a05b-7ed0cb4ed4d0|rpc:10.1.0.37:42995|dataStream:|priority:1], old=null
2021-08-17 11:50:26,006 [ce9e4e21-b8b3-47e8-a05b-7ed0cb4ed4d0@group-24113E272142-FollowerState] INFO  impl.FollowerState (FollowerState.java:run(143)) - ce9e4e21-b8b3-47e8-a05b-7ed0cb4ed4d0@group-24113E272142-FollowerState was interrupted: {}
java.lang.InterruptedException: sleep interrupted
	at java.lang.Thread.sleep(Native Method)
	at java.lang.Thread.sleep(Thread.java:340)
	at java.util.concurrent.TimeUnit.sleep(TimeUnit.java:386)
	at org.apache.ratis.util.TimeDuration.sleep(TimeDuration.java:324)
	at org.apache.ratis.util.TimeDuration.sleep(TimeDuration.java:309)
	at org.apache.ratis.server.impl.FollowerState.run(FollowerState.java:118)
2021-08-17 11:50:26,007 [c0cb38e9-ad72-45c7-87a7-238cd12f7624@group-24113E272142-LeaderElection71] INFO  impl.LeaderElection (LeaderElection.java:logAndReturn(89)) - c0cb38e9-ad72-45c7-87a7-238cd12f7624@group-24113E272142-LeaderElection71: ELECTION REJECTED received 2 response(s) and 0 exception(s):
2021-08-17 11:50:26,007 [c0cb38e9-ad72-45c7-87a7-238cd12f7624@group-24113E272142-LeaderElection71] INFO  impl.LeaderElection (LeaderElection.java:logAndReturn(93)) -   Response 0: c0cb38e9-ad72-45c7-87a7-238cd12f7624<-e067f3b0-4632-4f84-b71c-08c70f7756fb#0:OK-t1
2021-08-17 11:50:26,007 [c0cb38e9-ad72-45c7-87a7-238cd12f7624@group-24113E272142-LeaderElection71] INFO  impl.LeaderElection (LeaderElection.java:logAndReturn(93)) -   Response 1: c0cb38e9-ad72-45c7-87a7-238cd12f7624<-ce9e4e21-b8b3-47e8-a05b-7ed0cb4ed4d0#0:FAIL-t1
2021-08-17 11:50:26,007 [c0cb38e9-ad72-45c7-87a7-238cd12f7624@group-24113E272142-LeaderElection71] INFO  impl.LeaderElection (LeaderElection.java:askForVotes(308)) - c0cb38e9-ad72-45c7-87a7-238cd12f7624@group-24113E272142-LeaderElection71 ELECTION round 0: result REJECTED
2021-08-17 11:50:26,007 [c0cb38e9-ad72-45c7-87a7-238cd12f7624@group-24113E272142-LeaderElection71] INFO  server.RaftServer$Division (RaftServerImpl.java:setRole(285)) - c0cb38e9-ad72-45c7-87a7-238cd12f7624@group-24113E272142: changes role from CANDIDATE to FOLLOWER at term 1 for REJECTED
2021-08-17 11:50:26,007 [c0cb38e9-ad72-45c7-87a7-238cd12f7624@group-24113E272142-LeaderElection71] INFO  impl.RoleInfo (RoleInfo.java:shutdownLeaderElection(121)) - c0cb38e9-ad72-45c7-87a7-238cd12f7624: shutdown c0cb38e9-ad72-45c7-87a7-238cd12f7624@group-24113E272142-LeaderElection71
2021-08-17 11:50:26,007 [c0cb38e9-ad72-45c7-87a7-238cd12f7624@group-24113E272142-LeaderElection71] INFO  impl.RoleInfo (RoleInfo.java:updateAndGet(130)) - c0cb38e9-ad72-45c7-87a7-238cd12f7624: start c0cb38e9-ad72-45c7-87a7-238cd12f7624@group-24113E272142-FollowerState
2021-08-17 11:50:26,211 [Listener at 127.0.0.1/40861] INFO  ozone.MiniOzoneClusterImpl (MiniOzoneClusterImpl.java:lambda$waitForClusterToBeReady$0(235)) - Nodes are ready. Got 9 of 9 DN Heartbeats.
2021-08-17 11:50:26,211 [Listener at 127.0.0.1/40861] INFO  ozone.MiniOzoneClusterImpl (MiniOzoneClusterImpl.java:lambda$waitForClusterToBeReady$0(238)) - Waiting for cluster to exit safe mode
2021-08-17 11:50:26,211 [Listener at 127.0.0.1/40861] INFO  ozone.MiniOzoneClusterImpl (MiniOzoneClusterImpl.java:lambda$waitForClusterToBeReady$0(240)) - SCM became leader
2021-08-17 11:50:26,305 [Command processor thread] INFO  server.RaftServer (RaftServerProxy.java:addNew(95)) - c2837b3a-083f-4317-9098-ed9e2645ea67: addNew group-E1A33DFF2F97:[c2837b3a-083f-4317-9098-ed9e2645ea67|rpc:10.1.0.37:40281|priority:1] returns group-E1A33DFF2F97:java.util.concurrent.CompletableFuture@17c04ca6[Not completed]
2021-08-17 11:50:26,305 [pool-944-thread-1] INFO  server.RaftServer$Division (RaftServerImpl.java:<init>(181)) - c2837b3a-083f-4317-9098-ed9e2645ea67: new RaftServerImpl for group-E1A33DFF2F97:[c2837b3a-083f-4317-9098-ed9e2645ea67|rpc:10.1.0.37:40281|priority:1] with ContainerStateMachine:uninitialized
2021-08-17 11:50:26,306 [pool-944-thread-1] INFO  server.RaftServerConfigKeys (ConfUtils.java:logGet(44)) - raft.server.rpc.timeout.min = 5s (custom)
2021-08-17 11:50:26,306 [pool-944-thread-1] INFO  server.RaftServerConfigKeys (ConfUtils.java:logGet(44)) - raft.server.rpc.timeout.max = 5200ms (custom)
2021-08-17 11:50:26,306 [pool-944-thread-1] INFO  server.RaftServerConfigKeys (ConfUtils.java:logGet(44)) - raft.server.rpc.sleep.time = 25ms (default)
2021-08-17 11:50:26,306 [pool-944-thread-1] INFO  server.RaftServerConfigKeys (ConfUtils.java:logGet(44)) - raft.server.rpc.slowness.timeout = 300000ms (custom)
2021-08-17 11:50:26,306 [pool-944-thread-1] INFO  server.RaftServerConfigKeys (ConfUtils.java:logGet(44)) - raft.server.leaderelection.leader.step-down.wait-time = 10s (default)
2021-08-17 11:50:26,306 [pool-944-thread-1] INFO  server.RaftServerConfigKeys (ConfUtils.java:logGet(44)) - raft.server.sleep.deviation.threshold = 300ms (default)
2021-08-17 11:50:26,306 [pool-944-thread-1] INFO  server.RaftServerConfigKeys (ConfUtils.java:logGet(44)) - raft.server.log.appender.install.snapshot.enabled = false (custom)
2021-08-17 11:50:26,306 [pool-944-thread-1] INFO  server.RaftServer$Division (ServerState.java:<init>(105)) - c2837b3a-083f-4317-9098-ed9e2645ea67@group-E1A33DFF2F97: ConfigurationManager, init=-1: [c2837b3a-083f-4317-9098-ed9e2645ea67|rpc:10.1.0.37:40281|priority:1], old=null, confs=<EMPTY_MAP>
2021-08-17 11:50:26,306 [pool-944-thread-1] INFO  server.RaftServerConfigKeys (ConfUtils.java:logGet(44)) - raft.server.storage.dir = [/home/runner/work/ozone/ozone/hadoop-ozone/integration-test/target/test-dir/MiniOzoneClusterImpl-a1e163cb-5647-48ea-b1dc-b51dce44f61a/datanode-8/data/ratis] (custom)
2021-08-17 11:50:26,306 [pool-944-thread-1] INFO  server.RaftServerConfigKeys (ConfUtils.java:logGet(44)) - raft.server.log.corruption.policy = EXCEPTION (default)
2021-08-17 11:50:26,306 [pool-944-thread-1] INFO  server.RaftServerConfigKeys (ConfUtils.java:logGet(44)) - raft.server.storage.free-space.min = 0MB (=0) (default)
2021-08-17 11:50:26,306 [pool-944-thread-1] INFO  storage.RaftStorageDirectory (RaftStorageDirectoryImpl.java:analyzeStorage(135)) - The storage directory /home/runner/work/ozone/ozone/hadoop-ozone/integration-test/target/test-dir/MiniOzoneClusterImpl-a1e163cb-5647-48ea-b1dc-b51dce44f61a/datanode-8/data/ratis/e6cd0a89-06d9-4522-8ed4-e1a33dff2f97 does not exist. Creating ...
2021-08-17 11:50:26,310 [pool-944-thread-1] INFO  storage.RaftStorageDirectory (RaftStorageDirectoryImpl.java:tryLock(230)) - Lock on /home/runner/work/ozone/ozone/hadoop-ozone/integration-test/target/test-dir/MiniOzoneClusterImpl-a1e163cb-5647-48ea-b1dc-b51dce44f61a/datanode-8/data/ratis/e6cd0a89-06d9-4522-8ed4-e1a33dff2f97/in_use.lock acquired by nodename 3236@fv-az297-666
2021-08-17 11:50:26,311 [pool-944-thread-1] INFO  storage.RaftStorage (RaftStorageImpl.java:format(89)) - Storage directory /home/runner/work/ozone/ozone/hadoop-ozone/integration-test/target/test-dir/MiniOzoneClusterImpl-a1e163cb-5647-48ea-b1dc-b51dce44f61a/datanode-8/data/ratis/e6cd0a89-06d9-4522-8ed4-e1a33dff2f97 has been successfully formatted.
2021-08-17 11:50:26,311 [pool-944-thread-1] INFO  ratis.ContainerStateMachine (ContainerStateMachine.java:loadSnapshot(225)) - group-E1A33DFF2F97: The snapshot info is null. Setting the last applied indexto:(t:0, i:~)
2021-08-17 11:50:26,367 [pool-944-thread-1] INFO  server.RaftServerConfigKeys (ConfUtils.java:logGet(44)) - raft.server.notification.no-leader.timeout = 300000ms (custom)
2021-08-17 11:50:26,367 [pool-944-thread-1] INFO  server.RaftServerConfigKeys (ConfUtils.java:logGet(44)) - raft.server.log.use.memory = false (default)
2021-08-17 11:50:26,367 [pool-944-thread-1] INFO  server.RaftServerConfigKeys (ConfUtils.java:logGet(44)) - raft.server.log.purge.gap = 1000000 (custom)
2021-08-17 11:50:26,367 [pool-944-thread-1] INFO  server.RaftServerConfigKeys (ConfUtils.java:logGet(44)) - raft.server.log.appender.buffer.byte-limit = 33554432 (custom)
2021-08-17 11:50:26,367 [pool-944-thread-1] INFO  server.RaftServerConfigKeys (ConfUtils.java:logGet(44)) - raft.server.log.segment.size.max = 1048576 (custom)
2021-08-17 11:50:26,368 [pool-944-thread-1] INFO  server.RaftServerConfigKeys (ConfUtils.java:logGet(44)) - raft.server.log.segment.cache.num.max = 2 (custom)
2021-08-17 11:50:26,368 [pool-944-thread-1] INFO  server.RaftServerConfigKeys (ConfUtils.java:logGet(44)) - raft.server.log.segment.cache.size.max = 200MB (=209715200) (default)
2021-08-17 11:50:26,368 [pool-944-thread-1] INFO  segmented.SegmentedRaftLogWorker (SegmentedRaftLogWorker.java:<init>(182)) - new c2837b3a-083f-4317-9098-ed9e2645ea67@group-E1A33DFF2F97-SegmentedRaftLogWorker for RaftStorageImpl:Storage Directory /home/runner/work/ozone/ozone/hadoop-ozone/integration-test/target/test-dir/MiniOzoneClusterImpl-a1e163cb-5647-48ea-b1dc-b51dce44f61a/datanode-8/data/ratis/e6cd0a89-06d9-4522-8ed4-e1a33dff2f97
2021-08-17 11:50:26,368 [pool-944-thread-1] INFO  server.RaftServerConfigKeys (ConfUtils.java:logGet(44)) - raft.server.log.queue.byte-limit = 2147483647 (custom)
2021-08-17 11:50:26,368 [pool-944-thread-1] INFO  server.RaftServerConfigKeys (ConfUtils.java:logGet(44)) - raft.server.log.queue.element-limit = 1024 (custom)
2021-08-17 11:50:26,368 [pool-944-thread-1] INFO  server.RaftServerConfigKeys (ConfUtils.java:logGet(44)) - raft.server.log.segment.size.max = 1048576 (custom)
2021-08-17 11:50:26,368 [pool-944-thread-1] INFO  server.RaftServerConfigKeys (ConfUtils.java:logGet(44)) - raft.server.log.preallocated.size = 16384 (custom)
2021-08-17 11:50:26,368 [pool-944-thread-1] INFO  server.RaftServerConfigKeys (ConfUtils.java:logGet(44)) - raft.server.log.force.sync.num = 128 (default)
2021-08-17 11:50:26,368 [pool-944-thread-1] INFO  server.RaftServerConfigKeys (ConfUtils.java:logGet(44)) - raft.server.log.statemachine.data.sync = true (default)
2021-08-17 11:50:26,368 [pool-944-thread-1] INFO  server.RaftServerConfigKeys (ConfUtils.java:logGet(44)) - raft.server.log.statemachine.data.sync.timeout = 10s (default)
2021-08-17 11:50:26,368 [pool-944-thread-1] INFO  server.RaftServerConfigKeys (ConfUtils.java:logGet(44)) - raft.server.log.statemachine.data.sync.timeout.retry = -1 (default)
2021-08-17 11:50:26,369 [Datanode State Machine Thread - 0] WARN  statemachine.StateContext (StateContext.java:execute(621)) - No available thread in pool for past 1 seconds.
2021-08-17 11:50:26,370 [EventQueue-PipelineReportForPipelineReportHandler] INFO  pipeline.PipelineManagerImpl (PipelineManagerImpl.java:openPipeline(283)) - Pipeline Pipeline[ Id: e6cd0a89-06d9-4522-8ed4-e1a33dff2f97, Nodes: c2837b3a-083f-4317-9098-ed9e2645ea67{ip: 10.1.0.37, host: fv-az297-666.nmf1rxwemy4u5di1sxxf4ejcwb.jx.internal.cloudapp.net, ports: [REPLICATION=37993, RATIS=40281, RATIS_ADMIN=40281, RATIS_SERVER=40281, STANDALONE=39423], networkLocation: /default-rack, certSerialId: null, persistedOpState: IN_SERVICE, persistedOpStateExpiryEpochSec: 0}, ReplicationConfig: RATIS/ONE, State:ALLOCATED, leaderId:c2837b3a-083f-4317-9098-ed9e2645ea67, CreationTimestamp2021-08-17T11:50:23.310Z[Etc/UTC]] moved to OPEN state
2021-08-17 11:50:26,370 [EventQueue-OpenPipelineForHealthyPipelineSafeModeRule] INFO  safemode.SCMSafeModeManager (HealthyPipelineSafeModeRule.java:process(124)) - SCM in safe mode. Healthy pipelines reported count is 0, required healthy pipeline reported count is 1
2021-08-17 11:50:26,371 [pool-944-thread-1] INFO  server.RaftServerConfigKeys (ConfUtils.java:logGet(44)) - raft.server.log.write.buffer.size = 1048576 (custom)
2021-08-17 11:50:26,377 [pool-944-thread-1] INFO  server.RaftServerConfigKeys (ConfUtils.java:logGet(44)) - raft.server.log.statemachine.data.caching.enabled = true (custom)
2021-08-17 11:50:26,378 [pool-944-thread-1] INFO  segmented.SegmentedRaftLogWorker (SegmentedRaftLogWorker.java:lambda$new$0(133)) - c2837b3a-083f-4317-9098-ed9e2645ea67@group-E1A33DFF2F97-SegmentedRaftLogWorker: flushIndex: setUnconditionally 0 -> -1
2021-08-17 11:50:26,378 [pool-944-thread-1] INFO  segmented.SegmentedRaftLogWorker (SegmentedRaftLogWorker.java:lambda$new$0(133)) - c2837b3a-083f-4317-9098-ed9e2645ea67@group-E1A33DFF2F97-SegmentedRaftLogWorker: safeCacheEvictIndex: setUnconditionally 0 -> -1
2021-08-17 11:50:26,393 [pool-944-thread-1] INFO  server.RaftServerConfigKeys (ConfUtils.java:logGet(44)) - raft.server.snapshot.auto.trigger.enabled = true (custom)
2021-08-17 11:50:26,393 [pool-944-thread-1] INFO  server.RaftServerConfigKeys (ConfUtils.java:logGet(44)) - raft.server.snapshot.auto.trigger.threshold = 10000 (custom)
2021-08-17 11:50:26,393 [pool-944-thread-1] INFO  server.RaftServerConfigKeys (ConfUtils.java:logGet(44)) - raft.server.snapshot.retention.file.num = 5 (custom)
2021-08-17 11:50:26,393 [pool-944-thread-1] INFO  server.RaftServerConfigKeys (ConfUtils.java:logGet(44)) - raft.server.log.purge.upto.snapshot.index = false (default)
2021-08-17 11:50:26,393 [pool-944-thread-1] INFO  server.RaftServerConfigKeys (ConfUtils.java:logGet(44)) - raft.server.retrycache.expirytime = 600000ms (custom)
2021-08-17 11:50:26,393 [pool-944-thread-1] INFO  server.RaftServerConfigKeys (ConfUtils.java:logGet(44)) - raft.server.retrycache.statistics.expirytime = 100μs (default)
2021-08-17 11:50:26,395 [pool-944-thread-1] INFO  server.RaftServer$Division (RaftServerImpl.java:start(296)) - c2837b3a-083f-4317-9098-ed9e2645ea67@group-E1A33DFF2F97: start as a follower, conf=-1: [c2837b3a-083f-4317-9098-ed9e2645ea67|rpc:10.1.0.37:40281|priority:1], old=null
2021-08-17 11:50:26,395 [pool-944-thread-1] INFO  server.RaftServer$Division (RaftServerImpl.java:setRole(285)) - c2837b3a-083f-4317-9098-ed9e2645ea67@group-E1A33DFF2F97: changes role from      null to FOLLOWER at term 0 for startAsFollower
2021-08-17 11:50:26,395 [pool-944-thread-1] INFO  impl.RoleInfo (RoleInfo.java:updateAndGet(130)) - c2837b3a-083f-4317-9098-ed9e2645ea67: start c2837b3a-083f-4317-9098-ed9e2645ea67@group-E1A33DFF2F97-FollowerState
2021-08-17 11:50:26,396 [pool-944-thread-1] INFO  util.JmxRegister (JmxRegister.java:tryRegister(44)) - Successfully registered JMX Bean with object name Ratis:service=RaftServer,group=group-E1A33DFF2F97,id=c2837b3a-083f-4317-9098-ed9e2645ea67
2021-08-17 11:50:26,401 [Command processor thread] INFO  ratis.XceiverServerRatis (XceiverServerRatis.java:addGroup(763)) - Created group PipelineID=e6cd0a89-06d9-4522-8ed4-e1a33dff2f97
2021-08-17 11:50:26,401 [Command processor thread] INFO  commandhandler.CreatePipelineCommandHandler (CreatePipelineCommandHandler.java:handle(106)) - Created Pipeline RATIS ONE PipelineID=e6cd0a89-06d9-4522-8ed4-e1a33dff2f97.
2021-08-17 11:50:26,408 [e067f3b0-4632-4f84-b71c-08c70f7756fb@group-1F4F0910E0F4-FollowerState] INFO  impl.FollowerState (FollowerState.java:run(134)) - e067f3b0-4632-4f84-b71c-08c70f7756fb@group-1F4F0910E0F4-FollowerState: change to CANDIDATE, lastRpcElapsedTime:5115732830ns, electionTimeout:5102ms
2021-08-17 11:50:26,408 [e067f3b0-4632-4f84-b71c-08c70f7756fb@group-1F4F0910E0F4-FollowerState] INFO  impl.RoleInfo (RoleInfo.java:shutdownFollowerState(108)) - e067f3b0-4632-4f84-b71c-08c70f7756fb: shutdown e067f3b0-4632-4f84-b71c-08c70f7756fb@group-1F4F0910E0F4-FollowerState
2021-08-17 11:50:26,408 [e067f3b0-4632-4f84-b71c-08c70f7756fb@group-1F4F0910E0F4-FollowerState] INFO  server.RaftServer$Division (RaftServerImpl.java:setRole(285)) - e067f3b0-4632-4f84-b71c-08c70f7756fb@group-1F4F0910E0F4: changes role from  FOLLOWER to CANDIDATE at term 0 for changeToCandidate
2021-08-17 11:50:26,410 [e067f3b0-4632-4f84-b71c-08c70f7756fb@group-1F4F0910E0F4-FollowerState] INFO  server.RaftServerConfigKeys (ConfUtils.java:logGet(44)) - raft.server.leaderelection.pre-vote = false (custom)
2021-08-17 11:50:26,410 [e067f3b0-4632-4f84-b71c-08c70f7756fb@group-1F4F0910E0F4-FollowerState] INFO  impl.RoleInfo (RoleInfo.java:updateAndGet(130)) - e067f3b0-4632-4f84-b71c-08c70f7756fb: start e067f3b0-4632-4f84-b71c-08c70f7756fb@group-1F4F0910E0F4-LeaderElection72
2021-08-17 11:50:26,473 [e067f3b0-4632-4f84-b71c-08c70f7756fb@group-1F4F0910E0F4-LeaderElection72] INFO  impl.LeaderElection (LeaderElection.java:askForVotes(306)) - e067f3b0-4632-4f84-b71c-08c70f7756fb@group-1F4F0910E0F4-LeaderElection72 ELECTION round 0: submit vote requests at term 1 for -1: [e067f3b0-4632-4f84-b71c-08c70f7756fb|rpc:10.1.0.37:40437|priority:1], old=null
2021-08-17 11:50:26,473 [e067f3b0-4632-4f84-b71c-08c70f7756fb@group-1F4F0910E0F4-LeaderElection72] INFO  impl.LeaderElection (LeaderElection.java:askForVotes(308)) - e067f3b0-4632-4f84-b71c-08c70f7756fb@group-1F4F0910E0F4-LeaderElection72 ELECTION round 0: result PASSED (term=1)
2021-08-17 11:50:26,473 [e067f3b0-4632-4f84-b71c-08c70f7756fb@group-1F4F0910E0F4-LeaderElection72] INFO  impl.RoleInfo (RoleInfo.java:shutdownLeaderElection(121)) - e067f3b0-4632-4f84-b71c-08c70f7756fb: shutdown e067f3b0-4632-4f84-b71c-08c70f7756fb@group-1F4F0910E0F4-LeaderElection72
2021-08-17 11:50:26,473 [e067f3b0-4632-4f84-b71c-08c70f7756fb@group-1F4F0910E0F4-LeaderElection72] INFO  server.RaftServer$Division (RaftServerImpl.java:setRole(285)) - e067f3b0-4632-4f84-b71c-08c70f7756fb@group-1F4F0910E0F4: changes role from CANDIDATE to LEADER at term 1 for changeToLeader
2021-08-17 11:50:26,473 [e067f3b0-4632-4f84-b71c-08c70f7756fb@group-1F4F0910E0F4-LeaderElection72] INFO  ratis.XceiverServerRatis (XceiverServerRatis.java:handleLeaderChangedNotification(861)) - Leader change notification received for group: group-1F4F0910E0F4 with new leaderId: e067f3b0-4632-4f84-b71c-08c70f7756fb
2021-08-17 11:50:26,473 [e067f3b0-4632-4f84-b71c-08c70f7756fb@group-1F4F0910E0F4-LeaderElection72] INFO  server.RaftServer$Division (ServerState.java:setLeader(285)) - e067f3b0-4632-4f84-b71c-08c70f7756fb@group-1F4F0910E0F4: change Leader from null to e067f3b0-4632-4f84-b71c-08c70f7756fb at term 1 for becomeLeader, leader elected after 5284ms
2021-08-17 11:50:26,473 [e067f3b0-4632-4f84-b71c-08c70f7756fb@group-1F4F0910E0F4-LeaderElection72] INFO  server.RaftServerConfigKeys (ConfUtils.java:logGet(44)) - raft.server.staging.catchup.gap = 1000 (default)
2021-08-17 11:50:26,474 [e067f3b0-4632-4f84-b71c-08c70f7756fb@group-1F4F0910E0F4-LeaderElection72] INFO  server.RaftServerConfigKeys (ConfUtils.java:logGet(44)) - raft.server.write.element-limit = 1024 (custom)
2021-08-17 11:50:26,474 [e067f3b0-4632-4f84-b71c-08c70f7756fb@group-1F4F0910E0F4-LeaderElection72] INFO  server.RaftServerConfigKeys (ConfUtils.java:logGet(44)) - raft.server.write.byte-limit = 1024 M (=1073741824) (custom)
2021-08-17 11:50:26,474 [e067f3b0-4632-4f84-b71c-08c70f7756fb@group-1F4F0910E0F4-LeaderElection72] INFO  server.RaftServerConfigKeys (ConfUtils.java:logGet(44)) - raft.server.watch.timeout = 3000ms (custom)
2021-08-17 11:50:26,474 [e067f3b0-4632-4f84-b71c-08c70f7756fb@group-1F4F0910E0F4-LeaderElection72] INFO  server.RaftServerConfigKeys (ConfUtils.java:logGet(44)) - raft.server.watch.timeout.denomination = 1s (default)
2021-08-17 11:50:26,474 [e067f3b0-4632-4f84-b71c-08c70f7756fb@group-1F4F0910E0F4-LeaderElection72] INFO  server.RaftServerConfigKeys (ConfUtils.java:logGet(44)) - raft.server.watch.element-limit = 65536 (default)
2021-08-17 11:50:26,474 [e067f3b0-4632-4f84-b71c-08c70f7756fb@group-1F4F0910E0F4-LeaderElection72] INFO  impl.RoleInfo (RoleInfo.java:updateAndGet(130)) - e067f3b0-4632-4f84-b71c-08c70f7756fb: start e067f3b0-4632-4f84-b71c-08c70f7756fb@group-1F4F0910E0F4-LeaderStateImpl
2021-08-17 11:50:26,475 [e067f3b0-4632-4f84-b71c-08c70f7756fb@group-1F4F0910E0F4-LeaderElection72] INFO  segmented.SegmentedRaftLogWorker (SegmentedRaftLogWorker.java:startLogSegment(394)) - e067f3b0-4632-4f84-b71c-08c70f7756fb@group-1F4F0910E0F4-SegmentedRaftLogWorker: Starting segment from index:0
2021-08-17 11:50:26,476 [e067f3b0-4632-4f84-b71c-08c70f7756fb@group-1F4F0910E0F4-SegmentedRaftLogWorker] INFO  segmented.SegmentedRaftLogWorker (SegmentedRaftLogWorker.java:execute(601)) - e067f3b0-4632-4f84-b71c-08c70f7756fb@group-1F4F0910E0F4-SegmentedRaftLogWorker: created new log segment /home/runner/work/ozone/ozone/hadoop-ozone/integration-test/target/test-dir/MiniOzoneClusterImpl-a1e163cb-5647-48ea-b1dc-b51dce44f61a/datanode-4/data/ratis/4ca2aa2c-7e17-4bc1-bf77-1f4f0910e0f4/current/log_inprogress_0
2021-08-17 11:50:26,480 [Datanode State Machine Thread - 0] WARN  statemachine.StateContext (StateContext.java:execute(621)) - No available thread in pool for past 1 seconds.
2021-08-17 11:50:26,481 [EventQueue-OpenPipelineForHealthyPipelineSafeModeRule] INFO  safemode.SCMSafeModeManager (HealthyPipelineSafeModeRule.java:process(124)) - SCM in safe mode. Healthy pipelines reported count is 0, required healthy pipeline reported count is 1
2021-08-17 11:50:26,521 [e067f3b0-4632-4f84-b71c-08c70f7756fb@group-1F4F0910E0F4-LeaderElection72] INFO  server.RaftServer$Division (ServerState.java:setRaftConf(387)) - e067f3b0-4632-4f84-b71c-08c70f7756fb@group-1F4F0910E0F4: set configuration 0: [e067f3b0-4632-4f84-b71c-08c70f7756fb|rpc:10.1.0.37:40437|dataStream:|priority:1], old=null
2021-08-17 11:50:27,213 [Listener at 127.0.0.1/40861] INFO  ozone.MiniOzoneClusterImpl (MiniOzoneClusterImpl.java:lambda$waitForClusterToBeReady$0(235)) - Nodes are ready. Got 9 of 9 DN Heartbeats.
2021-08-17 11:50:27,213 [Listener at 127.0.0.1/40861] INFO  ozone.MiniOzoneClusterImpl (MiniOzoneClusterImpl.java:lambda$waitForClusterToBeReady$0(238)) - Waiting for cluster to exit safe mode
2021-08-17 11:50:27,213 [Listener at 127.0.0.1/40861] INFO  ozone.MiniOzoneClusterImpl (MiniOzoneClusterImpl.java:lambda$waitForClusterToBeReady$0(240)) - SCM became leader
2021-08-17 11:50:27,561 [ce9e4e21-b8b3-47e8-a05b-7ed0cb4ed4d0@group-2A0B1B25C762-FollowerState] INFO  impl.FollowerState (FollowerState.java:run(134)) - ce9e4e21-b8b3-47e8-a05b-7ed0cb4ed4d0@group-2A0B1B25C762-FollowerState: change to CANDIDATE, lastRpcElapsedTime:5122070970ns, electionTimeout:5119ms
2021-08-17 11:50:27,562 [ce9e4e21-b8b3-47e8-a05b-7ed0cb4ed4d0@group-2A0B1B25C762-FollowerState] INFO  impl.RoleInfo (RoleInfo.java:shutdownFollowerState(108)) - ce9e4e21-b8b3-47e8-a05b-7ed0cb4ed4d0: shutdown ce9e4e21-b8b3-47e8-a05b-7ed0cb4ed4d0@group-2A0B1B25C762-FollowerState
2021-08-17 11:50:27,562 [ce9e4e21-b8b3-47e8-a05b-7ed0cb4ed4d0@group-2A0B1B25C762-FollowerState] INFO  server.RaftServer$Division (RaftServerImpl.java:setRole(285)) - ce9e4e21-b8b3-47e8-a05b-7ed0cb4ed4d0@group-2A0B1B25C762: changes role from  FOLLOWER to CANDIDATE at term 0 for changeToCandidate
2021-08-17 11:50:27,563 [ce9e4e21-b8b3-47e8-a05b-7ed0cb4ed4d0@group-2A0B1B25C762-FollowerState] INFO  server.RaftServerConfigKeys (ConfUtils.java:logGet(44)) - raft.server.leaderelection.pre-vote = false (custom)
2021-08-17 11:50:27,563 [ce9e4e21-b8b3-47e8-a05b-7ed0cb4ed4d0@group-2A0B1B25C762-FollowerState] INFO  impl.RoleInfo (RoleInfo.java:updateAndGet(130)) - ce9e4e21-b8b3-47e8-a05b-7ed0cb4ed4d0: start ce9e4e21-b8b3-47e8-a05b-7ed0cb4ed4d0@group-2A0B1B25C762-LeaderElection73
2021-08-17 11:50:27,612 [ce9e4e21-b8b3-47e8-a05b-7ed0cb4ed4d0@group-2A0B1B25C762-LeaderElection73] INFO  impl.LeaderElection (LeaderElection.java:askForVotes(306)) - ce9e4e21-b8b3-47e8-a05b-7ed0cb4ed4d0@group-2A0B1B25C762-LeaderElection73 ELECTION round 0: submit vote requests at term 1 for -1: [ce9e4e21-b8b3-47e8-a05b-7ed0cb4ed4d0|rpc:10.1.0.37:42995|priority:1], old=null
2021-08-17 11:50:27,612 [ce9e4e21-b8b3-47e8-a05b-7ed0cb4ed4d0@group-2A0B1B25C762-LeaderElection73] INFO  impl.LeaderElection (LeaderElection.java:askForVotes(308)) - ce9e4e21-b8b3-47e8-a05b-7ed0cb4ed4d0@group-2A0B1B25C762-LeaderElection73 ELECTION round 0: result PASSED (term=1)
2021-08-17 11:50:27,612 [ce9e4e21-b8b3-47e8-a05b-7ed0cb4ed4d0@group-2A0B1B25C762-LeaderElection73] INFO  impl.RoleInfo (RoleInfo.java:shutdownLeaderElection(121)) - ce9e4e21-b8b3-47e8-a05b-7ed0cb4ed4d0: shutdown ce9e4e21-b8b3-47e8-a05b-7ed0cb4ed4d0@group-2A0B1B25C762-LeaderElection73
2021-08-17 11:50:27,612 [ce9e4e21-b8b3-47e8-a05b-7ed0cb4ed4d0@group-2A0B1B25C762-LeaderElection73] INFO  server.RaftServer$Division (RaftServerImpl.java:setRole(285)) - ce9e4e21-b8b3-47e8-a05b-7ed0cb4ed4d0@group-2A0B1B25C762: changes role from CANDIDATE to LEADER at term 1 for changeToLeader
2021-08-17 11:50:27,612 [ce9e4e21-b8b3-47e8-a05b-7ed0cb4ed4d0@group-2A0B1B25C762-LeaderElection73] INFO  ratis.XceiverServerRatis (XceiverServerRatis.java:handleLeaderChangedNotification(861)) - Leader change notification received for group: group-2A0B1B25C762 with new leaderId: ce9e4e21-b8b3-47e8-a05b-7ed0cb4ed4d0
2021-08-17 11:50:27,613 [Datanode State Machine Thread - 0] WARN  statemachine.StateContext (StateContext.java:execute(621)) - No available thread in pool for past 1 seconds.
2021-08-17 11:50:27,614 [ce9e4e21-b8b3-47e8-a05b-7ed0cb4ed4d0@group-2A0B1B25C762-LeaderElection73] INFO  server.RaftServer$Division (ServerState.java:setLeader(285)) - ce9e4e21-b8b3-47e8-a05b-7ed0cb4ed4d0@group-2A0B1B25C762: change Leader from null to ce9e4e21-b8b3-47e8-a05b-7ed0cb4ed4d0 at term 1 for becomeLeader, leader elected after 5217ms
2021-08-17 11:50:27,614 [ce9e4e21-b8b3-47e8-a05b-7ed0cb4ed4d0@group-2A0B1B25C762-LeaderElection73] INFO  server.RaftServerConfigKeys (ConfUtils.java:logGet(44)) - raft.server.staging.catchup.gap = 1000 (default)
2021-08-17 11:50:27,614 [ce9e4e21-b8b3-47e8-a05b-7ed0cb4ed4d0@group-2A0B1B25C762-LeaderElection73] INFO  server.RaftServerConfigKeys (ConfUtils.java:logGet(44)) - raft.server.write.element-limit = 1024 (custom)
2021-08-17 11:50:27,617 [ce9e4e21-b8b3-47e8-a05b-7ed0cb4ed4d0@group-2A0B1B25C762-LeaderElection73] INFO  server.RaftServerConfigKeys (ConfUtils.java:logGet(44)) - raft.server.write.byte-limit = 1024 M (=1073741824) (custom)
2021-08-17 11:50:27,617 [EventQueue-OpenPipelineForHealthyPipelineSafeModeRule] INFO  safemode.SCMSafeModeManager (HealthyPipelineSafeModeRule.java:process(124)) - SCM in safe mode. Healthy pipelines reported count is 0, required healthy pipeline reported count is 1
2021-08-17 11:50:27,689 [ce9e4e21-b8b3-47e8-a05b-7ed0cb4ed4d0@group-2A0B1B25C762-LeaderElection73] INFO  server.RaftServerConfigKeys (ConfUtils.java:logGet(44)) - raft.server.watch.timeout = 3000ms (custom)
2021-08-17 11:50:27,690 [ce9e4e21-b8b3-47e8-a05b-7ed0cb4ed4d0@group-2A0B1B25C762-LeaderElection73] INFO  server.RaftServerConfigKeys (ConfUtils.java:logGet(44)) - raft.server.watch.timeout.denomination = 1s (default)
2021-08-17 11:50:27,690 [ce9e4e21-b8b3-47e8-a05b-7ed0cb4ed4d0@group-2A0B1B25C762-LeaderElection73] INFO  server.RaftServerConfigKeys (ConfUtils.java:logGet(44)) - raft.server.watch.element-limit = 65536 (default)
2021-08-17 11:50:27,690 [ce9e4e21-b8b3-47e8-a05b-7ed0cb4ed4d0@group-2A0B1B25C762-LeaderElection73] INFO  impl.RoleInfo (RoleInfo.java:updateAndGet(130)) - ce9e4e21-b8b3-47e8-a05b-7ed0cb4ed4d0: start ce9e4e21-b8b3-47e8-a05b-7ed0cb4ed4d0@group-2A0B1B25C762-LeaderStateImpl
2021-08-17 11:50:27,690 [ce9e4e21-b8b3-47e8-a05b-7ed0cb4ed4d0@group-2A0B1B25C762-LeaderElection73] INFO  segmented.SegmentedRaftLogWorker (SegmentedRaftLogWorker.java:startLogSegment(394)) - ce9e4e21-b8b3-47e8-a05b-7ed0cb4ed4d0@group-2A0B1B25C762-SegmentedRaftLogWorker: Starting segment from index:0
2021-08-17 11:50:27,703 [ce9e4e21-b8b3-47e8-a05b-7ed0cb4ed4d0@group-2A0B1B25C762-SegmentedRaftLogWorker] INFO  segmented.SegmentedRaftLogWorker (SegmentedRaftLogWorker.java:execute(601)) - ce9e4e21-b8b3-47e8-a05b-7ed0cb4ed4d0@group-2A0B1B25C762-SegmentedRaftLogWorker: created new log segment /home/runner/work/ozone/ozone/hadoop-ozone/integration-test/target/test-dir/MiniOzoneClusterImpl-a1e163cb-5647-48ea-b1dc-b51dce44f61a/datanode-5/data/ratis/ee2a429d-325a-44a0-81a4-2a0b1b25c762/current/log_inprogress_0
2021-08-17 11:50:27,738 [ce9e4e21-b8b3-47e8-a05b-7ed0cb4ed4d0@group-2A0B1B25C762-LeaderElection73] INFO  server.RaftServer$Division (ServerState.java:setRaftConf(387)) - ce9e4e21-b8b3-47e8-a05b-7ed0cb4ed4d0@group-2A0B1B25C762: set configuration 0: [ce9e4e21-b8b3-47e8-a05b-7ed0cb4ed4d0|rpc:10.1.0.37:42995|dataStream:|priority:1], old=null
2021-08-17 11:50:28,213 [Listener at 127.0.0.1/40861] INFO  ozone.MiniOzoneClusterImpl (MiniOzoneClusterImpl.java:lambda$waitForClusterToBeReady$0(235)) - Nodes are ready. Got 9 of 9 DN Heartbeats.
2021-08-17 11:50:28,214 [Listener at 127.0.0.1/40861] INFO  ozone.MiniOzoneClusterImpl (MiniOzoneClusterImpl.java:lambda$waitForClusterToBeReady$0(238)) - Waiting for cluster to exit safe mode
2021-08-17 11:50:28,214 [Listener at 127.0.0.1/40861] INFO  ozone.MiniOzoneClusterImpl (MiniOzoneClusterImpl.java:lambda$waitForClusterToBeReady$0(240)) - SCM became leader
2021-08-17 11:50:28,257 [e2fcfc86-2f0c-4267-bafe-682e5fd2fca7@group-6F6174E45E92-FollowerState] INFO  impl.FollowerState (FollowerState.java:run(134)) - e2fcfc86-2f0c-4267-bafe-682e5fd2fca7@group-6F6174E45E92-FollowerState: change to CANDIDATE, lastRpcElapsedTime:5078807322ns, electionTimeout:5042ms
2021-08-17 11:50:28,257 [e2fcfc86-2f0c-4267-bafe-682e5fd2fca7@group-6F6174E45E92-FollowerState] INFO  impl.RoleInfo (RoleInfo.java:shutdownFollowerState(108)) - e2fcfc86-2f0c-4267-bafe-682e5fd2fca7: shutdown e2fcfc86-2f0c-4267-bafe-682e5fd2fca7@group-6F6174E45E92-FollowerState
2021-08-17 11:50:28,257 [e2fcfc86-2f0c-4267-bafe-682e5fd2fca7@group-6F6174E45E92-FollowerState] INFO  server.RaftServer$Division (RaftServerImpl.java:setRole(285)) - e2fcfc86-2f0c-4267-bafe-682e5fd2fca7@group-6F6174E45E92: changes role from  FOLLOWER to CANDIDATE at term 1 for changeToCandidate
2021-08-17 11:50:28,257 [e2fcfc86-2f0c-4267-bafe-682e5fd2fca7@group-6F6174E45E92-FollowerState] INFO  server.RaftServerConfigKeys (ConfUtils.java:logGet(44)) - raft.server.leaderelection.pre-vote = false (custom)
2021-08-17 11:50:28,257 [e2fcfc86-2f0c-4267-bafe-682e5fd2fca7@group-6F6174E45E92-FollowerState] INFO  impl.RoleInfo (RoleInfo.java:updateAndGet(130)) - e2fcfc86-2f0c-4267-bafe-682e5fd2fca7: start e2fcfc86-2f0c-4267-bafe-682e5fd2fca7@group-6F6174E45E92-LeaderElection74
2021-08-17 11:50:28,305 [e2fcfc86-2f0c-4267-bafe-682e5fd2fca7@group-6F6174E45E92-LeaderElection74] INFO  impl.LeaderElection (LeaderElection.java:askForVotes(306)) - e2fcfc86-2f0c-4267-bafe-682e5fd2fca7@group-6F6174E45E92-LeaderElection74 ELECTION round 0: submit vote requests at term 2 for -1: [2424882f-c429-4c69-9245-ccac92145c6c|rpc:10.1.0.37:43989|dataStream:|priority:0, 0bf441c2-8cd8-4ced-8476-22eca18377b1|rpc:10.1.0.37:38591|dataStream:|priority:0, e2fcfc86-2f0c-4267-bafe-682e5fd2fca7|rpc:10.1.0.37:43155|dataStream:|priority:1], old=null
2021-08-17 11:50:28,363 [2424882f-c429-4c69-9245-ccac92145c6c@group-6F6174E45E92-FollowerState] INFO  impl.FollowerState (FollowerState.java:run(134)) - 2424882f-c429-4c69-9245-ccac92145c6c@group-6F6174E45E92-FollowerState: change to CANDIDATE, lastRpcElapsedTime:5163888925ns, electionTimeout:5146ms
2021-08-17 11:50:28,363 [2424882f-c429-4c69-9245-ccac92145c6c@group-6F6174E45E92-FollowerState] INFO  impl.RoleInfo (RoleInfo.java:shutdownFollowerState(108)) - 2424882f-c429-4c69-9245-ccac92145c6c: shutdown 2424882f-c429-4c69-9245-ccac92145c6c@group-6F6174E45E92-FollowerState
2021-08-17 11:50:28,363 [2424882f-c429-4c69-9245-ccac92145c6c@group-6F6174E45E92-FollowerState] INFO  server.RaftServer$Division (RaftServerImpl.java:setRole(285)) - 2424882f-c429-4c69-9245-ccac92145c6c@group-6F6174E45E92: changes role from  FOLLOWER to CANDIDATE at term 1 for changeToCandidate
2021-08-17 11:50:28,363 [2424882f-c429-4c69-9245-ccac92145c6c@group-6F6174E45E92-FollowerState] INFO  server.RaftServerConfigKeys (ConfUtils.java:logGet(44)) - raft.server.leaderelection.pre-vote = false (custom)
2021-08-17 11:50:28,364 [2424882f-c429-4c69-9245-ccac92145c6c@group-6F6174E45E92-FollowerState] INFO  impl.RoleInfo (RoleInfo.java:updateAndGet(130)) - 2424882f-c429-4c69-9245-ccac92145c6c: start 2424882f-c429-4c69-9245-ccac92145c6c@group-6F6174E45E92-LeaderElection75
2021-08-17 11:50:28,396 [grpc-default-executor-1] INFO  server.RaftServer$Division (RaftServerImpl.java:requestVote(1043)) - 2424882f-c429-4c69-9245-ccac92145c6c@group-6F6174E45E92: receive requestVote(ELECTION, e2fcfc86-2f0c-4267-bafe-682e5fd2fca7, group-6F6174E45E92, 2, (t:0, i:0))
2021-08-17 11:50:28,411 [0bf441c2-8cd8-4ced-8476-22eca18377b1@group-6F6174E45E92-FollowerState] INFO  impl.FollowerState (FollowerState.java:run(134)) - 0bf441c2-8cd8-4ced-8476-22eca18377b1@group-6F6174E45E92-FollowerState: change to CANDIDATE, lastRpcElapsedTime:5252724960ns, electionTimeout:5146ms
2021-08-17 11:50:28,412 [0bf441c2-8cd8-4ced-8476-22eca18377b1@group-6F6174E45E92-FollowerState] INFO  impl.RoleInfo (RoleInfo.java:shutdownFollowerState(108)) - 0bf441c2-8cd8-4ced-8476-22eca18377b1: shutdown 0bf441c2-8cd8-4ced-8476-22eca18377b1@group-6F6174E45E92-FollowerState
2021-08-17 11:50:28,412 [0bf441c2-8cd8-4ced-8476-22eca18377b1@group-6F6174E45E92-FollowerState] INFO  server.RaftServer$Division (RaftServerImpl.java:setRole(285)) - 0bf441c2-8cd8-4ced-8476-22eca18377b1@group-6F6174E45E92: changes role from  FOLLOWER to CANDIDATE at term 1 for changeToCandidate
2021-08-17 11:50:28,412 [0bf441c2-8cd8-4ced-8476-22eca18377b1@group-6F6174E45E92-FollowerState] INFO  server.RaftServerConfigKeys (ConfUtils.java:logGet(44)) - raft.server.leaderelection.pre-vote = false (custom)
2021-08-17 11:50:28,412 [0bf441c2-8cd8-4ced-8476-22eca18377b1@group-6F6174E45E92-FollowerState] INFO  impl.RoleInfo (RoleInfo.java:updateAndGet(130)) - 0bf441c2-8cd8-4ced-8476-22eca18377b1: start 0bf441c2-8cd8-4ced-8476-22eca18377b1@group-6F6174E45E92-LeaderElection76
2021-08-17 11:50:28,485 [4d40c50f-34df-4d8d-ada3-4ecb2b1f4098@group-2F65DADD13F6-FollowerState] INFO  impl.FollowerState (FollowerState.java:run(134)) - 4d40c50f-34df-4d8d-ada3-4ecb2b1f4098@group-2F65DADD13F6-FollowerState: change to CANDIDATE, lastRpcElapsedTime:5121209832ns, electionTimeout:5120ms
2021-08-17 11:50:28,485 [4d40c50f-34df-4d8d-ada3-4ecb2b1f4098@group-2F65DADD13F6-FollowerState] INFO  impl.RoleInfo (RoleInfo.java:shutdownFollowerState(108)) - 4d40c50f-34df-4d8d-ada3-4ecb2b1f4098: shutdown 4d40c50f-34df-4d8d-ada3-4ecb2b1f4098@group-2F65DADD13F6-FollowerState
2021-08-17 11:50:28,485 [4d40c50f-34df-4d8d-ada3-4ecb2b1f4098@group-2F65DADD13F6-FollowerState] INFO  server.RaftServer$Division (RaftServerImpl.java:setRole(285)) - 4d40c50f-34df-4d8d-ada3-4ecb2b1f4098@group-2F65DADD13F6: changes role from  FOLLOWER to CANDIDATE at term 0 for changeToCandidate
2021-08-17 11:50:28,485 [grpc-default-executor-1] INFO  impl.VoteContext (VoteContext.java:log(48)) - 2424882f-c429-4c69-9245-ccac92145c6c@group-6F6174E45E92-CANDIDATE: reject ELECTION from e2fcfc86-2f0c-4267-bafe-682e5fd2fca7: already has voted for 2424882f-c429-4c69-9245-ccac92145c6c at current term 2
2021-08-17 11:50:28,485 [grpc-default-executor-1] INFO  server.RaftServer$Division (RaftServerImpl.java:requestVote(1075)) - 2424882f-c429-4c69-9245-ccac92145c6c@group-6F6174E45E92 replies to ELECTION vote request: e2fcfc86-2f0c-4267-bafe-682e5fd2fca7<-2424882f-c429-4c69-9245-ccac92145c6c#0:FAIL-t2. Peer's state: 2424882f-c429-4c69-9245-ccac92145c6c@group-6F6174E45E92:t2, leader=null, voted=2424882f-c429-4c69-9245-ccac92145c6c, raftlog=2424882f-c429-4c69-9245-ccac92145c6c@group-6F6174E45E92-SegmentedRaftLog:OPENED:c-1,f-1,i0, conf=-1: [2424882f-c429-4c69-9245-ccac92145c6c|rpc:10.1.0.37:43989|priority:0, 0bf441c2-8cd8-4ced-8476-22eca18377b1|rpc:10.1.0.37:38591|priority:0, e2fcfc86-2f0c-4267-bafe-682e5fd2fca7|rpc:10.1.0.37:43155|priority:1], old=null
2021-08-17 11:50:28,486 [2424882f-c429-4c69-9245-ccac92145c6c@group-6F6174E45E92-LeaderElection75] INFO  impl.LeaderElection (LeaderElection.java:askForVotes(306)) - 2424882f-c429-4c69-9245-ccac92145c6c@group-6F6174E45E92-LeaderElection75 ELECTION round 0: submit vote requests at term 2 for -1: [2424882f-c429-4c69-9245-ccac92145c6c|rpc:10.1.0.37:43989|priority:0, 0bf441c2-8cd8-4ced-8476-22eca18377b1|rpc:10.1.0.37:38591|priority:0, e2fcfc86-2f0c-4267-bafe-682e5fd2fca7|rpc:10.1.0.37:43155|priority:1], old=null
2021-08-17 11:50:28,496 [4d40c50f-34df-4d8d-ada3-4ecb2b1f4098@group-2F65DADD13F6-FollowerState] INFO  server.RaftServerConfigKeys (ConfUtils.java:logGet(44)) - raft.server.leaderelection.pre-vote = false (custom)
2021-08-17 11:50:28,496 [grpc-default-executor-6] INFO  server.RaftServer$Division (RaftServerImpl.java:requestVote(1043)) - 0bf441c2-8cd8-4ced-8476-22eca18377b1@group-6F6174E45E92: receive requestVote(ELECTION, e2fcfc86-2f0c-4267-bafe-682e5fd2fca7, group-6F6174E45E92, 2, (t:0, i:0))
2021-08-17 11:50:28,496 [grpc-default-executor-1] INFO  server.RaftServer$Division (RaftServerImpl.java:requestVote(1043)) - 0bf441c2-8cd8-4ced-8476-22eca18377b1@group-6F6174E45E92: receive requestVote(ELECTION, 2424882f-c429-4c69-9245-ccac92145c6c, group-6F6174E45E92, 2, (t:0, i:0))
2021-08-17 11:50:28,496 [4d40c50f-34df-4d8d-ada3-4ecb2b1f4098@group-2F65DADD13F6-FollowerState] INFO  impl.RoleInfo (RoleInfo.java:updateAndGet(130)) - 4d40c50f-34df-4d8d-ada3-4ecb2b1f4098: start 4d40c50f-34df-4d8d-ada3-4ecb2b1f4098@group-2F65DADD13F6-LeaderElection77
2021-08-17 11:50:28,538 [0bf441c2-8cd8-4ced-8476-22eca18377b1@group-6F6174E45E92-LeaderElection76] INFO  impl.LeaderElection (LeaderElection.java:askForVotes(306)) - 0bf441c2-8cd8-4ced-8476-22eca18377b1@group-6F6174E45E92-LeaderElection76 ELECTION round 0: submit vote requests at term 2 for -1: [2424882f-c429-4c69-9245-ccac92145c6c|rpc:10.1.0.37:43989|dataStream:|priority:0, 0bf441c2-8cd8-4ced-8476-22eca18377b1|rpc:10.1.0.37:38591|dataStream:|priority:0, e2fcfc86-2f0c-4267-bafe-682e5fd2fca7|rpc:10.1.0.37:43155|dataStream:|priority:1], old=null
2021-08-17 11:50:28,539 [grpc-default-executor-1] INFO  impl.VoteContext (VoteContext.java:log(48)) - 0bf441c2-8cd8-4ced-8476-22eca18377b1@group-6F6174E45E92-CANDIDATE: reject ELECTION from 2424882f-c429-4c69-9245-ccac92145c6c: already has voted for 0bf441c2-8cd8-4ced-8476-22eca18377b1 at current term 2
2021-08-17 11:50:28,539 [grpc-default-executor-1] INFO  server.RaftServer$Division (RaftServerImpl.java:requestVote(1075)) - 0bf441c2-8cd8-4ced-8476-22eca18377b1@group-6F6174E45E92 replies to ELECTION vote request: 2424882f-c429-4c69-9245-ccac92145c6c<-0bf441c2-8cd8-4ced-8476-22eca18377b1#0:FAIL-t2. Peer's state: 0bf441c2-8cd8-4ced-8476-22eca18377b1@group-6F6174E45E92:t2, leader=null, voted=0bf441c2-8cd8-4ced-8476-22eca18377b1, raftlog=0bf441c2-8cd8-4ced-8476-22eca18377b1@group-6F6174E45E92-SegmentedRaftLog:OPENED:c-1,f-1,i0, conf=-1: [2424882f-c429-4c69-9245-ccac92145c6c|rpc:10.1.0.37:43989|dataStream:|priority:0, 0bf441c2-8cd8-4ced-8476-22eca18377b1|rpc:10.1.0.37:38591|dataStream:|priority:0, e2fcfc86-2f0c-4267-bafe-682e5fd2fca7|rpc:10.1.0.37:43155|dataStream:|priority:1], old=null
2021-08-17 11:50:28,539 [grpc-default-executor-6] INFO  impl.VoteContext (VoteContext.java:log(48)) - 0bf441c2-8cd8-4ced-8476-22eca18377b1@group-6F6174E45E92-CANDIDATE: reject ELECTION from e2fcfc86-2f0c-4267-bafe-682e5fd2fca7: already has voted for 0bf441c2-8cd8-4ced-8476-22eca18377b1 at current term 2
2021-08-17 11:50:28,539 [grpc-default-executor-6] INFO  server.RaftServer$Division (RaftServerImpl.java:requestVote(1075)) - 0bf441c2-8cd8-4ced-8476-22eca18377b1@group-6F6174E45E92 replies to ELECTION vote request: e2fcfc86-2f0c-4267-bafe-682e5fd2fca7<-0bf441c2-8cd8-4ced-8476-22eca18377b1#0:FAIL-t2. Peer's state: 0bf441c2-8cd8-4ced-8476-22eca18377b1@group-6F6174E45E92:t2, leader=null, voted=0bf441c2-8cd8-4ced-8476-22eca18377b1, raftlog=0bf441c2-8cd8-4ced-8476-22eca18377b1@group-6F6174E45E92-SegmentedRaftLog:OPENED:c-1,f-1,i0, conf=-1: [2424882f-c429-4c69-9245-ccac92145c6c|rpc:10.1.0.37:43989|dataStream:|priority:0, 0bf441c2-8cd8-4ced-8476-22eca18377b1|rpc:10.1.0.37:38591|dataStream:|priority:0, e2fcfc86-2f0c-4267-bafe-682e5fd2fca7|rpc:10.1.0.37:43155|dataStream:|priority:1], old=null
2021-08-17 11:50:28,606 [grpc-default-executor-1] INFO  server.RaftServer$Division (RaftServerImpl.java:requestVote(1043)) - e2fcfc86-2f0c-4267-bafe-682e5fd2fca7@group-6F6174E45E92: receive requestVote(ELECTION, 2424882f-c429-4c69-9245-ccac92145c6c, group-6F6174E45E92, 2, (t:0, i:0))
2021-08-17 11:50:28,606 [grpc-default-executor-1] INFO  impl.VoteContext (VoteContext.java:log(48)) - e2fcfc86-2f0c-4267-bafe-682e5fd2fca7@group-6F6174E45E92-CANDIDATE: reject ELECTION from 2424882f-c429-4c69-9245-ccac92145c6c: already has voted for e2fcfc86-2f0c-4267-bafe-682e5fd2fca7 at current term 2
2021-08-17 11:50:28,607 [grpc-default-executor-1] INFO  server.RaftServer$Division (RaftServerImpl.java:requestVote(1075)) - e2fcfc86-2f0c-4267-bafe-682e5fd2fca7@group-6F6174E45E92 replies to ELECTION vote request: 2424882f-c429-4c69-9245-ccac92145c6c<-e2fcfc86-2f0c-4267-bafe-682e5fd2fca7#0:FAIL-t2. Peer's state: e2fcfc86-2f0c-4267-bafe-682e5fd2fca7@group-6F6174E45E92:t2, leader=null, voted=e2fcfc86-2f0c-4267-bafe-682e5fd2fca7, raftlog=e2fcfc86-2f0c-4267-bafe-682e5fd2fca7@group-6F6174E45E92-SegmentedRaftLog:OPENED:c-1,f-1,i0, conf=-1: [2424882f-c429-4c69-9245-ccac92145c6c|rpc:10.1.0.37:43989|dataStream:|priority:0, 0bf441c2-8cd8-4ced-8476-22eca18377b1|rpc:10.1.0.37:38591|dataStream:|priority:0, e2fcfc86-2f0c-4267-bafe-682e5fd2fca7|rpc:10.1.0.37:43155|dataStream:|priority:1], old=null
2021-08-17 11:50:28,607 [2424882f-c429-4c69-9245-ccac92145c6c@group-6F6174E45E92-LeaderElection75] INFO  impl.LeaderElection (LeaderElection.java:logAndReturn(89)) - 2424882f-c429-4c69-9245-ccac92145c6c@group-6F6174E45E92-LeaderElection75: ELECTION REJECTED received 2 response(s) and 0 exception(s):
2021-08-17 11:50:28,607 [2424882f-c429-4c69-9245-ccac92145c6c@group-6F6174E45E92-LeaderElection75] INFO  impl.LeaderElection (LeaderElection.java:logAndReturn(93)) -   Response 0: 2424882f-c429-4c69-9245-ccac92145c6c<-0bf441c2-8cd8-4ced-8476-22eca18377b1#0:FAIL-t2
2021-08-17 11:50:28,608 [2424882f-c429-4c69-9245-ccac92145c6c@group-6F6174E45E92-LeaderElection75] INFO  impl.LeaderElection (LeaderElection.java:logAndReturn(93)) -   Response 1: 2424882f-c429-4c69-9245-ccac92145c6c<-e2fcfc86-2f0c-4267-bafe-682e5fd2fca7#0:FAIL-t2
2021-08-17 11:50:28,608 [2424882f-c429-4c69-9245-ccac92145c6c@group-6F6174E45E92-LeaderElection75] INFO  impl.LeaderElection (LeaderElection.java:askForVotes(308)) - 2424882f-c429-4c69-9245-ccac92145c6c@group-6F6174E45E92-LeaderElection75 ELECTION round 0: result REJECTED
2021-08-17 11:50:28,608 [2424882f-c429-4c69-9245-ccac92145c6c@group-6F6174E45E92-LeaderElection75] INFO  server.RaftServer$Division (RaftServerImpl.java:setRole(285)) - 2424882f-c429-4c69-9245-ccac92145c6c@group-6F6174E45E92: changes role from CANDIDATE to FOLLOWER at term 2 for REJECTED
2021-08-17 11:50:28,608 [2424882f-c429-4c69-9245-ccac92145c6c@group-6F6174E45E92-LeaderElection75] INFO  impl.RoleInfo (RoleInfo.java:shutdownLeaderElection(121)) - 2424882f-c429-4c69-9245-ccac92145c6c: shutdown 2424882f-c429-4c69-9245-ccac92145c6c@group-6F6174E45E92-LeaderElection75
2021-08-17 11:50:28,608 [2424882f-c429-4c69-9245-ccac92145c6c@group-6F6174E45E92-LeaderElection75] INFO  impl.RoleInfo (RoleInfo.java:updateAndGet(130)) - 2424882f-c429-4c69-9245-ccac92145c6c: start 2424882f-c429-4c69-9245-ccac92145c6c@group-6F6174E45E92-FollowerState
2021-08-17 11:50:28,606 [e2fcfc86-2f0c-4267-bafe-682e5fd2fca7@group-6F6174E45E92-LeaderElection74] INFO  impl.LeaderElection (LeaderElection.java:logAndReturn(89)) - e2fcfc86-2f0c-4267-bafe-682e5fd2fca7@group-6F6174E45E92-LeaderElection74: ELECTION REJECTED received 2 response(s) and 0 exception(s):
2021-08-17 11:50:28,608 [e2fcfc86-2f0c-4267-bafe-682e5fd2fca7@group-6F6174E45E92-LeaderElection74] INFO  impl.LeaderElection (LeaderElection.java:logAndReturn(93)) -   Response 0: e2fcfc86-2f0c-4267-bafe-682e5fd2fca7<-2424882f-c429-4c69-9245-ccac92145c6c#0:FAIL-t2
2021-08-17 11:50:28,608 [e2fcfc86-2f0c-4267-bafe-682e5fd2fca7@group-6F6174E45E92-LeaderElection74] INFO  impl.LeaderElection (LeaderElection.java:logAndReturn(93)) -   Response 1: e2fcfc86-2f0c-4267-bafe-682e5fd2fca7<-0bf441c2-8cd8-4ced-8476-22eca18377b1#0:FAIL-t2
2021-08-17 11:50:28,610 [4d40c50f-34df-4d8d-ada3-4ecb2b1f4098@group-2F65DADD13F6-LeaderElection77] INFO  impl.LeaderElection (LeaderElection.java:askForVotes(306)) - 4d40c50f-34df-4d8d-ada3-4ecb2b1f4098@group-2F65DADD13F6-LeaderElection77 ELECTION round 0: submit vote requests at term 1 for -1: [4d40c50f-34df-4d8d-ada3-4ecb2b1f4098|rpc:10.1.0.37:38377|priority:1], old=null
2021-08-17 11:50:28,610 [4d40c50f-34df-4d8d-ada3-4ecb2b1f4098@group-2F65DADD13F6-LeaderElection77] INFO  impl.LeaderElection (LeaderElection.java:askForVotes(308)) - 4d40c50f-34df-4d8d-ada3-4ecb2b1f4098@group-2F65DADD13F6-LeaderElection77 ELECTION round 0: result PASSED (term=1)
2021-08-17 11:50:28,610 [4d40c50f-34df-4d8d-ada3-4ecb2b1f4098@group-2F65DADD13F6-LeaderElection77] INFO  impl.RoleInfo (RoleInfo.java:shutdownLeaderElection(121)) - 4d40c50f-34df-4d8d-ada3-4ecb2b1f4098: shutdown 4d40c50f-34df-4d8d-ada3-4ecb2b1f4098@group-2F65DADD13F6-LeaderElection77
2021-08-17 11:50:28,611 [4d40c50f-34df-4d8d-ada3-4ecb2b1f4098@group-2F65DADD13F6-LeaderElection77] INFO  server.RaftServer$Division (RaftServerImpl.java:setRole(285)) - 4d40c50f-34df-4d8d-ada3-4ecb2b1f4098@group-2F65DADD13F6: changes role from CANDIDATE to LEADER at term 1 for changeToLeader
2021-08-17 11:50:28,611 [4d40c50f-34df-4d8d-ada3-4ecb2b1f4098@group-2F65DADD13F6-LeaderElection77] INFO  ratis.XceiverServerRatis (XceiverServerRatis.java:handleLeaderChangedNotification(861)) - Leader change notification received for group: group-2F65DADD13F6 with new leaderId: 4d40c50f-34df-4d8d-ada3-4ecb2b1f4098
2021-08-17 11:50:28,622 [4d40c50f-34df-4d8d-ada3-4ecb2b1f4098@group-2F65DADD13F6-LeaderElection77] INFO  server.RaftServer$Division (ServerState.java:setLeader(285)) - 4d40c50f-34df-4d8d-ada3-4ecb2b1f4098@group-2F65DADD13F6: change Leader from null to 4d40c50f-34df-4d8d-ada3-4ecb2b1f4098 at term 1 for becomeLeader, leader elected after 5335ms
2021-08-17 11:50:28,622 [4d40c50f-34df-4d8d-ada3-4ecb2b1f4098@group-2F65DADD13F6-LeaderElection77] INFO  server.RaftServerConfigKeys (ConfUtils.java:logGet(44)) - raft.server.staging.catchup.gap = 1000 (default)
2021-08-17 11:50:28,622 [4d40c50f-34df-4d8d-ada3-4ecb2b1f4098@group-2F65DADD13F6-LeaderElection77] INFO  server.RaftServerConfigKeys (ConfUtils.java:logGet(44)) - raft.server.write.element-limit = 1024 (custom)
2021-08-17 11:50:28,622 [4d40c50f-34df-4d8d-ada3-4ecb2b1f4098@group-2F65DADD13F6-LeaderElection77] INFO  server.RaftServerConfigKeys (ConfUtils.java:logGet(44)) - raft.server.write.byte-limit = 1024 M (=1073741824) (custom)
2021-08-17 11:50:28,623 [4d40c50f-34df-4d8d-ada3-4ecb2b1f4098@group-2F65DADD13F6-LeaderElection77] INFO  server.RaftServerConfigKeys (ConfUtils.java:logGet(44)) - raft.server.watch.timeout = 3000ms (custom)
2021-08-17 11:50:28,623 [4d40c50f-34df-4d8d-ada3-4ecb2b1f4098@group-2F65DADD13F6-LeaderElection77] INFO  server.RaftServerConfigKeys (ConfUtils.java:logGet(44)) - raft.server.watch.timeout.denomination = 1s (default)
2021-08-17 11:50:28,623 [4d40c50f-34df-4d8d-ada3-4ecb2b1f4098@group-2F65DADD13F6-LeaderElection77] INFO  server.RaftServerConfigKeys (ConfUtils.java:logGet(44)) - raft.server.watch.element-limit = 65536 (default)
2021-08-17 11:50:28,623 [4d40c50f-34df-4d8d-ada3-4ecb2b1f4098@group-2F65DADD13F6-LeaderElection77] INFO  impl.RoleInfo (RoleInfo.java:updateAndGet(130)) - 4d40c50f-34df-4d8d-ada3-4ecb2b1f4098: start 4d40c50f-34df-4d8d-ada3-4ecb2b1f4098@group-2F65DADD13F6-LeaderStateImpl
2021-08-17 11:50:28,623 [4d40c50f-34df-4d8d-ada3-4ecb2b1f4098@group-2F65DADD13F6-LeaderElection77] INFO  segmented.SegmentedRaftLogWorker (SegmentedRaftLogWorker.java:startLogSegment(394)) - 4d40c50f-34df-4d8d-ada3-4ecb2b1f4098@group-2F65DADD13F6-SegmentedRaftLogWorker: Starting segment from index:0
2021-08-17 11:50:28,626 [4d40c50f-34df-4d8d-ada3-4ecb2b1f4098@group-2F65DADD13F6-SegmentedRaftLogWorker] INFO  segmented.SegmentedRaftLogWorker (SegmentedRaftLogWorker.java:execute(601)) - 4d40c50f-34df-4d8d-ada3-4ecb2b1f4098@group-2F65DADD13F6-SegmentedRaftLogWorker: created new log segment /home/runner/work/ozone/ozone/hadoop-ozone/integration-test/target/test-dir/MiniOzoneClusterImpl-a1e163cb-5647-48ea-b1dc-b51dce44f61a/datanode-6/data/ratis/6c3ce9b5-6018-42b4-b968-2f65dadd13f6/current/log_inprogress_0
2021-08-17 11:50:28,627 [grpc-default-executor-2] INFO  server.RaftServer$Division (RaftServerImpl.java:requestVote(1043)) - e2fcfc86-2f0c-4267-bafe-682e5fd2fca7@group-6F6174E45E92: receive requestVote(ELECTION, 0bf441c2-8cd8-4ced-8476-22eca18377b1, group-6F6174E45E92, 2, (t:0, i:0))
2021-08-17 11:50:28,627 [grpc-default-executor-2] INFO  impl.VoteContext (VoteContext.java:log(48)) - e2fcfc86-2f0c-4267-bafe-682e5fd2fca7@group-6F6174E45E92-CANDIDATE: reject ELECTION from 0bf441c2-8cd8-4ced-8476-22eca18377b1: already has voted for e2fcfc86-2f0c-4267-bafe-682e5fd2fca7 at current term 2
2021-08-17 11:50:28,627 [grpc-default-executor-2] INFO  server.RaftServer$Division (RaftServerImpl.java:requestVote(1075)) - e2fcfc86-2f0c-4267-bafe-682e5fd2fca7@group-6F6174E45E92 replies to ELECTION vote request: 0bf441c2-8cd8-4ced-8476-22eca18377b1<-e2fcfc86-2f0c-4267-bafe-682e5fd2fca7#0:FAIL-t2. Peer's state: e2fcfc86-2f0c-4267-bafe-682e5fd2fca7@group-6F6174E45E92:t2, leader=null, voted=e2fcfc86-2f0c-4267-bafe-682e5fd2fca7, raftlog=e2fcfc86-2f0c-4267-bafe-682e5fd2fca7@group-6F6174E45E92-SegmentedRaftLog:OPENED:c-1,f-1,i0, conf=-1: [2424882f-c429-4c69-9245-ccac92145c6c|rpc:10.1.0.37:43989|dataStream:|priority:0, 0bf441c2-8cd8-4ced-8476-22eca18377b1|rpc:10.1.0.37:38591|dataStream:|priority:0, e2fcfc86-2f0c-4267-bafe-682e5fd2fca7|rpc:10.1.0.37:43155|dataStream:|priority:1], old=null
2021-08-17 11:50:28,628 [4d40c50f-34df-4d8d-ada3-4ecb2b1f4098@group-2F65DADD13F6-LeaderElection77] INFO  server.RaftServer$Division (ServerState.java:setRaftConf(387)) - 4d40c50f-34df-4d8d-ada3-4ecb2b1f4098@group-2F65DADD13F6: set configuration 0: [4d40c50f-34df-4d8d-ada3-4ecb2b1f4098|rpc:10.1.0.37:38377|dataStream:|priority:1], old=null
2021-08-17 11:50:28,628 [e2fcfc86-2f0c-4267-bafe-682e5fd2fca7@group-6F6174E45E92-LeaderElection74] INFO  impl.LeaderElection (LeaderElection.java:askForVotes(308)) - e2fcfc86-2f0c-4267-bafe-682e5fd2fca7@group-6F6174E45E92-LeaderElection74 ELECTION round 0: result REJECTED
2021-08-17 11:50:28,628 [e2fcfc86-2f0c-4267-bafe-682e5fd2fca7@group-6F6174E45E92-LeaderElection74] INFO  server.RaftServer$Division (RaftServerImpl.java:setRole(285)) - e2fcfc86-2f0c-4267-bafe-682e5fd2fca7@group-6F6174E45E92: changes role from CANDIDATE to FOLLOWER at term 2 for REJECTED
2021-08-17 11:50:28,628 [e2fcfc86-2f0c-4267-bafe-682e5fd2fca7@group-6F6174E45E92-LeaderElection74] INFO  impl.RoleInfo (RoleInfo.java:shutdownLeaderElection(121)) - e2fcfc86-2f0c-4267-bafe-682e5fd2fca7: shutdown e2fcfc86-2f0c-4267-bafe-682e5fd2fca7@group-6F6174E45E92-LeaderElection74
2021-08-17 11:50:28,628 [e2fcfc86-2f0c-4267-bafe-682e5fd2fca7@group-6F6174E45E92-LeaderElection74] INFO  impl.RoleInfo (RoleInfo.java:updateAndGet(130)) - e2fcfc86-2f0c-4267-bafe-682e5fd2fca7: start e2fcfc86-2f0c-4267-bafe-682e5fd2fca7@group-6F6174E45E92-FollowerState
2021-08-17 11:50:28,635 [0bf441c2-8cd8-4ced-8476-22eca18377b1@group-6F6174E45E92-LeaderElection76] INFO  impl.LeaderElection (LeaderElection.java:logAndReturn(89)) - 0bf441c2-8cd8-4ced-8476-22eca18377b1@group-6F6174E45E92-LeaderElection76: ELECTION REJECTED received 1 response(s) and 0 exception(s):
2021-08-17 11:50:28,635 [0bf441c2-8cd8-4ced-8476-22eca18377b1@group-6F6174E45E92-LeaderElection76] INFO  impl.LeaderElection (LeaderElection.java:logAndReturn(93)) -   Response 0: 0bf441c2-8cd8-4ced-8476-22eca18377b1<-e2fcfc86-2f0c-4267-bafe-682e5fd2fca7#0:FAIL-t2
2021-08-17 11:50:28,635 [0bf441c2-8cd8-4ced-8476-22eca18377b1@group-6F6174E45E92-LeaderElection76] INFO  impl.LeaderElection (LeaderElection.java:askForVotes(308)) - 0bf441c2-8cd8-4ced-8476-22eca18377b1@group-6F6174E45E92-LeaderElection76 ELECTION round 0: result REJECTED
2021-08-17 11:50:28,635 [0bf441c2-8cd8-4ced-8476-22eca18377b1@group-6F6174E45E92-LeaderElection76] INFO  server.RaftServer$Division (RaftServerImpl.java:setRole(285)) - 0bf441c2-8cd8-4ced-8476-22eca18377b1@group-6F6174E45E92: changes role from CANDIDATE to FOLLOWER at term 2 for REJECTED
2021-08-17 11:50:28,635 [0bf441c2-8cd8-4ced-8476-22eca18377b1@group-6F6174E45E92-LeaderElection76] INFO  impl.RoleInfo (RoleInfo.java:shutdownLeaderElection(121)) - 0bf441c2-8cd8-4ced-8476-22eca18377b1: shutdown 0bf441c2-8cd8-4ced-8476-22eca18377b1@group-6F6174E45E92-LeaderElection76
2021-08-17 11:50:28,635 [0bf441c2-8cd8-4ced-8476-22eca18377b1@group-6F6174E45E92-LeaderElection76] INFO  impl.RoleInfo (RoleInfo.java:updateAndGet(130)) - 0bf441c2-8cd8-4ced-8476-22eca18377b1: start 0bf441c2-8cd8-4ced-8476-22eca18377b1@group-6F6174E45E92-FollowerState
2021-08-17 11:50:28,635 [grpc-default-executor-2] INFO  server.RaftServer$Division (RaftServerImpl.java:requestVote(1043)) - 2424882f-c429-4c69-9245-ccac92145c6c@group-6F6174E45E92: receive requestVote(ELECTION, 0bf441c2-8cd8-4ced-8476-22eca18377b1, group-6F6174E45E92, 2, (t:0, i:0))
2021-08-17 11:50:28,635 [grpc-default-executor-2] INFO  impl.VoteContext (VoteContext.java:log(48)) - 2424882f-c429-4c69-9245-ccac92145c6c@group-6F6174E45E92-FOLLOWER: reject ELECTION from 0bf441c2-8cd8-4ced-8476-22eca18377b1: already has voted for 2424882f-c429-4c69-9245-ccac92145c6c at current term 2
2021-08-17 11:50:28,635 [grpc-default-executor-2] INFO  server.RaftServer$Division (RaftServerImpl.java:requestVote(1075)) - 2424882f-c429-4c69-9245-ccac92145c6c@group-6F6174E45E92 replies to ELECTION vote request: 0bf441c2-8cd8-4ced-8476-22eca18377b1<-2424882f-c429-4c69-9245-ccac92145c6c#0:FAIL-t2. Peer's state: 2424882f-c429-4c69-9245-ccac92145c6c@group-6F6174E45E92:t2, leader=null, voted=2424882f-c429-4c69-9245-ccac92145c6c, raftlog=2424882f-c429-4c69-9245-ccac92145c6c@group-6F6174E45E92-SegmentedRaftLog:OPENED:c-1,f-1,i0, conf=-1: [2424882f-c429-4c69-9245-ccac92145c6c|rpc:10.1.0.37:43989|priority:0, 0bf441c2-8cd8-4ced-8476-22eca18377b1|rpc:10.1.0.37:38591|priority:0, e2fcfc86-2f0c-4267-bafe-682e5fd2fca7|rpc:10.1.0.37:43155|priority:1], old=null
2021-08-17 11:50:28,657 [Datanode State Machine Thread - 0] WARN  statemachine.StateContext (StateContext.java:execute(621)) - No available thread in pool for past 1 seconds.
2021-08-17 11:50:28,752 [EventQueue-OpenPipelineForHealthyPipelineSafeModeRule] INFO  safemode.SCMSafeModeManager (HealthyPipelineSafeModeRule.java:process(124)) - SCM in safe mode. Healthy pipelines reported count is 0, required healthy pipeline reported count is 1
2021-08-17 11:50:29,214 [Listener at 127.0.0.1/40861] INFO  ozone.MiniOzoneClusterImpl (MiniOzoneClusterImpl.java:lambda$waitForClusterToBeReady$0(235)) - Nodes are ready. Got 9 of 9 DN Heartbeats.
2021-08-17 11:50:29,214 [Listener at 127.0.0.1/40861] INFO  ozone.MiniOzoneClusterImpl (MiniOzoneClusterImpl.java:lambda$waitForClusterToBeReady$0(238)) - Waiting for cluster to exit safe mode
2021-08-17 11:50:29,214 [Listener at 127.0.0.1/40861] INFO  ozone.MiniOzoneClusterImpl (MiniOzoneClusterImpl.java:lambda$waitForClusterToBeReady$0(240)) - SCM became leader
2021-08-17 11:50:29,691 [b04f16c0-2a60-4c52-b6a0-e9a8376fd099@group-DC37525C1773-FollowerState] INFO  impl.FollowerState (FollowerState.java:run(134)) - b04f16c0-2a60-4c52-b6a0-e9a8376fd099@group-DC37525C1773-FollowerState: change to CANDIDATE, lastRpcElapsedTime:5078834773ns, electionTimeout:5041ms
2021-08-17 11:50:29,691 [b04f16c0-2a60-4c52-b6a0-e9a8376fd099@group-DC37525C1773-FollowerState] INFO  impl.RoleInfo (RoleInfo.java:shutdownFollowerState(108)) - b04f16c0-2a60-4c52-b6a0-e9a8376fd099: shutdown b04f16c0-2a60-4c52-b6a0-e9a8376fd099@group-DC37525C1773-FollowerState
2021-08-17 11:50:29,691 [b04f16c0-2a60-4c52-b6a0-e9a8376fd099@group-DC37525C1773-FollowerState] INFO  server.RaftServer$Division (RaftServerImpl.java:setRole(285)) - b04f16c0-2a60-4c52-b6a0-e9a8376fd099@group-DC37525C1773: changes role from  FOLLOWER to CANDIDATE at term 0 for changeToCandidate
2021-08-17 11:50:29,693 [b04f16c0-2a60-4c52-b6a0-e9a8376fd099@group-DC37525C1773-FollowerState] INFO  server.RaftServerConfigKeys (ConfUtils.java:logGet(44)) - raft.server.leaderelection.pre-vote = false (custom)
2021-08-17 11:50:29,693 [b04f16c0-2a60-4c52-b6a0-e9a8376fd099@group-DC37525C1773-FollowerState] INFO  impl.RoleInfo (RoleInfo.java:updateAndGet(130)) - b04f16c0-2a60-4c52-b6a0-e9a8376fd099: start b04f16c0-2a60-4c52-b6a0-e9a8376fd099@group-DC37525C1773-LeaderElection78
2021-08-17 11:50:29,767 [b04f16c0-2a60-4c52-b6a0-e9a8376fd099@group-A793FA70953A-FollowerState] INFO  impl.FollowerState (FollowerState.java:run(134)) - b04f16c0-2a60-4c52-b6a0-e9a8376fd099@group-A793FA70953A-FollowerState: change to CANDIDATE, lastRpcElapsedTime:5187065369ns, electionTimeout:5186ms
2021-08-17 11:50:29,768 [b04f16c0-2a60-4c52-b6a0-e9a8376fd099@group-A793FA70953A-FollowerState] INFO  impl.RoleInfo (RoleInfo.java:shutdownFollowerState(108)) - b04f16c0-2a60-4c52-b6a0-e9a8376fd099: shutdown b04f16c0-2a60-4c52-b6a0-e9a8376fd099@group-A793FA70953A-FollowerState
2021-08-17 11:50:29,768 [b04f16c0-2a60-4c52-b6a0-e9a8376fd099@group-A793FA70953A-FollowerState] INFO  server.RaftServer$Division (RaftServerImpl.java:setRole(285)) - b04f16c0-2a60-4c52-b6a0-e9a8376fd099@group-A793FA70953A: changes role from  FOLLOWER to CANDIDATE at term 0 for changeToCandidate
2021-08-17 11:50:29,768 [b04f16c0-2a60-4c52-b6a0-e9a8376fd099@group-A793FA70953A-FollowerState] INFO  server.RaftServerConfigKeys (ConfUtils.java:logGet(44)) - raft.server.leaderelection.pre-vote = false (custom)
2021-08-17 11:50:29,768 [b04f16c0-2a60-4c52-b6a0-e9a8376fd099@group-A793FA70953A-FollowerState] INFO  impl.RoleInfo (RoleInfo.java:updateAndGet(130)) - b04f16c0-2a60-4c52-b6a0-e9a8376fd099: start b04f16c0-2a60-4c52-b6a0-e9a8376fd099@group-A793FA70953A-LeaderElection79
2021-08-17 11:50:29,874 [b04f16c0-2a60-4c52-b6a0-e9a8376fd099@group-A793FA70953A-LeaderElection79] INFO  impl.LeaderElection (LeaderElection.java:askForVotes(306)) - b04f16c0-2a60-4c52-b6a0-e9a8376fd099@group-A793FA70953A-LeaderElection79 ELECTION round 0: submit vote requests at term 1 for -1: [b04f16c0-2a60-4c52-b6a0-e9a8376fd099|rpc:10.1.0.37:38575|priority:1], old=null
2021-08-17 11:50:29,874 [b04f16c0-2a60-4c52-b6a0-e9a8376fd099@group-A793FA70953A-LeaderElection79] INFO  impl.LeaderElection (LeaderElection.java:askForVotes(308)) - b04f16c0-2a60-4c52-b6a0-e9a8376fd099@group-A793FA70953A-LeaderElection79 ELECTION round 0: result PASSED (term=1)
2021-08-17 11:50:29,874 [b04f16c0-2a60-4c52-b6a0-e9a8376fd099@group-A793FA70953A-LeaderElection79] INFO  impl.RoleInfo (RoleInfo.java:shutdownLeaderElection(121)) - b04f16c0-2a60-4c52-b6a0-e9a8376fd099: shutdown b04f16c0-2a60-4c52-b6a0-e9a8376fd099@group-A793FA70953A-LeaderElection79
2021-08-17 11:50:29,874 [b04f16c0-2a60-4c52-b6a0-e9a8376fd099@group-A793FA70953A-LeaderElection79] INFO  server.RaftServer$Division (RaftServerImpl.java:setRole(285)) - b04f16c0-2a60-4c52-b6a0-e9a8376fd099@group-A793FA70953A: changes role from CANDIDATE to LEADER at term 1 for changeToLeader
2021-08-17 11:50:29,874 [b04f16c0-2a60-4c52-b6a0-e9a8376fd099@group-A793FA70953A-LeaderElection79] INFO  ratis.XceiverServerRatis (XceiverServerRatis.java:handleLeaderChangedNotification(861)) - Leader change notification received for group: group-A793FA70953A with new leaderId: b04f16c0-2a60-4c52-b6a0-e9a8376fd099
2021-08-17 11:50:29,874 [b04f16c0-2a60-4c52-b6a0-e9a8376fd099@group-A793FA70953A-LeaderElection79] INFO  server.RaftServer$Division (ServerState.java:setLeader(285)) - b04f16c0-2a60-4c52-b6a0-e9a8376fd099@group-A793FA70953A: change Leader from null to b04f16c0-2a60-4c52-b6a0-e9a8376fd099 at term 1 for becomeLeader, leader elected after 5344ms
2021-08-17 11:50:29,874 [b04f16c0-2a60-4c52-b6a0-e9a8376fd099@group-A793FA70953A-LeaderElection79] INFO  server.RaftServerConfigKeys (ConfUtils.java:logGet(44)) - raft.server.staging.catchup.gap = 1000 (default)
2021-08-17 11:50:29,874 [Datanode State Machine Thread - 0] WARN  statemachine.StateContext (StateContext.java:execute(621)) - No available thread in pool for past 1 seconds.
2021-08-17 11:50:29,875 [b04f16c0-2a60-4c52-b6a0-e9a8376fd099@group-A793FA70953A-LeaderElection79] INFO  server.RaftServerConfigKeys (ConfUtils.java:logGet(44)) - raft.server.write.element-limit = 1024 (custom)
2021-08-17 11:50:29,875 [b04f16c0-2a60-4c52-b6a0-e9a8376fd099@group-A793FA70953A-LeaderElection79] INFO  server.RaftServerConfigKeys (ConfUtils.java:logGet(44)) - raft.server.write.byte-limit = 1024 M (=1073741824) (custom)
2021-08-17 11:50:29,875 [b04f16c0-2a60-4c52-b6a0-e9a8376fd099@group-A793FA70953A-LeaderElection79] INFO  server.RaftServerConfigKeys (ConfUtils.java:logGet(44)) - raft.server.watch.timeout = 3000ms (custom)
2021-08-17 11:50:29,875 [b04f16c0-2a60-4c52-b6a0-e9a8376fd099@group-A793FA70953A-LeaderElection79] INFO  server.RaftServerConfigKeys (ConfUtils.java:logGet(44)) - raft.server.watch.timeout.denomination = 1s (default)
2021-08-17 11:50:29,875 [b04f16c0-2a60-4c52-b6a0-e9a8376fd099@group-A793FA70953A-LeaderElection79] INFO  server.RaftServerConfigKeys (ConfUtils.java:logGet(44)) - raft.server.watch.element-limit = 65536 (default)
2021-08-17 11:50:29,875 [EventQueue-OpenPipelineForHealthyPipelineSafeModeRule] INFO  safemode.SCMSafeModeManager (HealthyPipelineSafeModeRule.java:process(124)) - SCM in safe mode. Healthy pipelines reported count is 0, required healthy pipeline reported count is 1
2021-08-17 11:50:29,875 [b04f16c0-2a60-4c52-b6a0-e9a8376fd099@group-A793FA70953A-LeaderElection79] INFO  impl.RoleInfo (RoleInfo.java:updateAndGet(130)) - b04f16c0-2a60-4c52-b6a0-e9a8376fd099: start b04f16c0-2a60-4c52-b6a0-e9a8376fd099@group-A793FA70953A-LeaderStateImpl
2021-08-17 11:50:29,876 [b04f16c0-2a60-4c52-b6a0-e9a8376fd099@group-A793FA70953A-LeaderElection79] INFO  segmented.SegmentedRaftLogWorker (SegmentedRaftLogWorker.java:startLogSegment(394)) - b04f16c0-2a60-4c52-b6a0-e9a8376fd099@group-A793FA70953A-SegmentedRaftLogWorker: Starting segment from index:0
2021-08-17 11:50:29,876 [b04f16c0-2a60-4c52-b6a0-e9a8376fd099@group-DC37525C1773-LeaderElection78] INFO  impl.LeaderElection (LeaderElection.java:askForVotes(306)) - b04f16c0-2a60-4c52-b6a0-e9a8376fd099@group-DC37525C1773-LeaderElection78 ELECTION round 0: submit vote requests at term 1 for -1: [c2837b3a-083f-4317-9098-ed9e2645ea67|rpc:10.1.0.37:40281|priority:0, b04f16c0-2a60-4c52-b6a0-e9a8376fd099|rpc:10.1.0.37:38575|priority:0, 4d40c50f-34df-4d8d-ada3-4ecb2b1f4098|rpc:10.1.0.37:38377|priority:1], old=null
2021-08-17 11:50:29,877 [b04f16c0-2a60-4c52-b6a0-e9a8376fd099@group-A793FA70953A-SegmentedRaftLogWorker] INFO  segmented.SegmentedRaftLogWorker (SegmentedRaftLogWorker.java:execute(601)) - b04f16c0-2a60-4c52-b6a0-e9a8376fd099@group-A793FA70953A-SegmentedRaftLogWorker: created new log segment /home/runner/work/ozone/ozone/hadoop-ozone/integration-test/target/test-dir/MiniOzoneClusterImpl-a1e163cb-5647-48ea-b1dc-b51dce44f61a/datanode-7/data/ratis/62297862-5cc6-4197-ad59-a793fa70953a/current/log_inprogress_0
2021-08-17 11:50:29,967 [b04f16c0-2a60-4c52-b6a0-e9a8376fd099@group-A793FA70953A-LeaderElection79] INFO  server.RaftServer$Division (ServerState.java:setRaftConf(387)) - b04f16c0-2a60-4c52-b6a0-e9a8376fd099@group-A793FA70953A: set configuration 0: [b04f16c0-2a60-4c52-b6a0-e9a8376fd099|rpc:10.1.0.37:38575|dataStream:|priority:1], old=null
2021-08-17 11:50:30,046 [grpc-default-executor-2] INFO  server.RaftServer$Division (RaftServerImpl.java:requestVote(1043)) - c2837b3a-083f-4317-9098-ed9e2645ea67@group-DC37525C1773: receive requestVote(ELECTION, b04f16c0-2a60-4c52-b6a0-e9a8376fd099, group-DC37525C1773, 1, (t:0, i:0))
2021-08-17 11:50:30,047 [grpc-default-executor-2] INFO  impl.VoteContext (VoteContext.java:log(48)) - c2837b3a-083f-4317-9098-ed9e2645ea67@group-DC37525C1773-FOLLOWER: accept ELECTION from b04f16c0-2a60-4c52-b6a0-e9a8376fd099: our priority 0 <= candidate's priority 0
2021-08-17 11:50:30,047 [grpc-default-executor-2] INFO  server.RaftServer$Division (RaftServerImpl.java:setRole(285)) - c2837b3a-083f-4317-9098-ed9e2645ea67@group-DC37525C1773: changes role from  FOLLOWER to FOLLOWER at term 1 for candidate:b04f16c0-2a60-4c52-b6a0-e9a8376fd099
2021-08-17 11:50:30,047 [grpc-default-executor-2] INFO  impl.RoleInfo (RoleInfo.java:shutdownFollowerState(108)) - c2837b3a-083f-4317-9098-ed9e2645ea67: shutdown c2837b3a-083f-4317-9098-ed9e2645ea67@group-DC37525C1773-FollowerState
2021-08-17 11:50:30,047 [grpc-default-executor-2] INFO  impl.RoleInfo (RoleInfo.java:updateAndGet(130)) - c2837b3a-083f-4317-9098-ed9e2645ea67: start c2837b3a-083f-4317-9098-ed9e2645ea67@group-DC37525C1773-FollowerState
2021-08-17 11:50:30,047 [c2837b3a-083f-4317-9098-ed9e2645ea67@group-DC37525C1773-FollowerState] INFO  impl.FollowerState (FollowerState.java:run(143)) - c2837b3a-083f-4317-9098-ed9e2645ea67@group-DC37525C1773-FollowerState was interrupted: {}
java.lang.InterruptedException: sleep interrupted
	at java.lang.Thread.sleep(Native Method)
	at java.lang.Thread.sleep(Thread.java:340)
	at java.util.concurrent.TimeUnit.sleep(TimeUnit.java:386)
	at org.apache.ratis.util.TimeDuration.sleep(TimeDuration.java:324)
	at org.apache.ratis.util.TimeDuration.sleep(TimeDuration.java:309)
	at org.apache.ratis.server.impl.FollowerState.run(FollowerState.java:118)
2021-08-17 11:50:30,061 [grpc-default-executor-2] INFO  server.RaftServer$Division (RaftServerImpl.java:requestVote(1075)) - c2837b3a-083f-4317-9098-ed9e2645ea67@group-DC37525C1773 replies to ELECTION vote request: b04f16c0-2a60-4c52-b6a0-e9a8376fd099<-c2837b3a-083f-4317-9098-ed9e2645ea67#0:OK-t1. Peer's state: c2837b3a-083f-4317-9098-ed9e2645ea67@group-DC37525C1773:t1, leader=null, voted=b04f16c0-2a60-4c52-b6a0-e9a8376fd099, raftlog=c2837b3a-083f-4317-9098-ed9e2645ea67@group-DC37525C1773-SegmentedRaftLog:OPENED:c-1,f-1,i0, conf=-1: [c2837b3a-083f-4317-9098-ed9e2645ea67|rpc:10.1.0.37:40281|dataStream:|priority:0, b04f16c0-2a60-4c52-b6a0-e9a8376fd099|rpc:10.1.0.37:38575|dataStream:|priority:0, 4d40c50f-34df-4d8d-ada3-4ecb2b1f4098|rpc:10.1.0.37:38377|dataStream:|priority:1], old=null
2021-08-17 11:50:30,118 [grpc-default-executor-1] INFO  server.RaftServer$Division (RaftServerImpl.java:requestVote(1043)) - 4d40c50f-34df-4d8d-ada3-4ecb2b1f4098@group-DC37525C1773: receive requestVote(ELECTION, b04f16c0-2a60-4c52-b6a0-e9a8376fd099, group-DC37525C1773, 1, (t:0, i:0))
2021-08-17 11:50:30,118 [grpc-default-executor-1] INFO  impl.VoteContext (VoteContext.java:log(48)) - 4d40c50f-34df-4d8d-ada3-4ecb2b1f4098@group-DC37525C1773-FOLLOWER: reject ELECTION from b04f16c0-2a60-4c52-b6a0-e9a8376fd099: our priority 1 > candidate's priority 0
2021-08-17 11:50:30,119 [grpc-default-executor-1] INFO  server.RaftServer$Division (RaftServerImpl.java:setRole(285)) - 4d40c50f-34df-4d8d-ada3-4ecb2b1f4098@group-DC37525C1773: changes role from  FOLLOWER to FOLLOWER at term 1 for candidate:b04f16c0-2a60-4c52-b6a0-e9a8376fd099
2021-08-17 11:50:30,119 [grpc-default-executor-1] INFO  impl.RoleInfo (RoleInfo.java:shutdownFollowerState(108)) - 4d40c50f-34df-4d8d-ada3-4ecb2b1f4098: shutdown 4d40c50f-34df-4d8d-ada3-4ecb2b1f4098@group-DC37525C1773-FollowerState
2021-08-17 11:50:30,119 [grpc-default-executor-1] INFO  impl.RoleInfo (RoleInfo.java:updateAndGet(130)) - 4d40c50f-34df-4d8d-ada3-4ecb2b1f4098: start 4d40c50f-34df-4d8d-ada3-4ecb2b1f4098@group-DC37525C1773-FollowerState
2021-08-17 11:50:30,119 [4d40c50f-34df-4d8d-ada3-4ecb2b1f4098@group-DC37525C1773-FollowerState] INFO  impl.FollowerState (FollowerState.java:run(143)) - 4d40c50f-34df-4d8d-ada3-4ecb2b1f4098@group-DC37525C1773-FollowerState was interrupted: {}
java.lang.InterruptedException: sleep interrupted
	at java.lang.Thread.sleep(Native Method)
	at java.lang.Thread.sleep(Thread.java:340)
	at java.util.concurrent.TimeUnit.sleep(TimeUnit.java:386)
	at org.apache.ratis.util.TimeDuration.sleep(TimeDuration.java:324)
	at org.apache.ratis.util.TimeDuration.sleep(TimeDuration.java:309)
	at org.apache.ratis.server.impl.FollowerState.run(FollowerState.java:118)
2021-08-17 11:50:30,120 [grpc-default-executor-1] INFO  server.RaftServer$Division (RaftServerImpl.java:requestVote(1075)) - 4d40c50f-34df-4d8d-ada3-4ecb2b1f4098@group-DC37525C1773 replies to ELECTION vote request: b04f16c0-2a60-4c52-b6a0-e9a8376fd099<-4d40c50f-34df-4d8d-ada3-4ecb2b1f4098#0:FAIL-t1. Peer's state: 4d40c50f-34df-4d8d-ada3-4ecb2b1f4098@group-DC37525C1773:t1, leader=null, voted=null, raftlog=4d40c50f-34df-4d8d-ada3-4ecb2b1f4098@group-DC37525C1773-SegmentedRaftLog:OPENED:c-1,f-1,i0, conf=-1: [c2837b3a-083f-4317-9098-ed9e2645ea67|rpc:10.1.0.37:40281|dataStream:|priority:0, b04f16c0-2a60-4c52-b6a0-e9a8376fd099|rpc:10.1.0.37:38575|dataStream:|priority:0, 4d40c50f-34df-4d8d-ada3-4ecb2b1f4098|rpc:10.1.0.37:38377|dataStream:|priority:1], old=null
2021-08-17 11:50:30,204 [b04f16c0-2a60-4c52-b6a0-e9a8376fd099@group-DC37525C1773-LeaderElection78] INFO  impl.LeaderElection (LeaderElection.java:logAndReturn(89)) - b04f16c0-2a60-4c52-b6a0-e9a8376fd099@group-DC37525C1773-LeaderElection78: ELECTION REJECTED received 2 response(s) and 0 exception(s):
2021-08-17 11:50:30,204 [b04f16c0-2a60-4c52-b6a0-e9a8376fd099@group-DC37525C1773-LeaderElection78] INFO  impl.LeaderElection (LeaderElection.java:logAndReturn(93)) -   Response 0: b04f16c0-2a60-4c52-b6a0-e9a8376fd099<-c2837b3a-083f-4317-9098-ed9e2645ea67#0:OK-t1
2021-08-17 11:50:30,204 [b04f16c0-2a60-4c52-b6a0-e9a8376fd099@group-DC37525C1773-LeaderElection78] INFO  impl.LeaderElection (LeaderElection.java:logAndReturn(93)) -   Response 1: b04f16c0-2a60-4c52-b6a0-e9a8376fd099<-4d40c50f-34df-4d8d-ada3-4ecb2b1f4098#0:FAIL-t1
2021-08-17 11:50:30,204 [b04f16c0-2a60-4c52-b6a0-e9a8376fd099@group-DC37525C1773-LeaderElection78] INFO  impl.LeaderElection (LeaderElection.java:askForVotes(308)) - b04f16c0-2a60-4c52-b6a0-e9a8376fd099@group-DC37525C1773-LeaderElection78 ELECTION round 0: result REJECTED
2021-08-17 11:50:30,204 [b04f16c0-2a60-4c52-b6a0-e9a8376fd099@group-DC37525C1773-LeaderElection78] INFO  server.RaftServer$Division (RaftServerImpl.java:setRole(285)) - b04f16c0-2a60-4c52-b6a0-e9a8376fd099@group-DC37525C1773: changes role from CANDIDATE to FOLLOWER at term 1 for REJECTED
2021-08-17 11:50:30,204 [b04f16c0-2a60-4c52-b6a0-e9a8376fd099@group-DC37525C1773-LeaderElection78] INFO  impl.RoleInfo (RoleInfo.java:shutdownLeaderElection(121)) - b04f16c0-2a60-4c52-b6a0-e9a8376fd099: shutdown b04f16c0-2a60-4c52-b6a0-e9a8376fd099@group-DC37525C1773-LeaderElection78
2021-08-17 11:50:30,204 [b04f16c0-2a60-4c52-b6a0-e9a8376fd099@group-DC37525C1773-LeaderElection78] INFO  impl.RoleInfo (RoleInfo.java:updateAndGet(130)) - b04f16c0-2a60-4c52-b6a0-e9a8376fd099: start b04f16c0-2a60-4c52-b6a0-e9a8376fd099@group-DC37525C1773-FollowerState
2021-08-17 11:50:30,217 [Listener at 127.0.0.1/40861] INFO  ozone.MiniOzoneClusterImpl (MiniOzoneClusterImpl.java:lambda$waitForClusterToBeReady$0(235)) - Nodes are ready. Got 9 of 9 DN Heartbeats.
2021-08-17 11:50:30,217 [Listener at 127.0.0.1/40861] INFO  ozone.MiniOzoneClusterImpl (MiniOzoneClusterImpl.java:lambda$waitForClusterToBeReady$0(238)) - Waiting for cluster to exit safe mode
2021-08-17 11:50:30,217 [Listener at 127.0.0.1/40861] INFO  ozone.MiniOzoneClusterImpl (MiniOzoneClusterImpl.java:lambda$waitForClusterToBeReady$0(240)) - SCM became leader
2021-08-17 11:50:31,093 [ce9e4e21-b8b3-47e8-a05b-7ed0cb4ed4d0@group-24113E272142-FollowerState] INFO  impl.FollowerState (FollowerState.java:run(134)) - ce9e4e21-b8b3-47e8-a05b-7ed0cb4ed4d0@group-24113E272142-FollowerState: change to CANDIDATE, lastRpcElapsedTime:5123615374ns, electionTimeout:5018ms
2021-08-17 11:50:31,093 [ce9e4e21-b8b3-47e8-a05b-7ed0cb4ed4d0@group-24113E272142-FollowerState] INFO  impl.RoleInfo (RoleInfo.java:shutdownFollowerState(108)) - ce9e4e21-b8b3-47e8-a05b-7ed0cb4ed4d0: shutdown ce9e4e21-b8b3-47e8-a05b-7ed0cb4ed4d0@group-24113E272142-FollowerState
2021-08-17 11:50:31,093 [ce9e4e21-b8b3-47e8-a05b-7ed0cb4ed4d0@group-24113E272142-FollowerState] INFO  server.RaftServer$Division (RaftServerImpl.java:setRole(285)) - ce9e4e21-b8b3-47e8-a05b-7ed0cb4ed4d0@group-24113E272142: changes role from  FOLLOWER to CANDIDATE at term 1 for changeToCandidate
2021-08-17 11:50:31,093 [ce9e4e21-b8b3-47e8-a05b-7ed0cb4ed4d0@group-24113E272142-FollowerState] INFO  server.RaftServerConfigKeys (ConfUtils.java:logGet(44)) - raft.server.leaderelection.pre-vote = false (custom)
2021-08-17 11:50:31,093 [ce9e4e21-b8b3-47e8-a05b-7ed0cb4ed4d0@group-24113E272142-FollowerState] INFO  impl.RoleInfo (RoleInfo.java:updateAndGet(130)) - ce9e4e21-b8b3-47e8-a05b-7ed0cb4ed4d0: start ce9e4e21-b8b3-47e8-a05b-7ed0cb4ed4d0@group-24113E272142-LeaderElection80
2021-08-17 11:50:31,099 [c0cb38e9-ad72-45c7-87a7-238cd12f7624@group-24113E272142-FollowerState] INFO  impl.FollowerState (FollowerState.java:run(134)) - c0cb38e9-ad72-45c7-87a7-238cd12f7624@group-24113E272142-FollowerState: change to CANDIDATE, lastRpcElapsedTime:5091759934ns, electionTimeout:5054ms
2021-08-17 11:50:31,099 [c0cb38e9-ad72-45c7-87a7-238cd12f7624@group-24113E272142-FollowerState] INFO  impl.RoleInfo (RoleInfo.java:shutdownFollowerState(108)) - c0cb38e9-ad72-45c7-87a7-238cd12f7624: shutdown c0cb38e9-ad72-45c7-87a7-238cd12f7624@group-24113E272142-FollowerState
2021-08-17 11:50:31,099 [c0cb38e9-ad72-45c7-87a7-238cd12f7624@group-24113E272142-FollowerState] INFO  server.RaftServer$Division (RaftServerImpl.java:setRole(285)) - c0cb38e9-ad72-45c7-87a7-238cd12f7624@group-24113E272142: changes role from  FOLLOWER to CANDIDATE at term 1 for changeToCandidate
2021-08-17 11:50:31,099 [c0cb38e9-ad72-45c7-87a7-238cd12f7624@group-24113E272142-FollowerState] INFO  server.RaftServerConfigKeys (ConfUtils.java:logGet(44)) - raft.server.leaderelection.pre-vote = false (custom)
2021-08-17 11:50:31,099 [c0cb38e9-ad72-45c7-87a7-238cd12f7624@group-24113E272142-FollowerState] INFO  impl.RoleInfo (RoleInfo.java:updateAndGet(130)) - c0cb38e9-ad72-45c7-87a7-238cd12f7624: start c0cb38e9-ad72-45c7-87a7-238cd12f7624@group-24113E272142-LeaderElection81
2021-08-17 11:50:31,134 [ce9e4e21-b8b3-47e8-a05b-7ed0cb4ed4d0@group-24113E272142-LeaderElection80] INFO  impl.LeaderElection (LeaderElection.java:askForVotes(306)) - ce9e4e21-b8b3-47e8-a05b-7ed0cb4ed4d0@group-24113E272142-LeaderElection80 ELECTION round 0: submit vote requests at term 2 for -1: [e067f3b0-4632-4f84-b71c-08c70f7756fb|rpc:10.1.0.37:40437|dataStream:|priority:0, c0cb38e9-ad72-45c7-87a7-238cd12f7624|rpc:10.1.0.37:45031|dataStream:|priority:0, ce9e4e21-b8b3-47e8-a05b-7ed0cb4ed4d0|rpc:10.1.0.37:42995|dataStream:|priority:1], old=null
2021-08-17 11:50:31,141 [c0cb38e9-ad72-45c7-87a7-238cd12f7624@group-24113E272142-LeaderElection81] INFO  impl.LeaderElection (LeaderElection.java:askForVotes(306)) - c0cb38e9-ad72-45c7-87a7-238cd12f7624@group-24113E272142-LeaderElection81 ELECTION round 0: submit vote requests at term 2 for -1: [e067f3b0-4632-4f84-b71c-08c70f7756fb|rpc:10.1.0.37:40437|priority:0, c0cb38e9-ad72-45c7-87a7-238cd12f7624|rpc:10.1.0.37:45031|priority:0, ce9e4e21-b8b3-47e8-a05b-7ed0cb4ed4d0|rpc:10.1.0.37:42995|priority:1], old=null
2021-08-17 11:50:31,174 [grpc-default-executor-1] INFO  server.RaftServer$Division (RaftServerImpl.java:requestVote(1043)) - e067f3b0-4632-4f84-b71c-08c70f7756fb@group-24113E272142: receive requestVote(ELECTION, ce9e4e21-b8b3-47e8-a05b-7ed0cb4ed4d0, group-24113E272142, 2, (t:0, i:0))
2021-08-17 11:50:31,174 [grpc-default-executor-1] INFO  impl.VoteContext (VoteContext.java:log(48)) - e067f3b0-4632-4f84-b71c-08c70f7756fb@group-24113E272142-FOLLOWER: accept ELECTION from ce9e4e21-b8b3-47e8-a05b-7ed0cb4ed4d0: our priority 0 <= candidate's priority 1
2021-08-17 11:50:31,174 [grpc-default-executor-1] INFO  server.RaftServer$Division (RaftServerImpl.java:setRole(285)) - e067f3b0-4632-4f84-b71c-08c70f7756fb@group-24113E272142: changes role from  FOLLOWER to FOLLOWER at term 2 for candidate:ce9e4e21-b8b3-47e8-a05b-7ed0cb4ed4d0
2021-08-17 11:50:31,174 [grpc-default-executor-1] INFO  impl.RoleInfo (RoleInfo.java:shutdownFollowerState(108)) - e067f3b0-4632-4f84-b71c-08c70f7756fb: shutdown e067f3b0-4632-4f84-b71c-08c70f7756fb@group-24113E272142-FollowerState
2021-08-17 11:50:31,218 [grpc-default-executor-1] INFO  impl.RoleInfo (RoleInfo.java:updateAndGet(130)) - e067f3b0-4632-4f84-b71c-08c70f7756fb: start e067f3b0-4632-4f84-b71c-08c70f7756fb@group-24113E272142-FollowerState
2021-08-17 11:50:31,218 [grpc-default-executor-6] INFO  server.RaftServer$Division (RaftServerImpl.java:requestVote(1043)) - e067f3b0-4632-4f84-b71c-08c70f7756fb@group-24113E272142: receive requestVote(ELECTION, c0cb38e9-ad72-45c7-87a7-238cd12f7624, group-24113E272142, 2, (t:0, i:0))
2021-08-17 11:50:31,219 [Listener at 127.0.0.1/40861] INFO  ozone.MiniOzoneClusterImpl (MiniOzoneClusterImpl.java:lambda$waitForClusterToBeReady$0(235)) - Nodes are ready. Got 9 of 9 DN Heartbeats.
2021-08-17 11:50:31,219 [Listener at 127.0.0.1/40861] INFO  ozone.MiniOzoneClusterImpl (MiniOzoneClusterImpl.java:lambda$waitForClusterToBeReady$0(238)) - Waiting for cluster to exit safe mode
2021-08-17 11:50:31,219 [Listener at 127.0.0.1/40861] INFO  ozone.MiniOzoneClusterImpl (MiniOzoneClusterImpl.java:lambda$waitForClusterToBeReady$0(240)) - SCM became leader
2021-08-17 11:50:31,225 [grpc-default-executor-1] INFO  server.RaftServer$Division (RaftServerImpl.java:requestVote(1075)) - e067f3b0-4632-4f84-b71c-08c70f7756fb@group-24113E272142 replies to ELECTION vote request: ce9e4e21-b8b3-47e8-a05b-7ed0cb4ed4d0<-e067f3b0-4632-4f84-b71c-08c70f7756fb#0:OK-t2. Peer's state: e067f3b0-4632-4f84-b71c-08c70f7756fb@group-24113E272142:t2, leader=null, voted=ce9e4e21-b8b3-47e8-a05b-7ed0cb4ed4d0, raftlog=e067f3b0-4632-4f84-b71c-08c70f7756fb@group-24113E272142-SegmentedRaftLog:OPENED:c-1,f-1,i0, conf=-1: [e067f3b0-4632-4f84-b71c-08c70f7756fb|rpc:10.1.0.37:40437|dataStream:|priority:0, c0cb38e9-ad72-45c7-87a7-238cd12f7624|rpc:10.1.0.37:45031|dataStream:|priority:0, ce9e4e21-b8b3-47e8-a05b-7ed0cb4ed4d0|rpc:10.1.0.37:42995|dataStream:|priority:1], old=null
2021-08-17 11:50:31,229 [grpc-default-executor-6] INFO  impl.VoteContext (VoteContext.java:log(48)) - e067f3b0-4632-4f84-b71c-08c70f7756fb@group-24113E272142-FOLLOWER: reject ELECTION from c0cb38e9-ad72-45c7-87a7-238cd12f7624: already has voted for ce9e4e21-b8b3-47e8-a05b-7ed0cb4ed4d0 at current term 2
2021-08-17 11:50:31,229 [grpc-default-executor-6] INFO  server.RaftServer$Division (RaftServerImpl.java:requestVote(1075)) - e067f3b0-4632-4f84-b71c-08c70f7756fb@group-24113E272142 replies to ELECTION vote request: c0cb38e9-ad72-45c7-87a7-238cd12f7624<-e067f3b0-4632-4f84-b71c-08c70f7756fb#0:FAIL-t2. Peer's state: e067f3b0-4632-4f84-b71c-08c70f7756fb@group-24113E272142:t2, leader=null, voted=ce9e4e21-b8b3-47e8-a05b-7ed0cb4ed4d0, raftlog=e067f3b0-4632-4f84-b71c-08c70f7756fb@group-24113E272142-SegmentedRaftLog:OPENED:c-1,f-1,i0, conf=-1: [e067f3b0-4632-4f84-b71c-08c70f7756fb|rpc:10.1.0.37:40437|dataStream:|priority:0, c0cb38e9-ad72-45c7-87a7-238cd12f7624|rpc:10.1.0.37:45031|dataStream:|priority:0, ce9e4e21-b8b3-47e8-a05b-7ed0cb4ed4d0|rpc:10.1.0.37:42995|dataStream:|priority:1], old=null
2021-08-17 11:50:31,241 [e067f3b0-4632-4f84-b71c-08c70f7756fb@group-24113E272142-FollowerState] INFO  impl.FollowerState (FollowerState.java:run(134)) - e067f3b0-4632-4f84-b71c-08c70f7756fb@group-24113E272142-FollowerState: change to CANDIDATE, lastRpcElapsedTime:5328576668ns, electionTimeout:5194ms
2021-08-17 11:50:31,241 [e067f3b0-4632-4f84-b71c-08c70f7756fb@group-24113E272142-FollowerState] INFO  impl.RoleInfo (RoleInfo.java:shutdownFollowerState(108)) - e067f3b0-4632-4f84-b71c-08c70f7756fb: shutdown e067f3b0-4632-4f84-b71c-08c70f7756fb@group-24113E272142-FollowerState
2021-08-17 11:50:31,241 [e067f3b0-4632-4f84-b71c-08c70f7756fb@group-24113E272142-FollowerState] INFO  server.RaftServer$Division (RaftServerImpl.java:setRole(285)) - e067f3b0-4632-4f84-b71c-08c70f7756fb@group-24113E272142: changes role from  FOLLOWER to CANDIDATE at term 2 for changeToCandidate
2021-08-17 11:50:31,241 [e067f3b0-4632-4f84-b71c-08c70f7756fb@group-24113E272142-FollowerState] INFO  server.RaftServerConfigKeys (ConfUtils.java:logGet(44)) - raft.server.leaderelection.pre-vote = false (custom)
2021-08-17 11:50:31,241 [e067f3b0-4632-4f84-b71c-08c70f7756fb@group-24113E272142-FollowerState] INFO  impl.RoleInfo (RoleInfo.java:updateAndGet(130)) - e067f3b0-4632-4f84-b71c-08c70f7756fb: start e067f3b0-4632-4f84-b71c-08c70f7756fb@group-24113E272142-LeaderElection82
2021-08-17 11:50:31,248 [e067f3b0-4632-4f84-b71c-08c70f7756fb@group-24113E272142-FollowerState] INFO  impl.FollowerState (FollowerState.java:run(143)) - e067f3b0-4632-4f84-b71c-08c70f7756fb@group-24113E272142-FollowerState was interrupted: {}
java.lang.InterruptedException: sleep interrupted
	at java.lang.Thread.sleep(Native Method)
	at java.lang.Thread.sleep(Thread.java:340)
	at java.util.concurrent.TimeUnit.sleep(TimeUnit.java:386)
	at org.apache.ratis.util.TimeDuration.sleep(TimeDuration.java:324)
	at org.apache.ratis.util.TimeDuration.sleep(TimeDuration.java:309)
	at org.apache.ratis.server.impl.FollowerState.run(FollowerState.java:118)
2021-08-17 11:50:31,271 [e067f3b0-4632-4f84-b71c-08c70f7756fb@group-24113E272142-LeaderElection82] INFO  impl.LeaderElection (LeaderElection.java:askForVotes(306)) - e067f3b0-4632-4f84-b71c-08c70f7756fb@group-24113E272142-LeaderElection82 ELECTION round 0: submit vote requests at term 3 for -1: [e067f3b0-4632-4f84-b71c-08c70f7756fb|rpc:10.1.0.37:40437|dataStream:|priority:0, c0cb38e9-ad72-45c7-87a7-238cd12f7624|rpc:10.1.0.37:45031|dataStream:|priority:0, ce9e4e21-b8b3-47e8-a05b-7ed0cb4ed4d0|rpc:10.1.0.37:42995|dataStream:|priority:1], old=null
2021-08-17 11:50:31,272 [ce9e4e21-b8b3-47e8-a05b-7ed0cb4ed4d0@group-24113E272142-LeaderElection80] INFO  impl.LeaderElection (LeaderElection.java:logAndReturn(89)) - ce9e4e21-b8b3-47e8-a05b-7ed0cb4ed4d0@group-24113E272142-LeaderElection80: ELECTION PASSED received 1 response(s) and 0 exception(s):
2021-08-17 11:50:31,272 [ce9e4e21-b8b3-47e8-a05b-7ed0cb4ed4d0@group-24113E272142-LeaderElection80] INFO  impl.LeaderElection (LeaderElection.java:logAndReturn(93)) -   Response 0: ce9e4e21-b8b3-47e8-a05b-7ed0cb4ed4d0<-e067f3b0-4632-4f84-b71c-08c70f7756fb#0:OK-t2
2021-08-17 11:50:31,314 [ce9e4e21-b8b3-47e8-a05b-7ed0cb4ed4d0@group-24113E272142-LeaderElection80] INFO  impl.LeaderElection (LeaderElection.java:askForVotes(308)) - ce9e4e21-b8b3-47e8-a05b-7ed0cb4ed4d0@group-24113E272142-LeaderElection80 ELECTION round 0: result PASSED
2021-08-17 11:50:31,314 [ce9e4e21-b8b3-47e8-a05b-7ed0cb4ed4d0@group-24113E272142-LeaderElection80] INFO  impl.RoleInfo (RoleInfo.java:shutdownLeaderElection(121)) - ce9e4e21-b8b3-47e8-a05b-7ed0cb4ed4d0: shutdown ce9e4e21-b8b3-47e8-a05b-7ed0cb4ed4d0@group-24113E272142-LeaderElection80
2021-08-17 11:50:31,314 [grpc-default-executor-2] INFO  server.RaftServer$Division (RaftServerImpl.java:requestVote(1043)) - c0cb38e9-ad72-45c7-87a7-238cd12f7624@group-24113E272142: receive requestVote(ELECTION, ce9e4e21-b8b3-47e8-a05b-7ed0cb4ed4d0, group-24113E272142, 2, (t:0, i:0))
2021-08-17 11:50:31,315 [grpc-default-executor-2] INFO  impl.VoteContext (VoteContext.java:log(48)) - c0cb38e9-ad72-45c7-87a7-238cd12f7624@group-24113E272142-CANDIDATE: reject ELECTION from ce9e4e21-b8b3-47e8-a05b-7ed0cb4ed4d0: already has voted for c0cb38e9-ad72-45c7-87a7-238cd12f7624 at current term 2
2021-08-17 11:50:31,315 [grpc-default-executor-2] INFO  server.RaftServer$Division (RaftServerImpl.java:requestVote(1075)) - c0cb38e9-ad72-45c7-87a7-238cd12f7624@group-24113E272142 replies to ELECTION vote request: ce9e4e21-b8b3-47e8-a05b-7ed0cb4ed4d0<-c0cb38e9-ad72-45c7-87a7-238cd12f7624#0:FAIL-t2. Peer's state: c0cb38e9-ad72-45c7-87a7-238cd12f7624@group-24113E272142:t2, leader=null, voted=c0cb38e9-ad72-45c7-87a7-238cd12f7624, raftlog=c0cb38e9-ad72-45c7-87a7-238cd12f7624@group-24113E272142-SegmentedRaftLog:OPENED:c-1,f-1,i0, conf=-1: [e067f3b0-4632-4f84-b71c-08c70f7756fb|rpc:10.1.0.37:40437|priority:0, c0cb38e9-ad72-45c7-87a7-238cd12f7624|rpc:10.1.0.37:45031|priority:0, ce9e4e21-b8b3-47e8-a05b-7ed0cb4ed4d0|rpc:10.1.0.37:42995|priority:1], old=null
2021-08-17 11:50:31,314 [ce9e4e21-b8b3-47e8-a05b-7ed0cb4ed4d0@group-24113E272142-LeaderElection80] INFO  server.RaftServer$Division (RaftServerImpl.java:setRole(285)) - ce9e4e21-b8b3-47e8-a05b-7ed0cb4ed4d0@group-24113E272142: changes role from CANDIDATE to LEADER at term 2 for changeToLeader
2021-08-17 11:50:31,316 [ce9e4e21-b8b3-47e8-a05b-7ed0cb4ed4d0@group-24113E272142-LeaderElection80] INFO  ratis.XceiverServerRatis (XceiverServerRatis.java:handleLeaderChangedNotification(861)) - Leader change notification received for group: group-24113E272142 with new leaderId: ce9e4e21-b8b3-47e8-a05b-7ed0cb4ed4d0
2021-08-17 11:50:31,316 [ce9e4e21-b8b3-47e8-a05b-7ed0cb4ed4d0@group-24113E272142-LeaderElection80] INFO  server.RaftServer$Division (ServerState.java:setLeader(285)) - ce9e4e21-b8b3-47e8-a05b-7ed0cb4ed4d0@group-24113E272142: change Leader from null to ce9e4e21-b8b3-47e8-a05b-7ed0cb4ed4d0 at term 2 for becomeLeader, leader elected after 10512ms
2021-08-17 11:50:31,316 [ce9e4e21-b8b3-47e8-a05b-7ed0cb4ed4d0@group-24113E272142-LeaderElection80] INFO  server.RaftServerConfigKeys (ConfUtils.java:logGet(44)) - raft.server.staging.catchup.gap = 1000 (default)
2021-08-17 11:50:31,317 [ce9e4e21-b8b3-47e8-a05b-7ed0cb4ed4d0@group-24113E272142-LeaderElection80] INFO  server.RaftServerConfigKeys (ConfUtils.java:logGet(44)) - raft.server.write.element-limit = 1024 (custom)
2021-08-17 11:50:31,317 [ce9e4e21-b8b3-47e8-a05b-7ed0cb4ed4d0@group-24113E272142-LeaderElection80] INFO  server.RaftServerConfigKeys (ConfUtils.java:logGet(44)) - raft.server.write.byte-limit = 1024 M (=1073741824) (custom)
2021-08-17 11:50:31,317 [ce9e4e21-b8b3-47e8-a05b-7ed0cb4ed4d0@group-24113E272142-LeaderElection80] INFO  server.RaftServerConfigKeys (ConfUtils.java:logGet(44)) - raft.server.watch.timeout = 3000ms (custom)
2021-08-17 11:50:31,317 [ce9e4e21-b8b3-47e8-a05b-7ed0cb4ed4d0@group-24113E272142-LeaderElection80] INFO  server.RaftServerConfigKeys (ConfUtils.java:logGet(44)) - raft.server.watch.timeout.denomination = 1s (default)
2021-08-17 11:50:31,317 [ce9e4e21-b8b3-47e8-a05b-7ed0cb4ed4d0@group-24113E272142-LeaderElection80] INFO  server.RaftServerConfigKeys (ConfUtils.java:logGet(44)) - raft.server.watch.element-limit = 65536 (default)
2021-08-17 11:50:31,317 [ce9e4e21-b8b3-47e8-a05b-7ed0cb4ed4d0@group-24113E272142-LeaderElection80] INFO  server.RaftServerConfigKeys (ConfUtils.java:logGet(44)) - raft.server.log.appender.snapshot.chunk.size.max = 16MB (=16777216) (default)
2021-08-17 11:50:31,317 [ce9e4e21-b8b3-47e8-a05b-7ed0cb4ed4d0@group-24113E272142-LeaderElection80] INFO  server.RaftServerConfigKeys (ConfUtils.java:logGet(44)) - raft.server.log.appender.buffer.byte-limit = 33554432 (custom)
2021-08-17 11:50:31,318 [ce9e4e21-b8b3-47e8-a05b-7ed0cb4ed4d0@group-24113E272142-LeaderElection80] INFO  server.RaftServerConfigKeys (ConfUtils.java:logGet(44)) - raft.server.log.appender.buffer.element-limit = 1 (custom)
2021-08-17 11:50:31,318 [ce9e4e21-b8b3-47e8-a05b-7ed0cb4ed4d0@group-24113E272142-LeaderElection80] INFO  grpc.GrpcConfigKeys (ConfUtils.java:logGet(44)) - raft.grpc.server.leader.outstanding.appends.max = 128 (default)
2021-08-17 11:50:31,318 [ce9e4e21-b8b3-47e8-a05b-7ed0cb4ed4d0@group-24113E272142-LeaderElection80] INFO  server.RaftServerConfigKeys (ConfUtils.java:logGet(44)) - raft.server.rpc.request.timeout = 3000ms (default)
2021-08-17 11:50:31,318 [ce9e4e21-b8b3-47e8-a05b-7ed0cb4ed4d0@group-24113E272142-LeaderElection80] INFO  server.RaftServerConfigKeys (ConfUtils.java:logGet(44)) - raft.server.log.appender.install.snapshot.enabled = false (custom)
2021-08-17 11:50:31,319 [ce9e4e21-b8b3-47e8-a05b-7ed0cb4ed4d0@group-24113E272142-LeaderElection80] INFO  server.RaftServerConfigKeys (ConfUtils.java:logGet(44)) - raft.server.log.appender.snapshot.chunk.size.max = 16MB (=16777216) (default)
2021-08-17 11:50:31,319 [ce9e4e21-b8b3-47e8-a05b-7ed0cb4ed4d0@group-24113E272142-LeaderElection80] INFO  server.RaftServerConfigKeys (ConfUtils.java:logGet(44)) - raft.server.log.appender.buffer.byte-limit = 33554432 (custom)
2021-08-17 11:50:31,319 [ce9e4e21-b8b3-47e8-a05b-7ed0cb4ed4d0@group-24113E272142-LeaderElection80] INFO  server.RaftServerConfigKeys (ConfUtils.java:logGet(44)) - raft.server.log.appender.buffer.element-limit = 1 (custom)
2021-08-17 11:50:31,319 [ce9e4e21-b8b3-47e8-a05b-7ed0cb4ed4d0@group-24113E272142-LeaderElection80] INFO  grpc.GrpcConfigKeys (ConfUtils.java:logGet(44)) - raft.grpc.server.leader.outstanding.appends.max = 128 (default)
2021-08-17 11:50:31,320 [ce9e4e21-b8b3-47e8-a05b-7ed0cb4ed4d0@group-24113E272142-LeaderElection80] INFO  server.RaftServerConfigKeys (ConfUtils.java:logGet(44)) - raft.server.rpc.request.timeout = 3000ms (default)
2021-08-17 11:50:31,320 [ce9e4e21-b8b3-47e8-a05b-7ed0cb4ed4d0@group-24113E272142-LeaderElection80] INFO  server.RaftServerConfigKeys (ConfUtils.java:logGet(44)) - raft.server.log.appender.install.snapshot.enabled = false (custom)
2021-08-17 11:50:31,320 [Datanode State Machine Thread - 0] WARN  statemachine.StateContext (StateContext.java:execute(621)) - No available thread in pool for past 1 seconds.
2021-08-17 11:50:31,329 [grpc-default-executor-2] INFO  server.RaftServer$Division (RaftServerImpl.java:requestVote(1043)) - ce9e4e21-b8b3-47e8-a05b-7ed0cb4ed4d0@group-24113E272142: receive requestVote(ELECTION, c0cb38e9-ad72-45c7-87a7-238cd12f7624, group-24113E272142, 2, (t:0, i:0))
2021-08-17 11:50:31,382 [ce9e4e21-b8b3-47e8-a05b-7ed0cb4ed4d0@group-24113E272142-LeaderElection80] INFO  impl.RoleInfo (RoleInfo.java:updateAndGet(130)) - ce9e4e21-b8b3-47e8-a05b-7ed0cb4ed4d0: start ce9e4e21-b8b3-47e8-a05b-7ed0cb4ed4d0@group-24113E272142-LeaderStateImpl
2021-08-17 11:50:31,382 [ce9e4e21-b8b3-47e8-a05b-7ed0cb4ed4d0@group-24113E272142-LeaderElection80] INFO  segmented.SegmentedRaftLogWorker (SegmentedRaftLogWorker.java:startLogSegment(394)) - ce9e4e21-b8b3-47e8-a05b-7ed0cb4ed4d0@group-24113E272142-SegmentedRaftLogWorker: Starting segment from index:0
2021-08-17 11:50:31,384 [ce9e4e21-b8b3-47e8-a05b-7ed0cb4ed4d0@group-24113E272142-SegmentedRaftLogWorker] INFO  segmented.SegmentedRaftLogWorker (SegmentedRaftLogWorker.java:execute(601)) - ce9e4e21-b8b3-47e8-a05b-7ed0cb4ed4d0@group-24113E272142-SegmentedRaftLogWorker: created new log segment /home/runner/work/ozone/ozone/hadoop-ozone/integration-test/target/test-dir/MiniOzoneClusterImpl-a1e163cb-5647-48ea-b1dc-b51dce44f61a/datanode-5/data/ratis/9b2af877-39a4-4873-b184-24113e272142/current/log_inprogress_0
2021-08-17 11:50:31,389 [EventQueue-PipelineReportForPipelineReportHandler] INFO  pipeline.PipelineManagerImpl (PipelineManagerImpl.java:openPipeline(283)) - Pipeline Pipeline[ Id: 9b2af877-39a4-4873-b184-24113e272142, Nodes: c0cb38e9-ad72-45c7-87a7-238cd12f7624{ip: 10.1.0.37, host: fv-az297-666.nmf1rxwemy4u5di1sxxf4ejcwb.jx.internal.cloudapp.net, ports: [REPLICATION=38091, RATIS=45031, RATIS_ADMIN=45031, RATIS_SERVER=45031, STANDALONE=42307], networkLocation: /default-rack, certSerialId: null, persistedOpState: IN_SERVICE, persistedOpStateExpiryEpochSec: 0}ce9e4e21-b8b3-47e8-a05b-7ed0cb4ed4d0{ip: 10.1.0.37, host: fv-az297-666.nmf1rxwemy4u5di1sxxf4ejcwb.jx.internal.cloudapp.net, ports: [REPLICATION=40849, RATIS=42995, RATIS_ADMIN=42995, RATIS_SERVER=42995, STANDALONE=43843], networkLocation: /default-rack, certSerialId: null, persistedOpState: IN_SERVICE, persistedOpStateExpiryEpochSec: 0}e067f3b0-4632-4f84-b71c-08c70f7756fb{ip: 10.1.0.37, host: fv-az297-666.nmf1rxwemy4u5di1sxxf4ejcwb.jx.internal.cloudapp.net, ports: [REPLICATION=37935, RATIS=40437, RATIS_ADMIN=40437, RATIS_SERVER=40437, STANDALONE=36089], networkLocation: /default-rack, certSerialId: null, persistedOpState: IN_SERVICE, persistedOpStateExpiryEpochSec: 0}, ReplicationConfig: RATIS/THREE, State:ALLOCATED, leaderId:ce9e4e21-b8b3-47e8-a05b-7ed0cb4ed4d0, CreationTimestamp2021-08-17T11:50:19.359Z[Etc/UTC]] moved to OPEN state
2021-08-17 11:50:31,389 [EventQueue-OpenPipelineForHealthyPipelineSafeModeRule] INFO  safemode.SCMSafeModeManager (HealthyPipelineSafeModeRule.java:process(124)) - SCM in safe mode. Healthy pipelines reported count is 0, required healthy pipeline reported count is 1
2021-08-17 11:50:31,390 [EventQueue-OpenPipelineForHealthyPipelineSafeModeRule] INFO  safemode.SCMSafeModeManager (HealthyPipelineSafeModeRule.java:process(124)) - SCM in safe mode. Healthy pipelines reported count is 1, required healthy pipeline reported count is 1
2021-08-17 11:50:31,390 [EventQueue-OpenPipelineForHealthyPipelineSafeModeRule] INFO  safemode.SCMSafeModeManager (SCMSafeModeManager.java:validateSafeModeExitRules(204)) - HealthyPipelineSafeModeRule rule is successfully validated
2021-08-17 11:50:31,390 [EventQueue-OpenPipelineForHealthyPipelineSafeModeRule] INFO  safemode.SCMSafeModeManager (SCMSafeModeManager.java:validateSafeModeExitRules(219)) - ScmSafeModeManager, all rules are successfully validated
2021-08-17 11:50:31,390 [EventQueue-OpenPipelineForHealthyPipelineSafeModeRule] INFO  safemode.SCMSafeModeManager (SCMSafeModeManager.java:exitSafeMode(248)) - SCM exiting safe mode.
2021-08-17 11:50:31,390 [EventQueue-OpenPipelineForHealthyPipelineSafeModeRule] WARN  events.EventQueue (EventQueue.java:fireEvent(194)) - No event handler registered for event TypedEvent{payloadType=SafeModeStatus, name='Safe mode status'}
2021-08-17 11:50:31,390 [EventQueue-OpenPipelineForHealthyPipelineSafeModeRule] INFO  ha.SCMContext (SCMContext.java:updateSafeModeStatus(205)) - Update SafeModeStatus from SafeModeStatus{safeModeStatus=true, preCheckPassed=true} to SafeModeStatus{safeModeStatus=false, preCheckPassed=true}.
2021-08-17 11:50:31,390 [EventQueue-OpenPipelineForHealthyPipelineSafeModeRule] INFO  pipeline.BackgroundPipelineCreator (BackgroundPipelineCreatorV2.java:notifyStatusChanged(264)) - Service BackgroundPipelineCreator transitions to RUNNING.
2021-08-17 11:50:31,390 [EventQueue-OpenPipelineForHealthyPipelineSafeModeRule] INFO  container.ReplicationManager (ReplicationManager.java:notifyStatusChanged(1722)) - Service ReplicationManager transitions to RUNNING.
2021-08-17 11:50:31,451 [grpc-default-executor-6] INFO  server.RaftServer$Division (RaftServerImpl.java:requestVote(1043)) - c0cb38e9-ad72-45c7-87a7-238cd12f7624@group-24113E272142: receive requestVote(ELECTION, e067f3b0-4632-4f84-b71c-08c70f7756fb, group-24113E272142, 3, (t:0, i:0))
2021-08-17 11:50:31,451 [grpc-default-executor-6] INFO  impl.VoteContext (VoteContext.java:log(48)) - c0cb38e9-ad72-45c7-87a7-238cd12f7624@group-24113E272142-CANDIDATE: accept ELECTION from e067f3b0-4632-4f84-b71c-08c70f7756fb: our priority 0 <= candidate's priority 0
2021-08-17 11:50:31,451 [grpc-default-executor-6] INFO  server.RaftServer$Division (RaftServerImpl.java:setRole(285)) - c0cb38e9-ad72-45c7-87a7-238cd12f7624@group-24113E272142: changes role from CANDIDATE to FOLLOWER at term 3 for candidate:e067f3b0-4632-4f84-b71c-08c70f7756fb
2021-08-17 11:50:31,451 [grpc-default-executor-6] INFO  impl.RoleInfo (RoleInfo.java:shutdownLeaderElection(121)) - c0cb38e9-ad72-45c7-87a7-238cd12f7624: shutdown c0cb38e9-ad72-45c7-87a7-238cd12f7624@group-24113E272142-LeaderElection81
2021-08-17 11:50:31,451 [grpc-default-executor-6] INFO  impl.RoleInfo (RoleInfo.java:updateAndGet(130)) - c0cb38e9-ad72-45c7-87a7-238cd12f7624: start c0cb38e9-ad72-45c7-87a7-238cd12f7624@group-24113E272142-FollowerState
2021-08-17 11:50:31,451 [grpc-default-executor-1] INFO  server.RaftServer$Division (RaftServerImpl.java:requestVote(1043)) - ce9e4e21-b8b3-47e8-a05b-7ed0cb4ed4d0@group-24113E272142: receive requestVote(ELECTION, e067f3b0-4632-4f84-b71c-08c70f7756fb, group-24113E272142, 3, (t:0, i:0))
2021-08-17 11:50:31,454 [ce9e4e21-b8b3-47e8-a05b-7ed0cb4ed4d0@group-24113E272142-LeaderElection80] INFO  server.RaftServer$Division (ServerState.java:setRaftConf(387)) - ce9e4e21-b8b3-47e8-a05b-7ed0cb4ed4d0@group-24113E272142: set configuration 0: [e067f3b0-4632-4f84-b71c-08c70f7756fb|rpc:10.1.0.37:40437|dataStream:|priority:0, c0cb38e9-ad72-45c7-87a7-238cd12f7624|rpc:10.1.0.37:45031|dataStream:|priority:0, ce9e4e21-b8b3-47e8-a05b-7ed0cb4ed4d0|rpc:10.1.0.37:42995|dataStream:|priority:1], old=null
2021-08-17 11:50:31,454 [grpc-default-executor-1] INFO  impl.VoteContext (VoteContext.java:log(48)) - ce9e4e21-b8b3-47e8-a05b-7ed0cb4ed4d0@group-24113E272142-LEADER: reject ELECTION from e067f3b0-4632-4f84-b71c-08c70f7756fb: our last entry (t:2, i:0) > candidate's last entry (t:0, i:0)
2021-08-17 11:50:31,454 [grpc-default-executor-1] INFO  server.RaftServer$Division (ServerState.java:setLeader(285)) - ce9e4e21-b8b3-47e8-a05b-7ed0cb4ed4d0@group-24113E272142: change Leader from ce9e4e21-b8b3-47e8-a05b-7ed0cb4ed4d0 to null at term 3 for updateCurrentTerm
2021-08-17 11:50:31,454 [grpc-default-executor-1] INFO  server.RaftServer$Division (RaftServerImpl.java:setRole(285)) - ce9e4e21-b8b3-47e8-a05b-7ed0cb4ed4d0@group-24113E272142: changes role from    LEADER to FOLLOWER at term 3 for candidate:e067f3b0-4632-4f84-b71c-08c70f7756fb
2021-08-17 11:50:31,454 [grpc-default-executor-1] INFO  impl.RoleInfo (RoleInfo.java:shutdownLeaderState(91)) - ce9e4e21-b8b3-47e8-a05b-7ed0cb4ed4d0: shutdown ce9e4e21-b8b3-47e8-a05b-7ed0cb4ed4d0@group-24113E272142-LeaderStateImpl
2021-08-17 11:50:31,459 [grpc-default-executor-6] INFO  server.RaftServer$Division (RaftServerImpl.java:requestVote(1075)) - c0cb38e9-ad72-45c7-87a7-238cd12f7624@group-24113E272142 replies to ELECTION vote request: e067f3b0-4632-4f84-b71c-08c70f7756fb<-c0cb38e9-ad72-45c7-87a7-238cd12f7624#0:OK-t3. Peer's state: c0cb38e9-ad72-45c7-87a7-238cd12f7624@group-24113E272142:t3, leader=null, voted=e067f3b0-4632-4f84-b71c-08c70f7756fb, raftlog=c0cb38e9-ad72-45c7-87a7-238cd12f7624@group-24113E272142-SegmentedRaftLog:OPENED:c-1,f-1,i0, conf=-1: [e067f3b0-4632-4f84-b71c-08c70f7756fb|rpc:10.1.0.37:40437|priority:0, c0cb38e9-ad72-45c7-87a7-238cd12f7624|rpc:10.1.0.37:45031|priority:0, ce9e4e21-b8b3-47e8-a05b-7ed0cb4ed4d0|rpc:10.1.0.37:42995|priority:1], old=null
2021-08-17 11:50:31,522 [grpc-default-executor-1] INFO  impl.PendingRequests (PendingRequests.java:sendNotLeaderResponses(282)) - ce9e4e21-b8b3-47e8-a05b-7ed0cb4ed4d0@group-24113E272142-PendingRequests: sendNotLeaderResponses
2021-08-17 11:50:31,527 [grpc-default-executor-10] INFO  server.GrpcServerProtocolService (GrpcServerProtocolService.java:onCompleted(140)) - e067f3b0-4632-4f84-b71c-08c70f7756fb: Completed APPEND_ENTRIES, lastRequest: null
2021-08-17 11:50:31,579 [ce9e4e21-b8b3-47e8-a05b-7ed0cb4ed4d0@group-24113E272142->c0cb38e9-ad72-45c7-87a7-238cd12f7624-GrpcLogAppender-LogAppenderDaemon] WARN  server.GrpcLogAppender (GrpcLogAppender.java:mayWait(175)) - ce9e4e21-b8b3-47e8-a05b-7ed0cb4ed4d0@group-24113E272142->c0cb38e9-ad72-45c7-87a7-238cd12f7624-GrpcLogAppender: Wait interrupted by java.lang.InterruptedException
2021-08-17 11:50:31,580 [grpc-default-executor-10] INFO  server.GrpcServerProtocolService (GrpcServerProtocolService.java:onCompleted(140)) - c0cb38e9-ad72-45c7-87a7-238cd12f7624: Completed APPEND_ENTRIES, lastRequest: null
2021-08-17 11:50:31,581 [grpc-default-executor-1] INFO  impl.RoleInfo (RoleInfo.java:updateAndGet(130)) - ce9e4e21-b8b3-47e8-a05b-7ed0cb4ed4d0: start ce9e4e21-b8b3-47e8-a05b-7ed0cb4ed4d0@group-24113E272142-FollowerState
2021-08-17 11:50:31,590 [c2837b3a-083f-4317-9098-ed9e2645ea67@group-E1A33DFF2F97-FollowerState] INFO  impl.FollowerState (FollowerState.java:run(134)) - c2837b3a-083f-4317-9098-ed9e2645ea67@group-E1A33DFF2F97-FollowerState: change to CANDIDATE, lastRpcElapsedTime:5194946217ns, electionTimeout:5189ms
2021-08-17 11:50:31,591 [c2837b3a-083f-4317-9098-ed9e2645ea67@group-E1A33DFF2F97-FollowerState] INFO  impl.RoleInfo (RoleInfo.java:shutdownFollowerState(108)) - c2837b3a-083f-4317-9098-ed9e2645ea67: shutdown c2837b3a-083f-4317-9098-ed9e2645ea67@group-E1A33DFF2F97-FollowerState
2021-08-17 11:50:31,591 [c2837b3a-083f-4317-9098-ed9e2645ea67@group-E1A33DFF2F97-FollowerState] INFO  server.RaftServer$Division (RaftServerImpl.java:setRole(285)) - c2837b3a-083f-4317-9098-ed9e2645ea67@group-E1A33DFF2F97: changes role from  FOLLOWER to CANDIDATE at term 0 for changeToCandidate
2021-08-17 11:50:31,591 [c2837b3a-083f-4317-9098-ed9e2645ea67@group-E1A33DFF2F97-FollowerState] INFO  server.RaftServerConfigKeys (ConfUtils.java:logGet(44)) - raft.server.leaderelection.pre-vote = false (custom)
2021-08-17 11:50:31,591 [c2837b3a-083f-4317-9098-ed9e2645ea67@group-E1A33DFF2F97-FollowerState] INFO  impl.RoleInfo (RoleInfo.java:updateAndGet(130)) - c2837b3a-083f-4317-9098-ed9e2645ea67: start c2837b3a-083f-4317-9098-ed9e2645ea67@group-E1A33DFF2F97-LeaderElection83
2021-08-17 11:50:31,634 [grpc-default-executor-1] INFO  server.RaftServer$Division (RaftServerImpl.java:requestVote(1075)) - ce9e4e21-b8b3-47e8-a05b-7ed0cb4ed4d0@group-24113E272142 replies to ELECTION vote request: e067f3b0-4632-4f84-b71c-08c70f7756fb<-ce9e4e21-b8b3-47e8-a05b-7ed0cb4ed4d0#0:FAIL-t3. Peer's state: ce9e4e21-b8b3-47e8-a05b-7ed0cb4ed4d0@group-24113E272142:t3, leader=null, voted=null, raftlog=ce9e4e21-b8b3-47e8-a05b-7ed0cb4ed4d0@group-24113E272142-SegmentedRaftLog:OPENED:c-1,f0,i0, conf=0: [e067f3b0-4632-4f84-b71c-08c70f7756fb|rpc:10.1.0.37:40437|dataStream:|priority:0, c0cb38e9-ad72-45c7-87a7-238cd12f7624|rpc:10.1.0.37:45031|dataStream:|priority:0, ce9e4e21-b8b3-47e8-a05b-7ed0cb4ed4d0|rpc:10.1.0.37:42995|dataStream:|priority:1], old=null
2021-08-17 11:50:31,637 [grpc-default-executor-2] INFO  impl.VoteContext (VoteContext.java:log(48)) - ce9e4e21-b8b3-47e8-a05b-7ed0cb4ed4d0@group-24113E272142-FOLLOWER: reject ELECTION from c0cb38e9-ad72-45c7-87a7-238cd12f7624: current term 3 > candidate's term 2
2021-08-17 11:50:31,637 [grpc-default-executor-2] INFO  server.RaftServer$Division (RaftServerImpl.java:requestVote(1075)) - ce9e4e21-b8b3-47e8-a05b-7ed0cb4ed4d0@group-24113E272142 replies to ELECTION vote request: c0cb38e9-ad72-45c7-87a7-238cd12f7624<-ce9e4e21-b8b3-47e8-a05b-7ed0cb4ed4d0#0:FAIL-t3. Peer's state: ce9e4e21-b8b3-47e8-a05b-7ed0cb4ed4d0@group-24113E272142:t3, leader=null, voted=null, raftlog=ce9e4e21-b8b3-47e8-a05b-7ed0cb4ed4d0@group-24113E272142-SegmentedRaftLog:OPENED:c-1,f0,i0, conf=0: [e067f3b0-4632-4f84-b71c-08c70f7756fb|rpc:10.1.0.37:40437|dataStream:|priority:0, c0cb38e9-ad72-45c7-87a7-238cd12f7624|rpc:10.1.0.37:45031|dataStream:|priority:0, ce9e4e21-b8b3-47e8-a05b-7ed0cb4ed4d0|rpc:10.1.0.37:42995|dataStream:|priority:1], old=null
2021-08-17 11:50:31,637 [grpc-default-executor-9] INFO  server.GrpcLogAppender (GrpcLogAppender.java:onCompleted(344)) - ce9e4e21-b8b3-47e8-a05b-7ed0cb4ed4d0@group-24113E272142->c0cb38e9-ad72-45c7-87a7-238cd12f7624-AppendLogResponseHandler: follower responses appendEntries COMPLETED
2021-08-17 11:50:31,637 [grpc-default-executor-9] INFO  leader.FollowerInfo (FollowerInfoImpl.java:lambda$new$0(46)) - ce9e4e21-b8b3-47e8-a05b-7ed0cb4ed4d0@group-24113E272142->c0cb38e9-ad72-45c7-87a7-238cd12f7624: nextIndex: updateUnconditionally 1 -> 0
2021-08-17 11:50:31,707 [grpc-default-executor-6] INFO  server.GrpcLogAppender (GrpcLogAppender.java:onCompleted(344)) - ce9e4e21-b8b3-47e8-a05b-7ed0cb4ed4d0@group-24113E272142->e067f3b0-4632-4f84-b71c-08c70f7756fb-AppendLogResponseHandler: follower responses appendEntries COMPLETED
2021-08-17 11:50:31,707 [grpc-default-executor-6] INFO  leader.FollowerInfo (FollowerInfoImpl.java:lambda$new$0(46)) - ce9e4e21-b8b3-47e8-a05b-7ed0cb4ed4d0@group-24113E272142->e067f3b0-4632-4f84-b71c-08c70f7756fb: nextIndex: updateUnconditionally 0 -> 0
2021-08-17 11:50:31,707 [e067f3b0-4632-4f84-b71c-08c70f7756fb@group-24113E272142-LeaderElection82] INFO  impl.LeaderElection (LeaderElection.java:logAndReturn(89)) - e067f3b0-4632-4f84-b71c-08c70f7756fb@group-24113E272142-LeaderElection82: ELECTION REJECTED received 2 response(s) and 0 exception(s):
2021-08-17 11:50:31,707 [e067f3b0-4632-4f84-b71c-08c70f7756fb@group-24113E272142-LeaderElection82] INFO  impl.LeaderElection (LeaderElection.java:logAndReturn(93)) -   Response 0: e067f3b0-4632-4f84-b71c-08c70f7756fb<-c0cb38e9-ad72-45c7-87a7-238cd12f7624#0:OK-t3
2021-08-17 11:50:31,707 [e067f3b0-4632-4f84-b71c-08c70f7756fb@group-24113E272142-LeaderElection82] INFO  impl.LeaderElection (LeaderElection.java:logAndReturn(93)) -   Response 1: e067f3b0-4632-4f84-b71c-08c70f7756fb<-ce9e4e21-b8b3-47e8-a05b-7ed0cb4ed4d0#0:FAIL-t3
2021-08-17 11:50:31,707 [e067f3b0-4632-4f84-b71c-08c70f7756fb@group-24113E272142-LeaderElection82] INFO  impl.LeaderElection (LeaderElection.java:askForVotes(308)) - e067f3b0-4632-4f84-b71c-08c70f7756fb@group-24113E272142-LeaderElection82 ELECTION round 0: result REJECTED
2021-08-17 11:50:31,707 [e067f3b0-4632-4f84-b71c-08c70f7756fb@group-24113E272142-LeaderElection82] INFO  server.RaftServer$Division (RaftServerImpl.java:setRole(285)) - e067f3b0-4632-4f84-b71c-08c70f7756fb@group-24113E272142: changes role from CANDIDATE to FOLLOWER at term 3 for REJECTED
2021-08-17 11:50:31,707 [e067f3b0-4632-4f84-b71c-08c70f7756fb@group-24113E272142-LeaderElection82] INFO  impl.RoleInfo (RoleInfo.java:shutdownLeaderElection(121)) - e067f3b0-4632-4f84-b71c-08c70f7756fb: shutdown e067f3b0-4632-4f84-b71c-08c70f7756fb@group-24113E272142-LeaderElection82
2021-08-17 11:50:31,707 [e067f3b0-4632-4f84-b71c-08c70f7756fb@group-24113E272142-LeaderElection82] INFO  impl.RoleInfo (RoleInfo.java:updateAndGet(130)) - e067f3b0-4632-4f84-b71c-08c70f7756fb: start e067f3b0-4632-4f84-b71c-08c70f7756fb@group-24113E272142-FollowerState
2021-08-17 11:50:31,708 [c0cb38e9-ad72-45c7-87a7-238cd12f7624@group-24113E272142-LeaderElection81] INFO  impl.LeaderElection (LeaderElection.java:logAndReturn(89)) - c0cb38e9-ad72-45c7-87a7-238cd12f7624@group-24113E272142-LeaderElection81: ELECTION DISCOVERED_A_NEW_TERM (term=3) received 2 response(s) and 0 exception(s):
2021-08-17 11:50:31,708 [c0cb38e9-ad72-45c7-87a7-238cd12f7624@group-24113E272142-LeaderElection81] INFO  impl.LeaderElection (LeaderElection.java:logAndReturn(93)) -   Response 0: c0cb38e9-ad72-45c7-87a7-238cd12f7624<-e067f3b0-4632-4f84-b71c-08c70f7756fb#0:FAIL-t2
2021-08-17 11:50:31,708 [c0cb38e9-ad72-45c7-87a7-238cd12f7624@group-24113E272142-LeaderElection81] INFO  impl.LeaderElection (LeaderElection.java:logAndReturn(93)) -   Response 1: c0cb38e9-ad72-45c7-87a7-238cd12f7624<-ce9e4e21-b8b3-47e8-a05b-7ed0cb4ed4d0#0:FAIL-t3
2021-08-17 11:50:31,708 [c0cb38e9-ad72-45c7-87a7-238cd12f7624@group-24113E272142-LeaderElection81] INFO  impl.LeaderElection (LeaderElection.java:askForVotes(308)) - c0cb38e9-ad72-45c7-87a7-238cd12f7624@group-24113E272142-LeaderElection81 ELECTION round 0: result DISCOVERED_A_NEW_TERM (term=3)
2021-08-17 11:50:31,709 [c2837b3a-083f-4317-9098-ed9e2645ea67@group-E1A33DFF2F97-LeaderElection83] INFO  impl.LeaderElection (LeaderElection.java:askForVotes(306)) - c2837b3a-083f-4317-9098-ed9e2645ea67@group-E1A33DFF2F97-LeaderElection83 ELECTION round 0: submit vote requests at term 1 for -1: [c2837b3a-083f-4317-9098-ed9e2645ea67|rpc:10.1.0.37:40281|priority:1], old=null
2021-08-17 11:50:31,709 [c2837b3a-083f-4317-9098-ed9e2645ea67@group-E1A33DFF2F97-LeaderElection83] INFO  impl.LeaderElection (LeaderElection.java:askForVotes(308)) - c2837b3a-083f-4317-9098-ed9e2645ea67@group-E1A33DFF2F97-LeaderElection83 ELECTION round 0: result PASSED (term=1)
2021-08-17 11:50:31,709 [c2837b3a-083f-4317-9098-ed9e2645ea67@group-E1A33DFF2F97-LeaderElection83] INFO  impl.RoleInfo (RoleInfo.java:shutdownLeaderElection(121)) - c2837b3a-083f-4317-9098-ed9e2645ea67: shutdown c2837b3a-083f-4317-9098-ed9e2645ea67@group-E1A33DFF2F97-LeaderElection83
2021-08-17 11:50:31,709 [c2837b3a-083f-4317-9098-ed9e2645ea67@group-E1A33DFF2F97-LeaderElection83] INFO  server.RaftServer$Division (RaftServerImpl.java:setRole(285)) - c2837b3a-083f-4317-9098-ed9e2645ea67@group-E1A33DFF2F97: changes role from CANDIDATE to LEADER at term 1 for changeToLeader
2021-08-17 11:50:31,709 [c2837b3a-083f-4317-9098-ed9e2645ea67@group-E1A33DFF2F97-LeaderElection83] INFO  ratis.XceiverServerRatis (XceiverServerRatis.java:handleLeaderChangedNotification(861)) - Leader change notification received for group: group-E1A33DFF2F97 with new leaderId: c2837b3a-083f-4317-9098-ed9e2645ea67
2021-08-17 11:50:31,709 [c2837b3a-083f-4317-9098-ed9e2645ea67@group-E1A33DFF2F97-LeaderElection83] INFO  server.RaftServer$Division (ServerState.java:setLeader(285)) - c2837b3a-083f-4317-9098-ed9e2645ea67@group-E1A33DFF2F97: change Leader from null to c2837b3a-083f-4317-9098-ed9e2645ea67 at term 1 for becomeLeader, leader elected after 5342ms
2021-08-17 11:50:31,709 [c2837b3a-083f-4317-9098-ed9e2645ea67@group-E1A33DFF2F97-LeaderElection83] INFO  server.RaftServerConfigKeys (ConfUtils.java:logGet(44)) - raft.server.staging.catchup.gap = 1000 (default)
2021-08-17 11:50:31,709 [c2837b3a-083f-4317-9098-ed9e2645ea67@group-E1A33DFF2F97-LeaderElection83] INFO  server.RaftServerConfigKeys (ConfUtils.java:logGet(44)) - raft.server.write.element-limit = 1024 (custom)
2021-08-17 11:50:31,710 [c2837b3a-083f-4317-9098-ed9e2645ea67@group-E1A33DFF2F97-LeaderElection83] INFO  server.RaftServerConfigKeys (ConfUtils.java:logGet(44)) - raft.server.write.byte-limit = 1024 M (=1073741824) (custom)
2021-08-17 11:50:31,710 [c2837b3a-083f-4317-9098-ed9e2645ea67@group-E1A33DFF2F97-LeaderElection83] INFO  server.RaftServerConfigKeys (ConfUtils.java:logGet(44)) - raft.server.watch.timeout = 3000ms (custom)
2021-08-17 11:50:31,710 [c2837b3a-083f-4317-9098-ed9e2645ea67@group-E1A33DFF2F97-LeaderElection83] INFO  server.RaftServerConfigKeys (ConfUtils.java:logGet(44)) - raft.server.watch.timeout.denomination = 1s (default)
2021-08-17 11:50:31,710 [c2837b3a-083f-4317-9098-ed9e2645ea67@group-E1A33DFF2F97-LeaderElection83] INFO  server.RaftServerConfigKeys (ConfUtils.java:logGet(44)) - raft.server.watch.element-limit = 65536 (default)
2021-08-17 11:50:31,710 [c2837b3a-083f-4317-9098-ed9e2645ea67@group-E1A33DFF2F97-LeaderElection83] INFO  impl.RoleInfo (RoleInfo.java:updateAndGet(130)) - c2837b3a-083f-4317-9098-ed9e2645ea67: start c2837b3a-083f-4317-9098-ed9e2645ea67@group-E1A33DFF2F97-LeaderStateImpl
2021-08-17 11:50:31,711 [c2837b3a-083f-4317-9098-ed9e2645ea67@group-E1A33DFF2F97-LeaderElection83] INFO  segmented.SegmentedRaftLogWorker (SegmentedRaftLogWorker.java:startLogSegment(394)) - c2837b3a-083f-4317-9098-ed9e2645ea67@group-E1A33DFF2F97-SegmentedRaftLogWorker: Starting segment from index:0
2021-08-17 11:50:31,711 [Datanode State Machine Thread - 0] WARN  statemachine.StateContext (StateContext.java:execute(621)) - No available thread in pool for past 1 seconds.
2021-08-17 11:50:31,714 [c2837b3a-083f-4317-9098-ed9e2645ea67@group-E1A33DFF2F97-SegmentedRaftLogWorker] INFO  segmented.SegmentedRaftLogWorker (SegmentedRaftLogWorker.java:execute(601)) - c2837b3a-083f-4317-9098-ed9e2645ea67@group-E1A33DFF2F97-SegmentedRaftLogWorker: created new log segment /home/runner/work/ozone/ozone/hadoop-ozone/integration-test/target/test-dir/MiniOzoneClusterImpl-a1e163cb-5647-48ea-b1dc-b51dce44f61a/datanode-8/data/ratis/e6cd0a89-06d9-4522-8ed4-e1a33dff2f97/current/log_inprogress_0
2021-08-17 11:50:31,734 [c2837b3a-083f-4317-9098-ed9e2645ea67@group-E1A33DFF2F97-LeaderElection83] INFO  server.RaftServer$Division (ServerState.java:setRaftConf(387)) - c2837b3a-083f-4317-9098-ed9e2645ea67@group-E1A33DFF2F97: set configuration 0: [c2837b3a-083f-4317-9098-ed9e2645ea67|rpc:10.1.0.37:40281|dataStream:|priority:1], old=null
2021-08-17 11:50:32,223 [Listener at 127.0.0.1/40861] INFO  ozone.MiniOzoneClusterImpl (MiniOzoneClusterImpl.java:lambda$waitForClusterToBeReady$0(235)) - Nodes are ready. Got 9 of 9 DN Heartbeats.
2021-08-17 11:50:32,223 [Listener at 127.0.0.1/40861] INFO  ozone.MiniOzoneClusterImpl (MiniOzoneClusterImpl.java:lambda$waitForClusterToBeReady$0(238)) - Cluster exits safe mode
2021-08-17 11:50:32,223 [Listener at 127.0.0.1/40861] INFO  ozone.MiniOzoneClusterImpl (MiniOzoneClusterImpl.java:lambda$waitForClusterToBeReady$0(240)) - SCM became leader
2021-08-17 11:50:32,343 [Listener at 127.0.0.1/40861] INFO  rpc.RpcClient (RpcClient.java:createVolume(342)) - Creating Volume: watchforcommithandlingtest, with runner as owner and space quota set to -1 bytes, counts quota set to -1
2021-08-17 11:50:32,383 [OM StateMachine ApplyTransaction Thread - 0] INFO  volume.OMVolumeCreateRequest (OMVolumeCreateRequest.java:validateAndUpdateCache(195)) - created volume:watchforcommithandlingtest for user:runner
2021-08-17 11:50:32,501 [Listener at 127.0.0.1/40861] INFO  rpc.RpcClient (RpcClient.java:createBucket(502)) - Creating Bucket: watchforcommithandlingtest/watchforcommithandlingtest, with Versioning false and Storage Type set to DISK and Encryption set to false 
2021-08-17 11:50:32,520 [Listener at 127.0.0.1/40861] INFO  ozone.MiniOzoneClusterImpl (MiniOzoneClusterImpl.java:getStorageContainerLocationClient(346)) - Creating StorageContainerLocationProtocol RPC client with address /0.0.0.0:44419
2021-08-17 11:50:32,593 [IPC Server handler 17 on default port 44419] INFO  ha.SequenceIdGenerator (SequenceIdGenerator.java:getNextId(127)) - Allocate a batch for containerId, change lastId from 0 to 1000.
2021-08-17 11:50:33,645 [e2fcfc86-2f0c-4267-bafe-682e5fd2fca7@group-6F6174E45E92-FollowerState] INFO  impl.FollowerState (FollowerState.java:run(134)) - e2fcfc86-2f0c-4267-bafe-682e5fd2fca7@group-6F6174E45E92-FollowerState: change to CANDIDATE, lastRpcElapsedTime:5016953664ns, electionTimeout:5012ms
2021-08-17 11:50:33,645 [e2fcfc86-2f0c-4267-bafe-682e5fd2fca7@group-6F6174E45E92-FollowerState] INFO  impl.RoleInfo (RoleInfo.java:shutdownFollowerState(108)) - e2fcfc86-2f0c-4267-bafe-682e5fd2fca7: shutdown e2fcfc86-2f0c-4267-bafe-682e5fd2fca7@group-6F6174E45E92-FollowerState
2021-08-17 11:50:33,645 [e2fcfc86-2f0c-4267-bafe-682e5fd2fca7@group-6F6174E45E92-FollowerState] INFO  server.RaftServer$Division (RaftServerImpl.java:setRole(285)) - e2fcfc86-2f0c-4267-bafe-682e5fd2fca7@group-6F6174E45E92: changes role from  FOLLOWER to CANDIDATE at term 2 for changeToCandidate
2021-08-17 11:50:33,645 [e2fcfc86-2f0c-4267-bafe-682e5fd2fca7@group-6F6174E45E92-FollowerState] INFO  server.RaftServerConfigKeys (ConfUtils.java:logGet(44)) - raft.server.leaderelection.pre-vote = false (custom)
2021-08-17 11:50:33,646 [e2fcfc86-2f0c-4267-bafe-682e5fd2fca7@group-6F6174E45E92-FollowerState] INFO  impl.RoleInfo (RoleInfo.java:updateAndGet(130)) - e2fcfc86-2f0c-4267-bafe-682e5fd2fca7: start e2fcfc86-2f0c-4267-bafe-682e5fd2fca7@group-6F6174E45E92-LeaderElection84
2021-08-17 11:50:33,690 [0bf441c2-8cd8-4ced-8476-22eca18377b1@group-6F6174E45E92-FollowerState] INFO  impl.FollowerState (FollowerState.java:run(134)) - 0bf441c2-8cd8-4ced-8476-22eca18377b1@group-6F6174E45E92-FollowerState: change to CANDIDATE, lastRpcElapsedTime:5055451662ns, electionTimeout:5053ms
2021-08-17 11:50:33,691 [0bf441c2-8cd8-4ced-8476-22eca18377b1@group-6F6174E45E92-FollowerState] INFO  impl.RoleInfo (RoleInfo.java:shutdownFollowerState(108)) - 0bf441c2-8cd8-4ced-8476-22eca18377b1: shutdown 0bf441c2-8cd8-4ced-8476-22eca18377b1@group-6F6174E45E92-FollowerState
2021-08-17 11:50:33,691 [0bf441c2-8cd8-4ced-8476-22eca18377b1@group-6F6174E45E92-FollowerState] INFO  server.RaftServer$Division (RaftServerImpl.java:setRole(285)) - 0bf441c2-8cd8-4ced-8476-22eca18377b1@group-6F6174E45E92: changes role from  FOLLOWER to CANDIDATE at term 2 for changeToCandidate
2021-08-17 11:50:33,697 [0bf441c2-8cd8-4ced-8476-22eca18377b1@group-6F6174E45E92-FollowerState] INFO  server.RaftServerConfigKeys (ConfUtils.java:logGet(44)) - raft.server.leaderelection.pre-vote = false (custom)
2021-08-17 11:50:33,698 [0bf441c2-8cd8-4ced-8476-22eca18377b1@group-6F6174E45E92-FollowerState] INFO  impl.RoleInfo (RoleInfo.java:updateAndGet(130)) - 0bf441c2-8cd8-4ced-8476-22eca18377b1: start 0bf441c2-8cd8-4ced-8476-22eca18377b1@group-6F6174E45E92-LeaderElection85
2021-08-17 11:50:33,760 [2424882f-c429-4c69-9245-ccac92145c6c@group-6F6174E45E92-FollowerState] INFO  impl.FollowerState (FollowerState.java:run(134)) - 2424882f-c429-4c69-9245-ccac92145c6c@group-6F6174E45E92-FollowerState: change to CANDIDATE, lastRpcElapsedTime:5152239262ns, electionTimeout:5136ms
2021-08-17 11:50:33,760 [2424882f-c429-4c69-9245-ccac92145c6c@group-6F6174E45E92-FollowerState] INFO  impl.RoleInfo (RoleInfo.java:shutdownFollowerState(108)) - 2424882f-c429-4c69-9245-ccac92145c6c: shutdown 2424882f-c429-4c69-9245-ccac92145c6c@group-6F6174E45E92-FollowerState
2021-08-17 11:50:33,760 [2424882f-c429-4c69-9245-ccac92145c6c@group-6F6174E45E92-FollowerState] INFO  server.RaftServer$Division (RaftServerImpl.java:setRole(285)) - 2424882f-c429-4c69-9245-ccac92145c6c@group-6F6174E45E92: changes role from  FOLLOWER to CANDIDATE at term 2 for changeToCandidate
2021-08-17 11:50:33,760 [2424882f-c429-4c69-9245-ccac92145c6c@group-6F6174E45E92-FollowerState] INFO  server.RaftServerConfigKeys (ConfUtils.java:logGet(44)) - raft.server.leaderelection.pre-vote = false (custom)
2021-08-17 11:50:33,760 [2424882f-c429-4c69-9245-ccac92145c6c@group-6F6174E45E92-FollowerState] INFO  impl.RoleInfo (RoleInfo.java:updateAndGet(130)) - 2424882f-c429-4c69-9245-ccac92145c6c: start 2424882f-c429-4c69-9245-ccac92145c6c@group-6F6174E45E92-LeaderElection86
2021-08-17 11:50:33,787 [e2fcfc86-2f0c-4267-bafe-682e5fd2fca7@group-6F6174E45E92-LeaderElection84] INFO  impl.LeaderElection (LeaderElection.java:askForVotes(306)) - e2fcfc86-2f0c-4267-bafe-682e5fd2fca7@group-6F6174E45E92-LeaderElection84 ELECTION round 0: submit vote requests at term 3 for -1: [2424882f-c429-4c69-9245-ccac92145c6c|rpc:10.1.0.37:43989|dataStream:|priority:0, 0bf441c2-8cd8-4ced-8476-22eca18377b1|rpc:10.1.0.37:38591|dataStream:|priority:0, e2fcfc86-2f0c-4267-bafe-682e5fd2fca7|rpc:10.1.0.37:43155|dataStream:|priority:1], old=null
2021-08-17 11:50:33,797 [grpc-default-executor-6] INFO  server.RaftServer$Division (RaftServerImpl.java:requestVote(1043)) - 2424882f-c429-4c69-9245-ccac92145c6c@group-6F6174E45E92: receive requestVote(ELECTION, e2fcfc86-2f0c-4267-bafe-682e5fd2fca7, group-6F6174E45E92, 3, (t:0, i:0))
2021-08-17 11:50:33,797 [grpc-default-executor-6] INFO  impl.VoteContext (VoteContext.java:log(48)) - 2424882f-c429-4c69-9245-ccac92145c6c@group-6F6174E45E92-CANDIDATE: accept ELECTION from e2fcfc86-2f0c-4267-bafe-682e5fd2fca7: our priority 0 <= candidate's priority 1
2021-08-17 11:50:33,797 [grpc-default-executor-6] INFO  server.RaftServer$Division (RaftServerImpl.java:setRole(285)) - 2424882f-c429-4c69-9245-ccac92145c6c@group-6F6174E45E92: changes role from CANDIDATE to FOLLOWER at term 3 for candidate:e2fcfc86-2f0c-4267-bafe-682e5fd2fca7
2021-08-17 11:50:33,797 [grpc-default-executor-6] INFO  impl.RoleInfo (RoleInfo.java:shutdownLeaderElection(121)) - 2424882f-c429-4c69-9245-ccac92145c6c: shutdown 2424882f-c429-4c69-9245-ccac92145c6c@group-6F6174E45E92-LeaderElection86
2021-08-17 11:50:33,797 [grpc-default-executor-6] INFO  impl.RoleInfo (RoleInfo.java:updateAndGet(130)) - 2424882f-c429-4c69-9245-ccac92145c6c: start 2424882f-c429-4c69-9245-ccac92145c6c@group-6F6174E45E92-FollowerState
2021-08-17 11:50:33,811 [grpc-default-executor-6] INFO  server.RaftServer$Division (RaftServerImpl.java:requestVote(1075)) - 2424882f-c429-4c69-9245-ccac92145c6c@group-6F6174E45E92 replies to ELECTION vote request: e2fcfc86-2f0c-4267-bafe-682e5fd2fca7<-2424882f-c429-4c69-9245-ccac92145c6c#0:OK-t3. Peer's state: 2424882f-c429-4c69-9245-ccac92145c6c@group-6F6174E45E92:t3, leader=null, voted=e2fcfc86-2f0c-4267-bafe-682e5fd2fca7, raftlog=2424882f-c429-4c69-9245-ccac92145c6c@group-6F6174E45E92-SegmentedRaftLog:OPENED:c-1,f-1,i0, conf=-1: [2424882f-c429-4c69-9245-ccac92145c6c|rpc:10.1.0.37:43989|priority:0, 0bf441c2-8cd8-4ced-8476-22eca18377b1|rpc:10.1.0.37:38591|priority:0, e2fcfc86-2f0c-4267-bafe-682e5fd2fca7|rpc:10.1.0.37:43155|priority:1], old=null
2021-08-17 11:50:33,811 [2424882f-c429-4c69-9245-ccac92145c6c@group-6F6174E45E92-LeaderElection86] INFO  impl.LeaderElection (LeaderElection.java:run(230)) - 2424882f-c429-4c69-9245-ccac92145c6c@group-6F6174E45E92-LeaderElection86: skip running since this is already CLOSING
2021-08-17 11:50:33,812 [0bf441c2-8cd8-4ced-8476-22eca18377b1@group-6F6174E45E92-LeaderElection85] INFO  impl.LeaderElection (LeaderElection.java:askForVotes(306)) - 0bf441c2-8cd8-4ced-8476-22eca18377b1@group-6F6174E45E92-LeaderElection85 ELECTION round 0: submit vote requests at term 3 for -1: [2424882f-c429-4c69-9245-ccac92145c6c|rpc:10.1.0.37:43989|dataStream:|priority:0, 0bf441c2-8cd8-4ced-8476-22eca18377b1|rpc:10.1.0.37:38591|dataStream:|priority:0, e2fcfc86-2f0c-4267-bafe-682e5fd2fca7|rpc:10.1.0.37:43155|dataStream:|priority:1], old=null
2021-08-17 11:50:33,835 [e2fcfc86-2f0c-4267-bafe-682e5fd2fca7@group-6F6174E45E92-LeaderElection84] INFO  impl.LeaderElection (LeaderElection.java:logAndReturn(89)) - e2fcfc86-2f0c-4267-bafe-682e5fd2fca7@group-6F6174E45E92-LeaderElection84: ELECTION PASSED received 1 response(s) and 0 exception(s):
2021-08-17 11:50:33,835 [e2fcfc86-2f0c-4267-bafe-682e5fd2fca7@group-6F6174E45E92-LeaderElection84] INFO  impl.LeaderElection (LeaderElection.java:logAndReturn(93)) -   Response 0: e2fcfc86-2f0c-4267-bafe-682e5fd2fca7<-2424882f-c429-4c69-9245-ccac92145c6c#0:OK-t3
2021-08-17 11:50:33,835 [e2fcfc86-2f0c-4267-bafe-682e5fd2fca7@group-6F6174E45E92-LeaderElection84] INFO  impl.LeaderElection (LeaderElection.java:askForVotes(308)) - e2fcfc86-2f0c-4267-bafe-682e5fd2fca7@group-6F6174E45E92-LeaderElection84 ELECTION round 0: result PASSED
2021-08-17 11:50:33,835 [e2fcfc86-2f0c-4267-bafe-682e5fd2fca7@group-6F6174E45E92-LeaderElection84] INFO  impl.RoleInfo (RoleInfo.java:shutdownLeaderElection(121)) - e2fcfc86-2f0c-4267-bafe-682e5fd2fca7: shutdown e2fcfc86-2f0c-4267-bafe-682e5fd2fca7@group-6F6174E45E92-LeaderElection84
2021-08-17 11:50:33,835 [e2fcfc86-2f0c-4267-bafe-682e5fd2fca7@group-6F6174E45E92-LeaderElection84] INFO  server.RaftServer$Division (RaftServerImpl.java:setRole(285)) - e2fcfc86-2f0c-4267-bafe-682e5fd2fca7@group-6F6174E45E92: changes role from CANDIDATE to LEADER at term 3 for changeToLeader
2021-08-17 11:50:33,835 [e2fcfc86-2f0c-4267-bafe-682e5fd2fca7@group-6F6174E45E92-LeaderElection84] INFO  ratis.XceiverServerRatis (XceiverServerRatis.java:handleLeaderChangedNotification(861)) - Leader change notification received for group: group-6F6174E45E92 with new leaderId: e2fcfc86-2f0c-4267-bafe-682e5fd2fca7
2021-08-17 11:50:33,835 [e2fcfc86-2f0c-4267-bafe-682e5fd2fca7@group-6F6174E45E92-LeaderElection84] INFO  server.RaftServer$Division (ServerState.java:setLeader(285)) - e2fcfc86-2f0c-4267-bafe-682e5fd2fca7@group-6F6174E45E92: change Leader from null to e2fcfc86-2f0c-4267-bafe-682e5fd2fca7 at term 3 for becomeLeader, leader elected after 15610ms
2021-08-17 11:50:33,835 [e2fcfc86-2f0c-4267-bafe-682e5fd2fca7@group-6F6174E45E92-LeaderElection84] INFO  server.RaftServerConfigKeys (ConfUtils.java:logGet(44)) - raft.server.staging.catchup.gap = 1000 (default)
2021-08-17 11:50:33,836 [e2fcfc86-2f0c-4267-bafe-682e5fd2fca7@group-6F6174E45E92-LeaderElection84] INFO  server.RaftServerConfigKeys (ConfUtils.java:logGet(44)) - raft.server.write.element-limit = 1024 (custom)
2021-08-17 11:50:33,836 [e2fcfc86-2f0c-4267-bafe-682e5fd2fca7@group-6F6174E45E92-LeaderElection84] INFO  server.RaftServerConfigKeys (ConfUtils.java:logGet(44)) - raft.server.write.byte-limit = 1024 M (=1073741824) (custom)
2021-08-17 11:50:33,836 [e2fcfc86-2f0c-4267-bafe-682e5fd2fca7@group-6F6174E45E92-LeaderElection84] INFO  server.RaftServerConfigKeys (ConfUtils.java:logGet(44)) - raft.server.watch.timeout = 3000ms (custom)
2021-08-17 11:50:33,836 [e2fcfc86-2f0c-4267-bafe-682e5fd2fca7@group-6F6174E45E92-LeaderElection84] INFO  server.RaftServerConfigKeys (ConfUtils.java:logGet(44)) - raft.server.watch.timeout.denomination = 1s (default)
2021-08-17 11:50:33,836 [e2fcfc86-2f0c-4267-bafe-682e5fd2fca7@group-6F6174E45E92-LeaderElection84] INFO  server.RaftServerConfigKeys (ConfUtils.java:logGet(44)) - raft.server.watch.element-limit = 65536 (default)
2021-08-17 11:50:33,836 [e2fcfc86-2f0c-4267-bafe-682e5fd2fca7@group-6F6174E45E92-LeaderElection84] INFO  server.RaftServerConfigKeys (ConfUtils.java:logGet(44)) - raft.server.log.appender.snapshot.chunk.size.max = 16MB (=16777216) (default)
2021-08-17 11:50:33,836 [e2fcfc86-2f0c-4267-bafe-682e5fd2fca7@group-6F6174E45E92-LeaderElection84] INFO  server.RaftServerConfigKeys (ConfUtils.java:logGet(44)) - raft.server.log.appender.buffer.byte-limit = 33554432 (custom)
2021-08-17 11:50:33,836 [e2fcfc86-2f0c-4267-bafe-682e5fd2fca7@group-6F6174E45E92-LeaderElection84] INFO  server.RaftServerConfigKeys (ConfUtils.java:logGet(44)) - raft.server.log.appender.buffer.element-limit = 1 (custom)
2021-08-17 11:50:33,837 [e2fcfc86-2f0c-4267-bafe-682e5fd2fca7@group-6F6174E45E92-LeaderElection84] INFO  grpc.GrpcConfigKeys (ConfUtils.java:logGet(44)) - raft.grpc.server.leader.outstanding.appends.max = 128 (default)
2021-08-17 11:50:33,837 [e2fcfc86-2f0c-4267-bafe-682e5fd2fca7@group-6F6174E45E92-LeaderElection84] INFO  server.RaftServerConfigKeys (ConfUtils.java:logGet(44)) - raft.server.rpc.request.timeout = 3000ms (default)
2021-08-17 11:50:33,837 [e2fcfc86-2f0c-4267-bafe-682e5fd2fca7@group-6F6174E45E92-LeaderElection84] INFO  server.RaftServerConfigKeys (ConfUtils.java:logGet(44)) - raft.server.log.appender.install.snapshot.enabled = false (custom)
2021-08-17 11:50:33,837 [Datanode State Machine Thread - 0] WARN  statemachine.StateContext (StateContext.java:execute(621)) - No available thread in pool for past 1 seconds.
2021-08-17 11:50:33,839 [grpc-default-executor-6] INFO  server.RaftServer$Division (RaftServerImpl.java:requestVote(1043)) - 0bf441c2-8cd8-4ced-8476-22eca18377b1@group-6F6174E45E92: receive requestVote(ELECTION, e2fcfc86-2f0c-4267-bafe-682e5fd2fca7, group-6F6174E45E92, 3, (t:0, i:0))
2021-08-17 11:50:33,840 [grpc-default-executor-6] INFO  impl.VoteContext (VoteContext.java:log(48)) - 0bf441c2-8cd8-4ced-8476-22eca18377b1@group-6F6174E45E92-CANDIDATE: reject ELECTION from e2fcfc86-2f0c-4267-bafe-682e5fd2fca7: already has voted for 0bf441c2-8cd8-4ced-8476-22eca18377b1 at current term 3
2021-08-17 11:50:33,840 [grpc-default-executor-6] INFO  server.RaftServer$Division (RaftServerImpl.java:requestVote(1075)) - 0bf441c2-8cd8-4ced-8476-22eca18377b1@group-6F6174E45E92 replies to ELECTION vote request: e2fcfc86-2f0c-4267-bafe-682e5fd2fca7<-0bf441c2-8cd8-4ced-8476-22eca18377b1#0:FAIL-t3. Peer's state: 0bf441c2-8cd8-4ced-8476-22eca18377b1@group-6F6174E45E92:t3, leader=null, voted=0bf441c2-8cd8-4ced-8476-22eca18377b1, raftlog=0bf441c2-8cd8-4ced-8476-22eca18377b1@group-6F6174E45E92-SegmentedRaftLog:OPENED:c-1,f-1,i0, conf=-1: [2424882f-c429-4c69-9245-ccac92145c6c|rpc:10.1.0.37:43989|dataStream:|priority:0, 0bf441c2-8cd8-4ced-8476-22eca18377b1|rpc:10.1.0.37:38591|dataStream:|priority:0, e2fcfc86-2f0c-4267-bafe-682e5fd2fca7|rpc:10.1.0.37:43155|dataStream:|priority:1], old=null
2021-08-17 11:50:33,840 [grpc-default-executor-9] INFO  server.RaftServer$Division (RaftServerImpl.java:requestVote(1043)) - 2424882f-c429-4c69-9245-ccac92145c6c@group-6F6174E45E92: receive requestVote(ELECTION, 0bf441c2-8cd8-4ced-8476-22eca18377b1, group-6F6174E45E92, 3, (t:0, i:0))
2021-08-17 11:50:33,840 [grpc-default-executor-9] INFO  impl.VoteContext (VoteContext.java:log(48)) - 2424882f-c429-4c69-9245-ccac92145c6c@group-6F6174E45E92-FOLLOWER: reject ELECTION from 0bf441c2-8cd8-4ced-8476-22eca18377b1: already has voted for e2fcfc86-2f0c-4267-bafe-682e5fd2fca7 at current term 3
2021-08-17 11:50:33,840 [grpc-default-executor-9] INFO  server.RaftServer$Division (RaftServerImpl.java:requestVote(1075)) - 2424882f-c429-4c69-9245-ccac92145c6c@group-6F6174E45E92 replies to ELECTION vote request: 0bf441c2-8cd8-4ced-8476-22eca18377b1<-2424882f-c429-4c69-9245-ccac92145c6c#0:FAIL-t3. Peer's state: 2424882f-c429-4c69-9245-ccac92145c6c@group-6F6174E45E92:t3, leader=null, voted=e2fcfc86-2f0c-4267-bafe-682e5fd2fca7, raftlog=2424882f-c429-4c69-9245-ccac92145c6c@group-6F6174E45E92-SegmentedRaftLog:OPENED:c-1,f-1,i0, conf=-1: [2424882f-c429-4c69-9245-ccac92145c6c|rpc:10.1.0.37:43989|priority:0, 0bf441c2-8cd8-4ced-8476-22eca18377b1|rpc:10.1.0.37:38591|priority:0, e2fcfc86-2f0c-4267-bafe-682e5fd2fca7|rpc:10.1.0.37:43155|priority:1], old=null
2021-08-17 11:50:33,878 [EventQueue-PipelineReportForPipelineReportHandler] INFO  pipeline.PipelineManagerImpl (PipelineManagerImpl.java:openPipeline(283)) - Pipeline Pipeline[ Id: 119cf746-ef48-4aaf-bc65-6f6174e45e92, Nodes: e2fcfc86-2f0c-4267-bafe-682e5fd2fca7{ip: 10.1.0.37, host: fv-az297-666.nmf1rxwemy4u5di1sxxf4ejcwb.jx.internal.cloudapp.net, ports: [REPLICATION=44975, RATIS=43155, RATIS_ADMIN=43155, RATIS_SERVER=43155, STANDALONE=34739], networkLocation: /default-rack, certSerialId: null, persistedOpState: IN_SERVICE, persistedOpStateExpiryEpochSec: 0}0bf441c2-8cd8-4ced-8476-22eca18377b1{ip: 10.1.0.37, host: fv-az297-666.nmf1rxwemy4u5di1sxxf4ejcwb.jx.internal.cloudapp.net, ports: [REPLICATION=33409, RATIS=38591, RATIS_ADMIN=38591, RATIS_SERVER=38591, STANDALONE=39879], networkLocation: /default-rack, certSerialId: null, persistedOpState: IN_SERVICE, persistedOpStateExpiryEpochSec: 0}2424882f-c429-4c69-9245-ccac92145c6c{ip: 10.1.0.37, host: fv-az297-666.nmf1rxwemy4u5di1sxxf4ejcwb.jx.internal.cloudapp.net, ports: [REPLICATION=40345, RATIS=43989, RATIS_ADMIN=43989, RATIS_SERVER=43989, STANDALONE=32969], networkLocation: /default-rack, certSerialId: null, persistedOpState: IN_SERVICE, persistedOpStateExpiryEpochSec: 0}, ReplicationConfig: RATIS/THREE, State:ALLOCATED, leaderId:e2fcfc86-2f0c-4267-bafe-682e5fd2fca7, CreationTimestamp2021-08-17T11:50:16.569Z[Etc/UTC]] moved to OPEN state
2021-08-17 11:50:33,882 [e2fcfc86-2f0c-4267-bafe-682e5fd2fca7@group-6F6174E45E92-LeaderElection84] INFO  server.RaftServerConfigKeys (ConfUtils.java:logGet(44)) - raft.server.log.appender.snapshot.chunk.size.max = 16MB (=16777216) (default)
2021-08-17 11:50:33,883 [e2fcfc86-2f0c-4267-bafe-682e5fd2fca7@group-6F6174E45E92-LeaderElection84] INFO  server.RaftServerConfigKeys (ConfUtils.java:logGet(44)) - raft.server.log.appender.buffer.byte-limit = 33554432 (custom)
2021-08-17 11:50:33,883 [e2fcfc86-2f0c-4267-bafe-682e5fd2fca7@group-6F6174E45E92-LeaderElection84] INFO  server.RaftServerConfigKeys (ConfUtils.java:logGet(44)) - raft.server.log.appender.buffer.element-limit = 1 (custom)
2021-08-17 11:50:33,883 [e2fcfc86-2f0c-4267-bafe-682e5fd2fca7@group-6F6174E45E92-LeaderElection84] INFO  grpc.GrpcConfigKeys (ConfUtils.java:logGet(44)) - raft.grpc.server.leader.outstanding.appends.max = 128 (default)
2021-08-17 11:50:33,883 [e2fcfc86-2f0c-4267-bafe-682e5fd2fca7@group-6F6174E45E92-LeaderElection84] INFO  server.RaftServerConfigKeys (ConfUtils.java:logGet(44)) - raft.server.rpc.request.timeout = 3000ms (default)
2021-08-17 11:50:33,883 [e2fcfc86-2f0c-4267-bafe-682e5fd2fca7@group-6F6174E45E92-LeaderElection84] INFO  server.RaftServerConfigKeys (ConfUtils.java:logGet(44)) - raft.server.log.appender.install.snapshot.enabled = false (custom)
2021-08-17 11:50:33,934 [grpc-default-executor-6] INFO  server.RaftServer$Division (RaftServerImpl.java:requestVote(1043)) - e2fcfc86-2f0c-4267-bafe-682e5fd2fca7@group-6F6174E45E92: receive requestVote(ELECTION, 0bf441c2-8cd8-4ced-8476-22eca18377b1, group-6F6174E45E92, 3, (t:0, i:0))
2021-08-17 11:50:33,934 [e2fcfc86-2f0c-4267-bafe-682e5fd2fca7@group-6F6174E45E92-LeaderElection84] INFO  impl.RoleInfo (RoleInfo.java:updateAndGet(130)) - e2fcfc86-2f0c-4267-bafe-682e5fd2fca7: start e2fcfc86-2f0c-4267-bafe-682e5fd2fca7@group-6F6174E45E92-LeaderStateImpl
2021-08-17 11:50:33,935 [e2fcfc86-2f0c-4267-bafe-682e5fd2fca7@group-6F6174E45E92-LeaderElection84] INFO  segmented.SegmentedRaftLogWorker (SegmentedRaftLogWorker.java:startLogSegment(394)) - e2fcfc86-2f0c-4267-bafe-682e5fd2fca7@group-6F6174E45E92-SegmentedRaftLogWorker: Starting segment from index:0
2021-08-17 11:50:33,937 [e2fcfc86-2f0c-4267-bafe-682e5fd2fca7@group-6F6174E45E92-SegmentedRaftLogWorker] INFO  segmented.SegmentedRaftLogWorker (SegmentedRaftLogWorker.java:execute(601)) - e2fcfc86-2f0c-4267-bafe-682e5fd2fca7@group-6F6174E45E92-SegmentedRaftLogWorker: created new log segment /home/runner/work/ozone/ozone/hadoop-ozone/integration-test/target/test-dir/MiniOzoneClusterImpl-a1e163cb-5647-48ea-b1dc-b51dce44f61a/datanode-1/data/ratis/119cf746-ef48-4aaf-bc65-6f6174e45e92/current/log_inprogress_0
2021-08-17 11:50:33,961 [e2fcfc86-2f0c-4267-bafe-682e5fd2fca7@group-6F6174E45E92-LeaderElection84] INFO  server.RaftServer$Division (ServerState.java:setRaftConf(387)) - e2fcfc86-2f0c-4267-bafe-682e5fd2fca7@group-6F6174E45E92: set configuration 0: [2424882f-c429-4c69-9245-ccac92145c6c|rpc:10.1.0.37:43989|dataStream:|priority:0, 0bf441c2-8cd8-4ced-8476-22eca18377b1|rpc:10.1.0.37:38591|dataStream:|priority:0, e2fcfc86-2f0c-4267-bafe-682e5fd2fca7|rpc:10.1.0.37:43155|dataStream:|priority:1], old=null
2021-08-17 11:50:34,040 [grpc-default-executor-9] INFO  ratis.XceiverServerRatis (XceiverServerRatis.java:handleLeaderChangedNotification(861)) - Leader change notification received for group: group-6F6174E45E92 with new leaderId: e2fcfc86-2f0c-4267-bafe-682e5fd2fca7
2021-08-17 11:50:34,040 [grpc-default-executor-9] INFO  server.RaftServer$Division (ServerState.java:setLeader(285)) - 2424882f-c429-4c69-9245-ccac92145c6c@group-6F6174E45E92: change Leader from null to e2fcfc86-2f0c-4267-bafe-682e5fd2fca7 at term 3 for appendEntries, leader elected after 16247ms
2021-08-17 11:50:34,055 [grpc-default-executor-6] INFO  impl.VoteContext (VoteContext.java:log(48)) - e2fcfc86-2f0c-4267-bafe-682e5fd2fca7@group-6F6174E45E92-LEADER: reject ELECTION from 0bf441c2-8cd8-4ced-8476-22eca18377b1: already has voted for e2fcfc86-2f0c-4267-bafe-682e5fd2fca7 at current term 3
2021-08-17 11:50:34,055 [grpc-default-executor-6] INFO  server.RaftServer$Division (RaftServerImpl.java:requestVote(1075)) - e2fcfc86-2f0c-4267-bafe-682e5fd2fca7@group-6F6174E45E92 replies to ELECTION vote request: 0bf441c2-8cd8-4ced-8476-22eca18377b1<-e2fcfc86-2f0c-4267-bafe-682e5fd2fca7#0:FAIL-t3. Peer's state: e2fcfc86-2f0c-4267-bafe-682e5fd2fca7@group-6F6174E45E92:t3, leader=e2fcfc86-2f0c-4267-bafe-682e5fd2fca7, voted=e2fcfc86-2f0c-4267-bafe-682e5fd2fca7, raftlog=e2fcfc86-2f0c-4267-bafe-682e5fd2fca7@group-6F6174E45E92-SegmentedRaftLog:OPENED:c0,f0,i0, conf=0: [2424882f-c429-4c69-9245-ccac92145c6c|rpc:10.1.0.37:43989|dataStream:|priority:0, 0bf441c2-8cd8-4ced-8476-22eca18377b1|rpc:10.1.0.37:38591|dataStream:|priority:0, e2fcfc86-2f0c-4267-bafe-682e5fd2fca7|rpc:10.1.0.37:43155|dataStream:|priority:1], old=null
2021-08-17 11:50:34,056 [0bf441c2-8cd8-4ced-8476-22eca18377b1@group-6F6174E45E92-LeaderElection85] INFO  impl.LeaderElection (LeaderElection.java:logAndReturn(89)) - 0bf441c2-8cd8-4ced-8476-22eca18377b1@group-6F6174E45E92-LeaderElection85: ELECTION REJECTED received 2 response(s) and 0 exception(s):
2021-08-17 11:50:34,056 [0bf441c2-8cd8-4ced-8476-22eca18377b1@group-6F6174E45E92-LeaderElection85] INFO  impl.LeaderElection (LeaderElection.java:logAndReturn(93)) -   Response 0: 0bf441c2-8cd8-4ced-8476-22eca18377b1<-2424882f-c429-4c69-9245-ccac92145c6c#0:FAIL-t3
2021-08-17 11:50:34,056 [0bf441c2-8cd8-4ced-8476-22eca18377b1@group-6F6174E45E92-LeaderElection85] INFO  impl.LeaderElection (LeaderElection.java:logAndReturn(93)) -   Response 1: 0bf441c2-8cd8-4ced-8476-22eca18377b1<-e2fcfc86-2f0c-4267-bafe-682e5fd2fca7#0:FAIL-t3
2021-08-17 11:50:34,056 [0bf441c2-8cd8-4ced-8476-22eca18377b1@group-6F6174E45E92-LeaderElection85] INFO  impl.LeaderElection (LeaderElection.java:askForVotes(308)) - 0bf441c2-8cd8-4ced-8476-22eca18377b1@group-6F6174E45E92-LeaderElection85 ELECTION round 0: result REJECTED
2021-08-17 11:50:34,056 [0bf441c2-8cd8-4ced-8476-22eca18377b1@group-6F6174E45E92-LeaderElection85] INFO  server.RaftServer$Division (RaftServerImpl.java:setRole(285)) - 0bf441c2-8cd8-4ced-8476-22eca18377b1@group-6F6174E45E92: changes role from CANDIDATE to FOLLOWER at term 3 for REJECTED
2021-08-17 11:50:34,056 [0bf441c2-8cd8-4ced-8476-22eca18377b1@group-6F6174E45E92-LeaderElection85] INFO  impl.RoleInfo (RoleInfo.java:shutdownLeaderElection(121)) - 0bf441c2-8cd8-4ced-8476-22eca18377b1: shutdown 0bf441c2-8cd8-4ced-8476-22eca18377b1@group-6F6174E45E92-LeaderElection85
2021-08-17 11:50:34,056 [0bf441c2-8cd8-4ced-8476-22eca18377b1@group-6F6174E45E92-LeaderElection85] INFO  impl.RoleInfo (RoleInfo.java:updateAndGet(130)) - 0bf441c2-8cd8-4ced-8476-22eca18377b1: start 0bf441c2-8cd8-4ced-8476-22eca18377b1@group-6F6174E45E92-FollowerState
2021-08-17 11:50:34,073 [grpc-default-executor-6] INFO  ratis.XceiverServerRatis (XceiverServerRatis.java:handleLeaderChangedNotification(861)) - Leader change notification received for group: group-6F6174E45E92 with new leaderId: e2fcfc86-2f0c-4267-bafe-682e5fd2fca7
2021-08-17 11:50:34,073 [grpc-default-executor-6] INFO  server.RaftServer$Division (ServerState.java:setLeader(285)) - 0bf441c2-8cd8-4ced-8476-22eca18377b1@group-6F6174E45E92: change Leader from null to e2fcfc86-2f0c-4267-bafe-682e5fd2fca7 at term 3 for appendEntries, leader elected after 15559ms
2021-08-17 11:50:34,082 [grpc-default-executor-9] INFO  server.RaftServer$Division (ServerState.java:setRaftConf(387)) - 2424882f-c429-4c69-9245-ccac92145c6c@group-6F6174E45E92: set configuration 0: [2424882f-c429-4c69-9245-ccac92145c6c|rpc:10.1.0.37:43989|dataStream:|priority:0, 0bf441c2-8cd8-4ced-8476-22eca18377b1|rpc:10.1.0.37:38591|dataStream:|priority:0, e2fcfc86-2f0c-4267-bafe-682e5fd2fca7|rpc:10.1.0.37:43155|dataStream:|priority:1], old=null
2021-08-17 11:50:34,083 [grpc-default-executor-9] INFO  segmented.SegmentedRaftLogWorker (SegmentedRaftLogWorker.java:startLogSegment(394)) - 2424882f-c429-4c69-9245-ccac92145c6c@group-6F6174E45E92-SegmentedRaftLogWorker: Starting segment from index:0
2021-08-17 11:50:34,093 [2424882f-c429-4c69-9245-ccac92145c6c@group-6F6174E45E92-SegmentedRaftLogWorker] INFO  segmented.SegmentedRaftLogWorker (SegmentedRaftLogWorker.java:execute(601)) - 2424882f-c429-4c69-9245-ccac92145c6c@group-6F6174E45E92-SegmentedRaftLogWorker: created new log segment /home/runner/work/ozone/ozone/hadoop-ozone/integration-test/target/test-dir/MiniOzoneClusterImpl-a1e163cb-5647-48ea-b1dc-b51dce44f61a/datanode-0/data/ratis/119cf746-ef48-4aaf-bc65-6f6174e45e92/current/log_inprogress_0
2021-08-17 11:50:34,202 [grpc-default-executor-9] INFO  server.RaftServer$Division (ServerState.java:setRaftConf(387)) - 0bf441c2-8cd8-4ced-8476-22eca18377b1@group-6F6174E45E92: set configuration 0: [2424882f-c429-4c69-9245-ccac92145c6c|rpc:10.1.0.37:43989|dataStream:|priority:0, 0bf441c2-8cd8-4ced-8476-22eca18377b1|rpc:10.1.0.37:38591|dataStream:|priority:0, e2fcfc86-2f0c-4267-bafe-682e5fd2fca7|rpc:10.1.0.37:43155|dataStream:|priority:1], old=null
2021-08-17 11:50:34,203 [grpc-default-executor-9] INFO  segmented.SegmentedRaftLogWorker (SegmentedRaftLogWorker.java:startLogSegment(394)) - 0bf441c2-8cd8-4ced-8476-22eca18377b1@group-6F6174E45E92-SegmentedRaftLogWorker: Starting segment from index:0
2021-08-17 11:50:34,210 [0bf441c2-8cd8-4ced-8476-22eca18377b1@group-6F6174E45E92-SegmentedRaftLogWorker] INFO  segmented.SegmentedRaftLogWorker (SegmentedRaftLogWorker.java:execute(601)) - 0bf441c2-8cd8-4ced-8476-22eca18377b1@group-6F6174E45E92-SegmentedRaftLogWorker: created new log segment /home/runner/work/ozone/ozone/hadoop-ozone/integration-test/target/test-dir/MiniOzoneClusterImpl-a1e163cb-5647-48ea-b1dc-b51dce44f61a/datanode-2/data/ratis/119cf746-ef48-4aaf-bc65-6f6174e45e92/current/log_inprogress_0
2021-08-17 11:50:35,265 [b04f16c0-2a60-4c52-b6a0-e9a8376fd099@group-DC37525C1773-FollowerState] INFO  impl.FollowerState (FollowerState.java:run(134)) - b04f16c0-2a60-4c52-b6a0-e9a8376fd099@group-DC37525C1773-FollowerState: change to CANDIDATE, lastRpcElapsedTime:5060977162ns, electionTimeout:5036ms
2021-08-17 11:50:35,265 [b04f16c0-2a60-4c52-b6a0-e9a8376fd099@group-DC37525C1773-FollowerState] INFO  impl.RoleInfo (RoleInfo.java:shutdownFollowerState(108)) - b04f16c0-2a60-4c52-b6a0-e9a8376fd099: shutdown b04f16c0-2a60-4c52-b6a0-e9a8376fd099@group-DC37525C1773-FollowerState
2021-08-17 11:50:35,265 [b04f16c0-2a60-4c52-b6a0-e9a8376fd099@group-DC37525C1773-FollowerState] INFO  server.RaftServer$Division (RaftServerImpl.java:setRole(285)) - b04f16c0-2a60-4c52-b6a0-e9a8376fd099@group-DC37525C1773: changes role from  FOLLOWER to CANDIDATE at term 1 for changeToCandidate
2021-08-17 11:50:35,265 [b04f16c0-2a60-4c52-b6a0-e9a8376fd099@group-DC37525C1773-FollowerState] INFO  server.RaftServerConfigKeys (ConfUtils.java:logGet(44)) - raft.server.leaderelection.pre-vote = false (custom)
2021-08-17 11:50:35,265 [b04f16c0-2a60-4c52-b6a0-e9a8376fd099@group-DC37525C1773-FollowerState] INFO  impl.RoleInfo (RoleInfo.java:updateAndGet(130)) - b04f16c0-2a60-4c52-b6a0-e9a8376fd099: start b04f16c0-2a60-4c52-b6a0-e9a8376fd099@group-DC37525C1773-LeaderElection87
2021-08-17 11:50:35,321 [b04f16c0-2a60-4c52-b6a0-e9a8376fd099@group-DC37525C1773-LeaderElection87] INFO  impl.LeaderElection (LeaderElection.java:askForVotes(306)) - b04f16c0-2a60-4c52-b6a0-e9a8376fd099@group-DC37525C1773-LeaderElection87 ELECTION round 0: submit vote requests at term 2 for -1: [c2837b3a-083f-4317-9098-ed9e2645ea67|rpc:10.1.0.37:40281|priority:0, b04f16c0-2a60-4c52-b6a0-e9a8376fd099|rpc:10.1.0.37:38575|priority:0, 4d40c50f-34df-4d8d-ada3-4ecb2b1f4098|rpc:10.1.0.37:38377|priority:1], old=null
2021-08-17 11:50:35,387 [4d40c50f-34df-4d8d-ada3-4ecb2b1f4098@group-DC37525C1773-FollowerState] INFO  impl.FollowerState (FollowerState.java:run(134)) - 4d40c50f-34df-4d8d-ada3-4ecb2b1f4098@group-DC37525C1773-FollowerState: change to CANDIDATE, lastRpcElapsedTime:5268343334ns, electionTimeout:5103ms
2021-08-17 11:50:35,387 [4d40c50f-34df-4d8d-ada3-4ecb2b1f4098@group-DC37525C1773-FollowerState] INFO  impl.RoleInfo (RoleInfo.java:shutdownFollowerState(108)) - 4d40c50f-34df-4d8d-ada3-4ecb2b1f4098: shutdown 4d40c50f-34df-4d8d-ada3-4ecb2b1f4098@group-DC37525C1773-FollowerState
2021-08-17 11:50:35,387 [4d40c50f-34df-4d8d-ada3-4ecb2b1f4098@group-DC37525C1773-FollowerState] INFO  server.RaftServer$Division (RaftServerImpl.java:setRole(285)) - 4d40c50f-34df-4d8d-ada3-4ecb2b1f4098@group-DC37525C1773: changes role from  FOLLOWER to CANDIDATE at term 1 for changeToCandidate
2021-08-17 11:50:35,387 [4d40c50f-34df-4d8d-ada3-4ecb2b1f4098@group-DC37525C1773-FollowerState] INFO  server.RaftServerConfigKeys (ConfUtils.java:logGet(44)) - raft.server.leaderelection.pre-vote = false (custom)
2021-08-17 11:50:35,387 [4d40c50f-34df-4d8d-ada3-4ecb2b1f4098@group-DC37525C1773-FollowerState] INFO  impl.RoleInfo (RoleInfo.java:updateAndGet(130)) - 4d40c50f-34df-4d8d-ada3-4ecb2b1f4098: start 4d40c50f-34df-4d8d-ada3-4ecb2b1f4098@group-DC37525C1773-LeaderElection88
2021-08-17 11:50:35,389 [grpc-default-executor-6] INFO  server.RaftServer$Division (RaftServerImpl.java:requestVote(1043)) - c2837b3a-083f-4317-9098-ed9e2645ea67@group-DC37525C1773: receive requestVote(ELECTION, b04f16c0-2a60-4c52-b6a0-e9a8376fd099, group-DC37525C1773, 2, (t:0, i:0))
2021-08-17 11:50:35,389 [grpc-default-executor-6] INFO  impl.VoteContext (VoteContext.java:log(48)) - c2837b3a-083f-4317-9098-ed9e2645ea67@group-DC37525C1773-FOLLOWER: accept ELECTION from b04f16c0-2a60-4c52-b6a0-e9a8376fd099: our priority 0 <= candidate's priority 0
2021-08-17 11:50:35,389 [grpc-default-executor-6] INFO  server.RaftServer$Division (RaftServerImpl.java:setRole(285)) - c2837b3a-083f-4317-9098-ed9e2645ea67@group-DC37525C1773: changes role from  FOLLOWER to FOLLOWER at term 2 for candidate:b04f16c0-2a60-4c52-b6a0-e9a8376fd099
2021-08-17 11:50:35,389 [grpc-default-executor-6] INFO  impl.RoleInfo (RoleInfo.java:shutdownFollowerState(108)) - c2837b3a-083f-4317-9098-ed9e2645ea67: shutdown c2837b3a-083f-4317-9098-ed9e2645ea67@group-DC37525C1773-FollowerState
2021-08-17 11:50:35,428 [grpc-default-executor-6] INFO  impl.RoleInfo (RoleInfo.java:updateAndGet(130)) - c2837b3a-083f-4317-9098-ed9e2645ea67: start c2837b3a-083f-4317-9098-ed9e2645ea67@group-DC37525C1773-FollowerState
2021-08-17 11:50:35,428 [c2837b3a-083f-4317-9098-ed9e2645ea67@group-DC37525C1773-FollowerState] INFO  impl.FollowerState (FollowerState.java:run(143)) - c2837b3a-083f-4317-9098-ed9e2645ea67@group-DC37525C1773-FollowerState was interrupted: {}
java.lang.InterruptedException: sleep interrupted
	at java.lang.Thread.sleep(Native Method)
	at java.lang.Thread.sleep(Thread.java:340)
	at java.util.concurrent.TimeUnit.sleep(TimeUnit.java:386)
	at org.apache.ratis.util.TimeDuration.sleep(TimeDuration.java:324)
	at org.apache.ratis.util.TimeDuration.sleep(TimeDuration.java:309)
	at org.apache.ratis.server.impl.FollowerState.run(FollowerState.java:118)
2021-08-17 11:50:35,474 [4d40c50f-34df-4d8d-ada3-4ecb2b1f4098@group-DC37525C1773-LeaderElection88] INFO  impl.LeaderElection (LeaderElection.java:askForVotes(306)) - 4d40c50f-34df-4d8d-ada3-4ecb2b1f4098@group-DC37525C1773-LeaderElection88 ELECTION round 0: submit vote requests at term 2 for -1: [c2837b3a-083f-4317-9098-ed9e2645ea67|rpc:10.1.0.37:40281|dataStream:|priority:0, b04f16c0-2a60-4c52-b6a0-e9a8376fd099|rpc:10.1.0.37:38575|dataStream:|priority:0, 4d40c50f-34df-4d8d-ada3-4ecb2b1f4098|rpc:10.1.0.37:38377|dataStream:|priority:1], old=null
2021-08-17 11:50:35,499 [grpc-default-executor-9] INFO  server.RaftServer$Division (RaftServerImpl.java:requestVote(1043)) - 4d40c50f-34df-4d8d-ada3-4ecb2b1f4098@group-DC37525C1773: receive requestVote(ELECTION, b04f16c0-2a60-4c52-b6a0-e9a8376fd099, group-DC37525C1773, 2, (t:0, i:0))
2021-08-17 11:50:35,499 [grpc-default-executor-9] INFO  impl.VoteContext (VoteContext.java:log(48)) - 4d40c50f-34df-4d8d-ada3-4ecb2b1f4098@group-DC37525C1773-CANDIDATE: reject ELECTION from b04f16c0-2a60-4c52-b6a0-e9a8376fd099: already has voted for 4d40c50f-34df-4d8d-ada3-4ecb2b1f4098 at current term 2
2021-08-17 11:50:35,499 [grpc-default-executor-9] INFO  server.RaftServer$Division (RaftServerImpl.java:requestVote(1075)) - 4d40c50f-34df-4d8d-ada3-4ecb2b1f4098@group-DC37525C1773 replies to ELECTION vote request: b04f16c0-2a60-4c52-b6a0-e9a8376fd099<-4d40c50f-34df-4d8d-ada3-4ecb2b1f4098#0:FAIL-t2. Peer's state: 4d40c50f-34df-4d8d-ada3-4ecb2b1f4098@group-DC37525C1773:t2, leader=null, voted=4d40c50f-34df-4d8d-ada3-4ecb2b1f4098, raftlog=4d40c50f-34df-4d8d-ada3-4ecb2b1f4098@group-DC37525C1773-SegmentedRaftLog:OPENED:c-1,f-1,i0, conf=-1: [c2837b3a-083f-4317-9098-ed9e2645ea67|rpc:10.1.0.37:40281|dataStream:|priority:0, b04f16c0-2a60-4c52-b6a0-e9a8376fd099|rpc:10.1.0.37:38575|dataStream:|priority:0, 4d40c50f-34df-4d8d-ada3-4ecb2b1f4098|rpc:10.1.0.37:38377|dataStream:|priority:1], old=null
2021-08-17 11:50:35,510 [grpc-default-executor-6] INFO  server.RaftServer$Division (RaftServerImpl.java:requestVote(1075)) - c2837b3a-083f-4317-9098-ed9e2645ea67@group-DC37525C1773 replies to ELECTION vote request: b04f16c0-2a60-4c52-b6a0-e9a8376fd099<-c2837b3a-083f-4317-9098-ed9e2645ea67#0:OK-t2. Peer's state: c2837b3a-083f-4317-9098-ed9e2645ea67@group-DC37525C1773:t2, leader=null, voted=b04f16c0-2a60-4c52-b6a0-e9a8376fd099, raftlog=c2837b3a-083f-4317-9098-ed9e2645ea67@group-DC37525C1773-SegmentedRaftLog:OPENED:c-1,f-1,i0, conf=-1: [c2837b3a-083f-4317-9098-ed9e2645ea67|rpc:10.1.0.37:40281|dataStream:|priority:0, b04f16c0-2a60-4c52-b6a0-e9a8376fd099|rpc:10.1.0.37:38575|dataStream:|priority:0, 4d40c50f-34df-4d8d-ada3-4ecb2b1f4098|rpc:10.1.0.37:38377|dataStream:|priority:1], old=null
2021-08-17 11:50:35,521 [b04f16c0-2a60-4c52-b6a0-e9a8376fd099@group-DC37525C1773-LeaderElection87] INFO  impl.LeaderElection (LeaderElection.java:logAndReturn(89)) - b04f16c0-2a60-4c52-b6a0-e9a8376fd099@group-DC37525C1773-LeaderElection87: ELECTION REJECTED received 2 response(s) and 0 exception(s):
2021-08-17 11:50:35,521 [b04f16c0-2a60-4c52-b6a0-e9a8376fd099@group-DC37525C1773-LeaderElection87] INFO  impl.LeaderElection (LeaderElection.java:logAndReturn(93)) -   Response 0: b04f16c0-2a60-4c52-b6a0-e9a8376fd099<-c2837b3a-083f-4317-9098-ed9e2645ea67#0:OK-t2
2021-08-17 11:50:35,521 [b04f16c0-2a60-4c52-b6a0-e9a8376fd099@group-DC37525C1773-LeaderElection87] INFO  impl.LeaderElection (LeaderElection.java:logAndReturn(93)) -   Response 1: b04f16c0-2a60-4c52-b6a0-e9a8376fd099<-4d40c50f-34df-4d8d-ada3-4ecb2b1f4098#0:FAIL-t2
2021-08-17 11:50:35,521 [b04f16c0-2a60-4c52-b6a0-e9a8376fd099@group-DC37525C1773-LeaderElection87] INFO  impl.LeaderElection (LeaderElection.java:askForVotes(308)) - b04f16c0-2a60-4c52-b6a0-e9a8376fd099@group-DC37525C1773-LeaderElection87 ELECTION round 0: result REJECTED
2021-08-17 11:50:35,521 [b04f16c0-2a60-4c52-b6a0-e9a8376fd099@group-DC37525C1773-LeaderElection87] INFO  server.RaftServer$Division (RaftServerImpl.java:setRole(285)) - b04f16c0-2a60-4c52-b6a0-e9a8376fd099@group-DC37525C1773: changes role from CANDIDATE to FOLLOWER at term 2 for REJECTED
2021-08-17 11:50:35,521 [b04f16c0-2a60-4c52-b6a0-e9a8376fd099@group-DC37525C1773-LeaderElection87] INFO  impl.RoleInfo (RoleInfo.java:shutdownLeaderElection(121)) - b04f16c0-2a60-4c52-b6a0-e9a8376fd099: shutdown b04f16c0-2a60-4c52-b6a0-e9a8376fd099@group-DC37525C1773-LeaderElection87
2021-08-17 11:50:35,521 [b04f16c0-2a60-4c52-b6a0-e9a8376fd099@group-DC37525C1773-LeaderElection87] INFO  impl.RoleInfo (RoleInfo.java:updateAndGet(130)) - b04f16c0-2a60-4c52-b6a0-e9a8376fd099: start b04f16c0-2a60-4c52-b6a0-e9a8376fd099@group-DC37525C1773-FollowerState
2021-08-17 11:50:35,626 [grpc-default-executor-6] INFO  server.RaftServer$Division (RaftServerImpl.java:requestVote(1043)) - c2837b3a-083f-4317-9098-ed9e2645ea67@group-DC37525C1773: receive requestVote(ELECTION, 4d40c50f-34df-4d8d-ada3-4ecb2b1f4098, group-DC37525C1773, 2, (t:0, i:0))
2021-08-17 11:50:35,626 [grpc-default-executor-6] INFO  impl.VoteContext (VoteContext.java:log(48)) - c2837b3a-083f-4317-9098-ed9e2645ea67@group-DC37525C1773-FOLLOWER: reject ELECTION from 4d40c50f-34df-4d8d-ada3-4ecb2b1f4098: already has voted for b04f16c0-2a60-4c52-b6a0-e9a8376fd099 at current term 2
2021-08-17 11:50:35,627 [grpc-default-executor-6] INFO  server.RaftServer$Division (RaftServerImpl.java:requestVote(1075)) - c2837b3a-083f-4317-9098-ed9e2645ea67@group-DC37525C1773 replies to ELECTION vote request: 4d40c50f-34df-4d8d-ada3-4ecb2b1f4098<-c2837b3a-083f-4317-9098-ed9e2645ea67#0:FAIL-t2. Peer's state: c2837b3a-083f-4317-9098-ed9e2645ea67@group-DC37525C1773:t2, leader=null, voted=b04f16c0-2a60-4c52-b6a0-e9a8376fd099, raftlog=c2837b3a-083f-4317-9098-ed9e2645ea67@group-DC37525C1773-SegmentedRaftLog:OPENED:c-1,f-1,i0, conf=-1: [c2837b3a-083f-4317-9098-ed9e2645ea67|rpc:10.1.0.37:40281|dataStream:|priority:0, b04f16c0-2a60-4c52-b6a0-e9a8376fd099|rpc:10.1.0.37:38575|dataStream:|priority:0, 4d40c50f-34df-4d8d-ada3-4ecb2b1f4098|rpc:10.1.0.37:38377|dataStream:|priority:1], old=null
2021-08-17 11:50:35,692 [grpc-default-executor-6] INFO  server.RaftServer$Division (RaftServerImpl.java:requestVote(1043)) - b04f16c0-2a60-4c52-b6a0-e9a8376fd099@group-DC37525C1773: receive requestVote(ELECTION, 4d40c50f-34df-4d8d-ada3-4ecb2b1f4098, group-DC37525C1773, 2, (t:0, i:0))
2021-08-17 11:50:35,693 [grpc-default-executor-6] INFO  impl.VoteContext (VoteContext.java:log(48)) - b04f16c0-2a60-4c52-b6a0-e9a8376fd099@group-DC37525C1773-FOLLOWER: reject ELECTION from 4d40c50f-34df-4d8d-ada3-4ecb2b1f4098: already has voted for b04f16c0-2a60-4c52-b6a0-e9a8376fd099 at current term 2
2021-08-17 11:50:35,693 [grpc-default-executor-6] INFO  server.RaftServer$Division (RaftServerImpl.java:requestVote(1075)) - b04f16c0-2a60-4c52-b6a0-e9a8376fd099@group-DC37525C1773 replies to ELECTION vote request: 4d40c50f-34df-4d8d-ada3-4ecb2b1f4098<-b04f16c0-2a60-4c52-b6a0-e9a8376fd099#0:FAIL-t2. Peer's state: b04f16c0-2a60-4c52-b6a0-e9a8376fd099@group-DC37525C1773:t2, leader=null, voted=b04f16c0-2a60-4c52-b6a0-e9a8376fd099, raftlog=b04f16c0-2a60-4c52-b6a0-e9a8376fd099@group-DC37525C1773-SegmentedRaftLog:OPENED:c-1,f-1,i0, conf=-1: [c2837b3a-083f-4317-9098-ed9e2645ea67|rpc:10.1.0.37:40281|priority:0, b04f16c0-2a60-4c52-b6a0-e9a8376fd099|rpc:10.1.0.37:38575|priority:0, 4d40c50f-34df-4d8d-ada3-4ecb2b1f4098|rpc:10.1.0.37:38377|priority:1], old=null
2021-08-17 11:50:35,773 [4d40c50f-34df-4d8d-ada3-4ecb2b1f4098@group-DC37525C1773-LeaderElection88] INFO  impl.LeaderElection (LeaderElection.java:logAndReturn(89)) - 4d40c50f-34df-4d8d-ada3-4ecb2b1f4098@group-DC37525C1773-LeaderElection88: ELECTION REJECTED received 2 response(s) and 0 exception(s):
2021-08-17 11:50:35,773 [4d40c50f-34df-4d8d-ada3-4ecb2b1f4098@group-DC37525C1773-LeaderElection88] INFO  impl.LeaderElection (LeaderElection.java:logAndReturn(93)) -   Response 0: 4d40c50f-34df-4d8d-ada3-4ecb2b1f4098<-c2837b3a-083f-4317-9098-ed9e2645ea67#0:FAIL-t2
2021-08-17 11:50:35,773 [4d40c50f-34df-4d8d-ada3-4ecb2b1f4098@group-DC37525C1773-LeaderElection88] INFO  impl.LeaderElection (LeaderElection.java:logAndReturn(93)) -   Response 1: 4d40c50f-34df-4d8d-ada3-4ecb2b1f4098<-b04f16c0-2a60-4c52-b6a0-e9a8376fd099#0:FAIL-t2
2021-08-17 11:50:35,773 [4d40c50f-34df-4d8d-ada3-4ecb2b1f4098@group-DC37525C1773-LeaderElection88] INFO  impl.LeaderElection (LeaderElection.java:askForVotes(308)) - 4d40c50f-34df-4d8d-ada3-4ecb2b1f4098@group-DC37525C1773-LeaderElection88 ELECTION round 0: result REJECTED
2021-08-17 11:50:35,773 [4d40c50f-34df-4d8d-ada3-4ecb2b1f4098@group-DC37525C1773-LeaderElection88] INFO  server.RaftServer$Division (RaftServerImpl.java:setRole(285)) - 4d40c50f-34df-4d8d-ada3-4ecb2b1f4098@group-DC37525C1773: changes role from CANDIDATE to FOLLOWER at term 2 for REJECTED
2021-08-17 11:50:35,773 [4d40c50f-34df-4d8d-ada3-4ecb2b1f4098@group-DC37525C1773-LeaderElection88] INFO  impl.RoleInfo (RoleInfo.java:shutdownLeaderElection(121)) - 4d40c50f-34df-4d8d-ada3-4ecb2b1f4098: shutdown 4d40c50f-34df-4d8d-ada3-4ecb2b1f4098@group-DC37525C1773-LeaderElection88
2021-08-17 11:50:35,773 [4d40c50f-34df-4d8d-ada3-4ecb2b1f4098@group-DC37525C1773-LeaderElection88] INFO  impl.RoleInfo (RoleInfo.java:updateAndGet(130)) - 4d40c50f-34df-4d8d-ada3-4ecb2b1f4098: start 4d40c50f-34df-4d8d-ada3-4ecb2b1f4098@group-DC37525C1773-FollowerState
2021-08-17 11:50:36,604 [c0cb38e9-ad72-45c7-87a7-238cd12f7624@group-24113E272142-FollowerState] INFO  impl.FollowerState (FollowerState.java:run(134)) - c0cb38e9-ad72-45c7-87a7-238cd12f7624@group-24113E272142-FollowerState: change to CANDIDATE, lastRpcElapsedTime:5145390571ns, electionTimeout:5135ms
2021-08-17 11:50:36,604 [c0cb38e9-ad72-45c7-87a7-238cd12f7624@group-24113E272142-FollowerState] INFO  impl.RoleInfo (RoleInfo.java:shutdownFollowerState(108)) - c0cb38e9-ad72-45c7-87a7-238cd12f7624: shutdown c0cb38e9-ad72-45c7-87a7-238cd12f7624@group-24113E272142-FollowerState
2021-08-17 11:50:36,604 [c0cb38e9-ad72-45c7-87a7-238cd12f7624@group-24113E272142-FollowerState] INFO  server.RaftServer$Division (RaftServerImpl.java:setRole(285)) - c0cb38e9-ad72-45c7-87a7-238cd12f7624@group-24113E272142: changes role from  FOLLOWER to CANDIDATE at term 3 for changeToCandidate
2021-08-17 11:50:36,604 [c0cb38e9-ad72-45c7-87a7-238cd12f7624@group-24113E272142-FollowerState] INFO  server.RaftServerConfigKeys (ConfUtils.java:logGet(44)) - raft.server.leaderelection.pre-vote = false (custom)
2021-08-17 11:50:36,604 [c0cb38e9-ad72-45c7-87a7-238cd12f7624@group-24113E272142-FollowerState] INFO  impl.RoleInfo (RoleInfo.java:updateAndGet(130)) - c0cb38e9-ad72-45c7-87a7-238cd12f7624: start c0cb38e9-ad72-45c7-87a7-238cd12f7624@group-24113E272142-LeaderElection89
2021-08-17 11:50:36,671 [c0cb38e9-ad72-45c7-87a7-238cd12f7624@group-24113E272142-LeaderElection89] INFO  impl.LeaderElection (LeaderElection.java:askForVotes(306)) - c0cb38e9-ad72-45c7-87a7-238cd12f7624@group-24113E272142-LeaderElection89 ELECTION round 0: submit vote requests at term 4 for -1: [e067f3b0-4632-4f84-b71c-08c70f7756fb|rpc:10.1.0.37:40437|priority:0, c0cb38e9-ad72-45c7-87a7-238cd12f7624|rpc:10.1.0.37:45031|priority:0, ce9e4e21-b8b3-47e8-a05b-7ed0cb4ed4d0|rpc:10.1.0.37:42995|priority:1], old=null
2021-08-17 11:50:36,680 [ce9e4e21-b8b3-47e8-a05b-7ed0cb4ed4d0@group-24113E272142-FollowerState] INFO  impl.FollowerState (FollowerState.java:run(134)) - ce9e4e21-b8b3-47e8-a05b-7ed0cb4ed4d0@group-24113E272142-FollowerState: change to CANDIDATE, lastRpcElapsedTime:5099717139ns, electionTimeout:5046ms
2021-08-17 11:50:36,680 [ce9e4e21-b8b3-47e8-a05b-7ed0cb4ed4d0@group-24113E272142-FollowerState] INFO  impl.RoleInfo (RoleInfo.java:shutdownFollowerState(108)) - ce9e4e21-b8b3-47e8-a05b-7ed0cb4ed4d0: shutdown ce9e4e21-b8b3-47e8-a05b-7ed0cb4ed4d0@group-24113E272142-FollowerState
2021-08-17 11:50:36,680 [ce9e4e21-b8b3-47e8-a05b-7ed0cb4ed4d0@group-24113E272142-FollowerState] INFO  server.RaftServer$Division (RaftServerImpl.java:setRole(285)) - ce9e4e21-b8b3-47e8-a05b-7ed0cb4ed4d0@group-24113E272142: changes role from  FOLLOWER to CANDIDATE at term 3 for changeToCandidate
2021-08-17 11:50:36,680 [ce9e4e21-b8b3-47e8-a05b-7ed0cb4ed4d0@group-24113E272142-FollowerState] INFO  server.RaftServerConfigKeys (ConfUtils.java:logGet(44)) - raft.server.leaderelection.pre-vote = false (custom)
2021-08-17 11:50:36,680 [ce9e4e21-b8b3-47e8-a05b-7ed0cb4ed4d0@group-24113E272142-FollowerState] INFO  impl.RoleInfo (RoleInfo.java:updateAndGet(130)) - ce9e4e21-b8b3-47e8-a05b-7ed0cb4ed4d0: start ce9e4e21-b8b3-47e8-a05b-7ed0cb4ed4d0@group-24113E272142-LeaderElection90
2021-08-17 11:50:36,741 [e067f3b0-4632-4f84-b71c-08c70f7756fb@group-24113E272142-FollowerState] INFO  impl.FollowerState (FollowerState.java:run(134)) - e067f3b0-4632-4f84-b71c-08c70f7756fb@group-24113E272142-FollowerState: change to CANDIDATE, lastRpcElapsedTime:5033971890ns, electionTimeout:5029ms
2021-08-17 11:50:36,741 [e067f3b0-4632-4f84-b71c-08c70f7756fb@group-24113E272142-FollowerState] INFO  impl.RoleInfo (RoleInfo.java:shutdownFollowerState(108)) - e067f3b0-4632-4f84-b71c-08c70f7756fb: shutdown e067f3b0-4632-4f84-b71c-08c70f7756fb@group-24113E272142-FollowerState
2021-08-17 11:50:36,741 [e067f3b0-4632-4f84-b71c-08c70f7756fb@group-24113E272142-FollowerState] INFO  server.RaftServer$Division (RaftServerImpl.java:setRole(285)) - e067f3b0-4632-4f84-b71c-08c70f7756fb@group-24113E272142: changes role from  FOLLOWER to CANDIDATE at term 3 for changeToCandidate
2021-08-17 11:50:36,741 [e067f3b0-4632-4f84-b71c-08c70f7756fb@group-24113E272142-FollowerState] INFO  server.RaftServerConfigKeys (ConfUtils.java:logGet(44)) - raft.server.leaderelection.pre-vote = false (custom)
2021-08-17 11:50:36,741 [e067f3b0-4632-4f84-b71c-08c70f7756fb@group-24113E272142-FollowerState] INFO  impl.RoleInfo (RoleInfo.java:updateAndGet(130)) - e067f3b0-4632-4f84-b71c-08c70f7756fb: start e067f3b0-4632-4f84-b71c-08c70f7756fb@group-24113E272142-LeaderElection91
2021-08-17 11:50:36,758 [grpc-default-executor-6] INFO  server.RaftServer$Division (RaftServerImpl.java:requestVote(1043)) - e067f3b0-4632-4f84-b71c-08c70f7756fb@group-24113E272142: receive requestVote(ELECTION, c0cb38e9-ad72-45c7-87a7-238cd12f7624, group-24113E272142, 4, (t:0, i:0))
2021-08-17 11:50:36,759 [grpc-default-executor-9] INFO  server.RaftServer$Division (RaftServerImpl.java:requestVote(1043)) - ce9e4e21-b8b3-47e8-a05b-7ed0cb4ed4d0@group-24113E272142: receive requestVote(ELECTION, c0cb38e9-ad72-45c7-87a7-238cd12f7624, group-24113E272142, 4, (t:0, i:0))
2021-08-17 11:50:36,760 [ce9e4e21-b8b3-47e8-a05b-7ed0cb4ed4d0@group-24113E272142-LeaderElection90] INFO  impl.LeaderElection (LeaderElection.java:askForVotes(306)) - ce9e4e21-b8b3-47e8-a05b-7ed0cb4ed4d0@group-24113E272142-LeaderElection90 ELECTION round 0: submit vote requests at term 4 for 0: [e067f3b0-4632-4f84-b71c-08c70f7756fb|rpc:10.1.0.37:40437|dataStream:|priority:0, c0cb38e9-ad72-45c7-87a7-238cd12f7624|rpc:10.1.0.37:45031|dataStream:|priority:0, ce9e4e21-b8b3-47e8-a05b-7ed0cb4ed4d0|rpc:10.1.0.37:42995|dataStream:|priority:1], old=null
2021-08-17 11:50:36,760 [grpc-default-executor-9] INFO  impl.VoteContext (VoteContext.java:log(48)) - ce9e4e21-b8b3-47e8-a05b-7ed0cb4ed4d0@group-24113E272142-CANDIDATE: reject ELECTION from c0cb38e9-ad72-45c7-87a7-238cd12f7624: already has voted for ce9e4e21-b8b3-47e8-a05b-7ed0cb4ed4d0 at current term 4
2021-08-17 11:50:36,760 [grpc-default-executor-9] INFO  server.RaftServer$Division (RaftServerImpl.java:requestVote(1075)) - ce9e4e21-b8b3-47e8-a05b-7ed0cb4ed4d0@group-24113E272142 replies to ELECTION vote request: c0cb38e9-ad72-45c7-87a7-238cd12f7624<-ce9e4e21-b8b3-47e8-a05b-7ed0cb4ed4d0#0:FAIL-t4. Peer's state: ce9e4e21-b8b3-47e8-a05b-7ed0cb4ed4d0@group-24113E272142:t4, leader=null, voted=ce9e4e21-b8b3-47e8-a05b-7ed0cb4ed4d0, raftlog=ce9e4e21-b8b3-47e8-a05b-7ed0cb4ed4d0@group-24113E272142-SegmentedRaftLog:OPENED:c-1,f0,i0, conf=0: [e067f3b0-4632-4f84-b71c-08c70f7756fb|rpc:10.1.0.37:40437|dataStream:|priority:0, c0cb38e9-ad72-45c7-87a7-238cd12f7624|rpc:10.1.0.37:45031|dataStream:|priority:0, ce9e4e21-b8b3-47e8-a05b-7ed0cb4ed4d0|rpc:10.1.0.37:42995|dataStream:|priority:1], old=null
2021-08-17 11:50:36,761 [grpc-default-executor-6] INFO  impl.VoteContext (VoteContext.java:log(48)) - e067f3b0-4632-4f84-b71c-08c70f7756fb@group-24113E272142-CANDIDATE: reject ELECTION from c0cb38e9-ad72-45c7-87a7-238cd12f7624: already has voted for e067f3b0-4632-4f84-b71c-08c70f7756fb at current term 4
2021-08-17 11:50:36,761 [grpc-default-executor-6] INFO  server.RaftServer$Division (RaftServerImpl.java:requestVote(1075)) - e067f3b0-4632-4f84-b71c-08c70f7756fb@group-24113E272142 replies to ELECTION vote request: c0cb38e9-ad72-45c7-87a7-238cd12f7624<-e067f3b0-4632-4f84-b71c-08c70f7756fb#0:FAIL-t4. Peer's state: e067f3b0-4632-4f84-b71c-08c70f7756fb@group-24113E272142:t4, leader=null, voted=e067f3b0-4632-4f84-b71c-08c70f7756fb, raftlog=e067f3b0-4632-4f84-b71c-08c70f7756fb@group-24113E272142-SegmentedRaftLog:OPENED:c-1,f-1,i0, conf=-1: [e067f3b0-4632-4f84-b71c-08c70f7756fb|rpc:10.1.0.37:40437|dataStream:|priority:0, c0cb38e9-ad72-45c7-87a7-238cd12f7624|rpc:10.1.0.37:45031|dataStream:|priority:0, ce9e4e21-b8b3-47e8-a05b-7ed0cb4ed4d0|rpc:10.1.0.37:42995|dataStream:|priority:1], old=null
2021-08-17 11:50:36,761 [e067f3b0-4632-4f84-b71c-08c70f7756fb@group-24113E272142-LeaderElection91] INFO  impl.LeaderElection (LeaderElection.java:askForVotes(306)) - e067f3b0-4632-4f84-b71c-08c70f7756fb@group-24113E272142-LeaderElection91 ELECTION round 0: submit vote requests at term 4 for -1: [e067f3b0-4632-4f84-b71c-08c70f7756fb|rpc:10.1.0.37:40437|dataStream:|priority:0, c0cb38e9-ad72-45c7-87a7-238cd12f7624|rpc:10.1.0.37:45031|dataStream:|priority:0, ce9e4e21-b8b3-47e8-a05b-7ed0cb4ed4d0|rpc:10.1.0.37:42995|dataStream:|priority:1], old=null
2021-08-17 11:50:36,776 [c0cb38e9-ad72-45c7-87a7-238cd12f7624@group-24113E272142-LeaderElection89] INFO  impl.LeaderElection (LeaderElection.java:logAndReturn(89)) - c0cb38e9-ad72-45c7-87a7-238cd12f7624@group-24113E272142-LeaderElection89: ELECTION REJECTED received 1 response(s) and 0 exception(s):
2021-08-17 11:50:36,776 [c0cb38e9-ad72-45c7-87a7-238cd12f7624@group-24113E272142-LeaderElection89] INFO  impl.LeaderElection (LeaderElection.java:logAndReturn(93)) -   Response 0: c0cb38e9-ad72-45c7-87a7-238cd12f7624<-ce9e4e21-b8b3-47e8-a05b-7ed0cb4ed4d0#0:FAIL-t4
2021-08-17 11:50:36,776 [c0cb38e9-ad72-45c7-87a7-238cd12f7624@group-24113E272142-LeaderElection89] INFO  impl.LeaderElection (LeaderElection.java:askForVotes(308)) - c0cb38e9-ad72-45c7-87a7-238cd12f7624@group-24113E272142-LeaderElection89 ELECTION round 0: result REJECTED
2021-08-17 11:50:36,776 [c0cb38e9-ad72-45c7-87a7-238cd12f7624@group-24113E272142-LeaderElection89] INFO  server.RaftServer$Division (RaftServerImpl.java:setRole(285)) - c0cb38e9-ad72-45c7-87a7-238cd12f7624@group-24113E272142: changes role from CANDIDATE to FOLLOWER at term 4 for REJECTED
2021-08-17 11:50:36,776 [c0cb38e9-ad72-45c7-87a7-238cd12f7624@group-24113E272142-LeaderElection89] INFO  impl.RoleInfo (RoleInfo.java:shutdownLeaderElection(121)) - c0cb38e9-ad72-45c7-87a7-238cd12f7624: shutdown c0cb38e9-ad72-45c7-87a7-238cd12f7624@group-24113E272142-LeaderElection89
2021-08-17 11:50:36,776 [c0cb38e9-ad72-45c7-87a7-238cd12f7624@group-24113E272142-LeaderElection89] INFO  impl.RoleInfo (RoleInfo.java:updateAndGet(130)) - c0cb38e9-ad72-45c7-87a7-238cd12f7624: start c0cb38e9-ad72-45c7-87a7-238cd12f7624@group-24113E272142-FollowerState
2021-08-17 11:50:36,810 [grpc-default-executor-6] INFO  server.RaftServer$Division (RaftServerImpl.java:requestVote(1043)) - ce9e4e21-b8b3-47e8-a05b-7ed0cb4ed4d0@group-24113E272142: receive requestVote(ELECTION, e067f3b0-4632-4f84-b71c-08c70f7756fb, group-24113E272142, 4, (t:0, i:0))
2021-08-17 11:50:36,810 [grpc-default-executor-6] INFO  impl.VoteContext (VoteContext.java:log(48)) - ce9e4e21-b8b3-47e8-a05b-7ed0cb4ed4d0@group-24113E272142-CANDIDATE: reject ELECTION from e067f3b0-4632-4f84-b71c-08c70f7756fb: already has voted for ce9e4e21-b8b3-47e8-a05b-7ed0cb4ed4d0 at current term 4
2021-08-17 11:50:36,810 [grpc-default-executor-6] INFO  server.RaftServer$Division (RaftServerImpl.java:requestVote(1075)) - ce9e4e21-b8b3-47e8-a05b-7ed0cb4ed4d0@group-24113E272142 replies to ELECTION vote request: e067f3b0-4632-4f84-b71c-08c70f7756fb<-ce9e4e21-b8b3-47e8-a05b-7ed0cb4ed4d0#0:FAIL-t4. Peer's state: ce9e4e21-b8b3-47e8-a05b-7ed0cb4ed4d0@group-24113E272142:t4, leader=null, voted=ce9e4e21-b8b3-47e8-a05b-7ed0cb4ed4d0, raftlog=ce9e4e21-b8b3-47e8-a05b-7ed0cb4ed4d0@group-24113E272142-SegmentedRaftLog:OPENED:c-1,f0,i0, conf=0: [e067f3b0-4632-4f84-b71c-08c70f7756fb|rpc:10.1.0.37:40437|dataStream:|priority:0, c0cb38e9-ad72-45c7-87a7-238cd12f7624|rpc:10.1.0.37:45031|dataStream:|priority:0, ce9e4e21-b8b3-47e8-a05b-7ed0cb4ed4d0|rpc:10.1.0.37:42995|dataStream:|priority:1], old=null
2021-08-17 11:50:36,810 [e067f3b0-4632-4f84-b71c-08c70f7756fb@group-24113E272142-LeaderElection91] INFO  impl.LeaderElection (LeaderElection.java:logAndReturn(89)) - e067f3b0-4632-4f84-b71c-08c70f7756fb@group-24113E272142-LeaderElection91: ELECTION REJECTED received 1 response(s) and 0 exception(s):
2021-08-17 11:50:36,810 [e067f3b0-4632-4f84-b71c-08c70f7756fb@group-24113E272142-LeaderElection91] INFO  impl.LeaderElection (LeaderElection.java:logAndReturn(93)) -   Response 0: e067f3b0-4632-4f84-b71c-08c70f7756fb<-ce9e4e21-b8b3-47e8-a05b-7ed0cb4ed4d0#0:FAIL-t4
2021-08-17 11:50:36,810 [e067f3b0-4632-4f84-b71c-08c70f7756fb@group-24113E272142-LeaderElection91] INFO  impl.LeaderElection (LeaderElection.java:askForVotes(308)) - e067f3b0-4632-4f84-b71c-08c70f7756fb@group-24113E272142-LeaderElection91 ELECTION round 0: result REJECTED
2021-08-17 11:50:36,811 [e067f3b0-4632-4f84-b71c-08c70f7756fb@group-24113E272142-LeaderElection91] INFO  server.RaftServer$Division (RaftServerImpl.java:setRole(285)) - e067f3b0-4632-4f84-b71c-08c70f7756fb@group-24113E272142: changes role from CANDIDATE to FOLLOWER at term 4 for REJECTED
2021-08-17 11:50:36,811 [e067f3b0-4632-4f84-b71c-08c70f7756fb@group-24113E272142-LeaderElection91] INFO  impl.RoleInfo (RoleInfo.java:shutdownLeaderElection(121)) - e067f3b0-4632-4f84-b71c-08c70f7756fb: shutdown e067f3b0-4632-4f84-b71c-08c70f7756fb@group-24113E272142-LeaderElection91
2021-08-17 11:50:36,811 [e067f3b0-4632-4f84-b71c-08c70f7756fb@group-24113E272142-LeaderElection91] INFO  impl.RoleInfo (RoleInfo.java:updateAndGet(130)) - e067f3b0-4632-4f84-b71c-08c70f7756fb: start e067f3b0-4632-4f84-b71c-08c70f7756fb@group-24113E272142-FollowerState
2021-08-17 11:50:36,812 [grpc-default-executor-1] INFO  server.RaftServer$Division (RaftServerImpl.java:requestVote(1043)) - c0cb38e9-ad72-45c7-87a7-238cd12f7624@group-24113E272142: receive requestVote(ELECTION, e067f3b0-4632-4f84-b71c-08c70f7756fb, group-24113E272142, 4, (t:0, i:0))
2021-08-17 11:50:36,812 [grpc-default-executor-2] INFO  server.RaftServer$Division (RaftServerImpl.java:requestVote(1043)) - e067f3b0-4632-4f84-b71c-08c70f7756fb@group-24113E272142: receive requestVote(ELECTION, ce9e4e21-b8b3-47e8-a05b-7ed0cb4ed4d0, group-24113E272142, 4, (t:2, i:0))
2021-08-17 11:50:36,812 [grpc-default-executor-2] INFO  impl.VoteContext (VoteContext.java:log(48)) - e067f3b0-4632-4f84-b71c-08c70f7756fb@group-24113E272142-FOLLOWER: reject ELECTION from ce9e4e21-b8b3-47e8-a05b-7ed0cb4ed4d0: already has voted for e067f3b0-4632-4f84-b71c-08c70f7756fb at current term 4
2021-08-17 11:50:36,812 [grpc-default-executor-2] INFO  server.RaftServer$Division (RaftServerImpl.java:requestVote(1075)) - e067f3b0-4632-4f84-b71c-08c70f7756fb@group-24113E272142 replies to ELECTION vote request: ce9e4e21-b8b3-47e8-a05b-7ed0cb4ed4d0<-e067f3b0-4632-4f84-b71c-08c70f7756fb#0:FAIL-t4. Peer's state: e067f3b0-4632-4f84-b71c-08c70f7756fb@group-24113E272142:t4, leader=null, voted=e067f3b0-4632-4f84-b71c-08c70f7756fb, raftlog=e067f3b0-4632-4f84-b71c-08c70f7756fb@group-24113E272142-SegmentedRaftLog:OPENED:c-1,f-1,i0, conf=-1: [e067f3b0-4632-4f84-b71c-08c70f7756fb|rpc:10.1.0.37:40437|dataStream:|priority:0, c0cb38e9-ad72-45c7-87a7-238cd12f7624|rpc:10.1.0.37:45031|dataStream:|priority:0, ce9e4e21-b8b3-47e8-a05b-7ed0cb4ed4d0|rpc:10.1.0.37:42995|dataStream:|priority:1], old=null
2021-08-17 11:50:36,812 [grpc-default-executor-9] INFO  server.RaftServer$Division (RaftServerImpl.java:requestVote(1043)) - c0cb38e9-ad72-45c7-87a7-238cd12f7624@group-24113E272142: receive requestVote(ELECTION, ce9e4e21-b8b3-47e8-a05b-7ed0cb4ed4d0, group-24113E272142, 4, (t:2, i:0))
2021-08-17 11:50:36,812 [grpc-default-executor-1] INFO  impl.VoteContext (VoteContext.java:log(48)) - c0cb38e9-ad72-45c7-87a7-238cd12f7624@group-24113E272142-FOLLOWER: reject ELECTION from e067f3b0-4632-4f84-b71c-08c70f7756fb: already has voted for c0cb38e9-ad72-45c7-87a7-238cd12f7624 at current term 4
2021-08-17 11:50:36,812 [grpc-default-executor-1] INFO  server.RaftServer$Division (RaftServerImpl.java:requestVote(1075)) - c0cb38e9-ad72-45c7-87a7-238cd12f7624@group-24113E272142 replies to ELECTION vote request: e067f3b0-4632-4f84-b71c-08c70f7756fb<-c0cb38e9-ad72-45c7-87a7-238cd12f7624#0:FAIL-t4. Peer's state: c0cb38e9-ad72-45c7-87a7-238cd12f7624@group-24113E272142:t4, leader=null, voted=c0cb38e9-ad72-45c7-87a7-238cd12f7624, raftlog=c0cb38e9-ad72-45c7-87a7-238cd12f7624@group-24113E272142-SegmentedRaftLog:OPENED:c-1,f-1,i0, conf=-1: [e067f3b0-4632-4f84-b71c-08c70f7756fb|rpc:10.1.0.37:40437|priority:0, c0cb38e9-ad72-45c7-87a7-238cd12f7624|rpc:10.1.0.37:45031|priority:0, ce9e4e21-b8b3-47e8-a05b-7ed0cb4ed4d0|rpc:10.1.0.37:42995|priority:1], old=null
2021-08-17 11:50:36,813 [grpc-default-executor-9] INFO  impl.VoteContext (VoteContext.java:log(48)) - c0cb38e9-ad72-45c7-87a7-238cd12f7624@group-24113E272142-FOLLOWER: reject ELECTION from ce9e4e21-b8b3-47e8-a05b-7ed0cb4ed4d0: already has voted for c0cb38e9-ad72-45c7-87a7-238cd12f7624 at current term 4
2021-08-17 11:50:36,813 [grpc-default-executor-9] INFO  server.RaftServer$Division (RaftServerImpl.java:requestVote(1075)) - c0cb38e9-ad72-45c7-87a7-238cd12f7624@group-24113E272142 replies to ELECTION vote request: ce9e4e21-b8b3-47e8-a05b-7ed0cb4ed4d0<-c0cb38e9-ad72-45c7-87a7-238cd12f7624#0:FAIL-t4. Peer's state: c0cb38e9-ad72-45c7-87a7-238cd12f7624@group-24113E272142:t4, leader=null, voted=c0cb38e9-ad72-45c7-87a7-238cd12f7624, raftlog=c0cb38e9-ad72-45c7-87a7-238cd12f7624@group-24113E272142-SegmentedRaftLog:OPENED:c-1,f-1,i0, conf=-1: [e067f3b0-4632-4f84-b71c-08c70f7756fb|rpc:10.1.0.37:40437|priority:0, c0cb38e9-ad72-45c7-87a7-238cd12f7624|rpc:10.1.0.37:45031|priority:0, ce9e4e21-b8b3-47e8-a05b-7ed0cb4ed4d0|rpc:10.1.0.37:42995|priority:1], old=null
2021-08-17 11:50:36,833 [ce9e4e21-b8b3-47e8-a05b-7ed0cb4ed4d0@group-24113E272142-LeaderElection90] INFO  impl.LeaderElection (LeaderElection.java:logAndReturn(89)) - ce9e4e21-b8b3-47e8-a05b-7ed0cb4ed4d0@group-24113E272142-LeaderElection90: ELECTION REJECTED received 2 response(s) and 0 exception(s):
2021-08-17 11:50:36,833 [ce9e4e21-b8b3-47e8-a05b-7ed0cb4ed4d0@group-24113E272142-LeaderElection90] INFO  impl.LeaderElection (LeaderElection.java:logAndReturn(93)) -   Response 0: ce9e4e21-b8b3-47e8-a05b-7ed0cb4ed4d0<-e067f3b0-4632-4f84-b71c-08c70f7756fb#0:FAIL-t4
2021-08-17 11:50:36,833 [ce9e4e21-b8b3-47e8-a05b-7ed0cb4ed4d0@group-24113E272142-LeaderElection90] INFO  impl.LeaderElection (LeaderElection.java:logAndReturn(93)) -   Response 1: ce9e4e21-b8b3-47e8-a05b-7ed0cb4ed4d0<-c0cb38e9-ad72-45c7-87a7-238cd12f7624#0:FAIL-t4
2021-08-17 11:50:36,833 [ce9e4e21-b8b3-47e8-a05b-7ed0cb4ed4d0@group-24113E272142-LeaderElection90] INFO  impl.LeaderElection (LeaderElection.java:askForVotes(308)) - ce9e4e21-b8b3-47e8-a05b-7ed0cb4ed4d0@group-24113E272142-LeaderElection90 ELECTION round 0: result REJECTED
2021-08-17 11:50:36,833 [ce9e4e21-b8b3-47e8-a05b-7ed0cb4ed4d0@group-24113E272142-LeaderElection90] INFO  server.RaftServer$Division (RaftServerImpl.java:setRole(285)) - ce9e4e21-b8b3-47e8-a05b-7ed0cb4ed4d0@group-24113E272142: changes role from CANDIDATE to FOLLOWER at term 4 for REJECTED
2021-08-17 11:50:36,833 [ce9e4e21-b8b3-47e8-a05b-7ed0cb4ed4d0@group-24113E272142-LeaderElection90] INFO  impl.RoleInfo (RoleInfo.java:shutdownLeaderElection(121)) - ce9e4e21-b8b3-47e8-a05b-7ed0cb4ed4d0: shutdown ce9e4e21-b8b3-47e8-a05b-7ed0cb4ed4d0@group-24113E272142-LeaderElection90
2021-08-17 11:50:36,833 [ce9e4e21-b8b3-47e8-a05b-7ed0cb4ed4d0@group-24113E272142-LeaderElection90] INFO  impl.RoleInfo (RoleInfo.java:updateAndGet(130)) - ce9e4e21-b8b3-47e8-a05b-7ed0cb4ed4d0: start ce9e4e21-b8b3-47e8-a05b-7ed0cb4ed4d0@group-24113E272142-FollowerState
2021-08-17 11:50:40,720 [b04f16c0-2a60-4c52-b6a0-e9a8376fd099@group-DC37525C1773-FollowerState] INFO  impl.FollowerState (FollowerState.java:run(134)) - b04f16c0-2a60-4c52-b6a0-e9a8376fd099@group-DC37525C1773-FollowerState: change to CANDIDATE, lastRpcElapsedTime:5198891531ns, electionTimeout:5184ms
2021-08-17 11:50:40,720 [b04f16c0-2a60-4c52-b6a0-e9a8376fd099@group-DC37525C1773-FollowerState] INFO  impl.RoleInfo (RoleInfo.java:shutdownFollowerState(108)) - b04f16c0-2a60-4c52-b6a0-e9a8376fd099: shutdown b04f16c0-2a60-4c52-b6a0-e9a8376fd099@group-DC37525C1773-FollowerState
2021-08-17 11:50:40,720 [b04f16c0-2a60-4c52-b6a0-e9a8376fd099@group-DC37525C1773-FollowerState] INFO  server.RaftServer$Division (RaftServerImpl.java:setRole(285)) - b04f16c0-2a60-4c52-b6a0-e9a8376fd099@group-DC37525C1773: changes role from  FOLLOWER to CANDIDATE at term 2 for changeToCandidate
2021-08-17 11:50:40,720 [b04f16c0-2a60-4c52-b6a0-e9a8376fd099@group-DC37525C1773-FollowerState] INFO  server.RaftServerConfigKeys (ConfUtils.java:logGet(44)) - raft.server.leaderelection.pre-vote = false (custom)
2021-08-17 11:50:40,720 [b04f16c0-2a60-4c52-b6a0-e9a8376fd099@group-DC37525C1773-FollowerState] INFO  impl.RoleInfo (RoleInfo.java:updateAndGet(130)) - b04f16c0-2a60-4c52-b6a0-e9a8376fd099: start b04f16c0-2a60-4c52-b6a0-e9a8376fd099@group-DC37525C1773-LeaderElection92
2021-08-17 11:50:40,769 [b04f16c0-2a60-4c52-b6a0-e9a8376fd099@group-DC37525C1773-LeaderElection92] INFO  impl.LeaderElection (LeaderElection.java:askForVotes(306)) - b04f16c0-2a60-4c52-b6a0-e9a8376fd099@group-DC37525C1773-LeaderElection92 ELECTION round 0: submit vote requests at term 3 for -1: [c2837b3a-083f-4317-9098-ed9e2645ea67|rpc:10.1.0.37:40281|priority:0, b04f16c0-2a60-4c52-b6a0-e9a8376fd099|rpc:10.1.0.37:38575|priority:0, 4d40c50f-34df-4d8d-ada3-4ecb2b1f4098|rpc:10.1.0.37:38377|priority:1], old=null
2021-08-17 11:50:40,779 [grpc-default-executor-1] INFO  server.RaftServer$Division (RaftServerImpl.java:requestVote(1043)) - c2837b3a-083f-4317-9098-ed9e2645ea67@group-DC37525C1773: receive requestVote(ELECTION, b04f16c0-2a60-4c52-b6a0-e9a8376fd099, group-DC37525C1773, 3, (t:0, i:0))
2021-08-17 11:50:40,779 [grpc-default-executor-1] INFO  impl.VoteContext (VoteContext.java:log(48)) - c2837b3a-083f-4317-9098-ed9e2645ea67@group-DC37525C1773-FOLLOWER: accept ELECTION from b04f16c0-2a60-4c52-b6a0-e9a8376fd099: our priority 0 <= candidate's priority 0
2021-08-17 11:50:40,779 [grpc-default-executor-1] INFO  server.RaftServer$Division (RaftServerImpl.java:setRole(285)) - c2837b3a-083f-4317-9098-ed9e2645ea67@group-DC37525C1773: changes role from  FOLLOWER to FOLLOWER at term 3 for candidate:b04f16c0-2a60-4c52-b6a0-e9a8376fd099
2021-08-17 11:50:40,779 [grpc-default-executor-1] INFO  impl.RoleInfo (RoleInfo.java:shutdownFollowerState(108)) - c2837b3a-083f-4317-9098-ed9e2645ea67: shutdown c2837b3a-083f-4317-9098-ed9e2645ea67@group-DC37525C1773-FollowerState
2021-08-17 11:50:40,787 [grpc-default-executor-1] INFO  impl.RoleInfo (RoleInfo.java:updateAndGet(130)) - c2837b3a-083f-4317-9098-ed9e2645ea67: start c2837b3a-083f-4317-9098-ed9e2645ea67@group-DC37525C1773-FollowerState
2021-08-17 11:50:40,788 [c2837b3a-083f-4317-9098-ed9e2645ea67@group-DC37525C1773-FollowerState] INFO  impl.FollowerState (FollowerState.java:run(143)) - c2837b3a-083f-4317-9098-ed9e2645ea67@group-DC37525C1773-FollowerState was interrupted: {}
java.lang.InterruptedException: sleep interrupted
	at java.lang.Thread.sleep(Native Method)
	at java.lang.Thread.sleep(Thread.java:340)
	at java.util.concurrent.TimeUnit.sleep(TimeUnit.java:386)
	at org.apache.ratis.util.TimeDuration.sleep(TimeDuration.java:324)
	at org.apache.ratis.util.TimeDuration.sleep(TimeDuration.java:309)
	at org.apache.ratis.server.impl.FollowerState.run(FollowerState.java:118)
2021-08-17 11:50:40,789 [grpc-default-executor-9] INFO  server.RaftServer$Division (RaftServerImpl.java:requestVote(1043)) - 4d40c50f-34df-4d8d-ada3-4ecb2b1f4098@group-DC37525C1773: receive requestVote(ELECTION, b04f16c0-2a60-4c52-b6a0-e9a8376fd099, group-DC37525C1773, 3, (t:0, i:0))
2021-08-17 11:50:40,789 [grpc-default-executor-9] INFO  impl.VoteContext (VoteContext.java:log(48)) - 4d40c50f-34df-4d8d-ada3-4ecb2b1f4098@group-DC37525C1773-FOLLOWER: reject ELECTION from b04f16c0-2a60-4c52-b6a0-e9a8376fd099: our priority 1 > candidate's priority 0
2021-08-17 11:50:40,789 [grpc-default-executor-9] INFO  server.RaftServer$Division (RaftServerImpl.java:setRole(285)) - 4d40c50f-34df-4d8d-ada3-4ecb2b1f4098@group-DC37525C1773: changes role from  FOLLOWER to FOLLOWER at term 3 for candidate:b04f16c0-2a60-4c52-b6a0-e9a8376fd099
2021-08-17 11:50:40,789 [grpc-default-executor-9] INFO  impl.RoleInfo (RoleInfo.java:shutdownFollowerState(108)) - 4d40c50f-34df-4d8d-ada3-4ecb2b1f4098: shutdown 4d40c50f-34df-4d8d-ada3-4ecb2b1f4098@group-DC37525C1773-FollowerState
2021-08-17 11:50:40,801 [4d40c50f-34df-4d8d-ada3-4ecb2b1f4098@group-DC37525C1773-FollowerState] INFO  impl.FollowerState (FollowerState.java:run(143)) - 4d40c50f-34df-4d8d-ada3-4ecb2b1f4098@group-DC37525C1773-FollowerState was interrupted: {}
java.lang.InterruptedException: sleep interrupted
	at java.lang.Thread.sleep(Native Method)
	at java.lang.Thread.sleep(Thread.java:340)
	at java.util.concurrent.TimeUnit.sleep(TimeUnit.java:386)
	at org.apache.ratis.util.TimeDuration.sleep(TimeDuration.java:324)
	at org.apache.ratis.util.TimeDuration.sleep(TimeDuration.java:309)
	at org.apache.ratis.server.impl.FollowerState.run(FollowerState.java:118)
2021-08-17 11:50:40,801 [grpc-default-executor-9] INFO  impl.RoleInfo (RoleInfo.java:updateAndGet(130)) - 4d40c50f-34df-4d8d-ada3-4ecb2b1f4098: start 4d40c50f-34df-4d8d-ada3-4ecb2b1f4098@group-DC37525C1773-FollowerState
2021-08-17 11:50:40,813 [grpc-default-executor-9] INFO  server.RaftServer$Division (RaftServerImpl.java:requestVote(1075)) - 4d40c50f-34df-4d8d-ada3-4ecb2b1f4098@group-DC37525C1773 replies to ELECTION vote request: b04f16c0-2a60-4c52-b6a0-e9a8376fd099<-4d40c50f-34df-4d8d-ada3-4ecb2b1f4098#0:FAIL-t3. Peer's state: 4d40c50f-34df-4d8d-ada3-4ecb2b1f4098@group-DC37525C1773:t3, leader=null, voted=null, raftlog=4d40c50f-34df-4d8d-ada3-4ecb2b1f4098@group-DC37525C1773-SegmentedRaftLog:OPENED:c-1,f-1,i0, conf=-1: [c2837b3a-083f-4317-9098-ed9e2645ea67|rpc:10.1.0.37:40281|dataStream:|priority:0, b04f16c0-2a60-4c52-b6a0-e9a8376fd099|rpc:10.1.0.37:38575|dataStream:|priority:0, 4d40c50f-34df-4d8d-ada3-4ecb2b1f4098|rpc:10.1.0.37:38377|dataStream:|priority:1], old=null
2021-08-17 11:50:40,814 [b04f16c0-2a60-4c52-b6a0-e9a8376fd099@group-DC37525C1773-LeaderElection92] INFO  impl.LeaderElection (LeaderElection.java:logAndReturn(89)) - b04f16c0-2a60-4c52-b6a0-e9a8376fd099@group-DC37525C1773-LeaderElection92: ELECTION REJECTED received 1 response(s) and 0 exception(s):
2021-08-17 11:50:40,814 [b04f16c0-2a60-4c52-b6a0-e9a8376fd099@group-DC37525C1773-LeaderElection92] INFO  impl.LeaderElection (LeaderElection.java:logAndReturn(93)) -   Response 0: b04f16c0-2a60-4c52-b6a0-e9a8376fd099<-4d40c50f-34df-4d8d-ada3-4ecb2b1f4098#0:FAIL-t3
2021-08-17 11:50:40,814 [b04f16c0-2a60-4c52-b6a0-e9a8376fd099@group-DC37525C1773-LeaderElection92] INFO  impl.LeaderElection (LeaderElection.java:askForVotes(308)) - b04f16c0-2a60-4c52-b6a0-e9a8376fd099@group-DC37525C1773-LeaderElection92 ELECTION round 0: result REJECTED
2021-08-17 11:50:40,815 [b04f16c0-2a60-4c52-b6a0-e9a8376fd099@group-DC37525C1773-LeaderElection92] INFO  server.RaftServer$Division (RaftServerImpl.java:setRole(285)) - b04f16c0-2a60-4c52-b6a0-e9a8376fd099@group-DC37525C1773: changes role from CANDIDATE to FOLLOWER at term 3 for REJECTED
2021-08-17 11:50:40,815 [b04f16c0-2a60-4c52-b6a0-e9a8376fd099@group-DC37525C1773-LeaderElection92] INFO  impl.RoleInfo (RoleInfo.java:shutdownLeaderElection(121)) - b04f16c0-2a60-4c52-b6a0-e9a8376fd099: shutdown b04f16c0-2a60-4c52-b6a0-e9a8376fd099@group-DC37525C1773-LeaderElection92
2021-08-17 11:50:40,815 [b04f16c0-2a60-4c52-b6a0-e9a8376fd099@group-DC37525C1773-LeaderElection92] INFO  impl.RoleInfo (RoleInfo.java:updateAndGet(130)) - b04f16c0-2a60-4c52-b6a0-e9a8376fd099: start b04f16c0-2a60-4c52-b6a0-e9a8376fd099@group-DC37525C1773-FollowerState
2021-08-17 11:50:40,890 [grpc-default-executor-1] INFO  server.RaftServer$Division (RaftServerImpl.java:requestVote(1075)) - c2837b3a-083f-4317-9098-ed9e2645ea67@group-DC37525C1773 replies to ELECTION vote request: b04f16c0-2a60-4c52-b6a0-e9a8376fd099<-c2837b3a-083f-4317-9098-ed9e2645ea67#0:OK-t3. Peer's state: c2837b3a-083f-4317-9098-ed9e2645ea67@group-DC37525C1773:t3, leader=null, voted=b04f16c0-2a60-4c52-b6a0-e9a8376fd099, raftlog=c2837b3a-083f-4317-9098-ed9e2645ea67@group-DC37525C1773-SegmentedRaftLog:OPENED:c-1,f-1,i0, conf=-1: [c2837b3a-083f-4317-9098-ed9e2645ea67|rpc:10.1.0.37:40281|dataStream:|priority:0, b04f16c0-2a60-4c52-b6a0-e9a8376fd099|rpc:10.1.0.37:38575|dataStream:|priority:0, 4d40c50f-34df-4d8d-ada3-4ecb2b1f4098|rpc:10.1.0.37:38377|dataStream:|priority:1], old=null
2021-08-17 11:50:41,887 [c0cb38e9-ad72-45c7-87a7-238cd12f7624@group-24113E272142-FollowerState] INFO  impl.FollowerState (FollowerState.java:run(134)) - c0cb38e9-ad72-45c7-87a7-238cd12f7624@group-24113E272142-FollowerState: change to CANDIDATE, lastRpcElapsedTime:5111069208ns, electionTimeout:5081ms
2021-08-17 11:50:41,888 [c0cb38e9-ad72-45c7-87a7-238cd12f7624@group-24113E272142-FollowerState] INFO  impl.RoleInfo (RoleInfo.java:shutdownFollowerState(108)) - c0cb38e9-ad72-45c7-87a7-238cd12f7624: shutdown c0cb38e9-ad72-45c7-87a7-238cd12f7624@group-24113E272142-FollowerState
2021-08-17 11:50:41,888 [c0cb38e9-ad72-45c7-87a7-238cd12f7624@group-24113E272142-FollowerState] INFO  server.RaftServer$Division (RaftServerImpl.java:setRole(285)) - c0cb38e9-ad72-45c7-87a7-238cd12f7624@group-24113E272142: changes role from  FOLLOWER to CANDIDATE at term 4 for changeToCandidate
2021-08-17 11:50:41,897 [c0cb38e9-ad72-45c7-87a7-238cd12f7624@group-24113E272142-FollowerState] INFO  server.RaftServerConfigKeys (ConfUtils.java:logGet(44)) - raft.server.leaderelection.pre-vote = false (custom)
2021-08-17 11:50:41,897 [c0cb38e9-ad72-45c7-87a7-238cd12f7624@group-24113E272142-FollowerState] INFO  impl.RoleInfo (RoleInfo.java:updateAndGet(130)) - c0cb38e9-ad72-45c7-87a7-238cd12f7624: start c0cb38e9-ad72-45c7-87a7-238cd12f7624@group-24113E272142-LeaderElection93
2021-08-17 11:50:41,961 [c0cb38e9-ad72-45c7-87a7-238cd12f7624@group-24113E272142-LeaderElection93] INFO  impl.LeaderElection (LeaderElection.java:askForVotes(306)) - c0cb38e9-ad72-45c7-87a7-238cd12f7624@group-24113E272142-LeaderElection93 ELECTION round 0: submit vote requests at term 5 for -1: [e067f3b0-4632-4f84-b71c-08c70f7756fb|rpc:10.1.0.37:40437|priority:0, c0cb38e9-ad72-45c7-87a7-238cd12f7624|rpc:10.1.0.37:45031|priority:0, ce9e4e21-b8b3-47e8-a05b-7ed0cb4ed4d0|rpc:10.1.0.37:42995|priority:1], old=null
2021-08-17 11:50:41,981 [e067f3b0-4632-4f84-b71c-08c70f7756fb@group-24113E272142-FollowerState] INFO  impl.FollowerState (FollowerState.java:run(134)) - e067f3b0-4632-4f84-b71c-08c70f7756fb@group-24113E272142-FollowerState: change to CANDIDATE, lastRpcElapsedTime:5170609888ns, electionTimeout:5167ms
2021-08-17 11:50:41,981 [e067f3b0-4632-4f84-b71c-08c70f7756fb@group-24113E272142-FollowerState] INFO  impl.RoleInfo (RoleInfo.java:shutdownFollowerState(108)) - e067f3b0-4632-4f84-b71c-08c70f7756fb: shutdown e067f3b0-4632-4f84-b71c-08c70f7756fb@group-24113E272142-FollowerState
2021-08-17 11:50:41,981 [e067f3b0-4632-4f84-b71c-08c70f7756fb@group-24113E272142-FollowerState] INFO  server.RaftServer$Division (RaftServerImpl.java:setRole(285)) - e067f3b0-4632-4f84-b71c-08c70f7756fb@group-24113E272142: changes role from  FOLLOWER to CANDIDATE at term 4 for changeToCandidate
2021-08-17 11:50:41,981 [e067f3b0-4632-4f84-b71c-08c70f7756fb@group-24113E272142-FollowerState] INFO  server.RaftServerConfigKeys (ConfUtils.java:logGet(44)) - raft.server.leaderelection.pre-vote = false (custom)
2021-08-17 11:50:41,981 [grpc-default-executor-1] INFO  server.RaftServer$Division (RaftServerImpl.java:requestVote(1043)) - e067f3b0-4632-4f84-b71c-08c70f7756fb@group-24113E272142: receive requestVote(ELECTION, c0cb38e9-ad72-45c7-87a7-238cd12f7624, group-24113E272142, 5, (t:0, i:0))
2021-08-17 11:50:41,981 [e067f3b0-4632-4f84-b71c-08c70f7756fb@group-24113E272142-FollowerState] INFO  impl.RoleInfo (RoleInfo.java:updateAndGet(130)) - e067f3b0-4632-4f84-b71c-08c70f7756fb: start e067f3b0-4632-4f84-b71c-08c70f7756fb@group-24113E272142-LeaderElection94
2021-08-17 11:50:41,994 [grpc-default-executor-9] INFO  server.RaftServer$Division (RaftServerImpl.java:requestVote(1043)) - ce9e4e21-b8b3-47e8-a05b-7ed0cb4ed4d0@group-24113E272142: receive requestVote(ELECTION, c0cb38e9-ad72-45c7-87a7-238cd12f7624, group-24113E272142, 5, (t:0, i:0))
2021-08-17 11:50:41,995 [grpc-default-executor-9] INFO  impl.VoteContext (VoteContext.java:log(48)) - ce9e4e21-b8b3-47e8-a05b-7ed0cb4ed4d0@group-24113E272142-FOLLOWER: reject ELECTION from c0cb38e9-ad72-45c7-87a7-238cd12f7624: our last entry (t:2, i:0) > candidate's last entry (t:0, i:0)
2021-08-17 11:50:41,995 [grpc-default-executor-9] INFO  server.RaftServer$Division (RaftServerImpl.java:setRole(285)) - ce9e4e21-b8b3-47e8-a05b-7ed0cb4ed4d0@group-24113E272142: changes role from  FOLLOWER to FOLLOWER at term 5 for candidate:c0cb38e9-ad72-45c7-87a7-238cd12f7624
2021-08-17 11:50:41,995 [grpc-default-executor-9] INFO  impl.RoleInfo (RoleInfo.java:shutdownFollowerState(108)) - ce9e4e21-b8b3-47e8-a05b-7ed0cb4ed4d0: shutdown ce9e4e21-b8b3-47e8-a05b-7ed0cb4ed4d0@group-24113E272142-FollowerState
2021-08-17 11:50:41,997 [grpc-default-executor-9] INFO  impl.RoleInfo (RoleInfo.java:updateAndGet(130)) - ce9e4e21-b8b3-47e8-a05b-7ed0cb4ed4d0: start ce9e4e21-b8b3-47e8-a05b-7ed0cb4ed4d0@group-24113E272142-FollowerState
2021-08-17 11:50:41,997 [grpc-default-executor-1] INFO  impl.VoteContext (VoteContext.java:log(48)) - e067f3b0-4632-4f84-b71c-08c70f7756fb@group-24113E272142-CANDIDATE: accept ELECTION from c0cb38e9-ad72-45c7-87a7-238cd12f7624: our priority 0 <= candidate's priority 0
2021-08-17 11:50:41,997 [grpc-default-executor-1] INFO  server.RaftServer$Division (RaftServerImpl.java:setRole(285)) - e067f3b0-4632-4f84-b71c-08c70f7756fb@group-24113E272142: changes role from CANDIDATE to FOLLOWER at term 5 for candidate:c0cb38e9-ad72-45c7-87a7-238cd12f7624
2021-08-17 11:50:41,997 [grpc-default-executor-1] INFO  impl.RoleInfo (RoleInfo.java:shutdownLeaderElection(121)) - e067f3b0-4632-4f84-b71c-08c70f7756fb: shutdown e067f3b0-4632-4f84-b71c-08c70f7756fb@group-24113E272142-LeaderElection94
2021-08-17 11:50:41,997 [e067f3b0-4632-4f84-b71c-08c70f7756fb@group-24113E272142-LeaderElection94] INFO  impl.LeaderElection (LeaderElection.java:run(230)) - e067f3b0-4632-4f84-b71c-08c70f7756fb@group-24113E272142-LeaderElection94: skip running since this is already CLOSING
2021-08-17 11:50:42,000 [grpc-default-executor-1] INFO  impl.RoleInfo (RoleInfo.java:updateAndGet(130)) - e067f3b0-4632-4f84-b71c-08c70f7756fb: start e067f3b0-4632-4f84-b71c-08c70f7756fb@group-24113E272142-FollowerState
2021-08-17 11:50:42,000 [grpc-default-executor-9] INFO  server.RaftServer$Division (RaftServerImpl.java:requestVote(1075)) - ce9e4e21-b8b3-47e8-a05b-7ed0cb4ed4d0@group-24113E272142 replies to ELECTION vote request: c0cb38e9-ad72-45c7-87a7-238cd12f7624<-ce9e4e21-b8b3-47e8-a05b-7ed0cb4ed4d0#0:FAIL-t5. Peer's state: ce9e4e21-b8b3-47e8-a05b-7ed0cb4ed4d0@group-24113E272142:t5, leader=null, voted=null, raftlog=ce9e4e21-b8b3-47e8-a05b-7ed0cb4ed4d0@group-24113E272142-SegmentedRaftLog:OPENED:c-1,f0,i0, conf=0: [e067f3b0-4632-4f84-b71c-08c70f7756fb|rpc:10.1.0.37:40437|dataStream:|priority:0, c0cb38e9-ad72-45c7-87a7-238cd12f7624|rpc:10.1.0.37:45031|dataStream:|priority:0, ce9e4e21-b8b3-47e8-a05b-7ed0cb4ed4d0|rpc:10.1.0.37:42995|dataStream:|priority:1], old=null
2021-08-17 11:50:42,006 [grpc-default-executor-1] INFO  server.RaftServer$Division (RaftServerImpl.java:requestVote(1075)) - e067f3b0-4632-4f84-b71c-08c70f7756fb@group-24113E272142 replies to ELECTION vote request: c0cb38e9-ad72-45c7-87a7-238cd12f7624<-e067f3b0-4632-4f84-b71c-08c70f7756fb#0:OK-t5. Peer's state: e067f3b0-4632-4f84-b71c-08c70f7756fb@group-24113E272142:t5, leader=null, voted=c0cb38e9-ad72-45c7-87a7-238cd12f7624, raftlog=e067f3b0-4632-4f84-b71c-08c70f7756fb@group-24113E272142-SegmentedRaftLog:OPENED:c-1,f-1,i0, conf=-1: [e067f3b0-4632-4f84-b71c-08c70f7756fb|rpc:10.1.0.37:40437|dataStream:|priority:0, c0cb38e9-ad72-45c7-87a7-238cd12f7624|rpc:10.1.0.37:45031|dataStream:|priority:0, ce9e4e21-b8b3-47e8-a05b-7ed0cb4ed4d0|rpc:10.1.0.37:42995|dataStream:|priority:1], old=null
2021-08-17 11:50:42,017 [c0cb38e9-ad72-45c7-87a7-238cd12f7624@group-24113E272142-LeaderElection93] INFO  impl.LeaderElection (LeaderElection.java:logAndReturn(89)) - c0cb38e9-ad72-45c7-87a7-238cd12f7624@group-24113E272142-LeaderElection93: ELECTION REJECTED received 2 response(s) and 0 exception(s):
2021-08-17 11:50:42,017 [c0cb38e9-ad72-45c7-87a7-238cd12f7624@group-24113E272142-LeaderElection93] INFO  impl.LeaderElection (LeaderElection.java:logAndReturn(93)) -   Response 0: c0cb38e9-ad72-45c7-87a7-238cd12f7624<-e067f3b0-4632-4f84-b71c-08c70f7756fb#0:OK-t5
2021-08-17 11:50:42,017 [c0cb38e9-ad72-45c7-87a7-238cd12f7624@group-24113E272142-LeaderElection93] INFO  impl.LeaderElection (LeaderElection.java:logAndReturn(93)) -   Response 1: c0cb38e9-ad72-45c7-87a7-238cd12f7624<-ce9e4e21-b8b3-47e8-a05b-7ed0cb4ed4d0#0:FAIL-t5
2021-08-17 11:50:42,017 [c0cb38e9-ad72-45c7-87a7-238cd12f7624@group-24113E272142-LeaderElection93] INFO  impl.LeaderElection (LeaderElection.java:askForVotes(308)) - c0cb38e9-ad72-45c7-87a7-238cd12f7624@group-24113E272142-LeaderElection93 ELECTION round 0: result REJECTED
2021-08-17 11:50:42,017 [c0cb38e9-ad72-45c7-87a7-238cd12f7624@group-24113E272142-LeaderElection93] INFO  server.RaftServer$Division (RaftServerImpl.java:setRole(285)) - c0cb38e9-ad72-45c7-87a7-238cd12f7624@group-24113E272142: changes role from CANDIDATE to FOLLOWER at term 5 for REJECTED
2021-08-17 11:50:42,017 [c0cb38e9-ad72-45c7-87a7-238cd12f7624@group-24113E272142-LeaderElection93] INFO  impl.RoleInfo (RoleInfo.java:shutdownLeaderElection(121)) - c0cb38e9-ad72-45c7-87a7-238cd12f7624: shutdown c0cb38e9-ad72-45c7-87a7-238cd12f7624@group-24113E272142-LeaderElection93
2021-08-17 11:50:42,017 [c0cb38e9-ad72-45c7-87a7-238cd12f7624@group-24113E272142-LeaderElection93] INFO  impl.RoleInfo (RoleInfo.java:updateAndGet(130)) - c0cb38e9-ad72-45c7-87a7-238cd12f7624: start c0cb38e9-ad72-45c7-87a7-238cd12f7624@group-24113E272142-FollowerState
2021-08-17 11:50:42,057 [ce9e4e21-b8b3-47e8-a05b-7ed0cb4ed4d0@group-24113E272142-FollowerState] INFO  impl.FollowerState (FollowerState.java:run(143)) - ce9e4e21-b8b3-47e8-a05b-7ed0cb4ed4d0@group-24113E272142-FollowerState was interrupted: {}
java.lang.InterruptedException: sleep interrupted
	at java.lang.Thread.sleep(Native Method)
	at java.lang.Thread.sleep(Thread.java:340)
	at java.util.concurrent.TimeUnit.sleep(TimeUnit.java:386)
	at org.apache.ratis.util.TimeDuration.sleep(TimeDuration.java:324)
	at org.apache.ratis.util.TimeDuration.sleep(TimeDuration.java:309)
	at org.apache.ratis.server.impl.FollowerState.run(FollowerState.java:118)
2021-08-17 11:50:43,887 [Listener at 127.0.0.1/40861] INFO  ozone.MiniOzoneClusterImpl (MiniOzoneClusterImpl.java:shutdown(453)) - Shutting down the Mini Ozone Cluster
2021-08-17 11:50:43,887 [Listener at 127.0.0.1/40861] INFO  ozone.MiniOzoneClusterImpl (MiniOzoneClusterImpl.java:stop(468)) - Stopping the Mini Ozone Cluster
2021-08-17 11:50:43,888 [Listener at 127.0.0.1/40861] INFO  ozone.MiniOzoneClusterImpl (MiniOzoneClusterImpl.java:stopOM(550)) - Stopping the OzoneManager
2021-08-17 11:50:43,888 [Listener at 127.0.0.1/40861] INFO  om.OzoneManager (OzoneManager.java:stop(1632)) - Stopping Ozone Manager
2021-08-17 11:50:43,888 [Listener at 127.0.0.1/40861] INFO  ipc.Server (Server.java:stop(3414)) - Stopping server on 40861
2021-08-17 11:50:43,909 [IPC Server listener on 0] INFO  ipc.Server (Server.java:run(1376)) - Stopping IPC Server listener on 0
2021-08-17 11:50:43,909 [Listener at 127.0.0.1/40861] INFO  server.RaftServer (RaftServerProxy.java:lambda$close$6(391)) - om1: close
2021-08-17 11:50:43,909 [Listener at 127.0.0.1/40861] INFO  server.RaftServer$Division (RaftServerImpl.java:lambda$close$4(407)) - om1@group-C5BA1605619E: shutdown
2021-08-17 11:50:43,909 [Listener at 127.0.0.1/40861] INFO  util.JmxRegister (JmxRegister.java:unregister(73)) - Successfully un-registered JMX Bean with object name Ratis:service=RaftServer,group=group-C5BA1605619E,id=om1
2021-08-17 11:50:43,909 [Listener at 127.0.0.1/40861] INFO  impl.RoleInfo (RoleInfo.java:shutdownLeaderState(91)) - om1: shutdown om1@group-C5BA1605619E-LeaderStateImpl
2021-08-17 11:50:43,910 [Listener at 127.0.0.1/40861] INFO  impl.PendingRequests (PendingRequests.java:sendNotLeaderResponses(282)) - om1@group-C5BA1605619E-PendingRequests: sendNotLeaderResponses
2021-08-17 11:50:43,910 [IPC Server Responder] INFO  ipc.Server (Server.java:run(1512)) - Stopping IPC Server Responder
2021-08-17 11:50:43,921 [Listener at 127.0.0.1/40861] INFO  impl.StateMachineUpdater (StateMachineUpdater.java:stopAndJoin(149)) - om1@group-C5BA1605619E-StateMachineUpdater: set stopIndex = 4
2021-08-17 11:50:43,925 [om1@group-C5BA1605619E-StateMachineUpdater] INFO  ratis.OzoneManagerStateMachine (OzoneManagerStateMachine.java:takeSnapshot(417)) - Current Snapshot Index (t:1, i:4)
2021-08-17 11:50:43,925 [om1@group-C5BA1605619E-StateMachineUpdater] INFO  impl.StateMachineUpdater (StateMachineUpdater.java:takeSnapshot(281)) - om1@group-C5BA1605619E-StateMachineUpdater: Took a snapshot at index 4
2021-08-17 11:50:43,925 [om1@group-C5BA1605619E-StateMachineUpdater] INFO  impl.StateMachineUpdater (StateMachineUpdater.java:lambda$new$0(89)) - om1@group-C5BA1605619E-StateMachineUpdater: snapshotIndex: updateIncreasingly -1 -> 4
2021-08-17 11:50:43,925 [om1@group-C5BA1605619E-StateMachineUpdater] INFO  ratis.OzoneManagerStateMachine (OzoneManagerStateMachine.java:close(471)) - StateMachine has shutdown. Shutdown OzoneManager if not already shutdown.
2021-08-17 11:50:43,928 [Listener at 127.0.0.1/40861] INFO  server.RaftServer$Division (ServerState.java:close(419)) - om1@group-C5BA1605619E: closes. applyIndex: 4
2021-08-17 11:50:43,929 [om1@group-C5BA1605619E-SegmentedRaftLogWorker] INFO  segmented.SegmentedRaftLogWorker (SegmentedRaftLogWorker.java:run(327)) - om1@group-C5BA1605619E-SegmentedRaftLogWorker was interrupted, exiting. There are 0 tasks remaining in the queue.
2021-08-17 11:50:43,931 [Listener at 127.0.0.1/40861] INFO  segmented.SegmentedRaftLogWorker (SegmentedRaftLogWorker.java:close(237)) - om1@group-C5BA1605619E-SegmentedRaftLogWorker close()
2021-08-17 11:50:43,935 [Listener at 127.0.0.1/40861] INFO  server.GrpcService (GrpcService.java:closeImpl(262)) - om1: shutdown server with port 9872 now
2021-08-17 11:50:43,936 [Listener at 127.0.0.1/40861] INFO  server.GrpcService (GrpcService.java:closeImpl(271)) - om1: shutdown server with port 9872 successfully
2021-08-17 11:50:43,936 [org.apache.ratis.util.JvmPauseMonitor$$Lambda$531/89905617@373639e6] INFO  util.JvmPauseMonitor (JvmPauseMonitor.java:run(109)) - JvmPauseMonitor-om1: Stopped
2021-08-17 11:50:43,936 [Listener at 127.0.0.1/40861] INFO  ratis.OzoneManagerDoubleBuffer (OzoneManagerDoubleBuffer.java:stop(437)) - Stopping OMDoubleBuffer flush thread
2021-08-17 11:50:43,936 [OMDoubleBufferFlushThread] INFO  ratis.OzoneManagerDoubleBuffer (OzoneManagerDoubleBuffer.java:flushTransactions(356)) - OMDoubleBuffer flush thread OMDoubleBufferFlushThread is interrupted and will exit. OMDoubleBufferFlushThread
2021-08-17 11:50:43,936 [Listener at 127.0.0.1/40861] INFO  utils.BackgroundService (BackgroundService.java:shutdown(132)) - Shutting down service KeyDeletingService
2021-08-17 11:50:43,937 [Listener at 127.0.0.1/40861] INFO  handler.ContextHandler (ContextHandler.java:doStop(1153)) - Stopped o.e.j.w.WebAppContext@125cda06{ozoneManager,/,null,STOPPED}{file:/home/runner/work/ozone/ozone/hadoop-ozone/integration-test/target/test-classes/webapps/ozoneManager}
2021-08-17 11:50:44,020 [Listener at 127.0.0.1/40861] INFO  server.AbstractConnector (AbstractConnector.java:doStop(381)) - Stopped ServerConnector@67db1736{HTTP/1.1, (http/1.1)}{0.0.0.0:0}
2021-08-17 11:50:44,021 [Listener at 127.0.0.1/40861] INFO  server.session (HouseKeeper.java:stopScavenging(149)) - node0 Stopped scavenging
2021-08-17 11:50:44,021 [Listener at 127.0.0.1/40861] INFO  handler.ContextHandler (ContextHandler.java:doStop(1153)) - Stopped o.e.j.s.ServletContextHandler@77a6f805{static,/static,file:///home/runner/work/ozone/ozone/hadoop-ozone/integration-test/target/test-classes/webapps/static,STOPPED}
2021-08-17 11:50:44,021 [Listener at 127.0.0.1/40861] INFO  handler.ContextHandler (ContextHandler.java:doStop(1153)) - Stopped o.e.j.s.ServletContextHandler@ee42f58{logs,/logs,file:///home/runner/work/ozone/ozone/hadoop-ozone/integration-test/target/log,STOPPED}
2021-08-17 11:50:44,063 [Listener at 127.0.0.1/40861] INFO  ozone.MiniOzoneClusterImpl (MiniOzoneClusterImpl.java:stopDatanodes(527)) - Stopping the HddsDatanodes
2021-08-17 11:50:44,489 [Datanode State Machine Thread - 0] INFO  statemachine.DatanodeStateMachine (DatanodeStateMachine.java:lambda$startDaemon$0(457)) - Ozone container server started.
2021-08-17 11:50:45,035 [Datanode State Machine Thread - 0] INFO  statemachine.DatanodeStateMachine (DatanodeStateMachine.java:lambda$startDaemon$0(457)) - Ozone container server started.
2021-08-17 11:50:46,005 [b04f16c0-2a60-4c52-b6a0-e9a8376fd099@group-DC37525C1773-FollowerState] INFO  impl.FollowerState (FollowerState.java:run(134)) - b04f16c0-2a60-4c52-b6a0-e9a8376fd099@group-DC37525C1773-FollowerState: change to CANDIDATE, lastRpcElapsedTime:5190283668ns, electionTimeout:5188ms
2021-08-17 11:50:46,005 [b04f16c0-2a60-4c52-b6a0-e9a8376fd099@group-DC37525C1773-FollowerState] INFO  impl.RoleInfo (RoleInfo.java:shutdownFollowerState(108)) - b04f16c0-2a60-4c52-b6a0-e9a8376fd099: shutdown b04f16c0-2a60-4c52-b6a0-e9a8376fd099@group-DC37525C1773-FollowerState
2021-08-17 11:50:46,005 [b04f16c0-2a60-4c52-b6a0-e9a8376fd099@group-DC37525C1773-FollowerState] INFO  server.RaftServer$Division (RaftServerImpl.java:setRole(285)) - b04f16c0-2a60-4c52-b6a0-e9a8376fd099@group-DC37525C1773: changes role from  FOLLOWER to CANDIDATE at term 3 for changeToCandidate
2021-08-17 11:50:46,005 [b04f16c0-2a60-4c52-b6a0-e9a8376fd099@group-DC37525C1773-FollowerState] INFO  server.RaftServerConfigKeys (ConfUtils.java:logGet(44)) - raft.server.leaderelection.pre-vote = false (custom)
2021-08-17 11:50:46,005 [b04f16c0-2a60-4c52-b6a0-e9a8376fd099@group-DC37525C1773-FollowerState] INFO  impl.RoleInfo (RoleInfo.java:updateAndGet(130)) - b04f16c0-2a60-4c52-b6a0-e9a8376fd099: start b04f16c0-2a60-4c52-b6a0-e9a8376fd099@group-DC37525C1773-LeaderElection95
2021-08-17 11:50:46,011 [4d40c50f-34df-4d8d-ada3-4ecb2b1f4098@group-DC37525C1773-FollowerState] INFO  impl.FollowerState (FollowerState.java:run(134)) - 4d40c50f-34df-4d8d-ada3-4ecb2b1f4098@group-DC37525C1773-FollowerState: change to CANDIDATE, lastRpcElapsedTime:5209944547ns, electionTimeout:5199ms
2021-08-17 11:50:46,011 [4d40c50f-34df-4d8d-ada3-4ecb2b1f4098@group-DC37525C1773-FollowerState] INFO  impl.RoleInfo (RoleInfo.java:shutdownFollowerState(108)) - 4d40c50f-34df-4d8d-ada3-4ecb2b1f4098: shutdown 4d40c50f-34df-4d8d-ada3-4ecb2b1f4098@group-DC37525C1773-FollowerState
2021-08-17 11:50:46,011 [4d40c50f-34df-4d8d-ada3-4ecb2b1f4098@group-DC37525C1773-FollowerState] INFO  server.RaftServer$Division (RaftServerImpl.java:setRole(285)) - 4d40c50f-34df-4d8d-ada3-4ecb2b1f4098@group-DC37525C1773: changes role from  FOLLOWER to CANDIDATE at term 3 for changeToCandidate
2021-08-17 11:50:46,025 [4d40c50f-34df-4d8d-ada3-4ecb2b1f4098@group-DC37525C1773-FollowerState] INFO  server.RaftServerConfigKeys (ConfUtils.java:logGet(44)) - raft.server.leaderelection.pre-vote = false (custom)
2021-08-17 11:50:46,086 [4d40c50f-34df-4d8d-ada3-4ecb2b1f4098@group-DC37525C1773-FollowerState] INFO  impl.RoleInfo (RoleInfo.java:updateAndGet(130)) - 4d40c50f-34df-4d8d-ada3-4ecb2b1f4098: start 4d40c50f-34df-4d8d-ada3-4ecb2b1f4098@group-DC37525C1773-LeaderElection96
2021-08-17 11:50:46,086 [b04f16c0-2a60-4c52-b6a0-e9a8376fd099@group-DC37525C1773-LeaderElection95] INFO  impl.LeaderElection (LeaderElection.java:askForVotes(306)) - b04f16c0-2a60-4c52-b6a0-e9a8376fd099@group-DC37525C1773-LeaderElection95 ELECTION round 0: submit vote requests at term 4 for -1: [c2837b3a-083f-4317-9098-ed9e2645ea67|rpc:10.1.0.37:40281|priority:0, b04f16c0-2a60-4c52-b6a0-e9a8376fd099|rpc:10.1.0.37:38575|priority:0, 4d40c50f-34df-4d8d-ada3-4ecb2b1f4098|rpc:10.1.0.37:38377|priority:1], old=null
2021-08-17 11:50:46,095 [4d40c50f-34df-4d8d-ada3-4ecb2b1f4098@group-DC37525C1773-LeaderElection96] INFO  impl.LeaderElection (LeaderElection.java:askForVotes(306)) - 4d40c50f-34df-4d8d-ada3-4ecb2b1f4098@group-DC37525C1773-LeaderElection96 ELECTION round 0: submit vote requests at term 4 for -1: [c2837b3a-083f-4317-9098-ed9e2645ea67|rpc:10.1.0.37:40281|dataStream:|priority:0, b04f16c0-2a60-4c52-b6a0-e9a8376fd099|rpc:10.1.0.37:38575|dataStream:|priority:0, 4d40c50f-34df-4d8d-ada3-4ecb2b1f4098|rpc:10.1.0.37:38377|dataStream:|priority:1], old=null
2021-08-17 11:50:46,096 [grpc-default-executor-1] INFO  server.RaftServer$Division (RaftServerImpl.java:requestVote(1043)) - c2837b3a-083f-4317-9098-ed9e2645ea67@group-DC37525C1773: receive requestVote(ELECTION, 4d40c50f-34df-4d8d-ada3-4ecb2b1f4098, group-DC37525C1773, 4, (t:0, i:0))
2021-08-17 11:50:46,096 [grpc-default-executor-1] INFO  impl.VoteContext (VoteContext.java:log(48)) - c2837b3a-083f-4317-9098-ed9e2645ea67@group-DC37525C1773-FOLLOWER: accept ELECTION from 4d40c50f-34df-4d8d-ada3-4ecb2b1f4098: our priority 0 <= candidate's priority 1
2021-08-17 11:50:46,096 [grpc-default-executor-1] INFO  server.RaftServer$Division (RaftServerImpl.java:setRole(285)) - c2837b3a-083f-4317-9098-ed9e2645ea67@group-DC37525C1773: changes role from  FOLLOWER to FOLLOWER at term 4 for candidate:4d40c50f-34df-4d8d-ada3-4ecb2b1f4098
2021-08-17 11:50:46,096 [grpc-default-executor-1] INFO  impl.RoleInfo (RoleInfo.java:shutdownFollowerState(108)) - c2837b3a-083f-4317-9098-ed9e2645ea67: shutdown c2837b3a-083f-4317-9098-ed9e2645ea67@group-DC37525C1773-FollowerState
2021-08-17 11:50:46,097 [grpc-default-executor-9] INFO  server.RaftServer$Division (RaftServerImpl.java:requestVote(1043)) - b04f16c0-2a60-4c52-b6a0-e9a8376fd099@group-DC37525C1773: receive requestVote(ELECTION, 4d40c50f-34df-4d8d-ada3-4ecb2b1f4098, group-DC37525C1773, 4, (t:0, i:0))
2021-08-17 11:50:46,097 [grpc-default-executor-9] INFO  impl.VoteContext (VoteContext.java:log(48)) - b04f16c0-2a60-4c52-b6a0-e9a8376fd099@group-DC37525C1773-CANDIDATE: reject ELECTION from 4d40c50f-34df-4d8d-ada3-4ecb2b1f4098: already has voted for b04f16c0-2a60-4c52-b6a0-e9a8376fd099 at current term 4
2021-08-17 11:50:46,098 [grpc-default-executor-9] INFO  server.RaftServer$Division (RaftServerImpl.java:requestVote(1075)) - b04f16c0-2a60-4c52-b6a0-e9a8376fd099@group-DC37525C1773 replies to ELECTION vote request: 4d40c50f-34df-4d8d-ada3-4ecb2b1f4098<-b04f16c0-2a60-4c52-b6a0-e9a8376fd099#0:FAIL-t4. Peer's state: b04f16c0-2a60-4c52-b6a0-e9a8376fd099@group-DC37525C1773:t4, leader=null, voted=b04f16c0-2a60-4c52-b6a0-e9a8376fd099, raftlog=b04f16c0-2a60-4c52-b6a0-e9a8376fd099@group-DC37525C1773-SegmentedRaftLog:OPENED:c-1,f-1,i0, conf=-1: [c2837b3a-083f-4317-9098-ed9e2645ea67|rpc:10.1.0.37:40281|priority:0, b04f16c0-2a60-4c52-b6a0-e9a8376fd099|rpc:10.1.0.37:38575|priority:0, 4d40c50f-34df-4d8d-ada3-4ecb2b1f4098|rpc:10.1.0.37:38377|priority:1], old=null
2021-08-17 11:50:46,152 [grpc-default-executor-9] INFO  server.RaftServer$Division (RaftServerImpl.java:requestVote(1043)) - c2837b3a-083f-4317-9098-ed9e2645ea67@group-DC37525C1773: receive requestVote(ELECTION, b04f16c0-2a60-4c52-b6a0-e9a8376fd099, group-DC37525C1773, 4, (t:0, i:0))
2021-08-17 11:50:46,169 [c2837b3a-083f-4317-9098-ed9e2645ea67@group-DC37525C1773-FollowerState] INFO  impl.FollowerState (FollowerState.java:run(143)) - c2837b3a-083f-4317-9098-ed9e2645ea67@group-DC37525C1773-FollowerState was interrupted: {}
java.lang.InterruptedException: sleep interrupted
	at java.lang.Thread.sleep(Native Method)
	at java.lang.Thread.sleep(Thread.java:340)
	at java.util.concurrent.TimeUnit.sleep(TimeUnit.java:386)
	at org.apache.ratis.util.TimeDuration.sleep(TimeDuration.java:324)
	at org.apache.ratis.util.TimeDuration.sleep(TimeDuration.java:309)
	at org.apache.ratis.server.impl.FollowerState.run(FollowerState.java:118)
2021-08-17 11:50:46,169 [grpc-default-executor-1] INFO  impl.RoleInfo (RoleInfo.java:updateAndGet(130)) - c2837b3a-083f-4317-9098-ed9e2645ea67: start c2837b3a-083f-4317-9098-ed9e2645ea67@group-DC37525C1773-FollowerState
2021-08-17 11:50:46,171 [grpc-default-executor-2] INFO  server.RaftServer$Division (RaftServerImpl.java:requestVote(1043)) - 4d40c50f-34df-4d8d-ada3-4ecb2b1f4098@group-DC37525C1773: receive requestVote(ELECTION, b04f16c0-2a60-4c52-b6a0-e9a8376fd099, group-DC37525C1773, 4, (t:0, i:0))
2021-08-17 11:50:46,171 [grpc-default-executor-2] INFO  impl.VoteContext (VoteContext.java:log(48)) - 4d40c50f-34df-4d8d-ada3-4ecb2b1f4098@group-DC37525C1773-CANDIDATE: reject ELECTION from b04f16c0-2a60-4c52-b6a0-e9a8376fd099: already has voted for 4d40c50f-34df-4d8d-ada3-4ecb2b1f4098 at current term 4
2021-08-17 11:50:46,171 [grpc-default-executor-2] INFO  server.RaftServer$Division (RaftServerImpl.java:requestVote(1075)) - 4d40c50f-34df-4d8d-ada3-4ecb2b1f4098@group-DC37525C1773 replies to ELECTION vote request: b04f16c0-2a60-4c52-b6a0-e9a8376fd099<-4d40c50f-34df-4d8d-ada3-4ecb2b1f4098#0:FAIL-t4. Peer's state: 4d40c50f-34df-4d8d-ada3-4ecb2b1f4098@group-DC37525C1773:t4, leader=null, voted=4d40c50f-34df-4d8d-ada3-4ecb2b1f4098, raftlog=4d40c50f-34df-4d8d-ada3-4ecb2b1f4098@group-DC37525C1773-SegmentedRaftLog:OPENED:c-1,f-1,i0, conf=-1: [c2837b3a-083f-4317-9098-ed9e2645ea67|rpc:10.1.0.37:40281|dataStream:|priority:0, b04f16c0-2a60-4c52-b6a0-e9a8376fd099|rpc:10.1.0.37:38575|dataStream:|priority:0, 4d40c50f-34df-4d8d-ada3-4ecb2b1f4098|rpc:10.1.0.37:38377|dataStream:|priority:1], old=null
2021-08-17 11:50:46,192 [grpc-default-executor-1] INFO  server.RaftServer$Division (RaftServerImpl.java:requestVote(1075)) - c2837b3a-083f-4317-9098-ed9e2645ea67@group-DC37525C1773 replies to ELECTION vote request: 4d40c50f-34df-4d8d-ada3-4ecb2b1f4098<-c2837b3a-083f-4317-9098-ed9e2645ea67#0:OK-t4. Peer's state: c2837b3a-083f-4317-9098-ed9e2645ea67@group-DC37525C1773:t4, leader=null, voted=4d40c50f-34df-4d8d-ada3-4ecb2b1f4098, raftlog=c2837b3a-083f-4317-9098-ed9e2645ea67@group-DC37525C1773-SegmentedRaftLog:OPENED:c-1,f-1,i0, conf=-1: [c2837b3a-083f-4317-9098-ed9e2645ea67|rpc:10.1.0.37:40281|dataStream:|priority:0, b04f16c0-2a60-4c52-b6a0-e9a8376fd099|rpc:10.1.0.37:38575|dataStream:|priority:0, 4d40c50f-34df-4d8d-ada3-4ecb2b1f4098|rpc:10.1.0.37:38377|dataStream:|priority:1], old=null
2021-08-17 11:50:46,193 [grpc-default-executor-9] INFO  impl.VoteContext (VoteContext.java:log(48)) - c2837b3a-083f-4317-9098-ed9e2645ea67@group-DC37525C1773-FOLLOWER: reject ELECTION from b04f16c0-2a60-4c52-b6a0-e9a8376fd099: already has voted for 4d40c50f-34df-4d8d-ada3-4ecb2b1f4098 at current term 4
2021-08-17 11:50:46,193 [grpc-default-executor-9] INFO  server.RaftServer$Division (RaftServerImpl.java:requestVote(1075)) - c2837b3a-083f-4317-9098-ed9e2645ea67@group-DC37525C1773 replies to ELECTION vote request: b04f16c0-2a60-4c52-b6a0-e9a8376fd099<-c2837b3a-083f-4317-9098-ed9e2645ea67#0:FAIL-t4. Peer's state: c2837b3a-083f-4317-9098-ed9e2645ea67@group-DC37525C1773:t4, leader=null, voted=4d40c50f-34df-4d8d-ada3-4ecb2b1f4098, raftlog=c2837b3a-083f-4317-9098-ed9e2645ea67@group-DC37525C1773-SegmentedRaftLog:OPENED:c-1,f-1,i0, conf=-1: [c2837b3a-083f-4317-9098-ed9e2645ea67|rpc:10.1.0.37:40281|dataStream:|priority:0, b04f16c0-2a60-4c52-b6a0-e9a8376fd099|rpc:10.1.0.37:38575|dataStream:|priority:0, 4d40c50f-34df-4d8d-ada3-4ecb2b1f4098|rpc:10.1.0.37:38377|dataStream:|priority:1], old=null
2021-08-17 11:50:46,228 [b04f16c0-2a60-4c52-b6a0-e9a8376fd099@group-DC37525C1773-LeaderElection95] INFO  impl.LeaderElection (LeaderElection.java:logAndReturn(89)) - b04f16c0-2a60-4c52-b6a0-e9a8376fd099@group-DC37525C1773-LeaderElection95: ELECTION REJECTED received 2 response(s) and 0 exception(s):
2021-08-17 11:50:46,228 [b04f16c0-2a60-4c52-b6a0-e9a8376fd099@group-DC37525C1773-LeaderElection95] INFO  impl.LeaderElection (LeaderElection.java:logAndReturn(93)) -   Response 0: b04f16c0-2a60-4c52-b6a0-e9a8376fd099<-c2837b3a-083f-4317-9098-ed9e2645ea67#0:FAIL-t4
2021-08-17 11:50:46,228 [b04f16c0-2a60-4c52-b6a0-e9a8376fd099@group-DC37525C1773-LeaderElection95] INFO  impl.LeaderElection (LeaderElection.java:logAndReturn(93)) -   Response 1: b04f16c0-2a60-4c52-b6a0-e9a8376fd099<-4d40c50f-34df-4d8d-ada3-4ecb2b1f4098#0:FAIL-t4
2021-08-17 11:50:46,228 [b04f16c0-2a60-4c52-b6a0-e9a8376fd099@group-DC37525C1773-LeaderElection95] INFO  impl.LeaderElection (LeaderElection.java:askForVotes(308)) - b04f16c0-2a60-4c52-b6a0-e9a8376fd099@group-DC37525C1773-LeaderElection95 ELECTION round 0: result REJECTED
2021-08-17 11:50:46,228 [b04f16c0-2a60-4c52-b6a0-e9a8376fd099@group-DC37525C1773-LeaderElection95] INFO  server.RaftServer$Division (RaftServerImpl.java:setRole(285)) - b04f16c0-2a60-4c52-b6a0-e9a8376fd099@group-DC37525C1773: changes role from CANDIDATE to FOLLOWER at term 4 for REJECTED
2021-08-17 11:50:46,228 [b04f16c0-2a60-4c52-b6a0-e9a8376fd099@group-DC37525C1773-LeaderElection95] INFO  impl.RoleInfo (RoleInfo.java:shutdownLeaderElection(121)) - b04f16c0-2a60-4c52-b6a0-e9a8376fd099: shutdown b04f16c0-2a60-4c52-b6a0-e9a8376fd099@group-DC37525C1773-LeaderElection95
2021-08-17 11:50:46,228 [b04f16c0-2a60-4c52-b6a0-e9a8376fd099@group-DC37525C1773-LeaderElection95] INFO  impl.RoleInfo (RoleInfo.java:updateAndGet(130)) - b04f16c0-2a60-4c52-b6a0-e9a8376fd099: start b04f16c0-2a60-4c52-b6a0-e9a8376fd099@group-DC37525C1773-FollowerState
2021-08-17 11:50:46,228 [4d40c50f-34df-4d8d-ada3-4ecb2b1f4098@group-DC37525C1773-LeaderElection96] INFO  impl.LeaderElection (LeaderElection.java:logAndReturn(89)) - 4d40c50f-34df-4d8d-ada3-4ecb2b1f4098@group-DC37525C1773-LeaderElection96: ELECTION PASSED received 2 response(s) and 0 exception(s):
2021-08-17 11:50:46,229 [4d40c50f-34df-4d8d-ada3-4ecb2b1f4098@group-DC37525C1773-LeaderElection96] INFO  impl.LeaderElection (LeaderElection.java:logAndReturn(93)) -   Response 0: 4d40c50f-34df-4d8d-ada3-4ecb2b1f4098<-c2837b3a-083f-4317-9098-ed9e2645ea67#0:OK-t4
2021-08-17 11:50:46,229 [4d40c50f-34df-4d8d-ada3-4ecb2b1f4098@group-DC37525C1773-LeaderElection96] INFO  impl.LeaderElection (LeaderElection.java:logAndReturn(93)) -   Response 1: 4d40c50f-34df-4d8d-ada3-4ecb2b1f4098<-b04f16c0-2a60-4c52-b6a0-e9a8376fd099#0:FAIL-t4
2021-08-17 11:50:46,235 [4d40c50f-34df-4d8d-ada3-4ecb2b1f4098@group-DC37525C1773-LeaderElection96] INFO  impl.LeaderElection (LeaderElection.java:askForVotes(308)) - 4d40c50f-34df-4d8d-ada3-4ecb2b1f4098@group-DC37525C1773-LeaderElection96 ELECTION round 0: result PASSED
2021-08-17 11:50:46,235 [4d40c50f-34df-4d8d-ada3-4ecb2b1f4098@group-DC37525C1773-LeaderElection96] INFO  impl.RoleInfo (RoleInfo.java:shutdownLeaderElection(121)) - 4d40c50f-34df-4d8d-ada3-4ecb2b1f4098: shutdown 4d40c50f-34df-4d8d-ada3-4ecb2b1f4098@group-DC37525C1773-LeaderElection96
2021-08-17 11:50:46,235 [4d40c50f-34df-4d8d-ada3-4ecb2b1f4098@group-DC37525C1773-LeaderElection96] INFO  server.RaftServer$Division (RaftServerImpl.java:setRole(285)) - 4d40c50f-34df-4d8d-ada3-4ecb2b1f4098@group-DC37525C1773: changes role from CANDIDATE to LEADER at term 4 for changeToLeader
2021-08-17 11:50:46,235 [4d40c50f-34df-4d8d-ada3-4ecb2b1f4098@group-DC37525C1773-LeaderElection96] INFO  ratis.XceiverServerRatis (XceiverServerRatis.java:handleLeaderChangedNotification(861)) - Leader change notification received for group: group-DC37525C1773 with new leaderId: 4d40c50f-34df-4d8d-ada3-4ecb2b1f4098
2021-08-17 11:50:46,236 [4d40c50f-34df-4d8d-ada3-4ecb2b1f4098@group-DC37525C1773-LeaderElection96] INFO  server.RaftServer$Division (ServerState.java:setLeader(285)) - 4d40c50f-34df-4d8d-ada3-4ecb2b1f4098@group-DC37525C1773: change Leader from null to 4d40c50f-34df-4d8d-ada3-4ecb2b1f4098 at term 4 for becomeLeader, leader elected after 21097ms
2021-08-17 11:50:46,236 [4d40c50f-34df-4d8d-ada3-4ecb2b1f4098@group-DC37525C1773-LeaderElection96] INFO  server.RaftServerConfigKeys (ConfUtils.java:logGet(44)) - raft.server.staging.catchup.gap = 1000 (default)
2021-08-17 11:50:46,236 [4d40c50f-34df-4d8d-ada3-4ecb2b1f4098@group-DC37525C1773-LeaderElection96] INFO  server.RaftServerConfigKeys (ConfUtils.java:logGet(44)) - raft.server.write.element-limit = 1024 (custom)
2021-08-17 11:50:46,236 [4d40c50f-34df-4d8d-ada3-4ecb2b1f4098@group-DC37525C1773-LeaderElection96] INFO  server.RaftServerConfigKeys (ConfUtils.java:logGet(44)) - raft.server.write.byte-limit = 1024 M (=1073741824) (custom)
2021-08-17 11:50:46,236 [4d40c50f-34df-4d8d-ada3-4ecb2b1f4098@group-DC37525C1773-LeaderElection96] INFO  server.RaftServerConfigKeys (ConfUtils.java:logGet(44)) - raft.server.watch.timeout = 3000ms (custom)
2021-08-17 11:50:46,236 [4d40c50f-34df-4d8d-ada3-4ecb2b1f4098@group-DC37525C1773-LeaderElection96] INFO  server.RaftServerConfigKeys (ConfUtils.java:logGet(44)) - raft.server.watch.timeout.denomination = 1s (default)
2021-08-17 11:50:46,236 [4d40c50f-34df-4d8d-ada3-4ecb2b1f4098@group-DC37525C1773-LeaderElection96] INFO  server.RaftServerConfigKeys (ConfUtils.java:logGet(44)) - raft.server.watch.element-limit = 65536 (default)
2021-08-17 11:50:46,237 [4d40c50f-34df-4d8d-ada3-4ecb2b1f4098@group-DC37525C1773-LeaderElection96] INFO  server.RaftServerConfigKeys (ConfUtils.java:logGet(44)) - raft.server.log.appender.snapshot.chunk.size.max = 16MB (=16777216) (default)
2021-08-17 11:50:46,237 [4d40c50f-34df-4d8d-ada3-4ecb2b1f4098@group-DC37525C1773-LeaderElection96] INFO  server.RaftServerConfigKeys (ConfUtils.java:logGet(44)) - raft.server.log.appender.buffer.byte-limit = 33554432 (custom)
2021-08-17 11:50:46,237 [4d40c50f-34df-4d8d-ada3-4ecb2b1f4098@group-DC37525C1773-LeaderElection96] INFO  server.RaftServerConfigKeys (ConfUtils.java:logGet(44)) - raft.server.log.appender.buffer.element-limit = 1 (custom)
2021-08-17 11:50:46,237 [4d40c50f-34df-4d8d-ada3-4ecb2b1f4098@group-DC37525C1773-LeaderElection96] INFO  grpc.GrpcConfigKeys (ConfUtils.java:logGet(44)) - raft.grpc.server.leader.outstanding.appends.max = 128 (default)
2021-08-17 11:50:46,237 [4d40c50f-34df-4d8d-ada3-4ecb2b1f4098@group-DC37525C1773-LeaderElection96] INFO  server.RaftServerConfigKeys (ConfUtils.java:logGet(44)) - raft.server.rpc.request.timeout = 3000ms (default)
2021-08-17 11:50:46,237 [4d40c50f-34df-4d8d-ada3-4ecb2b1f4098@group-DC37525C1773-LeaderElection96] INFO  server.RaftServerConfigKeys (ConfUtils.java:logGet(44)) - raft.server.log.appender.install.snapshot.enabled = false (custom)
2021-08-17 11:50:46,239 [4d40c50f-34df-4d8d-ada3-4ecb2b1f4098@group-DC37525C1773-LeaderElection96] INFO  server.RaftServerConfigKeys (ConfUtils.java:logGet(44)) - raft.server.log.appender.snapshot.chunk.size.max = 16MB (=16777216) (default)
2021-08-17 11:50:46,245 [4d40c50f-34df-4d8d-ada3-4ecb2b1f4098@group-DC37525C1773-LeaderElection96] INFO  server.RaftServerConfigKeys (ConfUtils.java:logGet(44)) - raft.server.log.appender.buffer.byte-limit = 33554432 (custom)
2021-08-17 11:50:46,245 [4d40c50f-34df-4d8d-ada3-4ecb2b1f4098@group-DC37525C1773-LeaderElection96] INFO  server.RaftServerConfigKeys (ConfUtils.java:logGet(44)) - raft.server.log.appender.buffer.element-limit = 1 (custom)
2021-08-17 11:50:46,245 [4d40c50f-34df-4d8d-ada3-4ecb2b1f4098@group-DC37525C1773-LeaderElection96] INFO  grpc.GrpcConfigKeys (ConfUtils.java:logGet(44)) - raft.grpc.server.leader.outstanding.appends.max = 128 (default)
2021-08-17 11:50:46,245 [4d40c50f-34df-4d8d-ada3-4ecb2b1f4098@group-DC37525C1773-LeaderElection96] INFO  server.RaftServerConfigKeys (ConfUtils.java:logGet(44)) - raft.server.rpc.request.timeout = 3000ms (default)
2021-08-17 11:50:46,245 [4d40c50f-34df-4d8d-ada3-4ecb2b1f4098@group-DC37525C1773-LeaderElection96] INFO  server.RaftServerConfigKeys (ConfUtils.java:logGet(44)) - raft.server.log.appender.install.snapshot.enabled = false (custom)
2021-08-17 11:50:46,247 [4d40c50f-34df-4d8d-ada3-4ecb2b1f4098@group-DC37525C1773-LeaderElection96] INFO  impl.RoleInfo (RoleInfo.java:updateAndGet(130)) - 4d40c50f-34df-4d8d-ada3-4ecb2b1f4098: start 4d40c50f-34df-4d8d-ada3-4ecb2b1f4098@group-DC37525C1773-LeaderStateImpl
2021-08-17 11:50:46,247 [4d40c50f-34df-4d8d-ada3-4ecb2b1f4098@group-DC37525C1773-LeaderElection96] INFO  segmented.SegmentedRaftLogWorker (SegmentedRaftLogWorker.java:startLogSegment(394)) - 4d40c50f-34df-4d8d-ada3-4ecb2b1f4098@group-DC37525C1773-SegmentedRaftLogWorker: Starting segment from index:0
2021-08-17 11:50:46,249 [4d40c50f-34df-4d8d-ada3-4ecb2b1f4098@group-DC37525C1773-SegmentedRaftLogWorker] INFO  segmented.SegmentedRaftLogWorker (SegmentedRaftLogWorker.java:execute(601)) - 4d40c50f-34df-4d8d-ada3-4ecb2b1f4098@group-DC37525C1773-SegmentedRaftLogWorker: created new log segment /home/runner/work/ozone/ozone/hadoop-ozone/integration-test/target/test-dir/MiniOzoneClusterImpl-a1e163cb-5647-48ea-b1dc-b51dce44f61a/datanode-6/data/ratis/8fd58685-d2a7-4c14-9592-dc37525c1773/current/log_inprogress_0
2021-08-17 11:50:46,278 [grpc-default-executor-1] INFO  ratis.XceiverServerRatis (XceiverServerRatis.java:handleLeaderChangedNotification(861)) - Leader change notification received for group: group-DC37525C1773 with new leaderId: 4d40c50f-34df-4d8d-ada3-4ecb2b1f4098
2021-08-17 11:50:46,278 [grpc-default-executor-1] INFO  server.RaftServer$Division (ServerState.java:setLeader(285)) - c2837b3a-083f-4317-9098-ed9e2645ea67@group-DC37525C1773: change Leader from null to 4d40c50f-34df-4d8d-ada3-4ecb2b1f4098 at term 4 for appendEntries, leader elected after 21431ms
2021-08-17 11:50:46,281 [grpc-default-executor-2] INFO  ratis.XceiverServerRatis (XceiverServerRatis.java:handleLeaderChangedNotification(861)) - Leader change notification received for group: group-DC37525C1773 with new leaderId: 4d40c50f-34df-4d8d-ada3-4ecb2b1f4098
2021-08-17 11:50:46,281 [grpc-default-executor-2] INFO  server.RaftServer$Division (ServerState.java:setLeader(285)) - b04f16c0-2a60-4c52-b6a0-e9a8376fd099@group-DC37525C1773: change Leader from null to 4d40c50f-34df-4d8d-ada3-4ecb2b1f4098 at term 4 for appendEntries, leader elected after 21675ms
2021-08-17 11:50:46,301 [Datanode State Machine Thread - 0] WARN  statemachine.StateContext (StateContext.java:execute(621)) - No available thread in pool for past 1 seconds.
2021-08-17 11:50:46,314 [EventQueue-PipelineReportForPipelineReportHandler] INFO  pipeline.PipelineManagerImpl (PipelineManagerImpl.java:openPipeline(283)) - Pipeline Pipeline[ Id: 8fd58685-d2a7-4c14-9592-dc37525c1773, Nodes: c2837b3a-083f-4317-9098-ed9e2645ea67{ip: 10.1.0.37, host: fv-az297-666.nmf1rxwemy4u5di1sxxf4ejcwb.jx.internal.cloudapp.net, ports: [REPLICATION=37993, RATIS=40281, RATIS_ADMIN=40281, RATIS_SERVER=40281, STANDALONE=39423], networkLocation: /default-rack, certSerialId: null, persistedOpState: IN_SERVICE, persistedOpStateExpiryEpochSec: 0}b04f16c0-2a60-4c52-b6a0-e9a8376fd099{ip: 10.1.0.37, host: fv-az297-666.nmf1rxwemy4u5di1sxxf4ejcwb.jx.internal.cloudapp.net, ports: [REPLICATION=35845, RATIS=38575, RATIS_ADMIN=38575, RATIS_SERVER=38575, STANDALONE=34803], networkLocation: /default-rack, certSerialId: null, persistedOpState: IN_SERVICE, persistedOpStateExpiryEpochSec: 0}4d40c50f-34df-4d8d-ada3-4ecb2b1f4098{ip: 10.1.0.37, host: fv-az297-666.nmf1rxwemy4u5di1sxxf4ejcwb.jx.internal.cloudapp.net, ports: [REPLICATION=34939, RATIS=38377, RATIS_ADMIN=38377, RATIS_SERVER=38377, STANDALONE=36211], networkLocation: /default-rack, certSerialId: null, persistedOpState: IN_SERVICE, persistedOpStateExpiryEpochSec: 0}, ReplicationConfig: RATIS/THREE, State:ALLOCATED, leaderId:4d40c50f-34df-4d8d-ada3-4ecb2b1f4098, CreationTimestamp2021-08-17T11:50:23.311Z[Etc/UTC]] moved to OPEN state
2021-08-17 11:50:46,326 [4d40c50f-34df-4d8d-ada3-4ecb2b1f4098@group-DC37525C1773-LeaderElection96] INFO  server.RaftServer$Division (ServerState.java:setRaftConf(387)) - 4d40c50f-34df-4d8d-ada3-4ecb2b1f4098@group-DC37525C1773: set configuration 0: [c2837b3a-083f-4317-9098-ed9e2645ea67|rpc:10.1.0.37:40281|dataStream:|priority:0, b04f16c0-2a60-4c52-b6a0-e9a8376fd099|rpc:10.1.0.37:38575|dataStream:|priority:0, 4d40c50f-34df-4d8d-ada3-4ecb2b1f4098|rpc:10.1.0.37:38377|dataStream:|priority:1], old=null
2021-08-17 11:50:46,326 [grpc-default-executor-1] INFO  server.RaftServer$Division (ServerState.java:setRaftConf(387)) - c2837b3a-083f-4317-9098-ed9e2645ea67@group-DC37525C1773: set configuration 0: [c2837b3a-083f-4317-9098-ed9e2645ea67|rpc:10.1.0.37:40281|dataStream:|priority:0, b04f16c0-2a60-4c52-b6a0-e9a8376fd099|rpc:10.1.0.37:38575|dataStream:|priority:0, 4d40c50f-34df-4d8d-ada3-4ecb2b1f4098|rpc:10.1.0.37:38377|dataStream:|priority:1], old=null
2021-08-17 11:50:46,327 [grpc-default-executor-1] INFO  segmented.SegmentedRaftLogWorker (SegmentedRaftLogWorker.java:startLogSegment(394)) - c2837b3a-083f-4317-9098-ed9e2645ea67@group-DC37525C1773-SegmentedRaftLogWorker: Starting segment from index:0
2021-08-17 11:50:46,332 [c2837b3a-083f-4317-9098-ed9e2645ea67@group-DC37525C1773-SegmentedRaftLogWorker] INFO  segmented.SegmentedRaftLogWorker (SegmentedRaftLogWorker.java:execute(601)) - c2837b3a-083f-4317-9098-ed9e2645ea67@group-DC37525C1773-SegmentedRaftLogWorker: created new log segment /home/runner/work/ozone/ozone/hadoop-ozone/integration-test/target/test-dir/MiniOzoneClusterImpl-a1e163cb-5647-48ea-b1dc-b51dce44f61a/datanode-8/data/ratis/8fd58685-d2a7-4c14-9592-dc37525c1773/current/log_inprogress_0
2021-08-17 11:50:46,421 [grpc-default-executor-1] INFO  server.RaftServer$Division (ServerState.java:setRaftConf(387)) - b04f16c0-2a60-4c52-b6a0-e9a8376fd099@group-DC37525C1773: set configuration 0: [c2837b3a-083f-4317-9098-ed9e2645ea67|rpc:10.1.0.37:40281|dataStream:|priority:0, b04f16c0-2a60-4c52-b6a0-e9a8376fd099|rpc:10.1.0.37:38575|dataStream:|priority:0, 4d40c50f-34df-4d8d-ada3-4ecb2b1f4098|rpc:10.1.0.37:38377|dataStream:|priority:1], old=null
2021-08-17 11:50:46,422 [grpc-default-executor-1] INFO  segmented.SegmentedRaftLogWorker (SegmentedRaftLogWorker.java:startLogSegment(394)) - b04f16c0-2a60-4c52-b6a0-e9a8376fd099@group-DC37525C1773-SegmentedRaftLogWorker: Starting segment from index:0
2021-08-17 11:50:46,424 [b04f16c0-2a60-4c52-b6a0-e9a8376fd099@group-DC37525C1773-SegmentedRaftLogWorker] INFO  segmented.SegmentedRaftLogWorker (SegmentedRaftLogWorker.java:execute(601)) - b04f16c0-2a60-4c52-b6a0-e9a8376fd099@group-DC37525C1773-SegmentedRaftLogWorker: created new log segment /home/runner/work/ozone/ozone/hadoop-ozone/integration-test/target/test-dir/MiniOzoneClusterImpl-a1e163cb-5647-48ea-b1dc-b51dce44f61a/datanode-7/data/ratis/8fd58685-d2a7-4c14-9592-dc37525c1773/current/log_inprogress_0
2021-08-17 11:50:47,149 [e067f3b0-4632-4f84-b71c-08c70f7756fb@group-24113E272142-FollowerState] INFO  impl.FollowerState (FollowerState.java:run(134)) - e067f3b0-4632-4f84-b71c-08c70f7756fb@group-24113E272142-FollowerState: change to CANDIDATE, lastRpcElapsedTime:5143795494ns, electionTimeout:5128ms
2021-08-17 11:50:47,149 [e067f3b0-4632-4f84-b71c-08c70f7756fb@group-24113E272142-FollowerState] INFO  impl.RoleInfo (RoleInfo.java:shutdownFollowerState(108)) - e067f3b0-4632-4f84-b71c-08c70f7756fb: shutdown e067f3b0-4632-4f84-b71c-08c70f7756fb@group-24113E272142-FollowerState
2021-08-17 11:50:47,150 [e067f3b0-4632-4f84-b71c-08c70f7756fb@group-24113E272142-FollowerState] INFO  server.RaftServer$Division (RaftServerImpl.java:setRole(285)) - e067f3b0-4632-4f84-b71c-08c70f7756fb@group-24113E272142: changes role from  FOLLOWER to CANDIDATE at term 5 for changeToCandidate
2021-08-17 11:50:47,150 [e067f3b0-4632-4f84-b71c-08c70f7756fb@group-24113E272142-FollowerState] INFO  server.RaftServerConfigKeys (ConfUtils.java:logGet(44)) - raft.server.leaderelection.pre-vote = false (custom)
2021-08-17 11:50:47,150 [e067f3b0-4632-4f84-b71c-08c70f7756fb@group-24113E272142-FollowerState] INFO  impl.RoleInfo (RoleInfo.java:updateAndGet(130)) - e067f3b0-4632-4f84-b71c-08c70f7756fb: start e067f3b0-4632-4f84-b71c-08c70f7756fb@group-24113E272142-LeaderElection97
2021-08-17 11:50:47,174 [c0cb38e9-ad72-45c7-87a7-238cd12f7624@group-24113E272142-FollowerState] INFO  impl.FollowerState (FollowerState.java:run(134)) - c0cb38e9-ad72-45c7-87a7-238cd12f7624@group-24113E272142-FollowerState: change to CANDIDATE, lastRpcElapsedTime:5156479373ns, electionTimeout:5150ms
2021-08-17 11:50:47,174 [c0cb38e9-ad72-45c7-87a7-238cd12f7624@group-24113E272142-FollowerState] INFO  impl.RoleInfo (RoleInfo.java:shutdownFollowerState(108)) - c0cb38e9-ad72-45c7-87a7-238cd12f7624: shutdown c0cb38e9-ad72-45c7-87a7-238cd12f7624@group-24113E272142-FollowerState
2021-08-17 11:50:47,174 [c0cb38e9-ad72-45c7-87a7-238cd12f7624@group-24113E272142-FollowerState] INFO  server.RaftServer$Division (RaftServerImpl.java:setRole(285)) - c0cb38e9-ad72-45c7-87a7-238cd12f7624@group-24113E272142: changes role from  FOLLOWER to CANDIDATE at term 5 for changeToCandidate
2021-08-17 11:50:47,174 [c0cb38e9-ad72-45c7-87a7-238cd12f7624@group-24113E272142-FollowerState] INFO  server.RaftServerConfigKeys (ConfUtils.java:logGet(44)) - raft.server.leaderelection.pre-vote = false (custom)
2021-08-17 11:50:47,174 [c0cb38e9-ad72-45c7-87a7-238cd12f7624@group-24113E272142-FollowerState] INFO  impl.RoleInfo (RoleInfo.java:updateAndGet(130)) - c0cb38e9-ad72-45c7-87a7-238cd12f7624: start c0cb38e9-ad72-45c7-87a7-238cd12f7624@group-24113E272142-LeaderElection98
2021-08-17 11:50:47,214 [e067f3b0-4632-4f84-b71c-08c70f7756fb@group-24113E272142-LeaderElection97] INFO  impl.LeaderElection (LeaderElection.java:askForVotes(306)) - e067f3b0-4632-4f84-b71c-08c70f7756fb@group-24113E272142-LeaderElection97 ELECTION round 0: submit vote requests at term 6 for -1: [e067f3b0-4632-4f84-b71c-08c70f7756fb|rpc:10.1.0.37:40437|dataStream:|priority:0, c0cb38e9-ad72-45c7-87a7-238cd12f7624|rpc:10.1.0.37:45031|dataStream:|priority:0, ce9e4e21-b8b3-47e8-a05b-7ed0cb4ed4d0|rpc:10.1.0.37:42995|dataStream:|priority:1], old=null
2021-08-17 11:50:47,221 [ce9e4e21-b8b3-47e8-a05b-7ed0cb4ed4d0@group-24113E272142-FollowerState] INFO  impl.FollowerState (FollowerState.java:run(134)) - ce9e4e21-b8b3-47e8-a05b-7ed0cb4ed4d0@group-24113E272142-FollowerState: change to CANDIDATE, lastRpcElapsedTime:5224118941ns, electionTimeout:5188ms
2021-08-17 11:50:47,221 [ce9e4e21-b8b3-47e8-a05b-7ed0cb4ed4d0@group-24113E272142-FollowerState] INFO  impl.RoleInfo (RoleInfo.java:shutdownFollowerState(108)) - ce9e4e21-b8b3-47e8-a05b-7ed0cb4ed4d0: shutdown ce9e4e21-b8b3-47e8-a05b-7ed0cb4ed4d0@group-24113E272142-FollowerState
2021-08-17 11:50:47,221 [c0cb38e9-ad72-45c7-87a7-238cd12f7624@group-24113E272142-LeaderElection98] INFO  impl.LeaderElection (LeaderElection.java:askForVotes(306)) - c0cb38e9-ad72-45c7-87a7-238cd12f7624@group-24113E272142-LeaderElection98 ELECTION round 0: submit vote requests at term 6 for -1: [e067f3b0-4632-4f84-b71c-08c70f7756fb|rpc:10.1.0.37:40437|priority:0, c0cb38e9-ad72-45c7-87a7-238cd12f7624|rpc:10.1.0.37:45031|priority:0, ce9e4e21-b8b3-47e8-a05b-7ed0cb4ed4d0|rpc:10.1.0.37:42995|priority:1], old=null
2021-08-17 11:50:47,221 [ce9e4e21-b8b3-47e8-a05b-7ed0cb4ed4d0@group-24113E272142-FollowerState] INFO  server.RaftServer$Division (RaftServerImpl.java:setRole(285)) - ce9e4e21-b8b3-47e8-a05b-7ed0cb4ed4d0@group-24113E272142: changes role from  FOLLOWER to CANDIDATE at term 5 for changeToCandidate
2021-08-17 11:50:47,226 [grpc-default-executor-1] INFO  server.RaftServer$Division (RaftServerImpl.java:requestVote(1043)) - c0cb38e9-ad72-45c7-87a7-238cd12f7624@group-24113E272142: receive requestVote(ELECTION, e067f3b0-4632-4f84-b71c-08c70f7756fb, group-24113E272142, 6, (t:0, i:0))
2021-08-17 11:50:47,226 [grpc-default-executor-1] INFO  impl.VoteContext (VoteContext.java:log(48)) - c0cb38e9-ad72-45c7-87a7-238cd12f7624@group-24113E272142-CANDIDATE: reject ELECTION from e067f3b0-4632-4f84-b71c-08c70f7756fb: already has voted for c0cb38e9-ad72-45c7-87a7-238cd12f7624 at current term 6
2021-08-17 11:50:47,226 [grpc-default-executor-1] INFO  server.RaftServer$Division (RaftServerImpl.java:requestVote(1075)) - c0cb38e9-ad72-45c7-87a7-238cd12f7624@group-24113E272142 replies to ELECTION vote request: e067f3b0-4632-4f84-b71c-08c70f7756fb<-c0cb38e9-ad72-45c7-87a7-238cd12f7624#0:FAIL-t6. Peer's state: c0cb38e9-ad72-45c7-87a7-238cd12f7624@group-24113E272142:t6, leader=null, voted=c0cb38e9-ad72-45c7-87a7-238cd12f7624, raftlog=c0cb38e9-ad72-45c7-87a7-238cd12f7624@group-24113E272142-SegmentedRaftLog:OPENED:c-1,f-1,i0, conf=-1: [e067f3b0-4632-4f84-b71c-08c70f7756fb|rpc:10.1.0.37:40437|priority:0, c0cb38e9-ad72-45c7-87a7-238cd12f7624|rpc:10.1.0.37:45031|priority:0, ce9e4e21-b8b3-47e8-a05b-7ed0cb4ed4d0|rpc:10.1.0.37:42995|priority:1], old=null
2021-08-17 11:50:47,239 [grpc-default-executor-1] INFO  server.RaftServer$Division (RaftServerImpl.java:requestVote(1043)) - ce9e4e21-b8b3-47e8-a05b-7ed0cb4ed4d0@group-24113E272142: receive requestVote(ELECTION, e067f3b0-4632-4f84-b71c-08c70f7756fb, group-24113E272142, 6, (t:0, i:0))
2021-08-17 11:50:47,268 [ce9e4e21-b8b3-47e8-a05b-7ed0cb4ed4d0@group-24113E272142-FollowerState] INFO  server.RaftServerConfigKeys (ConfUtils.java:logGet(44)) - raft.server.leaderelection.pre-vote = false (custom)
2021-08-17 11:50:47,268 [ce9e4e21-b8b3-47e8-a05b-7ed0cb4ed4d0@group-24113E272142-FollowerState] INFO  impl.RoleInfo (RoleInfo.java:updateAndGet(130)) - ce9e4e21-b8b3-47e8-a05b-7ed0cb4ed4d0: start ce9e4e21-b8b3-47e8-a05b-7ed0cb4ed4d0@group-24113E272142-LeaderElection99
2021-08-17 11:50:47,269 [grpc-default-executor-2] INFO  server.RaftServer$Division (RaftServerImpl.java:requestVote(1043)) - e067f3b0-4632-4f84-b71c-08c70f7756fb@group-24113E272142: receive requestVote(ELECTION, c0cb38e9-ad72-45c7-87a7-238cd12f7624, group-24113E272142, 6, (t:0, i:0))
2021-08-17 11:50:47,270 [grpc-default-executor-2] INFO  impl.VoteContext (VoteContext.java:log(48)) - e067f3b0-4632-4f84-b71c-08c70f7756fb@group-24113E272142-CANDIDATE: reject ELECTION from c0cb38e9-ad72-45c7-87a7-238cd12f7624: already has voted for e067f3b0-4632-4f84-b71c-08c70f7756fb at current term 6
2021-08-17 11:50:47,270 [grpc-default-executor-2] INFO  server.RaftServer$Division (RaftServerImpl.java:requestVote(1075)) - e067f3b0-4632-4f84-b71c-08c70f7756fb@group-24113E272142 replies to ELECTION vote request: c0cb38e9-ad72-45c7-87a7-238cd12f7624<-e067f3b0-4632-4f84-b71c-08c70f7756fb#0:FAIL-t6. Peer's state: e067f3b0-4632-4f84-b71c-08c70f7756fb@group-24113E272142:t6, leader=null, voted=e067f3b0-4632-4f84-b71c-08c70f7756fb, raftlog=e067f3b0-4632-4f84-b71c-08c70f7756fb@group-24113E272142-SegmentedRaftLog:OPENED:c-1,f-1,i0, conf=-1: [e067f3b0-4632-4f84-b71c-08c70f7756fb|rpc:10.1.0.37:40437|dataStream:|priority:0, c0cb38e9-ad72-45c7-87a7-238cd12f7624|rpc:10.1.0.37:45031|dataStream:|priority:0, ce9e4e21-b8b3-47e8-a05b-7ed0cb4ed4d0|rpc:10.1.0.37:42995|dataStream:|priority:1], old=null
2021-08-17 11:50:47,270 [grpc-default-executor-1] INFO  impl.VoteContext (VoteContext.java:log(48)) - ce9e4e21-b8b3-47e8-a05b-7ed0cb4ed4d0@group-24113E272142-CANDIDATE: reject ELECTION from e067f3b0-4632-4f84-b71c-08c70f7756fb: our last entry (t:2, i:0) > candidate's last entry (t:0, i:0)
2021-08-17 11:50:47,271 [grpc-default-executor-1] INFO  server.RaftServer$Division (RaftServerImpl.java:setRole(285)) - ce9e4e21-b8b3-47e8-a05b-7ed0cb4ed4d0@group-24113E272142: changes role from CANDIDATE to FOLLOWER at term 6 for candidate:e067f3b0-4632-4f84-b71c-08c70f7756fb
2021-08-17 11:50:47,271 [grpc-default-executor-1] INFO  impl.RoleInfo (RoleInfo.java:shutdownLeaderElection(121)) - ce9e4e21-b8b3-47e8-a05b-7ed0cb4ed4d0: shutdown ce9e4e21-b8b3-47e8-a05b-7ed0cb4ed4d0@group-24113E272142-LeaderElection99
2021-08-17 11:50:47,271 [grpc-default-executor-1] INFO  impl.RoleInfo (RoleInfo.java:updateAndGet(130)) - ce9e4e21-b8b3-47e8-a05b-7ed0cb4ed4d0: start ce9e4e21-b8b3-47e8-a05b-7ed0cb4ed4d0@group-24113E272142-FollowerState
2021-08-17 11:50:47,271 [ce9e4e21-b8b3-47e8-a05b-7ed0cb4ed4d0@group-24113E272142-LeaderElection99] INFO  impl.LeaderElection (LeaderElection.java:run(230)) - ce9e4e21-b8b3-47e8-a05b-7ed0cb4ed4d0@group-24113E272142-LeaderElection99: skip running since this is already CLOSING
2021-08-17 11:50:47,277 [grpc-default-executor-1] INFO  server.RaftServer$Division (RaftServerImpl.java:requestVote(1075)) - ce9e4e21-b8b3-47e8-a05b-7ed0cb4ed4d0@group-24113E272142 replies to ELECTION vote request: e067f3b0-4632-4f84-b71c-08c70f7756fb<-ce9e4e21-b8b3-47e8-a05b-7ed0cb4ed4d0#0:FAIL-t6. Peer's state: ce9e4e21-b8b3-47e8-a05b-7ed0cb4ed4d0@group-24113E272142:t6, leader=null, voted=null, raftlog=ce9e4e21-b8b3-47e8-a05b-7ed0cb4ed4d0@group-24113E272142-SegmentedRaftLog:OPENED:c-1,f0,i0, conf=0: [e067f3b0-4632-4f84-b71c-08c70f7756fb|rpc:10.1.0.37:40437|dataStream:|priority:0, c0cb38e9-ad72-45c7-87a7-238cd12f7624|rpc:10.1.0.37:45031|dataStream:|priority:0, ce9e4e21-b8b3-47e8-a05b-7ed0cb4ed4d0|rpc:10.1.0.37:42995|dataStream:|priority:1], old=null
2021-08-17 11:50:47,278 [e067f3b0-4632-4f84-b71c-08c70f7756fb@group-24113E272142-LeaderElection97] INFO  impl.LeaderElection (LeaderElection.java:logAndReturn(89)) - e067f3b0-4632-4f84-b71c-08c70f7756fb@group-24113E272142-LeaderElection97: ELECTION REJECTED received 2 response(s) and 0 exception(s):
2021-08-17 11:50:47,278 [e067f3b0-4632-4f84-b71c-08c70f7756fb@group-24113E272142-LeaderElection97] INFO  impl.LeaderElection (LeaderElection.java:logAndReturn(93)) -   Response 0: e067f3b0-4632-4f84-b71c-08c70f7756fb<-c0cb38e9-ad72-45c7-87a7-238cd12f7624#0:FAIL-t6
2021-08-17 11:50:47,278 [e067f3b0-4632-4f84-b71c-08c70f7756fb@group-24113E272142-LeaderElection97] INFO  impl.LeaderElection (LeaderElection.java:logAndReturn(93)) -   Response 1: e067f3b0-4632-4f84-b71c-08c70f7756fb<-ce9e4e21-b8b3-47e8-a05b-7ed0cb4ed4d0#0:FAIL-t6
2021-08-17 11:50:47,278 [e067f3b0-4632-4f84-b71c-08c70f7756fb@group-24113E272142-LeaderElection97] INFO  impl.LeaderElection (LeaderElection.java:askForVotes(308)) - e067f3b0-4632-4f84-b71c-08c70f7756fb@group-24113E272142-LeaderElection97 ELECTION round 0: result REJECTED
2021-08-17 11:50:47,278 [e067f3b0-4632-4f84-b71c-08c70f7756fb@group-24113E272142-LeaderElection97] INFO  server.RaftServer$Division (RaftServerImpl.java:setRole(285)) - e067f3b0-4632-4f84-b71c-08c70f7756fb@group-24113E272142: changes role from CANDIDATE to FOLLOWER at term 6 for REJECTED
2021-08-17 11:50:47,278 [e067f3b0-4632-4f84-b71c-08c70f7756fb@group-24113E272142-LeaderElection97] INFO  impl.RoleInfo (RoleInfo.java:shutdownLeaderElection(121)) - e067f3b0-4632-4f84-b71c-08c70f7756fb: shutdown e067f3b0-4632-4f84-b71c-08c70f7756fb@group-24113E272142-LeaderElection97
2021-08-17 11:50:47,278 [e067f3b0-4632-4f84-b71c-08c70f7756fb@group-24113E272142-LeaderElection97] INFO  impl.RoleInfo (RoleInfo.java:updateAndGet(130)) - e067f3b0-4632-4f84-b71c-08c70f7756fb: start e067f3b0-4632-4f84-b71c-08c70f7756fb@group-24113E272142-FollowerState
2021-08-17 11:50:47,298 [grpc-default-executor-1] INFO  server.RaftServer$Division (RaftServerImpl.java:requestVote(1043)) - ce9e4e21-b8b3-47e8-a05b-7ed0cb4ed4d0@group-24113E272142: receive requestVote(ELECTION, c0cb38e9-ad72-45c7-87a7-238cd12f7624, group-24113E272142, 6, (t:0, i:0))
2021-08-17 11:50:47,298 [grpc-default-executor-1] INFO  impl.VoteContext (VoteContext.java:log(48)) - ce9e4e21-b8b3-47e8-a05b-7ed0cb4ed4d0@group-24113E272142-FOLLOWER: reject ELECTION from c0cb38e9-ad72-45c7-87a7-238cd12f7624: our last entry (t:2, i:0) > candidate's last entry (t:0, i:0)
2021-08-17 11:50:47,298 [grpc-default-executor-1] INFO  server.RaftServer$Division (RaftServerImpl.java:setRole(285)) - ce9e4e21-b8b3-47e8-a05b-7ed0cb4ed4d0@group-24113E272142: changes role from  FOLLOWER to FOLLOWER at term 6 for candidate:c0cb38e9-ad72-45c7-87a7-238cd12f7624
2021-08-17 11:50:47,298 [grpc-default-executor-1] INFO  impl.RoleInfo (RoleInfo.java:shutdownFollowerState(108)) - ce9e4e21-b8b3-47e8-a05b-7ed0cb4ed4d0: shutdown ce9e4e21-b8b3-47e8-a05b-7ed0cb4ed4d0@group-24113E272142-FollowerState
2021-08-17 11:50:47,298 [grpc-default-executor-1] INFO  impl.RoleInfo (RoleInfo.java:updateAndGet(130)) - ce9e4e21-b8b3-47e8-a05b-7ed0cb4ed4d0: start ce9e4e21-b8b3-47e8-a05b-7ed0cb4ed4d0@group-24113E272142-FollowerState
2021-08-17 11:50:47,298 [ce9e4e21-b8b3-47e8-a05b-7ed0cb4ed4d0@group-24113E272142-FollowerState] INFO  impl.FollowerState (FollowerState.java:run(143)) - ce9e4e21-b8b3-47e8-a05b-7ed0cb4ed4d0@group-24113E272142-FollowerState was interrupted: {}
java.lang.InterruptedException: sleep interrupted
	at java.lang.Thread.sleep(Native Method)
	at java.lang.Thread.sleep(Thread.java:340)
	at java.util.concurrent.TimeUnit.sleep(TimeUnit.java:386)
	at org.apache.ratis.util.TimeDuration.sleep(TimeDuration.java:324)
	at org.apache.ratis.util.TimeDuration.sleep(TimeDuration.java:309)
	at org.apache.ratis.server.impl.FollowerState.run(FollowerState.java:118)
2021-08-17 11:50:47,358 [grpc-default-executor-1] INFO  server.RaftServer$Division (RaftServerImpl.java:requestVote(1075)) - ce9e4e21-b8b3-47e8-a05b-7ed0cb4ed4d0@group-24113E272142 replies to ELECTION vote request: c0cb38e9-ad72-45c7-87a7-238cd12f7624<-ce9e4e21-b8b3-47e8-a05b-7ed0cb4ed4d0#0:FAIL-t6. Peer's state: ce9e4e21-b8b3-47e8-a05b-7ed0cb4ed4d0@group-24113E272142:t6, leader=null, voted=null, raftlog=ce9e4e21-b8b3-47e8-a05b-7ed0cb4ed4d0@group-24113E272142-SegmentedRaftLog:OPENED:c-1,f0,i0, conf=0: [e067f3b0-4632-4f84-b71c-08c70f7756fb|rpc:10.1.0.37:40437|dataStream:|priority:0, c0cb38e9-ad72-45c7-87a7-238cd12f7624|rpc:10.1.0.37:45031|dataStream:|priority:0, ce9e4e21-b8b3-47e8-a05b-7ed0cb4ed4d0|rpc:10.1.0.37:42995|dataStream:|priority:1], old=null
2021-08-17 11:50:47,365 [c0cb38e9-ad72-45c7-87a7-238cd12f7624@group-24113E272142-LeaderElection98] INFO  impl.LeaderElection (LeaderElection.java:logAndReturn(89)) - c0cb38e9-ad72-45c7-87a7-238cd12f7624@group-24113E272142-LeaderElection98: ELECTION REJECTED received 2 response(s) and 0 exception(s):
2021-08-17 11:50:47,365 [c0cb38e9-ad72-45c7-87a7-238cd12f7624@group-24113E272142-LeaderElection98] INFO  impl.LeaderElection (LeaderElection.java:logAndReturn(93)) -   Response 0: c0cb38e9-ad72-45c7-87a7-238cd12f7624<-e067f3b0-4632-4f84-b71c-08c70f7756fb#0:FAIL-t6
2021-08-17 11:50:47,365 [c0cb38e9-ad72-45c7-87a7-238cd12f7624@group-24113E272142-LeaderElection98] INFO  impl.LeaderElection (LeaderElection.java:logAndReturn(93)) -   Response 1: c0cb38e9-ad72-45c7-87a7-238cd12f7624<-ce9e4e21-b8b3-47e8-a05b-7ed0cb4ed4d0#0:FAIL-t6
2021-08-17 11:50:47,365 [c0cb38e9-ad72-45c7-87a7-238cd12f7624@group-24113E272142-LeaderElection98] INFO  impl.LeaderElection (LeaderElection.java:askForVotes(308)) - c0cb38e9-ad72-45c7-87a7-238cd12f7624@group-24113E272142-LeaderElection98 ELECTION round 0: result REJECTED
2021-08-17 11:50:47,365 [c0cb38e9-ad72-45c7-87a7-238cd12f7624@group-24113E272142-LeaderElection98] INFO  server.RaftServer$Division (RaftServerImpl.java:setRole(285)) - c0cb38e9-ad72-45c7-87a7-238cd12f7624@group-24113E272142: changes role from CANDIDATE to FOLLOWER at term 6 for REJECTED
2021-08-17 11:50:47,365 [c0cb38e9-ad72-45c7-87a7-238cd12f7624@group-24113E272142-LeaderElection98] INFO  impl.RoleInfo (RoleInfo.java:shutdownLeaderElection(121)) - c0cb38e9-ad72-45c7-87a7-238cd12f7624: shutdown c0cb38e9-ad72-45c7-87a7-238cd12f7624@group-24113E272142-LeaderElection98
2021-08-17 11:50:47,365 [c0cb38e9-ad72-45c7-87a7-238cd12f7624@group-24113E272142-LeaderElection98] INFO  impl.RoleInfo (RoleInfo.java:updateAndGet(130)) - c0cb38e9-ad72-45c7-87a7-238cd12f7624: start c0cb38e9-ad72-45c7-87a7-238cd12f7624@group-24113E272142-FollowerState
2021-08-17 11:50:49,080 [Listener at 127.0.0.1/40861] INFO  ozoneimpl.OzoneContainer (OzoneContainer.java:stop(326)) - Attempting to stop container services.
2021-08-17 11:50:49,080 [ForkJoinPool.commonPool-worker-1] INFO  ozoneimpl.OzoneContainer (OzoneContainer.java:stop(326)) - Attempting to stop container services.
2021-08-17 11:50:49,081 [ForkJoinPool.commonPool-worker-1] INFO  server.RaftServer (RaftServerProxy.java:lambda$close$6(391)) - 0bf441c2-8cd8-4ced-8476-22eca18377b1: close
2021-08-17 11:50:49,081 [ForkJoinPool.commonPool-worker-1] INFO  server.RaftServer$Division (RaftServerImpl.java:lambda$close$4(407)) - 0bf441c2-8cd8-4ced-8476-22eca18377b1@group-2FAD8F0E4C38: shutdown
2021-08-17 11:50:49,081 [Listener at 127.0.0.1/40861] INFO  server.RaftServer (RaftServerProxy.java:lambda$close$6(391)) - e067f3b0-4632-4f84-b71c-08c70f7756fb: close
2021-08-17 11:50:49,081 [ForkJoinPool.commonPool-worker-1] INFO  util.JmxRegister (JmxRegister.java:unregister(73)) - Successfully un-registered JMX Bean with object name Ratis:service=RaftServer,group=group-2FAD8F0E4C38,id=0bf441c2-8cd8-4ced-8476-22eca18377b1
2021-08-17 11:50:49,081 [ForkJoinPool.commonPool-worker-1] INFO  impl.RoleInfo (RoleInfo.java:shutdownLeaderState(91)) - 0bf441c2-8cd8-4ced-8476-22eca18377b1: shutdown 0bf441c2-8cd8-4ced-8476-22eca18377b1@group-2FAD8F0E4C38-LeaderStateImpl
2021-08-17 11:50:49,081 [ForkJoinPool.commonPool-worker-1] INFO  impl.PendingRequests (PendingRequests.java:sendNotLeaderResponses(282)) - 0bf441c2-8cd8-4ced-8476-22eca18377b1@group-2FAD8F0E4C38-PendingRequests: sendNotLeaderResponses
2021-08-17 11:50:49,082 [ForkJoinPool.commonPool-worker-1] INFO  impl.StateMachineUpdater (StateMachineUpdater.java:stopAndJoin(149)) - 0bf441c2-8cd8-4ced-8476-22eca18377b1@group-2FAD8F0E4C38-StateMachineUpdater: set stopIndex = 0
2021-08-17 11:50:49,085 [0bf441c2-8cd8-4ced-8476-22eca18377b1@group-2FAD8F0E4C38-StateMachineUpdater] INFO  ratis.ContainerStateMachine (ContainerStateMachine.java:takeSnapshot(293)) - group-2FAD8F0E4C38: Taking a snapshot at:(t:1, i:0) file /home/runner/work/ozone/ozone/hadoop-ozone/integration-test/target/test-dir/MiniOzoneClusterImpl-a1e163cb-5647-48ea-b1dc-b51dce44f61a/datanode-2/data/ratis/4d4933ef-3bd7-47e1-a36e-2fad8f0e4c38/sm/snapshot.1_0
2021-08-17 11:50:49,081 [Listener at 127.0.0.1/40861] INFO  server.RaftServer$Division (RaftServerImpl.java:lambda$close$4(407)) - e067f3b0-4632-4f84-b71c-08c70f7756fb@group-1F4F0910E0F4: shutdown
2021-08-17 11:50:49,086 [Listener at 127.0.0.1/40861] INFO  util.JmxRegister (JmxRegister.java:unregister(73)) - Successfully un-registered JMX Bean with object name Ratis:service=RaftServer,group=group-1F4F0910E0F4,id=e067f3b0-4632-4f84-b71c-08c70f7756fb
2021-08-17 11:50:49,086 [Listener at 127.0.0.1/40861] INFO  impl.RoleInfo (RoleInfo.java:shutdownLeaderState(91)) - e067f3b0-4632-4f84-b71c-08c70f7756fb: shutdown e067f3b0-4632-4f84-b71c-08c70f7756fb@group-1F4F0910E0F4-LeaderStateImpl
2021-08-17 11:50:49,086 [Listener at 127.0.0.1/40861] INFO  impl.PendingRequests (PendingRequests.java:sendNotLeaderResponses(282)) - e067f3b0-4632-4f84-b71c-08c70f7756fb@group-1F4F0910E0F4-PendingRequests: sendNotLeaderResponses
2021-08-17 11:50:49,087 [0bf441c2-8cd8-4ced-8476-22eca18377b1@group-2FAD8F0E4C38-StateMachineUpdater] INFO  ratis.ContainerStateMachine (ContainerStateMachine.java:takeSnapshot(304)) - group-2FAD8F0E4C38: Finished taking a snapshot at:(t:1, i:0) file:/home/runner/work/ozone/ozone/hadoop-ozone/integration-test/target/test-dir/MiniOzoneClusterImpl-a1e163cb-5647-48ea-b1dc-b51dce44f61a/datanode-2/data/ratis/4d4933ef-3bd7-47e1-a36e-2fad8f0e4c38/sm/snapshot.1_0 took: 2 ms
2021-08-17 11:50:49,088 [0bf441c2-8cd8-4ced-8476-22eca18377b1@group-2FAD8F0E4C38-StateMachineUpdater] INFO  impl.StateMachineUpdater (StateMachineUpdater.java:takeSnapshot(281)) - 0bf441c2-8cd8-4ced-8476-22eca18377b1@group-2FAD8F0E4C38-StateMachineUpdater: Took a snapshot at index 0
2021-08-17 11:50:49,088 [0bf441c2-8cd8-4ced-8476-22eca18377b1@group-2FAD8F0E4C38-StateMachineUpdater] INFO  impl.StateMachineUpdater (StateMachineUpdater.java:lambda$new$0(89)) - 0bf441c2-8cd8-4ced-8476-22eca18377b1@group-2FAD8F0E4C38-StateMachineUpdater: snapshotIndex: updateIncreasingly -1 -> 0
2021-08-17 11:50:49,088 [ForkJoinPool.commonPool-worker-1] INFO  server.RaftServer$Division (ServerState.java:close(419)) - 0bf441c2-8cd8-4ced-8476-22eca18377b1@group-2FAD8F0E4C38: closes. applyIndex: 0
2021-08-17 11:50:49,088 [0bf441c2-8cd8-4ced-8476-22eca18377b1@group-2FAD8F0E4C38-SegmentedRaftLogWorker] INFO  segmented.SegmentedRaftLogWorker (SegmentedRaftLogWorker.java:run(327)) - 0bf441c2-8cd8-4ced-8476-22eca18377b1@group-2FAD8F0E4C38-SegmentedRaftLogWorker was interrupted, exiting. There are 0 tasks remaining in the queue.
2021-08-17 11:50:49,090 [ForkJoinPool.commonPool-worker-1] INFO  segmented.SegmentedRaftLogWorker (SegmentedRaftLogWorker.java:close(237)) - 0bf441c2-8cd8-4ced-8476-22eca18377b1@group-2FAD8F0E4C38-SegmentedRaftLogWorker close()
2021-08-17 11:50:49,091 [ForkJoinPool.commonPool-worker-1] INFO  server.RaftServer$Division (RaftServerImpl.java:lambda$close$4(407)) - 0bf441c2-8cd8-4ced-8476-22eca18377b1@group-6F6174E45E92: shutdown
2021-08-17 11:50:49,091 [ForkJoinPool.commonPool-worker-1] INFO  util.JmxRegister (JmxRegister.java:unregister(73)) - Successfully un-registered JMX Bean with object name Ratis:service=RaftServer,group=group-6F6174E45E92,id=0bf441c2-8cd8-4ced-8476-22eca18377b1
2021-08-17 11:50:49,091 [ForkJoinPool.commonPool-worker-1] INFO  impl.RoleInfo (RoleInfo.java:shutdownFollowerState(108)) - 0bf441c2-8cd8-4ced-8476-22eca18377b1: shutdown 0bf441c2-8cd8-4ced-8476-22eca18377b1@group-6F6174E45E92-FollowerState
2021-08-17 11:50:49,091 [ForkJoinPool.commonPool-worker-1] INFO  impl.StateMachineUpdater (StateMachineUpdater.java:stopAndJoin(149)) - 0bf441c2-8cd8-4ced-8476-22eca18377b1@group-6F6174E45E92-StateMachineUpdater: set stopIndex = 0
2021-08-17 11:50:49,092 [0bf441c2-8cd8-4ced-8476-22eca18377b1@group-6F6174E45E92-StateMachineUpdater] INFO  ratis.ContainerStateMachine (ContainerStateMachine.java:takeSnapshot(293)) - group-6F6174E45E92: Taking a snapshot at:(t:3, i:0) file /home/runner/work/ozone/ozone/hadoop-ozone/integration-test/target/test-dir/MiniOzoneClusterImpl-a1e163cb-5647-48ea-b1dc-b51dce44f61a/datanode-2/data/ratis/119cf746-ef48-4aaf-bc65-6f6174e45e92/sm/snapshot.3_0
2021-08-17 11:50:49,093 [0bf441c2-8cd8-4ced-8476-22eca18377b1@group-6F6174E45E92-StateMachineUpdater] INFO  ratis.ContainerStateMachine (ContainerStateMachine.java:takeSnapshot(304)) - group-6F6174E45E92: Finished taking a snapshot at:(t:3, i:0) file:/home/runner/work/ozone/ozone/hadoop-ozone/integration-test/target/test-dir/MiniOzoneClusterImpl-a1e163cb-5647-48ea-b1dc-b51dce44f61a/datanode-2/data/ratis/119cf746-ef48-4aaf-bc65-6f6174e45e92/sm/snapshot.3_0 took: 1 ms
2021-08-17 11:50:49,093 [0bf441c2-8cd8-4ced-8476-22eca18377b1@group-6F6174E45E92-StateMachineUpdater] INFO  impl.StateMachineUpdater (StateMachineUpdater.java:takeSnapshot(281)) - 0bf441c2-8cd8-4ced-8476-22eca18377b1@group-6F6174E45E92-StateMachineUpdater: Took a snapshot at index 0
2021-08-17 11:50:49,093 [0bf441c2-8cd8-4ced-8476-22eca18377b1@group-6F6174E45E92-StateMachineUpdater] INFO  impl.StateMachineUpdater (StateMachineUpdater.java:lambda$new$0(89)) - 0bf441c2-8cd8-4ced-8476-22eca18377b1@group-6F6174E45E92-StateMachineUpdater: snapshotIndex: updateIncreasingly -1 -> 0
2021-08-17 11:50:49,093 [ForkJoinPool.commonPool-worker-1] INFO  server.RaftServer$Division (ServerState.java:close(419)) - 0bf441c2-8cd8-4ced-8476-22eca18377b1@group-6F6174E45E92: closes. applyIndex: 0
2021-08-17 11:50:49,093 [0bf441c2-8cd8-4ced-8476-22eca18377b1@group-6F6174E45E92-SegmentedRaftLogWorker] INFO  segmented.SegmentedRaftLogWorker (SegmentedRaftLogWorker.java:run(327)) - 0bf441c2-8cd8-4ced-8476-22eca18377b1@group-6F6174E45E92-SegmentedRaftLogWorker was interrupted, exiting. There are 0 tasks remaining in the queue.
2021-08-17 11:50:49,098 [ForkJoinPool.commonPool-worker-1] INFO  segmented.SegmentedRaftLogWorker (SegmentedRaftLogWorker.java:close(237)) - 0bf441c2-8cd8-4ced-8476-22eca18377b1@group-6F6174E45E92-SegmentedRaftLogWorker close()
2021-08-17 11:50:49,099 [ForkJoinPool.commonPool-worker-1] INFO  server.GrpcService (GrpcService.java:closeImpl(262)) - 0bf441c2-8cd8-4ced-8476-22eca18377b1: shutdown server with port 38591 now
2021-08-17 11:50:49,118 [Listener at 127.0.0.1/40861] INFO  impl.StateMachineUpdater (StateMachineUpdater.java:stopAndJoin(149)) - e067f3b0-4632-4f84-b71c-08c70f7756fb@group-1F4F0910E0F4-StateMachineUpdater: set stopIndex = 0
2021-08-17 11:50:49,130 [e067f3b0-4632-4f84-b71c-08c70f7756fb@group-1F4F0910E0F4-StateMachineUpdater] INFO  ratis.ContainerStateMachine (ContainerStateMachine.java:takeSnapshot(293)) - group-1F4F0910E0F4: Taking a snapshot at:(t:1, i:0) file /home/runner/work/ozone/ozone/hadoop-ozone/integration-test/target/test-dir/MiniOzoneClusterImpl-a1e163cb-5647-48ea-b1dc-b51dce44f61a/datanode-4/data/ratis/4ca2aa2c-7e17-4bc1-bf77-1f4f0910e0f4/sm/snapshot.1_0
2021-08-17 11:50:49,130 [grpc-default-executor-2] WARN  server.GrpcServerProtocolService (LogUtils.java:warn(122)) - 0bf441c2-8cd8-4ced-8476-22eca18377b1: installSnapshot onError, lastRequest: e2fcfc86-2f0c-4267-bafe-682e5fd2fca7->0bf441c2-8cd8-4ced-8476-22eca18377b1#1-t3,previous=(t:0, i:0),leaderCommit=0,initializing? true,entries: size=1, first=(t:3, i:0), CONFIGURATIONENTRY: org.apache.ratis.thirdparty.io.grpc.StatusRuntimeException: CANCELLED: client cancelled
2021-08-17 11:50:49,131 [e067f3b0-4632-4f84-b71c-08c70f7756fb@group-1F4F0910E0F4-StateMachineUpdater] INFO  ratis.ContainerStateMachine (ContainerStateMachine.java:takeSnapshot(304)) - group-1F4F0910E0F4: Finished taking a snapshot at:(t:1, i:0) file:/home/runner/work/ozone/ozone/hadoop-ozone/integration-test/target/test-dir/MiniOzoneClusterImpl-a1e163cb-5647-48ea-b1dc-b51dce44f61a/datanode-4/data/ratis/4ca2aa2c-7e17-4bc1-bf77-1f4f0910e0f4/sm/snapshot.1_0 took: 1 ms
2021-08-17 11:50:49,131 [e067f3b0-4632-4f84-b71c-08c70f7756fb@group-1F4F0910E0F4-StateMachineUpdater] INFO  impl.StateMachineUpdater (StateMachineUpdater.java:takeSnapshot(281)) - e067f3b0-4632-4f84-b71c-08c70f7756fb@group-1F4F0910E0F4-StateMachineUpdater: Took a snapshot at index 0
2021-08-17 11:50:49,131 [e067f3b0-4632-4f84-b71c-08c70f7756fb@group-1F4F0910E0F4-StateMachineUpdater] INFO  impl.StateMachineUpdater (StateMachineUpdater.java:lambda$new$0(89)) - e067f3b0-4632-4f84-b71c-08c70f7756fb@group-1F4F0910E0F4-StateMachineUpdater: snapshotIndex: updateIncreasingly -1 -> 0
2021-08-17 11:50:49,131 [Listener at 127.0.0.1/40861] INFO  server.RaftServer$Division (ServerState.java:close(419)) - e067f3b0-4632-4f84-b71c-08c70f7756fb@group-1F4F0910E0F4: closes. applyIndex: 0
2021-08-17 11:50:49,132 [e067f3b0-4632-4f84-b71c-08c70f7756fb@group-1F4F0910E0F4-SegmentedRaftLogWorker] INFO  segmented.SegmentedRaftLogWorker (SegmentedRaftLogWorker.java:run(327)) - e067f3b0-4632-4f84-b71c-08c70f7756fb@group-1F4F0910E0F4-SegmentedRaftLogWorker was interrupted, exiting. There are 0 tasks remaining in the queue.
2021-08-17 11:50:49,134 [Listener at 127.0.0.1/40861] INFO  segmented.SegmentedRaftLogWorker (SegmentedRaftLogWorker.java:close(237)) - e067f3b0-4632-4f84-b71c-08c70f7756fb@group-1F4F0910E0F4-SegmentedRaftLogWorker close()
2021-08-17 11:50:49,135 [Listener at 127.0.0.1/40861] INFO  server.RaftServer$Division (RaftServerImpl.java:lambda$close$4(407)) - e067f3b0-4632-4f84-b71c-08c70f7756fb@group-24113E272142: shutdown
2021-08-17 11:50:49,136 [Listener at 127.0.0.1/40861] INFO  util.JmxRegister (JmxRegister.java:unregister(73)) - Successfully un-registered JMX Bean with object name Ratis:service=RaftServer,group=group-24113E272142,id=e067f3b0-4632-4f84-b71c-08c70f7756fb
2021-08-17 11:50:49,136 [Listener at 127.0.0.1/40861] INFO  impl.RoleInfo (RoleInfo.java:shutdownFollowerState(108)) - e067f3b0-4632-4f84-b71c-08c70f7756fb: shutdown e067f3b0-4632-4f84-b71c-08c70f7756fb@group-24113E272142-FollowerState
2021-08-17 11:50:49,136 [Listener at 127.0.0.1/40861] INFO  impl.StateMachineUpdater (StateMachineUpdater.java:stopAndJoin(149)) - e067f3b0-4632-4f84-b71c-08c70f7756fb@group-24113E272142-StateMachineUpdater: set stopIndex = -1
2021-08-17 11:50:49,136 [Listener at 127.0.0.1/40861] INFO  server.RaftServer$Division (ServerState.java:close(419)) - e067f3b0-4632-4f84-b71c-08c70f7756fb@group-24113E272142: closes. applyIndex: -1
2021-08-17 11:50:49,137 [e067f3b0-4632-4f84-b71c-08c70f7756fb@group-24113E272142-SegmentedRaftLogWorker] INFO  segmented.SegmentedRaftLogWorker (SegmentedRaftLogWorker.java:run(327)) - e067f3b0-4632-4f84-b71c-08c70f7756fb@group-24113E272142-SegmentedRaftLogWorker was interrupted, exiting. There are 0 tasks remaining in the queue.
2021-08-17 11:50:49,137 [0bf441c2-8cd8-4ced-8476-22eca18377b1@group-6F6174E45E92-FollowerState] INFO  impl.FollowerState (FollowerState.java:run(143)) - 0bf441c2-8cd8-4ced-8476-22eca18377b1@group-6F6174E45E92-FollowerState was interrupted: {}
java.lang.InterruptedException: sleep interrupted
	at java.lang.Thread.sleep(Native Method)
	at java.lang.Thread.sleep(Thread.java:340)
	at java.util.concurrent.TimeUnit.sleep(TimeUnit.java:386)
	at org.apache.ratis.util.TimeDuration.sleep(TimeDuration.java:324)
	at org.apache.ratis.util.TimeDuration.sleep(TimeDuration.java:309)
	at org.apache.ratis.server.impl.FollowerState.run(FollowerState.java:118)
2021-08-17 11:50:49,136 [e067f3b0-4632-4f84-b71c-08c70f7756fb@group-24113E272142-FollowerState] INFO  impl.FollowerState (FollowerState.java:run(143)) - e067f3b0-4632-4f84-b71c-08c70f7756fb@group-24113E272142-FollowerState was interrupted: {}
java.lang.InterruptedException: sleep interrupted
	at java.lang.Thread.sleep(Native Method)
	at java.lang.Thread.sleep(Thread.java:340)
	at java.util.concurrent.TimeUnit.sleep(TimeUnit.java:386)
	at org.apache.ratis.util.TimeDuration.sleep(TimeDuration.java:324)
	at org.apache.ratis.util.TimeDuration.sleep(TimeDuration.java:309)
	at org.apache.ratis.server.impl.FollowerState.run(FollowerState.java:118)
2021-08-17 11:50:49,139 [Listener at 127.0.0.1/40861] INFO  segmented.SegmentedRaftLogWorker (SegmentedRaftLogWorker.java:close(237)) - e067f3b0-4632-4f84-b71c-08c70f7756fb@group-24113E272142-SegmentedRaftLogWorker close()
2021-08-17 11:50:49,142 [grpc-default-executor-2] WARN  server.GrpcLogAppender (LogUtils.java:warn(122)) - e2fcfc86-2f0c-4267-bafe-682e5fd2fca7@group-6F6174E45E92->0bf441c2-8cd8-4ced-8476-22eca18377b1-AppendLogResponseHandler: Failed appendEntries: org.apache.ratis.thirdparty.io.grpc.StatusRuntimeException: CANCELLED: HTTP/2 error code: CANCEL
Received Rst Stream
2021-08-17 11:50:49,143 [grpc-default-executor-2] WARN  server.GrpcLogAppender (GrpcLogAppender.java:resetClient(111)) - e2fcfc86-2f0c-4267-bafe-682e5fd2fca7@group-6F6174E45E92->0bf441c2-8cd8-4ced-8476-22eca18377b1-GrpcLogAppender: Leader has not got in touch with Follower e2fcfc86-2f0c-4267-bafe-682e5fd2fca7@group-6F6174E45E92->0bf441c2-8cd8-4ced-8476-22eca18377b1(c0,m0,n1, attendVote=true, lastRpcSendTime=2209, lastRpcResponseTime=2197) yet, just keep nextIndex unchanged and retry.
2021-08-17 11:50:49,149 [Listener at 127.0.0.1/40861] INFO  server.GrpcService (GrpcService.java:closeImpl(262)) - e067f3b0-4632-4f84-b71c-08c70f7756fb: shutdown server with port 40437 now
2021-08-17 11:50:49,278 [ForkJoinPool.commonPool-worker-1] INFO  server.GrpcService (GrpcService.java:closeImpl(271)) - 0bf441c2-8cd8-4ced-8476-22eca18377b1: shutdown server with port 38591 successfully
2021-08-17 11:50:49,279 [org.apache.ratis.util.JvmPauseMonitor$$Lambda$531/89905617@49785364] INFO  util.JvmPauseMonitor (JvmPauseMonitor.java:run(109)) - JvmPauseMonitor-0bf441c2-8cd8-4ced-8476-22eca18377b1: Stopped
2021-08-17 11:50:49,282 [Listener at 127.0.0.1/40861] INFO  server.GrpcService (GrpcService.java:closeImpl(271)) - e067f3b0-4632-4f84-b71c-08c70f7756fb: shutdown server with port 40437 successfully
2021-08-17 11:50:49,338 [ForkJoinPool.commonPool-worker-1] INFO  utils.BackgroundService (BackgroundService.java:shutdown(132)) - Shutting down service BlockDeletingService
2021-08-17 11:50:49,405 [org.apache.ratis.util.JvmPauseMonitor$$Lambda$531/89905617@304053a9] INFO  util.JvmPauseMonitor (JvmPauseMonitor.java:run(109)) - JvmPauseMonitor-e067f3b0-4632-4f84-b71c-08c70f7756fb: Stopped
2021-08-17 11:50:49,413 [Listener at 127.0.0.1/40861] INFO  utils.BackgroundService (BackgroundService.java:shutdown(132)) - Shutting down service BlockDeletingService
2021-08-17 11:50:49,478 [grpc-default-executor-9] WARN  server.GrpcLogAppender (LogUtils.java:warn(122)) - e2fcfc86-2f0c-4267-bafe-682e5fd2fca7@group-6F6174E45E92->0bf441c2-8cd8-4ced-8476-22eca18377b1-AppendLogResponseHandler: Failed appendEntries: org.apache.ratis.thirdparty.io.grpc.StatusRuntimeException: UNAVAILABLE: io exception
2021-08-17 11:50:49,478 [grpc-default-executor-9] WARN  server.GrpcLogAppender (GrpcLogAppender.java:resetClient(111)) - e2fcfc86-2f0c-4267-bafe-682e5fd2fca7@group-6F6174E45E92->0bf441c2-8cd8-4ced-8476-22eca18377b1-GrpcLogAppender: Leader has not got in touch with Follower e2fcfc86-2f0c-4267-bafe-682e5fd2fca7@group-6F6174E45E92->0bf441c2-8cd8-4ced-8476-22eca18377b1(c0,m0,n1, attendVote=true, lastRpcSendTime=1, lastRpcResponseTime=2533) yet, just keep nextIndex unchanged and retry.
2021-08-17 11:50:51,862 [org.apache.ratis.util.JvmPauseMonitor$$Lambda$531/89905617@5c3a9c45] WARN  util.JvmPauseMonitor (JvmPauseMonitor.java:detectPause(124)) - JvmPauseMonitor-c0cb38e9-ad72-45c7-87a7-238cd12f7624: Detected pause in JVM or host machine (eg GC): pause of approximately 100601608ns.
GC pool 'PS MarkSweep' had collection(s): count=1 time=288ms
GC pool 'PS Scavenge' had collection(s): count=1 time=16ms
2021-08-17 11:50:51,862 [org.apache.ratis.util.JvmPauseMonitor$$Lambda$531/89905617@2229abca] WARN  util.JvmPauseMonitor (JvmPauseMonitor.java:detectPause(124)) - JvmPauseMonitor-ce9e4e21-b8b3-47e8-a05b-7ed0cb4ed4d0: Detected pause in JVM or host machine (eg GC): pause of approximately 117042407ns.
GC pool 'PS MarkSweep' had collection(s): count=1 time=288ms
GC pool 'PS Scavenge' had collection(s): count=1 time=16ms
2021-08-17 11:50:51,862 [org.apache.ratis.util.JvmPauseMonitor$$Lambda$531/89905617@7de843e4] WARN  util.JvmPauseMonitor (JvmPauseMonitor.java:detectPause(124)) - JvmPauseMonitor-e2fcfc86-2f0c-4267-bafe-682e5fd2fca7: Detected pause in JVM or host machine (eg GC): pause of approximately 123431350ns.
GC pool 'PS MarkSweep' had collection(s): count=1 time=288ms
GC pool 'PS Scavenge' had collection(s): count=1 time=16ms
2021-08-17 11:50:51,863 [org.apache.ratis.util.JvmPauseMonitor$$Lambda$531/89905617@69c6cee3] WARN  util.JvmPauseMonitor (JvmPauseMonitor.java:detectPause(124)) - JvmPauseMonitor-c2837b3a-083f-4317-9098-ed9e2645ea67: Detected pause in JVM or host machine (eg GC): pause of approximately 222991223ns.
GC pool 'PS MarkSweep' had collection(s): count=1 time=288ms
GC pool 'PS Scavenge' had collection(s): count=1 time=16ms
2021-08-17 11:50:51,863 [org.apache.ratis.util.JvmPauseMonitor$$Lambda$531/89905617@6c7ecbe4] WARN  util.JvmPauseMonitor (JvmPauseMonitor.java:detectPause(124)) - JvmPauseMonitor-4d40c50f-34df-4d8d-ada3-4ecb2b1f4098: Detected pause in JVM or host machine (eg GC): pause of approximately 267988351ns.
GC pool 'PS MarkSweep' had collection(s): count=1 time=288ms
GC pool 'PS Scavenge' had collection(s): count=1 time=16ms
2021-08-17 11:50:51,864 [org.apache.ratis.util.JvmPauseMonitor$$Lambda$531/89905617@69708002] WARN  util.JvmPauseMonitor (JvmPauseMonitor.java:detectPause(124)) - JvmPauseMonitor-2424882f-c429-4c69-9245-ccac92145c6c: Detected pause in JVM or host machine (eg GC): pause of approximately 268102661ns.
GC pool 'PS MarkSweep' had collection(s): count=1 time=288ms
GC pool 'PS Scavenge' had collection(s): count=1 time=16ms
2021-08-17 11:50:51,982 [grpc-default-executor-1] WARN  server.GrpcLogAppender (LogUtils.java:warn(122)) - e2fcfc86-2f0c-4267-bafe-682e5fd2fca7@group-6F6174E45E92->0bf441c2-8cd8-4ced-8476-22eca18377b1-AppendLogResponseHandler: Failed appendEntries: org.apache.ratis.thirdparty.io.grpc.StatusRuntimeException: UNAVAILABLE: io exception
2021-08-17 11:50:51,983 [grpc-default-executor-1] WARN  server.GrpcLogAppender (GrpcLogAppender.java:resetClient(111)) - e2fcfc86-2f0c-4267-bafe-682e5fd2fca7@group-6F6174E45E92->0bf441c2-8cd8-4ced-8476-22eca18377b1-GrpcLogAppender: Leader has not got in touch with Follower e2fcfc86-2f0c-4267-bafe-682e5fd2fca7@group-6F6174E45E92->0bf441c2-8cd8-4ced-8476-22eca18377b1(c0,m0,n1, attendVote=true, lastRpcSendTime=2506, lastRpcResponseTime=5038) yet, just keep nextIndex unchanged and retry.
2021-08-17 11:50:52,387 [ForkJoinPool.commonPool-worker-1] INFO  statemachine.DatanodeStateMachine (DatanodeStateMachine.java:stopDaemon(515)) - Ozone container server stopped.
2021-08-17 11:50:52,399 [ForkJoinPool.commonPool-worker-1] INFO  handler.ContextHandler (ContextHandler.java:doStop(1153)) - Stopped o.e.j.w.WebAppContext@4dd130ce{hddsDatanode,/,null,STOPPED}{jar:file:/home/runner/.m2/repository/org/apache/ozone/hdds-container-service/1.2.0-SNAPSHOT/hdds-container-service-1.2.0-SNAPSHOT.jar!/webapps/hddsDatanode}
2021-08-17 11:50:52,406 [c0cb38e9-ad72-45c7-87a7-238cd12f7624@group-24113E272142-FollowerState] INFO  impl.FollowerState (FollowerState.java:run(134)) - c0cb38e9-ad72-45c7-87a7-238cd12f7624@group-24113E272142-FollowerState: change to CANDIDATE, lastRpcElapsedTime:5040384580ns, electionTimeout:5016ms
2021-08-17 11:50:52,406 [c0cb38e9-ad72-45c7-87a7-238cd12f7624@group-24113E272142-FollowerState] INFO  impl.RoleInfo (RoleInfo.java:shutdownFollowerState(108)) - c0cb38e9-ad72-45c7-87a7-238cd12f7624: shutdown c0cb38e9-ad72-45c7-87a7-238cd12f7624@group-24113E272142-FollowerState
2021-08-17 11:50:52,406 [c0cb38e9-ad72-45c7-87a7-238cd12f7624@group-24113E272142-FollowerState] INFO  server.RaftServer$Division (RaftServerImpl.java:setRole(285)) - c0cb38e9-ad72-45c7-87a7-238cd12f7624@group-24113E272142: changes role from  FOLLOWER to CANDIDATE at term 6 for changeToCandidate
2021-08-17 11:50:52,406 [c0cb38e9-ad72-45c7-87a7-238cd12f7624@group-24113E272142-FollowerState] INFO  server.RaftServerConfigKeys (ConfUtils.java:logGet(44)) - raft.server.leaderelection.pre-vote = false (custom)
2021-08-17 11:50:52,406 [c0cb38e9-ad72-45c7-87a7-238cd12f7624@group-24113E272142-FollowerState] INFO  impl.RoleInfo (RoleInfo.java:updateAndGet(130)) - c0cb38e9-ad72-45c7-87a7-238cd12f7624: start c0cb38e9-ad72-45c7-87a7-238cd12f7624@group-24113E272142-LeaderElection100
2021-08-17 11:50:52,406 [ForkJoinPool.commonPool-worker-1] INFO  server.AbstractConnector (AbstractConnector.java:doStop(381)) - Stopped ServerConnector@a5bfd41{HTTP/1.1, (http/1.1)}{0.0.0.0:0}
2021-08-17 11:50:52,407 [ForkJoinPool.commonPool-worker-1] INFO  server.session (HouseKeeper.java:stopScavenging(149)) - node0 Stopped scavenging
2021-08-17 11:50:52,429 [ce9e4e21-b8b3-47e8-a05b-7ed0cb4ed4d0@group-24113E272142-FollowerState] INFO  impl.FollowerState (FollowerState.java:run(134)) - ce9e4e21-b8b3-47e8-a05b-7ed0cb4ed4d0@group-24113E272142-FollowerState: change to CANDIDATE, lastRpcElapsedTime:5130586563ns, electionTimeout:5067ms
2021-08-17 11:50:52,429 [ce9e4e21-b8b3-47e8-a05b-7ed0cb4ed4d0@group-24113E272142-FollowerState] INFO  impl.RoleInfo (RoleInfo.java:shutdownFollowerState(108)) - ce9e4e21-b8b3-47e8-a05b-7ed0cb4ed4d0: shutdown ce9e4e21-b8b3-47e8-a05b-7ed0cb4ed4d0@group-24113E272142-FollowerState
2021-08-17 11:50:52,429 [ce9e4e21-b8b3-47e8-a05b-7ed0cb4ed4d0@group-24113E272142-FollowerState] INFO  server.RaftServer$Division (RaftServerImpl.java:setRole(285)) - ce9e4e21-b8b3-47e8-a05b-7ed0cb4ed4d0@group-24113E272142: changes role from  FOLLOWER to CANDIDATE at term 6 for changeToCandidate
2021-08-17 11:50:52,429 [ce9e4e21-b8b3-47e8-a05b-7ed0cb4ed4d0@group-24113E272142-FollowerState] INFO  server.RaftServerConfigKeys (ConfUtils.java:logGet(44)) - raft.server.leaderelection.pre-vote = false (custom)
2021-08-17 11:50:52,429 [ce9e4e21-b8b3-47e8-a05b-7ed0cb4ed4d0@group-24113E272142-FollowerState] INFO  impl.RoleInfo (RoleInfo.java:updateAndGet(130)) - ce9e4e21-b8b3-47e8-a05b-7ed0cb4ed4d0: start ce9e4e21-b8b3-47e8-a05b-7ed0cb4ed4d0@group-24113E272142-LeaderElection101
2021-08-17 11:50:52,431 [c0cb38e9-ad72-45c7-87a7-238cd12f7624@group-24113E272142-LeaderElection100] INFO  impl.LeaderElection (LeaderElection.java:askForVotes(306)) - c0cb38e9-ad72-45c7-87a7-238cd12f7624@group-24113E272142-LeaderElection100 ELECTION round 0: submit vote requests at term 7 for -1: [e067f3b0-4632-4f84-b71c-08c70f7756fb|rpc:10.1.0.37:40437|priority:0, c0cb38e9-ad72-45c7-87a7-238cd12f7624|rpc:10.1.0.37:45031|priority:0, ce9e4e21-b8b3-47e8-a05b-7ed0cb4ed4d0|rpc:10.1.0.37:42995|priority:1], old=null
2021-08-17 11:50:52,458 [ce9e4e21-b8b3-47e8-a05b-7ed0cb4ed4d0@group-24113E272142-LeaderElection101] INFO  impl.LeaderElection (LeaderElection.java:askForVotes(306)) - ce9e4e21-b8b3-47e8-a05b-7ed0cb4ed4d0@group-24113E272142-LeaderElection101 ELECTION round 0: submit vote requests at term 7 for 0: [e067f3b0-4632-4f84-b71c-08c70f7756fb|rpc:10.1.0.37:40437|dataStream:|priority:0, c0cb38e9-ad72-45c7-87a7-238cd12f7624|rpc:10.1.0.37:45031|dataStream:|priority:0, ce9e4e21-b8b3-47e8-a05b-7ed0cb4ed4d0|rpc:10.1.0.37:42995|dataStream:|priority:1], old=null
2021-08-17 11:50:52,465 [Listener at 127.0.0.1/40861] INFO  statemachine.DatanodeStateMachine (DatanodeStateMachine.java:stopDaemon(515)) - Ozone container server stopped.
2021-08-17 11:50:52,485 [c0cb38e9-ad72-45c7-87a7-238cd12f7624@group-24113E272142-LeaderElection100] INFO  impl.LeaderElection (LogUtils.java:infoOrTrace(137)) - c0cb38e9-ad72-45c7-87a7-238cd12f7624@group-24113E272142-LeaderElection100 got exception when requesting votes: java.util.concurrent.ExecutionException: org.apache.ratis.thirdparty.io.grpc.StatusRuntimeException: UNAVAILABLE: io exception
2021-08-17 11:50:52,489 [Listener at 127.0.0.1/40861] INFO  handler.ContextHandler (ContextHandler.java:doStop(1153)) - Stopped o.e.j.w.WebAppContext@28a6ed65{hddsDatanode,/,null,STOPPED}{jar:file:/home/runner/.m2/repository/org/apache/ozone/hdds-container-service/1.2.0-SNAPSHOT/hdds-container-service-1.2.0-SNAPSHOT.jar!/webapps/hddsDatanode}
2021-08-17 11:50:52,493 [Listener at 127.0.0.1/40861] INFO  server.AbstractConnector (AbstractConnector.java:doStop(381)) - Stopped ServerConnector@14d2aa2b{HTTP/1.1, (http/1.1)}{0.0.0.0:0}
2021-08-17 11:50:52,493 [Listener at 127.0.0.1/40861] INFO  server.session (HouseKeeper.java:stopScavenging(149)) - node0 Stopped scavenging
2021-08-17 11:50:52,502 [grpc-default-executor-9] INFO  server.RaftServer$Division (RaftServerImpl.java:requestVote(1043)) - ce9e4e21-b8b3-47e8-a05b-7ed0cb4ed4d0@group-24113E272142: receive requestVote(ELECTION, c0cb38e9-ad72-45c7-87a7-238cd12f7624, group-24113E272142, 7, (t:0, i:0))
2021-08-17 11:50:52,502 [grpc-default-executor-9] INFO  impl.VoteContext (VoteContext.java:log(48)) - ce9e4e21-b8b3-47e8-a05b-7ed0cb4ed4d0@group-24113E272142-CANDIDATE: reject ELECTION from c0cb38e9-ad72-45c7-87a7-238cd12f7624: already has voted for ce9e4e21-b8b3-47e8-a05b-7ed0cb4ed4d0 at current term 7
2021-08-17 11:50:52,502 [grpc-default-executor-9] INFO  server.RaftServer$Division (RaftServerImpl.java:requestVote(1075)) - ce9e4e21-b8b3-47e8-a05b-7ed0cb4ed4d0@group-24113E272142 replies to ELECTION vote request: c0cb38e9-ad72-45c7-87a7-238cd12f7624<-ce9e4e21-b8b3-47e8-a05b-7ed0cb4ed4d0#0:FAIL-t7. Peer's state: ce9e4e21-b8b3-47e8-a05b-7ed0cb4ed4d0@group-24113E272142:t7, leader=null, voted=ce9e4e21-b8b3-47e8-a05b-7ed0cb4ed4d0, raftlog=ce9e4e21-b8b3-47e8-a05b-7ed0cb4ed4d0@group-24113E272142-SegmentedRaftLog:OPENED:c-1,f0,i0, conf=0: [e067f3b0-4632-4f84-b71c-08c70f7756fb|rpc:10.1.0.37:40437|dataStream:|priority:0, c0cb38e9-ad72-45c7-87a7-238cd12f7624|rpc:10.1.0.37:45031|dataStream:|priority:0, ce9e4e21-b8b3-47e8-a05b-7ed0cb4ed4d0|rpc:10.1.0.37:42995|dataStream:|priority:1], old=null
2021-08-17 11:50:52,530 [ce9e4e21-b8b3-47e8-a05b-7ed0cb4ed4d0@group-24113E272142-LeaderElection101] INFO  impl.LeaderElection (LogUtils.java:infoOrTrace(137)) - ce9e4e21-b8b3-47e8-a05b-7ed0cb4ed4d0@group-24113E272142-LeaderElection101 got exception when requesting votes: java.util.concurrent.ExecutionException: org.apache.ratis.thirdparty.io.grpc.StatusRuntimeException: UNAVAILABLE: io exception
2021-08-17 11:50:52,534 [ForkJoinPool.commonPool-worker-1] INFO  handler.ContextHandler (ContextHandler.java:doStop(1153)) - Stopped o.e.j.s.ServletContextHandler@71003c4c{static,/static,jar:file:/home/runner/.m2/repository/org/apache/ozone/hdds-container-service/1.2.0-SNAPSHOT/hdds-container-service-1.2.0-SNAPSHOT.jar!/webapps/static,STOPPED}
2021-08-17 11:50:52,539 [ForkJoinPool.commonPool-worker-1] INFO  handler.ContextHandler (ContextHandler.java:doStop(1153)) - Stopped o.e.j.s.ServletContextHandler@6b1b9944{logs,/logs,file:///home/runner/work/ozone/ozone/hadoop-ozone/integration-test/target/log,STOPPED}
2021-08-17 11:50:52,589 [Listener at 127.0.0.1/40861] INFO  handler.ContextHandler (ContextHandler.java:doStop(1153)) - Stopped o.e.j.s.ServletContextHandler@e6d9ad4{static,/static,jar:file:/home/runner/.m2/repository/org/apache/ozone/hdds-container-service/1.2.0-SNAPSHOT/hdds-container-service-1.2.0-SNAPSHOT.jar!/webapps/static,STOPPED}
2021-08-17 11:50:52,590 [Listener at 127.0.0.1/40861] INFO  handler.ContextHandler (ContextHandler.java:doStop(1153)) - Stopped o.e.j.s.ServletContextHandler@4c504f6b{logs,/logs,file:///home/runner/work/ozone/ozone/hadoop-ozone/integration-test/target/log,STOPPED}
2021-08-17 11:50:52,590 [c0cb38e9-ad72-45c7-87a7-238cd12f7624@group-24113E272142-LeaderElection100] INFO  impl.LeaderElection (LeaderElection.java:logAndReturn(89)) - c0cb38e9-ad72-45c7-87a7-238cd12f7624@group-24113E272142-LeaderElection100: ELECTION REJECTED received 1 response(s) and 1 exception(s):
2021-08-17 11:50:52,590 [c0cb38e9-ad72-45c7-87a7-238cd12f7624@group-24113E272142-LeaderElection100] INFO  impl.LeaderElection (LeaderElection.java:logAndReturn(93)) -   Response 0: c0cb38e9-ad72-45c7-87a7-238cd12f7624<-ce9e4e21-b8b3-47e8-a05b-7ed0cb4ed4d0#0:FAIL-t7
2021-08-17 11:50:52,590 [c0cb38e9-ad72-45c7-87a7-238cd12f7624@group-24113E272142-LeaderElection100] INFO  impl.LeaderElection (LogUtils.java:infoOrTrace(137)) -   Exception 1: java.util.concurrent.ExecutionException: org.apache.ratis.thirdparty.io.grpc.StatusRuntimeException: UNAVAILABLE: io exception
2021-08-17 11:50:52,590 [c0cb38e9-ad72-45c7-87a7-238cd12f7624@group-24113E272142-LeaderElection100] INFO  impl.LeaderElection (LeaderElection.java:askForVotes(308)) - c0cb38e9-ad72-45c7-87a7-238cd12f7624@group-24113E272142-LeaderElection100 ELECTION round 0: result REJECTED
2021-08-17 11:50:52,590 [c0cb38e9-ad72-45c7-87a7-238cd12f7624@group-24113E272142-LeaderElection100] INFO  server.RaftServer$Division (RaftServerImpl.java:setRole(285)) - c0cb38e9-ad72-45c7-87a7-238cd12f7624@group-24113E272142: changes role from CANDIDATE to FOLLOWER at term 7 for REJECTED
2021-08-17 11:50:52,590 [c0cb38e9-ad72-45c7-87a7-238cd12f7624@group-24113E272142-LeaderElection100] INFO  impl.RoleInfo (RoleInfo.java:shutdownLeaderElection(121)) - c0cb38e9-ad72-45c7-87a7-238cd12f7624: shutdown c0cb38e9-ad72-45c7-87a7-238cd12f7624@group-24113E272142-LeaderElection100
2021-08-17 11:50:52,590 [c0cb38e9-ad72-45c7-87a7-238cd12f7624@group-24113E272142-LeaderElection100] INFO  impl.RoleInfo (RoleInfo.java:updateAndGet(130)) - c0cb38e9-ad72-45c7-87a7-238cd12f7624: start c0cb38e9-ad72-45c7-87a7-238cd12f7624@group-24113E272142-FollowerState
2021-08-17 11:50:52,590 [grpc-default-executor-9] INFO  server.RaftServer$Division (RaftServerImpl.java:requestVote(1043)) - c0cb38e9-ad72-45c7-87a7-238cd12f7624@group-24113E272142: receive requestVote(ELECTION, ce9e4e21-b8b3-47e8-a05b-7ed0cb4ed4d0, group-24113E272142, 7, (t:2, i:0))
2021-08-17 11:50:52,641 [grpc-default-executor-9] INFO  impl.VoteContext (VoteContext.java:log(48)) - c0cb38e9-ad72-45c7-87a7-238cd12f7624@group-24113E272142-FOLLOWER: reject ELECTION from ce9e4e21-b8b3-47e8-a05b-7ed0cb4ed4d0: already has voted for c0cb38e9-ad72-45c7-87a7-238cd12f7624 at current term 7
2021-08-17 11:50:52,641 [grpc-default-executor-9] INFO  server.RaftServer$Division (RaftServerImpl.java:requestVote(1075)) - c0cb38e9-ad72-45c7-87a7-238cd12f7624@group-24113E272142 replies to ELECTION vote request: ce9e4e21-b8b3-47e8-a05b-7ed0cb4ed4d0<-c0cb38e9-ad72-45c7-87a7-238cd12f7624#0:FAIL-t7. Peer's state: c0cb38e9-ad72-45c7-87a7-238cd12f7624@group-24113E272142:t7, leader=null, voted=c0cb38e9-ad72-45c7-87a7-238cd12f7624, raftlog=c0cb38e9-ad72-45c7-87a7-238cd12f7624@group-24113E272142-SegmentedRaftLog:OPENED:c-1,f-1,i0, conf=-1: [e067f3b0-4632-4f84-b71c-08c70f7756fb|rpc:10.1.0.37:40437|priority:0, c0cb38e9-ad72-45c7-87a7-238cd12f7624|rpc:10.1.0.37:45031|priority:0, ce9e4e21-b8b3-47e8-a05b-7ed0cb4ed4d0|rpc:10.1.0.37:42995|priority:1], old=null
2021-08-17 11:50:52,642 [ce9e4e21-b8b3-47e8-a05b-7ed0cb4ed4d0@group-24113E272142-LeaderElection101] INFO  impl.LeaderElection (LeaderElection.java:logAndReturn(89)) - ce9e4e21-b8b3-47e8-a05b-7ed0cb4ed4d0@group-24113E272142-LeaderElection101: ELECTION REJECTED received 1 response(s) and 1 exception(s):
2021-08-17 11:50:52,642 [ce9e4e21-b8b3-47e8-a05b-7ed0cb4ed4d0@group-24113E272142-LeaderElection101] INFO  impl.LeaderElection (LeaderElection.java:logAndReturn(93)) -   Response 0: ce9e4e21-b8b3-47e8-a05b-7ed0cb4ed4d0<-c0cb38e9-ad72-45c7-87a7-238cd12f7624#0:FAIL-t7
2021-08-17 11:50:52,642 [ce9e4e21-b8b3-47e8-a05b-7ed0cb4ed4d0@group-24113E272142-LeaderElection101] INFO  impl.LeaderElection (LogUtils.java:infoOrTrace(137)) -   Exception 1: java.util.concurrent.ExecutionException: org.apache.ratis.thirdparty.io.grpc.StatusRuntimeException: UNAVAILABLE: io exception
2021-08-17 11:50:52,642 [ce9e4e21-b8b3-47e8-a05b-7ed0cb4ed4d0@group-24113E272142-LeaderElection101] INFO  impl.LeaderElection (LeaderElection.java:askForVotes(308)) - ce9e4e21-b8b3-47e8-a05b-7ed0cb4ed4d0@group-24113E272142-LeaderElection101 ELECTION round 0: result REJECTED
2021-08-17 11:50:52,642 [ce9e4e21-b8b3-47e8-a05b-7ed0cb4ed4d0@group-24113E272142-LeaderElection101] INFO  server.RaftServer$Division (RaftServerImpl.java:setRole(285)) - ce9e4e21-b8b3-47e8-a05b-7ed0cb4ed4d0@group-24113E272142: changes role from CANDIDATE to FOLLOWER at term 7 for REJECTED
2021-08-17 11:50:52,642 [ce9e4e21-b8b3-47e8-a05b-7ed0cb4ed4d0@group-24113E272142-LeaderElection101] INFO  impl.RoleInfo (RoleInfo.java:shutdownLeaderElection(121)) - ce9e4e21-b8b3-47e8-a05b-7ed0cb4ed4d0: shutdown ce9e4e21-b8b3-47e8-a05b-7ed0cb4ed4d0@group-24113E272142-LeaderElection101
2021-08-17 11:50:52,642 [ce9e4e21-b8b3-47e8-a05b-7ed0cb4ed4d0@group-24113E272142-LeaderElection101] INFO  impl.RoleInfo (RoleInfo.java:updateAndGet(130)) - ce9e4e21-b8b3-47e8-a05b-7ed0cb4ed4d0: start ce9e4e21-b8b3-47e8-a05b-7ed0cb4ed4d0@group-24113E272142-FollowerState
2021-08-17 11:50:52,862 [Datanode State Machine Thread - 0] INFO  statemachine.DatanodeStateMachine (DatanodeStateMachine.java:lambda$startDaemon$0(457)) - Ozone container server started.
2021-08-17 11:50:53,333 [Datanode State Machine Thread - 0] INFO  statemachine.DatanodeStateMachine (DatanodeStateMachine.java:lambda$startDaemon$0(457)) - Ozone container server started.
2021-08-17 11:50:54,488 [grpc-default-executor-9] WARN  server.GrpcLogAppender (LogUtils.java:warn(122)) - e2fcfc86-2f0c-4267-bafe-682e5fd2fca7@group-6F6174E45E92->0bf441c2-8cd8-4ced-8476-22eca18377b1-AppendLogResponseHandler: Failed appendEntries: org.apache.ratis.thirdparty.io.grpc.StatusRuntimeException: UNAVAILABLE: io exception
2021-08-17 11:50:54,489 [grpc-default-executor-9] WARN  server.GrpcLogAppender (GrpcLogAppender.java:resetClient(111)) - e2fcfc86-2f0c-4267-bafe-682e5fd2fca7@group-6F6174E45E92->0bf441c2-8cd8-4ced-8476-22eca18377b1-GrpcLogAppender: Leader has not got in touch with Follower e2fcfc86-2f0c-4267-bafe-682e5fd2fca7@group-6F6174E45E92->0bf441c2-8cd8-4ced-8476-22eca18377b1(c0,m0,n1, attendVote=true, lastRpcSendTime=2505, lastRpcResponseTime=7544) yet, just keep nextIndex unchanged and retry.
2021-08-17 11:50:57,077 [grpc-default-executor-9] WARN  server.GrpcLogAppender (LogUtils.java:warn(122)) - e2fcfc86-2f0c-4267-bafe-682e5fd2fca7@group-6F6174E45E92->0bf441c2-8cd8-4ced-8476-22eca18377b1-AppendLogResponseHandler: Failed appendEntries: org.apache.ratis.thirdparty.io.grpc.StatusRuntimeException: UNAVAILABLE: io exception
2021-08-17 11:50:57,078 [grpc-default-executor-9] WARN  server.GrpcLogAppender (GrpcLogAppender.java:resetClient(111)) - e2fcfc86-2f0c-4267-bafe-682e5fd2fca7@group-6F6174E45E92->0bf441c2-8cd8-4ced-8476-22eca18377b1-GrpcLogAppender: Leader has not got in touch with Follower e2fcfc86-2f0c-4267-bafe-682e5fd2fca7@group-6F6174E45E92->0bf441c2-8cd8-4ced-8476-22eca18377b1(c0,m0,n1, attendVote=true, lastRpcSendTime=82, lastRpcResponseTime=10133) yet, just keep nextIndex unchanged and retry.
2021-08-17 11:50:57,545 [ForkJoinPool.commonPool-worker-1] INFO  ozoneimpl.OzoneContainer (OzoneContainer.java:stop(326)) - Attempting to stop container services.
2021-08-17 11:50:57,549 [ForkJoinPool.commonPool-worker-1] INFO  server.RaftServer (RaftServerProxy.java:lambda$close$6(391)) - c0cb38e9-ad72-45c7-87a7-238cd12f7624: close
2021-08-17 11:50:57,549 [ForkJoinPool.commonPool-worker-1] INFO  server.RaftServer$Division (RaftServerImpl.java:lambda$close$4(407)) - c0cb38e9-ad72-45c7-87a7-238cd12f7624@group-24113E272142: shutdown
2021-08-17 11:50:57,549 [ForkJoinPool.commonPool-worker-1] INFO  util.JmxRegister (JmxRegister.java:unregister(73)) - Successfully un-registered JMX Bean with object name Ratis:service=RaftServer,group=group-24113E272142,id=c0cb38e9-ad72-45c7-87a7-238cd12f7624
2021-08-17 11:50:57,549 [ForkJoinPool.commonPool-worker-1] INFO  impl.RoleInfo (RoleInfo.java:shutdownFollowerState(108)) - c0cb38e9-ad72-45c7-87a7-238cd12f7624: shutdown c0cb38e9-ad72-45c7-87a7-238cd12f7624@group-24113E272142-FollowerState
2021-08-17 11:50:57,549 [ForkJoinPool.commonPool-worker-1] INFO  impl.StateMachineUpdater (StateMachineUpdater.java:stopAndJoin(149)) - c0cb38e9-ad72-45c7-87a7-238cd12f7624@group-24113E272142-StateMachineUpdater: set stopIndex = -1
2021-08-17 11:50:57,550 [ForkJoinPool.commonPool-worker-1] INFO  server.RaftServer$Division (ServerState.java:close(419)) - c0cb38e9-ad72-45c7-87a7-238cd12f7624@group-24113E272142: closes. applyIndex: -1
2021-08-17 11:50:57,550 [c0cb38e9-ad72-45c7-87a7-238cd12f7624@group-24113E272142-SegmentedRaftLogWorker] INFO  segmented.SegmentedRaftLogWorker (SegmentedRaftLogWorker.java:run(327)) - c0cb38e9-ad72-45c7-87a7-238cd12f7624@group-24113E272142-SegmentedRaftLogWorker was interrupted, exiting. There are 0 tasks remaining in the queue.
2021-08-17 11:50:57,550 [ForkJoinPool.commonPool-worker-1] INFO  segmented.SegmentedRaftLogWorker (SegmentedRaftLogWorker.java:close(237)) - c0cb38e9-ad72-45c7-87a7-238cd12f7624@group-24113E272142-SegmentedRaftLogWorker close()
2021-08-17 11:50:57,551 [c0cb38e9-ad72-45c7-87a7-238cd12f7624@group-24113E272142-FollowerState] INFO  impl.FollowerState (FollowerState.java:run(143)) - c0cb38e9-ad72-45c7-87a7-238cd12f7624@group-24113E272142-FollowerState was interrupted: {}
java.lang.InterruptedException: sleep interrupted
	at java.lang.Thread.sleep(Native Method)
	at java.lang.Thread.sleep(Thread.java:340)
	at java.util.concurrent.TimeUnit.sleep(TimeUnit.java:386)
	at org.apache.ratis.util.TimeDuration.sleep(TimeDuration.java:324)
	at org.apache.ratis.util.TimeDuration.sleep(TimeDuration.java:309)
	at org.apache.ratis.server.impl.FollowerState.run(FollowerState.java:118)
2021-08-17 11:50:57,553 [ForkJoinPool.commonPool-worker-1] INFO  server.RaftServer$Division (RaftServerImpl.java:lambda$close$4(407)) - c0cb38e9-ad72-45c7-87a7-238cd12f7624@group-CBB5281FFC6F: shutdown
2021-08-17 11:50:57,553 [ForkJoinPool.commonPool-worker-1] INFO  util.JmxRegister (JmxRegister.java:unregister(73)) - Successfully un-registered JMX Bean with object name Ratis:service=RaftServer,group=group-CBB5281FFC6F,id=c0cb38e9-ad72-45c7-87a7-238cd12f7624
2021-08-17 11:50:57,553 [ForkJoinPool.commonPool-worker-1] INFO  impl.RoleInfo (RoleInfo.java:shutdownLeaderState(91)) - c0cb38e9-ad72-45c7-87a7-238cd12f7624: shutdown c0cb38e9-ad72-45c7-87a7-238cd12f7624@group-CBB5281FFC6F-LeaderStateImpl
2021-08-17 11:50:57,553 [ForkJoinPool.commonPool-worker-1] INFO  impl.PendingRequests (PendingRequests.java:sendNotLeaderResponses(282)) - c0cb38e9-ad72-45c7-87a7-238cd12f7624@group-CBB5281FFC6F-PendingRequests: sendNotLeaderResponses
2021-08-17 11:50:57,554 [ForkJoinPool.commonPool-worker-1] INFO  impl.StateMachineUpdater (StateMachineUpdater.java:stopAndJoin(149)) - c0cb38e9-ad72-45c7-87a7-238cd12f7624@group-CBB5281FFC6F-StateMachineUpdater: set stopIndex = 0
2021-08-17 11:50:57,554 [c0cb38e9-ad72-45c7-87a7-238cd12f7624@group-CBB5281FFC6F-StateMachineUpdater] INFO  ratis.ContainerStateMachine (ContainerStateMachine.java:takeSnapshot(293)) - group-CBB5281FFC6F: Taking a snapshot at:(t:1, i:0) file /home/runner/work/ozone/ozone/hadoop-ozone/integration-test/target/test-dir/MiniOzoneClusterImpl-a1e163cb-5647-48ea-b1dc-b51dce44f61a/datanode-3/data/ratis/b46231f7-c763-4fe7-b17b-cbb5281ffc6f/sm/snapshot.1_0
2021-08-17 11:50:57,556 [c0cb38e9-ad72-45c7-87a7-238cd12f7624@group-CBB5281FFC6F-StateMachineUpdater] INFO  ratis.ContainerStateMachine (ContainerStateMachine.java:takeSnapshot(304)) - group-CBB5281FFC6F: Finished taking a snapshot at:(t:1, i:0) file:/home/runner/work/ozone/ozone/hadoop-ozone/integration-test/target/test-dir/MiniOzoneClusterImpl-a1e163cb-5647-48ea-b1dc-b51dce44f61a/datanode-3/data/ratis/b46231f7-c763-4fe7-b17b-cbb5281ffc6f/sm/snapshot.1_0 took: 1 ms
2021-08-17 11:50:57,556 [c0cb38e9-ad72-45c7-87a7-238cd12f7624@group-CBB5281FFC6F-StateMachineUpdater] INFO  impl.StateMachineUpdater (StateMachineUpdater.java:takeSnapshot(281)) - c0cb38e9-ad72-45c7-87a7-238cd12f7624@group-CBB5281FFC6F-StateMachineUpdater: Took a snapshot at index 0
2021-08-17 11:50:57,556 [c0cb38e9-ad72-45c7-87a7-238cd12f7624@group-CBB5281FFC6F-StateMachineUpdater] INFO  impl.StateMachineUpdater (StateMachineUpdater.java:lambda$new$0(89)) - c0cb38e9-ad72-45c7-87a7-238cd12f7624@group-CBB5281FFC6F-StateMachineUpdater: snapshotIndex: updateIncreasingly -1 -> 0
2021-08-17 11:50:57,556 [ForkJoinPool.commonPool-worker-1] INFO  server.RaftServer$Division (ServerState.java:close(419)) - c0cb38e9-ad72-45c7-87a7-238cd12f7624@group-CBB5281FFC6F: closes. applyIndex: 0
2021-08-17 11:50:57,556 [c0cb38e9-ad72-45c7-87a7-238cd12f7624@group-CBB5281FFC6F-SegmentedRaftLogWorker] INFO  segmented.SegmentedRaftLogWorker (SegmentedRaftLogWorker.java:run(327)) - c0cb38e9-ad72-45c7-87a7-238cd12f7624@group-CBB5281FFC6F-SegmentedRaftLogWorker was interrupted, exiting. There are 0 tasks remaining in the queue.
2021-08-17 11:50:57,558 [ForkJoinPool.commonPool-worker-1] INFO  segmented.SegmentedRaftLogWorker (SegmentedRaftLogWorker.java:close(237)) - c0cb38e9-ad72-45c7-87a7-238cd12f7624@group-CBB5281FFC6F-SegmentedRaftLogWorker close()
2021-08-17 11:50:57,559 [ForkJoinPool.commonPool-worker-1] INFO  server.GrpcService (GrpcService.java:closeImpl(262)) - c0cb38e9-ad72-45c7-87a7-238cd12f7624: shutdown server with port 45031 now
2021-08-17 11:50:57,572 [grpc-default-executor-1] WARN  client.GrpcClientProtocolService (LogUtils.java:warn(122)) - 1-OrderedRequestStreamObserver1: onError: org.apache.ratis.thirdparty.io.grpc.StatusRuntimeException: CANCELLED: client cancelled
2021-08-17 11:50:57,660 [ForkJoinPool.commonPool-worker-1] INFO  server.GrpcService (GrpcService.java:closeImpl(271)) - c0cb38e9-ad72-45c7-87a7-238cd12f7624: shutdown server with port 45031 successfully
2021-08-17 11:50:57,662 [org.apache.ratis.util.JvmPauseMonitor$$Lambda$531/89905617@5c3a9c45] INFO  util.JvmPauseMonitor (JvmPauseMonitor.java:run(109)) - JvmPauseMonitor-c0cb38e9-ad72-45c7-87a7-238cd12f7624: Stopped
2021-08-17 11:50:57,685 [Listener at 127.0.0.1/40861] INFO  ozoneimpl.OzoneContainer (OzoneContainer.java:stop(326)) - Attempting to stop container services.
2021-08-17 11:50:57,689 [Listener at 127.0.0.1/40861] INFO  server.RaftServer (RaftServerProxy.java:lambda$close$6(391)) - ce9e4e21-b8b3-47e8-a05b-7ed0cb4ed4d0: close
2021-08-17 11:50:57,689 [Listener at 127.0.0.1/40861] INFO  server.RaftServer$Division (RaftServerImpl.java:lambda$close$4(407)) - ce9e4e21-b8b3-47e8-a05b-7ed0cb4ed4d0@group-2A0B1B25C762: shutdown
2021-08-17 11:50:57,689 [Listener at 127.0.0.1/40861] INFO  util.JmxRegister (JmxRegister.java:unregister(73)) - Successfully un-registered JMX Bean with object name Ratis:service=RaftServer,group=group-2A0B1B25C762,id=ce9e4e21-b8b3-47e8-a05b-7ed0cb4ed4d0
2021-08-17 11:50:57,689 [Listener at 127.0.0.1/40861] INFO  impl.RoleInfo (RoleInfo.java:shutdownLeaderState(91)) - ce9e4e21-b8b3-47e8-a05b-7ed0cb4ed4d0: shutdown ce9e4e21-b8b3-47e8-a05b-7ed0cb4ed4d0@group-2A0B1B25C762-LeaderStateImpl
2021-08-17 11:50:57,690 [Listener at 127.0.0.1/40861] INFO  impl.PendingRequests (PendingRequests.java:sendNotLeaderResponses(282)) - ce9e4e21-b8b3-47e8-a05b-7ed0cb4ed4d0@group-2A0B1B25C762-PendingRequests: sendNotLeaderResponses
2021-08-17 11:50:57,691 [ce9e4e21-b8b3-47e8-a05b-7ed0cb4ed4d0@group-2A0B1B25C762-StateMachineUpdater] INFO  ratis.ContainerStateMachine (ContainerStateMachine.java:takeSnapshot(293)) - group-2A0B1B25C762: Taking a snapshot at:(t:1, i:0) file /home/runner/work/ozone/ozone/hadoop-ozone/integration-test/target/test-dir/MiniOzoneClusterImpl-a1e163cb-5647-48ea-b1dc-b51dce44f61a/datanode-5/data/ratis/ee2a429d-325a-44a0-81a4-2a0b1b25c762/sm/snapshot.1_0
2021-08-17 11:50:57,691 [Listener at 127.0.0.1/40861] INFO  impl.StateMachineUpdater (StateMachineUpdater.java:stopAndJoin(149)) - ce9e4e21-b8b3-47e8-a05b-7ed0cb4ed4d0@group-2A0B1B25C762-StateMachineUpdater: set stopIndex = 0
2021-08-17 11:50:57,692 [ce9e4e21-b8b3-47e8-a05b-7ed0cb4ed4d0@group-2A0B1B25C762-StateMachineUpdater] INFO  ratis.ContainerStateMachine (ContainerStateMachine.java:takeSnapshot(304)) - group-2A0B1B25C762: Finished taking a snapshot at:(t:1, i:0) file:/home/runner/work/ozone/ozone/hadoop-ozone/integration-test/target/test-dir/MiniOzoneClusterImpl-a1e163cb-5647-48ea-b1dc-b51dce44f61a/datanode-5/data/ratis/ee2a429d-325a-44a0-81a4-2a0b1b25c762/sm/snapshot.1_0 took: 1 ms
2021-08-17 11:50:57,692 [ce9e4e21-b8b3-47e8-a05b-7ed0cb4ed4d0@group-2A0B1B25C762-StateMachineUpdater] INFO  impl.StateMachineUpdater (StateMachineUpdater.java:takeSnapshot(281)) - ce9e4e21-b8b3-47e8-a05b-7ed0cb4ed4d0@group-2A0B1B25C762-StateMachineUpdater: Took a snapshot at index 0
2021-08-17 11:50:57,692 [ce9e4e21-b8b3-47e8-a05b-7ed0cb4ed4d0@group-2A0B1B25C762-StateMachineUpdater] INFO  impl.StateMachineUpdater (StateMachineUpdater.java:lambda$new$0(89)) - ce9e4e21-b8b3-47e8-a05b-7ed0cb4ed4d0@group-2A0B1B25C762-StateMachineUpdater: snapshotIndex: updateIncreasingly -1 -> 0
2021-08-17 11:50:57,693 [Listener at 127.0.0.1/40861] INFO  server.RaftServer$Division (ServerState.java:close(419)) - ce9e4e21-b8b3-47e8-a05b-7ed0cb4ed4d0@group-2A0B1B25C762: closes. applyIndex: 0
2021-08-17 11:50:57,693 [ce9e4e21-b8b3-47e8-a05b-7ed0cb4ed4d0@group-2A0B1B25C762-SegmentedRaftLogWorker] INFO  segmented.SegmentedRaftLogWorker (SegmentedRaftLogWorker.java:run(327)) - ce9e4e21-b8b3-47e8-a05b-7ed0cb4ed4d0@group-2A0B1B25C762-SegmentedRaftLogWorker was interrupted, exiting. There are 0 tasks remaining in the queue.
2021-08-17 11:50:57,696 [ForkJoinPool.commonPool-worker-1] INFO  utils.BackgroundService (BackgroundService.java:shutdown(132)) - Shutting down service BlockDeletingService
2021-08-17 11:50:57,696 [Listener at 127.0.0.1/40861] INFO  segmented.SegmentedRaftLogWorker (SegmentedRaftLogWorker.java:close(237)) - ce9e4e21-b8b3-47e8-a05b-7ed0cb4ed4d0@group-2A0B1B25C762-SegmentedRaftLogWorker close()
2021-08-17 11:50:57,710 [Listener at 127.0.0.1/40861] INFO  server.RaftServer$Division (RaftServerImpl.java:lambda$close$4(407)) - ce9e4e21-b8b3-47e8-a05b-7ed0cb4ed4d0@group-24113E272142: shutdown
2021-08-17 11:50:57,710 [Listener at 127.0.0.1/40861] INFO  util.JmxRegister (JmxRegister.java:unregister(73)) - Successfully un-registered JMX Bean with object name Ratis:service=RaftServer,group=group-24113E272142,id=ce9e4e21-b8b3-47e8-a05b-7ed0cb4ed4d0
2021-08-17 11:50:57,710 [Listener at 127.0.0.1/40861] INFO  impl.RoleInfo (RoleInfo.java:shutdownFollowerState(108)) - ce9e4e21-b8b3-47e8-a05b-7ed0cb4ed4d0: shutdown ce9e4e21-b8b3-47e8-a05b-7ed0cb4ed4d0@group-24113E272142-FollowerState
2021-08-17 11:50:57,711 [Listener at 127.0.0.1/40861] INFO  impl.StateMachineUpdater (StateMachineUpdater.java:stopAndJoin(149)) - ce9e4e21-b8b3-47e8-a05b-7ed0cb4ed4d0@group-24113E272142-StateMachineUpdater: set stopIndex = -1
2021-08-17 11:50:57,711 [ce9e4e21-b8b3-47e8-a05b-7ed0cb4ed4d0@group-24113E272142-FollowerState] INFO  impl.FollowerState (FollowerState.java:run(143)) - ce9e4e21-b8b3-47e8-a05b-7ed0cb4ed4d0@group-24113E272142-FollowerState was interrupted: {}
java.lang.InterruptedException: sleep interrupted
	at java.lang.Thread.sleep(Native Method)
	at java.lang.Thread.sleep(Thread.java:340)
	at java.util.concurrent.TimeUnit.sleep(TimeUnit.java:386)
	at org.apache.ratis.util.TimeDuration.sleep(TimeDuration.java:324)
	at org.apache.ratis.util.TimeDuration.sleep(TimeDuration.java:309)
	at org.apache.ratis.server.impl.FollowerState.run(FollowerState.java:118)
2021-08-17 11:50:57,711 [Listener at 127.0.0.1/40861] INFO  server.RaftServer$Division (ServerState.java:close(419)) - ce9e4e21-b8b3-47e8-a05b-7ed0cb4ed4d0@group-24113E272142: closes. applyIndex: -1
2021-08-17 11:50:57,766 [ce9e4e21-b8b3-47e8-a05b-7ed0cb4ed4d0@group-24113E272142-SegmentedRaftLogWorker] INFO  segmented.SegmentedRaftLogWorker (SegmentedRaftLogWorker.java:run(327)) - ce9e4e21-b8b3-47e8-a05b-7ed0cb4ed4d0@group-24113E272142-SegmentedRaftLogWorker was interrupted, exiting. There are 0 tasks remaining in the queue.
2021-08-17 11:50:57,769 [Listener at 127.0.0.1/40861] INFO  segmented.SegmentedRaftLogWorker (SegmentedRaftLogWorker.java:close(237)) - ce9e4e21-b8b3-47e8-a05b-7ed0cb4ed4d0@group-24113E272142-SegmentedRaftLogWorker close()
2021-08-17 11:50:57,771 [Listener at 127.0.0.1/40861] INFO  server.GrpcService (GrpcService.java:closeImpl(262)) - ce9e4e21-b8b3-47e8-a05b-7ed0cb4ed4d0: shutdown server with port 42995 now
2021-08-17 11:50:57,814 [Listener at 127.0.0.1/40861] INFO  server.GrpcService (GrpcService.java:closeImpl(271)) - ce9e4e21-b8b3-47e8-a05b-7ed0cb4ed4d0: shutdown server with port 42995 successfully
2021-08-17 11:50:57,814 [org.apache.ratis.util.JvmPauseMonitor$$Lambda$531/89905617@2229abca] INFO  util.JvmPauseMonitor (JvmPauseMonitor.java:run(109)) - JvmPauseMonitor-ce9e4e21-b8b3-47e8-a05b-7ed0cb4ed4d0: Stopped
2021-08-17 11:50:57,818 [Listener at 127.0.0.1/40861] INFO  utils.BackgroundService (BackgroundService.java:shutdown(132)) - Shutting down service BlockDeletingService
2021-08-17 11:50:59,504 [grpc-default-executor-1] WARN  server.GrpcLogAppender (LogUtils.java:warn(122)) - e2fcfc86-2f0c-4267-bafe-682e5fd2fca7@group-6F6174E45E92->0bf441c2-8cd8-4ced-8476-22eca18377b1-AppendLogResponseHandler: Failed appendEntries: org.apache.ratis.thirdparty.io.grpc.StatusRuntimeException: UNAVAILABLE: io exception
2021-08-17 11:50:59,505 [grpc-default-executor-1] WARN  server.GrpcLogAppender (GrpcLogAppender.java:resetClient(111)) - e2fcfc86-2f0c-4267-bafe-682e5fd2fca7@group-6F6174E45E92->0bf441c2-8cd8-4ced-8476-22eca18377b1-GrpcLogAppender: Leader has not got in touch with Follower e2fcfc86-2f0c-4267-bafe-682e5fd2fca7@group-6F6174E45E92->0bf441c2-8cd8-4ced-8476-22eca18377b1(c0,m0,n1, attendVote=true, lastRpcSendTime=0, lastRpcResponseTime=12560) yet, just keep nextIndex unchanged and retry.
2021-08-17 11:51:00,736 [ForkJoinPool.commonPool-worker-1] INFO  statemachine.DatanodeStateMachine (DatanodeStateMachine.java:stopDaemon(515)) - Ozone container server stopped.
2021-08-17 11:51:00,745 [ForkJoinPool.commonPool-worker-1] INFO  handler.ContextHandler (ContextHandler.java:doStop(1153)) - Stopped o.e.j.w.WebAppContext@3ddeaf41{hddsDatanode,/,null,STOPPED}{jar:file:/home/runner/.m2/repository/org/apache/ozone/hdds-container-service/1.2.0-SNAPSHOT/hdds-container-service-1.2.0-SNAPSHOT.jar!/webapps/hddsDatanode}
2021-08-17 11:51:00,756 [ForkJoinPool.commonPool-worker-1] INFO  server.AbstractConnector (AbstractConnector.java:doStop(381)) - Stopped ServerConnector@3ca91e4f{HTTP/1.1, (http/1.1)}{0.0.0.0:0}
2021-08-17 11:51:00,756 [ForkJoinPool.commonPool-worker-1] INFO  server.session (HouseKeeper.java:stopScavenging(149)) - node0 Stopped scavenging
2021-08-17 11:51:00,803 [ForkJoinPool.commonPool-worker-1] INFO  handler.ContextHandler (ContextHandler.java:doStop(1153)) - Stopped o.e.j.s.ServletContextHandler@1a1e8045{static,/static,jar:file:/home/runner/.m2/repository/org/apache/ozone/hdds-container-service/1.2.0-SNAPSHOT/hdds-container-service-1.2.0-SNAPSHOT.jar!/webapps/static,STOPPED}
2021-08-17 11:51:00,805 [ForkJoinPool.commonPool-worker-1] INFO  handler.ContextHandler (ContextHandler.java:doStop(1153)) - Stopped o.e.j.s.ServletContextHandler@4328f175{logs,/logs,file:///home/runner/work/ozone/ozone/hadoop-ozone/integration-test/target/log,STOPPED}
2021-08-17 11:51:00,865 [Listener at 127.0.0.1/40861] INFO  statemachine.DatanodeStateMachine (DatanodeStateMachine.java:stopDaemon(515)) - Ozone container server stopped.
2021-08-17 11:51:00,866 [Listener at 127.0.0.1/40861] INFO  handler.ContextHandler (ContextHandler.java:doStop(1153)) - Stopped o.e.j.w.WebAppContext@3cf8fc1c{hddsDatanode,/,null,STOPPED}{jar:file:/home/runner/.m2/repository/org/apache/ozone/hdds-container-service/1.2.0-SNAPSHOT/hdds-container-service-1.2.0-SNAPSHOT.jar!/webapps/hddsDatanode}
2021-08-17 11:51:00,867 [Listener at 127.0.0.1/40861] INFO  server.AbstractConnector (AbstractConnector.java:doStop(381)) - Stopped ServerConnector@113ebc60{HTTP/1.1, (http/1.1)}{0.0.0.0:0}
2021-08-17 11:51:00,867 [Listener at 127.0.0.1/40861] INFO  server.session (HouseKeeper.java:stopScavenging(149)) - node0 Stopped scavenging
2021-08-17 11:51:00,867 [Listener at 127.0.0.1/40861] INFO  handler.ContextHandler (ContextHandler.java:doStop(1153)) - Stopped o.e.j.s.ServletContextHandler@38922fa1{static,/static,jar:file:/home/runner/.m2/repository/org/apache/ozone/hdds-container-service/1.2.0-SNAPSHOT/hdds-container-service-1.2.0-SNAPSHOT.jar!/webapps/static,STOPPED}
2021-08-17 11:51:00,867 [Listener at 127.0.0.1/40861] INFO  handler.ContextHandler (ContextHandler.java:doStop(1153)) - Stopped o.e.j.s.ServletContextHandler@6d200ba9{logs,/logs,file:///home/runner/work/ozone/ozone/hadoop-ozone/integration-test/target/log,STOPPED}
2021-08-17 11:51:00,926 [Datanode State Machine Thread - 0] INFO  statemachine.DatanodeStateMachine (DatanodeStateMachine.java:lambda$startDaemon$0(457)) - Ozone container server started.
2021-08-17 11:51:01,401 [Datanode State Machine Thread - 0] INFO  statemachine.DatanodeStateMachine (DatanodeStateMachine.java:lambda$startDaemon$0(457)) - Ozone container server started.
2021-08-17 11:51:02,039 [grpc-default-executor-1] WARN  server.GrpcLogAppender (LogUtils.java:warn(122)) - e2fcfc86-2f0c-4267-bafe-682e5fd2fca7@group-6F6174E45E92->0bf441c2-8cd8-4ced-8476-22eca18377b1-AppendLogResponseHandler: Failed appendEntries: org.apache.ratis.thirdparty.io.grpc.StatusRuntimeException: UNAVAILABLE: io exception
2021-08-17 11:51:02,040 [grpc-default-executor-1] WARN  server.GrpcLogAppender (GrpcLogAppender.java:resetClient(111)) - e2fcfc86-2f0c-4267-bafe-682e5fd2fca7@group-6F6174E45E92->0bf441c2-8cd8-4ced-8476-22eca18377b1-GrpcLogAppender: Leader has not got in touch with Follower e2fcfc86-2f0c-4267-bafe-682e5fd2fca7@group-6F6174E45E92->0bf441c2-8cd8-4ced-8476-22eca18377b1(c0,m0,n1, attendVote=true, lastRpcSendTime=2535, lastRpcResponseTime=15094) yet, just keep nextIndex unchanged and retry.
2021-08-17 11:51:04,557 [grpc-default-executor-1] WARN  server.GrpcLogAppender (LogUtils.java:warn(122)) - e2fcfc86-2f0c-4267-bafe-682e5fd2fca7@group-6F6174E45E92->0bf441c2-8cd8-4ced-8476-22eca18377b1-AppendLogResponseHandler: Failed appendEntries: org.apache.ratis.thirdparty.io.grpc.StatusRuntimeException: UNAVAILABLE: io exception
2021-08-17 11:51:04,558 [grpc-default-executor-1] WARN  server.GrpcLogAppender (GrpcLogAppender.java:resetClient(111)) - e2fcfc86-2f0c-4267-bafe-682e5fd2fca7@group-6F6174E45E92->0bf441c2-8cd8-4ced-8476-22eca18377b1-GrpcLogAppender: Leader has not got in touch with Follower e2fcfc86-2f0c-4267-bafe-682e5fd2fca7@group-6F6174E45E92->0bf441c2-8cd8-4ced-8476-22eca18377b1(c0,m0,n1, attendVote=true, lastRpcSendTime=0, lastRpcResponseTime=17613) yet, just keep nextIndex unchanged and retry.
2021-08-17 11:51:05,845 [ForkJoinPool.commonPool-worker-1] INFO  ozoneimpl.OzoneContainer (OzoneContainer.java:stop(326)) - Attempting to stop container services.
2021-08-17 11:51:05,849 [ForkJoinPool.commonPool-worker-1] INFO  server.RaftServer (RaftServerProxy.java:lambda$close$6(391)) - 2424882f-c429-4c69-9245-ccac92145c6c: close
2021-08-17 11:51:05,849 [ForkJoinPool.commonPool-worker-1] INFO  server.RaftServer$Division (RaftServerImpl.java:lambda$close$4(407)) - 2424882f-c429-4c69-9245-ccac92145c6c@group-2D76B840BCE6: shutdown
2021-08-17 11:51:05,849 [ForkJoinPool.commonPool-worker-1] INFO  util.JmxRegister (JmxRegister.java:unregister(73)) - Successfully un-registered JMX Bean with object name Ratis:service=RaftServer,group=group-2D76B840BCE6,id=2424882f-c429-4c69-9245-ccac92145c6c
2021-08-17 11:51:05,849 [ForkJoinPool.commonPool-worker-1] INFO  impl.RoleInfo (RoleInfo.java:shutdownLeaderState(91)) - 2424882f-c429-4c69-9245-ccac92145c6c: shutdown 2424882f-c429-4c69-9245-ccac92145c6c@group-2D76B840BCE6-LeaderStateImpl
2021-08-17 11:51:05,850 [ForkJoinPool.commonPool-worker-1] INFO  impl.PendingRequests (PendingRequests.java:sendNotLeaderResponses(282)) - 2424882f-c429-4c69-9245-ccac92145c6c@group-2D76B840BCE6-PendingRequests: sendNotLeaderResponses
2021-08-17 11:51:05,850 [ForkJoinPool.commonPool-worker-1] INFO  impl.StateMachineUpdater (StateMachineUpdater.java:stopAndJoin(149)) - 2424882f-c429-4c69-9245-ccac92145c6c@group-2D76B840BCE6-StateMachineUpdater: set stopIndex = 0
2021-08-17 11:51:05,851 [2424882f-c429-4c69-9245-ccac92145c6c@group-2D76B840BCE6-StateMachineUpdater] INFO  ratis.ContainerStateMachine (ContainerStateMachine.java:takeSnapshot(293)) - group-2D76B840BCE6: Taking a snapshot at:(t:1, i:0) file /home/runner/work/ozone/ozone/hadoop-ozone/integration-test/target/test-dir/MiniOzoneClusterImpl-a1e163cb-5647-48ea-b1dc-b51dce44f61a/datanode-0/data/ratis/e324f8df-0123-4e05-8025-2d76b840bce6/sm/snapshot.1_0
2021-08-17 11:51:05,853 [2424882f-c429-4c69-9245-ccac92145c6c@group-2D76B840BCE6-StateMachineUpdater] INFO  ratis.ContainerStateMachine (ContainerStateMachine.java:takeSnapshot(304)) - group-2D76B840BCE6: Finished taking a snapshot at:(t:1, i:0) file:/home/runner/work/ozone/ozone/hadoop-ozone/integration-test/target/test-dir/MiniOzoneClusterImpl-a1e163cb-5647-48ea-b1dc-b51dce44f61a/datanode-0/data/ratis/e324f8df-0123-4e05-8025-2d76b840bce6/sm/snapshot.1_0 took: 2 ms
2021-08-17 11:51:05,853 [2424882f-c429-4c69-9245-ccac92145c6c@group-2D76B840BCE6-StateMachineUpdater] INFO  impl.StateMachineUpdater (StateMachineUpdater.java:takeSnapshot(281)) - 2424882f-c429-4c69-9245-ccac92145c6c@group-2D76B840BCE6-StateMachineUpdater: Took a snapshot at index 0
2021-08-17 11:51:05,853 [2424882f-c429-4c69-9245-ccac92145c6c@group-2D76B840BCE6-StateMachineUpdater] INFO  impl.StateMachineUpdater (StateMachineUpdater.java:lambda$new$0(89)) - 2424882f-c429-4c69-9245-ccac92145c6c@group-2D76B840BCE6-StateMachineUpdater: snapshotIndex: updateIncreasingly -1 -> 0
2021-08-17 11:51:05,853 [ForkJoinPool.commonPool-worker-1] INFO  server.RaftServer$Division (ServerState.java:close(419)) - 2424882f-c429-4c69-9245-ccac92145c6c@group-2D76B840BCE6: closes. applyIndex: 0
2021-08-17 11:51:05,853 [2424882f-c429-4c69-9245-ccac92145c6c@group-2D76B840BCE6-SegmentedRaftLogWorker] INFO  segmented.SegmentedRaftLogWorker (SegmentedRaftLogWorker.java:run(327)) - 2424882f-c429-4c69-9245-ccac92145c6c@group-2D76B840BCE6-SegmentedRaftLogWorker was interrupted, exiting. There are 0 tasks remaining in the queue.
2021-08-17 11:51:05,865 [ForkJoinPool.commonPool-worker-1] INFO  segmented.SegmentedRaftLogWorker (SegmentedRaftLogWorker.java:close(237)) - 2424882f-c429-4c69-9245-ccac92145c6c@group-2D76B840BCE6-SegmentedRaftLogWorker close()
2021-08-17 11:51:05,873 [Listener at 127.0.0.1/40861] INFO  ozoneimpl.OzoneContainer (OzoneContainer.java:stop(326)) - Attempting to stop container services.
2021-08-17 11:51:05,877 [Listener at 127.0.0.1/40861] INFO  server.RaftServer (RaftServerProxy.java:lambda$close$6(391)) - b04f16c0-2a60-4c52-b6a0-e9a8376fd099: close
2021-08-17 11:51:05,877 [Listener at 127.0.0.1/40861] INFO  server.RaftServer$Division (RaftServerImpl.java:lambda$close$4(407)) - b04f16c0-2a60-4c52-b6a0-e9a8376fd099@group-DC37525C1773: shutdown
2021-08-17 11:51:05,877 [Listener at 127.0.0.1/40861] INFO  util.JmxRegister (JmxRegister.java:unregister(73)) - Successfully un-registered JMX Bean with object name Ratis:service=RaftServer,group=group-DC37525C1773,id=b04f16c0-2a60-4c52-b6a0-e9a8376fd099
2021-08-17 11:51:05,877 [Listener at 127.0.0.1/40861] INFO  impl.RoleInfo (RoleInfo.java:shutdownFollowerState(108)) - b04f16c0-2a60-4c52-b6a0-e9a8376fd099: shutdown b04f16c0-2a60-4c52-b6a0-e9a8376fd099@group-DC37525C1773-FollowerState
2021-08-17 11:51:05,878 [Listener at 127.0.0.1/40861] INFO  impl.StateMachineUpdater (StateMachineUpdater.java:stopAndJoin(149)) - b04f16c0-2a60-4c52-b6a0-e9a8376fd099@group-DC37525C1773-StateMachineUpdater: set stopIndex = 0
2021-08-17 11:51:05,878 [b04f16c0-2a60-4c52-b6a0-e9a8376fd099@group-DC37525C1773-FollowerState] INFO  impl.FollowerState (FollowerState.java:run(143)) - b04f16c0-2a60-4c52-b6a0-e9a8376fd099@group-DC37525C1773-FollowerState was interrupted: {}
java.lang.InterruptedException: sleep interrupted
	at java.lang.Thread.sleep(Native Method)
	at java.lang.Thread.sleep(Thread.java:340)
	at java.util.concurrent.TimeUnit.sleep(TimeUnit.java:386)
	at org.apache.ratis.util.TimeDuration.sleep(TimeDuration.java:324)
	at org.apache.ratis.util.TimeDuration.sleep(TimeDuration.java:309)
	at org.apache.ratis.server.impl.FollowerState.run(FollowerState.java:118)
2021-08-17 11:51:05,879 [b04f16c0-2a60-4c52-b6a0-e9a8376fd099@group-DC37525C1773-StateMachineUpdater] INFO  ratis.ContainerStateMachine (ContainerStateMachine.java:takeSnapshot(293)) - group-DC37525C1773: Taking a snapshot at:(t:4, i:0) file /home/runner/work/ozone/ozone/hadoop-ozone/integration-test/target/test-dir/MiniOzoneClusterImpl-a1e163cb-5647-48ea-b1dc-b51dce44f61a/datanode-7/data/ratis/8fd58685-d2a7-4c14-9592-dc37525c1773/sm/snapshot.4_0
2021-08-17 11:51:05,879 [b04f16c0-2a60-4c52-b6a0-e9a8376fd099@group-DC37525C1773-StateMachineUpdater] INFO  ratis.ContainerStateMachine (ContainerStateMachine.java:takeSnapshot(304)) - group-DC37525C1773: Finished taking a snapshot at:(t:4, i:0) file:/home/runner/work/ozone/ozone/hadoop-ozone/integration-test/target/test-dir/MiniOzoneClusterImpl-a1e163cb-5647-48ea-b1dc-b51dce44f61a/datanode-7/data/ratis/8fd58685-d2a7-4c14-9592-dc37525c1773/sm/snapshot.4_0 took: 1 ms
2021-08-17 11:51:05,880 [b04f16c0-2a60-4c52-b6a0-e9a8376fd099@group-DC37525C1773-StateMachineUpdater] INFO  impl.StateMachineUpdater (StateMachineUpdater.java:takeSnapshot(281)) - b04f16c0-2a60-4c52-b6a0-e9a8376fd099@group-DC37525C1773-StateMachineUpdater: Took a snapshot at index 0
2021-08-17 11:51:05,880 [b04f16c0-2a60-4c52-b6a0-e9a8376fd099@group-DC37525C1773-StateMachineUpdater] INFO  impl.StateMachineUpdater (StateMachineUpdater.java:lambda$new$0(89)) - b04f16c0-2a60-4c52-b6a0-e9a8376fd099@group-DC37525C1773-StateMachineUpdater: snapshotIndex: updateIncreasingly -1 -> 0
2021-08-17 11:51:05,883 [Listener at 127.0.0.1/40861] INFO  server.RaftServer$Division (ServerState.java:close(419)) - b04f16c0-2a60-4c52-b6a0-e9a8376fd099@group-DC37525C1773: closes. applyIndex: 0
2021-08-17 11:51:05,883 [b04f16c0-2a60-4c52-b6a0-e9a8376fd099@group-DC37525C1773-SegmentedRaftLogWorker] INFO  segmented.SegmentedRaftLogWorker (SegmentedRaftLogWorker.java:run(327)) - b04f16c0-2a60-4c52-b6a0-e9a8376fd099@group-DC37525C1773-SegmentedRaftLogWorker was interrupted, exiting. There are 0 tasks remaining in the queue.
2021-08-17 11:51:05,934 [Listener at 127.0.0.1/40861] INFO  segmented.SegmentedRaftLogWorker (SegmentedRaftLogWorker.java:close(237)) - b04f16c0-2a60-4c52-b6a0-e9a8376fd099@group-DC37525C1773-SegmentedRaftLogWorker close()
2021-08-17 11:51:05,934 [ForkJoinPool.commonPool-worker-1] INFO  server.RaftServer$Division (RaftServerImpl.java:lambda$close$4(407)) - 2424882f-c429-4c69-9245-ccac92145c6c@group-6F6174E45E92: shutdown
2021-08-17 11:51:05,935 [ForkJoinPool.commonPool-worker-1] INFO  util.JmxRegister (JmxRegister.java:unregister(73)) - Successfully un-registered JMX Bean with object name Ratis:service=RaftServer,group=group-6F6174E45E92,id=2424882f-c429-4c69-9245-ccac92145c6c
2021-08-17 11:51:05,935 [ForkJoinPool.commonPool-worker-1] INFO  impl.RoleInfo (RoleInfo.java:shutdownFollowerState(108)) - 2424882f-c429-4c69-9245-ccac92145c6c: shutdown 2424882f-c429-4c69-9245-ccac92145c6c@group-6F6174E45E92-FollowerState
2021-08-17 11:51:05,935 [ForkJoinPool.commonPool-worker-1] INFO  impl.StateMachineUpdater (StateMachineUpdater.java:stopAndJoin(149)) - 2424882f-c429-4c69-9245-ccac92145c6c@group-6F6174E45E92-StateMachineUpdater: set stopIndex = 0
2021-08-17 11:51:05,935 [2424882f-c429-4c69-9245-ccac92145c6c@group-6F6174E45E92-StateMachineUpdater] INFO  ratis.ContainerStateMachine (ContainerStateMachine.java:takeSnapshot(293)) - group-6F6174E45E92: Taking a snapshot at:(t:3, i:0) file /home/runner/work/ozone/ozone/hadoop-ozone/integration-test/target/test-dir/MiniOzoneClusterImpl-a1e163cb-5647-48ea-b1dc-b51dce44f61a/datanode-0/data/ratis/119cf746-ef48-4aaf-bc65-6f6174e45e92/sm/snapshot.3_0
2021-08-17 11:51:05,935 [2424882f-c429-4c69-9245-ccac92145c6c@group-6F6174E45E92-FollowerState] INFO  impl.FollowerState (FollowerState.java:run(143)) - 2424882f-c429-4c69-9245-ccac92145c6c@group-6F6174E45E92-FollowerState was interrupted: {}
java.lang.InterruptedException: sleep interrupted
	at java.lang.Thread.sleep(Native Method)
	at java.lang.Thread.sleep(Thread.java:340)
	at java.util.concurrent.TimeUnit.sleep(TimeUnit.java:386)
	at org.apache.ratis.util.TimeDuration.sleep(TimeDuration.java:324)
	at org.apache.ratis.util.TimeDuration.sleep(TimeDuration.java:309)
	at org.apache.ratis.server.impl.FollowerState.run(FollowerState.java:118)
2021-08-17 11:51:05,936 [2424882f-c429-4c69-9245-ccac92145c6c@group-6F6174E45E92-StateMachineUpdater] INFO  ratis.ContainerStateMachine (ContainerStateMachine.java:takeSnapshot(304)) - group-6F6174E45E92: Finished taking a snapshot at:(t:3, i:0) file:/home/runner/work/ozone/ozone/hadoop-ozone/integration-test/target/test-dir/MiniOzoneClusterImpl-a1e163cb-5647-48ea-b1dc-b51dce44f61a/datanode-0/data/ratis/119cf746-ef48-4aaf-bc65-6f6174e45e92/sm/snapshot.3_0 took: 1 ms
2021-08-17 11:51:05,936 [2424882f-c429-4c69-9245-ccac92145c6c@group-6F6174E45E92-StateMachineUpdater] INFO  impl.StateMachineUpdater (StateMachineUpdater.java:takeSnapshot(281)) - 2424882f-c429-4c69-9245-ccac92145c6c@group-6F6174E45E92-StateMachineUpdater: Took a snapshot at index 0
2021-08-17 11:51:05,936 [2424882f-c429-4c69-9245-ccac92145c6c@group-6F6174E45E92-StateMachineUpdater] INFO  impl.StateMachineUpdater (StateMachineUpdater.java:lambda$new$0(89)) - 2424882f-c429-4c69-9245-ccac92145c6c@group-6F6174E45E92-StateMachineUpdater: snapshotIndex: updateIncreasingly -1 -> 0
2021-08-17 11:51:05,937 [ForkJoinPool.commonPool-worker-1] INFO  server.RaftServer$Division (ServerState.java:close(419)) - 2424882f-c429-4c69-9245-ccac92145c6c@group-6F6174E45E92: closes. applyIndex: 0
2021-08-17 11:51:05,939 [2424882f-c429-4c69-9245-ccac92145c6c@group-6F6174E45E92-SegmentedRaftLogWorker] INFO  segmented.SegmentedRaftLogWorker (SegmentedRaftLogWorker.java:run(327)) - 2424882f-c429-4c69-9245-ccac92145c6c@group-6F6174E45E92-SegmentedRaftLogWorker was interrupted, exiting. There are 0 tasks remaining in the queue.
2021-08-17 11:51:05,948 [Listener at 127.0.0.1/40861] INFO  server.RaftServer$Division (RaftServerImpl.java:lambda$close$4(407)) - b04f16c0-2a60-4c52-b6a0-e9a8376fd099@group-A793FA70953A: shutdown
2021-08-17 11:51:05,948 [Listener at 127.0.0.1/40861] INFO  util.JmxRegister (JmxRegister.java:unregister(73)) - Successfully un-registered JMX Bean with object name Ratis:service=RaftServer,group=group-A793FA70953A,id=b04f16c0-2a60-4c52-b6a0-e9a8376fd099
2021-08-17 11:51:05,948 [Listener at 127.0.0.1/40861] INFO  impl.RoleInfo (RoleInfo.java:shutdownLeaderState(91)) - b04f16c0-2a60-4c52-b6a0-e9a8376fd099: shutdown b04f16c0-2a60-4c52-b6a0-e9a8376fd099@group-A793FA70953A-LeaderStateImpl
2021-08-17 11:51:05,948 [Listener at 127.0.0.1/40861] INFO  impl.PendingRequests (PendingRequests.java:sendNotLeaderResponses(282)) - b04f16c0-2a60-4c52-b6a0-e9a8376fd099@group-A793FA70953A-PendingRequests: sendNotLeaderResponses
2021-08-17 11:51:05,950 [Listener at 127.0.0.1/40861] INFO  impl.StateMachineUpdater (StateMachineUpdater.java:stopAndJoin(149)) - b04f16c0-2a60-4c52-b6a0-e9a8376fd099@group-A793FA70953A-StateMachineUpdater: set stopIndex = 0
2021-08-17 11:51:05,950 [ForkJoinPool.commonPool-worker-1] INFO  segmented.SegmentedRaftLogWorker (SegmentedRaftLogWorker.java:close(237)) - 2424882f-c429-4c69-9245-ccac92145c6c@group-6F6174E45E92-SegmentedRaftLogWorker close()
2021-08-17 11:51:05,950 [b04f16c0-2a60-4c52-b6a0-e9a8376fd099@group-A793FA70953A-StateMachineUpdater] INFO  ratis.ContainerStateMachine (ContainerStateMachine.java:takeSnapshot(293)) - group-A793FA70953A: Taking a snapshot at:(t:1, i:0) file /home/runner/work/ozone/ozone/hadoop-ozone/integration-test/target/test-dir/MiniOzoneClusterImpl-a1e163cb-5647-48ea-b1dc-b51dce44f61a/datanode-7/data/ratis/62297862-5cc6-4197-ad59-a793fa70953a/sm/snapshot.1_0
2021-08-17 11:51:05,950 [ForkJoinPool.commonPool-worker-1] INFO  server.GrpcService (GrpcService.java:closeImpl(262)) - 2424882f-c429-4c69-9245-ccac92145c6c: shutdown server with port 43989 now
2021-08-17 11:51:05,953 [b04f16c0-2a60-4c52-b6a0-e9a8376fd099@group-A793FA70953A-StateMachineUpdater] INFO  ratis.ContainerStateMachine (ContainerStateMachine.java:takeSnapshot(304)) - group-A793FA70953A: Finished taking a snapshot at:(t:1, i:0) file:/home/runner/work/ozone/ozone/hadoop-ozone/integration-test/target/test-dir/MiniOzoneClusterImpl-a1e163cb-5647-48ea-b1dc-b51dce44f61a/datanode-7/data/ratis/62297862-5cc6-4197-ad59-a793fa70953a/sm/snapshot.1_0 took: 3 ms
2021-08-17 11:51:05,956 [b04f16c0-2a60-4c52-b6a0-e9a8376fd099@group-A793FA70953A-StateMachineUpdater] INFO  impl.StateMachineUpdater (StateMachineUpdater.java:takeSnapshot(281)) - b04f16c0-2a60-4c52-b6a0-e9a8376fd099@group-A793FA70953A-StateMachineUpdater: Took a snapshot at index 0
2021-08-17 11:51:05,956 [b04f16c0-2a60-4c52-b6a0-e9a8376fd099@group-A793FA70953A-StateMachineUpdater] INFO  impl.StateMachineUpdater (StateMachineUpdater.java:lambda$new$0(89)) - b04f16c0-2a60-4c52-b6a0-e9a8376fd099@group-A793FA70953A-StateMachineUpdater: snapshotIndex: updateIncreasingly -1 -> 0
2021-08-17 11:51:05,956 [Listener at 127.0.0.1/40861] INFO  server.RaftServer$Division (ServerState.java:close(419)) - b04f16c0-2a60-4c52-b6a0-e9a8376fd099@group-A793FA70953A: closes. applyIndex: 0
2021-08-17 11:51:05,965 [b04f16c0-2a60-4c52-b6a0-e9a8376fd099@group-A793FA70953A-SegmentedRaftLogWorker] INFO  segmented.SegmentedRaftLogWorker (SegmentedRaftLogWorker.java:run(327)) - b04f16c0-2a60-4c52-b6a0-e9a8376fd099@group-A793FA70953A-SegmentedRaftLogWorker was interrupted, exiting. There are 0 tasks remaining in the queue.
2021-08-17 11:51:05,973 [Listener at 127.0.0.1/40861] INFO  segmented.SegmentedRaftLogWorker (SegmentedRaftLogWorker.java:close(237)) - b04f16c0-2a60-4c52-b6a0-e9a8376fd099@group-A793FA70953A-SegmentedRaftLogWorker close()
2021-08-17 11:51:05,973 [grpc-default-executor-2] WARN  server.GrpcLogAppender (LogUtils.java:warn(122)) - e2fcfc86-2f0c-4267-bafe-682e5fd2fca7@group-6F6174E45E92->2424882f-c429-4c69-9245-ccac92145c6c-AppendLogResponseHandler: Failed appendEntries: org.apache.ratis.thirdparty.io.grpc.StatusRuntimeException: CANCELLED: HTTP/2 error code: CANCEL
Received Rst Stream
2021-08-17 11:51:05,973 [Listener at 127.0.0.1/40861] INFO  server.GrpcService (GrpcService.java:closeImpl(262)) - b04f16c0-2a60-4c52-b6a0-e9a8376fd099: shutdown server with port 38575 now
2021-08-17 11:51:05,973 [grpc-default-executor-2] WARN  server.GrpcLogAppender (GrpcLogAppender.java:resetClient(111)) - e2fcfc86-2f0c-4267-bafe-682e5fd2fca7@group-6F6174E45E92->2424882f-c429-4c69-9245-ccac92145c6c-GrpcLogAppender: Leader has not got in touch with Follower e2fcfc86-2f0c-4267-bafe-682e5fd2fca7@group-6F6174E45E92->2424882f-c429-4c69-9245-ccac92145c6c(c0,m0,n1, attendVote=true, lastRpcSendTime=1367, lastRpcResponseTime=1319) yet, just keep nextIndex unchanged and retry.
2021-08-17 11:51:06,005 [grpc-default-executor-9] WARN  server.GrpcServerProtocolService (LogUtils.java:warn(122)) - 2424882f-c429-4c69-9245-ccac92145c6c: installSnapshot onError, lastRequest: e2fcfc86-2f0c-4267-bafe-682e5fd2fca7->2424882f-c429-4c69-9245-ccac92145c6c#1-t3,previous=(t:0, i:0),leaderCommit=-1,initializing? true,entries: size=1, first=(t:3, i:0), CONFIGURATIONENTRY: org.apache.ratis.thirdparty.io.grpc.StatusRuntimeException: CANCELLED: client cancelled
2021-08-17 11:51:06,009 [grpc-default-executor-2] WARN  server.GrpcServerProtocolService (LogUtils.java:warn(122)) - b04f16c0-2a60-4c52-b6a0-e9a8376fd099: installSnapshot onError, lastRequest: 4d40c50f-34df-4d8d-ada3-4ecb2b1f4098->b04f16c0-2a60-4c52-b6a0-e9a8376fd099#1-t4,previous=(t:0, i:0),leaderCommit=-1,initializing? true,entries: size=1, first=(t:4, i:0), CONFIGURATIONENTRY: org.apache.ratis.thirdparty.io.grpc.StatusRuntimeException: CANCELLED: client cancelled
2021-08-17 11:51:06,033 [ForkJoinPool.commonPool-worker-1] INFO  server.GrpcService (GrpcService.java:closeImpl(271)) - 2424882f-c429-4c69-9245-ccac92145c6c: shutdown server with port 43989 successfully
2021-08-17 11:51:06,034 [org.apache.ratis.util.JvmPauseMonitor$$Lambda$531/89905617@69708002] INFO  util.JvmPauseMonitor (JvmPauseMonitor.java:run(109)) - JvmPauseMonitor-2424882f-c429-4c69-9245-ccac92145c6c: Stopped
2021-08-17 11:51:06,076 [ForkJoinPool.commonPool-worker-1] INFO  utils.BackgroundService (BackgroundService.java:shutdown(132)) - Shutting down service BlockDeletingService
2021-08-17 11:51:06,186 [Listener at 127.0.0.1/40861] INFO  server.GrpcService (GrpcService.java:closeImpl(271)) - b04f16c0-2a60-4c52-b6a0-e9a8376fd099: shutdown server with port 38575 successfully
2021-08-17 11:51:06,187 [org.apache.ratis.util.JvmPauseMonitor$$Lambda$531/89905617@35b4ab65] INFO  util.JvmPauseMonitor (JvmPauseMonitor.java:run(109)) - JvmPauseMonitor-b04f16c0-2a60-4c52-b6a0-e9a8376fd099: Stopped
2021-08-17 11:51:06,187 [grpc-default-executor-2] WARN  server.GrpcLogAppender (LogUtils.java:warn(122)) - 4d40c50f-34df-4d8d-ada3-4ecb2b1f4098@group-DC37525C1773->b04f16c0-2a60-4c52-b6a0-e9a8376fd099-AppendLogResponseHandler: Failed appendEntries: org.apache.ratis.thirdparty.io.grpc.StatusRuntimeException: CANCELLED: HTTP/2 error code: CANCEL
Received Rst Stream
2021-08-17 11:51:06,196 [Listener at 127.0.0.1/40861] INFO  utils.BackgroundService (BackgroundService.java:shutdown(132)) - Shutting down service BlockDeletingService
2021-08-17 11:51:06,241 [grpc-default-executor-2] WARN  server.GrpcLogAppender (GrpcLogAppender.java:resetClient(111)) - 4d40c50f-34df-4d8d-ada3-4ecb2b1f4098@group-DC37525C1773->b04f16c0-2a60-4c52-b6a0-e9a8376fd099-GrpcLogAppender: Leader has not got in touch with Follower 4d40c50f-34df-4d8d-ada3-4ecb2b1f4098@group-DC37525C1773->b04f16c0-2a60-4c52-b6a0-e9a8376fd099(c0,m0,n1, attendVote=true, lastRpcSendTime=1743, lastRpcResponseTime=1679) yet, just keep nextIndex unchanged and retry.
2021-08-17 11:51:07,073 [grpc-default-executor-2] WARN  server.GrpcLogAppender (LogUtils.java:warn(122)) - e2fcfc86-2f0c-4267-bafe-682e5fd2fca7@group-6F6174E45E92->0bf441c2-8cd8-4ced-8476-22eca18377b1-AppendLogResponseHandler: Failed appendEntries: org.apache.ratis.thirdparty.io.grpc.StatusRuntimeException: UNAVAILABLE: io exception
2021-08-17 11:51:07,074 [grpc-default-executor-2] WARN  server.GrpcLogAppender (GrpcLogAppender.java:resetClient(111)) - e2fcfc86-2f0c-4267-bafe-682e5fd2fca7@group-6F6174E45E92->0bf441c2-8cd8-4ced-8476-22eca18377b1-GrpcLogAppender: Leader has not got in touch with Follower e2fcfc86-2f0c-4267-bafe-682e5fd2fca7@group-6F6174E45E92->0bf441c2-8cd8-4ced-8476-22eca18377b1(c0,m0,n1, attendVote=true, lastRpcSendTime=2516, lastRpcResponseTime=20129) yet, just keep nextIndex unchanged and retry.
2021-08-17 11:51:07,166 [grpc-default-executor-2] WARN  server.GrpcLogAppender (LogUtils.java:warn(122)) - 4d40c50f-34df-4d8d-ada3-4ecb2b1f4098@group-DC37525C1773->b04f16c0-2a60-4c52-b6a0-e9a8376fd099-AppendLogResponseHandler: Failed appendEntries: org.apache.ratis.thirdparty.io.grpc.StatusRuntimeException: UNAVAILABLE: io exception
2021-08-17 11:51:07,166 [grpc-default-executor-2] WARN  server.GrpcLogAppender (GrpcLogAppender.java:resetClient(111)) - 4d40c50f-34df-4d8d-ada3-4ecb2b1f4098@group-DC37525C1773->b04f16c0-2a60-4c52-b6a0-e9a8376fd099-GrpcLogAppender: Leader has not got in touch with Follower 4d40c50f-34df-4d8d-ada3-4ecb2b1f4098@group-DC37525C1773->b04f16c0-2a60-4c52-b6a0-e9a8376fd099(c0,m0,n1, attendVote=true, lastRpcSendTime=2669, lastRpcResponseTime=2605) yet, just keep nextIndex unchanged and retry.
2021-08-17 11:51:07,166 [grpc-default-executor-9] WARN  server.GrpcLogAppender (LogUtils.java:warn(122)) - e2fcfc86-2f0c-4267-bafe-682e5fd2fca7@group-6F6174E45E92->2424882f-c429-4c69-9245-ccac92145c6c-AppendLogResponseHandler: Failed appendEntries: org.apache.ratis.thirdparty.io.grpc.StatusRuntimeException: UNAVAILABLE: io exception
2021-08-17 11:51:07,167 [grpc-default-executor-9] WARN  server.GrpcLogAppender (GrpcLogAppender.java:resetClient(111)) - e2fcfc86-2f0c-4267-bafe-682e5fd2fca7@group-6F6174E45E92->2424882f-c429-4c69-9245-ccac92145c6c-GrpcLogAppender: Leader has not got in touch with Follower e2fcfc86-2f0c-4267-bafe-682e5fd2fca7@group-6F6174E45E92->2424882f-c429-4c69-9245-ccac92145c6c(c0,m0,n1, attendVote=true, lastRpcSendTime=2560, lastRpcResponseTime=2513) yet, just keep nextIndex unchanged and retry.
2021-08-17 11:51:09,240 [ForkJoinPool.commonPool-worker-1] INFO  statemachine.DatanodeStateMachine (DatanodeStateMachine.java:stopDaemon(515)) - Ozone container server stopped.
2021-08-17 11:51:09,253 [Listener at 127.0.0.1/40861] INFO  statemachine.DatanodeStateMachine (DatanodeStateMachine.java:stopDaemon(515)) - Ozone container server stopped.
2021-08-17 11:51:09,254 [Listener at 127.0.0.1/40861] INFO  handler.ContextHandler (ContextHandler.java:doStop(1153)) - Stopped o.e.j.w.WebAppContext@391674d2{hddsDatanode,/,null,STOPPED}{jar:file:/home/runner/.m2/repository/org/apache/ozone/hdds-container-service/1.2.0-SNAPSHOT/hdds-container-service-1.2.0-SNAPSHOT.jar!/webapps/hddsDatanode}
2021-08-17 11:51:09,258 [ForkJoinPool.commonPool-worker-1] INFO  handler.ContextHandler (ContextHandler.java:doStop(1153)) - Stopped o.e.j.w.WebAppContext@1a54dc19{hddsDatanode,/,null,STOPPED}{jar:file:/home/runner/.m2/repository/org/apache/ozone/hdds-container-service/1.2.0-SNAPSHOT/hdds-container-service-1.2.0-SNAPSHOT.jar!/webapps/hddsDatanode}
2021-08-17 11:51:09,259 [ForkJoinPool.commonPool-worker-1] INFO  server.AbstractConnector (AbstractConnector.java:doStop(381)) - Stopped ServerConnector@73cd59ea{HTTP/1.1, (http/1.1)}{0.0.0.0:0}
2021-08-17 11:51:09,259 [ForkJoinPool.commonPool-worker-1] INFO  server.session (HouseKeeper.java:stopScavenging(149)) - node0 Stopped scavenging
2021-08-17 11:51:09,265 [ForkJoinPool.commonPool-worker-1] INFO  handler.ContextHandler (ContextHandler.java:doStop(1153)) - Stopped o.e.j.s.ServletContextHandler@22ce02ab{static,/static,jar:file:/home/runner/.m2/repository/org/apache/ozone/hdds-container-service/1.2.0-SNAPSHOT/hdds-container-service-1.2.0-SNAPSHOT.jar!/webapps/static,STOPPED}
2021-08-17 11:51:09,269 [ForkJoinPool.commonPool-worker-1] INFO  handler.ContextHandler (ContextHandler.java:doStop(1153)) - Stopped o.e.j.s.ServletContextHandler@cdfe8c6{logs,/logs,file:///home/runner/work/ozone/ozone/hadoop-ozone/integration-test/target/log,STOPPED}
2021-08-17 11:51:09,377 [Listener at 127.0.0.1/40861] INFO  server.AbstractConnector (AbstractConnector.java:doStop(381)) - Stopped ServerConnector@6f0408a9{HTTP/1.1, (http/1.1)}{0.0.0.0:0}
2021-08-17 11:51:09,378 [Listener at 127.0.0.1/40861] INFO  server.session (HouseKeeper.java:stopScavenging(149)) - node0 Stopped scavenging
2021-08-17 11:51:09,378 [Listener at 127.0.0.1/40861] INFO  handler.ContextHandler (ContextHandler.java:doStop(1153)) - Stopped o.e.j.s.ServletContextHandler@50b6c6b7{static,/static,jar:file:/home/runner/.m2/repository/org/apache/ozone/hdds-container-service/1.2.0-SNAPSHOT/hdds-container-service-1.2.0-SNAPSHOT.jar!/webapps/static,STOPPED}
2021-08-17 11:51:09,378 [Listener at 127.0.0.1/40861] INFO  handler.ContextHandler (ContextHandler.java:doStop(1153)) - Stopped o.e.j.s.ServletContextHandler@428fecb4{logs,/logs,file:///home/runner/work/ozone/ozone/hadoop-ozone/integration-test/target/log,STOPPED}
2021-08-17 11:51:09,593 [grpc-default-executor-9] WARN  server.GrpcLogAppender (LogUtils.java:warn(122)) - e2fcfc86-2f0c-4267-bafe-682e5fd2fca7@group-6F6174E45E92->0bf441c2-8cd8-4ced-8476-22eca18377b1-AppendLogResponseHandler: Failed appendEntries: org.apache.ratis.thirdparty.io.grpc.StatusRuntimeException: UNAVAILABLE: io exception
2021-08-17 11:51:09,594 [grpc-default-executor-9] WARN  server.GrpcLogAppender (GrpcLogAppender.java:resetClient(111)) - e2fcfc86-2f0c-4267-bafe-682e5fd2fca7@group-6F6174E45E92->0bf441c2-8cd8-4ced-8476-22eca18377b1-GrpcLogAppender: Leader has not got in touch with Follower e2fcfc86-2f0c-4267-bafe-682e5fd2fca7@group-6F6174E45E92->0bf441c2-8cd8-4ced-8476-22eca18377b1(c0,m0,n1, attendVote=true, lastRpcSendTime=0, lastRpcResponseTime=22649) yet, just keep nextIndex unchanged and retry.
2021-08-17 11:51:09,701 [grpc-default-executor-9] WARN  server.GrpcLogAppender (LogUtils.java:warn(122)) - 4d40c50f-34df-4d8d-ada3-4ecb2b1f4098@group-DC37525C1773->b04f16c0-2a60-4c52-b6a0-e9a8376fd099-AppendLogResponseHandler: Failed appendEntries: org.apache.ratis.thirdparty.io.grpc.StatusRuntimeException: UNAVAILABLE: io exception
2021-08-17 11:51:09,701 [grpc-default-executor-9] WARN  server.GrpcLogAppender (GrpcLogAppender.java:resetClient(111)) - 4d40c50f-34df-4d8d-ada3-4ecb2b1f4098@group-DC37525C1773->b04f16c0-2a60-4c52-b6a0-e9a8376fd099-GrpcLogAppender: Leader has not got in touch with Follower 4d40c50f-34df-4d8d-ada3-4ecb2b1f4098@group-DC37525C1773->b04f16c0-2a60-4c52-b6a0-e9a8376fd099(c0,m0,n1, attendVote=true, lastRpcSendTime=8, lastRpcResponseTime=5140) yet, just keep nextIndex unchanged and retry.
2021-08-17 11:51:09,705 [grpc-default-executor-9] WARN  server.GrpcLogAppender (LogUtils.java:warn(122)) - e2fcfc86-2f0c-4267-bafe-682e5fd2fca7@group-6F6174E45E92->2424882f-c429-4c69-9245-ccac92145c6c-AppendLogResponseHandler: Failed appendEntries: org.apache.ratis.thirdparty.io.grpc.StatusRuntimeException: UNAVAILABLE: io exception
2021-08-17 11:51:09,706 [grpc-default-executor-9] WARN  server.GrpcLogAppender (GrpcLogAppender.java:resetClient(111)) - e2fcfc86-2f0c-4267-bafe-682e5fd2fca7@group-6F6174E45E92->2424882f-c429-4c69-9245-ccac92145c6c-GrpcLogAppender: Leader has not got in touch with Follower e2fcfc86-2f0c-4267-bafe-682e5fd2fca7@group-6F6174E45E92->2424882f-c429-4c69-9245-ccac92145c6c(c0,m0,n1, attendVote=true, lastRpcSendTime=4, lastRpcResponseTime=5052) yet, just keep nextIndex unchanged and retry.
2021-08-17 11:51:09,877 [Datanode State Machine Thread - 0] INFO  statemachine.DatanodeStateMachine (DatanodeStateMachine.java:lambda$startDaemon$0(457)) - Ozone container server started.
2021-08-17 11:51:09,885 [Datanode State Machine Thread - 0] INFO  statemachine.DatanodeStateMachine (DatanodeStateMachine.java:lambda$startDaemon$0(457)) - Ozone container server started.
2021-08-17 11:51:10,462 [e2fcfc86-2f0c-4267-bafe-682e5fd2fca7@group-6F6174E45E92-LeaderStateImpl] WARN  server.RaftServer$Division (LeaderStateImpl.java:checkLeadership(944)) - e2fcfc86-2f0c-4267-bafe-682e5fd2fca7@group-6F6174E45E92-LeaderStateImpl: Lost leadership on term: 3. Election timeout: 5200ms. In charge for: 36626ms. Conf: 0: [2424882f-c429-4c69-9245-ccac92145c6c|rpc:10.1.0.37:43989|dataStream:|priority:0, 0bf441c2-8cd8-4ced-8476-22eca18377b1|rpc:10.1.0.37:38591|dataStream:|priority:0, e2fcfc86-2f0c-4267-bafe-682e5fd2fca7|rpc:10.1.0.37:43155|dataStream:|priority:1], old=null
2021-08-17 11:51:10,462 [e2fcfc86-2f0c-4267-bafe-682e5fd2fca7@group-6F6174E45E92-LeaderStateImpl] WARN  server.RaftServer$Division (LeaderStateImpl.java:lambda$checkLeadership$15(948)) - Follower e2fcfc86-2f0c-4267-bafe-682e5fd2fca7@group-6F6174E45E92->2424882f-c429-4c69-9245-ccac92145c6c(c0,m0,n1, attendVote=true, lastRpcSendTime=760, lastRpcResponseTime=5808)
2021-08-17 11:51:10,462 [e2fcfc86-2f0c-4267-bafe-682e5fd2fca7@group-6F6174E45E92-LeaderStateImpl] WARN  server.RaftServer$Division (LeaderStateImpl.java:lambda$checkLeadership$15(948)) - Follower e2fcfc86-2f0c-4267-bafe-682e5fd2fca7@group-6F6174E45E92->0bf441c2-8cd8-4ced-8476-22eca18377b1(c0,m0,n1, attendVote=true, lastRpcSendTime=868, lastRpcResponseTime=23517)
2021-08-17 11:51:10,462 [e2fcfc86-2f0c-4267-bafe-682e5fd2fca7@group-6F6174E45E92-LeaderStateImpl] INFO  server.RaftServer$Division (RaftServerImpl.java:setRole(285)) - e2fcfc86-2f0c-4267-bafe-682e5fd2fca7@group-6F6174E45E92: changes role from    LEADER to FOLLOWER at term 3 for StepDownReason:LOST_MAJORITY_HEARTBEATS
2021-08-17 11:51:10,462 [e2fcfc86-2f0c-4267-bafe-682e5fd2fca7@group-6F6174E45E92-LeaderStateImpl] INFO  impl.RoleInfo (RoleInfo.java:shutdownLeaderState(91)) - e2fcfc86-2f0c-4267-bafe-682e5fd2fca7: shutdown e2fcfc86-2f0c-4267-bafe-682e5fd2fca7@group-6F6174E45E92-LeaderStateImpl
2021-08-17 11:51:10,462 [e2fcfc86-2f0c-4267-bafe-682e5fd2fca7@group-6F6174E45E92-LeaderStateImpl] INFO  impl.PendingRequests (PendingRequests.java:sendNotLeaderResponses(282)) - e2fcfc86-2f0c-4267-bafe-682e5fd2fca7@group-6F6174E45E92-PendingRequests: sendNotLeaderResponses
2021-08-17 11:51:10,463 [e2fcfc86-2f0c-4267-bafe-682e5fd2fca7@group-6F6174E45E92-LeaderStateImpl] INFO  impl.RoleInfo (RoleInfo.java:updateAndGet(130)) - e2fcfc86-2f0c-4267-bafe-682e5fd2fca7: start e2fcfc86-2f0c-4267-bafe-682e5fd2fca7@group-6F6174E45E92-FollowerState
2021-08-17 11:51:12,213 [grpc-default-executor-9] WARN  server.GrpcLogAppender (LogUtils.java:warn(122)) - 4d40c50f-34df-4d8d-ada3-4ecb2b1f4098@group-DC37525C1773->b04f16c0-2a60-4c52-b6a0-e9a8376fd099-AppendLogResponseHandler: Failed appendEntries: org.apache.ratis.thirdparty.io.grpc.StatusRuntimeException: UNAVAILABLE: io exception
2021-08-17 11:51:12,214 [grpc-default-executor-9] WARN  server.GrpcLogAppender (GrpcLogAppender.java:resetClient(111)) - 4d40c50f-34df-4d8d-ada3-4ecb2b1f4098@group-DC37525C1773->b04f16c0-2a60-4c52-b6a0-e9a8376fd099-GrpcLogAppender: Leader has not got in touch with Follower 4d40c50f-34df-4d8d-ada3-4ecb2b1f4098@group-DC37525C1773->b04f16c0-2a60-4c52-b6a0-e9a8376fd099(c0,m0,n1, attendVote=true, lastRpcSendTime=3, lastRpcResponseTime=7652) yet, just keep nextIndex unchanged and retry.
2021-08-17 11:51:13,557 [EventQueue-StaleNodeForStaleNodeHandler] INFO  node.StaleNodeHandler (StaleNodeHandler.java:onMessage(58)) - Datanode e067f3b0-4632-4f84-b71c-08c70f7756fb{ip: 10.1.0.37, host: fv-az297-666.nmf1rxwemy4u5di1sxxf4ejcwb.jx.internal.cloudapp.net, ports: [REPLICATION=37935, RATIS=40437, RATIS_ADMIN=40437, RATIS_SERVER=40437, STANDALONE=36089], networkLocation: /default-rack, certSerialId: null, persistedOpState: IN_SERVICE, persistedOpStateExpiryEpochSec: 0} moved to stale state. Finalizing its pipelines [PipelineID=4ca2aa2c-7e17-4bc1-bf77-1f4f0910e0f4, PipelineID=9b2af877-39a4-4873-b184-24113e272142]
2021-08-17 11:51:13,558 [EventQueue-StaleNodeForStaleNodeHandler] INFO  pipeline.PipelineManagerImpl (PipelineManagerImpl.java:closePipeline(343)) - Pipeline Pipeline[ Id: 4ca2aa2c-7e17-4bc1-bf77-1f4f0910e0f4, Nodes: e067f3b0-4632-4f84-b71c-08c70f7756fb{ip: 10.1.0.37, host: fv-az297-666.nmf1rxwemy4u5di1sxxf4ejcwb.jx.internal.cloudapp.net, ports: [REPLICATION=37935, RATIS=40437, RATIS_ADMIN=40437, RATIS_SERVER=40437, STANDALONE=36089], networkLocation: /default-rack, certSerialId: null, persistedOpState: IN_SERVICE, persistedOpStateExpiryEpochSec: 0}, ReplicationConfig: RATIS/ONE, State:OPEN, leaderId:e067f3b0-4632-4f84-b71c-08c70f7756fb, CreationTimestamp2021-08-17T11:50:18.153Z[Etc/UTC]] moved to CLOSED state
2021-08-17 11:51:13,559 [EventQueue-StaleNodeForStaleNodeHandler] INFO  pipeline.PipelineManagerImpl (PipelineManagerImpl.java:closePipeline(343)) - Pipeline Pipeline[ Id: 9b2af877-39a4-4873-b184-24113e272142, Nodes: c0cb38e9-ad72-45c7-87a7-238cd12f7624{ip: 10.1.0.37, host: fv-az297-666.nmf1rxwemy4u5di1sxxf4ejcwb.jx.internal.cloudapp.net, ports: [REPLICATION=38091, RATIS=45031, RATIS_ADMIN=45031, RATIS_SERVER=45031, STANDALONE=42307], networkLocation: /default-rack, certSerialId: null, persistedOpState: IN_SERVICE, persistedOpStateExpiryEpochSec: 0}ce9e4e21-b8b3-47e8-a05b-7ed0cb4ed4d0{ip: 10.1.0.37, host: fv-az297-666.nmf1rxwemy4u5di1sxxf4ejcwb.jx.internal.cloudapp.net, ports: [REPLICATION=40849, RATIS=42995, RATIS_ADMIN=42995, RATIS_SERVER=42995, STANDALONE=43843], networkLocation: /default-rack, certSerialId: null, persistedOpState: IN_SERVICE, persistedOpStateExpiryEpochSec: 0}e067f3b0-4632-4f84-b71c-08c70f7756fb{ip: 10.1.0.37, host: fv-az297-666.nmf1rxwemy4u5di1sxxf4ejcwb.jx.internal.cloudapp.net, ports: [REPLICATION=37935, RATIS=40437, RATIS_ADMIN=40437, RATIS_SERVER=40437, STANDALONE=36089], networkLocation: /default-rack, certSerialId: null, persistedOpState: IN_SERVICE, persistedOpStateExpiryEpochSec: 0}, ReplicationConfig: RATIS/THREE, State:OPEN, leaderId:ce9e4e21-b8b3-47e8-a05b-7ed0cb4ed4d0, CreationTimestamp2021-08-17T11:50:19.359Z[Etc/UTC]] moved to CLOSED state
2021-08-17 11:51:13,560 [EventQueue-CloseContainerForCloseContainerEventHandler] INFO  container.CloseContainerEventHandler (CloseContainerEventHandler.java:onMessage(69)) - Close container Event triggered for container : #1
2021-08-17 11:51:14,039 [EventQueue-StaleNodeForStaleNodeHandler] INFO  node.StaleNodeHandler (StaleNodeHandler.java:onMessage(58)) - Datanode 0bf441c2-8cd8-4ced-8476-22eca18377b1{ip: 10.1.0.37, host: fv-az297-666.nmf1rxwemy4u5di1sxxf4ejcwb.jx.internal.cloudapp.net, ports: [REPLICATION=33409, RATIS=38591, RATIS_ADMIN=38591, RATIS_SERVER=38591, STANDALONE=39879], networkLocation: /default-rack, certSerialId: null, persistedOpState: IN_SERVICE, persistedOpStateExpiryEpochSec: 0} moved to stale state. Finalizing its pipelines [PipelineID=4d4933ef-3bd7-47e1-a36e-2fad8f0e4c38, PipelineID=119cf746-ef48-4aaf-bc65-6f6174e45e92]
2021-08-17 11:51:14,040 [EventQueue-StaleNodeForStaleNodeHandler] INFO  pipeline.PipelineManagerImpl (PipelineManagerImpl.java:closePipeline(343)) - Pipeline Pipeline[ Id: 4d4933ef-3bd7-47e1-a36e-2fad8f0e4c38, Nodes: 0bf441c2-8cd8-4ced-8476-22eca18377b1{ip: 10.1.0.37, host: fv-az297-666.nmf1rxwemy4u5di1sxxf4ejcwb.jx.internal.cloudapp.net, ports: [REPLICATION=33409, RATIS=38591, RATIS_ADMIN=38591, RATIS_SERVER=38591, STANDALONE=39879], networkLocation: /default-rack, certSerialId: null, persistedOpState: IN_SERVICE, persistedOpStateExpiryEpochSec: 0}, ReplicationConfig: RATIS/ONE, State:OPEN, leaderId:0bf441c2-8cd8-4ced-8476-22eca18377b1, CreationTimestamp2021-08-17T11:50:16.567Z[Etc/UTC]] moved to CLOSED state
2021-08-17 11:51:14,040 [EventQueue-StaleNodeForStaleNodeHandler] INFO  pipeline.PipelineManagerImpl (PipelineManagerImpl.java:closePipeline(343)) - Pipeline Pipeline[ Id: 119cf746-ef48-4aaf-bc65-6f6174e45e92, Nodes: e2fcfc86-2f0c-4267-bafe-682e5fd2fca7{ip: 10.1.0.37, host: fv-az297-666.nmf1rxwemy4u5di1sxxf4ejcwb.jx.internal.cloudapp.net, ports: [REPLICATION=44975, RATIS=43155, RATIS_ADMIN=43155, RATIS_SERVER=43155, STANDALONE=34739], networkLocation: /default-rack, certSerialId: null, persistedOpState: IN_SERVICE, persistedOpStateExpiryEpochSec: 0}0bf441c2-8cd8-4ced-8476-22eca18377b1{ip: 10.1.0.37, host: fv-az297-666.nmf1rxwemy4u5di1sxxf4ejcwb.jx.internal.cloudapp.net, ports: [REPLICATION=33409, RATIS=38591, RATIS_ADMIN=38591, RATIS_SERVER=38591, STANDALONE=39879], networkLocation: /default-rack, certSerialId: null, persistedOpState: IN_SERVICE, persistedOpStateExpiryEpochSec: 0}2424882f-c429-4c69-9245-ccac92145c6c{ip: 10.1.0.37, host: fv-az297-666.nmf1rxwemy4u5di1sxxf4ejcwb.jx.internal.cloudapp.net, ports: [REPLICATION=40345, RATIS=43989, RATIS_ADMIN=43989, RATIS_SERVER=43989, STANDALONE=32969], networkLocation: /default-rack, certSerialId: null, persistedOpState: IN_SERVICE, persistedOpStateExpiryEpochSec: 0}, ReplicationConfig: RATIS/THREE, State:OPEN, leaderId:e2fcfc86-2f0c-4267-bafe-682e5fd2fca7, CreationTimestamp2021-08-17T11:50:16.569Z[Etc/UTC]] moved to CLOSED state
2021-08-17 11:51:14,288 [ForkJoinPool.commonPool-worker-1] INFO  ozoneimpl.OzoneContainer (OzoneContainer.java:stop(326)) - Attempting to stop container services.
2021-08-17 11:51:14,301 [ForkJoinPool.commonPool-worker-1] INFO  server.RaftServer (RaftServerProxy.java:lambda$close$6(391)) - e2fcfc86-2f0c-4267-bafe-682e5fd2fca7: close
2021-08-17 11:51:14,301 [ForkJoinPool.commonPool-worker-1] INFO  server.RaftServer$Division (RaftServerImpl.java:lambda$close$4(407)) - e2fcfc86-2f0c-4267-bafe-682e5fd2fca7@group-547B605A4635: shutdown
2021-08-17 11:51:14,301 [ForkJoinPool.commonPool-worker-1] INFO  util.JmxRegister (JmxRegister.java:unregister(73)) - Successfully un-registered JMX Bean with object name Ratis:service=RaftServer,group=group-547B605A4635,id=e2fcfc86-2f0c-4267-bafe-682e5fd2fca7
2021-08-17 11:51:14,301 [ForkJoinPool.commonPool-worker-1] INFO  impl.RoleInfo (RoleInfo.java:shutdownLeaderState(91)) - e2fcfc86-2f0c-4267-bafe-682e5fd2fca7: shutdown e2fcfc86-2f0c-4267-bafe-682e5fd2fca7@group-547B605A4635-LeaderStateImpl
2021-08-17 11:51:14,301 [ForkJoinPool.commonPool-worker-1] INFO  impl.PendingRequests (PendingRequests.java:sendNotLeaderResponses(282)) - e2fcfc86-2f0c-4267-bafe-682e5fd2fca7@group-547B605A4635-PendingRequests: sendNotLeaderResponses
2021-08-17 11:51:14,302 [ForkJoinPool.commonPool-worker-1] INFO  impl.StateMachineUpdater (StateMachineUpdater.java:stopAndJoin(149)) - e2fcfc86-2f0c-4267-bafe-682e5fd2fca7@group-547B605A4635-StateMachineUpdater: set stopIndex = 0
2021-08-17 11:51:14,303 [e2fcfc86-2f0c-4267-bafe-682e5fd2fca7@group-547B605A4635-StateMachineUpdater] INFO  ratis.ContainerStateMachine (ContainerStateMachine.java:takeSnapshot(293)) - group-547B605A4635: Taking a snapshot at:(t:1, i:0) file /home/runner/work/ozone/ozone/hadoop-ozone/integration-test/target/test-dir/MiniOzoneClusterImpl-a1e163cb-5647-48ea-b1dc-b51dce44f61a/datanode-1/data/ratis/bb9a7bf4-234c-4ebf-870c-547b605a4635/sm/snapshot.1_0
2021-08-17 11:51:14,304 [e2fcfc86-2f0c-4267-bafe-682e5fd2fca7@group-547B605A4635-StateMachineUpdater] INFO  ratis.ContainerStateMachine (ContainerStateMachine.java:takeSnapshot(304)) - group-547B605A4635: Finished taking a snapshot at:(t:1, i:0) file:/home/runner/work/ozone/ozone/hadoop-ozone/integration-test/target/test-dir/MiniOzoneClusterImpl-a1e163cb-5647-48ea-b1dc-b51dce44f61a/datanode-1/data/ratis/bb9a7bf4-234c-4ebf-870c-547b605a4635/sm/snapshot.1_0 took: 1 ms
2021-08-17 11:51:14,304 [e2fcfc86-2f0c-4267-bafe-682e5fd2fca7@group-547B605A4635-StateMachineUpdater] INFO  impl.StateMachineUpdater (StateMachineUpdater.java:takeSnapshot(281)) - e2fcfc86-2f0c-4267-bafe-682e5fd2fca7@group-547B605A4635-StateMachineUpdater: Took a snapshot at index 0
2021-08-17 11:51:14,304 [e2fcfc86-2f0c-4267-bafe-682e5fd2fca7@group-547B605A4635-StateMachineUpdater] INFO  impl.StateMachineUpdater (StateMachineUpdater.java:lambda$new$0(89)) - e2fcfc86-2f0c-4267-bafe-682e5fd2fca7@group-547B605A4635-StateMachineUpdater: snapshotIndex: updateIncreasingly -1 -> 0
2021-08-17 11:51:14,321 [ForkJoinPool.commonPool-worker-1] INFO  server.RaftServer$Division (ServerState.java:close(419)) - e2fcfc86-2f0c-4267-bafe-682e5fd2fca7@group-547B605A4635: closes. applyIndex: 0
2021-08-17 11:51:14,321 [e2fcfc86-2f0c-4267-bafe-682e5fd2fca7@group-547B605A4635-SegmentedRaftLogWorker] INFO  segmented.SegmentedRaftLogWorker (SegmentedRaftLogWorker.java:run(327)) - e2fcfc86-2f0c-4267-bafe-682e5fd2fca7@group-547B605A4635-SegmentedRaftLogWorker was interrupted, exiting. There are 0 tasks remaining in the queue.
2021-08-17 11:51:14,329 [ForkJoinPool.commonPool-worker-1] INFO  segmented.SegmentedRaftLogWorker (SegmentedRaftLogWorker.java:close(237)) - e2fcfc86-2f0c-4267-bafe-682e5fd2fca7@group-547B605A4635-SegmentedRaftLogWorker close()
2021-08-17 11:51:14,329 [ForkJoinPool.commonPool-worker-1] INFO  server.RaftServer$Division (RaftServerImpl.java:lambda$close$4(407)) - e2fcfc86-2f0c-4267-bafe-682e5fd2fca7@group-6F6174E45E92: shutdown
2021-08-17 11:51:14,329 [ForkJoinPool.commonPool-worker-1] INFO  util.JmxRegister (JmxRegister.java:unregister(73)) - Successfully un-registered JMX Bean with object name Ratis:service=RaftServer,group=group-6F6174E45E92,id=e2fcfc86-2f0c-4267-bafe-682e5fd2fca7
2021-08-17 11:51:14,329 [ForkJoinPool.commonPool-worker-1] INFO  impl.RoleInfo (RoleInfo.java:shutdownFollowerState(108)) - e2fcfc86-2f0c-4267-bafe-682e5fd2fca7: shutdown e2fcfc86-2f0c-4267-bafe-682e5fd2fca7@group-6F6174E45E92-FollowerState
2021-08-17 11:51:14,373 [ForkJoinPool.commonPool-worker-1] INFO  impl.StateMachineUpdater (StateMachineUpdater.java:stopAndJoin(149)) - e2fcfc86-2f0c-4267-bafe-682e5fd2fca7@group-6F6174E45E92-StateMachineUpdater: set stopIndex = 0
2021-08-17 11:51:14,373 [e2fcfc86-2f0c-4267-bafe-682e5fd2fca7@group-6F6174E45E92-StateMachineUpdater] INFO  ratis.ContainerStateMachine (ContainerStateMachine.java:takeSnapshot(293)) - group-6F6174E45E92: Taking a snapshot at:(t:3, i:0) file /home/runner/work/ozone/ozone/hadoop-ozone/integration-test/target/test-dir/MiniOzoneClusterImpl-a1e163cb-5647-48ea-b1dc-b51dce44f61a/datanode-1/data/ratis/119cf746-ef48-4aaf-bc65-6f6174e45e92/sm/snapshot.3_0
2021-08-17 11:51:14,375 [e2fcfc86-2f0c-4267-bafe-682e5fd2fca7@group-6F6174E45E92-StateMachineUpdater] INFO  ratis.ContainerStateMachine (ContainerStateMachine.java:takeSnapshot(304)) - group-6F6174E45E92: Finished taking a snapshot at:(t:3, i:0) file:/home/runner/work/ozone/ozone/hadoop-ozone/integration-test/target/test-dir/MiniOzoneClusterImpl-a1e163cb-5647-48ea-b1dc-b51dce44f61a/datanode-1/data/ratis/119cf746-ef48-4aaf-bc65-6f6174e45e92/sm/snapshot.3_0 took: 1 ms
2021-08-17 11:51:14,375 [e2fcfc86-2f0c-4267-bafe-682e5fd2fca7@group-6F6174E45E92-StateMachineUpdater] INFO  impl.StateMachineUpdater (StateMachineUpdater.java:takeSnapshot(281)) - e2fcfc86-2f0c-4267-bafe-682e5fd2fca7@group-6F6174E45E92-StateMachineUpdater: Took a snapshot at index 0
2021-08-17 11:51:14,375 [e2fcfc86-2f0c-4267-bafe-682e5fd2fca7@group-6F6174E45E92-StateMachineUpdater] INFO  impl.StateMachineUpdater (StateMachineUpdater.java:lambda$new$0(89)) - e2fcfc86-2f0c-4267-bafe-682e5fd2fca7@group-6F6174E45E92-StateMachineUpdater: snapshotIndex: updateIncreasingly -1 -> 0
2021-08-17 11:51:14,375 [ForkJoinPool.commonPool-worker-1] INFO  server.RaftServer$Division (ServerState.java:close(419)) - e2fcfc86-2f0c-4267-bafe-682e5fd2fca7@group-6F6174E45E92: closes. applyIndex: 0
2021-08-17 11:51:14,376 [e2fcfc86-2f0c-4267-bafe-682e5fd2fca7@group-6F6174E45E92-SegmentedRaftLogWorker] INFO  segmented.SegmentedRaftLogWorker (SegmentedRaftLogWorker.java:run(327)) - e2fcfc86-2f0c-4267-bafe-682e5fd2fca7@group-6F6174E45E92-SegmentedRaftLogWorker was interrupted, exiting. There are 0 tasks remaining in the queue.
2021-08-17 11:51:14,376 [ForkJoinPool.commonPool-worker-1] INFO  segmented.SegmentedRaftLogWorker (SegmentedRaftLogWorker.java:close(237)) - e2fcfc86-2f0c-4267-bafe-682e5fd2fca7@group-6F6174E45E92-SegmentedRaftLogWorker close()
2021-08-17 11:51:14,376 [ForkJoinPool.commonPool-worker-1] INFO  server.GrpcService (GrpcService.java:closeImpl(262)) - e2fcfc86-2f0c-4267-bafe-682e5fd2fca7: shutdown server with port 43155 now
2021-08-17 11:51:14,382 [Listener at 127.0.0.1/40861] INFO  ozoneimpl.OzoneContainer (OzoneContainer.java:stop(326)) - Attempting to stop container services.
2021-08-17 11:51:14,417 [e2fcfc86-2f0c-4267-bafe-682e5fd2fca7@group-6F6174E45E92-FollowerState] INFO  impl.FollowerState (FollowerState.java:run(143)) - e2fcfc86-2f0c-4267-bafe-682e5fd2fca7@group-6F6174E45E92-FollowerState was interrupted: {}
java.lang.InterruptedException: sleep interrupted
	at java.lang.Thread.sleep(Native Method)
	at java.lang.Thread.sleep(Thread.java:340)
	at java.util.concurrent.TimeUnit.sleep(TimeUnit.java:386)
	at org.apache.ratis.util.TimeDuration.sleep(TimeDuration.java:324)
	at org.apache.ratis.util.TimeDuration.sleep(TimeDuration.java:309)
	at org.apache.ratis.server.impl.FollowerState.run(FollowerState.java:118)
2021-08-17 11:51:14,446 [ForkJoinPool.commonPool-worker-1] INFO  server.GrpcService (GrpcService.java:closeImpl(271)) - e2fcfc86-2f0c-4267-bafe-682e5fd2fca7: shutdown server with port 43155 successfully
2021-08-17 11:51:14,447 [org.apache.ratis.util.JvmPauseMonitor$$Lambda$531/89905617@7de843e4] INFO  util.JvmPauseMonitor (JvmPauseMonitor.java:run(109)) - JvmPauseMonitor-e2fcfc86-2f0c-4267-bafe-682e5fd2fca7: Stopped
2021-08-17 11:51:14,475 [ForkJoinPool.commonPool-worker-1] INFO  utils.BackgroundService (BackgroundService.java:shutdown(132)) - Shutting down service BlockDeletingService
2021-08-17 11:51:14,500 [Listener at 127.0.0.1/40861] INFO  server.RaftServer (RaftServerProxy.java:lambda$close$6(391)) - c2837b3a-083f-4317-9098-ed9e2645ea67: close
2021-08-17 11:51:14,500 [Listener at 127.0.0.1/40861] INFO  server.RaftServer$Division (RaftServerImpl.java:lambda$close$4(407)) - c2837b3a-083f-4317-9098-ed9e2645ea67@group-E1A33DFF2F97: shutdown
2021-08-17 11:51:14,500 [Listener at 127.0.0.1/40861] INFO  util.JmxRegister (JmxRegister.java:unregister(73)) - Successfully un-registered JMX Bean with object name Ratis:service=RaftServer,group=group-E1A33DFF2F97,id=c2837b3a-083f-4317-9098-ed9e2645ea67
2021-08-17 11:51:14,500 [Listener at 127.0.0.1/40861] INFO  impl.RoleInfo (RoleInfo.java:shutdownLeaderState(91)) - c2837b3a-083f-4317-9098-ed9e2645ea67: shutdown c2837b3a-083f-4317-9098-ed9e2645ea67@group-E1A33DFF2F97-LeaderStateImpl
2021-08-17 11:51:14,500 [Listener at 127.0.0.1/40861] INFO  impl.PendingRequests (PendingRequests.java:sendNotLeaderResponses(282)) - c2837b3a-083f-4317-9098-ed9e2645ea67@group-E1A33DFF2F97-PendingRequests: sendNotLeaderResponses
2021-08-17 11:51:14,501 [Listener at 127.0.0.1/40861] INFO  impl.StateMachineUpdater (StateMachineUpdater.java:stopAndJoin(149)) - c2837b3a-083f-4317-9098-ed9e2645ea67@group-E1A33DFF2F97-StateMachineUpdater: set stopIndex = 0
2021-08-17 11:51:14,502 [c2837b3a-083f-4317-9098-ed9e2645ea67@group-E1A33DFF2F97-StateMachineUpdater] INFO  ratis.ContainerStateMachine (ContainerStateMachine.java:takeSnapshot(293)) - group-E1A33DFF2F97: Taking a snapshot at:(t:1, i:0) file /home/runner/work/ozone/ozone/hadoop-ozone/integration-test/target/test-dir/MiniOzoneClusterImpl-a1e163cb-5647-48ea-b1dc-b51dce44f61a/datanode-8/data/ratis/e6cd0a89-06d9-4522-8ed4-e1a33dff2f97/sm/snapshot.1_0
2021-08-17 11:51:14,517 [c2837b3a-083f-4317-9098-ed9e2645ea67@group-E1A33DFF2F97-StateMachineUpdater] INFO  ratis.ContainerStateMachine (ContainerStateMachine.java:takeSnapshot(304)) - group-E1A33DFF2F97: Finished taking a snapshot at:(t:1, i:0) file:/home/runner/work/ozone/ozone/hadoop-ozone/integration-test/target/test-dir/MiniOzoneClusterImpl-a1e163cb-5647-48ea-b1dc-b51dce44f61a/datanode-8/data/ratis/e6cd0a89-06d9-4522-8ed4-e1a33dff2f97/sm/snapshot.1_0 took: 15 ms
2021-08-17 11:51:14,517 [c2837b3a-083f-4317-9098-ed9e2645ea67@group-E1A33DFF2F97-StateMachineUpdater] INFO  impl.StateMachineUpdater (StateMachineUpdater.java:takeSnapshot(281)) - c2837b3a-083f-4317-9098-ed9e2645ea67@group-E1A33DFF2F97-StateMachineUpdater: Took a snapshot at index 0
2021-08-17 11:51:14,517 [c2837b3a-083f-4317-9098-ed9e2645ea67@group-E1A33DFF2F97-StateMachineUpdater] INFO  impl.StateMachineUpdater (StateMachineUpdater.java:lambda$new$0(89)) - c2837b3a-083f-4317-9098-ed9e2645ea67@group-E1A33DFF2F97-StateMachineUpdater: snapshotIndex: updateIncreasingly -1 -> 0
2021-08-17 11:51:14,518 [Listener at 127.0.0.1/40861] INFO  server.RaftServer$Division (ServerState.java:close(419)) - c2837b3a-083f-4317-9098-ed9e2645ea67@group-E1A33DFF2F97: closes. applyIndex: 0
2021-08-17 11:51:14,521 [c2837b3a-083f-4317-9098-ed9e2645ea67@group-E1A33DFF2F97-SegmentedRaftLogWorker] INFO  segmented.SegmentedRaftLogWorker (SegmentedRaftLogWorker.java:run(327)) - c2837b3a-083f-4317-9098-ed9e2645ea67@group-E1A33DFF2F97-SegmentedRaftLogWorker was interrupted, exiting. There are 0 tasks remaining in the queue.
2021-08-17 11:51:14,521 [Listener at 127.0.0.1/40861] INFO  segmented.SegmentedRaftLogWorker (SegmentedRaftLogWorker.java:close(237)) - c2837b3a-083f-4317-9098-ed9e2645ea67@group-E1A33DFF2F97-SegmentedRaftLogWorker close()
2021-08-17 11:51:14,521 [Listener at 127.0.0.1/40861] INFO  server.RaftServer$Division (RaftServerImpl.java:lambda$close$4(407)) - c2837b3a-083f-4317-9098-ed9e2645ea67@group-DC37525C1773: shutdown
2021-08-17 11:51:14,522 [Listener at 127.0.0.1/40861] INFO  util.JmxRegister (JmxRegister.java:unregister(73)) - Successfully un-registered JMX Bean with object name Ratis:service=RaftServer,group=group-DC37525C1773,id=c2837b3a-083f-4317-9098-ed9e2645ea67
2021-08-17 11:51:14,522 [Listener at 127.0.0.1/40861] INFO  impl.RoleInfo (RoleInfo.java:shutdownFollowerState(108)) - c2837b3a-083f-4317-9098-ed9e2645ea67: shutdown c2837b3a-083f-4317-9098-ed9e2645ea67@group-DC37525C1773-FollowerState
2021-08-17 11:51:14,522 [c2837b3a-083f-4317-9098-ed9e2645ea67@group-DC37525C1773-FollowerState] INFO  impl.FollowerState (FollowerState.java:run(143)) - c2837b3a-083f-4317-9098-ed9e2645ea67@group-DC37525C1773-FollowerState was interrupted: {}
java.lang.InterruptedException: sleep interrupted
	at java.lang.Thread.sleep(Native Method)
	at java.lang.Thread.sleep(Thread.java:340)
	at java.util.concurrent.TimeUnit.sleep(TimeUnit.java:386)
	at org.apache.ratis.util.TimeDuration.sleep(TimeDuration.java:324)
	at org.apache.ratis.util.TimeDuration.sleep(TimeDuration.java:309)
	at org.apache.ratis.server.impl.FollowerState.run(FollowerState.java:118)
2021-08-17 11:51:14,522 [c2837b3a-083f-4317-9098-ed9e2645ea67@group-DC37525C1773-StateMachineUpdater] INFO  ratis.ContainerStateMachine (ContainerStateMachine.java:takeSnapshot(293)) - group-DC37525C1773: Taking a snapshot at:(t:4, i:0) file /home/runner/work/ozone/ozone/hadoop-ozone/integration-test/target/test-dir/MiniOzoneClusterImpl-a1e163cb-5647-48ea-b1dc-b51dce44f61a/datanode-8/data/ratis/8fd58685-d2a7-4c14-9592-dc37525c1773/sm/snapshot.4_0
2021-08-17 11:51:14,523 [Listener at 127.0.0.1/40861] INFO  impl.StateMachineUpdater (StateMachineUpdater.java:stopAndJoin(149)) - c2837b3a-083f-4317-9098-ed9e2645ea67@group-DC37525C1773-StateMachineUpdater: set stopIndex = 0
2021-08-17 11:51:14,524 [c2837b3a-083f-4317-9098-ed9e2645ea67@group-DC37525C1773-StateMachineUpdater] INFO  ratis.ContainerStateMachine (ContainerStateMachine.java:takeSnapshot(304)) - group-DC37525C1773: Finished taking a snapshot at:(t:4, i:0) file:/home/runner/work/ozone/ozone/hadoop-ozone/integration-test/target/test-dir/MiniOzoneClusterImpl-a1e163cb-5647-48ea-b1dc-b51dce44f61a/datanode-8/data/ratis/8fd58685-d2a7-4c14-9592-dc37525c1773/sm/snapshot.4_0 took: 2 ms
2021-08-17 11:51:14,524 [c2837b3a-083f-4317-9098-ed9e2645ea67@group-DC37525C1773-StateMachineUpdater] INFO  impl.StateMachineUpdater (StateMachineUpdater.java:takeSnapshot(281)) - c2837b3a-083f-4317-9098-ed9e2645ea67@group-DC37525C1773-StateMachineUpdater: Took a snapshot at index 0
2021-08-17 11:51:14,524 [c2837b3a-083f-4317-9098-ed9e2645ea67@group-DC37525C1773-StateMachineUpdater] INFO  impl.StateMachineUpdater (StateMachineUpdater.java:lambda$new$0(89)) - c2837b3a-083f-4317-9098-ed9e2645ea67@group-DC37525C1773-StateMachineUpdater: snapshotIndex: updateIncreasingly -1 -> 0
2021-08-17 11:51:14,524 [Listener at 127.0.0.1/40861] INFO  server.RaftServer$Division (ServerState.java:close(419)) - c2837b3a-083f-4317-9098-ed9e2645ea67@group-DC37525C1773: closes. applyIndex: 0
2021-08-17 11:51:14,525 [c2837b3a-083f-4317-9098-ed9e2645ea67@group-DC37525C1773-SegmentedRaftLogWorker] INFO  segmented.SegmentedRaftLogWorker (SegmentedRaftLogWorker.java:run(327)) - c2837b3a-083f-4317-9098-ed9e2645ea67@group-DC37525C1773-SegmentedRaftLogWorker was interrupted, exiting. There are 0 tasks remaining in the queue.
2021-08-17 11:51:14,530 [Listener at 127.0.0.1/40861] INFO  segmented.SegmentedRaftLogWorker (SegmentedRaftLogWorker.java:close(237)) - c2837b3a-083f-4317-9098-ed9e2645ea67@group-DC37525C1773-SegmentedRaftLogWorker close()
2021-08-17 11:51:14,531 [Listener at 127.0.0.1/40861] INFO  server.GrpcService (GrpcService.java:closeImpl(262)) - c2837b3a-083f-4317-9098-ed9e2645ea67: shutdown server with port 40281 now
2021-08-17 11:51:14,535 [grpc-default-executor-6] WARN  server.GrpcLogAppender (LogUtils.java:warn(122)) - 4d40c50f-34df-4d8d-ada3-4ecb2b1f4098@group-DC37525C1773->c2837b3a-083f-4317-9098-ed9e2645ea67-AppendLogResponseHandler: Failed appendEntries: org.apache.ratis.thirdparty.io.grpc.StatusRuntimeException: CANCELLED: HTTP/2 error code: CANCEL
Received Rst Stream
2021-08-17 11:51:14,535 [grpc-default-executor-6] WARN  server.GrpcLogAppender (GrpcLogAppender.java:resetClient(111)) - 4d40c50f-34df-4d8d-ada3-4ecb2b1f4098@group-DC37525C1773->c2837b3a-083f-4317-9098-ed9e2645ea67-GrpcLogAppender: Leader has not got in touch with Follower 4d40c50f-34df-4d8d-ada3-4ecb2b1f4098@group-DC37525C1773->c2837b3a-083f-4317-9098-ed9e2645ea67(c0,m0,n1, attendVote=true, lastRpcSendTime=211, lastRpcResponseTime=158) yet, just keep nextIndex unchanged and retry.
2021-08-17 11:51:14,561 [Listener at 127.0.0.1/40861] INFO  server.GrpcService (GrpcService.java:closeImpl(271)) - c2837b3a-083f-4317-9098-ed9e2645ea67: shutdown server with port 40281 successfully
2021-08-17 11:51:14,561 [grpc-default-executor-2] WARN  server.GrpcServerProtocolService (LogUtils.java:warn(122)) - c2837b3a-083f-4317-9098-ed9e2645ea67: installSnapshot onError, lastRequest: 4d40c50f-34df-4d8d-ada3-4ecb2b1f4098->c2837b3a-083f-4317-9098-ed9e2645ea67#1-t4,previous=(t:0, i:0),leaderCommit=-1,initializing? true,entries: size=1, first=(t:4, i:0), CONFIGURATIONENTRY: org.apache.ratis.thirdparty.io.grpc.StatusRuntimeException: CANCELLED: client cancelled
2021-08-17 11:51:14,585 [org.apache.ratis.util.JvmPauseMonitor$$Lambda$531/89905617@69c6cee3] INFO  util.JvmPauseMonitor (JvmPauseMonitor.java:run(109)) - JvmPauseMonitor-c2837b3a-083f-4317-9098-ed9e2645ea67: Stopped
2021-08-17 11:51:14,586 [Listener at 127.0.0.1/40861] INFO  utils.BackgroundService (BackgroundService.java:shutdown(132)) - Shutting down service BlockDeletingService
2021-08-17 11:51:14,721 [grpc-default-executor-2] WARN  server.GrpcLogAppender (LogUtils.java:warn(122)) - 4d40c50f-34df-4d8d-ada3-4ecb2b1f4098@group-DC37525C1773->b04f16c0-2a60-4c52-b6a0-e9a8376fd099-AppendLogResponseHandler: Failed appendEntries: org.apache.ratis.thirdparty.io.grpc.StatusRuntimeException: UNAVAILABLE: io exception
2021-08-17 11:51:14,721 [grpc-default-executor-2] WARN  server.GrpcLogAppender (GrpcLogAppender.java:resetClient(111)) - 4d40c50f-34df-4d8d-ada3-4ecb2b1f4098@group-DC37525C1773->b04f16c0-2a60-4c52-b6a0-e9a8376fd099-GrpcLogAppender: Leader has not got in touch with Follower 4d40c50f-34df-4d8d-ada3-4ecb2b1f4098@group-DC37525C1773->b04f16c0-2a60-4c52-b6a0-e9a8376fd099(c0,m0,n1, attendVote=true, lastRpcSendTime=4, lastRpcResponseTime=10160) yet, just keep nextIndex unchanged and retry.
2021-08-17 11:51:16,929 [grpc-default-executor-2] WARN  server.GrpcLogAppender (LogUtils.java:warn(122)) - 4d40c50f-34df-4d8d-ada3-4ecb2b1f4098@group-DC37525C1773->c2837b3a-083f-4317-9098-ed9e2645ea67-AppendLogResponseHandler: Failed appendEntries: org.apache.ratis.thirdparty.io.grpc.StatusRuntimeException: UNAVAILABLE: io exception
2021-08-17 11:51:16,930 [grpc-default-executor-2] WARN  server.GrpcLogAppender (GrpcLogAppender.java:resetClient(111)) - 4d40c50f-34df-4d8d-ada3-4ecb2b1f4098@group-DC37525C1773->c2837b3a-083f-4317-9098-ed9e2645ea67-GrpcLogAppender: Leader has not got in touch with Follower 4d40c50f-34df-4d8d-ada3-4ecb2b1f4098@group-DC37525C1773->c2837b3a-083f-4317-9098-ed9e2645ea67(c0,m0,n1, attendVote=true, lastRpcSendTime=2606, lastRpcResponseTime=2553) yet, just keep nextIndex unchanged and retry.
2021-08-17 11:51:17,217 [grpc-default-executor-2] WARN  server.GrpcLogAppender (LogUtils.java:warn(122)) - 4d40c50f-34df-4d8d-ada3-4ecb2b1f4098@group-DC37525C1773->b04f16c0-2a60-4c52-b6a0-e9a8376fd099-AppendLogResponseHandler: Failed appendEntries: org.apache.ratis.thirdparty.io.grpc.StatusRuntimeException: UNAVAILABLE: io exception
2021-08-17 11:51:17,218 [grpc-default-executor-2] WARN  server.GrpcLogAppender (GrpcLogAppender.java:resetClient(111)) - 4d40c50f-34df-4d8d-ada3-4ecb2b1f4098@group-DC37525C1773->b04f16c0-2a60-4c52-b6a0-e9a8376fd099-GrpcLogAppender: Leader has not got in touch with Follower 4d40c50f-34df-4d8d-ada3-4ecb2b1f4098@group-DC37525C1773->b04f16c0-2a60-4c52-b6a0-e9a8376fd099(c0,m0,n1, attendVote=true, lastRpcSendTime=0, lastRpcResponseTime=12657) yet, just keep nextIndex unchanged and retry.
2021-08-17 11:51:17,497 [ForkJoinPool.commonPool-worker-1] INFO  statemachine.DatanodeStateMachine (DatanodeStateMachine.java:stopDaemon(515)) - Ozone container server stopped.
2021-08-17 11:51:17,513 [ForkJoinPool.commonPool-worker-1] INFO  handler.ContextHandler (ContextHandler.java:doStop(1153)) - Stopped o.e.j.w.WebAppContext@4a36d9af{hddsDatanode,/,null,STOPPED}{jar:file:/home/runner/.m2/repository/org/apache/ozone/hdds-container-service/1.2.0-SNAPSHOT/hdds-container-service-1.2.0-SNAPSHOT.jar!/webapps/hddsDatanode}
2021-08-17 11:51:17,569 [ForkJoinPool.commonPool-worker-1] INFO  server.AbstractConnector (AbstractConnector.java:doStop(381)) - Stopped ServerConnector@2fbc2377{HTTP/1.1, (http/1.1)}{0.0.0.0:0}
2021-08-17 11:51:17,570 [ForkJoinPool.commonPool-worker-1] INFO  server.session (HouseKeeper.java:stopScavenging(149)) - node0 Stopped scavenging
2021-08-17 11:51:17,582 [ForkJoinPool.commonPool-worker-1] INFO  handler.ContextHandler (ContextHandler.java:doStop(1153)) - Stopped o.e.j.s.ServletContextHandler@4dfdfa3d{static,/static,jar:file:/home/runner/.m2/repository/org/apache/ozone/hdds-container-service/1.2.0-SNAPSHOT/hdds-container-service-1.2.0-SNAPSHOT.jar!/webapps/static,STOPPED}
2021-08-17 11:51:17,583 [ForkJoinPool.commonPool-worker-1] INFO  handler.ContextHandler (ContextHandler.java:doStop(1153)) - Stopped o.e.j.s.ServletContextHandler@483ecce2{logs,/logs,file:///home/runner/work/ozone/ozone/hadoop-ozone/integration-test/target/log,STOPPED}
2021-08-17 11:51:17,616 [Listener at 127.0.0.1/40861] INFO  statemachine.DatanodeStateMachine (DatanodeStateMachine.java:stopDaemon(515)) - Ozone container server stopped.
2021-08-17 11:51:17,617 [Listener at 127.0.0.1/40861] INFO  handler.ContextHandler (ContextHandler.java:doStop(1153)) - Stopped o.e.j.w.WebAppContext@40584aff{hddsDatanode,/,null,STOPPED}{jar:file:/home/runner/.m2/repository/org/apache/ozone/hdds-container-service/1.2.0-SNAPSHOT/hdds-container-service-1.2.0-SNAPSHOT.jar!/webapps/hddsDatanode}
2021-08-17 11:51:17,637 [Listener at 127.0.0.1/40861] INFO  server.AbstractConnector (AbstractConnector.java:doStop(381)) - Stopped ServerConnector@7473419d{HTTP/1.1, (http/1.1)}{0.0.0.0:0}
2021-08-17 11:51:17,637 [Listener at 127.0.0.1/40861] INFO  server.session (HouseKeeper.java:stopScavenging(149)) - node0 Stopped scavenging
2021-08-17 11:51:17,637 [Listener at 127.0.0.1/40861] INFO  handler.ContextHandler (ContextHandler.java:doStop(1153)) - Stopped o.e.j.s.ServletContextHandler@6ca26a81{static,/static,jar:file:/home/runner/.m2/repository/org/apache/ozone/hdds-container-service/1.2.0-SNAPSHOT/hdds-container-service-1.2.0-SNAPSHOT.jar!/webapps/static,STOPPED}
2021-08-17 11:51:17,638 [Listener at 127.0.0.1/40861] INFO  handler.ContextHandler (ContextHandler.java:doStop(1153)) - Stopped o.e.j.s.ServletContextHandler@6768399d{logs,/logs,file:///home/runner/work/ozone/ozone/hadoop-ozone/integration-test/target/log,STOPPED}
2021-08-17 11:51:18,332 [Datanode State Machine Thread - 0] INFO  statemachine.DatanodeStateMachine (DatanodeStateMachine.java:lambda$startDaemon$0(457)) - Ozone container server started.
2021-08-17 11:51:19,457 [grpc-default-executor-2] WARN  server.GrpcLogAppender (LogUtils.java:warn(122)) - 4d40c50f-34df-4d8d-ada3-4ecb2b1f4098@group-DC37525C1773->c2837b3a-083f-4317-9098-ed9e2645ea67-AppendLogResponseHandler: Failed appendEntries: org.apache.ratis.thirdparty.io.grpc.StatusRuntimeException: UNAVAILABLE: io exception
2021-08-17 11:51:19,458 [grpc-default-executor-2] WARN  server.GrpcLogAppender (GrpcLogAppender.java:resetClient(111)) - 4d40c50f-34df-4d8d-ada3-4ecb2b1f4098@group-DC37525C1773->c2837b3a-083f-4317-9098-ed9e2645ea67-GrpcLogAppender: Leader has not got in touch with Follower 4d40c50f-34df-4d8d-ada3-4ecb2b1f4098@group-DC37525C1773->c2837b3a-083f-4317-9098-ed9e2645ea67(c0,m0,n1, attendVote=true, lastRpcSendTime=0, lastRpcResponseTime=5081) yet, just keep nextIndex unchanged and retry.
2021-08-17 11:51:19,728 [grpc-default-executor-2] WARN  server.GrpcLogAppender (LogUtils.java:warn(122)) - 4d40c50f-34df-4d8d-ada3-4ecb2b1f4098@group-DC37525C1773->b04f16c0-2a60-4c52-b6a0-e9a8376fd099-AppendLogResponseHandler: Failed appendEntries: org.apache.ratis.thirdparty.io.grpc.StatusRuntimeException: UNAVAILABLE: io exception
2021-08-17 11:51:19,729 [grpc-default-executor-2] WARN  server.GrpcLogAppender (GrpcLogAppender.java:resetClient(111)) - 4d40c50f-34df-4d8d-ada3-4ecb2b1f4098@group-DC37525C1773->b04f16c0-2a60-4c52-b6a0-e9a8376fd099-GrpcLogAppender: Leader has not got in touch with Follower 4d40c50f-34df-4d8d-ada3-4ecb2b1f4098@group-DC37525C1773->b04f16c0-2a60-4c52-b6a0-e9a8376fd099(c0,m0,n1, attendVote=true, lastRpcSendTime=3, lastRpcResponseTime=15167) yet, just keep nextIndex unchanged and retry.
2021-08-17 11:51:21,870 [EventQueue-StaleNodeForStaleNodeHandler] INFO  node.StaleNodeHandler (StaleNodeHandler.java:onMessage(58)) - Datanode c0cb38e9-ad72-45c7-87a7-238cd12f7624{ip: 10.1.0.37, host: fv-az297-666.nmf1rxwemy4u5di1sxxf4ejcwb.jx.internal.cloudapp.net, ports: [REPLICATION=38091, RATIS=45031, RATIS_ADMIN=45031, RATIS_SERVER=45031, STANDALONE=42307], networkLocation: /default-rack, certSerialId: null, persistedOpState: IN_SERVICE, persistedOpStateExpiryEpochSec: 0} moved to stale state. Finalizing its pipelines [PipelineID=9b2af877-39a4-4873-b184-24113e272142, PipelineID=b46231f7-c763-4fe7-b17b-cbb5281ffc6f]
2021-08-17 11:51:21,870 [EventQueue-StaleNodeForStaleNodeHandler] INFO  pipeline.PipelineManagerImpl (PipelineManagerImpl.java:closePipeline(343)) - Pipeline Pipeline[ Id: b46231f7-c763-4fe7-b17b-cbb5281ffc6f, Nodes: c0cb38e9-ad72-45c7-87a7-238cd12f7624{ip: 10.1.0.37, host: fv-az297-666.nmf1rxwemy4u5di1sxxf4ejcwb.jx.internal.cloudapp.net, ports: [REPLICATION=38091, RATIS=45031, RATIS_ADMIN=45031, RATIS_SERVER=45031, STANDALONE=42307], networkLocation: /default-rack, certSerialId: null, persistedOpState: IN_SERVICE, persistedOpStateExpiryEpochSec: 0}, ReplicationConfig: RATIS/ONE, State:OPEN, leaderId:c0cb38e9-ad72-45c7-87a7-238cd12f7624, CreationTimestamp2021-08-17T11:50:17.559Z[Etc/UTC]] moved to CLOSED state
2021-08-17 11:51:21,961 [grpc-default-executor-2] WARN  server.GrpcLogAppender (LogUtils.java:warn(122)) - 4d40c50f-34df-4d8d-ada3-4ecb2b1f4098@group-DC37525C1773->c2837b3a-083f-4317-9098-ed9e2645ea67-AppendLogResponseHandler: Failed appendEntries: org.apache.ratis.thirdparty.io.grpc.StatusRuntimeException: UNAVAILABLE: io exception
2021-08-17 11:51:21,962 [grpc-default-executor-2] WARN  server.GrpcLogAppender (GrpcLogAppender.java:resetClient(111)) - 4d40c50f-34df-4d8d-ada3-4ecb2b1f4098@group-DC37525C1773->c2837b3a-083f-4317-9098-ed9e2645ea67-GrpcLogAppender: Leader has not got in touch with Follower 4d40c50f-34df-4d8d-ada3-4ecb2b1f4098@group-DC37525C1773->c2837b3a-083f-4317-9098-ed9e2645ea67(c0,m0,n1, attendVote=true, lastRpcSendTime=0, lastRpcResponseTime=7585) yet, just keep nextIndex unchanged and retry.
2021-08-17 11:51:22,249 [grpc-default-executor-2] WARN  server.GrpcLogAppender (LogUtils.java:warn(122)) - 4d40c50f-34df-4d8d-ada3-4ecb2b1f4098@group-DC37525C1773->b04f16c0-2a60-4c52-b6a0-e9a8376fd099-AppendLogResponseHandler: Failed appendEntries: org.apache.ratis.thirdparty.io.grpc.StatusRuntimeException: UNAVAILABLE: io exception
2021-08-17 11:51:22,250 [grpc-default-executor-2] WARN  server.GrpcLogAppender (GrpcLogAppender.java:resetClient(111)) - 4d40c50f-34df-4d8d-ada3-4ecb2b1f4098@group-DC37525C1773->b04f16c0-2a60-4c52-b6a0-e9a8376fd099-GrpcLogAppender: Leader has not got in touch with Follower 4d40c50f-34df-4d8d-ada3-4ecb2b1f4098@group-DC37525C1773->b04f16c0-2a60-4c52-b6a0-e9a8376fd099(c0,m0,n1, attendVote=true, lastRpcSendTime=2524, lastRpcResponseTime=17689) yet, just keep nextIndex unchanged and retry.
2021-08-17 11:51:22,378 [EventQueue-StaleNodeForStaleNodeHandler] INFO  node.StaleNodeHandler (StaleNodeHandler.java:onMessage(58)) - Datanode ce9e4e21-b8b3-47e8-a05b-7ed0cb4ed4d0{ip: 10.1.0.37, host: fv-az297-666.nmf1rxwemy4u5di1sxxf4ejcwb.jx.internal.cloudapp.net, ports: [REPLICATION=40849, RATIS=42995, RATIS_ADMIN=42995, RATIS_SERVER=42995, STANDALONE=43843], networkLocation: /default-rack, certSerialId: null, persistedOpState: IN_SERVICE, persistedOpStateExpiryEpochSec: 0} moved to stale state. Finalizing its pipelines [PipelineID=ee2a429d-325a-44a0-81a4-2a0b1b25c762, PipelineID=9b2af877-39a4-4873-b184-24113e272142]
2021-08-17 11:51:22,379 [EventQueue-StaleNodeForStaleNodeHandler] INFO  pipeline.PipelineManagerImpl (PipelineManagerImpl.java:closePipeline(343)) - Pipeline Pipeline[ Id: ee2a429d-325a-44a0-81a4-2a0b1b25c762, Nodes: ce9e4e21-b8b3-47e8-a05b-7ed0cb4ed4d0{ip: 10.1.0.37, host: fv-az297-666.nmf1rxwemy4u5di1sxxf4ejcwb.jx.internal.cloudapp.net, ports: [REPLICATION=40849, RATIS=42995, RATIS_ADMIN=42995, RATIS_SERVER=42995, STANDALONE=43843], networkLocation: /default-rack, certSerialId: null, persistedOpState: IN_SERVICE, persistedOpStateExpiryEpochSec: 0}, ReplicationConfig: RATIS/ONE, State:OPEN, leaderId:ce9e4e21-b8b3-47e8-a05b-7ed0cb4ed4d0, CreationTimestamp2021-08-17T11:50:19.358Z[Etc/UTC]] moved to CLOSED state
2021-08-17 11:51:22,594 [ForkJoinPool.commonPool-worker-1] INFO  ozoneimpl.OzoneContainer (OzoneContainer.java:stop(326)) - Attempting to stop container services.
2021-08-17 11:51:22,594 [ForkJoinPool.commonPool-worker-1] INFO  server.RaftServer (RaftServerProxy.java:lambda$close$6(391)) - 4d40c50f-34df-4d8d-ada3-4ecb2b1f4098: close
2021-08-17 11:51:22,594 [ForkJoinPool.commonPool-worker-1] INFO  server.RaftServer$Division (RaftServerImpl.java:lambda$close$4(407)) - 4d40c50f-34df-4d8d-ada3-4ecb2b1f4098@group-2F65DADD13F6: shutdown
2021-08-17 11:51:22,594 [ForkJoinPool.commonPool-worker-1] INFO  util.JmxRegister (JmxRegister.java:unregister(73)) - Successfully un-registered JMX Bean with object name Ratis:service=RaftServer,group=group-2F65DADD13F6,id=4d40c50f-34df-4d8d-ada3-4ecb2b1f4098
2021-08-17 11:51:22,594 [ForkJoinPool.commonPool-worker-1] INFO  impl.RoleInfo (RoleInfo.java:shutdownLeaderState(91)) - 4d40c50f-34df-4d8d-ada3-4ecb2b1f4098: shutdown 4d40c50f-34df-4d8d-ada3-4ecb2b1f4098@group-2F65DADD13F6-LeaderStateImpl
2021-08-17 11:51:22,595 [ForkJoinPool.commonPool-worker-1] INFO  impl.PendingRequests (PendingRequests.java:sendNotLeaderResponses(282)) - 4d40c50f-34df-4d8d-ada3-4ecb2b1f4098@group-2F65DADD13F6-PendingRequests: sendNotLeaderResponses
2021-08-17 11:51:22,595 [ForkJoinPool.commonPool-worker-1] INFO  impl.StateMachineUpdater (StateMachineUpdater.java:stopAndJoin(149)) - 4d40c50f-34df-4d8d-ada3-4ecb2b1f4098@group-2F65DADD13F6-StateMachineUpdater: set stopIndex = 0
2021-08-17 11:51:22,596 [4d40c50f-34df-4d8d-ada3-4ecb2b1f4098@group-2F65DADD13F6-StateMachineUpdater] INFO  ratis.ContainerStateMachine (ContainerStateMachine.java:takeSnapshot(293)) - group-2F65DADD13F6: Taking a snapshot at:(t:1, i:0) file /home/runner/work/ozone/ozone/hadoop-ozone/integration-test/target/test-dir/MiniOzoneClusterImpl-a1e163cb-5647-48ea-b1dc-b51dce44f61a/datanode-6/data/ratis/6c3ce9b5-6018-42b4-b968-2f65dadd13f6/sm/snapshot.1_0
2021-08-17 11:51:22,600 [4d40c50f-34df-4d8d-ada3-4ecb2b1f4098@group-2F65DADD13F6-StateMachineUpdater] INFO  ratis.ContainerStateMachine (ContainerStateMachine.java:takeSnapshot(304)) - group-2F65DADD13F6: Finished taking a snapshot at:(t:1, i:0) file:/home/runner/work/ozone/ozone/hadoop-ozone/integration-test/target/test-dir/MiniOzoneClusterImpl-a1e163cb-5647-48ea-b1dc-b51dce44f61a/datanode-6/data/ratis/6c3ce9b5-6018-42b4-b968-2f65dadd13f6/sm/snapshot.1_0 took: 4 ms
2021-08-17 11:51:22,600 [4d40c50f-34df-4d8d-ada3-4ecb2b1f4098@group-2F65DADD13F6-StateMachineUpdater] INFO  impl.StateMachineUpdater (StateMachineUpdater.java:takeSnapshot(281)) - 4d40c50f-34df-4d8d-ada3-4ecb2b1f4098@group-2F65DADD13F6-StateMachineUpdater: Took a snapshot at index 0
2021-08-17 11:51:22,600 [4d40c50f-34df-4d8d-ada3-4ecb2b1f4098@group-2F65DADD13F6-StateMachineUpdater] INFO  impl.StateMachineUpdater (StateMachineUpdater.java:lambda$new$0(89)) - 4d40c50f-34df-4d8d-ada3-4ecb2b1f4098@group-2F65DADD13F6-StateMachineUpdater: snapshotIndex: updateIncreasingly -1 -> 0
2021-08-17 11:51:22,615 [ForkJoinPool.commonPool-worker-1] INFO  server.RaftServer$Division (ServerState.java:close(419)) - 4d40c50f-34df-4d8d-ada3-4ecb2b1f4098@group-2F65DADD13F6: closes. applyIndex: 0
2021-08-17 11:51:22,615 [4d40c50f-34df-4d8d-ada3-4ecb2b1f4098@group-2F65DADD13F6-SegmentedRaftLogWorker] INFO  segmented.SegmentedRaftLogWorker (SegmentedRaftLogWorker.java:run(327)) - 4d40c50f-34df-4d8d-ada3-4ecb2b1f4098@group-2F65DADD13F6-SegmentedRaftLogWorker was interrupted, exiting. There are 0 tasks remaining in the queue.
2021-08-17 11:51:22,615 [ForkJoinPool.commonPool-worker-1] INFO  segmented.SegmentedRaftLogWorker (SegmentedRaftLogWorker.java:close(237)) - 4d40c50f-34df-4d8d-ada3-4ecb2b1f4098@group-2F65DADD13F6-SegmentedRaftLogWorker close()
2021-08-17 11:51:22,615 [ForkJoinPool.commonPool-worker-1] INFO  server.RaftServer$Division (RaftServerImpl.java:lambda$close$4(407)) - 4d40c50f-34df-4d8d-ada3-4ecb2b1f4098@group-DC37525C1773: shutdown
2021-08-17 11:51:22,615 [ForkJoinPool.commonPool-worker-1] INFO  util.JmxRegister (JmxRegister.java:unregister(73)) - Successfully un-registered JMX Bean with object name Ratis:service=RaftServer,group=group-DC37525C1773,id=4d40c50f-34df-4d8d-ada3-4ecb2b1f4098
2021-08-17 11:51:22,615 [ForkJoinPool.commonPool-worker-1] INFO  impl.RoleInfo (RoleInfo.java:shutdownLeaderState(91)) - 4d40c50f-34df-4d8d-ada3-4ecb2b1f4098: shutdown 4d40c50f-34df-4d8d-ada3-4ecb2b1f4098@group-DC37525C1773-LeaderStateImpl
2021-08-17 11:51:22,615 [ForkJoinPool.commonPool-worker-1] INFO  impl.PendingRequests (PendingRequests.java:sendNotLeaderResponses(282)) - 4d40c50f-34df-4d8d-ada3-4ecb2b1f4098@group-DC37525C1773-PendingRequests: sendNotLeaderResponses
2021-08-17 11:51:22,617 [4d40c50f-34df-4d8d-ada3-4ecb2b1f4098@group-DC37525C1773-StateMachineUpdater] INFO  ratis.ContainerStateMachine (ContainerStateMachine.java:takeSnapshot(293)) - group-DC37525C1773: Taking a snapshot at:(t:4, i:0) file /home/runner/work/ozone/ozone/hadoop-ozone/integration-test/target/test-dir/MiniOzoneClusterImpl-a1e163cb-5647-48ea-b1dc-b51dce44f61a/datanode-6/data/ratis/8fd58685-d2a7-4c14-9592-dc37525c1773/sm/snapshot.4_0
2021-08-17 11:51:22,618 [4d40c50f-34df-4d8d-ada3-4ecb2b1f4098@group-DC37525C1773-StateMachineUpdater] INFO  ratis.ContainerStateMachine (ContainerStateMachine.java:takeSnapshot(304)) - group-DC37525C1773: Finished taking a snapshot at:(t:4, i:0) file:/home/runner/work/ozone/ozone/hadoop-ozone/integration-test/target/test-dir/MiniOzoneClusterImpl-a1e163cb-5647-48ea-b1dc-b51dce44f61a/datanode-6/data/ratis/8fd58685-d2a7-4c14-9592-dc37525c1773/sm/snapshot.4_0 took: 2 ms
2021-08-17 11:51:22,619 [4d40c50f-34df-4d8d-ada3-4ecb2b1f4098@group-DC37525C1773-StateMachineUpdater] INFO  impl.StateMachineUpdater (StateMachineUpdater.java:takeSnapshot(281)) - 4d40c50f-34df-4d8d-ada3-4ecb2b1f4098@group-DC37525C1773-StateMachineUpdater: Took a snapshot at index 0
2021-08-17 11:51:22,619 [4d40c50f-34df-4d8d-ada3-4ecb2b1f4098@group-DC37525C1773-StateMachineUpdater] INFO  impl.StateMachineUpdater (StateMachineUpdater.java:lambda$new$0(89)) - 4d40c50f-34df-4d8d-ada3-4ecb2b1f4098@group-DC37525C1773-StateMachineUpdater: snapshotIndex: updateIncreasingly -1 -> 0
2021-08-17 11:51:22,619 [ForkJoinPool.commonPool-worker-1] INFO  impl.StateMachineUpdater (StateMachineUpdater.java:stopAndJoin(149)) - 4d40c50f-34df-4d8d-ada3-4ecb2b1f4098@group-DC37525C1773-StateMachineUpdater: set stopIndex = 0
2021-08-17 11:51:22,621 [ForkJoinPool.commonPool-worker-1] INFO  server.RaftServer$Division (ServerState.java:close(419)) - 4d40c50f-34df-4d8d-ada3-4ecb2b1f4098@group-DC37525C1773: closes. applyIndex: 0
2021-08-17 11:51:22,621 [4d40c50f-34df-4d8d-ada3-4ecb2b1f4098@group-DC37525C1773-SegmentedRaftLogWorker] INFO  segmented.SegmentedRaftLogWorker (SegmentedRaftLogWorker.java:run(327)) - 4d40c50f-34df-4d8d-ada3-4ecb2b1f4098@group-DC37525C1773-SegmentedRaftLogWorker was interrupted, exiting. There are 0 tasks remaining in the queue.
2021-08-17 11:51:22,621 [ForkJoinPool.commonPool-worker-1] INFO  segmented.SegmentedRaftLogWorker (SegmentedRaftLogWorker.java:close(237)) - 4d40c50f-34df-4d8d-ada3-4ecb2b1f4098@group-DC37525C1773-SegmentedRaftLogWorker close()
2021-08-17 11:51:22,621 [ForkJoinPool.commonPool-worker-1] INFO  server.GrpcService (GrpcService.java:closeImpl(262)) - 4d40c50f-34df-4d8d-ada3-4ecb2b1f4098: shutdown server with port 38377 now
2021-08-17 11:51:22,679 [ForkJoinPool.commonPool-worker-1] INFO  server.GrpcService (GrpcService.java:closeImpl(271)) - 4d40c50f-34df-4d8d-ada3-4ecb2b1f4098: shutdown server with port 38377 successfully
2021-08-17 11:51:22,680 [org.apache.ratis.util.JvmPauseMonitor$$Lambda$531/89905617@6c7ecbe4] INFO  util.JvmPauseMonitor (JvmPauseMonitor.java:run(109)) - JvmPauseMonitor-4d40c50f-34df-4d8d-ada3-4ecb2b1f4098: Stopped
2021-08-17 11:51:22,717 [4d40c50f-34df-4d8d-ada3-4ecb2b1f4098@group-DC37525C1773->c2837b3a-083f-4317-9098-ed9e2645ea67-GrpcLogAppender-LogAppenderDaemon] ERROR leader.LogAppenderDaemon (LogAppenderDaemon.java:run(86)) - 4d40c50f-34df-4d8d-ada3-4ecb2b1f4098@group-DC37525C1773->c2837b3a-083f-4317-9098-ed9e2645ea67-GrpcLogAppender-LogAppenderDaemon failed
java.lang.IllegalArgumentException: 4d40c50f-34df-4d8d-ada3-4ecb2b1f4098@group-DC37525C1773-SegmentedRaftLog is expected to be opened but it is CLOSED
	at org.apache.ratis.util.OpenCloseState.assertOpen(OpenCloseState.java:63)
	at org.apache.ratis.server.raftlog.RaftLogBase.checkLogState(RaftLogBase.java:107)
	at org.apache.ratis.server.raftlog.segmented.SegmentedRaftLog.getLastEntryTermIndex(SegmentedRaftLog.java:339)
	at org.apache.ratis.server.raftlog.RaftLog.getNextIndex(RaftLog.java:83)
	at org.apache.ratis.server.leader.LogAppenderBase.newAppendEntriesRequest(LogAppenderBase.java:138)
	at org.apache.ratis.grpc.server.GrpcLogAppender.appendLog(GrpcLogAppender.java:211)
	at org.apache.ratis.grpc.server.GrpcLogAppender.run(GrpcLogAppender.java:145)
	at org.apache.ratis.server.leader.LogAppenderDaemon.run(LogAppenderDaemon.java:77)
	at java.lang.Thread.run(Thread.java:748)
Caused by: org.apache.ratis.util.OpenCloseState$CloseTrace: Close 4d40c50f-34df-4d8d-ada3-4ecb2b1f4098@group-DC37525C1773-SegmentedRaftLog
	at org.apache.ratis.util.OpenCloseState.lambda$close$1(OpenCloseState.java:109)
	at java.util.concurrent.atomic.AtomicReference.getAndUpdate(AtomicReference.java:160)
	at org.apache.ratis.util.OpenCloseState.close(OpenCloseState.java:109)
	at org.apache.ratis.server.raftlog.RaftLogBase.close(RaftLogBase.java:356)
	at org.apache.ratis.server.raftlog.segmented.SegmentedRaftLog.close(SegmentedRaftLog.java:505)
	at org.apache.ratis.server.impl.ServerState.close(ServerState.java:421)
	at org.apache.ratis.server.impl.RaftServerImpl.lambda$close$4(RaftServerImpl.java:429)
	at org.apache.ratis.util.LifeCycle.lambda$checkStateAndClose$4(LifeCycle.java:299)
	at org.apache.ratis.util.LifeCycle.checkStateAndClose(LifeCycle.java:319)
	at org.apache.ratis.util.LifeCycle.checkStateAndClose(LifeCycle.java:297)
	at org.apache.ratis.server.impl.RaftServerImpl.close(RaftServerImpl.java:406)
	at org.apache.ratis.server.impl.RaftServerProxy$ImplMap.close(RaftServerProxy.java:129)
	at org.apache.ratis.server.impl.RaftServerProxy$ImplMap.lambda$close$0(RaftServerProxy.java:117)
	at java.util.stream.ForEachOps$ForEachOp$OfRef.accept(ForEachOps.java:183)
	at java.util.concurrent.ConcurrentHashMap$EntrySpliterator.forEachRemaining(ConcurrentHashMap.java:3606)
	at java.util.stream.AbstractPipeline.copyInto(AbstractPipeline.java:482)
	at java.util.stream.ForEachOps$ForEachTask.compute(ForEachOps.java:290)
	at java.util.concurrent.CountedCompleter.exec(CountedCompleter.java:731)
	at java.util.concurrent.ForkJoinTask.doExec(ForkJoinTask.java:289)
	at java.util.concurrent.ForkJoinPool.helpComplete(ForkJoinPool.java:1870)
	at java.util.concurrent.ForkJoinPool.awaitJoin(ForkJoinPool.java:2045)
	at java.util.concurrent.ForkJoinTask.doInvoke(ForkJoinTask.java:404)
	at java.util.concurrent.ForkJoinTask.invoke(ForkJoinTask.java:734)
	at java.util.stream.ForEachOps$ForEachOp.evaluateParallel(ForEachOps.java:159)
	at java.util.stream.ForEachOps$ForEachOp$OfRef.evaluateParallel(ForEachOps.java:173)
	at java.util.stream.AbstractPipeline.evaluate(AbstractPipeline.java:233)
	at java.util.stream.ReferencePipeline.forEach(ReferencePipeline.java:485)
	at java.util.stream.ReferencePipeline$Head.forEach(ReferencePipeline.java:650)
	at org.apache.ratis.server.impl.RaftServerProxy$ImplMap.close(RaftServerProxy.java:117)
	at org.apache.ratis.server.impl.RaftServerProxy.lambda$close$6(RaftServerProxy.java:392)
	at org.apache.ratis.util.LifeCycle.lambda$checkStateAndClose$4(LifeCycle.java:299)
	at org.apache.ratis.util.LifeCycle.checkStateAndClose(LifeCycle.java:319)
	at org.apache.ratis.util.LifeCycle.checkStateAndClose(LifeCycle.java:297)
	at org.apache.ratis.server.impl.RaftServerProxy.close(RaftServerProxy.java:390)
	at org.apache.hadoop.ozone.container.common.transport.server.ratis.XceiverServerRatis.stop(XceiverServerRatis.java:514)
	at org.apache.hadoop.ozone.container.ozoneimpl.OzoneContainer.stop(OzoneContainer.java:329)
	at org.apache.hadoop.ozone.container.common.statemachine.DatanodeStateMachine.close(DatanodeStateMachine.java:369)
	at org.apache.hadoop.ozone.container.common.statemachine.DatanodeStateMachine.stopDaemon(DatanodeStateMachine.java:514)
	at org.apache.hadoop.ozone.HddsDatanodeService.stop(HddsDatanodeService.java:588)
	at org.apache.hadoop.ozone.MiniOzoneClusterImpl.stopDatanode(MiniOzoneClusterImpl.java:535)
	at java.util.stream.ForEachOps$ForEachOp$OfRef.accept(ForEachOps.java:183)
	at java.util.ArrayList$ArrayListSpliterator.forEachRemaining(ArrayList.java:1384)
	at java.util.stream.AbstractPipeline.copyInto(AbstractPipeline.java:482)
	at java.util.stream.ForEachOps$ForEachTask.compute(ForEachOps.java:290)
	at java.util.concurrent.CountedCompleter.exec(CountedCompleter.java:731)
	at java.util.concurrent.ForkJoinTask.doExec(ForkJoinTask.java:289)
	at java.util.concurrent.ForkJoinPool$WorkQueue.runTask(ForkJoinPool.java:1056)
	at java.util.concurrent.ForkJoinPool.runWorker(ForkJoinPool.java:1692)
	at java.util.concurrent.ForkJoinWorkerThread.run(ForkJoinWorkerThread.java:175)
2021-08-17 11:51:22,744 [ForkJoinPool.commonPool-worker-1] INFO  utils.BackgroundService (BackgroundService.java:shutdown(132)) - Shutting down service BlockDeletingService
2021-08-17 11:51:22,717 [4d40c50f-34df-4d8d-ada3-4ecb2b1f4098@group-DC37525C1773->b04f16c0-2a60-4c52-b6a0-e9a8376fd099-GrpcLogAppender-LogAppenderDaemon] ERROR leader.LogAppenderDaemon (LogAppenderDaemon.java:run(86)) - 4d40c50f-34df-4d8d-ada3-4ecb2b1f4098@group-DC37525C1773->b04f16c0-2a60-4c52-b6a0-e9a8376fd099-GrpcLogAppender-LogAppenderDaemon failed
java.lang.IllegalArgumentException: 4d40c50f-34df-4d8d-ada3-4ecb2b1f4098@group-DC37525C1773-SegmentedRaftLog is expected to be opened but it is CLOSED
	at org.apache.ratis.util.OpenCloseState.assertOpen(OpenCloseState.java:63)
	at org.apache.ratis.server.raftlog.RaftLogBase.checkLogState(RaftLogBase.java:107)
	at org.apache.ratis.server.raftlog.segmented.SegmentedRaftLog.getLastEntryTermIndex(SegmentedRaftLog.java:339)
	at org.apache.ratis.server.raftlog.RaftLog.getNextIndex(RaftLog.java:83)
	at org.apache.ratis.server.leader.LogAppenderBase.newAppendEntriesRequest(LogAppenderBase.java:138)
	at org.apache.ratis.grpc.server.GrpcLogAppender.appendLog(GrpcLogAppender.java:211)
	at org.apache.ratis.grpc.server.GrpcLogAppender.run(GrpcLogAppender.java:145)
	at org.apache.ratis.server.leader.LogAppenderDaemon.run(LogAppenderDaemon.java:77)
	at java.lang.Thread.run(Thread.java:748)
Caused by: org.apache.ratis.util.OpenCloseState$CloseTrace: Close 4d40c50f-34df-4d8d-ada3-4ecb2b1f4098@group-DC37525C1773-SegmentedRaftLog
	at org.apache.ratis.util.OpenCloseState.lambda$close$1(OpenCloseState.java:109)
	at java.util.concurrent.atomic.AtomicReference.getAndUpdate(AtomicReference.java:160)
	at org.apache.ratis.util.OpenCloseState.close(OpenCloseState.java:109)
	at org.apache.ratis.server.raftlog.RaftLogBase.close(RaftLogBase.java:356)
	at org.apache.ratis.server.raftlog.segmented.SegmentedRaftLog.close(SegmentedRaftLog.java:505)
	at org.apache.ratis.server.impl.ServerState.close(ServerState.java:421)
	at org.apache.ratis.server.impl.RaftServerImpl.lambda$close$4(RaftServerImpl.java:429)
	at org.apache.ratis.util.LifeCycle.lambda$checkStateAndClose$4(LifeCycle.java:299)
	at org.apache.ratis.util.LifeCycle.checkStateAndClose(LifeCycle.java:319)
	at org.apache.ratis.util.LifeCycle.checkStateAndClose(LifeCycle.java:297)
	at org.apache.ratis.server.impl.RaftServerImpl.close(RaftServerImpl.java:406)
	at org.apache.ratis.server.impl.RaftServerProxy$ImplMap.close(RaftServerProxy.java:129)
	at org.apache.ratis.server.impl.RaftServerProxy$ImplMap.lambda$close$0(RaftServerProxy.java:117)
	at java.util.stream.ForEachOps$ForEachOp$OfRef.accept(ForEachOps.java:183)
	at java.util.concurrent.ConcurrentHashMap$EntrySpliterator.forEachRemaining(ConcurrentHashMap.java:3606)
	at java.util.stream.AbstractPipeline.copyInto(AbstractPipeline.java:482)
	at java.util.stream.ForEachOps$ForEachTask.compute(ForEachOps.java:290)
	at java.util.concurrent.CountedCompleter.exec(CountedCompleter.java:731)
	at java.util.concurrent.ForkJoinTask.doExec(ForkJoinTask.java:289)
	at java.util.concurrent.ForkJoinPool.helpComplete(ForkJoinPool.java:1870)
	at java.util.concurrent.ForkJoinPool.awaitJoin(ForkJoinPool.java:2045)
	at java.util.concurrent.ForkJoinTask.doInvoke(ForkJoinTask.java:404)
	at java.util.concurrent.ForkJoinTask.invoke(ForkJoinTask.java:734)
	at java.util.stream.ForEachOps$ForEachOp.evaluateParallel(ForEachOps.java:159)
	at java.util.stream.ForEachOps$ForEachOp$OfRef.evaluateParallel(ForEachOps.java:173)
	at java.util.stream.AbstractPipeline.evaluate(AbstractPipeline.java:233)
	at java.util.stream.ReferencePipeline.forEach(ReferencePipeline.java:485)
	at java.util.stream.ReferencePipeline$Head.forEach(ReferencePipeline.java:650)
	at org.apache.ratis.server.impl.RaftServerProxy$ImplMap.close(RaftServerProxy.java:117)
	at org.apache.ratis.server.impl.RaftServerProxy.lambda$close$6(RaftServerProxy.java:392)
	at org.apache.ratis.util.LifeCycle.lambda$checkStateAndClose$4(LifeCycle.java:299)
	at org.apache.ratis.util.LifeCycle.checkStateAndClose(LifeCycle.java:319)
	at org.apache.ratis.util.LifeCycle.checkStateAndClose(LifeCycle.java:297)
	at org.apache.ratis.server.impl.RaftServerProxy.close(RaftServerProxy.java:390)
	at org.apache.hadoop.ozone.container.common.transport.server.ratis.XceiverServerRatis.stop(XceiverServerRatis.java:514)
	at org.apache.hadoop.ozone.container.ozoneimpl.OzoneContainer.stop(OzoneContainer.java:329)
	at org.apache.hadoop.ozone.container.common.statemachine.DatanodeStateMachine.close(DatanodeStateMachine.java:369)
	at org.apache.hadoop.ozone.container.common.statemachine.DatanodeStateMachine.stopDaemon(DatanodeStateMachine.java:514)
	at org.apache.hadoop.ozone.HddsDatanodeService.stop(HddsDatanodeService.java:588)
	at org.apache.hadoop.ozone.MiniOzoneClusterImpl.stopDatanode(MiniOzoneClusterImpl.java:535)
	at java.util.stream.ForEachOps$ForEachOp$OfRef.accept(ForEachOps.java:183)
	at java.util.ArrayList$ArrayListSpliterator.forEachRemaining(ArrayList.java:1384)
	at java.util.stream.AbstractPipeline.copyInto(AbstractPipeline.java:482)
	at java.util.stream.ForEachOps$ForEachTask.compute(ForEachOps.java:290)
	at java.util.concurrent.CountedCompleter.exec(CountedCompleter.java:731)
	at java.util.concurrent.ForkJoinTask.doExec(ForkJoinTask.java:289)
	at java.util.concurrent.ForkJoinPool$WorkQueue.runTask(ForkJoinPool.java:1056)
	at java.util.concurrent.ForkJoinPool.runWorker(ForkJoinPool.java:1692)
	at java.util.concurrent.ForkJoinWorkerThread.run(ForkJoinWorkerThread.java:175)
2021-08-17 11:51:25,774 [ForkJoinPool.commonPool-worker-1] INFO  statemachine.DatanodeStateMachine (DatanodeStateMachine.java:stopDaemon(515)) - Ozone container server stopped.
2021-08-17 11:51:25,783 [ForkJoinPool.commonPool-worker-1] INFO  handler.ContextHandler (ContextHandler.java:doStop(1153)) - Stopped o.e.j.w.WebAppContext@196737a9{hddsDatanode,/,null,STOPPED}{jar:file:/home/runner/.m2/repository/org/apache/ozone/hdds-container-service/1.2.0-SNAPSHOT/hdds-container-service-1.2.0-SNAPSHOT.jar!/webapps/hddsDatanode}
2021-08-17 11:51:25,853 [ForkJoinPool.commonPool-worker-1] INFO  server.AbstractConnector (AbstractConnector.java:doStop(381)) - Stopped ServerConnector@4838ccdd{HTTP/1.1, (http/1.1)}{0.0.0.0:0}
2021-08-17 11:51:25,853 [ForkJoinPool.commonPool-worker-1] INFO  server.session (HouseKeeper.java:stopScavenging(149)) - node0 Stopped scavenging
2021-08-17 11:51:25,862 [ForkJoinPool.commonPool-worker-1] INFO  handler.ContextHandler (ContextHandler.java:doStop(1153)) - Stopped o.e.j.s.ServletContextHandler@4ba2fe{static,/static,jar:file:/home/runner/.m2/repository/org/apache/ozone/hdds-container-service/1.2.0-SNAPSHOT/hdds-container-service-1.2.0-SNAPSHOT.jar!/webapps/static,STOPPED}
2021-08-17 11:51:25,862 [ForkJoinPool.commonPool-worker-1] INFO  handler.ContextHandler (ContextHandler.java:doStop(1153)) - Stopped o.e.j.s.ServletContextHandler@38975904{logs,/logs,file:///home/runner/work/ozone/ozone/hadoop-ozone/integration-test/target/log,STOPPED}
2021-08-17 11:51:25,870 [Listener at 127.0.0.1/40861] INFO  ozone.MiniOzoneClusterImpl (MiniOzoneClusterImpl.java:stopSCM(542)) - Stopping the StorageContainerManager
2021-08-17 11:51:25,870 [Listener at 127.0.0.1/40861] INFO  server.StorageContainerManager (StorageContainerManager.java:stop(1343)) - Stopping Container Balancer service.
2021-08-17 11:51:25,870 [Listener at 127.0.0.1/40861] INFO  balancer.ContainerBalancer (ContainerBalancer.java:stop(720)) - Container Balancer is not running.
2021-08-17 11:51:25,870 [Listener at 127.0.0.1/40861] INFO  server.StorageContainerManager (StorageContainerManager.java:stop(1350)) - Stopping Replication Manager Service.
2021-08-17 11:51:25,870 [Listener at 127.0.0.1/40861] INFO  container.ReplicationManager (ReplicationManager.java:stop(338)) - Stopping Replication Monitor Thread.
2021-08-17 11:51:25,870 [Listener at 127.0.0.1/40861] INFO  server.StorageContainerManager (StorageContainerManager.java:stop(1357)) - Stopping the Datanode Admin Monitor.
2021-08-17 11:51:25,870 [Listener at 127.0.0.1/40861] INFO  server.StorageContainerManager (StorageContainerManager.java:stop(1364)) - Stopping Lease Manager of the command watchers
2021-08-17 11:51:25,870 [Listener at 127.0.0.1/40861] INFO  server.StorageContainerManager (StorageContainerManager.java:stop(1371)) - Stopping datanode service RPC server
2021-08-17 11:51:25,871 [Listener at 127.0.0.1/40861] INFO  server.SCMDatanodeProtocolServer (SCMDatanodeProtocolServer.java:stop(389)) - Stopping the RPC server for DataNodes
2021-08-17 11:51:25,871 [Listener at 127.0.0.1/40861] INFO  ipc.Server (Server.java:stop(3414)) - Stopping server on 35007
2021-08-17 11:51:25,873 [IPC Server Responder] INFO  ipc.Server (Server.java:run(1512)) - Stopping IPC Server Responder
2021-08-17 11:51:25,918 [SCM Heartbeat Processing Thread - 0] WARN  node.NodeStateManager (NodeStateManager.java:scheduleNextHealthCheck(799)) - Current Thread is interrupted, shutting down HB processing thread for Node Manager.
2021-08-17 11:51:25,918 [IPC Server listener on 0] INFO  ipc.Server (Server.java:run(1376)) - Stopping IPC Server listener on 0
2021-08-17 11:51:25,918 [Listener at 127.0.0.1/40861] INFO  server.StorageContainerManager (StorageContainerManager.java:stop(1379)) - Stopping block service RPC server
2021-08-17 11:51:25,918 [Listener at 127.0.0.1/40861] INFO  server.SCMBlockProtocolServer (SCMBlockProtocolServer.java:stop(160)) - Stopping the RPC server for Block Protocol
2021-08-17 11:51:25,918 [Listener at 127.0.0.1/40861] INFO  ipc.Server (Server.java:stop(3414)) - Stopping server on 41719
2021-08-17 11:51:25,934 [IPC Server Responder] INFO  ipc.Server (Server.java:run(1512)) - Stopping IPC Server Responder
2021-08-17 11:51:25,934 [Listener at 127.0.0.1/40861] INFO  server.StorageContainerManager (StorageContainerManager.java:stop(1386)) - Stopping the StorageContainerLocationProtocol RPC server
2021-08-17 11:51:25,934 [Listener at 127.0.0.1/40861] INFO  server.SCMClientProtocolServer (SCMClientProtocolServer.java:stop(173)) - Stopping the RPC server for Client Protocol
2021-08-17 11:51:25,934 [Listener at 127.0.0.1/40861] INFO  ipc.Server (Server.java:stop(3414)) - Stopping server on 44419
2021-08-17 11:51:25,934 [IPC Server listener on 0] INFO  ipc.Server (Server.java:run(1376)) - Stopping IPC Server listener on 0
2021-08-17 11:51:25,947 [Listener at 127.0.0.1/40861] INFO  server.StorageContainerManager (StorageContainerManager.java:stop(1393)) - Stopping Storage Container Manager HTTP server.
2021-08-17 11:51:25,987 [Listener at 127.0.0.1/40861] INFO  handler.ContextHandler (ContextHandler.java:doStop(1153)) - Stopped o.e.j.w.WebAppContext@23d8118d{scm,/,null,STOPPED}{file:/home/runner/work/ozone/ozone/hadoop-ozone/integration-test/target/test-classes/webapps/scm}
2021-08-17 11:51:25,947 [IPC Server Responder] INFO  ipc.Server (Server.java:run(1512)) - Stopping IPC Server Responder
2021-08-17 11:51:25,987 [IPC Server listener on 0] INFO  ipc.Server (Server.java:run(1376)) - Stopping IPC Server listener on 0
2021-08-17 11:51:26,069 [Listener at 127.0.0.1/40861] INFO  server.AbstractConnector (AbstractConnector.java:doStop(381)) - Stopped ServerConnector@7a48b916{HTTP/1.1, (http/1.1)}{0.0.0.0:0}
2021-08-17 11:51:26,069 [Listener at 127.0.0.1/40861] INFO  server.session (HouseKeeper.java:stopScavenging(149)) - node0 Stopped scavenging
2021-08-17 11:51:26,070 [Listener at 127.0.0.1/40861] INFO  handler.ContextHandler (ContextHandler.java:doStop(1153)) - Stopped o.e.j.s.ServletContextHandler@189d74e4{static,/static,file:///home/runner/work/ozone/ozone/hadoop-ozone/integration-test/target/test-classes/webapps/static,STOPPED}
2021-08-17 11:51:26,070 [Listener at 127.0.0.1/40861] INFO  handler.ContextHandler (ContextHandler.java:doStop(1153)) - Stopped o.e.j.s.ServletContextHandler@aba9646{logs,/logs,file:///home/runner/work/ozone/ozone/hadoop-ozone/integration-test/target/log,STOPPED}
2021-08-17 11:51:26,072 [Listener at 127.0.0.1/40861] INFO  server.StorageContainerManager (StorageContainerManager.java:stop(1404)) - Stopping Block Manager Service.
2021-08-17 11:51:26,072 [Listener at 127.0.0.1/40861] INFO  utils.BackgroundService (BackgroundService.java:shutdown(132)) - Shutting down service SCMBlockDeletingService
2021-08-17 11:51:26,072 [Listener at 127.0.0.1/40861] INFO  utils.BackgroundService (BackgroundService.java:shutdown(132)) - Shutting down service SCMBlockDeletingService
2021-08-17 11:51:26,072 [Listener at 127.0.0.1/40861] INFO  server.StorageContainerManager (StorageContainerManager.java:stop(1431)) - Stopping SCM Event Queue.
2021-08-17 11:51:26,074 [Listener at 127.0.0.1/40861] INFO  server.StorageContainerManager (StorageContainerManager.java:stop(1442)) - Stopping SCM HA services.
2021-08-17 11:51:26,074 [Listener at 127.0.0.1/40861] INFO  pipeline.BackgroundPipelineCreator (BackgroundPipelineCreatorV2.java:stop(158)) - Stopping RatisPipelineUtilsThread.
2021-08-17 11:51:26,074 [Listener at 127.0.0.1/40861] INFO  server.StorageContainerManager (StorageContainerManager.java:stop(1452)) - Stopping SCM MetadataStore.
2021-08-17 11:51:26,075 [Listener at 127.0.0.1/40861] INFO  impl.MetricsSystemImpl (MetricsSystemImpl.java:stop(210)) - Stopping HddsDatanode metrics system...
2021-08-17 11:51:26,257 [prometheus] INFO  impl.MetricsSinkAdapter (MetricsSinkAdapter.java:publishMetricsFromQueue(141)) - prometheus thread interrupted.
2021-08-17 11:51:26,257 [Listener at 127.0.0.1/40861] INFO  impl.MetricsSystemImpl (MetricsSystemImpl.java:stop(216)) - HddsDatanode metrics system stopped.
]]></system-out>
    <system-err><![CDATA[Aug 17, 2021 11:50:57 AM org.apache.ratis.thirdparty.io.grpc.internal.ManagedChannelOrphanWrapper$ManagedChannelReference cleanQueue
SEVERE: *~*~*~ Channel ManagedChannelImpl{logId=238, target=10.1.0.37:45879} was not shutdown properly!!! ~*~*~*
    Make sure to call shutdown()/shutdownNow() and wait until awaitTermination() returns true.
java.lang.RuntimeException: ManagedChannel allocation site
	at org.apache.ratis.thirdparty.io.grpc.internal.ManagedChannelOrphanWrapper$ManagedChannelReference.<init>(ManagedChannelOrphanWrapper.java:93)
	at org.apache.ratis.thirdparty.io.grpc.internal.ManagedChannelOrphanWrapper.<init>(ManagedChannelOrphanWrapper.java:53)
	at org.apache.ratis.thirdparty.io.grpc.internal.ManagedChannelOrphanWrapper.<init>(ManagedChannelOrphanWrapper.java:44)
	at org.apache.ratis.thirdparty.io.grpc.internal.ManagedChannelImplBuilder.build(ManagedChannelImplBuilder.java:596)
	at org.apache.ratis.thirdparty.io.grpc.ForwardingChannelBuilder.build(ForwardingChannelBuilder.java:255)
	at org.apache.hadoop.hdds.scm.XceiverClientGrpc.connectToDatanode(XceiverClientGrpc.java:193)
	at org.apache.hadoop.hdds.scm.XceiverClientGrpc.reconnect(XceiverClientGrpc.java:551)
	at org.apache.hadoop.hdds.scm.XceiverClientGrpc.checkOpen(XceiverClientGrpc.java:542)
	at org.apache.hadoop.hdds.scm.XceiverClientGrpc.sendCommandAsync(XceiverClientGrpc.java:470)
	at org.apache.hadoop.hdds.scm.XceiverClientGrpc.sendCommandWithRetry(XceiverClientGrpc.java:377)
	at org.apache.hadoop.hdds.scm.XceiverClientGrpc.lambda$sendCommandWithTraceIDAndRetry$0(XceiverClientGrpc.java:317)
	at org.apache.hadoop.hdds.tracing.TracingUtil.executeInSpan(TracingUtil.java:174)
	at org.apache.hadoop.hdds.tracing.TracingUtil.executeInNewSpan(TracingUtil.java:148)
	at org.apache.hadoop.hdds.scm.XceiverClientGrpc.sendCommandWithTraceIDAndRetry(XceiverClientGrpc.java:311)
	at org.apache.hadoop.hdds.scm.XceiverClientGrpc.sendCommand(XceiverClientGrpc.java:292)
	at org.apache.hadoop.hdds.scm.storage.ContainerProtocolCalls.getBlock(ContainerProtocolCalls.java:106)
	at org.apache.hadoop.hdds.scm.storage.BlockInputStream.getChunkInfos(BlockInputStream.java:221)
	at org.apache.hadoop.hdds.scm.storage.BlockInputStream.initialize(BlockInputStream.java:147)
	at org.apache.hadoop.hdds.scm.storage.BlockInputStream.readWithStrategy(BlockInputStream.java:294)
	at org.apache.hadoop.hdds.scm.storage.BlockInputStream.read(BlockInputStream.java:277)
	at org.apache.hadoop.hdds.scm.storage.ByteArrayReader.readFromBlock(ByteArrayReader.java:57)
	at org.apache.hadoop.ozone.client.io.KeyInputStream.readWithStrategy(KeyInputStream.java:262)
	at org.apache.hadoop.ozone.client.io.KeyInputStream.read(KeyInputStream.java:230)
	at org.apache.hadoop.ozone.client.io.OzoneInputStream.read(OzoneInputStream.java:55)
	at java.io.InputStream.read(InputStream.java:101)
	at org.apache.hadoop.ozone.container.TestHelper.validateData(TestHelper.java:146)
	at org.apache.hadoop.ozone.client.rpc.TestWatchForCommit.validateData(TestWatchForCommit.java:382)
	at org.apache.hadoop.ozone.client.rpc.TestWatchForCommit.testWatchForCommitWithKeyWrite(TestWatchForCommit.java:246)
	at sun.reflect.NativeMethodAccessorImpl.invoke0(Native Method)
	at sun.reflect.NativeMethodAccessorImpl.invoke(NativeMethodAccessorImpl.java:62)
	at sun.reflect.DelegatingMethodAccessorImpl.invoke(DelegatingMethodAccessorImpl.java:43)
	at java.lang.reflect.Method.invoke(Method.java:498)
	at org.junit.runners.model.FrameworkMethod$1.runReflectiveCall(FrameworkMethod.java:59)
	at org.junit.internal.runners.model.ReflectiveCallable.run(ReflectiveCallable.java:12)
	at org.junit.runners.model.FrameworkMethod.invokeExplosively(FrameworkMethod.java:56)
	at org.junit.internal.runners.statements.InvokeMethod.evaluate(InvokeMethod.java:17)
	at org.junit.internal.runners.statements.RunBefores.evaluate(RunBefores.java:26)
	at org.junit.internal.runners.statements.RunAfters.evaluate(RunAfters.java:27)
	at org.junit.runners.ParentRunner$3.evaluate(ParentRunner.java:306)
	at org.junit.runners.BlockJUnit4ClassRunner$1.evaluate(BlockJUnit4ClassRunner.java:100)
	at org.junit.runners.ParentRunner.runLeaf(ParentRunner.java:366)
	at org.junit.runners.BlockJUnit4ClassRunner.runChild(BlockJUnit4ClassRunner.java:103)
	at org.junit.runners.BlockJUnit4ClassRunner.runChild(BlockJUnit4ClassRunner.java:63)
	at org.junit.runners.ParentRunner$4.run(ParentRunner.java:331)
	at org.junit.runners.ParentRunner$1.schedule(ParentRunner.java:79)
	at org.junit.runners.ParentRunner.runChildren(ParentRunner.java:329)
	at org.junit.runners.ParentRunner.access$100(ParentRunner.java:66)
	at org.junit.runners.ParentRunner$2.evaluate(ParentRunner.java:293)
	at org.junit.runners.ParentRunner$3.evaluate(ParentRunner.java:306)
	at org.junit.runners.ParentRunner.run(ParentRunner.java:413)
	at org.junit.runner.JUnitCore.run(JUnitCore.java:137)
	at org.junit.runner.JUnitCore.run(JUnitCore.java:115)
	at org.junit.vintage.engine.execution.RunnerExecutor.execute(RunnerExecutor.java:43)
	at java.util.stream.ForEachOps$ForEachOp$OfRef.accept(ForEachOps.java:183)
	at java.util.stream.ReferencePipeline$3$1.accept(ReferencePipeline.java:193)
	at java.util.Iterator.forEachRemaining(Iterator.java:116)
	at java.util.Spliterators$IteratorSpliterator.forEachRemaining(Spliterators.java:1801)
	at java.util.stream.AbstractPipeline.copyInto(AbstractPipeline.java:482)
	at java.util.stream.AbstractPipeline.wrapAndCopyInto(AbstractPipeline.java:472)
	at java.util.stream.ForEachOps$ForEachOp.evaluateSequential(ForEachOps.java:150)
	at java.util.stream.ForEachOps$ForEachOp$OfRef.evaluateSequential(ForEachOps.java:173)
	at java.util.stream.AbstractPipeline.evaluate(AbstractPipeline.java:234)
	at java.util.stream.ReferencePipeline.forEach(ReferencePipeline.java:485)
	at org.junit.vintage.engine.VintageTestEngine.executeAllChildren(VintageTestEngine.java:82)
	at org.junit.vintage.engine.VintageTestEngine.execute(VintageTestEngine.java:73)
	at org.junit.platform.launcher.core.EngineExecutionOrchestrator.execute(EngineExecutionOrchestrator.java:108)
	at org.junit.platform.launcher.core.EngineExecutionOrchestrator.execute(EngineExecutionOrchestrator.java:88)
	at org.junit.platform.launcher.core.EngineExecutionOrchestrator.lambda$execute$0(EngineExecutionOrchestrator.java:54)
	at org.junit.platform.launcher.core.EngineExecutionOrchestrator.withInterceptedStreams(EngineExecutionOrchestrator.java:67)
	at org.junit.platform.launcher.core.EngineExecutionOrchestrator.execute(EngineExecutionOrchestrator.java:52)
	at org.junit.platform.launcher.core.DefaultLauncher.execute(DefaultLauncher.java:96)
	at org.junit.platform.launcher.core.DefaultLauncher.execute(DefaultLauncher.java:75)
	at org.apache.maven.surefire.junitplatform.JUnitPlatformProvider.invokeAllTests(JUnitPlatformProvider.java:142)
	at org.apache.maven.surefire.junitplatform.JUnitPlatformProvider.invoke(JUnitPlatformProvider.java:113)
	at org.apache.maven.surefire.booter.ForkedBooter.invokeProviderInSameClassLoader(ForkedBooter.java:384)
	at org.apache.maven.surefire.booter.ForkedBooter.runSuitesInProcess(ForkedBooter.java:345)
	at org.apache.maven.surefire.booter.ForkedBooter.execute(ForkedBooter.java:126)
	at org.apache.maven.surefire.booter.ForkedBooter.main(ForkedBooter.java:418)

Aug 17, 2021 11:50:57 AM org.apache.ratis.thirdparty.io.grpc.internal.ManagedChannelOrphanWrapper$ManagedChannelReference cleanQueue
SEVERE: *~*~*~ Channel ManagedChannelImpl{logId=228, target=10.1.0.37:41051} was not shutdown properly!!! ~*~*~*
    Make sure to call shutdown()/shutdownNow() and wait until awaitTermination() returns true.
java.lang.RuntimeException: ManagedChannel allocation site
	at org.apache.ratis.thirdparty.io.grpc.internal.ManagedChannelOrphanWrapper$ManagedChannelReference.<init>(ManagedChannelOrphanWrapper.java:93)
	at org.apache.ratis.thirdparty.io.grpc.internal.ManagedChannelOrphanWrapper.<init>(ManagedChannelOrphanWrapper.java:53)
	at org.apache.ratis.thirdparty.io.grpc.internal.ManagedChannelOrphanWrapper.<init>(ManagedChannelOrphanWrapper.java:44)
	at org.apache.ratis.thirdparty.io.grpc.internal.ManagedChannelImplBuilder.build(ManagedChannelImplBuilder.java:596)
	at org.apache.ratis.thirdparty.io.grpc.ForwardingChannelBuilder.build(ForwardingChannelBuilder.java:255)
	at org.apache.ratis.grpc.client.GrpcClientProtocolClient.buildChannel(GrpcClientProtocolClient.java:159)
	at org.apache.ratis.grpc.client.GrpcClientProtocolClient.<init>(GrpcClientProtocolClient.java:111)
	at org.apache.ratis.grpc.client.GrpcClientRpc.lambda$new$0(GrpcClientRpc.java:57)
	at org.apache.ratis.util.PeerProxyMap$PeerAndProxy.lambda$getProxy$0(PeerProxyMap.java:63)
	at org.apache.ratis.util.LifeCycle.startAndTransition(LifeCycle.java:270)
	at org.apache.ratis.util.PeerProxyMap$PeerAndProxy.getProxy(PeerProxyMap.java:62)
	at org.apache.ratis.util.PeerProxyMap.getProxy(PeerProxyMap.java:114)
	at org.apache.ratis.grpc.client.GrpcClientRpc.sendRequestAsync(GrpcClientRpc.java:67)
	at org.apache.ratis.client.impl.OrderedAsync.sendRequest(OrderedAsync.java:235)
	at org.apache.ratis.client.impl.OrderedAsync.sendRequestWithRetry(OrderedAsync.java:189)
	at org.apache.ratis.util.SlidingWindow$Client.sendOrDelayRequest(SlidingWindow.java:280)
	at org.apache.ratis.util.SlidingWindow$Client.submitNewRequest(SlidingWindow.java:259)
	at org.apache.ratis.client.impl.OrderedAsync.send(OrderedAsync.java:170)
	at org.apache.ratis.client.impl.OrderedAsync.newInstance(OrderedAsync.java:118)
	at org.apache.ratis.client.impl.RaftClientImpl.lambda$new$0(RaftClientImpl.java:148)
	at org.apache.ratis.util.MemoizedSupplier.get(MemoizedSupplier.java:62)
	at org.apache.ratis.client.impl.RaftClientImpl.getOrderedAsync(RaftClientImpl.java:201)
	at org.apache.ratis.client.impl.AsyncImpl.send(AsyncImpl.java:41)
	at org.apache.ratis.client.impl.AsyncImpl.send(AsyncImpl.java:46)
	at org.apache.hadoop.hdds.scm.XceiverClientRatis.lambda$sendRequestAsync$3(XceiverClientRatis.java:225)
	at org.apache.hadoop.hdds.tracing.TracingUtil.executeInNewSpan(TracingUtil.java:159)
	at org.apache.hadoop.hdds.scm.XceiverClientRatis.sendRequestAsync(XceiverClientRatis.java:210)
	at org.apache.hadoop.hdds.scm.XceiverClientRatis.sendCommandAsync(XceiverClientRatis.java:306)
	at org.apache.hadoop.hdds.scm.storage.ContainerProtocolCalls.writeChunkAsync(ContainerProtocolCalls.java:305)
	at org.apache.hadoop.hdds.scm.storage.BlockOutputStream.writeChunkToContainer(BlockOutputStream.java:658)
	at org.apache.hadoop.hdds.scm.storage.BlockOutputStream.writeChunk(BlockOutputStream.java:502)
	at org.apache.hadoop.hdds.scm.storage.BlockOutputStream.writeOnRetry(BlockOutputStream.java:306)
	at org.apache.hadoop.ozone.client.io.BlockOutputStreamEntry.writeOnRetry(BlockOutputStreamEntry.java:187)
	at org.apache.hadoop.ozone.client.io.KeyOutputStream.writeToOutputStream(KeyOutputStream.java:260)
	at org.apache.hadoop.ozone.client.io.KeyOutputStream.handleWrite(KeyOutputStream.java:240)
	at org.apache.hadoop.ozone.client.io.KeyOutputStream.handleRetry(KeyOutputStream.java:423)
	at org.apache.hadoop.ozone.client.io.KeyOutputStream.handleException(KeyOutputStream.java:368)
	at org.apache.hadoop.ozone.client.io.KeyOutputStream.handleFlushOrClose(KeyOutputStream.java:479)
	at org.apache.hadoop.ozone.client.io.KeyOutputStream.handleWrite(KeyOutputStream.java:244)
	at org.apache.hadoop.ozone.client.io.KeyOutputStream.write(KeyOutputStream.java:220)
	at org.apache.hadoop.ozone.client.io.OzoneOutputStream.write(OzoneOutputStream.java:50)
	at java.io.OutputStream.write(OutputStream.java:75)
	at org.apache.hadoop.ozone.client.rpc.TestWatchForCommit.testWatchForCommitWithKeyWrite(TestWatchForCommit.java:226)
	at sun.reflect.NativeMethodAccessorImpl.invoke0(Native Method)
	at sun.reflect.NativeMethodAccessorImpl.invoke(NativeMethodAccessorImpl.java:62)
	at sun.reflect.DelegatingMethodAccessorImpl.invoke(DelegatingMethodAccessorImpl.java:43)
	at java.lang.reflect.Method.invoke(Method.java:498)
	at org.junit.runners.model.FrameworkMethod$1.runReflectiveCall(FrameworkMethod.java:59)
	at org.junit.internal.runners.model.ReflectiveCallable.run(ReflectiveCallable.java:12)
	at org.junit.runners.model.FrameworkMethod.invokeExplosively(FrameworkMethod.java:56)
	at org.junit.internal.runners.statements.InvokeMethod.evaluate(InvokeMethod.java:17)
	at org.junit.internal.runners.statements.RunBefores.evaluate(RunBefores.java:26)
	at org.junit.internal.runners.statements.RunAfters.evaluate(RunAfters.java:27)
	at org.junit.runners.ParentRunner$3.evaluate(ParentRunner.java:306)
	at org.junit.runners.BlockJUnit4ClassRunner$1.evaluate(BlockJUnit4ClassRunner.java:100)
	at org.junit.runners.ParentRunner.runLeaf(ParentRunner.java:366)
	at org.junit.runners.BlockJUnit4ClassRunner.runChild(BlockJUnit4ClassRunner.java:103)
	at org.junit.runners.BlockJUnit4ClassRunner.runChild(BlockJUnit4ClassRunner.java:63)
	at org.junit.runners.ParentRunner$4.run(ParentRunner.java:331)
	at org.junit.runners.ParentRunner$1.schedule(ParentRunner.java:79)
	at org.junit.runners.ParentRunner.runChildren(ParentRunner.java:329)
	at org.junit.runners.ParentRunner.access$100(ParentRunner.java:66)
	at org.junit.runners.ParentRunner$2.evaluate(ParentRunner.java:293)
	at org.junit.runners.ParentRunner$3.evaluate(ParentRunner.java:306)
	at org.junit.runners.ParentRunner.run(ParentRunner.java:413)
	at org.junit.runner.JUnitCore.run(JUnitCore.java:137)
	at org.junit.runner.JUnitCore.run(JUnitCore.java:115)
	at org.junit.vintage.engine.execution.RunnerExecutor.execute(RunnerExecutor.java:43)
	at java.util.stream.ForEachOps$ForEachOp$OfRef.accept(ForEachOps.java:183)
	at java.util.stream.ReferencePipeline$3$1.accept(ReferencePipeline.java:193)
	at java.util.Iterator.forEachRemaining(Iterator.java:116)
	at java.util.Spliterators$IteratorSpliterator.forEachRemaining(Spliterators.java:1801)
	at java.util.stream.AbstractPipeline.copyInto(AbstractPipeline.java:482)
	at java.util.stream.AbstractPipeline.wrapAndCopyInto(AbstractPipeline.java:472)
	at java.util.stream.ForEachOps$ForEachOp.evaluateSequential(ForEachOps.java:150)
	at java.util.stream.ForEachOps$ForEachOp$OfRef.evaluateSequential(ForEachOps.java:173)
	at java.util.stream.AbstractPipeline.evaluate(AbstractPipeline.java:234)
	at java.util.stream.ReferencePipeline.forEach(ReferencePipeline.java:485)
	at org.junit.vintage.engine.VintageTestEngine.executeAllChildren(VintageTestEngine.java:82)
	at org.junit.vintage.engine.VintageTestEngine.execute(VintageTestEngine.java:73)
	at org.junit.platform.launcher.core.EngineExecutionOrchestrator.execute(EngineExecutionOrchestrator.java:108)
	at org.junit.platform.launcher.core.EngineExecutionOrchestrator.execute(EngineExecutionOrchestrator.java:88)
	at org.junit.platform.launcher.core.EngineExecutionOrchestrator.lambda$execute$0(EngineExecutionOrchestrator.java:54)
	at org.junit.platform.launcher.core.EngineExecutionOrchestrator.withInterceptedStreams(EngineExecutionOrchestrator.java:67)
	at org.junit.platform.launcher.core.EngineExecutionOrchestrator.execute(EngineExecutionOrchestrator.java:52)
	at org.junit.platform.launcher.core.DefaultLauncher.execute(DefaultLauncher.java:96)
	at org.junit.platform.launcher.core.DefaultLauncher.execute(DefaultLauncher.java:75)
	at org.apache.maven.surefire.junitplatform.JUnitPlatformProvider.invokeAllTests(JUnitPlatformProvider.java:142)
	at org.apache.maven.surefire.junitplatform.JUnitPlatformProvider.invoke(JUnitPlatformProvider.java:113)
	at org.apache.maven.surefire.booter.ForkedBooter.invokeProviderInSameClassLoader(ForkedBooter.java:384)
	at org.apache.maven.surefire.booter.ForkedBooter.runSuitesInProcess(ForkedBooter.java:345)
	at org.apache.maven.surefire.booter.ForkedBooter.execute(ForkedBooter.java:126)
	at org.apache.maven.surefire.booter.ForkedBooter.main(ForkedBooter.java:418)

Aug 17, 2021 11:50:57 AM org.apache.ratis.thirdparty.io.grpc.internal.ManagedChannelOrphanWrapper$ManagedChannelReference cleanQueue
SEVERE: *~*~*~ Channel ManagedChannelImpl{logId=242, target=10.1.0.37:43205} was not shutdown properly!!! ~*~*~*
    Make sure to call shutdown()/shutdownNow() and wait until awaitTermination() returns true.
java.lang.RuntimeException: ManagedChannel allocation site
	at org.apache.ratis.thirdparty.io.grpc.internal.ManagedChannelOrphanWrapper$ManagedChannelReference.<init>(ManagedChannelOrphanWrapper.java:93)
	at org.apache.ratis.thirdparty.io.grpc.internal.ManagedChannelOrphanWrapper.<init>(ManagedChannelOrphanWrapper.java:53)
	at org.apache.ratis.thirdparty.io.grpc.internal.ManagedChannelOrphanWrapper.<init>(ManagedChannelOrphanWrapper.java:44)
	at org.apache.ratis.thirdparty.io.grpc.internal.ManagedChannelImplBuilder.build(ManagedChannelImplBuilder.java:596)
	at org.apache.ratis.thirdparty.io.grpc.ForwardingChannelBuilder.build(ForwardingChannelBuilder.java:255)
	at org.apache.hadoop.hdds.scm.XceiverClientGrpc.connectToDatanode(XceiverClientGrpc.java:193)
	at org.apache.hadoop.hdds.scm.XceiverClientGrpc.reconnect(XceiverClientGrpc.java:551)
	at org.apache.hadoop.hdds.scm.XceiverClientGrpc.checkOpen(XceiverClientGrpc.java:542)
	at org.apache.hadoop.hdds.scm.XceiverClientGrpc.sendCommandAsync(XceiverClientGrpc.java:470)
	at org.apache.hadoop.hdds.scm.XceiverClientGrpc.sendCommandWithRetry(XceiverClientGrpc.java:377)
	at org.apache.hadoop.hdds.scm.XceiverClientGrpc.lambda$sendCommandWithTraceIDAndRetry$0(XceiverClientGrpc.java:317)
	at org.apache.hadoop.hdds.tracing.TracingUtil.executeInSpan(TracingUtil.java:174)
	at org.apache.hadoop.hdds.tracing.TracingUtil.executeInNewSpan(TracingUtil.java:148)
	at org.apache.hadoop.hdds.scm.XceiverClientGrpc.sendCommandWithTraceIDAndRetry(XceiverClientGrpc.java:311)
	at org.apache.hadoop.hdds.scm.XceiverClientGrpc.sendCommand(XceiverClientGrpc.java:292)
	at org.apache.hadoop.hdds.scm.storage.ContainerProtocolCalls.getBlock(ContainerProtocolCalls.java:106)
	at org.apache.hadoop.hdds.scm.storage.BlockInputStream.getChunkInfos(BlockInputStream.java:221)
	at org.apache.hadoop.hdds.scm.storage.BlockInputStream.initialize(BlockInputStream.java:147)
	at org.apache.hadoop.hdds.scm.storage.BlockInputStream.readWithStrategy(BlockInputStream.java:294)
	at org.apache.hadoop.hdds.scm.storage.BlockInputStream.read(BlockInputStream.java:277)
	at org.apache.hadoop.hdds.scm.storage.ByteArrayReader.readFromBlock(ByteArrayReader.java:57)
	at org.apache.hadoop.ozone.client.io.KeyInputStream.readWithStrategy(KeyInputStream.java:262)
	at org.apache.hadoop.ozone.client.io.KeyInputStream.read(KeyInputStream.java:230)
	at org.apache.hadoop.ozone.client.io.OzoneInputStream.read(OzoneInputStream.java:55)
	at java.io.InputStream.read(InputStream.java:101)
	at org.apache.hadoop.ozone.container.TestHelper.validateData(TestHelper.java:146)
	at org.apache.hadoop.ozone.client.rpc.TestWatchForCommit.validateData(TestWatchForCommit.java:382)
	at org.apache.hadoop.ozone.client.rpc.TestWatchForCommit.testWatchForCommitWithKeyWrite(TestWatchForCommit.java:246)
	at sun.reflect.NativeMethodAccessorImpl.invoke0(Native Method)
	at sun.reflect.NativeMethodAccessorImpl.invoke(NativeMethodAccessorImpl.java:62)
	at sun.reflect.DelegatingMethodAccessorImpl.invoke(DelegatingMethodAccessorImpl.java:43)
	at java.lang.reflect.Method.invoke(Method.java:498)
	at org.junit.runners.model.FrameworkMethod$1.runReflectiveCall(FrameworkMethod.java:59)
	at org.junit.internal.runners.model.ReflectiveCallable.run(ReflectiveCallable.java:12)
	at org.junit.runners.model.FrameworkMethod.invokeExplosively(FrameworkMethod.java:56)
	at org.junit.internal.runners.statements.InvokeMethod.evaluate(InvokeMethod.java:17)
	at org.junit.internal.runners.statements.RunBefores.evaluate(RunBefores.java:26)
	at org.junit.internal.runners.statements.RunAfters.evaluate(RunAfters.java:27)
	at org.junit.runners.ParentRunner$3.evaluate(ParentRunner.java:306)
	at org.junit.runners.BlockJUnit4ClassRunner$1.evaluate(BlockJUnit4ClassRunner.java:100)
	at org.junit.runners.ParentRunner.runLeaf(ParentRunner.java:366)
	at org.junit.runners.BlockJUnit4ClassRunner.runChild(BlockJUnit4ClassRunner.java:103)
	at org.junit.runners.BlockJUnit4ClassRunner.runChild(BlockJUnit4ClassRunner.java:63)
	at org.junit.runners.ParentRunner$4.run(ParentRunner.java:331)
	at org.junit.runners.ParentRunner$1.schedule(ParentRunner.java:79)
	at org.junit.runners.ParentRunner.runChildren(ParentRunner.java:329)
	at org.junit.runners.ParentRunner.access$100(ParentRunner.java:66)
	at org.junit.runners.ParentRunner$2.evaluate(ParentRunner.java:293)
	at org.junit.runners.ParentRunner$3.evaluate(ParentRunner.java:306)
	at org.junit.runners.ParentRunner.run(ParentRunner.java:413)
	at org.junit.runner.JUnitCore.run(JUnitCore.java:137)
	at org.junit.runner.JUnitCore.run(JUnitCore.java:115)
	at org.junit.vintage.engine.execution.RunnerExecutor.execute(RunnerExecutor.java:43)
	at java.util.stream.ForEachOps$ForEachOp$OfRef.accept(ForEachOps.java:183)
	at java.util.stream.ReferencePipeline$3$1.accept(ReferencePipeline.java:193)
	at java.util.Iterator.forEachRemaining(Iterator.java:116)
	at java.util.Spliterators$IteratorSpliterator.forEachRemaining(Spliterators.java:1801)
	at java.util.stream.AbstractPipeline.copyInto(AbstractPipeline.java:482)
	at java.util.stream.AbstractPipeline.wrapAndCopyInto(AbstractPipeline.java:472)
	at java.util.stream.ForEachOps$ForEachOp.evaluateSequential(ForEachOps.java:150)
	at java.util.stream.ForEachOps$ForEachOp$OfRef.evaluateSequential(ForEachOps.java:173)
	at java.util.stream.AbstractPipeline.evaluate(AbstractPipeline.java:234)
	at java.util.stream.ReferencePipeline.forEach(ReferencePipeline.java:485)
	at org.junit.vintage.engine.VintageTestEngine.executeAllChildren(VintageTestEngine.java:82)
	at org.junit.vintage.engine.VintageTestEngine.execute(VintageTestEngine.java:73)
	at org.junit.platform.launcher.core.EngineExecutionOrchestrator.execute(EngineExecutionOrchestrator.java:108)
	at org.junit.platform.launcher.core.EngineExecutionOrchestrator.execute(EngineExecutionOrchestrator.java:88)
	at org.junit.platform.launcher.core.EngineExecutionOrchestrator.lambda$execute$0(EngineExecutionOrchestrator.java:54)
	at org.junit.platform.launcher.core.EngineExecutionOrchestrator.withInterceptedStreams(EngineExecutionOrchestrator.java:67)
	at org.junit.platform.launcher.core.EngineExecutionOrchestrator.execute(EngineExecutionOrchestrator.java:52)
	at org.junit.platform.launcher.core.DefaultLauncher.execute(DefaultLauncher.java:96)
	at org.junit.platform.launcher.core.DefaultLauncher.execute(DefaultLauncher.java:75)
	at org.apache.maven.surefire.junitplatform.JUnitPlatformProvider.invokeAllTests(JUnitPlatformProvider.java:142)
	at org.apache.maven.surefire.junitplatform.JUnitPlatformProvider.invoke(JUnitPlatformProvider.java:113)
	at org.apache.maven.surefire.booter.ForkedBooter.invokeProviderInSameClassLoader(ForkedBooter.java:384)
	at org.apache.maven.surefire.booter.ForkedBooter.runSuitesInProcess(ForkedBooter.java:345)
	at org.apache.maven.surefire.booter.ForkedBooter.execute(ForkedBooter.java:126)
	at org.apache.maven.surefire.booter.ForkedBooter.main(ForkedBooter.java:418)

Aug 17, 2021 11:50:57 AM org.apache.ratis.thirdparty.io.grpc.internal.ManagedChannelOrphanWrapper$ManagedChannelReference cleanQueue
SEVERE: *~*~*~ Channel ManagedChannelImpl{logId=234, target=10.1.0.37:36847} was not shutdown properly!!! ~*~*~*
    Make sure to call shutdown()/shutdownNow() and wait until awaitTermination() returns true.
java.lang.RuntimeException: ManagedChannel allocation site
	at org.apache.ratis.thirdparty.io.grpc.internal.ManagedChannelOrphanWrapper$ManagedChannelReference.<init>(ManagedChannelOrphanWrapper.java:93)
	at org.apache.ratis.thirdparty.io.grpc.internal.ManagedChannelOrphanWrapper.<init>(ManagedChannelOrphanWrapper.java:53)
	at org.apache.ratis.thirdparty.io.grpc.internal.ManagedChannelOrphanWrapper.<init>(ManagedChannelOrphanWrapper.java:44)
	at org.apache.ratis.thirdparty.io.grpc.internal.ManagedChannelImplBuilder.build(ManagedChannelImplBuilder.java:596)
	at org.apache.ratis.thirdparty.io.grpc.ForwardingChannelBuilder.build(ForwardingChannelBuilder.java:255)
	at org.apache.hadoop.hdds.scm.XceiverClientGrpc.connectToDatanode(XceiverClientGrpc.java:193)
	at org.apache.hadoop.hdds.scm.XceiverClientGrpc.connect(XceiverClientGrpc.java:142)
	at org.apache.hadoop.hdds.scm.XceiverClientManager$2.call(XceiverClientManager.java:237)
	at org.apache.hadoop.hdds.scm.XceiverClientManager$2.call(XceiverClientManager.java:221)
	at com.google.common.cache.LocalCache$LocalManualCache$1.load(LocalCache.java:4864)
	at com.google.common.cache.LocalCache$LoadingValueReference.loadFuture(LocalCache.java:3529)
	at com.google.common.cache.LocalCache$Segment.loadSync(LocalCache.java:2278)
	at com.google.common.cache.LocalCache$Segment.lockedGetOrLoad(LocalCache.java:2155)
	at com.google.common.cache.LocalCache$Segment.get(LocalCache.java:2045)
	at com.google.common.cache.LocalCache.get(LocalCache.java:3962)
	at com.google.common.cache.LocalCache$LocalManualCache.get(LocalCache.java:4859)
	at org.apache.hadoop.hdds.scm.XceiverClientManager.getClient(XceiverClientManager.java:221)
	at org.apache.hadoop.hdds.scm.XceiverClientManager.acquireClient(XceiverClientManager.java:165)
	at org.apache.hadoop.hdds.scm.XceiverClientManager.acquireClientForReadData(XceiverClientManager.java:154)
	at org.apache.hadoop.hdds.scm.storage.BlockInputStream.acquireClient(BlockInputStream.java:235)
	at org.apache.hadoop.hdds.scm.storage.BlockInputStream.getChunkInfos(BlockInputStream.java:209)
	at org.apache.hadoop.hdds.scm.storage.BlockInputStream.initialize(BlockInputStream.java:147)
	at org.apache.hadoop.hdds.scm.storage.BlockInputStream.readWithStrategy(BlockInputStream.java:294)
	at org.apache.hadoop.hdds.scm.storage.BlockInputStream.read(BlockInputStream.java:277)
	at org.apache.hadoop.hdds.scm.storage.ByteArrayReader.readFromBlock(ByteArrayReader.java:57)
	at org.apache.hadoop.ozone.client.io.KeyInputStream.readWithStrategy(KeyInputStream.java:262)
	at org.apache.hadoop.ozone.client.io.KeyInputStream.read(KeyInputStream.java:230)
	at org.apache.hadoop.ozone.client.io.OzoneInputStream.read(OzoneInputStream.java:55)
	at java.io.InputStream.read(InputStream.java:101)
	at org.apache.hadoop.ozone.container.TestHelper.validateData(TestHelper.java:146)
	at org.apache.hadoop.ozone.client.rpc.TestWatchForCommit.validateData(TestWatchForCommit.java:382)
	at org.apache.hadoop.ozone.client.rpc.TestWatchForCommit.testWatchForCommitWithKeyWrite(TestWatchForCommit.java:246)
	at sun.reflect.NativeMethodAccessorImpl.invoke0(Native Method)
	at sun.reflect.NativeMethodAccessorImpl.invoke(NativeMethodAccessorImpl.java:62)
	at sun.reflect.DelegatingMethodAccessorImpl.invoke(DelegatingMethodAccessorImpl.java:43)
	at java.lang.reflect.Method.invoke(Method.java:498)
	at org.junit.runners.model.FrameworkMethod$1.runReflectiveCall(FrameworkMethod.java:59)
	at org.junit.internal.runners.model.ReflectiveCallable.run(ReflectiveCallable.java:12)
	at org.junit.runners.model.FrameworkMethod.invokeExplosively(FrameworkMethod.java:56)
	at org.junit.internal.runners.statements.InvokeMethod.evaluate(InvokeMethod.java:17)
	at org.junit.internal.runners.statements.RunBefores.evaluate(RunBefores.java:26)
	at org.junit.internal.runners.statements.RunAfters.evaluate(RunAfters.java:27)
	at org.junit.runners.ParentRunner$3.evaluate(ParentRunner.java:306)
	at org.junit.runners.BlockJUnit4ClassRunner$1.evaluate(BlockJUnit4ClassRunner.java:100)
	at org.junit.runners.ParentRunner.runLeaf(ParentRunner.java:366)
	at org.junit.runners.BlockJUnit4ClassRunner.runChild(BlockJUnit4ClassRunner.java:103)
	at org.junit.runners.BlockJUnit4ClassRunner.runChild(BlockJUnit4ClassRunner.java:63)
	at org.junit.runners.ParentRunner$4.run(ParentRunner.java:331)
	at org.junit.runners.ParentRunner$1.schedule(ParentRunner.java:79)
	at org.junit.runners.ParentRunner.runChildren(ParentRunner.java:329)
	at org.junit.runners.ParentRunner.access$100(ParentRunner.java:66)
	at org.junit.runners.ParentRunner$2.evaluate(ParentRunner.java:293)
	at org.junit.runners.ParentRunner$3.evaluate(ParentRunner.java:306)
	at org.junit.runners.ParentRunner.run(ParentRunner.java:413)
	at org.junit.runner.JUnitCore.run(JUnitCore.java:137)
	at org.junit.runner.JUnitCore.run(JUnitCore.java:115)
	at org.junit.vintage.engine.execution.RunnerExecutor.execute(RunnerExecutor.java:43)
	at java.util.stream.ForEachOps$ForEachOp$OfRef.accept(ForEachOps.java:183)
	at java.util.stream.ReferencePipeline$3$1.accept(ReferencePipeline.java:193)
	at java.util.Iterator.forEachRemaining(Iterator.java:116)
	at java.util.Spliterators$IteratorSpliterator.forEachRemaining(Spliterators.java:1801)
	at java.util.stream.AbstractPipeline.copyInto(AbstractPipeline.java:482)
	at java.util.stream.AbstractPipeline.wrapAndCopyInto(AbstractPipeline.java:472)
	at java.util.stream.ForEachOps$ForEachOp.evaluateSequential(ForEachOps.java:150)
	at java.util.stream.ForEachOps$ForEachOp$OfRef.evaluateSequential(ForEachOps.java:173)
	at java.util.stream.AbstractPipeline.evaluate(AbstractPipeline.java:234)
	at java.util.stream.ReferencePipeline.forEach(ReferencePipeline.java:485)
	at org.junit.vintage.engine.VintageTestEngine.executeAllChildren(VintageTestEngine.java:82)
	at org.junit.vintage.engine.VintageTestEngine.execute(VintageTestEngine.java:73)
	at org.junit.platform.launcher.core.EngineExecutionOrchestrator.execute(EngineExecutionOrchestrator.java:108)
	at org.junit.platform.launcher.core.EngineExecutionOrchestrator.execute(EngineExecutionOrchestrator.java:88)
	at org.junit.platform.launcher.core.EngineExecutionOrchestrator.lambda$execute$0(EngineExecutionOrchestrator.java:54)
	at org.junit.platform.launcher.core.EngineExecutionOrchestrator.withInterceptedStreams(EngineExecutionOrchestrator.java:67)
	at org.junit.platform.launcher.core.EngineExecutionOrchestrator.execute(EngineExecutionOrchestrator.java:52)
	at org.junit.platform.launcher.core.DefaultLauncher.execute(DefaultLauncher.java:96)
	at org.junit.platform.launcher.core.DefaultLauncher.execute(DefaultLauncher.java:75)
	at org.apache.maven.surefire.junitplatform.JUnitPlatformProvider.invokeAllTests(JUnitPlatformProvider.java:142)
	at org.apache.maven.surefire.junitplatform.JUnitPlatformProvider.invoke(JUnitPlatformProvider.java:113)
	at org.apache.maven.surefire.booter.ForkedBooter.invokeProviderInSameClassLoader(ForkedBooter.java:384)
	at org.apache.maven.surefire.booter.ForkedBooter.runSuitesInProcess(ForkedBooter.java:345)
	at org.apache.maven.surefire.booter.ForkedBooter.execute(ForkedBooter.java:126)
	at org.apache.maven.surefire.booter.ForkedBooter.main(ForkedBooter.java:418)

]]></system-err>
  </testcase>
</testsuite>