<?xml version="1.0" encoding="UTF-8"?>
<testsuite xmlns:xsi="http://www.w3.org/2001/XMLSchema-instance" xsi:noNamespaceSchemaLocation="https://maven.apache.org/surefire/maven-surefire-plugin/xsd/surefire-test-report.xsd" name="org.apache.hadoop.ozone.client.rpc.TestCloseContainerHandlingByClient" time="145.885" tests="7" errors="1" skipped="0" failures="0">
  <properties>
    <property name="awt.toolkit" value="sun.awt.X11.XToolkit"/>
    <property name="file.encoding.pkg" value="sun.io"/>
    <property name="java.specification.version" value="1.8"/>
    <property name="sun.cpu.isalist" value=""/>
    <property name="sun.jnu.encoding" value="UTF-8"/>
    <property name="java.class.path" value="/home/runner/work/ozone/ozone/mnt/ozone/hadoop-ozone/integration-test/target/test-classes:/home/runner/work/ozone/ozone/mnt/ozone/hadoop-ozone/integration-test/target/classes:/home/runner/.m2/repository/org/apache/ozone/ozone-common/1.2.0-SNAPSHOT/ozone-common-1.2.0-SNAPSHOT.jar:/home/runner/.m2/repository/org/apache/commons/commons-compress/1.20/commons-compress-1.20.jar:/home/runner/.m2/repository/org/apache/ozone/hdds-common/1.2.0-SNAPSHOT/hdds-common-1.2.0-SNAPSHOT.jar:/home/runner/.m2/repository/org/apache/ozone/hdds-client/1.2.0-SNAPSHOT/hdds-client-1.2.0-SNAPSHOT.jar:/home/runner/.m2/repository/org/apache/ozone/ozone-interface-client/1.2.0-SNAPSHOT/ozone-interface-client-1.2.0-SNAPSHOT.jar:/home/runner/.m2/repository/org/apache/ozone/hdds-server-framework/1.2.0-SNAPSHOT/hdds-server-framework-1.2.0-SNAPSHOT.jar:/home/runner/.m2/repository/org/apache/ozone/hdds-interface-server/1.2.0-SNAPSHOT/hdds-interface-server-1.2.0-SNAPSHOT.jar:/home/runner/.m2/repository/org/eclipse/jetty/jetty-servlet/9.4.35.v20201120/jetty-servlet-9.4.35.v20201120.jar:/home/runner/.m2/repository/org/eclipse/jetty/jetty-security/9.4.35.v20201120/jetty-security-9.4.35.v20201120.jar:/home/runner/.m2/repository/org/rocksdb/rocksdbjni/6.20.3/rocksdbjni-6.20.3.jar:/home/runner/.m2/repository/io/prometheus/simpleclient_dropwizard/0.7.0/simpleclient_dropwizard-0.7.0.jar:/home/runner/.m2/repository/io/prometheus/simpleclient/0.7.0/simpleclient-0.7.0.jar:/home/runner/.m2/repository/io/prometheus/simpleclient_common/0.7.0/simpleclient_common-0.7.0.jar:/home/runner/.m2/repository/com/fasterxml/jackson/datatype/jackson-datatype-jsr310/2.12.1/jackson-datatype-jsr310-2.12.1.jar:/home/runner/.m2/repository/org/apache/ozone/hdds-test-utils/1.2.0-SNAPSHOT/hdds-test-utils-1.2.0-SNAPSHOT.jar:/home/runner/.m2/repository/com/google/guava/guava/30.1.1-jre/guava-30.1.1-jre.jar:/home/runner/.m2/repository/com/google/guava/failureaccess/1.0.1/failureaccess-1.0.1.jar:/home/runner/.m2/repository/com/google/guava/listenablefuture/9999.0-empty-to-avoid-conflict-with-guava/listenablefuture-9999.0-empty-to-avoid-conflict-with-guava.jar:/home/runner/.m2/repository/com/google/code/findbugs/jsr305/3.0.0/jsr305-3.0.0.jar:/home/runner/.m2/repository/org/checkerframework/checker-qual/3.8.0/checker-qual-3.8.0.jar:/home/runner/.m2/repository/com/google/errorprone/error_prone_annotations/2.2.0/error_prone_annotations-2.2.0.jar:/home/runner/.m2/repository/com/google/j2objc/j2objc-annotations/1.3/j2objc-annotations-1.3.jar:/home/runner/.m2/repository/commons-io/commons-io/2.8.0/commons-io-2.8.0.jar:/home/runner/.m2/repository/commons-logging/commons-logging/1.2/commons-logging-1.2.jar:/home/runner/.m2/repository/log4j/log4j/1.2.17/log4j-1.2.17.jar:/home/runner/.m2/repository/org/slf4j/slf4j-api/1.7.30/slf4j-api-1.7.30.jar:/home/runner/.m2/repository/org/apache/ozone/hdds-server-scm/1.2.0-SNAPSHOT/hdds-server-scm-1.2.0-SNAPSHOT.jar:/home/runner/.m2/repository/org/apache/ozone/hdds-container-service/1.2.0-SNAPSHOT/hdds-container-service-1.2.0-SNAPSHOT.jar:/home/runner/.m2/repository/org/apache/ozone/hdds-hadoop-dependency-server/1.2.0-SNAPSHOT/hdds-hadoop-dependency-server-1.2.0-SNAPSHOT.jar:/home/runner/.m2/repository/org/apache/hadoop/hadoop-hdfs/3.3.1/hadoop-hdfs-3.3.1.jar:/home/runner/.m2/repository/io/dropwizard/metrics/metrics-core/3.2.4/metrics-core-3.2.4.jar:/home/runner/.m2/repository/org/apache/hadoop/hadoop-hdfs-client/3.3.1/hadoop-hdfs-client-3.3.1.jar:/home/runner/.m2/repository/org/bouncycastle/bcprov-jdk15on/1.67/bcprov-jdk15on-1.67.jar:/home/runner/.m2/repository/com/google/protobuf/protobuf-java/2.5.0/protobuf-java-2.5.0.jar:/home/runner/.m2/repository/org/apache/ozone/ozone-manager/1.2.0-SNAPSHOT/ozone-manager-1.2.0-SNAPSHOT.jar:/home/runner/.m2/repository/org/aspectj/aspectjrt/1.8.9/aspectjrt-1.8.9.jar:/home/runner/.m2/repository/org/aspectj/aspectjweaver/1.8.9/aspectjweaver-1.8.9.jar:/home/runner/.m2/repository/org/apache/ozone/hdds-interface-client/1.2.0-SNAPSHOT/hdds-interface-client-1.2.0-SNAPSHOT.jar:/home/runner/.m2/repository/org/apache/hadoop/thirdparty/hadoop-shaded-protobuf_3_7/1.1.1/hadoop-shaded-protobuf_3_7-1.1.1.jar:/home/runner/.m2/repository/org/apache/ratis/ratis-thirdparty-misc/0.7.0/ratis-thirdparty-misc-0.7.0.jar:/home/runner/.m2/repository/org/apache/ozone/ozone-interface-storage/1.2.0-SNAPSHOT/ozone-interface-storage-1.2.0-SNAPSHOT.jar:/home/runner/.m2/repository/org/reflections/reflections/0.9.11/reflections-0.9.11.jar:/home/runner/.m2/repository/org/apache/hadoop/hadoop-minikdc/3.3.1/hadoop-minikdc-3.3.1.jar:/home/runner/.m2/repository/org/apache/kerby/kerb-simplekdc/1.0.1/kerb-simplekdc-1.0.1.jar:/home/runner/.m2/repository/org/apache/kerby/kerb-client/1.0.1/kerb-client-1.0.1.jar:/home/runner/.m2/repository/org/apache/kerby/kerby-config/1.0.1/kerby-config-1.0.1.jar:/home/runner/.m2/repository/org/apache/kerby/kerb-common/1.0.1/kerb-common-1.0.1.jar:/home/runner/.m2/repository/org/apache/kerby/kerb-crypto/1.0.1/kerb-crypto-1.0.1.jar:/home/runner/.m2/repository/org/apache/kerby/kerb-util/1.0.1/kerb-util-1.0.1.jar:/home/runner/.m2/repository/org/apache/kerby/token-provider/1.0.1/token-provider-1.0.1.jar:/home/runner/.m2/repository/org/apache/kerby/kerb-admin/1.0.1/kerb-admin-1.0.1.jar:/home/runner/.m2/repository/org/apache/kerby/kerb-server/1.0.1/kerb-server-1.0.1.jar:/home/runner/.m2/repository/org/apache/kerby/kerb-identity/1.0.1/kerb-identity-1.0.1.jar:/home/runner/.m2/repository/org/apache/kerby/kerby-xdr/1.0.1/kerby-xdr-1.0.1.jar:/home/runner/.m2/repository/org/slf4j/slf4j-log4j12/1.7.30/slf4j-log4j12-1.7.30.jar:/home/runner/.m2/repository/org/apache/ozone/ozone-s3gateway/1.2.0-SNAPSHOT/ozone-s3gateway-1.2.0-SNAPSHOT.jar:/home/runner/.m2/repository/org/javassist/javassist/3.21.0-GA/javassist-3.21.0-GA.jar:/home/runner/.m2/repository/org/jboss/weld/servlet/weld-servlet/2.4.7.Final/weld-servlet-2.4.7.Final.jar:/home/runner/.m2/repository/org/glassfish/jersey/containers/jersey-container-servlet-core/2.33/jersey-container-servlet-core-2.33.jar:/home/runner/.m2/repository/org/glassfish/hk2/external/jakarta.inject/2.6.1/jakarta.inject-2.6.1.jar:/home/runner/.m2/repository/org/glassfish/jersey/core/jersey-common/2.33/jersey-common-2.33.jar:/home/runner/.m2/repository/jakarta/ws/rs/jakarta.ws.rs-api/2.1.6/jakarta.ws.rs-api-2.1.6.jar:/home/runner/.m2/repository/org/glassfish/jersey/ext/cdi/jersey-cdi1x/2.33/jersey-cdi1x-2.33.jar:/home/runner/.m2/repository/org/glassfish/jersey/inject/jersey-hk2/2.33/jersey-hk2-2.33.jar:/home/runner/.m2/repository/org/glassfish/hk2/hk2-locator/2.6.1/hk2-locator-2.6.1.jar:/home/runner/.m2/repository/org/glassfish/jersey/media/jersey-media-jaxb/2.33/jersey-media-jaxb-2.33.jar:/home/runner/.m2/repository/org/glassfish/hk2/osgi-resource-locator/1.0.3/osgi-resource-locator-1.0.3.jar:/home/runner/.m2/repository/org/glassfish/hk2/hk2-api/2.5.0/hk2-api-2.5.0.jar:/home/runner/.m2/repository/org/glassfish/hk2/hk2-utils/2.5.0/hk2-utils-2.5.0.jar:/home/runner/.m2/repository/org/glassfish/hk2/external/aopalliance-repackaged/2.5.0/aopalliance-repackaged-2.5.0.jar:/home/runner/.m2/repository/com/fasterxml/jackson/dataformat/jackson-dataformat-xml/2.12.1/jackson-dataformat-xml-2.12.1.jar:/home/runner/.m2/repository/com/fasterxml/jackson/core/jackson-core/2.12.1/jackson-core-2.12.1.jar:/home/runner/.m2/repository/com/fasterxml/jackson/module/jackson-module-jaxb-annotations/2.12.1/jackson-module-jaxb-annotations-2.12.1.jar:/home/runner/.m2/repository/jakarta/xml/bind/jakarta.xml.bind-api/2.3.2/jakarta.xml.bind-api-2.3.2.jar:/home/runner/.m2/repository/org/codehaus/woodstox/stax2-api/3.1.4/stax2-api-3.1.4.jar:/home/runner/.m2/repository/com/fasterxml/woodstox/woodstox-core/5.0.3/woodstox-core-5.0.3.jar:/home/runner/.m2/repository/javax/enterprise/cdi-api/1.2/cdi-api-1.2.jar:/home/runner/.m2/repository/javax/el/javax.el-api/3.0.0/javax.el-api-3.0.0.jar:/home/runner/.m2/repository/javax/interceptor/javax.interceptor-api/1.2/javax.interceptor-api-1.2.jar:/home/runner/.m2/repository/javax/inject/javax.inject/1/javax.inject-1.jar:/home/runner/.m2/repository/javax/xml/bind/jaxb-api/2.3.0/jaxb-api-2.3.0.jar:/home/runner/.m2/repository/org/glassfish/jaxb/jaxb-runtime/2.3.0.1/jaxb-runtime-2.3.0.1.jar:/home/runner/.m2/repository/org/glassfish/jaxb/jaxb-core/2.3.0.1/jaxb-core-2.3.0.1.jar:/home/runner/.m2/repository/org/glassfish/jaxb/txw2/2.3.0.1/txw2-2.3.0.1.jar:/home/runner/.m2/repository/com/sun/istack/istack-commons-runtime/3.0.5/istack-commons-runtime-3.0.5.jar:/home/runner/.m2/repository/org/jvnet/staxex/stax-ex/1.7.8/stax-ex-1.7.8.jar:/home/runner/.m2/repository/com/sun/xml/fastinfoset/FastInfoset/1.2.13/FastInfoset-1.2.13.jar:/home/runner/.m2/repository/javax/activation/activation/1.1.1/activation-1.1.1.jar:/home/runner/.m2/repository/org/apache/ozone/ozone-csi/1.2.0-SNAPSHOT/ozone-csi-1.2.0-SNAPSHOT.jar:/home/runner/.m2/repository/com/google/protobuf/protobuf-java-util/3.12.0/protobuf-java-util-3.12.0.jar:/home/runner/.m2/repository/com/google/code/gson/gson/2.2.4/gson-2.2.4.jar:/home/runner/.m2/repository/org/apache/ozone/hdds-config/1.2.0-SNAPSHOT/hdds-config-1.2.0-SNAPSHOT.jar:/home/runner/.m2/repository/io/grpc/grpc-netty/1.33.0/grpc-netty-1.33.0.jar:/home/runner/.m2/repository/io/grpc/grpc-core/1.33.0/grpc-core-1.33.0.jar:/home/runner/.m2/repository/com/google/android/annotations/4.1.1.4/annotations-4.1.1.4.jar:/home/runner/.m2/repository/io/netty/netty-codec-http2/4.1.63.Final/netty-codec-http2-4.1.63.Final.jar:/home/runner/.m2/repository/io/netty/netty-codec-http/4.1.63.Final/netty-codec-http-4.1.63.Final.jar:/home/runner/.m2/repository/io/netty/netty-handler-proxy/4.1.63.Final/netty-handler-proxy-4.1.63.Final.jar:/home/runner/.m2/repository/io/netty/netty-codec-socks/4.1.63.Final/netty-codec-socks-4.1.63.Final.jar:/home/runner/.m2/repository/io/perfmark/perfmark-api/0.19.0/perfmark-api-0.19.0.jar:/home/runner/.m2/repository/org/codehaus/mojo/animal-sniffer-annotations/1.18/animal-sniffer-annotations-1.18.jar:/home/runner/.m2/repository/io/netty/netty-transport-native-epoll/4.1.63.Final/netty-transport-native-epoll-4.1.63.Final.jar:/home/runner/.m2/repository/io/netty/netty-common/4.1.63.Final/netty-common-4.1.63.Final.jar:/home/runner/.m2/repository/io/netty/netty-buffer/4.1.63.Final/netty-buffer-4.1.63.Final.jar:/home/runner/.m2/repository/io/netty/netty-transport-native-unix-common/4.1.63.Final/netty-transport-native-unix-common-4.1.63.Final.jar:/home/runner/.m2/repository/io/grpc/grpc-protobuf/1.33.0/grpc-protobuf-1.33.0.jar:/home/runner/.m2/repository/io/grpc/grpc-api/1.33.0/grpc-api-1.33.0.jar:/home/runner/.m2/repository/io/grpc/grpc-context/1.33.0/grpc-context-1.33.0.jar:/home/runner/.m2/repository/com/google/api/grpc/proto-google-common-protos/1.17.0/proto-google-common-protos-1.17.0.jar:/home/runner/.m2/repository/io/grpc/grpc-protobuf-lite/1.33.0/grpc-protobuf-lite-1.33.0.jar:/home/runner/.m2/repository/io/grpc/grpc-stub/1.33.0/grpc-stub-1.33.0.jar:/home/runner/.m2/repository/org/apache/ozone/ozone-recon/1.2.0-SNAPSHOT/ozone-recon-1.2.0-SNAPSHOT.jar:/home/runner/.m2/repository/org/apache/ozone/ozone-reconcodegen/1.2.0-SNAPSHOT/ozone-reconcodegen-1.2.0-SNAPSHOT.jar:/home/runner/.m2/repository/com/google/inject/extensions/guice-multibindings/4.0/guice-multibindings-4.0.jar:/home/runner/.m2/repository/com/google/inject/guice/4.0/guice-4.0.jar:/home/runner/.m2/repository/aopalliance/aopalliance/1.0/aopalliance-1.0.jar:/home/runner/.m2/repository/com/google/inject/extensions/guice-assistedinject/4.0/guice-assistedinject-4.0.jar:/home/runner/.m2/repository/com/google/inject/extensions/guice-servlet/4.0/guice-servlet-4.0.jar:/home/runner/.m2/repository/org/glassfish/jersey/containers/jersey-container-servlet/2.33/jersey-container-servlet-2.33.jar:/home/runner/.m2/repository/org/glassfish/hk2/guice-bridge/2.5.0/guice-bridge-2.5.0.jar:/home/runner/.m2/repository/org/glassfish/jersey/core/jersey-server/2.33/jersey-server-2.33.jar:/home/runner/.m2/repository/org/glassfish/jersey/core/jersey-client/2.33/jersey-client-2.33.jar:/home/runner/.m2/repository/jakarta/annotation/jakarta.annotation-api/1.3.5/jakarta.annotation-api-1.3.5.jar:/home/runner/.m2/repository/jakarta/validation/jakarta.validation-api/2.0.2/jakarta.validation-api-2.0.2.jar:/home/runner/.m2/repository/org/glassfish/jersey/media/jersey-media-json-jackson/2.33/jersey-media-json-jackson-2.33.jar:/home/runner/.m2/repository/org/glassfish/jersey/ext/jersey-entity-filtering/2.33/jersey-entity-filtering-2.33.jar:/home/runner/.m2/repository/org/jooq/jooq/3.11.10/jooq-3.11.10.jar:/home/runner/.m2/repository/org/jooq/jooq-meta/3.11.10/jooq-meta-3.11.10.jar:/home/runner/.m2/repository/org/jooq/jooq-codegen/3.11.10/jooq-codegen-3.11.10.jar:/home/runner/.m2/repository/com/jolbox/bonecp/0.8.0.RELEASE/bonecp-0.8.0.RELEASE.jar:/home/runner/.m2/repository/org/apache/derby/derby/10.14.2.0/derby-10.14.2.0.jar:/home/runner/.m2/repository/org/xerial/sqlite-jdbc/3.25.2/sqlite-jdbc-3.25.2.jar:/home/runner/.m2/repository/org/springframework/spring-jdbc/5.2.11.RELEASE/spring-jdbc-5.2.11.RELEASE.jar:/home/runner/.m2/repository/org/springframework/spring-beans/5.2.11.RELEASE/spring-beans-5.2.11.RELEASE.jar:/home/runner/.m2/repository/org/springframework/spring-core/5.2.11.RELEASE/spring-core-5.2.11.RELEASE.jar:/home/runner/.m2/repository/org/springframework/spring-jcl/5.2.11.RELEASE/spring-jcl-5.2.11.RELEASE.jar:/home/runner/.m2/repository/org/springframework/spring-tx/5.2.11.RELEASE/spring-tx-5.2.11.RELEASE.jar:/home/runner/.m2/repository/org/apache/ozone/ozone-client/1.2.0-SNAPSHOT/ozone-client-1.2.0-SNAPSHOT.jar:/home/runner/.m2/repository/org/apache/ozone/ozone-filesystem/1.2.0-SNAPSHOT/ozone-filesystem-1.2.0-SNAPSHOT.jar:/home/runner/.m2/repository/org/apache/ozone/ozone-filesystem-common/1.2.0-SNAPSHOT/ozone-filesystem-common-1.2.0-SNAPSHOT.jar:/home/runner/.m2/repository/org/apache/ozone/ozone-tools/1.2.0-SNAPSHOT/ozone-tools-1.2.0-SNAPSHOT.jar:/home/runner/.m2/repository/org/apache/ratis/ratis-tools/2.1.0/ratis-tools-2.1.0.jar:/home/runner/.m2/repository/org/apache/ratis/ratis-proto/2.1.0/ratis-proto-2.1.0.jar:/home/runner/.m2/repository/org/apache/ratis/ratis-common/2.1.0/ratis-common-2.1.0.jar:/home/runner/.m2/repository/com/amazonaws/aws-java-sdk-core/1.11.901/aws-java-sdk-core-1.11.901.jar:/home/runner/.m2/repository/org/apache/httpcomponents/httpclient/4.5.13/httpclient-4.5.13.jar:/home/runner/.m2/repository/org/apache/httpcomponents/httpcore/4.4.13/httpcore-4.4.13.jar:/home/runner/.m2/repository/software/amazon/ion/ion-java/1.0.2/ion-java-1.0.2.jar:/home/runner/.m2/repository/com/fasterxml/jackson/dataformat/jackson-dataformat-cbor/2.12.1/jackson-dataformat-cbor-2.12.1.jar:/home/runner/.m2/repository/joda-time/joda-time/2.8.1/joda-time-2.8.1.jar:/home/runner/.m2/repository/com/amazonaws/aws-java-sdk-s3/1.11.901/aws-java-sdk-s3-1.11.901.jar:/home/runner/.m2/repository/com/amazonaws/aws-java-sdk-kms/1.11.901/aws-java-sdk-kms-1.11.901.jar:/home/runner/.m2/repository/com/amazonaws/jmespath-java/1.11.901/jmespath-java-1.11.901.jar:/home/runner/.m2/repository/org/kohsuke/metainf-services/metainf-services/1.8/metainf-services-1.8.jar:/home/runner/.m2/repository/org/apache/ozone/hdds-tools/1.2.0-SNAPSHOT/hdds-tools-1.2.0-SNAPSHOT.jar:/home/runner/.m2/repository/commons-cli/commons-cli/1.2/commons-cli-1.2.jar:/home/runner/.m2/repository/org/apache/commons/commons-lang3/3.7/commons-lang3-3.7.jar:/home/runner/.m2/repository/org/apache/ozone/ozone-manager/1.2.0-SNAPSHOT/ozone-manager-1.2.0-SNAPSHOT-tests.jar:/home/runner/.m2/repository/org/apache/ozone/hdds-common/1.2.0-SNAPSHOT/hdds-common-1.2.0-SNAPSHOT-tests.jar:/home/runner/.m2/repository/org/apache/ozone/hdds-hadoop-dependency-client/1.2.0-SNAPSHOT/hdds-hadoop-dependency-client-1.2.0-SNAPSHOT.jar:/home/runner/.m2/repository/info/picocli/picocli/4.4.0/picocli-4.4.0.jar:/home/runner/.m2/repository/com/fasterxml/jackson/core/jackson-annotations/2.12.1/jackson-annotations-2.12.1.jar:/home/runner/.m2/repository/javax/annotation/javax.annotation-api/1.2/javax.annotation-api-1.2.jar:/home/runner/.m2/repository/org/apache/ratis/ratis-server/2.1.0/ratis-server-2.1.0.jar:/home/runner/.m2/repository/org/apache/ratis/ratis-client/2.1.0/ratis-client-2.1.0.jar:/home/runner/.m2/repository/org/apache/ratis/ratis-server-api/2.1.0/ratis-server-api-2.1.0.jar:/home/runner/.m2/repository/org/apache/ratis/ratis-metrics/2.1.0/ratis-metrics-2.1.0.jar:/home/runner/.m2/repository/org/apache/ratis/ratis-netty/2.1.0/ratis-netty-2.1.0.jar:/home/runner/.m2/repository/org/apache/ratis/ratis-grpc/2.1.0/ratis-grpc-2.1.0.jar:/home/runner/.m2/repository/org/apache/logging/log4j/log4j-api/2.13.3/log4j-api-2.13.3.jar:/home/runner/.m2/repository/org/apache/logging/log4j/log4j-core/2.13.3/log4j-core-2.13.3.jar:/home/runner/.m2/repository/com/lmax/disruptor/3.4.2/disruptor-3.4.2.jar:/home/runner/.m2/repository/org/apache/commons/commons-pool2/2.6.0/commons-pool2-2.6.0.jar:/home/runner/.m2/repository/org/bouncycastle/bcpkix-jdk15on/1.67/bcpkix-jdk15on-1.67.jar:/home/runner/.m2/repository/commons-validator/commons-validator/1.6/commons-validator-1.6.jar:/home/runner/.m2/repository/commons-beanutils/commons-beanutils/1.9.4/commons-beanutils-1.9.4.jar:/home/runner/.m2/repository/commons-digester/commons-digester/1.8.1/commons-digester-1.8.1.jar:/home/runner/.m2/repository/commons-collections/commons-collections/3.2.2/commons-collections-3.2.2.jar:/home/runner/.m2/repository/io/jaegertracing/jaeger-client/1.6.0/jaeger-client-1.6.0.jar:/home/runner/.m2/repository/io/jaegertracing/jaeger-thrift/1.6.0/jaeger-thrift-1.6.0.jar:/home/runner/.m2/repository/org/apache/thrift/libthrift/0.14.1/libthrift-0.14.1.jar:/home/runner/.m2/repository/com/squareup/okhttp3/okhttp/4.9.0/okhttp-4.9.0.jar:/home/runner/.m2/repository/com/squareup/okio/okio/2.8.0/okio-2.8.0.jar:/home/runner/.m2/repository/io/jaegertracing/jaeger-core/1.6.0/jaeger-core-1.6.0.jar:/home/runner/.m2/repository/io/jaegertracing/jaeger-tracerresolver/1.6.0/jaeger-tracerresolver-1.6.0.jar:/home/runner/.m2/repository/io/opentracing/contrib/opentracing-tracerresolver/0.1.8/opentracing-tracerresolver-0.1.8.jar:/home/runner/.m2/repository/org/jetbrains/kotlin/kotlin-stdlib/1.4.31/kotlin-stdlib-1.4.31.jar:/home/runner/.m2/repository/org/jetbrains/kotlin/kotlin-stdlib-common/1.4.31/kotlin-stdlib-common-1.4.31.jar:/home/runner/.m2/repository/org/jetbrains/annotations/13.0/annotations-13.0.jar:/home/runner/.m2/repository/io/opentracing/opentracing-util/0.33.0/opentracing-util-0.33.0.jar:/home/runner/.m2/repository/io/opentracing/opentracing-api/0.33.0/opentracing-api-0.33.0.jar:/home/runner/.m2/repository/io/opentracing/opentracing-noop/0.33.0/opentracing-noop-0.33.0.jar:/home/runner/.m2/repository/org/yaml/snakeyaml/1.26/snakeyaml-1.26.jar:/home/runner/.m2/repository/org/apache/ozone/hdds-interface-admin/1.2.0-SNAPSHOT/hdds-interface-admin-1.2.0-SNAPSHOT.jar:/home/runner/.m2/repository/junit/junit/4.13.1/junit-4.13.1.jar:/home/runner/.m2/repository/org/hamcrest/hamcrest-core/1.3/hamcrest-core-1.3.jar:/home/runner/.m2/repository/org/junit/jupiter/junit-jupiter-api/5.7.0/junit-jupiter-api-5.7.0.jar:/home/runner/.m2/repository/org/apiguardian/apiguardian-api/1.1.0/apiguardian-api-1.1.0.jar:/home/runner/.m2/repository/org/opentest4j/opentest4j/1.2.0/opentest4j-1.2.0.jar:/home/runner/.m2/repository/org/junit/platform/junit-platform-commons/1.7.0/junit-platform-commons-1.7.0.jar:/home/runner/.m2/repository/org/junit/jupiter/junit-jupiter-engine/5.7.0/junit-jupiter-engine-5.7.0.jar:/home/runner/.m2/repository/org/junit/platform/junit-platform-engine/1.7.0/junit-platform-engine-1.7.0.jar:/home/runner/.m2/repository/org/junit/vintage/junit-vintage-engine/5.7.0/junit-vintage-engine-5.7.0.jar:/home/runner/.m2/repository/org/junit/platform/junit-platform-launcher/1.7.0/junit-platform-launcher-1.7.0.jar:/home/runner/.m2/repository/org/openjdk/jmh/jmh-core/1.19/jmh-core-1.19.jar:/home/runner/.m2/repository/net/sf/jopt-simple/jopt-simple/4.6/jopt-simple-4.6.jar:/home/runner/.m2/repository/org/apache/commons/commons-math3/3.1.1/commons-math3-3.1.1.jar:/home/runner/.m2/repository/org/openjdk/jmh/jmh-generator-annprocess/1.19/jmh-generator-annprocess-1.19.jar:/home/runner/.m2/repository/org/mockito/mockito-core/2.28.2/mockito-core-2.28.2.jar:/home/runner/.m2/repository/net/bytebuddy/byte-buddy/1.9.10/byte-buddy-1.9.10.jar:/home/runner/.m2/repository/net/bytebuddy/byte-buddy-agent/1.9.10/byte-buddy-agent-1.9.10.jar:/home/runner/.m2/repository/org/objenesis/objenesis/1.0/objenesis-1.0.jar:/home/runner/.m2/repository/org/apache/hadoop/hadoop-kms/3.3.1/hadoop-kms-3.3.1.jar:/home/runner/.m2/repository/org/apache/hadoop/hadoop-auth/3.3.1/hadoop-auth-3.3.1.jar:/home/runner/.m2/repository/com/nimbusds/nimbus-jose-jwt/7.9/nimbus-jose-jwt-7.9.jar:/home/runner/.m2/repository/com/github/stephenc/jcip/jcip-annotations/1.0-1/jcip-annotations-1.0-1.jar:/home/runner/.m2/repository/net/minidev/json-smart/2.3/json-smart-2.3.jar:/home/runner/.m2/repository/net/minidev/accessors-smart/1.2/accessors-smart-1.2.jar:/home/runner/.m2/repository/org/ow2/asm/asm/5.0.4/asm-5.0.4.jar:/home/runner/.m2/repository/org/apache/zookeeper/zookeeper/3.5.6/zookeeper-3.5.6.jar:/home/runner/.m2/repository/org/apache/zookeeper/zookeeper-jute/3.5.6/zookeeper-jute-3.5.6.jar:/home/runner/.m2/repository/org/apache/yetus/audience-annotations/0.5.0/audience-annotations-0.5.0.jar:/home/runner/.m2/repository/org/apache/curator/curator-framework/4.2.0/curator-framework-4.2.0.jar:/home/runner/.m2/repository/org/apache/hadoop/thirdparty/hadoop-shaded-guava/1.1.1/hadoop-shaded-guava-1.1.1.jar:/home/runner/.m2/repository/com/sun/jersey/jersey-core/1.19/jersey-core-1.19.jar:/home/runner/.m2/repository/javax/ws/rs/jsr311-api/1.1.1/jsr311-api-1.1.1.jar:/home/runner/.m2/repository/com/sun/jersey/jersey-server/1.19/jersey-server-1.19.jar:/home/runner/.m2/repository/javax/servlet/javax.servlet-api/3.1.0/javax.servlet-api-3.1.0.jar:/home/runner/.m2/repository/org/eclipse/jetty/jetty-server/9.4.35.v20201120/jetty-server-9.4.35.v20201120.jar:/home/runner/.m2/repository/org/eclipse/jetty/jetty-http/9.4.35.v20201120/jetty-http-9.4.35.v20201120.jar:/home/runner/.m2/repository/org/eclipse/jetty/jetty-io/9.4.35.v20201120/jetty-io-9.4.35.v20201120.jar:/home/runner/.m2/repository/org/eclipse/jetty/jetty-webapp/9.4.35.v20201120/jetty-webapp-9.4.35.v20201120.jar:/home/runner/.m2/repository/org/eclipse/jetty/jetty-xml/9.4.35.v20201120/jetty-xml-9.4.35.v20201120.jar:/home/runner/.m2/repository/org/apache/hadoop/hadoop-common/3.3.1/hadoop-common-3.3.1.jar:/home/runner/.m2/repository/commons-net/commons-net/3.6/commons-net-3.6.jar:/home/runner/.m2/repository/jakarta/activation/jakarta.activation-api/1.2.1/jakarta.activation-api-1.2.1.jar:/home/runner/.m2/repository/com/sun/jersey/jersey-servlet/1.19/jersey-servlet-1.19.jar:/home/runner/.m2/repository/com/sun/jersey/jersey-json/1.19/jersey-json-1.19.jar:/home/runner/.m2/repository/org/codehaus/jettison/jettison/1.1/jettison-1.1.jar:/home/runner/.m2/repository/com/sun/xml/bind/jaxb-impl/2.2.3-1/jaxb-impl-2.2.3-1.jar:/home/runner/.m2/repository/org/codehaus/jackson/jackson-jaxrs/1.9.2/jackson-jaxrs-1.9.2.jar:/home/runner/.m2/repository/org/codehaus/jackson/jackson-xc/1.9.2/jackson-xc-1.9.2.jar:/home/runner/.m2/repository/org/apache/commons/commons-configuration2/2.1.1/commons-configuration2-2.1.1.jar:/home/runner/.m2/repository/org/apache/commons/commons-text/1.4/commons-text-1.4.jar:/home/runner/.m2/repository/com/google/re2j/re2j/1.1/re2j-1.1.jar:/home/runner/.m2/repository/com/jcraft/jsch/0.1.54/jsch-0.1.54.jar:/home/runner/.m2/repository/org/apache/curator/curator-client/4.2.0/curator-client-4.2.0.jar:/home/runner/.m2/repository/org/apache/curator/curator-recipes/4.2.0/curator-recipes-4.2.0.jar:/home/runner/.m2/repository/org/apache/kerby/kerb-core/1.0.1/kerb-core-1.0.1.jar:/home/runner/.m2/repository/org/apache/kerby/kerby-pkix/1.0.1/kerby-pkix-1.0.1.jar:/home/runner/.m2/repository/org/apache/kerby/kerby-asn1/1.0.1/kerby-asn1-1.0.1.jar:/home/runner/.m2/repository/org/apache/kerby/kerby-util/1.0.1/kerby-util-1.0.1.jar:/home/runner/.m2/repository/dnsjava/dnsjava/2.1.7/dnsjava-2.1.7.jar:/home/runner/.m2/repository/org/xerial/snappy/snappy-java/1.1.8.2/snappy-java-1.1.8.2.jar:/home/runner/.m2/repository/org/slf4j/jul-to-slf4j/1.7.30/jul-to-slf4j-1.7.30.jar:/home/runner/.m2/repository/org/eclipse/jetty/jetty-util/9.4.35.v20201120/jetty-util-9.4.35.v20201120.jar:/home/runner/.m2/repository/com/fasterxml/jackson/core/jackson-databind/2.12.1/jackson-databind-2.12.1.jar:/home/runner/.m2/repository/org/apache/hadoop/hadoop-kms/3.3.1/hadoop-kms-3.3.1-tests.jar:/home/runner/.m2/repository/org/apache/ozone/hdds-server-scm/1.2.0-SNAPSHOT/hdds-server-scm-1.2.0-SNAPSHOT-tests.jar:/home/runner/.m2/repository/org/apache/ozone/hdds-container-service/1.2.0-SNAPSHOT/hdds-container-service-1.2.0-SNAPSHOT-tests.jar:/home/runner/.m2/repository/commons-codec/commons-codec/1.11/commons-codec-1.11.jar:/home/runner/.m2/repository/io/netty/netty-transport/4.1.63.Final/netty-transport-4.1.63.Final.jar:/home/runner/.m2/repository/io/netty/netty-resolver/4.1.63.Final/netty-resolver-4.1.63.Final.jar:/home/runner/.m2/repository/io/netty/netty-codec/4.1.63.Final/netty-codec-4.1.63.Final.jar:/home/runner/.m2/repository/io/netty/netty-handler/4.1.63.Final/netty-handler-4.1.63.Final.jar:/home/runner/.m2/repository/org/apache/ozone/hdds-hadoop-dependency-test/1.2.0-SNAPSHOT/hdds-hadoop-dependency-test-1.2.0-SNAPSHOT.jar:/home/runner/.m2/repository/org/apache/hadoop/hadoop-common/3.3.1/hadoop-common-3.3.1-tests.jar:/home/runner/.m2/repository/org/assertj/assertj-core/3.12.2/assertj-core-3.12.2.jar:/home/runner/.m2/repository/org/apache/hadoop/hadoop-hdfs/3.3.1/hadoop-hdfs-3.3.1-tests.jar:/home/runner/.m2/repository/org/eclipse/jetty/jetty-util-ajax/9.4.35.v20201120/jetty-util-ajax-9.4.35.v20201120.jar:/home/runner/.m2/repository/commons-daemon/commons-daemon/1.0.13/commons-daemon-1.0.13.jar:/home/runner/.m2/repository/io/netty/netty/3.10.6.Final/netty-3.10.6.Final.jar:/home/runner/.m2/repository/io/netty/netty-all/4.1.63.Final/netty-all-4.1.63.Final.jar:/home/runner/.m2/repository/org/apache/htrace/htrace-core4/4.1.0-incubating/htrace-core4-4.1.0-incubating.jar:/home/runner/.m2/repository/org/fusesource/leveldbjni/leveldbjni-all/1.8/leveldbjni-all-1.8.jar:/home/runner/.m2/repository/org/apache/hadoop/hadoop-distcp/3.3.1/hadoop-distcp-3.3.1.jar:/home/runner/.m2/repository/org/apache/hadoop/hadoop-mapreduce-client-jobclient/3.3.1/hadoop-mapreduce-client-jobclient-3.3.1.jar:/home/runner/.m2/repository/org/apache/hadoop/hadoop-mapreduce-client-common/3.3.1/hadoop-mapreduce-client-common-3.3.1.jar:/home/runner/.m2/repository/org/apache/hadoop/hadoop-yarn-common/3.3.1/hadoop-yarn-common-3.3.1.jar:/home/runner/.m2/repository/org/apache/hadoop/hadoop-yarn-api/3.3.1/hadoop-yarn-api-3.3.1.jar:/home/runner/.m2/repository/com/sun/jersey/jersey-client/1.19/jersey-client-1.19.jar:/home/runner/.m2/repository/com/sun/jersey/contribs/jersey-guice/1.19/jersey-guice-1.19.jar:/home/runner/.m2/repository/com/fasterxml/jackson/jaxrs/jackson-jaxrs-json-provider/2.12.1/jackson-jaxrs-json-provider-2.12.1.jar:/home/runner/.m2/repository/com/fasterxml/jackson/jaxrs/jackson-jaxrs-base/2.12.1/jackson-jaxrs-base-2.12.1.jar:/home/runner/.m2/repository/org/apache/hadoop/hadoop-yarn-client/3.3.1/hadoop-yarn-client-3.3.1.jar:/home/runner/.m2/repository/org/eclipse/jetty/websocket/websocket-client/9.4.40.v20210413/websocket-client-9.4.40.v20210413.jar:/home/runner/.m2/repository/org/eclipse/jetty/jetty-client/9.4.40.v20210413/jetty-client-9.4.40.v20210413.jar:/home/runner/.m2/repository/org/eclipse/jetty/websocket/websocket-common/9.4.40.v20210413/websocket-common-9.4.40.v20210413.jar:/home/runner/.m2/repository/org/eclipse/jetty/websocket/websocket-api/9.4.40.v20210413/websocket-api-9.4.40.v20210413.jar:/home/runner/.m2/repository/org/jline/jline/3.9.0/jline-3.9.0.jar:/home/runner/.m2/repository/org/apache/hadoop/hadoop-mapreduce-client-core/3.3.1/hadoop-mapreduce-client-core-3.3.1.jar:/home/runner/.m2/repository/org/apache/avro/avro/1.7.7/avro-1.7.7.jar:/home/runner/.m2/repository/org/codehaus/jackson/jackson-core-asl/1.9.13/jackson-core-asl-1.9.13.jar:/home/runner/.m2/repository/org/codehaus/jackson/jackson-mapper-asl/1.9.13/jackson-mapper-asl-1.9.13.jar:/home/runner/.m2/repository/com/thoughtworks/paranamer/paranamer/2.3/paranamer-2.3.jar:/home/runner/.m2/repository/org/apache/hadoop/hadoop-annotations/3.3.1/hadoop-annotations-3.3.1.jar:/usr/lib/jvm/adoptopenjdk-8-hotspot-amd64/jre/../lib/tools.jar:/home/runner/.m2/repository/org/apache/hadoop/hadoop-distcp/3.3.1/hadoop-distcp-3.3.1-tests.jar:"/>
    <property name="java.vm.vendor" value="AdoptOpenJDK"/>
    <property name="sun.arch.data.model" value="64"/>
    <property name="test.build.dir" value="/home/runner/work/ozone/ozone/mnt/ozone/hadoop-ozone/integration-test/target/test-dir"/>
    <property name="test.cache.data" value=""/>
    <property name="java.vendor.url" value="https://adoptopenjdk.net/"/>
    <property name="user.timezone" value=""/>
    <property name="java.vm.specification.version" value="1.8"/>
    <property name="os.name" value="Linux"/>
    <property name="test.build.data" value="/home/runner/work/ozone/ozone/mnt/ozone/hadoop-ozone/integration-test/target/test-dir"/>
    <property name="sun.java.launcher" value="SUN_STANDARD"/>
    <property name="sun.boot.library.path" value="/usr/lib/jvm/adoptopenjdk-8-hotspot-amd64/jre/lib/amd64"/>
    <property name="sun.java.command" value="/home/runner/work/ozone/ozone/mnt/ozone/hadoop-ozone/integration-test/target/surefire/surefirebooter2338077205023449500.jar /home/runner/work/ozone/ozone/mnt/ozone/hadoop-ozone/integration-test/target/surefire 2021-08-03T19-11-57_133-jvmRun1 surefire4170549585247585264tmp surefire_18145994519814181092tmp"/>
    <property name="surefire.test.class.path" value="/home/runner/work/ozone/ozone/mnt/ozone/hadoop-ozone/integration-test/target/test-classes:/home/runner/work/ozone/ozone/mnt/ozone/hadoop-ozone/integration-test/target/classes:/home/runner/.m2/repository/org/apache/ozone/ozone-common/1.2.0-SNAPSHOT/ozone-common-1.2.0-SNAPSHOT.jar:/home/runner/.m2/repository/org/apache/commons/commons-compress/1.20/commons-compress-1.20.jar:/home/runner/.m2/repository/org/apache/ozone/hdds-common/1.2.0-SNAPSHOT/hdds-common-1.2.0-SNAPSHOT.jar:/home/runner/.m2/repository/org/apache/ozone/hdds-client/1.2.0-SNAPSHOT/hdds-client-1.2.0-SNAPSHOT.jar:/home/runner/.m2/repository/org/apache/ozone/ozone-interface-client/1.2.0-SNAPSHOT/ozone-interface-client-1.2.0-SNAPSHOT.jar:/home/runner/.m2/repository/org/apache/ozone/hdds-server-framework/1.2.0-SNAPSHOT/hdds-server-framework-1.2.0-SNAPSHOT.jar:/home/runner/.m2/repository/org/apache/ozone/hdds-interface-server/1.2.0-SNAPSHOT/hdds-interface-server-1.2.0-SNAPSHOT.jar:/home/runner/.m2/repository/org/eclipse/jetty/jetty-servlet/9.4.35.v20201120/jetty-servlet-9.4.35.v20201120.jar:/home/runner/.m2/repository/org/eclipse/jetty/jetty-security/9.4.35.v20201120/jetty-security-9.4.35.v20201120.jar:/home/runner/.m2/repository/org/rocksdb/rocksdbjni/6.20.3/rocksdbjni-6.20.3.jar:/home/runner/.m2/repository/io/prometheus/simpleclient_dropwizard/0.7.0/simpleclient_dropwizard-0.7.0.jar:/home/runner/.m2/repository/io/prometheus/simpleclient/0.7.0/simpleclient-0.7.0.jar:/home/runner/.m2/repository/io/prometheus/simpleclient_common/0.7.0/simpleclient_common-0.7.0.jar:/home/runner/.m2/repository/com/fasterxml/jackson/datatype/jackson-datatype-jsr310/2.12.1/jackson-datatype-jsr310-2.12.1.jar:/home/runner/.m2/repository/org/apache/ozone/hdds-test-utils/1.2.0-SNAPSHOT/hdds-test-utils-1.2.0-SNAPSHOT.jar:/home/runner/.m2/repository/com/google/guava/guava/30.1.1-jre/guava-30.1.1-jre.jar:/home/runner/.m2/repository/com/google/guava/failureaccess/1.0.1/failureaccess-1.0.1.jar:/home/runner/.m2/repository/com/google/guava/listenablefuture/9999.0-empty-to-avoid-conflict-with-guava/listenablefuture-9999.0-empty-to-avoid-conflict-with-guava.jar:/home/runner/.m2/repository/com/google/code/findbugs/jsr305/3.0.0/jsr305-3.0.0.jar:/home/runner/.m2/repository/org/checkerframework/checker-qual/3.8.0/checker-qual-3.8.0.jar:/home/runner/.m2/repository/com/google/errorprone/error_prone_annotations/2.2.0/error_prone_annotations-2.2.0.jar:/home/runner/.m2/repository/com/google/j2objc/j2objc-annotations/1.3/j2objc-annotations-1.3.jar:/home/runner/.m2/repository/commons-io/commons-io/2.8.0/commons-io-2.8.0.jar:/home/runner/.m2/repository/commons-logging/commons-logging/1.2/commons-logging-1.2.jar:/home/runner/.m2/repository/log4j/log4j/1.2.17/log4j-1.2.17.jar:/home/runner/.m2/repository/org/slf4j/slf4j-api/1.7.30/slf4j-api-1.7.30.jar:/home/runner/.m2/repository/org/apache/ozone/hdds-server-scm/1.2.0-SNAPSHOT/hdds-server-scm-1.2.0-SNAPSHOT.jar:/home/runner/.m2/repository/org/apache/ozone/hdds-container-service/1.2.0-SNAPSHOT/hdds-container-service-1.2.0-SNAPSHOT.jar:/home/runner/.m2/repository/org/apache/ozone/hdds-hadoop-dependency-server/1.2.0-SNAPSHOT/hdds-hadoop-dependency-server-1.2.0-SNAPSHOT.jar:/home/runner/.m2/repository/org/apache/hadoop/hadoop-hdfs/3.3.1/hadoop-hdfs-3.3.1.jar:/home/runner/.m2/repository/io/dropwizard/metrics/metrics-core/3.2.4/metrics-core-3.2.4.jar:/home/runner/.m2/repository/org/apache/hadoop/hadoop-hdfs-client/3.3.1/hadoop-hdfs-client-3.3.1.jar:/home/runner/.m2/repository/org/bouncycastle/bcprov-jdk15on/1.67/bcprov-jdk15on-1.67.jar:/home/runner/.m2/repository/com/google/protobuf/protobuf-java/2.5.0/protobuf-java-2.5.0.jar:/home/runner/.m2/repository/org/apache/ozone/ozone-manager/1.2.0-SNAPSHOT/ozone-manager-1.2.0-SNAPSHOT.jar:/home/runner/.m2/repository/org/aspectj/aspectjrt/1.8.9/aspectjrt-1.8.9.jar:/home/runner/.m2/repository/org/aspectj/aspectjweaver/1.8.9/aspectjweaver-1.8.9.jar:/home/runner/.m2/repository/org/apache/ozone/hdds-interface-client/1.2.0-SNAPSHOT/hdds-interface-client-1.2.0-SNAPSHOT.jar:/home/runner/.m2/repository/org/apache/hadoop/thirdparty/hadoop-shaded-protobuf_3_7/1.1.1/hadoop-shaded-protobuf_3_7-1.1.1.jar:/home/runner/.m2/repository/org/apache/ratis/ratis-thirdparty-misc/0.7.0/ratis-thirdparty-misc-0.7.0.jar:/home/runner/.m2/repository/org/apache/ozone/ozone-interface-storage/1.2.0-SNAPSHOT/ozone-interface-storage-1.2.0-SNAPSHOT.jar:/home/runner/.m2/repository/org/reflections/reflections/0.9.11/reflections-0.9.11.jar:/home/runner/.m2/repository/org/apache/hadoop/hadoop-minikdc/3.3.1/hadoop-minikdc-3.3.1.jar:/home/runner/.m2/repository/org/apache/kerby/kerb-simplekdc/1.0.1/kerb-simplekdc-1.0.1.jar:/home/runner/.m2/repository/org/apache/kerby/kerb-client/1.0.1/kerb-client-1.0.1.jar:/home/runner/.m2/repository/org/apache/kerby/kerby-config/1.0.1/kerby-config-1.0.1.jar:/home/runner/.m2/repository/org/apache/kerby/kerb-common/1.0.1/kerb-common-1.0.1.jar:/home/runner/.m2/repository/org/apache/kerby/kerb-crypto/1.0.1/kerb-crypto-1.0.1.jar:/home/runner/.m2/repository/org/apache/kerby/kerb-util/1.0.1/kerb-util-1.0.1.jar:/home/runner/.m2/repository/org/apache/kerby/token-provider/1.0.1/token-provider-1.0.1.jar:/home/runner/.m2/repository/org/apache/kerby/kerb-admin/1.0.1/kerb-admin-1.0.1.jar:/home/runner/.m2/repository/org/apache/kerby/kerb-server/1.0.1/kerb-server-1.0.1.jar:/home/runner/.m2/repository/org/apache/kerby/kerb-identity/1.0.1/kerb-identity-1.0.1.jar:/home/runner/.m2/repository/org/apache/kerby/kerby-xdr/1.0.1/kerby-xdr-1.0.1.jar:/home/runner/.m2/repository/org/slf4j/slf4j-log4j12/1.7.30/slf4j-log4j12-1.7.30.jar:/home/runner/.m2/repository/org/apache/ozone/ozone-s3gateway/1.2.0-SNAPSHOT/ozone-s3gateway-1.2.0-SNAPSHOT.jar:/home/runner/.m2/repository/org/javassist/javassist/3.21.0-GA/javassist-3.21.0-GA.jar:/home/runner/.m2/repository/org/jboss/weld/servlet/weld-servlet/2.4.7.Final/weld-servlet-2.4.7.Final.jar:/home/runner/.m2/repository/org/glassfish/jersey/containers/jersey-container-servlet-core/2.33/jersey-container-servlet-core-2.33.jar:/home/runner/.m2/repository/org/glassfish/hk2/external/jakarta.inject/2.6.1/jakarta.inject-2.6.1.jar:/home/runner/.m2/repository/org/glassfish/jersey/core/jersey-common/2.33/jersey-common-2.33.jar:/home/runner/.m2/repository/jakarta/ws/rs/jakarta.ws.rs-api/2.1.6/jakarta.ws.rs-api-2.1.6.jar:/home/runner/.m2/repository/org/glassfish/jersey/ext/cdi/jersey-cdi1x/2.33/jersey-cdi1x-2.33.jar:/home/runner/.m2/repository/org/glassfish/jersey/inject/jersey-hk2/2.33/jersey-hk2-2.33.jar:/home/runner/.m2/repository/org/glassfish/hk2/hk2-locator/2.6.1/hk2-locator-2.6.1.jar:/home/runner/.m2/repository/org/glassfish/jersey/media/jersey-media-jaxb/2.33/jersey-media-jaxb-2.33.jar:/home/runner/.m2/repository/org/glassfish/hk2/osgi-resource-locator/1.0.3/osgi-resource-locator-1.0.3.jar:/home/runner/.m2/repository/org/glassfish/hk2/hk2-api/2.5.0/hk2-api-2.5.0.jar:/home/runner/.m2/repository/org/glassfish/hk2/hk2-utils/2.5.0/hk2-utils-2.5.0.jar:/home/runner/.m2/repository/org/glassfish/hk2/external/aopalliance-repackaged/2.5.0/aopalliance-repackaged-2.5.0.jar:/home/runner/.m2/repository/com/fasterxml/jackson/dataformat/jackson-dataformat-xml/2.12.1/jackson-dataformat-xml-2.12.1.jar:/home/runner/.m2/repository/com/fasterxml/jackson/core/jackson-core/2.12.1/jackson-core-2.12.1.jar:/home/runner/.m2/repository/com/fasterxml/jackson/module/jackson-module-jaxb-annotations/2.12.1/jackson-module-jaxb-annotations-2.12.1.jar:/home/runner/.m2/repository/jakarta/xml/bind/jakarta.xml.bind-api/2.3.2/jakarta.xml.bind-api-2.3.2.jar:/home/runner/.m2/repository/org/codehaus/woodstox/stax2-api/3.1.4/stax2-api-3.1.4.jar:/home/runner/.m2/repository/com/fasterxml/woodstox/woodstox-core/5.0.3/woodstox-core-5.0.3.jar:/home/runner/.m2/repository/javax/enterprise/cdi-api/1.2/cdi-api-1.2.jar:/home/runner/.m2/repository/javax/el/javax.el-api/3.0.0/javax.el-api-3.0.0.jar:/home/runner/.m2/repository/javax/interceptor/javax.interceptor-api/1.2/javax.interceptor-api-1.2.jar:/home/runner/.m2/repository/javax/inject/javax.inject/1/javax.inject-1.jar:/home/runner/.m2/repository/javax/xml/bind/jaxb-api/2.3.0/jaxb-api-2.3.0.jar:/home/runner/.m2/repository/org/glassfish/jaxb/jaxb-runtime/2.3.0.1/jaxb-runtime-2.3.0.1.jar:/home/runner/.m2/repository/org/glassfish/jaxb/jaxb-core/2.3.0.1/jaxb-core-2.3.0.1.jar:/home/runner/.m2/repository/org/glassfish/jaxb/txw2/2.3.0.1/txw2-2.3.0.1.jar:/home/runner/.m2/repository/com/sun/istack/istack-commons-runtime/3.0.5/istack-commons-runtime-3.0.5.jar:/home/runner/.m2/repository/org/jvnet/staxex/stax-ex/1.7.8/stax-ex-1.7.8.jar:/home/runner/.m2/repository/com/sun/xml/fastinfoset/FastInfoset/1.2.13/FastInfoset-1.2.13.jar:/home/runner/.m2/repository/javax/activation/activation/1.1.1/activation-1.1.1.jar:/home/runner/.m2/repository/org/apache/ozone/ozone-csi/1.2.0-SNAPSHOT/ozone-csi-1.2.0-SNAPSHOT.jar:/home/runner/.m2/repository/com/google/protobuf/protobuf-java-util/3.12.0/protobuf-java-util-3.12.0.jar:/home/runner/.m2/repository/com/google/code/gson/gson/2.2.4/gson-2.2.4.jar:/home/runner/.m2/repository/org/apache/ozone/hdds-config/1.2.0-SNAPSHOT/hdds-config-1.2.0-SNAPSHOT.jar:/home/runner/.m2/repository/io/grpc/grpc-netty/1.33.0/grpc-netty-1.33.0.jar:/home/runner/.m2/repository/io/grpc/grpc-core/1.33.0/grpc-core-1.33.0.jar:/home/runner/.m2/repository/com/google/android/annotations/4.1.1.4/annotations-4.1.1.4.jar:/home/runner/.m2/repository/io/netty/netty-codec-http2/4.1.63.Final/netty-codec-http2-4.1.63.Final.jar:/home/runner/.m2/repository/io/netty/netty-codec-http/4.1.63.Final/netty-codec-http-4.1.63.Final.jar:/home/runner/.m2/repository/io/netty/netty-handler-proxy/4.1.63.Final/netty-handler-proxy-4.1.63.Final.jar:/home/runner/.m2/repository/io/netty/netty-codec-socks/4.1.63.Final/netty-codec-socks-4.1.63.Final.jar:/home/runner/.m2/repository/io/perfmark/perfmark-api/0.19.0/perfmark-api-0.19.0.jar:/home/runner/.m2/repository/org/codehaus/mojo/animal-sniffer-annotations/1.18/animal-sniffer-annotations-1.18.jar:/home/runner/.m2/repository/io/netty/netty-transport-native-epoll/4.1.63.Final/netty-transport-native-epoll-4.1.63.Final.jar:/home/runner/.m2/repository/io/netty/netty-common/4.1.63.Final/netty-common-4.1.63.Final.jar:/home/runner/.m2/repository/io/netty/netty-buffer/4.1.63.Final/netty-buffer-4.1.63.Final.jar:/home/runner/.m2/repository/io/netty/netty-transport-native-unix-common/4.1.63.Final/netty-transport-native-unix-common-4.1.63.Final.jar:/home/runner/.m2/repository/io/grpc/grpc-protobuf/1.33.0/grpc-protobuf-1.33.0.jar:/home/runner/.m2/repository/io/grpc/grpc-api/1.33.0/grpc-api-1.33.0.jar:/home/runner/.m2/repository/io/grpc/grpc-context/1.33.0/grpc-context-1.33.0.jar:/home/runner/.m2/repository/com/google/api/grpc/proto-google-common-protos/1.17.0/proto-google-common-protos-1.17.0.jar:/home/runner/.m2/repository/io/grpc/grpc-protobuf-lite/1.33.0/grpc-protobuf-lite-1.33.0.jar:/home/runner/.m2/repository/io/grpc/grpc-stub/1.33.0/grpc-stub-1.33.0.jar:/home/runner/.m2/repository/org/apache/ozone/ozone-recon/1.2.0-SNAPSHOT/ozone-recon-1.2.0-SNAPSHOT.jar:/home/runner/.m2/repository/org/apache/ozone/ozone-reconcodegen/1.2.0-SNAPSHOT/ozone-reconcodegen-1.2.0-SNAPSHOT.jar:/home/runner/.m2/repository/com/google/inject/extensions/guice-multibindings/4.0/guice-multibindings-4.0.jar:/home/runner/.m2/repository/com/google/inject/guice/4.0/guice-4.0.jar:/home/runner/.m2/repository/aopalliance/aopalliance/1.0/aopalliance-1.0.jar:/home/runner/.m2/repository/com/google/inject/extensions/guice-assistedinject/4.0/guice-assistedinject-4.0.jar:/home/runner/.m2/repository/com/google/inject/extensions/guice-servlet/4.0/guice-servlet-4.0.jar:/home/runner/.m2/repository/org/glassfish/jersey/containers/jersey-container-servlet/2.33/jersey-container-servlet-2.33.jar:/home/runner/.m2/repository/org/glassfish/hk2/guice-bridge/2.5.0/guice-bridge-2.5.0.jar:/home/runner/.m2/repository/org/glassfish/jersey/core/jersey-server/2.33/jersey-server-2.33.jar:/home/runner/.m2/repository/org/glassfish/jersey/core/jersey-client/2.33/jersey-client-2.33.jar:/home/runner/.m2/repository/jakarta/annotation/jakarta.annotation-api/1.3.5/jakarta.annotation-api-1.3.5.jar:/home/runner/.m2/repository/jakarta/validation/jakarta.validation-api/2.0.2/jakarta.validation-api-2.0.2.jar:/home/runner/.m2/repository/org/glassfish/jersey/media/jersey-media-json-jackson/2.33/jersey-media-json-jackson-2.33.jar:/home/runner/.m2/repository/org/glassfish/jersey/ext/jersey-entity-filtering/2.33/jersey-entity-filtering-2.33.jar:/home/runner/.m2/repository/org/jooq/jooq/3.11.10/jooq-3.11.10.jar:/home/runner/.m2/repository/org/jooq/jooq-meta/3.11.10/jooq-meta-3.11.10.jar:/home/runner/.m2/repository/org/jooq/jooq-codegen/3.11.10/jooq-codegen-3.11.10.jar:/home/runner/.m2/repository/com/jolbox/bonecp/0.8.0.RELEASE/bonecp-0.8.0.RELEASE.jar:/home/runner/.m2/repository/org/apache/derby/derby/10.14.2.0/derby-10.14.2.0.jar:/home/runner/.m2/repository/org/xerial/sqlite-jdbc/3.25.2/sqlite-jdbc-3.25.2.jar:/home/runner/.m2/repository/org/springframework/spring-jdbc/5.2.11.RELEASE/spring-jdbc-5.2.11.RELEASE.jar:/home/runner/.m2/repository/org/springframework/spring-beans/5.2.11.RELEASE/spring-beans-5.2.11.RELEASE.jar:/home/runner/.m2/repository/org/springframework/spring-core/5.2.11.RELEASE/spring-core-5.2.11.RELEASE.jar:/home/runner/.m2/repository/org/springframework/spring-jcl/5.2.11.RELEASE/spring-jcl-5.2.11.RELEASE.jar:/home/runner/.m2/repository/org/springframework/spring-tx/5.2.11.RELEASE/spring-tx-5.2.11.RELEASE.jar:/home/runner/.m2/repository/org/apache/ozone/ozone-client/1.2.0-SNAPSHOT/ozone-client-1.2.0-SNAPSHOT.jar:/home/runner/.m2/repository/org/apache/ozone/ozone-filesystem/1.2.0-SNAPSHOT/ozone-filesystem-1.2.0-SNAPSHOT.jar:/home/runner/.m2/repository/org/apache/ozone/ozone-filesystem-common/1.2.0-SNAPSHOT/ozone-filesystem-common-1.2.0-SNAPSHOT.jar:/home/runner/.m2/repository/org/apache/ozone/ozone-tools/1.2.0-SNAPSHOT/ozone-tools-1.2.0-SNAPSHOT.jar:/home/runner/.m2/repository/org/apache/ratis/ratis-tools/2.1.0/ratis-tools-2.1.0.jar:/home/runner/.m2/repository/org/apache/ratis/ratis-proto/2.1.0/ratis-proto-2.1.0.jar:/home/runner/.m2/repository/org/apache/ratis/ratis-common/2.1.0/ratis-common-2.1.0.jar:/home/runner/.m2/repository/com/amazonaws/aws-java-sdk-core/1.11.901/aws-java-sdk-core-1.11.901.jar:/home/runner/.m2/repository/org/apache/httpcomponents/httpclient/4.5.13/httpclient-4.5.13.jar:/home/runner/.m2/repository/org/apache/httpcomponents/httpcore/4.4.13/httpcore-4.4.13.jar:/home/runner/.m2/repository/software/amazon/ion/ion-java/1.0.2/ion-java-1.0.2.jar:/home/runner/.m2/repository/com/fasterxml/jackson/dataformat/jackson-dataformat-cbor/2.12.1/jackson-dataformat-cbor-2.12.1.jar:/home/runner/.m2/repository/joda-time/joda-time/2.8.1/joda-time-2.8.1.jar:/home/runner/.m2/repository/com/amazonaws/aws-java-sdk-s3/1.11.901/aws-java-sdk-s3-1.11.901.jar:/home/runner/.m2/repository/com/amazonaws/aws-java-sdk-kms/1.11.901/aws-java-sdk-kms-1.11.901.jar:/home/runner/.m2/repository/com/amazonaws/jmespath-java/1.11.901/jmespath-java-1.11.901.jar:/home/runner/.m2/repository/org/kohsuke/metainf-services/metainf-services/1.8/metainf-services-1.8.jar:/home/runner/.m2/repository/org/apache/ozone/hdds-tools/1.2.0-SNAPSHOT/hdds-tools-1.2.0-SNAPSHOT.jar:/home/runner/.m2/repository/commons-cli/commons-cli/1.2/commons-cli-1.2.jar:/home/runner/.m2/repository/org/apache/commons/commons-lang3/3.7/commons-lang3-3.7.jar:/home/runner/.m2/repository/org/apache/ozone/ozone-manager/1.2.0-SNAPSHOT/ozone-manager-1.2.0-SNAPSHOT-tests.jar:/home/runner/.m2/repository/org/apache/ozone/hdds-common/1.2.0-SNAPSHOT/hdds-common-1.2.0-SNAPSHOT-tests.jar:/home/runner/.m2/repository/org/apache/ozone/hdds-hadoop-dependency-client/1.2.0-SNAPSHOT/hdds-hadoop-dependency-client-1.2.0-SNAPSHOT.jar:/home/runner/.m2/repository/info/picocli/picocli/4.4.0/picocli-4.4.0.jar:/home/runner/.m2/repository/com/fasterxml/jackson/core/jackson-annotations/2.12.1/jackson-annotations-2.12.1.jar:/home/runner/.m2/repository/javax/annotation/javax.annotation-api/1.2/javax.annotation-api-1.2.jar:/home/runner/.m2/repository/org/apache/ratis/ratis-server/2.1.0/ratis-server-2.1.0.jar:/home/runner/.m2/repository/org/apache/ratis/ratis-client/2.1.0/ratis-client-2.1.0.jar:/home/runner/.m2/repository/org/apache/ratis/ratis-server-api/2.1.0/ratis-server-api-2.1.0.jar:/home/runner/.m2/repository/org/apache/ratis/ratis-metrics/2.1.0/ratis-metrics-2.1.0.jar:/home/runner/.m2/repository/org/apache/ratis/ratis-netty/2.1.0/ratis-netty-2.1.0.jar:/home/runner/.m2/repository/org/apache/ratis/ratis-grpc/2.1.0/ratis-grpc-2.1.0.jar:/home/runner/.m2/repository/org/apache/logging/log4j/log4j-api/2.13.3/log4j-api-2.13.3.jar:/home/runner/.m2/repository/org/apache/logging/log4j/log4j-core/2.13.3/log4j-core-2.13.3.jar:/home/runner/.m2/repository/com/lmax/disruptor/3.4.2/disruptor-3.4.2.jar:/home/runner/.m2/repository/org/apache/commons/commons-pool2/2.6.0/commons-pool2-2.6.0.jar:/home/runner/.m2/repository/org/bouncycastle/bcpkix-jdk15on/1.67/bcpkix-jdk15on-1.67.jar:/home/runner/.m2/repository/commons-validator/commons-validator/1.6/commons-validator-1.6.jar:/home/runner/.m2/repository/commons-beanutils/commons-beanutils/1.9.4/commons-beanutils-1.9.4.jar:/home/runner/.m2/repository/commons-digester/commons-digester/1.8.1/commons-digester-1.8.1.jar:/home/runner/.m2/repository/commons-collections/commons-collections/3.2.2/commons-collections-3.2.2.jar:/home/runner/.m2/repository/io/jaegertracing/jaeger-client/1.6.0/jaeger-client-1.6.0.jar:/home/runner/.m2/repository/io/jaegertracing/jaeger-thrift/1.6.0/jaeger-thrift-1.6.0.jar:/home/runner/.m2/repository/org/apache/thrift/libthrift/0.14.1/libthrift-0.14.1.jar:/home/runner/.m2/repository/com/squareup/okhttp3/okhttp/4.9.0/okhttp-4.9.0.jar:/home/runner/.m2/repository/com/squareup/okio/okio/2.8.0/okio-2.8.0.jar:/home/runner/.m2/repository/io/jaegertracing/jaeger-core/1.6.0/jaeger-core-1.6.0.jar:/home/runner/.m2/repository/io/jaegertracing/jaeger-tracerresolver/1.6.0/jaeger-tracerresolver-1.6.0.jar:/home/runner/.m2/repository/io/opentracing/contrib/opentracing-tracerresolver/0.1.8/opentracing-tracerresolver-0.1.8.jar:/home/runner/.m2/repository/org/jetbrains/kotlin/kotlin-stdlib/1.4.31/kotlin-stdlib-1.4.31.jar:/home/runner/.m2/repository/org/jetbrains/kotlin/kotlin-stdlib-common/1.4.31/kotlin-stdlib-common-1.4.31.jar:/home/runner/.m2/repository/org/jetbrains/annotations/13.0/annotations-13.0.jar:/home/runner/.m2/repository/io/opentracing/opentracing-util/0.33.0/opentracing-util-0.33.0.jar:/home/runner/.m2/repository/io/opentracing/opentracing-api/0.33.0/opentracing-api-0.33.0.jar:/home/runner/.m2/repository/io/opentracing/opentracing-noop/0.33.0/opentracing-noop-0.33.0.jar:/home/runner/.m2/repository/org/yaml/snakeyaml/1.26/snakeyaml-1.26.jar:/home/runner/.m2/repository/org/apache/ozone/hdds-interface-admin/1.2.0-SNAPSHOT/hdds-interface-admin-1.2.0-SNAPSHOT.jar:/home/runner/.m2/repository/junit/junit/4.13.1/junit-4.13.1.jar:/home/runner/.m2/repository/org/hamcrest/hamcrest-core/1.3/hamcrest-core-1.3.jar:/home/runner/.m2/repository/org/junit/jupiter/junit-jupiter-api/5.7.0/junit-jupiter-api-5.7.0.jar:/home/runner/.m2/repository/org/apiguardian/apiguardian-api/1.1.0/apiguardian-api-1.1.0.jar:/home/runner/.m2/repository/org/opentest4j/opentest4j/1.2.0/opentest4j-1.2.0.jar:/home/runner/.m2/repository/org/junit/platform/junit-platform-commons/1.7.0/junit-platform-commons-1.7.0.jar:/home/runner/.m2/repository/org/junit/jupiter/junit-jupiter-engine/5.7.0/junit-jupiter-engine-5.7.0.jar:/home/runner/.m2/repository/org/junit/platform/junit-platform-engine/1.7.0/junit-platform-engine-1.7.0.jar:/home/runner/.m2/repository/org/junit/vintage/junit-vintage-engine/5.7.0/junit-vintage-engine-5.7.0.jar:/home/runner/.m2/repository/org/junit/platform/junit-platform-launcher/1.7.0/junit-platform-launcher-1.7.0.jar:/home/runner/.m2/repository/org/openjdk/jmh/jmh-core/1.19/jmh-core-1.19.jar:/home/runner/.m2/repository/net/sf/jopt-simple/jopt-simple/4.6/jopt-simple-4.6.jar:/home/runner/.m2/repository/org/apache/commons/commons-math3/3.1.1/commons-math3-3.1.1.jar:/home/runner/.m2/repository/org/openjdk/jmh/jmh-generator-annprocess/1.19/jmh-generator-annprocess-1.19.jar:/home/runner/.m2/repository/org/mockito/mockito-core/2.28.2/mockito-core-2.28.2.jar:/home/runner/.m2/repository/net/bytebuddy/byte-buddy/1.9.10/byte-buddy-1.9.10.jar:/home/runner/.m2/repository/net/bytebuddy/byte-buddy-agent/1.9.10/byte-buddy-agent-1.9.10.jar:/home/runner/.m2/repository/org/objenesis/objenesis/1.0/objenesis-1.0.jar:/home/runner/.m2/repository/org/apache/hadoop/hadoop-kms/3.3.1/hadoop-kms-3.3.1.jar:/home/runner/.m2/repository/org/apache/hadoop/hadoop-auth/3.3.1/hadoop-auth-3.3.1.jar:/home/runner/.m2/repository/com/nimbusds/nimbus-jose-jwt/7.9/nimbus-jose-jwt-7.9.jar:/home/runner/.m2/repository/com/github/stephenc/jcip/jcip-annotations/1.0-1/jcip-annotations-1.0-1.jar:/home/runner/.m2/repository/net/minidev/json-smart/2.3/json-smart-2.3.jar:/home/runner/.m2/repository/net/minidev/accessors-smart/1.2/accessors-smart-1.2.jar:/home/runner/.m2/repository/org/ow2/asm/asm/5.0.4/asm-5.0.4.jar:/home/runner/.m2/repository/org/apache/zookeeper/zookeeper/3.5.6/zookeeper-3.5.6.jar:/home/runner/.m2/repository/org/apache/zookeeper/zookeeper-jute/3.5.6/zookeeper-jute-3.5.6.jar:/home/runner/.m2/repository/org/apache/yetus/audience-annotations/0.5.0/audience-annotations-0.5.0.jar:/home/runner/.m2/repository/org/apache/curator/curator-framework/4.2.0/curator-framework-4.2.0.jar:/home/runner/.m2/repository/org/apache/hadoop/thirdparty/hadoop-shaded-guava/1.1.1/hadoop-shaded-guava-1.1.1.jar:/home/runner/.m2/repository/com/sun/jersey/jersey-core/1.19/jersey-core-1.19.jar:/home/runner/.m2/repository/javax/ws/rs/jsr311-api/1.1.1/jsr311-api-1.1.1.jar:/home/runner/.m2/repository/com/sun/jersey/jersey-server/1.19/jersey-server-1.19.jar:/home/runner/.m2/repository/javax/servlet/javax.servlet-api/3.1.0/javax.servlet-api-3.1.0.jar:/home/runner/.m2/repository/org/eclipse/jetty/jetty-server/9.4.35.v20201120/jetty-server-9.4.35.v20201120.jar:/home/runner/.m2/repository/org/eclipse/jetty/jetty-http/9.4.35.v20201120/jetty-http-9.4.35.v20201120.jar:/home/runner/.m2/repository/org/eclipse/jetty/jetty-io/9.4.35.v20201120/jetty-io-9.4.35.v20201120.jar:/home/runner/.m2/repository/org/eclipse/jetty/jetty-webapp/9.4.35.v20201120/jetty-webapp-9.4.35.v20201120.jar:/home/runner/.m2/repository/org/eclipse/jetty/jetty-xml/9.4.35.v20201120/jetty-xml-9.4.35.v20201120.jar:/home/runner/.m2/repository/org/apache/hadoop/hadoop-common/3.3.1/hadoop-common-3.3.1.jar:/home/runner/.m2/repository/commons-net/commons-net/3.6/commons-net-3.6.jar:/home/runner/.m2/repository/jakarta/activation/jakarta.activation-api/1.2.1/jakarta.activation-api-1.2.1.jar:/home/runner/.m2/repository/com/sun/jersey/jersey-servlet/1.19/jersey-servlet-1.19.jar:/home/runner/.m2/repository/com/sun/jersey/jersey-json/1.19/jersey-json-1.19.jar:/home/runner/.m2/repository/org/codehaus/jettison/jettison/1.1/jettison-1.1.jar:/home/runner/.m2/repository/com/sun/xml/bind/jaxb-impl/2.2.3-1/jaxb-impl-2.2.3-1.jar:/home/runner/.m2/repository/org/codehaus/jackson/jackson-jaxrs/1.9.2/jackson-jaxrs-1.9.2.jar:/home/runner/.m2/repository/org/codehaus/jackson/jackson-xc/1.9.2/jackson-xc-1.9.2.jar:/home/runner/.m2/repository/org/apache/commons/commons-configuration2/2.1.1/commons-configuration2-2.1.1.jar:/home/runner/.m2/repository/org/apache/commons/commons-text/1.4/commons-text-1.4.jar:/home/runner/.m2/repository/com/google/re2j/re2j/1.1/re2j-1.1.jar:/home/runner/.m2/repository/com/jcraft/jsch/0.1.54/jsch-0.1.54.jar:/home/runner/.m2/repository/org/apache/curator/curator-client/4.2.0/curator-client-4.2.0.jar:/home/runner/.m2/repository/org/apache/curator/curator-recipes/4.2.0/curator-recipes-4.2.0.jar:/home/runner/.m2/repository/org/apache/kerby/kerb-core/1.0.1/kerb-core-1.0.1.jar:/home/runner/.m2/repository/org/apache/kerby/kerby-pkix/1.0.1/kerby-pkix-1.0.1.jar:/home/runner/.m2/repository/org/apache/kerby/kerby-asn1/1.0.1/kerby-asn1-1.0.1.jar:/home/runner/.m2/repository/org/apache/kerby/kerby-util/1.0.1/kerby-util-1.0.1.jar:/home/runner/.m2/repository/dnsjava/dnsjava/2.1.7/dnsjava-2.1.7.jar:/home/runner/.m2/repository/org/xerial/snappy/snappy-java/1.1.8.2/snappy-java-1.1.8.2.jar:/home/runner/.m2/repository/org/slf4j/jul-to-slf4j/1.7.30/jul-to-slf4j-1.7.30.jar:/home/runner/.m2/repository/org/eclipse/jetty/jetty-util/9.4.35.v20201120/jetty-util-9.4.35.v20201120.jar:/home/runner/.m2/repository/com/fasterxml/jackson/core/jackson-databind/2.12.1/jackson-databind-2.12.1.jar:/home/runner/.m2/repository/org/apache/hadoop/hadoop-kms/3.3.1/hadoop-kms-3.3.1-tests.jar:/home/runner/.m2/repository/org/apache/ozone/hdds-server-scm/1.2.0-SNAPSHOT/hdds-server-scm-1.2.0-SNAPSHOT-tests.jar:/home/runner/.m2/repository/org/apache/ozone/hdds-container-service/1.2.0-SNAPSHOT/hdds-container-service-1.2.0-SNAPSHOT-tests.jar:/home/runner/.m2/repository/commons-codec/commons-codec/1.11/commons-codec-1.11.jar:/home/runner/.m2/repository/io/netty/netty-transport/4.1.63.Final/netty-transport-4.1.63.Final.jar:/home/runner/.m2/repository/io/netty/netty-resolver/4.1.63.Final/netty-resolver-4.1.63.Final.jar:/home/runner/.m2/repository/io/netty/netty-codec/4.1.63.Final/netty-codec-4.1.63.Final.jar:/home/runner/.m2/repository/io/netty/netty-handler/4.1.63.Final/netty-handler-4.1.63.Final.jar:/home/runner/.m2/repository/org/apache/ozone/hdds-hadoop-dependency-test/1.2.0-SNAPSHOT/hdds-hadoop-dependency-test-1.2.0-SNAPSHOT.jar:/home/runner/.m2/repository/org/apache/hadoop/hadoop-common/3.3.1/hadoop-common-3.3.1-tests.jar:/home/runner/.m2/repository/org/assertj/assertj-core/3.12.2/assertj-core-3.12.2.jar:/home/runner/.m2/repository/org/apache/hadoop/hadoop-hdfs/3.3.1/hadoop-hdfs-3.3.1-tests.jar:/home/runner/.m2/repository/org/eclipse/jetty/jetty-util-ajax/9.4.35.v20201120/jetty-util-ajax-9.4.35.v20201120.jar:/home/runner/.m2/repository/commons-daemon/commons-daemon/1.0.13/commons-daemon-1.0.13.jar:/home/runner/.m2/repository/io/netty/netty/3.10.6.Final/netty-3.10.6.Final.jar:/home/runner/.m2/repository/io/netty/netty-all/4.1.63.Final/netty-all-4.1.63.Final.jar:/home/runner/.m2/repository/org/apache/htrace/htrace-core4/4.1.0-incubating/htrace-core4-4.1.0-incubating.jar:/home/runner/.m2/repository/org/fusesource/leveldbjni/leveldbjni-all/1.8/leveldbjni-all-1.8.jar:/home/runner/.m2/repository/org/apache/hadoop/hadoop-distcp/3.3.1/hadoop-distcp-3.3.1.jar:/home/runner/.m2/repository/org/apache/hadoop/hadoop-mapreduce-client-jobclient/3.3.1/hadoop-mapreduce-client-jobclient-3.3.1.jar:/home/runner/.m2/repository/org/apache/hadoop/hadoop-mapreduce-client-common/3.3.1/hadoop-mapreduce-client-common-3.3.1.jar:/home/runner/.m2/repository/org/apache/hadoop/hadoop-yarn-common/3.3.1/hadoop-yarn-common-3.3.1.jar:/home/runner/.m2/repository/org/apache/hadoop/hadoop-yarn-api/3.3.1/hadoop-yarn-api-3.3.1.jar:/home/runner/.m2/repository/com/sun/jersey/jersey-client/1.19/jersey-client-1.19.jar:/home/runner/.m2/repository/com/sun/jersey/contribs/jersey-guice/1.19/jersey-guice-1.19.jar:/home/runner/.m2/repository/com/fasterxml/jackson/jaxrs/jackson-jaxrs-json-provider/2.12.1/jackson-jaxrs-json-provider-2.12.1.jar:/home/runner/.m2/repository/com/fasterxml/jackson/jaxrs/jackson-jaxrs-base/2.12.1/jackson-jaxrs-base-2.12.1.jar:/home/runner/.m2/repository/org/apache/hadoop/hadoop-yarn-client/3.3.1/hadoop-yarn-client-3.3.1.jar:/home/runner/.m2/repository/org/eclipse/jetty/websocket/websocket-client/9.4.40.v20210413/websocket-client-9.4.40.v20210413.jar:/home/runner/.m2/repository/org/eclipse/jetty/jetty-client/9.4.40.v20210413/jetty-client-9.4.40.v20210413.jar:/home/runner/.m2/repository/org/eclipse/jetty/websocket/websocket-common/9.4.40.v20210413/websocket-common-9.4.40.v20210413.jar:/home/runner/.m2/repository/org/eclipse/jetty/websocket/websocket-api/9.4.40.v20210413/websocket-api-9.4.40.v20210413.jar:/home/runner/.m2/repository/org/jline/jline/3.9.0/jline-3.9.0.jar:/home/runner/.m2/repository/org/apache/hadoop/hadoop-mapreduce-client-core/3.3.1/hadoop-mapreduce-client-core-3.3.1.jar:/home/runner/.m2/repository/org/apache/avro/avro/1.7.7/avro-1.7.7.jar:/home/runner/.m2/repository/org/codehaus/jackson/jackson-core-asl/1.9.13/jackson-core-asl-1.9.13.jar:/home/runner/.m2/repository/org/codehaus/jackson/jackson-mapper-asl/1.9.13/jackson-mapper-asl-1.9.13.jar:/home/runner/.m2/repository/com/thoughtworks/paranamer/paranamer/2.3/paranamer-2.3.jar:/home/runner/.m2/repository/org/apache/hadoop/hadoop-annotations/3.3.1/hadoop-annotations-3.3.1.jar:/usr/lib/jvm/adoptopenjdk-8-hotspot-amd64/jre/../lib/tools.jar:/home/runner/.m2/repository/org/apache/hadoop/hadoop-distcp/3.3.1/hadoop-distcp-3.3.1-tests.jar:"/>
    <property name="sun.cpu.endian" value="little"/>
    <property name="user.home" value="/home/runner"/>
    <property name="user.language" value="en"/>
    <property name="java.specification.vendor" value="Oracle Corporation"/>
    <property name="java.home" value="/usr/lib/jvm/adoptopenjdk-8-hotspot-amd64/jre"/>
    <property name="java.security.krb5.conf" value="/home/runner/work/ozone/ozone/mnt/ozone/hadoop-ozone/integration-test/target/test-classes/krb5.conf"/>
    <property name="basedir" value="/home/runner/work/ozone/ozone/mnt/ozone/hadoop-ozone/integration-test"/>
    <property name="file.separator" value="/"/>
    <property name="line.separator" value="&#10;"/>
    <property name="java.vm.specification.vendor" value="Oracle Corporation"/>
    <property name="java.specification.name" value="Java Platform API Specification"/>
    <property name="java.awt.graphicsenv" value="sun.awt.X11GraphicsEnvironment"/>
    <property name="skip.installnpx" value="true"/>
    <property name="surefire.real.class.path" value="/home/runner/work/ozone/ozone/mnt/ozone/hadoop-ozone/integration-test/target/surefire/surefirebooter2338077205023449500.jar:/home/runner/.m2/repository/org/jacoco/org.jacoco.agent/0.8.5/org.jacoco.agent-0.8.5-runtime.jar"/>
    <property name="hadoop.log.dir" value="/home/runner/work/ozone/ozone/mnt/ozone/hadoop-ozone/integration-test/target/log"/>
    <property name="sun.boot.class.path" value="/usr/lib/jvm/adoptopenjdk-8-hotspot-amd64/jre/lib/resources.jar:/usr/lib/jvm/adoptopenjdk-8-hotspot-amd64/jre/lib/rt.jar:/usr/lib/jvm/adoptopenjdk-8-hotspot-amd64/jre/lib/sunrsasign.jar:/usr/lib/jvm/adoptopenjdk-8-hotspot-amd64/jre/lib/jsse.jar:/usr/lib/jvm/adoptopenjdk-8-hotspot-amd64/jre/lib/jce.jar:/usr/lib/jvm/adoptopenjdk-8-hotspot-amd64/jre/lib/charsets.jar:/usr/lib/jvm/adoptopenjdk-8-hotspot-amd64/jre/lib/jfr.jar:/usr/lib/jvm/adoptopenjdk-8-hotspot-amd64/jre/classes"/>
    <property name="sun.management.compiler" value="HotSpot 64-Bit Tiered Compilers"/>
    <property name="skip.npx" value="true"/>
    <property name="java.runtime.version" value="1.8.0_292-b10"/>
    <property name="java.net.preferIPv4Stack" value="true"/>
    <property name="user.name" value="runner"/>
    <property name="path.separator" value=":"/>
    <property name="java.security.egd" value="file:///dev/urandom"/>
    <property name="os.version" value="5.4.0-1055-azure"/>
    <property name="java.endorsed.dirs" value="/usr/lib/jvm/adoptopenjdk-8-hotspot-amd64/jre/lib/endorsed"/>
    <property name="java.runtime.name" value="OpenJDK Runtime Environment"/>
    <property name="file.encoding" value="UTF-8"/>
    <property name="java.vm.name" value="OpenJDK 64-Bit Server VM"/>
    <property name="test.build.webapps" value=""/>
    <property name="localRepository" value="/home/runner/.m2/repository"/>
    <property name="java.vendor.url.bug" value="https://github.com/AdoptOpenJDK/openjdk-support/issues"/>
    <property name="java.io.tmpdir" value="/tmp"/>
    <property name="require.test.libhadoop" value=""/>
    <property name="java.version" value="1.8.0_292"/>
    <property name="user.dir" value="/home/runner/work/ozone/ozone/mnt/ozone/hadoop-ozone/integration-test"/>
    <property name="os.arch" value="amd64"/>
    <property name="java.vm.specification.name" value="Java Virtual Machine Specification"/>
    <property name="test.build.classes" value="/home/runner/work/ozone/ozone/mnt/ozone/hadoop-ozone/integration-test/target/test-classes"/>
    <property name="java.awt.printerjob" value="sun.print.PSPrinterJob"/>
    <property name="sun.os.patch.level" value="unknown"/>
    <property name="hadoop.tmp.dir" value="/home/runner/work/ozone/ozone/mnt/ozone/hadoop-ozone/integration-test/target/tmp"/>
    <property name="java.library.path" value="/usr/java/packages/lib/amd64:/usr/lib64:/lib64:/lib:/usr/lib"/>
    <property name="java.vm.info" value="mixed mode"/>
    <property name="java.vendor" value="AdoptOpenJDK"/>
    <property name="java.vm.version" value="25.292-b10"/>
    <property name="java.ext.dirs" value="/usr/lib/jvm/adoptopenjdk-8-hotspot-amd64/jre/lib/ext:/usr/java/packages/lib/ext"/>
    <property name="sun.io.unicode.encoding" value="UnicodeLittle"/>
    <property name="java.class.version" value="52.0"/>
  </properties>
  <testcase name="testBlockWriteViaRatis" classname="org.apache.hadoop.ozone.client.rpc.TestCloseContainerHandlingByClient" time="3.489"/>
  <testcase name="testBlockWritesWithFlushAndClose" classname="org.apache.hadoop.ozone.client.rpc.TestCloseContainerHandlingByClient" time="1.881"/>
  <testcase name="testBlockWritesCloseConsistency" classname="org.apache.hadoop.ozone.client.rpc.TestCloseContainerHandlingByClient" time="2.242"/>
  <testcase name="testMultiBlockWrites" classname="org.apache.hadoop.ozone.client.rpc.TestCloseContainerHandlingByClient" time="3.107"/>
  <testcase name="testBlockWrites" classname="org.apache.hadoop.ozone.client.rpc.TestCloseContainerHandlingByClient" time="2.48"/>
  <testcase name="testMultiBlockWrites2" classname="org.apache.hadoop.ozone.client.rpc.TestCloseContainerHandlingByClient" time="8.561"/>
  <testcase name="testMultiBlockWrites3" classname="org.apache.hadoop.ozone.client.rpc.TestCloseContainerHandlingByClient" time="80.934">
    <error message="java.io.IOException: java.io.IOException: INTERNAL_ERROR org.apache.hadoop.ozone.om.exceptions.OMException: Allocated 0 blocks. Requested 1 blocks" type="java.io.IOException">java.io.IOException: java.io.IOException: java.io.IOException: INTERNAL_ERROR org.apache.hadoop.ozone.om.exceptions.OMException: Allocated 0 blocks. Requested 1 blocks
	at org.apache.hadoop.ozone.client.io.KeyOutputStream.handleWrite(KeyOutputStream.java:250)
	at org.apache.hadoop.ozone.client.io.KeyOutputStream.write(KeyOutputStream.java:220)
	at org.apache.hadoop.ozone.client.io.OzoneOutputStream.write(OzoneOutputStream.java:50)
	at java.io.OutputStream.write(OutputStream.java:75)
	at org.apache.hadoop.ozone.client.rpc.TestCloseContainerHandlingByClient.testMultiBlockWrites3(TestCloseContainerHandlingByClient.java:330)
	at sun.reflect.NativeMethodAccessorImpl.invoke0(Native Method)
	at sun.reflect.NativeMethodAccessorImpl.invoke(NativeMethodAccessorImpl.java:62)
	at sun.reflect.DelegatingMethodAccessorImpl.invoke(DelegatingMethodAccessorImpl.java:43)
	at java.lang.reflect.Method.invoke(Method.java:498)
	at org.junit.runners.model.FrameworkMethod$1.runReflectiveCall(FrameworkMethod.java:59)
	at org.junit.internal.runners.model.ReflectiveCallable.run(ReflectiveCallable.java:12)
	at org.junit.runners.model.FrameworkMethod.invokeExplosively(FrameworkMethod.java:56)
	at org.junit.internal.runners.statements.InvokeMethod.evaluate(InvokeMethod.java:17)
	at org.junit.internal.runners.statements.FailOnTimeout$CallableStatement.call(FailOnTimeout.java:288)
	at org.junit.internal.runners.statements.FailOnTimeout$CallableStatement.call(FailOnTimeout.java:282)
	at java.util.concurrent.FutureTask.run(FutureTask.java:266)
	at java.lang.Thread.run(Thread.java:748)
Caused by: java.io.IOException: java.io.IOException: INTERNAL_ERROR org.apache.hadoop.ozone.om.exceptions.OMException: Allocated 0 blocks. Requested 1 blocks
	at org.apache.hadoop.ozone.client.io.KeyOutputStream.handleWrite(KeyOutputStream.java:250)
	at org.apache.hadoop.ozone.client.io.KeyOutputStream.handleRetry(KeyOutputStream.java:423)
	at org.apache.hadoop.ozone.client.io.KeyOutputStream.handleException(KeyOutputStream.java:368)
	at org.apache.hadoop.ozone.client.io.KeyOutputStream.writeToOutputStream(KeyOutputStream.java:282)
	at org.apache.hadoop.ozone.client.io.KeyOutputStream.handleWrite(KeyOutputStream.java:240)
	... 16 more
Caused by: java.io.IOException: INTERNAL_ERROR org.apache.hadoop.ozone.om.exceptions.OMException: Allocated 0 blocks. Requested 1 blocks
	at org.apache.hadoop.ozone.client.io.KeyOutputStream.handleWrite(KeyOutputStream.java:250)
	at org.apache.hadoop.ozone.client.io.KeyOutputStream.handleRetry(KeyOutputStream.java:423)
	at org.apache.hadoop.ozone.client.io.KeyOutputStream.handleException(KeyOutputStream.java:368)
	at org.apache.hadoop.ozone.client.io.KeyOutputStream.writeToOutputStream(KeyOutputStream.java:282)
	at org.apache.hadoop.ozone.client.io.KeyOutputStream.handleWrite(KeyOutputStream.java:240)
	... 20 more
Caused by: INTERNAL_ERROR org.apache.hadoop.ozone.om.exceptions.OMException: Allocated 0 blocks. Requested 1 blocks
	at org.apache.hadoop.ozone.om.protocolPB.OzoneManagerProtocolClientSideTranslatorPB.handleError(OzoneManagerProtocolClientSideTranslatorPB.java:613)
	at org.apache.hadoop.ozone.om.protocolPB.OzoneManagerProtocolClientSideTranslatorPB.allocateBlock(OzoneManagerProtocolClientSideTranslatorPB.java:643)
	at org.apache.hadoop.ozone.client.io.BlockOutputStreamEntryPool.allocateNewBlock(BlockOutputStreamEntryPool.java:243)
	at org.apache.hadoop.ozone.client.io.BlockOutputStreamEntryPool.allocateBlockIfNeeded(BlockOutputStreamEntryPool.java:289)
	at org.apache.hadoop.ozone.client.io.KeyOutputStream.handleWrite(KeyOutputStream.java:229)
	... 24 more
</error>
    <system-out><![CDATA[2021-08-03 19:54:35,987 [Datanode State Machine Thread - 0] WARN  statemachine.StateContext (StateContext.java:execute(621)) - No available thread in pool for past 1 seconds.
2021-08-03 19:54:38,655 [Datanode State Machine Thread - 0] WARN  statemachine.StateContext (StateContext.java:execute(621)) - No available thread in pool for past 1 seconds.
2021-08-03 19:54:38,657 [Datanode State Machine Thread - 0] WARN  statemachine.StateContext (StateContext.java:execute(621)) - No available thread in pool for past 1 seconds.
2021-08-03 19:54:38,661 [Datanode State Machine Thread - 0] WARN  statemachine.StateContext (StateContext.java:execute(621)) - No available thread in pool for past 1 seconds.
2021-08-03 19:54:38,873 [EventQueue-CloseContainerForCloseContainerEventHandler] INFO  container.CloseContainerEventHandler (CloseContainerEventHandler.java:onMessage(69)) - Close container Event triggered for container : #14
2021-08-03 19:54:38,874 [EventQueue-CloseContainerForCloseContainerEventHandler] INFO  container.CloseContainerEventHandler (CloseContainerEventHandler.java:onMessage(69)) - Close container Event triggered for container : #14
2021-08-03 19:54:38,874 [EventQueue-CloseContainerForCloseContainerEventHandler] INFO  container.CloseContainerEventHandler (CloseContainerEventHandler.java:onMessage(69)) - Close container Event triggered for container : #14
2021-08-03 19:54:38,874 [EventQueue-CloseContainerForCloseContainerEventHandler] INFO  container.CloseContainerEventHandler (CloseContainerEventHandler.java:onMessage(69)) - Close container Event triggered for container : #15
2021-08-03 19:54:38,874 [EventQueue-CloseContainerForCloseContainerEventHandler] INFO  container.CloseContainerEventHandler (CloseContainerEventHandler.java:onMessage(69)) - Close container Event triggered for container : #15
2021-08-03 19:54:38,874 [EventQueue-CloseContainerForCloseContainerEventHandler] INFO  container.CloseContainerEventHandler (CloseContainerEventHandler.java:onMessage(69)) - Close container Event triggered for container : #15
2021-08-03 19:54:38,874 [EventQueue-CloseContainerForCloseContainerEventHandler] INFO  container.CloseContainerEventHandler (CloseContainerEventHandler.java:onMessage(69)) - Close container Event triggered for container : #6
2021-08-03 19:54:38,875 [EventQueue-CloseContainerForCloseContainerEventHandler] INFO  container.CloseContainerEventHandler (CloseContainerEventHandler.java:onMessage(69)) - Close container Event triggered for container : #6
2021-08-03 19:54:38,875 [EventQueue-CloseContainerForCloseContainerEventHandler] INFO  container.CloseContainerEventHandler (CloseContainerEventHandler.java:onMessage(69)) - Close container Event triggered for container : #6
2021-08-03 19:54:38,920 [Datanode State Machine Thread - 0] WARN  statemachine.StateContext (StateContext.java:execute(621)) - No available thread in pool for past 1 seconds.
2021-08-03 19:54:38,920 [Datanode State Machine Thread - 0] WARN  statemachine.StateContext (StateContext.java:execute(621)) - No available thread in pool for past 1 seconds.
2021-08-03 19:54:38,937 [Datanode State Machine Thread - 0] WARN  statemachine.StateContext (StateContext.java:execute(621)) - No available thread in pool for past 1 seconds.
2021-08-03 19:54:38,989 [Datanode State Machine Thread - 0] WARN  statemachine.StateContext (StateContext.java:execute(621)) - No available thread in pool for past 1 seconds.
2021-08-03 19:54:38,991 [Datanode State Machine Thread - 0] WARN  statemachine.StateContext (StateContext.java:execute(621)) - No available thread in pool for past 1 seconds.
2021-08-03 19:54:39,374 [EventQueue-CloseContainerForCloseContainerEventHandler] INFO  container.CloseContainerEventHandler (CloseContainerEventHandler.java:onMessage(69)) - Close container Event triggered for container : #16
2021-08-03 19:54:39,375 [EventQueue-CloseContainerForCloseContainerEventHandler] INFO  container.CloseContainerEventHandler (CloseContainerEventHandler.java:onMessage(69)) - Close container Event triggered for container : #16
2021-08-03 19:54:39,375 [EventQueue-CloseContainerForCloseContainerEventHandler] INFO  container.CloseContainerEventHandler (CloseContainerEventHandler.java:onMessage(69)) - Close container Event triggered for container : #16
2021-08-03 19:54:39,877 [Datanode State Machine Thread - 0] WARN  statemachine.StateContext (StateContext.java:execute(621)) - No available thread in pool for past 1 seconds.
2021-08-03 19:54:39,878 [Datanode State Machine Thread - 0] WARN  statemachine.StateContext (StateContext.java:execute(621)) - No available thread in pool for past 1 seconds.
2021-08-03 19:54:39,882 [Datanode State Machine Thread - 0] WARN  statemachine.StateContext (StateContext.java:execute(621)) - No available thread in pool for past 1 seconds.
2021-08-03 19:54:39,890 [pool-178-thread-4] INFO  keyvalue.KeyValueContainer (KeyValueContainer.java:flushAndSyncDB(397)) - Container 15 is synced with bcsId 75.
2021-08-03 19:54:39,890 [pool-178-thread-4] INFO  keyvalue.KeyValueContainer (KeyValueContainer.java:flushAndSyncDB(397)) - Container 15 is synced with bcsId 75.
2021-08-03 19:54:39,892 [pool-176-thread-1] INFO  keyvalue.KeyValueContainer (KeyValueContainer.java:flushAndSyncDB(397)) - Container 15 is synced with bcsId 75.
2021-08-03 19:54:39,892 [pool-176-thread-1] INFO  keyvalue.KeyValueContainer (KeyValueContainer.java:flushAndSyncDB(397)) - Container 15 is synced with bcsId 75.
2021-08-03 19:54:39,892 [Datanode State Machine Thread - 0] WARN  statemachine.StateContext (StateContext.java:execute(621)) - No available thread in pool for past 1 seconds.
2021-08-03 19:54:39,894 [pool-178-thread-4] INFO  keyvalue.KeyValueContainer (KeyValueContainer.java:close(334)) - Container 15 is closed with bcsId 75.
2021-08-03 19:54:39,894 [Datanode State Machine Thread - 0] WARN  statemachine.StateContext (StateContext.java:execute(621)) - No available thread in pool for past 1 seconds.
2021-08-03 19:54:39,896 [EventQueue-IncrementalContainerReportForIncrementalContainerReportHandler] INFO  container.IncrementalContainerReportHandler (AbstractContainerReportHandler.java:updateContainerState(223)) - Moving container #15 to CLOSED state, datanode 6a5da269-5de5-4ce6-bed8-3e0ba1f522b3{ip: 10.1.0.40, host: fv-az395-928.zfmzfyrfkyou3ow0tsr0jxwq1e.bx.internal.cloudapp.net, ports: [REPLICATION=43457, RATIS=38319, RATIS_ADMIN=38319, RATIS_SERVER=38319, STANDALONE=39893], networkLocation: /default-rack, certSerialId: null, persistedOpState: IN_SERVICE, persistedOpStateExpiryEpochSec: 0} reported CLOSED replica.
2021-08-03 19:54:39,896 [pool-176-thread-1] INFO  keyvalue.KeyValueContainer (KeyValueContainer.java:close(334)) - Container 15 is closed with bcsId 75.
2021-08-03 19:54:39,897 [pool-177-thread-4] INFO  keyvalue.KeyValueContainer (KeyValueContainer.java:flushAndSyncDB(397)) - Container 15 is synced with bcsId 75.
2021-08-03 19:54:39,897 [pool-177-thread-4] INFO  keyvalue.KeyValueContainer (KeyValueContainer.java:flushAndSyncDB(397)) - Container 15 is synced with bcsId 75.
2021-08-03 19:54:39,897 [Datanode State Machine Thread - 0] WARN  statemachine.StateContext (StateContext.java:execute(621)) - No available thread in pool for past 1 seconds.
2021-08-03 19:54:39,899 [pool-177-thread-4] INFO  keyvalue.KeyValueContainer (KeyValueContainer.java:close(334)) - Container 15 is closed with bcsId 75.
2021-08-03 19:54:39,903 [Datanode State Machine Thread - 0] WARN  statemachine.StateContext (StateContext.java:execute(621)) - No available thread in pool for past 1 seconds.
2021-08-03 19:54:39,905 [pool-178-thread-10] INFO  keyvalue.KeyValueContainer (KeyValueContainer.java:flushAndSyncDB(397)) - Container 6 is synced with bcsId 89.
2021-08-03 19:54:39,906 [pool-178-thread-10] INFO  keyvalue.KeyValueContainer (KeyValueContainer.java:flushAndSyncDB(397)) - Container 6 is synced with bcsId 89.
2021-08-03 19:54:39,907 [pool-178-thread-10] INFO  keyvalue.KeyValueContainer (KeyValueContainer.java:close(334)) - Container 6 is closed with bcsId 89.
2021-08-03 19:54:39,908 [pool-176-thread-4] INFO  keyvalue.KeyValueContainer (KeyValueContainer.java:flushAndSyncDB(397)) - Container 6 is synced with bcsId 89.
2021-08-03 19:54:39,909 [pool-176-thread-4] INFO  keyvalue.KeyValueContainer (KeyValueContainer.java:flushAndSyncDB(397)) - Container 6 is synced with bcsId 89.
2021-08-03 19:54:39,910 [pool-176-thread-4] INFO  keyvalue.KeyValueContainer (KeyValueContainer.java:close(334)) - Container 6 is closed with bcsId 89.
2021-08-03 19:54:39,913 [Datanode State Machine Thread - 0] WARN  statemachine.StateContext (StateContext.java:execute(621)) - No available thread in pool for past 1 seconds.
2021-08-03 19:54:39,914 [Datanode State Machine Thread - 0] WARN  statemachine.StateContext (StateContext.java:execute(621)) - No available thread in pool for past 1 seconds.
2021-08-03 19:54:39,917 [EventQueue-IncrementalContainerReportForIncrementalContainerReportHandler] INFO  container.IncrementalContainerReportHandler (AbstractContainerReportHandler.java:updateContainerState(223)) - Moving container #6 to CLOSED state, datanode 6a5da269-5de5-4ce6-bed8-3e0ba1f522b3{ip: 10.1.0.40, host: fv-az395-928.zfmzfyrfkyou3ow0tsr0jxwq1e.bx.internal.cloudapp.net, ports: [REPLICATION=43457, RATIS=38319, RATIS_ADMIN=38319, RATIS_SERVER=38319, STANDALONE=39893], networkLocation: /default-rack, certSerialId: null, persistedOpState: IN_SERVICE, persistedOpStateExpiryEpochSec: 0} reported CLOSED replica.
2021-08-03 19:54:39,917 [Datanode State Machine Thread - 0] WARN  statemachine.StateContext (StateContext.java:execute(621)) - No available thread in pool for past 1 seconds.
2021-08-03 19:54:39,918 [pool-177-thread-10] INFO  keyvalue.KeyValueContainer (KeyValueContainer.java:flushAndSyncDB(397)) - Container 6 is synced with bcsId 89.
2021-08-03 19:54:39,918 [pool-177-thread-10] INFO  keyvalue.KeyValueContainer (KeyValueContainer.java:flushAndSyncDB(397)) - Container 6 is synced with bcsId 89.
2021-08-03 19:54:39,919 [pool-177-thread-10] INFO  keyvalue.KeyValueContainer (KeyValueContainer.java:close(334)) - Container 6 is closed with bcsId 89.
2021-08-03 19:54:39,919 [Datanode State Machine Thread - 0] WARN  statemachine.StateContext (StateContext.java:execute(621)) - No available thread in pool for past 1 seconds.
2021-08-03 19:54:39,995 [Datanode State Machine Thread - 0] WARN  statemachine.StateContext (StateContext.java:execute(621)) - No available thread in pool for past 1 seconds.
2021-08-03 19:54:40,000 [pool-174-thread-5] INFO  keyvalue.KeyValueContainer (KeyValueContainer.java:flushAndSyncDB(397)) - Container 14 is synced with bcsId 140.
2021-08-03 19:54:40,001 [pool-174-thread-5] INFO  keyvalue.KeyValueContainer (KeyValueContainer.java:flushAndSyncDB(397)) - Container 14 is synced with bcsId 140.
2021-08-03 19:54:40,002 [pool-174-thread-5] INFO  keyvalue.KeyValueContainer (KeyValueContainer.java:close(334)) - Container 14 is closed with bcsId 140.
2021-08-03 19:54:40,005 [Datanode State Machine Thread - 0] WARN  statemachine.StateContext (StateContext.java:execute(621)) - No available thread in pool for past 1 seconds.
2021-08-03 19:54:40,006 [EventQueue-IncrementalContainerReportForIncrementalContainerReportHandler] INFO  container.IncrementalContainerReportHandler (AbstractContainerReportHandler.java:updateContainerState(223)) - Moving container #14 to CLOSED state, datanode bb0cca69-238a-4190-9ea7-d53ce9a05415{ip: 10.1.0.40, host: fv-az395-928.zfmzfyrfkyou3ow0tsr0jxwq1e.bx.internal.cloudapp.net, ports: [REPLICATION=45167, RATIS=36611, RATIS_ADMIN=36611, RATIS_SERVER=36611, STANDALONE=36759], networkLocation: /default-rack, certSerialId: null, persistedOpState: IN_SERVICE, persistedOpStateExpiryEpochSec: 0} reported CLOSED replica.
2021-08-03 19:54:40,007 [pool-170-thread-6] INFO  keyvalue.KeyValueContainer (KeyValueContainer.java:flushAndSyncDB(397)) - Container 14 is synced with bcsId 140.
2021-08-03 19:54:40,007 [pool-170-thread-6] INFO  keyvalue.KeyValueContainer (KeyValueContainer.java:flushAndSyncDB(397)) - Container 14 is synced with bcsId 140.
2021-08-03 19:54:40,008 [pool-170-thread-6] INFO  keyvalue.KeyValueContainer (KeyValueContainer.java:close(334)) - Container 14 is closed with bcsId 140.
2021-08-03 19:54:40,008 [Datanode State Machine Thread - 0] WARN  statemachine.StateContext (StateContext.java:execute(621)) - No available thread in pool for past 1 seconds.
2021-08-03 19:54:40,009 [Datanode State Machine Thread - 0] WARN  statemachine.StateContext (StateContext.java:execute(621)) - No available thread in pool for past 1 seconds.
2021-08-03 19:54:40,011 [pool-172-thread-6] INFO  keyvalue.KeyValueContainer (KeyValueContainer.java:flushAndSyncDB(397)) - Container 14 is synced with bcsId 140.
2021-08-03 19:54:40,011 [pool-172-thread-6] INFO  keyvalue.KeyValueContainer (KeyValueContainer.java:flushAndSyncDB(397)) - Container 14 is synced with bcsId 140.
2021-08-03 19:54:40,013 [pool-172-thread-6] INFO  keyvalue.KeyValueContainer (KeyValueContainer.java:close(334)) - Container 14 is closed with bcsId 140.
2021-08-03 19:54:40,019 [pool-174-thread-6] INFO  keyvalue.KeyValueContainer (KeyValueContainer.java:flushAndSyncDB(397)) - Container 16 is synced with bcsId 143.
2021-08-03 19:54:40,019 [pool-174-thread-6] INFO  keyvalue.KeyValueContainer (KeyValueContainer.java:flushAndSyncDB(397)) - Container 16 is synced with bcsId 143.
2021-08-03 19:54:40,021 [pool-174-thread-6] INFO  keyvalue.KeyValueContainer (KeyValueContainer.java:close(334)) - Container 16 is closed with bcsId 143.
2021-08-03 19:54:40,025 [Datanode State Machine Thread - 0] WARN  statemachine.StateContext (StateContext.java:execute(621)) - No available thread in pool for past 1 seconds.
2021-08-03 19:54:40,027 [EventQueue-IncrementalContainerReportForIncrementalContainerReportHandler] INFO  container.IncrementalContainerReportHandler (AbstractContainerReportHandler.java:updateContainerState(223)) - Moving container #16 to CLOSED state, datanode bb0cca69-238a-4190-9ea7-d53ce9a05415{ip: 10.1.0.40, host: fv-az395-928.zfmzfyrfkyou3ow0tsr0jxwq1e.bx.internal.cloudapp.net, ports: [REPLICATION=45167, RATIS=36611, RATIS_ADMIN=36611, RATIS_SERVER=36611, STANDALONE=36759], networkLocation: /default-rack, certSerialId: null, persistedOpState: IN_SERVICE, persistedOpStateExpiryEpochSec: 0} reported CLOSED replica.
2021-08-03 19:54:40,028 [Datanode State Machine Thread - 0] WARN  statemachine.StateContext (StateContext.java:execute(621)) - No available thread in pool for past 1 seconds.
2021-08-03 19:54:40,028 [Datanode State Machine Thread - 0] WARN  statemachine.StateContext (StateContext.java:execute(621)) - No available thread in pool for past 1 seconds.
2021-08-03 19:54:40,031 [pool-172-thread-8] INFO  keyvalue.KeyValueContainer (KeyValueContainer.java:flushAndSyncDB(397)) - Container 16 is synced with bcsId 143.
2021-08-03 19:54:40,031 [pool-170-thread-2] INFO  keyvalue.KeyValueContainer (KeyValueContainer.java:flushAndSyncDB(397)) - Container 16 is synced with bcsId 143.
2021-08-03 19:54:40,031 [pool-170-thread-2] INFO  keyvalue.KeyValueContainer (KeyValueContainer.java:flushAndSyncDB(397)) - Container 16 is synced with bcsId 143.
2021-08-03 19:54:40,031 [pool-172-thread-8] INFO  keyvalue.KeyValueContainer (KeyValueContainer.java:flushAndSyncDB(397)) - Container 16 is synced with bcsId 143.
2021-08-03 19:54:40,034 [pool-170-thread-2] INFO  keyvalue.KeyValueContainer (KeyValueContainer.java:close(334)) - Container 16 is closed with bcsId 143.
2021-08-03 19:54:40,034 [Datanode State Machine Thread - 0] WARN  statemachine.StateContext (StateContext.java:execute(621)) - No available thread in pool for past 1 seconds.
2021-08-03 19:54:40,035 [pool-172-thread-8] INFO  keyvalue.KeyValueContainer (KeyValueContainer.java:close(334)) - Container 16 is closed with bcsId 143.
2021-08-03 19:54:40,035 [Datanode State Machine Thread - 0] WARN  statemachine.StateContext (StateContext.java:execute(621)) - No available thread in pool for past 1 seconds.
19:54:40.378 [grpc-default-executor-4] ERROR DNAudit - user=null | ip=null | op=WRITE_CHUNK {blockData=conID: 16 locID: 107544261427200020 bcsId: 143} | ret=FAILURE
org.apache.hadoop.hdds.scm.container.common.helpers.ContainerNotOpenException: Container 16 in CLOSED state
	at org.apache.hadoop.ozone.container.common.impl.HddsDispatcher.validateContainerCommand(HddsDispatcher.java:480) ~[hdds-container-service-1.2.0-SNAPSHOT.jar:?]
	at org.apache.hadoop.ozone.container.common.transport.server.ratis.ContainerStateMachine.startTransaction(ContainerStateMachine.java:317) ~[hdds-container-service-1.2.0-SNAPSHOT.jar:?]
	at org.apache.ratis.server.impl.RaftServerImpl.submitClientRequestAsync(RaftServerImpl.java:794) ~[ratis-server-2.1.0.jar:2.1.0]
	at org.apache.ratis.server.impl.RaftServerProxy.lambda$submitClientRequestAsync$9(RaftServerProxy.java:417) ~[ratis-server-2.1.0.jar:2.1.0]
	at org.apache.ratis.server.impl.RaftServerProxy.lambda$null$7(RaftServerProxy.java:412) ~[ratis-server-2.1.0.jar:2.1.0]
	at org.apache.ratis.util.JavaUtils.callAsUnchecked(JavaUtils.java:115) ~[ratis-common-2.1.0.jar:2.1.0]
	at org.apache.ratis.server.impl.RaftServerProxy.lambda$submitRequest$8(RaftServerProxy.java:412) ~[ratis-server-2.1.0.jar:2.1.0]
	at java.util.concurrent.CompletableFuture.uniComposeStage(CompletableFuture.java:995) ~[?:1.8.0_292]
	at java.util.concurrent.CompletableFuture.thenCompose(CompletableFuture.java:2137) ~[?:1.8.0_292]
	at org.apache.ratis.server.impl.RaftServerProxy.submitRequest(RaftServerProxy.java:411) ~[ratis-server-2.1.0.jar:2.1.0]
	at org.apache.ratis.server.impl.RaftServerProxy.submitClientRequestAsync(RaftServerProxy.java:417) ~[ratis-server-2.1.0.jar:2.1.0]
	at org.apache.ratis.grpc.client.GrpcClientProtocolService$RequestStreamObserver.processClientRequest(GrpcClientProtocolService.java:222) ~[ratis-grpc-2.1.0.jar:2.1.0]
	at org.apache.ratis.grpc.client.GrpcClientProtocolService$OrderedRequestStreamObserver.processClientRequest(GrpcClientProtocolService.java:328) ~[ratis-grpc-2.1.0.jar:2.1.0]
	at org.apache.ratis.util.SlidingWindow$Server.processRequestsFromHead(SlidingWindow.java:431) [ratis-common-2.1.0.jar:2.1.0]
	at org.apache.ratis.util.SlidingWindow$Server.receivedRequest(SlidingWindow.java:423) [ratis-common-2.1.0.jar:2.1.0]
	at org.apache.ratis.grpc.client.GrpcClientProtocolService$OrderedRequestStreamObserver.processClientRequest(GrpcClientProtocolService.java:352) [ratis-grpc-2.1.0.jar:2.1.0]
	at org.apache.ratis.grpc.client.GrpcClientProtocolService$RequestStreamObserver.onNext(GrpcClientProtocolService.java:242) [ratis-grpc-2.1.0.jar:2.1.0]
	at org.apache.ratis.grpc.client.GrpcClientProtocolService$RequestStreamObserver.onNext(GrpcClientProtocolService.java:165) [ratis-grpc-2.1.0.jar:2.1.0]
	at org.apache.ratis.thirdparty.io.grpc.stub.ServerCalls$StreamingServerCallHandler$StreamingServerCallListener.onMessage(ServerCalls.java:255) [ratis-thirdparty-misc-0.7.0.jar:0.7.0]
	at org.apache.ratis.thirdparty.io.grpc.ForwardingServerCallListener.onMessage(ForwardingServerCallListener.java:33) [ratis-thirdparty-misc-0.7.0.jar:0.7.0]
	at org.apache.ratis.thirdparty.io.grpc.internal.ServerCallImpl$ServerStreamListenerImpl.messagesAvailableInternal(ServerCallImpl.java:309) [ratis-thirdparty-misc-0.7.0.jar:0.7.0]
	at org.apache.ratis.thirdparty.io.grpc.internal.ServerCallImpl$ServerStreamListenerImpl.messagesAvailable(ServerCallImpl.java:292) [ratis-thirdparty-misc-0.7.0.jar:0.7.0]
	at org.apache.ratis.thirdparty.io.grpc.internal.ServerImpl$JumpToApplicationThreadServerStreamListener$1MessagesAvailable.runInContext(ServerImpl.java:782) [ratis-thirdparty-misc-0.7.0.jar:0.7.0]
	at org.apache.ratis.thirdparty.io.grpc.internal.ContextRunnable.run(ContextRunnable.java:37) [ratis-thirdparty-misc-0.7.0.jar:0.7.0]
	at org.apache.ratis.thirdparty.io.grpc.internal.SerializingExecutor.run(SerializingExecutor.java:123) [ratis-thirdparty-misc-0.7.0.jar:0.7.0]
	at java.util.concurrent.ThreadPoolExecutor.runWorker(ThreadPoolExecutor.java:1149) [?:1.8.0_292]
	at java.util.concurrent.ThreadPoolExecutor$Worker.run(ThreadPoolExecutor.java:624) [?:1.8.0_292]
	at java.lang.Thread.run(Thread.java:748) [?:1.8.0_292]
19:54:40.383 [grpc-default-executor-4] ERROR DNAudit - user=null | ip=null | op=PUT_BLOCK {blockData=[blockId=conID: 16 locID: 107544261427200020 bcsId: 0, size=2097152]} | ret=FAILURE
org.apache.hadoop.hdds.scm.container.common.helpers.ContainerNotOpenException: Container 16 in CLOSED state
	at org.apache.hadoop.ozone.container.common.impl.HddsDispatcher.validateContainerCommand(HddsDispatcher.java:480) ~[hdds-container-service-1.2.0-SNAPSHOT.jar:?]
	at org.apache.hadoop.ozone.container.common.transport.server.ratis.ContainerStateMachine.startTransaction(ContainerStateMachine.java:317) ~[hdds-container-service-1.2.0-SNAPSHOT.jar:?]
	at org.apache.ratis.server.impl.RaftServerImpl.submitClientRequestAsync(RaftServerImpl.java:794) ~[ratis-server-2.1.0.jar:2.1.0]
	at org.apache.ratis.server.impl.RaftServerProxy.lambda$submitClientRequestAsync$9(RaftServerProxy.java:417) ~[ratis-server-2.1.0.jar:2.1.0]
	at org.apache.ratis.server.impl.RaftServerProxy.lambda$null$7(RaftServerProxy.java:412) ~[ratis-server-2.1.0.jar:2.1.0]
	at org.apache.ratis.util.JavaUtils.callAsUnchecked(JavaUtils.java:115) ~[ratis-common-2.1.0.jar:2.1.0]
	at org.apache.ratis.server.impl.RaftServerProxy.lambda$submitRequest$8(RaftServerProxy.java:412) ~[ratis-server-2.1.0.jar:2.1.0]
	at java.util.concurrent.CompletableFuture.uniComposeStage(CompletableFuture.java:995) ~[?:1.8.0_292]
	at java.util.concurrent.CompletableFuture.thenCompose(CompletableFuture.java:2137) ~[?:1.8.0_292]
	at org.apache.ratis.server.impl.RaftServerProxy.submitRequest(RaftServerProxy.java:411) ~[ratis-server-2.1.0.jar:2.1.0]
	at org.apache.ratis.server.impl.RaftServerProxy.submitClientRequestAsync(RaftServerProxy.java:417) ~[ratis-server-2.1.0.jar:2.1.0]
	at org.apache.ratis.grpc.client.GrpcClientProtocolService$RequestStreamObserver.processClientRequest(GrpcClientProtocolService.java:222) ~[ratis-grpc-2.1.0.jar:2.1.0]
	at org.apache.ratis.grpc.client.GrpcClientProtocolService$OrderedRequestStreamObserver.processClientRequest(GrpcClientProtocolService.java:328) ~[ratis-grpc-2.1.0.jar:2.1.0]
	at org.apache.ratis.util.SlidingWindow$Server.processRequestsFromHead(SlidingWindow.java:431) [ratis-common-2.1.0.jar:2.1.0]
	at org.apache.ratis.util.SlidingWindow$Server.receivedRequest(SlidingWindow.java:423) [ratis-common-2.1.0.jar:2.1.0]
	at org.apache.ratis.grpc.client.GrpcClientProtocolService$OrderedRequestStreamObserver.processClientRequest(GrpcClientProtocolService.java:352) [ratis-grpc-2.1.0.jar:2.1.0]
	at org.apache.ratis.grpc.client.GrpcClientProtocolService$RequestStreamObserver.onNext(GrpcClientProtocolService.java:242) [ratis-grpc-2.1.0.jar:2.1.0]
	at org.apache.ratis.grpc.client.GrpcClientProtocolService$RequestStreamObserver.onNext(GrpcClientProtocolService.java:165) [ratis-grpc-2.1.0.jar:2.1.0]
	at org.apache.ratis.thirdparty.io.grpc.stub.ServerCalls$StreamingServerCallHandler$StreamingServerCallListener.onMessage(ServerCalls.java:255) [ratis-thirdparty-misc-0.7.0.jar:0.7.0]
	at org.apache.ratis.thirdparty.io.grpc.ForwardingServerCallListener.onMessage(ForwardingServerCallListener.java:33) [ratis-thirdparty-misc-0.7.0.jar:0.7.0]
	at org.apache.ratis.thirdparty.io.grpc.internal.ServerCallImpl$ServerStreamListenerImpl.messagesAvailableInternal(ServerCallImpl.java:309) [ratis-thirdparty-misc-0.7.0.jar:0.7.0]
	at org.apache.ratis.thirdparty.io.grpc.internal.ServerCallImpl$ServerStreamListenerImpl.messagesAvailable(ServerCallImpl.java:292) [ratis-thirdparty-misc-0.7.0.jar:0.7.0]
	at org.apache.ratis.thirdparty.io.grpc.internal.ServerImpl$JumpToApplicationThreadServerStreamListener$1MessagesAvailable.runInContext(ServerImpl.java:782) [ratis-thirdparty-misc-0.7.0.jar:0.7.0]
	at org.apache.ratis.thirdparty.io.grpc.internal.ContextRunnable.run(ContextRunnable.java:37) [ratis-thirdparty-misc-0.7.0.jar:0.7.0]
	at org.apache.ratis.thirdparty.io.grpc.internal.SerializingExecutor.run(SerializingExecutor.java:123) [ratis-thirdparty-misc-0.7.0.jar:0.7.0]
	at java.util.concurrent.ThreadPoolExecutor.runWorker(ThreadPoolExecutor.java:1149) [?:1.8.0_292]
	at java.util.concurrent.ThreadPoolExecutor$Worker.run(ThreadPoolExecutor.java:624) [?:1.8.0_292]
	at java.lang.Thread.run(Thread.java:748) [?:1.8.0_292]
2021-08-03 19:54:40,449 [Datanode State Machine Thread - 0] WARN  statemachine.StateContext (StateContext.java:execute(621)) - No available thread in pool for past 1 seconds.
2021-08-03 19:54:40,496 [pool-170-thread-4] INFO  keyvalue.KeyValueHandler (ContainerUtils.java:logAndReturnError(89)) - Operation: PutBlock , Trace ID:  , Message: Put Key failed , Result: IO_EXCEPTION , StorageContainerException Occurred.
org.apache.hadoop.hdds.scm.container.common.helpers.StorageContainerException: Put Key failed
	at org.apache.hadoop.ozone.container.keyvalue.KeyValueHandler.handlePutBlock(KeyValueHandler.java:449)
	at org.apache.hadoop.ozone.container.keyvalue.KeyValueHandler.dispatchRequest(KeyValueHandler.java:194)
	at org.apache.hadoop.ozone.container.keyvalue.KeyValueHandler.handle(KeyValueHandler.java:170)
	at org.apache.hadoop.ozone.container.common.impl.HddsDispatcher.dispatchRequest(HddsDispatcher.java:307)
	at org.apache.hadoop.ozone.container.common.impl.HddsDispatcher.lambda$dispatch$0(HddsDispatcher.java:169)
	at org.apache.hadoop.hdds.server.OzoneProtocolMessageDispatcher.processRequest(OzoneProtocolMessageDispatcher.java:87)
	at org.apache.hadoop.ozone.container.common.impl.HddsDispatcher.dispatch(HddsDispatcher.java:168)
	at org.apache.hadoop.ozone.container.common.transport.server.ratis.ContainerStateMachine.dispatchCommand(ContainerStateMachine.java:398)
	at org.apache.hadoop.ozone.container.common.transport.server.ratis.ContainerStateMachine.runCommand(ContainerStateMachine.java:408)
	at org.apache.hadoop.ozone.container.common.transport.server.ratis.ContainerStateMachine.lambda$submitTask$6(ContainerStateMachine.java:722)
	at org.apache.ratis.util.TaskQueue.lambda$submit$0(TaskQueue.java:110)
	at org.apache.ratis.util.LogUtils.runAndLog(LogUtils.java:38)
	at org.apache.ratis.util.LogUtils$1.run(LogUtils.java:79)
	at java.util.concurrent.Executors$RunnableAdapter.call(Executors.java:511)
	at java.util.concurrent.FutureTask.run(FutureTask.java:266)
	at java.util.concurrent.ThreadPoolExecutor.runWorker(ThreadPoolExecutor.java:1149)
	at java.util.concurrent.ThreadPoolExecutor$Worker.run(ThreadPoolExecutor.java:624)
	at java.lang.Thread.run(Thread.java:748)
Caused by: java.io.IOException: Unable to write the batch.
	at org.apache.hadoop.hdds.utils.db.RDBBatchOperation.commit(RDBBatchOperation.java:48)
	at org.apache.hadoop.hdds.utils.db.RDBStore.commitBatchOperation(RDBStore.java:278)
	at org.apache.hadoop.ozone.container.keyvalue.impl.BlockManagerImpl.persistPutBlock(BlockManagerImpl.java:173)
	at org.apache.hadoop.ozone.container.keyvalue.impl.BlockManagerImpl.putBlock(BlockManagerImpl.java:106)
	at org.apache.hadoop.ozone.container.keyvalue.KeyValueHandler.handlePutBlock(KeyValueHandler.java:440)
	... 17 more
Caused by: org.rocksdb.RocksDBException: While appending to file: /home/runner/work/ozone/ozone/mnt/ozone/hadoop-ozone/integration-test/target/test-dir/MiniOzoneClusterImpl-29d3cb00-9776-42f4-a7ce-c6b30411a1f9/datanode-0/data-0/containers/hdds/29d3cb00-9776-42f4-a7ce-c6b30411a1f9/current/containerDir0/17/metadata/17-dn-container.db/000005.log: No space left on device
	at org.rocksdb.RocksDB.write0(Native Method)
	at org.rocksdb.RocksDB.write(RocksDB.java:1784)
	at org.apache.hadoop.hdds.utils.db.RDBBatchOperation.commit(RDBBatchOperation.java:46)
	... 21 more
2021-08-03 19:54:40,502 [pool-172-thread-4] INFO  keyvalue.KeyValueHandler (ContainerUtils.java:logAndReturnError(89)) - Operation: PutBlock , Trace ID:  , Message: Put Key failed , Result: IO_EXCEPTION , StorageContainerException Occurred.
org.apache.hadoop.hdds.scm.container.common.helpers.StorageContainerException: Put Key failed
	at org.apache.hadoop.ozone.container.keyvalue.KeyValueHandler.handlePutBlock(KeyValueHandler.java:449)
	at org.apache.hadoop.ozone.container.keyvalue.KeyValueHandler.dispatchRequest(KeyValueHandler.java:194)
	at org.apache.hadoop.ozone.container.keyvalue.KeyValueHandler.handle(KeyValueHandler.java:170)
	at org.apache.hadoop.ozone.container.common.impl.HddsDispatcher.dispatchRequest(HddsDispatcher.java:307)
	at org.apache.hadoop.ozone.container.common.impl.HddsDispatcher.lambda$dispatch$0(HddsDispatcher.java:169)
	at org.apache.hadoop.hdds.server.OzoneProtocolMessageDispatcher.processRequest(OzoneProtocolMessageDispatcher.java:87)
	at org.apache.hadoop.ozone.container.common.impl.HddsDispatcher.dispatch(HddsDispatcher.java:168)
	at org.apache.hadoop.ozone.container.common.transport.server.ratis.ContainerStateMachine.dispatchCommand(ContainerStateMachine.java:398)
	at org.apache.hadoop.ozone.container.common.transport.server.ratis.ContainerStateMachine.runCommand(ContainerStateMachine.java:408)
	at org.apache.hadoop.ozone.container.common.transport.server.ratis.ContainerStateMachine.lambda$submitTask$6(ContainerStateMachine.java:722)
	at org.apache.ratis.util.TaskQueue.lambda$submit$0(TaskQueue.java:110)
	at org.apache.ratis.util.LogUtils.runAndLog(LogUtils.java:38)
	at org.apache.ratis.util.LogUtils$1.run(LogUtils.java:79)
	at java.util.concurrent.Executors$RunnableAdapter.call(Executors.java:511)
	at java.util.concurrent.FutureTask.run(FutureTask.java:266)
	at java.util.concurrent.ThreadPoolExecutor.runWorker(ThreadPoolExecutor.java:1149)
	at java.util.concurrent.ThreadPoolExecutor$Worker.run(ThreadPoolExecutor.java:624)
	at java.lang.Thread.run(Thread.java:748)
Caused by: java.io.IOException: Unable to write the batch.
	at org.apache.hadoop.hdds.utils.db.RDBBatchOperation.commit(RDBBatchOperation.java:48)
	at org.apache.hadoop.hdds.utils.db.RDBStore.commitBatchOperation(RDBStore.java:278)
	at org.apache.hadoop.ozone.container.keyvalue.impl.BlockManagerImpl.persistPutBlock(BlockManagerImpl.java:173)
	at org.apache.hadoop.ozone.container.keyvalue.impl.BlockManagerImpl.putBlock(BlockManagerImpl.java:106)
	at org.apache.hadoop.ozone.container.keyvalue.KeyValueHandler.handlePutBlock(KeyValueHandler.java:440)
	... 17 more
Caused by: org.rocksdb.RocksDBException: While appending to file: /home/runner/work/ozone/ozone/mnt/ozone/hadoop-ozone/integration-test/target/test-dir/MiniOzoneClusterImpl-29d3cb00-9776-42f4-a7ce-c6b30411a1f9/datanode-1/data-0/containers/hdds/29d3cb00-9776-42f4-a7ce-c6b30411a1f9/current/containerDir0/17/metadata/17-dn-container.db/000005.log: No space left on device
	at org.rocksdb.RocksDB.write0(Native Method)
	at org.rocksdb.RocksDB.write(RocksDB.java:1784)
	at org.apache.hadoop.hdds.utils.db.RDBBatchOperation.commit(RDBBatchOperation.java:46)
	... 21 more
2021-08-03 19:54:40,514 [pool-170-thread-4] ERROR ratis.ContainerStateMachine (ContainerStateMachine.java:lambda$applyTransaction$7(768)) - gid group-124FECE5C74C : ApplyTransaction failed. cmd PutBlock logIndex 151 exception {}
org.yaml.snakeyaml.error.YAMLException: java.io.IOException: No space left on device
	at org.yaml.snakeyaml.Yaml.dumpAll(Yaml.java:280)
	at org.yaml.snakeyaml.Yaml.dump(Yaml.java:256)
	at org.apache.hadoop.ozone.container.common.impl.ContainerDataYaml.createContainerFile(ContainerDataYaml.java:96)
	at org.apache.hadoop.ozone.container.keyvalue.KeyValueContainer.writeToContainerFile(KeyValueContainer.java:220)
	at org.apache.hadoop.ozone.container.keyvalue.KeyValueContainer.updateContainerFile(KeyValueContainer.java:255)
	at org.apache.hadoop.ozone.container.keyvalue.KeyValueContainer.updateContainerData(KeyValueContainer.java:366)
	at org.apache.hadoop.ozone.container.keyvalue.KeyValueContainer.markContainerUnhealthy(KeyValueContainer.java:297)
	at org.apache.hadoop.ozone.container.keyvalue.KeyValueHandler.markContainerUnhealthy(KeyValueHandler.java:947)
	at org.apache.hadoop.ozone.container.common.impl.HddsDispatcher.dispatchRequest(HddsDispatcher.java:350)
	at org.apache.hadoop.ozone.container.common.impl.HddsDispatcher.lambda$dispatch$0(HddsDispatcher.java:169)
	at org.apache.hadoop.hdds.server.OzoneProtocolMessageDispatcher.processRequest(OzoneProtocolMessageDispatcher.java:87)
	at org.apache.hadoop.ozone.container.common.impl.HddsDispatcher.dispatch(HddsDispatcher.java:168)
	at org.apache.hadoop.ozone.container.common.transport.server.ratis.ContainerStateMachine.dispatchCommand(ContainerStateMachine.java:398)
	at org.apache.hadoop.ozone.container.common.transport.server.ratis.ContainerStateMachine.runCommand(ContainerStateMachine.java:408)
	at org.apache.hadoop.ozone.container.common.transport.server.ratis.ContainerStateMachine.lambda$submitTask$6(ContainerStateMachine.java:722)
	at org.apache.ratis.util.TaskQueue.lambda$submit$0(TaskQueue.java:110)
	at org.apache.ratis.util.LogUtils.runAndLog(LogUtils.java:38)
	at org.apache.ratis.util.LogUtils$1.run(LogUtils.java:79)
	at java.util.concurrent.Executors$RunnableAdapter.call(Executors.java:511)
	at java.util.concurrent.FutureTask.run(FutureTask.java:266)
	at java.util.concurrent.ThreadPoolExecutor.runWorker(ThreadPoolExecutor.java:1149)
	at java.util.concurrent.ThreadPoolExecutor$Worker.run(ThreadPoolExecutor.java:624)
	at java.lang.Thread.run(Thread.java:748)
Caused by: java.io.IOException: No space left on device
	at java.io.FileOutputStream.writeBytes(Native Method)
	at java.io.FileOutputStream.write(FileOutputStream.java:326)
	at sun.nio.cs.StreamEncoder.writeBytes(StreamEncoder.java:221)
	at sun.nio.cs.StreamEncoder.implFlushBuffer(StreamEncoder.java:291)
	at sun.nio.cs.StreamEncoder.implFlush(StreamEncoder.java:295)
	at sun.nio.cs.StreamEncoder.flush(StreamEncoder.java:141)
	at java.io.OutputStreamWriter.flush(OutputStreamWriter.java:229)
	at org.yaml.snakeyaml.emitter.Emitter.flushStream(Emitter.java:1078)
	at org.yaml.snakeyaml.emitter.Emitter$ExpectDocumentEnd.expect(Emitter.java:368)
	at org.yaml.snakeyaml.emitter.Emitter.emit(Emitter.java:220)
	at org.yaml.snakeyaml.serializer.Serializer.serialize(Serializer.java:115)
	at org.yaml.snakeyaml.Yaml.dumpAll(Yaml.java:276)
	... 22 more
2021-08-03 19:54:40,514 [Datanode State Machine Thread - 0] WARN  statemachine.StateContext (StateContext.java:execute(621)) - No available thread in pool for past 1 seconds.
2021-08-03 19:54:40,515 [pool-170-thread-4] ERROR ratis.ContainerStateMachine (ContainerStateMachine.java:lambda$applyTransaction$9(832)) - gid group-124FECE5C74C : ApplyTransaction failed. cmd PutBlock logIndex 151 exception {}
java.util.concurrent.CompletionException: org.yaml.snakeyaml.error.YAMLException: java.io.IOException: No space left on device
	at java.util.concurrent.CompletableFuture.encodeThrowable(CompletableFuture.java:292)
	at java.util.concurrent.CompletableFuture.completeThrowable(CompletableFuture.java:308)
	at java.util.concurrent.CompletableFuture.uniApply(CompletableFuture.java:607)
	at java.util.concurrent.CompletableFuture$UniApply.tryFire(CompletableFuture.java:591)
	at java.util.concurrent.CompletableFuture.postComplete(CompletableFuture.java:488)
	at java.util.concurrent.CompletableFuture.completeExceptionally(CompletableFuture.java:1990)
	at org.apache.ratis.util.TaskQueue.lambda$submit$0(TaskQueue.java:112)
	at org.apache.ratis.util.LogUtils.runAndLog(LogUtils.java:38)
	at org.apache.ratis.util.LogUtils$1.run(LogUtils.java:79)
	at java.util.concurrent.Executors$RunnableAdapter.call(Executors.java:511)
	at java.util.concurrent.FutureTask.run(FutureTask.java:266)
	at java.util.concurrent.ThreadPoolExecutor.runWorker(ThreadPoolExecutor.java:1149)
	at java.util.concurrent.ThreadPoolExecutor$Worker.run(ThreadPoolExecutor.java:624)
	at java.lang.Thread.run(Thread.java:748)
Caused by: org.yaml.snakeyaml.error.YAMLException: java.io.IOException: No space left on device
	at org.yaml.snakeyaml.Yaml.dumpAll(Yaml.java:280)
	at org.yaml.snakeyaml.Yaml.dump(Yaml.java:256)
	at org.apache.hadoop.ozone.container.common.impl.ContainerDataYaml.createContainerFile(ContainerDataYaml.java:96)
	at org.apache.hadoop.ozone.container.keyvalue.KeyValueContainer.writeToContainerFile(KeyValueContainer.java:220)
	at org.apache.hadoop.ozone.container.keyvalue.KeyValueContainer.updateContainerFile(KeyValueContainer.java:255)
	at org.apache.hadoop.ozone.container.keyvalue.KeyValueContainer.updateContainerData(KeyValueContainer.java:366)
	at org.apache.hadoop.ozone.container.keyvalue.KeyValueContainer.markContainerUnhealthy(KeyValueContainer.java:297)
	at org.apache.hadoop.ozone.container.keyvalue.KeyValueHandler.markContainerUnhealthy(KeyValueHandler.java:947)
	at org.apache.hadoop.ozone.container.common.impl.HddsDispatcher.dispatchRequest(HddsDispatcher.java:350)
	at org.apache.hadoop.ozone.container.common.impl.HddsDispatcher.lambda$dispatch$0(HddsDispatcher.java:169)
	at org.apache.hadoop.hdds.server.OzoneProtocolMessageDispatcher.processRequest(OzoneProtocolMessageDispatcher.java:87)
	at org.apache.hadoop.ozone.container.common.impl.HddsDispatcher.dispatch(HddsDispatcher.java:168)
	at org.apache.hadoop.ozone.container.common.transport.server.ratis.ContainerStateMachine.dispatchCommand(ContainerStateMachine.java:398)
	at org.apache.hadoop.ozone.container.common.transport.server.ratis.ContainerStateMachine.runCommand(ContainerStateMachine.java:408)
	at org.apache.hadoop.ozone.container.common.transport.server.ratis.ContainerStateMachine.lambda$submitTask$6(ContainerStateMachine.java:722)
	at org.apache.ratis.util.TaskQueue.lambda$submit$0(TaskQueue.java:110)
	... 7 more
Caused by: java.io.IOException: No space left on device
	at java.io.FileOutputStream.writeBytes(Native Method)
	at java.io.FileOutputStream.write(FileOutputStream.java:326)
	at sun.nio.cs.StreamEncoder.writeBytes(StreamEncoder.java:221)
	at sun.nio.cs.StreamEncoder.implFlushBuffer(StreamEncoder.java:291)
	at sun.nio.cs.StreamEncoder.implFlush(StreamEncoder.java:295)
	at sun.nio.cs.StreamEncoder.flush(StreamEncoder.java:141)
	at java.io.OutputStreamWriter.flush(OutputStreamWriter.java:229)
	at org.yaml.snakeyaml.emitter.Emitter.flushStream(Emitter.java:1078)
	at org.yaml.snakeyaml.emitter.Emitter$ExpectDocumentEnd.expect(Emitter.java:368)
	at org.yaml.snakeyaml.emitter.Emitter.emit(Emitter.java:220)
	at org.yaml.snakeyaml.serializer.Serializer.serialize(Serializer.java:115)
	at org.yaml.snakeyaml.Yaml.dumpAll(Yaml.java:276)
	... 22 more
2021-08-03 19:54:40,520 [EventQueue-IncrementalContainerReportForIncrementalContainerReportHandler] WARN  container.IncrementalContainerReportHandler (AbstractContainerReportHandler.java:updateContainerState(190)) - Container #17 is in OPEN state, but the datanode e5a3b37d-24b2-4af8-aafc-994fdc7f98a4{ip: 10.1.0.40, host: fv-az395-928.zfmzfyrfkyou3ow0tsr0jxwq1e.bx.internal.cloudapp.net, ports: [REPLICATION=36629, RATIS=41449, RATIS_ADMIN=41449, RATIS_SERVER=41449, STANDALONE=43631], networkLocation: /default-rack, certSerialId: null, persistedOpState: IN_SERVICE, persistedOpStateExpiryEpochSec: 0} reports an UNHEALTHY replica.
2021-08-03 19:54:40,528 [pool-172-thread-4] ERROR ratis.ContainerStateMachine (ContainerStateMachine.java:lambda$applyTransaction$7(768)) - gid group-124FECE5C74C : ApplyTransaction failed. cmd PutBlock logIndex 151 exception {}
org.yaml.snakeyaml.error.YAMLException: java.io.IOException: No space left on device
	at org.yaml.snakeyaml.Yaml.dumpAll(Yaml.java:280)
	at org.yaml.snakeyaml.Yaml.dump(Yaml.java:256)
	at org.apache.hadoop.ozone.container.common.impl.ContainerDataYaml.createContainerFile(ContainerDataYaml.java:96)
	at org.apache.hadoop.ozone.container.keyvalue.KeyValueContainer.writeToContainerFile(KeyValueContainer.java:220)
	at org.apache.hadoop.ozone.container.keyvalue.KeyValueContainer.updateContainerFile(KeyValueContainer.java:255)
	at org.apache.hadoop.ozone.container.keyvalue.KeyValueContainer.updateContainerData(KeyValueContainer.java:366)
	at org.apache.hadoop.ozone.container.keyvalue.KeyValueContainer.markContainerUnhealthy(KeyValueContainer.java:297)
	at org.apache.hadoop.ozone.container.keyvalue.KeyValueHandler.markContainerUnhealthy(KeyValueHandler.java:947)
	at org.apache.hadoop.ozone.container.common.impl.HddsDispatcher.dispatchRequest(HddsDispatcher.java:350)
	at org.apache.hadoop.ozone.container.common.impl.HddsDispatcher.lambda$dispatch$0(HddsDispatcher.java:169)
	at org.apache.hadoop.hdds.server.OzoneProtocolMessageDispatcher.processRequest(OzoneProtocolMessageDispatcher.java:87)
	at org.apache.hadoop.ozone.container.common.impl.HddsDispatcher.dispatch(HddsDispatcher.java:168)
	at org.apache.hadoop.ozone.container.common.transport.server.ratis.ContainerStateMachine.dispatchCommand(ContainerStateMachine.java:398)
	at org.apache.hadoop.ozone.container.common.transport.server.ratis.ContainerStateMachine.runCommand(ContainerStateMachine.java:408)
	at org.apache.hadoop.ozone.container.common.transport.server.ratis.ContainerStateMachine.lambda$submitTask$6(ContainerStateMachine.java:722)
	at org.apache.ratis.util.TaskQueue.lambda$submit$0(TaskQueue.java:110)
	at org.apache.ratis.util.LogUtils.runAndLog(LogUtils.java:38)
	at org.apache.ratis.util.LogUtils$1.run(LogUtils.java:79)
	at java.util.concurrent.Executors$RunnableAdapter.call(Executors.java:511)
	at java.util.concurrent.FutureTask.run(FutureTask.java:266)
	at java.util.concurrent.ThreadPoolExecutor.runWorker(ThreadPoolExecutor.java:1149)
	at java.util.concurrent.ThreadPoolExecutor$Worker.run(ThreadPoolExecutor.java:624)
	at java.lang.Thread.run(Thread.java:748)
Caused by: java.io.IOException: No space left on device
	at java.io.FileOutputStream.writeBytes(Native Method)
	at java.io.FileOutputStream.write(FileOutputStream.java:326)
	at sun.nio.cs.StreamEncoder.writeBytes(StreamEncoder.java:221)
	at sun.nio.cs.StreamEncoder.implFlushBuffer(StreamEncoder.java:291)
	at sun.nio.cs.StreamEncoder.implFlush(StreamEncoder.java:295)
	at sun.nio.cs.StreamEncoder.flush(StreamEncoder.java:141)
	at java.io.OutputStreamWriter.flush(OutputStreamWriter.java:229)
	at org.yaml.snakeyaml.emitter.Emitter.flushStream(Emitter.java:1078)
	at org.yaml.snakeyaml.emitter.Emitter$ExpectDocumentEnd.expect(Emitter.java:368)
	at org.yaml.snakeyaml.emitter.Emitter.emit(Emitter.java:220)
	at org.yaml.snakeyaml.serializer.Serializer.serialize(Serializer.java:115)
	at org.yaml.snakeyaml.Yaml.dumpAll(Yaml.java:276)
	... 22 more
2021-08-03 19:54:40,529 [pool-172-thread-4] ERROR ratis.ContainerStateMachine (ContainerStateMachine.java:lambda$applyTransaction$9(832)) - gid group-124FECE5C74C : ApplyTransaction failed. cmd PutBlock logIndex 151 exception {}
java.util.concurrent.CompletionException: org.yaml.snakeyaml.error.YAMLException: java.io.IOException: No space left on device
	at java.util.concurrent.CompletableFuture.encodeThrowable(CompletableFuture.java:292)
	at java.util.concurrent.CompletableFuture.completeThrowable(CompletableFuture.java:308)
	at java.util.concurrent.CompletableFuture.uniApply(CompletableFuture.java:607)
	at java.util.concurrent.CompletableFuture$UniApply.tryFire(CompletableFuture.java:591)
	at java.util.concurrent.CompletableFuture.postComplete(CompletableFuture.java:488)
	at java.util.concurrent.CompletableFuture.completeExceptionally(CompletableFuture.java:1990)
	at org.apache.ratis.util.TaskQueue.lambda$submit$0(TaskQueue.java:112)
	at org.apache.ratis.util.LogUtils.runAndLog(LogUtils.java:38)
	at org.apache.ratis.util.LogUtils$1.run(LogUtils.java:79)
	at java.util.concurrent.Executors$RunnableAdapter.call(Executors.java:511)
	at java.util.concurrent.FutureTask.run(FutureTask.java:266)
	at java.util.concurrent.ThreadPoolExecutor.runWorker(ThreadPoolExecutor.java:1149)
	at java.util.concurrent.ThreadPoolExecutor$Worker.run(ThreadPoolExecutor.java:624)
	at java.lang.Thread.run(Thread.java:748)
Caused by: org.yaml.snakeyaml.error.YAMLException: java.io.IOException: No space left on device
	at org.yaml.snakeyaml.Yaml.dumpAll(Yaml.java:280)
	at org.yaml.snakeyaml.Yaml.dump(Yaml.java:256)
	at org.apache.hadoop.ozone.container.common.impl.ContainerDataYaml.createContainerFile(ContainerDataYaml.java:96)
	at org.apache.hadoop.ozone.container.keyvalue.KeyValueContainer.writeToContainerFile(KeyValueContainer.java:220)
	at org.apache.hadoop.ozone.container.keyvalue.KeyValueContainer.updateContainerFile(KeyValueContainer.java:255)
	at org.apache.hadoop.ozone.container.keyvalue.KeyValueContainer.updateContainerData(KeyValueContainer.java:366)
	at org.apache.hadoop.ozone.container.keyvalue.KeyValueContainer.markContainerUnhealthy(KeyValueContainer.java:297)
	at org.apache.hadoop.ozone.container.keyvalue.KeyValueHandler.markContainerUnhealthy(KeyValueHandler.java:947)
	at org.apache.hadoop.ozone.container.common.impl.HddsDispatcher.dispatchRequest(HddsDispatcher.java:350)
	at org.apache.hadoop.ozone.container.common.impl.HddsDispatcher.lambda$dispatch$0(HddsDispatcher.java:169)
	at org.apache.hadoop.hdds.server.OzoneProtocolMessageDispatcher.processRequest(OzoneProtocolMessageDispatcher.java:87)
	at org.apache.hadoop.ozone.container.common.impl.HddsDispatcher.dispatch(HddsDispatcher.java:168)
	at org.apache.hadoop.ozone.container.common.transport.server.ratis.ContainerStateMachine.dispatchCommand(ContainerStateMachine.java:398)
	at org.apache.hadoop.ozone.container.common.transport.server.ratis.ContainerStateMachine.runCommand(ContainerStateMachine.java:408)
	at org.apache.hadoop.ozone.container.common.transport.server.ratis.ContainerStateMachine.lambda$submitTask$6(ContainerStateMachine.java:722)
	at org.apache.ratis.util.TaskQueue.lambda$submit$0(TaskQueue.java:110)
	... 7 more
Caused by: java.io.IOException: No space left on device
	at java.io.FileOutputStream.writeBytes(Native Method)
	at java.io.FileOutputStream.write(FileOutputStream.java:326)
	at sun.nio.cs.StreamEncoder.writeBytes(StreamEncoder.java:221)
	at sun.nio.cs.StreamEncoder.implFlushBuffer(StreamEncoder.java:291)
	at sun.nio.cs.StreamEncoder.implFlush(StreamEncoder.java:295)
	at sun.nio.cs.StreamEncoder.flush(StreamEncoder.java:141)
	at java.io.OutputStreamWriter.flush(OutputStreamWriter.java:229)
	at org.yaml.snakeyaml.emitter.Emitter.flushStream(Emitter.java:1078)
	at org.yaml.snakeyaml.emitter.Emitter$ExpectDocumentEnd.expect(Emitter.java:368)
	at org.yaml.snakeyaml.emitter.Emitter.emit(Emitter.java:220)
	at org.yaml.snakeyaml.serializer.Serializer.serialize(Serializer.java:115)
	at org.yaml.snakeyaml.Yaml.dumpAll(Yaml.java:276)
	... 22 more
2021-08-03 19:54:40,529 [Datanode State Machine Thread - 0] WARN  statemachine.StateContext (StateContext.java:execute(621)) - No available thread in pool for past 1 seconds.
2021-08-03 19:54:40,531 [EventQueue-IncrementalContainerReportForIncrementalContainerReportHandler] WARN  container.IncrementalContainerReportHandler (AbstractContainerReportHandler.java:updateContainerState(190)) - Container #17 is in OPEN state, but the datanode e33d21b5-8dde-4667-90e1-c87016f9a424{ip: 10.1.0.40, host: fv-az395-928.zfmzfyrfkyou3ow0tsr0jxwq1e.bx.internal.cloudapp.net, ports: [REPLICATION=39783, RATIS=43341, RATIS_ADMIN=43341, RATIS_SERVER=43341, STANDALONE=38463], networkLocation: /default-rack, certSerialId: null, persistedOpState: IN_SERVICE, persistedOpStateExpiryEpochSec: 0} reports an UNHEALTHY replica.
2021-08-03 19:54:40,532 [pool-170-thread-4] INFO  keyvalue.KeyValueHandler (ContainerUtils.java:logAndReturnError(89)) - Operation: WriteChunk , Trace ID:  , Message: Requested operation not allowed as ContainerState is UNHEALTHY , Result: CONTAINER_UNHEALTHY , StorageContainerException Occurred.
org.apache.hadoop.hdds.scm.container.common.helpers.StorageContainerException: Requested operation not allowed as ContainerState is UNHEALTHY
	at org.apache.hadoop.ozone.container.keyvalue.KeyValueHandler.checkContainerOpen(KeyValueHandler.java:894)
	at org.apache.hadoop.ozone.container.keyvalue.KeyValueHandler.handleWriteChunk(KeyValueHandler.java:683)
	at org.apache.hadoop.ozone.container.keyvalue.KeyValueHandler.dispatchRequest(KeyValueHandler.java:206)
	at org.apache.hadoop.ozone.container.keyvalue.KeyValueHandler.handle(KeyValueHandler.java:170)
	at org.apache.hadoop.ozone.container.common.impl.HddsDispatcher.dispatchRequest(HddsDispatcher.java:307)
	at org.apache.hadoop.ozone.container.common.impl.HddsDispatcher.lambda$dispatch$0(HddsDispatcher.java:169)
	at org.apache.hadoop.hdds.server.OzoneProtocolMessageDispatcher.processRequest(OzoneProtocolMessageDispatcher.java:87)
	at org.apache.hadoop.ozone.container.common.impl.HddsDispatcher.dispatch(HddsDispatcher.java:168)
	at org.apache.hadoop.ozone.container.common.transport.server.ratis.ContainerStateMachine.dispatchCommand(ContainerStateMachine.java:398)
	at org.apache.hadoop.ozone.container.common.transport.server.ratis.ContainerStateMachine.runCommand(ContainerStateMachine.java:408)
	at org.apache.hadoop.ozone.container.common.transport.server.ratis.ContainerStateMachine.lambda$submitTask$6(ContainerStateMachine.java:722)
	at org.apache.ratis.util.TaskQueue.lambda$submit$0(TaskQueue.java:110)
	at org.apache.ratis.util.LogUtils.runAndLog(LogUtils.java:38)
	at org.apache.ratis.util.LogUtils$1.run(LogUtils.java:79)
	at java.util.concurrent.Executors$RunnableAdapter.call(Executors.java:511)
	at java.util.concurrent.FutureTask.run(FutureTask.java:266)
	at java.util.concurrent.ThreadPoolExecutor.runWorker(ThreadPoolExecutor.java:1149)
	at java.util.concurrent.ThreadPoolExecutor$Worker.run(ThreadPoolExecutor.java:624)
	at java.lang.Thread.run(Thread.java:748)
19:54:40.532 [pool-170-thread-4] ERROR DNAudit - user=null | ip=null | op=WRITE_CHUNK {blockData=conID: 17 locID: 107544261427200021 bcsId: 0} | ret=FAILURE
java.lang.Exception: Requested operation not allowed as ContainerState is UNHEALTHY
	at org.apache.hadoop.ozone.container.common.impl.HddsDispatcher.dispatchRequest(HddsDispatcher.java:368) ~[hdds-container-service-1.2.0-SNAPSHOT.jar:?]
	at org.apache.hadoop.ozone.container.common.impl.HddsDispatcher.lambda$dispatch$0(HddsDispatcher.java:169) ~[hdds-container-service-1.2.0-SNAPSHOT.jar:?]
	at org.apache.hadoop.hdds.server.OzoneProtocolMessageDispatcher.processRequest(OzoneProtocolMessageDispatcher.java:87) ~[hdds-server-framework-1.2.0-SNAPSHOT.jar:?]
	at org.apache.hadoop.ozone.container.common.impl.HddsDispatcher.dispatch(HddsDispatcher.java:168) ~[hdds-container-service-1.2.0-SNAPSHOT.jar:?]
	at org.apache.hadoop.ozone.container.common.transport.server.ratis.ContainerStateMachine.dispatchCommand(ContainerStateMachine.java:398) ~[hdds-container-service-1.2.0-SNAPSHOT.jar:?]
	at org.apache.hadoop.ozone.container.common.transport.server.ratis.ContainerStateMachine.runCommand(ContainerStateMachine.java:408) ~[hdds-container-service-1.2.0-SNAPSHOT.jar:?]
	at org.apache.hadoop.ozone.container.common.transport.server.ratis.ContainerStateMachine.lambda$submitTask$6(ContainerStateMachine.java:722) ~[hdds-container-service-1.2.0-SNAPSHOT.jar:?]
	at org.apache.ratis.util.TaskQueue.lambda$submit$0(TaskQueue.java:110) ~[ratis-common-2.1.0.jar:2.1.0]
	at org.apache.ratis.util.LogUtils.runAndLog(LogUtils.java:38) [ratis-common-2.1.0.jar:2.1.0]
	at org.apache.ratis.util.LogUtils$1.run(LogUtils.java:79) [ratis-common-2.1.0.jar:2.1.0]
	at java.util.concurrent.Executors$RunnableAdapter.call(Executors.java:511) [?:1.8.0_292]
	at java.util.concurrent.FutureTask.run(FutureTask.java:266) [?:1.8.0_292]
	at java.util.concurrent.ThreadPoolExecutor.runWorker(ThreadPoolExecutor.java:1149) [?:1.8.0_292]
	at java.util.concurrent.ThreadPoolExecutor$Worker.run(ThreadPoolExecutor.java:624) [?:1.8.0_292]
	at java.lang.Thread.run(Thread.java:748) [?:1.8.0_292]
2021-08-03 19:54:40,532 [pool-170-thread-4] ERROR ratis.ContainerStateMachine (ContainerStateMachine.java:lambda$applyTransaction$8(794)) - gid group-124FECE5C74C : ApplyTransaction failed. cmd WriteChunk logIndex 152 msg : Requested operation not allowed as ContainerState is UNHEALTHY Container Result: CONTAINER_UNHEALTHY
2021-08-03 19:54:40,537 [pool-172-thread-4] INFO  keyvalue.KeyValueHandler (ContainerUtils.java:logAndReturnError(89)) - Operation: WriteChunk , Trace ID:  , Message: Requested operation not allowed as ContainerState is UNHEALTHY , Result: CONTAINER_UNHEALTHY , StorageContainerException Occurred.
org.apache.hadoop.hdds.scm.container.common.helpers.StorageContainerException: Requested operation not allowed as ContainerState is UNHEALTHY
	at org.apache.hadoop.ozone.container.keyvalue.KeyValueHandler.checkContainerOpen(KeyValueHandler.java:894)
	at org.apache.hadoop.ozone.container.keyvalue.KeyValueHandler.handleWriteChunk(KeyValueHandler.java:683)
	at org.apache.hadoop.ozone.container.keyvalue.KeyValueHandler.dispatchRequest(KeyValueHandler.java:206)
	at org.apache.hadoop.ozone.container.keyvalue.KeyValueHandler.handle(KeyValueHandler.java:170)
	at org.apache.hadoop.ozone.container.common.impl.HddsDispatcher.dispatchRequest(HddsDispatcher.java:307)
	at org.apache.hadoop.ozone.container.common.impl.HddsDispatcher.lambda$dispatch$0(HddsDispatcher.java:169)
	at org.apache.hadoop.hdds.server.OzoneProtocolMessageDispatcher.processRequest(OzoneProtocolMessageDispatcher.java:87)
	at org.apache.hadoop.ozone.container.common.impl.HddsDispatcher.dispatch(HddsDispatcher.java:168)
	at org.apache.hadoop.ozone.container.common.transport.server.ratis.ContainerStateMachine.dispatchCommand(ContainerStateMachine.java:398)
	at org.apache.hadoop.ozone.container.common.transport.server.ratis.ContainerStateMachine.runCommand(ContainerStateMachine.java:408)
	at org.apache.hadoop.ozone.container.common.transport.server.ratis.ContainerStateMachine.lambda$submitTask$6(ContainerStateMachine.java:722)
	at org.apache.ratis.util.TaskQueue.lambda$submit$0(TaskQueue.java:110)
	at org.apache.ratis.util.LogUtils.runAndLog(LogUtils.java:38)
	at org.apache.ratis.util.LogUtils$1.run(LogUtils.java:79)
	at java.util.concurrent.Executors$RunnableAdapter.call(Executors.java:511)
	at java.util.concurrent.FutureTask.run(FutureTask.java:266)
	at java.util.concurrent.ThreadPoolExecutor.runWorker(ThreadPoolExecutor.java:1149)
	at java.util.concurrent.ThreadPoolExecutor$Worker.run(ThreadPoolExecutor.java:624)
	at java.lang.Thread.run(Thread.java:748)
19:54:40.537 [pool-172-thread-4] ERROR DNAudit - user=null | ip=null | op=WRITE_CHUNK {blockData=conID: 17 locID: 107544261427200021 bcsId: 0} | ret=FAILURE
java.lang.Exception: Requested operation not allowed as ContainerState is UNHEALTHY
	at org.apache.hadoop.ozone.container.common.impl.HddsDispatcher.dispatchRequest(HddsDispatcher.java:368) ~[hdds-container-service-1.2.0-SNAPSHOT.jar:?]
	at org.apache.hadoop.ozone.container.common.impl.HddsDispatcher.lambda$dispatch$0(HddsDispatcher.java:169) ~[hdds-container-service-1.2.0-SNAPSHOT.jar:?]
	at org.apache.hadoop.hdds.server.OzoneProtocolMessageDispatcher.processRequest(OzoneProtocolMessageDispatcher.java:87) ~[hdds-server-framework-1.2.0-SNAPSHOT.jar:?]
	at org.apache.hadoop.ozone.container.common.impl.HddsDispatcher.dispatch(HddsDispatcher.java:168) ~[hdds-container-service-1.2.0-SNAPSHOT.jar:?]
	at org.apache.hadoop.ozone.container.common.transport.server.ratis.ContainerStateMachine.dispatchCommand(ContainerStateMachine.java:398) ~[hdds-container-service-1.2.0-SNAPSHOT.jar:?]
	at org.apache.hadoop.ozone.container.common.transport.server.ratis.ContainerStateMachine.runCommand(ContainerStateMachine.java:408) ~[hdds-container-service-1.2.0-SNAPSHOT.jar:?]
	at org.apache.hadoop.ozone.container.common.transport.server.ratis.ContainerStateMachine.lambda$submitTask$6(ContainerStateMachine.java:722) ~[hdds-container-service-1.2.0-SNAPSHOT.jar:?]
	at org.apache.ratis.util.TaskQueue.lambda$submit$0(TaskQueue.java:110) ~[ratis-common-2.1.0.jar:2.1.0]
	at org.apache.ratis.util.LogUtils.runAndLog(LogUtils.java:38) [ratis-common-2.1.0.jar:2.1.0]
	at org.apache.ratis.util.LogUtils$1.run(LogUtils.java:79) [ratis-common-2.1.0.jar:2.1.0]
	at java.util.concurrent.Executors$RunnableAdapter.call(Executors.java:511) [?:1.8.0_292]
	at java.util.concurrent.FutureTask.run(FutureTask.java:266) [?:1.8.0_292]
	at java.util.concurrent.ThreadPoolExecutor.runWorker(ThreadPoolExecutor.java:1149) [?:1.8.0_292]
	at java.util.concurrent.ThreadPoolExecutor$Worker.run(ThreadPoolExecutor.java:624) [?:1.8.0_292]
	at java.lang.Thread.run(Thread.java:748) [?:1.8.0_292]
2021-08-03 19:54:40,538 [pool-172-thread-4] ERROR ratis.ContainerStateMachine (ContainerStateMachine.java:lambda$applyTransaction$8(794)) - gid group-124FECE5C74C : ApplyTransaction failed. cmd WriteChunk logIndex 152 msg : Requested operation not allowed as ContainerState is UNHEALTHY Container Result: CONTAINER_UNHEALTHY
2021-08-03 19:54:40,550 [Datanode State Machine Thread - 0] WARN  statemachine.StateContext (StateContext.java:execute(621)) - No available thread in pool for past 1 seconds.
2021-08-03 19:54:40,553 [ChunkWriter-0-0] INFO  keyvalue.KeyValueHandler (ContainerUtils.java:logAndReturnError(89)) - Operation: WriteChunk , Trace ID:  , Message: Requested operation not allowed as ContainerState is UNHEALTHY , Result: CONTAINER_UNHEALTHY , StorageContainerException Occurred.
org.apache.hadoop.hdds.scm.container.common.helpers.StorageContainerException: Requested operation not allowed as ContainerState is UNHEALTHY
	at org.apache.hadoop.ozone.container.keyvalue.KeyValueHandler.checkContainerOpen(KeyValueHandler.java:894)
	at org.apache.hadoop.ozone.container.keyvalue.KeyValueHandler.handleWriteChunk(KeyValueHandler.java:683)
	at org.apache.hadoop.ozone.container.keyvalue.KeyValueHandler.dispatchRequest(KeyValueHandler.java:206)
	at org.apache.hadoop.ozone.container.keyvalue.KeyValueHandler.handle(KeyValueHandler.java:170)
	at org.apache.hadoop.ozone.container.common.impl.HddsDispatcher.dispatchRequest(HddsDispatcher.java:307)
	at org.apache.hadoop.ozone.container.common.impl.HddsDispatcher.lambda$dispatch$0(HddsDispatcher.java:169)
	at org.apache.hadoop.hdds.server.OzoneProtocolMessageDispatcher.processRequest(OzoneProtocolMessageDispatcher.java:87)
	at org.apache.hadoop.ozone.container.common.impl.HddsDispatcher.dispatch(HddsDispatcher.java:168)
	at org.apache.hadoop.ozone.container.common.transport.server.ratis.ContainerStateMachine.dispatchCommand(ContainerStateMachine.java:398)
	at org.apache.hadoop.ozone.container.common.transport.server.ratis.ContainerStateMachine.runCommand(ContainerStateMachine.java:408)
	at org.apache.hadoop.ozone.container.common.transport.server.ratis.ContainerStateMachine.lambda$handleWriteChunk$1(ContainerStateMachine.java:439)
	at java.util.concurrent.CompletableFuture$AsyncSupply.run(CompletableFuture.java:1604)
	at java.util.concurrent.ThreadPoolExecutor.runWorker(ThreadPoolExecutor.java:1149)
	at java.util.concurrent.ThreadPoolExecutor$Worker.run(ThreadPoolExecutor.java:624)
	at java.lang.Thread.run(Thread.java:748)
19:54:40.553 [ChunkWriter-0-0] ERROR DNAudit - user=null | ip=null | op=WRITE_CHUNK {blockData=conID: 17 locID: 107544261427200021 bcsId: 153} | ret=FAILURE
java.lang.Exception: Requested operation not allowed as ContainerState is UNHEALTHY
	at org.apache.hadoop.ozone.container.common.impl.HddsDispatcher.dispatchRequest(HddsDispatcher.java:368) ~[hdds-container-service-1.2.0-SNAPSHOT.jar:?]
	at org.apache.hadoop.ozone.container.common.impl.HddsDispatcher.lambda$dispatch$0(HddsDispatcher.java:169) ~[hdds-container-service-1.2.0-SNAPSHOT.jar:?]
	at org.apache.hadoop.hdds.server.OzoneProtocolMessageDispatcher.processRequest(OzoneProtocolMessageDispatcher.java:87) ~[hdds-server-framework-1.2.0-SNAPSHOT.jar:?]
	at org.apache.hadoop.ozone.container.common.impl.HddsDispatcher.dispatch(HddsDispatcher.java:168) ~[hdds-container-service-1.2.0-SNAPSHOT.jar:?]
	at org.apache.hadoop.ozone.container.common.transport.server.ratis.ContainerStateMachine.dispatchCommand(ContainerStateMachine.java:398) ~[hdds-container-service-1.2.0-SNAPSHOT.jar:?]
	at org.apache.hadoop.ozone.container.common.transport.server.ratis.ContainerStateMachine.runCommand(ContainerStateMachine.java:408) ~[hdds-container-service-1.2.0-SNAPSHOT.jar:?]
	at org.apache.hadoop.ozone.container.common.transport.server.ratis.ContainerStateMachine.lambda$handleWriteChunk$1(ContainerStateMachine.java:439) ~[hdds-container-service-1.2.0-SNAPSHOT.jar:?]
	at java.util.concurrent.CompletableFuture$AsyncSupply.run(CompletableFuture.java:1604) [?:1.8.0_292]
	at java.util.concurrent.ThreadPoolExecutor.runWorker(ThreadPoolExecutor.java:1149) [?:1.8.0_292]
	at java.util.concurrent.ThreadPoolExecutor$Worker.run(ThreadPoolExecutor.java:624) [?:1.8.0_292]
	at java.lang.Thread.run(Thread.java:748) [?:1.8.0_292]
2021-08-03 19:54:40,554 [ChunkWriter-0-0] ERROR ratis.ContainerStateMachine (ContainerStateMachine.java:lambda$handleWriteChunk$2(467)) - group-124FECE5C74C: writeChunk writeStateMachineData failed: blockIdcontainerID: 17
localID: 107544261427200021
blockCommitSequenceId: 153
 logIndex 156 chunkName 107544261427200021_chunk_3 Error message: Requested operation not allowed as ContainerState is UNHEALTHY Container Result: CONTAINER_UNHEALTHY
2021-08-03 19:54:40,554 [ChunkWriter-0-0] INFO  keyvalue.KeyValueHandler (ContainerUtils.java:logAndReturnError(89)) - Operation: WriteChunk , Trace ID:  , Message: Requested operation not allowed as ContainerState is UNHEALTHY , Result: CONTAINER_UNHEALTHY , StorageContainerException Occurred.
org.apache.hadoop.hdds.scm.container.common.helpers.StorageContainerException: Requested operation not allowed as ContainerState is UNHEALTHY
	at org.apache.hadoop.ozone.container.keyvalue.KeyValueHandler.checkContainerOpen(KeyValueHandler.java:894)
	at org.apache.hadoop.ozone.container.keyvalue.KeyValueHandler.handleWriteChunk(KeyValueHandler.java:683)
	at org.apache.hadoop.ozone.container.keyvalue.KeyValueHandler.dispatchRequest(KeyValueHandler.java:206)
	at org.apache.hadoop.ozone.container.keyvalue.KeyValueHandler.handle(KeyValueHandler.java:170)
	at org.apache.hadoop.ozone.container.common.impl.HddsDispatcher.dispatchRequest(HddsDispatcher.java:307)
	at org.apache.hadoop.ozone.container.common.impl.HddsDispatcher.lambda$dispatch$0(HddsDispatcher.java:169)
	at org.apache.hadoop.hdds.server.OzoneProtocolMessageDispatcher.processRequest(OzoneProtocolMessageDispatcher.java:87)
	at org.apache.hadoop.ozone.container.common.impl.HddsDispatcher.dispatch(HddsDispatcher.java:168)
	at org.apache.hadoop.ozone.container.common.transport.server.ratis.ContainerStateMachine.dispatchCommand(ContainerStateMachine.java:398)
	at org.apache.hadoop.ozone.container.common.transport.server.ratis.ContainerStateMachine.runCommand(ContainerStateMachine.java:408)
	at org.apache.hadoop.ozone.container.common.transport.server.ratis.ContainerStateMachine.lambda$handleWriteChunk$1(ContainerStateMachine.java:439)
	at java.util.concurrent.CompletableFuture$AsyncSupply.run(CompletableFuture.java:1604)
	at java.util.concurrent.ThreadPoolExecutor.runWorker(ThreadPoolExecutor.java:1149)
	at java.util.concurrent.ThreadPoolExecutor$Worker.run(ThreadPoolExecutor.java:624)
	at java.lang.Thread.run(Thread.java:748)
19:54:40.554 [ChunkWriter-0-0] ERROR DNAudit - user=null | ip=null | op=WRITE_CHUNK {blockData=conID: 17 locID: 107544261427200021 bcsId: 153} | ret=FAILURE
java.lang.Exception: Requested operation not allowed as ContainerState is UNHEALTHY
	at org.apache.hadoop.ozone.container.common.impl.HddsDispatcher.dispatchRequest(HddsDispatcher.java:368) ~[hdds-container-service-1.2.0-SNAPSHOT.jar:?]
	at org.apache.hadoop.ozone.container.common.impl.HddsDispatcher.lambda$dispatch$0(HddsDispatcher.java:169) ~[hdds-container-service-1.2.0-SNAPSHOT.jar:?]
	at org.apache.hadoop.hdds.server.OzoneProtocolMessageDispatcher.processRequest(OzoneProtocolMessageDispatcher.java:87) ~[hdds-server-framework-1.2.0-SNAPSHOT.jar:?]
	at org.apache.hadoop.ozone.container.common.impl.HddsDispatcher.dispatch(HddsDispatcher.java:168) ~[hdds-container-service-1.2.0-SNAPSHOT.jar:?]
	at org.apache.hadoop.ozone.container.common.transport.server.ratis.ContainerStateMachine.dispatchCommand(ContainerStateMachine.java:398) ~[hdds-container-service-1.2.0-SNAPSHOT.jar:?]
	at org.apache.hadoop.ozone.container.common.transport.server.ratis.ContainerStateMachine.runCommand(ContainerStateMachine.java:408) ~[hdds-container-service-1.2.0-SNAPSHOT.jar:?]
	at org.apache.hadoop.ozone.container.common.transport.server.ratis.ContainerStateMachine.lambda$handleWriteChunk$1(ContainerStateMachine.java:439) ~[hdds-container-service-1.2.0-SNAPSHOT.jar:?]
	at java.util.concurrent.CompletableFuture$AsyncSupply.run(CompletableFuture.java:1604) [?:1.8.0_292]
	at java.util.concurrent.ThreadPoolExecutor.runWorker(ThreadPoolExecutor.java:1149) [?:1.8.0_292]
	at java.util.concurrent.ThreadPoolExecutor$Worker.run(ThreadPoolExecutor.java:624) [?:1.8.0_292]
	at java.lang.Thread.run(Thread.java:748) [?:1.8.0_292]
2021-08-03 19:54:40,554 [ChunkWriter-0-0] ERROR ratis.ContainerStateMachine (ContainerStateMachine.java:lambda$handleWriteChunk$2(467)) - group-124FECE5C74C: writeChunk writeStateMachineData failed: blockIdcontainerID: 17
localID: 107544261427200021
blockCommitSequenceId: 153
 logIndex 156 chunkName 107544261427200021_chunk_3 Error message: Requested operation not allowed as ContainerState is UNHEALTHY Container Result: CONTAINER_UNHEALTHY
2021-08-03 19:54:40,556 [pool-172-thread-4] ERROR ratis.XceiverServerRatis (XceiverServerRatis.java:triggerPipelineClose(672)) - pipeline Action CLOSE on pipeline PipelineID=d7e156cf-e347-48b9-928e-124fece5c74c.Reason : Ratis Transaction failure in datanode e33d21b5-8dde-4667-90e1-c87016f9a424 with role FOLLOWER .Triggering pipeline close action.
2021-08-03 19:54:40,556 [pool-172-thread-9] INFO  keyvalue.KeyValueHandler (ContainerUtils.java:logAndReturnError(89)) - Operation: PutBlock , Trace ID:  , Message: Requested operation not allowed as ContainerState is UNHEALTHY , Result: CONTAINER_UNHEALTHY , StorageContainerException Occurred.
org.apache.hadoop.hdds.scm.container.common.helpers.StorageContainerException: Requested operation not allowed as ContainerState is UNHEALTHY
	at org.apache.hadoop.ozone.container.keyvalue.KeyValueHandler.checkContainerOpen(KeyValueHandler.java:894)
	at org.apache.hadoop.ozone.container.keyvalue.KeyValueHandler.handlePutBlock(KeyValueHandler.java:425)
	at org.apache.hadoop.ozone.container.keyvalue.KeyValueHandler.dispatchRequest(KeyValueHandler.java:194)
	at org.apache.hadoop.ozone.container.keyvalue.KeyValueHandler.handle(KeyValueHandler.java:170)
	at org.apache.hadoop.ozone.container.common.impl.HddsDispatcher.dispatchRequest(HddsDispatcher.java:307)
	at org.apache.hadoop.ozone.container.common.impl.HddsDispatcher.lambda$dispatch$0(HddsDispatcher.java:169)
	at org.apache.hadoop.hdds.server.OzoneProtocolMessageDispatcher.processRequest(OzoneProtocolMessageDispatcher.java:87)
	at org.apache.hadoop.ozone.container.common.impl.HddsDispatcher.dispatch(HddsDispatcher.java:168)
	at org.apache.hadoop.ozone.container.common.transport.server.ratis.ContainerStateMachine.dispatchCommand(ContainerStateMachine.java:398)
	at org.apache.hadoop.ozone.container.common.transport.server.ratis.ContainerStateMachine.runCommand(ContainerStateMachine.java:408)
	at org.apache.hadoop.ozone.container.common.transport.server.ratis.ContainerStateMachine.lambda$submitTask$6(ContainerStateMachine.java:722)
	at org.apache.ratis.util.TaskQueue.lambda$submit$0(TaskQueue.java:110)
	at org.apache.ratis.util.LogUtils.runAndLog(LogUtils.java:38)
	at org.apache.ratis.util.LogUtils$1.run(LogUtils.java:79)
	at java.util.concurrent.Executors$RunnableAdapter.call(Executors.java:511)
	at java.util.concurrent.FutureTask.run(FutureTask.java:266)
	at java.util.concurrent.ThreadPoolExecutor.runWorker(ThreadPoolExecutor.java:1149)
	at java.util.concurrent.ThreadPoolExecutor$Worker.run(ThreadPoolExecutor.java:624)
	at java.lang.Thread.run(Thread.java:748)
19:54:40.557 [pool-172-thread-9] ERROR DNAudit - user=null | ip=null | op=PUT_BLOCK {blockData=[blockId=conID: 17 locID: 107544261427200021 bcsId: 0, size=2097152]} | ret=FAILURE
java.lang.Exception: Requested operation not allowed as ContainerState is UNHEALTHY
	at org.apache.hadoop.ozone.container.common.impl.HddsDispatcher.dispatchRequest(HddsDispatcher.java:368) ~[hdds-container-service-1.2.0-SNAPSHOT.jar:?]
	at org.apache.hadoop.ozone.container.common.impl.HddsDispatcher.lambda$dispatch$0(HddsDispatcher.java:169) ~[hdds-container-service-1.2.0-SNAPSHOT.jar:?]
	at org.apache.hadoop.hdds.server.OzoneProtocolMessageDispatcher.processRequest(OzoneProtocolMessageDispatcher.java:87) ~[hdds-server-framework-1.2.0-SNAPSHOT.jar:?]
	at org.apache.hadoop.ozone.container.common.impl.HddsDispatcher.dispatch(HddsDispatcher.java:168) ~[hdds-container-service-1.2.0-SNAPSHOT.jar:?]
	at org.apache.hadoop.ozone.container.common.transport.server.ratis.ContainerStateMachine.dispatchCommand(ContainerStateMachine.java:398) ~[hdds-container-service-1.2.0-SNAPSHOT.jar:?]
	at org.apache.hadoop.ozone.container.common.transport.server.ratis.ContainerStateMachine.runCommand(ContainerStateMachine.java:408) ~[hdds-container-service-1.2.0-SNAPSHOT.jar:?]
	at org.apache.hadoop.ozone.container.common.transport.server.ratis.ContainerStateMachine.lambda$submitTask$6(ContainerStateMachine.java:722) ~[hdds-container-service-1.2.0-SNAPSHOT.jar:?]
	at org.apache.ratis.util.TaskQueue.lambda$submit$0(TaskQueue.java:110) ~[ratis-common-2.1.0.jar:2.1.0]
	at org.apache.ratis.util.LogUtils.runAndLog(LogUtils.java:38) [ratis-common-2.1.0.jar:2.1.0]
	at org.apache.ratis.util.LogUtils$1.run(LogUtils.java:79) [ratis-common-2.1.0.jar:2.1.0]
	at java.util.concurrent.Executors$RunnableAdapter.call(Executors.java:511) [?:1.8.0_292]
	at java.util.concurrent.FutureTask.run(FutureTask.java:266) [?:1.8.0_292]
	at java.util.concurrent.ThreadPoolExecutor.runWorker(ThreadPoolExecutor.java:1149) [?:1.8.0_292]
	at java.util.concurrent.ThreadPoolExecutor$Worker.run(ThreadPoolExecutor.java:624) [?:1.8.0_292]
	at java.lang.Thread.run(Thread.java:748) [?:1.8.0_292]
2021-08-03 19:54:40,557 [pool-172-thread-9] ERROR ratis.ContainerStateMachine (ContainerStateMachine.java:lambda$applyTransaction$8(794)) - gid group-124FECE5C74C : ApplyTransaction failed. cmd PutBlock logIndex 153 msg : Requested operation not allowed as ContainerState is UNHEALTHY Container Result: CONTAINER_UNHEALTHY
2021-08-03 19:54:40,557 [pool-172-thread-9] ERROR ratis.XceiverServerRatis (XceiverServerRatis.java:triggerPipelineClose(672)) - pipeline Action CLOSE on pipeline PipelineID=d7e156cf-e347-48b9-928e-124fece5c74c.Reason : Ratis Transaction failure in datanode e33d21b5-8dde-4667-90e1-c87016f9a424 with role FOLLOWER .Triggering pipeline close action.
2021-08-03 19:54:40,557 [Datanode State Machine Thread - 0] WARN  statemachine.StateContext (StateContext.java:execute(621)) - No available thread in pool for past 1 seconds.
2021-08-03 19:54:40,559 [e33d21b5-8dde-4667-90e1-c87016f9a424@group-124FECE5C74C-SegmentedRaftLogWorker] ERROR ratis.XceiverServerRatis (XceiverServerRatis.java:triggerPipelineClose(672)) - pipeline Action CLOSE on pipeline PipelineID=d7e156cf-e347-48b9-928e-124fece5c74c.Reason : Requested operation not allowed as ContainerState is UNHEALTHY
2021-08-03 19:54:40,559 [ChunkWriter-0-0] INFO  keyvalue.KeyValueHandler (ContainerUtils.java:logAndReturnError(89)) - Operation: WriteChunk , Trace ID:  , Message: java.io.IOException: No space left on device , Result: IO_EXCEPTION , StorageContainerException Occurred.
org.apache.hadoop.hdds.scm.container.common.helpers.StorageContainerException: java.io.IOException: No space left on device
	at org.apache.hadoop.ozone.container.keyvalue.helpers.ChunkUtils.wrapInStorageContainerException(ChunkUtils.java:357)
	at org.apache.hadoop.ozone.container.keyvalue.helpers.ChunkUtils.writeData(ChunkUtils.java:128)
	at org.apache.hadoop.ozone.container.keyvalue.helpers.ChunkUtils.writeData(ChunkUtils.java:112)
	at org.apache.hadoop.ozone.container.keyvalue.impl.FilePerBlockStrategy.writeChunk(FilePerBlockStrategy.java:138)
	at org.apache.hadoop.ozone.container.keyvalue.impl.ChunkManagerDispatcher.writeChunk(ChunkManagerDispatcher.java:74)
	at org.apache.hadoop.ozone.container.keyvalue.KeyValueHandler.handleWriteChunk(KeyValueHandler.java:703)
	at org.apache.hadoop.ozone.container.keyvalue.KeyValueHandler.dispatchRequest(KeyValueHandler.java:206)
	at org.apache.hadoop.ozone.container.keyvalue.KeyValueHandler.handle(KeyValueHandler.java:170)
	at org.apache.hadoop.ozone.container.common.impl.HddsDispatcher.dispatchRequest(HddsDispatcher.java:307)
	at org.apache.hadoop.ozone.container.common.impl.HddsDispatcher.lambda$dispatch$0(HddsDispatcher.java:169)
	at org.apache.hadoop.hdds.server.OzoneProtocolMessageDispatcher.processRequest(OzoneProtocolMessageDispatcher.java:87)
	at org.apache.hadoop.ozone.container.common.impl.HddsDispatcher.dispatch(HddsDispatcher.java:168)
	at org.apache.hadoop.ozone.container.common.transport.server.ratis.ContainerStateMachine.dispatchCommand(ContainerStateMachine.java:398)
	at org.apache.hadoop.ozone.container.common.transport.server.ratis.ContainerStateMachine.runCommand(ContainerStateMachine.java:408)
	at org.apache.hadoop.ozone.container.common.transport.server.ratis.ContainerStateMachine.lambda$handleWriteChunk$1(ContainerStateMachine.java:439)
	at java.util.concurrent.CompletableFuture$AsyncSupply.run(CompletableFuture.java:1604)
	at java.util.concurrent.ThreadPoolExecutor.runWorker(ThreadPoolExecutor.java:1149)
	at java.util.concurrent.ThreadPoolExecutor$Worker.run(ThreadPoolExecutor.java:624)
	at java.lang.Thread.run(Thread.java:748)
Caused by: java.io.IOException: No space left on device
	at sun.nio.ch.FileDispatcherImpl.writev0(Native Method)
	at sun.nio.ch.FileDispatcherImpl.writev(FileDispatcherImpl.java:72)
	at sun.nio.ch.IOUtil.write(IOUtil.java:148)
	at sun.nio.ch.FileChannelImpl.write(FileChannelImpl.java:239)
	at java.nio.channels.FileChannel.write(FileChannel.java:414)
	at org.apache.hadoop.ozone.common.ChunkBufferImplWithByteBufferList.writeTo(ChunkBufferImplWithByteBufferList.java:213)
	at org.apache.hadoop.ozone.container.keyvalue.helpers.ChunkUtils.writeDataToChannel(ChunkUtils.java:168)
	at org.apache.hadoop.ozone.container.keyvalue.helpers.ChunkUtils.lambda$writeData$1(ChunkUtils.java:113)
	at org.apache.hadoop.ozone.container.keyvalue.helpers.ChunkUtils.writeData(ChunkUtils.java:125)
	... 17 more
2021-08-03 19:54:40,561 [Datanode State Machine Thread - 0] WARN  statemachine.StateContext (StateContext.java:execute(621)) - No available thread in pool for past 1 seconds.
2021-08-03 19:54:40,584 [EventQueue-CloseContainerForCloseContainerEventHandler] INFO  container.CloseContainerEventHandler (CloseContainerEventHandler.java:onMessage(69)) - Close container Event triggered for container : #17
2021-08-03 19:54:40,585 [pool-170-thread-4] ERROR ratis.XceiverServerRatis (XceiverServerRatis.java:triggerPipelineClose(672)) - pipeline Action CLOSE on pipeline PipelineID=d7e156cf-e347-48b9-928e-124fece5c74c.Reason : Ratis Transaction failure in datanode e5a3b37d-24b2-4af8-aafc-994fdc7f98a4 with role FOLLOWER .Triggering pipeline close action.
2021-08-03 19:54:40,585 [pool-170-thread-4] INFO  keyvalue.KeyValueHandler (ContainerUtils.java:logAndReturnError(89)) - Operation: PutBlock , Trace ID:  , Message: Requested operation not allowed as ContainerState is UNHEALTHY , Result: CONTAINER_UNHEALTHY , StorageContainerException Occurred.
org.apache.hadoop.hdds.scm.container.common.helpers.StorageContainerException: Requested operation not allowed as ContainerState is UNHEALTHY
	at org.apache.hadoop.ozone.container.keyvalue.KeyValueHandler.checkContainerOpen(KeyValueHandler.java:894)
	at org.apache.hadoop.ozone.container.keyvalue.KeyValueHandler.handlePutBlock(KeyValueHandler.java:425)
	at org.apache.hadoop.ozone.container.keyvalue.KeyValueHandler.dispatchRequest(KeyValueHandler.java:194)
	at org.apache.hadoop.ozone.container.keyvalue.KeyValueHandler.handle(KeyValueHandler.java:170)
	at org.apache.hadoop.ozone.container.common.impl.HddsDispatcher.dispatchRequest(HddsDispatcher.java:307)
	at org.apache.hadoop.ozone.container.common.impl.HddsDispatcher.lambda$dispatch$0(HddsDispatcher.java:169)
	at org.apache.hadoop.hdds.server.OzoneProtocolMessageDispatcher.processRequest(OzoneProtocolMessageDispatcher.java:87)
	at org.apache.hadoop.ozone.container.common.impl.HddsDispatcher.dispatch(HddsDispatcher.java:168)
	at org.apache.hadoop.ozone.container.common.transport.server.ratis.ContainerStateMachine.dispatchCommand(ContainerStateMachine.java:398)
	at org.apache.hadoop.ozone.container.common.transport.server.ratis.ContainerStateMachine.runCommand(ContainerStateMachine.java:408)
	at org.apache.hadoop.ozone.container.common.transport.server.ratis.ContainerStateMachine.lambda$submitTask$6(ContainerStateMachine.java:722)
	at org.apache.ratis.util.TaskQueue.lambda$submit$0(TaskQueue.java:110)
	at org.apache.ratis.util.LogUtils.runAndLog(LogUtils.java:38)
	at org.apache.ratis.util.LogUtils$1.run(LogUtils.java:79)
	at java.util.concurrent.Executors$RunnableAdapter.call(Executors.java:511)
	at java.util.concurrent.FutureTask.run(FutureTask.java:266)
	at java.util.concurrent.ThreadPoolExecutor.runWorker(ThreadPoolExecutor.java:1149)
	at java.util.concurrent.ThreadPoolExecutor$Worker.run(ThreadPoolExecutor.java:624)
	at java.lang.Thread.run(Thread.java:748)
19:54:40.587 [pool-170-thread-4] ERROR DNAudit - user=null | ip=null | op=PUT_BLOCK {blockData=[blockId=conID: 17 locID: 107544261427200021 bcsId: 0, size=2097152]} | ret=FAILURE
java.lang.Exception: Requested operation not allowed as ContainerState is UNHEALTHY
	at org.apache.hadoop.ozone.container.common.impl.HddsDispatcher.dispatchRequest(HddsDispatcher.java:368) ~[hdds-container-service-1.2.0-SNAPSHOT.jar:?]
	at org.apache.hadoop.ozone.container.common.impl.HddsDispatcher.lambda$dispatch$0(HddsDispatcher.java:169) ~[hdds-container-service-1.2.0-SNAPSHOT.jar:?]
	at org.apache.hadoop.hdds.server.OzoneProtocolMessageDispatcher.processRequest(OzoneProtocolMessageDispatcher.java:87) ~[hdds-server-framework-1.2.0-SNAPSHOT.jar:?]
	at org.apache.hadoop.ozone.container.common.impl.HddsDispatcher.dispatch(HddsDispatcher.java:168) ~[hdds-container-service-1.2.0-SNAPSHOT.jar:?]
	at org.apache.hadoop.ozone.container.common.transport.server.ratis.ContainerStateMachine.dispatchCommand(ContainerStateMachine.java:398) ~[hdds-container-service-1.2.0-SNAPSHOT.jar:?]
	at org.apache.hadoop.ozone.container.common.transport.server.ratis.ContainerStateMachine.runCommand(ContainerStateMachine.java:408) ~[hdds-container-service-1.2.0-SNAPSHOT.jar:?]
	at org.apache.hadoop.ozone.container.common.transport.server.ratis.ContainerStateMachine.lambda$submitTask$6(ContainerStateMachine.java:722) ~[hdds-container-service-1.2.0-SNAPSHOT.jar:?]
	at org.apache.ratis.util.TaskQueue.lambda$submit$0(TaskQueue.java:110) ~[ratis-common-2.1.0.jar:2.1.0]
	at org.apache.ratis.util.LogUtils.runAndLog(LogUtils.java:38) [ratis-common-2.1.0.jar:2.1.0]
	at org.apache.ratis.util.LogUtils$1.run(LogUtils.java:79) [ratis-common-2.1.0.jar:2.1.0]
	at java.util.concurrent.Executors$RunnableAdapter.call(Executors.java:511) [?:1.8.0_292]
	at java.util.concurrent.FutureTask.run(FutureTask.java:266) [?:1.8.0_292]
	at java.util.concurrent.ThreadPoolExecutor.runWorker(ThreadPoolExecutor.java:1149) [?:1.8.0_292]
	at java.util.concurrent.ThreadPoolExecutor$Worker.run(ThreadPoolExecutor.java:624) [?:1.8.0_292]
	at java.lang.Thread.run(Thread.java:748) [?:1.8.0_292]
2021-08-03 19:54:40,587 [pool-170-thread-4] ERROR ratis.ContainerStateMachine (ContainerStateMachine.java:lambda$applyTransaction$8(794)) - gid group-124FECE5C74C : ApplyTransaction failed. cmd PutBlock logIndex 153 msg : Requested operation not allowed as ContainerState is UNHEALTHY Container Result: CONTAINER_UNHEALTHY
2021-08-03 19:54:40,587 [pool-170-thread-4] ERROR ratis.XceiverServerRatis (XceiverServerRatis.java:triggerPipelineClose(672)) - pipeline Action CLOSE on pipeline PipelineID=d7e156cf-e347-48b9-928e-124fece5c74c.Reason : Ratis Transaction failure in datanode e5a3b37d-24b2-4af8-aafc-994fdc7f98a4 with role FOLLOWER .Triggering pipeline close action.
2021-08-03 19:54:40,586 [Datanode State Machine Thread - 0] WARN  statemachine.StateContext (StateContext.java:execute(621)) - No available thread in pool for past 1 seconds.
2021-08-03 19:54:40,586 [Datanode State Machine Thread - 0] WARN  statemachine.StateContext (StateContext.java:execute(621)) - No available thread in pool for past 1 seconds.
2021-08-03 19:54:40,585 [ChunkWriter-0-0] ERROR ratis.ContainerStateMachine (ContainerStateMachine.java:lambda$handleWriteChunk$1(441)) - group-124FECE5C74C: writeChunk writeStateMachineData failed: blockIdcontainerID: 17
localID: 107544261427200021
blockCommitSequenceId: 153
 logIndex 156 chunkName 107544261427200021_chunk_3
org.yaml.snakeyaml.error.YAMLException: java.io.IOException: No space left on device
	at org.yaml.snakeyaml.Yaml.dumpAll(Yaml.java:280)
	at org.yaml.snakeyaml.Yaml.dump(Yaml.java:256)
	at org.apache.hadoop.ozone.container.common.impl.ContainerDataYaml.createContainerFile(ContainerDataYaml.java:96)
	at org.apache.hadoop.ozone.container.keyvalue.KeyValueContainer.writeToContainerFile(KeyValueContainer.java:220)
	at org.apache.hadoop.ozone.container.keyvalue.KeyValueContainer.updateContainerFile(KeyValueContainer.java:255)
	at org.apache.hadoop.ozone.container.keyvalue.KeyValueContainer.updateContainerData(KeyValueContainer.java:366)
	at org.apache.hadoop.ozone.container.keyvalue.KeyValueContainer.markContainerUnhealthy(KeyValueContainer.java:297)
	at org.apache.hadoop.ozone.container.keyvalue.KeyValueHandler.markContainerUnhealthy(KeyValueHandler.java:947)
	at org.apache.hadoop.ozone.container.common.impl.HddsDispatcher.dispatchRequest(HddsDispatcher.java:350)
	at org.apache.hadoop.ozone.container.common.impl.HddsDispatcher.lambda$dispatch$0(HddsDispatcher.java:169)
	at org.apache.hadoop.hdds.server.OzoneProtocolMessageDispatcher.processRequest(OzoneProtocolMessageDispatcher.java:87)
	at org.apache.hadoop.ozone.container.common.impl.HddsDispatcher.dispatch(HddsDispatcher.java:168)
	at org.apache.hadoop.ozone.container.common.transport.server.ratis.ContainerStateMachine.dispatchCommand(ContainerStateMachine.java:398)
	at org.apache.hadoop.ozone.container.common.transport.server.ratis.ContainerStateMachine.runCommand(ContainerStateMachine.java:408)
	at org.apache.hadoop.ozone.container.common.transport.server.ratis.ContainerStateMachine.lambda$handleWriteChunk$1(ContainerStateMachine.java:439)
	at java.util.concurrent.CompletableFuture$AsyncSupply.run(CompletableFuture.java:1604)
	at java.util.concurrent.ThreadPoolExecutor.runWorker(ThreadPoolExecutor.java:1149)
	at java.util.concurrent.ThreadPoolExecutor$Worker.run(ThreadPoolExecutor.java:624)
	at java.lang.Thread.run(Thread.java:748)
Caused by: java.io.IOException: No space left on device
	at java.io.FileOutputStream.writeBytes(Native Method)
	at java.io.FileOutputStream.write(FileOutputStream.java:326)
	at sun.nio.cs.StreamEncoder.writeBytes(StreamEncoder.java:221)
	at sun.nio.cs.StreamEncoder.implFlushBuffer(StreamEncoder.java:291)
	at sun.nio.cs.StreamEncoder.implFlush(StreamEncoder.java:295)
	at sun.nio.cs.StreamEncoder.flush(StreamEncoder.java:141)
	at java.io.OutputStreamWriter.flush(OutputStreamWriter.java:229)
	at org.yaml.snakeyaml.emitter.Emitter.flushStream(Emitter.java:1078)
	at org.yaml.snakeyaml.emitter.Emitter$ExpectDocumentEnd.expect(Emitter.java:368)
	at org.yaml.snakeyaml.emitter.Emitter.emit(Emitter.java:220)
	at org.yaml.snakeyaml.serializer.Serializer.serialize(Serializer.java:115)
	at org.yaml.snakeyaml.Yaml.dumpAll(Yaml.java:276)
	... 18 more
2021-08-03 19:54:40,586 [e5a3b37d-24b2-4af8-aafc-994fdc7f98a4@group-124FECE5C74C-SegmentedRaftLogWorker] ERROR ratis.XceiverServerRatis (XceiverServerRatis.java:triggerPipelineClose(672)) - pipeline Action CLOSE on pipeline PipelineID=d7e156cf-e347-48b9-928e-124fece5c74c.Reason : Requested operation not allowed as ContainerState is UNHEALTHY
2021-08-03 19:54:40,609 [EventQueue-CloseContainerForCloseContainerEventHandler] INFO  container.CloseContainerEventHandler (CloseContainerEventHandler.java:onMessage(69)) - Close container Event triggered for container : #17
2021-08-03 19:54:40,611 [EventQueue-CloseContainerForCloseContainerEventHandler] INFO  container.CloseContainerEventHandler (CloseContainerEventHandler.java:onMessage(69)) - Close container Event triggered for container : #17
2021-08-03 19:54:40,616 [EventQueue-PipelineActionsForPipelineActionHandler] INFO  pipeline.PipelineActionHandler (PipelineActionHandler.java:processPipelineAction(82)) - Received pipeline action CLOSE for PipelineID=d7e156cf-e347-48b9-928e-124fece5c74c from datanode e33d21b5-8dde-4667-90e1-c87016f9a424. Reason : Ratis Transaction failure in datanode e33d21b5-8dde-4667-90e1-c87016f9a424 with role FOLLOWER .Triggering pipeline close action.
2021-08-03 19:54:40,617 [EventQueue-PipelineActionsForPipelineActionHandler] INFO  pipeline.PipelineManagerV2Impl (PipelineManagerV2Impl.java:closePipeline(343)) - Pipeline Pipeline[ Id: d7e156cf-e347-48b9-928e-124fece5c74c, Nodes: e33d21b5-8dde-4667-90e1-c87016f9a424{ip: 10.1.0.40, host: fv-az395-928.zfmzfyrfkyou3ow0tsr0jxwq1e.bx.internal.cloudapp.net, ports: [REPLICATION=39783, RATIS=43341, RATIS_ADMIN=43341, RATIS_SERVER=43341, STANDALONE=38463], networkLocation: /default-rack, certSerialId: null, persistedOpState: IN_SERVICE, persistedOpStateExpiryEpochSec: 0}e5a3b37d-24b2-4af8-aafc-994fdc7f98a4{ip: 10.1.0.40, host: fv-az395-928.zfmzfyrfkyou3ow0tsr0jxwq1e.bx.internal.cloudapp.net, ports: [REPLICATION=36629, RATIS=41449, RATIS_ADMIN=41449, RATIS_SERVER=41449, STANDALONE=43631], networkLocation: /default-rack, certSerialId: null, persistedOpState: IN_SERVICE, persistedOpStateExpiryEpochSec: 0}bb0cca69-238a-4190-9ea7-d53ce9a05415{ip: 10.1.0.40, host: fv-az395-928.zfmzfyrfkyou3ow0tsr0jxwq1e.bx.internal.cloudapp.net, ports: [REPLICATION=45167, RATIS=36611, RATIS_ADMIN=36611, RATIS_SERVER=36611, STANDALONE=36759], networkLocation: /default-rack, certSerialId: null, persistedOpState: IN_SERVICE, persistedOpStateExpiryEpochSec: 0}, ReplicationConfig: RATIS/THREE, State:OPEN, leaderId:bb0cca69-238a-4190-9ea7-d53ce9a05415, CreationTimestamp2021-08-03T19:54:00.442Z[Etc/UTC]] moved to CLOSED state
2021-08-03 19:54:40,618 [EventQueue-CloseContainerForCloseContainerEventHandler] INFO  container.CloseContainerEventHandler (CloseContainerEventHandler.java:onMessage(69)) - Close container Event triggered for container : #4
2021-08-03 19:54:40,620 [EventQueue-PipelineActionsForPipelineActionHandler] INFO  pipeline.RatisPipelineProvider (RatisPipelineProvider.java:lambda$close$1(222)) - Send pipeline:PipelineID=d7e156cf-e347-48b9-928e-124fece5c74c close command to datanode e33d21b5-8dde-4667-90e1-c87016f9a424
2021-08-03 19:54:40,620 [EventQueue-PipelineActionsForPipelineActionHandler] INFO  pipeline.RatisPipelineProvider (RatisPipelineProvider.java:lambda$close$1(222)) - Send pipeline:PipelineID=d7e156cf-e347-48b9-928e-124fece5c74c close command to datanode e5a3b37d-24b2-4af8-aafc-994fdc7f98a4
2021-08-03 19:54:40,620 [EventQueue-PipelineActionsForPipelineActionHandler] INFO  pipeline.RatisPipelineProvider (RatisPipelineProvider.java:lambda$close$1(222)) - Send pipeline:PipelineID=d7e156cf-e347-48b9-928e-124fece5c74c close command to datanode bb0cca69-238a-4190-9ea7-d53ce9a05415
2021-08-03 19:54:40,621 [EventQueue-PipelineActionsForPipelineActionHandler] INFO  pipeline.PipelineStateManager (PipelineStateManagerV2Impl.java:removePipeline(211)) - Pipeline Pipeline[ Id: d7e156cf-e347-48b9-928e-124fece5c74c, Nodes: e33d21b5-8dde-4667-90e1-c87016f9a424{ip: 10.1.0.40, host: fv-az395-928.zfmzfyrfkyou3ow0tsr0jxwq1e.bx.internal.cloudapp.net, ports: [REPLICATION=39783, RATIS=43341, RATIS_ADMIN=43341, RATIS_SERVER=43341, STANDALONE=38463], networkLocation: /default-rack, certSerialId: null, persistedOpState: IN_SERVICE, persistedOpStateExpiryEpochSec: 0}e5a3b37d-24b2-4af8-aafc-994fdc7f98a4{ip: 10.1.0.40, host: fv-az395-928.zfmzfyrfkyou3ow0tsr0jxwq1e.bx.internal.cloudapp.net, ports: [REPLICATION=36629, RATIS=41449, RATIS_ADMIN=41449, RATIS_SERVER=41449, STANDALONE=43631], networkLocation: /default-rack, certSerialId: null, persistedOpState: IN_SERVICE, persistedOpStateExpiryEpochSec: 0}bb0cca69-238a-4190-9ea7-d53ce9a05415{ip: 10.1.0.40, host: fv-az395-928.zfmzfyrfkyou3ow0tsr0jxwq1e.bx.internal.cloudapp.net, ports: [REPLICATION=45167, RATIS=36611, RATIS_ADMIN=36611, RATIS_SERVER=36611, STANDALONE=36759], networkLocation: /default-rack, certSerialId: null, persistedOpState: IN_SERVICE, persistedOpStateExpiryEpochSec: 0}, ReplicationConfig: RATIS/THREE, State:CLOSED, leaderId:bb0cca69-238a-4190-9ea7-d53ce9a05415, CreationTimestamp2021-08-03T19:54:00.442Z[Etc/UTC]] removed.
2021-08-03 19:54:40,621 [EventQueue-PipelineActionsForPipelineActionHandler] INFO  pipeline.PipelineActionHandler (PipelineActionHandler.java:processPipelineAction(82)) - Received pipeline action CLOSE for PipelineID=d7e156cf-e347-48b9-928e-124fece5c74c from datanode e5a3b37d-24b2-4af8-aafc-994fdc7f98a4. Reason : Requested operation not allowed as ContainerState is UNHEALTHY
2021-08-03 19:54:40,621 [EventQueue-PipelineActionsForPipelineActionHandler] WARN  pipeline.PipelineActionHandler (PipelineActionHandler.java:processPipelineAction(93)) - Pipeline action CLOSE received for unknown pipeline PipelineID=d7e156cf-e347-48b9-928e-124fece5c74c, firing close pipeline event.
2021-08-03 19:54:40,621 [EventQueue-PipelineActionsForPipelineActionHandler] INFO  pipeline.PipelineActionHandler (PipelineActionHandler.java:processPipelineAction(82)) - Received pipeline action CLOSE for PipelineID=d7e156cf-e347-48b9-928e-124fece5c74c from datanode e33d21b5-8dde-4667-90e1-c87016f9a424. Reason : Requested operation not allowed as ContainerState is UNHEALTHY
2021-08-03 19:54:40,621 [EventQueue-PipelineActionsForPipelineActionHandler] WARN  pipeline.PipelineActionHandler (PipelineActionHandler.java:processPipelineAction(93)) - Pipeline action CLOSE received for unknown pipeline PipelineID=d7e156cf-e347-48b9-928e-124fece5c74c, firing close pipeline event.
2021-08-03 19:54:40,621 [EventQueue-PipelineActionsForPipelineActionHandler] INFO  pipeline.PipelineActionHandler (PipelineActionHandler.java:processPipelineAction(82)) - Received pipeline action CLOSE for PipelineID=d7e156cf-e347-48b9-928e-124fece5c74c from datanode e5a3b37d-24b2-4af8-aafc-994fdc7f98a4. Reason : Ratis Transaction failure in datanode e5a3b37d-24b2-4af8-aafc-994fdc7f98a4 with role FOLLOWER .Triggering pipeline close action.
2021-08-03 19:54:40,622 [EventQueue-PipelineActionsForPipelineActionHandler] WARN  pipeline.PipelineActionHandler (PipelineActionHandler.java:processPipelineAction(93)) - Pipeline action CLOSE received for unknown pipeline PipelineID=d7e156cf-e347-48b9-928e-124fece5c74c, firing close pipeline event.
2021-08-03 19:54:40,628 [Datanode State Machine Thread - 0] WARN  statemachine.StateContext (StateContext.java:execute(621)) - No available thread in pool for past 1 seconds.
2021-08-03 19:54:40,629 [bb0cca69-238a-4190-9ea7-d53ce9a05415@group-124FECE5C74C-SegmentedRaftLogWorker] ERROR ratis.XceiverServerRatis (XceiverServerRatis.java:triggerPipelineClose(672)) - pipeline Action CLOSE on pipeline PipelineID=d7e156cf-e347-48b9-928e-124fece5c74c.Reason : org.yaml.snakeyaml.error.YAMLException: java.io.IOException: No space left on device
2021-08-03 19:54:40,629 [Datanode State Machine Thread - 0] WARN  statemachine.StateContext (StateContext.java:execute(621)) - No available thread in pool for past 1 seconds.
2021-08-03 19:54:40,630 [bb0cca69-238a-4190-9ea7-d53ce9a05415@group-124FECE5C74C-SegmentedRaftLogWorker] ERROR ratis.XceiverServerRatis (XceiverServerRatis.java:triggerPipelineClose(672)) - pipeline Action CLOSE on pipeline PipelineID=d7e156cf-e347-48b9-928e-124fece5c74c.Reason : Log already failed at index 156 for task WriteLog:156: (t:2, i:156), STATEMACHINELOGENTRY, cmdType: WriteChunk traceID: "" containerID: 17 datanodeUuid: "e33d21b5-8dde-4667-90e1-c87016f9a424" pipelineID: "d7e156cf-e347-48b9-928e-124fece5c74c" writeChunk { blockID { containerID: 17 localID: 107544261427200021 blockCommitSequenceId: 153 } chunkData { chunkName: "107544261427200021_chunk_3" offset: 2097152 len: 1048576 checksumData { type: NONE bytesPerChecksum: 1048576 } } }, container path=/home/runner/work/ozone/ozone/mnt/ozone/hadoop-ozone/integration-test/target/test-dir/MiniOzoneClusterImpl-29d3cb00-9776-42f4-a7ce-c6b30411a1f9/datanode-2/data-0/containers/hdds/29d3cb00-9776-42f4-a7ce-c6b30411a1f9/current/containerDir0/17
2021-08-03 19:54:40,630 [Datanode State Machine Thread - 0] WARN  statemachine.StateContext (StateContext.java:execute(621)) - No available thread in pool for past 1 seconds.
2021-08-03 19:54:40,635 [EventQueue-PipelineActionsForPipelineActionHandler] INFO  pipeline.PipelineActionHandler (PipelineActionHandler.java:processPipelineAction(82)) - Received pipeline action CLOSE for PipelineID=d7e156cf-e347-48b9-928e-124fece5c74c from datanode e33d21b5-8dde-4667-90e1-c87016f9a424. Reason : Log already failed at index 156 for task WriteLog:156: (t:2, i:156), STATEMACHINELOGENTRY, cmdType: WriteChunk traceID: "" containerID: 17 datanodeUuid: "e33d21b5-8dde-4667-90e1-c87016f9a424" pipelineID: "d7e156cf-e347-48b9-928e-124fece5c74c" writeChunk { blockID { containerID: 17 localID: 107544261427200021 blockCommitSequenceId: 153 } chunkData { chunkName: "107544261427200021_chunk_3" offset: 2097152 len: 1048576 checksumData { type: NONE bytesPerChecksum: 1048576 } } }, container path=/home/runner/work/ozone/ozone/mnt/ozone/hadoop-ozone/integration-test/target/test-dir/MiniOzoneClusterImpl-29d3cb00-9776-42f4-a7ce-c6b30411a1f9/datanode-1/data-0/containers/hdds/29d3cb00-9776-42f4-a7ce-c6b30411a1f9/current/containerDir0/17
2021-08-03 19:54:40,635 [EventQueue-PipelineActionsForPipelineActionHandler] WARN  pipeline.PipelineActionHandler (PipelineActionHandler.java:processPipelineAction(93)) - Pipeline action CLOSE received for unknown pipeline PipelineID=d7e156cf-e347-48b9-928e-124fece5c74c, firing close pipeline event.
2021-08-03 19:54:40,635 [EventQueue-PipelineActionsForPipelineActionHandler] INFO  pipeline.PipelineActionHandler (PipelineActionHandler.java:processPipelineAction(82)) - Received pipeline action CLOSE for PipelineID=d7e156cf-e347-48b9-928e-124fece5c74c from datanode bb0cca69-238a-4190-9ea7-d53ce9a05415. Reason : org.yaml.snakeyaml.error.YAMLException: java.io.IOException: No space left on device
2021-08-03 19:54:40,635 [EventQueue-PipelineActionsForPipelineActionHandler] WARN  pipeline.PipelineActionHandler (PipelineActionHandler.java:processPipelineAction(93)) - Pipeline action CLOSE received for unknown pipeline PipelineID=d7e156cf-e347-48b9-928e-124fece5c74c, firing close pipeline event.
2021-08-03 19:54:40,635 [EventQueue-PipelineActionsForPipelineActionHandler] INFO  pipeline.PipelineActionHandler (PipelineActionHandler.java:processPipelineAction(82)) - Received pipeline action CLOSE for PipelineID=d7e156cf-e347-48b9-928e-124fece5c74c from datanode bb0cca69-238a-4190-9ea7-d53ce9a05415. Reason : Log already failed at index 156 for task WriteLog:156: (t:2, i:156), STATEMACHINELOGENTRY, cmdType: WriteChunk traceID: "" containerID: 17 datanodeUuid: "e33d21b5-8dde-4667-90e1-c87016f9a424" pipelineID: "d7e156cf-e347-48b9-928e-124fece5c74c" writeChunk { blockID { containerID: 17 localID: 107544261427200021 blockCommitSequenceId: 153 } chunkData { chunkName: "107544261427200021_chunk_3" offset: 2097152 len: 1048576 checksumData { type: NONE bytesPerChecksum: 1048576 } } }, container path=/home/runner/work/ozone/ozone/mnt/ozone/hadoop-ozone/integration-test/target/test-dir/MiniOzoneClusterImpl-29d3cb00-9776-42f4-a7ce-c6b30411a1f9/datanode-2/data-0/containers/hdds/29d3cb00-9776-42f4-a7ce-c6b30411a1f9/current/containerDir0/17
2021-08-03 19:54:40,635 [EventQueue-PipelineActionsForPipelineActionHandler] WARN  pipeline.PipelineActionHandler (PipelineActionHandler.java:processPipelineAction(93)) - Pipeline action CLOSE received for unknown pipeline PipelineID=d7e156cf-e347-48b9-928e-124fece5c74c, firing close pipeline event.
2021-08-03 19:54:40,635 [e5a3b37d-24b2-4af8-aafc-994fdc7f98a4@group-124FECE5C74C-SegmentedRaftLogWorker] ERROR ratis.XceiverServerRatis (XceiverServerRatis.java:triggerPipelineClose(672)) - pipeline Action CLOSE on pipeline PipelineID=d7e156cf-e347-48b9-928e-124fece5c74c.Reason : Log already failed at index 156 for task WriteLog:156: (t:2, i:156), STATEMACHINELOGENTRY, cmdType: WriteChunk traceID: "" containerID: 17 datanodeUuid: "e33d21b5-8dde-4667-90e1-c87016f9a424" pipelineID: "d7e156cf-e347-48b9-928e-124fece5c74c" writeChunk { blockID { containerID: 17 localID: 107544261427200021 blockCommitSequenceId: 153 } chunkData { chunkName: "107544261427200021_chunk_3" offset: 2097152 len: 1048576 checksumData { type: NONE bytesPerChecksum: 1048576 } } }, container path=/home/runner/work/ozone/ozone/mnt/ozone/hadoop-ozone/integration-test/target/test-dir/MiniOzoneClusterImpl-29d3cb00-9776-42f4-a7ce-c6b30411a1f9/datanode-0/data-0/containers/hdds/29d3cb00-9776-42f4-a7ce-c6b30411a1f9/current/containerDir0/17
2021-08-03 19:54:40,638 [EventQueue-PipelineActionsForPipelineActionHandler] INFO  pipeline.PipelineActionHandler (PipelineActionHandler.java:processPipelineAction(82)) - Received pipeline action CLOSE for PipelineID=d7e156cf-e347-48b9-928e-124fece5c74c from datanode e5a3b37d-24b2-4af8-aafc-994fdc7f98a4. Reason : Log already failed at index 156 for task WriteLog:156: (t:2, i:156), STATEMACHINELOGENTRY, cmdType: WriteChunk traceID: "" containerID: 17 datanodeUuid: "e33d21b5-8dde-4667-90e1-c87016f9a424" pipelineID: "d7e156cf-e347-48b9-928e-124fece5c74c" writeChunk { blockID { containerID: 17 localID: 107544261427200021 blockCommitSequenceId: 153 } chunkData { chunkName: "107544261427200021_chunk_3" offset: 2097152 len: 1048576 checksumData { type: NONE bytesPerChecksum: 1048576 } } }, container path=/home/runner/work/ozone/ozone/mnt/ozone/hadoop-ozone/integration-test/target/test-dir/MiniOzoneClusterImpl-29d3cb00-9776-42f4-a7ce-c6b30411a1f9/datanode-0/data-0/containers/hdds/29d3cb00-9776-42f4-a7ce-c6b30411a1f9/current/containerDir0/17
2021-08-03 19:54:40,639 [EventQueue-PipelineActionsForPipelineActionHandler] WARN  pipeline.PipelineActionHandler (PipelineActionHandler.java:processPipelineAction(93)) - Pipeline action CLOSE received for unknown pipeline PipelineID=d7e156cf-e347-48b9-928e-124fece5c74c, firing close pipeline event.
2021-08-03 19:54:40,641 [e33d21b5-8dde-4667-90e1-c87016f9a424@group-124FECE5C74C-SegmentedRaftLogWorker] ERROR ratis.XceiverServerRatis (XceiverServerRatis.java:triggerPipelineClose(672)) - pipeline Action CLOSE on pipeline PipelineID=d7e156cf-e347-48b9-928e-124fece5c74c.Reason : Log already failed at index 156 for task WriteLog:156: (t:2, i:156), STATEMACHINELOGENTRY, cmdType: WriteChunk traceID: "" containerID: 17 datanodeUuid: "e33d21b5-8dde-4667-90e1-c87016f9a424" pipelineID: "d7e156cf-e347-48b9-928e-124fece5c74c" writeChunk { blockID { containerID: 17 localID: 107544261427200021 blockCommitSequenceId: 153 } chunkData { chunkName: "107544261427200021_chunk_3" offset: 2097152 len: 1048576 checksumData { type: NONE bytesPerChecksum: 1048576 } } }, container path=/home/runner/work/ozone/ozone/mnt/ozone/hadoop-ozone/integration-test/target/test-dir/MiniOzoneClusterImpl-29d3cb00-9776-42f4-a7ce-c6b30411a1f9/datanode-1/data-0/containers/hdds/29d3cb00-9776-42f4-a7ce-c6b30411a1f9/current/containerDir0/17
2021-08-03 19:54:40,991 [Command processor thread] ERROR statemachine.DatanodeStateMachine (DatanodeStateMachine.java:lambda$getCommandHandlerThread$3(584)) - Critical Error : Command processor thread encountered an error. Thread: Thread[Command processor thread,5,main]
org.yaml.snakeyaml.error.YAMLException: java.io.IOException: No space left on device
	at org.yaml.snakeyaml.Yaml.dumpAll(Yaml.java:280)
	at org.yaml.snakeyaml.Yaml.dump(Yaml.java:256)
	at org.apache.hadoop.ozone.container.common.impl.ContainerDataYaml.createContainerFile(ContainerDataYaml.java:96)
	at org.apache.hadoop.ozone.container.keyvalue.KeyValueContainer.writeToContainerFile(KeyValueContainer.java:220)
	at org.apache.hadoop.ozone.container.keyvalue.KeyValueContainer.updateContainerFile(KeyValueContainer.java:255)
	at org.apache.hadoop.ozone.container.keyvalue.KeyValueContainer.updateContainerData(KeyValueContainer.java:366)
	at org.apache.hadoop.ozone.container.keyvalue.KeyValueContainer.markContainerForClose(KeyValueContainer.java:286)
	at org.apache.hadoop.ozone.container.keyvalue.KeyValueHandler.markContainerForClose(KeyValueHandler.java:932)
	at org.apache.hadoop.ozone.container.ozoneimpl.ContainerController.markContainerForClose(ContainerController.java:84)
	at org.apache.hadoop.ozone.container.common.statemachine.commandhandler.CloseContainerCommandHandler.handle(CloseContainerCommandHandler.java:91)
	at org.apache.hadoop.ozone.container.common.statemachine.commandhandler.CommandDispatcher.handle(CommandDispatcher.java:99)
	at org.apache.hadoop.ozone.container.common.statemachine.DatanodeStateMachine.lambda$initCommandHandlerThread$2(DatanodeStateMachine.java:555)
	at java.lang.Thread.run(Thread.java:748)
Caused by: java.io.IOException: No space left on device
	at java.io.FileOutputStream.writeBytes(Native Method)
	at java.io.FileOutputStream.write(FileOutputStream.java:326)
	at sun.nio.cs.StreamEncoder.writeBytes(StreamEncoder.java:221)
	at sun.nio.cs.StreamEncoder.implFlushBuffer(StreamEncoder.java:291)
	at sun.nio.cs.StreamEncoder.implFlush(StreamEncoder.java:295)
	at sun.nio.cs.StreamEncoder.flush(StreamEncoder.java:141)
	at java.io.OutputStreamWriter.flush(OutputStreamWriter.java:229)
	at org.yaml.snakeyaml.emitter.Emitter.flushStream(Emitter.java:1078)
	at org.yaml.snakeyaml.emitter.Emitter$ExpectDocumentEnd.expect(Emitter.java:368)
	at org.yaml.snakeyaml.emitter.Emitter.emit(Emitter.java:220)
	at org.yaml.snakeyaml.serializer.Serializer.serialize(Serializer.java:115)
	at org.yaml.snakeyaml.Yaml.dumpAll(Yaml.java:276)
	... 12 more
2021-08-03 19:54:40,992 [Command processor thread] ERROR statemachine.DatanodeStateMachine (DatanodeStateMachine.java:lambda$getCommandHandlerThread$3(584)) - Critical Error : Command processor thread encountered an error. Thread: Thread[Command processor thread,5,main]
org.yaml.snakeyaml.error.YAMLException: java.io.IOException: No space left on device
	at org.yaml.snakeyaml.Yaml.dumpAll(Yaml.java:280)
	at org.yaml.snakeyaml.Yaml.dump(Yaml.java:256)
	at org.apache.hadoop.ozone.container.common.impl.ContainerDataYaml.createContainerFile(ContainerDataYaml.java:96)
	at org.apache.hadoop.ozone.container.keyvalue.KeyValueContainer.writeToContainerFile(KeyValueContainer.java:220)
	at org.apache.hadoop.ozone.container.keyvalue.KeyValueContainer.updateContainerFile(KeyValueContainer.java:255)
	at org.apache.hadoop.ozone.container.keyvalue.KeyValueContainer.updateContainerData(KeyValueContainer.java:366)
	at org.apache.hadoop.ozone.container.keyvalue.KeyValueContainer.markContainerForClose(KeyValueContainer.java:286)
	at org.apache.hadoop.ozone.container.keyvalue.KeyValueHandler.markContainerForClose(KeyValueHandler.java:932)
	at org.apache.hadoop.ozone.container.ozoneimpl.ContainerController.markContainerForClose(ContainerController.java:84)
	at org.apache.hadoop.ozone.container.common.statemachine.commandhandler.CloseContainerCommandHandler.handle(CloseContainerCommandHandler.java:91)
	at org.apache.hadoop.ozone.container.common.statemachine.commandhandler.CommandDispatcher.handle(CommandDispatcher.java:99)
	at org.apache.hadoop.ozone.container.common.statemachine.DatanodeStateMachine.lambda$initCommandHandlerThread$2(DatanodeStateMachine.java:555)
	at java.lang.Thread.run(Thread.java:748)
Caused by: java.io.IOException: No space left on device
	at java.io.FileOutputStream.writeBytes(Native Method)
	at java.io.FileOutputStream.write(FileOutputStream.java:326)
	at sun.nio.cs.StreamEncoder.writeBytes(StreamEncoder.java:221)
	at sun.nio.cs.StreamEncoder.implFlushBuffer(StreamEncoder.java:291)
	at sun.nio.cs.StreamEncoder.implFlush(StreamEncoder.java:295)
	at sun.nio.cs.StreamEncoder.flush(StreamEncoder.java:141)
	at java.io.OutputStreamWriter.flush(OutputStreamWriter.java:229)
	at org.yaml.snakeyaml.emitter.Emitter.flushStream(Emitter.java:1078)
	at org.yaml.snakeyaml.emitter.Emitter$ExpectDocumentEnd.expect(Emitter.java:368)
	at org.yaml.snakeyaml.emitter.Emitter.emit(Emitter.java:220)
	at org.yaml.snakeyaml.serializer.Serializer.serialize(Serializer.java:115)
	at org.yaml.snakeyaml.Yaml.dumpAll(Yaml.java:276)
	... 12 more
2021-08-03 19:54:40,994 [Command processor thread] INFO  server.RaftServer (RaftServerProxy.java:remove(106)) - e5a3b37d-24b2-4af8-aafc-994fdc7f98a4: remove  FOLLOWER e5a3b37d-24b2-4af8-aafc-994fdc7f98a4@group-124FECE5C74C:t2, leader=bb0cca69-238a-4190-9ea7-d53ce9a05415, voted=bb0cca69-238a-4190-9ea7-d53ce9a05415, raftlog=e5a3b37d-24b2-4af8-aafc-994fdc7f98a4@group-124FECE5C74C-SegmentedRaftLog:OPENED:c153,f155,i157, conf=0: [e5a3b37d-24b2-4af8-aafc-994fdc7f98a4|rpc:10.1.0.40:41449|dataStream:|priority:0, bb0cca69-238a-4190-9ea7-d53ce9a05415|rpc:10.1.0.40:36611|dataStream:|priority:1, e33d21b5-8dde-4667-90e1-c87016f9a424|rpc:10.1.0.40:43341|dataStream:|priority:0], old=null RUNNING
2021-08-03 19:54:40,995 [Command processor thread] INFO  server.RaftServer (RaftServerProxy.java:remove(106)) - e33d21b5-8dde-4667-90e1-c87016f9a424: remove  FOLLOWER e33d21b5-8dde-4667-90e1-c87016f9a424@group-124FECE5C74C:t2, leader=bb0cca69-238a-4190-9ea7-d53ce9a05415, voted=bb0cca69-238a-4190-9ea7-d53ce9a05415, raftlog=e33d21b5-8dde-4667-90e1-c87016f9a424@group-124FECE5C74C-SegmentedRaftLog:OPENED:c153,f155,i157, conf=0: [e5a3b37d-24b2-4af8-aafc-994fdc7f98a4|rpc:10.1.0.40:41449|dataStream:|priority:0, bb0cca69-238a-4190-9ea7-d53ce9a05415|rpc:10.1.0.40:36611|dataStream:|priority:1, e33d21b5-8dde-4667-90e1-c87016f9a424|rpc:10.1.0.40:43341|dataStream:|priority:0], old=null RUNNING
2021-08-03 19:54:40,998 [Command processor thread] INFO  server.RaftServer$Division (RaftServerImpl.java:lambda$close$4(407)) - e33d21b5-8dde-4667-90e1-c87016f9a424@group-124FECE5C74C: shutdown
2021-08-03 19:54:40,999 [Command processor thread] INFO  util.JmxRegister (JmxRegister.java:unregister(73)) - Successfully un-registered JMX Bean with object name Ratis:service=RaftServer,group=group-124FECE5C74C,id=e33d21b5-8dde-4667-90e1-c87016f9a424
2021-08-03 19:54:40,999 [Command processor thread] INFO  impl.RoleInfo (RoleInfo.java:shutdownFollowerState(108)) - e33d21b5-8dde-4667-90e1-c87016f9a424: shutdown e33d21b5-8dde-4667-90e1-c87016f9a424@group-124FECE5C74C-FollowerState
2021-08-03 19:54:40,999 [Command processor thread] INFO  server.RaftServer$Division (RaftServerImpl.java:lambda$close$4(407)) - e5a3b37d-24b2-4af8-aafc-994fdc7f98a4@group-124FECE5C74C: shutdown
2021-08-03 19:54:40,999 [e33d21b5-8dde-4667-90e1-c87016f9a424@group-124FECE5C74C-FollowerState] INFO  impl.FollowerState (FollowerState.java:run(143)) - e33d21b5-8dde-4667-90e1-c87016f9a424@group-124FECE5C74C-FollowerState was interrupted: {}
java.lang.InterruptedException: sleep interrupted
	at java.lang.Thread.sleep(Native Method)
	at java.lang.Thread.sleep(Thread.java:340)
	at java.util.concurrent.TimeUnit.sleep(TimeUnit.java:386)
	at org.apache.ratis.util.TimeDuration.sleep(TimeDuration.java:324)
	at org.apache.ratis.util.TimeDuration.sleep(TimeDuration.java:309)
	at org.apache.ratis.server.impl.FollowerState.run(FollowerState.java:118)
2021-08-03 19:54:41,000 [e33d21b5-8dde-4667-90e1-c87016f9a424@group-124FECE5C74C-StateMachineUpdater] ERROR ratis.ContainerStateMachine (ContainerStateMachine.java:takeSnapshot(285)) - Failed to take snapshot  for group-124FECE5C74C as the stateMachine is unhealthy. The last applied index is at (t:2, i:150)
2021-08-03 19:54:41,000 [e33d21b5-8dde-4667-90e1-c87016f9a424@group-124FECE5C74C-StateMachineUpdater] ERROR impl.StateMachineUpdater (StateMachineUpdater.java:takeSnapshot(276)) - e33d21b5-8dde-4667-90e1-c87016f9a424@group-124FECE5C74C-StateMachineUpdater: Failed to take snapshot
org.apache.ratis.protocol.exceptions.StateMachineException: Failed to take snapshot  for group-124FECE5C74C as the stateMachine is unhealthy. The last applied index is at (t:2, i:150)
	at org.apache.hadoop.ozone.container.common.transport.server.ratis.ContainerStateMachine.takeSnapshot(ContainerStateMachine.java:284)
	at org.apache.ratis.server.impl.StateMachineUpdater.takeSnapshot(StateMachineUpdater.java:265)
	at org.apache.ratis.server.impl.StateMachineUpdater.checkAndTakeSnapshot(StateMachineUpdater.java:257)
	at org.apache.ratis.server.impl.StateMachineUpdater.run(StateMachineUpdater.java:180)
	at java.lang.Thread.run(Thread.java:748)
2021-08-03 19:54:41,000 [e33d21b5-8dde-4667-90e1-c87016f9a424@group-124FECE5C74C-StateMachineUpdater] ERROR ratis.ContainerStateMachine (ContainerStateMachine.java:takeSnapshot(285)) - Failed to take snapshot  for group-124FECE5C74C as the stateMachine is unhealthy. The last applied index is at (t:2, i:150)
2021-08-03 19:54:41,000 [e33d21b5-8dde-4667-90e1-c87016f9a424@group-124FECE5C74C-StateMachineUpdater] ERROR impl.StateMachineUpdater (StateMachineUpdater.java:takeSnapshot(276)) - e33d21b5-8dde-4667-90e1-c87016f9a424@group-124FECE5C74C-StateMachineUpdater: Failed to take snapshot
org.apache.ratis.protocol.exceptions.StateMachineException: Failed to take snapshot  for group-124FECE5C74C as the stateMachine is unhealthy. The last applied index is at (t:2, i:150)
	at org.apache.hadoop.ozone.container.common.transport.server.ratis.ContainerStateMachine.takeSnapshot(ContainerStateMachine.java:284)
	at org.apache.ratis.server.impl.StateMachineUpdater.takeSnapshot(StateMachineUpdater.java:265)
	at org.apache.ratis.server.impl.StateMachineUpdater.checkAndTakeSnapshot(StateMachineUpdater.java:257)
	at org.apache.ratis.server.impl.StateMachineUpdater.run(StateMachineUpdater.java:183)
	at java.lang.Thread.run(Thread.java:748)
2021-08-03 19:54:41,000 [Command processor thread] INFO  util.JmxRegister (JmxRegister.java:unregister(73)) - Successfully un-registered JMX Bean with object name Ratis:service=RaftServer,group=group-124FECE5C74C,id=e5a3b37d-24b2-4af8-aafc-994fdc7f98a4
2021-08-03 19:54:41,005 [Command processor thread] INFO  impl.RoleInfo (RoleInfo.java:shutdownFollowerState(108)) - e5a3b37d-24b2-4af8-aafc-994fdc7f98a4: shutdown e5a3b37d-24b2-4af8-aafc-994fdc7f98a4@group-124FECE5C74C-FollowerState
2021-08-03 19:54:41,006 [e5a3b37d-24b2-4af8-aafc-994fdc7f98a4@group-124FECE5C74C-FollowerState] INFO  impl.FollowerState (FollowerState.java:run(143)) - e5a3b37d-24b2-4af8-aafc-994fdc7f98a4@group-124FECE5C74C-FollowerState was interrupted: {}
java.lang.InterruptedException: sleep interrupted
	at java.lang.Thread.sleep(Native Method)
	at java.lang.Thread.sleep(Thread.java:340)
	at java.util.concurrent.TimeUnit.sleep(TimeUnit.java:386)
	at org.apache.ratis.util.TimeDuration.sleep(TimeDuration.java:324)
	at org.apache.ratis.util.TimeDuration.sleep(TimeDuration.java:309)
	at org.apache.ratis.server.impl.FollowerState.run(FollowerState.java:118)
2021-08-03 19:54:41,009 [e5a3b37d-24b2-4af8-aafc-994fdc7f98a4@group-124FECE5C74C-StateMachineUpdater] ERROR ratis.ContainerStateMachine (ContainerStateMachine.java:takeSnapshot(285)) - Failed to take snapshot  for group-124FECE5C74C as the stateMachine is unhealthy. The last applied index is at (t:2, i:150)
2021-08-03 19:54:41,009 [e5a3b37d-24b2-4af8-aafc-994fdc7f98a4@group-124FECE5C74C-StateMachineUpdater] ERROR impl.StateMachineUpdater (StateMachineUpdater.java:takeSnapshot(276)) - e5a3b37d-24b2-4af8-aafc-994fdc7f98a4@group-124FECE5C74C-StateMachineUpdater: Failed to take snapshot
org.apache.ratis.protocol.exceptions.StateMachineException: Failed to take snapshot  for group-124FECE5C74C as the stateMachine is unhealthy. The last applied index is at (t:2, i:150)
	at org.apache.hadoop.ozone.container.common.transport.server.ratis.ContainerStateMachine.takeSnapshot(ContainerStateMachine.java:284)
	at org.apache.ratis.server.impl.StateMachineUpdater.takeSnapshot(StateMachineUpdater.java:265)
	at org.apache.ratis.server.impl.StateMachineUpdater.checkAndTakeSnapshot(StateMachineUpdater.java:257)
	at org.apache.ratis.server.impl.StateMachineUpdater.run(StateMachineUpdater.java:180)
	at java.lang.Thread.run(Thread.java:748)
2021-08-03 19:54:41,010 [e5a3b37d-24b2-4af8-aafc-994fdc7f98a4@group-124FECE5C74C-StateMachineUpdater] ERROR ratis.ContainerStateMachine (ContainerStateMachine.java:takeSnapshot(285)) - Failed to take snapshot  for group-124FECE5C74C as the stateMachine is unhealthy. The last applied index is at (t:2, i:150)
2021-08-03 19:54:41,010 [e5a3b37d-24b2-4af8-aafc-994fdc7f98a4@group-124FECE5C74C-StateMachineUpdater] ERROR impl.StateMachineUpdater (StateMachineUpdater.java:takeSnapshot(276)) - e5a3b37d-24b2-4af8-aafc-994fdc7f98a4@group-124FECE5C74C-StateMachineUpdater: Failed to take snapshot
org.apache.ratis.protocol.exceptions.StateMachineException: Failed to take snapshot  for group-124FECE5C74C as the stateMachine is unhealthy. The last applied index is at (t:2, i:150)
	at org.apache.hadoop.ozone.container.common.transport.server.ratis.ContainerStateMachine.takeSnapshot(ContainerStateMachine.java:284)
	at org.apache.ratis.server.impl.StateMachineUpdater.takeSnapshot(StateMachineUpdater.java:265)
	at org.apache.ratis.server.impl.StateMachineUpdater.checkAndTakeSnapshot(StateMachineUpdater.java:257)
	at org.apache.ratis.server.impl.StateMachineUpdater.run(StateMachineUpdater.java:183)
	at java.lang.Thread.run(Thread.java:748)
2021-08-03 19:54:41,010 [Command processor thread] INFO  impl.StateMachineUpdater (StateMachineUpdater.java:stopAndJoin(149)) - e33d21b5-8dde-4667-90e1-c87016f9a424@group-124FECE5C74C-StateMachineUpdater: set stopIndex = 153
2021-08-03 19:54:41,010 [Command processor thread] INFO  server.RaftServer$Division (ServerState.java:close(419)) - e33d21b5-8dde-4667-90e1-c87016f9a424@group-124FECE5C74C: closes. applyIndex: 150
2021-08-03 19:54:41,005 [Command processor thread] INFO  impl.StateMachineUpdater (StateMachineUpdater.java:stopAndJoin(149)) - e5a3b37d-24b2-4af8-aafc-994fdc7f98a4@group-124FECE5C74C-StateMachineUpdater: set stopIndex = 153
2021-08-03 19:54:41,011 [Command processor thread] INFO  server.RaftServer$Division (ServerState.java:close(419)) - e5a3b37d-24b2-4af8-aafc-994fdc7f98a4@group-124FECE5C74C: closes. applyIndex: 150
2021-08-03 19:54:41,012 [e5a3b37d-24b2-4af8-aafc-994fdc7f98a4@group-124FECE5C74C-SegmentedRaftLogWorker] INFO  segmented.SegmentedRaftLogWorker (SegmentedRaftLogWorker.java:run(327)) - e5a3b37d-24b2-4af8-aafc-994fdc7f98a4@group-124FECE5C74C-SegmentedRaftLogWorker was interrupted, exiting. There are 0 tasks remaining in the queue.
2021-08-03 19:54:41,013 [Command processor thread] INFO  segmented.SegmentedRaftLogWorker (SegmentedRaftLogWorker.java:close(237)) - e5a3b37d-24b2-4af8-aafc-994fdc7f98a4@group-124FECE5C74C-SegmentedRaftLogWorker close()
2021-08-03 19:54:41,018 [e33d21b5-8dde-4667-90e1-c87016f9a424@group-124FECE5C74C-SegmentedRaftLogWorker] INFO  segmented.SegmentedRaftLogWorker (SegmentedRaftLogWorker.java:run(327)) - e33d21b5-8dde-4667-90e1-c87016f9a424@group-124FECE5C74C-SegmentedRaftLogWorker was interrupted, exiting. There are 0 tasks remaining in the queue.
2021-08-03 19:54:41,018 [Command processor thread] INFO  segmented.SegmentedRaftLogWorker (SegmentedRaftLogWorker.java:close(237)) - e33d21b5-8dde-4667-90e1-c87016f9a424@group-124FECE5C74C-SegmentedRaftLogWorker close()
2021-08-03 19:54:41,020 [Command processor thread] INFO  keyvalue.KeyValueContainer (KeyValueContainer.java:flushAndSyncDB(397)) - Container 4 is synced with bcsId 91.
2021-08-03 19:54:41,020 [Command processor thread] INFO  keyvalue.KeyValueContainer (KeyValueContainer.java:flushAndSyncDB(397)) - Container 4 is synced with bcsId 91.
2021-08-03 19:54:41,024 [Command processor thread] ERROR commandhandler.ClosePipelineCommandHandler (ClosePipelineCommandHandler.java:handle(78)) - Can't close pipeline PipelineID=d7e156cf-e347-48b9-928e-124fece5c74c
java.io.IOException: org.yaml.snakeyaml.error.YAMLException: java.io.IOException: No space left on device
	at org.apache.hadoop.ozone.container.common.transport.server.ratis.XceiverServerRatis.removeGroup(XceiverServerRatis.java:777)
	at org.apache.hadoop.ozone.container.common.statemachine.commandhandler.ClosePipelineCommandHandler.handle(ClosePipelineCommandHandler.java:74)
	at org.apache.hadoop.ozone.container.common.statemachine.commandhandler.CommandDispatcher.handle(CommandDispatcher.java:99)
	at org.apache.hadoop.ozone.container.common.statemachine.DatanodeStateMachine.lambda$initCommandHandlerThread$2(DatanodeStateMachine.java:555)
	at java.lang.Thread.run(Thread.java:748)
Caused by: java.io.IOException: org.yaml.snakeyaml.error.YAMLException: java.io.IOException: No space left on device
	at org.apache.ratis.util.IOUtils.asIOException(IOUtils.java:56)
	at org.apache.ratis.server.impl.RaftServerImpl.waitForReply(RaftServerImpl.java:898)
	at org.apache.ratis.server.impl.RaftServerProxy.groupManagement(RaftServerProxy.java:440)
	at org.apache.hadoop.ozone.container.common.transport.server.ratis.XceiverServerRatis.removeGroup(XceiverServerRatis.java:775)
	... 4 more
Caused by: org.yaml.snakeyaml.error.YAMLException: java.io.IOException: No space left on device
	at org.yaml.snakeyaml.Yaml.dumpAll(Yaml.java:280)
	at org.yaml.snakeyaml.Yaml.dump(Yaml.java:256)
	at org.apache.hadoop.ozone.container.common.impl.ContainerDataYaml.createContainerFile(ContainerDataYaml.java:96)
	at org.apache.hadoop.ozone.container.keyvalue.KeyValueContainer.writeToContainerFile(KeyValueContainer.java:220)
	at org.apache.hadoop.ozone.container.keyvalue.KeyValueContainer.updateContainerFile(KeyValueContainer.java:255)
	at org.apache.hadoop.ozone.container.keyvalue.KeyValueContainer.updateContainerData(KeyValueContainer.java:366)
	at org.apache.hadoop.ozone.container.keyvalue.KeyValueContainer.quasiClose(KeyValueContainer.java:314)
	at org.apache.hadoop.ozone.container.keyvalue.KeyValueHandler.quasiCloseContainer(KeyValueHandler.java:982)
	at org.apache.hadoop.ozone.container.ozoneimpl.ContainerController.quasiCloseContainer(ContainerController.java:119)
	at org.apache.hadoop.ozone.container.common.transport.server.ratis.ContainerStateMachine.notifyGroupRemove(ContainerStateMachine.java:902)
	at org.apache.ratis.server.impl.RaftServerImpl.groupRemove(RaftServerImpl.java:372)
	at org.apache.ratis.server.impl.RaftServerProxy.lambda$groupRemoveAsync$14(RaftServerProxy.java:507)
	at java.util.concurrent.CompletableFuture.uniApply(CompletableFuture.java:616)
	at java.util.concurrent.CompletableFuture.uniApplyStage(CompletableFuture.java:628)
	at java.util.concurrent.CompletableFuture.thenApply(CompletableFuture.java:1996)
	at org.apache.ratis.server.impl.RaftServerProxy.groupRemoveAsync(RaftServerProxy.java:506)
	at org.apache.ratis.server.impl.RaftServerProxy.groupManagementAsync(RaftServerProxy.java:460)
	... 6 more
Caused by: java.io.IOException: No space left on device
	at java.io.FileOutputStream.writeBytes(Native Method)
	at java.io.FileOutputStream.write(FileOutputStream.java:326)
	at sun.nio.cs.StreamEncoder.writeBytes(StreamEncoder.java:221)
	at sun.nio.cs.StreamEncoder.implFlushBuffer(StreamEncoder.java:291)
	at sun.nio.cs.StreamEncoder.implFlush(StreamEncoder.java:295)
	at sun.nio.cs.StreamEncoder.flush(StreamEncoder.java:141)
	at java.io.OutputStreamWriter.flush(OutputStreamWriter.java:229)
	at org.yaml.snakeyaml.emitter.Emitter.flushStream(Emitter.java:1078)
	at org.yaml.snakeyaml.emitter.Emitter$ExpectDocumentEnd.expect(Emitter.java:368)
	at org.yaml.snakeyaml.emitter.Emitter.emit(Emitter.java:220)
	at org.yaml.snakeyaml.serializer.Serializer.serialize(Serializer.java:115)
	at org.yaml.snakeyaml.Yaml.dumpAll(Yaml.java:276)
	... 22 more
2021-08-03 19:54:41,025 [Command processor thread] INFO  keyvalue.KeyValueContainer (KeyValueContainer.java:flushAndSyncDB(397)) - Container 4 is synced with bcsId 91.
2021-08-03 19:54:41,026 [Command processor thread] INFO  keyvalue.KeyValueContainer (KeyValueContainer.java:flushAndSyncDB(397)) - Container 4 is synced with bcsId 91.
2021-08-03 19:54:41,028 [Command processor thread] WARN  server.RaftServer (RaftServerProxy.java:remove(101)) - e5a3b37d-24b2-4af8-aafc-994fdc7f98a4: does not contain group: group-124FECE5C74C
2021-08-03 19:54:41,028 [Command processor thread] ERROR commandhandler.ClosePipelineCommandHandler (ClosePipelineCommandHandler.java:handle(78)) - Can't close pipeline PipelineID=d7e156cf-e347-48b9-928e-124fece5c74c
java.io.IOException: e5a3b37d-24b2-4af8-aafc-994fdc7f98a4: Group group-124FECE5C74C not found.
	at org.apache.hadoop.ozone.container.common.transport.server.ratis.XceiverServerRatis.removeGroup(XceiverServerRatis.java:777)
	at org.apache.hadoop.ozone.container.common.statemachine.commandhandler.ClosePipelineCommandHandler.handle(ClosePipelineCommandHandler.java:74)
	at org.apache.hadoop.ozone.container.common.statemachine.commandhandler.CommandDispatcher.handle(CommandDispatcher.java:99)
	at org.apache.hadoop.ozone.container.common.statemachine.DatanodeStateMachine.lambda$initCommandHandlerThread$2(DatanodeStateMachine.java:555)
	at java.lang.Thread.run(Thread.java:748)
Caused by: org.apache.ratis.protocol.exceptions.GroupMismatchException: e5a3b37d-24b2-4af8-aafc-994fdc7f98a4: Group group-124FECE5C74C not found.
	at org.apache.ratis.server.impl.RaftServerProxy.groupRemoveAsync(RaftServerProxy.java:504)
	at org.apache.ratis.server.impl.RaftServerProxy.groupManagementAsync(RaftServerProxy.java:460)
	at org.apache.ratis.server.impl.RaftServerProxy.groupManagement(RaftServerProxy.java:440)
	at org.apache.hadoop.ozone.container.common.transport.server.ratis.XceiverServerRatis.removeGroup(XceiverServerRatis.java:775)
	... 4 more
2021-08-03 19:54:41,028 [Command processor thread] WARN  server.RaftServer (RaftServerProxy.java:remove(101)) - e5a3b37d-24b2-4af8-aafc-994fdc7f98a4: does not contain group: group-124FECE5C74C
2021-08-03 19:54:41,028 [Command processor thread] ERROR commandhandler.ClosePipelineCommandHandler (ClosePipelineCommandHandler.java:handle(78)) - Can't close pipeline PipelineID=d7e156cf-e347-48b9-928e-124fece5c74c
java.io.IOException: e5a3b37d-24b2-4af8-aafc-994fdc7f98a4: Group group-124FECE5C74C not found.
	at org.apache.hadoop.ozone.container.common.transport.server.ratis.XceiverServerRatis.removeGroup(XceiverServerRatis.java:777)
	at org.apache.hadoop.ozone.container.common.statemachine.commandhandler.ClosePipelineCommandHandler.handle(ClosePipelineCommandHandler.java:74)
	at org.apache.hadoop.ozone.container.common.statemachine.commandhandler.CommandDispatcher.handle(CommandDispatcher.java:99)
	at org.apache.hadoop.ozone.container.common.statemachine.DatanodeStateMachine.lambda$initCommandHandlerThread$2(DatanodeStateMachine.java:555)
	at java.lang.Thread.run(Thread.java:748)
Caused by: org.apache.ratis.protocol.exceptions.GroupMismatchException: e5a3b37d-24b2-4af8-aafc-994fdc7f98a4: Group group-124FECE5C74C not found.
	at org.apache.ratis.server.impl.RaftServerProxy.groupRemoveAsync(RaftServerProxy.java:504)
	at org.apache.ratis.server.impl.RaftServerProxy.groupManagementAsync(RaftServerProxy.java:460)
	at org.apache.ratis.server.impl.RaftServerProxy.groupManagement(RaftServerProxy.java:440)
	at org.apache.hadoop.ozone.container.common.transport.server.ratis.XceiverServerRatis.removeGroup(XceiverServerRatis.java:775)
	... 4 more
2021-08-03 19:54:41,028 [Command processor thread] WARN  server.RaftServer (RaftServerProxy.java:remove(101)) - e5a3b37d-24b2-4af8-aafc-994fdc7f98a4: does not contain group: group-124FECE5C74C
2021-08-03 19:54:41,028 [Command processor thread] ERROR commandhandler.ClosePipelineCommandHandler (ClosePipelineCommandHandler.java:handle(78)) - Can't close pipeline PipelineID=d7e156cf-e347-48b9-928e-124fece5c74c
java.io.IOException: e5a3b37d-24b2-4af8-aafc-994fdc7f98a4: Group group-124FECE5C74C not found.
	at org.apache.hadoop.ozone.container.common.transport.server.ratis.XceiverServerRatis.removeGroup(XceiverServerRatis.java:777)
	at org.apache.hadoop.ozone.container.common.statemachine.commandhandler.ClosePipelineCommandHandler.handle(ClosePipelineCommandHandler.java:74)
	at org.apache.hadoop.ozone.container.common.statemachine.commandhandler.CommandDispatcher.handle(CommandDispatcher.java:99)
	at org.apache.hadoop.ozone.container.common.statemachine.DatanodeStateMachine.lambda$initCommandHandlerThread$2(DatanodeStateMachine.java:555)
	at java.lang.Thread.run(Thread.java:748)
Caused by: org.apache.ratis.protocol.exceptions.GroupMismatchException: e5a3b37d-24b2-4af8-aafc-994fdc7f98a4: Group group-124FECE5C74C not found.
	at org.apache.ratis.server.impl.RaftServerProxy.groupRemoveAsync(RaftServerProxy.java:504)
	at org.apache.ratis.server.impl.RaftServerProxy.groupManagementAsync(RaftServerProxy.java:460)
	at org.apache.ratis.server.impl.RaftServerProxy.groupManagement(RaftServerProxy.java:440)
	at org.apache.hadoop.ozone.container.common.transport.server.ratis.XceiverServerRatis.removeGroup(XceiverServerRatis.java:775)
	... 4 more
2021-08-03 19:54:41,031 [Command processor thread] ERROR commandhandler.ClosePipelineCommandHandler (ClosePipelineCommandHandler.java:handle(78)) - Can't close pipeline PipelineID=d7e156cf-e347-48b9-928e-124fece5c74c
java.io.IOException: org.yaml.snakeyaml.error.YAMLException: java.io.IOException: No space left on device
	at org.apache.hadoop.ozone.container.common.transport.server.ratis.XceiverServerRatis.removeGroup(XceiverServerRatis.java:777)
	at org.apache.hadoop.ozone.container.common.statemachine.commandhandler.ClosePipelineCommandHandler.handle(ClosePipelineCommandHandler.java:74)
	at org.apache.hadoop.ozone.container.common.statemachine.commandhandler.CommandDispatcher.handle(CommandDispatcher.java:99)
	at org.apache.hadoop.ozone.container.common.statemachine.DatanodeStateMachine.lambda$initCommandHandlerThread$2(DatanodeStateMachine.java:555)
	at java.lang.Thread.run(Thread.java:748)
Caused by: java.io.IOException: org.yaml.snakeyaml.error.YAMLException: java.io.IOException: No space left on device
	at org.apache.ratis.util.IOUtils.asIOException(IOUtils.java:56)
	at org.apache.ratis.server.impl.RaftServerImpl.waitForReply(RaftServerImpl.java:898)
	at org.apache.ratis.server.impl.RaftServerProxy.groupManagement(RaftServerProxy.java:440)
	at org.apache.hadoop.ozone.container.common.transport.server.ratis.XceiverServerRatis.removeGroup(XceiverServerRatis.java:775)
	... 4 more
Caused by: org.yaml.snakeyaml.error.YAMLException: java.io.IOException: No space left on device
	at org.yaml.snakeyaml.Yaml.dumpAll(Yaml.java:280)
	at org.yaml.snakeyaml.Yaml.dump(Yaml.java:256)
	at org.apache.hadoop.ozone.container.common.impl.ContainerDataYaml.createContainerFile(ContainerDataYaml.java:96)
	at org.apache.hadoop.ozone.container.keyvalue.KeyValueContainer.writeToContainerFile(KeyValueContainer.java:220)
	at org.apache.hadoop.ozone.container.keyvalue.KeyValueContainer.updateContainerFile(KeyValueContainer.java:255)
	at org.apache.hadoop.ozone.container.keyvalue.KeyValueContainer.updateContainerData(KeyValueContainer.java:366)
	at org.apache.hadoop.ozone.container.keyvalue.KeyValueContainer.quasiClose(KeyValueContainer.java:314)
	at org.apache.hadoop.ozone.container.keyvalue.KeyValueHandler.quasiCloseContainer(KeyValueHandler.java:982)
	at org.apache.hadoop.ozone.container.ozoneimpl.ContainerController.quasiCloseContainer(ContainerController.java:119)
	at org.apache.hadoop.ozone.container.common.transport.server.ratis.ContainerStateMachine.notifyGroupRemove(ContainerStateMachine.java:902)
	at org.apache.ratis.server.impl.RaftServerImpl.groupRemove(RaftServerImpl.java:372)
	at org.apache.ratis.server.impl.RaftServerProxy.lambda$groupRemoveAsync$14(RaftServerProxy.java:507)
	at java.util.concurrent.CompletableFuture.uniApply(CompletableFuture.java:616)
	at java.util.concurrent.CompletableFuture.uniApplyStage(CompletableFuture.java:628)
	at java.util.concurrent.CompletableFuture.thenApply(CompletableFuture.java:1996)
	at org.apache.ratis.server.impl.RaftServerProxy.groupRemoveAsync(RaftServerProxy.java:506)
	at org.apache.ratis.server.impl.RaftServerProxy.groupManagementAsync(RaftServerProxy.java:460)
	... 6 more
Caused by: java.io.IOException: No space left on device
	at java.io.FileOutputStream.writeBytes(Native Method)
	at java.io.FileOutputStream.write(FileOutputStream.java:326)
	at sun.nio.cs.StreamEncoder.writeBytes(StreamEncoder.java:221)
	at sun.nio.cs.StreamEncoder.implFlushBuffer(StreamEncoder.java:291)
	at sun.nio.cs.StreamEncoder.implFlush(StreamEncoder.java:295)
	at sun.nio.cs.StreamEncoder.flush(StreamEncoder.java:141)
	at java.io.OutputStreamWriter.flush(OutputStreamWriter.java:229)
	at org.yaml.snakeyaml.emitter.Emitter.flushStream(Emitter.java:1078)
	at org.yaml.snakeyaml.emitter.Emitter$ExpectDocumentEnd.expect(Emitter.java:368)
	at org.yaml.snakeyaml.emitter.Emitter.emit(Emitter.java:220)
	at org.yaml.snakeyaml.serializer.Serializer.serialize(Serializer.java:115)
	at org.yaml.snakeyaml.Yaml.dumpAll(Yaml.java:276)
	... 22 more
2021-08-03 19:54:41,033 [Command processor thread] WARN  server.RaftServer (RaftServerProxy.java:remove(101)) - e33d21b5-8dde-4667-90e1-c87016f9a424: does not contain group: group-124FECE5C74C
2021-08-03 19:54:41,034 [Command processor thread] ERROR commandhandler.ClosePipelineCommandHandler (ClosePipelineCommandHandler.java:handle(78)) - Can't close pipeline PipelineID=d7e156cf-e347-48b9-928e-124fece5c74c
java.io.IOException: e33d21b5-8dde-4667-90e1-c87016f9a424: Group group-124FECE5C74C not found.
	at org.apache.hadoop.ozone.container.common.transport.server.ratis.XceiverServerRatis.removeGroup(XceiverServerRatis.java:777)
	at org.apache.hadoop.ozone.container.common.statemachine.commandhandler.ClosePipelineCommandHandler.handle(ClosePipelineCommandHandler.java:74)
	at org.apache.hadoop.ozone.container.common.statemachine.commandhandler.CommandDispatcher.handle(CommandDispatcher.java:99)
	at org.apache.hadoop.ozone.container.common.statemachine.DatanodeStateMachine.lambda$initCommandHandlerThread$2(DatanodeStateMachine.java:555)
	at java.lang.Thread.run(Thread.java:748)
Caused by: org.apache.ratis.protocol.exceptions.GroupMismatchException: e33d21b5-8dde-4667-90e1-c87016f9a424: Group group-124FECE5C74C not found.
	at org.apache.ratis.server.impl.RaftServerProxy.groupRemoveAsync(RaftServerProxy.java:504)
	at org.apache.ratis.server.impl.RaftServerProxy.groupManagementAsync(RaftServerProxy.java:460)
	at org.apache.ratis.server.impl.RaftServerProxy.groupManagement(RaftServerProxy.java:440)
	at org.apache.hadoop.ozone.container.common.transport.server.ratis.XceiverServerRatis.removeGroup(XceiverServerRatis.java:775)
	... 4 more
2021-08-03 19:54:42,027 [Command processor thread] ERROR statemachine.DatanodeStateMachine (DatanodeStateMachine.java:lambda$getCommandHandlerThread$3(584)) - Critical Error : Command processor thread encountered an error. Thread: Thread[Command processor thread,5,main]
org.yaml.snakeyaml.error.YAMLException: java.io.IOException: No space left on device
	at org.yaml.snakeyaml.Yaml.dumpAll(Yaml.java:280)
	at org.yaml.snakeyaml.Yaml.dump(Yaml.java:256)
	at org.apache.hadoop.ozone.container.common.impl.ContainerDataYaml.createContainerFile(ContainerDataYaml.java:96)
	at org.apache.hadoop.ozone.container.keyvalue.KeyValueContainer.writeToContainerFile(KeyValueContainer.java:220)
	at org.apache.hadoop.ozone.container.keyvalue.KeyValueContainer.updateContainerFile(KeyValueContainer.java:255)
	at org.apache.hadoop.ozone.container.keyvalue.KeyValueContainer.updateContainerData(KeyValueContainer.java:366)
	at org.apache.hadoop.ozone.container.keyvalue.KeyValueContainer.markContainerForClose(KeyValueContainer.java:286)
	at org.apache.hadoop.ozone.container.keyvalue.KeyValueHandler.markContainerForClose(KeyValueHandler.java:932)
	at org.apache.hadoop.ozone.container.ozoneimpl.ContainerController.markContainerForClose(ContainerController.java:84)
	at org.apache.hadoop.ozone.container.common.statemachine.commandhandler.CloseContainerCommandHandler.handle(CloseContainerCommandHandler.java:91)
	at org.apache.hadoop.ozone.container.common.statemachine.commandhandler.CommandDispatcher.handle(CommandDispatcher.java:99)
	at org.apache.hadoop.ozone.container.common.statemachine.DatanodeStateMachine.lambda$initCommandHandlerThread$2(DatanodeStateMachine.java:555)
	at java.lang.Thread.run(Thread.java:748)
Caused by: java.io.IOException: No space left on device
	at java.io.FileOutputStream.writeBytes(Native Method)
	at java.io.FileOutputStream.write(FileOutputStream.java:326)
	at sun.nio.cs.StreamEncoder.writeBytes(StreamEncoder.java:221)
	at sun.nio.cs.StreamEncoder.implFlushBuffer(StreamEncoder.java:291)
	at sun.nio.cs.StreamEncoder.implFlush(StreamEncoder.java:295)
	at sun.nio.cs.StreamEncoder.flush(StreamEncoder.java:141)
	at java.io.OutputStreamWriter.flush(OutputStreamWriter.java:229)
	at org.yaml.snakeyaml.emitter.Emitter.flushStream(Emitter.java:1078)
	at org.yaml.snakeyaml.emitter.Emitter$ExpectDocumentEnd.expect(Emitter.java:368)
	at org.yaml.snakeyaml.emitter.Emitter.emit(Emitter.java:220)
	at org.yaml.snakeyaml.serializer.Serializer.serialize(Serializer.java:115)
	at org.yaml.snakeyaml.Yaml.dumpAll(Yaml.java:276)
	... 12 more
2021-08-03 19:54:42,028 [Command processor thread] INFO  server.RaftServer (RaftServerProxy.java:remove(106)) - bb0cca69-238a-4190-9ea7-d53ce9a05415: remove    LEADER bb0cca69-238a-4190-9ea7-d53ce9a05415@group-124FECE5C74C:t2, leader=bb0cca69-238a-4190-9ea7-d53ce9a05415, voted=bb0cca69-238a-4190-9ea7-d53ce9a05415, raftlog=bb0cca69-238a-4190-9ea7-d53ce9a05415@group-124FECE5C74C-SegmentedRaftLog:OPENED:c155,f155,i157, conf=0: [e5a3b37d-24b2-4af8-aafc-994fdc7f98a4|rpc:10.1.0.40:41449|dataStream:|priority:0, bb0cca69-238a-4190-9ea7-d53ce9a05415|rpc:10.1.0.40:36611|dataStream:|priority:1, e33d21b5-8dde-4667-90e1-c87016f9a424|rpc:10.1.0.40:43341|dataStream:|priority:0], old=null RUNNING
2021-08-03 19:54:42,028 [Command processor thread] INFO  server.RaftServer$Division (RaftServerImpl.java:lambda$close$4(407)) - bb0cca69-238a-4190-9ea7-d53ce9a05415@group-124FECE5C74C: shutdown
2021-08-03 19:54:42,028 [Command processor thread] INFO  util.JmxRegister (JmxRegister.java:unregister(73)) - Successfully un-registered JMX Bean with object name Ratis:service=RaftServer,group=group-124FECE5C74C,id=bb0cca69-238a-4190-9ea7-d53ce9a05415
2021-08-03 19:54:42,028 [Command processor thread] INFO  impl.RoleInfo (RoleInfo.java:shutdownLeaderState(91)) - bb0cca69-238a-4190-9ea7-d53ce9a05415: shutdown bb0cca69-238a-4190-9ea7-d53ce9a05415@group-124FECE5C74C-LeaderStateImpl
2021-08-03 19:54:42,029 [bb0cca69-238a-4190-9ea7-d53ce9a05415@group-124FECE5C74C->e33d21b5-8dde-4667-90e1-c87016f9a424-GrpcLogAppender-LogAppenderDaemon] WARN  server.GrpcLogAppender (GrpcLogAppender.java:mayWait(175)) - bb0cca69-238a-4190-9ea7-d53ce9a05415@group-124FECE5C74C->e33d21b5-8dde-4667-90e1-c87016f9a424-GrpcLogAppender: Wait interrupted by java.lang.InterruptedException
2021-08-03 19:54:42,029 [bb0cca69-238a-4190-9ea7-d53ce9a05415@group-124FECE5C74C->e5a3b37d-24b2-4af8-aafc-994fdc7f98a4-GrpcLogAppender-LogAppenderDaemon] WARN  server.GrpcLogAppender (GrpcLogAppender.java:mayWait(175)) - bb0cca69-238a-4190-9ea7-d53ce9a05415@group-124FECE5C74C->e5a3b37d-24b2-4af8-aafc-994fdc7f98a4-GrpcLogAppender: Wait interrupted by java.lang.InterruptedException
2021-08-03 19:54:42,032 [grpc-default-executor-3] INFO  server.GrpcServerProtocolService (GrpcServerProtocolService.java:onCompleted(140)) - e33d21b5-8dde-4667-90e1-c87016f9a424: Completed APPEND_ENTRIES, lastRequest: bb0cca69-238a-4190-9ea7-d53ce9a05415->e33d21b5-8dde-4667-90e1-c87016f9a424#2681-t2,previous=(t:2, i:156),leaderCommit=155,initializing? true,entries: size=1, first=(t:2, i:157), STATEMACHINELOGENTRY, 168@client-3F496C8E49C5
2021-08-03 19:54:42,033 [Command processor thread] INFO  impl.PendingRequests (PendingRequests.java:sendNotLeaderResponses(249)) - bb0cca69-238a-4190-9ea7-d53ce9a05415@group-124FECE5C74C-PendingRequests: sendNotLeaderResponses
2021-08-03 19:54:42,033 [grpc-default-executor-3] INFO  server.GrpcLogAppender (GrpcLogAppender.java:onCompleted(344)) - bb0cca69-238a-4190-9ea7-d53ce9a05415@group-124FECE5C74C->e33d21b5-8dde-4667-90e1-c87016f9a424-AppendLogResponseHandler: follower responses appendEntries COMPLETED
2021-08-03 19:54:42,035 [grpc-default-executor-3] INFO  leader.FollowerInfo (FollowerInfoImpl.java:lambda$new$0(46)) - bb0cca69-238a-4190-9ea7-d53ce9a05415@group-124FECE5C74C->e33d21b5-8dde-4667-90e1-c87016f9a424: nextIndex: updateUnconditionally 158 -> 156
2021-08-03 19:54:42,032 [grpc-default-executor-2] INFO  server.GrpcServerProtocolService (GrpcServerProtocolService.java:onCompleted(140)) - e5a3b37d-24b2-4af8-aafc-994fdc7f98a4: Completed APPEND_ENTRIES, lastRequest: bb0cca69-238a-4190-9ea7-d53ce9a05415->e5a3b37d-24b2-4af8-aafc-994fdc7f98a4#2684-t2,previous=(t:2, i:156),leaderCommit=155,initializing? true,entries: size=1, first=(t:2, i:157), STATEMACHINELOGENTRY, 168@client-3F496C8E49C5
2021-08-03 19:54:42,049 [Command processor thread] INFO  impl.StateMachineUpdater (StateMachineUpdater.java:stopAndJoin(149)) - bb0cca69-238a-4190-9ea7-d53ce9a05415@group-124FECE5C74C-StateMachineUpdater: set stopIndex = 155
2021-08-03 19:54:42,050 [bb0cca69-238a-4190-9ea7-d53ce9a05415@group-124FECE5C74C-StateMachineUpdater] ERROR ratis.ContainerStateMachine (ContainerStateMachine.java:takeSnapshot(285)) - Failed to take snapshot  for group-124FECE5C74C as the stateMachine is unhealthy. The last applied index is at (t:2, i:155)
2021-08-03 19:54:42,050 [bb0cca69-238a-4190-9ea7-d53ce9a05415@group-124FECE5C74C-StateMachineUpdater] ERROR impl.StateMachineUpdater (StateMachineUpdater.java:takeSnapshot(276)) - bb0cca69-238a-4190-9ea7-d53ce9a05415@group-124FECE5C74C-StateMachineUpdater: Failed to take snapshot
org.apache.ratis.protocol.exceptions.StateMachineException: Failed to take snapshot  for group-124FECE5C74C as the stateMachine is unhealthy. The last applied index is at (t:2, i:155)
	at org.apache.hadoop.ozone.container.common.transport.server.ratis.ContainerStateMachine.takeSnapshot(ContainerStateMachine.java:284)
	at org.apache.ratis.server.impl.StateMachineUpdater.takeSnapshot(StateMachineUpdater.java:265)
	at org.apache.ratis.server.impl.StateMachineUpdater.checkAndTakeSnapshot(StateMachineUpdater.java:257)
	at org.apache.ratis.server.impl.StateMachineUpdater.run(StateMachineUpdater.java:180)
	at java.lang.Thread.run(Thread.java:748)
2021-08-03 19:54:42,050 [bb0cca69-238a-4190-9ea7-d53ce9a05415@group-124FECE5C74C-StateMachineUpdater] ERROR ratis.ContainerStateMachine (ContainerStateMachine.java:takeSnapshot(285)) - Failed to take snapshot  for group-124FECE5C74C as the stateMachine is unhealthy. The last applied index is at (t:2, i:155)
2021-08-03 19:54:42,050 [bb0cca69-238a-4190-9ea7-d53ce9a05415@group-124FECE5C74C-StateMachineUpdater] ERROR impl.StateMachineUpdater (StateMachineUpdater.java:takeSnapshot(276)) - bb0cca69-238a-4190-9ea7-d53ce9a05415@group-124FECE5C74C-StateMachineUpdater: Failed to take snapshot
org.apache.ratis.protocol.exceptions.StateMachineException: Failed to take snapshot  for group-124FECE5C74C as the stateMachine is unhealthy. The last applied index is at (t:2, i:155)
	at org.apache.hadoop.ozone.container.common.transport.server.ratis.ContainerStateMachine.takeSnapshot(ContainerStateMachine.java:284)
	at org.apache.ratis.server.impl.StateMachineUpdater.takeSnapshot(StateMachineUpdater.java:265)
	at org.apache.ratis.server.impl.StateMachineUpdater.checkAndTakeSnapshot(StateMachineUpdater.java:257)
	at org.apache.ratis.server.impl.StateMachineUpdater.run(StateMachineUpdater.java:183)
	at java.lang.Thread.run(Thread.java:748)
2021-08-03 19:54:42,051 [grpc-default-executor-1] INFO  server.GrpcLogAppender (GrpcLogAppender.java:onCompleted(344)) - bb0cca69-238a-4190-9ea7-d53ce9a05415@group-124FECE5C74C->e5a3b37d-24b2-4af8-aafc-994fdc7f98a4-AppendLogResponseHandler: follower responses appendEntries COMPLETED
2021-08-03 19:54:42,051 [grpc-default-executor-1] INFO  leader.FollowerInfo (FollowerInfoImpl.java:lambda$new$0(46)) - bb0cca69-238a-4190-9ea7-d53ce9a05415@group-124FECE5C74C->e5a3b37d-24b2-4af8-aafc-994fdc7f98a4: nextIndex: updateUnconditionally 158 -> 156
2021-08-03 19:54:42,056 [Command processor thread] INFO  server.RaftServer$Division (ServerState.java:close(419)) - bb0cca69-238a-4190-9ea7-d53ce9a05415@group-124FECE5C74C: closes. applyIndex: 155
2021-08-03 19:54:42,056 [bb0cca69-238a-4190-9ea7-d53ce9a05415@group-124FECE5C74C-SegmentedRaftLogWorker] INFO  segmented.SegmentedRaftLogWorker (SegmentedRaftLogWorker.java:run(327)) - bb0cca69-238a-4190-9ea7-d53ce9a05415@group-124FECE5C74C-SegmentedRaftLogWorker was interrupted, exiting. There are 0 tasks remaining in the queue.
2021-08-03 19:54:42,057 [Command processor thread] INFO  segmented.SegmentedRaftLogWorker (SegmentedRaftLogWorker.java:close(237)) - bb0cca69-238a-4190-9ea7-d53ce9a05415@group-124FECE5C74C-SegmentedRaftLogWorker close()
2021-08-03 19:54:42,061 [Command processor thread] INFO  keyvalue.KeyValueContainer (KeyValueContainer.java:flushAndSyncDB(397)) - Container 4 is synced with bcsId 91.
2021-08-03 19:54:42,062 [Command processor thread] INFO  keyvalue.KeyValueContainer (KeyValueContainer.java:flushAndSyncDB(397)) - Container 4 is synced with bcsId 91.
2021-08-03 19:54:42,063 [Command processor thread] ERROR commandhandler.ClosePipelineCommandHandler (ClosePipelineCommandHandler.java:handle(78)) - Can't close pipeline PipelineID=d7e156cf-e347-48b9-928e-124fece5c74c
java.io.IOException: org.yaml.snakeyaml.error.YAMLException: java.io.IOException: No space left on device
	at org.apache.hadoop.ozone.container.common.transport.server.ratis.XceiverServerRatis.removeGroup(XceiverServerRatis.java:777)
	at org.apache.hadoop.ozone.container.common.statemachine.commandhandler.ClosePipelineCommandHandler.handle(ClosePipelineCommandHandler.java:74)
	at org.apache.hadoop.ozone.container.common.statemachine.commandhandler.CommandDispatcher.handle(CommandDispatcher.java:99)
	at org.apache.hadoop.ozone.container.common.statemachine.DatanodeStateMachine.lambda$initCommandHandlerThread$2(DatanodeStateMachine.java:555)
	at java.lang.Thread.run(Thread.java:748)
Caused by: java.io.IOException: org.yaml.snakeyaml.error.YAMLException: java.io.IOException: No space left on device
	at org.apache.ratis.util.IOUtils.asIOException(IOUtils.java:56)
	at org.apache.ratis.server.impl.RaftServerImpl.waitForReply(RaftServerImpl.java:898)
	at org.apache.ratis.server.impl.RaftServerProxy.groupManagement(RaftServerProxy.java:440)
	at org.apache.hadoop.ozone.container.common.transport.server.ratis.XceiverServerRatis.removeGroup(XceiverServerRatis.java:775)
	... 4 more
Caused by: org.yaml.snakeyaml.error.YAMLException: java.io.IOException: No space left on device
	at org.yaml.snakeyaml.Yaml.dumpAll(Yaml.java:280)
	at org.yaml.snakeyaml.Yaml.dump(Yaml.java:256)
	at org.apache.hadoop.ozone.container.common.impl.ContainerDataYaml.createContainerFile(ContainerDataYaml.java:96)
	at org.apache.hadoop.ozone.container.keyvalue.KeyValueContainer.writeToContainerFile(KeyValueContainer.java:220)
	at org.apache.hadoop.ozone.container.keyvalue.KeyValueContainer.updateContainerFile(KeyValueContainer.java:255)
	at org.apache.hadoop.ozone.container.keyvalue.KeyValueContainer.updateContainerData(KeyValueContainer.java:366)
	at org.apache.hadoop.ozone.container.keyvalue.KeyValueContainer.quasiClose(KeyValueContainer.java:314)
	at org.apache.hadoop.ozone.container.keyvalue.KeyValueHandler.quasiCloseContainer(KeyValueHandler.java:982)
	at org.apache.hadoop.ozone.container.ozoneimpl.ContainerController.quasiCloseContainer(ContainerController.java:119)
	at org.apache.hadoop.ozone.container.common.transport.server.ratis.ContainerStateMachine.notifyGroupRemove(ContainerStateMachine.java:902)
	at org.apache.ratis.server.impl.RaftServerImpl.groupRemove(RaftServerImpl.java:372)
	at org.apache.ratis.server.impl.RaftServerProxy.lambda$groupRemoveAsync$14(RaftServerProxy.java:507)
	at java.util.concurrent.CompletableFuture.uniApply(CompletableFuture.java:616)
	at java.util.concurrent.CompletableFuture.uniApplyStage(CompletableFuture.java:628)
	at java.util.concurrent.CompletableFuture.thenApply(CompletableFuture.java:1996)
	at org.apache.ratis.server.impl.RaftServerProxy.groupRemoveAsync(RaftServerProxy.java:506)
	at org.apache.ratis.server.impl.RaftServerProxy.groupManagementAsync(RaftServerProxy.java:460)
	... 6 more
Caused by: java.io.IOException: No space left on device
	at java.io.FileOutputStream.writeBytes(Native Method)
	at java.io.FileOutputStream.write(FileOutputStream.java:326)
	at sun.nio.cs.StreamEncoder.writeBytes(StreamEncoder.java:221)
	at sun.nio.cs.StreamEncoder.implFlushBuffer(StreamEncoder.java:291)
	at sun.nio.cs.StreamEncoder.implFlush(StreamEncoder.java:295)
	at sun.nio.cs.StreamEncoder.flush(StreamEncoder.java:141)
	at java.io.OutputStreamWriter.flush(OutputStreamWriter.java:229)
	at org.yaml.snakeyaml.emitter.Emitter.flushStream(Emitter.java:1078)
	at org.yaml.snakeyaml.emitter.Emitter$ExpectDocumentEnd.expect(Emitter.java:368)
	at org.yaml.snakeyaml.emitter.Emitter.emit(Emitter.java:220)
	at org.yaml.snakeyaml.serializer.Serializer.serialize(Serializer.java:115)
	at org.yaml.snakeyaml.Yaml.dumpAll(Yaml.java:276)
	... 22 more
2021-08-03 19:54:42,063 [Command processor thread] WARN  server.RaftServer (RaftServerProxy.java:remove(101)) - bb0cca69-238a-4190-9ea7-d53ce9a05415: does not contain group: group-124FECE5C74C
2021-08-03 19:54:42,063 [Command processor thread] ERROR commandhandler.ClosePipelineCommandHandler (ClosePipelineCommandHandler.java:handle(78)) - Can't close pipeline PipelineID=d7e156cf-e347-48b9-928e-124fece5c74c
java.io.IOException: bb0cca69-238a-4190-9ea7-d53ce9a05415: Group group-124FECE5C74C not found.
	at org.apache.hadoop.ozone.container.common.transport.server.ratis.XceiverServerRatis.removeGroup(XceiverServerRatis.java:777)
	at org.apache.hadoop.ozone.container.common.statemachine.commandhandler.ClosePipelineCommandHandler.handle(ClosePipelineCommandHandler.java:74)
	at org.apache.hadoop.ozone.container.common.statemachine.commandhandler.CommandDispatcher.handle(CommandDispatcher.java:99)
	at org.apache.hadoop.ozone.container.common.statemachine.DatanodeStateMachine.lambda$initCommandHandlerThread$2(DatanodeStateMachine.java:555)
	at java.lang.Thread.run(Thread.java:748)
Caused by: org.apache.ratis.protocol.exceptions.GroupMismatchException: bb0cca69-238a-4190-9ea7-d53ce9a05415: Group group-124FECE5C74C not found.
	at org.apache.ratis.server.impl.RaftServerProxy.groupRemoveAsync(RaftServerProxy.java:504)
	at org.apache.ratis.server.impl.RaftServerProxy.groupManagementAsync(RaftServerProxy.java:460)
	at org.apache.ratis.server.impl.RaftServerProxy.groupManagement(RaftServerProxy.java:440)
	at org.apache.hadoop.ozone.container.common.transport.server.ratis.XceiverServerRatis.removeGroup(XceiverServerRatis.java:775)
	... 4 more
2021-08-03 19:54:42,063 [Command processor thread] WARN  server.RaftServer (RaftServerProxy.java:remove(101)) - bb0cca69-238a-4190-9ea7-d53ce9a05415: does not contain group: group-124FECE5C74C
2021-08-03 19:54:42,064 [Command processor thread] ERROR commandhandler.ClosePipelineCommandHandler (ClosePipelineCommandHandler.java:handle(78)) - Can't close pipeline PipelineID=d7e156cf-e347-48b9-928e-124fece5c74c
java.io.IOException: bb0cca69-238a-4190-9ea7-d53ce9a05415: Group group-124FECE5C74C not found.
	at org.apache.hadoop.ozone.container.common.transport.server.ratis.XceiverServerRatis.removeGroup(XceiverServerRatis.java:777)
	at org.apache.hadoop.ozone.container.common.statemachine.commandhandler.ClosePipelineCommandHandler.handle(ClosePipelineCommandHandler.java:74)
	at org.apache.hadoop.ozone.container.common.statemachine.commandhandler.CommandDispatcher.handle(CommandDispatcher.java:99)
	at org.apache.hadoop.ozone.container.common.statemachine.DatanodeStateMachine.lambda$initCommandHandlerThread$2(DatanodeStateMachine.java:555)
	at java.lang.Thread.run(Thread.java:748)
Caused by: org.apache.ratis.protocol.exceptions.GroupMismatchException: bb0cca69-238a-4190-9ea7-d53ce9a05415: Group group-124FECE5C74C not found.
	at org.apache.ratis.server.impl.RaftServerProxy.groupRemoveAsync(RaftServerProxy.java:504)
	at org.apache.ratis.server.impl.RaftServerProxy.groupManagementAsync(RaftServerProxy.java:460)
	at org.apache.ratis.server.impl.RaftServerProxy.groupManagement(RaftServerProxy.java:440)
	at org.apache.hadoop.ozone.container.common.transport.server.ratis.XceiverServerRatis.removeGroup(XceiverServerRatis.java:775)
	... 4 more
2021-08-03 19:54:42,627 [Command processor thread] WARN  server.RaftServer (RaftServerProxy.java:remove(101)) - e33d21b5-8dde-4667-90e1-c87016f9a424: does not contain group: group-124FECE5C74C
2021-08-03 19:54:42,628 [Command processor thread] ERROR commandhandler.ClosePipelineCommandHandler (ClosePipelineCommandHandler.java:handle(78)) - Can't close pipeline PipelineID=d7e156cf-e347-48b9-928e-124fece5c74c
java.io.IOException: e33d21b5-8dde-4667-90e1-c87016f9a424: Group group-124FECE5C74C not found.
	at org.apache.hadoop.ozone.container.common.transport.server.ratis.XceiverServerRatis.removeGroup(XceiverServerRatis.java:777)
	at org.apache.hadoop.ozone.container.common.statemachine.commandhandler.ClosePipelineCommandHandler.handle(ClosePipelineCommandHandler.java:74)
	at org.apache.hadoop.ozone.container.common.statemachine.commandhandler.CommandDispatcher.handle(CommandDispatcher.java:99)
	at org.apache.hadoop.ozone.container.common.statemachine.DatanodeStateMachine.lambda$initCommandHandlerThread$2(DatanodeStateMachine.java:555)
	at java.lang.Thread.run(Thread.java:748)
Caused by: org.apache.ratis.protocol.exceptions.GroupMismatchException: e33d21b5-8dde-4667-90e1-c87016f9a424: Group group-124FECE5C74C not found.
	at org.apache.ratis.server.impl.RaftServerProxy.groupRemoveAsync(RaftServerProxy.java:504)
	at org.apache.ratis.server.impl.RaftServerProxy.groupManagementAsync(RaftServerProxy.java:460)
	at org.apache.ratis.server.impl.RaftServerProxy.groupManagement(RaftServerProxy.java:440)
	at org.apache.hadoop.ozone.container.common.transport.server.ratis.XceiverServerRatis.removeGroup(XceiverServerRatis.java:775)
	... 4 more
2021-08-03 19:54:48,335 [Time-limited test] WARN  io.KeyOutputStream (KeyOutputStream.java:handleException(318)) - Encountered exception java.io.IOException: Unexpected Storage Container Exception: java.util.concurrent.CompletionException: Failed to write chunk 107544261427200021_chunk_3 into block conID: 17 locID: 107544261427200021 bcsId: 153 on the pipeline Pipeline[ Id: d7e156cf-e347-48b9-928e-124fece5c74c, Nodes: e33d21b5-8dde-4667-90e1-c87016f9a424{ip: 10.1.0.40, host: fv-az395-928.zfmzfyrfkyou3ow0tsr0jxwq1e.bx.internal.cloudapp.net, ports: [REPLICATION=39783, RATIS=43341, RATIS_ADMIN=43341, RATIS_SERVER=43341, STANDALONE=38463], networkLocation: /default-rack, certSerialId: null, persistedOpState: IN_SERVICE, persistedOpStateExpiryEpochSec: 0}e5a3b37d-24b2-4af8-aafc-994fdc7f98a4{ip: 10.1.0.40, host: fv-az395-928.zfmzfyrfkyou3ow0tsr0jxwq1e.bx.internal.cloudapp.net, ports: [REPLICATION=36629, RATIS=41449, RATIS_ADMIN=41449, RATIS_SERVER=41449, STANDALONE=43631], networkLocation: /default-rack, certSerialId: null, persistedOpState: IN_SERVICE, persistedOpStateExpiryEpochSec: 0}bb0cca69-238a-4190-9ea7-d53ce9a05415{ip: 10.1.0.40, host: fv-az395-928.zfmzfyrfkyou3ow0tsr0jxwq1e.bx.internal.cloudapp.net, ports: [REPLICATION=45167, RATIS=36611, RATIS_ADMIN=36611, RATIS_SERVER=36611, STANDALONE=36759], networkLocation: /default-rack, certSerialId: null, persistedOpState: IN_SERVICE, persistedOpStateExpiryEpochSec: 0}, ReplicationConfig: RATIS/THREE, State:OPEN, leaderId:bb0cca69-238a-4190-9ea7-d53ce9a05415, CreationTimestamp2021-08-03T19:54:00.442Z[Etc/UTC]]. The last committed block length is 1048576, uncommitted data length is 2097152 retry count 0
2021-08-03 19:54:48,348 [ChunkWriter-2-0] INFO  keyvalue.KeyValueHandler (ContainerUtils.java:logAndReturnError(89)) - Operation: WriteChunk , Trace ID:  , Message: java.io.IOException: No space left on device , Result: IO_EXCEPTION , StorageContainerException Occurred.
org.apache.hadoop.hdds.scm.container.common.helpers.StorageContainerException: java.io.IOException: No space left on device
	at org.apache.hadoop.ozone.container.keyvalue.helpers.ChunkUtils.wrapInStorageContainerException(ChunkUtils.java:357)
	at org.apache.hadoop.ozone.container.keyvalue.helpers.ChunkUtils.writeData(ChunkUtils.java:128)
	at org.apache.hadoop.ozone.container.keyvalue.helpers.ChunkUtils.writeData(ChunkUtils.java:112)
	at org.apache.hadoop.ozone.container.keyvalue.impl.FilePerBlockStrategy.writeChunk(FilePerBlockStrategy.java:138)
	at org.apache.hadoop.ozone.container.keyvalue.impl.ChunkManagerDispatcher.writeChunk(ChunkManagerDispatcher.java:74)
	at org.apache.hadoop.ozone.container.keyvalue.KeyValueHandler.handleWriteChunk(KeyValueHandler.java:703)
	at org.apache.hadoop.ozone.container.keyvalue.KeyValueHandler.dispatchRequest(KeyValueHandler.java:206)
	at org.apache.hadoop.ozone.container.keyvalue.KeyValueHandler.handle(KeyValueHandler.java:170)
	at org.apache.hadoop.ozone.container.common.impl.HddsDispatcher.dispatchRequest(HddsDispatcher.java:307)
	at org.apache.hadoop.ozone.container.common.impl.HddsDispatcher.lambda$dispatch$0(HddsDispatcher.java:169)
	at org.apache.hadoop.hdds.server.OzoneProtocolMessageDispatcher.processRequest(OzoneProtocolMessageDispatcher.java:87)
	at org.apache.hadoop.ozone.container.common.impl.HddsDispatcher.dispatch(HddsDispatcher.java:168)
	at org.apache.hadoop.ozone.container.common.transport.server.ratis.ContainerStateMachine.dispatchCommand(ContainerStateMachine.java:398)
	at org.apache.hadoop.ozone.container.common.transport.server.ratis.ContainerStateMachine.runCommand(ContainerStateMachine.java:408)
	at org.apache.hadoop.ozone.container.common.transport.server.ratis.ContainerStateMachine.lambda$handleWriteChunk$1(ContainerStateMachine.java:439)
	at java.util.concurrent.CompletableFuture$AsyncSupply.run(CompletableFuture.java:1604)
	at java.util.concurrent.ThreadPoolExecutor.runWorker(ThreadPoolExecutor.java:1149)
	at java.util.concurrent.ThreadPoolExecutor$Worker.run(ThreadPoolExecutor.java:624)
	at java.lang.Thread.run(Thread.java:748)
Caused by: java.io.IOException: No space left on device
	at sun.nio.ch.FileDispatcherImpl.writev0(Native Method)
	at sun.nio.ch.FileDispatcherImpl.writev(FileDispatcherImpl.java:72)
	at sun.nio.ch.IOUtil.write(IOUtil.java:148)
	at sun.nio.ch.FileChannelImpl.write(FileChannelImpl.java:239)
	at java.nio.channels.FileChannel.write(FileChannel.java:414)
	at org.apache.hadoop.ozone.common.ChunkBufferImplWithByteBufferList.writeTo(ChunkBufferImplWithByteBufferList.java:213)
	at org.apache.hadoop.ozone.container.keyvalue.helpers.ChunkUtils.writeDataToChannel(ChunkUtils.java:168)
	at org.apache.hadoop.ozone.container.keyvalue.helpers.ChunkUtils.lambda$writeData$1(ChunkUtils.java:113)
	at org.apache.hadoop.ozone.container.keyvalue.helpers.ChunkUtils.writeData(ChunkUtils.java:125)
	... 17 more
2021-08-03 19:54:48,353 [ChunkWriter-2-0] ERROR ratis.ContainerStateMachine (ContainerStateMachine.java:lambda$handleWriteChunk$1(441)) - group-F5BE6ECCB878: writeChunk writeStateMachineData failed: blockIdcontainerID: 13
localID: 107544261427200022
blockCommitSequenceId: 0
 logIndex 95 chunkName 107544261427200022_chunk_1
org.yaml.snakeyaml.error.YAMLException: java.io.IOException: No space left on device
	at org.yaml.snakeyaml.Yaml.dumpAll(Yaml.java:280)
	at org.yaml.snakeyaml.Yaml.dump(Yaml.java:256)
	at org.apache.hadoop.ozone.container.common.impl.ContainerDataYaml.createContainerFile(ContainerDataYaml.java:96)
	at org.apache.hadoop.ozone.container.keyvalue.KeyValueContainer.writeToContainerFile(KeyValueContainer.java:220)
	at org.apache.hadoop.ozone.container.keyvalue.KeyValueContainer.updateContainerFile(KeyValueContainer.java:255)
	at org.apache.hadoop.ozone.container.keyvalue.KeyValueContainer.updateContainerData(KeyValueContainer.java:366)
	at org.apache.hadoop.ozone.container.keyvalue.KeyValueContainer.markContainerUnhealthy(KeyValueContainer.java:297)
	at org.apache.hadoop.ozone.container.keyvalue.KeyValueHandler.markContainerUnhealthy(KeyValueHandler.java:947)
	at org.apache.hadoop.ozone.container.common.impl.HddsDispatcher.dispatchRequest(HddsDispatcher.java:350)
	at org.apache.hadoop.ozone.container.common.impl.HddsDispatcher.lambda$dispatch$0(HddsDispatcher.java:169)
	at org.apache.hadoop.hdds.server.OzoneProtocolMessageDispatcher.processRequest(OzoneProtocolMessageDispatcher.java:87)
	at org.apache.hadoop.ozone.container.common.impl.HddsDispatcher.dispatch(HddsDispatcher.java:168)
	at org.apache.hadoop.ozone.container.common.transport.server.ratis.ContainerStateMachine.dispatchCommand(ContainerStateMachine.java:398)
	at org.apache.hadoop.ozone.container.common.transport.server.ratis.ContainerStateMachine.runCommand(ContainerStateMachine.java:408)
	at org.apache.hadoop.ozone.container.common.transport.server.ratis.ContainerStateMachine.lambda$handleWriteChunk$1(ContainerStateMachine.java:439)
	at java.util.concurrent.CompletableFuture$AsyncSupply.run(CompletableFuture.java:1604)
	at java.util.concurrent.ThreadPoolExecutor.runWorker(ThreadPoolExecutor.java:1149)
	at java.util.concurrent.ThreadPoolExecutor$Worker.run(ThreadPoolExecutor.java:624)
	at java.lang.Thread.run(Thread.java:748)
Caused by: java.io.IOException: No space left on device
	at java.io.FileOutputStream.writeBytes(Native Method)
	at java.io.FileOutputStream.write(FileOutputStream.java:326)
	at sun.nio.cs.StreamEncoder.writeBytes(StreamEncoder.java:221)
	at sun.nio.cs.StreamEncoder.implFlushBuffer(StreamEncoder.java:291)
	at sun.nio.cs.StreamEncoder.implFlush(StreamEncoder.java:295)
	at sun.nio.cs.StreamEncoder.flush(StreamEncoder.java:141)
	at java.io.OutputStreamWriter.flush(OutputStreamWriter.java:229)
	at org.yaml.snakeyaml.emitter.Emitter.flushStream(Emitter.java:1078)
	at org.yaml.snakeyaml.emitter.Emitter$ExpectDocumentEnd.expect(Emitter.java:368)
	at org.yaml.snakeyaml.emitter.Emitter.emit(Emitter.java:220)
	at org.yaml.snakeyaml.serializer.Serializer.serialize(Serializer.java:115)
	at org.yaml.snakeyaml.Yaml.dumpAll(Yaml.java:276)
	... 18 more
2021-08-03 19:54:48,354 [EventQueue-IncrementalContainerReportForIncrementalContainerReportHandler] WARN  container.IncrementalContainerReportHandler (AbstractContainerReportHandler.java:updateContainerState(190)) - Container #13 is in OPEN state, but the datanode 6a5da269-5de5-4ce6-bed8-3e0ba1f522b3{ip: 10.1.0.40, host: fv-az395-928.zfmzfyrfkyou3ow0tsr0jxwq1e.bx.internal.cloudapp.net, ports: [REPLICATION=43457, RATIS=38319, RATIS_ADMIN=38319, RATIS_SERVER=38319, STANDALONE=39893], networkLocation: /default-rack, certSerialId: null, persistedOpState: IN_SERVICE, persistedOpStateExpiryEpochSec: 0} reports an UNHEALTHY replica.
2021-08-03 19:54:48,354 [Datanode State Machine Thread - 0] WARN  statemachine.StateContext (StateContext.java:execute(621)) - No available thread in pool for past 1 seconds.
19:54:48.356 [grpc-default-executor-1] ERROR DNAudit - user=null | ip=null | op=PUT_BLOCK {blockData=[blockId=conID: 13 locID: 107544261427200022 bcsId: 0, size=1048576]} | ret=FAILURE
org.apache.hadoop.hdds.scm.container.common.helpers.ContainerNotOpenException: Container 13 in UNHEALTHY state
	at org.apache.hadoop.ozone.container.common.impl.HddsDispatcher.validateContainerCommand(HddsDispatcher.java:480) ~[hdds-container-service-1.2.0-SNAPSHOT.jar:?]
	at org.apache.hadoop.ozone.container.common.transport.server.ratis.ContainerStateMachine.startTransaction(ContainerStateMachine.java:317) ~[hdds-container-service-1.2.0-SNAPSHOT.jar:?]
	at org.apache.ratis.server.impl.RaftServerImpl.submitClientRequestAsync(RaftServerImpl.java:794) ~[ratis-server-2.1.0.jar:2.1.0]
	at org.apache.ratis.server.impl.RaftServerProxy.lambda$submitClientRequestAsync$9(RaftServerProxy.java:417) ~[ratis-server-2.1.0.jar:2.1.0]
	at org.apache.ratis.server.impl.RaftServerProxy.lambda$null$7(RaftServerProxy.java:412) ~[ratis-server-2.1.0.jar:2.1.0]
	at org.apache.ratis.util.JavaUtils.callAsUnchecked(JavaUtils.java:115) ~[ratis-common-2.1.0.jar:2.1.0]
	at org.apache.ratis.server.impl.RaftServerProxy.lambda$submitRequest$8(RaftServerProxy.java:412) ~[ratis-server-2.1.0.jar:2.1.0]
	at java.util.concurrent.CompletableFuture.uniComposeStage(CompletableFuture.java:995) ~[?:1.8.0_292]
	at java.util.concurrent.CompletableFuture.thenCompose(CompletableFuture.java:2137) ~[?:1.8.0_292]
	at org.apache.ratis.server.impl.RaftServerProxy.submitRequest(RaftServerProxy.java:411) ~[ratis-server-2.1.0.jar:2.1.0]
	at org.apache.ratis.server.impl.RaftServerProxy.submitClientRequestAsync(RaftServerProxy.java:417) ~[ratis-server-2.1.0.jar:2.1.0]
	at org.apache.ratis.grpc.client.GrpcClientProtocolService$RequestStreamObserver.processClientRequest(GrpcClientProtocolService.java:222) ~[ratis-grpc-2.1.0.jar:2.1.0]
	at org.apache.ratis.grpc.client.GrpcClientProtocolService$OrderedRequestStreamObserver.processClientRequest(GrpcClientProtocolService.java:328) ~[ratis-grpc-2.1.0.jar:2.1.0]
	at org.apache.ratis.util.SlidingWindow$Server.processRequestsFromHead(SlidingWindow.java:431) [ratis-common-2.1.0.jar:2.1.0]
	at org.apache.ratis.util.SlidingWindow$Server.receivedRequest(SlidingWindow.java:423) [ratis-common-2.1.0.jar:2.1.0]
	at org.apache.ratis.grpc.client.GrpcClientProtocolService$OrderedRequestStreamObserver.processClientRequest(GrpcClientProtocolService.java:352) [ratis-grpc-2.1.0.jar:2.1.0]
	at org.apache.ratis.grpc.client.GrpcClientProtocolService$RequestStreamObserver.onNext(GrpcClientProtocolService.java:242) [ratis-grpc-2.1.0.jar:2.1.0]
	at org.apache.ratis.grpc.client.GrpcClientProtocolService$RequestStreamObserver.onNext(GrpcClientProtocolService.java:165) [ratis-grpc-2.1.0.jar:2.1.0]
	at org.apache.ratis.thirdparty.io.grpc.stub.ServerCalls$StreamingServerCallHandler$StreamingServerCallListener.onMessage(ServerCalls.java:255) [ratis-thirdparty-misc-0.7.0.jar:0.7.0]
	at org.apache.ratis.thirdparty.io.grpc.ForwardingServerCallListener.onMessage(ForwardingServerCallListener.java:33) [ratis-thirdparty-misc-0.7.0.jar:0.7.0]
	at org.apache.ratis.thirdparty.io.grpc.internal.ServerCallImpl$ServerStreamListenerImpl.messagesAvailableInternal(ServerCallImpl.java:309) [ratis-thirdparty-misc-0.7.0.jar:0.7.0]
	at org.apache.ratis.thirdparty.io.grpc.internal.ServerCallImpl$ServerStreamListenerImpl.messagesAvailable(ServerCallImpl.java:292) [ratis-thirdparty-misc-0.7.0.jar:0.7.0]
	at org.apache.ratis.thirdparty.io.grpc.internal.ServerImpl$JumpToApplicationThreadServerStreamListener$1MessagesAvailable.runInContext(ServerImpl.java:782) [ratis-thirdparty-misc-0.7.0.jar:0.7.0]
	at org.apache.ratis.thirdparty.io.grpc.internal.ContextRunnable.run(ContextRunnable.java:37) [ratis-thirdparty-misc-0.7.0.jar:0.7.0]
	at org.apache.ratis.thirdparty.io.grpc.internal.SerializingExecutor.run(SerializingExecutor.java:123) [ratis-thirdparty-misc-0.7.0.jar:0.7.0]
	at java.util.concurrent.ThreadPoolExecutor.runWorker(ThreadPoolExecutor.java:1149) [?:1.8.0_292]
	at java.util.concurrent.ThreadPoolExecutor$Worker.run(ThreadPoolExecutor.java:624) [?:1.8.0_292]
	at java.lang.Thread.run(Thread.java:748) [?:1.8.0_292]
2021-08-03 19:54:48,362 [ChunkWriter-2-0] INFO  keyvalue.KeyValueHandler (ContainerUtils.java:logAndReturnError(89)) - Operation: WriteChunk , Trace ID:  , Message: java.io.IOException: No space left on device , Result: IO_EXCEPTION , StorageContainerException Occurred.
org.apache.hadoop.hdds.scm.container.common.helpers.StorageContainerException: java.io.IOException: No space left on device
	at org.apache.hadoop.ozone.container.keyvalue.helpers.ChunkUtils.wrapInStorageContainerException(ChunkUtils.java:357)
	at org.apache.hadoop.ozone.container.keyvalue.helpers.ChunkUtils.writeData(ChunkUtils.java:128)
	at org.apache.hadoop.ozone.container.keyvalue.helpers.ChunkUtils.writeData(ChunkUtils.java:112)
	at org.apache.hadoop.ozone.container.keyvalue.impl.FilePerBlockStrategy.writeChunk(FilePerBlockStrategy.java:138)
	at org.apache.hadoop.ozone.container.keyvalue.impl.ChunkManagerDispatcher.writeChunk(ChunkManagerDispatcher.java:74)
	at org.apache.hadoop.ozone.container.keyvalue.KeyValueHandler.handleWriteChunk(KeyValueHandler.java:703)
	at org.apache.hadoop.ozone.container.keyvalue.KeyValueHandler.dispatchRequest(KeyValueHandler.java:206)
	at org.apache.hadoop.ozone.container.keyvalue.KeyValueHandler.handle(KeyValueHandler.java:170)
	at org.apache.hadoop.ozone.container.common.impl.HddsDispatcher.dispatchRequest(HddsDispatcher.java:307)
	at org.apache.hadoop.ozone.container.common.impl.HddsDispatcher.lambda$dispatch$0(HddsDispatcher.java:169)
	at org.apache.hadoop.hdds.server.OzoneProtocolMessageDispatcher.processRequest(OzoneProtocolMessageDispatcher.java:87)
	at org.apache.hadoop.ozone.container.common.impl.HddsDispatcher.dispatch(HddsDispatcher.java:168)
	at org.apache.hadoop.ozone.container.common.transport.server.ratis.ContainerStateMachine.dispatchCommand(ContainerStateMachine.java:398)
	at org.apache.hadoop.ozone.container.common.transport.server.ratis.ContainerStateMachine.runCommand(ContainerStateMachine.java:408)
	at org.apache.hadoop.ozone.container.common.transport.server.ratis.ContainerStateMachine.lambda$handleWriteChunk$1(ContainerStateMachine.java:439)
	at java.util.concurrent.CompletableFuture$AsyncSupply.run(CompletableFuture.java:1604)
	at java.util.concurrent.ThreadPoolExecutor.runWorker(ThreadPoolExecutor.java:1149)
	at java.util.concurrent.ThreadPoolExecutor$Worker.run(ThreadPoolExecutor.java:624)
	at java.lang.Thread.run(Thread.java:748)
Caused by: java.io.IOException: No space left on device
	at sun.nio.ch.FileDispatcherImpl.writev0(Native Method)
	at sun.nio.ch.FileDispatcherImpl.writev(FileDispatcherImpl.java:72)
	at sun.nio.ch.IOUtil.write(IOUtil.java:148)
	at sun.nio.ch.FileChannelImpl.write(FileChannelImpl.java:239)
	at java.nio.channels.FileChannel.write(FileChannel.java:414)
	at org.apache.hadoop.ozone.common.ChunkBufferImplWithByteBufferList.writeTo(ChunkBufferImplWithByteBufferList.java:213)
	at org.apache.hadoop.ozone.container.keyvalue.helpers.ChunkUtils.writeDataToChannel(ChunkUtils.java:168)
	at org.apache.hadoop.ozone.container.keyvalue.helpers.ChunkUtils.lambda$writeData$1(ChunkUtils.java:113)
	at org.apache.hadoop.ozone.container.keyvalue.helpers.ChunkUtils.writeData(ChunkUtils.java:125)
	... 17 more
2021-08-03 19:54:48,369 [6a5da269-5de5-4ce6-bed8-3e0ba1f522b3@group-F5BE6ECCB878-SegmentedRaftLogWorker] ERROR ratis.XceiverServerRatis (XceiverServerRatis.java:triggerPipelineClose(672)) - pipeline Action CLOSE on pipeline PipelineID=1665034c-4e10-46ef-ab0d-f5be6eccb878.Reason : org.yaml.snakeyaml.error.YAMLException: java.io.IOException: No space left on device
2021-08-03 19:54:48,370 [Datanode State Machine Thread - 0] WARN  statemachine.StateContext (StateContext.java:execute(621)) - No available thread in pool for past 1 seconds.
2021-08-03 19:54:48,370 [ChunkWriter-2-0] INFO  keyvalue.KeyValueHandler (ContainerUtils.java:logAndReturnError(89)) - Operation: WriteChunk , Trace ID:  , Message: java.io.IOException: No space left on device , Result: IO_EXCEPTION , StorageContainerException Occurred.
org.apache.hadoop.hdds.scm.container.common.helpers.StorageContainerException: java.io.IOException: No space left on device
	at org.apache.hadoop.ozone.container.keyvalue.helpers.ChunkUtils.wrapInStorageContainerException(ChunkUtils.java:357)
	at org.apache.hadoop.ozone.container.keyvalue.helpers.ChunkUtils.writeData(ChunkUtils.java:128)
	at org.apache.hadoop.ozone.container.keyvalue.helpers.ChunkUtils.writeData(ChunkUtils.java:112)
	at org.apache.hadoop.ozone.container.keyvalue.impl.FilePerBlockStrategy.writeChunk(FilePerBlockStrategy.java:138)
	at org.apache.hadoop.ozone.container.keyvalue.impl.ChunkManagerDispatcher.writeChunk(ChunkManagerDispatcher.java:74)
	at org.apache.hadoop.ozone.container.keyvalue.KeyValueHandler.handleWriteChunk(KeyValueHandler.java:703)
	at org.apache.hadoop.ozone.container.keyvalue.KeyValueHandler.dispatchRequest(KeyValueHandler.java:206)
	at org.apache.hadoop.ozone.container.keyvalue.KeyValueHandler.handle(KeyValueHandler.java:170)
	at org.apache.hadoop.ozone.container.common.impl.HddsDispatcher.dispatchRequest(HddsDispatcher.java:307)
	at org.apache.hadoop.ozone.container.common.impl.HddsDispatcher.lambda$dispatch$0(HddsDispatcher.java:169)
	at org.apache.hadoop.hdds.server.OzoneProtocolMessageDispatcher.processRequest(OzoneProtocolMessageDispatcher.java:87)
	at org.apache.hadoop.ozone.container.common.impl.HddsDispatcher.dispatch(HddsDispatcher.java:168)
	at org.apache.hadoop.ozone.container.common.transport.server.ratis.ContainerStateMachine.dispatchCommand(ContainerStateMachine.java:398)
	at org.apache.hadoop.ozone.container.common.transport.server.ratis.ContainerStateMachine.runCommand(ContainerStateMachine.java:408)
	at org.apache.hadoop.ozone.container.common.transport.server.ratis.ContainerStateMachine.lambda$handleWriteChunk$1(ContainerStateMachine.java:439)
	at java.util.concurrent.CompletableFuture$AsyncSupply.run(CompletableFuture.java:1604)
	at java.util.concurrent.ThreadPoolExecutor.runWorker(ThreadPoolExecutor.java:1149)
	at java.util.concurrent.ThreadPoolExecutor$Worker.run(ThreadPoolExecutor.java:624)
	at java.lang.Thread.run(Thread.java:748)
Caused by: java.io.IOException: No space left on device
	at sun.nio.ch.FileDispatcherImpl.writev0(Native Method)
	at sun.nio.ch.FileDispatcherImpl.writev(FileDispatcherImpl.java:72)
	at sun.nio.ch.IOUtil.write(IOUtil.java:148)
	at sun.nio.ch.FileChannelImpl.write(FileChannelImpl.java:239)
	at java.nio.channels.FileChannel.write(FileChannel.java:414)
	at org.apache.hadoop.ozone.common.ChunkBufferImplWithByteBufferList.writeTo(ChunkBufferImplWithByteBufferList.java:213)
	at org.apache.hadoop.ozone.container.keyvalue.helpers.ChunkUtils.writeDataToChannel(ChunkUtils.java:168)
	at org.apache.hadoop.ozone.container.keyvalue.helpers.ChunkUtils.lambda$writeData$1(ChunkUtils.java:113)
	at org.apache.hadoop.ozone.container.keyvalue.helpers.ChunkUtils.writeData(ChunkUtils.java:125)
	... 17 more
19:54:48.371 [grpc-default-executor-1] ERROR DNAudit - user=null | ip=null | op=WRITE_CHUNK {blockData=conID: 13 locID: 107544261427200022 bcsId: 0} | ret=FAILURE
org.apache.hadoop.hdds.scm.container.common.helpers.ContainerNotOpenException: Container 13 in UNHEALTHY state
	at org.apache.hadoop.ozone.container.common.impl.HddsDispatcher.validateContainerCommand(HddsDispatcher.java:480) ~[hdds-container-service-1.2.0-SNAPSHOT.jar:?]
	at org.apache.hadoop.ozone.container.common.transport.server.ratis.ContainerStateMachine.startTransaction(ContainerStateMachine.java:317) ~[hdds-container-service-1.2.0-SNAPSHOT.jar:?]
	at org.apache.ratis.server.impl.RaftServerImpl.submitClientRequestAsync(RaftServerImpl.java:794) ~[ratis-server-2.1.0.jar:2.1.0]
	at org.apache.ratis.server.impl.RaftServerProxy.lambda$submitClientRequestAsync$9(RaftServerProxy.java:417) ~[ratis-server-2.1.0.jar:2.1.0]
	at org.apache.ratis.server.impl.RaftServerProxy.lambda$null$7(RaftServerProxy.java:412) ~[ratis-server-2.1.0.jar:2.1.0]
	at org.apache.ratis.util.JavaUtils.callAsUnchecked(JavaUtils.java:115) ~[ratis-common-2.1.0.jar:2.1.0]
	at org.apache.ratis.server.impl.RaftServerProxy.lambda$submitRequest$8(RaftServerProxy.java:412) ~[ratis-server-2.1.0.jar:2.1.0]
	at java.util.concurrent.CompletableFuture.uniComposeStage(CompletableFuture.java:995) ~[?:1.8.0_292]
	at java.util.concurrent.CompletableFuture.thenCompose(CompletableFuture.java:2137) ~[?:1.8.0_292]
	at org.apache.ratis.server.impl.RaftServerProxy.submitRequest(RaftServerProxy.java:411) ~[ratis-server-2.1.0.jar:2.1.0]
	at org.apache.ratis.server.impl.RaftServerProxy.submitClientRequestAsync(RaftServerProxy.java:417) ~[ratis-server-2.1.0.jar:2.1.0]
	at org.apache.ratis.grpc.client.GrpcClientProtocolService$RequestStreamObserver.processClientRequest(GrpcClientProtocolService.java:222) ~[ratis-grpc-2.1.0.jar:2.1.0]
	at org.apache.ratis.grpc.client.GrpcClientProtocolService$OrderedRequestStreamObserver.processClientRequest(GrpcClientProtocolService.java:328) ~[ratis-grpc-2.1.0.jar:2.1.0]
	at org.apache.ratis.util.SlidingWindow$Server.processRequestsFromHead(SlidingWindow.java:431) [ratis-common-2.1.0.jar:2.1.0]
	at org.apache.ratis.util.SlidingWindow$Server.receivedRequest(SlidingWindow.java:423) [ratis-common-2.1.0.jar:2.1.0]
	at org.apache.ratis.grpc.client.GrpcClientProtocolService$OrderedRequestStreamObserver.processClientRequest(GrpcClientProtocolService.java:352) [ratis-grpc-2.1.0.jar:2.1.0]
	at org.apache.ratis.grpc.client.GrpcClientProtocolService$RequestStreamObserver.onNext(GrpcClientProtocolService.java:242) [ratis-grpc-2.1.0.jar:2.1.0]
	at org.apache.ratis.grpc.client.GrpcClientProtocolService$RequestStreamObserver.onNext(GrpcClientProtocolService.java:165) [ratis-grpc-2.1.0.jar:2.1.0]
	at org.apache.ratis.thirdparty.io.grpc.stub.ServerCalls$StreamingServerCallHandler$StreamingServerCallListener.onMessage(ServerCalls.java:255) [ratis-thirdparty-misc-0.7.0.jar:0.7.0]
	at org.apache.ratis.thirdparty.io.grpc.ForwardingServerCallListener.onMessage(ForwardingServerCallListener.java:33) [ratis-thirdparty-misc-0.7.0.jar:0.7.0]
	at org.apache.ratis.thirdparty.io.grpc.internal.ServerCallImpl$ServerStreamListenerImpl.messagesAvailableInternal(ServerCallImpl.java:309) [ratis-thirdparty-misc-0.7.0.jar:0.7.0]
	at org.apache.ratis.thirdparty.io.grpc.internal.ServerCallImpl$ServerStreamListenerImpl.messagesAvailable(ServerCallImpl.java:292) [ratis-thirdparty-misc-0.7.0.jar:0.7.0]
	at org.apache.ratis.thirdparty.io.grpc.internal.ServerImpl$JumpToApplicationThreadServerStreamListener$1MessagesAvailable.runInContext(ServerImpl.java:782) [ratis-thirdparty-misc-0.7.0.jar:0.7.0]
	at org.apache.ratis.thirdparty.io.grpc.internal.ContextRunnable.run(ContextRunnable.java:37) [ratis-thirdparty-misc-0.7.0.jar:0.7.0]
	at org.apache.ratis.thirdparty.io.grpc.internal.SerializingExecutor.run(SerializingExecutor.java:123) [ratis-thirdparty-misc-0.7.0.jar:0.7.0]
	at java.util.concurrent.ThreadPoolExecutor.runWorker(ThreadPoolExecutor.java:1149) [?:1.8.0_292]
	at java.util.concurrent.ThreadPoolExecutor$Worker.run(ThreadPoolExecutor.java:624) [?:1.8.0_292]
	at java.lang.Thread.run(Thread.java:748) [?:1.8.0_292]
2021-08-03 19:54:48,372 [ChunkWriter-2-0] ERROR ratis.ContainerStateMachine (ContainerStateMachine.java:lambda$handleWriteChunk$1(441)) - group-F5BE6ECCB878: writeChunk writeStateMachineData failed: blockIdcontainerID: 13
localID: 107544261427200022
blockCommitSequenceId: 0
 logIndex 95 chunkName 107544261427200022_chunk_1
org.yaml.snakeyaml.error.YAMLException: java.io.IOException: No space left on device
	at org.yaml.snakeyaml.Yaml.dumpAll(Yaml.java:280)
	at org.yaml.snakeyaml.Yaml.dump(Yaml.java:256)
	at org.apache.hadoop.ozone.container.common.impl.ContainerDataYaml.createContainerFile(ContainerDataYaml.java:96)
	at org.apache.hadoop.ozone.container.keyvalue.KeyValueContainer.writeToContainerFile(KeyValueContainer.java:220)
	at org.apache.hadoop.ozone.container.keyvalue.KeyValueContainer.updateContainerFile(KeyValueContainer.java:255)
	at org.apache.hadoop.ozone.container.keyvalue.KeyValueContainer.updateContainerData(KeyValueContainer.java:366)
	at org.apache.hadoop.ozone.container.keyvalue.KeyValueContainer.markContainerUnhealthy(KeyValueContainer.java:297)
	at org.apache.hadoop.ozone.container.keyvalue.KeyValueHandler.markContainerUnhealthy(KeyValueHandler.java:947)
	at org.apache.hadoop.ozone.container.common.impl.HddsDispatcher.dispatchRequest(HddsDispatcher.java:350)
	at org.apache.hadoop.ozone.container.common.impl.HddsDispatcher.lambda$dispatch$0(HddsDispatcher.java:169)
	at org.apache.hadoop.hdds.server.OzoneProtocolMessageDispatcher.processRequest(OzoneProtocolMessageDispatcher.java:87)
	at org.apache.hadoop.ozone.container.common.impl.HddsDispatcher.dispatch(HddsDispatcher.java:168)
	at org.apache.hadoop.ozone.container.common.transport.server.ratis.ContainerStateMachine.dispatchCommand(ContainerStateMachine.java:398)
	at org.apache.hadoop.ozone.container.common.transport.server.ratis.ContainerStateMachine.runCommand(ContainerStateMachine.java:408)
	at org.apache.hadoop.ozone.container.common.transport.server.ratis.ContainerStateMachine.lambda$handleWriteChunk$1(ContainerStateMachine.java:439)
	at java.util.concurrent.CompletableFuture$AsyncSupply.run(CompletableFuture.java:1604)
	at java.util.concurrent.ThreadPoolExecutor.runWorker(ThreadPoolExecutor.java:1149)
	at java.util.concurrent.ThreadPoolExecutor$Worker.run(ThreadPoolExecutor.java:624)
	at java.lang.Thread.run(Thread.java:748)
Caused by: java.io.IOException: No space left on device
	at java.io.FileOutputStream.writeBytes(Native Method)
	at java.io.FileOutputStream.write(FileOutputStream.java:326)
	at sun.nio.cs.StreamEncoder.writeBytes(StreamEncoder.java:221)
	at sun.nio.cs.StreamEncoder.implFlushBuffer(StreamEncoder.java:291)
	at sun.nio.cs.StreamEncoder.implFlush(StreamEncoder.java:295)
	at sun.nio.cs.StreamEncoder.flush(StreamEncoder.java:141)
	at java.io.OutputStreamWriter.flush(OutputStreamWriter.java:229)
	at org.yaml.snakeyaml.emitter.Emitter.flushStream(Emitter.java:1078)
	at org.yaml.snakeyaml.emitter.Emitter$ExpectDocumentEnd.expect(Emitter.java:368)
	at org.yaml.snakeyaml.emitter.Emitter.emit(Emitter.java:220)
	at org.yaml.snakeyaml.serializer.Serializer.serialize(Serializer.java:115)
	at org.yaml.snakeyaml.Yaml.dumpAll(Yaml.java:276)
	... 18 more
2021-08-03 19:54:48,373 [EventQueue-PipelineActionsForPipelineActionHandler] INFO  pipeline.PipelineActionHandler (PipelineActionHandler.java:processPipelineAction(82)) - Received pipeline action CLOSE for PipelineID=1665034c-4e10-46ef-ab0d-f5be6eccb878 from datanode 6a5da269-5de5-4ce6-bed8-3e0ba1f522b3. Reason : org.yaml.snakeyaml.error.YAMLException: java.io.IOException: No space left on device
2021-08-03 19:54:48,373 [EventQueue-PipelineActionsForPipelineActionHandler] INFO  pipeline.PipelineManagerV2Impl (PipelineManagerV2Impl.java:closePipeline(343)) - Pipeline Pipeline[ Id: 1665034c-4e10-46ef-ab0d-f5be6eccb878, Nodes: 14bd13d3-2866-451a-a946-4e038735bdb6{ip: 10.1.0.40, host: fv-az395-928.zfmzfyrfkyou3ow0tsr0jxwq1e.bx.internal.cloudapp.net, ports: [REPLICATION=41611, RATIS=34975, RATIS_ADMIN=34975, RATIS_SERVER=34975, STANDALONE=35011], networkLocation: /default-rack, certSerialId: null, persistedOpState: IN_SERVICE, persistedOpStateExpiryEpochSec: 0}ef9af82c-3c22-4c1a-80c4-d53046706192{ip: 10.1.0.40, host: fv-az395-928.zfmzfyrfkyou3ow0tsr0jxwq1e.bx.internal.cloudapp.net, ports: [REPLICATION=43485, RATIS=42425, RATIS_ADMIN=42425, RATIS_SERVER=42425, STANDALONE=43657], networkLocation: /default-rack, certSerialId: null, persistedOpState: IN_SERVICE, persistedOpStateExpiryEpochSec: 0}6a5da269-5de5-4ce6-bed8-3e0ba1f522b3{ip: 10.1.0.40, host: fv-az395-928.zfmzfyrfkyou3ow0tsr0jxwq1e.bx.internal.cloudapp.net, ports: [REPLICATION=43457, RATIS=38319, RATIS_ADMIN=38319, RATIS_SERVER=38319, STANDALONE=39893], networkLocation: /default-rack, certSerialId: null, persistedOpState: IN_SERVICE, persistedOpStateExpiryEpochSec: 0}, ReplicationConfig: RATIS/THREE, State:OPEN, leaderId:6a5da269-5de5-4ce6-bed8-3e0ba1f522b3, CreationTimestamp2021-08-03T19:54:01.259Z[Etc/UTC]] moved to CLOSED state
2021-08-03 19:54:48,373 [EventQueue-PipelineActionsForPipelineActionHandler] INFO  pipeline.RatisPipelineProvider (RatisPipelineProvider.java:lambda$close$1(222)) - Send pipeline:PipelineID=1665034c-4e10-46ef-ab0d-f5be6eccb878 close command to datanode 14bd13d3-2866-451a-a946-4e038735bdb6
2021-08-03 19:54:48,373 [EventQueue-PipelineActionsForPipelineActionHandler] INFO  pipeline.RatisPipelineProvider (RatisPipelineProvider.java:lambda$close$1(222)) - Send pipeline:PipelineID=1665034c-4e10-46ef-ab0d-f5be6eccb878 close command to datanode ef9af82c-3c22-4c1a-80c4-d53046706192
2021-08-03 19:54:48,373 [EventQueue-PipelineActionsForPipelineActionHandler] INFO  pipeline.RatisPipelineProvider (RatisPipelineProvider.java:lambda$close$1(222)) - Send pipeline:PipelineID=1665034c-4e10-46ef-ab0d-f5be6eccb878 close command to datanode 6a5da269-5de5-4ce6-bed8-3e0ba1f522b3
2021-08-03 19:54:48,374 [EventQueue-PipelineActionsForPipelineActionHandler] INFO  pipeline.PipelineStateManager (PipelineStateManagerV2Impl.java:removePipeline(211)) - Pipeline Pipeline[ Id: 1665034c-4e10-46ef-ab0d-f5be6eccb878, Nodes: 14bd13d3-2866-451a-a946-4e038735bdb6{ip: 10.1.0.40, host: fv-az395-928.zfmzfyrfkyou3ow0tsr0jxwq1e.bx.internal.cloudapp.net, ports: [REPLICATION=41611, RATIS=34975, RATIS_ADMIN=34975, RATIS_SERVER=34975, STANDALONE=35011], networkLocation: /default-rack, certSerialId: null, persistedOpState: IN_SERVICE, persistedOpStateExpiryEpochSec: 0}ef9af82c-3c22-4c1a-80c4-d53046706192{ip: 10.1.0.40, host: fv-az395-928.zfmzfyrfkyou3ow0tsr0jxwq1e.bx.internal.cloudapp.net, ports: [REPLICATION=43485, RATIS=42425, RATIS_ADMIN=42425, RATIS_SERVER=42425, STANDALONE=43657], networkLocation: /default-rack, certSerialId: null, persistedOpState: IN_SERVICE, persistedOpStateExpiryEpochSec: 0}6a5da269-5de5-4ce6-bed8-3e0ba1f522b3{ip: 10.1.0.40, host: fv-az395-928.zfmzfyrfkyou3ow0tsr0jxwq1e.bx.internal.cloudapp.net, ports: [REPLICATION=43457, RATIS=38319, RATIS_ADMIN=38319, RATIS_SERVER=38319, STANDALONE=39893], networkLocation: /default-rack, certSerialId: null, persistedOpState: IN_SERVICE, persistedOpStateExpiryEpochSec: 0}, ReplicationConfig: RATIS/THREE, State:CLOSED, leaderId:6a5da269-5de5-4ce6-bed8-3e0ba1f522b3, CreationTimestamp2021-08-03T19:54:01.259Z[Etc/UTC]] removed.
2021-08-03 19:54:48,374 [EventQueue-CloseContainerForCloseContainerEventHandler] INFO  container.CloseContainerEventHandler (CloseContainerEventHandler.java:onMessage(69)) - Close container Event triggered for container : #13
2021-08-03 19:54:48,374 [EventQueue-CloseContainerForCloseContainerEventHandler] INFO  pipeline.PipelineStateManager (PipelineStateManagerV2Impl.java:removeContainerFromPipeline(237)) - Pipeline PipelineID=1665034c-4e10-46ef-ab0d-f5be6eccb878 is not found in the pipeline2ContainerMap. Pipeline may have been closed already.
2021-08-03 19:54:48,375 [EventQueue-CloseContainerForCloseContainerEventHandler] INFO  container.CloseContainerEventHandler (CloseContainerEventHandler.java:onMessage(69)) - Close container Event triggered for container : #18
2021-08-03 19:54:48,375 [EventQueue-CloseContainerForCloseContainerEventHandler] INFO  pipeline.PipelineStateManager (PipelineStateManagerV2Impl.java:removeContainerFromPipeline(237)) - Pipeline PipelineID=1665034c-4e10-46ef-ab0d-f5be6eccb878 is not found in the pipeline2ContainerMap. Pipeline may have been closed already.
2021-08-03 19:54:48,375 [ChunkWriter-2-0] ERROR ratis.ContainerStateMachine (ContainerStateMachine.java:lambda$handleWriteChunk$1(441)) - group-F5BE6ECCB878: writeChunk writeStateMachineData failed: blockIdcontainerID: 13
localID: 107544261427200022
blockCommitSequenceId: 0
 logIndex 95 chunkName 107544261427200022_chunk_1
org.yaml.snakeyaml.error.YAMLException: java.io.IOException: No space left on device
	at org.yaml.snakeyaml.Yaml.dumpAll(Yaml.java:280)
	at org.yaml.snakeyaml.Yaml.dump(Yaml.java:256)
	at org.apache.hadoop.ozone.container.common.impl.ContainerDataYaml.createContainerFile(ContainerDataYaml.java:96)
	at org.apache.hadoop.ozone.container.keyvalue.KeyValueContainer.writeToContainerFile(KeyValueContainer.java:220)
	at org.apache.hadoop.ozone.container.keyvalue.KeyValueContainer.updateContainerFile(KeyValueContainer.java:255)
	at org.apache.hadoop.ozone.container.keyvalue.KeyValueContainer.updateContainerData(KeyValueContainer.java:366)
	at org.apache.hadoop.ozone.container.keyvalue.KeyValueContainer.markContainerUnhealthy(KeyValueContainer.java:297)
	at org.apache.hadoop.ozone.container.keyvalue.KeyValueHandler.markContainerUnhealthy(KeyValueHandler.java:947)
	at org.apache.hadoop.ozone.container.common.impl.HddsDispatcher.dispatchRequest(HddsDispatcher.java:350)
	at org.apache.hadoop.ozone.container.common.impl.HddsDispatcher.lambda$dispatch$0(HddsDispatcher.java:169)
	at org.apache.hadoop.hdds.server.OzoneProtocolMessageDispatcher.processRequest(OzoneProtocolMessageDispatcher.java:87)
	at org.apache.hadoop.ozone.container.common.impl.HddsDispatcher.dispatch(HddsDispatcher.java:168)
	at org.apache.hadoop.ozone.container.common.transport.server.ratis.ContainerStateMachine.dispatchCommand(ContainerStateMachine.java:398)
	at org.apache.hadoop.ozone.container.common.transport.server.ratis.ContainerStateMachine.runCommand(ContainerStateMachine.java:408)
	at org.apache.hadoop.ozone.container.common.transport.server.ratis.ContainerStateMachine.lambda$handleWriteChunk$1(ContainerStateMachine.java:439)
	at java.util.concurrent.CompletableFuture$AsyncSupply.run(CompletableFuture.java:1604)
	at java.util.concurrent.ThreadPoolExecutor.runWorker(ThreadPoolExecutor.java:1149)
	at java.util.concurrent.ThreadPoolExecutor$Worker.run(ThreadPoolExecutor.java:624)
	at java.lang.Thread.run(Thread.java:748)
Caused by: java.io.IOException: No space left on device
	at java.io.FileOutputStream.writeBytes(Native Method)
	at java.io.FileOutputStream.write(FileOutputStream.java:326)
	at sun.nio.cs.StreamEncoder.writeBytes(StreamEncoder.java:221)
	at sun.nio.cs.StreamEncoder.implFlushBuffer(StreamEncoder.java:291)
	at sun.nio.cs.StreamEncoder.implFlush(StreamEncoder.java:295)
	at sun.nio.cs.StreamEncoder.flush(StreamEncoder.java:141)
	at java.io.OutputStreamWriter.flush(OutputStreamWriter.java:229)
	at org.yaml.snakeyaml.emitter.Emitter.flushStream(Emitter.java:1078)
	at org.yaml.snakeyaml.emitter.Emitter$ExpectDocumentEnd.expect(Emitter.java:368)
	at org.yaml.snakeyaml.emitter.Emitter.emit(Emitter.java:220)
	at org.yaml.snakeyaml.serializer.Serializer.serialize(Serializer.java:115)
	at org.yaml.snakeyaml.Yaml.dumpAll(Yaml.java:276)
	... 18 more
2021-08-03 19:54:48,372 [Datanode State Machine Thread - 0] WARN  statemachine.StateContext (StateContext.java:execute(621)) - No available thread in pool for past 1 seconds.
2021-08-03 19:54:48,375 [Datanode State Machine Thread - 0] WARN  statemachine.StateContext (StateContext.java:execute(621)) - No available thread in pool for past 1 seconds.
19:54:48.380 [grpc-default-executor-1] ERROR DNAudit - user=null | ip=null | op=PUT_BLOCK {blockData=[blockId=conID: 13 locID: 107544261427200022 bcsId: 0, size=2097152]} | ret=FAILURE
org.apache.hadoop.hdds.scm.container.common.helpers.ContainerNotOpenException: Container 13 in UNHEALTHY state
	at org.apache.hadoop.ozone.container.common.impl.HddsDispatcher.validateContainerCommand(HddsDispatcher.java:480) ~[hdds-container-service-1.2.0-SNAPSHOT.jar:?]
	at org.apache.hadoop.ozone.container.common.transport.server.ratis.ContainerStateMachine.startTransaction(ContainerStateMachine.java:317) ~[hdds-container-service-1.2.0-SNAPSHOT.jar:?]
	at org.apache.ratis.server.impl.RaftServerImpl.submitClientRequestAsync(RaftServerImpl.java:794) ~[ratis-server-2.1.0.jar:2.1.0]
	at org.apache.ratis.server.impl.RaftServerProxy.lambda$submitClientRequestAsync$9(RaftServerProxy.java:417) ~[ratis-server-2.1.0.jar:2.1.0]
	at org.apache.ratis.server.impl.RaftServerProxy.lambda$null$7(RaftServerProxy.java:412) ~[ratis-server-2.1.0.jar:2.1.0]
	at org.apache.ratis.util.JavaUtils.callAsUnchecked(JavaUtils.java:115) ~[ratis-common-2.1.0.jar:2.1.0]
	at org.apache.ratis.server.impl.RaftServerProxy.lambda$submitRequest$8(RaftServerProxy.java:412) ~[ratis-server-2.1.0.jar:2.1.0]
	at java.util.concurrent.CompletableFuture.uniComposeStage(CompletableFuture.java:995) ~[?:1.8.0_292]
	at java.util.concurrent.CompletableFuture.thenCompose(CompletableFuture.java:2137) ~[?:1.8.0_292]
	at org.apache.ratis.server.impl.RaftServerProxy.submitRequest(RaftServerProxy.java:411) ~[ratis-server-2.1.0.jar:2.1.0]
	at org.apache.ratis.server.impl.RaftServerProxy.submitClientRequestAsync(RaftServerProxy.java:417) ~[ratis-server-2.1.0.jar:2.1.0]
	at org.apache.ratis.grpc.client.GrpcClientProtocolService$RequestStreamObserver.processClientRequest(GrpcClientProtocolService.java:222) ~[ratis-grpc-2.1.0.jar:2.1.0]
	at org.apache.ratis.grpc.client.GrpcClientProtocolService$OrderedRequestStreamObserver.processClientRequest(GrpcClientProtocolService.java:328) ~[ratis-grpc-2.1.0.jar:2.1.0]
	at org.apache.ratis.util.SlidingWindow$Server.processRequestsFromHead(SlidingWindow.java:431) [ratis-common-2.1.0.jar:2.1.0]
	at org.apache.ratis.util.SlidingWindow$Server.receivedRequest(SlidingWindow.java:423) [ratis-common-2.1.0.jar:2.1.0]
	at org.apache.ratis.grpc.client.GrpcClientProtocolService$OrderedRequestStreamObserver.processClientRequest(GrpcClientProtocolService.java:352) [ratis-grpc-2.1.0.jar:2.1.0]
	at org.apache.ratis.grpc.client.GrpcClientProtocolService$RequestStreamObserver.onNext(GrpcClientProtocolService.java:242) [ratis-grpc-2.1.0.jar:2.1.0]
	at org.apache.ratis.grpc.client.GrpcClientProtocolService$RequestStreamObserver.onNext(GrpcClientProtocolService.java:165) [ratis-grpc-2.1.0.jar:2.1.0]
	at org.apache.ratis.thirdparty.io.grpc.stub.ServerCalls$StreamingServerCallHandler$StreamingServerCallListener.onMessage(ServerCalls.java:255) [ratis-thirdparty-misc-0.7.0.jar:0.7.0]
	at org.apache.ratis.thirdparty.io.grpc.ForwardingServerCallListener.onMessage(ForwardingServerCallListener.java:33) [ratis-thirdparty-misc-0.7.0.jar:0.7.0]
	at org.apache.ratis.thirdparty.io.grpc.internal.ServerCallImpl$ServerStreamListenerImpl.messagesAvailableInternal(ServerCallImpl.java:309) [ratis-thirdparty-misc-0.7.0.jar:0.7.0]
	at org.apache.ratis.thirdparty.io.grpc.internal.ServerCallImpl$ServerStreamListenerImpl.messagesAvailable(ServerCallImpl.java:292) [ratis-thirdparty-misc-0.7.0.jar:0.7.0]
	at org.apache.ratis.thirdparty.io.grpc.internal.ServerImpl$JumpToApplicationThreadServerStreamListener$1MessagesAvailable.runInContext(ServerImpl.java:782) [ratis-thirdparty-misc-0.7.0.jar:0.7.0]
	at org.apache.ratis.thirdparty.io.grpc.internal.ContextRunnable.run(ContextRunnable.java:37) [ratis-thirdparty-misc-0.7.0.jar:0.7.0]
	at org.apache.ratis.thirdparty.io.grpc.internal.SerializingExecutor.run(SerializingExecutor.java:123) [ratis-thirdparty-misc-0.7.0.jar:0.7.0]
	at java.util.concurrent.ThreadPoolExecutor.runWorker(ThreadPoolExecutor.java:1149) [?:1.8.0_292]
	at java.util.concurrent.ThreadPoolExecutor$Worker.run(ThreadPoolExecutor.java:624) [?:1.8.0_292]
	at java.lang.Thread.run(Thread.java:748) [?:1.8.0_292]
2021-08-03 19:54:48,391 [14bd13d3-2866-451a-a946-4e038735bdb6@group-F5BE6ECCB878-SegmentedRaftLogWorker] ERROR ratis.XceiverServerRatis (XceiverServerRatis.java:triggerPipelineClose(672)) - pipeline Action CLOSE on pipeline PipelineID=1665034c-4e10-46ef-ab0d-f5be6eccb878.Reason : org.yaml.snakeyaml.error.YAMLException: java.io.IOException: No space left on device
2021-08-03 19:54:48,391 [Datanode State Machine Thread - 0] WARN  statemachine.StateContext (StateContext.java:execute(621)) - No available thread in pool for past 1 seconds.
2021-08-03 19:54:48,392 [EventQueue-PipelineActionsForPipelineActionHandler] INFO  pipeline.PipelineActionHandler (PipelineActionHandler.java:processPipelineAction(82)) - Received pipeline action CLOSE for PipelineID=1665034c-4e10-46ef-ab0d-f5be6eccb878 from datanode 14bd13d3-2866-451a-a946-4e038735bdb6. Reason : org.yaml.snakeyaml.error.YAMLException: java.io.IOException: No space left on device
2021-08-03 19:54:48,393 [EventQueue-PipelineActionsForPipelineActionHandler] WARN  pipeline.PipelineActionHandler (PipelineActionHandler.java:processPipelineAction(93)) - Pipeline action CLOSE received for unknown pipeline PipelineID=1665034c-4e10-46ef-ab0d-f5be6eccb878, firing close pipeline event.
2021-08-03 19:54:48,394 [ef9af82c-3c22-4c1a-80c4-d53046706192@group-F5BE6ECCB878-SegmentedRaftLogWorker] ERROR ratis.XceiverServerRatis (XceiverServerRatis.java:triggerPipelineClose(672)) - pipeline Action CLOSE on pipeline PipelineID=1665034c-4e10-46ef-ab0d-f5be6eccb878.Reason : org.yaml.snakeyaml.error.YAMLException: java.io.IOException: No space left on device
2021-08-03 19:54:48,395 [Datanode State Machine Thread - 0] WARN  statemachine.StateContext (StateContext.java:execute(621)) - No available thread in pool for past 1 seconds.
2021-08-03 19:54:48,396 [EventQueue-PipelineActionsForPipelineActionHandler] INFO  pipeline.PipelineActionHandler (PipelineActionHandler.java:processPipelineAction(82)) - Received pipeline action CLOSE for PipelineID=1665034c-4e10-46ef-ab0d-f5be6eccb878 from datanode ef9af82c-3c22-4c1a-80c4-d53046706192. Reason : org.yaml.snakeyaml.error.YAMLException: java.io.IOException: No space left on device
2021-08-03 19:54:48,396 [EventQueue-PipelineActionsForPipelineActionHandler] WARN  pipeline.PipelineActionHandler (PipelineActionHandler.java:processPipelineAction(93)) - Pipeline action CLOSE received for unknown pipeline PipelineID=1665034c-4e10-46ef-ab0d-f5be6eccb878, firing close pipeline event.
2021-08-03 19:54:49,915 [Command processor thread] INFO  server.RaftServer (RaftServerProxy.java:remove(106)) - ef9af82c-3c22-4c1a-80c4-d53046706192: remove  FOLLOWER ef9af82c-3c22-4c1a-80c4-d53046706192@group-F5BE6ECCB878:t2, leader=6a5da269-5de5-4ce6-bed8-3e0ba1f522b3, voted=6a5da269-5de5-4ce6-bed8-3e0ba1f522b3, raftlog=ef9af82c-3c22-4c1a-80c4-d53046706192@group-F5BE6ECCB878-SegmentedRaftLog:OPENED:c94,f94,i95, conf=0: [6a5da269-5de5-4ce6-bed8-3e0ba1f522b3|rpc:10.1.0.40:38319|dataStream:|priority:1, 14bd13d3-2866-451a-a946-4e038735bdb6|rpc:10.1.0.40:34975|dataStream:|priority:0, ef9af82c-3c22-4c1a-80c4-d53046706192|rpc:10.1.0.40:42425|dataStream:|priority:0], old=null RUNNING
2021-08-03 19:54:49,915 [Command processor thread] INFO  server.RaftServer$Division (RaftServerImpl.java:lambda$close$4(407)) - ef9af82c-3c22-4c1a-80c4-d53046706192@group-F5BE6ECCB878: shutdown
2021-08-03 19:54:49,915 [Command processor thread] INFO  util.JmxRegister (JmxRegister.java:unregister(73)) - Successfully un-registered JMX Bean with object name Ratis:service=RaftServer,group=group-F5BE6ECCB878,id=ef9af82c-3c22-4c1a-80c4-d53046706192
2021-08-03 19:54:49,915 [Command processor thread] INFO  impl.RoleInfo (RoleInfo.java:shutdownFollowerState(108)) - ef9af82c-3c22-4c1a-80c4-d53046706192: shutdown ef9af82c-3c22-4c1a-80c4-d53046706192@group-F5BE6ECCB878-FollowerState
2021-08-03 19:54:49,916 [Command processor thread] INFO  impl.StateMachineUpdater (StateMachineUpdater.java:stopAndJoin(149)) - ef9af82c-3c22-4c1a-80c4-d53046706192@group-F5BE6ECCB878-StateMachineUpdater: set stopIndex = 94
2021-08-03 19:54:49,916 [ef9af82c-3c22-4c1a-80c4-d53046706192@group-F5BE6ECCB878-FollowerState] INFO  impl.FollowerState (FollowerState.java:run(143)) - ef9af82c-3c22-4c1a-80c4-d53046706192@group-F5BE6ECCB878-FollowerState was interrupted: {}
java.lang.InterruptedException: sleep interrupted
	at java.lang.Thread.sleep(Native Method)
	at java.lang.Thread.sleep(Thread.java:340)
	at java.util.concurrent.TimeUnit.sleep(TimeUnit.java:386)
	at org.apache.ratis.util.TimeDuration.sleep(TimeDuration.java:324)
	at org.apache.ratis.util.TimeDuration.sleep(TimeDuration.java:309)
	at org.apache.ratis.server.impl.FollowerState.run(FollowerState.java:118)
2021-08-03 19:54:49,916 [ef9af82c-3c22-4c1a-80c4-d53046706192@group-F5BE6ECCB878-StateMachineUpdater] ERROR ratis.ContainerStateMachine (ContainerStateMachine.java:takeSnapshot(285)) - Failed to take snapshot  for group-F5BE6ECCB878 as the stateMachine is unhealthy. The last applied index is at (t:2, i:94)
2021-08-03 19:54:49,916 [ef9af82c-3c22-4c1a-80c4-d53046706192@group-F5BE6ECCB878-StateMachineUpdater] ERROR impl.StateMachineUpdater (StateMachineUpdater.java:takeSnapshot(276)) - ef9af82c-3c22-4c1a-80c4-d53046706192@group-F5BE6ECCB878-StateMachineUpdater: Failed to take snapshot
org.apache.ratis.protocol.exceptions.StateMachineException: Failed to take snapshot  for group-F5BE6ECCB878 as the stateMachine is unhealthy. The last applied index is at (t:2, i:94)
	at org.apache.hadoop.ozone.container.common.transport.server.ratis.ContainerStateMachine.takeSnapshot(ContainerStateMachine.java:284)
	at org.apache.ratis.server.impl.StateMachineUpdater.takeSnapshot(StateMachineUpdater.java:265)
	at org.apache.ratis.server.impl.StateMachineUpdater.checkAndTakeSnapshot(StateMachineUpdater.java:257)
	at org.apache.ratis.server.impl.StateMachineUpdater.run(StateMachineUpdater.java:180)
	at java.lang.Thread.run(Thread.java:748)
2021-08-03 19:54:49,916 [ef9af82c-3c22-4c1a-80c4-d53046706192@group-F5BE6ECCB878-StateMachineUpdater] ERROR ratis.ContainerStateMachine (ContainerStateMachine.java:takeSnapshot(285)) - Failed to take snapshot  for group-F5BE6ECCB878 as the stateMachine is unhealthy. The last applied index is at (t:2, i:94)
2021-08-03 19:54:49,916 [ef9af82c-3c22-4c1a-80c4-d53046706192@group-F5BE6ECCB878-StateMachineUpdater] ERROR impl.StateMachineUpdater (StateMachineUpdater.java:takeSnapshot(276)) - ef9af82c-3c22-4c1a-80c4-d53046706192@group-F5BE6ECCB878-StateMachineUpdater: Failed to take snapshot
org.apache.ratis.protocol.exceptions.StateMachineException: Failed to take snapshot  for group-F5BE6ECCB878 as the stateMachine is unhealthy. The last applied index is at (t:2, i:94)
	at org.apache.hadoop.ozone.container.common.transport.server.ratis.ContainerStateMachine.takeSnapshot(ContainerStateMachine.java:284)
	at org.apache.ratis.server.impl.StateMachineUpdater.takeSnapshot(StateMachineUpdater.java:265)
	at org.apache.ratis.server.impl.StateMachineUpdater.checkAndTakeSnapshot(StateMachineUpdater.java:257)
	at org.apache.ratis.server.impl.StateMachineUpdater.run(StateMachineUpdater.java:183)
	at java.lang.Thread.run(Thread.java:748)
2021-08-03 19:54:49,917 [Command processor thread] INFO  server.RaftServer$Division (ServerState.java:close(419)) - ef9af82c-3c22-4c1a-80c4-d53046706192@group-F5BE6ECCB878: closes. applyIndex: 94
2021-08-03 19:54:49,918 [ef9af82c-3c22-4c1a-80c4-d53046706192@group-F5BE6ECCB878-SegmentedRaftLogWorker] INFO  segmented.SegmentedRaftLogWorker (SegmentedRaftLogWorker.java:run(327)) - ef9af82c-3c22-4c1a-80c4-d53046706192@group-F5BE6ECCB878-SegmentedRaftLogWorker was interrupted, exiting. There are 0 tasks remaining in the queue.
2021-08-03 19:54:49,918 [Command processor thread] INFO  segmented.SegmentedRaftLogWorker (SegmentedRaftLogWorker.java:close(237)) - ef9af82c-3c22-4c1a-80c4-d53046706192@group-F5BE6ECCB878-SegmentedRaftLogWorker close()
2021-08-03 19:54:49,921 [Command processor thread] INFO  server.RaftServer (RaftServerProxy.java:remove(106)) - 14bd13d3-2866-451a-a946-4e038735bdb6: remove  FOLLOWER 14bd13d3-2866-451a-a946-4e038735bdb6@group-F5BE6ECCB878:t2, leader=6a5da269-5de5-4ce6-bed8-3e0ba1f522b3, voted=6a5da269-5de5-4ce6-bed8-3e0ba1f522b3, raftlog=14bd13d3-2866-451a-a946-4e038735bdb6@group-F5BE6ECCB878-SegmentedRaftLog:OPENED:c94,f94,i95, conf=0: [6a5da269-5de5-4ce6-bed8-3e0ba1f522b3|rpc:10.1.0.40:38319|dataStream:|priority:1, 14bd13d3-2866-451a-a946-4e038735bdb6|rpc:10.1.0.40:34975|dataStream:|priority:0, ef9af82c-3c22-4c1a-80c4-d53046706192|rpc:10.1.0.40:42425|dataStream:|priority:0], old=null RUNNING
2021-08-03 19:54:49,921 [Command processor thread] INFO  server.RaftServer$Division (RaftServerImpl.java:lambda$close$4(407)) - 14bd13d3-2866-451a-a946-4e038735bdb6@group-F5BE6ECCB878: shutdown
2021-08-03 19:54:49,922 [Command processor thread] INFO  util.JmxRegister (JmxRegister.java:unregister(73)) - Successfully un-registered JMX Bean with object name Ratis:service=RaftServer,group=group-F5BE6ECCB878,id=14bd13d3-2866-451a-a946-4e038735bdb6
2021-08-03 19:54:49,922 [Command processor thread] INFO  impl.RoleInfo (RoleInfo.java:shutdownFollowerState(108)) - 14bd13d3-2866-451a-a946-4e038735bdb6: shutdown 14bd13d3-2866-451a-a946-4e038735bdb6@group-F5BE6ECCB878-FollowerState
2021-08-03 19:54:49,922 [Command processor thread] INFO  impl.StateMachineUpdater (StateMachineUpdater.java:stopAndJoin(149)) - 14bd13d3-2866-451a-a946-4e038735bdb6@group-F5BE6ECCB878-StateMachineUpdater: set stopIndex = 94
2021-08-03 19:54:49,922 [14bd13d3-2866-451a-a946-4e038735bdb6@group-F5BE6ECCB878-FollowerState] INFO  impl.FollowerState (FollowerState.java:run(143)) - 14bd13d3-2866-451a-a946-4e038735bdb6@group-F5BE6ECCB878-FollowerState was interrupted: {}
java.lang.InterruptedException: sleep interrupted
	at java.lang.Thread.sleep(Native Method)
	at java.lang.Thread.sleep(Thread.java:340)
	at java.util.concurrent.TimeUnit.sleep(TimeUnit.java:386)
	at org.apache.ratis.util.TimeDuration.sleep(TimeDuration.java:324)
	at org.apache.ratis.util.TimeDuration.sleep(TimeDuration.java:309)
	at org.apache.ratis.server.impl.FollowerState.run(FollowerState.java:118)
2021-08-03 19:54:49,922 [14bd13d3-2866-451a-a946-4e038735bdb6@group-F5BE6ECCB878-StateMachineUpdater] ERROR ratis.ContainerStateMachine (ContainerStateMachine.java:takeSnapshot(285)) - Failed to take snapshot  for group-F5BE6ECCB878 as the stateMachine is unhealthy. The last applied index is at (t:2, i:94)
2021-08-03 19:54:49,922 [14bd13d3-2866-451a-a946-4e038735bdb6@group-F5BE6ECCB878-StateMachineUpdater] ERROR impl.StateMachineUpdater (StateMachineUpdater.java:takeSnapshot(276)) - 14bd13d3-2866-451a-a946-4e038735bdb6@group-F5BE6ECCB878-StateMachineUpdater: Failed to take snapshot
org.apache.ratis.protocol.exceptions.StateMachineException: Failed to take snapshot  for group-F5BE6ECCB878 as the stateMachine is unhealthy. The last applied index is at (t:2, i:94)
	at org.apache.hadoop.ozone.container.common.transport.server.ratis.ContainerStateMachine.takeSnapshot(ContainerStateMachine.java:284)
	at org.apache.ratis.server.impl.StateMachineUpdater.takeSnapshot(StateMachineUpdater.java:265)
	at org.apache.ratis.server.impl.StateMachineUpdater.checkAndTakeSnapshot(StateMachineUpdater.java:257)
	at org.apache.ratis.server.impl.StateMachineUpdater.run(StateMachineUpdater.java:180)
	at java.lang.Thread.run(Thread.java:748)
2021-08-03 19:54:49,922 [14bd13d3-2866-451a-a946-4e038735bdb6@group-F5BE6ECCB878-StateMachineUpdater] ERROR ratis.ContainerStateMachine (ContainerStateMachine.java:takeSnapshot(285)) - Failed to take snapshot  for group-F5BE6ECCB878 as the stateMachine is unhealthy. The last applied index is at (t:2, i:94)
2021-08-03 19:54:49,922 [14bd13d3-2866-451a-a946-4e038735bdb6@group-F5BE6ECCB878-StateMachineUpdater] ERROR impl.StateMachineUpdater (StateMachineUpdater.java:takeSnapshot(276)) - 14bd13d3-2866-451a-a946-4e038735bdb6@group-F5BE6ECCB878-StateMachineUpdater: Failed to take snapshot
org.apache.ratis.protocol.exceptions.StateMachineException: Failed to take snapshot  for group-F5BE6ECCB878 as the stateMachine is unhealthy. The last applied index is at (t:2, i:94)
	at org.apache.hadoop.ozone.container.common.transport.server.ratis.ContainerStateMachine.takeSnapshot(ContainerStateMachine.java:284)
	at org.apache.ratis.server.impl.StateMachineUpdater.takeSnapshot(StateMachineUpdater.java:265)
	at org.apache.ratis.server.impl.StateMachineUpdater.checkAndTakeSnapshot(StateMachineUpdater.java:257)
	at org.apache.ratis.server.impl.StateMachineUpdater.run(StateMachineUpdater.java:183)
	at java.lang.Thread.run(Thread.java:748)
2021-08-03 19:54:49,922 [Command processor thread] INFO  server.RaftServer$Division (RaftServerImpl.java:groupRemove(377)) - ef9af82c-3c22-4c1a-80c4-d53046706192@group-F5BE6ECCB878: Succeed to remove RaftStorageDirectory Storage Directory /home/runner/work/ozone/ozone/mnt/ozone/hadoop-ozone/integration-test/target/test-dir/MiniOzoneClusterImpl-29d3cb00-9776-42f4-a7ce-c6b30411a1f9/datanode-3/data/ratis/1665034c-4e10-46ef-ab0d-f5be6eccb878
2021-08-03 19:54:49,924 [Command processor thread] INFO  commandhandler.ClosePipelineCommandHandler (ClosePipelineCommandHandler.java:handle(75)) - Close Pipeline PipelineID=1665034c-4e10-46ef-ab0d-f5be6eccb878 command on datanode ef9af82c-3c22-4c1a-80c4-d53046706192.
2021-08-03 19:54:49,924 [Command processor thread] WARN  server.RaftServer (RaftServerProxy.java:remove(101)) - ef9af82c-3c22-4c1a-80c4-d53046706192: does not contain group: group-F5BE6ECCB878
2021-08-03 19:54:49,924 [Command processor thread] INFO  server.RaftServer$Division (ServerState.java:close(419)) - 14bd13d3-2866-451a-a946-4e038735bdb6@group-F5BE6ECCB878: closes. applyIndex: 94
2021-08-03 19:54:49,924 [Command processor thread] ERROR commandhandler.ClosePipelineCommandHandler (ClosePipelineCommandHandler.java:handle(78)) - Can't close pipeline PipelineID=1665034c-4e10-46ef-ab0d-f5be6eccb878
java.io.IOException: ef9af82c-3c22-4c1a-80c4-d53046706192: Group group-F5BE6ECCB878 not found.
	at org.apache.hadoop.ozone.container.common.transport.server.ratis.XceiverServerRatis.removeGroup(XceiverServerRatis.java:777)
	at org.apache.hadoop.ozone.container.common.statemachine.commandhandler.ClosePipelineCommandHandler.handle(ClosePipelineCommandHandler.java:74)
	at org.apache.hadoop.ozone.container.common.statemachine.commandhandler.CommandDispatcher.handle(CommandDispatcher.java:99)
	at org.apache.hadoop.ozone.container.common.statemachine.DatanodeStateMachine.lambda$initCommandHandlerThread$2(DatanodeStateMachine.java:555)
	at java.lang.Thread.run(Thread.java:748)
Caused by: org.apache.ratis.protocol.exceptions.GroupMismatchException: ef9af82c-3c22-4c1a-80c4-d53046706192: Group group-F5BE6ECCB878 not found.
	at org.apache.ratis.server.impl.RaftServerProxy.groupRemoveAsync(RaftServerProxy.java:504)
	at org.apache.ratis.server.impl.RaftServerProxy.groupManagementAsync(RaftServerProxy.java:460)
	at org.apache.ratis.server.impl.RaftServerProxy.groupManagement(RaftServerProxy.java:440)
	at org.apache.hadoop.ozone.container.common.transport.server.ratis.XceiverServerRatis.removeGroup(XceiverServerRatis.java:775)
	... 4 more
2021-08-03 19:54:49,924 [14bd13d3-2866-451a-a946-4e038735bdb6@group-F5BE6ECCB878-SegmentedRaftLogWorker] INFO  segmented.SegmentedRaftLogWorker (SegmentedRaftLogWorker.java:run(327)) - 14bd13d3-2866-451a-a946-4e038735bdb6@group-F5BE6ECCB878-SegmentedRaftLogWorker was interrupted, exiting. There are 0 tasks remaining in the queue.
2021-08-03 19:54:49,925 [Command processor thread] INFO  segmented.SegmentedRaftLogWorker (SegmentedRaftLogWorker.java:close(237)) - 14bd13d3-2866-451a-a946-4e038735bdb6@group-F5BE6ECCB878-SegmentedRaftLogWorker close()
2021-08-03 19:54:49,927 [Command processor thread] INFO  server.RaftServer$Division (RaftServerImpl.java:groupRemove(377)) - 14bd13d3-2866-451a-a946-4e038735bdb6@group-F5BE6ECCB878: Succeed to remove RaftStorageDirectory Storage Directory /home/runner/work/ozone/ozone/mnt/ozone/hadoop-ozone/integration-test/target/test-dir/MiniOzoneClusterImpl-29d3cb00-9776-42f4-a7ce-c6b30411a1f9/datanode-5/data/ratis/1665034c-4e10-46ef-ab0d-f5be6eccb878
2021-08-03 19:54:49,927 [Command processor thread] INFO  commandhandler.ClosePipelineCommandHandler (ClosePipelineCommandHandler.java:handle(75)) - Close Pipeline PipelineID=1665034c-4e10-46ef-ab0d-f5be6eccb878 command on datanode 14bd13d3-2866-451a-a946-4e038735bdb6.
2021-08-03 19:54:49,927 [Command processor thread] WARN  server.RaftServer (RaftServerProxy.java:remove(101)) - 14bd13d3-2866-451a-a946-4e038735bdb6: does not contain group: group-F5BE6ECCB878
2021-08-03 19:54:49,927 [Command processor thread] ERROR commandhandler.ClosePipelineCommandHandler (ClosePipelineCommandHandler.java:handle(78)) - Can't close pipeline PipelineID=1665034c-4e10-46ef-ab0d-f5be6eccb878
java.io.IOException: 14bd13d3-2866-451a-a946-4e038735bdb6: Group group-F5BE6ECCB878 not found.
	at org.apache.hadoop.ozone.container.common.transport.server.ratis.XceiverServerRatis.removeGroup(XceiverServerRatis.java:777)
	at org.apache.hadoop.ozone.container.common.statemachine.commandhandler.ClosePipelineCommandHandler.handle(ClosePipelineCommandHandler.java:74)
	at org.apache.hadoop.ozone.container.common.statemachine.commandhandler.CommandDispatcher.handle(CommandDispatcher.java:99)
	at org.apache.hadoop.ozone.container.common.statemachine.DatanodeStateMachine.lambda$initCommandHandlerThread$2(DatanodeStateMachine.java:555)
	at java.lang.Thread.run(Thread.java:748)
Caused by: org.apache.ratis.protocol.exceptions.GroupMismatchException: 14bd13d3-2866-451a-a946-4e038735bdb6: Group group-F5BE6ECCB878 not found.
	at org.apache.ratis.server.impl.RaftServerProxy.groupRemoveAsync(RaftServerProxy.java:504)
	at org.apache.ratis.server.impl.RaftServerProxy.groupManagementAsync(RaftServerProxy.java:460)
	at org.apache.ratis.server.impl.RaftServerProxy.groupManagement(RaftServerProxy.java:440)
	at org.apache.hadoop.ozone.container.common.transport.server.ratis.XceiverServerRatis.removeGroup(XceiverServerRatis.java:775)
	... 4 more
2021-08-03 19:54:50,370 [Command processor thread] INFO  server.RaftServer (RaftServerProxy.java:remove(106)) - 6a5da269-5de5-4ce6-bed8-3e0ba1f522b3: remove    LEADER 6a5da269-5de5-4ce6-bed8-3e0ba1f522b3@group-F5BE6ECCB878:t2, leader=6a5da269-5de5-4ce6-bed8-3e0ba1f522b3, voted=6a5da269-5de5-4ce6-bed8-3e0ba1f522b3, raftlog=6a5da269-5de5-4ce6-bed8-3e0ba1f522b3@group-F5BE6ECCB878-SegmentedRaftLog:OPENED:c94,f94,i95, conf=0: [6a5da269-5de5-4ce6-bed8-3e0ba1f522b3|rpc:10.1.0.40:38319|dataStream:|priority:1, 14bd13d3-2866-451a-a946-4e038735bdb6|rpc:10.1.0.40:34975|dataStream:|priority:0, ef9af82c-3c22-4c1a-80c4-d53046706192|rpc:10.1.0.40:42425|dataStream:|priority:0], old=null RUNNING
2021-08-03 19:54:50,370 [Command processor thread] INFO  server.RaftServer$Division (RaftServerImpl.java:lambda$close$4(407)) - 6a5da269-5de5-4ce6-bed8-3e0ba1f522b3@group-F5BE6ECCB878: shutdown
2021-08-03 19:54:50,370 [Command processor thread] INFO  util.JmxRegister (JmxRegister.java:unregister(73)) - Successfully un-registered JMX Bean with object name Ratis:service=RaftServer,group=group-F5BE6ECCB878,id=6a5da269-5de5-4ce6-bed8-3e0ba1f522b3
2021-08-03 19:54:50,370 [Command processor thread] INFO  impl.RoleInfo (RoleInfo.java:shutdownLeaderState(91)) - 6a5da269-5de5-4ce6-bed8-3e0ba1f522b3: shutdown 6a5da269-5de5-4ce6-bed8-3e0ba1f522b3@group-F5BE6ECCB878-LeaderStateImpl
2021-08-03 19:54:50,370 [6a5da269-5de5-4ce6-bed8-3e0ba1f522b3@group-F5BE6ECCB878->ef9af82c-3c22-4c1a-80c4-d53046706192-GrpcLogAppender-LogAppenderDaemon] WARN  server.GrpcLogAppender (GrpcLogAppender.java:mayWait(175)) - 6a5da269-5de5-4ce6-bed8-3e0ba1f522b3@group-F5BE6ECCB878->ef9af82c-3c22-4c1a-80c4-d53046706192-GrpcLogAppender: Wait interrupted by java.lang.InterruptedException
2021-08-03 19:54:50,371 [grpc-default-executor-1] INFO  server.GrpcServerProtocolService (GrpcServerProtocolService.java:onCompleted(140)) - ef9af82c-3c22-4c1a-80c4-d53046706192: Completed APPEND_ENTRIES, lastRequest: 6a5da269-5de5-4ce6-bed8-3e0ba1f522b3->ef9af82c-3c22-4c1a-80c4-d53046706192#1656-t2,previous=(t:2, i:94),leaderCommit=94,initializing? true,entries: size=1, first=(t:2, i:95), STATEMACHINELOGENTRY, 169@client-E7F4386CC7D3
2021-08-03 19:54:50,370 [Command processor thread] INFO  impl.PendingRequests (PendingRequests.java:sendNotLeaderResponses(249)) - 6a5da269-5de5-4ce6-bed8-3e0ba1f522b3@group-F5BE6ECCB878-PendingRequests: sendNotLeaderResponses
2021-08-03 19:54:50,372 [6a5da269-5de5-4ce6-bed8-3e0ba1f522b3@group-F5BE6ECCB878->14bd13d3-2866-451a-a946-4e038735bdb6-GrpcLogAppender-LogAppenderDaemon] WARN  server.GrpcLogAppender (GrpcLogAppender.java:mayWait(175)) - 6a5da269-5de5-4ce6-bed8-3e0ba1f522b3@group-F5BE6ECCB878->14bd13d3-2866-451a-a946-4e038735bdb6-GrpcLogAppender: Wait interrupted by java.lang.InterruptedException
2021-08-03 19:54:50,375 [grpc-default-executor-3] INFO  server.GrpcLogAppender (GrpcLogAppender.java:onCompleted(344)) - 6a5da269-5de5-4ce6-bed8-3e0ba1f522b3@group-F5BE6ECCB878->ef9af82c-3c22-4c1a-80c4-d53046706192-AppendLogResponseHandler: follower responses appendEntries COMPLETED
2021-08-03 19:54:50,376 [grpc-default-executor-3] INFO  leader.FollowerInfo (FollowerInfoImpl.java:lambda$new$0(46)) - 6a5da269-5de5-4ce6-bed8-3e0ba1f522b3@group-F5BE6ECCB878->ef9af82c-3c22-4c1a-80c4-d53046706192: nextIndex: updateUnconditionally 96 -> 95
2021-08-03 19:54:50,377 [Command processor thread] INFO  impl.StateMachineUpdater (StateMachineUpdater.java:stopAndJoin(149)) - 6a5da269-5de5-4ce6-bed8-3e0ba1f522b3@group-F5BE6ECCB878-StateMachineUpdater: set stopIndex = 94
2021-08-03 19:54:50,378 [grpc-default-executor-3] INFO  server.GrpcServerProtocolService (GrpcServerProtocolService.java:onCompleted(140)) - 14bd13d3-2866-451a-a946-4e038735bdb6: Completed APPEND_ENTRIES, lastRequest: 6a5da269-5de5-4ce6-bed8-3e0ba1f522b3->14bd13d3-2866-451a-a946-4e038735bdb6#1669-t2,previous=(t:2, i:94),leaderCommit=94,initializing? true,entries: size=1, first=(t:2, i:95), STATEMACHINELOGENTRY, 169@client-E7F4386CC7D3
2021-08-03 19:54:50,379 [6a5da269-5de5-4ce6-bed8-3e0ba1f522b3@group-F5BE6ECCB878-StateMachineUpdater] ERROR ratis.ContainerStateMachine (ContainerStateMachine.java:takeSnapshot(285)) - Failed to take snapshot  for group-F5BE6ECCB878 as the stateMachine is unhealthy. The last applied index is at (t:2, i:94)
2021-08-03 19:54:50,379 [6a5da269-5de5-4ce6-bed8-3e0ba1f522b3@group-F5BE6ECCB878-StateMachineUpdater] ERROR impl.StateMachineUpdater (StateMachineUpdater.java:takeSnapshot(276)) - 6a5da269-5de5-4ce6-bed8-3e0ba1f522b3@group-F5BE6ECCB878-StateMachineUpdater: Failed to take snapshot
org.apache.ratis.protocol.exceptions.StateMachineException: Failed to take snapshot  for group-F5BE6ECCB878 as the stateMachine is unhealthy. The last applied index is at (t:2, i:94)
	at org.apache.hadoop.ozone.container.common.transport.server.ratis.ContainerStateMachine.takeSnapshot(ContainerStateMachine.java:284)
	at org.apache.ratis.server.impl.StateMachineUpdater.takeSnapshot(StateMachineUpdater.java:265)
	at org.apache.ratis.server.impl.StateMachineUpdater.checkAndTakeSnapshot(StateMachineUpdater.java:257)
	at org.apache.ratis.server.impl.StateMachineUpdater.run(StateMachineUpdater.java:180)
	at java.lang.Thread.run(Thread.java:748)
2021-08-03 19:54:50,379 [6a5da269-5de5-4ce6-bed8-3e0ba1f522b3@group-F5BE6ECCB878-StateMachineUpdater] ERROR ratis.ContainerStateMachine (ContainerStateMachine.java:takeSnapshot(285)) - Failed to take snapshot  for group-F5BE6ECCB878 as the stateMachine is unhealthy. The last applied index is at (t:2, i:94)
2021-08-03 19:54:50,379 [6a5da269-5de5-4ce6-bed8-3e0ba1f522b3@group-F5BE6ECCB878-StateMachineUpdater] ERROR impl.StateMachineUpdater (StateMachineUpdater.java:takeSnapshot(276)) - 6a5da269-5de5-4ce6-bed8-3e0ba1f522b3@group-F5BE6ECCB878-StateMachineUpdater: Failed to take snapshot
org.apache.ratis.protocol.exceptions.StateMachineException: Failed to take snapshot  for group-F5BE6ECCB878 as the stateMachine is unhealthy. The last applied index is at (t:2, i:94)
	at org.apache.hadoop.ozone.container.common.transport.server.ratis.ContainerStateMachine.takeSnapshot(ContainerStateMachine.java:284)
	at org.apache.ratis.server.impl.StateMachineUpdater.takeSnapshot(StateMachineUpdater.java:265)
	at org.apache.ratis.server.impl.StateMachineUpdater.checkAndTakeSnapshot(StateMachineUpdater.java:257)
	at org.apache.ratis.server.impl.StateMachineUpdater.run(StateMachineUpdater.java:183)
	at java.lang.Thread.run(Thread.java:748)
2021-08-03 19:54:50,380 [Command processor thread] INFO  server.RaftServer$Division (ServerState.java:close(419)) - 6a5da269-5de5-4ce6-bed8-3e0ba1f522b3@group-F5BE6ECCB878: closes. applyIndex: 94
2021-08-03 19:54:50,380 [6a5da269-5de5-4ce6-bed8-3e0ba1f522b3@group-F5BE6ECCB878-SegmentedRaftLogWorker] INFO  segmented.SegmentedRaftLogWorker (SegmentedRaftLogWorker.java:run(327)) - 6a5da269-5de5-4ce6-bed8-3e0ba1f522b3@group-F5BE6ECCB878-SegmentedRaftLogWorker was interrupted, exiting. There are 0 tasks remaining in the queue.
2021-08-03 19:54:50,380 [Command processor thread] INFO  segmented.SegmentedRaftLogWorker (SegmentedRaftLogWorker.java:close(237)) - 6a5da269-5de5-4ce6-bed8-3e0ba1f522b3@group-F5BE6ECCB878-SegmentedRaftLogWorker close()
2021-08-03 19:54:50,381 [grpc-default-executor-1] INFO  server.GrpcLogAppender (GrpcLogAppender.java:onCompleted(344)) - 6a5da269-5de5-4ce6-bed8-3e0ba1f522b3@group-F5BE6ECCB878->14bd13d3-2866-451a-a946-4e038735bdb6-AppendLogResponseHandler: follower responses appendEntries COMPLETED
2021-08-03 19:54:50,381 [grpc-default-executor-1] INFO  leader.FollowerInfo (FollowerInfoImpl.java:lambda$new$0(46)) - 6a5da269-5de5-4ce6-bed8-3e0ba1f522b3@group-F5BE6ECCB878->14bd13d3-2866-451a-a946-4e038735bdb6: nextIndex: updateUnconditionally 96 -> 95
2021-08-03 19:54:50,388 [Command processor thread] INFO  server.RaftServer$Division (RaftServerImpl.java:groupRemove(377)) - 6a5da269-5de5-4ce6-bed8-3e0ba1f522b3@group-F5BE6ECCB878: Succeed to remove RaftStorageDirectory Storage Directory /home/runner/work/ozone/ozone/mnt/ozone/hadoop-ozone/integration-test/target/test-dir/MiniOzoneClusterImpl-29d3cb00-9776-42f4-a7ce-c6b30411a1f9/datanode-4/data/ratis/1665034c-4e10-46ef-ab0d-f5be6eccb878
2021-08-03 19:54:50,389 [Command processor thread] INFO  commandhandler.ClosePipelineCommandHandler (ClosePipelineCommandHandler.java:handle(75)) - Close Pipeline PipelineID=1665034c-4e10-46ef-ab0d-f5be6eccb878 command on datanode 6a5da269-5de5-4ce6-bed8-3e0ba1f522b3.
2021-08-03 19:54:56,560 [Time-limited test] WARN  io.KeyOutputStream (KeyOutputStream.java:handleException(318)) - Encountered exception java.io.IOException: Unexpected Storage Container Exception: java.util.concurrent.CompletionException: Failed to write chunk 107544261427200022_chunk_1 into block conID: 13 locID: 107544261427200022 bcsId: 0 on the pipeline Pipeline[ Id: 1665034c-4e10-46ef-ab0d-f5be6eccb878, Nodes: 14bd13d3-2866-451a-a946-4e038735bdb6{ip: 10.1.0.40, host: fv-az395-928.zfmzfyrfkyou3ow0tsr0jxwq1e.bx.internal.cloudapp.net, ports: [REPLICATION=41611, RATIS=34975, RATIS_ADMIN=34975, RATIS_SERVER=34975, STANDALONE=35011], networkLocation: /default-rack, certSerialId: null, persistedOpState: IN_SERVICE, persistedOpStateExpiryEpochSec: 0}ef9af82c-3c22-4c1a-80c4-d53046706192{ip: 10.1.0.40, host: fv-az395-928.zfmzfyrfkyou3ow0tsr0jxwq1e.bx.internal.cloudapp.net, ports: [REPLICATION=43485, RATIS=42425, RATIS_ADMIN=42425, RATIS_SERVER=42425, STANDALONE=43657], networkLocation: /default-rack, certSerialId: null, persistedOpState: IN_SERVICE, persistedOpStateExpiryEpochSec: 0}6a5da269-5de5-4ce6-bed8-3e0ba1f522b3{ip: 10.1.0.40, host: fv-az395-928.zfmzfyrfkyou3ow0tsr0jxwq1e.bx.internal.cloudapp.net, ports: [REPLICATION=43457, RATIS=38319, RATIS_ADMIN=38319, RATIS_SERVER=38319, STANDALONE=39893], networkLocation: /default-rack, certSerialId: null, persistedOpState: IN_SERVICE, persistedOpStateExpiryEpochSec: 0}, ReplicationConfig: RATIS/THREE, State:OPEN, leaderId:6a5da269-5de5-4ce6-bed8-3e0ba1f522b3, CreationTimestamp2021-08-03T19:54:01.259Z[Etc/UTC]]. The last committed block length is 0, uncommitted data length is 2097152 retry count 1
2021-08-03 19:54:56,562 [IPC Server handler 7 on default port 36415] INFO  pipeline.RatisPipelineProvider (RatisPipelineProvider.java:lambda$create$0(183)) - Sending CreatePipelineCommand for pipeline:PipelineID=7c5e2acc-eb37-40d7-bb71-de64e7ab3c8e to datanode:ef9af82c-3c22-4c1a-80c4-d53046706192
2021-08-03 19:54:56,563 [IPC Server handler 7 on default port 36415] INFO  pipeline.RatisPipelineProvider (RatisPipelineProvider.java:lambda$create$0(183)) - Sending CreatePipelineCommand for pipeline:PipelineID=7c5e2acc-eb37-40d7-bb71-de64e7ab3c8e to datanode:6a5da269-5de5-4ce6-bed8-3e0ba1f522b3
2021-08-03 19:54:56,563 [IPC Server handler 7 on default port 36415] INFO  pipeline.RatisPipelineProvider (RatisPipelineProvider.java:lambda$create$0(183)) - Sending CreatePipelineCommand for pipeline:PipelineID=7c5e2acc-eb37-40d7-bb71-de64e7ab3c8e to datanode:bb0cca69-238a-4190-9ea7-d53ce9a05415
2021-08-03 19:54:56,563 [IPC Server handler 7 on default port 36415] INFO  pipeline.PipelineStateManager (PipelineStateManagerV2Impl.java:addPipeline(101)) - Created pipeline Pipeline[ Id: 7c5e2acc-eb37-40d7-bb71-de64e7ab3c8e, Nodes: ef9af82c-3c22-4c1a-80c4-d53046706192{ip: 10.1.0.40, host: fv-az395-928.zfmzfyrfkyou3ow0tsr0jxwq1e.bx.internal.cloudapp.net, ports: [REPLICATION=43485, RATIS=42425, RATIS_ADMIN=42425, RATIS_SERVER=42425, STANDALONE=43657], networkLocation: /default-rack, certSerialId: null, persistedOpState: IN_SERVICE, persistedOpStateExpiryEpochSec: 0}6a5da269-5de5-4ce6-bed8-3e0ba1f522b3{ip: 10.1.0.40, host: fv-az395-928.zfmzfyrfkyou3ow0tsr0jxwq1e.bx.internal.cloudapp.net, ports: [REPLICATION=43457, RATIS=38319, RATIS_ADMIN=38319, RATIS_SERVER=38319, STANDALONE=39893], networkLocation: /default-rack, certSerialId: null, persistedOpState: IN_SERVICE, persistedOpStateExpiryEpochSec: 0}bb0cca69-238a-4190-9ea7-d53ce9a05415{ip: 10.1.0.40, host: fv-az395-928.zfmzfyrfkyou3ow0tsr0jxwq1e.bx.internal.cloudapp.net, ports: [REPLICATION=45167, RATIS=36611, RATIS_ADMIN=36611, RATIS_SERVER=36611, STANDALONE=36759], networkLocation: /default-rack, certSerialId: null, persistedOpState: IN_SERVICE, persistedOpStateExpiryEpochSec: 0}, ReplicationConfig: RATIS/THREE, State:ALLOCATED, leaderId:, CreationTimestamp2021-08-03T19:54:56.562Z[Etc/UTC]].
2021-08-03 19:54:58,370 [Command processor thread] INFO  server.RaftServer (RaftServerProxy.java:addNew(95)) - 6a5da269-5de5-4ce6-bed8-3e0ba1f522b3: addNew group-DE64E7AB3C8E:[6a5da269-5de5-4ce6-bed8-3e0ba1f522b3|rpc:10.1.0.40:38319|priority:0, bb0cca69-238a-4190-9ea7-d53ce9a05415|rpc:10.1.0.40:36611|priority:1, ef9af82c-3c22-4c1a-80c4-d53046706192|rpc:10.1.0.40:42425|priority:0] returns group-DE64E7AB3C8E:java.util.concurrent.CompletableFuture@38dc1118[Not completed]
2021-08-03 19:54:58,372 [pool-126-thread-1] INFO  server.RaftServer$Division (RaftServerImpl.java:<init>(181)) - 6a5da269-5de5-4ce6-bed8-3e0ba1f522b3: new RaftServerImpl for group-DE64E7AB3C8E:[6a5da269-5de5-4ce6-bed8-3e0ba1f522b3|rpc:10.1.0.40:38319|priority:0, bb0cca69-238a-4190-9ea7-d53ce9a05415|rpc:10.1.0.40:36611|priority:1, ef9af82c-3c22-4c1a-80c4-d53046706192|rpc:10.1.0.40:42425|priority:0] with ContainerStateMachine:uninitialized
2021-08-03 19:54:58,372 [pool-126-thread-1] INFO  server.RaftServerConfigKeys (ConfUtils.java:logGet(44)) - raft.server.rpc.timeout.min = 5s (custom)
2021-08-03 19:54:58,372 [pool-126-thread-1] INFO  server.RaftServerConfigKeys (ConfUtils.java:logGet(44)) - raft.server.rpc.timeout.max = 5200ms (custom)
2021-08-03 19:54:58,372 [pool-126-thread-1] INFO  server.RaftServerConfigKeys (ConfUtils.java:logGet(44)) - raft.server.rpc.sleep.time = 25ms (default)
2021-08-03 19:54:58,372 [pool-126-thread-1] INFO  server.RaftServerConfigKeys (ConfUtils.java:logGet(44)) - raft.server.rpc.slowness.timeout = 300s (custom)
2021-08-03 19:54:58,372 [pool-126-thread-1] INFO  server.RaftServerConfigKeys (ConfUtils.java:logGet(44)) - raft.server.leaderelection.leader.step-down.wait-time = 10s (default)
2021-08-03 19:54:58,372 [pool-126-thread-1] INFO  server.RaftServerConfigKeys (ConfUtils.java:logGet(44)) - raft.server.sleep.deviation.threshold = 300ms (default)
2021-08-03 19:54:58,372 [pool-126-thread-1] INFO  server.RaftServerConfigKeys (ConfUtils.java:logGet(44)) - raft.server.log.appender.install.snapshot.enabled = false (custom)
2021-08-03 19:54:58,372 [pool-126-thread-1] INFO  server.RaftServer$Division (ServerState.java:<init>(105)) - 6a5da269-5de5-4ce6-bed8-3e0ba1f522b3@group-DE64E7AB3C8E: ConfigurationManager, init=-1: [6a5da269-5de5-4ce6-bed8-3e0ba1f522b3|rpc:10.1.0.40:38319|priority:0, bb0cca69-238a-4190-9ea7-d53ce9a05415|rpc:10.1.0.40:36611|priority:1, ef9af82c-3c22-4c1a-80c4-d53046706192|rpc:10.1.0.40:42425|priority:0], old=null, confs=<EMPTY_MAP>
2021-08-03 19:54:58,372 [pool-126-thread-1] INFO  server.RaftServerConfigKeys (ConfUtils.java:logGet(44)) - raft.server.storage.dir = [/home/runner/work/ozone/ozone/mnt/ozone/hadoop-ozone/integration-test/target/test-dir/MiniOzoneClusterImpl-29d3cb00-9776-42f4-a7ce-c6b30411a1f9/datanode-4/data/ratis] (custom)
2021-08-03 19:54:58,373 [pool-126-thread-1] INFO  server.RaftServerConfigKeys (ConfUtils.java:logGet(44)) - raft.server.log.corruption.policy = EXCEPTION (default)
2021-08-03 19:54:58,373 [pool-126-thread-1] INFO  server.RaftServerConfigKeys (ConfUtils.java:logGet(44)) - raft.server.storage.free-space.min = 0MB (=0) (default)
2021-08-03 19:54:58,373 [pool-126-thread-1] INFO  storage.RaftStorageDirectory (RaftStorageDirectoryImpl.java:analyzeStorage(135)) - The storage directory /home/runner/work/ozone/ozone/mnt/ozone/hadoop-ozone/integration-test/target/test-dir/MiniOzoneClusterImpl-29d3cb00-9776-42f4-a7ce-c6b30411a1f9/datanode-4/data/ratis/7c5e2acc-eb37-40d7-bb71-de64e7ab3c8e does not exist. Creating ...
2021-08-03 19:54:58,374 [pool-126-thread-1] INFO  storage.RaftStorageDirectory (RaftStorageDirectoryImpl.java:tryLock(230)) - Lock on /home/runner/work/ozone/ozone/mnt/ozone/hadoop-ozone/integration-test/target/test-dir/MiniOzoneClusterImpl-29d3cb00-9776-42f4-a7ce-c6b30411a1f9/datanode-4/data/ratis/7c5e2acc-eb37-40d7-bb71-de64e7ab3c8e/in_use.lock acquired by nodename 32029@fv-az395-928
2021-08-03 19:54:58,375 [pool-126-thread-1] INFO  storage.RaftStorage (RaftStorageImpl.java:format(89)) - Storage directory /home/runner/work/ozone/ozone/mnt/ozone/hadoop-ozone/integration-test/target/test-dir/MiniOzoneClusterImpl-29d3cb00-9776-42f4-a7ce-c6b30411a1f9/datanode-4/data/ratis/7c5e2acc-eb37-40d7-bb71-de64e7ab3c8e has been successfully formatted.
2021-08-03 19:54:58,376 [pool-126-thread-1] INFO  ratis.ContainerStateMachine (ContainerStateMachine.java:loadSnapshot(223)) - group-DE64E7AB3C8E: The snapshot info is null. Setting the last applied indexto:(t:0, i:~)
2021-08-03 19:54:58,376 [Datanode State Machine Thread - 0] WARN  statemachine.StateContext (StateContext.java:execute(621)) - No available thread in pool for past 1 seconds.
2021-08-03 19:54:58,376 [pool-126-thread-1] INFO  server.RaftServerConfigKeys (ConfUtils.java:logGet(44)) - raft.server.notification.no-leader.timeout = 300s (custom)
2021-08-03 19:54:58,376 [pool-126-thread-1] INFO  server.RaftServerConfigKeys (ConfUtils.java:logGet(44)) - raft.server.log.use.memory = false (default)
2021-08-03 19:54:58,376 [pool-126-thread-1] INFO  server.RaftServerConfigKeys (ConfUtils.java:logGet(44)) - raft.server.log.purge.gap = 1000000 (custom)
2021-08-03 19:54:58,376 [pool-126-thread-1] INFO  server.RaftServerConfigKeys (ConfUtils.java:logGet(44)) - raft.server.log.appender.buffer.byte-limit = 33554432 (custom)
2021-08-03 19:54:58,376 [pool-126-thread-1] INFO  server.RaftServerConfigKeys (ConfUtils.java:logGet(44)) - raft.server.log.segment.size.max = 1048576 (custom)
2021-08-03 19:54:58,377 [pool-126-thread-1] INFO  server.RaftServerConfigKeys (ConfUtils.java:logGet(44)) - raft.server.log.segment.cache.num.max = 2 (custom)
2021-08-03 19:54:58,377 [pool-126-thread-1] INFO  server.RaftServerConfigKeys (ConfUtils.java:logGet(44)) - raft.server.log.segment.cache.size.max = 200MB (=209715200) (default)
2021-08-03 19:54:58,377 [pool-126-thread-1] INFO  segmented.SegmentedRaftLogWorker (SegmentedRaftLogWorker.java:<init>(182)) - new 6a5da269-5de5-4ce6-bed8-3e0ba1f522b3@group-DE64E7AB3C8E-SegmentedRaftLogWorker for RaftStorageImpl:Storage Directory /home/runner/work/ozone/ozone/mnt/ozone/hadoop-ozone/integration-test/target/test-dir/MiniOzoneClusterImpl-29d3cb00-9776-42f4-a7ce-c6b30411a1f9/datanode-4/data/ratis/7c5e2acc-eb37-40d7-bb71-de64e7ab3c8e
2021-08-03 19:54:58,377 [pool-126-thread-1] INFO  server.RaftServerConfigKeys (ConfUtils.java:logGet(44)) - raft.server.log.queue.byte-limit = 2147483647 (custom)
2021-08-03 19:54:58,377 [pool-126-thread-1] INFO  server.RaftServerConfigKeys (ConfUtils.java:logGet(44)) - raft.server.log.queue.element-limit = 1024 (custom)
2021-08-03 19:54:58,378 [pool-126-thread-1] INFO  server.RaftServerConfigKeys (ConfUtils.java:logGet(44)) - raft.server.log.segment.size.max = 1048576 (custom)
2021-08-03 19:54:58,378 [pool-126-thread-1] INFO  server.RaftServerConfigKeys (ConfUtils.java:logGet(44)) - raft.server.log.preallocated.size = 16384 (custom)
2021-08-03 19:54:58,378 [pool-126-thread-1] INFO  server.RaftServerConfigKeys (ConfUtils.java:logGet(44)) - raft.server.log.force.sync.num = 128 (default)
2021-08-03 19:54:58,378 [pool-126-thread-1] INFO  server.RaftServerConfigKeys (ConfUtils.java:logGet(44)) - raft.server.log.statemachine.data.sync = true (default)
2021-08-03 19:54:58,378 [pool-126-thread-1] INFO  server.RaftServerConfigKeys (ConfUtils.java:logGet(44)) - raft.server.log.statemachine.data.sync.timeout = 10s (default)
2021-08-03 19:54:58,378 [pool-126-thread-1] INFO  server.RaftServerConfigKeys (ConfUtils.java:logGet(44)) - raft.server.log.statemachine.data.sync.timeout.retry = -1 (default)
2021-08-03 19:54:58,378 [pool-126-thread-1] INFO  server.RaftServerConfigKeys (ConfUtils.java:logGet(44)) - raft.server.log.write.buffer.size = 1048576 (custom)
2021-08-03 19:54:58,379 [pool-126-thread-1] INFO  server.RaftServerConfigKeys (ConfUtils.java:logGet(44)) - raft.server.log.statemachine.data.caching.enabled = true (custom)
2021-08-03 19:54:58,379 [pool-126-thread-1] INFO  segmented.SegmentedRaftLogWorker (SegmentedRaftLogWorker.java:lambda$new$0(133)) - 6a5da269-5de5-4ce6-bed8-3e0ba1f522b3@group-DE64E7AB3C8E-SegmentedRaftLogWorker: flushIndex: setUnconditionally 0 -> -1
2021-08-03 19:54:58,379 [pool-126-thread-1] INFO  segmented.SegmentedRaftLogWorker (SegmentedRaftLogWorker.java:lambda$new$0(133)) - 6a5da269-5de5-4ce6-bed8-3e0ba1f522b3@group-DE64E7AB3C8E-SegmentedRaftLogWorker: safeCacheEvictIndex: setUnconditionally 0 -> -1
2021-08-03 19:54:58,379 [pool-126-thread-1] INFO  server.RaftServerConfigKeys (ConfUtils.java:logGet(44)) - raft.server.snapshot.auto.trigger.enabled = true (custom)
2021-08-03 19:54:58,379 [pool-126-thread-1] INFO  server.RaftServerConfigKeys (ConfUtils.java:logGet(44)) - raft.server.snapshot.auto.trigger.threshold = 10000 (custom)
2021-08-03 19:54:58,379 [pool-126-thread-1] INFO  server.RaftServerConfigKeys (ConfUtils.java:logGet(44)) - raft.server.snapshot.retention.file.num = 5 (custom)
2021-08-03 19:54:58,379 [pool-126-thread-1] INFO  server.RaftServerConfigKeys (ConfUtils.java:logGet(44)) - raft.server.log.purge.upto.snapshot.index = false (default)
2021-08-03 19:54:58,379 [pool-126-thread-1] INFO  server.RaftServerConfigKeys (ConfUtils.java:logGet(44)) - raft.server.retrycache.expirytime = 600000ms (custom)
2021-08-03 19:54:58,380 [pool-126-thread-1] INFO  server.RaftServerConfigKeys (ConfUtils.java:logGet(44)) - raft.server.retrycache.statistics.expirytime = 100μs (default)
2021-08-03 19:54:58,380 [pool-126-thread-1] INFO  server.RaftServer$Division (RaftServerImpl.java:start(296)) - 6a5da269-5de5-4ce6-bed8-3e0ba1f522b3@group-DE64E7AB3C8E: start as a follower, conf=-1: [6a5da269-5de5-4ce6-bed8-3e0ba1f522b3|rpc:10.1.0.40:38319|priority:0, bb0cca69-238a-4190-9ea7-d53ce9a05415|rpc:10.1.0.40:36611|priority:1, ef9af82c-3c22-4c1a-80c4-d53046706192|rpc:10.1.0.40:42425|priority:0], old=null
2021-08-03 19:54:58,380 [pool-126-thread-1] INFO  server.RaftServer$Division (RaftServerImpl.java:setRole(285)) - 6a5da269-5de5-4ce6-bed8-3e0ba1f522b3@group-DE64E7AB3C8E: changes role from      null to FOLLOWER at term 0 for startAsFollower
2021-08-03 19:54:58,380 [pool-126-thread-1] INFO  impl.RoleInfo (RoleInfo.java:updateAndGet(130)) - 6a5da269-5de5-4ce6-bed8-3e0ba1f522b3: start 6a5da269-5de5-4ce6-bed8-3e0ba1f522b3@group-DE64E7AB3C8E-FollowerState
2021-08-03 19:54:58,389 [pool-126-thread-1] INFO  util.JmxRegister (JmxRegister.java:tryRegister(44)) - Successfully registered JMX Bean with object name Ratis:service=RaftServer,group=group-DE64E7AB3C8E,id=6a5da269-5de5-4ce6-bed8-3e0ba1f522b3
2021-08-03 19:54:58,390 [Command processor thread] INFO  ratis.XceiverServerRatis (XceiverServerRatis.java:addGroup(759)) - Created group PipelineID=7c5e2acc-eb37-40d7-bb71-de64e7ab3c8e
2021-08-03 19:54:58,399 [grpc-default-executor-0] INFO  server.RaftServer (RaftServerProxy.java:addNew(95)) - ef9af82c-3c22-4c1a-80c4-d53046706192: addNew group-DE64E7AB3C8E:[6a5da269-5de5-4ce6-bed8-3e0ba1f522b3|rpc:10.1.0.40:38319|dataStream:|priority:0, bb0cca69-238a-4190-9ea7-d53ce9a05415|rpc:10.1.0.40:36611|dataStream:|priority:1, ef9af82c-3c22-4c1a-80c4-d53046706192|rpc:10.1.0.40:42425|dataStream:|priority:0] returns group-DE64E7AB3C8E:java.util.concurrent.CompletableFuture@13fffff0[Not completed]
2021-08-03 19:54:58,400 [pool-108-thread-1] INFO  server.RaftServer$Division (RaftServerImpl.java:<init>(181)) - ef9af82c-3c22-4c1a-80c4-d53046706192: new RaftServerImpl for group-DE64E7AB3C8E:[6a5da269-5de5-4ce6-bed8-3e0ba1f522b3|rpc:10.1.0.40:38319|dataStream:|priority:0, bb0cca69-238a-4190-9ea7-d53ce9a05415|rpc:10.1.0.40:36611|dataStream:|priority:1, ef9af82c-3c22-4c1a-80c4-d53046706192|rpc:10.1.0.40:42425|dataStream:|priority:0] with ContainerStateMachine:uninitialized
2021-08-03 19:54:58,400 [pool-108-thread-1] INFO  server.RaftServerConfigKeys (ConfUtils.java:logGet(44)) - raft.server.rpc.timeout.min = 5s (custom)
2021-08-03 19:54:58,400 [pool-108-thread-1] INFO  server.RaftServerConfigKeys (ConfUtils.java:logGet(44)) - raft.server.rpc.timeout.max = 5200ms (custom)
2021-08-03 19:54:58,400 [pool-108-thread-1] INFO  server.RaftServerConfigKeys (ConfUtils.java:logGet(44)) - raft.server.rpc.sleep.time = 25ms (default)
2021-08-03 19:54:58,400 [pool-108-thread-1] INFO  server.RaftServerConfigKeys (ConfUtils.java:logGet(44)) - raft.server.rpc.slowness.timeout = 300s (custom)
2021-08-03 19:54:58,400 [pool-108-thread-1] INFO  server.RaftServerConfigKeys (ConfUtils.java:logGet(44)) - raft.server.leaderelection.leader.step-down.wait-time = 10s (default)
2021-08-03 19:54:58,400 [pool-108-thread-1] INFO  server.RaftServerConfigKeys (ConfUtils.java:logGet(44)) - raft.server.sleep.deviation.threshold = 300ms (default)
2021-08-03 19:54:58,400 [pool-108-thread-1] INFO  server.RaftServerConfigKeys (ConfUtils.java:logGet(44)) - raft.server.log.appender.install.snapshot.enabled = false (custom)
2021-08-03 19:54:58,400 [pool-108-thread-1] INFO  server.RaftServer$Division (ServerState.java:<init>(105)) - ef9af82c-3c22-4c1a-80c4-d53046706192@group-DE64E7AB3C8E: ConfigurationManager, init=-1: [6a5da269-5de5-4ce6-bed8-3e0ba1f522b3|rpc:10.1.0.40:38319|dataStream:|priority:0, bb0cca69-238a-4190-9ea7-d53ce9a05415|rpc:10.1.0.40:36611|dataStream:|priority:1, ef9af82c-3c22-4c1a-80c4-d53046706192|rpc:10.1.0.40:42425|dataStream:|priority:0], old=null, confs=<EMPTY_MAP>
2021-08-03 19:54:58,401 [pool-108-thread-1] INFO  server.RaftServerConfigKeys (ConfUtils.java:logGet(44)) - raft.server.storage.dir = [/home/runner/work/ozone/ozone/mnt/ozone/hadoop-ozone/integration-test/target/test-dir/MiniOzoneClusterImpl-29d3cb00-9776-42f4-a7ce-c6b30411a1f9/datanode-3/data/ratis] (custom)
2021-08-03 19:54:58,401 [pool-108-thread-1] INFO  server.RaftServerConfigKeys (ConfUtils.java:logGet(44)) - raft.server.log.corruption.policy = EXCEPTION (default)
2021-08-03 19:54:58,401 [pool-108-thread-1] INFO  server.RaftServerConfigKeys (ConfUtils.java:logGet(44)) - raft.server.storage.free-space.min = 0MB (=0) (default)
2021-08-03 19:54:58,401 [pool-108-thread-1] INFO  storage.RaftStorageDirectory (RaftStorageDirectoryImpl.java:analyzeStorage(135)) - The storage directory /home/runner/work/ozone/ozone/mnt/ozone/hadoop-ozone/integration-test/target/test-dir/MiniOzoneClusterImpl-29d3cb00-9776-42f4-a7ce-c6b30411a1f9/datanode-3/data/ratis/7c5e2acc-eb37-40d7-bb71-de64e7ab3c8e does not exist. Creating ...
2021-08-03 19:54:58,402 [pool-108-thread-1] INFO  storage.RaftStorageDirectory (RaftStorageDirectoryImpl.java:tryLock(230)) - Lock on /home/runner/work/ozone/ozone/mnt/ozone/hadoop-ozone/integration-test/target/test-dir/MiniOzoneClusterImpl-29d3cb00-9776-42f4-a7ce-c6b30411a1f9/datanode-3/data/ratis/7c5e2acc-eb37-40d7-bb71-de64e7ab3c8e/in_use.lock acquired by nodename 32029@fv-az395-928
2021-08-03 19:54:58,403 [pool-108-thread-1] INFO  storage.RaftStorage (RaftStorageImpl.java:format(89)) - Storage directory /home/runner/work/ozone/ozone/mnt/ozone/hadoop-ozone/integration-test/target/test-dir/MiniOzoneClusterImpl-29d3cb00-9776-42f4-a7ce-c6b30411a1f9/datanode-3/data/ratis/7c5e2acc-eb37-40d7-bb71-de64e7ab3c8e has been successfully formatted.
2021-08-03 19:54:58,403 [pool-108-thread-1] INFO  ratis.ContainerStateMachine (ContainerStateMachine.java:loadSnapshot(223)) - group-DE64E7AB3C8E: The snapshot info is null. Setting the last applied indexto:(t:0, i:~)
2021-08-03 19:54:58,403 [Datanode State Machine Thread - 0] WARN  statemachine.StateContext (StateContext.java:execute(621)) - No available thread in pool for past 1 seconds.
2021-08-03 19:54:58,403 [pool-108-thread-1] INFO  server.RaftServerConfigKeys (ConfUtils.java:logGet(44)) - raft.server.notification.no-leader.timeout = 300s (custom)
2021-08-03 19:54:58,403 [pool-108-thread-1] INFO  server.RaftServerConfigKeys (ConfUtils.java:logGet(44)) - raft.server.log.use.memory = false (default)
2021-08-03 19:54:58,404 [pool-108-thread-1] INFO  server.RaftServerConfigKeys (ConfUtils.java:logGet(44)) - raft.server.log.purge.gap = 1000000 (custom)
2021-08-03 19:54:58,404 [pool-108-thread-1] INFO  server.RaftServerConfigKeys (ConfUtils.java:logGet(44)) - raft.server.log.appender.buffer.byte-limit = 33554432 (custom)
2021-08-03 19:54:58,404 [pool-108-thread-1] INFO  server.RaftServerConfigKeys (ConfUtils.java:logGet(44)) - raft.server.log.segment.size.max = 1048576 (custom)
2021-08-03 19:54:58,404 [pool-108-thread-1] INFO  server.RaftServerConfigKeys (ConfUtils.java:logGet(44)) - raft.server.log.segment.cache.num.max = 2 (custom)
2021-08-03 19:54:58,404 [pool-108-thread-1] INFO  server.RaftServerConfigKeys (ConfUtils.java:logGet(44)) - raft.server.log.segment.cache.size.max = 200MB (=209715200) (default)
2021-08-03 19:54:58,404 [pool-108-thread-1] INFO  segmented.SegmentedRaftLogWorker (SegmentedRaftLogWorker.java:<init>(182)) - new ef9af82c-3c22-4c1a-80c4-d53046706192@group-DE64E7AB3C8E-SegmentedRaftLogWorker for RaftStorageImpl:Storage Directory /home/runner/work/ozone/ozone/mnt/ozone/hadoop-ozone/integration-test/target/test-dir/MiniOzoneClusterImpl-29d3cb00-9776-42f4-a7ce-c6b30411a1f9/datanode-3/data/ratis/7c5e2acc-eb37-40d7-bb71-de64e7ab3c8e
2021-08-03 19:54:58,404 [pool-108-thread-1] INFO  server.RaftServerConfigKeys (ConfUtils.java:logGet(44)) - raft.server.log.queue.byte-limit = 2147483647 (custom)
2021-08-03 19:54:58,404 [pool-108-thread-1] INFO  server.RaftServerConfigKeys (ConfUtils.java:logGet(44)) - raft.server.log.queue.element-limit = 1024 (custom)
2021-08-03 19:54:58,404 [pool-108-thread-1] INFO  server.RaftServerConfigKeys (ConfUtils.java:logGet(44)) - raft.server.log.segment.size.max = 1048576 (custom)
2021-08-03 19:54:58,405 [pool-108-thread-1] INFO  server.RaftServerConfigKeys (ConfUtils.java:logGet(44)) - raft.server.log.preallocated.size = 16384 (custom)
2021-08-03 19:54:58,405 [pool-108-thread-1] INFO  server.RaftServerConfigKeys (ConfUtils.java:logGet(44)) - raft.server.log.force.sync.num = 128 (default)
2021-08-03 19:54:58,405 [pool-108-thread-1] INFO  server.RaftServerConfigKeys (ConfUtils.java:logGet(44)) - raft.server.log.statemachine.data.sync = true (default)
2021-08-03 19:54:58,405 [pool-108-thread-1] INFO  server.RaftServerConfigKeys (ConfUtils.java:logGet(44)) - raft.server.log.statemachine.data.sync.timeout = 10s (default)
2021-08-03 19:54:58,405 [pool-108-thread-1] INFO  server.RaftServerConfigKeys (ConfUtils.java:logGet(44)) - raft.server.log.statemachine.data.sync.timeout.retry = -1 (default)
2021-08-03 19:54:58,405 [pool-108-thread-1] INFO  server.RaftServerConfigKeys (ConfUtils.java:logGet(44)) - raft.server.log.write.buffer.size = 1048576 (custom)
2021-08-03 19:54:58,406 [pool-108-thread-1] INFO  server.RaftServerConfigKeys (ConfUtils.java:logGet(44)) - raft.server.log.statemachine.data.caching.enabled = true (custom)
2021-08-03 19:54:58,406 [pool-108-thread-1] INFO  segmented.SegmentedRaftLogWorker (SegmentedRaftLogWorker.java:lambda$new$0(133)) - ef9af82c-3c22-4c1a-80c4-d53046706192@group-DE64E7AB3C8E-SegmentedRaftLogWorker: flushIndex: setUnconditionally 0 -> -1
2021-08-03 19:54:58,406 [pool-108-thread-1] INFO  segmented.SegmentedRaftLogWorker (SegmentedRaftLogWorker.java:lambda$new$0(133)) - ef9af82c-3c22-4c1a-80c4-d53046706192@group-DE64E7AB3C8E-SegmentedRaftLogWorker: safeCacheEvictIndex: setUnconditionally 0 -> -1
2021-08-03 19:54:58,409 [pool-108-thread-1] INFO  server.RaftServerConfigKeys (ConfUtils.java:logGet(44)) - raft.server.snapshot.auto.trigger.enabled = true (custom)
2021-08-03 19:54:58,409 [pool-108-thread-1] INFO  server.RaftServerConfigKeys (ConfUtils.java:logGet(44)) - raft.server.snapshot.auto.trigger.threshold = 10000 (custom)
2021-08-03 19:54:58,409 [pool-108-thread-1] INFO  server.RaftServerConfigKeys (ConfUtils.java:logGet(44)) - raft.server.snapshot.retention.file.num = 5 (custom)
2021-08-03 19:54:58,409 [pool-108-thread-1] INFO  server.RaftServerConfigKeys (ConfUtils.java:logGet(44)) - raft.server.log.purge.upto.snapshot.index = false (default)
2021-08-03 19:54:58,409 [pool-108-thread-1] INFO  server.RaftServerConfigKeys (ConfUtils.java:logGet(44)) - raft.server.retrycache.expirytime = 600000ms (custom)
2021-08-03 19:54:58,409 [pool-108-thread-1] INFO  server.RaftServerConfigKeys (ConfUtils.java:logGet(44)) - raft.server.retrycache.statistics.expirytime = 100μs (default)
2021-08-03 19:54:58,410 [pool-108-thread-1] INFO  server.RaftServer$Division (RaftServerImpl.java:start(296)) - ef9af82c-3c22-4c1a-80c4-d53046706192@group-DE64E7AB3C8E: start as a follower, conf=-1: [6a5da269-5de5-4ce6-bed8-3e0ba1f522b3|rpc:10.1.0.40:38319|dataStream:|priority:0, bb0cca69-238a-4190-9ea7-d53ce9a05415|rpc:10.1.0.40:36611|dataStream:|priority:1, ef9af82c-3c22-4c1a-80c4-d53046706192|rpc:10.1.0.40:42425|dataStream:|priority:0], old=null
2021-08-03 19:54:58,410 [pool-108-thread-1] INFO  server.RaftServer$Division (RaftServerImpl.java:setRole(285)) - ef9af82c-3c22-4c1a-80c4-d53046706192@group-DE64E7AB3C8E: changes role from      null to FOLLOWER at term 0 for startAsFollower
2021-08-03 19:54:58,410 [pool-108-thread-1] INFO  impl.RoleInfo (RoleInfo.java:updateAndGet(130)) - ef9af82c-3c22-4c1a-80c4-d53046706192: start ef9af82c-3c22-4c1a-80c4-d53046706192@group-DE64E7AB3C8E-FollowerState
2021-08-03 19:54:58,411 [pool-108-thread-1] INFO  util.JmxRegister (JmxRegister.java:tryRegister(44)) - Successfully registered JMX Bean with object name Ratis:service=RaftServer,group=group-DE64E7AB3C8E,id=ef9af82c-3c22-4c1a-80c4-d53046706192
2021-08-03 19:54:58,421 [grpc-default-executor-0] INFO  server.RaftServer (RaftServerProxy.java:addNew(95)) - bb0cca69-238a-4190-9ea7-d53ce9a05415: addNew group-DE64E7AB3C8E:[6a5da269-5de5-4ce6-bed8-3e0ba1f522b3|rpc:10.1.0.40:38319|dataStream:|priority:0, bb0cca69-238a-4190-9ea7-d53ce9a05415|rpc:10.1.0.40:36611|dataStream:|priority:1, ef9af82c-3c22-4c1a-80c4-d53046706192|rpc:10.1.0.40:42425|dataStream:|priority:0] returns group-DE64E7AB3C8E:java.util.concurrent.CompletableFuture@4e446335[Not completed]
2021-08-03 19:54:58,422 [pool-90-thread-1] INFO  server.RaftServer$Division (RaftServerImpl.java:<init>(181)) - bb0cca69-238a-4190-9ea7-d53ce9a05415: new RaftServerImpl for group-DE64E7AB3C8E:[6a5da269-5de5-4ce6-bed8-3e0ba1f522b3|rpc:10.1.0.40:38319|dataStream:|priority:0, bb0cca69-238a-4190-9ea7-d53ce9a05415|rpc:10.1.0.40:36611|dataStream:|priority:1, ef9af82c-3c22-4c1a-80c4-d53046706192|rpc:10.1.0.40:42425|dataStream:|priority:0] with ContainerStateMachine:uninitialized
2021-08-03 19:54:58,422 [pool-90-thread-1] INFO  server.RaftServerConfigKeys (ConfUtils.java:logGet(44)) - raft.server.rpc.timeout.min = 5s (custom)
2021-08-03 19:54:58,422 [pool-90-thread-1] INFO  server.RaftServerConfigKeys (ConfUtils.java:logGet(44)) - raft.server.rpc.timeout.max = 5200ms (custom)
2021-08-03 19:54:58,422 [pool-90-thread-1] INFO  server.RaftServerConfigKeys (ConfUtils.java:logGet(44)) - raft.server.rpc.sleep.time = 25ms (default)
2021-08-03 19:54:58,422 [pool-90-thread-1] INFO  server.RaftServerConfigKeys (ConfUtils.java:logGet(44)) - raft.server.rpc.slowness.timeout = 300s (custom)
2021-08-03 19:54:58,422 [pool-90-thread-1] INFO  server.RaftServerConfigKeys (ConfUtils.java:logGet(44)) - raft.server.leaderelection.leader.step-down.wait-time = 10s (default)
2021-08-03 19:54:58,422 [pool-90-thread-1] INFO  server.RaftServerConfigKeys (ConfUtils.java:logGet(44)) - raft.server.sleep.deviation.threshold = 300ms (default)
2021-08-03 19:54:58,422 [pool-90-thread-1] INFO  server.RaftServerConfigKeys (ConfUtils.java:logGet(44)) - raft.server.log.appender.install.snapshot.enabled = false (custom)
2021-08-03 19:54:58,422 [pool-90-thread-1] INFO  server.RaftServer$Division (ServerState.java:<init>(105)) - bb0cca69-238a-4190-9ea7-d53ce9a05415@group-DE64E7AB3C8E: ConfigurationManager, init=-1: [6a5da269-5de5-4ce6-bed8-3e0ba1f522b3|rpc:10.1.0.40:38319|dataStream:|priority:0, bb0cca69-238a-4190-9ea7-d53ce9a05415|rpc:10.1.0.40:36611|dataStream:|priority:1, ef9af82c-3c22-4c1a-80c4-d53046706192|rpc:10.1.0.40:42425|dataStream:|priority:0], old=null, confs=<EMPTY_MAP>
2021-08-03 19:54:58,422 [pool-90-thread-1] INFO  server.RaftServerConfigKeys (ConfUtils.java:logGet(44)) - raft.server.storage.dir = [/home/runner/work/ozone/ozone/mnt/ozone/hadoop-ozone/integration-test/target/test-dir/MiniOzoneClusterImpl-29d3cb00-9776-42f4-a7ce-c6b30411a1f9/datanode-2/data/ratis] (custom)
2021-08-03 19:54:58,423 [pool-90-thread-1] INFO  server.RaftServerConfigKeys (ConfUtils.java:logGet(44)) - raft.server.log.corruption.policy = EXCEPTION (default)
2021-08-03 19:54:58,423 [pool-90-thread-1] INFO  server.RaftServerConfigKeys (ConfUtils.java:logGet(44)) - raft.server.storage.free-space.min = 0MB (=0) (default)
2021-08-03 19:54:58,423 [pool-90-thread-1] INFO  storage.RaftStorageDirectory (RaftStorageDirectoryImpl.java:analyzeStorage(135)) - The storage directory /home/runner/work/ozone/ozone/mnt/ozone/hadoop-ozone/integration-test/target/test-dir/MiniOzoneClusterImpl-29d3cb00-9776-42f4-a7ce-c6b30411a1f9/datanode-2/data/ratis/7c5e2acc-eb37-40d7-bb71-de64e7ab3c8e does not exist. Creating ...
2021-08-03 19:54:58,423 [pool-90-thread-1] INFO  storage.RaftStorageDirectory (RaftStorageDirectoryImpl.java:tryLock(230)) - Lock on /home/runner/work/ozone/ozone/mnt/ozone/hadoop-ozone/integration-test/target/test-dir/MiniOzoneClusterImpl-29d3cb00-9776-42f4-a7ce-c6b30411a1f9/datanode-2/data/ratis/7c5e2acc-eb37-40d7-bb71-de64e7ab3c8e/in_use.lock acquired by nodename 32029@fv-az395-928
2021-08-03 19:54:58,424 [pool-90-thread-1] INFO  storage.RaftStorage (RaftStorageImpl.java:format(89)) - Storage directory /home/runner/work/ozone/ozone/mnt/ozone/hadoop-ozone/integration-test/target/test-dir/MiniOzoneClusterImpl-29d3cb00-9776-42f4-a7ce-c6b30411a1f9/datanode-2/data/ratis/7c5e2acc-eb37-40d7-bb71-de64e7ab3c8e has been successfully formatted.
2021-08-03 19:54:58,424 [pool-90-thread-1] INFO  ratis.ContainerStateMachine (ContainerStateMachine.java:loadSnapshot(223)) - group-DE64E7AB3C8E: The snapshot info is null. Setting the last applied indexto:(t:0, i:~)
2021-08-03 19:54:58,425 [Datanode State Machine Thread - 0] WARN  statemachine.StateContext (StateContext.java:execute(621)) - No available thread in pool for past 1 seconds.
2021-08-03 19:54:58,425 [pool-90-thread-1] INFO  server.RaftServerConfigKeys (ConfUtils.java:logGet(44)) - raft.server.notification.no-leader.timeout = 300s (custom)
2021-08-03 19:54:58,425 [pool-90-thread-1] INFO  server.RaftServerConfigKeys (ConfUtils.java:logGet(44)) - raft.server.log.use.memory = false (default)
2021-08-03 19:54:58,425 [pool-90-thread-1] INFO  server.RaftServerConfigKeys (ConfUtils.java:logGet(44)) - raft.server.log.purge.gap = 1000000 (custom)
2021-08-03 19:54:58,425 [pool-90-thread-1] INFO  server.RaftServerConfigKeys (ConfUtils.java:logGet(44)) - raft.server.log.appender.buffer.byte-limit = 33554432 (custom)
2021-08-03 19:54:58,425 [pool-90-thread-1] INFO  server.RaftServerConfigKeys (ConfUtils.java:logGet(44)) - raft.server.log.segment.size.max = 1048576 (custom)
2021-08-03 19:54:58,425 [pool-90-thread-1] INFO  server.RaftServerConfigKeys (ConfUtils.java:logGet(44)) - raft.server.log.segment.cache.num.max = 2 (custom)
2021-08-03 19:54:58,425 [pool-90-thread-1] INFO  server.RaftServerConfigKeys (ConfUtils.java:logGet(44)) - raft.server.log.segment.cache.size.max = 200MB (=209715200) (default)
2021-08-03 19:54:58,425 [pool-90-thread-1] INFO  segmented.SegmentedRaftLogWorker (SegmentedRaftLogWorker.java:<init>(182)) - new bb0cca69-238a-4190-9ea7-d53ce9a05415@group-DE64E7AB3C8E-SegmentedRaftLogWorker for RaftStorageImpl:Storage Directory /home/runner/work/ozone/ozone/mnt/ozone/hadoop-ozone/integration-test/target/test-dir/MiniOzoneClusterImpl-29d3cb00-9776-42f4-a7ce-c6b30411a1f9/datanode-2/data/ratis/7c5e2acc-eb37-40d7-bb71-de64e7ab3c8e
2021-08-03 19:54:58,425 [pool-90-thread-1] INFO  server.RaftServerConfigKeys (ConfUtils.java:logGet(44)) - raft.server.log.queue.byte-limit = 2147483647 (custom)
2021-08-03 19:54:58,425 [pool-90-thread-1] INFO  server.RaftServerConfigKeys (ConfUtils.java:logGet(44)) - raft.server.log.queue.element-limit = 1024 (custom)
2021-08-03 19:54:58,426 [pool-90-thread-1] INFO  server.RaftServerConfigKeys (ConfUtils.java:logGet(44)) - raft.server.log.segment.size.max = 1048576 (custom)
2021-08-03 19:54:58,426 [pool-90-thread-1] INFO  server.RaftServerConfigKeys (ConfUtils.java:logGet(44)) - raft.server.log.preallocated.size = 16384 (custom)
2021-08-03 19:54:58,426 [pool-90-thread-1] INFO  server.RaftServerConfigKeys (ConfUtils.java:logGet(44)) - raft.server.log.force.sync.num = 128 (default)
2021-08-03 19:54:58,426 [pool-90-thread-1] INFO  server.RaftServerConfigKeys (ConfUtils.java:logGet(44)) - raft.server.log.statemachine.data.sync = true (default)
2021-08-03 19:54:58,426 [pool-90-thread-1] INFO  server.RaftServerConfigKeys (ConfUtils.java:logGet(44)) - raft.server.log.statemachine.data.sync.timeout = 10s (default)
2021-08-03 19:54:58,426 [pool-90-thread-1] INFO  server.RaftServerConfigKeys (ConfUtils.java:logGet(44)) - raft.server.log.statemachine.data.sync.timeout.retry = -1 (default)
2021-08-03 19:54:58,426 [pool-90-thread-1] INFO  server.RaftServerConfigKeys (ConfUtils.java:logGet(44)) - raft.server.log.write.buffer.size = 1048576 (custom)
2021-08-03 19:54:58,427 [pool-90-thread-1] INFO  server.RaftServerConfigKeys (ConfUtils.java:logGet(44)) - raft.server.log.statemachine.data.caching.enabled = true (custom)
2021-08-03 19:54:58,427 [pool-90-thread-1] INFO  segmented.SegmentedRaftLogWorker (SegmentedRaftLogWorker.java:lambda$new$0(133)) - bb0cca69-238a-4190-9ea7-d53ce9a05415@group-DE64E7AB3C8E-SegmentedRaftLogWorker: flushIndex: setUnconditionally 0 -> -1
2021-08-03 19:54:58,427 [pool-90-thread-1] INFO  segmented.SegmentedRaftLogWorker (SegmentedRaftLogWorker.java:lambda$new$0(133)) - bb0cca69-238a-4190-9ea7-d53ce9a05415@group-DE64E7AB3C8E-SegmentedRaftLogWorker: safeCacheEvictIndex: setUnconditionally 0 -> -1
2021-08-03 19:54:58,430 [pool-90-thread-1] INFO  server.RaftServerConfigKeys (ConfUtils.java:logGet(44)) - raft.server.snapshot.auto.trigger.enabled = true (custom)
2021-08-03 19:54:58,431 [pool-90-thread-1] INFO  server.RaftServerConfigKeys (ConfUtils.java:logGet(44)) - raft.server.snapshot.auto.trigger.threshold = 10000 (custom)
2021-08-03 19:54:58,431 [pool-90-thread-1] INFO  server.RaftServerConfigKeys (ConfUtils.java:logGet(44)) - raft.server.snapshot.retention.file.num = 5 (custom)
2021-08-03 19:54:58,431 [pool-90-thread-1] INFO  server.RaftServerConfigKeys (ConfUtils.java:logGet(44)) - raft.server.log.purge.upto.snapshot.index = false (default)
2021-08-03 19:54:58,432 [pool-90-thread-1] INFO  server.RaftServerConfigKeys (ConfUtils.java:logGet(44)) - raft.server.retrycache.expirytime = 600000ms (custom)
2021-08-03 19:54:58,432 [pool-90-thread-1] INFO  server.RaftServerConfigKeys (ConfUtils.java:logGet(44)) - raft.server.retrycache.statistics.expirytime = 100μs (default)
2021-08-03 19:54:58,434 [pool-90-thread-1] INFO  server.RaftServer$Division (RaftServerImpl.java:start(296)) - bb0cca69-238a-4190-9ea7-d53ce9a05415@group-DE64E7AB3C8E: start as a follower, conf=-1: [6a5da269-5de5-4ce6-bed8-3e0ba1f522b3|rpc:10.1.0.40:38319|dataStream:|priority:0, bb0cca69-238a-4190-9ea7-d53ce9a05415|rpc:10.1.0.40:36611|dataStream:|priority:1, ef9af82c-3c22-4c1a-80c4-d53046706192|rpc:10.1.0.40:42425|dataStream:|priority:0], old=null
2021-08-03 19:54:58,434 [pool-90-thread-1] INFO  server.RaftServer$Division (RaftServerImpl.java:setRole(285)) - bb0cca69-238a-4190-9ea7-d53ce9a05415@group-DE64E7AB3C8E: changes role from      null to FOLLOWER at term 0 for startAsFollower
2021-08-03 19:54:58,434 [pool-90-thread-1] INFO  impl.RoleInfo (RoleInfo.java:updateAndGet(130)) - bb0cca69-238a-4190-9ea7-d53ce9a05415: start bb0cca69-238a-4190-9ea7-d53ce9a05415@group-DE64E7AB3C8E-FollowerState
2021-08-03 19:54:58,435 [pool-90-thread-1] INFO  util.JmxRegister (JmxRegister.java:tryRegister(44)) - Successfully registered JMX Bean with object name Ratis:service=RaftServer,group=group-DE64E7AB3C8E,id=bb0cca69-238a-4190-9ea7-d53ce9a05415
2021-08-03 19:54:58,443 [Command processor thread] INFO  commandhandler.CreatePipelineCommandHandler (CreatePipelineCommandHandler.java:handle(106)) - Created Pipeline RATIS THREE PipelineID=7c5e2acc-eb37-40d7-bb71-de64e7ab3c8e.
2021-08-03 19:55:03,448 [bb0cca69-238a-4190-9ea7-d53ce9a05415@group-DE64E7AB3C8E-FollowerState] INFO  impl.FollowerState (FollowerState.java:run(134)) - bb0cca69-238a-4190-9ea7-d53ce9a05415@group-DE64E7AB3C8E-FollowerState: change to CANDIDATE, lastRpcElapsedTime:5013634554ns, electionTimeout:5010ms
2021-08-03 19:55:03,448 [bb0cca69-238a-4190-9ea7-d53ce9a05415@group-DE64E7AB3C8E-FollowerState] INFO  impl.RoleInfo (RoleInfo.java:shutdownFollowerState(108)) - bb0cca69-238a-4190-9ea7-d53ce9a05415: shutdown bb0cca69-238a-4190-9ea7-d53ce9a05415@group-DE64E7AB3C8E-FollowerState
2021-08-03 19:55:03,448 [bb0cca69-238a-4190-9ea7-d53ce9a05415@group-DE64E7AB3C8E-FollowerState] INFO  server.RaftServer$Division (RaftServerImpl.java:setRole(285)) - bb0cca69-238a-4190-9ea7-d53ce9a05415@group-DE64E7AB3C8E: changes role from  FOLLOWER to CANDIDATE at term 0 for changeToCandidate
2021-08-03 19:55:03,448 [bb0cca69-238a-4190-9ea7-d53ce9a05415@group-DE64E7AB3C8E-FollowerState] INFO  server.RaftServerConfigKeys (ConfUtils.java:logGet(44)) - raft.server.leaderelection.pre-vote = false (custom)
2021-08-03 19:55:03,448 [bb0cca69-238a-4190-9ea7-d53ce9a05415@group-DE64E7AB3C8E-FollowerState] INFO  impl.RoleInfo (RoleInfo.java:updateAndGet(130)) - bb0cca69-238a-4190-9ea7-d53ce9a05415: start bb0cca69-238a-4190-9ea7-d53ce9a05415@group-DE64E7AB3C8E-LeaderElection13
2021-08-03 19:55:03,453 [bb0cca69-238a-4190-9ea7-d53ce9a05415@group-DE64E7AB3C8E-LeaderElection13] ERROR impl.LeaderElection (LeaderElection.java:run(251)) - bb0cca69-238a-4190-9ea7-d53ce9a05415@group-DE64E7AB3C8E-LeaderElection13: Failed, state=RUNNING
java.io.IOException: No space left on device
	at java.io.FileOutputStream.write(Native Method)
	at java.io.FileOutputStream.write(FileOutputStream.java:290)
	at java.io.FilterOutputStream.write(FilterOutputStream.java:77)
	at java.io.FilterOutputStream.write(FilterOutputStream.java:125)
	at sun.nio.cs.StreamEncoder.writeBytes(StreamEncoder.java:221)
	at sun.nio.cs.StreamEncoder.implFlushBuffer(StreamEncoder.java:291)
	at sun.nio.cs.StreamEncoder.implFlush(StreamEncoder.java:295)
	at sun.nio.cs.StreamEncoder.flush(StreamEncoder.java:141)
	at java.io.OutputStreamWriter.flush(OutputStreamWriter.java:229)
	at java.io.BufferedWriter.flush(BufferedWriter.java:254)
	at java.util.Properties.store0(Properties.java:844)
	at java.util.Properties.store(Properties.java:771)
	at org.apache.ratis.server.storage.RaftStorageMetadataFileImpl.atomicWrite(RaftStorageMetadataFileImpl.java:82)
	at org.apache.ratis.server.storage.RaftStorageMetadataFileImpl.lambda$persist$1(RaftStorageMetadataFileImpl.java:61)
	at org.apache.ratis.util.AtomicUtils.lambda$updateAndGet$0(AtomicUtils.java:73)
	at java.util.concurrent.atomic.AtomicReference.updateAndGet(AtomicReference.java:179)
	at org.apache.ratis.util.AtomicUtils.updateAndGet(AtomicUtils.java:71)
	at org.apache.ratis.server.storage.RaftStorageMetadataFileImpl.persist(RaftStorageMetadataFileImpl.java:60)
	at org.apache.ratis.server.raftlog.segmented.SegmentedRaftLog.persistMetadata(SegmentedRaftLog.java:470)
	at org.apache.ratis.server.impl.ServerState.persistMetadata(ServerState.java:257)
	at org.apache.ratis.server.impl.ServerState.initElection(ServerState.java:249)
	at org.apache.ratis.server.impl.LeaderElection.askForVotes(LeaderElection.java:301)
	at org.apache.ratis.server.impl.LeaderElection.run(LeaderElection.java:237)
	at java.lang.Thread.run(Thread.java:748)
2021-08-03 19:55:03,535 [ef9af82c-3c22-4c1a-80c4-d53046706192@group-DE64E7AB3C8E-FollowerState] INFO  impl.FollowerState (FollowerState.java:run(134)) - ef9af82c-3c22-4c1a-80c4-d53046706192@group-DE64E7AB3C8E-FollowerState: change to CANDIDATE, lastRpcElapsedTime:5125036794ns, electionTimeout:5123ms
2021-08-03 19:55:03,535 [ef9af82c-3c22-4c1a-80c4-d53046706192@group-DE64E7AB3C8E-FollowerState] INFO  impl.RoleInfo (RoleInfo.java:shutdownFollowerState(108)) - ef9af82c-3c22-4c1a-80c4-d53046706192: shutdown ef9af82c-3c22-4c1a-80c4-d53046706192@group-DE64E7AB3C8E-FollowerState
2021-08-03 19:55:03,535 [ef9af82c-3c22-4c1a-80c4-d53046706192@group-DE64E7AB3C8E-FollowerState] INFO  server.RaftServer$Division (RaftServerImpl.java:setRole(285)) - ef9af82c-3c22-4c1a-80c4-d53046706192@group-DE64E7AB3C8E: changes role from  FOLLOWER to CANDIDATE at term 0 for changeToCandidate
2021-08-03 19:55:03,535 [ef9af82c-3c22-4c1a-80c4-d53046706192@group-DE64E7AB3C8E-FollowerState] INFO  server.RaftServerConfigKeys (ConfUtils.java:logGet(44)) - raft.server.leaderelection.pre-vote = false (custom)
2021-08-03 19:55:03,535 [ef9af82c-3c22-4c1a-80c4-d53046706192@group-DE64E7AB3C8E-FollowerState] INFO  impl.RoleInfo (RoleInfo.java:updateAndGet(130)) - ef9af82c-3c22-4c1a-80c4-d53046706192: start ef9af82c-3c22-4c1a-80c4-d53046706192@group-DE64E7AB3C8E-LeaderElection14
2021-08-03 19:55:03,538 [ef9af82c-3c22-4c1a-80c4-d53046706192@group-DE64E7AB3C8E-LeaderElection14] ERROR impl.LeaderElection (LeaderElection.java:run(251)) - ef9af82c-3c22-4c1a-80c4-d53046706192@group-DE64E7AB3C8E-LeaderElection14: Failed, state=RUNNING
java.io.IOException: No space left on device
	at java.io.FileOutputStream.write(Native Method)
	at java.io.FileOutputStream.write(FileOutputStream.java:290)
	at java.io.FilterOutputStream.write(FilterOutputStream.java:77)
	at java.io.FilterOutputStream.write(FilterOutputStream.java:125)
	at sun.nio.cs.StreamEncoder.writeBytes(StreamEncoder.java:221)
	at sun.nio.cs.StreamEncoder.implFlushBuffer(StreamEncoder.java:291)
	at sun.nio.cs.StreamEncoder.implFlush(StreamEncoder.java:295)
	at sun.nio.cs.StreamEncoder.flush(StreamEncoder.java:141)
	at java.io.OutputStreamWriter.flush(OutputStreamWriter.java:229)
	at java.io.BufferedWriter.flush(BufferedWriter.java:254)
	at java.util.Properties.store0(Properties.java:844)
	at java.util.Properties.store(Properties.java:771)
	at org.apache.ratis.server.storage.RaftStorageMetadataFileImpl.atomicWrite(RaftStorageMetadataFileImpl.java:82)
	at org.apache.ratis.server.storage.RaftStorageMetadataFileImpl.lambda$persist$1(RaftStorageMetadataFileImpl.java:61)
	at org.apache.ratis.util.AtomicUtils.lambda$updateAndGet$0(AtomicUtils.java:73)
	at java.util.concurrent.atomic.AtomicReference.updateAndGet(AtomicReference.java:179)
	at org.apache.ratis.util.AtomicUtils.updateAndGet(AtomicUtils.java:71)
	at org.apache.ratis.server.storage.RaftStorageMetadataFileImpl.persist(RaftStorageMetadataFileImpl.java:60)
	at org.apache.ratis.server.raftlog.segmented.SegmentedRaftLog.persistMetadata(SegmentedRaftLog.java:470)
	at org.apache.ratis.server.impl.ServerState.persistMetadata(ServerState.java:257)
	at org.apache.ratis.server.impl.ServerState.initElection(ServerState.java:249)
	at org.apache.ratis.server.impl.LeaderElection.askForVotes(LeaderElection.java:301)
	at org.apache.ratis.server.impl.LeaderElection.run(LeaderElection.java:237)
	at java.lang.Thread.run(Thread.java:748)
2021-08-03 19:55:03,561 [6a5da269-5de5-4ce6-bed8-3e0ba1f522b3@group-DE64E7AB3C8E-FollowerState] INFO  impl.FollowerState (FollowerState.java:run(134)) - 6a5da269-5de5-4ce6-bed8-3e0ba1f522b3@group-DE64E7AB3C8E-FollowerState: change to CANDIDATE, lastRpcElapsedTime:5180102951ns, electionTimeout:5171ms
2021-08-03 19:55:03,561 [6a5da269-5de5-4ce6-bed8-3e0ba1f522b3@group-DE64E7AB3C8E-FollowerState] INFO  impl.RoleInfo (RoleInfo.java:shutdownFollowerState(108)) - 6a5da269-5de5-4ce6-bed8-3e0ba1f522b3: shutdown 6a5da269-5de5-4ce6-bed8-3e0ba1f522b3@group-DE64E7AB3C8E-FollowerState
2021-08-03 19:55:03,561 [6a5da269-5de5-4ce6-bed8-3e0ba1f522b3@group-DE64E7AB3C8E-FollowerState] INFO  server.RaftServer$Division (RaftServerImpl.java:setRole(285)) - 6a5da269-5de5-4ce6-bed8-3e0ba1f522b3@group-DE64E7AB3C8E: changes role from  FOLLOWER to CANDIDATE at term 0 for changeToCandidate
2021-08-03 19:55:03,561 [6a5da269-5de5-4ce6-bed8-3e0ba1f522b3@group-DE64E7AB3C8E-FollowerState] INFO  server.RaftServerConfigKeys (ConfUtils.java:logGet(44)) - raft.server.leaderelection.pre-vote = false (custom)
2021-08-03 19:55:03,561 [6a5da269-5de5-4ce6-bed8-3e0ba1f522b3@group-DE64E7AB3C8E-FollowerState] INFO  impl.RoleInfo (RoleInfo.java:updateAndGet(130)) - 6a5da269-5de5-4ce6-bed8-3e0ba1f522b3: start 6a5da269-5de5-4ce6-bed8-3e0ba1f522b3@group-DE64E7AB3C8E-LeaderElection15
2021-08-03 19:55:03,565 [6a5da269-5de5-4ce6-bed8-3e0ba1f522b3@group-DE64E7AB3C8E-LeaderElection15] ERROR impl.LeaderElection (LeaderElection.java:run(251)) - 6a5da269-5de5-4ce6-bed8-3e0ba1f522b3@group-DE64E7AB3C8E-LeaderElection15: Failed, state=RUNNING
java.io.IOException: No space left on device
	at java.io.FileOutputStream.write(Native Method)
	at java.io.FileOutputStream.write(FileOutputStream.java:290)
	at java.io.FilterOutputStream.write(FilterOutputStream.java:77)
	at java.io.FilterOutputStream.write(FilterOutputStream.java:125)
	at sun.nio.cs.StreamEncoder.writeBytes(StreamEncoder.java:221)
	at sun.nio.cs.StreamEncoder.implFlushBuffer(StreamEncoder.java:291)
	at sun.nio.cs.StreamEncoder.implFlush(StreamEncoder.java:295)
	at sun.nio.cs.StreamEncoder.flush(StreamEncoder.java:141)
	at java.io.OutputStreamWriter.flush(OutputStreamWriter.java:229)
	at java.io.BufferedWriter.flush(BufferedWriter.java:254)
	at java.util.Properties.store0(Properties.java:844)
	at java.util.Properties.store(Properties.java:771)
	at org.apache.ratis.server.storage.RaftStorageMetadataFileImpl.atomicWrite(RaftStorageMetadataFileImpl.java:82)
	at org.apache.ratis.server.storage.RaftStorageMetadataFileImpl.lambda$persist$1(RaftStorageMetadataFileImpl.java:61)
	at org.apache.ratis.util.AtomicUtils.lambda$updateAndGet$0(AtomicUtils.java:73)
	at java.util.concurrent.atomic.AtomicReference.updateAndGet(AtomicReference.java:179)
	at org.apache.ratis.util.AtomicUtils.updateAndGet(AtomicUtils.java:71)
	at org.apache.ratis.server.storage.RaftStorageMetadataFileImpl.persist(RaftStorageMetadataFileImpl.java:60)
	at org.apache.ratis.server.raftlog.segmented.SegmentedRaftLog.persistMetadata(SegmentedRaftLog.java:470)
	at org.apache.ratis.server.impl.ServerState.persistMetadata(ServerState.java:257)
	at org.apache.ratis.server.impl.ServerState.initElection(ServerState.java:249)
	at org.apache.ratis.server.impl.LeaderElection.askForVotes(LeaderElection.java:301)
	at org.apache.ratis.server.impl.LeaderElection.run(LeaderElection.java:237)
	at java.lang.Thread.run(Thread.java:748)
2021-08-03 19:55:56,653 [IPC Server handler 7 on default port 36415] WARN  pipeline.WritableRatisContainerProvider (WritableRatisContainerProvider.java:getContainer(111)) - Pipeline creation failed for repConfig: RATIS/THREE. Retrying get pipelines call once.
java.io.IOException: Pipeline PipelineID=7c5e2acc-eb37-40d7-bb71-de64e7ab3c8e is not ready in 60000 ms
	at org.apache.hadoop.hdds.scm.pipeline.PipelineManagerV2Impl.waitPipelineReady(PipelineManagerV2Impl.java:495)
	at org.apache.hadoop.hdds.scm.pipeline.WritableRatisContainerProvider.getContainer(WritableRatisContainerProvider.java:105)
	at org.apache.hadoop.hdds.scm.pipeline.WritableContainerFactory.getContainer(WritableContainerFactory.java:52)
	at org.apache.hadoop.hdds.scm.block.BlockManagerImpl.allocateBlock(BlockManagerImpl.java:182)
	at org.apache.hadoop.hdds.scm.server.SCMBlockProtocolServer.allocateBlock(SCMBlockProtocolServer.java:194)
	at org.apache.hadoop.hdds.scm.protocol.ScmBlockLocationProtocolServerSideTranslatorPB.allocateScmBlock(ScmBlockLocationProtocolServerSideTranslatorPB.java:180)
	at org.apache.hadoop.hdds.scm.protocol.ScmBlockLocationProtocolServerSideTranslatorPB.processMessage(ScmBlockLocationProtocolServerSideTranslatorPB.java:130)
	at org.apache.hadoop.hdds.server.OzoneProtocolMessageDispatcher.processRequest(OzoneProtocolMessageDispatcher.java:87)
	at org.apache.hadoop.hdds.scm.protocol.ScmBlockLocationProtocolServerSideTranslatorPB.send(ScmBlockLocationProtocolServerSideTranslatorPB.java:112)
	at org.apache.hadoop.hdds.protocol.proto.ScmBlockLocationProtocolProtos$ScmBlockLocationProtocolService$2.callBlockingMethod(ScmBlockLocationProtocolProtos.java:13937)
	at org.apache.hadoop.ipc.ProtobufRpcEngine$Server.processCall(ProtobufRpcEngine.java:466)
	at org.apache.hadoop.ipc.ProtobufRpcEngine2$Server$ProtoBufRpcInvoker.call(ProtobufRpcEngine2.java:574)
	at org.apache.hadoop.ipc.ProtobufRpcEngine2$Server$ProtoBufRpcInvoker.call(ProtobufRpcEngine2.java:552)
	at org.apache.hadoop.ipc.RPC$Server.call(RPC.java:1093)
	at org.apache.hadoop.ipc.Server$RpcCall.run(Server.java:1035)
	at org.apache.hadoop.ipc.Server$RpcCall.run(Server.java:963)
	at java.security.AccessController.doPrivileged(Native Method)
	at javax.security.auth.Subject.doAs(Subject.java:422)
	at org.apache.hadoop.security.UserGroupInformation.doAs(UserGroupInformation.java:1878)
	at org.apache.hadoop.ipc.Server$Handler.run(Server.java:2966)
2021-08-03 19:55:56,653 [IPC Server handler 7 on default port 36415] INFO  pipeline.WritableRatisContainerProvider (WritableRatisContainerProvider.java:getContainer(123)) - Could not find available pipeline of repConfig: RATIS/THREE even after retrying
2021-08-03 19:55:56,653 [IPC Server handler 7 on default port 36415] ERROR pipeline.WritableRatisContainerProvider (WritableRatisContainerProvider.java:getContainer(152)) - Unable to allocate a block for the size: 4194304, repConfig: RATIS/THREE
2021-08-03 19:55:56,653 [IPC Server handler 7 on default port 36415] ERROR block.BlockManagerImpl (BlockManagerImpl.java:allocateBlock(190)) - Unable to allocate a block for the size: 4194304, replicationConfig: RATIS/THREE
]]></system-out>
  </testcase>
</testsuite>